[32m[I 2026-07-18 18:58:00,590][0m Trial 1254 finished with values: [-4.248029274941217e-05, 1.3718190481348813e-06] and parameters: {'k1': 0.041833856821460395, 'D_low': 4.484744524732794, 'k2': 0.0005342937261279771, 'D_high': 3712.591045287733, 'fire_exp': 1.8203621253975995, 'P_half': 33.70998494872883, 'pre_dampen_half': 0.08049089337224259, 'gpp_af': 0.06002934191396867, 'gpp_b': 0.00431329787498825, 'gpp_d': 0.23073846740741236, 'ign_k': 1.0484531351650956, 'ign_c': 30.28574109895626, 'trop_agb_crit': 1.331177446539379, 'trop_k_veg': 4.4644194212034}.[0m
[32m[I 2026-07-18 18:58:01,085][0m Trial 1255 finished with values: [-0.001553129267066371, 0.000431970109490476] and parameters: {'k1': 0.01889771394135163, 'D_low': 4.484744524732794, 'k2': 0.008380768799422988, 'D_high': 3712.591045287733, 'fire_exp': 1.423480109671474, 'P_half': 8417.601502819636, 'pre_dampen_half': 5.1426388628909985, 'gpp_af': 0.01719951378854337, 'gpp_b': 0.0005752434266899163, 'gpp_d': 21.14381609520636, 'ign_k': 1.0484531351650956, 'ign_c': 15.221840161091619, 'trop_agb_crit': 1.331177446539379, 'trop_k_veg': 2.5693274401176227}.[0m
[32m[I 2026-07-18 18:58:01,569][0m Trial 1256 finished with values: [-0.6542368752547512, 0.032216316601117234] and parameters: {'k1': 0.041833856821460395, 'D_low': 70.18267183720735, 'k2': 0.012758211164590085, 'D_high': 2940.51756322311, 'fire_exp': 1.165368636520435, 'P_half': 9.324787201197319, 'pre_dampen_half': 107.40052367919465, 'gpp_af': 0.10409127568994281, 'gpp_b': 0.00431329787498825, 'gpp_d': 8.057329182285729, 'ign_k': 5.351470428717439, 'ign_c': 20.03995359361212, 'trop_agb_crit': 2.2212365258224223, 'trop_k_veg': 4.4644194212034}.[0m
[32m[I 2026-07-18 18:58:02,045][0m Trial 1257 finished with values: [-0.008711640038475675, 0.00015453889646277474] and parameters: {'k1': 0.04541457206426161, 'D_low': 7.46475488144212, 'k2': 0.0005342937261279771, 'D_high': 8182.111518618414, 'fire_exp': 6.234638880169447, 'P_half': 97.0660675687761, 'pre_dampen_half': 0.03751320096826995, 'gpp_af': 0.1476584299248268, 'gpp_b': 0.006906522645653115, 'gpp_d': 64.20268021730274, 'ign_k': 2.396079612430075, 'ign_c': 0.5342106255632174, 'trop_agb_crit': 1.7708319837489073, 'trop_k_veg': 6.9782110227926815}.[0m
[32m[I 2026-07-18 18:58:02,546][0m Trial 1258 finished with values: [-0.0040197275753921366, 0.00068407361723688] and parameters: {'k1': 0.07799059237255677, 'D_low': 70.18267183720735, 'k2': 0.032845299795769396, 'D_high': 3712.591045287733, 'fire_exp': 1.8052196925255906, 'P_half': 97.0660675687761, 'pre_dampen_half': 0.03751320096826995, 'gpp_af': 1.8658340200400267, 'gpp_b': 0.01666658176842624, 'gpp_d': 0.09783362909802892, 'ign_k': 8.708806168038567, 'ign_c': 1.6051347487097574, 'trop_agb_crit': 2.012913102604422, 'trop_k_veg': 6.9782110227926815}.[0m
[32m[I 2026-07-18 18:58:03,029][0m Trial 1259 finished with values: [-0.24159977516055556, 0.012691611505832201] and parameters: {'k1': 0.0018252443731979215, 'D_low': 70.18267183720735, 'k2': 0.012758211164590085, 'D_high': 717.3480907515084, 'fire_exp': 1.450870712623418, 'P_half': 97.0660675687761, 'pre_dampen_half': 724.4804125761929, 'gpp_af': 0.1476584299248268, 'gpp_b': 0.0005752434266899163, 'gpp_d': 0.23073846740741236, 'ign_k': 8.708806168038567, 'ign_c': 20.03995359361212, 'trop_agb_crit': 3.5747129226002423, 'trop_k_veg': 6.9782110227926815}.[0m
[32m[I 2026-07-18 18:58:03,508][0m Trial 1260 finished with values: [-2.0000000000000005e-60, 0.0] and parameters: {'k1': 0.0027171216991457438, 'D_low': 25.004921089927873, 'k2': 0.032845299795769396, 'D_high': 2940.51756322311, 'fire_exp': 6.234638880169447, 'P_half': 323.6099399575106, 'pre_dampen_half': 0.2888838362365318, 'gpp_af': 0.008075914984851893, 'gpp_b': 0.42247700890263673, 'gpp_d': 64.20268021730274, 'ign_k': 0.002860112654741167, 'ign_c': 0.40270527176466925, 'trop_agb_crit': 1.331177446539379, 'trop_k_veg': 6.9782110227926815}.[0m
[32m[I 2026-07-18 18:58:04,062][0m Trial 1261 finished with values: [-2.0000000000000005e-60, 0.0] and parameters: {'k1': 0.0699458988153545, 'D_low': 7.966502922679663, 'k2': 0.0005342937261279771, 'D_high': 29812.370697208808, 'fire_exp': 1.6733848721157607, 'P_half': 10.089430320527375, 'pre_dampen_half': 107.40052367919465, 'gpp_af': 0.001111693990724459, 'gpp_b': 0.0005744663972188569, 'gpp_d': 757.2868182332339, 'ign_k': 2.396079612430075, 'ign_c': 252.6179644582804, 'trop_agb_crit': 1.331177446539379, 'trop_k_veg': 4.1676646713442125}.[0m
[32m[I 2026-07-18 18:58:04,589][0m Trial 1262 finished with values: [-0.0018411729300307216, 3.9625739720827724e-05] and parameters: {'k1': 0.01889771394135163, 'D_low': 70.18267183720735, 'k2': 0.032845299795769396, 'D_high': 60107.420288647445, 'fire_exp': 6.234638880169447, 'P_half': 323.6099399575106, 'pre_dampen_half': 0.0399066504395798, 'gpp_af': 0.1476584299248268, 'gpp_b': 0.0005744663972188569, 'gpp_d': 64.20268021730274, 'ign_k': 8.708806168038567, 'ign_c': 20.03995359361212, 'trop_agb_crit': 1.331177446539379, 'trop_k_veg': 2.144518162606203}.[0m
[32m[I 2026-07-18 18:58:05,087][0m Trial 1263 finished with values: [-0.00019702855572510292, 4.746283647572014e-05] and parameters: {'k1': 0.07799059237255677, 'D_low': 7.46475488144212, 'k2': 0.0002963213920402737, 'D_high': 60107.420288647445, 'fire_exp': 3.231633698316772, 'P_half': 323.6099399575106, 'pre_dampen_half': 0.03751320096826995, 'gpp_af': 0.27997858752477867, 'gpp_b': 0.0005744663972188569, 'gpp_d': 660.9129108295722, 'ign_k': 1.0484531351650956, 'ign_c': 29.690870944846793, 'trop_agb_crit': 1.7708319837489073, 'trop_k_veg': 6.9782110227926815}.[0m
[32m[I 2026-07-18 18:58:05,601][0m Trial 1264 finished with values: [-0.024774931294879256, 0.0003992570775969151] and parameters: {'k1': 0.007530210437963516, 'D_low': 7.299348683062307, 'k2': 0.032845299795769396, 'D_high': 1236.6924205139144, 'fire_exp': 1.6733848721157607, 'P_half': 220.3445560633069, 'pre_dampen_half': 0.5682966065442919, 'gpp_af': 0.10409127568994281, 'gpp_b': 0.00431329787498825, 'gpp_d': 660.9129108295722, 'ign_k': 0.48986208235548445, 'ign_c': 20.03995359361212, 'trop_agb_crit': 2.2212365258224223, 'trop_k_veg': 3.49157152291552}.[0m
[32m[I 2026-07-18 18:58:06,114][0m Trial 1265 finished with values: [-0.01739850670925466, 0.0002569288336654596] and parameters: {'k1': 0.01889771394135163, 'D_low': 7.46475488144212, 'k2': 0.032845299795769396, 'D_high': 1938.6039125504592, 'fire_exp': 1.6733848721157607, 'P_half': 224.42820887784595, 'pre_dampen_half': 0.03751320096826995, 'gpp_af': 0.017115686479965763, 'gpp_b': 0.0005744663972188569, 'gpp_d': 660.9129108295722, 'ign_k': 7.437725385707935, 'ign_c': 20.03995359361212, 'trop_agb_crit': 1.7708319837489073, 'trop_k_veg': 3.49157152291552}.[0m
[32m[I 2026-07-18 18:58:06,608][0m Trial 1266 finished with values: [-0.14418023756729936, 0.0024073206902579525] and parameters: {'k1': 0.041833856821460395, 'D_low': 7.299348683062307, 'k2': 0.008161260265732995, 'D_high': 1236.6924205139144, 'fire_exp': 2.7504578233979857, 'P_half': 1.1069424888528068, 'pre_dampen_half': 6.399026982042284, 'gpp_af': 0.1476584299248268, 'gpp_b': 0.0021331409710300844, 'gpp_d': 8.057329182285729, 'ign_k': 5.351470428717439, 'ign_c': 20.03995359361212, 'trop_agb_crit': 2.2212365258224223, 'trop_k_veg': 4.4644194212034}.[0m
[32m[I 2026-07-18 18:58:07,115][0m Trial 1267 finished with values: [-0.0006967655843321426, 4.370260982267116e-05] and parameters: {'k1': 0.01889771394135163, 'D_low': 70.18267183720735, 'k2': 0.0005342937261279771, 'D_high': 2940.51756322311, 'fire_exp': 1.6733848721157607, 'P_half': 9.324787201197319, 'pre_dampen_half': 4.139563575389113, 'gpp_af': 0.01719951378854337, 'gpp_b': 0.0005744663972188569, 'gpp_d': 0.0374838645053865, 'ign_k': 2.396079612430075, 'ign_c': 30.28574109895626, 'trop_agb_crit': 7.599113148200974, 'trop_k_veg': 6.9782110227926815}.[0m
[32m[I 2026-07-18 18:58:07,613][0m Trial 1268 finished with values: [-0.27864941513741925, 0.009459539644118387] and parameters: {'k1': 0.01889771394135163, 'D_low': 70.18267183720735, 'k2': 0.032845299795769396, 'D_high': 2940.51756322311, 'fire_exp': 7.246690166006479, 'P_half': 12.808863354047988, 'pre_dampen_half': 107.40052367919465, 'gpp_af': 0.1476584299248268, 'gpp_b': 0.0005752434266899163, 'gpp_d': 21.14381609520636, 'ign_k': 8.708806168038567, 'ign_c': 20.03995359361212, 'trop_agb_crit': 7.599113148200974, 'trop_k_veg': 3.7095834948926214}.[0m
[32m[I 2026-07-18 18:58:08,089][0m Trial 1269 finished with values: [-0.004830413338904409, 0.00021587881934648223] and parameters: {'k1': 0.0699458988153545, 'D_low': 7.46475488144212, 'k2': 0.0002963213920402737, 'D_high': 3712.591045287733, 'fire_exp': 3.231633698316772, 'P_half': 64.13139914374976, 'pre_dampen_half': 0.03751320096826995, 'gpp_af': 0.1476584299248268, 'gpp_b': 0.0005744663972188569, 'gpp_d': 64.20268021730274, 'ign_k': 1.0484531351650956, 'ign_c': 20.03995359361212, 'trop_agb_crit': 1.7708319837489073, 'trop_k_veg': 2.144518162606203}.[0m
[32m[I 2026-07-18 18:58:08,557][0m Trial 1270 finished with values: [-0.31490376990384145, 0.015412742737622054] and parameters: {'k1': 0.01889771394135163, 'D_low': 70.18267183720735, 'k2': 0.032845299795769396, 'D_high': 2940.51756322311, 'fire_exp': 1.6733848721157607, 'P_half': 9.324787201197319, 'pre_dampen_half': 107.40052367919465, 'gpp_af': 0.017115686479965763, 'gpp_b': 0.0005752434266899163, 'gpp_d': 0.021794244035991568, 'ign_k': 7.437725385707935, 'ign_c': 20.03995359361212, 'trop_agb_crit': 3.5747129226002423, 'trop_k_veg': 6.9782110227926815}.[0m
[32m[I 2026-07-18 18:58:09,032][0m Trial 1271 finished with values: [-0.0869285459471895, 0.010416336678968907] and parameters: {'k1': 0.01889771394135163, 'D_low': 70.18267183720735, 'k2': 0.00035868164986275477, 'D_high': 45914.85216740541, 'fire_exp': 2.1589287943408615, 'P_half': 323.6099399575106, 'pre_dampen_half': 34.6079190415133, 'gpp_af': 0.008075914984851893, 'gpp_b': 0.0021331409710300844, 'gpp_d': 150.14555442537656, 'ign_k': 5.351470428717439, 'ign_c': 14.933199578396213, 'trop_agb_crit': 12.71480504859747, 'trop_k_veg': 0.6271582307017308}.[0m
[32m[I 2026-07-18 18:58:09,522][0m Trial 1272 finished with values: [-0.00042301538735776376, 2.0842183106495327e-05] and parameters: {'k1': 0.0699458988153545, 'D_low': 4.484744524732794, 'k2': 0.00035868164986275477, 'D_high': 7321.544340709298, 'fire_exp': 1.423480109671474, 'P_half': 323.6099399575106, 'pre_dampen_half': 1.9566052191165, 'gpp_af': 0.008075914984851893, 'gpp_b': 0.0005744663972188569, 'gpp_d': 0.23073846740741236, 'ign_k': 5.351470428717439, 'ign_c': 30.28574109895626, 'trop_agb_crit': 1.7708319837489073, 'trop_k_veg': 2.144518162606203}.[0m
[32m[I 2026-07-18 18:58:09,998][0m Trial 1273 finished with values: [-0.00026420595626255194, 8.175851690217506e-06] and parameters: {'k1': 0.0699458988153545, 'D_low': 7.46475488144212, 'k2': 0.0005342937261279771, 'D_high': 8559.572793311803, 'fire_exp': 1.423480109671474, 'P_half': 323.6099399575106, 'pre_dampen_half': 0.03751320096826995, 'gpp_af': 0.27997858752477867, 'gpp_b': 0.01666658176842624, 'gpp_d': 660.9129108295722, 'ign_k': 1.0484531351650956, 'ign_c': 29.690870944846793, 'trop_agb_crit': 1.6878075072665546, 'trop_k_veg': 6.9782110227926815}.[0m
[32m[I 2026-07-18 18:58:10,474][0m Trial 1274 finished with values: [-0.004613590543625111, 5.505161418450921e-05] and parameters: {'k1': 0.07799059237255677, 'D_low': 7.46475488144212, 'k2': 0.032845299795769396, 'D_high': 3712.591045287733, 'fire_exp': 3.231633698316772, 'P_half': 64.13139914374976, 'pre_dampen_half': 0.03751320096826995, 'gpp_af': 0.1476584299248268, 'gpp_b': 0.01666658176842624, 'gpp_d': 660.9129108295722, 'ign_k': 1.0484531351650956, 'ign_c': 20.03995359361212, 'trop_agb_crit': 1.7708319837489073, 'trop_k_veg': 0.902411054575325}.[0m
[32m[I 2026-07-18 18:58:10,942][0m Trial 1275 finished with values: [-2.158979597589382e-05, 1.1455292059370237e-07] and parameters: {'k1': 0.007530210437963516, 'D_low': 2.7475448770725444, 'k2': 0.026471946255259393, 'D_high': 2940.51756322311, 'fire_exp': 1.6733848721157607, 'P_half': 86.8530648875492, 'pre_dampen_half': 0.0399066504395798, 'gpp_af': 0.001111693990724459, 'gpp_b': 0.0005752434266899163, 'gpp_d': 0.06743303409035127, 'ign_k': 5.351470428717439, 'ign_c': 29.690870944846793, 'trop_agb_crit': 1.331177446539379, 'trop_k_veg': 3.1473758868965485}.[0m
[32m[I 2026-07-18 18:58:11,407][0m Trial 1276 finished with values: [-2.2091661627903224e-12, 2.164725065867401e-08] and parameters: {'k1': 0.041833856821460395, 'D_low': 70.18267183720735, 'k2': 0.032845299795769396, 'D_high': 3712.591045287733, 'fire_exp': 1.6733848721157607, 'P_half': 234.09994646132157, 'pre_dampen_half': 107.40052367919465, 'gpp_af': 0.001111693990724459, 'gpp_b': 4.722683941018085, 'gpp_d': 660.9129108295722, 'ign_k': 8.708806168038567, 'ign_c': 20.03995359361212, 'trop_agb_crit': 12.71480504859747, 'trop_k_veg': 6.9782110227926815}.[0m
[32m[I 2026-07-18 18:58:11,883][0m Trial 1277 finished with values: [-2.0000000000000005e-60, 0.0] and parameters: {'k1': 0.007530210437963516, 'D_low': 7.46475488144212, 'k2': 0.012758211164590085, 'D_high': 2940.51756322311, 'fire_exp': 1.6733848721157607, 'P_half': 9.324787201197319, 'pre_dampen_half': 177.77752569573377, 'gpp_af': 0.001111693990724459, 'gpp_b': 0.0005744663972188569, 'gpp_d': 660.9129108295722, 'ign_k': 8.708806168038567, 'ign_c': 47.43395631897002, 'trop_agb_crit': 3.5747129226002423, 'trop_k_veg': 6.9782110227926815}.[0m
[32m[I 2026-07-18 18:58:12,357][0m Trial 1278 finished with values: [-0.004074419669205524, 0.002338828389169989] and parameters: {'k1': 0.0007066140101361139, 'D_low': 70.18267183720735, 'k2': 0.032845299795769396, 'D_high': 2940.51756322311, 'fire_exp': 5.415198497144036, 'P_half': 12.808863354047988, 'pre_dampen_half': 107.40052367919465, 'gpp_af': 0.1476584299248268, 'gpp_b': 0.0005752434266899163, 'gpp_d': 1.1450585869252081, 'ign_k': 8.708806168038567, 'ign_c': 20.03995359361212, 'trop_agb_crit': 3.5747129226002423, 'trop_k_veg': 6.9782110227926815}.[0m
[32m[I 2026-07-18 18:58:12,834][0m Trial 1279 finished with values: [-2.0000000000000005e-60, 0.0] and parameters: {'k1': 0.041833856821460395, 'D_low': 70.18267183720735, 'k2': 0.032845299795769396, 'D_high': 3712.591045287733, 'fire_exp': 3.231633698316772, 'P_half': 221.2683656611821, 'pre_dampen_half': 0.03751320096826995, 'gpp_af': 0.01719951378854337, 'gpp_b': 0.00431329787498825, 'gpp_d': 21.14381609520636, 'ign_k': 1.0484531351650956, 'ign_c': 40.169263458490356, 'trop_agb_crit': 2.1861040860339416, 'trop_k_veg': 2.2684824173464}.[0m
[32m[I 2026-07-18 18:58:13,316][0m Trial 1280 finished with values: [-0.0014422682569595125, 0.0002739490895216079] and parameters: {'k1': 0.0699458988153545, 'D_low': 70.18267183720735, 'k2': 0.0005342937261279771, 'D_high': 29812.370697208808, 'fire_exp': 1.154178834478323, 'P_half': 323.6099399575106, 'pre_dampen_half': 0.2888838362365318, 'gpp_af': 0.7539992074650282, 'gpp_b': 0.011885457204193806, 'gpp_d': 107.65100438840018, 'ign_k': 5.351470428717439, 'ign_c': 30.28574109895626, 'trop_agb_crit': 1.331177446539379, 'trop_k_veg': 6.9782110227926815}.[0m
[32m[I 2026-07-18 18:58:13,797][0m Trial 1281 finished with values: [-3.8021312156631165e-06, 8.322027703622226e-07] and parameters: {'k1': 0.041833856821460395, 'D_low': 70.18267183720735, 'k2': 0.012758211164590085, 'D_high': 687.0043870753433, 'fire_exp': 8.456250107826923, 'P_half': 220.3445560633069, 'pre_dampen_half': 107.40052367919465, 'gpp_af': 0.10409127568994281, 'gpp_b': 0.00431329787498825, 'gpp_d': 8.057329182285729, 'ign_k': 8.708806168038567, 'ign_c': 29.690870944846793, 'trop_agb_crit': 2.2212365258224223, 'trop_k_veg': 4.4644194212034}.[0m
  trial 1282/2500  pareto_size=71  best_taylor=0.7291  best_ilamb=0.5956  (10.2 min)
[32m[I 2026-07-18 18:58:14,469][0m Trial 1282 finished with values: [-0.06409703544351114, 0.0018591840415775884] and parameters: {'k1': 0.0699458988153545, 'D_low': 70.18267183720735, 'k2': 0.032845299795769396, 'D_high': 3712.591045287733, 'fire_exp': 1.127084760238533, 'P_half': 1.1069424888528068, 'pre_dampen_half': 0.2888838362365318, 'gpp_af': 0.01719951378854337, 'gpp_b': 0.0013581822883038843, 'gpp_d': 64.20268021730274, 'ign_k': 1.3967310812223452, 'ign_c': 20.03995359361212, 'trop_agb_crit': 1.331177446539379, 'trop_k_veg': 6.9782110227926815}.[0m
[32m[I 2026-07-18 18:58:14,937][0m Trial 1283 finished with values: [-7.3312577772271065e-06, 1.9661121289926697e-06] and parameters: {'k1': 6.389327191882587e-05, 'D_low': 7.46475488144212, 'k2': 0.00035868164986275477, 'D_high': 3712.591045287733, 'fire_exp': 1.8139313005096012, 'P_half': 64.13139914374976, 'pre_dampen_half': 0.03751320096826995, 'gpp_af': 0.008075914984851893, 'gpp_b': 0.01666658176842624, 'gpp_d': 64.20268021730274, 'ign_k': 1.0484531351650956, 'ign_c': 20.03995359361212, 'trop_agb_crit': 1.7708319837489073, 'trop_k_veg': 0.902411054575325}.[0m
[32m[I 2026-07-18 18:58:15,408][0m Trial 1284 finished with values: [-1.0067573107063337e-07, 3.7478809233881805e-07] and parameters: {'k1': 0.07799059237255677, 'D_low': 7.299348683062307, 'k2': 0.0005342937261279771, 'D_high': 8559.572793311803, 'fire_exp': 1.6733848721157607, 'P_half': 712.8188058401365, 'pre_dampen_half': 0.03751320096826995, 'gpp_af': 0.001111693990724459, 'gpp_b': 0.01666658176842624, 'gpp_d': 660.9129108295722, 'ign_k': 0.00455853626071256, 'ign_c': 20.03995359361212, 'trop_agb_crit': 1.6878075072665546, 'trop_k_veg': 6.9782110227926815}.[0m
[32m[I 2026-07-18 18:58:15,883][0m Trial 1285 finished with values: [-1.1426600298782778e-05, 5.852651696613975e-12] and parameters: {'k1': 0.01889771394135163, 'D_low': 7.299348683062307, 'k2': 0.032845299795769396, 'D_high': 1938.6039125504592, 'fire_exp': 8.456250107826923, 'P_half': 221.2683656611821, 'pre_dampen_half': 0.03751320096826995, 'gpp_af': 0.017115686479965763, 'gpp_b': 0.0005752434266899163, 'gpp_d': 8.057329182285729, 'ign_k': 7.437725385707935, 'ign_c': 29.690870944846793, 'trop_agb_crit': 2.2212365258224223, 'trop_k_veg': 4.4644194212034}.[0m
[32m[I 2026-07-18 18:58:16,352][0m Trial 1286 finished with values: [-0.6156009700154049, 0.026840681476481776] and parameters: {'k1': 0.01889771394135163, 'D_low': 20.934387533543713, 'k2': 0.032845299795769396, 'D_high': 2940.51756322311, 'fire_exp': 1.6733848721157607, 'P_half': 9.324787201197319, 'pre_dampen_half': 107.40052367919465, 'gpp_af': 0.017115686479965763, 'gpp_b': 0.0005752434266899163, 'gpp_d': 64.20268021730274, 'ign_k': 1.0641577757607394, 'ign_c': 20.03995359361212, 'trop_agb_crit': 3.5747129226002423, 'trop_k_veg': 6.9782110227926815}.[0m
[32m[I 2026-07-18 18:58:16,833][0m Trial 1287 finished with values: [-0.02752669713156382, 0.0007268330865504158] and parameters: {'k1': 0.01889771394135163, 'D_low': 70.18267183720735, 'k2': 0.026471946255259393, 'D_high': 3712.591045287733, 'fire_exp': 1.0629462657398439, 'P_half': 1.1069424888528068, 'pre_dampen_half': 0.03751320096826995, 'gpp_af': 0.1476584299248268, 'gpp_b': 0.01666658176842624, 'gpp_d': 150.14555442537656, 'ign_k': 5.351470428717439, 'ign_c': 20.03995359361212, 'trop_agb_crit': 1.331177446539379, 'trop_k_veg': 6.9782110227926815}.[0m
[32m[I 2026-07-18 18:58:17,310][0m Trial 1288 finished with values: [-7.768104071072914e-05, 5.3953835732478694e-08] and parameters: {'k1': 0.007530210437963516, 'D_low': 70.18267183720735, 'k2': 0.032845299795769396, 'D_high': 1236.6924205139144, 'fire_exp': 3.231633698316772, 'P_half': 221.2683656611821, 'pre_dampen_half': 0.03751320096826995, 'gpp_af': 0.10409127568994281, 'gpp_b': 0.00431329787498825, 'gpp_d': 660.9129108295722, 'ign_k': 8.708806168038567, 'ign_c': 29.690870944846793, 'trop_agb_crit': 2.2212365258224223, 'trop_k_veg': 3.49157152291552}.[0m
[32m[I 2026-07-18 18:58:17,787][0m Trial 1289 finished with values: [-0.2469193095656707, 0.013071577742295393] and parameters: {'k1': 0.01889771394135163, 'D_low': 7.299348683062307, 'k2': 0.032845299795769396, 'D_high': 2940.51756322311, 'fire_exp': 2.1589287943408615, 'P_half': 9.324787201197319, 'pre_dampen_half': 84.03977588241656, 'gpp_af': 0.008075914984851893, 'gpp_b': 0.0005744663972188569, 'gpp_d': 660.9129108295722, 'ign_k': 1.5024129734649205, 'ign_c': 20.03995359361212, 'trop_agb_crit': 1.331177446539379, 'trop_k_veg': 0.6743482387129308}.[0m
[32m[I 2026-07-18 18:58:18,266][0m Trial 1290 finished with values: [-0.05335901039511833, 0.0010173897949621313] and parameters: {'k1': 0.041833856821460395, 'D_low': 7.299348683062307, 'k2': 0.032845299795769396, 'D_high': 2940.51756322311, 'fire_exp': 1.6733848721157607, 'P_half': 9.324787201197319, 'pre_dampen_half': 0.2888838362365318, 'gpp_af': 0.017115686479965763, 'gpp_b': 0.0005744663972188569, 'gpp_d': 660.9129108295722, 'ign_k': 7.437725385707935, 'ign_c': 20.03995359361212, 'trop_agb_crit': 3.5747129226002423, 'trop_k_veg': 2.110439450098234}.[0m
[32m[I 2026-07-18 18:58:18,744][0m Trial 1291 finished with values: [-0.0035341273749928907, 8.377582542251627e-05] and parameters: {'k1': 0.07799059237255677, 'D_low': 70.18267183720735, 'k2': 0.032845299795769396, 'D_high': 2940.51756322311, 'fire_exp': 1.6733848721157607, 'P_half': 97.0660675687761, 'pre_dampen_half': 0.2888838362365318, 'gpp_af': 0.01719951378854337, 'gpp_b': 0.01666658176842624, 'gpp_d': 64.20268021730274, 'ign_k': 0.6024590664672947, 'ign_c': 20.03995359361212, 'trop_agb_crit': 1.7708319837489073, 'trop_k_veg': 6.9782110227926815}.[0m
