[32m[I 2026-07-18 18:53:59,612][0m Trial 760 finished with values: [-0.00033835476622089713, 4.139852426798818e-05] and parameters: {'k1': 0.01889771394135163, 'D_low': 70.18267183720735, 'k2': 0.00035868164986275477, 'D_high': 902.3734753282104, 'fire_exp': 2.667972213959779, 'P_half': 525.911865925123, 'pre_dampen_half': 0.011501973785501987, 'gpp_af': 0.0022961065892443786, 'gpp_b': 1.598364670380439e-05, 'gpp_d': 660.9129108295722, 'ign_k': 5.351470428717439, 'ign_c': 5.130551760589832, 'trop_agb_crit': 1.331177446539379, 'trop_k_veg': 6.9782110227926815}.[0m
[32m[I 2026-07-18 18:54:00,203][0m Trial 761 finished with values: [-0.00047385887672797723, 5.452873664912872e-05] and parameters: {'k1': 0.007530210437963516, 'D_low': 70.18267183720735, 'k2': 0.00035868164986275477, 'D_high': 29812.370697208808, 'fire_exp': 1.1174086754605184, 'P_half': 712.8188058401365, 'pre_dampen_half': 0.011501973785501987, 'gpp_af': 0.0038793182938363898, 'gpp_b': 0.006906522645653115, 'gpp_d': 2.944272359149678, 'ign_k': 0.12906379659404604, 'ign_c': 15.221840161091619, 'trop_agb_crit': 24.584290528289387, 'trop_k_veg': 6.9782110227926815}.[0m
[32m[I 2026-07-18 18:54:00,825][0m Trial 762 finished with values: [-0.0019519848016179497, 0.0009036034870457677] and parameters: {'k1': 0.0376331292637011, 'D_low': 685.7803657667797, 'k2': 0.012758211164590085, 'D_high': 1662.6592254031873, 'fire_exp': 2.61565689708108, 'P_half': 221.2683656611821, 'pre_dampen_half': 0.029208808341780905, 'gpp_af': 0.7539992074650282, 'gpp_b': 4.377856668016338e-05, 'gpp_d': 2.944272359149678, 'ign_k': 1.0484531351650956, 'ign_c': 18.58869400981585, 'trop_agb_crit': 2.1861040860339416, 'trop_k_veg': 0.902411054575325}.[0m
[32m[I 2026-07-18 18:54:01,357][0m Trial 763 finished with values: [-0.00015251323820774347, 6.1370700635832165e-06] and parameters: {'k1': 0.007530210437963516, 'D_low': 4.484744524732794, 'k2': 0.032845299795769396, 'D_high': 45914.85216740541, 'fire_exp': 5.311995034756393, 'P_half': 221.2683656611821, 'pre_dampen_half': 0.0399066504395798, 'gpp_af': 0.001111693990724459, 'gpp_b': 0.0005744663972188569, 'gpp_d': 21.14381609520636, 'ign_k': 5.351470428717439, 'ign_c': 1.0623096700264116, 'trop_agb_crit': 1.331177446539379, 'trop_k_veg': 3.49157152291552}.[0m
[32m[I 2026-07-18 18:54:01,857][0m Trial 764 finished with values: [-0.20388875157465544, 0.12429795181418257] and parameters: {'k1': 0.03635503353478365, 'D_low': 1.9977959434035766, 'k2': 0.012758211164590085, 'D_high': 2940.51756322311, 'fire_exp': 1.5036604936020428, 'P_half': 712.8188058401365, 'pre_dampen_half': 107.40052367919465, 'gpp_af': 0.0022961065892443786, 'gpp_b': 0.0005752434266899163, 'gpp_d': 150.14555442537656, 'ign_k': 8.708806168038567, 'ign_c': 0.5342106255632174, 'trop_agb_crit': 1.0903028125370984, 'trop_k_veg': 0.902411054575325}.[0m
[32m[I 2026-07-18 18:54:02,354][0m Trial 765 finished with values: [-1.8689910910203444e-13, 3.4773054435888184e-09] and parameters: {'k1': 0.01889771394135163, 'D_low': 7.299348683062307, 'k2': 0.0007047307383115598, 'D_high': 107.7788960207927, 'fire_exp': 9.181779843422994, 'P_half': 221.2683656611821, 'pre_dampen_half': 3.3841016089580047, 'gpp_af': 0.2901272149738624, 'gpp_b': 1.598364670380439e-05, 'gpp_d': 229.41380323183625, 'ign_k': 5.351470428717439, 'ign_c': 30.28574109895626, 'trop_agb_crit': 1.0903028125370984, 'trop_k_veg': 0.6743482387129308}.[0m
[32m[I 2026-07-18 18:54:02,831][0m Trial 766 finished with values: [-6.879847281709132e-06, 8.581716960387453e-07] and parameters: {'k1': 0.041833856821460395, 'D_low': 31.585104499227995, 'k2': 0.032845299795769396, 'D_high': 15351.441568398131, 'fire_exp': 1.450870712623418, 'P_half': 3554.812765190894, 'pre_dampen_half': 0.03751320096826995, 'gpp_af': 0.00515795696727661, 'gpp_b': 0.0005744663972188569, 'gpp_d': 660.9129108295722, 'ign_k': 0.48986208235548445, 'ign_c': 30.28574109895626, 'trop_agb_crit': 24.584290528289387, 'trop_k_veg': 1.9938441068366919}.[0m
[32m[I 2026-07-18 18:54:03,316][0m Trial 767 finished with values: [-0.6635548894725501, 0.17952061574572598] and parameters: {'k1': 0.004312951023617458, 'D_low': 1.9977959434035766, 'k2': 0.026471946255259393, 'D_high': 3712.591045287733, 'fire_exp': 1.0629462657398439, 'P_half': 712.8188058401365, 'pre_dampen_half': 502.5175192217655, 'gpp_af': 0.7539992074650282, 'gpp_b': 0.00796661592919428, 'gpp_d': 150.14555442537656, 'ign_k': 3.5891558714508416, 'ign_c': 15.221840161091619, 'trop_agb_crit': 24.584290528289387, 'trop_k_veg': 0.6743482387129308}.[0m
[32m[I 2026-07-18 18:54:03,793][0m Trial 768 finished with values: [-2.9274003681849977e-06, 1.645762409796525e-06] and parameters: {'k1': 0.016748279468858224, 'D_low': 6.96063331852638, 'k2': 7.91442361215536e-05, 'D_high': 1588.2035726402378, 'fire_exp': 3.5637467870629145, 'P_half': 310.3604223881657, 'pre_dampen_half': 0.5682966065442919, 'gpp_af': 0.6403036652671174, 'gpp_b': 0.0021331409710300844, 'gpp_d': 21.14381609520636, 'ign_k': 8.708806168038567, 'ign_c': 30.28574109895626, 'trop_agb_crit': 1.331177446539379, 'trop_k_veg': 3.1473758868965485}.[0m
[32m[I 2026-07-18 18:54:04,271][0m Trial 769 finished with values: [-0.4482502944030989, 0.057583118550795676] and parameters: {'k1': 0.01889771394135163, 'D_low': 70.18267183720735, 'k2': 0.0012040762895973265, 'D_high': 1578.0309954142967, 'fire_exp': 1.423480109671474, 'P_half': 9.324787201197319, 'pre_dampen_half': 241.6951931920675, 'gpp_af': 0.10409127568994281, 'gpp_b': 1.598364670380439e-05, 'gpp_d': 8.057329182285729, 'ign_k': 5.351470428717439, 'ign_c': 20.03995359361212, 'trop_agb_crit': 1.331177446539379, 'trop_k_veg': 0.5639542873522186}.[0m
[32m[I 2026-07-18 18:54:04,755][0m Trial 770 finished with values: [-2.504570868073898e-11, 5.989761131530713e-09] and parameters: {'k1': 0.007530210437963516, 'D_low': 70.18267183720735, 'k2': 0.00035868164986275477, 'D_high': 45914.85216740541, 'fire_exp': 1.6733848721157607, 'P_half': 12.808863354047988, 'pre_dampen_half': 0.011501973785501987, 'gpp_af': 0.001111693990724459, 'gpp_b': 0.2272730825106818, 'gpp_d': 229.41380323183625, 'ign_k': 0.12906379659404604, 'ign_c': 20.03995359361212, 'trop_agb_crit': 1.331177446539379, 'trop_k_veg': 0.8674561439130763}.[0m
[32m[I 2026-07-18 18:54:05,237][0m Trial 771 finished with values: [-0.11048414547879681, 0.012043988013753615] and parameters: {'k1': 0.041833856821460395, 'D_low': 6.96063331852638, 'k2': 0.00035868164986275477, 'D_high': 15351.441568398131, 'fire_exp': 1.0629462657398439, 'P_half': 9.324787201197319, 'pre_dampen_half': 0.5682966065442919, 'gpp_af': 0.00515795696727661, 'gpp_b': 0.0005623095666134974, 'gpp_d': 21.14381609520636, 'ign_k': 0.48986208235548445, 'ign_c': 15.221840161091619, 'trop_agb_crit': 24.584290528289387, 'trop_k_veg': 0.6743482387129308}.[0m
[32m[I 2026-07-18 18:54:05,733][0m Trial 772 finished with values: [-2.0000000000000005e-60, 0.0] and parameters: {'k1': 0.03635503353478365, 'D_low': 70.18267183720735, 'k2': 0.012758211164590085, 'D_high': 2940.51756322311, 'fire_exp': 1.450870712623418, 'P_half': 19.876655910112248, 'pre_dampen_half': 0.1875872314533727, 'gpp_af': 0.0022961065892443786, 'gpp_b': 0.0005752434266899163, 'gpp_d': 660.9129108295722, 'ign_k': 0.3408831248661314, 'ign_c': 639.1655642276438, 'trop_agb_crit': 1.0903028125370984, 'trop_k_veg': 6.9782110227926815}.[0m
[32m[I 2026-07-18 18:54:06,220][0m Trial 773 finished with values: [-0.0018412429291612025, 5.388590801302939e-05] and parameters: {'k1': 0.04541457206426161, 'D_low': 70.18267183720735, 'k2': 0.00035868164986275477, 'D_high': 45914.85216740541, 'fire_exp': 6.234638880169447, 'P_half': 175.2878790340412, 'pre_dampen_half': 0.011501973785501987, 'gpp_af': 0.2901272149738624, 'gpp_b': 0.006906522645653115, 'gpp_d': 25.444227489578886, 'ign_k': 5.351470428717439, 'ign_c': 0.5342106255632174, 'trop_agb_crit': 1.331177446539379, 'trop_k_veg': 0.902411054575325}.[0m
[32m[I 2026-07-18 18:54:06,698][0m Trial 774 finished with values: [-0.5496655418366281, 0.210174662269356] and parameters: {'k1': 0.002549454588329709, 'D_low': 7.299348683062307, 'k2': 0.026471946255259393, 'D_high': 29812.370697208808, 'fire_exp': 1.1488607445926913, 'P_half': 323.6099399575106, 'pre_dampen_half': 124.72235343584714, 'gpp_af': 0.7539992074650282, 'gpp_b': 0.0005752434266899163, 'gpp_d': 150.14555442537656, 'ign_k': 3.5891558714508416, 'ign_c': 15.221840161091619, 'trop_agb_crit': 1.331177446539379, 'trop_k_veg': 0.6743482387129308}.[0m
[32m[I 2026-07-18 18:54:07,182][0m Trial 775 finished with values: [-0.008303841175499633, 0.0003127081295920542] and parameters: {'k1': 0.01889771394135163, 'D_low': 1.9977959434035766, 'k2': 0.032845299795769396, 'D_high': 2940.51756322311, 'fire_exp': 1.6733848721157607, 'P_half': 221.2683656611821, 'pre_dampen_half': 0.2888838362365318, 'gpp_af': 0.7539992074650282, 'gpp_b': 0.42247700890263673, 'gpp_d': 150.14555442537656, 'ign_k': 5.351470428717439, 'ign_c': 0.5342106255632174, 'trop_agb_crit': 1.6079844205915728, 'trop_k_veg': 0.902411054575325}.[0m
[32m[I 2026-07-18 18:54:07,652][0m Trial 776 finished with values: [-8.148046599896657e-09, 7.279238904867036e-06] and parameters: {'k1': 0.007530210437963516, 'D_low': 70.18267183720735, 'k2': 0.032845299795769396, 'D_high': 774.2116473996249, 'fire_exp': 1.450870712623418, 'P_half': 19.876655910112248, 'pre_dampen_half': 24.551654436784784, 'gpp_af': 0.0038793182938363898, 'gpp_b': 2.0194763897972177, 'gpp_d': 21.14381609520636, 'ign_k': 0.48986208235548445, 'ign_c': 15.221840161091619, 'trop_agb_crit': 24.584290528289387, 'trop_k_veg': 0.5772603928610088}.[0m
[32m[I 2026-07-18 18:54:08,144][0m Trial 777 finished with values: [-0.0663849765377117, 0.006708724426880308] and parameters: {'k1': 0.01889771394135163, 'D_low': 70.18267183720735, 'k2': 0.0012040762895973265, 'D_high': 81.71825567718653, 'fire_exp': 1.6294642623991613, 'P_half': 9.324787201197319, 'pre_dampen_half': 241.6951931920675, 'gpp_af': 0.01719951378854337, 'gpp_b': 0.0005623095666134974, 'gpp_d': 8.057329182285729, 'ign_k': 0.6024590664672947, 'ign_c': 20.03995359361212, 'trop_agb_crit': 1.331177446539379, 'trop_k_veg': 2.587938629755798}.[0m
  trial  778/2500  pareto_size=36  best_taylor=0.7247  best_ilamb=0.5954  (6.1 min)
[32m[I 2026-07-18 18:54:08,761][0m Trial 778 finished with values: [-0.017059565607421334, 0.013893203252874131] and parameters: {'k1': 0.01889771394135163, 'D_low': 31.585104499227995, 'k2': 0.026471946255259393, 'D_high': 3712.591045287733, 'fire_exp': 2.61565689708108, 'P_half': 12.808863354047988, 'pre_dampen_half': 107.40052367919465, 'gpp_af': 0.1476584299248268, 'gpp_b': 0.04633252119753636, 'gpp_d': 8.057329182285729, 'ign_k': 0.04406703994564747, 'ign_c': 20.03995359361212, 'trop_agb_crit': 24.584290528289387, 'trop_k_veg': 0.5772603928610088}.[0m
[32m[I 2026-07-18 18:54:09,230][0m Trial 779 finished with values: [-0.017888955108314897, 0.0016453755616988586] and parameters: {'k1': 0.01889771394135163, 'D_low': 70.18267183720735, 'k2': 0.00035868164986275477, 'D_high': 45914.85216740541, 'fire_exp': 1.6733848721157607, 'P_half': 2287.943057317364, 'pre_dampen_half': 107.40052367919465, 'gpp_af': 0.001111693990724459, 'gpp_b': 0.0005623095666134974, 'gpp_d': 64.20268021730274, 'ign_k': 0.6024590664672947, 'ign_c': 20.03995359361212, 'trop_agb_crit': 7.599113148200974, 'trop_k_veg': 3.49157152291552}.[0m
[32m[I 2026-07-18 18:54:09,710][0m Trial 780 finished with values: [-0.6508296478125043, 0.1921654549502455] and parameters: {'k1': 0.004312951023617458, 'D_low': 1.9977959434035766, 'k2': 0.026471946255259393, 'D_high': 39819.19662051714, 'fire_exp': 1.0629462657398439, 'P_half': 712.8188058401365, 'pre_dampen_half': 502.5175192217655, 'gpp_af': 0.05849340411085125, 'gpp_b': 0.0021331409710300844, 'gpp_d': 150.14555442537656, 'ign_k': 3.5891558714508416, 'ign_c': 15.221840161091619, 'trop_agb_crit': 24.584290528289387, 'trop_k_veg': 0.6743482387129308}.[0m
[32m[I 2026-07-18 18:54:10,182][0m Trial 781 finished with values: [-0.0036249015456831356, 0.00024601522415534927] and parameters: {'k1': 0.041833856821460395, 'D_low': 70.18267183720735, 'k2': 0.026471946255259393, 'D_high': 3712.591045287733, 'fire_exp': 1.423480109671474, 'P_half': 221.2683656611821, 'pre_dampen_half': 0.5682966065442919, 'gpp_af': 0.001111693990724459, 'gpp_b': 0.0021331409710300844, 'gpp_d': 229.41380323183625, 'ign_k': 0.48986208235548445, 'ign_c': 15.221840161091619, 'trop_agb_crit': 24.584290528289387, 'trop_k_veg': 0.6743482387129308}.[0m
[32m[I 2026-07-18 18:54:10,640][0m Trial 782 finished with values: [-0.0008394413821848328, 0.0002835984846881745] and parameters: {'k1': 8.860989784957121e-05, 'D_low': 6.96063331852638, 'k2': 0.0007047307383115598, 'D_high': 3712.591045287733, 'fire_exp': 1.0629462657398439, 'P_half': 310.3604223881657, 'pre_dampen_half': 0.5682966065442919, 'gpp_af': 0.7539992074650282, 'gpp_b': 0.0021331409710300844, 'gpp_d': 21.14381609520636, 'ign_k': 8.708806168038567, 'ign_c': 30.28574109895626, 'trop_agb_crit': 24.584290528289387, 'trop_k_veg': 0.5772603928610088}.[0m
[32m[I 2026-07-18 18:54:11,100][0m Trial 783 finished with values: [-9.207940969216013e-05, 0.0002739667549989111] and parameters: {'k1': 0.02938501958389821, 'D_low': 70.18267183720735, 'k2': 0.00035868164986275477, 'D_high': 60107.420288647445, 'fire_exp': 1.423480109671474, 'P_half': 3554.812765190894, 'pre_dampen_half': 0.1875872314533727, 'gpp_af': 0.2901272149738624, 'gpp_b': 7.007213496896404e-05, 'gpp_d': 757.2868182332339, 'ign_k': 5.351470428717439, 'ign_c': 30.28574109895626, 'trop_agb_crit': 1.331177446539379, 'trop_k_veg': 3.49157152291552}.[0m
[32m[I 2026-07-18 18:54:11,564][0m Trial 784 finished with values: [-2.0000000000000005e-60, 0.0] and parameters: {'k1': 0.03635503353478365, 'D_low': 1324.652797432114, 'k2': 0.0005342937261279771, 'D_high': 2940.51756322311, 'fire_exp': 6.234638880169447, 'P_half': 712.8188058401365, 'pre_dampen_half': 0.08049089337224259, 'gpp_af': 0.023660841034240054, 'gpp_b': 0.8623546531089761, 'gpp_d': 25.444227489578886, 'ign_k': 8.708806168038567, 'ign_c': 30.28574109895626, 'trop_agb_crit': 4.2258373850699344, 'trop_k_veg': 0.902411054575325}.[0m
[32m[I 2026-07-18 18:54:12,037][0m Trial 785 finished with values: [-0.03162488024792261, 0.001054759287911211] and parameters: {'k1': 0.04541457206426161, 'D_low': 1.9977959434035766, 'k2': 0.032845299795769396, 'D_high': 4679.501568332819, 'fire_exp': 6.234638880169447, 'P_half': 2.4106893837852787, 'pre_dampen_half': 0.2888838362365318, 'gpp_af': 0.2901272149738624, 'gpp_b': 0.0005752434266899163, 'gpp_d': 64.20268021730274, 'ign_k': 0.6024590664672947, 'ign_c': 20.03995359361212, 'trop_agb_crit': 7.599113148200974, 'trop_k_veg': 0.902411054575325}.[0m
[32m[I 2026-07-18 18:54:12,507][0m Trial 786 finished with values: [-0.5825864497759798, 0.053786479986267066] and parameters: {'k1': 0.01889771394135163, 'D_low': 70.18267183720735, 'k2': 0.0012040762895973265, 'D_high': 1578.0309954142967, 'fire_exp': 1.423480109671474, 'P_half': 9.324787201197319, 'pre_dampen_half': 241.6951931920675, 'gpp_af': 0.10409127568994281, 'gpp_b': 1.598364670380439e-05, 'gpp_d': 8.057329182285729, 'ign_k': 5.351470428717439, 'ign_c': 20.03995359361212, 'trop_agb_crit': 1.331177446539379, 'trop_k_veg': 2.587938629755798}.[0m
[32m[I 2026-07-18 18:54:12,977][0m Trial 787 finished with values: [-0.0014527140965086161, 0.0016173361816506082] and parameters: {'k1': 0.02938501958389821, 'D_low': 70.18267183720735, 'k2': 0.0005342937261279771, 'D_high': 29812.370697208808, 'fire_exp': 1.423480109671474, 'P_half': 3554.812765190894, 'pre_dampen_half': 0.011501973785501987, 'gpp_af': 1.316123438354287, 'gpp_b': 7.007213496896404e-05, 'gpp_d': 64.20268021730274, 'ign_k': 5.351470428717439, 'ign_c': 20.03995359361212, 'trop_agb_crit': 1.331177446539379, 'trop_k_veg': 0.6743482387129308}.[0m
[32m[I 2026-07-18 18:54:13,440][0m Trial 788 finished with values: [-9.053941116166281e-07, 8.974273890682838e-08] and parameters: {'k1': 0.07799059237255677, 'D_low': 7.46475488144212, 'k2': 0.032845299795769396, 'D_high': 3712.591045287733, 'fire_exp': 1.450870712623418, 'P_half': 64.13139914374976, 'pre_dampen_half': 0.03751320096826995, 'gpp_af': 0.00515795696727661, 'gpp_b': 0.01666658176842624, 'gpp_d': 8.571213555597648, 'ign_k': 0.6024590664672947, 'ign_c': 30.28574109895626, 'trop_agb_crit': 1.7708319837489073, 'trop_k_veg': 1.7517490491468353}.[0m
[32m[I 2026-07-18 18:54:13,903][0m Trial 789 finished with values: [-0.01760377936336235, 0.0009336598011551178] and parameters: {'k1': 0.04541457206426161, 'D_low': 70.18267183720735, 'k2': 0.012758211164590085, 'D_high': 8861.24980446324, 'fire_exp': 1.165368636520435, 'P_half': 712.8188058401365, 'pre_dampen_half': 0.03751320096826995, 'gpp_af': 0.27997858752477867, 'gpp_b': 0.01666658176842624, 'gpp_d': 660.9129108295722, 'ign_k': 8.708806168038567, 'ign_c': 0.1948891005130867, 'trop_agb_crit': 1.6878075072665546, 'trop_k_veg': 4.9897488945787245}.[0m
[32m[I 2026-07-18 18:54:14,367][0m Trial 790 finished with values: [-0.001678791604935826, 4.171934284635803e-05] and parameters: {'k1': 0.04541457206426161, 'D_low': 1.9977959434035766, 'k2': 0.0005342937261279771, 'D_high': 8182.111518618414, 'fire_exp': 6.234638880169447, 'P_half': 175.2878790340412, 'pre_dampen_half': 0.08049089337224259, 'gpp_af': 0.2901272149738624, 'gpp_b': 0.006906522645653115, 'gpp_d': 25.444227489578886, 'ign_k': 2.396079612430075, 'ign_c': 0.5342106255632174, 'trop_agb_crit': 1.331177446539379, 'trop_k_veg': 0.902411054575325}.[0m
[32m[I 2026-07-18 18:54:14,833][0m Trial 791 finished with values: [-0.014038367266076017, 0.0005067112193009038] and parameters: {'k1': 0.04541457206426161, 'D_low': 31.585104499227995, 'k2': 0.00035868164986275477, 'D_high': 61536.58035691659, 'fire_exp': 3.5637467870629145, 'P_half': 175.2878790340412, 'pre_dampen_half': 0.2888838362365318, 'gpp_af': 0.0038793182938363898, 'gpp_b': 7.007213496896404e-05, 'gpp_d': 150.14555442537656, 'ign_k': 1.0484531351650956, 'ign_c': 0.1948891005130867, 'trop_agb_crit': 1.6878075072665546, 'trop_k_veg': 0.902411054575325}.[0m
[32m[I 2026-07-18 18:54:15,301][0m Trial 792 finished with values: [-3.5453698060805547e-07, 1.0593867083574793e-07] and parameters: {'k1': 0.011966626407443505, 'D_low': 7.299348683062307, 'k2': 0.0007047307383115598, 'D_high': 2940.51756322311, 'fire_exp': 2.61565689708108, 'P_half': 3554.812765190894, 'pre_dampen_half': 0.2128140089453379, 'gpp_af': 20.605605824266945, 'gpp_b': 0.2272730825106818, 'gpp_d': 660.9129108295722, 'ign_k': 8.708806168038567, 'ign_c': 29.690870944846793, 'trop_agb_crit': 7.499945891579917, 'trop_k_veg': 6.9782110227926815}.[0m
[32m[I 2026-07-18 18:54:15,762][0m Trial 793 finished with values: [-0.010108684029255747, 0.00041858194943067417] and parameters: {'k1': 0.007530210437963516, 'D_low': 4.484744524732794, 'k2': 0.0353875886477924, 'D_high': 774.2116473996249, 'fire_exp': 1.1174086754605184, 'P_half': 712.8188058401365, 'pre_dampen_half': 0.011501973785501987, 'gpp_af': 0.01719951378854337, 'gpp_b': 0.0005744663972188569, 'gpp_d': 2.944272359149678, 'ign_k': 0.12906379659404604, 'ign_c': 0.5342106255632174, 'trop_agb_crit': 1.0903028125370984, 'trop_k_veg': 6.9782110227926815}.[0m
[32m[I 2026-07-18 18:54:16,231][0m Trial 794 finished with values: [-0.07228591919709303, 0.009522025057826844] and parameters: {'k1': 0.04541457206426161, 'D_low': 70.18267183720735, 'k2': 0.0012040762895973265, 'D_high': 1578.0309954142967, 'fire_exp': 1.6733848721157607, 'P_half': 9.324787201197319, 'pre_dampen_half': 0.2888838362365318, 'gpp_af': 0.10409127568994281, 'gpp_b': 1.598364670380439e-05, 'gpp_d': 150.14555442537656, 'ign_k': 5.351470428717439, 'ign_c': 3.5828811741825057, 'trop_agb_crit': 1.0903028125370984, 'trop_k_veg': 2.587938629755798}.[0m
[32m[I 2026-07-18 18:54:16,698][0m Trial 795 finished with values: [-0.005857184643687825, 0.0005080199254184903] and parameters: {'k1': 0.007530210437963516, 'D_low': 4.484744524732794, 'k2': 0.0007047307383115598, 'D_high': 73.6137938035779, 'fire_exp': 1.1174086754605184, 'P_half': 2.414672422128219, 'pre_dampen_half': 0.011501973785501987, 'gpp_af': 2.555721998081809, 'gpp_b': 0.2272730825106818, 'gpp_d': 229.41380323183625, 'ign_k': 8.103949702339493, 'ign_c': 5.130551760589832, 'trop_agb_crit': 24.584290528289387, 'trop_k_veg': 0.8674561439130763}.[0m
[32m[I 2026-07-18 18:54:17,151][0m Trial 796 finished with values: [-0.3652903363355312, 0.03132394539523897] and parameters: {'k1': 0.01889771394135163, 'D_low': 7.299348683062307, 'k2': 0.0012040762895973265, 'D_high': 1578.0309954142967, 'fire_exp': 2.61565689708108, 'P_half': 1.2432381951316052, 'pre_dampen_half': 241.6951931920675, 'gpp_af': 0.10409127568994281, 'gpp_b': 1.598364670380439e-05, 'gpp_d': 8.057329182285729, 'ign_k': 5.351470428717439, 'ign_c': 20.03995359361212, 'trop_agb_crit': 1.331177446539379, 'trop_k_veg': 2.587938629755798}.[0m
[32m[I 2026-07-18 18:54:17,601][0m Trial 797 finished with values: [-0.0002072784639235337, 7.768723031098546e-06] and parameters: {'k1': 0.007530210437963516, 'D_low': 31.585104499227995, 'k2': 0.032845299795769396, 'D_high': 3712.591045287733, 'fire_exp': 4.385019211707302, 'P_half': 268.1489769414653, 'pre_dampen_half': 0.0399066504395798, 'gpp_af': 0.001111693990724459, 'gpp_b': 0.0005744663972188569, 'gpp_d': 8.057329182285729, 'ign_k': 5.351470428717439, 'ign_c': 1.0623096700264116, 'trop_agb_crit': 1.331177446539379, 'trop_k_veg': 3.49157152291552}.[0m
