[32m[I 2026-07-18 18:51:35,282][0m Trial 456 finished with values: [-0.06899390529945205, 0.015089618342884803] and parameters: {'k1': 0.01889771394135163, 'D_low': 70.18267183720735, 'k2': 0.0018170401889219116, 'D_high': 8182.111518618414, 'fire_exp': 1.0629462657398439, 'P_half': 9.324787201197319, 'pre_dampen_half': 10.00236596950633, 'gpp_af': 0.7539992074650282, 'gpp_b': 0.0005623095666134974, 'gpp_d': 6.283500537123675, 'ign_k': 0.6024590664672947, 'ign_c': 30.28574109895626, 'trop_agb_crit': 7.599113148200974, 'trop_k_veg': 6.9782110227926815}.[0m
[32m[I 2026-07-18 18:51:35,745][0m Trial 457 finished with values: [-4.995533297595918e-13, 1.3126639775151716e-09] and parameters: {'k1': 0.002155595057104387, 'D_low': 70.18267183720735, 'k2': 0.0007047307383115598, 'D_high': 2940.51756322311, 'fire_exp': 7.2464015659352805, 'P_half': 221.2683656611821, 'pre_dampen_half': 3.3841016089580047, 'gpp_af': 0.1476584299248268, 'gpp_b': 0.42247700890263673, 'gpp_d': 79.29666901664753, 'ign_k': 8.708806168038567, 'ign_c': 5.130551760589832, 'trop_agb_crit': 10.691477813613638, 'trop_k_veg': 0.5772603928610088}.[0m
[32m[I 2026-07-18 18:51:36,215][0m Trial 458 finished with values: [-0.0001908752626904112, 1.5233186841934199e-05] and parameters: {'k1': 0.01889771394135163, 'D_low': 70.18267183720735, 'k2': 0.00035868164986275477, 'D_high': 29812.370697208808, 'fire_exp': 1.6733848721157607, 'P_half': 712.8188058401365, 'pre_dampen_half': 0.011501973785501987, 'gpp_af': 0.0038793182938363898, 'gpp_b': 0.006906522645653115, 'gpp_d': 64.20268021730274, 'ign_k': 0.12906379659404604, 'ign_c': 5.130551760589832, 'trop_agb_crit': 1.331177446539379, 'trop_k_veg': 6.9782110227926815}.[0m
[32m[I 2026-07-18 18:51:36,694][0m Trial 459 finished with values: [-0.017293205977897432, 0.0036579940596064286] and parameters: {'k1': 0.01889771394135163, 'D_low': 70.18267183720735, 'k2': 0.00035868164986275477, 'D_high': 8182.111518618414, 'fire_exp': 1.6733848721157607, 'P_half': 3554.812765190894, 'pre_dampen_half': 107.40052367919465, 'gpp_af': 9.419931479490897, 'gpp_b': 0.0005752434266899163, 'gpp_d': 150.14555442537656, 'ign_k': 8.708806168038567, 'ign_c': 20.03995359361212, 'trop_agb_crit': 1.0903028125370984, 'trop_k_veg': 6.9782110227926815}.[0m
[32m[I 2026-07-18 18:51:37,168][0m Trial 460 finished with values: [-8.398179003976784e-12, 8.360867553847129e-12] and parameters: {'k1': 0.0012056765208549535, 'D_low': 70.18267183720735, 'k2': 1.4403740929157842e-05, 'D_high': 146.1896279370497, 'fire_exp': 2.561257322703973, 'P_half': 9.324787201197319, 'pre_dampen_half': 0.2888838362365318, 'gpp_af': 0.10409127568994281, 'gpp_b': 0.42247700890263673, 'gpp_d': 660.9129108295722, 'ign_k': 8.708806168038567, 'ign_c': 30.28574109895626, 'trop_agb_crit': 7.599113148200974, 'trop_k_veg': 0.902411054575325}.[0m
[32m[I 2026-07-18 18:51:37,628][0m Trial 461 finished with values: [-0.000984089192672854, 0.0007994638606241278] and parameters: {'k1': 0.0012056765208549535, 'D_low': 3.4487261314487374, 'k2': 0.0353875886477924, 'D_high': 2940.51756322311, 'fire_exp': 2.100650708889295, 'P_half': 175.2878790340412, 'pre_dampen_half': 0.03751320096826995, 'gpp_af': 0.1476584299248268, 'gpp_b': 6.369295096609023e-05, 'gpp_d': 64.20268021730274, 'ign_k': 0.0013320984762921239, 'ign_c': 8.405439129313676, 'trop_agb_crit': 2.4645410377327237, 'trop_k_veg': 6.9782110227926815}.[0m
[32m[I 2026-07-18 18:51:38,087][0m Trial 462 finished with values: [-7.978147326899406e-06, 5.121960072518306e-06] and parameters: {'k1': 0.0699458988153545, 'D_low': 7.299348683062307, 'k2': 0.0005342937261279771, 'D_high': 60107.420288647445, 'fire_exp': 6.234638880169447, 'P_half': 712.8188058401365, 'pre_dampen_half': 7.665128204660192, 'gpp_af': 0.2901272149738624, 'gpp_b': 0.2272730825106818, 'gpp_d': 757.2868182332339, 'ign_k': 2.396079612430075, 'ign_c': 1.958059531975039, 'trop_agb_crit': 1.0903028125370984, 'trop_k_veg': 0.6743482387129308}.[0m
[32m[I 2026-07-18 18:51:38,541][0m Trial 463 finished with values: [-4.972284976960115e-09, 5.562852645191185e-08] and parameters: {'k1': 0.07799059237255677, 'D_low': 7.299348683062307, 'k2': 0.0005342937261279771, 'D_high': 8182.111518618414, 'fire_exp': 6.234638880169447, 'P_half': 712.8188058401365, 'pre_dampen_half': 2.526589786942217, 'gpp_af': 0.2901272149738624, 'gpp_b': 0.2272730825106818, 'gpp_d': 40.95062894476691, 'ign_k': 0.006290644294586149, 'ign_c': 1.958059531975039, 'trop_agb_crit': 1.0903028125370984, 'trop_k_veg': 5.198868247525918}.[0m
[32m[I 2026-07-18 18:51:38,996][0m Trial 464 finished with values: [-0.023777671688556358, 0.004007685045449794] and parameters: {'k1': 2.6285770615112825e-05, 'D_low': 70.18267183720735, 'k2': 0.00035868164986275477, 'D_high': 25628.666000163565, 'fire_exp': 1.165368636520435, 'P_half': 12.808863354047988, 'pre_dampen_half': 0.2128140089453379, 'gpp_af': 0.0038793182938363898, 'gpp_b': 7.007213496896404e-05, 'gpp_d': 660.9129108295722, 'ign_k': 1.0484531351650956, 'ign_c': 20.23326185206641, 'trop_agb_crit': 1.331177446539379, 'trop_k_veg': 3.49157152291552}.[0m
[32m[I 2026-07-18 18:51:39,465][0m Trial 465 finished with values: [-0.00036399937746993605, 0.00046149444742726864] and parameters: {'k1': 2.316457903103837e-05, 'D_low': 2.6692731167228954, 'k2': 0.0004976087827261435, 'D_high': 29812.370697208808, 'fire_exp': 1.6733848721157607, 'P_half': 221.2683656611821, 'pre_dampen_half': 0.011501973785501987, 'gpp_af': 1.1409619915696272, 'gpp_b': 0.006906522645653115, 'gpp_d': 0.03927259340973168, 'ign_k': 5.351470428717439, 'ign_c': 20.23326185206641, 'trop_agb_crit': 12.647327018493208, 'trop_k_veg': 6.45312300188076}.[0m
[32m[I 2026-07-18 18:51:39,933][0m Trial 466 finished with values: [-0.004406389084731693, 0.008338027368431478] and parameters: {'k1': 0.002155595057104387, 'D_low': 3.4487261314487374, 'k2': 1.7926680648388784e-05, 'D_high': 21.947742689197344, 'fire_exp': 2.100650708889295, 'P_half': 323.6099399575106, 'pre_dampen_half': 3.3841016089580047, 'gpp_af': 1.5386842469144075, 'gpp_b': 1.284284091405877e-05, 'gpp_d': 757.2868182332339, 'ign_k': 5.351470428717439, 'ign_c': 1.958059531975039, 'trop_agb_crit': 1.0903028125370984, 'trop_k_veg': 4.9897488945787245}.[0m
[32m[I 2026-07-18 18:51:40,412][0m Trial 467 finished with values: [-1.2099148271931313e-12, 5.93625149036825e-11] and parameters: {'k1': 0.01889771394135163, 'D_low': 31.585104499227995, 'k2': 0.015827817125573202, 'D_high': 25628.666000163565, 'fire_exp': 3.2181803496180783, 'P_half': 3554.812765190894, 'pre_dampen_half': 0.03751320096826995, 'gpp_af': 0.27997858752477867, 'gpp_b': 0.01666658176842624, 'gpp_d': 0.01392878970664331, 'ign_k': 8.708806168038567, 'ign_c': 30.28574109895626, 'trop_agb_crit': 6.119263728555865, 'trop_k_veg': 0.9781855536301393}.[0m
[32m[I 2026-07-18 18:51:40,883][0m Trial 468 finished with values: [-0.000882516005309018, 0.00035414078968398766] and parameters: {'k1': 0.0012056765208549535, 'D_low': 3.4487261314487374, 'k2': 0.0353875886477924, 'D_high': 774.2116473996249, 'fire_exp': 2.100650708889295, 'P_half': 175.2878790340412, 'pre_dampen_half': 4.187466509282844, 'gpp_af': 0.7539992074650282, 'gpp_b': 0.42247700890263673, 'gpp_d': 6.283500537123675, 'ign_k': 0.12329098365270519, 'ign_c': 0.5342106255632174, 'trop_agb_crit': 1.0903028125370984, 'trop_k_veg': 0.902411054575325}.[0m
[32m[I 2026-07-18 18:51:41,356][0m Trial 469 finished with values: [-0.0018175062969252485, 0.0015199863818924353] and parameters: {'k1': 0.0012056765208549535, 'D_low': 70.18267183720735, 'k2': 0.012758211164590085, 'D_high': 25628.666000163565, 'fire_exp': 1.165368636520435, 'P_half': 712.8188058401365, 'pre_dampen_half': 0.2128140089453379, 'gpp_af': 0.10409127568994281, 'gpp_b': 6.369295096609023e-05, 'gpp_d': 660.9129108295722, 'ign_k': 1.0484531351650956, 'ign_c': 30.28574109895626, 'trop_agb_crit': 1.553492793799819, 'trop_k_veg': 0.902411054575325}.[0m
[32m[I 2026-07-18 18:51:41,821][0m Trial 470 finished with values: [-0.087303850527091, 0.02699187975303763] and parameters: {'k1': 0.008287522363768155, 'D_low': 77.31571570012609, 'k2': 0.0018170401889219116, 'D_high': 8182.111518618414, 'fire_exp': 1.0629462657398439, 'P_half': 65.03622711342449, 'pre_dampen_half': 4.187466509282844, 'gpp_af': 0.7539992074650282, 'gpp_b': 0.42247700890263673, 'gpp_d': 6.283500537123675, 'ign_k': 0.12329098365270519, 'ign_c': 0.5342106255632174, 'trop_agb_crit': 1.0903028125370984, 'trop_k_veg': 6.889798778165608}.[0m
[32m[I 2026-07-18 18:51:42,281][0m Trial 471 finished with values: [-0.08398557052242374, 0.038055994979879215] and parameters: {'k1': 0.008287522363768155, 'D_low': 77.31571570012609, 'k2': 0.0018170401889219116, 'D_high': 61536.58035691659, 'fire_exp': 1.0629462657398439, 'P_half': 221.2683656611821, 'pre_dampen_half': 4.187466509282844, 'gpp_af': 2.555721998081809, 'gpp_b': 0.2272730825106818, 'gpp_d': 6.283500537123675, 'ign_k': 0.12329098365270519, 'ign_c': 0.5342106255632174, 'trop_agb_crit': 1.0903028125370984, 'trop_k_veg': 0.5772603928610088}.[0m
[32m[I 2026-07-18 18:51:42,753][0m Trial 472 finished with values: [-6.19716093867025e-05, 0.000832868680381349] and parameters: {'k1': 4.540076719227351e-05, 'D_low': 70.18267183720735, 'k2': 0.004579192310322934, 'D_high': 774.2116473996249, 'fire_exp': 2.284706851725763, 'P_half': 712.8188058401365, 'pre_dampen_half': 107.40052367919465, 'gpp_af': 0.06002934191396867, 'gpp_b': 0.00431329787498825, 'gpp_d': 0.43986836285294123, 'ign_k': 0.07091190338709638, 'ign_c': 30.28574109895626, 'trop_agb_crit': 28.66951114938682, 'trop_k_veg': 4.4644194212034}.[0m
[32m[I 2026-07-18 18:51:43,213][0m Trial 473 finished with values: [-6.877589597927025e-06, 8.580780548328448e-07] and parameters: {'k1': 0.041833856821460395, 'D_low': 31.585104499227995, 'k2': 0.032845299795769396, 'D_high': 15351.441568398131, 'fire_exp': 1.450870712623418, 'P_half': 3554.812765190894, 'pre_dampen_half': 0.03751320096826995, 'gpp_af': 0.00515795696727661, 'gpp_b': 0.0005744663972188569, 'gpp_d': 21.14381609520636, 'ign_k': 0.48986208235548445, 'ign_c': 30.28574109895626, 'trop_agb_crit': 24.584290528289387, 'trop_k_veg': 1.9938441068366919}.[0m
[32m[I 2026-07-18 18:51:43,683][0m Trial 474 finished with values: [-3.114739909799812e-05, 2.3370375236142493e-06] and parameters: {'k1': 0.03635503353478365, 'D_low': 70.18267183720735, 'k2': 0.012758211164590085, 'D_high': 2940.51756322311, 'fire_exp': 1.165368636520435, 'P_half': 3554.812765190894, 'pre_dampen_half': 0.03751320096826995, 'gpp_af': 0.27997858752477867, 'gpp_b': 0.01666658176842624, 'gpp_d': 660.9129108295722, 'ign_k': 8.708806168038567, 'ign_c': 29.690870944846793, 'trop_agb_crit': 3.5747129226002423, 'trop_k_veg': 6.9782110227926815}.[0m
[32m[I 2026-07-18 18:51:44,142][0m Trial 475 finished with values: [-1.2782654829265042e-12, 2.173838886676549e-11] and parameters: {'k1': 2.316457903103837e-05, 'D_low': 83.62695993649682, 'k2': 0.012758211164590085, 'D_high': 45914.85216740541, 'fire_exp': 1.423480109671474, 'P_half': 3554.812765190894, 'pre_dampen_half': 0.011501973785501987, 'gpp_af': 0.10409127568994281, 'gpp_b': 3.083723329640505, 'gpp_d': 64.20268021730274, 'ign_k': 5.351470428717439, 'ign_c': 30.28574109895626, 'trop_agb_crit': 10.905006748783771, 'trop_k_veg': 0.902411054575325}.[0m
[32m[I 2026-07-18 18:51:44,599][0m Trial 476 finished with values: [-0.16451701180130865, 0.05302027428478351] and parameters: {'k1': 0.041833856821460395, 'D_low': 173.2186836611753, 'k2': 0.012758211164590085, 'D_high': 25628.666000163565, 'fire_exp': 1.165368636520435, 'P_half': 12.808863354047988, 'pre_dampen_half': 0.2128140089453379, 'gpp_af': 0.7539992074650282, 'gpp_b': 0.0005744663972188569, 'gpp_d': 21.14381609520636, 'ign_k': 1.0484531351650956, 'ign_c': 15.221840161091619, 'trop_agb_crit': 24.584290528289387, 'trop_k_veg': 0.5772603928610088}.[0m
[32m[I 2026-07-18 18:51:45,048][0m Trial 477 finished with values: [-0.016656798408411434, 0.0036107546642706323] and parameters: {'k1': 0.0012056765208549535, 'D_low': 2.946000090510885, 'k2': 0.0012040762895973265, 'D_high': 25628.666000163565, 'fire_exp': 1.3340920378182823, 'P_half': 175.2878790340412, 'pre_dampen_half': 241.6951931920675, 'gpp_af': 0.00111906222790675, 'gpp_b': 6.369295096609023e-05, 'gpp_d': 0.01392878970664331, 'ign_k': 0.5524095129928629, 'ign_c': 30.28574109895626, 'trop_agb_crit': 10.965064494899984, 'trop_k_veg': 0.902411054575325}.[0m
[32m[I 2026-07-18 18:51:45,502][0m Trial 478 finished with values: [-0.03985979342612556, 0.022085865127880466] and parameters: {'k1': 1.4002277211577026e-05, 'D_low': 20.22298375423134, 'k2': 0.0018170401889219116, 'D_high': 1123.9682517242118, 'fire_exp': 1.423480109671474, 'P_half': 65.03622711342449, 'pre_dampen_half': 4.187466509282844, 'gpp_af': 0.6403036652671174, 'gpp_b': 1.598364670380439e-05, 'gpp_d': 84.31013932082456, 'ign_k': 5.351470428717439, 'ign_c': 0.5342106255632174, 'trop_agb_crit': 18.748298427129946, 'trop_k_veg': 1.0594599158279707}.[0m
[32m[I 2026-07-18 18:51:45,995][0m Trial 479 finished with values: [-1.483460792000544e-08, 5.91083398893133e-08] and parameters: {'k1': 0.07799059237255677, 'D_low': 7.299348683062307, 'k2': 0.0007047307383115598, 'D_high': 1177.190025324204, 'fire_exp': 2.667972213959779, 'P_half': 3554.812765190894, 'pre_dampen_half': 0.1875872314533727, 'gpp_af': 0.10409127568994281, 'gpp_b': 0.2272730825106818, 'gpp_d': 660.9129108295722, 'ign_k': 8.708806168038567, 'ign_c': 5.130551760589832, 'trop_agb_crit': 1.0903028125370984, 'trop_k_veg': 0.5772603928610088}.[0m
  trial  480/2500  pareto_size=32  best_taylor=0.7247  best_ilamb=0.5954  (3.7 min)
[32m[I 2026-07-18 18:51:46,565][0m Trial 480 finished with values: [-0.2932337469767009, 0.10324340128292309] and parameters: {'k1': 0.004312951023617458, 'D_low': 1.9977959434035766, 'k2': 2.246290894032394e-05, 'D_high': 3712.591045287733, 'fire_exp': 1.0629462657398439, 'P_half': 712.8188058401365, 'pre_dampen_half': 502.5175192217655, 'gpp_af': 0.7539992074650282, 'gpp_b': 0.0021331409710300844, 'gpp_d': 150.14555442537656, 'ign_k': 3.5891558714508416, 'ign_c': 15.221840161091619, 'trop_agb_crit': 3.2954785755570537, 'trop_k_veg': 0.6743482387129308}.[0m
[32m[I 2026-07-18 18:51:47,037][0m Trial 481 finished with values: [-2.139467454026409e-06, 1.4596495473417903e-06] and parameters: {'k1': 0.01889771394135163, 'D_low': 31.585104499227995, 'k2': 0.015827817125573202, 'D_high': 503.20593472868, 'fire_exp': 2.667972213959779, 'P_half': 3554.812765190894, 'pre_dampen_half': 0.03751320096826995, 'gpp_af': 0.27997858752477867, 'gpp_b': 0.2272730825106818, 'gpp_d': 8.057329182285729, 'ign_k': 5.351470428717439, 'ign_c': 5.130551760589832, 'trop_agb_crit': 1.0903028125370984, 'trop_k_veg': 4.030242248006271}.[0m
[32m[I 2026-07-18 18:51:47,503][0m Trial 482 finished with values: [-1.1762912095094656e-07, 9.798994948795325e-10] and parameters: {'k1': 0.011966626407443505, 'D_low': 1.3577269394141454, 'k2': 0.0353875886477924, 'D_high': 25628.666000163565, 'fire_exp': 2.61565689708108, 'P_half': 712.8188058401365, 'pre_dampen_half': 0.2128140089453379, 'gpp_af': 0.7539992074650282, 'gpp_b': 0.42247700890263673, 'gpp_d': 64.20268021730274, 'ign_k': 1.0484531351650956, 'ign_c': 30.28574109895626, 'trop_agb_crit': 7.499945891579917, 'trop_k_veg': 0.902411054575325}.[0m
[32m[I 2026-07-18 18:51:47,960][0m Trial 483 finished with values: [-0.00013937943615502827, 0.00015596511565008075] and parameters: {'k1': 0.0012056765208549535, 'D_low': 37.35862630812753, 'k2': 0.0005342937261279771, 'D_high': 503.20593472868, 'fire_exp': 2.878298002135838, 'P_half': 2.062120257534816, 'pre_dampen_half': 0.03751320096826995, 'gpp_af': 0.04403094955951772, 'gpp_b': 7.210246166617508e-05, 'gpp_d': 8.057329182285729, 'ign_k': 0.18697387216131534, 'ign_c': 8.405439129313676, 'trop_agb_crit': 1.331177446539379, 'trop_k_veg': 3.49157152291552}.[0m
[32m[I 2026-07-18 18:51:48,419][0m Trial 484 finished with values: [-2.2652615416699795e-16, 0.0] and parameters: {'k1': 0.004053638704742309, 'D_low': 7.46475488144212, 'k2': 0.0007047307383115598, 'D_high': 29812.370697208808, 'fire_exp': 2.494154063094566, 'P_half': 7126.727573532312, 'pre_dampen_half': 3.3841016089580047, 'gpp_af': 0.0038793182938363898, 'gpp_b': 0.42247700890263673, 'gpp_d': 2.944272359149678, 'ign_k': 5.351470428717439, 'ign_c': 20.23326185206641, 'trop_agb_crit': 1.285305820648146, 'trop_k_veg': 0.8674561439130763}.[0m
[32m[I 2026-07-18 18:51:48,880][0m Trial 485 finished with values: [-7.137052823987663e-11, 7.774817345485019e-09] and parameters: {'k1': 2.316457903103837e-05, 'D_low': 4.513311251103462, 'k2': 0.00035868164986275477, 'D_high': 8182.111518618414, 'fire_exp': 1.6733848721157607, 'P_half': 712.8188058401365, 'pre_dampen_half': 0.011501973785501987, 'gpp_af': 0.0038793182938363898, 'gpp_b': 0.42247700890263673, 'gpp_d': 64.20268021730274, 'ign_k': 0.12906379659404604, 'ign_c': 5.130551760589832, 'trop_agb_crit': 1.331177446539379, 'trop_k_veg': 3.49157152291552}.[0m
[32m[I 2026-07-18 18:51:49,331][0m Trial 486 finished with values: [-7.988366519794734e-07, 9.098329836199071e-07] and parameters: {'k1': 2.316457903103837e-05, 'D_low': 31.585104499227995, 'k2': 0.00035868164986275477, 'D_high': 1123.9682517242118, 'fire_exp': 1.6733848721157607, 'P_half': 3554.812765190894, 'pre_dampen_half': 0.011501973785501987, 'gpp_af': 0.6403036652671174, 'gpp_b': 0.42247700890263673, 'gpp_d': 84.31013932082456, 'ign_k': 0.6161423618045314, 'ign_c': 20.23326185206641, 'trop_agb_crit': 18.748298427129946, 'trop_k_veg': 0.6743482387129308}.[0m
[32m[I 2026-07-18 18:51:49,784][0m Trial 487 finished with values: [-1.9957231110726756e-05, 1.704958774506604e-05] and parameters: {'k1': 0.008471801418819975, 'D_low': 37.35862630812753, 'k2': 0.0007047307383115598, 'D_high': 1578.0309954142967, 'fire_exp': 2.878298002135838, 'P_half': 3554.812765190894, 'pre_dampen_half': 7.665128204660192, 'gpp_af': 0.0038488863031271342, 'gpp_b': 6.255968081638362e-05, 'gpp_d': 64.20268021730274, 'ign_k': 0.18697387216131534, 'ign_c': 0.3277320296937064, 'trop_agb_crit': 6.891704535458281, 'trop_k_veg': 3.3819606566552936}.[0m
[32m[I 2026-07-18 18:51:50,240][0m Trial 488 finished with values: [-0.000492309806827581, 0.0002892649607453279] and parameters: {'k1': 0.011966626407443505, 'D_low': 83.62695993649682, 'k2': 0.026471946255259393, 'D_high': 25628.666000163565, 'fire_exp': 1.0629462657398439, 'P_half': 712.8188058401365, 'pre_dampen_half': 0.2128140089453379, 'gpp_af': 0.7539992074650282, 'gpp_b': 3.083723329640505, 'gpp_d': 64.20268021730274, 'ign_k': 1.0484531351650956, 'ign_c': 5.130551760589832, 'trop_agb_crit': 1.0903028125370984, 'trop_k_veg': 0.6743482387129308}.[0m
[32m[I 2026-07-18 18:51:50,700][0m Trial 489 finished with values: [-7.379366794813758e-16, 1.3377521312918361e-11] and parameters: {'k1': 0.04541457206426161, 'D_low': 70.18267183720735, 'k2': 0.00035868164986275477, 'D_high': 146.1896279370497, 'fire_exp': 2.561257322703973, 'P_half': 1593.4806585556198, 'pre_dampen_half': 0.011501973785501987, 'gpp_af': 0.0038793182938363898, 'gpp_b': 0.42247700890263673, 'gpp_d': 64.20268021730274, 'ign_k': 0.12906379659404604, 'ign_c': 0.6318310680434649, 'trop_agb_crit': 1.285305820648146, 'trop_k_veg': 6.9782110227926815}.[0m
[32m[I 2026-07-18 18:51:51,160][0m Trial 490 finished with values: [-0.002337048267182329, 0.017369457163820323] and parameters: {'k1': 0.0012056765208549535, 'D_low': 70.18267183720735, 'k2': 0.032845299795769396, 'D_high': 2940.51756322311, 'fire_exp': 1.4705594362141987, 'P_half': 3554.812765190894, 'pre_dampen_half': 107.40052367919465, 'gpp_af': 0.1476584299248268, 'gpp_b': 6.369295096609023e-05, 'gpp_d': 64.20268021730274, 'ign_k': 0.0013320984762921239, 'ign_c': 20.03995359361212, 'trop_agb_crit': 3.5747129226002423, 'trop_k_veg': 6.9782110227926815}.[0m
[32m[I 2026-07-18 18:51:51,630][0m Trial 491 finished with values: [-0.013742641686753716, 0.004335341285011118] and parameters: {'k1': 0.011966626407443505, 'D_low': 70.18267183720735, 'k2': 7.91442361215536e-05, 'D_high': 774.2116473996249, 'fire_exp': 1.2722364682603622, 'P_half': 712.8188058401365, 'pre_dampen_half': 0.5682966065442919, 'gpp_af': 0.7539992074650282, 'gpp_b': 0.0005744663972188569, 'gpp_d': 15.210771689632104, 'ign_k': 0.48986208235548445, 'ign_c': 15.221840161091619, 'trop_agb_crit': 1.331177446539379, 'trop_k_veg': 3.1473758868965485}.[0m
[32m[I 2026-07-18 18:51:52,088][0m Trial 492 finished with values: [-3.25465392437404e-06, 1.1369202322919492e-06] and parameters: {'k1': 0.00016480446427978953, 'D_low': 7.46475488144212, 'k2': 0.0007047307383115598, 'D_high': 61536.58035691659, 'fire_exp': 1.423480109671474, 'P_half': 712.8188058401365, 'pre_dampen_half': 0.2888838362365318, 'gpp_af': 0.6403036652671174, 'gpp_b': 0.42247700890263673, 'gpp_d': 64.20268021730274, 'ign_k': 0.6697348618512099, 'ign_c': 30.28574109895626, 'trop_agb_crit': 10.691477813613638, 'trop_k_veg': 0.902411054575325}.[0m
[32m[I 2026-07-18 18:51:52,545][0m Trial 493 finished with values: [-2.0000000000000005e-60, 0.0] and parameters: {'k1': 0.011966626407443505, 'D_low': 31.585104499227995, 'k2': 0.0012040762895973265, 'D_high': 29812.370697208808, 'fire_exp': 3.5637467870629145, 'P_half': 220.3445560633069, 'pre_dampen_half': 0.9166964238460101, 'gpp_af': 0.0014385690886336343, 'gpp_b': 4.142604546363618, 'gpp_d': 0.43986836285294123, 'ign_k': 0.07091190338709638, 'ign_c': 30.28574109895626, 'trop_agb_crit': 12.71480504859747, 'trop_k_veg': 4.4644194212034}.[0m
