[32m[I 2026-07-18 18:49:13,856][0m Trial 152 finished with values: [-8.475414134476507e-19, 0.0] and parameters: {'k1': 3.511445258128687e-05, 'D_low': 248.10409748678117, 'k2': 0.000252551664529441, 'D_high': 42.07053950287937, 'fire_exp': 8.646288834805796, 'P_half': 2915.443189153754, 'pre_dampen_half': 10.129197956845726, 'gpp_af': 0.05511595477601764, 'gpp_b': 0.012132126638791128, 'gpp_d': 707.2114131472224, 'ign_k': 0.8517034154701658, 'ign_c': 0.7068974950624601, 'trop_agb_crit': 18.785197416433792, 'trop_k_veg': 6.955154171468271}.[0m
[32m[I 2026-07-18 18:49:14,365][0m Trial 153 finished with values: [-0.0039634099304133134, 0.01881568785515142] and parameters: {'k1': 0.00031134168041628584, 'D_low': 7.240382572465288, 'k2': 1.6991629902581918e-05, 'D_high': 18.942844905792818, 'fire_exp': 1.2611826901294014, 'P_half': 4.213183643253957, 'pre_dampen_half': 0.012952289461753311, 'gpp_af': 2.6003623362924246, 'gpp_b': 2.6738182964551835e-05, 'gpp_d': 0.22048893356595609, 'ign_k': 0.00840038491455979, 'ign_c': 0.2537994662905845, 'trop_agb_crit': 1.331177446539379, 'trop_k_veg': 1.0923378209074768}.[0m
[32m[I 2026-07-18 18:49:14,881][0m Trial 154 finished with values: [-3.296159575590731e-09, 2.0824021624843425e-06] and parameters: {'k1': 0.0699458988153545, 'D_low': 4182.178526757453, 'k2': 6.069662445477729e-05, 'D_high': 18.942844905792818, 'fire_exp': 1.2611826901294014, 'P_half': 8320.133621840185, 'pre_dampen_half': 2.9046276683520444, 'gpp_af': 0.04403094955951772, 'gpp_b': 0.06315461993576105, 'gpp_d': 0.3934396739328545, 'ign_k': 0.002011190979341457, 'ign_c': 0.3277320296937064, 'trop_agb_crit': 1.5457499114893816, 'trop_k_veg': 0.7618668427217097}.[0m
[32m[I 2026-07-18 18:49:15,406][0m Trial 155 finished with values: [-2.060612492596504e-05, 0.00021303487609136695] and parameters: {'k1': 0.07799059237255677, 'D_low': 1112.9571947046009, 'k2': 0.03699867920489092, 'D_high': 8182.111518618414, 'fire_exp': 6.234638880169447, 'P_half': 102.4585893986732, 'pre_dampen_half': 7.665128204660192, 'gpp_af': 0.2901272149738624, 'gpp_b': 0.0001484082099455773, 'gpp_d': 150.14555442537656, 'ign_k': 0.019192001101561888, 'ign_c': 0.12510188850164433, 'trop_agb_crit': 8.983402272488592, 'trop_k_veg': 0.8170196702261714}.[0m
[32m[I 2026-07-18 18:49:15,954][0m Trial 156 finished with values: [-0.00018412193677920502, 0.00019949371811400773] and parameters: {'k1': 0.008912611835817005, 'D_low': 125.61043700013555, 'k2': 0.026471946255259393, 'D_high': 645.2946500764235, 'fire_exp': 1.3831109524271548, 'P_half': 712.8188058401365, 'pre_dampen_half': 3.1034079168999185, 'gpp_af': 0.6403036652671174, 'gpp_b': 1.5385046399532158e-05, 'gpp_d': 0.6485888757042114, 'ign_k': 0.2100648561959642, 'ign_c': 33.8109327317085, 'trop_agb_crit': 7.500118950416987, 'trop_k_veg': 1.034587866621145}.[0m
[32m[I 2026-07-18 18:49:16,490][0m Trial 157 finished with values: [-5.071094898838854e-10, 1.8315674343849508e-07] and parameters: {'k1': 0.016780508579130986, 'D_low': 984.098934375832, 'k2': 0.0005342937261279771, 'D_high': 68.76972589957657, 'fire_exp': 3.936207012318799, 'P_half': 1.605843632310088, 'pre_dampen_half': 0.2888838362365318, 'gpp_af': 0.06789053271698488, 'gpp_b': 0.0059594790418686545, 'gpp_d': 84.31013932082456, 'ign_k': 0.006290644294586149, 'ign_c': 1.0226988730324322, 'trop_agb_crit': 11.316283925181681, 'trop_k_veg': 0.5687244174086067}.[0m
[32m[I 2026-07-18 18:49:16,980][0m Trial 158 finished with values: [-1.1802417034943965e-10, 1.1619166961907013e-08] and parameters: {'k1': 4.540076719227351e-05, 'D_low': 1228.2126524008484, 'k2': 0.0012040762895973265, 'D_high': 1236.6924205139144, 'fire_exp': 3.5637467870629145, 'P_half': 3227.0237615158, 'pre_dampen_half': 241.6951931920675, 'gpp_af': 0.10409127568994281, 'gpp_b': 0.0005392415140872105, 'gpp_d': 0.7668707039273333, 'ign_k': 1.0484531351650956, 'ign_c': 30.28574109895626, 'trop_agb_crit': 10.965064494899984, 'trop_k_veg': 1.9799513595694564}.[0m
[32m[I 2026-07-18 18:49:17,478][0m Trial 159 finished with values: [-0.0010593649182011194, 0.0033136505583699627] and parameters: {'k1': 3.5917714215176105e-05, 'D_low': 3.4487261314487374, 'k2': 1.7926680648388784e-05, 'D_high': 21.947742689197344, 'fire_exp': 2.100650708889295, 'P_half': 221.2683656611821, 'pre_dampen_half': 3.3841016089580047, 'gpp_af': 1.5386842469144075, 'gpp_b': 1.284284091405877e-05, 'gpp_d': 229.41380323183625, 'ign_k': 5.351470428717439, 'ign_c': 18.219343937475102, 'trop_agb_crit': 3.275825291386224, 'trop_k_veg': 6.58013223588778}.[0m
[32m[I 2026-07-18 18:49:17,977][0m Trial 160 finished with values: [-1.6732004143081875e-16, 5.852651696613975e-12] and parameters: {'k1': 3.0376902301221646e-05, 'D_low': 1228.2126524008484, 'k2': 2.80643901112427e-05, 'D_high': 390.3214299767182, 'fire_exp': 9.321170097491994, 'P_half': 577.536337635295, 'pre_dampen_half': 241.6951931920675, 'gpp_af': 9.93234953243751, 'gpp_b': 0.0005392415140872105, 'gpp_d': 8.057329182285729, 'ign_k': 1.0484531351650956, 'ign_c': 16.867533138445342, 'trop_agb_crit': 6.9878126575720865, 'trop_k_veg': 1.0866718721112656}.[0m
[32m[I 2026-07-18 18:49:18,477][0m Trial 161 finished with values: [-0.00013805676130885665, 0.0006919914317665699] and parameters: {'k1': 0.00031134168041628584, 'D_low': 1228.2126524008484, 'k2': 1.6991629902581918e-05, 'D_high': 25628.666000163565, 'fire_exp': 3.5637467870629145, 'P_half': 175.2878790340412, 'pre_dampen_half': 241.6951931920675, 'gpp_af': 0.0038488863031271342, 'gpp_b': 1.4540386644083135e-05, 'gpp_d': 0.22048893356595609, 'ign_k': 1.0484531351650956, 'ign_c': 24.398964530167703, 'trop_agb_crit': 1.331177446539379, 'trop_k_veg': 0.902411054575325}.[0m
[32m[I 2026-07-18 18:49:18,974][0m Trial 162 finished with values: [-2.0000000000000005e-60, 0.0] and parameters: {'k1': 0.021012495389257996, 'D_low': 94.99072859745384, 'k2': 3.141874937567034e-05, 'D_high': 1578.0309954142967, 'fire_exp': 8.67641780340108, 'P_half': 3554.812765190894, 'pre_dampen_half': 0.5682966065442919, 'gpp_af': 5.0769542101311895, 'gpp_b': 0.02797941816693705, 'gpp_d': 0.3934396739328545, 'ign_k': 0.02172578929502367, 'ign_c': 151.72922775770425, 'trop_agb_crit': 1.9853084907433398, 'trop_k_veg': 1.0923378209074768}.[0m
[32m[I 2026-07-18 18:49:19,448][0m Trial 163 finished with values: [-0.0012780007371623768, 0.009522835297668175] and parameters: {'k1': 0.0003179302199939536, 'D_low': 64.39790863101601, 'k2': 7.91442361215536e-05, 'D_high': 42210.21267871043, 'fire_exp': 2.921447042060987, 'P_half': 5.076307782729897, 'pre_dampen_half': 0.014711676743602244, 'gpp_af': 0.8998420889037458, 'gpp_b': 2.176805640408474e-05, 'gpp_d': 0.01161474334678487, 'ign_k': 0.023352156626184447, 'ign_c': 2.7590690254397843, 'trop_agb_crit': 15.190534371012383, 'trop_k_veg': 2.1272255937459805}.[0m
[32m[I 2026-07-18 18:49:19,935][0m Trial 164 finished with values: [-8.811089360829756e-14, 1.6295427229806592e-09] and parameters: {'k1': 0.0699458988153545, 'D_low': 94.99072859745384, 'k2': 6.069662445477729e-05, 'D_high': 1578.0309954142967, 'fire_exp': 5.90081778156971, 'P_half': 3554.812765190894, 'pre_dampen_half': 0.5682966065442919, 'gpp_af': 2.6003623362924246, 'gpp_b': 7.210246166617508e-05, 'gpp_d': 0.3934396739328545, 'ign_k': 0.2970792051473599, 'ign_c': 0.1239046892818203, 'trop_agb_crit': 1.331177446539379, 'trop_k_veg': 1.0923378209074768}.[0m
[32m[I 2026-07-18 18:49:20,430][0m Trial 165 finished with values: [-2.0000000000000005e-60, 0.0] and parameters: {'k1': 0.0002656971546588439, 'D_low': 40.12413353131991, 'k2': 0.0026491056409715568, 'D_high': 21.947742689197344, 'fire_exp': 1.423480109671474, 'P_half': 221.2683656611821, 'pre_dampen_half': 3.3841016089580047, 'gpp_af': 1.5386842469144075, 'gpp_b': 0.21557658661495363, 'gpp_d': 229.41380323183625, 'ign_k': 5.351470428717439, 'ign_c': 386.4218705871764, 'trop_agb_crit': 10.691477813613638, 'trop_k_veg': 6.58013223588778}.[0m
[32m[I 2026-07-18 18:49:20,909][0m Trial 166 finished with values: [-1.3008129862091781e-09, 1.750190836702359e-08] and parameters: {'k1': 0.012840669372724958, 'D_low': 2.6692731167228954, 'k2': 0.0004976087827261435, 'D_high': 42210.21267871043, 'fire_exp': 1.2918065501148304, 'P_half': 221.2683656611821, 'pre_dampen_half': 3.3841016089580047, 'gpp_af': 1.1409619915696272, 'gpp_b': 2.176805640408474e-05, 'gpp_d': 0.03927259340973168, 'ign_k': 5.351470428717439, 'ign_c': 39.52220881906112, 'trop_agb_crit': 12.647327018493208, 'trop_k_veg': 6.45312300188076}.[0m
[32m[I 2026-07-18 18:49:21,390][0m Trial 167 finished with values: [-0.00015080322777444568, 0.0025456165820382237] and parameters: {'k1': 0.012021930484915042, 'D_low': 171.2446447678494, 'k2': 0.003101429427212743, 'D_high': 21.947742689197344, 'fire_exp': 1.2918065501148304, 'P_half': 133.4807155996069, 'pre_dampen_half': 5.048653998722944, 'gpp_af': 1.5386842469144075, 'gpp_b': 2.176805640408474e-05, 'gpp_d': 0.03927259340973168, 'ign_k': 0.0029519227433917453, 'ign_c': 1.958059531975039, 'trop_agb_crit': 12.647327018493208, 'trop_k_veg': 1.0594599158279707}.[0m
[32m[I 2026-07-18 18:49:21,858][0m Trial 168 finished with values: [-0.182270535867337, 0.10029367176164761] and parameters: {'k1': 0.008287522363768155, 'D_low': 1.9977959434035766, 'k2': 0.0353875886477924, 'D_high': 8182.111518618414, 'fire_exp': 1.0629462657398439, 'P_half': 712.8188058401365, 'pre_dampen_half': 63.668591607994244, 'gpp_af': 0.7539992074650282, 'gpp_b': 0.42247700890263673, 'gpp_d': 150.14555442537656, 'ign_k': 0.12329098365270519, 'ign_c': 5.130551760589832, 'trop_agb_crit': 1.0903028125370984, 'trop_k_veg': 1.4584243470991722}.[0m
[32m[I 2026-07-18 18:49:22,330][0m Trial 169 finished with values: [-1.8972789774858852e-07, 1.054262115485205e-05] and parameters: {'k1': 0.0003179302199939536, 'D_low': 64.39790863101601, 'k2': 0.0020564614086027925, 'D_high': 13.924162890248676, 'fire_exp': 1.3831109524271548, 'P_half': 3848.9589040216215, 'pre_dampen_half': 0.014711676743602244, 'gpp_af': 0.8998420889037458, 'gpp_b': 2.176805640408474e-05, 'gpp_d': 0.03927259340973168, 'ign_k': 0.023352156626184447, 'ign_c': 33.8109327317085, 'trop_agb_crit': 1.4568555410190271, 'trop_k_veg': 2.1272255937459805}.[0m
[32m[I 2026-07-18 18:49:22,804][0m Trial 170 finished with values: [-2.0882294300441652e-08, 3.505538343162584e-06] and parameters: {'k1': 0.004053638704742309, 'D_low': 7.299348683062307, 'k2': 0.0353875886477924, 'D_high': 774.2116473996249, 'fire_exp': 1.1263716762638152, 'P_half': 133.4807155996069, 'pre_dampen_half': 5.048653998722944, 'gpp_af': 1.5386842469144075, 'gpp_b': 0.2272730825106818, 'gpp_d': 757.2868182332339, 'ign_k': 0.12329098365270519, 'ign_c': 81.80032418045731, 'trop_agb_crit': 2.4645410377327237, 'trop_k_veg': 0.6743482387129308}.[0m
[32m[I 2026-07-18 18:49:23,279][0m Trial 171 finished with values: [-4.5027999256184055e-14, 1.834385199295241e-09] and parameters: {'k1': 1.3357240411974104e-05, 'D_low': 4.484744524732794, 'k2': 1.915468390724633e-05, 'D_high': 3712.591045287733, 'fire_exp': 8.924977849661843, 'P_half': 220.3445560633069, 'pre_dampen_half': 3.0023172465753087, 'gpp_af': 0.7539992074650282, 'gpp_b': 0.0005744663972188569, 'gpp_d': 0.43986836285294123, 'ign_k': 0.48986208235548445, 'ign_c': 0.44145368764944787, 'trop_agb_crit': 24.584290528289387, 'trop_k_veg': 4.4644194212034}.[0m
[32m[I 2026-07-18 18:49:23,756][0m Trial 172 finished with values: [-0.09590725027286329, 0.31011422817578005] and parameters: {'k1': 0.00031134168041628584, 'D_low': 5.59983195169599, 'k2': 6.069662445477729e-05, 'D_high': 5670.3463356272905, 'fire_exp': 1.0601964743503993, 'P_half': 9.324787201197319, 'pre_dampen_half': 38.00678588560607, 'gpp_af': 1.970696337909548, 'gpp_b': 1.4540386644083135e-05, 'gpp_d': 1.4932643365499285, 'ign_k': 0.00840038491455979, 'ign_c': 0.1239046892818203, 'trop_agb_crit': 6.119263728555865, 'trop_k_veg': 0.5772603928610088}.[0m
[32m[I 2026-07-18 18:49:24,235][0m Trial 173 finished with values: [-4.806601065193447e-08, 1.5397185999521668e-06] and parameters: {'k1': 4.540076719227351e-05, 'D_low': 171.2446447678494, 'k2': 0.0004976087827261435, 'D_high': 1236.6924205139144, 'fire_exp': 2.284706851725763, 'P_half': 3227.0237615158, 'pre_dampen_half': 0.9166964238460101, 'gpp_af': 0.2204465010099918, 'gpp_b': 0.00431329787498825, 'gpp_d': 0.7668707039273333, 'ign_k': 0.0029519227433917453, 'ign_c': 39.52220881906112, 'trop_agb_crit': 12.647327018493208, 'trop_k_veg': 2.520089655463604}.[0m
  trial  174/2500  pareto_size=19  best_taylor=0.7247  best_ilamb=0.5954  (1.3 min)
[32m[I 2026-07-18 18:49:24,746][0m Trial 174 finished with values: [-0.00010504982470502129, 0.001868946419177231] and parameters: {'k1': 0.004312951023617458, 'D_low': 4.484744524732794, 'k2': 1.915468390724633e-05, 'D_high': 3712.591045287733, 'fire_exp': 1.0629462657398439, 'P_half': 220.3445560633069, 'pre_dampen_half': 502.5175192217655, 'gpp_af': 0.12434469102435375, 'gpp_b': 3.083723329640505, 'gpp_d': 0.17061223263518377, 'ign_k': 0.2100648561959642, 'ign_c': 15.221840161091619, 'trop_agb_crit': 24.584290528289387, 'trop_k_veg': 3.1473758868965485}.[0m
[32m[I 2026-07-18 18:49:25,212][0m Trial 175 finished with values: [-1.304795110085146e-12, 1.3482815197640718e-08] and parameters: {'k1': 0.01889771394135163, 'D_low': 70.18267183720735, 'k2': 1.6991629902581918e-05, 'D_high': 2940.51756322311, 'fire_exp': 1.450870712623418, 'P_half': 3554.812765190894, 'pre_dampen_half': 107.40052367919465, 'gpp_af': 0.001111693990724459, 'gpp_b': 2.512533442757689, 'gpp_d': 64.20268021730274, 'ign_k': 8.708806168038567, 'ign_c': 20.03995359361212, 'trop_agb_crit': 1.331177446539379, 'trop_k_veg': 6.9782110227926815}.[0m
[32m[I 2026-07-18 18:49:25,683][0m Trial 176 finished with values: [-0.0005995146553623251, 0.003527104702379602] and parameters: {'k1': 0.06598741607403362, 'D_low': 894.5150807271528, 'k2': 0.015763894361785387, 'D_high': 2798.2272717049286, 'fire_exp': 2.627846918579106, 'P_half': 9.793184984206247, 'pre_dampen_half': 0.6023700815747874, 'gpp_af': 6.155035361040185, 'gpp_b': 1.220003093173824e-05, 'gpp_d': 29.749683811098407, 'ign_k': 0.0015276032303600073, 'ign_c': 0.1455174947607226, 'trop_agb_crit': 18.3492792986878, 'trop_k_veg': 3.517697529584013}.[0m
[32m[I 2026-07-18 18:49:26,152][0m Trial 177 finished with values: [-5.597090999128255e-09, 2.891966864204676e-06] and parameters: {'k1': 3.8751982355100445e-05, 'D_low': 5085.697220189423, 'k2': 0.0353875886477924, 'D_high': 107.88909575795405, 'fire_exp': 2.1154350616377124, 'P_half': 8320.133621840185, 'pre_dampen_half': 2.9046276683520444, 'gpp_af': 0.04403094955951772, 'gpp_b': 0.000429408684380145, 'gpp_d': 2.944272359149678, 'ign_k': 0.002011190979341457, 'ign_c': 0.3277320296937064, 'trop_agb_crit': 2.4645410377327237, 'trop_k_veg': 0.7618668427217097}.[0m
[32m[I 2026-07-18 18:49:26,628][0m Trial 178 finished with values: [-0.08699399933867645, 0.1291121154952577] and parameters: {'k1': 0.004312951023617458, 'D_low': 520.4862686958022, 'k2': 0.014344484793173472, 'D_high': 8182.111518618414, 'fire_exp': 1.0629462657398439, 'P_half': 140.74279366401683, 'pre_dampen_half': 8.594202650742222, 'gpp_af': 5.335773317316401, 'gpp_b': 3.481277316673104e-05, 'gpp_d': 0.043441170039664946, 'ign_k': 0.06807874826564587, 'ign_c': 2.833538941762469, 'trop_agb_crit': 7.444615346113405, 'trop_k_veg': 1.3602724017812755}.[0m
[32m[I 2026-07-18 18:49:27,094][0m Trial 179 finished with values: [-0.4008015749628695, 0.4640555833219475] and parameters: {'k1': 0.0012056765208549535, 'D_low': 94.99072859745384, 'k2': 0.0012040762895973265, 'D_high': 25628.666000163565, 'fire_exp': 1.0601964743503993, 'P_half': 4.213183643253957, 'pre_dampen_half': 241.6951931920675, 'gpp_af': 0.0038488863031271342, 'gpp_b': 1.4540386644083135e-05, 'gpp_d': 0.01392878970664331, 'ign_k': 0.00840038491455979, 'ign_c': 0.2537994662905845, 'trop_agb_crit': 1.331177446539379, 'trop_k_veg': 0.6673124511410327}.[0m
[32m[I 2026-07-18 18:49:27,564][0m Trial 180 finished with values: [-6.253170685197447e-09, 3.0096790338829393e-06] and parameters: {'k1': 0.012021930484915042, 'D_low': 470.2627143647233, 'k2': 0.007058572590901788, 'D_high': 88.9193644629625, 'fire_exp': 1.1263716762638152, 'P_half': 133.4807155996069, 'pre_dampen_half': 0.10590622233713291, 'gpp_af': 17.624510039685536, 'gpp_b': 0.08824240860504111, 'gpp_d': 0.03927259340973168, 'ign_k': 0.0023697311169867336, 'ign_c': 2.9570809414943473, 'trop_agb_crit': 14.948114979829949, 'trop_k_veg': 0.983473833513531}.[0m
[32m[I 2026-07-18 18:49:28,037][0m Trial 181 finished with values: [-0.00023635768973490987, 0.0012568124847900375] and parameters: {'k1': 0.00031134168041628584, 'D_low': 12.105387404469584, 'k2': 1.7926680648388784e-05, 'D_high': 91167.68553735358, 'fire_exp': 1.264103030891254, 'P_half': 6.784924519083139, 'pre_dampen_half': 0.1875872314533727, 'gpp_af': 0.006359264168909616, 'gpp_b': 0.00013164432569139702, 'gpp_d': 9.51028874815853, 'ign_k': 0.004937355303501836, 'ign_c': 386.4218705871764, 'trop_agb_crit': 3.275825291386224, 'trop_k_veg': 6.58013223588778}.[0m
[32m[I 2026-07-18 18:49:28,502][0m Trial 182 finished with values: [-2.0000000000000005e-60, 0.0] and parameters: {'k1': 0.00031134168041628584, 'D_low': 12.105387404469584, 'k2': 0.0007158031739371039, 'D_high': 259.06510073644546, 'fire_exp': 3.83403534181858, 'P_half': 2.0461550877877857, 'pre_dampen_half': 0.16974173693738637, 'gpp_af': 0.006359264168909616, 'gpp_b': 0.15451487116766627, 'gpp_d': 0.12878367369717508, 'ign_k': 0.017302564033031168, 'ign_c': 386.4218705871764, 'trop_agb_crit': 10.266702291253747, 'trop_k_veg': 0.6673124511410327}.[0m
[32m[I 2026-07-18 18:49:28,965][0m Trial 183 finished with values: [-0.0011342200758322238, 0.007194438942133674] and parameters: {'k1': 0.004312951023617458, 'D_low': 7.299348683062307, 'k2': 0.003101429427212743, 'D_high': 21.947742689197344, 'fire_exp': 1.1263716762638152, 'P_half': 220.3445560633069, 'pre_dampen_half': 63.668591607994244, 'gpp_af': 0.7539992074650282, 'gpp_b': 0.0021331409710300844, 'gpp_d': 0.028701881471957017, 'ign_k': 0.06807874826564587, 'ign_c': 15.221840161091619, 'trop_agb_crit': 1.0903028125370984, 'trop_k_veg': 4.9897488945787245}.[0m
[32m[I 2026-07-18 18:49:29,426][0m Trial 184 finished with values: [-0.021061232613081966, 0.0191016204741844] and parameters: {'k1': 0.04669327135003541, 'D_low': 3.525936800597896, 'k2': 1.6991629902581918e-05, 'D_high': 63233.819510667745, 'fire_exp': 1.0629462657398439, 'P_half': 3554.812765190894, 'pre_dampen_half': 10.768254179081206, 'gpp_af': 0.001111693990724459, 'gpp_b': 3.481277316673104e-05, 'gpp_d': 1.6983565276584258, 'ign_k': 0.06807874826564587, 'ign_c': 0.557280750002996, 'trop_agb_crit': 1.331177446539379, 'trop_k_veg': 3.404825334562598}.[0m
[32m[I 2026-07-18 18:49:29,900][0m Trial 185 finished with values: [-7.989167145303222e-12, 9.094675612608683e-07] and parameters: {'k1': 0.0699458988153545, 'D_low': 8501.870149611703, 'k2': 6.069662445477729e-05, 'D_high': 1578.0309954142967, 'fire_exp': 9.321170097491994, 'P_half': 5.502140996950745, 'pre_dampen_half': 121.71955466763166, 'gpp_af': 2.6003623362924246, 'gpp_b': 0.00010600479837821697, 'gpp_d': 0.025632747517520264, 'ign_k': 0.2970792051473599, 'ign_c': 16.867533138445342, 'trop_agb_crit': 6.9878126575720865, 'trop_k_veg': 1.0866718721112656}.[0m
[32m[I 2026-07-18 18:49:30,372][0m Trial 186 finished with values: [-1.1949931133979239e-05, 8.210726626600717e-05] and parameters: {'k1': 0.0002656971546588439, 'D_low': 4182.178526757453, 'k2': 0.0026491056409715568, 'D_high': 91167.68553735358, 'fire_exp': 1.2611826901294014, 'P_half': 147.09699119495133, 'pre_dampen_half': 0.029662981696401067, 'gpp_af': 2.6003623362924246, 'gpp_b': 0.21557658661495363, 'gpp_d': 9.51028874815853, 'ign_k': 0.004937355303501836, 'ign_c': 386.4218705871764, 'trop_agb_crit': 15.961316409649486, 'trop_k_veg': 6.58013223588778}.[0m
[32m[I 2026-07-18 18:49:30,838][0m Trial 187 finished with values: [-6.323416006826646e-16, 2.006617094707508e-11] and parameters: {'k1': 0.021012495389257996, 'D_low': 7246.155384166953, 'k2': 3.141874937567034e-05, 'D_high': 8384.359680188665, 'fire_exp': 2.878298002135838, 'P_half': 8320.133621840185, 'pre_dampen_half': 2.9046276683520444, 'gpp_af': 0.04403094955951772, 'gpp_b': 0.02797941816693705, 'gpp_d': 0.15875524914818662, 'ign_k': 0.0036231766306828567, 'ign_c': 0.3277320296937064, 'trop_agb_crit': 1.9853084907433398, 'trop_k_veg': 0.7618668427217097}.[0m
[32m[I 2026-07-18 18:49:31,309][0m Trial 188 finished with values: [-2.0000000000000005e-60, 0.0] and parameters: {'k1': 0.00488137519160367, 'D_low': 436.4516946807792, 'k2': 8.923807143379776e-05, 'D_high': 8182.111518618414, 'fire_exp': 3.3857164090062235, 'P_half': 9.277034327414716, 'pre_dampen_half': 0.029208808341780905, 'gpp_af': 30.62518985924679, 'gpp_b': 1.7285224131410486, 'gpp_d': 242.00714252738, 'ign_k': 0.8489840783024062, 'ign_c': 192.76545985682404, 'trop_agb_crit': 1.4568555410190271, 'trop_k_veg': 2.573214588078609}.[0m
[32m[I 2026-07-18 18:49:31,775][0m Trial 189 finished with values: [-0.002373279499355678, 0.0031929203723310984] and parameters: {'k1': 0.004053638704742309, 'D_low': 355.00125258511594, 'k2': 0.0007047307383115598, 'D_high': 61536.58035691659, 'fire_exp': 2.1154350616377124, 'P_half': 221.2683656611821, 'pre_dampen_half': 63.668591607994244, 'gpp_af': 17.624510039685536, 'gpp_b': 0.42247700890263673, 'gpp_d': 2.944272359149678, 'ign_k': 0.12329098365270519, 'ign_c': 18.219343937475102, 'trop_agb_crit': 10.691477813613638, 'trop_k_veg': 0.6743482387129308}.[0m
