[32m[I 2026-07-18 18:49:49,906][0m Trial 228 finished with values: [-0.010618908583529743, 0.003982866510315319] and parameters: {'k1': 0.002155595057104387, 'D_low': 40.12413353131991, 'k2': 0.0007047307383115598, 'D_high': 21.947742689197344, 'fire_exp': 1.423480109671474, 'P_half': 221.2683656611821, 'pre_dampen_half': 3.3841016089580047, 'gpp_af': 2.6003623362924246, 'gpp_b': 1.284284091405877e-05, 'gpp_d': 229.41380323183625, 'ign_k': 5.351470428717439, 'ign_c': 18.219343937475102, 'trop_agb_crit': 10.691477813613638, 'trop_k_veg': 0.5772603928610088}.[0m
[32m[I 2026-07-18 18:49:50,367][0m Trial 229 finished with values: [-7.937439377415538e-15, 2.854417147091226e-09] and parameters: {'k1': 0.00010758866306767925, 'D_low': 792.6237587961899, 'k2': 6.069662445477729e-05, 'D_high': 1578.0309954142967, 'fire_exp': 3.3857164090062235, 'P_half': 9.277034327414716, 'pre_dampen_half': 0.5682966065442919, 'gpp_af': 30.62518985924679, 'gpp_b': 2.5264362435704455, 'gpp_d': 0.3934396739328545, 'ign_k': 0.2970792051473599, 'ign_c': 0.1239046892818203, 'trop_agb_crit': 1.331177446539379, 'trop_k_veg': 1.0923378209074768}.[0m
[32m[I 2026-07-18 18:49:50,820][0m Trial 230 finished with values: [-4.838420470774461e-07, 9.405776198312399e-05] and parameters: {'k1': 0.07799059237255677, 'D_low': 4182.178526757453, 'k2': 0.03699867920489092, 'D_high': 91167.68553735358, 'fire_exp': 6.234638880169447, 'P_half': 147.09699119495133, 'pre_dampen_half': 7.665128204660192, 'gpp_af': 2.6003623362924246, 'gpp_b': 0.0001484082099455773, 'gpp_d': 9.51028874815853, 'ign_k': 0.0018256829646330853, 'ign_c': 0.12510188850164433, 'trop_agb_crit': 2.9222815721218716, 'trop_k_veg': 0.8170196702261714}.[0m
[32m[I 2026-07-18 18:49:51,275][0m Trial 231 finished with values: [-3.3628948313745413e-10, 3.1339639017247123e-07] and parameters: {'k1': 3.5917714215176105e-05, 'D_low': 171.2446447678494, 'k2': 1.7926680648388784e-05, 'D_high': 1236.6924205139144, 'fire_exp': 3.4633094058711813, 'P_half': 1455.0993923603367, 'pre_dampen_half': 0.3924302839842013, 'gpp_af': 1.5386842469144075, 'gpp_b': 1.284284091405877e-05, 'gpp_d': 13.472769577631588, 'ign_k': 0.0029519227433917453, 'ign_c': 18.219343937475102, 'trop_agb_crit': 12.647327018493208, 'trop_k_veg': 6.58013223588778}.[0m
[32m[I 2026-07-18 18:49:51,741][0m Trial 232 finished with values: [-2.0563685819955702e-09, 1.727097860282356e-07] and parameters: {'k1': 0.0002656971546588439, 'D_low': 4182.178526757453, 'k2': 1.915468390724633e-05, 'D_high': 91167.68553735358, 'fire_exp': 7.690910336830845, 'P_half': 147.09699119495133, 'pre_dampen_half': 0.029662981696401067, 'gpp_af': 0.7539992074650282, 'gpp_b': 0.0021331409710300844, 'gpp_d': 16.460426816350534, 'ign_k': 0.06807874826564587, 'ign_c': 15.221840161091619, 'trop_agb_crit': 15.961316409649486, 'trop_k_veg': 1.4584243470991722}.[0m
[32m[I 2026-07-18 18:49:52,200][0m Trial 233 finished with values: [-1.6355859045138177e-05, 0.00017302346678416125] and parameters: {'k1': 0.011966626407443505, 'D_low': 77.31571570012609, 'k2': 7.91442361215536e-05, 'D_high': 645.2946500764235, 'fire_exp': 3.5637467870629145, 'P_half': 5.076307782729897, 'pre_dampen_half': 12.003722333832924, 'gpp_af': 0.12434469102435375, 'gpp_b': 0.002538506999597816, 'gpp_d': 8.057329182285729, 'ign_k': 0.004177928311636542, 'ign_c': 30.28574109895626, 'trop_agb_crit': 7.628718523810018, 'trop_k_veg': 6.889798778165608}.[0m
[32m[I 2026-07-18 18:49:52,662][0m Trial 234 finished with values: [-1.1304757321786985e-13, 1.0994606336467427e-09] and parameters: {'k1': 3.8751982355100445e-05, 'D_low': 252.38726750780188, 'k2': 0.0012040762895973265, 'D_high': 503.20593472868, 'fire_exp': 3.5637467870629145, 'P_half': 8320.133621840185, 'pre_dampen_half': 2.9046276683520444, 'gpp_af': 0.04403094955951772, 'gpp_b': 0.0005392415140872105, 'gpp_d': 21.14381609520636, 'ign_k': 0.002011190979341457, 'ign_c': 30.28574109895626, 'trop_agb_crit': 1.5457499114893816, 'trop_k_veg': 0.5772603928610088}.[0m
[32m[I 2026-07-18 18:49:53,129][0m Trial 235 finished with values: [-3.2437159867646284e-08, 5.573611689957403e-07] and parameters: {'k1': 0.0002220327882582422, 'D_low': 3.4487261314487374, 'k2': 0.015827817125573202, 'D_high': 91167.68553735358, 'fire_exp': 2.6554044046291967, 'P_half': 1735.792403594532, 'pre_dampen_half': 0.1875872314533727, 'gpp_af': 0.10409127568994281, 'gpp_b': 0.005070330027123044, 'gpp_d': 0.01392878970664331, 'ign_k': 8.696906396418676, 'ign_c': 0.8547476176667197, 'trop_agb_crit': 1.5280652380617874, 'trop_k_veg': 0.5349971555643298}.[0m
[32m[I 2026-07-18 18:49:53,580][0m Trial 236 finished with values: [-2.652386750198623e-06, 4.669359366127335e-05] and parameters: {'k1': 0.0699458988153545, 'D_low': 33.019434616055364, 'k2': 6.069662445477729e-05, 'D_high': 783.2259769732478, 'fire_exp': 1.4900535273878768, 'P_half': 3554.812765190894, 'pre_dampen_half': 8.94282459523609, 'gpp_af': 2.6003623362924246, 'gpp_b': 0.36422282566934217, 'gpp_d': 0.3934396739328545, 'ign_k': 0.07696703458159232, 'ign_c': 4.4398025529904634, 'trop_agb_crit': 1.331177446539379, 'trop_k_veg': 5.580504276549027}.[0m
[32m[I 2026-07-18 18:49:54,037][0m Trial 237 finished with values: [-0.0005703923289081448, 0.0030595895692697717] and parameters: {'k1': 0.00488137519160367, 'D_low': 37.35862630812753, 'k2': 8.923807143379776e-05, 'D_high': 8182.111518618414, 'fire_exp': 2.332293128354265, 'P_half': 338.23872019362165, 'pre_dampen_half': 14.711215379121963, 'gpp_af': 0.2901272149738624, 'gpp_b': 0.0001484082099455773, 'gpp_d': 150.14555442537656, 'ign_k': 0.006290644294586149, 'ign_c': 0.557280750002996, 'trop_agb_crit': 1.14876138417489, 'trop_k_veg': 0.5303724136602885}.[0m
[32m[I 2026-07-18 18:49:54,490][0m Trial 238 finished with values: [-4.032502494096024e-09, 5.572466134085019e-07] and parameters: {'k1': 0.011966626407443505, 'D_low': 984.098934375832, 'k2': 0.0005342937261279771, 'D_high': 68.76972589957657, 'fire_exp': 3.2181803496180783, 'P_half': 1.605843632310088, 'pre_dampen_half': 0.03751320096826995, 'gpp_af': 0.06789053271698488, 'gpp_b': 0.0059594790418686545, 'gpp_d': 8.057329182285729, 'ign_k': 0.006290644294586149, 'ign_c': 1.0226988730324322, 'trop_agb_crit': 6.119263728555865, 'trop_k_veg': 0.5687244174086067}.[0m
[32m[I 2026-07-18 18:49:54,953][0m Trial 239 finished with values: [-1.9506275046565364e-10, 4.720322965834356e-08] and parameters: {'k1': 4.540076719227351e-05, 'D_low': 12.105387404469584, 'k2': 0.03153600608518473, 'D_high': 1236.6924205139144, 'fire_exp': 3.3801590342525687, 'P_half': 3227.0237615158, 'pre_dampen_half': 0.9166964238460101, 'gpp_af': 0.2204465010099918, 'gpp_b': 0.00431329787498825, 'gpp_d': 0.7668707039273333, 'ign_k': 0.0029519227433917453, 'ign_c': 48.704711413416454, 'trop_agb_crit': 1.0693376406863295, 'trop_k_veg': 0.6673124511410327}.[0m
[32m[I 2026-07-18 18:49:55,424][0m Trial 240 finished with values: [-2.8488245734766224e-05, 0.0004556145469285511] and parameters: {'k1': 0.012840669372724958, 'D_low': 2.6692731167228954, 'k2': 0.0004976087827261435, 'D_high': 42210.21267871043, 'fire_exp': 5.963862427044409, 'P_half': 65.03622711342449, 'pre_dampen_half': 3.3841016089580047, 'gpp_af': 1.1409619915696272, 'gpp_b': 2.176805640408474e-05, 'gpp_d': 6.283500537123675, 'ign_k': 0.004177928311636542, 'ign_c': 39.52220881906112, 'trop_agb_crit': 12.647327018493208, 'trop_k_veg': 6.45312300188076}.[0m
[32m[I 2026-07-18 18:49:55,890][0m Trial 241 finished with values: [-4.824568188096395e-09, 1.217516703011512e-07] and parameters: {'k1': 0.011966626407443505, 'D_low': 1228.2126524008484, 'k2': 0.0012040762895973265, 'D_high': 503.20593472868, 'fire_exp': 3.5637467870629145, 'P_half': 4.213183643253957, 'pre_dampen_half': 241.6951931920675, 'gpp_af': 0.10409127568994281, 'gpp_b': 0.0005392415140872105, 'gpp_d': 0.01392878970664331, 'ign_k': 1.0484531351650956, 'ign_c': 30.28574109895626, 'trop_agb_crit': 1.331177446539379, 'trop_k_veg': 0.6673124511410327}.[0m
[32m[I 2026-07-18 18:49:56,356][0m Trial 242 finished with values: [-0.014207279573287847, 0.026238912564215067] and parameters: {'k1': 0.057051989558504775, 'D_low': 2.6692731167228954, 'k2': 1.7926680648388784e-05, 'D_high': 42210.21267871043, 'fire_exp': 1.2918065501148304, 'P_half': 221.2683656611821, 'pre_dampen_half': 0.1875872314533727, 'gpp_af': 9.860891468435605, 'gpp_b': 2.176805640408474e-05, 'gpp_d': 0.03927259340973168, 'ign_k': 5.351470428717439, 'ign_c': 4.4398025529904634, 'trop_agb_crit': 12.647327018493208, 'trop_k_veg': 6.58013223588778}.[0m
[32m[I 2026-07-18 18:49:56,816][0m Trial 243 finished with values: [-0.00013214762695179635, 0.002604709219656387] and parameters: {'k1': 0.008287522363768155, 'D_low': 355.00125258511594, 'k2': 0.09811523358736453, 'D_high': 252.84086172415607, 'fire_exp': 1.3170256885255098, 'P_half': 712.8188058401365, 'pre_dampen_half': 63.668591607994244, 'gpp_af': 0.6403036652671174, 'gpp_b': 0.42247700890263673, 'gpp_d': 2.944272359149678, 'ign_k': 0.12329098365270519, 'ign_c': 5.130551760589832, 'trop_agb_crit': 1.0903028125370984, 'trop_k_veg': 0.6743482387129308}.[0m
[32m[I 2026-07-18 18:49:57,273][0m Trial 244 finished with values: [-0.1117021084174764, 0.06311758711051696] and parameters: {'k1': 0.008287522363768155, 'D_low': 70.18267183720735, 'k2': 0.011715293025123641, 'D_high': 774.2116473996249, 'fire_exp': 1.3170256885255098, 'P_half': 712.8188058401365, 'pre_dampen_half': 107.40052367919465, 'gpp_af': 0.6403036652671174, 'gpp_b': 0.42247700890263673, 'gpp_d': 64.20268021730274, 'ign_k': 8.708806168038567, 'ign_c': 5.130551760589832, 'trop_agb_crit': 1.331177446539379, 'trop_k_veg': 6.9782110227926815}.[0m
[32m[I 2026-07-18 18:49:57,726][0m Trial 245 finished with values: [-2.0000000000000005e-60, 0.0] and parameters: {'k1': 0.00016480446427978953, 'D_low': 40.52505887227999, 'k2': 0.0007047307383115598, 'D_high': 176.55835392092538, 'fire_exp': 1.77210373046677, 'P_half': 712.8188058401365, 'pre_dampen_half': 0.2888838362365318, 'gpp_af': 0.7070472286699654, 'gpp_b': 0.42247700890263673, 'gpp_d': 242.00714252738, 'ign_k': 5.351470428717439, 'ign_c': 192.76545985682404, 'trop_agb_crit': 1.4568555410190271, 'trop_k_veg': 1.8914629029068306}.[0m
[32m[I 2026-07-18 18:49:58,182][0m Trial 246 finished with values: [-2.0000000000000005e-60, 0.0] and parameters: {'k1': 0.04541457206426161, 'D_low': 1228.2126524008484, 'k2': 2.80643901112427e-05, 'D_high': 29812.370697208808, 'fire_exp': 9.321170097491994, 'P_half': 7126.727573532312, 'pre_dampen_half': 241.6951931920675, 'gpp_af': 0.0038793182938363898, 'gpp_b': 0.0005392415140872105, 'gpp_d': 8.057329182285729, 'ign_k': 1.0484531351650956, 'ign_c': 16.867533138445342, 'trop_agb_crit': 1.285305820648146, 'trop_k_veg': 1.0866718721112656}.[0m
[32m[I 2026-07-18 18:49:58,634][0m Trial 247 finished with values: [-4.696238040432002e-05, 3.398741534121896e-05] and parameters: {'k1': 0.0002220327882582422, 'D_low': 3.4487261314487374, 'k2': 1.7926680648388784e-05, 'D_high': 21.947742689197344, 'fire_exp': 2.100650708889295, 'P_half': 323.6099399575106, 'pre_dampen_half': 0.1875872314533727, 'gpp_af': 2.555721998081809, 'gpp_b': 0.2272730825106818, 'gpp_d': 757.2868182332339, 'ign_k': 0.07696703458159232, 'ign_c': 1.958059531975039, 'trop_agb_crit': 1.0903028125370984, 'trop_k_veg': 4.9897488945787245}.[0m
[32m[I 2026-07-18 18:49:59,092][0m Trial 248 finished with values: [-8.594445912598431e-10, 8.046295496555445e-08] and parameters: {'k1': 0.00010758866306767925, 'D_low': 3123.981524414059, 'k2': 0.018573288333114862, 'D_high': 1662.6592254031873, 'fire_exp': 3.3857164090062235, 'P_half': 9.277034327414716, 'pre_dampen_half': 0.029208808341780905, 'gpp_af': 17.624510039685536, 'gpp_b': 8.026030674034237, 'gpp_d': 14.63886097662141, 'ign_k': 0.022704877557909234, 'ign_c': 18.219343937475102, 'trop_agb_crit': 11.812030596598904, 'trop_k_veg': 6.014484292180484}.[0m
[32m[I 2026-07-18 18:49:59,558][0m Trial 249 finished with values: [-1.1393975595590793e-09, 1.0076112040402485e-05] and parameters: {'k1': 0.00012868405331151588, 'D_low': 4.484744524732794, 'k2': 0.0007158031739371039, 'D_high': 1236.6924205139144, 'fire_exp': 2.284706851725763, 'P_half': 2.0461550877877857, 'pre_dampen_half': 744.6874559393902, 'gpp_af': 0.06002934191396867, 'gpp_b': 0.15451487116766627, 'gpp_d': 0.43986836285294123, 'ign_k': 0.017302564033031168, 'ign_c': 179.96169659044335, 'trop_agb_crit': 10.266702291253747, 'trop_k_veg': 0.7848385206902946}.[0m
[32m[I 2026-07-18 18:50:00,021][0m Trial 250 finished with values: [-8.800955321191135e-13, 2.4079441773849908e-09] and parameters: {'k1': 3.8751982355100445e-05, 'D_low': 5085.697220189423, 'k2': 0.0009299619346742016, 'D_high': 11832.967057468773, 'fire_exp': 2.878298002135838, 'P_half': 8320.133621840185, 'pre_dampen_half': 2.9046276683520444, 'gpp_af': 0.04403094955951772, 'gpp_b': 0.06315461993576105, 'gpp_d': 0.15875524914818662, 'ign_k': 0.002011190979341457, 'ign_c': 0.3277320296937064, 'trop_agb_crit': 1.5457499114893816, 'trop_k_veg': 0.7618668427217097}.[0m
[32m[I 2026-07-18 18:50:00,489][0m Trial 251 finished with values: [-2.4536365820689612e-06, 6.139311904851397e-05] and parameters: {'k1': 0.07799059237255677, 'D_low': 37.35862630812753, 'k2': 1.6991629902581918e-05, 'D_high': 3346.220103048382, 'fire_exp': 6.234638880169447, 'P_half': 102.4585893986732, 'pre_dampen_half': 7.665128204660192, 'gpp_af': 0.2901272149738624, 'gpp_b': 3.481277316673104e-05, 'gpp_d': 40.95062894476691, 'ign_k': 0.06807874826564587, 'ign_c': 0.12510188850164433, 'trop_agb_crit': 1.331177446539379, 'trop_k_veg': 0.8170196702261714}.[0m
[32m[I 2026-07-18 18:50:00,945][0m Trial 252 finished with values: [-0.11436011694474643, 0.06927599192237244] and parameters: {'k1': 0.008287522363768155, 'D_low': 7.299348683062307, 'k2': 0.012758211164590085, 'D_high': 2940.51756322311, 'fire_exp': 1.1263716762638152, 'P_half': 712.8188058401365, 'pre_dampen_half': 63.668591607994244, 'gpp_af': 0.1476584299248268, 'gpp_b': 0.2272730825106818, 'gpp_d': 757.2868182332339, 'ign_k': 8.708806168038567, 'ign_c': 1.958059531975039, 'trop_agb_crit': 3.5747129226002423, 'trop_k_veg': 4.9897488945787245}.[0m
[32m[I 2026-07-18 18:50:01,400][0m Trial 253 finished with values: [-1.4298362593657395e-12, 1.3937648812856196e-09] and parameters: {'k1': 0.0376331292637011, 'D_low': 355.00125258511594, 'k2': 0.018573288333114862, 'D_high': 1662.6592254031873, 'fire_exp': 2.1154350616377124, 'P_half': 221.2683656611821, 'pre_dampen_half': 0.029208808341780905, 'gpp_af': 30.62518985924679, 'gpp_b': 2.5264362435704455, 'gpp_d': 2.944272359149678, 'ign_k': 0.023352156626184447, 'ign_c': 192.76545985682404, 'trop_agb_crit': 10.691477813613638, 'trop_k_veg': 0.6743482387129308}.[0m
[32m[I 2026-07-18 18:50:01,855][0m Trial 254 finished with values: [-0.0002405272941229454, 0.0005541500037271607] and parameters: {'k1': 0.00488137519160367, 'D_low': 77.31571570012609, 'k2': 0.0018170401889219116, 'D_high': 8182.111518618414, 'fire_exp': 5.963862427044409, 'P_half': 65.03622711342449, 'pre_dampen_half': 4.187466509282844, 'gpp_af': 0.12269699058825158, 'gpp_b': 3.481277316673104e-05, 'gpp_d': 150.14555442537656, 'ign_k': 0.019192001101561888, 'ign_c': 0.5342106255632174, 'trop_agb_crit': 18.748298427129946, 'trop_k_veg': 2.573214588078609}.[0m
[32m[I 2026-07-18 18:50:02,316][0m Trial 255 finished with values: [-3.611875503584777e-07, 3.593719979488874e-06] and parameters: {'k1': 0.01889771394135163, 'D_low': 125.61043700013555, 'k2': 0.026471946255259393, 'D_high': 146.1896279370497, 'fire_exp': 1.450870712623418, 'P_half': 3554.812765190894, 'pre_dampen_half': 0.2888838362365318, 'gpp_af': 0.6403036652671174, 'gpp_b': 0.42247700890263673, 'gpp_d': 84.31013932082456, 'ign_k': 0.006290644294586149, 'ign_c': 5.130551760589832, 'trop_agb_crit': 1.331177446539379, 'trop_k_veg': 1.6081790145072552}.[0m
[32m[I 2026-07-18 18:50:02,774][0m Trial 256 finished with values: [-0.42060126868191416, 0.12109389170336049] and parameters: {'k1': 0.0699458988153545, 'D_low': 355.00125258511594, 'k2': 0.0353875886477924, 'D_high': 3712.591045287733, 'fire_exp': 1.1430983876313219, 'P_half': 220.3445560633069, 'pre_dampen_half': 48.742916118035616, 'gpp_af': 0.7539992074650282, 'gpp_b': 0.0005744663972188569, 'gpp_d': 10.369565216756202, 'ign_k': 0.48986208235548445, 'ign_c': 0.1406146398517664, 'trop_agb_crit': 24.584290528289387, 'trop_k_veg': 0.6743482387129308}.[0m
[32m[I 2026-07-18 18:50:03,227][0m Trial 257 finished with values: [-1.164936035519329e-12, 1.9070416024113968e-08] and parameters: {'k1': 0.0376331292637011, 'D_low': 355.00125258511594, 'k2': 0.0004976087827261435, 'D_high': 42210.21267871043, 'fire_exp': 1.2918065501148304, 'P_half': 221.2683656611821, 'pre_dampen_half': 0.029208808341780905, 'gpp_af': 1.1409619915696272, 'gpp_b': 2.5264362435704455, 'gpp_d': 0.03927259340973168, 'ign_k': 0.023352156626184447, 'ign_c': 192.76545985682404, 'trop_agb_crit': 12.647327018493208, 'trop_k_veg': 0.6743482387129308}.[0m
[32m[I 2026-07-18 18:50:03,680][0m Trial 258 finished with values: [-9.39918353602106e-20, 0.0] and parameters: {'k1': 0.01889771394135163, 'D_low': 355.00125258511594, 'k2': 0.0353875886477924, 'D_high': 2940.51756322311, 'fire_exp': 2.1154350616377124, 'P_half': 3554.812765190894, 'pre_dampen_half': 63.668591607994244, 'gpp_af': 0.001111693990724459, 'gpp_b': 2.512533442757689, 'gpp_d': 2.944272359149678, 'ign_k': 0.12329098365270519, 'ign_c': 5.130551760589832, 'trop_agb_crit': 1.331177446539379, 'trop_k_veg': 6.9782110227926815}.[0m
[32m[I 2026-07-18 18:50:04,137][0m Trial 259 finished with values: [-1.5104095654348208e-06, 7.915820973147802e-07] and parameters: {'k1': 0.0012056765208549535, 'D_low': 3.4487261314487374, 'k2': 0.0353875886477924, 'D_high': 774.2116473996249, 'fire_exp': 2.100650708889295, 'P_half': 175.2878790340412, 'pre_dampen_half': 0.03751320096826995, 'gpp_af': 0.10409127568994281, 'gpp_b': 0.36422282566934217, 'gpp_d': 2.944272359149678, 'ign_k': 0.12329098365270519, 'ign_c': 8.405439129313676, 'trop_agb_crit': 2.4645410377327237, 'trop_k_veg': 0.902411054575325}.[0m
[32m[I 2026-07-18 18:50:04,593][0m Trial 260 finished with values: [-0.087303850527091, 0.02699187975303763] and parameters: {'k1': 0.008287522363768155, 'D_low': 77.31571570012609, 'k2': 0.0018170401889219116, 'D_high': 8182.111518618414, 'fire_exp': 1.0629462657398439, 'P_half': 65.03622711342449, 'pre_dampen_half': 4.187466509282844, 'gpp_af': 0.7539992074650282, 'gpp_b': 0.42247700890263673, 'gpp_d': 6.283500537123675, 'ign_k': 0.12329098365270519, 'ign_c': 0.5342106255632174, 'trop_agb_crit': 1.0903028125370984, 'trop_k_veg': 6.889798778165608}.[0m
  trial  261/2500  pareto_size=24  best_taylor=0.7247  best_ilamb=0.5954  (2.0 min)
[32m[I 2026-07-18 18:50:05,087][0m Trial 261 finished with values: [-0.02354936928102425, 0.04398502790294767] and parameters: {'k1': 0.00016480446427978953, 'D_low': 1112.9571947046009, 'k2': 0.0001889739291279833, 'D_high': 61536.58035691659, 'fire_exp': 1.7329145403564932, 'P_half': 712.8188058401365, 'pre_dampen_half': 502.5175192217655, 'gpp_af': 0.7539992074650282, 'gpp_b': 0.42247700890263673, 'gpp_d': 229.41380323183625, 'ign_k': 0.06807874826564587, 'ign_c': 5.130551760589832, 'trop_agb_crit': 24.584290528289387, 'trop_k_veg': 0.6743482387129308}.[0m
[32m[I 2026-07-18 18:50:05,557][0m Trial 262 finished with values: [-5.003306649539565e-12, 2.795054743209846e-09] and parameters: {'k1': 3.8751982355100445e-05, 'D_low': 1.9977959434035766, 'k2': 1.7926680648388784e-05, 'D_high': 91167.68553735358, 'fire_exp': 2.100650708889295, 'P_half': 8320.133621840185, 'pre_dampen_half': 0.14126812677903758, 'gpp_af': 0.04403094955951772, 'gpp_b': 0.36422282566934217, 'gpp_d': 0.15875524914818662, 'ign_k': 0.12329098365270519, 'ign_c': 0.3277320296937064, 'trop_agb_crit': 3.275825291386224, 'trop_k_veg': 0.6984687829911091}.[0m
[32m[I 2026-07-18 18:50:06,020][0m Trial 263 finished with values: [-0.0013928818140896402, 0.0018697736924223607] and parameters: {'k1': 0.0012056765208549535, 'D_low': 1228.2126524008484, 'k2': 0.0012040762895973265, 'D_high': 8182.111518618414, 'fire_exp': 2.878298002135838, 'P_half': 175.2878790340412, 'pre_dampen_half': 0.14126812677903758, 'gpp_af': 0.10409127568994281, 'gpp_b': 6.369295096609023e-05, 'gpp_d': 0.15875524914818662, 'ign_k': 0.12329098365270519, 'ign_c': 0.3277320296937064, 'trop_agb_crit': 10.965064494899984, 'trop_k_veg': 0.902411054575325}.[0m
[32m[I 2026-07-18 18:50:06,488][0m Trial 264 finished with values: [-3.168362450724338e-13, 1.1645670150439713e-07] and parameters: {'k1': 2.766282010813135e-05, 'D_low': 5085.697220189423, 'k2': 0.0009299619346742016, 'D_high': 107.88909575795405, 'fire_exp': 2.878298002135838, 'P_half': 8320.133621840185, 'pre_dampen_half': 241.6951931920675, 'gpp_af': 0.10409127568994281, 'gpp_b': 0.06315461993576105, 'gpp_d': 0.15875524914818662, 'ign_k': 0.002011190979341457, 'ign_c': 0.3277320296937064, 'trop_agb_crit': 1.331177446539379, 'trop_k_veg': 0.7618668427217097}.[0m
[32m[I 2026-07-18 18:50:06,955][0m Trial 265 finished with values: [-0.024722474137747516, 0.012780191259951557] and parameters: {'k1': 0.0002621130418912425, 'D_low': 355.00125258511594, 'k2': 0.0353875886477924, 'D_high': 8182.111518618414, 'fire_exp': 1.1430983876313219, 'P_half': 712.8188058401365, 'pre_dampen_half': 0.27302031177969777, 'gpp_af': 0.2901272149738624, 'gpp_b': 1.3289448722869181e-05, 'gpp_d': 40.95062894476691, 'ign_k': 2.396079612430075, 'ign_c': 0.1406146398517664, 'trop_agb_crit': 1.0903028125370984, 'trop_k_veg': 5.198868247525918}.[0m
