[32m[I 2026-07-18 18:57:23,307][0m Trial 1178 finished with values: [-0.41376554566974594, 0.04784493618846197] and parameters: {'k1': 0.01889771394135163, 'D_low': 350.5173009089482, 'k2': 0.032845299795769396, 'D_high': 2940.51756322311, 'fire_exp': 1.6733848721157607, 'P_half': 9.324787201197319, 'pre_dampen_half': 84.77310499399186, 'gpp_af': 0.1476584299248268, 'gpp_b': 5.128816316792448e-05, 'gpp_d': 64.20268021730274, 'ign_k': 0.6024590664672947, 'ign_c': 20.03995359361212, 'trop_agb_crit': 3.5747129226002423, 'trop_k_veg': 6.9782110227926815}.[0m
[32m[I 2026-07-18 18:57:23,778][0m Trial 1179 finished with values: [-0.00038374200874658767, 1.0620708637554266e-05] and parameters: {'k1': 0.07799059237255677, 'D_low': 376.3717463557541, 'k2': 0.0013219302264066773, 'D_high': 3712.591045287733, 'fire_exp': 3.231633698316772, 'P_half': 323.6099399575106, 'pre_dampen_half': 207.33291221114652, 'gpp_af': 0.1476584299248268, 'gpp_b': 0.006906522645653115, 'gpp_d': 757.2868182332339, 'ign_k': 2.396079612430075, 'ign_c': 30.28574109895626, 'trop_agb_crit': 1.7708319837489073, 'trop_k_veg': 0.902411054575325}.[0m
[32m[I 2026-07-18 18:57:24,241][0m Trial 1180 finished with values: [-9.573651621299759e-05, 3.922314376181291e-06] and parameters: {'k1': 0.01889771394135163, 'D_low': 4.484744524732794, 'k2': 0.0007047307383115598, 'D_high': 7321.544340709298, 'fire_exp': 1.423480109671474, 'P_half': 221.2683656611821, 'pre_dampen_half': 3.3841016089580047, 'gpp_af': 0.001111693990724459, 'gpp_b': 0.0005744663972188569, 'gpp_d': 0.23073846740741236, 'ign_k': 5.351470428717439, 'ign_c': 30.28574109895626, 'trop_agb_crit': 1.331177446539379, 'trop_k_veg': 6.9782110227926815}.[0m
[32m[I 2026-07-18 18:57:24,705][0m Trial 1181 finished with values: [-0.040321421490436715, 0.002028917746891179] and parameters: {'k1': 0.07799059237255677, 'D_low': 70.18267183720735, 'k2': 0.0005342937261279771, 'D_high': 8559.572793311803, 'fire_exp': 1.423480109671474, 'P_half': 1.1069424888528068, 'pre_dampen_half': 0.03751320096826995, 'gpp_af': 0.1476584299248268, 'gpp_b': 0.0021331409710300844, 'gpp_d': 1.120790518936751, 'ign_k': 5.351470428717439, 'ign_c': 20.03995359361212, 'trop_agb_crit': 1.331177446539379, 'trop_k_veg': 5.13089016465361}.[0m
[32m[I 2026-07-18 18:57:25,171][0m Trial 1182 finished with values: [-0.11338967256299946, 0.00806718841780496] and parameters: {'k1': 0.041833856821460395, 'D_low': 7.299348683062307, 'k2': 0.032845299795769396, 'D_high': 2940.51756322311, 'fire_exp': 2.907328086166187, 'P_half': 323.6099399575106, 'pre_dampen_half': 241.6951931920675, 'gpp_af': 0.01719951378854337, 'gpp_b': 0.0013581822883038843, 'gpp_d': 64.20268021730274, 'ign_k': 5.351470428717439, 'ign_c': 20.03995359361212, 'trop_agb_crit': 2.2212365258224223, 'trop_k_veg': 0.6743482387129308}.[0m
[32m[I 2026-07-18 18:57:25,693][0m Trial 1183 finished with values: [-7.763379404402048e-05, 6.74239232945073e-06] and parameters: {'k1': 0.00034302976652689015, 'D_low': 376.3717463557541, 'k2': 0.0013219302264066773, 'D_high': 3712.591045287733, 'fire_exp': 3.231633698316772, 'P_half': 64.13139914374976, 'pre_dampen_half': 0.03751320096826995, 'gpp_af': 0.1476584299248268, 'gpp_b': 0.01666658176842624, 'gpp_d': 660.9129108295722, 'ign_k': 1.0484531351650956, 'ign_c': 20.03995359361212, 'trop_agb_crit': 1.7708319837489073, 'trop_k_veg': 0.902411054575325}.[0m
[32m[I 2026-07-18 18:57:26,172][0m Trial 1184 finished with values: [-0.004597247498610874, 9.794453082112575e-05] and parameters: {'k1': 0.01889771394135163, 'D_low': 70.18267183720735, 'k2': 0.00035868164986275477, 'D_high': 7321.544340709298, 'fire_exp': 1.6733848721157607, 'P_half': 712.8188058401365, 'pre_dampen_half': 0.0399066504395798, 'gpp_af': 0.008075914984851893, 'gpp_b': 0.0005744663972188569, 'gpp_d': 0.23073846740741236, 'ign_k': 7.437725385707935, 'ign_c': 20.03995359361212, 'trop_agb_crit': 1.331177446539379, 'trop_k_veg': 6.9782110227926815}.[0m
[32m[I 2026-07-18 18:57:26,668][0m Trial 1185 finished with values: [-0.0004462686465750114, 1.0167407089367586e-05] and parameters: {'k1': 0.007530210437963516, 'D_low': 7.46475488144212, 'k2': 0.032845299795769396, 'D_high': 1938.6039125504592, 'fire_exp': 3.231633698316772, 'P_half': 224.42820887784595, 'pre_dampen_half': 0.03751320096826995, 'gpp_af': 0.001111693990724459, 'gpp_b': 0.0005744663972188569, 'gpp_d': 660.9129108295722, 'ign_k': 1.0484531351650956, 'ign_c': 20.03995359361212, 'trop_agb_crit': 1.7708319837489073, 'trop_k_veg': 3.49157152291552}.[0m
[32m[I 2026-07-18 18:57:27,142][0m Trial 1186 finished with values: [-0.0470032052507008, 0.004812116600032779] and parameters: {'k1': 5.468963344385621e-05, 'D_low': 70.18267183720735, 'k2': 0.012758211164590085, 'D_high': 2940.51756322311, 'fire_exp': 2.110249242835225, 'P_half': 6.455386366109263, 'pre_dampen_half': 107.40052367919465, 'gpp_af': 0.001111693990724459, 'gpp_b': 0.0005752434266899163, 'gpp_d': 660.9129108295722, 'ign_k': 8.708806168038567, 'ign_c': 20.03995359361212, 'trop_agb_crit': 12.71480504859747, 'trop_k_veg': 6.9782110227926815}.[0m
[32m[I 2026-07-18 18:57:27,625][0m Trial 1187 finished with values: [-0.009336134331463415, 0.00018243915330073968] and parameters: {'k1': 0.0699458988153545, 'D_low': 7.299348683062307, 'k2': 0.0005342937261279771, 'D_high': 3712.591045287733, 'fire_exp': 1.6733848721157607, 'P_half': 9.324787201197319, 'pre_dampen_half': 0.1875872314533727, 'gpp_af': 0.01719951378854337, 'gpp_b': 0.006906522645653115, 'gpp_d': 757.2868182332339, 'ign_k': 2.396079612430075, 'ign_c': 20.03995359361212, 'trop_agb_crit': 1.331177446539379, 'trop_k_veg': 6.9782110227926815}.[0m
[32m[I 2026-07-18 18:57:28,097][0m Trial 1188 finished with values: [-0.0005201128270383902, 1.336551533581698e-05] and parameters: {'k1': 0.041833856821460395, 'D_low': 7.46475488144212, 'k2': 0.032845299795769396, 'D_high': 3712.591045287733, 'fire_exp': 3.231633698316772, 'P_half': 9.324787201197319, 'pre_dampen_half': 0.06669205177379639, 'gpp_af': 0.01719951378854337, 'gpp_b': 0.01666658176842624, 'gpp_d': 64.20268021730274, 'ign_k': 1.0484531351650956, 'ign_c': 20.03995359361212, 'trop_agb_crit': 3.4281962070490852, 'trop_k_veg': 6.9782110227926815}.[0m
[32m[I 2026-07-18 18:57:28,573][0m Trial 1189 finished with values: [-0.0002657878959442007, 5.2377134307501905e-06] and parameters: {'k1': 0.041833856821460395, 'D_low': 7.299348683062307, 'k2': 0.032845299795769396, 'D_high': 1236.6924205139144, 'fire_exp': 8.456250107826923, 'P_half': 220.3445560633069, 'pre_dampen_half': 241.6951931920675, 'gpp_af': 0.10409127568994281, 'gpp_b': 0.00431329787498825, 'gpp_d': 8.057329182285729, 'ign_k': 5.351470428717439, 'ign_c': 29.690870944846793, 'trop_agb_crit': 2.2212365258224223, 'trop_k_veg': 4.4644194212034}.[0m
[32m[I 2026-07-18 18:57:29,040][0m Trial 1190 finished with values: [-0.3743320227958531, 0.015195832009251453] and parameters: {'k1': 0.041833856821460395, 'D_low': 7.299348683062307, 'k2': 0.012758211164590085, 'D_high': 2940.51756322311, 'fire_exp': 1.6733848721157607, 'P_half': 9.324787201197319, 'pre_dampen_half': 107.40052367919465, 'gpp_af': 0.001111693990724459, 'gpp_b': 0.0005744663972188569, 'gpp_d': 660.9129108295722, 'ign_k': 8.708806168038567, 'ign_c': 20.03995359361212, 'trop_agb_crit': 3.5747129226002423, 'trop_k_veg': 6.9782110227926815}.[0m
[32m[I 2026-07-18 18:57:29,496][0m Trial 1191 finished with values: [-0.06766358275016003, 0.0410427437576395] and parameters: {'k1': 0.04541457206426161, 'D_low': 70.18267183720735, 'k2': 0.00015197743481843557, 'D_high': 7321.544340709298, 'fire_exp': 1.8613186123969219, 'P_half': 712.8188058401365, 'pre_dampen_half': 133.42802292606774, 'gpp_af': 0.2901272149738624, 'gpp_b': 0.006906522645653115, 'gpp_d': 25.444227489578886, 'ign_k': 5.351470428717439, 'ign_c': 0.5342106255632174, 'trop_agb_crit': 1.331177446539379, 'trop_k_veg': 0.902411054575325}.[0m
[32m[I 2026-07-18 18:57:29,965][0m Trial 1192 finished with values: [-0.000606819727733336, 1.5510342478153305e-05] and parameters: {'k1': 0.007530210437963516, 'D_low': 7.299348683062307, 'k2': 0.032845299795769396, 'D_high': 2940.51756322311, 'fire_exp': 2.1602861869878964, 'P_half': 221.2683656611821, 'pre_dampen_half': 0.03751320096826995, 'gpp_af': 0.001111693990724459, 'gpp_b': 0.0005752434266899163, 'gpp_d': 8.057329182285729, 'ign_k': 1.5024129734649205, 'ign_c': 20.03995359361212, 'trop_agb_crit': 1.331177446539379, 'trop_k_veg': 0.6743482387129308}.[0m
[32m[I 2026-07-18 18:57:30,438][0m Trial 1193 finished with values: [-0.14765170195711927, 0.007411007241846956] and parameters: {'k1': 0.007530210437963516, 'D_low': 7.299348683062307, 'k2': 0.032845299795769396, 'D_high': 2940.51756322311, 'fire_exp': 1.6733848721157607, 'P_half': 234.09994646132157, 'pre_dampen_half': 107.40052367919465, 'gpp_af': 0.001111693990724459, 'gpp_b': 0.0005744663972188569, 'gpp_d': 660.9129108295722, 'ign_k': 8.708806168038567, 'ign_c': 20.03995359361212, 'trop_agb_crit': 1.0903028125370984, 'trop_k_veg': 3.49157152291552}.[0m
[32m[I 2026-07-18 18:57:30,919][0m Trial 1194 finished with values: [-0.364801708367248, 0.014776197121851964] and parameters: {'k1': 0.03635503353478365, 'D_low': 7.299348683062307, 'k2': 0.012758211164590085, 'D_high': 2940.51756322311, 'fire_exp': 1.6733848721157607, 'P_half': 9.324787201197319, 'pre_dampen_half': 107.40052367919465, 'gpp_af': 0.001111693990724459, 'gpp_b': 0.0005744663972188569, 'gpp_d': 660.9129108295722, 'ign_k': 5.351470428717439, 'ign_c': 20.03995359361212, 'trop_agb_crit': 3.5747129226002423, 'trop_k_veg': 4.4644194212034}.[0m
[32m[I 2026-07-18 18:57:31,468][0m Trial 1195 finished with values: [-0.005057763754295856, 0.00046390259780071386] and parameters: {'k1': 0.01889771394135163, 'D_low': 70.18267183720735, 'k2': 0.012758211164590085, 'D_high': 2940.51756322311, 'fire_exp': 1.6733848721157607, 'P_half': 12.808863354047988, 'pre_dampen_half': 0.013520213281526935, 'gpp_af': 0.01719951378854337, 'gpp_b': 0.0005752434266899163, 'gpp_d': 660.9129108295722, 'ign_k': 0.0012495886031183843, 'ign_c': 20.03995359361212, 'trop_agb_crit': 3.5747129226002423, 'trop_k_veg': 6.9782110227926815}.[0m
[32m[I 2026-07-18 18:57:32,028][0m Trial 1196 finished with values: [-2.0000000000000005e-60, 0.0] and parameters: {'k1': 0.007530210437963516, 'D_low': 2.7475448770725444, 'k2': 0.012758211164590085, 'D_high': 2940.51756322311, 'fire_exp': 1.6733848721157607, 'P_half': 12.808863354047988, 'pre_dampen_half': 0.0399066504395798, 'gpp_af': 0.0022961065892443786, 'gpp_b': 0.0005752434266899163, 'gpp_d': 660.9129108295722, 'ign_k': 8.708806168038567, 'ign_c': 212.2209111007691, 'trop_agb_crit': 3.5747129226002423, 'trop_k_veg': 3.1473758868965485}.[0m
[32m[I 2026-07-18 18:57:32,497][0m Trial 1197 finished with values: [-2.355237343612745e-06, 1.062133281937161e-05] and parameters: {'k1': 0.01889771394135163, 'D_low': 70.18267183720735, 'k2': 0.026471946255259393, 'D_high': 123.67537614338008, 'fire_exp': 3.231633698316772, 'P_half': 1.1069424888528068, 'pre_dampen_half': 3.8939810275168565, 'gpp_af': 0.1476584299248268, 'gpp_b': 0.01666658176842624, 'gpp_d': 150.14555442537656, 'ign_k': 5.351470428717439, 'ign_c': 20.03995359361212, 'trop_agb_crit': 1.7708319837489073, 'trop_k_veg': 6.9782110227926815}.[0m
  trial 1198/2500  pareto_size=67  best_taylor=0.7291  best_ilamb=0.5954  (9.5 min)
[32m[I 2026-07-18 18:57:33,177][0m Trial 1198 finished with values: [-1.2793874404249957e-18, 0.0] and parameters: {'k1': 0.041833856821460395, 'D_low': 1.3577269394141454, 'k2': 0.032845299795769396, 'D_high': 1662.6592254031873, 'fire_exp': 8.456250107826923, 'P_half': 221.2683656611821, 'pre_dampen_half': 0.31162182591558496, 'gpp_af': 0.7539992074650282, 'gpp_b': 4.406314287657267, 'gpp_d': 21.14381609520636, 'ign_k': 8.708806168038567, 'ign_c': 29.690870944846793, 'trop_agb_crit': 2.2212365258224223, 'trop_k_veg': 4.4644194212034}.[0m
[32m[I 2026-07-18 18:57:33,775][0m Trial 1199 finished with values: [-0.7255646388692485, 0.054288036790352545] and parameters: {'k1': 0.03635503353478365, 'D_low': 70.18267183720735, 'k2': 0.012758211164590085, 'D_high': 2940.51756322311, 'fire_exp': 1.165368636520435, 'P_half': 9.324787201197319, 'pre_dampen_half': 107.40052367919465, 'gpp_af': 0.1476584299248268, 'gpp_b': 0.0005752434266899163, 'gpp_d': 660.9129108295722, 'ign_k': 7.437725385707935, 'ign_c': 20.03995359361212, 'trop_agb_crit': 3.5747129226002423, 'trop_k_veg': 6.9782110227926815}.[0m
[32m[I 2026-07-18 18:57:34,383][0m Trial 1200 finished with values: [-2.0145669701387476e-10, 3.3920242170637493e-09] and parameters: {'k1': 0.041833856821460395, 'D_low': 7.299348683062307, 'k2': 0.00010893991584851532, 'D_high': 1236.6924205139144, 'fire_exp': 8.456250107826923, 'P_half': 310.3604223881657, 'pre_dampen_half': 0.5682966065442919, 'gpp_af': 0.7539992074650282, 'gpp_b': 0.0021331409710300844, 'gpp_d': 21.14381609520636, 'ign_k': 8.708806168038567, 'ign_c': 29.690870944846793, 'trop_agb_crit': 24.584290528289387, 'trop_k_veg': 0.6743482387129308}.[0m
[32m[I 2026-07-18 18:57:34,870][0m Trial 1201 finished with values: [-0.0006258715437215584, 6.891870070813155e-05] and parameters: {'k1': 0.0699458988153545, 'D_low': 7.299348683062307, 'k2': 0.0002963213920402737, 'D_high': 1236.6924205139144, 'fire_exp': 2.6894087451587185, 'P_half': 323.6099399575106, 'pre_dampen_half': 241.6951931920675, 'gpp_af': 0.10409127568994281, 'gpp_b': 0.0005744663972188569, 'gpp_d': 660.9129108295722, 'ign_k': 5.351470428717439, 'ign_c': 29.690870944846793, 'trop_agb_crit': 1.7708319837489073, 'trop_k_veg': 4.4644194212034}.[0m
[32m[I 2026-07-18 18:57:35,436][0m Trial 1202 finished with values: [-0.029406233177391352, 0.00044488140405296583] and parameters: {'k1': 0.01889771394135163, 'D_low': 70.18267183720735, 'k2': 0.005082220961627801, 'D_high': 1236.6924205139144, 'fire_exp': 1.6733848721157607, 'P_half': 221.2683656611821, 'pre_dampen_half': 0.5682966065442919, 'gpp_af': 0.01719951378854337, 'gpp_b': 0.0005744663972188569, 'gpp_d': 660.9129108295722, 'ign_k': 0.6024590664672947, 'ign_c': 20.03995359361212, 'trop_agb_crit': 2.1861040860339416, 'trop_k_veg': 4.4644194212034}.[0m
[32m[I 2026-07-18 18:57:35,927][0m Trial 1203 finished with values: [-0.02817217794220657, 0.0011300419037117981] and parameters: {'k1': 0.04541457206426161, 'D_low': 7.299348683062307, 'k2': 0.005082220961627801, 'D_high': 45914.85216740541, 'fire_exp': 1.423480109671474, 'P_half': 221.2683656611821, 'pre_dampen_half': 0.5682966065442919, 'gpp_af': 0.001111693990724459, 'gpp_b': 0.0005744663972188569, 'gpp_d': 660.9129108295722, 'ign_k': 5.351470428717439, 'ign_c': 15.221840161091619, 'trop_agb_crit': 2.1861040860339416, 'trop_k_veg': 3.49157152291552}.[0m
[32m[I 2026-07-18 18:57:36,455][0m Trial 1204 finished with values: [-2.0000000000000005e-60, 0.0] and parameters: {'k1': 0.0699458988153545, 'D_low': 70.18267183720735, 'k2': 0.032845299795769396, 'D_high': 45914.85216740541, 'fire_exp': 6.234638880169447, 'P_half': 323.6099399575106, 'pre_dampen_half': 231.02088989199953, 'gpp_af': 0.001111693990724459, 'gpp_b': 1.1261633791708447, 'gpp_d': 8.057329182285729, 'ign_k': 2.396079612430075, 'ign_c': 30.28574109895626, 'trop_agb_crit': 1.331177446539379, 'trop_k_veg': 6.9782110227926815}.[0m
[32m[I 2026-07-18 18:57:36,941][0m Trial 1205 finished with values: [-4.375976276305668e-05, 2.569122640738719e-06] and parameters: {'k1': 0.01889771394135163, 'D_low': 4.484744524732794, 'k2': 0.0005342937261279771, 'D_high': 7321.544340709298, 'fire_exp': 1.423480109671474, 'P_half': 712.8188058401365, 'pre_dampen_half': 0.08049089337224259, 'gpp_af': 0.008075914984851893, 'gpp_b': 0.0005744663972188569, 'gpp_d': 0.23073846740741236, 'ign_k': 2.396079612430075, 'ign_c': 30.28574109895626, 'trop_agb_crit': 1.331177446539379, 'trop_k_veg': 0.902411054575325}.[0m
[32m[I 2026-07-18 18:57:37,429][0m Trial 1206 finished with values: [-0.3385377417647342, 0.01238710895218964] and parameters: {'k1': 0.01889771394135163, 'D_low': 70.18267183720735, 'k2': 0.008535052150482593, 'D_high': 2940.51756322311, 'fire_exp': 5.415198497144036, 'P_half': 12.808863354047988, 'pre_dampen_half': 107.40052367919465, 'gpp_af': 0.1476584299248268, 'gpp_b': 0.0005752434266899163, 'gpp_d': 64.20268021730274, 'ign_k': 8.708806168038567, 'ign_c': 20.03995359361212, 'trop_agb_crit': 1.8831909561015436, 'trop_k_veg': 6.9782110227926815}.[0m
[32m[I 2026-07-18 18:57:37,898][0m Trial 1207 finished with values: [-0.02996222016343316, 0.0008571300953073013] and parameters: {'k1': 0.041833856821460395, 'D_low': 7.299348683062307, 'k2': 0.026471946255259393, 'D_high': 1236.6924205139144, 'fire_exp': 1.0629462657398439, 'P_half': 220.3445560633069, 'pre_dampen_half': 241.6951931920675, 'gpp_af': 0.1476584299248268, 'gpp_b': 0.0021331409710300844, 'gpp_d': 150.14555442537656, 'ign_k': 5.351470428717439, 'ign_c': 29.690870944846793, 'trop_agb_crit': 1.331177446539379, 'trop_k_veg': 4.4644194212034}.[0m
[32m[I 2026-07-18 18:57:38,381][0m Trial 1208 finished with values: [-2.1323567356529332e-07, 5.005596263041312e-07] and parameters: {'k1': 0.041833856821460395, 'D_low': 1623.9521897968807, 'k2': 0.0006803737461188633, 'D_high': 3712.591045287733, 'fire_exp': 6.234638880169447, 'P_half': 310.3604223881657, 'pre_dampen_half': 0.08049089337224259, 'gpp_af': 0.7539992074650282, 'gpp_b': 0.0021331409710300844, 'gpp_d': 21.14381609520636, 'ign_k': 2.396079612430075, 'ign_c': 15.221840161091619, 'trop_agb_crit': 24.584290528289387, 'trop_k_veg': 0.6743482387129308}.[0m
[32m[I 2026-07-18 18:57:38,860][0m Trial 1209 finished with values: [-0.0018949991695982554, 9.225381567179447e-05] and parameters: {'k1': 0.07799059237255677, 'D_low': 7.46475488144212, 'k2': 0.012758211164590085, 'D_high': 8559.572793311803, 'fire_exp': 1.423480109671474, 'P_half': 12.808863354047988, 'pre_dampen_half': 2.5992279021942095, 'gpp_af': 0.1476584299248268, 'gpp_b': 0.01666658176842624, 'gpp_d': 660.9129108295722, 'ign_k': 5.351470428717439, 'ign_c': 29.690870944846793, 'trop_agb_crit': 3.5747129226002423, 'trop_k_veg': 6.9782110227926815}.[0m
[32m[I 2026-07-18 18:57:39,325][0m Trial 1210 finished with values: [-0.038187724751052005, 0.007751492004247074] and parameters: {'k1': 0.0699458988153545, 'D_low': 7.299348683062307, 'k2': 0.0005342937261279771, 'D_high': 34.191636650729976, 'fire_exp': 1.0629462657398439, 'P_half': 310.3604223881657, 'pre_dampen_half': 0.5682966065442919, 'gpp_af': 0.2901272149738624, 'gpp_b': 3.045152750585175e-05, 'gpp_d': 757.2868182332339, 'ign_k': 1.0484531351650956, 'ign_c': 15.221840161091619, 'trop_agb_crit': 24.584290528289387, 'trop_k_veg': 0.6743482387129308}.[0m
[32m[I 2026-07-18 18:57:39,816][0m Trial 1211 finished with values: [-0.6224956825070693, 0.032374957752370426] and parameters: {'k1': 0.01889771394135163, 'D_low': 70.18267183720735, 'k2': 0.008161260265732995, 'D_high': 3712.591045287733, 'fire_exp': 1.6733848721157607, 'P_half': 1.1069424888528068, 'pre_dampen_half': 107.40052367919465, 'gpp_af': 0.1476584299248268, 'gpp_b': 0.0021331409710300844, 'gpp_d': 21.14381609520636, 'ign_k': 1.0484531351650956, 'ign_c': 20.03995359361212, 'trop_agb_crit': 3.5747129226002423, 'trop_k_veg': 6.9782110227926815}.[0m
[32m[I 2026-07-18 18:57:40,289][0m Trial 1212 finished with values: [-0.008352298635652329, 0.0028782485433472837] and parameters: {'k1': 0.01889771394135163, 'D_low': 96.79314683873939, 'k2': 0.00035868164986275477, 'D_high': 7321.544340709298, 'fire_exp': 1.0629462657398439, 'P_half': 55.8988419127851, 'pre_dampen_half': 0.5682966065442919, 'gpp_af': 0.7539992074650282, 'gpp_b': 0.0005744663972188569, 'gpp_d': 21.14381609520636, 'ign_k': 5.351470428717439, 'ign_c': 30.28574109895626, 'trop_agb_crit': 1.331177446539379, 'trop_k_veg': 6.9782110227926815}.[0m
[32m[I 2026-07-18 18:57:40,768][0m Trial 1213 finished with values: [-0.0024847980347166942, 0.00042422133742126] and parameters: {'k1': 0.07799059237255677, 'D_low': 7.46475488144212, 'k2': 0.0005342937261279771, 'D_high': 8559.572793311803, 'fire_exp': 1.423480109671474, 'P_half': 64.13139914374976, 'pre_dampen_half': 0.03751320096826995, 'gpp_af': 4.441617374174396, 'gpp_b': 0.01666658176842624, 'gpp_d': 660.9129108295722, 'ign_k': 5.351470428717439, 'ign_c': 29.690870944846793, 'trop_agb_crit': 1.6878075072665546, 'trop_k_veg': 6.9782110227926815}.[0m
[32m[I 2026-07-18 18:57:41,278][0m Trial 1214 finished with values: [-2.0000000000000005e-60, 0.0] and parameters: {'k1': 6.548510655446336e-05, 'D_low': 1.3577269394141454, 'k2': 0.032845299795769396, 'D_high': 1236.6924205139144, 'fire_exp': 6.234638880169447, 'P_half': 221.2683656611821, 'pre_dampen_half': 0.010585220389440335, 'gpp_af': 0.27997858752477867, 'gpp_b': 0.006906522645653115, 'gpp_d': 660.9129108295722, 'ign_k': 5.595401979134829, 'ign_c': 115.35903009361171, 'trop_agb_crit': 1.6878075072665546, 'trop_k_veg': 0.7768094575951762}.[0m
[32m[I 2026-07-18 18:57:41,747][0m Trial 1215 finished with values: [-1.785432554878268e-05, 2.7109098688082867e-07] and parameters: {'k1': 0.0699458988153545, 'D_low': 70.18267183720735, 'k2': 0.0005342937261279771, 'D_high': 7321.544340709298, 'fire_exp': 2.907328086166187, 'P_half': 323.6099399575106, 'pre_dampen_half': 133.42802292606774, 'gpp_af': 0.001111693990724459, 'gpp_b': 0.0005744663972188569, 'gpp_d': 3.0994055852411164, 'ign_k': 2.396079612430075, 'ign_c': 30.28574109895626, 'trop_agb_crit': 1.331177446539379, 'trop_k_veg': 2.587938629755798}.[0m
