[32m[I 2026-07-18 18:53:41,420][0m Trial 722 finished with values: [-2.586166240478613e-06, 2.6630556380080606e-06] and parameters: {'k1': 0.01553297328951422, 'D_low': 3.4487261314487374, 'k2': 0.0007047307383115598, 'D_high': 107.7788960207927, 'fire_exp': 2.726360712292888, 'P_half': 3554.812765190894, 'pre_dampen_half': 3.3841016089580047, 'gpp_af': 0.001111693990724459, 'gpp_b': 1.598364670380439e-05, 'gpp_d': 229.41380323183625, 'ign_k': 5.351470428717439, 'ign_c': 20.03995359361212, 'trop_agb_crit': 1.285305820648146, 'trop_k_veg': 3.49157152291552}.[0m
[32m[I 2026-07-18 18:53:41,882][0m Trial 723 finished with values: [-2.0000000000000005e-60, 0.0] and parameters: {'k1': 0.041833856821460395, 'D_low': 31.585104499227995, 'k2': 0.032845299795769396, 'D_high': 11469.197890812939, 'fire_exp': 1.450870712623418, 'P_half': 1.4367266998250416, 'pre_dampen_half': 0.5682966065442919, 'gpp_af': 0.00515795696727661, 'gpp_b': 7.007213496896404e-05, 'gpp_d': 116.12579322936503, 'ign_k': 1.0484531351650956, 'ign_c': 74.55766613295624, 'trop_agb_crit': 25.78839779198599, 'trop_k_veg': 1.7517490491468353}.[0m
[32m[I 2026-07-18 18:53:42,344][0m Trial 724 finished with values: [-1.745655974255726e-05, 4.609088078977308e-07] and parameters: {'k1': 0.01889771394135163, 'D_low': 31.585104499227995, 'k2': 0.026471946255259393, 'D_high': 3712.591045287733, 'fire_exp': 2.61565689708108, 'P_half': 234.09994646132157, 'pre_dampen_half': 502.5175192217655, 'gpp_af': 0.27997858752477867, 'gpp_b': 0.2272730825106818, 'gpp_d': 8.057329182285729, 'ign_k': 3.5891558714508416, 'ign_c': 30.28574109895626, 'trop_agb_crit': 24.584290528289387, 'trop_k_veg': 0.5772603928610088}.[0m
[32m[I 2026-07-18 18:53:42,827][0m Trial 725 finished with values: [-0.21812922008869348, 0.012635697622367492] and parameters: {'k1': 0.007530210437963516, 'D_low': 70.18267183720735, 'k2': 0.00035868164986275477, 'D_high': 45914.85216740541, 'fire_exp': 1.6733848721157607, 'P_half': 12.808863354047988, 'pre_dampen_half': 107.40052367919465, 'gpp_af': 0.001111693990724459, 'gpp_b': 0.0005744663972188569, 'gpp_d': 64.20268021730274, 'ign_k': 5.351470428717439, 'ign_c': 20.03995359361212, 'trop_agb_crit': 1.331177446539379, 'trop_k_veg': 3.49157152291552}.[0m
[32m[I 2026-07-18 18:53:43,315][0m Trial 726 finished with values: [-0.00015136313495490896, 2.0685712981860505e-05] and parameters: {'k1': 0.0018538092461931478, 'D_low': 70.18267183720735, 'k2': 0.00035868164986275477, 'D_high': 61536.58035691659, 'fire_exp': 3.5637467870629145, 'P_half': 712.8188058401365, 'pre_dampen_half': 0.011501973785501987, 'gpp_af': 0.001111693990724459, 'gpp_b': 1.598364670380439e-05, 'gpp_d': 229.41380323183625, 'ign_k': 1.0484531351650956, 'ign_c': 5.130551760589832, 'trop_agb_crit': 1.331177446539379, 'trop_k_veg': 4.9897488945787245}.[0m
[32m[I 2026-07-18 18:53:43,790][0m Trial 727 finished with values: [-7.213219797277908e-07, 1.6377196077055345e-07] and parameters: {'k1': 0.004053638704742309, 'D_low': 70.18267183720735, 'k2': 0.0353875886477924, 'D_high': 1662.6592254031873, 'fire_exp': 5.311995034756393, 'P_half': 221.2683656611821, 'pre_dampen_half': 0.010585220389440335, 'gpp_af': 0.7539992074650282, 'gpp_b': 0.42247700890263673, 'gpp_d': 21.14381609520636, 'ign_k': 5.351470428717439, 'ign_c': 5.130551760589832, 'trop_agb_crit': 1.0903028125370984, 'trop_k_veg': 0.6743482387129308}.[0m
[32m[I 2026-07-18 18:53:44,248][0m Trial 728 finished with values: [-7.628955952593569e-18, 0.0] and parameters: {'k1': 0.0699458988153545, 'D_low': 7.299348683062307, 'k2': 7.91442361215536e-05, 'D_high': 29812.370697208808, 'fire_exp': 6.234638880169447, 'P_half': 83.12953263874529, 'pre_dampen_half': 0.1875872314533727, 'gpp_af': 0.6403036652671174, 'gpp_b': 3.083723329640505, 'gpp_d': 757.2868182332339, 'ign_k': 8.708806168038567, 'ign_c': 30.28574109895626, 'trop_agb_crit': 1.331177446539379, 'trop_k_veg': 0.6743482387129308}.[0m
[32m[I 2026-07-18 18:53:44,706][0m Trial 729 finished with values: [-0.4115111478907931, 0.12123880405066867] and parameters: {'k1': 0.03635503353478365, 'D_low': 70.18267183720735, 'k2': 0.012758211164590085, 'D_high': 2940.51756322311, 'fire_exp': 1.165368636520435, 'P_half': 525.911865925123, 'pre_dampen_half': 107.40052367919465, 'gpp_af': 0.0022961065892443786, 'gpp_b': 0.0005752434266899163, 'gpp_d': 660.9129108295722, 'ign_k': 8.708806168038567, 'ign_c': 5.130551760589832, 'trop_agb_crit': 3.5747129226002423, 'trop_k_veg': 6.9782110227926815}.[0m
[32m[I 2026-07-18 18:53:45,164][0m Trial 730 finished with values: [-0.00011071330430865807, 8.840130312248728e-05] and parameters: {'k1': 0.04541457206426161, 'D_low': 1.1828517880366913, 'k2': 0.0007047307383115598, 'D_high': 61536.58035691659, 'fire_exp': 1.6733848721157607, 'P_half': 7126.727573532312, 'pre_dampen_half': 0.011501973785501987, 'gpp_af': 2.555721998081809, 'gpp_b': 0.006906522645653115, 'gpp_d': 64.20268021730274, 'ign_k': 0.12906379659404604, 'ign_c': 5.130551760589832, 'trop_agb_crit': 1.285305820648146, 'trop_k_veg': 6.9782110227926815}.[0m
[32m[I 2026-07-18 18:53:45,617][0m Trial 731 finished with values: [-2.4206498365252896e-05, 6.7901274778403575e-06] and parameters: {'k1': 0.04541457206426161, 'D_low': 3.4487261314487374, 'k2': 0.0007047307383115598, 'D_high': 1578.0309954142967, 'fire_exp': 1.6733848721157607, 'P_half': 7126.727573532312, 'pre_dampen_half': 0.011501973785501987, 'gpp_af': 2.555721998081809, 'gpp_b': 0.2272730825106818, 'gpp_d': 229.41380323183625, 'ign_k': 5.351470428717439, 'ign_c': 5.130551760589832, 'trop_agb_crit': 1.0903028125370984, 'trop_k_veg': 2.587938629755798}.[0m
[32m[I 2026-07-18 18:53:46,069][0m Trial 732 finished with values: [-0.0007837425277844283, 4.416949525920533e-05] and parameters: {'k1': 0.02938501958389821, 'D_low': 70.18267183720735, 'k2': 0.00035868164986275477, 'D_high': 45914.85216740541, 'fire_exp': 1.423480109671474, 'P_half': 3554.812765190894, 'pre_dampen_half': 0.011501973785501987, 'gpp_af': 0.001111693990724459, 'gpp_b': 7.007213496896404e-05, 'gpp_d': 64.20268021730274, 'ign_k': 5.351470428717439, 'ign_c': 20.03995359361212, 'trop_agb_crit': 1.331177446539379, 'trop_k_veg': 3.49157152291552}.[0m
[32m[I 2026-07-18 18:53:46,523][0m Trial 733 finished with values: [-0.08289210864465811, 0.009510310565320146] and parameters: {'k1': 0.04541457206426161, 'D_low': 70.18267183720735, 'k2': 0.0012040762895973265, 'D_high': 2940.51756322311, 'fire_exp': 1.6733848721157607, 'P_half': 9.324787201197319, 'pre_dampen_half': 0.2888838362365318, 'gpp_af': 0.10409127568994281, 'gpp_b': 0.00014950919877749144, 'gpp_d': 660.9129108295722, 'ign_k': 1.0484531351650956, 'ign_c': 3.5828811741825057, 'trop_agb_crit': 2.1861040860339416, 'trop_k_veg': 0.5772603928610088}.[0m
[32m[I 2026-07-18 18:53:46,992][0m Trial 734 finished with values: [-0.41859242423000464, 0.07935627172047799] and parameters: {'k1': 0.007530210437963516, 'D_low': 1.0721400017185365, 'k2': 0.0012040762895973265, 'D_high': 774.2116473996249, 'fire_exp': 1.423480109671474, 'P_half': 9.324787201197319, 'pre_dampen_half': 241.6951931920675, 'gpp_af': 0.0038793182938363898, 'gpp_b': 1.598364670380439e-05, 'gpp_d': 8.057329182285729, 'ign_k': 5.351470428717439, 'ign_c': 15.221840161091619, 'trop_agb_crit': 1.331177446539379, 'trop_k_veg': 2.587938629755798}.[0m
[32m[I 2026-07-18 18:53:47,463][0m Trial 735 finished with values: [-4.76879209246515e-10, 1.559311069154745e-08] and parameters: {'k1': 0.01889771394135163, 'D_low': 1.9977959434035766, 'k2': 0.003889545503367576, 'D_high': 15351.441568398131, 'fire_exp': 1.450870712623418, 'P_half': 3554.812765190894, 'pre_dampen_half': 0.010585220389440335, 'gpp_af': 0.00515795696727661, 'gpp_b': 0.42247700890263673, 'gpp_d': 21.14381609520636, 'ign_k': 0.48986208235548445, 'ign_c': 20.03995359361212, 'trop_agb_crit': 1.6079844205915728, 'trop_k_veg': 0.902411054575325}.[0m
[32m[I 2026-07-18 18:53:47,927][0m Trial 736 finished with values: [-3.4658439013866455e-07, 3.2900036461835924e-07] and parameters: {'k1': 0.0012056765208549535, 'D_low': 70.18267183720735, 'k2': 0.012758211164590085, 'D_high': 2940.51756322311, 'fire_exp': 2.667972213959779, 'P_half': 175.2878790340412, 'pre_dampen_half': 0.1875872314533727, 'gpp_af': 0.10409127568994281, 'gpp_b': 0.36422282566934217, 'gpp_d': 660.9129108295722, 'ign_k': 8.708806168038567, 'ign_c': 8.405439129313676, 'trop_agb_crit': 1.0903028125370984, 'trop_k_veg': 0.902411054575325}.[0m
  trial  737/2500  pareto_size=36  best_taylor=0.7247  best_ilamb=0.5954  (5.7 min)
[32m[I 2026-07-18 18:53:48,502][0m Trial 737 finished with values: [-0.00010437826370918678, 1.14238926253174e-05] and parameters: {'k1': 0.007530210437963516, 'D_low': 4.484744524732794, 'k2': 0.00035868164986275477, 'D_high': 45914.85216740541, 'fire_exp': 1.6733848721157607, 'P_half': 3554.812765190894, 'pre_dampen_half': 0.0399066504395798, 'gpp_af': 0.001111693990724459, 'gpp_b': 0.0005744663972188569, 'gpp_d': 64.20268021730274, 'ign_k': 5.351470428717439, 'ign_c': 20.03995359361212, 'trop_agb_crit': 21.20801447986448, 'trop_k_veg': 3.49157152291552}.[0m
[32m[I 2026-07-18 18:53:48,953][0m Trial 738 finished with values: [-0.0001496596280341709, 1.0642914448411034e-05] and parameters: {'k1': 0.0018538092461931478, 'D_low': 60.42560675552672, 'k2': 0.00035868164986275477, 'D_high': 61536.58035691659, 'fire_exp': 3.5637467870629145, 'P_half': 712.8188058401365, 'pre_dampen_half': 0.17224846962214363, 'gpp_af': 0.0038793182938363898, 'gpp_b': 7.007213496896404e-05, 'gpp_d': 8.057329182285729, 'ign_k': 1.0484531351650956, 'ign_c': 20.03995359361212, 'trop_agb_crit': 12.324775650896964, 'trop_k_veg': 4.9897488945787245}.[0m
[32m[I 2026-07-18 18:53:49,402][0m Trial 739 finished with values: [-0.00012939241750530567, 4.359999846270668e-06] and parameters: {'k1': 0.07799059237255677, 'D_low': 7.46475488144212, 'k2': 0.0005342937261279771, 'D_high': 8559.572793311803, 'fire_exp': 1.423480109671474, 'P_half': 712.8188058401365, 'pre_dampen_half': 0.03751320096826995, 'gpp_af': 0.27997858752477867, 'gpp_b': 0.01666658176842624, 'gpp_d': 660.9129108295722, 'ign_k': 5.351470428717439, 'ign_c': 29.690870944846793, 'trop_agb_crit': 1.6878075072665546, 'trop_k_veg': 6.9782110227926815}.[0m
[32m[I 2026-07-18 18:53:49,856][0m Trial 740 finished with values: [-1.534197111960215e-07, 1.7689609177473642e-07] and parameters: {'k1': 0.01889771394135163, 'D_low': 70.18267183720735, 'k2': 7.91442361215536e-05, 'D_high': 107.7788960207927, 'fire_exp': 1.423480109671474, 'P_half': 9.417360296511943, 'pre_dampen_half': 3.3841016089580047, 'gpp_af': 0.6403036652671174, 'gpp_b': 3.083723329640505, 'gpp_d': 229.41380323183625, 'ign_k': 5.351470428717439, 'ign_c': 30.28574109895626, 'trop_agb_crit': 1.331177446539379, 'trop_k_veg': 1.0594599158279707}.[0m
[32m[I 2026-07-18 18:53:50,317][0m Trial 741 finished with values: [-0.060578480244956406, 0.005823250724349749] and parameters: {'k1': 0.041833856821460395, 'D_low': 70.18267183720735, 'k2': 0.00035868164986275477, 'D_high': 15351.441568398131, 'fire_exp': 1.450870712623418, 'P_half': 9.324787201197319, 'pre_dampen_half': 0.2888838362365318, 'gpp_af': 0.00515795696727661, 'gpp_b': 0.0005623095666134974, 'gpp_d': 431.6907311305208, 'ign_k': 0.6024590664672947, 'ign_c': 5.130551760589832, 'trop_agb_crit': 24.584290528289387, 'trop_k_veg': 0.6743482387129308}.[0m
[32m[I 2026-07-18 18:53:50,779][0m Trial 742 finished with values: [-0.009848053952537832, 0.0003783965044628079] and parameters: {'k1': 0.03040882260558899, 'D_low': 7.299348683062307, 'k2': 0.0005342937261279771, 'D_high': 29812.370697208808, 'fire_exp': 1.1488607445926913, 'P_half': 323.6099399575106, 'pre_dampen_half': 0.011501973785501987, 'gpp_af': 0.00515795696727661, 'gpp_b': 0.0005752434266899163, 'gpp_d': 64.20268021730274, 'ign_k': 5.4669374787660825, 'ign_c': 20.03995359361212, 'trop_agb_crit': 1.331177446539379, 'trop_k_veg': 0.6743482387129308}.[0m
[32m[I 2026-07-18 18:53:51,244][0m Trial 743 finished with values: [-6.800888045971507e-11, 7.932002166199936e-09] and parameters: {'k1': 0.04541457206426161, 'D_low': 3.4487261314487374, 'k2': 0.0007047307383115598, 'D_high': 29812.370697208808, 'fire_exp': 1.6733848721157607, 'P_half': 7126.727573532312, 'pre_dampen_half': 0.011501973785501987, 'gpp_af': 0.0038793182938363898, 'gpp_b': 0.2272730825106818, 'gpp_d': 229.41380323183625, 'ign_k': 0.12906379659404604, 'ign_c': 5.130551760589832, 'trop_agb_crit': 1.331177446539379, 'trop_k_veg': 6.9782110227926815}.[0m
[32m[I 2026-07-18 18:53:51,716][0m Trial 744 finished with values: [-0.0023856632743053763, 0.0007993085670084943] and parameters: {'k1': 0.041833856821460395, 'D_low': 70.18267183720735, 'k2': 7.91442361215536e-05, 'D_high': 2940.51756322311, 'fire_exp': 2.2471014875823556, 'P_half': 220.3445560633069, 'pre_dampen_half': 107.40052367919465, 'gpp_af': 0.6403036652671174, 'gpp_b': 0.0005744663972188569, 'gpp_d': 64.20268021730274, 'ign_k': 8.708806168038567, 'ign_c': 30.28574109895626, 'trop_agb_crit': 24.584290528289387, 'trop_k_veg': 3.1473758868965485}.[0m
[32m[I 2026-07-18 18:53:52,178][0m Trial 745 finished with values: [-0.01409735074981115, 0.0005555442365809959] and parameters: {'k1': 0.011966626407443505, 'D_low': 70.18267183720735, 'k2': 0.0012040762895973265, 'D_high': 1662.6592254031873, 'fire_exp': 1.423480109671474, 'P_half': 2.5449737887285035, 'pre_dampen_half': 0.010585220389440335, 'gpp_af': 0.10409127568994281, 'gpp_b': 0.008226792720717493, 'gpp_d': 21.14381609520636, 'ign_k': 5.351470428717439, 'ign_c': 5.130551760589832, 'trop_agb_crit': 1.331177446539379, 'trop_k_veg': 2.587938629755798}.[0m
[32m[I 2026-07-18 18:53:52,644][0m Trial 746 finished with values: [-6.814244014370382e-05, 1.3478344058737157e-05] and parameters: {'k1': 0.03635503353478365, 'D_low': 70.18267183720735, 'k2': 0.012758211164590085, 'D_high': 2940.51756322311, 'fire_exp': 2.667972213959779, 'P_half': 3554.812765190894, 'pre_dampen_half': 0.1875872314533727, 'gpp_af': 0.27997858752477867, 'gpp_b': 0.01666658176842624, 'gpp_d': 660.9129108295722, 'ign_k': 8.708806168038567, 'ign_c': 5.130551760589832, 'trop_agb_crit': 2.3949151201661625, 'trop_k_veg': 6.9782110227926815}.[0m
[32m[I 2026-07-18 18:53:53,104][0m Trial 747 finished with values: [-0.02601982308735859, 0.0018512593950713585] and parameters: {'k1': 0.00013787693098630266, 'D_low': 70.18267183720735, 'k2': 0.032845299795769396, 'D_high': 2940.51756322311, 'fire_exp': 1.423480109671474, 'P_half': 221.2683656611821, 'pre_dampen_half': 3.3841016089580047, 'gpp_af': 0.001111693990724459, 'gpp_b': 1.598364670380439e-05, 'gpp_d': 229.41380323183625, 'ign_k': 5.351470428717439, 'ign_c': 20.03995359361212, 'trop_agb_crit': 1.6079844205915728, 'trop_k_veg': 0.902411054575325}.[0m
[32m[I 2026-07-18 18:53:53,558][0m Trial 748 finished with values: [-0.04056678168464886, 0.003107431394439475] and parameters: {'k1': 0.041833856821460395, 'D_low': 70.18267183720735, 'k2': 0.00035868164986275477, 'D_high': 45914.85216740541, 'fire_exp': 1.450870712623418, 'P_half': 220.3445560633069, 'pre_dampen_half': 0.0399066504395798, 'gpp_af': 0.06002934191396867, 'gpp_b': 0.0006978141787680361, 'gpp_d': 64.20268021730274, 'ign_k': 5.351470428717439, 'ign_c': 1.6051347487097574, 'trop_agb_crit': 12.71480504859747, 'trop_k_veg': 4.633503917129023}.[0m
[32m[I 2026-07-18 18:53:54,010][0m Trial 749 finished with values: [-5.605074673356826e-06, 4.216419367431001e-06] and parameters: {'k1': 0.0376331292637011, 'D_low': 4.484744524732794, 'k2': 0.00035868164986275477, 'D_high': 774.2116473996249, 'fire_exp': 3.4606786740074256, 'P_half': 221.2683656611821, 'pre_dampen_half': 0.360195676655796, 'gpp_af': 0.7539992074650282, 'gpp_b': 0.42247700890263673, 'gpp_d': 2.944272359149678, 'ign_k': 8.103949702339493, 'ign_c': 5.130551760589832, 'trop_agb_crit': 24.584290528289387, 'trop_k_veg': 0.6743482387129308}.[0m
[32m[I 2026-07-18 18:53:54,464][0m Trial 750 finished with values: [-0.04258556876810012, 0.0008508957192491229] and parameters: {'k1': 0.01889771394135163, 'D_low': 70.18267183720735, 'k2': 0.032845299795769396, 'D_high': 2940.51756322311, 'fire_exp': 1.6733848721157607, 'P_half': 9.324787201197319, 'pre_dampen_half': 0.2888838362365318, 'gpp_af': 0.01719951378854337, 'gpp_b': 0.0005752434266899163, 'gpp_d': 64.20268021730274, 'ign_k': 0.6024590664672947, 'ign_c': 20.03995359361212, 'trop_agb_crit': 7.599113148200974, 'trop_k_veg': 6.9782110227926815}.[0m
[32m[I 2026-07-18 18:53:54,920][0m Trial 751 finished with values: [-0.023432023621671755, 0.004708892883862892] and parameters: {'k1': 0.004053638704742309, 'D_low': 6.96063331852638, 'k2': 0.005082220961627801, 'D_high': 3712.591045287733, 'fire_exp': 1.6733848721157607, 'P_half': 310.3604223881657, 'pre_dampen_half': 0.010585220389440335, 'gpp_af': 0.7539992074650282, 'gpp_b': 0.00012379625135997558, 'gpp_d': 21.14381609520636, 'ign_k': 1.0484531351650956, 'ign_c': 15.221840161091619, 'trop_agb_crit': 1.0903028125370984, 'trop_k_veg': 0.6743482387129308}.[0m
[32m[I 2026-07-18 18:53:55,376][0m Trial 752 finished with values: [-0.010706184169806782, 0.0005817991009702261] and parameters: {'k1': 0.04541457206426161, 'D_low': 70.18267183720735, 'k2': 0.00035868164986275477, 'D_high': 1578.0309954142967, 'fire_exp': 1.6733848721157607, 'P_half': 276.27089412392087, 'pre_dampen_half': 0.2888838362365318, 'gpp_af': 0.10409127568994281, 'gpp_b': 0.0005623095666134974, 'gpp_d': 150.14555442537656, 'ign_k': 5.351470428717439, 'ign_c': 20.03995359361212, 'trop_agb_crit': 7.599113148200974, 'trop_k_veg': 2.587938629755798}.[0m
[32m[I 2026-07-18 18:53:55,829][0m Trial 753 finished with values: [-0.08669235013606331, 0.00963082269381832] and parameters: {'k1': 0.01889771394135163, 'D_low': 70.18267183720735, 'k2': 0.0007047307383115598, 'D_high': 7321.544340709298, 'fire_exp': 1.423480109671474, 'P_half': 712.8188058401365, 'pre_dampen_half': 3.3841016089580047, 'gpp_af': 0.001111693990724459, 'gpp_b': 1.598364670380439e-05, 'gpp_d': 0.23073846740741236, 'ign_k': 5.351470428717439, 'ign_c': 5.130551760589832, 'trop_agb_crit': 1.331177446539379, 'trop_k_veg': 6.9782110227926815}.[0m
[32m[I 2026-07-18 18:53:56,290][0m Trial 754 finished with values: [-0.025209817270965926, 0.0015013819310177867] and parameters: {'k1': 0.03635503353478365, 'D_low': 70.18267183720735, 'k2': 0.032845299795769396, 'D_high': 2940.51756322311, 'fire_exp': 1.6733848721157607, 'P_half': 221.2683656611821, 'pre_dampen_half': 0.03751320096826995, 'gpp_af': 0.27997858752477867, 'gpp_b': 0.0012213924959062798, 'gpp_d': 660.9129108295722, 'ign_k': 8.708806168038567, 'ign_c': 5.130551760589832, 'trop_agb_crit': 1.285305820648146, 'trop_k_veg': 0.5443513380244235}.[0m
[32m[I 2026-07-18 18:53:56,783][0m Trial 755 finished with values: [-0.002855780569778626, 0.0011710940076381515] and parameters: {'k1': 0.011966626407443505, 'D_low': 70.18267183720735, 'k2': 0.00035868164986275477, 'D_high': 61536.58035691659, 'fire_exp': 3.5637467870629145, 'P_half': 712.8188058401365, 'pre_dampen_half': 0.17224846962214363, 'gpp_af': 0.6403036652671174, 'gpp_b': 7.007213496896404e-05, 'gpp_d': 64.20268021730274, 'ign_k': 1.0484531351650956, 'ign_c': 0.1948891005130867, 'trop_agb_crit': 4.0818981835727985, 'trop_k_veg': 3.1473758868965485}.[0m
[32m[I 2026-07-18 18:53:57,309][0m Trial 756 finished with values: [-0.2747110129647193, 0.30893910266344315] and parameters: {'k1': 0.004312951023617458, 'D_low': 1.9977959434035766, 'k2': 0.026471946255259393, 'D_high': 3712.591045287733, 'fire_exp': 1.0629462657398439, 'P_half': 712.8188058401365, 'pre_dampen_half': 502.5175192217655, 'gpp_af': 0.7539992074650282, 'gpp_b': 0.0021331409710300844, 'gpp_d': 150.14555442537656, 'ign_k': 0.0030728713149666426, 'ign_c': 15.221840161091619, 'trop_agb_crit': 24.584290528289387, 'trop_k_veg': 0.6743482387129308}.[0m
[32m[I 2026-07-18 18:53:57,816][0m Trial 757 finished with values: [-0.001678791604935826, 4.171934284635803e-05] and parameters: {'k1': 0.04541457206426161, 'D_low': 1.9977959434035766, 'k2': 0.0005342937261279771, 'D_high': 8182.111518618414, 'fire_exp': 6.234638880169447, 'P_half': 175.2878790340412, 'pre_dampen_half': 0.08049089337224259, 'gpp_af': 0.2901272149738624, 'gpp_b': 0.006906522645653115, 'gpp_d': 25.444227489578886, 'ign_k': 2.396079612430075, 'ign_c': 0.5342106255632174, 'trop_agb_crit': 1.331177446539379, 'trop_k_veg': 0.902411054575325}.[0m
[32m[I 2026-07-18 18:53:58,389][0m Trial 758 finished with values: [-0.008451681553111816, 0.0006221111105022548] and parameters: {'k1': 0.07799059237255677, 'D_low': 70.18267183720735, 'k2': 0.0005342937261279771, 'D_high': 2940.51756322311, 'fire_exp': 1.423480109671474, 'P_half': 712.8188058401365, 'pre_dampen_half': 0.03751320096826995, 'gpp_af': 0.1476584299248268, 'gpp_b': 0.0005752434266899163, 'gpp_d': 660.9129108295722, 'ign_k': 5.351470428717439, 'ign_c': 20.03995359361212, 'trop_agb_crit': 2.1861040860339416, 'trop_k_veg': 0.902411054575325}.[0m
[32m[I 2026-07-18 18:53:59,001][0m Trial 759 finished with values: [-8.058764464160873e-07, 3.344324817078359e-12] and parameters: {'k1': 0.0699458988153545, 'D_low': 4.484744524732794, 'k2': 0.00035868164986275477, 'D_high': 60107.420288647445, 'fire_exp': 6.234638880169447, 'P_half': 323.6099399575106, 'pre_dampen_half': 0.0399066504395798, 'gpp_af': 0.008075914984851893, 'gpp_b': 0.0005744663972188569, 'gpp_d': 64.20268021730274, 'ign_k': 5.351470428717439, 'ign_c': 30.28574109895626, 'trop_agb_crit': 1.331177446539379, 'trop_k_veg': 2.144518162606203}.[0m
