[setup] CRUJRA climate from data/crujra/, GPP from global_baseline_modelC_inputs_1997-2016.nc ...
[setup] loading GFED5 reference from burntArea.nc ...
[setup] land cells (GFED5 burnable): 13916 / 64800 (21.5%)
[setup] GFED5 land-mean monthly frac: 0.005068
[opt] warm-start from C.json
[warm] Overall=0.5988  bias=0.6792 rmse=0.3680 seas=0.8286 spatial=0.7500
[opt] sampler=NSGAIISampler seed=42
[32m[I 2026-07-18 18:48:03,433][0m A new study created in memory with name: no-name-b46206f1-31c2-4212-9fbc-3cf577d4654c[0m
[opt] running 2500 trials against GFED5 ...
[32m[I 2026-07-18 18:48:03,886][0m Trial 0 finished with values: [-0.7246857154436261, 0.053725735164132815] and parameters: {'k1': 0.03635503353478365, 'D_low': 70.18267183720735, 'k2': 0.012758211164590085, 'D_high': 2940.51756322311, 'fire_exp': 1.165368636520435, 'P_half': 12.808863354047988, 'pre_dampen_half': 107.40052367919465, 'gpp_af': 0.1476584299248268, 'gpp_b': 0.0005752434266899163, 'gpp_d': 660.9129108295722, 'ign_k': 8.708806168038567, 'ign_c': 20.03995359361212, 'trop_agb_crit': 3.5747129226002423, 'trop_k_veg': 6.9782110227926815}.[0m
[32m[I 2026-07-18 18:48:04,330][0m Trial 1 finished with values: [-0.006634059415961032, 0.01687229331555573] and parameters: {'k1': 0.008471801418819975, 'D_low': 248.10409748678117, 'k2': 4.207988669606632e-05, 'D_high': 42.07053950287937, 'fire_exp': 1.1430983876313219, 'P_half': 2915.443189153754, 'pre_dampen_half': 10.129197956845726, 'gpp_af': 3.470266988650414, 'gpp_b': 1.3289448722869181e-05, 'gpp_d': 707.2114131472224, 'ign_k': 2.136832907235876, 'ign_c': 0.7068974950624601, 'trop_agb_crit': 1.8559980846490576, 'trop_k_veg': 0.83140195149031}.[0m
[32m[I 2026-07-18 18:48:04,760][0m Trial 2 finished with values: [-1.128363996263565e-09, 3.0775276993466605e-07] and parameters: {'k1': 0.00016480446427978953, 'D_low': 125.61043700013555, 'k2': 0.0005342937261279771, 'D_high': 146.1896279370497, 'fire_exp': 4.091220574443785, 'P_half': 3.6138942712165267, 'pre_dampen_half': 0.2888838362365318, 'gpp_af': 0.06789053271698488, 'gpp_b': 0.0054502936945582505, 'gpp_d': 84.31013932082456, 'ign_k': 0.006290644294586149, 'ign_c': 11.40086370112731, 'trop_agb_crit': 7.500118950416987, 'trop_k_veg': 0.5687244174086067}.[0m
[32m[I 2026-07-18 18:48:05,206][0m Trial 3 finished with values: [-2.0000000000000005e-60, 0.0] and parameters: {'k1': 0.0026926469100861782, 'D_low': 4.809461967501573, 'k2': 1.8205657658407255e-05, 'D_high': 62451.395747430695, 'fire_exp': 9.23915031962725, 'P_half': 1712.3375973163984, 'pre_dampen_half': 0.33347927286375834, 'gpp_af': 0.0030786517836196197, 'gpp_b': 0.1274671157821504, 'gpp_d': 1.5876781526923986, 'ign_k': 0.003077180271250686, 'ign_c': 9.565499215943817, 'trop_agb_crit': 1.1240768803005543, 'trop_k_veg': 6.221582596639012}.[0m
[32m[I 2026-07-18 18:48:05,655][0m Trial 4 finished with values: [-2.0000000000000005e-60, 0.0] and parameters: {'k1': 0.00010842262717330161, 'D_low': 446.77528179739056, 'k2': 0.00017654048052495074, 'D_high': 1203.0178871154671, 'fire_exp': 3.521358805467868, 'P_half': 5.488047000766042, 'pre_dampen_half': 704.5683638454491, 'gpp_af': 7.510418138777546, 'gpp_b': 4.335045392775132, 'gpp_d': 297.9454462591361, 'ign_k': 0.24637685958997463, 'ign_c': 486.9640941520893, 'trop_agb_crit': 1.3511829476450818, 'trop_k_veg': 0.8609082809111277}.[0m
[32m[I 2026-07-18 18:48:06,103][0m Trial 5 finished with values: [-2.0000000000000005e-60, 0.0] and parameters: {'k1': 1.5167330688076188e-05, 'D_low': 20.013420622879977, 'k2': 0.00035868164986275477, 'D_high': 121.72958098369969, 'fire_exp': 6.741204610702761, 'P_half': 26.7308831078167, 'pre_dampen_half': 0.2539057572102413, 'gpp_af': 0.5169879442298541, 'gpp_b': 7.007213496896404e-05, 'gpp_d': 102.56162748473065, 'ign_k': 0.0019870215385428634, 'ign_c': 886.2326508576241, 'trop_agb_crit': 13.826083091896752, 'trop_k_veg': 0.8674561439130763}.[0m
[32m[I 2026-07-18 18:48:06,551][0m Trial 6 finished with values: [-2.0000000000000005e-60, 0.0] and parameters: {'k1': 1.0521761868451132e-05, 'D_low': 1827.4508859816024, 'k2': 0.00672093005015611, 'D_high': 8241.925264876445, 'fire_exp': 5.905685925060636, 'P_half': 1.9777828512462716, 'pre_dampen_half': 0.6199100007802263, 'gpp_af': 0.0037961668958008117, 'gpp_b': 1.5087613675681666, 'gpp_d': 13.076473382928528, 'ign_k': 0.021066486017042207, 'ign_c': 0.1795698422567763, 'trop_agb_crit': 2.879775265707033, 'trop_k_veg': 1.2317703342786168}.[0m
[32m[I 2026-07-18 18:48:06,993][0m Trial 7 finished with values: [-0.003404887224226886, 0.00463565397808241] and parameters: {'k1': 0.008287522363768155, 'D_low': 355.00125258511594, 'k2': 0.0353875886477924, 'D_high': 774.2116473996249, 'fire_exp': 1.3170256885255098, 'P_half': 712.8188058401365, 'pre_dampen_half': 63.668591607994244, 'gpp_af': 0.6403036652671174, 'gpp_b': 0.42247700890263673, 'gpp_d': 2.944272359149678, 'ign_k': 0.12329098365270519, 'ign_c': 5.130551760589832, 'trop_agb_crit': 1.0903028125370984, 'trop_k_veg': 0.6743482387129308}.[0m
[32m[I 2026-07-18 18:48:07,438][0m Trial 8 finished with values: [-1.254604990851509e-16, 5.033272687526846e-10] and parameters: {'k1': 1.3357240411974104e-05, 'D_low': 351.2704726270846, 'k2': 0.00018089390092767128, 'D_high': 1082.1382910613988, 'fire_exp': 8.082886378162032, 'P_half': 9.935023909063686, 'pre_dampen_half': 1.126975864381465, 'gpp_af': 5.99453765679882, 'gpp_b': 0.00023593316458046316, 'gpp_d': 0.024260488932164485, 'ign_k': 0.014421346497969497, 'ign_c': 0.44145368764944787, 'trop_agb_crit': 23.619797107806516, 'trop_k_veg': 4.699416114458772}.[0m
[32m[I 2026-07-18 18:48:07,879][0m Trial 9 finished with values: [-2.0000000000000005e-60, 0.0] and parameters: {'k1': 0.0034167643418329683, 'D_low': 3060.8522106722494, 'k2': 0.016394127471631596, 'D_high': 55.75453980775369, 'fire_exp': 7.8083450855424115, 'P_half': 143.67095138664226, 'pre_dampen_half': 108.94336258132203, 'gpp_af': 30.231277487962988, 'gpp_b': 0.000809134743599756, 'gpp_d': 0.03550255612313078, 'ign_k': 0.008160948743089924, 'ign_c': 5.11012065649716, 'trop_agb_crit': 16.155001304356414, 'trop_k_veg': 5.437420238162097}.[0m
[32m[I 2026-07-18 18:48:08,322][0m Trial 10 finished with values: [-2.0000000000000005e-60, 0.0] and parameters: {'k1': 1.0661259689433896e-05, 'D_low': 110.40511903162249, 'k2': 0.0004673518999562748, 'D_high': 77.34482156646791, 'fire_exp': 1.317848138124919, 'P_half': 22.41097161910951, 'pre_dampen_half': 518.2609891091992, 'gpp_af': 0.04130614451133169, 'gpp_b': 0.012964140540905063, 'gpp_d': 32.74121520988881, 'ign_k': 0.02847858516856297, 'ign_c': 771.13129913311, 'trop_agb_crit': 26.402883285404346, 'trop_k_veg': 1.0049538030148353}.[0m
[32m[I 2026-07-18 18:48:08,760][0m Trial 11 finished with values: [-2.0000000000000005e-60, 0.0] and parameters: {'k1': 0.0009749762207436118, 'D_low': 15.977662354833871, 'k2': 0.00013783578294796384, 'D_high': 14.045842344024702, 'fire_exp': 4.069718158955968, 'P_half': 102.49816559563212, 'pre_dampen_half': 0.018088133565708247, 'gpp_af': 0.024730467210999134, 'gpp_b': 2.8157579294311725, 'gpp_d': 0.15769192447197525, 'ign_k': 0.003798214508453258, 'ign_c': 9.07425628898386, 'trop_agb_crit': 28.570986468059534, 'trop_k_veg': 0.978213368435106}.[0m
[32m[I 2026-07-18 18:48:09,204][0m Trial 12 finished with values: [-0.0002506784312148673, 0.0028305833949524573] and parameters: {'k1': 0.00488137519160367, 'D_low': 1112.9571947046009, 'k2': 8.923807143379776e-05, 'D_high': 8182.111518618414, 'fire_exp': 2.332293128354265, 'P_half': 338.23872019362165, 'pre_dampen_half': 14.711215379121963, 'gpp_af': 0.4773901130843782, 'gpp_b': 3.481277316673104e-05, 'gpp_d': 150.14555442537656, 'ign_k': 0.019192001101561888, 'ign_c': 0.557280750002996, 'trop_agb_crit': 1.14876138417489, 'trop_k_veg': 2.573214588078609}.[0m
[32m[I 2026-07-18 18:48:09,641][0m Trial 13 finished with values: [-2.0000000000000005e-60, 0.0] and parameters: {'k1': 0.0051316549551483235, 'D_low': 1.1650681118986133, 'k2': 0.0011178209200698721, 'D_high': 80.53471030316095, 'fire_exp': 4.4174616756610865, 'P_half': 4.982711200081132, 'pre_dampen_half': 28.48975342612562, 'gpp_af': 0.08583743499363283, 'gpp_b': 4.172342315150441, 'gpp_d': 0.048708496102003014, 'ign_k': 0.023134781612225618, 'ign_c': 0.28437674894443676, 'trop_agb_crit': 23.22119672134762, 'trop_k_veg': 5.69366421960607}.[0m
[32m[I 2026-07-18 18:48:10,082][0m Trial 14 finished with values: [-2.3324221912139646e-07, 2.3867381170328272e-06] and parameters: {'k1': 0.00010758866306767925, 'D_low': 436.4516946807792, 'k2': 0.018573288333114862, 'D_high': 1662.6592254031873, 'fire_exp': 3.3857164090062235, 'P_half': 9.277034327414716, 'pre_dampen_half': 0.029208808341780905, 'gpp_af': 30.62518985924679, 'gpp_b': 2.5264362435704455, 'gpp_d': 14.63886097662141, 'ign_k': 0.022704877557909234, 'ign_c': 2.493666083446518, 'trop_agb_crit': 11.812030596598904, 'trop_k_veg': 6.014484292180484}.[0m
[32m[I 2026-07-18 18:48:10,525][0m Trial 15 finished with values: [-4.3471835975333623e-13, 1.8373951471417627e-08] and parameters: {'k1': 0.035346441441965824, 'D_low': 1316.7465326936142, 'k2': 0.0036993598999597497, 'D_high': 21.705003488711135, 'fire_exp': 1.450870712623418, 'P_half': 3928.4095134792283, 'pre_dampen_half': 10.768254179081206, 'gpp_af': 0.001111693990724459, 'gpp_b': 4.062835674447076e-05, 'gpp_d': 20.77346035713882, 'ign_k': 0.001047722656409829, 'ign_c': 0.4397766894483963, 'trop_agb_crit': 6.464669746492398, 'trop_k_veg': 3.404825334562598}.[0m
[32m[I 2026-07-18 18:48:10,962][0m Trial 16 finished with values: [-5.051927628025496e-07, 0.00021466902232081253] and parameters: {'k1': 0.004053638704742309, 'D_low': 7.890004262668578, 'k2': 0.007058572590901788, 'D_high': 88.9193644629625, 'fire_exp': 2.1154350616377124, 'P_half': 968.2012086882471, 'pre_dampen_half': 17.7077953934785, 'gpp_af': 17.624510039685536, 'gpp_b': 0.08824240860504111, 'gpp_d': 6.942933677610512, 'ign_k': 0.0023697311169867336, 'ign_c': 2.9570809414943473, 'trop_agb_crit': 2.4645410377327237, 'trop_k_veg': 0.983473833513531}.[0m
[32m[I 2026-07-18 18:48:11,397][0m Trial 17 finished with values: [-0.00013169633455659005, 0.00017452262336992153] and parameters: {'k1': 0.07799059237255677, 'D_low': 37.35862630812753, 'k2': 0.03699867920489092, 'D_high': 3346.220103048382, 'fire_exp': 6.234638880169447, 'P_half': 102.4585893986732, 'pre_dampen_half': 7.665128204660192, 'gpp_af': 0.2901272149738624, 'gpp_b': 0.0001484082099455773, 'gpp_d': 40.95062894476691, 'ign_k': 0.013276678836047658, 'ign_c': 0.12510188850164433, 'trop_agb_crit': 8.983402272488592, 'trop_k_veg': 0.8170196702261714}.[0m
[32m[I 2026-07-18 18:48:11,831][0m Trial 18 finished with values: [-2.0000000000000005e-60, 0.0] and parameters: {'k1': 0.05778755734457457, 'D_low': 6542.056762893129, 'k2': 0.045651763726463325, 'D_high': 302.4369161272648, 'fire_exp': 1.0362310858538248, 'P_half': 5167.425813322413, 'pre_dampen_half': 1.3833139021965037, 'gpp_af': 68.11991466118579, 'gpp_b': 6.0495053137151995, 'gpp_d': 184.09723989839054, 'ign_k': 0.015058980408366392, 'ign_c': 3.470490935437501, 'trop_agb_crit': 18.081400596781233, 'trop_k_veg': 1.2038770175361675}.[0m
[32m[I 2026-07-18 18:48:12,267][0m Trial 19 finished with values: [-2.0000000000000005e-60, 0.0] and parameters: {'k1': 4.763991596630584e-05, 'D_low': 168.73495104568943, 'k2': 0.05554169083020913, 'D_high': 6083.019192425827, 'fire_exp': 3.7158756327298814, 'P_half': 2.4474057445796826, 'pre_dampen_half': 11.886011154695652, 'gpp_af': 89.1803660289781, 'gpp_b': 6.926344546055084e-05, 'gpp_d': 3.905244791300359, 'ign_k': 3.232155805617897, 'ign_c': 91.84900818511531, 'trop_agb_crit': 10.704755834674414, 'trop_k_veg': 3.506268155293053}.[0m
[32m[I 2026-07-18 18:48:12,698][0m Trial 20 finished with values: [-2.0000000000000005e-60, 0.0] and parameters: {'k1': 0.00027413507419758244, 'D_low': 14.94057723907974, 'k2': 0.017276056747028225, 'D_high': 17396.167422846986, 'fire_exp': 7.363297006759709, 'P_half': 4497.407193749843, 'pre_dampen_half': 3.6033960181641227, 'gpp_af': 0.3217966164978632, 'gpp_b': 0.6162700666853765, 'gpp_d': 17.775411110039233, 'ign_k': 0.6424916813668932, 'ign_c': 152.46518242848595, 'trop_agb_crit': 20.636964030632928, 'trop_k_veg': 1.2763116303262503}.[0m
[32m[I 2026-07-18 18:48:13,145][0m Trial 21 finished with values: [-1.3407969992963572e-07, 1.4948669979641949e-05] and parameters: {'k1': 0.0003179302199939536, 'D_low': 2.3764449553865354, 'k2': 0.0020564614086027925, 'D_high': 13.924162890248676, 'fire_exp': 2.921447042060987, 'P_half': 148.10800730363493, 'pre_dampen_half': 0.270835918680168, 'gpp_af': 0.8998420889037458, 'gpp_b': 1.524058016414757e-05, 'gpp_d': 0.015372374060846974, 'ign_k': 1.9516513783265608, 'ign_c': 2.7590690254397843, 'trop_agb_crit': 1.5405783270032232, 'trop_k_veg': 2.1272255937459805}.[0m
[32m[I 2026-07-18 18:48:13,577][0m Trial 22 finished with values: [-0.017588377581198415, 0.014712306208756964] and parameters: {'k1': 0.012021930484915042, 'D_low': 7.299348683062307, 'k2': 0.003101429427212743, 'D_high': 21.947742689197344, 'fire_exp': 1.1263716762638152, 'P_half': 133.4807155996069, 'pre_dampen_half': 5.048653998722944, 'gpp_af': 1.5386842469144075, 'gpp_b': 0.2272730825106818, 'gpp_d': 757.2868182332339, 'ign_k': 0.11619873314872933, 'ign_c': 1.958059531975039, 'trop_agb_crit': 14.948114979829949, 'trop_k_veg': 1.0594599158279707}.[0m
[32m[I 2026-07-18 18:48:14,009][0m Trial 23 finished with values: [-2.0000000000000005e-60, 0.0] and parameters: {'k1': 0.0005700142105246941, 'D_low': 2.0598022365449626, 'k2': 1.2629989039319992e-05, 'D_high': 70891.41723796881, 'fire_exp': 6.854568494872217, 'P_half': 607.9905434073398, 'pre_dampen_half': 1.10857408536991, 'gpp_af': 0.007353119099448618, 'gpp_b': 8.682049468455238e-05, 'gpp_d': 0.17832592720985765, 'ign_k': 0.15736446109772143, 'ign_c': 72.17448452444773, 'trop_agb_crit': 9.444774154985085, 'trop_k_veg': 1.0865357077254767}.[0m
[32m[I 2026-07-18 18:48:14,446][0m Trial 24 finished with values: [-6.897177990191516e-05, 0.001623858049223048] and parameters: {'k1': 0.06598741607403362, 'D_low': 894.5150807271528, 'k2': 0.0016497426799845453, 'D_high': 2798.2272717049286, 'fire_exp': 2.627846918579106, 'P_half': 9.793184984206247, 'pre_dampen_half': 0.6023700815747874, 'gpp_af': 6.155035361040185, 'gpp_b': 1.220003093173824e-05, 'gpp_d': 0.03805074835058821, 'ign_k': 0.0015276032303600073, 'ign_c': 0.1455174947607226, 'trop_agb_crit': 18.3492792986878, 'trop_k_veg': 3.517697529584013}.[0m
[32m[I 2026-07-18 18:48:14,888][0m Trial 25 finished with values: [-1.3764036568228007e-07, 1.1597969760912541e-05] and parameters: {'k1': 0.0007883068789768041, 'D_low': 2.4622754931226587, 'k2': 0.0009256855841989632, 'D_high': 783.2259769732478, 'fire_exp': 1.4900535273878768, 'P_half': 54.37591736923918, 'pre_dampen_half': 0.9829324480069707, 'gpp_af': 1.200191344086032, 'gpp_b': 0.06464901394322498, 'gpp_d': 0.016846901973653922, 'ign_k': 0.0315101491238403, 'ign_c': 31.874227118134108, 'trop_agb_crit': 5.535964054794066, 'trop_k_veg': 5.373862339436158}.[0m
[32m[I 2026-07-18 18:48:15,327][0m Trial 26 finished with values: [-0.2720774552816218, 0.22806148467605059] and parameters: {'k1': 0.004312951023617458, 'D_low': 4.484744524732794, 'k2': 1.915468390724633e-05, 'D_high': 3712.591045287733, 'fire_exp': 1.0629462657398439, 'P_half': 220.3445560633069, 'pre_dampen_half': 502.5175192217655, 'gpp_af': 0.7539992074650282, 'gpp_b': 0.0021331409710300844, 'gpp_d': 16.460426816350534, 'ign_k': 0.06807874826564587, 'ign_c': 15.221840161091619, 'trop_agb_crit': 24.584290528289387, 'trop_k_veg': 1.4584243470991722}.[0m
[32m[I 2026-07-18 18:48:15,767][0m Trial 27 finished with values: [-0.003136909236419678, 0.02069440492649588] and parameters: {'k1': 0.0699458988153545, 'D_low': 4182.178526757453, 'k2': 6.069662445477729e-05, 'D_high': 18.942844905792818, 'fire_exp': 1.2611826901294014, 'P_half': 1.1827346017839087, 'pre_dampen_half': 0.029662981696401067, 'gpp_af': 2.6003623362924246, 'gpp_b': 2.6738182964551835e-05, 'gpp_d': 0.3934396739328545, 'ign_k': 2.396079612430075, 'ign_c': 0.1239046892818203, 'trop_agb_crit': 15.961316409649486, 'trop_k_veg': 1.0923378209074768}.[0m
[32m[I 2026-07-18 18:48:16,205][0m Trial 28 finished with values: [-2.0000000000000005e-60, 0.0] and parameters: {'k1': 2.969335773129638e-05, 'D_low': 612.2780092275807, 'k2': 0.0032792262899971644, 'D_high': 32351.025657883554, 'fire_exp': 5.433392060430592, 'P_half': 1636.5290600718067, 'pre_dampen_half': 0.2571419084734534, 'gpp_af': 0.0077125451401819185, 'gpp_b': 0.31892496008512405, 'gpp_d': 108.18665579547857, 'ign_k': 9.162638829638215, 'ign_c': 4.4716799012313055, 'trop_agb_crit': 3.544180417534903, 'trop_k_veg': 4.30392173391187}.[0m
[32m[I 2026-07-18 18:48:16,653][0m Trial 29 finished with values: [-2.0000000000000005e-60, 0.0] and parameters: {'k1': 0.00023078849815277971, 'D_low': 5284.809078673603, 'k2': 0.02714257255218683, 'D_high': 519.9673923878321, 'fire_exp': 5.634703493906651, 'P_half': 1042.7291060979032, 'pre_dampen_half': 0.03278078460674784, 'gpp_af': 32.566008612728425, 'gpp_b': 0.010752618432192773, 'gpp_d': 135.6086306413594, 'ign_k': 0.019063314120324366, 'ign_c': 382.02599363901095, 'trop_agb_crit': 3.757492064184006, 'trop_k_veg': 0.5152521789563916}.[0m
[32m[I 2026-07-18 18:48:17,098][0m Trial 30 finished with values: [-2.0000000000000005e-60, 0.0] and parameters: {'k1': 0.041833856821460395, 'D_low': 2.31817761129035, 'k2': 0.00018934530915191544, 'D_high': 63131.75583634936, 'fire_exp': 8.924977849661843, 'P_half': 196.6760839944309, 'pre_dampen_half': 14.427333163005189, 'gpp_af': 0.1746737362654535, 'gpp_b': 0.0005744663972188569, 'gpp_d': 0.43986836285294123, 'ign_k': 0.48986208235548445, 'ign_c': 102.21111307208331, 'trop_agb_crit': 14.765842451489418, 'trop_k_veg': 4.4644194212034}.[0m
[32m[I 2026-07-18 18:48:17,548][0m Trial 31 finished with values: [-5.130547268979334e-08, 5.541029222122518e-07] and parameters: {'k1': 2.316457903103837e-05, 'D_low': 94.99072859745384, 'k2': 1.6991629902581918e-05, 'D_high': 1578.0309954142967, 'fire_exp': 2.763952030254024, 'P_half': 3554.812765190894, 'pre_dampen_half': 0.5682966065442919, 'gpp_af': 0.0038488863031271342, 'gpp_b': 7.210246166617508e-05, 'gpp_d': 64.20268021730274, 'ign_k': 0.2970792051473599, 'ign_c': 0.2537994662905845, 'trop_agb_crit': 1.331177446539379, 'trop_k_veg': 3.49157152291552}.[0m
[32m[I 2026-07-18 18:48:17,998][0m Trial 32 finished with values: [-2.0000000000000005e-60, 0.0] and parameters: {'k1': 1.9545735860656975e-05, 'D_low': 1938.3858782150498, 'k2': 0.0066829607218309986, 'D_high': 21.15412774188856, 'fire_exp': 1.2157316246544858, 'P_half': 8842.15887512662, 'pre_dampen_half': 0.7436249946022379, 'gpp_af': 0.07131990160433632, 'gpp_b': 0.7530042086543878, 'gpp_d': 544.807260813754, 'ign_k': 8.790311296857814, 'ign_c': 103.16033434719708, 'trop_agb_crit': 3.5956799721244663, 'trop_k_veg': 0.6302529481725916}.[0m
[32m[I 2026-07-18 18:48:18,451][0m Trial 33 finished with values: [-0.01831587141603206, 0.020239141975375352] and parameters: {'k1': 0.012840669372724958, 'D_low': 171.2446447678494, 'k2': 0.0004976087827261435, 'D_high': 42210.21267871043, 'fire_exp': 1.2918065501148304, 'P_half': 93.43302657318476, 'pre_dampen_half': 0.011396414164620812, 'gpp_af': 0.2204465010099918, 'gpp_b': 2.176805640408474e-05, 'gpp_d': 0.03927259340973168, 'ign_k': 0.0029519227433917453, 'ign_c': 39.52220881906112, 'trop_agb_crit': 12.647327018493208, 'trop_k_veg': 2.520089655463604}.[0m
[32m[I 2026-07-18 18:48:18,904][0m Trial 34 finished with values: [-2.0000000000000005e-60, 0.0] and parameters: {'k1': 0.07058138788373684, 'D_low': 31.585104499227995, 'k2': 0.00013894673469237216, 'D_high': 29812.370697208808, 'fire_exp': 1.6733848721157607, 'P_half': 7126.727573532312, 'pre_dampen_half': 0.011501973785501987, 'gpp_af': 70.695884676536, 'gpp_b': 1.815346247026201e-05, 'gpp_d': 285.57196407381804, 'ign_k': 0.12906379659404604, 'ign_c': 937.2580613581177, 'trop_agb_crit': 1.285305820648146, 'trop_k_veg': 2.3220791324604515}.[0m
[32m[I 2026-07-18 18:48:19,357][0m Trial 35 finished with values: [-2.0000000000000005e-60, 0.0] and parameters: {'k1': 0.07537201787998418, 'D_low': 123.70617442380748, 'k2': 0.0032930213963426706, 'D_high': 6067.290033535001, 'fire_exp': 2.8480070810999583, 'P_half': 323.7668055684038, 'pre_dampen_half': 8.34779085252064, 'gpp_af': 32.04719717682613, 'gpp_b': 1.873606058421592e-05, 'gpp_d': 0.25398960809498144, 'ign_k': 6.333531520998711, 'ign_c': 363.96123964850625, 'trop_agb_crit': 4.710426964286611, 'trop_k_veg': 2.7905130460407634}.[0m
[32m[I 2026-07-18 18:48:19,810][0m Trial 36 finished with values: [-1.5033887140618123e-15, 1.1395929755408929e-09] and parameters: {'k1': 0.00012868405331151588, 'D_low': 5.6556775246185085, 'k2': 0.0007158031739371039, 'D_high': 259.06510073644546, 'fire_exp': 3.83403534181858, 'P_half': 2.0461550877877857, 'pre_dampen_half': 744.6874559393902, 'gpp_af': 85.32056493640629, 'gpp_b': 0.15451487116766627, 'gpp_d': 4.791614072461607, 'ign_k': 0.017302564033031168, 'ign_c': 179.96169659044335, 'trop_agb_crit': 10.266702291253747, 'trop_k_veg': 0.7848385206902946}.[0m
[32m[I 2026-07-18 18:48:20,268][0m Trial 37 finished with values: [-2.0000000000000005e-60, 0.0] and parameters: {'k1': 0.044025950197597, 'D_low': 1950.5135501755078, 'k2': 0.06297956449676546, 'D_high': 7996.09662595717, 'fire_exp': 4.105964554619502, 'P_half': 47.09471197589547, 'pre_dampen_half': 460.93789776763805, 'gpp_af': 21.395352568317836, 'gpp_b': 1.8677210807213754e-05, 'gpp_d': 0.013546742399729177, 'ign_k': 0.03205187700424883, 'ign_c': 174.6679902070732, 'trop_agb_crit': 28.729399923111405, 'trop_k_veg': 0.758734773524774}.[0m
