[32m[I 2026-07-18 18:57:42,252][0m Trial 1216 finished with values: [-0.00047775716575484197, 2.1037961627778934e-05] and parameters: {'k1': 0.07799059237255677, 'D_low': 1.3577269394141454, 'k2': 0.0005342937261279771, 'D_high': 8559.572793311803, 'fire_exp': 1.423480109671474, 'P_half': 221.2683656611821, 'pre_dampen_half': 11.249306438043552, 'gpp_af': 0.27997858752477867, 'gpp_b': 0.13713885091300898, 'gpp_d': 660.9129108295722, 'ign_k': 5.351470428717439, 'ign_c': 29.690870944846793, 'trop_agb_crit': 1.6878075072665546, 'trop_k_veg': 0.6743482387129308}.[0m
[32m[I 2026-07-18 18:57:42,726][0m Trial 1217 finished with values: [-0.0002335171991863236, 8.591091059440004e-06] and parameters: {'k1': 0.01889771394135163, 'D_low': 1.3577269394141454, 'k2': 0.0353875886477924, 'D_high': 2940.51756322311, 'fire_exp': 2.61565689708108, 'P_half': 221.2683656611821, 'pre_dampen_half': 0.010585220389440335, 'gpp_af': 0.1476584299248268, 'gpp_b': 0.13713885091300898, 'gpp_d': 395.3300852215303, 'ign_k': 8.708806168038567, 'ign_c': 5.130551760589832, 'trop_agb_crit': 1.0903028125370984, 'trop_k_veg': 0.6743482387129308}.[0m
[32m[I 2026-07-18 18:57:43,192][0m Trial 1218 finished with values: [-0.0505542821402328, 0.0009550925916627095] and parameters: {'k1': 0.01889771394135163, 'D_low': 70.18267183720735, 'k2': 0.032845299795769396, 'D_high': 2940.51756322311, 'fire_exp': 1.6733848721157607, 'P_half': 9.324787201197319, 'pre_dampen_half': 0.2888838362365318, 'gpp_af': 0.017115686479965763, 'gpp_b': 0.0005752434266899163, 'gpp_d': 64.20268021730274, 'ign_k': 7.437725385707935, 'ign_c': 20.03995359361212, 'trop_agb_crit': 3.5747129226002423, 'trop_k_veg': 6.9782110227926815}.[0m
[32m[I 2026-07-18 18:57:43,657][0m Trial 1219 finished with values: [-0.01133394226456838, 0.000250209696208481] and parameters: {'k1': 0.01889771394135163, 'D_low': 70.18267183720735, 'k2': 0.008535052150482593, 'D_high': 2940.51756322311, 'fire_exp': 8.456250107826923, 'P_half': 12.808863354047988, 'pre_dampen_half': 107.40052367919465, 'gpp_af': 0.1476584299248268, 'gpp_b': 0.0005752434266899163, 'gpp_d': 64.20268021730274, 'ign_k': 8.708806168038567, 'ign_c': 29.690870944846793, 'trop_agb_crit': 2.2212365258224223, 'trop_k_veg': 6.9782110227926815}.[0m
[32m[I 2026-07-18 18:57:44,117][0m Trial 1220 finished with values: [-0.031869367624035444, 0.0004894434311191187] and parameters: {'k1': 0.01889771394135163, 'D_low': 7.46475488144212, 'k2': 0.032845299795769396, 'D_high': 2940.51756322311, 'fire_exp': 5.415198497144036, 'P_half': 12.808863354047988, 'pre_dampen_half': 0.03751320096826995, 'gpp_af': 0.1476584299248268, 'gpp_b': 0.0005752434266899163, 'gpp_d': 64.20268021730274, 'ign_k': 8.708806168038567, 'ign_c': 20.03995359361212, 'trop_agb_crit': 1.7708319837489073, 'trop_k_veg': 6.9782110227926815}.[0m
[32m[I 2026-07-18 18:57:44,615][0m Trial 1221 finished with values: [-0.0002657878959442007, 5.2377134307501905e-06] and parameters: {'k1': 0.041833856821460395, 'D_low': 7.299348683062307, 'k2': 0.032845299795769396, 'D_high': 1236.6924205139144, 'fire_exp': 8.456250107826923, 'P_half': 220.3445560633069, 'pre_dampen_half': 241.6951931920675, 'gpp_af': 0.10409127568994281, 'gpp_b': 0.00431329787498825, 'gpp_d': 8.057329182285729, 'ign_k': 5.351470428717439, 'ign_c': 29.690870944846793, 'trop_agb_crit': 2.2212365258224223, 'trop_k_veg': 4.4644194212034}.[0m
[32m[I 2026-07-18 18:57:45,101][0m Trial 1222 finished with values: [-9.640835510557595e-08, 4.1761101798876155e-07] and parameters: {'k1': 0.0699458988153545, 'D_low': 4.484744524732794, 'k2': 0.00035868164986275477, 'D_high': 3712.591045287733, 'fire_exp': 6.234638880169447, 'P_half': 1.1069424888528068, 'pre_dampen_half': 0.0399066504395798, 'gpp_af': 0.008075914984851893, 'gpp_b': 0.0021331409710300844, 'gpp_d': 21.14381609520636, 'ign_k': 0.0034786948088723385, 'ign_c': 30.28574109895626, 'trop_agb_crit': 1.331177446539379, 'trop_k_veg': 6.9782110227926815}.[0m
[32m[I 2026-07-18 18:57:45,577][0m Trial 1223 finished with values: [-0.05044962618345978, 0.0043773422268971185] and parameters: {'k1': 0.010127455512700306, 'D_low': 7.299348683062307, 'k2': 0.0005342937261279771, 'D_high': 3712.591045287733, 'fire_exp': 2.907328086166187, 'P_half': 323.6099399575106, 'pre_dampen_half': 107.40052367919465, 'gpp_af': 1.926530022550307, 'gpp_b': 0.0021331409710300844, 'gpp_d': 757.2868182332339, 'ign_k': 1.0484531351650956, 'ign_c': 20.03995359361212, 'trop_agb_crit': 3.5747129226002423, 'trop_k_veg': 0.6743482387129308}.[0m
[32m[I 2026-07-18 18:57:46,062][0m Trial 1224 finished with values: [-0.004509470862790344, 7.771854828897418e-05] and parameters: {'k1': 0.007530210437963516, 'D_low': 1.9977959434035766, 'k2': 0.032845299795769396, 'D_high': 1938.6039125504592, 'fire_exp': 3.231633698316772, 'P_half': 224.42820887784595, 'pre_dampen_half': 5.1426388628909985, 'gpp_af': 0.001111693990724459, 'gpp_b': 0.0005752434266899163, 'gpp_d': 660.9129108295722, 'ign_k': 6.7059217948258265, 'ign_c': 20.03995359361212, 'trop_agb_crit': 1.7708319837489073, 'trop_k_veg': 2.5693274401176227}.[0m
[32m[I 2026-07-18 18:57:46,550][0m Trial 1225 finished with values: [-0.06360299745769628, 0.006098999888459189] and parameters: {'k1': 0.01889771394135163, 'D_low': 1.887261434847181, 'k2': 0.032845299795769396, 'D_high': 2940.51756322311, 'fire_exp': 1.423480109671474, 'P_half': 1.895375973243287, 'pre_dampen_half': 0.03751320096826995, 'gpp_af': 0.01719951378854337, 'gpp_b': 2.199522084499044e-05, 'gpp_d': 0.23073846740741236, 'ign_k': 1.0484531351650956, 'ign_c': 20.03995359361212, 'trop_agb_crit': 12.71480504859747, 'trop_k_veg': 6.9782110227926815}.[0m
[32m[I 2026-07-18 18:57:47,012][0m Trial 1226 finished with values: [-0.13950606591722645, 0.005408819192670777] and parameters: {'k1': 0.004312951023617458, 'D_low': 7.299348683062307, 'k2': 0.032845299795769396, 'D_high': 3712.591045287733, 'fire_exp': 1.6733848721157607, 'P_half': 9.324787201197319, 'pre_dampen_half': 5.1426388628909985, 'gpp_af': 0.01719951378854337, 'gpp_b': 0.0005744663972188569, 'gpp_d': 660.9129108295722, 'ign_k': 5.351470428717439, 'ign_c': 20.03995359361212, 'trop_agb_crit': 3.5747129226002423, 'trop_k_veg': 4.4644194212034}.[0m
[32m[I 2026-07-18 18:57:47,482][0m Trial 1227 finished with values: [-0.0007899998399756697, 0.0016759323745777488] and parameters: {'k1': 0.01889771394135163, 'D_low': 70.18267183720735, 'k2': 0.008535052150482593, 'D_high': 2940.51756322311, 'fire_exp': 5.415198497144036, 'P_half': 12.808863354047988, 'pre_dampen_half': 107.40052367919465, 'gpp_af': 0.1476584299248268, 'gpp_b': 0.0005752434266899163, 'gpp_d': 64.20268021730274, 'ign_k': 0.013450805685166465, 'ign_c': 20.03995359361212, 'trop_agb_crit': 1.8831909561015436, 'trop_k_veg': 6.9782110227926815}.[0m
[32m[I 2026-07-18 18:57:47,949][0m Trial 1228 finished with values: [-0.059957243245953626, 0.0026879247459264954] and parameters: {'k1': 0.07799059237255677, 'D_low': 7.46475488144212, 'k2': 0.032845299795769396, 'D_high': 3712.591045287733, 'fire_exp': 1.6733848721157607, 'P_half': 64.13139914374976, 'pre_dampen_half': 0.20348313435885002, 'gpp_af': 0.1476584299248268, 'gpp_b': 0.0005752434266899163, 'gpp_d': 21.14381609520636, 'ign_k': 0.6024590664672947, 'ign_c': 20.03995359361212, 'trop_agb_crit': 1.7708319837489073, 'trop_k_veg': 6.9782110227926815}.[0m
[32m[I 2026-07-18 18:57:48,412][0m Trial 1229 finished with values: [-0.6036351527202558, 0.2955525977402039] and parameters: {'k1': 0.03635503353478365, 'D_low': 7.299348683062307, 'k2': 0.012758211164590085, 'D_high': 2940.51756322311, 'fire_exp': 1.6733848721157607, 'P_half': 12.808863354047988, 'pre_dampen_half': 107.40052367919465, 'gpp_af': 0.017174891231677054, 'gpp_b': 0.0005744663972188569, 'gpp_d': 339.8387538854496, 'ign_k': 0.48986208235548445, 'ign_c': 0.9958290687495277, 'trop_agb_crit': 1.0903028125370984, 'trop_k_veg': 3.49157152291552}.[0m
[32m[I 2026-07-18 18:57:48,872][0m Trial 1230 finished with values: [-4.690690215241924e-09, 1.8964232850748886e-08] and parameters: {'k1': 0.011966626407443505, 'D_low': 1.3577269394141454, 'k2': 0.012758211164590085, 'D_high': 2940.51756322311, 'fire_exp': 2.61565689708108, 'P_half': 9.324787201197319, 'pre_dampen_half': 0.010585220389440335, 'gpp_af': 0.022895420837525212, 'gpp_b': 0.36007218532701346, 'gpp_d': 395.3300852215303, 'ign_k': 5.351470428717439, 'ign_c': 20.03995359361212, 'trop_agb_crit': 3.5747129226002423, 'trop_k_veg': 0.6743482387129308}.[0m
[32m[I 2026-07-18 18:57:49,335][0m Trial 1231 finished with values: [-0.016339996109144557, 0.0005181830191268721] and parameters: {'k1': 0.007530210437963516, 'D_low': 7.46475488144212, 'k2': 0.032845299795769396, 'D_high': 3712.591045287733, 'fire_exp': 3.231633698316772, 'P_half': 64.13139914374976, 'pre_dampen_half': 0.0399066504395798, 'gpp_af': 0.1476584299248268, 'gpp_b': 0.0005752434266899163, 'gpp_d': 660.9129108295722, 'ign_k': 1.0484531351650956, 'ign_c': 20.03995359361212, 'trop_agb_crit': 1.331177446539379, 'trop_k_veg': 0.902411054575325}.[0m
[32m[I 2026-07-18 18:57:49,800][0m Trial 1232 finished with values: [-3.2539509753339112e-06, 2.9263258483069876e-11] and parameters: {'k1': 0.041833856821460395, 'D_low': 70.18267183720735, 'k2': 0.032845299795769396, 'D_high': 3712.591045287733, 'fire_exp': 3.231633698316772, 'P_half': 221.2683656611821, 'pre_dampen_half': 0.03751320096826995, 'gpp_af': 0.001111693990724459, 'gpp_b': 0.0005752434266899163, 'gpp_d': 660.9129108295722, 'ign_k': 8.708806168038567, 'ign_c': 29.690870944846793, 'trop_agb_crit': 2.2212365258224223, 'trop_k_veg': 4.4644194212034}.[0m
[32m[I 2026-07-18 18:57:50,258][0m Trial 1233 finished with values: [-0.045790001438952996, 0.0009517165419141715] and parameters: {'k1': 0.0699458988153545, 'D_low': 62.94472924834208, 'k2': 0.032845299795769396, 'D_high': 2940.51756322311, 'fire_exp': 1.6733848721157607, 'P_half': 1.895375973243287, 'pre_dampen_half': 0.2888838362365318, 'gpp_af': 0.01719951378854337, 'gpp_b': 0.0005744663972188569, 'gpp_d': 64.20268021730274, 'ign_k': 0.6024590664672947, 'ign_c': 20.03995359361212, 'trop_agb_crit': 7.599113148200974, 'trop_k_veg': 2.144518162606203}.[0m
[32m[I 2026-07-18 18:57:50,722][0m Trial 1234 finished with values: [-2.0000000000000005e-60, 0.0] and parameters: {'k1': 0.0699458988153545, 'D_low': 1278.9166099816514, 'k2': 0.032845299795769396, 'D_high': 18.258480425922784, 'fire_exp': 1.6733848721157607, 'P_half': 323.6099399575106, 'pre_dampen_half': 0.2888838362365318, 'gpp_af': 0.01719951378854337, 'gpp_b': 0.0013581822883038843, 'gpp_d': 660.9129108295722, 'ign_k': 0.48986208235548445, 'ign_c': 20.03995359361212, 'trop_agb_crit': 1.331177446539379, 'trop_k_veg': 3.49157152291552}.[0m
[32m[I 2026-07-18 18:57:51,190][0m Trial 1235 finished with values: [-1.9821487831179227e-06, 1.3568932089036423e-08] and parameters: {'k1': 0.0699458988153545, 'D_low': 7.299348683062307, 'k2': 0.0005342937261279771, 'D_high': 3712.591045287733, 'fire_exp': 2.907328086166187, 'P_half': 323.6099399575106, 'pre_dampen_half': 0.03751320096826995, 'gpp_af': 0.2901272149738624, 'gpp_b': 0.01666658176842624, 'gpp_d': 757.2868182332339, 'ign_k': 2.396079612430075, 'ign_c': 30.28574109895626, 'trop_agb_crit': 1.7708319837489073, 'trop_k_veg': 0.6743482387129308}.[0m
[32m[I 2026-07-18 18:57:51,652][0m Trial 1236 finished with values: [-0.6377490010344066, 0.0336464757713133] and parameters: {'k1': 0.01889771394135163, 'D_low': 70.18267183720735, 'k2': 0.008161260265732995, 'D_high': 3712.591045287733, 'fire_exp': 1.6733848721157607, 'P_half': 1.1069424888528068, 'pre_dampen_half': 107.40052367919465, 'gpp_af': 0.1476584299248268, 'gpp_b': 0.0021331409710300844, 'gpp_d': 21.14381609520636, 'ign_k': 5.351470428717439, 'ign_c': 20.03995359361212, 'trop_agb_crit': 3.5747129226002423, 'trop_k_veg': 6.9782110227926815}.[0m
[32m[I 2026-07-18 18:57:52,143][0m Trial 1237 finished with values: [-0.6048070879300875, 0.03931688762762309] and parameters: {'k1': 0.041833856821460395, 'D_low': 7.299348683062307, 'k2': 0.026471946255259393, 'D_high': 2940.51756322311, 'fire_exp': 1.423480109671474, 'P_half': 221.2683656611821, 'pre_dampen_half': 107.40052367919465, 'gpp_af': 0.1476584299248268, 'gpp_b': 0.0021331409710300844, 'gpp_d': 150.14555442537656, 'ign_k': 0.48986208235548445, 'ign_c': 20.03995359361212, 'trop_agb_crit': 12.71480504859747, 'trop_k_veg': 6.9782110227926815}.[0m
[32m[I 2026-07-18 18:57:52,635][0m Trial 1238 finished with values: [-0.0005052217349141193, 0.0010675471264584013] and parameters: {'k1': 0.07799059237255677, 'D_low': 376.3717463557541, 'k2': 0.0013219302264066773, 'D_high': 891.8355390301994, 'fire_exp': 5.415198497144036, 'P_half': 12.808863354047988, 'pre_dampen_half': 107.40052367919465, 'gpp_af': 0.1476584299248268, 'gpp_b': 0.0005752434266899163, 'gpp_d': 64.20268021730274, 'ign_k': 1.0484531351650956, 'ign_c': 0.13628699025451327, 'trop_agb_crit': 3.5747129226002423, 'trop_k_veg': 0.902411054575325}.[0m
[32m[I 2026-07-18 18:57:53,155][0m Trial 1239 finished with values: [-0.000794044589929642, 6.16509960056355e-05] and parameters: {'k1': 0.007530210437963516, 'D_low': 70.18267183720735, 'k2': 1.7807904329970765e-05, 'D_high': 42242.5195147109, 'fire_exp': 2.110249242835225, 'P_half': 12.808863354047988, 'pre_dampen_half': 107.40052367919465, 'gpp_af': 0.0022961065892443786, 'gpp_b': 0.0005752434266899163, 'gpp_d': 64.20268021730274, 'ign_k': 8.708806168038567, 'ign_c': 29.690870944846793, 'trop_agb_crit': 3.5747129226002423, 'trop_k_veg': 6.9782110227926815}.[0m
  trial 1240/2500  pareto_size=74  best_taylor=0.7291  best_ilamb=0.5956  (9.8 min)
[32m[I 2026-07-18 18:57:53,867][0m Trial 1240 finished with values: [-0.44973103283131083, 0.015991772906794655] and parameters: {'k1': 0.01889771394135163, 'D_low': 3.605632705900142, 'k2': 0.012758211164590085, 'D_high': 2940.51756322311, 'fire_exp': 2.1589287943408615, 'P_half': 9.324787201197319, 'pre_dampen_half': 84.03977588241656, 'gpp_af': 0.008075914984851893, 'gpp_b': 0.0005744663972188569, 'gpp_d': 660.9129108295722, 'ign_k': 5.351470428717439, 'ign_c': 20.03995359361212, 'trop_agb_crit': 1.331177446539379, 'trop_k_veg': 6.9782110227926815}.[0m
[32m[I 2026-07-18 18:57:54,337][0m Trial 1241 finished with values: [-0.005115288918252454, 0.000488413543123345] and parameters: {'k1': 0.004312951023617458, 'D_low': 1.9977959434035766, 'k2': 0.00035868164986275477, 'D_high': 1347.9777667516876, 'fire_exp': 1.6733848721157607, 'P_half': 221.2683656611821, 'pre_dampen_half': 0.0399066504395798, 'gpp_af': 0.11362607708162664, 'gpp_b': 0.0005752434266899163, 'gpp_d': 64.20268021730274, 'ign_k': 5.351470428717439, 'ign_c': 15.221840161091619, 'trop_agb_crit': 1.331177446539379, 'trop_k_veg': 2.144518162606203}.[0m
[32m[I 2026-07-18 18:57:54,823][0m Trial 1242 finished with values: [-0.00421750527967219, 9.501186969229636e-05] and parameters: {'k1': 0.07799059237255677, 'D_low': 7.46475488144212, 'k2': 0.005082220961627801, 'D_high': 3712.591045287733, 'fire_exp': 1.6733848721157607, 'P_half': 64.13139914374976, 'pre_dampen_half': 0.03751320096826995, 'gpp_af': 0.01719951378854337, 'gpp_b': 0.01666658176842624, 'gpp_d': 660.9129108295722, 'ign_k': 1.0484531351650956, 'ign_c': 15.221840161091619, 'trop_agb_crit': 2.1861040860339416, 'trop_k_veg': 3.49157152291552}.[0m
[32m[I 2026-07-18 18:57:55,296][0m Trial 1243 finished with values: [-2.3500000156437084e-08, 1.170530339322795e-11] and parameters: {'k1': 0.0699458988153545, 'D_low': 7.46475488144212, 'k2': 0.0002963213920402737, 'D_high': 2940.51756322311, 'fire_exp': 3.231633698316772, 'P_half': 712.8188058401365, 'pre_dampen_half': 0.0399066504395798, 'gpp_af': 0.0022961065892443786, 'gpp_b': 0.0005744663972188569, 'gpp_d': 660.9129108295722, 'ign_k': 8.708806168038567, 'ign_c': 30.28574109895626, 'trop_agb_crit': 3.5747129226002423, 'trop_k_veg': 6.9782110227926815}.[0m
[32m[I 2026-07-18 18:57:55,762][0m Trial 1244 finished with values: [-0.0191834285228819, 0.000347171727957285] and parameters: {'k1': 0.041833856821460395, 'D_low': 70.18267183720735, 'k2': 0.032845299795769396, 'D_high': 2940.51756322311, 'fire_exp': 3.231633698316772, 'P_half': 9.324787201197319, 'pre_dampen_half': 0.2888838362365318, 'gpp_af': 0.01719951378854337, 'gpp_b': 0.00431329787498825, 'gpp_d': 64.20268021730274, 'ign_k': 0.6024590664672947, 'ign_c': 1.6051347487097574, 'trop_agb_crit': 7.599113148200974, 'trop_k_veg': 6.9782110227926815}.[0m
[32m[I 2026-07-18 18:57:56,236][0m Trial 1245 finished with values: [-0.12026601651894868, 0.009214084436385162] and parameters: {'k1': 0.041833856821460395, 'D_low': 376.3717463557541, 'k2': 0.012758211164590085, 'D_high': 3712.591045287733, 'fire_exp': 3.231633698316772, 'P_half': 64.13139914374976, 'pre_dampen_half': 107.40052367919465, 'gpp_af': 0.1476584299248268, 'gpp_b': 0.0012135563792999146, 'gpp_d': 150.14555442537656, 'ign_k': 5.351470428717439, 'ign_c': 20.03995359361212, 'trop_agb_crit': 1.7708319837489073, 'trop_k_veg': 0.902411054575325}.[0m
[32m[I 2026-07-18 18:57:56,696][0m Trial 1246 finished with values: [-0.0002657878959442007, 5.2377134307501905e-06] and parameters: {'k1': 0.041833856821460395, 'D_low': 7.299348683062307, 'k2': 0.032845299795769396, 'D_high': 1236.6924205139144, 'fire_exp': 8.456250107826923, 'P_half': 220.3445560633069, 'pre_dampen_half': 241.6951931920675, 'gpp_af': 0.10409127568994281, 'gpp_b': 0.00431329787498825, 'gpp_d': 8.057329182285729, 'ign_k': 5.351470428717439, 'ign_c': 29.690870944846793, 'trop_agb_crit': 2.2212365258224223, 'trop_k_veg': 4.4644194212034}.[0m
[32m[I 2026-07-18 18:57:57,179][0m Trial 1247 finished with values: [-0.046921731717961136, 0.004777156894466006] and parameters: {'k1': 0.03974965675011384, 'D_low': 70.18267183720735, 'k2': 0.0005342937261279771, 'D_high': 29812.370697208808, 'fire_exp': 1.051534186853412, 'P_half': 323.6099399575106, 'pre_dampen_half': 0.1875872314533727, 'gpp_af': 0.1476584299248268, 'gpp_b': 0.0021331409710300844, 'gpp_d': 21.14381609520636, 'ign_k': 2.396079612430075, 'ign_c': 20.03995359361212, 'trop_agb_crit': 1.331177446539379, 'trop_k_veg': 0.6743482387129308}.[0m
[32m[I 2026-07-18 18:57:57,660][0m Trial 1248 finished with values: [-0.6891431260457997, 0.0542283699248729] and parameters: {'k1': 0.01889771394135163, 'D_low': 70.18267183720735, 'k2': 0.008161260265732995, 'D_high': 3712.591045287733, 'fire_exp': 1.450870712623418, 'P_half': 1.1069424888528068, 'pre_dampen_half': 107.40052367919465, 'gpp_af': 0.1476584299248268, 'gpp_b': 0.0005752434266899163, 'gpp_d': 21.14381609520636, 'ign_k': 1.0484531351650956, 'ign_c': 20.03995359361212, 'trop_agb_crit': 3.5747129226002423, 'trop_k_veg': 6.9782110227926815}.[0m
[32m[I 2026-07-18 18:57:58,156][0m Trial 1249 finished with values: [-6.992705005141023e-19, 0.0] and parameters: {'k1': 0.07799059237255677, 'D_low': 452.0211383882608, 'k2': 0.001362731161143793, 'D_high': 8559.572793311803, 'fire_exp': 9.191670218530467, 'P_half': 712.8188058401365, 'pre_dampen_half': 0.03751320096826995, 'gpp_af': 0.004847842800403607, 'gpp_b': 0.01666658176842624, 'gpp_d': 660.9129108295722, 'ign_k': 5.351470428717439, 'ign_c': 29.690870944846793, 'trop_agb_crit': 1.6878075072665546, 'trop_k_veg': 2.3630869818801874}.[0m
[32m[I 2026-07-18 18:57:58,643][0m Trial 1250 finished with values: [-0.3537986597564675, 0.015420182282287032] and parameters: {'k1': 0.01889771394135163, 'D_low': 70.18267183720735, 'k2': 0.008535052150482593, 'D_high': 2940.51756322311, 'fire_exp': 5.415198497144036, 'P_half': 12.808863354047988, 'pre_dampen_half': 107.40052367919465, 'gpp_af': 0.1476584299248268, 'gpp_b': 0.0005752434266899163, 'gpp_d': 64.20268021730274, 'ign_k': 8.708806168038567, 'ign_c': 20.03995359361212, 'trop_agb_crit': 24.199164431661277, 'trop_k_veg': 6.9782110227926815}.[0m
[32m[I 2026-07-18 18:57:59,103][0m Trial 1251 finished with values: [-0.6224956825070693, 0.032374957752370426] and parameters: {'k1': 0.01889771394135163, 'D_low': 70.18267183720735, 'k2': 0.008161260265732995, 'D_high': 3712.591045287733, 'fire_exp': 1.6733848721157607, 'P_half': 1.1069424888528068, 'pre_dampen_half': 107.40052367919465, 'gpp_af': 0.1476584299248268, 'gpp_b': 0.0021331409710300844, 'gpp_d': 21.14381609520636, 'ign_k': 1.0484531351650956, 'ign_c': 20.03995359361212, 'trop_agb_crit': 3.5747129226002423, 'trop_k_veg': 6.9782110227926815}.[0m
[32m[I 2026-07-18 18:57:59,591][0m Trial 1252 finished with values: [-2.0000000000000005e-60, 0.0] and parameters: {'k1': 0.007530210437963516, 'D_low': 7.299348683062307, 'k2': 0.032845299795769396, 'D_high': 16.181974674385906, 'fire_exp': 1.6733848721157607, 'P_half': 234.09994646132157, 'pre_dampen_half': 0.010585220389440335, 'gpp_af': 0.001111693990724459, 'gpp_b': 0.13713885091300898, 'gpp_d': 21.14381609520636, 'ign_k': 5.351470428717439, 'ign_c': 29.690870944846793, 'trop_agb_crit': 4.155358641775949, 'trop_k_veg': 3.49157152291552}.[0m
[32m[I 2026-07-18 18:58:00,075][0m Trial 1253 finished with values: [-0.049502505406864336, 0.0023851207915865924] and parameters: {'k1': 0.01889771394135163, 'D_low': 70.18267183720735, 'k2': 0.0005342937261279771, 'D_high': 29812.370697208808, 'fire_exp': 5.415198497144036, 'P_half': 323.6099399575106, 'pre_dampen_half': 107.40052367919465, 'gpp_af': 0.1476584299248268, 'gpp_b': 0.0005752434266899163, 'gpp_d': 757.2868182332339, 'ign_k': 8.708806168038567, 'ign_c': 20.03995359361212, 'trop_agb_crit': 1.331177446539379, 'trop_k_veg': 6.9782110227926815}.[0m
