[32m[I 2026-07-18 18:55:50,312][0m Trial 988 finished with values: [-0.29485464430147235, 0.24885187513282225] and parameters: {'k1': 0.0003783599106879794, 'D_low': 68.8314745893381, 'k2': 0.032845299795769396, 'D_high': 2940.51756322311, 'fire_exp': 1.6733848721157607, 'P_half': 9.324787201197319, 'pre_dampen_half': 107.40052367919465, 'gpp_af': 0.7539992074650282, 'gpp_b': 0.0005752434266899163, 'gpp_d': 150.14555442537656, 'ign_k': 5.351470428717439, 'ign_c': 0.5342106255632174, 'trop_agb_crit': 2.818694656863287, 'trop_k_veg': 0.902411054575325}.[0m
  trial  989/2500  pareto_size=49  best_taylor=0.7247  best_ilamb=0.5954  (7.8 min)
[32m[I 2026-07-18 18:55:50,972][0m Trial 989 finished with values: [-2.0000000000000005e-60, 0.0] and parameters: {'k1': 0.01889771394135163, 'D_low': 70.18267183720735, 'k2': 0.032845299795769396, 'D_high': 81.71825567718653, 'fire_exp': 5.311995034756393, 'P_half': 9.324787201197319, 'pre_dampen_half': 84.1555415726906, 'gpp_af': 0.01719951378854337, 'gpp_b': 0.0005623095666134974, 'gpp_d': 8.057329182285729, 'ign_k': 0.6024590664672947, 'ign_c': 370.1167634602751, 'trop_agb_crit': 1.331177446539379, 'trop_k_veg': 7.068179831629663}.[0m
[32m[I 2026-07-18 18:55:51,480][0m Trial 990 finished with values: [-2.0000000000000005e-60, 0.0] and parameters: {'k1': 0.0699458988153545, 'D_low': 4.484744524732794, 'k2': 0.032845299795769396, 'D_high': 2940.51756322311, 'fire_exp': 6.234638880169447, 'P_half': 221.2683656611821, 'pre_dampen_half': 0.0399066504395798, 'gpp_af': 0.008075914984851893, 'gpp_b': 0.42247700890263673, 'gpp_d': 64.20268021730274, 'ign_k': 5.351470428717439, 'ign_c': 20.03995359361212, 'trop_agb_crit': 1.331177446539379, 'trop_k_veg': 2.144518162606203}.[0m
[32m[I 2026-07-18 18:55:51,984][0m Trial 991 finished with values: [-3.95742905572421e-05, 1.9765665510984576e-06] and parameters: {'k1': 0.01889771394135163, 'D_low': 4.484744524732794, 'k2': 0.00035868164986275477, 'D_high': 7321.544340709298, 'fire_exp': 1.423480109671474, 'P_half': 712.8188058401365, 'pre_dampen_half': 0.0399066504395798, 'gpp_af': 0.008075914984851893, 'gpp_b': 0.0005744663972188569, 'gpp_d': 0.23073846740741236, 'ign_k': 5.351470428717439, 'ign_c': 30.28574109895626, 'trop_agb_crit': 1.331177446539379, 'trop_k_veg': 6.9782110227926815}.[0m
[32m[I 2026-07-18 18:55:52,488][0m Trial 992 finished with values: [-0.23121174708215633, 0.019204332909839916] and parameters: {'k1': 0.03635503353478365, 'D_low': 7.46475488144212, 'k2': 0.0005342937261279771, 'D_high': 2940.51756322311, 'fire_exp': 1.423480109671474, 'P_half': 712.8188058401365, 'pre_dampen_half': 107.40052367919465, 'gpp_af': 0.1476584299248268, 'gpp_b': 0.0005752434266899163, 'gpp_d': 660.9129108295722, 'ign_k': 1.4047969156119489, 'ign_c': 20.03995359361212, 'trop_agb_crit': 3.5747129226002423, 'trop_k_veg': 0.902411054575325}.[0m
[32m[I 2026-07-18 18:55:53,007][0m Trial 993 finished with values: [-0.008118911579062771, 0.00044405674966463415] and parameters: {'k1': 0.0699458988153545, 'D_low': 7.299348683062307, 'k2': 0.0005342937261279771, 'D_high': 29812.370697208808, 'fire_exp': 2.0673161422190134, 'P_half': 565.6383208363872, 'pre_dampen_half': 0.1875872314533727, 'gpp_af': 0.2901272149738624, 'gpp_b': 0.006906522645653115, 'gpp_d': 757.2868182332339, 'ign_k': 2.396079612430075, 'ign_c': 5.628756950174207, 'trop_agb_crit': 1.331177446539379, 'trop_k_veg': 0.6743482387129308}.[0m
[32m[I 2026-07-18 18:55:53,533][0m Trial 994 finished with values: [-0.004665175125725017, 0.00029350976446973487] and parameters: {'k1': 0.07799059237255677, 'D_low': 7.46475488144212, 'k2': 0.00010439567055209041, 'D_high': 2940.51756322311, 'fire_exp': 1.423480109671474, 'P_half': 712.8188058401365, 'pre_dampen_half': 0.32782478097825357, 'gpp_af': 0.020680586423631197, 'gpp_b': 0.0005752434266899163, 'gpp_d': 660.9129108295722, 'ign_k': 1.0484531351650956, 'ign_c': 20.03995359361212, 'trop_agb_crit': 1.7708319837489073, 'trop_k_veg': 1.3571174947037614}.[0m
[32m[I 2026-07-18 18:55:54,058][0m Trial 995 finished with values: [-0.00038385512984037673, 0.00015746008658878985] and parameters: {'k1': 0.004312951023617458, 'D_low': 1.9977959434035766, 'k2': 0.026471946255259393, 'D_high': 3712.591045287733, 'fire_exp': 6.93220790804393, 'P_half': 712.8188058401365, 'pre_dampen_half': 502.5175192217655, 'gpp_af': 0.7539992074650282, 'gpp_b': 0.00796661592919428, 'gpp_d': 150.14555442537656, 'ign_k': 3.5891558714508416, 'ign_c': 15.221840161091619, 'trop_agb_crit': 24.584290528289387, 'trop_k_veg': 0.6743482387129308}.[0m
[32m[I 2026-07-18 18:55:54,548][0m Trial 996 finished with values: [-0.027563980982739777, 0.0006987241473187522] and parameters: {'k1': 0.041833856821460395, 'D_low': 1.7026376946063253, 'k2': 0.032845299795769396, 'D_high': 3712.591045287733, 'fire_exp': 1.450870712623418, 'P_half': 1.4246408590160289, 'pre_dampen_half': 0.03751320096826995, 'gpp_af': 0.1476584299248268, 'gpp_b': 0.01666658176842624, 'gpp_d': 660.9129108295722, 'ign_k': 1.0484531351650956, 'ign_c': 15.221840161091619, 'trop_agb_crit': 24.584290528289387, 'trop_k_veg': 0.6743482387129308}.[0m
[32m[I 2026-07-18 18:55:55,033][0m Trial 997 finished with values: [-0.6681105126736038, 0.04471613541140018] and parameters: {'k1': 0.01889771394135163, 'D_low': 70.18267183720735, 'k2': 0.032845299795769396, 'D_high': 2940.51756322311, 'fire_exp': 1.450870712623418, 'P_half': 12.808863354047988, 'pre_dampen_half': 107.40052367919465, 'gpp_af': 0.1476584299248268, 'gpp_b': 0.0005752434266899163, 'gpp_d': 660.9129108295722, 'ign_k': 1.0484531351650956, 'ign_c': 20.03995359361212, 'trop_agb_crit': 2.1861040860339416, 'trop_k_veg': 6.092557528471241}.[0m
[32m[I 2026-07-18 18:55:55,556][0m Trial 998 finished with values: [-7.148070531558239e-05, 0.00020948854287206053] and parameters: {'k1': 0.01889771394135163, 'D_low': 70.18267183720735, 'k2': 0.00012492307509390826, 'D_high': 2940.51756322311, 'fire_exp': 6.234638880169447, 'P_half': 323.6099399575106, 'pre_dampen_half': 241.6951931920675, 'gpp_af': 0.008075914984851893, 'gpp_b': 1.598364670380439e-05, 'gpp_d': 64.20268021730274, 'ign_k': 5.351470428717439, 'ign_c': 7.013097205353066, 'trop_agb_crit': 7.861566638880103, 'trop_k_veg': 4.1676646713442125}.[0m
[32m[I 2026-07-18 18:55:56,055][0m Trial 999 finished with values: [-5.870344030814849e-07, 1.362745893906947e-08] and parameters: {'k1': 0.0035383916966944323, 'D_low': 70.18267183720735, 'k2': 0.0353875886477924, 'D_high': 774.2116473996249, 'fire_exp': 2.61565689708108, 'P_half': 221.2683656611821, 'pre_dampen_half': 107.40052367919465, 'gpp_af': 1.9804761238874737, 'gpp_b': 3.083723329640505, 'gpp_d': 298.94321684522174, 'ign_k': 5.351470428717439, 'ign_c': 30.28574109895626, 'trop_agb_crit': 1.331177446539379, 'trop_k_veg': 3.1473758868965485}.[0m
[32m[I 2026-07-18 18:55:56,525][0m Trial 1000 finished with values: [-1.5400767801230012e-07, 3.822443683798582e-08] and parameters: {'k1': 0.01889771394135163, 'D_low': 7.299348683062307, 'k2': 0.0005342937261279771, 'D_high': 2940.51756322311, 'fire_exp': 2.907328086166187, 'P_half': 97.0660675687761, 'pre_dampen_half': 107.40052367919465, 'gpp_af': 0.2901272149738624, 'gpp_b': 0.006906522645653115, 'gpp_d': 64.20268021730274, 'ign_k': 2.396079612430075, 'ign_c': 35.21102994688837, 'trop_agb_crit': 3.5747129226002423, 'trop_k_veg': 6.9782110227926815}.[0m
[32m[I 2026-07-18 18:55:56,987][0m Trial 1001 finished with values: [-1.224212770574348e-06, 1.2574818963884127e-09] and parameters: {'k1': 0.007530210437963516, 'D_low': 1.3577269394141454, 'k2': 0.0012040762895973265, 'D_high': 1662.6592254031873, 'fire_exp': 2.61565689708108, 'P_half': 221.2683656611821, 'pre_dampen_half': 0.010585220389440335, 'gpp_af': 0.7539992074650282, 'gpp_b': 0.13713885091300898, 'gpp_d': 21.14381609520636, 'ign_k': 5.351470428717439, 'ign_c': 29.690870944846793, 'trop_agb_crit': 1.0903028125370984, 'trop_k_veg': 0.6743482387129308}.[0m
[32m[I 2026-07-18 18:55:57,462][0m Trial 1002 finished with values: [-0.017562342043235292, 0.001248137488812251] and parameters: {'k1': 0.01889771394135163, 'D_low': 70.18267183720735, 'k2': 0.032845299795769396, 'D_high': 8559.572793311803, 'fire_exp': 1.450870712623418, 'P_half': 712.8188058401365, 'pre_dampen_half': 0.0399066504395798, 'gpp_af': 0.1476584299248268, 'gpp_b': 0.0005752434266899163, 'gpp_d': 64.20268021730274, 'ign_k': 8.708806168038567, 'ign_c': 20.03995359361212, 'trop_agb_crit': 1.6878075072665546, 'trop_k_veg': 6.9782110227926815}.[0m
[32m[I 2026-07-18 18:55:57,982][0m Trial 1003 finished with values: [-0.0001753971440536146, 8.114753875965164e-06] and parameters: {'k1': 0.07799059237255677, 'D_low': 7.46475488144212, 'k2': 0.0005342937261279771, 'D_high': 8559.572793311803, 'fire_exp': 1.423480109671474, 'P_half': 285.5843069859748, 'pre_dampen_half': 0.03751320096826995, 'gpp_af': 0.27997858752477867, 'gpp_b': 0.01666658176842624, 'gpp_d': 660.9129108295722, 'ign_k': 5.351470428717439, 'ign_c': 29.690870944846793, 'trop_agb_crit': 1.6878075072665546, 'trop_k_veg': 0.6014881258938517}.[0m
[32m[I 2026-07-18 18:55:58,489][0m Trial 1004 finished with values: [-0.012664577892082215, 0.005439374809063979] and parameters: {'k1': 0.03635503353478365, 'D_low': 118.47646505012496, 'k2': 3.987273288095238e-05, 'D_high': 2940.51756322311, 'fire_exp': 2.110249242835225, 'P_half': 712.8188058401365, 'pre_dampen_half': 107.40052367919465, 'gpp_af': 0.1476584299248268, 'gpp_b': 0.0005752434266899163, 'gpp_d': 660.9129108295722, 'ign_k': 3.5891558714508416, 'ign_c': 15.221840161091619, 'trop_agb_crit': 3.5747129226002423, 'trop_k_veg': 0.902411054575325}.[0m
[32m[I 2026-07-18 18:55:59,004][0m Trial 1005 finished with values: [-0.014704036063328537, 0.00043530097238286825] and parameters: {'k1': 0.041833856821460395, 'D_low': 7.299348683062307, 'k2': 0.032845299795769396, 'D_high': 1236.6924205139144, 'fire_exp': 1.6733848721157607, 'P_half': 890.7074296057181, 'pre_dampen_half': 0.2888838362365318, 'gpp_af': 0.10409127568994281, 'gpp_b': 0.0005752434266899163, 'gpp_d': 64.20268021730274, 'ign_k': 5.351470428717439, 'ign_c': 20.03995359361212, 'trop_agb_crit': 7.599113148200974, 'trop_k_veg': 2.068934086032504}.[0m
[32m[I 2026-07-18 18:55:59,496][0m Trial 1006 finished with values: [-6.630402585154726e-13, 2.7976465033496822e-08] and parameters: {'k1': 0.01889771394135163, 'D_low': 525.9096221580008, 'k2': 0.032845299795769396, 'D_high': 14.678835461874492, 'fire_exp': 1.0629462657398439, 'P_half': 12.808863354047988, 'pre_dampen_half': 0.5682966065442919, 'gpp_af': 0.1476584299248268, 'gpp_b': 0.0005752434266899163, 'gpp_d': 660.9129108295722, 'ign_k': 0.48986208235548445, 'ign_c': 15.221840161091619, 'trop_agb_crit': 2.1861040860339416, 'trop_k_veg': 0.902411054575325}.[0m
[32m[I 2026-07-18 18:55:59,962][0m Trial 1007 finished with values: [-2.7842864975515596e-10, 6.688760656459181e-12] and parameters: {'k1': 0.007530210437963516, 'D_low': 70.18267183720735, 'k2': 2.1835747526693533e-05, 'D_high': 774.2116473996249, 'fire_exp': 5.311995034756393, 'P_half': 712.8188058401365, 'pre_dampen_half': 38.16075340079142, 'gpp_af': 0.001111693990724459, 'gpp_b': 0.0005752434266899163, 'gpp_d': 64.20268021730274, 'ign_k': 8.708806168038567, 'ign_c': 30.28574109895626, 'trop_agb_crit': 1.331177446539379, 'trop_k_veg': 3.1473758868965485}.[0m
[32m[I 2026-07-18 18:56:00,469][0m Trial 1008 finished with values: [-0.2683302068414434, 0.06355948588471594] and parameters: {'k1': 0.04541457206426161, 'D_low': 70.18267183720735, 'k2': 0.0353875886477924, 'D_high': 2940.51756322311, 'fire_exp': 1.6733848721157607, 'P_half': 712.8188058401365, 'pre_dampen_half': 107.40052367919465, 'gpp_af': 0.01719951378854337, 'gpp_b': 0.0005623095666134974, 'gpp_d': 64.20268021730274, 'ign_k': 1.0484531351650956, 'ign_c': 5.130551760589832, 'trop_agb_crit': 1.0903028125370984, 'trop_k_veg': 7.222310503533637}.[0m
[32m[I 2026-07-18 18:56:00,966][0m Trial 1009 finished with values: [-0.052398308332286585, 0.012971879944664089] and parameters: {'k1': 0.01889771394135163, 'D_low': 70.18267183720735, 'k2': 0.032845299795769396, 'D_high': 8559.572793311803, 'fire_exp': 1.423480109671474, 'P_half': 221.2683656611821, 'pre_dampen_half': 0.010585220389440335, 'gpp_af': 0.7539992074650282, 'gpp_b': 1.598364670380439e-05, 'gpp_d': 229.41380323183625, 'ign_k': 5.351470428717439, 'ign_c': 20.03995359361212, 'trop_agb_crit': 1.331177446539379, 'trop_k_veg': 1.0594599158279707}.[0m
[32m[I 2026-07-18 18:56:01,437][0m Trial 1010 finished with values: [-0.1534346696001374, 0.07883542233440566] and parameters: {'k1': 0.011966626407443505, 'D_low': 70.18267183720735, 'k2': 0.0353875886477924, 'D_high': 1662.6592254031873, 'fire_exp': 1.6294642623991613, 'P_half': 221.2683656611821, 'pre_dampen_half': 241.6951931920675, 'gpp_af': 0.01719951378854337, 'gpp_b': 0.01666658176842624, 'gpp_d': 8.057329182285729, 'ign_k': 0.6024590664672947, 'ign_c': 5.130551760589832, 'trop_agb_crit': 1.331177446539379, 'trop_k_veg': 2.587938629755798}.[0m
[32m[I 2026-07-18 18:56:01,911][0m Trial 1011 finished with values: [-0.047742579354050574, 0.009055731484155727] and parameters: {'k1': 0.04541457206426161, 'D_low': 6.96063331852638, 'k2': 1.9423940721007243e-05, 'D_high': 1578.0309954142967, 'fire_exp': 1.6733848721157607, 'P_half': 1.2432381951316052, 'pre_dampen_half': 107.40052367919465, 'gpp_af': 0.002271347790571442, 'gpp_b': 0.0005752434266899163, 'gpp_d': 660.9129108295722, 'ign_k': 1.0484531351650956, 'ign_c': 20.03995359361212, 'trop_agb_crit': 1.331177446539379, 'trop_k_veg': 0.6743482387129308}.[0m
[32m[I 2026-07-18 18:56:02,386][0m Trial 1012 finished with values: [-0.006132768586169279, 0.001015710240717782] and parameters: {'k1': 0.0699458988153545, 'D_low': 7.46475488144212, 'k2': 0.0002952145029390025, 'D_high': 18.736533225205818, 'fire_exp': 1.423480109671474, 'P_half': 221.2683656611821, 'pre_dampen_half': 0.010585220389440335, 'gpp_af': 0.27997858752477867, 'gpp_b': 0.0005752434266899163, 'gpp_d': 21.14381609520636, 'ign_k': 5.351470428717439, 'ign_c': 20.03995359361212, 'trop_agb_crit': 1.331177446539379, 'trop_k_veg': 6.9782110227926815}.[0m
[32m[I 2026-07-18 18:56:02,852][0m Trial 1013 finished with values: [-1.0963601083820641e-12, 4.377441753522504e-08] and parameters: {'k1': 0.01889771394135163, 'D_low': 70.18267183720735, 'k2': 0.032845299795769396, 'D_high': 11.179796565719341, 'fire_exp': 1.6294642623991613, 'P_half': 9.324787201197319, 'pre_dampen_half': 241.6951931920675, 'gpp_af': 0.008075914984851893, 'gpp_b': 5.482875567588648, 'gpp_d': 8.057329182285729, 'ign_k': 0.6024590664672947, 'ign_c': 20.03995359361212, 'trop_agb_crit': 1.331177446539379, 'trop_k_veg': 4.1676646713442125}.[0m
[32m[I 2026-07-18 18:56:03,326][0m Trial 1014 finished with values: [-0.0002971168717057691, 5.379659955695448e-05] and parameters: {'k1': 0.0699458988153545, 'D_low': 70.18267183720735, 'k2': 0.00035868164986275477, 'D_high': 8559.572793311803, 'fire_exp': 1.423480109671474, 'P_half': 712.8188058401365, 'pre_dampen_half': 0.0399066504395798, 'gpp_af': 0.10409127568994281, 'gpp_b': 0.0005744663972188569, 'gpp_d': 21.14381609520636, 'ign_k': 5.351470428717439, 'ign_c': 30.28574109895626, 'trop_agb_crit': 1.331177446539379, 'trop_k_veg': 2.587938629755798}.[0m
[32m[I 2026-07-18 18:56:03,792][0m Trial 1015 finished with values: [-0.005941159320304156, 0.00012487048730813743] and parameters: {'k1': 0.007530210437963516, 'D_low': 7.299348683062307, 'k2': 0.026471946255259393, 'D_high': 2940.51756322311, 'fire_exp': 1.6733848721157607, 'P_half': 221.2683656611821, 'pre_dampen_half': 0.5682966065442919, 'gpp_af': 0.001111693990724459, 'gpp_b': 0.0005744663972188569, 'gpp_d': 660.9129108295722, 'ign_k': 0.48986208235548445, 'ign_c': 20.03995359361212, 'trop_agb_crit': 1.0903028125370984, 'trop_k_veg': 3.49157152291552}.[0m
[32m[I 2026-07-18 18:56:04,262][0m Trial 1016 finished with values: [-1.4452134751879933e-07, 9.576845427794467e-08] and parameters: {'k1': 0.01889771394135163, 'D_low': 70.18267183720735, 'k2': 0.032845299795769396, 'D_high': 2940.51756322311, 'fire_exp': 5.463970670311958, 'P_half': 221.2683656611821, 'pre_dampen_half': 0.2888838362365318, 'gpp_af': 0.7539992074650282, 'gpp_b': 0.42247700890263673, 'gpp_d': 21.14381609520636, 'ign_k': 0.025882464916964908, 'ign_c': 0.891613269954689, 'trop_agb_crit': 1.6079844205915728, 'trop_k_veg': 0.6743482387129308}.[0m
[32m[I 2026-07-18 18:56:04,749][0m Trial 1017 finished with values: [-0.0006143724863388836, 4.262863340886991e-05] and parameters: {'k1': 0.007530210437963516, 'D_low': 70.18267183720735, 'k2': 0.001362731161143793, 'D_high': 2940.51756322311, 'fire_exp': 1.6733848721157607, 'P_half': 234.09994646132157, 'pre_dampen_half': 0.03751320096826995, 'gpp_af': 0.001111693990724459, 'gpp_b': 0.0005744663972188569, 'gpp_d': 8.057329182285729, 'ign_k': 0.01535119983401854, 'ign_c': 5.130551760589832, 'trop_agb_crit': 1.331177446539379, 'trop_k_veg': 3.49157152291552}.[0m
[32m[I 2026-07-18 18:56:05,227][0m Trial 1018 finished with values: [-0.002382025992854745, 0.00011846606248000491] and parameters: {'k1': 0.07799059237255677, 'D_low': 70.18267183720735, 'k2': 0.0002505029928936293, 'D_high': 3712.591045287733, 'fire_exp': 1.0629462657398439, 'P_half': 712.8188058401365, 'pre_dampen_half': 0.010585220389440335, 'gpp_af': 0.7539992074650282, 'gpp_b': 0.34011244465350415, 'gpp_d': 21.14381609520636, 'ign_k': 5.351470428717439, 'ign_c': 15.221840161091619, 'trop_agb_crit': 1.6878075072665546, 'trop_k_veg': 0.6743482387129308}.[0m
[32m[I 2026-07-18 18:56:05,702][0m Trial 1019 finished with values: [-0.6665366115955913, 0.04469350258679472] and parameters: {'k1': 0.01889771394135163, 'D_low': 70.18267183720735, 'k2': 0.032845299795769396, 'D_high': 2940.51756322311, 'fire_exp': 1.450870712623418, 'P_half': 12.808863354047988, 'pre_dampen_half': 107.40052367919465, 'gpp_af': 0.1476584299248268, 'gpp_b': 0.0005752434266899163, 'gpp_d': 660.9129108295722, 'ign_k': 1.0484531351650956, 'ign_c': 20.03995359361212, 'trop_agb_crit': 2.1861040860339416, 'trop_k_veg': 4.282977578566487}.[0m
[32m[I 2026-07-18 18:56:06,177][0m Trial 1020 finished with values: [-0.00023012212578782198, 5.655362704359845e-06] and parameters: {'k1': 0.007530210437963516, 'D_low': 1.864018654712297, 'k2': 0.001362731161143793, 'D_high': 8559.572793311803, 'fire_exp': 1.6733848721157607, 'P_half': 442.0612468360114, 'pre_dampen_half': 0.0399066504395798, 'gpp_af': 0.01719951378854337, 'gpp_b': 0.0005744663972188569, 'gpp_d': 660.9129108295722, 'ign_k': 5.351470428717439, 'ign_c': 29.690870944846793, 'trop_agb_crit': 1.0903028125370984, 'trop_k_veg': 3.49157152291552}.[0m
[32m[I 2026-07-18 18:56:06,652][0m Trial 1021 finished with values: [-0.0037146334264588276, 6.85334896262102e-05] and parameters: {'k1': 0.011966626407443505, 'D_low': 1.3577269394141454, 'k2': 0.0353875886477924, 'D_high': 2940.51756322311, 'fire_exp': 2.61565689708108, 'P_half': 5.505316245273476, 'pre_dampen_half': 0.0399066504395798, 'gpp_af': 0.7539992074650282, 'gpp_b': 0.13713885091300898, 'gpp_d': 660.9129108295722, 'ign_k': 8.708806168038567, 'ign_c': 20.03995359361212, 'trop_agb_crit': 1.0903028125370984, 'trop_k_veg': 0.6743482387129308}.[0m
[32m[I 2026-07-18 18:56:07,120][0m Trial 1022 finished with values: [-2.0000000000000005e-60, 0.0] and parameters: {'k1': 0.011966626407443505, 'D_low': 1.864018654712297, 'k2': 0.00035868164986275477, 'D_high': 774.2116473996249, 'fire_exp': 3.5637467870629145, 'P_half': 712.8188058401365, 'pre_dampen_half': 107.40052367919465, 'gpp_af': 0.6403036652671174, 'gpp_b': 3.083723329640505, 'gpp_d': 0.07422439676110873, 'ign_k': 0.6024590664672947, 'ign_c': 30.28574109895626, 'trop_agb_crit': 7.599113148200974, 'trop_k_veg': 0.6568257529739655}.[0m
[32m[I 2026-07-18 18:56:07,590][0m Trial 1023 finished with values: [-0.5989098532605212, 0.2080800170405368] and parameters: {'k1': 0.03635503353478365, 'D_low': 70.18267183720735, 'k2': 0.0353875886477924, 'D_high': 2940.51756322311, 'fire_exp': 1.6733848721157607, 'P_half': 12.808863354047988, 'pre_dampen_half': 107.40052367919465, 'gpp_af': 0.01719951378854337, 'gpp_b': 0.0005623095666134974, 'gpp_d': 660.9129108295722, 'ign_k': 0.6024590664672947, 'ign_c': 0.891613269954689, 'trop_agb_crit': 1.0903028125370984, 'trop_k_veg': 6.9782110227926815}.[0m
[32m[I 2026-07-18 18:56:08,066][0m Trial 1024 finished with values: [-0.6825822164319886, 0.10762122552436626] and parameters: {'k1': 0.004312951023617458, 'D_low': 1.9977959434035766, 'k2': 0.026471946255259393, 'D_high': 2940.51756322311, 'fire_exp': 1.0629462657398439, 'P_half': 712.8188058401365, 'pre_dampen_half': 502.5175192217655, 'gpp_af': 0.7539992074650282, 'gpp_b': 0.0021331409710300844, 'gpp_d': 64.20268021730274, 'ign_k': 8.708806168038567, 'ign_c': 15.221840161091619, 'trop_agb_crit': 3.5747129226002423, 'trop_k_veg': 6.9782110227926815}.[0m
[32m[I 2026-07-18 18:56:08,550][0m Trial 1025 finished with values: [-0.027825224028844815, 0.0035862778270695506] and parameters: {'k1': 0.004377346027756646, 'D_low': 70.18267183720735, 'k2': 0.0353875886477924, 'D_high': 1662.6592254031873, 'fire_exp': 1.450870712623418, 'P_half': 221.2683656611821, 'pre_dampen_half': 0.010585220389440335, 'gpp_af': 0.7539992074650282, 'gpp_b': 1.598364670380439e-05, 'gpp_d': 66.3534198237528, 'ign_k': 5.351470428717439, 'ign_c': 20.03995359361212, 'trop_agb_crit': 1.0903028125370984, 'trop_k_veg': 6.9782110227926815}.[0m
