[32m[I 2026-07-18 18:54:18,053][0m Trial 798 finished with values: [-0.02990583691749818, 0.0038833984956694323] and parameters: {'k1': 0.041833856821460395, 'D_low': 4.484744524732794, 'k2': 0.00035868164986275477, 'D_high': 1537.4098204111451, 'fire_exp': 1.6733848721157607, 'P_half': 220.3445560633069, 'pre_dampen_half': 3.3841016089580047, 'gpp_af': 0.7539992074650282, 'gpp_b': 0.0005623095666134974, 'gpp_d': 229.41380323183625, 'ign_k': 0.48986208235548445, 'ign_c': 20.03995359361212, 'trop_agb_crit': 7.599113148200974, 'trop_k_veg': 0.8674561439130763}.[0m
[32m[I 2026-07-18 18:54:18,506][0m Trial 799 finished with values: [-0.00016754333572660952, 7.59346888610235e-05] and parameters: {'k1': 0.007530210437963516, 'D_low': 70.18267183720735, 'k2': 0.032845299795769396, 'D_high': 774.2116473996249, 'fire_exp': 6.234638880169447, 'P_half': 323.6099399575106, 'pre_dampen_half': 0.1875872314533727, 'gpp_af': 0.2901272149738624, 'gpp_b': 0.0002464237581990368, 'gpp_d': 2.944272359149678, 'ign_k': 2.396079612430075, 'ign_c': 15.221840161091619, 'trop_agb_crit': 1.0903028125370984, 'trop_k_veg': 0.6743482387129308}.[0m
[32m[I 2026-07-18 18:54:18,958][0m Trial 800 finished with values: [-0.0002771669452029196, 2.9747901389431952e-05] and parameters: {'k1': 0.011966626407443505, 'D_low': 7.299348683062307, 'k2': 0.0007047307383115598, 'D_high': 60107.420288647445, 'fire_exp': 2.459835109241264, 'P_half': 323.6099399575106, 'pre_dampen_half': 0.1875872314533727, 'gpp_af': 36.46000535317359, 'gpp_b': 0.2272730825106818, 'gpp_d': 660.9129108295722, 'ign_k': 2.396079612430075, 'ign_c': 30.28574109895626, 'trop_agb_crit': 7.499945891579917, 'trop_k_veg': 0.6743482387129308}.[0m
[32m[I 2026-07-18 18:54:19,447][0m Trial 801 finished with values: [-0.037982125133802155, 0.004652945366961703] and parameters: {'k1': 0.01889771394135163, 'D_low': 238.72908899163244, 'k2': 0.0012040762895973265, 'D_high': 1578.0309954142967, 'fire_exp': 1.6733848721157607, 'P_half': 9.324787201197319, 'pre_dampen_half': 0.2888838362365318, 'gpp_af': 0.10409127568994281, 'gpp_b': 0.00014950919877749144, 'gpp_d': 660.9129108295722, 'ign_k': 5.351470428717439, 'ign_c': 3.5828811741825057, 'trop_agb_crit': 2.1861040860339416, 'trop_k_veg': 2.587938629755798}.[0m
[32m[I 2026-07-18 18:54:19,931][0m Trial 802 finished with values: [-0.6510563591847792, 0.03624788799446421] and parameters: {'k1': 0.01889771394135163, 'D_low': 70.18267183720735, 'k2': 0.032845299795769396, 'D_high': 2940.51756322311, 'fire_exp': 1.450870712623418, 'P_half': 97.0660675687761, 'pre_dampen_half': 107.40052367919465, 'gpp_af': 0.1476584299248268, 'gpp_b': 0.0005752434266899163, 'gpp_d': 64.20268021730274, 'ign_k': 8.708806168038567, 'ign_c': 20.03995359361212, 'trop_agb_crit': 3.5747129226002423, 'trop_k_veg': 6.9782110227926815}.[0m
[32m[I 2026-07-18 18:54:20,437][0m Trial 803 finished with values: [-0.018622196284419048, 0.001994436164003077] and parameters: {'k1': 0.01889771394135163, 'D_low': 1.3577269394141454, 'k2': 0.0353875886477924, 'D_high': 1578.0309954142967, 'fire_exp': 2.61565689708108, 'P_half': 9.324787201197319, 'pre_dampen_half': 0.010585220389440335, 'gpp_af': 86.881558158387, 'gpp_b': 0.13713885091300898, 'gpp_d': 21.14381609520636, 'ign_k': 5.351470428717439, 'ign_c': 20.03995359361212, 'trop_agb_crit': 1.331177446539379, 'trop_k_veg': 2.587938629755798}.[0m
[32m[I 2026-07-18 18:54:20,932][0m Trial 804 finished with values: [-0.0336639214123429, 0.00153224038232036] and parameters: {'k1': 0.07799059237255677, 'D_low': 3.5136541394511, 'k2': 0.0005342937261279771, 'D_high': 8559.572793311803, 'fire_exp': 1.6733848721157607, 'P_half': 712.8188058401365, 'pre_dampen_half': 0.5682966065442919, 'gpp_af': 0.01719951378854337, 'gpp_b': 0.00012379625135997558, 'gpp_d': 660.9129108295722, 'ign_k': 1.0484531351650956, 'ign_c': 15.221840161091619, 'trop_agb_crit': 2.1861040860339416, 'trop_k_veg': 6.9782110227926815}.[0m
[32m[I 2026-07-18 18:54:21,431][0m Trial 805 finished with values: [-1.7118950722493834e-13, 0.0] and parameters: {'k1': 0.011966626407443505, 'D_low': 603.3623633620597, 'k2': 7.91442361215536e-05, 'D_high': 414.2619760188261, 'fire_exp': 3.5637467870629145, 'P_half': 712.8188058401365, 'pre_dampen_half': 107.40052367919465, 'gpp_af': 0.6403036652671174, 'gpp_b': 3.083723329640505, 'gpp_d': 64.20268021730274, 'ign_k': 8.708806168038567, 'ign_c': 30.28574109895626, 'trop_agb_crit': 1.331177446539379, 'trop_k_veg': 3.1473758868965485}.[0m
[32m[I 2026-07-18 18:54:21,905][0m Trial 806 finished with values: [-9.840317623108994e-13, 3.5951908117226594e-11] and parameters: {'k1': 0.01889771394135163, 'D_low': 31.585104499227995, 'k2': 0.0005161767747867282, 'D_high': 3712.591045287733, 'fire_exp': 1.6733848721157607, 'P_half': 234.09994646132157, 'pre_dampen_half': 3.3841016089580047, 'gpp_af': 0.001111693990724459, 'gpp_b': 0.2272730825106818, 'gpp_d': 8.057329182285729, 'ign_k': 3.5891558714508416, 'ign_c': 30.28574109895626, 'trop_agb_crit': 24.584290528289387, 'trop_k_veg': 1.0594599158279707}.[0m
[32m[I 2026-07-18 18:54:22,383][0m Trial 807 finished with values: [-0.00691600321581795, 0.0032689093337416875] and parameters: {'k1': 0.04541457206426161, 'D_low': 741.978058430228, 'k2': 0.012758211164590085, 'D_high': 2940.51756322311, 'fire_exp': 1.6733848721157607, 'P_half': 175.2878790340412, 'pre_dampen_half': 0.08049089337224259, 'gpp_af': 0.2901272149738624, 'gpp_b': 0.00012379625135997558, 'gpp_d': 25.444227489578886, 'ign_k': 1.0484531351650956, 'ign_c': 0.5342106255632174, 'trop_agb_crit': 1.331177446539379, 'trop_k_veg': 0.902411054575325}.[0m
[32m[I 2026-07-18 18:54:22,854][0m Trial 808 finished with values: [-0.000225503198056769, 1.876800239564158e-05] and parameters: {'k1': 0.0018538092461931478, 'D_low': 60.42560675552672, 'k2': 0.00035868164986275477, 'D_high': 8559.572793311803, 'fire_exp': 1.423480109671474, 'P_half': 588.4974770225299, 'pre_dampen_half': 0.03751320096826995, 'gpp_af': 0.0038793182938363898, 'gpp_b': 7.007213496896404e-05, 'gpp_d': 660.9129108295722, 'ign_k': 5.351470428717439, 'ign_c': 29.690870944846793, 'trop_agb_crit': 12.324775650896964, 'trop_k_veg': 4.9897488945787245}.[0m
[32m[I 2026-07-18 18:54:23,335][0m Trial 809 finished with values: [-0.015240861523344307, 0.00043414914764661194] and parameters: {'k1': 0.03635503353478365, 'D_low': 70.18267183720735, 'k2': 0.00035868164986275477, 'D_high': 8182.111518618414, 'fire_exp': 2.667972213959779, 'P_half': 9.324787201197319, 'pre_dampen_half': 0.1875872314533727, 'gpp_af': 0.0022961065892443786, 'gpp_b': 0.0005752434266899163, 'gpp_d': 229.41380323183625, 'ign_k': 8.708806168038567, 'ign_c': 5.130551760589832, 'trop_agb_crit': 1.0903028125370984, 'trop_k_veg': 6.9782110227926815}.[0m
[32m[I 2026-07-18 18:54:23,802][0m Trial 810 finished with values: [-0.03064112424926004, 0.00317875791316935] and parameters: {'k1': 0.04541457206426161, 'D_low': 1.3577269394141454, 'k2': 0.0353875886477924, 'D_high': 1662.6592254031873, 'fire_exp': 2.61565689708108, 'P_half': 221.2683656611821, 'pre_dampen_half': 0.010585220389440335, 'gpp_af': 0.7539992074650282, 'gpp_b': 1.598364670380439e-05, 'gpp_d': 150.14555442537656, 'ign_k': 9.226223582279754, 'ign_c': 3.5828811741825057, 'trop_agb_crit': 1.0903028125370984, 'trop_k_veg': 2.587938629755798}.[0m
[32m[I 2026-07-18 18:54:24,284][0m Trial 811 finished with values: [-0.00750607702152668, 0.00026925515985476434] and parameters: {'k1': 0.011966626407443505, 'D_low': 70.18267183720735, 'k2': 0.0012040762895973265, 'D_high': 8559.572793311803, 'fire_exp': 1.423480109671474, 'P_half': 712.8188058401365, 'pre_dampen_half': 0.010585220389440335, 'gpp_af': 0.10409127568994281, 'gpp_b': 0.008226792720717493, 'gpp_d': 21.14381609520636, 'ign_k': 5.351470428717439, 'ign_c': 5.130551760589832, 'trop_agb_crit': 1.331177446539379, 'trop_k_veg': 2.587938629755798}.[0m
[32m[I 2026-07-18 18:54:24,769][0m Trial 812 finished with values: [-0.030501398408826694, 0.006061956964217963] and parameters: {'k1': 0.01889771394135163, 'D_low': 1.9977959434035766, 'k2': 0.0005342937261279771, 'D_high': 8182.111518618414, 'fire_exp': 1.6733848721157607, 'P_half': 9.324787201197319, 'pre_dampen_half': 0.08049089337224259, 'gpp_af': 0.2901272149738624, 'gpp_b': 0.0005752434266899163, 'gpp_d': 0.04385018674829578, 'ign_k': 0.6024590664672947, 'ign_c': 20.03995359361212, 'trop_agb_crit': 7.599113148200974, 'trop_k_veg': 0.902411054575325}.[0m
[32m[I 2026-07-18 18:54:25,260][0m Trial 813 finished with values: [-0.0003998747313794422, 2.7338914113994583e-05] and parameters: {'k1': 0.01889771394135163, 'D_low': 70.18267183720735, 'k2': 0.00035868164986275477, 'D_high': 8182.111518618414, 'fire_exp': 1.450870712623418, 'P_half': 2.608786855182909, 'pre_dampen_half': 0.011501973785501987, 'gpp_af': 0.01719951378854337, 'gpp_b': 0.0005623095666134974, 'gpp_d': 6.283500537123675, 'ign_k': 0.789505697600963, 'ign_c': 30.28574109895626, 'trop_agb_crit': 7.599113148200974, 'trop_k_veg': 1.7517490491468353}.[0m
[32m[I 2026-07-18 18:54:25,741][0m Trial 814 finished with values: [-0.02472419074640009, 0.000985632107739054] and parameters: {'k1': 0.04541457206426161, 'D_low': 6.96063331852638, 'k2': 0.032845299795769396, 'D_high': 3712.591045287733, 'fire_exp': 1.6733848721157607, 'P_half': 221.2683656611821, 'pre_dampen_half': 0.010585220389440335, 'gpp_af': 0.01719951378854337, 'gpp_b': 0.00012379625135997558, 'gpp_d': 21.14381609520636, 'ign_k': 1.0484531351650956, 'ign_c': 15.221840161091619, 'trop_agb_crit': 2.1861040860339416, 'trop_k_veg': 0.6743482387129308}.[0m
[32m[I 2026-07-18 18:54:26,216][0m Trial 815 finished with values: [-1.9361102979392368e-05, 3.4985165897616355e-07] and parameters: {'k1': 0.07799059237255677, 'D_low': 70.18267183720735, 'k2': 0.032845299795769396, 'D_high': 8559.572793311803, 'fire_exp': 1.423480109671474, 'P_half': 221.2683656611821, 'pre_dampen_half': 0.010585220389440335, 'gpp_af': 0.7539992074650282, 'gpp_b': 0.42247700890263673, 'gpp_d': 21.14381609520636, 'ign_k': 5.351470428717439, 'ign_c': 29.690870944846793, 'trop_agb_crit': 1.6878075072665546, 'trop_k_veg': 2.4855199240230106}.[0m
[32m[I 2026-07-18 18:54:26,690][0m Trial 816 finished with values: [-0.22696957368912948, 0.031766385497803196] and parameters: {'k1': 0.01889771394135163, 'D_low': 70.18267183720735, 'k2': 0.00012492307509390826, 'D_high': 1578.0309954142967, 'fire_exp': 1.423480109671474, 'P_half': 9.324787201197319, 'pre_dampen_half': 241.6951931920675, 'gpp_af': 0.001111693990724459, 'gpp_b': 1.598364670380439e-05, 'gpp_d': 8.057329182285729, 'ign_k': 5.351470428717439, 'ign_c': 20.03995359361212, 'trop_agb_crit': 1.331177446539379, 'trop_k_veg': 0.6231612697298179}.[0m
[32m[I 2026-07-18 18:54:27,155][0m Trial 817 finished with values: [-5.380663682263356e-10, 2.4025931688598234e-08] and parameters: {'k1': 2.20106566100558e-05, 'D_low': 70.18267183720735, 'k2': 0.0007047307383115598, 'D_high': 3712.591045287733, 'fire_exp': 7.837740398103447, 'P_half': 712.8188058401365, 'pre_dampen_half': 3.3841016089580047, 'gpp_af': 0.7539992074650282, 'gpp_b': 0.0021331409710300844, 'gpp_d': 150.14555442537656, 'ign_k': 3.5891558714508416, 'ign_c': 20.03995359361212, 'trop_agb_crit': 24.584290528289387, 'trop_k_veg': 0.6743482387129308}.[0m
[32m[I 2026-07-18 18:54:27,632][0m Trial 818 finished with values: [-0.0015310662542225217, 0.0016234663959378004] and parameters: {'k1': 0.02938501958389821, 'D_low': 70.18267183720735, 'k2': 0.0007047307383115598, 'D_high': 45914.85216740541, 'fire_exp': 1.5554903627343437, 'P_half': 3554.812765190894, 'pre_dampen_half': 0.011501973785501987, 'gpp_af': 2.555721998081809, 'gpp_b': 7.007213496896404e-05, 'gpp_d': 64.20268021730274, 'ign_k': 5.351470428717439, 'ign_c': 5.130551760589832, 'trop_agb_crit': 1.285305820648146, 'trop_k_veg': 3.49157152291552}.[0m
[32m[I 2026-07-18 18:54:28,095][0m Trial 819 finished with values: [-0.0022892395180183316, 0.0009961159616369564] and parameters: {'k1': 0.0699458988153545, 'D_low': 7.299348683062307, 'k2': 0.0005342937261279771, 'D_high': 60107.420288647445, 'fire_exp': 1.450870712623418, 'P_half': 323.6099399575106, 'pre_dampen_half': 0.2888838362365318, 'gpp_af': 0.2901272149738624, 'gpp_b': 0.0005623095666134974, 'gpp_d': 0.4138641521695059, 'ign_k': 2.396079612430075, 'ign_c': 30.28574109895626, 'trop_agb_crit': 24.584290528289387, 'trop_k_veg': 0.6743482387129308}.[0m
[32m[I 2026-07-18 18:54:28,599][0m Trial 820 finished with values: [-0.04976632854696255, 0.004736263677861063] and parameters: {'k1': 0.02938501958389821, 'D_low': 70.18267183720735, 'k2': 0.032845299795769396, 'D_high': 2940.51756322311, 'fire_exp': 1.423480109671474, 'P_half': 12.808863354047988, 'pre_dampen_half': 0.011501973785501987, 'gpp_af': 0.1476584299248268, 'gpp_b': 0.00022905428113532524, 'gpp_d': 660.9129108295722, 'ign_k': 5.351470428717439, 'ign_c': 20.03995359361212, 'trop_agb_crit': 1.331177446539379, 'trop_k_veg': 0.902411054575325}.[0m
  trial  821/2500  pareto_size=41  best_taylor=0.7247  best_ilamb=0.5954  (6.4 min)
[32m[I 2026-07-18 18:54:29,207][0m Trial 821 finished with values: [-5.411128984851355e-07, 3.3879206814413365e-06] and parameters: {'k1': 0.000263017849974555, 'D_low': 7.299348683062307, 'k2': 0.0005342937261279771, 'D_high': 60107.420288647445, 'fire_exp': 1.6733848721157607, 'P_half': 175.2878790340412, 'pre_dampen_half': 0.2888838362365318, 'gpp_af': 0.01719951378854337, 'gpp_b': 0.2272730825106818, 'gpp_d': 150.14555442537656, 'ign_k': 2.396079612430075, 'ign_c': 0.5342106255632174, 'trop_agb_crit': 1.0903028125370984, 'trop_k_veg': 0.902411054575325}.[0m
[32m[I 2026-07-18 18:54:29,684][0m Trial 822 finished with values: [-0.08605067554784623, 0.006445590565557824] and parameters: {'k1': 0.01889771394135163, 'D_low': 4.484744524732794, 'k2': 0.032845299795769396, 'D_high': 2940.51756322311, 'fire_exp': 1.6733848721157607, 'P_half': 1.895375973243287, 'pre_dampen_half': 0.2888838362365318, 'gpp_af': 0.3938210761039573, 'gpp_b': 0.0005752434266899163, 'gpp_d': 21.14381609520636, 'ign_k': 0.6024590664672947, 'ign_c': 20.03995359361212, 'trop_agb_crit': 1.331177446539379, 'trop_k_veg': 3.49157152291552}.[0m
[32m[I 2026-07-18 18:54:30,169][0m Trial 823 finished with values: [-0.04233079091058052, 0.001012414051311028] and parameters: {'k1': 0.01889771394135163, 'D_low': 1.864018654712297, 'k2': 0.0353875886477924, 'D_high': 1662.6592254031873, 'fire_exp': 1.6733848721157607, 'P_half': 221.2683656611821, 'pre_dampen_half': 0.2888838362365318, 'gpp_af': 0.01719951378854337, 'gpp_b': 0.0005623095666134974, 'gpp_d': 21.14381609520636, 'ign_k': 8.708806168038567, 'ign_c': 5.130551760589832, 'trop_agb_crit': 1.0903028125370984, 'trop_k_veg': 6.9782110227926815}.[0m
[32m[I 2026-07-18 18:54:30,632][0m Trial 824 finished with values: [-1.935045174288541e-08, 9.630104602642575e-09] and parameters: {'k1': 0.0699458988153545, 'D_low': 1590.1058351240622, 'k2': 8.60693112508996e-05, 'D_high': 1445.5983984872983, 'fire_exp': 2.907328086166187, 'P_half': 323.6099399575106, 'pre_dampen_half': 0.1875872314533727, 'gpp_af': 0.2901272149738624, 'gpp_b': 0.006906522645653115, 'gpp_d': 757.2868182332339, 'ign_k': 3.3137241299729405, 'ign_c': 30.28574109895626, 'trop_agb_crit': 1.331177446539379, 'trop_k_veg': 0.6743482387129308}.[0m
[32m[I 2026-07-18 18:54:31,112][0m Trial 825 finished with values: [-0.018239739135048855, 0.0009056989508170465] and parameters: {'k1': 0.004312951023617458, 'D_low': 1.9977959434035766, 'k2': 0.004013372552381595, 'D_high': 3712.591045287733, 'fire_exp': 1.5036604936020428, 'P_half': 712.8188058401365, 'pre_dampen_half': 502.5175192217655, 'gpp_af': 0.7539992074650282, 'gpp_b': 0.0021331409710300844, 'gpp_d': 660.9129108295722, 'ign_k': 8.708806168038567, 'ign_c': 30.28574109895626, 'trop_agb_crit': 1.331177446539379, 'trop_k_veg': 3.1473758868965485}.[0m
[32m[I 2026-07-18 18:54:31,580][0m Trial 826 finished with values: [-0.022511105629448785, 0.002835546576012482] and parameters: {'k1': 0.04541457206426161, 'D_low': 70.18267183720735, 'k2': 0.0007047307383115598, 'D_high': 7321.544340709298, 'fire_exp': 1.6733848721157607, 'P_half': 712.8188058401365, 'pre_dampen_half': 0.2888838362365318, 'gpp_af': 0.10409127568994281, 'gpp_b': 0.00014950919877749144, 'gpp_d': 0.23073846740741236, 'ign_k': 5.351470428717439, 'ign_c': 3.5828811741825057, 'trop_agb_crit': 1.331177446539379, 'trop_k_veg': 6.9782110227926815}.[0m
[32m[I 2026-07-18 18:54:32,050][0m Trial 827 finished with values: [-9.155515540265683e-05, 4.231784556441021e-06] and parameters: {'k1': 0.007530210437963516, 'D_low': 70.18267183720735, 'k2': 0.032845299795769396, 'D_high': 45914.85216740541, 'fire_exp': 5.311995034756393, 'P_half': 221.2683656611821, 'pre_dampen_half': 0.03751320096826995, 'gpp_af': 0.001111693990724459, 'gpp_b': 0.0005752434266899163, 'gpp_d': 8.057329182285729, 'ign_k': 8.708806168038567, 'ign_c': 5.130551760589832, 'trop_agb_crit': 1.331177446539379, 'trop_k_veg': 6.9782110227926815}.[0m
[32m[I 2026-07-18 18:54:32,521][0m Trial 828 finished with values: [-0.028835289400349618, 0.0035992109101564695] and parameters: {'k1': 0.011966626407443505, 'D_low': 7.299348683062307, 'k2': 0.0007047307383115598, 'D_high': 25628.666000163565, 'fire_exp': 2.61565689708108, 'P_half': 220.3445560633069, 'pre_dampen_half': 0.2128140089453379, 'gpp_af': 36.46000535317359, 'gpp_b': 0.050451016347432494, 'gpp_d': 660.9129108295722, 'ign_k': 0.1354662616810925, 'ign_c': 5.130551760589832, 'trop_agb_crit': 7.499945891579917, 'trop_k_veg': 0.8674561439130763}.[0m
[32m[I 2026-07-18 18:54:32,991][0m Trial 829 finished with values: [-1.733352081501775e-05, 1.169859474847712e-07] and parameters: {'k1': 0.007530210437963516, 'D_low': 7.299348683062307, 'k2': 0.001362731161143793, 'D_high': 8559.572793311803, 'fire_exp': 1.6733848721157607, 'P_half': 234.09994646132157, 'pre_dampen_half': 0.0399066504395798, 'gpp_af': 0.001111693990724459, 'gpp_b': 0.0005744663972188569, 'gpp_d': 660.9129108295722, 'ign_k': 5.351470428717439, 'ign_c': 29.690870944846793, 'trop_agb_crit': 1.6878075072665546, 'trop_k_veg': 3.49157152291552}.[0m
[32m[I 2026-07-18 18:54:33,473][0m Trial 830 finished with values: [-0.5467955789114151, 0.033321670643353785] and parameters: {'k1': 0.03635503353478365, 'D_low': 70.18267183720735, 'k2': 0.012758211164590085, 'D_high': 2940.51756322311, 'fire_exp': 2.110249242835225, 'P_half': 12.808863354047988, 'pre_dampen_half': 107.40052367919465, 'gpp_af': 0.1476584299248268, 'gpp_b': 0.0005752434266899163, 'gpp_d': 660.9129108295722, 'ign_k': 8.708806168038567, 'ign_c': 20.03995359361212, 'trop_agb_crit': 3.5747129226002423, 'trop_k_veg': 0.902411054575325}.[0m
[32m[I 2026-07-18 18:54:33,942][0m Trial 831 finished with values: [-5.393080136123493e-06, 4.278885599029447e-05] and parameters: {'k1': 0.00021478683190589615, 'D_low': 70.18267183720735, 'k2': 0.0012040762895973265, 'D_high': 146.1896279370497, 'fire_exp': 1.450870712623418, 'P_half': 476.3737484593719, 'pre_dampen_half': 0.2888838362365318, 'gpp_af': 93.47528675249171, 'gpp_b': 0.0005744663972188569, 'gpp_d': 21.14381609520636, 'ign_k': 8.708806168038567, 'ign_c': 30.28574109895626, 'trop_agb_crit': 7.599113148200974, 'trop_k_veg': 6.9782110227926815}.[0m
[32m[I 2026-07-18 18:54:34,425][0m Trial 832 finished with values: [-0.29664092420062665, 0.04381212166393322] and parameters: {'k1': 0.01889771394135163, 'D_low': 70.18267183720735, 'k2': 0.00012492307509390826, 'D_high': 1578.0309954142967, 'fire_exp': 1.450870712623418, 'P_half': 12.808863354047988, 'pre_dampen_half': 241.6951931920675, 'gpp_af': 0.1476584299248268, 'gpp_b': 0.0005752434266899163, 'gpp_d': 660.9129108295722, 'ign_k': 1.0484531351650956, 'ign_c': 20.03995359361212, 'trop_agb_crit': 2.1861040860339416, 'trop_k_veg': 0.902411054575325}.[0m
[32m[I 2026-07-18 18:54:34,902][0m Trial 833 finished with values: [-0.01631813332394973, 0.0038049261052186534] and parameters: {'k1': 0.004312951023617458, 'D_low': 7.299348683062307, 'k2': 0.0012040762895973265, 'D_high': 3712.591045287733, 'fire_exp': 2.61565689708108, 'P_half': 1.2432381951316052, 'pre_dampen_half': 20.379613777174647, 'gpp_af': 0.10409127568994281, 'gpp_b': 1.598364670380439e-05, 'gpp_d': 8.057329182285729, 'ign_k': 5.351470428717439, 'ign_c': 30.28574109895626, 'trop_agb_crit': 1.331177446539379, 'trop_k_veg': 2.587938629755798}.[0m
[32m[I 2026-07-18 18:54:35,385][0m Trial 834 finished with values: [-9.835543181285954e-07, 5.821038717934712e-06] and parameters: {'k1': 0.0699458988153545, 'D_low': 170.2682488483631, 'k2': 0.0005342937261279771, 'D_high': 3712.591045287733, 'fire_exp': 6.234638880169447, 'P_half': 310.3604223881657, 'pre_dampen_half': 0.1875872314533727, 'gpp_af': 4.500414872181383, 'gpp_b': 0.00012379625135997558, 'gpp_d': 757.2868182332339, 'ign_k': 2.396079612430075, 'ign_c': 30.28574109895626, 'trop_agb_crit': 1.0903028125370984, 'trop_k_veg': 0.6743482387129308}.[0m
[32m[I 2026-07-18 18:54:35,848][0m Trial 835 finished with values: [-0.0010400601674837404, 9.17778094867705e-05] and parameters: {'k1': 0.04541457206426161, 'D_low': 72.58091671308688, 'k2': 0.032845299795769396, 'D_high': 3712.591045287733, 'fire_exp': 1.6733848721157607, 'P_half': 1.7400806211046378, 'pre_dampen_half': 0.010585220389440335, 'gpp_af': 0.01719951378854337, 'gpp_b': 0.00012379625135997558, 'gpp_d': 21.14381609520636, 'ign_k': 1.0484531351650956, 'ign_c': 29.690870944846793, 'trop_agb_crit': 2.1861040860339416, 'trop_k_veg': 0.6743482387129308}.[0m
