[32m[I 2026-07-18 18:55:31,807][0m Trial 950 finished with values: [-0.5140579591720384, 0.03820530405023248] and parameters: {'k1': 0.01889771394135163, 'D_low': 70.18267183720735, 'k2': 0.0005342937261279771, 'D_high': 2940.51756322311, 'fire_exp': 1.423480109671474, 'P_half': 12.808863354047988, 'pre_dampen_half': 107.40052367919465, 'gpp_af': 0.1476584299248268, 'gpp_b': 0.0005752434266899163, 'gpp_d': 13.166767943790104, 'ign_k': 1.0484531351650956, 'ign_c': 20.03995359361212, 'trop_agb_crit': 1.6878075072665546, 'trop_k_veg': 6.9782110227926815}.[0m
[32m[I 2026-07-18 18:55:32,293][0m Trial 951 finished with values: [-0.019665604503716218, 0.0006301814280224027] and parameters: {'k1': 0.04541457206426161, 'D_low': 1.9977959434035766, 'k2': 0.032845299795769396, 'D_high': 3712.591045287733, 'fire_exp': 1.6733848721157607, 'P_half': 221.2683656611821, 'pre_dampen_half': 0.010585220389440335, 'gpp_af': 0.7539992074650282, 'gpp_b': 0.014529436909277037, 'gpp_d': 21.14381609520636, 'ign_k': 5.351470428717439, 'ign_c': 0.5342106255632174, 'trop_agb_crit': 1.6079844205915728, 'trop_k_veg': 0.902411054575325}.[0m
[32m[I 2026-07-18 18:55:32,768][0m Trial 952 finished with values: [-0.015284317450207315, 0.007320908665904069] and parameters: {'k1': 0.0005062132815242153, 'D_low': 70.18267183720735, 'k2': 0.032845299795769396, 'D_high': 2940.51756322311, 'fire_exp': 1.3511711906560187, 'P_half': 221.2683656611821, 'pre_dampen_half': 271.03231600028056, 'gpp_af': 0.1476584299248268, 'gpp_b': 0.42247700890263673, 'gpp_d': 21.14381609520636, 'ign_k': 5.351470428717439, 'ign_c': 20.03995359361212, 'trop_agb_crit': 1.6079844205915728, 'trop_k_veg': 0.902411054575325}.[0m
[32m[I 2026-07-18 18:55:33,242][0m Trial 953 finished with values: [-1.7251200752337132e-05, 1.0400833307944168e-06] and parameters: {'k1': 0.01889771394135163, 'D_low': 7.46475488144212, 'k2': 0.0005342937261279771, 'D_high': 629.7071076110509, 'fire_exp': 1.423480109671474, 'P_half': 712.8188058401365, 'pre_dampen_half': 0.03751320096826995, 'gpp_af': 0.27997858752477867, 'gpp_b': 0.01666658176842624, 'gpp_d': 21.14381609520636, 'ign_k': 5.351470428717439, 'ign_c': 29.690870944846793, 'trop_agb_crit': 1.331177446539379, 'trop_k_veg': 6.9782110227926815}.[0m
[32m[I 2026-07-18 18:55:33,734][0m Trial 954 finished with values: [-0.003200720858103536, 0.0004901266164972773] and parameters: {'k1': 0.007530210437963516, 'D_low': 6.004682478324446, 'k2': 0.0007047307383115598, 'D_high': 774.2116473996249, 'fire_exp': 1.450870712623418, 'P_half': 19.876655910112248, 'pre_dampen_half': 0.011501973785501987, 'gpp_af': 0.06899168538682038, 'gpp_b': 0.0005744663972188569, 'gpp_d': 2.944272359149678, 'ign_k': 0.07091190338709638, 'ign_c': 15.221840161091619, 'trop_agb_crit': 1.331177446539379, 'trop_k_veg': 1.0594599158279707}.[0m
[32m[I 2026-07-18 18:55:34,212][0m Trial 955 finished with values: [-0.00012939241750530567, 4.359999846270668e-06] and parameters: {'k1': 0.07799059237255677, 'D_low': 7.46475488144212, 'k2': 0.0005342937261279771, 'D_high': 8559.572793311803, 'fire_exp': 1.423480109671474, 'P_half': 712.8188058401365, 'pre_dampen_half': 0.03751320096826995, 'gpp_af': 0.27997858752477867, 'gpp_b': 0.01666658176842624, 'gpp_d': 660.9129108295722, 'ign_k': 5.351470428717439, 'ign_c': 29.690870944846793, 'trop_agb_crit': 1.6878075072665546, 'trop_k_veg': 6.9782110227926815}.[0m
[32m[I 2026-07-18 18:55:34,684][0m Trial 956 finished with values: [-0.0014436117806801557, 8.344895911849282e-05] and parameters: {'k1': 0.007530210437963516, 'D_low': 70.18267183720735, 'k2': 0.001362731161143793, 'D_high': 81.71825567718653, 'fire_exp': 1.6294642623991613, 'P_half': 9.324787201197319, 'pre_dampen_half': 0.0399066504395798, 'gpp_af': 0.01719951378854337, 'gpp_b': 0.0005623095666134974, 'gpp_d': 660.9129108295722, 'ign_k': 8.708806168038567, 'ign_c': 20.03995359361212, 'trop_agb_crit': 1.331177446539379, 'trop_k_veg': 3.49157152291552}.[0m
[32m[I 2026-07-18 18:55:35,156][0m Trial 957 finished with values: [-0.04139169715725184, 0.005297807659713549] and parameters: {'k1': 0.041833856821460395, 'D_low': 70.18267183720735, 'k2': 0.032845299795769396, 'D_high': 3712.591045287733, 'fire_exp': 1.450870712623418, 'P_half': 310.3604223881657, 'pre_dampen_half': 0.5682966065442919, 'gpp_af': 0.7539992074650282, 'gpp_b': 0.0005744663972188569, 'gpp_d': 21.14381609520636, 'ign_k': 0.07091190338709638, 'ign_c': 15.221840161091619, 'trop_agb_crit': 4.0899675251815735, 'trop_k_veg': 4.959351845635652}.[0m
[32m[I 2026-07-18 18:55:35,623][0m Trial 958 finished with values: [-0.6054864195311219, 0.02484159927155305] and parameters: {'k1': 0.03635503353478365, 'D_low': 70.18267183720735, 'k2': 0.012758211164590085, 'D_high': 2940.51756322311, 'fire_exp': 1.6733848721157607, 'P_half': 9.324787201197319, 'pre_dampen_half': 107.40052367919465, 'gpp_af': 0.01719951378854337, 'gpp_b': 0.0005752434266899163, 'gpp_d': 660.9129108295722, 'ign_k': 8.708806168038567, 'ign_c': 20.03995359361212, 'trop_agb_crit': 3.5747129226002423, 'trop_k_veg': 6.9782110227926815}.[0m
[32m[I 2026-07-18 18:55:36,082][0m Trial 959 finished with values: [-0.06660017008473117, 0.0038948780252144877] and parameters: {'k1': 0.041833856821460395, 'D_low': 6.96063331852638, 'k2': 0.032845299795769396, 'D_high': 3712.591045287733, 'fire_exp': 1.0629462657398439, 'P_half': 221.2683656611821, 'pre_dampen_half': 0.5682966065442919, 'gpp_af': 0.01719951378854337, 'gpp_b': 0.0021331409710300844, 'gpp_d': 21.14381609520636, 'ign_k': 1.0484531351650956, 'ign_c': 15.221840161091619, 'trop_agb_crit': 2.1861040860339416, 'trop_k_veg': 0.6743482387129308}.[0m
[32m[I 2026-07-18 18:55:36,542][0m Trial 960 finished with values: [-0.3484246125472067, 0.012985403112618865] and parameters: {'k1': 0.01889771394135163, 'D_low': 70.18267183720735, 'k2': 0.032845299795769396, 'D_high': 2940.51756322311, 'fire_exp': 5.415198497144036, 'P_half': 12.808863354047988, 'pre_dampen_half': 107.40052367919465, 'gpp_af': 0.1476584299248268, 'gpp_b': 0.0005752434266899163, 'gpp_d': 64.20268021730274, 'ign_k': 8.708806168038567, 'ign_c': 20.03995359361212, 'trop_agb_crit': 3.5747129226002423, 'trop_k_veg': 6.9782110227926815}.[0m
[32m[I 2026-07-18 18:55:37,005][0m Trial 961 finished with values: [-2.4594704970812265e-05, 5.398680687052071e-06] and parameters: {'k1': 0.041833856821460395, 'D_low': 7.299348683062307, 'k2': 0.001362731161143793, 'D_high': 1236.6924205139144, 'fire_exp': 8.456250107826923, 'P_half': 234.09994646132157, 'pre_dampen_half': 0.0399066504395798, 'gpp_af': 0.10409127568994281, 'gpp_b': 0.0005744663972188569, 'gpp_d': 660.9129108295722, 'ign_k': 5.351470428717439, 'ign_c': 20.03995359361212, 'trop_agb_crit': 1.0903028125370984, 'trop_k_veg': 4.4644194212034}.[0m
[32m[I 2026-07-18 18:55:37,492][0m Trial 962 finished with values: [-0.5981010890945373, 0.04063669236694334] and parameters: {'k1': 0.04541457206426161, 'D_low': 70.18267183720735, 'k2': 0.012758211164590085, 'D_high': 2940.51756322311, 'fire_exp': 1.6733848721157607, 'P_half': 12.808863354047988, 'pre_dampen_half': 107.40052367919465, 'gpp_af': 0.1476584299248268, 'gpp_b': 0.0005752434266899163, 'gpp_d': 660.9129108295722, 'ign_k': 1.0484531351650956, 'ign_c': 20.03995359361212, 'trop_agb_crit': 3.5747129226002423, 'trop_k_veg': 0.902411054575325}.[0m
[32m[I 2026-07-18 18:55:37,955][0m Trial 963 finished with values: [-2.0000000000000005e-60, 0.0] and parameters: {'k1': 0.01889771394135163, 'D_low': 1.864018654712297, 'k2': 0.0353875886477924, 'D_high': 2940.51756322311, 'fire_exp': 1.6733848721157607, 'P_half': 221.2683656611821, 'pre_dampen_half': 0.2888838362365318, 'gpp_af': 0.01719951378854337, 'gpp_b': 0.0005623095666134974, 'gpp_d': 21.14381609520636, 'ign_k': 0.6024590664672947, 'ign_c': 119.45919244900449, 'trop_agb_crit': 1.0903028125370984, 'trop_k_veg': 0.6743482387129308}.[0m
[32m[I 2026-07-18 18:55:38,464][0m Trial 964 finished with values: [-0.7135293730630184, 0.2400677405991819] and parameters: {'k1': 0.01889771394135163, 'D_low': 1.9977959434035766, 'k2': 0.026471946255259393, 'D_high': 3712.591045287733, 'fire_exp': 1.0629462657398439, 'P_half': 1.1069424888528068, 'pre_dampen_half': 502.5175192217655, 'gpp_af': 0.7539992074650282, 'gpp_b': 0.0021331409710300844, 'gpp_d': 150.14555442537656, 'ign_k': 5.351470428717439, 'ign_c': 15.221840161091619, 'trop_agb_crit': 1.331177446539379, 'trop_k_veg': 6.9782110227926815}.[0m
[32m[I 2026-07-18 18:55:38,974][0m Trial 965 finished with values: [-0.0003619130367525287, 2.081040416579416e-05] and parameters: {'k1': 0.01889771394135163, 'D_low': 70.18267183720735, 'k2': 0.026471946255259393, 'D_high': 1662.6592254031873, 'fire_exp': 1.6733848721157607, 'P_half': 221.2683656611821, 'pre_dampen_half': 0.2888838362365318, 'gpp_af': 0.001111693990724459, 'gpp_b': 0.003139959085072088, 'gpp_d': 229.41380323183625, 'ign_k': 0.48986208235548445, 'ign_c': 15.221840161091619, 'trop_agb_crit': 1.0903028125370984, 'trop_k_veg': 1.8991799462763763}.[0m
[32m[I 2026-07-18 18:55:39,476][0m Trial 966 finished with values: [-0.000871925453504046, 0.00010662741015876609] and parameters: {'k1': 1.193353489272344e-05, 'D_low': 1.7026376946063253, 'k2': 0.00010945934247086608, 'D_high': 3712.591045287733, 'fire_exp': 1.6733848721157607, 'P_half': 9.324787201197319, 'pre_dampen_half': 0.010585220389440335, 'gpp_af': 0.01719951378854337, 'gpp_b': 0.0005623095666134974, 'gpp_d': 431.6907311305208, 'ign_k': 8.60430310729303, 'ign_c': 20.03995359361212, 'trop_agb_crit': 2.818694656863287, 'trop_k_veg': 6.9782110227926815}.[0m
[32m[I 2026-07-18 18:55:40,143][0m Trial 967 finished with values: [-2.5340077481125118e-05, 3.320420615127162e-07] and parameters: {'k1': 0.007530210437963516, 'D_low': 7.299348683062307, 'k2': 0.001362731161143793, 'D_high': 8559.572793311803, 'fire_exp': 1.6733848721157607, 'P_half': 1099.4090116844661, 'pre_dampen_half': 0.0399066504395798, 'gpp_af': 0.004847842800403607, 'gpp_b': 0.0005744663972188569, 'gpp_d': 660.9129108295722, 'ign_k': 5.351470428717439, 'ign_c': 29.690870944846793, 'trop_agb_crit': 1.6878075072665546, 'trop_k_veg': 3.49157152291552}.[0m
[32m[I 2026-07-18 18:55:40,738][0m Trial 968 finished with values: [-1.297559249313633e-07, 8.778544990928339e-08] and parameters: {'k1': 0.0699458988153545, 'D_low': 33.04784314771566, 'k2': 0.0005342937261279771, 'D_high': 1384.332853353327, 'fire_exp': 6.234638880169447, 'P_half': 175.2878790340412, 'pre_dampen_half': 207.33291221114652, 'gpp_af': 0.39392081127942247, 'gpp_b': 0.006906522645653115, 'gpp_d': 757.2868182332339, 'ign_k': 2.396079612430075, 'ign_c': 30.28574109895626, 'trop_agb_crit': 1.331177446539379, 'trop_k_veg': 0.6743482387129308}.[0m
[32m[I 2026-07-18 18:55:41,256][0m Trial 969 finished with values: [-0.020187957736785955, 0.0024621957514692205] and parameters: {'k1': 0.01889771394135163, 'D_low': 7.46475488144212, 'k2': 0.0005342937261279771, 'D_high': 2940.51756322311, 'fire_exp': 1.450870712623418, 'P_half': 712.8188058401365, 'pre_dampen_half': 107.40052367919465, 'gpp_af': 0.1476584299248268, 'gpp_b': 0.01666658176842624, 'gpp_d': 0.11912676824222539, 'ign_k': 1.0484531351650956, 'ign_c': 20.03995359361212, 'trop_agb_crit': 2.1861040860339416, 'trop_k_veg': 0.902411054575325}.[0m
[32m[I 2026-07-18 18:55:41,772][0m Trial 970 finished with values: [-5.012388988730442e-08, 0.0] and parameters: {'k1': 0.041833856821460395, 'D_low': 7.299348683062307, 'k2': 0.032845299795769396, 'D_high': 1236.6924205139144, 'fire_exp': 8.456250107826923, 'P_half': 221.2683656611821, 'pre_dampen_half': 0.03751320096826995, 'gpp_af': 0.001111693990724459, 'gpp_b': 0.0005752434266899163, 'gpp_d': 8.057329182285729, 'ign_k': 8.708806168038567, 'ign_c': 29.690870944846793, 'trop_agb_crit': 2.2212365258224223, 'trop_k_veg': 4.4644194212034}.[0m
[32m[I 2026-07-18 18:55:42,255][0m Trial 971 finished with values: [-2.2532311321001604e-14, 0.0] and parameters: {'k1': 0.041833856821460395, 'D_low': 70.18267183720735, 'k2': 0.0007047307383115598, 'D_high': 1236.6924205139144, 'fire_exp': 8.456250107826923, 'P_half': 220.3445560633069, 'pre_dampen_half': 0.011497512044959184, 'gpp_af': 0.001111693990724459, 'gpp_b': 0.00431329787498825, 'gpp_d': 8.057329182285729, 'ign_k': 5.351470428717439, 'ign_c': 20.03995359361212, 'trop_agb_crit': 2.2212365258224223, 'trop_k_veg': 4.4644194212034}.[0m
[32m[I 2026-07-18 18:55:42,722][0m Trial 972 finished with values: [-0.0317707039984601, 0.0013838954348674992] and parameters: {'k1': 0.004312951023617458, 'D_low': 1.9977959434035766, 'k2': 0.0005342937261279771, 'D_high': 8559.572793311803, 'fire_exp': 1.0629462657398439, 'P_half': 712.8188058401365, 'pre_dampen_half': 502.5175192217655, 'gpp_af': 0.7539992074650282, 'gpp_b': 0.01666658176842624, 'gpp_d': 150.14555442537656, 'ign_k': 5.351470428717439, 'ign_c': 29.690870944846793, 'trop_agb_crit': 24.584290528289387, 'trop_k_veg': 0.6743482387129308}.[0m
[32m[I 2026-07-18 18:55:43,192][0m Trial 973 finished with values: [-0.004613590543625111, 5.505161418450921e-05] and parameters: {'k1': 0.07799059237255677, 'D_low': 7.46475488144212, 'k2': 0.032845299795769396, 'D_high': 3712.591045287733, 'fire_exp': 3.231633698316772, 'P_half': 64.13139914374976, 'pre_dampen_half': 0.03751320096826995, 'gpp_af': 0.1476584299248268, 'gpp_b': 0.01666658176842624, 'gpp_d': 660.9129108295722, 'ign_k': 1.0484531351650956, 'ign_c': 20.03995359361212, 'trop_agb_crit': 1.7708319837489073, 'trop_k_veg': 0.902411054575325}.[0m
[32m[I 2026-07-18 18:55:43,657][0m Trial 974 finished with values: [-0.0005194056219626832, 5.811695060942146e-05] and parameters: {'k1': 0.007530210437963516, 'D_low': 7.299348683062307, 'k2': 0.001362731161143793, 'D_high': 8559.572793311803, 'fire_exp': 1.6733848721157607, 'P_half': 234.09994646132157, 'pre_dampen_half': 0.0399066504395798, 'gpp_af': 0.001111693990724459, 'gpp_b': 0.0005744663972188569, 'gpp_d': 21.14381609520636, 'ign_k': 0.009221590450151883, 'ign_c': 29.690870944846793, 'trop_agb_crit': 1.6878075072665546, 'trop_k_veg': 2.587938629755798}.[0m
[32m[I 2026-07-18 18:55:44,125][0m Trial 975 finished with values: [-8.048966438763525e-05, 5.242874872579684e-06] and parameters: {'k1': 0.007530210437963516, 'D_low': 70.18267183720735, 'k2': 0.00035868164986275477, 'D_high': 45914.85216740541, 'fire_exp': 5.311995034756393, 'P_half': 712.8188058401365, 'pre_dampen_half': 0.03751320096826995, 'gpp_af': 0.008075914984851893, 'gpp_b': 0.0005752434266899163, 'gpp_d': 0.23073846740741236, 'ign_k': 8.708806168038567, 'ign_c': 5.130551760589832, 'trop_agb_crit': 1.331177446539379, 'trop_k_veg': 6.9782110227926815}.[0m
[32m[I 2026-07-18 18:55:44,598][0m Trial 976 finished with values: [-0.018840681848203818, 0.0023537428739432986] and parameters: {'k1': 0.011966626407443505, 'D_low': 4.484744524732794, 'k2': 0.032845299795769396, 'D_high': 2940.51756322311, 'fire_exp': 2.61565689708108, 'P_half': 221.2683656611821, 'pre_dampen_half': 0.010585220389440335, 'gpp_af': 0.7539992074650282, 'gpp_b': 0.0005752434266899163, 'gpp_d': 21.14381609520636, 'ign_k': 5.351470428717439, 'ign_c': 5.130551760589832, 'trop_agb_crit': 1.331177446539379, 'trop_k_veg': 0.6743482387129308}.[0m
[32m[I 2026-07-18 18:55:45,067][0m Trial 977 finished with values: [-0.007367551621752851, 0.00022534989119193938] and parameters: {'k1': 0.07799059237255677, 'D_low': 70.18267183720735, 'k2': 0.0012040762895973265, 'D_high': 8559.572793311803, 'fire_exp': 1.423480109671474, 'P_half': 221.2683656611821, 'pre_dampen_half': 0.010585220389440335, 'gpp_af': 0.7539992074650282, 'gpp_b': 0.34011244465350415, 'gpp_d': 21.14381609520636, 'ign_k': 5.351470428717439, 'ign_c': 5.130551760589832, 'trop_agb_crit': 1.6878075072665546, 'trop_k_veg': 2.587938629755798}.[0m
[32m[I 2026-07-18 18:55:45,536][0m Trial 978 finished with values: [-0.0012373239851871244, 0.000668325492849009] and parameters: {'k1': 0.07799059237255677, 'D_low': 7.46475488144212, 'k2': 0.0005342937261279771, 'D_high': 8559.572793311803, 'fire_exp': 1.423480109671474, 'P_half': 712.8188058401365, 'pre_dampen_half': 0.03751320096826995, 'gpp_af': 75.74758210832036, 'gpp_b': 0.01666658176842624, 'gpp_d': 660.9129108295722, 'ign_k': 5.351470428717439, 'ign_c': 29.690870944846793, 'trop_agb_crit': 1.6878075072665546, 'trop_k_veg': 6.9782110227926815}.[0m
[32m[I 2026-07-18 18:55:46,008][0m Trial 979 finished with values: [-0.10441719218877828, 0.014085833155533023] and parameters: {'k1': 0.01889771394135163, 'D_low': 70.18267183720735, 'k2': 0.032845299795769396, 'D_high': 2940.51756322311, 'fire_exp': 1.6733848721157607, 'P_half': 9.324787201197319, 'pre_dampen_half': 0.2888838362365318, 'gpp_af': 10.178541681137109, 'gpp_b': 0.0005752434266899163, 'gpp_d': 64.20268021730274, 'ign_k': 6.891386015952695, 'ign_c': 20.03995359361212, 'trop_agb_crit': 7.599113148200974, 'trop_k_veg': 6.9782110227926815}.[0m
[32m[I 2026-07-18 18:55:46,477][0m Trial 980 finished with values: [-0.07988217404510933, 0.007149610527859007] and parameters: {'k1': 0.01889771394135163, 'D_low': 70.18267183720735, 'k2': 0.0008941619307827924, 'D_high': 81.71825567718653, 'fire_exp': 1.5036604936020428, 'P_half': 9.324787201197319, 'pre_dampen_half': 107.40052367919465, 'gpp_af': 0.01719951378854337, 'gpp_b': 0.0005752434266899163, 'gpp_d': 8.057329182285729, 'ign_k': 0.6024590664672947, 'ign_c': 20.03995359361212, 'trop_agb_crit': 1.331177446539379, 'trop_k_veg': 2.587938629755798}.[0m
[32m[I 2026-07-18 18:55:46,949][0m Trial 981 finished with values: [-3.3691585104102524e-05, 8.316935055097119e-07] and parameters: {'k1': 0.0699458988153545, 'D_low': 7.299348683062307, 'k2': 0.0005342937261279771, 'D_high': 29812.370697208808, 'fire_exp': 2.907328086166187, 'P_half': 323.6099399575106, 'pre_dampen_half': 0.1875872314533727, 'gpp_af': 0.2901272149738624, 'gpp_b': 0.006906522645653115, 'gpp_d': 757.2868182332339, 'ign_k': 2.396079612430075, 'ign_c': 30.28574109895626, 'trop_agb_crit': 1.331177446539379, 'trop_k_veg': 0.6743482387129308}.[0m
[32m[I 2026-07-18 18:55:47,420][0m Trial 982 finished with values: [-8.044187328698951e-06, 4.925583385606558e-08] and parameters: {'k1': 0.007530210437963516, 'D_low': 2.7475448770725444, 'k2': 0.0015553851774742168, 'D_high': 8559.572793311803, 'fire_exp': 1.6733848721157607, 'P_half': 712.8188058401365, 'pre_dampen_half': 0.0399066504395798, 'gpp_af': 0.001111693990724459, 'gpp_b': 0.0005744663972188569, 'gpp_d': 1.8701940579227916, 'ign_k': 5.351470428717439, 'ign_c': 29.690870944846793, 'trop_agb_crit': 1.6878075072665546, 'trop_k_veg': 2.587938629755798}.[0m
[32m[I 2026-07-18 18:55:47,892][0m Trial 983 finished with values: [-4.306151796964529e-07, 1.8036243180197253e-05] and parameters: {'k1': 0.07799059237255677, 'D_low': 2384.670235012677, 'k2': 0.0005342937261279771, 'D_high': 8559.572793311803, 'fire_exp': 1.423480109671474, 'P_half': 712.8188058401365, 'pre_dampen_half': 107.40052367919465, 'gpp_af': 0.001111693990724459, 'gpp_b': 0.01666658176842624, 'gpp_d': 64.20268021730274, 'ign_k': 0.002467915713171985, 'ign_c': 20.03995359361212, 'trop_agb_crit': 1.6878075072665546, 'trop_k_veg': 6.9782110227926815}.[0m
[32m[I 2026-07-18 18:55:48,400][0m Trial 984 finished with values: [-0.001613833633888308, 0.001190916703598166] and parameters: {'k1': 0.04541457206426161, 'D_low': 1.9977959434035766, 'k2': 0.012758211164590085, 'D_high': 2940.51756322311, 'fire_exp': 6.234638880169447, 'P_half': 712.8188058401365, 'pre_dampen_half': 107.40052367919465, 'gpp_af': 0.2901272149738624, 'gpp_b': 0.00012379625135997558, 'gpp_d': 25.444227489578886, 'ign_k': 2.396079612430075, 'ign_c': 0.5342106255632174, 'trop_agb_crit': 2.1861040860339416, 'trop_k_veg': 0.902411054575325}.[0m
[32m[I 2026-07-18 18:55:48,892][0m Trial 985 finished with values: [-0.5327867290523797, 0.02684553388986277] and parameters: {'k1': 0.004312951023617458, 'D_low': 1.9977959434035766, 'k2': 0.026471946255259393, 'D_high': 3712.591045287733, 'fire_exp': 1.6733848721157607, 'P_half': 9.324787201197319, 'pre_dampen_half': 107.40052367919465, 'gpp_af': 0.01719951378854337, 'gpp_b': 0.0005752434266899163, 'gpp_d': 660.9129108295722, 'ign_k': 8.708806168038567, 'ign_c': 20.03995359361212, 'trop_agb_crit': 3.5747129226002423, 'trop_k_veg': 1.9358464828856794}.[0m
[32m[I 2026-07-18 18:55:49,368][0m Trial 986 finished with values: [-0.5247814453002512, 0.1796827116137648] and parameters: {'k1': 0.01889771394135163, 'D_low': 70.18267183720735, 'k2': 0.032845299795769396, 'D_high': 2940.51756322311, 'fire_exp': 1.6733848721157607, 'P_half': 9.324787201197319, 'pre_dampen_half': 107.40052367919465, 'gpp_af': 0.27997858752477867, 'gpp_b': 0.01666658176842624, 'gpp_d': 64.20268021730274, 'ign_k': 5.595401979134829, 'ign_c': 5.130551760589832, 'trop_agb_crit': 2.818694656863287, 'trop_k_veg': 0.7579605458363415}.[0m
[32m[I 2026-07-18 18:55:49,833][0m Trial 987 finished with values: [-0.11190892956066152, 0.026808171418324034] and parameters: {'k1': 0.007530210437963516, 'D_low': 19.89315688058566, 'k2': 0.008900784976354454, 'D_high': 45914.85216740541, 'fire_exp': 1.450870712623418, 'P_half': 221.2683656611821, 'pre_dampen_half': 2.399333660651234, 'gpp_af': 0.07576025464197741, 'gpp_b': 0.0005752434266899163, 'gpp_d': 431.6907311305208, 'ign_k': 8.60430310729303, 'ign_c': 5.130551760589832, 'trop_agb_crit': 1.331177446539379, 'trop_k_veg': 0.6743482387129308}.[0m
