[32m[I 2026-07-18 18:55:13,517][0m Trial 912 finished with values: [-0.0040524479495158625, 0.0003466682731109172] and parameters: {'k1': 5.004428734228139e-05, 'D_low': 1.9977959434035766, 'k2': 0.0353875886477924, 'D_high': 1662.6592254031873, 'fire_exp': 1.6733848721157607, 'P_half': 221.2683656611821, 'pre_dampen_half': 0.2888838362365318, 'gpp_af': 0.27997858752477867, 'gpp_b': 0.010360875587906944, 'gpp_d': 660.9129108295722, 'ign_k': 5.595401979134829, 'ign_c': 0.5342106255632174, 'trop_agb_crit': 1.0903028125370984, 'trop_k_veg': 0.902411054575325}.[0m
[32m[I 2026-07-18 18:55:14,000][0m Trial 913 finished with values: [-4.44186997828721e-06, 5.266474472187532e-06] and parameters: {'k1': 0.00039323495083117737, 'D_low': 1.9977959434035766, 'k2': 0.0005342937261279771, 'D_high': 3712.591045287733, 'fire_exp': 6.234638880169447, 'P_half': 3.850312405984757, 'pre_dampen_half': 0.08049089337224259, 'gpp_af': 0.2901272149738624, 'gpp_b': 0.0021331409710300844, 'gpp_d': 21.14381609520636, 'ign_k': 0.48986208235548445, 'ign_c': 15.221840161091619, 'trop_agb_crit': 24.584290528289387, 'trop_k_veg': 0.902411054575325}.[0m
[32m[I 2026-07-18 18:55:14,484][0m Trial 914 finished with values: [-0.5826795342428296, 0.24196496849826987] and parameters: {'k1': 0.01889771394135163, 'D_low': 70.18267183720735, 'k2': 0.032845299795769396, 'D_high': 2940.51756322311, 'fire_exp': 1.450870712623418, 'P_half': 12.808863354047988, 'pre_dampen_half': 107.40052367919465, 'gpp_af': 0.1476584299248268, 'gpp_b': 0.00431329787498825, 'gpp_d': 21.14381609520636, 'ign_k': 1.0484531351650956, 'ign_c': 1.6051347487097574, 'trop_agb_crit': 2.1861040860339416, 'trop_k_veg': 0.902411054575325}.[0m
[32m[I 2026-07-18 18:55:14,961][0m Trial 915 finished with values: [-4.829550902603743e-10, 0.0] and parameters: {'k1': 0.0699458988153545, 'D_low': 1.3577269394141454, 'k2': 0.0002952145029390025, 'D_high': 18.736533225205818, 'fire_exp': 6.234638880169447, 'P_half': 221.2683656611821, 'pre_dampen_half': 0.010585220389440335, 'gpp_af': 0.27997858752477867, 'gpp_b': 0.006906522645653115, 'gpp_d': 660.9129108295722, 'ign_k': 5.595401979134829, 'ign_c': 30.28574109895626, 'trop_agb_crit': 1.331177446539379, 'trop_k_veg': 6.9782110227926815}.[0m
[32m[I 2026-07-18 18:55:15,432][0m Trial 916 finished with values: [-0.0038433851618592395, 9.914967190272073e-05] and parameters: {'k1': 0.03635503353478365, 'D_low': 70.18267183720735, 'k2': 0.012758211164590085, 'D_high': 2940.51756322311, 'fire_exp': 2.667972213959779, 'P_half': 525.911865925123, 'pre_dampen_half': 0.1875872314533727, 'gpp_af': 0.0022961065892443786, 'gpp_b': 0.0005752434266899163, 'gpp_d': 660.9129108295722, 'ign_k': 8.708806168038567, 'ign_c': 5.130551760589832, 'trop_agb_crit': 1.0903028125370984, 'trop_k_veg': 6.9782110227926815}.[0m
[32m[I 2026-07-18 18:55:15,907][0m Trial 917 finished with values: [-0.002951455081410116, 0.0002568768444710656] and parameters: {'k1': 0.04541457206426161, 'D_low': 70.18267183720735, 'k2': 0.0012040762895973265, 'D_high': 2940.51756322311, 'fire_exp': 5.311995034756393, 'P_half': 221.2683656611821, 'pre_dampen_half': 0.010585220389440335, 'gpp_af': 0.10409127568994281, 'gpp_b': 0.00014950919877749144, 'gpp_d': 660.9129108295722, 'ign_k': 5.351470428717439, 'ign_c': 3.5828811741825057, 'trop_agb_crit': 1.0917603465078451, 'trop_k_veg': 0.902411054575325}.[0m
[32m[I 2026-07-18 18:55:16,384][0m Trial 918 finished with values: [-0.4283528526980424, 0.18698244300646416] and parameters: {'k1': 0.007530210437963516, 'D_low': 1.3577269394141454, 'k2': 0.00035868164986275477, 'D_high': 45914.85216740541, 'fire_exp': 1.423480109671474, 'P_half': 12.808863354047988, 'pre_dampen_half': 107.40052367919465, 'gpp_af': 0.001111693990724459, 'gpp_b': 0.0005744663972188569, 'gpp_d': 64.20268021730274, 'ign_k': 5.595401979134829, 'ign_c': 5.130551760589832, 'trop_agb_crit': 1.0903028125370984, 'trop_k_veg': 3.49157152291552}.[0m
[32m[I 2026-07-18 18:55:16,863][0m Trial 919 finished with values: [-0.26792718972633184, 0.09165503861578628] and parameters: {'k1': 0.004312951023617458, 'D_low': 1.9977959434035766, 'k2': 0.0005342937261279771, 'D_high': 34.726831246383334, 'fire_exp': 1.0629462657398439, 'P_half': 712.8188058401365, 'pre_dampen_half': 502.5175192217655, 'gpp_af': 0.2901272149738624, 'gpp_b': 0.0021331409710300844, 'gpp_d': 757.2868182332339, 'ign_k': 3.5891558714508416, 'ign_c': 15.221840161091619, 'trop_agb_crit': 24.584290528289387, 'trop_k_veg': 0.6743482387129308}.[0m
[32m[I 2026-07-18 18:55:17,338][0m Trial 920 finished with values: [-0.01968765748143357, 0.00059602545390669] and parameters: {'k1': 0.04541457206426161, 'D_low': 1.864018654712297, 'k2': 0.0353875886477924, 'D_high': 2940.51756322311, 'fire_exp': 1.6733848721157607, 'P_half': 712.8188058401365, 'pre_dampen_half': 0.2888838362365318, 'gpp_af': 0.01719951378854337, 'gpp_b': 0.0005623095666134974, 'gpp_d': 21.14381609520636, 'ign_k': 1.0484531351650956, 'ign_c': 5.130551760589832, 'trop_agb_crit': 1.0903028125370984, 'trop_k_veg': 7.222310503533637}.[0m
[32m[I 2026-07-18 18:55:17,815][0m Trial 921 finished with values: [-0.0002657878959442007, 5.2377134307501905e-06] and parameters: {'k1': 0.041833856821460395, 'D_low': 7.299348683062307, 'k2': 0.032845299795769396, 'D_high': 1236.6924205139144, 'fire_exp': 8.456250107826923, 'P_half': 220.3445560633069, 'pre_dampen_half': 241.6951931920675, 'gpp_af': 0.10409127568994281, 'gpp_b': 0.00431329787498825, 'gpp_d': 8.057329182285729, 'ign_k': 5.351470428717439, 'ign_c': 29.690870944846793, 'trop_agb_crit': 2.2212365258224223, 'trop_k_veg': 4.4644194212034}.[0m
[32m[I 2026-07-18 18:55:18,284][0m Trial 922 finished with values: [-0.14150824738105297, 0.036155342725715856] and parameters: {'k1': 0.01889771394135163, 'D_low': 70.18267183720735, 'k2': 0.0012040762895973265, 'D_high': 2940.51756322311, 'fire_exp': 1.423480109671474, 'P_half': 157.8040494580295, 'pre_dampen_half': 241.6951931920675, 'gpp_af': 67.47001485365806, 'gpp_b': 0.0005623095666134974, 'gpp_d': 1.4537488749923646, 'ign_k': 0.6024590664672947, 'ign_c': 20.03995359361212, 'trop_agb_crit': 1.331177446539379, 'trop_k_veg': 2.587938629755798}.[0m
[32m[I 2026-07-18 18:55:18,766][0m Trial 923 finished with values: [-0.006958164243677675, 0.029246874906086906] and parameters: {'k1': 0.004312951023617458, 'D_low': 1.3577269394141454, 'k2': 0.026471946255259393, 'D_high': 176.7113856526437, 'fire_exp': 2.61565689708108, 'P_half': 712.8188058401365, 'pre_dampen_half': 502.5175192217655, 'gpp_af': 0.7539992074650282, 'gpp_b': 0.00796661592919428, 'gpp_d': 395.3300852215303, 'ign_k': 5.351470428717439, 'ign_c': 5.130551760589832, 'trop_agb_crit': 24.584290528289387, 'trop_k_veg': 0.6743482387129308}.[0m
[32m[I 2026-07-18 18:55:19,244][0m Trial 924 finished with values: [-0.6914815766090716, 0.03795102891730984] and parameters: {'k1': 0.041833856821460395, 'D_low': 70.18267183720735, 'k2': 0.012758211164590085, 'D_high': 2940.51756322311, 'fire_exp': 1.423480109671474, 'P_half': 12.808863354047988, 'pre_dampen_half': 107.40052367919465, 'gpp_af': 0.001111693990724459, 'gpp_b': 1.598364670380439e-05, 'gpp_d': 0.23073846740741236, 'ign_k': 8.708806168038567, 'ign_c': 20.03995359361212, 'trop_agb_crit': 12.71480504859747, 'trop_k_veg': 6.9782110227926815}.[0m
[32m[I 2026-07-18 18:55:19,725][0m Trial 925 finished with values: [-0.0010742459898861183, 0.000365669918043543] and parameters: {'k1': 0.001058199254803914, 'D_low': 70.18267183720735, 'k2': 0.0005728576993995054, 'D_high': 146.1896279370497, 'fire_exp': 1.0629462657398439, 'P_half': 712.8188058401365, 'pre_dampen_half': 0.2888838362365318, 'gpp_af': 0.10409127568994281, 'gpp_b': 0.0021331409710300844, 'gpp_d': 0.033753858178304195, 'ign_k': 3.5891558714508416, 'ign_c': 15.221840161091619, 'trop_agb_crit': 24.584290528289387, 'trop_k_veg': 0.6743482387129308}.[0m
[32m[I 2026-07-18 18:55:20,206][0m Trial 926 finished with values: [-0.4941150733924619, 0.20336756659815547] and parameters: {'k1': 0.01889771394135163, 'D_low': 70.18267183720735, 'k2': 0.00035868164986275477, 'D_high': 3658.518527736812, 'fire_exp': 1.450870712623418, 'P_half': 97.0660675687761, 'pre_dampen_half': 107.40052367919465, 'gpp_af': 0.1476584299248268, 'gpp_b': 0.0005623095666134974, 'gpp_d': 64.20268021730274, 'ign_k': 8.708806168038567, 'ign_c': 0.7313962512403624, 'trop_agb_crit': 7.599113148200974, 'trop_k_veg': 6.9782110227926815}.[0m
[32m[I 2026-07-18 18:55:20,681][0m Trial 927 finished with values: [-0.00036699092202400823, 0.0002050411876328706] and parameters: {'k1': 0.041833856821460395, 'D_low': 70.18267183720735, 'k2': 0.0005342937261279771, 'D_high': 3008.5124952869983, 'fire_exp': 6.234638880169447, 'P_half': 175.2878790340412, 'pre_dampen_half': 0.5682966065442919, 'gpp_af': 0.2901272149738624, 'gpp_b': 0.0001605469768042801, 'gpp_d': 25.444227489578886, 'ign_k': 0.48986208235548445, 'ign_c': 0.5342106255632174, 'trop_agb_crit': 1.331177446539379, 'trop_k_veg': 0.6743482387129308}.[0m
[32m[I 2026-07-18 18:55:21,161][0m Trial 928 finished with values: [-0.010341239926288433, 0.0005950196534011409] and parameters: {'k1': 0.01889771394135163, 'D_low': 1.864018654712297, 'k2': 0.026471946255259393, 'D_high': 3712.591045287733, 'fire_exp': 1.423480109671474, 'P_half': 221.2683656611821, 'pre_dampen_half': 0.2888838362365318, 'gpp_af': 0.001111693990724459, 'gpp_b': 0.0005623095666134974, 'gpp_d': 229.41380323183625, 'ign_k': 0.48986208235548445, 'ign_c': 5.130551760589832, 'trop_agb_crit': 1.0903028125370984, 'trop_k_veg': 0.6743482387129308}.[0m
[32m[I 2026-07-18 18:55:21,639][0m Trial 929 finished with values: [-0.004206450500182012, 0.00013965201828558538] and parameters: {'k1': 0.01889771394135163, 'D_low': 398.8451998135321, 'k2': 0.032845299795769396, 'D_high': 8182.111518618414, 'fire_exp': 6.234638880169447, 'P_half': 9.324787201197319, 'pre_dampen_half': 0.08049089337224259, 'gpp_af': 0.2901272149738624, 'gpp_b': 0.006906522645653115, 'gpp_d': 64.20268021730274, 'ign_k': 2.396079612430075, 'ign_c': 20.03995359361212, 'trop_agb_crit': 2.818694656863287, 'trop_k_veg': 6.9782110227926815}.[0m
[32m[I 2026-07-18 18:55:22,114][0m Trial 930 finished with values: [-0.538415172715046, 0.0365354881727088] and parameters: {'k1': 0.01889771394135163, 'D_low': 1.9977959434035766, 'k2': 0.032845299795769396, 'D_high': 2940.51756322311, 'fire_exp': 1.450870712623418, 'P_half': 12.808863354047988, 'pre_dampen_half': 107.40052367919465, 'gpp_af': 0.1476584299248268, 'gpp_b': 0.006906522645653115, 'gpp_d': 660.9129108295722, 'ign_k': 1.0484531351650956, 'ign_c': 20.03995359361212, 'trop_agb_crit': 2.1861040860339416, 'trop_k_veg': 0.7621249294873298}.[0m
[32m[I 2026-07-18 18:55:22,585][0m Trial 931 finished with values: [-0.006206303263703995, 0.0003439396786978355] and parameters: {'k1': 1.759537424265476e-05, 'D_low': 70.18267183720735, 'k2': 0.004013372552381595, 'D_high': 3712.591045287733, 'fire_exp': 1.5036604936020428, 'P_half': 9.324787201197319, 'pre_dampen_half': 502.5175192217655, 'gpp_af': 0.10409127568994281, 'gpp_b': 0.0021331409710300844, 'gpp_d': 660.9129108295722, 'ign_k': 8.708806168038567, 'ign_c': 30.28574109895626, 'trop_agb_crit': 7.599113148200974, 'trop_k_veg': 6.9782110227926815}.[0m
[32m[I 2026-07-18 18:55:23,061][0m Trial 932 finished with values: [-0.05020215664758186, 0.003916681536790145] and parameters: {'k1': 0.01889771394135163, 'D_low': 4.484744524732794, 'k2': 0.032845299795769396, 'D_high': 2940.51756322311, 'fire_exp': 1.5036604936020428, 'P_half': 1.895375973243287, 'pre_dampen_half': 80.13235942571127, 'gpp_af': 0.3938210761039573, 'gpp_b': 0.0005752434266899163, 'gpp_d': 660.9129108295722, 'ign_k': 8.708806168038567, 'ign_c': 30.28574109895626, 'trop_agb_crit': 1.331177446539379, 'trop_k_veg': 3.1473758868965485}.[0m
[32m[I 2026-07-18 18:55:23,540][0m Trial 933 finished with values: [-7.946666146954668e-06, 4.857525603974011e-08] and parameters: {'k1': 0.007530210437963516, 'D_low': 70.18267183720735, 'k2': 0.0012040762895973265, 'D_high': 8559.572793311803, 'fire_exp': 1.6733848721157607, 'P_half': 712.8188058401365, 'pre_dampen_half': 0.0399066504395798, 'gpp_af': 0.001111693990724459, 'gpp_b': 0.0005744663972188569, 'gpp_d': 21.14381609520636, 'ign_k': 5.351470428717439, 'ign_c': 29.690870944846793, 'trop_agb_crit': 1.6878075072665546, 'trop_k_veg': 2.587938629755798}.[0m
[32m[I 2026-07-18 18:55:24,022][0m Trial 934 finished with values: [-0.0868772035701251, 0.009116562686130592] and parameters: {'k1': 0.01889771394135163, 'D_low': 70.18267183720735, 'k2': 0.0007047307383115598, 'D_high': 7321.544340709298, 'fire_exp': 1.423480109671474, 'P_half': 712.8188058401365, 'pre_dampen_half': 3.3841016089580047, 'gpp_af': 0.001111693990724459, 'gpp_b': 1.598364670380439e-05, 'gpp_d': 0.23073846740741236, 'ign_k': 5.351470428717439, 'ign_c': 6.905604395130301, 'trop_agb_crit': 1.331177446539379, 'trop_k_veg': 6.9782110227926815}.[0m
[32m[I 2026-07-18 18:55:24,491][0m Trial 935 finished with values: [-0.026127597736814844, 0.034752986572437417] and parameters: {'k1': 0.007530210437963516, 'D_low': 70.18267183720735, 'k2': 0.00035868164986275477, 'D_high': 7321.544340709298, 'fire_exp': 1.6733848721157607, 'P_half': 712.8188058401365, 'pre_dampen_half': 107.40052367919465, 'gpp_af': 0.001111693990724459, 'gpp_b': 1.598364670380439e-05, 'gpp_d': 64.20268021730274, 'ign_k': 0.0017086581483996583, 'ign_c': 5.130551760589832, 'trop_agb_crit': 1.331177446539379, 'trop_k_veg': 3.49157152291552}.[0m
[32m[I 2026-07-18 18:55:24,964][0m Trial 936 finished with values: [-0.0007352667918327978, 0.0001705638253644004] and parameters: {'k1': 0.07799059237255677, 'D_low': 70.18267183720735, 'k2': 0.032845299795769396, 'D_high': 3712.591045287733, 'fire_exp': 1.165368636520435, 'P_half': 64.13139914374976, 'pre_dampen_half': 0.9166964238460101, 'gpp_af': 0.00515795696727661, 'gpp_b': 0.00431329787498825, 'gpp_d': 574.194366311956, 'ign_k': 0.36014695835220356, 'ign_c': 30.28574109895626, 'trop_agb_crit': 29.480726565384675, 'trop_k_veg': 4.4644194212034}.[0m
[32m[I 2026-07-18 18:55:25,438][0m Trial 937 finished with values: [-0.03332165691728053, 0.0009715732551799361] and parameters: {'k1': 0.041833856821460395, 'D_low': 1.7026376946063253, 'k2': 0.006027551301719578, 'D_high': 3712.591045287733, 'fire_exp': 1.450870712623418, 'P_half': 9.324787201197319, 'pre_dampen_half': 0.010585220389440335, 'gpp_af': 0.01719951378854337, 'gpp_b': 0.0005623095666134974, 'gpp_d': 431.6907311305208, 'ign_k': 8.60430310729303, 'ign_c': 15.221840161091619, 'trop_agb_crit': 24.584290528289387, 'trop_k_veg': 0.6743482387129308}.[0m
[32m[I 2026-07-18 18:55:25,913][0m Trial 938 finished with values: [-2.498831798061057e-13, 0.0] and parameters: {'k1': 0.01889771394135163, 'D_low': 70.18267183720735, 'k2': 0.0012040762895973265, 'D_high': 146.1896279370497, 'fire_exp': 2.561257322703973, 'P_half': 221.2683656611821, 'pre_dampen_half': 0.010585220389440335, 'gpp_af': 0.10409127568994281, 'gpp_b': 0.42247700890263673, 'gpp_d': 64.20268021730274, 'ign_k': 5.351470428717439, 'ign_c': 30.28574109895626, 'trop_agb_crit': 1.6079844205915728, 'trop_k_veg': 0.902411054575325}.[0m
[32m[I 2026-07-18 18:55:26,392][0m Trial 939 finished with values: [-0.0004016681747895832, 2.6099053889838686e-05] and parameters: {'k1': 0.01889771394135163, 'D_low': 70.18267183720735, 'k2': 0.032845299795769396, 'D_high': 2940.51756322311, 'fire_exp': 1.450870712623418, 'P_half': 3554.812765190894, 'pre_dampen_half': 0.1570003140297517, 'gpp_af': 0.001111693990724459, 'gpp_b': 0.0005752434266899163, 'gpp_d': 64.20268021730274, 'ign_k': 5.351470428717439, 'ign_c': 20.03995359361212, 'trop_agb_crit': 1.331177446539379, 'trop_k_veg': 6.9782110227926815}.[0m
[32m[I 2026-07-18 18:55:26,887][0m Trial 940 finished with values: [-0.034511733150804094, 0.0012769166417044842] and parameters: {'k1': 0.0699458988153545, 'D_low': 4.484744524732794, 'k2': 0.032845299795769396, 'D_high': 29812.370697208808, 'fire_exp': 2.907328086166187, 'P_half': 1.895375973243287, 'pre_dampen_half': 0.2888838362365318, 'gpp_af': 0.3938210761039573, 'gpp_b': 0.006906522645653115, 'gpp_d': 757.2868182332339, 'ign_k': 0.6024590664672947, 'ign_c': 20.03995359361212, 'trop_agb_crit': 1.331177446539379, 'trop_k_veg': 3.49157152291552}.[0m
[32m[I 2026-07-18 18:55:27,364][0m Trial 941 finished with values: [-1.7756973717951532e-05, 0.0004101102075646512] and parameters: {'k1': 0.041833856821460395, 'D_low': 6.96063331852638, 'k2': 0.032845299795769396, 'D_high': 37.067856642656594, 'fire_exp': 1.450870712623418, 'P_half': 220.3445560633069, 'pre_dampen_half': 0.5682966065442919, 'gpp_af': 0.06002934191396867, 'gpp_b': 5.349456206882108e-05, 'gpp_d': 21.14381609520636, 'ign_k': 0.48986208235548445, 'ign_c': 1.6051347487097574, 'trop_agb_crit': 12.71480504859747, 'trop_k_veg': 0.6743482387129308}.[0m
[32m[I 2026-07-18 18:55:27,845][0m Trial 942 finished with values: [-0.3128268437910755, 0.020474133849635368] and parameters: {'k1': 0.04541457206426161, 'D_low': 6.96063331852638, 'k2': 0.032845299795769396, 'D_high': 3712.591045287733, 'fire_exp': 1.6733848721157607, 'P_half': 310.3604223881657, 'pre_dampen_half': 107.40052367919465, 'gpp_af': 0.01719951378854337, 'gpp_b': 0.0005752434266899163, 'gpp_d': 660.9129108295722, 'ign_k': 1.0484531351650956, 'ign_c': 20.03995359361212, 'trop_agb_crit': 2.1861040860339416, 'trop_k_veg': 0.6743482387129308}.[0m
[32m[I 2026-07-18 18:55:28,326][0m Trial 943 finished with values: [-0.0002849375350276243, 2.892704163781623e-05] and parameters: {'k1': 0.03635503353478365, 'D_low': 70.18267183720735, 'k2': 0.012758211164590085, 'D_high': 15351.441568398131, 'fire_exp': 1.5036604936020428, 'P_half': 712.8188058401365, 'pre_dampen_half': 0.2888838362365318, 'gpp_af': 0.03283792736024846, 'gpp_b': 0.0005623095666134974, 'gpp_d': 0.03200582711952312, 'ign_k': 8.708806168038567, 'ign_c': 30.28574109895626, 'trop_agb_crit': 24.584290528289387, 'trop_k_veg': 0.6743482387129308}.[0m
[32m[I 2026-07-18 18:55:28,808][0m Trial 944 finished with values: [-0.5917534529528361, 0.0560969247041091] and parameters: {'k1': 0.00587009820297804, 'D_low': 70.18267183720735, 'k2': 0.00035868164986275477, 'D_high': 45914.85216740541, 'fire_exp': 1.6733848721157607, 'P_half': 12.808863354047988, 'pre_dampen_half': 107.40052367919465, 'gpp_af': 0.01719951378854337, 'gpp_b': 0.0005623095666134974, 'gpp_d': 64.20268021730274, 'ign_k': 5.351470428717439, 'ign_c': 20.03995359361212, 'trop_agb_crit': 7.599113148200974, 'trop_k_veg': 3.49157152291552}.[0m
[32m[I 2026-07-18 18:55:29,276][0m Trial 945 finished with values: [-2.0110100306780491e-07, 1.899306862829242e-05] and parameters: {'k1': 0.01889771394135163, 'D_low': 70.18267183720735, 'k2': 0.032845299795769396, 'D_high': 17.74872630983488, 'fire_exp': 1.450870712623418, 'P_half': 221.2683656611821, 'pre_dampen_half': 0.2888838362365318, 'gpp_af': 0.01719951378854337, 'gpp_b': 0.0005752434266899163, 'gpp_d': 64.20268021730274, 'ign_k': 8.708806168038567, 'ign_c': 0.891613269954689, 'trop_agb_crit': 3.5747129226002423, 'trop_k_veg': 6.9782110227926815}.[0m
[32m[I 2026-07-18 18:55:29,755][0m Trial 946 finished with values: [-0.004613590543625111, 5.505161418450921e-05] and parameters: {'k1': 0.07799059237255677, 'D_low': 7.46475488144212, 'k2': 0.032845299795769396, 'D_high': 3712.591045287733, 'fire_exp': 3.231633698316772, 'P_half': 64.13139914374976, 'pre_dampen_half': 0.03751320096826995, 'gpp_af': 0.1476584299248268, 'gpp_b': 0.01666658176842624, 'gpp_d': 660.9129108295722, 'ign_k': 1.0484531351650956, 'ign_c': 20.03995359361212, 'trop_agb_crit': 1.7708319837489073, 'trop_k_veg': 0.902411054575325}.[0m
  trial  947/2500  pareto_size=47  best_taylor=0.7247  best_ilamb=0.5954  (7.4 min)
[32m[I 2026-07-18 18:55:30,372][0m Trial 947 finished with values: [-0.005251708224051255, 0.0016013056037206264] and parameters: {'k1': 0.007530210437963516, 'D_low': 70.18267183720735, 'k2': 0.00012492307509390826, 'D_high': 45914.85216740541, 'fire_exp': 1.450870712623418, 'P_half': 9700.35024589393, 'pre_dampen_half': 241.6951931920675, 'gpp_af': 0.001111693990724459, 'gpp_b': 1.598364670380439e-05, 'gpp_d': 8.057329182285729, 'ign_k': 8.708806168038567, 'ign_c': 20.03995359361212, 'trop_agb_crit': 1.331177446539379, 'trop_k_veg': 6.9782110227926815}.[0m
[32m[I 2026-07-18 18:55:30,851][0m Trial 948 finished with values: [-0.027209817414551172, 0.0015251938058100656] and parameters: {'k1': 0.07799059237255677, 'D_low': 1.9977959434035766, 'k2': 0.032845299795769396, 'D_high': 18025.240917640822, 'fire_exp': 1.423480109671474, 'P_half': 712.8188058401365, 'pre_dampen_half': 502.5175192217655, 'gpp_af': 0.7539992074650282, 'gpp_b': 0.00796661592919428, 'gpp_d': 150.14555442537656, 'ign_k': 5.351470428717439, 'ign_c': 29.690870944846793, 'trop_agb_crit': 8.105012864844397, 'trop_k_veg': 0.6743482387129308}.[0m
[32m[I 2026-07-18 18:55:31,330][0m Trial 949 finished with values: [-5.111266656515259e-09, 1.5744442971588057e-08] and parameters: {'k1': 0.03635503353478365, 'D_low': 70.18267183720735, 'k2': 7.91442361215536e-05, 'D_high': 774.2116473996249, 'fire_exp': 3.5637467870629145, 'P_half': 12.808863354047988, 'pre_dampen_half': 0.33983499890855334, 'gpp_af': 0.6403036652671174, 'gpp_b': 3.083723329640505, 'gpp_d': 64.20268021730274, 'ign_k': 8.708806168038567, 'ign_c': 20.03995359361212, 'trop_agb_crit': 3.5747129226002423, 'trop_k_veg': 6.9782110227926815}.[0m
