[32m[I 2026-07-18 18:50:59,974][0m Trial 380 finished with values: [-0.011264632055746602, 0.0021231360896999396] and parameters: {'k1': 0.0711161136712173, 'D_low': 1.9977959434035766, 'k2': 0.026471946255259393, 'D_high': 233.07122788234065, 'fire_exp': 1.0629462657398439, 'P_half': 220.3445560633069, 'pre_dampen_half': 0.2888838362365318, 'gpp_af': 0.7539992074650282, 'gpp_b': 0.0005744663972188569, 'gpp_d': 150.14555442537656, 'ign_k': 3.5891558714508416, 'ign_c': 15.221840161091619, 'trop_agb_crit': 24.584290528289387, 'trop_k_veg': 0.5772603928610088}.[0m
[32m[I 2026-07-18 18:51:00,434][0m Trial 381 finished with values: [-2.0000000000000005e-60, 0.0] and parameters: {'k1': 0.003392247823857357, 'D_low': 31.585104499227995, 'k2': 0.0001971137615017176, 'D_high': 107.88909575795405, 'fire_exp': 8.551220505983894, 'P_half': 8320.133621840185, 'pre_dampen_half': 2.9046276683520444, 'gpp_af': 0.0032549823648826497, 'gpp_b': 0.06315461993576105, 'gpp_d': 8.057329182285729, 'ign_k': 0.002011190979341457, 'ign_c': 0.3277320296937064, 'trop_agb_crit': 1.5457499114893816, 'trop_k_veg': 2.5878603012249104}.[0m
[32m[I 2026-07-18 18:51:00,896][0m Trial 382 finished with values: [-2.0000000000000005e-60, 0.0] and parameters: {'k1': 0.0376331292637011, 'D_low': 436.4516946807792, 'k2': 0.018573288333114862, 'D_high': 56093.68210693188, 'fire_exp': 4.87400221596597, 'P_half': 221.2683656611821, 'pre_dampen_half': 0.029208808341780905, 'gpp_af': 0.001111693990724459, 'gpp_b': 2.5264362435704455, 'gpp_d': 8.057329182285729, 'ign_k': 0.023352156626184447, 'ign_c': 192.76545985682404, 'trop_agb_crit': 10.691477813613638, 'trop_k_veg': 0.8157008881455025}.[0m
[32m[I 2026-07-18 18:51:01,355][0m Trial 383 finished with values: [-0.07242516512405613, 0.06155545933672568] and parameters: {'k1': 0.008471801418819975, 'D_low': 2.143851363193517, 'k2': 0.0007047307383115598, 'D_high': 42.07053950287937, 'fire_exp': 1.1430983876313219, 'P_half': 221.2683656611821, 'pre_dampen_half': 10.129197956845726, 'gpp_af': 1.5386842469144075, 'gpp_b': 1.3289448722869181e-05, 'gpp_d': 10.369565216756202, 'ign_k': 2.136832907235876, 'ign_c': 0.7068974950624601, 'trop_agb_crit': 10.691477813613638, 'trop_k_veg': 0.83140195149031}.[0m
[32m[I 2026-07-18 18:51:01,812][0m Trial 384 finished with values: [-1.483403764332538e-15, 6.521516660029647e-11] and parameters: {'k1': 3.8751982355100445e-05, 'D_low': 1.9977959434035766, 'k2': 1.7926680648388784e-05, 'D_high': 91167.68553735358, 'fire_exp': 2.100650708889295, 'P_half': 8320.133621840185, 'pre_dampen_half': 0.14126812677903758, 'gpp_af': 0.04403094955951772, 'gpp_b': 0.36422282566934217, 'gpp_d': 0.02183661391281564, 'ign_k': 0.015990213696558658, 'ign_c': 0.3277320296937064, 'trop_agb_crit': 3.275825291386224, 'trop_k_veg': 0.6984687829911091}.[0m
[32m[I 2026-07-18 18:51:02,268][0m Trial 385 finished with values: [-2.0000000000000005e-60, 0.0] and parameters: {'k1': 0.011966626407443505, 'D_low': 680.2810205786727, 'k2': 0.0004976087827261435, 'D_high': 2940.51756322311, 'fire_exp': 3.5637467870629145, 'P_half': 712.8188058401365, 'pre_dampen_half': 107.40052367919465, 'gpp_af': 0.002171465868062627, 'gpp_b': 3.083723329640505, 'gpp_d': 0.7668707039273333, 'ign_k': 0.0029519227433917453, 'ign_c': 39.52220881906112, 'trop_agb_crit': 3.5747129226002423, 'trop_k_veg': 3.1473758868965485}.[0m
[32m[I 2026-07-18 18:51:02,725][0m Trial 386 finished with values: [-0.001811736035918264, 0.00400792168106745] and parameters: {'k1': 0.002155595057104387, 'D_low': 7.46475488144212, 'k2': 0.0007047307383115598, 'D_high': 61536.58035691659, 'fire_exp': 1.423480109671474, 'P_half': 221.2683656611821, 'pre_dampen_half': 8.144272585223822, 'gpp_af': 2.6003623362924246, 'gpp_b': 0.42247700890263673, 'gpp_d': 0.5363092465892283, 'ign_k': 5.351470428717439, 'ign_c': 5.130551760589832, 'trop_agb_crit': 10.691477813613638, 'trop_k_veg': 0.5772603928610088}.[0m
[32m[I 2026-07-18 18:51:03,181][0m Trial 387 finished with values: [-5.0085433736859025e-08, 2.484379387768243e-07] and parameters: {'k1': 3.8751982355100445e-05, 'D_low': 1.9977959434035766, 'k2': 0.0353875886477924, 'D_high': 2940.51756322311, 'fire_exp': 1.6733848721157607, 'P_half': 8320.133621840185, 'pre_dampen_half': 0.14126812677903758, 'gpp_af': 0.0038793182938363898, 'gpp_b': 0.0012213924959062798, 'gpp_d': 757.2868182332339, 'ign_k': 0.12329098365270519, 'ign_c': 30.45524314144142, 'trop_agb_crit': 1.0903028125370984, 'trop_k_veg': 0.6984687829911091}.[0m
[32m[I 2026-07-18 18:51:03,635][0m Trial 388 finished with values: [-4.325555592068394e-07, 2.9470476233806053e-06] and parameters: {'k1': 0.01889771394135163, 'D_low': 7.46475488144212, 'k2': 0.0007047307383115598, 'D_high': 146.1896279370497, 'fire_exp': 2.561257322703973, 'P_half': 221.2683656611821, 'pre_dampen_half': 3.3841016089580047, 'gpp_af': 0.07302012718529304, 'gpp_b': 0.42247700890263673, 'gpp_d': 2.944272359149678, 'ign_k': 5.351470428717439, 'ign_c': 5.130551760589832, 'trop_agb_crit': 10.691477813613638, 'trop_k_veg': 6.9782110227926815}.[0m
[32m[I 2026-07-18 18:51:04,095][0m Trial 389 finished with values: [-2.0000000000000005e-60, 0.0] and parameters: {'k1': 0.0699458988153545, 'D_low': 1228.2126524008484, 'k2': 0.0012040762895973265, 'D_high': 1236.6924205139144, 'fire_exp': 1.2611826901294014, 'P_half': 712.8188058401365, 'pre_dampen_half': 0.01693207443721426, 'gpp_af': 0.10409127568994281, 'gpp_b': 2.6738182964551835e-05, 'gpp_d': 0.3934396739328545, 'ign_k': 1.0484531351650956, 'ign_c': 306.3001606653075, 'trop_agb_crit': 10.965064494899984, 'trop_k_veg': 7.433058058371263}.[0m
[32m[I 2026-07-18 18:51:04,553][0m Trial 390 finished with values: [-1.6100596622427057e-09, 1.196612930409735e-06] and parameters: {'k1': 0.008287522363768155, 'D_low': 4.484744524732794, 'k2': 0.07507777979297808, 'D_high': 3712.591045287733, 'fire_exp': 1.0629462657398439, 'P_half': 220.3445560633069, 'pre_dampen_half': 0.5682966065442919, 'gpp_af': 0.7539992074650282, 'gpp_b': 0.0005744663972188569, 'gpp_d': 21.14381609520636, 'ign_k': 0.12329098365270519, 'ign_c': 99.67983879709281, 'trop_agb_crit': 24.584290528289387, 'trop_k_veg': 6.889798778165608}.[0m
[32m[I 2026-07-18 18:51:05,011][0m Trial 391 finished with values: [-0.0015122568134066504, 0.004087702065884602] and parameters: {'k1': 0.002155595057104387, 'D_low': 1228.2126524008484, 'k2': 0.0007047307383115598, 'D_high': 61536.58035691659, 'fire_exp': 3.5637467870629145, 'P_half': 3.313942437345199, 'pre_dampen_half': 3.3841016089580047, 'gpp_af': 1.1409619915696272, 'gpp_b': 0.0005392415140872105, 'gpp_d': 8.057329182285729, 'ign_k': 1.0484531351650956, 'ign_c': 30.28574109895626, 'trop_agb_crit': 10.691477813613638, 'trop_k_veg': 0.5772603928610088}.[0m
[32m[I 2026-07-18 18:51:05,478][0m Trial 392 finished with values: [-0.00247980813367242, 0.0012033631927026445] and parameters: {'k1': 0.041833856821460395, 'D_low': 7.299348683062307, 'k2': 0.032845299795769396, 'D_high': 2940.51756322311, 'fire_exp': 1.6733848721157607, 'P_half': 7126.727573532312, 'pre_dampen_half': 24.551654436784784, 'gpp_af': 6.1846621395903325, 'gpp_b': 0.0012213924959062798, 'gpp_d': 757.2868182332339, 'ign_k': 0.48986208235548445, 'ign_c': 15.221840161091619, 'trop_agb_crit': 1.285305820648146, 'trop_k_veg': 4.9897488945787245}.[0m
  trial  393/2500  pareto_size=24  best_taylor=0.7247  best_ilamb=0.5954  (3.0 min)
[32m[I 2026-07-18 18:51:06,009][0m Trial 393 finished with values: [-2.6322563416584806e-06, 8.661581376756544e-05] and parameters: {'k1': 0.0012056765208549535, 'D_low': 1112.9571947046009, 'k2': 0.0012040762895973265, 'D_high': 3712.591045287733, 'fire_exp': 3.5637467870629145, 'P_half': 220.3445560633069, 'pre_dampen_half': 502.5175192217655, 'gpp_af': 0.7539992074650282, 'gpp_b': 6.369295096609023e-05, 'gpp_d': 0.01392878970664331, 'ign_k': 0.06807874826564587, 'ign_c': 30.28574109895626, 'trop_agb_crit': 24.584290528289387, 'trop_k_veg': 1.4584243470991722}.[0m
[32m[I 2026-07-18 18:51:06,474][0m Trial 394 finished with values: [-7.804978598051706e-11, 5.288280258142208e-09] and parameters: {'k1': 0.07799059237255677, 'D_low': 7.299348683062307, 'k2': 0.032845299795769396, 'D_high': 2940.51756322311, 'fire_exp': 6.576079034416172, 'P_half': 3554.812765190894, 'pre_dampen_half': 7.665128204660192, 'gpp_af': 0.10409127568994281, 'gpp_b': 0.2272730825106818, 'gpp_d': 660.9129108295722, 'ign_k': 8.708806168038567, 'ign_c': 1.958059531975039, 'trop_agb_crit': 1.0903028125370984, 'trop_k_veg': 0.902411054575325}.[0m
[32m[I 2026-07-18 18:51:06,942][0m Trial 395 finished with values: [-0.6046524633899014, 0.45596172789380796] and parameters: {'k1': 0.011966626407443505, 'D_low': 171.2446447678494, 'k2': 0.0004976087827261435, 'D_high': 8182.111518618414, 'fire_exp': 1.165368636520435, 'P_half': 12.808863354047988, 'pre_dampen_half': 107.40052367919465, 'gpp_af': 0.2204465010099918, 'gpp_b': 6.369295096609023e-05, 'gpp_d': 0.7668707039273333, 'ign_k': 8.708806168038567, 'ign_c': 0.1254144753902608, 'trop_agb_crit': 3.5747129226002423, 'trop_k_veg': 2.520089655463604}.[0m
[32m[I 2026-07-18 18:51:07,406][0m Trial 396 finished with values: [-1.7463562801976612e-16, 2.2407253830181162e-10] and parameters: {'k1': 0.0012056765208549535, 'D_low': 4546.192107824457, 'k2': 0.0005342937261279771, 'D_high': 61536.58035691659, 'fire_exp': 3.5637467870629145, 'P_half': 175.2878790340412, 'pre_dampen_half': 0.2888838362365318, 'gpp_af': 0.10409127568994281, 'gpp_b': 0.15001120799850567, 'gpp_d': 0.01392878970664331, 'ign_k': 5.351470428717439, 'ign_c': 5.130551760589832, 'trop_agb_crit': 10.965064494899984, 'trop_k_veg': 0.902411054575325}.[0m
[32m[I 2026-07-18 18:51:07,883][0m Trial 397 finished with values: [-0.055982041245969213, 0.07890118299420756] and parameters: {'k1': 0.004053638704742309, 'D_low': 355.00125258511594, 'k2': 0.0353875886477924, 'D_high': 84090.06963311558, 'fire_exp': 2.1154350616377124, 'P_half': 336.708521740818, 'pre_dampen_half': 63.668591607994244, 'gpp_af': 17.624510039685536, 'gpp_b': 1.3575045977280317e-05, 'gpp_d': 0.4150028658067942, 'ign_k': 0.12329098365270519, 'ign_c': 0.3277320296937064, 'trop_agb_crit': 1.0903028125370984, 'trop_k_veg': 0.6743482387129308}.[0m
[32m[I 2026-07-18 18:51:08,357][0m Trial 398 finished with values: [-9.383701082137697e-09, 4.422022506833656e-06] and parameters: {'k1': 0.01889771394135163, 'D_low': 70.18267183720735, 'k2': 0.032845299795769396, 'D_high': 2940.51756322311, 'fire_exp': 2.100650708889295, 'P_half': 8320.133621840185, 'pre_dampen_half': 107.40052367919465, 'gpp_af': 0.04403094955951772, 'gpp_b': 0.36422282566934217, 'gpp_d': 64.20268021730274, 'ign_k': 0.12329098365270519, 'ign_c': 20.03995359361212, 'trop_agb_crit': 3.5747129226002423, 'trop_k_veg': 0.6984687829911091}.[0m
[32m[I 2026-07-18 18:51:08,822][0m Trial 399 finished with values: [-2.0000000000000005e-60, 0.0] and parameters: {'k1': 0.0002220327882582422, 'D_low': 3.4487261314487374, 'k2': 1.7926680648388784e-05, 'D_high': 900.6846506533042, 'fire_exp': 2.100650708889295, 'P_half': 323.6099399575106, 'pre_dampen_half': 0.1875872314533727, 'gpp_af': 2.555721998081809, 'gpp_b': 0.41922242598161824, 'gpp_d': 0.03927259340973168, 'ign_k': 5.351470428717439, 'ign_c': 54.09803697908719, 'trop_agb_crit': 12.647327018493208, 'trop_k_veg': 4.9897488945787245}.[0m
[32m[I 2026-07-18 18:51:09,291][0m Trial 400 finished with values: [-0.6760456884180004, 0.18882586235746834] and parameters: {'k1': 0.004312951023617458, 'D_low': 1.9977959434035766, 'k2': 0.026471946255259393, 'D_high': 3712.591045287733, 'fire_exp': 1.0629462657398439, 'P_half': 712.8188058401365, 'pre_dampen_half': 502.5175192217655, 'gpp_af': 0.7539992074650282, 'gpp_b': 0.0021331409710300844, 'gpp_d': 150.14555442537656, 'ign_k': 3.5891558714508416, 'ign_c': 15.221840161091619, 'trop_agb_crit': 24.584290528289387, 'trop_k_veg': 0.6743482387129308}.[0m
[32m[I 2026-07-18 18:51:09,771][0m Trial 401 finished with values: [-3.607647739316492e-08, 7.066857249382608e-06] and parameters: {'k1': 2.316457903103837e-05, 'D_low': 7.46475488144212, 'k2': 0.00035868164986275477, 'D_high': 61536.58035691659, 'fire_exp': 1.423480109671474, 'P_half': 221.2683656611821, 'pre_dampen_half': 3.3841016089580047, 'gpp_af': 0.0038793182938363898, 'gpp_b': 0.42247700890263673, 'gpp_d': 64.20268021730274, 'ign_k': 0.060759029110813774, 'ign_c': 1.243101713606703, 'trop_agb_crit': 1.331177446539379, 'trop_k_veg': 7.936472946233041}.[0m
[32m[I 2026-07-18 18:51:10,239][0m Trial 402 finished with values: [-0.031049597014584304, 0.020074677604243862] and parameters: {'k1': 0.011966626407443505, 'D_low': 355.00125258511594, 'k2': 0.0007047307383115598, 'D_high': 61536.58035691659, 'fire_exp': 2.1154350616377124, 'P_half': 221.2683656611821, 'pre_dampen_half': 241.6951931920675, 'gpp_af': 17.624510039685536, 'gpp_b': 0.0005392415140872105, 'gpp_d': 2.944272359149678, 'ign_k': 1.0484531351650956, 'ign_c': 30.28574109895626, 'trop_agb_crit': 10.965064494899984, 'trop_k_veg': 0.5772603928610088}.[0m
[32m[I 2026-07-18 18:51:10,704][0m Trial 403 finished with values: [-0.00021032028436109894, 9.036867850653607e-05] and parameters: {'k1': 0.0002220327882582422, 'D_low': 3.4487261314487374, 'k2': 0.0007047307383115598, 'D_high': 61536.58035691659, 'fire_exp': 2.667972213959779, 'P_half': 221.2683656611821, 'pre_dampen_half': 0.1875872314533727, 'gpp_af': 2.555721998081809, 'gpp_b': 0.2272730825106818, 'gpp_d': 229.41380323183625, 'ign_k': 5.351470428717439, 'ign_c': 5.130551760589832, 'trop_agb_crit': 1.0903028125370984, 'trop_k_veg': 0.5772603928610088}.[0m
[32m[I 2026-07-18 18:51:11,152][0m Trial 404 finished with values: [-5.07929626224554e-14, 0.0] and parameters: {'k1': 2.316457903103837e-05, 'D_low': 3.4487261314487374, 'k2': 0.0012040762895973265, 'D_high': 503.20593472868, 'fire_exp': 3.5637467870629145, 'P_half': 323.6099399575106, 'pre_dampen_half': 0.1875872314533727, 'gpp_af': 0.18069041761817037, 'gpp_b': 0.2272730825106818, 'gpp_d': 757.2868182332339, 'ign_k': 1.0484531351650956, 'ign_c': 30.28574109895626, 'trop_agb_crit': 10.965064494899984, 'trop_k_veg': 4.9897488945787245}.[0m
[32m[I 2026-07-18 18:51:11,629][0m Trial 405 finished with values: [-0.0004472544146942341, 6.14338348799981e-05] and parameters: {'k1': 0.00016480446427978953, 'D_low': 4.513311251103462, 'k2': 0.00035868164986275477, 'D_high': 8182.111518618414, 'fire_exp': 1.6733848721157607, 'P_half': 712.8188058401365, 'pre_dampen_half': 0.011501973785501987, 'gpp_af': 9.419931479490897, 'gpp_b': 0.42247700890263673, 'gpp_d': 150.14555442537656, 'ign_k': 0.12906379659404604, 'ign_c': 5.130551760589832, 'trop_agb_crit': 1.0903028125370984, 'trop_k_veg': 0.902411054575325}.[0m
[32m[I 2026-07-18 18:51:12,107][0m Trial 406 finished with values: [-4.986215149898441e-09, 2.2461267523699036e-07] and parameters: {'k1': 0.005952904331761848, 'D_low': 171.2446447678494, 'k2': 0.0004976087827261435, 'D_high': 1236.6924205139144, 'fire_exp': 3.5637467870629145, 'P_half': 3227.0237615158, 'pre_dampen_half': 241.6951931920675, 'gpp_af': 0.10409127568994281, 'gpp_b': 0.0005392415140872105, 'gpp_d': 2.944272359149678, 'ign_k': 0.12329098365270519, 'ign_c': 30.28574109895626, 'trop_agb_crit': 12.647327018493208, 'trop_k_veg': 2.520089655463604}.[0m
[32m[I 2026-07-18 18:51:12,588][0m Trial 407 finished with values: [-2.0000000000000005e-60, 0.0] and parameters: {'k1': 0.0376331292637011, 'D_low': 436.4516946807792, 'k2': 7.639737756882014e-05, 'D_high': 21.356209987689077, 'fire_exp': 2.100650708889295, 'P_half': 221.2683656611821, 'pre_dampen_half': 0.029208808341780905, 'gpp_af': 30.62518985924679, 'gpp_b': 0.36422282566934217, 'gpp_d': 242.00714252738, 'ign_k': 0.12329098365270519, 'ign_c': 192.76545985682404, 'trop_agb_crit': 3.275825291386224, 'trop_k_veg': 0.8157008881455025}.[0m
[32m[I 2026-07-18 18:51:13,061][0m Trial 408 finished with values: [-0.15749579172151573, 0.10639290110121602] and parameters: {'k1': 0.004312951023617458, 'D_low': 1112.9571947046009, 'k2': 1.7926680648388784e-05, 'D_high': 3712.591045287733, 'fire_exp': 1.0629462657398439, 'P_half': 323.6099399575106, 'pre_dampen_half': 502.5175192217655, 'gpp_af': 2.555721998081809, 'gpp_b': 0.0021331409710300844, 'gpp_d': 757.2868182332339, 'ign_k': 0.07696703458159232, 'ign_c': 1.958059531975039, 'trop_agb_crit': 1.0903028125370984, 'trop_k_veg': 1.4584243470991722}.[0m
[32m[I 2026-07-18 18:51:13,531][0m Trial 409 finished with values: [-0.006234653703550701, 0.005420431585553387] and parameters: {'k1': 3.5917714215176105e-05, 'D_low': 3.4487261314487374, 'k2': 1.7926680648388784e-05, 'D_high': 91167.68553735358, 'fire_exp': 2.100650708889295, 'P_half': 78.6767770625783, 'pre_dampen_half': 2.9046276683520444, 'gpp_af': 0.010767288724535768, 'gpp_b': 3.43926796010005e-05, 'gpp_d': 9.51028874815853, 'ign_k': 0.07696703458159232, 'ign_c': 0.3277320296937064, 'trop_agb_crit': 3.275825291386224, 'trop_k_veg': 6.58013223588778}.[0m
[32m[I 2026-07-18 18:51:13,988][0m Trial 410 finished with values: [-3.228963475256655e-14, 2.1153123697104093e-10] and parameters: {'k1': 0.0376331292637011, 'D_low': 31.585104499227995, 'k2': 0.018573288333114862, 'D_high': 503.20593472868, 'fire_exp': 3.2181803496180783, 'P_half': 221.2683656611821, 'pre_dampen_half': 0.029208808341780905, 'gpp_af': 0.27997858752477867, 'gpp_b': 0.01666658176842624, 'gpp_d': 8.057329182285729, 'ign_k': 0.023352156626184447, 'ign_c': 192.76545985682404, 'trop_agb_crit': 6.119263728555865, 'trop_k_veg': 0.8157008881455025}.[0m
[32m[I 2026-07-18 18:51:14,447][0m Trial 411 finished with values: [-6.590320884993161e-19, 0.0] and parameters: {'k1': 0.0699458988153545, 'D_low': 355.00125258511594, 'k2': 7.91442361215536e-05, 'D_high': 774.2116473996249, 'fire_exp': 3.5637467870629145, 'P_half': 712.8188058401365, 'pre_dampen_half': 0.029662981696401067, 'gpp_af': 0.6403036652671174, 'gpp_b': 3.083723329640505, 'gpp_d': 0.3934396739328545, 'ign_k': 8.708806168038567, 'ign_c': 30.28574109895626, 'trop_agb_crit': 1.331177446539379, 'trop_k_veg': 3.1473758868965485}.[0m
[32m[I 2026-07-18 18:51:14,902][0m Trial 412 finished with values: [-1.972312547172486e-09, 6.200456004190613e-08] and parameters: {'k1': 0.005272264723319183, 'D_low': 1730.0724838654367, 'k2': 0.004149969043497543, 'D_high': 3712.591045287733, 'fire_exp': 3.5637467870629145, 'P_half': 712.8188058401365, 'pre_dampen_half': 107.40052367919465, 'gpp_af': 0.7539992074650282, 'gpp_b': 3.083723329640505, 'gpp_d': 64.20268021730274, 'ign_k': 0.48986208235548445, 'ign_c': 15.221840161091619, 'trop_agb_crit': 9.286923253577127, 'trop_k_veg': 0.5772603928610088}.[0m
[32m[I 2026-07-18 18:51:15,355][0m Trial 413 finished with values: [-2.5476112744713623e-12, 3.298381789917926e-08] and parameters: {'k1': 0.011966626407443505, 'D_low': 70.18267183720735, 'k2': 7.91442361215536e-05, 'D_high': 91167.68553735358, 'fire_exp': 3.5637467870629145, 'P_half': 712.8188058401365, 'pre_dampen_half': 107.40052367919465, 'gpp_af': 0.010767288724535768, 'gpp_b': 0.36422282566934217, 'gpp_d': 64.20268021730274, 'ign_k': 0.07696703458159232, 'ign_c': 1.2389052918551064, 'trop_agb_crit': 3.275825291386224, 'trop_k_veg': 6.58013223588778}.[0m
[32m[I 2026-07-18 18:51:15,818][0m Trial 414 finished with values: [-3.505622226448741e-09, 1.3124968112343538e-08] and parameters: {'k1': 0.004053638704742309, 'D_low': 7.46475488144212, 'k2': 0.012758211164590085, 'D_high': 61536.58035691659, 'fire_exp': 1.423480109671474, 'P_half': 712.8188058401365, 'pre_dampen_half': 3.3841016089580047, 'gpp_af': 0.10409127568994281, 'gpp_b': 3.083723329640505, 'gpp_d': 64.20268021730274, 'ign_k': 5.351470428717439, 'ign_c': 30.28574109895626, 'trop_agb_crit': 7.499945891579917, 'trop_k_veg': 0.902411054575325}.[0m
[32m[I 2026-07-18 18:51:16,271][0m Trial 415 finished with values: [-7.413910008120891e-12, 4.3443326713799024e-09] and parameters: {'k1': 0.0376331292637011, 'D_low': 1.9977959434035766, 'k2': 0.0353875886477924, 'D_high': 1662.6592254031873, 'fire_exp': 1.7008648718913113, 'P_half': 8320.133621840185, 'pre_dampen_half': 0.14126812677903758, 'gpp_af': 0.04403094955951772, 'gpp_b': 0.06315461993576105, 'gpp_d': 242.00714252738, 'ign_k': 0.023352156626184447, 'ign_c': 192.76545985682404, 'trop_agb_crit': 25.382873076016292, 'trop_k_veg': 0.6984687829911091}.[0m
[32m[I 2026-07-18 18:51:16,741][0m Trial 416 finished with values: [-2.1344881075208312e-08, 1.04145108471565e-05] and parameters: {'k1': 0.011966626407443505, 'D_low': 7.46475488144212, 'k2': 7.91442361215536e-05, 'D_high': 61536.58035691659, 'fire_exp': 1.423480109671474, 'P_half': 221.2683656611821, 'pre_dampen_half': 107.40052367919465, 'gpp_af': 17.624510039685536, 'gpp_b': 3.083723329640505, 'gpp_d': 0.05692321998383699, 'ign_k': 8.708806168038567, 'ign_c': 30.28574109895626, 'trop_agb_crit': 1.331177446539379, 'trop_k_veg': 3.1473758868965485}.[0m
[32m[I 2026-07-18 18:51:17,219][0m Trial 417 finished with values: [-2.0000000000000005e-60, 0.0] and parameters: {'k1': 0.011966626407443505, 'D_low': 70.18267183720735, 'k2': 7.91442361215536e-05, 'D_high': 536.2153030688613, 'fire_exp': 3.5637467870629145, 'P_half': 712.8188058401365, 'pre_dampen_half': 0.1875872314533727, 'gpp_af': 0.010767288724535768, 'gpp_b': 3.083723329640505, 'gpp_d': 9.51028874815853, 'ign_k': 0.07696703458159232, 'ign_c': 30.28574109895626, 'trop_agb_crit': 1.331177446539379, 'trop_k_veg': 6.842216150864678}.[0m
