[32m[I 2026-07-18 18:49:32,244][0m Trial 190 finished with values: [-1.5854333260912563e-10, 4.0083149988046074e-07] and parameters: {'k1': 0.004053638704742309, 'D_low': 1683.621997588799, 'k2': 0.0353875886477924, 'D_high': 774.2116473996249, 'fire_exp': 2.1154350616377124, 'P_half': 1.1827346017839087, 'pre_dampen_half': 0.029662981696401067, 'gpp_af': 2.6003623362924246, 'gpp_b': 2.6738182964551835e-05, 'gpp_d': 0.3934396739328545, 'ign_k': 0.12329098365270519, 'ign_c': 5.130551760589832, 'trop_agb_crit': 15.961316409649486, 'trop_k_veg': 1.0923378209074768}.[0m
[32m[I 2026-07-18 18:49:32,714][0m Trial 191 finished with values: [-0.004343431745315701, 0.011201891906152062] and parameters: {'k1': 0.041833856821460395, 'D_low': 4.484744524732794, 'k2': 1.915468390724633e-05, 'D_high': 3712.591045287733, 'fire_exp': 4.4174616756610865, 'P_half': 4.982711200081132, 'pre_dampen_half': 552.4163637315892, 'gpp_af': 0.7539992074650282, 'gpp_b': 0.0005744663972188569, 'gpp_d': 0.43986836285294123, 'ign_k': 2.396079612430075, 'ign_c': 15.221840161091619, 'trop_agb_crit': 23.22119672134762, 'trop_k_veg': 5.69366421960607}.[0m
[32m[I 2026-07-18 18:49:33,195][0m Trial 192 finished with values: [-0.050216051785027485, 0.0724102936002684] and parameters: {'k1': 0.004312951023617458, 'D_low': 12.105387404469584, 'k2': 0.003767022142229395, 'D_high': 4316.517111160399, 'fire_exp': 1.264103030891254, 'P_half': 587.6331101080223, 'pre_dampen_half': 502.5175192217655, 'gpp_af': 0.7539992074650282, 'gpp_b': 0.0021331409710300844, 'gpp_d': 0.12878367369717508, 'ign_k': 0.004937355303501836, 'ign_c': 15.221840161091619, 'trop_agb_crit': 1.0693376406863295, 'trop_k_veg': 1.4584243470991722}.[0m
[32m[I 2026-07-18 18:49:33,663][0m Trial 193 finished with values: [-0.0059490802129795765, 0.0069629939501123506] and parameters: {'k1': 0.008287522363768155, 'D_low': 355.00125258511594, 'k2': 0.0353875886477924, 'D_high': 774.2116473996249, 'fire_exp': 1.3170256885255098, 'P_half': 712.8188058401365, 'pre_dampen_half': 63.668591607994244, 'gpp_af': 0.6403036652671174, 'gpp_b': 0.42247700890263673, 'gpp_d': 176.18878384527292, 'ign_k': 0.12329098365270519, 'ign_c': 5.130551760589832, 'trop_agb_crit': 1.0903028125370984, 'trop_k_veg': 0.6743482387129308}.[0m
[32m[I 2026-07-18 18:49:34,125][0m Trial 194 finished with values: [-7.061238377517506e-08, 6.225988474772848e-07] and parameters: {'k1': 0.01889771394135163, 'D_low': 5.59983195169599, 'k2': 0.0001971137615017176, 'D_high': 99.69469187531809, 'fire_exp': 3.2181803496180783, 'P_half': 3554.812765190894, 'pre_dampen_half': 0.03751320096826995, 'gpp_af': 0.27997858752477867, 'gpp_b': 0.0005392415140872105, 'gpp_d': 8.057329182285729, 'ign_k': 8.708806168038567, 'ign_c': 8.405439129313676, 'trop_agb_crit': 6.119263728555865, 'trop_k_veg': 0.5772603928610088}.[0m
[32m[I 2026-07-18 18:49:34,597][0m Trial 195 finished with values: [-0.031116493481851422, 0.1220287426875083] and parameters: {'k1': 0.0012056765208549535, 'D_low': 5.59983195169599, 'k2': 0.0012040762895973265, 'D_high': 76.70748914453763, 'fire_exp': 1.2611826901294014, 'P_half': 4.213183643253957, 'pre_dampen_half': 241.6951931920675, 'gpp_af': 0.0038488863031271342, 'gpp_b': 1.4540386644083135e-05, 'gpp_d': 0.01392878970664331, 'ign_k': 0.00840038491455979, 'ign_c': 0.2537994662905845, 'trop_agb_crit': 1.331177446539379, 'trop_k_veg': 0.6673124511410327}.[0m
[32m[I 2026-07-18 18:49:35,060][0m Trial 196 finished with values: [-1.050721498354488e-12, 2.711278235256742e-08] and parameters: {'k1': 3.0376902301221646e-05, 'D_low': 1228.2126524008484, 'k2': 0.026471946255259393, 'D_high': 146.1896279370497, 'fire_exp': 9.321170097491994, 'P_half': 577.536337635295, 'pre_dampen_half': 241.6951931920675, 'gpp_af': 9.93234953243751, 'gpp_b': 0.42247700890263673, 'gpp_d': 84.31013932082456, 'ign_k': 8.926311370835233, 'ign_c': 16.867533138445342, 'trop_agb_crit': 24.80219492452611, 'trop_k_veg': 1.0866718721112656}.[0m
[32m[I 2026-07-18 18:49:35,531][0m Trial 197 finished with values: [-0.006557357684727027, 0.01031279124173723] and parameters: {'k1': 0.0004732407125181113, 'D_low': 5.59983195169599, 'k2': 0.003101429427212743, 'D_high': 14.378290221680125, 'fire_exp': 1.1263716762638152, 'P_half': 221.2683656611821, 'pre_dampen_half': 5.048653998722944, 'gpp_af': 1.5386842469144075, 'gpp_b': 0.2272730825106818, 'gpp_d': 757.2868182332339, 'ign_k': 5.351470428717439, 'ign_c': 1.958059531975039, 'trop_agb_crit': 14.948114979829949, 'trop_k_veg': 1.0594599158279707}.[0m
[32m[I 2026-07-18 18:49:35,986][0m Trial 198 finished with values: [-0.007095743105017555, 0.007339316521076111] and parameters: {'k1': 0.008471801418819975, 'D_low': 2.143851363193517, 'k2': 0.0007047307383115598, 'D_high': 42.07053950287937, 'fire_exp': 1.1430983876313219, 'P_half': 1735.792403594532, 'pre_dampen_half': 10.129197956845726, 'gpp_af': 1.5386842469144075, 'gpp_b': 0.36422282566934217, 'gpp_d': 9.51028874815853, 'ign_k': 2.136832907235876, 'ign_c': 4.4398025529904634, 'trop_agb_crit': 10.691477813613638, 'trop_k_veg': 0.83140195149031}.[0m
[32m[I 2026-07-18 18:49:36,444][0m Trial 199 finished with values: [-1.7245740990883478e-05, 9.296378097989333e-06] and parameters: {'k1': 2.316457903103837e-05, 'D_low': 31.585104499227995, 'k2': 0.00035868164986275477, 'D_high': 29812.370697208808, 'fire_exp': 1.6733848721157607, 'P_half': 3554.812765190894, 'pre_dampen_half': 0.011501973785501987, 'gpp_af': 0.0038793182938363898, 'gpp_b': 7.007213496896404e-05, 'gpp_d': 64.20268021730274, 'ign_k': 0.12906379659404604, 'ign_c': 20.23326185206641, 'trop_agb_crit': 1.331177446539379, 'trop_k_veg': 3.49157152291552}.[0m
[32m[I 2026-07-18 18:49:36,914][0m Trial 200 finished with values: [-4.022390877013561e-06, 0.0006023412292037733] and parameters: {'k1': 0.006642027816373391, 'D_low': 355.00125258511594, 'k2': 0.0353875886477924, 'D_high': 18.316165443932743, 'fire_exp': 1.3170256885255098, 'P_half': 65.03622711342449, 'pre_dampen_half': 4.187466509282844, 'gpp_af': 0.15988721385117127, 'gpp_b': 0.002538506999597816, 'gpp_d': 6.283500537123675, 'ign_k': 0.12329098365270519, 'ign_c': 0.5342106255632174, 'trop_agb_crit': 18.748298427129946, 'trop_k_veg': 0.6743482387129308}.[0m
[32m[I 2026-07-18 18:49:37,391][0m Trial 201 finished with values: [-8.642626253054474e-12, 9.546783407143877e-07] and parameters: {'k1': 0.0012056765208549535, 'D_low': 5023.348046919797, 'k2': 0.0012040762895973265, 'D_high': 774.2116473996249, 'fire_exp': 1.0601964743503993, 'P_half': 968.2012086882471, 'pre_dampen_half': 63.668591607994244, 'gpp_af': 17.624510039685536, 'gpp_b': 0.42247700890263673, 'gpp_d': 0.01392878970664331, 'ign_k': 0.00840038491455979, 'ign_c': 0.2537994662905845, 'trop_agb_crit': 2.4645410377327237, 'trop_k_veg': 0.6673124511410327}.[0m
[32m[I 2026-07-18 18:49:37,870][0m Trial 202 finished with values: [-5.048825681242003e-13, 7.499743048811069e-10] and parameters: {'k1': 5.2759586181451185e-05, 'D_low': 37.35862630812753, 'k2': 0.0005342937261279771, 'D_high': 1578.0309954142967, 'fire_exp': 6.234638880169447, 'P_half': 3554.812765190894, 'pre_dampen_half': 7.665128204660192, 'gpp_af': 0.0038488863031271342, 'gpp_b': 7.210246166617508e-05, 'gpp_d': 64.20268021730274, 'ign_k': 0.18697387216131534, 'ign_c': 0.9580682294110433, 'trop_agb_crit': 1.331177446539379, 'trop_k_veg': 3.49157152291552}.[0m
[32m[I 2026-07-18 18:49:38,342][0m Trial 203 finished with values: [-9.797629956795805e-11, 1.1193428250955151e-07] and parameters: {'k1': 0.004053638704742309, 'D_low': 3.4487261314487374, 'k2': 7.91442361215536e-05, 'D_high': 645.2946500764235, 'fire_exp': 3.5637467870629145, 'P_half': 968.2012086882471, 'pre_dampen_half': 63.668591607994244, 'gpp_af': 17.624510039685536, 'gpp_b': 3.083723329640505, 'gpp_d': 2.944272359149678, 'ign_k': 0.12329098365270519, 'ign_c': 1.3012518385211496, 'trop_agb_crit': 2.4645410377327237, 'trop_k_veg': 6.58013223588778}.[0m
[32m[I 2026-07-18 18:49:38,802][0m Trial 204 finished with values: [-2.0000000000000005e-60, 0.0] and parameters: {'k1': 0.00031134168041628584, 'D_low': 94.99072859745384, 'k2': 6.069662445477729e-05, 'D_high': 1578.0309954142967, 'fire_exp': 5.90081778156971, 'P_half': 3554.812765190894, 'pre_dampen_half': 38.00678588560607, 'gpp_af': 2.6003623362924246, 'gpp_b': 7.210246166617508e-05, 'gpp_d': 0.12878367369717508, 'ign_k': 0.2970792051473599, 'ign_c': 48.704711413416454, 'trop_agb_crit': 1.0693376406863295, 'trop_k_veg': 1.0923378209074768}.[0m
[32m[I 2026-07-18 18:49:39,261][0m Trial 205 finished with values: [-5.095087115291113e-05, 0.0005277410157905615] and parameters: {'k1': 0.0002220327882582422, 'D_low': 3.4487261314487374, 'k2': 0.0353875886477924, 'D_high': 774.2116473996249, 'fire_exp': 2.100650708889295, 'P_half': 968.2012086882471, 'pre_dampen_half': 63.668591607994244, 'gpp_af': 17.624510039685536, 'gpp_b': 0.36422282566934217, 'gpp_d': 2.944272359149678, 'ign_k': 0.07696703458159232, 'ign_c': 4.4398025529904634, 'trop_agb_crit': 3.275825291386224, 'trop_k_veg': 5.373862339436158}.[0m
[32m[I 2026-07-18 18:49:39,726][0m Trial 206 finished with values: [-0.12468738508939178, 0.011464072326368369] and parameters: {'k1': 0.01889771394135163, 'D_low': 70.18267183720735, 'k2': 0.0007047307383115598, 'D_high': 45914.85216740541, 'fire_exp': 1.423480109671474, 'P_half': 221.2683656611821, 'pre_dampen_half': 3.3841016089580047, 'gpp_af': 0.001111693990724459, 'gpp_b': 1.598364670380439e-05, 'gpp_d': 229.41380323183625, 'ign_k': 5.351470428717439, 'ign_c': 20.03995359361212, 'trop_agb_crit': 1.331177446539379, 'trop_k_veg': 1.0594599158279707}.[0m
[32m[I 2026-07-18 18:49:40,192][0m Trial 207 finished with values: [-0.0003463402798287653, 0.00015189746710253527] and parameters: {'k1': 1.4002277211577026e-05, 'D_low': 77.31571570012609, 'k2': 0.0018170401889219116, 'D_high': 1236.6924205139144, 'fire_exp': 3.5637467870629145, 'P_half': 65.03622711342449, 'pre_dampen_half': 4.187466509282844, 'gpp_af': 0.15988721385117127, 'gpp_b': 0.002538506999597816, 'gpp_d': 6.283500537123675, 'ign_k': 0.6161423618045314, 'ign_c': 0.5342106255632174, 'trop_agb_crit': 18.748298427129946, 'trop_k_veg': 6.889798778165608}.[0m
[32m[I 2026-07-18 18:49:40,668][0m Trial 208 finished with values: [-0.20396652520248854, 0.3435649395304591] and parameters: {'k1': 0.00031134168041628584, 'D_low': 12.105387404469584, 'k2': 0.003767022142229395, 'D_high': 431.45617043093523, 'fire_exp': 1.0601964743503993, 'P_half': 4.213183643253957, 'pre_dampen_half': 502.5175192217655, 'gpp_af': 1.970696337909548, 'gpp_b': 0.0021331409710300844, 'gpp_d': 16.460426816350534, 'ign_k': 0.00840038491455979, 'ign_c': 15.221840161091619, 'trop_agb_crit': 24.584290528289387, 'trop_k_veg': 1.140286245977296}.[0m
[32m[I 2026-07-18 18:49:41,124][0m Trial 209 finished with values: [-2.9116944626861664e-12, 2.519060726680067e-08] and parameters: {'k1': 1.4002277211577026e-05, 'D_low': 3.4487261314487374, 'k2': 0.0018170401889219116, 'D_high': 18.316165443932743, 'fire_exp': 5.963862427044409, 'P_half': 968.2012086882471, 'pre_dampen_half': 63.668591607994244, 'gpp_af': 17.624510039685536, 'gpp_b': 0.36422282566934217, 'gpp_d': 418.77522137884927, 'ign_k': 0.12329098365270519, 'ign_c': 0.5342106255632174, 'trop_agb_crit': 18.748298427129946, 'trop_k_veg': 6.58013223588778}.[0m
[32m[I 2026-07-18 18:49:41,587][0m Trial 210 finished with values: [-5.058305414516132e-05, 0.0034657735965456515] and parameters: {'k1': 0.00012868405331151588, 'D_low': 7660.074273652683, 'k2': 0.05985024829384177, 'D_high': 259.06510073644546, 'fire_exp': 2.100650708889295, 'P_half': 78.6767770625783, 'pre_dampen_half': 744.6874559393902, 'gpp_af': 85.32056493640629, 'gpp_b': 0.36422282566934217, 'gpp_d': 9.51028874815853, 'ign_k': 0.017302564033031168, 'ign_c': 1.3012518385211496, 'trop_agb_crit': 3.275825291386224, 'trop_k_veg': 0.7848385206902946}.[0m
[32m[I 2026-07-18 18:49:42,052][0m Trial 211 finished with values: [-2.324982921883077e-09, 2.0422698245869952e-06] and parameters: {'k1': 0.012840669372724958, 'D_low': 78.86001704920405, 'k2': 0.0004976087827261435, 'D_high': 42210.21267871043, 'fire_exp': 1.2918065501148304, 'P_half': 221.2683656611821, 'pre_dampen_half': 0.014711676743602244, 'gpp_af': 1.1409619915696272, 'gpp_b': 1.4868114807380366, 'gpp_d': 0.01161474334678487, 'ign_k': 0.023352156626184447, 'ign_c': 2.7590690254397843, 'trop_agb_crit': 12.647327018493208, 'trop_k_veg': 6.45312300188076}.[0m
[32m[I 2026-07-18 18:49:42,519][0m Trial 212 finished with values: [-0.013667976582567446, 0.02386986532416968] and parameters: {'k1': 0.00031134168041628584, 'D_low': 1228.2126524008484, 'k2': 0.0007047307383115598, 'D_high': 61536.58035691659, 'fire_exp': 3.5637467870629145, 'P_half': 175.2878790340412, 'pre_dampen_half': 241.6951931920675, 'gpp_af': 1.1409619915696272, 'gpp_b': 1.4540386644083135e-05, 'gpp_d': 0.22048893356595609, 'ign_k': 1.0484531351650956, 'ign_c': 24.398964530167703, 'trop_agb_crit': 1.331177446539379, 'trop_k_veg': 6.45312300188076}.[0m
[32m[I 2026-07-18 18:49:42,975][0m Trial 213 finished with values: [-1.1298751319238096e-08, 1.3526207376379773e-07] and parameters: {'k1': 0.07799059237255677, 'D_low': 7.299348683062307, 'k2': 0.0005342937261279771, 'D_high': 8182.111518618414, 'fire_exp': 6.234638880169447, 'P_half': 712.8188058401365, 'pre_dampen_half': 7.665128204660192, 'gpp_af': 0.2901272149738624, 'gpp_b': 0.2272730825106818, 'gpp_d': 40.95062894476691, 'ign_k': 0.006290644294586149, 'ign_c': 1.958059531975039, 'trop_agb_crit': 1.0903028125370984, 'trop_k_veg': 5.198868247525918}.[0m
[32m[I 2026-07-18 18:49:43,433][0m Trial 214 finished with values: [-0.1747592939415657, 0.07966327642705018] and parameters: {'k1': 0.004312951023617458, 'D_low': 1112.9571947046009, 'k2': 0.0001889739291279833, 'D_high': 3712.591045287733, 'fire_exp': 1.0629462657398439, 'P_half': 220.3445560633069, 'pre_dampen_half': 502.5175192217655, 'gpp_af': 0.7539992074650282, 'gpp_b': 0.0021331409710300844, 'gpp_d': 150.14555442537656, 'ign_k': 0.06807874826564587, 'ign_c': 0.557280750002996, 'trop_agb_crit': 24.584290528289387, 'trop_k_veg': 1.4584243470991722}.[0m
[32m[I 2026-07-18 18:49:43,901][0m Trial 215 finished with values: [-0.002514549947776146, 0.00995275722020117] and parameters: {'k1': 0.0012056765208549535, 'D_low': 37.35862630812753, 'k2': 0.0012040762895973265, 'D_high': 3346.220103048382, 'fire_exp': 1.0601964743503993, 'P_half': 2068.53034640896, 'pre_dampen_half': 7.665128204660192, 'gpp_af': 0.2901272149738624, 'gpp_b': 0.0001484082099455773, 'gpp_d': 0.01392878970664331, 'ign_k': 0.00840038491455979, 'ign_c': 0.2537994662905845, 'trop_agb_crit': 1.331177446539379, 'trop_k_veg': 0.8170196702261714}.[0m
[32m[I 2026-07-18 18:49:44,369][0m Trial 216 finished with values: [-2.0000000000000005e-60, 0.0] and parameters: {'k1': 0.0376331292637011, 'D_low': 436.4516946807792, 'k2': 0.018573288333114862, 'D_high': 21.947742689197344, 'fire_exp': 1.423480109671474, 'P_half': 9.277034327414716, 'pre_dampen_half': 0.029208808341780905, 'gpp_af': 30.62518985924679, 'gpp_b': 2.5264362435704455, 'gpp_d': 242.00714252738, 'ign_k': 0.023352156626184447, 'ign_c': 192.76545985682404, 'trop_agb_crit': 10.691477813613638, 'trop_k_veg': 5.2263696497184915}.[0m
  trial  217/2500  pareto_size=19  best_taylor=0.7247  best_ilamb=0.5954  (1.7 min)
[32m[I 2026-07-18 18:49:44,870][0m Trial 217 finished with values: [-0.041520524308189956, 0.0120799802002175] and parameters: {'k1': 0.0699458988153545, 'D_low': 355.00125258511594, 'k2': 0.0353875886477924, 'D_high': 774.2116473996249, 'fire_exp': 1.1430983876313219, 'P_half': 712.8188058401365, 'pre_dampen_half': 10.129197956845726, 'gpp_af': 0.6403036652671174, 'gpp_b': 1.3289448722869181e-05, 'gpp_d': 10.369565216756202, 'ign_k': 2.396079612430075, 'ign_c': 0.1406146398517664, 'trop_agb_crit': 10.691477813613638, 'trop_k_veg': 0.6743482387129308}.[0m
[32m[I 2026-07-18 18:49:45,341][0m Trial 218 finished with values: [-0.03027816592399362, 0.009290839433014897] and parameters: {'k1': 0.011966626407443505, 'D_low': 31.585104499227995, 'k2': 0.0012040762895973265, 'D_high': 29812.370697208808, 'fire_exp': 3.5637467870629145, 'P_half': 9.324787201197319, 'pre_dampen_half': 241.6951931920675, 'gpp_af': 0.10409127568994281, 'gpp_b': 7.007213496896404e-05, 'gpp_d': 8.057329182285729, 'ign_k': 1.0484531351650956, 'ign_c': 30.28574109895626, 'trop_agb_crit': 7.599113148200974, 'trop_k_veg': 0.5772603928610088}.[0m
[32m[I 2026-07-18 18:49:45,823][0m Trial 219 finished with values: [-0.0003821348482525338, 0.0024179615435042656] and parameters: {'k1': 0.00016480446427978953, 'D_low': 37.35862630812753, 'k2': 0.03699867920489092, 'D_high': 61536.58035691659, 'fire_exp': 6.234638880169447, 'P_half': 102.4585893986732, 'pre_dampen_half': 0.2888838362365318, 'gpp_af': 0.6403036652671174, 'gpp_b': 0.0001484082099455773, 'gpp_d': 229.41380323183625, 'ign_k': 5.351470428717439, 'ign_c': 0.12510188850164433, 'trop_agb_crit': 10.691477813613638, 'trop_k_veg': 0.6743482387129308}.[0m
[32m[I 2026-07-18 18:49:46,296][0m Trial 220 finished with values: [-7.693451416919944e-12, 1.9138138851459985e-09] and parameters: {'k1': 3.8751982355100445e-05, 'D_low': 1.9977959434035766, 'k2': 0.0353875886477924, 'D_high': 8182.111518618414, 'fire_exp': 2.878298002135838, 'P_half': 8320.133621840185, 'pre_dampen_half': 0.14126812677903758, 'gpp_af': 0.04403094955951772, 'gpp_b': 0.06315461993576105, 'gpp_d': 0.15875524914818662, 'ign_k': 0.12329098365270519, 'ign_c': 0.3277320296937064, 'trop_agb_crit': 1.0903028125370984, 'trop_k_veg': 0.6984687829911091}.[0m
[32m[I 2026-07-18 18:49:46,746][0m Trial 221 finished with values: [-3.979018300060261e-05, 0.0005955723827356652] and parameters: {'k1': 0.0699458988153545, 'D_low': 94.99072859745384, 'k2': 6.069662445477729e-05, 'D_high': 1578.0309954142967, 'fire_exp': 5.90081778156971, 'P_half': 2.0314811950454943, 'pre_dampen_half': 0.5682966065442919, 'gpp_af': 2.6003623362924246, 'gpp_b': 7.210246166617508e-05, 'gpp_d': 0.3934396739328545, 'ign_k': 0.2970792051473599, 'ign_c': 0.1239046892818203, 'trop_agb_crit': 1.331177446539379, 'trop_k_veg': 1.0923378209074768}.[0m
[32m[I 2026-07-18 18:49:47,190][0m Trial 222 finished with values: [-3.533210873715481e-19, 0.0] and parameters: {'k1': 0.011966626407443505, 'D_low': 70.18267183720735, 'k2': 7.91442361215536e-05, 'D_high': 2940.51756322311, 'fire_exp': 4.969226308995625, 'P_half': 5.076307782729897, 'pre_dampen_half': 107.40052367919465, 'gpp_af': 0.12434469102435375, 'gpp_b': 2.512533442757689, 'gpp_d': 64.20268021730274, 'ign_k': 8.708806168038567, 'ign_c': 30.28574109895626, 'trop_agb_crit': 7.628718523810018, 'trop_k_veg': 6.9782110227926815}.[0m
[32m[I 2026-07-18 18:49:47,638][0m Trial 223 finished with values: [-2.0000000000000005e-60, 0.0] and parameters: {'k1': 0.0376331292637011, 'D_low': 1426.8845807630423, 'k2': 4.042960692360327e-05, 'D_high': 29812.370697208808, 'fire_exp': 2.1871318436814167, 'P_half': 945.7692079529039, 'pre_dampen_half': 0.014711676743602244, 'gpp_af': 0.0038793182938363898, 'gpp_b': 7.007213496896404e-05, 'gpp_d': 102.56162748473065, 'ign_k': 0.12906379659404604, 'ign_c': 192.76545985682404, 'trop_agb_crit': 1.4568555410190271, 'trop_k_veg': 5.2263696497184915}.[0m
[32m[I 2026-07-18 18:49:48,087][0m Trial 224 finished with values: [-0.06132356948730511, 0.04699571573829142] and parameters: {'k1': 0.041833856821460395, 'D_low': 7.299348683062307, 'k2': 1.915468390724633e-05, 'D_high': 21.947742689197344, 'fire_exp': 1.1263716762638152, 'P_half': 712.8188058401365, 'pre_dampen_half': 63.668591607994244, 'gpp_af': 0.6403036652671174, 'gpp_b': 0.0005744663972188569, 'gpp_d': 0.43986836285294123, 'ign_k': 0.12329098365270519, 'ign_c': 15.221840161091619, 'trop_agb_crit': 1.0903028125370984, 'trop_k_veg': 4.4644194212034}.[0m
[32m[I 2026-07-18 18:49:48,540][0m Trial 225 finished with values: [-0.042609588207915515, 0.0429237094352255] and parameters: {'k1': 0.012840669372724958, 'D_low': 3.525936800597896, 'k2': 0.00023295358953467695, 'D_high': 3346.220103048382, 'fire_exp': 1.2918065501148304, 'P_half': 93.43302657318476, 'pre_dampen_half': 10.768254179081206, 'gpp_af': 0.001111693990724459, 'gpp_b': 2.176805640408474e-05, 'gpp_d': 0.03927259340973168, 'ign_k': 0.0029519227433917453, 'ign_c': 0.12510188850164433, 'trop_agb_crit': 12.647327018493208, 'trop_k_veg': 1.0264716153881357}.[0m
[32m[I 2026-07-18 18:49:48,998][0m Trial 226 finished with values: [-2.3004086936435205e-05, 2.709910105136437e-05] and parameters: {'k1': 0.0012056765208549535, 'D_low': 4.075267974954964, 'k2': 0.015827817125573202, 'D_high': 503.20593472868, 'fire_exp': 2.6554044046291967, 'P_half': 175.2878790340412, 'pre_dampen_half': 0.03751320096826995, 'gpp_af': 0.10409127568994281, 'gpp_b': 0.0005392415140872105, 'gpp_d': 8.057329182285729, 'ign_k': 0.004144296901136395, 'ign_c': 8.405439129313676, 'trop_agb_crit': 6.119263728555865, 'trop_k_veg': 0.902411054575325}.[0m
[32m[I 2026-07-18 18:49:49,455][0m Trial 227 finished with values: [-0.002600561304433697, 0.004339159117555447] and parameters: {'k1': 0.012840669372724958, 'D_low': 436.4516946807792, 'k2': 0.0004976087827261435, 'D_high': 1662.6592254031873, 'fire_exp': 1.2918065501148304, 'P_half': 9.277034327414716, 'pre_dampen_half': 0.029208808341780905, 'gpp_af': 30.62518985924679, 'gpp_b': 2.176805640408474e-05, 'gpp_d': 242.00714252738, 'ign_k': 0.023352156626184447, 'ign_c': 39.52220881906112, 'trop_agb_crit': 1.4568555410190271, 'trop_k_veg': 6.45312300188076}.[0m
