[32m[I 2026-07-18 18:52:28,541][0m Trial 570 finished with values: [-1.0931403771795195e-09, 3.3401863497317663e-09] and parameters: {'k1': 0.011966626407443505, 'D_low': 70.18267183720735, 'k2': 7.91442361215536e-05, 'D_high': 774.2116473996249, 'fire_exp': 1.6733848721157607, 'P_half': 7126.727573532312, 'pre_dampen_half': 107.40052367919465, 'gpp_af': 0.6403036652671174, 'gpp_b': 3.083723329640505, 'gpp_d': 757.2868182332339, 'ign_k': 8.708806168038567, 'ign_c': 30.28574109895626, 'trop_agb_crit': 1.331177446539379, 'trop_k_veg': 3.1473758868965485}.[0m
[32m[I 2026-07-18 18:52:28,997][0m Trial 571 finished with values: [-0.01065849293801345, 0.0019294024479969973] and parameters: {'k1': 0.011966626407443505, 'D_low': 70.18267183720735, 'k2': 0.0353875886477924, 'D_high': 774.2116473996249, 'fire_exp': 1.2611826901294014, 'P_half': 712.8188058401365, 'pre_dampen_half': 0.029662981696401067, 'gpp_af': 0.6403036652671174, 'gpp_b': 2.6738182964551835e-05, 'gpp_d': 0.3934396739328545, 'ign_k': 2.6154135744949625, 'ign_c': 5.130551760589832, 'trop_agb_crit': 15.961316409649486, 'trop_k_veg': 3.1473758868965485}.[0m
[32m[I 2026-07-18 18:52:29,460][0m Trial 572 finished with values: [-0.26695246036167797, 0.24415525289353013] and parameters: {'k1': 0.041833856821460395, 'D_low': 7.299348683062307, 'k2': 0.026471946255259393, 'D_high': 84090.06963311558, 'fire_exp': 1.6733848721157607, 'P_half': 4.346890702031289, 'pre_dampen_half': 2.9046276683520444, 'gpp_af': 22.851664167592137, 'gpp_b': 3.43926796010005e-05, 'gpp_d': 9.51028874815853, 'ign_k': 0.12329098365270519, 'ign_c': 5.130551760589832, 'trop_agb_crit': 1.0903028125370984, 'trop_k_veg': 4.9897488945787245}.[0m
[32m[I 2026-07-18 18:52:29,921][0m Trial 573 finished with values: [-3.658058975811132e-07, 5.424553388699849e-07] and parameters: {'k1': 0.01889771394135163, 'D_low': 31.585104499227995, 'k2': 0.0001971137615017176, 'D_high': 78.57247967427125, 'fire_exp': 3.2181803496180783, 'P_half': 3554.812765190894, 'pre_dampen_half': 2.8932721207381635, 'gpp_af': 0.27997858752477867, 'gpp_b': 0.01666658176842624, 'gpp_d': 8.057329182285729, 'ign_k': 8.708806168038567, 'ign_c': 20.23326185206641, 'trop_agb_crit': 1.285305820648146, 'trop_k_veg': 2.5878603012249104}.[0m
[32m[I 2026-07-18 18:52:30,375][0m Trial 574 finished with values: [-0.00033071214175605496, 1.8984010023981313e-05] and parameters: {'k1': 0.011966626407443505, 'D_low': 31.585104499227995, 'k2': 0.0012040762895973265, 'D_high': 61536.58035691659, 'fire_exp': 3.5637467870629145, 'P_half': 712.8188058401365, 'pre_dampen_half': 0.17224846962214363, 'gpp_af': 0.6403036652671174, 'gpp_b': 0.15001120799850567, 'gpp_d': 8.057329182285729, 'ign_k': 1.0484531351650956, 'ign_c': 5.130551760589832, 'trop_agb_crit': 1.6878075072665546, 'trop_k_veg': 1.7664838950757564}.[0m
[32m[I 2026-07-18 18:52:30,831][0m Trial 575 finished with values: [-0.00046961896470735766, 0.00016363793331275467] and parameters: {'k1': 0.0012056765208549535, 'D_low': 70.18267183720735, 'k2': 0.012758211164590085, 'D_high': 503.20593472868, 'fire_exp': 1.165368636520435, 'P_half': 3554.812765190894, 'pre_dampen_half': 0.2128140089453379, 'gpp_af': 0.10409127568994281, 'gpp_b': 6.369295096609023e-05, 'gpp_d': 660.9129108295722, 'ign_k': 1.0484531351650956, 'ign_c': 20.23326185206641, 'trop_agb_crit': 1.553492793799819, 'trop_k_veg': 0.902411054575325}.[0m
[32m[I 2026-07-18 18:52:31,284][0m Trial 576 finished with values: [-0.00023682871193548812, 1.609423991355552e-05] and parameters: {'k1': 0.03040882260558899, 'D_low': 60.42560675552672, 'k2': 0.032845299795769396, 'D_high': 29812.370697208808, 'fire_exp': 1.6733848721157607, 'P_half': 3554.812765190894, 'pre_dampen_half': 0.011501973785501987, 'gpp_af': 0.00515795696727661, 'gpp_b': 0.0005752434266899163, 'gpp_d': 64.20268021730274, 'ign_k': 0.48986208235548445, 'ign_c': 20.03995359361212, 'trop_agb_crit': 1.331177446539379, 'trop_k_veg': 3.49157152291552}.[0m
[32m[I 2026-07-18 18:52:31,757][0m Trial 577 finished with values: [-1.4009518655529836e-07, 3.646496349318795e-07] and parameters: {'k1': 0.0011462237838612073, 'D_low': 31.585104499227995, 'k2': 0.015827817125573202, 'D_high': 503.20593472868, 'fire_exp': 3.2181803496180783, 'P_half': 3554.812765190894, 'pre_dampen_half': 0.011501973785501987, 'gpp_af': 0.27997858752477867, 'gpp_b': 0.01666658176842624, 'gpp_d': 64.20268021730274, 'ign_k': 8.708806168038567, 'ign_c': 20.23326185206641, 'trop_agb_crit': 6.119263728555865, 'trop_k_veg': 1.3537238576571817}.[0m
[32m[I 2026-07-18 18:52:32,220][0m Trial 578 finished with values: [-4.5353000619732414e-07, 8.67863236830857e-09] and parameters: {'k1': 0.011966626407443505, 'D_low': 355.00125258511594, 'k2': 0.0353875886477924, 'D_high': 1662.6592254031873, 'fire_exp': 3.5637467870629145, 'P_half': 712.8188058401365, 'pre_dampen_half': 107.40052367919465, 'gpp_af': 0.7539992074650282, 'gpp_b': 0.42247700890263673, 'gpp_d': 64.20268021730274, 'ign_k': 8.708806168038567, 'ign_c': 30.28574109895626, 'trop_agb_crit': 1.0903028125370984, 'trop_k_veg': 0.6743482387129308}.[0m
[32m[I 2026-07-18 18:52:32,682][0m Trial 579 finished with values: [-0.5825864497759798, 0.053786479986267066] and parameters: {'k1': 0.01889771394135163, 'D_low': 70.18267183720735, 'k2': 0.0012040762895973265, 'D_high': 1578.0309954142967, 'fire_exp': 1.423480109671474, 'P_half': 9.324787201197319, 'pre_dampen_half': 241.6951931920675, 'gpp_af': 0.10409127568994281, 'gpp_b': 1.598364670380439e-05, 'gpp_d': 8.057329182285729, 'ign_k': 5.351470428717439, 'ign_c': 20.03995359361212, 'trop_agb_crit': 1.331177446539379, 'trop_k_veg': 2.587938629755798}.[0m
[32m[I 2026-07-18 18:52:33,144][0m Trial 580 finished with values: [-0.000536748086334551, 4.7030343842902056e-05] and parameters: {'k1': 0.02938501958389821, 'D_low': 70.18267183720735, 'k2': 0.019894080167856897, 'D_high': 45914.85216740541, 'fire_exp': 1.6733848721157607, 'P_half': 3554.812765190894, 'pre_dampen_half': 0.011501973785501987, 'gpp_af': 0.0038793182938363898, 'gpp_b': 7.007213496896404e-05, 'gpp_d': 757.2868182332339, 'ign_k': 8.708806168038567, 'ign_c': 20.03995359361212, 'trop_agb_crit': 1.7439923992959638, 'trop_k_veg': 4.9897488945787245}.[0m
[32m[I 2026-07-18 18:52:33,602][0m Trial 581 finished with values: [-0.0001947027292581384, 4.0420996387791064e-05] and parameters: {'k1': 0.01889771394135163, 'D_low': 1.9977959434035766, 'k2': 0.00035868164986275477, 'D_high': 8182.111518618414, 'fire_exp': 1.6733848721157607, 'P_half': 3554.812765190894, 'pre_dampen_half': 0.2888838362365318, 'gpp_af': 0.0038793182938363898, 'gpp_b': 7.007213496896404e-05, 'gpp_d': 64.20268021730274, 'ign_k': 0.12906379659404604, 'ign_c': 20.03995359361212, 'trop_agb_crit': 3.799798565960999, 'trop_k_veg': 0.6743482387129308}.[0m
[32m[I 2026-07-18 18:52:34,057][0m Trial 582 finished with values: [-0.0005661906467434694, 0.0002140615313088734] and parameters: {'k1': 0.0003667128654092894, 'D_low': 70.18267183720735, 'k2': 0.012758211164590085, 'D_high': 29812.370697208808, 'fire_exp': 1.6733848721157607, 'P_half': 712.8188058401365, 'pre_dampen_half': 3.3841016089580047, 'gpp_af': 0.0038793182938363898, 'gpp_b': 0.006906522645653115, 'gpp_d': 21.14381609520636, 'ign_k': 5.351470428717439, 'ign_c': 15.221840161091619, 'trop_agb_crit': 7.499945891579917, 'trop_k_veg': 7.349516226591225}.[0m
[32m[I 2026-07-18 18:52:34,522][0m Trial 583 finished with values: [-0.014972485492643333, 0.0010061194725206057] and parameters: {'k1': 0.01889771394135163, 'D_low': 70.18267183720735, 'k2': 0.0007047307383115598, 'D_high': 107.7788960207927, 'fire_exp': 1.423480109671474, 'P_half': 221.2683656611821, 'pre_dampen_half': 3.3841016089580047, 'gpp_af': 0.001111693990724459, 'gpp_b': 1.598364670380439e-05, 'gpp_d': 229.41380323183625, 'ign_k': 5.351470428717439, 'ign_c': 20.03995359361212, 'trop_agb_crit': 1.331177446539379, 'trop_k_veg': 1.0594599158279707}.[0m
[32m[I 2026-07-18 18:52:34,989][0m Trial 584 finished with values: [-0.6062062616310997, 0.04629215242765139] and parameters: {'k1': 0.01889771394135163, 'D_low': 70.18267183720735, 'k2': 0.032845299795769396, 'D_high': 2940.51756322311, 'fire_exp': 1.450870712623418, 'P_half': 12.808863354047988, 'pre_dampen_half': 107.40052367919465, 'gpp_af': 0.1476584299248268, 'gpp_b': 0.0005752434266899163, 'gpp_d': 660.9129108295722, 'ign_k': 1.0484531351650956, 'ign_c': 20.03995359361212, 'trop_agb_crit': 2.1861040860339416, 'trop_k_veg': 0.902411054575325}.[0m
[32m[I 2026-07-18 18:52:35,452][0m Trial 585 finished with values: [-5.055914146612061e-05, 1.1245672381643423e-05] and parameters: {'k1': 0.04541457206426161, 'D_low': 7.299348683062307, 'k2': 0.019894080167856897, 'D_high': 2940.51756322311, 'fire_exp': 1.6733848721157607, 'P_half': 7126.727573532312, 'pre_dampen_half': 0.011501973785501987, 'gpp_af': 0.0038793182938363898, 'gpp_b': 0.0012213924959062798, 'gpp_d': 757.2868182332339, 'ign_k': 8.708806168038567, 'ign_c': 1.958059531975039, 'trop_agb_crit': 1.285305820648146, 'trop_k_veg': 4.9897488945787245}.[0m
[32m[I 2026-07-18 18:52:35,910][0m Trial 586 finished with values: [-0.0003969842358421222, 2.390035455546169e-05] and parameters: {'k1': 0.0012056765208549535, 'D_low': 70.18267183720735, 'k2': 0.012758211164590085, 'D_high': 2940.51756322311, 'fire_exp': 1.165368636520435, 'P_half': 12.808863354047988, 'pre_dampen_half': 0.03751320096826995, 'gpp_af': 0.27997858752477867, 'gpp_b': 0.01666658176842624, 'gpp_d': 660.9129108295722, 'ign_k': 1.0484531351650956, 'ign_c': 29.690870944846793, 'trop_agb_crit': 3.5747129226002423, 'trop_k_veg': 0.902411054575325}.[0m
[32m[I 2026-07-18 18:52:36,364][0m Trial 587 finished with values: [-4.4162924716976593e-07, 3.423218135623074e-07] and parameters: {'k1': 0.01889771394135163, 'D_low': 70.18267183720735, 'k2': 0.0012040762895973265, 'D_high': 146.1896279370497, 'fire_exp': 1.450870712623418, 'P_half': 3554.812765190894, 'pre_dampen_half': 0.2888838362365318, 'gpp_af': 1.921689966904808, 'gpp_b': 0.42247700890263673, 'gpp_d': 64.20268021730274, 'ign_k': 0.48986208235548445, 'ign_c': 30.28574109895626, 'trop_agb_crit': 24.584290528289387, 'trop_k_veg': 1.9938441068366919}.[0m
[32m[I 2026-07-18 18:52:36,821][0m Trial 588 finished with values: [-0.013071530839265677, 0.003959574615250316] and parameters: {'k1': 0.0001998758192761449, 'D_low': 70.18267183720735, 'k2': 0.032845299795769396, 'D_high': 1236.6924205139144, 'fire_exp': 1.450870712623418, 'P_half': 220.3445560633069, 'pre_dampen_half': 0.9166964238460101, 'gpp_af': 7.368271642921839, 'gpp_b': 0.00431329787498825, 'gpp_d': 21.14381609520636, 'ign_k': 0.07091190338709638, 'ign_c': 1.6051347487097574, 'trop_agb_crit': 12.71480504859747, 'trop_k_veg': 4.4644194212034}.[0m
[32m[I 2026-07-18 18:52:37,280][0m Trial 589 finished with values: [-0.015734875030201868, 0.0027072285343199276] and parameters: {'k1': 0.004312951023617458, 'D_low': 1.9977959434035766, 'k2': 0.026471946255259393, 'D_high': 3712.591045287733, 'fire_exp': 8.924977849661843, 'P_half': 3.3380638755873893, 'pre_dampen_half': 0.5682966065442919, 'gpp_af': 0.7539992074650282, 'gpp_b': 0.0005744663972188569, 'gpp_d': 150.14555442537656, 'ign_k': 0.48986208235548445, 'ign_c': 15.221840161091619, 'trop_agb_crit': 24.584290528289387, 'trop_k_veg': 0.5772603928610088}.[0m
[32m[I 2026-07-18 18:52:37,763][0m Trial 590 finished with values: [-3.1966207660603554e-14, 1.2457768150397897e-10] and parameters: {'k1': 0.01889771394135163, 'D_low': 4.484744524732794, 'k2': 0.0353875886477924, 'D_high': 774.2116473996249, 'fire_exp': 9.328698242431635, 'P_half': 3554.812765190894, 'pre_dampen_half': 107.40052367919465, 'gpp_af': 0.1476584299248268, 'gpp_b': 0.0005744663972188569, 'gpp_d': 2.944272359149678, 'ign_k': 0.0020161527752598613, 'ign_c': 6.5336845932249705, 'trop_agb_crit': 24.584290528289387, 'trop_k_veg': 6.9782110227926815}.[0m
[32m[I 2026-07-18 18:52:38,225][0m Trial 591 finished with values: [-3.7309453444186373e-07, 5.957127100497672e-07] and parameters: {'k1': 0.01889771394135163, 'D_low': 70.18267183720735, 'k2': 0.00035868164986275477, 'D_high': 78.57247967427125, 'fire_exp': 3.2181803496180783, 'P_half': 3554.812765190894, 'pre_dampen_half': 2.8932721207381635, 'gpp_af': 0.27997858752477867, 'gpp_b': 0.01666658176842624, 'gpp_d': 8.057329182285729, 'ign_k': 8.708806168038567, 'ign_c': 20.23326185206641, 'trop_agb_crit': 3.799798565960999, 'trop_k_veg': 4.9897488945787245}.[0m
[32m[I 2026-07-18 18:52:38,682][0m Trial 592 finished with values: [-2.5496612020473283e-05, 1.9360444536875576e-05] and parameters: {'k1': 0.01889771394135163, 'D_low': 70.18267183720735, 'k2': 0.00035868164986275477, 'D_high': 2940.51756322311, 'fire_exp': 1.6733848721157607, 'P_half': 3554.812765190894, 'pre_dampen_half': 0.011501973785501987, 'gpp_af': 0.015144408538724483, 'gpp_b': 7.007213496896404e-05, 'gpp_d': 64.20268021730274, 'ign_k': 0.0019678273362633988, 'ign_c': 20.03995359361212, 'trop_agb_crit': 3.799798565960999, 'trop_k_veg': 4.9897488945787245}.[0m
[32m[I 2026-07-18 18:52:39,147][0m Trial 593 finished with values: [-0.0005484380081684918, 0.00031687267901192584] and parameters: {'k1': 0.041833856821460395, 'D_low': 31.585104499227995, 'k2': 0.0007047307383115598, 'D_high': 61536.58035691659, 'fire_exp': 1.450870712623418, 'P_half': 3554.812765190894, 'pre_dampen_half': 0.011501973785501987, 'gpp_af': 0.25562996323356013, 'gpp_b': 0.0005744663972188569, 'gpp_d': 229.41380323183625, 'ign_k': 0.12906379659404604, 'ign_c': 20.23326185206641, 'trop_agb_crit': 24.584290528289387, 'trop_k_veg': 0.8674561439130763}.[0m
[32m[I 2026-07-18 18:52:39,616][0m Trial 594 finished with values: [-1.2003579659131225e-05, 3.85555290993711e-06] and parameters: {'k1': 0.01889771394135163, 'D_low': 4.775640431359602, 'k2': 0.032845299795769396, 'D_high': 2940.51756322311, 'fire_exp': 3.3095881169246266, 'P_half': 3554.812765190894, 'pre_dampen_half': 0.011501973785501987, 'gpp_af': 0.1476584299248268, 'gpp_b': 0.0005752434266899163, 'gpp_d': 64.20268021730274, 'ign_k': 8.708806168038567, 'ign_c': 20.03995359361212, 'trop_agb_crit': 3.5747129226002423, 'trop_k_veg': 6.9782110227926815}.[0m
[32m[I 2026-07-18 18:52:40,122][0m Trial 595 finished with values: [-0.011938693053358637, 0.0021380252861638027] and parameters: {'k1': 0.004053638704742309, 'D_low': 1.9977959434035766, 'k2': 0.0002228500345352386, 'D_high': 8182.111518618414, 'fire_exp': 1.423480109671474, 'P_half': 712.8188058401365, 'pre_dampen_half': 0.2888838362365318, 'gpp_af': 0.01719951378854337, 'gpp_b': 7.007213496896404e-05, 'gpp_d': 150.14555442537656, 'ign_k': 5.351470428717439, 'ign_c': 5.130551760589832, 'trop_agb_crit': 1.0903028125370984, 'trop_k_veg': 0.6743482387129308}.[0m
[32m[I 2026-07-18 18:52:40,676][0m Trial 596 finished with values: [-0.0016647319776614017, 0.002537459073467696] and parameters: {'k1': 0.04541457206426161, 'D_low': 2067.91871434888, 'k2': 0.0353875886477924, 'D_high': 8182.111518618414, 'fire_exp': 2.100650708889295, 'P_half': 175.2878790340412, 'pre_dampen_half': 1.4270448359329702, 'gpp_af': 0.01719951378854337, 'gpp_b': 7.007213496896404e-05, 'gpp_d': 150.14555442537656, 'ign_k': 0.12329098365270519, 'ign_c': 8.405439129313676, 'trop_agb_crit': 1.0903028125370984, 'trop_k_veg': 0.902411054575325}.[0m
[32m[I 2026-07-18 18:52:41,218][0m Trial 597 finished with values: [-2.0834241288283998e-11, 1.6454285711731131e-09] and parameters: {'k1': 0.004053638704742309, 'D_low': 70.18267183720735, 'k2': 0.012758211164590085, 'D_high': 2940.51756322311, 'fire_exp': 5.311995034756393, 'P_half': 712.8188058401365, 'pre_dampen_half': 3.3841016089580047, 'gpp_af': 0.7539992074650282, 'gpp_b': 3.083723329640505, 'gpp_d': 21.14381609520636, 'ign_k': 5.351470428717439, 'ign_c': 15.221840161091619, 'trop_agb_crit': 7.499945891579917, 'trop_k_veg': 0.902411054575325}.[0m
[32m[I 2026-07-18 18:52:41,707][0m Trial 598 finished with values: [-7.684922687495482e-07, 7.202094365332812e-09] and parameters: {'k1': 0.0699458988153545, 'D_low': 7.299348683062307, 'k2': 0.0005342937261279771, 'D_high': 29812.370697208808, 'fire_exp': 6.234638880169447, 'P_half': 323.6099399575106, 'pre_dampen_half': 0.1875872314533727, 'gpp_af': 0.2901272149738624, 'gpp_b': 0.006906522645653115, 'gpp_d': 757.2868182332339, 'ign_k': 2.396079612430075, 'ign_c': 30.28574109895626, 'trop_agb_crit': 1.331177446539379, 'trop_k_veg': 0.6743482387129308}.[0m
[32m[I 2026-07-18 18:52:42,194][0m Trial 599 finished with values: [-0.002570269375602541, 0.0009292924602540831] and parameters: {'k1': 0.04541457206426161, 'D_low': 1.9977959434035766, 'k2': 0.00035868164986275477, 'D_high': 774.2116473996249, 'fire_exp': 2.100650708889295, 'P_half': 175.2878790340412, 'pre_dampen_half': 0.03751320096826995, 'gpp_af': 0.10409127568994281, 'gpp_b': 7.007213496896404e-05, 'gpp_d': 2.944272359149678, 'ign_k': 0.12329098365270519, 'ign_c': 5.130551760589832, 'trop_agb_crit': 2.4645410377327237, 'trop_k_veg': 0.6743482387129308}.[0m
[32m[I 2026-07-18 18:52:42,650][0m Trial 600 finished with values: [-0.00012537860305634658, 1.9212800828949383e-05] and parameters: {'k1': 2.316457903103837e-05, 'D_low': 70.18267183720735, 'k2': 0.00035868164986275477, 'D_high': 45914.85216740541, 'fire_exp': 1.423480109671474, 'P_half': 3554.812765190894, 'pre_dampen_half': 0.011501973785501987, 'gpp_af': 0.001111693990724459, 'gpp_b': 7.007213496896404e-05, 'gpp_d': 64.20268021730274, 'ign_k': 5.351470428717439, 'ign_c': 20.03995359361212, 'trop_agb_crit': 1.331177446539379, 'trop_k_veg': 3.49157152291552}.[0m
[32m[I 2026-07-18 18:52:43,114][0m Trial 601 finished with values: [-1.1813114000145909e-07, 6.128525316118072e-07] and parameters: {'k1': 0.04541457206426161, 'D_low': 7.299348683062307, 'k2': 1.4403740929157842e-05, 'D_high': 2940.51756322311, 'fire_exp': 2.561257322703973, 'P_half': 7126.727573532312, 'pre_dampen_half': 0.2888838362365318, 'gpp_af': 0.0038793182938363898, 'gpp_b': 0.0012213924959062798, 'gpp_d': 757.2868182332339, 'ign_k': 8.708806168038567, 'ign_c': 1.958059531975039, 'trop_agb_crit': 7.599113148200974, 'trop_k_veg': 0.902411054575325}.[0m
[32m[I 2026-07-18 18:52:43,583][0m Trial 602 finished with values: [-7.51365395414628e-09, 1.218102041455893e-08] and parameters: {'k1': 9.882278532808775e-05, 'D_low': 70.18267183720735, 'k2': 0.012758211164590085, 'D_high': 15351.441568398131, 'fire_exp': 2.61565689708108, 'P_half': 3554.812765190894, 'pre_dampen_half': 0.2128140089453379, 'gpp_af': 0.7539992074650282, 'gpp_b': 0.01666658176842624, 'gpp_d': 21.14381609520636, 'ign_k': 0.48986208235548445, 'ign_c': 29.690870944846793, 'trop_agb_crit': 3.5747129226002423, 'trop_k_veg': 6.9782110227926815}.[0m
[32m[I 2026-07-18 18:52:44,053][0m Trial 603 finished with values: [-0.00012939241750530567, 4.359999846270668e-06] and parameters: {'k1': 0.07799059237255677, 'D_low': 7.46475488144212, 'k2': 0.0005342937261279771, 'D_high': 8559.572793311803, 'fire_exp': 1.423480109671474, 'P_half': 712.8188058401365, 'pre_dampen_half': 0.03751320096826995, 'gpp_af': 0.27997858752477867, 'gpp_b': 0.01666658176842624, 'gpp_d': 660.9129108295722, 'ign_k': 5.351470428717439, 'ign_c': 29.690870944846793, 'trop_agb_crit': 1.6878075072665546, 'trop_k_veg': 6.9782110227926815}.[0m
[32m[I 2026-07-18 18:52:44,514][0m Trial 604 finished with values: [-9.238333510939316e-13, 0.0] and parameters: {'k1': 0.0699458988153545, 'D_low': 7.299348683062307, 'k2': 0.0005342937261279771, 'D_high': 60107.420288647445, 'fire_exp': 6.234638880169447, 'P_half': 323.6099399575106, 'pre_dampen_half': 0.1875872314533727, 'gpp_af': 0.2901272149738624, 'gpp_b': 0.2272730825106818, 'gpp_d': 757.2868182332339, 'ign_k': 2.396079612430075, 'ign_c': 30.28574109895626, 'trop_agb_crit': 1.0903028125370984, 'trop_k_veg': 0.6743482387129308}.[0m
[32m[I 2026-07-18 18:52:44,985][0m Trial 605 finished with values: [-1.5906932728879602e-05, 1.662480917929976e-05] and parameters: {'k1': 0.07799059237255677, 'D_low': 7.299348683062307, 'k2': 0.0007047307383115598, 'D_high': 1177.190025324204, 'fire_exp': 1.423480109671474, 'P_half': 3554.812765190894, 'pre_dampen_half': 0.2888838362365318, 'gpp_af': 0.10409127568994281, 'gpp_b': 0.2272730825106818, 'gpp_d': 229.41380323183625, 'ign_k': 8.708806168038567, 'ign_c': 5.130551760589832, 'trop_agb_crit': 1.6878075072665546, 'trop_k_veg': 0.5772603928610088}.[0m
[32m[I 2026-07-18 18:52:45,460][0m Trial 606 finished with values: [-0.012629889647826109, 0.0005661542373227579] and parameters: {'k1': 0.041833856821460395, 'D_low': 4.484744524732794, 'k2': 0.0007047307383115598, 'D_high': 61536.58035691659, 'fire_exp': 1.6733848721157607, 'P_half': 220.3445560633069, 'pre_dampen_half': 0.011501973785501987, 'gpp_af': 0.7539992074650282, 'gpp_b': 0.050451016347432494, 'gpp_d': 229.41380323183625, 'ign_k': 0.48986208235548445, 'ign_c': 5.130551760589832, 'trop_agb_crit': 1.285305820648146, 'trop_k_veg': 0.8674561439130763}.[0m
[32m[I 2026-07-18 18:52:45,931][0m Trial 607 finished with values: [-1.4946704377985633e-13, 0.0] and parameters: {'k1': 0.01889771394135163, 'D_low': 671.5971856456824, 'k2': 0.0005342937261279771, 'D_high': 2940.51756322311, 'fire_exp': 6.234638880169447, 'P_half': 3554.812765190894, 'pre_dampen_half': 0.2888838362365318, 'gpp_af': 0.6403036652671174, 'gpp_b': 0.15001120799850567, 'gpp_d': 229.41380323183625, 'ign_k': 8.708806168038567, 'ign_c': 20.03995359361212, 'trop_agb_crit': 1.6878075072665546, 'trop_k_veg': 6.9782110227926815}.[0m
