[32m[I 2026-07-18 18:56:09,018][0m Trial 1026 finished with values: [-0.0015496118627686382, 9.9014713429324e-05] and parameters: {'k1': 0.07799059237255677, 'D_low': 70.18267183720735, 'k2': 0.0012040762895973265, 'D_high': 8559.572793311803, 'fire_exp': 1.423480109671474, 'P_half': 221.2683656611821, 'pre_dampen_half': 0.010585220389440335, 'gpp_af': 0.7539992074650282, 'gpp_b': 0.34011244465350415, 'gpp_d': 229.41380323183625, 'ign_k': 0.011486447007152052, 'ign_c': 15.221840161091619, 'trop_agb_crit': 24.584290528289387, 'trop_k_veg': 0.6743482387129308}.[0m
[32m[I 2026-07-18 18:56:09,487][0m Trial 1027 finished with values: [-0.47195795872099633, 0.09620111438791634] and parameters: {'k1': 0.041833856821460395, 'D_low': 1.212773905999145, 'k2': 0.032845299795769396, 'D_high': 3712.591045287733, 'fire_exp': 1.6733848721157607, 'P_half': 310.3604223881657, 'pre_dampen_half': 107.40052367919465, 'gpp_af': 0.1476584299248268, 'gpp_b': 3.111931329093809e-05, 'gpp_d': 660.9129108295722, 'ign_k': 1.0484531351650956, 'ign_c': 15.221840161091619, 'trop_agb_crit': 2.1861040860339416, 'trop_k_veg': 0.6743482387129308}.[0m
[32m[I 2026-07-18 18:56:09,968][0m Trial 1028 finished with values: [-0.05072335044617049, 0.0009583358075350157] and parameters: {'k1': 0.01889771394135163, 'D_low': 70.18267183720735, 'k2': 0.032845299795769396, 'D_high': 2940.51756322311, 'fire_exp': 1.6733848721157607, 'P_half': 9.324787201197319, 'pre_dampen_half': 0.2888838362365318, 'gpp_af': 0.01719951378854337, 'gpp_b': 0.0005752434266899163, 'gpp_d': 64.20268021730274, 'ign_k': 7.437725385707935, 'ign_c': 20.03995359361212, 'trop_agb_crit': 7.599113148200974, 'trop_k_veg': 6.9782110227926815}.[0m
[32m[I 2026-07-18 18:56:10,445][0m Trial 1029 finished with values: [-0.038578690510902985, 0.0031241826137811124] and parameters: {'k1': 0.01889771394135163, 'D_low': 7.46475488144212, 'k2': 0.0005342937261279771, 'D_high': 2940.51756322311, 'fire_exp': 1.0629462657398439, 'P_half': 712.8188058401365, 'pre_dampen_half': 0.32782478097825357, 'gpp_af': 0.7539992074650282, 'gpp_b': 0.0021331409710300844, 'gpp_d': 150.14555442537656, 'ign_k': 5.351470428717439, 'ign_c': 20.03995359361212, 'trop_agb_crit': 24.584290528289387, 'trop_k_veg': 1.3571174947037614}.[0m
[32m[I 2026-07-18 18:56:10,905][0m Trial 1030 finished with values: [-1.7733408578591707e-05, 8.036185422666264e-07] and parameters: {'k1': 0.007530210437963516, 'D_low': 70.18267183720735, 'k2': 0.032845299795769396, 'D_high': 2940.51756322311, 'fire_exp': 6.234638880169447, 'P_half': 323.6099399575106, 'pre_dampen_half': 0.0399066504395798, 'gpp_af': 0.001111693990724459, 'gpp_b': 0.0005744663972188569, 'gpp_d': 1.8701940579227916, 'ign_k': 5.351470428717439, 'ign_c': 20.03995359361212, 'trop_agb_crit': 7.861566638880103, 'trop_k_veg': 4.1676646713442125}.[0m
  trial 1031/2500  pareto_size=50  best_taylor=0.7247  best_ilamb=0.5954  (8.1 min)
[32m[I 2026-07-18 18:56:11,522][0m Trial 1031 finished with values: [-1.6849078083982125e-06, 1.9956672980825374e-08] and parameters: {'k1': 0.007530210437963516, 'D_low': 70.18267183720735, 'k2': 0.00015197743481843557, 'D_high': 3712.591045287733, 'fire_exp': 1.6733848721157607, 'P_half': 712.8188058401365, 'pre_dampen_half': 0.0399066504395798, 'gpp_af': 0.001111693990724459, 'gpp_b': 0.0005744663972188569, 'gpp_d': 1.8701940579227916, 'ign_k': 5.351470428717439, 'ign_c': 29.690870944846793, 'trop_agb_crit': 1.6878075072665546, 'trop_k_veg': 2.587938629755798}.[0m
[32m[I 2026-07-18 18:56:11,976][0m Trial 1032 finished with values: [-3.131763647048724e-05, 2.5001860088913475e-06] and parameters: {'k1': 0.007530210437963516, 'D_low': 70.18267183720735, 'k2': 0.012758211164590085, 'D_high': 11936.92846763647, 'fire_exp': 5.311995034756393, 'P_half': 712.8188058401365, 'pre_dampen_half': 0.03751320096826995, 'gpp_af': 0.0022961065892443786, 'gpp_b': 0.0005752434266899163, 'gpp_d': 8.057329182285729, 'ign_k': 8.708806168038567, 'ign_c': 5.130551760589832, 'trop_agb_crit': 1.331177446539379, 'trop_k_veg': 3.1473758868965485}.[0m
[32m[I 2026-07-18 18:56:12,432][0m Trial 1033 finished with values: [-0.23539948446512424, 0.012401085637350762] and parameters: {'k1': 0.041833856821460395, 'D_low': 7.299348683062307, 'k2': 0.032845299795769396, 'D_high': 1236.6924205139144, 'fire_exp': 1.6733848721157607, 'P_half': 315.2494048956088, 'pre_dampen_half': 241.6951931920675, 'gpp_af': 0.001111693990724459, 'gpp_b': 0.0005744663972188569, 'gpp_d': 660.9129108295722, 'ign_k': 5.351470428717439, 'ign_c': 20.03995359361212, 'trop_agb_crit': 1.0903028125370984, 'trop_k_veg': 4.4644194212034}.[0m
[32m[I 2026-07-18 18:56:12,915][0m Trial 1034 finished with values: [-0.018921184836613137, 0.0004297289164303386] and parameters: {'k1': 0.041833856821460395, 'D_low': 70.18267183720735, 'k2': 0.032845299795769396, 'D_high': 3712.591045287733, 'fire_exp': 3.231633698316772, 'P_half': 33.70998494872883, 'pre_dampen_half': 0.03751320096826995, 'gpp_af': 0.06002934191396867, 'gpp_b': 0.00431329787498825, 'gpp_d': 660.9129108295722, 'ign_k': 1.0484531351650956, 'ign_c': 1.6051347487097574, 'trop_agb_crit': 2.012913102604422, 'trop_k_veg': 4.4644194212034}.[0m
[32m[I 2026-07-18 18:56:13,385][0m Trial 1035 finished with values: [-5.267924242010475e-07, 5.434595111708518e-07] and parameters: {'k1': 0.007530210437963516, 'D_low': 7.299348683062307, 'k2': 0.026471946255259393, 'D_high': 8559.572793311803, 'fire_exp': 1.6733848721157607, 'P_half': 221.2683656611821, 'pre_dampen_half': 0.03751320096826995, 'gpp_af': 0.001111693990724459, 'gpp_b': 0.01666658176842624, 'gpp_d': 660.9129108295722, 'ign_k': 0.48986208235548445, 'ign_c': 20.03995359361212, 'trop_agb_crit': 1.0903028125370984, 'trop_k_veg': 6.9782110227926815}.[0m
[32m[I 2026-07-18 18:56:13,857][0m Trial 1036 finished with values: [-0.0557058623507595, 0.001362597347011385] and parameters: {'k1': 0.04541457206426161, 'D_low': 7.299348683062307, 'k2': 0.005082220961627801, 'D_high': 3712.591045287733, 'fire_exp': 1.6733848721157607, 'P_half': 221.2683656611821, 'pre_dampen_half': 0.5682966065442919, 'gpp_af': 0.01719951378854337, 'gpp_b': 0.0005744663972188569, 'gpp_d': 660.9129108295722, 'ign_k': 0.48986208235548445, 'ign_c': 15.221840161091619, 'trop_agb_crit': 2.1861040860339416, 'trop_k_veg': 3.49157152291552}.[0m
[32m[I 2026-07-18 18:56:14,330][0m Trial 1037 finished with values: [-0.501599189325174, 0.050173058852048924] and parameters: {'k1': 0.041833856821460395, 'D_low': 1.7026376946063253, 'k2': 0.032845299795769396, 'D_high': 2940.51756322311, 'fire_exp': 1.450870712623418, 'P_half': 323.6099399575106, 'pre_dampen_half': 107.40052367919465, 'gpp_af': 0.008075914984851893, 'gpp_b': 0.0005744663972188569, 'gpp_d': 64.20268021730274, 'ign_k': 5.351470428717439, 'ign_c': 20.03995359361212, 'trop_agb_crit': 24.584290528289387, 'trop_k_veg': 0.7000576665556255}.[0m
[32m[I 2026-07-18 18:56:14,839][0m Trial 1038 finished with values: [-0.04899529432648193, 0.005853470391078086] and parameters: {'k1': 0.041833856821460395, 'D_low': 70.18267183720735, 'k2': 0.026471946255259393, 'D_high': 2940.51756322311, 'fire_exp': 1.423480109671474, 'P_half': 221.2683656611821, 'pre_dampen_half': 107.40052367919465, 'gpp_af': 0.01719951378854337, 'gpp_b': 0.04898665760408784, 'gpp_d': 660.9129108295722, 'ign_k': 8.708806168038567, 'ign_c': 20.03995359361212, 'trop_agb_crit': 13.938884581439597, 'trop_k_veg': 6.9782110227926815}.[0m
[32m[I 2026-07-18 18:56:15,328][0m Trial 1039 finished with values: [-0.0012507432763896778, 2.3744733528285877e-05] and parameters: {'k1': 0.07799059237255677, 'D_low': 376.3717463557541, 'k2': 0.0013219302264066773, 'D_high': 3712.591045287733, 'fire_exp': 3.231633698316772, 'P_half': 64.13139914374976, 'pre_dampen_half': 0.03751320096826995, 'gpp_af': 0.1476584299248268, 'gpp_b': 0.01666658176842624, 'gpp_d': 660.9129108295722, 'ign_k': 1.0484531351650956, 'ign_c': 20.03995359361212, 'trop_agb_crit': 1.7708319837489073, 'trop_k_veg': 0.902411054575325}.[0m
[32m[I 2026-07-18 18:56:15,847][0m Trial 1040 finished with values: [-0.0035982552742235834, 5.5891960912601846e-05] and parameters: {'k1': 0.07799059237255677, 'D_low': 7.299348683062307, 'k2': 0.032845299795769396, 'D_high': 3712.591045287733, 'fire_exp': 8.456250107826923, 'P_half': 64.13139914374976, 'pre_dampen_half': 0.03751320096826995, 'gpp_af': 0.10409127568994281, 'gpp_b': 0.01666658176842624, 'gpp_d': 660.9129108295722, 'ign_k': 5.351470428717439, 'ign_c': 20.03995359361212, 'trop_agb_crit': 1.7708319837489073, 'trop_k_veg': 4.4644194212034}.[0m
[32m[I 2026-07-18 18:56:16,381][0m Trial 1041 finished with values: [-0.030136838582615528, 0.001053715873165495] and parameters: {'k1': 0.01889771394135163, 'D_low': 1.9977959434035766, 'k2': 0.026471946255259393, 'D_high': 3712.591045287733, 'fire_exp': 1.0629462657398439, 'P_half': 64.13139914374976, 'pre_dampen_half': 0.03751320096826995, 'gpp_af': 0.1476584299248268, 'gpp_b': 0.01666658176842624, 'gpp_d': 150.14555442537656, 'ign_k': 5.351470428717439, 'ign_c': 15.221840161091619, 'trop_agb_crit': 1.7708319837489073, 'trop_k_veg': 0.902411054575325}.[0m
[32m[I 2026-07-18 18:56:16,902][0m Trial 1042 finished with values: [-0.004114160752938553, 0.00017094100050196737] and parameters: {'k1': 0.07799059237255677, 'D_low': 7.299348683062307, 'k2': 0.0012040762895973265, 'D_high': 29812.370697208808, 'fire_exp': 1.423480109671474, 'P_half': 323.6099399575106, 'pre_dampen_half': 0.010585220389440335, 'gpp_af': 0.7539992074650282, 'gpp_b': 0.34011244465350415, 'gpp_d': 757.2868182332339, 'ign_k': 5.351470428717439, 'ign_c': 5.130551760589832, 'trop_agb_crit': 1.331177446539379, 'trop_k_veg': 0.6743482387129308}.[0m
[32m[I 2026-07-18 18:56:17,438][0m Trial 1043 finished with values: [-3.735482301695499e-07, 5.964835471106156e-07] and parameters: {'k1': 1.4716512163645849e-05, 'D_low': 1.9977959434035766, 'k2': 0.0005342937261279771, 'D_high': 8182.111518618414, 'fire_exp': 6.234638880169447, 'P_half': 175.2878790340412, 'pre_dampen_half': 0.08049089337224259, 'gpp_af': 0.2901272149738624, 'gpp_b': 0.006906522645653115, 'gpp_d': 25.444227489578886, 'ign_k': 2.396079612430075, 'ign_c': 0.5342106255632174, 'trop_agb_crit': 1.331177446539379, 'trop_k_veg': 0.902411054575325}.[0m
[32m[I 2026-07-18 18:56:17,940][0m Trial 1044 finished with values: [-2.0000000000000005e-60, 0.0] and parameters: {'k1': 0.03635503353478365, 'D_low': 7480.921720804117, 'k2': 0.012758211164590085, 'D_high': 2940.51756322311, 'fire_exp': 1.6733848721157607, 'P_half': 9.324787201197319, 'pre_dampen_half': 107.40052367919465, 'gpp_af': 0.01719951378854337, 'gpp_b': 0.00012379625135997558, 'gpp_d': 660.9129108295722, 'ign_k': 1.0484531351650956, 'ign_c': 20.03995359361212, 'trop_agb_crit': 3.5747129226002423, 'trop_k_veg': 0.902411054575325}.[0m
[32m[I 2026-07-18 18:56:18,447][0m Trial 1045 finished with values: [-0.003933805378607061, 0.0001328728769006693] and parameters: {'k1': 0.07799059237255677, 'D_low': 70.18267183720735, 'k2': 0.0012040762895973265, 'D_high': 8559.572793311803, 'fire_exp': 1.423480109671474, 'P_half': 221.2683656611821, 'pre_dampen_half': 0.010585220389440335, 'gpp_af': 0.7539992074650282, 'gpp_b': 0.6198479224692378, 'gpp_d': 21.14381609520636, 'ign_k': 5.351470428717439, 'ign_c': 5.130551760589832, 'trop_agb_crit': 1.6878075072665546, 'trop_k_veg': 2.587938629755798}.[0m
[32m[I 2026-07-18 18:56:18,944][0m Trial 1046 finished with values: [-1.0960921066377967e-05, 2.3214923094982964e-08] and parameters: {'k1': 0.0699458988153545, 'D_low': 7.299348683062307, 'k2': 0.0005342937261279771, 'D_high': 8559.572793311803, 'fire_exp': 2.907328086166187, 'P_half': 323.6099399575106, 'pre_dampen_half': 0.03751320096826995, 'gpp_af': 0.27997858752477867, 'gpp_b': 0.01666658176842624, 'gpp_d': 660.9129108295722, 'ign_k': 2.396079612430075, 'ign_c': 30.28574109895626, 'trop_agb_crit': 1.6878075072665546, 'trop_k_veg': 6.9782110227926815}.[0m
[32m[I 2026-07-18 18:56:19,439][0m Trial 1047 finished with values: [-0.011489664009104662, 0.000622338572408454] and parameters: {'k1': 0.03635503353478365, 'D_low': 70.18267183720735, 'k2': 0.012758211164590085, 'D_high': 8559.572793311803, 'fire_exp': 1.423480109671474, 'P_half': 9.324787201197319, 'pre_dampen_half': 0.010585220389440335, 'gpp_af': 0.7539992074650282, 'gpp_b': 0.34011244465350415, 'gpp_d': 660.9129108295722, 'ign_k': 8.708806168038567, 'ign_c': 1.4835020363846418, 'trop_agb_crit': 3.5747129226002423, 'trop_k_veg': 2.587938629755798}.[0m
[32m[I 2026-07-18 18:56:19,952][0m Trial 1048 finished with values: [-2.0000000000000005e-60, 0.0] and parameters: {'k1': 0.01889771394135163, 'D_low': 4.484744524732794, 'k2': 0.0007047307383115598, 'D_high': 45914.85216740541, 'fire_exp': 1.423480109671474, 'P_half': 221.2683656611821, 'pre_dampen_half': 0.0399066504395798, 'gpp_af': 0.008075914984851893, 'gpp_b': 1.598364670380439e-05, 'gpp_d': 0.23073846740741236, 'ign_k': 5.351470428717439, 'ign_c': 831.5365004960586, 'trop_agb_crit': 7.7455469160099035, 'trop_k_veg': 6.9782110227926815}.[0m
[32m[I 2026-07-18 18:56:20,468][0m Trial 1049 finished with values: [-0.002149893567465293, 0.00026024499028876047] and parameters: {'k1': 0.002136439666839362, 'D_low': 6.96063331852638, 'k2': 0.026471946255259393, 'D_high': 3712.591045287733, 'fire_exp': 1.0629462657398439, 'P_half': 323.6099399575106, 'pre_dampen_half': 0.5682966065442919, 'gpp_af': 0.2901272149738624, 'gpp_b': 0.0021331409710300844, 'gpp_d': 21.14381609520636, 'ign_k': 2.396079612430075, 'ign_c': 30.28574109895626, 'trop_agb_crit': 24.584290528289387, 'trop_k_veg': 0.6743482387129308}.[0m
[32m[I 2026-07-18 18:56:21,021][0m Trial 1050 finished with values: [-0.003918233844618136, 0.003744270798352045] and parameters: {'k1': 0.01889771394135163, 'D_low': 982.409871499049, 'k2': 0.032845299795769396, 'D_high': 45914.85216740541, 'fire_exp': 5.311995034756393, 'P_half': 1.1069424888528068, 'pre_dampen_half': 0.03751320096826995, 'gpp_af': 11.451145698676887, 'gpp_b': 0.08687036454256597, 'gpp_d': 150.14555442537656, 'ign_k': 5.351470428717439, 'ign_c': 5.130551760589832, 'trop_agb_crit': 1.331177446539379, 'trop_k_veg': 6.9782110227926815}.[0m
[32m[I 2026-07-18 18:56:21,561][0m Trial 1051 finished with values: [-8.082669644774773e-05, 8.700483183576857e-06] and parameters: {'k1': 0.0699458988153545, 'D_low': 4.484744524732794, 'k2': 0.0005342937261279771, 'D_high': 7321.544340709298, 'fire_exp': 1.423480109671474, 'P_half': 712.8188058401365, 'pre_dampen_half': 0.0399066504395798, 'gpp_af': 0.2901272149738624, 'gpp_b': 0.006906522645653115, 'gpp_d': 0.23073846740741236, 'ign_k': 5.351470428717439, 'ign_c': 30.28574109895626, 'trop_agb_crit': 1.331177446539379, 'trop_k_veg': 0.6743482387129308}.[0m
[32m[I 2026-07-18 18:56:22,099][0m Trial 1052 finished with values: [-3.7595691644871896e-06, 8.188162423095058e-06] and parameters: {'k1': 0.04541457206426161, 'D_low': 1.9977959434035766, 'k2': 0.012758211164590085, 'D_high': 32.53741042140524, 'fire_exp': 1.6733848721157607, 'P_half': 22.54602706347901, 'pre_dampen_half': 0.0399066504395798, 'gpp_af': 0.01719951378854337, 'gpp_b': 0.0005744663972188569, 'gpp_d': 660.9129108295722, 'ign_k': 1.0484531351650956, 'ign_c': 20.03995359361212, 'trop_agb_crit': 2.1861040860339416, 'trop_k_veg': 0.902411054575325}.[0m
[32m[I 2026-07-18 18:56:22,588][0m Trial 1053 finished with values: [-7.613204591497825e-10, 2.2576147840069893e-08] and parameters: {'k1': 0.07799059237255677, 'D_low': 70.18267183720735, 'k2': 0.0007047307383115598, 'D_high': 45914.85216740541, 'fire_exp': 1.423480109671474, 'P_half': 221.2683656611821, 'pre_dampen_half': 0.010585220389440335, 'gpp_af': 0.001111693990724459, 'gpp_b': 0.34011244465350415, 'gpp_d': 21.14381609520636, 'ign_k': 5.351470428717439, 'ign_c': 20.03995359361212, 'trop_agb_crit': 1.6878075072665546, 'trop_k_veg': 1.0594599158279707}.[0m
[32m[I 2026-07-18 18:56:23,122][0m Trial 1054 finished with values: [-2.0000000000000005e-60, 0.0] and parameters: {'k1': 0.04541457206426161, 'D_low': 70.18267183720735, 'k2': 0.0005342937261279771, 'D_high': 45914.85216740541, 'fire_exp': 1.6733848721157607, 'P_half': 12.808863354047988, 'pre_dampen_half': 0.08049089337224259, 'gpp_af': 0.2901272149738624, 'gpp_b': 0.0005744663972188569, 'gpp_d': 64.20268021730274, 'ign_k': 5.351470428717439, 'ign_c': 515.6257069134119, 'trop_agb_crit': 1.331177446539379, 'trop_k_veg': 3.49157152291552}.[0m
[32m[I 2026-07-18 18:56:23,620][0m Trial 1055 finished with values: [-0.5280474256807453, 0.07560476302743002] and parameters: {'k1': 0.01889771394135163, 'D_low': 70.18267183720735, 'k2': 0.0007047307383115598, 'D_high': 2940.51756322311, 'fire_exp': 1.450870712623418, 'P_half': 12.808863354047988, 'pre_dampen_half': 107.40052367919465, 'gpp_af': 0.1476584299248268, 'gpp_b': 1.598364670380439e-05, 'gpp_d': 660.9129108295722, 'ign_k': 5.351470428717439, 'ign_c': 20.03995359361212, 'trop_agb_crit': 1.331177446539379, 'trop_k_veg': 1.0594599158279707}.[0m
[32m[I 2026-07-18 18:56:24,091][0m Trial 1056 finished with values: [-5.967006163774179e-06, 2.192466397321624e-07] and parameters: {'k1': 0.04541457206426161, 'D_low': 1.9977959434035766, 'k2': 0.0005342937261279771, 'D_high': 8182.111518618414, 'fire_exp': 1.423480109671474, 'P_half': 175.2878790340412, 'pre_dampen_half': 0.08049089337224259, 'gpp_af': 0.013276330623901853, 'gpp_b': 0.01666658176842624, 'gpp_d': 660.9129108295722, 'ign_k': 5.351470428717439, 'ign_c': 29.690870944846793, 'trop_agb_crit': 1.331177446539379, 'trop_k_veg': 0.902411054575325}.[0m
[32m[I 2026-07-18 18:56:24,546][0m Trial 1057 finished with values: [-1.7848904719057933e-05, 1.0009104223218657e-07] and parameters: {'k1': 0.007530210437963516, 'D_low': 2.7475448770725444, 'k2': 0.0015553851774742168, 'D_high': 2940.51756322311, 'fire_exp': 1.6733848721157607, 'P_half': 712.8188058401365, 'pre_dampen_half': 0.0399066504395798, 'gpp_af': 0.0022961065892443786, 'gpp_b': 0.0005752434266899163, 'gpp_d': 660.9129108295722, 'ign_k': 5.351470428717439, 'ign_c': 29.690870944846793, 'trop_agb_crit': 1.331177446539379, 'trop_k_veg': 3.1473758868965485}.[0m
[32m[I 2026-07-18 18:56:25,002][0m Trial 1058 finished with values: [-0.001186137230954499, 3.6857779747268005e-05] and parameters: {'k1': 0.041833856821460395, 'D_low': 70.18267183720735, 'k2': 0.032845299795769396, 'D_high': 1236.6924205139144, 'fire_exp': 1.450870712623418, 'P_half': 221.2683656611821, 'pre_dampen_half': 0.03751320096826995, 'gpp_af': 0.001111693990724459, 'gpp_b': 0.0017100237531775793, 'gpp_d': 8.057329182285729, 'ign_k': 8.708806168038567, 'ign_c': 20.03995359361212, 'trop_agb_crit': 3.5747129226002423, 'trop_k_veg': 6.9782110227926815}.[0m
[32m[I 2026-07-18 18:56:25,501][0m Trial 1059 finished with values: [-0.0002863849999099128, 0.00015716176282454253] and parameters: {'k1': 0.04541457206426161, 'D_low': 4.484744524732794, 'k2': 0.00035868164986275477, 'D_high': 7321.544340709298, 'fire_exp': 1.6733848721157607, 'P_half': 712.8188058401365, 'pre_dampen_half': 0.0399066504395798, 'gpp_af': 0.14467197647069255, 'gpp_b': 0.00012379625135997558, 'gpp_d': 0.23073846740741236, 'ign_k': 5.351470428717439, 'ign_c': 30.28574109895626, 'trop_agb_crit': 2.1861040860339416, 'trop_k_veg': 0.902411054575325}.[0m
[32m[I 2026-07-18 18:56:25,972][0m Trial 1060 finished with values: [-0.00513911265566641, 7.326076501756873e-05] and parameters: {'k1': 0.041833856821460395, 'D_low': 7.299348683062307, 'k2': 0.032845299795769396, 'D_high': 1236.6924205139144, 'fire_exp': 2.7504578233979857, 'P_half': 220.3445560633069, 'pre_dampen_half': 241.6951931920675, 'gpp_af': 0.10409127568994281, 'gpp_b': 0.00431329787498825, 'gpp_d': 8.057329182285729, 'ign_k': 5.351470428717439, 'ign_c': 29.690870944846793, 'trop_agb_crit': 2.2212365258224223, 'trop_k_veg': 4.4644194212034}.[0m
[32m[I 2026-07-18 18:56:26,461][0m Trial 1061 finished with values: [-0.019004879988519623, 0.0015745817858988653] and parameters: {'k1': 0.041833856821460395, 'D_low': 6.96063331852638, 'k2': 0.032845299795769396, 'D_high': 1236.6924205139144, 'fire_exp': 1.450870712623418, 'P_half': 282.98168613109493, 'pre_dampen_half': 0.9166964238460101, 'gpp_af': 0.01719951378854337, 'gpp_b': 0.00431329787498825, 'gpp_d': 21.14381609520636, 'ign_k': 0.07091190338709638, 'ign_c': 1.6051347487097574, 'trop_agb_crit': 2.1861040860339416, 'trop_k_veg': 0.6743482387129308}.[0m
[32m[I 2026-07-18 18:56:26,932][0m Trial 1062 finished with values: [-1.855460818858031e-12, 3.511579915738139e-11] and parameters: {'k1': 0.007530210437963516, 'D_low': 70.18267183720735, 'k2': 0.032845299795769396, 'D_high': 8559.572793311803, 'fire_exp': 5.311995034756393, 'P_half': 221.2683656611821, 'pre_dampen_half': 0.010585220389440335, 'gpp_af': 0.001111693990724459, 'gpp_b': 0.008226792720717493, 'gpp_d': 8.057329182285729, 'ign_k': 5.919749792564386, 'ign_c': 5.130551760589832, 'trop_agb_crit': 1.331177446539379, 'trop_k_veg': 2.587938629755798}.[0m
[32m[I 2026-07-18 18:56:27,431][0m Trial 1063 finished with values: [-1.5238591684080653e-05, 1.0539269901244097e-07] and parameters: {'k1': 0.007530210437963516, 'D_low': 1.9977959434035766, 'k2': 0.0012040762895973265, 'D_high': 8559.572793311803, 'fire_exp': 1.6733848721157607, 'P_half': 221.2683656611821, 'pre_dampen_half': 0.0399066504395798, 'gpp_af': 0.7539992074650282, 'gpp_b': 0.42247700890263673, 'gpp_d': 150.14555442537656, 'ign_k': 5.351470428717439, 'ign_c': 29.690870944846793, 'trop_agb_crit': 1.6079844205915728, 'trop_k_veg': 2.587938629755798}.[0m
