[32m[I 2026-07-18 18:56:27,940][0m Trial 1064 finished with values: [-1.3705489512703452e-06, 0.00013776068301962763] and parameters: {'k1': 0.0699458988153545, 'D_low': 33.04784314771566, 'k2': 0.0005342937261279771, 'D_high': 91.78481720510284, 'fire_exp': 6.234638880169447, 'P_half': 323.6099399575106, 'pre_dampen_half': 207.33291221114652, 'gpp_af': 0.39392081127942247, 'gpp_b': 0.006906522645653115, 'gpp_d': 757.2868182332339, 'ign_k': 2.396079612430075, 'ign_c': 0.30620022479972875, 'trop_agb_crit': 1.331177446539379, 'trop_k_veg': 0.6743482387129308}.[0m
[32m[I 2026-07-18 18:56:28,433][0m Trial 1065 finished with values: [-1.5912590661316684e-05, 2.6484876847199246e-08] and parameters: {'k1': 0.0699458988153545, 'D_low': 6.1642743507854245, 'k2': 0.0005342937261279771, 'D_high': 35293.89593576797, 'fire_exp': 5.415198497144036, 'P_half': 323.6099399575106, 'pre_dampen_half': 0.1875872314533727, 'gpp_af': 0.2901272149738624, 'gpp_b': 0.006906522645653115, 'gpp_d': 64.20268021730274, 'ign_k': 8.708806168038567, 'ign_c': 30.28574109895626, 'trop_agb_crit': 1.331177446539379, 'trop_k_veg': 6.9782110227926815}.[0m
[32m[I 2026-07-18 18:56:28,914][0m Trial 1066 finished with values: [-0.04769151091294381, 0.00413391376843486] and parameters: {'k1': 0.01889771394135163, 'D_low': 6.96063331852638, 'k2': 0.032845299795769396, 'D_high': 2940.51756322311, 'fire_exp': 1.6733848721157607, 'P_half': 310.3604223881657, 'pre_dampen_half': 0.2888838362365318, 'gpp_af': 0.3938210761039573, 'gpp_b': 0.00012379625135997558, 'gpp_d': 21.14381609520636, 'ign_k': 0.6024590664672947, 'ign_c': 20.03995359361212, 'trop_agb_crit': 1.331177446539379, 'trop_k_veg': 3.49157152291552}.[0m
[32m[I 2026-07-18 18:56:29,417][0m Trial 1067 finished with values: [-0.038172677419531544, 0.0016110378882822074] and parameters: {'k1': 0.07799059237255677, 'D_low': 7.46475488144212, 'k2': 0.00383039225527374, 'D_high': 2940.51756322311, 'fire_exp': 2.110249242835225, 'P_half': 12.808863354047988, 'pre_dampen_half': 0.03751320096826995, 'gpp_af': 0.1476584299248268, 'gpp_b': 0.0005752434266899163, 'gpp_d': 660.9129108295722, 'ign_k': 8.708806168038567, 'ign_c': 20.03995359361212, 'trop_agb_crit': 1.7708319837489073, 'trop_k_veg': 0.902411054575325}.[0m
[32m[I 2026-07-18 18:56:29,906][0m Trial 1068 finished with values: [-0.5937200648392661, 0.07769104394900483] and parameters: {'k1': 0.01889771394135163, 'D_low': 6.96063331852638, 'k2': 0.032845299795769396, 'D_high': 3712.591045287733, 'fire_exp': 1.450870712623418, 'P_half': 221.2683656611821, 'pre_dampen_half': 107.40052367919465, 'gpp_af': 0.01719951378854337, 'gpp_b': 0.0005752434266899163, 'gpp_d': 660.9129108295722, 'ign_k': 1.0484531351650956, 'ign_c': 15.221840161091619, 'trop_agb_crit': 2.1861040860339416, 'trop_k_veg': 6.092557528471241}.[0m
[32m[I 2026-07-18 18:56:30,382][0m Trial 1069 finished with values: [-0.011147775872893307, 0.00017636703414392052] and parameters: {'k1': 0.01889771394135163, 'D_low': 70.18267183720735, 'k2': 0.032845299795769396, 'D_high': 2940.51756322311, 'fire_exp': 1.6733848721157607, 'P_half': 9.324787201197319, 'pre_dampen_half': 0.2888838362365318, 'gpp_af': 0.7539992074650282, 'gpp_b': 0.42247700890263673, 'gpp_d': 64.20268021730274, 'ign_k': 5.351470428717439, 'ign_c': 20.03995359361212, 'trop_agb_crit': 1.6079844205915728, 'trop_k_veg': 6.9782110227926815}.[0m
[32m[I 2026-07-18 18:56:30,911][0m Trial 1070 finished with values: [-0.03251015171978708, 0.0019457860829127371] and parameters: {'k1': 0.007530210437963516, 'D_low': 70.18267183720735, 'k2': 0.032845299795769396, 'D_high': 1236.6924205139144, 'fire_exp': 1.450870712623418, 'P_half': 220.3445560633069, 'pre_dampen_half': 0.9166964238460101, 'gpp_af': 0.06002934191396867, 'gpp_b': 0.00431329787498825, 'gpp_d': 21.14381609520636, 'ign_k': 0.07091190338709638, 'ign_c': 1.391961287132517, 'trop_agb_crit': 1.6878075072665546, 'trop_k_veg': 4.4644194212034}.[0m
[32m[I 2026-07-18 18:56:31,422][0m Trial 1071 finished with values: [-0.004510793641658869, 0.008047455333170417] and parameters: {'k1': 0.01889771394135163, 'D_low': 1835.641027683099, 'k2': 0.0007047307383115598, 'D_high': 7321.544340709298, 'fire_exp': 1.423480109671474, 'P_half': 221.2683656611821, 'pre_dampen_half': 0.010585220389440335, 'gpp_af': 0.7539992074650282, 'gpp_b': 1.598364670380439e-05, 'gpp_d': 202.6982418786076, 'ign_k': 5.351470428717439, 'ign_c': 6.905604395130301, 'trop_agb_crit': 1.6878075072665546, 'trop_k_veg': 2.587938629755798}.[0m
  trial 1072/2500  pareto_size=50  best_taylor=0.7247  best_ilamb=0.5954  (8.5 min)
[32m[I 2026-07-18 18:56:32,093][0m Trial 1072 finished with values: [-3.9730540002113436e-11, 1.0869192212936696e-09] and parameters: {'k1': 0.007530210437963516, 'D_low': 70.18267183720735, 'k2': 0.032845299795769396, 'D_high': 8559.572793311803, 'fire_exp': 3.231633698316772, 'P_half': 64.13139914374976, 'pre_dampen_half': 0.0399066504395798, 'gpp_af': 0.001111693990724459, 'gpp_b': 0.01666658176842624, 'gpp_d': 21.14381609520636, 'ign_k': 1.0484531351650956, 'ign_c': 20.03995359361212, 'trop_agb_crit': 1.6878075072665546, 'trop_k_veg': 0.902411054575325}.[0m
[32m[I 2026-07-18 18:56:32,573][0m Trial 1073 finished with values: [-0.03787347066545237, 0.002546110092468412] and parameters: {'k1': 0.07799059237255677, 'D_low': 70.18267183720735, 'k2': 0.0005342937261279771, 'D_high': 8559.572793311803, 'fire_exp': 1.423480109671474, 'P_half': 221.2683656611821, 'pre_dampen_half': 0.1875872314533727, 'gpp_af': 0.2901272149738624, 'gpp_b': 0.006906522645653115, 'gpp_d': 757.2868182332339, 'ign_k': 5.351470428717439, 'ign_c': 5.130551760589832, 'trop_agb_crit': 1.6878075072665546, 'trop_k_veg': 0.6743482387129308}.[0m
[32m[I 2026-07-18 18:56:33,058][0m Trial 1074 finished with values: [-2.1147131504954905e-09, 3.4438618623511275e-09] and parameters: {'k1': 0.011966626407443505, 'D_low': 1.9977959434035766, 'k2': 0.0012040762895973265, 'D_high': 8559.572793311803, 'fire_exp': 7.022865300833442, 'P_half': 4739.211978755633, 'pre_dampen_half': 0.010585220389440335, 'gpp_af': 0.7539992074650282, 'gpp_b': 0.0021331409710300844, 'gpp_d': 150.14555442537656, 'ign_k': 3.5891558714508416, 'ign_c': 5.130551760589832, 'trop_agb_crit': 1.331177446539379, 'trop_k_veg': 2.587938629755798}.[0m
[32m[I 2026-07-18 18:56:33,523][0m Trial 1075 finished with values: [-0.511454416695738, 0.030290823191166383] and parameters: {'k1': 0.04541457206426161, 'D_low': 70.18267183720735, 'k2': 0.032845299795769396, 'D_high': 2940.51756322311, 'fire_exp': 1.6733848721157607, 'P_half': 97.0660675687761, 'pre_dampen_half': 107.40052367919465, 'gpp_af': 0.1476584299248268, 'gpp_b': 0.0005752434266899163, 'gpp_d': 660.9129108295722, 'ign_k': 1.0484531351650956, 'ign_c': 20.03995359361212, 'trop_agb_crit': 2.1861040860339416, 'trop_k_veg': 0.902411054575325}.[0m
[32m[I 2026-07-18 18:56:33,993][0m Trial 1076 finished with values: [-0.6036106894575229, 0.032319294401150556] and parameters: {'k1': 0.01889771394135163, 'D_low': 70.18267183720735, 'k2': 0.012758211164590085, 'D_high': 2940.51756322311, 'fire_exp': 2.110249242835225, 'P_half': 12.808863354047988, 'pre_dampen_half': 107.40052367919465, 'gpp_af': 0.1476584299248268, 'gpp_b': 0.0005752434266899163, 'gpp_d': 660.9129108295722, 'ign_k': 8.708806168038567, 'ign_c': 20.03995359361212, 'trop_agb_crit': 3.5747129226002423, 'trop_k_veg': 6.9782110227926815}.[0m
[32m[I 2026-07-18 18:56:34,510][0m Trial 1077 finished with values: [-0.0005804670702192917, 1.2820912461464218e-05] and parameters: {'k1': 0.041833856821460395, 'D_low': 6.96063331852638, 'k2': 0.032845299795769396, 'D_high': 3712.591045287733, 'fire_exp': 8.456250107826923, 'P_half': 310.3604223881657, 'pre_dampen_half': 0.18247572627389952, 'gpp_af': 0.01719951378854337, 'gpp_b': 0.0005752434266899163, 'gpp_d': 8.057329182285729, 'ign_k': 1.0484531351650956, 'ign_c': 20.03995359361212, 'trop_agb_crit': 2.1861040860339416, 'trop_k_veg': 4.4644194212034}.[0m
[32m[I 2026-07-18 18:56:34,991][0m Trial 1078 finished with values: [-0.021044743465183192, 0.000813338781056161] and parameters: {'k1': 0.01889771394135163, 'D_low': 1.3577269394141454, 'k2': 0.00035868164986275477, 'D_high': 7321.544340709298, 'fire_exp': 1.423480109671474, 'P_half': 221.2683656611821, 'pre_dampen_half': 0.0399066504395798, 'gpp_af': 0.27997858752477867, 'gpp_b': 0.01666658176842624, 'gpp_d': 660.9129108295722, 'ign_k': 5.595401979134829, 'ign_c': 5.130551760589832, 'trop_agb_crit': 1.0903028125370984, 'trop_k_veg': 6.9782110227926815}.[0m
[32m[I 2026-07-18 18:56:35,497][0m Trial 1079 finished with values: [-0.04217253108838547, 0.0023827239884862683] and parameters: {'k1': 0.010475330041760883, 'D_low': 1.3577269394141454, 'k2': 0.032845299795769396, 'D_high': 3712.591045287733, 'fire_exp': 1.0629462657398439, 'P_half': 221.2683656611821, 'pre_dampen_half': 0.010585220389440335, 'gpp_af': 0.27997858752477867, 'gpp_b': 0.0021331409710300844, 'gpp_d': 660.9129108295722, 'ign_k': 1.0484531351650956, 'ign_c': 15.221840161091619, 'trop_agb_crit': 4.789307037039607, 'trop_k_veg': 6.9782110227926815}.[0m
[32m[I 2026-07-18 18:56:35,967][0m Trial 1080 finished with values: [-0.00016013523090320375, 0.00044574408489828077] and parameters: {'k1': 0.04541457206426161, 'D_low': 2333.4269612839603, 'k2': 0.032845299795769396, 'D_high': 2940.51756322311, 'fire_exp': 1.6733848721157607, 'P_half': 175.2878790340412, 'pre_dampen_half': 0.08049089337224259, 'gpp_af': 0.3938210761039573, 'gpp_b': 0.0005752434266899163, 'gpp_d': 25.444227489578886, 'ign_k': 2.396079612430075, 'ign_c': 20.03995359361212, 'trop_agb_crit': 1.331177446539379, 'trop_k_veg': 3.49157152291552}.[0m
[32m[I 2026-07-18 18:56:36,425][0m Trial 1081 finished with values: [-0.0002987892659778286, 1.3556517990398476e-05] and parameters: {'k1': 0.011966626407443505, 'D_low': 70.18267183720735, 'k2': 0.032845299795769396, 'D_high': 8559.572793311803, 'fire_exp': 3.231633698316772, 'P_half': 712.8188058401365, 'pre_dampen_half': 0.03751320096826995, 'gpp_af': 0.10409127568994281, 'gpp_b': 0.01666658176842624, 'gpp_d': 21.14381609520636, 'ign_k': 1.0484531351650956, 'ign_c': 5.130551760589832, 'trop_agb_crit': 1.331177446539379, 'trop_k_veg': 0.902411054575325}.[0m
[32m[I 2026-07-18 18:56:36,886][0m Trial 1082 finished with values: [-0.0017035828033455035, 0.0010119759435054387] and parameters: {'k1': 0.04541457206426161, 'D_low': 820.2811066259796, 'k2': 0.012758211164590085, 'D_high': 2940.51756322311, 'fire_exp': 1.450870712623418, 'P_half': 220.3445560633069, 'pre_dampen_half': 0.9166964238460101, 'gpp_af': 0.01719951378854337, 'gpp_b': 0.00012379625135997558, 'gpp_d': 660.9129108295722, 'ign_k': 0.07091190338709638, 'ign_c': 20.03995359361212, 'trop_agb_crit': 2.1861040860339416, 'trop_k_veg': 4.304333272300737}.[0m
[32m[I 2026-07-18 18:56:37,342][0m Trial 1083 finished with values: [-6.016567607815885e-07, 2.6420499121826424e-10] and parameters: {'k1': 0.03635503353478365, 'D_low': 1.3577269394141454, 'k2': 0.012758211164590085, 'D_high': 2940.51756322311, 'fire_exp': 2.61565689708108, 'P_half': 712.8188058401365, 'pre_dampen_half': 0.010585220389440335, 'gpp_af': 0.0022961065892443786, 'gpp_b': 0.0005752434266899163, 'gpp_d': 395.3300852215303, 'ign_k': 5.351470428717439, 'ign_c': 30.28574109895626, 'trop_agb_crit': 1.331177446539379, 'trop_k_veg': 3.1473758868965485}.[0m
[32m[I 2026-07-18 18:56:37,801][0m Trial 1084 finished with values: [-0.6329021431890626, 0.3502075939721683] and parameters: {'k1': 0.004312951023617458, 'D_low': 421.35422275955125, 'k2': 0.026471946255259393, 'D_high': 3712.591045287733, 'fire_exp': 1.0629462657398439, 'P_half': 1.1069424888528068, 'pre_dampen_half': 502.5175192217655, 'gpp_af': 0.7539992074650282, 'gpp_b': 0.0021331409710300844, 'gpp_d': 150.14555442537656, 'ign_k': 3.5891558714508416, 'ign_c': 0.5125250278169615, 'trop_agb_crit': 6.383676143682316, 'trop_k_veg': 6.9782110227926815}.[0m
[32m[I 2026-07-18 18:56:38,274][0m Trial 1085 finished with values: [-0.009058340719203358, 0.0002575054355534734] and parameters: {'k1': 0.041833856821460395, 'D_low': 1.7026376946063253, 'k2': 0.032845299795769396, 'D_high': 8559.572793311803, 'fire_exp': 1.450870712623418, 'P_half': 712.8188058401365, 'pre_dampen_half': 0.03751320096826995, 'gpp_af': 0.1476584299248268, 'gpp_b': 0.01666658176842624, 'gpp_d': 660.9129108295722, 'ign_k': 1.0484531351650956, 'ign_c': 15.221840161091619, 'trop_agb_crit': 24.584290528289387, 'trop_k_veg': 0.6743482387129308}.[0m
[32m[I 2026-07-18 18:56:38,732][0m Trial 1086 finished with values: [-0.12067708757225991, 0.05904104835870028] and parameters: {'k1': 0.04541457206426161, 'D_low': 1.9977959434035766, 'k2': 0.032845299795769396, 'D_high': 8182.111518618414, 'fire_exp': 1.6733848721157607, 'P_half': 9.324787201197319, 'pre_dampen_half': 0.2888838362365318, 'gpp_af': 83.82020094010382, 'gpp_b': 0.0005752434266899163, 'gpp_d': 25.444227489578886, 'ign_k': 0.6024590664672947, 'ign_c': 0.5342106255632174, 'trop_agb_crit': 7.599113148200974, 'trop_k_veg': 6.7250838981547}.[0m
[32m[I 2026-07-18 18:56:39,198][0m Trial 1087 finished with values: [-0.005817552016004772, 0.0028101547928458537] and parameters: {'k1': 0.03635503353478365, 'D_low': 1.3577269394141454, 'k2': 0.012758211164590085, 'D_high': 14.883152891273634, 'fire_exp': 1.423480109671474, 'P_half': 221.2683656611821, 'pre_dampen_half': 107.40052367919465, 'gpp_af': 0.27997858752477867, 'gpp_b': 0.01666658176842624, 'gpp_d': 660.9129108295722, 'ign_k': 5.595401979134829, 'ign_c': 20.03995359361212, 'trop_agb_crit': 1.0903028125370984, 'trop_k_veg': 6.9782110227926815}.[0m
[32m[I 2026-07-18 18:56:39,650][0m Trial 1088 finished with values: [-0.03064924912665239, 0.0005842549830796795] and parameters: {'k1': 0.041833856821460395, 'D_low': 70.18267183720735, 'k2': 0.032845299795769396, 'D_high': 3712.591045287733, 'fire_exp': 1.6733848721157607, 'P_half': 9.324787201197319, 'pre_dampen_half': 0.06669205177379639, 'gpp_af': 0.01719951378854337, 'gpp_b': 0.0005752434266899163, 'gpp_d': 64.20268021730274, 'ign_k': 1.0484531351650956, 'ign_c': 20.03995359361212, 'trop_agb_crit': 2.1861040860339416, 'trop_k_veg': 6.9782110227926815}.[0m
[32m[I 2026-07-18 18:56:40,120][0m Trial 1089 finished with values: [-2.0000000000000005e-60, 0.0] and parameters: {'k1': 0.03635503353478365, 'D_low': 70.18267183720735, 'k2': 0.0353875886477924, 'D_high': 33.64457865463594, 'fire_exp': 1.6733848721157607, 'P_half': 9.324787201197319, 'pre_dampen_half': 107.40052367919465, 'gpp_af': 0.01719951378854337, 'gpp_b': 0.13713885091300898, 'gpp_d': 660.9129108295722, 'ign_k': 8.708806168038567, 'ign_c': 80.15297379101389, 'trop_agb_crit': 3.5747129226002423, 'trop_k_veg': 4.827048490046812}.[0m
[32m[I 2026-07-18 18:56:40,593][0m Trial 1090 finished with values: [-2.0000000000000005e-60, 0.0] and parameters: {'k1': 7.145711288893928e-05, 'D_low': 70.18267183720735, 'k2': 0.032845299795769396, 'D_high': 3712.591045287733, 'fire_exp': 1.6733848721157607, 'P_half': 9.324787201197319, 'pre_dampen_half': 502.5175192217655, 'gpp_af': 0.33826998546858356, 'gpp_b': 0.0005752434266899163, 'gpp_d': 64.20268021730274, 'ign_k': 7.437725385707935, 'ign_c': 230.5749441128578, 'trop_agb_crit': 1.331177446539379, 'trop_k_veg': 6.9782110227926815}.[0m
[32m[I 2026-07-18 18:56:41,068][0m Trial 1091 finished with values: [-0.3459417895781413, 0.012443808089898423] and parameters: {'k1': 0.01889771394135163, 'D_low': 70.18267183720735, 'k2': 0.008535052150482593, 'D_high': 2940.51756322311, 'fire_exp': 5.415198497144036, 'P_half': 12.808863354047988, 'pre_dampen_half': 107.40052367919465, 'gpp_af': 0.1476584299248268, 'gpp_b': 0.0005752434266899163, 'gpp_d': 64.20268021730274, 'ign_k': 8.708806168038567, 'ign_c': 20.03995359361212, 'trop_agb_crit': 3.5747129226002423, 'trop_k_veg': 6.9782110227926815}.[0m
[32m[I 2026-07-18 18:56:41,526][0m Trial 1092 finished with values: [-0.10467415493681226, 0.005504447462560957] and parameters: {'k1': 0.004312951023617458, 'D_low': 1.9977959434035766, 'k2': 0.032845299795769396, 'D_high': 3712.591045287733, 'fire_exp': 1.6733848721157607, 'P_half': 221.2683656611821, 'pre_dampen_half': 5.1426388628909985, 'gpp_af': 0.01719951378854337, 'gpp_b': 0.0005752434266899163, 'gpp_d': 21.14381609520636, 'ign_k': 1.0484531351650956, 'ign_c': 15.221840161091619, 'trop_agb_crit': 3.5747129226002423, 'trop_k_veg': 2.5693274401176227}.[0m
[32m[I 2026-07-18 18:56:41,976][0m Trial 1093 finished with values: [-2.273461245172447e-05, 9.359457258106829e-07] and parameters: {'k1': 0.03635503353478365, 'D_low': 70.18267183720735, 'k2': 0.032845299795769396, 'D_high': 1236.6924205139144, 'fire_exp': 1.5036604936020428, 'P_half': 712.8188058401365, 'pre_dampen_half': 241.6951931920675, 'gpp_af': 0.0022961065892443786, 'gpp_b': 0.00431329787498825, 'gpp_d': 8.057329182285729, 'ign_k': 8.708806168038567, 'ign_c': 30.28574109895626, 'trop_agb_crit': 2.2212365258224223, 'trop_k_veg': 4.4644194212034}.[0m
[32m[I 2026-07-18 18:56:42,429][0m Trial 1094 finished with values: [-0.06208500715011288, 0.004437017952632072] and parameters: {'k1': 0.01889771394135163, 'D_low': 70.18267183720735, 'k2': 0.032845299795769396, 'D_high': 3712.591045287733, 'fire_exp': 1.0629462657398439, 'P_half': 64.13139914374976, 'pre_dampen_half': 0.03751320096826995, 'gpp_af': 0.1476584299248268, 'gpp_b': 0.0005752434266899163, 'gpp_d': 150.14555442537656, 'ign_k': 8.708806168038567, 'ign_c': 20.03995359361212, 'trop_agb_crit': 3.5747129226002423, 'trop_k_veg': 6.9782110227926815}.[0m
[32m[I 2026-07-18 18:56:42,895][0m Trial 1095 finished with values: [-0.13437296166533755, 0.03800459771072362] and parameters: {'k1': 0.04541457206426161, 'D_low': 70.18267183720735, 'k2': 0.032845299795769396, 'D_high': 45914.85216740541, 'fire_exp': 1.6733848721157607, 'P_half': 310.3604223881657, 'pre_dampen_half': 107.40052367919465, 'gpp_af': 0.001111693990724459, 'gpp_b': 1.598364670380439e-05, 'gpp_d': 229.41380323183625, 'ign_k': 0.10800458379640943, 'ign_c': 20.03995359361212, 'trop_agb_crit': 2.1861040860339416, 'trop_k_veg': 0.6743482387129308}.[0m
[32m[I 2026-07-18 18:56:43,359][0m Trial 1096 finished with values: [-0.03906973525775771, 0.0015410931374754133] and parameters: {'k1': 0.01889771394135163, 'D_low': 70.18267183720735, 'k2': 0.026471946255259393, 'D_high': 2940.51756322311, 'fire_exp': 1.6733848721157607, 'P_half': 9.324787201197319, 'pre_dampen_half': 0.5682966065442919, 'gpp_af': 0.030742717663402135, 'gpp_b': 0.0005752434266899163, 'gpp_d': 64.20268021730274, 'ign_k': 0.18200694976756818, 'ign_c': 20.03995359361212, 'trop_agb_crit': 2.818694656863287, 'trop_k_veg': 3.376529607942906}.[0m
[32m[I 2026-07-18 18:56:43,826][0m Trial 1097 finished with values: [-0.010987098265199158, 0.0013003929367220168] and parameters: {'k1': 0.01889771394135163, 'D_low': 4.484744524732794, 'k2': 0.00035868164986275477, 'D_high': 45914.85216740541, 'fire_exp': 1.423480109671474, 'P_half': 12.808863354047988, 'pre_dampen_half': 107.40052367919465, 'gpp_af': 0.008075914984851893, 'gpp_b': 0.0005744663972188569, 'gpp_d': 232.60260771259047, 'ign_k': 5.351470428717439, 'ign_c': 30.28574109895626, 'trop_agb_crit': 1.331177446539379, 'trop_k_veg': 3.49157152291552}.[0m
[32m[I 2026-07-18 18:56:44,287][0m Trial 1098 finished with values: [-0.3953131042025775, 0.08656258573042841] and parameters: {'k1': 0.04541457206426161, 'D_low': 1.9977959434035766, 'k2': 0.026471946255259393, 'D_high': 8182.111518618414, 'fire_exp': 6.234638880169447, 'P_half': 1.1069424888528068, 'pre_dampen_half': 502.5175192217655, 'gpp_af': 0.2901272149738624, 'gpp_b': 0.006906522645653115, 'gpp_d': 150.14555442537656, 'ign_k': 2.396079612430075, 'ign_c': 15.221840161091619, 'trop_agb_crit': 1.331177446539379, 'trop_k_veg': 0.902411054575325}.[0m
[32m[I 2026-07-18 18:56:44,748][0m Trial 1099 finished with values: [-0.025954088942910236, 0.0004730813137640011] and parameters: {'k1': 0.041833856821460395, 'D_low': 7.299348683062307, 'k2': 0.005082220961627801, 'D_high': 1236.6924205139144, 'fire_exp': 1.6733848721157607, 'P_half': 221.2683656611821, 'pre_dampen_half': 0.5682966065442919, 'gpp_af': 0.01719951378854337, 'gpp_b': 0.0005744663972188569, 'gpp_d': 660.9129108295722, 'ign_k': 0.3508854952536168, 'ign_c': 20.03995359361212, 'trop_agb_crit': 2.1861040860339416, 'trop_k_veg': 4.4644194212034}.[0m
[32m[I 2026-07-18 18:56:45,205][0m Trial 1100 finished with values: [-2.5032999653438003e-05, 0.0002864405647110546] and parameters: {'k1': 0.0699458988153545, 'D_low': 33.04784314771566, 'k2': 0.011078632295006514, 'D_high': 1662.6592254031873, 'fire_exp': 6.234638880169447, 'P_half': 221.2683656611821, 'pre_dampen_half': 207.33291221114652, 'gpp_af': 0.39392081127942247, 'gpp_b': 0.006906522645653115, 'gpp_d': 757.2868182332339, 'ign_k': 0.00436803932697466, 'ign_c': 30.28574109895626, 'trop_agb_crit': 1.0903028125370984, 'trop_k_veg': 6.9782110227926815}.[0m
[32m[I 2026-07-18 18:56:45,669][0m Trial 1101 finished with values: [-0.01331584490547655, 0.0007428565281981658] and parameters: {'k1': 0.041833856821460395, 'D_low': 6.96063331852638, 'k2': 0.032845299795769396, 'D_high': 3712.591045287733, 'fire_exp': 1.450870712623418, 'P_half': 310.3604223881657, 'pre_dampen_half': 2.0313622250129093, 'gpp_af': 0.01719951378854337, 'gpp_b': 0.01666658176842624, 'gpp_d': 660.9129108295722, 'ign_k': 1.0484531351650956, 'ign_c': 20.03995359361212, 'trop_agb_crit': 24.584290528289387, 'trop_k_veg': 0.6743482387129308}.[0m
