[32m[I 2026-07-18 18:58:39,026][0m Trial 1330 finished with values: [-0.36468762348772676, 0.01743551166238655] and parameters: {'k1': 0.007530210437963516, 'D_low': 2.7475448770725444, 'k2': 0.026471946255259393, 'D_high': 1938.6039125504592, 'fire_exp': 1.6733848721157607, 'P_half': 86.8530648875492, 'pre_dampen_half': 832.8208611404456, 'gpp_af': 0.001111693990724459, 'gpp_b': 0.0005744663972188569, 'gpp_d': 0.06743303409035127, 'ign_k': 5.351470428717439, 'ign_c': 20.03995359361212, 'trop_agb_crit': 1.331177446539379, 'trop_k_veg': 3.1473758868965485}.[0m
[32m[I 2026-07-18 18:58:39,582][0m Trial 1331 finished with values: [-0.02346661044624594, 0.0026111506126569317] and parameters: {'k1': 0.041833856821460395, 'D_low': 3.605632705900142, 'k2': 0.012758211164590085, 'D_high': 4695.480001817503, 'fire_exp': 2.7504578233979857, 'P_half': 9.324787201197319, 'pre_dampen_half': 14.905836948373011, 'gpp_af': 0.10409127568994281, 'gpp_b': 9.902147057333172e-05, 'gpp_d': 8.057329182285729, 'ign_k': 5.351470428717439, 'ign_c': 29.690870944846793, 'trop_agb_crit': 2.2212365258224223, 'trop_k_veg': 6.9782110227926815}.[0m
[32m[I 2026-07-18 18:58:40,109][0m Trial 1332 finished with values: [-0.0007699136508158854, 3.924640490560183e-05] and parameters: {'k1': 0.007530210437963516, 'D_low': 7.299348683062307, 'k2': 0.032845299795769396, 'D_high': 1236.6924205139144, 'fire_exp': 1.6733848721157607, 'P_half': 3370.629622438604, 'pre_dampen_half': 0.5682966065442919, 'gpp_af': 0.10409127568994281, 'gpp_b': 0.00431329787498825, 'gpp_d': 660.9129108295722, 'ign_k': 0.48986208235548445, 'ign_c': 20.03995359361212, 'trop_agb_crit': 1.0903028125370984, 'trop_k_veg': 3.49157152291552}.[0m
[32m[I 2026-07-18 18:58:40,593][0m Trial 1333 finished with values: [-9.11211916498102e-06, 1.451321340883993e-07] and parameters: {'k1': 0.07799059237255677, 'D_low': 7.46475488144212, 'k2': 0.032845299795769396, 'D_high': 3712.591045287733, 'fire_exp': 1.8203621253975995, 'P_half': 97.0660675687761, 'pre_dampen_half': 0.08049089337224259, 'gpp_af': 0.06002934191396867, 'gpp_b': 0.01666658176842624, 'gpp_d': 0.23073846740741236, 'ign_k': 8.708806168038567, 'ign_c': 30.28574109895626, 'trop_agb_crit': 1.7708319837489073, 'trop_k_veg': 4.4644194212034}.[0m
[32m[I 2026-07-18 18:58:41,072][0m Trial 1334 finished with values: [-0.024774931294879256, 0.0003992570775969151] and parameters: {'k1': 0.007530210437963516, 'D_low': 7.299348683062307, 'k2': 0.032845299795769396, 'D_high': 1236.6924205139144, 'fire_exp': 1.6733848721157607, 'P_half': 220.3445560633069, 'pre_dampen_half': 0.5682966065442919, 'gpp_af': 0.10409127568994281, 'gpp_b': 0.00431329787498825, 'gpp_d': 660.9129108295722, 'ign_k': 0.48986208235548445, 'ign_c': 20.03995359361212, 'trop_agb_crit': 2.2212365258224223, 'trop_k_veg': 3.49157152291552}.[0m
[32m[I 2026-07-18 18:58:41,552][0m Trial 1335 finished with values: [-0.004308447853385368, 0.0008147826985657192] and parameters: {'k1': 0.01889771394135163, 'D_low': 7.299348683062307, 'k2': 0.0005128126758785009, 'D_high': 7321.544340709298, 'fire_exp': 1.423480109671474, 'P_half': 323.6099399575106, 'pre_dampen_half': 3.3841016089580047, 'gpp_af': 0.2901272149738624, 'gpp_b': 0.0005744663972188569, 'gpp_d': 0.23073846740741236, 'ign_k': 5.351470428717439, 'ign_c': 30.28574109895626, 'trop_agb_crit': 1.331177446539379, 'trop_k_veg': 0.6743482387129308}.[0m
[32m[I 2026-07-18 18:58:42,052][0m Trial 1336 finished with values: [-0.0001400758677933703, 7.492590368030072e-06] and parameters: {'k1': 0.01889771394135163, 'D_low': 4.484744524732794, 'k2': 0.0007047307383115598, 'D_high': 7321.544340709298, 'fire_exp': 1.423480109671474, 'P_half': 4.455881402182092, 'pre_dampen_half': 3.3841016089580047, 'gpp_af': 0.001111693990724459, 'gpp_b': 0.0005744663972188569, 'gpp_d': 0.23073846740741236, 'ign_k': 5.351470428717439, 'ign_c': 30.28574109895626, 'trop_agb_crit': 1.331177446539379, 'trop_k_veg': 6.9782110227926815}.[0m
[32m[I 2026-07-18 18:58:42,536][0m Trial 1337 finished with values: [-0.0040413830291958575, 0.0023777569261477227] and parameters: {'k1': 0.007530210437963516, 'D_low': 7.299348683062307, 'k2': 0.001362731161143793, 'D_high': 8559.572793311803, 'fire_exp': 1.6733848721157607, 'P_half': 64.13139914374976, 'pre_dampen_half': 0.03751320096826995, 'gpp_af': 0.1476584299248268, 'gpp_b': 1.190268992068981e-05, 'gpp_d': 660.9129108295722, 'ign_k': 1.0484531351650956, 'ign_c': 29.690870944846793, 'trop_agb_crit': 1.7708319837489073, 'trop_k_veg': 0.902411054575325}.[0m
[32m[I 2026-07-18 18:58:43,020][0m Trial 1338 finished with values: [-0.3385377417647342, 0.01238710895218964] and parameters: {'k1': 0.01889771394135163, 'D_low': 70.18267183720735, 'k2': 0.008535052150482593, 'D_high': 2940.51756322311, 'fire_exp': 5.415198497144036, 'P_half': 12.808863354047988, 'pre_dampen_half': 107.40052367919465, 'gpp_af': 0.1476584299248268, 'gpp_b': 0.0005752434266899163, 'gpp_d': 64.20268021730274, 'ign_k': 8.708806168038567, 'ign_c': 20.03995359361212, 'trop_agb_crit': 1.8831909561015436, 'trop_k_veg': 6.9782110227926815}.[0m
[32m[I 2026-07-18 18:58:43,554][0m Trial 1339 finished with values: [-0.0009260597184939874, 4.5692099385874485e-05] and parameters: {'k1': 0.07799059237255677, 'D_low': 376.3717463557541, 'k2': 0.005082220961627801, 'D_high': 3712.591045287733, 'fire_exp': 1.6733848721157607, 'P_half': 64.13139914374976, 'pre_dampen_half': 0.5682966065442919, 'gpp_af': 0.01719951378854337, 'gpp_b': 0.01666658176842624, 'gpp_d': 660.9129108295722, 'ign_k': 1.0484531351650956, 'ign_c': 20.03995359361212, 'trop_agb_crit': 1.7708319837489073, 'trop_k_veg': 2.360385882264582}.[0m
[32m[I 2026-07-18 18:58:44,084][0m Trial 1340 finished with values: [-0.00034258352783926094, 0.0001380217047430854] and parameters: {'k1': 0.01889771394135163, 'D_low': 7.299348683062307, 'k2': 0.0005342937261279771, 'D_high': 2940.51756322311, 'fire_exp': 1.6733848721157607, 'P_half': 323.6099399575106, 'pre_dampen_half': 0.1875872314533727, 'gpp_af': 0.4335089924140594, 'gpp_b': 0.0005752434266899163, 'gpp_d': 64.20268021730274, 'ign_k': 2.396079612430075, 'ign_c': 30.28574109895626, 'trop_agb_crit': 1.331177446539379, 'trop_k_veg': 0.6743482387129308}.[0m
[32m[I 2026-07-18 18:58:44,570][0m Trial 1341 finished with values: [-0.0008831097768726987, 7.027350079957806e-05] and parameters: {'k1': 0.041833856821460395, 'D_low': 2.7475448770725444, 'k2': 0.026471946255259393, 'D_high': 2940.51756322311, 'fire_exp': 1.6733848721157607, 'P_half': 220.3445560633069, 'pre_dampen_half': 0.0399066504395798, 'gpp_af': 0.10409127568994281, 'gpp_b': 0.0005752434266899163, 'gpp_d': 8.057329182285729, 'ign_k': 5.351470428717439, 'ign_c': 29.690870944846793, 'trop_agb_crit': 1.331177446539379, 'trop_k_veg': 3.1473758868965485}.[0m
[32m[I 2026-07-18 18:58:45,057][0m Trial 1342 finished with values: [-0.0010053080267560107, 1.0297299930739356e-05] and parameters: {'k1': 0.01889771394135163, 'D_low': 70.18267183720735, 'k2': 0.008535052150482593, 'D_high': 7540.749074574753, 'fire_exp': 8.456250107826923, 'P_half': 12.808863354047988, 'pre_dampen_half': 0.2888838362365318, 'gpp_af': 0.1476584299248268, 'gpp_b': 0.0005752434266899163, 'gpp_d': 64.20268021730274, 'ign_k': 8.708806168038567, 'ign_c': 29.690870944846793, 'trop_agb_crit': 2.2212365258224223, 'trop_k_veg': 6.9782110227926815}.[0m
[32m[I 2026-07-18 18:58:45,553][0m Trial 1343 finished with values: [-0.07324051677295554, 0.001978595132997696] and parameters: {'k1': 0.036394202908311676, 'D_low': 70.18267183720735, 'k2': 0.032845299795769396, 'D_high': 2940.51756322311, 'fire_exp': 1.2006227951069504, 'P_half': 9.324787201197319, 'pre_dampen_half': 0.2888838362365318, 'gpp_af': 0.017115686479965763, 'gpp_b': 0.0005752434266899163, 'gpp_d': 64.20268021730274, 'ign_k': 7.437725385707935, 'ign_c': 20.03995359361212, 'trop_agb_crit': 3.5747129226002423, 'trop_k_veg': 6.9782110227926815}.[0m
[32m[I 2026-07-18 18:58:46,050][0m Trial 1344 finished with values: [-0.44922980726603406, 0.015921780756879222] and parameters: {'k1': 0.01889771394135163, 'D_low': 3.605632705900142, 'k2': 0.008433074972740243, 'D_high': 2940.51756322311, 'fire_exp': 2.1589287943408615, 'P_half': 9.324787201197319, 'pre_dampen_half': 84.03977588241656, 'gpp_af': 0.008075914984851893, 'gpp_b': 0.0005744663972188569, 'gpp_d': 660.9129108295722, 'ign_k': 5.351470428717439, 'ign_c': 20.03995359361212, 'trop_agb_crit': 1.331177446539379, 'trop_k_veg': 6.9782110227926815}.[0m
[32m[I 2026-07-18 18:58:46,544][0m Trial 1345 finished with values: [-1.9368065541356117e-05, 3.763815270896309e-06] and parameters: {'k1': 5.618854373041685e-05, 'D_low': 7.46475488144212, 'k2': 0.009614686563869648, 'D_high': 2940.51756322311, 'fire_exp': 3.231633698316772, 'P_half': 64.13139914374976, 'pre_dampen_half': 0.03751320096826995, 'gpp_af': 0.1476584299248268, 'gpp_b': 0.0005752434266899163, 'gpp_d': 660.9129108295722, 'ign_k': 8.708806168038567, 'ign_c': 29.690870944846793, 'trop_agb_crit': 1.7708319837489073, 'trop_k_veg': 6.9782110227926815}.[0m
[32m[I 2026-07-18 18:58:47,022][0m Trial 1346 finished with values: [-0.04972862205726587, 0.0009334762590330614] and parameters: {'k1': 0.01889771394135163, 'D_low': 70.18267183720735, 'k2': 0.032845299795769396, 'D_high': 2940.51756322311, 'fire_exp': 1.6733848721157607, 'P_half': 9.324787201197319, 'pre_dampen_half': 0.2888838362365318, 'gpp_af': 0.01719951378854337, 'gpp_b': 0.0005752434266899163, 'gpp_d': 64.20268021730274, 'ign_k': 2.708371359865487, 'ign_c': 20.03995359361212, 'trop_agb_crit': 7.599113148200974, 'trop_k_veg': 6.9782110227926815}.[0m
[32m[I 2026-07-18 18:58:47,522][0m Trial 1347 finished with values: [-2.1865222002560926e-06, 1.4839874040717405e-07] and parameters: {'k1': 0.018890961174687675, 'D_low': 70.18267183720735, 'k2': 0.0005342937261279771, 'D_high': 1236.6924205139144, 'fire_exp': 1.423480109671474, 'P_half': 712.8188058401365, 'pre_dampen_half': 0.03751320096826995, 'gpp_af': 0.01719951378854337, 'gpp_b': 0.01666658176842624, 'gpp_d': 660.9129108295722, 'ign_k': 0.6024590664672947, 'ign_c': 29.690870944846793, 'trop_agb_crit': 6.292423580875266, 'trop_k_veg': 6.9782110227926815}.[0m
[32m[I 2026-07-18 18:58:48,004][0m Trial 1348 finished with values: [-0.0004594569136309457, 4.296242967416486e-05] and parameters: {'k1': 0.07799059237255677, 'D_low': 693.3798145979342, 'k2': 0.032845299795769396, 'D_high': 2940.51756322311, 'fire_exp': 1.6733848721157607, 'P_half': 97.0660675687761, 'pre_dampen_half': 0.03751320096826995, 'gpp_af': 0.1476584299248268, 'gpp_b': 0.0007693087624665233, 'gpp_d': 660.9129108295722, 'ign_k': 1.0484531351650956, 'ign_c': 30.28574109895626, 'trop_agb_crit': 1.7708319837489073, 'trop_k_veg': 6.9782110227926815}.[0m
[32m[I 2026-07-18 18:58:48,484][0m Trial 1349 finished with values: [-0.02364800355006327, 0.0003783832134077736] and parameters: {'k1': 0.07799059237255677, 'D_low': 7.46475488144212, 'k2': 0.032845299795769396, 'D_high': 2940.51756322311, 'fire_exp': 1.6733848721157607, 'P_half': 64.13139914374976, 'pre_dampen_half': 0.03751320096826995, 'gpp_af': 0.017115686479965763, 'gpp_b': 0.0005752434266899163, 'gpp_d': 2.269026116599704, 'ign_k': 1.0641577757607394, 'ign_c': 20.03995359361212, 'trop_agb_crit': 1.7708319837489073, 'trop_k_veg': 6.9782110227926815}.[0m
[32m[I 2026-07-18 18:58:48,991][0m Trial 1350 finished with values: [-0.02186680845309095, 0.0014329531446707344] and parameters: {'k1': 0.01889771394135163, 'D_low': 3.605632705900142, 'k2': 0.012758211164590085, 'D_high': 2940.51756322311, 'fire_exp': 2.1589287943408615, 'P_half': 1934.4058229928303, 'pre_dampen_half': 84.03977588241656, 'gpp_af': 0.27997858752477867, 'gpp_b': 0.01666658176842624, 'gpp_d': 660.9129108295722, 'ign_k': 5.351470428717439, 'ign_c': 20.03995359361212, 'trop_agb_crit': 1.6878075072665546, 'trop_k_veg': 6.9782110227926815}.[0m
[32m[I 2026-07-18 18:58:49,548][0m Trial 1351 finished with values: [-0.00011000503646615541, 2.214958368496056e-06] and parameters: {'k1': 0.01889771394135163, 'D_low': 7.46475488144212, 'k2': 0.04333919331865372, 'D_high': 2940.51756322311, 'fire_exp': 1.6733848721157607, 'P_half': 712.8188058401365, 'pre_dampen_half': 0.03751320096826995, 'gpp_af': 0.01719951378854337, 'gpp_b': 0.0005744663972188569, 'gpp_d': 660.9129108295722, 'ign_k': 1.0484531351650956, 'ign_c': 29.690870944846793, 'trop_agb_crit': 1.7708319837489073, 'trop_k_veg': 6.9782110227926815}.[0m
[32m[I 2026-07-18 18:58:50,070][0m Trial 1352 finished with values: [-0.023745577814780202, 0.00027503224041480756] and parameters: {'k1': 0.01889771394135163, 'D_low': 70.18267183720735, 'k2': 0.026471946255259393, 'D_high': 687.1646164964683, 'fire_exp': 1.6733848721157607, 'P_half': 9.324787201197319, 'pre_dampen_half': 0.2888838362365318, 'gpp_af': 0.01719951378854337, 'gpp_b': 0.0021331409710300844, 'gpp_d': 150.14555442537656, 'ign_k': 7.437725385707935, 'ign_c': 20.03995359361212, 'trop_agb_crit': 1.331177446539379, 'trop_k_veg': 6.9782110227926815}.[0m
[32m[I 2026-07-18 18:58:50,599][0m Trial 1353 finished with values: [-0.32136083666437165, 0.041540707266456534] and parameters: {'k1': 0.01889771394135163, 'D_low': 70.18267183720735, 'k2': 0.032845299795769396, 'D_high': 2940.51756322311, 'fire_exp': 7.246690166006479, 'P_half': 12.808863354047988, 'pre_dampen_half': 107.40052367919465, 'gpp_af': 0.1476584299248268, 'gpp_b': 0.0005752434266899163, 'gpp_d': 21.14381609520636, 'ign_k': 8.708806168038567, 'ign_c': 2.69893895233343, 'trop_agb_crit': 7.599113148200974, 'trop_k_veg': 3.7095834948926214}.[0m
[32m[I 2026-07-18 18:58:51,139][0m Trial 1354 finished with values: [-0.030022379899126414, 0.00036212863924589556] and parameters: {'k1': 0.03635503353478365, 'D_low': 70.18267183720735, 'k2': 0.032845299795769396, 'D_high': 2940.51756322311, 'fire_exp': 3.1204156490905843, 'P_half': 9.324787201197319, 'pre_dampen_half': 0.2888838362365318, 'gpp_af': 0.017115686479965763, 'gpp_b': 0.0005752434266899163, 'gpp_d': 64.20268021730274, 'ign_k': 2.05587644059359, 'ign_c': 20.03995359361212, 'trop_agb_crit': 3.5747129226002423, 'trop_k_veg': 6.9782110227926815}.[0m
[32m[I 2026-07-18 18:58:51,641][0m Trial 1355 finished with values: [-7.577753385781401e-06, 1.0535380468690292e-05] and parameters: {'k1': 0.01889771394135163, 'D_low': 7.299348683062307, 'k2': 0.004237604478368561, 'D_high': 219.19578035982653, 'fire_exp': 5.415198497144036, 'P_half': 1.1069424888528068, 'pre_dampen_half': 0.5682966065442919, 'gpp_af': 0.1476584299248268, 'gpp_b': 0.0005744663972188569, 'gpp_d': 660.9129108295722, 'ign_k': 5.351470428717439, 'ign_c': 20.03995359361212, 'trop_agb_crit': 1.805788747581499, 'trop_k_veg': 4.4644194212034}.[0m
[32m[I 2026-07-18 18:58:52,147][0m Trial 1356 finished with values: [-3.71168507579675e-05, 9.971074580450434e-07] and parameters: {'k1': 0.0699458988153545, 'D_low': 704.7840732813086, 'k2': 0.0005342937261279771, 'D_high': 2940.51756322311, 'fire_exp': 1.6733848721157607, 'P_half': 712.8188058401365, 'pre_dampen_half': 0.2888838362365318, 'gpp_af': 0.27997858752477867, 'gpp_b': 0.01666658176842624, 'gpp_d': 134.86245572895336, 'ign_k': 5.351470428717439, 'ign_c': 29.690870944846793, 'trop_agb_crit': 7.599113148200974, 'trop_k_veg': 6.9782110227926815}.[0m
[32m[I 2026-07-18 18:58:52,649][0m Trial 1357 finished with values: [-0.0003812555191366126, 7.828478235660796e-06] and parameters: {'k1': 0.01889771394135163, 'D_low': 70.18267183720735, 'k2': 0.032845299795769396, 'D_high': 60107.420288647445, 'fire_exp': 6.234638880169447, 'P_half': 323.6099399575106, 'pre_dampen_half': 0.0399066504395798, 'gpp_af': 0.0031855717594504694, 'gpp_b': 0.0005744663972188569, 'gpp_d': 64.20268021730274, 'ign_k': 8.708806168038567, 'ign_c': 20.03995359361212, 'trop_agb_crit': 1.331177446539379, 'trop_k_veg': 2.144518162606203}.[0m
[32m[I 2026-07-18 18:58:53,161][0m Trial 1358 finished with values: [-0.01071167306838083, 0.00020120044917437685] and parameters: {'k1': 0.03635503353478365, 'D_low': 7.299348683062307, 'k2': 0.012758211164590085, 'D_high': 8559.572793311803, 'fire_exp': 1.7372971722152386, 'P_half': 3.6973278239412215, 'pre_dampen_half': 0.03751320096826995, 'gpp_af': 0.05491703202887763, 'gpp_b': 0.01666658176842624, 'gpp_d': 660.9129108295722, 'ign_k': 5.351470428717439, 'ign_c': 20.03995359361212, 'trop_agb_crit': 3.5747129226002423, 'trop_k_veg': 4.4644194212034}.[0m
[32m[I 2026-07-18 18:58:53,660][0m Trial 1359 finished with values: [-6.662857897391423e-05, 2.883899609118501e-06] and parameters: {'k1': 0.041833856821460395, 'D_low': 6.1642743507854245, 'k2': 0.0005342937261279771, 'D_high': 3712.591045287733, 'fire_exp': 5.415198497144036, 'P_half': 323.6099399575106, 'pre_dampen_half': 241.6951931920675, 'gpp_af': 0.10409127568994281, 'gpp_b': 0.006906522645653115, 'gpp_d': 21.14381609520636, 'ign_k': 5.351470428717439, 'ign_c': 29.690870944846793, 'trop_agb_crit': 1.331177446539379, 'trop_k_veg': 4.4644194212034}.[0m
[32m[I 2026-07-18 18:58:54,177][0m Trial 1360 finished with values: [-0.2219979596268194, 0.006797440083047168] and parameters: {'k1': 0.01889771394135163, 'D_low': 7.46475488144212, 'k2': 0.004237604478368561, 'D_high': 1236.6924205139144, 'fire_exp': 1.450870712623418, 'P_half': 97.0660675687761, 'pre_dampen_half': 6.399026982042284, 'gpp_af': 0.1476584299248268, 'gpp_b': 0.0005752434266899163, 'gpp_d': 8.057329182285729, 'ign_k': 8.708806168038567, 'ign_c': 20.03995359361212, 'trop_agb_crit': 3.5747129226002423, 'trop_k_veg': 4.4644194212034}.[0m
[32m[I 2026-07-18 18:58:54,687][0m Trial 1361 finished with values: [-0.00035206760662114645, 5.1355316594614564e-05] and parameters: {'k1': 0.000633000299675808, 'D_low': 7.46475488144212, 'k2': 0.032845299795769396, 'D_high': 2940.51756322311, 'fire_exp': 5.415198497144036, 'P_half': 12.808863354047988, 'pre_dampen_half': 0.03751320096826995, 'gpp_af': 0.1476584299248268, 'gpp_b': 0.0005752434266899163, 'gpp_d': 64.20268021730274, 'ign_k': 8.708806168038567, 'ign_c': 20.03995359361212, 'trop_agb_crit': 1.7708319837489073, 'trop_k_veg': 6.9782110227926815}.[0m
  trial 1362/2500  pareto_size=71  best_taylor=0.7291  best_ilamb=0.5956  (10.9 min)
[32m[I 2026-07-18 18:58:55,411][0m Trial 1362 finished with values: [-0.5661905523880866, 0.15077789634622774] and parameters: {'k1': 0.041833856821460395, 'D_low': 70.18267183720735, 'k2': 0.032845299795769396, 'D_high': 2940.51756322311, 'fire_exp': 3.231633698316772, 'P_half': 9.324787201197319, 'pre_dampen_half': 107.40052367919465, 'gpp_af': 0.1476584299248268, 'gpp_b': 0.0005752434266899163, 'gpp_d': 64.20268021730274, 'ign_k': 8.708806168038567, 'ign_c': 1.6051347487097574, 'trop_agb_crit': 7.599113148200974, 'trop_k_veg': 3.7095834948926214}.[0m
[32m[I 2026-07-18 18:58:55,951][0m Trial 1363 finished with values: [-0.0011513525872555873, 5.9803623514542714e-05] and parameters: {'k1': 0.041833856821460395, 'D_low': 7.299348683062307, 'k2': 0.032845299795769396, 'D_high': 7321.544340709298, 'fire_exp': 2.7504578233979857, 'P_half': 220.3445560633069, 'pre_dampen_half': 241.6951931920675, 'gpp_af': 0.10409127568994281, 'gpp_b': 0.00431329787498825, 'gpp_d': 0.23073846740741236, 'ign_k': 0.9892483802693093, 'ign_c': 30.28574109895626, 'trop_agb_crit': 2.2212365258224223, 'trop_k_veg': 3.0410938500575915}.[0m
[32m[I 2026-07-18 18:58:56,533][0m Trial 1364 finished with values: [-0.3322891948954738, 0.02015674159444536] and parameters: {'k1': 0.041833856821460395, 'D_low': 70.18267183720735, 'k2': 0.012758211164590085, 'D_high': 3712.591045287733, 'fire_exp': 1.423480109671474, 'P_half': 12.808863354047988, 'pre_dampen_half': 6.399026982042284, 'gpp_af': 0.1476584299248268, 'gpp_b': 0.0005752434266899163, 'gpp_d': 150.14555442537656, 'ign_k': 5.351470428717439, 'ign_c': 20.03995359361212, 'trop_agb_crit': 12.71480504859747, 'trop_k_veg': 4.4644194212034}.[0m
