[32m[I 2026-07-18 18:53:04,438][0m Trial 646 finished with values: [-1.3109424472723534e-06, 0.00011513352253444964] and parameters: {'k1': 0.03040882260558899, 'D_low': 60.42560675552672, 'k2': 0.032845299795769396, 'D_high': 13.179361165291603, 'fire_exp': 1.450870712623418, 'P_half': 17.04981874323337, 'pre_dampen_half': 0.9166964238460101, 'gpp_af': 0.06002934191396867, 'gpp_b': 0.00431329787498825, 'gpp_d': 21.14381609520636, 'ign_k': 0.07091190338709638, 'ign_c': 1.6051347487097574, 'trop_agb_crit': 1.331177446539379, 'trop_k_veg': 3.49157152291552}.[0m
[32m[I 2026-07-18 18:53:04,911][0m Trial 647 finished with values: [-4.188904556763842e-08, 3.026233885705665e-08] and parameters: {'k1': 0.004053638704742309, 'D_low': 70.18267183720735, 'k2': 0.0353875886477924, 'D_high': 1662.6592254031873, 'fire_exp': 5.311995034756393, 'P_half': 658.7536748686896, 'pre_dampen_half': 0.010585220389440335, 'gpp_af': 0.7539992074650282, 'gpp_b': 0.42247700890263673, 'gpp_d': 21.14381609520636, 'ign_k': 5.351470428717439, 'ign_c': 5.130551760589832, 'trop_agb_crit': 1.0903028125370984, 'trop_k_veg': 0.6743482387129308}.[0m
[32m[I 2026-07-18 18:53:05,378][0m Trial 648 finished with values: [-1.247551145159212e-07, 4.563056226092321e-06] and parameters: {'k1': 0.041833856821460395, 'D_low': 6.96063331852638, 'k2': 0.026471946255259393, 'D_high': 64.1820830998748, 'fire_exp': 1.6733848721157607, 'P_half': 7126.727573532312, 'pre_dampen_half': 0.5682966065442919, 'gpp_af': 0.0038793182938363898, 'gpp_b': 0.0012213924959062798, 'gpp_d': 21.14381609520636, 'ign_k': 0.48986208235548445, 'ign_c': 1.958059531975039, 'trop_agb_crit': 24.584290528289387, 'trop_k_veg': 0.6743482387129308}.[0m
[32m[I 2026-07-18 18:53:05,843][0m Trial 649 finished with values: [-2.0000000000000005e-60, 0.0] and parameters: {'k1': 0.011966626407443505, 'D_low': 31.585104499227995, 'k2': 0.0012040762895973265, 'D_high': 2940.51756322311, 'fire_exp': 3.5637467870629145, 'P_half': 7126.727573532312, 'pre_dampen_half': 0.17224846962214363, 'gpp_af': 0.0038793182938363898, 'gpp_b': 0.15001120799850567, 'gpp_d': 757.2868182332339, 'ign_k': 1.0484531351650956, 'ign_c': 49.40031671739373, 'trop_agb_crit': 1.6878075072665546, 'trop_k_veg': 1.7664838950757564}.[0m
[32m[I 2026-07-18 18:53:06,323][0m Trial 650 finished with values: [-0.005112107620848572, 0.010418473539436146] and parameters: {'k1': 0.011966626407443505, 'D_low': 70.18267183720735, 'k2': 0.0005342937261279771, 'D_high': 774.2116473996249, 'fire_exp': 1.6733848721157607, 'P_half': 712.8188058401365, 'pre_dampen_half': 107.40052367919465, 'gpp_af': 2.6003623362924246, 'gpp_b': 3.083723329640505, 'gpp_d': 757.2868182332339, 'ign_k': 5.351470428717439, 'ign_c': 5.130551760589832, 'trop_agb_crit': 1.6878075072665546, 'trop_k_veg': 3.1473758868965485}.[0m
[32m[I 2026-07-18 18:53:06,809][0m Trial 651 finished with values: [-2.0000000000000005e-60, 0.0] and parameters: {'k1': 0.011966626407443505, 'D_low': 31.585104499227995, 'k2': 0.032845299795769396, 'D_high': 774.2116473996249, 'fire_exp': 3.5637467870629145, 'P_half': 7579.633113316125, 'pre_dampen_half': 0.03751320096826995, 'gpp_af': 0.00515795696727661, 'gpp_b': 3.083723329640505, 'gpp_d': 0.02947837769137004, 'ign_k': 8.708806168038567, 'ign_c': 30.28574109895626, 'trop_agb_crit': 24.584290528289387, 'trop_k_veg': 1.9938441068366919}.[0m
[32m[I 2026-07-18 18:53:07,305][0m Trial 652 finished with values: [-0.00015677391633468705, 9.9820972563891e-05] and parameters: {'k1': 0.04541457206426161, 'D_low': 490.2396944106614, 'k2': 0.00035868164986275477, 'D_high': 29812.370697208808, 'fire_exp': 1.6733848721157607, 'P_half': 3554.812765190894, 'pre_dampen_half': 0.011501973785501987, 'gpp_af': 0.0038793182938363898, 'gpp_b': 1.598364670380439e-05, 'gpp_d': 757.2868182332339, 'ign_k': 5.351470428717439, 'ign_c': 20.03995359361212, 'trop_agb_crit': 3.799798565960999, 'trop_k_veg': 1.0594599158279707}.[0m
  trial  653/2500  pareto_size=31  best_taylor=0.7247  best_ilamb=0.5954  (5.1 min)
[32m[I 2026-07-18 18:53:07,883][0m Trial 653 finished with values: [-3.541098809217495e-05, 7.127964653963481e-06] and parameters: {'k1': 0.01889771394135163, 'D_low': 70.18267183720735, 'k2': 0.00035868164986275477, 'D_high': 29812.370697208808, 'fire_exp': 1.423480109671474, 'P_half': 3554.812765190894, 'pre_dampen_half': 0.011501973785501987, 'gpp_af': 0.0038793182938363898, 'gpp_b': 0.006906522645653115, 'gpp_d': 64.20268021730274, 'ign_k': 0.12906379659404604, 'ign_c': 5.130551760589832, 'trop_agb_crit': 1.331177446539379, 'trop_k_veg': 3.49157152291552}.[0m
[32m[I 2026-07-18 18:53:08,351][0m Trial 654 finished with values: [-0.00026175679517912934, 2.830828370248284e-05] and parameters: {'k1': 0.01889771394135163, 'D_low': 70.18267183720735, 'k2': 0.00035868164986275477, 'D_high': 2940.51756322311, 'fire_exp': 1.450870712623418, 'P_half': 3554.812765190894, 'pre_dampen_half': 0.011501973785501987, 'gpp_af': 0.0038793182938363898, 'gpp_b': 0.0005752434266899163, 'gpp_d': 64.20268021730274, 'ign_k': 8.708806168038567, 'ign_c': 0.1948891005130867, 'trop_agb_crit': 3.799798565960999, 'trop_k_veg': 6.9782110227926815}.[0m
[32m[I 2026-07-18 18:53:08,818][0m Trial 655 finished with values: [-1.7963614143201792e-16, 0.0] and parameters: {'k1': 0.01889771394135163, 'D_low': 70.18267183720735, 'k2': 0.0007047307383115598, 'D_high': 2940.51756322311, 'fire_exp': 2.61565689708108, 'P_half': 234.09994646132157, 'pre_dampen_half': 0.2128140089453379, 'gpp_af': 0.0038793182938363898, 'gpp_b': 0.2272730825106818, 'gpp_d': 660.9129108295722, 'ign_k': 8.708806168038567, 'ign_c': 30.28574109895626, 'trop_agb_crit': 3.799798565960999, 'trop_k_veg': 0.5772603928610088}.[0m
[32m[I 2026-07-18 18:53:09,300][0m Trial 656 finished with values: [-5.742041850084402e-14, 0.0] and parameters: {'k1': 0.011966626407443505, 'D_low': 70.18267183720735, 'k2': 0.032845299795769396, 'D_high': 60107.420288647445, 'fire_exp': 3.5637467870629145, 'P_half': 712.8188058401365, 'pre_dampen_half': 107.40052367919465, 'gpp_af': 0.16548212780921995, 'gpp_b': 3.083723329640505, 'gpp_d': 64.20268021730274, 'ign_k': 8.708806168038567, 'ign_c': 30.28574109895626, 'trop_agb_crit': 24.584290528289387, 'trop_k_veg': 3.1473758868965485}.[0m
[32m[I 2026-07-18 18:53:09,806][0m Trial 657 finished with values: [-0.001462072252625258, 6.0186857539723526e-05] and parameters: {'k1': 0.029687184908302574, 'D_low': 70.18267183720735, 'k2': 0.012758211164590085, 'D_high': 503.20593472868, 'fire_exp': 2.667972213959779, 'P_half': 525.911865925123, 'pre_dampen_half': 0.03751320096826995, 'gpp_af': 0.0022961065892443786, 'gpp_b': 0.0005752434266899163, 'gpp_d': 8.057329182285729, 'ign_k': 8.708806168038567, 'ign_c': 5.130551760589832, 'trop_agb_crit': 6.119263728555865, 'trop_k_veg': 6.9782110227926815}.[0m
[32m[I 2026-07-18 18:53:10,290][0m Trial 658 finished with values: [-6.66725765778613e-06, 8.458351653528595e-07] and parameters: {'k1': 0.04541457206426161, 'D_low': 1.9977959434035766, 'k2': 0.032845299795769396, 'D_high': 15351.441568398131, 'fire_exp': 1.450870712623418, 'P_half': 3554.812765190894, 'pre_dampen_half': 0.03751320096826995, 'gpp_af': 0.00515795696727661, 'gpp_b': 0.0005744663972188569, 'gpp_d': 660.9129108295722, 'ign_k': 0.48986208235548445, 'ign_c': 30.28574109895626, 'trop_agb_crit': 24.584290528289387, 'trop_k_veg': 0.902411054575325}.[0m
[32m[I 2026-07-18 18:53:10,773][0m Trial 659 finished with values: [-7.213219797277908e-07, 1.6377196077055345e-07] and parameters: {'k1': 0.004053638704742309, 'D_low': 70.18267183720735, 'k2': 0.0353875886477924, 'D_high': 1662.6592254031873, 'fire_exp': 5.311995034756393, 'P_half': 221.2683656611821, 'pre_dampen_half': 0.010585220389440335, 'gpp_af': 0.7539992074650282, 'gpp_b': 0.42247700890263673, 'gpp_d': 21.14381609520636, 'ign_k': 5.351470428717439, 'ign_c': 5.130551760589832, 'trop_agb_crit': 1.0903028125370984, 'trop_k_veg': 0.6743482387129308}.[0m
[32m[I 2026-07-18 18:53:11,286][0m Trial 660 finished with values: [-0.0010582648101888587, 9.247260049272121e-05] and parameters: {'k1': 0.07799059237255677, 'D_low': 7.46475488144212, 'k2': 0.0005342937261279771, 'D_high': 29812.370697208808, 'fire_exp': 1.423480109671474, 'P_half': 3554.812765190894, 'pre_dampen_half': 0.011501973785501987, 'gpp_af': 0.27997858752477867, 'gpp_b': 0.01666658176842624, 'gpp_d': 757.2868182332339, 'ign_k': 5.351470428717439, 'ign_c': 0.1948891005130867, 'trop_agb_crit': 1.6878075072665546, 'trop_k_veg': 6.9782110227926815}.[0m
[32m[I 2026-07-18 18:53:11,759][0m Trial 661 finished with values: [-0.0006043505908819337, 1.5770338177123477e-05] and parameters: {'k1': 0.03635503353478365, 'D_low': 70.18267183720735, 'k2': 0.012758211164590085, 'D_high': 2940.51756322311, 'fire_exp': 1.5036604936020428, 'P_half': 712.8188058401365, 'pre_dampen_half': 107.40052367919465, 'gpp_af': 0.0022961065892443786, 'gpp_b': 0.0005752434266899163, 'gpp_d': 660.9129108295722, 'ign_k': 8.708806168038567, 'ign_c': 30.28574109895626, 'trop_agb_crit': 1.331177446539379, 'trop_k_veg': 3.1473758868965485}.[0m
[32m[I 2026-07-18 18:53:12,228][0m Trial 662 finished with values: [-1.4703917205620443e-07, 6.429545784669699e-10] and parameters: {'k1': 0.01889771394135163, 'D_low': 31.585104499227995, 'k2': 0.0007047307383115598, 'D_high': 25628.666000163565, 'fire_exp': 2.61565689708108, 'P_half': 234.09994646132157, 'pre_dampen_half': 0.2128140089453379, 'gpp_af': 0.27997858752477867, 'gpp_b': 0.2272730825106818, 'gpp_d': 8.057329182285729, 'ign_k': 8.708806168038567, 'ign_c': 30.28574109895626, 'trop_agb_crit': 7.499945891579917, 'trop_k_veg': 0.5772603928610088}.[0m
[32m[I 2026-07-18 18:53:12,691][0m Trial 663 finished with values: [-0.0028684902379883044, 0.0018842373871511553] and parameters: {'k1': 0.01889771394135163, 'D_low': 70.18267183720735, 'k2': 7.91442361215536e-05, 'D_high': 774.2116473996249, 'fire_exp': 3.5637467870629145, 'P_half': 221.2683656611821, 'pre_dampen_half': 107.40052367919465, 'gpp_af': 0.6403036652671174, 'gpp_b': 1.598364670380439e-05, 'gpp_d': 229.41380323183625, 'ign_k': 5.351470428717439, 'ign_c': 20.03995359361212, 'trop_agb_crit': 1.331177446539379, 'trop_k_veg': 3.1473758868965485}.[0m
[32m[I 2026-07-18 18:53:13,145][0m Trial 664 finished with values: [-6.766575532587166e-05, 1.2812698798492228e-05] and parameters: {'k1': 0.02938501958389821, 'D_low': 4.484744524732794, 'k2': 0.00035868164986275477, 'D_high': 774.2116473996249, 'fire_exp': 1.6733848721157607, 'P_half': 3554.812765190894, 'pre_dampen_half': 0.011501973785501987, 'gpp_af': 0.0038793182938363898, 'gpp_b': 7.007213496896404e-05, 'gpp_d': 2.944272359149678, 'ign_k': 5.351470428717439, 'ign_c': 20.03995359361212, 'trop_agb_crit': 1.331177446539379, 'trop_k_veg': 3.49157152291552}.[0m
[32m[I 2026-07-18 18:53:13,599][0m Trial 665 finished with values: [-0.0001233150803568152, 1.9057101949604416e-05] and parameters: {'k1': 2.316457903103837e-05, 'D_low': 589.5271473887282, 'k2': 0.00035868164986275477, 'D_high': 45914.85216740541, 'fire_exp': 1.423480109671474, 'P_half': 3554.812765190894, 'pre_dampen_half': 0.011501973785501987, 'gpp_af': 0.001111693990724459, 'gpp_b': 7.007213496896404e-05, 'gpp_d': 155.0873760872376, 'ign_k': 5.351470428717439, 'ign_c': 20.03995359361212, 'trop_agb_crit': 1.331177446539379, 'trop_k_veg': 3.49157152291552}.[0m
[32m[I 2026-07-18 18:53:14,052][0m Trial 666 finished with values: [-4.709942405905098e-16, 6.688760656459181e-12] and parameters: {'k1': 2.316457903103837e-05, 'D_low': 31.585104499227995, 'k2': 0.0007047307383115598, 'D_high': 107.7788960207927, 'fire_exp': 1.6733848721157607, 'P_half': 221.2683656611821, 'pre_dampen_half': 3.3841016089580047, 'gpp_af': 0.001111693990724459, 'gpp_b': 4.652488591349136, 'gpp_d': 229.41380323183625, 'ign_k': 0.5407445028694731, 'ign_c': 20.03995359361212, 'trop_agb_crit': 1.331177446539379, 'trop_k_veg': 3.49157152291552}.[0m
[32m[I 2026-07-18 18:53:14,510][0m Trial 667 finished with values: [-6.872137991227237e-07, 1.9161072015716485e-06] and parameters: {'k1': 0.01889771394135163, 'D_low': 97.43142535650219, 'k2': 0.0012040762895973265, 'D_high': 146.1896279370497, 'fire_exp': 1.450870712623418, 'P_half': 220.3445560633069, 'pre_dampen_half': 0.2888838362365318, 'gpp_af': 0.06002934191396867, 'gpp_b': 0.42247700890263673, 'gpp_d': 21.14381609520636, 'ign_k': 0.07091190338709638, 'ign_c': 30.28574109895626, 'trop_agb_crit': 12.71480504859747, 'trop_k_veg': 6.9782110227926815}.[0m
[32m[I 2026-07-18 18:53:14,968][0m Trial 668 finished with values: [-0.018615415454625677, 0.005525735400908061] and parameters: {'k1': 0.011966626407443505, 'D_low': 31.585104499227995, 'k2': 0.0012040762895973265, 'D_high': 3712.591045287733, 'fire_exp': 3.5637467870629145, 'P_half': 712.8188058401365, 'pre_dampen_half': 502.5175192217655, 'gpp_af': 1.2281069836814837, 'gpp_b': 0.15001120799850567, 'gpp_d': 8.057329182285729, 'ign_k': 3.5891558714508416, 'ign_c': 15.221840161091619, 'trop_agb_crit': 24.584290528289387, 'trop_k_veg': 5.562062429861957}.[0m
[32m[I 2026-07-18 18:53:15,458][0m Trial 669 finished with values: [-9.481768999662159e-11, 9.080792229276824e-09] and parameters: {'k1': 0.01889771394135163, 'D_low': 191.61918406231337, 'k2': 0.0007047307383115598, 'D_high': 25628.666000163565, 'fire_exp': 1.6733848721157607, 'P_half': 234.09994646132157, 'pre_dampen_half': 0.011501973785501987, 'gpp_af': 0.0014188461251885575, 'gpp_b': 0.2272730825106818, 'gpp_d': 64.20268021730274, 'ign_k': 8.708806168038567, 'ign_c': 5.130551760589832, 'trop_agb_crit': 1.331177446539379, 'trop_k_veg': 0.5772603928610088}.[0m
[32m[I 2026-07-18 18:53:15,916][0m Trial 670 finished with values: [-0.0011042397868735044, 0.00010019425690876993] and parameters: {'k1': 0.04541457206426161, 'D_low': 31.585104499227995, 'k2': 0.00035868164986275477, 'D_high': 52941.32201721572, 'fire_exp': 1.423480109671474, 'P_half': 3554.812765190894, 'pre_dampen_half': 0.011501973785501987, 'gpp_af': 0.0038793182938363898, 'gpp_b': 7.007213496896404e-05, 'gpp_d': 64.20268021730274, 'ign_k': 5.351470428717439, 'ign_c': 20.03995359361212, 'trop_agb_crit': 1.331177446539379, 'trop_k_veg': 4.9897488945787245}.[0m
[32m[I 2026-07-18 18:53:16,377][0m Trial 671 finished with values: [-0.0018147280512408276, 4.476812212506065e-05] and parameters: {'k1': 0.011966626407443505, 'D_low': 1.3577269394141454, 'k2': 0.0353875886477924, 'D_high': 1662.6592254031873, 'fire_exp': 2.61565689708108, 'P_half': 221.2683656611821, 'pre_dampen_half': 0.010585220389440335, 'gpp_af': 0.7539992074650282, 'gpp_b': 0.13713885091300898, 'gpp_d': 21.14381609520636, 'ign_k': 5.351470428717439, 'ign_c': 5.130551760589832, 'trop_agb_crit': 1.0903028125370984, 'trop_k_veg': 0.6743482387129308}.[0m
[32m[I 2026-07-18 18:53:16,897][0m Trial 672 finished with values: [-4.139150656357612e-05, 1.1491266932450728e-05] and parameters: {'k1': 0.04541457206426161, 'D_low': 7.299348683062307, 'k2': 0.019894080167856897, 'D_high': 1578.0309954142967, 'fire_exp': 1.6733848721157607, 'P_half': 7126.727573532312, 'pre_dampen_half': 241.6951931920675, 'gpp_af': 0.10409127568994281, 'gpp_b': 0.0012213924959062798, 'gpp_d': 757.2868182332339, 'ign_k': 1.0484531351650956, 'ign_c': 30.28574109895626, 'trop_agb_crit': 1.331177446539379, 'trop_k_veg': 1.7664838950757564}.[0m
[32m[I 2026-07-18 18:53:17,368][0m Trial 673 finished with values: [-0.04987791273066794, 0.0020344655284156854] and parameters: {'k1': 0.04541457206426161, 'D_low': 6.96063331852638, 'k2': 0.005082220961627801, 'D_high': 3712.591045287733, 'fire_exp': 1.6733848721157607, 'P_half': 310.3604223881657, 'pre_dampen_half': 0.5682966065442919, 'gpp_af': 0.01719951378854337, 'gpp_b': 0.00012379625135997558, 'gpp_d': 660.9129108295722, 'ign_k': 1.0484531351650956, 'ign_c': 15.221840161091619, 'trop_agb_crit': 2.1861040860339416, 'trop_k_veg': 0.6743482387129308}.[0m
[32m[I 2026-07-18 18:53:17,850][0m Trial 674 finished with values: [-1.653940238277864e-13, 3.009925642061262e-11] and parameters: {'k1': 0.041833856821460395, 'D_low': 31.585104499227995, 'k2': 0.0353875886477924, 'D_high': 15351.441568398131, 'fire_exp': 2.61565689708108, 'P_half': 3554.812765190894, 'pre_dampen_half': 0.2128140089453379, 'gpp_af': 0.7539992074650282, 'gpp_b': 0.42247700890263673, 'gpp_d': 0.1197776427957647, 'ign_k': 0.48986208235548445, 'ign_c': 30.28574109895626, 'trop_agb_crit': 7.499945891579917, 'trop_k_veg': 3.107042296015176}.[0m
[32m[I 2026-07-18 18:53:18,309][0m Trial 675 finished with values: [-0.18610733986741182, 0.06241663697454902] and parameters: {'k1': 0.011966626407443505, 'D_low': 70.18267183720735, 'k2': 0.0353875886477924, 'D_high': 1236.6924205139144, 'fire_exp': 1.450870712623418, 'P_half': 712.8188058401365, 'pre_dampen_half': 107.40052367919465, 'gpp_af': 0.06002934191396867, 'gpp_b': 0.00431329787498825, 'gpp_d': 21.14381609520636, 'ign_k': 0.07091190338709638, 'ign_c': 3.7623363852696734, 'trop_agb_crit': 12.71480504859747, 'trop_k_veg': 4.4644194212034}.[0m
[32m[I 2026-07-18 18:53:18,768][0m Trial 676 finished with values: [-4.976928911779864e-13, 5.685423243306786e-10] and parameters: {'k1': 0.011966626407443505, 'D_low': 1.9977959434035766, 'k2': 0.0040265389838192705, 'D_high': 15351.441568398131, 'fire_exp': 2.61565689708108, 'P_half': 175.2878790340412, 'pre_dampen_half': 0.2888838362365318, 'gpp_af': 0.01719951378854337, 'gpp_b': 1.6204477512064805, 'gpp_d': 21.14381609520636, 'ign_k': 0.48986208235548445, 'ign_c': 0.5342106255632174, 'trop_agb_crit': 1.4369803541745465, 'trop_k_veg': 0.5772603928610088}.[0m
[32m[I 2026-07-18 18:53:19,224][0m Trial 677 finished with values: [-5.607101481793051e-07, 7.866619455842994e-08] and parameters: {'k1': 0.01889771394135163, 'D_low': 7.299348683062307, 'k2': 0.0005342937261279771, 'D_high': 1578.0309954142967, 'fire_exp': 1.423480109671474, 'P_half': 323.6099399575106, 'pre_dampen_half': 0.1875872314533727, 'gpp_af': 0.10409127568994281, 'gpp_b': 0.08852620105022925, 'gpp_d': 757.2868182332339, 'ign_k': 5.351470428717439, 'ign_c': 30.28574109895626, 'trop_agb_crit': 1.331177446539379, 'trop_k_veg': 0.6743482387129308}.[0m
[32m[I 2026-07-18 18:53:19,681][0m Trial 678 finished with values: [-0.013708922837790422, 0.0037769387158955725] and parameters: {'k1': 0.01889771394135163, 'D_low': 1.9977959434035766, 'k2': 0.09946147674311609, 'D_high': 45914.85216740541, 'fire_exp': 1.0629462657398439, 'P_half': 712.8188058401365, 'pre_dampen_half': 3.3841016089580047, 'gpp_af': 0.001111693990724459, 'gpp_b': 0.0021331409710300844, 'gpp_d': 150.14555442537656, 'ign_k': 3.5891558714508416, 'ign_c': 15.221840161091619, 'trop_agb_crit': 1.331177446539379, 'trop_k_veg': 1.0594599158279707}.[0m
[32m[I 2026-07-18 18:53:20,148][0m Trial 679 finished with values: [-0.04099979913979644, 0.0012503323525527854] and parameters: {'k1': 0.01889771394135163, 'D_low': 70.18267183720735, 'k2': 0.00035868164986275477, 'D_high': 8182.111518618414, 'fire_exp': 1.6733848721157607, 'P_half': 9.324787201197319, 'pre_dampen_half': 3.3841016089580047, 'gpp_af': 0.001111693990724459, 'gpp_b': 0.0005623095666134974, 'gpp_d': 229.41380323183625, 'ign_k': 5.351470428717439, 'ign_c': 20.03995359361212, 'trop_agb_crit': 7.599113148200974, 'trop_k_veg': 1.0594599158279707}.[0m
[32m[I 2026-07-18 18:53:20,696][0m Trial 680 finished with values: [-3.2190153171816476e-08, 5.695957008278185e-07] and parameters: {'k1': 0.011966626407443505, 'D_low': 70.18267183720735, 'k2': 0.00035868164986275477, 'D_high': 1662.6592254031873, 'fire_exp': 3.5637467870629145, 'P_half': 3554.812765190894, 'pre_dampen_half': 107.40052367919465, 'gpp_af': 0.7539992074650282, 'gpp_b': 7.007213496896404e-05, 'gpp_d': 64.20268021730274, 'ign_k': 8.708806168038567, 'ign_c': 30.28574109895626, 'trop_agb_crit': 1.0903028125370984, 'trop_k_veg': 3.49157152291552}.[0m
[32m[I 2026-07-18 18:53:21,235][0m Trial 681 finished with values: [-0.0020224675576658783, 0.0012099706332843185] and parameters: {'k1': 0.041833856821460395, 'D_low': 70.18267183720735, 'k2': 0.0012040762895973265, 'D_high': 1578.0309954142967, 'fire_exp': 1.450870712623418, 'P_half': 1.4367266998250416, 'pre_dampen_half': 0.5682966065442919, 'gpp_af': 0.10409127568994281, 'gpp_b': 1.598364670380439e-05, 'gpp_d': 8.057329182285729, 'ign_k': 5.351470428717439, 'ign_c': 30.28574109895626, 'trop_agb_crit': 24.584290528289387, 'trop_k_veg': 1.7517490491468353}.[0m
[32m[I 2026-07-18 18:53:21,746][0m Trial 682 finished with values: [-0.0027414956650359365, 0.00013527596515516827] and parameters: {'k1': 0.007530210437963516, 'D_low': 4.484744524732794, 'k2': 0.00035868164986275477, 'D_high': 774.2116473996249, 'fire_exp': 1.1174086754605184, 'P_half': 712.8188058401365, 'pre_dampen_half': 0.011501973785501987, 'gpp_af': 0.0038793182938363898, 'gpp_b': 0.0005744663972188569, 'gpp_d': 2.944272359149678, 'ign_k': 8.103949702339493, 'ign_c': 15.221840161091619, 'trop_agb_crit': 24.584290528289387, 'trop_k_veg': 6.9782110227926815}.[0m
[32m[I 2026-07-18 18:53:22,260][0m Trial 683 finished with values: [-0.0013896804972724235, 0.00024998888623639637] and parameters: {'k1': 0.00016480446427978953, 'D_low': 7.46475488144212, 'k2': 0.0007047307383115598, 'D_high': 61536.58035691659, 'fire_exp': 1.423480109671474, 'P_half': 712.8188058401365, 'pre_dampen_half': 0.2888838362365318, 'gpp_af': 0.6403036652671174, 'gpp_b': 0.42247700890263673, 'gpp_d': 64.20268021730274, 'ign_k': 0.6697348618512099, 'ign_c': 4.2425976091860935, 'trop_agb_crit': 19.3289574092866, 'trop_k_veg': 4.375785248100498}.[0m
