[32m[I 2026-07-18 18:50:42,392][0m Trial 342 finished with values: [-0.005365930359101351, 0.009155604987965416] and parameters: {'k1': 0.0012056765208549535, 'D_low': 3.4487261314487374, 'k2': 0.0353875886477924, 'D_high': 2940.51756322311, 'fire_exp': 1.450870712623418, 'P_half': 3554.812765190894, 'pre_dampen_half': 107.40052367919465, 'gpp_af': 24.725776073156716, 'gpp_b': 0.36422282566934217, 'gpp_d': 64.20268021730274, 'ign_k': 0.12329098365270519, 'ign_c': 8.405439129313676, 'trop_agb_crit': 3.5747129226002423, 'trop_k_veg': 0.902411054575325}.[0m
[32m[I 2026-07-18 18:50:42,862][0m Trial 343 finished with values: [-8.55557577565853e-06, 7.095933255696352e-05] and parameters: {'k1': 0.002155595057104387, 'D_low': 40.12413353131991, 'k2': 0.0154776166709383, 'D_high': 21.947742689197344, 'fire_exp': 1.423480109671474, 'P_half': 220.3445560633069, 'pre_dampen_half': 0.5682966065442919, 'gpp_af': 0.7539992074650282, 'gpp_b': 0.0005744663972188569, 'gpp_d': 19.600139992927424, 'ign_k': 2.5253810447657927, 'ign_c': 15.221840161091619, 'trop_agb_crit': 10.691477813613638, 'trop_k_veg': 1.0594599158279707}.[0m
[32m[I 2026-07-18 18:50:43,341][0m Trial 344 finished with values: [-5.134402891244566e-08, 5.0239848246036445e-06] and parameters: {'k1': 0.00016480446427978953, 'D_low': 1.9977959434035766, 'k2': 0.026471946255259393, 'D_high': 45914.85216740541, 'fire_exp': 1.0629462657398439, 'P_half': 221.2683656611821, 'pre_dampen_half': 0.2888838362365318, 'gpp_af': 0.001111693990724459, 'gpp_b': 0.42247700890263673, 'gpp_d': 229.41380323183625, 'ign_k': 5.351470428717439, 'ign_c': 5.130551760589832, 'trop_agb_crit': 1.331177446539379, 'trop_k_veg': 1.0594599158279707}.[0m
[32m[I 2026-07-18 18:50:43,814][0m Trial 345 finished with values: [-2.0000000000000005e-60, 0.0] and parameters: {'k1': 0.0699458988153545, 'D_low': 2945.620569202742, 'k2': 0.0353875886477924, 'D_high': 774.2116473996249, 'fire_exp': 1.2611826901294014, 'P_half': 712.8188058401365, 'pre_dampen_half': 0.029662981696401067, 'gpp_af': 3.481888691767623, 'gpp_b': 1.284284091405877e-05, 'gpp_d': 229.41380323183625, 'ign_k': 5.351470428717439, 'ign_c': 18.219343937475102, 'trop_agb_crit': 15.961316409649486, 'trop_k_veg': 0.6743482387129308}.[0m
[32m[I 2026-07-18 18:50:44,274][0m Trial 346 finished with values: [-0.004568926681239735, 0.006286599401954529] and parameters: {'k1': 0.0012056765208549535, 'D_low': 1228.2126524008484, 'k2': 0.0012040762895973265, 'D_high': 8182.111518618414, 'fire_exp': 2.878298002135838, 'P_half': 175.2878790340412, 'pre_dampen_half': 107.40052367919465, 'gpp_af': 0.10409127568994281, 'gpp_b': 6.369295096609023e-05, 'gpp_d': 660.9129108295722, 'ign_k': 0.12329098365270519, 'ign_c': 20.03995359361212, 'trop_agb_crit': 10.965064494899984, 'trop_k_veg': 6.9782110227926815}.[0m
[32m[I 2026-07-18 18:50:44,731][0m Trial 347 finished with values: [-2.0000000000000005e-60, 0.0] and parameters: {'k1': 0.041833856821460395, 'D_low': 355.00125258511594, 'k2': 0.018573288333114862, 'D_high': 1662.6592254031873, 'fire_exp': 2.1154350616377124, 'P_half': 220.3445560633069, 'pre_dampen_half': 0.5682966065442919, 'gpp_af': 30.62518985924679, 'gpp_b': 2.5264362435704455, 'gpp_d': 21.14381609520636, 'ign_k': 0.48986208235548445, 'ign_c': 222.87087260110118, 'trop_agb_crit': 24.584290528289387, 'trop_k_veg': 0.6743482387129308}.[0m
[32m[I 2026-07-18 18:50:45,189][0m Trial 348 finished with values: [-2.0000000000000005e-60, 0.0] and parameters: {'k1': 0.0012056765208549535, 'D_low': 70.18267183720735, 'k2': 0.012758211164590085, 'D_high': 774.2116473996249, 'fire_exp': 1.165368636520435, 'P_half': 12.808863354047988, 'pre_dampen_half': 0.2128140089453379, 'gpp_af': 0.10409127568994281, 'gpp_b': 6.369295096609023e-05, 'gpp_d': 660.9129108295722, 'ign_k': 1.0484531351650956, 'ign_c': 61.64329525571074, 'trop_agb_crit': 1.331177446539379, 'trop_k_veg': 0.902411054575325}.[0m
  trial  349/2500  pareto_size=21  best_taylor=0.7247  best_ilamb=0.5954  (2.7 min)
[32m[I 2026-07-18 18:50:45,698][0m Trial 349 finished with values: [-1.1595073872925421e-12, 6.725521695116754e-09] and parameters: {'k1': 3.8751982355100445e-05, 'D_low': 1228.2126524008484, 'k2': 0.0353875886477924, 'D_high': 8182.111518618414, 'fire_exp': 3.5637467870629145, 'P_half': 8320.133621840185, 'pre_dampen_half': 241.6951931920675, 'gpp_af': 0.10409127568994281, 'gpp_b': 6.369295096609023e-05, 'gpp_d': 0.01392878970664331, 'ign_k': 0.12329098365270519, 'ign_c': 30.28574109895626, 'trop_agb_crit': 1.0903028125370984, 'trop_k_veg': 0.902411054575325}.[0m
[32m[I 2026-07-18 18:50:46,155][0m Trial 350 finished with values: [-0.011429895199123092, 0.005786864806951009] and parameters: {'k1': 0.011966626407443505, 'D_low': 70.18267183720735, 'k2': 7.91442361215536e-05, 'D_high': 774.2116473996249, 'fire_exp': 1.1263716762638152, 'P_half': 712.8188058401365, 'pre_dampen_half': 107.40052367919465, 'gpp_af': 0.6403036652671174, 'gpp_b': 2.6738182964551835e-05, 'gpp_d': 757.2868182332339, 'ign_k': 8.708806168038567, 'ign_c': 30.28574109895626, 'trop_agb_crit': 1.331177446539379, 'trop_k_veg': 3.1473758868965485}.[0m
[32m[I 2026-07-18 18:50:46,616][0m Trial 351 finished with values: [-8.707491050572776e-06, 0.0001631371708081808] and parameters: {'k1': 0.01889771394135163, 'D_low': 31.585104499227995, 'k2': 0.0012040762895973265, 'D_high': 5254.8834372681695, 'fire_exp': 3.2181803496180783, 'P_half': 4.213183643253957, 'pre_dampen_half': 241.6951931920675, 'gpp_af': 1.2389588752305054, 'gpp_b': 0.01666658176842624, 'gpp_d': 0.01392878970664331, 'ign_k': 8.708806168038567, 'ign_c': 20.23326185206641, 'trop_agb_crit': 1.285305820648146, 'trop_k_veg': 0.6673124511410327}.[0m
[32m[I 2026-07-18 18:50:47,078][0m Trial 352 finished with values: [-0.013255987052827167, 0.030983731119851865] and parameters: {'k1': 0.07799059237255677, 'D_low': 7.299348683062307, 'k2': 0.0005342937261279771, 'D_high': 25628.666000163565, 'fire_exp': 3.5637467870629145, 'P_half': 175.2878790340412, 'pre_dampen_half': 241.6951931920675, 'gpp_af': 0.2901272149738624, 'gpp_b': 6.369295096609023e-05, 'gpp_d': 40.95062894476691, 'ign_k': 0.006290644294586149, 'ign_c': 1.958059531975039, 'trop_agb_crit': 1.0903028125370984, 'trop_k_veg': 5.198868247525918}.[0m
[32m[I 2026-07-18 18:50:47,542][0m Trial 353 finished with values: [-4.210403116479737e-06, 2.167604750358265e-06] and parameters: {'k1': 0.01889771394135163, 'D_low': 31.585104499227995, 'k2': 0.015827817125573202, 'D_high': 503.20593472868, 'fire_exp': 3.2181803496180783, 'P_half': 3554.812765190894, 'pre_dampen_half': 0.03751320096826995, 'gpp_af': 0.27997858752477867, 'gpp_b': 0.01666658176842624, 'gpp_d': 8.057329182285729, 'ign_k': 8.708806168038567, 'ign_c': 20.23326185206641, 'trop_agb_crit': 6.119263728555865, 'trop_k_veg': 4.030242248006271}.[0m
[32m[I 2026-07-18 18:50:48,000][0m Trial 354 finished with values: [-9.989203618299519e-06, 0.0004277233785414669] and parameters: {'k1': 0.0012056765208549535, 'D_low': 1228.2126524008484, 'k2': 4.30943585950406e-05, 'D_high': 25628.666000163565, 'fire_exp': 7.601000466715835, 'P_half': 175.2878790340412, 'pre_dampen_half': 241.6951931920675, 'gpp_af': 22.867444764010127, 'gpp_b': 6.369295096609023e-05, 'gpp_d': 64.20268021730274, 'ign_k': 0.2970792051473599, 'ign_c': 0.2537994662905845, 'trop_agb_crit': 1.331177446539379, 'trop_k_veg': 0.902411054575325}.[0m
[32m[I 2026-07-18 18:50:48,460][0m Trial 355 finished with values: [-2.0000000000000005e-60, 0.0] and parameters: {'k1': 0.01889771394135163, 'D_low': 1228.2126524008484, 'k2': 0.026471946255259393, 'D_high': 146.1896279370497, 'fire_exp': 1.450870712623418, 'P_half': 1.309149162209817, 'pre_dampen_half': 0.14126812677903758, 'gpp_af': 0.6403036652671174, 'gpp_b': 0.42247700890263673, 'gpp_d': 84.31013932082456, 'ign_k': 0.006290644294586149, 'ign_c': 5.130551760589832, 'trop_agb_crit': 10.965064494899984, 'trop_k_veg': 0.902411054575325}.[0m
[32m[I 2026-07-18 18:50:48,917][0m Trial 356 finished with values: [-2.0000000000000005e-60, 0.0] and parameters: {'k1': 0.07799059237255677, 'D_low': 4546.192107824457, 'k2': 0.0353875886477924, 'D_high': 774.2116473996249, 'fire_exp': 1.2611826901294014, 'P_half': 712.8188058401365, 'pre_dampen_half': 0.2888838362365318, 'gpp_af': 0.6403036652671174, 'gpp_b': 0.15001120799850567, 'gpp_d': 134.6119925566483, 'ign_k': 0.0032770228519285686, 'ign_c': 5.130551760589832, 'trop_agb_crit': 15.961316409649486, 'trop_k_veg': 0.6743482387129308}.[0m
[32m[I 2026-07-18 18:50:49,380][0m Trial 357 finished with values: [-1.5534782062003386e-11, 1.2909255886484061e-08] and parameters: {'k1': 0.011966626407443505, 'D_low': 8.446694862290624, 'k2': 0.0009299619346742016, 'D_high': 503.20593472868, 'fire_exp': 2.878298002135838, 'P_half': 8320.133621840185, 'pre_dampen_half': 2.9046276683520444, 'gpp_af': 0.04403094955951772, 'gpp_b': 0.0005392415140872105, 'gpp_d': 0.01392878970664331, 'ign_k': 0.002011190979341457, 'ign_c': 30.28574109895626, 'trop_agb_crit': 1.331177446539379, 'trop_k_veg': 0.7618668427217097}.[0m
[32m[I 2026-07-18 18:50:49,843][0m Trial 358 finished with values: [-0.006930072337228506, 0.0034906879721958717] and parameters: {'k1': 3.5917714215176105e-05, 'D_low': 3.4487261314487374, 'k2': 0.00021901578520649233, 'D_high': 9419.6122359782, 'fire_exp': 2.100650708889295, 'P_half': 78.6767770625783, 'pre_dampen_half': 2.9046276683520444, 'gpp_af': 0.010767288724535768, 'gpp_b': 3.43926796010005e-05, 'gpp_d': 9.51028874815853, 'ign_k': 0.07696703458159232, 'ign_c': 0.3277320296937064, 'trop_agb_crit': 3.275825291386224, 'trop_k_veg': 6.58013223588778}.[0m
[32m[I 2026-07-18 18:50:50,305][0m Trial 359 finished with values: [-0.008694899038489428, 0.014105538215838598] and parameters: {'k1': 0.012840669372724958, 'D_low': 2.6692731167228954, 'k2': 0.0007047307383115598, 'D_high': 21.947742689197344, 'fire_exp': 1.2918065501148304, 'P_half': 221.2683656611821, 'pre_dampen_half': 3.3841016089580047, 'gpp_af': 2.6003623362924246, 'gpp_b': 7.210246166617508e-05, 'gpp_d': 229.41380323183625, 'ign_k': 0.0043958167971197126, 'ign_c': 0.2537994662905845, 'trop_agb_crit': 1.331177446539379, 'trop_k_veg': 6.45312300188076}.[0m
[32m[I 2026-07-18 18:50:50,775][0m Trial 360 finished with values: [-5.232288160956005e-10, 1.6923332513130163e-08] and parameters: {'k1': 0.0012056765208549535, 'D_low': 70.18267183720735, 'k2': 0.032845299795769396, 'D_high': 2940.51756322311, 'fire_exp': 6.576079034416172, 'P_half': 3554.812765190894, 'pre_dampen_half': 107.40052367919465, 'gpp_af': 0.10409127568994281, 'gpp_b': 6.369295096609023e-05, 'gpp_d': 660.9129108295722, 'ign_k': 8.708806168038567, 'ign_c': 20.03995359361212, 'trop_agb_crit': 3.5747129226002423, 'trop_k_veg': 0.902411054575325}.[0m
[32m[I 2026-07-18 18:50:51,238][0m Trial 361 finished with values: [-0.0017240045897973474, 0.0015937069279141625] and parameters: {'k1': 0.01889771394135163, 'D_low': 70.18267183720735, 'k2': 0.00035868164986275477, 'D_high': 2940.51756322311, 'fire_exp': 1.6733848721157607, 'P_half': 3554.812765190894, 'pre_dampen_half': 107.40052367919465, 'gpp_af': 14.476743839391002, 'gpp_b': 0.0005752434266899163, 'gpp_d': 64.20268021730274, 'ign_k': 0.12906379659404604, 'ign_c': 20.23326185206641, 'trop_agb_crit': 3.5747129226002423, 'trop_k_veg': 3.49157152291552}.[0m
[32m[I 2026-07-18 18:50:51,699][0m Trial 362 finished with values: [-0.4754451733679307, 0.15505711010900836] and parameters: {'k1': 0.011966626407443505, 'D_low': 70.18267183720735, 'k2': 0.0012040762895973265, 'D_high': 8182.111518618414, 'fire_exp': 2.878298002135838, 'P_half': 107.12009151798692, 'pre_dampen_half': 107.40052367919465, 'gpp_af': 0.10409127568994281, 'gpp_b': 6.369295096609023e-05, 'gpp_d': 64.20268021730274, 'ign_k': 8.708806168038567, 'ign_c': 0.10605801312906209, 'trop_agb_crit': 10.965064494899984, 'trop_k_veg': 3.1473758868965485}.[0m
[32m[I 2026-07-18 18:50:52,156][0m Trial 363 finished with values: [-3.0864577884693004e-08, 2.781818930763791e-07] and parameters: {'k1': 0.0012056765208549535, 'D_low': 4546.192107824457, 'k2': 0.000140654144219877, 'D_high': 25628.666000163565, 'fire_exp': 4.13930014199088, 'P_half': 712.8188058401365, 'pre_dampen_half': 0.1875872314533727, 'gpp_af': 0.010767288724535768, 'gpp_b': 6.369295096609023e-05, 'gpp_d': 9.51028874815853, 'ign_k': 0.07696703458159232, 'ign_c': 20.03995359361212, 'trop_agb_crit': 7.901343398678965, 'trop_k_veg': 0.6743482387129308}.[0m
[32m[I 2026-07-18 18:50:52,611][0m Trial 364 finished with values: [-0.013683637042334391, 0.0056788858857304] and parameters: {'k1': 0.004053638704742309, 'D_low': 7.46475488144212, 'k2': 0.0007047307383115598, 'D_high': 61536.58035691659, 'fire_exp': 1.423480109671474, 'P_half': 221.2683656611821, 'pre_dampen_half': 3.3841016089580047, 'gpp_af': 17.624510039685536, 'gpp_b': 0.42247700890263673, 'gpp_d': 2.944272359149678, 'ign_k': 5.351470428717439, 'ign_c': 18.219343937475102, 'trop_agb_crit': 10.691477813613638, 'trop_k_veg': 0.6743482387129308}.[0m
[32m[I 2026-07-18 18:50:53,075][0m Trial 365 finished with values: [-8.1524928856989e-08, 3.310680340984362e-07] and parameters: {'k1': 3.8751982355100445e-05, 'D_low': 1.9977959434035766, 'k2': 0.0353875886477924, 'D_high': 84090.06963311558, 'fire_exp': 2.878298002135838, 'P_half': 336.708521740818, 'pre_dampen_half': 0.14126812677903758, 'gpp_af': 0.04403094955951772, 'gpp_b': 0.06315461993576105, 'gpp_d': 0.15875524914818662, 'ign_k': 0.12329098365270519, 'ign_c': 0.3277320296937064, 'trop_agb_crit': 1.0903028125370984, 'trop_k_veg': 0.6984687829911091}.[0m
[32m[I 2026-07-18 18:50:53,541][0m Trial 366 finished with values: [-0.03663123079461574, 0.01270995320018542] and parameters: {'k1': 0.004312951023617458, 'D_low': 4.484744524732794, 'k2': 1.915468390724633e-05, 'D_high': 3712.591045287733, 'fire_exp': 1.423480109671474, 'P_half': 221.2683656611821, 'pre_dampen_half': 3.3841016089580047, 'gpp_af': 1.1409619915696272, 'gpp_b': 0.0021331409710300844, 'gpp_d': 16.460426816350534, 'ign_k': 5.351470428717439, 'ign_c': 18.219343937475102, 'trop_agb_crit': 24.584290528289387, 'trop_k_veg': 1.4584243470991722}.[0m
[32m[I 2026-07-18 18:50:54,002][0m Trial 367 finished with values: [-2.709551735905135e-09, 3.825036010152161e-08] and parameters: {'k1': 0.0012056765208549535, 'D_low': 37.35862630812753, 'k2': 0.0005342937261279771, 'D_high': 503.20593472868, 'fire_exp': 6.234638880169447, 'P_half': 175.2878790340412, 'pre_dampen_half': 0.03751320096826995, 'gpp_af': 0.0038488863031271342, 'gpp_b': 7.210246166617508e-05, 'gpp_d': 8.057329182285729, 'ign_k': 0.18697387216131534, 'ign_c': 8.405439129313676, 'trop_agb_crit': 1.331177446539379, 'trop_k_veg': 3.49157152291552}.[0m
[32m[I 2026-07-18 18:50:54,461][0m Trial 368 finished with values: [-7.364027031278459e-05, 0.0016422500133064233] and parameters: {'k1': 3.8751982355100445e-05, 'D_low': 2.143851363193517, 'k2': 1.7926680648388784e-05, 'D_high': 42.07053950287937, 'fire_exp': 1.1430983876313219, 'P_half': 221.2683656611821, 'pre_dampen_half': 10.129197956845726, 'gpp_af': 1.5386842469144075, 'gpp_b': 0.36422282566934217, 'gpp_d': 0.15875524914818662, 'ign_k': 0.12329098365270519, 'ign_c': 0.3277320296937064, 'trop_agb_crit': 10.691477813613638, 'trop_k_veg': 0.83140195149031}.[0m
[32m[I 2026-07-18 18:50:54,918][0m Trial 369 finished with values: [-2.722269567563896e-08, 7.068760180528599e-07] and parameters: {'k1': 2.316457903103837e-05, 'D_low': 8.446694862290624, 'k2': 0.0009299619346742016, 'D_high': 109.44963667961977, 'fire_exp': 2.878298002135838, 'P_half': 3554.812765190894, 'pre_dampen_half': 2.9046276683520444, 'gpp_af': 0.0038488863031271342, 'gpp_b': 7.210246166617508e-05, 'gpp_d': 0.15875524914818662, 'ign_k': 0.2970792051473599, 'ign_c': 0.3277320296937064, 'trop_agb_crit': 1.331177446539379, 'trop_k_veg': 3.49157152291552}.[0m
[32m[I 2026-07-18 18:50:55,379][0m Trial 370 finished with values: [-2.368552526856986e-09, 4.474763037887186e-08] and parameters: {'k1': 0.04541457206426161, 'D_low': 31.585104499227995, 'k2': 0.00035868164986275477, 'D_high': 29812.370697208808, 'fire_exp': 1.6733848721157607, 'P_half': 175.2878790340412, 'pre_dampen_half': 0.011501973785501987, 'gpp_af': 0.0038793182938363898, 'gpp_b': 0.36422282566934217, 'gpp_d': 102.56162748473065, 'ign_k': 0.12906379659404604, 'ign_c': 8.405439129313676, 'trop_agb_crit': 2.4645410377327237, 'trop_k_veg': 0.902411054575325}.[0m
[32m[I 2026-07-18 18:50:55,837][0m Trial 371 finished with values: [-3.120176999014579e-07, 3.3967397577994163e-06] and parameters: {'k1': 0.01889771394135163, 'D_low': 125.61043700013555, 'k2': 0.026471946255259393, 'D_high': 146.1896279370497, 'fire_exp': 1.450870712623418, 'P_half': 3554.812765190894, 'pre_dampen_half': 0.2888838362365318, 'gpp_af': 0.6403036652671174, 'gpp_b': 0.42247700890263673, 'gpp_d': 14.792055086678463, 'ign_k': 0.006290644294586149, 'ign_c': 5.130551760589832, 'trop_agb_crit': 1.331177446539379, 'trop_k_veg': 1.6081790145072552}.[0m
[32m[I 2026-07-18 18:50:56,298][0m Trial 372 finished with values: [-0.0853627026397069, 0.05983398445723642] and parameters: {'k1': 0.0012056765208549535, 'D_low': 1228.2126524008484, 'k2': 0.0012040762895973265, 'D_high': 61536.58035691659, 'fire_exp': 1.423480109671474, 'P_half': 712.8188058401365, 'pre_dampen_half': 241.6951931920675, 'gpp_af': 0.010767288724535768, 'gpp_b': 6.369295096609023e-05, 'gpp_d': 0.01392878970664331, 'ign_k': 1.0484531351650956, 'ign_c': 1.3012518385211496, 'trop_agb_crit': 7.901343398678965, 'trop_k_veg': 0.6743482387129308}.[0m
[32m[I 2026-07-18 18:50:56,758][0m Trial 373 finished with values: [-0.6760456884180004, 0.18882586235746834] and parameters: {'k1': 0.004312951023617458, 'D_low': 1.9977959434035766, 'k2': 0.026471946255259393, 'D_high': 3712.591045287733, 'fire_exp': 1.0629462657398439, 'P_half': 712.8188058401365, 'pre_dampen_half': 502.5175192217655, 'gpp_af': 0.7539992074650282, 'gpp_b': 0.0021331409710300844, 'gpp_d': 150.14555442537656, 'ign_k': 3.5891558714508416, 'ign_c': 15.221840161091619, 'trop_agb_crit': 24.584290528289387, 'trop_k_veg': 0.6743482387129308}.[0m
[32m[I 2026-07-18 18:50:57,220][0m Trial 374 finished with values: [-0.03003489340285287, 0.060793621314870316] and parameters: {'k1': 0.002155595057104387, 'D_low': 4546.192107824457, 'k2': 0.0007047307383115598, 'D_high': 61536.58035691659, 'fire_exp': 1.423480109671474, 'P_half': 221.2683656611821, 'pre_dampen_half': 3.3841016089580047, 'gpp_af': 1.1409619915696272, 'gpp_b': 1.284284091405877e-05, 'gpp_d': 229.41380323183625, 'ign_k': 5.351470428717439, 'ign_c': 18.219343937475102, 'trop_agb_crit': 1.6878075072665546, 'trop_k_veg': 5.198868247525918}.[0m
[32m[I 2026-07-18 18:50:57,677][0m Trial 375 finished with values: [-2.027847751619279e-14, 7.1828639702786745e-09] and parameters: {'k1': 0.0012056765208549535, 'D_low': 3.4487261314487374, 'k2': 7.91442361215536e-05, 'D_high': 774.2116473996249, 'fire_exp': 3.5637467870629145, 'P_half': 712.8188058401365, 'pre_dampen_half': 107.40052367919465, 'gpp_af': 0.10409127568994281, 'gpp_b': 3.083723329640505, 'gpp_d': 64.20268021730274, 'ign_k': 8.708806168038567, 'ign_c': 8.405439129313676, 'trop_agb_crit': 6.275146677376727, 'trop_k_veg': 4.345076509212382}.[0m
[32m[I 2026-07-18 18:50:58,142][0m Trial 376 finished with values: [-3.348126378755241e-08, 1.825325364412933e-06] and parameters: {'k1': 4.540076719227351e-05, 'D_low': 2.678690610097713, 'k2': 0.0007047307383115598, 'D_high': 1236.6924205139144, 'fire_exp': 2.1154350616377124, 'P_half': 3227.0237615158, 'pre_dampen_half': 241.6951931920675, 'gpp_af': 17.624510039685536, 'gpp_b': 0.42247700890263673, 'gpp_d': 2.944272359149678, 'ign_k': 0.12329098365270519, 'ign_c': 30.28574109895626, 'trop_agb_crit': 10.965064494899984, 'trop_k_veg': 0.6743482387129308}.[0m
[32m[I 2026-07-18 18:50:58,604][0m Trial 377 finished with values: [-1.3063546033935157e-08, 4.53537023270556e-07] and parameters: {'k1': 3.8751982355100445e-05, 'D_low': 3.525936800597896, 'k2': 0.0009299619346742016, 'D_high': 11069.082134755383, 'fire_exp': 2.878298002135838, 'P_half': 8320.133621840185, 'pre_dampen_half': 2.9046276683520444, 'gpp_af': 0.04403094955951772, 'gpp_b': 0.0005392415140872105, 'gpp_d': 0.15875524914818662, 'ign_k': 1.0484531351650956, 'ign_c': 0.3277320296937064, 'trop_agb_crit': 1.5457499114893816, 'trop_k_veg': 0.7618668427217097}.[0m
[32m[I 2026-07-18 18:50:59,059][0m Trial 378 finished with values: [-4.1592262652460835e-07, 5.637956237425357e-06] and parameters: {'k1': 0.00010758866306767925, 'D_low': 37.35862630812753, 'k2': 0.001462400459012571, 'D_high': 1662.6592254031873, 'fire_exp': 3.3857164090062235, 'P_half': 9.277034327414716, 'pre_dampen_half': 7.665128204660192, 'gpp_af': 17.624510039685536, 'gpp_b': 8.026030674034237, 'gpp_d': 14.63886097662141, 'ign_k': 0.18697387216131534, 'ign_c': 0.9580682294110433, 'trop_agb_crit': 11.812030596598904, 'trop_k_veg': 6.014484292180484}.[0m
[32m[I 2026-07-18 18:50:59,517][0m Trial 379 finished with values: [-0.07357931865333221, 0.09467127483909055] and parameters: {'k1': 0.0012056765208549535, 'D_low': 1228.2126524008484, 'k2': 0.0012040762895973265, 'D_high': 61536.58035691659, 'fire_exp': 1.423480109671474, 'P_half': 221.2683656611821, 'pre_dampen_half': 3.3841016089580047, 'gpp_af': 2.6003623362924246, 'gpp_b': 6.369295096609023e-05, 'gpp_d': 229.41380323183625, 'ign_k': 0.12329098365270519, 'ign_c': 0.3277320296937064, 'trop_agb_crit': 10.691477813613638, 'trop_k_veg': 0.5772603928610088}.[0m
