[32m[I 2026-07-18 18:53:22,725][0m Trial 684 finished with values: [-0.0001496596280341709, 1.0642914448411034e-05] and parameters: {'k1': 0.0018538092461931478, 'D_low': 60.42560675552672, 'k2': 0.00035868164986275477, 'D_high': 61536.58035691659, 'fire_exp': 3.5637467870629145, 'P_half': 712.8188058401365, 'pre_dampen_half': 0.17224846962214363, 'gpp_af': 0.0038793182938363898, 'gpp_b': 7.007213496896404e-05, 'gpp_d': 8.057329182285729, 'ign_k': 1.0484531351650956, 'ign_c': 20.03995359361212, 'trop_agb_crit': 12.324775650896964, 'trop_k_veg': 4.9897488945787245}.[0m
[32m[I 2026-07-18 18:53:23,251][0m Trial 685 finished with values: [-0.0005710623563183472, 9.82517367769109e-05] and parameters: {'k1': 0.041833856821460395, 'D_low': 31.585104499227995, 'k2': 0.032845299795769396, 'D_high': 8182.111518618414, 'fire_exp': 1.6733848721157607, 'P_half': 712.8188058401365, 'pre_dampen_half': 0.2888838362365318, 'gpp_af': 0.00515795696727661, 'gpp_b': 7.007213496896404e-05, 'gpp_d': 150.14555442537656, 'ign_k': 0.12906379659404604, 'ign_c': 30.28574109895626, 'trop_agb_crit': 1.0903028125370984, 'trop_k_veg': 0.6743482387129308}.[0m
[32m[I 2026-07-18 18:53:23,759][0m Trial 686 finished with values: [-0.000738593100354618, 0.00011727072327794019] and parameters: {'k1': 0.01889771394135163, 'D_low': 31.585104499227995, 'k2': 0.0012040762895973265, 'D_high': 15351.441568398131, 'fire_exp': 2.561257322703973, 'P_half': 9.324787201197319, 'pre_dampen_half': 0.2888838362365318, 'gpp_af': 0.10409127568994281, 'gpp_b': 0.0005744663972188569, 'gpp_d': 64.20268021730274, 'ign_k': 0.48986208235548445, 'ign_c': 30.28574109895626, 'trop_agb_crit': 7.599113148200974, 'trop_k_veg': 1.9938441068366919}.[0m
[32m[I 2026-07-18 18:53:24,261][0m Trial 687 finished with values: [-5.767890854592524e-07, 1.3755380945390527e-08] and parameters: {'k1': 0.011966626407443505, 'D_low': 7.299348683062307, 'k2': 0.0007047307383115598, 'D_high': 2940.51756322311, 'fire_exp': 7.559891478674904, 'P_half': 234.09994646132157, 'pre_dampen_half': 0.2888838362365318, 'gpp_af': 0.04403094955951772, 'gpp_b': 0.0005752434266899163, 'gpp_d': 660.9129108295722, 'ign_k': 8.708806168038567, 'ign_c': 30.28574109895626, 'trop_agb_crit': 1.0903028125370984, 'trop_k_veg': 1.5332163484880694}.[0m
[32m[I 2026-07-18 18:53:24,735][0m Trial 688 finished with values: [-1.0579786902571168e-08, 4.292494915070222e-09] and parameters: {'k1': 0.07799059237255677, 'D_low': 20.32977847090263, 'k2': 0.0007047307383115598, 'D_high': 8559.572793311803, 'fire_exp': 1.423480109671474, 'P_half': 221.2683656611821, 'pre_dampen_half': 0.03751320096826995, 'gpp_af': 0.001111693990724459, 'gpp_b': 0.01666658176842624, 'gpp_d': 660.9129108295722, 'ign_k': 5.351470428717439, 'ign_c': 29.690870944846793, 'trop_agb_crit': 1.331177446539379, 'trop_k_veg': 1.0594599158279707}.[0m
[32m[I 2026-07-18 18:53:25,224][0m Trial 689 finished with values: [-1.1983724689420964e-15, 0.0] and parameters: {'k1': 0.011966626407443505, 'D_low': 7.299348683062307, 'k2': 0.019894080167856897, 'D_high': 2940.51756322311, 'fire_exp': 1.6733848721157607, 'P_half': 7126.727573532312, 'pre_dampen_half': 0.011501973785501987, 'gpp_af': 0.0038793182938363898, 'gpp_b': 0.42247700890263673, 'gpp_d': 64.20268021730274, 'ign_k': 8.708806168038567, 'ign_c': 30.28574109895626, 'trop_agb_crit': 7.499945891579917, 'trop_k_veg': 0.902411054575325}.[0m
[32m[I 2026-07-18 18:53:25,691][0m Trial 690 finished with values: [-0.04060076465987924, 0.00518678200429501] and parameters: {'k1': 0.041833856821460395, 'D_low': 31.585104499227995, 'k2': 0.032845299795769396, 'D_high': 15351.441568398131, 'fire_exp': 2.61565689708108, 'P_half': 220.3445560633069, 'pre_dampen_half': 0.2128140089453379, 'gpp_af': 0.7539992074650282, 'gpp_b': 0.0005744663972188569, 'gpp_d': 21.14381609520636, 'ign_k': 0.48986208235548445, 'ign_c': 15.221840161091619, 'trop_agb_crit': 24.584290528289387, 'trop_k_veg': 0.5772603928610088}.[0m
[32m[I 2026-07-18 18:53:26,158][0m Trial 691 finished with values: [-1.5104095654348208e-06, 7.915820973147802e-07] and parameters: {'k1': 0.0012056765208549535, 'D_low': 3.4487261314487374, 'k2': 0.0353875886477924, 'D_high': 774.2116473996249, 'fire_exp': 2.100650708889295, 'P_half': 175.2878790340412, 'pre_dampen_half': 0.03751320096826995, 'gpp_af': 0.10409127568994281, 'gpp_b': 0.36422282566934217, 'gpp_d': 2.944272359149678, 'ign_k': 0.12329098365270519, 'ign_c': 8.405439129313676, 'trop_agb_crit': 2.4645410377327237, 'trop_k_veg': 0.902411054575325}.[0m
[32m[I 2026-07-18 18:53:26,710][0m Trial 692 finished with values: [-2.0000000000000005e-60, 0.0] and parameters: {'k1': 0.011966626407443505, 'D_low': 70.18267183720735, 'k2': 7.91442361215536e-05, 'D_high': 4681.376193450557, 'fire_exp': 3.2181803496180783, 'P_half': 7126.727573532312, 'pre_dampen_half': 0.03751320096826995, 'gpp_af': 0.27997858752477867, 'gpp_b': 0.01666658176842624, 'gpp_d': 109.45351414473379, 'ign_k': 8.708806168038567, 'ign_c': 111.98001958256879, 'trop_agb_crit': 6.119263728555865, 'trop_k_veg': 3.1473758868965485}.[0m
[32m[I 2026-07-18 18:53:27,211][0m Trial 693 finished with values: [-2.687418448572339e-05, 3.584764433295362e-06] and parameters: {'k1': 0.01553297328951422, 'D_low': 3.4487261314487374, 'k2': 0.0007047307383115598, 'D_high': 45914.85216740541, 'fire_exp': 2.726360712292888, 'P_half': 3554.812765190894, 'pre_dampen_half': 0.011501973785501987, 'gpp_af': 12.279228494238072, 'gpp_b': 0.2272730825106818, 'gpp_d': 229.41380323183625, 'ign_k': 1.0484531351650956, 'ign_c': 20.03995359361212, 'trop_agb_crit': 1.285305820648146, 'trop_k_veg': 3.49157152291552}.[0m
[32m[I 2026-07-18 18:53:27,715][0m Trial 694 finished with values: [-9.93239644243148e-05, 1.0355655151950138e-05] and parameters: {'k1': 0.007530210437963516, 'D_low': 4.484744524732794, 'k2': 0.00035868164986275477, 'D_high': 45914.85216740541, 'fire_exp': 1.6733848721157607, 'P_half': 3554.812765190894, 'pre_dampen_half': 0.0399066504395798, 'gpp_af': 0.001111693990724459, 'gpp_b': 0.0005744663972188569, 'gpp_d': 64.20268021730274, 'ign_k': 5.351470428717439, 'ign_c': 20.03995359361212, 'trop_agb_crit': 1.331177446539379, 'trop_k_veg': 3.49157152291552}.[0m
  trial  695/2500  pareto_size=30  best_taylor=0.7247  best_ilamb=0.5954  (5.4 min)
[32m[I 2026-07-18 18:53:28,373][0m Trial 695 finished with values: [-0.0009718894348121312, 0.0002965691161515016] and parameters: {'k1': 0.04541457206426161, 'D_low': 150.6455793119292, 'k2': 0.00035868164986275477, 'D_high': 61536.58035691659, 'fire_exp': 3.5637467870629145, 'P_half': 712.8188058401365, 'pre_dampen_half': 0.2888838362365318, 'gpp_af': 0.04403094955951772, 'gpp_b': 7.007213496896404e-05, 'gpp_d': 8.057329182285729, 'ign_k': 8.708806168038567, 'ign_c': 0.1948891005130867, 'trop_agb_crit': 1.0197794118421077, 'trop_k_veg': 0.5772603928610088}.[0m
[32m[I 2026-07-18 18:53:28,981][0m Trial 696 finished with values: [-0.004243796623961972, 0.00013832874249886107] and parameters: {'k1': 0.007530210437963516, 'D_low': 70.18267183720735, 'k2': 0.032845299795769396, 'D_high': 774.2116473996249, 'fire_exp': 1.450870712623418, 'P_half': 19.876655910112248, 'pre_dampen_half': 0.011501973785501987, 'gpp_af': 0.0038793182938363898, 'gpp_b': 0.0005744663972188569, 'gpp_d': 2.944272359149678, 'ign_k': 0.07091190338709638, 'ign_c': 15.221840161091619, 'trop_agb_crit': 12.71480504859747, 'trop_k_veg': 6.9782110227926815}.[0m
[32m[I 2026-07-18 18:53:29,560][0m Trial 697 finished with values: [-9.802691831534621e-05, 2.442272029101744e-05] and parameters: {'k1': 0.041833856821460395, 'D_low': 70.18267183720735, 'k2': 0.012758211164590085, 'D_high': 774.2116473996249, 'fire_exp': 1.450870712623418, 'P_half': 712.8188058401365, 'pre_dampen_half': 0.03751320096826995, 'gpp_af': 0.0038793182938363898, 'gpp_b': 1.6596960546180327e-05, 'gpp_d': 2.944272359149678, 'ign_k': 0.48986208235548445, 'ign_c': 30.28574109895626, 'trop_agb_crit': 3.5747129226002423, 'trop_k_veg': 6.9782110227926815}.[0m
[32m[I 2026-07-18 18:53:30,049][0m Trial 698 finished with values: [-0.009694096103781021, 0.0013088262123256422] and parameters: {'k1': 0.007530210437963516, 'D_low': 70.18267183720735, 'k2': 0.00035868164986275477, 'D_high': 774.2116473996249, 'fire_exp': 1.450870712623418, 'P_half': 29.23116601611836, 'pre_dampen_half': 0.011501973785501987, 'gpp_af': 0.1476584299248268, 'gpp_b': 0.0005744663972188569, 'gpp_d': 0.9568931772917474, 'ign_k': 1.0484531351650956, 'ign_c': 15.221840161091619, 'trop_agb_crit': 2.1861040860339416, 'trop_k_veg': 3.4387132748252047}.[0m
[32m[I 2026-07-18 18:53:30,540][0m Trial 699 finished with values: [-0.00040686181406918707, 1.8211473201246164e-05] and parameters: {'k1': 0.01889771394135163, 'D_low': 70.18267183720735, 'k2': 0.032845299795769396, 'D_high': 3712.591045287733, 'fire_exp': 1.450870712623418, 'P_half': 9.324787201197319, 'pre_dampen_half': 0.2888838362365318, 'gpp_af': 0.00515795696727661, 'gpp_b': 0.0005623095666134974, 'gpp_d': 0.04078961160746155, 'ign_k': 0.6024590664672947, 'ign_c': 30.28574109895626, 'trop_agb_crit': 7.599113148200974, 'trop_k_veg': 1.7517490491468353}.[0m
[32m[I 2026-07-18 18:53:31,057][0m Trial 700 finished with values: [-0.39892453190631766, 0.07531523329552858] and parameters: {'k1': 0.004312951023617458, 'D_low': 1.9977959434035766, 'k2': 0.00035868164986275477, 'D_high': 29812.370697208808, 'fire_exp': 1.0629462657398439, 'P_half': 712.8188058401365, 'pre_dampen_half': 502.5175192217655, 'gpp_af': 0.0038793182938363898, 'gpp_b': 0.0021331409710300844, 'gpp_d': 757.2868182332339, 'ign_k': 3.5891558714508416, 'ign_c': 15.221840161091619, 'trop_agb_crit': 1.331177446539379, 'trop_k_veg': 3.49157152291552}.[0m
[32m[I 2026-07-18 18:53:31,553][0m Trial 701 finished with values: [-0.07228591919709303, 0.009522025057826844] and parameters: {'k1': 0.04541457206426161, 'D_low': 70.18267183720735, 'k2': 0.0012040762895973265, 'D_high': 1578.0309954142967, 'fire_exp': 1.6733848721157607, 'P_half': 9.324787201197319, 'pre_dampen_half': 0.2888838362365318, 'gpp_af': 0.10409127568994281, 'gpp_b': 1.598364670380439e-05, 'gpp_d': 150.14555442537656, 'ign_k': 5.351470428717439, 'ign_c': 3.5828811741825057, 'trop_agb_crit': 1.0903028125370984, 'trop_k_veg': 2.587938629755798}.[0m
[32m[I 2026-07-18 18:53:32,034][0m Trial 702 finished with values: [-0.011300999144302869, 0.003973615824892529] and parameters: {'k1': 0.02938501958389821, 'D_low': 70.18267183720735, 'k2': 0.019894080167856897, 'D_high': 623.411042225738, 'fire_exp': 1.450870712623418, 'P_half': 3554.812765190894, 'pre_dampen_half': 24.551654436784784, 'gpp_af': 0.0038793182938363898, 'gpp_b': 0.0005744663972188569, 'gpp_d': 757.2868182332339, 'ign_k': 8.708806168038567, 'ign_c': 15.221840161091619, 'trop_agb_crit': 24.584290528289387, 'trop_k_veg': 0.5772603928610088}.[0m
[32m[I 2026-07-18 18:53:32,499][0m Trial 703 finished with values: [-2.0000000000000005e-60, 0.0] and parameters: {'k1': 0.04541457206426161, 'D_low': 7.299348683062307, 'k2': 0.00035868164986275477, 'D_high': 60107.420288647445, 'fire_exp': 6.234638880169447, 'P_half': 712.8188058401365, 'pre_dampen_half': 0.17224846962214363, 'gpp_af': 0.0038793182938363898, 'gpp_b': 0.2272730825106818, 'gpp_d': 757.2868182332339, 'ign_k': 2.396079612430075, 'ign_c': 30.28574109895626, 'trop_agb_crit': 1.6878075072665546, 'trop_k_veg': 4.9897488945787245}.[0m
[32m[I 2026-07-18 18:53:32,973][0m Trial 704 finished with values: [-0.0229610451874904, 0.0008496622684990296] and parameters: {'k1': 0.01889771394135163, 'D_low': 70.18267183720735, 'k2': 0.0353875886477924, 'D_high': 1662.6592254031873, 'fire_exp': 1.6733848721157607, 'P_half': 221.2683656611821, 'pre_dampen_half': 0.2888838362365318, 'gpp_af': 0.01719951378854337, 'gpp_b': 0.0005623095666134974, 'gpp_d': 21.14381609520636, 'ign_k': 0.6024590664672947, 'ign_c': 0.891613269954689, 'trop_agb_crit': 1.0903028125370984, 'trop_k_veg': 0.6743482387129308}.[0m
[32m[I 2026-07-18 18:53:33,445][0m Trial 705 finished with values: [-0.00626564104599741, 0.0034179913049372512] and parameters: {'k1': 0.01889771394135163, 'D_low': 70.18267183720735, 'k2': 0.032845299795769396, 'D_high': 311.17676855667384, 'fire_exp': 1.450870712623418, 'P_half': 3554.812765190894, 'pre_dampen_half': 107.40052367919465, 'gpp_af': 0.013688256550323697, 'gpp_b': 0.0005752434266899163, 'gpp_d': 229.41380323183625, 'ign_k': 8.708806168038567, 'ign_c': 20.03995359361212, 'trop_agb_crit': 7.599113148200974, 'trop_k_veg': 1.0594599158279707}.[0m
[32m[I 2026-07-18 18:53:33,911][0m Trial 706 finished with values: [-1.5104095654348208e-06, 7.915820973147802e-07] and parameters: {'k1': 0.0012056765208549535, 'D_low': 3.4487261314487374, 'k2': 0.0353875886477924, 'D_high': 774.2116473996249, 'fire_exp': 2.100650708889295, 'P_half': 175.2878790340412, 'pre_dampen_half': 0.03751320096826995, 'gpp_af': 0.10409127568994281, 'gpp_b': 0.36422282566934217, 'gpp_d': 2.944272359149678, 'ign_k': 0.12329098365270519, 'ign_c': 8.405439129313676, 'trop_agb_crit': 2.4645410377327237, 'trop_k_veg': 0.902411054575325}.[0m
[32m[I 2026-07-18 18:53:34,382][0m Trial 707 finished with values: [-1.3317882715715658e-14, 0.0] and parameters: {'k1': 0.004053638704742309, 'D_low': 1.9623826481168345, 'k2': 0.032845299795769396, 'D_high': 1662.6592254031873, 'fire_exp': 5.311995034756393, 'P_half': 3554.812765190894, 'pre_dampen_half': 0.010585220389440335, 'gpp_af': 0.00515795696727661, 'gpp_b': 0.0005744663972188569, 'gpp_d': 21.14381609520636, 'ign_k': 0.48986208235548445, 'ign_c': 30.28574109895626, 'trop_agb_crit': 1.0903028125370984, 'trop_k_veg': 0.6743482387129308}.[0m
[32m[I 2026-07-18 18:53:34,852][0m Trial 708 finished with values: [-0.0029681843353771805, 0.001610036721474084] and parameters: {'k1': 0.03635503353478365, 'D_low': 70.18267183720735, 'k2': 0.0012040762895973265, 'D_high': 2592.951380378534, 'fire_exp': 1.423480109671474, 'P_half': 9.324787201197319, 'pre_dampen_half': 0.03751320096826995, 'gpp_af': 0.27997858752477867, 'gpp_b': 1.598364670380439e-05, 'gpp_d': 660.9129108295722, 'ign_k': 5.351470428717439, 'ign_c': 29.690870944846793, 'trop_agb_crit': 1.331177446539379, 'trop_k_veg': 6.9782110227926815}.[0m
[32m[I 2026-07-18 18:53:35,330][0m Trial 709 finished with values: [-2.7211744141822788e-05, 1.5328584835883063e-06] and parameters: {'k1': 0.004708159793250189, 'D_low': 70.18267183720735, 'k2': 0.00035868164986275477, 'D_high': 3005.809024615141, 'fire_exp': 1.450870712623418, 'P_half': 9.324787201197319, 'pre_dampen_half': 0.011501973785501987, 'gpp_af': 0.00515795696727661, 'gpp_b': 0.0005623095666134974, 'gpp_d': 64.20268021730274, 'ign_k': 5.351470428717439, 'ign_c': 30.28574109895626, 'trop_agb_crit': 7.599113148200974, 'trop_k_veg': 1.7517490491468353}.[0m
[32m[I 2026-07-18 18:53:35,802][0m Trial 710 finished with values: [-3.3691585104102524e-05, 8.316935055097119e-07] and parameters: {'k1': 0.0699458988153545, 'D_low': 7.299348683062307, 'k2': 0.0005342937261279771, 'D_high': 29812.370697208808, 'fire_exp': 2.907328086166187, 'P_half': 323.6099399575106, 'pre_dampen_half': 0.1875872314533727, 'gpp_af': 0.2901272149738624, 'gpp_b': 0.006906522645653115, 'gpp_d': 757.2868182332339, 'ign_k': 2.396079612430075, 'ign_c': 30.28574109895626, 'trop_agb_crit': 1.331177446539379, 'trop_k_veg': 0.6743482387129308}.[0m
[32m[I 2026-07-18 18:53:36,282][0m Trial 711 finished with values: [-4.732074874927475e-05, 4.070194131511329e-06] and parameters: {'k1': 0.0699458988153545, 'D_low': 33.04784314771566, 'k2': 0.0005342937261279771, 'D_high': 29812.370697208808, 'fire_exp': 6.234638880169447, 'P_half': 323.6099399575106, 'pre_dampen_half': 207.33291221114652, 'gpp_af': 0.39392081127942247, 'gpp_b': 0.006906522645653115, 'gpp_d': 757.2868182332339, 'ign_k': 2.396079612430075, 'ign_c': 30.28574109895626, 'trop_agb_crit': 1.331177446539379, 'trop_k_veg': 0.6743482387129308}.[0m
[32m[I 2026-07-18 18:53:36,756][0m Trial 712 finished with values: [-0.008219388668723855, 0.0007691723518321592] and parameters: {'k1': 0.07799059237255677, 'D_low': 7.46475488144212, 'k2': 0.032845299795769396, 'D_high': 2940.51756322311, 'fire_exp': 1.423480109671474, 'P_half': 3554.812765190894, 'pre_dampen_half': 2.488338093530606, 'gpp_af': 0.27997858752477867, 'gpp_b': 0.0005752434266899163, 'gpp_d': 64.20268021730274, 'ign_k': 5.351470428717439, 'ign_c': 20.03995359361212, 'trop_agb_crit': 1.6878075072665546, 'trop_k_veg': 6.9782110227926815}.[0m
[32m[I 2026-07-18 18:53:37,230][0m Trial 713 finished with values: [-5.769643769544974e-07, 1.3755380945390527e-08] and parameters: {'k1': 0.011966626407443505, 'D_low': 7.299348683062307, 'k2': 0.0007047307383115598, 'D_high': 2940.51756322311, 'fire_exp': 7.559891478674904, 'P_half': 234.09994646132157, 'pre_dampen_half': 0.2888838362365318, 'gpp_af': 0.04403094955951772, 'gpp_b': 0.0005752434266899163, 'gpp_d': 660.9129108295722, 'ign_k': 8.708806168038567, 'ign_c': 30.28574109895626, 'trop_agb_crit': 1.0911298587990423, 'trop_k_veg': 1.5332163484880694}.[0m
[32m[I 2026-07-18 18:53:37,711][0m Trial 714 finished with values: [-0.00016126051327407324, 3.374470677275365e-05] and parameters: {'k1': 0.011966626407443505, 'D_low': 70.18267183720735, 'k2': 0.0007047307383115598, 'D_high': 29812.370697208808, 'fire_exp': 2.61565689708108, 'P_half': 234.09994646132157, 'pre_dampen_half': 0.011501973785501987, 'gpp_af': 36.46000535317359, 'gpp_b': 0.2272730825106818, 'gpp_d': 660.9129108295722, 'ign_k': 0.12906379659404604, 'ign_c': 30.28574109895626, 'trop_agb_crit': 7.499945891579917, 'trop_k_veg': 0.5772603928610088}.[0m
[32m[I 2026-07-18 18:53:38,184][0m Trial 715 finished with values: [-0.5825864497759798, 0.053786479986267066] and parameters: {'k1': 0.01889771394135163, 'D_low': 70.18267183720735, 'k2': 0.0012040762895973265, 'D_high': 1578.0309954142967, 'fire_exp': 1.423480109671474, 'P_half': 9.324787201197319, 'pre_dampen_half': 241.6951931920675, 'gpp_af': 0.10409127568994281, 'gpp_b': 1.598364670380439e-05, 'gpp_d': 8.057329182285729, 'ign_k': 5.351470428717439, 'ign_c': 20.03995359361212, 'trop_agb_crit': 1.331177446539379, 'trop_k_veg': 2.587938629755798}.[0m
[32m[I 2026-07-18 18:53:38,640][0m Trial 716 finished with values: [-0.0020456559955485502, 0.00015820823938395012] and parameters: {'k1': 0.041833856821460395, 'D_low': 31.585104499227995, 'k2': 0.032845299795769396, 'D_high': 231.73482832991365, 'fire_exp': 2.399913666074607, 'P_half': 1.4367266998250416, 'pre_dampen_half': 0.011501973785501987, 'gpp_af': 0.001111693990724459, 'gpp_b': 1.598364670380439e-05, 'gpp_d': 0.04078961160746155, 'ign_k': 0.48986208235548445, 'ign_c': 5.130551760589832, 'trop_agb_crit': 24.584290528289387, 'trop_k_veg': 3.49157152291552}.[0m
[32m[I 2026-07-18 18:53:39,102][0m Trial 717 finished with values: [-0.0012375595885835095, 0.00022631815456786164] and parameters: {'k1': 0.02938501958389821, 'D_low': 70.18267183720735, 'k2': 0.00035868164986275477, 'D_high': 45914.85216740541, 'fire_exp': 1.6733848721157607, 'P_half': 3554.812765190894, 'pre_dampen_half': 0.2888838362365318, 'gpp_af': 0.01719951378854337, 'gpp_b': 7.007213496896404e-05, 'gpp_d': 0.9865381957796163, 'ign_k': 8.708806168038567, 'ign_c': 20.03995359361212, 'trop_agb_crit': 1.0903028125370984, 'trop_k_veg': 2.4978545597116653}.[0m
[32m[I 2026-07-18 18:53:39,565][0m Trial 718 finished with values: [-2.2194784470589427e-07, 3.6254936841562113e-07] and parameters: {'k1': 0.0012056765208549535, 'D_low': 4.484744524732794, 'k2': 0.0007047307383115598, 'D_high': 774.2116473996249, 'fire_exp': 2.100650708889295, 'P_half': 175.2878790340412, 'pre_dampen_half': 0.03751320096826995, 'gpp_af': 0.10409127568994281, 'gpp_b': 0.36422282566934217, 'gpp_d': 2.944272359149678, 'ign_k': 0.12329098365270519, 'ign_c': 5.130551760589832, 'trop_agb_crit': 2.4645410377327237, 'trop_k_veg': 0.902411054575325}.[0m
[32m[I 2026-07-18 18:53:40,029][0m Trial 719 finished with values: [-0.0027837070580087825, 5.3053691294047134e-05] and parameters: {'k1': 0.007530210437963516, 'D_low': 7.299348683062307, 'k2': 0.001362731161143793, 'D_high': 2940.51756322311, 'fire_exp': 1.6733848721157607, 'P_half': 234.09994646132157, 'pre_dampen_half': 0.0399066504395798, 'gpp_af': 0.001111693990724459, 'gpp_b': 0.0005744663972188569, 'gpp_d': 660.9129108295722, 'ign_k': 8.708806168038567, 'ign_c': 20.03995359361212, 'trop_agb_crit': 1.0903028125370984, 'trop_k_veg': 3.49157152291552}.[0m
[32m[I 2026-07-18 18:53:40,495][0m Trial 720 finished with values: [-6.877589597927025e-06, 8.580780548328448e-07] and parameters: {'k1': 0.041833856821460395, 'D_low': 31.585104499227995, 'k2': 0.032845299795769396, 'D_high': 15351.441568398131, 'fire_exp': 1.450870712623418, 'P_half': 3554.812765190894, 'pre_dampen_half': 0.03751320096826995, 'gpp_af': 0.00515795696727661, 'gpp_b': 0.0005744663972188569, 'gpp_d': 21.14381609520636, 'ign_k': 0.48986208235548445, 'ign_c': 30.28574109895626, 'trop_agb_crit': 24.584290528289387, 'trop_k_veg': 1.9938441068366919}.[0m
[32m[I 2026-07-18 18:53:40,956][0m Trial 721 finished with values: [-0.00977415049477724, 0.0016778588975434605] and parameters: {'k1': 0.041833856821460395, 'D_low': 31.585104499227995, 'k2': 0.0027015957920129437, 'D_high': 61536.58035691659, 'fire_exp': 1.165368636520435, 'P_half': 220.3445560633069, 'pre_dampen_half': 0.9166964238460101, 'gpp_af': 0.0038793182938363898, 'gpp_b': 7.007213496896404e-05, 'gpp_d': 574.194366311956, 'ign_k': 0.36014695835220356, 'ign_c': 29.690870944846793, 'trop_agb_crit': 1.6878075072665546, 'trop_k_veg': 4.4644194212034}.[0m
