[32m[I 2026-07-18 18:51:53,064][0m Trial 494 finished with values: [-7.68109529156421e-12, 1.874517541189391e-09] and parameters: {'k1': 3.8751982355100445e-05, 'D_low': 1.9977959434035766, 'k2': 0.0353875886477924, 'D_high': 2940.51756322311, 'fire_exp': 2.878298002135838, 'P_half': 8320.133621840185, 'pre_dampen_half': 0.14126812677903758, 'gpp_af': 0.04403094955951772, 'gpp_b': 0.06315461993576105, 'gpp_d': 0.15875524914818662, 'ign_k': 0.12329098365270519, 'ign_c': 0.3277320296937064, 'trop_agb_crit': 1.0903028125370984, 'trop_k_veg': 0.6984687829911091}.[0m
[32m[I 2026-07-18 18:51:53,590][0m Trial 495 finished with values: [-0.04757088931438614, 0.0019802734552127887] and parameters: {'k1': 0.041833856821460395, 'D_low': 70.18267183720735, 'k2': 0.032845299795769396, 'D_high': 1236.6924205139144, 'fire_exp': 1.450870712623418, 'P_half': 220.3445560633069, 'pre_dampen_half': 0.9166964238460101, 'gpp_af': 0.06002934191396867, 'gpp_b': 0.00431329787498825, 'gpp_d': 21.14381609520636, 'ign_k': 0.07091190338709638, 'ign_c': 1.6051347487097574, 'trop_agb_crit': 12.71480504859747, 'trop_k_veg': 4.4644194212034}.[0m
[32m[I 2026-07-18 18:51:54,114][0m Trial 496 finished with values: [-9.447078963469406e-17, 0.0] and parameters: {'k1': 0.002155595057104387, 'D_low': 40.12413353131991, 'k2': 0.0007047307383115598, 'D_high': 16.139316358793213, 'fire_exp': 1.423480109671474, 'P_half': 221.2683656611821, 'pre_dampen_half': 3.3841016089580047, 'gpp_af': 1.1409619915696272, 'gpp_b': 1.284284091405877e-05, 'gpp_d': 0.03927259340973168, 'ign_k': 5.351470428717439, 'ign_c': 39.52220881906112, 'trop_agb_crit': 10.691477813613638, 'trop_k_veg': 6.45312300188076}.[0m
[32m[I 2026-07-18 18:51:54,669][0m Trial 497 finished with values: [-5.635651608078644e-07, 2.1283889337642137e-06] and parameters: {'k1': 0.0014628013120517715, 'D_low': 355.00125258511594, 'k2': 0.0353875886477924, 'D_high': 774.2116473996249, 'fire_exp': 2.878298002135838, 'P_half': 336.708521740818, 'pre_dampen_half': 0.14126812677903758, 'gpp_af': 3.5099634755918188, 'gpp_b': 0.06315461993576105, 'gpp_d': 0.15875524914818662, 'ign_k': 2.396079612430075, 'ign_c': 0.3277320296937064, 'trop_agb_crit': 15.961316409649486, 'trop_k_veg': 0.6743482387129308}.[0m
[32m[I 2026-07-18 18:51:55,257][0m Trial 498 finished with values: [-0.03743088243618013, 0.009660131211688183] and parameters: {'k1': 0.011966626407443505, 'D_low': 31.585104499227995, 'k2': 0.0012040762895973265, 'D_high': 30470.283500219237, 'fire_exp': 3.5637467870629145, 'P_half': 9.324787201197319, 'pre_dampen_half': 241.6951931920675, 'gpp_af': 0.10409127568994281, 'gpp_b': 7.007213496896404e-05, 'gpp_d': 8.057329182285729, 'ign_k': 1.0484531351650956, 'ign_c': 30.28574109895626, 'trop_agb_crit': 11.344699198303248, 'trop_k_veg': 4.61686111043599}.[0m
[32m[I 2026-07-18 18:51:55,802][0m Trial 499 finished with values: [-8.548355809455516e-06, 0.0005608593615591406] and parameters: {'k1': 0.000227929621949939, 'D_low': 1.9977959434035766, 'k2': 0.0007047307383115598, 'D_high': 61536.58035691659, 'fire_exp': 1.0629462657398439, 'P_half': 221.2683656611821, 'pre_dampen_half': 0.2888838362365318, 'gpp_af': 11.86111642245656, 'gpp_b': 0.42247700890263673, 'gpp_d': 0.025152098893118636, 'ign_k': 3.5891558714508416, 'ign_c': 5.130551760589832, 'trop_agb_crit': 1.0903028125370984, 'trop_k_veg': 0.6743482387129308}.[0m
[32m[I 2026-07-18 18:51:56,312][0m Trial 500 finished with values: [-0.0005871873665810316, 0.0021244563217377443] and parameters: {'k1': 0.011966626407443505, 'D_low': 1730.0724838654367, 'k2': 0.0012040762895973265, 'D_high': 37954.79274251299, 'fire_exp': 3.5637467870629145, 'P_half': 9.324787201197319, 'pre_dampen_half': 241.6951931920675, 'gpp_af': 0.10409127568994281, 'gpp_b': 0.0005392415140872105, 'gpp_d': 64.20268021730274, 'ign_k': 0.1550134937334847, 'ign_c': 30.28574109895626, 'trop_agb_crit': 10.965064494899984, 'trop_k_veg': 0.5772603928610088}.[0m
[32m[I 2026-07-18 18:51:56,810][0m Trial 501 finished with values: [-0.00011011595772243127, 0.00032090501354065104] and parameters: {'k1': 0.012840669372724958, 'D_low': 1228.2126524008484, 'k2': 0.0004976087827261435, 'D_high': 42210.21267871043, 'fire_exp': 3.5637467870629145, 'P_half': 221.2683656611821, 'pre_dampen_half': 3.3841016089580047, 'gpp_af': 1.1409619915696272, 'gpp_b': 0.0005392415140872105, 'gpp_d': 0.03927259340973168, 'ign_k': 1.0484531351650956, 'ign_c': 30.28574109895626, 'trop_agb_crit': 10.965064494899984, 'trop_k_veg': 6.45312300188076}.[0m
[32m[I 2026-07-18 18:51:57,282][0m Trial 502 finished with values: [-1.1627435646589374e-06, 1.2370947749529293e-06] and parameters: {'k1': 0.00016480446427978953, 'D_low': 83.62695993649682, 'k2': 0.018586220273069064, 'D_high': 84090.06963311558, 'fire_exp': 1.165368636520435, 'P_half': 712.8188058401365, 'pre_dampen_half': 0.2888838362365318, 'gpp_af': 0.04403094955951772, 'gpp_b': 0.08128322984179755, 'gpp_d': 0.6960360257735195, 'ign_k': 1.0484531351650956, 'ign_c': 30.28574109895626, 'trop_agb_crit': 1.0903028125370984, 'trop_k_veg': 0.902411054575325}.[0m
[32m[I 2026-07-18 18:51:57,766][0m Trial 503 finished with values: [-2.0768172023923894e-06, 9.26819837722137e-05] and parameters: {'k1': 3.8751982355100445e-05, 'D_low': 1730.0724838654367, 'k2': 0.0353875886477924, 'D_high': 84090.06963311558, 'fire_exp': 2.878298002135838, 'P_half': 336.708521740818, 'pre_dampen_half': 107.40052367919465, 'gpp_af': 0.7539992074650282, 'gpp_b': 3.083723329640505, 'gpp_d': 64.20268021730274, 'ign_k': 0.48986208235548445, 'ign_c': 15.221840161091619, 'trop_agb_crit': 1.0903028125370984, 'trop_k_veg': 1.7523283580965607}.[0m
[32m[I 2026-07-18 18:51:58,240][0m Trial 504 finished with values: [-2.362677949506858e-07, 8.30658116945937e-06] and parameters: {'k1': 0.0699458988153545, 'D_low': 355.00125258511594, 'k2': 0.012758211164590085, 'D_high': 61536.58035691659, 'fire_exp': 1.423480109671474, 'P_half': 712.8188058401365, 'pre_dampen_half': 3.3841016089580047, 'gpp_af': 0.10409127568994281, 'gpp_b': 3.083723329640505, 'gpp_d': 0.3934396739328545, 'ign_k': 2.396079612430075, 'ign_c': 5.130551760589832, 'trop_agb_crit': 15.961316409649486, 'trop_k_veg': 0.6743482387129308}.[0m
[32m[I 2026-07-18 18:51:58,716][0m Trial 505 finished with values: [-3.6111013113498995e-09, 3.9171390986414423e-07] and parameters: {'k1': 0.041833856821460395, 'D_low': 1730.0724838654367, 'k2': 7.91442361215536e-05, 'D_high': 1123.9682517242118, 'fire_exp': 3.5637467870629145, 'P_half': 712.8188058401365, 'pre_dampen_half': 107.40052367919465, 'gpp_af': 1.6515376395739696, 'gpp_b': 3.083723329640505, 'gpp_d': 64.20268021730274, 'ign_k': 0.6161423618045314, 'ign_c': 0.5342106255632174, 'trop_agb_crit': 18.748298427129946, 'trop_k_veg': 0.6743482387129308}.[0m
[32m[I 2026-07-18 18:51:59,185][0m Trial 506 finished with values: [-0.0010150396070051095, 0.0024626220115258057] and parameters: {'k1': 0.011966626407443505, 'D_low': 4.484744524732794, 'k2': 0.0012040762895973265, 'D_high': 503.20593472868, 'fire_exp': 2.100650708889295, 'P_half': 9.324787201197319, 'pre_dampen_half': 4.285616492506615, 'gpp_af': 0.7539992074650282, 'gpp_b': 0.0005392415140872105, 'gpp_d': 2.944272359149678, 'ign_k': 0.0020161527752598613, 'ign_c': 30.28574109895626, 'trop_agb_crit': 24.584290528289387, 'trop_k_veg': 0.5772603928610088}.[0m
[32m[I 2026-07-18 18:51:59,640][0m Trial 507 finished with values: [-2.2856697184050903e-12, 1.797597626307379e-10] and parameters: {'k1': 0.041833856821460395, 'D_low': 4.484744524732794, 'k2': 0.0012040762895973265, 'D_high': 3712.591045287733, 'fire_exp': 8.924977849661843, 'P_half': 712.8188058401365, 'pre_dampen_half': 0.5682966065442919, 'gpp_af': 0.2901272149738624, 'gpp_b': 0.2272730825106818, 'gpp_d': 21.14381609520636, 'ign_k': 0.006290644294586149, 'ign_c': 1.958059531975039, 'trop_agb_crit': 1.0903028125370984, 'trop_k_veg': 3.8009448355772393}.[0m
[32m[I 2026-07-18 18:52:00,095][0m Trial 508 finished with values: [-0.003238735849221218, 0.0014680256442597406] and parameters: {'k1': 0.00016480446427978953, 'D_low': 1.9977959434035766, 'k2': 0.026471946255259393, 'D_high': 8182.111518618414, 'fire_exp': 1.0629462657398439, 'P_half': 712.8188058401365, 'pre_dampen_half': 0.2888838362365318, 'gpp_af': 0.7539992074650282, 'gpp_b': 0.42247700890263673, 'gpp_d': 150.14555442537656, 'ign_k': 3.5891558714508416, 'ign_c': 0.21208987108343724, 'trop_agb_crit': 1.0903028125370984, 'trop_k_veg': 0.6743482387129308}.[0m
[32m[I 2026-07-18 18:52:00,552][0m Trial 509 finished with values: [-0.47352043341949857, 0.4784272353081821] and parameters: {'k1': 0.07799059237255677, 'D_low': 7.299348683062307, 'k2': 0.0005342937261279771, 'D_high': 8182.111518618414, 'fire_exp': 1.1490848108902036, 'P_half': 9.324787201197319, 'pre_dampen_half': 241.6951931920675, 'gpp_af': 0.2901272149738624, 'gpp_b': 0.0005392415140872105, 'gpp_d': 40.95062894476691, 'ign_k': 0.006290644294586149, 'ign_c': 30.28574109895626, 'trop_agb_crit': 10.965064494899984, 'trop_k_veg': 0.5772603928610088}.[0m
[32m[I 2026-07-18 18:52:01,009][0m Trial 510 finished with values: [-0.01190587120139684, 0.0012488675555435425] and parameters: {'k1': 0.04541457206426161, 'D_low': 1.9977959434035766, 'k2': 0.00035868164986275477, 'D_high': 8182.111518618414, 'fire_exp': 1.6733848721157607, 'P_half': 712.8188058401365, 'pre_dampen_half': 0.2888838362365318, 'gpp_af': 0.01719951378854337, 'gpp_b': 7.007213496896404e-05, 'gpp_d': 150.14555442537656, 'ign_k': 0.12906379659404604, 'ign_c': 5.130551760589832, 'trop_agb_crit': 1.0903028125370984, 'trop_k_veg': 0.6743482387129308}.[0m
[32m[I 2026-07-18 18:52:01,466][0m Trial 511 finished with values: [-0.07361782019087762, 0.03751318488611466] and parameters: {'k1': 0.041833856821460395, 'D_low': 7.299348683062307, 'k2': 0.032845299795769396, 'D_high': 2940.51756322311, 'fire_exp': 1.6733848721157607, 'P_half': 4.346890702031289, 'pre_dampen_half': 2.9046276683520444, 'gpp_af': 22.851664167592137, 'gpp_b': 3.43926796010005e-05, 'gpp_d': 9.51028874815853, 'ign_k': 0.07696703458159232, 'ign_c': 15.221840161091619, 'trop_agb_crit': 3.275825291386224, 'trop_k_veg': 4.9897488945787245}.[0m
[32m[I 2026-07-18 18:52:01,929][0m Trial 512 finished with values: [-2.0000000000000005e-60, 0.0] and parameters: {'k1': 0.011966626407443505, 'D_low': 83.62695993649682, 'k2': 0.012758211164590085, 'D_high': 25628.666000163565, 'fire_exp': 1.0629462657398439, 'P_half': 712.8188058401365, 'pre_dampen_half': 0.12475844033340494, 'gpp_af': 0.10409127568994281, 'gpp_b': 3.083723329640505, 'gpp_d': 64.20268021730274, 'ign_k': 1.0484531351650956, 'ign_c': 800.6837661379552, 'trop_agb_crit': 24.584290528289387, 'trop_k_veg': 0.902411054575325}.[0m
[32m[I 2026-07-18 18:52:02,386][0m Trial 513 finished with values: [-0.00016609013862136306, 1.9466245233523694e-05] and parameters: {'k1': 0.01889771394135163, 'D_low': 70.18267183720735, 'k2': 0.00035868164986275477, 'D_high': 2940.51756322311, 'fire_exp': 1.6733848721157607, 'P_half': 3554.812765190894, 'pre_dampen_half': 0.011501973785501987, 'gpp_af': 0.0038793182938363898, 'gpp_b': 7.007213496896404e-05, 'gpp_d': 64.20268021730274, 'ign_k': 8.708806168038567, 'ign_c': 20.03995359361212, 'trop_agb_crit': 3.799798565960999, 'trop_k_veg': 4.9897488945787245}.[0m
[32m[I 2026-07-18 18:52:02,841][0m Trial 514 finished with values: [-8.941887784328513e-10, 2.280640583052218e-07] and parameters: {'k1': 0.002155595057104387, 'D_low': 7.46475488144212, 'k2': 0.00035868164986275477, 'D_high': 29812.370697208808, 'fire_exp': 1.423480109671474, 'P_half': 3554.812765190894, 'pre_dampen_half': 0.48359183418131724, 'gpp_af': 0.0038793182938363898, 'gpp_b': 0.42247700890263673, 'gpp_d': 757.2868182332339, 'ign_k': 5.351470428717439, 'ign_c': 0.1948891005130867, 'trop_agb_crit': 3.799798565960999, 'trop_k_veg': 0.5772603928610088}.[0m
[32m[I 2026-07-18 18:52:03,298][0m Trial 515 finished with values: [-0.23783145398382416, 0.013827042364241704] and parameters: {'k1': 0.04541457206426161, 'D_low': 1.9977959434035766, 'k2': 0.012758211164590085, 'D_high': 2940.51756322311, 'fire_exp': 1.6733848721157607, 'P_half': 712.8188058401365, 'pre_dampen_half': 107.40052367919465, 'gpp_af': 0.01719951378854337, 'gpp_b': 0.00012379625135997558, 'gpp_d': 660.9129108295722, 'ign_k': 1.0484531351650956, 'ign_c': 20.03995359361212, 'trop_agb_crit': 2.1861040860339416, 'trop_k_veg': 0.902411054575325}.[0m
[32m[I 2026-07-18 18:52:03,752][0m Trial 516 finished with values: [-2.0000000000000005e-60, 0.0] and parameters: {'k1': 0.008287522363768155, 'D_low': 7.299348683062307, 'k2': 0.0018170401889219116, 'D_high': 8182.111518618414, 'fire_exp': 1.6733848721157607, 'P_half': 65.03622711342449, 'pre_dampen_half': 4.187466509282844, 'gpp_af': 0.7539992074650282, 'gpp_b': 0.42247700890263673, 'gpp_d': 757.2868182332339, 'ign_k': 8.708806168038567, 'ign_c': 144.1431566333022, 'trop_agb_crit': 3.799798565960999, 'trop_k_veg': 4.9897488945787245}.[0m
[32m[I 2026-07-18 18:52:04,212][0m Trial 517 finished with values: [-4.5890091464943024e-10, 4.4854648995062973e-08] and parameters: {'k1': 0.07799059237255677, 'D_low': 70.18267183720735, 'k2': 0.0005342937261279771, 'D_high': 146.1896279370497, 'fire_exp': 6.234638880169447, 'P_half': 9.324787201197319, 'pre_dampen_half': 2.526589786942217, 'gpp_af': 1.9657979485028065, 'gpp_b': 0.2272730825106818, 'gpp_d': 660.9129108295722, 'ign_k': 0.006290644294586149, 'ign_c': 1.958059531975039, 'trop_agb_crit': 1.0903028125370984, 'trop_k_veg': 0.902411054575325}.[0m
[32m[I 2026-07-18 18:52:04,670][0m Trial 518 finished with values: [-0.04235325350077148, 0.0036756418928284296] and parameters: {'k1': 0.04541457206426161, 'D_low': 7.299348683062307, 'k2': 0.019894080167856897, 'D_high': 2940.51756322311, 'fire_exp': 1.6733848721157607, 'P_half': 98.3519252750597, 'pre_dampen_half': 0.011501973785501987, 'gpp_af': 0.7539992074650282, 'gpp_b': 0.0012213924959062798, 'gpp_d': 757.2868182332339, 'ign_k': 3.5891558714508416, 'ign_c': 15.221840161091619, 'trop_agb_crit': 1.285305820648146, 'trop_k_veg': 0.6743482387129308}.[0m
[32m[I 2026-07-18 18:52:05,127][0m Trial 519 finished with values: [-5.266008450577237e-06, 5.723472492469295e-05] and parameters: {'k1': 0.04541457206426161, 'D_low': 31.585104499227995, 'k2': 0.012758211164590085, 'D_high': 25628.666000163565, 'fire_exp': 1.6733848721157607, 'P_half': 7126.727573532312, 'pre_dampen_half': 0.011501973785501987, 'gpp_af': 0.5981605330890941, 'gpp_b': 7.007213496896404e-05, 'gpp_d': 64.20268021730274, 'ign_k': 0.12906379659404604, 'ign_c': 30.28574109895626, 'trop_agb_crit': 1.285305820648146, 'trop_k_veg': 0.902411054575325}.[0m
[32m[I 2026-07-18 18:52:05,586][0m Trial 520 finished with values: [-0.0001275252988443526, 2.0142966311031962e-05] and parameters: {'k1': 2.316457903103837e-05, 'D_low': 70.18267183720735, 'k2': 0.00035868164986275477, 'D_high': 45914.85216740541, 'fire_exp': 1.423480109671474, 'P_half': 3554.812765190894, 'pre_dampen_half': 0.011501973785501987, 'gpp_af': 0.001111693990724459, 'gpp_b': 7.007213496896404e-05, 'gpp_d': 757.2868182332339, 'ign_k': 5.351470428717439, 'ign_c': 20.03995359361212, 'trop_agb_crit': 3.799798565960999, 'trop_k_veg': 3.49157152291552}.[0m
[32m[I 2026-07-18 18:52:06,043][0m Trial 521 finished with values: [-0.00025102317741041634, 2.1525419176327e-05] and parameters: {'k1': 0.007530210437963516, 'D_low': 4.484744524732794, 'k2': 0.00035868164986275477, 'D_high': 774.2116473996249, 'fire_exp': 1.6733848721157607, 'P_half': 712.8188058401365, 'pre_dampen_half': 0.011501973785501987, 'gpp_af': 0.0038793182938363898, 'gpp_b': 0.0005744663972188569, 'gpp_d': 2.944272359149678, 'ign_k': 0.12906379659404604, 'ign_c': 15.221840161091619, 'trop_agb_crit': 24.584290528289387, 'trop_k_veg': 6.9782110227926815}.[0m
[32m[I 2026-07-18 18:52:06,497][0m Trial 522 finished with values: [-1.9571548113378347e-05, 3.84456149460366e-06] and parameters: {'k1': 0.041833856821460395, 'D_low': 31.585104499227995, 'k2': 0.032845299795769396, 'D_high': 3712.591045287733, 'fire_exp': 1.450870712623418, 'P_half': 3554.812765190894, 'pre_dampen_half': 0.5682966065442919, 'gpp_af': 0.00515795696727661, 'gpp_b': 0.0005744663972188569, 'gpp_d': 21.14381609520636, 'ign_k': 0.48986208235548445, 'ign_c': 30.28574109895626, 'trop_agb_crit': 24.584290528289387, 'trop_k_veg': 1.9938441068366919}.[0m
  trial  523/2500  pareto_size=26  best_taylor=0.7247  best_ilamb=0.5954  (4.1 min)
[32m[I 2026-07-18 18:52:07,025][0m Trial 523 finished with values: [-9.238333510939316e-13, 0.0] and parameters: {'k1': 0.0699458988153545, 'D_low': 7.299348683062307, 'k2': 0.0005342937261279771, 'D_high': 60107.420288647445, 'fire_exp': 6.234638880169447, 'P_half': 323.6099399575106, 'pre_dampen_half': 0.1875872314533727, 'gpp_af': 0.2901272149738624, 'gpp_b': 0.2272730825106818, 'gpp_d': 757.2868182332339, 'ign_k': 2.396079612430075, 'ign_c': 30.28574109895626, 'trop_agb_crit': 1.0903028125370984, 'trop_k_veg': 0.6743482387129308}.[0m
[32m[I 2026-07-18 18:52:07,481][0m Trial 524 finished with values: [-2.0000000000000005e-60, 0.0] and parameters: {'k1': 0.01889771394135163, 'D_low': 70.18267183720735, 'k2': 0.0018170401889219116, 'D_high': 8182.111518618414, 'fire_exp': 1.0629462657398439, 'P_half': 220.3445560633069, 'pre_dampen_half': 10.00236596950633, 'gpp_af': 0.7539992074650282, 'gpp_b': 0.00023481641213549971, 'gpp_d': 21.14381609520636, 'ign_k': 0.6024590664672947, 'ign_c': 966.797823932069, 'trop_agb_crit': 7.599113148200974, 'trop_k_veg': 6.9782110227926815}.[0m
[32m[I 2026-07-18 18:52:07,935][0m Trial 525 finished with values: [-0.04517231196592732, 0.028362669925970585] and parameters: {'k1': 0.0012056765208549535, 'D_low': 77.31571570012609, 'k2': 0.0353875886477924, 'D_high': 61536.58035691659, 'fire_exp': 1.0629462657398439, 'P_half': 221.2683656611821, 'pre_dampen_half': 4.187466509282844, 'gpp_af': 0.7539992074650282, 'gpp_b': 0.2272730825106818, 'gpp_d': 6.283500537123675, 'ign_k': 0.12329098365270519, 'ign_c': 0.5342106255632174, 'trop_agb_crit': 1.0903028125370984, 'trop_k_veg': 0.902411054575325}.[0m
[32m[I 2026-07-18 18:52:08,387][0m Trial 526 finished with values: [-1.6634764243702255e-07, 3.135558885458689e-05] and parameters: {'k1': 0.07799059237255677, 'D_low': 7.299348683062307, 'k2': 0.0005342937261279771, 'D_high': 8182.111518618414, 'fire_exp': 6.234638880169447, 'P_half': 712.8188058401365, 'pre_dampen_half': 748.110604162316, 'gpp_af': 0.2901272149738624, 'gpp_b': 0.2272730825106818, 'gpp_d': 40.95062894476691, 'ign_k': 0.006290644294586149, 'ign_c': 15.221840161091619, 'trop_agb_crit': 1.0903028125370984, 'trop_k_veg': 5.198868247525918}.[0m
[32m[I 2026-07-18 18:52:08,843][0m Trial 527 finished with values: [-2.0000000000000005e-60, 0.0] and parameters: {'k1': 0.04541457206426161, 'D_low': 7.299348683062307, 'k2': 0.00035868164986275477, 'D_high': 29812.370697208808, 'fire_exp': 6.234638880169447, 'P_half': 712.8188058401365, 'pre_dampen_half': 0.011501973785501987, 'gpp_af': 0.0038793182938363898, 'gpp_b': 0.2272730825106818, 'gpp_d': 757.2868182332339, 'ign_k': 8.708806168038567, 'ign_c': 1.958059531975039, 'trop_agb_crit': 1.0903028125370984, 'trop_k_veg': 4.9897488945787245}.[0m
[32m[I 2026-07-18 18:52:09,302][0m Trial 528 finished with values: [-1.463636431825999e-09, 3.176981344665819e-08] and parameters: {'k1': 0.008471801418819975, 'D_low': 31.585104499227995, 'k2': 0.0007047307383115598, 'D_high': 1578.0309954142967, 'fire_exp': 3.5637467870629145, 'P_half': 3554.812765190894, 'pre_dampen_half': 241.6951931920675, 'gpp_af': 0.0038488863031271342, 'gpp_b': 0.0007280676817361986, 'gpp_d': 64.20268021730274, 'ign_k': 0.3993031584056689, 'ign_c': 30.28574109895626, 'trop_agb_crit': 6.891704535458281, 'trop_k_veg': 1.7664838950757564}.[0m
[32m[I 2026-07-18 18:52:09,758][0m Trial 529 finished with values: [-1.503008963902388e-06, 8.853739309477859e-07] and parameters: {'k1': 0.037704815040649424, 'D_low': 6.28303969797272, 'k2': 0.026471946255259393, 'D_high': 25628.666000163565, 'fire_exp': 1.0629462657398439, 'P_half': 712.8188058401365, 'pre_dampen_half': 0.2888838362365318, 'gpp_af': 0.7539992074650282, 'gpp_b': 3.083723329640505, 'gpp_d': 150.14555442537656, 'ign_k': 3.5891558714508416, 'ign_c': 30.28574109895626, 'trop_agb_crit': 24.584290528289387, 'trop_k_veg': 0.902411054575325}.[0m
[32m[I 2026-07-18 18:52:10,211][0m Trial 530 finished with values: [-0.0038433851618592395, 9.914967190272073e-05] and parameters: {'k1': 0.03635503353478365, 'D_low': 70.18267183720735, 'k2': 0.012758211164590085, 'D_high': 2940.51756322311, 'fire_exp': 2.667972213959779, 'P_half': 525.911865925123, 'pre_dampen_half': 0.1875872314533727, 'gpp_af': 0.0022961065892443786, 'gpp_b': 0.0005752434266899163, 'gpp_d': 660.9129108295722, 'ign_k': 8.708806168038567, 'ign_c': 5.130551760589832, 'trop_agb_crit': 1.0903028125370984, 'trop_k_veg': 6.9782110227926815}.[0m
[32m[I 2026-07-18 18:52:10,665][0m Trial 531 finished with values: [-0.013265425513113827, 0.0019614107958239035] and parameters: {'k1': 0.041833856821460395, 'D_low': 355.00125258511594, 'k2': 0.032845299795769396, 'D_high': 2940.51756322311, 'fire_exp': 1.6733848721157607, 'P_half': 221.2683656611821, 'pre_dampen_half': 0.029208808341780905, 'gpp_af': 0.7539992074650282, 'gpp_b': 0.0012213924959062798, 'gpp_d': 757.2868182332339, 'ign_k': 0.12329098365270519, 'ign_c': 5.130551760589832, 'trop_agb_crit': 1.285305820648146, 'trop_k_veg': 0.5443513380244235}.[0m
