[32m[I 2026-07-18 18:48:55,437][0m Trial 114 finished with values: [-2.0000000000000005e-60, 0.0] and parameters: {'k1': 0.00010758866306767925, 'D_low': 436.4516946807792, 'k2': 0.018573288333114862, 'D_high': 1662.6592254031873, 'fire_exp': 3.3857164090062235, 'P_half': 9.277034327414716, 'pre_dampen_half': 8.594202650742222, 'gpp_af': 30.62518985924679, 'gpp_b': 2.5264362435704455, 'gpp_d': 0.043441170039664946, 'ign_k': 0.013649087666416938, 'ign_c': 2.833538941762469, 'trop_agb_crit': 11.812030596598904, 'trop_k_veg': 2.433635694703634}.[0m
[32m[I 2026-07-18 18:48:55,889][0m Trial 115 finished with values: [-2.0000000000000005e-60, 0.0] and parameters: {'k1': 3.0376902301221646e-05, 'D_low': 69.68111190775313, 'k2': 0.00672093005015611, 'D_high': 8241.925264876445, 'fire_exp': 5.905685925060636, 'P_half': 577.536337635295, 'pre_dampen_half': 0.015723915425446308, 'gpp_af': 9.93234953243751, 'gpp_b': 1.5087613675681666, 'gpp_d': 0.025632747517520264, 'ign_k': 3.121148960880235, 'ign_c': 0.1795698422567763, 'trop_agb_crit': 1.2308908766048772, 'trop_k_veg': 1.0773676061600252}.[0m
[32m[I 2026-07-18 18:48:56,378][0m Trial 116 finished with values: [-2.0000000000000005e-60, 0.0] and parameters: {'k1': 0.0034167643418329683, 'D_low': 3060.8522106722494, 'k2': 0.016394127471631596, 'D_high': 302.4369161272648, 'fire_exp': 7.8083450855424115, 'P_half': 5167.425813322413, 'pre_dampen_half': 1.3833139021965037, 'gpp_af': 30.231277487962988, 'gpp_b': 6.0495053137151995, 'gpp_d': 184.09723989839054, 'ign_k': 0.008160948743089924, 'ign_c': 3.470490935437501, 'trop_agb_crit': 18.081400596781233, 'trop_k_veg': 5.437420238162097}.[0m
[32m[I 2026-07-18 18:48:56,847][0m Trial 117 finished with values: [-1.3194048182667691e-06, 0.0002411843204740416] and parameters: {'k1': 0.07537201787998418, 'D_low': 5.6556775246185085, 'k2': 0.0032930213963426706, 'D_high': 259.06510073644546, 'fire_exp': 3.83403534181858, 'P_half': 2.0461550877877857, 'pre_dampen_half': 8.34779085252064, 'gpp_af': 85.32056493640629, 'gpp_b': 1.873606058421592e-05, 'gpp_d': 4.791614072461607, 'ign_k': 0.017302564033031168, 'ign_c': 1.228087486213536, 'trop_agb_crit': 4.710426964286611, 'trop_k_veg': 0.7848385206902946}.[0m
[32m[I 2026-07-18 18:48:57,297][0m Trial 118 finished with values: [-1.455176025747851e-08, 1.1435749821986363e-05] and parameters: {'k1': 0.0009749762207436118, 'D_low': 15.977662354833871, 'k2': 0.00013783578294796384, 'D_high': 1493.5213816355397, 'fire_exp': 4.069718158955968, 'P_half': 102.49816559563212, 'pre_dampen_half': 0.018088133565708247, 'gpp_af': 50.02195003344719, 'gpp_b': 1.2892705405728861e-05, 'gpp_d': 0.47263738772504293, 'ign_k': 0.003798214508453258, 'ign_c': 9.07425628898386, 'trop_agb_crit': 28.570986468059534, 'trop_k_veg': 2.194427136482602}.[0m
[32m[I 2026-07-18 18:48:57,750][0m Trial 119 finished with values: [-2.0000000000000005e-60, 0.0] and parameters: {'k1': 1.5167330688076188e-05, 'D_low': 37.35862630812753, 'k2': 0.00035868164986275477, 'D_high': 121.72958098369969, 'fire_exp': 6.741204610702761, 'P_half': 26.7308831078167, 'pre_dampen_half': 0.2539057572102413, 'gpp_af': 0.2901272149738624, 'gpp_b': 7.007213496896404e-05, 'gpp_d': 40.95062894476691, 'ign_k': 0.013276678836047658, 'ign_c': 886.2326508576241, 'trop_agb_crit': 13.826083091896752, 'trop_k_veg': 0.8170196702261714}.[0m
[32m[I 2026-07-18 18:48:58,204][0m Trial 120 finished with values: [-1.7513319925660938e-05, 8.282299606476862e-06] and parameters: {'k1': 0.04541457206426161, 'D_low': 31.585104499227995, 'k2': 0.00035868164986275477, 'D_high': 29812.370697208808, 'fire_exp': 1.6733848721157607, 'P_half': 7126.727573532312, 'pre_dampen_half': 0.011501973785501987, 'gpp_af': 0.0038793182938363898, 'gpp_b': 7.007213496896404e-05, 'gpp_d': 102.56162748473065, 'ign_k': 0.12906379659404604, 'ign_c': 20.23326185206641, 'trop_agb_crit': 1.285305820648146, 'trop_k_veg': 0.8674561439130763}.[0m
[32m[I 2026-07-18 18:48:58,657][0m Trial 121 finished with values: [-1.6620775781984758e-06, 1.3220197700336556e-05] and parameters: {'k1': 0.016780508579130986, 'D_low': 984.098934375832, 'k2': 5.471218729342035e-05, 'D_high': 8241.925264876445, 'fire_exp': 5.905685925060636, 'P_half': 1.9777828512462716, 'pre_dampen_half': 0.6199100007802263, 'gpp_af': 0.0037961668958008117, 'gpp_b': 0.0004408910919257112, 'gpp_d': 54.620376657085984, 'ign_k': 0.16470698221724323, 'ign_c': 0.1795698422567763, 'trop_agb_crit': 11.316283925181681, 'trop_k_veg': 5.982827017670785}.[0m
[32m[I 2026-07-18 18:48:59,112][0m Trial 122 finished with values: [-2.0000000000000005e-60, 0.0] and parameters: {'k1': 3.0376902301221646e-05, 'D_low': 1812.5870836716226, 'k2': 6.688594595986188e-05, 'D_high': 1236.6924205139144, 'fire_exp': 3.187258374159921, 'P_half': 577.536337635295, 'pre_dampen_half': 18.075983730158494, 'gpp_af': 12.105903211961781, 'gpp_b': 0.0585332093505296, 'gpp_d': 0.7668707039273333, 'ign_k': 3.121148960880235, 'ign_c': 482.4914281180254, 'trop_agb_crit': 1.2308908766048772, 'trop_k_veg': 1.0773676061600252}.[0m
[32m[I 2026-07-18 18:48:59,562][0m Trial 123 finished with values: [-0.026873022422076672, 0.04174643654186405] and parameters: {'k1': 0.008287522363768155, 'D_low': 7.299348683062307, 'k2': 0.003101429427212743, 'D_high': 21.947742689197344, 'fire_exp': 1.1263716762638152, 'P_half': 712.8188058401365, 'pre_dampen_half': 63.668591607994244, 'gpp_af': 0.6403036652671174, 'gpp_b': 0.2272730825106818, 'gpp_d': 757.2868182332339, 'ign_k': 0.12329098365270519, 'ign_c': 1.958059531975039, 'trop_agb_crit': 1.0903028125370984, 'trop_k_veg': 4.9897488945787245}.[0m
[32m[I 2026-07-18 18:49:00,014][0m Trial 124 finished with values: [-5.118281901746946e-05, 0.00014248716943698891] and parameters: {'k1': 0.004053638704742309, 'D_low': 355.00125258511594, 'k2': 0.0353875886477924, 'D_high': 774.2116473996249, 'fire_exp': 2.1154350616377124, 'P_half': 968.2012086882471, 'pre_dampen_half': 63.668591607994244, 'gpp_af': 17.624510039685536, 'gpp_b': 0.42247700890263673, 'gpp_d': 2.944272359149678, 'ign_k': 0.12329098365270519, 'ign_c': 5.130551760589832, 'trop_agb_crit': 2.4645410377327237, 'trop_k_veg': 0.6743482387129308}.[0m
[32m[I 2026-07-18 18:49:00,460][0m Trial 125 finished with values: [-3.3027610816762223e-10, 2.7075994557534955e-08] and parameters: {'k1': 3.5917714215176105e-05, 'D_low': 3.4487261314487374, 'k2': 1.7926680648388784e-05, 'D_high': 91167.68553735358, 'fire_exp': 2.100650708889295, 'P_half': 78.6767770625783, 'pre_dampen_half': 0.1875872314533727, 'gpp_af': 0.010767288724535768, 'gpp_b': 0.36422282566934217, 'gpp_d': 9.51028874815853, 'ign_k': 0.07696703458159232, 'ign_c': 1.3012518385211496, 'trop_agb_crit': 3.275825291386224, 'trop_k_veg': 6.58013223588778}.[0m
[32m[I 2026-07-18 18:49:00,905][0m Trial 126 finished with values: [-3.4860251402068087e-19, 7.524869616304386e-12] and parameters: {'k1': 8.488887549001697e-05, 'D_low': 3965.503094323013, 'k2': 1.1065812688893481e-05, 'D_high': 1493.5213816355397, 'fire_exp': 8.062544245508258, 'P_half': 314.0161493033586, 'pre_dampen_half': 0.2888838362365318, 'gpp_af': 50.02195003344719, 'gpp_b': 0.0054502936945582505, 'gpp_d': 84.31013932082456, 'ign_k': 0.0035281132746849977, 'ign_c': 11.40086370112731, 'trop_agb_crit': 7.500118950416987, 'trop_k_veg': 2.194427136482602}.[0m
[32m[I 2026-07-18 18:49:01,355][0m Trial 127 finished with values: [-5.236637798933249e-14, 4.107718720725018e-09] and parameters: {'k1': 0.035346441441965824, 'D_low': 94.99072859745384, 'k2': 1.6991629902581918e-05, 'D_high': 21.705003488711135, 'fire_exp': 1.450870712623418, 'P_half': 3554.812765190894, 'pre_dampen_half': 10.768254179081206, 'gpp_af': 0.001111693990724459, 'gpp_b': 2.512533442757689, 'gpp_d': 64.20268021730274, 'ign_k': 0.001047722656409829, 'ign_c': 0.2537994662905845, 'trop_agb_crit': 1.331177446539379, 'trop_k_veg': 3.404825334562598}.[0m
[32m[I 2026-07-18 18:49:01,813][0m Trial 128 finished with values: [-3.698421647506387e-07, 7.84380727469891e-06] and parameters: {'k1': 0.0376331292637011, 'D_low': 5.59983195169599, 'k2': 4.042960692360327e-05, 'D_high': 176.55835392092538, 'fire_exp': 1.2611826901294014, 'P_half': 9.324787201197319, 'pre_dampen_half': 0.03751320096826995, 'gpp_af': 2.6003623362924246, 'gpp_b': 0.3756229459320481, 'gpp_d': 242.00714252738, 'ign_k': 0.023352156626184447, 'ign_c': 192.76545985682404, 'trop_agb_crit': 6.119263728555865, 'trop_k_veg': 0.5772603928610088}.[0m
[32m[I 2026-07-18 18:49:02,265][0m Trial 129 finished with values: [-1.8259389340039816e-17, 0.0] and parameters: {'k1': 0.011966626407443505, 'D_low': 1228.2126524008484, 'k2': 7.91442361215536e-05, 'D_high': 645.2946500764235, 'fire_exp': 3.5637467870629145, 'P_half': 5.076307782729897, 'pre_dampen_half': 234.12640025944268, 'gpp_af': 0.12434469102435375, 'gpp_b': 3.083723329640505, 'gpp_d': 8.057329182285729, 'ign_k': 0.2100648561959642, 'ign_c': 30.28574109895626, 'trop_agb_crit': 7.628718523810018, 'trop_k_veg': 3.1473758868965485}.[0m
[32m[I 2026-07-18 18:49:02,712][0m Trial 130 finished with values: [-4.842354331198761e-15, 0.0] and parameters: {'k1': 2.316457903103837e-05, 'D_low': 252.38726750780188, 'k2': 0.0012040762895973265, 'D_high': 503.20593472868, 'fire_exp': 3.5637467870629145, 'P_half': 3554.812765190894, 'pre_dampen_half': 0.5682966065442919, 'gpp_af': 0.0038488863031271342, 'gpp_b': 0.0005392415140872105, 'gpp_d': 21.14381609520636, 'ign_k': 1.0484531351650956, 'ign_c': 30.28574109895626, 'trop_agb_crit': 10.965064494899984, 'trop_k_veg': 0.5772603928610088}.[0m
[32m[I 2026-07-18 18:49:03,163][0m Trial 131 finished with values: [-8.623947698404216e-06, 0.0004546314993014722] and parameters: {'k1': 0.012021930484915042, 'D_low': 7.299348683062307, 'k2': 5.471218729342035e-05, 'D_high': 68.76972589957657, 'fire_exp': 1.1263716762638152, 'P_half': 133.4807155996069, 'pre_dampen_half': 12.338826503601993, 'gpp_af': 0.0030786517836196197, 'gpp_b': 0.1274671157821504, 'gpp_d': 54.620376657085984, 'ign_k': 0.0014019509251727794, 'ign_c': 1.0226988730324322, 'trop_agb_crit': 1.8157022975489, 'trop_k_veg': 5.982827017670785}.[0m
[32m[I 2026-07-18 18:49:03,613][0m Trial 132 finished with values: [-2.162150613657207e-14, 2.810940369357695e-09] and parameters: {'k1': 0.0051316549551483235, 'D_low': 1.1650681118986133, 'k2': 0.0011178209200698721, 'D_high': 18.942844905792818, 'fire_exp': 1.450870712623418, 'P_half': 3554.812765190894, 'pre_dampen_half': 10.768254179081206, 'gpp_af': 0.001111693990724459, 'gpp_b': 2.512533442757689, 'gpp_d': 0.048708496102003014, 'ign_k': 0.001047722656409829, 'ign_c': 0.1239046892818203, 'trop_agb_crit': 1.331177446539379, 'trop_k_veg': 3.404825334562598}.[0m
[32m[I 2026-07-18 18:49:04,065][0m Trial 133 finished with values: [-0.0003507454630881752, 0.00013026357185363935] and parameters: {'k1': 0.00016480446427978953, 'D_low': 4546.192107824457, 'k2': 0.0007047307383115598, 'D_high': 61536.58035691659, 'fire_exp': 1.423480109671474, 'P_half': 712.8188058401365, 'pre_dampen_half': 0.2888838362365318, 'gpp_af': 0.6403036652671174, 'gpp_b': 0.42247700890263673, 'gpp_d': 229.41380323183625, 'ign_k': 5.351470428717439, 'ign_c': 5.130551760589832, 'trop_agb_crit': 10.691477813613638, 'trop_k_veg': 0.6743482387129308}.[0m
  trial  134/2500  pareto_size=17  best_taylor=0.7247  best_ilamb=0.5954  (1.0 min)
[32m[I 2026-07-18 18:49:04,543][0m Trial 134 finished with values: [-0.005657650957447822, 0.0013481441165615893] and parameters: {'k1': 0.0699458988153545, 'D_low': 355.00125258511594, 'k2': 0.0353875886477924, 'D_high': 774.2116473996249, 'fire_exp': 1.2611826901294014, 'P_half': 712.8188058401365, 'pre_dampen_half': 0.029662981696401067, 'gpp_af': 0.6403036652671174, 'gpp_b': 2.6738182964551835e-05, 'gpp_d': 0.3934396739328545, 'ign_k': 2.396079612430075, 'ign_c': 5.130551760589832, 'trop_agb_crit': 15.961316409649486, 'trop_k_veg': 0.6743482387129308}.[0m
[32m[I 2026-07-18 18:49:05,016][0m Trial 135 finished with values: [-0.008340980495689343, 0.004174993694773699] and parameters: {'k1': 0.0004732407125181113, 'D_low': 5.59983195169599, 'k2': 0.0007047307383115598, 'D_high': 21.947742689197344, 'fire_exp': 1.2611826901294014, 'P_half': 221.2683656611821, 'pre_dampen_half': 3.3841016089580047, 'gpp_af': 2.6003623362924246, 'gpp_b': 2.6738182964551835e-05, 'gpp_d': 8.057329182285729, 'ign_k': 5.351470428717439, 'ign_c': 18.219343937475102, 'trop_agb_crit': 10.691477813613638, 'trop_k_veg': 0.5772603928610088}.[0m
[32m[I 2026-07-18 18:49:05,496][0m Trial 136 finished with values: [-3.0428075217398557e-06, 4.5993472805205826e-05] and parameters: {'k1': 0.0051316549551483235, 'D_low': 34.08427910923046, 'k2': 0.0011178209200698721, 'D_high': 18.942844905792818, 'fire_exp': 4.4174616756610865, 'P_half': 1.1827346017839087, 'pre_dampen_half': 0.029662981696401067, 'gpp_af': 0.08583743499363283, 'gpp_b': 2.6738182964551835e-05, 'gpp_d': 0.048708496102003014, 'ign_k': 2.396079612430075, 'ign_c': 0.1239046892818203, 'trop_agb_crit': 23.22119672134762, 'trop_k_veg': 5.69366421960607}.[0m
[32m[I 2026-07-18 18:49:05,994][0m Trial 137 finished with values: [-2.1885095495759743e-08, 2.5824256651985067e-06] and parameters: {'k1': 0.0003179302199939536, 'D_low': 94.99072859745384, 'k2': 0.0020564614086027925, 'D_high': 1578.0309954142967, 'fire_exp': 2.763952030254024, 'P_half': 3554.812765190894, 'pre_dampen_half': 0.5682966065442919, 'gpp_af': 0.8998420889037458, 'gpp_b': 7.210246166617508e-05, 'gpp_d': 0.01161474334678487, 'ign_k': 0.2970792051473599, 'ign_c': 0.2537994662905845, 'trop_agb_crit': 1.4568555410190271, 'trop_k_veg': 2.1272255937459805}.[0m
[32m[I 2026-07-18 18:49:06,456][0m Trial 138 finished with values: [-0.0005080491313888734, 0.0008960135691034044] and parameters: {'k1': 0.004053638704742309, 'D_low': 3.4487261314487374, 'k2': 0.0353875886477924, 'D_high': 774.2116473996249, 'fire_exp': 2.100650708889295, 'P_half': 968.2012086882471, 'pre_dampen_half': 63.668591607994244, 'gpp_af': 17.624510039685536, 'gpp_b': 0.36422282566934217, 'gpp_d': 2.944272359149678, 'ign_k': 0.12329098365270519, 'ign_c': 1.3012518385211496, 'trop_agb_crit': 2.4645410377327237, 'trop_k_veg': 6.58013223588778}.[0m
[32m[I 2026-07-18 18:49:06,919][0m Trial 139 finished with values: [-0.001976185009322354, 0.006544024559830386] and parameters: {'k1': 0.0012056765208549535, 'D_low': 4.484744524732794, 'k2': 1.915468390724633e-05, 'D_high': 3712.591045287733, 'fire_exp': 3.5637467870629145, 'P_half': 175.2878790340412, 'pre_dampen_half': 502.5175192217655, 'gpp_af': 0.10409127568994281, 'gpp_b': 6.369295096609023e-05, 'gpp_d': 16.460426816350534, 'ign_k': 1.0484531351650956, 'ign_c': 11.90339433530502, 'trop_agb_crit': 24.584290528289387, 'trop_k_veg': 0.902411054575325}.[0m
[32m[I 2026-07-18 18:49:07,495][0m Trial 140 finished with values: [-0.10063672720817479, 0.16065111509868857] and parameters: {'k1': 0.0699458988153545, 'D_low': 1.54121727098019, 'k2': 1.7926680648388784e-05, 'D_high': 783.2259769732478, 'fire_exp': 1.4665043946307825, 'P_half': 1.1827346017839087, 'pre_dampen_half': 8.94282459523609, 'gpp_af': 2.6003623362924246, 'gpp_b': 2.6738182964551835e-05, 'gpp_d': 9.51028874815853, 'ign_k': 0.07696703458159232, 'ign_c': 4.4398025529904634, 'trop_agb_crit': 3.275825291386224, 'trop_k_veg': 3.869465953383846}.[0m
[32m[I 2026-07-18 18:49:08,027][0m Trial 141 finished with values: [-0.07242516512405613, 0.06155545933672568] and parameters: {'k1': 0.008471801418819975, 'D_low': 2.143851363193517, 'k2': 0.0007047307383115598, 'D_high': 42.07053950287937, 'fire_exp': 1.1430983876313219, 'P_half': 221.2683656611821, 'pre_dampen_half': 10.129197956845726, 'gpp_af': 1.5386842469144075, 'gpp_b': 1.3289448722869181e-05, 'gpp_d': 10.369565216756202, 'ign_k': 2.136832907235876, 'ign_c': 0.7068974950624601, 'trop_agb_crit': 10.691477813613638, 'trop_k_veg': 0.83140195149031}.[0m
[32m[I 2026-07-18 18:49:08,522][0m Trial 142 finished with values: [-3.7242741972388586e-06, 1.598763153176641e-05] and parameters: {'k1': 0.07799059237255677, 'D_low': 37.35862630812753, 'k2': 0.0005342937261279771, 'D_high': 8182.111518618414, 'fire_exp': 6.234638880169447, 'P_half': 338.23872019362165, 'pre_dampen_half': 7.665128204660192, 'gpp_af': 0.2901272149738624, 'gpp_b': 0.0001484082099455773, 'gpp_d': 40.95062894476691, 'ign_k': 0.006290644294586149, 'ign_c': 0.9580682294110433, 'trop_agb_crit': 8.983402272488592, 'trop_k_veg': 0.8170196702261714}.[0m
[32m[I 2026-07-18 18:49:09,014][0m Trial 143 finished with values: [-3.7962074921221475e-21, 0.0] and parameters: {'k1': 0.035346441441965824, 'D_low': 366.0150802571657, 'k2': 0.0036993598999597497, 'D_high': 360.73016145428437, 'fire_exp': 7.884758752688456, 'P_half': 3928.4095134792283, 'pre_dampen_half': 10.768254179081206, 'gpp_af': 0.001111693990724459, 'gpp_b': 4.062835674447076e-05, 'gpp_d': 20.77346035713882, 'ign_k': 0.004739584301027368, 'ign_c': 1.3012518385211496, 'trop_agb_crit': 6.464669746492398, 'trop_k_veg': 3.404825334562598}.[0m
[32m[I 2026-07-18 18:49:09,504][0m Trial 144 finished with values: [-0.003550233707407614, 0.021034158957091154] and parameters: {'k1': 0.00031134168041628584, 'D_low': 12.105387404469584, 'k2': 0.003767022142229395, 'D_high': 985.7545621889059, 'fire_exp': 1.221575427404682, 'P_half': 140.74279366401683, 'pre_dampen_half': 38.00678588560607, 'gpp_af': 5.335773317316401, 'gpp_b': 0.0038900687554386305, 'gpp_d': 0.12878367369717508, 'ign_k': 0.00840038491455979, 'ign_c': 48.704711413416454, 'trop_agb_crit': 1.0693376406863295, 'trop_k_veg': 2.433635694703634}.[0m
[32m[I 2026-07-18 18:49:10,084][0m Trial 145 finished with values: [-2.231385345109522e-11, 6.266012191336046e-07] and parameters: {'k1': 1.3357240411974104e-05, 'D_low': 351.2704726270846, 'k2': 0.007058572590901788, 'D_high': 88.9193644629625, 'fire_exp': 2.1154350616377124, 'P_half': 93.43302657318476, 'pre_dampen_half': 1.126975864381465, 'gpp_af': 17.624510039685536, 'gpp_b': 0.08824240860504111, 'gpp_d': 0.03927259340973168, 'ign_k': 0.0023697311169867336, 'ign_c': 0.44145368764944787, 'trop_agb_crit': 2.4645410377327237, 'trop_k_veg': 0.983473833513531}.[0m
[32m[I 2026-07-18 18:49:10,689][0m Trial 146 finished with values: [-2.0000000000000005e-60, 0.0] and parameters: {'k1': 0.03017070428997155, 'D_low': 118.94665366442581, 'k2': 4.042960692360327e-05, 'D_high': 394.46712559035336, 'fire_exp': 1.1343880394302208, 'P_half': 14.281536924924877, 'pre_dampen_half': 103.33971107789337, 'gpp_af': 0.7070472286699654, 'gpp_b': 0.3756229459320481, 'gpp_d': 0.9791370130598963, 'ign_k': 0.14111799966684616, 'ign_c': 192.76545985682404, 'trop_agb_crit': 1.4568555410190271, 'trop_k_veg': 1.308408291985664}.[0m
[32m[I 2026-07-18 18:49:11,229][0m Trial 147 finished with values: [-0.000648547072551844, 0.0001324917263469949] and parameters: {'k1': 4.540076719227351e-05, 'D_low': 4.484744524732794, 'k2': 0.004579192310322934, 'D_high': 1236.6924205139144, 'fire_exp': 2.284706851725763, 'P_half': 220.3445560633069, 'pre_dampen_half': 0.9166964238460101, 'gpp_af': 0.06002934191396867, 'gpp_b': 0.00431329787498825, 'gpp_d': 0.43986836285294123, 'ign_k': 0.07091190338709638, 'ign_c': 1.6051347487097574, 'trop_agb_crit': 12.71480504859747, 'trop_k_veg': 4.4644194212034}.[0m
[32m[I 2026-07-18 18:49:11,772][0m Trial 148 finished with values: [-5.161071664919305e-06, 0.0005246965223836275] and parameters: {'k1': 0.012840669372724958, 'D_low': 7.299348683062307, 'k2': 0.003101429427212743, 'D_high': 21.947742689197344, 'fire_exp': 1.1263716762638152, 'P_half': 712.8188058401365, 'pre_dampen_half': 63.668591607994244, 'gpp_af': 0.6403036652671174, 'gpp_b': 0.2272730825106818, 'gpp_d': 0.03927259340973168, 'ign_k': 0.12329098365270519, 'ign_c': 2.9570809414943473, 'trop_agb_crit': 1.0903028125370984, 'trop_k_veg': 0.983473833513531}.[0m
[32m[I 2026-07-18 18:49:12,330][0m Trial 149 finished with values: [-9.725634666988075e-05, 0.0002099558764336873] and parameters: {'k1': 1.4002277211577026e-05, 'D_low': 171.2446447678494, 'k2': 0.0004976087827261435, 'D_high': 18.316165443932743, 'fire_exp': 1.2918065501148304, 'P_half': 751.9407491506673, 'pre_dampen_half': 0.011396414164620812, 'gpp_af': 0.030592049838223532, 'gpp_b': 2.176805640408474e-05, 'gpp_d': 0.03927259340973168, 'ign_k': 0.0029519227433917453, 'ign_c': 0.5342106255632174, 'trop_agb_crit': 18.748298427129946, 'trop_k_veg': 2.520089655463604}.[0m
[32m[I 2026-07-18 18:49:12,837][0m Trial 150 finished with values: [-2.546332145513263e-10, 3.5575529333531364e-07] and parameters: {'k1': 3.8751982355100445e-05, 'D_low': 1112.9571947046009, 'k2': 8.923807143379776e-05, 'D_high': 107.88909575795405, 'fire_exp': 2.332293128354265, 'P_half': 8320.133621840185, 'pre_dampen_half': 14.711215379121963, 'gpp_af': 0.04403094955951772, 'gpp_b': 0.06315461993576105, 'gpp_d': 6.792399189485706, 'ign_k': 0.002011190979341457, 'ign_c': 0.557280750002996, 'trop_agb_crit': 1.14876138417489, 'trop_k_veg': 2.573214588078609}.[0m
[32m[I 2026-07-18 18:49:13,357][0m Trial 151 finished with values: [-2.0000000000000005e-60, 0.0] and parameters: {'k1': 2.316457903103837e-05, 'D_low': 94.99072859745384, 'k2': 0.018573288333114862, 'D_high': 1662.6592254031873, 'fire_exp': 3.3857164090062235, 'P_half': 3554.812765190894, 'pre_dampen_half': 0.029208808341780905, 'gpp_af': 0.0038488863031271342, 'gpp_b': 2.5264362435704455, 'gpp_d': 64.20268021730274, 'ign_k': 0.0802050305902781, 'ign_c': 2.493666083446518, 'trop_agb_crit': 1.331177446539379, 'trop_k_veg': 3.148543634902941}.[0m
