[32m[I 2026-07-18 18:51:17,682][0m Trial 418 finished with values: [-0.00012537860305634658, 1.9212800828949383e-05] and parameters: {'k1': 2.316457903103837e-05, 'D_low': 70.18267183720735, 'k2': 0.00035868164986275477, 'D_high': 45914.85216740541, 'fire_exp': 1.423480109671474, 'P_half': 3554.812765190894, 'pre_dampen_half': 0.011501973785501987, 'gpp_af': 0.001111693990724459, 'gpp_b': 7.007213496896404e-05, 'gpp_d': 64.20268021730274, 'ign_k': 5.351470428717439, 'ign_c': 20.03995359361212, 'trop_agb_crit': 1.331177446539379, 'trop_k_veg': 3.49157152291552}.[0m
[32m[I 2026-07-18 18:51:18,160][0m Trial 419 finished with values: [-3.1159393769227446e-07, 3.831880414750799e-06] and parameters: {'k1': 4.540076719227351e-05, 'D_low': 31.585104499227995, 'k2': 0.001832010067724639, 'D_high': 1236.6924205139144, 'fire_exp': 1.8493890000580158, 'P_half': 3227.0237615158, 'pre_dampen_half': 1.2549793639668947, 'gpp_af': 0.6403036652671174, 'gpp_b': 7.007213496896404e-05, 'gpp_d': 8.057329182285729, 'ign_k': 1.0484531351650956, 'ign_c': 30.28574109895626, 'trop_agb_crit': 12.647327018493208, 'trop_k_veg': 2.520089655463604}.[0m
[32m[I 2026-07-18 18:51:18,624][0m Trial 420 finished with values: [-7.825990378556495e-06, 7.291558645539098e-06] and parameters: {'k1': 0.008471801418819975, 'D_low': 37.35862630812753, 'k2': 0.0007047307383115598, 'D_high': 1578.0309954142967, 'fire_exp': 6.234638880169447, 'P_half': 358.182027657807, 'pre_dampen_half': 7.665128204660192, 'gpp_af': 0.0038488863031271342, 'gpp_b': 1.3289448722869181e-05, 'gpp_d': 0.9726844876539023, 'ign_k': 0.18697387216131534, 'ign_c': 0.7068974950624601, 'trop_agb_crit': 1.331177446539379, 'trop_k_veg': 0.83140195149031}.[0m
[32m[I 2026-07-18 18:51:19,082][0m Trial 421 finished with values: [-0.5247805303296063, 0.09748512155264777] and parameters: {'k1': 0.041833856821460395, 'D_low': 70.18267183720735, 'k2': 0.032845299795769396, 'D_high': 3712.591045287733, 'fire_exp': 1.450870712623418, 'P_half': 12.498583886387651, 'pre_dampen_half': 24.551654436784784, 'gpp_af': 0.7539992074650282, 'gpp_b': 0.0005744663972188569, 'gpp_d': 21.14381609520636, 'ign_k': 0.48986208235548445, 'ign_c': 15.221840161091619, 'trop_agb_crit': 24.584290528289387, 'trop_k_veg': 0.5772603928610088}.[0m
[32m[I 2026-07-18 18:51:19,533][0m Trial 422 finished with values: [-3.454438621214888e-07, 1.006321306329383e-05] and parameters: {'k1': 0.0699458988153545, 'D_low': 7.299348683062307, 'k2': 1.7926680648388784e-05, 'D_high': 21.947742689197344, 'fire_exp': 2.100650708889295, 'P_half': 8628.009047476773, 'pre_dampen_half': 0.029662981696401067, 'gpp_af': 0.6403036652671174, 'gpp_b': 2.6738182964551835e-05, 'gpp_d': 757.2868182332339, 'ign_k': 0.07696703458159232, 'ign_c': 5.130551760589832, 'trop_agb_crit': 1.0903028125370984, 'trop_k_veg': 1.5554543181600937}.[0m
[32m[I 2026-07-18 18:51:19,986][0m Trial 423 finished with values: [-1.5028535468300363e-06, 8.84419949498394e-07] and parameters: {'k1': 0.037704815040649424, 'D_low': 83.62695993649682, 'k2': 0.026471946255259393, 'D_high': 25628.666000163565, 'fire_exp': 1.0629462657398439, 'P_half': 712.8188058401365, 'pre_dampen_half': 0.2888838362365318, 'gpp_af': 0.7539992074650282, 'gpp_b': 3.083723329640505, 'gpp_d': 150.14555442537656, 'ign_k': 3.5891558714508416, 'ign_c': 30.28574109895626, 'trop_agb_crit': 24.584290528289387, 'trop_k_veg': 0.902411054575325}.[0m
[32m[I 2026-07-18 18:51:20,448][0m Trial 424 finished with values: [-0.5264276533897664, 0.056239087604500027] and parameters: {'k1': 0.0012056765208549535, 'D_low': 70.18267183720735, 'k2': 0.012758211164590085, 'D_high': 2940.51756322311, 'fire_exp': 1.165368636520435, 'P_half': 12.808863354047988, 'pre_dampen_half': 107.40052367919465, 'gpp_af': 0.1476584299248268, 'gpp_b': 0.0005752434266899163, 'gpp_d': 660.9129108295722, 'ign_k': 1.0484531351650956, 'ign_c': 20.03995359361212, 'trop_agb_crit': 2.1861040860339416, 'trop_k_veg': 0.902411054575325}.[0m
[32m[I 2026-07-18 18:51:20,918][0m Trial 425 finished with values: [-0.020468634357520214, 0.03496992704246149] and parameters: {'k1': 7.118997101275657e-05, 'D_low': 355.00125258511594, 'k2': 0.0353875886477924, 'D_high': 774.2116473996249, 'fire_exp': 1.1430983876313219, 'P_half': 220.3445560633069, 'pre_dampen_half': 48.742916118035616, 'gpp_af': 0.10409127568994281, 'gpp_b': 0.36422282566934217, 'gpp_d': 2.944272359149678, 'ign_k': 0.48986208235548445, 'ign_c': 8.405439129313676, 'trop_agb_crit': 24.584290528289387, 'trop_k_veg': 0.902411054575325}.[0m
[32m[I 2026-07-18 18:51:21,385][0m Trial 426 finished with values: [-0.0003091285268865268, 0.0002487518505260855] and parameters: {'k1': 0.011966626407443505, 'D_low': 3.4487261314487374, 'k2': 0.00021901578520649233, 'D_high': 503.20593472868, 'fire_exp': 2.100650708889295, 'P_half': 78.6767770625783, 'pre_dampen_half': 2.9046276683520444, 'gpp_af': 0.10409127568994281, 'gpp_b': 0.0005392415140872105, 'gpp_d': 9.51028874815853, 'ign_k': 0.07696703458159232, 'ign_c': 30.28574109895626, 'trop_agb_crit': 10.965064494899984, 'trop_k_veg': 0.5772603928610088}.[0m
[32m[I 2026-07-18 18:51:21,841][0m Trial 427 finished with values: [-2.567259519569019e-13, 7.416134373272598e-10] and parameters: {'k1': 0.0012056765208549535, 'D_low': 70.18267183720735, 'k2': 0.032845299795769396, 'D_high': 2940.51756322311, 'fire_exp': 6.576079034416172, 'P_half': 3554.812765190894, 'pre_dampen_half': 107.40052367919465, 'gpp_af': 0.1476584299248268, 'gpp_b': 6.369295096609023e-05, 'gpp_d': 64.20268021730274, 'ign_k': 0.0013320984762921239, 'ign_c': 20.03995359361212, 'trop_agb_crit': 3.5747129226002423, 'trop_k_veg': 6.9782110227926815}.[0m
[32m[I 2026-07-18 18:51:22,307][0m Trial 428 finished with values: [-2.5089744551410035e-07, 4.850049856175431e-07] and parameters: {'k1': 0.00016480446427978953, 'D_low': 1.9977959434035766, 'k2': 0.026471946255259393, 'D_high': 84090.06963311558, 'fire_exp': 2.878298002135838, 'P_half': 712.8188058401365, 'pre_dampen_half': 0.2888838362365318, 'gpp_af': 0.04403094955951772, 'gpp_b': 0.08128322984179755, 'gpp_d': 0.6960360257735195, 'ign_k': 0.12329098365270519, 'ign_c': 5.130551760589832, 'trop_agb_crit': 1.0903028125370984, 'trop_k_veg': 5.4923859200028735}.[0m
[32m[I 2026-07-18 18:51:22,761][0m Trial 429 finished with values: [-3.4611999326196506e-07, 5.9917903960649e-07] and parameters: {'k1': 2.316457903103837e-05, 'D_low': 31.585104499227995, 'k2': 0.00035868164986275477, 'D_high': 29812.370697208808, 'fire_exp': 1.6733848721157607, 'P_half': 3554.812765190894, 'pre_dampen_half': 0.011501973785501987, 'gpp_af': 0.0038793182938363898, 'gpp_b': 0.006906522645653115, 'gpp_d': 64.20268021730274, 'ign_k': 0.12906379659404604, 'ign_c': 20.23326185206641, 'trop_agb_crit': 1.331177446539379, 'trop_k_veg': 3.49157152291552}.[0m
[32m[I 2026-07-18 18:51:23,219][0m Trial 430 finished with values: [-1.7550830860541082e-11, 1.1669415056481114e-07] and parameters: {'k1': 0.04541457206426161, 'D_low': 355.00125258511594, 'k2': 0.0353875886477924, 'D_high': 29812.370697208808, 'fire_exp': 2.61565689708108, 'P_half': 175.2878790340412, 'pre_dampen_half': 693.3733406812293, 'gpp_af': 0.0038793182938363898, 'gpp_b': 0.36422282566934217, 'gpp_d': 102.56162748473065, 'ign_k': 0.12329098365270519, 'ign_c': 8.405439129313676, 'trop_agb_crit': 2.4645410377327237, 'trop_k_veg': 0.6743482387129308}.[0m
[32m[I 2026-07-18 18:51:23,670][0m Trial 431 finished with values: [-6.840104952003725e-12, 2.0676548251330473e-09] and parameters: {'k1': 0.0376331292637011, 'D_low': 37.35862630812753, 'k2': 5.52207197313581e-05, 'D_high': 1578.0309954142967, 'fire_exp': 6.234638880169447, 'P_half': 3554.812765190894, 'pre_dampen_half': 7.665128204660192, 'gpp_af': 0.0038488863031271342, 'gpp_b': 1.3289448722869181e-05, 'gpp_d': 64.20268021730274, 'ign_k': 2.9818972317055166, 'ign_c': 5.130551760589832, 'trop_agb_crit': 1.331177446539379, 'trop_k_veg': 0.6743482387129308}.[0m
[32m[I 2026-07-18 18:51:24,119][0m Trial 432 finished with values: [-0.013768586458728168, 0.02345486854002532] and parameters: {'k1': 0.0012056765208549535, 'D_low': 4546.192107824457, 'k2': 0.000140654144219877, 'D_high': 2940.51756322311, 'fire_exp': 1.165368636520435, 'P_half': 12.808863354047988, 'pre_dampen_half': 107.40052367919465, 'gpp_af': 0.1476584299248268, 'gpp_b': 0.0005752434266899163, 'gpp_d': 660.9129108295722, 'ign_k': 8.708806168038567, 'ign_c': 20.03995359361212, 'trop_agb_crit': 7.901343398678965, 'trop_k_veg': 0.6743482387129308}.[0m
[32m[I 2026-07-18 18:51:24,576][0m Trial 433 finished with values: [-2.0000000000000005e-60, 0.0] and parameters: {'k1': 0.0002220327882582422, 'D_low': 3.4487261314487374, 'k2': 1.7926680648388784e-05, 'D_high': 21.947742689197344, 'fire_exp': 5.97856358842259, 'P_half': 323.6099399575106, 'pre_dampen_half': 241.6951931920675, 'gpp_af': 0.10409127568994281, 'gpp_b': 0.2272730825106818, 'gpp_d': 8.057329182285729, 'ign_k': 0.07696703458159232, 'ign_c': 121.2515722046017, 'trop_agb_crit': 1.0903028125370984, 'trop_k_veg': 0.5772603928610088}.[0m
[32m[I 2026-07-18 18:51:25,023][0m Trial 434 finished with values: [-0.00022273775124118542, 0.0007518433890767451] and parameters: {'k1': 3.8751982355100445e-05, 'D_low': 3.525936800597896, 'k2': 0.00023295358953467695, 'D_high': 503.20593472868, 'fire_exp': 2.100650708889295, 'P_half': 93.43302657318476, 'pre_dampen_half': 0.14126812677903758, 'gpp_af': 16.746194867675793, 'gpp_b': 0.0005392415140872105, 'gpp_d': 8.057329182285729, 'ign_k': 0.12329098365270519, 'ign_c': 0.7902459656172901, 'trop_agb_crit': 3.275825291386224, 'trop_k_veg': 0.6984687829911091}.[0m
[32m[I 2026-07-18 18:51:25,467][0m Trial 435 finished with values: [-2.119160737088332e-07, 3.7395905111425876e-06] and parameters: {'k1': 0.041833856821460395, 'D_low': 1730.0724838654367, 'k2': 7.91442361215536e-05, 'D_high': 3712.591045287733, 'fire_exp': 3.5637467870629145, 'P_half': 712.8188058401365, 'pre_dampen_half': 107.40052367919465, 'gpp_af': 0.7539992074650282, 'gpp_b': 0.36825100915599446, 'gpp_d': 64.20268021730274, 'ign_k': 0.48986208235548445, 'ign_c': 15.221840161091619, 'trop_agb_crit': 9.286923253577127, 'trop_k_veg': 0.5772603928610088}.[0m
[32m[I 2026-07-18 18:51:25,916][0m Trial 436 finished with values: [-1.470937787126894e-07, 6.0029048851606426e-05] and parameters: {'k1': 3.8751982355100445e-05, 'D_low': 1.9977959434035766, 'k2': 0.026471946255259393, 'D_high': 3198.020818004836, 'fire_exp': 2.878298002135838, 'P_half': 8320.133621840185, 'pre_dampen_half': 502.5175192217655, 'gpp_af': 0.04403094955951772, 'gpp_b': 0.06315461993576105, 'gpp_d': 150.14555442537656, 'ign_k': 3.5891558714508416, 'ign_c': 0.3277320296937064, 'trop_agb_crit': 1.0903028125370984, 'trop_k_veg': 0.6984687829911091}.[0m
  trial  437/2500  pareto_size=25  best_taylor=0.7247  best_ilamb=0.5954  (3.4 min)
[32m[I 2026-07-18 18:51:26,422][0m Trial 437 finished with values: [-0.5801013896504054, 0.352569337730148] and parameters: {'k1': 0.004312951023617458, 'D_low': 355.00125258511594, 'k2': 0.0001889739291279833, 'D_high': 61536.58035691659, 'fire_exp': 1.0629462657398439, 'P_half': 221.2683656611821, 'pre_dampen_half': 502.5175192217655, 'gpp_af': 0.7539992074650282, 'gpp_b': 0.0021331409710300844, 'gpp_d': 150.14555442537656, 'ign_k': 0.06807874826564587, 'ign_c': 0.557280750002996, 'trop_agb_crit': 10.691477813613638, 'trop_k_veg': 1.4584243470991722}.[0m
[32m[I 2026-07-18 18:51:26,868][0m Trial 438 finished with values: [-0.0471558372330898, 0.10824239449316186] and parameters: {'k1': 0.011966626407443505, 'D_low': 3.34949636434409, 'k2': 0.001832010067724639, 'D_high': 774.2116473996249, 'fire_exp': 1.8493890000580158, 'P_half': 9.324787201197319, 'pre_dampen_half': 241.6951931920675, 'gpp_af': 0.10409127568994281, 'gpp_b': 0.0005392415140872105, 'gpp_d': 8.057329182285729, 'ign_k': 0.0013492881864712073, 'ign_c': 30.28574109895626, 'trop_agb_crit': 1.331177446539379, 'trop_k_veg': 0.5772603928610088}.[0m
[32m[I 2026-07-18 18:51:27,319][0m Trial 439 finished with values: [-1.2586485508805049e-05, 1.3546486014703873e-05] and parameters: {'k1': 1.4002277211577026e-05, 'D_low': 3.4487261314487374, 'k2': 0.0018170401889219116, 'D_high': 1123.9682517242118, 'fire_exp': 3.5637467870629145, 'P_half': 323.6099399575106, 'pre_dampen_half': 4.187466509282844, 'gpp_af': 2.555721998081809, 'gpp_b': 0.42247700890263673, 'gpp_d': 757.2868182332339, 'ign_k': 0.07696703458159232, 'ign_c': 1.958059531975039, 'trop_agb_crit': 1.0903028125370984, 'trop_k_veg': 6.423641554321892}.[0m
[32m[I 2026-07-18 18:51:27,779][0m Trial 440 finished with values: [-3.989867806653909e-08, 6.353484084398175e-07] and parameters: {'k1': 0.0029282035181080004, 'D_low': 252.38726750780188, 'k2': 0.0012040762895973265, 'D_high': 503.20593472868, 'fire_exp': 3.5637467870629145, 'P_half': 78.6767770625783, 'pre_dampen_half': 0.5682966065442919, 'gpp_af': 0.010767288724535768, 'gpp_b': 3.43926796010005e-05, 'gpp_d': 9.51028874815853, 'ign_k': 0.07696703458159232, 'ign_c': 30.28574109895626, 'trop_agb_crit': 3.275825291386224, 'trop_k_veg': 0.5772603928610088}.[0m
[32m[I 2026-07-18 18:51:28,248][0m Trial 441 finished with values: [-0.0011867639961262802, 0.00035685675278929185] and parameters: {'k1': 0.041833856821460395, 'D_low': 31.585104499227995, 'k2': 0.032845299795769396, 'D_high': 15351.441568398131, 'fire_exp': 1.450870712623418, 'P_half': 3554.812765190894, 'pre_dampen_half': 0.03751320096826995, 'gpp_af': 0.25562996323356013, 'gpp_b': 0.0005744663972188569, 'gpp_d': 21.14381609520636, 'ign_k': 0.48986208235548445, 'ign_c': 20.23326185206641, 'trop_agb_crit': 24.584290528289387, 'trop_k_veg': 0.5772603928610088}.[0m
[32m[I 2026-07-18 18:51:28,716][0m Trial 442 finished with values: [-0.050378227105929464, 0.020314127705221563] and parameters: {'k1': 0.0012056765208549535, 'D_low': 2.946000090510885, 'k2': 0.0012040762895973265, 'D_high': 25628.666000163565, 'fire_exp': 1.3340920378182823, 'P_half': 175.2878790340412, 'pre_dampen_half': 241.6951931920675, 'gpp_af': 0.10409127568994281, 'gpp_b': 6.369295096609023e-05, 'gpp_d': 0.01392878970664331, 'ign_k': 0.5524095129928629, 'ign_c': 30.28574109895626, 'trop_agb_crit': 10.965064494899984, 'trop_k_veg': 0.902411054575325}.[0m
[32m[I 2026-07-18 18:51:29,175][0m Trial 443 finished with values: [-1.298104405334854e-06, 2.8995836677259135e-06] and parameters: {'k1': 2.316457903103837e-05, 'D_low': 1.9977959434035766, 'k2': 0.0005262881356087168, 'D_high': 84090.06963311558, 'fire_exp': 1.5868092618912009, 'P_half': 336.708521740818, 'pre_dampen_half': 0.14126812677903758, 'gpp_af': 0.04403094955951772, 'gpp_b': 0.06315461993576105, 'gpp_d': 0.15875524914818662, 'ign_k': 0.0925503758904118, 'ign_c': 30.28574109895626, 'trop_agb_crit': 1.0903028125370984, 'trop_k_veg': 0.5772603928610088}.[0m
[32m[I 2026-07-18 18:51:29,631][0m Trial 444 finished with values: [-2.7060189310378045e-17, 0.0] and parameters: {'k1': 0.01889771394135163, 'D_low': 37.35862630812753, 'k2': 0.015827817125573202, 'D_high': 18.064907756357265, 'fire_exp': 6.234638880169447, 'P_half': 3554.812765190894, 'pre_dampen_half': 7.665128204660192, 'gpp_af': 0.0038488863031271342, 'gpp_b': 1.3289448722869181e-05, 'gpp_d': 64.20268021730274, 'ign_k': 8.708806168038567, 'ign_c': 0.7068974950624601, 'trop_agb_crit': 1.331177446539379, 'trop_k_veg': 0.83140195149031}.[0m
[32m[I 2026-07-18 18:51:30,084][0m Trial 445 finished with values: [-1.1028738325460802e-11, 1.6722179196904108e-12] and parameters: {'k1': 0.01889771394135163, 'D_low': 70.18267183720735, 'k2': 0.0012040762895973265, 'D_high': 146.1896279370497, 'fire_exp': 2.561257322703973, 'P_half': 9.324787201197319, 'pre_dampen_half': 0.2888838362365318, 'gpp_af': 0.10409127568994281, 'gpp_b': 0.42247700890263673, 'gpp_d': 64.20268021730274, 'ign_k': 8.708806168038567, 'ign_c': 30.28574109895626, 'trop_agb_crit': 7.599113148200974, 'trop_k_veg': 6.9782110227926815}.[0m
[32m[I 2026-07-18 18:51:30,532][0m Trial 446 finished with values: [-2.3978958013835814e-19, 0.0] and parameters: {'k1': 4.540076719227351e-05, 'D_low': 37.35862630812753, 'k2': 0.0004976087827261435, 'D_high': 1236.6924205139144, 'fire_exp': 6.234638880169447, 'P_half': 3227.0237615158, 'pre_dampen_half': 241.6951931920675, 'gpp_af': 0.0038488863031271342, 'gpp_b': 7.210246166617508e-05, 'gpp_d': 0.7668707039273333, 'ign_k': 0.18697387216131534, 'ign_c': 30.28574109895626, 'trop_agb_crit': 1.331177446539379, 'trop_k_veg': 3.49157152291552}.[0m
[32m[I 2026-07-18 18:51:31,006][0m Trial 447 finished with values: [-7.079965918164168e-10, 3.8043846739554965e-08] and parameters: {'k1': 3.8751982355100445e-05, 'D_low': 3.4487261314487374, 'k2': 1.7926680648388784e-05, 'D_high': 21.947742689197344, 'fire_exp': 2.100650708889295, 'P_half': 323.6099399575106, 'pre_dampen_half': 0.14126812677903758, 'gpp_af': 0.04403094955951772, 'gpp_b': 0.2272730825106818, 'gpp_d': 0.15875524914818662, 'ign_k': 0.07696703458159232, 'ign_c': 21.275785720135417, 'trop_agb_crit': 3.275825291386224, 'trop_k_veg': 4.9897488945787245}.[0m
[32m[I 2026-07-18 18:51:31,463][0m Trial 448 finished with values: [-1.0166525263406275e-09, 1.9940787798766735e-08] and parameters: {'k1': 0.011966626407443505, 'D_low': 83.62695993649682, 'k2': 0.026471946255259393, 'D_high': 25628.666000163565, 'fire_exp': 1.0629462657398439, 'P_half': 712.8188058401365, 'pre_dampen_half': 0.2888838362365318, 'gpp_af': 0.022129266663052607, 'gpp_b': 3.083723329640505, 'gpp_d': 64.20268021730274, 'ign_k': 3.5891558714508416, 'ign_c': 30.28574109895626, 'trop_agb_crit': 7.499945891579917, 'trop_k_veg': 0.902411054575325}.[0m
[32m[I 2026-07-18 18:51:31,914][0m Trial 449 finished with values: [-0.0007092970622651617, 0.000755864684357177] and parameters: {'k1': 0.01549659926581634, 'D_low': 7.299348683062307, 'k2': 0.032845299795769396, 'D_high': 774.2116473996249, 'fire_exp': 1.6733848721157607, 'P_half': 7126.727573532312, 'pre_dampen_half': 24.551654436784784, 'gpp_af': 0.7539992074650282, 'gpp_b': 0.0005744663972188569, 'gpp_d': 757.2868182332339, 'ign_k': 0.48986208235548445, 'ign_c': 15.221840161091619, 'trop_agb_crit': 1.285305820648146, 'trop_k_veg': 0.5772603928610088}.[0m
[32m[I 2026-07-18 18:51:32,366][0m Trial 450 finished with values: [-0.00038892220850076487, 4.5186157374921265e-05] and parameters: {'k1': 0.011966626407443505, 'D_low': 31.585104499227995, 'k2': 0.0012040762895973265, 'D_high': 1578.0309954142967, 'fire_exp': 3.5637467870629145, 'P_half': 9.324787201197319, 'pre_dampen_half': 241.6951931920675, 'gpp_af': 0.10409127568994281, 'gpp_b': 0.0007280676817361986, 'gpp_d': 8.057329182285729, 'ign_k': 1.0484531351650956, 'ign_c': 30.28574109895626, 'trop_agb_crit': 1.331177446539379, 'trop_k_veg': 1.7664838950757564}.[0m
[32m[I 2026-07-18 18:51:32,823][0m Trial 451 finished with values: [-0.006715376132648182, 0.009903984129670196] and parameters: {'k1': 0.041833856821460395, 'D_low': 37.35862630812753, 'k2': 0.0007047307383115598, 'D_high': 1578.0309954142967, 'fire_exp': 1.0271184723288342, 'P_half': 7126.727573532312, 'pre_dampen_half': 7.665128204660192, 'gpp_af': 6.1846621395903325, 'gpp_b': 0.0012213924959062798, 'gpp_d': 64.20268021730274, 'ign_k': 0.48986208235548445, 'ign_c': 0.7068974950624601, 'trop_agb_crit': 1.285305820648146, 'trop_k_veg': 0.83140195149031}.[0m
[32m[I 2026-07-18 18:51:33,283][0m Trial 452 finished with values: [-0.02274388735471754, 0.0037586130141508134] and parameters: {'k1': 2.316457903103837e-05, 'D_low': 70.18267183720735, 'k2': 0.0012040762895973265, 'D_high': 3712.591045287733, 'fire_exp': 1.423480109671474, 'P_half': 220.3445560633069, 'pre_dampen_half': 0.5682966065442919, 'gpp_af': 0.7539992074650282, 'gpp_b': 0.0005744663972188569, 'gpp_d': 21.14381609520636, 'ign_k': 0.48986208235548445, 'ign_c': 15.221840161091619, 'trop_agb_crit': 24.584290528289387, 'trop_k_veg': 3.49157152291552}.[0m
[32m[I 2026-07-18 18:51:33,808][0m Trial 453 finished with values: [-0.0006893919276787713, 7.95179942382207e-05] and parameters: {'k1': 0.04541457206426161, 'D_low': 7.299348683062307, 'k2': 0.00035868164986275477, 'D_high': 29812.370697208808, 'fire_exp': 1.6733848721157607, 'P_half': 3554.812765190894, 'pre_dampen_half': 0.011501973785501987, 'gpp_af': 0.0038793182938363898, 'gpp_b': 7.007213496896404e-05, 'gpp_d': 757.2868182332339, 'ign_k': 8.708806168038567, 'ign_c': 0.1948891005130867, 'trop_agb_crit': 3.799798565960999, 'trop_k_veg': 4.9897488945787245}.[0m
[32m[I 2026-07-18 18:51:34,315][0m Trial 454 finished with values: [-0.0004474312523878609, 0.003541657026005174] and parameters: {'k1': 0.011966626407443505, 'D_low': 1228.2126524008484, 'k2': 0.00021901578520649233, 'D_high': 503.20593472868, 'fire_exp': 2.100650708889295, 'P_half': 9.324787201197319, 'pre_dampen_half': 241.6951931920675, 'gpp_af': 0.10409127568994281, 'gpp_b': 3.43926796010005e-05, 'gpp_d': 8.057329182285729, 'ign_k': 0.07696703458159232, 'ign_c': 30.28574109895626, 'trop_agb_crit': 3.275825291386224, 'trop_k_veg': 6.58013223588778}.[0m
[32m[I 2026-07-18 18:51:34,797][0m Trial 455 finished with values: [-2.024984054530295e-11, 1.0869194433382745e-11] and parameters: {'k1': 0.011966626407443505, 'D_low': 70.18267183720735, 'k2': 7.91442361215536e-05, 'D_high': 774.2116473996249, 'fire_exp': 3.5637467870629145, 'P_half': 83.12953263874529, 'pre_dampen_half': 107.40052367919465, 'gpp_af': 0.6403036652671174, 'gpp_b': 3.083723329640505, 'gpp_d': 64.20268021730274, 'ign_k': 8.708806168038567, 'ign_c': 30.28574109895626, 'trop_agb_crit': 1.331177446539379, 'trop_k_veg': 3.1473758868965485}.[0m
