[32m[I 2026-07-18 18:58:19,218][0m Trial 1292 finished with values: [-0.14418023756729936, 0.0024073206902579525] and parameters: {'k1': 0.041833856821460395, 'D_low': 7.299348683062307, 'k2': 0.008161260265732995, 'D_high': 1236.6924205139144, 'fire_exp': 2.7504578233979857, 'P_half': 1.1069424888528068, 'pre_dampen_half': 6.399026982042284, 'gpp_af': 0.1476584299248268, 'gpp_b': 0.0021331409710300844, 'gpp_d': 8.057329182285729, 'ign_k': 5.351470428717439, 'ign_c': 20.03995359361212, 'trop_agb_crit': 2.2212365258224223, 'trop_k_veg': 4.4644194212034}.[0m
[32m[I 2026-07-18 18:58:19,710][0m Trial 1293 finished with values: [-0.10145525136237583, 0.010325473064597412] and parameters: {'k1': 0.007530210437963516, 'D_low': 7.299348683062307, 'k2': 6.59971370969243e-05, 'D_high': 1236.6924205139144, 'fire_exp': 1.6733848721157607, 'P_half': 220.3445560633069, 'pre_dampen_half': 244.99114687440988, 'gpp_af': 0.10409127568994281, 'gpp_b': 0.00431329787498825, 'gpp_d': 660.9129108295722, 'ign_k': 0.48986208235548445, 'ign_c': 20.03995359361212, 'trop_agb_crit': 2.2212365258224223, 'trop_k_veg': 3.49157152291552}.[0m
[32m[I 2026-07-18 18:58:20,203][0m Trial 1294 finished with values: [-0.00014481858117912456, 4.38217874776381e-06] and parameters: {'k1': 0.041833856821460395, 'D_low': 7.299348683062307, 'k2': 0.032845299795769396, 'D_high': 3712.591045287733, 'fire_exp': 8.456250107826923, 'P_half': 310.3604223881657, 'pre_dampen_half': 241.6951931920675, 'gpp_af': 0.10409127568994281, 'gpp_b': 0.00431329787498825, 'gpp_d': 21.14381609520636, 'ign_k': 5.351470428717439, 'ign_c': 29.690870944846793, 'trop_agb_crit': 24.584290528289387, 'trop_k_veg': 4.4644194212034}.[0m
[32m[I 2026-07-18 18:58:20,697][0m Trial 1295 finished with values: [-2.0000000000000005e-60, 0.0] and parameters: {'k1': 0.007530210437963516, 'D_low': 3298.583025790192, 'k2': 0.012758211164590085, 'D_high': 1236.6924205139144, 'fire_exp': 1.6733848721157607, 'P_half': 12.808863354047988, 'pre_dampen_half': 107.40052367919465, 'gpp_af': 0.10409127568994281, 'gpp_b': 0.0005752434266899163, 'gpp_d': 660.9129108295722, 'ign_k': 3.0360834202771847, 'ign_c': 20.03995359361212, 'trop_agb_crit': 3.5747129226002423, 'trop_k_veg': 3.49157152291552}.[0m
[32m[I 2026-07-18 18:58:21,199][0m Trial 1296 finished with values: [-0.011713579055216264, 0.0005573051421221553] and parameters: {'k1': 0.07799059237255677, 'D_low': 9.019549482887358, 'k2': 0.001362731161143793, 'D_high': 8559.572793311803, 'fire_exp': 1.6733848721157607, 'P_half': 63.82008477114845, 'pre_dampen_half': 841.294947480074, 'gpp_af': 0.004847842800403607, 'gpp_b': 0.0005744663972188569, 'gpp_d': 660.9129108295722, 'ign_k': 1.0484531351650956, 'ign_c': 29.690870944846793, 'trop_agb_crit': 1.7708319837489073, 'trop_k_veg': 0.902411054575325}.[0m
[32m[I 2026-07-18 18:58:21,682][0m Trial 1297 finished with values: [-0.0005746870550809364, 0.0019799963602882276] and parameters: {'k1': 0.01889771394135163, 'D_low': 70.18267183720735, 'k2': 0.008535052150482593, 'D_high': 2940.51756322311, 'fire_exp': 5.415198497144036, 'P_half': 1.895375973243287, 'pre_dampen_half': 72.4540024680209, 'gpp_af': 0.1476584299248268, 'gpp_b': 0.0005752434266899163, 'gpp_d': 64.20268021730274, 'ign_k': 0.0012843094700513468, 'ign_c': 20.03995359361212, 'trop_agb_crit': 1.8831909561015436, 'trop_k_veg': 6.9782110227926815}.[0m
[32m[I 2026-07-18 18:58:22,156][0m Trial 1298 finished with values: [-0.017752565102891634, 0.0002911656947585106] and parameters: {'k1': 0.07799059237255677, 'D_low': 7.299348683062307, 'k2': 0.032845299795769396, 'D_high': 1236.6924205139144, 'fire_exp': 3.231633698316772, 'P_half': 1.1069424888528068, 'pre_dampen_half': 0.021184731123199272, 'gpp_af': 0.1476584299248268, 'gpp_b': 0.0021331409710300844, 'gpp_d': 660.9129108295722, 'ign_k': 5.351470428717439, 'ign_c': 20.03995359361212, 'trop_agb_crit': 1.7708319837489073, 'trop_k_veg': 0.902411054575325}.[0m
[32m[I 2026-07-18 18:58:22,647][0m Trial 1299 finished with values: [-0.09728327056831762, 0.0041422077392304635] and parameters: {'k1': 0.01889771394135163, 'D_low': 70.18267183720735, 'k2': 0.0007173407578159455, 'D_high': 2940.51756322311, 'fire_exp': 5.415198497144036, 'P_half': 12.808863354047988, 'pre_dampen_half': 107.40052367919465, 'gpp_af': 0.1476584299248268, 'gpp_b': 0.0005752434266899163, 'gpp_d': 64.20268021730274, 'ign_k': 7.437725385707935, 'ign_c': 20.03995359361212, 'trop_agb_crit': 3.5747129226002423, 'trop_k_veg': 6.9782110227926815}.[0m
[32m[I 2026-07-18 18:58:23,134][0m Trial 1300 finished with values: [-8.54094428287373e-05, 1.5500158609960124e-06] and parameters: {'k1': 0.03635503353478365, 'D_low': 7.299348683062307, 'k2': 0.04333919331865372, 'D_high': 8559.572793311803, 'fire_exp': 1.6733848721157607, 'P_half': 712.8188058401365, 'pre_dampen_half': 0.03751320096826995, 'gpp_af': 0.27997858752477867, 'gpp_b': 0.01666658176842624, 'gpp_d': 660.9129108295722, 'ign_k': 5.351470428717439, 'ign_c': 29.690870944846793, 'trop_agb_crit': 3.5747129226002423, 'trop_k_veg': 4.4644194212034}.[0m
[32m[I 2026-07-18 18:58:23,606][0m Trial 1301 finished with values: [-0.6680413356256448, 0.17931954737944344] and parameters: {'k1': 0.041833856821460395, 'D_low': 7.299348683062307, 'k2': 0.032845299795769396, 'D_high': 3712.591045287733, 'fire_exp': 1.165368636520435, 'P_half': 9.324787201197319, 'pre_dampen_half': 241.6951931920675, 'gpp_af': 0.10409127568994281, 'gpp_b': 0.017069106484260625, 'gpp_d': 660.9129108295722, 'ign_k': 7.437725385707935, 'ign_c': 15.221840161091619, 'trop_agb_crit': 3.5747129226002423, 'trop_k_veg': 0.6743482387129308}.[0m
[32m[I 2026-07-18 18:58:24,075][0m Trial 1302 finished with values: [-0.6019576109047192, 0.03661114822160416] and parameters: {'k1': 0.01889771394135163, 'D_low': 70.18267183720735, 'k2': 0.000980054060008331, 'D_high': 2940.51756322311, 'fire_exp': 1.2748928925302399, 'P_half': 9.324787201197319, 'pre_dampen_half': 107.40052367919465, 'gpp_af': 0.01719951378854337, 'gpp_b': 0.0005752434266899163, 'gpp_d': 64.20268021730274, 'ign_k': 0.6024590664672947, 'ign_c': 20.03995359361212, 'trop_agb_crit': 7.599113148200974, 'trop_k_veg': 3.7095834948926214}.[0m
[32m[I 2026-07-18 18:58:24,545][0m Trial 1303 finished with values: [-0.07360255170715162, 0.0013616782857546195] and parameters: {'k1': 0.01889771394135163, 'D_low': 7.299348683062307, 'k2': 0.004237604478368561, 'D_high': 1236.6924205139144, 'fire_exp': 5.415198497144036, 'P_half': 1.1069424888528068, 'pre_dampen_half': 6.399026982042284, 'gpp_af': 0.1476584299248268, 'gpp_b': 0.0005752434266899163, 'gpp_d': 8.057329182285729, 'ign_k': 5.351470428717439, 'ign_c': 20.03995359361212, 'trop_agb_crit': 3.5747129226002423, 'trop_k_veg': 4.4644194212034}.[0m
[32m[I 2026-07-18 18:58:25,015][0m Trial 1304 finished with values: [-6.053484019768643e-06, 6.680372921508138e-10] and parameters: {'k1': 0.01889771394135163, 'D_low': 70.18267183720735, 'k2': 0.032845299795769396, 'D_high': 3712.591045287733, 'fire_exp': 3.231633698316772, 'P_half': 221.2683656611821, 'pre_dampen_half': 0.2888838362365318, 'gpp_af': 0.001111693990724459, 'gpp_b': 0.0005752434266899163, 'gpp_d': 660.9129108295722, 'ign_k': 8.708806168038567, 'ign_c': 29.690870944846793, 'trop_agb_crit': 3.5747129226002423, 'trop_k_veg': 4.4644194212034}.[0m
[32m[I 2026-07-18 18:58:25,491][0m Trial 1305 finished with values: [-1.8335972436577843e-09, 8.361089598452054e-13] and parameters: {'k1': 0.01942730875500184, 'D_low': 4.484744524732794, 'k2': 0.032845299795769396, 'D_high': 1236.6924205139144, 'fire_exp': 6.234638880169447, 'P_half': 220.3445560633069, 'pre_dampen_half': 0.0399066504395798, 'gpp_af': 0.008075914984851893, 'gpp_b': 0.0019165495198471324, 'gpp_d': 64.20268021730274, 'ign_k': 0.48986208235548445, 'ign_c': 30.28574109895626, 'trop_agb_crit': 13.985331027461328, 'trop_k_veg': 3.49157152291552}.[0m
[32m[I 2026-07-18 18:58:25,966][0m Trial 1306 finished with values: [-0.001642717424155469, 1.9573294217423154e-05] and parameters: {'k1': 0.01889771394135163, 'D_low': 70.18267183720735, 'k2': 0.032845299795769396, 'D_high': 3712.591045287733, 'fire_exp': 9.21460353030674, 'P_half': 12.808863354047988, 'pre_dampen_half': 107.40052367919465, 'gpp_af': 0.010443168746673469, 'gpp_b': 0.0005752434266899163, 'gpp_d': 64.20268021730274, 'ign_k': 8.708806168038567, 'ign_c': 29.690870944846793, 'trop_agb_crit': 5.929544346558723, 'trop_k_veg': 6.9782110227926815}.[0m
[32m[I 2026-07-18 18:58:26,436][0m Trial 1307 finished with values: [-0.009227470024108033, 0.00035237301408241883] and parameters: {'k1': 0.01889771394135163, 'D_low': 70.18267183720735, 'k2': 0.026471946255259393, 'D_high': 3712.591045287733, 'fire_exp': 8.456250107826923, 'P_half': 1.1069424888528068, 'pre_dampen_half': 107.40052367919465, 'gpp_af': 0.1476584299248268, 'gpp_b': 0.0005752434266899163, 'gpp_d': 150.14555442537656, 'ign_k': 5.351470428717439, 'ign_c': 29.690870944846793, 'trop_agb_crit': 2.2212365258224223, 'trop_k_veg': 1.1084562524454336}.[0m
[32m[I 2026-07-18 18:58:26,926][0m Trial 1308 finished with values: [-0.7251982335958147, 0.05430015278722755] and parameters: {'k1': 0.03635503353478365, 'D_low': 70.18267183720735, 'k2': 0.012758211164590085, 'D_high': 2940.51756322311, 'fire_exp': 1.165368636520435, 'P_half': 9.324787201197319, 'pre_dampen_half': 107.40052367919465, 'gpp_af': 0.1476584299248268, 'gpp_b': 0.0005752434266899163, 'gpp_d': 660.9129108295722, 'ign_k': 7.437725385707935, 'ign_c': 20.03995359361212, 'trop_agb_crit': 3.5747129226002423, 'trop_k_veg': 4.504658304073288}.[0m
[32m[I 2026-07-18 18:58:27,399][0m Trial 1309 finished with values: [-7.288880834086491e-11, 3.344324817078359e-12] and parameters: {'k1': 0.01889771394135163, 'D_low': 70.18267183720735, 'k2': 0.032845299795769396, 'D_high': 1236.6924205139144, 'fire_exp': 8.456250107826923, 'P_half': 221.2683656611821, 'pre_dampen_half': 7.726215714622324, 'gpp_af': 0.01719951378854337, 'gpp_b': 0.06419400996240236, 'gpp_d': 8.057329182285729, 'ign_k': 0.6024590664672947, 'ign_c': 20.03995359361212, 'trop_agb_crit': 2.2212365258224223, 'trop_k_veg': 6.9782110227926815}.[0m
[32m[I 2026-07-18 18:58:28,057][0m Trial 1310 finished with values: [-3.1570864189660706e-06, 1.4042928045965297e-06] and parameters: {'k1': 0.01889771394135163, 'D_low': 1554.7359415440887, 'k2': 0.032845299795769396, 'D_high': 2940.51756322311, 'fire_exp': 1.6733848721157607, 'P_half': 1.895375973243287, 'pre_dampen_half': 0.03751320096826995, 'gpp_af': 0.01719951378854337, 'gpp_b': 0.0005744663972188569, 'gpp_d': 660.9129108295722, 'ign_k': 1.0484531351650956, 'ign_c': 30.28574109895626, 'trop_agb_crit': 1.7708319837489073, 'trop_k_veg': 6.9782110227926815}.[0m
[32m[I 2026-07-18 18:58:28,706][0m Trial 1311 finished with values: [-0.3719696384210495, 0.015342004290718192] and parameters: {'k1': 0.03635503353478365, 'D_low': 38.3602907874811, 'k2': 0.001362731161143793, 'D_high': 2940.51756322311, 'fire_exp': 1.165368636520435, 'P_half': 234.09994646132157, 'pre_dampen_half': 107.40052367919465, 'gpp_af': 0.001111693990724459, 'gpp_b': 0.0005744663972188569, 'gpp_d': 660.9129108295722, 'ign_k': 4.574675293277476, 'ign_c': 20.03995359361212, 'trop_agb_crit': 3.5747129226002423, 'trop_k_veg': 6.9782110227926815}.[0m
[32m[I 2026-07-18 18:58:29,274][0m Trial 1312 finished with values: [-0.09078993282275213, 0.0019137852096082764] and parameters: {'k1': 0.01889771394135163, 'D_low': 70.18267183720735, 'k2': 0.032845299795769396, 'D_high': 2940.51756322311, 'fire_exp': 3.4121559122647493, 'P_half': 323.6099399575106, 'pre_dampen_half': 107.40052367919465, 'gpp_af': 0.006162743810375321, 'gpp_b': 0.0005752434266899163, 'gpp_d': 64.20268021730274, 'ign_k': 1.5024129734649205, 'ign_c': 20.03995359361212, 'trop_agb_crit': 3.5747129226002423, 'trop_k_veg': 6.9782110227926815}.[0m
[32m[I 2026-07-18 18:58:29,962][0m Trial 1313 finished with values: [-0.002160104828318029, 7.045834179464361e-05] and parameters: {'k1': 0.011966626407443505, 'D_low': 1.3577269394141454, 'k2': 0.0353875886477924, 'D_high': 6075.702114214187, 'fire_exp': 2.61565689708108, 'P_half': 221.2683656611821, 'pre_dampen_half': 0.010585220389440335, 'gpp_af': 0.7539992074650282, 'gpp_b': 0.13713885091300898, 'gpp_d': 395.3300852215303, 'ign_k': 5.351470428717439, 'ign_c': 5.130551760589832, 'trop_agb_crit': 1.0903028125370984, 'trop_k_veg': 0.6743482387129308}.[0m
[32m[I 2026-07-18 18:58:30,488][0m Trial 1314 finished with values: [-0.09081242157696566, 0.00480355347861372] and parameters: {'k1': 0.03635503353478365, 'D_low': 70.18267183720735, 'k2': 0.032845299795769396, 'D_high': 2940.51756322311, 'fire_exp': 1.6733848721157607, 'P_half': 1489.5167857414556, 'pre_dampen_half': 107.40052367919465, 'gpp_af': 0.017115686479965763, 'gpp_b': 0.0005752434266899163, 'gpp_d': 660.9129108295722, 'ign_k': 7.437725385707935, 'ign_c': 20.03995359361212, 'trop_agb_crit': 3.5747129226002423, 'trop_k_veg': 1.2033419844148296}.[0m
[32m[I 2026-07-18 18:58:31,019][0m Trial 1315 finished with values: [-0.004712784486113556, 0.00015378077243655142] and parameters: {'k1': 0.026835953334046123, 'D_low': 7.46475488144212, 'k2': 0.0005342937261279771, 'D_high': 8559.572793311803, 'fire_exp': 1.423480109671474, 'P_half': 712.8188058401365, 'pre_dampen_half': 107.40052367919465, 'gpp_af': 0.1476584299248268, 'gpp_b': 0.01666658176842624, 'gpp_d': 660.9129108295722, 'ign_k': 5.351470428717439, 'ign_c': 29.690870944846793, 'trop_agb_crit': 1.6878075072665546, 'trop_k_veg': 6.9782110227926815}.[0m
[32m[I 2026-07-18 18:58:31,540][0m Trial 1316 finished with values: [-2.515804376524345e-05, 0.00014371299881810184] and parameters: {'k1': 0.007530210437963516, 'D_low': 2.7475448770725444, 'k2': 0.0005342937261279771, 'D_high': 7321.544340709298, 'fire_exp': 2.110249242835225, 'P_half': 712.8188058401365, 'pre_dampen_half': 0.0399066504395798, 'gpp_af': 33.94034666206518, 'gpp_b': 0.0005744663972188569, 'gpp_d': 0.23073846740741236, 'ign_k': 2.396079612430075, 'ign_c': 30.28574109895626, 'trop_agb_crit': 1.331177446539379, 'trop_k_veg': 6.9782110227926815}.[0m
[32m[I 2026-07-18 18:58:32,050][0m Trial 1317 finished with values: [-0.6199907882176362, 0.08160133168640438] and parameters: {'k1': 0.041833856821460395, 'D_low': 70.18267183720735, 'k2': 0.032845299795769396, 'D_high': 2940.51756322311, 'fire_exp': 1.0629462657398439, 'P_half': 310.3604223881657, 'pre_dampen_half': 241.6951931920675, 'gpp_af': 0.10409127568994281, 'gpp_b': 0.0005752434266899163, 'gpp_d': 0.24239431891241692, 'ign_k': 5.351470428717439, 'ign_c': 15.221840161091619, 'trop_agb_crit': 3.5747129226002423, 'trop_k_veg': 6.9782110227926815}.[0m
[32m[I 2026-07-18 18:58:32,550][0m Trial 1318 finished with values: [-8.150437982879216e-11, 1.5091455862759062e-09] and parameters: {'k1': 0.041833856821460395, 'D_low': 7.299348683062307, 'k2': 0.0005342937261279771, 'D_high': 1236.6924205139144, 'fire_exp': 9.62767613678815, 'P_half': 323.6099399575106, 'pre_dampen_half': 0.03751320096826995, 'gpp_af': 0.2901272149738624, 'gpp_b': 0.0005752434266899163, 'gpp_d': 8.057329182285729, 'ign_k': 8.708806168038567, 'ign_c': 29.690870944846793, 'trop_agb_crit': 2.2212365258224223, 'trop_k_veg': 4.4644194212034}.[0m
[32m[I 2026-07-18 18:58:33,049][0m Trial 1319 finished with values: [-0.04541160251740916, 0.0007565401026806695] and parameters: {'k1': 0.041833856821460395, 'D_low': 7.299348683062307, 'k2': 0.032845299795769396, 'D_high': 2940.51756322311, 'fire_exp': 1.6733848721157607, 'P_half': 9.324787201197319, 'pre_dampen_half': 0.2888838362365318, 'gpp_af': 0.001111693990724459, 'gpp_b': 6.986652907140114e-05, 'gpp_d': 64.20268021730274, 'ign_k': 7.437725385707935, 'ign_c': 20.03995359361212, 'trop_agb_crit': 7.599113148200974, 'trop_k_veg': 6.9782110227926815}.[0m
[32m[I 2026-07-18 18:58:33,589][0m Trial 1320 finished with values: [-0.003256101711996833, 8.048451859599126e-05] and parameters: {'k1': 0.041833856821460395, 'D_low': 2.7475448770725444, 'k2': 0.0015553851774742168, 'D_high': 1236.6924205139144, 'fire_exp': 1.6733848721157607, 'P_half': 712.8188058401365, 'pre_dampen_half': 0.0399066504395798, 'gpp_af': 0.01023477599883959, 'gpp_b': 0.0005752434266899163, 'gpp_d': 660.9129108295722, 'ign_k': 5.351470428717439, 'ign_c': 20.03995359361212, 'trop_agb_crit': 1.331177446539379, 'trop_k_veg': 3.1473758868965485}.[0m
[32m[I 2026-07-18 18:58:34,092][0m Trial 1321 finished with values: [-5.707292574336933e-05, 5.752919911783394e-06] and parameters: {'k1': 5.456314022643801e-05, 'D_low': 70.18267183720735, 'k2': 0.03766680988255312, 'D_high': 2940.51756322311, 'fire_exp': 1.0629462657398439, 'P_half': 1.1069424888528068, 'pre_dampen_half': 0.0399066504395798, 'gpp_af': 0.0022961065892443786, 'gpp_b': 0.0005752434266899163, 'gpp_d': 18.683694679300007, 'ign_k': 5.351470428717439, 'ign_c': 29.690870944846793, 'trop_agb_crit': 1.331177446539379, 'trop_k_veg': 6.9782110227926815}.[0m
  trial 1322/2500  pareto_size=69  best_taylor=0.7291  best_ilamb=0.5956  (10.5 min)
[32m[I 2026-07-18 18:58:34,845][0m Trial 1322 finished with values: [-0.00572757153084371, 0.00040496607421869335] and parameters: {'k1': 0.01889771394135163, 'D_low': 70.18267183720735, 'k2': 0.032845299795769396, 'D_high': 1938.6039125504592, 'fire_exp': 1.6733848721157607, 'P_half': 224.42820887784595, 'pre_dampen_half': 0.2888838362365318, 'gpp_af': 0.01719951378854337, 'gpp_b': 0.0005744663972188569, 'gpp_d': 660.9129108295722, 'ign_k': 0.004058982070039651, 'ign_c': 20.03995359361212, 'trop_agb_crit': 1.7708319837489073, 'trop_k_veg': 3.49157152291552}.[0m
[32m[I 2026-07-18 18:58:35,419][0m Trial 1323 finished with values: [-2.0037114536470092e-05, 5.846001928100364e-07] and parameters: {'k1': 0.01889771394135163, 'D_low': 7.46475488144212, 'k2': 0.032845299795769396, 'D_high': 577.1566094775104, 'fire_exp': 2.110249242835225, 'P_half': 224.42820887784595, 'pre_dampen_half': 0.0399066504395798, 'gpp_af': 0.017115686479965763, 'gpp_b': 0.0005744663972188569, 'gpp_d': 660.9129108295722, 'ign_k': 8.708806168038567, 'ign_c': 28.919587916447927, 'trop_agb_crit': 1.7708319837489073, 'trop_k_veg': 3.49157152291552}.[0m
[32m[I 2026-07-18 18:58:35,938][0m Trial 1324 finished with values: [-0.012965465749784123, 0.00019549902575477507] and parameters: {'k1': 0.01889771394135163, 'D_low': 70.18267183720735, 'k2': 0.032845299795769396, 'D_high': 2940.51756322311, 'fire_exp': 1.6733848721157607, 'P_half': 2.1570307680573153, 'pre_dampen_half': 0.2888838362365318, 'gpp_af': 0.001111693990724459, 'gpp_b': 0.0005752434266899163, 'gpp_d': 64.20268021730274, 'ign_k': 5.351470428717439, 'ign_c': 20.03995359361212, 'trop_agb_crit': 3.5747129226002423, 'trop_k_veg': 5.774377687181984}.[0m
[32m[I 2026-07-18 18:58:36,489][0m Trial 1325 finished with values: [-0.020552100304668988, 0.0016029971575740598] and parameters: {'k1': 0.07799059237255677, 'D_low': 2.7475448770725444, 'k2': 0.026471946255259393, 'D_high': 2940.51756322311, 'fire_exp': 1.6733848721157607, 'P_half': 86.8530648875492, 'pre_dampen_half': 0.03751320096826995, 'gpp_af': 0.1476584299248268, 'gpp_b': 0.0005752434266899163, 'gpp_d': 0.06743303409035127, 'ign_k': 5.351470428717439, 'ign_c': 20.03995359361212, 'trop_agb_crit': 1.331177446539379, 'trop_k_veg': 0.902411054575325}.[0m
[32m[I 2026-07-18 18:58:36,986][0m Trial 1326 finished with values: [-0.014047723748811386, 0.00734423729959266] and parameters: {'k1': 0.007530210437963516, 'D_low': 2.7475448770725444, 'k2': 0.026471946255259393, 'D_high': 2940.51756322311, 'fire_exp': 1.6733848721157607, 'P_half': 86.8530648875492, 'pre_dampen_half': 104.23598559895889, 'gpp_af': 0.001111693990724459, 'gpp_b': 0.0005752434266899163, 'gpp_d': 0.06743303409035127, 'ign_k': 0.10491246574185645, 'ign_c': 29.690870944846793, 'trop_agb_crit': 1.331177446539379, 'trop_k_veg': 3.1473758868965485}.[0m
[32m[I 2026-07-18 18:58:37,501][0m Trial 1327 finished with values: [-0.6539949085906983, 0.04057157509655951] and parameters: {'k1': 0.03635503353478365, 'D_low': 70.18267183720735, 'k2': 0.012758211164590085, 'D_high': 2940.51756322311, 'fire_exp': 1.6733848721157607, 'P_half': 9.324787201197319, 'pre_dampen_half': 107.40052367919465, 'gpp_af': 0.1476584299248268, 'gpp_b': 0.0005744663972188569, 'gpp_d': 660.9129108295722, 'ign_k': 5.351470428717439, 'ign_c': 20.03995359361212, 'trop_agb_crit': 1.8831909561015436, 'trop_k_veg': 6.9782110227926815}.[0m
[32m[I 2026-07-18 18:58:38,020][0m Trial 1328 finished with values: [-0.0004844626708944915, 2.137300279692056e-05] and parameters: {'k1': 0.01889771394135163, 'D_low': 4.484744524732794, 'k2': 0.0015553851774742168, 'D_high': 7321.544340709298, 'fire_exp': 1.6733848721157607, 'P_half': 712.8188058401365, 'pre_dampen_half': 684.9093205085053, 'gpp_af': 0.0022961065892443786, 'gpp_b': 0.0005752434266899163, 'gpp_d': 0.23073846740741236, 'ign_k': 2.396079612430075, 'ign_c': 30.28574109895626, 'trop_agb_crit': 1.331177446539379, 'trop_k_veg': 1.5922246657536958}.[0m
[32m[I 2026-07-18 18:58:38,534][0m Trial 1329 finished with values: [-0.0012359663707910648, 1.9226414819439874e-05] and parameters: {'k1': 0.007530210437963516, 'D_low': 2.7475448770725444, 'k2': 0.0015553851774742168, 'D_high': 2940.51756322311, 'fire_exp': 3.231633698316772, 'P_half': 224.42820887784595, 'pre_dampen_half': 0.03751320096826995, 'gpp_af': 0.0022961065892443786, 'gpp_b': 0.0005744663972188569, 'gpp_d': 660.9129108295722, 'ign_k': 1.0484531351650956, 'ign_c': 20.03995359361212, 'trop_agb_crit': 1.331177446539379, 'trop_k_veg': 3.49157152291552}.[0m
