[32m[I 2026-07-18 18:52:11,122][0m Trial 532 finished with values: [-0.00023680170263988887, 0.00016176529783928917] and parameters: {'k1': 0.0699458988153545, 'D_low': 355.00125258511594, 'k2': 0.0353875886477924, 'D_high': 774.2116473996249, 'fire_exp': 1.8100179779646608, 'P_half': 712.8188058401365, 'pre_dampen_half': 0.029662981696401067, 'gpp_af': 0.7539992074650282, 'gpp_b': 2.6738182964551835e-05, 'gpp_d': 150.14555442537656, 'ign_k': 0.07087479683081002, 'ign_c': 30.28574109895626, 'trop_agb_crit': 15.961316409649486, 'trop_k_veg': 0.6743482387129308}.[0m
[32m[I 2026-07-18 18:52:11,574][0m Trial 533 finished with values: [-0.0002708072701957449, 7.195399576664929e-05] and parameters: {'k1': 0.041833856821460395, 'D_low': 70.18267183720735, 'k2': 0.032845299795769396, 'D_high': 2940.51756322311, 'fire_exp': 2.878298002135838, 'P_half': 3554.812765190894, 'pre_dampen_half': 7.665128204660192, 'gpp_af': 0.0038488863031271342, 'gpp_b': 6.255968081638362e-05, 'gpp_d': 64.20268021730274, 'ign_k': 0.18697387216131534, 'ign_c': 0.3277320296937064, 'trop_agb_crit': 6.891704535458281, 'trop_k_veg': 3.3819606566552936}.[0m
[32m[I 2026-07-18 18:52:12,026][0m Trial 534 finished with values: [-3.3306284190058142e-06, 7.625805744648773e-07] and parameters: {'k1': 0.011966626407443505, 'D_low': 31.585104499227995, 'k2': 0.032845299795769396, 'D_high': 15351.441568398131, 'fire_exp': 2.61565689708108, 'P_half': 712.8188058401365, 'pre_dampen_half': 0.2128140089453379, 'gpp_af': 0.7539992074650282, 'gpp_b': 1.6204477512064805, 'gpp_d': 21.14381609520636, 'ign_k': 0.48986208235548445, 'ign_c': 20.23326185206641, 'trop_agb_crit': 24.584290528289387, 'trop_k_veg': 0.5772603928610088}.[0m
[32m[I 2026-07-18 18:52:12,479][0m Trial 535 finished with values: [-1.6317117013495217e-09, 8.956632113754637e-08] and parameters: {'k1': 0.00810356796771759, 'D_low': 37.35862630812753, 'k2': 0.0007047307383115598, 'D_high': 1578.0309954142967, 'fire_exp': 3.2181803496180783, 'P_half': 3554.812765190894, 'pre_dampen_half': 7.665128204660192, 'gpp_af': 0.0038488863031271342, 'gpp_b': 0.01666658176842624, 'gpp_d': 8.057329182285729, 'ign_k': 8.708806168038567, 'ign_c': 0.3277320296937064, 'trop_agb_crit': 6.119263728555865, 'trop_k_veg': 3.3819606566552936}.[0m
[32m[I 2026-07-18 18:52:12,935][0m Trial 536 finished with values: [-0.0076983454108256405, 0.014320437288208643] and parameters: {'k1': 0.01889771394135163, 'D_low': 3.4487261314487374, 'k2': 0.0353875886477924, 'D_high': 774.2116473996249, 'fire_exp': 2.100650708889295, 'P_half': 175.2878790340412, 'pre_dampen_half': 107.40052367919465, 'gpp_af': 0.1476584299248268, 'gpp_b': 0.2859164396628515, 'gpp_d': 2.944272359149678, 'ign_k': 0.12329098365270519, 'ign_c': 5.034696988263485, 'trop_agb_crit': 2.4645410377327237, 'trop_k_veg': 0.902411054575325}.[0m
[32m[I 2026-07-18 18:52:13,390][0m Trial 537 finished with values: [-4.98244383359548e-07, 9.903511916875551e-06] and parameters: {'k1': 0.041833856821460395, 'D_low': 4546.192107824457, 'k2': 0.032845299795769396, 'D_high': 61536.58035691659, 'fire_exp': 6.234638880169447, 'P_half': 712.8188058401365, 'pre_dampen_half': 0.2888838362365318, 'gpp_af': 0.6403036652671174, 'gpp_b': 0.0005744663972188569, 'gpp_d': 229.41380323183625, 'ign_k': 5.351470428717439, 'ign_c': 5.130551760589832, 'trop_agb_crit': 24.584290528289387, 'trop_k_veg': 0.5772603928610088}.[0m
[32m[I 2026-07-18 18:52:13,847][0m Trial 538 finished with values: [-0.05641515886642127, 0.005406497428291357] and parameters: {'k1': 0.04541457206426161, 'D_low': 1.9977959434035766, 'k2': 0.0353875886477924, 'D_high': 8182.111518618414, 'fire_exp': 1.6733848721157607, 'P_half': 175.2878790340412, 'pre_dampen_half': 0.2888838362365318, 'gpp_af': 0.01719951378854337, 'gpp_b': 7.007213496896404e-05, 'gpp_d': 150.14555442537656, 'ign_k': 0.12906379659404604, 'ign_c': 0.5342106255632174, 'trop_agb_crit': 1.0903028125370984, 'trop_k_veg': 0.902411054575325}.[0m
[32m[I 2026-07-18 18:52:14,303][0m Trial 539 finished with values: [-0.028443324615812088, 0.0037237337272866267] and parameters: {'k1': 0.004053638704742309, 'D_low': 7.46475488144212, 'k2': 0.0012040762895973265, 'D_high': 61536.58035691659, 'fire_exp': 1.423480109671474, 'P_half': 9.324787201197319, 'pre_dampen_half': 241.6951931920675, 'gpp_af': 0.053663001820106804, 'gpp_b': 0.001683575425554734, 'gpp_d': 8.057329182285729, 'ign_k': 1.0484531351650956, 'ign_c': 30.28574109895626, 'trop_agb_crit': 1.331177446539379, 'trop_k_veg': 1.7664838950757564}.[0m
[32m[I 2026-07-18 18:52:14,758][0m Trial 540 finished with values: [-2.8924379502738736e-06, 3.8069340156932086e-06] and parameters: {'k1': 0.008471801418819975, 'D_low': 37.35862630812753, 'k2': 0.08924795116437421, 'D_high': 1236.6924205139144, 'fire_exp': 2.878298002135838, 'P_half': 3554.812765190894, 'pre_dampen_half': 7.665128204660192, 'gpp_af': 0.0038488863031271342, 'gpp_b': 0.00431329787498825, 'gpp_d': 21.14381609520636, 'ign_k': 0.07091190338709638, 'ign_c': 1.6051347487097574, 'trop_agb_crit': 6.891704535458281, 'trop_k_veg': 3.3819606566552936}.[0m
[32m[I 2026-07-18 18:52:15,211][0m Trial 541 finished with values: [-2.1043793286249325e-06, 1.5058000253365122e-06] and parameters: {'k1': 0.004053638704742309, 'D_low': 3.4487261314487374, 'k2': 0.0007047307383115598, 'D_high': 14.468941663899356, 'fire_exp': 2.494154063094566, 'P_half': 221.2683656611821, 'pre_dampen_half': 0.1875872314533727, 'gpp_af': 2.555721998081809, 'gpp_b': 0.42247700890263673, 'gpp_d': 2.944272359149678, 'ign_k': 5.351470428717439, 'ign_c': 20.23326185206641, 'trop_agb_crit': 1.285305820648146, 'trop_k_veg': 0.5772603928610088}.[0m
[32m[I 2026-07-18 18:52:15,667][0m Trial 542 finished with values: [-1.7649682782528565e-05, 3.0140722517835172e-05] and parameters: {'k1': 0.04541457206426161, 'D_low': 31.585104499227995, 'k2': 0.015827817125573202, 'D_high': 29812.370697208808, 'fire_exp': 3.2181803496180783, 'P_half': 3554.812765190894, 'pre_dampen_half': 0.03751320096826995, 'gpp_af': 0.27997858752477867, 'gpp_b': 7.007213496896404e-05, 'gpp_d': 8.057329182285729, 'ign_k': 8.708806168038567, 'ign_c': 0.1948891005130867, 'trop_agb_crit': 6.119263728555865, 'trop_k_veg': 4.9897488945787245}.[0m
[32m[I 2026-07-18 18:52:16,122][0m Trial 543 finished with values: [-5.366094163917647e-06, 3.199309413959295e-05] and parameters: {'k1': 0.041833856821460395, 'D_low': 7.46475488144212, 'k2': 0.032845299795769396, 'D_high': 2940.51756322311, 'fire_exp': 1.450870712623418, 'P_half': 712.8188058401365, 'pre_dampen_half': 3.3841016089580047, 'gpp_af': 0.10409127568994281, 'gpp_b': 3.083723329640505, 'gpp_d': 64.20268021730274, 'ign_k': 0.48986208235548445, 'ign_c': 15.221840161091619, 'trop_agb_crit': 7.499945891579917, 'trop_k_veg': 0.902411054575325}.[0m
[32m[I 2026-07-18 18:52:16,574][0m Trial 544 finished with values: [-0.0007837425277844283, 4.416949525920533e-05] and parameters: {'k1': 0.02938501958389821, 'D_low': 70.18267183720735, 'k2': 0.00035868164986275477, 'D_high': 45914.85216740541, 'fire_exp': 1.423480109671474, 'P_half': 3554.812765190894, 'pre_dampen_half': 0.011501973785501987, 'gpp_af': 0.001111693990724459, 'gpp_b': 7.007213496896404e-05, 'gpp_d': 64.20268021730274, 'ign_k': 5.351470428717439, 'ign_c': 20.03995359361212, 'trop_agb_crit': 1.331177446539379, 'trop_k_veg': 3.49157152291552}.[0m
[32m[I 2026-07-18 18:52:17,028][0m Trial 545 finished with values: [-0.05353872266592, 0.005226505405877102] and parameters: {'k1': 0.01889771394135163, 'D_low': 70.18267183720735, 'k2': 0.00035868164986275477, 'D_high': 8182.111518618414, 'fire_exp': 1.6733848721157607, 'P_half': 9.324787201197319, 'pre_dampen_half': 0.2888838362365318, 'gpp_af': 0.01719951378854337, 'gpp_b': 0.0005623095666134974, 'gpp_d': 6.283500537123675, 'ign_k': 0.6024590664672947, 'ign_c': 5.130551760589832, 'trop_agb_crit': 7.599113148200974, 'trop_k_veg': 0.6743482387129308}.[0m
[32m[I 2026-07-18 18:52:17,481][0m Trial 546 finished with values: [-0.03934936372535064, 0.004608227503360651] and parameters: {'k1': 0.01889771394135163, 'D_low': 70.18267183720735, 'k2': 0.0007047307383115598, 'D_high': 61536.58035691659, 'fire_exp': 1.423480109671474, 'P_half': 712.8188058401365, 'pre_dampen_half': 3.3841016089580047, 'gpp_af': 0.001111693990724459, 'gpp_b': 1.598364670380439e-05, 'gpp_d': 64.20268021730274, 'ign_k': 0.20639617012599235, 'ign_c': 20.03995359361212, 'trop_agb_crit': 7.499945891579917, 'trop_k_veg': 0.902411054575325}.[0m
[32m[I 2026-07-18 18:52:17,935][0m Trial 547 finished with values: [-3.165085014708997e-10, 2.4246604723998644e-11] and parameters: {'k1': 0.011966626407443505, 'D_low': 70.18267183720735, 'k2': 0.0005342937261279771, 'D_high': 60107.420288647445, 'fire_exp': 3.5637467870629145, 'P_half': 712.8188058401365, 'pre_dampen_half': 107.40052367919465, 'gpp_af': 0.6403036652671174, 'gpp_b': 3.083723329640505, 'gpp_d': 64.20268021730274, 'ign_k': 8.708806168038567, 'ign_c': 30.28574109895626, 'trop_agb_crit': 1.331177446539379, 'trop_k_veg': 3.1473758868965485}.[0m
[32m[I 2026-07-18 18:52:18,396][0m Trial 548 finished with values: [-1.0751688180862208e-11, 1.4631604816628396e-09] and parameters: {'k1': 0.004053638704742309, 'D_low': 70.18267183720735, 'k2': 0.012758211164590085, 'D_high': 568.1482545113266, 'fire_exp': 5.311995034756393, 'P_half': 712.8188058401365, 'pre_dampen_half': 3.3841016089580047, 'gpp_af': 0.7539992074650282, 'gpp_b': 3.083723329640505, 'gpp_d': 21.14381609520636, 'ign_k': 5.351470428717439, 'ign_c': 15.221840161091619, 'trop_agb_crit': 7.499945891579917, 'trop_k_veg': 0.902411054575325}.[0m
[32m[I 2026-07-18 18:52:18,851][0m Trial 549 finished with values: [-1.6053171304609998e-06, 2.601504350829842e-06] and parameters: {'k1': 0.0012056765208549535, 'D_low': 70.18267183720735, 'k2': 0.00035868164986275477, 'D_high': 29812.370697208808, 'fire_exp': 3.066683393418824, 'P_half': 3116.6852978784937, 'pre_dampen_half': 0.011501973785501987, 'gpp_af': 0.1476584299248268, 'gpp_b': 0.0005752434266899163, 'gpp_d': 660.9129108295722, 'ign_k': 4.006890332238655, 'ign_c': 20.03995359361212, 'trop_agb_crit': 1.331177446539379, 'trop_k_veg': 1.609802507336941}.[0m
[32m[I 2026-07-18 18:52:19,307][0m Trial 550 finished with values: [-2.313350579929443e-08, 1.128234539626849e-05] and parameters: {'k1': 2.316457903103837e-05, 'D_low': 70.18267183720735, 'k2': 0.00035868164986275477, 'D_high': 8182.111518618414, 'fire_exp': 1.0629462657398439, 'P_half': 3554.812765190894, 'pre_dampen_half': 4.187466509282844, 'gpp_af': 0.001111693990724459, 'gpp_b': 0.42247700890263673, 'gpp_d': 6.283500537123675, 'ign_k': 0.12329098365270519, 'ign_c': 0.5342106255632174, 'trop_agb_crit': 1.331177446539379, 'trop_k_veg': 3.49157152291552}.[0m
[32m[I 2026-07-18 18:52:19,761][0m Trial 551 finished with values: [-1.6001913362198276e-07, 3.9527908612946305e-08] and parameters: {'k1': 0.0699458988153545, 'D_low': 31.585104499227995, 'k2': 0.00035868164986275477, 'D_high': 60107.420288647445, 'fire_exp': 6.234638880169447, 'P_half': 712.8188058401365, 'pre_dampen_half': 0.011501973785501987, 'gpp_af': 0.2901272149738624, 'gpp_b': 0.2272730825106818, 'gpp_d': 757.2868182332339, 'ign_k': 0.12906379659404604, 'ign_c': 1.958059531975039, 'trop_agb_crit': 1.331177446539379, 'trop_k_veg': 0.6743482387129308}.[0m
[32m[I 2026-07-18 18:52:20,215][0m Trial 552 finished with values: [-2.960641520849368e-06, 1.214987706443793e-06] and parameters: {'k1': 0.011966626407443505, 'D_low': 7.46475488144212, 'k2': 0.0001280298359290444, 'D_high': 61536.58035691659, 'fire_exp': 1.423480109671474, 'P_half': 712.8188058401365, 'pre_dampen_half': 107.40052367919465, 'gpp_af': 0.6403036652671174, 'gpp_b': 3.083723329640505, 'gpp_d': 64.20268021730274, 'ign_k': 5.351470428717439, 'ign_c': 30.28574109895626, 'trop_agb_crit': 1.331177446539379, 'trop_k_veg': 3.1473758868965485}.[0m
[32m[I 2026-07-18 18:52:20,674][0m Trial 553 finished with values: [-0.0004348572736623156, 3.167823897187727e-05] and parameters: {'k1': 0.011966626407443505, 'D_low': 7.299348683062307, 'k2': 0.0007047307383115598, 'D_high': 25628.666000163565, 'fire_exp': 2.61565689708108, 'P_half': 234.09994646132157, 'pre_dampen_half': 0.2128140089453379, 'gpp_af': 36.46000535317359, 'gpp_b': 0.2272730825106818, 'gpp_d': 660.9129108295722, 'ign_k': 8.708806168038567, 'ign_c': 30.28574109895626, 'trop_agb_crit': 7.499945891579917, 'trop_k_veg': 0.5772603928610088}.[0m
[32m[I 2026-07-18 18:52:21,132][0m Trial 554 finished with values: [-0.1278142138113845, 0.010889096171248669] and parameters: {'k1': 0.041833856821460395, 'D_low': 6.96063331852638, 'k2': 0.026471946255259393, 'D_high': 3712.591045287733, 'fire_exp': 1.0629462657398439, 'P_half': 310.3604223881657, 'pre_dampen_half': 0.5682966065442919, 'gpp_af': 0.7539992074650282, 'gpp_b': 0.0021331409710300844, 'gpp_d': 21.14381609520636, 'ign_k': 0.48986208235548445, 'ign_c': 15.221840161091619, 'trop_agb_crit': 24.584290528289387, 'trop_k_veg': 0.6743482387129308}.[0m
[32m[I 2026-07-18 18:52:21,587][0m Trial 555 finished with values: [-1.5247838341559689e-05, 6.6699205104603365e-06] and parameters: {'k1': 0.00016480446427978953, 'D_low': 335.92388193960346, 'k2': 0.0007047307383115598, 'D_high': 8182.111518618414, 'fire_exp': 2.667972213959779, 'P_half': 712.8188058401365, 'pre_dampen_half': 0.2888838362365318, 'gpp_af': 0.7539992074650282, 'gpp_b': 0.2272730825106818, 'gpp_d': 229.41380323183625, 'ign_k': 3.5891558714508416, 'ign_c': 5.130551760589832, 'trop_agb_crit': 1.0903028125370984, 'trop_k_veg': 0.5772603928610088}.[0m
[32m[I 2026-07-18 18:52:22,040][0m Trial 556 finished with values: [-0.010325299997945478, 0.0007326369929832044] and parameters: {'k1': 0.07799059237255677, 'D_low': 7.46475488144212, 'k2': 0.0005342937261279771, 'D_high': 8559.572793311803, 'fire_exp': 1.423480109671474, 'P_half': 712.8188058401365, 'pre_dampen_half': 0.2888838362365318, 'gpp_af': 2.6003623362924246, 'gpp_b': 0.42247700890263673, 'gpp_d': 229.41380323183625, 'ign_k': 5.351470428717439, 'ign_c': 5.130551760589832, 'trop_agb_crit': 1.6878075072665546, 'trop_k_veg': 0.5772603928610088}.[0m
[32m[I 2026-07-18 18:52:22,495][0m Trial 557 finished with values: [-3.580631112929211e-05, 9.353763218866717e-06] and parameters: {'k1': 0.04541457206426161, 'D_low': 3.4487261314487374, 'k2': 0.0007047307383115598, 'D_high': 61536.58035691659, 'fire_exp': 1.6733848721157607, 'P_half': 7126.727573532312, 'pre_dampen_half': 0.011501973785501987, 'gpp_af': 2.555721998081809, 'gpp_b': 0.2272730825106818, 'gpp_d': 229.41380323183625, 'ign_k': 0.12906379659404604, 'ign_c': 5.130551760589832, 'trop_agb_crit': 1.285305820648146, 'trop_k_veg': 0.8674561439130763}.[0m
[32m[I 2026-07-18 18:52:22,949][0m Trial 558 finished with values: [-2.529780933868289e-05, 5.596432236742999e-06] and parameters: {'k1': 2.316457903103837e-05, 'D_low': 31.585104499227995, 'k2': 0.00035868164986275477, 'D_high': 29812.370697208808, 'fire_exp': 1.6733848721157607, 'P_half': 3554.812765190894, 'pre_dampen_half': 0.011501973785501987, 'gpp_af': 0.00515795696727661, 'gpp_b': 0.0005744663972188569, 'gpp_d': 64.20268021730274, 'ign_k': 0.48986208235548445, 'ign_c': 20.23326185206641, 'trop_agb_crit': 1.331177446539379, 'trop_k_veg': 3.49157152291552}.[0m
[32m[I 2026-07-18 18:52:23,407][0m Trial 559 finished with values: [-0.055669426157469934, 0.01877557097884308] and parameters: {'k1': 0.01889771394135163, 'D_low': 355.00125258511594, 'k2': 0.0018170401889219116, 'D_high': 8182.111518618414, 'fire_exp': 1.353841071397002, 'P_half': 9.324787201197319, 'pre_dampen_half': 0.029662981696401067, 'gpp_af': 0.7539992074650282, 'gpp_b': 0.0005623095666134974, 'gpp_d': 0.3934396739328545, 'ign_k': 2.396079612430075, 'ign_c': 5.130551760589832, 'trop_agb_crit': 7.599113148200974, 'trop_k_veg': 6.9782110227926815}.[0m
[32m[I 2026-07-18 18:52:23,859][0m Trial 560 finished with values: [-1.2492771972390809e-15, 1.7557955089841926e-11] and parameters: {'k1': 0.007299613382801458, 'D_low': 1.3577269394141454, 'k2': 0.0353875886477924, 'D_high': 1578.0309954142967, 'fire_exp': 2.61565689708108, 'P_half': 3554.812765190894, 'pre_dampen_half': 0.2128140089453379, 'gpp_af': 0.0038488863031271342, 'gpp_b': 0.42247700890263673, 'gpp_d': 64.20268021730274, 'ign_k': 1.0484531351650956, 'ign_c': 0.7068974950624601, 'trop_agb_crit': 7.499945891579917, 'trop_k_veg': 0.902411054575325}.[0m
[32m[I 2026-07-18 18:52:24,317][0m Trial 561 finished with values: [-0.16886792395224592, 0.058657829202242606] and parameters: {'k1': 0.041833856821460395, 'D_low': 4.484744524732794, 'k2': 0.012758211164590085, 'D_high': 25628.666000163565, 'fire_exp': 1.165368636520435, 'P_half': 12.808863354047988, 'pre_dampen_half': 0.5682966065442919, 'gpp_af': 0.10409127568994281, 'gpp_b': 6.369295096609023e-05, 'gpp_d': 350.88322284755304, 'ign_k': 0.48986208235548445, 'ign_c': 20.03995359361212, 'trop_agb_crit': 1.553492793799819, 'trop_k_veg': 0.5772603928610088}.[0m
[32m[I 2026-07-18 18:52:24,772][0m Trial 562 finished with values: [-1.3962277356543756e-05, 1.1023759987960347e-05] and parameters: {'k1': 0.00016480446427978953, 'D_low': 7.46475488144212, 'k2': 0.026471946255259393, 'D_high': 61536.58035691659, 'fire_exp': 1.423480109671474, 'P_half': 5.232779509048979, 'pre_dampen_half': 3.3841016089580047, 'gpp_af': 0.10409127568994281, 'gpp_b': 0.08128322984179755, 'gpp_d': 64.20268021730274, 'ign_k': 5.351470428717439, 'ign_c': 30.28574109895626, 'trop_agb_crit': 7.499945891579917, 'trop_k_veg': 0.902411054575325}.[0m
[32m[I 2026-07-18 18:52:25,227][0m Trial 563 finished with values: [-7.159717173020136e-07, 0.00011452206368067763] and parameters: {'k1': 0.041833856821460395, 'D_low': 70.18267183720735, 'k2': 7.91442361215536e-05, 'D_high': 774.2116473996249, 'fire_exp': 1.450870712623418, 'P_half': 712.8188058401365, 'pre_dampen_half': 107.40052367919465, 'gpp_af': 0.06002934191396867, 'gpp_b': 3.083723329640505, 'gpp_d': 21.14381609520636, 'ign_k': 0.07091190338709638, 'ign_c': 1.6051347487097574, 'trop_agb_crit': 1.331177446539379, 'trop_k_veg': 4.4644194212034}.[0m
[32m[I 2026-07-18 18:52:25,696][0m Trial 564 finished with values: [-2.0000000000000005e-60, 0.0] and parameters: {'k1': 0.011966626407443505, 'D_low': 70.18267183720735, 'k2': 0.00035868164986275477, 'D_high': 774.2116473996249, 'fire_exp': 3.5637467870629145, 'P_half': 3554.812765190894, 'pre_dampen_half': 107.40052367919465, 'gpp_af': 0.0038793182938363898, 'gpp_b': 3.083723329640505, 'gpp_d': 64.20268021730274, 'ign_k': 0.12906379659404604, 'ign_c': 20.23326185206641, 'trop_agb_crit': 1.331177446539379, 'trop_k_veg': 3.49157152291552}.[0m
[32m[I 2026-07-18 18:52:26,159][0m Trial 565 finished with values: [-0.02512604282576902, 0.006827821223659769] and parameters: {'k1': 0.041833856821460395, 'D_low': 8.916066514644358, 'k2': 0.012758211164590085, 'D_high': 25628.666000163565, 'fire_exp': 1.165368636520435, 'P_half': 712.8188058401365, 'pre_dampen_half': 24.551654436784784, 'gpp_af': 0.7539992074650282, 'gpp_b': 0.0005744663972188569, 'gpp_d': 64.20268021730274, 'ign_k': 1.0484531351650956, 'ign_c': 30.28574109895626, 'trop_agb_crit': 7.499945891579917, 'trop_k_veg': 0.902411054575325}.[0m
[32m[I 2026-07-18 18:52:26,618][0m Trial 566 finished with values: [-0.23974041237637012, 0.2195218933140194] and parameters: {'k1': 0.041833856821460395, 'D_low': 4.484744524732794, 'k2': 0.032845299795769396, 'D_high': 774.2116473996249, 'fire_exp': 1.450870712623418, 'P_half': 220.3445560633069, 'pre_dampen_half': 719.4083432823455, 'gpp_af': 0.00515795696727661, 'gpp_b': 0.0005744663972188569, 'gpp_d': 21.14381609520636, 'ign_k': 0.0020161527752598613, 'ign_c': 30.28574109895626, 'trop_agb_crit': 24.584290528289387, 'trop_k_veg': 0.5772603928610088}.[0m
  trial  567/2500  pareto_size=29  best_taylor=0.7247  best_ilamb=0.5954  (4.4 min)
[32m[I 2026-07-18 18:52:27,176][0m Trial 567 finished with values: [-0.026830985435355465, 0.028016649873297994] and parameters: {'k1': 0.0012056765208549535, 'D_low': 7.299348683062307, 'k2': 0.0005342937261279771, 'D_high': 25628.666000163565, 'fire_exp': 1.165368636520435, 'P_half': 5.29551022369202, 'pre_dampen_half': 0.2128140089453379, 'gpp_af': 0.2901272149738624, 'gpp_b': 0.0005392415140872105, 'gpp_d': 660.9129108295722, 'ign_k': 0.006290644294586149, 'ign_c': 30.28574109895626, 'trop_agb_crit': 1.553492793799819, 'trop_k_veg': 0.902411054575325}.[0m
[32m[I 2026-07-18 18:52:27,632][0m Trial 568 finished with values: [-0.05107055021938602, 0.018948433621285843] and parameters: {'k1': 0.004312951023617458, 'D_low': 31.585104499227995, 'k2': 0.0001971137615017176, 'D_high': 78.57247967427125, 'fire_exp': 1.0629462657398439, 'P_half': 3554.812765190894, 'pre_dampen_half': 502.5175192217655, 'gpp_af': 0.27997858752477867, 'gpp_b': 0.0021331409710300844, 'gpp_d': 150.14555442537656, 'ign_k': 8.708806168038567, 'ign_c': 15.221840161091619, 'trop_agb_crit': 1.285305820648146, 'trop_k_veg': 2.5878603012249104}.[0m
[32m[I 2026-07-18 18:52:28,085][0m Trial 569 finished with values: [-1.2247461328089499e-08, 2.0041118542479808e-08] and parameters: {'k1': 0.00016480446427978953, 'D_low': 70.18267183720735, 'k2': 7.91442361215536e-05, 'D_high': 61536.58035691659, 'fire_exp': 1.423480109671474, 'P_half': 712.8188058401365, 'pre_dampen_half': 0.2888838362365318, 'gpp_af': 0.6403036652671174, 'gpp_b': 3.083723329640505, 'gpp_d': 64.20268021730274, 'ign_k': 8.708806168038567, 'ign_c': 30.28574109895626, 'trop_agb_crit': 1.331177446539379, 'trop_k_veg': 3.1473758868965485}.[0m
