[32m[I 2026-07-18 18:52:46,394][0m Trial 608 finished with values: [-0.0016071817947832584, 0.0009970685117078881] and parameters: {'k1': 0.011966626407443505, 'D_low': 31.585104499227995, 'k2': 0.032845299795769396, 'D_high': 15351.441568398131, 'fire_exp': 1.2611826901294014, 'P_half': 3554.812765190894, 'pre_dampen_half': 0.029662981696401067, 'gpp_af': 0.6403036652671174, 'gpp_b': 0.0005744663972188569, 'gpp_d': 0.3934396739328545, 'ign_k': 0.48986208235548445, 'ign_c': 20.23326185206641, 'trop_agb_crit': 15.961316409649486, 'trop_k_veg': 3.1473758868965485}.[0m
[32m[I 2026-07-18 18:52:46,864][0m Trial 609 finished with values: [-0.00023600879286557862, 2.649996117987108e-05] and parameters: {'k1': 0.01889771394135163, 'D_low': 31.585104499227995, 'k2': 0.032845299795769396, 'D_high': 15351.441568398131, 'fire_exp': 1.450870712623418, 'P_half': 3554.812765190894, 'pre_dampen_half': 0.011501973785501987, 'gpp_af': 0.006842417023266609, 'gpp_b': 0.0005744663972188569, 'gpp_d': 21.14381609520636, 'ign_k': 0.12906379659404604, 'ign_c': 20.23326185206641, 'trop_agb_crit': 24.584290528289387, 'trop_k_veg': 6.9782110227926815}.[0m
  trial  610/2500  pareto_size=27  best_taylor=0.7247  best_ilamb=0.5954  (4.7 min)
[32m[I 2026-07-18 18:52:47,418][0m Trial 610 finished with values: [-5.878411650655226e-11, 1.1844911274039305e-08] and parameters: {'k1': 0.04541457206426161, 'D_low': 1.9977959434035766, 'k2': 0.00035868164986275477, 'D_high': 8182.111518618414, 'fire_exp': 1.6733848721157607, 'P_half': 712.8188058401365, 'pre_dampen_half': 0.2888838362365318, 'gpp_af': 0.01719951378854337, 'gpp_b': 3.083723329640505, 'gpp_d': 150.14555442537656, 'ign_k': 0.12906379659404604, 'ign_c': 15.221840161091619, 'trop_agb_crit': 1.0903028125370984, 'trop_k_veg': 0.6743482387129308}.[0m
[32m[I 2026-07-18 18:52:47,885][0m Trial 611 finished with values: [-0.00965243625782052, 0.0004813618792558483] and parameters: {'k1': 0.007530210437963516, 'D_low': 70.18267183720735, 'k2': 0.012758211164590085, 'D_high': 774.2116473996249, 'fire_exp': 1.471022163879199, 'P_half': 712.8188058401365, 'pre_dampen_half': 0.03751320096826995, 'gpp_af': 0.0038793182938363898, 'gpp_b': 1.6596960546180327e-05, 'gpp_d': 2.944272359149678, 'ign_k': 8.708806168038567, 'ign_c': 15.221840161091619, 'trop_agb_crit': 3.5747129226002423, 'trop_k_veg': 6.9782110227926815}.[0m
[32m[I 2026-07-18 18:52:48,358][0m Trial 612 finished with values: [-0.05908757588220582, 0.05582667330443092] and parameters: {'k1': 2.316457903103837e-05, 'D_low': 173.2186836611753, 'k2': 0.00035868164986275477, 'D_high': 45914.85216740541, 'fire_exp': 1.423480109671474, 'P_half': 12.808863354047988, 'pre_dampen_half': 0.2128140089453379, 'gpp_af': 4.80850503715675, 'gpp_b': 7.007213496896404e-05, 'gpp_d': 21.14381609520636, 'ign_k': 5.351470428717439, 'ign_c': 15.221840161091619, 'trop_agb_crit': 1.331177446539379, 'trop_k_veg': 3.49157152291552}.[0m
[32m[I 2026-07-18 18:52:48,831][0m Trial 613 finished with values: [-9.475225119930994e-06, 5.442693176982427e-05] and parameters: {'k1': 0.011966626407443505, 'D_low': 70.18267183720735, 'k2': 7.91442361215536e-05, 'D_high': 4520.829315376825, 'fire_exp': 1.423480109671474, 'P_half': 3554.812765190894, 'pre_dampen_half': 0.011501973785501987, 'gpp_af': 0.6403036652671174, 'gpp_b': 7.007213496896404e-05, 'gpp_d': 64.20268021730274, 'ign_k': 8.708806168038567, 'ign_c': 30.28574109895626, 'trop_agb_crit': 1.331177446539379, 'trop_k_veg': 3.1473758868965485}.[0m
[32m[I 2026-07-18 18:52:49,303][0m Trial 614 finished with values: [-2.0000000000000005e-60, 0.0] and parameters: {'k1': 0.01889771394135163, 'D_low': 70.18267183720735, 'k2': 0.00035868164986275477, 'D_high': 29812.370697208808, 'fire_exp': 6.234638880169447, 'P_half': 712.8188058401365, 'pre_dampen_half': 0.011501973785501987, 'gpp_af': 0.0038793182938363898, 'gpp_b': 0.2272730825106818, 'gpp_d': 64.20268021730274, 'ign_k': 0.12906379659404604, 'ign_c': 5.130551760589832, 'trop_agb_crit': 1.331177446539379, 'trop_k_veg': 0.6743482387129308}.[0m
[32m[I 2026-07-18 18:52:49,767][0m Trial 615 finished with values: [-3.4611999326196506e-07, 5.9917903960649e-07] and parameters: {'k1': 2.316457903103837e-05, 'D_low': 31.585104499227995, 'k2': 0.00035868164986275477, 'D_high': 29812.370697208808, 'fire_exp': 1.6733848721157607, 'P_half': 3554.812765190894, 'pre_dampen_half': 0.011501973785501987, 'gpp_af': 0.0038793182938363898, 'gpp_b': 0.006906522645653115, 'gpp_d': 64.20268021730274, 'ign_k': 0.12906379659404604, 'ign_c': 20.23326185206641, 'trop_agb_crit': 1.331177446539379, 'trop_k_veg': 3.49157152291552}.[0m
[32m[I 2026-07-18 18:52:50,242][0m Trial 616 finished with values: [-8.245852212750477e-05, 2.847343412260006e-05] and parameters: {'k1': 0.011966626407443505, 'D_low': 70.18267183720735, 'k2': 7.91442361215536e-05, 'D_high': 61536.58035691659, 'fire_exp': 1.423480109671474, 'P_half': 712.8188058401365, 'pre_dampen_half': 0.17224846962214363, 'gpp_af': 0.6403036652671174, 'gpp_b': 3.083723329640505, 'gpp_d': 8.057329182285729, 'ign_k': 1.0484531351650956, 'ign_c': 7.916322947490362, 'trop_agb_crit': 17.65802440745555, 'trop_k_veg': 3.1473758868965485}.[0m
[32m[I 2026-07-18 18:52:50,716][0m Trial 617 finished with values: [-6.938250388846422e-19, 0.0] and parameters: {'k1': 0.03635503353478365, 'D_low': 70.18267183720735, 'k2': 0.032845299795769396, 'D_high': 15351.441568398131, 'fire_exp': 2.61565689708108, 'P_half': 712.8188058401365, 'pre_dampen_half': 0.1875872314533727, 'gpp_af': 0.0022961065892443786, 'gpp_b': 1.6204477512064805, 'gpp_d': 106.74579222939717, 'ign_k': 0.48986208235548445, 'ign_c': 20.23326185206641, 'trop_agb_crit': 24.584290528289387, 'trop_k_veg': 0.5772603928610088}.[0m
[32m[I 2026-07-18 18:52:51,197][0m Trial 618 finished with values: [-1.3701340144377597e-12, 2.914615548910149e-09] and parameters: {'k1': 0.0012056765208549535, 'D_low': 70.18267183720735, 'k2': 0.015827817125573202, 'D_high': 146.1896279370497, 'fire_exp': 3.2181803496180783, 'P_half': 3554.812765190894, 'pre_dampen_half': 0.2888838362365318, 'gpp_af': 0.27997858752477867, 'gpp_b': 0.42247700890263673, 'gpp_d': 8.057329182285729, 'ign_k': 8.708806168038567, 'ign_c': 20.23326185206641, 'trop_agb_crit': 6.119263728555865, 'trop_k_veg': 0.902411054575325}.[0m
[32m[I 2026-07-18 18:52:51,675][0m Trial 619 finished with values: [-2.7753442133682955e-06, 1.478555300638007e-06] and parameters: {'k1': 0.01889771394135163, 'D_low': 70.18267183720735, 'k2': 0.00035868164986275477, 'D_high': 29812.370697208808, 'fire_exp': 1.6733848721157607, 'P_half': 712.8188058401365, 'pre_dampen_half': 0.011501973785501987, 'gpp_af': 0.0038793182938363898, 'gpp_b': 0.03251817668093068, 'gpp_d': 64.20268021730274, 'ign_k': 0.12906379659404604, 'ign_c': 5.130551760589832, 'trop_agb_crit': 1.331177446539379, 'trop_k_veg': 6.9782110227926815}.[0m
[32m[I 2026-07-18 18:52:52,158][0m Trial 620 finished with values: [-1.0611241869060256e-06, 1.2399508797611425e-05] and parameters: {'k1': 0.011966626407443505, 'D_low': 2972.248537653567, 'k2': 7.91442361215536e-05, 'D_high': 29812.370697208808, 'fire_exp': 1.6733848721157607, 'P_half': 3554.812765190894, 'pre_dampen_half': 0.011501973785501987, 'gpp_af': 0.6403036652671174, 'gpp_b': 0.006906522645653115, 'gpp_d': 0.10695622106010433, 'ign_k': 8.708806168038567, 'ign_c': 20.23326185206641, 'trop_agb_crit': 1.331177446539379, 'trop_k_veg': 3.49157152291552}.[0m
[32m[I 2026-07-18 18:52:52,624][0m Trial 621 finished with values: [-4.703830246655125e-12, 1.5058011504365254e-09] and parameters: {'k1': 0.04541457206426161, 'D_low': 70.18267183720735, 'k2': 0.0007047307383115598, 'D_high': 61536.58035691659, 'fire_exp': 1.6733848721157607, 'P_half': 7126.727573532312, 'pre_dampen_half': 0.011501973785501987, 'gpp_af': 0.0038793182938363898, 'gpp_b': 0.2272730825106818, 'gpp_d': 64.20268021730274, 'ign_k': 0.002803357452303278, 'ign_c': 1.1994950112756757, 'trop_agb_crit': 1.285305820648146, 'trop_k_veg': 0.8674561439130763}.[0m
[32m[I 2026-07-18 18:52:53,085][0m Trial 622 finished with values: [-0.00018966079717262058, 5.1441930427276183e-05] and parameters: {'k1': 1.6917937817342654e-05, 'D_low': 1.9977959434035766, 'k2': 0.026471946255259393, 'D_high': 8182.111518618414, 'fire_exp': 1.6733848721157607, 'P_half': 712.8188058401365, 'pre_dampen_half': 0.2888838362365318, 'gpp_af': 0.7539992074650282, 'gpp_b': 0.42247700890263673, 'gpp_d': 150.14555442537656, 'ign_k': 0.12906379659404604, 'ign_c': 5.130551760589832, 'trop_agb_crit': 1.0903028125370984, 'trop_k_veg': 0.6743482387129308}.[0m
[32m[I 2026-07-18 18:52:53,550][0m Trial 623 finished with values: [-8.113129096777886e-06, 3.567321808395363e-06] and parameters: {'k1': 2.316457903103837e-05, 'D_low': 355.00125258511594, 'k2': 0.00035868164986275477, 'D_high': 29812.370697208808, 'fire_exp': 1.6733848721157607, 'P_half': 221.2683656611821, 'pre_dampen_half': 0.011501973785501987, 'gpp_af': 0.0038793182938363898, 'gpp_b': 0.015382154459808445, 'gpp_d': 757.2868182332339, 'ign_k': 0.12329098365270519, 'ign_c': 5.130551760589832, 'trop_agb_crit': 1.331177446539379, 'trop_k_veg': 3.49157152291552}.[0m
[32m[I 2026-07-18 18:52:54,014][0m Trial 624 finished with values: [-0.6122778378907727, 0.28211417008484563] and parameters: {'k1': 0.004312951023617458, 'D_low': 1.9977959434035766, 'k2': 0.026471946255259393, 'D_high': 3712.591045287733, 'fire_exp': 1.0629462657398439, 'P_half': 712.8188058401365, 'pre_dampen_half': 481.9793830934018, 'gpp_af': 0.6403036652671174, 'gpp_b': 0.0021331409710300844, 'gpp_d': 150.14555442537656, 'ign_k': 3.5891558714508416, 'ign_c': 5.130551760589832, 'trop_agb_crit': 1.6878075072665546, 'trop_k_veg': 1.7664838950757564}.[0m
[32m[I 2026-07-18 18:52:54,472][0m Trial 625 finished with values: [-0.019572696444233775, 0.0019618646065723278] and parameters: {'k1': 0.04541457206426161, 'D_low': 7.299348683062307, 'k2': 0.012758211164590085, 'D_high': 2940.51756322311, 'fire_exp': 1.6733848721157607, 'P_half': 712.8188058401365, 'pre_dampen_half': 0.1875872314533727, 'gpp_af': 0.10409127568994281, 'gpp_b': 0.00012379625135997558, 'gpp_d': 660.9129108295722, 'ign_k': 1.0484531351650956, 'ign_c': 5.130551760589832, 'trop_agb_crit': 2.1861040860339416, 'trop_k_veg': 0.5772603928610088}.[0m
[32m[I 2026-07-18 18:52:54,930][0m Trial 626 finished with values: [-8.685991584339967e-19, 0.0] and parameters: {'k1': 0.04541457206426161, 'D_low': 7.299348683062307, 'k2': 0.00035868164986275477, 'D_high': 29812.370697208808, 'fire_exp': 2.561257322703973, 'P_half': 3554.812765190894, 'pre_dampen_half': 0.2888838362365318, 'gpp_af': 0.0038793182938363898, 'gpp_b': 0.42247700890263673, 'gpp_d': 757.2868182332339, 'ign_k': 8.708806168038567, 'ign_c': 30.28574109895626, 'trop_agb_crit': 3.799798565960999, 'trop_k_veg': 4.9897488945787245}.[0m
[32m[I 2026-07-18 18:52:55,401][0m Trial 627 finished with values: [-0.3930095398531135, 0.19329099581158626] and parameters: {'k1': 0.04541457206426161, 'D_low': 1.9977959434035766, 'k2': 0.00035868164986275477, 'D_high': 8182.111518618414, 'fire_exp': 1.6733848721157607, 'P_half': 712.8188058401365, 'pre_dampen_half': 502.5175192217655, 'gpp_af': 0.01719951378854337, 'gpp_b': 0.0021331409710300844, 'gpp_d': 150.14555442537656, 'ign_k': 3.5891558714508416, 'ign_c': 5.130551760589832, 'trop_agb_crit': 24.584290528289387, 'trop_k_veg': 0.6743482387129308}.[0m
[32m[I 2026-07-18 18:52:55,866][0m Trial 628 finished with values: [-0.002441163852753023, 0.00010166775195008526] and parameters: {'k1': 0.04541457206426161, 'D_low': 31.585104499227995, 'k2': 0.00035868164986275477, 'D_high': 61536.58035691659, 'fire_exp': 3.5637467870629145, 'P_half': 712.8188058401365, 'pre_dampen_half': 0.17224846962214363, 'gpp_af': 0.0038793182938363898, 'gpp_b': 7.007213496896404e-05, 'gpp_d': 8.057329182285729, 'ign_k': 1.0484531351650956, 'ign_c': 0.1948891005130867, 'trop_agb_crit': 1.6878075072665546, 'trop_k_veg': 4.9897488945787245}.[0m
[32m[I 2026-07-18 18:52:56,342][0m Trial 629 finished with values: [-0.0007438230025254071, 4.258619295038901e-05] and parameters: {'k1': 0.041833856821460395, 'D_low': 31.585104499227995, 'k2': 0.032845299795769396, 'D_high': 3712.591045287733, 'fire_exp': 1.450870712623418, 'P_half': 1.4367266998250416, 'pre_dampen_half': 0.5682966065442919, 'gpp_af': 0.00515795696727661, 'gpp_b': 0.0005744663972188569, 'gpp_d': 0.04078961160746155, 'ign_k': 0.48986208235548445, 'ign_c': 30.28574109895626, 'trop_agb_crit': 24.584290528289387, 'trop_k_veg': 1.7517490491468353}.[0m
[32m[I 2026-07-18 18:52:56,808][0m Trial 630 finished with values: [-1.0128802481440948e-08, 6.609890057518442e-08] and parameters: {'k1': 0.004053638704742309, 'D_low': 5438.762195226741, 'k2': 0.032845299795769396, 'D_high': 15351.441568398131, 'fire_exp': 2.61565689708108, 'P_half': 712.8188058401365, 'pre_dampen_half': 0.2128140089453379, 'gpp_af': 0.7539992074650282, 'gpp_b': 1.6204477512064805, 'gpp_d': 21.14381609520636, 'ign_k': 0.48986208235548445, 'ign_c': 15.221840161091619, 'trop_agb_crit': 24.584290528289387, 'trop_k_veg': 0.5772603928610088}.[0m
[32m[I 2026-07-18 18:52:57,277][0m Trial 631 finished with values: [-0.005777777125108703, 0.0071721299807762096] and parameters: {'k1': 0.00018391807805583142, 'D_low': 70.18267183720735, 'k2': 0.032845299795769396, 'D_high': 2940.51756322311, 'fire_exp': 1.450870712623418, 'P_half': 220.3445560633069, 'pre_dampen_half': 24.551654436784784, 'gpp_af': 0.00515795696727661, 'gpp_b': 0.011051185074931393, 'gpp_d': 21.14381609520636, 'ign_k': 0.48986208235548445, 'ign_c': 15.221840161091619, 'trop_agb_crit': 24.584290528289387, 'trop_k_veg': 0.5772603928610088}.[0m
[32m[I 2026-07-18 18:52:57,744][0m Trial 632 finished with values: [-4.307769021425064e-19, 0.0] and parameters: {'k1': 0.0699458988153545, 'D_low': 70.18267183720735, 'k2': 1.4665316366397004e-05, 'D_high': 8182.111518618414, 'fire_exp': 6.234638880169447, 'P_half': 323.6099399575106, 'pre_dampen_half': 0.1875872314533727, 'gpp_af': 0.01719951378854337, 'gpp_b': 0.2272730825106818, 'gpp_d': 6.283500537123675, 'ign_k': 0.6024590664672947, 'ign_c': 5.130551760589832, 'trop_agb_crit': 1.0903028125370984, 'trop_k_veg': 0.6743482387129308}.[0m
[32m[I 2026-07-18 18:52:58,210][0m Trial 633 finished with values: [-1.5409339681633498e-09, 1.4213519250461104e-11] and parameters: {'k1': 0.011966626407443505, 'D_low': 7.299348683062307, 'k2': 0.0007047307383115598, 'D_high': 25628.666000163565, 'fire_exp': 2.878298002135838, 'P_half': 234.09994646132157, 'pre_dampen_half': 0.2888838362365318, 'gpp_af': 0.04403094955951772, 'gpp_b': 0.08128322984179755, 'gpp_d': 660.9129108295722, 'ign_k': 8.708806168038567, 'ign_c': 30.28574109895626, 'trop_agb_crit': 1.0903028125370984, 'trop_k_veg': 0.5772603928610088}.[0m
[32m[I 2026-07-18 18:52:58,715][0m Trial 634 finished with values: [-4.56378638525914e-09, 7.806337432025856e-08] and parameters: {'k1': 0.011966626407443505, 'D_low': 355.00125258511594, 'k2': 3.9207829763785736e-05, 'D_high': 774.2116473996249, 'fire_exp': 1.2611826901294014, 'P_half': 7126.727573532312, 'pre_dampen_half': 107.40052367919465, 'gpp_af': 0.6403036652671174, 'gpp_b': 8.313439445310157, 'gpp_d': 757.2868182332339, 'ign_k': 2.396079612430075, 'ign_c': 30.28574109895626, 'trop_agb_crit': 15.961316409649486, 'trop_k_veg': 3.1473758868965485}.[0m
[32m[I 2026-07-18 18:52:59,214][0m Trial 635 finished with values: [-2.972073825605338e-11, 2.5595274899536946e-08] and parameters: {'k1': 0.01889771394135163, 'D_low': 31.585104499227995, 'k2': 0.015827817125573202, 'D_high': 78.57247967427125, 'fire_exp': 3.2181803496180783, 'P_half': 3554.812765190894, 'pre_dampen_half': 0.03751320096826995, 'gpp_af': 0.27997858752477867, 'gpp_b': 0.01666658176842624, 'gpp_d': 8.057329182285729, 'ign_k': 8.708806168038567, 'ign_c': 20.23326185206641, 'trop_agb_crit': 26.643872076082868, 'trop_k_veg': 2.5878603012249104}.[0m
[32m[I 2026-07-18 18:52:59,707][0m Trial 636 finished with values: [-7.213219797277908e-07, 1.6377196077055345e-07] and parameters: {'k1': 0.004053638704742309, 'D_low': 70.18267183720735, 'k2': 0.0353875886477924, 'D_high': 1662.6592254031873, 'fire_exp': 5.311995034756393, 'P_half': 221.2683656611821, 'pre_dampen_half': 0.010585220389440335, 'gpp_af': 0.7539992074650282, 'gpp_b': 0.42247700890263673, 'gpp_d': 21.14381609520636, 'ign_k': 5.351470428717439, 'ign_c': 5.130551760589832, 'trop_agb_crit': 1.0903028125370984, 'trop_k_veg': 0.6743482387129308}.[0m
[32m[I 2026-07-18 18:53:00,178][0m Trial 637 finished with values: [-0.40916379993516294, 0.16084715255057525] and parameters: {'k1': 0.041833856821460395, 'D_low': 1.9977959434035766, 'k2': 0.032845299795769396, 'D_high': 2940.51756322311, 'fire_exp': 1.450870712623418, 'P_half': 220.3445560633069, 'pre_dampen_half': 107.40052367919465, 'gpp_af': 0.01719951378854337, 'gpp_b': 0.00431329787498825, 'gpp_d': 21.14381609520636, 'ign_k': 0.07091190338709638, 'ign_c': 1.6051347487097574, 'trop_agb_crit': 12.71480504859747, 'trop_k_veg': 4.4644194212034}.[0m
[32m[I 2026-07-18 18:53:00,692][0m Trial 638 finished with values: [-6.01040955574375e-10, 2.508271368384385e-11] and parameters: {'k1': 0.011966626407443505, 'D_low': 3.4487261314487374, 'k2': 0.0007047307383115598, 'D_high': 25628.666000163565, 'fire_exp': 2.61565689708108, 'P_half': 7126.727573532312, 'pre_dampen_half': 0.011501973785501987, 'gpp_af': 2.555721998081809, 'gpp_b': 0.2272730825106818, 'gpp_d': 229.41380323183625, 'ign_k': 1.0484531351650956, 'ign_c': 30.28574109895626, 'trop_agb_crit': 1.285305820648146, 'trop_k_veg': 0.902411054575325}.[0m
[32m[I 2026-07-18 18:53:01,194][0m Trial 639 finished with values: [-0.0008187915599283547, 0.00011929688209455502] and parameters: {'k1': 0.01889771394135163, 'D_low': 70.18267183720735, 'k2': 0.0007047307383115598, 'D_high': 2940.51756322311, 'fire_exp': 1.423480109671474, 'P_half': 3554.812765190894, 'pre_dampen_half': 0.011501973785501987, 'gpp_af': 0.0038793182938363898, 'gpp_b': 1.598364670380439e-05, 'gpp_d': 229.41380323183625, 'ign_k': 8.708806168038567, 'ign_c': 20.03995359361212, 'trop_agb_crit': 1.331177446539379, 'trop_k_veg': 4.9897488945787245}.[0m
[32m[I 2026-07-18 18:53:01,661][0m Trial 640 finished with values: [-0.004342102663465665, 0.0001876184464311148] and parameters: {'k1': 0.041833856821460395, 'D_low': 70.18267183720735, 'k2': 0.032845299795769396, 'D_high': 1236.6924205139144, 'fire_exp': 1.165368636520435, 'P_half': 220.3445560633069, 'pre_dampen_half': 0.9166964238460101, 'gpp_af': 0.06002934191396867, 'gpp_b': 0.00431329787498825, 'gpp_d': 574.194366311956, 'ign_k': 0.36014695835220356, 'ign_c': 29.690870944846793, 'trop_agb_crit': 12.71480504859747, 'trop_k_veg': 4.4644194212034}.[0m
[32m[I 2026-07-18 18:53:02,121][0m Trial 641 finished with values: [-0.0013312932897263938, 6.35965186359666e-05] and parameters: {'k1': 0.029626010885972703, 'D_low': 4.484744524732794, 'k2': 0.0006591123094840287, 'D_high': 774.2116473996249, 'fire_exp': 1.6733848721157607, 'P_half': 115.44738876452311, 'pre_dampen_half': 0.011501973785501987, 'gpp_af': 0.0038793182938363898, 'gpp_b': 0.0005744663972188569, 'gpp_d': 2.944272359149678, 'ign_k': 0.12906379659404604, 'ign_c': 15.221840161091619, 'trop_agb_crit': 24.584290528289387, 'trop_k_veg': 6.9782110227926815}.[0m
[32m[I 2026-07-18 18:53:02,583][0m Trial 642 finished with values: [-3.12240948231175e-05, 7.107806258122018e-06] and parameters: {'k1': 0.01889771394135163, 'D_low': 70.18267183720735, 'k2': 0.00035868164986275477, 'D_high': 902.3734753282104, 'fire_exp': 4.643701096890353, 'P_half': 221.2683656611821, 'pre_dampen_half': 0.011501973785501987, 'gpp_af': 0.001111693990724459, 'gpp_b': 1.598364670380439e-05, 'gpp_d': 229.41380323183625, 'ign_k': 5.351470428717439, 'ign_c': 5.130551760589832, 'trop_agb_crit': 1.331177446539379, 'trop_k_veg': 3.49157152291552}.[0m
[32m[I 2026-07-18 18:53:03,067][0m Trial 643 finished with values: [-7.213219797277908e-07, 1.6377196077055345e-07] and parameters: {'k1': 0.004053638704742309, 'D_low': 70.18267183720735, 'k2': 0.0353875886477924, 'D_high': 1662.6592254031873, 'fire_exp': 5.311995034756393, 'P_half': 221.2683656611821, 'pre_dampen_half': 0.010585220389440335, 'gpp_af': 0.7539992074650282, 'gpp_b': 0.42247700890263673, 'gpp_d': 21.14381609520636, 'ign_k': 5.351470428717439, 'ign_c': 5.130551760589832, 'trop_agb_crit': 1.0903028125370984, 'trop_k_veg': 0.6743482387129308}.[0m
[32m[I 2026-07-18 18:53:03,526][0m Trial 644 finished with values: [-0.0344857781481443, 0.011651467172989705] and parameters: {'k1': 0.011966626407443505, 'D_low': 7.299348683062307, 'k2': 0.0007047307383115598, 'D_high': 25628.666000163565, 'fire_exp': 2.61565689708108, 'P_half': 234.09994646132157, 'pre_dampen_half': 0.011501973785501987, 'gpp_af': 36.46000535317359, 'gpp_b': 0.0012213924959062798, 'gpp_d': 660.9129108295722, 'ign_k': 8.708806168038567, 'ign_c': 1.958059531975039, 'trop_agb_crit': 7.499945891579917, 'trop_k_veg': 0.5772603928610088}.[0m
[32m[I 2026-07-18 18:53:03,982][0m Trial 645 finished with values: [-2.1792020089541895e-05, 8.053182325440389e-07] and parameters: {'k1': 0.01889771394135163, 'D_low': 70.18267183720735, 'k2': 0.032845299795769396, 'D_high': 2940.51756322311, 'fire_exp': 5.311995034756393, 'P_half': 221.2683656611821, 'pre_dampen_half': 0.010585220389440335, 'gpp_af': 0.7539992074650282, 'gpp_b': 0.42247700890263673, 'gpp_d': 21.14381609520636, 'ign_k': 5.351470428717439, 'ign_c': 20.03995359361212, 'trop_agb_crit': 1.6079844205915728, 'trop_k_veg': 0.902411054575325}.[0m
