[32m[I 2026-07-18 18:48:37,951][0m Trial 76 finished with values: [-2.0000000000000005e-60, 0.0] and parameters: {'k1': 0.004312951023617458, 'D_low': 2.0598022365449626, 'k2': 2.1980325699763847e-05, 'D_high': 70891.41723796881, 'fire_exp': 6.854568494872217, 'P_half': 220.3445560633069, 'pre_dampen_half': 502.5175192217655, 'gpp_af': 0.007353119099448618, 'gpp_b': 8.682049468455238e-05, 'gpp_d': 0.17832592720985765, 'ign_k': 0.06807874826564587, 'ign_c': 72.17448452444773, 'trop_agb_crit': 24.584290528289387, 'trop_k_veg': 1.0865357077254767}.[0m
[32m[I 2026-07-18 18:48:38,401][0m Trial 77 finished with values: [-6.753794287932658e-06, 0.00015767267639177351] and parameters: {'k1': 0.00031134168041628584, 'D_low': 12.105387404469584, 'k2': 0.003767022142229395, 'D_high': 88.90110660871557, 'fire_exp': 1.264103030891254, 'P_half': 6.784924519083139, 'pre_dampen_half': 0.16974173693738637, 'gpp_af': 0.006359264168909616, 'gpp_b': 0.00013164432569139702, 'gpp_d': 0.12878367369717508, 'ign_k': 0.004937355303501836, 'ign_c': 386.4218705871764, 'trop_agb_crit': 1.0693376406863295, 'trop_k_veg': 0.6673124511410327}.[0m
[32m[I 2026-07-18 18:48:38,856][0m Trial 78 finished with values: [-0.012275822559789403, 0.003967412723883124] and parameters: {'k1': 0.002155595057104387, 'D_low': 40.12413353131991, 'k2': 0.0007047307383115598, 'D_high': 21.947742689197344, 'fire_exp': 1.423480109671474, 'P_half': 221.2683656611821, 'pre_dampen_half': 3.3841016089580047, 'gpp_af': 1.5386842469144075, 'gpp_b': 1.284284091405877e-05, 'gpp_d': 229.41380323183625, 'ign_k': 5.351470428717439, 'ign_c': 18.219343937475102, 'trop_agb_crit': 10.691477813613638, 'trop_k_veg': 1.0594599158279707}.[0m
[32m[I 2026-07-18 18:48:39,310][0m Trial 79 finished with values: [-1.806083585408334e-07, 2.848021149814972e-05] and parameters: {'k1': 0.004312951023617458, 'D_low': 1812.5870836716226, 'k2': 1.915468390724633e-05, 'D_high': 1236.6924205139144, 'fire_exp': 2.284706851725763, 'P_half': 3227.0237615158, 'pre_dampen_half': 0.9166964238460101, 'gpp_af': 12.105903211961781, 'gpp_b': 0.0021331409710300844, 'gpp_d': 16.460426816350534, 'ign_k': 0.06807874826564587, 'ign_c': 0.1276817467743396, 'trop_agb_crit': 12.71480504859747, 'trop_k_veg': 2.0151420787331644}.[0m
[32m[I 2026-07-18 18:48:39,764][0m Trial 80 finished with values: [-2.0000000000000005e-60, 0.0] and parameters: {'k1': 0.041833856821460395, 'D_low': 2.31817761129035, 'k2': 0.004579192310322934, 'D_high': 1236.6924205139144, 'fire_exp': 1.5185721648966928, 'P_half': 3227.0237615158, 'pre_dampen_half': 14.427333163005189, 'gpp_af': 12.105903211961781, 'gpp_b': 0.0005744663972188569, 'gpp_d': 0.43986836285294123, 'ign_k': 0.48986208235548445, 'ign_c': 102.21111307208331, 'trop_agb_crit': 14.765842451489418, 'trop_k_veg': 4.4644194212034}.[0m
[32m[I 2026-07-18 18:48:40,234][0m Trial 81 finished with values: [-2.0026901720262356e-21, 0.0] and parameters: {'k1': 3.0376902301221646e-05, 'D_low': 8501.870149611703, 'k2': 2.80643901112427e-05, 'D_high': 390.3214299767182, 'fire_exp': 9.321170097491994, 'P_half': 577.536337635295, 'pre_dampen_half': 121.71955466763166, 'gpp_af': 9.93234953243751, 'gpp_b': 0.00010600479837821697, 'gpp_d': 0.025632747517520264, 'ign_k': 3.121148960880235, 'ign_c': 16.867533138445342, 'trop_agb_crit': 6.9878126575720865, 'trop_k_veg': 1.0866718721112656}.[0m
[32m[I 2026-07-18 18:48:40,693][0m Trial 82 finished with values: [-2.652559746366772e-07, 1.0120373495459134e-05] and parameters: {'k1': 0.0699458988153545, 'D_low': 94.99072859745384, 'k2': 6.069662445477729e-05, 'D_high': 1578.0309954142967, 'fire_exp': 2.763952030254024, 'P_half': 3554.812765190894, 'pre_dampen_half': 0.5682966065442919, 'gpp_af': 2.6003623362924246, 'gpp_b': 7.210246166617508e-05, 'gpp_d': 0.3934396739328545, 'ign_k': 0.2970792051473599, 'ign_c': 0.1239046892818203, 'trop_agb_crit': 1.331177446539379, 'trop_k_veg': 1.0923378209074768}.[0m
[32m[I 2026-07-18 18:48:41,159][0m Trial 83 finished with values: [-1.0226639115594823e-11, 8.705249454621367e-07] and parameters: {'k1': 0.00010842262717330161, 'D_low': 4.809461967501573, 'k2': 1.8205657658407255e-05, 'D_high': 1203.0178871154671, 'fire_exp': 3.521358805467868, 'P_half': 1712.3375973163984, 'pre_dampen_half': 704.5683638454491, 'gpp_af': 7.510418138777546, 'gpp_b': 0.1274671157821504, 'gpp_d': 297.9454462591361, 'ign_k': 0.003077180271250686, 'ign_c': 486.9640941520893, 'trop_agb_crit': 7.264790288253682, 'trop_k_veg': 0.8609082809111277}.[0m
[32m[I 2026-07-18 18:48:41,619][0m Trial 84 finished with values: [-0.0014247415323474122, 0.006892203786193041] and parameters: {'k1': 0.0007883068789768041, 'D_low': 2.4622754931226587, 'k2': 0.00013894673469237216, 'D_high': 783.2259769732478, 'fire_exp': 1.4900535273878768, 'P_half': 54.37591736923918, 'pre_dampen_half': 0.9829324480069707, 'gpp_af': 1.200191344086032, 'gpp_b': 1.815346247026201e-05, 'gpp_d': 1.2797429712949044, 'ign_k': 0.0315101491238403, 'ign_c': 31.874227118134108, 'trop_agb_crit': 20.824968728078442, 'trop_k_veg': 2.3220791324604515}.[0m
[32m[I 2026-07-18 18:48:42,068][0m Trial 85 finished with values: [-1.087550672041509e-14, 1.488242862279776e-10] and parameters: {'k1': 0.0376331292637011, 'D_low': 436.4516946807792, 'k2': 0.018573288333114862, 'D_high': 1662.6592254031873, 'fire_exp': 3.3857164090062235, 'P_half': 9.277034327414716, 'pre_dampen_half': 0.029208808341780905, 'gpp_af': 30.62518985924679, 'gpp_b': 2.5264362435704455, 'gpp_d': 242.00714252738, 'ign_k': 0.023352156626184447, 'ign_c': 192.76545985682404, 'trop_agb_crit': 1.4568555410190271, 'trop_k_veg': 5.2263696497184915}.[0m
[32m[I 2026-07-18 18:48:42,534][0m Trial 86 finished with values: [-2.0000000000000005e-60, 0.0] and parameters: {'k1': 0.00023078849815277971, 'D_low': 5284.809078673603, 'k2': 0.02714257255218683, 'D_high': 455.5085098454085, 'fire_exp': 5.634703493906651, 'P_half': 9716.212563514906, 'pre_dampen_half': 3.243209859731716, 'gpp_af': 0.9482548804624966, 'gpp_b': 0.010752618432192773, 'gpp_d': 56.20854611217174, 'ign_k': 0.019063314120324366, 'ign_c': 391.03637457741775, 'trop_agb_crit': 2.009167401373723, 'trop_k_veg': 0.5152521789563916}.[0m
[32m[I 2026-07-18 18:48:42,995][0m Trial 87 finished with values: [-1.895420224768546e-05, 0.0005555495832592072] and parameters: {'k1': 0.00016480446427978953, 'D_low': 1112.9571947046009, 'k2': 0.0005342937261279771, 'D_high': 8182.111518618414, 'fire_exp': 2.332293128354265, 'P_half': 338.23872019362165, 'pre_dampen_half': 14.711215379121963, 'gpp_af': 0.06789053271698488, 'gpp_b': 3.481277316673104e-05, 'gpp_d': 84.31013932082456, 'ign_k': 0.006290644294586149, 'ign_c': 186.1119446254677, 'trop_agb_crit': 1.14876138417489, 'trop_k_veg': 2.573214588078609}.[0m
[32m[I 2026-07-18 18:48:43,453][0m Trial 88 finished with values: [-2.1034379263341834e-07, 8.963268518225043e-05] and parameters: {'k1': 0.00012868405331151588, 'D_low': 6542.056762893129, 'k2': 0.045651763726463325, 'D_high': 302.4369161272648, 'fire_exp': 1.0362310858538248, 'P_half': 2.0461550877877857, 'pre_dampen_half': 1.3833139021965037, 'gpp_af': 85.32056493640629, 'gpp_b': 6.0495053137151995, 'gpp_d': 4.791614072461607, 'ign_k': 0.017302564033031168, 'ign_c': 179.96169659044335, 'trop_agb_crit': 10.266702291253747, 'trop_k_veg': 1.2038770175361675}.[0m
[32m[I 2026-07-18 18:48:43,914][0m Trial 89 finished with values: [-0.0028353547551870084, 0.010143555453430042] and parameters: {'k1': 0.008912611835817005, 'D_low': 64.39790863101601, 'k2': 7.91442361215536e-05, 'D_high': 3712.591045287733, 'fire_exp': 1.0629462657398439, 'P_half': 220.3445560633069, 'pre_dampen_half': 502.5175192217655, 'gpp_af': 0.7539992074650282, 'gpp_b': 3.083723329640505, 'gpp_d': 16.460426816350534, 'ign_k': 0.06807874826564587, 'ign_c': 33.8109327317085, 'trop_agb_crit': 1.0455434848969813, 'trop_k_veg': 3.1473758868965485}.[0m
  trial   90/2500  pareto_size=17  best_taylor=0.7247  best_ilamb=0.5954  (0.7 min)
[32m[I 2026-07-18 18:48:44,396][0m Trial 90 finished with values: [-0.004860699055432427, 0.004653533532345433] and parameters: {'k1': 0.012840669372724958, 'D_low': 171.2446447678494, 'k2': 0.00023295358953467695, 'D_high': 3346.220103048382, 'fire_exp': 1.2918065501148304, 'P_half': 93.43302657318476, 'pre_dampen_half': 0.011396414164620812, 'gpp_af': 0.2204465010099918, 'gpp_b': 2.176805640408474e-05, 'gpp_d': 0.03927259340973168, 'ign_k': 0.0029519227433917453, 'ign_c': 0.12510188850164433, 'trop_agb_crit': 12.647327018493208, 'trop_k_veg': 1.0264716153881357}.[0m
[32m[I 2026-07-18 18:48:44,857][0m Trial 91 finished with values: [-0.00023643195844670219, 0.0008657920330493729] and parameters: {'k1': 0.0002220327882582422, 'D_low': 33.019434616055364, 'k2': 1.7926680648388784e-05, 'D_high': 783.2259769732478, 'fire_exp': 1.4900535273878768, 'P_half': 1735.792403594532, 'pre_dampen_half': 8.94282459523609, 'gpp_af': 2.555721998081809, 'gpp_b': 0.36422282566934217, 'gpp_d': 9.51028874815853, 'ign_k': 0.07696703458159232, 'ign_c': 4.4398025529904634, 'trop_agb_crit': 3.275825291386224, 'trop_k_veg': 5.373862339436158}.[0m
[32m[I 2026-07-18 18:48:45,318][0m Trial 92 finished with values: [-2.0000000000000005e-60, 0.0] and parameters: {'k1': 0.0004381141781653137, 'D_low': 5284.809078673603, 'k2': 0.02714257255218683, 'D_high': 519.9673923878321, 'fire_exp': 5.634703493906651, 'P_half': 2897.5337521324113, 'pre_dampen_half': 0.03278078460674784, 'gpp_af': 0.021893651668792227, 'gpp_b': 0.010752618432192773, 'gpp_d': 22.04022885077013, 'ign_k': 0.31375859487281416, 'ign_c': 382.02599363901095, 'trop_agb_crit': 4.024858840027151, 'trop_k_veg': 1.0866718721112656}.[0m
[32m[I 2026-07-18 18:48:45,785][0m Trial 93 finished with values: [-0.009299961396878028, 0.01710701984716556] and parameters: {'k1': 0.011966626407443505, 'D_low': 5.59983195169599, 'k2': 6.069662445477729e-05, 'D_high': 1615.0602315370222, 'fire_exp': 1.2611826901294014, 'P_half': 9.324787201197319, 'pre_dampen_half': 0.03751320096826995, 'gpp_af': 2.6003623362924246, 'gpp_b': 2.6738182964551835e-05, 'gpp_d': 8.057329182285729, 'ign_k': 0.004144296901136395, 'ign_c': 0.1239046892818203, 'trop_agb_crit': 6.119263728555865, 'trop_k_veg': 0.5772603928610088}.[0m
[32m[I 2026-07-18 18:48:46,243][0m Trial 94 finished with values: [-1.8991337806032716e-17, 0.0] and parameters: {'k1': 0.0067445742055710165, 'D_low': 366.0150802571657, 'k2': 0.002019079599080459, 'D_high': 2672.1460136202413, 'fire_exp': 7.884758752688456, 'P_half': 882.6264591983529, 'pre_dampen_half': 21.76650458296881, 'gpp_af': 0.15157676908357015, 'gpp_b': 0.005070330027123044, 'gpp_d': 0.01600822137048066, 'ign_k': 0.004739584301027368, 'ign_c': 1.3012518385211496, 'trop_agb_crit': 1.82585358527758, 'trop_k_veg': 1.1312070669356808}.[0m
[32m[I 2026-07-18 18:48:46,710][0m Trial 95 finished with values: [-5.6271726055164246e-08, 3.1825396364926206e-06] and parameters: {'k1': 0.041833856821460395, 'D_low': 4.484744524732794, 'k2': 1.915468390724633e-05, 'D_high': 3712.591045287733, 'fire_exp': 8.924977849661843, 'P_half': 220.3445560633069, 'pre_dampen_half': 552.4163637315892, 'gpp_af': 0.7539992074650282, 'gpp_b': 0.0005744663972188569, 'gpp_d': 0.43986836285294123, 'ign_k': 0.48986208235548445, 'ign_c': 15.221840161091619, 'trop_agb_crit': 24.584290528289387, 'trop_k_veg': 4.4644194212034}.[0m
[32m[I 2026-07-18 18:48:47,172][0m Trial 96 finished with values: [-2.0000000000000005e-60, 0.0] and parameters: {'k1': 3.8751982355100445e-05, 'D_low': 5085.697220189423, 'k2': 0.0009299619346742016, 'D_high': 2672.1460136202413, 'fire_exp': 2.6554044046291967, 'P_half': 882.6264591983529, 'pre_dampen_half': 2.9046276683520444, 'gpp_af': 0.04403094955951772, 'gpp_b': 0.005070330027123044, 'gpp_d': 0.15875524914818662, 'ign_k': 8.696906396418676, 'ign_c': 226.77352235512825, 'trop_agb_crit': 1.5280652380617874, 'trop_k_veg': 0.7618668427217097}.[0m
[32m[I 2026-07-18 18:48:47,626][0m Trial 97 finished with values: [-9.976274398901356e-09, 2.0642399243153697e-05] and parameters: {'k1': 0.03017070428997155, 'D_low': 118.94665366442581, 'k2': 0.00013783578294796384, 'D_high': 394.46712559035336, 'fire_exp': 1.1343880394302208, 'P_half': 102.49816559563212, 'pre_dampen_half': 103.33971107789337, 'gpp_af': 0.0010547756978008518, 'gpp_b': 0.38162319655660826, 'gpp_d': 0.9791370130598963, 'ign_k': 0.003798214508453258, 'ign_c': 477.9940225278667, 'trop_agb_crit': 3.2478430178435422, 'trop_k_veg': 0.7373659503009865}.[0m
[32m[I 2026-07-18 18:48:48,084][0m Trial 98 finished with values: [-8.09986169720365e-05, 0.0006208713484030515] and parameters: {'k1': 0.012021930484915042, 'D_low': 7.299348683062307, 'k2': 0.003101429427212743, 'D_high': 62451.395747430695, 'fire_exp': 1.1263716762638152, 'P_half': 133.4807155996069, 'pre_dampen_half': 5.048653998722944, 'gpp_af': 0.0030786517836196197, 'gpp_b': 0.1274671157821504, 'gpp_d': 757.2868182332339, 'ign_k': 0.11619873314872933, 'ign_c': 9.565499215943817, 'trop_agb_crit': 14.948114979829949, 'trop_k_veg': 6.221582596639012}.[0m
[32m[I 2026-07-18 18:48:48,540][0m Trial 99 finished with values: [-2.0000000000000005e-60, 0.0] and parameters: {'k1': 0.00012868405331151588, 'D_low': 8832.039346746853, 'k2': 0.0026491056409715568, 'D_high': 259.06510073644546, 'fire_exp': 3.83403534181858, 'P_half': 2.0461550877877857, 'pre_dampen_half': 0.16974173693738637, 'gpp_af': 0.006359264168909616, 'gpp_b': 0.15451487116766627, 'gpp_d': 0.266364193430916, 'ign_k': 0.017302564033031168, 'ign_c': 386.4218705871764, 'trop_agb_crit': 10.266702291253747, 'trop_k_veg': 5.5553272655188835}.[0m
[32m[I 2026-07-18 18:48:49,005][0m Trial 100 finished with values: [-7.010529011694019e-07, 0.00014109287749142219] and parameters: {'k1': 0.0002656971546588439, 'D_low': 8832.039346746853, 'k2': 0.0026491056409715568, 'D_high': 88.90110660871557, 'fire_exp': 1.264103030891254, 'P_half': 4.087300390305745, 'pre_dampen_half': 2.7362513651284632, 'gpp_af': 0.006359264168909616, 'gpp_b': 0.00013164432569139702, 'gpp_d': 0.266364193430916, 'ign_k': 0.004937355303501836, 'ign_c': 386.4218705871764, 'trop_agb_crit': 1.3137567821944718, 'trop_k_veg': 2.140644994345184}.[0m
[32m[I 2026-07-18 18:48:49,466][0m Trial 101 finished with values: [-2.0000000000000005e-60, 0.0] and parameters: {'k1': 0.00016480446427978953, 'D_low': 125.61043700013555, 'k2': 0.0032792262899971644, 'D_high': 146.1896279370497, 'fire_exp': 7.8442644587750525, 'P_half': 1636.5290600718067, 'pre_dampen_half': 0.2888838362365318, 'gpp_af': 0.06789053271698488, 'gpp_b': 0.31892496008512405, 'gpp_d': 108.18665579547857, 'ign_k': 0.006290644294586149, 'ign_c': 11.40086370112731, 'trop_agb_crit': 3.544180417534903, 'trop_k_veg': 4.30392173391187}.[0m
[32m[I 2026-07-18 18:48:49,920][0m Trial 102 finished with values: [-1.1235197681789455e-08, 2.3059574094652646e-07] and parameters: {'k1': 0.0012056765208549535, 'D_low': 4.075267974954964, 'k2': 0.015827817125573202, 'D_high': 502.17376233895624, 'fire_exp': 2.6554044046291967, 'P_half': 175.2878790340412, 'pre_dampen_half': 241.6951931920675, 'gpp_af': 0.10409127568994281, 'gpp_b': 0.005070330027123044, 'gpp_d': 0.01392878970664331, 'ign_k': 8.696906396418676, 'ign_c': 30.28574109895626, 'trop_agb_crit': 1.5280652380617874, 'trop_k_veg': 0.902411054575325}.[0m
[32m[I 2026-07-18 18:48:50,376][0m Trial 103 finished with values: [-0.003210018308472277, 0.006608569787029284] and parameters: {'k1': 0.00031134168041628584, 'D_low': 94.99072859745384, 'k2': 1.6991629902581918e-05, 'D_high': 1578.0309954142967, 'fire_exp': 1.0601964743503993, 'P_half': 4.213183643253957, 'pre_dampen_half': 0.012952289461753311, 'gpp_af': 0.0038488863031271342, 'gpp_b': 1.4540386644083135e-05, 'gpp_d': 0.22048893356595609, 'ign_k': 0.00840038491455979, 'ign_c': 0.2537994662905845, 'trop_agb_crit': 1.331177446539379, 'trop_k_veg': 0.6673124511410327}.[0m
[32m[I 2026-07-18 18:48:50,839][0m Trial 104 finished with values: [-2.0000000000000005e-60, 0.0] and parameters: {'k1': 0.07058138788373684, 'D_low': 31.585104499227995, 'k2': 0.00013894673469237216, 'D_high': 29812.370697208808, 'fire_exp': 1.6733848721157607, 'P_half': 7126.727573532312, 'pre_dampen_half': 0.011501973785501987, 'gpp_af': 70.695884676536, 'gpp_b': 1.815346247026201e-05, 'gpp_d': 285.57196407381804, 'ign_k': 0.12906379659404604, 'ign_c': 937.2580613581177, 'trop_agb_crit': 1.285305820648146, 'trop_k_veg': 2.3220791324604515}.[0m
[32m[I 2026-07-18 18:48:51,316][0m Trial 105 finished with values: [-0.001158540843910112, 0.015848220374301003] and parameters: {'k1': 0.05778755734457457, 'D_low': 6542.056762893129, 'k2': 0.00017654048052495074, 'D_high': 1203.0178871154671, 'fire_exp': 1.0362310858538248, 'P_half': 5.488047000766042, 'pre_dampen_half': 1.3833139021965037, 'gpp_af': 68.11991466118579, 'gpp_b': 0.01777482313117792, 'gpp_d': 297.9454462591361, 'ign_k': 0.24637685958997463, 'ign_c': 3.470490935437501, 'trop_agb_crit': 1.3511829476450818, 'trop_k_veg': 0.8609082809111277}.[0m
[32m[I 2026-07-18 18:48:51,781][0m Trial 106 finished with values: [-2.0000000000000005e-60, 0.0] and parameters: {'k1': 0.0003179302199939536, 'D_low': 118.94665366442581, 'k2': 0.003419108473554454, 'D_high': 107.53522341516513, 'fire_exp': 1.1343880394302208, 'P_half': 148.10800730363493, 'pre_dampen_half': 0.270835918680168, 'gpp_af': 0.0010547756978008518, 'gpp_b': 0.0010022937682537696, 'gpp_d': 0.9791370130598963, 'ign_k': 0.14111799966684616, 'ign_c': 477.9940225278667, 'trop_agb_crit': 1.5405783270032232, 'trop_k_veg': 2.1272255937459805}.[0m
[32m[I 2026-07-18 18:48:52,238][0m Trial 107 finished with values: [-0.2644298572906029, 0.19795694027438726] and parameters: {'k1': 0.004312951023617458, 'D_low': 1112.9571947046009, 'k2': 8.923807143379776e-05, 'D_high': 8182.111518618414, 'fire_exp': 1.0629462657398439, 'P_half': 220.3445560633069, 'pre_dampen_half': 502.5175192217655, 'gpp_af': 0.7539992074650282, 'gpp_b': 3.481277316673104e-05, 'gpp_d': 150.14555442537656, 'ign_k': 0.06807874826564587, 'ign_c': 0.557280750002996, 'trop_agb_crit': 1.14876138417489, 'trop_k_veg': 1.4584243470991722}.[0m
[32m[I 2026-07-18 18:48:52,697][0m Trial 108 finished with values: [-2.0000000000000005e-60, 0.0] and parameters: {'k1': 0.00488137519160367, 'D_low': 1112.9571947046009, 'k2': 8.923807143379776e-05, 'D_high': 14.045842344024702, 'fire_exp': 2.332293128354265, 'P_half': 102.49816559563212, 'pre_dampen_half': 0.018088133565708247, 'gpp_af': 0.0049748543504537545, 'gpp_b': 2.8157579294311725, 'gpp_d': 150.14555442537656, 'ign_k': 0.003798214508453258, 'ign_c': 0.557280750002996, 'trop_agb_crit': 1.14876138417489, 'trop_k_veg': 2.573214588078609}.[0m
[32m[I 2026-07-18 18:48:53,159][0m Trial 109 finished with values: [-2.4920613653366614e-08, 2.149499657155829e-07] and parameters: {'k1': 0.011966626407443505, 'D_low': 1228.2126524008484, 'k2': 0.0012040762895973265, 'D_high': 503.20593472868, 'fire_exp': 3.5637467870629145, 'P_half': 9.324787201197319, 'pre_dampen_half': 241.6951931920675, 'gpp_af': 0.10409127568994281, 'gpp_b': 0.0005392415140872105, 'gpp_d': 8.057329182285729, 'ign_k': 1.0484531351650956, 'ign_c': 30.28574109895626, 'trop_agb_crit': 10.965064494899984, 'trop_k_veg': 0.5772603928610088}.[0m
[32m[I 2026-07-18 18:48:53,617][0m Trial 110 finished with values: [-2.0000000000000005e-60, 0.0] and parameters: {'k1': 0.06598741607403362, 'D_low': 612.2780092275807, 'k2': 0.0032792262899971644, 'D_high': 2798.2272717049286, 'fire_exp': 5.433392060430592, 'P_half': 9.793184984206247, 'pre_dampen_half': 0.6023700815747874, 'gpp_af': 6.155035361040185, 'gpp_b': 1.02230720306251, 'gpp_d': 0.03805074835058821, 'ign_k': 0.0015276032303600073, 'ign_c': 0.1455174947607226, 'trop_agb_crit': 3.544180417534903, 'trop_k_veg': 3.517697529584013}.[0m
[32m[I 2026-07-18 18:48:54,074][0m Trial 111 finished with values: [-2.0000000000000005e-60, 0.0] and parameters: {'k1': 0.0051316549551483235, 'D_low': 351.2704726270846, 'k2': 0.00018089390092767128, 'D_high': 1082.1382910613988, 'fire_exp': 4.4174616756610865, 'P_half': 4.982711200081132, 'pre_dampen_half': 1.126975864381465, 'gpp_af': 0.08583743499363283, 'gpp_b': 0.00023593316458046316, 'gpp_d': 0.048708496102003014, 'ign_k': 0.023134781612225618, 'ign_c': 866.1811390647966, 'trop_agb_crit': 23.22119672134762, 'trop_k_veg': 4.699416114458772}.[0m
[32m[I 2026-07-18 18:48:54,531][0m Trial 112 finished with values: [-0.0821308281178638, 0.11659855694188925] and parameters: {'k1': 0.044025950197597, 'D_low': 520.4862686958022, 'k2': 0.014344484793173472, 'D_high': 7996.09662595717, 'fire_exp': 1.221575427404682, 'P_half': 140.74279366401683, 'pre_dampen_half': 8.594202650742222, 'gpp_af': 5.335773317316401, 'gpp_b': 1.8677210807213754e-05, 'gpp_d': 4.250606593055039, 'ign_k': 0.013649087666416938, 'ign_c': 2.833538941762469, 'trop_agb_crit': 8.997007571451054, 'trop_k_veg': 0.758734773524774}.[0m
[32m[I 2026-07-18 18:48:54,988][0m Trial 113 finished with values: [-2.1752748212569554e-14, 1.4899154354708344e-08] and parameters: {'k1': 0.0026926469100861782, 'D_low': 168.73495104568943, 'k2': 1.8205657658407255e-05, 'D_high': 6083.019192425827, 'fire_exp': 9.23915031962725, 'P_half': 2.4474057445796826, 'pre_dampen_half': 11.886011154695652, 'gpp_af': 89.1803660289781, 'gpp_b': 0.1274671157821504, 'gpp_d': 3.905244791300359, 'ign_k': 0.003077180271250686, 'ign_c': 9.565499215943817, 'trop_agb_crit': 1.7930447231593198, 'trop_k_veg': 6.221582596639012}.[0m
