[I 2026-08-06 11:25:43,206] Trial 275 finished with values: [10.76921317168281, 10.76921317168281] and parameters: {'k1': 0.012021930484915042, 'D_low': 1397.5908789482219, 'k2': 0.003101429427212743, 'D_high': 21.947742689197344, 'fire_exp': 1.3170256885255098, 'P_half': 4.213183643253957, 'pre_dampen_half': 63.6685916079943, 'gpp_af': 0.6403036652671171, 'gpp_b': 0.22727308251068193, 'gpp_d': 1.493264336549928, 'ign_k': 0.21006485619596416, 'ign_c': 1.9580595319750387, 'trop_agb_crit': 14.948114979829949, 'trop_k_veg': 1.0594599158279707}.
[I 2026-08-06 11:25:44,631] Trial 276 finished with values: [10.002142874522516, 10.002142874522516] and parameters: {'k1': 0.00031134168041628584, 'D_low': 355.00125258511594, 'k2': 0.003419108473554454, 'D_high': 3712.591045287726, 'fire_exp': 1.0629462657398439, 'P_half': 4.213183643253957, 'pre_dampen_half': 38.00678588560607, 'gpp_af': 1.6059727222314273, 'gpp_b': 0.0021331409710300844, 'gpp_d': 5.1715677287580455, 'ign_k': 0.0680787482656459, 'ign_c': 2.414259639010457, 'trop_agb_crit': 24.584290528289387, 'trop_k_veg': 0.5349971555643298}.
[I 2026-08-06 11:25:45,914] Trial 277 finished with values: [10.625417081753953, 10.625417081753953] and parameters: {'k1': 0.00031134168041628584, 'D_low': 12.105387404469584, 'k2': 1.1065812688893481e-05, 'D_high': 21.947742689197344, 'fire_exp': 1.0601964743503993, 'P_half': 221.2683656611821, 'pre_dampen_half': 38.00678588560607, 'gpp_af': 1.5386842469144075, 'gpp_b': 1.4540386644083135e-05, 'gpp_d': 0.12878367369717508, 'ign_k': 0.00840038491455979, 'ign_c': 48.704711413416454, 'trop_agb_crit': 1.0693376406863295, 'trop_k_veg': 1.0594599158279707}.
[I 2026-08-06 11:25:47,293] Trial 278 finished with values: [10.65438128888955, 10.65438128888955] and parameters: {'k1': 0.008287522363768155, 'D_low': 355.00125258511594, 'k2': 0.0007047307383115598, 'D_high': 774.2116473996249, 'fire_exp': 1.3170256885255098, 'P_half': 712.8188058401365, 'pre_dampen_half': 8.594202650742222, 'gpp_af': 0.6403036652671171, 'gpp_b': 3.43926796010005e-05, 'gpp_d': 2.944272359149677, 'ign_k': 5.351470428717437, 'ign_c': 5.13055176058983, 'trop_agb_crit': 10.691477813613638, 'trop_k_veg': 0.6743482387129308}.
[I 2026-08-06 11:25:48,659] Trial 279 finished with values: [10.76911915138847, 10.76911915138847] and parameters: {'k1': 0.00031134168041628584, 'D_low': 12.105387404469584, 'k2': 0.03538758864779238, 'D_high': 11832.967057468773, 'fire_exp': 2.61565689708108, 'P_half': 4.213183643253957, 'pre_dampen_half': 38.00678588560607, 'gpp_af': 0.6403036652671171, 'gpp_b': 0.42247700890263645, 'gpp_d': 0.12878367369717508, 'ign_k': 8.926311370835233, 'ign_c': 11.400863701127316, 'trop_agb_crit': 24.80219492452611, 'trop_k_veg': 0.6673124511410327}.
[I 2026-08-06 11:25:49,985] Trial 280 finished with values: [-0.5316027419600166, 0.0781796343979182] and parameters: {'k1': 5.2759586181451185e-05, 'D_low': 355.00125258511594, 'k2': 0.032845299795769424, 'D_high': 774.2116473996249, 'fire_exp': 1.3170256885255098, 'P_half': 9.324787201197319, 'pre_dampen_half': 63.6685916079943, 'gpp_af': 0.6403036652671171, 'gpp_b': 1.284284091405877e-05, 'gpp_d': 8.057329182285729, 'ign_k': 5.351470428717437, 'ign_c': 5.13055176058983, 'trop_agb_crit': 10.691477813613638, 'trop_k_veg': 0.5772603928610088}.
[I 2026-08-06 11:25:51,345] Trial 281 finished with values: [10.707045089686929, 10.707045089686929] and parameters: {'k1': 0.01889771394135163, 'D_low': 40.12413353131991, 'k2': 1.1065812688893481e-05, 'D_high': 21.947742689197344, 'fire_exp': 1.221575427404682, 'P_half': 140.74279366401683, 'pre_dampen_half': 8.594202650742222, 'gpp_af': 5.335773317316405, 'gpp_b': 0.0054502936945582505, 'gpp_d': 0.043441170039664925, 'ign_k': 0.0680787482656459, 'ign_c': 1.9580595319750387, 'trop_agb_crit': 7.500118950416987, 'trop_k_veg': 1.0594599158279707}.
[I 2026-08-06 11:25:52,632] Trial 282 finished with values: [-0.5296415043431634, 0.04123242980386255] and parameters: {'k1': 0.01889771394135163, 'D_low': 7.299348683062307, 'k2': 1.1065812688893481e-05, 'D_high': 21.947742689197344, 'fire_exp': 1.1263716762638152, 'P_half': 4.213183643253957, 'pre_dampen_half': 63.6685916079943, 'gpp_af': 0.6403036652671171, 'gpp_b': 0.22727308251068193, 'gpp_d': 84.31013932082456, 'ign_k': 0.11619873314872933, 'ign_c': 1.9580595319750387, 'trop_agb_crit': 7.500118950416987, 'trop_k_veg': 1.0594599158279707}.
[I 2026-08-06 11:25:53,990] Trial 283 finished with values: [10.577395464943603, 10.577395464943603] and parameters: {'k1': 0.00031134168041628584, 'D_low': 12.105387404469584, 'k2': 0.003101429427212743, 'D_high': 25628.666000163565, 'fire_exp': 1.3170256885255098, 'P_half': 712.8188058401365, 'pre_dampen_half': 63.6685916079943, 'gpp_af': 0.6403036652671171, 'gpp_b': 0.22727308251068193, 'gpp_d': 1.493264336549928, 'ign_k': 0.21006485619596416, 'ign_c': 11.400863701127316, 'trop_agb_crit': 1.0903028125370984, 'trop_k_veg': 4.989748894578724}.
[I 2026-08-06 11:25:55,254] Trial 284 finished with values: [10.493822602020273, 10.493822602020273] and parameters: {'k1': 0.01889771394135163, 'D_low': 355.00125258511594, 'k2': 0.03538758864779238, 'D_high': 60107.420288647554, 'fire_exp': 1.3170256885255098, 'P_half': 323.6099399575106, 'pre_dampen_half': 5.048653998722947, 'gpp_af': 1.9706963379095486, 'gpp_b': 0.0054502936945582505, 'gpp_d': 16.460426816350523, 'ign_k': 0.11619873314872933, 'ign_c': 1.9580595319750387, 'trop_agb_crit': 24.584290528289387, 'trop_k_veg': 1.0594599158279707}.
[I 2026-08-06 11:25:56,629] Trial 285 finished with values: [10.757726199955945, 10.757726199955945] and parameters: {'k1': 0.05778755734457457, 'D_low': 1683.621997588799, 'k2': 1.1065812688893481e-05, 'D_high': 61536.58035691648, 'fire_exp': 1.0601964743503993, 'P_half': 4.213183643253957, 'pre_dampen_half': 552.4163637315892, 'gpp_af': 1.9706963379095486, 'gpp_b': 1.4868114807380364, 'gpp_d': 5.1715677287580455, 'ign_k': 5.351470428717437, 'ign_c': 15.221840161091626, 'trop_agb_crit': 7.500118950416987, 'trop_k_veg': 0.6673124511410327}.
[I 2026-08-06 11:25:57,953] Trial 286 finished with values: [-0.5594080888655413, 0.03315527964759246] and parameters: {'k1': 0.05705198955850472, 'D_low': 38.82837025280678, 'k2': 0.03538758864779238, 'D_high': 3712.591045287726, 'fire_exp': 1.0601964743503993, 'P_half': 4.213183643253957, 'pre_dampen_half': 38.00678588560607, 'gpp_af': 1.6059727222314273, 'gpp_b': 0.14577755664212386, 'gpp_d': 84.31013932082456, 'ign_k': 0.010167079878196114, 'ign_c': 7.4063809263110905, 'trop_agb_crit': 7.500118950416987, 'trop_k_veg': 3.1473758868965476}.
[I 2026-08-06 11:25:59,318] Trial 287 finished with values: [10.336859185514127, 10.336859185514127] and parameters: {'k1': 0.05778755734457457, 'D_low': 284.21405887320833, 'k2': 0.0007047307383115598, 'D_high': 5670.3463356272905, 'fire_exp': 1.0362310858538248, 'P_half': 1.605843632310088, 'pre_dampen_half': 1.3833139021965035, 'gpp_af': 0.6403036652671171, 'gpp_b': 1.598364670380439e-05, 'gpp_d': 229.41380323183625, 'ign_k': 0.12329098365270515, 'ign_c': 8.40543912931368, 'trop_agb_crit': 6.119263728555865, 'trop_k_veg': 6.45312300188076}.
[I 2026-08-06 11:26:00,629] Trial 288 finished with values: [10.720124542995785, 10.720124542995785] and parameters: {'k1': 0.008912611835817005, 'D_low': 7.299348683062307, 'k2': 0.003101429427212743, 'D_high': 645.2946500764235, 'fire_exp': 1.4690410989404576, 'P_half': 9218.802364707573, 'pre_dampen_half': 63.6685916079943, 'gpp_af': 0.6403036652671171, 'gpp_b': 0.0005739662837359252, 'gpp_d': 2.944272359149677, 'ign_k': 0.21006485619596416, 'ign_c': 5.13055176058983, 'trop_agb_crit': 1.0903028125370984, 'trop_k_veg': 3.1473758868965476}.
[I 2026-08-06 11:26:01,975] Trial 289 finished with values: [10.637570966357478, 10.637570966357478] and parameters: {'k1': 0.002155595057104387, 'D_low': 8.446694862290624, 'k2': 0.0007047307383115598, 'D_high': 21.947742689197344, 'fire_exp': 1.423480109671474, 'P_half': 221.2683656611821, 'pre_dampen_half': 3.3841016089580034, 'gpp_af': 1.5386842469144075, 'gpp_b': 1.284284091405877e-05, 'gpp_d': 229.41380323183625, 'ign_k': 5.351470428717437, 'ign_c': 18.219343937475102, 'trop_agb_crit': 10.691477813613638, 'trop_k_veg': 1.0594599158279707}.
[I 2026-08-06 11:26:03,331] Trial 290 finished with values: [10.180362572682704, 10.180362572682704] and parameters: {'k1': 3.23559867820537e-05, 'D_low': 7.299348683062307, 'k2': 0.0154590023470884, 'D_high': 21.947742689197344, 'fire_exp': 1.0362310858538248, 'P_half': 4.213183643253957, 'pre_dampen_half': 63.6685916079943, 'gpp_af': 9.860891468435602, 'gpp_b': 0.14577755664212386, 'gpp_d': 84.31013932082456, 'ign_k': 0.11619873314872933, 'ign_c': 2.414259639010457, 'trop_agb_crit': 7.500118950416987, 'trop_k_veg': 6.45312300188076}.
[I 2026-08-06 11:26:04,789] Trial 291 finished with values: [10.072459641607153, 10.072459641607153] and parameters: {'k1': 0.008471801418819975, 'D_low': 2.143851363193517, 'k2': 1.1065812688893481e-05, 'D_high': 42.070539502879384, 'fire_exp': 1.1430983876313219, 'P_half': 175.2878790340412, 'pre_dampen_half': 63.6685916079943, 'gpp_af': 0.10409127568994281, 'gpp_b': 1.3289448722869181e-05, 'gpp_d': 1.493264336549928, 'ign_k': 2.1368329072358767, 'ign_c': 0.70689749506246, 'trop_agb_crit': 10.965064494899984, 'trop_k_veg': 0.6673124511410327}.
[I 2026-08-06 11:26:06,018] Trial 292 finished with values: [10.055094632535438, 10.055094632535438] and parameters: {'k1': 2.316457903103837e-05, 'D_low': 520.4862686958022, 'k2': 0.014344484793173472, 'D_high': 1578.0309954142967, 'fire_exp': 1.0629462657398439, 'P_half': 220.3445560633069, 'pre_dampen_half': 502.5175192217655, 'gpp_af': 5.335773317316405, 'gpp_b': 3.481277316673104e-05, 'gpp_d': 4.25060659305504, 'ign_k': 0.0680787482656459, 'ign_c': 0.557280750002996, 'trop_agb_crit': 8.997007571451054, 'trop_k_veg': 3.49157152291552}.
[I 2026-08-06 11:26:07,239] Trial 293 finished with values: [10.650197371525476, 10.650197371525476] and parameters: {'k1': 0.05705198955850472, 'D_low': 7.299348683062307, 'k2': 0.03538758864779238, 'D_high': 21.947742689197344, 'fire_exp': 1.0601964743503993, 'P_half': 4.213183643253957, 'pre_dampen_half': 5.048653998722947, 'gpp_af': 1.9706963379095486, 'gpp_b': 0.0054502936945582505, 'gpp_d': 84.31013932082456, 'ign_k': 0.11619873314872933, 'ign_c': 1.9580595319750387, 'trop_agb_crit': 7.500118950416987, 'trop_k_veg': 1.0594599158279707}.
[I 2026-08-06 11:26:08,463] Trial 294 finished with values: [10.767702283323809, 10.767702283323809] and parameters: {'k1': 0.008912611835817005, 'D_low': 38.82837025280678, 'k2': 7.914423612155373e-05, 'D_high': 3712.591045287726, 'fire_exp': 1.0629462657398439, 'P_half': 220.3445560633069, 'pre_dampen_half': 38.00678588560607, 'gpp_af': 0.7539992074650279, 'gpp_b': 0.14577755664212386, 'gpp_d': 5.1715677287580455, 'ign_k': 5.901020135452, 'ign_c': 33.81093273170848, 'trop_agb_crit': 1.0455434848969813, 'trop_k_veg': 3.1473758868965476}.
[I 2026-08-06 11:26:09,745] Trial 295 finished with values: [10.678198096732341, 10.678198096732341] and parameters: {'k1': 0.008912611835817005, 'D_low': 12.105387404469584, 'k2': 0.012758211164590085, 'D_high': 5670.3463356272905, 'fire_exp': 1.3170256885255098, 'P_half': 4.213183643253957, 'pre_dampen_half': 0.2888838362365318, 'gpp_af': 0.1476584299248268, 'gpp_b': 0.07904599925873733, 'gpp_d': 1.6983565276584263, 'ign_k': 8.708806168038567, 'ign_c': 0.12510188850164433, 'trop_agb_crit': 7.901343398678964, 'trop_k_veg': 0.6673124511410327}.
[I 2026-08-06 11:26:10,981] Trial 296 finished with values: [-0.5284251153691326, 0.0396526634912574] and parameters: {'k1': 0.008471801418819975, 'D_low': 4.484744524732794, 'k2': 0.011715293025123641, 'D_high': 1123.9682517242118, 'fire_exp': 1.1430983876313219, 'P_half': 175.2878790340412, 'pre_dampen_half': 5.048653998722947, 'gpp_af': 0.7539992074650279, 'gpp_b': 0.0021331409710300844, 'gpp_d': 16.460426816350523, 'ign_k': 0.11619873314872933, 'ign_c': 0.70689749506246, 'trop_agb_crit': 14.948114979829949, 'trop_k_veg': 1.4584243470991722}.
[I 2026-08-06 11:26:12,207] Trial 297 finished with values: [10.768316922054053, 10.768316922054053] and parameters: {'k1': 0.06994589881535453, 'D_low': 355.00125258511594, 'k2': 0.03538758864779238, 'D_high': 11832.967057468773, 'fire_exp': 1.7008648718913113, 'P_half': 4.213183643253957, 'pre_dampen_half': 63.6685916079943, 'gpp_af': 1.9706963379095486, 'gpp_b': 0.42247700890263645, 'gpp_d': 2.944272359149677, 'ign_k': 0.12329098365270515, 'ign_c': 48.704711413416454, 'trop_agb_crit': 1.0693376406863295, 'trop_k_veg': 0.8157008881455025}.
[I 2026-08-06 11:26:13,430] Trial 298 finished with values: [-0.5071137755391443, 0.16493516491436622] and parameters: {'k1': 0.004312951023617458, 'D_low': 4.484744524732794, 'k2': 1.915468390724633e-05, 'D_high': 76.19822175388143, 'fire_exp': 1.0629462657398439, 'P_half': 4.213183643253957, 'pre_dampen_half': 38.00678588560607, 'gpp_af': 1.6059727222314273, 'gpp_b': 0.0001314103502608067, 'gpp_d': 16.460426816350523, 'ign_k': 0.01364908766641695, 'ign_c': 2.8335389417624683, 'trop_agb_crit': 1.0455434848969813, 'trop_k_veg': 2.4336356947036335}.
[I 2026-08-06 11:26:14,675] Trial 299 finished with values: [10.768477296466695, 10.768477296466695] and parameters: {'k1': 0.011966626407443505, 'D_low': 1313.2212275639863, 'k2': 0.03538758864779238, 'D_high': 1236.6924205139144, 'fire_exp': 1.1263716762638152, 'P_half': 25.14786015817362, 'pre_dampen_half': 0.9166964238460105, 'gpp_af': 0.6403036652671171, 'gpp_b': 0.00431329787498825, 'gpp_d': 2.944272359149677, 'ign_k': 0.07091190338709638, 'ign_c': 1.9580595319750387, 'trop_agb_crit': 6.119263728555865, 'trop_k_veg': 0.586974895308737}.
[I 2026-08-06 11:26:16,012] Trial 300 finished with values: [11.382222677510514, 11.382222677510514] and parameters: {'k1': 0.002155595057104387, 'D_low': 1.54121727098019, 'k2': 8.923807143379776e-05, 'D_high': 61536.58035691648, 'fire_exp': 1.423480109671474, 'P_half': 9.324787201197319, 'pre_dampen_half': 502.5175192217655, 'gpp_af': 0.7539992074650279, 'gpp_b': 1.284284091405877e-05, 'gpp_d': 229.41380323183625, 'ign_k': 0.0680787482656459, 'ign_c': 0.557280750002996, 'trop_agb_crit': 1.14876138417489, 'trop_k_veg': 1.4584243470991722}.
[I 2026-08-06 11:26:17,280] Trial 301 finished with values: [10.411426552973959, 10.411426552973959] and parameters: {'k1': 0.012021930484915042, 'D_low': 355.00125258511594, 'k2': 0.0012040762895973265, 'D_high': 1615.0602315370222, 'fire_exp': 1.3170256885255098, 'P_half': 6.784924519083139, 'pre_dampen_half': 63.6685916079943, 'gpp_af': 2.6003623362924237, 'gpp_b': 7.210246166617508e-05, 'gpp_d': 4.25060659305504, 'ign_k': 0.18697387216131534, 'ign_c': 24.398964530167703, 'trop_agb_crit': 6.119263728555865, 'trop_k_veg': 3.49157152291552}.
[I 2026-08-06 11:26:18,521] Trial 302 finished with values: [10.360930065790969, 10.360930065790969] and parameters: {'k1': 0.008912611835817005, 'D_low': 12.105387404469584, 'k2': 1.1065812688893481e-05, 'D_high': 3712.591045287726, 'fire_exp': 1.3170256885255098, 'P_half': 323.6099399575106, 'pre_dampen_half': 63.6685916079943, 'gpp_af': 5.335773317316405, 'gpp_b': 0.0005392415140872105, 'gpp_d': 16.460426816350523, 'ign_k': 0.01364908766641695, 'ign_c': 15.221840161091626, 'trop_agb_crit': 24.584290528289387, 'trop_k_veg': 2.4336356947036335}.
[I 2026-08-06 11:26:19,781] Trial 303 finished with values: [10.758011082038504, 10.758011082038504] and parameters: {'k1': 0.00031134168041628584, 'D_low': 78.86001704920405, 'k2': 1.1065812688893481e-05, 'D_high': 2289.1315306837046, 'fire_exp': 1.0601964743503993, 'P_half': 7523.33707868091, 'pre_dampen_half': 552.4163637315892, 'gpp_af': 26.237921284430897, 'gpp_b': 1.4868114807380364, 'gpp_d': 5.1715677287580455, 'ign_k': 0.038563028138793747, 'ign_c': 30.785541778315018, 'trop_agb_crit': 7.500118950416987, 'trop_k_veg': 0.6673124511410327}.
[I 2026-08-06 11:26:21,051] Trial 304 finished with values: [10.365163748494325, 10.365163748494325] and parameters: {'k1': 0.01889771394135163, 'D_low': 3.525936800597896, 'k2': 1.1065812688893481e-05, 'D_high': 21.947742689197344, 'fire_exp': 1.0601964743503993, 'P_half': 4.213183643253957, 'pre_dampen_half': 5.048653998722947, 'gpp_af': 43.527268658119496, 'gpp_b': 1.3289448722869181e-05, 'gpp_d': 1.6983565276584263, 'ign_k': 0.6161423618045312, 'ign_c': 1.9580595319750387, 'trop_agb_crit': 7.500118950416987, 'trop_k_veg': 0.6673124511410327}.
[I 2026-08-06 11:26:22,276] Trial 305 finished with values: [10.939233458855206, 10.939233458855206] and parameters: {'k1': 0.012021930484915042, 'D_low': 12.105387404469584, 'k2': 0.003101429427212743, 'D_high': 2289.1315306837046, 'fire_exp': 1.1263716762638152, 'P_half': 712.8188058401365, 'pre_dampen_half': 331.7366635899375, 'gpp_af': 0.6403036652671171, 'gpp_b': 0.012132126638791128, 'gpp_d': 82.84476373292449, 'ign_k': 0.038563028138793747, 'ign_c': 1.9580595319750387, 'trop_agb_crit': 14.948114979829949, 'trop_k_veg': 1.0594599158279707}.
[I 2026-08-06 11:26:23,473] Trial 306 finished with values: [10.76923076892712, 10.76923076892712] and parameters: {'k1': 3.23559867820537e-05, 'D_low': 4.484744524732794, 'k2': 1.915468390724633e-05, 'D_high': 8182.111518618414, 'fire_exp': 9.883433002836895, 'P_half': 338.23872019362165, 'pre_dampen_half': 552.4163637315892, 'gpp_af': 0.7539992074650279, 'gpp_b': 3.481277316673104e-05, 'gpp_d': 5.1715677287580455, 'ign_k': 0.0680787482656459, 'ign_c': 15.221840161091626, 'trop_agb_crit': 24.584290528289387, 'trop_k_veg': 6.2065960186008615}.
[I 2026-08-06 11:26:24,824] Trial 307 finished with values: [10.120673305106079, 10.120673305106079] and parameters: {'k1': 0.002155595057104387, 'D_low': 355.00125258511594, 'k2': 1.915468390724633e-05, 'D_high': 645.2946500764235, 'fire_exp': 1.423480109671474, 'P_half': 5.076307782729897, 'pre_dampen_half': 63.6685916079943, 'gpp_af': 0.7539992074650279, 'gpp_b': 1.284284091405877e-05, 'gpp_d': 16.460426816350523, 'ign_k': 5.351470428717437, 'ign_c': 18.219343937475102, 'trop_agb_crit': 10.691477813613638, 'trop_k_veg': 6.45312300188076}.
[I 2026-08-06 11:26:26,040] Trial 308 finished with values: [10.492994158915174, 10.492994158915174] and parameters: {'k1': 0.008912611835817005, 'D_low': 355.00125258511594, 'k2': 0.0012040762895973265, 'D_high': 3712.591045287726, 'fire_exp': 1.1430983876313219, 'P_half': 323.6099399575106, 'pre_dampen_half': 10.129197956845726, 'gpp_af': 0.6403036652671171, 'gpp_b': 1.3289448722869181e-05, 'gpp_d': 10.369565216756202, 'ign_k': 0.0049611344501914005, 'ign_c': 15.221840161091626, 'trop_agb_crit': 3.848553322122042, 'trop_k_veg': 3.869465953383845}.
[I 2026-08-06 11:26:27,221] Trial 309 finished with values: [10.303395734421366, 10.303395734421366] and parameters: {'k1': 2.316457903103837e-05, 'D_low': 520.4862686958022, 'k2': 0.003419108473554454, 'D_high': 3712.591045287726, 'fire_exp': 1.0629462657398439, 'P_half': 140.74279366401683, 'pre_dampen_half': 38.00678588560607, 'gpp_af': 1.6059727222314273, 'gpp_b': 0.14577755664212386, 'gpp_d': 4.25060659305504, 'ign_k': 0.010167079878196114, 'ign_c': 2.8335389417624683, 'trop_agb_crit': 1.0455434848969813, 'trop_k_veg': 3.49157152291552}.
[I 2026-08-06 11:26:28,442] Trial 310 finished with values: [10.411810619506722, 10.411810619506722] and parameters: {'k1': 0.008912611835817005, 'D_low': 7.299348683062307, 'k2': 1.1065812688893481e-05, 'D_high': 21.947742689197344, 'fire_exp': 1.0629462657398439, 'P_half': 220.3445560633069, 'pre_dampen_half': 5.048653998722947, 'gpp_af': 0.7539992074650279, 'gpp_b': 0.0054502936945582505, 'gpp_d': 16.460426816350523, 'ign_k': 0.0680787482656459, 'ign_c': 1.9580595319750387, 'trop_agb_crit': 1.0455434848969813, 'trop_k_veg': 1.0594599158279707}.
[I 2026-08-06 11:26:29,692] Trial 311 finished with values: [10.701678045773294, 10.701678045773294] and parameters: {'k1': 0.008912611835817005, 'D_low': 1078.832206002305, 'k2': 1.915468390724633e-05, 'D_high': 3712.591045287726, 'fire_exp': 1.3170256885255098, 'P_half': 4.213183643253957, 'pre_dampen_half': 8.594202650742222, 'gpp_af': 5.335773317316405, 'gpp_b': 0.0038900687554386305, 'gpp_d': 16.460426816350523, 'ign_k': 0.01364908766641695, 'ign_c': 11.400863701127316, 'trop_agb_crit': 7.500118950416987, 'trop_k_veg': 0.6673124511410327}.
[I 2026-08-06 11:26:31,077] Trial 312 finished with values: [10.57062312255493, 10.57062312255493] and parameters: {'k1': 0.008912611835817005, 'D_low': 7.299348683062307, 'k2': 1.1065812688893481e-05, 'D_high': 21.947742689197344, 'fire_exp': 1.3170256885255098, 'P_half': 4.213183643253957, 'pre_dampen_half': 5.048653998722947, 'gpp_af': 1.9706963379095486, 'gpp_b': 0.1500112079985056, 'gpp_d': 84.31013932082456, 'ign_k': 0.11619873314872933, 'ign_c': 1.9580595319750387, 'trop_agb_crit': 1.6878075072665546, 'trop_k_veg': 0.6673124511410327}.
[I 2026-08-06 11:26:32,332] Trial 313 finished with values: [10.768985942011586, 10.768985942011586] and parameters: {'k1': 0.06598741607403362, 'D_low': 984.098934375832, 'k2': 1.915468390724633e-05, 'D_high': 503.20593472868046, 'fire_exp': 6.543846824249409, 'P_half': 221.2683656611821, 'pre_dampen_half': 502.5175192217655, 'gpp_af': 2.555721998081808, 'gpp_b': 0.0005392415140872105, 'gpp_d': 2.944272359149677, 'ign_k': 0.12329098365270515, 'ign_c': 0.7902459656172902, 'trop_agb_crit': 2.9222815721218716, 'trop_k_veg': 0.6743482387129308}.
