[I 2026-08-06 03:08:07,230] Trial 1412 finished with values: [-0.5178660992365363, 0.22756053515071928] and parameters: {'k1': 0.00324789183891923, 'D_low': 29.89885508829526, 'k2': 0.0018200694976756812, 'D_high': 2969.087094484682, 'fire_exp': 1.0881360604103363, 'P_half': 215.55950571043874, 'pre_dampen_half': 107.40052367919465, 'gpp_af': 5.620854611217178, 'gpp_b': 1.1008110571039521e-05, 'gpp_d': 29.83701993880331, 'ign_k': 0.6454459531371669, 'ign_c': 10.140635645866492}.
[I 2026-08-06 03:08:08,670] Trial 1413 finished with values: [-0.4985431260641516, 0.085437129469347] and parameters: {'k1': 0.00324789183891923, 'D_low': 29.89885508829526, 'k2': 0.0022957398214549472, 'D_high': 2969.087094484682, 'fire_exp': 1.0881360604103363, 'P_half': 215.55950571043874, 'pre_dampen_half': 107.40052367919465, 'gpp_af': 1.3725472882585024, 'gpp_b': 0.008226792720717493, 'gpp_d': 376.2273313395826, 'ign_k': 0.13555497741705774, 'ign_c': 6.160975294741436}.
[I 2026-08-06 03:08:10,164] Trial 1414 finished with values: [10.731852063795605, 10.731852063795605] and parameters: {'k1': 0.00324789183891923, 'D_low': 4.075267974954964, 'k2': 0.002935672965826306, 'D_high': 2969.087094484682, 'fire_exp': 1.518582349269638, 'P_half': 215.55950571043874, 'pre_dampen_half': 0.061627438103753165, 'gpp_af': 5.620854611217178, 'gpp_b': 0.00013080022982604522, 'gpp_d': 29.749683811098393, 'ign_k': 0.6454459531371669, 'ign_c': 9.34330265731847}.
[I 2026-08-06 03:08:11,614] Trial 1415 finished with values: [10.329515830746198, 10.329515830746198] and parameters: {'k1': 0.00324789183891923, 'D_low': 29.89885508829526, 'k2': 0.0022957398214549472, 'D_high': 2969.087094484682, 'fire_exp': 1.0881360604103363, 'P_half': 607.570211421418, 'pre_dampen_half': 107.40052367919465, 'gpp_af': 5.620854611217178, 'gpp_b': 0.008226792720717493, 'gpp_d': 1.826381177000974, 'ign_k': 4.006890332238651, 'ign_c': 10.140635645866492}.
[I 2026-08-06 03:08:13,007] Trial 1416 finished with values: [11.911690346582422, 11.911690346582422] and parameters: {'k1': 0.00324789183891923, 'D_low': 29.89885508829526, 'k2': 0.0022957398214549472, 'D_high': 14895.167857414559, 'fire_exp': 1.0881360604103363, 'P_half': 12.808863354047988, 'pre_dampen_half': 107.40052367919465, 'gpp_af': 0.18148402127631746, 'gpp_b': 2.4497488749956643e-05, 'gpp_d': 29.83701993880331, 'ign_k': 0.6454459531371669, 'ign_c': 10.140635645866492}.
[I 2026-08-06 03:08:14,430] Trial 1417 finished with values: [-0.4931790692457302, 0.051524196914707665] and parameters: {'k1': 0.00324789183891923, 'D_low': 1.2299210465793122, 'k2': 0.03210808548911189, 'D_high': 2969.087094484682, 'fire_exp': 1.0881360604103363, 'P_half': 215.55950571043874, 'pre_dampen_half': 107.40052367919465, 'gpp_af': 0.47739011308437823, 'gpp_b': 0.008226792720717493, 'gpp_d': 5.878566318396007, 'ign_k': 3.529389593576794, 'ign_c': 10.140635645866492}.
[I 2026-08-06 03:08:15,823] Trial 1418 finished with values: [-0.49997048016789225, 0.1459924519577076] and parameters: {'k1': 0.00324789183891923, 'D_low': 68.10869610924271, 'k2': 0.03210808548911189, 'D_high': 2969.087094484682, 'fire_exp': 1.0881360604103363, 'P_half': 215.55950571043874, 'pre_dampen_half': 304.7488318185732, 'gpp_af': 5.620854611217178, 'gpp_b': 0.008226792720717493, 'gpp_d': 2.893272120738162, 'ign_k': 0.6454459531371669, 'ign_c': 0.1457050032975653}.
[I 2026-08-06 03:08:17,231] Trial 1419 finished with values: [-0.4792280865009698, 0.0574872701221828] and parameters: {'k1': 0.00324789183891923, 'D_low': 4.075267974954964, 'k2': 0.0022957398214549472, 'D_high': 2969.087094484682, 'fire_exp': 1.0881360604103363, 'P_half': 215.55950571043874, 'pre_dampen_half': 304.7488318185732, 'gpp_af': 0.6418343258142463, 'gpp_b': 0.024796579879439486, 'gpp_d': 29.83701993880331, 'ign_k': 0.6454459531371669, 'ign_c': 1.8494675180817686}.
[I 2026-08-06 03:08:18,654] Trial 1420 finished with values: [10.667443682798226, 10.667443682798226] and parameters: {'k1': 0.00324789183891923, 'D_low': 4.075267974954964, 'k2': 0.0022957398214549472, 'D_high': 26835.953334046168, 'fire_exp': 1.0881360604103363, 'P_half': 215.55950571043874, 'pre_dampen_half': 339.40346662065144, 'gpp_af': 0.0048478428004036025, 'gpp_b': 0.024796579879439486, 'gpp_d': 34.37107943937136, 'ign_k': 0.1384332853353327, 'ign_c': 8.671454322584175}.
[I 2026-08-06 03:08:20,790] Trial 1421 finished with values: [10.012883441682561, 10.012883441682561] and parameters: {'k1': 0.00012812030076593395, 'D_low': 4.075267974954964, 'k2': 0.0022957398214549472, 'D_high': 2969.087094484682, 'fire_exp': 1.0881360604103363, 'P_half': 215.55950571043874, 'pre_dampen_half': 827.1939770346661, 'gpp_af': 1.3725472882585024, 'gpp_b': 0.024796579879439486, 'gpp_d': 29.83701993880331, 'ign_k': 0.6454459531371669, 'ign_c': 10.140635645866492}.
[I 2026-08-06 03:08:22,197] Trial 1422 finished with values: [10.061502146168804, 10.061502146168804] and parameters: {'k1': 0.00324789183891923, 'D_low': 4.075267974954964, 'k2': 0.0022957398214549472, 'D_high': 2969.087094484682, 'fire_exp': 1.0881360604103363, 'P_half': 3.654652697890419, 'pre_dampen_half': 107.40052367919465, 'gpp_af': 0.6418343258142463, 'gpp_b': 0.011750724729953272, 'gpp_d': 29.83701993880331, 'ign_k': 0.006427804711224163, 'ign_c': 10.140635645866492}.
[I 2026-08-06 03:08:23,618] Trial 1423 finished with values: [-0.5129028453771849, 0.10270077485189022] and parameters: {'k1': 0.00324789183891923, 'D_low': 5.456314022643806, 'k2': 0.002935672965826306, 'D_high': 2088.984173542034, 'fire_exp': 1.518582349269638, 'P_half': 215.55950571043874, 'pre_dampen_half': 805.2502904451399, 'gpp_af': 0.6418343258142463, 'gpp_b': 0.00013080022982604522, 'gpp_d': 29.749683811098393, 'ign_k': 0.6454459531371669, 'ign_c': 9.34330265731847}.
[I 2026-08-06 03:08:25,126] Trial 1424 finished with values: [10.569415962640266, 10.569415962640266] and parameters: {'k1': 0.04897760278488444, 'D_low': 29.89885508829526, 'k2': 0.002935672965826306, 'D_high': 10316.033434719713, 'fire_exp': 1.0881360604103363, 'P_half': 3766.680988255313, 'pre_dampen_half': 107.40052367919465, 'gpp_af': 1.8683694679300018, 'gpp_b': 0.08040151168202724, 'gpp_d': 5.878566318396007, 'ign_k': 0.6454459531371669, 'ign_c': 10.140635645866492}.
[I 2026-08-06 03:08:26,565] Trial 1425 finished with values: [-0.5048164833468677, 0.1271241272860194] and parameters: {'k1': 0.00324789183891923, 'D_low': 1.2299210465793122, 'k2': 0.03210808548911189, 'D_high': 2969.087094484682, 'fire_exp': 1.0881360604103363, 'P_half': 215.55950571043874, 'pre_dampen_half': 107.40052367919465, 'gpp_af': 5.620854611217178, 'gpp_b': 0.008226792720717493, 'gpp_d': 29.83701993880331, 'ign_k': 0.6454459531371669, 'ign_c': 10.140635645866492}.
[I 2026-08-06 03:08:28,034] Trial 1426 finished with values: [10.067162703706583, 10.067162703706583] and parameters: {'k1': 4.05898207003965e-05, 'D_low': 29.89885508829526, 'k2': 0.012758211164590085, 'D_high': 2969.087094484682, 'fire_exp': 1.0881360604103363, 'P_half': 215.55950571043874, 'pre_dampen_half': 107.40052367919465, 'gpp_af': 5.620854611217178, 'gpp_b': 0.011750724729953272, 'gpp_d': 29.83701993880331, 'ign_k': 0.6454459531371669, 'ign_c': 5.771566094775099}.
[I 2026-08-06 03:08:29,427] Trial 1427 finished with values: [10.471788513806167, 10.471788513806167] and parameters: {'k1': 0.00324789183891923, 'D_low': 29.89885508829526, 'k2': 0.002891958791644794, 'D_high': 2969.087094484682, 'fire_exp': 1.0881360604103363, 'P_half': 2.1570307680573153, 'pre_dampen_half': 107.40052367919465, 'gpp_af': 0.8942824595236101, 'gpp_b': 1.1008110571039521e-05, 'gpp_d': 258.2746858912498, 'ign_k': 0.5080094006294851, 'ign_c': 7.916322947490362}.
[I 2026-08-06 03:08:30,854] Trial 1428 finished with values: [-0.48220694955740573, 0.03356640359874796] and parameters: {'k1': 0.016383781286443064, 'D_low': 1.2299210465793122, 'k2': 0.0022957398214549472, 'D_high': 2969.087094484682, 'fire_exp': 1.0881360604103363, 'P_half': 215.55950571043874, 'pre_dampen_half': 107.40052367919465, 'gpp_af': 0.18148402127631746, 'gpp_b': 0.008226792720717493, 'gpp_d': 29.83701993880331, 'ign_k': 0.6454459531371669, 'ign_c': 10.140635645866492}.
[I 2026-08-06 03:08:32,278] Trial 1429 finished with values: [10.116261642154365, 10.116261642154365] and parameters: {'k1': 0.00324789183891923, 'D_low': 29.89885508829526, 'k2': 0.0022957398214549472, 'D_high': 1049.1246574185643, 'fire_exp': 1.0881360604103363, 'P_half': 215.55950571043874, 'pre_dampen_half': 805.2502904451399, 'gpp_af': 0.6418343258142463, 'gpp_b': 0.024796579879439486, 'gpp_d': 26.07917317941345, 'ign_k': 0.6454459531371669, 'ign_c': 6.160975294741436}.
[I 2026-08-06 03:08:33,696] Trial 1430 finished with values: [-0.5123191199513429, 0.2348294946165309] and parameters: {'k1': 0.00324789183891923, 'D_low': 29.89885508829526, 'k2': 0.0022957398214549472, 'D_high': 2969.087094484682, 'fire_exp': 1.0881360604103363, 'P_half': 215.55950571043874, 'pre_dampen_half': 304.7488318185732, 'gpp_af': 5.620854611217178, 'gpp_b': 2.4497488749956643e-05, 'gpp_d': 1.826381177000974, 'ign_k': 4.006890332238651, 'ign_c': 10.140635645866492}.
[I 2026-08-06 03:08:35,185] Trial 1431 finished with values: [10.029621520321161, 10.029621520321161] and parameters: {'k1': 0.04897760278488444, 'D_low': 10.980728756907085, 'k2': 0.004940031671739378, 'D_high': 2969.087094484682, 'fire_exp': 1.0881360604103363, 'P_half': 215.55950571043874, 'pre_dampen_half': 107.40052367919465, 'gpp_af': 4.5092553051828705, 'gpp_b': 0.08040151168202724, 'gpp_d': 5.878566318396007, 'ign_k': 1.8669871096222272, 'ign_c': 10.140635645866492}.
[I 2026-08-06 03:08:36,715] Trial 1432 finished with values: [-0.5040158051620214, 0.17916621129515775] and parameters: {'k1': 0.00324789183891923, 'D_low': 29.89885508829526, 'k2': 0.0022957398214549472, 'D_high': 2969.087094484682, 'fire_exp': 1.0881360604103363, 'P_half': 215.55950571043874, 'pre_dampen_half': 107.40052367919465, 'gpp_af': 68.49093205085057, 'gpp_b': 0.008226792720717493, 'gpp_d': 29.83701993880331, 'ign_k': 0.6454459531371669, 'ign_c': 10.140635645866492}.
[I 2026-08-06 03:08:38,139] Trial 1433 finished with values: [10.769230769045793, 10.769230769045793] and parameters: {'k1': 0.00324789183891923, 'D_low': 68.10869610924271, 'k2': 0.03210808548911189, 'D_high': 2969.087094484682, 'fire_exp': 1.0881360604103363, 'P_half': 12.808863354047988, 'pre_dampen_half': 1.2268879368890822, 'gpp_af': 0.0048478428004036025, 'gpp_b': 0.00031478066835753096, 'gpp_d': 29.83701993880331, 'ign_k': 0.6454459531371669, 'ign_c': 863.8558450754007}.
[I 2026-08-06 03:08:39,549] Trial 1434 finished with values: [-0.4816820868253222, 0.08072485284493258] and parameters: {'k1': 0.00324789183891923, 'D_low': 4.603606140283045, 'k2': 0.00014078352411766088, 'D_high': 4695.480001817503, 'fire_exp': 1.0881360604103363, 'P_half': 3.364457865463594, 'pre_dampen_half': 92.10264346077673, 'gpp_af': 0.18148402127631746, 'gpp_b': 0.008226792720717493, 'gpp_d': 29.83701993880331, 'ign_k': 0.6454459531371669, 'ign_c': 10.140635645866492}.
[I 2026-08-06 03:08:41,815] Trial 1435 finished with values: [-0.5078490757232184, 0.19540253768678983] and parameters: {'k1': 0.00324789183891923, 'D_low': 10.980728756907085, 'k2': 0.012758211164590085, 'D_high': 2969.087094484682, 'fire_exp': 1.0881360604103363, 'P_half': 215.55950571043874, 'pre_dampen_half': 107.40052367919465, 'gpp_af': 4.5092553051828705, 'gpp_b': 0.00031478066835753096, 'gpp_d': 29.83701993880331, 'ign_k': 1.8669871096222272, 'ign_c': 10.140635645866492}.
[I 2026-08-06 03:08:43,350] Trial 1436 finished with values: [10.769230769045793, 10.769230769045793] and parameters: {'k1': 0.003456886280594567, 'D_low': 2.458603276328005, 'k2': 0.0022957398214549472, 'D_high': 2969.087094484682, 'fire_exp': 1.0881360604103363, 'P_half': 215.55950571043874, 'pre_dampen_half': 76.86605275420082, 'gpp_af': 0.8942824595236101, 'gpp_b': 0.011750724729953272, 'gpp_d': 0.06757319853660379, 'ign_k': 0.6454459531371669, 'ign_c': 337.06296224386006}.
[I 2026-08-06 03:08:44,775] Trial 1437 finished with values: [10.76768616192528, 10.76768616192528] and parameters: {'k1': 0.0005128126758785009, 'D_low': 29.89885508829526, 'k2': 4.455881402182094e-05, 'D_high': 11.231301345658464, 'fire_exp': 3.6287385930703477, 'P_half': 215.55950571043874, 'pre_dampen_half': 4.335089924140592, 'gpp_af': 5.620854611217178, 'gpp_b': 0.005612047270186369, 'gpp_d': 26.07917317941345, 'ign_k': 0.6454459531371669, 'ign_c': 10.140635645866492}.
[I 2026-08-06 03:08:46,195] Trial 1438 finished with values: [10.454333452728237, 10.454333452728237] and parameters: {'k1': 0.00324789183891923, 'D_low': 1.3628699025451325, 'k2': 0.0022957398214549472, 'D_high': 2969.087094484682, 'fire_exp': 1.518582349269638, 'P_half': 215.55950571043874, 'pre_dampen_half': 805.2502904451399, 'gpp_af': 5.620854611217178, 'gpp_b': 0.20707216977591905, 'gpp_d': 2.893272120738162, 'ign_k': 3.6394202908311692, 'ign_c': 0.20779081121680665}.
[I 2026-08-06 03:08:47,610] Trial 1439 finished with values: [10.273503973297615, 10.273503973297615] and parameters: {'k1': 0.00324789183891923, 'D_low': 4.075267974954964, 'k2': 0.004940031671739378, 'D_high': 10316.033434719713, 'fire_exp': 1.0881360604103363, 'P_half': 215.55950571043874, 'pre_dampen_half': 107.40052367919465, 'gpp_af': 0.47739011308437823, 'gpp_b': 0.24489444951824743, 'gpp_d': 34.37107943937136, 'ign_k': 3.529389593576794, 'ign_c': 10.140635645866492}.
[I 2026-08-06 03:08:49,003] Trial 1440 finished with values: [10.711479486458856, 10.711479486458856] and parameters: {'k1': 0.00324789183891923, 'D_low': 29.89885508829526, 'k2': 0.012758211164590085, 'D_high': 2969.087094484682, 'fire_exp': 1.0881360604103363, 'P_half': 215.55950571043874, 'pre_dampen_half': 0.08650868699945563, 'gpp_af': 19.538232162315648, 'gpp_b': 0.008226792720717493, 'gpp_d': 29.83701993880331, 'ign_k': 0.6454459531371669, 'ign_c': 10.140635645866492}.
[I 2026-08-06 03:08:50,411] Trial 1441 finished with values: [-0.5107556548607114, 0.1584020801502687] and parameters: {'k1': 0.00324789183891923, 'D_low': 2.458603276328005, 'k2': 0.0022957398214549472, 'D_high': 2969.087094484682, 'fire_exp': 1.518582349269638, 'P_half': 215.55950571043874, 'pre_dampen_half': 805.2502904451399, 'gpp_af': 5.620854611217178, 'gpp_b': 0.00031478066835753096, 'gpp_d': 4.5768578731086835, 'ign_k': 0.6454459531371669, 'ign_c': 0.1457050032975653}.
[I 2026-08-06 03:08:51,852] Trial 1442 finished with values: [-0.5054601008588702, 0.11553365247450609] and parameters: {'k1': 0.00324789183891923, 'D_low': 29.89885508829526, 'k2': 0.0022957398214549472, 'D_high': 2969.087094484682, 'fire_exp': 1.0881360604103363, 'P_half': 215.55950571043874, 'pre_dampen_half': 107.40052367919465, 'gpp_af': 5.620854611217178, 'gpp_b': 0.011750724729953272, 'gpp_d': 29.83701993880331, 'ign_k': 0.6454459531371669, 'ign_c': 10.140635645866492}.
[I 2026-08-06 03:08:53,324] Trial 1443 finished with values: [10.715328430833083, 10.715328430833083] and parameters: {'k1': 0.00324789183891923, 'D_low': 70.18267183720735, 'k2': 0.01153590300936118, 'D_high': 2969.087094484682, 'fire_exp': 1.0881360604103363, 'P_half': 3.364457865463594, 'pre_dampen_half': 805.2502904451399, 'gpp_af': 5.620854611217178, 'gpp_b': 1.1008110571039521e-05, 'gpp_d': 29.749683811098393, 'ign_k': 0.9614686563869651, 'ign_c': 10.140635645866492}.
[I 2026-08-06 03:08:54,726] Trial 1444 finished with values: [10.086353512936089, 10.086353512936089] and parameters: {'k1': 0.00324789183891923, 'D_low': 70.18267183720735, 'k2': 0.018890961174687686, 'D_high': 2969.087094484682, 'fire_exp': 1.151006986743773, 'P_half': 3.364457865463594, 'pre_dampen_half': 76.86605275420082, 'gpp_af': 0.505788295333708, 'gpp_b': 0.00031478066835753096, 'gpp_d': 4.5768578731086835, 'ign_k': 0.6454459531371669, 'ign_c': 6.160975294741436}.
[I 2026-08-06 03:08:56,186] Trial 1445 finished with values: [-0.49548623601571606, 0.09645415236794708] and parameters: {'k1': 0.00693379814597934, 'D_low': 29.89885508829526, 'k2': 0.0022957398214549472, 'D_high': 2969.087094484682, 'fire_exp': 1.0881360604103363, 'P_half': 142.82597314566826, 'pre_dampen_half': 107.40052367919465, 'gpp_af': 1.3725472882585024, 'gpp_b': 0.008226792720717493, 'gpp_d': 29.83701993880331, 'ign_k': 0.6454459531371669, 'ign_c': 9.800540600083304}.
[I 2026-08-06 03:08:57,612] Trial 1446 finished with values: [10.655938855368253, 10.655938855368253] and parameters: {'k1': 0.00324789183891923, 'D_low': 1.2299210465793122, 'k2': 0.00018088412472889515, 'D_high': 2969.087094484682, 'fire_exp': 1.0881360604103363, 'P_half': 215.55950571043874, 'pre_dampen_half': 107.40052367919465, 'gpp_af': 0.0048478428004036025, 'gpp_b': 0.011750724729953272, 'gpp_d': 2.2690261165997048, 'ign_k': 0.6454459531371669, 'ign_c': 6.160975294741436}.
[I 2026-08-06 03:08:59,085] Trial 1447 finished with values: [10.555549354547741, 10.555549354547741] and parameters: {'k1': 0.00324789183891923, 'D_low': 1934.4058229928303, 'k2': 0.03210808548911189, 'D_high': 2969.087094484682, 'fire_exp': 1.0881360604103363, 'P_half': 215.55950571043874, 'pre_dampen_half': 107.40052367919465, 'gpp_af': 5.620854611217178, 'gpp_b': 0.008226792720717493, 'gpp_d': 29.83701993880331, 'ign_k': 0.6454459531371669, 'ign_c': 10.140635645866492}.
[I 2026-08-06 03:09:00,492] Trial 1448 finished with values: [10.183190550899534, 10.183190550899534] and parameters: {'k1': 0.00324789183891923, 'D_low': 1.2299210465793122, 'k2': 0.0022957398214549472, 'D_high': 2969.087094484682, 'fire_exp': 1.0881360604103363, 'P_half': 215.55950571043874, 'pre_dampen_half': 107.40052367919465, 'gpp_af': 0.18148402127631746, 'gpp_b': 0.03308649623479659, 'gpp_d': 4.5768578731086835, 'ign_k': 0.6454459531371669, 'ign_c': 7.916322947490362}.
[I 2026-08-06 03:09:02,579] Trial 1449 finished with values: [10.752209817938946, 10.752209817938946] and parameters: {'k1': 0.00324789183891923, 'D_low': 10.43956705520904, 'k2': 0.0007081721844034209, 'D_high': 7744.80118512745, 'fire_exp': 1.151006986743773, 'P_half': 10.226988730324324, 'pre_dampen_half': 1.978454130747598, 'gpp_af': 0.0048478428004036025, 'gpp_b': 0.011750724729953272, 'gpp_d': 34.37107943937136, 'ign_k': 0.1384332853353327, 'ign_c': 8.671454322584175}.
[I 2026-08-06 03:09:04,062] Trial 1450 finished with values: [10.582336799563969, 10.582336799563969] and parameters: {'k1': 0.00324789183891923, 'D_low': 26.989389523334307, 'k2': 0.0022957398214549472, 'D_high': 3121.3520322039926, 'fire_exp': 3.1204156490905843, 'P_half': 215.55950571043874, 'pre_dampen_half': 76.86605275420082, 'gpp_af': 5.620854611217178, 'gpp_b': 0.011750724729953272, 'gpp_d': 26.07917317941345, 'ign_k': 4.006890332238651, 'ign_c': 10.140635645866492}.
[I 2026-08-06 03:09:05,473] Trial 1451 finished with values: [10.282463929118308, 10.282463929118308] and parameters: {'k1': 0.00324789183891923, 'D_low': 29.89885508829526, 'k2': 0.0022957398214549472, 'D_high': 2969.087094484682, 'fire_exp': 1.0881360604103363, 'P_half': 215.55950571043874, 'pre_dampen_half': 76.86605275420082, 'gpp_af': 5.620854611217178, 'gpp_b': 0.9321708428673128, 'gpp_d': 29.83701993880331, 'ign_k': 0.6454459531371669, 'ign_c': 7.916322947490362}.
[I 2026-08-06 03:09:06,943] Trial 1452 finished with values: [10.463795377561983, 10.463795377561983] and parameters: {'k1': 0.00324789183891923, 'D_low': 10.43956705520904, 'k2': 0.05790512193308814, 'D_high': 2969.087094484682, 'fire_exp': 1.518582349269638, 'P_half': 215.55950571043874, 'pre_dampen_half': 107.40052367919465, 'gpp_af': 5.620854611217178, 'gpp_b': 0.011750724729953272, 'gpp_d': 0.6380717024176037, 'ign_k': 0.6454459531371669, 'ign_c': 10.140635645866492}.
[I 2026-08-06 03:09:08,432] Trial 1453 finished with values: [-0.506474493016102, 0.3531939131014502] and parameters: {'k1': 0.00324789183891923, 'D_low': 21.91957803598265, 'k2': 0.03210808548911189, 'D_high': 2969.087094484682, 'fire_exp': 1.0881360604103363, 'P_half': 12.808863354047988, 'pre_dampen_half': 107.40052367919465, 'gpp_af': 5.620854611217178, 'gpp_b': 2.4497488749956643e-05, 'gpp_d': 1.826381177000974, 'ign_k': 0.6454459531371669, 'ign_c': 10.140635645866492}.
[I 2026-08-06 03:09:09,848] Trial 1454 finished with values: [10.247635750856299, 10.247635750856299] and parameters: {'k1': 0.00324789183891923, 'D_low': 29.89885508829526, 'k2': 0.0022957398214549472, 'D_high': 2969.087094484682, 'fire_exp': 1.0881360604103363, 'P_half': 215.55950571043874, 'pre_dampen_half': 107.40052367919465, 'gpp_af': 5.620854611217178, 'gpp_b': 0.011750724729953272, 'gpp_d': 29.83701993880331, 'ign_k': 0.004955030961786305, 'ign_c': 70.47840732813077}.
[I 2026-08-06 03:09:11,313] Trial 1455 finished with values: [10.743803634178144, 10.743803634178144] and parameters: {'k1': 0.00324789183891923, 'D_low': 29.89885508829526, 'k2': 0.013886937225450393, 'D_high': 2969.087094484682, 'fire_exp': 1.518582349269638, 'P_half': 2013.3201996321875, 'pre_dampen_half': 724.4804125761929, 'gpp_af': 0.18148402127631746, 'gpp_b': 0.008226792720717493, 'gpp_d': 0.0318557175945047, 'ign_k': 0.6454459531371669, 'ign_c': 10.140635645866492}.
[I 2026-08-06 03:09:12,705] Trial 1456 finished with values: [-0.4931437412491368, 0.0790163547419016] and parameters: {'k1': 0.00324789183891923, 'D_low': 1.2299210465793122, 'k2': 0.03210808548911189, 'D_high': 2969.087094484682, 'fire_exp': 1.0881360604103363, 'P_half': 215.55950571043874, 'pre_dampen_half': 805.2502904451399, 'gpp_af': 0.8942824595236101, 'gpp_b': 0.011750724729953272, 'gpp_d': 4.5768578731086835, 'ign_k': 0.08876620955487982, 'ign_c': 7.916322947490362}.
