[I 2026-07-22 18:48:18,287] Trial 909 finished with values: [-0.29497873684052506, 0.17619572471217992] and parameters: {'k1': 0.003242143344038315, 'D_low': 102.19595065529477, 'k2': 0.001566517163094646, 'D_high': 580966.5602369158, 'fire_exp': 1.182396148413737, 'P_half': 1866.9871096222266, 'pre_dampen_half': 294.75617712568373, 'gpp_af': 0.06789053271698488, 'gpp_b': 8.129227514069975e-05, 'gpp_d': 757.4758210832024, 'ign_k': 0.009861808369679786, 'ign_c': 3.0378658251922155, 'trop_agb_crit': 15.870971677383487, 'trop_k_veg': 2.417028380770307, 'fuel_k': 5.486054129200971, 'fuel_half': 91.90868674438059}.
[I 2026-07-22 18:48:18,749] Trial 910 finished with values: [10.427781701888428, 10.427781701888428] and parameters: {'k1': 0.011966626407443505, 'D_low': 1.7887890916820506, 'k2': 1.895375973243287e-05, 'D_high': 316055.11434645456, 'fire_exp': 1.7124099831271415, 'P_half': 38.82837025280678, 'pre_dampen_half': 0.11683066038621145, 'gpp_af': 0.0025511964576171086, 'gpp_b': 1.7565109007473816e-05, 'gpp_d': 9.00460602264307, 'ign_k': 3.284529979576942, 'ign_c': 6.1609752947414345, 'trop_agb_crit': 20.205002815711154, 'trop_k_veg': 2.1085323608231485, 'fuel_k': 0.48736180483849406, 'fuel_half': 81.87941582538087}.
[I 2026-07-22 18:48:19,257] Trial 911 finished with values: [10.768768697397796, 10.768768697397796] and parameters: {'k1': 0.011966626407443505, 'D_low': 2.9612221068836555, 'k2': 0.035891558714508394, 'D_high': 10842.16863153891, 'fire_exp': 6.929518012613004, 'P_half': 540.9803697908727, 'pre_dampen_half': 3.9885726374014694, 'gpp_af': 0.06789053271698488, 'gpp_b': 0.0054502936945582505, 'gpp_d': 9.00460602264307, 'ign_k': 0.03141110271934876, 'ign_c': 11.40086370112731, 'trop_agb_crit': 15.870971677383487, 'trop_k_veg': 2.417028380770307, 'fuel_k': 0.08612665817296865, 'fuel_half': 0.3335026483569958}.
[I 2026-07-22 18:48:19,693] Trial 912 finished with values: [-0.6590116657662058, 0.31889395436966617] and parameters: {'k1': 0.003242143344038315, 'D_low': 864.0717009254879, 'k2': 0.020149789847008874, 'D_high': 580966.5602369158, 'fire_exp': 1.2242398136753672, 'P_half': 7.890004262668578, 'pre_dampen_half': 0.46504594134732663, 'gpp_af': 0.12243451886824051, 'gpp_b': 1.7565109007473816e-05, 'gpp_d': 12.151631524283598, 'ign_k': 0.5131654955148324, 'ign_c': 11.40086370112731, 'trop_agb_crit': 12.324775650896964, 'trop_k_veg': 2.417028380770307, 'fuel_k': 0.018207179480706392, 'fuel_half': 0.3335026483569958}.
[I 2026-07-22 18:48:20,131] Trial 913 finished with values: [10.231461459329946, 10.231461459329946] and parameters: {'k1': 0.0003199177539819797, 'D_low': 2.9612221068836555, 'k2': 2.8459703343413838e-05, 'D_high': 708572.1663941594, 'fire_exp': 2.0165721691808587, 'P_half': 334.62201030483817, 'pre_dampen_half': 420.2116526335304, 'gpp_af': 0.015350904103515228, 'gpp_b': 1.1698276136056565e-05, 'gpp_d': 1.050978521342778, 'ign_k': 0.5670346335627292, 'ign_c': 14.452451441203314, 'trop_agb_crit': 5.707205898008383, 'trop_k_veg': 3.024803048559367, 'fuel_k': 1.1820218758583807, 'fuel_half': 18.202647368248815}.
[I 2026-07-22 18:48:20,567] Trial 914 finished with values: [-0.6072189900111171, 0.2732112826353369] and parameters: {'k1': 0.0003199177539819797, 'D_low': 1.7887890916820506, 'k2': 1.895375973243287e-05, 'D_high': 316055.11434645456, 'fire_exp': 1.2242398136753672, 'P_half': 7.890004262668578, 'pre_dampen_half': 0.46504594134732663, 'gpp_af': 0.015350904103515228, 'gpp_b': 1.1698276136056565e-05, 'gpp_d': 9.00460602264307, 'ign_k': 4.59148521674054, 'ign_c': 6.1609752947414345, 'trop_agb_crit': 12.090290534777825, 'trop_k_veg': 1.7428926895756522, 'fuel_k': 0.0500651901928747, 'fuel_half': 81.87941582538087}.
[I 2026-07-22 18:48:20,998] Trial 915 finished with values: [10.236043383695657, 10.236043383695657] and parameters: {'k1': 0.052334804885400876, 'D_low': 13.25142220631392, 'k2': 0.001566517163094646, 'D_high': 708572.1663941594, 'fire_exp': 3.4852762390864642, 'P_half': 7.890004262668578, 'pre_dampen_half': 3.9885726374014694, 'gpp_af': 0.25562996323356013, 'gpp_b': 0.03484064149498812, 'gpp_d': 9.00460602264307, 'ign_k': 0.5131654955148324, 'ign_c': 11.40086370112731, 'trop_agb_crit': 20.205002815711154, 'trop_k_veg': 0.6921865222804094, 'fuel_k': 0.48736180483849406, 'fuel_half': 0.3335026483569958}.
[I 2026-07-22 18:48:21,425] Trial 916 finished with values: [-0.28002933046131384, 0.16684019996106014] and parameters: {'k1': 0.011966626407443505, 'D_low': 4.043300846639722, 'k2': 0.001566517163094646, 'D_high': 316055.11434645456, 'fire_exp': 1.2310899049053081, 'P_half': 540.9803697908727, 'pre_dampen_half': 3.9885726374014694, 'gpp_af': 0.06789053271698488, 'gpp_b': 6.586254606637078e-05, 'gpp_d': 3.481791290455528, 'ign_k': 0.03141110271934876, 'ign_c': 11.462237838612072, 'trop_agb_crit': 6.119263728555865, 'trop_k_veg': 2.417028380770307, 'fuel_k': 0.08612665817296865, 'fuel_half': 0.3335026483569958}.
[I 2026-07-22 18:48:21,863] Trial 917 finished with values: [-0.60511727800576, 0.2549475436898292] and parameters: {'k1': 0.00015495079374286172, 'D_low': 1.7887890916820506, 'k2': 0.001566517163094646, 'D_high': 316055.11434645456, 'fire_exp': 1.2242398136753672, 'P_half': 7.890004262668578, 'pre_dampen_half': 0.4016986062226068, 'gpp_af': 0.06789053271698488, 'gpp_b': 1.7565109007473816e-05, 'gpp_d': 9.00460602264307, 'ign_k': 3.284529979576942, 'ign_c': 11.40086370112731, 'trop_agb_crit': 9.362115196011851, 'trop_k_veg': 2.417028380770307, 'fuel_k': 0.08612665817296865, 'fuel_half': 0.3335026483569958}.
[I 2026-07-22 18:48:22,303] Trial 918 finished with values: [11.658339515411038, 11.658339515411038] and parameters: {'k1': 0.0003199177539819797, 'D_low': 13.25142220631392, 'k2': 1.6559474674046002e-05, 'D_high': 887331.2884015184, 'fire_exp': 1.3411849220480432, 'P_half': 38.82837025280678, 'pre_dampen_half': 6.685131651092352, 'gpp_af': 0.015350904103515228, 'gpp_b': 1.1698276136056565e-05, 'gpp_d': 2.2044650100999164, 'ign_k': 0.5131654955148324, 'ign_c': 3.0378658251922155, 'trop_agb_crit': 10.412790284818238, 'trop_k_veg': 1.7518409078083697, 'fuel_k': 0.0500651901928747, 'fuel_half': 38.21129441691226}.
[I 2026-07-22 18:48:22,740] Trial 919 finished with values: [13.12207566133068, 13.12207566133068] and parameters: {'k1': 0.0029707920514735983, 'D_low': 4.043300846639722, 'k2': 0.001566517163094646, 'D_high': 316055.11434645456, 'fire_exp': 1.2242398136753672, 'P_half': 38.82837025280678, 'pre_dampen_half': 33.97904243111269, 'gpp_af': 0.0025511964576171086, 'gpp_b': 3.228689523591491e-05, 'gpp_d': 9.00460602264307, 'ign_k': 0.5131654955148324, 'ign_c': 3.0378658251922155, 'trop_agb_crit': 15.870971677383487, 'trop_k_veg': 2.417028380770307, 'fuel_k': 0.0500651901928747, 'fuel_half': 18.202647368248815}.
[I 2026-07-22 18:48:23,171] Trial 920 finished with values: [10.769178216766353, 10.769178216766353] and parameters: {'k1': 0.011966626407443505, 'D_low': 1.7887890916820506, 'k2': 2.1698375693549493e-05, 'D_high': 316055.11434645456, 'fire_exp': 1.2242398136753672, 'P_half': 7.890004262668578, 'pre_dampen_half': 0.4016986062226068, 'gpp_af': 0.0025511964576171086, 'gpp_b': 1.7565109007473816e-05, 'gpp_d': 857.4284557962626, 'ign_k': 0.03141110271934876, 'ign_c': 311.38068051213736, 'trop_agb_crit': 9.362115196011851, 'trop_k_veg': 7.26254292602904, 'fuel_k': 5.486054129200971, 'fuel_half': 0.3335026483569958}.
[I 2026-07-22 18:48:23,608] Trial 921 finished with values: [10.366366007847489, 10.366366007847489] and parameters: {'k1': 0.003508854952536167, 'D_low': 36874.76168766122, 'k2': 0.0007081721844034209, 'D_high': 708572.1663941594, 'fire_exp': 3.9865235442286613, 'P_half': 2.843767489444367, 'pre_dampen_half': 3.9885726374014694, 'gpp_af': 0.015350904103515228, 'gpp_b': 1.7565109007473816e-05, 'gpp_d': 9.00460602264307, 'ign_k': 3.284529979576942, 'ign_c': 6.1609752947414345, 'trop_agb_crit': 9.362115196011851, 'trop_k_veg': 0.5415365826598848, 'fuel_k': 3.6992394681929355, 'fuel_half': 81.87941582538087}.
[I 2026-07-22 18:48:24,041] Trial 922 finished with values: [10.348861368653475, 10.348861368653475] and parameters: {'k1': 0.011966626407443505, 'D_low': 13.25142220631392, 'k2': 0.001566517163094646, 'D_high': 708572.1663941594, 'fire_exp': 1.4456782093093066, 'P_half': 2.843767489444367, 'pre_dampen_half': 2.0313622250129093, 'gpp_af': 0.015350904103515228, 'gpp_b': 1.1820908383754237e-05, 'gpp_d': 9.00460602264307, 'ign_k': 0.5131654955148324, 'ign_c': 14.452451441203314, 'trop_agb_crit': 9.362115196011851, 'trop_k_veg': 2.417028380770307, 'fuel_k': 0.08612665817296865, 'fuel_half': 0.3335026483569958}.
[I 2026-07-22 18:48:24,469] Trial 923 finished with values: [13.097877610627037, 13.097877610627037] and parameters: {'k1': 0.0003199177539819797, 'D_low': 864.0717009254879, 'k2': 0.002342238625792905, 'D_high': 316055.11434645456, 'fire_exp': 1.2242398136753672, 'P_half': 38.82837025280678, 'pre_dampen_half': 33.71909132517388, 'gpp_af': 0.015350904103515228, 'gpp_b': 1.1698276136056565e-05, 'gpp_d': 6.91394869865762, 'ign_k': 4.59148521674054, 'ign_c': 3.0378658251922155, 'trop_agb_crit': 12.324775650896964, 'trop_k_veg': 2.417028380770307, 'fuel_k': 0.0500651901928747, 'fuel_half': 2.6795038667664253}.
[I 2026-07-22 18:48:24,897] Trial 924 finished with values: [-0.4800145662912025, 0.09068775663745254] and parameters: {'k1': 0.0029282035181080004, 'D_low': 195.72118561834387, 'k2': 0.001566517163094646, 'D_high': 316055.11434645456, 'fire_exp': 1.2242398136753672, 'P_half': 2.2010656610055808, 'pre_dampen_half': 33.97904243111269, 'gpp_af': 0.0025511964576171086, 'gpp_b': 0.0054502936945582505, 'gpp_d': 700.6693992445935, 'ign_k': 3.284529979576942, 'ign_c': 11.40086370112731, 'trop_agb_crit': 12.324775650896964, 'trop_k_veg': 7.26254292602904, 'fuel_k': 0.0500651901928747, 'fuel_half': 81.87941582538087}.
[I 2026-07-22 18:48:25,323] Trial 925 finished with values: [10.04647056693846, 10.04647056693846] and parameters: {'k1': 0.011966626407443505, 'D_low': 1.7887890916820506, 'k2': 1.0897490003652052e-05, 'D_high': 316055.11434645456, 'fire_exp': 1.2242398136753672, 'P_half': 9.324787201197319, 'pre_dampen_half': 0.1711568647996576, 'gpp_af': 0.06789053271698488, 'gpp_b': 1.7565109007473816e-05, 'gpp_d': 302.3127748796295, 'ign_k': 3.284529979576942, 'ign_c': 11.40086370112731, 'trop_agb_crit': 4.347403467878529, 'trop_k_veg': 0.6921865222804094, 'fuel_k': 0.08612665817296865, 'fuel_half': 0.32476735706274484}.
[I 2026-07-22 18:48:25,749] Trial 926 finished with values: [10.769224402783717, 10.769224402783717] and parameters: {'k1': 0.006033623633620595, 'D_low': 1.7887890916820506, 'k2': 0.0007081721844034209, 'D_high': 228439.0212088382, 'fire_exp': 1.7124099831271415, 'P_half': 38.82837025280678, 'pre_dampen_half': 0.4016986062226068, 'gpp_af': 0.015350904103515228, 'gpp_b': 8.930169622518509, 'gpp_d': 9.00460602264307, 'ign_k': 3.284529979576942, 'ign_c': 11.40086370112731, 'trop_agb_crit': 4.576910054440526, 'trop_k_veg': 2.417028380770307, 'fuel_k': 0.08612665817296865, 'fuel_half': 7.259866824755671}.
[I 2026-07-22 18:48:26,174] Trial 927 finished with values: [-0.6750693445495749, 0.13684537445627065] and parameters: {'k1': 0.0003199177539819797, 'D_low': 1.7887890916820506, 'k2': 0.0007081721844034209, 'D_high': 316055.11434645456, 'fire_exp': 8.791426299948917, 'P_half': 7.890004262668578, 'pre_dampen_half': 33.71909132517388, 'gpp_af': 0.015350904103515228, 'gpp_b': 3.936122422430193e-05, 'gpp_d': 6.91394869865762, 'ign_k': 3.284529979576942, 'ign_c': 6.1609752947414345, 'trop_agb_crit': 10.719494362768906, 'trop_k_veg': 1.7428926895756522, 'fuel_k': 3.6992394681929355, 'fuel_half': 81.87941582538087}.
[I 2026-07-22 18:48:26,597] Trial 928 finished with values: [10.086319448655583, 10.086319448655583] and parameters: {'k1': 0.011966626407443505, 'D_low': 1.7887890916820506, 'k2': 0.0007081721844034209, 'D_high': 160625.60954780428, 'fire_exp': 8.791426299948917, 'P_half': 7.890004262668578, 'pre_dampen_half': 33.97904243111269, 'gpp_af': 0.0025511964576171086, 'gpp_b': 3.228689523591491e-05, 'gpp_d': 6.91394869865762, 'ign_k': 4.59148521674054, 'ign_c': 6.1609752947414345, 'trop_agb_crit': 10.719494362768906, 'trop_k_veg': 1.7428926895756522, 'fuel_k': 3.7875356197077763, 'fuel_half': 81.87941582538087}.
[I 2026-07-22 18:48:27,034] Trial 929 finished with values: [-0.6535793851024805, 0.2734783896594738] and parameters: {'k1': 0.011966626407443505, 'D_low': 1.7887890916820506, 'k2': 0.001566517163094646, 'D_high': 316055.11434645456, 'fire_exp': 1.2242398136753672, 'P_half': 7.890004262668578, 'pre_dampen_half': 0.4016986062226068, 'gpp_af': 0.06789053271698488, 'gpp_b': 1.7565109007473816e-05, 'gpp_d': 9.00460602264307, 'ign_k': 3.284529979576942, 'ign_c': 11.40086370112731, 'trop_agb_crit': 9.362115196011851, 'trop_k_veg': 7.26254292602904, 'fuel_k': 0.08612665817296865, 'fuel_half': 0.3335026483569958}.
[I 2026-07-22 18:48:27,465] Trial 930 finished with values: [-0.16871356902191453, 0.2918145256955721] and parameters: {'k1': 0.0003199177539819797, 'D_low': 2.9612221068836555, 'k2': 0.035891558714508394, 'D_high': 2283.4228779494524, 'fire_exp': 1.182396148413737, 'P_half': 7.890004262668578, 'pre_dampen_half': 33.97904243111269, 'gpp_af': 0.3259758793317361, 'gpp_b': 0.0054502936945582505, 'gpp_d': 2.2044650100999164, 'ign_k': 0.03141110271934876, 'ign_c': 11.40086370112731, 'trop_agb_crit': 15.870971677383487, 'trop_k_veg': 3.024803048559367, 'fuel_k': 0.48736180483849406, 'fuel_half': 18.202647368248815}.
[I 2026-07-22 18:48:27,899] Trial 931 finished with values: [-0.35169033852476544, 0.18260492589948607] and parameters: {'k1': 0.0058043147174140705, 'D_low': 13.25142220631392, 'k2': 0.01567230746060024, 'D_high': 25240.47745792575, 'fire_exp': 1.1258453832483524, 'P_half': 1.7036120617148391, 'pre_dampen_half': 420.2116526335304, 'gpp_af': 0.003422824370263182, 'gpp_b': 0.0054502936945582505, 'gpp_d': 2.2044650100999164, 'ign_k': 0.03141110271934876, 'ign_c': 4.1108484350212295, 'trop_agb_crit': 2.171140223187998, 'trop_k_veg': 2.410360404052941, 'fuel_k': 0.0500651901928747, 'fuel_half': 49.16400722913764}.
[I 2026-07-22 18:48:28,355] Trial 932 finished with values: [10.483439735747455, 10.483439735747455] and parameters: {'k1': 0.052334804885400876, 'D_low': 1.7887890916820506, 'k2': 0.001566517163094646, 'D_high': 316055.11434645456, 'fire_exp': 3.9865235442286613, 'P_half': 2.843767489444367, 'pre_dampen_half': 0.4016986062226068, 'gpp_af': 0.015350904103515228, 'gpp_b': 1.7565109007473816e-05, 'gpp_d': 9.00460602264307, 'ign_k': 3.284529979576942, 'ign_c': 14.452451441203314, 'trop_agb_crit': 5.707205898008383, 'trop_k_veg': 0.5415365826598848, 'fuel_k': 0.08612665817296865, 'fuel_half': 0.3335026483569958}.
[I 2026-07-22 18:48:28,824] Trial 933 finished with values: [-0.3186999523548585, 0.1756845462036919] and parameters: {'k1': 0.0003199177539819797, 'D_low': 2.9612221068836555, 'k2': 0.035891558714508394, 'D_high': 2283.4228779494524, 'fire_exp': 1.182396148413737, 'P_half': 334.62201030483817, 'pre_dampen_half': 420.2116526335304, 'gpp_af': 0.3259758793317361, 'gpp_b': 0.0054502936945582505, 'gpp_d': 2.2044650100999164, 'ign_k': 0.5670346335627292, 'ign_c': 11.40086370112731, 'trop_agb_crit': 15.870971677383487, 'trop_k_veg': 3.024803048559367, 'fuel_k': 0.6137000782082781, 'fuel_half': 18.202647368248815}.
[I 2026-07-22 18:48:29,310] Trial 934 finished with values: [-0.4364661315894436, 0.16825432220849978] and parameters: {'k1': 0.0029707920514735983, 'D_low': 4.043300846639722, 'k2': 2.1698375693549493e-05, 'D_high': 160625.60954780428, 'fire_exp': 1.182396148413737, 'P_half': 1938.3858782150498, 'pre_dampen_half': 33.97904243111269, 'gpp_af': 0.0025511964576171086, 'gpp_b': 3.228689523591491e-05, 'gpp_d': 857.4284557962626, 'ign_k': 0.04036242615331333, 'ign_c': 3.0378658251922155, 'trop_agb_crit': 15.198538681924658, 'trop_k_veg': 6.911478238001162, 'fuel_k': 5.486054129200971, 'fuel_half': 18.202647368248815}.
[I 2026-07-22 18:48:29,762] Trial 935 finished with values: [10.512803138365316, 10.512803138365316] and parameters: {'k1': 6.548510655446336e-05, 'D_low': 13.25142220631392, 'k2': 0.0007081721844034209, 'D_high': 316055.11434645456, 'fire_exp': 1.7124099831271415, 'P_half': 7.890004262668578, 'pre_dampen_half': 0.4016986062226068, 'gpp_af': 0.06789053271698488, 'gpp_b': 0.0054502936945582505, 'gpp_d': 302.3127748796295, 'ign_k': 3.284529979576942, 'ign_c': 6.1609752947414345, 'trop_agb_crit': 15.870971677383487, 'trop_k_veg': 0.6921865222804094, 'fuel_k': 0.0500651901928747, 'fuel_half': 7.259866824755671}.
[I 2026-07-22 18:48:30,209] Trial 936 finished with values: [10.074226923095349, 10.074226923095349] and parameters: {'k1': 0.0029282035181080004, 'D_low': 126.11058927054879, 'k2': 0.001566517163094646, 'D_high': 160625.60954780428, 'fire_exp': 1.182396148413737, 'P_half': 1938.3858782150498, 'pre_dampen_half': 294.75617712568373, 'gpp_af': 0.12243451886824051, 'gpp_b': 0.0054502936945582505, 'gpp_d': 700.6693992445935, 'ign_k': 3.284529979576942, 'ign_c': 11.40086370112731, 'trop_agb_crit': 17.530135633155123, 'trop_k_veg': 0.6921865222804094, 'fuel_k': 0.48736180483849406, 'fuel_half': 0.32476735706274484}.
[I 2026-07-22 18:48:30,652] Trial 937 finished with values: [-0.5730514255970601, 0.19455740115053144] and parameters: {'k1': 0.003242143344038315, 'D_low': 102.19595065529477, 'k2': 2.1698375693549493e-05, 'D_high': 160625.60954780428, 'fire_exp': 1.1258453832483524, 'P_half': 1938.3858782150498, 'pre_dampen_half': 294.75617712568373, 'gpp_af': 0.02114619056336667, 'gpp_b': 0.0054502936945582505, 'gpp_d': 857.4284557962626, 'ign_k': 0.5131654955148324, 'ign_c': 3.0378658251922155, 'trop_agb_crit': 15.870971677383487, 'trop_k_veg': 2.3300158957406234, 'fuel_k': 1.1820218758583807, 'fuel_half': 18.202647368248815}.
[I 2026-07-22 18:48:31,083] Trial 938 finished with values: [10.739432172109497, 10.739432172109497] and parameters: {'k1': 0.0003199177539819797, 'D_low': 25028.093928264825, 'k2': 0.0007081721844034209, 'D_high': 316055.11434645456, 'fire_exp': 4.130336642987559, 'P_half': 38.82837025280678, 'pre_dampen_half': 0.46504594134732663, 'gpp_af': 0.008712116476450106, 'gpp_b': 0.0013561490126661644, 'gpp_d': 6.91394869865762, 'ign_k': 3.284529979576942, 'ign_c': 6.1609752947414345, 'trop_agb_crit': 10.719494362768906, 'trop_k_veg': 1.7428926895756522, 'fuel_k': 0.0500651901928747, 'fuel_half': 81.87941582538087}.
[I 2026-07-22 18:48:31,518] Trial 939 finished with values: [11.606020549676774, 11.606020549676774] and parameters: {'k1': 0.011966626407443505, 'D_low': 1.7887890916820506, 'k2': 0.0001971137615017176, 'D_high': 316055.11434645456, 'fire_exp': 1.1258453832483524, 'P_half': 7.890004262668578, 'pre_dampen_half': 347.79988160923324, 'gpp_af': 0.06789053271698488, 'gpp_b': 0.0005392415140872105, 'gpp_d': 1.050978521342778, 'ign_k': 0.006290644294586149, 'ign_c': 11.40086370112731, 'trop_agb_crit': 5.707205898008383, 'trop_k_veg': 0.6921865222804094, 'fuel_k': 0.48736180483849406, 'fuel_half': 38.21129441691226}.
[I 2026-07-22 18:48:31,966] Trial 940 finished with values: [10.76923076903347, 10.76923076903347] and parameters: {'k1': 0.0003199177539819797, 'D_low': 50437.169574496525, 'k2': 0.035891558714508394, 'D_high': 2283.4228779494524, 'fire_exp': 1.182396148413737, 'P_half': 1938.3858782150498, 'pre_dampen_half': 33.97904243111269, 'gpp_af': 0.0025511964576171086, 'gpp_b': 0.021152372444252342, 'gpp_d': 857.4284557962626, 'ign_k': 0.5670346335627292, 'ign_c': 3.0378658251922155, 'trop_agb_crit': 15.870971677383487, 'trop_k_veg': 3.024803048559367, 'fuel_k': 5.486054129200971, 'fuel_half': 18.202647368248815}.
[I 2026-07-22 18:48:32,460] Trial 941 finished with values: [10.544726703158629, 10.544726703158629] and parameters: {'k1': 0.0029707920514735983, 'D_low': 4.043300846639722, 'k2': 2.1698375693549493e-05, 'D_high': 160625.60954780428, 'fire_exp': 1.182396148413737, 'P_half': 1938.3858782150498, 'pre_dampen_half': 0.46504594134732663, 'gpp_af': 0.0025511964576171086, 'gpp_b': 3.228689523591491e-05, 'gpp_d': 857.4284557962626, 'ign_k': 3.284529979576942, 'ign_c': 3.0378658251922155, 'trop_agb_crit': 15.870971677383487, 'trop_k_veg': 6.911478238001162, 'fuel_k': 0.010340193296440528, 'fuel_half': 0.3335026483569958}.
[I 2026-07-22 18:48:32,933] Trial 942 finished with values: [10.613025167927505, 10.613025167927505] and parameters: {'k1': 9.969469187531805e-05, 'D_low': 1.7887890916820506, 'k2': 0.0009562822793888481, 'D_high': 368081.9831637289, 'fire_exp': 3.313658135010505, 'P_half': 7.890004262668578, 'pre_dampen_half': 0.46504594134732663, 'gpp_af': 0.49740621749684094, 'gpp_b': 0.002407352334224724, 'gpp_d': 3.0023172465753087, 'ign_k': 0.5131654955148324, 'ign_c': 8.405439129313676, 'trop_agb_crit': 4.576910054440526, 'trop_k_veg': 0.5415365826598848, 'fuel_k': 0.0500651901928747, 'fuel_half': 81.87941582538087}.
[I 2026-07-22 18:48:33,392] Trial 943 finished with values: [10.498929775553442, 10.498929775553442] and parameters: {'k1': 1.3843484531249981e-05, 'D_low': 29812.79517869898, 'k2': 0.035891558714508394, 'D_high': 2283.4228779494524, 'fire_exp': 1.182396148413737, 'P_half': 7.890004262668578, 'pre_dampen_half': 420.2116526335304, 'gpp_af': 0.3259758793317361, 'gpp_b': 0.0054502936945582505, 'gpp_d': 700.6693992445935, 'ign_k': 3.284529979576942, 'ign_c': 11.40086370112731, 'trop_agb_crit': 20.205002815711154, 'trop_k_veg': 3.024803048559367, 'fuel_k': 0.6137000782082781, 'fuel_half': 0.3335026483569958}.
  trial  944/2500  pareto_size=3  best_taylor=0.7497  best_ilamb=0.5963  (6.8 min)
