[I 2026-08-06 02:55:09,301] Trial 917 finished with values: [10.023502128962264, 10.023502128962264] and parameters: {'k1': 0.0005956633466901681, 'D_low': 4.075267974954964, 'k2': 0.002935672965826306, 'D_high': 7744.80118512745, 'fire_exp': 1.0881360604103363, 'P_half': 147.09699119495133, 'pre_dampen_half': 107.40052367919465, 'gpp_af': 0.47739011308437823, 'gpp_b': 0.011750724729953272, 'gpp_d': 26.07917317941345, 'ign_k': 0.03141110271934876, 'ign_c': 1.6676205667297381}.
[I 2026-08-06 02:55:10,610] Trial 918 finished with values: [10.33839719810199, 10.33839719810199] and parameters: {'k1': 0.00324789183891923, 'D_low': 4.075267974954964, 'k2': 0.0007081721844034209, 'D_high': 6455.595882939566, 'fire_exp': 1.0881360604103363, 'P_half': 12.808863354047988, 'pre_dampen_half': 107.40052367919465, 'gpp_af': 1.3725472882585024, 'gpp_b': 0.011750724729953272, 'gpp_d': 26.07917317941345, 'ign_k': 4.006890332238651, 'ign_c': 9.34330265731847}.
[I 2026-08-06 02:55:11,882] Trial 919 finished with values: [10.097810287281362, 10.097810287281362] and parameters: {'k1': 0.00038719172610036706, 'D_low': 29.89885508829526, 'k2': 0.0007081721844034209, 'D_high': 9769.756791866093, 'fire_exp': 1.0881360604103363, 'P_half': 408.3047491580097, 'pre_dampen_half': 805.2502904451399, 'gpp_af': 0.18148402127631746, 'gpp_b': 0.024796579879439486, 'gpp_d': 150.14555442537656, 'ign_k': 0.6454459531371669, 'ign_c': 10.140635645866492}.
[I 2026-08-06 02:55:13,477] Trial 920 finished with values: [10.543692017521183, 10.543692017521183] and parameters: {'k1': 0.0029707920514735983, 'D_low': 29.89885508829526, 'k2': 0.0007081721844034209, 'D_high': 10316.033434719713, 'fire_exp': 1.0881360604103363, 'P_half': 215.55950571043874, 'pre_dampen_half': 1.7219189380414555, 'gpp_af': 5.620854611217178, 'gpp_b': 0.011750724729953272, 'gpp_d': 368.30088529547436, 'ign_k': 0.0486276976221284, 'ign_c': 8.671454322584175}.
[I 2026-08-06 02:55:14,876] Trial 921 finished with values: [10.55456722822998, 10.55456722822998] and parameters: {'k1': 0.01889771394135163, 'D_low': 2.458603276328005, 'k2': 0.0007081721844034209, 'D_high': 10316.033434719713, 'fire_exp': 3.9865235442286613, 'P_half': 10.226988730324324, 'pre_dampen_half': 107.40052367919465, 'gpp_af': 1.3725472882585024, 'gpp_b': 0.00031478066835753096, 'gpp_d': 34.37107943937136, 'ign_k': 0.02456326518827606, 'ign_c': 8.671454322584175}.
[I 2026-08-06 02:55:16,227] Trial 922 finished with values: [10.076614259604575, 10.076614259604575] and parameters: {'k1': 0.01889771394135163, 'D_low': 4.075267974954964, 'k2': 0.0007081721844034209, 'D_high': 1155.361019261122, 'fire_exp': 1.151006986743773, 'P_half': 12.808863354047988, 'pre_dampen_half': 107.40052367919465, 'gpp_af': 1.3725472882585024, 'gpp_b': 0.00031478066835753096, 'gpp_d': 368.30088529547436, 'ign_k': 0.03033111747878116, 'ign_c': 8.671454322584175}.
[I 2026-08-06 02:55:17,548] Trial 923 finished with values: [10.078779400978426, 10.078779400978426] and parameters: {'k1': 0.04897760278488444, 'D_low': 29.89885508829526, 'k2': 0.002935672965826306, 'D_high': 47595.7191123968, 'fire_exp': 1.0881360604103363, 'P_half': 12.808863354047988, 'pre_dampen_half': 805.2502904451399, 'gpp_af': 0.3053637037552328, 'gpp_b': 0.011750724729953272, 'gpp_d': 913.6714913061586, 'ign_k': 0.0486276976221284, 'ign_c': 10.140635645866492}.
[I 2026-08-06 02:55:18,884] Trial 924 finished with values: [10.03069655915827, 10.03069655915827] and parameters: {'k1': 0.0005956633466901681, 'D_low': 29.89885508829526, 'k2': 0.002935672965826306, 'D_high': 7744.80118512745, 'fire_exp': 1.0881360604103363, 'P_half': 215.55950571043874, 'pre_dampen_half': 107.40052367919465, 'gpp_af': 5.620854611217178, 'gpp_b': 0.011750724729953272, 'gpp_d': 5.878566318396007, 'ign_k': 0.0486276976221284, 'ign_c': 10.140635645866492}.
[I 2026-08-06 02:55:20,245] Trial 925 finished with values: [-0.47183439969798774, 0.14697805602011982] and parameters: {'k1': 7.841214856323651e-05, 'D_low': 3840.3004190988563, 'k2': 0.0007081721844034209, 'D_high': 8182.111518618414, 'fire_exp': 1.0881360604103363, 'P_half': 408.3047491580097, 'pre_dampen_half': 304.7488318185732, 'gpp_af': 11.234842109991876, 'gpp_b': 0.024796579879439486, 'gpp_d': 180.76934679960573, 'ign_k': 0.11101191524846071, 'ign_c': 0.1457050032975653}.
[I 2026-08-06 02:55:21,576] Trial 926 finished with values: [10.489177053487753, 10.489177053487753] and parameters: {'k1': 7.841214856323651e-05, 'D_low': 1112.9571947046009, 'k2': 0.0007081721844034209, 'D_high': 8182.111518618414, 'fire_exp': 1.0881360604103363, 'P_half': 215.55950571043874, 'pre_dampen_half': 304.7488318185732, 'gpp_af': 0.011029417379828953, 'gpp_b': 0.011750724729953272, 'gpp_d': 4.5768578731086835, 'ign_k': 0.11101191524846071, 'ign_c': 0.1457050032975653}.
[I 2026-08-06 02:55:22,905] Trial 927 finished with values: [10.144863881971364, 10.144863881971364] and parameters: {'k1': 0.00324789183891923, 'D_low': 29.89885508829526, 'k2': 0.052769242333622866, 'D_high': 7744.80118512745, 'fire_exp': 1.0881360604103363, 'P_half': 215.55950571043874, 'pre_dampen_half': 805.2502904451399, 'gpp_af': 5.620854611217178, 'gpp_b': 0.011750724729953272, 'gpp_d': 2.893272120738162, 'ign_k': 0.6454459531371669, 'ign_c': 0.29205563600251844}.
[I 2026-08-06 02:55:24,252] Trial 928 finished with values: [-0.47460300518678517, 0.3154899851929588] and parameters: {'k1': 0.0029707920514735983, 'D_low': 29.89885508829526, 'k2': 3.5917714215176105e-05, 'D_high': 18612.24814067389, 'fire_exp': 1.0881360604103363, 'P_half': 147.09699119495133, 'pre_dampen_half': 304.7488318185732, 'gpp_af': 5.620854611217178, 'gpp_b': 0.011750724729953272, 'gpp_d': 5.878566318396007, 'ign_k': 0.0486276976221284, 'ign_c': 10.140635645866492}.
[I 2026-08-06 02:55:25,613] Trial 929 finished with values: [10.728890218403814, 10.728890218403814] and parameters: {'k1': 0.00324789183891923, 'D_low': 29.89885508829526, 'k2': 0.0007081721844034209, 'D_high': 333.0375276964647, 'fire_exp': 1.518582349269638, 'P_half': 3250.104176616457, 'pre_dampen_half': 304.7488318185732, 'gpp_af': 5.620854611217178, 'gpp_b': 0.011750724729953272, 'gpp_d': 218.91899741700433, 'ign_k': 0.6454459531371669, 'ign_c': 0.1457050032975653}.
[I 2026-08-06 02:55:26,948] Trial 930 finished with values: [-0.47790397701727877, 0.11748386932868171] and parameters: {'k1': 0.04897760278488444, 'D_low': 29.89885508829526, 'k2': 0.0022957398214549472, 'D_high': 9769.756791866093, 'fire_exp': 1.3239942327296237, 'P_half': 2.157758652553991, 'pre_dampen_half': 48.08505037156744, 'gpp_af': 0.8942824595236101, 'gpp_b': 0.011750724729953272, 'gpp_d': 8.144272585223819, 'ign_k': 0.03141110271934876, 'ign_c': 7.916322947490362}.
[I 2026-08-06 02:55:28,273] Trial 931 finished with values: [10.122235543289888, 10.122235543289888] and parameters: {'k1': 0.00324789183891923, 'D_low': 4.075267974954964, 'k2': 0.08790311296857814, 'D_high': 10316.033434719713, 'fire_exp': 1.0881360604103363, 'P_half': 12.808863354047988, 'pre_dampen_half': 805.2502904451399, 'gpp_af': 10.705994121627729, 'gpp_b': 0.011750724729953272, 'gpp_d': 5.878566318396007, 'ign_k': 0.0026834162496848666, 'ign_c': 9.34330265731847}.
[I 2026-08-06 02:55:29,577] Trial 932 finished with values: [10.7309431546151, 10.7309431546151] and parameters: {'k1': 0.04897760278488444, 'D_low': 2.458603276328005, 'k2': 0.031211489608802344, 'D_high': 10316.033434719713, 'fire_exp': 1.0881360604103363, 'P_half': 10.226988730324324, 'pre_dampen_half': 107.40052367919465, 'gpp_af': 29.925002022877802, 'gpp_b': 0.011750724729953272, 'gpp_d': 5.878566318396007, 'ign_k': 6.00422388619554, 'ign_c': 6.160975294741436}.
[I 2026-08-06 02:55:30,868] Trial 933 finished with values: [10.276854543377297, 10.276854543377297] and parameters: {'k1': 0.0029707920514735983, 'D_low': 2.1234210963705626, 'k2': 0.0007081721844034209, 'D_high': 8182.111518618414, 'fire_exp': 1.151006986743773, 'P_half': 12.808863354047988, 'pre_dampen_half': 107.40052367919465, 'gpp_af': 5.620854611217178, 'gpp_b': 0.00031478066835753096, 'gpp_d': 5.878566318396007, 'ign_k': 0.0486276976221284, 'ign_c': 10.140635645866492}.
[I 2026-08-06 02:55:32,198] Trial 934 finished with values: [10.767266499755236, 10.767266499755236] and parameters: {'k1': 0.00324789183891923, 'D_low': 4.075267974954964, 'k2': 7.361379380357782e-05, 'D_high': 12775.77960461496, 'fire_exp': 1.0881360604103363, 'P_half': 2.157758652553991, 'pre_dampen_half': 107.40052367919465, 'gpp_af': 0.00301004353953023, 'gpp_b': 0.5497720006052913, 'gpp_d': 0.3337303435204265, 'ign_k': 0.6454459531371669, 'ign_c': 10.140635645866492}.
[I 2026-08-06 02:55:33,843] Trial 935 finished with values: [10.591630395635736, 10.591630395635736] and parameters: {'k1': 2.1070611138656e-05, 'D_low': 4.075267974954964, 'k2': 0.002935672965826306, 'D_high': 409.18595179278975, 'fire_exp': 1.0881360604103363, 'P_half': 215.55950571043874, 'pre_dampen_half': 304.7488318185732, 'gpp_af': 5.620854611217178, 'gpp_b': 0.00031478066835753096, 'gpp_d': 4.5768578731086835, 'ign_k': 0.0486276976221284, 'ign_c': 10.140635645866492}.
[I 2026-08-06 02:55:35,188] Trial 936 finished with values: [10.04187700789305, 10.04187700789305] and parameters: {'k1': 0.00324789183891923, 'D_low': 4.075267974954964, 'k2': 0.002935672965826306, 'D_high': 2969.087094484682, 'fire_exp': 1.0881360604103363, 'P_half': 215.55950571043874, 'pre_dampen_half': 805.2502904451399, 'gpp_af': 0.8942824595236101, 'gpp_b': 0.011750724729953272, 'gpp_d': 4.5768578731086835, 'ign_k': 0.03033111747878116, 'ign_c': 10.140635645866492}.
[I 2026-08-06 02:55:36,525] Trial 937 finished with values: [10.515815050692785, 10.515815050692785] and parameters: {'k1': 0.04897760278488444, 'D_low': 4.075267974954964, 'k2': 0.0007081721844034209, 'D_high': 49.442231067539446, 'fire_exp': 1.0881360604103363, 'P_half': 2.157758652553991, 'pre_dampen_half': 107.40052367919465, 'gpp_af': 0.47739011308437823, 'gpp_b': 0.08040151168202724, 'gpp_d': 5.878566318396007, 'ign_k': 0.0486276976221284, 'ign_c': 10.140635645866492}.
[I 2026-08-06 02:55:37,847] Trial 938 finished with values: [10.293150087144062, 10.293150087144062] and parameters: {'k1': 0.00324789183891923, 'D_low': 29.89885508829526, 'k2': 0.0022957398214549472, 'D_high': 7744.80118512745, 'fire_exp': 1.3239942327296237, 'P_half': 215.55950571043874, 'pre_dampen_half': 48.08505037156744, 'gpp_af': 5.620854611217178, 'gpp_b': 0.008226792720717493, 'gpp_d': 4.5768578731086835, 'ign_k': 0.03033111747878116, 'ign_c': 10.140635645866492}.
[I 2026-08-06 02:55:39,158] Trial 939 finished with values: [-0.4989954813225051, 0.14243613103698216] and parameters: {'k1': 0.00324789183891923, 'D_low': 29.89885508829526, 'k2': 0.0022957398214549472, 'D_high': 2969.087094484682, 'fire_exp': 1.0881360604103363, 'P_half': 215.55950571043874, 'pre_dampen_half': 304.7488318185732, 'gpp_af': 5.620854611217178, 'gpp_b': 0.008226792720717493, 'gpp_d': 29.83701993880331, 'ign_k': 0.6454459531371669, 'ign_c': 10.140635645866492}.
[I 2026-08-06 02:55:40,474] Trial 940 finished with values: [10.188990426369589, 10.188990426369589] and parameters: {'k1': 0.01889771394135163, 'D_low': 29.89885508829526, 'k2': 0.00024232538206837495, 'D_high': 6455.595882939566, 'fire_exp': 1.0881360604103363, 'P_half': 12.808863354047988, 'pre_dampen_half': 304.7488318185732, 'gpp_af': 1.3725472882585024, 'gpp_b': 0.00031478066835753096, 'gpp_d': 4.5768578731086835, 'ign_k': 0.014879588507790004, 'ign_c': 8.671454322584175}.
[I 2026-08-06 02:55:41,788] Trial 941 finished with values: [-0.4962202750147481, 0.3718256493964348] and parameters: {'k1': 0.00324789183891923, 'D_low': 4.075267974954964, 'k2': 0.0022957398214549472, 'D_high': 7744.80118512745, 'fire_exp': 1.0881360604103363, 'P_half': 147.09699119495133, 'pre_dampen_half': 107.40052367919465, 'gpp_af': 5.620854611217178, 'gpp_b': 0.00044548820847973626, 'gpp_d': 4.5768578731086835, 'ign_k': 0.03033111747878116, 'ign_c': 6.160975294741436}.
[I 2026-08-06 02:55:43,172] Trial 942 finished with values: [10.769230769045793, 10.769230769045793] and parameters: {'k1': 0.04897760278488444, 'D_low': 4.075267974954964, 'k2': 0.0007081721844034209, 'D_high': 10316.033434719713, 'fire_exp': 9.453882513053998, 'P_half': 2.157758652553991, 'pre_dampen_half': 107.40052367919465, 'gpp_af': 0.010590622233713298, 'gpp_b': 0.00031478066835753096, 'gpp_d': 5.878566318396007, 'ign_k': 0.36634334739248847, 'ign_c': 194.94955785090448}.
[I 2026-08-06 02:55:44,469] Trial 943 finished with values: [10.769230769045793, 10.769230769045793] and parameters: {'k1': 0.00324789183891923, 'D_low': 2.1234210963705626, 'k2': 3.38921165308947e-05, 'D_high': 10316.033434719713, 'fire_exp': 1.151006986743773, 'P_half': 2805.8078703333817, 'pre_dampen_half': 107.40052367919465, 'gpp_af': 35.20481045526041, 'gpp_b': 0.00012797528816608022, 'gpp_d': 368.30088529547436, 'ign_k': 0.03033111747878116, 'ign_c': 490.9403886223242}.
[I 2026-08-06 02:55:45,797] Trial 944 finished with values: [-0.4961421624122805, 0.23362576099381516] and parameters: {'k1': 0.00324789183891923, 'D_low': 29.89885508829526, 'k2': 0.002935672965826306, 'D_high': 7744.80118512745, 'fire_exp': 1.0881360604103363, 'P_half': 215.55950571043874, 'pre_dampen_half': 304.7488318185732, 'gpp_af': 5.620854611217178, 'gpp_b': 0.011750724729953272, 'gpp_d': 4.5768578731086835, 'ign_k': 0.08876620955487982, 'ign_c': 10.140635645866492}.
[I 2026-08-06 02:55:47,134] Trial 945 finished with values: [11.088227908471811, 11.088227908471811] and parameters: {'k1': 0.0029707920514735983, 'D_low': 2.458603276328005, 'k2': 0.031211489608802344, 'D_high': 9769.756791866093, 'fire_exp': 1.0881360604103363, 'P_half': 12.808863354047988, 'pre_dampen_half': 304.7488318185732, 'gpp_af': 0.5107061330406066, 'gpp_b': 0.00012797528816608022, 'gpp_d': 34.37107943937136, 'ign_k': 0.03033111747878116, 'ign_c': 0.11433485956638717}.
[I 2026-08-06 02:55:48,464] Trial 946 finished with values: [10.712754350796466, 10.712754350796466] and parameters: {'k1': 0.04897760278488444, 'D_low': 1112.9571947046009, 'k2': 3.5917714215176105e-05, 'D_high': 8182.111518618414, 'fire_exp': 1.0881360604103363, 'P_half': 215.55950571043874, 'pre_dampen_half': 10.746441744380329, 'gpp_af': 5.620854611217178, 'gpp_b': 0.3880241939505091, 'gpp_d': 4.5768578731086835, 'ign_k': 0.0486276976221284, 'ign_c': 0.5004428734228137}.
[I 2026-08-06 02:55:49,776] Trial 947 finished with values: [-0.4764180595884273, 0.19244388755553643] and parameters: {'k1': 0.0010239159443463301, 'D_low': 29.89885508829526, 'k2': 0.002935672965826306, 'D_high': 7744.80118512745, 'fire_exp': 1.0881360604103363, 'P_half': 215.55950571043874, 'pre_dampen_half': 304.7488318185732, 'gpp_af': 5.620854611217178, 'gpp_b': 0.011750724729953272, 'gpp_d': 4.5768578731086835, 'ign_k': 0.03033111747878116, 'ign_c': 10.140635645866492}.
[I 2026-08-06 02:55:51,091] Trial 948 finished with values: [10.05875471407715, 10.05875471407715] and parameters: {'k1': 0.0005956633466901681, 'D_low': 2.5449737887285035, 'k2': 0.0003932349508311777, 'D_high': 7744.80118512745, 'fire_exp': 1.0881360604103363, 'P_half': 215.55950571043874, 'pre_dampen_half': 304.7488318185732, 'gpp_af': 5.620854611217178, 'gpp_b': 0.011750724729953272, 'gpp_d': 4.5768578731086835, 'ign_k': 0.03033111747878116, 'ign_c': 10.140635645866492}.
[I 2026-08-06 02:55:52,427] Trial 949 finished with values: [-0.4848681960945448, 0.19909093678666923] and parameters: {'k1': 0.00324789183891923, 'D_low': 4.075267974954964, 'k2': 0.002935672965826306, 'D_high': 7744.80118512745, 'fire_exp': 1.0881360604103363, 'P_half': 215.55950571043874, 'pre_dampen_half': 304.7488318185732, 'gpp_af': 5.620854611217178, 'gpp_b': 0.011750724729953272, 'gpp_d': 2.893272120738162, 'ign_k': 0.03033111747878116, 'ign_c': 10.140635645866492}.
[I 2026-08-06 02:55:53,735] Trial 950 finished with values: [10.348872849198472, 10.348872849198472] and parameters: {'k1': 7.841214856323651e-05, 'D_low': 3.850312405984757, 'k2': 0.0007081721844034209, 'D_high': 8182.111518618414, 'fire_exp': 1.0881360604103363, 'P_half': 215.55950571043874, 'pre_dampen_half': 107.40052367919465, 'gpp_af': 0.06881325660932233, 'gpp_b': 0.011750724729953272, 'gpp_d': 368.30088529547436, 'ign_k': 0.11101191524846071, 'ign_c': 8.671454322584175}.
[I 2026-08-06 02:55:55,380] Trial 951 finished with values: [10.13674940612249, 10.13674940612249] and parameters: {'k1': 0.04897760278488444, 'D_low': 2.458603276328005, 'k2': 0.031211489608802344, 'D_high': 10316.033434719713, 'fire_exp': 1.0881360604103363, 'P_half': 12.808863354047988, 'pre_dampen_half': 76.86605275420082, 'gpp_af': 0.00219210598059826, 'gpp_b': 0.00012797528816608022, 'gpp_d': 34.37107943937136, 'ign_k': 0.03033111747878116, 'ign_c': 34.19108473554449}.
[I 2026-08-06 02:55:56,761] Trial 952 finished with values: [10.67285745977712, 10.67285745977712] and parameters: {'k1': 0.00324789183891923, 'D_low': 4.075267974954964, 'k2': 0.0022957398214549472, 'D_high': 2969.087094484682, 'fire_exp': 1.0881360604103363, 'P_half': 12.808863354047988, 'pre_dampen_half': 304.7488318185732, 'gpp_af': 0.8942824595236101, 'gpp_b': 0.011750724729953272, 'gpp_d': 0.013460448623833698, 'ign_k': 0.03033111747878116, 'ign_c': 10.140635645866492}.
[I 2026-08-06 02:55:58,080] Trial 953 finished with values: [-0.48762817675484804, 0.20076334567037246] and parameters: {'k1': 0.00324789183891923, 'D_low': 4.075267974954964, 'k2': 0.002935672965826306, 'D_high': 2969.087094484682, 'fire_exp': 1.0881360604103363, 'P_half': 12.808863354047988, 'pre_dampen_half': 805.2502904451399, 'gpp_af': 5.620854611217178, 'gpp_b': 0.011750724729953272, 'gpp_d': 0.6380717024176037, 'ign_k': 0.6454459531371669, 'ign_c': 10.140635645866492}.
[I 2026-08-06 02:55:59,419] Trial 954 finished with values: [10.170551879576365, 10.170551879576365] and parameters: {'k1': 0.04897760278488444, 'D_low': 2.458603276328005, 'k2': 0.002935672965826306, 'D_high': 10316.033434719713, 'fire_exp': 1.0881360604103363, 'P_half': 215.55950571043874, 'pre_dampen_half': 304.7488318185732, 'gpp_af': 1.3725472882585024, 'gpp_b': 1.1008110571039521e-05, 'gpp_d': 4.5768578731086835, 'ign_k': 0.0035114452581286888, 'ign_c': 34.19108473554449}.
[I 2026-08-06 02:56:00,707] Trial 955 finished with values: [10.07015732300259, 10.07015732300259] and parameters: {'k1': 0.00324789183891923, 'D_low': 29.89885508829526, 'k2': 0.002935672965826306, 'D_high': 2969.087094484682, 'fire_exp': 1.0881360604103363, 'P_half': 215.55950571043874, 'pre_dampen_half': 107.40052367919465, 'gpp_af': 5.620854611217178, 'gpp_b': 0.011750724729953272, 'gpp_d': 2.893272120738162, 'ign_k': 0.6454459531371669, 'ign_c': 10.140635645866492}.
[I 2026-08-06 02:56:02,008] Trial 956 finished with values: [10.769230769045793, 10.769230769045793] and parameters: {'k1': 0.00324789183891923, 'D_low': 4.075267974954964, 'k2': 3.472683124638336e-05, 'D_high': 2969.087094484682, 'fire_exp': 1.0881360604103363, 'P_half': 12.808863354047988, 'pre_dampen_half': 805.2502904451399, 'gpp_af': 5.620854611217178, 'gpp_b': 0.011750724729953272, 'gpp_d': 0.6380717024176037, 'ign_k': 0.6454459531371669, 'ign_c': 711.9679541167399}.
[I 2026-08-06 02:56:03,323] Trial 957 finished with values: [10.376132235003423, 10.376132235003423] and parameters: {'k1': 7.841214856323651e-05, 'D_low': 1112.9571947046009, 'k2': 0.0007081721844034209, 'D_high': 1578.0404945802954, 'fire_exp': 1.0881360604103363, 'P_half': 215.55950571043874, 'pre_dampen_half': 304.7488318185732, 'gpp_af': 11.234842109991876, 'gpp_b': 0.00031478066835753096, 'gpp_d': 4.5768578731086835, 'ign_k': 0.11101191524846071, 'ign_c': 0.1457050032975653}.
[I 2026-08-06 02:56:04,640] Trial 958 finished with values: [-0.4809266580136972, 0.39689097730983325] and parameters: {'k1': 0.07299424898595562, 'D_low': 2.458603276328005, 'k2': 0.0007081721844034209, 'D_high': 10316.033434719713, 'fire_exp': 1.151006986743773, 'P_half': 12.808863354047988, 'pre_dampen_half': 76.86605275420082, 'gpp_af': 35.20481045526041, 'gpp_b': 0.011750724729953272, 'gpp_d': 34.37107943937136, 'ign_k': 0.03033111747878116, 'ign_c': 34.19108473554449}.
[I 2026-08-06 02:56:05,943] Trial 959 finished with values: [10.8082076463675, 10.8082076463675] and parameters: {'k1': 0.00324789183891923, 'D_low': 29.89885508829526, 'k2': 7.361379380357782e-05, 'D_high': 8182.111518618414, 'fire_exp': 1.0881360604103363, 'P_half': 10.226988730324324, 'pre_dampen_half': 304.7488318185732, 'gpp_af': 11.234842109991876, 'gpp_b': 0.00012797528816608022, 'gpp_d': 3.57879245350232, 'ign_k': 0.6454459531371669, 'ign_c': 0.1457050032975653}.
[I 2026-08-06 02:56:07,259] Trial 960 finished with values: [10.640687938860932, 10.640687938860932] and parameters: {'k1': 0.01889771394135163, 'D_low': 2.458603276328005, 'k2': 0.0007081721844034209, 'D_high': 6455.595882939566, 'fire_exp': 1.151006986743773, 'P_half': 147.09699119495133, 'pre_dampen_half': 107.40052367919465, 'gpp_af': 0.010590622233713298, 'gpp_b': 0.024796579879439486, 'gpp_d': 34.37107943937136, 'ign_k': 0.02456326518827606, 'ign_c': 6.160975294741436}.
[I 2026-08-06 02:56:08,535] Trial 961 finished with values: [-0.4972091053671065, 0.13041304094660944] and parameters: {'k1': 0.00324789183891923, 'D_low': 4.075267974954964, 'k2': 0.0022957398214549472, 'D_high': 2969.087094484682, 'fire_exp': 1.0881360604103363, 'P_half': 215.55950571043874, 'pre_dampen_half': 304.7488318185732, 'gpp_af': 5.620854611217178, 'gpp_b': 0.011750724729953272, 'gpp_d': 29.83701993880331, 'ign_k': 0.6454459531371669, 'ign_c': 10.140635645866492}.
