[I 2026-06-11 01:58:07,568] Trial 424 finished with values: [10.616390040653755, 10.616390040653755] and parameters: {'k1': 0.03648456083047798, 'D_low': 236.79352040223893, 'k2': 0.07928164425547335, 'D_high': 44974.07193749848, 'fire_exp': 1.1633452995374232, 'P_half': 399.3031584056686, 'pre_dampen_half': 4.847666216751353, 'gpp_af': 0.060029341913968644, 'gpp_b': 0.16285506249643175, 'gpp_d': 1.0088237648985734, 'ign_k': 0.0032383308053152635, 'ign_c': 1.364908766641693, 'trop_agb_crit': 1.9712803620877688, 'trop_k_veg': 0.6488368931910606, 'fire_amp': 2.818314238665462}.
[I 2026-06-11 01:58:08,874] Trial 425 finished with values: [10.220758567674764, 10.220758567674764] and parameters: {'k1': 5.178197947282869e-05, 'D_low': 236.79352040223893, 'k2': 0.0001280886335404798, 'D_high': 36998.679204890876, 'fire_exp': 1.2344878997299724, 'P_half': 2.226799690893868, 'pre_dampen_half': 4.847666216751353, 'gpp_af': 2.5184956910855436, 'gpp_b': 0.001674375583895437, 'gpp_d': 594.7389794988394, 'ign_k': 0.8945150807271531, 'ign_c': 1.364908766641693, 'trop_agb_crit': 1.1683326952092081, 'trop_k_veg': 0.6108091740265464, 'fire_amp': 1.686388377130032}.
[I 2026-06-11 01:58:10,362] Trial 426 finished with values: [10.126885762098759, 10.126885762098759] and parameters: {'k1': 3.609310926766545e-05, 'D_low': 171.2446447678494, 'k2': 1.8678768363332442e-05, 'D_high': 24.9899605789089, 'fire_exp': 1.2344878997299724, 'P_half': 45.55085098454082, 'pre_dampen_half': 189.88136301569827, 'gpp_af': 1.9706963379095486, 'gpp_b': 0.002416023630607169, 'gpp_d': 21.899070557043984, 'ign_k': 0.0018548376790967168, 'ign_c': 388.02797007866826, 'trop_agb_crit': 8.0091368834625, 'trop_k_veg': 0.5443513380244235, 'fire_amp': 3.1543496524370136}.
[I 2026-06-11 01:58:11,875] Trial 427 finished with values: [-0.602020015100208, 0.21471634913726945] and parameters: {'k1': 3.609310926766545e-05, 'D_low': 171.2446447678494, 'k2': 0.0004976087827261435, 'D_high': 32311.521854410956, 'fire_exp': 1.4848387260494937, 'P_half': 5.4712187293420325, 'pre_dampen_half': 220.35141300841897, 'gpp_af': 0.2204465010099918, 'gpp_b': 0.002416023630607169, 'gpp_d': 0.1619054449471649, 'ign_k': 0.010733257635049785, 'ign_c': 7.081721844034206, 'trop_agb_crit': 11.664190932505923, 'trop_k_veg': 1.2749676887479542, 'fire_amp': 1.5719333351012774}.
[I 2026-06-11 01:58:13,310] Trial 428 finished with values: [10.036855424292167, 10.036855424292167] and parameters: {'k1': 0.006079905434073396, 'D_low': 43.2326421037033, 'k2': 4.933751600448335e-05, 'D_high': 708.7479683081002, 'fire_exp': 1.7792742686803427, 'P_half': 157.3644610977214, 'pre_dampen_half': 37.40930273158252, 'gpp_af': 1.9998014714101113, 'gpp_b': 0.00047819318414852577, 'gpp_d': 594.7389794988394, 'ign_k': 0.8945150807271531, 'ign_c': 16.497426799845446, 'trop_agb_crit': 8.0091368834625, 'trop_k_veg': 1.6003641872536711, 'fire_amp': 1.5587346124822492}.
[I 2026-06-11 01:58:14,652] Trial 429 finished with values: [11.324507572544507, 11.324507572544507] and parameters: {'k1': 0.016973078532467004, 'D_low': 236.79352040223893, 'k2': 0.00037358626308127543, 'D_high': 36998.679204890876, 'fire_exp': 1.2918065501148304, 'P_half': 78.13392238162733, 'pre_dampen_half': 30.456909077772018, 'gpp_af': 21.94636142065287, 'gpp_b': 0.0004125336560355494, 'gpp_d': 21.899070557043984, 'ign_k': 0.0018548376790967168, 'ign_c': 388.02797007866826, 'trop_agb_crit': 8.0091368834625, 'trop_k_veg': 2.520089655463604, 'fire_amp': 5.667622640988655}.
[I 2026-06-11 01:58:15,955] Trial 430 finished with values: [11.49723026274018, 11.49723026274018] and parameters: {'k1': 0.006164329525571074, 'D_low': 1.7551403048208316, 'k2': 0.0011135501184757278, 'D_high': 36998.679204890876, 'fire_exp': 1.41873960828944, 'P_half': 61.6097529474144, 'pre_dampen_half': 4.603480758878793, 'gpp_af': 0.2204465010099918, 'gpp_b': 0.0004125336560355494, 'gpp_d': 0.7698760608299932, 'ign_k': 0.8103567967717594, 'ign_c': 7.081721844034206, 'trop_agb_crit': 1.8566494291193822, 'trop_k_veg': 3.9199250904984653, 'fire_amp': 3.1543496524370136}.
[I 2026-06-11 01:58:17,360] Trial 431 finished with values: [10.372124752752384, 10.372124752752384] and parameters: {'k1': 5.7909642338812115e-05, 'D_low': 1.7551403048208316, 'k2': 0.00037358626308127543, 'D_high': 32311.521854410956, 'fire_exp': 1.1633452995374232, 'P_half': 5.4712187293420325, 'pre_dampen_half': 1.8469033699850426, 'gpp_af': 0.008117091133892173, 'gpp_b': 0.00031478066835753096, 'gpp_d': 1.3411170141333262, 'ign_k': 0.002357279455676982, 'ign_c': 7.081721844034206, 'trop_agb_crit': 1.8285200278523417, 'trop_k_veg': 0.5535297685306277, 'fire_amp': 1.5719333351012774}.
[I 2026-06-11 01:58:18,912] Trial 432 finished with values: [-0.6689499015819962, 0.11833554035649241] and parameters: {'k1': 0.0002418422795847161, 'D_low': 236.79352040223893, 'k2': 0.045914852167405346, 'D_high': 6682.9607218310075, 'fire_exp': 1.41873960828944, 'P_half': 2.226799690893868, 'pre_dampen_half': 16.009350908593582, 'gpp_af': 0.008117091133892173, 'gpp_b': 0.001674375583895437, 'gpp_d': 0.7698760608299932, 'ign_k': 0.0032383308053152635, 'ign_c': 39.52220881906114, 'trop_agb_crit': 4.902399583903479, 'trop_k_veg': 2.99731137426955, 'fire_amp': 2.7806853670293616}.
[I 2026-06-11 01:58:20,325] Trial 433 finished with values: [10.188798278482764, 10.188798278482764] and parameters: {'k1': 0.0008362695993649681, 'D_low': 236.79352040223893, 'k2': 0.00024195799118138832, 'D_high': 32311.521854410956, 'fire_exp': 1.2060040899560858, 'P_half': 5.4712187293420325, 'pre_dampen_half': 121.93011993958949, 'gpp_af': 1.7775411110039254, 'gpp_b': 0.00031478066835753096, 'gpp_d': 0.1619054449471649, 'ign_k': 0.002357279455676982, 'ign_c': 7.081721844034206, 'trop_agb_crit': 12.708819454040446, 'trop_k_veg': 0.5535297685306277, 'fire_amp': 2.7806853670293616}.
[I 2026-06-11 01:58:21,638] Trial 434 finished with values: [10.769230768877819, 10.769230768877819] and parameters: {'k1': 0.0008362695993649681, 'D_low': 236.79352040223893, 'k2': 0.02939607009739149, 'D_high': 36998.679204890876, 'fire_exp': 1.2060040899560858, 'P_half': 93.43302657318476, 'pre_dampen_half': 4.847666216751353, 'gpp_af': 1.7775411110039254, 'gpp_b': 0.001674375583895437, 'gpp_d': 1.0088237648985734, 'ign_k': 3.6309591863459096, 'ign_c': 39.52220881906114, 'trop_agb_crit': 1.8285200278523417, 'trop_k_veg': 2.520089655463604, 'fire_amp': 2.7806853670293616}.
[I 2026-06-11 01:58:23,107] Trial 435 finished with values: [10.755316185633887, 10.755316185633887] and parameters: {'k1': 0.012840669372724958, 'D_low': 30.489833442275348, 'k2': 0.0004976087827261435, 'D_high': 27.55546207779663, 'fire_exp': 1.4848387260494937, 'P_half': 8924.795116437426, 'pre_dampen_half': 121.93011993958949, 'gpp_af': 0.2204465010099918, 'gpp_b': 2.176805640408474e-05, 'gpp_d': 0.1619054449471649, 'ign_k': 0.002357279455676982, 'ign_c': 342.8810943862522, 'trop_agb_crit': 2.0527418919564324, 'trop_k_veg': 1.2749676887479542, 'fire_amp': 5.606809127618709}.
[I 2026-06-11 01:58:24,403] Trial 436 finished with values: [10.012900107940595, 10.012900107940595] and parameters: {'k1': 0.0009898117700885534, 'D_low': 1.4002277211577039, 'k2': 0.0004976087827261435, 'D_high': 1266.9536563782303, 'fire_exp': 1.1633452995374232, 'P_half': 101.40635645866499, 'pre_dampen_half': 9.044346216330972, 'gpp_af': 42.29037995744429, 'gpp_b': 0.015062722325200045, 'gpp_d': 96.93415502195788, 'ign_k': 0.002357279455676982, 'ign_c': 388.02797007866826, 'trop_agb_crit': 11.664190932505923, 'trop_k_veg': 1.2749676887479542, 'fire_amp': 5.606809127618709}.
[I 2026-06-11 01:58:25,904] Trial 437 finished with values: [17.22746494738184, 17.22746494738184] and parameters: {'k1': 3.609310926766545e-05, 'D_low': 171.2446447678494, 'k2': 0.003767022142229395, 'D_high': 1817.0401889219124, 'fire_exp': 1.0601964743503993, 'P_half': 12.280874862135363, 'pre_dampen_half': 121.93011993958949, 'gpp_af': 0.07118041471054574, 'gpp_b': 0.015062722325200045, 'gpp_d': 96.93415502195788, 'ign_k': 0.037151317999473285, 'ign_c': 0.4177928311636542, 'trop_agb_crit': 11.664190932505923, 'trop_k_veg': 4.989748894578724, 'fire_amp': 3.1543496524370136}.
[I 2026-06-11 01:58:27,385] Trial 438 finished with values: [10.133517409943579, 10.133517409943579] and parameters: {'k1': 0.016973078532467004, 'D_low': 1.7551403048208316, 'k2': 0.00037358626308127543, 'D_high': 32311.521854410956, 'fire_exp': 1.41873960828944, 'P_half': 5.4712187293420325, 'pre_dampen_half': 16.009350908593582, 'gpp_af': 0.008117091133892173, 'gpp_b': 0.015062722325200045, 'gpp_d': 12.338826503601998, 'ign_k': 0.002357279455676982, 'ign_c': 388.02797007866826, 'trop_agb_crit': 4.902399583903479, 'trop_k_veg': 2.520089655463604, 'fire_amp': 5.606809127618709}.
[I 2026-06-11 01:58:28,716] Trial 439 finished with values: [10.148593049799103, 10.148593049799103] and parameters: {'k1': 5.7909642338812115e-05, 'D_low': 1.4002277211577039, 'k2': 0.0007731571570012607, 'D_high': 252.84086172415604, 'fire_exp': 1.1633452995374232, 'P_half': 1265.0580856641704, 'pre_dampen_half': 170.71098124594695, 'gpp_af': 1.9706963379095486, 'gpp_b': 0.00012118589392553798, 'gpp_d': 1.0088237648985734, 'ign_k': 0.17320535908244444, 'ign_c': 7.081721844034206, 'trop_agb_crit': 11.664190932505923, 'trop_k_veg': 0.5588127200017643, 'fire_amp': 5.44779717154213}.
[I 2026-06-11 01:58:30,020] Trial 440 finished with values: [10.658998880039421, 10.658998880039421] and parameters: {'k1': 5.178197947282869e-05, 'D_low': 43.03411264066069, 'k2': 8.968733598183248e-05, 'D_high': 252.84086172415604, 'fire_exp': 1.4848387260494937, 'P_half': 1265.0580856641704, 'pre_dampen_half': 189.88136301569827, 'gpp_af': 21.635028947225102, 'gpp_b': 0.002416023630607169, 'gpp_d': 21.899070557043984, 'ign_k': 0.17320535908244444, 'ign_c': 1.4879588507789996, 'trop_agb_crit': 8.0091368834625, 'trop_k_veg': 0.5183533149347164, 'fire_amp': 1.1655705619308396}.
[I 2026-06-11 01:58:31,322] Trial 441 finished with values: [10.081377737441146, 10.081377737441146] and parameters: {'k1': 0.0020639617012599225, 'D_low': 1.7551403048208316, 'k2': 0.00037358626308127543, 'D_high': 32311.521854410956, 'fire_exp': 1.2918065501148304, 'P_half': 5.4712187293420325, 'pre_dampen_half': 3.4461856429915305, 'gpp_af': 0.008117091133892173, 'gpp_b': 0.00031478066835753096, 'gpp_d': 0.7698760608299932, 'ign_k': 0.002357279455676982, 'ign_c': 388.02797007866826, 'trop_agb_crit': 24.199763404822136, 'trop_k_veg': 0.5089315327929785, 'fire_amp': 5.606809127618709}.
[I 2026-06-11 01:58:32,826] Trial 442 finished with values: [10.487313108715215, 10.487313108715215] and parameters: {'k1': 5.7909642338812115e-05, 'D_low': 43.03411264066069, 'k2': 0.0007731571570012607, 'D_high': 36998.679204890876, 'fire_exp': 1.9136159174067866, 'P_half': 1265.0580856641704, 'pre_dampen_half': 30.456909077772018, 'gpp_af': 0.2204465010099918, 'gpp_b': 2.176805640408474e-05, 'gpp_d': 1.0088237648985734, 'ign_k': 0.05681482545113266, 'ign_c': 0.4177928311636542, 'trop_agb_crit': 11.664190932505923, 'trop_k_veg': 2.520089655463604, 'fire_amp': 3.1543496524370136}.
[I 2026-06-11 01:58:34,368] Trial 443 finished with values: [10.718727071751466, 10.718727071751466] and parameters: {'k1': 0.0018697387216131526, 'D_low': 1.7551403048208316, 'k2': 0.0001280886335404798, 'D_high': 32311.521854410956, 'fire_exp': 1.4848387260494937, 'P_half': 5.4712187293420325, 'pre_dampen_half': 16.009350908593582, 'gpp_af': 0.07118041471054574, 'gpp_b': 0.22467045378719658, 'gpp_d': 0.1619054449471649, 'ign_k': 0.002357279455676982, 'ign_c': 7.081721844034206, 'trop_agb_crit': 4.902399583903479, 'trop_k_veg': 1.2749676887479542, 'fire_amp': 1.5719333351012774}.
[I 2026-06-11 01:58:35,774] Trial 444 finished with values: [10.769230768877819, 10.769230768877819] and parameters: {'k1': 0.012840669372724958, 'D_low': 171.2446447678494, 'k2': 0.00037358626308127543, 'D_high': 252.84086172415604, 'fire_exp': 1.4848387260494937, 'P_half': 93.43302657318476, 'pre_dampen_half': 30.456909077772018, 'gpp_af': 1.9706963379095486, 'gpp_b': 0.00012118589392553798, 'gpp_d': 0.7698760608299932, 'ign_k': 0.0884455049423825, 'ign_c': 311.668529787849, 'trop_agb_crit': 2.0527418919564324, 'trop_k_veg': 2.520089655463604, 'fire_amp': 5.44779717154213}.
[I 2026-06-11 01:58:37,114] Trial 445 finished with values: [10.658703149424234, 10.658703149424234] and parameters: {'k1': 3.609310926766545e-05, 'D_low': 4006.89033223865, 'k2': 0.0004976087827261435, 'D_high': 1817.0401889219124, 'fire_exp': 1.4848387260494937, 'P_half': 5.4712187293420325, 'pre_dampen_half': 1.8469033699850426, 'gpp_af': 0.07118041471054574, 'gpp_b': 0.015062722325200045, 'gpp_d': 96.93415502195788, 'ign_k': 0.037151317999473285, 'ign_c': 0.4177928311636542, 'trop_agb_crit': 11.664190932505923, 'trop_k_veg': 4.989748894578724, 'fire_amp': 1.5719333351012774}.
[I 2026-06-11 01:58:38,433] Trial 446 finished with values: [-0.7306113611702466, 0.050223169421377944] and parameters: {'k1': 0.03648456083047798, 'D_low': 148.21691630007544, 'k2': 0.0004862769762212836, 'D_high': 32311.521854410956, 'fire_exp': 1.2344878997299724, 'P_half': 1549.6599265816342, 'pre_dampen_half': 8.259599205585761, 'gpp_af': 0.10098504976210308, 'gpp_b': 0.00031478066835753096, 'gpp_d': 545.0253444559129, 'ign_k': 0.012802983592904445, 'ign_c': 1.4879588507789996, 'trop_agb_crit': 12.708819454040446, 'trop_k_veg': 2.724170387400844, 'fire_amp': 2.7806853670293616}.
[I 2026-06-11 01:58:39,760] Trial 447 finished with values: [18.60470124442071, 18.60470124442071] and parameters: {'k1': 0.0018697387216131526, 'D_low': 236.79352040223893, 'k2': 0.028670350305540694, 'D_high': 32311.521854410956, 'fire_exp': 1.2918065501148304, 'P_half': 78.13392238162733, 'pre_dampen_half': 121.93011993958949, 'gpp_af': 0.016306190741524337, 'gpp_b': 0.0004125336560355494, 'gpp_d': 21.899070557043984, 'ign_k': 0.0029519227433917453, 'ign_c': 23.40999464613212, 'trop_agb_crit': 8.0091368834625, 'trop_k_veg': 2.520089655463604, 'fire_amp': 5.667622640988655}.
[I 2026-06-11 01:58:41,288] Trial 448 finished with values: [10.111013375887, 10.111013375887] and parameters: {'k1': 0.00023134781612225627, 'D_low': 1.7551403048208316, 'k2': 0.045914852167405346, 'D_high': 24.9899605789089, 'fire_exp': 1.41873960828944, 'P_half': 78.13392238162733, 'pre_dampen_half': 189.88136301569827, 'gpp_af': 0.016306190741524337, 'gpp_b': 0.00031478066835753096, 'gpp_d': 21.899070557043984, 'ign_k': 0.0018548376790967168, 'ign_c': 7.081721844034206, 'trop_agb_crit': 8.0091368834625, 'trop_k_veg': 0.5535297685306277, 'fire_amp': 5.667622640988655}.
[I 2026-06-11 01:58:42,787] Trial 449 finished with values: [-0.6928898620505252, 0.045563231564428874] and parameters: {'k1': 0.03648456083047798, 'D_low': 148.21691630007544, 'k2': 0.00037358626308127543, 'D_high': 1266.9536563782303, 'fire_exp': 1.2344878997299724, 'P_half': 1549.6599265816342, 'pre_dampen_half': 170.71098124594695, 'gpp_af': 0.015627364027979502, 'gpp_b': 0.00031478066835753096, 'gpp_d': 0.09467055845337147, 'ign_k': 0.0029519227433917453, 'ign_c': 1.4879588507789996, 'trop_agb_crit': 12.647327018493208, 'trop_k_veg': 2.724170387400844, 'fire_amp': 2.7806853670293616}.
[I 2026-06-11 01:58:44,310] Trial 450 finished with values: [-0.5350024800162501, 0.09339103190203657] and parameters: {'k1': 3.609310926766545e-05, 'D_low': 43.03411264066069, 'k2': 0.0004976087827261435, 'D_high': 1266.9536563782303, 'fire_exp': 1.4848387260494937, 'P_half': 1265.0580856641704, 'pre_dampen_half': 170.71098124594695, 'gpp_af': 1.9706963379095486, 'gpp_b': 0.0004125336560355494, 'gpp_d': 96.93415502195788, 'ign_k': 0.002357279455676982, 'ign_c': 153.51441568398127, 'trop_agb_crit': 11.664190932505923, 'trop_k_veg': 2.520089655463604, 'fire_amp': 5.606809127618709}.
[I 2026-06-11 01:58:45,656] Trial 451 finished with values: [10.286258565129897, 10.286258565129897] and parameters: {'k1': 0.00023134781612225627, 'D_low': 1.7551403048208316, 'k2': 0.00037358626308127543, 'D_high': 32311.521854410956, 'fire_exp': 1.41873960828944, 'P_half': 93.43302657318476, 'pre_dampen_half': 16.009350908593582, 'gpp_af': 0.015627364027979502, 'gpp_b': 2.176805640408474e-05, 'gpp_d': 364.60005353173506, 'ign_k': 0.002357279455676982, 'ign_c': 39.52220881906114, 'trop_agb_crit': 12.708819454040446, 'trop_k_veg': 0.5535297685306277, 'fire_amp': 3.1543496524370136}.
[I 2026-06-11 01:58:46,993] Trial 452 finished with values: [-0.4338477697041553, 0.48059689068928735] and parameters: {'k1': 0.0018697387216131526, 'D_low': 171.2446447678494, 'k2': 0.02939607009739149, 'D_high': 32311.521854410956, 'fire_exp': 1.811096651915224, 'P_half': 2.226799690893868, 'pre_dampen_half': 4.847666216751353, 'gpp_af': 1.7775411110039254, 'gpp_b': 0.00031478066835753096, 'gpp_d': 0.7698760608299932, 'ign_k': 3.6309591863459096, 'ign_c': 7.081721844034206, 'trop_agb_crit': 12.9667438075127, 'trop_k_veg': 0.5089315327929785, 'fire_amp': 2.7806853670293616}.
[I 2026-06-11 01:58:48,471] Trial 453 finished with values: [-0.613599223899346, 0.2271456483724814] and parameters: {'k1': 0.012840669372724958, 'D_low': 171.2446447678494, 'k2': 0.0004976087827261435, 'D_high': 36998.679204890876, 'fire_exp': 1.9136159174067866, 'P_half': 51.10120656497163, 'pre_dampen_half': 30.456909077772018, 'gpp_af': 0.07118041471054574, 'gpp_b': 2.176805640408474e-05, 'gpp_d': 20.81401325574021, 'ign_k': 0.002357279455676982, 'ign_c': 388.02797007866826, 'trop_agb_crit': 2.0527418919564324, 'trop_k_veg': 1.2749676887479542, 'fire_amp': 5.606809127618709}.
[I 2026-06-11 01:58:49,999] Trial 454 finished with values: [10.430142997689805, 10.430142997689805] and parameters: {'k1': 5.178197947282869e-05, 'D_low': 4.346890702031289, 'k2': 0.00037358626308127543, 'D_high': 36998.679204890876, 'fire_exp': 1.2344878997299724, 'P_half': 5.4712187293420325, 'pre_dampen_half': 121.93011993958949, 'gpp_af': 0.07118041471054574, 'gpp_b': 0.00031478066835753096, 'gpp_d': 0.7698760608299932, 'ign_k': 0.0018548376790967168, 'ign_c': 7.081721844034206, 'trop_agb_crit': 2.0527418919564324, 'trop_k_veg': 0.5535297685306277, 'fire_amp': 1.1655705619308396}.
[I 2026-06-11 01:58:51,390] Trial 455 finished with values: [10.740065828847134, 10.740065828847134] and parameters: {'k1': 5.7909642338812115e-05, 'D_low': 236.79352040223893, 'k2': 0.0007731571570012607, 'D_high': 55.22071973135807, 'fire_exp': 1.1633452995374232, 'P_half': 1265.0580856641704, 'pre_dampen_half': 1.8469033699850426, 'gpp_af': 0.2204465010099918, 'gpp_b': 0.00036184510553922684, 'gpp_d': 1.0088237648985734, 'ign_k': 0.0018548376790967168, 'ign_c': 0.6960633318526378, 'trop_agb_crit': 8.0091368834625, 'trop_k_veg': 4.989748894578724, 'fire_amp': 1.1655705619308396}.
[I 2026-06-11 01:58:52,761] Trial 456 finished with values: [10.769161574121584, 10.769161574121584] and parameters: {'k1': 5.7909642338812115e-05, 'D_low': 1.4002277211577039, 'k2': 0.0007731571570012607, 'D_high': 252.84086172415604, 'fire_exp': 4.197266872191233, 'P_half': 1265.0580856641704, 'pre_dampen_half': 1.8469033699850426, 'gpp_af': 0.07302012718529301, 'gpp_b': 0.00012118589392553798, 'gpp_d': 1.0088237648985734, 'ign_k': 0.17320535908244444, 'ign_c': 7.081721844034206, 'trop_agb_crit': 11.664190932505923, 'trop_k_veg': 4.989748894578724, 'fire_amp': 3.1543496524370136}.
[I 2026-06-11 01:58:54,109] Trial 457 finished with values: [10.533344793189947, 10.533344793189947] and parameters: {'k1': 0.012840669372724958, 'D_low': 335.92388193960346, 'k2': 8.968733598183248e-05, 'D_high': 24.9899605789089, 'fire_exp': 1.41873960828944, 'P_half': 61.6097529474144, 'pre_dampen_half': 16.009350908593582, 'gpp_af': 0.060029341913968644, 'gpp_b': 0.002416023630607169, 'gpp_d': 0.7698760608299932, 'ign_k': 0.0029519227433917453, 'ign_c': 1.4879588507789996, 'trop_agb_crit': 8.0091368834625, 'trop_k_veg': 2.520089655463604, 'fire_amp': 1.2393473789150806}.
[I 2026-06-11 01:58:55,445] Trial 458 finished with values: [-0.6176828401702394, 0.09713508995887521] and parameters: {'k1': 3.609310926766545e-05, 'D_low': 1121.5915868662764, 'k2': 0.0004862769762212836, 'D_high': 32311.521854410956, 'fire_exp': 1.4848387260494937, 'P_half': 1549.6599265816342, 'pre_dampen_half': 170.71098124594695, 'gpp_af': 0.10098504976210308, 'gpp_b': 0.00031478066835753096, 'gpp_d': 545.0253444559129, 'ign_k': 0.0029519227433917453, 'ign_c': 1.4879588507789996, 'trop_agb_crit': 12.647327018493208, 'trop_k_veg': 4.989748894578724, 'fire_amp': 2.7806853670293616}.
[I 2026-06-11 01:58:56,952] Trial 459 finished with values: [13.149507910170772, 13.149507910170772] and parameters: {'k1': 5.7909642338812115e-05, 'D_low': 83.56564873457052, 'k2': 0.00037358626308127543, 'D_high': 36998.679204890876, 'fire_exp': 1.2344878997299724, 'P_half': 93.43302657318476, 'pre_dampen_half': 30.456909077772018, 'gpp_af': 0.060029341913968644, 'gpp_b': 2.176805640408474e-05, 'gpp_d': 21.899070557043984, 'ign_k': 0.0029519227433917453, 'ign_c': 1.4879588507789996, 'trop_agb_crit': 1.8285200278523417, 'trop_k_veg': 0.5183533149347164, 'fire_amp': 5.44779717154213}.
[I 2026-06-11 01:58:58,485] Trial 460 finished with values: [10.608174035481145, 10.608174035481145] and parameters: {'k1': 3.609310926766545e-05, 'D_low': 1121.5915868662764, 'k2': 0.003767022142229395, 'D_high': 24.9899605789089, 'fire_exp': 1.4848387260494937, 'P_half': 12.280874862135363, 'pre_dampen_half': 189.88136301569827, 'gpp_af': 0.2204465010099918, 'gpp_b': 0.25042526066088033, 'gpp_d': 21.899070557043984, 'ign_k': 0.012480180965117606, 'ign_c': 1.4879588507789996, 'trop_agb_crit': 8.0091368834625, 'trop_k_veg': 6.030247256556128, 'fire_amp': 1.1655705619308396}.
