[I 2026-08-14 14:07:35,925] Trial 213 finished with values: [-0.3554625854118624, 0.0] and parameters: {'k1': 0.00040091494283268605, 'D_low': 2279.512551412468, 'k2': 3.511445258128687e-05, 'D_high': 12.22553839755208, 'fire_exp': 9.183156884876528, 'P_half': 6087.820637369983, 'pre_dampen_half': 0.7354388726789679, 'gpp_af': 0.15394819813084212, 'gpp_b': 2.660432024638607, 'gpp_d': 1.105785410092522, 'ign_k': 0.1137517159258866, 'ign_c': 0.4213183643253957, 'trop_agb_crit': 3.8524922362032497, 'trop_k_veg': 2.8056728593013704, 'fuel_k': 2.487578621230957, 'fuel_half': 70.56053596739233}.
[I 2026-08-14 14:07:37,066] Trial 214 finished with values: [-0.38342963834324484, 0.00016160694914502116] and parameters: {'k1': 9.969469187531805e-05, 'D_low': 3507.515213502105, 'k2': 7.67074891445376e-05, 'D_high': 8433503.858791472, 'fire_exp': 2.901882247501255, 'P_half': 269.74113434525447, 'pre_dampen_half': 563.8801013171912, 'gpp_af': 0.326288637536534, 'gpp_b': 4.600919967107135e-05, 'gpp_d': 0.5121071390703817, 'ign_k': 0.034321391362415854, 'ign_c': 84.89840783024046, 'trop_agb_crit': 10.719494362768906, 'trop_k_veg': 2.1816482703680733, 'fuel_k': 0.021123235354472927, 'fuel_half': 65.99277195883643}.
[I 2026-08-14 14:07:38,229] Trial 215 finished with values: [-0.3554625854118624, 0.0] and parameters: {'k1': 9.969469187531805e-05, 'D_low': 864.0717009254879, 'k2': 7.67074891445376e-05, 'D_high': 8433503.858791472, 'fire_exp': 8.26634592587193, 'P_half': 3.525936800597896, 'pre_dampen_half': 563.8801013171912, 'gpp_af': 1.4558259811306473, 'gpp_b': 4.600919967107135e-05, 'gpp_d': 6.913948698657619, 'ign_k': 3.1030112026960985, 'ign_c': 84.89840783024046, 'trop_agb_crit': 10.719494362768906, 'trop_k_veg': 1.140286245977296, 'fuel_k': 3.884320409093511, 'fuel_half': 35.2847426865637}.
[I 2026-08-14 14:07:39,387] Trial 216 finished with values: [-0.3554625854118624, 0.0] and parameters: {'k1': 5.325873749322162e-05, 'D_low': 286.06841726052676, 'k2': 0.0016150602315370215, 'D_high': 2541.6076006960125, 'fire_exp': 1.9699978833710656, 'P_half': 6153.658035691652, 'pre_dampen_half': 0.05844629901057142, 'gpp_af': 0.005018406982902927, 'gpp_b': 1.624829724391053, 'gpp_d': 0.03254982364882648, 'ign_k': 3.786246697870458, 'ign_c': 307.96093943652454, 'trop_agb_crit': 4.247094312974337, 'trop_k_veg': 0.5321398066473183, 'fuel_k': 0.8617898156534978, 'fuel_half': 58.54612336582598}.
[I 2026-08-14 14:07:40,533] Trial 217 finished with values: [-0.4014374200187228, 0.0004892144532694376] and parameters: {'k1': 2.27847364377152e-05, 'D_low': 6220.638781359816, 'k2': 0.001566517163094646, 'D_high': 16392.60991832772, 'fire_exp': 1.2310899049053081, 'P_half': 7.890004262668578, 'pre_dampen_half': 0.4016986062226067, 'gpp_af': 0.12243451886824051, 'gpp_b': 4.201176460336354, 'gpp_d': 9.004606022643067, 'ign_k': 3.284529979576944, 'ign_c': 0.11650681118986138, 'trop_agb_crit': 9.362115196011851, 'trop_k_veg': 2.417028380770307, 'fuel_k': 0.018207179480706392, 'fuel_half': 0.3335026483569958}.
[I 2026-08-14 14:07:41,668] Trial 218 finished with values: [-0.4206129990216031, 0.0035645653612895734] and parameters: {'k1': 0.00014888230597983555, 'D_low': 4.043300846639722, 'k2': 1.263794633808287e-05, 'D_high': 160625.60954780428, 'fire_exp': 1.182396148413737, 'P_half': 1938.3858782150498, 'pre_dampen_half': 0.0195172246414495, 'gpp_af': 0.34902252478382495, 'gpp_b': 3.228689523591491e-05, 'gpp_d': 27.50607428241511, 'ign_k': 0.011698039424426817, 'ign_c': 0.1867876836333246, 'trop_agb_crit': 13.98132484257899, 'trop_k_veg': 3.715819581962784, 'fuel_k': 0.06382243375381637, 'fuel_half': 2.100333410321807}.
[I 2026-08-14 14:07:42,889] Trial 219 finished with values: [-0.3999356396691396, 3.6043174478805895e-05] and parameters: {'k1': 0.0024005553432620355, 'D_low': 6220.638781359816, 'k2': 0.0009670857606743155, 'D_high': 16392.60991832772, 'fire_exp': 1.2310899049053081, 'P_half': 1212.4080603355412, 'pre_dampen_half': 0.03411860497758073, 'gpp_af': 0.4085228003668622, 'gpp_b': 0.9407903301838397, 'gpp_d': 9.004606022643067, 'ign_k': 0.31014294272127446, 'ign_c': 5.486676498816058, 'trop_agb_crit': 1.1921754348704765, 'trop_k_veg': 2.417028380770307, 'fuel_k': 1.6630228777630973, 'fuel_half': 12.136386887218588}.
[I 2026-08-14 14:07:44,066] Trial 220 finished with values: [-0.3554625854118624, 0.0] and parameters: {'k1': 0.0001599021369655865, 'D_low': 4.043300846639722, 'k2': 0.004373100990516265, 'D_high': 160625.60954780428, 'fire_exp': 9.012915111444606, 'P_half': 894.5150807271528, 'pre_dampen_half': 469.71569713904756, 'gpp_af': 42.44656636175248, 'gpp_b': 0.1774322385793971, 'gpp_d': 0.173242701549491, 'ign_k': 0.03141110271934876, 'ign_c': 107.49405395173389, 'trop_agb_crit': 1.5280652380617874, 'trop_k_veg': 6.911478238001162, 'fuel_k': 0.013421538374693755, 'fuel_half': 0.13249100882689224}.
[I 2026-08-14 14:07:45,192] Trial 221 finished with values: [-0.46172277589017713, 0.09821879527717614] and parameters: {'k1': 1.8595266457134027e-05, 'D_low': 2.0349553327469425, 'k2': 2.5299503921303695e-05, 'D_high': 1826.6972566585878, 'fire_exp': 1.2429193829348841, 'P_half': 16.051347487097576, 'pre_dampen_half': 54.70750401264757, 'gpp_af': 0.0023751383317256927, 'gpp_b': 0.00024732964314480056, 'gpp_d': 8.144272585223819, 'ign_k': 1.8108143621079664, 'ign_c': 14.935213816355384, 'trop_agb_crit': 21.825752290961518, 'trop_k_veg': 2.8224577471047865, 'fuel_k': 0.021123235354472927, 'fuel_half': 65.99277195883643}.
[I 2026-08-14 14:07:46,369] Trial 222 finished with values: [-0.360908930066156, 0.0030074614321659032] and parameters: {'k1': 0.00014001191914113747, 'D_low': 260206.07998030365, 'k2': 0.0010495653625093638, 'D_high': 909378.7396959361, 'fire_exp': 6.64661557126371, 'P_half': 24.184227958471602, 'pre_dampen_half': 0.8830969679935068, 'gpp_af': 0.4085228003668622, 'gpp_b': 0.00024732964314480056, 'gpp_d': 314.6826989726468, 'ign_k': 0.31014294272127446, 'ign_c': 14.935213816355384, 'trop_agb_crit': 25.360745838025757, 'trop_k_veg': 2.4516474838484386, 'fuel_k': 0.021123235354472927, 'fuel_half': 2.2148104601284695}.
[I 2026-08-14 14:07:47,549] Trial 223 finished with values: [-0.4154343734741234, 0.00034476587568554873] and parameters: {'k1': 1.7926680648388784e-05, 'D_low': 70586.60227368641, 'k2': 0.0034167643418329683, 'D_high': 1693415.5410667954, 'fire_exp': 1.7973831035976209, 'P_half': 894.5150807271528, 'pre_dampen_half': 5.912487867336618, 'gpp_af': 0.951028874815854, 'gpp_b': 0.006752383987148558, 'gpp_d': 1.14605265271501, 'ign_k': 0.018707420137660268, 'ign_c': 107.49405395173389, 'trop_agb_crit': 16.86264052240002, 'trop_k_veg': 0.6898193780989617, 'fuel_k': 0.02214708063365415, 'fuel_half': 0.13249100882689224}.
[I 2026-08-14 14:07:48,893] Trial 224 finished with values: [-0.35561680314303645, 4.715557389012304e-09] and parameters: {'k1': 0.0001226254315886001, 'D_low': 3478.435872358157, 'k2': 0.003045524314144144, 'D_high': 392.2836933531829, 'fire_exp': 8.26634592587193, 'P_half': 3.525936800597896, 'pre_dampen_half': 0.03411860497758073, 'gpp_af': 0.16983565276584273, 'gpp_b': 0.00012906175696809457, 'gpp_d': 5.1227685768715014, 'ign_k': 3.1030112026960985, 'ign_c': 0.15239409361703363, 'trop_agb_crit': 2.3118820898020997, 'trop_k_veg': 1.128469461526162, 'fuel_k': 2.6379166421137854, 'fuel_half': 26.9364391631794}.
[I 2026-08-14 14:07:50,124] Trial 225 finished with values: [-0.3554625854118624, 0.0] and parameters: {'k1': 1.0661259689433896e-05, 'D_low': 1160.0689839007139, 'k2': 0.01784859505675317, 'D_high': 66.8537333582894, 'fire_exp': 9.92285938457466, 'P_half': 22.41097161910951, 'pre_dampen_half': 420.2116526335304, 'gpp_af': 52.945450676642814, 'gpp_b': 6.933201384399589, 'gpp_d': 32.741215209888836, 'ign_k': 0.06341274324516308, 'ign_c': 750.7777979297798, 'trop_agb_crit': 26.402883285404346, 'trop_k_veg': 1.0049538030148353, 'fuel_k': 0.04317221150048559, 'fuel_half': 10.353854394033835}.
[I 2026-08-14 14:07:51,286] Trial 226 finished with values: [-0.4111773116555679, 0.0006408538774095307] and parameters: {'k1': 0.0012329098365270509, 'D_low': 367.4904945305323, 'k2': 1.263794633808287e-05, 'D_high': 160625.60954780428, 'fire_exp': 1.182396148413737, 'P_half': 351.2704726270846, 'pre_dampen_half': 0.37306104754535907, 'gpp_af': 5.600917281261384, 'gpp_b': 2.788681037423117, 'gpp_d': 857.4284557962634, 'ign_k': 0.03141110271934876, 'ign_c': 105.24574681335613, 'trop_agb_crit': 15.870971677383487, 'trop_k_veg': 6.911478238001162, 'fuel_k': 0.06382243375381637, 'fuel_half': 0.30455368715396786}.
[I 2026-08-14 14:07:52,464] Trial 227 finished with values: [-0.3554625854118624, 0.0] and parameters: {'k1': 0.0003713474360443033, 'D_low': 14944.869734548733, 'k2': 0.0006579066240690734, 'D_high': 1826.6972566585878, 'fire_exp': 3.8398504643167155, 'P_half': 4023.759749324184, 'pre_dampen_half': 0.016874538403502292, 'gpp_af': 0.326288637536534, 'gpp_b': 5.040445281577146, 'gpp_d': 314.6826989726468, 'ign_k': 0.06647020392311619, 'ign_c': 14.935213816355384, 'trop_agb_crit': 2.5687724869754125, 'trop_k_veg': 0.8423458720358215, 'fuel_k': 0.19418885610882602, 'fuel_half': 1.1483034881881862}.
[I 2026-08-14 14:07:53,654] Trial 228 finished with values: [-0.5063248793038098, 0.06453877756109583] and parameters: {'k1': 0.00040091494283268605, 'D_low': 2.0349553327469425, 'k2': 2.5299503921303695e-05, 'D_high': 316055.11434645514, 'fire_exp': 1.2429193829348841, 'P_half': 4.961134450191397, 'pre_dampen_half': 0.10609580257119508, 'gpp_af': 0.0023751383317256927, 'gpp_b': 6.0327793441162e-05, 'gpp_d': 1.105785410092522, 'ign_k': 1.07907786430243, 'ign_c': 0.4213183643253957, 'trop_agb_crit': 2.3118820898020997, 'trop_k_veg': 4.844706510617515, 'fuel_k': 0.011892598727815663, 'fuel_half': 0.46335780813176825}.
[I 2026-08-14 14:07:54,791] Trial 229 finished with values: [-0.4107494921278253, 0.00034227001630393605] and parameters: {'k1': 0.0029707920514735983, 'D_low': 4.043300846639722, 'k2': 1.3243445838637965e-05, 'D_high': 16.752866684650684, 'fire_exp': 1.182396148413737, 'P_half': 2.1095259085905753, 'pre_dampen_half': 0.043181981126981975, 'gpp_af': 0.022579970267080786, 'gpp_b': 0.07311344697279921, 'gpp_d': 0.11997897226934479, 'ign_k': 0.0075985864315887865, 'ign_c': 0.1254144753902608, 'trop_agb_crit': 15.870971677383487, 'trop_k_veg': 3.324264218444254, 'fuel_k': 0.3176626387065175, 'fuel_half': 18.202647368248826}.
[I 2026-08-14 14:07:56,049] Trial 230 finished with values: [-0.3554625854118624, 0.0] and parameters: {'k1': 6.069662445477729e-05, 'D_low': 2.0349553327469425, 'k2': 2.5299503921303695e-05, 'D_high': 12.862664853393753, 'fire_exp': 6.64661557126371, 'P_half': 4.961134450191397, 'pre_dampen_half': 0.01290083312696445, 'gpp_af': 0.0023751383317256927, 'gpp_b': 1.1728753685919104, 'gpp_d': 0.11997897226934479, 'ign_k': 0.31014294272127446, 'ign_c': 0.21947742689197342, 'trop_agb_crit': 2.3118820898020997, 'trop_k_veg': 4.844706510617515, 'fuel_k': 0.07925709222907362, 'fuel_half': 42.89592532297351}.
[I 2026-08-14 14:07:57,239] Trial 231 finished with values: [-0.37720891978529625, 4.579006388394369e-06] and parameters: {'k1': 0.0029707920514735983, 'D_low': 4.043300846639722, 'k2': 0.00019472216066157317, 'D_high': 1693415.5410667954, 'fire_exp': 1.7973831035976209, 'P_half': 1938.3858782150498, 'pre_dampen_half': 33.9790424311127, 'gpp_af': 0.0025511964576171086, 'gpp_b': 0.6992636148959319, 'gpp_d': 857.4284557962634, 'ign_k': 0.018707420137660268, 'ign_c': 3.0378658251922155, 'trop_agb_crit': 16.86264052240002, 'trop_k_veg': 0.6898193780989617, 'fuel_k': 1.8731335591844642, 'fuel_half': 2.9236782115513154}.
[I 2026-08-14 14:07:58,451] Trial 232 finished with values: [-0.40041472021367996, 1.9882274944205136e-06] and parameters: {'k1': 0.00040091494283268605, 'D_low': 2.607160725470918, 'k2': 2.5299503921303695e-05, 'D_high': 123.47208531015808, 'fire_exp': 2.26267489175816, 'P_half': 6087.820637369983, 'pre_dampen_half': 0.7354388726789679, 'gpp_af': 0.03934396739328546, 'gpp_b': 0.07311344697279921, 'gpp_d': 1.105785410092522, 'ign_k': 1.8108143621079664, 'ign_c': 1.3409701145872435, 'trop_agb_crit': 11.41767816030627, 'trop_k_veg': 3.4508425771776365, 'fuel_k': 0.011892598727815663, 'fuel_half': 42.89592532297351}.
[I 2026-08-14 14:07:59,613] Trial 233 finished with values: [-0.38256411038334737, 0.00013420645068529247] and parameters: {'k1': 2.143851363193518e-05, 'D_low': 4158.269729781509, 'k2': 9.580682294110428e-05, 'D_high': 2166.5747840614713, 'fire_exp': 1.6733848721157607, 'P_half': 26.466155867114797, 'pre_dampen_half': 39.37581228093823, 'gpp_af': 0.34902252478382495, 'gpp_b': 0.02502809770894037, 'gpp_d': 285.57196407381804, 'ign_k': 0.04380580767905655, 'ign_c': 105.24574681335613, 'trop_agb_crit': 2.1775224101934065, 'trop_k_veg': 4.232850899624565, 'fuel_k': 0.06382243375381637, 'fuel_half': 3.7093134348291836}.
[I 2026-08-14 14:08:00,804] Trial 234 finished with values: [-0.3554625854118624, 0.0] and parameters: {'k1': 0.0012329098365270509, 'D_low': 3735.16768760467, 'k2': 0.001906534551939351, 'D_high': 38.287672160557875, 'fire_exp': 1.075051292556307, 'P_half': 540.9803697908727, 'pre_dampen_half': 0.05016722470997861, 'gpp_af': 0.34902252478382495, 'gpp_b': 2.788681037423117, 'gpp_d': 0.17638479543546878, 'ign_k': 0.6138509947844857, 'ign_c': 105.24574681335613, 'trop_agb_crit': 2.1775224101934065, 'trop_k_veg': 1.7570501127699654, 'fuel_k': 0.28630931797361614, 'fuel_half': 0.30455368715396786}.
[I 2026-08-14 14:08:02,082] Trial 235 finished with values: [-0.3554625854118624, 0.0] and parameters: {'k1': 1.0661259689433896e-05, 'D_low': 11.437258028094242, 'k2': 0.0004673518999562748, 'D_high': 3262.5163516684925, 'fire_exp': 2.1931399753552863, 'P_half': 22.41097161910951, 'pre_dampen_half': 420.2116526335304, 'gpp_af': 0.04130614451133169, 'gpp_b': 1.1983032564333187e-05, 'gpp_d': 20.781977011630676, 'ign_k': 1.857328833311487, 'ign_c': 771.13129913311, 'trop_agb_crit': 1.6580318731537693, 'trop_k_veg': 1.0049538030148353, 'fuel_k': 0.01814068034742312, 'fuel_half': 97.86395331218444}.
[I 2026-08-14 14:08:03,234] Trial 236 finished with values: [-0.42294640721767196, 0.01019836606304203] and parameters: {'k1': 0.0006075902911081375, 'D_low': 367.4904945305323, 'k2': 1.854837679096716e-05, 'D_high': 316055.11434645514, 'fire_exp': 1.075051292556307, 'P_half': 3910.3637457741784, 'pre_dampen_half': 0.10609580257119508, 'gpp_af': 0.34902252478382495, 'gpp_b': 1.6569065206637924e-05, 'gpp_d': 0.2334174560017147, 'ign_k': 0.04380580767905655, 'ign_c': 0.18316165443932733, 'trop_agb_crit': 2.1775224101934065, 'trop_k_veg': 1.7570501127699654, 'fuel_k': 0.28630931797361614, 'fuel_half': 0.30455368715396786}.
[I 2026-08-14 14:08:04,458] Trial 237 finished with values: [-0.3554625854118624, 0.0] and parameters: {'k1': 0.09738633019266786, 'D_low': 8.226862854559938, 'k2': 0.0034167643418329683, 'D_high': 1693415.5410667954, 'fire_exp': 9.012915111444606, 'P_half': 894.5150807271528, 'pre_dampen_half': 469.71569713904756, 'gpp_af': 42.44656636175248, 'gpp_b': 0.005070330027123044, 'gpp_d': 302.3127748796293, 'ign_k': 0.050667002161528835, 'ign_c': 226.77352235512825, 'trop_agb_crit': 1.5280652380617874, 'trop_k_veg': 6.423535314325734, 'fuel_k': 1.8731335591844642, 'fuel_half': 3.601755030193045}.
[I 2026-08-14 14:08:05,638] Trial 238 finished with values: [-0.3554625854118624, 0.0] and parameters: {'k1': 5.325873749322162e-05, 'D_low': 282295.1182993734, 'k2': 0.002155595057104387, 'D_high': 2541.6076006960125, 'fire_exp': 6.284853792838699, 'P_half': 6153.658035691652, 'pre_dampen_half': 0.05844629901057142, 'gpp_af': 9.527157550070955, 'gpp_b': 0.010847560307977218, 'gpp_d': 11.40961991569626, 'ign_k': 0.03179302199939539, 'ign_c': 6.390695092073219, 'trop_agb_crit': 23.815062574705927, 'trop_k_veg': 0.5523938241293617, 'fuel_k': 0.8617898156534978, 'fuel_half': 58.54612336582598}.
[I 2026-08-14 14:08:06,837] Trial 239 finished with values: [-0.3554625854118624, 0.0] and parameters: {'k1': 2.27847364377152e-05, 'D_low': 11.437258028094242, 'k2': 0.000985079068311927, 'D_high': 3262.5163516684925, 'fire_exp': 1.4575512062152998, 'P_half': 28.15630081597223, 'pre_dampen_half': 0.4016986062226067, 'gpp_af': 1.449844547403375, 'gpp_b': 1.7565109007473816e-05, 'gpp_d': 9.004606022643067, 'ign_k': 3.284529979576944, 'ign_c': 698.6847592445656, 'trop_agb_crit': 9.362115196011851, 'trop_k_veg': 1.5784367978699871, 'fuel_k': 0.017262921159278164, 'fuel_half': 0.3335026483569958}.
[I 2026-08-14 14:08:08,005] Trial 240 finished with values: [-0.4062267171475897, 0.0030523349712430203] and parameters: {'k1': 0.0029707920514735983, 'D_low': 4.043300846639722, 'k2': 0.015109086063191909, 'D_high': 145242.3792862803, 'fire_exp': 1.182396148413737, 'P_half': 2.1095259085905753, 'pre_dampen_half': 0.9145768948268035, 'gpp_af': 0.15394819813084212, 'gpp_b': 2.660432024638607, 'gpp_d': 1.105785410092522, 'ign_k': 0.1137517159258866, 'ign_c': 0.4213183643253957, 'trop_agb_crit': 15.870971677383487, 'trop_k_veg': 2.8056728593013704, 'fuel_k': 2.487578621230957, 'fuel_half': 70.56053596739233}.
[I 2026-08-14 14:08:09,317] Trial 241 finished with values: [-0.3554625854118624, 0.0] and parameters: {'k1': 7.639737756882014e-05, 'D_low': 154288.74893266062, 'k2': 1.3243445838637965e-05, 'D_high': 9961071.093253022, 'fire_exp': 9.92285938457466, 'P_half': 7.890004262668578, 'pre_dampen_half': 0.02581696750231143, 'gpp_af': 0.4085228003668622, 'gpp_b': 1.2528074983135014, 'gpp_d': 0.17248070105409813, 'ign_k': 0.31014294272127446, 'ign_c': 0.32857737869796977, 'trop_agb_crit': 25.659550869174797, 'trop_k_veg': 3.2989278108116267, 'fuel_k': 0.018207179480706392, 'fuel_half': 10.353854394033835}.
[I 2026-08-14 14:08:10,589] Trial 242 finished with values: [-0.3554625854118624, 0.0] and parameters: {'k1': 0.0003713474360443033, 'D_low': 79359.08226154797, 'k2': 0.0005708731724249573, 'D_high': 1826.6972566585878, 'fire_exp': 2.901882247501255, 'P_half': 16.051347487097576, 'pre_dampen_half': 54.70750401264757, 'gpp_af': 0.326288637536534, 'gpp_b': 0.00024732964314480056, 'gpp_d': 314.6826989726468, 'ign_k': 0.034321391362415854, 'ign_c': 14.935213816355384, 'trop_agb_crit': 21.825752290961518, 'trop_k_veg': 2.8224577471047865, 'fuel_k': 0.021123235354472927, 'fuel_half': 65.99277195883643}.
[I 2026-08-14 14:08:11,758] Trial 243 finished with values: [-0.35905871720376087, 3.736326636971654e-08] and parameters: {'k1': 5.325873749322162e-05, 'D_low': 282295.1182993734, 'k2': 1.4363112408604443e-05, 'D_high': 2541.6076006960125, 'fire_exp': 1.075051292556307, 'P_half': 6153.658035691652, 'pre_dampen_half': 0.05844629901057142, 'gpp_af': 0.8533931648032835, 'gpp_b': 0.010847560307977218, 'gpp_d': 11.40961991569626, 'ign_k': 0.026539376439360548, 'ign_c': 98.40989343758308, 'trop_agb_crit': 2.1775224101934065, 'trop_k_veg': 0.8934118487032162, 'fuel_k': 0.02957171323932571, 'fuel_half': 58.54612336582598}.
[I 2026-08-14 14:08:12,953] Trial 244 finished with values: [-0.3554625854118624, 0.0] and parameters: {'k1': 0.0010204225357677778, 'D_low': 8454.098152188677, 'k2': 0.001906534551939351, 'D_high': 625838.668783032, 'fire_exp': 4.2452218366067225, 'P_half': 2.1234210963705626, 'pre_dampen_half': 233.2883871089531, 'gpp_af': 0.11022143612695982, 'gpp_b': 1.6569065206637924e-05, 'gpp_d': 0.24231943110844462, 'ign_k': 1.6780508579130993, 'ign_c': 98.40989343758308, 'trop_agb_crit': 1.8730954962803803, 'trop_k_veg': 1.7570501127699654, 'fuel_k': 0.10696151252957647, 'fuel_half': 2.841639333505349}.
[I 2026-08-14 14:08:14,163] Trial 245 finished with values: [-0.37091887074371377, 0.00012285388135568898] and parameters: {'k1': 0.004312951023617458, 'D_low': 19389.89852278267, 'k2': 1.915468390724633e-05, 'D_high': 478.193184148526, 'fire_exp': 1.075051292556307, 'P_half': 12.38905291855107, 'pre_dampen_half': 502.5175192217655, 'gpp_af': 0.34902252478382495, 'gpp_b': 2.788681037423117, 'gpp_d': 0.173242701549491, 'ign_k': 0.026539376439360548, 'ign_c': 15.221840161091626, 'trop_agb_crit': 2.1775224101934065, 'trop_k_veg': 0.6189606672462583, 'fuel_k': 4.680936683972861, 'fuel_half': 52.00581729114123}.
[I 2026-08-14 14:08:15,338] Trial 246 finished with values: [-0.3554625854118624, 0.0] and parameters: {'k1': 0.00014888230597983555, 'D_low': 93.75345303884801, 'k2': 1.127217425995114e-05, 'D_high': 32.587510576286036, 'fire_exp': 6.188409493921614, 'P_half': 8320.133621840185, 'pre_dampen_half': 2.9046276683520458, 'gpp_af': 0.2965524548878197, 'gpp_b': 0.0005995821881487623, 'gpp_d': 34.70266988650411, 'ign_k': 0.0012087541473056963, 'ign_c': 0.3277320296937064, 'trop_agb_crit': 16.967533607196547, 'trop_k_veg': 0.9008485225328876, 'fuel_k': 0.02496045629458217, 'fuel_half': 0.35498788321965025}.
[I 2026-08-14 14:08:16,514] Trial 247 finished with values: [-0.4042087796946423, 0.001185166838640117] and parameters: {'k1': 0.0032930213963426706, 'D_low': 14944.869734548733, 'k2': 0.00010939944910100016, 'D_high': 58257.048833920686, 'fire_exp': 1.182396148413737, 'P_half': 1938.3858782150498, 'pre_dampen_half': 0.016874538403502292, 'gpp_af': 0.008983355849178878, 'gpp_b': 3.228689523591491e-05, 'gpp_d': 2.292633983096564, 'ign_k': 0.18170401889219123, 'ign_c': 3.0378658251922155, 'trop_agb_crit': 2.5687724869754125, 'trop_k_veg': 0.8423458720358215, 'fuel_k': 5.486054129200969, 'fuel_half': 1.1483034881881862}.
