[I 2026-08-06 10:20:05,406] Trial 468 finished with values: [10.791918951307329, 10.791918951307329] and parameters: {'k1': 0.01889771394135163, 'D_low': 70.18267183720735, 'k2': 0.0003432139136241583, 'D_high': 431.45617043093523, 'fire_exp': 1.1263716762638152, 'P_half': 4.213183643253957, 'pre_dampen_half': 502.5175192217655, 'gpp_af': 0.7539992074650279, 'gpp_b': 0.0021331409710300844, 'gpp_d': 16.460426816350523, 'ign_k': 0.0049611344501914005, 'ign_c': 15.221840161091626, 'trop_agb_crit': 1.0903028125370984, 'trop_k_veg': 6.9782110227926815}.
[I 2026-08-06 10:20:06,594] Trial 469 finished with values: [10.226422754514054, 10.226422754514054] and parameters: {'k1': 0.012021930484915042, 'D_low': 2.4622754931226587, 'k2': 0.00021901578520649233, 'D_high': 9419.6122359782, 'fire_exp': 1.0629462657398439, 'P_half': 220.3445560633069, 'pre_dampen_half': 502.5175192217655, 'gpp_af': 1.200191344086032, 'gpp_b': 1.5385046399532158e-05, 'gpp_d': 16.460426816350523, 'ign_k': 3.589155871450839, 'ign_c': 15.221840161091626, 'trop_agb_crit': 1.0455434848969813, 'trop_k_veg': 0.6743482387129308}.
[I 2026-08-06 10:20:07,783] Trial 470 finished with values: [-0.4967208015475332, 0.1941965971902554] and parameters: {'k1': 0.012840669372724958, 'D_low': 70.18267183720735, 'k2': 0.003767022142229395, 'D_high': 431.45617043093523, 'fire_exp': 1.0601964743503993, 'P_half': 2.0314811950454943, 'pre_dampen_half': 107.40052367919465, 'gpp_af': 1.9706963379095486, 'gpp_b': 0.1500112079985056, 'gpp_d': 84.31013932082456, 'ign_k': 0.00840038491455979, 'ign_c': 20.03995359361212, 'trop_agb_crit': 1.6878075072665546, 'trop_k_veg': 0.6673124511410327}.
[I 2026-08-06 10:20:08,940] Trial 471 finished with values: [-0.4616553629880439, 0.13486887121500757] and parameters: {'k1': 0.012840669372724958, 'D_low': 70.18267183720735, 'k2': 0.003767022142229395, 'D_high': 8182.111518618414, 'fire_exp': 1.0601964743503993, 'P_half': 4.087300390305745, 'pre_dampen_half': 107.40052367919465, 'gpp_af': 0.12269699058825158, 'gpp_b': 0.14577755664212386, 'gpp_d': 84.31013932082456, 'ign_k': 0.00840038491455979, 'ign_c': 20.03995359361212, 'trop_agb_crit': 1.6878075072665546, 'trop_k_veg': 1.4584243470991722}.
[I 2026-08-06 10:20:10,160] Trial 472 finished with values: [10.33189807631204, 10.33189807631204] and parameters: {'k1': 0.004312951023617458, 'D_low': 4.484744524732794, 'k2': 1.915468390724633e-05, 'D_high': 21.947742689197344, 'fire_exp': 1.1263716762638152, 'P_half': 220.3445560633069, 'pre_dampen_half': 552.4163637315892, 'gpp_af': 0.7539992074650279, 'gpp_b': 0.0021331409710300844, 'gpp_d': 16.460426816350523, 'ign_k': 0.0680787482656459, 'ign_c': 0.70689749506246, 'trop_agb_crit': 28.66951114938682, 'trop_k_veg': 1.4584243470991722}.
[I 2026-08-06 10:20:11,358] Trial 473 finished with values: [10.258873080770263, 10.258873080770263] and parameters: {'k1': 0.004312951023617458, 'D_low': 1397.5908789482219, 'k2': 8.923807143379776e-05, 'D_high': 8182.111518618414, 'fire_exp': 1.1430983876313219, 'P_half': 4.213183643253957, 'pre_dampen_half': 502.5175192217655, 'gpp_af': 0.00515795696727661, 'gpp_b': 3.481277316673104e-05, 'gpp_d': 84.31013932082456, 'ign_k': 0.00840038491455979, 'ign_c': 0.70689749506246, 'trop_agb_crit': 8.997007571451054, 'trop_k_veg': 1.9938441068366917}.
[I 2026-08-06 10:20:12,553] Trial 474 finished with values: [10.052657689461574, 10.052657689461574] and parameters: {'k1': 0.004312951023617458, 'D_low': 4.484744524732794, 'k2': 1.915468390724633e-05, 'D_high': 3712.591045287726, 'fire_exp': 1.0629462657398439, 'P_half': 220.3445560633069, 'pre_dampen_half': 502.5175192217655, 'gpp_af': 0.7539992074650279, 'gpp_b': 3.481277316673104e-05, 'gpp_d': 16.460426816350523, 'ign_k': 0.0680787482656459, 'ign_c': 29.690870944846793, 'trop_agb_crit': 24.584290528289387, 'trop_k_veg': 1.4584243470991722}.
[I 2026-08-06 10:20:13,732] Trial 475 finished with values: [12.565673837230555, 12.565673837230555] and parameters: {'k1': 0.012840669372724958, 'D_low': 70.18267183720735, 'k2': 0.003767022142229395, 'D_high': 63233.81951066786, 'fire_exp': 1.0629462657398439, 'P_half': 2.0314811950454943, 'pre_dampen_half': 107.40052367919465, 'gpp_af': 1.9706963379095486, 'gpp_b': 1.4540386644083135e-05, 'gpp_d': 0.6960360257735198, 'ign_k': 0.010167079878196114, 'ign_c': 20.03995359361212, 'trop_agb_crit': 10.905006748783771, 'trop_k_veg': 0.6673124511410327}.
[I 2026-08-06 10:20:14,881] Trial 476 finished with values: [10.686336985089543, 10.686336985089543] and parameters: {'k1': 0.008912611835817005, 'D_low': 173.2186836611753, 'k2': 0.00021901578520649233, 'D_high': 9419.6122359782, 'fire_exp': 1.0629462657398439, 'P_half': 54.37591736923918, 'pre_dampen_half': 5.048653998722947, 'gpp_af': 0.25562996323356024, 'gpp_b': 0.14577755664212386, 'gpp_d': 10.369565216756202, 'ign_k': 0.11619873314872933, 'ign_c': 15.221840161091626, 'trop_agb_crit': 1.0455434848969813, 'trop_k_veg': 2.194427136482602}.
[I 2026-08-06 10:20:16,051] Trial 477 finished with values: [10.762393458757117, 10.762393458757117] and parameters: {'k1': 0.008912611835817005, 'D_low': 4.484744524732794, 'k2': 0.0003432139136241583, 'D_high': 15351.441568398131, 'fire_exp': 1.1430983876313219, 'P_half': 220.3445560633069, 'pre_dampen_half': 502.5175192217655, 'gpp_af': 0.00111906222790675, 'gpp_b': 0.14577755664212386, 'gpp_d': 10.369565216756202, 'ign_k': 2.1368329072358767, 'ign_c': 15.221840161091626, 'trop_agb_crit': 1.0455434848969813, 'trop_k_veg': 2.194427136482602}.
[I 2026-08-06 10:20:17,239] Trial 478 finished with values: [-0.4940632358592561, 0.1662995679565069] and parameters: {'k1': 2.316457903103837e-05, 'D_low': 20.22298375423134, 'k2': 0.014344484793173472, 'D_high': 42210.21267871043, 'fire_exp': 1.0601964743503993, 'P_half': 140.74279366401683, 'pre_dampen_half': 17.707795393478506, 'gpp_af': 0.2204465010099918, 'gpp_b': 7.210246166617508e-05, 'gpp_d': 4.25060659305504, 'ign_k': 0.00840038491455979, 'ign_c': 2.8335389417624683, 'trop_agb_crit': 8.997007571451054, 'trop_k_veg': 3.49157152291552}.
[I 2026-08-06 10:20:18,430] Trial 479 finished with values: [-0.4716677041217241, 0.15619982948662658] and parameters: {'k1': 0.01889771394135163, 'D_low': 70.18267183720735, 'k2': 0.0154776166709383, 'D_high': 1177.190025324204, 'fire_exp': 1.1263716762638152, 'P_half': 140.74279366401683, 'pre_dampen_half': 63.6685916079943, 'gpp_af': 0.7539992074650279, 'gpp_b': 0.14577755664212386, 'gpp_d': 757.2868182332339, 'ign_k': 0.01364908766641695, 'ign_c': 0.557280750002996, 'trop_agb_crit': 3.848553322122042, 'trop_k_veg': 2.194427136482602}.
[I 2026-08-06 10:20:19,576] Trial 480 finished with values: [10.495353371183395, 10.495353371183395] and parameters: {'k1': 3.23559867820537e-05, 'D_low': 34.459310919273356, 'k2': 2.246290894032394e-05, 'D_high': 8182.111518618414, 'fire_exp': 1.695318866910499, 'P_half': 220.3445560633069, 'pre_dampen_half': 63.6685916079943, 'gpp_af': 0.7539992074650279, 'gpp_b': 3.481277316673104e-05, 'gpp_d': 150.14555442537656, 'ign_k': 2.1368329072358767, 'ign_c': 0.70689749506246, 'trop_agb_crit': 3.2954785755570537, 'trop_k_veg': 1.6081790145072552}.
[I 2026-08-06 10:20:20,734] Trial 481 finished with values: [10.100486520676357, 10.100486520676357] and parameters: {'k1': 3.23559867820537e-05, 'D_low': 34.459310919273356, 'k2': 0.001462400459012571, 'D_high': 8182.111518618414, 'fire_exp': 1.1263716762638152, 'P_half': 220.3445560633069, 'pre_dampen_half': 63.6685916079943, 'gpp_af': 0.7539992074650279, 'gpp_b': 0.14577755664212386, 'gpp_d': 150.14555442537656, 'ign_k': 0.010167079878196114, 'ign_c': 0.70689749506246, 'trop_agb_crit': 24.584290528289387, 'trop_k_veg': 1.6081790145072552}.
[I 2026-08-06 10:20:21,871] Trial 482 finished with values: [-0.5028643948425632, 0.1547005869147331] and parameters: {'k1': 0.004312951023617458, 'D_low': 1.3577269394141454, 'k2': 8.923807143379776e-05, 'D_high': 21.947742689197344, 'fire_exp': 1.1430983876313219, 'P_half': 220.3445560633069, 'pre_dampen_half': 502.5175192217655, 'gpp_af': 0.7539992074650279, 'gpp_b': 3.481277316673104e-05, 'gpp_d': 16.460426816350523, 'ign_k': 0.0680787482656459, 'ign_c': 15.221840161091626, 'trop_agb_crit': 1.0903028125370984, 'trop_k_veg': 1.4584243470991722}.
[I 2026-08-06 10:20:23,058] Trial 483 finished with values: [10.026595696744371, 10.026595696744371] and parameters: {'k1': 2.766282010813135e-05, 'D_low': 4.513311251103462, 'k2': 1.915468390724633e-05, 'D_high': 3712.591045287726, 'fire_exp': 1.0629462657398439, 'P_half': 2.062120257534816, 'pre_dampen_half': 552.4163637315892, 'gpp_af': 0.7539992074650279, 'gpp_b': 1.4540386644083135e-05, 'gpp_d': 0.12878367369717508, 'ign_k': 0.0680787482656459, 'ign_c': 0.557280750002996, 'trop_agb_crit': 7.500118950416987, 'trop_k_veg': 1.4584243470991722}.
[I 2026-08-06 10:20:24,212] Trial 484 finished with values: [10.727703730082904, 10.727703730082904] and parameters: {'k1': 0.004053638704742309, 'D_low': 64.39790863101601, 'k2': 1.8205657658407255e-05, 'D_high': 21.947742689197344, 'fire_exp': 2.494154063094566, 'P_half': 220.3445560633069, 'pre_dampen_half': 502.5175192217655, 'gpp_af': 24.725776073156705, 'gpp_b': 0.12746711578215045, 'gpp_d': 16.460426816350523, 'ign_k': 0.0680787482656459, 'ign_c': 0.70689749506246, 'trop_agb_crit': 24.584290528289387, 'trop_k_veg': 2.194427136482602}.
[I 2026-08-06 10:20:25,555] Trial 485 finished with values: [-0.5229499988595653, 0.13304071192049494] and parameters: {'k1': 0.008912611835817005, 'D_low': 4.484744524732794, 'k2': 1.915468390724633e-05, 'D_high': 3712.591045287726, 'fire_exp': 1.1263716762638152, 'P_half': 220.3445560633069, 'pre_dampen_half': 502.5175192217655, 'gpp_af': 0.7539992074650279, 'gpp_b': 0.0021331409710300844, 'gpp_d': 16.460426816350523, 'ign_k': 0.0680787482656459, 'ign_c': 15.221840161091626, 'trop_agb_crit': 6.275146677376727, 'trop_k_veg': 4.345076509212382}.
[I 2026-08-06 10:20:26,695] Trial 486 finished with values: [10.769230768838547, 10.769230768838547] and parameters: {'k1': 0.00031134168041628584, 'D_low': 2.4622754931226587, 'k2': 0.003767022142229395, 'D_high': 1493.5213816355397, 'fire_exp': 1.1263716762638152, 'P_half': 336.708521740818, 'pre_dampen_half': 38.00678588560607, 'gpp_af': 0.6403036652671171, 'gpp_b': 0.14577755664212386, 'gpp_d': 19.600139992927435, 'ign_k': 2.5253810447657927, 'ign_c': 48.704711413416454, 'trop_agb_crit': 7.628718523810018, 'trop_k_veg': 2.194427136482602}.
[I 2026-08-06 10:20:27,891] Trial 487 finished with values: [11.226578129647681, 11.226578129647681] and parameters: {'k1': 0.008912611835817005, 'D_low': 355.00125258511594, 'k2': 0.03538758864779238, 'D_high': 11832.967057468773, 'fire_exp': 1.0601964743503993, 'P_half': 5.076307782729897, 'pre_dampen_half': 63.6685916079943, 'gpp_af': 0.6403036652671171, 'gpp_b': 6.255968081638362e-05, 'gpp_d': 2.944272359149677, 'ign_k': 0.21006485619596416, 'ign_c': 2.8335389417624683, 'trop_agb_crit': 6.891704535458281, 'trop_k_veg': 3.3819606566552936}.
[I 2026-08-06 10:20:29,106] Trial 488 finished with values: [-0.4786788751869372, 0.17980225669158378] and parameters: {'k1': 0.00031134168041628584, 'D_low': 70.18267183720735, 'k2': 8.923807143379776e-05, 'D_high': 109.44963667961977, 'fire_exp': 1.3170256885255098, 'P_half': 4.213183643253957, 'pre_dampen_half': 107.40052367919465, 'gpp_af': 0.6403036652671171, 'gpp_b': 1.4540386644083135e-05, 'gpp_d': 84.31013932082456, 'ign_k': 0.00840038491455979, 'ign_c': 1.2389052918551067, 'trop_agb_crit': 7.500118950416987, 'trop_k_veg': 0.6673124511410327}.
[I 2026-08-06 10:20:30,317] Trial 489 finished with values: [10.573834078067707, 10.573834078067707] and parameters: {'k1': 0.004312951023617458, 'D_low': 1397.5908789482219, 'k2': 1.915468390724633e-05, 'D_high': 42210.21267871043, 'fire_exp': 1.0601964743503993, 'P_half': 1593.4806585556198, 'pre_dampen_half': 552.4163637315892, 'gpp_af': 0.7539992074650279, 'gpp_b': 7.210246166617508e-05, 'gpp_d': 4.25060659305504, 'ign_k': 0.010167079878196114, 'ign_c': 0.6318310680434649, 'trop_agb_crit': 24.584290528289387, 'trop_k_veg': 3.49157152291552}.
[I 2026-08-06 10:20:31,522] Trial 490 finished with values: [10.251914121191254, 10.251914121191254] and parameters: {'k1': 0.00488137519160367, 'D_low': 2.143851363193517, 'k2': 7.914423612155373e-05, 'D_high': 3712.591045287726, 'fire_exp': 1.4705594362141987, 'P_half': 220.3445560633069, 'pre_dampen_half': 502.5175192217655, 'gpp_af': 0.7539992074650279, 'gpp_b': 0.0021331409710300844, 'gpp_d': 16.460426816350523, 'ign_k': 0.0680787482656459, 'ign_c': 15.221840161091626, 'trop_agb_crit': 1.0455434848969813, 'trop_k_veg': 2.573214588078609}.
[I 2026-08-06 10:20:32,725] Trial 491 finished with values: [10.375647364460814, 10.375647364460814] and parameters: {'k1': 0.00031134168041628584, 'D_low': 70.18267183720735, 'k2': 0.003767022142229395, 'D_high': 109.44963667961977, 'fire_exp': 1.2722364682603622, 'P_half': 4.213183643253957, 'pre_dampen_half': 502.5175192217655, 'gpp_af': 0.7539992074650279, 'gpp_b': 0.0021331409710300844, 'gpp_d': 15.210771689632104, 'ign_k': 0.0680787482656459, 'ign_c': 15.221840161091626, 'trop_agb_crit': 1.0693376406863295, 'trop_k_veg': 0.6673124511410327}.
[I 2026-08-06 10:20:33,943] Trial 492 finished with values: [10.311049437107567, 10.311049437107567] and parameters: {'k1': 0.004053638704742309, 'D_low': 4.484744524732794, 'k2': 1.8205657658407255e-05, 'D_high': 3712.591045287726, 'fire_exp': 1.1263716762638152, 'P_half': 220.3445560633069, 'pre_dampen_half': 502.5175192217655, 'gpp_af': 0.7539992074650279, 'gpp_b': 0.12746711578215045, 'gpp_d': 16.460426816350523, 'ign_k': 0.6697348618512097, 'ign_c': 15.221840161091626, 'trop_agb_crit': 1.0455434848969813, 'trop_k_veg': 1.4584243470991722}.
[I 2026-08-06 10:20:35,144] Trial 493 finished with values: [10.769041062472828, 10.769041062472828] and parameters: {'k1': 0.004312951023617458, 'D_low': 4.484744524732794, 'k2': 1.915468390724633e-05, 'D_high': 3712.591045287726, 'fire_exp': 1.0629462657398439, 'P_half': 220.3445560633069, 'pre_dampen_half': 502.5175192217655, 'gpp_af': 0.0014385690886336343, 'gpp_b': 4.1426045463636205, 'gpp_d': 16.460426816350523, 'ign_k': 0.0680787482656459, 'ign_c': 15.221840161091626, 'trop_agb_crit': 1.0903028125370984, 'trop_k_veg': 1.4584243470991722}.
[I 2026-08-06 10:20:36,356] Trial 494 finished with values: [10.041173818538121, 10.041173818538121] and parameters: {'k1': 3.23559867820537e-05, 'D_low': 4.484744524732794, 'k2': 0.001462400459012571, 'D_high': 8182.111518618414, 'fire_exp': 1.1263716762638152, 'P_half': 220.3445560633069, 'pre_dampen_half': 502.5175192217655, 'gpp_af': 0.7539992074650279, 'gpp_b': 0.0021331409710300844, 'gpp_d': 16.460426816350523, 'ign_k': 0.0680787482656459, 'ign_c': 15.221840161091626, 'trop_agb_crit': 1.0903028125370984, 'trop_k_veg': 0.983473833513531}.
[I 2026-08-06 10:20:37,565] Trial 495 finished with values: [-0.5302689761624135, 0.14039512452658354] and parameters: {'k1': 0.008912611835817005, 'D_low': 34.459310919273356, 'k2': 1.915468390724633e-05, 'D_high': 21.947742689197344, 'fire_exp': 1.0629462657398439, 'P_half': 220.3445560633069, 'pre_dampen_half': 502.5175192217655, 'gpp_af': 0.7539992074650279, 'gpp_b': 0.0021331409710300844, 'gpp_d': 16.460426816350523, 'ign_k': 0.0680787482656459, 'ign_c': 15.221840161091626, 'trop_agb_crit': 1.0903028125370984, 'trop_k_veg': 1.4584243470991722}.
[I 2026-08-06 10:20:38,801] Trial 496 finished with values: [10.308006795203793, 10.308006795203793] and parameters: {'k1': 0.004312951023617458, 'D_low': 1112.9571947046009, 'k2': 8.923807143379776e-05, 'D_high': 16.139316358793206, 'fire_exp': 1.0629462657398439, 'P_half': 220.3445560633069, 'pre_dampen_half': 63.6685916079943, 'gpp_af': 0.6403036652671171, 'gpp_b': 3.481277316673104e-05, 'gpp_d': 757.2868182332339, 'ign_k': 0.21006485619596416, 'ign_c': 1.9580595319750387, 'trop_agb_crit': 1.14876138417489, 'trop_k_veg': 2.194427136482602}.
[I 2026-08-06 10:20:39,991] Trial 497 finished with values: [10.039576098948611, 10.039576098948611] and parameters: {'k1': 0.0014628013120517715, 'D_low': 3.525936800597896, 'k2': 0.014344484793173472, 'D_high': 63233.81951066786, 'fire_exp': 1.0629462657398439, 'P_half': 220.3445560633069, 'pre_dampen_half': 552.4163637315892, 'gpp_af': 3.509963475591817, 'gpp_b': 0.14577755664212386, 'gpp_d': 16.460426816350523, 'ign_k': 0.0680787482656459, 'ign_c': 15.221840161091626, 'trop_agb_crit': 8.997007571451054, 'trop_k_veg': 2.4336356947036335}.
[I 2026-08-06 10:20:41,164] Trial 498 finished with values: [10.087297827075, 10.087297827075] and parameters: {'k1': 0.004312951023617458, 'D_low': 4.484744524732794, 'k2': 0.014344484793173472, 'D_high': 30470.283500219237, 'fire_exp': 1.221575427404682, 'P_half': 220.3445560633069, 'pre_dampen_half': 17.707795393478506, 'gpp_af': 0.2204465010099918, 'gpp_b': 0.0021331409710300844, 'gpp_d': 16.460426816350523, 'ign_k': 0.01364908766641695, 'ign_c': 15.221840161091626, 'trop_agb_crit': 11.344699198303248, 'trop_k_veg': 4.61686111043599}.
[I 2026-08-06 10:20:42,349] Trial 499 finished with values: [10.766257719221924, 10.766257719221924] and parameters: {'k1': 0.000227929621949939, 'D_low': 2.4622754931226587, 'k2': 0.03538758864779238, 'D_high': 3712.591045287726, 'fire_exp': 1.0629462657398439, 'P_half': 220.3445560633069, 'pre_dampen_half': 5.048653998722947, 'gpp_af': 11.861116422456565, 'gpp_b': 0.14577755664212386, 'gpp_d': 0.025152098893118636, 'ign_k': 0.11619873314872933, 'ign_c': 1.9580595319750387, 'trop_agb_crit': 1.0455434848969813, 'trop_k_veg': 0.983473833513531}.
[I 2026-08-06 10:20:43,522] Trial 500 finished with values: [-0.5296144072860655, 0.10052796376890105] and parameters: {'k1': 0.004312951023617458, 'D_low': 4.484744524732794, 'k2': 1.915468390724633e-05, 'D_high': 37954.79274251299, 'fire_exp': 1.1263716762638152, 'P_half': 220.3445560633069, 'pre_dampen_half': 502.5175192217655, 'gpp_af': 0.7539992074650279, 'gpp_b': 0.0021331409710300844, 'gpp_d': 16.460426816350523, 'ign_k': 0.1550134937334847, 'ign_c': 15.221840161091626, 'trop_agb_crit': 2.1861040860339416, 'trop_k_veg': 1.4584243470991722}.
[I 2026-08-06 10:20:44,701] Trial 501 finished with values: [-0.5164619037549597, 0.19620972873773113] and parameters: {'k1': 3.23559867820537e-05, 'D_low': 520.4862686958022, 'k2': 8.923807143379776e-05, 'D_high': 5670.3463356272905, 'fire_exp': 1.221575427404682, 'P_half': 220.3445560633069, 'pre_dampen_half': 502.5175192217655, 'gpp_af': 0.6403036652671171, 'gpp_b': 7.210246166617508e-05, 'gpp_d': 150.14555442537656, 'ign_k': 0.01364908766641695, 'ign_c': 2.8335389417624683, 'trop_agb_crit': 8.997007571451054, 'trop_k_veg': 0.6673124511410327}.
[I 2026-08-06 10:20:46,031] Trial 502 finished with values: [10.13720267180963, 10.13720267180963] and parameters: {'k1': 0.008912611835817005, 'D_low': 4.484744524732794, 'k2': 0.018586220273069057, 'D_high': 985.7545621889059, 'fire_exp': 1.0629462657398439, 'P_half': 140.74279366401683, 'pre_dampen_half': 552.4163637315892, 'gpp_af': 1.9706963379095486, 'gpp_b': 0.14577755664212386, 'gpp_d': 4.25060659305504, 'ign_k': 3.589155871450839, 'ign_c': 15.221840161091626, 'trop_agb_crit': 1.0903028125370984, 'trop_k_veg': 0.6743482387129308}.
[I 2026-08-06 10:20:47,204] Trial 503 finished with values: [10.620506149570762, 10.620506149570762] and parameters: {'k1': 0.004312951023617458, 'D_low': 4.484744524732794, 'k2': 8.923807143379776e-05, 'D_high': 8182.111518618414, 'fire_exp': 1.1430983876313219, 'P_half': 4.213183643253957, 'pre_dampen_half': 502.5175192217655, 'gpp_af': 0.7539992074650279, 'gpp_b': 0.0021331409710300844, 'gpp_d': 16.460426816350523, 'ign_k': 0.0680787482656459, 'ign_c': 15.221840161091626, 'trop_agb_crit': 8.997007571451054, 'trop_k_veg': 1.7523283580965605}.
[I 2026-08-06 10:20:48,361] Trial 504 finished with values: [10.344371684779468, 10.344371684779468] and parameters: {'k1': 0.04669327135003539, 'D_low': 3.525936800597896, 'k2': 1.915468390724633e-05, 'D_high': 3712.591045287726, 'fire_exp': 1.1263716762638152, 'P_half': 220.3445560633069, 'pre_dampen_half': 502.5175192217655, 'gpp_af': 0.7539992074650279, 'gpp_b': 0.0021331409710300844, 'gpp_d': 1.6983565276584263, 'ign_k': 0.0680787482656459, 'ign_c': 0.557280750002996, 'trop_agb_crit': 8.997007571451054, 'trop_k_veg': 2.4336356947036335}.
[I 2026-08-06 10:20:49,563] Trial 505 finished with values: [10.580672335085954, 10.580672335085954] and parameters: {'k1': 0.004312951023617458, 'D_low': 4.484744524732794, 'k2': 1.915468390724633e-05, 'D_high': 1493.5213816355397, 'fire_exp': 1.1263716762638152, 'P_half': 220.3445560633069, 'pre_dampen_half': 502.5175192217655, 'gpp_af': 1.6515376395739698, 'gpp_b': 0.0021331409710300844, 'gpp_d': 16.460426816350523, 'ign_k': 2.5253810447657927, 'ign_c': 0.557280750002996, 'trop_agb_crit': 7.628718523810018, 'trop_k_veg': 2.194427136482602}.
[I 2026-08-06 10:20:50,716] Trial 506 finished with values: [10.689136574157825, 10.689136574157825] and parameters: {'k1': 0.012021930484915042, 'D_low': 4.484744524732794, 'k2': 0.0003432139136241583, 'D_high': 1493.5213816355397, 'fire_exp': 1.1263716762638152, 'P_half': 314.0161493033586, 'pre_dampen_half': 4.285616492506616, 'gpp_af': 0.7539992074650279, 'gpp_b': 0.14577755664212386, 'gpp_d': 16.460426816350523, 'ign_k': 0.0680787482656459, 'ign_c': 1.9580595319750387, 'trop_agb_crit': 1.0903028125370984, 'trop_k_veg': 2.194427136482602}.
