[I 2026-08-19 17:32:17,169] Trial 1217 finished with value: 0.44528460615304455 and parameters: {'k1': 0.004479577537049243, 'D_low': 322.01495952730824, 'k2': 0.0005009125273907767, 'D_high': 2752582.8856727583, 'fire_exp': 3.889494503213374, 'P_half': 109.20313772519945, 'pre_dampen_half': 2.022245676950561, 'gpp_af': 2.9106748619846727, 'gpp_b': 0.0001243300254897058, 'gpp_d': 370.71225982355094, 'ign_k': 0.6728289198391134, 'ign_c': 0.7706427957072687, 'trop_agb_crit': 24.993194334797963, 'trop_k_veg': 2.0324061008470777, 'pop_amp': 0.3190411116834306, 'pop_peak': 2.5426546355291317, 'pop_sig': 1.0461915732423304, 'fuel_k': 0.03765886259144403, 'fuel_half': 2.387677092096419}. Best is trial 0 with value: -0.6094076133578652.
[I 2026-08-19 17:32:18,764] Trial 1218 finished with value: 0.48186931845451064 and parameters: {'k1': 0.013085946392723247, 'D_low': 1042.383903991416, 'k2': 0.000671311997148784, 'D_high': 6307182.685090637, 'fire_exp': 2.5786971518644295, 'P_half': 87.54564163295677, 'pre_dampen_half': 24.369182997694267, 'gpp_af': 0.005024360080029633, 'gpp_b': 0.005807893814403463, 'gpp_d': 22.28209363270532, 'ign_k': 0.06840266950628711, 'ign_c': 2.2880597970799332, 'trop_agb_crit': 9.865621774286955, 'trop_k_veg': 0.5984658607893742, 'pop_amp': 15.869368586967958, 'pop_peak': 136.36347913635865, 'pop_sig': 0.4646190328970507, 'fuel_k': 0.07139730229042636, 'fuel_half': 1.6257683091272586}. Best is trial 0 with value: -0.6094076133578652.
[I 2026-08-19 17:32:20,415] Trial 1219 finished with value: -0.5446311319181194 and parameters: {'k1': 3.5595872514275985e-05, 'D_low': 17.189068785384755, 'k2': 0.00030504119733057417, 'D_high': 1463109.5161302865, 'fire_exp': 1.2835608325898749, 'P_half': 2.6927956198588388, 'pre_dampen_half': 428.5555996700487, 'gpp_af': 1.6570276384399956, 'gpp_b': 0.0009092749471616096, 'gpp_d': 151.76346392460002, 'ign_k': 0.29072376734455574, 'ign_c': 26.276394526808442, 'trop_agb_crit': 8.647764133582857, 'trop_k_veg': 3.4043669440478275, 'pop_amp': 0.028403161787867302, 'pop_peak': 0.166410833435974, 'pop_sig': 0.5544157790772178, 'fuel_k': 0.20928900398754055, 'fuel_half': 1.8319904501620767}. Best is trial 0 with value: -0.6094076133578652.
[I 2026-08-19 17:32:22,034] Trial 1220 finished with value: 0.6390048730276398 and parameters: {'k1': 0.006233284923623073, 'D_low': 142.05559023351495, 'k2': 0.0018382194237098397, 'D_high': 8728804.404597674, 'fire_exp': 3.3434847779344934, 'P_half': 970.4820200274809, 'pre_dampen_half': 2.390348631779752, 'gpp_af': 10.58091403174347, 'gpp_b': 0.010575137076207634, 'gpp_d': 0.018435186682135965, 'ign_k': 0.22646499383391028, 'ign_c': 3.983879855901096, 'trop_agb_crit': 5.9335399256413766, 'trop_k_veg': 0.6217890457099469, 'pop_amp': 14.928249091783087, 'pop_peak': 14.50707931210465, 'pop_sig': 0.5423475229199498, 'fuel_k': 0.04345814761264837, 'fuel_half': 0.2530757849001951}. Best is trial 0 with value: -0.6094076133578652.
[I 2026-08-19 17:32:23,701] Trial 1221 finished with value: 0.5020048871519007 and parameters: {'k1': 0.007326634889167169, 'D_low': 172.00837969617348, 'k2': 0.0004935048032891118, 'D_high': 3588284.8597870017, 'fire_exp': 1.6051921063660668, 'P_half': 76.4774090609843, 'pre_dampen_half': 10.319572586598301, 'gpp_af': 0.10796529836782086, 'gpp_b': 0.027794294190920645, 'gpp_d': 2.0920635662880214, 'ign_k': 0.8454008390008314, 'ign_c': 0.7973401912536626, 'trop_agb_crit': 7.819157380030765, 'trop_k_veg': 1.26862279067439, 'pop_amp': 3.174009015660162, 'pop_peak': 15.306304946194093, 'pop_sig': 0.4600022377133275, 'fuel_k': 0.020909312298306136, 'fuel_half': 0.3094642061753105}. Best is trial 0 with value: -0.6094076133578652.
[I 2026-08-19 17:32:25,325] Trial 1222 finished with value: 0.5313233912553212 and parameters: {'k1': 0.0009658383874820987, 'D_low': 2.912251744111655, 'k2': 0.06219540921216415, 'D_high': 1294591.269313512, 'fire_exp': 1.4793119008054947, 'P_half': 26.058886494766764, 'pre_dampen_half': 60.11152445900806, 'gpp_af': 0.013769749668171759, 'gpp_b': 9.506528032905024e-05, 'gpp_d': 397.7274698532655, 'ign_k': 0.11168045442927346, 'ign_c': 1.7154964507076995, 'trop_agb_crit': 2.316277962400388, 'trop_k_veg': 0.8343915408667767, 'pop_amp': 0.9882291346078966, 'pop_peak': 3.32788115221487, 'pop_sig': 1.605332769813103, 'fuel_k': 0.040742951723346306, 'fuel_half': 0.12471790805318865}. Best is trial 0 with value: -0.6094076133578652.
  trial 1223/2500  best_overall=0.6094  (34.0 min)
[I 2026-08-19 17:32:27,335] Trial 1223 finished with value: 0.5964636820291946 and parameters: {'k1': 0.00013573649759505887, 'D_low': 9764.318370208217, 'k2': 0.002752784076307025, 'D_high': 56085.7578048457, 'fire_exp': 3.9983222333790405, 'P_half': 880.5665311575751, 'pre_dampen_half': 233.91857630038413, 'gpp_af': 0.4097092084147764, 'gpp_b': 0.010034673156064494, 'gpp_d': 128.09922369378032, 'ign_k': 5.086090743393288, 'ign_c': 0.18991054926040019, 'trop_agb_crit': 9.492066430952415, 'trop_k_veg': 1.3239615119433328, 'pop_amp': 0.6348095105888623, 'pop_peak': 8.337012072408896, 'pop_sig': 0.7506016856707192, 'fuel_k': 0.09072959191711688, 'fuel_half': 0.4296205538233767}. Best is trial 0 with value: -0.6094076133578652.
[I 2026-08-19 17:32:28,950] Trial 1224 finished with value: 0.5835069958008894 and parameters: {'k1': 0.00015838191493041667, 'D_low': 40.28756328594122, 'k2': 0.0001590188641830046, 'D_high': 2399097.231118541, 'fire_exp': 4.003164027226651, 'P_half': 1281.427464055061, 'pre_dampen_half': 14.335929181273558, 'gpp_af': 0.0012464971381268971, 'gpp_b': 0.0002389267777565383, 'gpp_d': 3.671590763953111, 'ign_k': 0.12383066271648295, 'ign_c': 0.1178537541891754, 'trop_agb_crit': 6.935624284312017, 'trop_k_veg': 0.522036219871848, 'pop_amp': 3.296647911848653, 'pop_peak': 13.576752641081477, 'pop_sig': 0.3862191452557506, 'fuel_k': 0.5449475793230827, 'fuel_half': 0.9329827083845865}. Best is trial 0 with value: -0.6094076133578652.
[I 2026-08-19 17:32:30,626] Trial 1225 finished with value: 0.4878976897305576 and parameters: {'k1': 0.0015344524609903869, 'D_low': 258.7401734599235, 'k2': 8.265604291470753e-05, 'D_high': 8394292.309749255, 'fire_exp': 9.880110307183791, 'P_half': 4.589035004189059, 'pre_dampen_half': 161.55633628346985, 'gpp_af': 0.12802250042308713, 'gpp_b': 1.8659768355276477e-05, 'gpp_d': 101.12103249043659, 'ign_k': 9.091151887954705, 'ign_c': 0.6995326529739944, 'trop_agb_crit': 26.57135700950114, 'trop_k_veg': 1.7446764250763214, 'pop_amp': 0.6310336872769948, 'pop_peak': 1.152747498279474, 'pop_sig': 0.25940649960740186, 'fuel_k': 0.23774523861985805, 'fuel_half': 0.1486407490670659}. Best is trial 0 with value: -0.6094076133578652.
[I 2026-08-19 17:32:32,245] Trial 1226 finished with value: -0.58448221005276 and parameters: {'k1': 0.0011266693830542856, 'D_low': 9.991427524127218, 'k2': 0.002995518081086129, 'D_high': 305358.5083920097, 'fire_exp': 4.628853714882214, 'P_half': 1.6951865654208162, 'pre_dampen_half': 7.966539081813569, 'gpp_af': 0.02090560138153368, 'gpp_b': 0.000111653448846815, 'gpp_d': 98.33961793817382, 'ign_k': 0.08104756375843412, 'ign_c': 1.9942427497969233, 'trop_agb_crit': 23.479770741185334, 'trop_k_veg': 1.0921593088955002, 'pop_amp': 0.003269625082493179, 'pop_peak': 0.062482700588651505, 'pop_sig': 0.8365871138577006, 'fuel_k': 3.9412434616633587, 'fuel_half': 1.9750644157199644}. Best is trial 0 with value: -0.6094076133578652.
[I 2026-08-19 17:32:33,863] Trial 1227 finished with value: 0.4689824588276782 and parameters: {'k1': 0.002375533715678787, 'D_low': 1758.5240074199585, 'k2': 0.0007277491781079804, 'D_high': 177040.15592281683, 'fire_exp': 1.4551342545869963, 'P_half': 38.71874209055214, 'pre_dampen_half': 0.12144218845830815, 'gpp_af': 0.6887629237295606, 'gpp_b': 0.0019080279150232502, 'gpp_d': 3.0984667900385143, 'ign_k': 3.8466491504054052, 'ign_c': 10.710199669406444, 'trop_agb_crit': 3.0190405125706348, 'trop_k_veg': 1.0877123822374086, 'pop_amp': 1.8514074111914802, 'pop_peak': 4.3530828130753125, 'pop_sig': 0.25045796908110074, 'fuel_k': 0.1238781701652621, 'fuel_half': 0.6890309069456508}. Best is trial 0 with value: -0.6094076133578652.
[I 2026-08-19 17:32:35,500] Trial 1228 finished with value: 0.5920609424069242 and parameters: {'k1': 0.003804411090400889, 'D_low': 129.06367872878013, 'k2': 0.0022103783491243777, 'D_high': 81992.14362665713, 'fire_exp': 5.10043383282007, 'P_half': 1.0387185497025844, 'pre_dampen_half': 1.224260313780237, 'gpp_af': 0.006699420332594267, 'gpp_b': 2.22929771333658e-05, 'gpp_d': 92.98638598909369, 'ign_k': 0.17393220419210156, 'ign_c': 44.578182111947676, 'trop_agb_crit': 18.33079019862688, 'trop_k_veg': 0.5279317321721212, 'pop_amp': 0.0031349295655505615, 'pop_peak': 0.21178353049641116, 'pop_sig': 0.7992048073568628, 'fuel_k': 3.3784637181073975, 'fuel_half': 2.9369268195348632}. Best is trial 0 with value: -0.6094076133578652.
[I 2026-08-19 17:32:37,173] Trial 1229 finished with value: 0.5665561505890478 and parameters: {'k1': 0.0011934426556013946, 'D_low': 8.789496465545023, 'k2': 0.03363427961756866, 'D_high': 600372.9249948362, 'fire_exp': 1.4464737933333542, 'P_half': 26.53535290839014, 'pre_dampen_half': 0.4138004894731195, 'gpp_af': 0.027752934560695698, 'gpp_b': 0.0005259385313160478, 'gpp_d': 27.61429262037753, 'ign_k': 0.15743410241449898, 'ign_c': 31.675166992973367, 'trop_agb_crit': 25.117225852064152, 'trop_k_veg': 0.8097930901938916, 'pop_amp': 0.002224583931177226, 'pop_peak': 5.352029958610894, 'pop_sig': 0.7246258767032722, 'fuel_k': 0.019617520672155515, 'fuel_half': 17.50821921610608}. Best is trial 0 with value: -0.6094076133578652.
[I 2026-08-19 17:32:39,060] Trial 1230 finished with value: -0.5504241071918573 and parameters: {'k1': 0.0019190143859226139, 'D_low': 1.3426228882692293, 'k2': 0.0019185714387803265, 'D_high': 1551928.9218082065, 'fire_exp': 2.5116226785980205, 'P_half': 7.380612603019397, 'pre_dampen_half': 3.1164461242545727, 'gpp_af': 0.008790214833881748, 'gpp_b': 3.508166544153533e-05, 'gpp_d': 40.9749172177758, 'ign_k': 0.05444128812554254, 'ign_c': 0.13936116416620417, 'trop_agb_crit': 13.93806235802673, 'trop_k_veg': 0.6314793112080345, 'pop_amp': 0.00220142505906087, 'pop_peak': 0.15983976685019888, 'pop_sig': 0.9473155267486377, 'fuel_k': 4.654657511857809, 'fuel_half': 5.761990839192173}. Best is trial 0 with value: -0.6094076133578652.
[I 2026-08-19 17:32:40,869] Trial 1231 finished with value: 0.4633073066455595 and parameters: {'k1': 0.028709018042208673, 'D_low': 1.498118508994764, 'k2': 0.017718221024714105, 'D_high': 1698313.803459277, 'fire_exp': 1.3246587897622362, 'P_half': 1229.8419336247464, 'pre_dampen_half': 3.825769629524342, 'gpp_af': 0.060181734796751235, 'gpp_b': 0.08990249551337982, 'gpp_d': 86.87784485628686, 'ign_k': 0.8787065280779343, 'ign_c': 8.03513809054544, 'trop_agb_crit': 13.55468788738408, 'trop_k_veg': 0.5461164072117438, 'pop_amp': 8.191356648585334, 'pop_peak': 6.137215538485502, 'pop_sig': 0.3057591002774857, 'fuel_k': 0.21823428384936105, 'fuel_half': 0.10020463329232698}. Best is trial 0 with value: -0.6094076133578652.
[I 2026-08-19 17:32:44,201] Trial 1232 finished with value: 0.5509276785509751 and parameters: {'k1': 0.0027599583012650557, 'D_low': 7459.357083333278, 'k2': 0.014072446280161788, 'D_high': 250908.02994375597, 'fire_exp': 3.997199401475338, 'P_half': 193.25085281142844, 'pre_dampen_half': 1.4910251187679728, 'gpp_af': 0.2775164704786024, 'gpp_b': 1.5213761799851969e-05, 'gpp_d': 5.374092743611235, 'ign_k': 0.18239193194026967, 'ign_c': 0.10555236269295552, 'trop_agb_crit': 21.665373258822665, 'trop_k_veg': 1.2973665193579917, 'pop_amp': 0.026638138937027926, 'pop_peak': 2.359874672997182, 'pop_sig': 0.5772461382430392, 'fuel_k': 0.021915139516275176, 'fuel_half': 0.20660088881566407}. Best is trial 0 with value: -0.6094076133578652.
[I 2026-08-19 17:32:46,321] Trial 1233 finished with value: -0.5856861849529424 and parameters: {'k1': 0.0027968470490975852, 'D_low': 3.963892564366533, 'k2': 0.00187567858545259, 'D_high': 8980200.592502976, 'fire_exp': 4.022907597818026, 'P_half': 1.5379605525161897, 'pre_dampen_half': 5.38504740449247, 'gpp_af': 0.0034769380648399907, 'gpp_b': 0.00034986840839715846, 'gpp_d': 389.6009534484316, 'ign_k': 0.17724442159611267, 'ign_c': 5.397144810454982, 'trop_agb_crit': 12.404841646755875, 'trop_k_veg': 2.251386334552832, 'pop_amp': 0.019915311587251242, 'pop_peak': 0.2218221027883777, 'pop_sig': 0.6438331899450873, 'fuel_k': 0.7928801346221384, 'fuel_half': 0.22880975130533132}. Best is trial 0 with value: -0.6094076133578652.
  trial 1234/2500  best_overall=0.6094  (34.4 min)
[I 2026-08-19 17:32:48,574] Trial 1234 finished with value: 0.5071866953818371 and parameters: {'k1': 0.006860271825124806, 'D_low': 35.04564769877061, 'k2': 0.00036943834857775627, 'D_high': 2774513.4898125557, 'fire_exp': 3.4817160102731934, 'P_half': 2.7733965725423704, 'pre_dampen_half': 62.570305944449416, 'gpp_af': 0.006898499476913126, 'gpp_b': 7.48581402184381e-05, 'gpp_d': 26.068204474046063, 'ign_k': 1.1109954043217432, 'ign_c': 2.790442390178324, 'trop_agb_crit': 6.494786106885657, 'trop_k_veg': 2.694642968132109, 'pop_amp': 0.04580131773959826, 'pop_peak': 0.08765472407633018, 'pop_sig': 0.9576885888426293, 'fuel_k': 0.4625567557320264, 'fuel_half': 0.19804893861682343}. Best is trial 0 with value: -0.6094076133578652.
[I 2026-08-19 17:32:50,333] Trial 1235 finished with value: 0.5395219454000016 and parameters: {'k1': 0.0012766335226184339, 'D_low': 27060.21409402676, 'k2': 0.0011414134877289338, 'D_high': 3798825.836834565, 'fire_exp': 4.2217109105744175, 'P_half': 8.435932535205872, 'pre_dampen_half': 0.2775422888979973, 'gpp_af': 26.461176050353156, 'gpp_b': 5.5202590643468844e-05, 'gpp_d': 5.066189624556159, 'ign_k': 0.41610703387386067, 'ign_c': 0.2495080420525127, 'trop_agb_crit': 20.215385963193093, 'trop_k_veg': 1.7531048852758706, 'pop_amp': 0.9149764184242525, 'pop_peak': 2.030061504616599, 'pop_sig': 0.46472354804358523, 'fuel_k': 0.08336012251222454, 'fuel_half': 0.6029059944410301}. Best is trial 0 with value: -0.6094076133578652.
[I 2026-08-19 17:32:52,039] Trial 1236 finished with value: 0.5816886994557093 and parameters: {'k1': 0.010425134503970096, 'D_low': 2.6597918016208117, 'k2': 0.009343064074184629, 'D_high': 4586435.0724015, 'fire_exp': 4.914823124965723, 'P_half': 2.0822492584749814, 'pre_dampen_half': 5.70457396782477, 'gpp_af': 0.0016054025467803405, 'gpp_b': 1.264891476359217e-05, 'gpp_d': 519.1794812567608, 'ign_k': 0.01789174973283407, 'ign_c': 67.2108664599322, 'trop_agb_crit': 5.48556986268528, 'trop_k_veg': 2.4254669852360875, 'pop_amp': 0.02937719450325513, 'pop_peak': 1.6255932331681824, 'pop_sig': 0.9982080191865593, 'fuel_k': 0.6707165380807977, 'fuel_half': 0.38192179540531634}. Best is trial 0 with value: -0.6094076133578652.
[I 2026-08-19 17:32:53,735] Trial 1237 finished with value: 0.6184763375146771 and parameters: {'k1': 0.001437944111134818, 'D_low': 14.47875820913377, 'k2': 0.028301825895880338, 'D_high': 8439812.608010365, 'fire_exp': 7.623690592319203, 'P_half': 1.5433170858596859, 'pre_dampen_half': 497.7376022450794, 'gpp_af': 0.0029562793389995767, 'gpp_b': 0.001480611836292886, 'gpp_d': 431.0492126811909, 'ign_k': 0.04000830779421321, 'ign_c': 4.653216824409274, 'trop_agb_crit': 18.870890502004944, 'trop_k_veg': 4.126401606906654, 'pop_amp': 0.007178692441814103, 'pop_peak': 0.08817933326221894, 'pop_sig': 0.7844143765679916, 'fuel_k': 1.0878950091199644, 'fuel_half': 0.13220255725074895}. Best is trial 0 with value: -0.6094076133578652.
[I 2026-08-19 17:32:55,403] Trial 1238 finished with value: 0.5834410439366502 and parameters: {'k1': 0.004013985328313984, 'D_low': 271.6730834846533, 'k2': 0.00018797725418393102, 'D_high': 5366607.85158313, 'fire_exp': 5.0443198419468, 'P_half': 303.3689484072643, 'pre_dampen_half': 1.839997615152708, 'gpp_af': 0.8626664394449346, 'gpp_b': 0.1374100195763146, 'gpp_d': 5.822508516885029, 'ign_k': 0.012238621333506634, 'ign_c': 11.334858850262615, 'trop_agb_crit': 3.2112224050860356, 'trop_k_veg': 0.7384784749200342, 'pop_amp': 7.374017683455255, 'pop_peak': 220.63522789870876, 'pop_sig': 1.025109551406925, 'fuel_k': 0.101753244406533, 'fuel_half': 0.4591294997052851}. Best is trial 0 with value: -0.6094076133578652.
[I 2026-08-19 17:32:57,036] Trial 1239 finished with value: 0.4691010597605644 and parameters: {'k1': 0.00110333661456623, 'D_low': 30.45694273010625, 'k2': 0.0003528441377991871, 'D_high': 168018.35598436304, 'fire_exp': 6.785978936717242, 'P_half': 3.5061796966475525, 'pre_dampen_half': 23.836094429437964, 'gpp_af': 0.003243965376521693, 'gpp_b': 0.0001900035627094842, 'gpp_d': 196.37805907071464, 'ign_k': 0.21460456574780687, 'ign_c': 0.585464533658538, 'trop_agb_crit': 25.875099175594872, 'trop_k_veg': 0.5862070173744347, 'pop_amp': 0.001264918505828306, 'pop_peak': 0.058068232570532965, 'pop_sig': 1.2129131645492939, 'fuel_k': 1.0415519007287777, 'fuel_half': 6.0242585131266235}. Best is trial 0 with value: -0.6094076133578652.
[I 2026-08-19 17:32:58,705] Trial 1240 finished with value: 0.5831740325742903 and parameters: {'k1': 0.0001817455078407005, 'D_low': 1.0217804224237945, 'k2': 0.0019852153448472435, 'D_high': 501199.1092519778, 'fire_exp': 6.15883188591158, 'P_half': 4.868448125601131, 'pre_dampen_half': 3.5248551078441825, 'gpp_af': 0.1607128238867701, 'gpp_b': 0.00035000035824496955, 'gpp_d': 575.3013188887444, 'ign_k': 0.024962064213122522, 'ign_c': 30.97619114279568, 'trop_agb_crit': 24.217878992163367, 'trop_k_veg': 1.0812366263250337, 'pop_amp': 0.004002670907968566, 'pop_peak': 0.7002116920992429, 'pop_sig': 1.455060306685709, 'fuel_k': 3.352095387270986, 'fuel_half': 2.171461192638216}. Best is trial 0 with value: -0.6094076133578652.
[I 2026-08-19 17:33:00,372] Trial 1241 finished with value: 0.5791506027400866 and parameters: {'k1': 3.377215480198334e-05, 'D_low': 12614.65545630918, 'k2': 0.0009732999358317116, 'D_high': 401074.4506753307, 'fire_exp': 3.0411566193368365, 'P_half': 113.22990781854881, 'pre_dampen_half': 1.079086430662915, 'gpp_af': 0.024953757407166304, 'gpp_b': 0.01718705426304381, 'gpp_d': 39.51046529155938, 'ign_k': 0.10652761185104691, 'ign_c': 5.242992211021454, 'trop_agb_crit': 13.613666171629788, 'trop_k_veg': 4.460274288620654, 'pop_amp': 0.011505251974049852, 'pop_peak': 0.35639801197340204, 'pop_sig': 1.1973210835879426, 'fuel_k': 1.0376856132653234, 'fuel_half': 0.2391107572109243}. Best is trial 0 with value: -0.6094076133578652.
[I 2026-08-19 17:33:02,060] Trial 1242 finished with value: 0.4392440571210243 and parameters: {'k1': 0.0003055805061073532, 'D_low': 10270.994118453349, 'k2': 0.0008295302659947895, 'D_high': 2255333.724795942, 'fire_exp': 2.763249641869459, 'P_half': 9.56093402227764, 'pre_dampen_half': 21.128963793595627, 'gpp_af': 0.06894801707281074, 'gpp_b': 0.0031970395676852, 'gpp_d': 965.4740269446754, 'ign_k': 1.0280090890575848, 'ign_c': 0.262356221375237, 'trop_agb_crit': 21.849077168441475, 'trop_k_veg': 3.282021529000399, 'pop_amp': 0.09099835338704479, 'pop_peak': 2.790358004203389, 'pop_sig': 1.089419599844474, 'fuel_k': 0.09083213837894355, 'fuel_half': 1.3872164492559345}. Best is trial 0 with value: -0.6094076133578652.
[I 2026-08-19 17:33:03,972] Trial 1243 finished with value: 0.49009652231358647 and parameters: {'k1': 6.323570929511394e-05, 'D_low': 2447.410888313278, 'k2': 0.0006203128769701261, 'D_high': 1155696.7101744895, 'fire_exp': 2.3057969277498933, 'P_half': 153.81764902908262, 'pre_dampen_half': 2.111524770426913, 'gpp_af': 0.054271366702765916, 'gpp_b': 5.388249762701549e-05, 'gpp_d': 361.34125640235567, 'ign_k': 1.1911913088204407, 'ign_c': 0.11071616661103689, 'trop_agb_crit': 21.67475902162825, 'trop_k_veg': 2.938975368489483, 'pop_amp': 0.06188758193958025, 'pop_peak': 0.6404212301256044, 'pop_sig': 0.6322616224007945, 'fuel_k': 0.014728309798589249, 'fuel_half': 2.2393098287892848}. Best is trial 0 with value: -0.6094076133578652.
[I 2026-08-19 17:33:05,858] Trial 1244 finished with value: 0.6031052388112695 and parameters: {'k1': 0.0004398389415079176, 'D_low': 7.712341951183299, 'k2': 0.01596338089451279, 'D_high': 2649.830389683732, 'fire_exp': 5.713239914889952, 'P_half': 1.410835903115661, 'pre_dampen_half': 21.685535691840588, 'gpp_af': 0.023125941987478613, 'gpp_b': 4.415784625296937e-05, 'gpp_d': 119.08846286762892, 'ign_k': 0.07105522959968848, 'ign_c': 0.20492230184550164, 'trop_agb_crit': 21.97853246079586, 'trop_k_veg': 2.002013438164171, 'pop_amp': 0.008027889498679467, 'pop_peak': 5.082918397259123, 'pop_sig': 0.7731788113962669, 'fuel_k': 0.8482407958094034, 'fuel_half': 9.444869924071703}. Best is trial 0 with value: -0.6094076133578652.
[I 2026-08-19 17:33:07,638] Trial 1245 finished with value: -0.5987923674246488 and parameters: {'k1': 0.0066150302314463335, 'D_low': 2.222211233292842, 'k2': 0.0030481110563104494, 'D_high': 2006686.1379102678, 'fire_exp': 5.472298547064336, 'P_half': 1.7531964128097828, 'pre_dampen_half': 8.720423508233791, 'gpp_af': 0.09232070329305278, 'gpp_b': 0.0009259446165741673, 'gpp_d': 276.2361898079258, 'ign_k': 0.09640385595407543, 'ign_c': 3.9330588188436857, 'trop_agb_crit': 18.539963057138614, 'trop_k_veg': 3.4777511250686977, 'pop_amp': 0.006683238312934224, 'pop_peak': 0.21395891575904555, 'pop_sig': 0.4475665463637141, 'fuel_k': 1.5440463890988705, 'fuel_half': 0.17763010315955843}. Best is trial 0 with value: -0.6094076133578652.
  trial 1246/2500  best_overall=0.6094  (34.7 min)
