[I 2026-07-22 20:44:09,204] Trial 1189 finished with values: [10.19696285387168, 10.19696285387168] and parameters: {'k1': 0.028401063201780267, 'D_low': 216.6574784061471, 'k2': 0.0010553846463525651, 'D_high': 2413579.2291304003, 'fire_exp': 1.5191397119156032, 'P_half': 355.00125258511594, 'pre_dampen_half': 8.259599205585763, 'gpp_af': 19.315069936744344, 'gpp_b': 0.00012118589392553798, 'gpp_d': 12.338826503601998, 'ign_k': 2.136832907235876, 'ign_c': 22.126836566118193, 'trop_agb_crit': 13.050465147768051, 'trop_k_veg': 3.1470652177597604, 'fuel_k': 0.6149834196910364, 'fuel_half': 0.6603566884894324}.
[I 2026-07-22 20:44:09,629] Trial 1190 finished with values: [10.76814725020472, 10.76814725020472] and parameters: {'k1': 0.028401063201780267, 'D_low': 216.6574784061471, 'k2': 0.00033271381912662167, 'D_high': 2413579.2291304003, 'fire_exp': 1.5532616753672623, 'P_half': 157.80309954142965, 'pre_dampen_half': 16.224010950061366, 'gpp_af': 0.03522602097143089, 'gpp_b': 2.7343841539111815, 'gpp_d': 12.338826503601998, 'ign_k': 3.965503094323014, 'ign_c': 22.126836566118193, 'trop_agb_crit': 13.050465147768051, 'trop_k_veg': 1.4492754373953418, 'fuel_k': 0.07002142869039267, 'fuel_half': 0.3036855685244964}.
[I 2026-07-22 20:44:10,055] Trial 1191 finished with values: [10.140284407912944, 10.140284407912944] and parameters: {'k1': 0.028401063201780267, 'D_low': 1.6752866684650682, 'k2': 0.0006863458703786212, 'D_high': 2413579.2291304003, 'fire_exp': 1.2585476857229763, 'P_half': 157.80309954142965, 'pre_dampen_half': 16.224010950061366, 'gpp_af': 0.03522602097143089, 'gpp_b': 0.00012118589392553798, 'gpp_d': 12.338826503601998, 'ign_k': 2.136832907235876, 'ign_c': 22.126836566118193, 'trop_agb_crit': 6.187033415477641, 'trop_k_veg': 4.5784420637928775, 'fuel_k': 0.07002142869039267, 'fuel_half': 0.6603566884894324}.
[I 2026-07-22 20:44:10,478] Trial 1192 finished with values: [10.627010635161604, 10.627010635161604] and parameters: {'k1': 0.028401063201780267, 'D_low': 216.6574784061471, 'k2': 0.00033271381912662167, 'D_high': 2413579.2291304003, 'fire_exp': 1.5191397119156032, 'P_half': 157.80309954142965, 'pre_dampen_half': 8.259599205585763, 'gpp_af': 0.00219210598059826, 'gpp_b': 0.004458440839692221, 'gpp_d': 12.338826503601998, 'ign_k': 2.7142572552186843, 'ign_c': 22.126836566118193, 'trop_agb_crit': 13.050465147768051, 'trop_k_veg': 2.724170387400844, 'fuel_k': 0.016620306147390372, 'fuel_half': 0.6603566884894324}.
[I 2026-07-22 20:44:10,904] Trial 1193 finished with values: [10.035948476029166, 10.035948476029166] and parameters: {'k1': 0.028401063201780267, 'D_low': 216.6574784061471, 'k2': 0.00033271381912662167, 'D_high': 6525529.853354094, 'fire_exp': 1.2585476857229763, 'P_half': 157.80309954142965, 'pre_dampen_half': 8.259599205585763, 'gpp_af': 0.03522602097143089, 'gpp_b': 0.00012118589392553798, 'gpp_d': 12.338826503601998, 'ign_k': 0.012812030076593402, 'ign_c': 22.126836566118193, 'trop_agb_crit': 13.050465147768051, 'trop_k_veg': 4.5784420637928775, 'fuel_k': 0.6149834196910364, 'fuel_half': 0.6603566884894324}.
[I 2026-07-22 20:44:11,336] Trial 1194 finished with values: [10.768607249645184, 10.768607249645184] and parameters: {'k1': 0.028401063201780267, 'D_low': 1.6752866684650682, 'k2': 0.00033271381912662167, 'D_high': 2413579.2291304003, 'fire_exp': 1.5191397119156032, 'P_half': 157.80309954142965, 'pre_dampen_half': 16.224010950061366, 'gpp_af': 0.053663001820106804, 'gpp_b': 7.963955713191537, 'gpp_d': 12.338826503601998, 'ign_k': 3.965503094323014, 'ign_c': 22.126836566118193, 'trop_agb_crit': 10.584071370490857, 'trop_k_veg': 1.3987664054208562, 'fuel_k': 0.025620781631399487, 'fuel_half': 0.6603566884894324}.
[I 2026-07-22 20:44:11,766] Trial 1195 finished with values: [10.135978671147884, 10.135978671147884] and parameters: {'k1': 0.0006533684593224971, 'D_low': 6.9866529071401136, 'k2': 0.0006863458703786212, 'D_high': 693439.2750387826, 'fire_exp': 1.5532616753672623, 'P_half': 355.00125258511594, 'pre_dampen_half': 16.224010950061366, 'gpp_af': 0.00219210598059826, 'gpp_b': 1.4284710450172036e-05, 'gpp_d': 36.831884165358964, 'ign_k': 0.006427804711224163, 'ign_c': 17.583640270008498, 'trop_agb_crit': 2.7395739167173065, 'trop_k_veg': 4.050700716504253, 'fuel_k': 0.057024351269772615, 'fuel_half': 3.75205585512428}.
[I 2026-07-22 20:44:12,211] Trial 1196 finished with values: [10.618087139455145, 10.618087139455145] and parameters: {'k1': 5.456314022643801e-05, 'D_low': 3103.3332277537256, 'k2': 0.014666151770108535, 'D_high': 6525529.853354094, 'fire_exp': 1.5191397119156032, 'P_half': 157.80309954142965, 'pre_dampen_half': 8.259599205585763, 'gpp_af': 0.059905273073812965, 'gpp_b': 0.00012118589392553798, 'gpp_d': 352.0481045526035, 'ign_k': 3.965503094323014, 'ign_c': 22.126836566118193, 'trop_agb_crit': 14.025134228649115, 'trop_k_veg': 4.5214619570432175, 'fuel_k': 4.710433409437071, 'fuel_half': 0.6603566884894324}.
[I 2026-07-22 20:44:12,658] Trial 1197 finished with values: [-0.6482329355205823, 0.15861030508879104] and parameters: {'k1': 0.028401063201780267, 'D_low': 216.6574784061471, 'k2': 0.014666151770108535, 'D_high': 6525529.853354094, 'fire_exp': 1.5191397119156032, 'P_half': 157.80309954142965, 'pre_dampen_half': 8.259599205585763, 'gpp_af': 29.508596237789515, 'gpp_b': 0.0028993292583566945, 'gpp_d': 12.338826503601998, 'ign_k': 3.965503094323014, 'ign_c': 22.126836566118193, 'trop_agb_crit': 5.526463318565575, 'trop_k_veg': 2.724170387400844, 'fuel_k': 4.710433409437071, 'fuel_half': 1.3323297901105766}.
[I 2026-07-22 20:44:13,102] Trial 1198 finished with values: [10.045270069920019, 10.045270069920019] and parameters: {'k1': 0.028401063201780267, 'D_low': 2240.9155921647994, 'k2': 0.00016536937182824412, 'D_high': 693439.2750387826, 'fire_exp': 1.156740436550563, 'P_half': 157.80309954142965, 'pre_dampen_half': 16.224010950061366, 'gpp_af': 0.03522602097143089, 'gpp_b': 0.004458440839692221, 'gpp_d': 12.151631524283598, 'ign_k': 3.965503094323014, 'ign_c': 22.126836566118193, 'trop_agb_crit': 13.050465147768051, 'trop_k_veg': 2.724170387400844, 'fuel_k': 0.025620781631399487, 'fuel_half': 0.6603566884894324}.
[I 2026-07-22 20:44:13,556] Trial 1199 finished with values: [-0.7489313911812929, 0.06885485167584382] and parameters: {'k1': 0.028401063201780267, 'D_low': 216.6574784061471, 'k2': 0.00033271381912662167, 'D_high': 6525529.853354094, 'fire_exp': 1.5191397119156032, 'P_half': 157.80309954142965, 'pre_dampen_half': 8.259599205585763, 'gpp_af': 0.03522602097143089, 'gpp_b': 0.00012118589392553798, 'gpp_d': 12.338826503601998, 'ign_k': 3.965503094323014, 'ign_c': 22.126836566118193, 'trop_agb_crit': 13.050465147768051, 'trop_k_veg': 1.3987664054208562, 'fuel_k': 0.025620781631399487, 'fuel_half': 0.6603566884894324}.
[I 2026-07-22 20:44:13,990] Trial 1200 finished with values: [10.706259139993831, 10.706259139993831] and parameters: {'k1': 0.028401063201780267, 'D_low': 16.00237013173313, 'k2': 0.00033271381912662167, 'D_high': 84285.97479727578, 'fire_exp': 1.5191397119156032, 'P_half': 157.80309954142965, 'pre_dampen_half': 0.05761312282837743, 'gpp_af': 0.15908055293380446, 'gpp_b': 0.004458440839692221, 'gpp_d': 12.338826503601998, 'ign_k': 0.2891958791644796, 'ign_c': 22.126836566118193, 'trop_agb_crit': 6.187033415477641, 'trop_k_veg': 2.724170387400844, 'fuel_k': 0.07002142869039267, 'fuel_half': 0.6603566884894324}.
[I 2026-07-22 20:44:14,419] Trial 1201 finished with values: [-0.7392085502890646, 0.029937635395264617] and parameters: {'k1': 0.028401063201780267, 'D_low': 1.6752866684650682, 'k2': 0.0006863458703786212, 'D_high': 2413579.2291304003, 'fire_exp': 1.7142304893572406, 'P_half': 50.34696988263488, 'pre_dampen_half': 16.224010950061366, 'gpp_af': 0.03522602097143089, 'gpp_b': 0.004458440839692221, 'gpp_d': 12.338826503601998, 'ign_k': 3.965503094323014, 'ign_c': 22.126836566118193, 'trop_agb_crit': 13.050465147768051, 'trop_k_veg': 4.5784420637928775, 'fuel_k': 0.07002142869039267, 'fuel_half': 0.6603566884894324}.
[I 2026-07-22 20:44:14,848] Trial 1202 finished with values: [10.758310217530177, 10.758310217530177] and parameters: {'k1': 0.0006533684593224971, 'D_low': 593.9821116868678, 'k2': 0.00033271381912662167, 'D_high': 6525529.853354094, 'fire_exp': 1.4583372975518283, 'P_half': 355.00125258511594, 'pre_dampen_half': 0.02614089333101365, 'gpp_af': 0.00219210598059826, 'gpp_b': 0.0028993292583566945, 'gpp_d': 12.338826503601998, 'ign_k': 3.385832533061076, 'ign_c': 22.126836566118193, 'trop_agb_crit': 2.7395739167173065, 'trop_k_veg': 4.050700716504253, 'fuel_k': 0.057024351269772615, 'fuel_half': 0.6603566884894324}.
[I 2026-07-22 20:44:15,276] Trial 1203 finished with values: [10.032320668909286, 10.032320668909286] and parameters: {'k1': 0.028401063201780267, 'D_low': 16.00237013173313, 'k2': 0.00033271381912662167, 'D_high': 693439.2750387826, 'fire_exp': 1.7142304893572406, 'P_half': 157.80309954142965, 'pre_dampen_half': 16.224010950061366, 'gpp_af': 0.03522602097143089, 'gpp_b': 0.004458440839692221, 'gpp_d': 339.8387538854496, 'ign_k': 1.6383781286443067, 'ign_c': 22.126836566118193, 'trop_agb_crit': 13.050465147768051, 'trop_k_veg': 2.724170387400844, 'fuel_k': 0.016620306147390372, 'fuel_half': 0.6603566884894324}.
[I 2026-07-22 20:44:15,709] Trial 1204 finished with values: [-0.7543529994886861, 0.17486853411366776] and parameters: {'k1': 0.008471801418819975, 'D_low': 216.6574784061471, 'k2': 0.00033271381912662167, 'D_high': 6525529.853354094, 'fire_exp': 1.5532616753672623, 'P_half': 157.80309954142965, 'pre_dampen_half': 8.259599205585763, 'gpp_af': 0.33576379731953715, 'gpp_b': 1.4284710450172036e-05, 'gpp_d': 12.338826503601998, 'ign_k': 6.064466313438525, 'ign_c': 22.126836566118193, 'trop_agb_crit': 14.025134228649115, 'trop_k_veg': 2.724170387400844, 'fuel_k': 0.057024351269772615, 'fuel_half': 0.17450366043682808}.
[I 2026-07-22 20:44:16,139] Trial 1205 finished with values: [-0.700035190784308, 0.034509564036017126] and parameters: {'k1': 0.028401063201780267, 'D_low': 593.9821116868678, 'k2': 0.00033271381912662167, 'D_high': 6525529.853354094, 'fire_exp': 1.5948485434369246, 'P_half': 12.002808592678374, 'pre_dampen_half': 684.9093205085053, 'gpp_af': 0.03522602097143089, 'gpp_b': 0.004458440839692221, 'gpp_d': 12.338826503601998, 'ign_k': 3.965503094323014, 'ign_c': 22.126836566118193, 'trop_agb_crit': 6.187033415477641, 'trop_k_veg': 4.105599926384157, 'fuel_k': 0.07002142869039267, 'fuel_half': 0.6603566884894324}.
[I 2026-07-22 20:44:16,573] Trial 1206 finished with values: [-0.7406424541650786, 0.05440546572763183] and parameters: {'k1': 0.0006533684593224971, 'D_low': 216.6574784061471, 'k2': 0.0006863458703786212, 'D_high': 693439.2750387826, 'fire_exp': 1.5704801393982246, 'P_half': 355.00125258511594, 'pre_dampen_half': 16.224010950061366, 'gpp_af': 0.00219210598059826, 'gpp_b': 2.852199954727099e-05, 'gpp_d': 36.831884165358964, 'ign_k': 2.2866997408312697, 'ign_c': 17.583640270008498, 'trop_agb_crit': 2.7395739167173065, 'trop_k_veg': 4.050700716504253, 'fuel_k': 0.057024351269772615, 'fuel_half': 0.3036855685244964}.
[I 2026-07-22 20:44:17,000] Trial 1207 finished with values: [10.358075294410419, 10.358075294410419] and parameters: {'k1': 0.028401063201780267, 'D_low': 2240.9155921647994, 'k2': 0.0006863458703786212, 'D_high': 693439.2750387826, 'fire_exp': 1.7142304893572406, 'P_half': 157.80309954142965, 'pre_dampen_half': 16.224010950061366, 'gpp_af': 0.007914355321045717, 'gpp_b': 0.0032104497420724493, 'gpp_d': 12.338826503601998, 'ign_k': 3.965503094323014, 'ign_c': 22.126836566118193, 'trop_agb_crit': 2.7395739167173065, 'trop_k_veg': 4.5784420637928775, 'fuel_k': 0.6149834196910364, 'fuel_half': 0.3036855685244964}.
[I 2026-07-22 20:44:17,428] Trial 1208 finished with values: [-0.7448167962052599, 0.04017506972933105] and parameters: {'k1': 0.028401063201780267, 'D_low': 2240.9155921647994, 'k2': 0.00016536937182824412, 'D_high': 693439.2750387826, 'fire_exp': 2.463864776442689, 'P_half': 157.80309954142965, 'pre_dampen_half': 14.689407256107613, 'gpp_af': 0.03522602097143089, 'gpp_b': 0.00012118589392553798, 'gpp_d': 12.338826503601998, 'ign_k': 3.965503094323014, 'ign_c': 22.126836566118193, 'trop_agb_crit': 26.951029433343408, 'trop_k_veg': 2.724170387400844, 'fuel_k': 0.6149834196910364, 'fuel_half': 0.6603566884894324}.
[I 2026-07-22 20:44:17,852] Trial 1209 finished with values: [-0.7923300934240679, 0.0869560564844768] and parameters: {'k1': 0.028401063201780267, 'D_low': 2240.9155921647994, 'k2': 0.004695480001817501, 'D_high': 6525529.853354094, 'fire_exp': 1.2585476857229763, 'P_half': 157.80309954142965, 'pre_dampen_half': 8.259599205585763, 'gpp_af': 0.03522602097143089, 'gpp_b': 0.00012118589392553798, 'gpp_d': 12.338826503601998, 'ign_k': 2.136832907235876, 'ign_c': 22.126836566118193, 'trop_agb_crit': 8.65937260774655, 'trop_k_veg': 4.5784420637928775, 'fuel_k': 0.6149834196910364, 'fuel_half': 0.6603566884894324}.
[I 2026-07-22 20:44:18,278] Trial 1210 finished with values: [-0.784386728597872, 0.09951755577213428] and parameters: {'k1': 0.028401063201780267, 'D_low': 16.00237013173313, 'k2': 0.00033271381912662167, 'D_high': 2413579.2291304003, 'fire_exp': 1.1642335022150967, 'P_half': 157.80309954142965, 'pre_dampen_half': 8.259599205585763, 'gpp_af': 0.03522602097143089, 'gpp_b': 0.00012118589392553798, 'gpp_d': 12.338826503601998, 'ign_k': 3.965503094323014, 'ign_c': 22.126836566118193, 'trop_agb_crit': 6.187033415477641, 'trop_k_veg': 2.724170387400844, 'fuel_k': 0.07002142869039267, 'fuel_half': 0.6603566884894324}.
[I 2026-07-22 20:44:18,702] Trial 1211 finished with values: [-0.7505811849049379, 0.07755847801224502] and parameters: {'k1': 0.028401063201780267, 'D_low': 216.6574784061471, 'k2': 0.00033271381912662167, 'D_high': 2413579.2291304003, 'fire_exp': 1.5532616753672623, 'P_half': 157.80309954142965, 'pre_dampen_half': 8.259599205585763, 'gpp_af': 0.053663001820106804, 'gpp_b': 0.00012118589392553798, 'gpp_d': 12.338826503601998, 'ign_k': 3.965503094323014, 'ign_c': 22.126836566118193, 'trop_agb_crit': 10.584071370490857, 'trop_k_veg': 1.3987664054208562, 'fuel_k': 0.07002142869039267, 'fuel_half': 0.6603566884894324}.
[I 2026-07-22 20:44:19,138] Trial 1212 finished with values: [-0.7184454080865742, 0.03224885163161051] and parameters: {'k1': 0.08683183082509353, 'D_low': 16.00237013173313, 'k2': 0.00033271381912662167, 'D_high': 1956890.6123061469, 'fire_exp': 1.5532616753672623, 'P_half': 12.002808592678374, 'pre_dampen_half': 8.259599205585763, 'gpp_af': 0.053663001820106804, 'gpp_b': 0.0036722997874934805, 'gpp_d': 352.0481045526035, 'ign_k': 1.0127455512700307, 'ign_c': 22.126836566118193, 'trop_agb_crit': 9.341194710265947, 'trop_k_veg': 6.02985034296454, 'fuel_k': 0.07002142869039267, 'fuel_half': 0.6603566884894324}.
[I 2026-07-22 20:44:19,569] Trial 1213 finished with values: [10.73928434809683, 10.73928434809683] and parameters: {'k1': 4.455881402182094e-05, 'D_low': 2240.9155921647994, 'k2': 0.00033271381912662167, 'D_high': 6525529.853354094, 'fire_exp': 1.9025702662542903, 'P_half': 12.002808592678374, 'pre_dampen_half': 8.259599205585763, 'gpp_af': 0.00115621233916266, 'gpp_b': 0.0028993292583566945, 'gpp_d': 962.6851425803574, 'ign_k': 3.965503094323014, 'ign_c': 22.126836566118193, 'trop_agb_crit': 2.679156169946616, 'trop_k_veg': 6.02985034296454, 'fuel_k': 0.07002142869039267, 'fuel_half': 0.6603566884894324}.
[I 2026-07-22 20:44:20,004] Trial 1214 finished with values: [-0.7872174876726785, 0.061000494902826] and parameters: {'k1': 0.028401063201780267, 'D_low': 216.6574784061471, 'k2': 0.00033271381912662167, 'D_high': 693439.2750387826, 'fire_exp': 1.156740436550563, 'P_half': 157.80309954142965, 'pre_dampen_half': 8.259599205585763, 'gpp_af': 0.007914355321045717, 'gpp_b': 0.00012118589392553798, 'gpp_d': 12.151631524283598, 'ign_k': 3.965503094323014, 'ign_c': 22.126836566118193, 'trop_agb_crit': 13.050465147768051, 'trop_k_veg': 2.724170387400844, 'fuel_k': 0.49578999904399057, 'fuel_half': 0.6603566884894324}.
[I 2026-07-22 20:44:20,433] Trial 1215 finished with values: [10.10199468281345, 10.10199468281345] and parameters: {'k1': 0.028401063201780267, 'D_low': 16.00237013173313, 'k2': 0.00033271381912662167, 'D_high': 2413579.2291304003, 'fire_exp': 1.5948485434369246, 'P_half': 50.34696988263488, 'pre_dampen_half': 8.259599205585763, 'gpp_af': 0.03522602097143089, 'gpp_b': 0.00012118589392553798, 'gpp_d': 12.338826503601998, 'ign_k': 3.965503094323014, 'ign_c': 22.126836566118193, 'trop_agb_crit': 13.050465147768051, 'trop_k_veg': 2.724170387400844, 'fuel_k': 0.5118852925133749, 'fuel_half': 0.6603566884894324}.
[I 2026-07-22 20:44:20,862] Trial 1216 finished with values: [10.942626420256522, 10.942626420256522] and parameters: {'k1': 0.0006533684593224971, 'D_low': 216.6574784061471, 'k2': 0.00033271381912662167, 'D_high': 693439.2750387826, 'fire_exp': 1.9025702662542903, 'P_half': 93.43302657318476, 'pre_dampen_half': 16.224010950061366, 'gpp_af': 0.03522602097143089, 'gpp_b': 0.0028993292583566945, 'gpp_d': 962.6851425803574, 'ign_k': 3.965503094323014, 'ign_c': 22.126836566118193, 'trop_agb_crit': 2.7395739167173065, 'trop_k_veg': 4.776259022974975, 'fuel_k': 4.710433409437071, 'fuel_half': 0.3036855685244964}.
[I 2026-07-22 20:44:21,289] Trial 1217 finished with values: [-0.6449908037497583, 0.0251705694240435] and parameters: {'k1': 0.028401063201780267, 'D_low': 3103.3332277537256, 'k2': 0.00033271381912662167, 'D_high': 6525529.853354094, 'fire_exp': 1.6094756606381397, 'P_half': 157.80309954142965, 'pre_dampen_half': 16.224010950061366, 'gpp_af': 0.03522602097143089, 'gpp_b': 0.004458440839692221, 'gpp_d': 6.291850838192574, 'ign_k': 3.965503094323014, 'ign_c': 22.126836566118193, 'trop_agb_crit': 5.526463318565575, 'trop_k_veg': 2.724170387400844, 'fuel_k': 4.710433409437071, 'fuel_half': 1.3323297901105766}.
[I 2026-07-22 20:44:21,720] Trial 1218 finished with values: [10.528323897846207, 10.528323897846207] and parameters: {'k1': 0.028401063201780267, 'D_low': 2240.9155921647994, 'k2': 0.00033271381912662167, 'D_high': 14601.508739747349, 'fire_exp': 1.5948485434369246, 'P_half': 102.4585893986732, 'pre_dampen_half': 8.259599205585763, 'gpp_af': 0.007914355321045717, 'gpp_b': 0.00012118589392553798, 'gpp_d': 12.338826503601998, 'ign_k': 3.965503094323014, 'ign_c': 22.126836566118193, 'trop_agb_crit': 12.647327018493208, 'trop_k_veg': 4.776259022974975, 'fuel_k': 0.10978148458640455, 'fuel_half': 14.390002424458425}.
[I 2026-07-22 20:44:22,147] Trial 1219 finished with values: [-0.7338273999728814, 0.02189685547271991] and parameters: {'k1': 0.028401063201780267, 'D_low': 216.6574784061471, 'k2': 0.0006863458703786212, 'D_high': 2413579.2291304003, 'fire_exp': 1.7142304893572406, 'P_half': 50.34696988263488, 'pre_dampen_half': 16.224010950061366, 'gpp_af': 0.03522602097143089, 'gpp_b': 0.004458440839692221, 'gpp_d': 282.6768642969775, 'ign_k': 2.136832907235876, 'ign_c': 22.126836566118193, 'trop_agb_crit': 13.050465147768051, 'trop_k_veg': 4.5784420637928775, 'fuel_k': 0.10978148458640455, 'fuel_half': 0.6603566884894324}.
[I 2026-07-22 20:44:22,576] Trial 1220 finished with values: [10.041071996142461, 10.041071996142461] and parameters: {'k1': 0.028401063201780267, 'D_low': 16.00237013173313, 'k2': 0.00033271381912662167, 'D_high': 2742371.6496047364, 'fire_exp': 1.5532616753672623, 'P_half': 12.002808592678374, 'pre_dampen_half': 8.259599205585763, 'gpp_af': 0.03522602097143089, 'gpp_b': 0.0028993292583566945, 'gpp_d': 352.0481045526035, 'ign_k': 3.965503094323014, 'ign_c': 22.126836566118193, 'trop_agb_crit': 2.679156169946616, 'trop_k_veg': 2.724170387400844, 'fuel_k': 0.07002142869039267, 'fuel_half': 0.6603566884894324}.
[I 2026-07-22 20:44:23,005] Trial 1221 finished with values: [-0.7874896632545693, 0.07213840767419633] and parameters: {'k1': 0.028401063201780267, 'D_low': 2.995294353899898, 'k2': 0.00033271381912662167, 'D_high': 2413579.2291304003, 'fire_exp': 1.5532616753672623, 'P_half': 157.80309954142965, 'pre_dampen_half': 8.259599205585763, 'gpp_af': 0.03522602097143089, 'gpp_b': 0.00012118589392553798, 'gpp_d': 12.338826503601998, 'ign_k': 3.965503094323014, 'ign_c': 22.126836566118193, 'trop_agb_crit': 5.526463318565575, 'trop_k_veg': 2.724170387400844, 'fuel_k': 0.6149834196910364, 'fuel_half': 0.6603566884894324}.
[I 2026-07-22 20:44:23,438] Trial 1222 finished with values: [10.245784009735402, 10.245784009735402] and parameters: {'k1': 0.028401063201780267, 'D_low': 216.6574784061471, 'k2': 0.008433074972740243, 'D_high': 2413579.2291304003, 'fire_exp': 1.5191397119156032, 'P_half': 157.80309954142965, 'pre_dampen_half': 16.224010950061366, 'gpp_af': 0.008650868699945564, 'gpp_b': 0.0028993292583566945, 'gpp_d': 12.338826503601998, 'ign_k': 3.965503094323014, 'ign_c': 22.126836566118193, 'trop_agb_crit': 6.187033415477641, 'trop_k_veg': 2.724170387400844, 'fuel_k': 0.016620306147390372, 'fuel_half': 0.6603566884894324}.
[I 2026-07-22 20:44:23,871] Trial 1223 finished with values: [10.010532534377429, 10.010532534377429] and parameters: {'k1': 0.028401063201780267, 'D_low': 2240.9155921647994, 'k2': 0.00033271381912662167, 'D_high': 6525529.853354094, 'fire_exp': 1.5191397119156032, 'P_half': 355.00125258511594, 'pre_dampen_half': 8.259599205585763, 'gpp_af': 0.03522602097143089, 'gpp_b': 0.00012118589392553798, 'gpp_d': 12.338826503601998, 'ign_k': 2.136832907235876, 'ign_c': 22.126836566118193, 'trop_agb_crit': 13.050465147768051, 'trop_k_veg': 4.5784420637928775, 'fuel_k': 0.6149834196910364, 'fuel_half': 0.6603566884894324}.
