[I 2026-07-24 02:07:55,053] Trial 256 finished with value: 0.5257766598848106 and parameters: {'k1': 0.00020184232951092992, 'D_low': 3138.839946623483, 'k2': 0.0019723044704784533, 'D_high': 136926.64398029516, 'fire_exp': 1.2438989425720113, 'P_half': 16.23273532861115, 'pre_dampen_half': 4.8829281621657605, 'gpp_af': 0.10070918126392, 'gpp_b': 0.00037901420506212966, 'gpp_d': 13.958686423760106, 'ign_k': 0.10139203751414069, 'ign_c': 6.627747951816652, 'trop_agb_crit': 23.6549703777541, 'trop_k_veg': 0.6005910786706008, 'gdp_gamma': 0.654274262234759, 'fuel_k': 0.05296142758623201, 'fuel_half': 81.47815512903364}. Best is trial 0 with value: -0.6086958580586874.
[I 2026-07-24 02:07:55,488] Trial 257 finished with value: 0.5988983807204151 and parameters: {'k1': 0.00024806772123238266, 'D_low': 8.429664413143163, 'k2': 0.0004984107139916509, 'D_high': 3640441.397112641, 'fire_exp': 7.414116953299583, 'P_half': 63.60316049226579, 'pre_dampen_half': 334.19650205593234, 'gpp_af': 0.010449729453819709, 'gpp_b': 0.0003575944694443677, 'gpp_d': 42.514572277419255, 'ign_k': 0.02806030175489494, 'ign_c': 25.244366824077012, 'trop_agb_crit': 23.139289913436965, 'trop_k_veg': 0.6215374547366381, 'gdp_gamma': 0.0019992007036867417, 'fuel_k': 2.6100879727971225, 'fuel_half': 0.32763987033762226}. Best is trial 0 with value: -0.6086958580586874.
[I 2026-07-24 02:07:55,918] Trial 258 finished with value: 0.6479729254542286 and parameters: {'k1': 6.150167295930176e-05, 'D_low': 10.882285551772874, 'k2': 0.0034262057628152774, 'D_high': 1717255.7598860464, 'fire_exp': 6.942846088065041, 'P_half': 30.158889624900482, 'pre_dampen_half': 270.4429744084831, 'gpp_af': 0.004515553856033301, 'gpp_b': 6.958612653779844e-05, 'gpp_d': 1.5988370620811407, 'ign_k': 1.0027448587043852, 'ign_c': 32.43917727485802, 'trop_agb_crit': 8.86070665941814, 'trop_k_veg': 0.5553036302179525, 'gdp_gamma': 0.0021932270921406673, 'fuel_k': 1.8729473856494914, 'fuel_half': 0.2270207215573885}. Best is trial 0 with value: -0.6086958580586874.
[I 2026-07-24 02:07:56,351] Trial 259 finished with value: 0.5979707609686222 and parameters: {'k1': 0.00014769953092313672, 'D_low': 276.887958032739, 'k2': 0.0020317664587096084, 'D_high': 5307.411508989005, 'fire_exp': 1.7229237917214357, 'P_half': 30.914558430833175, 'pre_dampen_half': 0.1418988011969331, 'gpp_af': 0.03502687599670111, 'gpp_b': 0.0002035303269942807, 'gpp_d': 16.467402273205117, 'ign_k': 0.001167047120335469, 'ign_c': 12.13107680297098, 'trop_agb_crit': 21.94662182344784, 'trop_k_veg': 0.7195524423497751, 'gdp_gamma': 0.3945561602379599, 'fuel_k': 1.0430832253386395, 'fuel_half': 21.210841812733523}. Best is trial 0 with value: -0.6086958580586874.
[I 2026-07-24 02:07:56,782] Trial 260 finished with value: 0.44672963217101314 and parameters: {'k1': 0.005246400684881944, 'D_low': 2998.346330696725, 'k2': 0.023243698307692174, 'D_high': 3053514.9495296674, 'fire_exp': 1.0337121702967582, 'P_half': 5.042664984317151, 'pre_dampen_half': 0.11261152359932845, 'gpp_af': 0.2232264153275969, 'gpp_b': 0.00011239080920693358, 'gpp_d': 9.008961881532002, 'ign_k': 0.002942182709369503, 'ign_c': 19.47138379402786, 'trop_agb_crit': 19.44083239889741, 'trop_k_veg': 0.7214747702499502, 'gdp_gamma': 1.0128122317528574, 'fuel_k': 0.13566475014491117, 'fuel_half': 2.7066102110058337}. Best is trial 0 with value: -0.6086958580586874.
[I 2026-07-24 02:07:57,215] Trial 261 finished with value: -0.5481605593974466 and parameters: {'k1': 0.0005206039743759404, 'D_low': 18.183323372878224, 'k2': 0.007065146398080275, 'D_high': 116501.19354634089, 'fire_exp': 2.089206439488988, 'P_half': 68.14390865009406, 'pre_dampen_half': 136.839542543303, 'gpp_af': 0.06597374355450779, 'gpp_b': 3.173856604134171e-05, 'gpp_d': 2.3799545380781857, 'ign_k': 0.0076344542066273885, 'ign_c': 0.4450801090305176, 'trop_agb_crit': 4.9718864941118115, 'trop_k_veg': 0.631454651306469, 'gdp_gamma': 0.3396992935453291, 'fuel_k': 0.2200815654161693, 'fuel_half': 72.35851779618966}. Best is trial 0 with value: -0.6086958580586874.
[I 2026-07-24 02:07:57,660] Trial 262 finished with value: 0.6203566314072131 and parameters: {'k1': 1.2786211798639268e-05, 'D_low': 1.9231250017777806, 'k2': 0.02588557618638521, 'D_high': 167909.06236418497, 'fire_exp': 3.0005325980838524, 'P_half': 2455.0655924847447, 'pre_dampen_half': 357.7812969226136, 'gpp_af': 1.7988105395090794, 'gpp_b': 9.217718742968167e-05, 'gpp_d': 1.246169541450432, 'ign_k': 0.017772681939025318, 'ign_c': 55.19157569751382, 'trop_agb_crit': 20.795064824916754, 'trop_k_veg': 0.9504326570987743, 'gdp_gamma': 0.008632173137077126, 'fuel_k': 0.9415523072220687, 'fuel_half': 0.10615399334341975}. Best is trial 0 with value: -0.6086958580586874.
[I 2026-07-24 02:07:58,119] Trial 263 finished with value: 0.5925377009964751 and parameters: {'k1': 1.811472164093273e-05, 'D_low': 8.898351746324108, 'k2': 0.000906402288819496, 'D_high': 18849.706214828908, 'fire_exp': 3.5176806825086517, 'P_half': 52.81235677229683, 'pre_dampen_half': 903.8975569666733, 'gpp_af': 0.061487806683560436, 'gpp_b': 0.0015586729442524552, 'gpp_d': 3.380812795810708, 'ign_k': 0.004232457569206552, 'ign_c': 0.4042125984684704, 'trop_agb_crit': 7.755887835983122, 'trop_k_veg': 0.7072252911958986, 'gdp_gamma': 0.20953204093784905, 'fuel_k': 0.07187588675560992, 'fuel_half': 4.364128005665476}. Best is trial 0 with value: -0.6086958580586874.
[I 2026-07-24 02:07:58,564] Trial 264 finished with value: 0.5444652972654642 and parameters: {'k1': 4.6037922733616864e-05, 'D_low': 6.073888901363508, 'k2': 0.0019598224285370604, 'D_high': 11657.889709138357, 'fire_exp': 1.3080537533873615, 'P_half': 226.11756312525537, 'pre_dampen_half': 19.685012892916866, 'gpp_af': 1.7202529907189132, 'gpp_b': 3.3792724941124143e-05, 'gpp_d': 3.7570322369573144, 'ign_k': 0.0025550251167801553, 'ign_c': 0.2990586125338988, 'trop_agb_crit': 11.836880102216275, 'trop_k_veg': 0.9746101788465802, 'gdp_gamma': 0.5701011935001029, 'fuel_k': 0.2625913820625023, 'fuel_half': 37.60082663206212}. Best is trial 0 with value: -0.6086958580586874.
[I 2026-07-24 02:07:58,998] Trial 265 finished with value: 0.46110285588127775 and parameters: {'k1': 7.687114447219039e-05, 'D_low': 1528.8900233926363, 'k2': 0.0007848147350417854, 'D_high': 122851.79189623617, 'fire_exp': 5.578017783943667, 'P_half': 3.226861502498663, 'pre_dampen_half': 1.066237495441234, 'gpp_af': 0.07777380950949166, 'gpp_b': 1.0987543461150172e-05, 'gpp_d': 211.7078281997427, 'ign_k': 0.40634480595032996, 'ign_c': 4.766746979781373, 'trop_agb_crit': 23.454578584453447, 'trop_k_veg': 1.8226263455907648, 'gdp_gamma': 0.0020981431582535693, 'fuel_k': 4.9178632791351475, 'fuel_half': 0.24591422551375042}. Best is trial 0 with value: -0.6086958580586874.
[I 2026-07-24 02:07:59,435] Trial 266 finished with value: 0.4735719524343933 and parameters: {'k1': 0.06476041518073883, 'D_low': 61.858490915983026, 'k2': 0.0020317729629972807, 'D_high': 5650170.39300981, 'fire_exp': 1.0811929196861505, 'P_half': 1.0800768894745787, 'pre_dampen_half': 0.07897225342608155, 'gpp_af': 0.594065456696395, 'gpp_b': 0.29369315719584044, 'gpp_d': 95.46267624298868, 'ign_k': 0.0014698585959789091, 'ign_c': 15.897736538396039, 'trop_agb_crit': 2.617629863168798, 'trop_k_veg': 0.6505711129541324, 'gdp_gamma': 1.1526087382390569, 'fuel_k': 0.09892344997185291, 'fuel_half': 7.585399775256068}. Best is trial 0 with value: -0.6086958580586874.
[I 2026-07-24 02:07:59,875] Trial 267 finished with value: 0.501481779133516 and parameters: {'k1': 0.0315194905293465, 'D_low': 25630.52833699017, 'k2': 0.0017516090850298273, 'D_high': 4578156.187389001, 'fire_exp': 1.2296414468767531, 'P_half': 39.357894139880386, 'pre_dampen_half': 0.04991084572197251, 'gpp_af': 0.02516854345306463, 'gpp_b': 0.00030335895709958057, 'gpp_d': 9.391066326068968, 'ign_k': 0.02735148905953944, 'ign_c': 14.927549443067154, 'trop_agb_crit': 7.324826584317702, 'trop_k_veg': 0.8963722287854918, 'gdp_gamma': 1.3375622646424243, 'fuel_k': 0.24295025219149113, 'fuel_half': 19.110237958525175}. Best is trial 0 with value: -0.6086958580586874.
[I 2026-07-24 02:08:00,318] Trial 268 finished with value: 0.41766962783325856 and parameters: {'k1': 0.0022894165716170417, 'D_low': 8.488205343500448, 'k2': 0.0683481590718599, 'D_high': 3284869.330501081, 'fire_exp': 1.9393075594730613, 'P_half': 6.770808610696611, 'pre_dampen_half': 530.8869693370438, 'gpp_af': 0.011247583723223787, 'gpp_b': 7.838240556577006e-05, 'gpp_d': 45.96961608794478, 'ign_k': 0.002542634069090243, 'ign_c': 2.0967334065381826, 'trop_agb_crit': 19.22527248999393, 'trop_k_veg': 0.6426048923814386, 'gdp_gamma': 0.2656766354359618, 'fuel_k': 0.36608361999078637, 'fuel_half': 52.59553010045677}. Best is trial 0 with value: -0.6086958580586874.
[I 2026-07-24 02:08:00,810] Trial 269 finished with value: 0.5466452028679419 and parameters: {'k1': 0.017620161825729327, 'D_low': 76.40957708283683, 'k2': 0.019869068658961722, 'D_high': 907692.756876156, 'fire_exp': 1.9321713293300857, 'P_half': 208.5257329721859, 'pre_dampen_half': 14.248574117996363, 'gpp_af': 0.1943200004100482, 'gpp_b': 1.8166808674871467e-05, 'gpp_d': 2.3603341000146667, 'ign_k': 0.001686805119231447, 'ign_c': 0.10104789858060347, 'trop_agb_crit': 1.4147281070432562, 'trop_k_veg': 0.8867133552042584, 'gdp_gamma': 0.02378875135797146, 'fuel_k': 0.27149722412790567, 'fuel_half': 57.93422589823981}. Best is trial 0 with value: -0.6086958580586874.
[I 2026-07-24 02:08:01,253] Trial 270 finished with value: 0.5168490765355394 and parameters: {'k1': 0.0353263713936748, 'D_low': 212.7044321408805, 'k2': 0.0011112481554535788, 'D_high': 3711811.954414283, 'fire_exp': 1.0596341893235572, 'P_half': 23.132144393855217, 'pre_dampen_half': 15.973499245043179, 'gpp_af': 0.5604711444911727, 'gpp_b': 0.05312856832819984, 'gpp_d': 0.5579456871386461, 'ign_k': 0.0013316921419157862, 'ign_c': 27.375167190533148, 'trop_agb_crit': 3.6517468573274394, 'trop_k_veg': 0.5574883413767343, 'gdp_gamma': 0.05323041099679803, 'fuel_k': 0.17308896939278492, 'fuel_half': 6.485744221074513}. Best is trial 0 with value: -0.6086958580586874.
[I 2026-07-24 02:08:01,732] Trial 271 finished with value: 0.6099120214255428 and parameters: {'k1': 0.001100741303873475, 'D_low': 51665.35263219594, 'k2': 0.0035975804454326096, 'D_high': 2574812.183008221, 'fire_exp': 1.1362999730870287, 'P_half': 1.1040765508145878, 'pre_dampen_half': 0.12666622788566714, 'gpp_af': 0.22251723888204367, 'gpp_b': 0.28956383783458806, 'gpp_d': 2.676531633529475, 'ign_k': 0.0029330859680328, 'ign_c': 46.58602181123315, 'trop_agb_crit': 3.4192778652061495, 'trop_k_veg': 0.6404458457337397, 'gdp_gamma': 0.3535100968903148, 'fuel_k': 0.4133922949379851, 'fuel_half': 41.64113128775354}. Best is trial 0 with value: -0.6086958580586874.
[I 2026-07-24 02:08:02,181] Trial 272 finished with value: 0.49188432934741055 and parameters: {'k1': 0.009423370009191804, 'D_low': 7580.0414187222395, 'k2': 0.0003845541029729449, 'D_high': 44744.508707673005, 'fire_exp': 1.4515055001713204, 'P_half': 9.588498584216994, 'pre_dampen_half': 342.3327188947119, 'gpp_af': 0.06771574342910341, 'gpp_b': 0.0009421552831972752, 'gpp_d': 2.219949813306606, 'ign_k': 0.119048011787365, 'ign_c': 8.530333474376839, 'trop_agb_crit': 16.298301851890297, 'trop_k_veg': 1.8275321446309536, 'gdp_gamma': 0.3682650519376766, 'fuel_k': 0.03155393445438556, 'fuel_half': 12.790353384015305}. Best is trial 0 with value: -0.6086958580586874.
[I 2026-07-24 02:08:02,641] Trial 273 finished with value: -0.5495112751639285 and parameters: {'k1': 0.003178658657829472, 'D_low': 196.94165938847723, 'k2': 0.014345180127361076, 'D_high': 5890949.764541927, 'fire_exp': 1.276057233096806, 'P_half': 29.431240753891657, 'pre_dampen_half': 0.0289495128916286, 'gpp_af': 4.603688315950423, 'gpp_b': 0.00011436884551591417, 'gpp_d': 29.287329602046192, 'ign_k': 0.028058760274691414, 'ign_c': 17.164612846525532, 'trop_agb_crit': 4.915410571469666, 'trop_k_veg': 0.5109000484968975, 'gdp_gamma': 1.9601509114404936, 'fuel_k': 0.018569820786799637, 'fuel_half': 10.98160595441217}. Best is trial 0 with value: -0.6086958580586874.
[I 2026-07-24 02:08:03,091] Trial 274 finished with value: 0.549889620728892 and parameters: {'k1': 6.119946565900671e-05, 'D_low': 4.055733474237421, 'k2': 0.041846844531385805, 'D_high': 9696114.111109283, 'fire_exp': 1.025538001900527, 'P_half': 17.96806859762788, 'pre_dampen_half': 0.06611416778014192, 'gpp_af': 0.8804323258124933, 'gpp_b': 0.0006053635640001746, 'gpp_d': 7.231354783583379, 'ign_k': 0.030018436415679427, 'ign_c': 109.47333557852048, 'trop_agb_crit': 16.096017365630242, 'trop_k_veg': 0.6620748764415644, 'gdp_gamma': 1.5524946423615675, 'fuel_k': 0.027567773364291507, 'fuel_half': 2.9975238974708187}. Best is trial 0 with value: -0.6086958580586874.
[I 2026-07-24 02:08:03,535] Trial 275 finished with value: 0.5981100976565547 and parameters: {'k1': 6.358277378308978e-05, 'D_low': 38.39810262754533, 'k2': 0.00023587120866612517, 'D_high': 44938.480569449115, 'fire_exp': 2.8996357267543686, 'P_half': 11.72771954303288, 'pre_dampen_half': 475.00842789294524, 'gpp_af': 0.0016395065551867672, 'gpp_b': 4.185994801529084e-05, 'gpp_d': 52.320749300990116, 'ign_k': 0.017637163743005058, 'ign_c': 124.099705314013, 'trop_agb_crit': 5.302196796259202, 'trop_k_veg': 1.8297514750252473, 'gdp_gamma': 1.48580447120107, 'fuel_k': 0.09521830690473117, 'fuel_half': 12.655034824023927}. Best is trial 0 with value: -0.6086958580586874.
[I 2026-07-24 02:08:03,977] Trial 276 finished with value: 0.48258245047581283 and parameters: {'k1': 0.000726183415549697, 'D_low': 115.7160125653558, 'k2': 0.00697378458198673, 'D_high': 2609765.401473747, 'fire_exp': 1.3915598665594222, 'P_half': 78.76901377442445, 'pre_dampen_half': 0.027511934237607703, 'gpp_af': 0.15884694600081187, 'gpp_b': 0.00013640330506503587, 'gpp_d': 4.365720195827393, 'ign_k': 0.023342610150742606, 'ign_c': 13.761594178030107, 'trop_agb_crit': 10.50997773693753, 'trop_k_veg': 0.6216563525989183, 'gdp_gamma': 0.5114772447673512, 'fuel_k': 0.02326307938057611, 'fuel_half': 48.13328027741907}. Best is trial 0 with value: -0.6086958580586874.
[I 2026-07-24 02:08:04,427] Trial 277 finished with value: 0.5704352111850224 and parameters: {'k1': 0.0029177774663604827, 'D_low': 884.6735132552141, 'k2': 0.04118727192265087, 'D_high': 33692.82532525096, 'fire_exp': 1.9295979679391964, 'P_half': 29.937633504630547, 'pre_dampen_half': 0.018428079046877655, 'gpp_af': 6.428074305656682, 'gpp_b': 0.008444729941462524, 'gpp_d': 464.5246086111446, 'ign_k': 0.04550216018746165, 'ign_c': 15.717631047831029, 'trop_agb_crit': 5.394427886588586, 'trop_k_veg': 0.5196563960917101, 'gdp_gamma': 0.5488437159785453, 'fuel_k': 0.017443802006573635, 'fuel_half': 2.3695545402596374}. Best is trial 0 with value: -0.6086958580586874.
[I 2026-07-24 02:08:04,895] Trial 278 finished with value: -0.5848993752333757 and parameters: {'k1': 5.359391120269694e-05, 'D_low': 236.69178744534997, 'k2': 0.05293059356928788, 'D_high': 1648227.9836154608, 'fire_exp': 1.0992787634141328, 'P_half': 23.815378367423328, 'pre_dampen_half': 0.7793403847148112, 'gpp_af': 0.5923457187958162, 'gpp_b': 0.0001512889271471714, 'gpp_d': 1.2846698245927881, 'ign_k': 0.02186009821025134, 'ign_c': 11.05286795756481, 'trop_agb_crit': 15.877346609267157, 'trop_k_veg': 0.5719663618728245, 'gdp_gamma': 0.3951344366198202, 'fuel_k': 0.9808203668141704, 'fuel_half': 32.68149241988152}. Best is trial 0 with value: -0.6086958580586874.
[I 2026-07-24 02:08:05,333] Trial 279 finished with value: 0.5896837722996174 and parameters: {'k1': 1.7449558927255148e-05, 'D_low': 144.04618469138492, 'k2': 0.05996848657905857, 'D_high': 42953.59720888043, 'fire_exp': 1.1806910856197266, 'P_half': 137.44717062103587, 'pre_dampen_half': 0.24850992172325817, 'gpp_af': 7.757531325084049, 'gpp_b': 2.1665213334489793e-05, 'gpp_d': 2.391562326965518, 'ign_k': 0.0010325579988733275, 'ign_c': 3.942874115569288, 'trop_agb_crit': 11.01098916467526, 'trop_k_veg': 1.0996458986845745, 'gdp_gamma': 0.04911629768311108, 'fuel_k': 0.5754200614335515, 'fuel_half': 33.94706679587772}. Best is trial 0 with value: -0.6086958580586874.
[I 2026-07-24 02:08:05,771] Trial 280 finished with value: 0.5831407973798985 and parameters: {'k1': 3.078305293680675e-05, 'D_low': 7.8348365684546035, 'k2': 0.00018986700991311281, 'D_high': 3588293.2316628946, 'fire_exp': 1.7065156177091654, 'P_half': 81.74162073896996, 'pre_dampen_half': 14.796588651710268, 'gpp_af': 0.11466621872952097, 'gpp_b': 9.195597627322448e-05, 'gpp_d': 5.516592557698913, 'ign_k': 0.011337749856695658, 'ign_c': 664.8097445478949, 'trop_agb_crit': 20.548754777750684, 'trop_k_veg': 1.8769514280280695, 'gdp_gamma': 0.8799960405167394, 'fuel_k': 0.09130172313000914, 'fuel_half': 14.725994397981186}. Best is trial 0 with value: -0.6086958580586874.
[I 2026-07-24 02:08:06,217] Trial 281 finished with value: 0.47975675657346195 and parameters: {'k1': 0.006096688704272397, 'D_low': 82.5344925243647, 'k2': 0.06851575034293665, 'D_high': 6774702.60876929, 'fire_exp': 1.2718623057983593, 'P_half': 4.767316188344948, 'pre_dampen_half': 0.02462565934005822, 'gpp_af': 3.6993563744572544, 'gpp_b': 1.8089466647021774e-05, 'gpp_d': 113.42868073126374, 'ign_k': 0.0493959482365621, 'ign_c': 48.889894423712406, 'trop_agb_crit': 4.18601312607831, 'trop_k_veg': 0.7590177120591652, 'gdp_gamma': 1.6530162053345712, 'fuel_k': 0.06216035725711134, 'fuel_half': 35.91515172764898}. Best is trial 0 with value: -0.6086958580586874.
[I 2026-07-24 02:08:06,690] Trial 282 finished with value: 0.5813552719815835 and parameters: {'k1': 0.000546394413681662, 'D_low': 17488.801615194465, 'k2': 0.00738334185738062, 'D_high': 369238.11373588076, 'fire_exp': 2.044084156368749, 'P_half': 19.59865778968149, 'pre_dampen_half': 544.9020992265818, 'gpp_af': 0.016869731189007912, 'gpp_b': 0.001990903770210543, 'gpp_d': 212.41706986780127, 'ign_k': 0.005935714785786284, 'ign_c': 0.13602702805571848, 'trop_agb_crit': 14.043206835232821, 'trop_k_veg': 1.0010525453026882, 'gdp_gamma': 0.029175873201880677, 'fuel_k': 0.03770685760797739, 'fuel_half': 55.424510271585945}. Best is trial 0 with value: -0.6086958580586874.
[I 2026-07-24 02:08:07,136] Trial 283 finished with value: 0.4124222041799869 and parameters: {'k1': 3.771016945039922e-05, 'D_low': 54.9951756898548, 'k2': 0.0013143321816070721, 'D_high': 1220567.6613348613, 'fire_exp': 1.583280630092123, 'P_half': 1.3252334743354939, 'pre_dampen_half': 2.1038530882818307, 'gpp_af': 0.001117413374045063, 'gpp_b': 7.756993429796162e-05, 'gpp_d': 13.450276690276311, 'ign_k': 0.0026765034556799462, 'ign_c': 28.744853999871715, 'trop_agb_crit': 12.002131983551045, 'trop_k_veg': 2.15406671321947, 'gdp_gamma': 0.8193873553421669, 'fuel_k': 0.12183433414283017, 'fuel_half': 53.18891504979364}. Best is trial 0 with value: -0.6086958580586874.
[I 2026-07-24 02:08:07,589] Trial 284 finished with value: 0.5134153239047975 and parameters: {'k1': 0.007467176190684618, 'D_low': 6.602684105578684, 'k2': 0.03326138250473382, 'D_high': 63165.81105653012, 'fire_exp': 1.2272102535254725, 'P_half': 175.35896961108375, 'pre_dampen_half': 1.3399222997350486, 'gpp_af': 0.015611432686268792, 'gpp_b': 3.638151562542938e-05, 'gpp_d': 32.89527316642637, 'ign_k': 0.0027683654492562833, 'ign_c': 597.9597513258964, 'trop_agb_crit': 3.371576384566751, 'trop_k_veg': 0.9622869100143014, 'gdp_gamma': 1.7957596521285635, 'fuel_k': 0.012201814635186653, 'fuel_half': 9.634414598133109}. Best is trial 0 with value: -0.6086958580586874.
[I 2026-07-24 02:08:08,044] Trial 285 finished with value: 0.5237970693721996 and parameters: {'k1': 0.0017218894134055274, 'D_low': 361.0408323844415, 'k2': 0.013746931915033882, 'D_high': 4897643.455006184, 'fire_exp': 1.7638437258007003, 'P_half': 220.1442362905049, 'pre_dampen_half': 0.04939440866072312, 'gpp_af': 53.14036483695607, 'gpp_b': 0.00010404426803404756, 'gpp_d': 55.02006120996585, 'ign_k': 0.0027574605663389425, 'ign_c': 13.945336156990159, 'trop_agb_crit': 1.8046270408116978, 'trop_k_veg': 0.6903606071011498, 'gdp_gamma': 0.7209971627544633, 'fuel_k': 0.0411896052289077, 'fuel_half': 8.53787852570578}. Best is trial 0 with value: -0.6086958580586874.
[I 2026-07-24 02:08:08,512] Trial 286 finished with value: 0.5087510502252874 and parameters: {'k1': 1.2776845376521558e-05, 'D_low': 84.00007448594647, 'k2': 0.025927838968285107, 'D_high': 325107.1603846051, 'fire_exp': 1.7687531032373018, 'P_half': 14.520115642595794, 'pre_dampen_half': 0.23468245765944457, 'gpp_af': 1.9223327463514026, 'gpp_b': 1.453724003035001e-05, 'gpp_d': 6.202373396075405, 'ign_k': 0.03724515190136491, 'ign_c': 2.9981984910641244, 'trop_agb_crit': 26.0240676994842, 'trop_k_veg': 0.6562963705099593, 'gdp_gamma': 0.3817539519911746, 'fuel_k': 3.2623305449724493, 'fuel_half': 69.69657757012862}. Best is trial 0 with value: -0.6086958580586874.
[I 2026-07-24 02:08:08,961] Trial 287 finished with value: 0.47619513810421366 and parameters: {'k1': 5.665818330920761e-05, 'D_low': 155.283433770182, 'k2': 0.04193630162224877, 'D_high': 14523.718835119429, 'fire_exp': 1.2168475171458635, 'P_half': 149.21979273716147, 'pre_dampen_half': 1.2345433811479662, 'gpp_af': 1.2586091960226882, 'gpp_b': 0.00047649372811480665, 'gpp_d': 16.161944624161972, 'ign_k': 0.11142041422749147, 'ign_c': 15.059914249208111, 'trop_agb_crit': 4.1939168808069525, 'trop_k_veg': 0.7651398831637999, 'gdp_gamma': 1.2686873790778728, 'fuel_k': 1.1441466823375914, 'fuel_half': 11.10960503409644}. Best is trial 0 with value: -0.6086958580586874.
