[I 2026-08-14 14:18:57,289] Trial 598 finished with values: [-0.4140207600381916, 3.0660306158392103e-06] and parameters: {'k1': 0.0012329098365270509, 'D_low': 367.4904945305323, 'k2': 1.263794633808287e-05, 'D_high': 44.39648242927527, 'fire_exp': 1.075051292556307, 'P_half': 351.2704726270846, 'pre_dampen_half': 0.37306104754535907, 'gpp_af': 0.34902252478382495, 'gpp_b': 2.788681037423117, 'gpp_d': 0.17638479543546878, 'ign_k': 0.04380580767905655, 'ign_c': 105.24574681335613, 'trop_agb_crit': 2.1775224101934065, 'trop_k_veg': 0.6189606672462583, 'fuel_k': 0.06382243375381637, 'fuel_half': 0.30455368715396786}.
[I 2026-08-14 14:18:59,168] Trial 599 finished with values: [-0.3796259422633143, 3.712247176324013e-10] and parameters: {'k1': 0.0004688858519834985, 'D_low': 1.7887890916820506, 'k2': 1.263794633808287e-05, 'D_high': 316055.11434645514, 'fire_exp': 1.6214575867079866, 'P_half': 3910.3637457741784, 'pre_dampen_half': 0.10609580257119508, 'gpp_af': 0.0023751383317256927, 'gpp_b': 2.788681037423117, 'gpp_d': 0.012284844784580964, 'ign_k': 0.567034633562729, 'ign_c': 0.18316165443932733, 'trop_agb_crit': 13.98132484257899, 'trop_k_veg': 2.8224577471047865, 'fuel_k': 0.06382243375381637, 'fuel_half': 3.7093134348291836}.
[I 2026-08-14 14:19:00,937] Trial 600 finished with values: [-0.41344661272209704, 5.689183349866234e-06] and parameters: {'k1': 0.0377366634500546, 'D_low': 367.4904945305323, 'k2': 1.263794633808287e-05, 'D_high': 44.39648242927527, 'fire_exp': 1.075051292556307, 'P_half': 5.854223502085963, 'pre_dampen_half': 0.37306104754535907, 'gpp_af': 0.34902252478382495, 'gpp_b': 2.788681037423117, 'gpp_d': 0.17638479543546878, 'ign_k': 0.04380580767905655, 'ign_c': 105.24574681335613, 'trop_agb_crit': 2.1775224101934065, 'trop_k_veg': 0.6189606672462583, 'fuel_k': 0.06382243375381637, 'fuel_half': 0.30455368715396786}.
[I 2026-08-14 14:19:02,974] Trial 601 finished with values: [-0.3554625854118624, 0.0] and parameters: {'k1': 0.07573282902008706, 'D_low': 3507.515213502105, 'k2': 1.854837679096716e-05, 'D_high': 316055.11434645514, 'fire_exp': 1.2465639280699068, 'P_half': 351.2704726270846, 'pre_dampen_half': 0.0195172246414495, 'gpp_af': 0.008983355849178878, 'gpp_b': 1.3862179439161665e-05, 'gpp_d': 3.0023172465753074, 'ign_k': 0.567034633562729, 'ign_c': 105.24574681335613, 'trop_agb_crit': 13.365572767895445, 'trop_k_veg': 2.96469974704069, 'fuel_k': 0.06382243375381637, 'fuel_half': 6.626468049070088}.
[I 2026-08-14 14:19:04,837] Trial 602 finished with values: [-0.3968622806683892, 3.5619507843254183e-07] and parameters: {'k1': 0.0004688858519834985, 'D_low': 367.4904945305323, 'k2': 1.263794633808287e-05, 'D_high': 44.39648242927527, 'fire_exp': 1.2429193829348841, 'P_half': 48.464976792190825, 'pre_dampen_half': 0.4138641521695059, 'gpp_af': 0.0023751383317256927, 'gpp_b': 2.788681037423117, 'gpp_d': 8.144272585223819, 'ign_k': 0.008065394391537665, 'ign_c': 105.24574681335613, 'trop_agb_crit': 2.1775224101934065, 'trop_k_veg': 2.8224577471047865, 'fuel_k': 0.06382243375381637, 'fuel_half': 3.7093134348291836}.
[I 2026-08-14 14:19:07,048] Trial 603 finished with values: [-0.3554625854118624, 0.0] and parameters: {'k1': 1.0477226564098276e-05, 'D_low': 367.4904945305323, 'k2': 0.08636422432723088, 'D_high': 39079.671568228776, 'fire_exp': 2.26267489175816, 'P_half': 1535.1441568398143, 'pre_dampen_half': 0.011501973785501987, 'gpp_af': 0.25562996323356024, 'gpp_b': 1.1728753685919104, 'gpp_d': 0.08139347272614299, 'ign_k': 0.04380580767905655, 'ign_c': 105.24574681335613, 'trop_agb_crit': 2.1775224101934065, 'trop_k_veg': 0.6921865222804094, 'fuel_k': 0.09687984402504125, 'fuel_half': 12.136386887218588}.
[I 2026-08-14 14:19:08,958] Trial 604 finished with values: [-0.3740404770506292, 2.1069512801119572e-10] and parameters: {'k1': 6.069662445477729e-05, 'D_low': 2.607160725470918, 'k2': 2.5299503921303695e-05, 'D_high': 316055.11434645514, 'fire_exp': 2.1589564941849333, 'P_half': 539.5442811888478, 'pre_dampen_half': 0.022695682239207024, 'gpp_af': 0.03934396739328546, 'gpp_b': 1.1728753685919104, 'gpp_d': 0.01307253094873642, 'ign_k': 0.567034633562729, 'ign_c': 0.13229646467088635, 'trop_agb_crit': 2.3118820898020997, 'trop_k_veg': 2.417028380770307, 'fuel_k': 0.5588539902953054, 'fuel_half': 42.89592532297351}.
[I 2026-08-14 14:19:10,852] Trial 605 finished with values: [-0.44027339030654267, 0.008852323359920033] and parameters: {'k1': 0.07573282902008706, 'D_low': 3507.515213502105, 'k2': 1.895375973243287e-05, 'D_high': 625838.668783032, 'fire_exp': 1.2465639280699068, 'P_half': 351.2704726270846, 'pre_dampen_half': 0.03333029838740256, 'gpp_af': 0.0023751383317256927, 'gpp_b': 1.3862179439161665e-05, 'gpp_d': 3.0023172465753074, 'ign_k': 0.04380580767905655, 'ign_c': 0.1254144753902608, 'trop_agb_crit': 13.365572767895445, 'trop_k_veg': 2.1085323608231485, 'fuel_k': 1.6460650207153917, 'fuel_half': 6.626468049070088}.
[I 2026-08-14 14:19:12,701] Trial 606 finished with values: [-0.4069801647627293, 1.2935367402766573e-06] and parameters: {'k1': 0.05554169083020911, 'D_low': 4.043300846639722, 'k2': 1.854837679096716e-05, 'D_high': 316055.11434645514, 'fire_exp': 1.182396148413737, 'P_half': 48.464976792190825, 'pre_dampen_half': 0.0195172246414495, 'gpp_af': 0.2077161282926346, 'gpp_b': 2.788681037423117, 'gpp_d': 2.292633983096564, 'ign_k': 0.04380580767905655, 'ign_c': 105.24574681335613, 'trop_agb_crit': 2.1775224101934065, 'trop_k_veg': 2.8224577471047865, 'fuel_k': 0.06382243375381637, 'fuel_half': 0.14319038307687884}.
[I 2026-08-14 14:19:14,590] Trial 607 finished with values: [-0.4808593449064838, 0.05208255167485998] and parameters: {'k1': 0.0024005553432620355, 'D_low': 2.0349553327469425, 'k2': 0.0009670857606743155, 'D_high': 625838.668783032, 'fire_exp': 1.1684565396540232, 'P_half': 351.2704726270846, 'pre_dampen_half': 0.10609580257119508, 'gpp_af': 0.008983355849178878, 'gpp_b': 1.3862179439161665e-05, 'gpp_d': 0.012284844784580964, 'ign_k': 0.567034633562729, 'ign_c': 0.18316165443932733, 'trop_agb_crit': 13.365572767895445, 'trop_k_veg': 2.96469974704069, 'fuel_k': 1.6460650207153917, 'fuel_half': 12.136386887218588}.
[I 2026-08-14 14:19:16,458] Trial 608 finished with values: [-0.4173416908057618, 0.00019891208080780043] and parameters: {'k1': 5.325873749322162e-05, 'D_low': 1.7887890916820506, 'k2': 1.4363112408604443e-05, 'D_high': 160625.60954780428, 'fire_exp': 1.7973831035976209, 'P_half': 3910.3637457741784, 'pre_dampen_half': 0.03426913908389044, 'gpp_af': 0.16983565276584273, 'gpp_b': 1.6569065206637924e-05, 'gpp_d': 3.0023172465753074, 'ign_k': 0.03141110271934876, 'ign_c': 3.0378658251922155, 'trop_agb_crit': 13.98132484257899, 'trop_k_veg': 4.599337386928772, 'fuel_k': 1.6630228777630973, 'fuel_half': 0.30455368715396786}.
[I 2026-08-14 14:19:18,411] Trial 609 finished with values: [-0.3554625854118624, 0.0] and parameters: {'k1': 0.0004688858519834985, 'D_low': 367.4904945305323, 'k2': 0.0009670857606743155, 'D_high': 44.39648242927527, 'fire_exp': 2.26267489175816, 'P_half': 343.5759946100352, 'pre_dampen_half': 0.011501973785501987, 'gpp_af': 0.0023751383317256927, 'gpp_b': 1.1728753685919104, 'gpp_d': 8.144272585223819, 'ign_k': 0.0012087541473056963, 'ign_c': 0.7464754881442118, 'trop_agb_crit': 2.1775224101934065, 'trop_k_veg': 2.8224577471047865, 'fuel_k': 0.06382243375381637, 'fuel_half': 12.136386887218588}.
[I 2026-08-14 14:19:20,277] Trial 610 finished with values: [-0.3932538169675074, 1.7557926224043285e-09] and parameters: {'k1': 0.0029282035181080004, 'D_low': 9.222492453004657, 'k2': 1.263794633808287e-05, 'D_high': 16.752866684650684, 'fire_exp': 1.075051292556307, 'P_half': 1535.1441568398143, 'pre_dampen_half': 0.10609580257119508, 'gpp_af': 0.0023751383317256927, 'gpp_b': 2.788681037423117, 'gpp_d': 0.06888046676681166, 'ign_k': 0.04380580767905655, 'ign_c': 105.24574681335613, 'trop_agb_crit': 2.1775224101934065, 'trop_k_veg': 0.6921865222804094, 'fuel_k': 1.6630228777630973, 'fuel_half': 3.7093134348291836}.
[I 2026-08-14 14:19:22,179] Trial 611 finished with values: [-0.4704207152346155, 0.017732512226656616] and parameters: {'k1': 0.00040091494283268605, 'D_low': 126.11058927054879, 'k2': 0.006051580666890612, 'D_high': 316055.11434645514, 'fire_exp': 1.9439887028475722, 'P_half': 8.606931125089957, 'pre_dampen_half': 0.10609580257119508, 'gpp_af': 0.0876577878178163, 'gpp_b': 0.004922228103935987, 'gpp_d': 8.144272585223819, 'ign_k': 0.567034633562729, 'ign_c': 0.18316165443932733, 'trop_agb_crit': 2.3118820898020997, 'trop_k_veg': 2.8224577471047865, 'fuel_k': 0.021123235354472927, 'fuel_half': 0.3995528014939306}.
[I 2026-08-14 14:19:24,060] Trial 612 finished with values: [-0.3554625854118624, 0.0] and parameters: {'k1': 6.069662445477729e-05, 'D_low': 367.4904945305323, 'k2': 1.3243445838637965e-05, 'D_high': 12.862664853393753, 'fire_exp': 1.2429193829348841, 'P_half': 7683.876502998063, 'pre_dampen_half': 0.03411860497758073, 'gpp_af': 0.0023751383317256927, 'gpp_b': 0.4168322557207811, 'gpp_d': 2.292633983096564, 'ign_k': 0.31014294272127446, 'ign_c': 105.24574681335613, 'trop_agb_crit': 20.205002815711154, 'trop_k_veg': 2.1816482703680733, 'fuel_k': 0.28630931797361614, 'fuel_half': 12.136386887218588}.
[I 2026-08-14 14:19:25,924] Trial 613 finished with values: [-0.4081109076365612, 5.277978971540698e-06] and parameters: {'k1': 1.8595266457134027e-05, 'D_low': 14787.382840410779, 'k2': 1.263794633808287e-05, 'D_high': 316055.11434645514, 'fire_exp': 1.6214575867079866, 'P_half': 351.2704726270846, 'pre_dampen_half': 0.03411860497758073, 'gpp_af': 0.0023751383317256927, 'gpp_b': 0.03103333227753725, 'gpp_d': 8.144272585223819, 'ign_k': 0.04380580767905655, 'ign_c': 0.19678273362633986, 'trop_agb_crit': 2.1775224101934065, 'trop_k_veg': 2.8224577471047865, 'fuel_k': 1.6460650207153917, 'fuel_half': 0.30455368715396786}.
[I 2026-08-14 14:19:28,144] Trial 614 finished with values: [-0.38945681565062984, 6.910491764144933e-05] and parameters: {'k1': 0.05554169083020911, 'D_low': 28.331534346441074, 'k2': 1.854837679096716e-05, 'D_high': 17380.869053354756, 'fire_exp': 1.6214575867079866, 'P_half': 3910.3637457741784, 'pre_dampen_half': 0.0195172246414495, 'gpp_af': 25.14174619025931, 'gpp_b': 0.010847560307977218, 'gpp_d': 2.292633983096564, 'ign_k': 0.026539376439360548, 'ign_c': 0.21947742689197342, 'trop_agb_crit': 16.86264052240002, 'trop_k_veg': 1.7570501127699654, 'fuel_k': 0.6430367245299113, 'fuel_half': 15.581254655530845}.
[I 2026-08-14 14:19:30,030] Trial 615 finished with values: [-0.4074524731462562, 2.7972446354773695e-06] and parameters: {'k1': 6.069662445477729e-05, 'D_low': 2.0349553327469425, 'k2': 2.5299503921303695e-05, 'D_high': 15766.91474499966, 'fire_exp': 1.7973831035976209, 'P_half': 4.961134450191397, 'pre_dampen_half': 0.03426913908389044, 'gpp_af': 0.16983565276584273, 'gpp_b': 1.1728753685919104, 'gpp_d': 3.0023172465753074, 'ign_k': 0.03141110271934876, 'ign_c': 3.0378658251922155, 'trop_agb_crit': 15.53776736258787, 'trop_k_veg': 4.844706510617515, 'fuel_k': 0.029111707920759254, 'fuel_half': 35.2847426865637}.
[I 2026-08-14 14:19:31,876] Trial 616 finished with values: [-0.37089537365391667, 2.0066204253765818e-10] and parameters: {'k1': 0.0012329098365270509, 'D_low': 4.043300846639722, 'k2': 1.854837679096716e-05, 'D_high': 316055.11434645514, 'fire_exp': 1.7973831035976209, 'P_half': 7683.876502998063, 'pre_dampen_half': 0.37306104754535907, 'gpp_af': 0.2077161282926346, 'gpp_b': 2.788681037423117, 'gpp_d': 5.1227685768715014, 'ign_k': 0.04380580767905655, 'ign_c': 105.24574681335613, 'trop_agb_crit': 1.7813653882411722, 'trop_k_veg': 3.715819581962784, 'fuel_k': 0.38480453452215246, 'fuel_half': 0.14319038307687884}.
[I 2026-08-14 14:19:34,374] Trial 617 finished with values: [-0.4071982237652577, 5.561512125562551e-05] and parameters: {'k1': 0.05554169083020911, 'D_low': 3735.16768760467, 'k2': 1.854837679096716e-05, 'D_high': 316055.11434645514, 'fire_exp': 1.6214575867079866, 'P_half': 351.2704726270846, 'pre_dampen_half': 0.03411860497758073, 'gpp_af': 0.008983355849178878, 'gpp_b': 0.03103333227753725, 'gpp_d': 314.6826989726468, 'ign_k': 0.567034633562729, 'ign_c': 0.18316165443932733, 'trop_agb_crit': 2.419699259862185, 'trop_k_veg': 1.128469461526162, 'fuel_k': 1.772261104101594, 'fuel_half': 2.100333410321807}.
[I 2026-08-14 14:19:36,320] Trial 618 finished with values: [-0.5099600231475045, 0.2267896041676688] and parameters: {'k1': 0.0003713474360443033, 'D_low': 367.4904945305323, 'k2': 0.0005708731724249573, 'D_high': 316055.11434645514, 'fire_exp': 1.075051292556307, 'P_half': 269.74113434525447, 'pre_dampen_half': 3.659675301686169, 'gpp_af': 0.34902252478382495, 'gpp_b': 0.0008830850218581542, 'gpp_d': 0.46239120540552414, 'ign_k': 0.04380580767905655, 'ign_c': 0.18316165443932733, 'trop_agb_crit': 2.1775224101934065, 'trop_k_veg': 0.6189606672462583, 'fuel_k': 0.06382243375381637, 'fuel_half': 2.100333410321807}.
[I 2026-08-14 14:19:38,207] Trial 619 finished with values: [-0.38469013686387715, 1.183905862234269e-09] and parameters: {'k1': 0.00040091494283268605, 'D_low': 2.0349553327469425, 'k2': 0.00019472216066157317, 'D_high': 316055.11434645514, 'fire_exp': 1.9439887028475722, 'P_half': 1938.3858782150498, 'pre_dampen_half': 0.03627422119926134, 'gpp_af': 0.030592049838223532, 'gpp_b': 1.1728753685919104, 'gpp_d': 0.01307253094873642, 'ign_k': 0.476373748459372, 'ign_c': 15.221840161091626, 'trop_agb_crit': 16.86264052240002, 'trop_k_veg': 3.4508425771776365, 'fuel_k': 5.486054129200969, 'fuel_half': 15.581254655530845}.
[I 2026-08-14 14:19:40,148] Trial 620 finished with values: [-0.3705447058077128, 1.003308547353754e-11] and parameters: {'k1': 0.0004688858519834985, 'D_low': 367.4904945305323, 'k2': 1.263794633808287e-05, 'D_high': 44.39648242927527, 'fire_exp': 1.2429193829348841, 'P_half': 48.464976792190825, 'pre_dampen_half': 0.011501973785501987, 'gpp_af': 0.0023751383317256927, 'gpp_b': 2.788681037423117, 'gpp_d': 8.144272585223819, 'ign_k': 0.04380580767905655, 'ign_c': 105.24574681335613, 'trop_agb_crit': 2.1775224101934065, 'trop_k_veg': 2.8224577471047865, 'fuel_k': 0.06382243375381637, 'fuel_half': 3.7093134348291836}.
[I 2026-08-14 14:19:42,026] Trial 621 finished with values: [-0.4599573262013424, 0.018290309088782042] and parameters: {'k1': 0.0010204225357677778, 'D_low': 4.043300846639722, 'k2': 0.00010939944910100016, 'D_high': 316055.11434645514, 'fire_exp': 3.27790247797386, 'P_half': 65.33684593224972, 'pre_dampen_half': 0.10609580257119508, 'gpp_af': 0.34902252478382495, 'gpp_b': 0.00024732964314480056, 'gpp_d': 2.292633983096564, 'ign_k': 0.18170401889219123, 'ign_c': 3.0378658251922155, 'trop_agb_crit': 13.98132484257899, 'trop_k_veg': 7.871057313180179, 'fuel_k': 1.6630228777630973, 'fuel_half': 10.013658413533488}.
[I 2026-08-14 14:19:44,214] Trial 622 finished with values: [-0.4142297228918169, 1.6522153050146926e-05] and parameters: {'k1': 0.0131638092522722, 'D_low': 105.0448464633852, 'k2': 0.00019472216066157317, 'D_high': 160625.60954780428, 'fire_exp': 1.7973831035976209, 'P_half': 1938.3858782150498, 'pre_dampen_half': 0.03426913908389044, 'gpp_af': 0.16983565276584273, 'gpp_b': 0.040428727350273294, 'gpp_d': 0.08139347272614299, 'ign_k': 0.03141110271934876, 'ign_c': 3.0378658251922155, 'trop_agb_crit': 9.497662537022913, 'trop_k_veg': 7.260694958828215, 'fuel_k': 0.02496045629458217, 'fuel_half': 35.2847426865637}.
[I 2026-08-14 14:19:46,092] Trial 623 finished with values: [-0.407795757125752, 4.510992307693584e-06] and parameters: {'k1': 0.0004688858519834985, 'D_low': 2221.7771924187964, 'k2': 1.263794633808287e-05, 'D_high': 44.39648242927527, 'fire_exp': 1.7973831035976209, 'P_half': 836.7621766169207, 'pre_dampen_half': 0.011501973785501987, 'gpp_af': 0.16983565276584273, 'gpp_b': 0.00012906175696809457, 'gpp_d': 8.144272585223819, 'ign_k': 0.03141110271934876, 'ign_c': 105.24574681335613, 'trop_agb_crit': 16.86264052240002, 'trop_k_veg': 7.260694958828215, 'fuel_k': 0.06382243375381637, 'fuel_half': 35.2847426865637}.
[I 2026-08-14 14:19:47,965] Trial 624 finished with values: [-0.4045278667159941, 3.3904851526322943e-07] and parameters: {'k1': 1.8595266457134027e-05, 'D_low': 9.222492453004657, 'k2': 1.263794633808287e-05, 'D_high': 6183.4901555164315, 'fire_exp': 1.6733848721157607, 'P_half': 351.2704726270846, 'pre_dampen_half': 0.03333029838740256, 'gpp_af': 0.0023751383317256927, 'gpp_b': 0.040428727350273294, 'gpp_d': 285.57196407381804, 'ign_k': 0.04380580767905655, 'ign_c': 0.1254144753902608, 'trop_agb_crit': 2.1775224101934065, 'trop_k_veg': 0.5907294205065723, 'fuel_k': 1.6630228777630973, 'fuel_half': 12.136386887218588}.
[I 2026-08-14 14:19:50,189] Trial 625 finished with values: [-0.46940958926127785, 0.005671511807639917] and parameters: {'k1': 0.07573282902008706, 'D_low': 3507.515213502105, 'k2': 1.854837679096716e-05, 'D_high': 625838.668783032, 'fire_exp': 1.2465639280699068, 'P_half': 351.2704726270846, 'pre_dampen_half': 0.03411860497758073, 'gpp_af': 0.34902252478382495, 'gpp_b': 0.03103333227753725, 'gpp_d': 3.0023172465753074, 'ign_k': 0.567034633562729, 'ign_c': 0.3296550135838091, 'trop_agb_crit': 13.365572767895445, 'trop_k_veg': 1.128469461526162, 'fuel_k': 1.6460650207153917, 'fuel_half': 0.30455368715396786}.
[I 2026-08-14 14:19:52,253] Trial 626 finished with values: [-0.3554625854118624, 0.0] and parameters: {'k1': 1.0477226564098276e-05, 'D_low': 2364.7263747938764, 'k2': 0.00010939944910100016, 'D_high': 160625.60954780428, 'fire_exp': 4.487053621524983, 'P_half': 1535.1441568398143, 'pre_dampen_half': 0.03333029838740256, 'gpp_af': 0.0023751383317256927, 'gpp_b': 0.07311344697279921, 'gpp_d': 285.57196407381804, 'ign_k': 0.04380580767905655, 'ign_c': 0.1254144753902608, 'trop_agb_crit': 2.1775224101934065, 'trop_k_veg': 0.6921865222804094, 'fuel_k': 1.6630228777630973, 'fuel_half': 12.136386887218588}.
[I 2026-08-14 14:19:54,159] Trial 627 finished with values: [-0.4049369788378859, 8.174970134167125e-08] and parameters: {'k1': 0.0012329098365270509, 'D_low': 9.222492453004657, 'k2': 1.854837679096716e-05, 'D_high': 5568672.881423475, 'fire_exp': 1.182396148413737, 'P_half': 7683.876502998063, 'pre_dampen_half': 0.0195172246414495, 'gpp_af': 0.0025511964576171086, 'gpp_b': 0.07311344697279921, 'gpp_d': 0.07525142212697536, 'ign_k': 0.04380580767905655, 'ign_c': 105.24574681335613, 'trop_agb_crit': 2.3118820898020997, 'trop_k_veg': 0.6921865222804094, 'fuel_k': 5.486054129200969, 'fuel_half': 0.14319038307687884}.
[I 2026-08-14 14:19:56,051] Trial 628 finished with values: [-0.4549333477077642, 0.03727939279227899] and parameters: {'k1': 1.0477226564098276e-05, 'D_low': 13804.775391932099, 'k2': 6.364067167735477e-05, 'D_high': 160625.60954780428, 'fire_exp': 1.2429193829348841, 'P_half': 65.33684593224972, 'pre_dampen_half': 0.15144408538724474, 'gpp_af': 0.0023751383317256927, 'gpp_b': 2.325239859823921e-05, 'gpp_d': 4.776815004752158, 'ign_k': 0.31014294272127446, 'ign_c': 0.1254144753902608, 'trop_agb_crit': 2.3118820898020997, 'trop_k_veg': 4.844706510617515, 'fuel_k': 1.6630228777630973, 'fuel_half': 12.136386887218588}.
[I 2026-08-14 14:19:57,903] Trial 629 finished with values: [-0.4153534288106167, 5.890133542241216e-05] and parameters: {'k1': 0.0131638092522722, 'D_low': 4.043300846639722, 'k2': 1.263794633808287e-05, 'D_high': 44.39648242927527, 'fire_exp': 1.7973831035976209, 'P_half': 351.2704726270846, 'pre_dampen_half': 0.37306104754535907, 'gpp_af': 0.34902252478382495, 'gpp_b': 0.00012906175696809457, 'gpp_d': 5.1227685768715014, 'ign_k': 0.03141110271934876, 'ign_c': 105.24574681335613, 'trop_agb_crit': 16.86264052240002, 'trop_k_veg': 0.6189606672462583, 'fuel_k': 0.06382243375381637, 'fuel_half': 35.2847426865637}.
[I 2026-08-14 14:19:59,861] Trial 630 finished with values: [-0.42286601031747184, 0.00054172903244043] and parameters: {'k1': 0.0131638092522722, 'D_low': 4.043300846639722, 'k2': 0.00010939944910100016, 'D_high': 160625.60954780428, 'fire_exp': 1.7973831035976209, 'P_half': 1938.3858782150498, 'pre_dampen_half': 0.03333029838740256, 'gpp_af': 0.008983355849178878, 'gpp_b': 0.00012906175696809457, 'gpp_d': 5.1227685768715014, 'ign_k': 0.47081597932501906, 'ign_c': 3.0378658251922155, 'trop_agb_crit': 2.3118820898020997, 'trop_k_veg': 3.1061628445647007, 'fuel_k': 5.486054129200969, 'fuel_half': 8.115041565366717}.
[I 2026-08-14 14:20:02,024] Trial 631 finished with values: [-0.3554625854118624, 0.0] and parameters: {'k1': 0.00014888230597983555, 'D_low': 3.8024078499986187, 'k2': 0.08636422432723088, 'D_high': 39079.671568228776, 'fire_exp': 6.64661557126371, 'P_half': 1938.3858782150498, 'pre_dampen_half': 0.043181981126981975, 'gpp_af': 6.940121430516967, 'gpp_b': 2.788681037423117, 'gpp_d': 3.0023172465753074, 'ign_k': 0.0012087541473056963, 'ign_c': 0.21947742689197342, 'trop_agb_crit': 1.1921754348704765, 'trop_k_veg': 3.1061628445647007, 'fuel_k': 0.013421538374693755, 'fuel_half': 0.35498788321965025}.
[I 2026-08-14 14:20:03,895] Trial 632 finished with values: [-0.39925524312448657, 4.240991591242249e-08] and parameters: {'k1': 0.0012329098365270509, 'D_low': 367.4904945305323, 'k2': 1.263794633808287e-05, 'D_high': 44.39648242927527, 'fire_exp': 1.6214575867079866, 'P_half': 351.2704726270846, 'pre_dampen_half': 0.37306104754535907, 'gpp_af': 0.34902252478382495, 'gpp_b': 2.788681037423117, 'gpp_d': 2.292633983096564, 'ign_k': 0.04380580767905655, 'ign_c': 105.24574681335613, 'trop_agb_crit': 13.98132484257899, 'trop_k_veg': 1.7428926895756525, 'fuel_k': 0.28630931797361614, 'fuel_half': 0.30455368715396786}.
