[I 2026-06-08 12:21:06,156] Trial 626 finished with values: [-0.487059109381923, 0.27891019014170226] and parameters: {'k1': 0.004312951023617458, 'D_low': 4.484744524732794, 'k2': 2.246290894032394e-05, 'D_high': 3712.591045287726, 'fire_exp': 1.0629462657398439, 'P_half': 220.3445560633069, 'pre_dampen_half': 107.40052367919465, 'gpp_af': 0.7539992074650279, 'gpp_b': 3.43926796010005e-05, 'gpp_d': 5.1715677287580455, 'ign_k': 0.0680787482656459, 'ign_c': 7.4063809263110905, 'trop_agb_crit': 3.2954785755570537, 'trop_k_veg': 1.4584243470991722}.
[I 2026-06-08 12:21:07,310] Trial 627 finished with values: [10.260149045830415, 10.260149045830415] and parameters: {'k1': 0.004312951023617458, 'D_low': 70.18267183720735, 'k2': 0.015763894361785387, 'D_high': 3712.591045287726, 'fire_exp': 1.7329145403564932, 'P_half': 5.076307782729897, 'pre_dampen_half': 107.40052367919465, 'gpp_af': 0.7539992074650279, 'gpp_b': 0.0021331409710300844, 'gpp_d': 29.749683811098393, 'ign_k': 0.010167079878196114, 'ign_c': 15.221840161091626, 'trop_agb_crit': 3.5747129226002423, 'trop_k_veg': 1.4584243470991722}.
[I 2026-06-08 12:21:08,499] Trial 628 finished with values: [10.227390201960237, 10.227390201960237] and parameters: {'k1': 0.03635503353478365, 'D_low': 4.484744524732794, 'k2': 0.0012040762895973265, 'D_high': 783.2259769732478, 'fire_exp': 1.0601964743503993, 'P_half': 5.29551022369202, 'pre_dampen_half': 107.40052367919465, 'gpp_af': 0.7539992074650279, 'gpp_b': 0.14577755664212386, 'gpp_d': 10.369565216756202, 'ign_k': 0.0043958167971197126, 'ign_c': 30.28574109895626, 'trop_agb_crit': 3.5747129226002423, 'trop_k_veg': 2.573214588078609}.
[I 2026-06-08 12:21:09,815] Trial 629 finished with values: [10.255724535886602, 10.255724535886602] and parameters: {'k1': 0.004312951023617458, 'D_low': 4.484744524732794, 'k2': 2.246290894032394e-05, 'D_high': 3712.591045287726, 'fire_exp': 1.3170256885255098, 'P_half': 1.4367266998250416, 'pre_dampen_half': 552.4163637315892, 'gpp_af': 0.7539992074650279, 'gpp_b': 3.481277316673104e-05, 'gpp_d': 0.04078961160746153, 'ign_k': 0.0680787482656459, 'ign_c': 0.70689749506246, 'trop_agb_crit': 3.2954785755570537, 'trop_k_veg': 1.7517490491468353}.
[I 2026-06-08 12:21:11,020] Trial 630 finished with values: [10.875181524476462, 10.875181524476462] and parameters: {'k1': 0.03635503353478365, 'D_low': 5438.762195226741, 'k2': 1.1065812688893481e-05, 'D_high': 3712.591045287726, 'fire_exp': 1.0601964743503993, 'P_half': 220.3445560633069, 'pre_dampen_half': 502.5175192217655, 'gpp_af': 0.7539992074650279, 'gpp_b': 0.0021331409710300844, 'gpp_d': 5.1715677287580455, 'ign_k': 0.5524095129928631, 'ign_c': 30.28574109895626, 'trop_agb_crit': 24.584290528289387, 'trop_k_veg': 1.4584243470991722}.
[I 2026-06-08 12:21:12,207] Trial 631 finished with values: [10.063452035337907, 10.063452035337907] and parameters: {'k1': 0.0001839180780558311, 'D_low': 64.39790863101601, 'k2': 0.001462400459012571, 'D_high': 3712.591045287726, 'fire_exp': 1.0601964743503993, 'P_half': 220.3445560633069, 'pre_dampen_half': 502.5175192217655, 'gpp_af': 0.7539992074650279, 'gpp_b': 0.011051185074931393, 'gpp_d': 16.460426816350523, 'ign_k': 0.0680787482656459, 'ign_c': 15.221840161091626, 'trop_agb_crit': 24.584290528289387, 'trop_k_veg': 0.5349971555643298}.
[I 2026-06-08 12:21:13,397] Trial 632 finished with values: [-0.543716616618554, 0.11103051300712496] and parameters: {'k1': 0.01889771394135163, 'D_low': 4.484744524732794, 'k2': 1.4665316366397004e-05, 'D_high': 2940.51756322311, 'fire_exp': 1.165368636520435, 'P_half': 4.213183643253957, 'pre_dampen_half': 107.40052367919465, 'gpp_af': 0.017199513788543352, 'gpp_b': 0.0005752434266899163, 'gpp_d': 84.31013932082456, 'ign_k': 8.708806168038567, 'ign_c': 15.221840161091626, 'trop_agb_crit': 7.500118950416987, 'trop_k_veg': 2.194427136482602}.
[I 2026-06-08 12:21:14,532] Trial 633 finished with values: [10.928719378348841, 10.928719378348841] and parameters: {'k1': 0.005272264723319183, 'D_low': 83.62695993649682, 'k2': 0.004149969043497543, 'D_high': 3712.591045287726, 'fire_exp': 1.0601964743503993, 'P_half': 5.076307782729897, 'pre_dampen_half': 107.40052367919465, 'gpp_af': 0.1476584299248268, 'gpp_b': 0.0005752434266899163, 'gpp_d': 5.1715677287580455, 'ign_k': 8.926311370835233, 'ign_c': 5.13055176058983, 'trop_agb_crit': 3.5747129226002423, 'trop_k_veg': 0.83140195149031}.
[I 2026-06-08 12:21:15,673] Trial 634 finished with values: [10.829515251014815, 10.829515251014815] and parameters: {'k1': 0.01889771394135163, 'D_low': 4.484744524732794, 'k2': 3.9207829763785736e-05, 'D_high': 1493.5213816355397, 'fire_exp': 1.0629462657398439, 'P_half': 4.213183643253957, 'pre_dampen_half': 107.40052367919465, 'gpp_af': 0.7539992074650279, 'gpp_b': 8.313439445310161, 'gpp_d': 84.31013932082456, 'ign_k': 0.0680787482656459, 'ign_c': 20.03995359361212, 'trop_agb_crit': 24.584290528289387, 'trop_k_veg': 2.194427136482602}.
[I 2026-06-08 12:21:16,768] Trial 635 finished with values: [10.443542751877613, 10.443542751877613] and parameters: {'k1': 0.004312951023617458, 'D_low': 355.00125258511594, 'k2': 2.246290894032394e-05, 'D_high': 42210.21267871043, 'fire_exp': 1.3170256885255098, 'P_half': 220.3445560633069, 'pre_dampen_half': 63.6685916079943, 'gpp_af': 0.2204465010099918, 'gpp_b': 0.0021331409710300844, 'gpp_d': 5.1715677287580455, 'ign_k': 0.0680787482656459, 'ign_c': 5.13055176058983, 'trop_agb_crit': 26.643872076082868, 'trop_k_veg': 2.520089655463604}.
[I 2026-06-08 12:21:17,974] Trial 636 finished with values: [10.842428835303528, 10.842428835303528] and parameters: {'k1': 0.03635503353478365, 'D_low': 38.82837025280678, 'k2': 0.0012040762895973265, 'D_high': 25628.666000163565, 'fire_exp': 1.165368636520435, 'P_half': 220.3445560633069, 'pre_dampen_half': 0.010585220389440335, 'gpp_af': 1.965797948502807, 'gpp_b': 0.0021331409710300844, 'gpp_d': 5.1715677287580455, 'ign_k': 0.010939944910100021, 'ign_c': 30.28574109895626, 'trop_agb_crit': 10.965064494899984, 'trop_k_veg': 1.4584243470991722}.
[I 2026-06-08 12:21:19,243] Trial 637 finished with values: [-0.4815866827566075, 0.20318897323986584] and parameters: {'k1': 0.004312951023617458, 'D_low': 4.484744524732794, 'k2': 8.923807143379776e-05, 'D_high': 3712.591045287726, 'fire_exp': 1.3170256885255098, 'P_half': 220.3445560633069, 'pre_dampen_half': 552.4163637315892, 'gpp_af': 0.7539992074650279, 'gpp_b': 0.0021331409710300844, 'gpp_d': 5.1715677287580455, 'ign_k': 0.0680787482656459, 'ign_c': 0.70689749506246, 'trop_agb_crit': 24.584290528289387, 'trop_k_veg': 1.4584243470991722}.
[I 2026-06-08 12:21:20,397] Trial 638 finished with values: [-0.48807526295813497, 0.33305357334079744] and parameters: {'k1': 7.118997101275657e-05, 'D_low': 38.82837025280678, 'k2': 0.0012040762895973265, 'D_high': 61536.58035691648, 'fire_exp': 1.165368636520435, 'P_half': 12.808863354047988, 'pre_dampen_half': 107.40052367919465, 'gpp_af': 0.10409127568994281, 'gpp_b': 0.0005752434266899163, 'gpp_d': 5.1715677287580455, 'ign_k': 0.010939944910100021, 'ign_c': 5.13055176058983, 'trop_agb_crit': 3.5747129226002423, 'trop_k_veg': 0.83140195149031}.
[I 2026-06-08 12:21:21,511] Trial 639 finished with values: [-0.49230989419008003, 0.16799221326899916] and parameters: {'k1': 0.004312951023617458, 'D_low': 38.82837025280678, 'k2': 0.012758211164590085, 'D_high': 3712.591045287726, 'fire_exp': 1.0601964743503993, 'P_half': 220.3445560633069, 'pre_dampen_half': 502.5175192217655, 'gpp_af': 0.7539992074650279, 'gpp_b': 0.0005752434266899163, 'gpp_d': 10.369565216756202, 'ign_k': 0.0680787482656459, 'ign_c': 30.28574109895626, 'trop_agb_crit': 3.5747129226002423, 'trop_k_veg': 1.4584243470991722}.
[I 2026-06-08 12:21:22,629] Trial 640 finished with values: [10.60752285068973, 10.60752285068973] and parameters: {'k1': 0.06598741607403362, 'D_low': 64.39790863101601, 'k2': 0.012758211164590085, 'D_high': 61536.58035691648, 'fire_exp': 1.0601964743503993, 'P_half': 587.6331101080223, 'pre_dampen_half': 719.4083432823455, 'gpp_af': 0.7539992074650279, 'gpp_b': 0.0054502936945582505, 'gpp_d': 574.194366311956, 'ign_k': 0.36014695835220345, 'ign_c': 30.28574109895626, 'trop_agb_crit': 24.584290528289387, 'trop_k_veg': 3.517697529584014}.
[I 2026-06-08 12:21:23,820] Trial 641 finished with values: [-0.5173408818861264, 0.19437665012754157] and parameters: {'k1': 0.029626010885972713, 'D_low': 38.82837025280678, 'k2': 0.0006591123094840287, 'D_high': 3712.591045287726, 'fire_exp': 1.0601964743503993, 'P_half': 115.44738876452311, 'pre_dampen_half': 107.40052367919465, 'gpp_af': 0.1476584299248268, 'gpp_b': 0.0005752434266899163, 'gpp_d': 10.369565216756202, 'ign_k': 0.0315101491238403, 'ign_c': 30.28574109895626, 'trop_agb_crit': 3.5747129226002423, 'trop_k_veg': 3.49157152291552}.
[I 2026-06-08 12:21:24,961] Trial 642 finished with values: [10.88915607370249, 10.88915607370249] and parameters: {'k1': 0.004312951023617458, 'D_low': 4.484744524732794, 'k2': 0.0012040762895973265, 'D_high': 902.3734753282104, 'fire_exp': 4.643701096890353, 'P_half': 220.3445560633069, 'pre_dampen_half': 107.40052367919465, 'gpp_af': 0.7539992074650279, 'gpp_b': 0.0021331409710300844, 'gpp_d': 16.460426816350523, 'ign_k': 0.0680787482656459, 'ign_c': 5.13055176058983, 'trop_agb_crit': 1.14876138417489, 'trop_k_veg': 2.573214588078609}.
[I 2026-06-08 12:21:26,209] Trial 643 finished with values: [-0.48807526295813497, 0.33305357334079744] and parameters: {'k1': 7.118997101275657e-05, 'D_low': 38.82837025280678, 'k2': 0.0012040762895973265, 'D_high': 61536.58035691648, 'fire_exp': 1.165368636520435, 'P_half': 12.808863354047988, 'pre_dampen_half': 107.40052367919465, 'gpp_af': 0.10409127568994281, 'gpp_b': 0.0005752434266899163, 'gpp_d': 5.1715677287580455, 'ign_k': 0.010939944910100021, 'ign_c': 5.13055176058983, 'trop_agb_crit': 3.5747129226002423, 'trop_k_veg': 0.83140195149031}.
[I 2026-06-08 12:21:27,441] Trial 644 finished with values: [10.227312707235416, 10.227312707235416] and parameters: {'k1': 0.00031134168041628584, 'D_low': 34.459310919273356, 'k2': 1.1065812688893481e-05, 'D_high': 3712.591045287726, 'fire_exp': 1.0601964743503993, 'P_half': 220.3445560633069, 'pre_dampen_half': 502.5175192217655, 'gpp_af': 0.7539992074650279, 'gpp_b': 0.0021331409710300844, 'gpp_d': 16.460426816350523, 'ign_k': 2.1368329072358767, 'ign_c': 0.70689749506246, 'trop_agb_crit': 24.584290528289387, 'trop_k_veg': 1.4584243470991722}.
[I 2026-06-08 12:21:28,674] Trial 645 finished with values: [10.207927055185888, 10.207927055185888] and parameters: {'k1': 0.012840669372724958, 'D_low': 355.00125258511594, 'k2': 0.0012040762895973265, 'D_high': 42210.21267871043, 'fire_exp': 1.0601964743503993, 'P_half': 220.3445560633069, 'pre_dampen_half': 502.5175192217655, 'gpp_af': 0.017199513788543352, 'gpp_b': 0.0054502936945582505, 'gpp_d': 84.31013932082456, 'ign_k': 8.708806168038567, 'ign_c': 5.13055176058983, 'trop_agb_crit': 1.6079844205915728, 'trop_k_veg': 2.520089655463604}.
[I 2026-06-08 12:21:29,820] Trial 646 finished with values: [10.395333455095429, 10.395333455095429] and parameters: {'k1': 0.004312951023617458, 'D_low': 4.484744524732794, 'k2': 1.1065812688893481e-05, 'D_high': 13.179361165291603, 'fire_exp': 1.0601964743503993, 'P_half': 17.04981874323337, 'pre_dampen_half': 502.5175192217655, 'gpp_af': 0.7539992074650279, 'gpp_b': 0.0021331409710300844, 'gpp_d': 16.460426816350523, 'ign_k': 0.5524095129928631, 'ign_c': 15.221840161091626, 'trop_agb_crit': 24.584290528289387, 'trop_k_veg': 1.4584243470991722}.
[I 2026-06-08 12:21:31,093] Trial 647 finished with values: [10.35934393883689, 10.35934393883689] and parameters: {'k1': 7.118997101275657e-05, 'D_low': 38.82837025280678, 'k2': 0.0012040762895973265, 'D_high': 61536.58035691648, 'fire_exp': 1.165368636520435, 'P_half': 658.7536748686896, 'pre_dampen_half': 107.40052367919465, 'gpp_af': 0.10409127568994281, 'gpp_b': 0.0005752434266899163, 'gpp_d': 5.1715677287580455, 'ign_k': 0.010939944910100021, 'ign_c': 5.13055176058983, 'trop_agb_crit': 3.5747129226002423, 'trop_k_veg': 0.83140195149031}.
[I 2026-06-08 12:21:32,225] Trial 648 finished with values: [10.602424459043863, 10.602424459043863] and parameters: {'k1': 0.03635503353478365, 'D_low': 38.82837025280678, 'k2': 0.0012040762895973265, 'D_high': 64.1820830998748, 'fire_exp': 1.1430983876313219, 'P_half': 587.6331101080223, 'pre_dampen_half': 107.40052367919465, 'gpp_af': 0.7539992074650279, 'gpp_b': 0.0054502936945582505, 'gpp_d': 150.14555442537656, 'ign_k': 0.0315101491238403, 'ign_c': 1.2389052918551067, 'trop_agb_crit': 1.14876138417489, 'trop_k_veg': 2.573214588078609}.
[I 2026-06-08 12:21:33,608] Trial 649 finished with values: [10.847408319137385, 10.847408319137385] and parameters: {'k1': 0.012840669372724958, 'D_low': 355.00125258511594, 'k2': 1.1065812688893481e-05, 'D_high': 3712.591045287726, 'fire_exp': 1.3170256885255098, 'P_half': 523.1053126909052, 'pre_dampen_half': 502.5175192217655, 'gpp_af': 0.05511595477601767, 'gpp_b': 1.3289448722869181e-05, 'gpp_d': 10.369565216756202, 'ign_k': 0.0680787482656459, 'ign_c': 49.40031671739375, 'trop_agb_crit': 7.500118950416987, 'trop_k_veg': 3.869465953383845}.
[I 2026-06-08 12:21:34,860] Trial 650 finished with values: [10.639747443390435, 10.639747443390435] and parameters: {'k1': 0.004312951023617458, 'D_low': 64.39790863101601, 'k2': 0.0012040762895973265, 'D_high': 2940.51756322311, 'fire_exp': 1.3170256885255098, 'P_half': 5.232779509048979, 'pre_dampen_half': 502.5175192217655, 'gpp_af': 0.7539992074650279, 'gpp_b': 0.0021331409710300844, 'gpp_d': 660.9129108295722, 'ign_k': 0.0315101491238403, 'ign_c': 7.4063809263110905, 'trop_agb_crit': 24.584290528289387, 'trop_k_veg': 6.9782110227926815}.
[I 2026-06-08 12:21:36,012] Trial 651 finished with values: [10.87448546826017, 10.87448546826017] and parameters: {'k1': 0.008287522363768155, 'D_low': 64.39790863101601, 'k2': 0.012758211164590085, 'D_high': 42210.21267871043, 'fire_exp': 1.3170256885255098, 'P_half': 7579.633113316125, 'pre_dampen_half': 719.4083432823455, 'gpp_af': 0.7539992074650279, 'gpp_b': 0.0021331409710300844, 'gpp_d': 0.02947837769137004, 'ign_k': 0.0680787482656459, 'ign_c': 1.2389052918551067, 'trop_agb_crit': 24.584290528289387, 'trop_k_veg': 3.517697529584014}.
[I 2026-06-08 12:21:37,120] Trial 652 finished with values: [10.619611919501546, 10.619611919501546] and parameters: {'k1': 0.01889771394135163, 'D_low': 490.2396944106614, 'k2': 0.0012040762895973265, 'D_high': 1493.5213816355397, 'fire_exp': 1.165368636520435, 'P_half': 4.213183643253957, 'pre_dampen_half': 107.40052367919465, 'gpp_af': 0.10409127568994281, 'gpp_b': 0.0021331409710300844, 'gpp_d': 84.31013932082456, 'ign_k': 0.0680787482656459, 'ign_c': 15.221840161091626, 'trop_agb_crit': 7.500118950416987, 'trop_k_veg': 1.4584243470991722}.
[I 2026-06-08 12:21:38,277] Trial 653 finished with values: [-0.5292921481254593, 0.18089880868060304] and parameters: {'k1': 0.008287522363768155, 'D_low': 64.39790863101601, 'k2': 0.001462400459012571, 'D_high': 42210.21267871043, 'fire_exp': 1.3170256885255098, 'P_half': 220.3445560633069, 'pre_dampen_half': 63.6685916079943, 'gpp_af': 0.2204465010099918, 'gpp_b': 0.0021331409710300844, 'gpp_d': 14.792055086678463, 'ign_k': 0.0680787482656459, 'ign_c': 5.13055176058983, 'trop_agb_crit': 24.584290528289387, 'trop_k_veg': 0.5349971555643298}.
[I 2026-06-08 12:21:39,445] Trial 654 finished with values: [10.07191294159319, 10.07191294159319] and parameters: {'k1': 0.008471801418819975, 'D_low': 2.143851363193517, 'k2': 1.1065812688893481e-05, 'D_high': 2940.51756322311, 'fire_exp': 1.1430983876313219, 'P_half': 56.22114524476698, 'pre_dampen_half': 107.40052367919465, 'gpp_af': 1.9706963379095486, 'gpp_b': 1.3289448722869181e-05, 'gpp_d': 10.369565216756202, 'ign_k': 8.708806168038567, 'ign_c': 15.221840161091626, 'trop_agb_crit': 24.584290528289387, 'trop_k_veg': 0.83140195149031}.
[I 2026-06-08 12:21:40,601] Trial 655 finished with values: [-0.4579010814507492, 0.23533301081313274] and parameters: {'k1': 0.03635503353478365, 'D_low': 38.82837025280678, 'k2': 1.1065812688893481e-05, 'D_high': 2940.51756322311, 'fire_exp': 1.0601964743503993, 'P_half': 220.3445560633069, 'pre_dampen_half': 502.5175192217655, 'gpp_af': 6.155035361040188, 'gpp_b': 0.0021331409710300844, 'gpp_d': 16.460426816350523, 'ign_k': 0.010939944910100021, 'ign_c': 15.221840161091626, 'trop_agb_crit': 25.382873076016292, 'trop_k_veg': 1.4584243470991722}.
[I 2026-06-08 12:21:41,818] Trial 656 finished with values: [10.368890225991658, 10.368890225991658] and parameters: {'k1': 0.008912611835817005, 'D_low': 355.00125258511594, 'k2': 0.0012040762895973265, 'D_high': 3712.591045287726, 'fire_exp': 1.3170256885255098, 'P_half': 220.3445560633069, 'pre_dampen_half': 502.5175192217655, 'gpp_af': 0.16548212780922, 'gpp_b': 0.0021331409710300844, 'gpp_d': 10.369565216756202, 'ign_k': 0.0680787482656459, 'ign_c': 15.221840161091626, 'trop_agb_crit': 24.584290528289387, 'trop_k_veg': 0.5349971555643298}.
[I 2026-06-08 12:21:42,973] Trial 657 finished with values: [10.49349641910586, 10.49349641910586] and parameters: {'k1': 0.029687184908302574, 'D_low': 38.82837025280678, 'k2': 7.914423612155373e-05, 'D_high': 1493.5213816355397, 'fire_exp': 1.3170256885255098, 'P_half': 4.213183643253957, 'pre_dampen_half': 107.40052367919465, 'gpp_af': 6.155035361040188, 'gpp_b': 1.4540386644083135e-05, 'gpp_d': 84.31013932082456, 'ign_k': 8.708806168038567, 'ign_c': 0.14551749476072262, 'trop_agb_crit': 7.500118950416987, 'trop_k_veg': 3.1473758868965476}.
[I 2026-06-08 12:21:44,160] Trial 658 finished with values: [10.006921183976775, 10.006921183976775] and parameters: {'k1': 0.008471801418819975, 'D_low': 2.143851363193517, 'k2': 0.012758211164590085, 'D_high': 2940.51756322311, 'fire_exp': 1.165368636520435, 'P_half': 12.808863354047988, 'pre_dampen_half': 107.40052367919465, 'gpp_af': 0.1476584299248268, 'gpp_b': 0.0005752434266899163, 'gpp_d': 10.369565216756202, 'ign_k': 8.708806168038567, 'ign_c': 20.03995359361212, 'trop_agb_crit': 3.5747129226002423, 'trop_k_veg': 6.2065960186008615}.
[I 2026-06-08 12:21:45,278] Trial 659 finished with values: [-0.48807526295813497, 0.33305357334079744] and parameters: {'k1': 7.118997101275657e-05, 'D_low': 38.82837025280678, 'k2': 0.0012040762895973265, 'D_high': 61536.58035691648, 'fire_exp': 1.165368636520435, 'P_half': 12.808863354047988, 'pre_dampen_half': 107.40052367919465, 'gpp_af': 0.10409127568994281, 'gpp_b': 0.0005752434266899163, 'gpp_d': 5.1715677287580455, 'ign_k': 0.010939944910100021, 'ign_c': 5.13055176058983, 'trop_agb_crit': 3.5747129226002423, 'trop_k_veg': 0.83140195149031}.
[I 2026-06-08 12:21:46,440] Trial 660 finished with values: [10.368097108889774, 10.368097108889774] and parameters: {'k1': 0.01889771394135163, 'D_low': 1.3577269394141454, 'k2': 0.0012040762895973265, 'D_high': 3712.591045287726, 'fire_exp': 1.165368636520435, 'P_half': 220.3445560633069, 'pre_dampen_half': 552.4163637315892, 'gpp_af': 0.10409127568994281, 'gpp_b': 0.0005752434266899163, 'gpp_d': 29.749683811098393, 'ign_k': 8.708806168038567, 'ign_c': 20.03995359361212, 'trop_agb_crit': 7.500118950416987, 'trop_k_veg': 2.194427136482602}.
[I 2026-06-08 12:21:47,642] Trial 661 finished with values: [10.381143848557699, 10.381143848557699] and parameters: {'k1': 0.03635503353478365, 'D_low': 38.82837025280678, 'k2': 1.915468390724633e-05, 'D_high': 645.2946500764235, 'fire_exp': 1.5036604936020428, 'P_half': 4.213183643253957, 'pre_dampen_half': 241.69519319206728, 'gpp_af': 0.7539992074650279, 'gpp_b': 1.3575045977280317e-05, 'gpp_d': 0.41500286580679413, 'ign_k': 0.010167079878196114, 'ign_c': 0.14551749476072262, 'trop_agb_crit': 1.0903028125370984, 'trop_k_veg': 3.1473758868965476}.
[I 2026-06-08 12:21:48,895] Trial 662 finished with values: [10.102817412152234, 10.102817412152234] and parameters: {'k1': 0.004312951023617458, 'D_low': 77.31571570012609, 'k2': 1.1065812688893481e-05, 'D_high': 3712.591045287726, 'fire_exp': 1.0601964743503993, 'P_half': 220.3445560633069, 'pre_dampen_half': 502.5175192217655, 'gpp_af': 1.200191344086032, 'gpp_b': 0.0021331409710300844, 'gpp_d': 150.14555442537656, 'ign_k': 0.5524095129928631, 'ign_c': 15.221840161091626, 'trop_agb_crit': 24.584290528289387, 'trop_k_veg': 1.4584243470991722}.
[I 2026-06-08 12:21:50,099] Trial 663 finished with values: [10.26759217772169, 10.26759217772169] and parameters: {'k1': 0.004312951023617458, 'D_low': 38.82837025280678, 'k2': 1.915468390724633e-05, 'D_high': 3712.591045287726, 'fire_exp': 1.0629462657398439, 'P_half': 220.3445560633069, 'pre_dampen_half': 502.5175192217655, 'gpp_af': 0.7539992074650279, 'gpp_b': 0.0005752434266899163, 'gpp_d': 10.369565216756202, 'ign_k': 0.0680787482656459, 'ign_c': 30.28574109895626, 'trop_agb_crit': 24.584290528289387, 'trop_k_veg': 1.4584243470991722}.
[I 2026-06-08 12:21:51,425] Trial 664 finished with values: [10.226879776490675, 10.226879776490675] and parameters: {'k1': 0.01889771394135163, 'D_low': 38.82837025280678, 'k2': 0.012758211164590085, 'D_high': 3712.591045287726, 'fire_exp': 1.0601964743503993, 'P_half': 4.213183643253957, 'pre_dampen_half': 107.40052367919465, 'gpp_af': 0.1476584299248268, 'gpp_b': 0.0005752434266899163, 'gpp_d': 10.369565216756202, 'ign_k': 8.708806168038567, 'ign_c': 20.03995359361212, 'trop_agb_crit': 7.500118950416987, 'trop_k_veg': 2.194427136482602}.
