[I 2026-06-08 12:48:29,625] Trial 1959 finished with values: [10.189162853734171, 10.189162853734171] and parameters: {'k1': 9.692025317086796e-05, 'D_low': 70.18267183720735, 'k2': 0.012758211164590085, 'D_high': 2940.51756322311, 'fire_exp': 1.165368636520435, 'P_half': 12.808863354047988, 'pre_dampen_half': 107.40052367919465, 'gpp_af': 0.017199513788543352, 'gpp_b': 0.0005752434266899163, 'gpp_d': 660.9129108295722, 'ign_k': 8.708806168038567, 'ign_c': 20.03995359361212, 'trop_agb_crit': 7.500118950416987, 'trop_k_veg': 1.9136251809204918}.
[I 2026-06-08 12:48:30,768] Trial 1960 finished with values: [-0.5943874193691218, 0.046873966612118734] and parameters: {'k1': 0.03635503353478365, 'D_low': 1.9623826481168343, 'k2': 0.04333919331865372, 'D_high': 1493.5213816355397, 'fire_exp': 1.165368636520435, 'P_half': 4.213183643253957, 'pre_dampen_half': 107.40052367919465, 'gpp_af': 0.10409127568994281, 'gpp_b': 0.0005752434266899163, 'gpp_d': 660.9129108295722, 'ign_k': 8.708806168038567, 'ign_c': 20.03995359361212, 'trop_agb_crit': 3.5747129226002423, 'trop_k_veg': 2.194427136482602}.
[I 2026-06-08 12:48:32,631] Trial 1961 finished with values: [10.398505578729708, 10.398505578729708] and parameters: {'k1': 0.03635503353478365, 'D_low': 70.18267183720735, 'k2': 0.012758211164590085, 'D_high': 1493.5213816355397, 'fire_exp': 1.165368636520435, 'P_half': 976.7369701932012, 'pre_dampen_half': 107.40052367919465, 'gpp_af': 0.1476584299248268, 'gpp_b': 0.0005752434266899163, 'gpp_d': 660.9129108295722, 'ign_k': 8.708806168038567, 'ign_c': 20.03995359361212, 'trop_agb_crit': 3.5747129226002423, 'trop_k_veg': 2.194427136482602}.
[I 2026-06-08 12:48:33,913] Trial 1962 finished with values: [-0.5677820144194509, 0.06896928832895777] and parameters: {'k1': 0.01889771394135163, 'D_low': 2.143851363193517, 'k2': 0.012758211164590085, 'D_high': 785.6684500210408, 'fire_exp': 1.165368636520435, 'P_half': 4.213183643253957, 'pre_dampen_half': 107.40052367919465, 'gpp_af': 0.1476584299248268, 'gpp_b': 0.0005752434266899163, 'gpp_d': 660.9129108295722, 'ign_k': 8.708806168038567, 'ign_c': 20.03995359361212, 'trop_agb_crit': 7.500118950416987, 'trop_k_veg': 0.5869777805777372}.
[I 2026-06-08 12:48:35,088] Trial 1963 finished with values: [-0.5944553806410988, 0.060020128477937806] and parameters: {'k1': 0.06778899634107467, 'D_low': 52.44744178276729, 'k2': 0.012758211164590085, 'D_high': 3658.5185277368187, 'fire_exp': 1.165368636520435, 'P_half': 4.213183643253957, 'pre_dampen_half': 107.40052367919465, 'gpp_af': 0.10409127568994281, 'gpp_b': 0.0005752434266899163, 'gpp_d': 660.9129108295722, 'ign_k': 8.708806168038567, 'ign_c': 20.03995359361212, 'trop_agb_crit': 3.5747129226002423, 'trop_k_veg': 6.825322786934288}.
[I 2026-06-08 12:48:36,269] Trial 1964 finished with values: [-0.5891246920763351, 0.03816768095762457] and parameters: {'k1': 0.01889771394135163, 'D_low': 70.18267183720735, 'k2': 0.012758211164590085, 'D_high': 1493.5213816355397, 'fire_exp': 1.165368636520435, 'P_half': 4.213183643253957, 'pre_dampen_half': 107.40052367919465, 'gpp_af': 0.1476584299248268, 'gpp_b': 0.0005752434266899163, 'gpp_d': 660.9129108295722, 'ign_k': 8.708806168038567, 'ign_c': 20.03995359361212, 'trop_agb_crit': 3.5747129226002423, 'trop_k_veg': 5.233860299050363}.
[I 2026-06-08 12:48:37,398] Trial 1965 finished with values: [-0.5904027905626414, 0.07021974496178462] and parameters: {'k1': 0.03635503353478365, 'D_low': 1.0520180629652964, 'k2': 0.04333919331865372, 'D_high': 1493.5213816355397, 'fire_exp': 1.165368636520435, 'P_half': 4.213183643253957, 'pre_dampen_half': 107.40052367919465, 'gpp_af': 8.432332356869733, 'gpp_b': 0.0005752434266899163, 'gpp_d': 84.31013932082456, 'ign_k': 8.708806168038567, 'ign_c': 20.03995359361212, 'trop_agb_crit': 3.5747129226002423, 'trop_k_veg': 2.194427136482602}.
[I 2026-06-08 12:48:38,541] Trial 1966 finished with values: [-0.5774639506735758, 0.043763458782235976] and parameters: {'k1': 0.008471801418819975, 'D_low': 2.143851363193517, 'k2': 0.012758211164590085, 'D_high': 1493.5213816355397, 'fire_exp': 1.165368636520435, 'P_half': 2.1570307680573153, 'pre_dampen_half': 904.9810968888283, 'gpp_af': 0.10409127568994281, 'gpp_b': 0.018488173020145254, 'gpp_d': 21.828476026538596, 'ign_k': 8.708806168038567, 'ign_c': 20.03995359361212, 'trop_agb_crit': 3.5747129226002423, 'trop_k_veg': 2.194427136482602}.
[I 2026-06-08 12:48:39,783] Trial 1967 finished with values: [10.218232977798463, 10.218232977798463] and parameters: {'k1': 0.01889771394135163, 'D_low': 1.4960850709142384, 'k2': 0.012758211164590085, 'D_high': 1493.5213816355397, 'fire_exp': 1.165368636520435, 'P_half': 12.808863354047988, 'pre_dampen_half': 107.40052367919465, 'gpp_af': 0.1476584299248268, 'gpp_b': 0.0005752434266899163, 'gpp_d': 84.31013932082456, 'ign_k': 8.708806168038567, 'ign_c': 20.03995359361212, 'trop_agb_crit': 26.431730254618007, 'trop_k_veg': 2.194427136482602}.
[I 2026-06-08 12:48:40,955] Trial 1968 finished with values: [10.266900974112035, 10.266900974112035] and parameters: {'k1': 0.03635503353478365, 'D_low': 70.18267183720735, 'k2': 0.012758211164590085, 'D_high': 1493.5213816355397, 'fire_exp': 1.165368636520435, 'P_half': 4.213183643253957, 'pre_dampen_half': 107.40052367919465, 'gpp_af': 0.002387949856983284, 'gpp_b': 0.0005752434266899163, 'gpp_d': 660.9129108295722, 'ign_k': 8.708806168038567, 'ign_c': 20.03995359361212, 'trop_agb_crit': 3.5747129226002423, 'trop_k_veg': 4.199654121293249}.
[I 2026-06-08 12:48:42,108] Trial 1969 finished with values: [10.060198022191589, 10.060198022191589] and parameters: {'k1': 0.008471801418819975, 'D_low': 70.18267183720735, 'k2': 0.012758211164590085, 'D_high': 2940.51756322311, 'fire_exp': 1.165368636520435, 'P_half': 220.3445560633069, 'pre_dampen_half': 107.40052367919465, 'gpp_af': 0.10409127568994281, 'gpp_b': 0.0005752434266899163, 'gpp_d': 2.894858897509171, 'ign_k': 8.708806168038567, 'ign_c': 20.03995359361212, 'trop_agb_crit': 3.5747129226002423, 'trop_k_veg': 2.194427136482602}.
[I 2026-06-08 12:48:43,215] Trial 1970 finished with values: [10.147763798396868, 10.147763798396868] and parameters: {'k1': 0.0002902170966238275, 'D_low': 70.18267183720735, 'k2': 0.012758211164590085, 'D_high': 1493.5213816355397, 'fire_exp': 1.165368636520435, 'P_half': 2.0445481304689883, 'pre_dampen_half': 107.40052367919465, 'gpp_af': 0.1476584299248268, 'gpp_b': 0.0005752434266899163, 'gpp_d': 660.9129108295722, 'ign_k': 8.708806168038567, 'ign_c': 20.03995359361212, 'trop_agb_crit': 7.500118950416987, 'trop_k_veg': 2.194427136482602}.
[I 2026-06-08 12:48:44,447] Trial 1971 finished with values: [10.062956336986604, 10.062956336986604] and parameters: {'k1': 0.01889771394135163, 'D_low': 32.83796190364696, 'k2': 0.012758211164590085, 'D_high': 2940.51756322311, 'fire_exp': 1.6802784907025874, 'P_half': 12.808863354047988, 'pre_dampen_half': 107.40052367919465, 'gpp_af': 0.05511595477601767, 'gpp_b': 0.0005752434266899163, 'gpp_d': 10.369565216756202, 'ign_k': 8.708806168038567, 'ign_c': 20.03995359361212, 'trop_agb_crit': 3.5747129226002423, 'trop_k_veg': 2.194427136482602}.
[I 2026-06-08 12:48:45,587] Trial 1972 finished with values: [-0.5960191095175614, 0.047386427152069865] and parameters: {'k1': 0.01889771394135163, 'D_low': 2.143851363193517, 'k2': 0.012758211164590085, 'D_high': 1493.5213816355397, 'fire_exp': 1.165368636520435, 'P_half': 4.213183643253957, 'pre_dampen_half': 107.40052367919465, 'gpp_af': 0.1476584299248268, 'gpp_b': 0.0005752434266899163, 'gpp_d': 660.9129108295722, 'ign_k': 8.708806168038567, 'ign_c': 20.03995359361212, 'trop_agb_crit': 3.5747129226002423, 'trop_k_veg': 2.194427136482602}.
[I 2026-06-08 12:48:46,748] Trial 1973 finished with values: [10.448839181144043, 10.448839181144043] and parameters: {'k1': 0.01889771394135163, 'D_low': 70.18267183720735, 'k2': 6.072008020371329e-05, 'D_high': 1493.5213816355397, 'fire_exp': 1.165368636520435, 'P_half': 12.808863354047988, 'pre_dampen_half': 107.40052367919465, 'gpp_af': 0.026385812054113177, 'gpp_b': 0.0005752434266899163, 'gpp_d': 0.05058418352349211, 'ign_k': 8.708806168038567, 'ign_c': 20.03995359361212, 'trop_agb_crit': 7.500118950416987, 'trop_k_veg': 6.9782110227926815}.
[I 2026-06-08 12:48:47,964] Trial 1974 finished with values: [10.009207061588482, 10.009207061588482] and parameters: {'k1': 0.008471801418819975, 'D_low': 1.9623826481168343, 'k2': 0.012758211164590085, 'D_high': 1493.5213816355397, 'fire_exp': 1.165368636520435, 'P_half': 220.3445560633069, 'pre_dampen_half': 502.5175192217655, 'gpp_af': 0.1476584299248268, 'gpp_b': 0.0005752434266899163, 'gpp_d': 10.369565216756202, 'ign_k': 8.708806168038567, 'ign_c': 20.03995359361212, 'trop_agb_crit': 3.5747129226002423, 'trop_k_veg': 2.194427136482602}.
[I 2026-06-08 12:48:49,199] Trial 1975 finished with values: [10.783221341919369, 10.783221341919369] and parameters: {'k1': 0.03635503353478365, 'D_low': 1.9623826481168343, 'k2': 0.04333919331865372, 'D_high': 1493.5213816355397, 'fire_exp': 1.165368636520435, 'P_half': 308.7838417937116, 'pre_dampen_half': 107.40052367919465, 'gpp_af': 0.10409127568994281, 'gpp_b': 0.4874511894680499, 'gpp_d': 660.9129108295722, 'ign_k': 0.20568072651917788, 'ign_c': 20.03995359361212, 'trop_agb_crit': 3.5747129226002423, 'trop_k_veg': 2.194427136482602}.
[I 2026-06-08 12:48:50,337] Trial 1976 finished with values: [-0.5863291252024952, 0.03787049518939012] and parameters: {'k1': 0.03635503353478365, 'D_low': 2.143851363193517, 'k2': 0.012758211164590085, 'D_high': 1493.5213816355397, 'fire_exp': 1.165368636520435, 'P_half': 2.1570307680573153, 'pre_dampen_half': 107.40052367919465, 'gpp_af': 0.017199513788543352, 'gpp_b': 0.0005752434266899163, 'gpp_d': 32.59634197484904, 'ign_k': 8.708806168038567, 'ign_c': 20.03995359361212, 'trop_agb_crit': 3.5747129226002423, 'trop_k_veg': 2.194427136482602}.
[I 2026-06-08 12:48:51,428] Trial 1977 finished with values: [-0.5854220233689047, 0.037359538061494835] and parameters: {'k1': 0.03635503353478365, 'D_low': 3.8712466126191103, 'k2': 0.017558810011286733, 'D_high': 1493.5213816355397, 'fire_exp': 1.165368636520435, 'P_half': 12.808863354047988, 'pre_dampen_half': 107.40052367919465, 'gpp_af': 0.017199513788543352, 'gpp_b': 0.0005752434266899163, 'gpp_d': 32.59634197484904, 'ign_k': 8.708806168038567, 'ign_c': 20.03995359361212, 'trop_agb_crit': 3.5747129226002423, 'trop_k_veg': 2.1104394500982346}.
[setup] CRUJRA climate from data/crujra/, GPP from global_baseline_modelC_inputs_1997-2016.nc ...
[setup] loading GFED5 reference from burntArea.nc ...
[setup] land cells (GFED5 burnable): 13916 / 64800 (21.5%)
[setup] GFED5 land-mean monthly frac: 0.005068
[opt] warm-start from params.nsga2.json
[warm] Overall=0.5987  bias=0.6792 rmse=0.3680 seas=0.8284 spatial=0.7500
[opt] sampler=NSGAIISampler seed=42
[opt] running 2500 trials against GFED5 ...
  trial   17/2500  pareto_size=1  best_ilamb=0.5953  (0.3 min)
  trial   34/2500  pareto_size=1  best_ilamb=0.5953  (0.7 min)
  trial   50/2500  pareto_size=1  best_ilamb=0.5953  (1.0 min)
  trial   66/2500  pareto_size=1  best_ilamb=0.5953  (1.4 min)
  trial   83/2500  pareto_size=1  best_ilamb=0.5953  (1.7 min)
  trial  100/2500  pareto_size=1  best_ilamb=0.5953  (2.1 min)
  trial  117/2500  pareto_size=1  best_ilamb=0.5953  (2.4 min)
  trial  133/2500  pareto_size=1  best_ilamb=0.5953  (2.8 min)
  trial  150/2500  pareto_size=1  best_ilamb=0.5953  (3.1 min)
  trial  167/2500  pareto_size=1  best_ilamb=0.5953  (3.4 min)
  trial  183/2500  pareto_size=1  best_ilamb=0.5953  (3.8 min)
  trial  192/2500  pareto_size=1  best_ilamb=0.5953  (4.2 min)
  trial  202/2500  pareto_size=1  best_ilamb=0.5953  (4.5 min)
  trial  213/2500  pareto_size=1  best_ilamb=0.5953  (4.9 min)
  trial  224/2500  pareto_size=1  best_ilamb=0.5953  (5.2 min)
  trial  235/2500  pareto_size=1  best_ilamb=0.5953  (5.6 min)
  trial  245/2500  pareto_size=1  best_ilamb=0.5953  (5.9 min)
  trial  256/2500  pareto_size=1  best_ilamb=0.5953  (6.3 min)
  trial  267/2500  pareto_size=1  best_ilamb=0.5953  (6.6 min)
  trial  278/2500  pareto_size=1  best_ilamb=0.5953  (7.0 min)
  trial  293/2500  pareto_size=1  best_ilamb=0.5953  (7.3 min)
  trial  311/2500  pareto_size=1  best_ilamb=0.5953  (7.7 min)
  trial  328/2500  pareto_size=1  best_ilamb=0.5953  (8.0 min)
  trial  346/2500  pareto_size=1  best_ilamb=0.5953  (8.4 min)
  trial  364/2500  pareto_size=1  best_ilamb=0.5953  (8.7 min)
  trial  382/2500  pareto_size=1  best_ilamb=0.5953  (9.1 min)
  trial  399/2500  pareto_size=1  best_ilamb=0.5953  (9.4 min)
  trial  416/2500  pareto_size=1  best_ilamb=0.5953  (9.8 min)
  trial  434/2500  pareto_size=1  best_ilamb=0.5953  (10.1 min)
  trial  452/2500  pareto_size=1  best_ilamb=0.5953  (10.5 min)
  trial  470/2500  pareto_size=1  best_ilamb=0.5953  (10.8 min)
  trial  488/2500  pareto_size=2  best_ilamb=0.5953  (11.2 min)
  trial  506/2500  pareto_size=2  best_ilamb=0.5953  (11.5 min)
  trial  524/2500  pareto_size=2  best_ilamb=0.5953  (11.8 min)
  trial  541/2500  pareto_size=2  best_ilamb=0.5953  (12.2 min)
  trial  558/2500  pareto_size=2  best_ilamb=0.5953  (12.5 min)
  trial  576/2500  pareto_size=2  best_ilamb=0.5953  (12.9 min)
  trial  594/2500  pareto_size=2  best_ilamb=0.5953  (13.3 min)
  trial  612/2500  pareto_size=3  best_ilamb=0.5953  (13.6 min)
  trial  629/2500  pareto_size=3  best_ilamb=0.5953  (13.9 min)
  trial  647/2500  pareto_size=3  best_ilamb=0.5953  (14.3 min)
  trial  664/2500  pareto_size=3  best_ilamb=0.5953  (14.6 min)
  trial  681/2500  pareto_size=3  best_ilamb=0.5953  (15.0 min)
  trial  699/2500  pareto_size=3  best_ilamb=0.5953  (15.3 min)
  trial  717/2500  pareto_size=3  best_ilamb=0.5953  (15.7 min)
  trial  734/2500  pareto_size=4  best_ilamb=0.5953  (16.0 min)
  trial  751/2500  pareto_size=4  best_ilamb=0.5953  (16.4 min)
  trial  768/2500  pareto_size=4  best_ilamb=0.5953  (16.7 min)
  trial  785/2500  pareto_size=4  best_ilamb=0.5953  (17.1 min)
  trial  802/2500  pareto_size=4  best_ilamb=0.5953  (17.4 min)
  trial  818/2500  pareto_size=4  best_ilamb=0.5953  (17.7 min)
  trial  835/2500  pareto_size=4  best_ilamb=0.5953  (18.1 min)
  trial  853/2500  pareto_size=4  best_ilamb=0.5953  (18.4 min)
  trial  871/2500  pareto_size=4  best_ilamb=0.5953  (18.8 min)
  trial  888/2500  pareto_size=4  best_ilamb=0.5953  (19.2 min)
  trial  905/2500  pareto_size=4  best_ilamb=0.5953  (19.5 min)
  trial  922/2500  pareto_size=4  best_ilamb=0.5953  (19.9 min)
  trial  938/2500  pareto_size=4  best_ilamb=0.5953  (20.2 min)
  trial  955/2500  pareto_size=4  best_ilamb=0.5953  (20.6 min)
  trial  973/2500  pareto_size=2  best_ilamb=0.5953  (20.9 min)
  trial  991/2500  pareto_size=2  best_ilamb=0.5953  (21.3 min)
  trial 1009/2500  pareto_size=2  best_ilamb=0.5953  (21.6 min)
  trial 1027/2500  pareto_size=3  best_ilamb=0.5953  (22.0 min)
  trial 1045/2500  pareto_size=3  best_ilamb=0.5953  (22.3 min)
  trial 1063/2500  pareto_size=3  best_ilamb=0.5953  (22.7 min)
  trial 1081/2500  pareto_size=3  best_ilamb=0.5953  (23.0 min)
  trial 1099/2500  pareto_size=4  best_ilamb=0.5953  (23.4 min)
  trial 1116/2500  pareto_size=4  best_ilamb=0.5953  (23.7 min)
  trial 1134/2500  pareto_size=4  best_ilamb=0.5953  (24.1 min)
  trial 1152/2500  pareto_size=4  best_ilamb=0.5953  (24.5 min)
  trial 1169/2500  pareto_size=4  best_ilamb=0.5953  (24.8 min)
  trial 1186/2500  pareto_size=4  best_ilamb=0.5953  (25.2 min)
  trial 1204/2500  pareto_size=4  best_ilamb=0.5953  (25.5 min)
  trial 1221/2500  pareto_size=4  best_ilamb=0.5953  (25.8 min)
  trial 1239/2500  pareto_size=4  best_ilamb=0.5953  (26.2 min)
  trial 1257/2500  pareto_size=5  best_ilamb=0.5953  (26.6 min)
  trial 1274/2500  pareto_size=5  best_ilamb=0.5953  (26.9 min)
  trial 1290/2500  pareto_size=5  best_ilamb=0.5953  (27.2 min)
  trial 1307/2500  pareto_size=4  best_ilamb=0.5953  (27.6 min)
  trial 1322/2500  pareto_size=4  best_ilamb=0.5953  (28.0 min)
  trial 1339/2500  pareto_size=4  best_ilamb=0.5953  (28.3 min)
  trial 1357/2500  pareto_size=5  best_ilamb=0.5953  (28.7 min)
  trial 1374/2500  pareto_size=5  best_ilamb=0.5953  (29.0 min)
  trial 1391/2500  pareto_size=7  best_ilamb=0.5953  (29.4 min)
  trial 1408/2500  pareto_size=7  best_ilamb=0.5953  (29.7 min)
  trial 1425/2500  pareto_size=8  best_ilamb=0.5953  (30.1 min)
  trial 1437/2500  pareto_size=10  best_ilamb=0.5953  (30.4 min)
  trial 1449/2500  pareto_size=12  best_ilamb=0.5953  (30.8 min)
  trial 1461/2500  pareto_size=13  best_ilamb=0.5953  (31.1 min)
  trial 1476/2500  pareto_size=13  best_ilamb=0.5953  (31.5 min)
  trial 1493/2500  pareto_size=14  best_ilamb=0.5953  (31.8 min)
  trial 1510/2500  pareto_size=14  best_ilamb=0.5953  (32.2 min)
  trial 1528/2500  pareto_size=14  best_ilamb=0.5953  (32.5 min)
  trial 1545/2500  pareto_size=14  best_ilamb=0.5953  (32.9 min)
  trial 1563/2500  pareto_size=14  best_ilamb=0.5953  (33.2 min)
  trial 1581/2500  pareto_size=15  best_ilamb=0.5968  (33.6 min)
  trial 1598/2500  pareto_size=16  best_ilamb=0.5968  (33.9 min)
  trial 1615/2500  pareto_size=8  best_ilamb=0.5968  (34.3 min)
  trial 1633/2500  pareto_size=9  best_ilamb=0.5968  (34.6 min)
  trial 1650/2500  pareto_size=10  best_ilamb=0.5968  (35.0 min)
  trial 1667/2500  pareto_size=13  best_ilamb=0.5978  (35.3 min)
  trial 1684/2500  pareto_size=13  best_ilamb=0.5978  (35.7 min)
  trial 1701/2500  pareto_size=14  best_ilamb=0.5978  (36.0 min)
  trial 1718/2500  pareto_size=15  best_ilamb=0.5978  (36.4 min)
  trial 1736/2500  pareto_size=16  best_ilamb=0.5978  (36.7 min)
  trial 1753/2500  pareto_size=16  best_ilamb=0.5978  (37.1 min)
  trial 1770/2500  pareto_size=16  best_ilamb=0.5978  (37.4 min)
  trial 1788/2500  pareto_size=15  best_ilamb=0.5978  (37.8 min)
  trial 1806/2500  pareto_size=15  best_ilamb=0.5978  (38.1 min)
  trial 1823/2500  pareto_size=14  best_ilamb=0.5982  (38.5 min)
  trial 1840/2500  pareto_size=16  best_ilamb=0.5982  (38.8 min)
  trial 1857/2500  pareto_size=16  best_ilamb=0.5982  (39.2 min)
  trial 1875/2500  pareto_size=10  best_ilamb=0.5982  (39.5 min)
  trial 1891/2500  pareto_size=10  best_ilamb=0.5982  (39.9 min)
  trial 1908/2500  pareto_size=10  best_ilamb=0.5984  (40.2 min)
  trial 1925/2500  pareto_size=9  best_ilamb=0.5984  (40.6 min)
  trial 1943/2500  pareto_size=11  best_ilamb=0.5984  (41.0 min)
  trial 1961/2500  pareto_size=11  best_ilamb=0.5984  (41.3 min)
  trial 1978/2500  pareto_size=12  best_ilamb=0.5984  (41.7 min)[I 2026-06-08 12:48:53,106] Trial 1978 finished with values: [10.052321467250328, 10.052321467250328] and parameters: {'k1': 0.0034979921349443076, 'D_low': 70.18267183720735, 'k2': 0.04333919331865372, 'D_high': 1493.5213816355397, 'fire_exp': 1.165368636520435, 'P_half': 4.213183643253957, 'pre_dampen_half': 107.40052367919465, 'gpp_af': 0.1476584299248268, 'gpp_b': 0.0005752434266899163, 'gpp_d': 10.369565216756202, 'ign_k': 8.708806168038567, 'ign_c': 20.03995359361212, 'trop_agb_crit': 3.5747129226002423, 'trop_k_veg': 6.9782110227926815}.
[I 2026-06-08 12:48:54,310] Trial 1979 finished with values: [10.788054402636842, 10.788054402636842] and parameters: {'k1': 0.01889771394135163, 'D_low': 1.9623826481168343, 'k2': 0.00035699556800549933, 'D_high': 2940.51756322311, 'fire_exp': 4.722046892401788, 'P_half': 4.213183643253957, 'pre_dampen_half': 107.40052367919465, 'gpp_af': 0.10409127568994281, 'gpp_b': 0.0005752434266899163, 'gpp_d': 660.9129108295722, 'ign_k': 8.708806168038567, 'ign_c': 20.03995359361212, 'trop_agb_crit': 3.5747129226002423, 'trop_k_veg': 2.194427136482602}.
[I 2026-06-08 12:48:55,534] Trial 1980 finished with values: [10.204854871263668, 10.204854871263668] and parameters: {'k1': 0.00010955190072547231, 'D_low': 1.9623826481168343, 'k2': 0.012758211164590085, 'D_high': 2940.51756322311, 'fire_exp': 1.165368636520435, 'P_half': 12.808863354047988, 'pre_dampen_half': 107.40052367919465, 'gpp_af': 0.05511595477601767, 'gpp_b': 0.0005752434266899163, 'gpp_d': 32.59634197484904, 'ign_k': 8.708806168038567, 'ign_c': 20.03995359361212, 'trop_agb_crit': 3.5747129226002423, 'trop_k_veg': 2.1104394500982346}.
[I 2026-06-08 12:48:56,709] Trial 1981 finished with values: [10.062260001558741, 10.062260001558741] and parameters: {'k1': 0.03635503353478365, 'D_low': 24.03083347668056, 'k2': 0.04333919331865372, 'D_high': 1493.5213816355397, 'fire_exp': 1.165368636520435, 'P_half': 220.3445560633069, 'pre_dampen_half': 107.40052367919465, 'gpp_af': 0.10409127568994281, 'gpp_b': 0.0005752434266899163, 'gpp_d': 660.9129108295722, 'ign_k': 8.708806168038567, 'ign_c': 20.37586792665844, 'trop_agb_crit': 3.5747129226002423, 'trop_k_veg': 6.364042069023291}.
[I 2026-06-08 12:48:57,816] Trial 1982 finished with values: [10.707675510627741, 10.707675510627741] and parameters: {'k1': 0.01889771394135163, 'D_low': 70.18267183720735, 'k2': 0.012758211164590085, 'D_high': 145.21718796803722, 'fire_exp': 1.165368636520435, 'P_half': 12.808863354047988, 'pre_dampen_half': 107.40052367919465, 'gpp_af': 0.22384187797972369, 'gpp_b': 0.0005752434266899163, 'gpp_d': 10.369565216756202, 'ign_k': 3.635503353478368, 'ign_c': 20.03995359361212, 'trop_agb_crit': 3.5747129226002423, 'trop_k_veg': 6.9782110227926815}.
[I 2026-06-08 12:48:58,988] Trial 1983 finished with values: [-0.5895291529563054, 0.03920030367677152] and parameters: {'k1': 0.006774627193692037, 'D_low': 2.143851363193517, 'k2': 0.005130610786079737, 'D_high': 1493.5213816355397, 'fire_exp': 1.165368636520435, 'P_half': 2.1570307680573153, 'pre_dampen_half': 107.40052367919465, 'gpp_af': 0.10409127568994281, 'gpp_b': 0.0005752434266899163, 'gpp_d': 84.31013932082456, 'ign_k': 8.708806168038567, 'ign_c': 20.03995359361212, 'trop_agb_crit': 3.5747129226002423, 'trop_k_veg': 7.963430468552991}.
