[I 2026-06-11 12:37:18,800] Trial 420 finished with values: [-0.4822276855668453, 0.7193236915930219] and parameters: {'k1': 0.004312951023617458, 'D_low': 98.98117700885537, 'k2': 7.67074891445376e-05, 'D_high': 1390.2686711035008, 'fire_exp': 1.0629462657398439, 'P_half': 220.3445560633069, 'pre_dampen_half': 502.5175192217655, 'gpp_af': 42.29037995744429, 'gpp_b': 1.7565109007473816e-05, 'gpp_d': 20.84599542460349, 'ign_k': 4.591485216740537, 'ign_c': 0.1867876836333246, 'trop_agb_crit': 5.024436417110404, 'trop_k_veg': 2.8224577471047865, 'fuel_k': 3.6992394681929337, 'fuel_half': 0.3335026483569958}.
[I 2026-06-11 12:37:19,823] Trial 421 finished with values: [10.691494342523411, 10.691494342523411] and parameters: {'k1': 0.004312951023617458, 'D_low': 652.5765108342365, 'k2': 0.0034207303670092245, 'D_high': 3712.591045287726, 'fire_exp': 6.985064954051974, 'P_half': 78.32259769732477, 'pre_dampen_half': 502.5175192217655, 'gpp_af': 0.14765842992482675, 'gpp_b': 7.402343469704428e-05, 'gpp_d': 9.004606022643067, 'ign_k': 0.5131654955148326, 'ign_c': 14.452451441203321, 'trop_agb_crit': 24.584290528289387, 'trop_k_veg': 1.4584243470991722, 'fuel_k': 0.09252659617259135, 'fuel_half': 52.00581729114123}.
[I 2026-06-11 12:37:20,755] Trial 422 finished with values: [10.031717141246776, 10.031717141246776] and parameters: {'k1': 0.0015974581244256687, 'D_low': 2.2281634177046414, 'k2': 0.0034207303670092245, 'D_high': 89263.11370835223, 'fire_exp': 6.392491407653604, 'P_half': 16.051347487097576, 'pre_dampen_half': 502.5175192217655, 'gpp_af': 3.9446537792806113, 'gpp_b': 1.7565109007473816e-05, 'gpp_d': 79.2966690166476, 'ign_k': 4.591485216740537, 'ign_c': 0.15178052094448868, 'trop_agb_crit': 2.419699259862185, 'trop_k_veg': 2.8224577471047865, 'fuel_k': 3.6992394681929337, 'fuel_half': 5.702471103033378}.
[I 2026-06-11 12:37:21,689] Trial 423 finished with values: [10.339400892467129, 10.339400892467129] and parameters: {'k1': 0.00013783578294796384, 'D_low': 572.6112503516231, 'k2': 1.915468390724633e-05, 'D_high': 3712.591045287726, 'fire_exp': 1.2310899049053081, 'P_half': 10.226988730324324, 'pre_dampen_half': 347.79988160923324, 'gpp_af': 0.8226361776146098, 'gpp_b': 7.402343469704428e-05, 'gpp_d': 16.460426816350523, 'ign_k': 0.0680787482656459, 'ign_c': 15.221840161091626, 'trop_agb_crit': 13.98132484257899, 'trop_k_veg': 4.60227373948169, 'fuel_k': 0.487361804838494, 'fuel_half': 0.32476735706274484}.
[I 2026-06-11 12:37:22,655] Trial 424 finished with values: [-0.6181783196473223, 0.9142178032221776] and parameters: {'k1': 0.004312951023617458, 'D_low': 338.23872019362165, 'k2': 7.67074891445376e-05, 'D_high': 29722.48537653568, 'fire_exp': 1.2310899049053081, 'P_half': 6.658322706867178, 'pre_dampen_half': 294.75617712568373, 'gpp_af': 0.008562341633595545, 'gpp_b': 1.7565109007473816e-05, 'gpp_d': 27.50607428241511, 'ign_k': 0.5131654955148326, 'ign_c': 0.11650681118986138, 'trop_agb_crit': 5.707205898008383, 'trop_k_veg': 2.8224577471047865, 'fuel_k': 3.6992394681929337, 'fuel_half': 42.6871254378718}.
[I 2026-06-11 12:37:23,587] Trial 425 finished with values: [-0.5509745970288453, 0.7338755667646368] and parameters: {'k1': 0.05233480488540085, 'D_low': 2.2281634177046414, 'k2': 0.00010939944910100016, 'D_high': 21.208987108343724, 'fire_exp': 1.182396148413737, 'P_half': 16.051347487097576, 'pre_dampen_half': 502.5175192217655, 'gpp_af': 0.326288637536534, 'gpp_b': 1.7565109007473816e-05, 'gpp_d': 9.004606022643067, 'ign_k': 0.5131654955148326, 'ign_c': 14.452451441203321, 'trop_agb_crit': 5.115968405120539, 'trop_k_veg': 2.639166174475906, 'fuel_k': 0.09252659617259135, 'fuel_half': 0.3995528014939306}.
[I 2026-06-11 12:37:24,504] Trial 426 finished with values: [10.682894262086979, 10.682894262086979] and parameters: {'k1': 0.004312951023617458, 'D_low': 4.484744524732794, 'k2': 0.0005708731724249573, 'D_high': 3712.591045287726, 'fire_exp': 1.2310899049053081, 'P_half': 16.051347487097576, 'pre_dampen_half': 0.03627422119926134, 'gpp_af': 0.008562341633595545, 'gpp_b': 0.00010318352929732131, 'gpp_d': 9.004606022643067, 'ign_k': 0.5131654955148326, 'ign_c': 0.11650681118986138, 'trop_agb_crit': 24.584290528289387, 'trop_k_veg': 1.4584243470991722, 'fuel_k': 0.09252659617259135, 'fuel_half': 52.00581729114123}.
[I 2026-06-11 12:37:25,405] Trial 427 finished with values: [-0.6255663722266896, 0.56751330873922] and parameters: {'k1': 0.00013783578294796384, 'D_low': 98.3519252750597, 'k2': 0.0027431991397796683, 'D_high': 89263.11370835223, 'fire_exp': 1.2310899049053081, 'P_half': 38.82837025280678, 'pre_dampen_half': 502.5175192217655, 'gpp_af': 0.005618069878716736, 'gpp_b': 0.00012118589392553798, 'gpp_d': 16.460426816350523, 'ign_k': 0.5131654955148326, 'ign_c': 15.221840161091626, 'trop_agb_crit': 5.707205898008383, 'trop_k_veg': 1.140286245977296, 'fuel_k': 0.0561571708805531, 'fuel_half': 42.6871254378718}.
[I 2026-06-11 12:37:26,322] Trial 428 finished with values: [-0.6064007395042034, 0.8177335983063301] and parameters: {'k1': 0.004312951023617458, 'D_low': 4.484744524732794, 'k2': 1.915468390724633e-05, 'D_high': 30608.522106722474, 'fire_exp': 1.0629462657398439, 'P_half': 38.82837025280678, 'pre_dampen_half': 502.5175192217655, 'gpp_af': 0.049802479194577566, 'gpp_b': 0.00012118589392553798, 'gpp_d': 16.460426816350523, 'ign_k': 0.6454459531371669, 'ign_c': 15.221840161091626, 'trop_agb_crit': 24.584290528289387, 'trop_k_veg': 1.140286245977296, 'fuel_k': 4.680936683972861, 'fuel_half': 52.00581729114123}.
[I 2026-06-11 12:37:27,229] Trial 429 finished with values: [10.30358965515712, 10.30358965515712] and parameters: {'k1': 0.003242143344038315, 'D_low': 338.23872019362165, 'k2': 0.03589155871450837, 'D_high': 1024.9816559563214, 'fire_exp': 1.1258453832483524, 'P_half': 136.0956887810302, 'pre_dampen_half': 502.5175192217655, 'gpp_af': 0.7539992074650279, 'gpp_b': 1.7565109007473816e-05, 'gpp_d': 2.8006820077310213, 'ign_k': 0.5131654955148326, 'ign_c': 0.11650681118986138, 'trop_agb_crit': 3.575594457014808, 'trop_k_veg': 0.5772603928610088, 'fuel_k': 1.3128815679924584, 'fuel_half': 37.108168807575375}.
[I 2026-06-11 12:37:28,195] Trial 430 finished with values: [10.430850844473275, 10.430850844473275] and parameters: {'k1': 0.00013783578294796384, 'D_low': 98.3519252750597, 'k2': 0.0034207303670092245, 'D_high': 15000.328053766281, 'fire_exp': 1.1404778529537094, 'P_half': 13.019246714361572, 'pre_dampen_half': 294.75617712568373, 'gpp_af': 0.015769192447197523, 'gpp_b': 0.015382154459808445, 'gpp_d': 9.004606022643067, 'ign_k': 0.5131654955148326, 'ign_c': 0.11650681118986138, 'trop_agb_crit': 5.707205898008383, 'trop_k_veg': 4.1309639246402785, 'fuel_k': 0.04572914063536324, 'fuel_half': 42.6871254378718}.
[I 2026-06-11 12:37:29,129] Trial 431 finished with values: [10.55026488312837, 10.55026488312837] and parameters: {'k1': 0.00013783578294796384, 'D_low': 5.59983195169599, 'k2': 1.915468390724633e-05, 'D_high': 89263.11370835223, 'fire_exp': 2.2703704516008885, 'P_half': 38.82837025280678, 'pre_dampen_half': 347.79988160923324, 'gpp_af': 42.29037995744429, 'gpp_b': 2.711380409817698e-05, 'gpp_d': 2.8006820077310213, 'ign_k': 4.591485216740537, 'ign_c': 0.9294394155644988, 'trop_agb_crit': 24.181329527832204, 'trop_k_veg': 2.8224577471047865, 'fuel_k': 3.6992394681929337, 'fuel_half': 81.8794158253808}.
[I 2026-06-11 12:37:30,029] Trial 432 finished with values: [10.304208052299364, 10.304208052299364] and parameters: {'k1': 0.003242143344038315, 'D_low': 338.23872019362165, 'k2': 1.915468390724633e-05, 'D_high': 1390.2686711035008, 'fire_exp': 1.2310899049053081, 'P_half': 16.051347487097576, 'pre_dampen_half': 502.5175192217655, 'gpp_af': 0.008562341633595545, 'gpp_b': 0.0005392415140872105, 'gpp_d': 9.004606022643067, 'ign_k': 0.5131654955148326, 'ign_c': 0.1867876836333246, 'trop_agb_crit': 1.2440687631821843, 'trop_k_veg': 0.9369104721775232, 'fuel_k': 1.3128815679924584, 'fuel_half': 0.3335026483569958}.
[I 2026-06-11 12:37:30,921] Trial 433 finished with values: [10.309517340179584, 10.309517340179584] and parameters: {'k1': 0.05233480488540085, 'D_low': 2.2281634177046414, 'k2': 0.00010939944910100016, 'D_high': 15000.328053766281, 'fire_exp': 1.182396148413737, 'P_half': 16.051347487097576, 'pre_dampen_half': 347.79988160923324, 'gpp_af': 0.015769192447197523, 'gpp_b': 1.7565109007473816e-05, 'gpp_d': 9.004606022643067, 'ign_k': 0.5131654955148326, 'ign_c': 14.452451441203321, 'trop_agb_crit': 5.707205898008383, 'trop_k_veg': 2.639166174475906, 'fuel_k': 0.09252659617259135, 'fuel_half': 0.3995528014939306}.
[I 2026-06-11 12:37:31,850] Trial 434 finished with values: [-0.4655262673596603, 0.9842449098218875] and parameters: {'k1': 0.004312951023617458, 'D_low': 5.59983195169599, 'k2': 0.005259118659251229, 'D_high': 89263.11370835223, 'fire_exp': 2.2703704516008885, 'P_half': 38.82837025280678, 'pre_dampen_half': 502.5175192217655, 'gpp_af': 42.29037995744429, 'gpp_b': 0.00012118589392553798, 'gpp_d': 6.913948698657619, 'ign_k': 4.591485216740537, 'ign_c': 0.9294394155644988, 'trop_agb_crit': 19.28597237496244, 'trop_k_veg': 0.5772603928610088, 'fuel_k': 3.6992394681929337, 'fuel_half': 0.13122924251987642}.
[I 2026-06-11 12:37:32,777] Trial 435 finished with values: [10.10290128407203, 10.10290128407203] and parameters: {'k1': 0.00013783578294796384, 'D_low': 5.59983195169599, 'k2': 1.915468390724633e-05, 'D_high': 30470.283500219237, 'fire_exp': 1.2310899049053081, 'P_half': 10.226988730324324, 'pre_dampen_half': 502.5175192217655, 'gpp_af': 0.7539992074650279, 'gpp_b': 7.402343469704428e-05, 'gpp_d': 2.8006820077310213, 'ign_k': 0.5131654955148326, 'ign_c': 15.221840161091626, 'trop_agb_crit': 13.98132484257899, 'trop_k_veg': 0.5772603928610088, 'fuel_k': 0.04572914063536324, 'fuel_half': 7.860326410149304}.
[I 2026-06-11 12:37:33,734] Trial 436 finished with values: [-0.34033207781193664, 0.895340359724165] and parameters: {'k1': 0.00013649087666416944, 'D_low': 2757.3353505786354, 'k2': 1.915468390724633e-05, 'D_high': 30470.283500219237, 'fire_exp': 1.2310899049053081, 'P_half': 3.079212464127044, 'pre_dampen_half': 502.5175192217655, 'gpp_af': 0.8226361776146098, 'gpp_b': 1.7565109007473816e-05, 'gpp_d': 79.2966690166476, 'ign_k': 0.34703605955441524, 'ign_c': 0.15178052094448868, 'trop_agb_crit': 13.98132484257899, 'trop_k_veg': 4.60227373948169, 'fuel_k': 0.05597555634027867, 'fuel_half': 37.108168807575375}.
[I 2026-06-11 12:37:34,653] Trial 437 finished with values: [10.656625024093513, 10.656625024093513] and parameters: {'k1': 0.004312951023617458, 'D_low': 338.23872019362165, 'k2': 0.0034207303670092245, 'D_high': 1390.2686711035008, 'fire_exp': 2.8326898622433334, 'P_half': 136.0956887810302, 'pre_dampen_half': 294.75617712568373, 'gpp_af': 0.008562341633595545, 'gpp_b': 1.7565109007473816e-05, 'gpp_d': 0.0581159974343924, 'ign_k': 0.5131654955148326, 'ign_c': 3.0378658251922155, 'trop_agb_crit': 26.402883285404346, 'trop_k_veg': 0.9369104721775232, 'fuel_k': 1.3128815679924584, 'fuel_half': 49.011305842597814}.
[I 2026-06-11 12:37:35,555] Trial 438 finished with values: [10.12639020958899, 10.12639020958899] and parameters: {'k1': 0.004312951023617458, 'D_low': 98.98117700885537, 'k2': 0.0543876219522674, 'D_high': 1024.9816559563214, 'fire_exp': 1.0629462657398439, 'P_half': 13.019246714361572, 'pre_dampen_half': 51.70500756432223, 'gpp_af': 0.7539992074650279, 'gpp_b': 0.0054502936945582505, 'gpp_d': 6.913948698657619, 'ign_k': 0.6454459531371669, 'ign_c': 15.221840161091626, 'trop_agb_crit': 24.584290528289387, 'trop_k_veg': 2.8224577471047865, 'fuel_k': 4.680936683972861, 'fuel_half': 52.00581729114123}.
[I 2026-06-11 12:37:36,632] Trial 439 finished with values: [10.735375722361958, 10.735375722361958] and parameters: {'k1': 0.004312951023617458, 'D_low': 4.484744524732794, 'k2': 1.915468390724633e-05, 'D_high': 30608.522106722474, 'fire_exp': 1.182396148413737, 'P_half': 343.5759946100352, 'pre_dampen_half': 502.5175192217655, 'gpp_af': 0.8226361776146098, 'gpp_b': 1.7565109007473816e-05, 'gpp_d': 16.460426816350523, 'ign_k': 0.5131654955148326, 'ign_c': 14.452451441203321, 'trop_agb_crit': 24.584290528289387, 'trop_k_veg': 1.4584243470991722, 'fuel_k': 3.6992394681929337, 'fuel_half': 0.3995528014939306}.
[I 2026-06-11 12:37:37,552] Trial 440 finished with values: [10.769230765417301, 10.769230765417301] and parameters: {'k1': 0.004312951023617458, 'D_low': 2757.3353505786354, 'k2': 0.0034207303670092245, 'D_high': 1024.9816559563214, 'fire_exp': 2.0708855844803247, 'P_half': 220.3445560633069, 'pre_dampen_half': 3.4369565628226946, 'gpp_af': 0.015769192447197523, 'gpp_b': 0.00012118589392553798, 'gpp_d': 79.2966690166476, 'ign_k': 0.34703605955441524, 'ign_c': 0.15178052094448868, 'trop_agb_crit': 3.575594457014808, 'trop_k_veg': 0.5772603928610088, 'fuel_k': 4.680936683972861, 'fuel_half': 37.108168807575375}.
[I 2026-06-11 12:37:38,456] Trial 441 finished with values: [-0.3645053844216038, 0.7948628238272029] and parameters: {'k1': 0.004312951023617458, 'D_low': 5.59983195169599, 'k2': 1.915468390724633e-05, 'D_high': 3712.591045287726, 'fire_exp': 1.0629462657398439, 'P_half': 220.3445560633069, 'pre_dampen_half': 502.5175192217655, 'gpp_af': 0.8226361776146098, 'gpp_b': 1.7565109007473816e-05, 'gpp_d': 12.00191344086031, 'ign_k': 0.34703605955441524, 'ign_c': 0.15178052094448868, 'trop_agb_crit': 24.584290528289387, 'trop_k_veg': 0.5772603928610088, 'fuel_k': 0.24991287225033346, 'fuel_half': 0.3995528014939306}.
[I 2026-06-11 12:37:39,373] Trial 442 finished with values: [10.507831678089946, 10.507831678089946] and parameters: {'k1': 0.05233480488540085, 'D_low': 125.61043700013555, 'k2': 7.67074891445376e-05, 'D_high': 30608.522106722474, 'fire_exp': 1.1258453832483524, 'P_half': 4.961134450191397, 'pre_dampen_half': 347.79988160923324, 'gpp_af': 0.06789053271698488, 'gpp_b': 3.228689523591491e-05, 'gpp_d': 2.8006820077310213, 'ign_k': 4.591485216740537, 'ign_c': 6.390695092073219, 'trop_agb_crit': 29.789943908227905, 'trop_k_veg': 1.793919400078986, 'fuel_k': 0.03743055596010634, 'fuel_half': 0.6370755274604819}.
[I 2026-06-11 12:37:40,307] Trial 443 finished with values: [10.769229802386272, 10.769229802386272] and parameters: {'k1': 1.4665316366397004e-05, 'D_low': 10.733257635049776, 'k2': 3.9207829763785736e-05, 'D_high': 1024.9816559563214, 'fire_exp': 9.696837616382018, 'P_half': 13.019246714361572, 'pre_dampen_half': 502.5175192217655, 'gpp_af': 0.015769192447197523, 'gpp_b': 1.7565109007473816e-05, 'gpp_d': 2.8006820077310213, 'ign_k': 0.6454459531371669, 'ign_c': 0.9294394155644988, 'trop_agb_crit': 5.707205898008383, 'trop_k_veg': 4.1309639246402785, 'fuel_k': 4.680936683972861, 'fuel_half': 52.00581729114123}.
[I 2026-06-11 12:37:41,240] Trial 444 finished with values: [10.161458519995525, 10.161458519995525] and parameters: {'k1': 0.004312951023617458, 'D_low': 338.23872019362165, 'k2': 7.67074891445376e-05, 'D_high': 1390.2686711035008, 'fire_exp': 1.0881360604103363, 'P_half': 13.019246714361572, 'pre_dampen_half': 347.79988160923324, 'gpp_af': 0.326288637536534, 'gpp_b': 7.402343469704428e-05, 'gpp_d': 2.8006820077310213, 'ign_k': 4.591485216740537, 'ign_c': 0.1867876836333246, 'trop_agb_crit': 21.825752290961518, 'trop_k_veg': 7.262542926029038, 'fuel_k': 3.6992394681929337, 'fuel_half': 0.6370755274604819}.
[I 2026-06-11 12:37:42,126] Trial 445 finished with values: [10.549643057235484, 10.549643057235484] and parameters: {'k1': 0.0015974581244256687, 'D_low': 2.2281634177046414, 'k2': 0.01567230746060024, 'D_high': 89263.11370835223, 'fire_exp': 1.0629462657398439, 'P_half': 220.3445560633069, 'pre_dampen_half': 36.876350096203005, 'gpp_af': 0.06789053271698488, 'gpp_b': 0.011750724729953272, 'gpp_d': 314.6826989726468, 'ign_k': 0.034321391362415854, 'ign_c': 15.221840161091626, 'trop_agb_crit': 2.419699259862185, 'trop_k_veg': 2.8224577471047865, 'fuel_k': 0.05597555634027867, 'fuel_half': 81.8794158253808}.
[I 2026-06-11 12:37:43,045] Trial 446 finished with values: [10.24324292470146, 10.24324292470146] and parameters: {'k1': 0.004312951023617458, 'D_low': 338.23872019362165, 'k2': 7.67074891445376e-05, 'D_high': 1390.2686711035008, 'fire_exp': 1.2310899049053081, 'P_half': 16.051347487097576, 'pre_dampen_half': 502.5175192217655, 'gpp_af': 42.29037995744429, 'gpp_b': 0.00010318352929732131, 'gpp_d': 27.50607428241511, 'ign_k': 4.591485216740537, 'ign_c': 0.1867876836333246, 'trop_agb_crit': 21.825752290961518, 'trop_k_veg': 2.8224577471047865, 'fuel_k': 3.6992394681929337, 'fuel_half': 52.00581729114123}.
[I 2026-06-11 12:37:43,965] Trial 447 finished with values: [-0.5927347789835526, 0.3875258153833865] and parameters: {'k1': 0.00013783578294796384, 'D_low': 844.0303958079087, 'k2': 0.0027431991397796683, 'D_high': 3712.591045287726, 'fire_exp': 1.1258453832483524, 'P_half': 136.0956887810302, 'pre_dampen_half': 347.79988160923324, 'gpp_af': 0.06789053271698488, 'gpp_b': 3.228689523591491e-05, 'gpp_d': 302.3127748796293, 'ign_k': 0.34703605955441524, 'ign_c': 0.9294394155644988, 'trop_agb_crit': 3.575594457014808, 'trop_k_veg': 4.1309639246402785, 'fuel_k': 0.04572914063536324, 'fuel_half': 42.6871254378718}.
[I 2026-06-11 12:37:44,867] Trial 448 finished with values: [10.33535241988597, 10.33535241988597] and parameters: {'k1': 0.004312951023617458, 'D_low': 5.59983195169599, 'k2': 0.005259118659251229, 'D_high': 89263.11370835223, 'fire_exp': 1.0114396646447246, 'P_half': 16.051347487097576, 'pre_dampen_half': 502.5175192217655, 'gpp_af': 0.005618069878716736, 'gpp_b': 2.711380409817698e-05, 'gpp_d': 2.8006820077310213, 'ign_k': 4.591485216740537, 'ign_c': 0.9294394155644988, 'trop_agb_crit': 1.2440687631821843, 'trop_k_veg': 6.999477065942703, 'fuel_k': 0.5964469943278032, 'fuel_half': 81.8794158253808}.
[I 2026-06-11 12:37:45,784] Trial 449 finished with values: [-0.4142787668444602, 0.9196877131187642] and parameters: {'k1': 0.004312951023617458, 'D_low': 5.59983195169599, 'k2': 1.915468390724633e-05, 'D_high': 1390.2686711035008, 'fire_exp': 1.0629462657398439, 'P_half': 16.051347487097576, 'pre_dampen_half': 502.5175192217655, 'gpp_af': 0.7539992074650279, 'gpp_b': 0.00010318352929732131, 'gpp_d': 12.00191344086031, 'ign_k': 0.34703605955441524, 'ign_c': 0.1867876836333246, 'trop_agb_crit': 24.584290528289387, 'trop_k_veg': 0.5772603928610088, 'fuel_k': 0.24991287225033346, 'fuel_half': 52.00581729114123}.
[I 2026-06-11 12:37:46,684] Trial 450 finished with values: [11.193157893403132, 11.193157893403132] and parameters: {'k1': 0.004312951023617458, 'D_low': 4.484744524732794, 'k2': 1.915468390724633e-05, 'D_high': 89263.11370835223, 'fire_exp': 1.0629462657398439, 'P_half': 38.82837025280678, 'pre_dampen_half': 502.5175192217655, 'gpp_af': 0.049802479194577566, 'gpp_b': 0.00012118589392553798, 'gpp_d': 16.460426816350523, 'ign_k': 4.591485216740537, 'ign_c': 15.221840161091626, 'trop_agb_crit': 24.584290528289387, 'trop_k_veg': 1.140286245977296, 'fuel_k': 3.6992394681929337, 'fuel_half': 2.9236782115513154}.
[I 2026-06-11 12:37:47,572] Trial 451 finished with values: [10.073085762782876, 10.073085762782876] and parameters: {'k1': 0.00013783578294796384, 'D_low': 338.23872019362165, 'k2': 0.0027431991397796683, 'D_high': 89263.11370835223, 'fire_exp': 1.0881360604103363, 'P_half': 16.051347487097576, 'pre_dampen_half': 347.79988160923324, 'gpp_af': 0.326288637536534, 'gpp_b': 0.00012118589392553798, 'gpp_d': 16.460426816350523, 'ign_k': 4.591485216740537, 'ign_c': 15.221840161091626, 'trop_agb_crit': 5.707205898008383, 'trop_k_veg': 5.546867170791755, 'fuel_k': 0.0561571708805531, 'fuel_half': 0.6370755274604819}.
[I 2026-06-11 12:37:48,512] Trial 452 finished with values: [10.642519924611605, 10.642519924611605] and parameters: {'k1': 0.004312951023617458, 'D_low': 338.23872019362165, 'k2': 7.67074891445376e-05, 'D_high': 3712.591045287726, 'fire_exp': 2.2703704516008885, 'P_half': 136.0956887810302, 'pre_dampen_half': 502.5175192217655, 'gpp_af': 42.29037995744429, 'gpp_b': 1.7565109007473816e-05, 'gpp_d': 16.460426816350523, 'ign_k': 4.591485216740537, 'ign_c': 0.1867876836333246, 'trop_agb_crit': 21.825752290961518, 'trop_k_veg': 4.1309639246402785, 'fuel_k': 3.6992394681929337, 'fuel_half': 2.3132339997152647}.
[I 2026-06-11 12:37:49,522] Trial 453 finished with values: [10.7647485757662, 10.7647485757662] and parameters: {'k1': 0.05233480488540085, 'D_low': 4.484744524732794, 'k2': 0.03865036856259725, 'D_high': 21.208987108343724, 'fire_exp': 3.27790247797386, 'P_half': 16.051347487097576, 'pre_dampen_half': 502.5175192217655, 'gpp_af': 0.008562341633595545, 'gpp_b': 0.00010318352929732131, 'gpp_d': 9.004606022643067, 'ign_k': 0.5131654955148326, 'ign_c': 0.11650681118986138, 'trop_agb_crit': 5.273338791937182, 'trop_k_veg': 2.639166174475906, 'fuel_k': 0.09252659617259135, 'fuel_half': 10.013658413533488}.
[I 2026-06-11 12:37:50,668] Trial 454 finished with values: [-0.7560107486943128, 0.2616739136630458] and parameters: {'k1': 0.004312951023617458, 'D_low': 4.484744524732794, 'k2': 0.01567230746060024, 'D_high': 3712.591045287726, 'fire_exp': 1.1258453832483524, 'P_half': 220.3445560633069, 'pre_dampen_half': 347.79988160923324, 'gpp_af': 0.06789053271698488, 'gpp_b': 0.0021331409710300844, 'gpp_d': 16.460426816350523, 'ign_k': 0.5131654955148326, 'ign_c': 15.221840161091626, 'trop_agb_crit': 5.707205898008383, 'trop_k_veg': 4.1309639246402785, 'fuel_k': 0.04572914063536324, 'fuel_half': 42.6871254378718}.
