[I 2026-07-22 18:59:54,990] Trial 2484 finished with values: [10.955469848876916, 10.955469848876916] and parameters: {'k1': 0.07381440120353336, 'D_low': 91.1665450408668, 'k2': 0.009834123278112417, 'D_high': 1681956.433827372, 'fire_exp': 7.089507362101403, 'P_half': 7.890004262668578, 'pre_dampen_half': 33.71909132517388, 'gpp_af': 0.015350904103515228, 'gpp_b': 0.0016244020148419233, 'gpp_d': 6.91394869865762, 'ign_k': 0.5131654955148324, 'ign_c': 14.452451441203314, 'trop_agb_crit': 9.362115196011851, 'trop_k_veg': 7.26254292602904, 'fuel_k': 3.6992394681929355, 'fuel_half': 0.32476735706274484}.
[I 2026-07-22 18:59:55,415] Trial 2485 finished with values: [-0.7067080845959886, 0.04869284896131709] and parameters: {'k1': 0.052334804885400876, 'D_low': 1.7887890916820506, 'k2': 0.002342238625792905, 'D_high': 691815.5479242569, 'fire_exp': 7.2114611966224675, 'P_half': 7.890004262668578, 'pre_dampen_half': 3.9885726374014694, 'gpp_af': 0.0011404858917882907, 'gpp_b': 1.1698276136056565e-05, 'gpp_d': 6.91394869865762, 'ign_k': 0.8015297379101401, 'ign_c': 14.452451441203314, 'trop_agb_crit': 20.205002815711154, 'trop_k_veg': 1.7428926895756522, 'fuel_k': 3.6992394681929355, 'fuel_half': 0.3335026483569958}.
[I 2026-07-22 18:59:55,839] Trial 2486 finished with values: [13.269687377794522, 13.269687377794522] and parameters: {'k1': 0.07381440120353336, 'D_low': 1.7887890916820506, 'k2': 0.001566517163094646, 'D_high': 887331.2884015184, 'fire_exp': 3.313658135010505, 'P_half': 7.890004262668578, 'pre_dampen_half': 33.71909132517388, 'gpp_af': 0.07170751825576907, 'gpp_b': 0.0054502936945582505, 'gpp_d': 9.00460602264307, 'ign_k': 0.5131654955148324, 'ign_c': 14.452451441203314, 'trop_agb_crit': 28.412323986638135, 'trop_k_veg': 2.3408809609838257, 'fuel_k': 3.6992394681929355, 'fuel_half': 0.3335026483569958}.
[I 2026-07-22 18:59:56,265] Trial 2487 finished with values: [10.759983642454594, 10.759983642454594] and parameters: {'k1': 0.09783926683106932, 'D_low': 1.7887890916820506, 'k2': 0.0002958993090345125, 'D_high': 580966.5602369158, 'fire_exp': 7.089507362101403, 'P_half': 97.75959835044559, 'pre_dampen_half': 3.9885726374014694, 'gpp_af': 0.22983121915789692, 'gpp_b': 3.936122422430193e-05, 'gpp_d': 6.91394869865762, 'ign_k': 0.00924668240111417, 'ign_c': 14.452451441203314, 'trop_agb_crit': 28.412323986638135, 'trop_k_veg': 2.417028380770307, 'fuel_k': 3.6992394681929355, 'fuel_half': 0.3335026483569958}.
[I 2026-07-22 18:59:56,692] Trial 2488 finished with values: [10.76919093334212, 10.76919093334212] and parameters: {'k1': 1.4501178799836011e-05, 'D_low': 1.7887890916820506, 'k2': 2.1698375693549493e-05, 'D_high': 2931.899692680325, 'fire_exp': 7.089507362101403, 'P_half': 9.324787201197319, 'pre_dampen_half': 3.9885726374014694, 'gpp_af': 0.25562996323356013, 'gpp_b': 3.936122422430193e-05, 'gpp_d': 6.91394869865762, 'ign_k': 0.5131654955148324, 'ign_c': 14.452451441203314, 'trop_agb_crit': 20.205002815711154, 'trop_k_veg': 2.417028380770307, 'fuel_k': 3.6992394681929355, 'fuel_half': 0.3335026483569958}.
[I 2026-07-22 18:59:57,114] Trial 2489 finished with values: [10.713864257293917, 10.713864257293917] and parameters: {'k1': 0.052334804885400876, 'D_low': 8454.098152188677, 'k2': 0.002342238625792905, 'D_high': 491767.54451411933, 'fire_exp': 2.0165721691808587, 'P_half': 7.890004262668578, 'pre_dampen_half': 3.9885726374014694, 'gpp_af': 0.00447098640336194, 'gpp_b': 0.01736771891291939, 'gpp_d': 6.91394869865762, 'ign_k': 4.59148521674054, 'ign_c': 14.452451441203314, 'trop_agb_crit': 28.412323986638135, 'trop_k_veg': 2.417028380770307, 'fuel_k': 3.6992394681929355, 'fuel_half': 0.32476735706274484}.
[I 2026-07-22 18:59:57,536] Trial 2490 finished with values: [11.057504867049486, 11.057504867049486] and parameters: {'k1': 0.052334804885400876, 'D_low': 8454.098152188677, 'k2': 0.002342238625792905, 'D_high': 799408.6663109845, 'fire_exp': 2.0165721691808587, 'P_half': 7.890004262668578, 'pre_dampen_half': 3.9885726374014694, 'gpp_af': 0.22983121915789692, 'gpp_b': 3.936122422430193e-05, 'gpp_d': 135.99933935738707, 'ign_k': 0.8015297379101401, 'ign_c': 14.452451441203314, 'trop_agb_crit': 20.205002815711154, 'trop_k_veg': 5.677586309173081, 'fuel_k': 3.6992394681929355, 'fuel_half': 0.3335026483569958}.
[I 2026-07-22 18:59:57,972] Trial 2491 finished with values: [10.76923076903347, 10.76923076903347] and parameters: {'k1': 0.052334804885400876, 'D_low': 8454.098152188677, 'k2': 0.0007081721844034209, 'D_high': 13.631866835056986, 'fire_exp': 8.791426299948917, 'P_half': 7.890004262668578, 'pre_dampen_half': 3.9885726374014694, 'gpp_af': 0.015350904103515228, 'gpp_b': 3.936122422430193e-05, 'gpp_d': 6.91394869865762, 'ign_k': 3.284529979576942, 'ign_c': 14.452451441203314, 'trop_agb_crit': 20.205002815711154, 'trop_k_veg': 2.3408809609838257, 'fuel_k': 3.6992394681929355, 'fuel_half': 0.3335026483569958}.
[I 2026-07-22 18:59:58,401] Trial 2492 finished with values: [10.172568381848407, 10.172568381848407] and parameters: {'k1': 0.0002765077501813554, 'D_low': 8454.098152188677, 'k2': 0.0007081721844034209, 'D_high': 316055.11434645456, 'fire_exp': 8.791426299948917, 'P_half': 7.890004262668578, 'pre_dampen_half': 3.9885726374014694, 'gpp_af': 0.015350904103515228, 'gpp_b': 3.936122422430193e-05, 'gpp_d': 82.92610273188414, 'ign_k': 3.284529979576942, 'ign_c': 14.452451441203314, 'trop_agb_crit': 20.205002815711154, 'trop_k_veg': 5.677586309173081, 'fuel_k': 3.6992394681929355, 'fuel_half': 0.3335026483569958}.
[I 2026-07-22 18:59:58,847] Trial 2493 finished with values: [10.058181951429928, 10.058181951429928] and parameters: {'k1': 0.052334804885400876, 'D_low': 1.7887890916820506, 'k2': 2.1698375693549493e-05, 'D_high': 316055.11434645456, 'fire_exp': 3.9865235442286613, 'P_half': 7.890004262668578, 'pre_dampen_half': 0.4016986062226068, 'gpp_af': 0.015350904103515228, 'gpp_b': 1.1698276136056565e-05, 'gpp_d': 58.858544453955275, 'ign_k': 0.5131654955148324, 'ign_c': 14.452451441203314, 'trop_agb_crit': 6.859896022427469, 'trop_k_veg': 5.407857429077819, 'fuel_k': 3.6992394681929355, 'fuel_half': 0.3335026483569958}.
[I 2026-07-22 18:59:59,274] Trial 2494 finished with values: [10.511011198052604, 10.511011198052604] and parameters: {'k1': 0.052334804885400876, 'D_low': 8454.098152188677, 'k2': 2.1698375693549493e-05, 'D_high': 708572.1663941594, 'fire_exp': 8.791426299948917, 'P_half': 7.890004262668578, 'pre_dampen_half': 0.36634472798672346, 'gpp_af': 0.015350904103515228, 'gpp_b': 3.936122422430193e-05, 'gpp_d': 6.91394869865762, 'ign_k': 0.5131654955148324, 'ign_c': 14.452451441203314, 'trop_agb_crit': 9.362115196011851, 'trop_k_veg': 7.26254292602904, 'fuel_k': 3.204249205987706, 'fuel_half': 0.3335026483569958}.
[I 2026-07-22 18:59:59,702] Trial 2495 finished with values: [-0.7603071836615211, 0.09493646795351762] and parameters: {'k1': 0.006033623633620595, 'D_low': 1.7887890916820506, 'k2': 0.004143506476189514, 'D_high': 1153182.3436959793, 'fire_exp': 8.791426299948917, 'P_half': 7.890004262668578, 'pre_dampen_half': 33.71909132517388, 'gpp_af': 0.015350904103515228, 'gpp_b': 3.936122422430193e-05, 'gpp_d': 6.91394869865762, 'ign_k': 0.5131654955148324, 'ign_c': 14.452451441203314, 'trop_agb_crit': 9.362115196011851, 'trop_k_veg': 0.9513662301833202, 'fuel_k': 1.1820218758583807, 'fuel_half': 0.3335026483569958}.
[I 2026-07-22 19:00:00,127] Trial 2496 finished with values: [10.055732182144721, 10.055732182144721] and parameters: {'k1': 0.0026978061004103923, 'D_low': 8454.098152188677, 'k2': 0.002342238625792905, 'D_high': 799408.6663109845, 'fire_exp': 2.0165721691808587, 'P_half': 1.1416310818354956, 'pre_dampen_half': 3.9885726374014694, 'gpp_af': 0.22983121915789692, 'gpp_b': 0.01736771891291939, 'gpp_d': 135.99933935738707, 'ign_k': 3.316094907565961, 'ign_c': 14.452451441203314, 'trop_agb_crit': 20.205002815711154, 'trop_k_veg': 1.9190318285916717, 'fuel_k': 3.6992394681929355, 'fuel_half': 0.3335026483569958}.
[I 2026-07-22 19:00:00,554] Trial 2497 finished with values: [10.674754587570973, 10.674754587570973] and parameters: {'k1': 0.00016480446427978953, 'D_low': 1.7887890916820506, 'k2': 0.001566517163094646, 'D_high': 887331.2884015184, 'fire_exp': 8.791426299948917, 'P_half': 9.247035224335864, 'pre_dampen_half': 3.9885726374014694, 'gpp_af': 0.015350904103515228, 'gpp_b': 0.0054502936945582505, 'gpp_d': 6.91394869865762, 'ign_k': 0.5131654955148324, 'ign_c': 14.452451441203314, 'trop_agb_crit': 9.362115196011851, 'trop_k_veg': 2.3408809609838257, 'fuel_k': 3.6992394681929355, 'fuel_half': 0.3335026483569958}.
[I 2026-07-22 19:00:00,995] Trial 2498 finished with values: [10.558166390288326, 10.558166390288326] and parameters: {'k1': 0.003454058352359339, 'D_low': 1.7887890916820506, 'k2': 0.0007081721844034209, 'D_high': 887331.2884015184, 'fire_exp': 7.089507362101403, 'P_half': 368.9245780146773, 'pre_dampen_half': 3.9885726374014694, 'gpp_af': 0.12243451886824051, 'gpp_b': 3.936122422430193e-05, 'gpp_d': 135.99933935738707, 'ign_k': 3.284529979576942, 'ign_c': 14.452451441203314, 'trop_agb_crit': 28.412323986638135, 'trop_k_veg': 2.417028380770307, 'fuel_k': 3.6992394681929355, 'fuel_half': 0.3335026483569958}.
[I 2026-07-22 19:00:01,420] Trial 2499 finished with values: [10.17631852341382, 10.17631852341382] and parameters: {'k1': 0.052334804885400876, 'D_low': 8454.098152188677, 'k2': 0.001566517163094646, 'D_high': 385585.1668717026, 'fire_exp': 8.791426299948917, 'P_half': 2.843767489444367, 'pre_dampen_half': 33.71909132517388, 'gpp_af': 0.25562996323356013, 'gpp_b': 0.0054502936945582505, 'gpp_d': 700.6693992445935, 'ign_k': 4.59148521674054, 'ign_c': 14.452451441203314, 'trop_agb_crit': 5.707205898008383, 'trop_k_veg': 1.7428926895756522, 'fuel_k': 3.6992394681929355, 'fuel_half': 0.3335026483569958}.

[done] 2500 trials in 18.2 min
[pareto] 12 non-dominated trials, 12 with fp_score >= 0.8
[chosen] trial 2423: ILAMB=0.6225  fp_score=0.9422  ratio=1.23
[best] Bias=0.6918  RMSE=0.3975  Seas=0.8197  Spatial=0.8057  Overall=0.6225
[diag] raw rate land-mean (yr^-1): 0.07787  (target ~ 0.06082)
[write] /Volumes/RICHIE - T7/FIRE_OFFLINE/models/C/params.coupledE.json
[write] /Volumes/RICHIE - T7/FIRE_OFFLINE/ilamb/MODELS/ED-ModelC-final/burntArea.coupledE.nc  (10.4 MB)

[FIX2] dumping top-6 Pareto candidates -> /Volumes/RICHIE - T7/FIRE_OFFLINE/ilamb/MODELS_TOPK_coupledE
  k1: trial 2423  internal_overall=0.6225  taylor=0.7966  sigma=1.092  fp=0.942  ratio=1.23  amp=1.00
  k2: trial 1867  internal_overall=0.6071  taylor=0.7871  sigma=0.998  fp=0.952  ratio=0.97  amp=1.00
  k3: trial 2344  internal_overall=0.6056  taylor=0.7844  sigma=0.990  fp=0.960  ratio=0.89  amp=1.00
  k4: trial 2066  internal_overall=0.5849  taylor=0.7382  sigma=1.249  fp=0.962  ratio=1.06  amp=1.00
  k5: trial 2453  internal_overall=0.5621  taylor=0.7371  sigma=1.040  fp=0.973  ratio=0.83  amp=1.00
  k6: trial 2316  internal_overall=0.5629  taylor=0.7366  sigma=1.027  fp=0.973  ratio=0.80  amp=1.00
[FIX2] manifest -> /Volumes/RICHIE - T7/FIRE_OFFLINE/models/C/topk.coupledE.json
[FIX2] re-score all candidates with official ILAMB (CLAUDE.md recipe; clean ._* first), e.g. --model_root "$PWD/ilamb/MODELS_TOPK_coupledE"
[FIX2] promote the candidate with the best OFFICIAL Overall, NOT the internal one.
