[I 2026-07-24 02:13:44,760] Trial 1024 finished with value: 0.43096652638939936 and parameters: {'k1': 2.7798094661766226e-05, 'D_low': 12.453947456710658, 'k2': 0.002268663854172984, 'D_high': 4291767.727868897, 'fire_exp': 1.5183593858101836, 'P_half': 15.284481920373437, 'pre_dampen_half': 1.1275968921282034, 'gpp_af': 0.008374527610422362, 'gpp_b': 1.4973231979888873e-05, 'gpp_d': 1.2201534491506205, 'ign_k': 0.04026532917166131, 'ign_c': 0.17459241928803082, 'trop_agb_crit': 1.108138343680063, 'trop_k_veg': 2.0831774114399, 'gdp_gamma': 1.0019806012865282, 'fuel_k': 0.015654421490192957, 'fuel_half': 2.939462343063459}. Best is trial 335 with value: -0.6233152110406992.
[I 2026-07-24 02:13:45,217] Trial 1025 finished with value: 0.5823614675816084 and parameters: {'k1': 0.00013959420089266672, 'D_low': 8.600683132992884, 'k2': 0.002146815729092017, 'D_high': 36814.10642960182, 'fire_exp': 2.083426013326549, 'P_half': 1675.434434354743, 'pre_dampen_half': 10.25959128044309, 'gpp_af': 0.012697555248030136, 'gpp_b': 0.00014125064655444767, 'gpp_d': 1.2848503877486428, 'ign_k': 0.002126804943749199, 'ign_c': 0.10771999708585489, 'trop_agb_crit': 3.1926441841875546, 'trop_k_veg': 0.8982995310414795, 'gdp_gamma': 1.1849097187797806, 'fuel_k': 0.01123997530854472, 'fuel_half': 31.52781371534465}. Best is trial 335 with value: -0.6233152110406992.
[I 2026-07-24 02:13:45,671] Trial 1026 finished with value: 0.5750164127688067 and parameters: {'k1': 1.0284931681933116e-05, 'D_low': 1.061341868097647, 'k2': 0.005244392531140698, 'D_high': 105858.20977451921, 'fire_exp': 1.3509131966096883, 'P_half': 236.58388889029416, 'pre_dampen_half': 0.27093315353545694, 'gpp_af': 0.19631252756106146, 'gpp_b': 0.011333241077358827, 'gpp_d': 5.553012382651096, 'ign_k': 0.006881232872417344, 'ign_c': 1.0463671257416634, 'trop_agb_crit': 2.4935982128666425, 'trop_k_veg': 0.939496779737419, 'gdp_gamma': 0.14570838919074947, 'fuel_k': 0.01246198632583864, 'fuel_half': 0.27065346908218}. Best is trial 335 with value: -0.6233152110406992.
[I 2026-07-24 02:13:46,129] Trial 1027 finished with value: 0.45350593676722917 and parameters: {'k1': 1.02047071048337e-05, 'D_low': 36.91004317859094, 'k2': 0.003375677433868638, 'D_high': 2752707.670304172, 'fire_exp': 1.109176859225486, 'P_half': 5.311161716912597, 'pre_dampen_half': 0.4131472652289474, 'gpp_af': 0.027107954071884856, 'gpp_b': 0.011795149220375205, 'gpp_d': 2.824751978644256, 'ign_k': 0.012875453889335147, 'ign_c': 7.5794564372259385, 'trop_agb_crit': 6.997809418637025, 'trop_k_veg': 0.5887064967743635, 'gdp_gamma': 1.743607207520876, 'fuel_k': 0.04270130841423094, 'fuel_half': 0.17514328082542477}. Best is trial 335 with value: -0.6233152110406992.
[I 2026-07-24 02:13:46,590] Trial 1028 finished with value: -0.5404934429079173 and parameters: {'k1': 0.00020952544051644985, 'D_low': 1.5042298474178957, 'k2': 3.785608842474461e-05, 'D_high': 5154492.802659886, 'fire_exp': 1.979555547428494, 'P_half': 40.875830893898176, 'pre_dampen_half': 6.012675358295913, 'gpp_af': 0.133898018171022, 'gpp_b': 2.8845914387028838e-05, 'gpp_d': 0.09954782762609621, 'ign_k': 0.0011115410046058701, 'ign_c': 4.293238210877403, 'trop_agb_crit': 2.734978191971606, 'trop_k_veg': 1.3830983729754798, 'gdp_gamma': 0.7369470487565236, 'fuel_k': 0.04871645344996814, 'fuel_half': 9.418857244527079}. Best is trial 335 with value: -0.6233152110406992.
[I 2026-07-24 02:13:47,049] Trial 1029 finished with value: 0.4529675698638437 and parameters: {'k1': 0.00010436411501956864, 'D_low': 12.312826530236892, 'k2': 0.002199030390022209, 'D_high': 124334.42255093234, 'fire_exp': 1.4371533394439173, 'P_half': 250.20420598130949, 'pre_dampen_half': 0.17875495404325414, 'gpp_af': 0.010262017391966721, 'gpp_b': 1.1016136996642382e-05, 'gpp_d': 1.5064066980712068, 'ign_k': 0.009636672401248523, 'ign_c': 6.34956441785086, 'trop_agb_crit': 6.620218553959649, 'trop_k_veg': 0.9414752932681064, 'gdp_gamma': 1.542239442014313, 'fuel_k': 0.02133952941360207, 'fuel_half': 22.92002619413184}. Best is trial 335 with value: -0.6233152110406992.
[I 2026-07-24 02:13:47,503] Trial 1030 finished with value: 0.5090089641557529 and parameters: {'k1': 1.587410577717524e-05, 'D_low': 332.0919231025069, 'k2': 0.04041319265351585, 'D_high': 75854.00679572477, 'fire_exp': 1.4824631602972775, 'P_half': 6.426424037039948, 'pre_dampen_half': 0.14383845073706542, 'gpp_af': 0.03190455717671275, 'gpp_b': 4.8920210383371456e-05, 'gpp_d': 31.81056541248676, 'ign_k': 0.08892036640609736, 'ign_c': 0.33086296590951486, 'trop_agb_crit': 6.320633019257759, 'trop_k_veg': 1.3716635523364147, 'gdp_gamma': 0.42435217525815244, 'fuel_k': 0.02229225155931582, 'fuel_half': 3.312030315714497}. Best is trial 335 with value: -0.6233152110406992.
[I 2026-07-24 02:13:47,963] Trial 1031 finished with value: 0.5635254233143414 and parameters: {'k1': 0.0019423522883926462, 'D_low': 3.088673058170311, 'k2': 3.9818689954846223e-05, 'D_high': 2862366.9040777218, 'fire_exp': 2.716686874038637, 'P_half': 635.7848750793565, 'pre_dampen_half': 8.711991506455151, 'gpp_af': 0.0036945180283330615, 'gpp_b': 5.561241795834994e-05, 'gpp_d': 7.556276167298572, 'ign_k': 0.016693690351182396, 'ign_c': 0.6159199057337807, 'trop_agb_crit': 6.090030619836381, 'trop_k_veg': 1.5841251456144585, 'gdp_gamma': 0.3252914517423652, 'fuel_k': 0.021231076141872127, 'fuel_half': 3.66094697422159}. Best is trial 335 with value: -0.6233152110406992.
[I 2026-07-24 02:13:48,419] Trial 1032 finished with value: 0.6426033160535961 and parameters: {'k1': 0.0009792227925030884, 'D_low': 6490.177718838699, 'k2': 9.73087991339155e-05, 'D_high': 21608.444459703158, 'fire_exp': 2.946735806972887, 'P_half': 13.958253452622, 'pre_dampen_half': 23.26232473089256, 'gpp_af': 11.69825567599628, 'gpp_b': 0.10219658180907988, 'gpp_d': 0.019357415228936387, 'ign_k': 0.0010808311678379943, 'ign_c': 0.2770198193637474, 'trop_agb_crit': 20.64781571928429, 'trop_k_veg': 5.635423722641476, 'gdp_gamma': 0.0023159357950341786, 'fuel_k': 5.530060710734957, 'fuel_half': 5.807841136232164}. Best is trial 335 with value: -0.6233152110406992.
[I 2026-07-24 02:13:48,876] Trial 1033 finished with value: 0.4754047578480691 and parameters: {'k1': 0.002354359429996201, 'D_low': 91.55427707426838, 'k2': 0.0022186534120662077, 'D_high': 13591.008611299314, 'fire_exp': 1.4449687866194596, 'P_half': 103.36623346319124, 'pre_dampen_half': 6.064693448387234, 'gpp_af': 0.002507780931628725, 'gpp_b': 0.00019440534500904432, 'gpp_d': 3.497868839144757, 'ign_k': 0.00369820762668902, 'ign_c': 0.16000545678179479, 'trop_agb_crit': 2.4940525186111726, 'trop_k_veg': 1.0449047011169401, 'gdp_gamma': 0.6248198435569874, 'fuel_k': 0.04175015313828359, 'fuel_half': 3.0220481182409658}. Best is trial 335 with value: -0.6233152110406992.
[I 2026-07-24 02:13:49,336] Trial 1034 finished with value: 0.48667376749653557 and parameters: {'k1': 0.0002670135791778553, 'D_low': 1338.9045282250788, 'k2': 0.003243584903097875, 'D_high': 1756393.7878146372, 'fire_exp': 1.2006502763072264, 'P_half': 16.302859161691167, 'pre_dampen_half': 7.525613828317058, 'gpp_af': 0.03907321255201944, 'gpp_b': 5.149962950169552e-05, 'gpp_d': 0.21380294699633304, 'ign_k': 0.0011620472746772053, 'ign_c': 9.264075275251065, 'trop_agb_crit': 24.082096857039502, 'trop_k_veg': 2.4839394982686827, 'gdp_gamma': 0.741207142247715, 'fuel_k': 0.080680668741447, 'fuel_half': 68.88411610614952}. Best is trial 335 with value: -0.6233152110406992.
[I 2026-07-24 02:13:49,794] Trial 1035 finished with value: 0.45853919374386964 and parameters: {'k1': 1.4185193820069432e-05, 'D_low': 2.3280575636394074, 'k2': 0.00022415216407539612, 'D_high': 538663.7126549812, 'fire_exp': 1.2782317902021865, 'P_half': 25.25424620561693, 'pre_dampen_half': 0.29629775073753595, 'gpp_af': 0.0035754621110721547, 'gpp_b': 0.00011155142916519468, 'gpp_d': 5.392232864726507, 'ign_k': 0.032954272871255075, 'ign_c': 0.17214912826811582, 'trop_agb_crit': 4.572039065985004, 'trop_k_veg': 0.8398855147722634, 'gdp_gamma': 0.5109516122631343, 'fuel_k': 0.010024518263928393, 'fuel_half': 8.989353325002554}. Best is trial 335 with value: -0.6233152110406992.
[I 2026-07-24 02:13:50,255] Trial 1036 finished with value: 0.5285119711623183 and parameters: {'k1': 0.00044419293593276715, 'D_low': 2.184190324143581, 'k2': 0.0002107382047553317, 'D_high': 61176.0646705068, 'fire_exp': 1.0184143417364058, 'P_half': 368.26762703259726, 'pre_dampen_half': 49.24701316751687, 'gpp_af': 0.005677215241782849, 'gpp_b': 1.928003323067427e-05, 'gpp_d': 0.8388523716275019, 'ign_k': 0.014099182275377096, 'ign_c': 1.1858986673156264, 'trop_agb_crit': 1.6659832403229449, 'trop_k_veg': 0.7523736786826393, 'gdp_gamma': 1.1644870297653978, 'fuel_k': 0.013664785756408221, 'fuel_half': 0.9699386186895524}. Best is trial 335 with value: -0.6233152110406992.
[I 2026-07-24 02:13:50,715] Trial 1037 finished with value: 0.5863487658466776 and parameters: {'k1': 0.0001756179181120582, 'D_low': 3.4152780581259568, 'k2': 1.842015678410951e-05, 'D_high': 16746.41026151016, 'fire_exp': 1.416255073510115, 'P_half': 2564.2198365205522, 'pre_dampen_half': 77.79692611992516, 'gpp_af': 0.0024491887784336684, 'gpp_b': 0.0007841610498399896, 'gpp_d': 1.7653231331769585, 'ign_k': 0.0026705242134445538, 'ign_c': 1.2833030899643998, 'trop_agb_crit': 4.307381574924972, 'trop_k_veg': 0.8370909455847394, 'gdp_gamma': 0.6921209512000782, 'fuel_k': 0.021330688674320586, 'fuel_half': 6.725876456005478}. Best is trial 335 with value: -0.6233152110406992.
[I 2026-07-24 02:13:51,175] Trial 1038 finished with value: 0.5847124215236679 and parameters: {'k1': 0.00364644217242839, 'D_low': 8.240906243201971, 'k2': 0.005575460406895445, 'D_high': 539440.9781514419, 'fire_exp': 3.441627547504265, 'P_half': 1979.9613605136792, 'pre_dampen_half': 31.59737347592831, 'gpp_af': 1.6554216059814386, 'gpp_b': 1.994656274802578e-05, 'gpp_d': 293.59782069463427, 'ign_k': 0.004321367494074129, 'ign_c': 0.10536943664128266, 'trop_agb_crit': 15.061252267390799, 'trop_k_veg': 2.604862939937108, 'gdp_gamma': 1.035141857694823, 'fuel_k': 0.010151228516773225, 'fuel_half': 1.2039387820177816}. Best is trial 335 with value: -0.6233152110406992.
[I 2026-07-24 02:13:51,725] Trial 1039 finished with value: 0.5941078173338036 and parameters: {'k1': 0.0012419368222914484, 'D_low': 161.3222821204046, 'k2': 0.0011654567914995424, 'D_high': 1032976.4648408006, 'fire_exp': 1.3456300951192732, 'P_half': 4.591906838613046, 'pre_dampen_half': 2.6648468051117673, 'gpp_af': 0.0016484465416513937, 'gpp_b': 0.021484396331253017, 'gpp_d': 18.39208945522685, 'ign_k': 0.0014536589021053984, 'ign_c': 0.24291141055560989, 'trop_agb_crit': 1.0937211328898309, 'trop_k_veg': 2.0274998473591794, 'gdp_gamma': 1.8361617612489614, 'fuel_k': 0.02500051503780783, 'fuel_half': 1.089115744514891}. Best is trial 335 with value: -0.6233152110406992.
[I 2026-07-24 02:13:52,185] Trial 1040 finished with value: 0.42960163133691576 and parameters: {'k1': 6.197164523033644e-05, 'D_low': 13.71384761176009, 'k2': 0.0001573753330215519, 'D_high': 1490525.5710647749, 'fire_exp': 1.7880833992594374, 'P_half': 58.28658168103176, 'pre_dampen_half': 0.9586163624282131, 'gpp_af': 0.0012063795753680159, 'gpp_b': 1.4625046439571603e-05, 'gpp_d': 13.323834077596032, 'ign_k': 0.0016055758922943735, 'ign_c': 0.6023002408167083, 'trop_agb_crit': 11.055739778392075, 'trop_k_veg': 0.6992892583631211, 'gdp_gamma': 1.693804918447131, 'fuel_k': 0.037630616988398514, 'fuel_half': 56.19749941348762}. Best is trial 335 with value: -0.6233152110406992.
[I 2026-07-24 02:13:52,643] Trial 1041 finished with value: 0.593042416995896 and parameters: {'k1': 6.698428352671096e-05, 'D_low': 2.8442060194965415, 'k2': 0.0012829607598109684, 'D_high': 3737.328066327556, 'fire_exp': 1.3010225124632842, 'P_half': 273.81831110909894, 'pre_dampen_half': 3.9681184445083777, 'gpp_af': 0.01701080795307939, 'gpp_b': 5.421612445670884e-05, 'gpp_d': 16.851623776990174, 'ign_k': 0.006525375122966067, 'ign_c': 0.12095301431815801, 'trop_agb_crit': 6.78027973320803, 'trop_k_veg': 1.5622926038741893, 'gdp_gamma': 0.288762945112411, 'fuel_k': 0.012338840826324173, 'fuel_half': 21.351347196862715}. Best is trial 335 with value: -0.6233152110406992.
[I 2026-07-24 02:13:53,109] Trial 1042 finished with value: 0.38264939720191304 and parameters: {'k1': 5.054165278013672e-05, 'D_low': 31.22039898766808, 'k2': 0.0014090705318432323, 'D_high': 372789.2803942828, 'fire_exp': 1.2287248263361807, 'P_half': 106.69724126521882, 'pre_dampen_half': 2.8096938331955887, 'gpp_af': 0.006655578258878369, 'gpp_b': 8.784042487254666e-05, 'gpp_d': 14.378210682635293, 'ign_k': 0.0013390308472696006, 'ign_c': 1.062101628459999, 'trop_agb_crit': 16.277813866723335, 'trop_k_veg': 1.2898986716529273, 'gdp_gamma': 0.8027744124565763, 'fuel_k': 0.01076830932025019, 'fuel_half': 2.7704651322776375}. Best is trial 335 with value: -0.6233152110406992.
[I 2026-07-24 02:13:53,566] Trial 1043 finished with value: 0.48961791587119596 and parameters: {'k1': 8.707932640078419e-05, 'D_low': 14.086619738974125, 'k2': 0.028773011825150956, 'D_high': 3436645.788477357, 'fire_exp': 1.4324669966554722, 'P_half': 47.80578493870016, 'pre_dampen_half': 1.2424625376724845, 'gpp_af': 0.1719935293588162, 'gpp_b': 0.0008715516547598714, 'gpp_d': 0.36388159463369846, 'ign_k': 0.059912772393639714, 'ign_c': 0.6589069411440017, 'trop_agb_crit': 26.435761838625524, 'trop_k_veg': 0.5926641782083227, 'gdp_gamma': 0.0385414543875229, 'fuel_k': 1.426960434435006, 'fuel_half': 64.80251028108219}. Best is trial 335 with value: -0.6233152110406992.
[I 2026-07-24 02:13:54,025] Trial 1044 finished with value: 0.5031143296252931 and parameters: {'k1': 2.2870968616745323e-05, 'D_low': 1.3437913480943329, 'k2': 0.0011207298896130499, 'D_high': 944327.9397227111, 'fire_exp': 1.6572083277907994, 'P_half': 690.839842988459, 'pre_dampen_half': 2.8481112255470187, 'gpp_af': 0.00545604395275439, 'gpp_b': 1.4728705404535923e-05, 'gpp_d': 0.05972260298220935, 'ign_k': 0.019816465990732685, 'ign_c': 0.4275597677381202, 'trop_agb_crit': 3.465165749599649, 'trop_k_veg': 0.6489830307375032, 'gdp_gamma': 0.6336892945258081, 'fuel_k': 0.017170843163142196, 'fuel_half': 5.305880583254308}. Best is trial 335 with value: -0.6233152110406992.
[I 2026-07-24 02:13:54,479] Trial 1045 finished with value: 0.46791646278681376 and parameters: {'k1': 1.7158014673914313e-05, 'D_low': 2489.417466454648, 'k2': 0.02043604066621001, 'D_high': 2995056.7916728337, 'fire_exp': 1.6157722257579517, 'P_half': 71.65109184498402, 'pre_dampen_half': 2.105752550949377, 'gpp_af': 0.010304421672966626, 'gpp_b': 0.0002614691241315602, 'gpp_d': 0.06402045284417328, 'ign_k': 0.002281763726958971, 'ign_c': 3.905937404905003, 'trop_agb_crit': 12.707566209425192, 'trop_k_veg': 0.8488553665127526, 'gdp_gamma': 0.7228005663673478, 'fuel_k': 0.41704209501754025, 'fuel_half': 80.82038413090966}. Best is trial 335 with value: -0.6233152110406992.
[I 2026-07-24 02:13:54,935] Trial 1046 finished with value: 0.5528776643156792 and parameters: {'k1': 1.3430683134807818e-05, 'D_low': 35.44236101227512, 'k2': 0.0028062813540272098, 'D_high': 14799.642003137587, 'fire_exp': 1.3381571372774426, 'P_half': 2.255388669336033, 'pre_dampen_half': 9.954943448861982, 'gpp_af': 0.0035906139864285546, 'gpp_b': 0.0025377917522159087, 'gpp_d': 1.8184080127847437, 'ign_k': 0.16437912043563893, 'ign_c': 0.9365615492494319, 'trop_agb_crit': 8.598719841562152, 'trop_k_veg': 0.8054911615588286, 'gdp_gamma': 0.07416029492155103, 'fuel_k': 0.03611570840518051, 'fuel_half': 0.14337556980244878}. Best is trial 335 with value: -0.6233152110406992.
[I 2026-07-24 02:13:55,394] Trial 1047 finished with value: 0.5724665976104826 and parameters: {'k1': 5.9312827260551305e-05, 'D_low': 6.939099599840503, 'k2': 6.226993912060134e-05, 'D_high': 7348.476698100207, 'fire_exp': 1.3041854899536518, 'P_half': 45.461934112020145, 'pre_dampen_half': 0.25254062985529896, 'gpp_af': 0.005222948535692676, 'gpp_b': 1.0503532052820673e-05, 'gpp_d': 1.9714316868789659, 'ign_k': 0.005833164429975858, 'ign_c': 0.27161108079909885, 'trop_agb_crit': 7.403551732351378, 'trop_k_veg': 0.5289877793661335, 'gdp_gamma': 0.8000365023281942, 'fuel_k': 0.014198951766671075, 'fuel_half': 3.5106645125587197}. Best is trial 335 with value: -0.6233152110406992.
[I 2026-07-24 02:13:55,848] Trial 1048 finished with value: 0.5160275713801015 and parameters: {'k1': 0.0015165359799343694, 'D_low': 53.945923707985436, 'k2': 0.00029657281768699574, 'D_high': 145756.1181007219, 'fire_exp': 1.439704168531968, 'P_half': 16.417361631216494, 'pre_dampen_half': 28.927057708901167, 'gpp_af': 0.0048991240761624205, 'gpp_b': 1.3639962746099018e-05, 'gpp_d': 51.46981754363156, 'ign_k': 0.05359642023163293, 'ign_c': 1.8572594717973603, 'trop_agb_crit': 1.060792715878811, 'trop_k_veg': 1.56765376633662, 'gdp_gamma': 0.4477235715541314, 'fuel_k': 0.016400768496613757, 'fuel_half': 0.8629653042175551}. Best is trial 335 with value: -0.6233152110406992.
[I 2026-07-24 02:13:56,304] Trial 1049 finished with value: 0.4554224102451391 and parameters: {'k1': 0.00034225861869981205, 'D_low': 17.721211971623998, 'k2': 0.00013326913702934272, 'D_high': 9662797.145031365, 'fire_exp': 1.0981295299013398, 'P_half': 30.612503640188386, 'pre_dampen_half': 1.688814442632029, 'gpp_af': 0.002349119562199523, 'gpp_b': 0.00010488375323023105, 'gpp_d': 41.60598455988623, 'ign_k': 0.014030348989095736, 'ign_c': 1.3885700855576661, 'trop_agb_crit': 3.024499231864423, 'trop_k_veg': 1.2162804424206008, 'gdp_gamma': 1.7023560751802096, 'fuel_k': 0.011309084941012139, 'fuel_half': 12.24181113950424}. Best is trial 335 with value: -0.6233152110406992.
[I 2026-07-24 02:13:56,758] Trial 1050 finished with value: 0.5875388741524985 and parameters: {'k1': 0.014488097474669172, 'D_low': 2.7578359320812806, 'k2': 5.757263971470364e-05, 'D_high': 287078.31539208355, 'fire_exp': 2.8946971720543355, 'P_half': 4.870965355005147, 'pre_dampen_half': 0.07652214208859365, 'gpp_af': 0.09607304441447763, 'gpp_b': 0.1254330486098069, 'gpp_d': 5.575536316705118, 'ign_k': 0.003949350928807731, 'ign_c': 0.645362305634218, 'trop_agb_crit': 3.0682453135694305, 'trop_k_veg': 0.6452244337221456, 'gdp_gamma': 0.2040124651094066, 'fuel_k': 0.22744129840108912, 'fuel_half': 48.19988834417167}. Best is trial 335 with value: -0.6233152110406992.
[I 2026-07-24 02:13:57,210] Trial 1051 finished with value: 0.5996694617049434 and parameters: {'k1': 0.04901116100343361, 'D_low': 2.8071078481323326, 'k2': 0.015464949532642047, 'D_high': 51427.79435673702, 'fire_exp': 1.9410246409481073, 'P_half': 2592.189946387251, 'pre_dampen_half': 58.536514712896306, 'gpp_af': 0.002247018031838367, 'gpp_b': 0.0006293552982660209, 'gpp_d': 126.51413320126899, 'ign_k': 0.0012487448388680481, 'ign_c': 45.459306201040405, 'trop_agb_crit': 3.6658400595873815, 'trop_k_veg': 0.69724932760695, 'gdp_gamma': 0.3068207482930812, 'fuel_k': 0.05055628363741224, 'fuel_half': 86.54324407988479}. Best is trial 335 with value: -0.6233152110406992.
[I 2026-07-24 02:13:57,660] Trial 1052 finished with value: -0.5798219092138375 and parameters: {'k1': 3.140979475706154e-05, 'D_low': 2.253000676679287, 'k2': 0.0004829303079323072, 'D_high': 52765.19683371389, 'fire_exp': 1.0271640039639687, 'P_half': 1733.0510058562395, 'pre_dampen_half': 10.122197221938338, 'gpp_af': 0.001727902580986136, 'gpp_b': 9.383104400194299e-05, 'gpp_d': 4.149988759467693, 'ign_k': 0.007733039407803519, 'ign_c': 4.113945043239685, 'trop_agb_crit': 7.779854087190386, 'trop_k_veg': 1.7682480491653254, 'gdp_gamma': 0.8372030305083373, 'fuel_k': 0.014646823972716778, 'fuel_half': 5.225402254365859}. Best is trial 335 with value: -0.6233152110406992.
[I 2026-07-24 02:13:58,117] Trial 1053 finished with value: 0.4944243875911265 and parameters: {'k1': 0.0005705719670082179, 'D_low': 14.312332969375305, 'k2': 0.00013107945011796117, 'D_high': 15521.51415683132, 'fire_exp': 1.321516759555713, 'P_half': 50.60491991611121, 'pre_dampen_half': 1.1429634859343722, 'gpp_af': 0.0034477187829281804, 'gpp_b': 0.00018917081712737318, 'gpp_d': 12.12295059338278, 'ign_k': 0.010015682025158472, 'ign_c': 0.5936942787064208, 'trop_agb_crit': 3.232089971892855, 'trop_k_veg': 0.8581698430726635, 'gdp_gamma': 0.9046824235638085, 'fuel_k': 0.012536285769276031, 'fuel_half': 89.05311250482949}. Best is trial 335 with value: -0.6233152110406992.
[I 2026-07-24 02:13:58,570] Trial 1054 finished with value: 0.5151668498312566 and parameters: {'k1': 0.006683186543416528, 'D_low': 163.88372517924338, 'k2': 0.01084247288173888, 'D_high': 4173186.0383139625, 'fire_exp': 1.5351686506623465, 'P_half': 126.12888673154546, 'pre_dampen_half': 0.5033953346988452, 'gpp_af': 2.813724675580694, 'gpp_b': 1.6051542130999844e-05, 'gpp_d': 803.0896114919401, 'ign_k': 0.0030320806092475876, 'ign_c': 0.34415491362729056, 'trop_agb_crit': 27.43808688741335, 'trop_k_veg': 1.4885318811214034, 'gdp_gamma': 0.1815508606806318, 'fuel_k': 0.0202318583985191, 'fuel_half': 9.725751576058864}. Best is trial 335 with value: -0.6233152110406992.
[I 2026-07-24 02:13:59,026] Trial 1055 finished with value: -0.6062002360922107 and parameters: {'k1': 5.1456466233107165e-05, 'D_low': 1.2193205867137293, 'k2': 0.0026813546748014694, 'D_high': 464468.85461392644, 'fire_exp': 1.7051537090755342, 'P_half': 417.01375654711023, 'pre_dampen_half': 149.22314064632158, 'gpp_af': 0.002067900940404138, 'gpp_b': 1.8711212351397033e-05, 'gpp_d': 1.6072525575859087, 'ign_k': 0.007415733552892978, 'ign_c': 2.0832783138936644, 'trop_agb_crit': 3.0309081603763453, 'trop_k_veg': 0.8145334263188341, 'gdp_gamma': 0.8265967678757574, 'fuel_k': 0.066789983871118, 'fuel_half': 7.842237065207055}. Best is trial 335 with value: -0.6233152110406992.
