[I 2026-08-20 00:14:20,407] Trial 340 finished with value: 0.589234375115254 and parameters: {'k1': 0.0923954733381815, 'D_low': 8.024080425028025, 'k2': 0.00012496404413970259, 'D_high': 1823820.0697906928, 'fire_exp': 4.274161055371323, 'P_half': 3159.6534040224997, 'pre_dampen_half': 21.100307590293838, 'gpp_af': 4.089239954515152, 'gpp_b': 0.005090091279056667, 'gpp_d': 15.600380918023664, 'ign_k': 0.3806404695743436, 'ign_c': 11.941976701609208, 'trop_agb_crit': 11.99481675665178, 'trop_k_veg': 1.0257643067295017}. Best is trial 0 with value: -0.5989088506199346.
[I 2026-08-20 00:14:23,207] Trial 341 finished with value: 0.6445374145881376 and parameters: {'k1': 0.030463092202374215, 'D_low': 2414.2487669360844, 'k2': 0.001580039311756597, 'D_high': 960341.45766648, 'fire_exp': 1.5571676474347613, 'P_half': 6559.621289271767, 'pre_dampen_half': 6.2558851437779035, 'gpp_af': 0.7732524443118919, 'gpp_b': 0.006416272231351225, 'gpp_d': 234.5161024890308, 'ign_k': 1.957303274789082, 'ign_c': 95.05216300522639, 'trop_agb_crit': 20.6614963617019, 'trop_k_veg': 1.1106892723671138}. Best is trial 0 with value: -0.5989088506199346.
[I 2026-08-20 00:14:25,585] Trial 342 finished with value: 0.5167736229993166 and parameters: {'k1': 0.0003106217754759448, 'D_low': 13162.108998782258, 'k2': 0.029783703084044273, 'D_high': 243814.04958484054, 'fire_exp': 1.1803652439779047, 'P_half': 2.039087512564538, 'pre_dampen_half': 0.06509098362987205, 'gpp_af': 0.041226663553553825, 'gpp_b': 3.5903814951336e-05, 'gpp_d': 58.230025103583934, 'ign_k': 0.17089873910054532, 'ign_c': 0.4870075266788091, 'trop_agb_crit': 9.337704729632543, 'trop_k_veg': 5.936186584269007}. Best is trial 0 with value: -0.5989088506199346.
[I 2026-08-20 00:14:27,999] Trial 343 finished with value: -0.5271123948731258 and parameters: {'k1': 0.00013845103031298115, 'D_low': 17122.60244748611, 'k2': 0.038800804193899835, 'D_high': 962413.0524445206, 'fire_exp': 2.0619115998541804, 'P_half': 2.5357788119173255, 'pre_dampen_half': 1.338377481005325, 'gpp_af': 2.827625973942095, 'gpp_b': 2.069633599856632e-05, 'gpp_d': 2.7493706524959407, 'ign_k': 0.3844594069459424, 'ign_c': 0.15777742437389242, 'trop_agb_crit': 20.005177485575967, 'trop_k_veg': 7.0042752165362705}. Best is trial 0 with value: -0.5989088506199346.
[I 2026-08-20 00:14:30,349] Trial 344 finished with value: 0.4166955221899393 and parameters: {'k1': 0.004786089517053427, 'D_low': 2.019333216732231, 'k2': 0.07405707287159814, 'D_high': 924933.0402088314, 'fire_exp': 1.798667157198387, 'P_half': 16.16485604475199, 'pre_dampen_half': 1.8070832926086091, 'gpp_af': 0.14814279674377037, 'gpp_b': 0.0003857518794423268, 'gpp_d': 0.7881287919645269, 'ign_k': 0.3169640453185717, 'ign_c': 0.22441944423145918, 'trop_agb_crit': 15.515719520142667, 'trop_k_veg': 7.735231449509662}. Best is trial 0 with value: -0.5989088506199346.
[I 2026-08-20 00:14:32,841] Trial 345 finished with value: 0.5736596723839068 and parameters: {'k1': 0.00027611946008250846, 'D_low': 98.88880244039815, 'k2': 0.003027333160189664, 'D_high': 11560.448226198587, 'fire_exp': 5.066467933925945, 'P_half': 23.0964834074182, 'pre_dampen_half': 69.85569008105492, 'gpp_af': 2.825628432843971, 'gpp_b': 0.0026828381067668453, 'gpp_d': 564.0638300682647, 'ign_k': 0.15459866484720788, 'ign_c': 0.37312931212546857, 'trop_agb_crit': 24.98217821955769, 'trop_k_veg': 7.338882667611463}. Best is trial 0 with value: -0.5989088506199346.
[I 2026-08-20 00:14:36,029] Trial 346 finished with value: 0.4914749403914541 and parameters: {'k1': 0.015551356150570683, 'D_low': 9155.997676123618, 'k2': 0.013672907346624633, 'D_high': 1337078.912271252, 'fire_exp': 1.8641719839537116, 'P_half': 7.540535845358233, 'pre_dampen_half': 1.6890283163442619, 'gpp_af': 0.28793009116182455, 'gpp_b': 0.002705033144708702, 'gpp_d': 0.48394545638777603, 'ign_k': 0.5074453180514317, 'ign_c': 0.8871036102179213, 'trop_agb_crit': 5.90596545472876, 'trop_k_veg': 4.789767628427974}. Best is trial 0 with value: -0.5989088506199346.
[I 2026-08-20 00:14:38,560] Trial 347 finished with value: 0.6120013992020968 and parameters: {'k1': 0.009646994191920827, 'D_low': 3.5842883261870466, 'k2': 0.006317465517130076, 'D_high': 1811984.1014251052, 'fire_exp': 2.076694338659893, 'P_half': 9098.447151731274, 'pre_dampen_half': 467.8283756715591, 'gpp_af': 26.228287838042398, 'gpp_b': 0.08577531958485637, 'gpp_d': 24.999345957195214, 'ign_k': 0.2095160532457204, 'ign_c': 2.930147543181328, 'trop_agb_crit': 15.459575095449889, 'trop_k_veg': 1.431262120381995}. Best is trial 0 with value: -0.5989088506199346.
[I 2026-08-20 00:14:40,983] Trial 348 finished with value: 0.4318298365589005 and parameters: {'k1': 0.0017584937538036023, 'D_low': 1129.3171258099944, 'k2': 0.013302200704866016, 'D_high': 2207279.94379423, 'fire_exp': 3.620503624618637, 'P_half': 5.127170798035748, 'pre_dampen_half': 12.243478284764198, 'gpp_af': 1.018021232271399, 'gpp_b': 0.00046859319187843274, 'gpp_d': 4.8128482059833715, 'ign_k': 0.2037973915531282, 'ign_c': 0.1045063889174223, 'trop_agb_crit': 20.12746341240571, 'trop_k_veg': 7.009837220745625}. Best is trial 0 with value: -0.5989088506199346.
[I 2026-08-20 00:14:43,541] Trial 349 finished with value: 0.5691513273667858 and parameters: {'k1': 0.04283546454092887, 'D_low': 935.9909773370347, 'k2': 7.71261218628699e-05, 'D_high': 6994112.826424754, 'fire_exp': 1.8350193594030348, 'P_half': 630.969838345098, 'pre_dampen_half': 1.631600599303182, 'gpp_af': 4.401798262201111, 'gpp_b': 0.007234846883917483, 'gpp_d': 917.4492699120693, 'ign_k': 0.016529846216722727, 'ign_c': 12.08546743692068, 'trop_agb_crit': 9.51667560618153, 'trop_k_veg': 0.9833053546467245}. Best is trial 0 with value: -0.5989088506199346.
[I 2026-08-20 00:14:45,937] Trial 350 finished with value: 0.5333151442331018 and parameters: {'k1': 4.116271710359193e-05, 'D_low': 103295.61182573988, 'k2': 0.0007161106969322563, 'D_high': 854276.4492619553, 'fire_exp': 1.6316230252488766, 'P_half': 46.61112294650566, 'pre_dampen_half': 2.0003099509918134, 'gpp_af': 0.5648524234072778, 'gpp_b': 1.6352266536507063e-05, 'gpp_d': 1.5959899677783889, 'ign_k': 0.10255750972416813, 'ign_c': 0.11494202101569863, 'trop_agb_crit': 6.669950071719917, 'trop_k_veg': 7.334666244245873}. Best is trial 0 with value: -0.5989088506199346.
[I 2026-08-20 00:14:48,427] Trial 351 finished with value: 0.45345910663328515 and parameters: {'k1': 0.00023790406080489404, 'D_low': 21.017284608551726, 'k2': 6.584832282685205e-05, 'D_high': 335898.435341957, 'fire_exp': 1.381760121485899, 'P_half': 9.664806643757219, 'pre_dampen_half': 25.98626406289391, 'gpp_af': 0.2362874316247348, 'gpp_b': 0.00045242735354291124, 'gpp_d': 35.49489929540496, 'ign_k': 0.4407983460705874, 'ign_c': 1.7442842074929579, 'trop_agb_crit': 5.8465424947217635, 'trop_k_veg': 1.1619222061879535}. Best is trial 0 with value: -0.5989088506199346.
[I 2026-08-20 00:14:50,917] Trial 352 finished with value: 0.5672939343480283 and parameters: {'k1': 0.03992389307596539, 'D_low': 28.36057405758063, 'k2': 0.0003242972405368557, 'D_high': 1560534.735972115, 'fire_exp': 1.6777510866153689, 'P_half': 118.35107755546431, 'pre_dampen_half': 433.55452296696757, 'gpp_af': 14.281779963002453, 'gpp_b': 2.8631428526182994, 'gpp_d': 12.565162149029124, 'ign_k': 0.06359754997773286, 'ign_c': 8.507031242758874, 'trop_agb_crit': 7.414993996508156, 'trop_k_veg': 2.236305298423858}. Best is trial 0 with value: -0.5989088506199346.
[I 2026-08-20 00:14:53,366] Trial 353 finished with value: -0.5811298726225154 and parameters: {'k1': 0.0005849428489234595, 'D_low': 1.5901610122970176, 'k2': 0.00033586597458436554, 'D_high': 1442075.758939118, 'fire_exp': 2.4624051701957987, 'P_half': 3.751038681846718, 'pre_dampen_half': 5.522311065282617, 'gpp_af': 2.0456977614604432, 'gpp_b': 0.026254437914391787, 'gpp_d': 100.57285642110605, 'ign_k': 0.5116161497997068, 'ign_c': 1.403484763934771, 'trop_agb_crit': 1.5247132958679324, 'trop_k_veg': 2.199334091611904}. Best is trial 0 with value: -0.5989088506199346.
[I 2026-08-20 00:14:55,841] Trial 354 finished with value: 0.539017503788761 and parameters: {'k1': 0.00020363749646411036, 'D_low': 12.988633137837999, 'k2': 0.000432474431960643, 'D_high': 242124.40710226173, 'fire_exp': 1.980801901871897, 'P_half': 1.844911476452921, 'pre_dampen_half': 10.512593067342838, 'gpp_af': 0.551449458287622, 'gpp_b': 0.3909858229815252, 'gpp_d': 16.808682038622536, 'ign_k': 3.007758798550554, 'ign_c': 2.2178823003264094, 'trop_agb_crit': 1.5006704757491032, 'trop_k_veg': 3.4879727808119703}. Best is trial 0 with value: -0.5989088506199346.
[I 2026-08-20 00:14:58,413] Trial 355 finished with value: 0.48444378260547794 and parameters: {'k1': 0.08063425925574505, 'D_low': 53.80535289087109, 'k2': 0.00041779815574492085, 'D_high': 4054570.4912936045, 'fire_exp': 2.7660805305505316, 'P_half': 543.4943396917272, 'pre_dampen_half': 25.814828894329374, 'gpp_af': 4.394813245838424, 'gpp_b': 0.15008613188600534, 'gpp_d': 250.1426851475677, 'ign_k': 0.6306622954062668, 'ign_c': 12.31033421327841, 'trop_agb_crit': 25.505768704415846, 'trop_k_veg': 5.353688450181289}. Best is trial 0 with value: -0.5989088506199346.
[I 2026-08-20 00:15:01,005] Trial 356 finished with value: 0.4993799015619671 and parameters: {'k1': 4.08157872180649e-05, 'D_low': 17102.43203426559, 'k2': 0.0740298305941884, 'D_high': 1944451.0638613836, 'fire_exp': 1.170079371121908, 'P_half': 5.1430105416098995, 'pre_dampen_half': 1.4571079749146587, 'gpp_af': 0.3825686516401387, 'gpp_b': 0.0003641722468951418, 'gpp_d': 0.5296746649330829, 'ign_k': 0.021575686218412257, 'ign_c': 0.1749144408528401, 'trop_agb_crit': 12.327506186792327, 'trop_k_veg': 4.830477765039197}. Best is trial 0 with value: -0.5989088506199346.
[I 2026-08-20 00:15:04,154] Trial 357 finished with value: 0.6134365839528231 and parameters: {'k1': 0.021544637709608922, 'D_low': 9757.704742615044, 'k2': 0.07420613590765295, 'D_high': 721531.7973943412, 'fire_exp': 1.7056652624435047, 'P_half': 46.151843939944754, 'pre_dampen_half': 11.448547565348907, 'gpp_af': 73.89884054745832, 'gpp_b': 0.02650372630205305, 'gpp_d': 455.2337722036788, 'ign_k': 0.2724876562623883, 'ign_c': 41.854559403286146, 'trop_agb_crit': 15.726536861233406, 'trop_k_veg': 1.3493584916344723}. Best is trial 0 with value: -0.5989088506199346.
[I 2026-08-20 00:15:06,581] Trial 358 finished with value: -0.5658062559600343 and parameters: {'k1': 0.00355957593892498, 'D_low': 2.087030117619564, 'k2': 7.54160510157448e-05, 'D_high': 1846715.2011987509, 'fire_exp': 3.0408937528096347, 'P_half': 4.556643006977223, 'pre_dampen_half': 1.3444950928653576, 'gpp_af': 0.8440825734803276, 'gpp_b': 0.004233006070744347, 'gpp_d': 76.21618000155983, 'ign_k': 1.2663491301855683, 'ign_c': 0.5042301079821142, 'trop_agb_crit': 6.342340618342526, 'trop_k_veg': 3.789112504154861}. Best is trial 0 with value: -0.5989088506199346.
[I 2026-08-20 00:15:09,087] Trial 359 finished with value: 0.44075903818202566 and parameters: {'k1': 0.006318286030344346, 'D_low': 3.7113189567999134, 'k2': 1.722575778259387e-05, 'D_high': 7200292.523178957, 'fire_exp': 2.1080649687037694, 'P_half': 1.6696715268820375, 'pre_dampen_half': 7.781841373203278, 'gpp_af': 0.998410733994355, 'gpp_b': 0.0006432657143311087, 'gpp_d': 23.065923202154973, 'ign_k': 0.6641545824443281, 'ign_c': 0.38744494299021215, 'trop_agb_crit': 6.181769191181749, 'trop_k_veg': 3.243842683772868}. Best is trial 0 with value: -0.5989088506199346.
[I 2026-08-20 00:15:11,550] Trial 360 finished with value: 0.411028649978179 and parameters: {'k1': 7.303484742406833e-05, 'D_low': 2.448176197823616, 'k2': 8.699534578136469e-05, 'D_high': 903650.2649089535, 'fire_exp': 1.3580880656235261, 'P_half': 25.759897049240184, 'pre_dampen_half': 8.66274201128609, 'gpp_af': 8.647992280831053, 'gpp_b': 0.19666416316450477, 'gpp_d': 420.0601394176352, 'ign_k': 0.15929961545538876, 'ign_c': 1.746462845499319, 'trop_agb_crit': 3.429962507112493, 'trop_k_veg': 3.014077215080442}. Best is trial 0 with value: -0.5989088506199346.
[I 2026-08-20 00:15:14,070] Trial 361 finished with value: 0.4767817996620419 and parameters: {'k1': 0.003111220322631775, 'D_low': 2.558760348510943, 'k2': 0.00014961942176539456, 'D_high': 174457.11392179443, 'fire_exp': 3.5678442495289096, 'P_half': 5.984404531006244, 'pre_dampen_half': 0.4732633262780466, 'gpp_af': 12.706045205164214, 'gpp_b': 0.00030790774092092195, 'gpp_d': 421.56084103298775, 'ign_k': 3.265228203833507, 'ign_c': 0.30661657775055984, 'trop_agb_crit': 4.6434468690575805, 'trop_k_veg': 4.85915400957588}. Best is trial 0 with value: -0.5989088506199346.
[I 2026-08-20 00:15:16,472] Trial 362 finished with value: -0.5738270425562563 and parameters: {'k1': 0.0002720470780426891, 'D_low': 4.6587849056922375, 'k2': 1.0022393528443952e-05, 'D_high': 6219273.494158354, 'fire_exp': 2.6398741015567126, 'P_half': 22.26020224863262, 'pre_dampen_half': 3.2307070282616888, 'gpp_af': 0.13454674417404405, 'gpp_b': 0.0008273386918300884, 'gpp_d': 229.36351477255658, 'ign_k': 0.32990176674500304, 'ign_c': 0.8771778798550502, 'trop_agb_crit': 7.2668449308471175, 'trop_k_veg': 2.384563648880845}. Best is trial 0 with value: -0.5989088506199346.
[I 2026-08-20 00:15:18,956] Trial 363 finished with value: 0.5354035849747576 and parameters: {'k1': 0.00042908192035158107, 'D_low': 2.3309962159993476, 'k2': 0.0034586537400142386, 'D_high': 70612.12263066965, 'fire_exp': 2.586831184354251, 'P_half': 2.5348563609988672, 'pre_dampen_half': 0.858334003911376, 'gpp_af': 2.7482739718874662, 'gpp_b': 0.24584544916147805, 'gpp_d': 89.98843869847751, 'ign_k': 0.13582763286996197, 'ign_c': 0.5528576425659981, 'trop_agb_crit': 2.4826544876257137, 'trop_k_veg': 1.7649299208499507}. Best is trial 0 with value: -0.5989088506199346.
[I 2026-08-20 00:15:21,520] Trial 364 finished with value: 0.5793491650428947 and parameters: {'k1': 0.04081030705709513, 'D_low': 1.243738632766332, 'k2': 9.156796831932496e-05, 'D_high': 4250772.8723145565, 'fire_exp': 2.690495193187352, 'P_half': 1701.3612167654555, 'pre_dampen_half': 0.17515132224960125, 'gpp_af': 1.7704219578480156, 'gpp_b': 0.08561494003199589, 'gpp_d': 350.5766210758939, 'ign_k': 0.30064295345151615, 'ign_c': 0.9401436878464008, 'trop_agb_crit': 17.76366692585834, 'trop_k_veg': 5.693540830702012}. Best is trial 0 with value: -0.5989088506199346.
[I 2026-08-20 00:15:23,943] Trial 365 finished with value: -0.5268272487000635 and parameters: {'k1': 0.002471140990227674, 'D_low': 665.0282621972776, 'k2': 0.02518793954239726, 'D_high': 5151032.05195024, 'fire_exp': 1.7130781155267165, 'P_half': 14.736734454365266, 'pre_dampen_half': 1.0760468029479597, 'gpp_af': 6.314870455208126, 'gpp_b': 0.000963137763460597, 'gpp_d': 59.344626074065, 'ign_k': 0.04032145585085502, 'ign_c': 0.5614825231360785, 'trop_agb_crit': 13.705386915468756, 'trop_k_veg': 5.838829903707199}. Best is trial 0 with value: -0.5989088506199346.
[I 2026-08-20 00:15:26,359] Trial 366 finished with value: 0.5786138693546823 and parameters: {'k1': 9.133417157103275e-05, 'D_low': 36.0826472011288, 'k2': 0.004094227002556381, 'D_high': 387322.07580807, 'fire_exp': 5.134995769683304, 'P_half': 9.965671533887573, 'pre_dampen_half': 1.407461628787396, 'gpp_af': 2.82326279801525, 'gpp_b': 1.1368357849165189e-05, 'gpp_d': 13.554589083449844, 'ign_k': 0.0265106784659876, 'ign_c': 5.803585549263481, 'trop_agb_crit': 25.126471733522216, 'trop_k_veg': 5.26260665274427}. Best is trial 0 with value: -0.5989088506199346.
[I 2026-08-20 00:15:28,730] Trial 367 finished with value: -0.5603704521525845 and parameters: {'k1': 0.00022496894838981745, 'D_low': 1.1564489116351977, 'k2': 0.00019531023057000636, 'D_high': 905576.440317639, 'fire_exp': 3.7549063182168965, 'P_half': 3.2570264586253153, 'pre_dampen_half': 16.31125759015056, 'gpp_af': 2.2386130098901362, 'gpp_b': 0.0034490990058495185, 'gpp_d': 879.1026340037498, 'ign_k': 0.1158395982000816, 'ign_c': 0.8350386967151693, 'trop_agb_crit': 1.1430185829958976, 'trop_k_veg': 1.3473491442076273}. Best is trial 0 with value: -0.5989088506199346.
[I 2026-08-20 00:15:31,230] Trial 368 finished with value: -0.5618734358038268 and parameters: {'k1': 0.001359524341601444, 'D_low': 9.601596596260661, 'k2': 0.0005847402126747004, 'D_high': 455262.5415396738, 'fire_exp': 1.3601740178397475, 'P_half': 3.033852726676393, 'pre_dampen_half': 3.1890153570926896, 'gpp_af': 0.09944052007090315, 'gpp_b': 0.00851844124351997, 'gpp_d': 14.021466321251987, 'ign_k': 0.11032930479759247, 'ign_c': 1.2859348575363032, 'trop_agb_crit': 1.300271052173918, 'trop_k_veg': 1.2759230177239496}. Best is trial 0 with value: -0.5989088506199346.
[I 2026-08-20 00:15:33,628] Trial 369 finished with value: 0.5823035423985463 and parameters: {'k1': 0.003883360994143442, 'D_low': 38.872650973067906, 'k2': 0.0004105737438567393, 'D_high': 245712.65834518414, 'fire_exp': 1.0163106861753317, 'P_half': 5.492383792317207, 'pre_dampen_half': 0.15980681232889501, 'gpp_af': 0.005119443034402372, 'gpp_b': 0.020400345242446428, 'gpp_d': 32.20521431086976, 'ign_k': 0.030201279619968525, 'ign_c': 0.17967803041984332, 'trop_agb_crit': 1.8803342804191456, 'trop_k_veg': 2.3404316127640206}. Best is trial 0 with value: -0.5989088506199346.
[I 2026-08-20 00:15:36,091] Trial 370 finished with value: -0.5058630294797631 and parameters: {'k1': 0.0021656786482473897, 'D_low': 135.66491403959017, 'k2': 0.0004674778985463937, 'D_high': 478394.90958668437, 'fire_exp': 1.0508776043624395, 'P_half': 129.93364149761948, 'pre_dampen_half': 1.1816294658560798, 'gpp_af': 1.8652606261122966, 'gpp_b': 0.003860455611574715, 'gpp_d': 15.296941709190262, 'ign_k': 0.014353491412624816, 'ign_c': 3.471765037554754, 'trop_agb_crit': 2.0035408521946585, 'trop_k_veg': 0.7190803100123548}. Best is trial 0 with value: -0.5989088506199346.
[I 2026-08-20 00:15:38,574] Trial 371 finished with value: 0.5629233205872863 and parameters: {'k1': 0.000677856883347122, 'D_low': 4.740319589554244, 'k2': 0.00024810341615269673, 'D_high': 1113204.438050352, 'fire_exp': 4.083018404908951, 'P_half': 17.366362510787944, 'pre_dampen_half': 3.0691955065207996, 'gpp_af': 44.71873734653438, 'gpp_b': 0.010120028882216445, 'gpp_d': 570.2382960757878, 'ign_k': 0.0372377581979696, 'ign_c': 1.6792238480240904, 'trop_agb_crit': 2.128850737374573, 'trop_k_veg': 0.8251585947080952}. Best is trial 0 with value: -0.5989088506199346.
[I 2026-08-20 00:15:41,094] Trial 372 finished with value: -0.4825062850902264 and parameters: {'k1': 7.729515302186068e-05, 'D_low': 1.5628934755683934, 'k2': 0.0003169545824486546, 'D_high': 58782.59843555511, 'fire_exp': 1.1457211423022013, 'P_half': 4.818449842116977, 'pre_dampen_half': 10.652220952774783, 'gpp_af': 0.0020133161766888374, 'gpp_b': 0.0010202384184150016, 'gpp_d': 6.8289545653374955, 'ign_k': 0.04061962490973237, 'ign_c': 0.405397277181862, 'trop_agb_crit': 1.6501375998387398, 'trop_k_veg': 1.6853216740467254}. Best is trial 0 with value: -0.5989088506199346.
[I 2026-08-20 00:15:43,596] Trial 373 finished with value: 0.4536648297173672 and parameters: {'k1': 0.005629195518593488, 'D_low': 122.46333350541882, 'k2': 4.072686615610656e-05, 'D_high': 4297627.553812351, 'fire_exp': 4.125131978603837, 'P_half': 6.842221874072449, 'pre_dampen_half': 1.3756803346762083, 'gpp_af': 3.0144582079013005, 'gpp_b': 0.008329917085413419, 'gpp_d': 606.8635024184914, 'ign_k': 0.17809382883997402, 'ign_c': 0.31687650177074606, 'trop_agb_crit': 12.628830964725257, 'trop_k_veg': 2.988128226136621}. Best is trial 0 with value: -0.5989088506199346.
[I 2026-08-20 00:15:45,967] Trial 374 finished with value: -0.5709034191069173 and parameters: {'k1': 0.0004574691378959229, 'D_low': 2.7074424019491405, 'k2': 0.0004898197398977721, 'D_high': 7276385.526256018, 'fire_exp': 2.6825796386326743, 'P_half': 13.121886034599685, 'pre_dampen_half': 14.916590840938175, 'gpp_af': 1.9585329592355378, 'gpp_b': 0.01918037444038962, 'gpp_d': 13.975328293935403, 'ign_k': 0.12987940884239405, 'ign_c': 2.6883990498883725, 'trop_agb_crit': 1.3598008355483406, 'trop_k_veg': 2.0108791762088365}. Best is trial 0 with value: -0.5989088506199346.
[I 2026-08-20 00:15:48,416] Trial 375 finished with value: 0.5119393179562384 and parameters: {'k1': 0.0005677043115282387, 'D_low': 13.496860169388746, 'k2': 0.0001704863271167874, 'D_high': 7206903.107531831, 'fire_exp': 4.277938788239667, 'P_half': 33.66548145371011, 'pre_dampen_half': 40.48277450755362, 'gpp_af': 40.358266612420465, 'gpp_b': 0.06863788214771123, 'gpp_d': 19.939308688224685, 'ign_k': 7.596802461693617, 'ign_c': 0.36678569924116483, 'trop_agb_crit': 1.0422403110674732, 'trop_k_veg': 1.9923127104375609}. Best is trial 0 with value: -0.5989088506199346.
[I 2026-08-20 00:15:50,839] Trial 376 finished with value: 0.4427006342111227 and parameters: {'k1': 0.006472578118045703, 'D_low': 31.018563263617324, 'k2': 0.0012101403315596178, 'D_high': 87666.35006759208, 'fire_exp': 1.3345767462515872, 'P_half': 8.140022894885881, 'pre_dampen_half': 10.108409289733395, 'gpp_af': 0.07580188263785005, 'gpp_b': 0.02027525729173014, 'gpp_d': 2.9774734285908178, 'ign_k': 0.19312194093521481, 'ign_c': 6.874561493217871, 'trop_agb_crit': 2.745548336267932, 'trop_k_veg': 1.433777604068389}. Best is trial 0 with value: -0.5989088506199346.
[I 2026-08-20 00:15:53,370] Trial 377 finished with value: 0.6053708586098541 and parameters: {'k1': 0.001157005362259934, 'D_low': 6.9897288547453735, 'k2': 0.0002455408432341663, 'D_high': 4840828.611237586, 'fire_exp': 6.6992796129929175, 'P_half': 18.601720814865875, 'pre_dampen_half': 0.4701344794144007, 'gpp_af': 0.07821034587739854, 'gpp_b': 0.11004002061119983, 'gpp_d': 9.950545048291998, 'ign_k': 0.2902787832234152, 'ign_c': 1.7067025221895336, 'trop_agb_crit': 4.409016429548591, 'trop_k_veg': 4.84325853720416}. Best is trial 0 with value: -0.5989088506199346.
