/opt/miniconda3/envs/ed-fire/lib/python3.10/site-packages/optuna/_experimental.py:33: ExperimentalWarning: Argument ``multivariate`` is an experimental feature. The interface can change in the future.
  optuna_warn(
[I 2026-07-24 02:15:53,655] A new study created in memory with name: no-name-7c2515c6-533b-43be-b48f-380d826b77f0
[I 2026-07-24 02:15:54,060] Trial 0 finished with value: -0.6070628323553574 and parameters: {'k1': 0.0002902170966238275, 'D_low': 1.7887890916820506, 'k2': 0.0007081721844034209, 'D_high': 887331.2884015184, 'fire_exp': 7.089507362101403, 'P_half': 53.85970977098819, 'pre_dampen_half': 33.71909132517388, 'gpp_af': 0.015350904103515228, 'gpp_b': 3.936122422430193e-05, 'gpp_d': 6.91394869865762, 'ign_k': 0.5131654955148324, 'ign_c': 14.452451441203314, 'trop_agb_crit': 17.530135633155123, 'trop_k_veg': 0.6921865222804094, 'fuel_k': 3.6992394681929355, 'fuel_half': 0.32476735706274484}. Best is trial 0 with value: -0.6070628323553574.
[I 2026-07-24 02:15:54,465] Trial 1 finished with value: 0.6445374145881376 and parameters: {'k1': 0.00031489116479568613, 'D_low': 506157.68887523044, 'k2': 0.008471801418819975, 'D_high': 39079.671568228776, 'fire_exp': 1.4322493718230251, 'P_half': 4.2070539502879365, 'pre_dampen_half': 0.0195172246414495, 'gpp_af': 21.42302175774107, 'gpp_b': 0.040428727350273294, 'gpp_d': 34.70266988650409, 'ign_k': 0.0012087541473056963, 'ign_c': 757.9479953347992, 'trop_agb_crit': 16.967533607196547, 'trop_k_veg': 0.9008485225328876, 'fuel_k': 0.03199906289308566, 'fuel_half': 0.35498788321965025}. Best is trial 0 with value: -0.6070628323553574.
[I 2026-07-24 02:15:54,872] Trial 2 finished with value: 0.6143411207222311 and parameters: {'k1': 0.00016480446427978953, 'D_low': 1407.7923139972395, 'k2': 0.0005342937261279771, 'D_high': 558.9524205217922, 'fire_exp': 4.091220574443785, 'P_half': 3.6138942712165267, 'pre_dampen_half': 0.2888838362365318, 'gpp_af': 0.06789053271698488, 'gpp_b': 0.0054502936945582505, 'gpp_d': 84.31013932082456, 'ign_k': 0.006290644294586149, 'ign_c': 11.40086370112731, 'trop_agb_crit': 7.500118950416987, 'trop_k_veg': 0.5687244174086067, 'fuel_k': 0.48736180483849406, 'fuel_half': 0.32476735706274484}. Best is trial 0 with value: -0.6070628323553574.
[I 2026-07-24 02:15:55,274] Trial 3 finished with value: 0.635085383199688 and parameters: {'k1': 1.8205657658407255e-05, 'D_low': 493529.62094020995, 'k2': 0.07286653737491042, 'D_high': 708572.1663941594, 'fire_exp': 2.0165721691808587, 'P_half': 2.458603276328005, 'pre_dampen_half': 26.373339933815235, 'gpp_af': 0.15876781526923997, 'gpp_b': 5.397956855996442e-05, 'gpp_d': 2.9914693021302137, 'ign_k': 0.0013726318898045872, 'ign_c': 433.79206974909323, 'trop_agb_crit': 2.411289811529197, 'trop_k_veg': 3.1385303007850824, 'fuel_k': 0.0734480915638841, 'fuel_half': 3.632486956676605}. Best is trial 0 with value: -0.6070628323553574.
[I 2026-07-24 02:15:55,685] Trial 4 finished with value: 0.6445374145881376 and parameters: {'k1': 0.0015375920235481753, 'D_low': 12.856617791467924, 'k2': 0.0755681014127443, 'D_high': 447504.0191350906, 'fire_exp': 8.699593128513321, 'P_half': 3795.8531426706395, 'pre_dampen_half': 9.761125443110448, 'gpp_af': 40.67908494359547, 'gpp_b': 3.395900933162749e-05, 'gpp_d': 0.09548041810464164, 'ign_k': 0.0015167330688076208, 'ign_c': 2.0013420622879967, 'trop_agb_crit': 3.7507963596256046, 'trop_k_veg': 1.0609790190334525, 'fuel_k': 2.006125726290936, 'fuel_half': 1.1756010900231848}. Best is trial 0 with value: -0.6070628323553574.
[I 2026-07-24 02:15:56,091] Trial 5 finished with value: 0.6445374145881376 and parameters: {'k1': 0.000132965214572995, 'D_low': 1803.7506431281838, 'k2': 3.661819220392426e-05, 'D_high': 650402.0246676564, 'fire_exp': 1.1872731425335898, 'P_half': 8862.32650857625, 'pre_dampen_half': 72.64803074826723, 'gpp_af': 0.009853225172032555, 'gpp_b': 1.0792764548678445e-05, 'gpp_d': 119.48328168545423, 'ign_k': 0.6720930050156115, 'ign_c': 82.41925264876441, 'trop_agb_crit': 13.780336485751999, 'trop_k_veg': 0.6139438440498544, 'fuel_k': 0.09905399864531553, 'fuel_half': 0.22264204303769677}. Best is trial 0 with value: -0.6070628323553574.
[I 2026-07-24 02:15:56,493] Trial 6 finished with value: 0.6056793631565462 and parameters: {'k1': 0.028340904295147747, 'D_low': 5492.736444508447, 'k2': 0.00021066486017042195, 'D_high': 24.063018320720932, 'fire_exp': 2.0463613363481596, 'P_half': 19.986340778528874, 'pre_dampen_half': 44.466289554754454, 'gpp_af': 1.540945776288155, 'gpp_b': 2.1051180519608694, 'gpp_d': 2.2965432344634333, 'ign_k': 0.003008686821445843, 'ign_c': 71.28188058401358, 'trop_agb_crit': 13.297554090738672, 'trop_k_veg': 2.3703642788018935, 'fuel_k': 1.3863198285285168, 'fuel_half': 3.0296104428212485}. Best is trial 0 with value: -0.6070628323553574.
[I 2026-07-24 02:15:56,898] Trial 7 finished with value: 0.5854929379228022 and parameters: {'k1': 0.0012329098365270509, 'D_low': 367.4904945305323, 'k2': 1.263794633808287e-05, 'D_high': 44.39648242927527, 'fire_exp': 1.075051292556307, 'P_half': 351.2704726270846, 'pre_dampen_half': 0.37306104754535907, 'gpp_af': 0.349022524783825, 'gpp_b': 2.7886810374231183, 'gpp_d': 0.17638479543546873, 'ign_k': 0.04380580767905655, 'ign_c': 105.24574681335622, 'trop_agb_crit': 2.1775224101934065, 'trop_k_veg': 0.6189606672462583, 'fuel_k': 0.06382243375381637, 'fuel_half': 0.30455368715396786}. Best is trial 0 with value: -0.6070628323553574.
[I 2026-07-24 02:15:57,301] Trial 8 finished with value: 0.6428805212760069 and parameters: {'k1': 0.052334804885400876, 'D_low': 70586.60227368641, 'k2': 0.0034167643418329683, 'D_high': 1693415.5410667954, 'fire_exp': 6.363148766597142, 'P_half': 5.575453980775371, 'pre_dampen_half': 290.26521418263894, 'gpp_af': 0.49740621749684094, 'gpp_b': 0.6992636148959314, 'gpp_d': 302.3127748796295, 'ign_k': 0.018707420137660268, 'ign_c': 0.2755546207779662, 'trop_agb_crit': 2.171140223187998, 'trop_k_veg': 1.6340262437673856, 'fuel_k': 1.8731335591844647, 'fuel_half': 38.21129441691226}. Best is trial 0 with value: -0.6070628323553574.
[I 2026-07-24 02:15:57,704] Trial 9 finished with value: 0.6445374145881376 and parameters: {'k1': 1.0661259689433896e-05, 'D_low': 1160.0689839007139, 'k2': 0.0004673518999562748, 'D_high': 215.10319582575772, 'fire_exp': 1.317848138124919, 'P_half': 22.41097161910951, 'pre_dampen_half': 518.2609891091992, 'gpp_af': 0.04130614451133169, 'gpp_b': 0.012964140540905063, 'gpp_d': 32.74121520988881, 'ign_k': 0.02847858516856297, 'ign_c': 771.13129913311, 'trop_agb_crit': 26.402883285404346, 'trop_k_veg': 1.0049538030148353, 'fuel_k': 0.2406753202628103, 'fuel_half': 0.7991621920384354}. Best is trial 0 with value: -0.6070628323553574.
[I 2026-07-24 02:15:58,112] Trial 10 finished with value: 0.6445374145881376 and parameters: {'k1': 0.002146443212926513, 'D_low': 6.008760056346815, 'k2': 0.0004636493655404958, 'D_high': 1919.5495899426421, 'fire_exp': 9.072904612803647, 'P_half': 1459.586284061556, 'pre_dampen_half': 49.74404183337381, 'gpp_af': 0.007951064376859766, 'gpp_b': 1.0381340007725523e-05, 'gpp_d': 10.104692235395506, 'ign_k': 3.8405583936881103, 'ign_c': 404.42404078035094, 'trop_agb_crit': 21.86600566657133, 'trop_k_veg': 0.5850034185896857, 'fuel_k': 0.7059394061136437, 'fuel_half': 0.8500444171361106}. Best is trial 0 with value: -0.6070628323553574.
[I 2026-07-24 02:15:58,527] Trial 11 finished with value: 0.6424861414295144 and parameters: {'k1': 0.009335159989687626, 'D_low': 5.651264238158286, 'k2': 4.5058340828291847e-05, 'D_high': 122.86536554509402, 'fire_exp': 2.334609092470857, 'P_half': 847.1921443012956, 'pre_dampen_half': 0.01543570894813472, 'gpp_af': 1.126738155431386, 'gpp_b': 0.047346726003149806, 'gpp_d': 0.02765288665059298, 'ign_k': 0.051419234535844835, 'ign_c': 10.356982323848362, 'trop_agb_crit': 2.4672531507632915, 'trop_k_veg': 0.573782039877533, 'fuel_k': 0.05658727071189664, 'fuel_half': 0.5777151158402378}. Best is trial 0 with value: -0.6070628323553574.
[I 2026-07-24 02:15:58,932] Trial 12 finished with value: 0.6095071707710886 and parameters: {'k1': 0.00015526061074612428, 'D_low': 691.9270540650886, 'k2': 2.2632740017619082e-05, 'D_high': 606.4885533678155, 'fire_exp': 1.3962657235498672, 'P_half': 63.880392218645575, 'pre_dampen_half': 1.856673026901592, 'gpp_af': 0.33386222269704585, 'gpp_b': 0.530087612050738, 'gpp_d': 0.027819057443791952, 'ign_k': 0.003434420631107395, 'ign_c': 39.883999560574345, 'trop_agb_crit': 1.2854014195473606, 'trop_k_veg': 0.5140153735295433, 'fuel_k': 0.11855028642321233, 'fuel_half': 4.229060151455097}. Best is trial 0 with value: -0.6070628323553574.
[I 2026-07-24 02:15:59,334] Trial 13 finished with value: 0.6250995667296178 and parameters: {'k1': 0.00031831899147610374, 'D_low': 2148.494746279165, 'k2': 3.7495581012170266e-05, 'D_high': 56.344895859907936, 'fire_exp': 1.4645630694311569, 'P_half': 1029.2266513188229, 'pre_dampen_half': 0.266035823804127, 'gpp_af': 0.005589182647496484, 'gpp_b': 1.8709902512641492, 'gpp_d': 0.8382932714147688, 'ign_k': 0.23955048758439867, 'ign_c': 32.97518148771555, 'trop_agb_crit': 2.7316375421184382, 'trop_k_veg': 0.8217405316537002, 'fuel_k': 0.06917370818296811, 'fuel_half': 0.16163831677828808}. Best is trial 0 with value: -0.6070628323553574.
[I 2026-07-24 02:15:59,739] Trial 14 finished with value: 0.638276853418998 and parameters: {'k1': 0.00016172099497421453, 'D_low': 147.60047420315638, 'k2': 8.052519215588756e-05, 'D_high': 212377.01498665023, 'fire_exp': 6.6178690510005875, 'P_half': 11.087110590881643, 'pre_dampen_half': 201.5101495632238, 'gpp_af': 0.008380786555334616, 'gpp_b': 0.044905956895389385, 'gpp_d': 66.2508996031282, 'ign_k': 1.8015891589949464, 'ign_c': 17.332612320163182, 'trop_agb_crit': 16.935798160198253, 'trop_k_veg': 1.1579386528132067, 'fuel_k': 4.014218424835076, 'fuel_half': 1.9493868155986276}. Best is trial 0 with value: -0.6070628323553574.
[I 2026-07-24 02:16:00,145] Trial 15 finished with value: 0.4425397908108414 and parameters: {'k1': 0.0001741918418123194, 'D_low': 29.986865292190448, 'k2': 0.00048285855206843585, 'D_high': 3897192.8161249277, 'fire_exp': 8.150126968367413, 'P_half': 60.438674737660605, 'pre_dampen_half': 37.20849577054668, 'gpp_af': 0.007644400410762595, 'gpp_b': 1.2336446963670443e-05, 'gpp_d': 15.340398827235532, 'ign_k': 1.1293399121051049, 'ign_c': 2.1160079128793554, 'trop_agb_crit': 12.186557786484709, 'trop_k_veg': 0.7112906113937535, 'fuel_k': 1.9706414184286902, 'fuel_half': 0.313784857419964}. Best is trial 0 with value: -0.6070628323553574.
[I 2026-07-24 02:16:00,553] Trial 16 finished with value: 0.5821217358018624 and parameters: {'k1': 0.0006110536300650648, 'D_low': 2570.6999307709716, 'k2': 0.0003711700788899962, 'D_high': 4823952.342915819, 'fire_exp': 6.225259471448152, 'P_half': 540.3872861466103, 'pre_dampen_half': 2.328454523331765, 'gpp_af': 0.06694717497664275, 'gpp_b': 7.118951262733568e-05, 'gpp_d': 13.34029861322464, 'ign_k': 0.1494784420008699, 'ign_c': 0.12226235121316854, 'trop_agb_crit': 5.79888581619947, 'trop_k_veg': 0.6867442518338502, 'fuel_k': 0.5407351308981707, 'fuel_half': 0.4627382947460942}. Best is trial 0 with value: -0.6070628323553574.
[I 2026-07-24 02:16:00,959] Trial 17 finished with value: 0.6445374145881376 and parameters: {'k1': 0.00027547751973364815, 'D_low': 4.504533126878513, 'k2': 8.981727527951721e-05, 'D_high': 6219773.90514746, 'fire_exp': 8.513009726404047, 'P_half': 74.9928494070158, 'pre_dampen_half': 288.00574747231485, 'gpp_af': 0.0664002728470728, 'gpp_b': 5.276255865654221e-05, 'gpp_d': 0.20815065594443305, 'ign_k': 0.6784126999866074, 'ign_c': 58.29904141608282, 'trop_agb_crit': 6.430759462132281, 'trop_k_veg': 0.6193297421000589, 'fuel_k': 3.9348712009611, 'fuel_half': 0.2335357562377161}. Best is trial 0 with value: -0.6070628323553574.
[I 2026-07-24 02:16:01,361] Trial 18 finished with value: 0.45712715125656556 and parameters: {'k1': 0.04211842189793321, 'D_low': 2.6123382459552174, 'k2': 0.0009927732184293664, 'D_high': 239678.75196315357, 'fire_exp': 5.360483006172688, 'P_half': 30.793982725500076, 'pre_dampen_half': 2.870636846364358, 'gpp_af': 0.013297311516384146, 'gpp_b': 0.00023218595947076647, 'gpp_d': 58.66150549092478, 'ign_k': 0.5415936016769308, 'ign_c': 1.4029672762087004, 'trop_agb_crit': 6.291234693543354, 'trop_k_veg': 0.8631860417643192, 'fuel_k': 2.114425165700301, 'fuel_half': 2.006445197989911}. Best is trial 0 with value: -0.6070628323553574.
[I 2026-07-24 02:16:01,768] Trial 19 finished with value: 0.6014743628083894 and parameters: {'k1': 1.4949234975966971e-05, 'D_low': 2.6048042959567526, 'k2': 9.875558592597499e-05, 'D_high': 4447332.562916341, 'fire_exp': 9.36152857562996, 'P_half': 1163.754684528971, 'pre_dampen_half': 4.376944199142986, 'gpp_af': 0.026465103343036585, 'gpp_b': 2.289610306653403e-05, 'gpp_d': 122.66891428916885, 'ign_k': 0.40047793193774867, 'ign_c': 17.47671571147127, 'trop_agb_crit': 12.054641047213215, 'trop_k_veg': 0.6884256451815635, 'fuel_k': 0.6657500733748425, 'fuel_half': 0.6950928435962327}. Best is trial 0 with value: -0.6070628323553574.
[I 2026-07-24 02:16:02,172] Trial 20 finished with value: 0.539280520710494 and parameters: {'k1': 4.7833989853994304e-05, 'D_low': 11.41148947022043, 'k2': 0.01690933550926268, 'D_high': 8285547.875639728, 'fire_exp': 5.112669881938331, 'P_half': 15.687022337239789, 'pre_dampen_half': 7.850811639997627, 'gpp_af': 0.009283012542284265, 'gpp_b': 0.0002028713647518345, 'gpp_d': 7.627664588886946, 'ign_k': 2.968042244761837, 'ign_c': 7.080542976376882, 'trop_agb_crit': 5.838768963274621, 'trop_k_veg': 0.5944735404127709, 'fuel_k': 0.7627653813108279, 'fuel_half': 0.15946476974035256}. Best is trial 0 with value: -0.6070628323553574.
[I 2026-07-24 02:16:02,590] Trial 21 finished with value: 0.5707146634141187 and parameters: {'k1': 0.02377516410816782, 'D_low': 2.615557353717092, 'k2': 7.755223650032749e-05, 'D_high': 18913.637383620935, 'fire_exp': 5.514894940910904, 'P_half': 10.485831389514818, 'pre_dampen_half': 18.902179615118463, 'gpp_af': 0.015929212385056776, 'gpp_b': 3.570242717981766e-05, 'gpp_d': 27.881371979416997, 'ign_k': 0.40020369727130245, 'ign_c': 1.2420263217428906, 'trop_agb_crit': 7.7741100398409815, 'trop_k_veg': 0.82331172895499, 'fuel_k': 2.8839723436352083, 'fuel_half': 0.8221774521217081}. Best is trial 0 with value: -0.6070628323553574.
[I 2026-07-24 02:16:03,000] Trial 22 finished with value: 0.48760724713437054 and parameters: {'k1': 7.331721186186199e-05, 'D_low': 607.52699705693, 'k2': 0.001763828614776695, 'D_high': 257830.0230395063, 'fire_exp': 5.712620431529698, 'P_half': 166.7104751180311, 'pre_dampen_half': 71.1473335815192, 'gpp_af': 0.0010851998439411696, 'gpp_b': 1.5430113836057107e-05, 'gpp_d': 12.575124032097156, 'ign_k': 8.858824323190477, 'ign_c': 0.3614180894664713, 'trop_agb_crit': 19.27638409296662, 'trop_k_veg': 1.1036449388362999, 'fuel_k': 1.8886737604711512, 'fuel_half': 0.3739539548049789}. Best is trial 0 with value: -0.6070628323553574.
[I 2026-07-24 02:16:03,420] Trial 23 finished with value: 0.594743288722351 and parameters: {'k1': 0.06922226573770598, 'D_low': 5.260756476403088, 'k2': 0.0014500917046374, 'D_high': 13237.493775656509, 'fire_exp': 4.5024410143519376, 'P_half': 45.1432524581505, 'pre_dampen_half': 0.2269498013778132, 'gpp_af': 0.046405883529637815, 'gpp_b': 0.015886160345592152, 'gpp_d': 2.7920433001567675, 'ign_k': 1.1683854217862117, 'ign_c': 3.0969796674616377, 'trop_agb_crit': 3.347375857821799, 'trop_k_veg': 0.7220414819270121, 'fuel_k': 0.8963114421792413, 'fuel_half': 8.119115941572524}. Best is trial 0 with value: -0.6070628323553574.
[I 2026-07-24 02:16:03,824] Trial 24 finished with value: 0.5869790802498811 and parameters: {'k1': 0.0005587866948299831, 'D_low': 2.974002577083283, 'k2': 0.0030935896683452245, 'D_high': 40778.517067784596, 'fire_exp': 3.855747634480819, 'P_half': 1473.0865576802667, 'pre_dampen_half': 23.64443950069875, 'gpp_af': 0.13113442411091686, 'gpp_b': 0.00040346463661776406, 'gpp_d': 19.644225127426605, 'ign_k': 0.06767666367034562, 'ign_c': 8.982908969378295, 'trop_agb_crit': 13.518470560660296, 'trop_k_veg': 0.5759215668774266, 'fuel_k': 3.303876205951157, 'fuel_half': 0.3630134063336352}. Best is trial 0 with value: -0.6070628323553574.
[I 2026-07-24 02:16:04,231] Trial 25 finished with value: 0.6022540657123815 and parameters: {'k1': 0.08352062055486936, 'D_low': 55.190662870592234, 'k2': 0.006058719698550375, 'D_high': 30291.328094718934, 'fire_exp': 4.463844905432812, 'P_half': 32.53443682003885, 'pre_dampen_half': 10.405892959065449, 'gpp_af': 0.010406738186393996, 'gpp_b': 1.4925543827246631e-05, 'gpp_d': 484.34212416883827, 'ign_k': 0.10911317745667674, 'ign_c': 44.99470933474058, 'trop_agb_crit': 3.7380693245363497, 'trop_k_veg': 1.4531317478272072, 'fuel_k': 2.9634780773388383, 'fuel_half': 7.784725119942188}. Best is trial 0 with value: -0.6070628323553574.
[I 2026-07-24 02:16:04,636] Trial 26 finished with value: 0.5948712654271405 and parameters: {'k1': 0.00017160717605342886, 'D_low': 1.6144340067625795, 'k2': 5.406144614724686e-05, 'D_high': 13110.901163278964, 'fire_exp': 4.864942332725478, 'P_half': 6.556949548428158, 'pre_dampen_half': 485.9743778458232, 'gpp_af': 0.002149263220462139, 'gpp_b': 2.3846232604949626e-05, 'gpp_d': 41.27604920502004, 'ign_k': 0.008255386932258394, 'ign_c': 91.63032297162495, 'trop_agb_crit': 23.582474469804033, 'trop_k_veg': 0.7817082436807511, 'fuel_k': 3.0321555166509637, 'fuel_half': 0.1695291724796385}. Best is trial 0 with value: -0.6070628323553574.
[I 2026-07-24 02:16:05,061] Trial 27 finished with value: 0.6018359026831238 and parameters: {'k1': 0.034204634228172826, 'D_low': 11.429454711591346, 'k2': 0.0004259973090677218, 'D_high': 4309275.259722614, 'fire_exp': 5.043914461009235, 'P_half': 71.62403894587997, 'pre_dampen_half': 0.30665103637276253, 'gpp_af': 0.0017886872283990503, 'gpp_b': 0.0023584474469176657, 'gpp_d': 2.5391217153499896, 'ign_k': 0.06470993761179815, 'ign_c': 23.64137948297961, 'trop_agb_crit': 5.675775395662795, 'trop_k_veg': 1.2407588007774633, 'fuel_k': 5.220694758208464, 'fuel_half': 2.489590804218091}. Best is trial 0 with value: -0.6070628323553574.
[I 2026-07-24 02:16:05,481] Trial 28 finished with value: 0.4541791929023279 and parameters: {'k1': 0.009999779974130178, 'D_low': 2.209533003664039, 'k2': 0.008501263163971165, 'D_high': 585167.0834545798, 'fire_exp': 5.709081131892865, 'P_half': 7.361228913165263, 'pre_dampen_half': 1.7637956717137921, 'gpp_af': 0.04094680049738948, 'gpp_b': 0.0010293689749025232, 'gpp_d': 64.89862389474493, 'ign_k': 0.5040980173937811, 'ign_c': 3.5538391339723074, 'trop_agb_crit': 6.847804844286297, 'trop_k_veg': 0.9261506722405419, 'fuel_k': 1.7504071094206761, 'fuel_half': 1.1870855803167768}. Best is trial 0 with value: -0.6070628323553574.
[I 2026-07-24 02:16:05,893] Trial 29 finished with value: 0.5707357996334845 and parameters: {'k1': 0.04102910253987013, 'D_low': 3.0106868706472065, 'k2': 0.018780202639633505, 'D_high': 6047338.966112329, 'fire_exp': 4.868252968032862, 'P_half': 3.058176179852164, 'pre_dampen_half': 0.085225225279164, 'gpp_af': 0.250839764247239, 'gpp_b': 0.0024169633484497294, 'gpp_d': 504.62208612237947, 'ign_k': 0.1202737339237993, 'ign_c': 10.796878307922954, 'trop_agb_crit': 4.6746266688351374, 'trop_k_veg': 2.405881911474382, 'fuel_k': 0.1773434990339568, 'fuel_half': 0.18415011476206813}. Best is trial 0 with value: -0.6070628323553574.
[I 2026-07-24 02:16:06,299] Trial 30 finished with value: 0.5683023833656715 and parameters: {'k1': 0.004812220809324387, 'D_low': 829.8253526356897, 'k2': 0.0014454477386408103, 'D_high': 2377896.4257888314, 'fire_exp': 7.344931492671388, 'P_half': 28.36921770949788, 'pre_dampen_half': 388.8565802375906, 'gpp_af': 0.08756664222362134, 'gpp_b': 7.547800314380482e-05, 'gpp_d': 23.657756542794143, 'ign_k': 0.6978697171145257, 'ign_c': 1.216025161886788, 'trop_agb_crit': 12.300629427445777, 'trop_k_veg': 0.541986816689581, 'fuel_k': 3.86060890331137, 'fuel_half': 0.12921315855111742}. Best is trial 0 with value: -0.6070628323553574.
[I 2026-07-24 02:16:06,706] Trial 31 finished with value: 0.5998471728823337 and parameters: {'k1': 0.004120899423364399, 'D_low': 6.532734275518512, 'k2': 0.048132336276956, 'D_high': 18965.726641153957, 'fire_exp': 5.892120330180085, 'P_half': 6.877874538602287, 'pre_dampen_half': 2.9836059793410836, 'gpp_af': 0.018500163537846295, 'gpp_b': 0.0172445774504907, 'gpp_d': 287.84593554076184, 'ign_k': 1.0315783258029834, 'ign_c': 1.2780325956093699, 'trop_agb_crit': 7.6802791011837375, 'trop_k_veg': 0.5847874090905609, 'fuel_k': 1.2369352961970035, 'fuel_half': 2.62530300489038}. Best is trial 0 with value: -0.6070628323553574.
[I 2026-07-24 02:16:07,107] Trial 32 finished with value: 0.6470060593371882 and parameters: {'k1': 0.0005007610640751615, 'D_low': 4.737745132195137, 'k2': 0.0020599720612221864, 'D_high': 434984.88956337306, 'fire_exp': 5.5124982537837415, 'P_half': 10.235075080435282, 'pre_dampen_half': 0.8761792601385111, 'gpp_af': 0.028922763639960516, 'gpp_b': 0.0002895868988686258, 'gpp_d': 238.3612909538529, 'ign_k': 1.0583405983072909, 'ign_c': 36.3732719069685, 'trop_agb_crit': 21.86505167345565, 'trop_k_veg': 1.58349650428031, 'fuel_k': 1.282408033543994, 'fuel_half': 0.24647737750242374}. Best is trial 0 with value: -0.6070628323553574.
