[I 2026-06-10 21:48:25,504] Trial 1050 finished with values: [-0.7755700217117499, 0.10953130328508731] and parameters: {'k1': 0.012840669372724958, 'D_low': 5.351452349843333, 'k2': 0.002884223471687844, 'D_high': 2289.1315306837046, 'fire_exp': 1.2781983515972553, 'P_half': 221.2683656611821, 'pre_dampen_half': 857.6556763881457, 'gpp_af': 0.3002317246575309, 'gpp_b': 0.005419266601560437, 'gpp_d': 229.41380323183625, 'ign_k': 1.1044350847124695, 'ign_c': 22.126836566118193, 'trop_agb_crit': 10.215415653610627, 'trop_k_veg': 4.6587922535200255, 'fuel_k': 0.28328975157735103, 'fuel_half': 11.781063202742125}.
[I 2026-06-10 21:48:27,669] Trial 1051 finished with values: [10.343225120704682, 10.343225120704682] and parameters: {'k1': 0.05466937478766084, 'D_low': 97.43142535650219, 'k2': 0.002173988526401145, 'D_high': 3512.7047262708465, 'fire_exp': 1.423480109671474, 'P_half': 221.2683656611821, 'pre_dampen_half': 565.0116730717873, 'gpp_af': 0.004369972780168874, 'gpp_b': 1.284284091405877e-05, 'gpp_d': 59.94537656798816, 'ign_k': 3.965503094323014, 'ign_c': 22.126836566118193, 'trop_agb_crit': 10.215415653610627, 'trop_k_veg': 4.7254560805090735, 'fuel_k': 4.710433409437072, 'fuel_half': 1.9170041589170652}.
[I 2026-06-10 21:48:30,513] Trial 1052 finished with values: [10.769230769178105, 10.769230769178105] and parameters: {'k1': 0.0006579066240690734, 'D_low': 62.970710761105074, 'k2': 0.007299613382801458, 'D_high': 8280.049147416803, 'fire_exp': 1.2781983515972553, 'P_half': 93.43302657318476, 'pre_dampen_half': 857.6556763881457, 'gpp_af': 0.3002317246575309, 'gpp_b': 0.005419266601560437, 'gpp_d': 12.6084874067596, 'ign_k': 1.1044350847124695, 'ign_c': 115.3590300936118, 'trop_agb_crit': 10.215415653610627, 'trop_k_veg': 6.45312300188076, 'fuel_k': 0.4182971994460706, 'fuel_half': 0.5291811585815122}.
[I 2026-06-10 21:48:33,269] Trial 1053 finished with values: [-0.8197321892367205, 0.1544094762015391] and parameters: {'k1': 0.05466937478766084, 'D_low': 97.43142535650219, 'k2': 0.002173988526401145, 'D_high': 2289.1315306837046, 'fire_exp': 1.4126958348191876, 'P_half': 221.2683656611821, 'pre_dampen_half': 32.53305539860191, 'gpp_af': 0.22965432344634354, 'gpp_b': 0.0001484082099455773, 'gpp_d': 59.94537656798816, 'ign_k': 5.351470428717437, 'ign_c': 22.126836566118193, 'trop_agb_crit': 10.215415653610627, 'trop_k_veg': 4.129715873342728, 'fuel_k': 4.710433409437072, 'fuel_half': 1.3323297901105768}.
[I 2026-06-10 21:48:35,847] Trial 1054 finished with values: [-0.7517790195704595, 0.15810621945341952] and parameters: {'k1': 0.012840669372724958, 'D_low': 40.12413353131991, 'k2': 0.002173988526401145, 'D_high': 3512.7047262708465, 'fire_exp': 1.2781983515972553, 'P_half': 221.2683656611821, 'pre_dampen_half': 857.6556763881457, 'gpp_af': 0.3002317246575309, 'gpp_b': 0.005419266601560437, 'gpp_d': 229.41380323183625, 'ign_k': 1.1044350847124695, 'ign_c': 22.126836566118193, 'trop_agb_crit': 8.846948092009814, 'trop_k_veg': 1.4031488821947427, 'fuel_k': 0.5182294818798785, 'fuel_half': 11.781063202742125}.
[I 2026-06-10 21:48:37,837] Trial 1055 finished with values: [10.56113234749009, 10.56113234749009] and parameters: {'k1': 0.0006579066240690734, 'D_low': 5.351452349843333, 'k2': 0.013886937225450393, 'D_high': 3512.7047262708465, 'fire_exp': 1.2781983515972553, 'P_half': 102.4585893986732, 'pre_dampen_half': 857.6556763881457, 'gpp_af': 0.3002317246575309, 'gpp_b': 1.284284091405877e-05, 'gpp_d': 4.317251206640923, 'ign_k': 4.591485216740537, 'ign_c': 0.6004682478324445, 'trop_agb_crit': 2.079118578643291, 'trop_k_veg': 3.376529607942905, 'fuel_k': 4.710433409437072, 'fuel_half': 1.3323297901105768}.
[I 2026-06-10 21:48:39,913] Trial 1056 finished with values: [10.091148536005138, 10.091148536005138] and parameters: {'k1': 0.05466937478766084, 'D_low': 40.12413353131991, 'k2': 0.007299613382801458, 'D_high': 2289.1315306837046, 'fire_exp': 1.4418104459395558, 'P_half': 221.2683656611821, 'pre_dampen_half': 857.6556763881457, 'gpp_af': 0.3002317246575309, 'gpp_b': 0.005419266601560437, 'gpp_d': 12.6084874067596, 'ign_k': 5.351470428717437, 'ign_c': 22.126836566118193, 'trop_agb_crit': 2.679156169946616, 'trop_k_veg': 6.45312300188076, 'fuel_k': 0.49578999904399057, 'fuel_half': 11.781063202742125}.
[I 2026-06-10 21:48:41,847] Trial 1057 finished with values: [10.37039818502968, 10.37039818502968] and parameters: {'k1': 0.012840669372724958, 'D_low': 37.35862630812753, 'k2': 0.002173988526401145, 'D_high': 2289.1315306837046, 'fire_exp': 1.4126958348191876, 'P_half': 13.30003421978439, 'pre_dampen_half': 565.0116730717873, 'gpp_af': 0.22965432344634354, 'gpp_b': 0.00012118589392553798, 'gpp_d': 0.047508400766089594, 'ign_k': 5.351470428717437, 'ign_c': 22.126836566118193, 'trop_agb_crit': 10.215415653610627, 'trop_k_veg': 4.7254560805090735, 'fuel_k': 0.28328975157735103, 'fuel_half': 11.781063202742125}.
[I 2026-06-10 21:48:43,662] Trial 1058 finished with values: [-0.80961572892582, 0.21745512213911022] and parameters: {'k1': 0.05466937478766084, 'D_low': 37.35862630812753, 'k2': 0.002884223471687844, 'D_high': 2289.1315306837046, 'fire_exp': 1.4126958348191876, 'P_half': 221.2683656611821, 'pre_dampen_half': 857.6556763881457, 'gpp_af': 0.3002317246575309, 'gpp_b': 0.0001484082099455773, 'gpp_d': 6.478643450593011, 'ign_k': 1.0127455512700312, 'ign_c': 22.126836566118193, 'trop_agb_crit': 9.341194710265947, 'trop_k_veg': 4.7254560805090735, 'fuel_k': 4.710433409437072, 'fuel_half': 11.781063202742125}.
[I 2026-06-10 21:48:46,106] Trial 1059 finished with values: [10.769227208388129, 10.769227208388129] and parameters: {'k1': 0.0006579066240690734, 'D_low': 62.970710761105074, 'k2': 0.002884223471687844, 'D_high': 2289.1315306837046, 'fire_exp': 9.049292394907205, 'P_half': 93.43302657318476, 'pre_dampen_half': 243.70551632385417, 'gpp_af': 0.3002317246575309, 'gpp_b': 1.284284091405877e-05, 'gpp_d': 6.478643450593011, 'ign_k': 0.001887261434847181, 'ign_c': 22.126836566118193, 'trop_agb_crit': 10.215415653610627, 'trop_k_veg': 4.7254560805090735, 'fuel_k': 0.4182971994460706, 'fuel_half': 11.781063202742125}.
[I 2026-06-10 21:48:47,849] Trial 1060 finished with values: [10.090893119242063, 10.090893119242063] and parameters: {'k1': 0.00045102062878998736, 'D_low': 97.43142535650219, 'k2': 0.002884223471687844, 'D_high': 2289.1315306837046, 'fire_exp': 1.1103154430776774, 'P_half': 221.2683656611821, 'pre_dampen_half': 565.0116730717873, 'gpp_af': 0.22965432344634354, 'gpp_b': 1.284284091405877e-05, 'gpp_d': 4.317251206640923, 'ign_k': 0.8599189552684969, 'ign_c': 22.126836566118193, 'trop_agb_crit': 2.679156169946616, 'trop_k_veg': 4.7254560805090735, 'fuel_k': 4.710433409437072, 'fuel_half': 11.781063202742125}.
[I 2026-06-10 21:48:49,692] Trial 1061 finished with values: [-0.6302448639353522, 0.16658697291494373] and parameters: {'k1': 0.0868318308250935, 'D_low': 40.12413353131991, 'k2': 0.002884223471687844, 'D_high': 1384.332853353327, 'fire_exp': 1.2781983515972553, 'P_half': 221.2683656611821, 'pre_dampen_half': 857.6556763881457, 'gpp_af': 0.3002317246575309, 'gpp_b': 0.005419266601560437, 'gpp_d': 229.41380323183625, 'ign_k': 1.1044350847124695, 'ign_c': 0.6004682478324445, 'trop_agb_crit': 10.215415653610627, 'trop_k_veg': 0.5856939449129789, 'fuel_k': 0.4182971994460706, 'fuel_half': 11.781063202742125}.
[I 2026-06-10 21:48:51,570] Trial 1062 finished with values: [10.037474465167808, 10.037474465167808] and parameters: {'k1': 0.0001345080568516647, 'D_low': 97.43142535650219, 'k2': 0.00011138398071670305, 'D_high': 3512.7047262708465, 'fire_exp': 1.1103154430776774, 'P_half': 1.6139316358793205, 'pre_dampen_half': 565.0116730717873, 'gpp_af': 0.22965432344634354, 'gpp_b': 1.284284091405877e-05, 'gpp_d': 59.94537656798816, 'ign_k': 0.02226297338331263, 'ign_c': 22.126836566118193, 'trop_agb_crit': 12.647327018493208, 'trop_k_veg': 0.9916584379003145, 'fuel_k': 4.710433409437072, 'fuel_half': 1.9170041589170652}.
[I 2026-06-10 21:48:53,363] Trial 1063 finished with values: [-0.6187567354254019, 0.09988592778767169] and parameters: {'k1': 0.05466937478766084, 'D_low': 37.35862630812753, 'k2': 0.002173988526401145, 'D_high': 2289.1315306837046, 'fire_exp': 1.4126958348191876, 'P_half': 221.2683656611821, 'pre_dampen_half': 565.0116730717873, 'gpp_af': 0.22965432344634354, 'gpp_b': 0.030192753723920055, 'gpp_d': 6.478643450593011, 'ign_k': 4.591485216740537, 'ign_c': 22.126836566118193, 'trop_agb_crit': 2.679156169946616, 'trop_k_veg': 5.876643247346733, 'fuel_k': 4.710433409437072, 'fuel_half': 1.3323297901105768}.
[I 2026-06-10 21:48:55,022] Trial 1064 finished with values: [-0.7870798605609234, 0.18818335077366588] and parameters: {'k1': 0.05466937478766084, 'D_low': 36.82161160206094, 'k2': 0.002884223471687844, 'D_high': 1384.332853353327, 'fire_exp': 1.2781983515972553, 'P_half': 221.2683656611821, 'pre_dampen_half': 857.6556763881457, 'gpp_af': 0.3002317246575309, 'gpp_b': 2.176805640408474e-05, 'gpp_d': 229.41380323183625, 'ign_k': 1.1044350847124695, 'ign_c': 22.126836566118193, 'trop_agb_crit': 10.215415653610627, 'trop_k_veg': 4.7254560805090735, 'fuel_k': 4.710433409437072, 'fuel_half': 11.781063202742125}.
[I 2026-06-10 21:48:56,760] Trial 1065 finished with values: [-0.7517984966902986, 0.27137138115269643] and parameters: {'k1': 0.0868318308250935, 'D_low': 40.12413353131991, 'k2': 0.002884223471687844, 'D_high': 2289.1315306837046, 'fire_exp': 1.2781983515972553, 'P_half': 221.2683656611821, 'pre_dampen_half': 857.6556763881457, 'gpp_af': 0.3002317246575309, 'gpp_b': 1.284284091405877e-05, 'gpp_d': 339.8387538854493, 'ign_k': 5.351470428717437, 'ign_c': 22.126836566118193, 'trop_agb_crit': 10.215415653610627, 'trop_k_veg': 6.45312300188076, 'fuel_k': 0.28328975157735103, 'fuel_half': 11.781063202742125}.
[I 2026-06-10 21:48:58,606] Trial 1066 finished with values: [-0.7860855754785082, 0.5170277076957885] and parameters: {'k1': 0.05466937478766084, 'D_low': 97.43142535650219, 'k2': 0.002884223471687844, 'D_high': 40237.59749324181, 'fire_exp': 1.3806513288500464, 'P_half': 221.2683656611821, 'pre_dampen_half': 565.0116730717873, 'gpp_af': 0.019225729985674112, 'gpp_b': 0.0001484082099455773, 'gpp_d': 6.478643450593011, 'ign_k': 5.351470428717437, 'ign_c': 22.126836566118193, 'trop_agb_crit': 10.215415653610627, 'trop_k_veg': 1.331829048405031, 'fuel_k': 4.710433409437072, 'fuel_half': 11.781063202742125}.
[I 2026-06-10 21:49:00,400] Trial 1067 finished with values: [10.325350775344937, 10.325350775344937] and parameters: {'k1': 0.012840669372724958, 'D_low': 97.43142535650219, 'k2': 0.002884223471687844, 'D_high': 3512.7047262708465, 'fire_exp': 1.1103154430776774, 'P_half': 2.4750421470385136, 'pre_dampen_half': 13.472769577631583, 'gpp_af': 0.0176901289740541, 'gpp_b': 0.0004282509714243062, 'gpp_d': 4.317251206640923, 'ign_k': 1.1044350847124695, 'ign_c': 22.126836566118193, 'trop_agb_crit': 2.679156169946616, 'trop_k_veg': 4.105599926384157, 'fuel_k': 4.710433409437072, 'fuel_half': 11.781063202742125}.
[I 2026-06-10 21:49:02,000] Trial 1068 finished with values: [-0.7489605661766383, 0.3735650744916129] and parameters: {'k1': 0.02228708726011016, 'D_low': 97.43142535650219, 'k2': 0.002884223471687844, 'D_high': 3512.7047262708465, 'fire_exp': 1.2918065501148304, 'P_half': 1.6139316358793205, 'pre_dampen_half': 13.472769577631583, 'gpp_af': 0.22965432344634354, 'gpp_b': 1.284284091405877e-05, 'gpp_d': 32.54021513867688, 'ign_k': 1.1044350847124695, 'ign_c': 22.126836566118193, 'trop_agb_crit': 12.647327018493208, 'trop_k_veg': 3.1997247840069356, 'fuel_k': 4.710433409437072, 'fuel_half': 1.9170041589170652}.
[I 2026-06-10 21:49:03,808] Trial 1069 finished with values: [-0.6670354493045553, 0.23369472039013606] and parameters: {'k1': 0.012840669372724958, 'D_low': 37.35862630812753, 'k2': 0.002173988526401145, 'D_high': 3717.5840668808005, 'fire_exp': 2.816695127117806, 'P_half': 93.43302657318476, 'pre_dampen_half': 565.0116730717873, 'gpp_af': 0.3002317246575309, 'gpp_b': 0.0009153552948098625, 'gpp_d': 14.423399576193098, 'ign_k': 5.351470428717437, 'ign_c': 0.5655677524618509, 'trop_agb_crit': 10.215415653610627, 'trop_k_veg': 4.7254560805090735, 'fuel_k': 0.28328975157735103, 'fuel_half': 11.781063202742125}.
[I 2026-06-10 21:49:05,793] Trial 1070 finished with values: [10.11263454062832, 10.11263454062832] and parameters: {'k1': 0.05466937478766084, 'D_low': 5.351452349843333, 'k2': 0.002884223471687844, 'D_high': 3512.7047262708465, 'fire_exp': 1.2781983515972553, 'P_half': 102.4585893986732, 'pre_dampen_half': 76.48086387319148, 'gpp_af': 0.3002317246575309, 'gpp_b': 0.00012118589392553798, 'gpp_d': 59.94537656798816, 'ign_k': 0.6059999467262209, 'ign_c': 22.126836566118193, 'trop_agb_crit': 2.679156169946616, 'trop_k_veg': 4.129715873342728, 'fuel_k': 4.710433409437072, 'fuel_half': 1.3323297901105768}.
[I 2026-06-10 21:49:08,915] Trial 1071 finished with values: [-0.6749467671945494, 0.42362845396969007] and parameters: {'k1': 0.0006579066240690734, 'D_low': 5.351452349843333, 'k2': 0.002884223471687844, 'D_high': 3512.7047262708465, 'fire_exp': 1.2781983515972553, 'P_half': 13.30003421978439, 'pre_dampen_half': 243.70551632385417, 'gpp_af': 0.004369972780168874, 'gpp_b': 1.284284091405877e-05, 'gpp_d': 229.41380323183625, 'ign_k': 5.351470428717437, 'ign_c': 0.6004682478324445, 'trop_agb_crit': 10.691477813613638, 'trop_k_veg': 3.376529607942905, 'fuel_k': 4.710433409437072, 'fuel_half': 11.781063202742125}.
[I 2026-06-10 21:49:11,267] Trial 1072 finished with values: [10.25928643488702, 10.25928643488702] and parameters: {'k1': 0.02228708726011016, 'D_low': 97.43142535650219, 'k2': 0.002884223471687844, 'D_high': 2289.1315306837046, 'fire_exp': 1.4126958348191876, 'P_half': 1.6139316358793205, 'pre_dampen_half': 13.472769577631583, 'gpp_af': 0.22965432344634354, 'gpp_b': 1.284284091405877e-05, 'gpp_d': 6.478643450593011, 'ign_k': 1.1044350847124695, 'ign_c': 22.126836566118193, 'trop_agb_crit': 12.647327018493208, 'trop_k_veg': 3.1997247840069356, 'fuel_k': 4.710433409437072, 'fuel_half': 11.781063202742125}.
[I 2026-06-10 21:49:14,075] Trial 1073 finished with values: [10.036882796016402, 10.036882796016402] and parameters: {'k1': 0.012840669372724958, 'D_low': 97.43142535650219, 'k2': 0.002884223471687844, 'D_high': 3512.7047262708465, 'fire_exp': 1.1624282544748499, 'P_half': 93.43302657318476, 'pre_dampen_half': 243.70551632385417, 'gpp_af': 0.22965432344634354, 'gpp_b': 0.0003790316006121243, 'gpp_d': 229.41380323183625, 'ign_k': 1.1044350847124695, 'ign_c': 8.918355390301986, 'trop_agb_crit': 2.679156169946616, 'trop_k_veg': 1.331829048405031, 'fuel_k': 4.710433409437072, 'fuel_half': 11.781063202742125}.
[I 2026-06-10 21:49:16,409] Trial 1074 finished with values: [-0.461097151816409, 0.3307022794359278] and parameters: {'k1': 0.002155595057104387, 'D_low': 37.35862630812753, 'k2': 0.002173988526401145, 'D_high': 3512.7047262708465, 'fire_exp': 1.1103154430776774, 'P_half': 102.4585893986732, 'pre_dampen_half': 32.53305539860191, 'gpp_af': 0.22965432344634354, 'gpp_b': 1.284284091405877e-05, 'gpp_d': 59.94537656798816, 'ign_k': 0.02741350741975827, 'ign_c': 22.126836566118193, 'trop_agb_crit': 10.691477813613638, 'trop_k_veg': 4.129715873342728, 'fuel_k': 4.710433409437072, 'fuel_half': 1.3323297901105768}.
[I 2026-06-10 21:49:18,237] Trial 1075 finished with values: [10.677699798343511, 10.677699798343511] and parameters: {'k1': 0.002155595057104387, 'D_low': 37.35862630812753, 'k2': 0.002173988526401145, 'D_high': 13.62869902545133, 'fire_exp': 1.1103154430776774, 'P_half': 221.2683656611821, 'pre_dampen_half': 32.53305539860191, 'gpp_af': 0.053663001820106804, 'gpp_b': 2.176805640408474e-05, 'gpp_d': 229.41380323183625, 'ign_k': 0.6059999467262209, 'ign_c': 22.126836566118193, 'trop_agb_crit': 10.215415653610627, 'trop_k_veg': 6.45312300188076, 'fuel_k': 0.28328975157735103, 'fuel_half': 11.781063202742125}.
[I 2026-06-10 21:49:20,241] Trial 1076 finished with values: [10.696975923278627, 10.696975923278627] and parameters: {'k1': 1.7807904329970765e-05, 'D_low': 5.351452349843333, 'k2': 0.002884223471687844, 'D_high': 2289.1315306837046, 'fire_exp': 1.4126958348191876, 'P_half': 4224.251951471085, 'pre_dampen_half': 857.6556763881457, 'gpp_af': 0.3002317246575309, 'gpp_b': 0.030192753723920055, 'gpp_d': 6.478643450593011, 'ign_k': 5.351470428717437, 'ign_c': 0.4944223106753942, 'trop_agb_crit': 10.215415653610627, 'trop_k_veg': 4.7254560805090735, 'fuel_k': 0.8524702596592678, 'fuel_half': 11.781063202742125}.
[I 2026-06-10 21:49:22,410] Trial 1077 finished with values: [10.257234887434514, 10.257234887434514] and parameters: {'k1': 0.05466937478766084, 'D_low': 5.351452349843333, 'k2': 0.002884223471687844, 'D_high': 2289.1315306837046, 'fire_exp': 1.2781983515972553, 'P_half': 221.2683656611821, 'pre_dampen_half': 565.0116730717873, 'gpp_af': 0.3002317246575309, 'gpp_b': 0.005419266601560437, 'gpp_d': 229.41380323183625, 'ign_k': 1.1044350847124695, 'ign_c': 0.4944223106753942, 'trop_agb_crit': 10.215415653610627, 'trop_k_veg': 4.6587922535200255, 'fuel_k': 4.710433409437072, 'fuel_half': 11.781063202742125}.
[I 2026-06-10 21:49:24,563] Trial 1078 finished with values: [-0.6712260236369992, 0.34255727462008945] and parameters: {'k1': 0.012840669372724958, 'D_low': 5.351452349843333, 'k2': 0.002884223471687844, 'D_high': 61536.58035691648, 'fire_exp': 1.423480109671474, 'P_half': 13.30003421978439, 'pre_dampen_half': 565.0116730717873, 'gpp_af': 0.053663001820106804, 'gpp_b': 0.020015168607057772, 'gpp_d': 229.41380323183625, 'ign_k': 3.965503094323014, 'ign_c': 0.5655677524618509, 'trop_agb_crit': 5.526463318565575, 'trop_k_veg': 6.45312300188076, 'fuel_k': 4.710433409437072, 'fuel_half': 11.781063202742125}.
[I 2026-06-10 21:49:26,677] Trial 1079 finished with values: [10.094338225309835, 10.094338225309835] and parameters: {'k1': 0.012840669372724958, 'D_low': 5.351452349843333, 'k2': 0.002884223471687844, 'D_high': 2289.1315306837046, 'fire_exp': 1.3779877954006396, 'P_half': 221.2683656611821, 'pre_dampen_half': 857.6556763881457, 'gpp_af': 0.3002317246575309, 'gpp_b': 0.005419266601560437, 'gpp_d': 229.41380323183625, 'ign_k': 0.8599189552684969, 'ign_c': 22.126836566118193, 'trop_agb_crit': 2.679156169946616, 'trop_k_veg': 4.6587922535200255, 'fuel_k': 0.30140134373413346, 'fuel_half': 11.781063202742125}.
[I 2026-06-10 21:49:29,469] Trial 1080 finished with values: [-0.7496310176211892, 0.3767316009685081] and parameters: {'k1': 0.012840669372724958, 'D_low': 40.12413353131991, 'k2': 0.004708159793250189, 'D_high': 3512.7047262708465, 'fire_exp': 1.2781983515972553, 'P_half': 13.30003421978439, 'pre_dampen_half': 243.70551632385417, 'gpp_af': 0.3002317246575309, 'gpp_b': 0.005419266601560437, 'gpp_d': 5.492846275210879, 'ign_k': 1.1044350847124695, 'ign_c': 0.4944223106753942, 'trop_agb_crit': 10.215415653610627, 'trop_k_veg': 4.7254560805090735, 'fuel_k': 0.4182971994460706, 'fuel_half': 11.781063202742125}.
[I 2026-06-10 21:49:31,598] Trial 1081 finished with values: [-0.8033569844027638, 0.17492323439467727] and parameters: {'k1': 0.012840669372724958, 'D_low': 5.351452349843333, 'k2': 0.002884223471687844, 'D_high': 2289.1315306837046, 'fire_exp': 1.2781983515972553, 'P_half': 221.2683656611821, 'pre_dampen_half': 857.6556763881457, 'gpp_af': 0.3002317246575309, 'gpp_b': 0.0009153552948098625, 'gpp_d': 229.41380323183625, 'ign_k': 5.351470428717437, 'ign_c': 22.126836566118193, 'trop_agb_crit': 10.215415653610627, 'trop_k_veg': 4.6587922535200255, 'fuel_k': 0.28328975157735103, 'fuel_half': 11.781063202742125}.
[I 2026-06-10 21:49:33,760] Trial 1082 finished with values: [-0.6411152713937076, 0.26713199254337605] and parameters: {'k1': 0.05466937478766084, 'D_low': 2.4474057445796826, 'k2': 0.015109086063191909, 'D_high': 440.94295721828615, 'fire_exp': 1.2781983515972553, 'P_half': 13.30003421978439, 'pre_dampen_half': 565.0116730717873, 'gpp_af': 0.3002317246575309, 'gpp_b': 1.284284091405877e-05, 'gpp_d': 6.478643450593011, 'ign_k': 5.351470428717437, 'ign_c': 0.4944223106753942, 'trop_agb_crit': 10.215415653610627, 'trop_k_veg': 1.30982430326159, 'fuel_k': 0.2503625235956924, 'fuel_half': 1.0921924740205375}.
[I 2026-06-10 21:49:35,871] Trial 1083 finished with values: [10.669198596369371, 10.669198596369371] and parameters: {'k1': 0.012840669372724958, 'D_low': 5.351452349843333, 'k2': 0.002884223471687844, 'D_high': 2289.1315306837046, 'fire_exp': 7.94023481070543, 'P_half': 221.2683656611821, 'pre_dampen_half': 857.6556763881457, 'gpp_af': 0.3002317246575309, 'gpp_b': 0.005419266601560437, 'gpp_d': 229.41380323183625, 'ign_k': 1.1044350847124695, 'ign_c': 22.126836566118193, 'trop_agb_crit': 10.691477813613638, 'trop_k_veg': 3.376529607942905, 'fuel_k': 4.710433409437072, 'fuel_half': 11.781063202742125}.
[I 2026-06-10 21:49:38,213] Trial 1084 finished with values: [10.683085449114246, 10.683085449114246] and parameters: {'k1': 0.012840669372724958, 'D_low': 97.43142535650219, 'k2': 0.002884223471687844, 'D_high': 2289.1315306837046, 'fire_exp': 1.4126958348191876, 'P_half': 221.2683656611821, 'pre_dampen_half': 0.012856329182448098, 'gpp_af': 0.22965432344634354, 'gpp_b': 0.00012118589392553798, 'gpp_d': 6.478643450593011, 'ign_k': 5.351470428717437, 'ign_c': 22.126836566118193, 'trop_agb_crit': 10.215415653610627, 'trop_k_veg': 6.45312300188076, 'fuel_k': 4.710433409437072, 'fuel_half': 11.781063202742125}.
