[I 2026-08-05 23:25:57,236] Trial 810 finished with values: [10.418657852045822, 10.418657852045822] and parameters: {'k1': 0.025383218374507292, 'D_low': 18.89739291279832, 'k2': 4.763991596630584e-05, 'D_high': 7744.80118512745, 'fire_exp': 1.7253235844223638, 'P_half': 13.019246714361572, 'pre_dampen_half': 304.7488318185732, 'gpp_af': 5.511863475708366, 'gpp_b': 0.6637926838138378, 'gpp_d': 79.91486611862103, 'ign_k': 0.4902396944106615, 'ign_c': 8.671454322584175}.
[I 2026-08-05 23:25:58,340] Trial 811 finished with values: [10.11274772034186, 10.11274772034186] and parameters: {'k1': 0.002407354618388189, 'D_low': 1.1065812688893482, 'k2': 0.001154473887645231, 'D_high': 9769.756791866093, 'fire_exp': 1.0881360604103363, 'P_half': 13.019246714361572, 'pre_dampen_half': 304.7488318185732, 'gpp_af': 0.0021836613912815635, 'gpp_b': 0.00044548820847973626, 'gpp_d': 857.4284557962634, 'ign_k': 0.04563289369649656, 'ign_c': 1.5061320080433496}.
[I 2026-08-05 23:25:59,504] Trial 812 finished with values: [-0.6100382744634896, 0.4603494758544272] and parameters: {'k1': 0.06415745702132086, 'D_low': 1.4045842344024697, 'k2': 0.08894151386481904, 'D_high': 7744.80118512745, 'fire_exp': 1.1044852285094786, 'P_half': 12.808863354047988, 'pre_dampen_half': 304.7488318185732, 'gpp_af': 0.001339466259146302, 'gpp_b': 0.00012797528816608022, 'gpp_d': 368.30088529547436, 'ign_k': 0.4702627143647234, 'ign_c': 0.9294394155644988}.
[I 2026-08-05 23:26:00,669] Trial 813 finished with values: [10.769230769178105, 10.769230769178105] and parameters: {'k1': 0.002407354618388189, 'D_low': 2.1234210963705626, 'k2': 4.763991596630584e-05, 'D_high': 7744.80118512745, 'fire_exp': 1.010722707674549, 'P_half': 10.226988730324324, 'pre_dampen_half': 304.7488318185732, 'gpp_af': 0.0021836613912815635, 'gpp_b': 0.00012797528816608022, 'gpp_d': 368.30088529547436, 'ign_k': 0.4702627143647234, 'ign_c': 195.18986965599527}.
[I 2026-08-05 23:26:02,102] Trial 814 finished with values: [-0.584295405969234, 0.5252952987385171] and parameters: {'k1': 0.008956420301712053, 'D_low': 18.89739291279832, 'k2': 0.0007081721844034209, 'D_high': 9769.756791866093, 'fire_exp': 1.1044852285094786, 'P_half': 49.539659199197295, 'pre_dampen_half': 703.6426675556048, 'gpp_af': 0.0021836613912815635, 'gpp_b': 3.139005000572696e-05, 'gpp_d': 5.878566318396007, 'ign_k': 0.050667002161528835, 'ign_c': 1.5061320080433496}.
[I 2026-08-05 23:26:03,259] Trial 815 finished with values: [-0.5923699274218918, 0.5488540515334371] and parameters: {'k1': 0.0029707920514735983, 'D_low': 18.89739291279832, 'k2': 0.08894151386481904, 'D_high': 7744.80118512745, 'fire_exp': 1.1258453832483524, 'P_half': 13.019246714361572, 'pre_dampen_half': 304.7488318185732, 'gpp_af': 0.0021836613912815635, 'gpp_b': 3.481277316673104e-05, 'gpp_d': 21.76454019090988, 'ign_k': 8.761971101023693, 'ign_c': 1.5061320080433496}.
[I 2026-08-05 23:26:04,449] Trial 816 finished with values: [-0.5814609705786962, 0.5894592286074616] and parameters: {'k1': 0.0029707920514735983, 'D_low': 125.32726386250698, 'k2': 0.03071666851587867, 'D_high': 9769.756791866093, 'fire_exp': 1.1258453832483524, 'P_half': 2.4106893837852787, 'pre_dampen_half': 703.6426675556048, 'gpp_af': 0.001339466259146302, 'gpp_b': 3.139005000572696e-05, 'gpp_d': 368.30088529547436, 'ign_k': 8.761971101023693, 'ign_c': 1.5061320080433496}.
[I 2026-08-05 23:26:05,630] Trial 817 finished with values: [10.059520250512483, 10.059520250512483] and parameters: {'k1': 0.002407354618388189, 'D_low': 1.1065812688893482, 'k2': 0.03071666851587867, 'D_high': 9769.756791866093, 'fire_exp': 1.1044852285094786, 'P_half': 215.55950571043874, 'pre_dampen_half': 703.6426675556048, 'gpp_af': 0.001339466259146302, 'gpp_b': 0.00012797528816608022, 'gpp_d': 368.30088529547436, 'ign_k': 0.050667002161528835, 'ign_c': 0.9294394155644988}.
[I 2026-08-05 23:26:06,784] Trial 818 finished with values: [10.31294049147001, 10.31294049147001] and parameters: {'k1': 0.0029707920514735983, 'D_low': 18.89739291279832, 'k2': 0.0007081721844034209, 'D_high': 7744.80118512745, 'fire_exp': 1.0881360604103363, 'P_half': 13.019246714361572, 'pre_dampen_half': 703.6426675556048, 'gpp_af': 1.2003722333832936, 'gpp_b': 3.481277316673104e-05, 'gpp_d': 368.30088529547436, 'ign_k': 0.4902396944106615, 'ign_c': 1.5061320080433496}.
[I 2026-08-05 23:26:08,021] Trial 819 finished with values: [-0.5776343887713835, 0.43317983537654137] and parameters: {'k1': 0.002407354618388189, 'D_low': 18.89739291279832, 'k2': 0.0036014695835220327, 'D_high': 7744.80118512745, 'fire_exp': 1.182396148413737, 'P_half': 13.019246714361572, 'pre_dampen_half': 347.79988160923324, 'gpp_af': 0.001339466259146302, 'gpp_b': 7.402343469704428e-05, 'gpp_d': 857.4284557962634, 'ign_k': 0.13054148118849407, 'ign_c': 0.9294394155644988}.
[I 2026-08-05 23:26:09,256] Trial 820 finished with values: [-0.5581359561128908, 0.6744395195679516] and parameters: {'k1': 0.0029707920514735983, 'D_low': 312.92286563608616, 'k2': 0.03071666851587867, 'D_high': 75773.14388518519, 'fire_exp': 1.1044852285094786, 'P_half': 13.019246714361572, 'pre_dampen_half': 304.7488318185732, 'gpp_af': 0.0025511964576171086, 'gpp_b': 7.402343469704428e-05, 'gpp_d': 857.4284557962634, 'ign_k': 8.761971101023693, 'ign_c': 3.0378658251922155}.
[I 2026-08-05 23:26:10,399] Trial 821 finished with values: [-0.5808640966525368, 0.4591725012672846] and parameters: {'k1': 0.0029707920514735983, 'D_low': 18.89739291279832, 'k2': 0.00375241428659295, 'D_high': 75773.14388518519, 'fire_exp': 1.1258453832483524, 'P_half': 13.019246714361572, 'pre_dampen_half': 347.79988160923324, 'gpp_af': 0.18148402127631746, 'gpp_b': 0.03308649623479659, 'gpp_d': 368.30088529547436, 'ign_k': 8.761971101023693, 'ign_c': 0.9294394155644988}.
[I 2026-08-05 23:26:11,553] Trial 822 finished with values: [-0.5903041773469423, 0.5056944655112251] and parameters: {'k1': 0.0029707920514735983, 'D_low': 18.89739291279832, 'k2': 0.0027431991397796683, 'D_high': 7744.80118512745, 'fire_exp': 1.182396148413737, 'P_half': 13.019246714361572, 'pre_dampen_half': 304.7488318185732, 'gpp_af': 0.001339466259146302, 'gpp_b': 3.228689523591491e-05, 'gpp_d': 857.4284557962634, 'ign_k': 8.761971101023693, 'ign_c': 3.0378658251922155}.
[I 2026-08-05 23:26:12,853] Trial 823 finished with values: [-0.5561650795113231, 0.2988108649136304] and parameters: {'k1': 0.02641449645424223, 'D_low': 2.1234210963705626, 'k2': 0.00375241428659295, 'D_high': 9769.756791866093, 'fire_exp': 1.010722707674549, 'P_half': 12.808863354047988, 'pre_dampen_half': 304.7488318185732, 'gpp_af': 1.2003722333832936, 'gpp_b': 0.6637926838138378, 'gpp_d': 857.4284557962634, 'ign_k': 0.12752949611679998, 'ign_c': 8.671454322584175}.
[I 2026-08-05 23:26:14,146] Trial 824 finished with values: [10.768902070479367, 10.768902070479367] and parameters: {'k1': 0.00324789183891923, 'D_low': 4.699556021099095, 'k2': 0.03071666851587867, 'D_high': 75773.14388518519, 'fire_exp': 1.1044852285094786, 'P_half': 13.019246714361572, 'pre_dampen_half': 48.34691027981356, 'gpp_af': 0.001339466259146302, 'gpp_b': 1.5023892424595373, 'gpp_d': 150.14555442537656, 'ign_k': 8.761971101023693, 'ign_c': 0.9294394155644988}.
[I 2026-08-05 23:26:15,423] Trial 825 finished with values: [10.08005870536954, 10.08005870536954] and parameters: {'k1': 0.0029707920514735983, 'D_low': 2.1234210963705626, 'k2': 7.361379380357782e-05, 'D_high': 2969.087094484682, 'fire_exp': 1.1258453832483524, 'P_half': 13.019246714361572, 'pre_dampen_half': 304.7488318185732, 'gpp_af': 0.00301004353953023, 'gpp_b': 3.481277316673104e-05, 'gpp_d': 150.14555442537656, 'ign_k': 8.761971101023693, 'ign_c': 1.5061320080433496}.
[I 2026-08-05 23:26:16,623] Trial 826 finished with values: [10.489788197138086, 10.489788197138086] and parameters: {'k1': 0.06415745702132086, 'D_low': 2.1234210963705626, 'k2': 0.0036014695835220327, 'D_high': 9769.756791866093, 'fire_exp': 1.0559384059137513, 'P_half': 10.226988730324324, 'pre_dampen_half': 304.7488318185732, 'gpp_af': 5.511863475708366, 'gpp_b': 0.00012797528816608022, 'gpp_d': 368.30088529547436, 'ign_k': 0.34703605955441524, 'ign_c': 0.9294394155644988}.
[I 2026-08-05 23:26:17,826] Trial 827 finished with values: [10.703215150301025, 10.703215150301025] and parameters: {'k1': 0.00369731116092524, 'D_low': 2.1234210963705626, 'k2': 0.002681489769414653, 'D_high': 1537.4098204111451, 'fire_exp': 1.010722707674549, 'P_half': 12.808863354047988, 'pre_dampen_half': 0.14445596525544369, 'gpp_af': 5.511863475708366, 'gpp_b': 0.6637926838138378, 'gpp_d': 223.60515435267138, 'ign_k': 0.12752949611679998, 'ign_c': 8.671454322584175}.
[I 2026-08-05 23:26:18,983] Trial 828 finished with values: [-0.5567346871933513, 0.30333889105156164] and parameters: {'k1': 0.002407354618388189, 'D_low': 1.4045842344024697, 'k2': 0.08894151386481904, 'D_high': 830.8114652888394, 'fire_exp': 1.1258453832483524, 'P_half': 13.019246714361572, 'pre_dampen_half': 304.7488318185732, 'gpp_af': 0.5107061330406066, 'gpp_b': 3.481277316673104e-05, 'gpp_d': 107.84642153666701, 'ign_k': 0.13054148118849407, 'ign_c': 1.5061320080433496}.
[I 2026-08-05 23:26:20,169] Trial 829 finished with values: [10.264360864803365, 10.264360864803365] and parameters: {'k1': 0.025383218374507292, 'D_low': 29.89885508829526, 'k2': 0.0027431991397796683, 'D_high': 7744.80118512745, 'fire_exp': 1.1258453832483524, 'P_half': 13.019246714361572, 'pre_dampen_half': 247.25776073156666, 'gpp_af': 0.5107061330406066, 'gpp_b': 0.011750724729953272, 'gpp_d': 0.9005959291141283, 'ign_k': 8.761971101023693, 'ign_c': 23.872908899163228}.
[I 2026-08-05 23:26:21,330] Trial 830 finished with values: [10.232838665677617, 10.232838665677617] and parameters: {'k1': 0.0009706606756877609, 'D_low': 18.89739291279832, 'k2': 0.08935977793528184, 'D_high': 7744.80118512745, 'fire_exp': 1.1044852285094786, 'P_half': 13.019246714361572, 'pre_dampen_half': 304.7488318185732, 'gpp_af': 0.0025511964576171086, 'gpp_b': 7.402343469704428e-05, 'gpp_d': 857.4284557962634, 'ign_k': 0.0035136541394511, 'ign_c': 3.0378658251922155}.
[I 2026-08-05 23:26:22,869] Trial 831 finished with values: [10.321203599626749, 10.321203599626749] and parameters: {'k1': 0.00324789183891923, 'D_low': 4.051452710153359, 'k2': 0.0007081721844034209, 'D_high': 9769.756791866093, 'fire_exp': 1.010722707674549, 'P_half': 10.226988730324324, 'pre_dampen_half': 304.7488318185732, 'gpp_af': 2.990355148608495, 'gpp_b': 7.402343469704428e-05, 'gpp_d': 891.8036602897795, 'ign_k': 8.761971101023693, 'ign_c': 4.142619760188259}.
[I 2026-08-05 23:26:24,089] Trial 832 finished with values: [-0.5940129789152928, 0.4914533647758399] and parameters: {'k1': 0.0029707920514735983, 'D_low': 9.882278532808778, 'k2': 0.03071666851587867, 'D_high': 7744.80118512745, 'fire_exp': 1.1258453832483524, 'P_half': 13.019246714361572, 'pre_dampen_half': 304.7488318185732, 'gpp_af': 0.0021836613912815635, 'gpp_b': 7.402343469704428e-05, 'gpp_d': 857.4284557962634, 'ign_k': 8.761971101023693, 'ign_c': 1.5061320080433496}.
[I 2026-08-05 23:26:25,320] Trial 833 finished with values: [-0.5967823875442608, 0.5633929018182573] and parameters: {'k1': 0.008956420301712053, 'D_low': 4.051452710153359, 'k2': 0.0007081721844034209, 'D_high': 75773.14388518519, 'fire_exp': 2.5914873994986967, 'P_half': 12.808863354047988, 'pre_dampen_half': 703.6426675556048, 'gpp_af': 0.001339466259146302, 'gpp_b': 3.139005000572696e-05, 'gpp_d': 368.30088529547436, 'ign_k': 8.761971101023693, 'ign_c': 0.9294394155644988}.
[I 2026-08-05 23:26:26,533] Trial 834 finished with values: [-0.5914487465905356, 0.5944355785017361] and parameters: {'k1': 0.002407354618388189, 'D_low': 1.1065812688893482, 'k2': 0.03071666851587867, 'D_high': 9769.756791866093, 'fire_exp': 1.0881360604103363, 'P_half': 13.019246714361572, 'pre_dampen_half': 703.6426675556048, 'gpp_af': 0.001339466259146302, 'gpp_b': 3.139005000572696e-05, 'gpp_d': 857.4284557962634, 'ign_k': 8.761971101023693, 'ign_c': 8.671454322584175}.
[I 2026-08-05 23:26:27,720] Trial 835 finished with values: [10.769230769178105, 10.769230769178105] and parameters: {'k1': 0.00324789183891923, 'D_low': 18.89739291279832, 'k2': 0.0036014695835220327, 'D_high': 9769.756791866093, 'fire_exp': 1.182396148413737, 'P_half': 13.019246714361572, 'pre_dampen_half': 347.79988160923324, 'gpp_af': 0.001339466259146302, 'gpp_b': 0.0037084949295141927, 'gpp_d': 857.4284557962634, 'ign_k': 8.761971101023693, 'ign_c': 74.19780584302272}.
[I 2026-08-05 23:26:28,893] Trial 836 finished with values: [10.759263433010757, 10.759263433010757] and parameters: {'k1': 0.008956420301712053, 'D_low': 2.1234210963705626, 'k2': 0.031211489608802344, 'D_high': 9769.756791866093, 'fire_exp': 1.010722707674549, 'P_half': 13.019246714361572, 'pre_dampen_half': 247.25776073156666, 'gpp_af': 0.001339466259146302, 'gpp_b': 0.1427634083968456, 'gpp_d': 263.6527567943319, 'ign_k': 0.04563289369649656, 'ign_c': 2.4287565087611744}.
[I 2026-08-05 23:26:30,100] Trial 837 finished with values: [-0.6112907177811798, 0.4652202928053668] and parameters: {'k1': 0.02641449645424223, 'D_low': 2.1234210963705626, 'k2': 0.00375241428659295, 'D_high': 7744.80118512745, 'fire_exp': 1.010722707674549, 'P_half': 12.808863354047988, 'pre_dampen_half': 304.7488318185732, 'gpp_af': 0.0021836613912815635, 'gpp_b': 0.00012797528816608022, 'gpp_d': 223.60515435267138, 'ign_k': 0.12752949611679998, 'ign_c': 8.671454322584175}.
[I 2026-08-05 23:26:31,339] Trial 838 finished with values: [10.453839485070084, 10.453839485070084] and parameters: {'k1': 0.025383218374507292, 'D_low': 1.4045842344024697, 'k2': 4.763991596630584e-05, 'D_high': 9769.756791866093, 'fire_exp': 1.1044852285094786, 'P_half': 25.49709775062068, 'pre_dampen_half': 304.7488318185732, 'gpp_af': 5.511863475708366, 'gpp_b': 8.86208604060461, 'gpp_d': 891.8036602897795, 'ign_k': 5.9736167866478125, 'ign_c': 0.32627001117104587}.
[I 2026-08-05 23:26:32,527] Trial 839 finished with values: [10.718090745488139, 10.718090745488139] and parameters: {'k1': 0.008956420301712053, 'D_low': 9.882278532808778, 'k2': 0.001154473887645231, 'D_high': 2941.5751391396584, 'fire_exp': 1.1258453832483524, 'P_half': 13.019246714361572, 'pre_dampen_half': 0.03315494004644148, 'gpp_af': 0.0021836613912815635, 'gpp_b': 7.402343469704428e-05, 'gpp_d': 857.4284557962634, 'ign_k': 0.04563289369649656, 'ign_c': 9.023734753282096}.
[I 2026-08-05 23:26:33,737] Trial 840 finished with values: [-0.5779936762264395, 0.5027079726123953] and parameters: {'k1': 0.008956420301712053, 'D_low': 2.1234210963705626, 'k2': 0.08894151386481904, 'D_high': 9769.756791866093, 'fire_exp': 1.1044852285094786, 'P_half': 12.808863354047988, 'pre_dampen_half': 703.6426675556048, 'gpp_af': 0.001339466259146302, 'gpp_b': 3.139005000572696e-05, 'gpp_d': 368.30088529547436, 'ign_k': 0.03141110271934876, 'ign_c': 0.3528113274684997}.
[I 2026-08-05 23:26:34,908] Trial 841 finished with values: [10.099376679553247, 10.099376679553247] and parameters: {'k1': 0.06415745702132086, 'D_low': 1.2299210465793122, 'k2': 0.00011939136672856547, 'D_high': 2941.5751391396584, 'fire_exp': 1.010722707674549, 'P_half': 13.019246714361572, 'pre_dampen_half': 107.40052367919465, 'gpp_af': 0.0021836613912815635, 'gpp_b': 0.00012797528816608022, 'gpp_d': 5.878566318396007, 'ign_k': 0.34703605955441524, 'ign_c': 8.671454322584175}.
[I 2026-08-05 23:26:36,142] Trial 842 finished with values: [-0.5890492759683086, 0.5274554485632865] and parameters: {'k1': 0.06415745702132086, 'D_low': 1.1065812688893482, 'k2': 0.0036014695835220327, 'D_high': 9769.756791866093, 'fire_exp': 1.010722707674549, 'P_half': 10.226988730324324, 'pre_dampen_half': 304.7488318185732, 'gpp_af': 0.001339466259146302, 'gpp_b': 3.139005000572696e-05, 'gpp_d': 368.30088529547436, 'ign_k': 0.050667002161528835, 'ign_c': 8.671454322584175}.
[I 2026-08-05 23:26:37,321] Trial 843 finished with values: [10.759841172568606, 10.759841172568606] and parameters: {'k1': 0.06415745702132086, 'D_low': 1.4045842344024697, 'k2': 0.08894151386481904, 'D_high': 7744.80118512745, 'fire_exp': 1.182396148413737, 'P_half': 13.019246714361572, 'pre_dampen_half': 304.7488318185732, 'gpp_af': 0.0025511964576171086, 'gpp_b': 0.22183644799066013, 'gpp_d': 368.30088529547436, 'ign_k': 4.461217349302768, 'ign_c': 8.671454322584175}.
[I 2026-08-05 23:26:38,487] Trial 844 finished with values: [10.343848937105406, 10.343848937105406] and parameters: {'k1': 0.06415745702132086, 'D_low': 18.89739291279832, 'k2': 4.763991596630584e-05, 'D_high': 7744.80118512745, 'fire_exp': 1.010722707674549, 'P_half': 13.019246714361572, 'pre_dampen_half': 304.7488318185732, 'gpp_af': 5.511863475708366, 'gpp_b': 0.6637926838138378, 'gpp_d': 7.797126586048889, 'ign_k': 0.4702627143647234, 'ign_c': 8.671454322584175}.
[I 2026-08-05 23:26:39,614] Trial 845 finished with values: [-0.6213770755674737, 0.5397354841486939] and parameters: {'k1': 0.025383218374507292, 'D_low': 12.492307509390828, 'k2': 0.08894151386481904, 'D_high': 9769.756791866093, 'fire_exp': 1.1044852285094786, 'P_half': 25.49709775062068, 'pre_dampen_half': 703.6426675556048, 'gpp_af': 0.001339466259146302, 'gpp_b': 7.402343469704428e-05, 'gpp_d': 368.30088529547436, 'ign_k': 0.34703605955441524, 'ign_c': 0.9294394155644988}.
[I 2026-08-05 23:26:40,705] Trial 846 finished with values: [10.012818958437222, 10.012818958437222] and parameters: {'k1': 0.06415745702132086, 'D_low': 1.4045842344024697, 'k2': 0.08894151386481904, 'D_high': 7744.80118512745, 'fire_exp': 1.1258453832483524, 'P_half': 12.808863354047988, 'pre_dampen_half': 304.7488318185732, 'gpp_af': 0.001339466259146302, 'gpp_b': 2.995823436300149e-05, 'gpp_d': 5.878566318396007, 'ign_k': 0.4702627143647234, 'ign_c': 0.22010656610055812}.
[I 2026-08-05 23:26:41,873] Trial 847 finished with values: [10.492504987350337, 10.492504987350337] and parameters: {'k1': 0.06415745702132086, 'D_low': 4.051452710153359, 'k2': 0.08894151386481904, 'D_high': 9769.756791866093, 'fire_exp': 1.182396148413737, 'P_half': 3773.6663450054607, 'pre_dampen_half': 304.7488318185732, 'gpp_af': 0.0025511964576171086, 'gpp_b': 7.402343469704428e-05, 'gpp_d': 857.4284557962634, 'ign_k': 0.34703605955441524, 'ign_c': 8.671454322584175}.
[I 2026-08-05 23:26:43,305] Trial 848 finished with values: [-0.5380995942941641, 0.8127704962043649] and parameters: {'k1': 0.0029707920514735983, 'D_low': 18.89739291279832, 'k2': 0.0027431991397796683, 'D_high': 7744.80118512745, 'fire_exp': 1.5554903627343437, 'P_half': 10.226988730324324, 'pre_dampen_half': 304.7488318185732, 'gpp_af': 5.511863475708366, 'gpp_b': 3.228689523591491e-05, 'gpp_d': 857.4284557962634, 'ign_k': 8.761971101023693, 'ign_c': 3.0378658251922155}.
[I 2026-08-05 23:26:44,508] Trial 849 finished with values: [-0.4792999400449295, 0.7021547505945847] and parameters: {'k1': 0.00324789183891923, 'D_low': 4.051452710153359, 'k2': 0.0007081721844034209, 'D_high': 9769.756791866093, 'fire_exp': 1.151006986743773, 'P_half': 13.019246714361572, 'pre_dampen_half': 703.6426675556048, 'gpp_af': 5.511863475708366, 'gpp_b': 0.0008714237109972738, 'gpp_d': 857.4284557962634, 'ign_k': 0.008065394391537665, 'ign_c': 8.671454322584175}.
[I 2026-08-05 23:26:45,650] Trial 850 finished with values: [-0.5918395955067921, 0.536938570827047] and parameters: {'k1': 0.008956420301712053, 'D_low': 2.1234210963705626, 'k2': 0.0007081721844034209, 'D_high': 9769.756791866093, 'fire_exp': 1.1044852285094786, 'P_half': 10.226988730324324, 'pre_dampen_half': 703.6426675556048, 'gpp_af': 0.001339466259146302, 'gpp_b': 3.139005000572696e-05, 'gpp_d': 368.30088529547436, 'ign_k': 0.050667002161528835, 'ign_c': 0.3528113274684997}.
[I 2026-08-05 23:26:46,801] Trial 851 finished with values: [10.351648746862427, 10.351648746862427] and parameters: {'k1': 0.0029707920514735983, 'D_low': 4.051452710153359, 'k2': 0.0007081721844034209, 'D_high': 263.0178499745551, 'fire_exp': 1.0881360604103363, 'P_half': 13.019246714361572, 'pre_dampen_half': 347.79988160923324, 'gpp_af': 0.18148402127631746, 'gpp_b': 0.0358180527371211, 'gpp_d': 857.4284557962634, 'ign_k': 8.761971101023693, 'ign_c': 0.9294394155644988}.
[I 2026-08-05 23:26:47,913] Trial 852 finished with values: [10.767699327733501, 10.767699327733501] and parameters: {'k1': 0.025383218374507292, 'D_low': 1.1065812688893482, 'k2': 0.0007081721844034209, 'D_high': 9769.756791866093, 'fire_exp': 1.0881360604103363, 'P_half': 13.019246714361572, 'pre_dampen_half': 703.6426675556048, 'gpp_af': 0.001339466259146302, 'gpp_b': 0.6637926838138378, 'gpp_d': 857.4284557962634, 'ign_k': 0.04563289369649656, 'ign_c': 8.671454322584175}.
[I 2026-08-05 23:26:49,051] Trial 853 finished with values: [-0.5796248393560355, 0.5505873139821404] and parameters: {'k1': 0.002407354618388189, 'D_low': 1.4045842344024697, 'k2': 0.08894151386481904, 'D_high': 9769.756791866093, 'fire_exp': 1.1044852285094786, 'P_half': 12.808863354047988, 'pre_dampen_half': 247.25776073156666, 'gpp_af': 0.001339466259146302, 'gpp_b': 3.139005000572696e-05, 'gpp_d': 368.30088529547436, 'ign_k': 0.13054148118849407, 'ign_c': 3.0378658251922155}.
[I 2026-08-05 23:26:50,185] Trial 854 finished with values: [10.087293968635006, 10.087293968635006] and parameters: {'k1': 0.0029707920514735983, 'D_low': 9.882278532808778, 'k2': 0.0007081721844034209, 'D_high': 9769.756791866093, 'fire_exp': 1.0881360604103363, 'P_half': 10.753522341516506, 'pre_dampen_half': 304.7488318185732, 'gpp_af': 1.2003722333832936, 'gpp_b': 7.402343469704428e-05, 'gpp_d': 5.878566318396007, 'ign_k': 8.761971101023693, 'ign_c': 8.671454322584175}.
