[I 2026-08-19 14:59:55,945] Trial 637 finished with value: -0.4268782018832509 and parameters: {'k1': 4.8241743464214686e-05, 'D_low': 10.98656515533738, 'k2': 0.00019771035134694048, 'D_high': 98771.33427678316, 'fire_exp': 8.740631538437885, 'P_half': 221.13309887204304, 'pre_dampen_half': 3.1943633863056218, 'gpp_af': 0.00895246637734069, 'gpp_b': 1.043733495382169e-05, 'gpp_d': 0.635278663454297, 'ign_k': 0.3210513040178756, 'ign_c': 2.361969635462457, 'trop_agb_crit': 22.79696884486201, 'trop_k_veg': 4.66865741242544, 'pop_amp': 7.967955221100991, 'pop_peak': 47.49789231968874, 'pop_sig': 1.895521509050101, 'fuel_k': 0.1886859468905972, 'fuel_half': 0.503416042615024}. Best is trial 421 with value: -0.6216386034937503.
[I 2026-08-19 14:59:58,291] Trial 638 finished with value: -0.599615011510993 and parameters: {'k1': 0.013079258211300775, 'D_low': 9.969686289206136, 'k2': 0.00013310093479606346, 'D_high': 3674120.5843086974, 'fire_exp': 3.6329723395840725, 'P_half': 11.074800161197786, 'pre_dampen_half': 1.9529535654454395, 'gpp_af': 0.009279557045918168, 'gpp_b': 1.2021162841352918e-05, 'gpp_d': 2.324872632408921, 'ign_k': 7.217808500317961, 'ign_c': 4.287314148849254, 'trop_agb_crit': 28.420867895914817, 'trop_k_veg': 1.3300356206573307, 'pop_amp': 0.5455943909586373, 'pop_peak': 22.725055282412683, 'pop_sig': 0.5244330830133963, 'fuel_k': 0.08274125727597319, 'fuel_half': 0.11702308379748054}. Best is trial 421 with value: -0.6216386034937503.
[I 2026-08-19 15:00:01,098] Trial 639 finished with value: -0.3554625854118624 and parameters: {'k1': 0.010370513134362887, 'D_low': 263.5330313961264, 'k2': 0.00023916675588560364, 'D_high': 473131.0545857795, 'fire_exp': 2.797503979949919, 'P_half': 13.678867880112518, 'pre_dampen_half': 0.7341283549011707, 'gpp_af': 0.0036425652159115993, 'gpp_b': 0.0009510761154662816, 'gpp_d': 87.52073034091683, 'ign_k': 6.146192371826988, 'ign_c': 401.7888333947905, 'trop_agb_crit': 27.29670822359867, 'trop_k_veg': 1.4559264787340283, 'pop_amp': 0.03868044719464798, 'pop_peak': 113.27809225014556, 'pop_sig': 0.29189401845601304, 'fuel_k': 0.12628023616501685, 'fuel_half': 1.0118246721132111}. Best is trial 421 with value: -0.6216386034937503.
[I 2026-08-19 15:00:04,213] Trial 640 finished with value: -0.47341780273651857 and parameters: {'k1': 0.0003373119377697818, 'D_low': 75.71322998104499, 'k2': 0.006135303615053087, 'D_high': 271000.51535294787, 'fire_exp': 1.801139751971351, 'P_half': 4.868118279689467, 'pre_dampen_half': 0.013768122236429224, 'gpp_af': 0.3202055703346421, 'gpp_b': 0.02516828530687823, 'gpp_d': 24.501660447204415, 'ign_k': 1.2719266947025016, 'ign_c': 0.2560112220781768, 'trop_agb_crit': 29.460274396353924, 'trop_k_veg': 4.710434271867476, 'pop_amp': 0.01749084234414647, 'pop_peak': 10.035084523818794, 'pop_sig': 0.9592844225741486, 'fuel_k': 2.117272093351262, 'fuel_half': 0.7566084337726929}. Best is trial 421 with value: -0.6216386034937503.
[I 2026-08-19 15:00:07,091] Trial 641 finished with value: -0.46631340845888525 and parameters: {'k1': 0.08640793780829582, 'D_low': 27.060718889032866, 'k2': 0.00021798202054568443, 'D_high': 174706.52563047077, 'fire_exp': 5.546228349397606, 'P_half': 18.710052600465282, 'pre_dampen_half': 0.11184144713684376, 'gpp_af': 0.007771142125975918, 'gpp_b': 3.616592246565893e-05, 'gpp_d': 2.622351199779689, 'ign_k': 7.3722629426011395, 'ign_c': 2.9485496887649325, 'trop_agb_crit': 14.632681415356505, 'trop_k_veg': 1.2178254918924323, 'pop_amp': 0.42305449652808547, 'pop_peak': 10.743478606790909, 'pop_sig': 0.3770451975129547, 'fuel_k': 0.02350165156509809, 'fuel_half': 0.24452473636772248}. Best is trial 421 with value: -0.6216386034937503.
[I 2026-08-19 15:00:09,673] Trial 642 finished with value: -0.4954557832534247 and parameters: {'k1': 0.003437342579427535, 'D_low': 2.374407940971684, 'k2': 0.00044316284789192397, 'D_high': 9947734.892802384, 'fire_exp': 4.783000566558288, 'P_half': 4.187023574412007, 'pre_dampen_half': 0.10457772321839852, 'gpp_af': 0.10959435109381876, 'gpp_b': 0.00011295704719204108, 'gpp_d': 1.7091895150103273, 'ign_k': 3.207134225054144, 'ign_c': 0.8635870159686807, 'trop_agb_crit': 27.809195800544586, 'trop_k_veg': 1.5427635060900602, 'pop_amp': 0.21628887706981165, 'pop_peak': 46.7026826198694, 'pop_sig': 0.39036883110322207, 'fuel_k': 0.2311852266233752, 'fuel_half': 0.24424987405898868}. Best is trial 421 with value: -0.6216386034937503.
  trial  643/2500  best_overall=0.6216  (36.1 min)
[I 2026-08-19 15:00:12,384] Trial 643 finished with value: -0.4981308048178657 and parameters: {'k1': 0.01809381722556994, 'D_low': 19.59615392487955, 'k2': 1.1378862230343927e-05, 'D_high': 146991.04488965802, 'fire_exp': 3.162554328165576, 'P_half': 1.1606087659970268, 'pre_dampen_half': 1.5883197876753485, 'gpp_af': 0.007707990969772037, 'gpp_b': 1.1223623676465806e-05, 'gpp_d': 7.886860957297457, 'ign_k': 3.4312370089870443, 'ign_c': 1.0836730712482228, 'trop_agb_crit': 10.831283261212585, 'trop_k_veg': 2.500379555551157, 'pop_amp': 0.16439657699036656, 'pop_peak': 12.778186177547871, 'pop_sig': 0.3081991434180492, 'fuel_k': 0.13692311902933413, 'fuel_half': 0.10701579851621805}. Best is trial 421 with value: -0.6216386034937503.
[I 2026-08-19 15:00:15,182] Trial 644 finished with value: -0.3554625854118624 and parameters: {'k1': 0.00020992352159251895, 'D_low': 33357.00887975132, 'k2': 1.5045546522985234e-05, 'D_high': 1657194.5488424152, 'fire_exp': 1.0954509197758615, 'P_half': 651.6533754874607, 'pre_dampen_half': 1.2473705333137746, 'gpp_af': 0.002997146575997903, 'gpp_b': 3.72263937514675e-05, 'gpp_d': 5.654074984196821, 'ign_k': 3.186530899632038, 'ign_c': 237.2021823247705, 'trop_agb_crit': 26.100424058762066, 'trop_k_veg': 2.3786286068068168, 'pop_amp': 2.100683104730381, 'pop_peak': 4.6798183504785555, 'pop_sig': 1.912973886313138, 'fuel_k': 0.40739044474289277, 'fuel_half': 10.491918149156046}. Best is trial 421 with value: -0.6216386034937503.
[I 2026-08-19 15:00:17,937] Trial 645 finished with value: -0.5724523138976548 and parameters: {'k1': 0.000614956480541709, 'D_low': 1489.5531234155067, 'k2': 6.369171449439563e-05, 'D_high': 84755.65442115783, 'fire_exp': 1.0843139403974251, 'P_half': 564.2149435661723, 'pre_dampen_half': 0.7252978783216288, 'gpp_af': 0.003915476132899451, 'gpp_b': 0.00029126741442903395, 'gpp_d': 0.38656367172447437, 'ign_k': 4.700670543925181, 'ign_c': 5.821812464836886, 'trop_agb_crit': 5.579816542333074, 'trop_k_veg': 2.110043879727328, 'pop_amp': 0.0016569705848815518, 'pop_peak': 4.900826137092149, 'pop_sig': 2.0704690979953573, 'fuel_k': 1.4179795495194885, 'fuel_half': 0.13405651902629348}. Best is trial 421 with value: -0.6216386034937503.
[I 2026-08-19 15:00:20,605] Trial 646 finished with value: -0.5527948732369539 and parameters: {'k1': 0.018909119526340216, 'D_low': 3.7189739344081523, 'k2': 0.0006652015746130331, 'D_high': 928092.024225883, 'fire_exp': 4.554849556707424, 'P_half': 156.98922729619048, 'pre_dampen_half': 1.1149448230340373, 'gpp_af': 0.00244291279953841, 'gpp_b': 9.76416596624575e-05, 'gpp_d': 0.42554551019357445, 'ign_k': 2.987250322308498, 'ign_c': 4.897375158279538, 'trop_agb_crit': 29.79631896306491, 'trop_k_veg': 1.0531654198038753, 'pop_amp': 8.95604153872144, 'pop_peak': 368.214542155983, 'pop_sig': 0.5291923277624658, 'fuel_k': 0.09838657162480699, 'fuel_half': 0.20995746262125758}. Best is trial 421 with value: -0.6216386034937503.
[I 2026-08-19 15:00:23,063] Trial 647 finished with value: -0.4170318961590703 and parameters: {'k1': 0.05736838676561555, 'D_low': 5094.486477336858, 'k2': 2.2906367161000368e-05, 'D_high': 34531.13034491538, 'fire_exp': 1.442246963109288, 'P_half': 27.881194111785746, 'pre_dampen_half': 0.44522951529078364, 'gpp_af': 0.0019901282322944435, 'gpp_b': 0.0007081632919385447, 'gpp_d': 5.855063467548109, 'ign_k': 0.08510023409214978, 'ign_c': 2.0396689581346683, 'trop_agb_crit': 23.613920621896877, 'trop_k_veg': 5.467048269860606, 'pop_amp': 0.19960829518607134, 'pop_peak': 0.07170200844617984, 'pop_sig': 0.6121649734415932, 'fuel_k': 0.19877360151954448, 'fuel_half': 0.2907389697831299}. Best is trial 421 with value: -0.6216386034937503.
[I 2026-08-19 15:00:25,967] Trial 648 finished with value: -0.3518406581389928 and parameters: {'k1': 0.00025954798997334153, 'D_low': 5250.663757060684, 'k2': 0.0013276208783113762, 'D_high': 152500.6501123712, 'fire_exp': 1.4818321905738736, 'P_half': 105.4313198765607, 'pre_dampen_half': 86.40389924692194, 'gpp_af': 0.04790515659844393, 'gpp_b': 0.0010368935672550664, 'gpp_d': 0.02086830289099563, 'ign_k': 0.9666038034902816, 'ign_c': 57.72664588612191, 'trop_agb_crit': 23.27943146116179, 'trop_k_veg': 0.7596434872339844, 'pop_amp': 0.1016151647096111, 'pop_peak': 9.186056704040658, 'pop_sig': 2.265457055858177, 'fuel_k': 0.09450820814089206, 'fuel_half': 4.377206358244315}. Best is trial 421 with value: -0.6216386034937503.
[I 2026-08-19 15:00:28,641] Trial 649 finished with value: -0.5676338056408785 and parameters: {'k1': 0.009359541727375558, 'D_low': 10.265517015416878, 'k2': 3.664776906809782e-05, 'D_high': 1112316.2109619312, 'fire_exp': 4.202816501617268, 'P_half': 4.254729788067478, 'pre_dampen_half': 29.34777813586323, 'gpp_af': 0.009175973788638141, 'gpp_b': 1.1180169194805854e-05, 'gpp_d': 60.11842225763, 'ign_k': 4.222347585304487, 'ign_c': 11.963220993040329, 'trop_agb_crit': 21.67195778191254, 'trop_k_veg': 1.479974609295743, 'pop_amp': 0.10684564500976566, 'pop_peak': 12.256259141306897, 'pop_sig': 0.9364915147310889, 'fuel_k': 0.04970021186339163, 'fuel_half': 0.12251732089077226}. Best is trial 421 with value: -0.6216386034937503.
[I 2026-08-19 15:00:31,323] Trial 650 finished with value: -0.594456235473557 and parameters: {'k1': 0.0036964140385553415, 'D_low': 5.642456748124986, 'k2': 3.165714446331254e-05, 'D_high': 3889049.118266125, 'fire_exp': 2.9711589876512763, 'P_half': 8.89793827576735, 'pre_dampen_half': 3.2131894943035553, 'gpp_af': 0.017754811097242737, 'gpp_b': 8.970104511187466e-05, 'gpp_d': 1.1157620925442884, 'ign_k': 1.309678593839754, 'ign_c': 1.6007453839343417, 'trop_agb_crit': 25.062301429371498, 'trop_k_veg': 1.2780394273667486, 'pop_amp': 0.14890625841837168, 'pop_peak': 150.391129444152, 'pop_sig': 0.7890935389032578, 'fuel_k': 0.1682350609731858, 'fuel_half': 0.34424686499567664}. Best is trial 421 with value: -0.6216386034937503.
  trial  651/2500  best_overall=0.6216  (36.5 min)
[I 2026-08-19 15:00:34,335] Trial 651 finished with value: -0.43835237846255887 and parameters: {'k1': 0.013286427556106139, 'D_low': 33.54392424831742, 'k2': 0.00021250087781292347, 'D_high': 926605.9775909842, 'fire_exp': 2.0588640863269827, 'P_half': 2035.8899660965517, 'pre_dampen_half': 1.9608197364201638, 'gpp_af': 0.004569443332195623, 'gpp_b': 3.751510010479118e-05, 'gpp_d': 1.2641247620980778, 'ign_k': 0.06161936058202174, 'ign_c': 0.5570714618621461, 'trop_agb_crit': 17.007016893012885, 'trop_k_veg': 2.110671376978692, 'pop_amp': 0.6356263787268471, 'pop_peak': 6.901951967662073, 'pop_sig': 1.3754263302129377, 'fuel_k': 0.3296254248572673, 'fuel_half': 0.37778559763939334}. Best is trial 421 with value: -0.6216386034937503.
[I 2026-08-19 15:00:36,969] Trial 652 finished with value: -0.5673565011024015 and parameters: {'k1': 0.003278636989109511, 'D_low': 52.54095017965757, 'k2': 0.0013339900735170648, 'D_high': 7009634.656867683, 'fire_exp': 4.238034760692926, 'P_half': 17.575391597488064, 'pre_dampen_half': 0.5641620082057907, 'gpp_af': 0.018907304472585124, 'gpp_b': 1.6250061310592323e-05, 'gpp_d': 1.0721266372526017, 'ign_k': 0.8123196098136328, 'ign_c': 10.582921139613493, 'trop_agb_crit': 3.323577462020021, 'trop_k_veg': 2.357350677704242, 'pop_amp': 0.5208408853844926, 'pop_peak': 22.37644327385088, 'pop_sig': 1.6901988343566123, 'fuel_k': 0.07299015924846272, 'fuel_half': 5.470276192778559}. Best is trial 421 with value: -0.6216386034937503.
[I 2026-08-19 15:00:39,357] Trial 653 finished with value: -0.3946412172710289 and parameters: {'k1': 0.0064739357718876355, 'D_low': 6.342068355626762, 'k2': 7.491957684994322e-05, 'D_high': 9078621.86986694, 'fire_exp': 2.1965353465418556, 'P_half': 3.719675728830573, 'pre_dampen_half': 14.77317982457086, 'gpp_af': 0.030406167034289392, 'gpp_b': 1.5563769073417902e-05, 'gpp_d': 3.232755293798582, 'ign_k': 1.1618547573205835, 'ign_c': 3.239989762156385, 'trop_agb_crit': 27.98708157789767, 'trop_k_veg': 2.323372430237955, 'pop_amp': 2.33542572411261, 'pop_peak': 8.350333459396245, 'pop_sig': 0.6442519882433397, 'fuel_k': 0.057650434328618244, 'fuel_half': 0.16475189787851818}. Best is trial 421 with value: -0.6216386034937503.
[I 2026-08-19 15:00:41,923] Trial 654 finished with value: -0.5166174707714022 and parameters: {'k1': 0.005879798991597995, 'D_low': 3.4519318975370137, 'k2': 0.0027961164786219697, 'D_high': 2999521.216742413, 'fire_exp': 5.110246886547106, 'P_half': 14.59861825360495, 'pre_dampen_half': 2.2334955373310583, 'gpp_af': 0.0032354522878005254, 'gpp_b': 2.0735721922910263e-05, 'gpp_d': 46.857050818840875, 'ign_k': 0.7266827163159552, 'ign_c': 19.20741609711546, 'trop_agb_crit': 21.227084321037875, 'trop_k_veg': 1.620612804257849, 'pop_amp': 0.1725470857808318, 'pop_peak': 5.035934322091468, 'pop_sig': 0.46658259932963864, 'fuel_k': 0.04433080200992109, 'fuel_half': 0.3192770658129177}. Best is trial 421 with value: -0.6216386034937503.
[I 2026-08-19 15:00:44,597] Trial 655 finished with value: -0.5876445861911961 and parameters: {'k1': 0.0005873753053121907, 'D_low': 1.6716789920786297, 'k2': 5.443497003875729e-05, 'D_high': 468504.6970030702, 'fire_exp': 1.2950126714637389, 'P_half': 135.0043769266295, 'pre_dampen_half': 4.503517226794326, 'gpp_af': 0.005748733783490001, 'gpp_b': 0.00032907389956016847, 'gpp_d': 0.031084764544135068, 'ign_k': 3.0005732586221145, 'ign_c': 5.090979092908924, 'trop_agb_crit': 7.689392062638982, 'trop_k_veg': 3.221289930739809, 'pop_amp': 0.19524386151143014, 'pop_peak': 0.4985261640293372, 'pop_sig': 0.938544656796078, 'fuel_k': 0.25712819275231935, 'fuel_half': 2.873008695216705}. Best is trial 421 with value: -0.6216386034937503.
[I 2026-08-19 15:00:47,047] Trial 656 finished with value: -0.42230217317163044 and parameters: {'k1': 9.481774695991208e-05, 'D_low': 94217.23268075784, 'k2': 1.5007491117914058e-05, 'D_high': 2226775.440435777, 'fire_exp': 1.1234224990953596, 'P_half': 5765.211758242161, 'pre_dampen_half': 0.04316119106674173, 'gpp_af': 0.0017310378541476852, 'gpp_b': 0.00010331321848265045, 'gpp_d': 1.394822614712009, 'ign_k': 7.682736632966082, 'ign_c': 1.8914428133341867, 'trop_agb_crit': 11.5858767465572, 'trop_k_veg': 0.7917431537639157, 'pop_amp': 7.922558293248305, 'pop_peak': 11.002674187928232, 'pop_sig': 1.3152098648574972, 'fuel_k': 0.3570800268329629, 'fuel_half': 0.4485728900724181}. Best is trial 421 with value: -0.6216386034937503.
[I 2026-08-19 15:00:49,604] Trial 657 finished with value: -0.5290140557923213 and parameters: {'k1': 0.06425657657015918, 'D_low': 332.9554473407817, 'k2': 0.008307866170380982, 'D_high': 3429142.960299667, 'fire_exp': 1.9626456933472596, 'P_half': 40.151241612318515, 'pre_dampen_half': 0.22934373412823764, 'gpp_af': 0.005108556622028899, 'gpp_b': 0.00020787596986187663, 'gpp_d': 3.028433226810217, 'ign_k': 1.081199375135752, 'ign_c': 1.6889754930441914, 'trop_agb_crit': 15.543866547878107, 'trop_k_veg': 3.276966972097343, 'pop_amp': 0.002418750983632931, 'pop_peak': 123.14839616088081, 'pop_sig': 0.5089073672886674, 'fuel_k': 0.48195793692767763, 'fuel_half': 0.11941385948026002}. Best is trial 421 with value: -0.6216386034937503.
[I 2026-08-19 15:00:52,030] Trial 658 finished with value: -0.531032711388066 and parameters: {'k1': 0.0005453586316448214, 'D_low': 21.253921787357235, 'k2': 0.0002842048810936432, 'D_high': 344060.15631481924, 'fire_exp': 1.1582253407170968, 'P_half': 57.78866985788857, 'pre_dampen_half': 3.8620392161821187, 'gpp_af': 1.1027478375254511, 'gpp_b': 0.025791402930932524, 'gpp_d': 264.22601659606056, 'ign_k': 0.3083011112793106, 'ign_c': 0.25653611727702114, 'trop_agb_crit': 16.929383598330237, 'trop_k_veg': 5.475971562543391, 'pop_amp': 2.2229012130779955, 'pop_peak': 0.40004400196824846, 'pop_sig': 0.5460981135865993, 'fuel_k': 0.2842678904228807, 'fuel_half': 0.11589686484296993}. Best is trial 421 with value: -0.6216386034937503.
  trial  659/2500  best_overall=0.6216  (36.8 min)
[I 2026-08-19 15:00:55,107] Trial 659 finished with value: -0.4323972795019377 and parameters: {'k1': 0.005365489320808235, 'D_low': 4.137133960918858, 'k2': 4.617581783259076e-05, 'D_high': 574293.2398511813, 'fire_exp': 5.032691524697207, 'P_half': 385.7945077162795, 'pre_dampen_half': 2.775690095923317, 'gpp_af': 0.21097424643907414, 'gpp_b': 2.81252940766756e-05, 'gpp_d': 0.20075026965060352, 'ign_k': 0.6822778059193076, 'ign_c': 0.9278936242005896, 'trop_agb_crit': 27.946520305708717, 'trop_k_veg': 2.8699138652475296, 'pop_amp': 1.909436683224405, 'pop_peak': 35.778198929469326, 'pop_sig': 0.878279551982351, 'fuel_k': 0.09577255970644452, 'fuel_half': 15.506831282305084}. Best is trial 421 with value: -0.6216386034937503.
[I 2026-08-19 15:00:57,783] Trial 660 finished with value: -0.47597127416506224 and parameters: {'k1': 0.00672494900630196, 'D_low': 1.485149425622151, 'k2': 0.00043548200743819416, 'D_high': 57678.16918249422, 'fire_exp': 2.755087005638993, 'P_half': 10.166950793208024, 'pre_dampen_half': 1.6335527856311982, 'gpp_af': 0.04013874075184761, 'gpp_b': 1.25463022832233e-05, 'gpp_d': 1.943112301547309, 'ign_k': 5.337360436866744, 'ign_c': 24.85770673133112, 'trop_agb_crit': 29.40028814048255, 'trop_k_veg': 0.6657258485503712, 'pop_amp': 1.0219304760843806, 'pop_peak': 97.78169956676388, 'pop_sig': 0.766711599636866, 'fuel_k': 0.38526017299701626, 'fuel_half': 0.2595074242423857}. Best is trial 421 with value: -0.6216386034937503.
[I 2026-08-19 15:01:00,239] Trial 661 finished with value: -0.5716451434145761 and parameters: {'k1': 0.006580464428086393, 'D_low': 24.600086504425605, 'k2': 4.336742161352035e-05, 'D_high': 4177100.118434707, 'fire_exp': 5.894719469654252, 'P_half': 3.240089517542479, 'pre_dampen_half': 0.7869897928484534, 'gpp_af': 0.00959390591746513, 'gpp_b': 1.1512164664495897e-05, 'gpp_d': 71.11914374232849, 'ign_k': 6.11300360987857, 'ign_c': 20.52635177749543, 'trop_agb_crit': 28.61160374229118, 'trop_k_veg': 1.0196374752321242, 'pop_amp': 0.21397430772119824, 'pop_peak': 10.319407810744703, 'pop_sig': 0.4297475600925811, 'fuel_k': 1.6120349430659289, 'fuel_half': 0.15470020968736606}. Best is trial 421 with value: -0.6216386034937503.
[I 2026-08-19 15:01:02,819] Trial 662 finished with value: -0.5888953781487529 and parameters: {'k1': 0.024933842144797474, 'D_low': 1.8350564548159733, 'k2': 0.0003619100061581906, 'D_high': 5795484.022784736, 'fire_exp': 4.410647424828788, 'P_half': 23.95061673928981, 'pre_dampen_half': 11.0872506842857, 'gpp_af': 0.0012945185967679891, 'gpp_b': 3.570668570626605e-05, 'gpp_d': 3.5760679823310157, 'ign_k': 5.918234847968635, 'ign_c': 2.3002877268059128, 'trop_agb_crit': 24.57483463931126, 'trop_k_veg': 2.01446985697031, 'pop_amp': 0.22872639005656042, 'pop_peak': 16.251462760235487, 'pop_sig': 0.5572508678909817, 'fuel_k': 0.07106710105085481, 'fuel_half': 0.13123150260147137}. Best is trial 421 with value: -0.6216386034937503.
[I 2026-08-19 15:01:05,489] Trial 663 finished with value: -0.5784830885859502 and parameters: {'k1': 0.0022353603257717087, 'D_low': 14.44042433057893, 'k2': 0.0003057574861501421, 'D_high': 1819233.4329645282, 'fire_exp': 1.3853015850851635, 'P_half': 449.33040823892435, 'pre_dampen_half': 154.30506092188884, 'gpp_af': 0.02413546943412381, 'gpp_b': 2.2152233789947228e-05, 'gpp_d': 3.9064489825506445, 'ign_k': 3.4076404330871086, 'ign_c': 3.1207698407222404, 'trop_agb_crit': 11.782691637121115, 'trop_k_veg': 1.7345757560683153, 'pop_amp': 0.007428722192167426, 'pop_peak': 76.14602932433264, 'pop_sig': 0.3588105556236459, 'fuel_k': 0.35542298974875186, 'fuel_half': 7.171023122916302}. Best is trial 421 with value: -0.6216386034937503.
[I 2026-08-19 15:01:07,968] Trial 664 finished with value: -0.5844163297999403 and parameters: {'k1': 0.00338387858656657, 'D_low': 1831.444075140982, 'k2': 0.0008354519774548586, 'D_high': 5930505.102876052, 'fire_exp': 1.169349420928348, 'P_half': 919.6400094796139, 'pre_dampen_half': 82.54171329671487, 'gpp_af': 0.05202087230391481, 'gpp_b': 0.0009202177564708193, 'gpp_d': 85.93126483042829, 'ign_k': 9.39443386359546, 'ign_c': 14.225564961731504, 'trop_agb_crit': 29.508682551681908, 'trop_k_veg': 2.1090935650385614, 'pop_amp': 0.00157163862086931, 'pop_peak': 8.730086979638578, 'pop_sig': 0.8791341660595494, 'fuel_k': 0.9551216903701669, 'fuel_half': 0.5805783662059433}. Best is trial 421 with value: -0.6216386034937503.
[I 2026-08-19 15:01:10,361] Trial 665 finished with value: -0.4864375195596038 and parameters: {'k1': 0.00014457113065918589, 'D_low': 2.0243411926157115, 'k2': 5.849512985979624e-05, 'D_high': 6562898.883404752, 'fire_exp': 1.149896357561652, 'P_half': 1.932279159837814, 'pre_dampen_half': 0.061726829117432, 'gpp_af': 3.0895681137360698, 'gpp_b': 0.35281485904019894, 'gpp_d': 67.31464547946172, 'ign_k': 0.7376158797525222, 'ign_c': 1.7050207485248408, 'trop_agb_crit': 20.59333901256537, 'trop_k_veg': 7.216056791540739, 'pop_amp': 0.2976068561309764, 'pop_peak': 1.2336618029962014, 'pop_sig': 0.4668930506657661, 'fuel_k': 0.1646536165061379, 'fuel_half': 0.10879443032767121}. Best is trial 421 with value: -0.6216386034937503.
