[I 2026-08-20 00:40:50,682] Trial 1205 finished with value: 0.5935356081922378 and parameters: {'k1': 0.004684617422729164, 'D_low': 26.203205177372514, 'k2': 0.017621108638980157, 'D_high': 10879.878917721775, 'fire_exp': 2.240713821802379, 'P_half': 142.26415810006554, 'pre_dampen_half': 8.516346964372326, 'gpp_af': 41.179874053171766, 'gpp_b': 1.3604918292076829, 'gpp_d': 257.18042307760345, 'ign_k': 0.017499072263008803, 'ign_c': 57.40829665119367, 'trop_agb_crit': 2.4627836369893386, 'trop_k_veg': 0.6637586611177811}. Best is trial 0 with value: -0.5989088506199346.
[I 2026-08-20 00:40:52,031] Trial 1206 finished with value: 0.43294695649916093 and parameters: {'k1': 0.0001450589082388294, 'D_low': 5.394185960654321, 'k2': 1.659446695375733e-05, 'D_high': 952117.7188020779, 'fire_exp': 1.2385584637595861, 'P_half': 78.47318539185103, 'pre_dampen_half': 34.77304745079589, 'gpp_af': 0.09002767869914974, 'gpp_b': 0.00032671632052697894, 'gpp_d': 176.71008476582347, 'ign_k': 2.3435306526521607, 'ign_c': 9.413624579130747, 'trop_agb_crit': 4.622252621781049, 'trop_k_veg': 2.2600517473728217}. Best is trial 0 with value: -0.5989088506199346.
[I 2026-08-20 00:40:53,444] Trial 1207 finished with value: -0.5831456241450675 and parameters: {'k1': 0.00014102986796927074, 'D_low': 2.66322466824498, 'k2': 0.000687790329083969, 'D_high': 6376388.72532019, 'fire_exp': 5.516430960326726, 'P_half': 1.022121431189259, 'pre_dampen_half': 34.29509010775345, 'gpp_af': 0.37856911409401167, 'gpp_b': 0.0005859985903323417, 'gpp_d': 409.1625617079643, 'ign_k': 5.708922106496574, 'ign_c': 16.513699589851534, 'trop_agb_crit': 5.443909517105148, 'trop_k_veg': 2.0728347648269883}. Best is trial 0 with value: -0.5989088506199346.
[I 2026-08-20 00:40:54,819] Trial 1208 finished with value: 0.6445374145881376 and parameters: {'k1': 0.00019182570433344683, 'D_low': 13.890975456127203, 'k2': 0.003453312396048953, 'D_high': 9491639.137314595, 'fire_exp': 4.7650069318869495, 'P_half': 2.6198630080104874, 'pre_dampen_half': 521.7418557728399, 'gpp_af': 0.30007597844564504, 'gpp_b': 8.350398349324906e-05, 'gpp_d': 83.94623944043222, 'ign_k': 3.3180591418487784, 'ign_c': 159.69641385372591, 'trop_agb_crit': 2.7021235125563474, 'trop_k_veg': 1.5474055975335246}. Best is trial 0 with value: -0.5989088506199346.
[I 2026-08-20 00:40:56,151] Trial 1209 finished with value: -0.5474577129200138 and parameters: {'k1': 0.00018411707723271458, 'D_low': 5764.799941223077, 'k2': 0.0004974061488218064, 'D_high': 842411.7555653582, 'fire_exp': 8.691909615681013, 'P_half': 2.1215656607144617, 'pre_dampen_half': 23.41501067398179, 'gpp_af': 0.2790026661679407, 'gpp_b': 4.972945538770493e-05, 'gpp_d': 11.788199206106942, 'ign_k': 0.23083285509022738, 'ign_c': 6.386840963029576, 'trop_agb_crit': 21.41374978053307, 'trop_k_veg': 5.445589498630348}. Best is trial 0 with value: -0.5989088506199346.
[I 2026-08-20 00:40:57,506] Trial 1210 finished with value: 0.6445374145881376 and parameters: {'k1': 1.571690718971914e-05, 'D_low': 4879.578061879468, 'k2': 0.0023284086020087186, 'D_high': 111176.58013805306, 'fire_exp': 1.2473091258060738, 'P_half': 20.996040717569016, 'pre_dampen_half': 0.21728556002875396, 'gpp_af': 0.006818749034554321, 'gpp_b': 8.753946780393105e-05, 'gpp_d': 20.120548499066874, 'ign_k': 2.2361279305665205, 'ign_c': 87.88107985541218, 'trop_agb_crit': 14.520517500031389, 'trop_k_veg': 0.7070542000202963}. Best is trial 0 with value: -0.5989088506199346.
[I 2026-08-20 00:40:58,924] Trial 1211 finished with value: 0.48878158634216773 and parameters: {'k1': 0.03609487549369758, 'D_low': 21.834924122429776, 'k2': 0.0006993726381299046, 'D_high': 49204.86981007328, 'fire_exp': 6.846547672776976, 'P_half': 15.0386598833714, 'pre_dampen_half': 353.3274140534611, 'gpp_af': 0.05222963335761028, 'gpp_b': 0.00023024825383837004, 'gpp_d': 112.9617146325036, 'ign_k': 2.027524480438717, 'ign_c': 0.8698988328456647, 'trop_agb_crit': 4.554479286670997, 'trop_k_veg': 4.171051134689255}. Best is trial 0 with value: -0.5989088506199346.
[I 2026-08-20 00:41:00,283] Trial 1212 finished with value: -0.5557549090736134 and parameters: {'k1': 9.961432235097774e-05, 'D_low': 2333.6369657828004, 'k2': 0.009588933134072039, 'D_high': 235998.13485390818, 'fire_exp': 2.870647088530483, 'P_half': 2.157999168055622, 'pre_dampen_half': 17.10945270319719, 'gpp_af': 0.24549598751315474, 'gpp_b': 0.010032579771276518, 'gpp_d': 189.12295387978082, 'ign_k': 1.7187664228363935, 'ign_c': 0.10728216329279343, 'trop_agb_crit': 6.375829189913015, 'trop_k_veg': 3.901281479189127}. Best is trial 0 with value: -0.5989088506199346.
[I 2026-08-20 00:41:01,675] Trial 1213 finished with value: 0.610958185395576 and parameters: {'k1': 3.904284404714217e-05, 'D_low': 240340.86625246317, 'k2': 0.06602351172126054, 'D_high': 72784.76161288947, 'fire_exp': 1.4993282799122196, 'P_half': 14.002663594379014, 'pre_dampen_half': 71.4607906257565, 'gpp_af': 0.27070064265743277, 'gpp_b': 0.01285818119573611, 'gpp_d': 923.3815225863129, 'ign_k': 2.7382819094212763, 'ign_c': 0.23386229365808178, 'trop_agb_crit': 29.615284510712296, 'trop_k_veg': 1.8300403483784053}. Best is trial 0 with value: -0.5989088506199346.
[I 2026-08-20 00:41:03,072] Trial 1214 finished with value: -0.570967875305497 and parameters: {'k1': 0.00023836479531191872, 'D_low': 3.10139801352769, 'k2': 4.820752211472307e-05, 'D_high': 8215640.215421646, 'fire_exp': 4.109799870217368, 'P_half': 1.9813974643196615, 'pre_dampen_half': 4.552370389676801, 'gpp_af': 0.36359212098189614, 'gpp_b': 0.0010262858457801536, 'gpp_d': 973.0845629566903, 'ign_k': 9.692085568193988, 'ign_c': 6.564124280099121, 'trop_agb_crit': 7.414203113418142, 'trop_k_veg': 2.852757266439627}. Best is trial 0 with value: -0.5989088506199346.
[I 2026-08-20 00:41:04,715] Trial 1215 finished with value: -0.5604590529415581 and parameters: {'k1': 0.00019380381751794566, 'D_low': 1032.0024277583752, 'k2': 9.37625338048335e-05, 'D_high': 1624767.9035612545, 'fire_exp': 2.4005129604753512, 'P_half': 113.69988682704592, 'pre_dampen_half': 11.430204841057177, 'gpp_af': 0.0052282731980803875, 'gpp_b': 3.714054055205308e-05, 'gpp_d': 6.940380036687814, 'ign_k': 0.10237808750046919, 'ign_c': 0.13974960350733506, 'trop_agb_crit': 27.227970705515794, 'trop_k_veg': 4.140335314065856}. Best is trial 0 with value: -0.5989088506199346.
[I 2026-08-20 00:41:06,141] Trial 1216 finished with value: 0.46645563238118914 and parameters: {'k1': 0.00046099223686247963, 'D_low': 1.5185022513743942, 'k2': 5.090168103109809e-05, 'D_high': 5868833.077567672, 'fire_exp': 4.846929941093286, 'P_half': 72.26164264345051, 'pre_dampen_half': 38.09139161730528, 'gpp_af': 8.43837245657515, 'gpp_b': 0.14166211356621192, 'gpp_d': 73.9577030357038, 'ign_k': 8.907879395126445, 'ign_c': 2.0192052922452635, 'trop_agb_crit': 7.001539829159799, 'trop_k_veg': 1.9086782251510217}. Best is trial 0 with value: -0.5989088506199346.
[I 2026-08-20 00:41:07,546] Trial 1217 finished with value: 0.6074921937315119 and parameters: {'k1': 0.04347690702658105, 'D_low': 38.70364129833883, 'k2': 0.00048526592073175757, 'D_high': 4448.3857929047435, 'fire_exp': 1.353854050547123, 'P_half': 256.73129465241084, 'pre_dampen_half': 3.1266654260673383, 'gpp_af': 0.00230169272399275, 'gpp_b': 0.04865523257249725, 'gpp_d': 0.0346036335405763, 'ign_k': 0.08611997729017566, 'ign_c': 5.168660898608239, 'trop_agb_crit': 22.00019098239042, 'trop_k_veg': 2.2619183591700924}. Best is trial 0 with value: -0.5989088506199346.
[I 2026-08-20 00:41:08,957] Trial 1218 finished with value: 0.5330642298009188 and parameters: {'k1': 1.4461799487507461e-05, 'D_low': 1.2407316287777086, 'k2': 0.0012176427411586322, 'D_high': 5078414.581668354, 'fire_exp': 5.415395279992006, 'P_half': 3.155256785210922, 'pre_dampen_half': 84.33774020080052, 'gpp_af': 0.6001154523091453, 'gpp_b': 0.0022863702916390235, 'gpp_d': 510.2665472023743, 'ign_k': 3.803447702576419, 'ign_c': 2.4054169221258865, 'trop_agb_crit': 8.310839464497393, 'trop_k_veg': 1.9959166475577068}. Best is trial 0 with value: -0.5989088506199346.
[I 2026-08-20 00:41:10,378] Trial 1219 finished with value: 0.6445374145881376 and parameters: {'k1': 0.000315756650784852, 'D_low': 48868.96452869342, 'k2': 0.00012608727360400682, 'D_high': 1661030.6695204456, 'fire_exp': 4.456645716745336, 'P_half': 3.177026915350333, 'pre_dampen_half': 0.010666218138829573, 'gpp_af': 0.09190822072082273, 'gpp_b': 0.09384914649192287, 'gpp_d': 0.015088117852921997, 'ign_k': 0.007611662805424394, 'ign_c': 196.70996525168175, 'trop_agb_crit': 1.5281583871205797, 'trop_k_veg': 5.771858183740374}. Best is trial 0 with value: -0.5989088506199346.
[I 2026-08-20 00:41:11,834] Trial 1220 finished with value: 0.6347520405554746 and parameters: {'k1': 0.03119328814828649, 'D_low': 114169.19278583923, 'k2': 1.1452209365505531e-05, 'D_high': 1500564.3167441308, 'fire_exp': 4.614556129075769, 'P_half': 7.37885044916275, 'pre_dampen_half': 47.68489823103138, 'gpp_af': 2.082807320359073, 'gpp_b': 0.00045705741770365354, 'gpp_d': 2.5427133806117936, 'ign_k': 0.001282927289294656, 'ign_c': 0.16696439780536576, 'trop_agb_crit': 2.482702580330887, 'trop_k_veg': 1.2789529752550364}. Best is trial 0 with value: -0.5989088506199346.
[I 2026-08-20 00:41:13,509] Trial 1221 finished with value: 0.6059037768586403 and parameters: {'k1': 0.002397279016732149, 'D_low': 394.0553100894078, 'k2': 0.0017833346357296203, 'D_high': 76033.83136524279, 'fire_exp': 9.250815352437476, 'P_half': 485.9249602781586, 'pre_dampen_half': 1.918291061647454, 'gpp_af': 47.23519247162569, 'gpp_b': 8.451625616771077e-05, 'gpp_d': 153.62845798175886, 'ign_k': 0.001405669408662847, 'ign_c': 118.9581183584511, 'trop_agb_crit': 14.89254729070084, 'trop_k_veg': 0.83622498078617}. Best is trial 0 with value: -0.5989088506199346.
[I 2026-08-20 00:41:15,467] Trial 1222 finished with value: 0.42274813131021804 and parameters: {'k1': 0.00025903913911389605, 'D_low': 129.85479858988322, 'k2': 0.0009902828860285815, 'D_high': 471113.58569061576, 'fire_exp': 1.138474832693321, 'P_half': 101.05950487155087, 'pre_dampen_half': 0.9376432184686375, 'gpp_af': 0.11222930155622203, 'gpp_b': 1.4759602212129179e-05, 'gpp_d': 0.683946509123311, 'ign_k': 0.7530220947733399, 'ign_c': 5.57873128950545, 'trop_agb_crit': 4.304972296956976, 'trop_k_veg': 5.430600900831736}. Best is trial 0 with value: -0.5989088506199346.
[I 2026-08-20 00:41:18,019] Trial 1223 finished with value: 0.5674384373884769 and parameters: {'k1': 0.0013151998070936618, 'D_low': 55.45618039989701, 'k2': 2.4484923264585794e-05, 'D_high': 1801.633396511904, 'fire_exp': 1.1542052879983948, 'P_half': 616.4894476071404, 'pre_dampen_half': 0.8569634930976383, 'gpp_af': 0.33204120736119236, 'gpp_b': 0.00031975687698490574, 'gpp_d': 897.6998896627296, 'ign_k': 3.8797853851371022, 'ign_c': 2.351563632979243, 'trop_agb_crit': 3.893596014180697, 'trop_k_veg': 6.773635982095294}. Best is trial 0 with value: -0.5989088506199346.
[I 2026-08-20 00:41:20,099] Trial 1224 finished with value: 0.4094476759972333 and parameters: {'k1': 0.03280900943972215, 'D_low': 158.58152793668222, 'k2': 0.0016177639265074028, 'D_high': 2929292.613797229, 'fire_exp': 2.225235128893689, 'P_half': 130.927059411453, 'pre_dampen_half': 18.933895007322413, 'gpp_af': 3.6151344965833494, 'gpp_b': 0.002487649678837468, 'gpp_d': 918.6687024228091, 'ign_k': 1.0030877855416982, 'ign_c': 0.46510799658147595, 'trop_agb_crit': 12.981389055853718, 'trop_k_veg': 1.865003744654445}. Best is trial 0 with value: -0.5989088506199346.
[I 2026-08-20 00:41:22,472] Trial 1225 finished with value: 0.4844026901629406 and parameters: {'k1': 0.0002793145033706934, 'D_low': 211.96606663926747, 'k2': 2.930166030219347e-05, 'D_high': 6321665.287656879, 'fire_exp': 3.1357660552681454, 'P_half': 1.5248941950753054, 'pre_dampen_half': 22.74897491920436, 'gpp_af': 1.5571387005873425, 'gpp_b': 0.3387952170883966, 'gpp_d': 761.8543401700563, 'ign_k': 2.275108439565816, 'ign_c': 0.8249646586277105, 'trop_agb_crit': 3.492302178106408, 'trop_k_veg': 1.228468981541009}. Best is trial 0 with value: -0.5989088506199346.
[I 2026-08-20 00:41:24,773] Trial 1226 finished with value: -0.5486668713937587 and parameters: {'k1': 0.00019459716857923, 'D_low': 68.41336010167572, 'k2': 0.0004760147789591178, 'D_high': 3660847.0912245805, 'fire_exp': 5.266856598666711, 'P_half': 11.076115777871571, 'pre_dampen_half': 3.5017171074586124, 'gpp_af': 36.51696013259346, 'gpp_b': 3.1217680616816246e-05, 'gpp_d': 394.04988045026073, 'ign_k': 9.024619522347058, 'ign_c': 1.6467942451855513, 'trop_agb_crit': 10.585236099511132, 'trop_k_veg': 1.8475195840725707}. Best is trial 0 with value: -0.5989088506199346.
[I 2026-08-20 00:41:27,598] Trial 1227 finished with value: -0.5479272369721013 and parameters: {'k1': 0.00012029118164145833, 'D_low': 20.2724772652543, 'k2': 3.441268345316611e-05, 'D_high': 697945.1015648112, 'fire_exp': 1.685590270545642, 'P_half': 2.024866944289973, 'pre_dampen_half': 1.424956393880993, 'gpp_af': 0.04726722239191858, 'gpp_b': 1.6954899860986578e-05, 'gpp_d': 0.07277559126013881, 'ign_k': 1.7705617658172377, 'ign_c': 0.4293495155319767, 'trop_agb_crit': 1.2012036548045306, 'trop_k_veg': 5.082997211724668}. Best is trial 0 with value: -0.5989088506199346.
[I 2026-08-20 00:41:29,468] Trial 1228 finished with value: 0.6445374145881376 and parameters: {'k1': 0.005869118290097508, 'D_low': 123642.55109506715, 'k2': 0.00015231310186173511, 'D_high': 65557.19381901772, 'fire_exp': 3.1302869951170655, 'P_half': 43.7738827526232, 'pre_dampen_half': 0.046659990535205316, 'gpp_af': 0.2459043745678575, 'gpp_b': 0.09587169764605566, 'gpp_d': 42.976075045497744, 'ign_k': 0.5766006125367158, 'ign_c': 177.5239613563271, 'trop_agb_crit': 17.170861977261506, 'trop_k_veg': 0.6186222355064681}. Best is trial 0 with value: -0.5989088506199346.
[I 2026-08-20 00:41:31,074] Trial 1229 finished with value: 0.5497758379347738 and parameters: {'k1': 7.125750699946888e-05, 'D_low': 26.26080704440726, 'k2': 0.0014906408489157611, 'D_high': 463723.08558776375, 'fire_exp': 4.440221476254946, 'P_half': 20.69145146790138, 'pre_dampen_half': 46.17174872474945, 'gpp_af': 0.030437945031476264, 'gpp_b': 0.006445990962466031, 'gpp_d': 46.434529377959244, 'ign_k': 1.1675782118713396, 'ign_c': 9.333953344109906, 'trop_agb_crit': 4.7638115745047624, 'trop_k_veg': 2.073880098269604}. Best is trial 0 with value: -0.5989088506199346.
[I 2026-08-20 00:41:32,575] Trial 1230 finished with value: 0.6539599665840189 and parameters: {'k1': 0.0003008067773536604, 'D_low': 540.0101439442869, 'k2': 0.001261454461685904, 'D_high': 3795281.3957874756, 'fire_exp': 1.0927446457765388, 'P_half': 59.78140989114361, 'pre_dampen_half': 0.70106068841245, 'gpp_af': 0.01317162465073622, 'gpp_b': 2.0034286354651483e-05, 'gpp_d': 11.048259469593825, 'ign_k': 1.6227059498288732, 'ign_c': 36.79190996841258, 'trop_agb_crit': 20.72180177131294, 'trop_k_veg': 3.3195810272154924}. Best is trial 0 with value: -0.5989088506199346.
[I 2026-08-20 00:41:34,175] Trial 1231 finished with value: 0.561803113495085 and parameters: {'k1': 0.014323667756072665, 'D_low': 933.670644858332, 'k2': 0.0009736212586969969, 'D_high': 66673.92409639266, 'fire_exp': 2.8133347074822916, 'P_half': 642.6397657412475, 'pre_dampen_half': 21.058116152168086, 'gpp_af': 16.00697044376302, 'gpp_b': 0.013185599910753833, 'gpp_d': 819.7585698132765, 'ign_k': 0.7299404036759293, 'ign_c': 21.621534721498506, 'trop_agb_crit': 23.397306600060322, 'trop_k_veg': 1.8092282705534775}. Best is trial 0 with value: -0.5989088506199346.
[I 2026-08-20 00:41:35,788] Trial 1232 finished with value: 0.6133402625294725 and parameters: {'k1': 0.0005153329527088038, 'D_low': 20.75065395644724, 'k2': 0.00015555889104904553, 'D_high': 6999.051278038502, 'fire_exp': 4.006614049254843, 'P_half': 153.73451592353442, 'pre_dampen_half': 30.773714694778008, 'gpp_af': 0.19619602298235536, 'gpp_b': 0.8573715510520866, 'gpp_d': 318.54849322672095, 'ign_k': 0.23777567458494656, 'ign_c': 11.873725302111874, 'trop_agb_crit': 15.399687347849389, 'trop_k_veg': 1.32778170919124}. Best is trial 0 with value: -0.5989088506199346.
[I 2026-08-20 00:41:37,570] Trial 1233 finished with value: 0.5338826784042571 and parameters: {'k1': 0.0002654097144367135, 'D_low': 9.727913453109517, 'k2': 0.0003056985408632096, 'D_high': 3376407.4014394977, 'fire_exp': 7.989051971124652, 'P_half': 1.6534682175220323, 'pre_dampen_half': 15.363913926434304, 'gpp_af': 0.12475183330308713, 'gpp_b': 0.002293367077751888, 'gpp_d': 464.42640833840613, 'ign_k': 1.3213167477674157, 'ign_c': 21.954250416336105, 'trop_agb_crit': 2.943058095446626, 'trop_k_veg': 1.5007985952623963}. Best is trial 0 with value: -0.5989088506199346.
[I 2026-08-20 00:41:39,569] Trial 1234 finished with value: 0.6303864746209928 and parameters: {'k1': 0.0019309639472183658, 'D_low': 1.295993407221089, 'k2': 0.005236576099348637, 'D_high': 11.653420416941248, 'fire_exp': 1.309444758744136, 'P_half': 33.98181872354295, 'pre_dampen_half': 503.2480233989729, 'gpp_af': 0.004503503017979127, 'gpp_b': 1.7761075604324316e-05, 'gpp_d': 0.08153189037113986, 'ign_k': 0.0019542402637000135, 'ign_c': 99.25867565960499, 'trop_agb_crit': 14.0588099100087, 'trop_k_veg': 1.9297462731023065}. Best is trial 0 with value: -0.5989088506199346.
[I 2026-08-20 00:41:41,622] Trial 1235 finished with value: 0.5857655918573037 and parameters: {'k1': 0.008829722247812885, 'D_low': 19797.10484709477, 'k2': 0.0001913929944055443, 'D_high': 6529498.087644043, 'fire_exp': 1.5635067098069246, 'P_half': 130.247524549081, 'pre_dampen_half': 37.265655972929856, 'gpp_af': 1.8296334976597526, 'gpp_b': 1.4530680265640161, 'gpp_d': 426.4028828584906, 'ign_k': 0.5252146660987971, 'ign_c': 1.4084548105365047, 'trop_agb_crit': 8.825832656322556, 'trop_k_veg': 1.9245477905271937}. Best is trial 0 with value: -0.5989088506199346.
[I 2026-08-20 00:41:43,271] Trial 1236 finished with value: 0.6445374145881376 and parameters: {'k1': 0.003260174719466358, 'D_low': 54.57962415728392, 'k2': 0.012204209940958118, 'D_high': 22.95933041977488, 'fire_exp': 3.73860448830346, 'P_half': 1.8799892446367517, 'pre_dampen_half': 8.032253831021805, 'gpp_af': 0.0031831517916620063, 'gpp_b': 0.00017364329710987304, 'gpp_d': 0.14316326397985726, 'ign_k': 5.3247295096267795, 'ign_c': 350.13989177004885, 'trop_agb_crit': 20.25727448744039, 'trop_k_veg': 4.051582689884015}. Best is trial 0 with value: -0.5989088506199346.
[I 2026-08-20 00:41:45,056] Trial 1237 finished with value: 0.6375922175595856 and parameters: {'k1': 0.025259774458813555, 'D_low': 119285.56680879886, 'k2': 4.716906699752195e-05, 'D_high': 7878.758221603955, 'fire_exp': 1.0780130909873842, 'P_half': 6934.3680742737, 'pre_dampen_half': 0.19682623867137627, 'gpp_af': 0.4886334195669314, 'gpp_b': 0.0015465233867795933, 'gpp_d': 791.6268526069794, 'ign_k': 0.002111223744879963, 'ign_c': 4.641076163470795, 'trop_agb_crit': 2.603337254394546, 'trop_k_veg': 0.7537991280145688}. Best is trial 0 with value: -0.5989088506199346.
[I 2026-08-20 00:41:47,149] Trial 1238 finished with value: 0.48134336839973935 and parameters: {'k1': 0.0008233354748980284, 'D_low': 14.918077166401304, 'k2': 0.00016405785637877706, 'D_high': 564720.1759456134, 'fire_exp': 9.615402068020368, 'P_half': 4.145671790936755, 'pre_dampen_half': 2.1248544833390586, 'gpp_af': 38.613739730697446, 'gpp_b': 1.3038197527632532e-05, 'gpp_d': 557.8886174965394, 'ign_k': 0.9267898686724296, 'ign_c': 17.247272245352804, 'trop_agb_crit': 9.015736614724402, 'trop_k_veg': 1.4802279322011833}. Best is trial 0 with value: -0.5989088506199346.
[I 2026-08-20 00:41:49,647] Trial 1239 finished with value: 0.6439361059041431 and parameters: {'k1': 6.661191464042563e-05, 'D_low': 475213.40268497355, 'k2': 0.00016208593828320053, 'D_high': 1948897.1030710754, 'fire_exp': 5.005652832539744, 'P_half': 1.5055007797389757, 'pre_dampen_half': 0.9302530481404587, 'gpp_af': 0.04527428150713477, 'gpp_b': 0.0024338563747442685, 'gpp_d': 0.21258545195393874, 'ign_k': 9.837978062911104, 'ign_c': 0.7021200292921533, 'trop_agb_crit': 16.673726509355916, 'trop_k_veg': 5.463822274476898}. Best is trial 0 with value: -0.5989088506199346.
[I 2026-08-20 00:41:51,692] Trial 1240 finished with value: -0.5338187548671023 and parameters: {'k1': 0.00036110404980015516, 'D_low': 10.985584402251645, 'k2': 7.217914370755367e-05, 'D_high': 9295413.272574898, 'fire_exp': 4.101141050982833, 'P_half': 1.999091314748173, 'pre_dampen_half': 374.3888721540459, 'gpp_af': 30.05792879539718, 'gpp_b': 0.3224889780316074, 'gpp_d': 62.2582880022086, 'ign_k': 0.6499740825585357, 'ign_c': 6.0524856497081485, 'trop_agb_crit': 6.160328594706592, 'trop_k_veg': 0.8152081068903938}. Best is trial 0 with value: -0.5989088506199346.
[I 2026-08-20 00:41:53,790] Trial 1241 finished with value: -0.5281633825191006 and parameters: {'k1': 0.004923219822856242, 'D_low': 6035.965837074248, 'k2': 0.0015996058901119312, 'D_high': 1210435.6955870483, 'fire_exp': 4.628476891883299, 'P_half': 1.1711105853728527, 'pre_dampen_half': 106.05556065180441, 'gpp_af': 0.8567007197573607, 'gpp_b': 0.0033849817499324334, 'gpp_d': 1.6045155198145835, 'ign_k': 0.37724207118503467, 'ign_c': 0.7103401425037322, 'trop_agb_crit': 29.578960450178464, 'trop_k_veg': 6.8639582270228106}. Best is trial 0 with value: -0.5989088506199346.
