[I 2026-08-19 17:20:32,156] Trial 811 finished with value: 0.4413152111707095 and parameters: {'k1': 0.0005082425580591659, 'D_low': 12585.395389766416, 'k2': 7.37540671876419e-05, 'D_high': 1629440.6480251828, 'fire_exp': 1.083776756110502, 'P_half': 236.89147297604433, 'pre_dampen_half': 1.5995127344108047, 'gpp_af': 10.59833230975721, 'gpp_b': 6.323750845994169e-05, 'gpp_d': 356.9963154290747, 'ign_k': 0.6496176965018866, 'ign_c': 0.11934638483965052, 'trop_agb_crit': 23.232930505391113, 'trop_k_veg': 4.358170069698115, 'pop_amp': 0.3644047713846645, 'pop_peak': 404.30834197049035, 'pop_sig': 0.7233502017063695, 'fuel_k': 2.797609968464833, 'fuel_half': 0.20023622657066759}. Best is trial 0 with value: -0.6094076133578652.
[I 2026-08-19 17:20:33,772] Trial 812 finished with value: 0.4817309511046802 and parameters: {'k1': 0.00020062938055329454, 'D_low': 4571.888348556718, 'k2': 3.5131837103951044e-05, 'D_high': 99892.86053351304, 'fire_exp': 1.6111754597958183, 'P_half': 130.55051042836925, 'pre_dampen_half': 0.311720871001898, 'gpp_af': 0.2521907509481981, 'gpp_b': 0.06756735161151663, 'gpp_d': 36.870357655670674, 'ign_k': 0.050005394262472205, 'ign_c': 0.11357935261217934, 'trop_agb_crit': 27.782859689927022, 'trop_k_veg': 4.146056123864811, 'pop_amp': 1.0068616789656384, 'pop_peak': 14.641429867859248, 'pop_sig': 0.551625277434063, 'fuel_k': 2.361262496161711, 'fuel_half': 0.1409931882070979}. Best is trial 0 with value: -0.6094076133578652.
[I 2026-08-19 17:20:35,425] Trial 813 finished with value: 0.5075609949849471 and parameters: {'k1': 0.0335018897255483, 'D_low': 67.27685943326021, 'k2': 0.03882836694550021, 'D_high': 483709.3555341181, 'fire_exp': 2.670360811568045, 'P_half': 1.5347839691683105, 'pre_dampen_half': 0.23747164426890638, 'gpp_af': 0.009774009148250502, 'gpp_b': 0.0003181729163902911, 'gpp_d': 893.8734640050709, 'ign_k': 0.6268244747545353, 'ign_c': 0.21895719238506248, 'trop_agb_crit': 7.46101240373218, 'trop_k_veg': 0.9691347138209179, 'pop_amp': 0.02002811920340712, 'pop_peak': 0.16278262550981606, 'pop_sig': 2.210062363512196, 'fuel_k': 0.1953551211278519, 'fuel_half': 27.860182571822897}. Best is trial 0 with value: -0.6094076133578652.
[I 2026-08-19 17:20:37,036] Trial 814 finished with value: 0.59496607658488 and parameters: {'k1': 2.093844884640814e-05, 'D_low': 607363.3273027159, 'k2': 2.8754734714266276e-05, 'D_high': 5608288.153634241, 'fire_exp': 2.669664426523316, 'P_half': 67.6870122211479, 'pre_dampen_half': 0.3446583055161264, 'gpp_af': 0.041370600861450994, 'gpp_b': 0.0017257457433504668, 'gpp_d': 340.19505740153636, 'ign_k': 0.00210101497189393, 'ign_c': 6.752033491781897, 'trop_agb_crit': 22.38299225298229, 'trop_k_veg': 1.5823622573313378, 'pop_amp': 3.50692359693285, 'pop_peak': 198.04650720413818, 'pop_sig': 1.639485544877826, 'fuel_k': 3.2482696463684118, 'fuel_half': 3.9659111861908563}. Best is trial 0 with value: -0.6094076133578652.
[I 2026-08-19 17:20:38,652] Trial 815 finished with value: 0.5982885946378121 and parameters: {'k1': 0.004090670973625328, 'D_low': 3.39927302941885, 'k2': 0.0019086296304387177, 'D_high': 65776.36956787917, 'fire_exp': 2.6816987872593883, 'P_half': 2.0689819940557066, 'pre_dampen_half': 4.142311169669286, 'gpp_af': 1.927225898382073, 'gpp_b': 0.0005983798178054697, 'gpp_d': 7.819123545787319, 'ign_k': 0.2614380360334135, 'ign_c': 37.5530920010877, 'trop_agb_crit': 3.5366016352174006, 'trop_k_veg': 2.477578133095263, 'pop_amp': 0.004262747472371976, 'pop_peak': 397.99493256722315, 'pop_sig': 1.0276940648415842, 'fuel_k': 0.6087849687344405, 'fuel_half': 0.16897901856494937}. Best is trial 0 with value: -0.6094076133578652.
[I 2026-08-19 17:20:40,279] Trial 816 finished with value: 0.6445374145881376 and parameters: {'k1': 0.00024911504870914637, 'D_low': 261.12072268451124, 'k2': 0.06946508558234477, 'D_high': 1137856.7697725329, 'fire_exp': 3.0083682708002084, 'P_half': 15.683418206754002, 'pre_dampen_half': 1.2859289876667257, 'gpp_af': 0.003569202977908967, 'gpp_b': 0.00022793951039159956, 'gpp_d': 341.85847587051705, 'ign_k': 1.1168947105475915, 'ign_c': 73.4533491740329, 'trop_agb_crit': 6.135483321422915, 'trop_k_veg': 2.573150411353167, 'pop_amp': 0.5447375094132594, 'pop_peak': 80.30838556830581, 'pop_sig': 0.8392788294818362, 'fuel_k': 0.33588923385503255, 'fuel_half': 0.4730714141955567}. Best is trial 0 with value: -0.6094076133578652.
[I 2026-08-19 17:20:41,909] Trial 817 finished with value: 0.49591084300669597 and parameters: {'k1': 0.0009333738518508001, 'D_low': 46867.11937488211, 'k2': 0.00019856942105068643, 'D_high': 5149518.517713355, 'fire_exp': 2.715325736517943, 'P_half': 133.1178290271786, 'pre_dampen_half': 27.825930662296766, 'gpp_af': 0.12047238523491305, 'gpp_b': 0.001558890204252191, 'gpp_d': 15.275245060186615, 'ign_k': 0.003450812755557504, 'ign_c': 0.4477258943941763, 'trop_agb_crit': 17.26266856302106, 'trop_k_veg': 5.06452846992811, 'pop_amp': 7.596310467176756, 'pop_peak': 26.83494040837326, 'pop_sig': 0.9239529625842059, 'fuel_k': 0.9260298803578305, 'fuel_half': 0.21349672131688832}. Best is trial 0 with value: -0.6094076133578652.
[I 2026-08-19 17:20:43,530] Trial 818 finished with value: 0.6568424427582514 and parameters: {'k1': 1.1617372715417033e-05, 'D_low': 78528.5839865096, 'k2': 4.4465364421343466e-05, 'D_high': 1721074.7620820627, 'fire_exp': 1.0297610815547271, 'P_half': 13.81029592538589, 'pre_dampen_half': 71.39469887179567, 'gpp_af': 9.898176873186136, 'gpp_b': 0.0018972985929643338, 'gpp_d': 48.545623380428864, 'ign_k': 0.0016474418071926692, 'ign_c': 4.42823116062166, 'trop_agb_crit': 6.029683137373634, 'trop_k_veg': 6.471740134412094, 'pop_amp': 15.398941955731393, 'pop_peak': 2.730070676705402, 'pop_sig': 0.7768276641962333, 'fuel_k': 0.7637825928421098, 'fuel_half': 0.6670974517916156}. Best is trial 0 with value: -0.6094076133578652.
[I 2026-08-19 17:20:45,110] Trial 819 finished with value: 0.46140016640723536 and parameters: {'k1': 0.0016213995092940138, 'D_low': 11452.298540741305, 'k2': 0.06551438117707957, 'D_high': 1212123.6470912981, 'fire_exp': 1.598527702098375, 'P_half': 24.377466626372424, 'pre_dampen_half': 1.0034838835671531, 'gpp_af': 0.1803766045362146, 'gpp_b': 0.000591329325959895, 'gpp_d': 52.42076557118468, 'ign_k': 3.625114268428881, 'ign_c': 0.33036069071835544, 'trop_agb_crit': 10.320783918255435, 'trop_k_veg': 1.1020220002079448, 'pop_amp': 0.014337875069295184, 'pop_peak': 0.0647163945520224, 'pop_sig': 1.4337671163413228, 'fuel_k': 0.1208214746361323, 'fuel_half': 72.09382740554292}. Best is trial 0 with value: -0.6094076133578652.
[I 2026-08-19 17:20:46,854] Trial 820 finished with value: 0.5044766571324381 and parameters: {'k1': 2.673054881967034e-05, 'D_low': 38172.47625907424, 'k2': 0.0013641144099360023, 'D_high': 525930.5893809971, 'fire_exp': 1.402048901425114, 'P_half': 646.384059506692, 'pre_dampen_half': 8.017556771477842, 'gpp_af': 0.08200886959251275, 'gpp_b': 0.000739742800236324, 'gpp_d': 62.23297910267443, 'ign_k': 0.0012509392293479275, 'ign_c': 5.030825658264817, 'trop_agb_crit': 5.025384565707453, 'trop_k_veg': 5.912906518286668, 'pop_amp': 3.393930585286968, 'pop_peak': 104.55506969514141, 'pop_sig': 1.069573254177962, 'fuel_k': 0.3043243009158475, 'fuel_half': 1.1371999516150375}. Best is trial 0 with value: -0.6094076133578652.
  trial  821/2500  best_overall=0.6094  (22.4 min)
[I 2026-08-19 17:20:48,793] Trial 821 finished with value: -0.5839512454632022 and parameters: {'k1': 7.824054052230268e-05, 'D_low': 68.55529434102168, 'k2': 0.0023118136785105704, 'D_high': 3494929.2969659623, 'fire_exp': 2.648138061140799, 'P_half': 38.83767656184623, 'pre_dampen_half': 24.114851148947015, 'gpp_af': 0.17702360252390537, 'gpp_b': 0.0023964867632965806, 'gpp_d': 31.75360407318898, 'ign_k': 0.11432992019813248, 'ign_c': 7.291356075120294, 'trop_agb_crit': 25.058326346445902, 'trop_k_veg': 4.786236828532899, 'pop_amp': 0.0014918905596183376, 'pop_peak': 0.29725934741322474, 'pop_sig': 0.9251597981834079, 'fuel_k': 0.6275926125481293, 'fuel_half': 0.27116943438613267}. Best is trial 0 with value: -0.6094076133578652.
[I 2026-08-19 17:20:50,452] Trial 822 finished with value: 0.5869169683273381 and parameters: {'k1': 2.672141250044003e-05, 'D_low': 156766.3191019867, 'k2': 0.0001567900010961086, 'D_high': 23453.580079375533, 'fire_exp': 1.358305951467956, 'P_half': 7.389935608585947, 'pre_dampen_half': 1.3418959942175985, 'gpp_af': 0.35362357206456524, 'gpp_b': 0.00022052172482460352, 'gpp_d': 0.2429931575618635, 'ign_k': 0.796653071337772, 'ign_c': 7.832395088542589, 'trop_agb_crit': 23.766303201274944, 'trop_k_veg': 1.105090673338686, 'pop_amp': 0.002737858694594965, 'pop_peak': 36.657001691908, 'pop_sig': 0.9034875996496169, 'fuel_k': 0.09450750122362546, 'fuel_half': 0.17304717152443533}. Best is trial 0 with value: -0.6094076133578652.
[I 2026-08-19 17:20:52,126] Trial 823 finished with value: 0.44032604510041984 and parameters: {'k1': 0.0002264633296643421, 'D_low': 39.74256359121803, 'k2': 0.0010468148169876339, 'D_high': 1458417.7916419362, 'fire_exp': 2.686071840393599, 'P_half': 18.975288775277264, 'pre_dampen_half': 75.75164115440401, 'gpp_af': 0.7693271160554809, 'gpp_b': 0.006023603693263913, 'gpp_d': 76.87199715299126, 'ign_k': 0.3098024005659215, 'ign_c': 0.5114416629671278, 'trop_agb_crit': 21.88109069438034, 'trop_k_veg': 2.8952618940615262, 'pop_amp': 0.0019375653225919493, 'pop_peak': 3.814878341447509, 'pop_sig': 1.5617601428230263, 'fuel_k': 0.3192244517148023, 'fuel_half': 0.349474354659277}. Best is trial 0 with value: -0.6094076133578652.
[I 2026-08-19 17:20:53,760] Trial 824 finished with value: -0.5045052202775465 and parameters: {'k1': 7.273020096483885e-05, 'D_low': 4927.656268538645, 'k2': 3.71852431045963e-05, 'D_high': 9864178.896665247, 'fire_exp': 2.169258414070742, 'P_half': 47.15369706289429, 'pre_dampen_half': 62.65716640773489, 'gpp_af': 0.013515965340707295, 'gpp_b': 0.05503286079523155, 'gpp_d': 204.06460564702846, 'ign_k': 0.09253244761050769, 'ign_c': 2.0202640678484896, 'trop_agb_crit': 16.841835600642387, 'trop_k_veg': 4.296809541986848, 'pop_amp': 4.348693193630491, 'pop_peak': 0.9211209678457476, 'pop_sig': 1.4505184796798334, 'fuel_k': 4.886425942691019, 'fuel_half': 0.23682439082055062}. Best is trial 0 with value: -0.6094076133578652.
[I 2026-08-19 17:20:55,534] Trial 825 finished with value: 0.5728396959145763 and parameters: {'k1': 2.5567138734594096e-05, 'D_low': 22.574455273468764, 'k2': 0.0012057601823786117, 'D_high': 633270.2610693602, 'fire_exp': 5.154984568795948, 'P_half': 14.56368745210501, 'pre_dampen_half': 1.5162995116565798, 'gpp_af': 0.11252428711180312, 'gpp_b': 0.0010662352004040128, 'gpp_d': 284.12598922958733, 'ign_k': 0.06232769576262922, 'ign_c': 1.2077134600466293, 'trop_agb_crit': 28.649432210675272, 'trop_k_veg': 6.96403585580641, 'pop_amp': 0.0040406352629179625, 'pop_peak': 1.033078955102517, 'pop_sig': 0.7412991983753888, 'fuel_k': 0.11606896852431864, 'fuel_half': 0.16935972210867076}. Best is trial 0 with value: -0.6094076133578652.
[I 2026-08-19 17:20:57,376] Trial 826 finished with value: 0.5768891824065816 and parameters: {'k1': 3.350327903250568e-05, 'D_low': 5220.628842920245, 'k2': 0.05890561974453108, 'D_high': 2126952.552190583, 'fire_exp': 6.187504874058965, 'P_half': 5.7791092765963, 'pre_dampen_half': 373.64664111406705, 'gpp_af': 0.027446050993309132, 'gpp_b': 0.00010769568880628609, 'gpp_d': 126.64437970183695, 'ign_k': 0.049469540102225075, 'ign_c': 3.902472173888798, 'trop_agb_crit': 16.54363768885381, 'trop_k_veg': 7.700551138202214, 'pop_amp': 0.0015314118173866658, 'pop_peak': 0.31900046896696993, 'pop_sig': 1.1040653388263348, 'fuel_k': 1.5640663515885906, 'fuel_half': 0.4107280778402746}. Best is trial 0 with value: -0.6094076133578652.
[I 2026-08-19 17:20:59,432] Trial 827 finished with value: 0.4342896848060904 and parameters: {'k1': 0.00014030901716959165, 'D_low': 186.47082824222227, 'k2': 1.2427170321417568e-05, 'D_high': 4570688.214617417, 'fire_exp': 1.214709974895479, 'P_half': 26.11524670314545, 'pre_dampen_half': 0.08559194100445312, 'gpp_af': 0.006718919049059128, 'gpp_b': 0.0017160951016611573, 'gpp_d': 23.78038213000407, 'ign_k': 0.030092596813856936, 'ign_c': 3.2833875318233, 'trop_agb_crit': 9.981056013651582, 'trop_k_veg': 4.245971276608671, 'pop_amp': 0.807645667034207, 'pop_peak': 41.650565827009295, 'pop_sig': 1.163488292905726, 'fuel_k': 3.131210810437339, 'fuel_half': 0.22738551660712472}. Best is trial 0 with value: -0.6094076133578652.
[I 2026-08-19 17:21:01,337] Trial 828 finished with value: 0.588519238421594 and parameters: {'k1': 3.718425354514832e-05, 'D_low': 298671.77198454057, 'k2': 8.716916900922329e-05, 'D_high': 397441.7404487888, 'fire_exp': 1.6590949505385173, 'P_half': 5.89372722510787, 'pre_dampen_half': 23.29784900165348, 'gpp_af': 1.8357640836251943, 'gpp_b': 0.00043785097382118194, 'gpp_d': 203.46338980040804, 'ign_k': 0.022143412381561263, 'ign_c': 92.34255071034885, 'trop_agb_crit': 12.765691283615999, 'trop_k_veg': 4.993484358539116, 'pop_amp': 9.57596482802139, 'pop_peak': 72.3589017461542, 'pop_sig': 0.9855790329165282, 'fuel_k': 5.502989236904148, 'fuel_half': 0.1772349800255665}. Best is trial 0 with value: -0.6094076133578652.
[I 2026-08-19 17:21:03,268] Trial 829 finished with value: 0.4923297878051852 and parameters: {'k1': 0.0023140823399331032, 'D_low': 2472.2304658185926, 'k2': 0.07166918123770265, 'D_high': 2051390.1904775389, 'fire_exp': 1.0930001643533298, 'P_half': 1445.0391051921554, 'pre_dampen_half': 4.124803066286149, 'gpp_af': 4.061701533245579, 'gpp_b': 0.002337499311685789, 'gpp_d': 74.6114710162528, 'ign_k': 0.09186279981494919, 'ign_c': 0.30352754672685023, 'trop_agb_crit': 7.9430440191165985, 'trop_k_veg': 2.099686447616122, 'pop_amp': 0.03821029290227839, 'pop_peak': 0.05758798928819995, 'pop_sig': 0.8184655990747703, 'fuel_k': 0.36852451325394353, 'fuel_half': 65.282557804474}. Best is trial 0 with value: -0.6094076133578652.
[I 2026-08-19 17:21:05,079] Trial 830 finished with value: 0.6032940505734008 and parameters: {'k1': 8.763974025047442e-05, 'D_low': 48.19394332449735, 'k2': 0.00038186297848222207, 'D_high': 1482674.4965568846, 'fire_exp': 1.7268683135978649, 'P_half': 65.63251270413055, 'pre_dampen_half': 26.902877807566092, 'gpp_af': 0.0016281981678540926, 'gpp_b': 0.10546714662570404, 'gpp_d': 49.60371536230971, 'ign_k': 0.023628740930485722, 'ign_c': 7.53771414238805, 'trop_agb_crit': 21.090622117729385, 'trop_k_veg': 5.3014980989667455, 'pop_amp': 0.003777092989810828, 'pop_peak': 0.11005416769788694, 'pop_sig': 0.9375163120217587, 'fuel_k': 0.25823800095661176, 'fuel_half': 0.4424691413415541}. Best is trial 0 with value: -0.6094076133578652.
[I 2026-08-19 17:21:06,875] Trial 831 finished with value: 0.6092223870100942 and parameters: {'k1': 0.009609896686634119, 'D_low': 63366.369588144, 'k2': 0.01207691828546238, 'D_high': 717803.9792380139, 'fire_exp': 1.709492412258283, 'P_half': 161.79703965298802, 'pre_dampen_half': 1.5795464608674228, 'gpp_af': 0.04038872275873046, 'gpp_b': 0.001810969316100245, 'gpp_d': 10.663578761187942, 'ign_k': 0.10304753120084668, 'ign_c': 0.10655395883335148, 'trop_agb_crit': 2.684505192914515, 'trop_k_veg': 0.5262322843298646, 'pop_amp': 0.3020587447561764, 'pop_peak': 0.3049978070327434, 'pop_sig': 1.3803621726988622, 'fuel_k': 0.057392420067378276, 'fuel_half': 44.63321466994769}. Best is trial 0 with value: -0.6094076133578652.
[I 2026-08-19 17:21:08,524] Trial 832 finished with value: -0.5961220095247883 and parameters: {'k1': 0.001207705239416557, 'D_low': 60.09680981052886, 'k2': 0.00258384119382787, 'D_high': 2796440.1830215463, 'fire_exp': 5.263821991295726, 'P_half': 4.420706718189312, 'pre_dampen_half': 41.298186355405676, 'gpp_af': 0.04152463362322416, 'gpp_b': 0.00018084972736179855, 'gpp_d': 225.91134230784633, 'ign_k': 0.0637057532664901, 'ign_c': 2.664360707553464, 'trop_agb_crit': 26.087539542208116, 'trop_k_veg': 2.891097769852038, 'pop_amp': 0.002265449618964855, 'pop_peak': 0.08705656656221859, 'pop_sig': 0.6914587406155666, 'fuel_k': 2.2174448579141495, 'fuel_half': 0.392614102567702}. Best is trial 0 with value: -0.6094076133578652.
  trial  833/2500  best_overall=0.6094  (22.7 min)
[I 2026-08-19 17:21:10,341] Trial 833 finished with value: -0.5977900542542319 and parameters: {'k1': 3.918126419177811e-05, 'D_low': 204.42115904044067, 'k2': 0.0005831467677271621, 'D_high': 4117060.539307851, 'fire_exp': 2.2988245724010548, 'P_half': 14.44245498026838, 'pre_dampen_half': 45.958414281643655, 'gpp_af': 0.46114586366591936, 'gpp_b': 0.002038383804397689, 'gpp_d': 239.51357025575845, 'ign_k': 0.206839320026385, 'ign_c': 14.922788692208904, 'trop_agb_crit': 9.980725275673725, 'trop_k_veg': 3.764968413904571, 'pop_amp': 0.004930472510586847, 'pop_peak': 0.42331045934535266, 'pop_sig': 0.6653747173367744, 'fuel_k': 0.4245345259773585, 'fuel_half': 0.29075728141940244}. Best is trial 0 with value: -0.6094076133578652.
[I 2026-08-19 17:21:11,952] Trial 834 finished with value: 0.5262466039780893 and parameters: {'k1': 0.007225587643729256, 'D_low': 520.4049161844558, 'k2': 0.0011558347381625481, 'D_high': 559226.7989098963, 'fire_exp': 5.118664863311163, 'P_half': 1.5600365826384004, 'pre_dampen_half': 28.429616767886046, 'gpp_af': 0.0066733934569656265, 'gpp_b': 3.178424103419131e-05, 'gpp_d': 269.0660949813401, 'ign_k': 0.022725959711171168, 'ign_c': 2.6550887147239863, 'trop_agb_crit': 21.671559787129244, 'trop_k_veg': 2.1712757269110936, 'pop_amp': 0.001188788467616979, 'pop_peak': 0.2182875984108558, 'pop_sig': 0.7026360467690318, 'fuel_k': 2.1994490572886796, 'fuel_half': 0.10038353984843712}. Best is trial 0 with value: -0.6094076133578652.
[I 2026-08-19 17:21:13,632] Trial 835 finished with value: 0.5749634212604813 and parameters: {'k1': 0.0013887489305439722, 'D_low': 223.06679726197856, 'k2': 0.00015247224463554393, 'D_high': 4197425.50051215, 'fire_exp': 6.239995946072877, 'P_half': 4.4424559657327345, 'pre_dampen_half': 13.299011601317105, 'gpp_af': 0.8047821830243703, 'gpp_b': 0.03203034328625163, 'gpp_d': 209.5783414694919, 'ign_k': 0.031261107842918474, 'ign_c': 3.4787827819013004, 'trop_agb_crit': 11.513287755035854, 'trop_k_veg': 2.011184876609016, 'pop_amp': 0.0022331270310172184, 'pop_peak': 0.1085247307079159, 'pop_sig': 0.6349566212755667, 'fuel_k': 1.064789842579884, 'fuel_half': 1.12614993622411}. Best is trial 0 with value: -0.6094076133578652.
[I 2026-08-19 17:21:15,263] Trial 836 finished with value: 0.41046427773953253 and parameters: {'k1': 1.2774650647132374e-05, 'D_low': 108.8866825952947, 'k2': 0.0006533546796454106, 'D_high': 709580.8371738438, 'fire_exp': 1.5174171256750644, 'P_half': 22.75178999723433, 'pre_dampen_half': 37.817209056704556, 'gpp_af': 0.5387675596562075, 'gpp_b': 8.69400409736544e-05, 'gpp_d': 191.19265761155182, 'ign_k': 0.1214869876378996, 'ign_c': 5.4828972798257425, 'trop_agb_crit': 14.458057027934254, 'trop_k_veg': 5.849092756760993, 'pop_amp': 0.01280917963148235, 'pop_peak': 0.09387090404430988, 'pop_sig': 1.2320229856308682, 'fuel_k': 0.47669139098205626, 'fuel_half': 0.2384942997973796}. Best is trial 0 with value: -0.6094076133578652.
[I 2026-08-19 17:21:16,907] Trial 837 finished with value: 0.5521772271451874 and parameters: {'k1': 0.0005002320664177701, 'D_low': 9.861445355630128, 'k2': 0.002392012003802937, 'D_high': 1729817.4491733105, 'fire_exp': 5.474841493794214, 'P_half': 8.683989153259173, 'pre_dampen_half': 88.56877111778553, 'gpp_af': 0.07234253362147086, 'gpp_b': 0.00032651190852271326, 'gpp_d': 15.60089237483195, 'ign_k': 0.18738069418881353, 'ign_c': 1.0915788625213767, 'trop_agb_crit': 19.129992987591134, 'trop_k_veg': 4.014604100176599, 'pop_amp': 0.018961842152195325, 'pop_peak': 0.16834559318393294, 'pop_sig': 0.5886405218499412, 'fuel_k': 3.4745971557276634, 'fuel_half': 0.5354486506988971}. Best is trial 0 with value: -0.6094076133578652.
[I 2026-08-19 17:21:18,515] Trial 838 finished with value: 0.5206716422197415 and parameters: {'k1': 0.0002359434037193262, 'D_low': 2.3365491659201005, 'k2': 1.1632285020162355e-05, 'D_high': 88032.62022990778, 'fire_exp': 3.8586190882371034, 'P_half': 7.970560099244065, 'pre_dampen_half': 140.01881277639274, 'gpp_af': 0.3205693352199395, 'gpp_b': 0.00019734636421177908, 'gpp_d': 102.56380557907237, 'ign_k': 3.5401832671691866, 'ign_c': 7.15820643825701, 'trop_agb_crit': 7.290406331779032, 'trop_k_veg': 3.876908933578775, 'pop_amp': 0.002012344560888896, 'pop_peak': 0.5556337411572012, 'pop_sig': 0.42252550735324773, 'fuel_k': 0.5406893137784778, 'fuel_half': 0.2881198194829065}. Best is trial 0 with value: -0.6094076133578652.
[I 2026-08-19 17:21:20,145] Trial 839 finished with value: 0.5216955396653221 and parameters: {'k1': 0.00014180821570368315, 'D_low': 176.4756173305435, 'k2': 0.024820386716613685, 'D_high': 5848631.99065401, 'fire_exp': 2.6066062619802484, 'P_half': 1246.1568089973098, 'pre_dampen_half': 35.287682075633796, 'gpp_af': 0.39482568678770913, 'gpp_b': 0.0033142771259746656, 'gpp_d': 8.650717271227792, 'ign_k': 0.3244763618465203, 'ign_c': 8.296312715982458, 'trop_agb_crit': 17.640048940429267, 'trop_k_veg': 6.357380342047084, 'pop_amp': 0.0021651978431179246, 'pop_peak': 2.7983189431424895, 'pop_sig': 1.2412487932188696, 'fuel_k': 1.9393988742813446, 'fuel_half': 0.6347684182954563}. Best is trial 0 with value: -0.6094076133578652.
