[I 2026-08-05 23:44:01,694] Trial 285 finished with values: [10.482693907991555, 10.482693907991555] and parameters: {'k1': 2.0937989739527727e-05, 'D_low': 1112.9571947046009, 'k2': 0.0004381141781653133, 'D_high': 233.52156626184438, 'fire_exp': 1.5201277403788451, 'P_half': 39.03214299767183, 'pre_dampen_half': 703.6426675556048, 'gpp_af': 0.47739011308437823, 'gpp_b': 3.481277316673104e-05, 'gpp_d': 0.04831624275180356, 'ign_k': 6.32338195106678, 'ign_c': 0.1457050032975653}.
[I 2026-08-05 23:44:02,942] Trial 286 finished with values: [10.769223204368094, 10.769223204368094] and parameters: {'k1': 0.03232155805617897, 'D_low': 29.89885508829526, 'k2': 0.0499774937030317, 'D_high': 6455.595882939566, 'fire_exp': 1.811096651915224, 'P_half': 12.808863354047988, 'pre_dampen_half': 703.6426675556048, 'gpp_af': 0.0025511964576171086, 'gpp_b': 1.5938003265859821, 'gpp_d': 368.30088529547436, 'ign_k': 0.03141110271934876, 'ign_c': 47.268615251255675}.
[I 2026-08-05 23:44:04,127] Trial 287 finished with values: [10.132540682184256, 10.132540682184256] and parameters: {'k1': 0.002971796631657383, 'D_low': 74.92772870670282, 'k2': 4.763991596630584e-05, 'D_high': 1687.3495104568947, 'fire_exp': 1.0881360604103363, 'P_half': 10.226988730324324, 'pre_dampen_half': 53.73093479067421, 'gpp_af': 29.925002022877802, 'gpp_b': 3.139005000572696e-05, 'gpp_d': 1.6983565276584263, 'ign_k': 0.0026834162496848666, 'ign_c': 0.5502140996950745}.
[I 2026-08-05 23:44:05,313] Trial 288 finished with values: [-0.4697127240286007, 0.11895057420366029] and parameters: {'k1': 0.0017320535908244437, 'D_low': 2.1234210963705626, 'k2': 1.1184534120760473e-05, 'D_high': 7744.80118512745, 'fire_exp': 1.1044852285094786, 'P_half': 147.09699119495133, 'pre_dampen_half': 107.40052367919465, 'gpp_af': 0.001162712343304238, 'gpp_b': 3.228689523591491e-05, 'gpp_d': 4.25060659305504, 'ign_k': 0.03141110271934876, 'ign_c': 8.671454322584175}.
[I 2026-08-05 23:44:06,529] Trial 289 finished with values: [10.193916126456383, 10.193916126456383] and parameters: {'k1': 0.0029707920514735983, 'D_low': 2.843767489444367, 'k2': 3.5917714215176105e-05, 'D_high': 31030.112026960956, 'fire_exp': 1.182396148413737, 'P_half': 24.136213194527585, 'pre_dampen_half': 121.93011993958949, 'gpp_af': 4.582731702170249, 'gpp_b': 0.1676789742547917, 'gpp_d': 107.84642153666701, 'ign_k': 0.03141110271934876, 'ign_c': 8.671454322584175}.
[I 2026-08-05 23:44:07,714] Trial 290 finished with values: [10.76893818561907, 10.76893818561907] and parameters: {'k1': 7.841214856323651e-05, 'D_low': 74.92772870670282, 'k2': 0.0007081721844034209, 'D_high': 6455.595882939566, 'fire_exp': 4.55809493901026, 'P_half': 587.6331101080223, 'pre_dampen_half': 176.18878384527278, 'gpp_af': 29.925002022877802, 'gpp_b': 0.0025416076006960116, 'gpp_d': 368.30088529547436, 'ign_k': 0.11101191524846071, 'ign_c': 10.140635645866492}.
[I 2026-08-05 23:44:08,963] Trial 291 finished with values: [-0.527734916928733, 0.20053495729435167] and parameters: {'k1': 0.021368329072358756, 'D_low': 1.2834648227562822, 'k2': 2.5461628161276896e-05, 'D_high': 233.52156626184438, 'fire_exp': 1.182396148413737, 'P_half': 1.3035590385085063, 'pre_dampen_half': 703.6426675556048, 'gpp_af': 20.12115544906385, 'gpp_b': 0.00031478066835753096, 'gpp_d': 0.13223503889537183, 'ign_k': 0.11101191524846071, 'ign_c': 0.7724824966785973}.
[I 2026-08-05 23:44:10,134] Trial 292 finished with values: [10.70078677253713, 10.70078677253713] and parameters: {'k1': 0.0029707920514735983, 'D_low': 175.2878790340412, 'k2': 0.006138509947844854, 'D_high': 6455.595882939566, 'fire_exp': 1.182396148413737, 'P_half': 10.753522341516506, 'pre_dampen_half': 111.37963167994629, 'gpp_af': 11.234842109991876, 'gpp_b': 1.5938003265859821, 'gpp_d': 368.30088529547436, 'ign_k': 0.09071933427331372, 'ign_c': 47.268615251255675}.
[I 2026-08-05 23:44:11,303] Trial 293 finished with values: [-0.5151830548030902, 0.17234182274419751] and parameters: {'k1': 7.841214856323651e-05, 'D_low': 1112.9571947046009, 'k2': 3.5917714215176105e-05, 'D_high': 6455.595882939566, 'fire_exp': 1.1044852285094786, 'P_half': 7.670748914453766, 'pre_dampen_half': 111.37963167994629, 'gpp_af': 11.234842109991876, 'gpp_b': 3.481277316673104e-05, 'gpp_d': 368.30088529547436, 'ign_k': 0.11101191524846071, 'ign_c': 10.140635645866492}.
[I 2026-08-05 23:44:12,487] Trial 294 finished with values: [10.461293160685848, 10.461293160685848] and parameters: {'k1': 0.08926311370835228, 'D_low': 1.2834648227562822, 'k2': 1.1184534120760473e-05, 'D_high': 233.52156626184438, 'fire_exp': 1.182396148413737, 'P_half': 4.397766894483963, 'pre_dampen_half': 703.6426675556048, 'gpp_af': 13.560863064135962, 'gpp_b': 0.0025416076006960116, 'gpp_d': 2.736251365128462, 'ign_k': 0.03141110271934876, 'ign_c': 0.7724824966785973}.
[I 2026-08-05 23:44:13,736] Trial 295 finished with values: [-0.578353503175071, 0.09020989959667503] and parameters: {'k1': 0.016973078532467004, 'D_low': 2.458603276328005, 'k2': 0.0007081721844034209, 'D_high': 85018.70149611714, 'fire_exp': 1.151006986743773, 'P_half': 12.808863354047988, 'pre_dampen_half': 703.6426675556048, 'gpp_af': 35.20481045526041, 'gpp_b': 0.7987896438549947, 'gpp_d': 4.5768578731086835, 'ign_k': 5.9736167866478125, 'ign_c': 0.11433485956638717}.
[I 2026-08-05 23:44:14,922] Trial 296 finished with values: [-0.5324453574944517, 0.1582735027647515] and parameters: {'k1': 0.00012105387404469581, 'D_low': 7.068974950624602, 'k2': 1.1184534120760473e-05, 'D_high': 3660.150802571655, 'fire_exp': 1.1044852285094786, 'P_half': 39.03214299767183, 'pre_dampen_half': 703.6426675556048, 'gpp_af': 35.20481045526041, 'gpp_b': 0.10123867001105968, 'gpp_d': 39.827466658711515, 'ign_k': 0.01474275315991467, 'ign_c': 6.160975294741436}.
[I 2026-08-05 23:44:16,138] Trial 297 finished with values: [11.12999791741599, 11.12999791741599] and parameters: {'k1': 0.002971796631657383, 'D_low': 29.89885508829526, 'k2': 1.4378290221680118e-05, 'D_high': 7744.80118512745, 'fire_exp': 1.0881360604103363, 'P_half': 24.136213194527585, 'pre_dampen_half': 304.7488318185732, 'gpp_af': 29.925002022877802, 'gpp_b': 0.011750724729953272, 'gpp_d': 891.8036602897795, 'ign_k': 0.03141110271934876, 'ign_c': 6.160975294741436}.
[I 2026-08-05 23:44:17,325] Trial 298 finished with values: [10.769101882487469, 10.769101882487469] and parameters: {'k1': 2.0937989739527727e-05, 'D_low': 1.2834648227562822, 'k2': 2.5461628161276896e-05, 'D_high': 233.52156626184438, 'fire_exp': 1.182396148413737, 'P_half': 664.2027816373393, 'pre_dampen_half': 111.37963167994629, 'gpp_af': 0.0025511964576171086, 'gpp_b': 1.5938003265859821, 'gpp_d': 368.30088529547436, 'ign_k': 0.03141110271934876, 'ign_c': 0.11433485956638717}.
[I 2026-08-05 23:44:18,573] Trial 299 finished with values: [10.766999993999262, 10.766999993999262] and parameters: {'k1': 3.252245757497282e-05, 'D_low': 4.051452710153359, 'k2': 3.5917714215176105e-05, 'D_high': 9769.756791866093, 'fire_exp': 1.0881360604103363, 'P_half': 24.136213194527585, 'pre_dampen_half': 111.37963167994629, 'gpp_af': 11.234842109991876, 'gpp_b': 3.5603271368816607, 'gpp_d': 0.07271087249685712, 'ign_k': 0.0026834162496848666, 'ign_c': 0.1457050032975653}.
[I 2026-08-05 23:44:19,792] Trial 300 finished with values: [11.113102743734782, 11.113102743734782] and parameters: {'k1': 0.03232155805617897, 'D_low': 4.051452710153359, 'k2': 0.006138509947844854, 'D_high': 9769.756791866093, 'fire_exp': 1.0881360604103363, 'P_half': 5.342106255632175, 'pre_dampen_half': 111.37963167994629, 'gpp_af': 11.234842109991876, 'gpp_b': 1.5938003265859821, 'gpp_d': 368.30088529547436, 'ign_k': 0.0026834162496848666, 'ign_c': 0.5275958618145121}.
[I 2026-08-05 23:44:21,025] Trial 301 finished with values: [10.768490623030896, 10.768490623030896] and parameters: {'k1': 0.021368329072358756, 'D_low': 730.952095351094, 'k2': 0.0018697387216131526, 'D_high': 32311.521854410956, 'fire_exp': 1.3614924220931135, 'P_half': 5.317919272807934, 'pre_dampen_half': 36.876350096203005, 'gpp_af': 29.925002022877802, 'gpp_b': 3.1112132916681032, 'gpp_d': 0.11609694921678075, 'ign_k': 0.01474275315991467, 'ign_c': 16.150602315370207}.
[I 2026-08-05 23:44:22,319] Trial 302 finished with values: [10.089799802254012, 10.089799802254012] and parameters: {'k1': 0.002971796631657383, 'D_low': 4.051452710153359, 'k2': 0.00038791280730284417, 'D_high': 85018.70149611714, 'fire_exp': 1.1670151053031461, 'P_half': 10.226988730324324, 'pre_dampen_half': 703.6426675556048, 'gpp_af': 29.925002022877802, 'gpp_b': 0.10123867001105968, 'gpp_d': 5.878566318396007, 'ign_k': 0.4702627143647234, 'ign_c': 6.160975294741436}.
[I 2026-08-05 23:44:23,519] Trial 303 finished with values: [10.736293073920695, 10.736293073920695] and parameters: {'k1': 0.002971796631657383, 'D_low': 4.051452710153359, 'k2': 4.763991596630584e-05, 'D_high': 13.670484737132345, 'fire_exp': 4.982189788294083, 'P_half': 10.226988730324324, 'pre_dampen_half': 703.6426675556048, 'gpp_af': 29.925002022877802, 'gpp_b': 0.10123867001105968, 'gpp_d': 891.8036602897795, 'ign_k': 0.4702627143647234, 'ign_c': 6.160975294741436}.
[I 2026-08-05 23:44:24,768] Trial 304 finished with values: [-0.5004745856334015, 0.17573135828772013] and parameters: {'k1': 0.0029707920514735983, 'D_low': 2.1234210963705626, 'k2': 0.03210808548911189, 'D_high': 7744.80118512745, 'fire_exp': 1.182396148413737, 'P_half': 93.34064019986363, 'pre_dampen_half': 304.7488318185732, 'gpp_af': 0.001162712343304238, 'gpp_b': 0.0006082667040432242, 'gpp_d': 857.4284557962634, 'ign_k': 0.03141110271934876, 'ign_c': 3.0378658251922155}.
[I 2026-08-05 23:44:26,031] Trial 305 finished with values: [10.769230712329362, 10.769230712329362] and parameters: {'k1': 0.04984077439553202, 'D_low': 1112.9571947046009, 'k2': 3.5917714215176105e-05, 'D_high': 3660.150802571655, 'fire_exp': 9.355311339774135, 'P_half': 215.55950571043874, 'pre_dampen_half': 703.6426675556048, 'gpp_af': 1.6595781802652418, 'gpp_b': 3.481277316673104e-05, 'gpp_d': 368.30088529547436, 'ign_k': 0.019192001101561888, 'ign_c': 10.140635645866492}.
[I 2026-08-05 23:44:27,245] Trial 306 finished with values: [10.674507906130751, 10.674507906130751] and parameters: {'k1': 3.252245757497282e-05, 'D_low': 18.522006003174383, 'k2': 0.0001870742013766025, 'D_high': 411.0848435021235, 'fire_exp': 1.010722707674549, 'P_half': 24.136213194527585, 'pre_dampen_half': 59.66041614891413, 'gpp_af': 0.47739011308437823, 'gpp_b': 4.630191300782848, 'gpp_d': 891.8036602897795, 'ign_k': 3.7173717478250508, 'ign_c': 0.11433485956638717}.
[I 2026-08-05 23:44:28,444] Trial 307 finished with values: [-0.5000720642822722, 0.15652765149972625] and parameters: {'k1': 0.014666151770108535, 'D_low': 9.330007965781027, 'k2': 0.005456725485601475, 'D_high': 949.9072859745386, 'fire_exp': 1.182396148413737, 'P_half': 408.3047491580097, 'pre_dampen_half': 36.876350096203005, 'gpp_af': 0.04339970334001348, 'gpp_b': 3.228689523591491e-05, 'gpp_d': 857.4284557962634, 'ign_k': 0.006912296717033066, 'ign_c': 2.4287565087611744}.
[I 2026-08-05 23:44:30,043] Trial 308 finished with values: [10.761614028812085, 10.761614028812085] and parameters: {'k1': 0.0026651167490553537, 'D_low': 918.4900818511542, 'k2': 0.0007886001704920403, 'D_high': 6455.595882939566, 'fire_exp': 7.278512815051397, 'P_half': 1.3035590385085063, 'pre_dampen_half': 111.37963167994629, 'gpp_af': 20.12115544906385, 'gpp_b': 1.1676061967213667, 'gpp_d': 368.30088529547436, 'ign_k': 0.11101191524846071, 'ign_c': 0.8891936446296247}.
[I 2026-08-05 23:44:31,533] Trial 309 finished with values: [-0.51439659302533, 0.14144174412287025] and parameters: {'k1': 0.0029707920514735983, 'D_low': 125.32726386250698, 'k2': 0.005456725485601475, 'D_high': 6366.1449945522045, 'fire_exp': 1.182396148413737, 'P_half': 95.65499215943822, 'pre_dampen_half': 33.9790424311127, 'gpp_af': 0.0025511964576171086, 'gpp_b': 3.228689523591491e-05, 'gpp_d': 857.4284557962634, 'ign_k': 0.03141110271934876, 'ign_c': 3.0378658251922155}.
[I 2026-08-05 23:44:33,083] Trial 310 finished with values: [-0.4842457824385222, 0.11774008849472328] and parameters: {'k1': 0.03232155805617897, 'D_low': 18.89739291279832, 'k2': 0.031211489608802344, 'D_high': 6455.595882939566, 'fire_exp': 1.811096651915224, 'P_half': 12.808863354047988, 'pre_dampen_half': 111.37963167994629, 'gpp_af': 11.234842109991876, 'gpp_b': 1.5938003265859821, 'gpp_d': 368.30088529547436, 'ign_k': 0.03033111747878116, 'ign_c': 10.140635645866492}.
[I 2026-08-05 23:44:34,443] Trial 311 finished with values: [10.260156812686393, 10.260156812686393] and parameters: {'k1': 1.1845753911529365e-05, 'D_low': 2068.53034640896, 'k2': 0.00038791280730284417, 'D_high': 9769.756791866093, 'fire_exp': 1.3614924220931135, 'P_half': 10.226988730324324, 'pre_dampen_half': 303.1650219733388, 'gpp_af': 37.28155624293858, 'gpp_b': 0.10123867001105968, 'gpp_d': 40.863415094409035, 'ign_k': 0.4702627143647234, 'ign_c': 0.11433485956638717}.
[I 2026-08-05 23:44:35,709] Trial 312 finished with values: [10.754404411053645, 10.754404411053645] and parameters: {'k1': 0.02714257255218683, 'D_low': 2.458603276328005, 'k2': 0.00011939136672856547, 'D_high': 6455.595882939566, 'fire_exp': 1.1044852285094786, 'P_half': 1.4061463985176637, 'pre_dampen_half': 36.876350096203005, 'gpp_af': 0.04339970334001348, 'gpp_b': 0.7987896438549947, 'gpp_d': 4.5768578731086835, 'ign_k': 0.03604182012888638, 'ign_c': 47.268615251255675}.
[I 2026-08-05 23:44:36,878] Trial 313 finished with values: [-0.4611725156862404, 0.09236753769841133] and parameters: {'k1': 0.002971796631657383, 'D_low': 74.92772870670282, 'k2': 1.1184534120760473e-05, 'D_high': 75773.14388518519, 'fire_exp': 1.1670151053031461, 'P_half': 242.70544179401307, 'pre_dampen_half': 53.73093479067421, 'gpp_af': 29.925002022877802, 'gpp_b': 0.011750724729953272, 'gpp_d': 5.1715677287580455, 'ign_k': 0.0026834162496848666, 'ign_c': 6.160975294741436}.
[I 2026-08-05 23:44:37,959] Trial 314 finished with values: [10.31951521609676, 10.31951521609676] and parameters: {'k1': 0.0017320535908244437, 'D_low': 7.068974950624602, 'k2': 0.0499774937030317, 'D_high': 32311.521854410956, 'fire_exp': 1.3614924220931135, 'P_half': 10.226988730324324, 'pre_dampen_half': 36.876350096203005, 'gpp_af': 83.56239973758213, 'gpp_b': 8.539677611488478e-05, 'gpp_d': 4.25060659305504, 'ign_k': 0.002357279455676982, 'ign_c': 14.810800730363484}.
[I 2026-08-05 23:44:38,995] Trial 315 finished with values: [10.313184832020353, 10.313184832020353] and parameters: {'k1': 7.841214856323651e-05, 'D_low': 74.92772870670282, 'k2': 0.00011939136672856547, 'D_high': 949.9072859745386, 'fire_exp': 1.0473002272689056, 'P_half': 408.3047491580097, 'pre_dampen_half': 111.37963167994629, 'gpp_af': 29.925002022877802, 'gpp_b': 0.0002399125814348087, 'gpp_d': 4.5768578731086835, 'ign_k': 0.11101191524846071, 'ign_c': 2.4287565087611744}.
[I 2026-08-05 23:44:40,087] Trial 316 finished with values: [10.867627983616938, 10.867627983616938] and parameters: {'k1': 0.015602015889668856, 'D_low': 4.051452710153359, 'k2': 1.1184534120760473e-05, 'D_high': 30.357607606785333, 'fire_exp': 1.1044852285094786, 'P_half': 39.03214299767183, 'pre_dampen_half': 703.6426675556048, 'gpp_af': 35.20481045526041, 'gpp_b': 0.0025416076006960116, 'gpp_d': 34.37107943937136, 'ign_k': 0.03604182012888638, 'ign_c': 8.671454322584175}.
[I 2026-08-05 23:44:41,178] Trial 317 finished with values: [10.108383087412728, 10.108383087412728] and parameters: {'k1': 0.00012105387404469581, 'D_low': 2.458603276328005, 'k2': 3.5917714215176105e-05, 'D_high': 20.31481195045495, 'fire_exp': 1.5201277403788451, 'P_half': 39.03214299767183, 'pre_dampen_half': 703.6426675556048, 'gpp_af': 1.6595781802652418, 'gpp_b': 0.10123867001105968, 'gpp_d': 39.827466658711515, 'ign_k': 0.6097546255373116, 'ign_c': 2.2882309479728957}.
[I 2026-08-05 23:44:42,334] Trial 318 finished with values: [10.16599348180497, 10.16599348180497] and parameters: {'k1': 0.002971796631657383, 'D_low': 1112.9571947046009, 'k2': 4.763991596630584e-05, 'D_high': 7926.237587961894, 'fire_exp': 1.0881360604103363, 'P_half': 10.226988730324324, 'pre_dampen_half': 304.7488318185732, 'gpp_af': 0.0021221774916927918, 'gpp_b': 3.481277316673104e-05, 'gpp_d': 891.8036602897795, 'ign_k': 0.0026834162496848666, 'ign_c': 6.160975294741436}.
[I 2026-08-05 23:44:43,396] Trial 319 finished with values: [10.733300435493662, 10.733300435493662] and parameters: {'k1': 0.002971796631657383, 'D_low': 7.068974950624602, 'k2': 3.5917714215176105e-05, 'D_high': 29.580419692843236, 'fire_exp': 1.5201277403788451, 'P_half': 10.226988730324324, 'pre_dampen_half': 111.37963167994629, 'gpp_af': 0.47739011308437823, 'gpp_b': 1.5938003265859821, 'gpp_d': 5.878566318396007, 'ign_k': 0.002357279455676982, 'ign_c': 1.8245734513362473}.
[I 2026-08-05 23:44:44,433] Trial 320 finished with values: [10.769230757073117, 10.769230757073117] and parameters: {'k1': 0.015602015889668856, 'D_low': 2.458603276328005, 'k2': 0.0004381141781653133, 'D_high': 48249.14281180252, 'fire_exp': 1.5201277403788451, 'P_half': 12.808863354047988, 'pre_dampen_half': 703.6426675556048, 'gpp_af': 35.20481045526041, 'gpp_b': 0.10123867001105968, 'gpp_d': 4.982605027348069, 'ign_k': 0.4702627143647234, 'ign_c': 47.268615251255675}.
[I 2026-08-05 23:44:45,539] Trial 321 finished with values: [-0.49226672559171336, 0.12943149581137137] and parameters: {'k1': 0.002971796631657383, 'D_low': 7.068974950624602, 'k2': 1.1184534120760473e-05, 'D_high': 9769.756791866093, 'fire_exp': 1.0881360604103363, 'P_half': 10.226988730324324, 'pre_dampen_half': 36.876350096203005, 'gpp_af': 29.925002022877802, 'gpp_b': 0.011750724729953272, 'gpp_d': 5.878566318396007, 'ign_k': 0.0026834162496848666, 'ign_c': 6.160975294741436}.
[I 2026-08-05 23:44:46,613] Trial 322 finished with values: [10.75946910812534, 10.75946910812534] and parameters: {'k1': 0.04897760278488444, 'D_low': 2.458603276328005, 'k2': 0.0004381141781653133, 'D_high': 6455.595882939566, 'fire_exp': 1.1044852285094786, 'P_half': 12.808863354047988, 'pre_dampen_half': 111.37963167994629, 'gpp_af': 0.04339970334001348, 'gpp_b': 0.0025416076006960116, 'gpp_d': 0.1187686699420959, 'ign_k': 0.017654048052495083, 'ign_c': 10.140635645866492}.
[I 2026-08-05 23:44:47,683] Trial 323 finished with values: [10.333373803057075, 10.333373803057075] and parameters: {'k1': 0.0029707920514735983, 'D_low': 1455.0993923603367, 'k2': 0.03210808548911189, 'D_high': 8241.92526487646, 'fire_exp': 2.2881850891698634, 'P_half': 12.808863354047988, 'pre_dampen_half': 304.7488318185732, 'gpp_af': 5.511863475708366, 'gpp_b': 0.0006082667040432242, 'gpp_d': 368.30088529547436, 'ign_k': 0.03033111747878116, 'ign_c': 3.0378658251922155}.
[I 2026-08-05 23:44:48,789] Trial 324 finished with values: [10.46211133143847, 10.46211133143847] and parameters: {'k1': 0.00012105387404469581, 'D_low': 7.068974950624602, 'k2': 1.1184534120760473e-05, 'D_high': 75773.14388518519, 'fire_exp': 1.1044852285094786, 'P_half': 39.03214299767183, 'pre_dampen_half': 703.6426675556048, 'gpp_af': 35.20481045526041, 'gpp_b': 0.10123867001105968, 'gpp_d': 0.3924302839842014, 'ign_k': 0.01474275315991467, 'ign_c': 6.160975294741436}.
[I 2026-08-05 23:44:49,842] Trial 325 finished with values: [10.129986946197016, 10.129986946197016] and parameters: {'k1': 0.0017320535908244437, 'D_low': 7.068974950624602, 'k2': 1.1184534120760473e-05, 'D_high': 75773.14388518519, 'fire_exp': 1.1044852285094786, 'P_half': 147.09699119495133, 'pre_dampen_half': 36.876350096203005, 'gpp_af': 35.20481045526041, 'gpp_b': 0.05693092741736214, 'gpp_d': 4.25060659305504, 'ign_k': 0.01474275315991467, 'ign_c': 6.160975294741436}.
[I 2026-08-05 23:44:50,981] Trial 326 finished with values: [-0.5173455008136254, 0.15154587120055119] and parameters: {'k1': 0.0005486676498816061, 'D_low': 2.458603276328005, 'k2': 0.034987345440353576, 'D_high': 75773.14388518519, 'fire_exp': 1.151006986743773, 'P_half': 12.808863354047988, 'pre_dampen_half': 36.876350096203005, 'gpp_af': 35.20481045526041, 'gpp_b': 0.7987896438549947, 'gpp_d': 149.50343942182866, 'ign_k': 0.01474275315991467, 'ign_c': 6.160975294741436}.
[I 2026-08-05 23:44:52,075] Trial 327 finished with values: [10.090303918196765, 10.090303918196765] and parameters: {'k1': 0.00023134781612225627, 'D_low': 125.32726386250698, 'k2': 1.1184534120760473e-05, 'D_high': 267.3088310781672, 'fire_exp': 1.2943117749495199, 'P_half': 63.585411411994926, 'pre_dampen_half': 121.93011993958949, 'gpp_af': 1.2003722333832936, 'gpp_b': 2.800940363375676e-05, 'gpp_d': 0.19476644406315288, 'ign_k': 0.002357279455676982, 'ign_c': 0.11433485956638717}.
[I 2026-08-05 23:44:53,134] Trial 328 finished with values: [10.887639663010868, 10.887639663010868] and parameters: {'k1': 0.021368329072358756, 'D_low': 1.2834648227562822, 'k2': 3.5917714215176105e-05, 'D_high': 233.52156626184438, 'fire_exp': 1.182396148413737, 'P_half': 24.136213194527585, 'pre_dampen_half': 107.40052367919465, 'gpp_af': 20.12115544906385, 'gpp_b': 0.00031478066835753096, 'gpp_d': 857.4284557962634, 'ign_k': 0.03141110271934876, 'ign_c': 8.671454322584175}.
[I 2026-08-05 23:44:54,210] Trial 329 finished with values: [10.367628288443935, 10.367628288443935] and parameters: {'k1': 0.04897760278488444, 'D_low': 74.92772870670282, 'k2': 8.54747617666719e-05, 'D_high': 6455.595882939566, 'fire_exp': 1.1044852285094786, 'P_half': 242.70544179401307, 'pre_dampen_half': 703.6426675556048, 'gpp_af': 0.0013243534516762826, 'gpp_b': 0.0025416076006960116, 'gpp_d': 5.1715677287580455, 'ign_k': 0.017654048052495083, 'ign_c': 10.140635645866492}.
