[I 2026-08-19 13:29:32,946] Trial 870 finished with values: [-0.4076210459784451, 2.4488522321064465e-11] and parameters: {'k1': 1.844951990812239e-05, 'D_low': 112616.33791708453, 'k2': 0.0019856031481305684, 'D_high': 1840060.4093141211, 'fire_exp': 6.464773756830049, 'P_half': 8894.151386481904, 'pre_dampen_half': 0.2571419084734534, 'gpp_af': 0.18737227240512885, 'gpp_b': 0.0004837646996135023, 'gpp_d': 118.26972885708257, 'ign_k': 0.43129510236174595, 'ign_c': 12.366924205139131, 'trop_agb_crit': 3.544180417534903, 'trop_k_veg': 6.972354563243685, 'pop_amp': 6.746076139939917, 'pop_peak': 4.557885026195722, 'pop_sig': 0.9904669476016459, 'fuel_k': 5.706437033023268, 'fuel_half': 17.890117928710357}.
  trial  871/2500  pareto_size=28  best_ilamb=0.6094  (43.9 min)
[I 2026-08-19 13:29:42,071] Trial 871 finished with values: [-0.3892106112007826, 7.771561172376096e-16] and parameters: {'k1': 4.0873003903057456e-05, 'D_low': 6293.732112193172, 'k2': 0.0067445742055710165, 'D_high': 5109990.03526815, 'fire_exp': 6.464773756830049, 'P_half': 8894.151386481904, 'pre_dampen_half': 0.7465571739720183, 'gpp_af': 0.18737227240512885, 'gpp_b': 1.1645080536732737, 'gpp_d': 3.9841905944346854, 'ign_k': 0.3699359899959751, 'ign_c': 12.366924205139131, 'trop_agb_crit': 3.544180417534903, 'trop_k_veg': 2.968382718115938, 'pop_amp': 0.0034369873301918173, 'pop_peak': 503.7153440645595, 'pop_sig': 0.7874005085282932, 'fuel_k': 0.03288651751134314, 'fuel_half': 0.18427970406864538}.
[I 2026-08-19 13:29:52,449] Trial 872 finished with values: [-0.4079547729746224, 7.107385457949533e-08] and parameters: {'k1': 0.0004846497679219079, 'D_low': 27972.024228472703, 'k2': 0.0019856031481305684, 'D_high': 1840060.4093141211, 'fire_exp': 1.3796609641485171, 'P_half': 1636.5290600718067, 'pre_dampen_half': 0.05393491030297468, 'gpp_af': 0.00301004353953023, 'gpp_b': 0.6544249654994514, 'gpp_d': 3.032712462969173, 'ign_k': 9.162638829638215, 'ign_c': 0.15590073239763044, 'trop_agb_crit': 17.69486533706496, 'trop_k_veg': 1.7810741089165025, 'pop_amp': 2.1219303004144856, 'pop_peak': 1.9043491615789352, 'pop_sig': 0.6871869718280653, 'fuel_k': 0.15552861105540366, 'fuel_half': 2.01596048776016}.
[I 2026-08-19 13:29:59,471] Trial 873 finished with values: [-0.39697680195701623, 4.3642867098014904e-13] and parameters: {'k1': 1.844951990812239e-05, 'D_low': 1.6569065206637925, 'k2': 1.2748758606816134e-05, 'D_high': 1840060.4093141211, 'fire_exp': 7.856097010829145, 'P_half': 267.2146013620241, 'pre_dampen_half': 0.2571419084734534, 'gpp_af': 0.9346598275601615, 'gpp_b': 4.038332634638232, 'gpp_d': 108.18665579547857, 'ign_k': 0.009935023909063692, 'ign_c': 12.366924205139131, 'trop_agb_crit': 27.05166881899929, 'trop_k_veg': 0.8084202024508578, 'pop_amp': 0.004708042915737182, 'pop_peak': 1.421337820414783, 'pop_sig': 0.5314193463179775, 'fuel_k': 0.21966485388568888, 'fuel_half': 17.890117928710357}.
  trial  874/2500  pareto_size=28  best_ilamb=0.6094  (44.3 min)
[I 2026-08-19 13:30:07,687] Trial 874 finished with values: [-0.41027581821090653, 1.2568045177019371e-05] and parameters: {'k1': 4.0873003903057456e-05, 'D_low': 286.06841726052676, 'k2': 4.392638796750218e-05, 'D_high': 9355.38060645217, 'fire_exp': 4.3161213924316595, 'P_half': 267.2146013620241, 'pre_dampen_half': 0.7465571739720183, 'gpp_af': 0.004649431590340411, 'gpp_b': 0.0001605469768042801, 'gpp_d': 3.032712462969173, 'ign_k': 0.45791923103229365, 'ign_c': 0.2806439011124269, 'trop_agb_crit': 27.05166881899929, 'trop_k_veg': 3.754644404143055, 'pop_amp': 0.06945433987275948, 'pop_peak': 456.60279198301936, 'pop_sig': 0.9904669476016459, 'fuel_k': 0.024842211874916795, 'fuel_half': 5.940545235233705}.
[I 2026-08-19 13:30:14,406] Trial 875 finished with values: [-0.4169450694924752, 8.139144913599239e-11] and parameters: {'k1': 2.9693357731296325e-05, 'D_low': 437.4364439939077, 'k2': 0.0019856031481305684, 'D_high': 1840060.4093141211, 'fire_exp': 7.856097010829145, 'P_half': 6281.776703992854, 'pre_dampen_half': 0.7465571739720183, 'gpp_af': 36.830088529547496, 'gpp_b': 0.0004837646996135023, 'gpp_d': 118.26972885708257, 'ign_k': 0.43129510236174595, 'ign_c': 4.4716799012313055, 'trop_agb_crit': 2.6689615974393592, 'trop_k_veg': 2.968382718115938, 'pop_amp': 0.0021433490423168255, 'pop_peak': 503.7153440645595, 'pop_sig': 1.804482856986987, 'fuel_k': 0.11148299766359336, 'fuel_half': 17.890117928710357}.
[I 2026-08-19 13:30:22,942] Trial 876 finished with values: [-0.40676141118702364, 0.01081623045447666] and parameters: {'k1': 4.0873003903057456e-05, 'D_low': 286.06841726052676, 'k2': 0.0003856302813879373, 'D_high': 1840060.4093141211, 'fire_exp': 3.7695400350033266, 'P_half': 4.937355303501834, 'pre_dampen_half': 0.19674328025306115, 'gpp_af': 36.830088529547496, 'gpp_b': 0.14222241542049918, 'gpp_d': 3.9841905944346854, 'ign_k': 0.43129510236174595, 'ign_c': 0.2806439011124269, 'trop_agb_crit': 2.6689615974393592, 'trop_k_veg': 6.972354563243685, 'pop_amp': 0.0013002472438361158, 'pop_peak': 4.557885026195722, 'pop_sig': 1.804482856986987, 'fuel_k': 2.8606142106392465, 'fuel_half': 0.10355826161899183}.
  trial  877/2500  pareto_size=28  best_ilamb=0.6094  (44.7 min)
[I 2026-08-19 13:30:33,299] Trial 877 finished with values: [-0.3958587651437645, 0.0032336784646973538] and parameters: {'k1': 0.09372580613581186, 'D_low': 286.06841726052676, 'k2': 0.0002001342062287998, 'D_high': 6543576.946931886, 'fire_exp': 1.2039307685751104, 'P_half': 8894.151386481904, 'pre_dampen_half': 30.11226646948154, 'gpp_af': 0.18737227240512885, 'gpp_b': 0.14222241542049918, 'gpp_d': 43.62109214721796, 'ign_k': 0.04439802552990466, 'ign_c': 9.679314683873933, 'trop_agb_crit': 2.6689615974393592, 'trop_k_veg': 0.5443513380244235, 'pop_amp': 0.0021433490423168255, 'pop_peak': 0.05281056279423359, 'pop_sig': 0.4663206866626952, 'fuel_k': 0.11148299766359336, 'fuel_half': 1.7895437790635824}.
[I 2026-08-19 13:30:39,304] Trial 878 finished with values: [-0.423612459711713, 7.785555536932165e-07] and parameters: {'k1': 9.67404566214593e-05, 'D_low': 417.9306435491205, 'k2': 6.340140860251457e-05, 'D_high': 1840060.4093141211, 'fire_exp': 3.7695400350033266, 'P_half': 8894.151386481904, 'pre_dampen_half': 0.2571419084734534, 'gpp_af': 3.3373658194339484, 'gpp_b': 5.349456206882108e-05, 'gpp_d': 44.416173741743926, 'ign_k': 1.996170534716646, 'ign_c': 12.366924205139131, 'trop_agb_crit': 3.544180417534903, 'trop_k_veg': 2.968382718115938, 'pop_amp': 0.0013002472438361158, 'pop_peak': 1.884221947092994, 'pop_sig': 1.804482856986987, 'fuel_k': 3.250046746707412, 'fuel_half': 17.890117928710357}.
[I 2026-08-19 13:30:46,112] Trial 879 finished with values: [-0.41952909979836256, 1.1161027657635714e-10] and parameters: {'k1': 4.929552311643645e-05, 'D_low': 1.6569065206637925, 'k2': 3.077180271250682e-05, 'D_high': 1661855.441285105, 'fire_exp': 5.433392060430592, 'P_half': 8894.151386481904, 'pre_dampen_half': 0.10189118197357125, 'gpp_af': 49.583649914027546, 'gpp_b': 0.3918116941393868, 'gpp_d': 108.18665579547857, 'ign_k': 0.04439802552990466, 'ign_c': 4.4716799012313055, 'trop_agb_crit': 28.49245476864681, 'trop_k_veg': 6.972354563243685, 'pop_amp': 0.008683934086503814, 'pop_peak': 1.884221947092994, 'pop_sig': 1.804482856986987, 'fuel_k': 0.622529758569628, 'fuel_half': 1.7895437790635824}.
  trial  880/2500  pareto_size=29  best_ilamb=0.6094  (45.1 min)
[I 2026-08-19 13:30:52,816] Trial 880 finished with values: [-0.40842290421208693, 0.05987260127842908] and parameters: {'k1': 1.844951990812239e-05, 'D_low': 1368.9795993592197, 'k2': 4.3214816246375446e-05, 'D_high': 9355.38060645217, 'fire_exp': 1.3796609641485171, 'P_half': 229.5739821454948, 'pre_dampen_half': 11.249306438043552, 'gpp_af': 0.41874665092828456, 'gpp_b': 1.624829724391053, 'gpp_d': 118.26972885708257, 'ign_k': 9.162638829638215, 'ign_c': 13.219302264066766, 'trop_agb_crit': 27.05166881899929, 'trop_k_veg': 0.727700309346338, 'pop_amp': 0.0013002472438361158, 'pop_peak': 4.557885026195722, 'pop_sig': 1.804482856986987, 'fuel_k': 4.04437775870989, 'fuel_half': 0.18427970406864538}.
[I 2026-08-19 13:30:57,709] Trial 881 finished with values: [-0.40617134704380486, 6.749178993459282e-11] and parameters: {'k1': 0.010127455512700306, 'D_low': 1.6569065206637925, 'k2': 0.0019856031481305684, 'D_high': 1661855.441285105, 'fire_exp': 6.454675979546216, 'P_half': 8894.151386481904, 'pre_dampen_half': 0.2571419084734534, 'gpp_af': 0.18737227240512885, 'gpp_b': 0.08744418564848723, 'gpp_d': 118.26972885708257, 'ign_k': 0.04439802552990466, 'ign_c': 12.366924205139131, 'trop_agb_crit': 14.188434224699876, 'trop_k_veg': 4.30392173391187, 'pop_amp': 10.985330528057915, 'pop_peak': 1.884221947092994, 'pop_sig': 0.6871869718280653, 'fuel_k': 3.250046746707412, 'fuel_half': 74.10437747154471}.
[I 2026-08-19 13:31:02,997] Trial 882 finished with values: [-0.4013596036036689, 2.6293836939972337e-06] and parameters: {'k1': 1.8872614348471802e-05, 'D_low': 437.4364439939077, 'k2': 0.0003856302813879373, 'D_high': 21.99522084499045, 'fire_exp': 1.9150806787182642, 'P_half': 8894.151386481904, 'pre_dampen_half': 0.2571419084734534, 'gpp_af': 36.830088529547496, 'gpp_b': 0.14222241542049918, 'gpp_d': 118.26972885708257, 'ign_k': 0.43129510236174595, 'ign_c': 4.4716799012313055, 'trop_agb_crit': 3.544180417534903, 'trop_k_veg': 6.972354563243685, 'pop_amp': 0.0013002472438361158, 'pop_peak': 1.9043491615789352, 'pop_sig': 1.804482856986987, 'fuel_k': 2.8606142106392465, 'fuel_half': 17.890117928710357}.
[I 2026-08-19 13:31:08,039] Trial 883 finished with values: [-0.4176298420788527, 6.641645011740138e-10] and parameters: {'k1': 4.929552311643645e-05, 'D_low': 1.6569065206637925, 'k2': 3.077180271250682e-05, 'D_high': 1840060.4093141211, 'fire_exp': 5.433392060430592, 'P_half': 8894.151386481904, 'pre_dampen_half': 0.19674328025306115, 'gpp_af': 0.020348313435885005, 'gpp_b': 0.0001605469768042801, 'gpp_d': 118.26972885708257, 'ign_k': 0.04439802552990466, 'ign_c': 0.5488047000766043, 'trop_agb_crit': 2.7072829880258475, 'trop_k_veg': 2.968382718115938, 'pop_amp': 0.011541525703502602, 'pop_peak': 0.05281056279423359, 'pop_sig': 1.804482856986987, 'fuel_k': 0.11148299766359336, 'fuel_half': 1.7895437790635824}.
  trial  884/2500  pareto_size=29  best_ilamb=0.6094  (45.5 min)
[I 2026-08-19 13:31:15,661] Trial 884 finished with values: [-0.3554625854118624, 0.0] and parameters: {'k1': 4.0873003903057456e-05, 'D_low': 27972.024228472703, 'k2': 4.392638796750218e-05, 'D_high': 9355.38060645217, 'fire_exp': 4.3161213924316595, 'P_half': 4.937355303501834, 'pre_dampen_half': 0.19674328025306115, 'gpp_af': 0.18737227240512885, 'gpp_b': 1.624829724391053, 'gpp_d': 3.9841905944346854, 'ign_k': 0.3699359899959751, 'ign_c': 421.7142944025065, 'trop_agb_crit': 28.49245476864681, 'trop_k_veg': 3.754644404143055, 'pop_amp': 5.27924855752961, 'pop_peak': 10.679600530994481, 'pop_sig': 0.9904669476016459, 'fuel_k': 3.640039183945803, 'fuel_half': 0.10355826161899183}.
[I 2026-08-19 13:31:20,036] Trial 885 finished with values: [-0.4173800659388194, 1.1631325558258965e-07] and parameters: {'k1': 4.0873003903057456e-05, 'D_low': 26554.765116336614, 'k2': 4.392638796750218e-05, 'D_high': 9355.38060645217, 'fire_exp': 1.8678802571070678, 'P_half': 8894.151386481904, 'pre_dampen_half': 0.2571419084734534, 'gpp_af': 0.005018406982902927, 'gpp_b': 1.788789091682049e-05, 'gpp_d': 0.16294786031575217, 'ign_k': 0.04439802552990466, 'ign_c': 89.12611835816996, 'trop_agb_crit': 14.188434224699876, 'trop_k_veg': 0.998742590023828, 'pop_amp': 6.746076139939917, 'pop_peak': 0.17274196344453516, 'pop_sig': 0.9904669476016459, 'fuel_k': 5.706437033023268, 'fuel_half': 1.7895437790635824}.
[I 2026-08-19 13:31:25,513] Trial 886 finished with values: [-0.5679826803406762, 0.07665483495072578] and parameters: {'k1': 0.0004846497679219079, 'D_low': 286.06841726052676, 'k2': 0.0003856302813879373, 'D_high': 1840060.4093141211, 'fire_exp': 3.7695400350033266, 'P_half': 12.240492848947012, 'pre_dampen_half': 0.2571419084734534, 'gpp_af': 36.830088529547496, 'gpp_b': 0.14222241542049918, 'gpp_d': 118.26972885708257, 'ign_k': 9.162638829638215, 'ign_c': 4.4716799012313055, 'trop_agb_crit': 17.69486533706496, 'trop_k_veg': 6.972354563243685, 'pop_amp': 2.1219303004144856, 'pop_peak': 1.9043491615789352, 'pop_sig': 1.804482856986987, 'fuel_k': 0.9199338799678547, 'fuel_half': 2.01596048776016}.
[I 2026-08-19 13:31:30,747] Trial 887 finished with values: [-0.4183844439659169, 4.545253062815391e-13] and parameters: {'k1': 0.0004846497679219079, 'D_low': 1.6569065206637925, 'k2': 3.077180271250682e-05, 'D_high': 6543576.946931886, 'fire_exp': 1.8678802571070678, 'P_half': 8894.151386481904, 'pre_dampen_half': 0.19674328025306115, 'gpp_af': 0.18737227240512885, 'gpp_b': 0.0007417652034871827, 'gpp_d': 118.26972885708257, 'ign_k': 0.17320535908244444, 'ign_c': 89.12611835816996, 'trop_agb_crit': 27.05166881899929, 'trop_k_veg': 0.8084202024508578, 'pop_amp': 5.27924855752961, 'pop_peak': 0.05281056279423359, 'pop_sig': 1.804482856986987, 'fuel_k': 0.9199338799678547, 'fuel_half': 1.7895437790635824}.
  trial  888/2500  pareto_size=28  best_ilamb=0.6094  (45.9 min)
[I 2026-08-19 13:31:39,632] Trial 888 finished with values: [-0.3554625854118624, 0.0] and parameters: {'k1': 0.0004846497679219079, 'D_low': 286.06841726052676, 'k2': 0.01090418094655994, 'D_high': 6543576.946931886, 'fire_exp': 3.7695400350033266, 'P_half': 1.332700437360483, 'pre_dampen_half': 0.2571419084734534, 'gpp_af': 0.18737227240512885, 'gpp_b': 0.0007417652034871827, 'gpp_d': 3.9841905944346854, 'ign_k': 0.3818468247973969, 'ign_c': 89.12611835816996, 'trop_agb_crit': 17.69486533706496, 'trop_k_veg': 4.30392173391187, 'pop_amp': 10.985330528057915, 'pop_peak': 1.9043491615789352, 'pop_sig': 0.6871869718280653, 'fuel_k': 0.9199338799678547, 'fuel_half': 1.7895437790635824}.
[I 2026-08-19 13:31:48,530] Trial 889 finished with values: [-0.42059704732106934, 0.004768967572374105] and parameters: {'k1': 4.0873003903057456e-05, 'D_low': 26554.765116336614, 'k2': 4.392638796750218e-05, 'D_high': 9355.38060645217, 'fire_exp': 1.8678802571070678, 'P_half': 10.436686039715203, 'pre_dampen_half': 0.2571419084734534, 'gpp_af': 0.11134482360128048, 'gpp_b': 1.788789091682049e-05, 'gpp_d': 1.7729611215155463, 'ign_k': 0.17320535908244444, 'ign_c': 0.2806439011124269, 'trop_agb_crit': 14.188434224699876, 'trop_k_veg': 6.972354563243685, 'pop_amp': 0.008683934086503814, 'pop_peak': 0.17274196344453516, 'pop_sig': 1.804482856986987, 'fuel_k': 5.706437033023268, 'fuel_half': 1.7895437790635824}.
[I 2026-08-19 13:31:57,168] Trial 890 finished with values: [-0.38870788445891913, 0.0004625031897265153] and parameters: {'k1': 9.67404566214593e-05, 'D_low': 1368.9795993592197, 'k2': 6.340140860251457e-05, 'D_high': 1124534.1807254362, 'fire_exp': 1.3796609641485171, 'P_half': 1517.2922775770444, 'pre_dampen_half': 0.10189118197357125, 'gpp_af': 49.583649914027546, 'gpp_b': 0.7652822088380072, 'gpp_d': 1.0088237648985734, 'ign_k': 9.162638829638215, 'ign_c': 12.366924205139131, 'trop_agb_crit': 1.050713312531254, 'trop_k_veg': 5.847012197090854, 'pop_amp': 0.020758979942636296, 'pop_peak': 162.62551614461097, 'pop_sig': 1.804482856986987, 'fuel_k': 0.11148299766359336, 'fuel_half': 17.890117928710357}.
  trial  891/2500  pareto_size=28  best_ilamb=0.6094  (46.3 min)
[I 2026-08-19 13:32:07,698] Trial 891 finished with values: [-0.4253911712257167, 0.0005267223038086799] and parameters: {'k1': 1.844951990812239e-05, 'D_low': 286.06841726052676, 'k2': 0.0019856031481305684, 'D_high': 1124534.1807254362, 'fire_exp': 1.3796609641485171, 'P_half': 6281.776703992854, 'pre_dampen_half': 0.10189118197357125, 'gpp_af': 0.006580815488709274, 'gpp_b': 9.67374839440457e-05, 'gpp_d': 118.26972885708257, 'ign_k': 0.1537592023548176, 'ign_c': 0.2806439011124269, 'trop_agb_crit': 3.3887235042490564, 'trop_k_veg': 6.972354563243685, 'pop_amp': 0.0013002472438361158, 'pop_peak': 162.62551614461097, 'pop_sig': 1.804482856986987, 'fuel_k': 0.11148299766359336, 'fuel_half': 0.10355826161899183}.
[I 2026-08-19 13:32:15,523] Trial 892 finished with values: [-0.4085192752345799, 2.4924506902834764e-13] and parameters: {'k1': 4.0873003903057456e-05, 'D_low': 45736.543674052264, 'k2': 3.077180271250682e-05, 'D_high': 9355.38060645217, 'fire_exp': 4.3161213924316595, 'P_half': 8894.151386481904, 'pre_dampen_half': 0.19674328025306115, 'gpp_af': 36.830088529547496, 'gpp_b': 1.624829724391053, 'gpp_d': 108.18665579547857, 'ign_k': 0.009935023909063692, 'ign_c': 4.4716799012313055, 'trop_agb_crit': 27.05166881899929, 'trop_k_veg': 0.5993475037413647, 'pop_amp': 0.0021433490423168255, 'pop_peak': 352.89806695809773, 'pop_sig': 0.28855712799307187, 'fuel_k': 2.8606142106392465, 'fuel_half': 17.890117928710357}.
[I 2026-08-19 13:32:22,415] Trial 893 finished with values: [-0.35879798043434497, 2.1094237467877974e-15] and parameters: {'k1': 4.929552311643645e-05, 'D_low': 1368.9795993592197, 'k2': 0.0019856031481305684, 'D_high': 109.93781215236433, 'fire_exp': 5.433392060430592, 'P_half': 8894.151386481904, 'pre_dampen_half': 0.19674328025306115, 'gpp_af': 0.9346598275601615, 'gpp_b': 0.007179740972016222, 'gpp_d': 2.740665093065578, 'ign_k': 0.0023181776112903506, 'ign_c': 13.219302264066766, 'trop_agb_crit': 1.050713312531254, 'trop_k_veg': 0.8084202024508578, 'pop_amp': 10.985330528057915, 'pop_peak': 503.7153440645595, 'pop_sig': 0.2701180518636316, 'fuel_k': 0.15552861105540366, 'fuel_half': 0.18427970406864538}.
  trial  894/2500  pareto_size=28  best_ilamb=0.6094  (46.7 min)
[I 2026-08-19 13:32:31,531] Trial 894 finished with values: [-0.4859649848677507, 0.03482190382036543] and parameters: {'k1': 0.0004846497679219079, 'D_low': 286.06841726052676, 'k2': 0.0019856031481305684, 'D_high': 6543576.946931886, 'fire_exp': 5.433392060430592, 'P_half': 1.7807904329970783, 'pre_dampen_half': 0.2571419084734534, 'gpp_af': 0.18737227240512885, 'gpp_b': 0.0007417652034871827, 'gpp_d': 3.032712462969173, 'ign_k': 9.162638829638215, 'ign_c': 0.15590073239763044, 'trop_agb_crit': 21.823179679508023, 'trop_k_veg': 4.30392173391187, 'pop_amp': 0.008683934086503814, 'pop_peak': 0.05281056279423359, 'pop_sig': 0.6871869718280653, 'fuel_k': 0.9199338799678547, 'fuel_half': 1.7895437790635824}.
[I 2026-08-19 13:32:37,971] Trial 895 finished with values: [-0.39826242157218117, 5.583133955155972e-11] and parameters: {'k1': 0.005456725485601475, 'D_low': 437.4364439939077, 'k2': 3.077180271250682e-05, 'D_high': 6543576.946931886, 'fire_exp': 5.433392060430592, 'P_half': 4337.920697490941, 'pre_dampen_half': 0.2571419084734534, 'gpp_af': 0.18737227240512885, 'gpp_b': 0.620439464939785, 'gpp_d': 118.26972885708257, 'ign_k': 0.04439802552990466, 'ign_c': 0.5488047000766043, 'trop_agb_crit': 3.544180417534903, 'trop_k_veg': 4.891066132801691, 'pop_amp': 0.008683934086503814, 'pop_peak': 352.89806695809773, 'pop_sig': 1.804482856986987, 'fuel_k': 0.022805907608636752, 'fuel_half': 0.18427970406864538}.
[I 2026-08-19 13:32:46,868] Trial 896 finished with values: [-0.3940724394214071, 6.92560256043695e-06] and parameters: {'k1': 0.005456725485601475, 'D_low': 27972.024228472703, 'k2': 0.0019856031481305684, 'D_high': 6543576.946931886, 'fire_exp': 1.0824018381500955, 'P_half': 8894.151386481904, 'pre_dampen_half': 0.19674328025306115, 'gpp_af': 0.18737227240512885, 'gpp_b': 0.620439464939785, 'gpp_d': 117.2128156438701, 'ign_k': 0.3699359899959751, 'ign_c': 30.08512495286993, 'trop_agb_crit': 28.49245476864681, 'trop_k_veg': 6.972354563243685, 'pop_amp': 10.985330528057915, 'pop_peak': 0.17274196344453516, 'pop_sig': 0.6871869718280653, 'fuel_k': 3.640039183945803, 'fuel_half': 0.18427970406864538}.
  trial  897/2500  pareto_size=28  best_ilamb=0.6094  (47.1 min)
[I 2026-08-19 13:33:02,894] Trial 897 finished with values: [-0.40083666169401083, 2.7755575615628914e-15] and parameters: {'k1': 1.844951990812239e-05, 'D_low': 437.4364439939077, 'k2': 0.0019856031481305684, 'D_high': 5109990.03526815, 'fire_exp': 6.464773756830049, 'P_half': 8894.151386481904, 'pre_dampen_half': 0.2571419084734534, 'gpp_af': 0.41874665092828456, 'gpp_b': 1.1645080536732737, 'gpp_d': 1.0088237648985734, 'ign_k': 0.1537592023548176, 'ign_c': 0.5488047000766043, 'trop_agb_crit': 24.500297851058132, 'trop_k_veg': 6.972354563243685, 'pop_amp': 0.04874366481145617, 'pop_peak': 0.17274196344453516, 'pop_sig': 0.9904669476016459, 'fuel_k': 3.640039183945803, 'fuel_half': 1.9255395572015603}.
[I 2026-08-19 13:33:09,650] Trial 898 finished with values: [-0.4421059571353972, 0.0027271043459879962] and parameters: {'k1': 9.67404566214593e-05, 'D_low': 2048.523887932672, 'k2': 6.340140860251457e-05, 'D_high': 1819372.4578178402, 'fire_exp': 2.5321117364280843, 'P_half': 229.5739821454948, 'pre_dampen_half': 0.2571419084734534, 'gpp_af': 0.0028701881471957036, 'gpp_b': 9.67374839440457e-05, 'gpp_d': 108.18665579547857, 'ign_k': 9.162638829638215, 'ign_c': 6.0816733722841345, 'trop_agb_crit': 1.050713312531254, 'trop_k_veg': 2.246382792334124, 'pop_amp': 0.024891633080683897, 'pop_peak': 1.884221947092994, 'pop_sig': 1.804482856986987, 'fuel_k': 3.250046746707412, 'fuel_half': 17.890117928710357}.
