[I 2026-06-11 01:02:25,392] Trial 665 finished with values: [-0.7356618360623648, 0.3300481651951005] and parameters: {'k1': 0.05233480488540085, 'D_low': 4.484744524732794, 'k2': 0.0027431991397796683, 'D_high': 1919.1689944397538, 'fire_exp': 1.1258453832483524, 'P_half': 13.019246714361572, 'pre_dampen_half': 502.5175192217655, 'gpp_af': 0.015350904103515228, 'gpp_b': 7.402343469704428e-05, 'gpp_d': 0.0581159974343924, 'ign_k': 8.761971101023693, 'ign_c': 6.390695092073219, 'trop_agb_crit': 4.576910054440526, 'trop_k_veg': 0.5772603928610088, 'fuel_k': 0.04572914063536324, 'fuel_half': 2.9236782115513154}.
[I 2026-06-11 01:02:26,759] Trial 666 finished with values: [10.338535194343631, 10.338535194343631] and parameters: {'k1': 0.004312951023617458, 'D_low': 4.484744524732794, 'k2': 0.012413450098922581, 'D_high': 1390.2686711035008, 'fire_exp': 3.9865235442286613, 'P_half': 13.019246714361572, 'pre_dampen_half': 502.5175192217655, 'gpp_af': 0.326288637536534, 'gpp_b': 3.228689523591491e-05, 'gpp_d': 314.6826989726468, 'ign_k': 0.5131654955148326, 'ign_c': 0.11650681118986138, 'trop_agb_crit': 6.1198430581046965, 'trop_k_veg': 4.1309639246402785, 'fuel_k': 3.6992394681929337, 'fuel_half': 0.12399445060149628}.
[I 2026-06-11 01:02:28,098] Trial 667 finished with values: [10.169663457033852, 10.169663457033852] and parameters: {'k1': 0.00013783578294796384, 'D_low': 90.71933427331369, 'k2': 0.0027431991397796683, 'D_high': 1919.1689944397538, 'fire_exp': 1.0114396646447246, 'P_half': 343.5759946100352, 'pre_dampen_half': 347.79988160923324, 'gpp_af': 0.7539992074650279, 'gpp_b': 7.402343469704428e-05, 'gpp_d': 314.6826989726468, 'ign_k': 0.5131654955148326, 'ign_c': 6.390695092073219, 'trop_agb_crit': 1.1195539271968775, 'trop_k_veg': 2.8224577471047865, 'fuel_k': 1.8645619680420142, 'fuel_half': 65.99277195883643}.
[I 2026-06-11 01:02:29,398] Trial 668 finished with values: [10.452137643187001, 10.452137643187001] and parameters: {'k1': 0.004312951023617458, 'D_low': 4.484744524732794, 'k2': 1.127217425995114e-05, 'D_high': 1390.2686711035008, 'fire_exp': 1.0629462657398439, 'P_half': 220.3445560633069, 'pre_dampen_half': 502.5175192217655, 'gpp_af': 0.015769192447197523, 'gpp_b': 0.012418712303684949, 'gpp_d': 12.324765692041675, 'ign_k': 4.759571911239685, 'ign_c': 15.221840161091626, 'trop_agb_crit': 12.324775650896964, 'trop_k_veg': 1.4584243470991722, 'fuel_k': 4.680936683972861, 'fuel_half': 52.00581729114123}.
[I 2026-06-11 01:02:30,727] Trial 669 finished with values: [10.112765190447304, 10.112765190447304] and parameters: {'k1': 0.004312951023617458, 'D_low': 4.484744524732794, 'k2': 0.012413450098922581, 'D_high': 1390.2686711035008, 'fire_exp': 1.1258453832483524, 'P_half': 16.051347487097576, 'pre_dampen_half': 518.2609891091987, 'gpp_af': 0.326288637536534, 'gpp_b': 3.228689523591491e-05, 'gpp_d': 314.6826989726468, 'ign_k': 8.761971101023693, 'ign_c': 15.221840161091626, 'trop_agb_crit': 15.35205868174982, 'trop_k_veg': 4.1309639246402785, 'fuel_k': 0.04572914063536324, 'fuel_half': 52.00581729114123}.
[I 2026-06-11 01:02:32,039] Trial 670 finished with values: [-0.8062393516431088, 0.40985374227781635] and parameters: {'k1': 0.05233480488540085, 'D_low': 90.71933427331369, 'k2': 0.0009724201099820953, 'D_high': 3712.591045287726, 'fire_exp': 1.1258453832483524, 'P_half': 16.051347487097576, 'pre_dampen_half': 502.5175192217655, 'gpp_af': 0.005618069878716736, 'gpp_b': 0.00010318352929732131, 'gpp_d': 314.6826989726468, 'ign_k': 4.591485216740537, 'ign_c': 15.221840161091626, 'trop_agb_crit': 24.584290528289387, 'trop_k_veg': 2.8224577471047865, 'fuel_k': 0.05597555634027867, 'fuel_half': 52.00581729114123}.
[I 2026-06-11 01:02:33,433] Trial 671 finished with values: [-0.5988209960123543, 0.4229054186722685] and parameters: {'k1': 0.09738633019266786, 'D_low': 4.484744524732794, 'k2': 0.0007081721844034209, 'D_high': 1024.9816559563214, 'fire_exp': 1.1258453832483524, 'P_half': 13.019246714361572, 'pre_dampen_half': 502.5175192217655, 'gpp_af': 0.0876577878178163, 'gpp_b': 3.228689523591491e-05, 'gpp_d': 302.3127748796293, 'ign_k': 8.761971101023693, 'ign_c': 0.9294394155644988, 'trop_agb_crit': 24.584290528289387, 'trop_k_veg': 0.5772603928610088, 'fuel_k': 0.04572914063536324, 'fuel_half': 7.860326410149304}.
[I 2026-06-11 01:02:34,803] Trial 672 finished with values: [10.036361105294754, 10.036361105294754] and parameters: {'k1': 0.09738633019266786, 'D_low': 5.59983195169599, 'k2': 1.915468390724633e-05, 'D_high': 89263.11370835223, 'fire_exp': 1.1258453832483524, 'P_half': 220.3445560633069, 'pre_dampen_half': 347.79988160923324, 'gpp_af': 0.015769192447197523, 'gpp_b': 0.00012118589392553798, 'gpp_d': 2.8006820077310213, 'ign_k': 4.591485216740537, 'ign_c': 0.11650681118986138, 'trop_agb_crit': 19.28597237496244, 'trop_k_veg': 4.599337386928772, 'fuel_k': 0.04572914063536324, 'fuel_half': 2.9236782115513154}.
[I 2026-06-11 01:02:36,139] Trial 673 finished with values: [10.755350860750527, 10.755350860750527] and parameters: {'k1': 0.0015974581244256687, 'D_low': 10.733257635049776, 'k2': 0.0027431991397796683, 'D_high': 1390.2686711035008, 'fire_exp': 1.0114396646447246, 'P_half': 343.5759946100352, 'pre_dampen_half': 36.876350096203005, 'gpp_af': 0.326288637536534, 'gpp_b': 8.973215315767913, 'gpp_d': 2.8006820077310213, 'ign_k': 0.5131654955148326, 'ign_c': 0.9294394155644988, 'trop_agb_crit': 9.836162684900028, 'trop_k_veg': 2.8224577471047865, 'fuel_k': 3.6992394681929337, 'fuel_half': 15.29850686893745}.
[I 2026-06-11 01:02:37,451] Trial 674 finished with values: [10.768180255305111, 10.768180255305111] and parameters: {'k1': 0.004312951023617458, 'D_low': 2545.070581573528, 'k2': 0.0027431991397796683, 'D_high': 1024.9816559563214, 'fire_exp': 1.0114396646447246, 'P_half': 13.019246714361572, 'pre_dampen_half': 502.5175192217655, 'gpp_af': 0.005618069878716736, 'gpp_b': 0.00017826376967587887, 'gpp_d': 1.0509785213427776, 'ign_k': 0.5131654955148326, 'ign_c': 0.9294394155644988, 'trop_agb_crit': 24.584290528289387, 'trop_k_veg': 7.359706248396124, 'fuel_k': 0.05597555634027867, 'fuel_half': 15.29850686893745}.
[I 2026-06-11 01:02:38,778] Trial 675 finished with values: [10.009060166306224, 10.009060166306224] and parameters: {'k1': 0.09738633019266786, 'D_low': 5.59983195169599, 'k2': 7.67074891445376e-05, 'D_high': 1919.1689944397538, 'fire_exp': 1.0889492364376547, 'P_half': 38.82837025280678, 'pre_dampen_half': 518.2609891091987, 'gpp_af': 0.015769192447197523, 'gpp_b': 0.00012118589392553798, 'gpp_d': 0.0581159974343924, 'ign_k': 0.5131654955148326, 'ign_c': 15.221840161091626, 'trop_agb_crit': 19.28597237496244, 'trop_k_veg': 1.4584243470991722, 'fuel_k': 1.8645619680420142, 'fuel_half': 81.8794158253808}.
[I 2026-06-11 01:02:40,101] Trial 676 finished with values: [10.428094932914664, 10.428094932914664] and parameters: {'k1': 0.004312951023617458, 'D_low': 10.733257635049776, 'k2': 0.011469197890812934, 'D_high': 3712.591045287726, 'fire_exp': 1.0114396646447246, 'P_half': 16.051347487097576, 'pre_dampen_half': 502.5175192217655, 'gpp_af': 0.005618069878716736, 'gpp_b': 7.402343469704428e-05, 'gpp_d': 2.8006820077310213, 'ign_k': 4.591485216740537, 'ign_c': 0.11650681118986138, 'trop_agb_crit': 24.584290528289387, 'trop_k_veg': 0.5910730452888154, 'fuel_k': 3.8488790096189716, 'fuel_half': 15.29850686893745}.
[I 2026-06-11 01:02:41,473] Trial 677 finished with values: [10.188013174480647, 10.188013174480647] and parameters: {'k1': 0.004312951023617458, 'D_low': 2.2281634177046414, 'k2': 0.0027431991397796683, 'D_high': 1024.9816559563214, 'fire_exp': 1.1258453832483524, 'P_half': 13.019246714361572, 'pre_dampen_half': 502.5175192217655, 'gpp_af': 0.005618069878716736, 'gpp_b': 7.402343469704428e-05, 'gpp_d': 2.8006820077310213, 'ign_k': 0.034321391362415854, 'ign_c': 0.1867876836333246, 'trop_agb_crit': 6.1198430581046965, 'trop_k_veg': 0.6903814430415869, 'fuel_k': 0.04572914063536324, 'fuel_half': 2.9236782115513154}.
[I 2026-06-11 01:02:42,832] Trial 678 finished with values: [-0.7145239928045364, 0.17359224783842964] and parameters: {'k1': 0.09738633019266786, 'D_low': 10.733257635049776, 'k2': 0.0027431991397796683, 'D_high': 1024.9816559563214, 'fire_exp': 1.0114396646447246, 'P_half': 343.5759946100352, 'pre_dampen_half': 347.79988160923324, 'gpp_af': 0.015769192447197523, 'gpp_b': 7.402343469704428e-05, 'gpp_d': 2.8006820077310213, 'ign_k': 8.761971101023693, 'ign_c': 0.9294394155644988, 'trop_agb_crit': 9.836162684900028, 'trop_k_veg': 6.999477065942703, 'fuel_k': 0.04572914063536324, 'fuel_half': 52.00581729114123}.
[I 2026-06-11 01:02:44,460] Trial 679 finished with values: [-0.6358265506830625, 0.5987906469925184] and parameters: {'k1': 3.619136963999883e-05, 'D_low': 92.55037589041179, 'k2': 1.915468390724633e-05, 'D_high': 18612.24814067389, 'fire_exp': 1.1258453832483524, 'P_half': 16.051347487097576, 'pre_dampen_half': 347.79988160923324, 'gpp_af': 0.015769192447197523, 'gpp_b': 7.402343469704428e-05, 'gpp_d': 9.004606022643067, 'ign_k': 3.0409816628297026, 'ign_c': 3.330375276964647, 'trop_agb_crit': 19.28597237496244, 'trop_k_veg': 1.4584243470991722, 'fuel_k': 3.6992394681929337, 'fuel_half': 2.9236782115513154}.
[I 2026-06-11 01:02:45,771] Trial 680 finished with values: [-0.6689829409724585, 0.20298743404121766] and parameters: {'k1': 0.09738633019266786, 'D_low': 5.59983195169599, 'k2': 0.0027431991397796683, 'D_high': 1024.9816559563214, 'fire_exp': 1.1258453832483524, 'P_half': 10.226988730324324, 'pre_dampen_half': 502.5175192217655, 'gpp_af': 0.008562341633595545, 'gpp_b': 7.402343469704428e-05, 'gpp_d': 0.23485690470339216, 'ign_k': 8.761971101023693, 'ign_c': 0.11650681118986138, 'trop_agb_crit': 1.310122900330372, 'trop_k_veg': 0.5772603928610088, 'fuel_k': 0.05597555634027867, 'fuel_half': 15.29850686893745}.
[I 2026-06-11 01:02:47,100] Trial 681 finished with values: [10.563259599418027, 10.563259599418027] and parameters: {'k1': 0.05233480488540085, 'D_low': 1.4045842344024697, 'k2': 0.03865036856259725, 'D_high': 1024.9816559563214, 'fire_exp': 7.550475808649676, 'P_half': 220.3445560633069, 'pre_dampen_half': 502.5175192217655, 'gpp_af': 0.005618069878716736, 'gpp_b': 0.00012118589392553798, 'gpp_d': 2.8006820077310213, 'ign_k': 0.5131654955148326, 'ign_c': 0.11650681118986138, 'trop_agb_crit': 24.584290528289387, 'trop_k_veg': 1.4584243470991722, 'fuel_k': 4.680936683972861, 'fuel_half': 15.29850686893745}.
[I 2026-06-11 01:02:48,498] Trial 682 finished with values: [-0.8210652805205052, 0.17360635374001376] and parameters: {'k1': 0.09738633019266786, 'D_low': 98.98117700885537, 'k2': 0.011469197890812934, 'D_high': 1024.9816559563214, 'fire_exp': 1.1258453832483524, 'P_half': 220.3445560633069, 'pre_dampen_half': 502.5175192217655, 'gpp_af': 0.015769192447197523, 'gpp_b': 0.00012118589392553798, 'gpp_d': 2.8006820077310213, 'ign_k': 8.761971101023693, 'ign_c': 0.9294394155644988, 'trop_agb_crit': 5.707205898008383, 'trop_k_veg': 4.599337386928772, 'fuel_k': 4.680936683972861, 'fuel_half': 7.860326410149304}.
[I 2026-06-11 01:02:49,874] Trial 683 finished with values: [10.106964221067393, 10.106964221067393] and parameters: {'k1': 0.05233480488540085, 'D_low': 90.71933427331369, 'k2': 1.915468390724633e-05, 'D_high': 1919.1689944397538, 'fire_exp': 1.1258453832483524, 'P_half': 13.019246714361572, 'pre_dampen_half': 502.5175192217655, 'gpp_af': 0.015350904103515228, 'gpp_b': 0.00012118589392553798, 'gpp_d': 0.0581159974343924, 'ign_k': 4.591485216740537, 'ign_c': 15.221840161091626, 'trop_agb_crit': 24.181329527832204, 'trop_k_veg': 1.140286245977296, 'fuel_k': 0.04572914063536324, 'fuel_half': 2.9236782115513154}.
[I 2026-06-11 01:02:51,197] Trial 684 finished with values: [-0.6866060378347119, 0.7284348004968283] and parameters: {'k1': 0.00013783578294796384, 'D_low': 5.59983195169599, 'k2': 0.0005708731724249573, 'D_high': 89263.11370835223, 'fire_exp': 1.2310899049053081, 'P_half': 16.051347487097576, 'pre_dampen_half': 502.5175192217655, 'gpp_af': 0.005618069878716736, 'gpp_b': 7.402343469704428e-05, 'gpp_d': 6.913948698657619, 'ign_k': 2.9663798365255736, 'ign_c': 0.11650681118986138, 'trop_agb_crit': 5.707205898008383, 'trop_k_veg': 4.1309639246402785, 'fuel_k': 0.09252659617259135, 'fuel_half': 0.6370755274604819}.
[I 2026-06-11 01:02:52,523] Trial 685 finished with values: [10.748965773883063, 10.748965773883063] and parameters: {'k1': 0.09738633019266786, 'D_low': 4.484744524732794, 'k2': 0.0007081721844034209, 'D_high': 1390.2686711035008, 'fire_exp': 6.396249560187033, 'P_half': 13.019246714361572, 'pre_dampen_half': 89.15632969317363, 'gpp_af': 0.033373034352042676, 'gpp_b': 3.228689523591491e-05, 'gpp_d': 302.3127748796293, 'ign_k': 8.761971101023693, 'ign_c': 0.9294394155644988, 'trop_agb_crit': 5.707205898008383, 'trop_k_veg': 0.5772603928610088, 'fuel_k': 0.04572914063536324, 'fuel_half': 7.860326410149304}.
[I 2026-06-11 01:02:53,829] Trial 686 finished with values: [10.715761311270013, 10.715761311270013] and parameters: {'k1': 0.09738633019266786, 'D_low': 98.98117700885537, 'k2': 1.915468390724633e-05, 'D_high': 1024.9816559563214, 'fire_exp': 1.0881360604103363, 'P_half': 16.051347487097576, 'pre_dampen_half': 502.5175192217655, 'gpp_af': 0.0025386125063826667, 'gpp_b': 0.00012118589392553798, 'gpp_d': 2.8006820077310213, 'ign_k': 3.0409816628297026, 'ign_c': 0.11650681118986138, 'trop_agb_crit': 24.584290528289387, 'trop_k_veg': 2.8224577471047865, 'fuel_k': 4.680936683972861, 'fuel_half': 0.6370755274604819}.
[I 2026-06-11 01:02:55,131] Trial 687 finished with values: [-0.5272428366694907, 0.6085472239486837] and parameters: {'k1': 0.05233480488540085, 'D_low': 1.4045842344024697, 'k2': 1.127217425995114e-05, 'D_high': 1024.9816559563214, 'fire_exp': 1.0629462657398439, 'P_half': 220.3445560633069, 'pre_dampen_half': 502.5175192217655, 'gpp_af': 0.10349059737742376, 'gpp_b': 0.00012118589392553798, 'gpp_d': 12.324765692041675, 'ign_k': 0.5131654955148326, 'ign_c': 15.221840161091626, 'trop_agb_crit': 12.324775650896964, 'trop_k_veg': 1.4584243470991722, 'fuel_k': 0.05597555634027867, 'fuel_half': 15.29850686893745}.
[I 2026-06-11 01:02:56,481] Trial 688 finished with values: [-0.8351518712370116, 0.24775221346750764] and parameters: {'k1': 0.09738633019266786, 'D_low': 98.98117700885537, 'k2': 0.011469197890812934, 'D_high': 1390.2686711035008, 'fire_exp': 1.0881360604103363, 'P_half': 220.3445560633069, 'pre_dampen_half': 502.5175192217655, 'gpp_af': 0.015769192447197523, 'gpp_b': 3.228689523591491e-05, 'gpp_d': 2.8006820077310213, 'ign_k': 8.761971101023693, 'ign_c': 0.11650681118986138, 'trop_agb_crit': 6.1198430581046965, 'trop_k_veg': 4.599337386928772, 'fuel_k': 4.680936683972861, 'fuel_half': 10.06119804781128}.
[I 2026-06-11 01:02:57,884] Trial 689 finished with values: [10.769230769178105, 10.769230769178105] and parameters: {'k1': 4.944223106753944e-05, 'D_low': 5.59983195169599, 'k2': 0.0027431991397796683, 'D_high': 89263.11370835223, 'fire_exp': 1.1258453832483524, 'P_half': 602.2882014304706, 'pre_dampen_half': 502.5175192217655, 'gpp_af': 0.05376487404131282, 'gpp_b': 0.0002637687576667052, 'gpp_d': 2.8006820077310213, 'ign_k': 3.0409816628297026, 'ign_c': 798.8050530300033, 'trop_agb_crit': 19.28597237496244, 'trop_k_veg': 0.5772603928610088, 'fuel_k': 0.04572914063536324, 'fuel_half': 15.29850686893745}.
[I 2026-06-11 01:02:59,244] Trial 690 finished with values: [10.01238269591428, 10.01238269591428] and parameters: {'k1': 0.003663433473924883, 'D_low': 2.4361599465623285, 'k2': 0.0027431991397796683, 'D_high': 1024.9816559563214, 'fire_exp': 1.1258453832483524, 'P_half': 13.019246714361572, 'pre_dampen_half': 502.5175192217655, 'gpp_af': 0.7539992074650279, 'gpp_b': 7.402343469704428e-05, 'gpp_d': 2.8006820077310213, 'ign_k': 8.761971101023693, 'ign_c': 15.221840161091626, 'trop_agb_crit': 9.836162684900028, 'trop_k_veg': 0.5772603928610088, 'fuel_k': 0.05597555634027867, 'fuel_half': 15.29850686893745}.
[I 2026-06-11 01:03:00,589] Trial 691 finished with values: [-0.5813809115041915, 0.21455235466968015] and parameters: {'k1': 0.00013783578294796384, 'D_low': 4.484744524732794, 'k2': 0.0027431991397796683, 'D_high': 1024.9816559563214, 'fire_exp': 1.1258453832483524, 'P_half': 16.051347487097576, 'pre_dampen_half': 502.5175192217655, 'gpp_af': 0.005618069878716736, 'gpp_b': 1.7565109007473816e-05, 'gpp_d': 9.004606022643067, 'ign_k': 8.761971101023693, 'ign_c': 0.9294394155644988, 'trop_agb_crit': 24.584290528289387, 'trop_k_veg': 1.4584243470991722, 'fuel_k': 0.09252659617259135, 'fuel_half': 2.9236782115513154}.
[I 2026-06-11 01:03:01,881] Trial 692 finished with values: [-0.5821717879849007, 0.5899573258974224] and parameters: {'k1': 0.004312951023617458, 'D_low': 1.4045842344024697, 'k2': 1.915468390724633e-05, 'D_high': 204.16881527138202, 'fire_exp': 1.0114396646447246, 'P_half': 16.051347487097576, 'pre_dampen_half': 502.5175192217655, 'gpp_af': 0.005618069878716736, 'gpp_b': 7.402343469704428e-05, 'gpp_d': 2.8006820077310213, 'ign_k': 8.761971101023693, 'ign_c': 15.221840161091626, 'trop_agb_crit': 9.836162684900028, 'trop_k_veg': 1.140286245977296, 'fuel_k': 0.09687984402504125, 'fuel_half': 2.9236782115513154}.
[I 2026-06-11 01:03:03,210] Trial 693 finished with values: [10.340261309707271, 10.340261309707271] and parameters: {'k1': 0.00013783578294796384, 'D_low': 1949.4955785090488, 'k2': 0.0007081721844034209, 'D_high': 89263.11370835223, 'fire_exp': 2.2703704516008885, 'P_half': 38.82837025280678, 'pre_dampen_half': 36.876350096203005, 'gpp_af': 0.005618069878716736, 'gpp_b': 3.228689523591491e-05, 'gpp_d': 302.3127748796293, 'ign_k': 4.591485216740537, 'ign_c': 6.390695092073219, 'trop_agb_crit': 1.2440687631821843, 'trop_k_veg': 4.1309639246402785, 'fuel_k': 3.6992394681929337, 'fuel_half': 0.12399445060149628}.
[I 2026-06-11 01:03:04,921] Trial 694 finished with values: [10.767760234370442, 10.767760234370442] and parameters: {'k1': 0.004312951023617458, 'D_low': 4.484744524732794, 'k2': 1.915468390724633e-05, 'D_high': 3712.591045287726, 'fire_exp': 1.0881360604103363, 'P_half': 16.051347487097576, 'pre_dampen_half': 518.2609891091987, 'gpp_af': 0.004598575950307868, 'gpp_b': 1.4862329780204044, 'gpp_d': 314.6826989726468, 'ign_k': 3.0409816628297026, 'ign_c': 0.11650681118986138, 'trop_agb_crit': 24.584290528289387, 'trop_k_veg': 2.8224577471047865, 'fuel_k': 1.8645619680420142, 'fuel_half': 52.00581729114123}.
[I 2026-06-11 01:03:06,346] Trial 695 finished with values: [10.769230769178105, 10.769230769178105] and parameters: {'k1': 0.09738633019266786, 'D_low': 575.4658592592074, 'k2': 6.364067167735477e-05, 'D_high': 1024.9816559563214, 'fire_exp': 1.0881360604103363, 'P_half': 13.019246714361572, 'pre_dampen_half': 347.79988160923324, 'gpp_af': 0.004385018674829579, 'gpp_b': 0.011750724729953272, 'gpp_d': 4.776815004752158, 'ign_k': 4.591485216740537, 'ign_c': 490.9403886223242, 'trop_agb_crit': 5.707205898008383, 'trop_k_veg': 1.9295275931941316, 'fuel_k': 3.6992394681929337, 'fuel_half': 15.29850686893745}.
[I 2026-06-11 01:03:07,673] Trial 696 finished with values: [-0.4339411897875759, 0.8793530187548397] and parameters: {'k1': 0.0026607970538371477, 'D_low': 575.4658592592074, 'k2': 6.364067167735477e-05, 'D_high': 11461.440484920231, 'fire_exp': 1.0881360604103363, 'P_half': 16.051347487097576, 'pre_dampen_half': 502.5175192217655, 'gpp_af': 0.326288637536534, 'gpp_b': 0.00011195197602511399, 'gpp_d': 314.6826989726468, 'ign_k': 4.591485216740537, 'ign_c': 0.11650681118986138, 'trop_agb_crit': 24.584290528289387, 'trop_k_veg': 1.140286245977296, 'fuel_k': 0.09252659617259135, 'fuel_half': 52.00581729114123}.
[I 2026-06-11 01:03:09,172] Trial 697 finished with values: [10.42188151015498, 10.42188151015498] and parameters: {'k1': 0.00013783578294796384, 'D_low': 92.55037589041179, 'k2': 1.915468390724633e-05, 'D_high': 1023.9159443463304, 'fire_exp': 1.2310899049053081, 'P_half': 16.051347487097576, 'pre_dampen_half': 502.5175192217655, 'gpp_af': 0.015769192447197523, 'gpp_b': 7.402343469704428e-05, 'gpp_d': 2.8006820077310213, 'ign_k': 8.761971101023693, 'ign_c': 3.9323495083117734, 'trop_agb_crit': 1.2440687631821843, 'trop_k_veg': 0.5772603928610088, 'fuel_k': 0.025506395489012103, 'fuel_half': 1.2664943797139752}.
[I 2026-06-11 01:03:10,563] Trial 698 finished with values: [10.179255438485717, 10.179255438485717] and parameters: {'k1': 0.00013783578294796384, 'D_low': 2.4361599465623285, 'k2': 1.915468390724633e-05, 'D_high': 1024.9816559563214, 'fire_exp': 1.2310899049053081, 'P_half': 16.051347487097576, 'pre_dampen_half': 502.5175192217655, 'gpp_af': 0.7539992074650279, 'gpp_b': 7.402343469704428e-05, 'gpp_d': 16.460426816350523, 'ign_k': 8.761971101023693, 'ign_c': 15.221840161091626, 'trop_agb_crit': 5.707205898008383, 'trop_k_veg': 4.1309639246402785, 'fuel_k': 0.05597555634027867, 'fuel_half': 15.29850686893745}.
[I 2026-06-11 01:03:11,987] Trial 699 finished with values: [10.285971029420606, 10.285971029420606] and parameters: {'k1': 0.00013783578294796384, 'D_low': 338.23872019362165, 'k2': 0.0027431991397796683, 'D_high': 204.16881527138202, 'fire_exp': 1.2310899049053081, 'P_half': 3.079212464127044, 'pre_dampen_half': 347.79988160923324, 'gpp_af': 0.00219210598059826, 'gpp_b': 7.402343469704428e-05, 'gpp_d': 2.8006820077310213, 'ign_k': 4.591485216740537, 'ign_c': 0.9294394155644988, 'trop_agb_crit': 1.0917603465078451, 'trop_k_veg': 4.1309639246402785, 'fuel_k': 3.6992394681929337, 'fuel_half': 0.6370755274604819}.
