[I 2026-06-10 19:58:46,207] Trial 377 finished with values: [10.766004400383496, 10.766004400383496] and parameters: {'k1': 0.00023134781612225627, 'D_low': 2186.356344942016, 'k2': 0.00020222983754231334, 'D_high': 1266.9536563782303, 'fire_exp': 1.811096651915224, 'P_half': 51.10120656497163, 'pre_dampen_half': 121.93011993958949, 'gpp_af': 0.3877557234566633, 'gpp_b': 0.015062722325200045, 'gpp_d': 0.1619054449471649, 'ign_k': 0.002357279455676982, 'ign_c': 388.02797007866826, 'trop_agb_crit': 21.380932890222198, 'trop_k_veg': 2.8926781829782864, 'fire_amp': 5.416595007374148}.
[I 2026-06-10 19:58:47,503] Trial 378 finished with values: [10.787935532997327, 10.787935532997327] and parameters: {'k1': 0.00026539376439360527, 'D_low': 408.3047491580097, 'k2': 7.639737756882014e-05, 'D_high': 22.46290894032395, 'fire_exp': 2.241955206082364, 'P_half': 12.262543158860007, 'pre_dampen_half': 189.88136301569827, 'gpp_af': 14.161176080022173, 'gpp_b': 0.12105864607844925, 'gpp_d': 21.899070557043984, 'ign_k': 0.09256855841989636, 'ign_c': 7.832259769732471, 'trop_agb_crit': 1.8023542850487386, 'trop_k_veg': 1.6648666152166967, 'fire_amp': 1.0759744651553196}.
[I 2026-06-10 19:58:49,010] Trial 379 finished with values: [11.434888324856647, 11.434888324856647] and parameters: {'k1': 0.00026539376439360527, 'D_low': 236.79352040223893, 'k2': 1.1417577140741129e-05, 'D_high': 24.9899605789089, 'fire_exp': 1.2060040899560858, 'P_half': 12.262543158860007, 'pre_dampen_half': 189.88136301569827, 'gpp_af': 3.030008727251782, 'gpp_b': 0.002416023630607169, 'gpp_d': 21.899070557043984, 'ign_k': 0.0032383308053152635, 'ign_c': 0.13577269394141456, 'trop_agb_crit': 1.3063813396521713, 'trop_k_veg': 6.963655030926962, 'fire_amp': 2.042193818779288}.
[I 2026-06-10 19:58:50,465] Trial 380 finished with values: [10.65235983158525, 10.65235983158525] and parameters: {'k1': 0.00038698408508416947, 'D_low': 408.3047491580097, 'k2': 0.0002442377596403892, 'D_high': 8912.611835817017, 'fire_exp': 1.5191397119156032, 'P_half': 157.80309954142965, 'pre_dampen_half': 9.044346216330972, 'gpp_af': 0.10098504976210308, 'gpp_b': 0.004411400434514031, 'gpp_d': 0.4742269251269962, 'ign_k': 0.00660597889201953, 'ign_c': 14.709699119495124, 'trop_agb_crit': 2.1989086830950257, 'trop_k_veg': 5.453348988480011, 'fire_amp': 3.1045399027418377}.
[I 2026-06-10 19:58:52,059] Trial 381 finished with values: [10.757306472510072, 10.757306472510072] and parameters: {'k1': 0.0003445931091927334, 'D_low': 2186.356344942016, 'k2': 3.395181659255642e-05, 'D_high': 21.356209987689077, 'fire_exp': 1.111738490499784, 'P_half': 12.262543158860007, 'pre_dampen_half': 6.881834772031151, 'gpp_af': 0.060029341913968644, 'gpp_b': 1.4008921101492135e-05, 'gpp_d': 21.899070557043984, 'ign_k': 0.09256855841989636, 'ign_c': 22.126836566118193, 'trop_agb_crit': 1.8023542850487386, 'trop_k_veg': 1.6648666152166967, 'fire_amp': 1.0759744651553196}.
[I 2026-06-10 19:58:53,431] Trial 382 finished with values: [10.753020999289152, 10.753020999289152] and parameters: {'k1': 5.178197947282869e-05, 'D_low': 408.3047491580097, 'k2': 0.0002442377596403892, 'D_high': 1266.9536563782303, 'fire_exp': 1.7505406131449859, 'P_half': 7.914423612155368, 'pre_dampen_half': 28.01075698398644, 'gpp_af': 37.28155624293858, 'gpp_b': 0.004411400434514031, 'gpp_d': 7.631016235941559, 'ign_k': 0.09256855841989636, 'ign_c': 14.709699119495124, 'trop_agb_crit': 21.086120736447015, 'trop_k_veg': 5.453348988480011, 'fire_amp': 3.1045399027418377}.
[I 2026-06-10 19:58:54,742] Trial 383 finished with values: [10.547603175071291, 10.547603175071291] and parameters: {'k1': 0.0002418422795847161, 'D_low': 148.21691630007544, 'k2': 0.0001870742013766025, 'D_high': 1817.0401889219124, 'fire_exp': 1.5191397119156032, 'P_half': 3.591771421517613, 'pre_dampen_half': 9.044346216330972, 'gpp_af': 0.9219336658511308, 'gpp_b': 0.001674375583895437, 'gpp_d': 1.4397852866783676, 'ign_k': 0.002357279455676982, 'ign_c': 1.364908766641693, 'trop_agb_crit': 12.9667438075127, 'trop_k_veg': 2.99731137426955, 'fire_amp': 2.7806853670293616}.
[I 2026-06-10 19:58:56,799] Trial 384 finished with values: [10.013086934555524, 10.013086934555524] and parameters: {'k1': 5.7909642338812115e-05, 'D_low': 1593.4806585556198, 'k2': 0.019383858782150494, 'D_high': 6682.9607218310075, 'fire_exp': 1.1633452995374232, 'P_half': 318.834644588275, 'pre_dampen_half': 121.93011993958949, 'gpp_af': 27.78052183438328, 'gpp_b': 0.001674375583895437, 'gpp_d': 0.1619054449471649, 'ign_k': 0.002357279455676982, 'ign_c': 0.4177928311636542, 'trop_agb_crit': 12.9667438075127, 'trop_k_veg': 5.453348988480011, 'fire_amp': 2.6192385880432525}.
[I 2026-06-10 19:58:58,847] Trial 385 finished with values: [10.755195441023826, 10.755195441023826] and parameters: {'k1': 6.318310680434653e-05, 'D_low': 4.676601116802034, 'k2': 0.019383858782150494, 'D_high': 32311.521854410956, 'fire_exp': 1.811096651915224, 'P_half': 5.4712187293420325, 'pre_dampen_half': 4.847666216751353, 'gpp_af': 0.2204465010099918, 'gpp_b': 0.00031478066835753096, 'gpp_d': 1.6963424566071992, 'ign_k': 0.0029519227433917453, 'ign_c': 0.10435856341129002, 'trop_agb_crit': 12.9667438075127, 'trop_k_veg': 2.99731137426955, 'fire_amp': 1.2060618932559806}.
[I 2026-06-10 19:59:00,362] Trial 386 finished with values: [10.752875550066914, 10.752875550066914] and parameters: {'k1': 9.132348475718357e-05, 'D_low': 2267.735223551285, 'k2': 0.0002442377596403892, 'D_high': 8912.611835817017, 'fire_exp': 1.1633452995374232, 'P_half': 5.4712187293420325, 'pre_dampen_half': 121.93011993958949, 'gpp_af': 0.005061568304359487, 'gpp_b': 0.00031478066835753096, 'gpp_d': 1.0088237648985734, 'ign_k': 0.17320535908244444, 'ign_c': 35.133466168692735, 'trop_agb_crit': 3.108985631683375, 'trop_k_veg': 5.453348988480011, 'fire_amp': 2.6192385880432525}.
[I 2026-06-10 19:59:01,809] Trial 387 finished with values: [10.66186278615413, 10.66186278615413] and parameters: {'k1': 5.178197947282869e-05, 'D_low': 236.79352040223893, 'k2': 1.1417577140741129e-05, 'D_high': 83.14160873549643, 'fire_exp': 1.4690410989404576, 'P_half': 1.4551749476072258, 'pre_dampen_half': 121.93011993958949, 'gpp_af': 0.10098504976210308, 'gpp_b': 5.0875243087016374e-05, 'gpp_d': 545.0253444559129, 'ign_k': 0.002357279455676982, 'ign_c': 1.9423015749984096, 'trop_agb_crit': 2.100813292597435, 'trop_k_veg': 6.963655030926962, 'fire_amp': 2.7806853670293616}.
[I 2026-06-10 19:59:03,312] Trial 388 finished with values: [10.386609680255729, 10.386609680255729] and parameters: {'k1': 5.7909642338812115e-05, 'D_low': 669.7348618512094, 'k2': 0.0007731571570012607, 'D_high': 8912.611835817017, 'fire_exp': 1.1633452995374232, 'P_half': 3.591771421517613, 'pre_dampen_half': 4.847666216751353, 'gpp_af': 0.9219336658511308, 'gpp_b': 0.001674375583895437, 'gpp_d': 304.7488318185732, 'ign_k': 0.0032383308053152635, 'ign_c': 14.709699119495124, 'trop_agb_crit': 2.0527418919564324, 'trop_k_veg': 5.453348988480011, 'fire_amp': 1.0759744651553196}.
[I 2026-06-10 19:59:04,779] Trial 389 finished with values: [10.128921873505357, 10.128921873505357] and parameters: {'k1': 0.00023134781612225627, 'D_low': 1.3376564232104105, 'k2': 0.0001280886335404798, 'D_high': 32311.521854410956, 'fire_exp': 1.1633452995374232, 'P_half': 5.4712187293420325, 'pre_dampen_half': 4.847666216751353, 'gpp_af': 14.161176080022173, 'gpp_b': 0.001674375583895437, 'gpp_d': 0.1619054449471649, 'ign_k': 0.002357279455676982, 'ign_c': 1.4879588507789996, 'trop_agb_crit': 19.102873436429586, 'trop_k_veg': 5.453348988480011, 'fire_amp': 2.7806853670293616}.
[I 2026-06-10 19:59:06,351] Trial 390 finished with values: [10.256611524971866, 10.256611524971866] and parameters: {'k1': 0.00023134781612225627, 'D_low': 236.79352040223893, 'k2': 0.019383858782150494, 'D_high': 32311.521854410956, 'fire_exp': 1.2060040899560858, 'P_half': 5.4712187293420325, 'pre_dampen_half': 4.847666216751353, 'gpp_af': 2.5017068255320485, 'gpp_b': 0.00031478066835753096, 'gpp_d': 479.80109106752894, 'ign_k': 0.002357279455676982, 'ign_c': 7.081721844034206, 'trop_agb_crit': 2.100813292597435, 'trop_k_veg': 0.5535297685306277, 'fire_amp': 2.7806853670293616}.
[I 2026-06-10 19:59:07,802] Trial 391 finished with values: [10.715377663515593, 10.715377663515593] and parameters: {'k1': 5.7909642338812115e-05, 'D_low': 408.3047491580097, 'k2': 0.0007731571570012607, 'D_high': 24.9899605789089, 'fire_exp': 1.7505406131449859, 'P_half': 12.262543158860007, 'pre_dampen_half': 9.044346216330972, 'gpp_af': 3.030008727251782, 'gpp_b': 2.050348580570328e-05, 'gpp_d': 21.899070557043984, 'ign_k': 0.0032383308053152635, 'ign_c': 1.364908766641693, 'trop_agb_crit': 1.8023542850487386, 'trop_k_veg': 5.453348988480011, 'fire_amp': 2.6192385880432525}.
[I 2026-06-10 19:59:09,186] Trial 392 finished with values: [10.828622004632473, 10.828622004632473] and parameters: {'k1': 0.03648456083047798, 'D_low': 146.28013120517718, 'k2': 1.1417577140741129e-05, 'D_high': 83.14160873549643, 'fire_exp': 5.117531439790398, 'P_half': 61.6097529474144, 'pre_dampen_half': 189.36639872354493, 'gpp_af': 0.060029341913968644, 'gpp_b': 1.4008921101492135e-05, 'gpp_d': 1.4397852866783676, 'ign_k': 0.002357279455676982, 'ign_c': 1.364908766641693, 'trop_agb_crit': 1.8023542850487386, 'trop_k_veg': 5.593985425286908, 'fire_amp': 2.7806853670293616}.
[I 2026-06-10 19:59:10,555] Trial 393 finished with values: [10.778150017449807, 10.778150017449807] and parameters: {'k1': 9.132348475718357e-05, 'D_low': 2186.356344942016, 'k2': 0.0001280886335404798, 'D_high': 20103.283734409175, 'fire_exp': 1.811096651915224, 'P_half': 3.591771421517613, 'pre_dampen_half': 121.93011993958949, 'gpp_af': 0.060029341913968644, 'gpp_b': 5.0875243087016374e-05, 'gpp_d': 37.19072637334467, 'ign_k': 0.9419612235978201, 'ign_c': 22.126836566118193, 'trop_agb_crit': 1.8023542850487386, 'trop_k_veg': 4.61686111043599, 'fire_amp': 1.4475279918261055}.
[I 2026-06-10 19:59:12,016] Trial 394 finished with values: [11.048851330813065, 11.048851330813065] and parameters: {'k1': 5.7909642338812115e-05, 'D_low': 1593.4806585556198, 'k2': 0.0001870742013766025, 'D_high': 1817.0401889219124, 'fire_exp': 1.1633452995374232, 'P_half': 51.10120656497163, 'pre_dampen_half': 121.93011993958949, 'gpp_af': 0.5970408652384318, 'gpp_b': 0.0010881810414580882, 'gpp_d': 0.4742269251269962, 'ign_k': 0.002357279455676982, 'ign_c': 0.4177928311636542, 'trop_agb_crit': 12.9667438075127, 'trop_k_veg': 2.8926781829782864, 'fire_amp': 2.6192385880432525}.
[I 2026-06-10 19:59:13,962] Trial 395 finished with values: [10.813584286537587, 10.813584286537587] and parameters: {'k1': 0.03648456083047798, 'D_low': 236.79352040223893, 'k2': 0.019383858782150494, 'D_high': 83.14160873549643, 'fire_exp': 1.2060040899560858, 'P_half': 2.226799690893868, 'pre_dampen_half': 189.36639872354493, 'gpp_af': 0.060029341913968644, 'gpp_b': 0.005916090676703775, 'gpp_d': 1.4397852866783676, 'ign_k': 0.002357279455676982, 'ign_c': 1.9423015749984096, 'trop_agb_crit': 2.100813292597435, 'trop_k_veg': 4.787592810917961, 'fire_amp': 2.7806853670293616}.
[I 2026-06-10 19:59:15,416] Trial 396 finished with values: [10.250850659755839, 10.250850659755839] and parameters: {'k1': 0.0869690639641868, 'D_low': 148.21691630007544, 'k2': 2.091507303847255e-05, 'D_high': 1817.0401889219124, 'fire_exp': 1.5191397119156032, 'P_half': 3.591771421517613, 'pre_dampen_half': 9.044346216330972, 'gpp_af': 0.9219336658511308, 'gpp_b': 2.1309331861011757e-05, 'gpp_d': 304.7488318185732, 'ign_k': 0.004105873950290761, 'ign_c': 1.364908766641693, 'trop_agb_crit': 5.588032458772675, 'trop_k_veg': 5.453348988480011, 'fire_amp': 5.44779717154213}.
[I 2026-06-10 19:59:16,790] Trial 397 finished with values: [10.542431807849855, 10.542431807849855] and parameters: {'k1': 9.132348475718357e-05, 'D_low': 148.21691630007544, 'k2': 0.0001870742013766025, 'D_high': 1817.0401889219124, 'fire_exp': 1.5191397119156032, 'P_half': 51.10120656497163, 'pre_dampen_half': 9.044346216330972, 'gpp_af': 0.5970408652384318, 'gpp_b': 0.00031478066835753096, 'gpp_d': 1.0088237648985734, 'ign_k': 0.0032383308053152635, 'ign_c': 22.126836566118193, 'trop_agb_crit': 2.100813292597435, 'trop_k_veg': 5.453348988480011, 'fire_amp': 3.1045399027418377}.
[I 2026-06-10 19:59:18,271] Trial 398 finished with values: [10.724894461523458, 10.724894461523458] and parameters: {'k1': 0.0869690639641868, 'D_low': 148.21691630007544, 'k2': 1.1417577140741129e-05, 'D_high': 32311.521854410956, 'fire_exp': 1.5191397119156032, 'P_half': 157.80309954142965, 'pre_dampen_half': 9.044346216330972, 'gpp_af': 0.10098504976210308, 'gpp_b': 0.05314875633348467, 'gpp_d': 21.899070557043984, 'ign_k': 3.7954792742512957, 'ign_c': 1.4879588507789996, 'trop_agb_crit': 1.1683326952092081, 'trop_k_veg': 2.724170387400844, 'fire_amp': 2.042193818779288}.
[I 2026-06-10 19:59:19,879] Trial 399 finished with values: [10.83333014708049, 10.83333014708049] and parameters: {'k1': 9.132348475718357e-05, 'D_low': 2186.356344942016, 'k2': 0.019383858782150494, 'D_high': 6682.9607218310075, 'fire_exp': 3.528518316173592, 'P_half': 1858.6220273069061, 'pre_dampen_half': 4.847666216751353, 'gpp_af': 0.10098504976210308, 'gpp_b': 2.1309331861011757e-05, 'gpp_d': 545.0253444559129, 'ign_k': 0.06445745262301897, 'ign_c': 0.10435856341129002, 'trop_agb_crit': 12.9667438075127, 'trop_k_veg': 1.6648666152166967, 'fire_amp': 3.1045399027418377}.
[I 2026-06-10 19:59:21,592] Trial 400 finished with values: [10.044004827219931, 10.044004827219931] and parameters: {'k1': 0.00023134781612225627, 'D_low': 1.7551403048208316, 'k2': 1.1417577140741129e-05, 'D_high': 32311.521854410956, 'fire_exp': 1.7505406131449859, 'P_half': 7.914423612155368, 'pre_dampen_half': 121.93011993958949, 'gpp_af': 6.384685545228285, 'gpp_b': 0.00031478066835753096, 'gpp_d': 21.899070557043984, 'ign_k': 0.002357279455676982, 'ign_c': 29.690870944846793, 'trop_agb_crit': 12.708819454040446, 'trop_k_veg': 2.9779319378885387, 'fire_amp': 1.5719333351012774}.
[I 2026-06-10 19:59:23,013] Trial 401 finished with values: [10.16102708663384, 10.16102708663384] and parameters: {'k1': 5.178197947282869e-05, 'D_low': 408.3047491580097, 'k2': 0.0002442377596403892, 'D_high': 32311.521854410956, 'fire_exp': 1.811096651915224, 'P_half': 5.4712187293420325, 'pre_dampen_half': 121.93011993958949, 'gpp_af': 0.007531064950403672, 'gpp_b': 0.0004360709560327289, 'gpp_d': 0.1619054449471649, 'ign_k': 0.00660597889201953, 'ign_c': 14.709699119495124, 'trop_agb_crit': 21.086120736447015, 'trop_k_veg': 5.453348988480011, 'fire_amp': 1.5719333351012774}.
[I 2026-06-10 19:59:24,364] Trial 402 finished with values: [15.764531235993609, 15.764531235993609] and parameters: {'k1': 5.7909642338812115e-05, 'D_low': 2186.356344942016, 'k2': 0.0007731571570012607, 'D_high': 48235.58283024493, 'fire_exp': 1.1633452995374232, 'P_half': 12.262543158860007, 'pre_dampen_half': 121.93011993958949, 'gpp_af': 0.035629505481532577, 'gpp_b': 5.0875243087016374e-05, 'gpp_d': 0.47379914349407487, 'ign_k': 0.17320535908244444, 'ign_c': 0.4177928311636542, 'trop_agb_crit': 1.8023542850487386, 'trop_k_veg': 0.7808079158649266, 'fire_amp': 2.6192385880432525}.
[I 2026-06-10 19:59:26,086] Trial 403 finished with values: [10.153135986929417, 10.153135986929417] and parameters: {'k1': 0.0009898117700885534, 'D_low': 2.843767489444367, 'k2': 0.08661811390647982, 'D_high': 27.55546207779663, 'fire_exp': 1.111738490499784, 'P_half': 84.3508388778244, 'pre_dampen_half': 189.36639872354493, 'gpp_af': 20.12115544906385, 'gpp_b': 0.006999112505425414, 'gpp_d': 7.631016235941559, 'ign_k': 0.004105873950290761, 'ign_c': 22.126836566118193, 'trop_agb_crit': 1.8023542850487386, 'trop_k_veg': 0.6618107836658104, 'fire_amp': 1.4475279918261055}.
[I 2026-06-10 19:59:27,768] Trial 404 finished with values: [10.379352641325033, 10.379352641325033] and parameters: {'k1': 9.132348475718357e-05, 'D_low': 1074.940539517341, 'k2': 7.639737756882014e-05, 'D_high': 1817.0401889219124, 'fire_exp': 1.111738490499784, 'P_half': 12.262543158860007, 'pre_dampen_half': 121.93011993958949, 'gpp_af': 14.161176080022173, 'gpp_b': 0.12105864607844925, 'gpp_d': 545.0253444559129, 'ign_k': 0.004105873950290761, 'ign_c': 342.8810943862522, 'trop_agb_crit': 1.8023542850487386, 'trop_k_veg': 1.6648666152166967, 'fire_amp': 1.0759744651553196}.
[I 2026-06-10 19:59:29,466] Trial 405 finished with values: [10.889954772503154, 10.889954772503154] and parameters: {'k1': 0.0012752949611679993, 'D_low': 2267.735223551285, 'k2': 0.019383858782150494, 'D_high': 8440.303958079088, 'fire_exp': 1.1633452995374232, 'P_half': 3.591771421517613, 'pre_dampen_half': 121.93011993958949, 'gpp_af': 0.9219336658511308, 'gpp_b': 0.001674375583895437, 'gpp_d': 304.7488318185732, 'ign_k': 0.002357279455676982, 'ign_c': 1.364908766641693, 'trop_agb_crit': 12.9667438075127, 'trop_k_veg': 2.99731137426955, 'fire_amp': 2.7806853670293616}.
[I 2026-06-10 19:59:31,123] Trial 406 finished with values: [10.882898702867708, 10.882898702867708] and parameters: {'k1': 0.0869690639641868, 'D_low': 148.21691630007544, 'k2': 0.019383858782150494, 'D_high': 1817.0401889219124, 'fire_exp': 1.5191397119156032, 'P_half': 51.10120656497163, 'pre_dampen_half': 9.044346216330972, 'gpp_af': 0.5970408652384318, 'gpp_b': 2.1309331861011757e-05, 'gpp_d': 1.4397852866783676, 'ign_k': 0.0032383308053152635, 'ign_c': 22.126836566118193, 'trop_agb_crit': 12.9667438075127, 'trop_k_veg': 2.8926781829782864, 'fire_amp': 5.44779717154213}.
[I 2026-06-10 19:59:32,581] Trial 407 finished with values: [10.12573395917717, 10.12573395917717] and parameters: {'k1': 0.0003445931091927334, 'D_low': 2186.356344942016, 'k2': 0.08661811390647982, 'D_high': 1817.0401889219124, 'fire_exp': 1.111738490499784, 'P_half': 1.4551749476072258, 'pre_dampen_half': 8.259599205585761, 'gpp_af': 0.10098504976210308, 'gpp_b': 5.0875243087016374e-05, 'gpp_d': 545.0253444559129, 'ign_k': 0.004105873950290761, 'ign_c': 22.126836566118193, 'trop_agb_crit': 1.8023542850487386, 'trop_k_veg': 1.6648666152166967, 'fire_amp': 1.4475279918261055}.
[I 2026-06-10 19:59:34,192] Trial 408 finished with values: [10.833309055995027, 10.833309055995027] and parameters: {'k1': 5.178197947282869e-05, 'D_low': 408.3047491580097, 'k2': 1.1417577140741129e-05, 'D_high': 6682.9607218310075, 'fire_exp': 1.7505406131449859, 'P_half': 7.914423612155368, 'pre_dampen_half': 0.025594692142876057, 'gpp_af': 3.030008727251782, 'gpp_b': 0.00031478066835753096, 'gpp_d': 21.899070557043984, 'ign_k': 0.00660597889201953, 'ign_c': 29.690870944846793, 'trop_agb_crit': 2.100813292597435, 'trop_k_veg': 0.5183533149347164, 'fire_amp': 2.042193818779288}.
[I 2026-06-10 19:59:35,820] Trial 409 finished with values: [10.636588533255546, 10.636588533255546] and parameters: {'k1': 9.132348475718357e-05, 'D_low': 1.7551403048208316, 'k2': 0.0001280886335404798, 'D_high': 32311.521854410956, 'fire_exp': 1.4690410989404576, 'P_half': 12.262543158860007, 'pre_dampen_half': 220.35141300841897, 'gpp_af': 0.005061568304359487, 'gpp_b': 0.00031478066835753096, 'gpp_d': 0.030844007727232167, 'ign_k': 0.002357279455676982, 'ign_c': 1.9423015749984096, 'trop_agb_crit': 2.100813292597435, 'trop_k_veg': 5.636143940068465, 'fire_amp': 2.042193818779288}.
[I 2026-06-10 19:59:37,558] Trial 410 finished with values: [10.437927110036203, 10.437927110036203] and parameters: {'k1': 9.132348475718357e-05, 'D_low': 1.7551403048208316, 'k2': 0.0001280886335404798, 'D_high': 32311.521854410956, 'fire_exp': 1.6901885781909627, 'P_half': 5.4712187293420325, 'pre_dampen_half': 123.04779330083686, 'gpp_af': 20.12115544906385, 'gpp_b': 2.1309331861011757e-05, 'gpp_d': 20.81401325574021, 'ign_k': 1.6270983114897255, 'ign_c': 7.081721844034206, 'trop_agb_crit': 12.708819454040446, 'trop_k_veg': 0.5535297685306277, 'fire_amp': 1.5719333351012774}.
[I 2026-06-10 19:59:39,001] Trial 411 finished with values: [10.439089449425792, 10.439089449425792] and parameters: {'k1': 0.00023134781612225627, 'D_low': 2186.356344942016, 'k2': 0.08661811390647982, 'D_high': 1817.0401889219124, 'fire_exp': 1.1490848108902036, 'P_half': 157.80309954142965, 'pre_dampen_half': 8.259599205585761, 'gpp_af': 0.10098504976210308, 'gpp_b': 5.0875243087016374e-05, 'gpp_d': 0.03848886303127135, 'ign_k': 0.004105873950290761, 'ign_c': 0.9736725715035878, 'trop_agb_crit': 1.8023542850487386, 'trop_k_veg': 0.6618107836658104, 'fire_amp': 1.4475279918261055}.
[I 2026-06-10 19:59:40,359] Trial 412 finished with values: [11.931109758826699, 11.931109758826699] and parameters: {'k1': 9.132348475718357e-05, 'D_low': 4.346890702031289, 'k2': 0.002090955698118952, 'D_high': 1817.0401889219124, 'fire_exp': 1.4690410989404576, 'P_half': 157.80309954142965, 'pre_dampen_half': 220.35141300841897, 'gpp_af': 0.005061568304359487, 'gpp_b': 2.1309331861011757e-05, 'gpp_d': 0.4742269251269962, 'ign_k': 0.004105873950290761, 'ign_c': 1.9423015749984096, 'trop_agb_crit': 5.588032458772675, 'trop_k_veg': 5.636143940068465, 'fire_amp': 3.1045399027418377}.
[I 2026-06-10 19:59:41,711] Trial 413 finished with values: [-0.573082808811716, 0.10919490038693525] and parameters: {'k1': 0.030699709531122967, 'D_low': 236.79352040223893, 'k2': 7.531057256501231e-05, 'D_high': 6682.9607218310075, 'fire_exp': 1.5191397119156032, 'P_half': 157.80309954142965, 'pre_dampen_half': 9.044346216330972, 'gpp_af': 2.5017068255320485, 'gpp_b': 2.1309331861011757e-05, 'gpp_d': 304.7488318185732, 'ign_k': 0.004105873950290761, 'ign_c': 1.364908766641693, 'trop_agb_crit': 2.100813292597435, 'trop_k_veg': 2.724170387400844, 'fire_amp': 5.44779717154213}.
