[I 2026-06-10 18:00:57,020] Trial 1554 finished with values: [10.00417598216735, 10.00417598216735] and parameters: {'k1': 0.016973078532467004, 'D_low': 43.2326421037033, 'k2': 0.00014354203134578917, 'D_high': 35.136541394511, 'fire_exp': 1.4690410989404576, 'P_half': 1.4551749476072258, 'pre_dampen_half': 9.044346216330972, 'gpp_af': 1.8442252025918473, 'gpp_b': 2.800940363375676e-05, 'gpp_d': 545.0253444559129, 'ign_k': 3.965503094323014, 'ign_c': 22.126836566118193, 'trop_agb_crit': 1.5033346993841157, 'trop_k_veg': 4.796046723963646, 'fire_amp': 5.44779717154213}.
[I 2026-06-10 18:00:58,624] Trial 1555 finished with values: [10.89259562979417, 10.89259562979417] and parameters: {'k1': 0.016973078532467004, 'D_low': 43.2326421037033, 'k2': 0.0001016707987819611, 'D_high': 39841.229480136964, 'fire_exp': 1.5191397119156032, 'P_half': 8.318314747941244, 'pre_dampen_half': 0.038079812473166545, 'gpp_af': 0.10098504976210308, 'gpp_b': 5.43892379240966, 'gpp_d': 545.0253444559129, 'ign_k': 3.965503094323014, 'ign_c': 22.126836566118193, 'trop_agb_crit': 1.5033346993841157, 'trop_k_veg': 2.724170387400844, 'fire_amp': 5.44779717154213}.
[I 2026-06-10 18:00:59,970] Trial 1556 finished with values: [-0.7477685511530372, 0.11494468742054664] and parameters: {'k1': 0.028401063201780267, 'D_low': 43.2326421037033, 'k2': 0.0001016707987819611, 'D_high': 2701.5988102078472, 'fire_exp': 1.4572158037266703, 'P_half': 157.80309954142965, 'pre_dampen_half': 8.259599205585761, 'gpp_af': 0.10098504976210308, 'gpp_b': 1.1008110571039521e-05, 'gpp_d': 12.338826503601998, 'ign_k': 3.965503094323014, 'ign_c': 22.126836566118193, 'trop_agb_crit': 6.128416443551616, 'trop_k_veg': 2.724170387400844, 'fire_amp': 5.44779717154213}.
[I 2026-06-10 18:01:01,340] Trial 1557 finished with values: [10.377983035549779, 10.377983035549779] and parameters: {'k1': 0.012840669372724958, 'D_low': 43.2326421037033, 'k2': 0.0001016707987819611, 'D_high': 42210.21267871043, 'fire_exp': 2.0604720007411257, 'P_half': 118.94665366442581, 'pre_dampen_half': 9.044346216330972, 'gpp_af': 0.10098504976210308, 'gpp_b': 0.0004125336560355494, 'gpp_d': 12.151631524283598, 'ign_k': 3.965503094323014, 'ign_c': 1.4091459170104739, 'trop_agb_crit': 2.1989086830950257, 'trop_k_veg': 2.2484780838355256, 'fire_amp': 1.1202509284327942}.
[I 2026-06-10 18:01:02,761] Trial 1558 finished with values: [10.807229213625382, 10.807229213625382] and parameters: {'k1': 0.028401063201780267, 'D_low': 3577.7887096238787, 'k2': 0.0001016707987819611, 'D_high': 2427.054417940131, 'fire_exp': 1.4690410989404576, 'P_half': 157.80309954142965, 'pre_dampen_half': 8.259599205585761, 'gpp_af': 0.10098504976210308, 'gpp_b': 0.00012118589392553798, 'gpp_d': 12.338826503601998, 'ign_k': 3.965503094323014, 'ign_c': 22.126836566118193, 'trop_agb_crit': 8.188098178380693, 'trop_k_veg': 2.724170387400844, 'fire_amp': 5.44779717154213}.
[I 2026-06-10 18:01:04,158] Trial 1559 finished with values: [-0.7524674548202037, 0.10977008199561467] and parameters: {'k1': 0.028401063201780267, 'D_low': 43.2326421037033, 'k2': 0.0001016707987819611, 'D_high': 2427.054417940131, 'fire_exp': 1.5191397119156032, 'P_half': 157.80309954142965, 'pre_dampen_half': 10.344616200969803, 'gpp_af': 0.10098504976210308, 'gpp_b': 1.1008110571039521e-05, 'gpp_d': 12.338826503601998, 'ign_k': 5.276924233362289, 'ign_c': 22.126836566118193, 'trop_agb_crit': 8.188098178380693, 'trop_k_veg': 2.724170387400844, 'fire_amp': 5.44779717154213}.
[I 2026-06-10 18:01:05,680] Trial 1560 finished with values: [-0.708971487486075, 0.21281357965303693] and parameters: {'k1': 0.016973078532467004, 'D_low': 43.2326421037033, 'k2': 0.0001016707987819611, 'D_high': 35.136541394511, 'fire_exp': 1.5191397119156032, 'P_half': 8.318314747941244, 'pre_dampen_half': 5.593036834117395, 'gpp_af': 13.599933935738715, 'gpp_b': 1.1008110571039521e-05, 'gpp_d': 545.0253444559129, 'ign_k': 3.965503094323014, 'ign_c': 22.126836566118193, 'trop_agb_crit': 28.412323986638135, 'trop_k_veg': 1.1123584419475419, 'fire_amp': 5.44779717154213}.
[I 2026-06-10 18:01:07,109] Trial 1561 finished with values: [10.736059000003369, 10.736059000003369] and parameters: {'k1': 0.07119679541167405, 'D_low': 1.873653322520581, 'k2': 0.0001016707987819611, 'D_high': 8161.260265732991, 'fire_exp': 1.4690410989404576, 'P_half': 3.591771421517613, 'pre_dampen_half': 8.259599205585761, 'gpp_af': 0.8057329182285734, 'gpp_b': 0.00012118589392553798, 'gpp_d': 12.338826503601998, 'ign_k': 3.965503094323014, 'ign_c': 22.126836566118193, 'trop_agb_crit': 26.285343340052865, 'trop_k_veg': 0.5535297685306277, 'fire_amp': 5.44779717154213}.
[I 2026-06-10 18:01:08,451] Trial 1562 finished with values: [10.812963829078239, 10.812963829078239] and parameters: {'k1': 0.07119679541167405, 'D_low': 1.873653322520581, 'k2': 0.0001016707987819611, 'D_high': 8161.260265732991, 'fire_exp': 1.4690410989404576, 'P_half': 1.4551749476072258, 'pre_dampen_half': 8.259599205585761, 'gpp_af': 0.10098504976210308, 'gpp_b': 1.1008110571039521e-05, 'gpp_d': 545.0253444559129, 'ign_k': 3.965503094323014, 'ign_c': 22.126836566118193, 'trop_agb_crit': 1.5033346993841157, 'trop_k_veg': 6.172643383211297, 'fire_amp': 5.44779717154213}.
[I 2026-06-10 18:01:09,777] Trial 1563 finished with values: [-0.7216272756787936, 0.17011547702462426] and parameters: {'k1': 0.028401063201780267, 'D_low': 1.873653322520581, 'k2': 0.0001016707987819611, 'D_high': 35.136541394511, 'fire_exp': 1.5191397119156032, 'P_half': 8.318314747941244, 'pre_dampen_half': 8.259599205585761, 'gpp_af': 0.10098504976210308, 'gpp_b': 1.1008110571039521e-05, 'gpp_d': 545.0253444559129, 'ign_k': 3.965503094323014, 'ign_c': 22.126836566118193, 'trop_agb_crit': 1.5033346993841157, 'trop_k_veg': 2.724170387400844, 'fire_amp': 5.44779717154213}.
[I 2026-06-10 18:01:11,166] Trial 1564 finished with values: [10.541360980816911, 10.541360980816911] and parameters: {'k1': 0.016973078532467004, 'D_low': 24.28756508761176, 'k2': 0.0001016707987819611, 'D_high': 8161.260265732991, 'fire_exp': 1.079417250956597, 'P_half': 157.80309954142965, 'pre_dampen_half': 5.593036834117395, 'gpp_af': 0.09885838682552685, 'gpp_b': 0.00012118589392553798, 'gpp_d': 545.0253444559129, 'ign_k': 3.965503094323014, 'ign_c': 22.126836566118193, 'trop_agb_crit': 3.5874145253515306, 'trop_k_veg': 0.828441460847982, 'fire_amp': 5.44779717154213}.
[I 2026-06-10 18:01:12,772] Trial 1565 finished with values: [-0.26610992962835267, 0.23074929291582746] and parameters: {'k1': 0.028401063201780267, 'D_low': 43.2326421037033, 'k2': 0.00036134960108376936, 'D_high': 35.136541394511, 'fire_exp': 1.5191397119156032, 'P_half': 3.591771421517613, 'pre_dampen_half': 269.0845367054866, 'gpp_af': 0.10098504976210308, 'gpp_b': 1.1008110571039521e-05, 'gpp_d': 12.338826503601998, 'ign_k': 3.965503094323014, 'ign_c': 7.081721844034206, 'trop_agb_crit': 1.5033346993841157, 'trop_k_veg': 0.5535297685306277, 'fire_amp': 1.1202509284327942}.
[I 2026-06-10 18:01:15,038] Trial 1566 finished with values: [10.202442837463796, 10.202442837463796] and parameters: {'k1': 0.07119679541167405, 'D_low': 43.2326421037033, 'k2': 0.0001016707987819611, 'D_high': 8161.260265732991, 'fire_exp': 1.4690410989404576, 'P_half': 157.80309954142965, 'pre_dampen_half': 5.593036834117395, 'gpp_af': 0.10098504976210308, 'gpp_b': 0.00012118589392553798, 'gpp_d': 0.8463685627358606, 'ign_k': 3.965503094323014, 'ign_c': 18.25244373197921, 'trop_agb_crit': 1.5033346993841157, 'trop_k_veg': 6.172643383211297, 'fire_amp': 5.44779717154213}.
[I 2026-06-10 18:01:16,382] Trial 1567 finished with values: [10.016492613998848, 10.016492613998848] and parameters: {'k1': 0.028401063201780267, 'D_low': 1.873653322520581, 'k2': 0.0001016707987819611, 'D_high': 2427.054417940131, 'fire_exp': 1.4572158037266703, 'P_half': 157.80309954142965, 'pre_dampen_half': 8.259599205585761, 'gpp_af': 0.10098504976210308, 'gpp_b': 0.00012118589392553798, 'gpp_d': 12.338826503601998, 'ign_k': 3.965503094323014, 'ign_c': 22.126836566118193, 'trop_agb_crit': 1.5033346993841157, 'trop_k_veg': 6.172643383211297, 'fire_amp': 5.44779717154213}.
[I 2026-06-10 18:01:17,746] Trial 1568 finished with values: [-0.6794961258521777, 0.05771650608923473] and parameters: {'k1': 0.028401063201780267, 'D_low': 43.2326421037033, 'k2': 0.045914852167405346, 'D_high': 839.2504050877119, 'fire_exp': 1.5191397119156032, 'P_half': 3.591771421517613, 'pre_dampen_half': 269.0845367054866, 'gpp_af': 0.8057329182285734, 'gpp_b': 1.1008110571039521e-05, 'gpp_d': 12.338826503601998, 'ign_k': 3.965503094323014, 'ign_c': 22.126836566118193, 'trop_agb_crit': 3.534001063181976, 'trop_k_veg': 0.5535297685306277, 'fire_amp': 1.1202509284327942}.
[I 2026-06-10 18:01:19,195] Trial 1569 finished with values: [-0.7288526819626904, 0.1287919224829791] and parameters: {'k1': 0.016973078532467004, 'D_low': 1.873653322520581, 'k2': 0.0002299050002966706, 'D_high': 35.136541394511, 'fire_exp': 1.4690410989404576, 'P_half': 8.318314747941244, 'pre_dampen_half': 8.259599205585761, 'gpp_af': 0.5093754816476488, 'gpp_b': 1.1008110571039521e-05, 'gpp_d': 545.0253444559129, 'ign_k': 3.965503094323014, 'ign_c': 22.126836566118193, 'trop_agb_crit': 1.5033346993841157, 'trop_k_veg': 2.724170387400844, 'fire_amp': 5.44779717154213}.
[I 2026-06-10 18:01:20,770] Trial 1570 finished with values: [-0.717170381015188, 0.1817190243978044] and parameters: {'k1': 0.016973078532467004, 'D_low': 43.2326421037033, 'k2': 0.0001016707987819611, 'D_high': 35.136541394511, 'fire_exp': 1.5191397119156032, 'P_half': 1.4551749476072258, 'pre_dampen_half': 8.259599205585761, 'gpp_af': 0.10098504976210308, 'gpp_b': 1.1008110571039521e-05, 'gpp_d': 545.0253444559129, 'ign_k': 3.965503094323014, 'ign_c': 22.126836566118193, 'trop_agb_crit': 1.5033346993841157, 'trop_k_veg': 2.724170387400844, 'fire_amp': 5.44779717154213}.
[I 2026-06-10 18:01:22,193] Trial 1571 finished with values: [10.320039232721664, 10.320039232721664] and parameters: {'k1': 0.006079905434073396, 'D_low': 43.2326421037033, 'k2': 0.0001016707987819611, 'D_high': 35.136541394511, 'fire_exp': 1.5191397119156032, 'P_half': 118.94665366442581, 'pre_dampen_half': 8.259599205585761, 'gpp_af': 0.10098504976210308, 'gpp_b': 2.800940363375676e-05, 'gpp_d': 12.151631524283598, 'ign_k': 0.9892483802693092, 'ign_c': 22.126836566118193, 'trop_agb_crit': 1.5033346993841157, 'trop_k_veg': 0.7666182098652307, 'fire_amp': 5.44779717154213}.
[I 2026-06-10 18:01:23,522] Trial 1572 finished with values: [-0.7266893543021167, 0.14918903764542724] and parameters: {'k1': 0.016973078532467004, 'D_low': 1.873653322520581, 'k2': 0.0001016707987819611, 'D_high': 35.136541394511, 'fire_exp': 1.4690410989404576, 'P_half': 8.318314747941244, 'pre_dampen_half': 8.259599205585761, 'gpp_af': 0.03522602097143089, 'gpp_b': 1.1008110571039521e-05, 'gpp_d': 545.0253444559129, 'ign_k': 3.965503094323014, 'ign_c': 22.126836566118193, 'trop_agb_crit': 1.5033346993841157, 'trop_k_veg': 2.724170387400844, 'fire_amp': 5.44779717154213}.
[I 2026-06-10 18:01:24,861] Trial 1573 finished with values: [10.29357693447526, 10.29357693447526] and parameters: {'k1': 0.07119679541167405, 'D_low': 43.2326421037033, 'k2': 0.045914852167405346, 'D_high': 839.2504050877119, 'fire_exp': 1.4690410989404576, 'P_half': 3.591771421517613, 'pre_dampen_half': 5.593036834117395, 'gpp_af': 0.10098504976210308, 'gpp_b': 0.021002399351739896, 'gpp_d': 12.338826503601998, 'ign_k': 3.965503094323014, 'ign_c': 22.126836566118193, 'trop_agb_crit': 2.1989086830950257, 'trop_k_veg': 6.172643383211297, 'fire_amp': 3.8987618470047547}.
[I 2026-06-10 18:01:26,208] Trial 1574 finished with values: [10.792494215791283, 10.792494215791283] and parameters: {'k1': 0.016973078532467004, 'D_low': 24.28756508761176, 'k2': 0.001468315047889163, 'D_high': 35.136541394511, 'fire_exp': 1.4690410989404576, 'P_half': 1.4551749476072258, 'pre_dampen_half': 5.593036834117395, 'gpp_af': 0.10098504976210308, 'gpp_b': 0.00043225896016820903, 'gpp_d': 545.0253444559129, 'ign_k': 3.965503094323014, 'ign_c': 22.126836566118193, 'trop_agb_crit': 1.5033346993841157, 'trop_k_veg': 2.724170387400844, 'fire_amp': 1.5719333351012774}.
[I 2026-06-10 18:01:27,817] Trial 1575 finished with values: [10.892857142659844, 10.892857142659844] and parameters: {'k1': 0.03096855930632394, 'D_low': 2.414672422128219, 'k2': 0.045914852167405346, 'D_high': 35.136541394511, 'fire_exp': 1.4690410989404576, 'P_half': 3.591771421517613, 'pre_dampen_half': 8.259599205585761, 'gpp_af': 0.10098504976210308, 'gpp_b': 1.1008110571039521e-05, 'gpp_d': 462.98471849924937, 'ign_k': 3.965503094323014, 'ign_c': 35.133466168692735, 'trop_agb_crit': 1.1945139451702542, 'trop_k_veg': 2.9806294141302545, 'fire_amp': 5.44779717154213}.
[I 2026-06-10 18:01:29,224] Trial 1576 finished with values: [10.098523604705015, 10.098523604705015] and parameters: {'k1': 0.028401063201780267, 'D_low': 1.873653322520581, 'k2': 0.0001016707987819611, 'D_high': 2427.054417940131, 'fire_exp': 1.4572158037266703, 'P_half': 157.80309954142965, 'pre_dampen_half': 8.259599205585761, 'gpp_af': 0.03522602097143089, 'gpp_b': 0.00012118589392553798, 'gpp_d': 545.0253444559129, 'ign_k': 3.965503094323014, 'ign_c': 22.126836566118193, 'trop_agb_crit': 1.5033346993841157, 'trop_k_veg': 5.389865793562076, 'fire_amp': 5.44779717154213}.
[I 2026-06-10 18:01:30,570] Trial 1577 finished with values: [10.183517997477896, 10.183517997477896] and parameters: {'k1': 0.028401063201780267, 'D_low': 43.2326421037033, 'k2': 0.0001016707987819611, 'D_high': 839.2504050877119, 'fire_exp': 1.3886543025066587, 'P_half': 157.80309954142965, 'pre_dampen_half': 8.259599205585761, 'gpp_af': 0.8057329182285734, 'gpp_b': 1.1008110571039521e-05, 'gpp_d': 12.338826503601998, 'ign_k': 3.965503094323014, 'ign_c': 22.126836566118193, 'trop_agb_crit': 1.5033346993841157, 'trop_k_veg': 4.908089431313105, 'fire_amp': 3.8987618470047547}.
[I 2026-06-10 18:01:31,924] Trial 1578 finished with values: [-0.7598094074958683, 0.058534290596672034] and parameters: {'k1': 2.820470499715577e-05, 'D_low': 12.105387404469584, 'k2': 0.045914852167405346, 'D_high': 2427.054417940131, 'fire_exp': 1.0601964743503993, 'P_half': 157.80309954142965, 'pre_dampen_half': 8.259599205585761, 'gpp_af': 0.10098504976210308, 'gpp_b': 1.1008110571039521e-05, 'gpp_d': 12.338826503601998, 'ign_k': 5.276924233362289, 'ign_c': 22.126836566118193, 'trop_agb_crit': 1.5033346993841157, 'trop_k_veg': 2.9806294141302545, 'fire_amp': 4.19233232783727}.
[I 2026-06-10 18:01:33,346] Trial 1579 finished with values: [10.48461886446338, 10.48461886446338] and parameters: {'k1': 0.07119679541167405, 'D_low': 2.414672422128219, 'k2': 0.0001016707987819611, 'D_high': 35.136541394511, 'fire_exp': 1.4690410989404576, 'P_half': 1115.8536809843329, 'pre_dampen_half': 5.593036834117395, 'gpp_af': 0.10098504976210308, 'gpp_b': 0.00012118589392553798, 'gpp_d': 12.338826503601998, 'ign_k': 3.965503094323014, 'ign_c': 7.081721844034206, 'trop_agb_crit': 1.1945139451702542, 'trop_k_veg': 3.7755686517282787, 'fire_amp': 5.44779717154213}.
[I 2026-06-10 18:01:34,907] Trial 1580 finished with values: [10.504106417794512, 10.504106417794512] and parameters: {'k1': 0.07119679541167405, 'D_low': 2.414672422128219, 'k2': 0.0001016707987819611, 'D_high': 35.136541394511, 'fire_exp': 1.4690410989404576, 'P_half': 171.6206671132763, 'pre_dampen_half': 5.593036834117395, 'gpp_af': 1.8442252025918473, 'gpp_b': 0.00012118589392553798, 'gpp_d': 0.5198005873091408, 'ign_k': 3.965503094323014, 'ign_c': 22.126836566118193, 'trop_agb_crit': 1.1945139451702542, 'trop_k_veg': 3.7755686517282787, 'fire_amp': 5.44779717154213}.
[I 2026-06-10 18:01:37,227] Trial 1581 finished with values: [10.875185541892138, 10.875185541892138] and parameters: {'k1': 0.028401063201780267, 'D_low': 43.2326421037033, 'k2': 0.045914852167405346, 'D_high': 839.2504050877119, 'fire_exp': 1.5191397119156032, 'P_half': 3.591771421517613, 'pre_dampen_half': 8.259599205585761, 'gpp_af': 0.10098504976210308, 'gpp_b': 1.0043839674167705, 'gpp_d': 12.338826503601998, 'ign_k': 5.276924233362289, 'ign_c': 22.126836566118193, 'trop_agb_crit': 3.1419938725278875, 'trop_k_veg': 0.5535297685306277, 'fire_amp': 3.8987618470047547}.
[I 2026-06-10 18:01:38,558] Trial 1582 finished with values: [10.794100033715713, 10.794100033715713] and parameters: {'k1': 0.016973078532467004, 'D_low': 43.2326421037033, 'k2': 0.0001016707987819611, 'D_high': 35.136541394511, 'fire_exp': 2.757029101738488, 'P_half': 8.318314747941244, 'pre_dampen_half': 5.593036834117395, 'gpp_af': 0.10098504976210308, 'gpp_b': 1.1008110571039521e-05, 'gpp_d': 545.0253444559129, 'ign_k': 0.016193211841474105, 'ign_c': 1.0897818968951873, 'trop_agb_crit': 2.1989086830950257, 'trop_k_veg': 6.172643383211297, 'fire_amp': 5.44779717154213}.
[I 2026-06-10 18:01:39,901] Trial 1583 finished with values: [10.09013091468612, 10.09013091468612] and parameters: {'k1': 0.028401063201780267, 'D_low': 1.873653322520581, 'k2': 0.0001016707987819611, 'D_high': 35.136541394511, 'fire_exp': 1.4572158037266703, 'P_half': 157.80309954142965, 'pre_dampen_half': 8.259599205585761, 'gpp_af': 0.10098504976210308, 'gpp_b': 0.00012118589392553798, 'gpp_d': 12.338826503601998, 'ign_k': 3.965503094323014, 'ign_c': 22.126836566118193, 'trop_agb_crit': 8.188098178380693, 'trop_k_veg': 2.724170387400844, 'fire_amp': 5.44779717154213}.
[I 2026-06-10 18:01:41,274] Trial 1584 finished with values: [-0.7198144770592074, 0.17320994075781226] and parameters: {'k1': 0.016973078532467004, 'D_low': 1.873653322520581, 'k2': 0.0001016707987819611, 'D_high': 35.136541394511, 'fire_exp': 1.5191397119156032, 'P_half': 6.004755751711541, 'pre_dampen_half': 8.259599205585761, 'gpp_af': 0.10098504976210308, 'gpp_b': 1.1008110571039521e-05, 'gpp_d': 545.0253444559129, 'ign_k': 3.965503094323014, 'ign_c': 22.126836566118193, 'trop_agb_crit': 1.5033346993841157, 'trop_k_veg': 2.724170387400844, 'fire_amp': 5.44779717154213}.
[I 2026-06-10 18:01:42,861] Trial 1585 finished with values: [10.49990699479046, 10.49990699479046] and parameters: {'k1': 0.028401063201780267, 'D_low': 43.2326421037033, 'k2': 0.045914852167405346, 'D_high': 839.2504050877119, 'fire_exp': 1.5191397119156032, 'P_half': 3.591771421517613, 'pre_dampen_half': 8.259599205585761, 'gpp_af': 0.8057329182285734, 'gpp_b': 1.1008110571039521e-05, 'gpp_d': 12.338826503601998, 'ign_k': 5.276924233362289, 'ign_c': 22.126836566118193, 'trop_agb_crit': 3.1419938725278875, 'trop_k_veg': 2.724170387400844, 'fire_amp': 5.44779717154213}.
[I 2026-06-10 18:01:44,301] Trial 1586 finished with values: [10.384943637944255, 10.384943637944255] and parameters: {'k1': 0.016973078532467004, 'D_low': 1.873653322520581, 'k2': 0.0001016707987819611, 'D_high': 35.136541394511, 'fire_exp': 1.4690410989404576, 'P_half': 157.80309954142965, 'pre_dampen_half': 8.259599205585761, 'gpp_af': 0.001941949406168037, 'gpp_b': 0.00012118589392553798, 'gpp_d': 12.338826503601998, 'ign_k': 3.965503094323014, 'ign_c': 22.126836566118193, 'trop_agb_crit': 8.188098178380693, 'trop_k_veg': 5.389865793562076, 'fire_amp': 5.44779717154213}.
[I 2026-06-10 18:01:45,607] Trial 1587 finished with values: [10.888169908431358, 10.888169908431358] and parameters: {'k1': 0.00023431058878186929, 'D_low': 43.2326421037033, 'k2': 0.00012050103260855425, 'D_high': 262.11304189124235, 'fire_exp': 1.4690410989404576, 'P_half': 3.591771421517613, 'pre_dampen_half': 155.08737608723771, 'gpp_af': 0.09885838682552685, 'gpp_b': 0.00012118589392553798, 'gpp_d': 7.631016235941559, 'ign_k': 0.4303356629825978, 'ign_c': 35.133466168692735, 'trop_agb_crit': 2.1989086830950257, 'trop_k_veg': 2.9806294141302545, 'fire_amp': 1.1202509284327942}.
[I 2026-06-10 18:01:46,935] Trial 1588 finished with values: [10.014986146394547, 10.014986146394547] and parameters: {'k1': 0.028401063201780267, 'D_low': 24.28756508761176, 'k2': 0.0001016707987819611, 'D_high': 2701.5988102078472, 'fire_exp': 1.4572158037266703, 'P_half': 157.80309954142965, 'pre_dampen_half': 5.593036834117395, 'gpp_af': 0.10098504976210308, 'gpp_b': 1.1008110571039521e-05, 'gpp_d': 545.0253444559129, 'ign_k': 3.965503094323014, 'ign_c': 22.126836566118193, 'trop_agb_crit': 1.5033346993841157, 'trop_k_veg': 4.908089431313105, 'fire_amp': 5.44779717154213}.
[I 2026-06-10 18:01:48,314] Trial 1589 finished with values: [10.581955596460736, 10.581955596460736] and parameters: {'k1': 0.07119679541167405, 'D_low': 1.873653322520581, 'k2': 0.07339551859826128, 'D_high': 8161.260265732991, 'fire_exp': 1.4690410989404576, 'P_half': 157.80309954142965, 'pre_dampen_half': 5.593036834117395, 'gpp_af': 0.10098504976210308, 'gpp_b': 0.00012118589392553798, 'gpp_d': 545.0253444559129, 'ign_k': 3.965503094323014, 'ign_c': 22.126836566118193, 'trop_agb_crit': 1.5033346993841157, 'trop_k_veg': 2.3470284094935847, 'fire_amp': 5.44779717154213}.
[I 2026-06-10 18:01:49,840] Trial 1590 finished with values: [10.280939815135033, 10.280939815135033] and parameters: {'k1': 0.03096855930632394, 'D_low': 2.414672422128219, 'k2': 0.0001016707987819611, 'D_high': 839.2504050877119, 'fire_exp': 1.4690410989404576, 'P_half': 3.591771421517613, 'pre_dampen_half': 2.7246429232774694, 'gpp_af': 0.8057329182285734, 'gpp_b': 1.1008110571039521e-05, 'gpp_d': 545.0253444559129, 'ign_k': 3.965503094323014, 'ign_c': 7.081721844034206, 'trop_agb_crit': 3.1419938725278875, 'trop_k_veg': 0.5535297685306277, 'fire_amp': 5.44779717154213}.
