[I 2026-08-05 23:47:52,469] Trial 510 finished with values: [10.097663042456173, 10.097663042456173] and parameters: {'k1': 0.015602015889668856, 'D_low': 4.051452710153359, 'k2': 0.00038791280730284417, 'D_high': 85018.70149611714, 'fire_exp': 1.5201277403788451, 'P_half': 39.03214299767183, 'pre_dampen_half': 703.6426675556048, 'gpp_af': 35.20481045526041, 'gpp_b': 0.7987896438549947, 'gpp_d': 34.37107943937136, 'ign_k': 0.4702627143647234, 'ign_c': 14.810800730363484}.
[I 2026-08-05 23:47:53,356] Trial 511 finished with values: [10.182346161923507, 10.182346161923507] and parameters: {'k1': 0.016973078532467004, 'D_low': 2.458603276328005, 'k2': 0.006138509947844854, 'D_high': 85018.70149611714, 'fire_exp': 1.3614924220931135, 'P_half': 12.808863354047988, 'pre_dampen_half': 703.6426675556048, 'gpp_af': 35.20481045526041, 'gpp_b': 1.5938003265859821, 'gpp_d': 4.5768578731086835, 'ign_k': 0.0035114452581286888, 'ign_c': 0.11433485956638717}.
[I 2026-08-05 23:47:54,242] Trial 512 finished with values: [10.11953220807855, 10.11953220807855] and parameters: {'k1': 7.841214856323651e-05, 'D_low': 2.458603276328005, 'k2': 0.034987345440353576, 'D_high': 12775.77960461496, 'fire_exp': 1.182396148413737, 'P_half': 408.3047491580097, 'pre_dampen_half': 30.20668663862189, 'gpp_af': 0.005881383945248695, 'gpp_b': 3.481277316673104e-05, 'gpp_d': 891.8036602897795, 'ign_k': 3.7173717478250508, 'ign_c': 2.4287565087611744}.
[I 2026-08-05 23:47:55,170] Trial 513 finished with values: [10.028489553513603, 10.028489553513603] and parameters: {'k1': 0.002971796631657383, 'D_low': 1212.5157220460183, 'k2': 0.0499774937030317, 'D_high': 6455.595882939566, 'fire_exp': 1.0881360604103363, 'P_half': 10.226988730324324, 'pre_dampen_half': 36.876350096203005, 'gpp_af': 11.234842109991876, 'gpp_b': 0.011750724729953272, 'gpp_d': 5.878566318396007, 'ign_k': 0.002357279455676982, 'ign_c': 10.140635645866492}.
[I 2026-08-05 23:47:56,067] Trial 514 finished with values: [10.329548460361435, 10.329548460361435] and parameters: {'k1': 0.016973078532467004, 'D_low': 18.522006003174383, 'k2': 0.023940483242764706, 'D_high': 411.0848435021235, 'fire_exp': 1.182396148413737, 'P_half': 608.3019192425825, 'pre_dampen_half': 59.66041614891413, 'gpp_af': 35.20481045526041, 'gpp_b': 0.6637926838138378, 'gpp_d': 63.84398027045259, 'ign_k': 0.03141110271934876, 'ign_c': 0.11433485956638717}.
[I 2026-08-05 23:47:56,970] Trial 515 finished with values: [10.347603609344604, 10.347603609344604] and parameters: {'k1': 0.002971796631657383, 'D_low': 7.068974950624602, 'k2': 0.003198020818004832, 'D_high': 33.4949636434409, 'fire_exp': 1.1044852285094786, 'P_half': 8.369109437186466, 'pre_dampen_half': 36.876350096203005, 'gpp_af': 29.925002022877802, 'gpp_b': 0.011750724729953272, 'gpp_d': 8.144272585223819, 'ign_k': 0.0035114452581286888, 'ign_c': 2.41842279584716}.
[I 2026-08-05 23:47:57,848] Trial 516 finished with values: [10.768272673606408, 10.768272673606408] and parameters: {'k1': 0.005643426708406567, 'D_low': 2.1234210963705626, 'k2': 0.0007081721844034209, 'D_high': 10.605801312906209, 'fire_exp': 1.1044852285094786, 'P_half': 12.808863354047988, 'pre_dampen_half': 703.6426675556048, 'gpp_af': 0.001162712343304238, 'gpp_b': 0.7987896438549947, 'gpp_d': 4.5768578731086835, 'ign_k': 0.03141110271934876, 'ign_c': 8.671454322584175}.
[I 2026-08-05 23:47:58,748] Trial 517 finished with values: [10.768210172375491, 10.768210172375491] and parameters: {'k1': 0.0017320535908244437, 'D_low': 2.458603276328005, 'k2': 0.0007081721844034209, 'D_high': 85018.70149611714, 'fire_exp': 1.1044852285094786, 'P_half': 10.226988730324324, 'pre_dampen_half': 36.876350096203005, 'gpp_af': 0.0014542226259417863, 'gpp_b': 0.7987896438549947, 'gpp_d': 4.5768578731086835, 'ign_k': 0.01474275315991467, 'ign_c': 0.11433485956638717}.
[I 2026-08-05 23:47:59,632] Trial 518 finished with values: [10.121078932859426, 10.121078932859426] and parameters: {'k1': 0.002971796631657383, 'D_low': 7.068974950624602, 'k2': 1.1184534120760473e-05, 'D_high': 48238.23303865264, 'fire_exp': 1.1670151053031461, 'P_half': 5.342106255632175, 'pre_dampen_half': 12.112995966431617, 'gpp_af': 29.925002022877802, 'gpp_b': 0.011750724729953272, 'gpp_d': 8.144272585223819, 'ign_k': 0.0035114452581286888, 'ign_c': 0.11433485956638717}.
[I 2026-08-05 23:48:00,548] Trial 519 finished with values: [10.467357692209053, 10.467357692209053] and parameters: {'k1': 0.005643426708406567, 'D_low': 7.068974950624602, 'k2': 0.0007081721844034209, 'D_high': 85018.70149611714, 'fire_exp': 1.1044852285094786, 'P_half': 125.61043700013555, 'pre_dampen_half': 36.876350096203005, 'gpp_af': 35.20481045526041, 'gpp_b': 0.7987896438549947, 'gpp_d': 4.5768578731086835, 'ign_k': 1.5351441568398145, 'ign_c': 6.160975294741436}.
[I 2026-08-05 23:48:01,509] Trial 520 finished with values: [10.065338827844768, 10.065338827844768] and parameters: {'k1': 0.0008435083887782438, 'D_low': 2.458603276328005, 'k2': 0.0007081721844034209, 'D_high': 6455.595882939566, 'fire_exp': 1.811096651915224, 'P_half': 12.808863354047988, 'pre_dampen_half': 703.6426675556048, 'gpp_af': 35.20481045526041, 'gpp_b': 0.7987896438549947, 'gpp_d': 368.30088529547436, 'ign_k': 5.9736167866478125, 'ign_c': 10.140635645866492}.
[I 2026-08-05 23:48:02,406] Trial 521 finished with values: [10.22391896281628, 10.22391896281628] and parameters: {'k1': 0.03232155805617897, 'D_low': 29.89885508829526, 'k2': 0.0499774937030317, 'D_high': 6455.595882939566, 'fire_exp': 1.811096651915224, 'P_half': 24.136213194527585, 'pre_dampen_half': 33.9790424311127, 'gpp_af': 0.001162712343304238, 'gpp_b': 3.228689523591491e-05, 'gpp_d': 368.30088529547436, 'ign_k': 0.10712009151798696, 'ign_c': 8.671454322584175}.
[I 2026-08-05 23:48:03,293] Trial 522 finished with values: [-0.4614498397059294, 0.09973159787908004] and parameters: {'k1': 0.021368329072358756, 'D_low': 7.068974950624602, 'k2': 0.0499774937030317, 'D_high': 75773.14388518519, 'fire_exp': 1.1044852285094786, 'P_half': 10.226988730324324, 'pre_dampen_half': 111.37963167994629, 'gpp_af': 11.234842109991876, 'gpp_b': 1.5938003265859821, 'gpp_d': 4.5768578731086835, 'ign_k': 0.0029460000905108855, 'ign_c': 10.140635645866492}.
[I 2026-08-05 23:48:04,174] Trial 523 finished with values: [10.653910697193394, 10.653910697193394] and parameters: {'k1': 0.00014281536924924868, 'D_low': 4.020051040432125, 'k2': 0.005456725485601475, 'D_high': 85018.70149611714, 'fire_exp': 1.2943117749495199, 'P_half': 12.808863354047988, 'pre_dampen_half': 33.9790424311127, 'gpp_af': 35.20481045526041, 'gpp_b': 3.228689523591491e-05, 'gpp_d': 857.4284557962634, 'ign_k': 0.006912296717033066, 'ign_c': 0.11433485956638717}.
[I 2026-08-05 23:48:05,094] Trial 524 finished with values: [10.462247042774074, 10.462247042774074] and parameters: {'k1': 0.0029707920514735983, 'D_low': 2.1234210963705626, 'k2': 3.5917714215176105e-05, 'D_high': 85018.70149611714, 'fire_exp': 1.182396148413737, 'P_half': 39.03214299767183, 'pre_dampen_half': 107.40052367919465, 'gpp_af': 0.001162712343304238, 'gpp_b': 3.228689523591491e-05, 'gpp_d': 34.37107943937136, 'ign_k': 0.03141110271934876, 'ign_c': 14.810800730363484}.
[I 2026-08-05 23:48:06,025] Trial 525 finished with values: [10.524585116413228, 10.524585116413228] and parameters: {'k1': 0.014666151770108535, 'D_low': 9.330007965781027, 'k2': 0.0007081721844034209, 'D_high': 949.9072859745386, 'fire_exp': 1.182396148413737, 'P_half': 12.808863354047988, 'pre_dampen_half': 36.876350096203005, 'gpp_af': 35.20481045526041, 'gpp_b': 0.7987896438549947, 'gpp_d': 4.5768578731086835, 'ign_k': 0.05362153030688613, 'ign_c': 2.4287565087611744}.
[I 2026-08-05 23:48:06,917] Trial 526 finished with values: [-0.489856491301553, 0.12804346405823308] and parameters: {'k1': 0.03232155805617897, 'D_low': 18.89739291279832, 'k2': 0.0007081721844034209, 'D_high': 6455.595882939566, 'fire_exp': 1.811096651915224, 'P_half': 10.226988730324324, 'pre_dampen_half': 111.37963167994629, 'gpp_af': 11.234842109991876, 'gpp_b': 1.5938003265859821, 'gpp_d': 368.30088529547436, 'ign_k': 0.03033111747878116, 'ign_c': 6.160975294741436}.
[I 2026-08-05 23:48:07,959] Trial 527 finished with values: [10.627673668715367, 10.627673668715367] and parameters: {'k1': 0.016973078532467004, 'D_low': 9.330007965781027, 'k2': 0.0001870742013766025, 'D_high': 85018.70149611714, 'fire_exp': 1.151006986743773, 'P_half': 12.808863354047988, 'pre_dampen_half': 36.876350096203005, 'gpp_af': 35.20481045526041, 'gpp_b': 5.6378660494178646e-05, 'gpp_d': 4.5768578731086835, 'ign_k': 5.9736167866478125, 'ign_c': 0.11433485956638717}.
[I 2026-08-05 23:48:08,855] Trial 528 finished with values: [10.700298722497894, 10.700298722497894] and parameters: {'k1': 0.03232155805617897, 'D_low': 29.89885508829526, 'k2': 0.0499774937030317, 'D_high': 85018.70149611714, 'fire_exp': 1.811096651915224, 'P_half': 552.4095129928629, 'pre_dampen_half': 111.37963167994629, 'gpp_af': 11.234842109991876, 'gpp_b': 0.7987896438549947, 'gpp_d': 4.5768578731086835, 'ign_k': 0.002357279455676982, 'ign_c': 0.11433485956638717}.
[I 2026-08-05 23:48:09,755] Trial 529 finished with values: [-0.5769154382735369, 0.12228869485575133] and parameters: {'k1': 0.016973078532467004, 'D_low': 2.458603276328005, 'k2': 0.0005262881356087174, 'D_high': 85018.70149611714, 'fire_exp': 1.151006986743773, 'P_half': 12.808863354047988, 'pre_dampen_half': 14.689898077648792, 'gpp_af': 29.925002022877802, 'gpp_b': 0.011750724729953272, 'gpp_d': 4.5768578731086835, 'ign_k': 5.9736167866478125, 'ign_c': 0.11433485956638717}.
[I 2026-08-05 23:48:10,701] Trial 530 finished with values: [10.390062553491394, 10.390062553491394] and parameters: {'k1': 2.0937989739527727e-05, 'D_low': 1.2834648227562822, 'k2': 1.1184534120760473e-05, 'D_high': 75773.14388518519, 'fire_exp': 1.1670151053031461, 'P_half': 10.226988730324324, 'pre_dampen_half': 703.6426675556048, 'gpp_af': 29.925002022877802, 'gpp_b': 0.011750724729953272, 'gpp_d': 0.13223503889537183, 'ign_k': 0.0063401408602514545, 'ign_c': 0.7724824966785973}.
[I 2026-08-05 23:48:11,609] Trial 531 finished with values: [10.658272158989682, 10.658272158989682] and parameters: {'k1': 0.002971796631657383, 'D_low': 50.217376233895635, 'k2': 1.1184534120760473e-05, 'D_high': 7744.80118512745, 'fire_exp': 3.101662552922359, 'P_half': 10.226988730324324, 'pre_dampen_half': 304.7488318185732, 'gpp_af': 11.234842109991876, 'gpp_b': 3.228689523591491e-05, 'gpp_d': 368.30088529547436, 'ign_k': 0.0026834162496848666, 'ign_c': 6.160975294741436}.
[I 2026-08-05 23:48:12,506] Trial 532 finished with values: [10.284574698167498, 10.284574698167498] and parameters: {'k1': 1.8064907756357243e-05, 'D_low': 2.458603276328005, 'k2': 0.0007081721844034209, 'D_high': 85018.70149611714, 'fire_exp': 1.151006986743773, 'P_half': 95.65499215943822, 'pre_dampen_half': 703.6426675556048, 'gpp_af': 0.8125629376969175, 'gpp_b': 0.10123867001105968, 'gpp_d': 39.827466658711515, 'ign_k': 0.030956657914928524, 'ign_c': 1.0939944910100017}.
[I 2026-08-05 23:48:13,394] Trial 533 finished with values: [-0.4816336128809023, 0.16323200544181593] and parameters: {'k1': 0.00011911696453733046, 'D_low': 2.458603276328005, 'k2': 3.5917714215176105e-05, 'D_high': 7744.80118512745, 'fire_exp': 1.182396148413737, 'P_half': 10.226988730324324, 'pre_dampen_half': 36.876350096203005, 'gpp_af': 35.20481045526041, 'gpp_b': 3.228689523591491e-05, 'gpp_d': 368.30088529547436, 'ign_k': 0.03141110271934876, 'ign_c': 8.671454322584175}.
[I 2026-08-05 23:48:14,278] Trial 534 finished with values: [10.753591443331002, 10.753591443331002] and parameters: {'k1': 0.01549659926581634, 'D_low': 29.89885508829526, 'k2': 0.00017436039158218316, 'D_high': 7744.80118512745, 'fire_exp': 2.852463849219197, 'P_half': 24.136213194527585, 'pre_dampen_half': 303.1650219733388, 'gpp_af': 0.001162712343304238, 'gpp_b': 0.0006082667040432242, 'gpp_d': 857.4284557962634, 'ign_k': 0.03141110271934876, 'ign_c': 47.268615251255675}.
[I 2026-08-05 23:48:15,162] Trial 535 finished with values: [10.406297379556891, 10.406297379556891] and parameters: {'k1': 2.0937989739527727e-05, 'D_low': 125.32726386250698, 'k2': 0.0004381141781653133, 'D_high': 233.52156626184438, 'fire_exp': 1.182396148413737, 'P_half': 4.397766894483963, 'pre_dampen_half': 304.7488318185732, 'gpp_af': 0.0025511964576171086, 'gpp_b': 3.228689523591491e-05, 'gpp_d': 0.13223503889537183, 'ign_k': 0.03141110271934876, 'ign_c': 47.268615251255675}.
[I 2026-08-05 23:48:16,096] Trial 536 finished with values: [-0.4671176404003134, 0.15518059856750188] and parameters: {'k1': 0.016973078532467004, 'D_low': 29.89885508829526, 'k2': 0.03210808548911189, 'D_high': 85018.70149611714, 'fire_exp': 1.2943117749495199, 'P_half': 93.34064019986363, 'pre_dampen_half': 303.1650219733388, 'gpp_af': 0.001162712343304238, 'gpp_b': 0.0006082667040432242, 'gpp_d': 0.01143148628251203, 'ign_k': 0.0026834162496848666, 'ign_c': 3.0378658251922155}.
[I 2026-08-05 23:48:17,009] Trial 537 finished with values: [10.374087697768235, 10.374087697768235] and parameters: {'k1': 1.9488910051308668e-05, 'D_low': 175.2878790340412, 'k2': 0.0007081721844034209, 'D_high': 75773.14388518519, 'fire_exp': 1.3614924220931135, 'P_half': 5.342106255632175, 'pre_dampen_half': 111.37963167994629, 'gpp_af': 11.234842109991876, 'gpp_b': 0.03841303420847976, 'gpp_d': 368.30088529547436, 'ign_k': 0.0035114452581286888, 'ign_c': 6.160975294741436}.
[I 2026-08-05 23:48:17,924] Trial 538 finished with values: [10.967003492122773, 10.967003492122773] and parameters: {'k1': 0.0029707920514735983, 'D_low': 125.32726386250698, 'k2': 0.005456725485601475, 'D_high': 6366.1449945522045, 'fire_exp': 1.1670151053031461, 'P_half': 10.226988730324324, 'pre_dampen_half': 36.876350096203005, 'gpp_af': 0.09172078901566363, 'gpp_b': 3.228689523591491e-05, 'gpp_d': 857.4284557962634, 'ign_k': 0.08312953263874531, 'ign_c': 3.0378658251922155}.
[I 2026-08-05 23:48:18,821] Trial 539 finished with values: [10.788923372362364, 10.788923372362364] and parameters: {'k1': 0.04897760278488444, 'D_low': 2.458603276328005, 'k2': 0.0007081721844034209, 'D_high': 85018.70149611714, 'fire_exp': 1.2943117749495199, 'P_half': 12.808863354047988, 'pre_dampen_half': 703.6426675556048, 'gpp_af': 35.20481045526041, 'gpp_b': 0.03982202023586574, 'gpp_d': 4.5768578731086835, 'ign_k': 5.9736167866478125, 'ign_c': 0.11433485956638717}.
[I 2026-08-05 23:48:19,732] Trial 540 finished with values: [-0.5245741124000507, 0.106255580209626] and parameters: {'k1': 0.002971796631657383, 'D_low': 14.677440038495336, 'k2': 0.006024590664672947, 'D_high': 6366.1449945522045, 'fire_exp': 1.182396148413737, 'P_half': 10.226988730324324, 'pre_dampen_half': 14.689898077648792, 'gpp_af': 0.0025511964576171086, 'gpp_b': 3.228689523591491e-05, 'gpp_d': 857.4284557962634, 'ign_k': 2.7573353505786358, 'ign_c': 3.0378658251922155}.
[I 2026-08-05 23:48:20,632] Trial 541 finished with values: [10.334067245307722, 10.334067245307722] and parameters: {'k1': 0.013164487472745685, 'D_low': 2.458603276328005, 'k2': 0.0007081721844034209, 'D_high': 14.403740929157834, 'fire_exp': 1.2943117749495199, 'P_half': 8.369109437186466, 'pre_dampen_half': 36.876350096203005, 'gpp_af': 35.20481045526041, 'gpp_b': 3.228689523591491e-05, 'gpp_d': 4.5768578731086835, 'ign_k': 0.08356564873457054, 'ign_c': 0.11433485956638717}.
[I 2026-08-05 23:48:21,562] Trial 542 finished with values: [-0.5415803524662477, 0.1685583697592944] and parameters: {'k1': 0.0029707920514735983, 'D_low': 125.32726386250698, 'k2': 2.5461628161276896e-05, 'D_high': 233.52156626184438, 'fire_exp': 1.182396148413737, 'P_half': 24.136213194527585, 'pre_dampen_half': 33.9790424311127, 'gpp_af': 20.12115544906385, 'gpp_b': 3.228689523591491e-05, 'gpp_d': 857.4284557962634, 'ign_k': 0.11101191524846071, 'ign_c': 0.7724824966785973}.
[I 2026-08-05 23:48:22,477] Trial 543 finished with values: [-0.5004745856334015, 0.17573135828772013] and parameters: {'k1': 0.0029707920514735983, 'D_low': 2.1234210963705626, 'k2': 0.03210808548911189, 'D_high': 7744.80118512745, 'fire_exp': 1.182396148413737, 'P_half': 93.34064019986363, 'pre_dampen_half': 304.7488318185732, 'gpp_af': 0.001162712343304238, 'gpp_b': 0.0006082667040432242, 'gpp_d': 857.4284557962634, 'ign_k': 0.03141110271934876, 'ign_c': 3.0378658251922155}.
[I 2026-08-05 23:48:23,406] Trial 544 finished with values: [10.59328372445153, 10.59328372445153] and parameters: {'k1': 0.002971796631657383, 'D_low': 2.458603276328005, 'k2': 4.763991596630584e-05, 'D_high': 1687.3495104568947, 'fire_exp': 1.1044852285094786, 'P_half': 10.226988730324324, 'pre_dampen_half': 14.689898077648792, 'gpp_af': 29.925002022877802, 'gpp_b': 0.011750724729953272, 'gpp_d': 0.1187686699420959, 'ign_k': 0.017654048052495083, 'ign_c': 6.160975294741436}.
[I 2026-08-05 23:48:24,365] Trial 545 finished with values: [10.707594360210006, 10.707594360210006] and parameters: {'k1': 0.016973078532467004, 'D_low': 29.89885508829526, 'k2': 2.6285770615112825e-05, 'D_high': 6455.595882939566, 'fire_exp': 1.7460031217480432, 'P_half': 12.808863354047988, 'pre_dampen_half': 111.37963167994629, 'gpp_af': 11.234842109991876, 'gpp_b': 1.5938003265859821, 'gpp_d': 4.5768578731086835, 'ign_k': 5.9736167866478125, 'ign_c': 10.140635645866492}.
[I 2026-08-05 23:48:25,264] Trial 546 finished with values: [10.418982202472835, 10.418982202472835] and parameters: {'k1': 0.0029707920514735983, 'D_low': 125.32726386250698, 'k2': 0.005456725485601475, 'D_high': 9769.756791866093, 'fire_exp': 1.058246684404056, 'P_half': 10.226988730324324, 'pre_dampen_half': 36.876350096203005, 'gpp_af': 29.925002022877802, 'gpp_b': 3.228689523591491e-05, 'gpp_d': 5.878566318396007, 'ign_k': 0.10712009151798696, 'ign_c': 6.160975294741436}.
[I 2026-08-05 23:48:26,205] Trial 547 finished with values: [10.281807330621348, 10.281807330621348] and parameters: {'k1': 0.002971796631657383, 'D_low': 4.020051040432125, 'k2': 0.0007081721844034209, 'D_high': 85018.70149611714, 'fire_exp': 1.2943117749495199, 'P_half': 10.226988730324324, 'pre_dampen_half': 36.876350096203005, 'gpp_af': 35.20481045526041, 'gpp_b': 0.7987896438549947, 'gpp_d': 5.878566318396007, 'ign_k': 0.0026834162496848666, 'ign_c': 6.160975294741436}.
[I 2026-08-05 23:48:27,126] Trial 548 finished with values: [10.484689483298315, 10.484689483298315] and parameters: {'k1': 0.021368329072358756, 'D_low': 125.32726386250698, 'k2': 2.5461628161276896e-05, 'D_high': 6366.1449945522045, 'fire_exp': 1.182396148413737, 'P_half': 1.3035590385085063, 'pre_dampen_half': 857.6556763881457, 'gpp_af': 0.00515795696727661, 'gpp_b': 0.00031478066835753096, 'gpp_d': 857.4284557962634, 'ign_k': 0.11101191524846071, 'ign_c': 0.7724824966785973}.
[I 2026-08-05 23:48:28,213] Trial 549 finished with values: [10.494701631338195, 10.494701631338195] and parameters: {'k1': 0.03232155805617897, 'D_low': 29.89885508829526, 'k2': 0.0499774937030317, 'D_high': 6455.595882939566, 'fire_exp': 1.811096651915224, 'P_half': 10.226988730324324, 'pre_dampen_half': 111.37963167994629, 'gpp_af': 11.234842109991876, 'gpp_b': 0.7987896438549947, 'gpp_d': 4.5768578731086835, 'ign_k': 0.002357279455676982, 'ign_c': 0.11433485956638717}.
[I 2026-08-05 23:48:29,110] Trial 550 finished with values: [-0.503834929691443, 0.13733815351809708] and parameters: {'k1': 0.04897760278488444, 'D_low': 2.458603276328005, 'k2': 0.0004381141781653133, 'D_high': 6455.595882939566, 'fire_exp': 1.1044852285094786, 'P_half': 851.7034154701655, 'pre_dampen_half': 703.6426675556048, 'gpp_af': 0.04339970334001348, 'gpp_b': 0.0025416076006960116, 'gpp_d': 3.1220565647859098, 'ign_k': 0.017654048052495083, 'ign_c': 47.268615251255675}.
[I 2026-08-05 23:48:30,023] Trial 551 finished with values: [10.118689614793556, 10.118689614793556] and parameters: {'k1': 0.016973078532467004, 'D_low': 9.330007965781027, 'k2': 0.0001870742013766025, 'D_high': 2969.087094484682, 'fire_exp': 1.182396148413737, 'P_half': 408.3047491580097, 'pre_dampen_half': 36.876350096203005, 'gpp_af': 22.766850248686247, 'gpp_b': 0.6637926838138378, 'gpp_d': 891.8036602897795, 'ign_k': 0.6454459531371669, 'ign_c': 2.4287565087611744}.
[I 2026-08-05 23:48:30,967] Trial 552 finished with values: [10.763931567556305, 10.763931567556305] and parameters: {'k1': 0.03232155805617897, 'D_low': 175.2878790340412, 'k2': 1.1184534120760473e-05, 'D_high': 3660.150802571655, 'fire_exp': 3.627844665636024, 'P_half': 5.342106255632175, 'pre_dampen_half': 53.73093479067421, 'gpp_af': 83.56239973758213, 'gpp_b': 0.03719354588132657, 'gpp_d': 4.25060659305504, 'ign_k': 0.0016058436323100884, 'ign_c': 0.11433485956638717}.
[I 2026-08-05 23:48:31,931] Trial 553 finished with values: [10.974099636535932, 10.974099636535932] and parameters: {'k1': 0.002971796631657383, 'D_low': 29.89885508829526, 'k2': 1.1184534120760473e-05, 'D_high': 7744.80118512745, 'fire_exp': 1.0881360604103363, 'P_half': 24.136213194527585, 'pre_dampen_half': 304.7488318185732, 'gpp_af': 11.234842109991876, 'gpp_b': 0.011750724729953272, 'gpp_d': 891.8036602897795, 'ign_k': 0.03141110271934876, 'ign_c': 6.160975294741436}.
[I 2026-08-05 23:48:32,829] Trial 554 finished with values: [10.302138816194738, 10.302138816194738] and parameters: {'k1': 0.0017320535908244437, 'D_low': 9.330007965781027, 'k2': 1.1184534120760473e-05, 'D_high': 3660.150802571655, 'fire_exp': 1.182396148413737, 'P_half': 408.3047491580097, 'pre_dampen_half': 36.876350096203005, 'gpp_af': 22.766850248686247, 'gpp_b': 8.539677611488478e-05, 'gpp_d': 4.25060659305504, 'ign_k': 0.01474275315991467, 'ign_c': 2.4287565087611744}.
