[I 2026-08-06 00:11:17,236] Trial 300 finished with values: [10.704087465743514, 10.704087465743514] and parameters: {'k1': 0.0029707920514735983, 'D_low': 1112.9571947046009, 'k2': 0.010080550999930625, 'D_high': 8182.111518618414, 'fire_exp': 1.5201277403788451, 'P_half': 1938.3858782150498, 'pre_dampen_half': 33.9790424311127, 'gpp_af': 13.560863064135962, 'gpp_b': 3.228689523591491e-05, 'gpp_d': 857.4284557962634, 'ign_k': 0.019192001101561888, 'ign_c': 0.5275958618145121}.
[I 2026-08-06 00:11:18,208] Trial 301 finished with values: [10.635368053555997, 10.635368053555997] and parameters: {'k1': 0.00324789183891923, 'D_low': 2.1234210963705626, 'k2': 0.0018697387216131526, 'D_high': 75773.14388518519, 'fire_exp': 1.1044852285094786, 'P_half': 5.317919272807934, 'pre_dampen_half': 0.6199100007802261, 'gpp_af': 5.511863475708366, 'gpp_b': 3.1112132916681032, 'gpp_d': 13.076473382928533, 'ign_k': 0.03033111747878116, 'ign_c': 8.671454322584175}.
[I 2026-08-06 00:11:19,172] Trial 302 finished with values: [10.58125158809418, 10.58125158809418] and parameters: {'k1': 0.0017320535908244437, 'D_low': 125.32726386250698, 'k2': 1.1184534120760473e-05, 'D_high': 75773.14388518519, 'fire_exp': 2.196935728020977, 'P_half': 22.4895428439145, 'pre_dampen_half': 36.876350096203005, 'gpp_af': 0.47739011308437823, 'gpp_b': 0.011750724729953272, 'gpp_d': 150.14555442537656, 'ign_k': 0.0026834162496848666, 'ign_c': 14.810800730363484}.
[I 2026-08-06 00:11:20,120] Trial 303 finished with values: [10.767166635317666, 10.767166635317666] and parameters: {'k1': 0.0017320535908244437, 'D_low': 125.32726386250698, 'k2': 1.1184534120760473e-05, 'D_high': 13.670484737132345, 'fire_exp': 4.982189788294083, 'P_half': 5.317919272807934, 'pre_dampen_half': 304.7488318185732, 'gpp_af': 0.47739011308437823, 'gpp_b': 8.539677611488478e-05, 'gpp_d': 4.5768578731086835, 'ign_k': 0.005877005203443299, 'ign_c': 14.810800730363484}.
[I 2026-08-06 00:11:21,126] Trial 304 finished with values: [-0.5543455002858674, 0.12963382133667767] and parameters: {'k1': 0.03232155805617897, 'D_low': 7.068974950624602, 'k2': 0.006138509947844854, 'D_high': 75773.14388518519, 'fire_exp': 1.1044852285094786, 'P_half': 14.94057723907974, 'pre_dampen_half': 1.6130673726933187, 'gpp_af': 0.028585493941961918, 'gpp_b': 0.0006082667040432242, 'gpp_d': 368.30088529547436, 'ign_k': 0.11101191524846071, 'ign_c': 10.140635645866492}.
[I 2026-08-06 00:11:22,236] Trial 305 finished with values: [10.769228741083662, 10.769228741083662] and parameters: {'k1': 0.04984077439553202, 'D_low': 4.051452710153359, 'k2': 3.5917714215176105e-05, 'D_high': 57.90964233881214, 'fire_exp': 9.355311339774135, 'P_half': 22.4895428439145, 'pre_dampen_half': 33.9790424311127, 'gpp_af': 0.0025511964576171086, 'gpp_b': 8.539677611488478e-05, 'gpp_d': 150.14555442537656, 'ign_k': 0.005877005203443299, 'ign_c': 14.810800730363484}.
[I 2026-08-06 00:11:23,579] Trial 306 finished with values: [10.765006319209826, 10.765006319209826] and parameters: {'k1': 3.252245757497282e-05, 'D_low': 2.5379946629058443, 'k2': 0.0004381141781653133, 'D_high': 6366.1449945522045, 'fire_exp': 1.182396148413737, 'P_half': 24.136213194527585, 'pre_dampen_half': 703.6426675556048, 'gpp_af': 0.47739011308437823, 'gpp_b': 4.630191300782848, 'gpp_d': 0.19476644406315288, 'ign_k': 0.03141110271934876, 'ign_c': 47.268615251255675}.
[I 2026-08-06 00:11:24,954] Trial 307 finished with values: [10.628129895912068, 10.628129895912068] and parameters: {'k1': 6.615437365561391e-05, 'D_low': 532.1216007763549, 'k2': 0.006138509947844854, 'D_high': 57.90964233881214, 'fire_exp': 1.5201277403788451, 'P_half': 4.397766894483963, 'pre_dampen_half': 33.9790424311127, 'gpp_af': 0.0025511964576171086, 'gpp_b': 5.2308563179361105e-05, 'gpp_d': 39.827466658711515, 'ign_k': 0.017654048052495083, 'ign_c': 0.8891936446296247}.
[I 2026-08-06 00:11:26,109] Trial 308 finished with values: [10.769230768877819, 10.769230768877819] and parameters: {'k1': 3.252245757497282e-05, 'D_low': 125.32726386250698, 'k2': 0.0007886001704920403, 'D_high': 233.52156626184438, 'fire_exp': 7.278512815051397, 'P_half': 39.03214299767183, 'pre_dampen_half': 703.6426675556048, 'gpp_af': 0.0025511964576171086, 'gpp_b': 1.1676061967213667, 'gpp_d': 150.14555442537656, 'ign_k': 0.002357279455676982, 'ign_c': 0.1457050032975653}.
[I 2026-08-06 00:11:28,152] Trial 309 finished with values: [10.158772035949266, 10.158772035949266] and parameters: {'k1': 3.252245757497282e-05, 'D_low': 1112.9571947046009, 'k2': 0.006138509947844854, 'D_high': 3660.150802571655, 'fire_exp': 1.5201277403788451, 'P_half': 2.157758652553991, 'pre_dampen_half': 76.86605275420082, 'gpp_af': 1.6595781802652418, 'gpp_b': 3.481277316673104e-05, 'gpp_d': 39.827466658711515, 'ign_k': 0.11101191524846071, 'ign_c': 14.810800730363484}.
[I 2026-08-06 00:11:29,135] Trial 310 finished with values: [10.572333442691123, 10.572333442691123] and parameters: {'k1': 2.0937989739527727e-05, 'D_low': 18.89739291279832, 'k2': 0.006138509947844854, 'D_high': 233.52156626184438, 'fire_exp': 1.182396148413737, 'P_half': 14.94057723907974, 'pre_dampen_half': 703.6426675556048, 'gpp_af': 0.0025511964576171086, 'gpp_b': 3.228689523591491e-05, 'gpp_d': 0.19476644406315288, 'ign_k': 0.11101191524846071, 'ign_c': 47.268615251255675}.
[I 2026-08-06 00:11:30,150] Trial 311 finished with values: [10.41483622335912, 10.41483622335912] and parameters: {'k1': 2.0937989739527727e-05, 'D_low': 2068.53034640896, 'k2': 0.02065142557895925, 'D_high': 75773.14388518519, 'fire_exp': 1.0881360604103363, 'P_half': 63.585411411994926, 'pre_dampen_half': 1.4445251022763053, 'gpp_af': 0.028585493941961918, 'gpp_b': 2.800940363375676e-05, 'gpp_d': 5.878566318396007, 'ign_k': 0.01474275315991467, 'ign_c': 0.6235377135673155}.
[I 2026-08-06 00:11:31,159] Trial 312 finished with values: [10.090583978557266, 10.090583978557266] and parameters: {'k1': 3.252245757497282e-05, 'D_low': 125.32726386250698, 'k2': 0.0499774937030317, 'D_high': 8182.111518618414, 'fire_exp': 1.811096651915224, 'P_half': 1.4061463985176637, 'pre_dampen_half': 304.7488318185732, 'gpp_af': 0.47739011308437823, 'gpp_b': 2.800940363375676e-05, 'gpp_d': 150.14555442537656, 'ign_k': 0.002357279455676982, 'ign_c': 0.6235377135673155}.
[I 2026-08-06 00:11:32,149] Trial 313 finished with values: [10.645126391883712, 10.645126391883712] and parameters: {'k1': 0.002407354618388189, 'D_low': 918.4900818511542, 'k2': 0.0499774937030317, 'D_high': 32311.521854410956, 'fire_exp': 1.811096651915224, 'P_half': 242.70544179401307, 'pre_dampen_half': 36.876350096203005, 'gpp_af': 29.925002022877802, 'gpp_b': 0.00012797528816608022, 'gpp_d': 4.5768578731086835, 'ign_k': 0.11101191524846071, 'ign_c': 8.671454322584175}.
[I 2026-08-06 00:11:33,136] Trial 314 finished with values: [12.71078679869856, 12.71078679869856] and parameters: {'k1': 0.0002656971546588439, 'D_low': 29.89885508829526, 'k2': 0.010080550999930625, 'D_high': 10427.291060979045, 'fire_exp': 1.2680134752324452, 'P_half': 22.4895428439145, 'pre_dampen_half': 304.7488318185732, 'gpp_af': 0.47739011308437823, 'gpp_b': 0.028780534359197463, 'gpp_d': 300.3420512048734, 'ign_k': 0.03141110271934876, 'ign_c': 1.24801809651176}.
[I 2026-08-06 00:11:34,118] Trial 315 finished with values: [10.079966978449855, 10.079966978449855] and parameters: {'k1': 0.021368329072358756, 'D_low': 74.92772870670282, 'k2': 0.0007081721844034209, 'D_high': 9769.756791866093, 'fire_exp': 1.0881360604103363, 'P_half': 10.226988730324324, 'pre_dampen_half': 7.6110013825922485, 'gpp_af': 0.08235550625917108, 'gpp_b': 0.0002399125814348087, 'gpp_d': 4.5768578731086835, 'ign_k': 0.0027847738314446878, 'ign_c': 6.160975294741436}.
[I 2026-08-06 00:11:35,107] Trial 316 finished with values: [10.305014935282545, 10.305014935282545] and parameters: {'k1': 0.021368329072358756, 'D_low': 7.068974950624602, 'k2': 0.0010204225357677778, 'D_high': 30.357607606785333, 'fire_exp': 1.2943117749495199, 'P_half': 408.3047491580097, 'pre_dampen_half': 36.876350096203005, 'gpp_af': 0.028585493941961918, 'gpp_b': 2.800940363375676e-05, 'gpp_d': 4.5768578731086835, 'ign_k': 0.0048255892187380085, 'ign_c': 0.6235377135673155}.
[I 2026-08-06 00:11:36,164] Trial 317 finished with values: [10.117051300800208, 10.117051300800208] and parameters: {'k1': 6.615437365561391e-05, 'D_low': 532.1216007763549, 'k2': 2.1698375693549493e-05, 'D_high': 20.31481195045495, 'fire_exp': 1.182396148413737, 'P_half': 4.397766894483963, 'pre_dampen_half': 33.9790424311127, 'gpp_af': 0.0025511964576171086, 'gpp_b': 3.228689523591491e-05, 'gpp_d': 668.5510162938966, 'ign_k': 0.6097546255373116, 'ign_c': 2.2882309479728957}.
[I 2026-08-06 00:11:37,155] Trial 318 finished with values: [10.202514775808167, 10.202514775808167] and parameters: {'k1': 0.002971796631657383, 'D_low': 175.2878790340412, 'k2': 2.1698375693549493e-05, 'D_high': 7926.237587961894, 'fire_exp': 1.0881360604103363, 'P_half': 10.226988730324324, 'pre_dampen_half': 59.66041614891413, 'gpp_af': 0.0021221774916927918, 'gpp_b': 3.228689523591491e-05, 'gpp_d': 668.5510162938966, 'ign_k': 0.0026834162496848666, 'ign_c': 6.160975294741436}.
[I 2026-08-06 00:11:38,130] Trial 319 finished with values: [10.768134888185823, 10.768134888185823] and parameters: {'k1': 6.615437365561391e-05, 'D_low': 532.1216007763549, 'k2': 2.1698375693549493e-05, 'D_high': 57.90964233881214, 'fire_exp': 1.182396148413737, 'P_half': 608.3019192425825, 'pre_dampen_half': 14.689898077648792, 'gpp_af': 0.0025511964576171086, 'gpp_b': 0.6637926838138378, 'gpp_d': 668.5510162938966, 'ign_k': 3.7173717478250508, 'ign_c': 1.8245734513362473}.
[I 2026-08-06 00:11:39,152] Trial 320 finished with values: [11.58642980898323, 11.58642980898323] and parameters: {'k1': 0.021368329072358756, 'D_low': 2.458603276328005, 'k2': 0.006138509947844854, 'D_high': 3660.150802571655, 'fire_exp': 1.1044852285094786, 'P_half': 2.157758652553991, 'pre_dampen_half': 76.86605275420082, 'gpp_af': 0.028585493941961918, 'gpp_b': 0.011750724729953272, 'gpp_d': 4.982605027348069, 'ign_k': 0.0026834162496848666, 'ign_c': 14.810800730363484}.
[I 2026-08-06 00:11:40,130] Trial 321 finished with values: [10.478051044293885, 10.478051044293885] and parameters: {'k1': 6.615437365561391e-05, 'D_low': 74.92772870670282, 'k2': 0.0007081721844034209, 'D_high': 20.31481195045495, 'fire_exp': 1.182396148413737, 'P_half': 10.226988730324324, 'pre_dampen_half': 5.542030950268268, 'gpp_af': 0.08235550625917108, 'gpp_b': 0.011750724729953272, 'gpp_d': 4.5768578731086835, 'ign_k': 0.6097546255373116, 'ign_c': 6.160975294741436}.
[I 2026-08-06 00:11:41,119] Trial 322 finished with values: [10.581340256251158, 10.581340256251158] and parameters: {'k1': 0.002971796631657383, 'D_low': 1.54121727098019, 'k2': 1.1184534120760473e-05, 'D_high': 75773.14388518519, 'fire_exp': 1.4665043946307825, 'P_half': 14.94057723907974, 'pre_dampen_half': 1.6130673726933187, 'gpp_af': 0.47739011308437823, 'gpp_b': 0.011750724729953272, 'gpp_d': 5.878566318396007, 'ign_k': 0.019192001101561888, 'ign_c': 0.1457050032975653}.
[I 2026-08-06 00:11:42,113] Trial 323 finished with values: [10.472907789092258, 10.472907789092258] and parameters: {'k1': 0.00324789183891923, 'D_low': 1455.0993923603367, 'k2': 0.006138509947844854, 'D_high': 3660.150802571655, 'fire_exp': 1.5201277403788451, 'P_half': 22.4895428439145, 'pre_dampen_half': 111.37963167994629, 'gpp_af': 0.47739011308437823, 'gpp_b': 0.0024194895091734425, 'gpp_d': 150.14555442537656, 'ign_k': 0.005877005203443299, 'ign_c': 0.3528113274684997}.
[I 2026-08-06 00:11:43,135] Trial 324 finished with values: [10.692894646126817, 10.692894646126817] and parameters: {'k1': 3.252245757497282e-05, 'D_low': 18.522006003174383, 'k2': 4.860905111373887e-05, 'D_high': 1687.3495104568947, 'fire_exp': 1.0881360604103363, 'P_half': 24.136213194527585, 'pre_dampen_half': 36.876350096203005, 'gpp_af': 29.925002022877802, 'gpp_b': 3.481277316673104e-05, 'gpp_d': 0.3924302839842014, 'ign_k': 3.7173717478250508, 'ign_c': 14.367095138664217}.
[I 2026-08-06 00:11:44,135] Trial 325 finished with values: [10.736767663906868, 10.736767663906868] and parameters: {'k1': 0.0005486676498816061, 'D_low': 125.32726386250698, 'k2': 0.0004381141781653133, 'D_high': 233.52156626184438, 'fire_exp': 1.182396148413737, 'P_half': 958.8659498594012, 'pre_dampen_half': 703.6426675556048, 'gpp_af': 0.0025511964576171086, 'gpp_b': 0.05693092741736214, 'gpp_d': 150.14555442537656, 'ign_k': 0.03141110271934876, 'ign_c': 47.268615251255675}.
[I 2026-08-06 00:11:45,116] Trial 326 finished with values: [11.54019396511349, 11.54019396511349] and parameters: {'k1': 0.03232155805617897, 'D_low': 98.57545621889057, 'k2': 0.034987345440353576, 'D_high': 6455.595882939566, 'fire_exp': 1.010722707674549, 'P_half': 39.03214299767183, 'pre_dampen_half': 59.66041614891413, 'gpp_af': 0.0025511964576171086, 'gpp_b': 3.228689523591491e-05, 'gpp_d': 0.19476644406315288, 'ign_k': 0.0026834162496848666, 'ign_c': 0.11049703024154134}.
[I 2026-08-06 00:11:46,112] Trial 327 finished with values: [10.047021415824629, 10.047021415824629] and parameters: {'k1': 0.00324789183891923, 'D_low': 1112.9571947046009, 'k2': 0.006138509947844854, 'D_high': 8182.111518618414, 'fire_exp': 1.5201277403788451, 'P_half': 24.136213194527585, 'pre_dampen_half': 111.37963167994629, 'gpp_af': 1.2003722333832936, 'gpp_b': 3.481277316673104e-05, 'gpp_d': 150.14555442537656, 'ign_k': 0.031134168041628628, 'ign_c': 19.19168994439752}.
[I 2026-08-06 00:11:47,108] Trial 328 finished with values: [-0.5308083020626213, 0.22465900639369496] and parameters: {'k1': 3.252245757497282e-05, 'D_low': 1112.9571947046009, 'k2': 0.08790311296857814, 'D_high': 3660.150802571655, 'fire_exp': 1.5201277403788451, 'P_half': 2.157758652553991, 'pre_dampen_half': 76.86605275420082, 'gpp_af': 1.6595781802652418, 'gpp_b': 3.481277316673104e-05, 'gpp_d': 34.37107943937136, 'ign_k': 0.017654048052495083, 'ign_c': 9.34330265731847}.
[I 2026-08-06 00:11:48,117] Trial 329 finished with values: [10.643503170486714, 10.643503170486714] and parameters: {'k1': 0.002971796631657383, 'D_low': 125.32726386250698, 'k2': 8.54747617666719e-05, 'D_high': 8182.111518618414, 'fire_exp': 1.4665043946307825, 'P_half': 1.4061463985176637, 'pre_dampen_half': 304.7488318185732, 'gpp_af': 0.0013243534516762826, 'gpp_b': 0.011750724729953272, 'gpp_d': 150.14555442537656, 'ign_k': 0.019192001101561888, 'ign_c': 0.1457050032975653}.
[I 2026-08-06 00:11:49,116] Trial 330 finished with values: [10.010470016092949, 10.010470016092949] and parameters: {'k1': 0.002971796631657383, 'D_low': 29.89885508829526, 'k2': 0.0007081721844034209, 'D_high': 3660.150802571655, 'fire_exp': 1.5201277403788451, 'P_half': 2.157758652553991, 'pre_dampen_half': 76.86605275420082, 'gpp_af': 29.925002022877802, 'gpp_b': 0.011750724729953272, 'gpp_d': 39.827466658711515, 'ign_k': 0.017654048052495083, 'ign_c': 6.160975294741436}.
[I 2026-08-06 00:11:50,096] Trial 331 finished with values: [-0.5514207910423494, 0.13133628945115794] and parameters: {'k1': 0.0029707920514735983, 'D_low': 1.54121727098019, 'k2': 1.1184534120760473e-05, 'D_high': 75773.14388518519, 'fire_exp': 1.4665043946307825, 'P_half': 125.61043700013555, 'pre_dampen_half': 36.876350096203005, 'gpp_af': 0.0025511964576171086, 'gpp_b': 3.228689523591491e-05, 'gpp_d': 5.878566318396007, 'ign_k': 0.019192001101561888, 'ign_c': 2.92043384718141}.
[I 2026-08-06 00:11:51,079] Trial 332 finished with values: [10.16815915000298, 10.16815915000298] and parameters: {'k1': 0.002971796631657383, 'D_low': 29.89885508829526, 'k2': 0.0007081721844034209, 'D_high': 9769.756791866093, 'fire_exp': 1.0881360604103363, 'P_half': 10.226988730324324, 'pre_dampen_half': 36.876350096203005, 'gpp_af': 29.925002022877802, 'gpp_b': 0.011750724729953272, 'gpp_d': 4.5768578731086835, 'ign_k': 0.0026834162496848666, 'ign_c': 6.160975294741436}.
[I 2026-08-06 00:11:52,056] Trial 333 finished with values: [-0.4899639760301759, 0.18406425192442744] and parameters: {'k1': 0.00012105387404469581, 'D_low': 4.051452710153359, 'k2': 3.5917714215176105e-05, 'D_high': 3660.150802571655, 'fire_exp': 1.5201277403788451, 'P_half': 22.4895428439145, 'pre_dampen_half': 304.7488318185732, 'gpp_af': 1.6595781802652418, 'gpp_b': 8.539677611488478e-05, 'gpp_d': 39.827466658711515, 'ign_k': 0.017654048052495083, 'ign_c': 14.810800730363484}.
[I 2026-08-06 00:11:53,034] Trial 334 finished with values: [10.465537896953645, 10.465537896953645] and parameters: {'k1': 0.002971796631657383, 'D_low': 29.89885508829526, 'k2': 0.0007081721844034209, 'D_high': 20.31481195045495, 'fire_exp': 1.182396148413737, 'P_half': 4.397766894483963, 'pre_dampen_half': 36.876350096203005, 'gpp_af': 0.0025511964576171086, 'gpp_b': 0.011750724729953272, 'gpp_d': 668.5510162938966, 'ign_k': 0.6097546255373116, 'ign_c': 2.2882309479728957}.
[I 2026-08-06 00:11:54,000] Trial 335 finished with values: [-0.5801083947367653, 0.14749328547475815] and parameters: {'k1': 0.0017320535908244437, 'D_low': 532.1216007763549, 'k2': 0.0010204225357677778, 'D_high': 75773.14388518519, 'fire_exp': 1.5201277403788451, 'P_half': 22.4895428439145, 'pre_dampen_half': 33.9790424311127, 'gpp_af': 0.0025511964576171086, 'gpp_b': 8.539677611488478e-05, 'gpp_d': 668.5510162938966, 'ign_k': 0.09071933427331372, 'ign_c': 14.810800730363484}.
[I 2026-08-06 00:11:55,001] Trial 336 finished with values: [10.059066288698244, 10.059066288698244] and parameters: {'k1': 2.0937989739527727e-05, 'D_low': 7.068974950624602, 'k2': 0.0004381141781653133, 'D_high': 30227.031291375773, 'fire_exp': 1.0501937052663004, 'P_half': 408.3047491580097, 'pre_dampen_half': 36.876350096203005, 'gpp_af': 23.63242908838987, 'gpp_b': 3.228689523591491e-05, 'gpp_d': 857.4284557962634, 'ign_k': 0.0026834162496848666, 'ign_c': 47.268615251255675}.
[I 2026-08-06 00:11:56,859] Trial 337 finished with values: [10.689036729843583, 10.689036729843583] and parameters: {'k1': 6.615437365561391e-05, 'D_low': 125.32726386250698, 'k2': 0.0004381141781653133, 'D_high': 233.52156626184438, 'fire_exp': 1.010722707674549, 'P_half': 4.397766894483963, 'pre_dampen_half': 33.9790424311127, 'gpp_af': 0.0025511964576171086, 'gpp_b': 3.228689523591491e-05, 'gpp_d': 0.19476644406315288, 'ign_k': 0.13054148118849407, 'ign_c': 47.268615251255675}.
[I 2026-08-06 00:11:59,659] Trial 338 finished with values: [10.07740382874415, 10.07740382874415] and parameters: {'k1': 0.05705198955850472, 'D_low': 98.57545621889057, 'k2': 0.031211489608802344, 'D_high': 15672.307460600232, 'fire_exp': 1.151006986743773, 'P_half': 12.808863354047988, 'pre_dampen_half': 111.37963167994629, 'gpp_af': 5.511863475708366, 'gpp_b': 9.71862138171112, 'gpp_d': 13.076473382928533, 'ign_k': 0.031134168041628628, 'ign_c': 8.671454322584175}.
[I 2026-08-06 00:12:00,808] Trial 339 finished with values: [10.733221421799152, 10.733221421799152] and parameters: {'k1': 0.002971796631657383, 'D_low': 7.068974950624602, 'k2': 1.1184534120760473e-05, 'D_high': 9769.756791866093, 'fire_exp': 1.811096651915224, 'P_half': 12.808863354047988, 'pre_dampen_half': 0.5669686912640489, 'gpp_af': 0.028585493941961918, 'gpp_b': 3.481277316673104e-05, 'gpp_d': 5.878566318396007, 'ign_k': 0.002357279455676982, 'ign_c': 0.1457050032975653}.
[I 2026-08-06 00:12:01,909] Trial 340 finished with values: [10.710380898307513, 10.710380898307513] and parameters: {'k1': 0.021368329072358756, 'D_low': 1171.5293025123642, 'k2': 0.00040525058872279963, 'D_high': 75773.14388518519, 'fire_exp': 2.196935728020977, 'P_half': 408.3047491580097, 'pre_dampen_half': 36.876350096203005, 'gpp_af': 0.028585493941961918, 'gpp_b': 8.539677611488478e-05, 'gpp_d': 150.14555442537656, 'ign_k': 0.0048255892187380085, 'ign_c': 14.810800730363484}.
[I 2026-08-06 00:12:03,035] Trial 341 finished with values: [10.442328995545044, 10.442328995545044] and parameters: {'k1': 6.615437365561391e-05, 'D_low': 2.1234210963705626, 'k2': 0.0499774937030317, 'D_high': 830.8114652888394, 'fire_exp': 1.811096651915224, 'P_half': 4.397766894483963, 'pre_dampen_half': 33.9790424311127, 'gpp_af': 0.47739011308437823, 'gpp_b': 3.228689523591491e-05, 'gpp_d': 668.5510162938966, 'ign_k': 0.002357279455676982, 'ign_c': 2.2882309479728957}.
[I 2026-08-06 00:12:04,073] Trial 342 finished with values: [10.477050187130432, 10.477050187130432] and parameters: {'k1': 0.03232155805617897, 'D_low': 1112.9571947046009, 'k2': 0.006138509947844854, 'D_high': 8182.111518618414, 'fire_exp': 1.1044852285094786, 'P_half': 14.94057723907974, 'pre_dampen_half': 1.6130673726933187, 'gpp_af': 0.028585493941961918, 'gpp_b': 3.481277316673104e-05, 'gpp_d': 368.30088529547436, 'ign_k': 0.11101191524846071, 'ign_c': 10.140635645866492}.
[I 2026-08-06 00:12:05,013] Trial 343 finished with values: [10.300325247439913, 10.300325247439913] and parameters: {'k1': 2.0937989739527727e-05, 'D_low': 125.32726386250698, 'k2': 0.0004381141781653133, 'D_high': 8182.111518618414, 'fire_exp': 1.010722707674549, 'P_half': 125.61043700013555, 'pre_dampen_half': 703.6426675556048, 'gpp_af': 1.3725472882585024, 'gpp_b': 2.800940363375676e-05, 'gpp_d': 0.19476644406315288, 'ign_k': 0.0048255892187380085, 'ign_c': 0.6235377135673155}.
[I 2026-08-06 00:12:05,944] Trial 344 finished with values: [10.752222728415338, 10.752222728415338] and parameters: {'k1': 0.021368329072358756, 'D_low': 29.89885508829526, 'k2': 1.1184534120760473e-05, 'D_high': 31239.815244140624, 'fire_exp': 1.811096651915224, 'P_half': 408.3047491580097, 'pre_dampen_half': 36.876350096203005, 'gpp_af': 83.25634591966735, 'gpp_b': 0.011750724729953272, 'gpp_d': 4.5768578731086835, 'ign_k': 0.0026834162496848666, 'ign_c': 2.92043384718141}.
