[I 2026-07-24 02:14:43,696] Trial 1152 finished with value: 0.43476621516395664 and parameters: {'k1': 6.843358968409021e-05, 'D_low': 48.936359237936166, 'k2': 0.03144395667241586, 'D_high': 3263721.218911897, 'fire_exp': 1.8899923271396981, 'P_half': 22.074194217547646, 'pre_dampen_half': 1.0805644895877247, 'gpp_af': 0.004026606403849856, 'gpp_b': 2.717569204817308e-05, 'gpp_d': 0.15724392065049797, 'ign_k': 0.0011309822695474126, 'ign_c': 1.3645167850108049, 'trop_agb_crit': 2.627974449455141, 'trop_k_veg': 1.7329953613009752, 'gdp_gamma': 0.8038528268489831, 'fuel_k': 0.032429260728942935, 'fuel_half': 0.13684409576583476}. Best is trial 335 with value: -0.6233152110406992.
[I 2026-07-24 02:14:44,168] Trial 1153 finished with value: 0.4288740568030336 and parameters: {'k1': 0.0001841571735883883, 'D_low': 74.71057283536742, 'k2': 0.01338209197232802, 'D_high': 43874.33930376924, 'fire_exp': 1.0643865127195966, 'P_half': 2.3932717307973497, 'pre_dampen_half': 0.05374625863913447, 'gpp_af': 0.0035463591137768163, 'gpp_b': 8.73836510247888e-05, 'gpp_d': 6.547332519487527, 'ign_k': 0.180523310152567, 'ign_c': 0.24015196485776294, 'trop_agb_crit': 4.238233128624353, 'trop_k_veg': 2.257914072047977, 'gdp_gamma': 0.5998578861560482, 'fuel_k': 0.1286978440622651, 'fuel_half': 7.957970712161432}. Best is trial 335 with value: -0.6233152110406992.
[I 2026-07-24 02:14:44,621] Trial 1154 finished with value: 0.5721188055363795 and parameters: {'k1': 0.00036475647278389546, 'D_low': 24.06155025545744, 'k2': 0.004643503770516017, 'D_high': 2309715.338495641, 'fire_exp': 2.294989860529732, 'P_half': 258.26637413421685, 'pre_dampen_half': 0.06156497376122123, 'gpp_af': 0.0027088748961396976, 'gpp_b': 0.00037191883798816275, 'gpp_d': 71.79945348729645, 'ign_k': 0.0015854070599275903, 'ign_c': 0.12272354237429069, 'trop_agb_crit': 5.625619137287432, 'trop_k_veg': 2.04121485347747, 'gdp_gamma': 0.6033577297798461, 'fuel_k': 0.017728680373614435, 'fuel_half': 25.082389229985523}. Best is trial 335 with value: -0.6233152110406992.
[I 2026-07-24 02:14:45,081] Trial 1155 finished with value: 0.42352935516825796 and parameters: {'k1': 2.9872203137900782e-05, 'D_low': 33.07026935814895, 'k2': 0.008744073653338012, 'D_high': 496583.5433108594, 'fire_exp': 1.130197757793437, 'P_half': 139.31473413496116, 'pre_dampen_half': 1.5099103887330385, 'gpp_af': 0.004523128429711324, 'gpp_b': 0.00012117024410142815, 'gpp_d': 26.751967219269478, 'ign_k': 0.00227215744251208, 'ign_c': 0.25914086572578515, 'trop_agb_crit': 3.0133415542702555, 'trop_k_veg': 2.348210751443117, 'gdp_gamma': 0.4535905193388796, 'fuel_k': 0.014244863622316237, 'fuel_half': 25.40125770893374}. Best is trial 335 with value: -0.6233152110406992.
[I 2026-07-24 02:14:45,559] Trial 1156 finished with value: 0.6453690012676017 and parameters: {'k1': 0.006132841248208713, 'D_low': 60922.25200711332, 'k2': 3.343404335989904e-05, 'D_high': 36.78521499971192, 'fire_exp': 1.6520884352476288, 'P_half': 4.94753812798706, 'pre_dampen_half': 121.65565420782757, 'gpp_af': 2.558221689159083, 'gpp_b': 0.0012593497483415726, 'gpp_d': 0.017338556362303973, 'ign_k': 0.15790364026501, 'ign_c': 0.4227543195273071, 'trop_agb_crit': 1.093722278986909, 'trop_k_veg': 0.9133332710168809, 'gdp_gamma': 0.007273612183897523, 'fuel_k': 0.12116992799209031, 'fuel_half': 10.320976828765556}. Best is trial 335 with value: -0.6233152110406992.
[I 2026-07-24 02:14:46,014] Trial 1157 finished with value: 0.6153991912873757 and parameters: {'k1': 0.029038758261250085, 'D_low': 415.162637200455, 'k2': 0.09020625224452482, 'D_high': 770.1798631259466, 'fire_exp': 2.6357348595764454, 'P_half': 1086.9236870650163, 'pre_dampen_half': 49.54786300619258, 'gpp_af': 0.15646114687178106, 'gpp_b': 0.002518004407824583, 'gpp_d': 200.23418012630592, 'ign_k': 0.041007824675858624, 'ign_c': 21.667885992920016, 'trop_agb_crit': 4.577522903094774, 'trop_k_veg': 0.584013938294115, 'gdp_gamma': 0.00566376184508606, 'fuel_k': 2.672638708648186, 'fuel_half': 53.3473103898267}. Best is trial 335 with value: -0.6233152110406992.
[I 2026-07-24 02:14:46,479] Trial 1158 finished with value: -0.5784400752405952 and parameters: {'k1': 1.0081102954539187e-05, 'D_low': 9.029537968723305, 'k2': 0.03398078086773769, 'D_high': 2949067.620125854, 'fire_exp': 1.247752425313836, 'P_half': 448.29484732604743, 'pre_dampen_half': 146.9268005713672, 'gpp_af': 0.0049540569744732175, 'gpp_b': 1.4141416691310409e-05, 'gpp_d': 2.0153929061022655, 'ign_k': 0.002783406514090539, 'ign_c': 0.44293141926253515, 'trop_agb_crit': 2.6604736745015667, 'trop_k_veg': 0.7237457575877492, 'gdp_gamma': 0.42180910305935004, 'fuel_k': 0.019344542068448805, 'fuel_half': 4.150774789960512}. Best is trial 335 with value: -0.6233152110406992.
[I 2026-07-24 02:14:46,938] Trial 1159 finished with value: 0.581720038416011 and parameters: {'k1': 1.909690596387915e-05, 'D_low': 287.2833088049467, 'k2': 0.09406947597247084, 'D_high': 181237.43418906088, 'fire_exp': 2.5379730721421367, 'P_half': 12.363423963909325, 'pre_dampen_half': 2.5632500995986236, 'gpp_af': 0.11975903179232494, 'gpp_b': 0.00016243840010526456, 'gpp_d': 9.1301758466509, 'ign_k': 0.04143925960291761, 'ign_c': 93.03448162120661, 'trop_agb_crit': 8.801767476851067, 'trop_k_veg': 4.794144061089121, 'gdp_gamma': 0.4376982269183038, 'fuel_k': 0.1446135030901923, 'fuel_half': 3.9943109659791656}. Best is trial 335 with value: -0.6233152110406992.
[I 2026-07-24 02:14:47,395] Trial 1160 finished with value: 0.5786278261602089 and parameters: {'k1': 0.00902853304527444, 'D_low': 3.5100137647174066, 'k2': 0.0017884798441394568, 'D_high': 4968409.306138445, 'fire_exp': 1.7373933716322945, 'P_half': 8419.16885101353, 'pre_dampen_half': 5.4212279735806534, 'gpp_af': 0.001584132693534339, 'gpp_b': 1.2903484559470399e-05, 'gpp_d': 5.110251122826584, 'ign_k': 0.009263084082127454, 'ign_c': 0.7087199912927422, 'trop_agb_crit': 1.1463929008826228, 'trop_k_veg': 1.3163420299383082, 'gdp_gamma': 1.014353278428684, 'fuel_k': 0.022000295761459433, 'fuel_half': 11.823147688679319}. Best is trial 335 with value: -0.6233152110406992.
[I 2026-07-24 02:14:47,868] Trial 1161 finished with value: 0.39938305631236104 and parameters: {'k1': 1.0687382895158001e-05, 'D_low': 21.07555555647496, 'k2': 0.0037128279520725377, 'D_high': 262235.97131918324, 'fire_exp': 1.457410073698702, 'P_half': 9.918693186266202, 'pre_dampen_half': 14.737881813651882, 'gpp_af': 0.001657821847853026, 'gpp_b': 1.584062047362624e-05, 'gpp_d': 17.396280506093934, 'ign_k': 0.00291622798920153, 'ign_c': 17.05789482523487, 'trop_agb_crit': 6.443484001184389, 'trop_k_veg': 0.9479322557703342, 'gdp_gamma': 1.1864066216324831, 'fuel_k': 0.22886072810330937, 'fuel_half': 10.47153854535219}. Best is trial 335 with value: -0.6233152110406992.
[I 2026-07-24 02:14:48,337] Trial 1162 finished with value: 0.5204304021372028 and parameters: {'k1': 0.0014493707830546482, 'D_low': 9.456522906273452, 'k2': 0.013802953033180328, 'D_high': 615490.2298114272, 'fire_exp': 1.214720350300804, 'P_half': 370.78645080750266, 'pre_dampen_half': 0.042247572526061525, 'gpp_af': 0.05521030189115297, 'gpp_b': 0.0008498098092740242, 'gpp_d': 152.02986995645765, 'ign_k': 0.027146802037094072, 'ign_c': 6.4256420090485795, 'trop_agb_crit': 1.5879137867609059, 'trop_k_veg': 3.788453426945059, 'gdp_gamma': 0.40174364751723585, 'fuel_k': 0.010998033369002375, 'fuel_half': 1.5818361715258507}. Best is trial 335 with value: -0.6233152110406992.
[I 2026-07-24 02:14:48,791] Trial 1163 finished with value: 0.441409252789444 and parameters: {'k1': 0.0002165574879775231, 'D_low': 1.8695227793708042, 'k2': 0.005812426787845658, 'D_high': 848607.605520277, 'fire_exp': 1.274169205605019, 'P_half': 28.11124767126549, 'pre_dampen_half': 1.58605618505246, 'gpp_af': 0.002634125870275441, 'gpp_b': 2.4046722466789796e-05, 'gpp_d': 5.747827938370478, 'ign_k': 0.01644151652634574, 'ign_c': 5.453822757369042, 'trop_agb_crit': 3.5294005888852977, 'trop_k_veg': 2.1508065017028652, 'gdp_gamma': 1.1450746418250628, 'fuel_k': 0.032313350930344986, 'fuel_half': 0.22721146166434447}. Best is trial 335 with value: -0.6233152110406992.
[I 2026-07-24 02:14:49,251] Trial 1164 finished with value: 0.5204277536591345 and parameters: {'k1': 0.0020827073017300134, 'D_low': 61.88257942370774, 'k2': 0.0005315865138013618, 'D_high': 3648966.6792626195, 'fire_exp': 1.2007386910622868, 'P_half': 164.61850136206897, 'pre_dampen_half': 0.12874906096241384, 'gpp_af': 0.1809648747625295, 'gpp_b': 0.0005043232814684287, 'gpp_d': 14.795536327287968, 'ign_k': 0.0013413064812549755, 'ign_c': 2.775543461181926, 'trop_agb_crit': 1.5368769748768882, 'trop_k_veg': 4.581683488197133, 'gdp_gamma': 0.22758530545323613, 'fuel_k': 0.05775335125565572, 'fuel_half': 1.8265428781792585}. Best is trial 335 with value: -0.6233152110406992.
[I 2026-07-24 02:14:49,712] Trial 1165 finished with value: 0.43297026746318323 and parameters: {'k1': 0.015251287842867845, 'D_low': 13.079008442206433, 'k2': 0.022440512127413357, 'D_high': 3923848.109289216, 'fire_exp': 1.3252277671916595, 'P_half': 84.57274742723996, 'pre_dampen_half': 0.4415568744759563, 'gpp_af': 0.05415734446038889, 'gpp_b': 0.0004361625121764801, 'gpp_d': 6.322072827028883, 'ign_k': 0.011705028395674735, 'ign_c': 0.9915691553044916, 'trop_agb_crit': 5.0081345900439835, 'trop_k_veg': 3.2214785191833375, 'gdp_gamma': 0.3820509318529769, 'fuel_k': 0.01782214915550732, 'fuel_half': 2.3665396997979347}. Best is trial 335 with value: -0.6233152110406992.
[I 2026-07-24 02:14:50,172] Trial 1166 finished with value: 0.37331288426155607 and parameters: {'k1': 4.600498902457786e-05, 'D_low': 59.29697881921448, 'k2': 0.003924971164108229, 'D_high': 4609300.771326484, 'fire_exp': 1.0769099451324893, 'P_half': 399.54395329391633, 'pre_dampen_half': 1.862555948599753, 'gpp_af': 0.0048998624606886275, 'gpp_b': 4.2726301017458685e-05, 'gpp_d': 6.59878370054617, 'ign_k': 0.0016584342224075484, 'ign_c': 0.24725421987694196, 'trop_agb_crit': 4.67453903370543, 'trop_k_veg': 0.8042637792006597, 'gdp_gamma': 1.5644861764437248, 'fuel_k': 0.023171387953864083, 'fuel_half': 19.886187318322875}. Best is trial 335 with value: -0.6233152110406992.
[I 2026-07-24 02:14:50,626] Trial 1167 finished with value: 0.4375077265619556 and parameters: {'k1': 1.393523287735761e-05, 'D_low': 3.703549674847313, 'k2': 0.00036183742425629773, 'D_high': 727302.1513472496, 'fire_exp': 1.1007829313880466, 'P_half': 34.79500668569887, 'pre_dampen_half': 27.79966040294844, 'gpp_af': 0.001172547541235296, 'gpp_b': 0.0006250824349224668, 'gpp_d': 1.241614990028391, 'ign_k': 0.007510243168253367, 'ign_c': 0.15294786638099092, 'trop_agb_crit': 5.272425249922047, 'trop_k_veg': 0.5598218036986989, 'gdp_gamma': 1.7355424219662228, 'fuel_k': 0.039540631913497624, 'fuel_half': 6.68301110011392}. Best is trial 335 with value: -0.6233152110406992.
[I 2026-07-24 02:14:51,086] Trial 1168 finished with value: 0.4603318489287317 and parameters: {'k1': 9.454239648388902e-05, 'D_low': 1.2325476642246853, 'k2': 0.0002032961699937404, 'D_high': 224890.86644220466, 'fire_exp': 2.10772881709821, 'P_half': 147.37929446905002, 'pre_dampen_half': 257.2153930324386, 'gpp_af': 0.001624903061215596, 'gpp_b': 1.7832605972728987e-05, 'gpp_d': 22.95476813657219, 'ign_k': 0.017367130494556668, 'ign_c': 1.4776707195590104, 'trop_agb_crit': 2.533620962104298, 'trop_k_veg': 1.3985532050424334, 'gdp_gamma': 1.8098499136530743, 'fuel_k': 0.024874178826069314, 'fuel_half': 16.571125845802904}. Best is trial 335 with value: -0.6233152110406992.
[I 2026-07-24 02:14:51,555] Trial 1169 finished with value: 0.3840306198389758 and parameters: {'k1': 0.00011837939621337747, 'D_low': 160.937088227428, 'k2': 0.00010033356757235769, 'D_high': 6969640.556135369, 'fire_exp': 1.2480684249226137, 'P_half': 484.794046913881, 'pre_dampen_half': 17.6087147787859, 'gpp_af': 0.039284042995832, 'gpp_b': 1.0394687162831976e-05, 'gpp_d': 1.602928920788101, 'ign_k': 0.0013366364650035446, 'ign_c': 685.36143573342, 'trop_agb_crit': 3.517864567802759, 'trop_k_veg': 1.4417762971050951, 'gdp_gamma': 1.4423325477257456, 'fuel_k': 0.18728829349024423, 'fuel_half': 27.00377647566703}. Best is trial 335 with value: -0.6233152110406992.
[I 2026-07-24 02:14:52,011] Trial 1170 finished with value: -0.5949447354307418 and parameters: {'k1': 0.00012146876303395889, 'D_low': 16.622708298082685, 'k2': 0.007581576107226225, 'D_high': 84199.5360326036, 'fire_exp': 1.260399730563055, 'P_half': 2.543636810081805, 'pre_dampen_half': 0.4071790532102052, 'gpp_af': 0.026033141140368504, 'gpp_b': 0.00029037540155706386, 'gpp_d': 2.1609218589792865, 'ign_k': 0.003165336835079372, 'ign_c': 0.5310256135480851, 'trop_agb_crit': 5.352581504594029, 'trop_k_veg': 1.8091555142293345, 'gdp_gamma': 1.7087905243711383, 'fuel_k': 0.02970474956035155, 'fuel_half': 1.187628001146196}. Best is trial 335 with value: -0.6233152110406992.
[I 2026-07-24 02:14:52,582] Trial 1171 finished with value: -0.575230988586469 and parameters: {'k1': 1.07561507691093e-05, 'D_low': 7.261575097998694, 'k2': 0.00022610847775657504, 'D_high': 6747617.232765822, 'fire_exp': 1.363934947544576, 'P_half': 1.5803025521282383, 'pre_dampen_half': 0.1355199864199197, 'gpp_af': 0.049461327054624575, 'gpp_b': 6.664228341743013e-05, 'gpp_d': 107.9646268238997, 'ign_k': 0.08497681806130007, 'ign_c': 0.37689530181136693, 'trop_agb_crit': 3.756846301293564, 'trop_k_veg': 0.6282582093068179, 'gdp_gamma': 1.8789085638769987, 'fuel_k': 0.031882430986885875, 'fuel_half': 0.7747109848614451}. Best is trial 335 with value: -0.6233152110406992.
[I 2026-07-24 02:14:53,043] Trial 1172 finished with value: 0.561874078188738 and parameters: {'k1': 0.00054333196447837, 'D_low': 3.5189061397168953, 'k2': 0.008659951925817309, 'D_high': 1966839.8401224336, 'fire_exp': 2.485066558856777, 'P_half': 938.9509371761454, 'pre_dampen_half': 2.2785631962233768, 'gpp_af': 0.020092394277815038, 'gpp_b': 2.9316735349014955e-05, 'gpp_d': 0.5865412143860844, 'ign_k': 0.0025598854931627615, 'ign_c': 2.658137203701749, 'trop_agb_crit': 21.985561769951186, 'trop_k_veg': 0.6090588692132254, 'gdp_gamma': 1.7286666588492712, 'fuel_k': 0.29673090716663647, 'fuel_half': 85.19607935035349}. Best is trial 335 with value: -0.6233152110406992.
[I 2026-07-24 02:14:53,498] Trial 1173 finished with value: 0.5108435991293441 and parameters: {'k1': 1.3955968453823254e-05, 'D_low': 8.0314717078531, 'k2': 0.036662843845381654, 'D_high': 57563.369634172544, 'fire_exp': 1.396578635573855, 'P_half': 4.685099688837947, 'pre_dampen_half': 0.034309748581774, 'gpp_af': 0.0256306838728132, 'gpp_b': 0.004941107401522136, 'gpp_d': 20.649612944011267, 'ign_k': 0.2904219453213579, 'ign_c': 3.2761994043479605, 'trop_agb_crit': 5.7869346627002205, 'trop_k_veg': 3.5533994707258802, 'gdp_gamma': 0.773013696096686, 'fuel_k': 0.14823118001499608, 'fuel_half': 11.21791525329844}. Best is trial 335 with value: -0.6233152110406992.
[I 2026-07-24 02:14:53,959] Trial 1174 finished with value: 0.5865917909102618 and parameters: {'k1': 4.527079091854337e-05, 'D_low': 504.4179178335842, 'k2': 0.016197741142224175, 'D_high': 199172.32017962768, 'fire_exp': 1.520773246710468, 'P_half': 1.1377648845195334, 'pre_dampen_half': 0.43268163517203156, 'gpp_af': 0.002653332632504024, 'gpp_b': 0.014359879446697576, 'gpp_d': 17.535571295968236, 'ign_k': 0.007109573923824363, 'ign_c': 11.240029102560001, 'trop_agb_crit': 3.472332228439911, 'trop_k_veg': 4.998511767175442, 'gdp_gamma': 1.2911482761124342, 'fuel_k': 0.11796801188055446, 'fuel_half': 6.339479107033625}. Best is trial 335 with value: -0.6233152110406992.
[I 2026-07-24 02:14:54,421] Trial 1175 finished with value: 0.5171577205177642 and parameters: {'k1': 0.005082346294620187, 'D_low': 65.30141994885412, 'k2': 0.0966831563823905, 'D_high': 3049726.9197175293, 'fire_exp': 1.9100165373441005, 'P_half': 210.05944128880745, 'pre_dampen_half': 23.31185534240354, 'gpp_af': 0.0025390197761224432, 'gpp_b': 2.8724592411849812e-05, 'gpp_d': 60.054249150735586, 'ign_k': 0.0027242740638418897, 'ign_c': 2.9093004577117982, 'trop_agb_crit': 26.34385632480008, 'trop_k_veg': 0.8696111093175332, 'gdp_gamma': 0.06474374842192446, 'fuel_k': 0.01547778456341331, 'fuel_half': 24.733968328574893}. Best is trial 335 with value: -0.6233152110406992.
[I 2026-07-24 02:14:54,878] Trial 1176 finished with value: 0.5363241696192038 and parameters: {'k1': 0.002380047788201568, 'D_low': 129.46387236417206, 'k2': 0.0007175633331085702, 'D_high': 8731783.775983645, 'fire_exp': 1.0735745640651533, 'P_half': 21.540673999977624, 'pre_dampen_half': 0.0360634984487874, 'gpp_af': 0.004768312893491651, 'gpp_b': 6.528725177932813e-05, 'gpp_d': 13.472203658491772, 'ign_k': 0.010246102509948906, 'ign_c': 22.28519556753813, 'trop_agb_crit': 2.1011783902131245, 'trop_k_veg': 1.4361896836972439, 'gdp_gamma': 0.19061578543121088, 'fuel_k': 0.0158075149040007, 'fuel_half': 7.172721408960693}. Best is trial 335 with value: -0.6233152110406992.
[I 2026-07-24 02:14:55,334] Trial 1177 finished with value: -0.6110532676873905 and parameters: {'k1': 3.448102157629737e-05, 'D_low': 15.160310154950155, 'k2': 0.06482692512581277, 'D_high': 156738.66767182434, 'fire_exp': 1.1180024868135139, 'P_half': 1.52957411224787, 'pre_dampen_half': 0.4307854011447822, 'gpp_af': 0.002512736646167833, 'gpp_b': 0.0001060486580805222, 'gpp_d': 12.351961820615049, 'ign_k': 0.01063181073112154, 'ign_c': 4.8097342968819925, 'trop_agb_crit': 10.315463366479726, 'trop_k_veg': 3.59976916410715, 'gdp_gamma': 1.6311140930375294, 'fuel_k': 0.04655259667409079, 'fuel_half': 1.1147312357597365}. Best is trial 335 with value: -0.6233152110406992.
[I 2026-07-24 02:14:55,790] Trial 1178 finished with value: 0.5450271971182664 and parameters: {'k1': 0.00014256558393147735, 'D_low': 7.446873069276955, 'k2': 0.002741241318960331, 'D_high': 27186.842848296383, 'fire_exp': 1.1472283264159566, 'P_half': 16.50349743245951, 'pre_dampen_half': 0.04929448165261066, 'gpp_af': 0.0026766592703558493, 'gpp_b': 2.653663136787751e-05, 'gpp_d': 3.3780629282144905, 'ign_k': 0.009365561190638291, 'ign_c': 0.9075136512922473, 'trop_agb_crit': 1.9411008860766863, 'trop_k_veg': 0.5021527409157011, 'gdp_gamma': 0.645495247194598, 'fuel_k': 0.02557638800603703, 'fuel_half': 12.349587520889832}. Best is trial 335 with value: -0.6233152110406992.
[I 2026-07-24 02:14:56,246] Trial 1179 finished with value: 0.6166851339743168 and parameters: {'k1': 0.00015552036410983503, 'D_low': 85.77384330744238, 'k2': 0.0639054479211249, 'D_high': 889.3112161339351, 'fire_exp': 1.8891300466000223, 'P_half': 1.3669460810673042, 'pre_dampen_half': 0.07115352922038433, 'gpp_af': 0.03504919205402071, 'gpp_b': 6.319621777519967e-05, 'gpp_d': 1.2228064110293702, 'ign_k': 0.002660010781455239, 'ign_c': 18.58563096378037, 'trop_agb_crit': 12.523388815359661, 'trop_k_veg': 3.05402654701337, 'gdp_gamma': 1.2741498519148695, 'fuel_k': 0.061753719885116874, 'fuel_half': 0.9354177226851156}. Best is trial 335 with value: -0.6233152110406992.
[I 2026-07-24 02:14:56,708] Trial 1180 finished with value: 0.5595580690030896 and parameters: {'k1': 0.00010781174373958065, 'D_low': 44.51199769605935, 'k2': 5.396664867569905e-05, 'D_high': 2932750.574173128, 'fire_exp': 1.773782215884999, 'P_half': 115.74129031814874, 'pre_dampen_half': 0.8179696132946072, 'gpp_af': 0.001103237024136939, 'gpp_b': 4.985325110192138e-05, 'gpp_d': 0.3038043405031943, 'ign_k': 0.001512120820172408, 'ign_c': 1.5617185108106273, 'trop_agb_crit': 1.6132562879906036, 'trop_k_veg': 0.6926672432243104, 'gdp_gamma': 0.29550637530653484, 'fuel_k': 0.016676995199783398, 'fuel_half': 6.449229265693519}. Best is trial 335 with value: -0.6233152110406992.
[I 2026-07-24 02:14:57,163] Trial 1181 finished with value: 0.5410254370513037 and parameters: {'k1': 2.5683622223125944e-05, 'D_low': 2.436231805797789, 'k2': 0.0024790438094709835, 'D_high': 185653.60388712556, 'fire_exp': 1.9274965264870265, 'P_half': 47.08959326856777, 'pre_dampen_half': 0.2528908851745143, 'gpp_af': 0.0014304147415812815, 'gpp_b': 7.684832121034582e-05, 'gpp_d': 0.3065650694169761, 'ign_k': 0.002020084875720781, 'ign_c': 0.10261383111734035, 'trop_agb_crit': 9.701736720555097, 'trop_k_veg': 1.0592418102871644, 'gdp_gamma': 1.9469845124459422, 'fuel_k': 0.06427056015641694, 'fuel_half': 5.666884819696481}. Best is trial 335 with value: -0.6233152110406992.
[I 2026-07-24 02:14:57,617] Trial 1182 finished with value: 0.5266454353214229 and parameters: {'k1': 0.0007607485891118769, 'D_low': 21.111533061787288, 'k2': 0.00017015100800458463, 'D_high': 4322226.495435597, 'fire_exp': 1.0992936264929212, 'P_half': 7.742673003037155, 'pre_dampen_half': 1.2720922769908445, 'gpp_af': 0.02847988717171609, 'gpp_b': 1.7286578575596734e-05, 'gpp_d': 0.10569088929593114, 'ign_k': 0.035298135131308285, 'ign_c': 0.14039726001188707, 'trop_agb_crit': 3.7632612640340977, 'trop_k_veg': 0.8190421570034617, 'gdp_gamma': 1.1386319101509155, 'fuel_k': 0.018802034777837467, 'fuel_half': 27.69193665763615}. Best is trial 335 with value: -0.6233152110406992.
[I 2026-07-24 02:14:58,075] Trial 1183 finished with value: 0.40829238436266 and parameters: {'k1': 0.00030840475562793845, 'D_low': 21.75186073905911, 'k2': 0.02333797155830788, 'D_high': 2978863.940436204, 'fire_exp': 1.510821823476317, 'P_half': 4.825772742599858, 'pre_dampen_half': 0.37099972306861745, 'gpp_af': 0.007071592628901183, 'gpp_b': 2.419728066157095e-05, 'gpp_d': 54.61977578715178, 'ign_k': 0.05395511480581906, 'ign_c': 33.05102955410723, 'trop_agb_crit': 3.558852846321093, 'trop_k_veg': 4.145370324644229, 'gdp_gamma': 1.1933827219825779, 'fuel_k': 0.04118683484064971, 'fuel_half': 3.1420656938782825}. Best is trial 335 with value: -0.6233152110406992.
