[I 2026-08-05 23:15:00,813] Trial 270 finished with values: [10.043134236655467, 10.043134236655467] and parameters: {'k1': 0.0024398964530167717, 'D_low': 2.1234210963705626, 'k2': 0.0010204225357677778, 'D_high': 43033.06161410616, 'fire_exp': 2.1589564941849333, 'P_half': 63.585411411994926, 'pre_dampen_half': 347.79988160923324, 'gpp_af': 10.25616274847308, 'gpp_b': 2.800940363375676e-05, 'gpp_d': 5.878566318396007, 'ign_k': 1.2124080603355416, 'ign_c': 0.6235377135673155}.
[I 2026-08-05 23:15:02,061] Trial 271 finished with values: [10.051742310019398, 10.051742310019398] and parameters: {'k1': 0.00013783578294796384, 'D_low': 29.89885508829526, 'k2': 0.0007081721844034209, 'D_high': 9769.756791866093, 'fire_exp': 1.0881360604103363, 'P_half': 8.968733598183245, 'pre_dampen_half': 703.6426675556048, 'gpp_af': 29.925002022877802, 'gpp_b': 3.139005000572696e-05, 'gpp_d': 857.4284557962634, 'ign_k': 0.0048255892187380085, 'ign_c': 12.37061744238074}.
[I 2026-08-05 23:15:03,243] Trial 272 finished with values: [10.705529159032878, 10.705529159032878] and parameters: {'k1': 0.002971796631657383, 'D_low': 29.89885508829526, 'k2': 0.0007081721844034209, 'D_high': 9769.756791866093, 'fire_exp': 1.0881360604103363, 'P_half': 10.226988730324324, 'pre_dampen_half': 36.876350096203005, 'gpp_af': 29.925002022877802, 'gpp_b': 4.361034464114157e-05, 'gpp_d': 0.02375138331725693, 'ign_k': 0.0026834162496848666, 'ign_c': 6.160975294741436}.
[I 2026-08-05 23:15:04,446] Trial 273 finished with values: [10.769199906868684, 10.769199906868684] and parameters: {'k1': 0.008180032418045739, 'D_low': 2.1234210963705626, 'k2': 4.763991596630584e-05, 'D_high': 39.323386421481615, 'fire_exp': 1.010722707674549, 'P_half': 45.55085098454082, 'pre_dampen_half': 107.40052367919465, 'gpp_af': 5.511863475708366, 'gpp_b': 0.009396105777395792, 'gpp_d': 891.8036602897795, 'ign_k': 0.34703605955441524, 'ign_c': 56.70346335627288}.
[I 2026-08-05 23:15:05,660] Trial 274 finished with values: [10.356702060416879, 10.356702060416879] and parameters: {'k1': 0.0005486676498816061, 'D_low': 1.4045842344024697, 'k2': 0.08894151386481904, 'D_high': 6366.1449945522045, 'fire_exp': 1.5201277403788451, 'P_half': 13.019246714361572, 'pre_dampen_half': 304.7488318185732, 'gpp_af': 92.21975850381763, 'gpp_b': 3.481277316673104e-05, 'gpp_d': 150.14555442537656, 'ign_k': 0.03141110271934876, 'ign_c': 1.5061320080433496}.
[I 2026-08-05 23:15:06,875] Trial 275 finished with values: [10.500681809121838, 10.500681809121838] and parameters: {'k1': 3.252245757497282e-05, 'D_low': 1112.9571947046009, 'k2': 3.5917714215176105e-05, 'D_high': 8182.111518618414, 'fire_exp': 1.2943117749495199, 'P_half': 63.585411411994926, 'pre_dampen_half': 304.7488318185732, 'gpp_af': 10.25616274847308, 'gpp_b': 3.481277316673104e-05, 'gpp_d': 150.14555442537656, 'ign_k': 0.019192001101561888, 'ign_c': 0.6235377135673155}.
[I 2026-08-05 23:15:08,091] Trial 276 finished with values: [10.615193529156945, 10.615193529156945] and parameters: {'k1': 7.841214856323651e-05, 'D_low': 29.89885508829526, 'k2': 3.5917714215176105e-05, 'D_high': 96.74045662145933, 'fire_exp': 1.0881360604103363, 'P_half': 10.226988730324324, 'pre_dampen_half': 304.7488318185732, 'gpp_af': 29.925002022877802, 'gpp_b': 0.011750724729953272, 'gpp_d': 2.736251365128462, 'ign_k': 0.03141110271934876, 'ign_c': 3.0378658251922155}.
[I 2026-08-05 23:15:09,295] Trial 277 finished with values: [10.766783556270175, 10.766783556270175] and parameters: {'k1': 0.01889771394135163, 'D_low': 2.1234210963705626, 'k2': 4.763991596630584e-05, 'D_high': 233.52156626184438, 'fire_exp': 1.010722707674549, 'P_half': 4.397766894483963, 'pre_dampen_half': 107.40052367919465, 'gpp_af': 0.0025511964576171086, 'gpp_b': 0.6637926838138378, 'gpp_d': 891.8036602897795, 'ign_k': 0.34703605955441524, 'ign_c': 0.7724824966785973}.
[I 2026-08-05 23:15:10,568] Trial 278 finished with values: [10.753499985901872, 10.753499985901872] and parameters: {'k1': 0.00324789183891923, 'D_low': 1.4045842344024697, 'k2': 0.031211489608802344, 'D_high': 48249.14281180252, 'fire_exp': 1.151006986743773, 'P_half': 13.019246714361572, 'pre_dampen_half': 304.7488318185732, 'gpp_af': 0.04339970334001348, 'gpp_b': 7.402343469704428e-05, 'gpp_d': 0.11136446029400991, 'ign_k': 0.03033111747878116, 'ign_c': 157.63894361785373}.
[I 2026-08-05 23:15:11,812] Trial 279 finished with values: [10.592382189448342, 10.592382189448342] and parameters: {'k1': 0.00013783578294796384, 'D_low': 1.4045842344024697, 'k2': 0.031211489608802344, 'D_high': 1024.9816559563214, 'fire_exp': 1.0881360604103363, 'P_half': 13.019246714361572, 'pre_dampen_half': 107.40052367919465, 'gpp_af': 0.015769192447197523, 'gpp_b': 0.011750724729953272, 'gpp_d': 29.749683811098393, 'ign_k': 0.0026834162496848666, 'ign_c': 8.671454322584175}.
[I 2026-08-05 23:15:13,132] Trial 280 finished with values: [-0.488275675441738, 0.7535708950449006] and parameters: {'k1': 0.002407354618388189, 'D_low': 1.1065812688893482, 'k2': 0.08894151386481904, 'D_high': 9769.756791866093, 'fire_exp': 1.0881360604103363, 'P_half': 10.226988730324324, 'pre_dampen_half': 304.7488318185732, 'gpp_af': 92.21975850381763, 'gpp_b': 0.011750724729953272, 'gpp_d': 857.4284557962634, 'ign_k': 0.03141110271934876, 'ign_c': 8.671454322584175}.
[I 2026-08-05 23:15:14,379] Trial 281 finished with values: [10.613901843716032, 10.613901843716032] and parameters: {'k1': 0.0029707920514735983, 'D_low': 4.051452710153359, 'k2': 0.0007081721844034209, 'D_high': 9769.756791866093, 'fire_exp': 1.8713074096420792, 'P_half': 10.226988730324324, 'pre_dampen_half': 107.40052367919465, 'gpp_af': 5.511863475708366, 'gpp_b': 0.00012797528816608022, 'gpp_d': 0.11136446029400991, 'ign_k': 0.03141110271934876, 'ign_c': 3.0378658251922155}.
[I 2026-08-05 23:15:15,580] Trial 282 finished with values: [10.371556027654126, 10.371556027654126] and parameters: {'k1': 2.0937989739527727e-05, 'D_low': 125.32726386250698, 'k2': 0.0022957398214549472, 'D_high': 75773.14388518519, 'fire_exp': 1.2943117749495199, 'P_half': 63.585411411994926, 'pre_dampen_half': 703.6426675556048, 'gpp_af': 11.234842109991876, 'gpp_b': 2.800940363375676e-05, 'gpp_d': 0.6380717024176037, 'ign_k': 0.3818468247973969, 'ign_c': 10.140635645866492}.
[I 2026-08-05 23:15:16,811] Trial 283 finished with values: [10.634476950767215, 10.634476950767215] and parameters: {'k1': 7.841214856323651e-05, 'D_low': 2.3244932709566686, 'k2': 1.1184534120760473e-05, 'D_high': 8241.92526487646, 'fire_exp': 1.1044852285094786, 'P_half': 10.226988730324324, 'pre_dampen_half': 14.711215379121963, 'gpp_af': 92.21975850381763, 'gpp_b': 0.03841303420847976, 'gpp_d': 4.5768578731086835, 'ign_k': 0.3818468247973969, 'ign_c': 10.140635645866492}.
[I 2026-08-05 23:15:18,175] Trial 284 finished with values: [10.357556002671938, 10.357556002671938] and parameters: {'k1': 0.002971796631657383, 'D_low': 2.1234210963705626, 'k2': 0.04669327135003539, 'D_high': 75773.14388518519, 'fire_exp': 1.1044852285094786, 'P_half': 10.226988730324324, 'pre_dampen_half': 347.79988160923324, 'gpp_af': 92.21975850381763, 'gpp_b': 0.011750724729953272, 'gpp_d': 4.5768578731086835, 'ign_k': 0.0026834162496848666, 'ign_c': 8.671454322584175}.
[I 2026-08-05 23:15:19,977] Trial 285 finished with values: [10.564032269863764, 10.564032269863764] and parameters: {'k1': 0.008956420301712053, 'D_low': 918.4900818511542, 'k2': 0.0010204225357677778, 'D_high': 9769.756791866093, 'fire_exp': 1.1044852285094786, 'P_half': 8.968733598183245, 'pre_dampen_half': 703.6426675556048, 'gpp_af': 11.234842109991876, 'gpp_b': 0.0025416076006960116, 'gpp_d': 0.04831624275180356, 'ign_k': 6.32338195106678, 'ign_c': 10.140635645866492}.
[I 2026-08-05 23:15:21,462] Trial 286 finished with values: [10.703853194735194, 10.703853194735194] and parameters: {'k1': 0.00013783578294796384, 'D_low': 1.4045842344024697, 'k2': 0.031211489608802344, 'D_high': 1024.9816559563214, 'fire_exp': 1.1258453832483524, 'P_half': 45.55085098454082, 'pre_dampen_half': 107.40052367919465, 'gpp_af': 5.511863475708366, 'gpp_b': 0.00012797528816608022, 'gpp_d': 0.11136446029400991, 'ign_k': 0.34703605955441524, 'ign_c': 8.671454322584175}.
[I 2026-08-05 23:15:22,850] Trial 287 finished with values: [10.678747570782248, 10.678747570782248] and parameters: {'k1': 7.841214856323651e-05, 'D_low': 2.1234210963705626, 'k2': 4.763991596630584e-05, 'D_high': 1687.3495104568947, 'fire_exp': 1.1044852285094786, 'P_half': 10.226988730324324, 'pre_dampen_half': 14.711215379121963, 'gpp_af': 92.21975850381763, 'gpp_b': 0.03841303420847976, 'gpp_d': 1.6983565276584263, 'ign_k': 3.7173717478250508, 'ign_c': 0.5502140996950745}.
[I 2026-08-05 23:15:24,353] Trial 288 finished with values: [10.121642383475276, 10.121642383475276] and parameters: {'k1': 0.00013783578294796384, 'D_low': 9.330007965781027, 'k2': 0.0007081721844034209, 'D_high': 7744.80118512745, 'fire_exp': 1.0881360604103363, 'P_half': 147.09699119495133, 'pre_dampen_half': 304.7488318185732, 'gpp_af': 0.04339970334001348, 'gpp_b': 3.228689523591491e-05, 'gpp_d': 857.4284557962634, 'ign_k': 0.03141110271934876, 'ign_c': 2.4287565087611744}.
[I 2026-08-05 23:15:25,633] Trial 289 finished with values: [-0.4752390597281722, 0.9434989214315124] and parameters: {'k1': 0.00324789183891923, 'D_low': 125.32726386250698, 'k2': 0.031211489608802344, 'D_high': 31030.112026960956, 'fire_exp': 1.151006986743773, 'P_half': 10.753522341516506, 'pre_dampen_half': 703.6426675556048, 'gpp_af': 4.582731702170249, 'gpp_b': 3.139005000572696e-05, 'gpp_d': 107.84642153666701, 'ign_k': 0.03141110271934876, 'ign_c': 3.0378658251922155}.
[I 2026-08-05 23:15:26,882] Trial 290 finished with values: [10.761096004818352, 10.761096004818352] and parameters: {'k1': 0.0029707920514735983, 'D_low': 2.1234210963705626, 'k2': 0.031211489608802344, 'D_high': 7744.80118512745, 'fire_exp': 4.55809493901026, 'P_half': 587.6331101080223, 'pre_dampen_half': 176.18878384527278, 'gpp_af': 5.511863475708366, 'gpp_b': 3.228689523591491e-05, 'gpp_d': 857.4284557962634, 'ign_k': 0.03141110271934876, 'ign_c': 3.0378658251922155}.
[I 2026-08-05 23:15:28,150] Trial 291 finished with values: [10.646279942404485, 10.646279942404485] and parameters: {'k1': 0.00324789183891923, 'D_low': 4.051452710153359, 'k2': 0.031211489608802344, 'D_high': 10316.033434719713, 'fire_exp': 1.151006986743773, 'P_half': 215.55950571043874, 'pre_dampen_half': 76.86605275420082, 'gpp_af': 11.234842109991876, 'gpp_b': 0.00031478066835753096, 'gpp_d': 0.11136446029400991, 'ign_k': 0.006912296717033066, 'ign_c': 0.9294394155644988}.
[I 2026-08-05 23:15:29,416] Trial 292 finished with values: [10.465103945038276, 10.465103945038276] and parameters: {'k1': 0.04897760278488444, 'D_low': 1.4045842344024697, 'k2': 0.031211489608802344, 'D_high': 1024.9816559563214, 'fire_exp': 2.3782613909771353, 'P_half': 2.157758652553991, 'pre_dampen_half': 107.40052367919465, 'gpp_af': 0.015769192447197523, 'gpp_b': 0.00012797528816608022, 'gpp_d': 0.11136446029400991, 'ign_k': 0.09071933427331372, 'ign_c': 9.34330265731847}.
[I 2026-08-05 23:15:30,720] Trial 293 finished with values: [10.302316033894261, 10.302316033894261] and parameters: {'k1': 0.002407354618388189, 'D_low': 2.1234210963705626, 'k2': 0.031211489608802344, 'D_high': 26666.09148594752, 'fire_exp': 1.2680134752324452, 'P_half': 7.670748914453766, 'pre_dampen_half': 347.79988160923324, 'gpp_af': 0.001339466259146302, 'gpp_b': 0.00012797528816608022, 'gpp_d': 368.30088529547436, 'ign_k': 0.0067849245190831405, 'ign_c': 8.671454322584175}.
[I 2026-08-05 23:15:31,977] Trial 294 finished with values: [10.640567016439702, 10.640567016439702] and parameters: {'k1': 0.08926311370835228, 'D_low': 1112.9571947046009, 'k2': 1.1184534120760473e-05, 'D_high': 8182.111518618414, 'fire_exp': 1.5201277403788451, 'P_half': 24.136213194527585, 'pre_dampen_half': 304.7488318185732, 'gpp_af': 11.234842109991876, 'gpp_b': 0.0025416076006960116, 'gpp_d': 5.878566318396007, 'ign_k': 0.019192001101561888, 'ign_c': 0.1457050032975653}.
[I 2026-08-05 23:15:33,251] Trial 295 finished with values: [10.225043919033629, 10.225043919033629] and parameters: {'k1': 0.002407354618388189, 'D_low': 1.2299210465793122, 'k2': 0.08894151386481904, 'D_high': 75773.14388518519, 'fire_exp': 1.010722707674549, 'P_half': 11.877073321543955, 'pre_dampen_half': 107.40052367919465, 'gpp_af': 0.5107061330406066, 'gpp_b': 3.228689523591491e-05, 'gpp_d': 5.878566318396007, 'ign_k': 5.9736167866478125, 'ign_c': 8.671454322584175}.
[I 2026-08-05 23:15:34,596] Trial 296 finished with values: [10.408632622378587, 10.408632622378587] and parameters: {'k1': 0.00013783578294796384, 'D_low': 334.62201030483817, 'k2': 1.1184534120760473e-05, 'D_high': 1024.9816559563214, 'fire_exp': 1.1670151053031461, 'P_half': 13.019246714361572, 'pre_dampen_half': 347.79988160923324, 'gpp_af': 11.234842109991876, 'gpp_b': 7.402343469704428e-05, 'gpp_d': 2.8006820077310213, 'ign_k': 0.3818468247973969, 'ign_c': 10.140635645866492}.
[I 2026-08-05 23:15:35,849] Trial 297 finished with values: [-0.48141358897285913, 0.8723311957340564] and parameters: {'k1': 0.0029707920514735983, 'D_low': 4.051452710153359, 'k2': 1.4378290221680118e-05, 'D_high': 75773.14388518519, 'fire_exp': 1.0881360604103363, 'P_half': 13.019246714361572, 'pre_dampen_half': 304.7488318185732, 'gpp_af': 29.925002022877802, 'gpp_b': 0.011750724729953272, 'gpp_d': 857.4284557962634, 'ign_k': 0.04563289369649656, 'ign_c': 3.0378658251922155}.
[I 2026-08-05 23:15:37,034] Trial 298 finished with values: [10.535575824016933, 10.535575824016933] and parameters: {'k1': 0.0029707920514735983, 'D_low': 4.051452710153359, 'k2': 3.5917714215176105e-05, 'D_high': 7744.80118512745, 'fire_exp': 1.182396148413737, 'P_half': 664.2027816373393, 'pre_dampen_half': 304.7488318185732, 'gpp_af': 0.0025511964576171086, 'gpp_b': 3.228689523591491e-05, 'gpp_d': 0.03848886303127135, 'ign_k': 0.03141110271934876, 'ign_c': 2.4287565087611744}.
[I 2026-08-05 23:15:38,268] Trial 299 finished with values: [10.399920288179151, 10.399920288179151] and parameters: {'k1': 0.025383218374507292, 'D_low': 18.522006003174383, 'k2': 0.0001870742013766025, 'D_high': 27.55546207779663, 'fire_exp': 1.010722707674549, 'P_half': 51.10120656497163, 'pre_dampen_half': 703.6426675556048, 'gpp_af': 10.25616274847308, 'gpp_b': 3.5603271368816607, 'gpp_d': 891.8036602897795, 'ign_k': 0.031134168041628628, 'ign_c': 0.773448215664679}.
[I 2026-08-05 23:15:39,491] Trial 300 finished with values: [10.588340917044642, 10.588340917044642] and parameters: {'k1': 2.0937989739527727e-05, 'D_low': 1112.9571947046009, 'k2': 3.5917714215176105e-05, 'D_high': 8182.111518618414, 'fire_exp': 1.5201277403788451, 'P_half': 4.397766894483963, 'pre_dampen_half': 703.6426675556048, 'gpp_af': 0.0025511964576171086, 'gpp_b': 1.4427571100855582e-05, 'gpp_d': 857.4284557962634, 'ign_k': 0.019192001101561888, 'ign_c': 0.5275958618145121}.
[I 2026-08-05 23:15:40,647] Trial 301 finished with values: [10.73444463746145, 10.73444463746145] and parameters: {'k1': 0.002407354618388189, 'D_low': 2.1234210963705626, 'k2': 0.0018697387216131526, 'D_high': 6455.595882939566, 'fire_exp': 1.0881360604103363, 'P_half': 958.8659498594012, 'pre_dampen_half': 347.79988160923324, 'gpp_af': 92.21975850381763, 'gpp_b': 3.1112132916681032, 'gpp_d': 5.878566318396007, 'ign_k': 0.04563289369649656, 'ign_c': 8.671454322584175}.
[I 2026-08-05 23:15:41,816] Trial 302 finished with values: [10.767929480054903, 10.767929480054903] and parameters: {'k1': 0.021368329072358756, 'D_low': 730.952095351094, 'k2': 0.005456725485601475, 'D_high': 576.2487216478603, 'fire_exp': 2.3782613909771353, 'P_half': 2.157758652553991, 'pre_dampen_half': 111.37963167994629, 'gpp_af': 20.12115544906385, 'gpp_b': 0.0003570095960030948, 'gpp_d': 340.229467527258, 'ign_k': 0.11101191524846071, 'ign_c': 0.773448215664679}.
[I 2026-08-05 23:15:43,119] Trial 303 finished with values: [10.769229421500524, 10.769229421500524] and parameters: {'k1': 0.04897760278488444, 'D_low': 2.458603276328005, 'k2': 0.031211489608802344, 'D_high': 13.670484737132345, 'fire_exp': 4.982189788294083, 'P_half': 12.808863354047988, 'pre_dampen_half': 76.86605275420082, 'gpp_af': 35.20481045526041, 'gpp_b': 0.003510201564752293, 'gpp_d': 223.60515435267138, 'ign_k': 0.017654048052495083, 'ign_c': 9.34330265731847}.
[I 2026-08-05 23:15:44,580] Trial 304 finished with values: [10.357014307064006, 10.357014307064006] and parameters: {'k1': 7.841214856323651e-05, 'D_low': 2.1234210963705626, 'k2': 1.1184534120760473e-05, 'D_high': 48249.14281180252, 'fire_exp': 1.151006986743773, 'P_half': 215.55950571043874, 'pre_dampen_half': 111.37963167994629, 'gpp_af': 5.511863475708366, 'gpp_b': 0.0006082667040432242, 'gpp_d': 368.30088529547436, 'ign_k': 0.11101191524846071, 'ign_c': 10.140635645866492}.
[I 2026-08-05 23:15:45,815] Trial 305 finished with values: [10.769230769178105, 10.769230769178105] and parameters: {'k1': 0.04984077439553202, 'D_low': 18.522006003174383, 'k2': 4.763991596630584e-05, 'D_high': 233.52156626184438, 'fire_exp': 9.355311339774135, 'P_half': 608.3019192425825, 'pre_dampen_half': 703.6426675556048, 'gpp_af': 0.0025511964576171086, 'gpp_b': 0.6637926838138378, 'gpp_d': 891.8036602897795, 'ign_k': 3.7173717478250508, 'ign_c': 14.367095138664217}.
[I 2026-08-05 23:15:46,962] Trial 306 finished with values: [10.70699431558118, 10.70699431558118] and parameters: {'k1': 0.002971796631657383, 'D_low': 918.4900818511542, 'k2': 2.1698375693549493e-05, 'D_high': 6366.1449945522045, 'fire_exp': 1.1044852285094786, 'P_half': 10.226988730324324, 'pre_dampen_half': 111.37963167994629, 'gpp_af': 29.925002022877802, 'gpp_b': 4.630191300782848, 'gpp_d': 20.54051942538844, 'ign_k': 0.11101191524846071, 'ign_c': 10.140635645866492}.
[I 2026-08-05 23:15:48,102] Trial 307 finished with values: [10.401997626369177, 10.401997626369177] and parameters: {'k1': 2.0937989739527727e-05, 'D_low': 1.2834648227562822, 'k2': 0.08894151386481904, 'D_high': 233.52156626184438, 'fire_exp': 1.1044852285094786, 'P_half': 4.397766894483963, 'pre_dampen_half': 703.6426675556048, 'gpp_af': 0.0025511964576171086, 'gpp_b': 7.402343469704428e-05, 'gpp_d': 5.878566318396007, 'ign_k': 0.04563289369649656, 'ign_c': 0.7724824966785973}.
[I 2026-08-05 23:15:49,273] Trial 308 finished with values: [10.769230769178105, 10.769230769178105] and parameters: {'k1': 2.0937989739527727e-05, 'D_low': 1.4045842344024697, 'k2': 0.0007886001704920403, 'D_high': 1024.9816559563214, 'fire_exp': 7.278512815051397, 'P_half': 13.019246714361572, 'pre_dampen_half': 347.79988160923324, 'gpp_af': 0.015769192447197523, 'gpp_b': 1.1676061967213667, 'gpp_d': 857.4284557962634, 'ign_k': 0.03141110271934876, 'ign_c': 0.7724824966785973}.
[I 2026-08-05 23:15:50,406] Trial 309 finished with values: [10.408700055249767, 10.408700055249767] and parameters: {'k1': 2.0937989739527727e-05, 'D_low': 4.051452710153359, 'k2': 4.763991596630584e-05, 'D_high': 39.323386421481615, 'fire_exp': 1.010722707674549, 'P_half': 45.55085098454082, 'pre_dampen_half': 107.40052367919465, 'gpp_af': 5.511863475708366, 'gpp_b': 1.4427571100855582e-05, 'gpp_d': 891.8036602897795, 'ign_k': 0.03141110271934876, 'ign_c': 8.671454322584175}.
[I 2026-08-05 23:15:51,547] Trial 310 finished with values: [-0.5896396565108547, 0.5561146902357375] and parameters: {'k1': 0.0029707920514735983, 'D_low': 18.89739291279832, 'k2': 0.0027431991397796683, 'D_high': 7744.80118512745, 'fire_exp': 1.182396148413737, 'P_half': 13.019246714361572, 'pre_dampen_half': 304.7488318185732, 'gpp_af': 0.0025511964576171086, 'gpp_b': 3.228689523591491e-05, 'gpp_d': 857.4284557962634, 'ign_k': 8.761971101023693, 'ign_c': 3.0378658251922155}.
[I 2026-08-05 23:15:52,706] Trial 311 finished with values: [10.680120484905421, 10.680120484905421] and parameters: {'k1': 0.021368329072358756, 'D_low': 2068.53034640896, 'k2': 0.0001870742013766025, 'D_high': 10316.033434719713, 'fire_exp': 1.182396148413737, 'P_half': 2.157758652553991, 'pre_dampen_half': 76.86605275420082, 'gpp_af': 20.12115544906385, 'gpp_b': 1.1008110571039521e-05, 'gpp_d': 0.03848886303127135, 'ign_k': 0.0467351899956275, 'ign_c': 0.773448215664679}.
[I 2026-08-05 23:15:53,867] Trial 312 finished with values: [10.761345549478275, 10.761345549478275] and parameters: {'k1': 1.1845753911529365e-05, 'D_low': 2.1234210963705626, 'k2': 0.0027431991397796683, 'D_high': 48249.14281180252, 'fire_exp': 1.151006986743773, 'P_half': 1.4061463985176637, 'pre_dampen_half': 107.40052367919465, 'gpp_af': 37.28155624293858, 'gpp_b': 0.6637926838138378, 'gpp_d': 0.11136446029400991, 'ign_k': 8.761971101023693, 'ign_c': 8.671454322584175}.
[I 2026-08-05 23:15:55,021] Trial 313 finished with values: [10.489987700840029, 10.489987700840029] and parameters: {'k1': 2.0937989739527727e-05, 'D_low': 318.74227118134144, 'k2': 0.0010204225357677778, 'D_high': 43033.06161410616, 'fire_exp': 1.2943117749495199, 'P_half': 242.70544179401307, 'pre_dampen_half': 347.79988160923324, 'gpp_af': 0.001339466259146302, 'gpp_b': 2.800940363375676e-05, 'gpp_d': 0.026763484380985716, 'ign_k': 0.0067849245190831405, 'ign_c': 0.6235377135673155}.
[I 2026-08-05 23:15:56,177] Trial 314 finished with values: [10.545569371612961, 10.545569371612961] and parameters: {'k1': 0.002407354618388189, 'D_low': 2.1234210963705626, 'k2': 3.5917714215176105e-05, 'D_high': 233.52156626184438, 'fire_exp': 1.182396148413737, 'P_half': 12.808863354047988, 'pre_dampen_half': 347.79988160923324, 'gpp_af': 92.21975850381763, 'gpp_b': 0.00012797528816608022, 'gpp_d': 5.878566318396007, 'ign_k': 0.03141110271934876, 'ign_c': 8.671454322584175}.
