[I 2026-08-19 13:39:39,647] Trial 959 finished with values: [-0.572202762011755, 0.08669640756808406] and parameters: {'k1': 9.67404566214593e-05, 'D_low': 9.732807204448733, 'k2': 0.00021724674331575933, 'D_high': 1819372.4578178402, 'fire_exp': 2.5321117364280843, 'P_half': 229.5739821454948, 'pre_dampen_half': 0.19674328025306115, 'gpp_af': 49.583649914027546, 'gpp_b': 9.67374839440457e-05, 'gpp_d': 118.26972885708257, 'ign_k': 9.162638829638215, 'ign_c': 2.09343875335437, 'trop_agb_crit': 1.050713312531254, 'trop_k_veg': 5.691473319778836, 'pop_amp': 1.7980879277999113, 'pop_peak': 162.62551614461097, 'pop_sig': 1.804482856986987, 'fuel_k': 3.250046746707412, 'fuel_half': 0.18427970406864538}.
[I 2026-08-19 13:39:42,735] Trial 960 finished with values: [-0.43388336143456135, 0.017213038664262825] and parameters: {'k1': 4.929552311643645e-05, 'D_low': 286.06841726052676, 'k2': 0.0019856031481305684, 'D_high': 1907543.828944448, 'fire_exp': 3.7695400350033266, 'P_half': 119.54830915872367, 'pre_dampen_half': 0.7465571739720183, 'gpp_af': 15.812896493361498, 'gpp_b': 9.67374839440457e-05, 'gpp_d': 118.26972885708257, 'ign_k': 0.0629707107611051, 'ign_c': 3.4302976652689012, 'trop_agb_crit': 2.6689615974393592, 'trop_k_veg': 3.754644404143055, 'pop_amp': 0.0013002472438361158, 'pop_peak': 503.7153440645595, 'pop_sig': 1.804482856986987, 'fuel_k': 0.11148299766359336, 'fuel_half': 0.10355826161899183}.
[I 2026-08-19 13:39:45,849] Trial 961 finished with values: [-0.5529247770435493, 0.28830946220877673] and parameters: {'k1': 0.0004846497679219079, 'D_low': 1368.9795993592197, 'k2': 0.0019856031481305684, 'D_high': 1124534.1807254362, 'fire_exp': 1.8678802571070678, 'P_half': 229.5739821454948, 'pre_dampen_half': 0.2571419084734534, 'gpp_af': 49.583649914027546, 'gpp_b': 9.67374839440457e-05, 'gpp_d': 117.2128156438701, 'ign_k': 0.45791923103229365, 'ign_c': 6.0816733722841345, 'trop_agb_crit': 28.49245476864681, 'trop_k_veg': 5.691473319778836, 'pop_amp': 5.27924855752961, 'pop_peak': 1.884221947092994, 'pop_sig': 0.9904669476016459, 'fuel_k': 3.250046746707412, 'fuel_half': 1.7895437790635824}.
[I 2026-08-19 13:39:48,866] Trial 962 finished with values: [-0.47962518891062206, 0.002725080651591605] and parameters: {'k1': 1.844951990812239e-05, 'D_low': 1.6569065206637925, 'k2': 0.0019856031481305684, 'D_high': 1840060.4093141211, 'fire_exp': 1.8678802571070678, 'P_half': 1265.0580856641704, 'pre_dampen_half': 0.05393491030297468, 'gpp_af': 0.006580815488709274, 'gpp_b': 9.67374839440457e-05, 'gpp_d': 118.26972885708257, 'ign_k': 0.45791923103229365, 'ign_c': 12.366924205139131, 'trop_agb_crit': 27.05166881899929, 'trop_k_veg': 4.30392173391187, 'pop_amp': 5.27924855752961, 'pop_peak': 456.60279198301936, 'pop_sig': 0.9904669476016459, 'fuel_k': 3.250046746707412, 'fuel_half': 0.18427970406864538}.
[I 2026-08-19 13:39:52,046] Trial 963 finished with values: [-0.38319456557912107, 0.0] and parameters: {'k1': 5.025876001070713e-05, 'D_low': 393.5385399037397, 'k2': 0.0021608491389795734, 'D_high': 6543576.946931886, 'fire_exp': 1.1633452995374232, 'P_half': 6281.776703992854, 'pre_dampen_half': 0.10189118197357125, 'gpp_af': 0.18737227240512885, 'gpp_b': 0.05825704883392061, 'gpp_d': 0.050654860639753524, 'ign_k': 0.3818468247973969, 'ign_c': 89.12611835816996, 'trop_agb_crit': 14.188434224699876, 'trop_k_veg': 5.691473319778836, 'pop_amp': 0.008683934086503814, 'pop_peak': 2.016436598480055, 'pop_sig': 0.4663206866626952, 'fuel_k': 4.04437775870989, 'fuel_half': 1.7895437790635824}.
[I 2026-08-19 13:39:55,137] Trial 964 finished with values: [-0.4049574196287528, 3.6839531247778723e-07] and parameters: {'k1': 0.08924795116437424, 'D_low': 4478.820281670047, 'k2': 1.2748758606816134e-05, 'D_high': 6543576.946931886, 'fire_exp': 7.856097010829145, 'P_half': 267.2146013620241, 'pre_dampen_half': 30.11226646948154, 'gpp_af': 0.9346598275601615, 'gpp_b': 0.05825704883392061, 'gpp_d': 118.26972885708257, 'ign_k': 0.009935023909063692, 'ign_c': 89.12611835816996, 'trop_agb_crit': 14.188434224699876, 'trop_k_veg': 0.8084202024508578, 'pop_amp': 0.004708042915737182, 'pop_peak': 1.9043491615789352, 'pop_sig': 0.6871869718280653, 'fuel_k': 0.9666195090843235, 'fuel_half': 0.18427970406864538}.
  trial  965/2500  pareto_size=26  best_ilamb=0.6094  (54.3 min)
[I 2026-08-19 13:39:59,150] Trial 965 finished with values: [-0.36445257152898564, 0.0] and parameters: {'k1': 4.0873003903057456e-05, 'D_low': 437.4364439939077, 'k2': 0.0014455983984872978, 'D_high': 9355.38060645217, 'fire_exp': 4.3161213924316595, 'P_half': 8894.151386481904, 'pre_dampen_half': 0.0399066504395798, 'gpp_af': 0.005018406982902927, 'gpp_b': 1.624829724391053, 'gpp_d': 118.26972885708257, 'ign_k': 0.0023181776112903506, 'ign_c': 12.366924205139131, 'trop_agb_crit': 27.05166881899929, 'trop_k_veg': 3.754644404143055, 'pop_amp': 5.27924855752961, 'pop_peak': 0.3803386932313431, 'pop_sig': 1.804482856986987, 'fuel_k': 3.640039183945803, 'fuel_half': 0.10355826161899183}.
[I 2026-08-19 13:40:02,954] Trial 966 finished with values: [-0.4240951878379765, 3.508771007409983e-06] and parameters: {'k1': 1.844951990812239e-05, 'D_low': 1.6569065206637925, 'k2': 4.392638796750218e-05, 'D_high': 1661855.441285105, 'fire_exp': 4.4758690202162805, 'P_half': 3245.7892131111134, 'pre_dampen_half': 0.2571419084734534, 'gpp_af': 0.18737227240512885, 'gpp_b': 0.0004837646996135023, 'gpp_d': 108.18665579547857, 'ign_k': 3.298583025790193, 'ign_c': 4.4716799012313055, 'trop_agb_crit': 28.49245476864681, 'trop_k_veg': 4.30392173391187, 'pop_amp': 6.746076139939917, 'pop_peak': 1.884221947092994, 'pop_sig': 0.9904669476016459, 'fuel_k': 2.6217938482117806, 'fuel_half': 0.520461530072082}.
[I 2026-08-19 13:40:06,374] Trial 967 finished with values: [-0.4217121931807653, 3.8519314812801575e-05] and parameters: {'k1': 9.67404566214593e-05, 'D_low': 1368.9795993592197, 'k2': 6.340140860251457e-05, 'D_high': 1124534.1807254362, 'fire_exp': 2.8264372245570675, 'P_half': 1517.2922775770444, 'pre_dampen_half': 0.10189118197357125, 'gpp_af': 0.07258303421052695, 'gpp_b': 0.007179740972016222, 'gpp_d': 1.0088237648985734, 'ign_k': 0.45791923103229365, 'ign_c': 12.366924205139131, 'trop_agb_crit': 1.050713312531254, 'trop_k_veg': 5.691473319778836, 'pop_amp': 0.002417279427070676, 'pop_peak': 162.62551614461097, 'pop_sig': 1.804482856986987, 'fuel_k': 0.11148299766359336, 'fuel_half': 17.890117928710357}.
[I 2026-08-19 13:40:09,255] Trial 968 finished with values: [-0.40328838158672475, 8.526512829121202e-14] and parameters: {'k1': 4.0873003903057456e-05, 'D_low': 1381.4827557709839, 'k2': 0.0019856031481305684, 'D_high': 1840060.4093141211, 'fire_exp': 3.7695400350033266, 'P_half': 8894.151386481904, 'pre_dampen_half': 0.2571419084734534, 'gpp_af': 0.18737227240512885, 'gpp_b': 8.127143663537424, 'gpp_d': 118.26972885708257, 'ign_k': 0.3699359899959751, 'ign_c': 13.909474988024083, 'trop_agb_crit': 28.49245476864681, 'trop_k_veg': 2.968382718115938, 'pop_amp': 0.0013002472438361158, 'pop_peak': 104.57282053919702, 'pop_sig': 0.32561835694668706, 'fuel_k': 0.11148299766359336, 'fuel_half': 38.055644378716025}.
[I 2026-08-19 13:40:12,977] Trial 969 finished with values: [-0.5184785827779403, 0.06629693978449636] and parameters: {'k1': 9.67404566214593e-05, 'D_low': 2048.523887932672, 'k2': 3.077180271250682e-05, 'D_high': 1840060.4093141211, 'fire_exp': 2.5321117364280843, 'P_half': 229.5739821454948, 'pre_dampen_half': 0.19674328025306115, 'gpp_af': 36.830088529547496, 'gpp_b': 0.0004837646996135023, 'gpp_d': 108.18665579547857, 'ign_k': 0.0629707107611051, 'ign_c': 12.366924205139131, 'trop_agb_crit': 2.6689615974393592, 'trop_k_veg': 3.754644404143055, 'pop_amp': 5.27924855752961, 'pop_peak': 4.557885026195722, 'pop_sig': 1.804482856986987, 'fuel_k': 3.250046746707412, 'fuel_half': 17.890117928710357}.
[I 2026-08-19 13:40:18,260] Trial 970 finished with values: [-0.4183844439659169, 4.545253062815391e-13] and parameters: {'k1': 0.0004846497679219079, 'D_low': 1.6569065206637925, 'k2': 3.077180271250682e-05, 'D_high': 6543576.946931886, 'fire_exp': 1.8678802571070678, 'P_half': 8894.151386481904, 'pre_dampen_half': 0.19674328025306115, 'gpp_af': 0.18737227240512885, 'gpp_b': 0.0007417652034871827, 'gpp_d': 118.26972885708257, 'ign_k': 0.17320535908244444, 'ign_c': 89.12611835816996, 'trop_agb_crit': 27.05166881899929, 'trop_k_veg': 0.8084202024508578, 'pop_amp': 5.27924855752961, 'pop_peak': 0.05281056279423359, 'pop_sig': 1.804482856986987, 'fuel_k': 0.9199338799678547, 'fuel_half': 1.7895437790635824}.
  trial  971/2500  pareto_size=27  best_ilamb=0.6094  (54.6 min)
[I 2026-08-19 13:40:23,723] Trial 971 finished with values: [-0.4173113941123113, 6.677436602953168e-05] and parameters: {'k1': 4.929552311643645e-05, 'D_low': 1.6569065206637925, 'k2': 3.077180271250682e-05, 'D_high': 14.55474253263586, 'fire_exp': 1.3796609641485171, 'P_half': 8894.151386481904, 'pre_dampen_half': 0.05393491030297468, 'gpp_af': 0.18737227240512885, 'gpp_b': 0.0007417652034871827, 'gpp_d': 118.26972885708257, 'ign_k': 9.162638829638215, 'ign_c': 0.5488047000766043, 'trop_agb_crit': 1.2482888394897589, 'trop_k_veg': 0.8084202024508578, 'pop_amp': 0.008683934086503814, 'pop_peak': 0.05281056279423359, 'pop_sig': 1.804482856986987, 'fuel_k': 0.022805907608636752, 'fuel_half': 1.7895437790635824}.
[I 2026-08-19 13:40:27,572] Trial 972 finished with values: [-0.38759402825566697, 0.0] and parameters: {'k1': 1.844951990812239e-05, 'D_low': 27972.024228472703, 'k2': 0.0019856031481305684, 'D_high': 5109990.03526815, 'fire_exp': 6.464773756830049, 'P_half': 8894.151386481904, 'pre_dampen_half': 0.2571419084734534, 'gpp_af': 0.18737227240512885, 'gpp_b': 1.1645080536732737, 'gpp_d': 2.0876461267125483, 'ign_k': 0.45791923103229365, 'ign_c': 12.366924205139131, 'trop_agb_crit': 28.49245476864681, 'trop_k_veg': 6.972354563243685, 'pop_amp': 0.04874366481145617, 'pop_peak': 0.17274196344453516, 'pop_sig': 0.6871869718280653, 'fuel_k': 0.023074547684106324, 'fuel_half': 17.890117928710357}.
[I 2026-08-19 13:40:30,985] Trial 973 finished with values: [-0.4246027031865718, 4.992856313945637e-07] and parameters: {'k1': 2.9693357731296325e-05, 'D_low': 1.6569065206637925, 'k2': 0.0019856031481305684, 'D_high': 1661855.441285105, 'fire_exp': 4.4758690202162805, 'P_half': 8894.151386481904, 'pre_dampen_half': 0.19674328025306115, 'gpp_af': 49.583649914027546, 'gpp_b': 9.67374839440457e-05, 'gpp_d': 108.18665579547857, 'ign_k': 9.162638829638215, 'ign_c': 0.7313962512403624, 'trop_agb_crit': 3.3887235042490564, 'trop_k_veg': 6.219854462990759, 'pop_amp': 10.985330528057915, 'pop_peak': 10.373912869869583, 'pop_sig': 1.804482856986987, 'fuel_k': 0.11148299766359336, 'fuel_half': 0.18427970406864538}.
[I 2026-08-19 13:40:34,051] Trial 974 finished with values: [-0.4192738492461907, 1.2877232613561773e-10] and parameters: {'k1': 1.844951990812239e-05, 'D_low': 1381.4827557709839, 'k2': 0.0019856031481305684, 'D_high': 5109990.03526815, 'fire_exp': 6.464773756830049, 'P_half': 8894.151386481904, 'pre_dampen_half': 0.2571419084734534, 'gpp_af': 0.18737227240512885, 'gpp_b': 0.0001605469768042801, 'gpp_d': 118.26972885708257, 'ign_k': 0.3699359899959751, 'ign_c': 13.909474988024083, 'trop_agb_crit': 28.49245476864681, 'trop_k_veg': 6.972354563243685, 'pop_amp': 0.0013002472438361158, 'pop_peak': 456.60279198301936, 'pop_sig': 0.6871869718280653, 'fuel_k': 0.023074547684106324, 'fuel_half': 17.890117928710357}.
[I 2026-08-19 13:40:37,068] Trial 975 finished with values: [-0.3552082811829746, 0.0] and parameters: {'k1': 4.0873003903057456e-05, 'D_low': 2.400213216646464, 'k2': 1.2748758606816134e-05, 'D_high': 9355.38060645217, 'fire_exp': 7.856097010829145, 'P_half': 267.2146013620241, 'pre_dampen_half': 0.19674328025306115, 'gpp_af': 0.30836319738217965, 'gpp_b': 1.624829724391053, 'gpp_d': 3.9841905944346854, 'ign_k': 0.009935023909063692, 'ign_c': 225.58738962142354, 'trop_agb_crit': 27.05166881899929, 'trop_k_veg': 1.8972260195556925, 'pop_amp': 11.72926995754655, 'pop_peak': 13.10465149744836, 'pop_sig': 0.9904669476016459, 'fuel_k': 5.706437033023268, 'fuel_half': 17.890117928710357}.
[I 2026-08-19 13:40:40,068] Trial 976 finished with values: [-0.4220675650728619, 9.485214604887382e-05] and parameters: {'k1': 2.9693357731296325e-05, 'D_low': 4.293803836877237, 'k2': 0.0003856302813879373, 'D_high': 1840060.4093141211, 'fire_exp': 7.856097010829145, 'P_half': 229.5739821454948, 'pre_dampen_half': 0.2571419084734534, 'gpp_af': 49.583649914027546, 'gpp_b': 0.14222241542049918, 'gpp_d': 118.26972885708257, 'ign_k': 9.162638829638215, 'ign_c': 4.4716799012313055, 'trop_agb_crit': 2.6689615974393592, 'trop_k_veg': 5.691473319778836, 'pop_amp': 1.7980879277999113, 'pop_peak': 4.557885026195722, 'pop_sig': 0.28855712799307187, 'fuel_k': 3.250046746707412, 'fuel_half': 0.18427970406864538}.
  trial  977/2500  pareto_size=27  best_ilamb=0.6094  (55.0 min)
[I 2026-08-19 13:40:44,333] Trial 977 finished with values: [-0.42736697049478173, 2.160454699695613e-06] and parameters: {'k1': 2.9693357731296325e-05, 'D_low': 1.6569065206637925, 'k2': 0.004237604478368561, 'D_high': 1661855.441285105, 'fire_exp': 2.5321117364280843, 'P_half': 8894.151386481904, 'pre_dampen_half': 0.10189118197357125, 'gpp_af': 49.583649914027546, 'gpp_b': 0.7652822088380072, 'gpp_d': 108.18665579547857, 'ign_k': 9.162638829638215, 'ign_c': 4.4716799012313055, 'trop_agb_crit': 28.49245476864681, 'trop_k_veg': 6.972354563243685, 'pop_amp': 0.0021433490423168255, 'pop_peak': 1.884221947092994, 'pop_sig': 1.804482856986987, 'fuel_k': 0.622529758569628, 'fuel_half': 17.890117928710357}.
[I 2026-08-19 13:40:47,217] Trial 978 finished with values: [-0.3671620048642457, 0.0] and parameters: {'k1': 0.005456725485601475, 'D_low': 286.06841726052676, 'k2': 4.392638796750218e-05, 'D_high': 1661855.441285105, 'fire_exp': 4.3161213924316595, 'P_half': 4.937355303501834, 'pre_dampen_half': 0.0399066504395798, 'gpp_af': 0.005018406982902927, 'gpp_b': 1.624829724391053, 'gpp_d': 108.18665579547857, 'ign_k': 0.04439802552990466, 'ign_c': 89.12611835816996, 'trop_agb_crit': 27.05166881899929, 'trop_k_veg': 3.754644404143055, 'pop_amp': 5.27924855752961, 'pop_peak': 352.89806695809773, 'pop_sig': 0.9904669476016459, 'fuel_k': 3.640039183945803, 'fuel_half': 1.7895437790635824}.
[I 2026-08-19 13:40:50,077] Trial 979 finished with values: [-0.41491446514011815, 2.20945736151279e-08] and parameters: {'k1': 4.929552311643645e-05, 'D_low': 2.400213216646464, 'k2': 3.077180271250682e-05, 'D_high': 109.93781215236433, 'fire_exp': 5.433392060430592, 'P_half': 267.2146013620241, 'pre_dampen_half': 0.19674328025306115, 'gpp_af': 0.9346598275601615, 'gpp_b': 0.0007417652034871827, 'gpp_d': 3.9841905944346854, 'ign_k': 0.0023181776112903506, 'ign_c': 225.58738962142354, 'trop_agb_crit': 27.05166881899929, 'trop_k_veg': 0.8084202024508578, 'pop_amp': 10.985330528057915, 'pop_peak': 503.7153440645595, 'pop_sig': 0.9904669476016459, 'fuel_k': 0.022805907608636752, 'fuel_half': 0.18427970406864538}.
[I 2026-08-19 13:40:53,536] Trial 980 finished with values: [-0.40876800292480897, 2.6352878449542594e-05] and parameters: {'k1': 9.67404566214593e-05, 'D_low': 1368.9795993592197, 'k2': 6.340140860251457e-05, 'D_high': 1124534.1807254362, 'fire_exp': 4.3161213924316595, 'P_half': 10.436686039715203, 'pre_dampen_half': 0.10189118197357125, 'gpp_af': 0.07258303421052695, 'gpp_b': 0.1033080166772517, 'gpp_d': 1.0088237648985734, 'ign_k': 0.45791923103229365, 'ign_c': 0.2806439011124269, 'trop_agb_crit': 1.050713312531254, 'trop_k_veg': 5.691473319778836, 'pop_amp': 6.746076139939917, 'pop_peak': 4.557885026195722, 'pop_sig': 0.9904669476016459, 'fuel_k': 5.706437033023268, 'fuel_half': 17.890117928710357}.
[I 2026-08-19 13:40:56,974] Trial 981 finished with values: [-0.4245114709754188, 1.180762447816619e-07] and parameters: {'k1': 4.0873003903057456e-05, 'D_low': 1381.4827557709839, 'k2': 0.0019856031481305684, 'D_high': 1840060.4093141211, 'fire_exp': 3.7695400350033266, 'P_half': 8894.151386481904, 'pre_dampen_half': 0.2571419084734534, 'gpp_af': 0.18737227240512885, 'gpp_b': 0.0004837646996135023, 'gpp_d': 0.16294786031575217, 'ign_k': 0.3699359899959751, 'ign_c': 0.38887507405855737, 'trop_agb_crit': 14.188434224699876, 'trop_k_veg': 2.968382718115938, 'pop_amp': 3.4347122045654594, 'pop_peak': 4.557885026195722, 'pop_sig': 0.32561835694668706, 'fuel_k': 0.11148299766359336, 'fuel_half': 38.055644378716025}.
[I 2026-08-19 13:41:00,350] Trial 982 finished with values: [-0.5583363258899211, 0.02684023866734997] and parameters: {'k1': 2.9693357731296325e-05, 'D_low': 1.6569065206637925, 'k2': 0.0019856031481305684, 'D_high': 1661855.441285105, 'fire_exp': 4.4758690202162805, 'P_half': 4.937355303501834, 'pre_dampen_half': 0.798178522480916, 'gpp_af': 0.005018406982902927, 'gpp_b': 0.0004837646996135023, 'gpp_d': 3.9841905944346854, 'ign_k': 0.45791923103229365, 'ign_c': 4.4716799012313055, 'trop_agb_crit': 27.05166881899929, 'trop_k_veg': 4.30392173391187, 'pop_amp': 10.985330528057915, 'pop_peak': 1.884221947092994, 'pop_sig': 1.804482856986987, 'fuel_k': 0.25840593789253463, 'fuel_half': 21.224406397669323}.
[I 2026-08-19 13:41:03,360] Trial 983 finished with values: [-0.40592019530359663, 5.81756864903582e-14] and parameters: {'k1': 4.929552311643645e-05, 'D_low': 437.4364439939077, 'k2': 3.077180271250682e-05, 'D_high': 1840060.4093141211, 'fire_exp': 7.856097010829145, 'P_half': 8894.151386481904, 'pre_dampen_half': 0.10189118197357125, 'gpp_af': 36.830088529547496, 'gpp_b': 0.0004837646996135023, 'gpp_d': 108.18665579547857, 'ign_k': 0.009935023909063692, 'ign_c': 4.4716799012313055, 'trop_agb_crit': 28.49245476864681, 'trop_k_veg': 6.972354563243685, 'pop_amp': 0.008683934086503814, 'pop_peak': 703.4172637752926, 'pop_sig': 0.3996745252866557, 'fuel_k': 0.2843733337186126, 'fuel_half': 17.890117928710357}.
  trial  984/2500  pareto_size=28  best_ilamb=0.6094  (55.4 min)
[I 2026-08-19 13:41:08,074] Trial 984 finished with values: [-0.5252841492746697, 0.09570960718851729] and parameters: {'k1': 1.844951990812239e-05, 'D_low': 286.06841726052676, 'k2': 0.0019856031481305684, 'D_high': 1840060.4093141211, 'fire_exp': 1.3796609641485171, 'P_half': 4.937355303501834, 'pre_dampen_half': 0.05393491030297468, 'gpp_af': 0.005018406982902927, 'gpp_b': 0.0001605469768042801, 'gpp_d': 118.26972885708257, 'ign_k': 0.45791923103229365, 'ign_c': 12.366924205139131, 'trop_agb_crit': 28.49245476864681, 'trop_k_veg': 4.30392173391187, 'pop_amp': 10.985330528057915, 'pop_peak': 352.89806695809773, 'pop_sig': 0.9904669476016459, 'fuel_k': 3.640039183945803, 'fuel_half': 0.18427970406864538}.
[I 2026-08-19 13:41:11,455] Trial 985 finished with values: [-0.5388314399162859, 0.004891588706233407] and parameters: {'k1': 1.844951990812239e-05, 'D_low': 1.6569065206637925, 'k2': 0.0019856031481305684, 'D_high': 1124534.1807254362, 'fire_exp': 1.3796609641485171, 'P_half': 1636.5290600718067, 'pre_dampen_half': 0.05393491030297468, 'gpp_af': 0.00301004353953023, 'gpp_b': 9.67374839440457e-05, 'gpp_d': 118.26972885708257, 'ign_k': 0.45791923103229365, 'ign_c': 12.366924205139131, 'trop_agb_crit': 17.69486533706496, 'trop_k_veg': 4.30392173391187, 'pop_amp': 10.985330528057915, 'pop_peak': 1.884221947092994, 'pop_sig': 0.6871869718280653, 'fuel_k': 3.250046746707412, 'fuel_half': 1.7895437790635824}.
[I 2026-08-19 13:41:16,954] Trial 986 finished with values: [-0.3738285047054054, 0.0] and parameters: {'k1': 4.0873003903057456e-05, 'D_low': 45736.543674052264, 'k2': 3.077180271250682e-05, 'D_high': 9355.38060645217, 'fire_exp': 4.3161213924316595, 'P_half': 8894.151386481904, 'pre_dampen_half': 0.2571419084734534, 'gpp_af': 0.18737227240512885, 'gpp_b': 1.624829724391053, 'gpp_d': 0.27270292137820057, 'ign_k': 0.009935023909063692, 'ign_c': 4.4716799012313055, 'trop_agb_crit': 27.05166881899929, 'trop_k_veg': 0.5993475037413647, 'pop_amp': 0.0021433490423168255, 'pop_peak': 456.60279198301936, 'pop_sig': 0.28855712799307187, 'fuel_k': 0.11148299766359336, 'fuel_half': 17.890117928710357}.
[I 2026-08-19 13:41:21,953] Trial 987 finished with values: [-0.4327615429164416, 0.0013681528229775308] and parameters: {'k1': 2.9693357731296325e-05, 'D_low': 15150.361381456718, 'k2': 0.0019856031481305684, 'D_high': 1124534.1807254362, 'fire_exp': 1.8678802571070678, 'P_half': 1265.0580856641704, 'pre_dampen_half': 0.2571419084734534, 'gpp_af': 0.006580815488709274, 'gpp_b': 9.67374839440457e-05, 'gpp_d': 118.26972885708257, 'ign_k': 0.45791923103229365, 'ign_c': 6.0816733722841345, 'trop_agb_crit': 3.544180417534903, 'trop_k_veg': 5.691473319778836, 'pop_amp': 0.029228481237926353, 'pop_peak': 1.884221947092994, 'pop_sig': 1.804482856986987, 'fuel_k': 3.250046746707412, 'fuel_half': 1.7895437790635824}.
[I 2026-08-19 13:41:25,247] Trial 988 finished with values: [-0.5737790154063755, 0.10905065529637914] and parameters: {'k1': 1.844951990812239e-05, 'D_low': 1.6569065206637925, 'k2': 0.0019856031481305684, 'D_high': 1661855.441285105, 'fire_exp': 1.3796609641485171, 'P_half': 1636.5290600718067, 'pre_dampen_half': 0.10189118197357125, 'gpp_af': 49.583649914027546, 'gpp_b': 0.0007417652034871827, 'gpp_d': 108.18665579547857, 'ign_k': 9.162638829638215, 'ign_c': 4.4716799012313055, 'trop_agb_crit': 17.69486533706496, 'trop_k_veg': 6.972354563243685, 'pop_amp': 10.985330528057915, 'pop_peak': 1.884221947092994, 'pop_sig': 1.804482856986987, 'fuel_k': 0.622529758569628, 'fuel_half': 17.890117928710357}.
  trial  989/2500  pareto_size=28  best_ilamb=0.6094  (55.8 min)
