[I 2026-08-19 18:08:53,348] Trial 2319 finished with value: 0.4833121383434016 and parameters: {'k1': 0.008105946375246866, 'D_low': 8.681345655194916, 'k2': 0.00024742866174853054, 'D_high': 3580869.6482136766, 'fire_exp': 1.7634694937321462, 'P_half': 17.179931475851735, 'pre_dampen_half': 578.0392325443407, 'gpp_af': 0.014677568701947377, 'gpp_b': 3.535343545090566e-05, 'gpp_d': 61.99601564028907, 'ign_k': 0.14867315186904695, 'ign_c': 9.401106264973917, 'trop_agb_crit': 21.89346701940507, 'trop_k_veg': 1.1973895278235718, 'pop_amp': 0.03239395108746478, 'pop_peak': 1.0600022830005238, 'pop_sig': 1.0849852487662535, 'fuel_k': 0.012474356379759351, 'fuel_half': 23.664011443193964}. Best is trial 1622 with value: -0.6125870653324885.
[I 2026-08-19 18:08:55,170] Trial 2320 finished with value: 0.6011956795094313 and parameters: {'k1': 0.0229012618794269, 'D_low': 2.80360535675909, 'k2': 2.986045106444088e-05, 'D_high': 67323.29839062704, 'fire_exp': 7.344700004297507, 'P_half': 3.5521210992521652, 'pre_dampen_half': 2.656029247684962, 'gpp_af': 3.6838953381759105, 'gpp_b': 0.0005473179419144502, 'gpp_d': 1.9218429148581508, 'ign_k': 0.0024289110950513667, 'ign_c': 5.750471541356703, 'trop_agb_crit': 3.959584929737904, 'trop_k_veg': 4.869795771029721, 'pop_amp': 0.0019425969824197213, 'pop_peak': 0.08991777070534168, 'pop_sig': 0.5758423835780485, 'fuel_k': 4.254078860354625, 'fuel_half': 1.5552561692864426}. Best is trial 1622 with value: -0.6125870653324885.
[I 2026-08-19 18:08:56,921] Trial 2321 finished with value: -0.584661949906012 and parameters: {'k1': 0.0001654670666486768, 'D_low': 734.0421942115288, 'k2': 0.004488560534958795, 'D_high': 290184.80226050847, 'fire_exp': 1.3180036358848455, 'P_half': 820.6327572725788, 'pre_dampen_half': 1.1201390474421535, 'gpp_af': 0.2106903418380316, 'gpp_b': 0.0022238875514801115, 'gpp_d': 12.745164284683227, 'ign_k': 0.3551162143506237, 'ign_c': 0.27096965086907776, 'trop_agb_crit': 5.323924480217384, 'trop_k_veg': 3.34279282410602, 'pop_amp': 0.027835076546193764, 'pop_peak': 0.2141750956952068, 'pop_sig': 0.25625735927214877, 'fuel_k': 2.0293928679237703, 'fuel_half': 0.14203144218588404}. Best is trial 1622 with value: -0.6125870653324885.
  trial 2322/2500  best_overall=0.6126  (70.6 min)
[I 2026-08-19 18:08:59,312] Trial 2322 finished with value: 0.5714543578962501 and parameters: {'k1': 0.08198357617625246, 'D_low': 37.847343278741945, 'k2': 0.0033883219667045607, 'D_high': 83247.92697960007, 'fire_exp': 2.996705533188036, 'P_half': 34.50901810673648, 'pre_dampen_half': 0.4393039751440173, 'gpp_af': 0.07623626201024564, 'gpp_b': 8.939185729989051e-05, 'gpp_d': 908.2964492891598, 'ign_k': 0.018737552305208606, 'ign_c': 0.12912871554823738, 'trop_agb_crit': 14.82895778590221, 'trop_k_veg': 0.9679011217902377, 'pop_amp': 0.005216968381988902, 'pop_peak': 0.33137323439593713, 'pop_sig': 0.5031556125237879, 'fuel_k': 0.6438677918394805, 'fuel_half': 0.49642798462081983}. Best is trial 1622 with value: -0.6125870653324885.
[I 2026-08-19 18:09:01,078] Trial 2323 finished with value: 0.5334562984017889 and parameters: {'k1': 0.0005378541166959637, 'D_low': 31.109700886746833, 'k2': 0.0001387383583148266, 'D_high': 1052099.8220597904, 'fire_exp': 1.073446039639607, 'P_half': 2.075381156042164, 'pre_dampen_half': 0.01694593971796164, 'gpp_af': 0.05952223389982453, 'gpp_b': 0.00040965812885062887, 'gpp_d': 0.05724054577350883, 'ign_k': 0.21162132060563354, 'ign_c': 17.791943539364954, 'trop_agb_crit': 15.97402666332859, 'trop_k_veg': 1.6531196595052888, 'pop_amp': 0.614300786700854, 'pop_peak': 293.8424351056322, 'pop_sig': 0.5968049254997501, 'fuel_k': 0.17311965865914664, 'fuel_half': 33.1469489497929}. Best is trial 1622 with value: -0.6125870653324885.
[I 2026-08-19 18:09:02,918] Trial 2324 finished with value: 0.5919252378258749 and parameters: {'k1': 0.0006517800444321016, 'D_low': 333.94842526792354, 'k2': 0.00017807365143732607, 'D_high': 323560.5616394383, 'fire_exp': 4.23804945585044, 'P_half': 7.226389305112283, 'pre_dampen_half': 2.0138200071503456, 'gpp_af': 0.05839566479458704, 'gpp_b': 0.03902473549566864, 'gpp_d': 0.6847455759162472, 'ign_k': 0.00754105071433007, 'ign_c': 0.24591543960667603, 'trop_agb_crit': 2.0150647746889194, 'trop_k_veg': 0.6189844170687496, 'pop_amp': 4.93162733100686, 'pop_peak': 0.30390651329411184, 'pop_sig': 0.8440574837721891, 'fuel_k': 0.15585602225856096, 'fuel_half': 0.15807610371220618}. Best is trial 1622 with value: -0.6125870653324885.
[I 2026-08-19 18:09:04,761] Trial 2325 finished with value: 0.5840129363146622 and parameters: {'k1': 0.01439464546450914, 'D_low': 1.6359186188888706, 'k2': 0.00026217885567913666, 'D_high': 903583.7652411166, 'fire_exp': 2.1649142333651885, 'P_half': 4.664019766856667, 'pre_dampen_half': 0.9957704295339274, 'gpp_af': 0.7292072773642372, 'gpp_b': 0.019713930721773174, 'gpp_d': 95.70287748499929, 'ign_k': 0.24277444132288997, 'ign_c': 37.599284301471315, 'trop_agb_crit': 29.482131088618917, 'trop_k_veg': 3.8007772881901305, 'pop_amp': 0.0010164996581308304, 'pop_peak': 0.0943427479069647, 'pop_sig': 1.7420377884727343, 'fuel_k': 0.8329498000252666, 'fuel_half': 0.22926014530889244}. Best is trial 1622 with value: -0.6125870653324885.
[I 2026-08-19 18:09:06,612] Trial 2326 finished with value: 0.6445374145881376 and parameters: {'k1': 0.004054382733058436, 'D_low': 1074.5347233558318, 'k2': 1.5999022984861753e-05, 'D_high': 1198518.3442060566, 'fire_exp': 1.0887606063147837, 'P_half': 155.1675268942757, 'pre_dampen_half': 22.27307457375973, 'gpp_af': 0.11004762081896792, 'gpp_b': 0.0001132149695134768, 'gpp_d': 160.1062530093241, 'ign_k': 6.965485411309971, 'ign_c': 88.01508178404282, 'trop_agb_crit': 19.47215382130493, 'trop_k_veg': 1.1807815569660112, 'pop_amp': 0.0017137163840541272, 'pop_peak': 3.2646992186385235, 'pop_sig': 0.7218831449866674, 'fuel_k': 0.03666287273354612, 'fuel_half': 10.602166770640723}. Best is trial 1622 with value: -0.6125870653324885.
[I 2026-08-19 18:09:08,480] Trial 2327 finished with value: -0.4829156517176222 and parameters: {'k1': 2.428566762265736e-05, 'D_low': 213.9572808773671, 'k2': 0.000357930452697186, 'D_high': 55505.89272072588, 'fire_exp': 1.3886799002664714, 'P_half': 648.1538223089424, 'pre_dampen_half': 5.420856491678426, 'gpp_af': 0.011083561831214348, 'gpp_b': 0.0014459239238495231, 'gpp_d': 16.173595152917464, 'ign_k': 6.252611235404407, 'ign_c': 0.10810380820578305, 'trop_agb_crit': 17.83258719061486, 'trop_k_veg': 5.344825612944792, 'pop_amp': 0.07756294706951876, 'pop_peak': 1.4406940237775687, 'pop_sig': 0.5160758945216741, 'fuel_k': 0.5609604927652004, 'fuel_half': 0.20879799518888711}. Best is trial 1622 with value: -0.6125870653324885.
[I 2026-08-19 18:09:10,288] Trial 2328 finished with value: 0.42255120525604206 and parameters: {'k1': 0.0008807083374662093, 'D_low': 6012.601269316333, 'k2': 0.00010639350235278475, 'D_high': 814870.1474950121, 'fire_exp': 1.0017438878767777, 'P_half': 27.619007900138552, 'pre_dampen_half': 17.491530644218074, 'gpp_af': 0.0013129083371835946, 'gpp_b': 0.00011873816731606365, 'gpp_d': 703.6309317269984, 'ign_k': 2.9120825309727656, 'ign_c': 0.6518583228329405, 'trop_agb_crit': 7.50093655933722, 'trop_k_veg': 1.1159529059903823, 'pop_amp': 0.003693651127530904, 'pop_peak': 47.54355433120102, 'pop_sig': 0.738187369261932, 'fuel_k': 0.06393545229016546, 'fuel_half': 19.08606892990123}. Best is trial 1622 with value: -0.6125870653324885.
[I 2026-08-19 18:09:12,060] Trial 2329 finished with value: 0.5181883965738113 and parameters: {'k1': 0.0002628373231636838, 'D_low': 23.042540939378142, 'k2': 0.0006832139285466322, 'D_high': 416152.48420770484, 'fire_exp': 5.110728494018332, 'P_half': 59.154375777872225, 'pre_dampen_half': 0.2173309531430911, 'gpp_af': 0.02356495483060326, 'gpp_b': 0.0004825417430007077, 'gpp_d': 2.738055501578555, 'ign_k': 0.22003461116605932, 'ign_c': 0.26718262386299085, 'trop_agb_crit': 4.595916038132444, 'trop_k_veg': 1.3031483734280218, 'pop_amp': 1.6740948448107464, 'pop_peak': 47.33518642139701, 'pop_sig': 0.4637459817716212, 'fuel_k': 0.28082108703911696, 'fuel_half': 0.10502317094985095}. Best is trial 1622 with value: -0.6125870653324885.
[I 2026-08-19 18:09:13,946] Trial 2330 finished with value: 0.6445374145881376 and parameters: {'k1': 0.033301057169256215, 'D_low': 2.2966460512515465, 'k2': 0.000577338787072225, 'D_high': 12.976072936448748, 'fire_exp': 5.408872896961607, 'P_half': 777.8828385797817, 'pre_dampen_half': 283.1403358039546, 'gpp_af': 0.004091755110520483, 'gpp_b': 0.002191642187440181, 'gpp_d': 2.7875279713115364, 'ign_k': 0.03306447572945125, 'ign_c': 519.0812163196997, 'trop_agb_crit': 7.372384828326166, 'trop_k_veg': 3.469853496203909, 'pop_amp': 0.22697689556014375, 'pop_peak': 138.95373272072453, 'pop_sig': 1.0208175253995875, 'fuel_k': 2.7162472506538995, 'fuel_half': 0.30739920495423095}. Best is trial 1622 with value: -0.6125870653324885.
[I 2026-08-19 18:09:15,741] Trial 2331 finished with value: 0.6445374145881376 and parameters: {'k1': 0.0030841973919980697, 'D_low': 4.7918679691703945, 'k2': 0.05368904717377247, 'D_high': 5045882.20983234, 'fire_exp': 4.467952111848979, 'P_half': 1.099719865523752, 'pre_dampen_half': 17.16780918717558, 'gpp_af': 0.00978318643703954, 'gpp_b': 0.00033721077123734987, 'gpp_d': 8.01490482078783, 'ign_k': 1.064157546980164, 'ign_c': 137.9438346150627, 'trop_agb_crit': 2.775588026911432, 'trop_k_veg': 2.91959188570339, 'pop_amp': 0.20453970321766493, 'pop_peak': 518.4914029664872, 'pop_sig': 1.0568829951659209, 'fuel_k': 0.11305558055762611, 'fuel_half': 0.2757957415775525}. Best is trial 1622 with value: -0.6125870653324885.
[I 2026-08-19 18:09:17,514] Trial 2332 finished with value: 0.5762471166388925 and parameters: {'k1': 0.0007669738527509274, 'D_low': 83.76435347780247, 'k2': 0.004882198098059455, 'D_high': 1402069.2238920808, 'fire_exp': 2.282336115052844, 'P_half': 2145.0712466030795, 'pre_dampen_half': 0.12606124506706037, 'gpp_af': 0.8832397984871299, 'gpp_b': 0.018812134026550516, 'gpp_d': 404.71358058573946, 'ign_k': 1.776574820117079, 'ign_c': 0.44320287347789766, 'trop_agb_crit': 10.495717460317515, 'trop_k_veg': 4.863008028469561, 'pop_amp': 0.07214237088174512, 'pop_peak': 1.123867279747409, 'pop_sig': 0.39570477981769614, 'fuel_k': 0.32847242533576193, 'fuel_half': 0.2313740801749182}. Best is trial 1622 with value: -0.6125870653324885.
[I 2026-08-19 18:09:19,344] Trial 2333 finished with value: -0.5128629514764975 and parameters: {'k1': 0.009485907095568508, 'D_low': 44.88330655991965, 'k2': 3.3701107251556704e-05, 'D_high': 6935819.896956139, 'fire_exp': 2.166955421035352, 'P_half': 58.49524462404684, 'pre_dampen_half': 5.221684549934369, 'gpp_af': 0.05552705170639869, 'gpp_b': 3.935172275326317e-05, 'gpp_d': 16.26980499349707, 'ign_k': 0.03413175943140247, 'ign_c': 1.9001015311874385, 'trop_agb_crit': 13.969093350254866, 'trop_k_veg': 1.0182135708038258, 'pop_amp': 0.0020363143299561848, 'pop_peak': 0.16577104632554576, 'pop_sig': 0.8566095503022351, 'fuel_k': 0.03554521851619163, 'fuel_half': 45.08158768622037}. Best is trial 1622 with value: -0.6125870653324885.
  trial 2334/2500  best_overall=0.6126  (70.9 min)
[I 2026-08-19 18:09:21,635] Trial 2334 finished with value: 0.577218245294999 and parameters: {'k1': 0.0003577656789805925, 'D_low': 9935.740744050194, 'k2': 0.0006910598264851331, 'D_high': 1673566.8636017533, 'fire_exp': 1.9016812125523153, 'P_half': 1640.965466904004, 'pre_dampen_half': 0.035367421953995185, 'gpp_af': 0.11535962110521832, 'gpp_b': 0.0009669267411191993, 'gpp_d': 367.6308638132262, 'ign_k': 2.2015143151387413, 'ign_c': 0.323183176568853, 'trop_agb_crit': 3.417969842407474, 'trop_k_veg': 1.3243708857147356, 'pop_amp': 0.012467675855728425, 'pop_peak': 0.09229978936309458, 'pop_sig': 0.9247351090867163, 'fuel_k': 2.012459145155527, 'fuel_half': 2.170151580593182}. Best is trial 1622 with value: -0.6125870653324885.
[I 2026-08-19 18:09:23,460] Trial 2335 finished with value: 0.4715950349737842 and parameters: {'k1': 0.0003604022007147481, 'D_low': 67855.57310197342, 'k2': 0.0002613954733550348, 'D_high': 3030726.8781424994, 'fire_exp': 1.0486438430266636, 'P_half': 43.935187671986256, 'pre_dampen_half': 131.18880374093658, 'gpp_af': 0.03545949282834702, 'gpp_b': 0.00010092414248901725, 'gpp_d': 86.33132482795595, 'ign_k': 1.741807665546002, 'ign_c': 3.0765212059354687, 'trop_agb_crit': 15.92289524911558, 'trop_k_veg': 0.9630341587342949, 'pop_amp': 0.00604412002195297, 'pop_peak': 24.401755625553637, 'pop_sig': 0.41288417825503737, 'fuel_k': 0.7036436592695862, 'fuel_half': 9.674441195225194}. Best is trial 1622 with value: -0.6125870653324885.
[I 2026-08-19 18:09:25,282] Trial 2336 finished with value: 0.6445374145881376 and parameters: {'k1': 0.08289066556931489, 'D_low': 7.743214569407936, 'k2': 0.003316689735430183, 'D_high': 141076.56319094205, 'fire_exp': 3.35907474629323, 'P_half': 227.41280061158602, 'pre_dampen_half': 0.2652594692130478, 'gpp_af': 0.022346360654027817, 'gpp_b': 1.6717905730240983e-05, 'gpp_d': 11.310237971274384, 'ign_k': 6.12451839742714, 'ign_c': 46.26053925754998, 'trop_agb_crit': 15.845117895319088, 'trop_k_veg': 5.156043988485643, 'pop_amp': 0.0035460683099490776, 'pop_peak': 0.05616239725444904, 'pop_sig': 0.5565881866056155, 'fuel_k': 1.9171104246253634, 'fuel_half': 19.218425000755595}. Best is trial 1622 with value: -0.6125870653324885.
[I 2026-08-19 18:09:27,054] Trial 2337 finished with value: 0.46681220154000225 and parameters: {'k1': 0.003773256280001502, 'D_low': 1.2277869051805779, 'k2': 0.00021199793178873022, 'D_high': 381017.1496154736, 'fire_exp': 4.419053788765889, 'P_half': 34.40286248202772, 'pre_dampen_half': 190.3416694288818, 'gpp_af': 0.5269522237899028, 'gpp_b': 0.00016773806250864983, 'gpp_d': 46.20650753564263, 'ign_k': 2.6869163089275117, 'ign_c': 14.954884028465294, 'trop_agb_crit': 4.566470828747582, 'trop_k_veg': 2.485239707128171, 'pop_amp': 0.02363445801084269, 'pop_peak': 477.8800571248305, 'pop_sig': 0.5354550728121394, 'fuel_k': 0.36674826015869677, 'fuel_half': 0.16177768500986459}. Best is trial 1622 with value: -0.6125870653324885.
[I 2026-08-19 18:09:28,890] Trial 2338 finished with value: 0.448481960875901 and parameters: {'k1': 0.013534730127140605, 'D_low': 587.3018202603771, 'k2': 0.09889738715564149, 'D_high': 1261897.4723915956, 'fire_exp': 7.1034950159952235, 'P_half': 10.136740422418155, 'pre_dampen_half': 234.983948979594, 'gpp_af': 0.2894970990381566, 'gpp_b': 1.3861678218406752e-05, 'gpp_d': 21.07520440626424, 'ign_k': 0.8828263765664656, 'ign_c': 15.928856017606138, 'trop_agb_crit': 2.8387378767718103, 'trop_k_veg': 1.2857471234717384, 'pop_amp': 0.031066848842024503, 'pop_peak': 98.50178743829882, 'pop_sig': 1.6104053163838037, 'fuel_k': 0.06201215291077646, 'fuel_half': 0.14563700349022135}. Best is trial 1622 with value: -0.6125870653324885.
[I 2026-08-19 18:09:30,674] Trial 2339 finished with value: 0.4584584268332079 and parameters: {'k1': 0.0026717922046798253, 'D_low': 4377.967232915593, 'k2': 0.00026540503460089807, 'D_high': 37495.726672008284, 'fire_exp': 1.150080142820442, 'P_half': 1581.5771144970734, 'pre_dampen_half': 1.4056712828687585, 'gpp_af': 0.002767438679116729, 'gpp_b': 9.0136654899996e-05, 'gpp_d': 5.886090726226133, 'ign_k': 3.626722664560485, 'ign_c': 1.0028470806494154, 'trop_agb_crit': 25.009946184508507, 'trop_k_veg': 1.738778138059056, 'pop_amp': 0.007901721359432196, 'pop_peak': 193.8201103204412, 'pop_sig': 0.920414930709126, 'fuel_k': 3.5401619854038318, 'fuel_half': 0.15759817428288714}. Best is trial 1622 with value: -0.6125870653324885.
[I 2026-08-19 18:09:32,465] Trial 2340 finished with value: 0.48693820267570365 and parameters: {'k1': 0.013470421974387949, 'D_low': 119.73622946238407, 'k2': 0.0003604572782096625, 'D_high': 8470481.323981721, 'fire_exp': 1.2437016986112022, 'P_half': 1.9867992835650385, 'pre_dampen_half': 5.494654217876518, 'gpp_af': 0.1081237909406601, 'gpp_b': 2.184094416152439e-05, 'gpp_d': 0.027373235221926695, 'ign_k': 1.747356897952489, 'ign_c': 14.26891700098169, 'trop_agb_crit': 14.554249720510736, 'trop_k_veg': 1.5231058166231308, 'pop_amp': 0.013487767633217771, 'pop_peak': 211.03372736776464, 'pop_sig': 0.8401459110865468, 'fuel_k': 0.01851488114410605, 'fuel_half': 4.530322055948695}. Best is trial 1622 with value: -0.6125870653324885.
[I 2026-08-19 18:09:34,344] Trial 2341 finished with value: 0.6427210838449642 and parameters: {'k1': 0.017615791030851355, 'D_low': 290137.97518186894, 'k2': 0.0009975594215181256, 'D_high': 2560455.8658925924, 'fire_exp': 9.1318451454945, 'P_half': 2293.95258818707, 'pre_dampen_half': 605.0185820267212, 'gpp_af': 2.4413734474057858, 'gpp_b': 0.018147974792504865, 'gpp_d': 0.035731526165525884, 'ign_k': 5.638604484558067, 'ign_c': 0.1279413340556568, 'trop_agb_crit': 9.419108580822757, 'trop_k_veg': 7.9856221254098045, 'pop_amp': 1.2572055172496002, 'pop_peak': 7.424140437018768, 'pop_sig': 1.32085248661327, 'fuel_k': 0.23737280205189645, 'fuel_half': 12.039546885480744}. Best is trial 1622 with value: -0.6125870653324885.
[I 2026-08-19 18:09:36,148] Trial 2342 finished with value: 0.5939388917469468 and parameters: {'k1': 0.0012038299406077586, 'D_low': 3752.571932623742, 'k2': 0.023332592653167995, 'D_high': 116206.48192164395, 'fire_exp': 3.303718468756083, 'P_half': 815.3331928357042, 'pre_dampen_half': 0.07182062171065204, 'gpp_af': 0.016726662779988646, 'gpp_b': 0.09702880234256349, 'gpp_d': 7.881254277182548, 'ign_k': 4.819498848150451, 'ign_c': 0.4654693436950922, 'trop_agb_crit': 2.58338958421127, 'trop_k_veg': 5.918844416338531, 'pop_amp': 0.004079671139942374, 'pop_peak': 0.12703977067803066, 'pop_sig': 0.4411872141242336, 'fuel_k': 3.8699362530529564, 'fuel_half': 0.2115869219317309}. Best is trial 1622 with value: -0.6125870653324885.
[I 2026-08-19 18:09:37,959] Trial 2343 finished with value: 0.49777158124470744 and parameters: {'k1': 0.09311819901647252, 'D_low': 86.88817793824997, 'k2': 0.0015604481247394504, 'D_high': 2114650.464480485, 'fire_exp': 2.242899799112512, 'P_half': 67.38304288654079, 'pre_dampen_half': 0.12893031374942343, 'gpp_af': 0.004108960065439051, 'gpp_b': 1.920332179564152e-05, 'gpp_d': 478.52528738356807, 'ign_k': 0.7139399644112919, 'ign_c': 0.5988087824792977, 'trop_agb_crit': 13.62838764358351, 'trop_k_veg': 4.391348285184926, 'pop_amp': 0.0029325110798142716, 'pop_peak': 0.8746413658512525, 'pop_sig': 0.4098129534365744, 'fuel_k': 0.22443502137046503, 'fuel_half': 0.10523870674697282}. Best is trial 1622 with value: -0.6125870653324885.
[I 2026-08-19 18:09:39,814] Trial 2344 finished with value: 0.5352177736186647 and parameters: {'k1': 0.001623420603762279, 'D_low': 3.5203480700311247, 'k2': 0.0029236309100909427, 'D_high': 1026939.5083442386, 'fire_exp': 3.2874468055226505, 'P_half': 4.8053956955563555, 'pre_dampen_half': 17.3116408229591, 'gpp_af': 0.04928682898933566, 'gpp_b': 0.036812080310129267, 'gpp_d': 3.7805114956213752, 'ign_k': 0.4507720403676441, 'ign_c': 10.699629412117678, 'trop_agb_crit': 27.286544163559196, 'trop_k_veg': 3.4179503361469004, 'pop_amp': 0.0022048325076961042, 'pop_peak': 0.0736208741359373, 'pop_sig': 0.9871281980519814, 'fuel_k': 0.17167319343822085, 'fuel_half': 2.387033138939851}. Best is trial 1622 with value: -0.6125870653324885.
[I 2026-08-19 18:09:41,611] Trial 2345 finished with value: -0.5836668513248673 and parameters: {'k1': 0.03554806254121175, 'D_low': 334.67817243331746, 'k2': 0.0003268919306555929, 'D_high': 1386318.1069875557, 'fire_exp': 1.885889029131418, 'P_half': 22.292318185766256, 'pre_dampen_half': 0.7910145820764629, 'gpp_af': 0.0055099708819300475, 'gpp_b': 6.264551935621348e-05, 'gpp_d': 6.5943195174892475, 'ign_k': 0.5494101796091581, 'ign_c': 1.2888898207923156, 'trop_agb_crit': 5.067654426688724, 'trop_k_veg': 4.165464851929232, 'pop_amp': 0.001238106733240367, 'pop_peak': 0.07047477770694204, 'pop_sig': 0.3203910177177057, 'fuel_k': 0.5649490688387403, 'fuel_half': 0.5859714574738744}. Best is trial 1622 with value: -0.6125870653324885.
  trial 2346/2500  best_overall=0.6126  (71.3 min)
[I 2026-08-19 18:09:43,961] Trial 2346 finished with value: 0.48963221968985127 and parameters: {'k1': 4.754612923064304e-05, 'D_low': 2.7103822952310304, 'k2': 0.0042649997375548985, 'D_high': 145378.3430629849, 'fire_exp': 1.0260543238868087, 'P_half': 27.470927501124805, 'pre_dampen_half': 0.15642579436961052, 'gpp_af': 0.33648352715722246, 'gpp_b': 0.00772380232519868, 'gpp_d': 55.069116479571896, 'ign_k': 0.39034495849724843, 'ign_c': 0.27272523198819415, 'trop_agb_crit': 18.940905252670127, 'trop_k_veg': 5.924509461914946, 'pop_amp': 0.7523906667714313, 'pop_peak': 0.06284552675589683, 'pop_sig': 0.27454683623246723, 'fuel_k': 0.4136887283590263, 'fuel_half': 0.48819616831434937}. Best is trial 1622 with value: -0.6125870653324885.
[I 2026-08-19 18:09:45,813] Trial 2347 finished with value: 0.644513617566378 and parameters: {'k1': 0.0016836000163728117, 'D_low': 2.4362170580288613, 'k2': 0.0013216267210973418, 'D_high': 2425003.310403982, 'fire_exp': 7.589337004151099, 'P_half': 18.117692273733805, 'pre_dampen_half': 0.48114287219352175, 'gpp_af': 0.022699258574980515, 'gpp_b': 0.0004825888548258008, 'gpp_d': 13.828962583457846, 'ign_k': 0.5516062327946493, 'ign_c': 43.31997606949651, 'trop_agb_crit': 6.876759703141642, 'trop_k_veg': 3.7427414825104535, 'pop_amp': 0.02016039121568066, 'pop_peak': 21.484875173636816, 'pop_sig': 0.7332380900949558, 'fuel_k': 0.09893699995773983, 'fuel_half': 0.2395226308332638}. Best is trial 1622 with value: -0.6125870653324885.
