[I 2026-08-06 02:53:08,421] Trial 827 finished with values: [10.728494270140235, 10.728494270140235] and parameters: {'k1': 0.00369731116092524, 'D_low': 29.89885508829526, 'k2': 0.002681489769414653, 'D_high': 1537.4098204111451, 'fire_exp': 1.0881360604103363, 'P_half': 215.55950571043874, 'pre_dampen_half': 0.14445596525544369, 'gpp_af': 5.620854611217178, 'gpp_b': 0.011750724729953272, 'gpp_d': 2.893272120738162, 'ign_k': 0.6454459531371669, 'ign_c': 0.1457050032975653}.
[I 2026-08-06 02:53:09,748] Trial 828 finished with values: [-0.47215573323786364, 0.17159586170926533] and parameters: {'k1': 0.002971796631657383, 'D_low': 29.89885508829526, 'k2': 0.031211489608802344, 'D_high': 9769.756791866093, 'fire_exp': 1.0881360604103363, 'P_half': 11.877073321543955, 'pre_dampen_half': 304.7488318185732, 'gpp_af': 0.5107061330406066, 'gpp_b': 0.011750724729953272, 'gpp_d': 13.205186500450395, 'ign_k': 0.014879588507790004, 'ign_c': 0.11433485956638717}.
[I 2026-08-06 02:53:11,061] Trial 829 finished with values: [10.455166133141251, 10.455166133141251] and parameters: {'k1': 3.252245757497282e-05, 'D_low': 2.458603276328005, 'k2': 0.002935672965826306, 'D_high': 2969.087094484682, 'fire_exp': 1.0881360604103363, 'P_half': 2.157758652553991, 'pre_dampen_half': 304.7488318185732, 'gpp_af': 20.12115544906385, 'gpp_b': 0.00031478066835753096, 'gpp_d': 0.9005959291141283, 'ign_k': 0.6454459531371669, 'ign_c': 23.872908899163228}.
[I 2026-08-06 02:53:12,408] Trial 830 finished with values: [10.195103455285029, 10.195103455285029] and parameters: {'k1': 0.0009706606756877609, 'D_low': 29.89885508829526, 'k2': 0.08935977793528184, 'D_high': 7744.80118512745, 'fire_exp': 1.0881360604103363, 'P_half': 215.55950571043874, 'pre_dampen_half': 107.40052367919465, 'gpp_af': 0.010590622233713298, 'gpp_b': 0.00031478066835753096, 'gpp_d': 4.5768578731086835, 'ign_k': 0.0035136541394511, 'ign_c': 10.140635645866492}.
[I 2026-08-06 02:53:13,720] Trial 831 finished with values: [10.61058665579429, 10.61058665579429] and parameters: {'k1': 0.00324789183891923, 'D_low': 2.1234210963705626, 'k2': 0.0007081721844034209, 'D_high': 9769.756791866093, 'fire_exp': 1.151006986743773, 'P_half': 12.808863354047988, 'pre_dampen_half': 107.40052367919465, 'gpp_af': 2.990355148608495, 'gpp_b': 0.00031478066835753096, 'gpp_d': 19.65797948502804, 'ign_k': 0.03033111747878116, 'ign_c': 4.142619760188259}.
[I 2026-08-06 02:53:15,049] Trial 832 finished with values: [-0.4776692563538611, 0.44396273125224317] and parameters: {'k1': 0.00324789183891923, 'D_low': 29.89885508829526, 'k2': 0.031211489608802344, 'D_high': 12775.77960461496, 'fire_exp': 1.0881360604103363, 'P_half': 10.226988730324324, 'pre_dampen_half': 107.40052367919465, 'gpp_af': 5.620854611217178, 'gpp_b': 0.011750724729953272, 'gpp_d': 3.57879245350232, 'ign_k': 0.0035114452581286888, 'ign_c': 10.140635645866492}.
[I 2026-08-06 02:53:16,344] Trial 833 finished with values: [-0.49073388112653127, 0.5142719840753329] and parameters: {'k1': 0.04897760278488444, 'D_low': 2.458603276328005, 'k2': 0.031211489608802344, 'D_high': 10316.033434719713, 'fire_exp': 1.151006986743773, 'P_half': 12.808863354047988, 'pre_dampen_half': 76.86605275420082, 'gpp_af': 35.20481045526041, 'gpp_b': 0.00012797528816608022, 'gpp_d': 34.37107943937136, 'ign_k': 0.03033111747878116, 'ign_c': 34.19108473554449}.
[I 2026-08-06 02:53:17,690] Trial 834 finished with values: [10.610230754423274, 10.610230754423274] and parameters: {'k1': 0.00324789183891923, 'D_low': 29.89885508829526, 'k2': 0.031211489608802344, 'D_high': 10316.033434719713, 'fire_exp': 1.0881360604103363, 'P_half': 2.157758652553991, 'pre_dampen_half': 76.86605275420082, 'gpp_af': 0.8942824595236101, 'gpp_b': 0.00012797528816608022, 'gpp_d': 29.749683811098393, 'ign_k': 0.03033111747878116, 'ign_c': 9.34330265731847}.
[I 2026-08-06 02:53:18,985] Trial 835 finished with values: [-0.4726054901924301, 0.09255484749478515] and parameters: {'k1': 0.00324789183891923, 'D_low': 29.89885508829526, 'k2': 0.002935672965826306, 'D_high': 8182.111518618414, 'fire_exp': 1.0881360604103363, 'P_half': 215.55950571043874, 'pre_dampen_half': 805.2502904451399, 'gpp_af': 0.18148402127631746, 'gpp_b': 0.0037084949295141927, 'gpp_d': 4.5768578731086835, 'ign_k': 0.0026834162496848666, 'ign_c': 74.19780584302272}.
[I 2026-08-06 02:53:20,311] Trial 836 finished with values: [10.074050544076755, 10.074050544076755] and parameters: {'k1': 0.00324789183891923, 'D_low': 1112.9571947046009, 'k2': 0.0007081721844034209, 'D_high': 10316.033434719713, 'fire_exp': 1.0559384059137513, 'P_half': 2.157758652553991, 'pre_dampen_half': 107.40052367919465, 'gpp_af': 11.234842109991876, 'gpp_b': 0.1427634083968456, 'gpp_d': 2.8006820077310213, 'ign_k': 0.11101191524846071, 'ign_c': 0.1457050032975653}.
[I 2026-08-06 02:53:21,633] Trial 837 finished with values: [10.024736587768174, 10.024736587768174] and parameters: {'k1': 0.00324789183891923, 'D_low': 4.075267974954964, 'k2': 0.002935672965826306, 'D_high': 9769.756791866093, 'fire_exp': 1.0881360604103363, 'P_half': 10.226988730324324, 'pre_dampen_half': 304.7488318185732, 'gpp_af': 5.620854611217178, 'gpp_b': 0.011750724729953272, 'gpp_d': 4.5768578731086835, 'ign_k': 0.0035114452581286888, 'ign_c': 0.11433485956638717}.
[I 2026-08-06 02:53:22,956] Trial 838 finished with values: [10.689026189478785, 10.689026189478785] and parameters: {'k1': 0.00324789183891923, 'D_low': 2.1234210963705626, 'k2': 0.002935672965826306, 'D_high': 8182.111518618414, 'fire_exp': 1.151006986743773, 'P_half': 12.808863354047988, 'pre_dampen_half': 304.7488318185732, 'gpp_af': 5.620854611217178, 'gpp_b': 8.86208604060461, 'gpp_d': 4.5768578731086835, 'ign_k': 0.014879588507790004, 'ign_c': 0.32627001117104587}.
[I 2026-08-06 02:53:24,253] Trial 839 finished with values: [10.714541586741008, 10.714541586741008] and parameters: {'k1': 0.00324789183891923, 'D_low': 29.89885508829526, 'k2': 7.361379380357782e-05, 'D_high': 6455.595882939566, 'fire_exp': 1.151006986743773, 'P_half': 10.226988730324324, 'pre_dampen_half': 0.03315494004644148, 'gpp_af': 29.925002022877802, 'gpp_b': 0.011750724729953272, 'gpp_d': 3.57879245350232, 'ign_k': 0.6454459531371669, 'ign_c': 10.140635645866492}.
[I 2026-08-06 02:53:25,568] Trial 840 finished with values: [-0.46491186036709864, 0.16206853621523432] and parameters: {'k1': 0.016973078532467004, 'D_low': 1.2299210465793122, 'k2': 0.03210808548911189, 'D_high': 9769.756791866093, 'fire_exp': 1.0881360604103363, 'P_half': 11.877073321543955, 'pre_dampen_half': 304.7488318185732, 'gpp_af': 0.5107061330406066, 'gpp_b': 0.011750724729953272, 'gpp_d': 857.4284557962634, 'ign_k': 0.0035114452581286888, 'ign_c': 10.140635645866492}.
[I 2026-08-06 02:53:27,139] Trial 841 finished with values: [-0.48226267726189687, 0.18472593556615435] and parameters: {'k1': 0.00324789183891923, 'D_low': 29.89885508829526, 'k2': 0.002935672965826306, 'D_high': 7744.80118512745, 'fire_exp': 1.0881360604103363, 'P_half': 215.55950571043874, 'pre_dampen_half': 107.40052367919465, 'gpp_af': 5.620854611217178, 'gpp_b': 0.011750724729953272, 'gpp_d': 4.5768578731086835, 'ign_k': 0.03033111747878116, 'ign_c': 10.140635645866492}.
[I 2026-08-06 02:53:28,466] Trial 842 finished with values: [-0.47006178402386506, 0.12824129925424776] and parameters: {'k1': 0.0005956633466901681, 'D_low': 4.075267974954964, 'k2': 0.002935672965826306, 'D_high': 7744.80118512745, 'fire_exp': 1.0881360604103363, 'P_half': 147.09699119495133, 'pre_dampen_half': 107.40052367919465, 'gpp_af': 1.3725472882585024, 'gpp_b': 0.011750724729953272, 'gpp_d': 26.07917317941345, 'ign_k': 0.03033111747878116, 'ign_c': 6.160975294741436}.
[I 2026-08-06 02:53:29,796] Trial 843 finished with values: [10.448658802199036, 10.448658802199036] and parameters: {'k1': 0.04897760278488444, 'D_low': 4.075267974954964, 'k2': 0.0007081721844034209, 'D_high': 10316.033434719713, 'fire_exp': 1.518582349269638, 'P_half': 215.55950571043874, 'pre_dampen_half': 107.40052367919465, 'gpp_af': 11.234842109991876, 'gpp_b': 0.22183644799066013, 'gpp_d': 2.8006820077310213, 'ign_k': 0.11101191524846071, 'ign_c': 0.1457050032975653}.
[I 2026-08-06 02:53:31,111] Trial 844 finished with values: [-0.48745864534721955, 0.3677815336351864] and parameters: {'k1': 0.002971796631657383, 'D_low': 29.89885508829526, 'k2': 0.002935672965826306, 'D_high': 9769.756791866093, 'fire_exp': 1.0881360604103363, 'P_half': 215.55950571043874, 'pre_dampen_half': 36.876350096203005, 'gpp_af': 5.620854611217178, 'gpp_b': 0.00031478066835753096, 'gpp_d': 7.797126586048889, 'ign_k': 0.03033111747878116, 'ign_c': 0.1457050032975653}.
[I 2026-08-06 02:53:32,422] Trial 845 finished with values: [10.130854988790354, 10.130854988790354] and parameters: {'k1': 0.00324789183891923, 'D_low': 12.492307509390828, 'k2': 0.002935672965826306, 'D_high': 10316.033434719713, 'fire_exp': 1.0881360604103363, 'P_half': 215.55950571043874, 'pre_dampen_half': 304.7488318185732, 'gpp_af': 5.620854611217178, 'gpp_b': 0.011750724729953272, 'gpp_d': 2.893272120738162, 'ign_k': 0.6454459531371669, 'ign_c': 10.140635645866492}.
[I 2026-08-06 02:53:33,757] Trial 846 finished with values: [10.660289933484428, 10.660289933484428] and parameters: {'k1': 0.04897760278488444, 'D_low': 2.458603276328005, 'k2': 0.08790311296857814, 'D_high': 10316.033434719713, 'fire_exp': 1.0881360604103363, 'P_half': 2.157758652553991, 'pre_dampen_half': 76.86605275420082, 'gpp_af': 0.8942824595236101, 'gpp_b': 2.995823436300149e-05, 'gpp_d': 857.4284557962634, 'ign_k': 0.0026834162496848666, 'ign_c': 0.22010656610055812}.
[I 2026-08-06 02:53:35,047] Trial 847 finished with values: [10.733252176196292, 10.733252176196292] and parameters: {'k1': 0.0005956633466901681, 'D_low': 29.89885508829526, 'k2': 0.0007081721844034209, 'D_high': 7744.80118512745, 'fire_exp': 1.518582349269638, 'P_half': 3773.6663450054607, 'pre_dampen_half': 304.7488318185732, 'gpp_af': 11.234842109991876, 'gpp_b': 0.011750724729953272, 'gpp_d': 4.5768578731086835, 'ign_k': 0.0486276976221284, 'ign_c': 0.1457050032975653}.
[I 2026-08-06 02:53:36,337] Trial 848 finished with values: [10.170283372695241, 10.170283372695241] and parameters: {'k1': 0.01889771394135163, 'D_low': 29.89885508829526, 'k2': 0.002935672965826306, 'D_high': 6455.595882939566, 'fire_exp': 1.5554903627343437, 'P_half': 215.55950571043874, 'pre_dampen_half': 304.7488318185732, 'gpp_af': 5.620854611217178, 'gpp_b': 1.1008110571039521e-05, 'gpp_d': 4.5768578731086835, 'ign_k': 0.0035114452581286888, 'ign_c': 0.1457050032975653}.
[I 2026-08-06 02:53:37,675] Trial 849 finished with values: [-0.46983175420900364, 0.2660647207174408] and parameters: {'k1': 0.01889771394135163, 'D_low': 29.89885508829526, 'k2': 0.0001599021369655865, 'D_high': 10316.033434719713, 'fire_exp': 1.0881360604103363, 'P_half': 215.55950571043874, 'pre_dampen_half': 76.86605275420082, 'gpp_af': 1.3725472882585024, 'gpp_b': 0.0008714237109972738, 'gpp_d': 4.5768578731086835, 'ign_k': 0.008065394391537665, 'ign_c': 9.34330265731847}.
[I 2026-08-06 02:53:39,050] Trial 850 finished with values: [10.17656486782029, 10.17656486782029] and parameters: {'k1': 0.01889771394135163, 'D_low': 4.075267974954964, 'k2': 0.0007081721844034209, 'D_high': 6455.595882939566, 'fire_exp': 1.0881360604103363, 'P_half': 147.09699119495133, 'pre_dampen_half': 107.40052367919465, 'gpp_af': 1.3725472882585024, 'gpp_b': 0.011750724729953272, 'gpp_d': 0.6380717024176037, 'ign_k': 0.03033111747878116, 'ign_c': 9.34330265731847}.
[I 2026-08-06 02:53:40,373] Trial 851 finished with values: [10.448364936597423, 10.448364936597423] and parameters: {'k1': 0.002971796631657383, 'D_low': 29.89885508829526, 'k2': 0.0007081721844034209, 'D_high': 263.0178499745551, 'fire_exp': 1.0881360604103363, 'P_half': 10.226988730324324, 'pre_dampen_half': 107.40052367919465, 'gpp_af': 11.234842109991876, 'gpp_b': 0.011750724729953272, 'gpp_d': 8.144272585223819, 'ign_k': 0.03033111747878116, 'ign_c': 3.843180360935464}.
[I 2026-08-06 02:53:41,703] Trial 852 finished with values: [10.05289507728894, 10.05289507728894] and parameters: {'k1': 0.00324789183891923, 'D_low': 29.89885508829526, 'k2': 0.0001599021369655865, 'D_high': 7744.80118512745, 'fire_exp': 1.0881360604103363, 'P_half': 2.157758652553991, 'pre_dampen_half': 76.86605275420082, 'gpp_af': 0.8942824595236101, 'gpp_b': 0.011750724729953272, 'gpp_d': 29.749683811098393, 'ign_k': 0.0026834162496848666, 'ign_c': 9.34330265731847}.
[I 2026-08-06 02:53:43,022] Trial 853 finished with values: [-0.4750757051781889, 0.146119039048329] and parameters: {'k1': 7.841214856323651e-05, 'D_low': 2.1234210963705626, 'k2': 0.0007081721844034209, 'D_high': 8182.111518618414, 'fire_exp': 1.151006986743773, 'P_half': 215.55950571043874, 'pre_dampen_half': 107.40052367919465, 'gpp_af': 11.234842109991876, 'gpp_b': 0.024796579879439486, 'gpp_d': 368.30088529547436, 'ign_k': 0.11101191524846071, 'ign_c': 8.671454322584175}.
[I 2026-08-06 02:53:44,327] Trial 854 finished with values: [-0.4780999826310863, 0.36697740157411796] and parameters: {'k1': 0.002971796631657383, 'D_low': 29.89885508829526, 'k2': 0.0007081721844034209, 'D_high': 9769.756791866093, 'fire_exp': 1.0881360604103363, 'P_half': 12.808863354047988, 'pre_dampen_half': 36.876350096203005, 'gpp_af': 11.234842109991876, 'gpp_b': 0.011750724729953272, 'gpp_d': 19.65797948502804, 'ign_k': 0.0026834162496848666, 'ign_c': 9.34330265731847}.
[I 2026-08-06 02:53:45,627] Trial 855 finished with values: [10.748274200446295, 10.748274200446295] and parameters: {'k1': 0.04897760278488444, 'D_low': 1112.9571947046009, 'k2': 0.002935672965826306, 'D_high': 10316.033434719713, 'fire_exp': 1.0881360604103363, 'P_half': 215.55950571043874, 'pre_dampen_half': 107.40052367919465, 'gpp_af': 0.002223920272450794, 'gpp_b': 0.011750724729953272, 'gpp_d': 5.878566318396007, 'ign_k': 0.0486276976221284, 'ign_c': 0.11433485956638717}.
[I 2026-08-06 02:53:46,942] Trial 856 finished with values: [10.154080868063764, 10.154080868063764] and parameters: {'k1': 0.00324789183891923, 'D_low': 2.1234210963705626, 'k2': 0.002935672965826306, 'D_high': 2969.087094484682, 'fire_exp': 1.0881360604103363, 'P_half': 10.226988730324324, 'pre_dampen_half': 107.40052367919465, 'gpp_af': 5.620854611217178, 'gpp_b': 0.011750724729953272, 'gpp_d': 3.57879245350232, 'ign_k': 0.0035114452581286888, 'ign_c': 10.140635645866492}.
[I 2026-08-06 02:53:48,594] Trial 857 finished with values: [10.037268627110626, 10.037268627110626] and parameters: {'k1': 0.0011918981992518336, 'D_low': 2.1234210963705626, 'k2': 0.031211489608802344, 'D_high': 8182.111518618414, 'fire_exp': 1.0881360604103363, 'P_half': 215.55950571043874, 'pre_dampen_half': 805.2502904451399, 'gpp_af': 0.002178024787135677, 'gpp_b': 0.00012797528816608022, 'gpp_d': 100.41128827692584, 'ign_k': 0.014879588507790004, 'ign_c': 10.140635645866492}.
[I 2026-08-06 02:53:49,923] Trial 858 finished with values: [10.10562555128731, 10.10562555128731] and parameters: {'k1': 0.04897760278488444, 'D_low': 2.458603276328005, 'k2': 0.031211489608802344, 'D_high': 8182.111518618414, 'fire_exp': 1.0881360604103363, 'P_half': 12.808863354047988, 'pre_dampen_half': 304.7488318185732, 'gpp_af': 29.925002022877802, 'gpp_b': 0.00012797528816608022, 'gpp_d': 5.679195944606101, 'ign_k': 0.0026834162496848666, 'ign_c': 6.160975294741436}.
[I 2026-08-06 02:53:51,245] Trial 859 finished with values: [-0.4899528696675647, 0.33784792155310783] and parameters: {'k1': 7.841214856323651e-05, 'D_low': 1112.9571947046009, 'k2': 0.0007081721844034209, 'D_high': 8182.111518618414, 'fire_exp': 1.0881360604103363, 'P_half': 215.55950571043874, 'pre_dampen_half': 304.7488318185732, 'gpp_af': 11.234842109991876, 'gpp_b': 0.00031478066835753096, 'gpp_d': 4.5768578731086835, 'ign_k': 0.11101191524846071, 'ign_c': 0.1457050032975653}.
[I 2026-08-06 02:53:52,570] Trial 860 finished with values: [-0.47639654127970965, 0.11318355880894393] and parameters: {'k1': 0.04897760278488444, 'D_low': 29.89885508829526, 'k2': 0.0022957398214549472, 'D_high': 10316.033434719713, 'fire_exp': 1.0881360604103363, 'P_half': 215.55950571043874, 'pre_dampen_half': 107.40052367919465, 'gpp_af': 0.8942824595236101, 'gpp_b': 0.011750724729953272, 'gpp_d': 5.878566318396007, 'ign_k': 0.03033111747878116, 'ign_c': 10.140635645866492}.
[I 2026-08-06 02:53:53,925] Trial 861 finished with values: [10.644296468464606, 10.644296468464606] and parameters: {'k1': 0.04897760278488444, 'D_low': 29.89885508829526, 'k2': 0.0007081721844034209, 'D_high': 10316.033434719713, 'fire_exp': 1.0881360604103363, 'P_half': 12.808863354047988, 'pre_dampen_half': 107.40052367919465, 'gpp_af': 5.620854611217178, 'gpp_b': 0.00031478066835753096, 'gpp_d': 5.878566318396007, 'ign_k': 0.0486276976221284, 'ign_c': 10.140635645866492}.
[I 2026-08-06 02:53:55,291] Trial 862 finished with values: [10.122943301521435, 10.122943301521435] and parameters: {'k1': 0.00324789183891923, 'D_low': 1.2299210465793122, 'k2': 0.03210808548911189, 'D_high': 8182.111518618414, 'fire_exp': 1.7128214059652005, 'P_half': 12.808863354047988, 'pre_dampen_half': 304.7488318185732, 'gpp_af': 0.010590622233713298, 'gpp_b': 0.00012797528816608022, 'gpp_d': 368.30088529547436, 'ign_k': 0.0035114452581286888, 'ign_c': 10.140635645866492}.
[I 2026-08-06 02:53:56,623] Trial 863 finished with values: [-0.4900506131327872, 0.5178507673443016] and parameters: {'k1': 0.04897760278488444, 'D_low': 2.458603276328005, 'k2': 0.031211489608802344, 'D_high': 10316.033434719713, 'fire_exp': 1.151006986743773, 'P_half': 10.226988730324324, 'pre_dampen_half': 76.86605275420082, 'gpp_af': 29.925002022877802, 'gpp_b': 0.00012797528816608022, 'gpp_d': 34.37107943937136, 'ign_k': 0.03033111747878116, 'ign_c': 34.19108473554449}.
[I 2026-08-06 02:53:57,954] Trial 864 finished with values: [10.733936678545167, 10.733936678545167] and parameters: {'k1': 0.00324789183891923, 'D_low': 2.1234210963705626, 'k2': 0.002935672965826306, 'D_high': 1445.5983984872983, 'fire_exp': 1.151006986743773, 'P_half': 12.808863354047988, 'pre_dampen_half': 805.2502904451399, 'gpp_af': 0.8942824595236101, 'gpp_b': 1.9075438289444453, 'gpp_d': 0.679684982462508, 'ign_k': 0.03033111747878116, 'ign_c': 9.34330265731847}.
[I 2026-08-06 02:53:59,238] Trial 865 finished with values: [10.060873387385483, 10.060873387385483] and parameters: {'k1': 0.00324789183891923, 'D_low': 1112.9571947046009, 'k2': 0.0007081721844034209, 'D_high': 10316.033434719713, 'fire_exp': 1.0881360604103363, 'P_half': 215.55950571043874, 'pre_dampen_half': 304.7488318185732, 'gpp_af': 11.234842109991876, 'gpp_b': 0.00012797528816608022, 'gpp_d': 368.30088529547436, 'ign_k': 0.11101191524846071, 'ign_c': 8.671454322584175}.
[I 2026-08-06 02:54:00,589] Trial 866 finished with values: [-0.4675092848049487, 0.047915245731048994] and parameters: {'k1': 0.04897760278488444, 'D_low': 4.075267974954964, 'k2': 0.004940031671739378, 'D_high': 10316.033434719713, 'fire_exp': 1.0881360604103363, 'P_half': 2.157758652553991, 'pre_dampen_half': 107.40052367919465, 'gpp_af': 0.47739011308437823, 'gpp_b': 0.08040151168202724, 'gpp_d': 5.878566318396007, 'ign_k': 0.0486276976221284, 'ign_c': 10.140635645866492}.
[I 2026-08-06 02:54:01,883] Trial 867 finished with values: [10.569941296269052, 10.569941296269052] and parameters: {'k1': 0.00324789183891923, 'D_low': 2.1234210963705626, 'k2': 0.031211489608802344, 'D_high': 8182.111518618414, 'fire_exp': 1.151006986743773, 'P_half': 12.808863354047988, 'pre_dampen_half': 107.40052367919465, 'gpp_af': 11.234842109991876, 'gpp_b': 0.00012797528816608022, 'gpp_d': 368.30088529547436, 'ign_k': 0.03033111747878116, 'ign_c': 8.671454322584175}.
[I 2026-08-06 02:54:03,152] Trial 868 finished with values: [-0.47557912108773176, 0.11175797536324195] and parameters: {'k1': 0.016973078532467004, 'D_low': 1.2299210465793122, 'k2': 0.03210808548911189, 'D_high': 9769.756791866093, 'fire_exp': 1.0881360604103363, 'P_half': 215.55950571043874, 'pre_dampen_half': 304.7488318185732, 'gpp_af': 0.5107061330406066, 'gpp_b': 0.011750724729953272, 'gpp_d': 4.5768578731086835, 'ign_k': 0.0486276976221284, 'ign_c': 10.140635645866492}.
[I 2026-08-06 02:54:04,480] Trial 869 finished with values: [10.198181409799217, 10.198181409799217] and parameters: {'k1': 7.841214856323651e-05, 'D_low': 3840.3004190988563, 'k2': 0.0007081721844034209, 'D_high': 8182.111518618414, 'fire_exp': 1.0881360604103363, 'P_half': 215.55950571043874, 'pre_dampen_half': 304.7488318185732, 'gpp_af': 0.18148402127631746, 'gpp_b': 0.024796579879439486, 'gpp_d': 150.14555442537656, 'ign_k': 0.11101191524846071, 'ign_c': 0.1457050032975653}.
[I 2026-08-06 02:54:05,808] Trial 870 finished with values: [-0.48715614435469484, 0.24039028254985584] and parameters: {'k1': 0.00324789183891923, 'D_low': 4.075267974954964, 'k2': 0.0022957398214549472, 'D_high': 2969.087094484682, 'fire_exp': 1.0881360604103363, 'P_half': 12.808863354047988, 'pre_dampen_half': 805.2502904451399, 'gpp_af': 5.620854611217178, 'gpp_b': 0.008226792720717493, 'gpp_d': 0.6380717024176037, 'ign_k': 0.6454459531371669, 'ign_c': 0.11433485956638717}.
[I 2026-08-06 02:54:07,145] Trial 871 finished with values: [-0.4829261131870922, 0.10075734693827221] and parameters: {'k1': 0.00324789183891923, 'D_low': 135.4662616810925, 'k2': 0.0007081721844034209, 'D_high': 8182.111518618414, 'fire_exp': 1.518582349269638, 'P_half': 2.157758652553991, 'pre_dampen_half': 76.86605275420082, 'gpp_af': 0.8942824595236101, 'gpp_b': 0.011750724729953272, 'gpp_d': 29.749683811098393, 'ign_k': 0.11101191524846071, 'ign_c': 9.34330265731847}.
