[I 2026-07-24 02:19:23,260] Trial 509 finished with value: 0.4465551307607807 and parameters: {'k1': 0.0004090553007768713, 'D_low': 1.200560551042192, 'k2': 0.0021559067725807545, 'D_high': 64695.13717038836, 'fire_exp': 9.523873086612893, 'P_half': 56.327176843678316, 'pre_dampen_half': 5.479635052764239, 'gpp_af': 0.2579462768718303, 'gpp_b': 0.00027507931682977494, 'gpp_d': 76.44709934263932, 'ign_k': 0.5688561113569769, 'ign_c': 2.5342845912765206, 'trop_agb_crit': 13.73094005209024, 'trop_k_veg': 0.7852975378753851, 'fuel_k': 4.130034666691642, 'fuel_half': 0.10173399373908319}. Best is trial 0 with value: -0.6070628323553574.
[I 2026-07-24 02:19:23,683] Trial 510 finished with value: 0.5956791585374389 and parameters: {'k1': 0.04699172941730112, 'D_low': 6.117570886254257, 'k2': 3.49483764098839e-05, 'D_high': 588198.1228752927, 'fire_exp': 2.7563653886741193, 'P_half': 1.2526333026939263, 'pre_dampen_half': 0.7584528637775122, 'gpp_af': 0.003134137966733671, 'gpp_b': 0.007282828128147517, 'gpp_d': 19.272029698820695, 'ign_k': 1.299598169870545, 'ign_c': 3.1191475913280065, 'trop_agb_crit': 1.7390569744817792, 'trop_k_veg': 0.5312004348313392, 'fuel_k': 3.376658008755047, 'fuel_half': 1.3201755095099563}. Best is trial 0 with value: -0.6070628323553574.
[I 2026-07-24 02:19:24,093] Trial 511 finished with value: 0.6036694061177913 and parameters: {'k1': 0.03343677702673228, 'D_low': 9.691802741335113, 'k2': 6.563223084837579e-05, 'D_high': 61478.03467491253, 'fire_exp': 2.245189879982498, 'P_half': 12.222427845933115, 'pre_dampen_half': 0.8899113399321155, 'gpp_af': 0.006816610312950634, 'gpp_b': 0.46990284408589716, 'gpp_d': 943.522014889343, 'ign_k': 6.514742713131359, 'ign_c': 1.141379487488298, 'trop_agb_crit': 6.785304365492498, 'trop_k_veg': 0.704581582097795, 'fuel_k': 4.222627790381726, 'fuel_half': 0.9570897151460612}. Best is trial 0 with value: -0.6070628323553574.
[I 2026-07-24 02:19:24,511] Trial 512 finished with value: 0.5259066089264794 and parameters: {'k1': 0.021810791639096876, 'D_low': 1.1914070528865621, 'k2': 0.00011012005580149106, 'D_high': 2250457.2185478704, 'fire_exp': 1.8617113258110243, 'P_half': 75.93798887921355, 'pre_dampen_half': 139.43756226598063, 'gpp_af': 8.03872352166291, 'gpp_b': 0.009964605462062777, 'gpp_d': 89.49785775729521, 'ign_k': 7.352653617636618, 'ign_c': 1.0273236816479716, 'trop_agb_crit': 2.637918909789726, 'trop_k_veg': 0.9474146565962569, 'fuel_k': 5.261788614709742, 'fuel_half': 5.240157091775451}. Best is trial 0 with value: -0.6070628323553574.
[I 2026-07-24 02:19:24,921] Trial 513 finished with value: 0.5415352084383549 and parameters: {'k1': 0.0017333708144916446, 'D_low': 4.037502376469848, 'k2': 0.00018231986130892296, 'D_high': 59181.292094564524, 'fire_exp': 1.715036754495896, 'P_half': 453.2015256901375, 'pre_dampen_half': 0.19966778091307624, 'gpp_af': 0.05503432991024845, 'gpp_b': 0.007215171778478352, 'gpp_d': 357.59613981899395, 'ign_k': 2.422429686529501, 'ign_c': 1.1595397797918294, 'trop_agb_crit': 3.553517155290908, 'trop_k_veg': 0.5271882774265801, 'fuel_k': 1.8992086667466277, 'fuel_half': 0.3337729088993619}. Best is trial 0 with value: -0.6070628323553574.
[I 2026-07-24 02:19:25,329] Trial 514 finished with value: -0.5587029397992958 and parameters: {'k1': 0.08957170642217739, 'D_low': 1.2690891292270876, 'k2': 0.00010856574131620607, 'D_high': 231735.61466250638, 'fire_exp': 1.040070338902553, 'P_half': 37.30041326262419, 'pre_dampen_half': 0.4232480251658094, 'gpp_af': 0.22630794419120182, 'gpp_b': 0.007652760085306242, 'gpp_d': 45.34107957027218, 'ign_k': 2.411648913792803, 'ign_c': 0.16940815421120323, 'trop_agb_crit': 2.4541892589679506, 'trop_k_veg': 0.5841293406551565, 'fuel_k': 0.2931793131173072, 'fuel_half': 0.19315671460248787}. Best is trial 0 with value: -0.6070628323553574.
[I 2026-07-24 02:19:25,756] Trial 515 finished with value: 0.6530181274439397 and parameters: {'k1': 0.018094814862029043, 'D_low': 10.30837227844221, 'k2': 2.3349209146540926e-05, 'D_high': 2024295.245607954, 'fire_exp': 1.3694913476296764, 'P_half': 69.41707954165933, 'pre_dampen_half': 0.022155016010611556, 'gpp_af': 0.23024067149832103, 'gpp_b': 0.012166125693803641, 'gpp_d': 266.033792596952, 'ign_k': 7.92889541792513, 'ign_c': 33.832833979894424, 'trop_agb_crit': 1.8382011319376423, 'trop_k_veg': 0.5934214718758466, 'fuel_k': 1.0447552600458228, 'fuel_half': 0.8543841096859129}. Best is trial 0 with value: -0.6070628323553574.
[I 2026-07-24 02:19:26,168] Trial 516 finished with value: 0.6096016552811591 and parameters: {'k1': 0.054490648340477836, 'D_low': 5.246997507071986, 'k2': 0.000720799679769759, 'D_high': 39850.05130113487, 'fire_exp': 2.1120662333463907, 'P_half': 10.827910195914267, 'pre_dampen_half': 7.830062740653973, 'gpp_af': 0.01084879134601767, 'gpp_b': 0.07960714486976393, 'gpp_d': 12.107440306401758, 'ign_k': 5.215199594164807, 'ign_c': 0.19144594137457113, 'trop_agb_crit': 2.896625465253999, 'trop_k_veg': 0.7171301335766255, 'fuel_k': 1.6014358997672855, 'fuel_half': 6.71295046348463}. Best is trial 0 with value: -0.6070628323553574.
[I 2026-07-24 02:19:26,576] Trial 517 finished with value: 0.4827631285447699 and parameters: {'k1': 0.018115547719803338, 'D_low': 2.1026911154257144, 'k2': 0.00017871997342982813, 'D_high': 231131.10817440515, 'fire_exp': 1.3283967123297067, 'P_half': 19.39891605980221, 'pre_dampen_half': 0.1805601711597176, 'gpp_af': 0.0685003545815368, 'gpp_b': 0.0014139797260913876, 'gpp_d': 4.065675025301546, 'ign_k': 0.5027038854189316, 'ign_c': 0.3262254967591138, 'trop_agb_crit': 2.434976683404062, 'trop_k_veg': 1.1557844074681238, 'fuel_k': 0.14502792329461583, 'fuel_half': 1.2797310207643993}. Best is trial 0 with value: -0.6070628323553574.
[I 2026-07-24 02:19:27,003] Trial 518 finished with value: 0.5591402447489697 and parameters: {'k1': 0.002540659299578911, 'D_low': 1.7238416884654608, 'k2': 1.5175596498360313e-05, 'D_high': 1616849.8001095906, 'fire_exp': 1.1569112105256505, 'P_half': 14.847603144551698, 'pre_dampen_half': 0.14034609169836132, 'gpp_af': 1.159280967675282, 'gpp_b': 0.23603312318810607, 'gpp_d': 0.39839942554788405, 'ign_k': 2.6631662364889435, 'ign_c': 3.9897070270915913, 'trop_agb_crit': 1.9844244626800962, 'trop_k_veg': 0.6188446478353822, 'fuel_k': 2.591301665277132, 'fuel_half': 0.3379127945786143}. Best is trial 0 with value: -0.6070628323553574.
[I 2026-07-24 02:19:27,427] Trial 519 finished with value: 0.46214155275990376 and parameters: {'k1': 0.08722843825502592, 'D_low': 195.71502455729635, 'k2': 3.940849255460994e-05, 'D_high': 2077770.8984441804, 'fire_exp': 1.2133442812148822, 'P_half': 14.967027816478197, 'pre_dampen_half': 0.1951689416549156, 'gpp_af': 0.03868836643636463, 'gpp_b': 0.005437719258059085, 'gpp_d': 10.002572281810197, 'ign_k': 0.37861073151483504, 'ign_c': 0.7491227757314268, 'trop_agb_crit': 2.3912161977291695, 'trop_k_veg': 0.5313582516294778, 'fuel_k': 1.21214465540736, 'fuel_half': 0.3790231304314452}. Best is trial 0 with value: -0.6070628323553574.
[I 2026-07-24 02:19:27,843] Trial 520 finished with value: 0.4165913773730541 and parameters: {'k1': 0.02004681289362484, 'D_low': 1.352400236344496, 'k2': 1.0212930069745625e-05, 'D_high': 1285028.436181747, 'fire_exp': 1.0277768588797596, 'P_half': 28.928927585014687, 'pre_dampen_half': 0.12062874652521664, 'gpp_af': 1.236185174406385, 'gpp_b': 2.104965579124814e-05, 'gpp_d': 176.08273017310407, 'ign_k': 0.005374433766582969, 'ign_c': 11.975905836764595, 'trop_agb_crit': 2.8461935528103672, 'trop_k_veg': 3.465832168600265, 'fuel_k': 3.782912296510468, 'fuel_half': 0.11563939160320773}. Best is trial 0 with value: -0.6070628323553574.
[I 2026-07-24 02:19:28,253] Trial 521 finished with value: 0.6201769546655163 and parameters: {'k1': 0.03849103188894738, 'D_low': 15030.078275767344, 'k2': 1.0407102106590925e-05, 'D_high': 36864.228218618206, 'fire_exp': 1.3914496015732238, 'P_half': 10.825710667809249, 'pre_dampen_half': 23.5203744085757, 'gpp_af': 0.22817362119015752, 'gpp_b': 6.962010571792013, 'gpp_d': 476.03148340899054, 'ign_k': 1.2210850050198319, 'ign_c': 0.5890676887620112, 'trop_agb_crit': 1.006736558464449, 'trop_k_veg': 2.7117089363538622, 'fuel_k': 3.265722291746941, 'fuel_half': 1.3218508707743681}. Best is trial 0 with value: -0.6070628323553574.
[I 2026-07-24 02:19:28,668] Trial 522 finished with value: 0.5467042363590905 and parameters: {'k1': 0.005223577557660841, 'D_low': 2.4218421174870497, 'k2': 0.00013162220214023456, 'D_high': 898074.1318783828, 'fire_exp': 1.476919148648555, 'P_half': 78.51801732501409, 'pre_dampen_half': 1.051654903269473, 'gpp_af': 10.345655242545707, 'gpp_b': 0.04627831992232591, 'gpp_d': 1.54971466671153, 'ign_k': 5.725369488872969, 'ign_c': 3.281762149915768, 'trop_agb_crit': 1.3529735163537289, 'trop_k_veg': 0.9748811889697222, 'fuel_k': 0.2685064331177633, 'fuel_half': 0.17663854561612152}. Best is trial 0 with value: -0.6070628323553574.
[I 2026-07-24 02:19:29,088] Trial 523 finished with value: 0.4370081307023512 and parameters: {'k1': 0.018621127321858045, 'D_low': 1.2406970586993922, 'k2': 0.0006263077671219234, 'D_high': 267098.2936528953, 'fire_exp': 1.039187877666202, 'P_half': 160.01140036927475, 'pre_dampen_half': 1.2783006481644843, 'gpp_af': 0.02385468159930747, 'gpp_b': 0.00035571443287955905, 'gpp_d': 12.287833512490112, 'ign_k': 5.67320400651915, 'ign_c': 0.5953967316906593, 'trop_agb_crit': 1.136716809984833, 'trop_k_veg': 0.7079913610444684, 'fuel_k': 0.06550513635389248, 'fuel_half': 0.12190652076737848}. Best is trial 0 with value: -0.6070628323553574.
[I 2026-07-24 02:19:29,504] Trial 524 finished with value: 0.5774440484979889 and parameters: {'k1': 0.06970894296963072, 'D_low': 21.268877498328838, 'k2': 4.6575062365444515e-05, 'D_high': 36339.96528761967, 'fire_exp': 1.5633747822321982, 'P_half': 294.28725704008735, 'pre_dampen_half': 85.49844138967673, 'gpp_af': 0.63232411875434, 'gpp_b': 0.06329189194015102, 'gpp_d': 583.2338689129344, 'ign_k': 6.158577651844874, 'ign_c': 0.2947773655699646, 'trop_agb_crit': 2.6193246721250287, 'trop_k_veg': 1.126949353535701, 'fuel_k': 3.8852044812623396, 'fuel_half': 0.10478460658771317}. Best is trial 0 with value: -0.6070628323553574.
[I 2026-07-24 02:19:29,917] Trial 525 finished with value: -0.5133766370166704 and parameters: {'k1': 0.035372738062188366, 'D_low': 1.0829451861979562, 'k2': 0.0027112534602334454, 'D_high': 18104.444898630416, 'fire_exp': 1.0178963240869898, 'P_half': 2.5706909978112567, 'pre_dampen_half': 0.5088735102420484, 'gpp_af': 0.4594714297978361, 'gpp_b': 0.0074101065674390554, 'gpp_d': 5.106495811965068, 'ign_k': 0.3871885699084131, 'ign_c': 3.4432866175460513, 'trop_agb_crit': 1.0400048422191648, 'trop_k_veg': 0.6472024829579125, 'fuel_k': 0.995281656908459, 'fuel_half': 0.11012075053064294}. Best is trial 0 with value: -0.6070628323553574.
[I 2026-07-24 02:19:30,331] Trial 526 finished with value: 0.535801774659081 and parameters: {'k1': 0.01577609191073818, 'D_low': 40.59517139865617, 'k2': 0.0008276542260520599, 'D_high': 66918.66292712407, 'fire_exp': 1.0876847206634312, 'P_half': 4.178641738752184, 'pre_dampen_half': 0.19329070147554864, 'gpp_af': 0.9353679661900764, 'gpp_b': 0.5702034598646412, 'gpp_d': 479.0828358986562, 'ign_k': 8.631456236315309, 'ign_c': 0.1762818884608653, 'trop_agb_crit': 3.5953890738312, 'trop_k_veg': 0.583422685529427, 'fuel_k': 0.42734544069501224, 'fuel_half': 0.6937055110411673}. Best is trial 0 with value: -0.6070628323553574.
[I 2026-07-24 02:19:30,753] Trial 527 finished with value: 0.5469082499366318 and parameters: {'k1': 0.023152467280875028, 'D_low': 1.4941681077635425, 'k2': 0.0001445957743272388, 'D_high': 36090.07746013796, 'fire_exp': 1.027298730816409, 'P_half': 115.82499321271904, 'pre_dampen_half': 0.09504555943170197, 'gpp_af': 2.7556295922693854, 'gpp_b': 0.17412322740374944, 'gpp_d': 61.883011225740354, 'ign_k': 1.7272388912127206, 'ign_c': 1.6235241545239427, 'trop_agb_crit': 3.0526432301174897, 'trop_k_veg': 0.6882217935051652, 'fuel_k': 0.10841359356021173, 'fuel_half': 0.6772567816998908}. Best is trial 0 with value: -0.6070628323553574.
[I 2026-07-24 02:19:31,163] Trial 528 finished with value: 0.4795671836136576 and parameters: {'k1': 0.0004214916747086336, 'D_low': 2996.9041693433637, 'k2': 0.00041487260609605127, 'D_high': 6962379.607254176, 'fire_exp': 4.171030343617373, 'P_half': 2.1241535198323236, 'pre_dampen_half': 153.75626018271157, 'gpp_af': 0.05823032788794986, 'gpp_b': 0.002226257235626187, 'gpp_d': 38.955869736780876, 'ign_k': 2.8149580920772013, 'ign_c': 0.3523456405051304, 'trop_agb_crit': 1.5618053802267748, 'trop_k_veg': 0.6282748218310115, 'fuel_k': 1.644878971132827, 'fuel_half': 0.15453807313961604}. Best is trial 0 with value: -0.6070628323553574.
[I 2026-07-24 02:19:31,577] Trial 529 finished with value: 0.4206661753655696 and parameters: {'k1': 0.010995594103096659, 'D_low': 9.329502271938777, 'k2': 9.929178230675771e-05, 'D_high': 461213.76493121637, 'fire_exp': 8.194489755232517, 'P_half': 26.865027719438718, 'pre_dampen_half': 23.3152609319598, 'gpp_af': 0.17848739965224175, 'gpp_b': 8.738146505352066e-05, 'gpp_d': 207.41773129090512, 'ign_k': 2.6502830244888265, 'ign_c': 0.5384851223903505, 'trop_agb_crit': 10.363706407539262, 'trop_k_veg': 1.039205716276, 'fuel_k': 0.8625632315323706, 'fuel_half': 9.08444169979664}. Best is trial 0 with value: -0.6070628323553574.
[I 2026-07-24 02:19:31,997] Trial 530 finished with value: 0.4396859224661469 and parameters: {'k1': 0.010515619245611932, 'D_low': 27.349268477483136, 'k2': 0.00019005618614725887, 'D_high': 3783486.961065436, 'fire_exp': 1.186590939619105, 'P_half': 98.04503734889043, 'pre_dampen_half': 11.562757069817247, 'gpp_af': 0.384561901796525, 'gpp_b': 0.00872365306700874, 'gpp_d': 275.04702100895855, 'ign_k': 8.798388155247059, 'ign_c': 0.10355880554475072, 'trop_agb_crit': 4.013127021026246, 'trop_k_veg': 0.7155243172937767, 'fuel_k': 0.1384755086604012, 'fuel_half': 0.2180475755739882}. Best is trial 0 with value: -0.6070628323553574.
[I 2026-07-24 02:19:32,411] Trial 531 finished with value: 0.5405349525616748 and parameters: {'k1': 0.0064399002658921825, 'D_low': 27.420324042073933, 'k2': 0.00022080701376844128, 'D_high': 212751.0078199828, 'fire_exp': 7.901146750935466, 'P_half': 81.91673780869053, 'pre_dampen_half': 9.106242711089422, 'gpp_af': 3.543595500289329, 'gpp_b': 1.3608935510629703e-05, 'gpp_d': 193.19403119598175, 'ign_k': 0.09981485754519208, 'ign_c': 2.6594851490059725, 'trop_agb_crit': 21.169970552352815, 'trop_k_veg': 1.297129294635937, 'fuel_k': 2.0266972346544554, 'fuel_half': 2.7415078231392207}. Best is trial 0 with value: -0.6070628323553574.
[I 2026-07-24 02:19:32,824] Trial 532 finished with value: -0.5803676674884194 and parameters: {'k1': 0.002544957529114389, 'D_low': 58.17935839284051, 'k2': 0.0038490066055819915, 'D_high': 1681226.2181187433, 'fire_exp': 4.0252620424444485, 'P_half': 38.97515458251128, 'pre_dampen_half': 4.2824982657294175, 'gpp_af': 1.779382090573742, 'gpp_b': 0.0014661440326767233, 'gpp_d': 26.770588427106137, 'ign_k': 0.18473177221656828, 'ign_c': 0.6524090521353964, 'trop_agb_crit': 4.132057026829361, 'trop_k_veg': 0.8536595038040765, 'fuel_k': 1.1916234136816577, 'fuel_half': 0.3052360701366174}. Best is trial 0 with value: -0.6070628323553574.
[I 2026-07-24 02:19:33,230] Trial 533 finished with value: 0.5712697575278196 and parameters: {'k1': 0.0017009796680896225, 'D_low': 180.3451694576537, 'k2': 0.003546292995730529, 'D_high': 226498.5135355144, 'fire_exp': 6.722920675201322, 'P_half': 3.6579515005614573, 'pre_dampen_half': 644.1738004239768, 'gpp_af': 1.5496595804814954, 'gpp_b': 0.9842842140685512, 'gpp_d': 168.6903519988167, 'ign_k': 0.3915779037217237, 'ign_c': 0.8376037835347485, 'trop_agb_crit': 11.186389184797331, 'trop_k_veg': 1.160575235918369, 'fuel_k': 0.08680609233541187, 'fuel_half': 0.8620352302850343}. Best is trial 0 with value: -0.6070628323553574.
[I 2026-07-24 02:19:33,643] Trial 534 finished with value: 0.6445374145881376 and parameters: {'k1': 0.0004195805456458528, 'D_low': 1950.1066495693228, 'k2': 0.00019704914009263197, 'D_high': 3656647.213410619, 'fire_exp': 1.6750759535155593, 'P_half': 3.5608417473246257, 'pre_dampen_half': 0.30503171696430614, 'gpp_af': 20.31538742699164, 'gpp_b': 0.2996259839970433, 'gpp_d': 0.5310996436963236, 'ign_k': 1.872048165756255, 'ign_c': 85.54903620643987, 'trop_agb_crit': 3.2239352579628275, 'trop_k_veg': 2.2838151523540655, 'fuel_k': 0.6355925316079915, 'fuel_half': 0.612153125623601}. Best is trial 0 with value: -0.6070628323553574.
[I 2026-07-24 02:19:34,054] Trial 535 finished with value: 0.6445374145881376 and parameters: {'k1': 0.03454018698233641, 'D_low': 1.046982050704869, 'k2': 3.468131107925268e-05, 'D_high': 2606879.8682705536, 'fire_exp': 1.5742672030305052, 'P_half': 95.18594934434876, 'pre_dampen_half': 61.28472264927716, 'gpp_af': 4.326114734340917, 'gpp_b': 0.2467913683947089, 'gpp_d': 747.0783870316549, 'ign_k': 9.435250613211938, 'ign_c': 51.0043531776078, 'trop_agb_crit': 2.377769838610299, 'trop_k_veg': 0.7411006171309729, 'fuel_k': 0.3891388275645049, 'fuel_half': 0.17382971735643213}. Best is trial 0 with value: -0.6070628323553574.
[I 2026-07-24 02:19:34,469] Trial 536 finished with value: -0.557850479206391 and parameters: {'k1': 0.012590868203736125, 'D_low': 64.40696456521114, 'k2': 0.0016666248153781869, 'D_high': 3316428.8585613454, 'fire_exp': 7.1241134335747835, 'P_half': 55.08008104203123, 'pre_dampen_half': 11.420510544796675, 'gpp_af': 1.1371683187183514, 'gpp_b': 0.00010823037911849922, 'gpp_d': 50.2952602002586, 'ign_k': 0.2745033373936694, 'ign_c': 1.6856499692441849, 'trop_agb_crit': 1.9012291216435702, 'trop_k_veg': 1.3927018959167015, 'fuel_k': 1.1565363987923005, 'fuel_half': 0.6692734563433766}. Best is trial 0 with value: -0.6070628323553574.
[I 2026-07-24 02:19:34,883] Trial 537 finished with value: 0.6457814291334971 and parameters: {'k1': 0.0069024838334872, 'D_low': 7.870094340100467, 'k2': 0.0005945836060656271, 'D_high': 36634.70423250903, 'fire_exp': 7.607962015233849, 'P_half': 555.8153694715245, 'pre_dampen_half': 189.68542221842614, 'gpp_af': 0.019091502510200493, 'gpp_b': 7.467799290235779e-05, 'gpp_d': 611.4751716219342, 'ign_k': 0.4154467435923608, 'ign_c': 32.937203743498465, 'trop_agb_crit': 13.230721905985474, 'trop_k_veg': 0.7592866053204639, 'fuel_k': 3.6273432990339423, 'fuel_half': 0.4830133836312654}. Best is trial 0 with value: -0.6070628323553574.
[I 2026-07-24 02:19:35,293] Trial 538 finished with value: -0.5661267446073014 and parameters: {'k1': 0.002965730695011234, 'D_low': 3693.734401929078, 'k2': 0.018235564894806256, 'D_high': 46517.10692498716, 'fire_exp': 2.9054825662594403, 'P_half': 7.335742760146478, 'pre_dampen_half': 3.438724467740712, 'gpp_af': 2.4415312536448206, 'gpp_b': 0.03561376546170276, 'gpp_d': 339.1124045998899, 'ign_k': 0.38781785502497124, 'ign_c': 1.3783993052770083, 'trop_agb_crit': 8.667117260333955, 'trop_k_veg': 1.7586677417570402, 'fuel_k': 1.3689082024186372, 'fuel_half': 0.20774514053756657}. Best is trial 0 with value: -0.6070628323553574.
[I 2026-07-24 02:19:35,709] Trial 539 finished with value: 0.5830277995286215 and parameters: {'k1': 0.0007949506224565452, 'D_low': 1822.2459528969875, 'k2': 0.0015125279715076756, 'D_high': 2164544.6101322165, 'fire_exp': 5.601928629363296, 'P_half': 1.994121530245996, 'pre_dampen_half': 9.084741289266518, 'gpp_af': 6.940466504667026, 'gpp_b': 0.019601484001387233, 'gpp_d': 197.29411036575647, 'ign_k': 0.021669676480736474, 'ign_c': 1.0768836007858218, 'trop_agb_crit': 4.292760454026085, 'trop_k_veg': 0.6207655551902327, 'fuel_k': 0.6586080933540163, 'fuel_half': 0.22625133471247555}. Best is trial 0 with value: -0.6070628323553574.
[I 2026-07-24 02:19:36,123] Trial 540 finished with value: -0.5986706604098511 and parameters: {'k1': 0.0003234962365297365, 'D_low': 714.1205993016987, 'k2': 0.0028934282380236663, 'D_high': 340575.6178069489, 'fire_exp': 2.4773045030602505, 'P_half': 1.141093198581666, 'pre_dampen_half': 2.103397120131081, 'gpp_af': 10.360833934016252, 'gpp_b': 0.032134888250450806, 'gpp_d': 98.12772650097433, 'ign_k': 0.343662563011087, 'ign_c': 2.851703568957917, 'trop_agb_crit': 6.126221273028913, 'trop_k_veg': 2.7646532491507525, 'fuel_k': 1.4489102072715405, 'fuel_half': 0.41308220232925674}. Best is trial 0 with value: -0.6070628323553574.
[I 2026-07-24 02:19:36,533] Trial 541 finished with value: 0.6003001981128531 and parameters: {'k1': 0.0009546532152250052, 'D_low': 361.10753016275265, 'k2': 0.04583580934346812, 'D_high': 27752.644573334386, 'fire_exp': 3.8210896004829986, 'P_half': 2.7335597327526027, 'pre_dampen_half': 0.5804717835412198, 'gpp_af': 0.4738594677690756, 'gpp_b': 1.5418687352892457, 'gpp_d': 884.1909242685629, 'ign_k': 0.03480888859230548, 'ign_c': 0.6925249723596351, 'trop_agb_crit': 8.847614554076733, 'trop_k_veg': 2.773600562013525, 'fuel_k': 1.1348248247884483, 'fuel_half': 0.11596736605727799}. Best is trial 0 with value: -0.6070628323553574.
[I 2026-07-24 02:19:36,947] Trial 542 finished with value: 0.6445374145881376 and parameters: {'k1': 0.002303556841934433, 'D_low': 2.2145751558164988, 'k2': 1.5629967755383133e-05, 'D_high': 968208.687140828, 'fire_exp': 2.5729650561475332, 'P_half': 3.121241465812468, 'pre_dampen_half': 2.261850281310504, 'gpp_af': 0.41812698336478327, 'gpp_b': 0.07666857454260595, 'gpp_d': 108.81249244452532, 'ign_k': 4.464492061347285, 'ign_c': 50.396972920983046, 'trop_agb_crit': 1.9307194707488207, 'trop_k_veg': 0.7734358517710458, 'fuel_k': 0.18690180250623692, 'fuel_half': 1.0923738751705938}. Best is trial 0 with value: -0.6070628323553574.
