[I 2026-08-06 09:02:17,775] Trial 789 finished with values: [10.005405050717984, 10.005405050717984] and parameters: {'k1': 0.00488137519160367, 'D_low': 12.105387404469584, 'k2': 0.03538758864779238, 'D_high': 8861.249804463225, 'fire_exp': 1.353841071397002, 'P_half': 338.23872019362165, 'pre_dampen_half': 552.4163637315892, 'gpp_af': 0.1476584299248268, 'gpp_b': 0.0005752434266899163, 'gpp_d': 229.41380323183625, 'ign_k': 0.12329098365270515, 'ign_c': 0.557280750002996, 'trop_agb_crit': 10.965064494899984, 'trop_k_veg': 0.6673124511410327}.
[I 2026-08-06 09:02:18,837] Trial 790 finished with values: [-0.5629446215444507, 0.5635641173649324] and parameters: {'k1': 0.008471801418819975, 'D_low': 40.12413353131991, 'k2': 0.0009562822793888481, 'D_high': 8182.111518618414, 'fire_exp': 1.1430983876313219, 'P_half': 220.3445560633069, 'pre_dampen_half': 502.5175192217655, 'gpp_af': 0.7539992074650279, 'gpp_b': 0.0005752434266899163, 'gpp_d': 16.460426816350523, 'ign_k': 8.708806168038567, 'ign_c': 0.21208987108343724, 'trop_agb_crit': 1.6878075072665546, 'trop_k_veg': 0.6673124511410327}.
[I 2026-08-06 09:02:19,895] Trial 791 finished with values: [-0.6396124645284125, 0.3165078144658292] and parameters: {'k1': 0.01889771394135163, 'D_low': 4.484744524732794, 'k2': 0.032845299795769424, 'D_high': 2940.51756322311, 'fire_exp': 1.0629462657398439, 'P_half': 4.213183643253957, 'pre_dampen_half': 552.4163637315892, 'gpp_af': 0.1476584299248268, 'gpp_b': 0.0005752434266899163, 'gpp_d': 229.41380323183625, 'ign_k': 8.708806168038567, 'ign_c': 20.03995359361212, 'trop_agb_crit': 7.500118950416987, 'trop_k_veg': 2.5879386297557976}.
[I 2026-08-06 09:02:20,967] Trial 792 finished with values: [10.205843596539067, 10.205843596539067] and parameters: {'k1': 0.01889771394135163, 'D_low': 34.459310919273356, 'k2': 0.012758211164590085, 'D_high': 2940.51756322311, 'fire_exp': 1.0629462657398439, 'P_half': 12.808863354047988, 'pre_dampen_half': 502.5175192217655, 'gpp_af': 20.605605824266945, 'gpp_b': 0.0005752434266899163, 'gpp_d': 5.1715677287580455, 'ign_k': 0.6697348618512097, 'ign_c': 8.40543912931368, 'trop_agb_crit': 10.905006748783771, 'trop_k_veg': 0.6743482387129308}.
[I 2026-08-06 09:02:22,047] Trial 793 finished with values: [-0.5900568882743964, 0.31815315848100933] and parameters: {'k1': 0.004312951023617458, 'D_low': 5.59983195169599, 'k2': 0.032845299795769424, 'D_high': 2940.51756322311, 'fire_exp': 1.1174086754605184, 'P_half': 12.808863354047988, 'pre_dampen_half': 552.4163637315892, 'gpp_af': 0.1476584299248268, 'gpp_b': 0.0005752434266899163, 'gpp_d': 2.944272359149677, 'ign_k': 8.708806168038567, 'ign_c': 20.03995359361212, 'trop_agb_crit': 25.382873076016292, 'trop_k_veg': 0.6673124511410327}.
[I 2026-08-06 09:02:23,137] Trial 794 finished with values: [-0.612233634051193, 0.3379649260730013] and parameters: {'k1': 0.01889771394135163, 'D_low': 70.18267183720735, 'k2': 0.018586220273069057, 'D_high': 2940.51756322311, 'fire_exp': 1.0629462657398439, 'P_half': 1.605843632310088, 'pre_dampen_half': 107.40052367919465, 'gpp_af': 0.1476584299248268, 'gpp_b': 0.0005752434266899163, 'gpp_d': 84.31013932082456, 'ign_k': 8.708806168038567, 'ign_c': 0.8916132699546893, 'trop_agb_crit': 1.14876138417489, 'trop_k_veg': 2.520089655463604}.
[I 2026-08-06 09:02:24,208] Trial 795 finished with values: [10.657645186122194, 10.657645186122194] and parameters: {'k1': 0.03635503353478365, 'D_low': 2.143851363193517, 'k2': 0.018586220273069057, 'D_high': 73.6137938035779, 'fire_exp': 1.353841071397002, 'P_half': 2.414672422128219, 'pre_dampen_half': 107.40052367919465, 'gpp_af': 0.1476584299248268, 'gpp_b': 0.0005752434266899163, 'gpp_d': 229.41380323183625, 'ign_k': 0.12329098365270515, 'ign_c': 0.557280750002996, 'trop_agb_crit': 10.965064494899984, 'trop_k_veg': 2.520089655463604}.
[I 2026-08-06 09:02:25,268] Trial 796 finished with values: [-0.5724077225382598, 0.6581499773306987] and parameters: {'k1': 0.004312951023617458, 'D_low': 34.459310919273356, 'k2': 0.0009562822793888481, 'D_high': 8182.111518618414, 'fire_exp': 1.0629462657398439, 'P_half': 1.2432381951316052, 'pre_dampen_half': 552.4163637315892, 'gpp_af': 0.18069041761817034, 'gpp_b': 0.0005752434266899163, 'gpp_d': 229.41380323183625, 'ign_k': 0.12329098365270515, 'ign_c': 8.40543912931368, 'trop_agb_crit': 10.965064494899984, 'trop_k_veg': 0.6673124511410327}.
[I 2026-08-06 09:02:26,348] Trial 797 finished with values: [10.617944587884077, 10.617944587884077] and parameters: {'k1': 0.01889771394135163, 'D_low': 40.12413353131991, 'k2': 0.005082220961627801, 'D_high': 8182.111518618414, 'fire_exp': 4.385019211707302, 'P_half': 268.1489769414653, 'pre_dampen_half': 502.5175192217655, 'gpp_af': 0.1476584299248268, 'gpp_b': 0.0005752434266899163, 'gpp_d': 1.493264336549928, 'ign_k': 8.708806168038567, 'ign_c': 20.03995359361212, 'trop_agb_crit': 1.14876138417489, 'trop_k_veg': 1.4584243470991722}.
[I 2026-08-06 09:02:27,418] Trial 798 finished with values: [-0.6042714242488244, 0.15913596309897005] and parameters: {'k1': 0.008471801418819975, 'D_low': 4.484744524732794, 'k2': 0.032845299795769424, 'D_high': 1537.4098204111451, 'fire_exp': 1.353841071397002, 'P_half': 4.213183643253957, 'pre_dampen_half': 552.4163637315892, 'gpp_af': 0.00515795696727661, 'gpp_b': 0.0005752434266899163, 'gpp_d': 150.14555442537656, 'ign_k': 8.708806168038567, 'ign_c': 8.40543912931368, 'trop_agb_crit': 10.965064494899984, 'trop_k_veg': 1.9938441068366917}.
[I 2026-08-06 09:02:28,780] Trial 799 finished with values: [-0.5889030509996525, 0.6897915320715121] and parameters: {'k1': 0.01889771394135163, 'D_low': 150.6455793119292, 'k2': 0.0012040762895973265, 'D_high': 8182.111518618414, 'fire_exp': 1.0629462657398439, 'P_half': 1.605843632310088, 'pre_dampen_half': 107.40052367919465, 'gpp_af': 0.1476584299248268, 'gpp_b': 0.0002464237581990368, 'gpp_d': 1.493264336549928, 'ign_k': 8.708806168038567, 'ign_c': 8.40543912931368, 'trop_agb_crit': 10.905006748783771, 'trop_k_veg': 2.520089655463604}.
[I 2026-08-06 09:02:29,831] Trial 800 finished with values: [10.322130971990537, 10.322130971990537] and parameters: {'k1': 0.01889771394135163, 'D_low': 1.9623826481168343, 'k2': 0.032845299795769424, 'D_high': 2940.51756322311, 'fire_exp': 2.459835109241264, 'P_half': 115.44738876452311, 'pre_dampen_half': 552.4163637315892, 'gpp_af': 0.0014188461251885575, 'gpp_b': 1.284284091405877e-05, 'gpp_d': 84.31013932082456, 'ign_k': 0.12329098365270515, 'ign_c': 8.40543912931368, 'trop_agb_crit': 7.500118950416987, 'trop_k_veg': 0.6673124511410327}.
[I 2026-08-06 09:02:30,895] Trial 801 finished with values: [-0.5539391696702798, 0.7052335355824343] and parameters: {'k1': 0.01889771394135163, 'D_low': 238.72908899163244, 'k2': 0.032845299795769424, 'D_high': 8182.111518618414, 'fire_exp': 1.423480109671474, 'P_half': 12.808863354047988, 'pre_dampen_half': 552.4163637315892, 'gpp_af': 0.1476584299248268, 'gpp_b': 1.284284091405877e-05, 'gpp_d': 229.41380323183625, 'ign_k': 8.708806168038567, 'ign_c': 20.03995359361212, 'trop_agb_crit': 25.382873076016292, 'trop_k_veg': 1.4584243470991722}.
[I 2026-08-06 09:02:31,935] Trial 802 finished with values: [-0.5815728920028136, 0.22121730516956528] and parameters: {'k1': 0.004312951023617458, 'D_low': 12.105387404469584, 'k2': 0.032845299795769424, 'D_high': 1177.190025324204, 'fire_exp': 1.1430983876313219, 'P_half': 97.0660675687761, 'pre_dampen_half': 552.4163637315892, 'gpp_af': 0.1476584299248268, 'gpp_b': 0.0005752434266899163, 'gpp_d': 229.41380323183625, 'ign_k': 5.351470428717437, 'ign_c': 0.557280750002996, 'trop_agb_crit': 25.382873076016292, 'trop_k_veg': 0.6673124511410327}.
[I 2026-08-06 09:02:32,993] Trial 803 finished with values: [-0.5305604891908313, 0.5278509307064185] and parameters: {'k1': 0.01889771394135163, 'D_low': 34.459310919273356, 'k2': 0.012758211164590085, 'D_high': 2940.51756322311, 'fire_exp': 1.0629462657398439, 'P_half': 1.605843632310088, 'pre_dampen_half': 481.9793830934018, 'gpp_af': 86.88155815838691, 'gpp_b': 1.284284091405877e-05, 'gpp_d': 84.31013932082456, 'ign_k': 5.351470428717437, 'ign_c': 0.70689749506246, 'trop_agb_crit': 1.14876138417489, 'trop_k_veg': 2.520089655463604}.
[I 2026-08-06 09:02:34,206] Trial 804 finished with values: [10.142401784587626, 10.142401784587626] and parameters: {'k1': 0.00488137519160367, 'D_low': 3.5136541394511, 'k2': 0.032845299795769424, 'D_high': 2940.51756322311, 'fire_exp': 1.353841071397002, 'P_half': 338.23872019362165, 'pre_dampen_half': 552.4163637315892, 'gpp_af': 0.18069041761817034, 'gpp_b': 0.0005752434266899163, 'gpp_d': 150.14555442537656, 'ign_k': 0.12329098365270515, 'ign_c': 8.40543912931368, 'trop_agb_crit': 10.965064494899984, 'trop_k_veg': 0.6673124511410327}.
[I 2026-08-06 09:02:35,303] Trial 805 finished with values: [10.534445650388886, 10.534445650388886] and parameters: {'k1': 0.004312951023617458, 'D_low': 603.3623633620597, 'k2': 0.0007047307383115598, 'D_high': 414.2619760188261, 'fire_exp': 1.0629462657398439, 'P_half': 12.808863354047988, 'pre_dampen_half': 502.5175192217655, 'gpp_af': 1.1409619915696267, 'gpp_b': 3.481277316673104e-05, 'gpp_d': 5.1715677287580455, 'ign_k': 0.6697348618512097, 'ign_c': 20.03995359361212, 'trop_agb_crit': 2.9222815721218716, 'trop_k_veg': 6.45312300188076}.
[I 2026-08-06 09:02:36,415] Trial 806 finished with values: [-0.5823167638994027, 0.4125051332747518] and parameters: {'k1': 0.03635503353478365, 'D_low': 40.12413353131991, 'k2': 0.0005161767747867287, 'D_high': 8182.111518618414, 'fire_exp': 1.353841071397002, 'P_half': 1.605843632310088, 'pre_dampen_half': 552.4163637315892, 'gpp_af': 0.18069041761817034, 'gpp_b': 0.0054502936945582505, 'gpp_d': 1.493264336549928, 'ign_k': 8.708806168038567, 'ign_c': 0.557280750002996, 'trop_agb_crit': 3.5747129226002423, 'trop_k_veg': 0.6673124511410327}.
[I 2026-08-06 09:02:37,519] Trial 807 finished with values: [10.492939787457583, 10.492939787457583] and parameters: {'k1': 0.01889771394135163, 'D_low': 741.978058430228, 'k2': 0.03538758864779238, 'D_high': 2940.51756322311, 'fire_exp': 1.0601964743503993, 'P_half': 220.3445560633069, 'pre_dampen_half': 502.5175192217655, 'gpp_af': 0.7539992074650279, 'gpp_b': 0.0005752434266899163, 'gpp_d': 16.460426816350523, 'ign_k': 0.12329098365270515, 'ign_c': 0.21208987108343724, 'trop_agb_crit': 1.6878075072665546, 'trop_k_veg': 0.6743482387129308}.
[I 2026-08-06 09:02:38,624] Trial 808 finished with values: [10.259648358175326, 10.259648358175326] and parameters: {'k1': 0.004312951023617458, 'D_low': 12.105387404469584, 'k2': 0.032845299795769424, 'D_high': 2940.51756322311, 'fire_exp': 1.0362310858538248, 'P_half': 588.4974770225299, 'pre_dampen_half': 107.40052367919465, 'gpp_af': 0.1476584299248268, 'gpp_b': 0.0005752434266899163, 'gpp_d': 84.31013932082456, 'ign_k': 0.0680787482656459, 'ign_c': 4.2425976091860935, 'trop_agb_crit': 25.382873076016292, 'trop_k_veg': 0.6673124511410327}.
[I 2026-08-06 09:02:39,752] Trial 809 finished with values: [-0.6232366947542688, 0.3769994747842639] and parameters: {'k1': 0.03635503353478365, 'D_low': 4.484744524732794, 'k2': 0.032845299795769424, 'D_high': 2940.51756322311, 'fire_exp': 1.0629462657398439, 'P_half': 12.808863354047988, 'pre_dampen_half': 502.5175192217655, 'gpp_af': 0.7539992074650279, 'gpp_b': 0.0005752434266899163, 'gpp_d': 431.69073113052116, 'ign_k': 8.708806168038567, 'ign_c': 20.03995359361212, 'trop_agb_crit': 1.14876138417489, 'trop_k_veg': 1.4584243470991722}.
[I 2026-08-06 09:02:40,838] Trial 810 finished with values: [-0.6265234240069952, 0.6518576145289223] and parameters: {'k1': 0.01889771394135163, 'D_low': 12.105387404469584, 'k2': 0.03538758864779238, 'D_high': 8182.111518618414, 'fire_exp': 1.1430983876313219, 'P_half': 12.808863354047988, 'pre_dampen_half': 552.4163637315892, 'gpp_af': 0.18069041761817034, 'gpp_b': 0.0005752434266899163, 'gpp_d': 84.31013932082456, 'ign_k': 9.226223582279749, 'ign_c': 0.8916132699546893, 'trop_agb_crit': 1.14876138417489, 'trop_k_veg': 2.520089655463604}.
[I 2026-08-06 09:02:41,959] Trial 811 finished with values: [-0.5836210037974674, 0.3137670394308878] and parameters: {'k1': 0.008471801418819975, 'D_low': 70.18267183720735, 'k2': 0.012758211164590085, 'D_high': 2940.51756322311, 'fire_exp': 1.165368636520435, 'P_half': 115.44738876452311, 'pre_dampen_half': 481.9793830934018, 'gpp_af': 1.921689966904808, 'gpp_b': 0.008226792720717493, 'gpp_d': 84.31013932082456, 'ign_k': 0.12329098365270515, 'ign_c': 0.70689749506246, 'trop_agb_crit': 25.382873076016292, 'trop_k_veg': 0.5443513380244235}.
[I 2026-08-06 09:02:43,038] Trial 812 finished with values: [10.036630798112752, 10.036630798112752] and parameters: {'k1': 0.01889771394135163, 'D_low': 40.12413353131991, 'k2': 0.03538758864779238, 'D_high': 25628.666000163565, 'fire_exp': 1.0629462657398439, 'P_half': 4.213183643253957, 'pre_dampen_half': 502.5175192217655, 'gpp_af': 0.10409127568994281, 'gpp_b': 0.0005752434266899163, 'gpp_d': 0.04385018674829578, 'ign_k': 8.708806168038567, 'ign_c': 8.40543912931368, 'trop_agb_crit': 1.0197794118421077, 'trop_k_veg': 2.520089655463604}.
[I 2026-08-06 09:02:44,147] Trial 813 finished with values: [-0.6284018418714379, 0.44713263202805165] and parameters: {'k1': 0.03635503353478365, 'D_low': 70.18267183720735, 'k2': 0.012758211164590085, 'D_high': 2940.51756322311, 'fire_exp': 1.0362310858538248, 'P_half': 2.608786855182909, 'pre_dampen_half': 502.5175192217655, 'gpp_af': 0.1476584299248268, 'gpp_b': 0.0005752434266899163, 'gpp_d': 229.41380323183625, 'ign_k': 0.7895056976009632, 'ign_c': 0.21208987108343724, 'trop_agb_crit': 25.382873076016292, 'trop_k_veg': 4.345076509212382}.
[I 2026-08-06 09:02:45,217] Trial 814 finished with values: [-0.5579256915513733, 0.7119940075674421] and parameters: {'k1': 0.008471801418819975, 'D_low': 34.459310919273356, 'k2': 0.032845299795769424, 'D_high': 5254.8834372681695, 'fire_exp': 1.0629462657398439, 'P_half': 5.232779509048979, 'pre_dampen_half': 552.4163637315892, 'gpp_af': 0.7539992074650279, 'gpp_b': 1.3289448722869181e-05, 'gpp_d': 2.944272359149677, 'ign_k': 8.708806168038567, 'ign_c': 0.70689749506246, 'trop_agb_crit': 1.14876138417489, 'trop_k_veg': 1.4584243470991722}.
[I 2026-08-06 09:02:46,295] Trial 815 finished with values: [-0.6265758933056389, 0.4525171720514456] and parameters: {'k1': 0.029626010885972713, 'D_low': 5.59983195169599, 'k2': 0.032845299795769424, 'D_high': 2940.51756322311, 'fire_exp': 1.165368636520435, 'P_half': 5.232779509048979, 'pre_dampen_half': 552.4163637315892, 'gpp_af': 0.1476584299248268, 'gpp_b': 0.0005752434266899163, 'gpp_d': 2.944272359149677, 'ign_k': 5.351470428717437, 'ign_c': 8.40543912931368, 'trop_agb_crit': 25.382873076016292, 'trop_k_veg': 2.4855199240230106}.
[I 2026-08-06 09:02:47,354] Trial 816 finished with values: [10.333439332937555, 10.333439332937555] and parameters: {'k1': 0.01889771394135163, 'D_low': 70.18267183720735, 'k2': 0.00012492307509390826, 'D_high': 2940.51756322311, 'fire_exp': 1.471022163879199, 'P_half': 1.605843632310088, 'pre_dampen_half': 502.5175192217655, 'gpp_af': 0.00515795696727661, 'gpp_b': 1.6596960546180327e-05, 'gpp_d': 84.31013932082456, 'ign_k': 8.708806168038567, 'ign_c': 0.70689749506246, 'trop_agb_crit': 1.14876138417489, 'trop_k_veg': 0.6231612697298179}.
[I 2026-08-06 09:02:48,422] Trial 817 finished with values: [10.767713413975684, 10.767713413975684] and parameters: {'k1': 2.20106566100558e-05, 'D_low': 34.459310919273356, 'k2': 0.012758211164590085, 'D_high': 2940.51756322311, 'fire_exp': 7.837740398103447, 'P_half': 12.808863354047988, 'pre_dampen_half': 481.9793830934018, 'gpp_af': 0.1476584299248268, 'gpp_b': 0.0005752434266899163, 'gpp_d': 2.944272359149677, 'ign_k': 0.12329098365270515, 'ign_c': 0.70689749506246, 'trop_agb_crit': 25.382873076016292, 'trop_k_veg': 0.6673124511410327}.
[I 2026-08-06 09:02:49,836] Trial 818 finished with values: [-0.592068940544061, 0.32751044523589834] and parameters: {'k1': 0.03635503353478365, 'D_low': 12.105387404469584, 'k2': 0.03538758864779238, 'D_high': 2940.51756322311, 'fire_exp': 1.5554903627343437, 'P_half': 12.808863354047988, 'pre_dampen_half': 552.4163637315892, 'gpp_af': 0.18069041761817034, 'gpp_b': 0.0005752434266899163, 'gpp_d': 229.41380323183625, 'ign_k': 0.12329098365270515, 'ign_c': 8.40543912931368, 'trop_agb_crit': 10.965064494899984, 'trop_k_veg': 0.6743482387129308}.
[I 2026-08-06 09:02:50,912] Trial 819 finished with values: [10.168450312392766, 10.168450312392766] and parameters: {'k1': 0.008471801418819975, 'D_low': 4.484744524732794, 'k2': 0.0005262881356087174, 'D_high': 5254.8834372681695, 'fire_exp': 1.0629462657398439, 'P_half': 220.3445560633069, 'pre_dampen_half': 502.5175192217655, 'gpp_af': 0.7539992074650279, 'gpp_b': 0.0005752434266899163, 'gpp_d': 0.4138641521695059, 'ign_k': 2.615413574494962, 'ign_c': 0.70689749506246, 'trop_agb_crit': 7.500118950416987, 'trop_k_veg': 1.4584243470991722}.
[I 2026-08-06 09:02:52,006] Trial 820 finished with values: [10.038534833927413, 10.038534833927413] and parameters: {'k1': 0.01889771394135163, 'D_low': 5.59983195169599, 'k2': 0.032845299795769424, 'D_high': 2940.51756322311, 'fire_exp': 1.0362310858538248, 'P_half': 338.23872019362165, 'pre_dampen_half': 107.40052367919465, 'gpp_af': 0.1476584299248268, 'gpp_b': 0.00022905428113532524, 'gpp_d': 150.14555442537656, 'ign_k': 0.0680787482656459, 'ign_c': 0.557280750002996, 'trop_agb_crit': 25.382873076016292, 'trop_k_veg': 0.6673124511410327}.
[I 2026-08-06 09:02:53,093] Trial 821 finished with values: [10.102927407141053, 10.102927407141053] and parameters: {'k1': 0.000263017849974555, 'D_low': 12.105387404469584, 'k2': 0.03538758864779238, 'D_high': 2940.51756322311, 'fire_exp': 1.423480109671474, 'P_half': 4.213183643253957, 'pre_dampen_half': 552.4163637315892, 'gpp_af': 0.1476584299248268, 'gpp_b': 0.00014950919877749144, 'gpp_d': 229.41380323183625, 'ign_k': 8.708806168038567, 'ign_c': 20.03995359361212, 'trop_agb_crit': 10.965064494899984, 'trop_k_veg': 2.5879386297557976}.
[I 2026-08-06 09:02:54,153] Trial 822 finished with values: [-0.5862737782921839, 0.7485262879045014] and parameters: {'k1': 0.008471801418819975, 'D_low': 4.484744524732794, 'k2': 0.0005262881356087174, 'D_high': 5254.8834372681695, 'fire_exp': 1.0629462657398439, 'P_half': 1.895375973243287, 'pre_dampen_half': 502.5175192217655, 'gpp_af': 0.39382107610395717, 'gpp_b': 1.3289448722869181e-05, 'gpp_d': 5.1715677287580455, 'ign_k': 2.615413574494962, 'ign_c': 0.70689749506246, 'trop_agb_crit': 1.14876138417489, 'trop_k_veg': 1.4584243470991722}.
[I 2026-08-06 09:02:55,277] Trial 823 finished with values: [10.086870038696947, 10.086870038696947] and parameters: {'k1': 0.01889771394135163, 'D_low': 1.864018654712297, 'k2': 0.032845299795769424, 'D_high': 2940.51756322311, 'fire_exp': 1.0629462657398439, 'P_half': 4.213183643253957, 'pre_dampen_half': 107.40052367919465, 'gpp_af': 0.0014188461251885575, 'gpp_b': 1.284284091405877e-05, 'gpp_d': 84.31013932082456, 'ign_k': 8.708806168038567, 'ign_c': 20.03995359361212, 'trop_agb_crit': 1.14876138417489, 'trop_k_veg': 1.4584243470991722}.
[I 2026-08-06 09:02:56,351] Trial 824 finished with values: [10.559551014963775, 10.559551014963775] and parameters: {'k1': 0.004708159793250189, 'D_low': 1590.1058351240622, 'k2': 8.60693112508996e-05, 'D_high': 1445.5983984872983, 'fire_exp': 1.0362310858538248, 'P_half': 4.213183643253957, 'pre_dampen_half': 502.5175192217655, 'gpp_af': 0.1476584299248268, 'gpp_b': 0.0005752434266899163, 'gpp_d': 229.41380323183625, 'ign_k': 3.313724129972939, 'ign_c': 0.557280750002996, 'trop_agb_crit': 25.382873076016292, 'trop_k_veg': 0.6673124511410327}.
[I 2026-08-06 09:02:57,435] Trial 825 finished with values: [-0.6091845793386375, 0.2733302218669128] and parameters: {'k1': 0.01889771394135163, 'D_low': 70.18267183720735, 'k2': 0.004013372552381595, 'D_high': 2940.51756322311, 'fire_exp': 1.0629462657398439, 'P_half': 12.808863354047988, 'pre_dampen_half': 107.40052367919465, 'gpp_af': 0.1476584299248268, 'gpp_b': 0.0005752434266899163, 'gpp_d': 84.31013932082456, 'ign_k': 8.708806168038567, 'ign_c': 20.03995359361212, 'trop_agb_crit': 7.500118950416987, 'trop_k_veg': 1.4584243470991722}.
[I 2026-08-06 09:02:58,511] Trial 826 finished with values: [10.471481165511069, 10.471481165511069] and parameters: {'k1': 0.008471801418819975, 'D_low': 12.105387404469584, 'k2': 0.018586220273069057, 'D_high': 15351.441568398131, 'fire_exp': 1.0629462657398439, 'P_half': 4.213183643253957, 'pre_dampen_half': 502.5175192217655, 'gpp_af': 0.7539992074650279, 'gpp_b': 1.3289448722869181e-05, 'gpp_d': 229.41380323183625, 'ign_k': 8.708806168038567, 'ign_c': 0.70689749506246, 'trop_agb_crit': 7.500118950416987, 'trop_k_veg': 2.520089655463604}.
[I 2026-08-06 09:02:59,594] Trial 827 finished with values: [-0.5705397356112603, 0.8168306372016174] and parameters: {'k1': 0.01889771394135163, 'D_low': 191.61918406231337, 'k2': 0.005082220961627801, 'D_high': 8182.111518618414, 'fire_exp': 1.0629462657398439, 'P_half': 12.808863354047988, 'pre_dampen_half': 552.4163637315892, 'gpp_af': 0.1476584299248268, 'gpp_b': 1.284284091405877e-05, 'gpp_d': 229.41380323183625, 'ign_k': 8.708806168038567, 'ign_c': 0.557280750002996, 'trop_agb_crit': 1.14876138417489, 'trop_k_veg': 2.5879386297557976}.
[I 2026-08-06 09:03:00,701] Trial 828 finished with values: [10.200250286968856, 10.200250286968856] and parameters: {'k1': 0.01889771394135163, 'D_low': 34.459310919273356, 'k2': 0.012758211164590085, 'D_high': 8182.111518618414, 'fire_exp': 1.0629462657398439, 'P_half': 5.29551022369202, 'pre_dampen_half': 502.5175192217655, 'gpp_af': 0.7539992074650279, 'gpp_b': 1.284284091405877e-05, 'gpp_d': 5.1715677287580455, 'ign_k': 0.13546626168109255, 'ign_c': 0.21208987108343724, 'trop_agb_crit': 10.905006748783771, 'trop_k_veg': 4.345076509212382}.
