[I 2026-06-11 12:46:24,882] Trial 980 finished with values: [-0.7512954932198086, 0.45164272300467223] and parameters: {'k1': 0.004312951023617458, 'D_low': 5.59983195169599, 'k2': 0.006051580666890612, 'D_high': 3712.591045287726, 'fire_exp': 1.1684565396540232, 'P_half': 136.0956887810302, 'pre_dampen_half': 502.5175192217655, 'gpp_af': 0.008562341633595545, 'gpp_b': 0.00010318352929732131, 'gpp_d': 2.8006820077310213, 'ign_k': 0.5131654955148326, 'ign_c': 0.11650681118986138, 'trop_agb_crit': 19.189415375617013, 'trop_k_veg': 0.9369104721775232, 'fuel_k': 3.2005985636351713, 'fuel_half': 81.8794158253808}.
[I 2026-06-11 12:46:25,780] Trial 981 finished with values: [-0.7213141592117343, 0.275601518113775] and parameters: {'k1': 0.003242143344038315, 'D_low': 5.59983195169599, 'k2': 0.01567230746060024, 'D_high': 1390.2686711035008, 'fire_exp': 1.1684565396540232, 'P_half': 136.0956887810302, 'pre_dampen_half': 794.0569418107997, 'gpp_af': 0.015769192447197523, 'gpp_b': 0.00010318352929732131, 'gpp_d': 2.8006820077310213, 'ign_k': 4.591485216740537, 'ign_c': 0.11650681118986138, 'trop_agb_crit': 19.189415375617013, 'trop_k_veg': 0.9369104721775232, 'fuel_k': 0.016371163826991088, 'fuel_half': 81.8794158253808}.
[I 2026-06-11 12:46:26,699] Trial 982 finished with values: [-0.7736944762849081, 0.31010287580666984] and parameters: {'k1': 0.004312951023617458, 'D_low': 5.59983195169599, 'k2': 0.03865036856259725, 'D_high': 1390.2686711035008, 'fire_exp': 1.144329066180296, 'P_half': 10.226988730324324, 'pre_dampen_half': 502.5175192217655, 'gpp_af': 0.008562341633595545, 'gpp_b': 0.00010318352929732131, 'gpp_d': 16.460426816350523, 'ign_k': 0.5131654955148326, 'ign_c': 15.221840161091626, 'trop_agb_crit': 24.584290528289387, 'trop_k_veg': 1.4584243470991722, 'fuel_k': 0.04572914063536324, 'fuel_half': 6.392117784388236}.
[I 2026-06-11 12:46:27,602] Trial 983 finished with values: [10.684306558737735, 10.684306558737735] and parameters: {'k1': 0.004312951023617458, 'D_low': 4.484744524732794, 'k2': 0.03865036856259725, 'D_high': 217.2467433157594, 'fire_exp': 1.1684565396540232, 'P_half': 70.13097205353067, 'pre_dampen_half': 502.5175192217655, 'gpp_af': 8.40397758824167, 'gpp_b': 7.402343469704428e-05, 'gpp_d': 2.8006820077310213, 'ign_k': 0.6772105870639803, 'ign_c': 0.11650681118986138, 'trop_agb_crit': 26.402883285404346, 'trop_k_veg': 1.4584243470991722, 'fuel_k': 0.05597555634027867, 'fuel_half': 52.00581729114123}.
[I 2026-06-11 12:46:28,501] Trial 984 finished with values: [10.747348035463503, 10.747348035463503] and parameters: {'k1': 0.004312951023617458, 'D_low': 4.484744524732794, 'k2': 0.01567230746060024, 'D_high': 1390.2686711035008, 'fire_exp': 1.1258453832483524, 'P_half': 70.13097205353067, 'pre_dampen_half': 347.79988160923324, 'gpp_af': 0.015769192447197523, 'gpp_b': 0.539125393369549, 'gpp_d': 9.004606022643067, 'ign_k': 0.3538391696694434, 'ign_c': 0.11650681118986138, 'trop_agb_crit': 24.584290528289387, 'trop_k_veg': 1.4584243470991722, 'fuel_k': 0.05597555634027867, 'fuel_half': 0.32476735706274484}.
[I 2026-06-11 12:46:29,402] Trial 985 finished with values: [-0.7533446976398044, 0.3400236383913947] and parameters: {'k1': 0.004312951023617458, 'D_low': 5.59983195169599, 'k2': 0.030699709531122967, 'D_high': 1390.2686711035008, 'fire_exp': 1.1684565396540232, 'P_half': 10.226988730324324, 'pre_dampen_half': 294.75617712568373, 'gpp_af': 0.008562341633595545, 'gpp_b': 7.402343469704428e-05, 'gpp_d': 2.8006820077310213, 'ign_k': 0.5131654955148326, 'ign_c': 0.11650681118986138, 'trop_agb_crit': 26.402883285404346, 'trop_k_veg': 0.9369104721775232, 'fuel_k': 0.04618261343082179, 'fuel_half': 52.00581729114123}.
[I 2026-06-11 12:46:30,333] Trial 986 finished with values: [10.544249469273495, 10.544249469273495] and parameters: {'k1': 0.00013783578294796384, 'D_low': 4.484744524732794, 'k2': 0.0027431991397796683, 'D_high': 1390.2686711035008, 'fire_exp': 1.1258453832483524, 'P_half': 2309.331703082654, 'pre_dampen_half': 502.5175192217655, 'gpp_af': 0.008562341633595545, 'gpp_b': 1.7565109007473816e-05, 'gpp_d': 16.460426816350523, 'ign_k': 0.5131654955148326, 'ign_c': 0.11650681118986138, 'trop_agb_crit': 5.808568531484235, 'trop_k_veg': 1.4584243470991722, 'fuel_k': 1.3128815679924584, 'fuel_half': 52.00581729114123}.
[I 2026-06-11 12:46:31,282] Trial 987 finished with values: [10.584184727002825, 10.584184727002825] and parameters: {'k1': 0.003242143344038315, 'D_low': 166.51532285161684, 'k2': 0.005259118659251229, 'D_high': 1390.2686711035008, 'fire_exp': 1.1684565396540232, 'P_half': 10.226988730324324, 'pre_dampen_half': 1.588528422491508, 'gpp_af': 0.008562341633595545, 'gpp_b': 0.00010318352929732131, 'gpp_d': 3.481791290455529, 'ign_k': 0.5131654955148326, 'ign_c': 0.11650681118986138, 'trop_agb_crit': 24.584290528289387, 'trop_k_veg': 1.4584243470991722, 'fuel_k': 1.3128815679924584, 'fuel_half': 81.8794158253808}.
[I 2026-06-11 12:46:32,205] Trial 988 finished with values: [-0.7347395788309588, 0.37825057506113047] and parameters: {'k1': 0.003242143344038315, 'D_low': 4.484744524732794, 'k2': 0.005259118659251229, 'D_high': 1390.2686711035008, 'fire_exp': 1.2310899049053081, 'P_half': 10.226988730324324, 'pre_dampen_half': 347.79988160923324, 'gpp_af': 0.06789053271698488, 'gpp_b': 0.00010318352929732131, 'gpp_d': 9.004606022643067, 'ign_k': 0.5131654955148326, 'ign_c': 0.11650681118986138, 'trop_agb_crit': 11.914314587614939, 'trop_k_veg': 1.4584243470991722, 'fuel_k': 1.435781801468936, 'fuel_half': 42.6871254378718}.
[I 2026-06-11 12:46:33,107] Trial 989 finished with values: [10.340581628285133, 10.340581628285133] and parameters: {'k1': 0.003242143344038315, 'D_low': 5.59983195169599, 'k2': 0.0027431991397796683, 'D_high': 1390.2686711035008, 'fire_exp': 1.2310899049053081, 'P_half': 2.0915073038472545, 'pre_dampen_half': 347.79988160923324, 'gpp_af': 0.06789053271698488, 'gpp_b': 0.00010318352929732131, 'gpp_d': 16.460426816350523, 'ign_k': 0.0038887507405855736, 'ign_c': 0.11650681118986138, 'trop_agb_crit': 3.575594457014808, 'trop_k_veg': 1.2420911205694134, 'fuel_k': 0.04572914063536324, 'fuel_half': 42.6871254378718}.
[I 2026-06-11 12:46:34,006] Trial 990 finished with values: [-0.6084297716406444, 0.34170428563440036] and parameters: {'k1': 5.232779509048979e-05, 'D_low': 4.484744524732794, 'k2': 0.0027431991397796683, 'D_high': 1853.8092461931485, 'fire_exp': 1.2310899049053081, 'P_half': 10.226988730324324, 'pre_dampen_half': 502.5175192217655, 'gpp_af': 0.07961191926812566, 'gpp_b': 1.7565109007473816e-05, 'gpp_d': 9.004606022643067, 'ign_k': 0.34703605955441524, 'ign_c': 0.11650681118986138, 'trop_agb_crit': 5.707205898008383, 'trop_k_veg': 1.665640975011574, 'fuel_k': 0.487361804838494, 'fuel_half': 81.8794158253808}.
[I 2026-06-11 12:46:35,327] Trial 991 finished with values: [-0.730605234780098, 0.3064863708388065] and parameters: {'k1': 0.003242143344038315, 'D_low': 5.59983195169599, 'k2': 0.006051580666890612, 'D_high': 1919.1689944397538, 'fire_exp': 1.2310899049053081, 'P_half': 2.261526696072434, 'pre_dampen_half': 347.79988160923324, 'gpp_af': 0.0876577878178163, 'gpp_b': 0.004922228103935987, 'gpp_d': 9.004606022643067, 'ign_k': 0.5131654955148326, 'ign_c': 0.11650681118986138, 'trop_agb_crit': 26.402883285404346, 'trop_k_veg': 1.4584243470991722, 'fuel_k': 0.010340193296440528, 'fuel_half': 81.8794158253808}.
[I 2026-06-11 12:46:36,240] Trial 992 finished with values: [-0.6162835616638775, 0.23524808583687296] and parameters: {'k1': 7.628652121629366e-05, 'D_low': 247.11617679707194, 'k2': 0.03865036856259725, 'D_high': 1390.2686711035008, 'fire_exp': 1.2310899049053081, 'P_half': 13.019246714361572, 'pre_dampen_half': 502.5175192217655, 'gpp_af': 0.008562341633595545, 'gpp_b': 0.00010318352929732131, 'gpp_d': 2.8006820077310213, 'ign_k': 0.5131654955148326, 'ign_c': 0.11650681118986138, 'trop_agb_crit': 24.584290528289387, 'trop_k_veg': 1.4584243470991722, 'fuel_k': 0.05597555634027867, 'fuel_half': 16.10606111547332}.
[I 2026-06-11 12:46:37,159] Trial 993 finished with values: [10.199216905952085, 10.199216905952085] and parameters: {'k1': 0.004312951023617458, 'D_low': 4.484744524732794, 'k2': 0.0027431991397796683, 'D_high': 3712.591045287726, 'fire_exp': 1.2310899049053081, 'P_half': 13.019246714361572, 'pre_dampen_half': 294.75617712568373, 'gpp_af': 0.06789053271698488, 'gpp_b': 0.00010318352929732131, 'gpp_d': 2.8006820077310213, 'ign_k': 0.5131654955148326, 'ign_c': 0.9294394155644988, 'trop_agb_crit': 24.584290528289387, 'trop_k_veg': 2.410360404052941, 'fuel_k': 1.3128815679924584, 'fuel_half': 81.8794158253808}.
[I 2026-06-11 12:46:38,074] Trial 994 finished with values: [10.624787893429797, 10.624787893429797] and parameters: {'k1': 0.003242143344038315, 'D_low': 5.59983195169599, 'k2': 0.0027431991397796683, 'D_high': 3712.591045287726, 'fire_exp': 1.1258453832483524, 'P_half': 9848.952560187112, 'pre_dampen_half': 347.79988160923324, 'gpp_af': 0.015769192447197523, 'gpp_b': 0.00010318352929732131, 'gpp_d': 9.004606022643067, 'ign_k': 0.5131654955148326, 'ign_c': 0.9294394155644988, 'trop_agb_crit': 17.66923689636204, 'trop_k_veg': 1.4584243470991722, 'fuel_k': 3.91137961690532, 'fuel_half': 8.46633791940142}.
[I 2026-06-11 12:46:38,987] Trial 995 finished with values: [-0.7691138811301723, 0.33072529789284455] and parameters: {'k1': 0.004312951023617458, 'D_low': 4.484744524732794, 'k2': 0.005259118659251229, 'D_high': 1390.2686711035008, 'fire_exp': 1.1258453832483524, 'P_half': 10.226988730324324, 'pre_dampen_half': 347.79988160923324, 'gpp_af': 0.008562341633595545, 'gpp_b': 0.00010318352929732131, 'gpp_d': 9.004606022643067, 'ign_k': 0.5131654955148326, 'ign_c': 0.11650681118986138, 'trop_agb_crit': 17.66923689636204, 'trop_k_veg': 1.4584243470991722, 'fuel_k': 0.05597555634027867, 'fuel_half': 81.8794158253808}.
[I 2026-06-11 12:46:39,915] Trial 996 finished with values: [-0.6834329049844641, 0.1955723651858854] and parameters: {'k1': 0.003242143344038315, 'D_low': 5.59983195169599, 'k2': 0.005259118659251229, 'D_high': 1390.2686711035008, 'fire_exp': 1.2310899049053081, 'P_half': 136.0956887810302, 'pre_dampen_half': 347.79988160923324, 'gpp_af': 0.0025386125063826667, 'gpp_b': 0.00010318352929732131, 'gpp_d': 1.2771451735248283, 'ign_k': 0.476373748459372, 'ign_c': 0.11650681118986138, 'trop_agb_crit': 19.189415375617013, 'trop_k_veg': 0.9369104721775232, 'fuel_k': 1.3128815679924584, 'fuel_half': 81.8794158253808}.
[I 2026-06-11 12:46:40,877] Trial 997 finished with values: [-0.7573577572046268, 0.31273900424611223] and parameters: {'k1': 0.004312951023617458, 'D_low': 4.484744524732794, 'k2': 0.005259118659251229, 'D_high': 1390.2686711035008, 'fire_exp': 1.2310899049053081, 'P_half': 13.019246714361572, 'pre_dampen_half': 347.79988160923324, 'gpp_af': 0.008562341633595545, 'gpp_b': 0.00010318352929732131, 'gpp_d': 2.8006820077310213, 'ign_k': 0.476373748459372, 'ign_c': 0.9294394155644988, 'trop_agb_crit': 24.584290528289387, 'trop_k_veg': 1.4584243470991722, 'fuel_k': 0.05597555634027867, 'fuel_half': 81.8794158253808}.
[I 2026-06-11 12:46:41,832] Trial 998 finished with values: [-0.7474747301053839, 0.22977211780683382] and parameters: {'k1': 0.004312951023617458, 'D_low': 4.484744524732794, 'k2': 0.01567230746060024, 'D_high': 897.3555394394089, 'fire_exp': 1.2310899049053081, 'P_half': 220.3445560633069, 'pre_dampen_half': 347.79988160923324, 'gpp_af': 0.06789053271698488, 'gpp_b': 0.00010318352929732131, 'gpp_d': 16.460426816350523, 'ign_k': 0.34703605955441524, 'ign_c': 15.221840161091626, 'trop_agb_crit': 24.584290528289387, 'trop_k_veg': 1.4584243470991722, 'fuel_k': 0.487361804838494, 'fuel_half': 0.32476735706274484}.
[I 2026-06-11 12:46:42,756] Trial 999 finished with values: [-0.7361052175382592, 0.3035181644143855] and parameters: {'k1': 0.003242143344038315, 'D_low': 4.484744524732794, 'k2': 0.005259118659251229, 'D_high': 1390.2686711035008, 'fire_exp': 1.2310899049053081, 'P_half': 10.226988730324324, 'pre_dampen_half': 347.79988160923324, 'gpp_af': 0.0025386125063826667, 'gpp_b': 2.711380409817698e-05, 'gpp_d': 2.8006820077310213, 'ign_k': 0.5131654955148326, 'ign_c': 0.11650681118986138, 'trop_agb_crit': 19.189415375617013, 'trop_k_veg': 1.4584243470991722, 'fuel_k': 0.05597555634027867, 'fuel_half': 42.6871254378718}.
[setup] CRUJRA climate from data/crujra/, GPP from global_baseline_modelC_inputs_1997-2016.nc ...
[setup] loading GFED5 reference from burntArea.nc ...
[setup] HELD-OUT fit window 2001-2012  (144 months, 12 yr)
[setup] land cells (GFED5 burnable): 13634 / 64800 (21.0%)
[setup] GFED5 land-mean monthly frac: 0.005302
[opt] REGION=Africa: fitting 1799 land cells only
[opt] warm-start from params.africafuel.json
[warm] Overall=0.5759  bias=0.6772 rmse=0.3576 seas=0.7609 spatial=0.7262
[opt] sampler=NSGAIISampler seed=42
[opt] running 1000 trials against GFED5 ...
  trial   23/1000  pareto_size=1  best_taylor=0.8285  best_ilamb=0.5759  (0.3 min)
  trial   43/1000  pareto_size=1  best_taylor=0.8285  best_ilamb=0.5759  (0.7 min)
  trial   63/1000  pareto_size=1  best_taylor=0.8285  best_ilamb=0.5759  (1.0 min)
  trial   82/1000  pareto_size=1  best_taylor=0.8285  best_ilamb=0.5759  (1.4 min)
  trial  101/1000  pareto_size=1  best_taylor=0.8285  best_ilamb=0.5759  (1.7 min)
  trial  119/1000  pareto_size=1  best_taylor=0.8285  best_ilamb=0.5759  (2.1 min)
  trial  138/1000  pareto_size=1  best_taylor=0.8285  best_ilamb=0.5759  (2.4 min)
  trial  159/1000  pareto_size=1  best_taylor=0.8285  best_ilamb=0.5759  (2.7 min)
  trial  181/1000  pareto_size=1  best_taylor=0.8285  best_ilamb=0.5759  (3.1 min)
  trial  203/1000  pareto_size=1  best_taylor=0.8285  best_ilamb=0.5759  (3.4 min)
  trial  225/1000  pareto_size=1  best_taylor=0.8285  best_ilamb=0.5759  (3.8 min)
  trial  248/1000  pareto_size=1  best_taylor=0.8285  best_ilamb=0.5759  (4.1 min)
  trial  271/1000  pareto_size=1  best_taylor=0.8285  best_ilamb=0.5759  (4.5 min)
  trial  293/1000  pareto_size=1  best_taylor=0.8285  best_ilamb=0.5759  (4.8 min)
  trial  315/1000  pareto_size=1  best_taylor=0.8285  best_ilamb=0.5759  (5.2 min)
  trial  337/1000  pareto_size=1  best_taylor=0.8285  best_ilamb=0.5759  (5.5 min)
  trial  359/1000  pareto_size=1  best_taylor=0.8285  best_ilamb=0.5759  (5.9 min)
  trial  381/1000  pareto_size=1  best_taylor=0.8285  best_ilamb=0.5759  (6.2 min)
  trial  399/1000  pareto_size=1  best_taylor=0.8285  best_ilamb=0.5759  (6.5 min)
  trial  417/1000  pareto_size=1  best_taylor=0.8285  best_ilamb=0.5759  (6.9 min)
  trial  439/1000  pareto_size=1  best_taylor=0.8285  best_ilamb=0.5759  (7.2 min)
  trial  459/1000  pareto_size=1  best_taylor=0.8285  best_ilamb=0.5759  (7.6 min)
  trial  474/1000  pareto_size=1  best_taylor=0.8285  best_ilamb=0.5759  (7.9 min)
  trial  489/1000  pareto_size=1  best_taylor=0.8285  best_ilamb=0.5759  (8.3 min)
  trial  505/1000  pareto_size=1  best_taylor=0.8285  best_ilamb=0.5759  (8.6 min)
  trial  527/1000  pareto_size=1  best_taylor=0.8285  best_ilamb=0.5759  (8.9 min)
  trial  549/1000  pareto_size=1  best_taylor=0.8285  best_ilamb=0.5759  (9.3 min)
  trial  571/1000  pareto_size=1  best_taylor=0.8285  best_ilamb=0.5759  (9.6 min)
  trial  593/1000  pareto_size=1  best_taylor=0.8285  best_ilamb=0.5759  (10.0 min)
  trial  615/1000  pareto_size=1  best_taylor=0.8285  best_ilamb=0.5759  (10.3 min)
  trial  638/1000  pareto_size=1  best_taylor=0.8285  best_ilamb=0.5759  (10.7 min)
  trial  660/1000  pareto_size=1  best_taylor=0.8285  best_ilamb=0.5759  (11.0 min)
  trial  683/1000  pareto_size=1  best_taylor=0.8285  best_ilamb=0.5759  (11.4 min)
  trial  705/1000  pareto_size=1  best_taylor=0.8285  best_ilamb=0.5759  (11.7 min)
  trial  727/1000  pareto_size=1  best_taylor=0.8285  best_ilamb=0.5759  (12.0 min)
  trial  749/1000  pareto_size=1  best_taylor=0.8285  best_ilamb=0.5759  (12.4 min)
  trial  772/1000  pareto_size=1  best_taylor=0.8285  best_ilamb=0.5759  (12.7 min)
  trial  794/1000  pareto_size=1  best_taylor=0.8285  best_ilamb=0.5759  (13.1 min)
  trial  816/1000  pareto_size=1  best_taylor=0.8285  best_ilamb=0.5759  (13.4 min)
  trial  838/1000  pareto_size=1  best_taylor=0.8285  best_ilamb=0.5759  (13.8 min)
  trial  861/1000  pareto_size=1  best_taylor=0.8285  best_ilamb=0.5759  (14.1 min)
  trial  883/1000  pareto_size=1  best_taylor=0.8285  best_ilamb=0.5759  (14.5 min)
  trial  904/1000  pareto_size=1  best_taylor=0.8285  best_ilamb=0.5759  (14.8 min)
  trial  925/1000  pareto_size=1  best_taylor=0.8285  best_ilamb=0.5759  (15.2 min)
  trial  947/1000  pareto_size=1  best_taylor=0.8285  best_ilamb=0.5759  (15.5 min)
  trial  969/1000  pareto_size=1  best_taylor=0.8285  best_ilamb=0.5759  (15.9 min)
  trial  991/1000  pareto_size=1  best_taylor=0.8285  best_ilamb=0.5759  (16.2 min)

[done] 1000 trials in 16.3 min
[pareto] 1 non-dominated trials, 1 with fp_score >= 0.85
[chosen] trial 0: ILAMB=0.5759  fp_score=0.8333  ratio=1.02
[best] Bias=0.6772  RMSE=0.3576  Seas=0.7609  Spatial=0.7262  Overall=0.5759
[diag] raw rate land-mean (yr^-1): 0.1096  (target ~ 0.06362)
[write] D:\FIRE_OFFLINE\models\C\params.africaho.json
[write] D:\FIRE_OFFLINE\ilamb\MODELS\ED-ModelC-final\burntArea.africaho.nc  (7.0 MB)
=== done Africa exit=0 ===
=== fitting Boreal TRAIN 2001-2012 (TAG=borealho, RATE_AMP) ===
[I 2026-06-11 12:47:00,042] A new study created in memory with name: no-name-e253e5f1-ebc9-47c2-a301-4a4741137b0d
[I 2026-06-11 12:47:01,020] Trial 0 finished with values: [-0.6908011522399111, 0.09913013824945005] and parameters: {'k1': 0.0869690639641868, 'D_low': 148.21691630007544, 'k2': 2.091507303847255e-05, 'D_high': 1817.0401889219124, 'fire_exp': 1.2060040899560858, 'P_half': 3.591771421517613, 'pre_dampen_half': 9.044346216330972, 'gpp_af': 0.9219336658511308, 'gpp_b': 0.001674375583895437, 'gpp_d': 0.1619054449471649, 'ign_k': 7.544827057709847, 'ign_c': 1.9423015749984096, 'trop_agb_crit': 5.588032458772675, 'trop_k_veg': 0.5535297685306277, 'fire_amp': 5.44779717154213}.
[I 2026-06-11 12:47:02,016] Trial 1 finished with values: [10.769220315846294, 10.769220315846294] and parameters: {'k1': 0.00031489116479568613, 'D_low': 6351.221010640702, 'k2': 0.008471801418819975, 'D_high': 2481.0409748678126, 'fire_exp': 1.4322493718230251, 'P_half': 4.2070539502879365, 'pre_dampen_half': 0.0195172246414495, 'gpp_af': 21.42302175774105, 'gpp_b': 0.040428727350273294, 'gpp_d': 34.70266988650411, 'ign_k': 0.0012087541473056963, 'ign_c': 757.9479953347999, 'trop_agb_crit': 16.967533607196547, 'trop_k_veg': 0.9008485225328876, 'fire_amp': 1.3851197621057665}.
[I 2026-06-11 12:47:02,967] Trial 2 finished with values: [10.769230459165893, 10.769230459165893] and parameters: {'k1': 5.415244119402538e-05, 'D_low': 16.480446427978972, 'k2': 0.0012561043700013551, 'D_high': 534.2937261279774, 'fire_exp': 1.9553708662745248, 'P_half': 280.163515871626, 'pre_dampen_half': 0.04982752357076448, 'gpp_af': 0.028888383623653185, 'gpp_b': 0.0015782327810795573, 'gpp_d': 1.9069966103000422, 'ign_k': 1.382623217936987, 'ign_c': 0.6290644294586147, 'trop_agb_crit': 5.748924681991978, 'trop_k_veg': 2.584093506411774, 'fire_amp': 1.0867895322868466}.
[I 2026-06-11 12:47:03,898] Trial 3 finished with values: [10.76923076888676, 10.76923076888676] and parameters: {'k1': 0.0026926469100861782, 'D_low': 4.809461967501573, 'k2': 1.8205657658407255e-05, 'D_high': 62451.395747430804, 'fire_exp': 9.23915031962725, 'P_half': 1712.3375973163984, 'pre_dampen_half': 0.3334792728637583, 'gpp_af': 0.0030786517836196197, 'gpp_b': 0.12746711578215045, 'gpp_d': 1.587678152692399, 'ign_k': 0.003077180271250686, 'ign_c': 9.565499215943817, 'trop_agb_crit': 1.1240768803005543, 'trop_k_veg': 6.221582596639011, 'fire_amp': 1.5899005744404588}.
[I 2026-06-11 12:47:04,827] Trial 4 finished with values: [10.76528404592486, 10.76528404592486] and parameters: {'k1': 0.004467752817973905, 'D_low': 17.65404805249507, 'k2': 0.0012030178871154666, 'D_high': 1537.592023548176, 'fire_exp': 1.5305744365500176, 'P_half': 7556.810141274427, 'pre_dampen_half': 75.10418138777538, 'gpp_af': 49.830438374949125, 'gpp_b': 2.3386439256208704, 'gpp_d': 9.761125443110442, 'ign_k': 4.869640941520899, 'ign_c': 0.22592797420156951, 'trop_agb_crit': 1.9475582306295418, 'trop_k_veg': 0.5667990147757791, 'fire_amp': 1.7912500010961188}.
[I 2026-06-11 12:47:05,776] Trial 5 finished with values: [10.769215859578964, 10.769215859578964] and parameters: {'k1': 0.00035868164986275477, 'D_low': 12.172958098369968, 'k2': 0.02065142557895925, 'D_high': 267.3088310781672, 'fire_exp': 1.9095652801045373, 'P_half': 148.17820606039086, 'pre_dampen_half': 0.050654860639753524, 'gpp_af': 10.25616274847308, 'gpp_b': 2.800940363375676e-05, 'gpp_d': 859.8737339212263, 'ign_k': 1.2273800987852967, 'ign_c': 0.6235377135673155, 'trop_agb_crit': 1.0189592979395135, 'trop_k_veg': 4.796046723963646, 'fire_amp': 3.548476438923424}.
[I 2026-06-11 12:47:06,678] Trial 6 finished with values: [10.766330694281104, 10.766330694281104] and parameters: {'k1': 0.00824192526487645, 'D_low': 1216.4139351417061, 'k2': 1.97778285124627e-05, 'D_high': 271.55819552829405, 'fire_exp': 1.305777134899723, 'P_half': 2834.090429514774, 'pre_dampen_half': 13.076473382928533, 'gpp_af': 0.04513257622008944, 'gpp_b': 2.4063018320720924e-05, 'gpp_d': 0.3588488911386258, 'ign_k': 0.01998634077852888, 'ign_c': 82.87522363768154, 'trop_agb_crit': 8.74479618932312, 'trop_k_veg': 5.85168037586392, 'fire_amp': 2.330529660087218}.
