[I 2026-08-20 00:11:11,009] Trial 264 finished with value: 0.5633274070853034 and parameters: {'k1': 0.002030237019394608, 'D_low': 12.682273143671955, 'k2': 0.024957677559306887, 'D_high': 1288401.039307455, 'fire_exp': 1.447816259659847, 'P_half': 27.694321440573624, 'pre_dampen_half': 0.13083498085181286, 'gpp_af': 1.6100527126600395, 'gpp_b': 0.092120582603753, 'gpp_d': 43.76851545016259, 'ign_k': 0.001545731753652763, 'ign_c': 11.270527329232838, 'trop_agb_crit': 4.926611543680019, 'trop_k_veg': 6.618963837148901}. Best is trial 0 with value: -0.5989088506199346.
[I 2026-08-20 00:11:13,489] Trial 265 finished with value: 0.6401032119899668 and parameters: {'k1': 0.0011248647531620424, 'D_low': 104449.57686624944, 'k2': 0.00019889838716251478, 'D_high': 102854.12836159639, 'fire_exp': 1.166379584686245, 'P_half': 8926.422362801815, 'pre_dampen_half': 125.78623257843647, 'gpp_af': 0.008796107106349772, 'gpp_b': 1.1002521347063504e-05, 'gpp_d': 259.3399734786327, 'ign_k': 0.8731919890636778, 'ign_c': 0.14263502040051426, 'trop_agb_crit': 23.938692652305118, 'trop_k_veg': 2.5697628246982336}. Best is trial 0 with value: -0.5989088506199346.
[I 2026-08-20 00:11:16,060] Trial 266 finished with value: -0.4971572770247576 and parameters: {'k1': 0.06255308103061383, 'D_low': 22.408745391810047, 'k2': 0.0010815067205204388, 'D_high': 28407.784632929597, 'fire_exp': 1.6570795901425053, 'P_half': 4.515764855550994, 'pre_dampen_half': 4.448865042458103, 'gpp_af': 0.24921204936673466, 'gpp_b': 0.023717847131445063, 'gpp_d': 17.798035053523, 'ign_k': 0.050121805766130824, 'ign_c': 0.39521395233895024, 'trop_agb_crit': 8.580461155599888, 'trop_k_veg': 6.654469869631994}. Best is trial 0 with value: -0.5989088506199346.
[I 2026-08-20 00:11:18,435] Trial 267 finished with value: 0.45839685941817687 and parameters: {'k1': 0.00021159458486865015, 'D_low': 1089.918293315826, 'k2': 0.005571070469162445, 'D_high': 7333590.9158563735, 'fire_exp': 4.784518855016571, 'P_half': 7.425770180256388, 'pre_dampen_half': 14.04383919742884, 'gpp_af': 0.005893620847866072, 'gpp_b': 0.00012994123735420577, 'gpp_d': 13.359906076227109, 'ign_k': 1.0864211702118438, 'ign_c': 2.8982398998267116, 'trop_agb_crit': 13.452111700867565, 'trop_k_veg': 0.855595883881961}. Best is trial 0 with value: -0.5989088506199346.
[I 2026-08-20 00:11:20,850] Trial 268 finished with value: -0.46511980993640184 and parameters: {'k1': 0.0022500175128159464, 'D_low': 125.48868776279116, 'k2': 0.014036489444980637, 'D_high': 30614.139910520556, 'fire_exp': 1.2285820575713893, 'P_half': 4.7603224297951625, 'pre_dampen_half': 2.1284254412725914, 'gpp_af': 1.3714248086630725, 'gpp_b': 0.0035400888620242587, 'gpp_d': 12.663942886744064, 'ign_k': 0.0015262990557651593, 'ign_c': 4.381199219492964, 'trop_agb_crit': 5.83810167316228, 'trop_k_veg': 7.83126203472686}. Best is trial 0 with value: -0.5989088506199346.
[I 2026-08-20 00:11:23,234] Trial 269 finished with value: 0.5374980581979961 and parameters: {'k1': 0.004048987764782848, 'D_low': 781.8687863675458, 'k2': 0.0018866508381424766, 'D_high': 50713.38116294804, 'fire_exp': 1.1211125712963068, 'P_half': 1048.6887256494442, 'pre_dampen_half': 218.9315943512202, 'gpp_af': 0.6302940958863557, 'gpp_b': 5.0840734236750787e-05, 'gpp_d': 3.8325732077107424, 'ign_k': 0.018111635529070573, 'ign_c': 6.104165277599302, 'trop_agb_crit': 10.354733568615417, 'trop_k_veg': 0.9534031492101006}. Best is trial 0 with value: -0.5989088506199346.
[I 2026-08-20 00:11:25,723] Trial 270 finished with value: -0.48076651474133286 and parameters: {'k1': 0.07769240219473456, 'D_low': 8407.749192327616, 'k2': 0.010261506563338447, 'D_high': 1978715.4825837032, 'fire_exp': 1.1337476217603077, 'P_half': 339.61273127158046, 'pre_dampen_half': 239.2663349563666, 'gpp_af': 0.42229226372508144, 'gpp_b': 1.6265537748964994e-05, 'gpp_d': 0.2631939526540634, 'ign_k': 0.022133882271548444, 'ign_c': 8.619030214902885, 'trop_agb_crit': 24.763551456047082, 'trop_k_veg': 1.7235384934641838}. Best is trial 0 with value: -0.5989088506199346.
[I 2026-08-20 00:11:28,207] Trial 271 finished with value: 0.558919134712502 and parameters: {'k1': 3.1999767248345426e-05, 'D_low': 3359.505715844816, 'k2': 0.0057448507638151024, 'D_high': 355548.2788322434, 'fire_exp': 1.2585342290128436, 'P_half': 1451.863947403354, 'pre_dampen_half': 7.131433426145612, 'gpp_af': 0.02504242957337436, 'gpp_b': 5.76904144392371e-05, 'gpp_d': 23.7572884424968, 'ign_k': 0.004326174833458049, 'ign_c': 0.13576339278028687, 'trop_agb_crit': 9.25157781787677, 'trop_k_veg': 2.6642300160443453}. Best is trial 0 with value: -0.5989088506199346.
[I 2026-08-20 00:11:30,613] Trial 272 finished with value: -0.5476579224356006 and parameters: {'k1': 0.026941255311994355, 'D_low': 9.303877427571182, 'k2': 0.04854203524859344, 'D_high': 9145892.401311897, 'fire_exp': 2.249126578946586, 'P_half': 34.649760979890836, 'pre_dampen_half': 14.524270855725206, 'gpp_af': 1.1595168735803034, 'gpp_b': 0.001960808611308033, 'gpp_d': 9.047413823624664, 'ign_k': 0.03925576071369526, 'ign_c': 0.17598863778300247, 'trop_agb_crit': 25.549661155518653, 'trop_k_veg': 6.65182284037044}. Best is trial 0 with value: -0.5989088506199346.
[I 2026-08-20 00:11:33,065] Trial 273 finished with value: -0.5275114168092084 and parameters: {'k1': 0.02356005910624518, 'D_low': 842.0829243044027, 'k2': 0.00790519245200684, 'D_high': 93596.22322626093, 'fire_exp': 2.3545563621295225, 'P_half': 226.21773848621126, 'pre_dampen_half': 21.334288378423356, 'gpp_af': 0.5976474987782177, 'gpp_b': 2.3608492134497096e-05, 'gpp_d': 826.2349390847036, 'ign_k': 0.07375043325379886, 'ign_c': 2.358990222502737, 'trop_agb_crit': 10.13352179634098, 'trop_k_veg': 4.144736991823457}. Best is trial 0 with value: -0.5989088506199346.
[I 2026-08-20 00:11:35,631] Trial 274 finished with value: 0.6470568633585475 and parameters: {'k1': 0.008718603448859576, 'D_low': 11865.686692242976, 'k2': 0.0016343432475248263, 'D_high': 54019.211669063785, 'fire_exp': 1.180110820062025, 'P_half': 165.29199002728055, 'pre_dampen_half': 1.7612752089213166, 'gpp_af': 11.58405660328284, 'gpp_b': 6.828943251213038e-05, 'gpp_d': 10.273388384135574, 'ign_k': 0.11209633314413267, 'ign_c': 139.35007310254616, 'trop_agb_crit': 2.4910095465036988, 'trop_k_veg': 7.785471416201548}. Best is trial 0 with value: -0.5989088506199346.
[I 2026-08-20 00:11:38,102] Trial 275 finished with value: 0.4898712542024909 and parameters: {'k1': 0.025239741450343738, 'D_low': 3.179350011143179, 'k2': 0.03648554204056511, 'D_high': 43736.091159304335, 'fire_exp': 2.492281576155165, 'P_half': 29.500310048694768, 'pre_dampen_half': 5.264935611435395, 'gpp_af': 0.4180504811963464, 'gpp_b': 0.06667318535340264, 'gpp_d': 18.059808997895566, 'ign_k': 0.11233889282493305, 'ign_c': 0.11330628248395268, 'trop_agb_crit': 25.33700670275421, 'trop_k_veg': 3.963098743714606}. Best is trial 0 with value: -0.5989088506199346.
[I 2026-08-20 00:11:40,505] Trial 276 finished with value: 0.6400126563292545 and parameters: {'k1': 0.00032626349315524145, 'D_low': 283761.69926171243, 'k2': 0.0007289841814034834, 'D_high': 8740496.545001278, 'fire_exp': 1.1413353624051836, 'P_half': 8397.074884508298, 'pre_dampen_half': 138.4803204789778, 'gpp_af': 1.43916630196612, 'gpp_b': 1.3006411092306052e-05, 'gpp_d': 184.02050088099548, 'ign_k': 0.10070486101185994, 'ign_c': 0.43730175417619616, 'trop_agb_crit': 11.875178354723444, 'trop_k_veg': 4.583496510319944}. Best is trial 0 with value: -0.5989088506199346.
[I 2026-08-20 00:11:42,962] Trial 277 finished with value: -0.566352045233379 and parameters: {'k1': 0.0666134894280231, 'D_low': 13.17638614178876, 'k2': 0.006760728327296886, 'D_high': 3487154.544537459, 'fire_exp': 1.976924983803191, 'P_half': 36.62317262846566, 'pre_dampen_half': 3.089066367710025, 'gpp_af': 3.7654222020237844, 'gpp_b': 0.001982666073969281, 'gpp_d': 82.24363618448008, 'ign_k': 0.06867091743387467, 'ign_c': 1.35815001000287, 'trop_agb_crit': 23.15414362775902, 'trop_k_veg': 4.901229720842998}. Best is trial 0 with value: -0.5989088506199346.
[I 2026-08-20 00:11:45,376] Trial 278 finished with value: 0.581891097981092 and parameters: {'k1': 0.09074954666389298, 'D_low': 7.317228047606388, 'k2': 0.09673576157517873, 'D_high': 6478527.513049281, 'fire_exp': 2.090392780424902, 'P_half': 450.03680545100775, 'pre_dampen_half': 30.677832178721143, 'gpp_af': 0.7927039885959846, 'gpp_b': 0.008217232988872943, 'gpp_d': 1.3177799224952416, 'ign_k': 0.0134835785976071, 'ign_c': 7.75150959100635, 'trop_agb_crit': 13.475463391701272, 'trop_k_veg': 4.278533353020917}. Best is trial 0 with value: -0.5989088506199346.
[I 2026-08-20 00:11:47,939] Trial 279 finished with value: -0.5864011655005109 and parameters: {'k1': 0.02447390084280588, 'D_low': 13.395423387801731, 'k2': 0.0007221104491253712, 'D_high': 1092387.5181797654, 'fire_exp': 2.5991373044623156, 'P_half': 35.60785603759698, 'pre_dampen_half': 2.7061900658845355, 'gpp_af': 1.7540604795285293, 'gpp_b': 0.0050788441015018355, 'gpp_d': 288.39308321503313, 'ign_k': 0.18777011195807383, 'ign_c': 1.3903718951727664, 'trop_agb_crit': 11.775194944020226, 'trop_k_veg': 3.2920675544762457}. Best is trial 0 with value: -0.5989088506199346.
[I 2026-08-20 00:11:50,394] Trial 280 finished with value: 0.522480556857422 and parameters: {'k1': 0.00873675123771607, 'D_low': 12.421192544039613, 'k2': 0.03772979479674732, 'D_high': 1952912.7390182398, 'fire_exp': 1.9685131419198934, 'P_half': 5.961596301287342, 'pre_dampen_half': 299.66974529321305, 'gpp_af': 1.193715972788969, 'gpp_b': 0.000672398117868681, 'gpp_d': 16.288166071557782, 'ign_k': 0.5706898649231948, 'ign_c': 5.1575324159642655, 'trop_agb_crit': 19.903258071181384, 'trop_k_veg': 4.258876990779595}. Best is trial 0 with value: -0.5989088506199346.
[I 2026-08-20 00:11:52,825] Trial 281 finished with value: 0.5696536369973505 and parameters: {'k1': 0.018454706393894356, 'D_low': 5.875387663543682, 'k2': 0.0656724114525254, 'D_high': 6844772.594965544, 'fire_exp': 2.658928212685486, 'P_half': 43.95765602612622, 'pre_dampen_half': 7.531449113091973, 'gpp_af': 6.214464404172284, 'gpp_b': 0.005570026077033193, 'gpp_d': 13.333456608780333, 'ign_k': 0.004775398436191712, 'ign_c': 0.1375581530477182, 'trop_agb_crit': 27.330633378734326, 'trop_k_veg': 7.762279178876702}. Best is trial 0 with value: -0.5989088506199346.
[I 2026-08-20 00:11:56,012] Trial 282 finished with value: 0.5027320370904869 and parameters: {'k1': 0.0750608347810457, 'D_low': 7954.212804102615, 'k2': 0.03200540949041559, 'D_high': 7308562.945893466, 'fire_exp': 1.9031189872602743, 'P_half': 878.8944024838024, 'pre_dampen_half': 216.49543501212355, 'gpp_af': 0.3859346971369408, 'gpp_b': 0.0002522792154286822, 'gpp_d': 53.2983419800885, 'ign_k': 0.13311711952803895, 'ign_c': 3.359004445485342, 'trop_agb_crit': 1.408911498911218, 'trop_k_veg': 6.0685220373777655}. Best is trial 0 with value: -0.5989088506199346.
[I 2026-08-20 00:11:58,349] Trial 283 finished with value: -0.5086111134782044 and parameters: {'k1': 0.0770331806986038, 'D_low': 90.12482503558005, 'k2': 1.9531963254077457e-05, 'D_high': 276768.670766088, 'fire_exp': 1.0859851194119294, 'P_half': 1317.3190060460875, 'pre_dampen_half': 355.7821867037373, 'gpp_af': 0.06630084194767785, 'gpp_b': 5.791630575161052e-05, 'gpp_d': 71.04416391247103, 'ign_k': 0.005256055670004711, 'ign_c': 1.6415468090211005, 'trop_agb_crit': 10.226746159023259, 'trop_k_veg': 2.1036301298251443}. Best is trial 0 with value: -0.5989088506199346.
[I 2026-08-20 00:12:00,676] Trial 284 finished with value: -0.56345412492004 and parameters: {'k1': 0.02042349343745072, 'D_low': 1.8871410273751206, 'k2': 0.00013571183619252584, 'D_high': 2233723.1773969876, 'fire_exp': 1.5764534271962936, 'P_half': 107.73492761597518, 'pre_dampen_half': 1.0877804222378549, 'gpp_af': 1.2434845547895519, 'gpp_b': 0.020811931992016582, 'gpp_d': 66.28285061292169, 'ign_k': 0.30733289289196386, 'ign_c': 5.231228156999867, 'trop_agb_crit': 15.392212003655455, 'trop_k_veg': 5.016502229904996}. Best is trial 0 with value: -0.5989088506199346.
[I 2026-08-20 00:12:03,080] Trial 285 finished with value: 0.4565425810595116 and parameters: {'k1': 0.02202050355147127, 'D_low': 59.36402818019948, 'k2': 0.01080449015569729, 'D_high': 8896022.307256473, 'fire_exp': 2.6798784862558587, 'P_half': 41.33135373138925, 'pre_dampen_half': 0.5144975297828022, 'gpp_af': 12.446022436945638, 'gpp_b': 0.0012658587003902162, 'gpp_d': 266.68870983266333, 'ign_k': 1.4886908833688666, 'ign_c': 4.612080187313574, 'trop_agb_crit': 7.47110949354749, 'trop_k_veg': 4.955780083339124}. Best is trial 0 with value: -0.5989088506199346.
[I 2026-08-20 00:12:05,633] Trial 286 finished with value: 0.6445374145881376 and parameters: {'k1': 0.01913152011614734, 'D_low': 3217.797755537788, 'k2': 0.02085388908308159, 'D_high': 2072.8953656391927, 'fire_exp': 3.407593095002837, 'P_half': 284.606701980751, 'pre_dampen_half': 18.87837053483874, 'gpp_af': 0.4619458957678477, 'gpp_b': 1.7853066867365516e-05, 'gpp_d': 677.7386050203118, 'ign_k': 0.10188282168246109, 'ign_c': 16.396070855981236, 'trop_agb_crit': 19.206619291613755, 'trop_k_veg': 2.640484091233308}. Best is trial 0 with value: -0.5989088506199346.
[I 2026-08-20 00:12:08,113] Trial 287 finished with value: 0.5613456735150375 and parameters: {'k1': 0.008702511277766898, 'D_low': 7.380834530404494, 'k2': 3.0124229152805463e-05, 'D_high': 6982827.361659455, 'fire_exp': 1.8432189365893858, 'P_half': 159.11732282133397, 'pre_dampen_half': 2.682371886751817, 'gpp_af': 4.789425536404657, 'gpp_b': 0.06308367887968722, 'gpp_d': 1.6801114045373449, 'ign_k': 0.5331655441431228, 'ign_c': 15.867717034105315, 'trop_agb_crit': 12.508792581087883, 'trop_k_veg': 3.005059480318167}. Best is trial 0 with value: -0.5989088506199346.
[I 2026-08-20 00:12:10,569] Trial 288 finished with value: 0.48354745549714584 and parameters: {'k1': 0.0881181102737683, 'D_low': 2.007368787660374, 'k2': 0.0016248091910494972, 'D_high': 1327998.780580568, 'fire_exp': 4.515373065377897, 'P_half': 6.51917565153498, 'pre_dampen_half': 0.9518053400979416, 'gpp_af': 15.568017804469239, 'gpp_b': 0.015577528462658509, 'gpp_d': 291.81211546098586, 'ign_k': 0.138164822027614, 'ign_c': 0.7616885767364256, 'trop_agb_crit': 19.951910448766792, 'trop_k_veg': 4.23970364126909}. Best is trial 0 with value: -0.5989088506199346.
[I 2026-08-20 00:12:13,046] Trial 289 finished with value: 0.5423078084219546 and parameters: {'k1': 0.009827498815672783, 'D_low': 812.5525902629659, 'k2': 0.0001905463874943098, 'D_high': 189971.59262277232, 'fire_exp': 2.458999404341511, 'P_half': 37.68076847835268, 'pre_dampen_half': 0.36485643610878515, 'gpp_af': 3.4472159691597506, 'gpp_b': 0.04559446984549169, 'gpp_d': 65.74607097374755, 'ign_k': 0.08089672991439206, 'ign_c': 1.7480286279419701, 'trop_agb_crit': 11.484637152053082, 'trop_k_veg': 3.6686224117891837}. Best is trial 0 with value: -0.5989088506199346.
[I 2026-08-20 00:12:15,528] Trial 290 finished with value: 0.4426367962413542 and parameters: {'k1': 0.0472889293473478, 'D_low': 4.385636292010604, 'k2': 0.008384837783562357, 'D_high': 5970004.731838944, 'fire_exp': 1.543667905432435, 'P_half': 16.7121847101072, 'pre_dampen_half': 3.2461074375335826, 'gpp_af': 0.7686182214387451, 'gpp_b': 0.0012309573142975675, 'gpp_d': 10.42740424978321, 'ign_k': 0.03646219120806601, 'ign_c': 0.567531957512596, 'trop_agb_crit': 26.598249698436163, 'trop_k_veg': 4.38179653783985}. Best is trial 0 with value: -0.5989088506199346.
[I 2026-08-20 00:12:17,973] Trial 291 finished with value: 0.4092501451034556 and parameters: {'k1': 0.005716032312294696, 'D_low': 4.511099137979353, 'k2': 1.483070129114691e-05, 'D_high': 2336363.531320242, 'fire_exp': 1.5358899582589518, 'P_half': 116.01523200820075, 'pre_dampen_half': 6.789086159517407, 'gpp_af': 5.139731567911149, 'gpp_b': 0.0022119509623039994, 'gpp_d': 361.58144248120766, 'ign_k': 0.4044170546601612, 'ign_c': 0.5595981697914164, 'trop_agb_crit': 11.652455130647345, 'trop_k_veg': 6.807391814934944}. Best is trial 0 with value: -0.5989088506199346.
[I 2026-08-20 00:12:20,461] Trial 292 finished with value: 0.5215885981582882 and parameters: {'k1': 0.012488105594780112, 'D_low': 1.4180308359187535, 'k2': 0.0005375528584147584, 'D_high': 2135456.932478637, 'fire_exp': 1.0502664146668537, 'P_half': 42.045817319964605, 'pre_dampen_half': 0.03644191626786761, 'gpp_af': 0.46617941223340004, 'gpp_b': 0.002203438145593087, 'gpp_d': 46.05043496533268, 'ign_k': 0.07659841160111742, 'ign_c': 9.27877097338218, 'trop_agb_crit': 9.44598361284138, 'trop_k_veg': 5.808572008087943}. Best is trial 0 with value: -0.5989088506199346.
[I 2026-08-20 00:12:22,948] Trial 293 finished with value: 0.4348198080751081 and parameters: {'k1': 0.06744494601286513, 'D_low': 47.83729567765286, 'k2': 0.050910954298723186, 'D_high': 372965.3185586999, 'fire_exp': 2.295588472403127, 'P_half': 65.88920181783583, 'pre_dampen_half': 72.51094493589412, 'gpp_af': 0.04358907732085878, 'gpp_b': 0.0007174673565381901, 'gpp_d': 0.27517860388761484, 'ign_k': 0.2501824682229058, 'ign_c': 0.11978998693924958, 'trop_agb_crit': 27.227783731735638, 'trop_k_veg': 3.779103447700763}. Best is trial 0 with value: -0.5989088506199346.
[I 2026-08-20 00:12:25,434] Trial 294 finished with value: 0.4083454520845582 and parameters: {'k1': 0.026470627944219914, 'D_low': 4.610706927287593, 'k2': 8.940149652766797e-05, 'D_high': 175916.04628299183, 'fire_exp': 1.0545024943784354, 'P_half': 42.75812643309682, 'pre_dampen_half': 1.1860221175160832, 'gpp_af': 7.177482089071236, 'gpp_b': 0.0284650027516075, 'gpp_d': 247.3333748074364, 'ign_k': 2.632623634501901, 'ign_c': 9.14783823676635, 'trop_agb_crit': 12.91044712922903, 'trop_k_veg': 4.779344235242383}. Best is trial 0 with value: -0.5989088506199346.
[I 2026-08-20 00:12:27,925] Trial 295 finished with value: -0.5069597021789198 and parameters: {'k1': 0.01463438335385921, 'D_low': 97.25404384223776, 'k2': 0.008252880469333432, 'D_high': 97783.10765958321, 'fire_exp': 2.431433373833809, 'P_half': 23.518622992206023, 'pre_dampen_half': 34.66339692374849, 'gpp_af': 0.804055956416454, 'gpp_b': 2.1807696584604495e-05, 'gpp_d': 514.3753028956181, 'ign_k': 0.03461662631647841, 'ign_c': 9.24342587688225, 'trop_agb_crit': 25.474023486191147, 'trop_k_veg': 5.117302422014795}. Best is trial 0 with value: -0.5989088506199346.
[I 2026-08-20 00:12:30,663] Trial 296 finished with value: 0.5738619652994783 and parameters: {'k1': 0.05403746344820077, 'D_low': 1941.7640056637467, 'k2': 0.002223804476876533, 'D_high': 2673259.9858546066, 'fire_exp': 2.0548994877442857, 'P_half': 1169.280766683189, 'pre_dampen_half': 575.1410689530384, 'gpp_af': 2.185329338647049, 'gpp_b': 1.8148664662515032e-05, 'gpp_d': 866.1654787069838, 'ign_k': 0.028410619725431525, 'ign_c': 2.019962738526288, 'trop_agb_crit': 6.17768187583238, 'trop_k_veg': 2.596668128620644}. Best is trial 0 with value: -0.5989088506199346.
[I 2026-08-20 00:12:33,339] Trial 297 finished with value: 0.5148158407500738 and parameters: {'k1': 0.00043640184281910053, 'D_low': 11892.180994053619, 'k2': 0.02944938619866016, 'D_high': 59541.601983409724, 'fire_exp': 1.631356287191643, 'P_half': 13.137030593443193, 'pre_dampen_half': 209.6310061100355, 'gpp_af': 0.03988564239103656, 'gpp_b': 0.001519119629527307, 'gpp_d': 23.081298225623573, 'ign_k': 0.02765941469581568, 'ign_c': 0.11861846240576197, 'trop_agb_crit': 23.175846856692814, 'trop_k_veg': 3.5389389355269754}. Best is trial 0 with value: -0.5989088506199346.
[I 2026-08-20 00:12:35,881] Trial 298 finished with value: -0.5729560348424986 and parameters: {'k1': 0.00048269744557408455, 'D_low': 10.688995196351641, 'k2': 4.7991025122433615e-05, 'D_high': 3261638.6110565476, 'fire_exp': 2.199218422948413, 'P_half': 6.779940796439842, 'pre_dampen_half': 0.9292256293573185, 'gpp_af': 0.8106081846781381, 'gpp_b': 0.000555720895259323, 'gpp_d': 195.26250941853215, 'ign_k': 0.3805202511099369, 'ign_c': 2.141091529542948, 'trop_agb_crit': 5.258581431858431, 'trop_k_veg': 2.234205446738255}. Best is trial 0 with value: -0.5989088506199346.
[I 2026-08-20 00:12:38,443] Trial 299 finished with value: 0.5004211506310909 and parameters: {'k1': 0.001103265548784898, 'D_low': 64.03028566088953, 'k2': 1.2227761990422347e-05, 'D_high': 667259.1427034545, 'fire_exp': 3.565508991272122, 'P_half': 1.1653838816795252, 'pre_dampen_half': 0.15289812308907041, 'gpp_af': 5.648327368890996, 'gpp_b': 0.007941352780978178, 'gpp_d': 959.8678790581865, 'ign_k': 0.7732997664013475, 'ign_c': 0.7055484492347637, 'trop_agb_crit': 2.9211413793926018, 'trop_k_veg': 1.6568424060930955}. Best is trial 0 with value: -0.5989088506199346.
[I 2026-08-20 00:12:41,102] Trial 300 finished with value: 0.5209388620702186 and parameters: {'k1': 4.635163201216364e-05, 'D_low': 6.947330291867833, 'k2': 0.0002895127241569539, 'D_high': 3029996.839244746, 'fire_exp': 2.616011067441485, 'P_half': 3.0288369782883935, 'pre_dampen_half': 0.04318632274402826, 'gpp_af': 1.5099481830023338, 'gpp_b': 0.0002090744074871366, 'gpp_d': 68.81817521349645, 'ign_k': 0.6540910372659883, 'ign_c': 3.1079683922048438, 'trop_agb_crit': 6.530354815971873, 'trop_k_veg': 1.7301984012953626}. Best is trial 0 with value: -0.5989088506199346.
[I 2026-08-20 00:12:43,465] Trial 301 finished with value: 0.6327887310696918 and parameters: {'k1': 0.01677829138714144, 'D_low': 237.91275623654, 'k2': 0.00013259619303235536, 'D_high': 104833.58980616936, 'fire_exp': 1.2881840685657493, 'P_half': 5185.137087108945, 'pre_dampen_half': 919.559746849923, 'gpp_af': 90.56057802879174, 'gpp_b': 4.217278225278394e-05, 'gpp_d': 7.286475017016296, 'ign_k': 0.22784692398850848, 'ign_c': 55.53087205351488, 'trop_agb_crit': 25.8023855490053, 'trop_k_veg': 1.6931802865058554}. Best is trial 0 with value: -0.5989088506199346.
