[I 2026-06-10 20:14:13,162] Trial 969 finished with values: [10.124848758414739, 10.124848758414739] and parameters: {'k1': 0.0869690639641868, 'D_low': 236.79352040223893, 'k2': 0.011415387250465888, 'D_high': 1817.0401889219124, 'fire_exp': 1.5191397119156032, 'P_half': 1.4551749476072258, 'pre_dampen_half': 4.847666216751353, 'gpp_af': 0.10098504976210308, 'gpp_b': 2.1309331861011757e-05, 'gpp_d': 0.4742269251269962, 'ign_k': 0.0032383308053152635, 'ign_c': 2.226297338331262, 'trop_agb_crit': 1.8023542850487386, 'trop_k_veg': 2.724170387400844, 'fire_amp': 3.457960730172751}.
[I 2026-06-10 20:14:14,656] Trial 970 finished with values: [10.831062230635355, 10.831062230635355] and parameters: {'k1': 0.0869690639641868, 'D_low': 236.79352040223893, 'k2': 0.019383858782150494, 'D_high': 6682.9607218310075, 'fire_exp': 5.351686653809503, 'P_half': 1.4551749476072258, 'pre_dampen_half': 4.847666216751353, 'gpp_af': 0.060029341913968644, 'gpp_b': 2.1309331861011757e-05, 'gpp_d': 304.7488318185732, 'ign_k': 0.0032383308053152635, 'ign_c': 2.226297338331262, 'trop_agb_crit': 5.588032458772675, 'trop_k_veg': 2.724170387400844, 'fire_amp': 2.7806853670293616}.
[I 2026-06-10 20:14:16,254] Trial 971 finished with values: [-0.45680942182010437, 0.14947107346551625] and parameters: {'k1': 0.0869690639641868, 'D_low': 148.21691630007544, 'k2': 0.002090955698118952, 'D_high': 1817.0401889219124, 'fire_exp': 1.111738490499784, 'P_half': 1.4551749476072258, 'pre_dampen_half': 9.044346216330972, 'gpp_af': 7.6249540788973835, 'gpp_b': 5.0875243087016374e-05, 'gpp_d': 0.4742269251269962, 'ign_k': 0.037151317999473285, 'ign_c': 22.126836566118193, 'trop_agb_crit': 1.8023542850487386, 'trop_k_veg': 2.724170387400844, 'fire_amp': 2.7806853670293616}.
[I 2026-06-10 20:14:17,694] Trial 972 finished with values: [10.255167403246151, 10.255167403246151] and parameters: {'k1': 0.0869690639641868, 'D_low': 236.79352040223893, 'k2': 0.019383858782150494, 'D_high': 4213.54222759551, 'fire_exp': 1.5191397119156032, 'P_half': 1.4551749476072258, 'pre_dampen_half': 9.044346216330972, 'gpp_af': 0.10098504976210308, 'gpp_b': 1.4008921101492135e-05, 'gpp_d': 0.4742269251269962, 'ign_k': 0.0032383308053152635, 'ign_c': 1.364908766641693, 'trop_agb_crit': 2.100813292597435, 'trop_k_veg': 2.724170387400844, 'fire_amp': 2.7806853670293616}.
[I 2026-06-10 20:14:19,125] Trial 973 finished with values: [10.713714425056628, 10.713714425056628] and parameters: {'k1': 0.0869690639641868, 'D_low': 236.79352040223893, 'k2': 5.12525027816961e-05, 'D_high': 6682.9607218310075, 'fire_exp': 1.5191397119156032, 'P_half': 157.80309954142965, 'pre_dampen_half': 4.847666216751353, 'gpp_af': 2.5017068255320485, 'gpp_b': 0.001674375583895437, 'gpp_d': 0.4742269251269962, 'ign_k': 0.0029519227433917453, 'ign_c': 22.126836566118193, 'trop_agb_crit': 2.100813292597435, 'trop_k_veg': 0.5535297685306277, 'fire_amp': 2.7806853670293616}.
[I 2026-06-10 20:14:21,320] Trial 974 finished with values: [-0.36666384052300977, 0.10267017647824295] and parameters: {'k1': 0.00015197743481843557, 'D_low': 1.7551403048208316, 'k2': 0.0007731571570012607, 'D_high': 32311.521854410956, 'fire_exp': 1.1633452995374232, 'P_half': 3.591771421517613, 'pre_dampen_half': 4.847666216751353, 'gpp_af': 0.9219336658511308, 'gpp_b': 0.006999112505425414, 'gpp_d': 942.6090081952854, 'ign_k': 0.002357279455676982, 'ign_c': 119.36928467636464, 'trop_agb_crit': 1.8023542850487386, 'trop_k_veg': 0.5535297685306277, 'fire_amp': 2.7806853670293616}.
[I 2026-06-10 20:14:22,826] Trial 975 finished with values: [10.065917910794967, 10.065917910794967] and parameters: {'k1': 0.0869690639641868, 'D_low': 236.79352040223893, 'k2': 0.004679501568332817, 'D_high': 6682.9607218310075, 'fire_exp': 1.1633452995374232, 'P_half': 5.4712187293420325, 'pre_dampen_half': 4.847666216751353, 'gpp_af': 0.9219336658511308, 'gpp_b': 0.001674375583895437, 'gpp_d': 0.4742269251269962, 'ign_k': 0.0032383308053152635, 'ign_c': 22.126836566118193, 'trop_agb_crit': 1.8023542850487386, 'trop_k_veg': 2.724170387400844, 'fire_amp': 3.457960730172751}.
[I 2026-06-10 20:14:24,329] Trial 976 finished with values: [10.164105098339249, 10.164105098339249] and parameters: {'k1': 0.0869690639641868, 'D_low': 1.7551403048208316, 'k2': 0.019383858782150494, 'D_high': 32311.521854410956, 'fire_exp': 1.1633452995374232, 'P_half': 84.3508388778244, 'pre_dampen_half': 4.847666216751353, 'gpp_af': 0.5310489989160803, 'gpp_b': 0.006999112505425414, 'gpp_d': 20.81401325574021, 'ign_k': 0.002357279455676982, 'ign_c': 1.364908766641693, 'trop_agb_crit': 12.9667438075127, 'trop_k_veg': 2.99731137426955, 'fire_amp': 2.7806853670293616}.
[I 2026-06-10 20:14:25,943] Trial 977 finished with values: [10.164928080578667, 10.164928080578667] and parameters: {'k1': 0.03648456083047798, 'D_low': 236.79352040223893, 'k2': 0.019383858782150494, 'D_high': 7333.200379637292, 'fire_exp': 1.5191397119156032, 'P_half': 5.4712187293420325, 'pre_dampen_half': 4.847666216751353, 'gpp_af': 0.060029341913968644, 'gpp_b': 5.0875243087016374e-05, 'gpp_d': 1.4397852866783676, 'ign_k': 0.0032383308053152635, 'ign_c': 1.364908766641693, 'trop_agb_crit': 1.8023542850487386, 'trop_k_veg': 2.724170387400844, 'fire_amp': 2.7806853670293616}.
[I 2026-06-10 20:14:28,109] Trial 978 finished with values: [10.221136097836714, 10.221136097836714] and parameters: {'k1': 0.0868318308250935, 'D_low': 148.21691630007544, 'k2': 0.019383858782150494, 'D_high': 1817.0401889219124, 'fire_exp': 1.1633452995374232, 'P_half': 5.4712187293420325, 'pre_dampen_half': 9.044346216330972, 'gpp_af': 0.9219336658511308, 'gpp_b': 0.001674375583895437, 'gpp_d': 0.4742269251269962, 'ign_k': 0.0029519227433917453, 'ign_c': 22.126836566118193, 'trop_agb_crit': 5.588032458772675, 'trop_k_veg': 0.5535297685306277, 'fire_amp': 2.7806853670293616}.
[I 2026-06-10 20:14:29,840] Trial 979 finished with values: [10.814992496308344, 10.814992496308344] and parameters: {'k1': 0.03648456083047798, 'D_low': 236.79352040223893, 'k2': 0.019383858782150494, 'D_high': 1817.0401889219124, 'fire_exp': 1.2918065501148304, 'P_half': 5617.618805806643, 'pre_dampen_half': 9.044346216330972, 'gpp_af': 0.07118041471054574, 'gpp_b': 1.4008921101492135e-05, 'gpp_d': 0.4742269251269962, 'ign_k': 0.0032383308053152635, 'ign_c': 22.126836566118193, 'trop_agb_crit': 3.108985631683375, 'trop_k_veg': 4.167664671344212, 'fire_amp': 1.0804276661569383}.
[I 2026-06-10 20:14:31,497] Trial 980 finished with values: [-0.519138643214106, 0.11092109406210138] and parameters: {'k1': 0.0869690639641868, 'D_low': 2.843767489444367, 'k2': 0.0007731571570012607, 'D_high': 6682.9607218310075, 'fire_exp': 1.2060040899560858, 'P_half': 5.4712187293420325, 'pre_dampen_half': 4.847666216751353, 'gpp_af': 20.12115544906385, 'gpp_b': 0.006999112505425414, 'gpp_d': 0.4742269251269962, 'ign_k': 0.0029519227433917453, 'ign_c': 22.126836566118193, 'trop_agb_crit': 5.588032458772675, 'trop_k_veg': 0.6618107836658104, 'fire_amp': 2.7806853670293616}.
[I 2026-06-10 20:14:33,169] Trial 981 finished with values: [-0.6713235246518849, 0.06708942682628016] and parameters: {'k1': 0.0869690639641868, 'D_low': 236.79352040223893, 'k2': 0.004679501568332817, 'D_high': 20103.283734409175, 'fire_exp': 1.1633452995374232, 'P_half': 5.4712187293420325, 'pre_dampen_half': 4.847666216751353, 'gpp_af': 0.9219336658511308, 'gpp_b': 0.001674375583895437, 'gpp_d': 0.4742269251269962, 'ign_k': 0.0032383308053152635, 'ign_c': 0.45630923983425714, 'trop_agb_crit': 1.8023542850487386, 'trop_k_veg': 2.724170387400844, 'fire_amp': 2.7806853670293616}.
[I 2026-06-10 20:14:34,546] Trial 982 finished with values: [10.833333332111698, 10.833333332111698] and parameters: {'k1': 0.00026539376439360527, 'D_low': 236.79352040223893, 'k2': 4.933751600448335e-05, 'D_high': 42210.21267871043, 'fire_exp': 1.1633452995374232, 'P_half': 318.834644588275, 'pre_dampen_half': 0.045566310715226425, 'gpp_af': 21.94636142065287, 'gpp_b': 2.1309331861011757e-05, 'gpp_d': 1.0088237648985734, 'ign_k': 0.17320535908244444, 'ign_c': 80.15297379101396, 'trop_agb_crit': 3.108985631683375, 'trop_k_veg': 1.6648666152166967, 'fire_amp': 2.7806853670293616}.
[I 2026-06-10 20:14:35,965] Trial 983 finished with values: [10.832481821384926, 10.832481821384926] and parameters: {'k1': 0.0869690639641868, 'D_low': 148.21691630007544, 'k2': 0.002090955698118952, 'D_high': 1817.0401889219124, 'fire_exp': 1.2060040899560858, 'P_half': 1.4551749476072258, 'pre_dampen_half': 9.044346216330972, 'gpp_af': 20.12115544906385, 'gpp_b': 0.006999112505425414, 'gpp_d': 20.81401325574021, 'ign_k': 0.037151317999473285, 'ign_c': 186.69871096222246, 'trop_agb_crit': 12.9667438075127, 'trop_k_veg': 2.99731137426955, 'fire_amp': 2.7806853670293616}.
[I 2026-06-10 20:14:37,381] Trial 984 finished with values: [10.07603409320721, 10.07603409320721] and parameters: {'k1': 0.0869690639641868, 'D_low': 148.21691630007544, 'k2': 0.0001870742013766025, 'D_high': 17663.59719322428, 'fire_exp': 1.5191397119156032, 'P_half': 51.10120656497163, 'pre_dampen_half': 9.044346216330972, 'gpp_af': 0.10098504976210308, 'gpp_b': 1.4008921101492135e-05, 'gpp_d': 0.4742269251269962, 'ign_k': 0.002357279455676982, 'ign_c': 22.126836566118193, 'trop_agb_crit': 5.588032458772675, 'trop_k_veg': 2.8926781829782864, 'fire_amp': 2.7806853670293616}.
[I 2026-06-10 20:14:38,685] Trial 985 finished with values: [-0.6531682265243728, 0.09891649317791673] and parameters: {'k1': 0.03648456083047798, 'D_low': 236.79352040223893, 'k2': 0.0001280886335404798, 'D_high': 7333.200379637292, 'fire_exp': 1.2918065501148304, 'P_half': 5.4712187293420325, 'pre_dampen_half': 8.259599205585761, 'gpp_af': 0.07118041471054574, 'gpp_b': 1.4008921101492135e-05, 'gpp_d': 1.4397852866783676, 'ign_k': 0.007145711288893931, 'ign_c': 22.126836566118193, 'trop_agb_crit': 1.8023542850487386, 'trop_k_veg': 2.724170387400844, 'fire_amp': 2.7806853670293616}.
[I 2026-06-10 20:14:40,047] Trial 986 finished with values: [10.19718779406094, 10.19718779406094] and parameters: {'k1': 0.03648456083047798, 'D_low': 236.79352040223893, 'k2': 0.0001280886335404798, 'D_high': 1817.0401889219124, 'fire_exp': 1.2918065501148304, 'P_half': 3.591771421517613, 'pre_dampen_half': 4.847666216751353, 'gpp_af': 0.060029341913968644, 'gpp_b': 1.4008921101492135e-05, 'gpp_d': 0.4742269251269962, 'ign_k': 0.0032383308053152635, 'ign_c': 1.364908766641693, 'trop_agb_crit': 1.8023542850487386, 'trop_k_veg': 2.724170387400844, 'fire_amp': 3.211868494428654}.
[I 2026-06-10 20:14:41,792] Trial 987 finished with values: [-0.5918617363881212, 0.13546415943180012] and parameters: {'k1': 0.0869690639641868, 'D_low': 236.79352040223893, 'k2': 0.019383858782150494, 'D_high': 17663.59719322428, 'fire_exp': 1.5191397119156032, 'P_half': 1.4551749476072258, 'pre_dampen_half': 4.847666216751353, 'gpp_af': 2.5017068255320485, 'gpp_b': 1.4008921101492135e-05, 'gpp_d': 1.4397852866783676, 'ign_k': 0.004105873950290761, 'ign_c': 1.364908766641693, 'trop_agb_crit': 2.100813292597435, 'trop_k_veg': 2.724170387400844, 'fire_amp': 2.7806853670293616}.
[I 2026-06-10 20:14:43,912] Trial 988 finished with values: [10.503031730885194, 10.503031730885194] and parameters: {'k1': 0.0869690639641868, 'D_low': 236.79352040223893, 'k2': 0.0001280886335404798, 'D_high': 1055.3846463525656, 'fire_exp': 1.5191397119156032, 'P_half': 1.4551749476072258, 'pre_dampen_half': 121.93011993958949, 'gpp_af': 15.977732284872852, 'gpp_b': 1.4008921101492135e-05, 'gpp_d': 0.4742269251269962, 'ign_k': 0.0032383308053152635, 'ign_c': 7.081721844034206, 'trop_agb_crit': 12.708819454040446, 'trop_k_veg': 2.724170387400844, 'fire_amp': 2.7806853670293616}.
[I 2026-06-10 20:14:45,835] Trial 989 finished with values: [10.35207533826215, 10.35207533826215] and parameters: {'k1': 0.03648456083047798, 'D_low': 236.79352040223893, 'k2': 0.019383858782150494, 'D_high': 6682.9607218310075, 'fire_exp': 1.5191397119156032, 'P_half': 1.4551749476072258, 'pre_dampen_half': 9.044346216330972, 'gpp_af': 0.10098504976210308, 'gpp_b': 1.4008921101492135e-05, 'gpp_d': 0.03927259340973166, 'ign_k': 0.0032383308053152635, 'ign_c': 2.226297338331262, 'trop_agb_crit': 5.588032458772675, 'trop_k_veg': 1.6648666152166967, 'fire_amp': 3.457960730172751}.
[I 2026-06-10 20:14:47,376] Trial 990 finished with values: [-0.6112932256133209, 0.10004600243361117] and parameters: {'k1': 0.008535052150482593, 'D_low': 148.21691630007544, 'k2': 0.019383858782150494, 'D_high': 1817.0401889219124, 'fire_exp': 1.5191397119156032, 'P_half': 1.4551749476072258, 'pre_dampen_half': 9.044346216330972, 'gpp_af': 0.10098504976210308, 'gpp_b': 2.1309331861011757e-05, 'gpp_d': 0.4742269251269962, 'ign_k': 0.0032383308053152635, 'ign_c': 22.126836566118193, 'trop_agb_crit': 1.8023542850487386, 'trop_k_veg': 2.2484780838355256, 'fire_amp': 2.7806853670293616}.
[I 2026-06-10 20:14:48,856] Trial 991 finished with values: [10.628420769146043, 10.628420769146043] and parameters: {'k1': 5.7909642338812115e-05, 'D_low': 236.79352040223893, 'k2': 0.019383858782150494, 'D_high': 2298.2155660045737, 'fire_exp': 1.5191397119156032, 'P_half': 5.4712187293420325, 'pre_dampen_half': 4.847666216751353, 'gpp_af': 0.10098504976210308, 'gpp_b': 0.001674375583895437, 'gpp_d': 0.4742269251269962, 'ign_k': 0.0032383308053152635, 'ign_c': 7.081721844034206, 'trop_agb_crit': 5.635210829694053, 'trop_k_veg': 2.724170387400844, 'fire_amp': 2.7806853670293616}.
[I 2026-06-10 20:14:50,236] Trial 992 finished with values: [10.769138410309866, 10.769138410309866] and parameters: {'k1': 0.0869690639641868, 'D_low': 236.79352040223893, 'k2': 0.002090955698118952, 'D_high': 1817.0401889219124, 'fire_exp': 1.5191397119156032, 'P_half': 157.80309954142965, 'pre_dampen_half': 9.044346216330972, 'gpp_af': 0.005061568304359487, 'gpp_b': 0.004411400434514031, 'gpp_d': 0.4742269251269962, 'ign_k': 0.004105873950290761, 'ign_c': 22.126836566118193, 'trop_agb_crit': 5.588032458772675, 'trop_k_veg': 2.724170387400844, 'fire_amp': 3.1045399027418377}.
[I 2026-06-10 20:14:51,885] Trial 993 finished with values: [10.627745640737325, 10.627745640737325] and parameters: {'k1': 5.7909642338812115e-05, 'D_low': 236.79352040223893, 'k2': 0.0001280886335404798, 'D_high': 154.95079374286178, 'fire_exp': 1.2918065501148304, 'P_half': 182.00694976756813, 'pre_dampen_half': 4.847666216751353, 'gpp_af': 0.060029341913968644, 'gpp_b': 1.4008921101492135e-05, 'gpp_d': 0.03927259340973166, 'ign_k': 0.0032383308053152635, 'ign_c': 7.081721844034206, 'trop_agb_crit': 1.8023542850487386, 'trop_k_veg': 2.724170387400844, 'fire_amp': 2.7806853670293616}.
[I 2026-06-10 20:14:53,355] Trial 994 finished with values: [10.833128810788311, 10.833128810788311] and parameters: {'k1': 0.0869690639641868, 'D_low': 2.843767489444367, 'k2': 0.005695622647004589, 'D_high': 6682.9607218310075, 'fire_exp': 1.5191397119156032, 'P_half': 84.3508388778244, 'pre_dampen_half': 4.847666216751353, 'gpp_af': 0.060029341913968644, 'gpp_b': 1.7375507377564614, 'gpp_d': 0.03927259340973166, 'ign_k': 0.3508854952536169, 'ign_c': 1.364908766641693, 'trop_agb_crit': 12.9667438075127, 'trop_k_veg': 4.125263140134148, 'fire_amp': 3.457960730172751}.
[I 2026-06-10 20:14:54,727] Trial 995 finished with values: [-0.6432271108372477, 0.09316813340458818] and parameters: {'k1': 0.0869690639641868, 'D_low': 236.79352040223893, 'k2': 2.1315065419408075e-05, 'D_high': 1817.0401889219124, 'fire_exp': 1.2918065501148304, 'P_half': 1.4551749476072258, 'pre_dampen_half': 9.044346216330972, 'gpp_af': 0.10098504976210308, 'gpp_b': 2.1309331861011757e-05, 'gpp_d': 0.4742269251269962, 'ign_k': 0.0032383308053152635, 'ign_c': 22.126836566118193, 'trop_agb_crit': 3.285141446715206, 'trop_k_veg': 2.724170387400844, 'fire_amp': 3.457960730172751}.
[I 2026-06-10 20:14:56,028] Trial 996 finished with values: [10.29469133962827, 10.29469133962827] and parameters: {'k1': 0.0869690639641868, 'D_low': 236.79352040223893, 'k2': 0.019383858782150494, 'D_high': 1817.0401889219124, 'fire_exp': 1.2918065501148304, 'P_half': 1.4551749476072258, 'pre_dampen_half': 9.044346216330972, 'gpp_af': 0.07118041471054574, 'gpp_b': 9.129138790726056e-05, 'gpp_d': 0.4742269251269962, 'ign_k': 0.0032383308053152635, 'ign_c': 7.018267183720731, 'trop_agb_crit': 3.108985631683375, 'trop_k_veg': 2.724170387400844, 'fire_amp': 3.211868494428654}.
[I 2026-06-10 20:14:57,387] Trial 997 finished with values: [10.169435811330874, 10.169435811330874] and parameters: {'k1': 0.00015197743481843557, 'D_low': 148.21691630007544, 'k2': 0.0007731571570012607, 'D_high': 6682.9607218310075, 'fire_exp': 1.1633452995374232, 'P_half': 3.591771421517613, 'pre_dampen_half': 4.847666216751353, 'gpp_af': 0.9219336658511308, 'gpp_b': 0.006999112505425414, 'gpp_d': 0.4742269251269962, 'ign_k': 0.0029519227433917453, 'ign_c': 22.126836566118193, 'trop_agb_crit': 1.8023542850487386, 'trop_k_veg': 0.5535297685306277, 'fire_amp': 2.7806853670293616}.
[I 2026-06-10 20:14:58,751] Trial 998 finished with values: [-0.5809031069757119, 0.07520139853942054] and parameters: {'k1': 0.0869690639641868, 'D_low': 236.79352040223893, 'k2': 0.019383858782150494, 'D_high': 1817.0401889219124, 'fire_exp': 1.5191397119156032, 'P_half': 1.4551749476072258, 'pre_dampen_half': 9.044346216330972, 'gpp_af': 0.10098504976210308, 'gpp_b': 1.4008921101492135e-05, 'gpp_d': 0.03927259340973166, 'ign_k': 0.0010897490003652056, 'ign_c': 22.126836566118193, 'trop_agb_crit': 1.8023542850487386, 'trop_k_veg': 2.724170387400844, 'fire_amp': 2.7806853670293616}.
[I 2026-06-10 20:15:00,131] Trial 999 finished with values: [10.340924760041297, 10.340924760041297] and parameters: {'k1': 0.0869690639641868, 'D_low': 148.21691630007544, 'k2': 0.002090955698118952, 'D_high': 1817.0401889219124, 'fire_exp': 1.5191397119156032, 'P_half': 157.80309954142965, 'pre_dampen_half': 9.044346216330972, 'gpp_af': 0.10098504976210308, 'gpp_b': 5.0875243087016374e-05, 'gpp_d': 0.4742269251269962, 'ign_k': 0.037151317999473285, 'ign_c': 22.126836566118193, 'trop_agb_crit': 1.8023542850487386, 'trop_k_veg': 2.724170387400844, 'fire_amp': 5.44779717154213}.
[I 2026-06-10 20:15:01,567] Trial 1000 finished with values: [16.469741322845234, 16.469741322845234] and parameters: {'k1': 5.178197947282869e-05, 'D_low': 408.3047491580097, 'k2': 0.005082220961627801, 'D_high': 8912.611835817017, 'fire_exp': 1.2918065501148304, 'P_half': 9.698743148715474, 'pre_dampen_half': 903.3231300044874, 'gpp_af': 0.00474057962703787, 'gpp_b': 1.4008921101492135e-05, 'gpp_d': 1.4397852866783676, 'ign_k': 0.0032383308053152635, 'ign_c': 14.709699119495124, 'trop_agb_crit': 1.8023542850487386, 'trop_k_veg': 5.453348988480011, 'fire_amp': 2.7806853670293616}.
[I 2026-06-10 20:15:03,335] Trial 1001 finished with values: [10.050891793016552, 10.050891793016552] and parameters: {'k1': 0.0869690639641868, 'D_low': 148.21691630007544, 'k2': 0.019383858782150494, 'D_high': 6682.9607218310075, 'fire_exp': 1.5191397119156032, 'P_half': 1.4551749476072258, 'pre_dampen_half': 4.847666216751353, 'gpp_af': 0.060029341913968644, 'gpp_b': 1.4008921101492135e-05, 'gpp_d': 0.03927259340973166, 'ign_k': 0.0032383308053152635, 'ign_c': 4.619723604324942, 'trop_agb_crit': 1.8023542850487386, 'trop_k_veg': 1.6648666152166967, 'fire_amp': 2.7806853670293616}.
[I 2026-06-10 20:15:04,734] Trial 1002 finished with values: [16.55936098273886, 16.55936098273886] and parameters: {'k1': 0.03648456083047798, 'D_low': 236.79352040223893, 'k2': 0.00805094501261807, 'D_high': 1266.9536563782303, 'fire_exp': 1.2918065501148304, 'P_half': 1.4551749476072258, 'pre_dampen_half': 910.0175265885813, 'gpp_af': 0.060029341913968644, 'gpp_b': 1.4008921101492135e-05, 'gpp_d': 1.4397852866783676, 'ign_k': 0.0032383308053152635, 'ign_c': 22.126836566118193, 'trop_agb_crit': 1.8023542850487386, 'trop_k_veg': 2.724170387400844, 'fire_amp': 3.457960730172751}.
[I 2026-06-10 20:15:06,091] Trial 1003 finished with values: [10.521839613041495, 10.521839613041495] and parameters: {'k1': 0.03648456083047798, 'D_low': 236.79352040223893, 'k2': 0.019383858782150494, 'D_high': 6682.9607218310075, 'fire_exp': 1.5191397119156032, 'P_half': 3.591771421517613, 'pre_dampen_half': 9.044346216330972, 'gpp_af': 0.060029341913968644, 'gpp_b': 1.4008921101492135e-05, 'gpp_d': 304.7488318185732, 'ign_k': 0.0032383308053152635, 'ign_c': 22.126836566118193, 'trop_agb_crit': 1.8023542850487386, 'trop_k_veg': 0.7808079158649266, 'fire_amp': 3.457960730172751}.
[I 2026-06-10 20:15:07,503] Trial 1004 finished with values: [10.431624170972515, 10.431624170972515] and parameters: {'k1': 5.7909642338812115e-05, 'D_low': 236.79352040223893, 'k2': 0.0007731571570012607, 'D_high': 17663.59719322428, 'fire_exp': 1.2565451539674661, 'P_half': 1.4551749476072258, 'pre_dampen_half': 4.847666216751353, 'gpp_af': 0.10098504976210308, 'gpp_b': 0.001674375583895437, 'gpp_d': 0.4742269251269962, 'ign_k': 0.0032383308053152635, 'ign_c': 1.364908766641693, 'trop_agb_crit': 1.8023542850487386, 'trop_k_veg': 0.7808079158649266, 'fire_amp': 2.0531624074464796}.
[I 2026-06-10 20:15:08,858] Trial 1005 finished with values: [10.821569985238037, 10.821569985238037] and parameters: {'k1': 0.0869690639641868, 'D_low': 1585.9294900076181, 'k2': 6.548510655446336e-05, 'D_high': 1817.0401889219124, 'fire_exp': 1.2918065501148304, 'P_half': 5.4712187293420325, 'pre_dampen_half': 4.847666216751353, 'gpp_af': 0.00474057962703787, 'gpp_b': 0.001674375583895437, 'gpp_d': 0.4742269251269962, 'ign_k': 0.0032383308053152635, 'ign_c': 22.126836566118193, 'trop_agb_crit': 1.8023542850487386, 'trop_k_veg': 2.724170387400844, 'fire_amp': 2.7806853670293616}.
