[I 2026-08-06 08:59:52,559] Trial 669 finished with values: [-0.5625064901196817, 0.20522470208125942] and parameters: {'k1': 0.004312951023617458, 'D_low': 191.61918406231337, 'k2': 0.032845299795769424, 'D_high': 1177.190025324204, 'fire_exp': 1.1430983876313219, 'P_half': 4.213183643253957, 'pre_dampen_half': 552.4163637315892, 'gpp_af': 0.0014188461251885575, 'gpp_b': 1.284284091405877e-05, 'gpp_d': 229.41380323183625, 'ign_k': 8.708806168038567, 'ign_c': 0.557280750002996, 'trop_agb_crit': 25.382873076016292, 'trop_k_veg': 2.5879386297557976}.
[I 2026-08-06 08:59:53,730] Trial 670 finished with values: [-0.5816019079590105, 0.8393535737102438] and parameters: {'k1': 0.00488137519160367, 'D_low': 4.484744524732794, 'k2': 0.032845299795769424, 'D_high': 52941.32201721563, 'fire_exp': 1.423480109671474, 'P_half': 5.232779509048979, 'pre_dampen_half': 502.5175192217655, 'gpp_af': 0.1476584299248268, 'gpp_b': 0.0005752434266899163, 'gpp_d': 150.14555442537656, 'ign_k': 5.351470428717437, 'ign_c': 0.70689749506246, 'trop_agb_crit': 1.14876138417489, 'trop_k_veg': 1.4584243470991722}.
[I 2026-08-06 08:59:54,917] Trial 671 finished with values: [10.568429689369472, 10.568429689369472] and parameters: {'k1': 0.004312951023617458, 'D_low': 3.525936800597896, 'k2': 0.0007047307383115598, 'D_high': 2940.51756322311, 'fire_exp': 1.423480109671474, 'P_half': 338.23872019362165, 'pre_dampen_half': 552.4163637315892, 'gpp_af': 0.1476584299248268, 'gpp_b': 0.13713885091300912, 'gpp_d': 150.14555442537656, 'ign_k': 8.708806168038567, 'ign_c': 0.557280750002996, 'trop_agb_crit': 10.965064494899984, 'trop_k_veg': 0.6673124511410327}.
[I 2026-08-06 08:59:56,070] Trial 672 finished with values: [10.160197288602285, 10.160197288602285] and parameters: {'k1': 0.004312951023617458, 'D_low': 40.12413353131991, 'k2': 0.0007047307383115598, 'D_high': 61536.58035691648, 'fire_exp': 1.0629462657398439, 'P_half': 1.605843632310088, 'pre_dampen_half': 552.4163637315892, 'gpp_af': 1.1409619915696267, 'gpp_b': 0.0054502936945582505, 'gpp_d': 1.493264336549928, 'ign_k': 0.0018256829646330853, 'ign_c': 8.40543912931368, 'trop_agb_crit': 28.66951114938682, 'trop_k_veg': 1.4584243470991722}.
[I 2026-08-06 08:59:57,243] Trial 673 finished with values: [-0.633626103451166, 0.5520146510120927] and parameters: {'k1': 0.01889771394135163, 'D_low': 4.484744524732794, 'k2': 0.005082220961627801, 'D_high': 8182.111518618414, 'fire_exp': 1.0629462657398439, 'P_half': 12.808863354047988, 'pre_dampen_half': 502.5175192217655, 'gpp_af': 0.1476584299248268, 'gpp_b': 0.0005752434266899163, 'gpp_d': 84.31013932082456, 'ign_k': 8.708806168038567, 'ign_c': 20.03995359361212, 'trop_agb_crit': 7.500118950416987, 'trop_k_veg': 1.4584243470991722}.
[I 2026-08-06 08:59:58,511] Trial 674 finished with values: [10.2335451094251, 10.2335451094251] and parameters: {'k1': 0.01889771394135163, 'D_low': 70.18267183720735, 'k2': 0.0007047307383115598, 'D_high': 25628.666000163565, 'fire_exp': 1.423480109671474, 'P_half': 221.2683656611821, 'pre_dampen_half': 502.5175192217655, 'gpp_af': 0.1476584299248268, 'gpp_b': 0.0005752434266899163, 'gpp_d': 0.1197776427957647, 'ign_k': 0.12329098365270515, 'ign_c': 0.557280750002996, 'trop_agb_crit': 3.5747129226002423, 'trop_k_veg': 3.107042296015176}.
[I 2026-08-06 08:59:59,734] Trial 675 finished with values: [-0.6075083688810998, 0.6615258838689331] and parameters: {'k1': 0.03635503353478365, 'D_low': 12.105387404469584, 'k2': 0.03538758864779238, 'D_high': 8182.111518618414, 'fire_exp': 1.1430983876313219, 'P_half': 12.808863354047988, 'pre_dampen_half': 552.4163637315892, 'gpp_af': 0.18069041761817034, 'gpp_b': 0.0005752434266899163, 'gpp_d': 229.41380323183625, 'ign_k': 0.12329098365270515, 'ign_c': 3.7623363852696734, 'trop_agb_crit': 10.965064494899984, 'trop_k_veg': 0.6673124511410327}.
[I 2026-08-06 09:00:00,937] Trial 676 finished with values: [10.040685881912875, 10.040685881912875] and parameters: {'k1': 0.03635503353478365, 'D_low': 12.105387404469584, 'k2': 0.0040265389838192705, 'D_high': 2940.51756322311, 'fire_exp': 1.353841071397002, 'P_half': 220.3445560633069, 'pre_dampen_half': 552.4163637315892, 'gpp_af': 0.7539992074650279, 'gpp_b': 0.0005752434266899163, 'gpp_d': 229.41380323183625, 'ign_k': 0.12329098365270515, 'ign_c': 0.21208987108343724, 'trop_agb_crit': 1.4369803541745465, 'trop_k_veg': 0.6743482387129308}.
[I 2026-08-06 09:00:02,106] Trial 677 finished with values: [10.314504096964622, 10.314504096964622] and parameters: {'k1': 0.03635503353478365, 'D_low': 12.105387404469584, 'k2': 0.018586220273069057, 'D_high': 2940.51756322311, 'fire_exp': 1.353841071397002, 'P_half': 4.213183643253957, 'pre_dampen_half': 107.40052367919465, 'gpp_af': 0.18069041761817034, 'gpp_b': 0.08852620105022933, 'gpp_d': 229.41380323183625, 'ign_k': 0.12329098365270515, 'ign_c': 0.557280750002996, 'trop_agb_crit': 10.965064494899984, 'trop_k_veg': 2.520089655463604}.
[I 2026-08-06 09:00:03,567] Trial 678 finished with values: [-0.5821792866943714, 0.8748904176583914] and parameters: {'k1': 0.00488137519160367, 'D_low': 12.105387404469584, 'k2': 0.09946147674311599, 'D_high': 61536.58035691648, 'fire_exp': 1.1430983876313219, 'P_half': 4.213183643253957, 'pre_dampen_half': 552.4163637315892, 'gpp_af': 0.1476584299248268, 'gpp_b': 0.0005752434266899163, 'gpp_d': 229.41380323183625, 'ign_k': 5.351470428717437, 'ign_c': 0.557280750002996, 'trop_agb_crit': 3.5747129226002423, 'trop_k_veg': 0.6673124511410327}.
[I 2026-08-06 09:00:04,723] Trial 679 finished with values: [-0.5808139651597368, 0.555307572887369] and parameters: {'k1': 0.008471801418819975, 'D_low': 34.459310919273356, 'k2': 0.0005262881356087174, 'D_high': 5254.8834372681695, 'fire_exp': 1.0629462657398439, 'P_half': 220.3445560633069, 'pre_dampen_half': 481.9793830934018, 'gpp_af': 0.7539992074650279, 'gpp_b': 1.3289448722869181e-05, 'gpp_d': 84.31013932082456, 'ign_k': 8.708806168038567, 'ign_c': 0.70689749506246, 'trop_agb_crit': 1.14876138417489, 'trop_k_veg': 1.4584243470991722}.
[I 2026-08-06 09:00:05,893] Trial 680 finished with values: [-0.6011042979957363, 0.371910591438369] and parameters: {'k1': 0.03635503353478365, 'D_low': 2.143851363193517, 'k2': 0.032845299795769424, 'D_high': 2940.51756322311, 'fire_exp': 1.353841071397002, 'P_half': 5.232779509048979, 'pre_dampen_half': 552.4163637315892, 'gpp_af': 0.18069041761817034, 'gpp_b': 0.0005752434266899163, 'gpp_d': 150.14555442537656, 'ign_k': 0.12329098365270515, 'ign_c': 8.40543912931368, 'trop_agb_crit': 10.965064494899984, 'trop_k_veg': 0.6673124511410327}.
[I 2026-08-06 09:00:07,077] Trial 681 finished with values: [10.38359416683883, 10.38359416683883] and parameters: {'k1': 0.008471801418819975, 'D_low': 4.484744524732794, 'k2': 0.032845299795769424, 'D_high': 5254.8834372681695, 'fire_exp': 1.695318866910499, 'P_half': 220.3445560633069, 'pre_dampen_half': 502.5175192217655, 'gpp_af': 9.419931479490897, 'gpp_b': 3.481277316673104e-05, 'gpp_d': 229.41380323183625, 'ign_k': 0.0680787482656459, 'ign_c': 20.03995359361212, 'trop_agb_crit': 1.7439923992959638, 'trop_k_veg': 2.520089655463604}.
[I 2026-08-06 09:00:08,258] Trial 682 finished with values: [-0.593262671710747, 0.40453600047882454] and parameters: {'k1': 0.004312951023617458, 'D_low': 5.59983195169599, 'k2': 0.032845299795769424, 'D_high': 2940.51756322311, 'fire_exp': 1.1174086754605184, 'P_half': 12.808863354047988, 'pre_dampen_half': 552.4163637315892, 'gpp_af': 0.1476584299248268, 'gpp_b': 0.0005752434266899163, 'gpp_d': 2.944272359149677, 'ign_k': 8.103949702339497, 'ign_c': 8.40543912931368, 'trop_agb_crit': 25.382873076016292, 'trop_k_veg': 0.6673124511410327}.
[I 2026-08-06 09:00:09,423] Trial 683 finished with values: [-0.5362897444973466, 0.5821585171839214] and parameters: {'k1': 0.004312951023617458, 'D_low': 70.18267183720735, 'k2': 0.0007047307383115598, 'D_high': 2940.51756322311, 'fire_exp': 1.0629462657398439, 'P_half': 12.808863354047988, 'pre_dampen_half': 502.5175192217655, 'gpp_af': 1.1409619915696267, 'gpp_b': 3.481277316673104e-05, 'gpp_d': 5.1715677287580455, 'ign_k': 0.6697348618512097, 'ign_c': 4.2425976091860935, 'trop_agb_crit': 19.3289574092866, 'trop_k_veg': 4.375785248100498}.
[I 2026-08-06 09:00:10,610] Trial 684 finished with values: [-0.5267118895789055, 0.6260029751965199] and parameters: {'k1': 0.0018538092461931478, 'D_low': 40.12413353131991, 'k2': 0.032845299795769424, 'D_high': 61536.58035691648, 'fire_exp': 1.1430983876313219, 'P_half': 338.23872019362165, 'pre_dampen_half': 502.5175192217655, 'gpp_af': 0.1476584299248268, 'gpp_b': 0.0005752434266899163, 'gpp_d': 1.493264336549928, 'ign_k': 8.708806168038567, 'ign_c': 0.24989960578908887, 'trop_agb_crit': 12.324775650896964, 'trop_k_veg': 1.4584243470991722}.
[I 2026-08-06 09:00:11,765] Trial 685 finished with values: [-0.5586160417566852, 0.4228155844023692] and parameters: {'k1': 0.00488137519160367, 'D_low': 4.484744524732794, 'k2': 0.032845299795769424, 'D_high': 8182.111518618414, 'fire_exp': 1.1430983876313219, 'P_half': 338.23872019362165, 'pre_dampen_half': 552.4163637315892, 'gpp_af': 0.1476584299248268, 'gpp_b': 0.0005752434266899163, 'gpp_d': 229.41380323183625, 'ign_k': 0.12329098365270515, 'ign_c': 0.557280750002996, 'trop_agb_crit': 10.965064494899984, 'trop_k_veg': 0.6673124511410327}.
[I 2026-08-06 09:00:12,938] Trial 686 finished with values: [-0.5692358345921582, 0.6418770564249269] and parameters: {'k1': 0.004312951023617458, 'D_low': 40.12413353131991, 'k2': 0.0007047307383115598, 'D_high': 25628.666000163565, 'fire_exp': 1.0629462657398439, 'P_half': 338.23872019362165, 'pre_dampen_half': 552.4163637315892, 'gpp_af': 1.1409619915696267, 'gpp_b': 0.0054502936945582505, 'gpp_d': 229.41380323183625, 'ign_k': 8.708806168038567, 'ign_c': 8.40543912931368, 'trop_agb_crit': 28.66951114938682, 'trop_k_veg': 2.520089655463604}.
[I 2026-08-06 09:00:14,142] Trial 687 finished with values: [10.760178299124485, 10.760178299124485] and parameters: {'k1': 0.0001839180780558311, 'D_low': 40.12413353131991, 'k2': 0.03538758864779238, 'D_high': 2940.51756322311, 'fire_exp': 7.559891478674904, 'P_half': 1.605843632310088, 'pre_dampen_half': 502.5175192217655, 'gpp_af': 0.7539992074650279, 'gpp_b': 0.0005752434266899163, 'gpp_d': 418.77522137884927, 'ign_k': 8.708806168038567, 'ign_c': 1.2389052918551067, 'trop_agb_crit': 10.905006748783771, 'trop_k_veg': 1.5332163484880694}.
[I 2026-08-06 09:00:15,310] Trial 688 finished with values: [10.038490097104281, 10.038490097104281] and parameters: {'k1': 0.004312951023617458, 'D_low': 20.32977847090263, 'k2': 0.03538758864779238, 'D_high': 8182.111518618414, 'fire_exp': 1.0629462657398439, 'P_half': 12.808863354047988, 'pre_dampen_half': 502.5175192217655, 'gpp_af': 0.1476584299248268, 'gpp_b': 1.5385046399532158e-05, 'gpp_d': 229.41380323183625, 'ign_k': 0.12329098365270515, 'ign_c': 0.24989960578908887, 'trop_agb_crit': 3.5747129226002423, 'trop_k_veg': 0.6743482387129308}.
[I 2026-08-06 09:00:16,510] Trial 689 finished with values: [-0.5882700983718518, 0.6394030176627494] and parameters: {'k1': 0.004312951023617458, 'D_low': 40.12413353131991, 'k2': 0.0007047307383115598, 'D_high': 8182.111518618414, 'fire_exp': 1.0629462657398439, 'P_half': 1.605843632310088, 'pre_dampen_half': 502.5175192217655, 'gpp_af': 0.10409127568994281, 'gpp_b': 0.0005752434266899163, 'gpp_d': 229.41380323183625, 'ign_k': 8.708806168038567, 'ign_c': 0.557280750002996, 'trop_agb_crit': 3.5747129226002423, 'trop_k_veg': 0.6673124511410327}.
[I 2026-08-06 09:00:17,665] Trial 690 finished with values: [10.085026889104604, 10.085026889104604] and parameters: {'k1': 0.004312951023617458, 'D_low': 12.105387404469584, 'k2': 0.0009562822793888481, 'D_high': 2940.51756322311, 'fire_exp': 1.353841071397002, 'P_half': 221.2683656611821, 'pre_dampen_half': 552.4163637315892, 'gpp_af': 0.1476584299248268, 'gpp_b': 1.5385046399532158e-05, 'gpp_d': 229.41380323183625, 'ign_k': 0.12329098365270515, 'ign_c': 0.24989960578908887, 'trop_agb_crit': 1.6878075072665546, 'trop_k_veg': 2.520089655463604}.
[I 2026-08-06 09:00:18,802] Trial 691 finished with values: [-0.5322797032879798, 0.4886471844472233] and parameters: {'k1': 0.008471801418819975, 'D_low': 4.484744524732794, 'k2': 0.032845299795769424, 'D_high': 8182.111518618414, 'fire_exp': 1.0629462657398439, 'P_half': 220.3445560633069, 'pre_dampen_half': 502.5175192217655, 'gpp_af': 0.7539992074650279, 'gpp_b': 0.0005752434266899163, 'gpp_d': 1.493264336549928, 'ign_k': 8.708806168038567, 'ign_c': 20.03995359361212, 'trop_agb_crit': 1.14876138417489, 'trop_k_veg': 1.4584243470991722}.
[I 2026-08-06 09:00:19,998] Trial 692 finished with values: [10.769230769178105, 10.769230769178105] and parameters: {'k1': 0.008471801418819975, 'D_low': 4.484744524732794, 'k2': 0.0009562822793888481, 'D_high': 4681.376193450557, 'fire_exp': 1.0629462657398439, 'P_half': 220.3445560633069, 'pre_dampen_half': 502.5175192217655, 'gpp_af': 0.10409127568994281, 'gpp_b': 0.0054502936945582505, 'gpp_d': 109.45351414473369, 'ign_k': 8.708806168038567, 'ign_c': 111.98001958256879, 'trop_agb_crit': 7.500118950416987, 'trop_k_veg': 2.520089655463604}.
[I 2026-08-06 09:00:21,155] Trial 693 finished with values: [10.221262637607152, 10.221262637607152] and parameters: {'k1': 0.01553297328951422, 'D_low': 12.105387404469584, 'k2': 0.03538758864779238, 'D_high': 8182.111518618414, 'fire_exp': 2.726360712292888, 'P_half': 220.3445560633069, 'pre_dampen_half': 552.4163637315892, 'gpp_af': 12.279228494238078, 'gpp_b': 0.0005752434266899163, 'gpp_d': 229.41380323183625, 'ign_k': 0.12329098365270515, 'ign_c': 0.21208987108343724, 'trop_agb_crit': 10.965064494899984, 'trop_k_veg': 0.6673124511410327}.
[I 2026-08-06 09:00:22,310] Trial 694 finished with values: [10.639261914002592, 10.639261914002592] and parameters: {'k1': 0.004312951023617458, 'D_low': 5.59983195169599, 'k2': 0.032845299795769424, 'D_high': 5254.8834372681695, 'fire_exp': 1.165368636520435, 'P_half': 1.605843632310088, 'pre_dampen_half': 0.0399066504395798, 'gpp_af': 1.1409619915696267, 'gpp_b': 0.0005752434266899163, 'gpp_d': 418.77522137884927, 'ign_k': 0.0680787482656459, 'ign_c': 0.9580682294110432, 'trop_agb_crit': 2.9222815721218716, 'trop_k_veg': 1.4584243470991722}.
[I 2026-08-06 09:00:23,481] Trial 695 finished with values: [-0.5905342910636309, 0.6173031953580348] and parameters: {'k1': 0.01889771394135163, 'D_low': 150.6455793119292, 'k2': 0.0012040762895973265, 'D_high': 8182.111518618414, 'fire_exp': 1.0629462657398439, 'P_half': 4.213183643253957, 'pre_dampen_half': 502.5175192217655, 'gpp_af': 0.10409127568994281, 'gpp_b': 0.0005752434266899163, 'gpp_d': 1.493264336549928, 'ign_k': 8.708806168038567, 'ign_c': 8.40543912931368, 'trop_agb_crit': 1.0197794118421077, 'trop_k_veg': 1.9938441068366917}.
[I 2026-08-06 09:00:24,920] Trial 696 finished with values: [10.033616152226543, 10.033616152226543] and parameters: {'k1': 0.004312951023617458, 'D_low': 70.18267183720735, 'k2': 0.0012040762895973265, 'D_high': 2940.51756322311, 'fire_exp': 1.423480109671474, 'P_half': 19.876655910112248, 'pre_dampen_half': 552.4163637315892, 'gpp_af': 0.1476584299248268, 'gpp_b': 0.0005752434266899163, 'gpp_d': 2.944272359149677, 'ign_k': 8.708806168038567, 'ign_c': 8.40543912931368, 'trop_agb_crit': 6.119263728555865, 'trop_k_veg': 0.6673124511410327}.
[I 2026-08-06 09:00:26,093] Trial 697 finished with values: [-0.503496670993153, 0.7365935756557522] and parameters: {'k1': 0.002155595057104387, 'D_low': 70.18267183720735, 'k2': 0.0012040762895973265, 'D_high': 25628.666000163565, 'fire_exp': 1.0629462657398439, 'P_half': 221.2683656611821, 'pre_dampen_half': 107.40052367919465, 'gpp_af': 1.1409619915696267, 'gpp_b': 0.0005752434266899163, 'gpp_d': 229.41380323183625, 'ign_k': 0.0680787482656459, 'ign_c': 0.70689749506246, 'trop_agb_crit': 10.965064494899984, 'trop_k_veg': 0.5772603928610088}.
[I 2026-08-06 09:00:27,293] Trial 698 finished with values: [10.225480278660935, 10.225480278660935] and parameters: {'k1': 0.004312951023617458, 'D_low': 2.143851363193517, 'k2': 0.032845299795769424, 'D_high': 2940.51756322311, 'fire_exp': 1.0629462657398439, 'P_half': 29.23116601611836, 'pre_dampen_half': 552.4163637315892, 'gpp_af': 0.015144408538724483, 'gpp_b': 0.0005752434266899163, 'gpp_d': 0.9568931772917477, 'ign_k': 0.0019678273362633988, 'ign_c': 8.40543912931368, 'trop_agb_crit': 6.275146677376727, 'trop_k_veg': 3.4387132748252047}.
[I 2026-08-06 09:00:28,452] Trial 699 finished with values: [10.076627007679612, 10.076627007679612] and parameters: {'k1': 0.002367935204022389, 'D_low': 4.484744524732794, 'k2': 0.0012040762895973265, 'D_high': 8182.111518618414, 'fire_exp': 1.0629462657398439, 'P_half': 220.3445560633069, 'pre_dampen_half': 502.5175192217655, 'gpp_af': 1.1409619915696267, 'gpp_b': 0.0005752434266899163, 'gpp_d': 1.493264336549928, 'ign_k': 8.708806168038567, 'ign_c': 8.40543912931368, 'trop_agb_crit': 1.14876138417489, 'trop_k_veg': 0.5772603928610088}.
[I 2026-08-06 09:00:29,604] Trial 700 finished with values: [-0.583062667267112, 0.8700951520086719] and parameters: {'k1': 0.004312951023617458, 'D_low': 12.105387404469584, 'k2': 0.032845299795769424, 'D_high': 61536.58035691648, 'fire_exp': 1.0362310858538248, 'P_half': 4.213183643253957, 'pre_dampen_half': 107.40052367919465, 'gpp_af': 0.1476584299248268, 'gpp_b': 0.0005752434266899163, 'gpp_d': 229.41380323183625, 'ign_k': 5.351470428717437, 'ign_c': 0.557280750002996, 'trop_agb_crit': 25.382873076016292, 'trop_k_veg': 0.6673124511410327}.
[I 2026-08-06 09:00:30,812] Trial 701 finished with values: [-0.6001050960086488, 0.37728640886170495] and parameters: {'k1': 0.01889771394135163, 'D_low': 12.105387404469584, 'k2': 0.03538758864779238, 'D_high': 2940.51756322311, 'fire_exp': 1.0601964743503993, 'P_half': 12.808863354047988, 'pre_dampen_half': 107.40052367919465, 'gpp_af': 0.18069041761817034, 'gpp_b': 0.0005752434266899163, 'gpp_d': 229.41380323183625, 'ign_k': 0.12329098365270515, 'ign_c': 3.5828811741825057, 'trop_agb_crit': 7.500118950416987, 'trop_k_veg': 0.6743482387129308}.
[I 2026-08-06 09:00:32,013] Trial 702 finished with values: [10.467528633446488, 10.467528633446488] and parameters: {'k1': 0.002367935204022389, 'D_low': 40.12413353131991, 'k2': 0.032845299795769424, 'D_high': 623.411042225738, 'fire_exp': 1.695318866910499, 'P_half': 3.3380638755873893, 'pre_dampen_half': 502.5175192217655, 'gpp_af': 9.419931479490897, 'gpp_b': 1.5385046399532158e-05, 'gpp_d': 229.41380323183625, 'ign_k': 0.0680787482656459, 'ign_c': 0.24989960578908887, 'trop_agb_crit': 1.6878075072665546, 'trop_k_veg': 2.520089655463604}.
[I 2026-08-06 09:00:33,246] Trial 703 finished with values: [10.041155901527505, 10.041155901527505] and parameters: {'k1': 0.00488137519160367, 'D_low': 70.18267183720735, 'k2': 0.032845299795769424, 'D_high': 63233.81951066786, 'fire_exp': 1.695318866910499, 'P_half': 338.23872019362165, 'pre_dampen_half': 502.5175192217655, 'gpp_af': 0.1476584299248268, 'gpp_b': 1.5385046399532158e-05, 'gpp_d': 229.41380323183625, 'ign_k': 5.351470428717437, 'ign_c': 0.9580682294110432, 'trop_agb_crit': 1.14876138417489, 'trop_k_veg': 1.4584243470991722}.
[I 2026-08-06 09:00:34,469] Trial 704 finished with values: [-0.612233634051193, 0.3379649260730013] and parameters: {'k1': 0.01889771394135163, 'D_low': 70.18267183720735, 'k2': 0.018586220273069057, 'D_high': 2940.51756322311, 'fire_exp': 1.0629462657398439, 'P_half': 1.605843632310088, 'pre_dampen_half': 107.40052367919465, 'gpp_af': 0.1476584299248268, 'gpp_b': 0.0005752434266899163, 'gpp_d': 84.31013932082456, 'ign_k': 8.708806168038567, 'ign_c': 0.8916132699546893, 'trop_agb_crit': 1.14876138417489, 'trop_k_veg': 2.520089655463604}.
[I 2026-08-06 09:00:35,743] Trial 705 finished with values: [10.397926005170822, 10.397926005170822] and parameters: {'k1': 0.004312951023617458, 'D_low': 34.459310919273356, 'k2': 0.012758211164590085, 'D_high': 311.17676855667384, 'fire_exp': 1.0629462657398439, 'P_half': 1.605843632310088, 'pre_dampen_half': 107.40052367919465, 'gpp_af': 0.013688256550323697, 'gpp_b': 1.284284091405877e-05, 'gpp_d': 2.944272359149677, 'ign_k': 8.708806168038567, 'ign_c': 0.70689749506246, 'trop_agb_crit': 25.382873076016292, 'trop_k_veg': 0.6673124511410327}.
[I 2026-08-06 09:00:36,967] Trial 706 finished with values: [-0.5692358345921582, 0.6418770564249269] and parameters: {'k1': 0.004312951023617458, 'D_low': 40.12413353131991, 'k2': 0.0007047307383115598, 'D_high': 25628.666000163565, 'fire_exp': 1.0629462657398439, 'P_half': 338.23872019362165, 'pre_dampen_half': 552.4163637315892, 'gpp_af': 1.1409619915696267, 'gpp_b': 0.0054502936945582505, 'gpp_d': 229.41380323183625, 'ign_k': 8.708806168038567, 'ign_c': 8.40543912931368, 'trop_agb_crit': 28.66951114938682, 'trop_k_veg': 2.520089655463604}.
[I 2026-08-06 09:00:38,201] Trial 707 finished with values: [-0.6320155922035183, 0.33087517104149555] and parameters: {'k1': 0.01889771394135163, 'D_low': 1.9623826481168343, 'k2': 0.032845299795769424, 'D_high': 2940.51756322311, 'fire_exp': 1.0629462657398439, 'P_half': 4.213183643253957, 'pre_dampen_half': 107.40052367919465, 'gpp_af': 0.0014188461251885575, 'gpp_b': 1.284284091405877e-05, 'gpp_d': 84.31013932082456, 'ign_k': 8.708806168038567, 'ign_c': 0.557280750002996, 'trop_agb_crit': 7.500118950416987, 'trop_k_veg': 2.520089655463604}.
[I 2026-08-06 09:00:39,462] Trial 708 finished with values: [-0.5623706166147132, 0.46734310464731454] and parameters: {'k1': 0.004312951023617458, 'D_low': 70.18267183720735, 'k2': 0.012758211164590085, 'D_high': 2592.951380378534, 'fire_exp': 1.0362310858538248, 'P_half': 1.605843632310088, 'pre_dampen_half': 502.5175192217655, 'gpp_af': 0.7539992074650279, 'gpp_b': 0.0005752434266899163, 'gpp_d': 16.460426816350523, 'ign_k': 0.0680787482656459, 'ign_c': 0.21208987108343724, 'trop_agb_crit': 25.382873076016292, 'trop_k_veg': 4.345076509212382}.
