[I 2026-08-06 03:21:56,157] Trial 1218 finished with values: [10.107614111449388, 10.107614111449388] and parameters: {'k1': 0.0030285741098956273, 'D_low': 376.7022142229396, 'k2': 0.00014001191914113747, 'D_high': 1938.603912550459, 'fire_exp': 1.0881360604103363, 'P_half': 4.933751600448339, 'pre_dampen_half': 36.876350096203005, 'gpp_af': 0.09145768948268033, 'gpp_b': 0.02052499618703749, 'gpp_d': 33.9790424311127, 'ign_k': 2.7728241828010627, 'ign_c': 22.126836566118193, 'gdp_gamma': 1.8068697350278546}.
[I 2026-08-06 03:21:57,362] Trial 1219 finished with values: [-0.6191854384949286, 0.10636425106407754] and parameters: {'k1': 0.0030285741098956273, 'D_low': 376.7022142229396, 'k2': 0.0007081721844034209, 'D_high': 2970.7920514735997, 'fire_exp': 1.0881360604103363, 'P_half': 10.226988730324324, 'pre_dampen_half': 8.904067307938409, 'gpp_af': 0.09145768948268033, 'gpp_b': 0.00223436535646235, 'gpp_d': 33.9790424311127, 'ign_k': 0.37424230019851973, 'ign_c': 4.471851399162796, 'gdp_gamma': 1.8068697350278546}.
[I 2026-08-06 03:21:58,579] Trial 1220 finished with values: [10.201129348929715, 10.201129348929715] and parameters: {'k1': 0.002244282088778459, 'D_low': 5.468963344385623, 'k2': 0.0007081721844034209, 'D_high': 2970.7920514735997, 'fire_exp': 1.0881360604103363, 'P_half': 4.933751600448339, 'pre_dampen_half': 0.6474067278256436, 'gpp_af': 3.253305539860196, 'gpp_b': 0.004215504256370331, 'gpp_d': 33.9790424311127, 'ign_k': 0.37424230019851973, 'ign_c': 0.6615437365561385, 'gdp_gamma': 1.8068697350278546}.
[I 2026-08-06 03:21:59,812] Trial 1221 finished with values: [-0.6123134491111539, 0.0992600412479977] and parameters: {'k1': 0.0030285741098956273, 'D_low': 376.7022142229396, 'k2': 0.0007081721844034209, 'D_high': 2970.7920514735997, 'fire_exp': 1.0881360604103363, 'P_half': 21.77936207481482, 'pre_dampen_half': 8.904067307938409, 'gpp_af': 0.09145768948268033, 'gpp_b': 0.004597283814159352, 'gpp_d': 331.7366635899375, 'ign_k': 0.37424230019851973, 'ign_c': 0.6615437365561385, 'gdp_gamma': 1.8068697350278546}.
[I 2026-08-06 03:22:01,124] Trial 1222 finished with values: [-0.5973836516810713, 0.0805832046231979] and parameters: {'k1': 0.0030285741098956273, 'D_low': 30.956657914928517, 'k2': 0.0007081721844034209, 'D_high': 35.11445258128688, 'fire_exp': 1.0881360604103363, 'P_half': 25.255166452944085, 'pre_dampen_half': 36.876350096203005, 'gpp_af': 0.05391752791214327, 'gpp_b': 0.02052499618703749, 'gpp_d': 331.7366635899375, 'ign_k': 2.7728241828010627, 'ign_c': 11.77190025324203, 'gdp_gamma': 1.8068697350278546}.
[I 2026-08-06 03:22:02,341] Trial 1223 finished with values: [-0.6138735068230293, 0.09864356373457606] and parameters: {'k1': 0.0030285741098956273, 'D_low': 3.7322156377670694, 'k2': 0.07119679541167405, 'D_high': 2842.140588732084, 'fire_exp': 2.066761381010117, 'P_half': 35.828811741825064, 'pre_dampen_half': 36.876350096203005, 'gpp_af': 3.253305539860196, 'gpp_b': 0.02052499618703749, 'gpp_d': 331.7366635899375, 'ign_k': 0.37424230019851973, 'ign_c': 0.6615437365561385, 'gdp_gamma': 0.559652086128564}.
[I 2026-08-06 03:22:03,641] Trial 1224 finished with values: [10.579209978465489, 10.579209978465489] and parameters: {'k1': 0.0030285741098956273, 'D_low': 376.7022142229396, 'k2': 0.00020222983754231334, 'D_high': 35.11445258128688, 'fire_exp': 1.0881360604103363, 'P_half': 25.255166452944085, 'pre_dampen_half': 8.904067307938409, 'gpp_af': 0.09145768948268033, 'gpp_b': 0.00223436535646235, 'gpp_d': 0.013520213281526935, 'ign_k': 0.37424230019851973, 'ign_c': 4.471851399162796, 'gdp_gamma': 1.8068697350278546}.
[I 2026-08-06 03:22:04,825] Trial 1225 finished with values: [-0.6320127262397837, 0.09735850775709454] and parameters: {'k1': 0.03313724129972938, 'D_low': 30.956657914928517, 'k2': 0.0007081721844034209, 'D_high': 2855.843069859749, 'fire_exp': 1.0881360604103363, 'P_half': 35.828811741825064, 'pre_dampen_half': 8.904067307938409, 'gpp_af': 0.09145768948268033, 'gpp_b': 0.0030742893625766146, 'gpp_d': 25.184822598549903, 'ign_k': 0.37424230019851973, 'ign_c': 11.77190025324203, 'gdp_gamma': 1.8068697350278546}.
[I 2026-08-06 03:22:06,080] Trial 1226 finished with values: [-0.5951964198094032, 0.08665676592284433] and parameters: {'k1': 2.9394634586259703e-05, 'D_low': 30.956657914928517, 'k2': 0.03820259936390116, 'D_high': 2855.843069859749, 'fire_exp': 1.0881360604103363, 'P_half': 35.828811741825064, 'pre_dampen_half': 8.904067307938409, 'gpp_af': 0.09145768948268033, 'gpp_b': 0.0030742893625766146, 'gpp_d': 331.7366635899375, 'ign_k': 0.038791280730284435, 'ign_c': 11.77190025324203, 'gdp_gamma': 1.8068697350278546}.
[I 2026-08-06 03:22:07,277] Trial 1227 finished with values: [-0.6176476820119636, 0.11258640662089225] and parameters: {'k1': 0.07928164425547335, 'D_low': 148.10800730363493, 'k2': 0.00014001191914113747, 'D_high': 21863.563449420166, 'fire_exp': 2.066761381010117, 'P_half': 25.255166452944085, 'pre_dampen_half': 36.876350096203005, 'gpp_af': 0.8571213555597653, 'gpp_b': 0.02052499618703749, 'gpp_d': 33.9790424311127, 'ign_k': 0.37424230019851973, 'ign_c': 6.807874826564585, 'gdp_gamma': 0.559652086128564}.
[I 2026-08-06 03:22:08,478] Trial 1228 finished with values: [10.572373831529186, 10.572373831529186] and parameters: {'k1': 0.03313724129972938, 'D_low': 376.7022142229396, 'k2': 0.0035383916966944323, 'D_high': 35.11445258128688, 'fire_exp': 1.0881360604103363, 'P_half': 35.828811741825064, 'pre_dampen_half': 36.876350096203005, 'gpp_af': 3.253305539860196, 'gpp_b': 0.004597283814159352, 'gpp_d': 33.9790424311127, 'ign_k': 0.37424230019851973, 'ign_c': 0.12495886031183844, 'gdp_gamma': 1.8068697350278546}.
[I 2026-08-06 03:22:09,647] Trial 1229 finished with values: [10.730314033638757, 10.730314033638757] and parameters: {'k1': 0.0030285741098956273, 'D_low': 376.7022142229396, 'k2': 0.0007081721844034209, 'D_high': 2970.7920514735997, 'fire_exp': 1.0881360604103363, 'P_half': 4.933751600448339, 'pre_dampen_half': 5.593036834117395, 'gpp_af': 0.09145768948268033, 'gpp_b': 0.9776474279723822, 'gpp_d': 33.9790424311127, 'ign_k': 2.7728241828010627, 'ign_c': 0.6615437365561385, 'gdp_gamma': 0.4782736120512339}.
[I 2026-08-06 03:22:10,832] Trial 1230 finished with values: [10.051640624321395, 10.051640624321395] and parameters: {'k1': 0.0030285741098956273, 'D_low': 148.10800730363493, 'k2': 0.0007081721844034209, 'D_high': 35.11445258128688, 'fire_exp': 1.0881360604103363, 'P_half': 12.367537614338005, 'pre_dampen_half': 36.876350096203005, 'gpp_af': 0.09145768948268033, 'gpp_b': 0.004597283814159352, 'gpp_d': 331.7366635899375, 'ign_k': 0.37424230019851973, 'ign_c': 22.126836566118193, 'gdp_gamma': 1.8068697350278546}.
[I 2026-08-06 03:22:12,459] Trial 1231 finished with values: [-0.6177797943817669, 0.11472234867996278] and parameters: {'k1': 0.07928164425547335, 'D_low': 148.10800730363493, 'k2': 0.00014001191914113747, 'D_high': 35.11445258128688, 'fire_exp': 1.0881360604103363, 'P_half': 35.828811741825064, 'pre_dampen_half': 36.876350096203005, 'gpp_af': 0.05391752791214327, 'gpp_b': 0.004597283814159352, 'gpp_d': 0.9383857256655214, 'ign_k': 0.37424230019851973, 'ign_c': 0.6615437365561385, 'gdp_gamma': 1.8068697350278546}.
[I 2026-08-06 03:22:13,593] Trial 1232 finished with values: [10.736657021790787, 10.736657021790787] and parameters: {'k1': 0.0030285741098956273, 'D_low': 490.2396944106614, 'k2': 0.0007081721844034209, 'D_high': 13651.08396565054, 'fire_exp': 3.2966949758310258, 'P_half': 25.255166452944085, 'pre_dampen_half': 8.904067307938409, 'gpp_af': 0.0311621825915585, 'gpp_b': 0.004597283814159352, 'gpp_d': 33.9790424311127, 'ign_k': 0.37424230019851973, 'ign_c': 22.126836566118193, 'gdp_gamma': 1.8068697350278546}.
[I 2026-08-06 03:22:14,726] Trial 1233 finished with values: [10.920492832568678, 10.920492832568678] and parameters: {'k1': 0.05790512193308814, 'D_low': 3.7322156377670694, 'k2': 0.00014001191914113747, 'D_high': 21863.563449420166, 'fire_exp': 1.0881360604103363, 'P_half': 25.255166452944085, 'pre_dampen_half': 36.876350096203005, 'gpp_af': 0.09145768948268033, 'gpp_b': 0.004215504256370331, 'gpp_d': 331.7366635899375, 'ign_k': 2.7728241828010627, 'ign_c': 11.77190025324203, 'gdp_gamma': 0.559652086128564}.
[I 2026-08-06 03:22:15,854] Trial 1234 finished with values: [-0.551135019229118, 0.21490442643546792] and parameters: {'k1': 0.0030285741098956273, 'D_low': 148.10800730363493, 'k2': 0.0007081721844034209, 'D_high': 21863.563449420166, 'fire_exp': 1.0881360604103363, 'P_half': 35.828811741825064, 'pre_dampen_half': 36.876350096203005, 'gpp_af': 0.05391752791214327, 'gpp_b': 0.004215504256370331, 'gpp_d': 331.7366635899375, 'ign_k': 0.37424230019851973, 'ign_c': 6.807874826564585, 'gdp_gamma': 0.007177056725554299}.
[I 2026-08-06 03:22:17,039] Trial 1235 finished with values: [10.185921093700127, 10.185921093700127] and parameters: {'k1': 0.0030285741098956273, 'D_low': 3.7322156377670694, 'k2': 4.484744524732793e-05, 'D_high': 21863.563449420166, 'fire_exp': 1.5191397119156032, 'P_half': 10.226988730324324, 'pre_dampen_half': 36.876350096203005, 'gpp_af': 0.05391752791214327, 'gpp_b': 0.0030742893625766146, 'gpp_d': 1.406967493694286, 'ign_k': 1.833717796770998, 'ign_c': 22.126836566118193, 'gdp_gamma': 0.559652086128564}.
[I 2026-08-06 03:22:18,171] Trial 1236 finished with values: [-0.6145312700404729, 0.10252007671478025] and parameters: {'k1': 0.0030285741098956273, 'D_low': 30.956657914928517, 'k2': 0.03096855930632394, 'D_high': 2970.7920514735997, 'fire_exp': 1.0881360604103363, 'P_half': 35.828811741825064, 'pre_dampen_half': 8.904067307938409, 'gpp_af': 0.09145768948268033, 'gpp_b': 0.02052499618703749, 'gpp_d': 25.184822598549903, 'ign_k': 0.37424230019851973, 'ign_c': 0.6615437365561385, 'gdp_gamma': 1.8068697350278546}.
[I 2026-08-06 03:22:19,280] Trial 1237 finished with values: [10.62790463318209, 10.62790463318209] and parameters: {'k1': 0.07928164425547335, 'D_low': 148.10800730363493, 'k2': 0.0007081721844034209, 'D_high': 2970.7920514735997, 'fire_exp': 1.0881360604103363, 'P_half': 1.2765717873951687, 'pre_dampen_half': 36.876350096203005, 'gpp_af': 0.09145768948268033, 'gpp_b': 0.0005623095666134974, 'gpp_d': 0.9383857256655214, 'ign_k': 0.37424230019851973, 'ign_c': 0.6615437365561385, 'gdp_gamma': 1.8068697350278546}.
[I 2026-08-06 03:22:20,401] Trial 1238 finished with values: [10.76923076903347, 10.76923076903347] and parameters: {'k1': 0.0030285741098956273, 'D_low': 30.956657914928517, 'k2': 0.0007081721844034209, 'D_high': 2970.7920514735997, 'fire_exp': 1.0881360604103363, 'P_half': 4.933751600448339, 'pre_dampen_half': 8.904067307938409, 'gpp_af': 8.40397758824167, 'gpp_b': 0.004215504256370331, 'gpp_d': 33.9790424311127, 'ign_k': 0.37424230019851973, 'ign_c': 233.2030720277585, 'gdp_gamma': 0.0041145880700392615}.
[I 2026-08-06 03:22:21,557] Trial 1239 finished with values: [10.721560944669376, 10.721560944669376] and parameters: {'k1': 0.0030285741098956273, 'D_low': 148.10800730363493, 'k2': 0.0007081721844034209, 'D_high': 2970.7920514735997, 'fire_exp': 6.348093427141625, 'P_half': 25.255166452944085, 'pre_dampen_half': 36.876350096203005, 'gpp_af': 0.09145768948268033, 'gpp_b': 0.004215504256370331, 'gpp_d': 33.9790424311127, 'ign_k': 0.37424230019851973, 'ign_c': 0.6615437365561385, 'gdp_gamma': 1.8068697350278546}.
[I 2026-08-06 03:22:22,758] Trial 1240 finished with values: [10.301784941981124, 10.301784941981124] and parameters: {'k1': 0.03313724129972938, 'D_low': 30.956657914928517, 'k2': 0.0007081721844034209, 'D_high': 2970.7920514735997, 'fire_exp': 1.0881360604103363, 'P_half': 68.03737461188635, 'pre_dampen_half': 2.5992279021942104, 'gpp_af': 0.004649431590340411, 'gpp_b': 0.004597283814159352, 'gpp_d': 33.9790424311127, 'ign_k': 0.37424230019851973, 'ign_c': 0.6615437365561385, 'gdp_gamma': 1.8068697350278546}.
[I 2026-08-06 03:22:23,897] Trial 1241 finished with values: [10.389009584386674, 10.389009584386674] and parameters: {'k1': 0.0030285741098956273, 'D_low': 376.7022142229396, 'k2': 2.100903260288803e-05, 'D_high': 2842.140588732084, 'fire_exp': 1.0881360604103363, 'P_half': 35.828811741825064, 'pre_dampen_half': 8.904067307938409, 'gpp_af': 0.09145768948268033, 'gpp_b': 0.004597283814159352, 'gpp_d': 34.70266988650411, 'ign_k': 0.37424230019851973, 'ign_c': 0.6615437365561385, 'gdp_gamma': 0.2529003831686583}.
[I 2026-08-06 03:22:25,051] Trial 1242 finished with values: [10.11568907892922, 10.11568907892922] and parameters: {'k1': 0.0030285741098956273, 'D_low': 148.10800730363493, 'k2': 0.00014001191914113747, 'D_high': 967.9314683873941, 'fire_exp': 1.0881360604103363, 'P_half': 4.933751600448339, 'pre_dampen_half': 36.876350096203005, 'gpp_af': 0.09145768948268033, 'gpp_b': 0.004215504256370331, 'gpp_d': 331.7366635899375, 'ign_k': 0.37424230019851973, 'ign_c': 22.126836566118193, 'gdp_gamma': 0.559652086128564}.
[I 2026-08-06 03:22:26,223] Trial 1243 finished with values: [-0.6252331657401784, 0.05348108851870681] and parameters: {'k1': 0.07928164425547335, 'D_low': 148.10800730363493, 'k2': 0.07119679541167405, 'D_high': 2842.140588732084, 'fire_exp': 1.0881360604103363, 'P_half': 4.933751600448339, 'pre_dampen_half': 5.593036834117395, 'gpp_af': 0.09145768948268033, 'gpp_b': 0.004597283814159352, 'gpp_d': 331.7366635899375, 'ign_k': 0.37424230019851973, 'ign_c': 11.77190025324203, 'gdp_gamma': 1.8068697350278546}.
[I 2026-08-06 03:22:27,441] Trial 1244 finished with values: [-0.6111935623306992, 0.09689836934877238] and parameters: {'k1': 0.0030285741098956273, 'D_low': 30.956657914928517, 'k2': 0.0007081721844034209, 'D_high': 2970.7920514735997, 'fire_exp': 1.0881360604103363, 'P_half': 35.828811741825064, 'pre_dampen_half': 8.904067307938409, 'gpp_af': 0.09145768948268033, 'gpp_b': 0.02052499618703749, 'gpp_d': 33.9790424311127, 'ign_k': 0.37424230019851973, 'ign_c': 0.6615437365561385, 'gdp_gamma': 1.8068697350278546}.
[I 2026-08-06 03:22:28,600] Trial 1245 finished with values: [10.376294909210838, 10.376294909210838] and parameters: {'k1': 0.0030285741098956273, 'D_low': 376.7022142229396, 'k2': 0.0007081721844034209, 'D_high': 2970.7920514735997, 'fire_exp': 1.0881360604103363, 'P_half': 35.828811741825064, 'pre_dampen_half': 8.904067307938409, 'gpp_af': 0.15284580129745415, 'gpp_b': 0.23825903140590088, 'gpp_d': 33.9790424311127, 'ign_k': 0.3521102994688841, 'ign_c': 0.6615437365561385, 'gdp_gamma': 1.8068697350278546}.
[I 2026-08-06 03:22:29,759] Trial 1246 finished with values: [10.550018936895729, 10.550018936895729] and parameters: {'k1': 0.01153590300936118, 'D_low': 30.956657914928517, 'k2': 0.0007081721844034209, 'D_high': 35.11445258128688, 'fire_exp': 1.0881360604103363, 'P_half': 35.828811741825064, 'pre_dampen_half': 8.904067307938409, 'gpp_af': 0.006230757348338251, 'gpp_b': 0.0030742893625766146, 'gpp_d': 10.931606102061748, 'ign_k': 0.37424230019851973, 'ign_c': 11.77190025324203, 'gdp_gamma': 0.10336452721595481}.
[I 2026-08-06 03:22:30,905] Trial 1247 finished with values: [10.21576603175127, 10.21576603175127] and parameters: {'k1': 0.0030285741098956273, 'D_low': 148.10800730363493, 'k2': 0.0007081721844034209, 'D_high': 13651.08396565054, 'fire_exp': 1.0881360604103363, 'P_half': 35.828811741825064, 'pre_dampen_half': 8.904067307938409, 'gpp_af': 0.09145768948268033, 'gpp_b': 0.17623234026513296, 'gpp_d': 33.9790424311127, 'ign_k': 0.37424230019851973, 'ign_c': 0.6615437365561385, 'gdp_gamma': 1.8068697350278546}.
[I 2026-08-06 03:22:32,073] Trial 1248 finished with values: [10.76923076903347, 10.76923076903347] and parameters: {'k1': 3.4786948088723396e-05, 'D_low': 376.7022142229396, 'k2': 0.0007081721844034209, 'D_high': 35.11445258128688, 'fire_exp': 1.0881360604103363, 'P_half': 25.255166452944085, 'pre_dampen_half': 36.876350096203005, 'gpp_af': 0.09145768948268033, 'gpp_b': 0.004597283814159352, 'gpp_d': 33.9790424311127, 'ign_k': 9.226223582279749, 'ign_c': 101.27455512700297, 'gdp_gamma': 1.8068697350278546}.
[I 2026-08-06 03:22:33,734] Trial 1249 finished with values: [10.768511778064298, 10.768511778064298] and parameters: {'k1': 2.9394634586259703e-05, 'D_low': 14.835020363846423, 'k2': 0.004244442212210019, 'D_high': 2842.140588732084, 'fire_exp': 9.049292394907205, 'P_half': 10.226988730324324, 'pre_dampen_half': 5.593036834117395, 'gpp_af': 0.09145768948268033, 'gpp_b': 0.0030742893625766146, 'gpp_d': 331.7366635899375, 'ign_k': 8.315365004960604, 'ign_c': 22.126836566118193, 'gdp_gamma': 1.8068697350278546}.
[I 2026-08-06 03:22:34,909] Trial 1250 finished with values: [-0.595523960559436, 0.07917639518390718] and parameters: {'k1': 0.0030285741098956273, 'D_low': 490.2396944106614, 'k2': 0.0007081721844034209, 'D_high': 2842.140588732084, 'fire_exp': 1.0881360604103363, 'P_half': 1.887261434847181, 'pre_dampen_half': 8.904067307938409, 'gpp_af': 0.05391752791214327, 'gpp_b': 0.004215504256370331, 'gpp_d': 33.9790424311127, 'ign_k': 9.226223582279749, 'ign_c': 0.6615437365561385, 'gdp_gamma': 1.8068697350278546}.
[I 2026-08-06 03:22:36,072] Trial 1251 finished with values: [-0.6145931760126736, 0.07894159832882386] and parameters: {'k1': 0.0030285741098956273, 'D_low': 148.10800730363493, 'k2': 0.00014001191914113747, 'D_high': 35.11445258128688, 'fire_exp': 1.0881360604103363, 'P_half': 4.933751600448339, 'pre_dampen_half': 36.876350096203005, 'gpp_af': 0.09145768948268033, 'gpp_b': 0.004215504256370331, 'gpp_d': 331.7366635899375, 'ign_k': 0.37424230019851973, 'ign_c': 22.126836566118193, 'gdp_gamma': 1.8068697350278546}.
[I 2026-08-06 03:22:37,290] Trial 1252 finished with values: [10.22222964358483, 10.22222964358483] and parameters: {'k1': 0.0030285741098956273, 'D_low': 148.10800730363493, 'k2': 1.691293129333294e-05, 'D_high': 35.11445258128688, 'fire_exp': 1.0881360604103363, 'P_half': 4.933751600448339, 'pre_dampen_half': 8.904067307938409, 'gpp_af': 0.09145768948268033, 'gpp_b': 0.004215504256370331, 'gpp_d': 33.9790424311127, 'ign_k': 0.37424230019851973, 'ign_c': 22.126836566118193, 'gdp_gamma': 1.8068697350278546}.
[I 2026-08-06 03:22:38,520] Trial 1253 finished with values: [10.252956869169868, 10.252956869169868] and parameters: {'k1': 0.0008018119368890578, 'D_low': 3.7322156377670694, 'k2': 0.00014001191914113747, 'D_high': 2970.7920514735997, 'fire_exp': 1.0881360604103363, 'P_half': 25.255166452944085, 'pre_dampen_half': 36.876350096203005, 'gpp_af': 0.09145768948268033, 'gpp_b': 0.004215504256370331, 'gpp_d': 331.7366635899375, 'ign_k': 2.7728241828010627, 'ign_c': 11.77190025324203, 'gdp_gamma': 1.8068697350278546}.
[I 2026-08-06 03:22:39,693] Trial 1254 finished with values: [10.208303285248533, 10.208303285248533] and parameters: {'k1': 0.0030285741098956273, 'D_low': 30.956657914928517, 'k2': 0.07119679541167405, 'D_high': 2842.140588732084, 'fire_exp': 1.0881360604103363, 'P_half': 35.828811741825064, 'pre_dampen_half': 8.904067307938409, 'gpp_af': 0.09145768948268033, 'gpp_b': 0.02052499618703749, 'gpp_d': 33.9790424311127, 'ign_k': 0.3521102994688841, 'ign_c': 1.3450805685166458, 'gdp_gamma': 0.007309679108443349}.
[I 2026-08-06 03:22:40,860] Trial 1255 finished with values: [-0.5169568246628151, 0.1909165457330867] and parameters: {'k1': 0.0030285741098956273, 'D_low': 376.7022142229396, 'k2': 0.0007081721844034209, 'D_high': 2970.7920514735997, 'fire_exp': 1.0881360604103363, 'P_half': 10.226988730324324, 'pre_dampen_half': 55.00040622572184, 'gpp_af': 0.09145768948268033, 'gpp_b': 0.004597283814159352, 'gpp_d': 33.9790424311127, 'ign_k': 2.7728241828010627, 'ign_c': 0.6615437365561385, 'gdp_gamma': 0.006535584348214746}.
[I 2026-08-06 03:22:42,083] Trial 1256 finished with values: [-0.612073172244971, 0.06598395974680482] and parameters: {'k1': 0.0030285741098956273, 'D_low': 30.956657914928517, 'k2': 0.03820259936390116, 'D_high': 2970.7920514735997, 'fire_exp': 1.5191397119156032, 'P_half': 35.828811741825064, 'pre_dampen_half': 8.904067307938409, 'gpp_af': 0.09145768948268033, 'gpp_b': 0.0030742893625766146, 'gpp_d': 10.931606102061748, 'ign_k': 0.3521102994688841, 'ign_c': 0.6615437365561385, 'gdp_gamma': 1.8068697350278546}.
[I 2026-08-06 03:22:43,328] Trial 1257 finished with values: [10.340879371633267, 10.340879371633267] and parameters: {'k1': 0.03313724129972938, 'D_low': 3.7322156377670694, 'k2': 0.00014001191914113747, 'D_high': 35.11445258128688, 'fire_exp': 1.0881360604103363, 'P_half': 4217.1429440250695, 'pre_dampen_half': 36.876350096203005, 'gpp_af': 0.09145768948268033, 'gpp_b': 0.0030742893625766146, 'gpp_d': 331.7366635899375, 'ign_k': 0.37424230019851973, 'ign_c': 6.807874826564585, 'gdp_gamma': 0.8585865290142173}.
[I 2026-08-06 03:22:44,503] Trial 1258 finished with values: [10.090850534516408, 10.090850534516408] and parameters: {'k1': 0.0030285741098956273, 'D_low': 3.7322156377670694, 'k2': 0.0007081721844034209, 'D_high': 13651.08396565054, 'fire_exp': 1.0881360604103363, 'P_half': 251.23618639978196, 'pre_dampen_half': 8.904067307938409, 'gpp_af': 0.09145768948268033, 'gpp_b': 0.004597283814159352, 'gpp_d': 33.9790424311127, 'ign_k': 0.37424230019851973, 'ign_c': 0.6615437365561385, 'gdp_gamma': 1.8068697350278546}.
[I 2026-08-06 03:22:45,723] Trial 1259 finished with values: [-0.6131239819824492, 0.115813546978901] and parameters: {'k1': 0.0027015957920129437, 'D_low': 3.7322156377670694, 'k2': 0.0007081721844034209, 'D_high': 2970.7920514735997, 'fire_exp': 1.0881360604103363, 'P_half': 35.828811741825064, 'pre_dampen_half': 8.904067307938409, 'gpp_af': 0.8571213555597653, 'gpp_b': 0.02052499618703749, 'gpp_d': 33.9790424311127, 'ign_k': 0.3521102994688841, 'ign_c': 0.9958290687495275, 'gdp_gamma': 0.559652086128564}.
