[I 2026-06-10 17:38:09,659] Trial 666 finished with values: [10.892857142659844, 10.892857142659844] and parameters: {'k1': 0.012840669372724958, 'D_low': 43.2326421037033, 'k2': 3.152468275632564e-05, 'D_high': 2427.054417940131, 'fire_exp': 1.5191397119156032, 'P_half': 157.80309954142965, 'pre_dampen_half': 8.259599205585761, 'gpp_af': 27.448645214004376, 'gpp_b': 1.1008110571039521e-05, 'gpp_d': 545.0253444559129, 'ign_k': 3.965503094323014, 'ign_c': 132.46527974321125, 'trop_agb_crit': 3.1419938725278875, 'trop_k_veg': 0.6618107836658104, 'fire_amp': 5.44779717154213}.
[I 2026-06-10 17:38:12,307] Trial 667 finished with values: [10.066234093614252, 10.066234093614252] and parameters: {'k1': 0.0869690639641868, 'D_low': 43.2326421037033, 'k2': 3.152468275632564e-05, 'D_high': 22.636544662054543, 'fire_exp': 1.0601964743503993, 'P_half': 69.68111190775313, 'pre_dampen_half': 9.044346216330972, 'gpp_af': 0.8057329182285734, 'gpp_b': 0.0004125336560355494, 'gpp_d': 12.151631524283598, 'ign_k': 3.965503094323014, 'ign_c': 0.10435856341129002, 'trop_agb_crit': 3.1419938725278875, 'trop_k_veg': 4.796046723963646, 'fire_amp': 1.1202509284327942}.
[I 2026-06-10 17:38:14,533] Trial 668 finished with values: [16.5405222761446, 16.5405222761446] and parameters: {'k1': 0.016973078532467004, 'D_low': 148.21691630007544, 'k2': 0.0001016707987819611, 'D_high': 44974.07193749848, 'fire_exp': 1.5191397119156032, 'P_half': 8.318314747941244, 'pre_dampen_half': 98.05638874011484, 'gpp_af': 0.10098504976210308, 'gpp_b': 1.1008110571039521e-05, 'gpp_d': 95.2715755007094, 'ign_k': 0.012566783761977915, 'ign_c': 0.10435856341129002, 'trop_agb_crit': 1.5033346993841157, 'trop_k_veg': 2.724170387400844, 'fire_amp': 5.44779717154213}.
[I 2026-06-10 17:38:16,575] Trial 669 finished with values: [16.898771906282338, 16.898771906282338] and parameters: {'k1': 0.019518986965599543, 'D_low': 12.105387404469584, 'k2': 3.152468275632564e-05, 'D_high': 42210.21267871043, 'fire_exp': 1.0601964743503993, 'P_half': 157.80309954142965, 'pre_dampen_half': 33.71909132517384, 'gpp_af': 0.8057329182285734, 'gpp_b': 1.4540386644083135e-05, 'gpp_d': 1.6963424566071992, 'ign_k': 0.4303356629825978, 'ign_c': 0.10435856341129002, 'trop_agb_crit': 3.1419938725278875, 'trop_k_veg': 0.9923523017201868, 'fire_amp': 4.783836175730692}.
[I 2026-06-10 17:38:18,506] Trial 670 finished with values: [12.521196759170573, 12.521196759170573] and parameters: {'k1': 0.006079905434073396, 'D_low': 49.539659199197295, 'k2': 0.004679501568332817, 'D_high': 99461.47674311613, 'fire_exp': 1.0601964743503993, 'P_half': 157.80309954142965, 'pre_dampen_half': 33.71909132517384, 'gpp_af': 27.448645214004376, 'gpp_b': 0.00012118589392553798, 'gpp_d': 545.0253444559129, 'ign_k': 3.965503094323014, 'ign_c': 7.081721844034206, 'trop_agb_crit': 8.188098178380693, 'trop_k_veg': 6.172643383211297, 'fire_amp': 1.5587346124822492}.
[I 2026-06-10 17:38:20,683] Trial 671 finished with values: [10.435020582008615, 10.435020582008615] and parameters: {'k1': 0.006079905434073396, 'D_low': 1440.3650379563878, 'k2': 0.045914852167405346, 'D_high': 18108.14362107968, 'fire_exp': 1.4690410989404576, 'P_half': 2.4106893837852787, 'pre_dampen_half': 13.161234383542856, 'gpp_af': 27.448645214004376, 'gpp_b': 0.00012118589392553798, 'gpp_d': 1.8148402127631733, 'ign_k': 0.0029519227433917453, 'ign_c': 13.054148118849394, 'trop_agb_crit': 1.0693376406863295, 'trop_k_veg': 0.5535297685306277, 'fire_amp': 1.5587346124822492}.
[I 2026-06-10 17:38:23,149] Trial 672 finished with values: [11.099345100032597, 11.099345100032597] and parameters: {'k1': 0.0869690639641868, 'D_low': 1440.3650379563878, 'k2': 0.0004976087827261435, 'D_high': 42210.21267871043, 'fire_exp': 3.2459542834651627, 'P_half': 101.40635645866499, 'pre_dampen_half': 98.05638874011484, 'gpp_af': 27.448645214004376, 'gpp_b': 2.176805640408474e-05, 'gpp_d': 95.2715755007094, 'ign_k': 1.6270983114897255, 'ign_c': 13.054148118849394, 'trop_agb_crit': 12.647327018493208, 'trop_k_veg': 2.520089655463604, 'fire_amp': 5.606809127618709}.
[I 2026-06-10 17:38:25,332] Trial 673 finished with values: [10.678172546797308, 10.678172546797308] and parameters: {'k1': 0.0326979063339169, 'D_low': 43.2326421037033, 'k2': 0.045914852167405346, 'D_high': 18108.14362107968, 'fire_exp': 1.069663761954776, 'P_half': 157.80309954142965, 'pre_dampen_half': 1.8469033699850426, 'gpp_af': 0.8571213555597653, 'gpp_b': 0.6089142387470042, 'gpp_d': 545.0253444559129, 'ign_k': 0.4303356629825978, 'ign_c': 7.081721844034206, 'trop_agb_crit': 3.1419938725278875, 'trop_k_veg': 4.796046723963646, 'fire_amp': 1.1202509284327942}.
[I 2026-06-10 17:38:27,893] Trial 674 finished with values: [10.859594158902311, 10.859594158902311] and parameters: {'k1': 0.0326979063339169, 'D_low': 43.2326421037033, 'k2': 0.045914852167405346, 'D_high': 2427.054417940131, 'fire_exp': 1.5191397119156032, 'P_half': 8.318314747941244, 'pre_dampen_half': 8.259599205585761, 'gpp_af': 0.10098504976210308, 'gpp_b': 0.6089142387470042, 'gpp_d': 12.338826503601998, 'ign_k': 0.4303356629825978, 'ign_c': 7.081721844034206, 'trop_agb_crit': 8.188098178380693, 'trop_k_veg': 2.724170387400844, 'fire_amp': 1.1202509284327942}.
[I 2026-06-10 17:38:30,517] Trial 675 finished with values: [10.425121501770505, 10.425121501770505] and parameters: {'k1': 0.012840669372724958, 'D_low': 12.105387404469584, 'k2': 0.045914852167405346, 'D_high': 18108.14362107968, 'fire_exp': 1.4690410989404576, 'P_half': 69.68111190775313, 'pre_dampen_half': 28.01075698398644, 'gpp_af': 0.8057329182285734, 'gpp_b': 0.6089142387470042, 'gpp_d': 28.312234265202243, 'ign_k': 3.965503094323014, 'ign_c': 0.10435856341129002, 'trop_agb_crit': 3.1419938725278875, 'trop_k_veg': 0.5535297685306277, 'fire_amp': 1.1202509284327942}.
[I 2026-06-10 17:38:32,826] Trial 676 finished with values: [13.684129437628393, 13.684129437628393] and parameters: {'k1': 0.0869690639641868, 'D_low': 12.105387404469584, 'k2': 4.69955602109909e-05, 'D_high': 22.636544662054543, 'fire_exp': 1.1490848108902036, 'P_half': 101.40635645866499, 'pre_dampen_half': 33.71909132517384, 'gpp_af': 0.0662749342026412, 'gpp_b': 1.4540386644083135e-05, 'gpp_d': 95.2715755007094, 'ign_k': 0.8861249804463233, 'ign_c': 0.9736725715035878, 'trop_agb_crit': 1.0693376406863295, 'trop_k_veg': 0.6618107836658104, 'fire_amp': 4.783836175730692}.
[I 2026-06-10 17:38:35,439] Trial 677 finished with values: [10.787508962799194, 10.787508962799194] and parameters: {'k1': 0.0869690639641868, 'D_low': 1739.6167422846984, 'k2': 0.02939607009739149, 'D_high': 42210.21267871043, 'fire_exp': 7.2911675360216615, 'P_half': 101.40635645866499, 'pre_dampen_half': 98.05638874011484, 'gpp_af': 0.09885838682552685, 'gpp_b': 2.1309331861011757e-05, 'gpp_d': 95.2715755007094, 'ign_k': 0.4303356629825978, 'ign_c': 0.10435856341129002, 'trop_agb_crit': 2.090022519022788, 'trop_k_veg': 4.796046723963646, 'fire_amp': 1.1202509284327942}.
[I 2026-06-10 17:38:37,757] Trial 678 finished with values: [10.012297774396364, 10.012297774396364] and parameters: {'k1': 0.006079905434073396, 'D_low': 2.414672422128219, 'k2': 1.2432381951316053e-05, 'D_high': 99461.47674311613, 'fire_exp': 1.069663761954776, 'P_half': 157.80309954142965, 'pre_dampen_half': 1.8469033699850426, 'gpp_af': 27.448645214004376, 'gpp_b': 0.00012118589392553798, 'gpp_d': 545.0253444559129, 'ign_k': 3.965503094323014, 'ign_c': 7.081721844034206, 'trop_agb_crit': 8.188098178380693, 'trop_k_veg': 6.172643383211297, 'fire_amp': 1.5587346124822492}.
[I 2026-06-10 17:38:40,075] Trial 679 finished with values: [10.183803527916783, 10.183803527916783] and parameters: {'k1': 0.0326979063339169, 'D_low': 43.2326421037033, 'k2': 0.02939607009739149, 'D_high': 44974.07193749848, 'fire_exp': 1.4690410989404576, 'P_half': 369.7311160925241, 'pre_dampen_half': 8.259599205585761, 'gpp_af': 27.448645214004376, 'gpp_b': 2.1309331861011757e-05, 'gpp_d': 95.2715755007094, 'ign_k': 0.4303356629825978, 'ign_c': 0.10435856341129002, 'trop_agb_crit': 3.5874145253515306, 'trop_k_veg': 6.172643383211297, 'fire_amp': 1.1202509284327942}.
[I 2026-06-10 17:38:42,218] Trial 680 finished with values: [10.404901424695467, 10.404901424695467] and parameters: {'k1': 0.006079905434073396, 'D_low': 12.105387404469584, 'k2': 0.003767022142229395, 'D_high': 262.11304189124235, 'fire_exp': 1.1490848108902036, 'P_half': 101.40635645866499, 'pre_dampen_half': 33.71909132517384, 'gpp_af': 0.0662749342026412, 'gpp_b': 0.00012118589392553798, 'gpp_d': 545.0253444559129, 'ign_k': 0.00840038491455979, 'ign_c': 1.4091459170104739, 'trop_agb_crit': 1.0693376406863295, 'trop_k_veg': 2.6914360459288678, 'fire_amp': 1.5587346124822492}.
[I 2026-06-10 17:38:44,539] Trial 681 finished with values: [10.547053227228101, 10.547053227228101] and parameters: {'k1': 0.00026539376439360527, 'D_low': 153.74098204111448, 'k2': 0.02065142557895925, 'D_high': 42210.21267871043, 'fire_exp': 1.4690410989404576, 'P_half': 1.4551749476072258, 'pre_dampen_half': 0.14445596525544369, 'gpp_af': 27.448645214004376, 'gpp_b': 2.800940363375676e-05, 'gpp_d': 95.2715755007094, 'ign_k': 3.965503094323014, 'ign_c': 1.4091459170104739, 'trop_agb_crit': 3.5874145253515306, 'trop_k_veg': 6.172643383211297, 'fire_amp': 1.3503088148200095}.
[I 2026-06-10 17:38:46,731] Trial 682 finished with values: [-0.2901260005486336, 0.2761871762356062] and parameters: {'k1': 9.293516267059069e-05, 'D_low': 171.2446447678494, 'k2': 3.152468275632564e-05, 'D_high': 42210.21267871043, 'fire_exp': 1.14171776851287, 'P_half': 157.80309954142965, 'pre_dampen_half': 857.6556763881457, 'gpp_af': 0.0900595929114129, 'gpp_b': 0.05314875633348467, 'gpp_d': 0.7698760608299932, 'ign_k': 0.004105873950290761, 'ign_c': 22.126836566118193, 'trop_agb_crit': 1.1683326952092081, 'trop_k_veg': 0.6618107836658104, 'fire_amp': 2.6192385880432525}.
[I 2026-06-10 17:38:49,142] Trial 683 finished with values: [13.478543459085415, 13.478543459085415] and parameters: {'k1': 0.006079905434073396, 'D_low': 43.2326421037033, 'k2': 0.08661811390647982, 'D_high': 1266.9536563782303, 'fire_exp': 1.4572158037266703, 'P_half': 157.80309954142965, 'pre_dampen_half': 903.3231300044874, 'gpp_af': 0.008117091133892173, 'gpp_b': 0.00012118589392553798, 'gpp_d': 12.338826503601998, 'ign_k': 3.965503094323014, 'ign_c': 7.832259769732471, 'trop_agb_crit': 1.8023542850487386, 'trop_k_veg': 1.6648666152166967, 'fire_amp': 2.901299101737137}.
[I 2026-06-10 17:38:51,835] Trial 684 finished with values: [10.770960315153376, 10.770960315153376] and parameters: {'k1': 0.012840669372724958, 'D_low': 43.2326421037033, 'k2': 3.152468275632564e-05, 'D_high': 970.6606756877612, 'fire_exp': 1.9365919987098117, 'P_half': 157.80309954142965, 'pre_dampen_half': 9.044346216330972, 'gpp_af': 27.448645214004376, 'gpp_b': 2.800940363375676e-05, 'gpp_d': 12.151631524283598, 'ign_k': 3.965503094323014, 'ign_c': 0.10435856341129002, 'trop_agb_crit': 3.1419938725278875, 'trop_k_veg': 4.796046723963646, 'fire_amp': 1.1202509284327942}.
[I 2026-06-10 17:38:54,149] Trial 685 finished with values: [10.885300795945147, 10.885300795945147] and parameters: {'k1': 0.00031134168041628584, 'D_low': 43.2326421037033, 'k2': 3.152468275632564e-05, 'D_high': 22.636544662054543, 'fire_exp': 3.2459542834651627, 'P_half': 101.40635645866499, 'pre_dampen_half': 33.71909132517384, 'gpp_af': 0.09885838682552685, 'gpp_b': 1.4540386644083135e-05, 'gpp_d': 95.2715755007094, 'ign_k': 0.00840038491455979, 'ign_c': 0.10435856341129002, 'trop_agb_crit': 28.779217872092953, 'trop_k_veg': 0.6618107836658104, 'fire_amp': 2.6192385880432525}.
[I 2026-06-10 17:38:56,313] Trial 686 finished with values: [-0.7178619176866399, 0.19482460087910136] and parameters: {'k1': 0.016973078532467004, 'D_low': 24.28756508761176, 'k2': 0.0001016707987819611, 'D_high': 35.136541394511, 'fire_exp': 1.4690410989404576, 'P_half': 1.4551749476072258, 'pre_dampen_half': 8.259599205585761, 'gpp_af': 0.10098504976210308, 'gpp_b': 1.1008110571039521e-05, 'gpp_d': 545.0253444559129, 'ign_k': 3.965503094323014, 'ign_c': 22.126836566118193, 'trop_agb_crit': 1.5033346993841157, 'trop_k_veg': 2.724170387400844, 'fire_amp': 5.44779717154213}.
[I 2026-06-10 17:38:58,593] Trial 687 finished with values: [10.035932648682492, 10.035932648682492] and parameters: {'k1': 0.0326979063339169, 'D_low': 43.2326421037033, 'k2': 0.0001016707987819611, 'D_high': 18108.14362107968, 'fire_exp': 1.4690410989404576, 'P_half': 157.80309954142965, 'pre_dampen_half': 903.3231300044874, 'gpp_af': 0.8057329182285734, 'gpp_b': 0.6089142387470042, 'gpp_d': 29.9035514860849, 'ign_k': 0.4303356629825978, 'ign_c': 7.081721844034206, 'trop_agb_crit': 2.1989086830950257, 'trop_k_veg': 6.172643383211297, 'fire_amp': 1.1202509284327942}.
[I 2026-06-10 17:39:00,774] Trial 688 finished with values: [10.492295307123026, 10.492295307123026] and parameters: {'k1': 9.293516267059069e-05, 'D_low': 12.105387404469584, 'k2': 3.152468275632564e-05, 'D_high': 42210.21267871043, 'fire_exp': 1.14171776851287, 'P_half': 157.80309954142965, 'pre_dampen_half': 1.8469033699850426, 'gpp_af': 27.448645214004376, 'gpp_b': 0.05314875633348467, 'gpp_d': 545.0253444559129, 'ign_k': 0.0467351899956275, 'ign_c': 4.142619760188259, 'trop_agb_crit': 8.188098178380693, 'trop_k_veg': 0.6618107836658104, 'fire_amp': 2.6192385880432525}.
[I 2026-06-10 17:39:02,970] Trial 689 finished with values: [-0.31477321170870154, 0.28364514051462064] and parameters: {'k1': 0.016973078532467004, 'D_low': 12.105387404469584, 'k2': 0.0001016707987819611, 'D_high': 22.636544662054543, 'fire_exp': 1.5191397119156032, 'P_half': 69.68111190775313, 'pre_dampen_half': 33.71909132517384, 'gpp_af': 0.0662749342026412, 'gpp_b': 1.1008110571039521e-05, 'gpp_d': 28.312234265202243, 'ign_k': 0.00840038491455979, 'ign_c': 22.126836566118193, 'trop_agb_crit': 1.5033346993841157, 'trop_k_veg': 0.6673124511410327, 'fire_amp': 4.783836175730692}.
[I 2026-06-10 17:39:05,207] Trial 690 finished with values: [10.297355624109953, 10.297355624109953] and parameters: {'k1': 0.0869690639641868, 'D_low': 51.61767747867285, 'k2': 2.091507303847255e-05, 'D_high': 42210.21267871043, 'fire_exp': 1.9365919987098117, 'P_half': 118.94665366442581, 'pre_dampen_half': 9.044346216330972, 'gpp_af': 0.3939208112794227, 'gpp_b': 2.800940363375676e-05, 'gpp_d': 12.151631524283598, 'ign_k': 0.4303356629825978, 'ign_c': 0.10435856341129002, 'trop_agb_crit': 3.1419938725278875, 'trop_k_veg': 4.796046723963646, 'fire_amp': 3.617425524369146}.
[I 2026-06-10 17:39:07,407] Trial 691 finished with values: [11.795150576917372, 11.795150576917372] and parameters: {'k1': 0.0326979063339169, 'D_low': 43.2326421037033, 'k2': 0.045914852167405346, 'D_high': 42210.21267871043, 'fire_exp': 1.4690410989404576, 'P_half': 118.94665366442581, 'pre_dampen_half': 903.3231300044874, 'gpp_af': 0.3939208112794227, 'gpp_b': 2.800940363375676e-05, 'gpp_d': 545.0253444559129, 'ign_k': 0.004775640431359605, 'ign_c': 0.10435856341129002, 'trop_agb_crit': 2.1989086830950257, 'trop_k_veg': 4.796046723963646, 'fire_amp': 1.5587346124822492}.
[I 2026-06-10 17:39:09,624] Trial 692 finished with values: [10.504530740495696, 10.504530740495696] and parameters: {'k1': 0.0326979063339169, 'D_low': 43.2326421037033, 'k2': 0.0001016707987819611, 'D_high': 44974.07193749848, 'fire_exp': 1.4572158037266703, 'P_half': 3.591771421517613, 'pre_dampen_half': 155.08737608723771, 'gpp_af': 0.09885838682552685, 'gpp_b': 0.6089142387470042, 'gpp_d': 12.338826503601998, 'ign_k': 0.4303356629825978, 'ign_c': 7.081721844034206, 'trop_agb_crit': 2.1989086830950257, 'trop_k_veg': 0.5535297685306277, 'fire_amp': 3.457960730172751}.
[I 2026-06-10 17:39:12,088] Trial 693 finished with values: [16.871340787029496, 16.871340787029496] and parameters: {'k1': 0.028401063201780267, 'D_low': 43.2326421037033, 'k2': 0.0001016707987819611, 'D_high': 44974.07193749848, 'fire_exp': 1.4572158037266703, 'P_half': 101.40635645866499, 'pre_dampen_half': 155.08737608723771, 'gpp_af': 90.42322003557416, 'gpp_b': 0.00012118589392553798, 'gpp_d': 12.338826503601998, 'ign_k': 0.4303356629825978, 'ign_c': 0.32627001117104587, 'trop_agb_crit': 2.1989086830950257, 'trop_k_veg': 2.724170387400844, 'fire_amp': 5.44779717154213}.
[I 2026-06-10 17:39:14,802] Trial 694 finished with values: [10.290846974509654, 10.290846974509654] and parameters: {'k1': 0.00031134168041628584, 'D_low': 43.2326421037033, 'k2': 2.6087868551829077e-05, 'D_high': 262.11304189124235, 'fire_exp': 1.14171776851287, 'P_half': 69.68111190775313, 'pre_dampen_half': 33.71909132517384, 'gpp_af': 27.448645214004376, 'gpp_b': 1.0828092646426677e-05, 'gpp_d': 545.0253444559129, 'ign_k': 3.965503094323014, 'ign_c': 1.4091459170104739, 'trop_agb_crit': 8.188098178380693, 'trop_k_veg': 6.172643383211297, 'fire_amp': 1.5587346124822492}.
[I 2026-06-10 17:39:17,000] Trial 695 finished with values: [10.134176657324645, 10.134176657324645] and parameters: {'k1': 0.0869690639641868, 'D_low': 43.2326421037033, 'k2': 3.152468275632564e-05, 'D_high': 42210.21267871043, 'fire_exp': 1.9365919987098117, 'P_half': 157.80309954142965, 'pre_dampen_half': 28.01075698398644, 'gpp_af': 0.8057329182285734, 'gpp_b': 2.800940363375676e-05, 'gpp_d': 12.151631524283598, 'ign_k': 0.7895056976009632, 'ign_c': 0.10435856341129002, 'trop_agb_crit': 3.1419938725278875, 'trop_k_veg': 0.6618107836658104, 'fire_amp': 1.1202509284327942}.
[I 2026-06-10 17:39:19,152] Trial 696 finished with values: [10.29096402787776, 10.29096402787776] and parameters: {'k1': 0.0869690639641868, 'D_low': 43.2326421037033, 'k2': 0.0001016707987819611, 'D_high': 2058.484816788601, 'fire_exp': 1.4690410989404576, 'P_half': 1.4551749476072258, 'pre_dampen_half': 9.044346216330972, 'gpp_af': 0.8057329182285734, 'gpp_b': 0.004411400434514031, 'gpp_d': 12.151631524283598, 'ign_k': 0.4303356629825978, 'ign_c': 1.4091459170104739, 'trop_agb_crit': 8.188098178380693, 'trop_k_veg': 6.172643383211297, 'fire_amp': 1.5719333351012774}.
[I 2026-06-10 17:39:21,412] Trial 697 finished with values: [10.80451002390235, 10.80451002390235] and parameters: {'k1': 0.012840669372724958, 'D_low': 236.79352040223893, 'k2': 3.152468275632564e-05, 'D_high': 431.45617043093523, 'fire_exp': 1.0601964743503993, 'P_half': 4.213183643253957, 'pre_dampen_half': 0.23485690470339216, 'gpp_af': 0.016306190741524337, 'gpp_b': 0.0004125336560355494, 'gpp_d': 0.7698760608299932, 'ign_k': 3.965503094323014, 'ign_c': 0.10435856341129002, 'trop_agb_crit': 3.1419938725278875, 'trop_k_veg': 0.6618107836658104, 'fire_amp': 1.1202509284327942}.
[I 2026-06-10 17:39:23,688] Trial 698 finished with values: [11.512967832286607, 11.512967832286607] and parameters: {'k1': 0.028401063201780267, 'D_low': 24.28756508761176, 'k2': 0.0001016707987819611, 'D_high': 2427.054417940131, 'fire_exp': 1.14171776851287, 'P_half': 157.80309954142965, 'pre_dampen_half': 8.259599205585761, 'gpp_af': 0.10098504976210308, 'gpp_b': 0.0004125336560355494, 'gpp_d': 12.338826503601998, 'ign_k': 0.15974581244256694, 'ign_c': 0.10435856341129002, 'trop_agb_crit': 8.188098178380693, 'trop_k_veg': 2.724170387400844, 'fire_amp': 5.44779717154213}.
[I 2026-06-10 17:39:25,946] Trial 699 finished with values: [10.769638452076382, 10.769638452076382] and parameters: {'k1': 0.006079905434073396, 'D_low': 12.105387404469584, 'k2': 0.003767022142229395, 'D_high': 20.78152796466981, 'fire_exp': 1.0601964743503993, 'P_half': 2.2010656610055808, 'pre_dampen_half': 1.8469033699850426, 'gpp_af': 0.0662749342026412, 'gpp_b': 2.800940363375676e-05, 'gpp_d': 545.0253444559129, 'ign_k': 0.00840038491455979, 'ign_c': 1.3431925993528124, 'trop_agb_crit': 8.188098178380693, 'trop_k_veg': 4.0068236274914755, 'fire_amp': 1.7362652332618447}.
[I 2026-06-10 17:39:28,493] Trial 700 finished with values: [-0.45782335037588545, 0.2582710009379756] and parameters: {'k1': 0.016973078532467004, 'D_low': 43.2326421037033, 'k2': 0.0001016707987819611, 'D_high': 2427.054417940131, 'fire_exp': 1.5191397119156032, 'P_half': 8.318314747941244, 'pre_dampen_half': 8.259599205585761, 'gpp_af': 0.10098504976210308, 'gpp_b': 1.1008110571039521e-05, 'gpp_d': 545.0253444559129, 'ign_k': 0.004105873950290761, 'ign_c': 22.126836566118193, 'trop_agb_crit': 1.5033346993841157, 'trop_k_veg': 2.724170387400844, 'fire_amp': 5.44779717154213}.
[I 2026-06-10 17:39:30,733] Trial 701 finished with values: [12.153767920156465, 12.153767920156465] and parameters: {'k1': 0.006079905434073396, 'D_low': 43.2326421037033, 'k2': 0.045914852167405346, 'D_high': 1266.9536563782303, 'fire_exp': 1.0601964743503993, 'P_half': 157.80309954142965, 'pre_dampen_half': 33.71909132517384, 'gpp_af': 27.448645214004376, 'gpp_b': 0.00807491410172472, 'gpp_d': 545.0253444559129, 'ign_k': 0.00840038491455979, 'ign_c': 35.133466168692735, 'trop_agb_crit': 8.188098178380693, 'trop_k_veg': 1.6648666152166967, 'fire_amp': 4.19233232783727}.
[I 2026-06-10 17:39:32,888] Trial 702 finished with values: [10.862159615863694, 10.862159615863694] and parameters: {'k1': 0.0326979063339169, 'D_low': 1739.6167422846984, 'k2': 0.02065142557895925, 'D_high': 42210.21267871043, 'fire_exp': 7.837740398103447, 'P_half': 118.94665366442581, 'pre_dampen_half': 9.044346216330972, 'gpp_af': 0.8057329182285734, 'gpp_b': 2.800940363375676e-05, 'gpp_d': 95.2715755007094, 'ign_k': 0.4303356629825978, 'ign_c': 1.4091459170104739, 'trop_agb_crit': 2.1989086830950257, 'trop_k_veg': 4.796046723963646, 'fire_amp': 1.1202509284327942}.
