[I 2026-08-20 00:42:52,533] Trial 1280 finished with value: 0.6445374145881376 and parameters: {'k1': 0.0019224944977908507, 'D_low': 51197.41868313659, 'k2': 0.01457312626452643, 'D_high': 71001.59834183447, 'fire_exp': 9.241677987287508, 'P_half': 198.39056626177475, 'pre_dampen_half': 4.957667167568018, 'gpp_af': 6.216418134875586, 'gpp_b': 0.015612978166776039, 'gpp_d': 0.02157524123961234, 'ign_k': 0.12897544788444118, 'ign_c': 84.855738507408, 'trop_agb_crit': 4.776079896791323, 'trop_k_veg': 2.8644575856448435}. Best is trial 0 with value: -0.5989088506199346.
[I 2026-08-20 00:42:53,958] Trial 1281 finished with value: 0.4507882845369585 and parameters: {'k1': 0.0003184829725201705, 'D_low': 172.1891737117118, 'k2': 0.0380417496345676, 'D_high': 55541.571888094826, 'fire_exp': 1.771998731379861, 'P_half': 233.9941094221564, 'pre_dampen_half': 538.1473085296898, 'gpp_af': 5.374166419609365, 'gpp_b': 0.011217718180901275, 'gpp_d': 100.97065402745264, 'ign_k': 2.5179864213815657, 'ign_c': 0.2842056041774607, 'trop_agb_crit': 18.532857917213253, 'trop_k_veg': 3.491609066897737}. Best is trial 0 with value: -0.5989088506199346.
[I 2026-08-20 00:42:55,391] Trial 1282 finished with value: 0.48678083114893 and parameters: {'k1': 0.00031401897913481, 'D_low': 39.91911897715591, 'k2': 7.142105236062234e-05, 'D_high': 7261688.168256649, 'fire_exp': 3.4827363804052998, 'P_half': 56.479549884839386, 'pre_dampen_half': 0.4700187061943497, 'gpp_af': 19.85122546486018, 'gpp_b': 5.0646445226351164e-05, 'gpp_d': 906.1813349771822, 'ign_k': 2.4291263417184275, 'ign_c': 8.982820499675539, 'trop_agb_crit': 6.985924039497708, 'trop_k_veg': 1.9430769030045234}. Best is trial 0 with value: -0.5989088506199346.
[I 2026-08-20 00:42:56,845] Trial 1283 finished with value: 0.6445374145881376 and parameters: {'k1': 0.0006579913875349641, 'D_low': 6.535948073037103, 'k2': 1.5336293878407005e-05, 'D_high': 213457.12385264892, 'fire_exp': 4.992717334115367, 'P_half': 6.702550738136191, 'pre_dampen_half': 150.9822352718349, 'gpp_af': 0.6807067653375272, 'gpp_b': 0.023431807848605334, 'gpp_d': 23.03648527824666, 'ign_k': 0.9218140941927707, 'ign_c': 234.71963099312947, 'trop_agb_crit': 2.1416923563690533, 'trop_k_veg': 1.7592521788273499}. Best is trial 0 with value: -0.5989088506199346.
[I 2026-08-20 00:42:58,241] Trial 1284 finished with value: 0.5732088038560017 and parameters: {'k1': 0.0026329182648032012, 'D_low': 1.3373602939147766, 'k2': 2.9821157276279702e-05, 'D_high': 178506.9647884134, 'fire_exp': 2.1923881786395603, 'P_half': 2666.261257177444, 'pre_dampen_half': 12.230932850245308, 'gpp_af': 0.07466117986153296, 'gpp_b': 0.00015920657177794471, 'gpp_d': 599.5370381933241, 'ign_k': 1.6734000323318479, 'ign_c': 2.727154050941992, 'trop_agb_crit': 8.212133718347951, 'trop_k_veg': 2.787548258504324}. Best is trial 0 with value: -0.5989088506199346.
[I 2026-08-20 00:42:59,654] Trial 1285 finished with value: -0.6015874360929447 and parameters: {'k1': 0.0037054323900386926, 'D_low': 6.853745617065687, 'k2': 1.3372181075988805e-05, 'D_high': 3731661.3651401782, 'fire_exp': 4.309581731327256, 'P_half': 10.599899363720361, 'pre_dampen_half': 12.923650244309963, 'gpp_af': 3.2325724050898823, 'gpp_b': 0.006216402688563368, 'gpp_d': 268.39788857589247, 'ign_k': 0.38909778873563466, 'ign_c': 12.408689492311327, 'trop_agb_crit': 12.632925928921848, 'trop_k_veg': 1.0811520764692721}. Best is trial 1285 with value: -0.6015874360929447.
[I 2026-08-20 00:43:01,070] Trial 1286 finished with value: 0.5517737564365507 and parameters: {'k1': 0.00944965126163227, 'D_low': 55.238521686736156, 'k2': 6.104177465964828e-05, 'D_high': 2289166.2963843043, 'fire_exp': 4.215655055478208, 'P_half': 1.3826895440565514, 'pre_dampen_half': 52.01076300501621, 'gpp_af': 2.165910759301642, 'gpp_b': 0.0029286567757622222, 'gpp_d': 83.85829221770508, 'ign_k': 0.06615363690756688, 'ign_c': 17.6093838907812, 'trop_agb_crit': 7.067608123806761, 'trop_k_veg': 1.589022286893662}. Best is trial 1285 with value: -0.6015874360929447.
[I 2026-08-20 00:43:02,457] Trial 1287 finished with value: 0.6445374145881376 and parameters: {'k1': 0.003405806301733344, 'D_low': 13.786909380380632, 'k2': 1.5793092488306333e-05, 'D_high': 205636.1558428119, 'fire_exp': 2.7484473186779312, 'P_half': 43.11947950488195, 'pre_dampen_half': 38.41659475236492, 'gpp_af': 13.926248282986927, 'gpp_b': 0.00014352845993052872, 'gpp_d': 144.40341584129862, 'ign_k': 0.19123377306378553, 'ign_c': 70.55411004032462, 'trop_agb_crit': 5.908536311185263, 'trop_k_veg': 1.2834765993401092}. Best is trial 1285 with value: -0.6015874360929447.
[I 2026-08-20 00:43:03,879] Trial 1288 finished with value: -0.5606878805595308 and parameters: {'k1': 0.0028148146979271042, 'D_low': 79.01576953575359, 'k2': 0.001575846086303054, 'D_high': 904992.1901879179, 'fire_exp': 3.8052799129325168, 'P_half': 4.618081518548261, 'pre_dampen_half': 50.09763896460295, 'gpp_af': 2.547172451250488, 'gpp_b': 0.3269902126297261, 'gpp_d': 233.25371790441142, 'ign_k': 9.814571538719298, 'ign_c': 9.282324943968009, 'trop_agb_crit': 10.868225588317737, 'trop_k_veg': 0.8850192153713873}. Best is trial 1285 with value: -0.6015874360929447.
[I 2026-08-20 00:43:05,314] Trial 1289 finished with value: -0.5597176567173943 and parameters: {'k1': 0.011153798686597985, 'D_low': 11.15634207880664, 'k2': 9.175362804289703e-05, 'D_high': 1872107.6393020223, 'fire_exp': 5.367400578435853, 'P_half': 7.873249467918612, 'pre_dampen_half': 11.908617401587696, 'gpp_af': 0.6646556234550759, 'gpp_b': 0.022488168384940166, 'gpp_d': 407.2686277147674, 'ign_k': 0.39772601262762053, 'ign_c': 4.941228352985404, 'trop_agb_crit': 20.105421485818074, 'trop_k_veg': 0.7471257521865795}. Best is trial 1285 with value: -0.6015874360929447.
[I 2026-08-20 00:43:06,786] Trial 1290 finished with value: 0.6445374145881376 and parameters: {'k1': 0.004219445151425204, 'D_low': 4.258474901121746, 'k2': 3.139729305988123e-05, 'D_high': 2650992.839448314, 'fire_exp': 2.2158350564252873, 'P_half': 5.021166915359586, 'pre_dampen_half': 26.304545662759228, 'gpp_af': 0.7450231798921728, 'gpp_b': 6.531347200708285e-05, 'gpp_d': 3.8013119914519238, 'ign_k': 4.215046107942144, 'ign_c': 386.7534873539431, 'trop_agb_crit': 4.192051873883833, 'trop_k_veg': 1.1889843552581896}. Best is trial 1285 with value: -0.6015874360929447.
[I 2026-08-20 00:43:08,179] Trial 1291 finished with value: 0.6463648482945928 and parameters: {'k1': 1.928568426193064e-05, 'D_low': 55.6373626065529, 'k2': 0.008550645396037882, 'D_high': 394826.8594388012, 'fire_exp': 1.3155913372037213, 'P_half': 36.552704662101725, 'pre_dampen_half': 3.648873058582658, 'gpp_af': 0.11116228006691702, 'gpp_b': 1.191017412061383e-05, 'gpp_d': 4.681090927705616, 'ign_k': 1.7432946630023094, 'ign_c': 41.53856175512374, 'trop_agb_crit': 27.897869733830923, 'trop_k_veg': 1.087544210966188}. Best is trial 1285 with value: -0.6015874360929447.
[I 2026-08-20 00:43:09,612] Trial 1292 finished with value: 0.6063281664944942 and parameters: {'k1': 0.02823596481148362, 'D_low': 9069.745079238497, 'k2': 2.587469226341277e-05, 'D_high': 701365.6220399431, 'fire_exp': 5.317629950837447, 'P_half': 424.4521340287065, 'pre_dampen_half': 0.05507755148291653, 'gpp_af': 0.02844652986508828, 'gpp_b': 0.0038673569963105564, 'gpp_d': 4.035896085975785, 'ign_k': 0.013311537986665784, 'ign_c': 1.5070876046437653, 'trop_agb_crit': 13.70458279591765, 'trop_k_veg': 1.0848608699225706}. Best is trial 1285 with value: -0.6015874360929447.
[I 2026-08-20 00:43:11,032] Trial 1293 finished with value: 0.48702206798779324 and parameters: {'k1': 0.030038085711582285, 'D_low': 3.503911447817049, 'k2': 0.0007934825509534529, 'D_high': 3369795.9278724175, 'fire_exp': 3.9560794174830747, 'P_half': 6.43761641582995, 'pre_dampen_half': 0.28717367150936396, 'gpp_af': 0.027859355424083573, 'gpp_b': 4.392862924950624e-05, 'gpp_d': 23.193458511483623, 'ign_k': 1.9029430998294459, 'ign_c': 0.8129065970556509, 'trop_agb_crit': 6.657951661384198, 'trop_k_veg': 6.139979003669268}. Best is trial 1285 with value: -0.6015874360929447.
[I 2026-08-20 00:43:12,445] Trial 1294 finished with value: 0.6399173828165954 and parameters: {'k1': 0.004142494925703658, 'D_low': 3.8037299335244508, 'k2': 0.00015941757461228383, 'D_high': 587.6460240280206, 'fire_exp': 1.6471471852158373, 'P_half': 7.434872280262074, 'pre_dampen_half': 585.4727497225867, 'gpp_af': 73.32226378716635, 'gpp_b': 0.005606798732890491, 'gpp_d': 0.33792942112644747, 'ign_k': 0.0035502837710691374, 'ign_c': 0.1691657006550363, 'trop_agb_crit': 10.557568159071568, 'trop_k_veg': 5.90831122414102}. Best is trial 1285 with value: -0.6015874360929447.
[I 2026-08-20 00:43:14,171] Trial 1295 finished with value: 0.6350335730390846 and parameters: {'k1': 0.0008513640597168113, 'D_low': 177689.63655120385, 'k2': 0.0019538748381703673, 'D_high': 4807858.634431406, 'fire_exp': 1.0000538717306084, 'P_half': 926.6232005724185, 'pre_dampen_half': 0.028860688915749645, 'gpp_af': 5.708340232516881, 'gpp_b': 0.14716506192314, 'gpp_d': 0.71346760599321, 'ign_k': 0.0198999000409753, 'ign_c': 24.69696317079465, 'trop_agb_crit': 2.0055442398947774, 'trop_k_veg': 1.7899075170921754}. Best is trial 1285 with value: -0.6015874360929447.
[I 2026-08-20 00:43:15,572] Trial 1296 finished with value: 0.5917357324377196 and parameters: {'k1': 0.001196306594061038, 'D_low': 22.28098602766949, 'k2': 2.7578806627690226e-05, 'D_high': 57974.04663433966, 'fire_exp': 4.197908851317138, 'P_half': 6.656304232833834, 'pre_dampen_half': 5.396293179894019, 'gpp_af': 2.357905819486686, 'gpp_b': 0.004205328604002251, 'gpp_d': 25.911791769069097, 'ign_k': 0.19856419381284268, 'ign_c': 25.111174645062295, 'trop_agb_crit': 20.425261080010042, 'trop_k_veg': 0.7496928411470734}. Best is trial 1285 with value: -0.6015874360929447.
[I 2026-08-20 00:43:17,010] Trial 1297 finished with value: 0.4404256327899403 and parameters: {'k1': 6.0975988185966e-05, 'D_low': 3.570711611542495, 'k2': 0.001041634997591958, 'D_high': 6591731.399592366, 'fire_exp': 3.487029127629477, 'P_half': 1.7049207975893805, 'pre_dampen_half': 8.285262083988842, 'gpp_af': 9.076851723617185, 'gpp_b': 2.3213802691297005e-05, 'gpp_d': 881.2061382946363, 'ign_k': 6.666718483724766, 'ign_c': 12.127336708876781, 'trop_agb_crit': 5.093857824088017, 'trop_k_veg': 2.98042804734566}. Best is trial 1285 with value: -0.6015874360929447.
[I 2026-08-20 00:43:18,390] Trial 1298 finished with value: 0.4872772860676797 and parameters: {'k1': 2.4740597974274325e-05, 'D_low': 36.464839705981646, 'k2': 5.1870092408450205e-05, 'D_high': 9656961.434939163, 'fire_exp': 1.5997025283779365, 'P_half': 5.774640600139691, 'pre_dampen_half': 1.2861592774868467, 'gpp_af': 0.021777994274227695, 'gpp_b': 1.77214342962671e-05, 'gpp_d': 0.08229726372626658, 'ign_k': 0.061532560932939885, 'ign_c': 0.7429019589586178, 'trop_agb_crit': 3.506737894027047, 'trop_k_veg': 2.7272178872474604}. Best is trial 1285 with value: -0.6015874360929447.
[I 2026-08-20 00:43:19,781] Trial 1299 finished with value: 0.4513755233569515 and parameters: {'k1': 0.0006682583484162111, 'D_low': 1943.7158373028751, 'k2': 0.06837542124837549, 'D_high': 1322687.8833972802, 'fire_exp': 2.373683144300456, 'P_half': 3.8837020543539746, 'pre_dampen_half': 5.781778444437811, 'gpp_af': 5.059548383995204, 'gpp_b': 0.027848954947309976, 'gpp_d': 12.314121773725278, 'ign_k': 0.10682299237761284, 'ign_c': 0.10770193164713049, 'trop_agb_crit': 27.577388357082675, 'trop_k_veg': 2.4136744509805768}. Best is trial 1285 with value: -0.6015874360929447.
[I 2026-08-20 00:43:21,218] Trial 1300 finished with value: 0.6445374145881376 and parameters: {'k1': 2.3475778255356882e-05, 'D_low': 2.404139771182355, 'k2': 0.003884951924992475, 'D_high': 64.97864866662526, 'fire_exp': 1.152101328748073, 'P_half': 21.04868443907587, 'pre_dampen_half': 259.3231520097557, 'gpp_af': 0.23165884543381943, 'gpp_b': 0.05895285073483012, 'gpp_d': 0.17966653018786147, 'ign_k': 0.05201311568479031, 'ign_c': 815.4571066407516, 'trop_agb_crit': 11.572358290759253, 'trop_k_veg': 4.361258175795836}. Best is trial 1285 with value: -0.6015874360929447.
[I 2026-08-20 00:43:22,631] Trial 1301 finished with value: 0.5882695003077189 and parameters: {'k1': 0.0871479692538827, 'D_low': 6.695564260135771, 'k2': 1.6914376731554313e-05, 'D_high': 5763480.910614853, 'fire_exp': 4.053793464423441, 'P_half': 56.517569495463626, 'pre_dampen_half': 990.4160794829343, 'gpp_af': 1.7953402705897932, 'gpp_b': 0.011093013165165828, 'gpp_d': 115.4279561230068, 'ign_k': 0.2095191076692491, 'ign_c': 25.838608201935365, 'trop_agb_crit': 3.551968471848385, 'trop_k_veg': 1.6808187299936734}. Best is trial 1285 with value: -0.6015874360929447.
[I 2026-08-20 00:43:24,088] Trial 1302 finished with value: 0.6445374145881376 and parameters: {'k1': 0.0183276497372485, 'D_low': 79.28069805978038, 'k2': 2.0816514214163436e-05, 'D_high': 72656.86686937987, 'fire_exp': 6.353322703538178, 'P_half': 3.714608520575375, 'pre_dampen_half': 3.551177532210955, 'gpp_af': 16.297894477955335, 'gpp_b': 0.012623385699499867, 'gpp_d': 0.40104844671700235, 'ign_k': 7.652650896893413, 'ign_c': 42.82675904768591, 'trop_agb_crit': 4.678910038741874, 'trop_k_veg': 2.582885416447513}. Best is trial 1285 with value: -0.6015874360929447.
[I 2026-08-20 00:43:25,499] Trial 1303 finished with value: 0.5228269539977949 and parameters: {'k1': 0.03237981197856138, 'D_low': 1.6537100301285117, 'k2': 1.103826249404786e-05, 'D_high': 3899361.6540145534, 'fire_exp': 4.847384081708679, 'P_half': 4.279533573947242, 'pre_dampen_half': 165.0636947169549, 'gpp_af': 54.59240947606118, 'gpp_b': 0.013719749298862209, 'gpp_d': 15.537446253078986, 'ign_k': 0.46258169528033505, 'ign_c': 1.690619776335979, 'trop_agb_crit': 3.5217151388351198, 'trop_k_veg': 0.9266570515717846}. Best is trial 1285 with value: -0.6015874360929447.
[I 2026-08-20 00:43:27,007] Trial 1304 finished with value: 0.5620747140786404 and parameters: {'k1': 0.011204977976797573, 'D_low': 5.352129238905725, 'k2': 9.742845338704286e-05, 'D_high': 1378034.3325343227, 'fire_exp': 7.043700867705602, 'P_half': 5.125566757896087, 'pre_dampen_half': 5.316439987899807, 'gpp_af': 13.583686161029535, 'gpp_b': 0.07740822562108829, 'gpp_d': 127.77915719039999, 'ign_k': 1.9575718441181624, 'ign_c': 24.011943170789674, 'trop_agb_crit': 6.948342250930662, 'trop_k_veg': 0.6893169433096515}. Best is trial 1285 with value: -0.6015874360929447.
[I 2026-08-20 00:43:28,412] Trial 1305 finished with value: 0.6445374145881376 and parameters: {'k1': 0.004418963739435829, 'D_low': 66.51499412807173, 'k2': 2.7824957659075792e-05, 'D_high': 1511499.7771265754, 'fire_exp': 1.1155077686936294, 'P_half': 2074.3761928831964, 'pre_dampen_half': 3.464748962677579, 'gpp_af': 0.3797024899689905, 'gpp_b': 1.4844274904889673e-05, 'gpp_d': 388.516265775067, 'ign_k': 5.126113426040334, 'ign_c': 62.80526838688959, 'trop_agb_crit': 4.735075242901269, 'trop_k_veg': 6.231268934553687}. Best is trial 1285 with value: -0.6015874360929447.
[I 2026-08-20 00:43:29,824] Trial 1306 finished with value: 0.5867551737487142 and parameters: {'k1': 0.0023405538281531077, 'D_low': 2.650064047712228, 'k2': 1.9653534622639588e-05, 'D_high': 3077446.3851091675, 'fire_exp': 4.988629478286586, 'P_half': 8.514221036952941, 'pre_dampen_half': 0.3610425012145307, 'gpp_af': 2.401589422529388, 'gpp_b': 0.001232909984846052, 'gpp_d': 119.269292167564, 'ign_k': 0.020111652956406954, 'ign_c': 62.792583424524274, 'trop_agb_crit': 11.631548422320273, 'trop_k_veg': 1.0282180842330535}. Best is trial 1285 with value: -0.6015874360929447.
[I 2026-08-20 00:43:31,243] Trial 1307 finished with value: -0.5885419858437404 and parameters: {'k1': 0.030822810226598274, 'D_low': 643.8922285041413, 'k2': 0.0003741134932250171, 'D_high': 9233247.529170742, 'fire_exp': 2.2005912439224358, 'P_half': 194.20430658263865, 'pre_dampen_half': 15.435097746153437, 'gpp_af': 1.717558407329015, 'gpp_b': 0.048078672896943606, 'gpp_d': 841.3799781830011, 'ign_k': 1.155889125993847, 'ign_c': 9.419701816154104, 'trop_agb_crit': 20.20358145614954, 'trop_k_veg': 1.8129948422849904}. Best is trial 1285 with value: -0.6015874360929447.
[I 2026-08-20 00:43:32,665] Trial 1308 finished with value: 0.5360190032402754 and parameters: {'k1': 0.018050255765326744, 'D_low': 1236.9671985027358, 'k2': 5.4813803384135996e-05, 'D_high': 5312760.66936737, 'fire_exp': 2.541986480585352, 'P_half': 493.4840083117041, 'pre_dampen_half': 3.7458713433541666, 'gpp_af': 3.7963313838211445, 'gpp_b': 0.08533551421471523, 'gpp_d': 79.12866984078877, 'ign_k': 4.285716580249693, 'ign_c': 5.501747572090808, 'trop_agb_crit': 21.281186338768617, 'trop_k_veg': 0.8138505742872797}. Best is trial 1285 with value: -0.6015874360929447.
[I 2026-08-20 00:43:34,097] Trial 1309 finished with value: 0.44099051089654273 and parameters: {'k1': 0.040131551170265914, 'D_low': 2238.474850059257, 'k2': 0.0006446047548208409, 'D_high': 9728924.344543718, 'fire_exp': 1.3426331164382308, 'P_half': 232.55518547598865, 'pre_dampen_half': 295.66294839346045, 'gpp_af': 1.8979455679682176, 'gpp_b': 0.1977463294095206, 'gpp_d': 262.34557339393353, 'ign_k': 3.049992855682296, 'ign_c': 4.0874990632856205, 'trop_agb_crit': 18.04643784838402, 'trop_k_veg': 3.151471787766124}. Best is trial 1285 with value: -0.6015874360929447.
[I 2026-08-20 00:43:35,860] Trial 1310 finished with value: 0.648605221512218 and parameters: {'k1': 0.03131015353042857, 'D_low': 62.97324312604345, 'k2': 0.0005573997066738444, 'D_high': 2389502.895214734, 'fire_exp': 1.6780762497443962, 'P_half': 37.02551922339887, 'pre_dampen_half': 4.276929097522854, 'gpp_af': 0.5601539087289044, 'gpp_b': 0.011727576775192306, 'gpp_d': 104.69119383378283, 'ign_k': 2.156010306243029, 'ign_c': 32.12031851328274, 'trop_agb_crit': 17.066769512377896, 'trop_k_veg': 2.6845131324627323}. Best is trial 1285 with value: -0.6015874360929447.
[I 2026-08-20 00:43:37,356] Trial 1311 finished with value: 0.4567668900298216 and parameters: {'k1': 0.03720813068413198, 'D_low': 647.5760689101039, 'k2': 0.0006201022699141165, 'D_high': 6167316.403057492, 'fire_exp': 3.3311235729491706, 'P_half': 204.87751241137553, 'pre_dampen_half': 15.108108119667483, 'gpp_af': 3.8876378604365986, 'gpp_b': 0.009046449351978176, 'gpp_d': 35.456774364467044, 'ign_k': 1.25403140153236, 'ign_c': 7.465070561799605, 'trop_agb_crit': 25.416269024818433, 'trop_k_veg': 2.0819965438563046}. Best is trial 1285 with value: -0.6015874360929447.
[I 2026-08-20 00:43:38,826] Trial 1312 finished with value: 0.605947328497973 and parameters: {'k1': 0.002273769649381684, 'D_low': 10689.524609956372, 'k2': 1.422573067388091e-05, 'D_high': 30206.254669543756, 'fire_exp': 4.8525397599867635, 'P_half': 1953.668567893005, 'pre_dampen_half': 132.33412365742623, 'gpp_af': 2.1167978655443016, 'gpp_b': 0.002368952587202553, 'gpp_d': 852.9808497392027, 'ign_k': 3.765279663165108, 'ign_c': 8.4862849459813, 'trop_agb_crit': 2.726290780489023, 'trop_k_veg': 2.5623272130088113}. Best is trial 1285 with value: -0.6015874360929447.
[I 2026-08-20 00:43:40,325] Trial 1313 finished with value: 0.47429821150986196 and parameters: {'k1': 0.011044003073578295, 'D_low': 5421.055621290074, 'k2': 4.7768593723871066e-05, 'D_high': 2422595.001489936, 'fire_exp': 2.1185854816139766, 'P_half': 7.296081797175428, 'pre_dampen_half': 53.183235492735, 'gpp_af': 0.34175349764367624, 'gpp_b': 0.0002895658266854972, 'gpp_d': 198.73834354698246, 'ign_k': 2.675491985156588, 'ign_c': 2.169699534073528, 'trop_agb_crit': 20.25733039963733, 'trop_k_veg': 3.59800911341163}. Best is trial 1285 with value: -0.6015874360929447.
[I 2026-08-20 00:43:41,741] Trial 1314 finished with value: 0.4848134983416159 and parameters: {'k1': 0.0008539316244659912, 'D_low': 2103.4156930919094, 'k2': 0.00039035651367131535, 'D_high': 1340536.005250669, 'fire_exp': 4.02933073328134, 'P_half': 4.31133135437469, 'pre_dampen_half': 1.6332671564253778, 'gpp_af': 0.03940063402780274, 'gpp_b': 0.001188491321417819, 'gpp_d': 4.12515691963457, 'ign_k': 1.0394052408183017, 'ign_c': 0.8163416676825851, 'trop_agb_crit': 21.12811763234854, 'trop_k_veg': 6.102229008732073}. Best is trial 1285 with value: -0.6015874360929447.
[I 2026-08-20 00:43:43,177] Trial 1315 finished with value: 0.5722180247085171 and parameters: {'k1': 0.010446659098515393, 'D_low': 78.89906887915647, 'k2': 0.0010168898341725763, 'D_high': 540434.8627109828, 'fire_exp': 2.7485356618973245, 'P_half': 602.9521831722943, 'pre_dampen_half': 14.641289213771516, 'gpp_af': 0.2034319313415285, 'gpp_b': 0.10063219713127311, 'gpp_d': 489.4232507872872, 'ign_k': 1.2342221306065628, 'ign_c': 16.493470197296002, 'trop_agb_crit': 28.349300534451054, 'trop_k_veg': 1.3787688892433771}. Best is trial 1285 with value: -0.6015874360929447.
[I 2026-08-20 00:43:44,610] Trial 1316 finished with value: 0.6445374145881376 and parameters: {'k1': 0.0023530355918067727, 'D_low': 2.493761334795388, 'k2': 9.666736706910394e-05, 'D_high': 200536.3774038272, 'fire_exp': 9.350240882159738, 'P_half': 4.594405444298889, 'pre_dampen_half': 266.81353933726183, 'gpp_af': 11.550483132748614, 'gpp_b': 0.0033228351783557144, 'gpp_d': 216.62474492375105, 'ign_k': 0.053200993037807426, 'ign_c': 103.01843315579532, 'trop_agb_crit': 15.06739807709723, 'trop_k_veg': 1.0047378175608552}. Best is trial 1285 with value: -0.6015874360929447.
