[I 2026-08-06 03:07:00,569] Trial 1367 finished with values: [10.586701828635238, 10.586701828635238] and parameters: {'k1': 0.04897760278488444, 'D_low': 2.458603276328005, 'k2': 0.0007081721844034209, 'D_high': 2088.984173542034, 'fire_exp': 1.0881360604103363, 'P_half': 147.09699119495133, 'pre_dampen_half': 107.40052367919465, 'gpp_af': 0.010590622233713298, 'gpp_b': 0.024796579879439486, 'gpp_d': 26.07917317941345, 'ign_k': 0.5080094006294851, 'ign_c': 6.160975294741436}.
[I 2026-08-06 03:07:02,040] Trial 1368 finished with values: [-0.4652624302479694, 0.08791146220112389] and parameters: {'k1': 0.00324789183891923, 'D_low': 29.89885508829526, 'k2': 0.0011220458274837075, 'D_high': 9769.756791866093, 'fire_exp': 1.0881360604103363, 'P_half': 215.55950571043874, 'pre_dampen_half': 805.2502904451399, 'gpp_af': 0.6418343258142463, 'gpp_b': 0.03308649623479659, 'gpp_d': 26.07917317941345, 'ign_k': 0.6454459531371669, 'ign_c': 10.140635645866492}.
[I 2026-08-06 03:07:03,514] Trial 1369 finished with values: [10.065005703500507, 10.065005703500507] and parameters: {'k1': 0.00324789183891923, 'D_low': 29.89885508829526, 'k2': 0.0007081721844034209, 'D_high': 2969.087094484682, 'fire_exp': 1.0881360604103363, 'P_half': 215.55950571043874, 'pre_dampen_half': 76.86605275420082, 'gpp_af': 0.8942824595236101, 'gpp_b': 0.011750724729953272, 'gpp_d': 4.5768578731086835, 'ign_k': 0.9614686563869651, 'ign_c': 7.916322947490362}.
[I 2026-08-06 03:07:04,967] Trial 1370 finished with values: [10.562288770318062, 10.562288770318062] and parameters: {'k1': 0.00324789183891923, 'D_low': 29.89885508829526, 'k2': 0.0022957398214549472, 'D_high': 2969.087094484682, 'fire_exp': 1.518582349269638, 'P_half': 1681.1809836782468, 'pre_dampen_half': 304.7488318185732, 'gpp_af': 0.6418343258142463, 'gpp_b': 0.011750724729953272, 'gpp_d': 26.07917317941345, 'ign_k': 0.6454459531371669, 'ign_c': 6.160975294741436}.
[I 2026-08-06 03:07:06,381] Trial 1371 finished with values: [10.663099702592971, 10.663099702592971] and parameters: {'k1': 0.00324789183891923, 'D_low': 4.075267974954964, 'k2': 0.0022957398214549472, 'D_high': 2969.087094484682, 'fire_exp': 1.0881360604103363, 'P_half': 215.55950571043874, 'pre_dampen_half': 1.977877490681658, 'gpp_af': 1.3725472882585024, 'gpp_b': 0.08040151168202724, 'gpp_d': 4.5768578731086835, 'ign_k': 8.315365004960604, 'ign_c': 10.140635645866492}.
[I 2026-08-06 03:07:07,757] Trial 1372 finished with values: [10.159548285344192, 10.159548285344192] and parameters: {'k1': 0.016594187721123744, 'D_low': 4.075267974954964, 'k2': 0.0022957398214549472, 'D_high': 2969.087094484682, 'fire_exp': 1.127084760238533, 'P_half': 215.55950571043874, 'pre_dampen_half': 304.7488318185732, 'gpp_af': 5.620854611217178, 'gpp_b': 0.008226792720717493, 'gpp_d': 29.83701993880331, 'ign_k': 0.6454459531371669, 'ign_c': 0.1457050032975653}.
[I 2026-08-06 03:07:09,198] Trial 1373 finished with values: [-0.48432362795942535, 0.04344180501065009] and parameters: {'k1': 0.00324789183891923, 'D_low': 4.075267974954964, 'k2': 0.0022957398214549472, 'D_high': 2969.087094484682, 'fire_exp': 1.0881360604103363, 'P_half': 215.55950571043874, 'pre_dampen_half': 304.7488318185732, 'gpp_af': 0.6418343258142463, 'gpp_b': 0.024796579879439486, 'gpp_d': 29.83701993880331, 'ign_k': 0.6454459531371669, 'ign_c': 10.140635645866492}.
[I 2026-08-06 03:07:10,621] Trial 1374 finished with values: [-0.5075566513024186, 0.23486148548656693] and parameters: {'k1': 0.00324789183891923, 'D_low': 2.458603276328005, 'k2': 0.013967310812223448, 'D_high': 2969.087094484682, 'fire_exp': 1.0881360604103363, 'P_half': 215.55950571043874, 'pre_dampen_half': 805.2502904451399, 'gpp_af': 5.620854611217178, 'gpp_b': 0.00031478066835753096, 'gpp_d': 4.5768578731086835, 'ign_k': 0.6454459531371669, 'ign_c': 0.1457050032975653}.
[I 2026-08-06 03:07:12,029] Trial 1375 finished with values: [10.184750756113708, 10.184750756113708] and parameters: {'k1': 0.00324789183891923, 'D_low': 1.3628699025451325, 'k2': 0.012758211164590085, 'D_high': 2969.087094484682, 'fire_exp': 1.0881360604103363, 'P_half': 215.55950571043874, 'pre_dampen_half': 805.2502904451399, 'gpp_af': 4.5092553051828705, 'gpp_b': 0.00031478066835753096, 'gpp_d': 29.83701993880331, 'ign_k': 0.6454459531371669, 'ign_c': 10.140635645866492}.
[I 2026-08-06 03:07:13,433] Trial 1376 finished with values: [-0.5048164833468677, 0.1271241272860194] and parameters: {'k1': 0.00324789183891923, 'D_low': 1.2299210465793122, 'k2': 0.03210808548911189, 'D_high': 2969.087094484682, 'fire_exp': 1.0881360604103363, 'P_half': 215.55950571043874, 'pre_dampen_half': 107.40052367919465, 'gpp_af': 5.620854611217178, 'gpp_b': 0.008226792720717493, 'gpp_d': 29.83701993880331, 'ign_k': 0.6454459531371669, 'ign_c': 10.140635645866492}.
[I 2026-08-06 03:07:14,893] Trial 1377 finished with values: [-0.4800742089385027, 0.3186908578558225] and parameters: {'k1': 0.00324789183891923, 'D_low': 29.89885508829526, 'k2': 6.389327191882587e-05, 'D_high': 2969.087094484682, 'fire_exp': 1.518582349269638, 'P_half': 10.826381820576978, 'pre_dampen_half': 724.4804125761929, 'gpp_af': 5.620854611217178, 'gpp_b': 0.011750724729953272, 'gpp_d': 29.83701993880331, 'ign_k': 0.6454459531371669, 'ign_c': 10.140635645866492}.
[I 2026-08-06 03:07:16,971] Trial 1378 finished with values: [10.911961830319845, 10.911961830319845] and parameters: {'k1': 0.00324789183891923, 'D_low': 2.458603276328005, 'k2': 0.0018200694976756812, 'D_high': 2969.087094484682, 'fire_exp': 1.0881360604103363, 'P_half': 12.808863354047988, 'pre_dampen_half': 805.2502904451399, 'gpp_af': 5.620854611217178, 'gpp_b': 2.199522084499044e-05, 'gpp_d': 29.749683811098393, 'ign_k': 0.6454459531371669, 'ign_c': 0.4558536260712558}.
[I 2026-08-06 03:07:18,357] Trial 1379 finished with values: [10.53780543748137, 10.53780543748137] and parameters: {'k1': 0.00324789183891923, 'D_low': 29.89885508829526, 'k2': 0.002935672965826306, 'D_high': 209.34387533543727, 'fire_exp': 1.0881360604103363, 'P_half': 1.0897490003652053, 'pre_dampen_half': 805.2502904451399, 'gpp_af': 1.3725472882585024, 'gpp_b': 0.3471434970420557, 'gpp_d': 4.5768578731086835, 'ign_k': 0.6454459531371669, 'ign_c': 6.160975294741436}.
[I 2026-08-06 03:07:19,764] Trial 1380 finished with values: [10.559509929719507, 10.559509929719507] and parameters: {'k1': 0.00324789183891923, 'D_low': 29.89885508829526, 'k2': 0.0022957398214549472, 'D_high': 2969.087094484682, 'fire_exp': 3.306631963306035, 'P_half': 10.226988730324324, 'pre_dampen_half': 76.86605275420082, 'gpp_af': 0.0048478428004036025, 'gpp_b': 0.00031478066835753096, 'gpp_d': 34.37107943937136, 'ign_k': 0.6454459531371669, 'ign_c': 8.671454322584175}.
[I 2026-08-06 03:07:21,250] Trial 1381 finished with values: [10.173510552281694, 10.173510552281694] and parameters: {'k1': 6.59971370969243e-05, 'D_low': 4.075267974954964, 'k2': 0.03245789213111113, 'D_high': 2088.984173542034, 'fire_exp': 1.0881360604103363, 'P_half': 215.55950571043874, 'pre_dampen_half': 304.7488318185732, 'gpp_af': 0.6418343258142463, 'gpp_b': 0.024796579879439486, 'gpp_d': 2.893272120738162, 'ign_k': 0.6454459531371669, 'ign_c': 0.1457050032975653}.
[I 2026-08-06 03:07:22,679] Trial 1382 finished with values: [-0.48963898719459487, 0.08749772468305972] and parameters: {'k1': 0.00324789183891923, 'D_low': 29.89885508829526, 'k2': 0.032985830257901916, 'D_high': 2969.087094484682, 'fire_exp': 1.0881360604103363, 'P_half': 215.55950571043874, 'pre_dampen_half': 225.3679349322475, 'gpp_af': 1.3725472882585024, 'gpp_b': 0.011750724729953272, 'gpp_d': 29.83701993880331, 'ign_k': 0.6454459531371669, 'ign_c': 2.4511692798424947}.
[I 2026-08-06 03:07:24,083] Trial 1383 finished with values: [10.043824133121415, 10.043824133121415] and parameters: {'k1': 0.00324789183891923, 'D_low': 2.458603276328005, 'k2': 0.002935672965826306, 'D_high': 2969.087094484682, 'fire_exp': 1.0881360604103363, 'P_half': 147.09699119495133, 'pre_dampen_half': 107.40052367919465, 'gpp_af': 1.3725472882585024, 'gpp_b': 0.00044548820847973626, 'gpp_d': 34.37107943937136, 'ign_k': 0.6454459531371669, 'ign_c': 6.160975294741436}.
[I 2026-08-06 03:07:25,516] Trial 1384 finished with values: [-0.4950389087695948, 0.18507070665563674] and parameters: {'k1': 0.00324789183891923, 'D_low': 4.075267974954964, 'k2': 0.0022957398214549472, 'D_high': 2969.087094484682, 'fire_exp': 1.0881360604103363, 'P_half': 215.55950571043874, 'pre_dampen_half': 304.7488318185732, 'gpp_af': 0.6418343258142463, 'gpp_b': 0.00027088020428497265, 'gpp_d': 1.8038346327156136, 'ign_k': 8.708806168038564, 'ign_c': 6.160975294741436}.
[I 2026-08-06 03:07:26,939] Trial 1385 finished with values: [10.755432069222921, 10.755432069222921] and parameters: {'k1': 0.00324789183891923, 'D_low': 1224.75692929812, 'k2': 0.002935672965826306, 'D_high': 2969.087094484682, 'fire_exp': 1.0881360604103363, 'P_half': 215.55950571043874, 'pre_dampen_half': 805.2502904451399, 'gpp_af': 0.0013672159181644784, 'gpp_b': 0.011750724729953272, 'gpp_d': 29.749683811098393, 'ign_k': 0.6454459531371669, 'ign_c': 10.140635645866492}.
[I 2026-08-06 03:07:28,383] Trial 1386 finished with values: [-0.4698998608519197, 0.04247392515497195] and parameters: {'k1': 0.00324789183891923, 'D_low': 29.89885508829526, 'k2': 0.002935672965826306, 'D_high': 9769.756791866093, 'fire_exp': 1.0881360604103363, 'P_half': 215.55950571043874, 'pre_dampen_half': 805.2502904451399, 'gpp_af': 0.18148402127631746, 'gpp_b': 0.03308649623479659, 'gpp_d': 29.749683811098393, 'ign_k': 0.6454459531371669, 'ign_c': 9.34330265731847}.
[I 2026-08-06 03:07:29,805] Trial 1387 finished with values: [10.16244927314111, 10.16244927314111] and parameters: {'k1': 0.00324789183891923, 'D_low': 29.89885508829526, 'k2': 0.0022957398214549472, 'D_high': 2969.087094484682, 'fire_exp': 1.0881360604103363, 'P_half': 215.55950571043874, 'pre_dampen_half': 107.40052367919465, 'gpp_af': 10.30900022204182, 'gpp_b': 0.005612047270186369, 'gpp_d': 26.07917317941345, 'ign_k': 0.0018231330540095124, 'ign_c': 10.140635645866492}.
[I 2026-08-06 03:07:31,286] Trial 1388 finished with values: [-0.4997364151718938, 0.1642737856673281] and parameters: {'k1': 0.00324789183891923, 'D_low': 174.83983085324363, 'k2': 0.002935672965826306, 'D_high': 2969.087094484682, 'fire_exp': 1.0881360604103363, 'P_half': 147.09699119495133, 'pre_dampen_half': 48.08505037156744, 'gpp_af': 0.8942824595236101, 'gpp_b': 0.00044548820847973626, 'gpp_d': 10.409702860563906, 'ign_k': 3.529389593576794, 'ign_c': 10.140635645866492}.
[I 2026-08-06 03:07:32,684] Trial 1389 finished with values: [-0.5178660992365363, 0.22756053515071928] and parameters: {'k1': 0.00324789183891923, 'D_low': 29.89885508829526, 'k2': 0.0018200694976756812, 'D_high': 2969.087094484682, 'fire_exp': 1.0881360604103363, 'P_half': 215.55950571043874, 'pre_dampen_half': 107.40052367919465, 'gpp_af': 5.620854611217178, 'gpp_b': 1.1008110571039521e-05, 'gpp_d': 29.83701993880331, 'ign_k': 0.6454459531371669, 'ign_c': 10.140635645866492}.
[I 2026-08-06 03:07:34,067] Trial 1390 finished with values: [-0.5131611949781746, 0.14763636713980755] and parameters: {'k1': 0.0035051730090894812, 'D_low': 2.458603276328005, 'k2': 0.0022957398214549472, 'D_high': 2969.087094484682, 'fire_exp': 1.518582349269638, 'P_half': 215.55950571043874, 'pre_dampen_half': 724.4804125761929, 'gpp_af': 5.620854611217178, 'gpp_b': 0.00031478066835753096, 'gpp_d': 4.5768578731086835, 'ign_k': 0.6454459531371669, 'ign_c': 9.34330265731847}.
[I 2026-08-06 03:07:35,472] Trial 1391 finished with values: [10.11258111400278, 10.11258111400278] and parameters: {'k1': 0.00324789183891923, 'D_low': 2.458603276328005, 'k2': 0.03210808548911189, 'D_high': 2969.087094484682, 'fire_exp': 1.0881360604103363, 'P_half': 215.55950571043874, 'pre_dampen_half': 107.40052367919465, 'gpp_af': 5.620854611217178, 'gpp_b': 0.008226792720717493, 'gpp_d': 1.826381177000974, 'ign_k': 0.6454459531371669, 'ign_c': 10.140635645866492}.
[I 2026-08-06 03:07:36,958] Trial 1392 finished with values: [-0.49411627320594836, 0.058518011039228046] and parameters: {'k1': 0.00324789183891923, 'D_low': 1.2299210465793122, 'k2': 0.03210808548911189, 'D_high': 2969.087094484682, 'fire_exp': 1.0881360604103363, 'P_half': 215.55950571043874, 'pre_dampen_half': 107.40052367919465, 'gpp_af': 0.8942824595236101, 'gpp_b': 0.011750724729953272, 'gpp_d': 29.83701993880331, 'ign_k': 0.6454459531371669, 'ign_c': 7.916322947490362}.
[I 2026-08-06 03:07:39,050] Trial 1393 finished with values: [10.102368563580898, 10.102368563580898] and parameters: {'k1': 0.04897760278488444, 'D_low': 29.89885508829526, 'k2': 0.0022957398214549472, 'D_high': 2969.087094484682, 'fire_exp': 1.0881360604103363, 'P_half': 147.09699119495133, 'pre_dampen_half': 107.40052367919465, 'gpp_af': 5.620854611217178, 'gpp_b': 0.00031478066835753096, 'gpp_d': 29.83701993880331, 'ign_k': 0.5080094006294851, 'ign_c': 10.140635645866492}.
[I 2026-08-06 03:07:40,491] Trial 1394 finished with values: [10.475842828344616, 10.475842828344616] and parameters: {'k1': 0.00324789183891923, 'D_low': 29.89885508829526, 'k2': 0.0022957398214549472, 'D_high': 2969.087094484682, 'fire_exp': 2.9102572298675855, 'P_half': 215.55950571043874, 'pre_dampen_half': 107.40052367919465, 'gpp_af': 5.713147414232527, 'gpp_b': 0.00031478066835753096, 'gpp_d': 29.83701993880331, 'ign_k': 0.6454459531371669, 'ign_c': 10.140635645866492}.
[I 2026-08-06 03:07:41,948] Trial 1395 finished with values: [-0.5006272901738864, 0.21220058492258853] and parameters: {'k1': 0.00324789183891923, 'D_low': 29.89885508829526, 'k2': 0.0022957398214549472, 'D_high': 2969.087094484682, 'fire_exp': 1.0881360604103363, 'P_half': 44.718513991627965, 'pre_dampen_half': 76.86605275420082, 'gpp_af': 35.16422330469638, 'gpp_b': 0.03308649623479659, 'gpp_d': 29.749683811098393, 'ign_k': 0.6454459531371669, 'ign_c': 7.916322947490362}.
[I 2026-08-06 03:07:43,390] Trial 1396 finished with values: [-0.49809850668062083, 0.08785074742159282] and parameters: {'k1': 0.00324789183891923, 'D_low': 29.89885508829526, 'k2': 0.0022957398214549472, 'D_high': 2969.087094484682, 'fire_exp': 1.0881360604103363, 'P_half': 142.82597314566826, 'pre_dampen_half': 76.86605275420082, 'gpp_af': 1.3725472882585024, 'gpp_b': 0.008226792720717493, 'gpp_d': 29.83701993880331, 'ign_k': 0.6454459531371669, 'ign_c': 9.800540600083304}.
[I 2026-08-06 03:07:44,813] Trial 1397 finished with values: [-0.49280697203789786, 0.32551827779175524] and parameters: {'k1': 0.00324789183891923, 'D_low': 29.89885508829526, 'k2': 0.002935672965826306, 'D_high': 6455.595882939566, 'fire_exp': 1.0881360604103363, 'P_half': 215.55950571043874, 'pre_dampen_half': 107.40052367919465, 'gpp_af': 10.30900022204182, 'gpp_b': 0.005612047270186369, 'gpp_d': 4.5768578731086835, 'ign_k': 0.6454459531371669, 'ign_c': 0.2641768757953155}.
[I 2026-08-06 03:07:46,231] Trial 1398 finished with values: [-0.4875495532447706, 0.13767678250843707] and parameters: {'k1': 0.00324789183891923, 'D_low': 1.2299210465793122, 'k2': 0.03210808548911189, 'D_high': 2969.087094484682, 'fire_exp': 1.0881360604103363, 'P_half': 215.55950571043874, 'pre_dampen_half': 805.2502904451399, 'gpp_af': 5.620854611217178, 'gpp_b': 0.011750724729953272, 'gpp_d': 29.749683811098393, 'ign_k': 0.6454459531371669, 'ign_c': 9.34330265731847}.
[I 2026-08-06 03:07:47,675] Trial 1399 finished with values: [10.52716927196759, 10.52716927196759] and parameters: {'k1': 0.00324789183891923, 'D_low': 29.89885508829526, 'k2': 0.0007081721844034209, 'D_high': 7744.80118512745, 'fire_exp': 1.0881360604103363, 'P_half': 215.55950571043874, 'pre_dampen_half': 76.86605275420082, 'gpp_af': 1.9226512897582446, 'gpp_b': 2.199522084499044e-05, 'gpp_d': 34.37107943937136, 'ign_k': 0.6454459531371669, 'ign_c': 8.671454322584175}.
[I 2026-08-06 03:07:49,102] Trial 1400 finished with values: [10.76012672091573, 10.76012672091573] and parameters: {'k1': 0.00324789183891923, 'D_low': 1942.730875500185, 'k2': 0.0022957398214549472, 'D_high': 2969.087094484682, 'fire_exp': 1.0881360604103363, 'P_half': 215.55950571043874, 'pre_dampen_half': 0.798178522480916, 'gpp_af': 0.6418343258142463, 'gpp_b': 0.024796579879439486, 'gpp_d': 29.83701993880331, 'ign_k': 0.6454459531371669, 'ign_c': 10.140635645866492}.
[I 2026-08-06 03:07:50,514] Trial 1401 finished with values: [-0.5126499937321043, 0.19447171804090624] and parameters: {'k1': 0.00324789183891923, 'D_low': 1.2299210465793122, 'k2': 0.03210808548911189, 'D_high': 2969.087094484682, 'fire_exp': 1.0881360604103363, 'P_half': 215.55950571043874, 'pre_dampen_half': 107.40052367919465, 'gpp_af': 5.713147414232527, 'gpp_b': 0.00031478066835753096, 'gpp_d': 4.5768578731086835, 'ign_k': 0.9614686563869651, 'ign_c': 7.916322947490362}.
[I 2026-08-06 03:07:51,993] Trial 1402 finished with values: [10.720085835078072, 10.720085835078072] and parameters: {'k1': 0.00324789183891923, 'D_low': 29.89885508829526, 'k2': 0.01266039931354181, 'D_high': 72095.24393416548, 'fire_exp': 1.0881360604103363, 'P_half': 215.55950571043874, 'pre_dampen_half': 805.2502904451399, 'gpp_af': 0.18148402127631746, 'gpp_b': 0.0009153552948098625, 'gpp_d': 4.5768578731086835, 'ign_k': 0.6454459531371669, 'ign_c': 10.140635645866492}.
[I 2026-08-06 03:07:53,550] Trial 1403 finished with values: [-0.49193272542618177, 0.14740198484508626] and parameters: {'k1': 0.00324789183891923, 'D_low': 29.89885508829526, 'k2': 0.0007081721844034209, 'D_high': 2969.087094484682, 'fire_exp': 1.0881360604103363, 'P_half': 6.532295709354627, 'pre_dampen_half': 76.86605275420082, 'gpp_af': 1.3725472882585024, 'gpp_b': 0.008226792720717493, 'gpp_d': 29.83701993880331, 'ign_k': 0.6454459531371669, 'ign_c': 6.160975294741436}.
[I 2026-08-06 03:07:55,072] Trial 1404 finished with values: [10.125678099604228, 10.125678099604228] and parameters: {'k1': 0.00324789183891923, 'D_low': 2.458603276328005, 'k2': 0.0022957398214549472, 'D_high': 9769.756791866093, 'fire_exp': 1.0881360604103363, 'P_half': 29.632139204027364, 'pre_dampen_half': 304.7488318185732, 'gpp_af': 0.010590622233713298, 'gpp_b': 0.008226792720717493, 'gpp_d': 26.07917317941345, 'ign_k': 0.6454459531371669, 'ign_c': 7.916322947490362}.
[I 2026-08-06 03:07:56,497] Trial 1405 finished with values: [10.164434135564406, 10.164434135564406] and parameters: {'k1': 0.00324789183891923, 'D_low': 1.2299210465793122, 'k2': 0.03210808548911189, 'D_high': 2969.087094484682, 'fire_exp': 1.0881360604103363, 'P_half': 215.55950571043874, 'pre_dampen_half': 107.40052367919465, 'gpp_af': 0.18148402127631746, 'gpp_b': 0.011750724729953272, 'gpp_d': 29.83701993880331, 'ign_k': 0.12397054908843057, 'ign_c': 10.140635645866492}.
[I 2026-08-06 03:07:57,946] Trial 1406 finished with values: [-0.4815973042915667, 0.0425634842351571] and parameters: {'k1': 0.00324789183891923, 'D_low': 29.89885508829526, 'k2': 0.00014078352411766088, 'D_high': 9769.756791866093, 'fire_exp': 1.0881360604103363, 'P_half': 3.364457865463594, 'pre_dampen_half': 92.10264346077673, 'gpp_af': 0.18148402127631746, 'gpp_b': 0.029211926233813405, 'gpp_d': 29.83701993880331, 'ign_k': 0.6454459531371669, 'ign_c': 6.160975294741436}.
[I 2026-08-06 03:08:00,064] Trial 1407 finished with values: [10.730372805269155, 10.730372805269155] and parameters: {'k1': 0.00324789183891923, 'D_low': 6.1642743507854245, 'k2': 0.0022957398214549472, 'D_high': 10316.033434719713, 'fire_exp': 1.0881360604103363, 'P_half': 215.55950571043874, 'pre_dampen_half': 107.40052367919465, 'gpp_af': 0.47739011308437823, 'gpp_b': 0.00013080022982604522, 'gpp_d': 14.890596236621091, 'ign_k': 0.1384332853353327, 'ign_c': 0.1457050032975653}.
[I 2026-08-06 03:08:01,526] Trial 1408 finished with values: [10.025139804808228, 10.025139804808228] and parameters: {'k1': 0.00324789183891923, 'D_low': 2.5449737887285035, 'k2': 0.0022957398214549472, 'D_high': 2969.087094484682, 'fire_exp': 1.0881360604103363, 'P_half': 215.55950571043874, 'pre_dampen_half': 76.86605275420082, 'gpp_af': 5.620854611217178, 'gpp_b': 0.011750724729953272, 'gpp_d': 4.5768578731086835, 'ign_k': 4.006890332238651, 'ign_c': 10.140635645866492}.
[I 2026-08-06 03:08:02,913] Trial 1409 finished with values: [10.117114147945427, 10.117114147945427] and parameters: {'k1': 0.00324789183891923, 'D_low': 4.075267974954964, 'k2': 0.0022957398214549472, 'D_high': 2969.087094484682, 'fire_exp': 1.0881360604103363, 'P_half': 215.55950571043874, 'pre_dampen_half': 97.62719199426238, 'gpp_af': 0.09546679952518865, 'gpp_b': 0.008226792720717493, 'gpp_d': 29.83701993880331, 'ign_k': 0.6454459531371669, 'ign_c': 10.140635645866492}.
[I 2026-08-06 03:08:04,397] Trial 1410 finished with values: [-0.513036554110049, 0.19358415056942724] and parameters: {'k1': 0.00324789183891923, 'D_low': 4.603606140283045, 'k2': 0.012758211164590085, 'D_high': 2969.087094484682, 'fire_exp': 1.0881360604103363, 'P_half': 215.55950571043874, 'pre_dampen_half': 107.40052367919465, 'gpp_af': 5.713147414232527, 'gpp_b': 0.00031478066835753096, 'gpp_d': 29.83701993880331, 'ign_k': 0.6454459531371669, 'ign_c': 10.140635645866492}.
[I 2026-08-06 03:08:05,807] Trial 1411 finished with values: [-0.4974609865144476, 0.08857622095754825] and parameters: {'k1': 0.00324789183891923, 'D_low': 4.075267974954964, 'k2': 0.0022957398214549472, 'D_high': 2969.087094484682, 'fire_exp': 1.0881360604103363, 'P_half': 215.55950571043874, 'pre_dampen_half': 93.53769344293097, 'gpp_af': 1.3725472882585024, 'gpp_b': 0.008226792720717493, 'gpp_d': 4.5768578731086835, 'ign_k': 8.315365004960604, 'ign_c': 0.1457050032975653}.
