[I 2026-08-05 23:43:03,233] Trial 240 finished with values: [-0.4918960616531377, 0.09912263250537512] and parameters: {'k1': 0.021368329072358756, 'D_low': 7.068974950624602, 'k2': 1.1184534120760473e-05, 'D_high': 75773.14388518519, 'fire_exp': 1.1044852285094786, 'P_half': 125.61043700013555, 'pre_dampen_half': 36.876350096203005, 'gpp_af': 35.20481045526041, 'gpp_b': 0.03841303420847976, 'gpp_d': 4.5768578731086835, 'ign_k': 0.01474275315991467, 'ign_c': 6.160975294741436}.
[I 2026-08-05 23:43:04,372] Trial 241 finished with values: [10.761013958510166, 10.761013958510166] and parameters: {'k1': 3.252245757497282e-05, 'D_low': 1112.9571947046009, 'k2': 0.002523872675078018, 'D_high': 8182.111518618414, 'fire_exp': 1.1044852285094786, 'P_half': 215.55950571043874, 'pre_dampen_half': 111.37963167994629, 'gpp_af': 0.001339466259146302, 'gpp_b': 0.09777324906074064, 'gpp_d': 4.5768578731086835, 'ign_k': 0.0026834162496848666, 'ign_c': 10.140635645866492}.
[I 2026-08-05 23:43:05,463] Trial 242 finished with values: [11.097242775573898, 11.097242775573898] and parameters: {'k1': 0.04897760278488444, 'D_low': 2.458603276328005, 'k2': 3.5917714215176105e-05, 'D_high': 85018.70149611714, 'fire_exp': 1.2943117749495199, 'P_half': 39.03214299767183, 'pre_dampen_half': 53.73093479067421, 'gpp_af': 35.20481045526041, 'gpp_b': 0.011750724729953272, 'gpp_d': 34.37107943937136, 'ign_k': 0.0026834162496848666, 'ign_c': 0.1457050032975653}.
[I 2026-08-05 23:43:06,540] Trial 243 finished with values: [10.162976863818368, 10.162976863818368] and parameters: {'k1': 0.0029707920514735983, 'D_low': 4.051452710153359, 'k2': 3.5917714215176105e-05, 'D_high': 7744.80118512745, 'fire_exp': 1.182396148413737, 'P_half': 24.136213194527585, 'pre_dampen_half': 304.7488318185732, 'gpp_af': 0.0025511964576171086, 'gpp_b': 0.00011277885258222645, 'gpp_d': 857.4284557962634, 'ign_k': 0.03141110271934876, 'ign_c': 3.0378658251922155}.
[I 2026-08-05 23:43:07,628] Trial 244 finished with values: [10.768633294072124, 10.768633294072124] and parameters: {'k1': 0.04897760278488444, 'D_low': 1.2834648227562822, 'k2': 2.5461628161276896e-05, 'D_high': 233.52156626184438, 'fire_exp': 1.182396148413737, 'P_half': 4546.192107824457, 'pre_dampen_half': 703.6426675556048, 'gpp_af': 35.20481045526041, 'gpp_b': 0.7987896438549947, 'gpp_d': 0.13223503889537183, 'ign_k': 0.017654048052495083, 'ign_c': 47.268615251255675}.
[I 2026-08-05 23:43:08,702] Trial 245 finished with values: [10.5285179347555, 10.5285179347555] and parameters: {'k1': 3.252245757497282e-05, 'D_low': 1112.9571947046009, 'k2': 4.763991596630584e-05, 'D_high': 8182.111518618414, 'fire_exp': 1.5201277403788451, 'P_half': 608.3019192425825, 'pre_dampen_half': 304.7488318185732, 'gpp_af': 0.47739011308437823, 'gpp_b': 3.481277316673104e-05, 'gpp_d': 891.8036602897795, 'ign_k': 0.019192001101561888, 'ign_c': 14.367095138664217}.
[I 2026-08-05 23:43:09,826] Trial 246 finished with values: [10.847616611437811, 10.847616611437811] and parameters: {'k1': 0.00324789183891923, 'D_low': 175.2878790340412, 'k2': 0.005456725485601475, 'D_high': 8241.92526487646, 'fire_exp': 1.3614924220931135, 'P_half': 95.65499215943822, 'pre_dampen_half': 111.37963167994629, 'gpp_af': 11.234842109991876, 'gpp_b': 0.0003570095960030948, 'gpp_d': 13.076473382928533, 'ign_k': 0.006912296717033066, 'ign_c': 0.11433485956638717}.
[I 2026-08-05 23:43:11,029] Trial 247 finished with values: [10.769230768838547, 10.769230768838547] and parameters: {'k1': 1.1102341430568339e-05, 'D_low': 7.068974950624602, 'k2': 1.1184534120760473e-05, 'D_high': 75773.14388518519, 'fire_exp': 2.2881850891698634, 'P_half': 395.22208819061166, 'pre_dampen_half': 1.241231030920016, 'gpp_af': 0.028585493941961918, 'gpp_b': 5.9297350775555, 'gpp_d': 5.878566318396007, 'ign_k': 0.11101191524846071, 'ign_c': 10.140635645866492}.
[I 2026-08-05 23:43:12,215] Trial 248 finished with values: [10.948331120020166, 10.948331120020166] and parameters: {'k1': 0.04897760278488444, 'D_low': 2.458603276328005, 'k2': 3.5917714215176105e-05, 'D_high': 7744.80118512745, 'fire_exp': 1.2943117749495199, 'P_half': 24.136213194527585, 'pre_dampen_half': 703.6426675556048, 'gpp_af': 0.08235550625917108, 'gpp_b': 3.228689523591491e-05, 'gpp_d': 857.4284557962634, 'ign_k': 0.11903394335305037, 'ign_c': 8.671454322584175}.
[I 2026-08-05 23:43:13,429] Trial 249 finished with values: [10.762767237385471, 10.762767237385471] and parameters: {'k1': 0.002971796631657383, 'D_low': 1.54121727098019, 'k2': 1.1184534120760473e-05, 'D_high': 9769.756791866093, 'fire_exp': 1.4665043946307825, 'P_half': 10.226988730324324, 'pre_dampen_half': 0.6199100007802261, 'gpp_af': 29.925002022877802, 'gpp_b': 0.011750724729953272, 'gpp_d': 5.878566318396007, 'ign_k': 0.03033111747878116, 'ign_c': 8.671454322584175}.
[I 2026-08-05 23:43:14,666] Trial 250 finished with values: [-0.46348366879305536, 0.14279476280756742] and parameters: {'k1': 0.008956420301712053, 'D_low': 74.92772870670282, 'k2': 0.00011939136672856547, 'D_high': 949.9072859745386, 'fire_exp': 1.0473002272689056, 'P_half': 408.3047491580097, 'pre_dampen_half': 53.73093479067421, 'gpp_af': 29.925002022877802, 'gpp_b': 3.139005000572696e-05, 'gpp_d': 4.5768578731086835, 'ign_k': 0.0026834162496848666, 'ign_c': 2.4287565087611744}.
[I 2026-08-05 23:43:15,896] Trial 251 finished with values: [10.671958269576189, 10.671958269576189] and parameters: {'k1': 0.002407354618388189, 'D_low': 2.1234210963705626, 'k2': 0.0499774937030317, 'D_high': 7744.80118512745, 'fire_exp': 4.010071437770751, 'P_half': 10.226988730324324, 'pre_dampen_half': 107.40052367919465, 'gpp_af': 0.5970408652384318, 'gpp_b': 3.228689523591491e-05, 'gpp_d': 0.1619054449471649, 'ign_k': 0.009580682294110432, 'ign_c': 6.160975294741436}.
[I 2026-08-05 23:43:17,101] Trial 252 finished with values: [10.58097615613919, 10.58097615613919] and parameters: {'k1': 0.015602015889668856, 'D_low': 334.62201030483817, 'k2': 0.00038791280730284417, 'D_high': 411.0848435021235, 'fire_exp': 1.3614924220931135, 'P_half': 93.34064019986363, 'pre_dampen_half': 59.66041614891413, 'gpp_af': 4.095062894476692, 'gpp_b': 0.0004837646996135023, 'gpp_d': 34.37107943937136, 'ign_k': 0.4702627143647234, 'ign_c': 14.810800730363484}.
[I 2026-08-05 23:43:18,389] Trial 253 finished with values: [10.39265009203632, 10.39265009203632] and parameters: {'k1': 2.0937989739527727e-05, 'D_low': 9.330007965781027, 'k2': 0.0003607301614542842, 'D_high': 949.9072859745386, 'fire_exp': 1.2943117749495199, 'P_half': 63.585411411994926, 'pre_dampen_half': 703.6426675556048, 'gpp_af': 10.25616274847308, 'gpp_b': 2.800940363375676e-05, 'gpp_d': 0.03848886303127135, 'ign_k': 0.0037322156377670697, 'ign_c': 0.6235377135673155}.
[I 2026-08-05 23:43:19,679] Trial 254 finished with values: [-0.486008332949546, 0.14449566560797222] and parameters: {'k1': 0.00014281536924924868, 'D_low': 2.458603276328005, 'k2': 0.005456725485601475, 'D_high': 6366.1449945522045, 'fire_exp': 1.182396148413737, 'P_half': 95.65499215943822, 'pre_dampen_half': 33.9790424311127, 'gpp_af': 0.0025511964576171086, 'gpp_b': 3.228689523591491e-05, 'gpp_d': 857.4284557962634, 'ign_k': 0.006912296717033066, 'ign_c': 3.0378658251922155}.
[I 2026-08-05 23:43:20,915] Trial 255 finished with values: [10.006855118792059, 10.006855118792059] and parameters: {'k1': 0.00012105387404469581, 'D_low': 2.458603276328005, 'k2': 2.5461628161276896e-05, 'D_high': 3660.150802571655, 'fire_exp': 1.5201277403788451, 'P_half': 39.03214299767183, 'pre_dampen_half': 703.6426675556048, 'gpp_af': 1.6595781802652418, 'gpp_b': 3.228689523591491e-05, 'gpp_d': 39.827466658711515, 'ign_k': 0.017654048052495083, 'ign_c': 14.810800730363484}.
[I 2026-08-05 23:43:22,051] Trial 256 finished with values: [10.625030010448334, 10.625030010448334] and parameters: {'k1': 0.03232155805617897, 'D_low': 2.843767489444367, 'k2': 0.006138509947844854, 'D_high': 32311.521854410956, 'fire_exp': 2.2881850891698634, 'P_half': 436.4516946807792, 'pre_dampen_half': 121.93011993958949, 'gpp_af': 11.234842109991876, 'gpp_b': 1.5938003265859821, 'gpp_d': 368.30088529547436, 'ign_k': 0.002357279455676982, 'ign_c': 0.11433485956638717}.
[I 2026-08-05 23:43:23,267] Trial 257 finished with values: [10.639619023123462, 10.639619023123462] and parameters: {'k1': 0.002971796631657383, 'D_low': 7.068974950624602, 'k2': 1.1184534120760473e-05, 'D_high': 75773.14388518519, 'fire_exp': 1.1670151053031461, 'P_half': 26.466155867114797, 'pre_dampen_half': 36.876350096203005, 'gpp_af': 29.925002022877802, 'gpp_b': 0.20619371865867875, 'gpp_d': 0.30592049838223523, 'ign_k': 0.01474275315991467, 'ign_c': 6.160975294741436}.
[I 2026-08-05 23:43:24,468] Trial 258 finished with values: [10.725146259953588, 10.725146259953588] and parameters: {'k1': 0.0029707920514735983, 'D_low': 2.1234210963705626, 'k2': 0.031211489608802344, 'D_high': 8241.92526487646, 'fire_exp': 1.182396148413737, 'P_half': 24.136213194527585, 'pre_dampen_half': 111.37963167994629, 'gpp_af': 0.001162712343304238, 'gpp_b': 0.02502809770894037, 'gpp_d': 2.400225309964113, 'ign_k': 0.03033111747878116, 'ign_c': 8.671454322584175}.
[I 2026-08-05 23:43:25,797] Trial 259 finished with values: [10.600263707572633, 10.600263707572633] and parameters: {'k1': 2.0937989739527727e-05, 'D_low': 125.32726386250698, 'k2': 0.0001870742013766025, 'D_high': 267.3088310781672, 'fire_exp': 1.182396148413737, 'P_half': 39.03214299767183, 'pre_dampen_half': 703.6426675556048, 'gpp_af': 20.12115544906385, 'gpp_b': 2.800940363375676e-05, 'gpp_d': 0.19476644406315288, 'ign_k': 0.03141110271934876, 'ign_c': 47.268615251255675}.
[I 2026-08-05 23:43:27,129] Trial 260 finished with values: [10.67423729565408, 10.67423729565408] and parameters: {'k1': 2.0937989739527727e-05, 'D_low': 7.068974950624602, 'k2': 0.0004381141781653133, 'D_high': 75773.14388518519, 'fire_exp': 1.1670151053031461, 'P_half': 10.226988730324324, 'pre_dampen_half': 36.876350096203005, 'gpp_af': 29.925002022877802, 'gpp_b': 0.09594602618277148, 'gpp_d': 0.19476644406315288, 'ign_k': 0.01474275315991467, 'ign_c': 47.268615251255675}.
[I 2026-08-05 23:43:28,646] Trial 261 finished with values: [10.72906690149584, 10.72906690149584] and parameters: {'k1': 0.00023134781612225627, 'D_low': 2.843767489444367, 'k2': 0.0004381141781653133, 'D_high': 32311.521854410956, 'fire_exp': 1.3614924220931135, 'P_half': 5.317919272807934, 'pre_dampen_half': 8.226361776146092, 'gpp_af': 22.766850248686247, 'gpp_b': 4.178096206039848, 'gpp_d': 40.863415094409035, 'ign_k': 0.017654048052495083, 'ign_c': 47.268615251255675}.
[I 2026-08-05 23:43:30,468] Trial 262 finished with values: [10.769225221926172, 10.769225221926172] and parameters: {'k1': 0.03232155805617897, 'D_low': 2.458603276328005, 'k2': 0.005456725485601475, 'D_high': 6455.595882939566, 'fire_exp': 1.811096651915224, 'P_half': 10.226988730324324, 'pre_dampen_half': 33.9790424311127, 'gpp_af': 0.0025511964576171086, 'gpp_b': 1.5938003265859821, 'gpp_d': 368.30088529547436, 'ign_k': 0.002357279455676982, 'ign_c': 10.140635645866492}.
[I 2026-08-05 23:43:32,041] Trial 263 finished with values: [10.5967775462154, 10.5967775462154] and parameters: {'k1': 0.0026651167490553537, 'D_low': 125.32726386250698, 'k2': 0.0004381141781653133, 'D_high': 7744.80118512745, 'fire_exp': 1.0117229084672894, 'P_half': 24.136213194527585, 'pre_dampen_half': 304.7488318185732, 'gpp_af': 2.8805537835688413, 'gpp_b': 3.228689523591491e-05, 'gpp_d': 368.30088529547436, 'ign_k': 0.11101191524846071, 'ign_c': 47.268615251255675}.
[I 2026-08-05 23:43:33,545] Trial 264 finished with values: [-0.5275059936512997, 0.15096871838366854] and parameters: {'k1': 0.04897760278488444, 'D_low': 2.458603276328005, 'k2': 0.0004381141781653133, 'D_high': 6455.595882939566, 'fire_exp': 1.1044852285094786, 'P_half': 851.7034154701655, 'pre_dampen_half': 703.6426675556048, 'gpp_af': 0.04339970334001348, 'gpp_b': 0.0025416076006960116, 'gpp_d': 0.1187686699420959, 'ign_k': 0.017654048052495083, 'ign_c': 10.140635645866492}.
[I 2026-08-05 23:43:34,858] Trial 265 finished with values: [10.768415009678035, 10.768415009678035] and parameters: {'k1': 1.1845753911529365e-05, 'D_low': 29.89885508829526, 'k2': 0.00038791280730284417, 'D_high': 9769.756791866093, 'fire_exp': 1.0881360604103363, 'P_half': 10.226988730324324, 'pre_dampen_half': 0.01431909845816693, 'gpp_af': 21.995805943313187, 'gpp_b': 0.10123867001105968, 'gpp_d': 4.5768578731086835, 'ign_k': 0.0026834162496848666, 'ign_c': 6.160975294741436}.
[I 2026-08-05 23:43:36,318] Trial 266 finished with values: [12.120400158146248, 12.120400158146248] and parameters: {'k1': 0.0026651167490553537, 'D_low': 18.522006003174383, 'k2': 0.0001870742013766025, 'D_high': 6455.595882939566, 'fire_exp': 1.0117229084672894, 'P_half': 4.397766894483963, 'pre_dampen_half': 59.66041614891413, 'gpp_af': 22.766850248686247, 'gpp_b': 0.0003746142260732423, 'gpp_d': 891.8036602897795, 'ign_k': 3.7173717478250508, 'ign_c': 0.11433485956638717}.
[I 2026-08-05 23:43:37,663] Trial 267 finished with values: [10.564214099555382, 10.564214099555382] and parameters: {'k1': 0.002407354618388189, 'D_low': 29.89885508829526, 'k2': 0.0499774937030317, 'D_high': 32311.521854410956, 'fire_exp': 1.811096651915224, 'P_half': 10.226988730324324, 'pre_dampen_half': 36.876350096203005, 'gpp_af': 0.5970408652384318, 'gpp_b': 0.011750724729953272, 'gpp_d': 0.1619054449471649, 'ign_k': 0.002357279455676982, 'ign_c': 6.160975294741436}.
[I 2026-08-05 23:43:39,039] Trial 268 finished with values: [-0.4765190972719095, 0.10953134757570193] and parameters: {'k1': 0.005967518552547517, 'D_low': 7.068974950624602, 'k2': 1.1184534120760473e-05, 'D_high': 3660.150802571655, 'fire_exp': 1.1044852285094786, 'P_half': 10.226988730324324, 'pre_dampen_half': 53.73093479067421, 'gpp_af': 83.56239973758213, 'gpp_b': 0.03719354588132657, 'gpp_d': 4.25060659305504, 'ign_k': 0.0016058436323100884, 'ign_c': 14.810800730363484}.
[I 2026-08-05 23:43:40,495] Trial 269 finished with values: [10.228736852075611, 10.228736852075611] and parameters: {'k1': 3.252245757497282e-05, 'D_low': 4.051452710153359, 'k2': 0.0004381141781653133, 'D_high': 9769.756791866093, 'fire_exp': 1.151006986743773, 'P_half': 24.136213194527585, 'pre_dampen_half': 703.6426675556048, 'gpp_af': 35.20481045526041, 'gpp_b': 0.7987896438549947, 'gpp_d': 3.032712462969173, 'ign_k': 0.03033111747878116, 'ign_c': 0.1457050032975653}.
[I 2026-08-05 23:43:41,985] Trial 270 finished with values: [10.42203659194642, 10.42203659194642] and parameters: {'k1': 0.0024398964530167717, 'D_low': 2.458603276328005, 'k2': 1.1184534120760473e-05, 'D_high': 75773.14388518519, 'fire_exp': 2.1589564941849333, 'P_half': 10.226988730324324, 'pre_dampen_half': 33.9790424311127, 'gpp_af': 29.925002022877802, 'gpp_b': 0.011750724729953272, 'gpp_d': 857.4284557962634, 'ign_k': 1.2124080603355416, 'ign_c': 6.160975294741436}.
[I 2026-08-05 23:43:43,395] Trial 271 finished with values: [-0.474329183149626, 0.13122803438440833] and parameters: {'k1': 7.841214856323651e-05, 'D_low': 50.217376233895635, 'k2': 1.1184534120760473e-05, 'D_high': 7744.80118512745, 'fire_exp': 1.1044852285094786, 'P_half': 24.136213194527585, 'pre_dampen_half': 304.7488318185732, 'gpp_af': 11.234842109991876, 'gpp_b': 3.228689523591491e-05, 'gpp_d': 368.30088529547436, 'ign_k': 0.03141110271934876, 'ign_c': 47.268615251255675}.
[I 2026-08-05 23:43:44,866] Trial 272 finished with values: [10.436856087427454, 10.436856087427454] and parameters: {'k1': 2.0937989739527727e-05, 'D_low': 125.32726386250698, 'k2': 0.0004381141781653133, 'D_high': 233.52156626184438, 'fire_exp': 1.182396148413737, 'P_half': 39.03214299767183, 'pre_dampen_half': 703.6426675556048, 'gpp_af': 0.0025511964576171086, 'gpp_b': 4.361034464114157e-05, 'gpp_d': 0.02375138331725693, 'ign_k': 0.03141110271934876, 'ign_c': 47.268615251255675}.
[I 2026-08-05 23:43:46,275] Trial 273 finished with values: [10.619367837738102, 10.619367837738102] and parameters: {'k1': 0.008180032418045739, 'D_low': 125.32726386250698, 'k2': 0.02065142557895925, 'D_high': 267.3088310781672, 'fire_exp': 1.2943117749495199, 'P_half': 63.585411411994926, 'pre_dampen_half': 703.6426675556048, 'gpp_af': 10.25616274847308, 'gpp_b': 0.009396105777395792, 'gpp_d': 0.19476644406315288, 'ign_k': 0.0048255892187380085, 'ign_c': 56.70346335627288}.
[I 2026-08-05 23:43:47,621] Trial 274 finished with values: [-0.5191793947932744, 0.14047893446722082] and parameters: {'k1': 0.0005486676498816061, 'D_low': 2.458603276328005, 'k2': 0.0007081721844034209, 'D_high': 75773.14388518519, 'fire_exp': 1.1044852285094786, 'P_half': 10.226988730324324, 'pre_dampen_half': 36.876350096203005, 'gpp_af': 35.20481045526041, 'gpp_b': 0.03841303420847976, 'gpp_d': 4.5768578731086835, 'ign_k': 0.01474275315991467, 'ign_c': 6.160975294741436}.
[I 2026-08-05 23:43:48,902] Trial 275 finished with values: [11.126749707987504, 11.126749707987504] and parameters: {'k1': 0.03232155805617897, 'D_low': 29.89885508829526, 'k2': 0.0499774937030317, 'D_high': 6455.595882939566, 'fire_exp': 1.1670151053031461, 'P_half': 10.226988730324324, 'pre_dampen_half': 111.37963167994629, 'gpp_af': 29.925002022877802, 'gpp_b': 1.5938003265859821, 'gpp_d': 368.30088529547436, 'ign_k': 0.002357279455676982, 'ign_c': 6.160975294741436}.
[I 2026-08-05 23:43:50,214] Trial 276 finished with values: [10.555283608077701, 10.555283608077701] and parameters: {'k1': 0.016973078532467004, 'D_low': 29.89885508829526, 'k2': 1.1184534120760473e-05, 'D_high': 96.74045662145933, 'fire_exp': 1.2943117749495199, 'P_half': 39.03214299767183, 'pre_dampen_half': 107.40052367919465, 'gpp_af': 29.925002022877802, 'gpp_b': 0.7987896438549947, 'gpp_d': 4.5768578731086835, 'ign_k': 0.03604182012888638, 'ign_c': 8.671454322584175}.
[I 2026-08-05 23:43:51,527] Trial 277 finished with values: [10.64595118041306, 10.64595118041306] and parameters: {'k1': 0.01889771394135163, 'D_low': 1112.9571947046009, 'k2': 3.5917714215176105e-05, 'D_high': 411.0848435021235, 'fire_exp': 1.5201277403788451, 'P_half': 608.3019192425825, 'pre_dampen_half': 304.7488318185732, 'gpp_af': 22.766850248686247, 'gpp_b': 3.481277316673104e-05, 'gpp_d': 150.14555442537656, 'ign_k': 0.019192001101561888, 'ign_c': 0.11433485956638717}.
[I 2026-08-05 23:43:52,854] Trial 278 finished with values: [10.757583364470051, 10.757583364470051] and parameters: {'k1': 0.0029707920514735983, 'D_low': 29.89885508829526, 'k2': 3.5917714215176105e-05, 'D_high': 7744.80118512745, 'fire_exp': 1.182396148413737, 'P_half': 24.136213194527585, 'pre_dampen_half': 53.73093479067421, 'gpp_af': 21.995805943313187, 'gpp_b': 0.011750724729953272, 'gpp_d': 857.4284557962634, 'ign_k': 0.03141110271934876, 'ign_c': 157.63894361785373}.
[I 2026-08-05 23:43:54,088] Trial 279 finished with values: [10.530394830055664, 10.530394830055664] and parameters: {'k1': 0.002971796631657383, 'D_low': 7.068974950624602, 'k2': 3.5917714215176105e-05, 'D_high': 29.580419692843236, 'fire_exp': 1.2943117749495199, 'P_half': 24.136213194527585, 'pre_dampen_half': 304.7488318185732, 'gpp_af': 0.47739011308437823, 'gpp_b': 0.7987896438549947, 'gpp_d': 29.749683811098393, 'ign_k': 0.017654048052495083, 'ign_c': 1.24801809651176}.
[I 2026-08-05 23:43:55,323] Trial 280 finished with values: [10.253104700733473, 10.253104700733473] and parameters: {'k1': 0.015602015889668856, 'D_low': 164.70698221724317, 'k2': 0.00038791280730284417, 'D_high': 6455.595882939566, 'fire_exp': 1.1044852285094786, 'P_half': 403.3495283157659, 'pre_dampen_half': 36.876350096203005, 'gpp_af': 35.20481045526041, 'gpp_b': 0.0025416076006960116, 'gpp_d': 4.5768578731086835, 'ign_k': 0.03604182012888638, 'ign_c': 14.810800730363484}.
[I 2026-08-05 23:43:56,571] Trial 281 finished with values: [10.261313627392406, 10.261313627392406] and parameters: {'k1': 0.03232155805617897, 'D_low': 918.4900818511542, 'k2': 0.031211489608802344, 'D_high': 8241.92526487646, 'fire_exp': 1.8713074096420792, 'P_half': 12.808863354047988, 'pre_dampen_half': 53.73093479067421, 'gpp_af': 29.925002022877802, 'gpp_b': 3.228689523591491e-05, 'gpp_d': 5.1715677287580455, 'ign_k': 0.03033111747878116, 'ign_c': 8.671454322584175}.
[I 2026-08-05 23:43:57,838] Trial 282 finished with values: [10.633046190005839, 10.633046190005839] and parameters: {'k1': 0.002971796631657383, 'D_low': 7.068974950624602, 'k2': 0.0022957398214549472, 'D_high': 6366.1449945522045, 'fire_exp': 1.1670151053031461, 'P_half': 10.226988730324324, 'pre_dampen_half': 36.876350096203005, 'gpp_af': 0.0025511964576171086, 'gpp_b': 0.011750724729953272, 'gpp_d': 0.6380717024176037, 'ign_k': 0.006912296717033066, 'ign_c': 3.0378658251922155}.
[I 2026-08-05 23:43:59,084] Trial 283 finished with values: [10.058630002357685, 10.058630002357685] and parameters: {'k1': 0.03232155805617897, 'D_low': 2.3244932709566686, 'k2': 0.0001870742013766025, 'D_high': 267.3088310781672, 'fire_exp': 1.811096651915224, 'P_half': 10.226988730324324, 'pre_dampen_half': 703.6426675556048, 'gpp_af': 11.234842109991876, 'gpp_b': 2.800940363375676e-05, 'gpp_d': 368.30088529547436, 'ign_k': 0.0467351899956275, 'ign_c': 0.773448215664679}.
[I 2026-08-05 23:44:00,367] Trial 284 finished with values: [10.311334445543821, 10.311334445543821] and parameters: {'k1': 3.252245757497282e-05, 'D_low': 4.051452710153359, 'k2': 0.04669327135003539, 'D_high': 411.0848435021235, 'fire_exp': 1.3614924220931135, 'P_half': 24.136213194527585, 'pre_dampen_half': 304.7488318185732, 'gpp_af': 4.095062894476692, 'gpp_b': 3.481277316673104e-05, 'gpp_d': 150.14555442537656, 'ign_k': 0.019192001101561888, 'ign_c': 3.0378658251922155}.
