[I 2026-07-22 18:42:46,341] Trial 139 finished with values: [10.76920959391906, 10.76920959391906] and parameters: {'k1': 0.0001487958850779001, 'D_low': 238789.3267762958, 'k2': 1.127217425995114e-05, 'D_high': 24.063018320720932, 'fire_exp': 1.6139358000526771, 'P_half': 39.03214299767183, 'pre_dampen_half': 44.466289554754454, 'gpp_af': 21.25864743764987, 'gpp_b': 0.7987896438549943, 'gpp_d': 290.6421218005383, 'ign_k': 0.003008686821445843, 'ign_c': 2.329535895346768, 'trop_agb_crit': 2.4165727141234647, 'trop_k_veg': 4.341934294871134, 'fuel_k': 0.3872812826465556, 'fuel_half': 0.6917310667555202}.
[I 2026-07-22 18:42:46,753] Trial 140 finished with values: [10.151969675918732, 10.151969675918732] and parameters: {'k1': 0.00023352156626184448, 'D_low': 247.75146043208053, 'k2': 0.0038341488164556755, 'D_high': 1026.0852623190942, 'fire_exp': 1.3411849220480432, 'P_half': 38.82837025280678, 'pre_dampen_half': 518.2609891091992, 'gpp_af': 0.005618069878716736, 'gpp_b': 4.0803257466853524e-05, 'gpp_d': 397.44595568350155, 'ign_k': 0.7588328899786276, 'ign_c': 0.4392638796750216, 'trop_agb_crit': 12.285102065067687, 'trop_k_veg': 1.0049538030148353, 'fuel_k': 0.030315034760496764, 'fuel_half': 2.276766792290519}.
[I 2026-07-22 18:42:47,161] Trial 141 finished with values: [10.02800696421263, 10.02800696421263] and parameters: {'k1': 0.00016480446427978953, 'D_low': 126.11058927054879, 'k2': 0.01567230746060024, 'D_high': 558.9524205217922, 'fire_exp': 1.1258453832483524, 'P_half': 1.7036120617148391, 'pre_dampen_half': 347.79988160923324, 'gpp_af': 0.06789053271698488, 'gpp_b': 0.0054502936945582505, 'gpp_d': 700.6693992445935, 'ign_k': 0.006290644294586149, 'ign_c': 11.40086370112731, 'trop_agb_crit': 20.205002815711154, 'trop_k_veg': 4.130963924640279, 'fuel_k': 0.48736180483849406, 'fuel_half': 0.32476735706274484}.
[I 2026-07-22 18:42:47,576] Trial 142 finished with values: [10.76923076903347, 10.76923076903347] and parameters: {'k1': 0.00023352156626184448, 'D_low': 247.75146043208053, 'k2': 0.0038341488164556755, 'D_high': 26587.030147082678, 'fire_exp': 2.2703704516008885, 'P_half': 8832.039346746853, 'pre_dampen_half': 0.46504594134732663, 'gpp_af': 0.005618069878716736, 'gpp_b': 4.0803257466853524e-05, 'gpp_d': 397.44595568350155, 'ign_k': 0.7588328899786276, 'ign_c': 514.0544615226299, 'trop_agb_crit': 12.285102065067687, 'trop_k_veg': 7.887845482514079, 'fuel_k': 0.030315034760496764, 'fuel_half': 49.011305842597835}.
[I 2026-07-22 18:42:47,995] Trial 143 finished with values: [10.76923076903347, 10.76923076903347] and parameters: {'k1': 0.00013649087666416944, 'D_low': 493529.62094020995, 'k2': 0.0038341488164556755, 'D_high': 26587.030147082678, 'fire_exp': 2.2703704516008885, 'P_half': 4.961134450191397, 'pre_dampen_half': 10.687450020671585, 'gpp_af': 0.15876781526923997, 'gpp_b': 4.0803257466853524e-05, 'gpp_d': 2.9914693021302137, 'ign_k': 0.009634538433595985, 'ign_c': 0.4392638796750216, 'trop_agb_crit': 2.411289811529197, 'trop_k_veg': 3.1385303007850824, 'fuel_k': 0.0734480915638841, 'fuel_half': 49.011305842597835}.
  trial  144/2500  pareto_size=2  best_taylor=0.4738  best_ilamb=0.5096  (1.0 min)
[I 2026-07-22 18:42:48,441] Trial 144 finished with values: [10.761109826817695, 10.761109826817695] and parameters: {'k1': 1.2030530850061361e-05, 'D_low': 247.75146043208053, 'k2': 1.6559474674046002e-05, 'D_high': 922.5376791737639, 'fire_exp': 1.3175349115759807, 'P_half': 38.82837025280678, 'pre_dampen_half': 0.46504594134732663, 'gpp_af': 0.005618069878716736, 'gpp_b': 0.016763844265536048, 'gpp_d': 3.1060682524644907, 'ign_k': 0.0022267996908938684, 'ign_c': 14.074279366401672, 'trop_agb_crit': 12.285102065067687, 'trop_k_veg': 1.7518409078083697, 'fuel_k': 0.0500651901928747, 'fuel_half': 0.2414020247400933}.
[I 2026-07-22 18:42:48,865] Trial 145 finished with values: [10.7689930923038, 10.7689930923038] and parameters: {'k1': 0.0010204225357677778, 'D_low': 3735.16768760467, 'k2': 0.0004381141781653137, 'D_high': 316055.11434645456, 'fire_exp': 1.6214575867079866, 'P_half': 3910.3637457741784, 'pre_dampen_half': 10.687450020671585, 'gpp_af': 0.008983355849178878, 'gpp_b': 4.0803257466853524e-05, 'gpp_d': 0.9576572359933986, 'ign_k': 0.18170401889219115, 'ign_c': 47.268615251255675, 'trop_agb_crit': 13.98132484257899, 'trop_k_veg': 1.7570501127699656, 'fuel_k': 0.3872812826465556, 'fuel_half': 49.011305842597835}.
[I 2026-07-22 18:42:49,284] Trial 146 finished with values: [10.719304796090793, 10.719304796090793] and parameters: {'k1': 0.02806535913298299, 'D_low': 864.0717009254879, 'k2': 0.0001971137615017176, 'D_high': 1693415.5410667954, 'fire_exp': 1.182396148413737, 'P_half': 1.4378290221680121, 'pre_dampen_half': 33.97904243111269, 'gpp_af': 0.0025511964576171086, 'gpp_b': 0.00012118589392553819, 'gpp_d': 61.82902222163609, 'ign_k': 0.018707420137660268, 'ign_c': 238.8897930076982, 'trop_agb_crit': 15.870971677383487, 'trop_k_veg': 3.4439936249445045, 'fuel_k': 1.8731335591844647, 'fuel_half': 0.253071961271088}.
[I 2026-07-22 18:42:49,697] Trial 147 finished with values: [10.566051249759617, 10.566051249759617] and parameters: {'k1': 0.003242143344038315, 'D_low': 102.19595065529477, 'k2': 2.8459703343413838e-05, 'D_high': 580966.5602369158, 'fire_exp': 1.7124099831271415, 'P_half': 136.0956887810302, 'pre_dampen_half': 294.75617712568373, 'gpp_af': 8.769726637617675, 'gpp_b': 8.129227514069975e-05, 'gpp_d': 0.3619181297408274, 'ign_k': 0.009861808369679786, 'ign_c': 94.57692079529029, 'trop_agb_crit': 5.707205898008383, 'trop_k_veg': 0.5415365826598848, 'fuel_k': 1.312881567992459, 'fuel_half': 7.259866824755671}.
[I 2026-07-22 18:42:50,114] Trial 148 finished with values: [10.764619027554783, 10.764619027554783] and parameters: {'k1': 0.0012329098365270509, 'D_low': 1.1640589436768796, 'k2': 3.5281132746849994e-05, 'D_high': 44.39648242927527, 'fire_exp': 1.075051292556307, 'P_half': 351.2704726270846, 'pre_dampen_half': 10.059683154936915, 'gpp_af': 0.349022524783825, 'gpp_b': 0.00011277885258222645, 'gpp_d': 0.058813839452486937, 'ign_k': 0.04380580767905655, 'ign_c': 105.24574681335622, 'trop_agb_crit': 16.035571745273074, 'trop_k_veg': 0.6189606672462583, 'fuel_k': 0.06382243375381637, 'fuel_half': 0.30455368715396786}.
[I 2026-07-22 18:42:50,522] Trial 149 finished with values: [10.769230233793458, 10.769230233793458] and parameters: {'k1': 0.02806535913298299, 'D_low': 864.0717009254879, 'k2': 0.0001971137615017176, 'D_high': 8433503.858791472, 'fire_exp': 8.791426299948917, 'P_half': 1.4378290221680121, 'pre_dampen_half': 0.13249602803264168, 'gpp_af': 2.486059941484729, 'gpp_b': 0.5432846462741858, 'gpp_d': 6.91394869865762, 'ign_k': 0.0022267996908938684, 'ign_c': 238.8897930076982, 'trop_agb_crit': 2.1409462099712546, 'trop_k_veg': 1.140286245977296, 'fuel_k': 0.08612665817296865, 'fuel_half': 0.253071961271088}.
[I 2026-07-22 18:42:50,932] Trial 150 finished with values: [10.716009287954464, 10.716009287954464] and parameters: {'k1': 2.0937989739527727e-05, 'D_low': 1403.0344584930538, 'k2': 0.0014057163351022498, 'D_high': 2512533.442757688, 'fire_exp': 3.916877009398767, 'P_half': 39.03214299767183, 'pre_dampen_half': 703.6426675556041, 'gpp_af': 2.114381609520638, 'gpp_b': 0.002022832315155261, 'gpp_d': 25.017068255320467, 'ign_k': 0.0048255892187380085, 'ign_c': 47.268615251255675, 'trop_agb_crit': 23.59397023337466, 'trop_k_veg': 2.3408809609838257, 'fuel_k': 0.3872812826465556, 'fuel_half': 0.6917310667555202}.
[I 2026-07-22 18:42:51,353] Trial 151 finished with values: [10.76611047801293, 10.76611047801293] and parameters: {'k1': 0.00016480446427978953, 'D_low': 1407.7923139972395, 'k2': 0.0005342937261279771, 'D_high': 30235.506416287044, 'fire_exp': 4.091220574443785, 'P_half': 3.6138942712165267, 'pre_dampen_half': 0.2888838362365318, 'gpp_af': 0.06789053271698488, 'gpp_b': 0.0054502936945582505, 'gpp_d': 84.31013932082456, 'ign_k': 0.006290644294586149, 'ign_c': 11.40086370112731, 'trop_agb_crit': 7.500118950416987, 'trop_k_veg': 0.5687244174086067, 'fuel_k': 0.48736180483849406, 'fuel_half': 0.32476735706274484}.
[I 2026-07-22 18:42:51,762] Trial 152 finished with values: [10.769229265394522, 10.769229265394522] and parameters: {'k1': 0.0004688858519834985, 'D_low': 367.4904945305323, 'k2': 1.263794633808287e-05, 'D_high': 35.39329732028365, 'fire_exp': 2.0165721691808587, 'P_half': 48.464976792190825, 'pre_dampen_half': 26.373339933815235, 'gpp_af': 0.349022524783825, 'gpp_b': 2.7886810374231183, 'gpp_d': 2.9914693021302137, 'ign_k': 0.04380580767905655, 'ign_c': 105.24574681335622, 'trop_agb_crit': 2.1775224101934065, 'trop_k_veg': 3.1385303007850824, 'fuel_k': 0.06382243375381637, 'fuel_half': 3.632486956676605}.
[I 2026-07-22 18:42:52,174] Trial 153 finished with values: [10.764865871975825, 10.764865871975825] and parameters: {'k1': 6.693990428538841e-05, 'D_low': 1.1640589436768796, 'k2': 3.5281132746849994e-05, 'D_high': 2512533.442757688, 'fire_exp': 7.479801584594695, 'P_half': 245.27450543222417, 'pre_dampen_half': 10.059683154936915, 'gpp_af': 2.114381609520638, 'gpp_b': 0.00011277885258222645, 'gpp_d': 373.3014953695604, 'ign_k': 0.04732407125181112, 'ign_c': 3.4084279109230433, 'trop_agb_crit': 5.841230872704112, 'trop_k_veg': 0.5695379443977426, 'fuel_k': 0.028970790717327534, 'fuel_half': 16.371966573507315}.
[I 2026-07-22 18:42:52,583] Trial 154 finished with values: [10.656851940284376, 10.656851940284376] and parameters: {'k1': 2.27847364377152e-05, 'D_low': 150.83210025074274, 'k2': 0.001566517163094646, 'D_high': 26587.030147082678, 'fire_exp': 1.2310899049053081, 'P_half': 8832.039346746853, 'pre_dampen_half': 518.2609891091992, 'gpp_af': 0.12243451886824051, 'gpp_b': 1.7565109007473816e-05, 'gpp_d': 9.00460602264307, 'ign_k': 0.02847858516856297, 'ign_c': 0.11650681118986138, 'trop_agb_crit': 9.362115196011851, 'trop_k_veg': 1.0049538030148353, 'fuel_k': 0.030315034760496764, 'fuel_half': 42.892621277245716}.
[I 2026-07-22 18:42:52,987] Trial 155 finished with values: [10.62397487023844, 10.62397487023844] and parameters: {'k1': 0.011966626407443505, 'D_low': 1.7887890916820506, 'k2': 0.0001971137615017176, 'D_high': 316055.11434645456, 'fire_exp': 1.1258453832483524, 'P_half': 3910.3637457741784, 'pre_dampen_half': 347.79988160923324, 'gpp_af': 0.06789053271698488, 'gpp_b': 1.6569065206637924e-05, 'gpp_d': 0.012284844784580964, 'ign_k': 0.004144296901136395, 'ign_c': 11.40086370112731, 'trop_agb_crit': 29.789943908227905, 'trop_k_veg': 1.7570501127699656, 'fuel_k': 0.08612665817296865, 'fuel_half': 2.1003334103218068}.
[I 2026-07-22 18:42:53,393] Trial 156 finished with values: [10.765574753077216, 10.765574753077216] and parameters: {'k1': 6.069662445477729e-05, 'D_low': 3.169598846855015, 'k2': 2.5299503921303695e-05, 'D_high': 392.28369335318325, 'fire_exp': 1.2429193829348841, 'P_half': 539.5442811888478, 'pre_dampen_half': 94.20121790275627, 'gpp_af': 0.03934396739328546, 'gpp_b': 1.172875368591911, 'gpp_d': 2.2044650100999164, 'ign_k': 0.006039096247545781, 'ign_c': 0.3296550135838091, 'trop_agb_crit': 1.4914219038863046, 'trop_k_veg': 3.4508425771776365, 'fuel_k': 0.5588539902953052, 'fuel_half': 42.89592532297351}.
[I 2026-07-22 18:42:53,800] Trial 157 finished with values: [10.027714139880272, 10.027714139880272] and parameters: {'k1': 0.0003199177539819797, 'D_low': 3.169598846855015, 'k2': 0.035891558714508394, 'D_high': 2283.4228779494524, 'fire_exp': 1.182396148413737, 'P_half': 334.62201030483817, 'pre_dampen_half': 94.20121790275627, 'gpp_af': 0.3259758793317361, 'gpp_b': 3.228689523591491e-05, 'gpp_d': 857.4284557962626, 'ign_k': 0.03141110271934876, 'ign_c': 3.0378658251922155, 'trop_agb_crit': 15.870971677383487, 'trop_k_veg': 3.024803048559367, 'fuel_k': 5.486054129200971, 'fuel_half': 18.202647368248815}.
[I 2026-07-22 18:42:54,212] Trial 158 finished with values: [10.741724002584888, 10.741724002584888] and parameters: {'k1': 0.0010204225357677778, 'D_low': 163.4864778201543, 'k2': 1.854837679096716e-05, 'D_high': 316055.11434645456, 'fire_exp': 1.6214575867079866, 'P_half': 3910.3637457741784, 'pre_dampen_half': 36.876350096202984, 'gpp_af': 29.925002022877816, 'gpp_b': 1.6569065206637924e-05, 'gpp_d': 4.576857873108685, 'ign_k': 0.0026834162496848666, 'ign_c': 0.1831616544393274, 'trop_agb_crit': 6.1198430581046965, 'trop_k_veg': 1.7570501127699656, 'fuel_k': 0.28630931797361614, 'fuel_half': 2.1003334103218068}.
[I 2026-07-22 18:42:54,630] Trial 159 finished with values: [10.739100709549644, 10.739100709549644] and parameters: {'k1': 1.8205657658407255e-05, 'D_low': 13.25142220631392, 'k2': 0.07286653737491042, 'D_high': 708572.1663941594, 'fire_exp': 3.2181803496180783, 'P_half': 2.458603276328005, 'pre_dampen_half': 0.03751320096826995, 'gpp_af': 0.15876781526923997, 'gpp_b': 5.397956855996442e-05, 'gpp_d': 857.4284557962626, 'ign_k': 0.03141110271934876, 'ign_c': 8.405439129313676, 'trop_agb_crit': 15.870971677383487, 'trop_k_veg': 6.911478238001162, 'fuel_k': 4.517981047227404, 'fuel_half': 18.202647368248815}.
[I 2026-07-22 18:42:55,040] Trial 160 finished with values: [10.769230707742468, 10.769230707742468] and parameters: {'k1': 0.0004688858519834985, 'D_low': 367.4904945305323, 'k2': 2.1698375693549493e-05, 'D_high': 1488557.802851245, 'fire_exp': 3.2181803496180783, 'P_half': 9.324787201197319, 'pre_dampen_half': 0.03751320096826995, 'gpp_af': 1.1300566419249867, 'gpp_b': 2.7886810374231183, 'gpp_d': 2.9914693021302137, 'ign_k': 0.03141110271934876, 'ign_c': 105.24574681335622, 'trop_agb_crit': 2.1775224101934065, 'trop_k_veg': 3.1385303007850824, 'fuel_k': 0.06382243375381637, 'fuel_half': 18.202647368248815}.
[I 2026-07-22 18:42:55,451] Trial 161 finished with values: [10.755985010303348, 10.755985010303348] and parameters: {'k1': 0.0003199177539819797, 'D_low': 3.169598846855015, 'k2': 0.017300724838654365, 'D_high': 22409.155921648, 'fire_exp': 2.0463613363481596, 'P_half': 4221.021267871046, 'pre_dampen_half': 44.466289554754454, 'gpp_af': 0.290486210751816, 'gpp_b': 1.1698276136056565e-05, 'gpp_d': 2.2965432344634333, 'ign_k': 0.001679627987843051, 'ign_c': 41.779950639915185, 'trop_agb_crit': 1.4914219038863046, 'trop_k_veg': 2.3703642788018935, 'fuel_k': 1.1820218758583807, 'fuel_half': 3.0296104428212485}.
[I 2026-07-22 18:42:55,864] Trial 162 finished with values: [10.881619182308768, 10.881619182308768] and parameters: {'k1': 0.002971796631657383, 'D_low': 163.4864778201543, 'k2': 0.0007081721844034209, 'D_high': 305369.47947832284, 'fire_exp': 1.0881360604103363, 'P_half': 10.226988730324324, 'pre_dampen_half': 10.687450020671585, 'gpp_af': 0.015350904103515228, 'gpp_b': 4.0803257466853524e-05, 'gpp_d': 0.19476644406315285, 'ign_k': 0.0026834162496848666, 'ign_c': 6.1609752947414345, 'trop_agb_crit': 1.886175574962432, 'trop_k_veg': 0.9793402026070162, 'fuel_k': 0.3872812826465556, 'fuel_half': 1.3547291924247347}.
[I 2026-07-22 18:42:56,279] Trial 163 finished with values: [10.765460755381866, 10.765460755381866] and parameters: {'k1': 0.0015974581244256687, 'D_low': 3.325987092445845, 'k2': 0.0004381141781653137, 'D_high': 7839199.220074049, 'fire_exp': 1.2943117749495199, 'P_half': 3910.3637457741784, 'pre_dampen_half': 703.6426675556041, 'gpp_af': 0.008983355849178878, 'gpp_b': 0.7987896438549943, 'gpp_d': 2.2926339830965645, 'ign_k': 0.18170401889219115, 'ign_c': 0.1831616544393274, 'trop_agb_crit': 23.59397023337466, 'trop_k_veg': 1.7570501127699656, 'fuel_k': 0.3872812826465556, 'fuel_half': 2.1003334103218068}.
[I 2026-07-22 18:42:56,693] Trial 164 finished with values: [10.76923076903347, 10.76923076903347] and parameters: {'k1': 0.02806535913298299, 'D_low': 864.0717009254879, 'k2': 3.5281132746849994e-05, 'D_high': 2512533.442757688, 'fire_exp': 8.791426299948917, 'P_half': 1.4378290221680121, 'pre_dampen_half': 10.059683154936915, 'gpp_af': 0.11022143612695977, 'gpp_b': 0.00012118589392553819, 'gpp_d': 6.91394869865762, 'ign_k': 0.04732407125181112, 'ign_c': 238.8897930076982, 'trop_agb_crit': 3.5522713231614182, 'trop_k_veg': 1.140286245977296, 'fuel_k': 0.08612665817296865, 'fuel_half': 16.371966573507315}.
[I 2026-07-22 18:42:57,106] Trial 165 finished with values: [10.448467315543791, 10.448467315543791] and parameters: {'k1': 2.0937989739527727e-05, 'D_low': 1407.7923139972395, 'k2': 0.0004381141781653137, 'D_high': 7839199.220074049, 'fire_exp': 1.2943117749495199, 'P_half': 3.6138942712165267, 'pre_dampen_half': 0.2888838362365318, 'gpp_af': 0.015350904103515228, 'gpp_b': 4.0803257466853524e-05, 'gpp_d': 84.31013932082456, 'ign_k': 0.006290644294586149, 'ign_c': 11.40086370112731, 'trop_agb_crit': 7.500118950416987, 'trop_k_veg': 2.3408809609838257, 'fuel_k': 0.48736180483849406, 'fuel_half': 0.32476735706274484}.
[I 2026-07-22 18:42:57,595] Trial 166 finished with values: [10.763048300447018, 10.763048300447018] and parameters: {'k1': 0.0003199177539819797, 'D_low': 3.169598846855015, 'k2': 0.012840669372724958, 'D_high': 22409.155921648, 'fire_exp': 2.655962930461066, 'P_half': 334.62201030483817, 'pre_dampen_half': 0.03597389076048619, 'gpp_af': 0.3259758793317361, 'gpp_b': 1.1698276136056565e-05, 'gpp_d': 2.2044650100999164, 'ign_k': 0.006039096247545781, 'ign_c': 0.2987250655313649, 'trop_agb_crit': 1.4914219038863046, 'trop_k_veg': 3.024803048559367, 'fuel_k': 0.6211831489538813, 'fuel_half': 5.624789772977319}.
[I 2026-07-22 18:42:58,051] Trial 167 finished with values: [10.7263009174075, 10.7263009174075] and parameters: {'k1': 0.028340904295147747, 'D_low': 6220.638781359816, 'k2': 0.012840669372724958, 'D_high': 16392.60991832772, 'fire_exp': 1.2310899049053081, 'P_half': 19.986340778528874, 'pre_dampen_half': 0.03597389076048619, 'gpp_af': 0.290486210751816, 'gpp_b': 1.1698276136056565e-05, 'gpp_d': 2.2965432344634333, 'ign_k': 0.001679627987843051, 'ign_c': 0.11650681118986138, 'trop_agb_crit': 1.4914219038863046, 'trop_k_veg': 0.9369104721775232, 'fuel_k': 0.011457494049098885, 'fuel_half': 3.0296104428212485}.
[I 2026-07-22 18:42:58,556] Trial 168 finished with values: [10.428707811393105, 10.428707811393105] and parameters: {'k1': 0.002968335334246999, 'D_low': 4.043300846639722, 'k2': 0.00010939944910100016, 'D_high': 1693415.5410667954, 'fire_exp': 1.182396148413737, 'P_half': 1938.3858782150498, 'pre_dampen_half': 3.9885726374014694, 'gpp_af': 18.235072804314193, 'gpp_b': 3.228689523591491e-05, 'gpp_d': 6.378078463802852, 'ign_k': 3.210808548911192, 'ign_c': 3.0378658251922155, 'trop_agb_crit': 1.5774541406529003, 'trop_k_veg': 3.715819581962785, 'fuel_k': 1.8731335591844647, 'fuel_half': 7.259866824755671}.
[I 2026-07-22 18:42:59,019] Trial 169 finished with values: [-0.44182137477623357, 0.380082849779252] and parameters: {'k1': 9.969469187531805e-05, 'D_low': 864.0717009254879, 'k2': 7.67074891445376e-05, 'D_high': 160625.60954780428, 'fire_exp': 3.2181803496180783, 'P_half': 9.324787201197319, 'pre_dampen_half': 33.71909132517388, 'gpp_af': 42.29037995744429, 'gpp_b': 0.0005995821881487623, 'gpp_d': 6.91394869865762, 'ign_k': 4.59148521674054, 'ign_c': 0.13670484737132343, 'trop_agb_crit': 10.719494362768906, 'trop_k_veg': 1.140286245977296, 'fuel_k': 3.6992394681929355, 'fuel_half': 81.87941582538087}.
[I 2026-07-22 18:42:59,445] Trial 170 finished with values: [10.769212997713776, 10.769212997713776] and parameters: {'k1': 0.002968335334246999, 'D_low': 140.92119204434155, 'k2': 2.8459703343413838e-05, 'D_high': 107013.64911724928, 'fire_exp': 3.1323893237815805, 'P_half': 4221.021267871046, 'pre_dampen_half': 0.03597389076048619, 'gpp_af': 18.235072804314193, 'gpp_b': 0.02048523887932671, 'gpp_d': 6.378078463802852, 'ign_k': 0.001679627987843051, 'ign_c': 0.2987250655313649, 'trop_agb_crit': 1.5774541406529003, 'trop_k_veg': 3.024803048559367, 'fuel_k': 1.2528108647479208, 'fuel_half': 5.624789772977319}.
[I 2026-07-22 18:42:59,869] Trial 171 finished with values: [10.764865871975825, 10.764865871975825] and parameters: {'k1': 6.693990428538841e-05, 'D_low': 1.1640589436768796, 'k2': 3.5281132746849994e-05, 'D_high': 2512533.442757688, 'fire_exp': 7.479801584594695, 'P_half': 245.27450543222417, 'pre_dampen_half': 10.059683154936915, 'gpp_af': 2.114381609520638, 'gpp_b': 0.00011277885258222645, 'gpp_d': 373.3014953695604, 'ign_k': 0.04732407125181112, 'ign_c': 3.4084279109230433, 'trop_agb_crit': 5.841230872704112, 'trop_k_veg': 0.5695379443977426, 'fuel_k': 0.028970790717327534, 'fuel_half': 16.371966573507315}.
[I 2026-07-22 18:43:00,286] Trial 172 finished with values: [10.769230168645102, 10.769230168645102] and parameters: {'k1': 0.00023352156626184448, 'D_low': 84633.79750416071, 'k2': 2.5299503921303695e-05, 'D_high': 12.862664853393753, 'fire_exp': 1.3411849220480432, 'P_half': 2.1095259085905753, 'pre_dampen_half': 96.93415502195796, 'gpp_af': 0.03934396739328546, 'gpp_b': 1.172875368591911, 'gpp_d': 0.01307253094873642, 'ign_k': 0.0075985864315887865, 'ign_c': 1.3409701145872435, 'trop_agb_crit': 10.593659188108404, 'trop_k_veg': 3.324264218444254, 'fuel_k': 0.0500651901928747, 'fuel_half': 1.0891507139853283}.
[I 2026-07-22 18:43:00,704] Trial 173 finished with values: [11.061553073807067, 11.061553073807067] and parameters: {'k1': 0.00013649087666416944, 'D_low': 2.8627614274446977, 'k2': 0.0001971137615017176, 'D_high': 708572.1663941594, 'fire_exp': 1.0889492364376547, 'P_half': 2.458603276328005, 'pre_dampen_half': 26.373339933815235, 'gpp_af': 0.015350904103515228, 'gpp_b': 0.0005392415140872105, 'gpp_d': 8.057329182285729, 'ign_k': 0.02847858516856297, 'ign_c': 0.4392638796750216, 'trop_agb_crit': 26.402883285404346, 'trop_k_veg': 0.5772603928610088, 'fuel_k': 0.08612665817296865, 'fuel_half': 49.011305842597835}.
