C:\Users\owusu\miniforge3\envs\edfire\lib\site-packages\optuna\_experimental.py:33: ExperimentalWarning: Argument ``multivariate`` is an experimental feature. The interface can change in the future.
  optuna_warn(
[I 2026-08-20 00:00:05,779] A new study created in memory with name: no-name-43a4499b-5426-465c-86ea-de5e4972e3b1
[I 2026-08-20 00:00:08,224] Trial 0 finished with value: -0.5989088506199346 and parameters: {'k1': 0.0008685306488754917, 'D_low': 2240.9155921647994, 'k2': 0.0010532624798722347, 'D_high': 6525529.853354094, 'fire_exp': 1.2585476857229763, 'P_half': 355.00125258511594, 'pre_dampen_half': 16.224010950061366, 'gpp_af': 0.03522602097143089, 'gpp_b': 0.00012118589392553798, 'gpp_d': 12.338826503601998, 'ign_k': 2.136832907235876, 'ign_c': 22.126836566118193, 'trop_agb_crit': 26.951029433343408, 'trop_k_veg': 2.724170387400844}. Best is trial 0 with value: -0.5989088506199346.
[I 2026-08-20 00:00:11,093] Trial 1 finished with value: 0.6445374145881376 and parameters: {'k1': 0.00031489116479568613, 'D_low': 506157.68887523044, 'k2': 0.008471801418819975, 'D_high': 39079.671568228776, 'fire_exp': 1.4322493718230251, 'P_half': 4.2070539502879365, 'pre_dampen_half': 0.0195172246414495, 'gpp_af': 21.42302175774105, 'gpp_b': 0.040428727350273294, 'gpp_d': 34.70266988650411, 'ign_k': 0.0012087541473056963, 'ign_c': 757.9479953347999, 'trop_agb_crit': 16.967533607196547, 'trop_k_veg': 0.9008485225328876}. Best is trial 0 with value: -0.5989088506199346.
[I 2026-08-20 00:00:13,355] Trial 2 finished with value: 0.6445374145881376 and parameters: {'k1': 5.3370327626039544e-05, 'D_low': 12.601639723276797, 'k2': 0.00016480446427978953, 'D_high': 14077.923139972398, 'fire_exp': 2.7036160666620015, 'P_half': 14.61896279370496, 'pre_dampen_half': 11.462107403425028, 'gpp_af': 0.004982752357076452, 'gpp_b': 0.0005660670699258885, 'gpp_d': 0.6789053271698483, 'ign_k': 0.06672367170464207, 'ign_c': 138.26232179369853, 'trop_agb_crit': 1.9721610970573997, 'trop_k_veg': 2.0805107656418516}. Best is trial 0 with value: -0.5989088506199346.
[I 2026-08-20 00:00:15,681] Trial 3 finished with value: 0.6408659244296657 and parameters: {'k1': 0.00234238498471129, 'D_low': 1.8997763474111278, 'k2': 0.0026926469100861782, 'D_high': 105.47383621352037, 'fire_exp': 1.1615865989246452, 'P_half': 6245.139574743073, 'pre_dampen_half': 673.2248920775328, 'gpp_af': 11.015056790269638, 'gpp_b': 0.0006724850206557243, 'gpp_d': 0.030786517836196188, 'ign_k': 0.5456725485601477, 'ign_c': 5.762487216478598, 'trop_agb_crit': 1.5144860262751405, 'trop_k_veg': 1.97343313857243}. Best is trial 0 with value: -0.5989088506199346.
[I 2026-08-20 00:00:17,835] Trial 4 finished with value: 0.6445374145881376 and parameters: {'k1': 1.3726318898045866e-05, 'D_low': 285708.00750407216, 'k2': 0.00010842262717330161, 'D_high': 94435.15687962683, 'fire_exp': 2.0497980520950176, 'P_half': 120.30178871154668, 'pre_dampen_half': 5.414413211338521, 'gpp_af': 0.008399864445957504, 'gpp_b': 6.569128640939173, 'gpp_d': 75.10418138777538, 'ign_k': 5.727904470799623, 'ign_c': 379.5853142670635, 'trop_agb_crit': 7.641361869233315, 'trop_k_veg': 6.441947664628757}. Best is trial 0 with value: -0.5989088506199346.
[I 2026-08-20 00:00:20,040] Trial 5 finished with value: 0.5984088945034001 and parameters: {'k1': 2.259279742015695e-05, 'D_low': 14.993298055091547, 'k2': 1.5167330688076188e-05, 'D_high': 895.3276247642709, 'fire_exp': 2.447244097399011, 'P_half': 12.172958098369968, 'pre_dampen_half': 139.2154853304649, 'gpp_af': 0.06078083099681954, 'gpp_b': 0.0004848496183873286, 'gpp_d': 5.1698794422985355, 'ign_k': 0.0036618192203924276, 'ign_c': 161.72900811143117, 'trop_agb_crit': 1.2886065671894003, 'trop_k_veg': 7.714366810951191}. Best is trial 0 with value: -0.5989088506199346.
[I 2026-08-20 00:00:22,415] Trial 6 finished with value: 0.6471080678987413 and parameters: {'k1': 0.012273800987852962, 'D_low': 15.570196345516607, 'k2': 1.0521761868451132e-05, 'D_high': 781211.3973534919, 'fire_exp': 5.0916359458185525, 'P_half': 824.1925264876451, 'pre_dampen_half': 71.8375865581399, 'gpp_af': 0.002345434227726052, 'gpp_b': 0.0014151235919053699, 'gpp_d': 0.03796166895800813, 'ign_k': 2.8340904295147746, 'ign_c': 31.130959561221214, 'trop_agb_crit': 3.0816017044468054, 'trop_k_veg': 0.5963509068133073}. Best is trial 0 with value: -0.5989088506199346.
[I 2026-08-20 00:00:24,891] Trial 7 finished with value: 0.6083730063205053 and parameters: {'k1': 0.00017535949529764417, 'D_low': 89.3511059033186, 'k2': 0.008287522363768155, 'D_high': 66887.47907702051, 'fire_exp': 7.712811947156349, 'P_half': 77.42116473996248, 'pre_dampen_half': 0.039625178325723404, 'gpp_af': 3.6831884165358977, 'gpp_b': 0.36703737625293875, 'gpp_d': 6.403036652671167, 'ign_k': 1.2130221181165162, 'ign_c': 9.444574254983557, 'trop_agb_crit': 5.917520523090666, 'trop_k_veg': 1.6359901628520876}. Best is trial 0 with value: -0.5989088506199346.
[I 2026-08-20 00:00:27,211] Trial 8 finished with value: 0.6016899726908553 and parameters: {'k1': 1.263794633808287e-05, 'D_low': 4.439648242927527, 'k2': 1.3357240411974104e-05, 'D_high': 65835.8531097269, 'fire_exp': 2.0623196560647115, 'P_half': 108.21382910613987, 'pre_dampen_half': 345.01054536130147, 'gpp_af': 0.017638479543546873, 'gpp_b': 0.0028993292583566945, 'gpp_d': 59.94537656798816, 'ign_k': 0.008226074946221037, 'ign_c': 0.20319809838424974, 'trop_agb_crit': 2.679156169946616, 'trop_k_veg': 0.7818074020304813}. Best is trial 0 with value: -0.5989088506199346.
[I 2026-08-20 00:00:29,651] Trial 9 finished with value: 0.6431239966237429 and parameters: {'k1': 0.05233480488540085, 'D_low': 70586.60227368641, 'k2': 0.0034167643418329683, 'D_high': 1693415.5410667954, 'fire_exp': 6.363148766597142, 'P_half': 5.575453980775371, 'pre_dampen_half': 290.2652141826387, 'gpp_af': 0.49740621749684094, 'gpp_b': 0.6992636148959319, 'gpp_d': 302.3127748796293, 'ign_k': 0.018707420137660268, 'ign_c': 0.2755546207779662, 'trop_agb_crit': 2.171140223187998, 'trop_k_veg': 1.6340262437673854}. Best is trial 0 with value: -0.5989088506199346.
[I 2026-08-20 00:00:32,007] Trial 10 finished with value: 0.6446656444952765 and parameters: {'k1': 0.0013293965960052762, 'D_low': 398.8840508597335, 'k2': 0.008689322190859564, 'D_high': 242609.9337417191, 'fire_exp': 1.2140011273764808, 'P_half': 561.6888799534802, 'pre_dampen_half': 28.148352091567606, 'gpp_af': 0.019090893160454044, 'gpp_b': 0.006144711536460061, 'gpp_d': 211.95585734151874, 'ign_k': 0.6608574348008796, 'ign_c': 50.34854794647612, 'trop_agb_crit': 16.347099534725523, 'trop_k_veg': 5.1845398298355185}. Best is trial 0 with value: -0.5989088506199346.
[I 2026-08-20 00:00:34,263] Trial 11 finished with value: 0.6107157012301535 and parameters: {'k1': 1.8941957682100404e-05, 'D_low': 2178.661194956543, 'k2': 9.094998594508233e-05, 'D_high': 10052.566390632928, 'fire_exp': 1.0491535719415117, 'P_half': 33.5495042697316, 'pre_dampen_half': 277.316013061106, 'gpp_af': 0.19110040907125245, 'gpp_b': 0.0038025119296558906, 'gpp_d': 0.07172401424981038, 'ign_k': 0.001940725869358154, 'ign_c': 110.22010007378567, 'trop_agb_crit': 1.1146508318751422, 'trop_k_veg': 3.7652459094693547}. Best is trial 0 with value: -0.5989088506199346.
[I 2026-08-20 00:00:36,526] Trial 12 finished with value: 0.6455311729290454 and parameters: {'k1': 2.9466755871970594e-05, 'D_low': 2.877121220421928, 'k2': 2.2644832837285612e-05, 'D_high': 96611.48927783723, 'fire_exp': 4.046836085466894, 'P_half': 435.7209537108584, 'pre_dampen_half': 691.6767404842595, 'gpp_af': 0.006164907391428413, 'gpp_b': 0.027158017302248993, 'gpp_d': 61.246782885390935, 'ign_k': 0.003299284932300021, 'ign_c': 29.912628881609116, 'trop_agb_crit': 1.572321695167186, 'trop_k_veg': 7.134463410320963}. Best is trial 0 with value: -0.5989088506199346.
[I 2026-08-20 00:00:39,801] Trial 13 finished with value: 0.6067917474188927 and parameters: {'k1': 0.00247335698848839, 'D_low': 76008.7527231748, 'k2': 0.00018162759845124246, 'D_high': 8091401.987142802, 'fire_exp': 1.8607374806672563, 'P_half': 86.43573834128793, 'pre_dampen_half': 3.7036044496961043, 'gpp_af': 0.17771247708814494, 'gpp_b': 0.0032138608715472526, 'gpp_d': 0.19212990954890377, 'ign_k': 4.113027939696418, 'ign_c': 0.9183518881839459, 'trop_agb_crit': 25.698724631224717, 'trop_k_veg': 3.4237705952199047}. Best is trial 0 with value: -0.5989088506199346.
[I 2026-08-20 00:00:42,023] Trial 14 finished with value: 0.5973981426262085 and parameters: {'k1': 0.00036516592333665077, 'D_low': 16.169881914036495, 'k2': 2.0461907177374724e-05, 'D_high': 648.3236150460762, 'fire_exp': 2.630280963278655, 'P_half': 1.0688243407348648, 'pre_dampen_half': 112.24503777639988, 'gpp_af': 0.017013387837650173, 'gpp_b': 0.00041227778791405514, 'gpp_d': 13.872830922381857, 'ign_k': 0.006778608970000795, 'ign_c': 20.49861441472796, 'trop_agb_crit': 3.4616940913433782, 'trop_k_veg': 6.923881127987087}. Best is trial 0 with value: -0.5989088506199346.
[I 2026-08-20 00:00:44,299] Trial 15 finished with value: 0.5935963512552245 and parameters: {'k1': 0.002801136691313166, 'D_low': 629.8628985584536, 'k2': 1.475367877146612e-05, 'D_high': 45.524319708095334, 'fire_exp': 2.3273149077376964, 'P_half': 5.965622627353733, 'pre_dampen_half': 3.276113132626621, 'gpp_af': 0.2340999300841905, 'gpp_b': 6.670335021946353e-05, 'gpp_d': 70.79576877180419, 'ign_k': 0.0034030098579725587, 'ign_c': 22.091204052331197, 'trop_agb_crit': 5.913846226502552, 'trop_k_veg': 4.455522810829291}. Best is trial 0 with value: -0.5989088506199346.
[I 2026-08-20 00:00:46,529] Trial 16 finished with value: 0.5931913771944963 and parameters: {'k1': 0.0014652782594948904, 'D_low': 6415.522757256633, 'k2': 1.465084550102668e-05, 'D_high': 5047.837669734988, 'fire_exp': 1.9042947938626174, 'P_half': 26.26573084016922, 'pre_dampen_half': 0.612297045518767, 'gpp_af': 0.20182770346914056, 'gpp_b': 1.8133911225114875e-05, 'gpp_d': 7.11220721428832, 'ign_k': 0.006510902103253452, 'ign_c': 69.74533462542045, 'trop_agb_crit': 6.263740024951821, 'trop_k_veg': 7.706387546924046}. Best is trial 0 with value: -0.5989088506199346.
[I 2026-08-20 00:00:48,819] Trial 17 finished with value: 0.567116350428409 and parameters: {'k1': 1.289416451983021e-05, 'D_low': 167572.73729684504, 'k2': 0.00022695413289059523, 'D_high': 768241.7788229696, 'fire_exp': 1.298968173941602, 'P_half': 324.5920425546855, 'pre_dampen_half': 55.36460939557752, 'gpp_af': 0.003177935166853836, 'gpp_b': 8.625514022969954e-05, 'gpp_d': 5.225535330846682, 'ign_k': 1.2491601640624632, 'ign_c': 9.664417255412097, 'trop_agb_crit': 11.528505531366259, 'trop_k_veg': 0.8320667193698468}. Best is trial 0 with value: -0.5989088506199346.
[I 2026-08-20 00:00:51,496] Trial 18 finished with value: 0.6445374145881376 and parameters: {'k1': 0.00015530106122963936, 'D_low': 216306.0841896366, 'k2': 0.00021520545748858656, 'D_high': 75811.50769558565, 'fire_exp': 1.7505222600874264, 'P_half': 5013.049509723158, 'pre_dampen_half': 34.4750630022541, 'gpp_af': 0.04656406424206682, 'gpp_b': 3.5281142871690623e-05, 'gpp_d': 13.758093501996234, 'ign_k': 2.030440836731281, 'ign_c': 15.379592210182366, 'trop_agb_crit': 8.952837735835407, 'trop_k_veg': 0.7230501176168763}. Best is trial 0 with value: -0.5989088506199346.
[I 2026-08-20 00:00:53,773] Trial 19 finished with value: -0.5808596508712794 and parameters: {'k1': 3.9426313713937774e-05, 'D_low': 608.6891832085421, 'k2': 0.0020357963318685304, 'D_high': 360790.1782956638, 'fire_exp': 2.145698378036981, 'P_half': 10.398291305010376, 'pre_dampen_half': 12.268664092798705, 'gpp_af': 0.035661073687326336, 'gpp_b': 8.998314250126438e-05, 'gpp_d': 14.355362494253782, 'ign_k': 1.9453010562052877, 'ign_c': 11.309774796962783, 'trop_agb_crit': 18.712671427849344, 'trop_k_veg': 0.8083940080270143}. Best is trial 0 with value: -0.5989088506199346.
[I 2026-08-20 00:00:56,205] Trial 20 finished with value: 0.5130077559258825 and parameters: {'k1': 0.0004365846207365484, 'D_low': 191.1630183671402, 'k2': 0.019182889841283288, 'D_high': 766639.4066666627, 'fire_exp': 1.5347617261985755, 'P_half': 123.46045118343179, 'pre_dampen_half': 0.10937089672995066, 'gpp_af': 0.32868004662280165, 'gpp_b': 0.0006764877034973105, 'gpp_d': 1.16769078249055, 'ign_k': 7.104152394988814, 'ign_c': 4.6006958638742415, 'trop_agb_crit': 11.935376693891818, 'trop_k_veg': 0.8966315655078165}. Best is trial 0 with value: -0.5989088506199346.
[I 2026-08-20 00:00:58,641] Trial 21 finished with value: 0.5193644464722891 and parameters: {'k1': 0.0029843453248044427, 'D_low': 741.8987292711079, 'k2': 0.01710936779769694, 'D_high': 2649339.48311574, 'fire_exp': 2.4753028503707983, 'P_half': 9.815836150192368, 'pre_dampen_half': 0.26005296924578986, 'gpp_af': 1.027272153570115, 'gpp_b': 0.00021746493424111102, 'gpp_d': 0.3702630382690199, 'ign_k': 3.2282515667589844, 'ign_c': 13.19385793987919, 'trop_agb_crit': 5.693348307099496, 'trop_k_veg': 0.63683306730749}. Best is trial 0 with value: -0.5989088506199346.
[I 2026-08-20 00:01:01,295] Trial 22 finished with value: 0.4624065533047548 and parameters: {'k1': 0.0008083379009538604, 'D_low': 19.58855214400638, 'k2': 0.006613913211982659, 'D_high': 35553.63202625986, 'fire_exp': 1.8673479970036144, 'P_half': 27.8964886454625, 'pre_dampen_half': 26.024264511951028, 'gpp_af': 0.02499132881512459, 'gpp_b': 3.828713789952433e-05, 'gpp_d': 21.054906746432216, 'ign_k': 2.3298551267769616, 'ign_c': 3.2435891936399885, 'trop_agb_crit': 14.650726340452115, 'trop_k_veg': 0.5378377086747487}. Best is trial 0 with value: -0.5989088506199346.
[I 2026-08-20 00:01:04,070] Trial 23 finished with value: -0.537048893485977 and parameters: {'k1': 0.00045597991751933174, 'D_low': 11.812197302328642, 'k2': 0.006271588390729842, 'D_high': 26790.774960786133, 'fire_exp': 1.619851286578314, 'P_half': 90.22535073992732, 'pre_dampen_half': 169.4816969796275, 'gpp_af': 0.006956689938507628, 'gpp_b': 2.9912048093109614e-05, 'gpp_d': 6.671397144689237, 'ign_k': 6.379123616386712, 'ign_c': 21.86913713192069, 'trop_agb_crit': 25.650705833762338, 'trop_k_veg': 1.5744960571856135}. Best is trial 0 with value: -0.5989088506199346.
[I 2026-08-20 00:01:06,726] Trial 24 finished with value: 0.6445374145881376 and parameters: {'k1': 1.5233266172354048e-05, 'D_low': 9771.996618970777, 'k2': 0.024353954470808875, 'D_high': 220777.8282509737, 'fire_exp': 1.990252197382046, 'P_half': 6.140288635489862, 'pre_dampen_half': 4.348040215277328, 'gpp_af': 0.0076286958953626135, 'gpp_b': 0.0010753107052078321, 'gpp_d': 9.591739026658239, 'ign_k': 8.595237639923347, 'ign_c': 380.1546536953309, 'trop_agb_crit': 17.36128213071541, 'trop_k_veg': 1.1098986699102975}. Best is trial 0 with value: -0.5989088506199346.
[I 2026-08-20 00:01:09,085] Trial 25 finished with value: 0.5855521987590053 and parameters: {'k1': 0.00043934140801742816, 'D_low': 319.3185835474271, 'k2': 0.0001818523821097325, 'D_high': 5392106.707123724, 'fire_exp': 1.4654429245105975, 'P_half': 7738.93463528025, 'pre_dampen_half': 6.353487327143816, 'gpp_af': 0.2598951477792054, 'gpp_b': 0.001065735705320579, 'gpp_d': 5.167919946575565, 'ign_k': 0.1467972452714708, 'ign_c': 33.14781191328735, 'trop_agb_crit': 21.195752439568494, 'trop_k_veg': 3.4722928019468875}. Best is trial 0 with value: -0.5989088506199346.
[I 2026-08-20 00:01:11,795] Trial 26 finished with value: 0.6445374145881376 and parameters: {'k1': 6.69237086305722e-05, 'D_low': 3.4342898787982894, 'k2': 0.008063760519727903, 'D_high': 6099.178976107188, 'fire_exp': 2.016583916912549, 'P_half': 38.76513349291283, 'pre_dampen_half': 21.66275102617878, 'gpp_af': 0.21480355493226388, 'gpp_b': 1.6819209379499967e-05, 'gpp_d': 304.04556884010356, 'ign_k': 2.110369507584031, 'ign_c': 286.8137464549533, 'trop_agb_crit': 22.32923588524142, 'trop_k_veg': 3.473714856372136}. Best is trial 0 with value: -0.5989088506199346.
[I 2026-08-20 00:01:14,165] Trial 27 finished with value: 0.5240174837692617 and parameters: {'k1': 0.0074328712251254874, 'D_low': 39.528578232479326, 'k2': 0.005340432450401556, 'D_high': 148097.88003020672, 'fire_exp': 2.4393338501420128, 'P_half': 8.205897375825984, 'pre_dampen_half': 932.7427743131644, 'gpp_af': 0.00584398053128513, 'gpp_b': 3.275267223423201e-05, 'gpp_d': 37.085959823595616, 'ign_k': 3.2254391806384777, 'ign_c': 1.6743417273401742, 'trop_agb_crit': 19.803063240426486, 'trop_k_veg': 3.6255913515881755}. Best is trial 0 with value: -0.5989088506199346.
[I 2026-08-20 00:01:16,770] Trial 28 finished with value: 0.6447086595450193 and parameters: {'k1': 0.001360166487539182, 'D_low': 97191.24018502384, 'k2': 0.060937117524299984, 'D_high': 5669830.930113764, 'fire_exp': 2.3906880921810743, 'P_half': 178.00931477021612, 'pre_dampen_half': 31.422739722059745, 'gpp_af': 0.04765135175675607, 'gpp_b': 0.00031977538359975597, 'gpp_d': 3.998093563915752, 'ign_k': 1.7461830180699438, 'ign_c': 39.25483762350322, 'trop_agb_crit': 28.90612433979943, 'trop_k_veg': 2.6137324955170844}. Best is trial 0 with value: -0.5989088506199346.
[I 2026-08-20 00:01:19,431] Trial 29 finished with value: 0.6445374145881376 and parameters: {'k1': 0.00019511689665138273, 'D_low': 189.91762601119405, 'k2': 0.0035915974670148398, 'D_high': 58329.01998515577, 'fire_exp': 1.887902328261858, 'P_half': 1366.4399332259466, 'pre_dampen_half': 484.32685848816874, 'gpp_af': 0.028187386741123484, 'gpp_b': 3.0500979240896127e-05, 'gpp_d': 1.3078545149557759, 'ign_k': 0.4683784248134192, 'ign_c': 85.01422946646576, 'trop_agb_crit': 22.805978928650603, 'trop_k_veg': 1.0692029297446415}. Best is trial 0 with value: -0.5989088506199346.
[I 2026-08-20 00:01:21,815] Trial 30 finished with value: 0.4877987886741211 and parameters: {'k1': 0.0007646700659056511, 'D_low': 3.8019249093318668, 'k2': 9.897110525566897e-05, 'D_high': 499447.5555331695, 'fire_exp': 1.0515661123725912, 'P_half': 92.33283799844637, 'pre_dampen_half': 409.8703532941862, 'gpp_af': 0.013612642270434634, 'gpp_b': 0.004393698868084444, 'gpp_d': 0.7697611105369528, 'ign_k': 3.9447880024662525, 'ign_c': 5.0800603682607886, 'trop_agb_crit': 20.17813682767974, 'trop_k_veg': 2.134656740938327}. Best is trial 0 with value: -0.5989088506199346.
[I 2026-08-20 00:01:24,279] Trial 31 finished with value: -0.5486469732845263 and parameters: {'k1': 0.0002650630741287329, 'D_low': 31.366623314570298, 'k2': 0.007740108993846079, 'D_high': 101465.27731085829, 'fire_exp': 3.158721668575949, 'P_half': 13.603447480685329, 'pre_dampen_half': 8.649717522246371, 'gpp_af': 0.019408330263472398, 'gpp_b': 0.00013396574120175044, 'gpp_d': 15.867578677929984, 'ign_k': 1.1779027332474474, 'ign_c': 0.4426600852056552, 'trop_agb_crit': 10.077576623479542, 'trop_k_veg': 0.751457153997514}. Best is trial 0 with value: -0.5989088506199346.
[I 2026-08-20 00:01:26,662] Trial 32 finished with value: 0.5036166390552831 and parameters: {'k1': 3.1302621714162465e-05, 'D_low': 81.12708710608369, 'k2': 0.0007803805028513075, 'D_high': 2040330.4108099737, 'fire_exp': 3.1350855468676766, 'P_half': 7.296271837780544, 'pre_dampen_half': 1.8755906291631332, 'gpp_af': 0.11421562122457318, 'gpp_b': 0.00026990889691955845, 'gpp_d': 688.4907451465942, 'ign_k': 0.4909093504573396, 'ign_c': 0.1047422710183067, 'trop_agb_crit': 19.23972143806181, 'trop_k_veg': 1.1413165646340546}. Best is trial 0 with value: -0.5989088506199346.
[I 2026-08-20 00:01:29,352] Trial 33 finished with value: 0.6445374145881376 and parameters: {'k1': 0.0011115548378725533, 'D_low': 22159.5424663503, 'k2': 8.477124391347413e-05, 'D_high': 6156081.197931225, 'fire_exp': 1.6023325677171967, 'P_half': 361.51194407279274, 'pre_dampen_half': 4.197464946195603, 'gpp_af': 0.018472627971299786, 'gpp_b': 0.00015738204091591813, 'gpp_d': 360.7179730709332, 'ign_k': 6.698215172395446, 'ign_c': 57.32558764861313, 'trop_agb_crit': 17.842506593947633, 'trop_k_veg': 2.015706505755974}. Best is trial 0 with value: -0.5989088506199346.
[I 2026-08-20 00:01:32,137] Trial 34 finished with value: 0.637747836252726 and parameters: {'k1': 0.001078074351465278, 'D_low': 1.1060326116810772, 'k2': 0.0828462241706094, 'D_high': 236205.73030623683, 'fire_exp': 1.6090201666095054, 'P_half': 210.99045874345393, 'pre_dampen_half': 201.54567316730237, 'gpp_af': 0.057785597543465156, 'gpp_b': 0.00021396827616727666, 'gpp_d': 2.8301907270400335, 'ign_k': 6.2040175166108815, 'ign_c': 30.4906826669708, 'trop_agb_crit': 26.032438768987436, 'trop_k_veg': 1.9260412181066977}. Best is trial 0 with value: -0.5989088506199346.
[I 2026-08-20 00:01:34,624] Trial 35 finished with value: -0.5549240782384004 and parameters: {'k1': 0.00018672369268709187, 'D_low': 4196.641498655876, 'k2': 7.056089328594161e-05, 'D_high': 1068214.026651483, 'fire_exp': 4.245254078997086, 'P_half': 8.393770638015738, 'pre_dampen_half': 93.88068624267093, 'gpp_af': 0.19463112430450477, 'gpp_b': 0.0004183297417132402, 'gpp_d': 1.0694338779378858, 'ign_k': 1.2391567880525596, 'ign_c': 11.326997150252174, 'trop_agb_crit': 21.381232418222133, 'trop_k_veg': 0.5878336465542569}. Best is trial 0 with value: -0.5989088506199346.
[I 2026-08-20 00:01:37,185] Trial 36 finished with value: 0.6265364227499128 and parameters: {'k1': 0.0004595236811281686, 'D_low': 196854.4015108395, 'k2': 8.691634782355806e-05, 'D_high': 1528906.3933688416, 'fire_exp': 6.7862421784027855, 'P_half': 5.330000625857324, 'pre_dampen_half': 24.554953990285895, 'gpp_af': 0.19241603637032256, 'gpp_b': 0.00018052556910113098, 'gpp_d': 0.45265589507085685, 'ign_k': 2.4739795182478557, 'ign_c': 11.10820755606981, 'trop_agb_crit': 14.533345969377871, 'trop_k_veg': 0.6165924732632572}. Best is trial 0 with value: -0.5989088506199346.
