[I 2026-08-06 10:52:03,406] Trial 483 finished with values: [-0.5632449634627867, 0.18896659483196332] and parameters: {'k1': 0.008912611835817005, 'D_low': 7.299348683062307, 'k2': 0.003101429427212743, 'D_high': 3346.220103048382, 'fire_exp': 1.0601964743503993, 'P_half': 2.062120257534816, 'pre_dampen_half': 8.144272585223819, 'gpp_af': 0.6403036652671171, 'gpp_b': 0.0005739662837359252, 'gpp_d': 0.5363092465892282, 'ign_k': 0.21006485619596416, 'ign_c': 5.13055176058983, 'trop_agb_crit': 1.0903028125370984, 'trop_k_veg': 3.1473758868965476}.
[I 2026-08-06 10:52:04,448] Trial 484 finished with values: [10.66392729762205, 10.66392729762205] and parameters: {'k1': 0.00488137519160367, 'D_low': 520.4862686958022, 'k2': 8.923807143379776e-05, 'D_high': 11069.082134755383, 'fire_exp': 2.494154063094566, 'P_half': 221.2683656611821, 'pre_dampen_half': 331.7366635899375, 'gpp_af': 1.6059727222314273, 'gpp_b': 0.012132126638791128, 'gpp_d': 82.84476373292449, 'ign_k': 0.019192001101561888, 'ign_c': 1.9580595319750387, 'trop_agb_crit': 1.0693376406863295, 'trop_k_veg': 5.580504276549027}.
[I 2026-08-06 10:52:05,527] Trial 485 finished with values: [-0.5711244781219963, 0.08409394870465403] and parameters: {'k1': 0.012021930484915042, 'D_low': 7.299348683062307, 'k2': 0.003101429427212743, 'D_high': 61536.58035691648, 'fire_exp': 1.0601964743503993, 'P_half': 221.2683656611821, 'pre_dampen_half': 3.3841016089580034, 'gpp_af': 0.0049748543504537545, 'gpp_b': 0.0005739662837359252, 'gpp_d': 14.792055086678463, 'ign_k': 3.589155871450839, 'ign_c': 5.13055176058983, 'trop_agb_crit': 10.691477813613638, 'trop_k_veg': 1.9799513595694562}.
[I 2026-08-06 10:52:06,565] Trial 486 finished with values: [10.432138087122869, 10.432138087122869] and parameters: {'k1': 0.00488137519160367, 'D_low': 520.4862686958022, 'k2': 8.923807143379776e-05, 'D_high': 42210.21267871043, 'fire_exp': 1.3170256885255098, 'P_half': 5.076307782729897, 'pre_dampen_half': 331.7366635899375, 'gpp_af': 1.6059727222314273, 'gpp_b': 2.176805640408474e-05, 'gpp_d': 229.41380323183625, 'ign_k': 0.01364908766641695, 'ign_c': 30.785541778315018, 'trop_agb_crit': 8.997007571451054, 'trop_k_veg': 2.520089655463604}.
[I 2026-08-06 10:52:07,622] Trial 487 finished with values: [10.320615429431692, 10.320615429431692] and parameters: {'k1': 7.118997101275657e-05, 'D_low': 355.00125258511594, 'k2': 1.1065812688893481e-05, 'D_high': 645.2946500764235, 'fire_exp': 1.7329145403564932, 'P_half': 4.213183643253957, 'pre_dampen_half': 63.6685916079943, 'gpp_af': 0.6403036652671171, 'gpp_b': 6.255968081638362e-05, 'gpp_d': 2.944272359149677, 'ign_k': 0.21006485619596416, 'ign_c': 1.0226988730324322, 'trop_agb_crit': 6.891704535458281, 'trop_k_veg': 3.3819606566552936}.
[I 2026-08-06 10:52:08,688] Trial 488 finished with values: [10.23372532255562, 10.23372532255562] and parameters: {'k1': 0.00488137519160367, 'D_low': 355.00125258511594, 'k2': 8.923807143379776e-05, 'D_high': 78.57247967427125, 'fire_exp': 1.3170256885255098, 'P_half': 140.74279366401683, 'pre_dampen_half': 331.7366635899375, 'gpp_af': 0.6403036652671171, 'gpp_b': 0.01666658176842624, 'gpp_d': 82.84476373292449, 'ign_k': 0.019192001101561888, 'ign_c': 30.785541778315018, 'trop_agb_crit': 18.785197416433792, 'trop_k_veg': 1.140286245977296}.
[I 2026-08-06 10:52:09,740] Trial 489 finished with values: [10.651653559072493, 10.651653559072493] and parameters: {'k1': 0.01889771394135163, 'D_low': 40.52505887227999, 'k2': 1.1065812688893481e-05, 'D_high': 5670.3463356272905, 'fire_exp': 1.2611826901294014, 'P_half': 1593.4806585556198, 'pre_dampen_half': 5.048653998722947, 'gpp_af': 1.9706963379095486, 'gpp_b': 0.0005739662837359252, 'gpp_d': 2.944272359149677, 'ign_k': 0.6161423618045312, 'ign_c': 0.6318310680434649, 'trop_agb_crit': 7.500118950416987, 'trop_k_veg': 4.030242248006271}.
[I 2026-08-06 10:52:10,845] Trial 490 finished with values: [10.265179340747997, 10.265179340747997] and parameters: {'k1': 0.00488137519160367, 'D_low': 520.4862686958022, 'k2': 0.0154776166709383, 'D_high': 8182.111518618414, 'fire_exp': 1.4705594362141987, 'P_half': 712.8188058401365, 'pre_dampen_half': 63.6685916079943, 'gpp_af': 1.9706963379095486, 'gpp_b': 0.3682510091559943, 'gpp_d': 19.600139992927435, 'ign_k': 2.5253810447657927, 'ign_c': 1.9580595319750387, 'trop_agb_crit': 8.997007571451054, 'trop_k_veg': 2.4336356947036335}.
[I 2026-08-06 10:52:11,906] Trial 491 finished with values: [10.350175231161506, 10.350175231161506] and parameters: {'k1': 0.008912611835817005, 'D_low': 355.00125258511594, 'k2': 1.1065812688893481e-05, 'D_high': 645.2946500764235, 'fire_exp': 1.2722364682603622, 'P_half': 4.213183643253957, 'pre_dampen_half': 331.7366635899375, 'gpp_af': 5.335773317316405, 'gpp_b': 0.01666658176842624, 'gpp_d': 15.210771689632104, 'ign_k': 0.019192001101561888, 'ign_c': 54.079797238871784, 'trop_agb_crit': 1.0903028125370984, 'trop_k_veg': 3.1473758868965476}.
[I 2026-08-06 10:52:12,967] Trial 492 finished with values: [10.067628947149737, 10.067628947149737] and parameters: {'k1': 0.00488137519160367, 'D_low': 40.52505887227999, 'k2': 8.923807143379776e-05, 'D_high': 5670.3463356272905, 'fire_exp': 1.2611826901294014, 'P_half': 4.213183643253957, 'pre_dampen_half': 331.7366635899375, 'gpp_af': 5.335773317316405, 'gpp_b': 0.012132126638791128, 'gpp_d': 2.944272359149677, 'ign_k': 0.6697348618512097, 'ign_c': 5.13055176058983, 'trop_agb_crit': 18.785197416433792, 'trop_k_veg': 4.030242248006271}.
[I 2026-08-06 10:52:14,044] Trial 493 finished with values: [10.769127766426957, 10.769127766426957] and parameters: {'k1': 0.002155595057104387, 'D_low': 12.105387404469584, 'k2': 1.1065812688893481e-05, 'D_high': 76.7074891445377, 'fire_exp': 1.2611826901294014, 'P_half': 140.74279366401683, 'pre_dampen_half': 331.7366635899375, 'gpp_af': 0.0014385690886336343, 'gpp_b': 4.1426045463636205, 'gpp_d': 82.84476373292449, 'ign_k': 0.019192001101561888, 'ign_c': 1.9580595319750387, 'trop_agb_crit': 18.785197416433792, 'trop_k_veg': 1.140286245977296}.
[I 2026-08-06 10:52:15,138] Trial 494 finished with values: [-0.5660837152603773, 0.0905774325620099] and parameters: {'k1': 2.316457903103837e-05, 'D_low': 40.52505887227999, 'k2': 1.1065812688893481e-05, 'D_high': 60107.420288647554, 'fire_exp': 1.1263716762638152, 'P_half': 4.213183643253957, 'pre_dampen_half': 63.6685916079943, 'gpp_af': 0.6403036652671171, 'gpp_b': 0.22727308251068193, 'gpp_d': 2.944272359149677, 'ign_k': 0.21006485619596416, 'ign_c': 1.9580595319750387, 'trop_agb_crit': 1.0903028125370984, 'trop_k_veg': 4.989748894578724}.
[I 2026-08-06 10:52:16,230] Trial 495 finished with values: [10.057607372090432, 10.057607372090432] and parameters: {'k1': 0.012021930484915042, 'D_low': 7.46475488144212, 'k2': 0.003101429427212743, 'D_high': 645.2946500764235, 'fire_exp': 1.5185721648966928, 'P_half': 102.4585893986732, 'pre_dampen_half': 63.6685916079943, 'gpp_af': 0.6403036652671171, 'gpp_b': 0.22727308251068193, 'gpp_d': 14.792055086678463, 'ign_k': 0.21006485619596416, 'ign_c': 1.9580595319750387, 'trop_agb_crit': 1.0903028125370984, 'trop_k_veg': 4.989748894578724}.
[I 2026-08-06 10:52:17,275] Trial 496 finished with values: [-0.5657487552836832, 0.19582119810480603] and parameters: {'k1': 0.008912611835817005, 'D_low': 12.105387404469584, 'k2': 1.1065812688893481e-05, 'D_high': 16.139316358793206, 'fire_exp': 1.3170256885255098, 'P_half': 4.213183643253957, 'pre_dampen_half': 38.00678588560607, 'gpp_af': 1.6059727222314273, 'gpp_b': 0.0005739662837359252, 'gpp_d': 229.41380323183625, 'ign_k': 0.01364908766641695, 'ign_c': 3.470490935437501, 'trop_agb_crit': 7.500118950416987, 'trop_k_veg': 2.520089655463604}.
[I 2026-08-06 10:52:18,344] Trial 497 finished with values: [-0.5397245650323168, 0.287625001622586] and parameters: {'k1': 0.0014628013120517715, 'D_low': 12.105387404469584, 'k2': 4.207988669606632e-05, 'D_high': 1236.6924205139144, 'fire_exp': 1.2611826901294014, 'P_half': 4.213183643253957, 'pre_dampen_half': 234.12640025944248, 'gpp_af': 3.509963475591817, 'gpp_b': 0.0005739662837359252, 'gpp_d': 2.944272359149677, 'ign_k': 2.1368329072358767, 'ign_c': 5.13055176058983, 'trop_agb_crit': 7.500118950416987, 'trop_k_veg': 0.6673124511410327}.
[I 2026-08-06 10:52:19,392] Trial 498 finished with values: [11.029658065778102, 11.029658065778102] and parameters: {'k1': 0.07111611367121734, 'D_low': 7.46475488144212, 'k2': 1.1065812688893481e-05, 'D_high': 30470.283500219237, 'fire_exp': 1.3170256885255098, 'P_half': 102.4585893986732, 'pre_dampen_half': 63.6685916079943, 'gpp_af': 0.6403036652671171, 'gpp_b': 0.0005739662837359252, 'gpp_d': 84.31013932082456, 'ign_k': 0.12329098365270515, 'ign_c': 0.557280750002996, 'trop_agb_crit': 11.344699198303248, 'trop_k_veg': 4.61686111043599}.
[I 2026-08-06 10:52:20,663] Trial 499 finished with values: [10.751354524151356, 10.751354524151356] and parameters: {'k1': 0.000227929621949939, 'D_low': 520.4862686958022, 'k2': 0.0003432139136241583, 'D_high': 1493.5213816355397, 'fire_exp': 1.3170256885255098, 'P_half': 4.213183643253957, 'pre_dampen_half': 331.7366635899375, 'gpp_af': 11.861116422456565, 'gpp_b': 0.0005739662837359252, 'gpp_d': 0.025152098893118636, 'ign_k': 0.019192001101561888, 'ign_c': 30.785541778315018, 'trop_agb_crit': 18.785197416433792, 'trop_k_veg': 1.140286245977296}.
[I 2026-08-06 10:52:21,744] Trial 500 finished with values: [-0.5505259006803194, 0.23755766506156395] and parameters: {'k1': 0.01889771394135163, 'D_low': 40.52505887227999, 'k2': 1.1065812688893481e-05, 'D_high': 37954.79274251299, 'fire_exp': 1.0601964743503993, 'P_half': 4.213183643253957, 'pre_dampen_half': 5.048653998722947, 'gpp_af': 1.9706963379095486, 'gpp_b': 0.0054502936945582505, 'gpp_d': 757.2868182332339, 'ign_k': 0.1550134937334847, 'ign_c': 1.9580595319750387, 'trop_agb_crit': 7.500118950416987, 'trop_k_veg': 5.580504276549027}.
[I 2026-08-06 10:52:22,806] Trial 501 finished with values: [10.469519704306009, 10.469519704306009] and parameters: {'k1': 0.008912611835817005, 'D_low': 355.00125258511594, 'k2': 1.1065812688893481e-05, 'D_high': 5670.3463356272905, 'fire_exp': 1.221575427404682, 'P_half': 4.213183643253957, 'pre_dampen_half': 63.6685916079943, 'gpp_af': 0.6403036652671171, 'gpp_b': 0.22727308251068193, 'gpp_d': 1.493264336549928, 'ign_k': 0.019192001101561888, 'ign_c': 1.9580595319750387, 'trop_agb_crit': 8.997007571451054, 'trop_k_veg': 0.6673124511410327}.
[I 2026-08-06 10:52:23,873] Trial 502 finished with values: [10.217631589571539, 10.217631589571539] and parameters: {'k1': 0.008912611835817005, 'D_low': 38.82837025280678, 'k2': 0.018586220273069057, 'D_high': 5670.3463356272905, 'fire_exp': 1.7329145403564932, 'P_half': 4.213183643253957, 'pre_dampen_half': 234.12640025944248, 'gpp_af': 0.6403036652671171, 'gpp_b': 0.08128322984179755, 'gpp_d': 0.6960360257735198, 'ign_k': 0.01364908766641695, 'ign_c': 3.470490935437501, 'trop_agb_crit': 6.275146677376727, 'trop_k_veg': 2.520089655463604}.
[I 2026-08-06 10:52:24,939] Trial 503 finished with values: [10.37871617069263, 10.37871617069263] and parameters: {'k1': 0.07111611367121734, 'D_low': 40.52505887227999, 'k2': 1.1065812688893481e-05, 'D_high': 233.07122788234065, 'fire_exp': 1.0601964743503993, 'P_half': 4.213183643253957, 'pre_dampen_half': 63.6685916079943, 'gpp_af': 1.2389588752305056, 'gpp_b': 0.0005739662837359252, 'gpp_d': 757.2868182332339, 'ign_k': 0.0036065195493704487, 'ign_c': 5.13055176058983, 'trop_agb_crit': 8.997007571451054, 'trop_k_veg': 1.7523283580965605}.
[I 2026-08-06 10:52:25,984] Trial 504 finished with values: [-0.5568298567379993, 0.17055572573250632] and parameters: {'k1': 0.01889771394135163, 'D_low': 7.299348683062307, 'k2': 0.003767022142229395, 'D_high': 61536.58035691648, 'fire_exp': 1.0601964743503993, 'P_half': 221.2683656611821, 'pre_dampen_half': 3.3841016089580034, 'gpp_af': 1.2389588752305056, 'gpp_b': 0.0005739662837359252, 'gpp_d': 84.31013932082456, 'ign_k': 0.6161423618045312, 'ign_c': 1.9580595319750387, 'trop_agb_crit': 7.500118950416987, 'trop_k_veg': 1.0594599158279707}.
[I 2026-08-06 10:52:27,060] Trial 505 finished with values: [10.360202797074678, 10.360202797074678] and parameters: {'k1': 0.00488137519160367, 'D_low': 520.4862686958022, 'k2': 0.0154776166709383, 'D_high': 42210.21267871043, 'fire_exp': 1.221575427404682, 'P_half': 712.8188058401365, 'pre_dampen_half': 63.6685916079943, 'gpp_af': 1.6515376395739698, 'gpp_b': 0.3682510091559943, 'gpp_d': 19.600139992927435, 'ign_k': 0.01364908766641695, 'ign_c': 3.470490935437501, 'trop_agb_crit': 8.997007571451054, 'trop_k_veg': 2.520089655463604}.
[I 2026-08-06 10:52:28,135] Trial 506 finished with values: [10.423911948631869, 10.423911948631869] and parameters: {'k1': 0.00488137519160367, 'D_low': 40.52505887227999, 'k2': 8.923807143379776e-05, 'D_high': 78.57247967427125, 'fire_exp': 1.1263716762638152, 'P_half': 140.74279366401683, 'pre_dampen_half': 4.285616492506616, 'gpp_af': 0.6403036652671171, 'gpp_b': 0.01666658176842624, 'gpp_d': 2.944272359149677, 'ign_k': 0.21006485619596416, 'ign_c': 5.13055176058983, 'trop_agb_crit': 1.0903028125370984, 'trop_k_veg': 2.5878603012249104}.
[I 2026-08-06 10:52:29,208] Trial 507 finished with values: [11.02337032124514, 11.02337032124514] and parameters: {'k1': 0.012021930484915042, 'D_low': 7.299348683062307, 'k2': 8.923807143379776e-05, 'D_high': 774.2116473996249, 'fire_exp': 1.221575427404682, 'P_half': 4.213183643253957, 'pre_dampen_half': 331.7366635899375, 'gpp_af': 0.6403036652671171, 'gpp_b': 3.481277316673104e-05, 'gpp_d': 757.2868182332339, 'ign_k': 0.019192001101561888, 'ign_c': 0.557280750002996, 'trop_agb_crit': 8.997007571451054, 'trop_k_veg': 3.8009448355772393}.
[I 2026-08-06 10:52:30,267] Trial 508 finished with values: [-0.5591324114760968, 0.2472540313546734] and parameters: {'k1': 0.00488137519160367, 'D_low': 520.4862686958022, 'k2': 8.923807143379776e-05, 'D_high': 8182.111518618414, 'fire_exp': 1.3170256885255098, 'P_half': 5.076307782729897, 'pre_dampen_half': 331.7366635899375, 'gpp_af': 0.6403036652671171, 'gpp_b': 0.0005739662837359252, 'gpp_d': 2.944272359149677, 'ign_k': 0.019192001101561888, 'ign_c': 0.21208987108343724, 'trop_agb_crit': 18.785197416433792, 'trop_k_veg': 1.140286245977296}.
[I 2026-08-06 10:52:31,323] Trial 509 finished with values: [11.470535589237171, 11.470535589237171] and parameters: {'k1': 0.012021930484915042, 'D_low': 7.46475488144212, 'k2': 0.003101429427212743, 'D_high': 42210.21267871043, 'fire_exp': 1.1490848108902036, 'P_half': 221.2683656611821, 'pre_dampen_half': 38.00678588560607, 'gpp_af': 0.0049748543504537545, 'gpp_b': 2.176805640408474e-05, 'gpp_d': 757.2868182332339, 'ign_k': 0.07091190338709638, 'ign_c': 3.470490935437501, 'trop_agb_crit': 8.997007571451054, 'trop_k_veg': 2.520089655463604}.
[I 2026-08-06 10:52:32,398] Trial 510 finished with values: [10.703919522406252, 10.703919522406252] and parameters: {'k1': 0.01889771394135163, 'D_low': 520.4862686958022, 'k2': 1.1065812688893481e-05, 'D_high': 8182.111518618414, 'fire_exp': 1.1263716762638152, 'P_half': 140.74279366401683, 'pre_dampen_half': 331.7366635899375, 'gpp_af': 0.017199513788543352, 'gpp_b': 0.0054502936945582505, 'gpp_d': 82.84476373292449, 'ign_k': 0.6161423618045312, 'ign_c': 30.785541778315018, 'trop_agb_crit': 18.785197416433792, 'trop_k_veg': 1.140286245977296}.
[I 2026-08-06 10:52:33,456] Trial 511 finished with values: [10.067106318059274, 10.067106318059274] and parameters: {'k1': 0.00488137519160367, 'D_low': 38.82837025280678, 'k2': 8.923807143379776e-05, 'D_high': 42210.21267871043, 'fire_exp': 1.7329145403564932, 'P_half': 4.346890702031289, 'pre_dampen_half': 63.6685916079943, 'gpp_af': 22.851664167592126, 'gpp_b': 0.01666658176842624, 'gpp_d': 757.2868182332339, 'ign_k': 0.019192001101561888, 'ign_c': 1.2431017136067033, 'trop_agb_crit': 1.0693376406863295, 'trop_k_veg': 7.936472946233041}.
[I 2026-08-06 10:52:34,560] Trial 512 finished with values: [10.769230768877819, 10.769230768877819] and parameters: {'k1': 0.008912611835817005, 'D_low': 7.299348683062307, 'k2': 0.003101429427212743, 'D_high': 645.2946500764235, 'fire_exp': 1.3170256885255098, 'P_half': 4.213183643253957, 'pre_dampen_half': 0.12475844033340494, 'gpp_af': 0.6403036652671171, 'gpp_b': 0.0005739662837359252, 'gpp_d': 0.5363092465892282, 'ign_k': 0.21006485619596416, 'ign_c': 800.6837661379559, 'trop_agb_crit': 1.0903028125370984, 'trop_k_veg': 3.1473758868965476}.
[I 2026-08-06 10:52:35,618] Trial 513 finished with values: [10.671698431301675, 10.671698431301675] and parameters: {'k1': 0.00488137519160367, 'D_low': 355.00125258511594, 'k2': 0.0154776166709383, 'D_high': 78.57247967427125, 'fire_exp': 1.221575427404682, 'P_half': 712.8188058401365, 'pre_dampen_half': 63.6685916079943, 'gpp_af': 1.9706963379095486, 'gpp_b': 0.3682510091559943, 'gpp_d': 82.84476373292449, 'ign_k': 2.5253810447657927, 'ign_c': 5.13055176058983, 'trop_agb_crit': 8.997007571451054, 'trop_k_veg': 2.4336356947036335}.
[I 2026-08-06 10:52:36,660] Trial 514 finished with values: [10.697212688231344, 10.697212688231344] and parameters: {'k1': 0.00488137519160367, 'D_low': 355.00125258511594, 'k2': 0.0154776166709383, 'D_high': 8182.111518618414, 'fire_exp': 1.221575427404682, 'P_half': 712.8188058401365, 'pre_dampen_half': 0.48359183418131724, 'gpp_af': 1.9706963379095486, 'gpp_b': 0.01666658176842624, 'gpp_d': 19.600139992927435, 'ign_k': 0.019192001101561888, 'ign_c': 1.9580595319750387, 'trop_agb_crit': 8.997007571451054, 'trop_k_veg': 2.5878603012249104}.
[I 2026-08-06 10:52:37,763] Trial 515 finished with values: [10.516426293195295, 10.516426293195295] and parameters: {'k1': 0.05778755734457457, 'D_low': 38.82837025280678, 'k2': 1.1065812688893481e-05, 'D_high': 5670.3463356272905, 'fire_exp': 1.7329145403564932, 'P_half': 221.2683656611821, 'pre_dampen_half': 63.6685916079943, 'gpp_af': 1.6059727222314273, 'gpp_b': 0.00012379625135997558, 'gpp_d': 1.493264336549928, 'ign_k': 0.21006485619596416, 'ign_c': 11.400863701127316, 'trop_agb_crit': 8.997007571451054, 'trop_k_veg': 0.6673124511410327}.
[I 2026-08-06 10:52:38,871] Trial 516 finished with values: [10.769230768877819, 10.769230768877819] and parameters: {'k1': 0.008912611835817005, 'D_low': 520.4862686958022, 'k2': 0.031536006085184705, 'D_high': 5670.3463356272905, 'fire_exp': 1.221575427404682, 'P_half': 4.213183643253957, 'pre_dampen_half': 63.6685916079943, 'gpp_af': 0.6403036652671171, 'gpp_b': 0.00431329787498825, 'gpp_d': 19.600139992927435, 'ign_k': 2.5253810447657927, 'ign_c': 144.1431566333022, 'trop_agb_crit': 8.997007571451054, 'trop_k_veg': 2.4336356947036335}.
[I 2026-08-06 10:52:39,946] Trial 517 finished with values: [10.769199281201715, 10.769199281201715] and parameters: {'k1': 0.05778755734457457, 'D_low': 355.00125258511594, 'k2': 0.014344484793173472, 'D_high': 78.57247967427125, 'fire_exp': 1.7329145403564932, 'P_half': 140.74279366401683, 'pre_dampen_half': 38.00678588560607, 'gpp_af': 1.965797948502807, 'gpp_b': 2.176805640408474e-05, 'gpp_d': 82.84476373292449, 'ign_k': 0.01364908766641695, 'ign_c': 0.1948891005130867, 'trop_agb_crit': 3.799798565960999, 'trop_k_veg': 2.5878603012249104}.
[I 2026-08-06 10:52:41,189] Trial 518 finished with values: [10.013185499154435, 10.013185499154435] and parameters: {'k1': 0.00488137519160367, 'D_low': 520.4862686958022, 'k2': 8.923807143379776e-05, 'D_high': 8182.111518618414, 'fire_exp': 1.3170256885255098, 'P_half': 98.3519252750597, 'pre_dampen_half': 331.7366635899375, 'gpp_af': 1.6059727222314273, 'gpp_b': 0.0005739662837359252, 'gpp_d': 2.944272359149677, 'ign_k': 0.019192001101561888, 'ign_c': 1.9580595319750387, 'trop_agb_crit': 18.785197416433792, 'trop_k_veg': 5.580504276549027}.
[I 2026-08-06 10:52:42,301] Trial 519 finished with values: [10.333582773133953, 10.333582773133953] and parameters: {'k1': 0.05778755734457457, 'D_low': 38.82837025280678, 'k2': 8.923807143379776e-05, 'D_high': 8182.111518618414, 'fire_exp': 1.7329145403564932, 'P_half': 221.2683656611821, 'pre_dampen_half': 38.00678588560607, 'gpp_af': 0.5981605330890939, 'gpp_b': 2.176805640408474e-05, 'gpp_d': 84.31013932082456, 'ign_k': 0.01364908766641695, 'ign_c': 1.9580595319750387, 'trop_agb_crit': 8.997007571451054, 'trop_k_veg': 1.0594599158279707}.
[I 2026-08-06 10:52:43,423] Trial 520 finished with values: [10.171222484828514, 10.171222484828514] and parameters: {'k1': 0.005952904331761848, 'D_low': 38.82837025280678, 'k2': 0.014344484793173472, 'D_high': 42210.21267871043, 'fire_exp': 1.7329145403564932, 'P_half': 221.2683656611821, 'pre_dampen_half': 63.6685916079943, 'gpp_af': 1.6059727222314273, 'gpp_b': 0.3682510091559943, 'gpp_d': 19.600139992927435, 'ign_k': 0.01364908766641695, 'ign_c': 3.470490935437501, 'trop_agb_crit': 8.997007571451054, 'trop_k_veg': 2.520089655463604}.
[I 2026-08-06 10:52:44,512] Trial 521 finished with values: [10.102011699080007, 10.102011699080007] and parameters: {'k1': 0.007530210437963516, 'D_low': 436.4516946807792, 'k2': 1.1065812688893481e-05, 'D_high': 1236.6924205139144, 'fire_exp': 1.0601964743503993, 'P_half': 4.213183643253957, 'pre_dampen_half': 5.048653998722947, 'gpp_af': 1.9706963379095486, 'gpp_b': 0.0012213924959062798, 'gpp_d': 757.2868182332339, 'ign_k': 0.11619873314872933, 'ign_c': 2.4936660834465174, 'trop_agb_crit': 6.119263728555865, 'trop_k_veg': 1.0594599158279707}.
[I 2026-08-06 10:52:45,628] Trial 522 finished with values: [-0.5629613056852755, 0.16559934242106178] and parameters: {'k1': 0.05778755734457457, 'D_low': 355.00125258511594, 'k2': 8.923807143379776e-05, 'D_high': 42210.21267871043, 'fire_exp': 1.221575427404682, 'P_half': 140.74279366401683, 'pre_dampen_half': 38.00678588560607, 'gpp_af': 5.335773317316405, 'gpp_b': 0.01666658176842624, 'gpp_d': 229.41380323183625, 'ign_k': 0.019192001101561888, 'ign_c': 5.13055176058983, 'trop_agb_crit': 8.997007571451054, 'trop_k_veg': 2.5878603012249104}.
