[I 2026-08-20 01:03:03,501] Trial 1632 finished with value: 0.6445374145881376 and parameters: {'k1': 0.0100659097282557, 'D_low': 67475.63849106341, 'k2': 0.002135737602633885, 'D_high': 1086107.950775788, 'fire_exp': 4.270995398134778, 'P_half': 380.60307498530165, 'pre_dampen_half': 265.8510430749048, 'gpp_af': 0.08407335218385878, 'gpp_b': 0.003766383544019139, 'gpp_d': 226.74666536391342, 'ign_k': 1.3787798158785676, 'ign_c': 54.39569853456021, 'trop_agb_crit': 5.9712574160077585, 'trop_k_veg': 2.808678679544684, 'pop_amp': 0.916281648805818, 'pop_peak': 2.050169340308972, 'pop_sig': 0.9125774257427061}. Best is trial 1128 with value: -0.620386984093161.
[I 2026-08-20 01:03:05,311] Trial 1633 finished with value: 0.4166437029868344 and parameters: {'k1': 0.08476027097227898, 'D_low': 54.78397415445851, 'k2': 0.0007241737281605728, 'D_high': 215972.23377059484, 'fire_exp': 1.103730511175159, 'P_half': 55.1917106595733, 'pre_dampen_half': 1.9836351043306275, 'gpp_af': 0.009953801851650429, 'gpp_b': 0.0005281847587454486, 'gpp_d': 348.80069021744424, 'ign_k': 0.7785460296300252, 'ign_c': 4.30376595516881, 'trop_agb_crit': 5.437472120253045, 'trop_k_veg': 2.949880291306198, 'pop_amp': 0.0022322810524812824, 'pop_peak': 0.3059633336954184, 'pop_sig': 0.4915081704335376}. Best is trial 1128 with value: -0.620386984093161.
[I 2026-08-20 01:03:07,195] Trial 1634 finished with value: 0.600010966970001 and parameters: {'k1': 0.00011783882629688387, 'D_low': 3.702278220603649, 'k2': 0.006220038963772228, 'D_high': 1017716.4646196715, 'fire_exp': 2.137558769995539, 'P_half': 628.157555526056, 'pre_dampen_half': 3.7561196303745223, 'gpp_af': 0.1733889165975932, 'gpp_b': 0.014575805136167528, 'gpp_d': 0.014293383299361568, 'ign_k': 3.485030023688449, 'ign_c': 1.7695636190215953, 'trop_agb_crit': 2.306689753511584, 'trop_k_veg': 2.8785923863555194, 'pop_amp': 6.1416368827408885, 'pop_peak': 21.485953947016295, 'pop_sig': 1.669034704890533}. Best is trial 1128 with value: -0.620386984093161.
[I 2026-08-20 01:03:09,221] Trial 1635 finished with value: -0.5840776972174375 and parameters: {'k1': 0.0022130713581513914, 'D_low': 922.2126681016921, 'k2': 0.0030678494191015634, 'D_high': 2984099.66592769, 'fire_exp': 3.9423325371524665, 'P_half': 16.33495448081915, 'pre_dampen_half': 9.700772295283864, 'gpp_af': 0.10177436321711746, 'gpp_b': 0.0048942296650764106, 'gpp_d': 938.9693186313445, 'ign_k': 1.2460990585580767, 'ign_c': 7.85542074476735, 'trop_agb_crit': 10.133769813547138, 'trop_k_veg': 2.8540068376663297, 'pop_amp': 1.3006646399450505, 'pop_peak': 0.13673335271603246, 'pop_sig': 0.7826036864672686}. Best is trial 1128 with value: -0.620386984093161.
[I 2026-08-20 01:03:11,074] Trial 1636 finished with value: 0.6580935685735145 and parameters: {'k1': 0.000517011826756699, 'D_low': 46292.929612378895, 'k2': 0.0012166647789429161, 'D_high': 1540399.2515169242, 'fire_exp': 1.0989062867286687, 'P_half': 4890.220181728152, 'pre_dampen_half': 163.94667118653268, 'gpp_af': 0.14744339123486933, 'gpp_b': 0.0002951864288615199, 'gpp_d': 6.925593463047074, 'ign_k': 3.3404657898685293, 'ign_c': 39.242299575267445, 'trop_agb_crit': 20.23556659546721, 'trop_k_veg': 5.263919098808156, 'pop_amp': 0.001670448094107819, 'pop_peak': 198.8295334634174, 'pop_sig': 0.5849880236237299}. Best is trial 1128 with value: -0.620386984093161.
[I 2026-08-20 01:03:12,901] Trial 1637 finished with value: 0.5598723151462336 and parameters: {'k1': 0.0390923127768647, 'D_low': 3853.0449689132793, 'k2': 0.0018602709226577287, 'D_high': 60525.49864607797, 'fire_exp': 1.4184118451602656, 'P_half': 15.629565672514044, 'pre_dampen_half': 15.889580219860452, 'gpp_af': 0.40145057189955496, 'gpp_b': 4.1047931206719545e-05, 'gpp_d': 862.9299630877348, 'ign_k': 0.7004217813008224, 'ign_c': 27.733925253746946, 'trop_agb_crit': 2.622881938451134, 'trop_k_veg': 4.51126439014091, 'pop_amp': 0.0932821467953037, 'pop_peak': 1.1816629895730484, 'pop_sig': 0.3608359586828458}. Best is trial 1128 with value: -0.620386984093161.
[I 2026-08-20 01:03:14,747] Trial 1638 finished with value: 0.44550951126943283 and parameters: {'k1': 0.0005149344042067788, 'D_low': 767.084823371271, 'k2': 0.0003297712648151694, 'D_high': 9473740.770115908, 'fire_exp': 5.127650550122669, 'P_half': 29.585046955058097, 'pre_dampen_half': 23.218971286407527, 'gpp_af': 6.989566841289277, 'gpp_b': 0.0008856901669510652, 'gpp_d': 267.925348673396, 'ign_k': 0.27866281776403085, 'ign_c': 2.067810064943598, 'trop_agb_crit': 9.124328273547071, 'trop_k_veg': 2.3624175402530896, 'pop_amp': 1.2146332877868469, 'pop_peak': 97.61510176275355, 'pop_sig': 0.8176446745064315}. Best is trial 1128 with value: -0.620386984093161.
[I 2026-08-20 01:03:17,150] Trial 1639 finished with value: 0.5765762079745338 and parameters: {'k1': 0.031908388301391984, 'D_low': 30.070430581971678, 'k2': 0.00018632484791411777, 'D_high': 3115620.9961398654, 'fire_exp': 4.028698268182907, 'P_half': 6.406570536081659, 'pre_dampen_half': 2.1379363166556016, 'gpp_af': 0.10847341095137557, 'gpp_b': 0.01735897411991552, 'gpp_d': 66.49954242105927, 'ign_k': 0.0949198137785625, 'ign_c': 17.099908095819163, 'trop_agb_crit': 1.2182160920087088, 'trop_k_veg': 5.490924627795873, 'pop_amp': 0.0015111153874948504, 'pop_peak': 32.0464920723828, 'pop_sig': 0.3959856694540638}. Best is trial 1128 with value: -0.620386984093161.
[I 2026-08-20 01:03:19,151] Trial 1640 finished with value: 0.6445374145881376 and parameters: {'k1': 0.011222250725317328, 'D_low': 408972.86153495946, 'k2': 0.05137456836563699, 'D_high': 143393.68237428978, 'fire_exp': 1.91882768835792, 'P_half': 251.03700070841813, 'pre_dampen_half': 20.654462240689792, 'gpp_af': 0.0015540840175563356, 'gpp_b': 3.361553625989772, 'gpp_d': 0.2179848295395049, 'ign_k': 0.002703910235398785, 'ign_c': 0.2767553109977637, 'trop_agb_crit': 13.278527909077596, 'trop_k_veg': 1.3378513186465493, 'pop_amp': 0.108031595207467, 'pop_peak': 0.12552568051834076, 'pop_sig': 2.040594900295764}. Best is trial 1128 with value: -0.620386984093161.
[I 2026-08-20 01:03:21,057] Trial 1641 finished with value: -0.588068721062449 and parameters: {'k1': 0.0002068264695099061, 'D_low': 26.946360001934444, 'k2': 0.005628062971473958, 'D_high': 8832093.053153718, 'fire_exp': 1.53415473652708, 'P_half': 1.9794592271127653, 'pre_dampen_half': 0.24832816994599533, 'gpp_af': 0.021566789747781333, 'gpp_b': 0.00023707968293984678, 'gpp_d': 23.53461659158539, 'ign_k': 0.06926081404786058, 'ign_c': 2.6899179649671083, 'trop_agb_crit': 15.615628167413664, 'trop_k_veg': 0.9994508870659018, 'pop_amp': 3.9190560709786, 'pop_peak': 87.79384405877715, 'pop_sig': 0.9136090217758853}. Best is trial 1128 with value: -0.620386984093161.
[I 2026-08-20 01:03:22,887] Trial 1642 finished with value: 0.6106143547722581 and parameters: {'k1': 0.000281482008940204, 'D_low': 17.03841423243817, 'k2': 0.0030814842737687687, 'D_high': 1032790.6101138021, 'fire_exp': 1.375794165169247, 'P_half': 1.1818906675212026, 'pre_dampen_half': 0.3613586066616105, 'gpp_af': 0.011459055283291494, 'gpp_b': 4.7958453760113235e-05, 'gpp_d': 227.8227921259382, 'ign_k': 0.5812188725126438, 'ign_c': 1.4812532908451006, 'trop_agb_crit': 13.157930427548445, 'trop_k_veg': 1.4636829925143025, 'pop_amp': 12.190644563724325, 'pop_peak': 13.444384301078127, 'pop_sig': 1.0233035132097161}. Best is trial 1128 with value: -0.620386984093161.
[I 2026-08-20 01:03:24,868] Trial 1643 finished with value: 0.5733189210354375 and parameters: {'k1': 0.00015462560839545492, 'D_low': 2385.528387322412, 'k2': 0.000122969205115992, 'D_high': 664632.9742750613, 'fire_exp': 5.149733929793799, 'P_half': 43.14712208192319, 'pre_dampen_half': 17.192852883767333, 'gpp_af': 6.840079411424824, 'gpp_b': 0.0006918288019232432, 'gpp_d': 350.744240070051, 'ign_k': 0.009261040155882215, 'ign_c': 0.708965603566193, 'trop_agb_crit': 4.38933440675082, 'trop_k_veg': 4.8859237209630475, 'pop_amp': 4.23001853188978, 'pop_peak': 58.2689213610024, 'pop_sig': 0.7427067990649641}. Best is trial 1128 with value: -0.620386984093161.
[I 2026-08-20 01:03:26,957] Trial 1644 finished with value: 0.5572975816719618 and parameters: {'k1': 0.005907095917885536, 'D_low': 100442.56129122576, 'k2': 0.00010068792054266122, 'D_high': 3503798.1130039925, 'fire_exp': 7.3310622895278135, 'P_half': 3.4040427204501884, 'pre_dampen_half': 0.9613533464013658, 'gpp_af': 5.111067723884279, 'gpp_b': 0.000257160078474856, 'gpp_d': 10.641194121181147, 'ign_k': 0.05859113152312513, 'ign_c': 1.5230892061230896, 'trop_agb_crit': 21.410763162161395, 'trop_k_veg': 4.719916459402674, 'pop_amp': 10.090053536139063, 'pop_peak': 3.575088906436809, 'pop_sig': 1.1301381319423855}. Best is trial 1128 with value: -0.620386984093161.
[I 2026-08-20 01:03:28,997] Trial 1645 finished with value: 0.5746523583984249 and parameters: {'k1': 2.809407236182571e-05, 'D_low': 23.19562083589304, 'k2': 0.0922660270943457, 'D_high': 766102.5347672534, 'fire_exp': 2.4615002841650737, 'P_half': 26.160159930420157, 'pre_dampen_half': 0.11801219140703395, 'gpp_af': 0.0017517603258944859, 'gpp_b': 0.0006340527895900318, 'gpp_d': 5.517407119701166, 'ign_k': 0.2887759625019976, 'ign_c': 0.10079056115458748, 'trop_agb_crit': 13.197378843403428, 'trop_k_veg': 0.7161692046571101, 'pop_amp': 1.5610851140294886, 'pop_peak': 180.97148199931846, 'pop_sig': 0.4578461645420096}. Best is trial 1128 with value: -0.620386984093161.
[I 2026-08-20 01:03:30,997] Trial 1646 finished with value: 0.5284535993600121 and parameters: {'k1': 2.564034280680266e-05, 'D_low': 8131.078261443782, 'k2': 0.0029028390020728757, 'D_high': 60986.707521212855, 'fire_exp': 2.347757010945022, 'P_half': 22.26127012695242, 'pre_dampen_half': 166.15508581819427, 'gpp_af': 1.5845365531511992, 'gpp_b': 0.0014369029399256496, 'gpp_d': 198.8453103727566, 'ign_k': 0.413815404229589, 'ign_c': 7.067010051026687, 'trop_agb_crit': 19.695193598597882, 'trop_k_veg': 7.464841876157949, 'pop_amp': 4.305795863708723, 'pop_peak': 6.300106150574518, 'pop_sig': 1.1121117637182618}. Best is trial 1128 with value: -0.620386984093161.
[I 2026-08-20 01:03:32,998] Trial 1647 finished with value: -0.5640253775408436 and parameters: {'k1': 0.00034749240402327607, 'D_low': 594.9547242898063, 'k2': 0.0416205120307997, 'D_high': 1706679.992950239, 'fire_exp': 1.0681651051190033, 'P_half': 1.4565019434563504, 'pre_dampen_half': 0.36037187060974696, 'gpp_af': 0.01758346179069552, 'gpp_b': 5.849276679167114e-05, 'gpp_d': 11.098302242405993, 'ign_k': 0.0042510707935000435, 'ign_c': 0.1898613493014953, 'trop_agb_crit': 6.4426624864928685, 'trop_k_veg': 1.5711775379943747, 'pop_amp': 1.5825948919875763, 'pop_peak': 367.8275389832181, 'pop_sig': 1.2123801586148957}. Best is trial 1128 with value: -0.620386984093161.
[I 2026-08-20 01:03:35,054] Trial 1648 finished with value: -0.5220745691514515 and parameters: {'k1': 0.005648459570680524, 'D_low': 24854.98603551421, 'k2': 0.016957331384628925, 'D_high': 169601.05716470632, 'fire_exp': 3.992178266154585, 'P_half': 196.74891621113986, 'pre_dampen_half': 107.37114401029814, 'gpp_af': 1.0210978256363075, 'gpp_b': 0.0011438533822312204, 'gpp_d': 474.2078118286369, 'ign_k': 0.3578702270788202, 'ign_c': 1.1345830738326095, 'trop_agb_crit': 14.352542429608457, 'trop_k_veg': 6.267695653961887, 'pop_amp': 5.770552395696945, 'pop_peak': 0.4231847960801057, 'pop_sig': 0.9696297317707214}. Best is trial 1128 with value: -0.620386984093161.
[I 2026-08-20 01:03:37,114] Trial 1649 finished with value: 0.4675759192136184 and parameters: {'k1': 0.00040948297766314583, 'D_low': 3863.288021628101, 'k2': 7.215572708847625e-05, 'D_high': 5884505.829807646, 'fire_exp': 2.4150385133262735, 'P_half': 6.404021793624238, 'pre_dampen_half': 0.0751828339866349, 'gpp_af': 3.0131531716049014, 'gpp_b': 0.00018362343360165203, 'gpp_d': 295.5347353920698, 'ign_k': 0.003880894568699696, 'ign_c': 0.20770507950261896, 'trop_agb_crit': 10.959049688582457, 'trop_k_veg': 5.459834539810337, 'pop_amp': 9.80649482558195, 'pop_peak': 7.34852478952306, 'pop_sig': 0.3363629945650307}. Best is trial 1128 with value: -0.620386984093161.
[I 2026-08-20 01:03:39,642] Trial 1650 finished with value: 0.5488444252492528 and parameters: {'k1': 0.0007711401497342814, 'D_low': 26.342270946090395, 'k2': 0.0015976651234588623, 'D_high': 2879805.9245702303, 'fire_exp': 1.6016222532481834, 'P_half': 9.082934042117552, 'pre_dampen_half': 0.1029929815912771, 'gpp_af': 0.01338489422865913, 'gpp_b': 0.00011280043566247486, 'gpp_d': 229.48864040571232, 'ign_k': 0.02223155162586852, 'ign_c': 1.315385090965727, 'trop_agb_crit': 8.701481192487917, 'trop_k_veg': 0.8679079260427834, 'pop_amp': 0.091074832606047, 'pop_peak': 350.0837872955919, 'pop_sig': 1.4239749689568915}. Best is trial 1128 with value: -0.620386984093161.
[I 2026-08-20 01:03:41,697] Trial 1651 finished with value: 0.564332989152786 and parameters: {'k1': 0.0005411160772434215, 'D_low': 183.71831575309193, 'k2': 0.04147180393594179, 'D_high': 249631.8668192657, 'fire_exp': 1.4589136119128014, 'P_half': 839.0006258329289, 'pre_dampen_half': 0.4129786842024379, 'gpp_af': 0.828522162789411, 'gpp_b': 0.0003406274975780587, 'gpp_d': 94.80035702856642, 'ign_k': 0.015272907766532963, 'ign_c': 0.14566571733074193, 'trop_agb_crit': 1.280530698704376, 'trop_k_veg': 1.3809269793811243, 'pop_amp': 0.273103446318985, 'pop_peak': 22.999152307941653, 'pop_sig': 1.647959309335206}. Best is trial 1128 with value: -0.620386984093161.
[I 2026-08-20 01:03:43,701] Trial 1652 finished with value: 0.5497526337195356 and parameters: {'k1': 1.818864142747347e-05, 'D_low': 369.33331591449564, 'k2': 0.004196117959216969, 'D_high': 5169309.915330681, 'fire_exp': 2.6010983695772016, 'P_half': 5.98678203172848, 'pre_dampen_half': 0.5306334305590203, 'gpp_af': 0.0027651054598989864, 'gpp_b': 0.0003825636660141944, 'gpp_d': 0.7344921015733198, 'ign_k': 0.023831484409943128, 'ign_c': 1.1676448104299515, 'trop_agb_crit': 16.41817456668328, 'trop_k_veg': 1.947844806409815, 'pop_amp': 12.80370892657959, 'pop_peak': 679.5098224889853, 'pop_sig': 1.0448499119433552}. Best is trial 1128 with value: -0.620386984093161.
[I 2026-08-20 01:03:45,739] Trial 1653 finished with value: -0.5727512208427442 and parameters: {'k1': 0.0008970310231886744, 'D_low': 4431.563989231804, 'k2': 0.0007268404486650718, 'D_high': 5166844.035477724, 'fire_exp': 3.538801184041545, 'P_half': 27.50975824202387, 'pre_dampen_half': 2.9053085790734468, 'gpp_af': 11.57811099900687, 'gpp_b': 2.9780971862776744e-05, 'gpp_d': 507.4750313169492, 'ign_k': 0.06406173586783687, 'ign_c': 3.5798398074029945, 'trop_agb_crit': 2.2995815510128477, 'trop_k_veg': 3.6708534078743416, 'pop_amp': 3.3775523378293726, 'pop_peak': 6.645792603455217, 'pop_sig': 0.6987004646574303}. Best is trial 1128 with value: -0.620386984093161.
[I 2026-08-20 01:03:47,718] Trial 1654 finished with value: 0.5051995323666562 and parameters: {'k1': 0.0015843335844736544, 'D_low': 104.60951827000432, 'k2': 0.02123779807697112, 'D_high': 7450807.808990099, 'fire_exp': 1.9362428261867384, 'P_half': 12.97116125564503, 'pre_dampen_half': 0.2656112343403825, 'gpp_af': 0.14349248514253493, 'gpp_b': 0.0015957648194426252, 'gpp_d': 5.124249038609089, 'ign_k': 0.010409280363735928, 'ign_c': 0.7610006149474919, 'trop_agb_crit': 12.377855830230612, 'trop_k_veg': 0.6303638398838097, 'pop_amp': 2.58932996416168, 'pop_peak': 186.78653588393053, 'pop_sig': 1.2481154676125588}. Best is trial 1128 with value: -0.620386984093161.
[I 2026-08-20 01:03:49,636] Trial 1655 finished with value: 0.4533447445999389 and parameters: {'k1': 0.00025385416108303816, 'D_low': 1012.5067548267651, 'k2': 0.004366918329436379, 'D_high': 4103789.143526039, 'fire_exp': 1.01792429905584, 'P_half': 1003.0239676027767, 'pre_dampen_half': 24.28533234405625, 'gpp_af': 0.0028918664364220767, 'gpp_b': 0.007915372508237107, 'gpp_d': 5.422914655329547, 'ign_k': 7.924622729826617, 'ign_c': 0.4579477057382532, 'trop_agb_crit': 2.16446815290036, 'trop_k_veg': 5.45814451633624, 'pop_amp': 3.578230598650119, 'pop_peak': 7.260314819405087, 'pop_sig': 2.421682271533893}. Best is trial 1128 with value: -0.620386984093161.
[I 2026-08-20 01:03:51,661] Trial 1656 finished with value: -0.568938855221384 and parameters: {'k1': 0.013503199506066094, 'D_low': 16720.973164877978, 'k2': 0.00865062670063953, 'D_high': 824655.9399957134, 'fire_exp': 3.6480993266742043, 'P_half': 151.93339398201772, 'pre_dampen_half': 50.34236927189556, 'gpp_af': 0.40248555338392983, 'gpp_b': 0.0009360966367139915, 'gpp_d': 279.22767578239285, 'ign_k': 1.488114146418348, 'ign_c': 0.9697245204454642, 'trop_agb_crit': 19.92522103958948, 'trop_k_veg': 3.1166007132554423, 'pop_amp': 0.8937602106042879, 'pop_peak': 5.593627063706632, 'pop_sig': 0.45358690843990396}. Best is trial 1128 with value: -0.620386984093161.
[I 2026-08-20 01:03:53,624] Trial 1657 finished with value: 0.5975869405695613 and parameters: {'k1': 0.000178267384981656, 'D_low': 45647.066157083165, 'k2': 0.0223535502768313, 'D_high': 80244.06577289944, 'fire_exp': 2.5257239603713244, 'P_half': 466.1939643272624, 'pre_dampen_half': 10.35891622025792, 'gpp_af': 0.5086520002626594, 'gpp_b': 0.0008188208911199458, 'gpp_d': 824.619563018049, 'ign_k': 0.023814985731014836, 'ign_c': 0.20210083242511484, 'trop_agb_crit': 3.2455445696576293, 'trop_k_veg': 3.481590384711577, 'pop_amp': 2.0061524296598376, 'pop_peak': 21.019104674661136, 'pop_sig': 1.0366537001778497}. Best is trial 1128 with value: -0.620386984093161.
[I 2026-08-20 01:03:55,635] Trial 1658 finished with value: 0.6040889959660338 and parameters: {'k1': 0.0009290884331643769, 'D_low': 10916.406431247742, 'k2': 0.0002289110601490871, 'D_high': 119881.07090943532, 'fire_exp': 8.798088154568536, 'P_half': 580.5882972256755, 'pre_dampen_half': 544.2782690967159, 'gpp_af': 0.14177710783718853, 'gpp_b': 0.010537039190879092, 'gpp_d': 39.30753015883096, 'ign_k': 0.6735292084568951, 'ign_c': 0.748465871641423, 'trop_agb_crit': 23.221187307515024, 'trop_k_veg': 7.424778256092173, 'pop_amp': 2.3536103434072526, 'pop_peak': 36.78097870837704, 'pop_sig': 1.5633405246656535}. Best is trial 1128 with value: -0.620386984093161.
[I 2026-08-20 01:03:57,581] Trial 1659 finished with value: -0.5917340488872981 and parameters: {'k1': 0.03943241259324408, 'D_low': 24.01501094581498, 'k2': 6.806523128268222e-05, 'D_high': 639973.7355369687, 'fire_exp': 1.4112796377341714, 'P_half': 7.014047639491753, 'pre_dampen_half': 2.4657877552516236, 'gpp_af': 0.009181305936831015, 'gpp_b': 7.966430468844349e-05, 'gpp_d': 894.9342445236199, 'ign_k': 3.1618732065756086, 'ign_c': 21.534952928395995, 'trop_agb_crit': 4.17283518287519, 'trop_k_veg': 2.355993447033604, 'pop_amp': 0.001643186943157659, 'pop_peak': 7.897751619424137, 'pop_sig': 0.7829745149325209}. Best is trial 1128 with value: -0.620386984093161.
[I 2026-08-20 01:03:59,531] Trial 1660 finished with value: 0.5942812943204866 and parameters: {'k1': 0.011935619610001913, 'D_low': 6478.929107412254, 'k2': 0.0009444393445028281, 'D_high': 5049990.463030789, 'fire_exp': 8.044680665912605, 'P_half': 782.7512385433429, 'pre_dampen_half': 449.24803834947704, 'gpp_af': 0.019328943766740336, 'gpp_b': 0.0005348425877552641, 'gpp_d': 31.832468316594664, 'ign_k': 0.5513332618607076, 'ign_c': 4.29220475948377, 'trop_agb_crit': 17.806807413414546, 'trop_k_veg': 6.233398079681762, 'pop_amp': 0.5652932799664332, 'pop_peak': 2.5049051797113457, 'pop_sig': 0.555858332941547}. Best is trial 1128 with value: -0.620386984093161.
[I 2026-08-20 01:04:01,960] Trial 1661 finished with value: 0.47789094091690354 and parameters: {'k1': 0.0011747580221021967, 'D_low': 323.87667064790963, 'k2': 0.00036583597140645344, 'D_high': 8602620.567969903, 'fire_exp': 3.591551285776122, 'P_half': 30.877013010740793, 'pre_dampen_half': 1.2097668449866925, 'gpp_af': 50.586355783164436, 'gpp_b': 0.012452341465005817, 'gpp_d': 180.9931733823341, 'ign_k': 0.04769500280045268, 'ign_c': 15.89516681592001, 'trop_agb_crit': 15.545135858394586, 'trop_k_veg': 6.243013470621065, 'pop_amp': 5.20574288367025, 'pop_peak': 9.758850345950904, 'pop_sig': 1.1656597996845282}. Best is trial 1128 with value: -0.620386984093161.
[I 2026-08-20 01:04:03,884] Trial 1662 finished with value: 0.5719343581751558 and parameters: {'k1': 0.0003602852794223501, 'D_low': 205.23223976311593, 'k2': 0.0004955676770162424, 'D_high': 5049894.48942863, 'fire_exp': 3.283441762336036, 'P_half': 1.500279056735636, 'pre_dampen_half': 0.15049673874441793, 'gpp_af': 0.016833296641178667, 'gpp_b': 0.004953048504657824, 'gpp_d': 65.99143313023956, 'ign_k': 0.08639971592714574, 'ign_c': 7.462283865055107, 'trop_agb_crit': 15.75622342039875, 'trop_k_veg': 1.1082105067384758, 'pop_amp': 0.962917420789386, 'pop_peak': 79.16130138484314, 'pop_sig': 0.6819309255618524}. Best is trial 1128 with value: -0.620386984093161.
[I 2026-08-20 01:04:05,909] Trial 1663 finished with value: 0.5786763533783994 and parameters: {'k1': 0.00026625785408110125, 'D_low': 2.5048981587762977, 'k2': 0.0013870715773751552, 'D_high': 5748809.180471733, 'fire_exp': 2.3653565020593574, 'P_half': 485.07802194804714, 'pre_dampen_half': 0.35379776092081777, 'gpp_af': 0.014323759492455145, 'gpp_b': 0.042181355026226774, 'gpp_d': 0.4111251477435412, 'ign_k': 7.921009586168274, 'ign_c': 2.626497310740725, 'trop_agb_crit': 5.755920450546156, 'trop_k_veg': 6.793244359066823, 'pop_amp': 14.351812092014596, 'pop_peak': 52.15759704292998, 'pop_sig': 1.7010100756153772}. Best is trial 1128 with value: -0.620386984093161.
