[I 2026-06-10 20:33:50,507] Trial 567 finished with values: [10.057826248158664, 10.057826248158664] and parameters: {'k1': 3.609310926766545e-05, 'D_low': 171.2446447678494, 'k2': 0.006802810205786726, 'D_high': 1266.9536563782303, 'fire_exp': 1.2344878997299724, 'P_half': 93.43302657318476, 'pre_dampen_half': 170.71098124594695, 'gpp_af': 0.004511991819672033, 'gpp_b': 0.002416023630607169, 'gpp_d': 96.93415502195788, 'ign_k': 0.0029519227433917453, 'ign_c': 1.4879588507789996, 'trop_agb_crit': 8.0091368834625, 'trop_k_veg': 2.520089655463604, 'fire_amp': 1.1655705619308396}.
[I 2026-06-10 20:33:51,923] Trial 568 finished with values: [10.28561544626806, 10.28561544626806] and parameters: {'k1': 5.178197947282869e-05, 'D_low': 427.93836042014675, 'k2': 0.0002442377596403892, 'D_high': 99461.47674311613, 'fire_exp': 1.1633452995374232, 'P_half': 7.914423612155368, 'pre_dampen_half': 1.8469033699850426, 'gpp_af': 0.060029341913968644, 'gpp_b': 0.002416023630607169, 'gpp_d': 21.899070557043984, 'ign_k': 0.0032383308053152635, 'ign_c': 1.4879588507789996, 'trop_agb_crit': 8.0091368834625, 'trop_k_veg': 0.5183533149347164, 'fire_amp': 5.44779717154213}.
[I 2026-06-10 20:33:53,365] Trial 569 finished with values: [10.127554862218505, 10.127554862218505] and parameters: {'k1': 5.178197947282869e-05, 'D_low': 43.03411264066069, 'k2': 0.003767022142229395, 'D_high': 1266.9536563782303, 'fire_exp': 1.4848387260494937, 'P_half': 9.580682294110435, 'pre_dampen_half': 170.71098124594695, 'gpp_af': 1.9706963379095486, 'gpp_b': 0.00807491410172472, 'gpp_d': 21.899070557043984, 'ign_k': 0.002357279455676982, 'ign_c': 75.30210437963517, 'trop_agb_crit': 12.708819454040446, 'trop_k_veg': 4.989748894578724, 'fire_amp': 1.5719333351012774}.
[I 2026-06-10 20:33:55,020] Trial 570 finished with values: [10.833333332980382, 10.833333332980382] and parameters: {'k1': 3.609310926766545e-05, 'D_low': 171.2446447678494, 'k2': 0.0002442377596403892, 'D_high': 15.590073239763052, 'fire_exp': 9.487989255711895, 'P_half': 7.914423612155368, 'pre_dampen_half': 121.93011993958949, 'gpp_af': 0.005061568304359487, 'gpp_b': 0.0004125336560355494, 'gpp_d': 1.0088237648985734, 'ign_k': 0.042425976091860974, 'ign_c': 0.22592797420156951, 'trop_agb_crit': 11.664190932505923, 'trop_k_veg': 0.5667990147757791, 'fire_amp': 1.5719333351012774}.
[I 2026-06-10 20:33:56,684] Trial 571 finished with values: [10.76177219151709, 10.76177219151709] and parameters: {'k1': 5.7909642338812115e-05, 'D_low': 171.2446447678494, 'k2': 0.00037358626308127543, 'D_high': 30227.031291375773, 'fire_exp': 1.9136159174067866, 'P_half': 3040.9816628297017, 'pre_dampen_half': 30.456909077772018, 'gpp_af': 8.164459147354295, 'gpp_b': 0.00036184510553922684, 'gpp_d': 6.84039695411256, 'ign_k': 0.17320535908244444, 'ign_c': 7.081721844034206, 'trop_agb_crit': 1.8285200278523417, 'trop_k_veg': 5.453348988480011, 'fire_amp': 5.44779717154213}.
[I 2026-06-10 20:33:58,702] Trial 572 finished with values: [10.777123758955828, 10.777123758955828] and parameters: {'k1': 0.008990768948930035, 'D_low': 1.7551403048208316, 'k2': 0.0002442377596403892, 'D_high': 22.636544662054543, 'fire_exp': 1.41873960828944, 'P_half': 12.280874862135363, 'pre_dampen_half': 16.009350908593582, 'gpp_af': 0.005061568304359487, 'gpp_b': 0.00012118589392553798, 'gpp_d': 1.0088237648985734, 'ign_k': 0.07867677706257832, 'ign_c': 48.704711413416454, 'trop_agb_crit': 12.708819454040446, 'trop_k_veg': 0.5535297685306277, 'fire_amp': 1.5719333351012774}.
[I 2026-06-10 20:34:00,181] Trial 573 finished with values: [10.833332539887985, 10.833332539887985] and parameters: {'k1': 0.08006837661379566, 'D_low': 3266.346436894069, 'k2': 0.0004976087827261435, 'D_high': 1266.9536563782303, 'fire_exp': 1.811096651915224, 'P_half': 93.43302657318476, 'pre_dampen_half': 170.71098124594695, 'gpp_af': 0.2204465010099918, 'gpp_b': 0.00265975681233728, 'gpp_d': 0.4316838564848064, 'ign_k': 0.46813761934505577, 'ign_c': 39.52220881906114, 'trop_agb_crit': 15.605813459825825, 'trop_k_veg': 0.828441460847982, 'fire_amp': 5.44779717154213}.
[I 2026-06-10 20:34:01,673] Trial 574 finished with values: [13.750939897097872, 13.750939897097872] and parameters: {'k1': 0.0009898117700885534, 'D_low': 171.2446447678494, 'k2': 0.02939607009739149, 'D_high': 44974.07193749848, 'fire_exp': 1.4848387260494937, 'P_half': 101.40635645866499, 'pre_dampen_half': 123.04779330083686, 'gpp_af': 42.29037995744429, 'gpp_b': 0.0004125336560355494, 'gpp_d': 96.93415502195788, 'ign_k': 0.002357279455676982, 'ign_c': 2.2489542843914485, 'trop_agb_crit': 2.0527418919564324, 'trop_k_veg': 2.520089655463604, 'fire_amp': 5.606809127618709}.
[I 2026-06-10 20:34:03,342] Trial 575 finished with values: [10.832226742787938, 10.832226742787938] and parameters: {'k1': 5.178197947282869e-05, 'D_low': 1.7551403048208316, 'k2': 0.00037358626308127543, 'D_high': 16780.50857913099, 'fire_exp': 5.784757193037464, 'P_half': 93.43302657318476, 'pre_dampen_half': 16.009350908593582, 'gpp_af': 0.008117091133892173, 'gpp_b': 0.00807491410172472, 'gpp_d': 21.899070557043984, 'ign_k': 1.5532973289514227, 'ign_c': 0.9736725715035878, 'trop_agb_crit': 1.8285200278523417, 'trop_k_veg': 2.520089655463604, 'fire_amp': 1.5719333351012774}.
[I 2026-06-10 20:34:04,850] Trial 576 finished with values: [10.237884590306598, 10.237884590306598] and parameters: {'k1': 0.0005525012427854533, 'D_low': 171.2446447678494, 'k2': 0.0004976087827261435, 'D_high': 1266.9536563782303, 'fire_exp': 1.4848387260494937, 'P_half': 51.10120656497163, 'pre_dampen_half': 123.04779330083686, 'gpp_af': 42.29037995744429, 'gpp_b': 0.0004125336560355494, 'gpp_d': 96.93415502195788, 'ign_k': 0.002357279455676982, 'ign_c': 186.78279278246248, 'trop_agb_crit': 2.0527418919564324, 'trop_k_veg': 2.520089655463604, 'fire_amp': 3.1543496524370136}.
[I 2026-06-10 20:34:06,298] Trial 577 finished with values: [10.679510366922953, 10.679510366922953] and parameters: {'k1': 0.0001599021369655865, 'D_low': 171.2446447678494, 'k2': 0.00037358626308127543, 'D_high': 1817.0401889219124, 'fire_exp': 1.4848387260494937, 'P_half': 12.280874862135363, 'pre_dampen_half': 1.8469033699850426, 'gpp_af': 0.016306190741524337, 'gpp_b': 2.176805640408474e-05, 'gpp_d': 0.0399066504395798, 'ign_k': 0.0029519227433917453, 'ign_c': 0.4177928311636542, 'trop_agb_crit': 11.664190932505923, 'trop_k_veg': 5.453348988480011, 'fire_amp': 3.1543496524370136}.
[I 2026-06-10 20:34:07,647] Trial 578 finished with values: [10.443169520780057, 10.443169520780057] and parameters: {'k1': 0.006164329525571074, 'D_low': 171.2446447678494, 'k2': 0.0015064557931192917, 'D_high': 1817.0401889219124, 'fire_exp': 1.1633452995374232, 'P_half': 1265.0580856641704, 'pre_dampen_half': 1.8469033699850426, 'gpp_af': 0.2204465010099918, 'gpp_b': 0.12046049142392454, 'gpp_d': 1.0088237648985734, 'ign_k': 0.17320535908244444, 'ign_c': 7.081721844034206, 'trop_agb_crit': 1.8285200278523417, 'trop_k_veg': 0.5183533149347164, 'fire_amp': 5.44779717154213}.
[I 2026-06-10 20:34:09,116] Trial 579 finished with values: [10.281319926049267, 10.281319926049267] and parameters: {'k1': 0.05705198955850472, 'D_low': 1739.6167422846984, 'k2': 0.01567230746060024, 'D_high': 44974.07193749848, 'fire_exp': 3.2459542834651627, 'P_half': 101.40635645866499, 'pre_dampen_half': 98.05638874011484, 'gpp_af': 1.7775411110039254, 'gpp_b': 1.0828092646426677e-05, 'gpp_d': 95.2715755007094, 'ign_k': 3.6309591863459096, 'ign_c': 2.2489542843914485, 'trop_agb_crit': 3.5874145253515306, 'trop_k_veg': 0.6488368931910606, 'fire_amp': 2.818314238665462}.
[I 2026-06-10 20:34:10,716] Trial 580 finished with values: [10.049943397602782, 10.049943397602782] and parameters: {'k1': 0.00023134781612225627, 'D_low': 1.7551403048208316, 'k2': 0.0001280886335404798, 'D_high': 32311.521854410956, 'fire_exp': 1.811096651915224, 'P_half': 5.4712187293420325, 'pre_dampen_half': 121.93011993958949, 'gpp_af': 0.07118041471054574, 'gpp_b': 0.0008861657881839811, 'gpp_d': 0.1619054449471649, 'ign_k': 0.002357279455676982, 'ign_c': 7.081721844034206, 'trop_agb_crit': 4.902399583903479, 'trop_k_veg': 4.989748894578724, 'fire_amp': 1.5719333351012774}.
[I 2026-06-10 20:34:12,363] Trial 581 finished with values: [12.249948530222351, 12.249948530222351] and parameters: {'k1': 0.0001599021369655865, 'D_low': 43.03411264066069, 'k2': 0.006802810205786726, 'D_high': 292.31166016118357, 'fire_exp': 1.4848387260494937, 'P_half': 12.280874862135363, 'pre_dampen_half': 123.04779330083686, 'gpp_af': 0.016306190741524337, 'gpp_b': 0.00012118589392553798, 'gpp_d': 0.7698760608299932, 'ign_k': 0.17320535908244444, 'ign_c': 0.4177928311636542, 'trop_agb_crit': 11.664190932505923, 'trop_k_veg': 1.4997174988262807, 'fire_amp': 3.1543496524370136}.
[I 2026-06-10 20:34:13,855] Trial 582 finished with values: [10.725929809383421, 10.725929809383421] and parameters: {'k1': 0.012840669372724958, 'D_low': 171.2446447678494, 'k2': 0.02939607009739149, 'D_high': 32311.521854410956, 'fire_exp': 1.9136159174067866, 'P_half': 93.43302657318476, 'pre_dampen_half': 30.456909077772018, 'gpp_af': 0.016306190741524337, 'gpp_b': 0.00031478066835753096, 'gpp_d': 0.7698760608299932, 'ign_k': 0.0029519227433917453, 'ign_c': 7.081721844034206, 'trop_agb_crit': 2.0527418919564324, 'trop_k_veg': 0.5089315327929785, 'fire_amp': 5.44779717154213}.
[I 2026-06-10 20:34:15,369] Trial 583 finished with values: [13.131583113036118, 13.131583113036118] and parameters: {'k1': 5.7909642338812115e-05, 'D_low': 171.2446447678494, 'k2': 0.006051580666890612, 'D_high': 1266.9536563782303, 'fire_exp': 1.1633452995374232, 'P_half': 93.43302657318476, 'pre_dampen_half': 170.71098124594695, 'gpp_af': 0.015627364027979502, 'gpp_b': 2.176805640408474e-05, 'gpp_d': 1.0088237648985734, 'ign_k': 0.035828811741825076, 'ign_c': 39.52220881906114, 'trop_agb_crit': 1.8285200278523417, 'trop_k_veg': 0.5183533149347164, 'fire_amp': 5.44779717154213}.
[I 2026-06-10 20:34:16,810] Trial 584 finished with values: [10.589188047885862, 10.589188047885862] and parameters: {'k1': 3.609310926766545e-05, 'D_low': 1121.5915868662764, 'k2': 0.0004976087827261435, 'D_high': 623.411042225738, 'fire_exp': 1.4848387260494937, 'P_half': 5.4712187293420325, 'pre_dampen_half': 16.009350908593582, 'gpp_af': 0.015627364027979502, 'gpp_b': 0.00031478066835753096, 'gpp_d': 12.338826503601998, 'ign_k': 0.0018548376790967168, 'ign_c': 0.8916132699546893, 'trop_agb_crit': 12.647327018493208, 'trop_k_veg': 4.989748894578724, 'fire_amp': 1.5719333351012774}.
[I 2026-06-10 20:34:18,421] Trial 585 finished with values: [10.822126584205492, 10.822126584205492] and parameters: {'k1': 0.006079905434073396, 'D_low': 43.2326421037033, 'k2': 4.933751600448335e-05, 'D_high': 708.7479683081002, 'fire_exp': 1.7792742686803427, 'P_half': 157.3644610977214, 'pre_dampen_half': 0.7349519696695505, 'gpp_af': 1.9998014714101113, 'gpp_b': 0.00047819318414852577, 'gpp_d': 0.13688256550323696, 'ign_k': 0.8945150807271531, 'ign_c': 16.497426799845446, 'trop_agb_crit': 8.0091368834625, 'trop_k_veg': 1.6003641872536711, 'fire_amp': 1.5587346124822492}.
[I 2026-06-10 20:34:20,240] Trial 586 finished with values: [10.279393096173322, 10.279393096173322] and parameters: {'k1': 0.00023134781612225627, 'D_low': 171.2446447678494, 'k2': 0.0004976087827261435, 'D_high': 1817.0401889219124, 'fire_exp': 1.2060040899560858, 'P_half': 93.43302657318476, 'pre_dampen_half': 8.259599205585761, 'gpp_af': 0.060029341913968644, 'gpp_b': 0.001674375583895437, 'gpp_d': 545.0253444559129, 'ign_k': 0.0032383308053152635, 'ign_c': 0.19623826481168347, 'trop_agb_crit': 1.3063813396521713, 'trop_k_veg': 0.5183533149347164, 'fire_amp': 2.7806853670293616}.
[I 2026-06-10 20:34:21,620] Trial 587 finished with values: [10.241579558922355, 10.241579558922355] and parameters: {'k1': 3.609310926766545e-05, 'D_low': 171.2446447678494, 'k2': 0.0002442377596403892, 'D_high': 1817.0401889219124, 'fire_exp': 1.4848387260494937, 'P_half': 7.914423612155368, 'pre_dampen_half': 123.04779330083686, 'gpp_af': 42.29037995744429, 'gpp_b': 0.0004125336560355494, 'gpp_d': 21.899070557043984, 'ign_k': 0.002357279455676982, 'ign_c': 153.51441568398127, 'trop_agb_crit': 8.0091368834625, 'trop_k_veg': 0.5183533149347164, 'fire_amp': 5.606809127618709}.
[I 2026-06-10 20:34:22,991] Trial 588 finished with values: [10.828545678995937, 10.828545678995937] and parameters: {'k1': 3.609310926766545e-05, 'D_low': 171.2446447678494, 'k2': 0.006802810205786726, 'D_high': 1266.9536563782303, 'fire_exp': 4.0128099657681755, 'P_half': 12.280874862135363, 'pre_dampen_half': 19.21689966904807, 'gpp_af': 1.9706963379095486, 'gpp_b': 0.00031478066835753096, 'gpp_d': 12.338826503601998, 'ign_k': 0.012480180965117606, 'ign_c': 1.4879588507789996, 'trop_agb_crit': 8.0091368834625, 'trop_k_veg': 6.030247256556128, 'fire_amp': 1.1655705619308396}.
[I 2026-06-10 20:34:24,395] Trial 589 finished with values: [11.719789052682614, 11.719789052682614] and parameters: {'k1': 0.00023134781612225627, 'D_low': 470.815979325019, 'k2': 0.01567230746060024, 'D_high': 44974.07193749848, 'fire_exp': 1.2344878997299724, 'P_half': 5.4712187293420325, 'pre_dampen_half': 98.05638874011484, 'gpp_af': 1.7775411110039254, 'gpp_b': 0.00031478066835753096, 'gpp_d': 95.2715755007094, 'ign_k': 0.0018548376790967168, 'ign_c': 0.13577269394141456, 'trop_agb_crit': 3.5874145253515306, 'trop_k_veg': 0.6488368931910606, 'fire_amp': 1.5719333351012774}.
[I 2026-06-10 20:34:25,891] Trial 590 finished with values: [10.51849687076131, 10.51849687076131] and parameters: {'k1': 5.178197947282869e-05, 'D_low': 171.2446447678494, 'k2': 8.968733598183248e-05, 'D_high': 27.55546207779663, 'fire_exp': 1.2918065501148304, 'P_half': 93.43302657318476, 'pre_dampen_half': 30.456909077772018, 'gpp_af': 0.060029341913968644, 'gpp_b': 2.176805640408474e-05, 'gpp_d': 21.899070557043984, 'ign_k': 0.0029519227433917453, 'ign_c': 1.4879588507789996, 'trop_agb_crit': 2.0527418919564324, 'trop_k_veg': 0.5183533149347164, 'fire_amp': 1.1655705619308396}.
[I 2026-06-10 20:34:27,445] Trial 591 finished with values: [13.201725310986788, 13.201725310986788] and parameters: {'k1': 0.006164329525571074, 'D_low': 171.2446447678494, 'k2': 0.00037358626308127543, 'D_high': 36998.679204890876, 'fire_exp': 1.4848387260494937, 'P_half': 12.280874862135363, 'pre_dampen_half': 30.456909077772018, 'gpp_af': 1.2515601598062582, 'gpp_b': 0.00012118589392553798, 'gpp_d': 1.0088237648985734, 'ign_k': 0.17320535908244444, 'ign_c': 7.081721844034206, 'trop_agb_crit': 12.708819454040446, 'trop_k_veg': 4.989748894578724, 'fire_amp': 3.1543496524370136}.
[I 2026-06-10 20:34:28,965] Trial 592 finished with values: [10.457244259577529, 10.457244259577529] and parameters: {'k1': 0.0009898117700885534, 'D_low': 171.2446447678494, 'k2': 0.00037358626308127543, 'D_high': 714.4571308652828, 'fire_exp': 1.1633452995374232, 'P_half': 5.4712187293420325, 'pre_dampen_half': 9.044346216330972, 'gpp_af': 0.016306190741524337, 'gpp_b': 0.00031478066835753096, 'gpp_d': 0.7923715993309053, 'ign_k': 0.0029519227433917453, 'ign_c': 7.081721844034206, 'trop_agb_crit': 8.0091368834625, 'trop_k_veg': 0.5089315327929785, 'fire_amp': 1.2393473789150806}.
[I 2026-06-10 20:34:30,375] Trial 593 finished with values: [-0.38246083580834817, 0.26285335202539617] and parameters: {'k1': 0.0018697387216131526, 'D_low': 171.2446447678494, 'k2': 0.00037358626308127543, 'D_high': 32311.521854410956, 'fire_exp': 1.811096651915224, 'P_half': 5.4712187293420325, 'pre_dampen_half': 3.4461856429915305, 'gpp_af': 0.016306190741524337, 'gpp_b': 0.00031478066835753096, 'gpp_d': 0.7698760608299932, 'ign_k': 0.0029519227433917453, 'ign_c': 7.081721844034206, 'trop_agb_crit': 2.0527418919564324, 'trop_k_veg': 0.5089315327929785, 'fire_amp': 5.44779717154213}.
[I 2026-06-10 20:34:31,754] Trial 594 finished with values: [10.626101498887197, 10.626101498887197] and parameters: {'k1': 3.609310926766545e-05, 'D_low': 1121.5915868662764, 'k2': 0.0004976087827261435, 'D_high': 22.636544662054543, 'fire_exp': 1.4848387260494937, 'P_half': 12.280874862135363, 'pre_dampen_half': 121.93011993958949, 'gpp_af': 1.9706963379095486, 'gpp_b': 0.00012118589392553798, 'gpp_d': 1.0088237648985734, 'ign_k': 0.002357279455676982, 'ign_c': 48.704711413416454, 'trop_agb_crit': 1.3063813396521713, 'trop_k_veg': 4.989748894578724, 'fire_amp': 3.1543496524370136}.
[I 2026-06-10 20:34:33,332] Trial 595 finished with values: [12.354916727649602, 12.354916727649602] and parameters: {'k1': 3.609310926766545e-05, 'D_low': 1121.5915868662764, 'k2': 0.0002442377596403892, 'D_high': 22.636544662054543, 'fire_exp': 1.0420149135640993, 'P_half': 7.914423612155368, 'pre_dampen_half': 170.71098124594695, 'gpp_af': 0.015627364027979502, 'gpp_b': 2.176805640408474e-05, 'gpp_d': 0.09467055845337147, 'ign_k': 0.0029519227433917453, 'ign_c': 39.52220881906114, 'trop_agb_crit': 12.708819454040446, 'trop_k_veg': 4.989748894578724, 'fire_amp': 3.1543496524370136}.
[I 2026-06-10 20:34:35,014] Trial 596 finished with values: [10.354598838516548, 10.354598838516548] and parameters: {'k1': 0.0009898117700885534, 'D_low': 171.2446447678494, 'k2': 0.02939607009739149, 'D_high': 32311.521854410956, 'fire_exp': 1.1633452995374232, 'P_half': 1265.0580856641704, 'pre_dampen_half': 9.044346216330972, 'gpp_af': 0.016306190741524337, 'gpp_b': 0.00031478066835753096, 'gpp_d': 1.3411170141333262, 'ign_k': 0.17320535908244444, 'ign_c': 7.081721844034206, 'trop_agb_crit': 1.0189592979395135, 'trop_k_veg': 5.453348988480011, 'fire_amp': 1.2393473789150806}.
[I 2026-06-10 20:34:36,435] Trial 597 finished with values: [10.444800995539719, 10.444800995539719] and parameters: {'k1': 0.028401063201780267, 'D_low': 235.39834531862078, 'k2': 0.0004976087827261435, 'D_high': 1266.9536563782303, 'fire_exp': 1.4848387260494937, 'P_half': 51.10120656497163, 'pre_dampen_half': 123.04779330083686, 'gpp_af': 42.29037995744429, 'gpp_b': 0.015062722325200045, 'gpp_d': 5.981605330890935, 'ign_k': 0.002357279455676982, 'ign_c': 153.51441568398127, 'trop_agb_crit': 2.0527418919564324, 'trop_k_veg': 2.520089655463604, 'fire_amp': 5.606809127618709}.
[I 2026-06-10 20:34:37,804] Trial 598 finished with values: [10.563050873802696, 10.563050873802696] and parameters: {'k1': 0.0018697387216131526, 'D_low': 1.7551403048208316, 'k2': 0.045914852167405346, 'D_high': 32311.521854410956, 'fire_exp': 1.811096651915224, 'P_half': 5.4712187293420325, 'pre_dampen_half': 3.4461856429915305, 'gpp_af': 0.008117091133892173, 'gpp_b': 0.00031478066835753096, 'gpp_d': 0.7698760608299932, 'ign_k': 0.002357279455676982, 'ign_c': 7.081721844034206, 'trop_agb_crit': 2.0527418919564324, 'trop_k_veg': 0.5089315327929785, 'fire_amp': 1.5719333351012774}.
[I 2026-06-10 20:34:39,183] Trial 599 finished with values: [-0.4395630272943724, 0.1290215421613915] and parameters: {'k1': 0.05705198955850472, 'D_low': 1.7551403048208316, 'k2': 0.01567230746060024, 'D_high': 32311.521854410956, 'fire_exp': 3.2459542834651627, 'P_half': 5.4712187293420325, 'pre_dampen_half': 16.009350908593582, 'gpp_af': 1.7775411110039254, 'gpp_b': 0.16285506249643175, 'gpp_d': 12.338826503601998, 'ign_k': 3.6309591863459096, 'ign_c': 2.2489542843914485, 'trop_agb_crit': 12.708819454040446, 'trop_k_veg': 0.6488368931910606, 'fire_amp': 1.5719333351012774}.
[I 2026-06-10 20:34:40,899] Trial 600 finished with values: [-0.5909029763202055, 0.06466899542084081] and parameters: {'k1': 0.0001599021369655865, 'D_low': 1121.5915868662764, 'k2': 0.006802810205786726, 'D_high': 252.84086172415604, 'fire_exp': 1.4848387260494937, 'P_half': 12.280874862135363, 'pre_dampen_half': 30.456909077772018, 'gpp_af': 0.3939208112794227, 'gpp_b': 2.176805640408474e-05, 'gpp_d': 34.18897529667503, 'ign_k': 0.17320535908244444, 'ign_c': 7.081721844034206, 'trop_agb_crit': 11.664190932505923, 'trop_k_veg': 5.453348988480011, 'fire_amp': 3.1543496524370136}.
[I 2026-06-10 20:34:42,470] Trial 601 finished with values: [10.50053679567215, 10.50053679567215] and parameters: {'k1': 5.7909642338812115e-05, 'D_low': 171.2446447678494, 'k2': 0.0004976087827261435, 'D_high': 32311.521854410956, 'fire_exp': 1.811096651915224, 'P_half': 93.43302657318476, 'pre_dampen_half': 30.456909077772018, 'gpp_af': 0.2204465010099918, 'gpp_b': 2.176805640408474e-05, 'gpp_d': 1.0088237648985734, 'ign_k': 0.0029519227433917453, 'ign_c': 342.8810943862522, 'trop_agb_crit': 2.0527418919564324, 'trop_k_veg': 0.5183533149347164, 'fire_amp': 5.44779717154213}.
[I 2026-06-10 20:34:43,967] Trial 602 finished with values: [14.607978030565876, 14.607978030565876] and parameters: {'k1': 0.006079905434073396, 'D_low': 43.2326421037033, 'k2': 0.0008255198309657572, 'D_high': 32311.521854410956, 'fire_exp': 1.1633452995374232, 'P_half': 5.4712187293420325, 'pre_dampen_half': 37.40930273158252, 'gpp_af': 1.9998014714101113, 'gpp_b': 0.00047819318414852577, 'gpp_d': 1.0088237648985734, 'ign_k': 0.0012663923057989628, 'ign_c': 16.497426799845446, 'trop_agb_crit': 3.1920112940578624, 'trop_k_veg': 2.520089655463604, 'fire_amp': 5.44779717154213}.
[I 2026-06-10 20:34:45,344] Trial 603 finished with values: [10.072679193469048, 10.072679193469048] and parameters: {'k1': 5.7909642338812115e-05, 'D_low': 1121.5915868662764, 'k2': 0.00037358626308127543, 'D_high': 252.84086172415604, 'fire_exp': 1.4848387260494937, 'P_half': 12.280874862135363, 'pre_dampen_half': 30.456909077772018, 'gpp_af': 0.2204465010099918, 'gpp_b': 0.05719024141066792, 'gpp_d': 34.18897529667503, 'ign_k': 0.0029519227433917453, 'ign_c': 39.52220881906114, 'trop_agb_crit': 11.664190932505923, 'trop_k_veg': 2.520089655463604, 'fire_amp': 5.44779717154213}.
