[I 2026-07-22 21:48:18,291] Trial 979 finished with values: [-0.51655307156885, 0.8801693312956058] and parameters: {'k1': 0.016594187721123744, 'D_low': 9.497440085397416, 'k2': 0.020149789847008874, 'D_high': 107013.64911724928, 'fire_exp': 2.3987174696212126, 'P_half': 12.002808592678374, 'pre_dampen_half': 502.5175192217655, 'gpp_af': 13.342802292606795, 'gpp_b': 0.0021331409710300844, 'gpp_d': 12.151631524283598, 'ign_k': 3.210808548911192, 'ign_c': 15.221840161091619, 'trop_agb_crit': 24.584290528289387, 'trop_k_veg': 1.9903508005332136, 'fuel_k': 4.680936683972859, 'fuel_half': 18.202647368248815}.
[I 2026-07-22 21:48:18,714] Trial 980 finished with values: [-0.777608934800319, 0.3535132995644227] and parameters: {'k1': 0.002968335334246999, 'D_low': 2.8627614274446977, 'k2': 0.002342238625792905, 'D_high': 145242.37928628005, 'fire_exp': 2.3987174696212126, 'P_half': 220.3445560633069, 'pre_dampen_half': 269.0845367054863, 'gpp_af': 0.4224904711663322, 'gpp_b': 0.0054502936945582505, 'gpp_d': 12.151631524283598, 'ign_k': 0.47637374845937214, 'ign_c': 0.3706785664265659, 'trop_agb_crit': 6.1198430581046965, 'trop_k_veg': 1.140286245977296, 'fuel_k': 4.680936683972859, 'fuel_half': 16.371966573507315}.
[I 2026-07-22 21:48:19,141] Trial 981 finished with values: [10.312556288385242, 10.312556288385242] and parameters: {'k1': 0.002968335334246999, 'D_low': 1.6646452049870526, 'k2': 0.007455766613295631, 'D_high': 107013.64911724928, 'fire_exp': 2.3987174696212126, 'P_half': 13.019246714361572, 'pre_dampen_half': 16.945487337144176, 'gpp_af': 0.008983355849178878, 'gpp_b': 0.0021331409710300844, 'gpp_d': 12.151631524283598, 'ign_k': 3.210808548911192, 'ign_c': 15.221840161091619, 'trop_agb_crit': 24.584290528289387, 'trop_k_veg': 0.5259254914812883, 'fuel_k': 0.016371163826991088, 'fuel_half': 1.3547291924247347}.
[I 2026-07-22 21:48:19,569] Trial 982 finished with values: [10.643100306129377, 10.643100306129377] and parameters: {'k1': 0.002968335334246999, 'D_low': 102.19595065529477, 'k2': 0.017300724838654365, 'D_high': 107013.64911724928, 'fire_exp': 1.0551149030160454, 'P_half': 220.3445560633069, 'pre_dampen_half': 269.0845367054863, 'gpp_af': 0.4224904711663322, 'gpp_b': 0.0054502936945582505, 'gpp_d': 12.151631524283598, 'ign_k': 3.210808548911192, 'ign_c': 0.19678273362633986, 'trop_agb_crit': 19.28597237496244, 'trop_k_veg': 1.6340262437673856, 'fuel_k': 4.680936683972859, 'fuel_half': 18.202647368248815}.
  trial  983/1500  pareto_size=6  best_taylor=0.7999  best_ilamb=0.5675  (7.4 min)
[I 2026-07-22 21:48:20,170] Trial 983 finished with values: [10.758111681814754, 10.758111681814754] and parameters: {'k1': 0.002968335334246999, 'D_low': 102.19595065529477, 'k2': 0.002342238625792905, 'D_high': 1012.581322036084, 'fire_exp': 2.3987174696212126, 'P_half': 220.3445560633069, 'pre_dampen_half': 269.0845367054863, 'gpp_af': 8.403977588241663, 'gpp_b': 0.0021331409710300844, 'gpp_d': 12.151631524283598, 'ign_k': 0.6772105870639804, 'ign_c': 15.221840161091619, 'trop_agb_crit': 24.584290528289387, 'trop_k_veg': 1.6340262437673856, 'fuel_k': 4.680936683972859, 'fuel_half': 38.21129441691226}.
[I 2026-07-22 21:48:20,600] Trial 984 finished with values: [10.55859936560217, 10.55859936560217] and parameters: {'k1': 0.003663433473924883, 'D_low': 2.8627614274446977, 'k2': 0.017300724838654365, 'D_high': 107013.64911724928, 'fire_exp': 2.3987174696212126, 'P_half': 220.3445560633069, 'pre_dampen_half': 269.0845367054863, 'gpp_af': 0.4224904711663322, 'gpp_b': 0.5391253933695486, 'gpp_d': 12.151631524283598, 'ign_k': 0.47637374845937214, 'ign_c': 0.19678273362633986, 'trop_agb_crit': 19.28597237496244, 'trop_k_veg': 1.140286245977296, 'fuel_k': 4.680936683972859, 'fuel_half': 38.21129441691226}.
[I 2026-07-22 21:48:21,065] Trial 985 finished with values: [-0.7404448846069194, 0.39549313461507296] and parameters: {'k1': 0.002968335334246999, 'D_low': 2.8627614274446977, 'k2': 0.017300724838654365, 'D_high': 107013.64911724928, 'fire_exp': 2.3987174696212126, 'P_half': 220.3445560633069, 'pre_dampen_half': 269.0845367054863, 'gpp_af': 0.4224904711663322, 'gpp_b': 0.0021331409710300844, 'gpp_d': 12.151631524283598, 'ign_k': 3.210808548911192, 'ign_c': 4.1108484350212295, 'trop_agb_crit': 19.28597237496244, 'trop_k_veg': 1.140286245977296, 'fuel_k': 4.680936683972859, 'fuel_half': 52.005817291141206}.
[I 2026-07-22 21:48:21,515] Trial 986 finished with values: [10.002613939161009, 10.002613939161009] and parameters: {'k1': 0.003663433473924883, 'D_low': 9.497440085397416, 'k2': 0.017300724838654365, 'D_high': 107013.64911724928, 'fire_exp': 2.3987174696212126, 'P_half': 220.3445560633069, 'pre_dampen_half': 269.0845367054863, 'gpp_af': 0.7539992074650282, 'gpp_b': 0.0032930655419269924, 'gpp_d': 12.151631524283598, 'ign_k': 0.47637374845937214, 'ign_c': 15.221840161091619, 'trop_agb_crit': 5.808568531484235, 'trop_k_veg': 1.140286245977296, 'fuel_k': 4.680936683972859, 'fuel_half': 38.21129441691226}.
[I 2026-07-22 21:48:21,945] Trial 987 finished with values: [10.48087231409223, 10.48087231409223] and parameters: {'k1': 0.002968335334246999, 'D_low': 2.8627614274446977, 'k2': 0.002342238625792905, 'D_high': 71534.52030884045, 'fire_exp': 2.3987174696212126, 'P_half': 220.3445560633069, 'pre_dampen_half': 1.5885284224915077, 'gpp_af': 0.7539992074650282, 'gpp_b': 0.0054502936945582505, 'gpp_d': 16.460426816350534, 'ign_k': 0.8015297379101401, 'ign_c': 4.1108484350212295, 'trop_agb_crit': 6.1198430581046965, 'trop_k_veg': 1.6340262437673856, 'fuel_k': 4.680936683972859, 'fuel_half': 16.371966573507315}.
[I 2026-07-22 21:48:22,376] Trial 988 finished with values: [-0.749340110480546, 0.37482824691335304] and parameters: {'k1': 0.003663433473924883, 'D_low': 2.8627614274446977, 'k2': 0.017300724838654365, 'D_high': 107013.64911724928, 'fire_exp': 2.3987174696212126, 'P_half': 220.3445560633069, 'pre_dampen_half': 269.0845367054863, 'gpp_af': 0.4224904711663322, 'gpp_b': 0.0032930655419269924, 'gpp_d': 12.151631524283598, 'ign_k': 0.47637374845937214, 'ign_c': 0.19678273362633986, 'trop_agb_crit': 19.28597237496244, 'trop_k_veg': 1.140286245977296, 'fuel_k': 4.680936683972859, 'fuel_half': 38.21129441691226}.
[I 2026-07-22 21:48:22,809] Trial 989 finished with values: [10.553049948835376, 10.553049948835376] and parameters: {'k1': 0.002968335334246999, 'D_low': 102.19595065529477, 'k2': 0.017300724838654365, 'D_high': 145242.37928628005, 'fire_exp': 2.3987174696212126, 'P_half': 220.3445560633069, 'pre_dampen_half': 269.0845367054863, 'gpp_af': 0.7539992074650282, 'gpp_b': 0.0054502936945582505, 'gpp_d': 12.151631524283598, 'ign_k': 0.0038887507405855736, 'ign_c': 4.1108484350212295, 'trop_agb_crit': 19.28597237496244, 'trop_k_veg': 1.2420911205694134, 'fuel_k': 4.680936683972859, 'fuel_half': 38.21129441691226}.
[I 2026-07-22 21:48:23,255] Trial 990 finished with values: [-0.7194049623746673, 0.35261500416528413] and parameters: {'k1': 0.002968335334246999, 'D_low': 2.9612221068836555, 'k2': 0.0034207303670092245, 'D_high': 107013.64911724928, 'fire_exp': 2.3987174696212126, 'P_half': 136.0956887810302, 'pre_dampen_half': 269.0845367054863, 'gpp_af': 1.1300566419249867, 'gpp_b': 0.029533947738179488, 'gpp_d': 12.151631524283598, 'ign_k': 3.210808548911192, 'ign_c': 0.19678273362633986, 'trop_agb_crit': 3.5522713231614182, 'trop_k_veg': 1.665640975011574, 'fuel_k': 4.680936683972859, 'fuel_half': 38.21129441691226}.
[I 2026-07-22 21:48:23,703] Trial 991 finished with values: [12.436877413128189, 12.436877413128189] and parameters: {'k1': 0.002968335334246999, 'D_low': 9.497440085397416, 'k2': 0.017300724838654365, 'D_high': 580966.5602369158, 'fire_exp': 2.3987174696212126, 'P_half': 2.261526696072434, 'pre_dampen_half': 502.5175192217655, 'gpp_af': 0.008712116476450106, 'gpp_b': 0.0013561490126661644, 'gpp_d': 302.3127748796295, 'ign_k': 3.210808548911192, 'ign_c': 4.1108484350212295, 'trop_agb_crit': 3.5522713231614182, 'trop_k_veg': 1.6340262437673856, 'fuel_k': 4.680936683972859, 'fuel_half': 0.33988503110784557}.
[I 2026-07-22 21:48:24,138] Trial 992 finished with values: [10.07456121785285, 10.07456121785285] and parameters: {'k1': 7.628652121629366e-05, 'D_low': 3884.6488249928593, 'k2': 0.017300724838654365, 'D_high': 145242.37928628005, 'fire_exp': 2.3987174696212126, 'P_half': 220.3445560633069, 'pre_dampen_half': 269.0845367054863, 'gpp_af': 0.7539992074650282, 'gpp_b': 0.0032930655419269924, 'gpp_d': 12.151631524283598, 'ign_k': 3.210808548911192, 'ign_c': 4.1108484350212295, 'trop_agb_crit': 19.28597237496244, 'trop_k_veg': 1.6340262437673856, 'fuel_k': 4.680936683972859, 'fuel_half': 16.10606111547332}.
[I 2026-07-22 21:48:24,571] Trial 993 finished with values: [-0.75517304473547, 0.3455701625760288] and parameters: {'k1': 0.002968335334246999, 'D_low': 102.19595065529477, 'k2': 0.017300724838654365, 'D_high': 107013.64911724928, 'fire_exp': 2.3987174696212126, 'P_half': 220.3445560633069, 'pre_dampen_half': 502.5175192217655, 'gpp_af': 0.4224904711663322, 'gpp_b': 0.0054502936945582505, 'gpp_d': 12.151631524283598, 'ign_k': 3.210808548911192, 'ign_c': 0.19678273362633986, 'trop_agb_crit': 19.28597237496244, 'trop_k_veg': 1.140286245977296, 'fuel_k': 4.680936683972859, 'fuel_half': 38.21129441691226}.
[I 2026-07-22 21:48:25,010] Trial 994 finished with values: [10.759657404192362, 10.759657404192362] and parameters: {'k1': 0.003663433473924883, 'D_low': 2.8627614274446977, 'k2': 0.017300724838654365, 'D_high': 107013.64911724928, 'fire_exp': 2.3987174696212126, 'P_half': 9848.952560187112, 'pre_dampen_half': 269.0845367054863, 'gpp_af': 0.4224904711663322, 'gpp_b': 0.0032930655419269924, 'gpp_d': 12.151631524283598, 'ign_k': 0.47637374845937214, 'ign_c': 0.19678273362633986, 'trop_agb_crit': 19.28597237496244, 'trop_k_veg': 1.140286245977296, 'fuel_k': 3.911379616905318, 'fuel_half': 8.466337919401424}.
[I 2026-07-22 21:48:25,459] Trial 995 finished with values: [-0.7497178569768624, 0.3733199358796262] and parameters: {'k1': 0.002968335334246999, 'D_low': 2.8627614274446977, 'k2': 0.017300724838654365, 'D_high': 107013.64911724928, 'fire_exp': 2.3987174696212126, 'P_half': 220.3445560633069, 'pre_dampen_half': 269.0845367054863, 'gpp_af': 0.4224904711663322, 'gpp_b': 0.0032930655419269924, 'gpp_d': 12.151631524283598, 'ign_k': 0.47637374845937214, 'ign_c': 0.19678273362633986, 'trop_agb_crit': 19.28597237496244, 'trop_k_veg': 1.140286245977296, 'fuel_k': 4.680936683972859, 'fuel_half': 38.21129441691226}.
[I 2026-07-22 21:48:25,901] Trial 996 finished with values: [-0.5632072049503826, 0.4234062957716266] and parameters: {'k1': 0.002968335334246999, 'D_low': 102.19595065529477, 'k2': 0.017300724838654365, 'D_high': 107013.64911724928, 'fire_exp': 2.3987174696212126, 'P_half': 220.3445560633069, 'pre_dampen_half': 269.0845367054863, 'gpp_af': 0.4224904711663322, 'gpp_b': 0.0005995821881487623, 'gpp_d': 1.277145173524828, 'ign_k': 3.210808548911192, 'ign_c': 0.19678273362633986, 'trop_agb_crit': 19.28597237496244, 'trop_k_veg': 1.6340262437673856, 'fuel_k': 4.680936683972859, 'fuel_half': 18.202647368248815}.
[I 2026-07-22 21:48:26,334] Trial 997 finished with values: [10.36912798334785, 10.36912798334785] and parameters: {'k1': 0.002968335334246999, 'D_low': 102.19595065529477, 'k2': 2.1698375693549493e-05, 'D_high': 580966.5602369158, 'fire_exp': 2.3987174696212126, 'P_half': 220.3445560633069, 'pre_dampen_half': 33.97904243111269, 'gpp_af': 0.0025511964576171086, 'gpp_b': 7.402343469704414e-05, 'gpp_d': 12.151631524283598, 'ign_k': 3.210808548911192, 'ign_c': 6.1609752947414345, 'trop_agb_crit': 6.1198430581046965, 'trop_k_veg': 1.6340262437673856, 'fuel_k': 4.680936683972859, 'fuel_half': 1.3547291924247347}.
[I 2026-07-22 21:48:26,760] Trial 998 finished with values: [-0.7884070173590214, 0.390213172497642] and parameters: {'k1': 0.002968335334246999, 'D_low': 2.8627614274446977, 'k2': 0.017300724838654365, 'D_high': 145242.37928628005, 'fire_exp': 2.3987174696212126, 'P_half': 220.3445560633069, 'pre_dampen_half': 269.0845367054863, 'gpp_af': 0.4224904711663322, 'gpp_b': 0.0054502936945582505, 'gpp_d': 12.151631524283598, 'ign_k': 0.47637374845937214, 'ign_c': 0.19678273362633986, 'trop_agb_crit': 19.28597237496244, 'trop_k_veg': 1.6340262437673856, 'fuel_k': 4.680936683972859, 'fuel_half': 18.202647368248815}.
[I 2026-07-22 21:48:27,187] Trial 999 finished with values: [-0.7672368790458615, 0.35740129542999743] and parameters: {'k1': 0.002968335334246999, 'D_low': 102.19595065529477, 'k2': 0.017300724838654365, 'D_high': 107013.64911724928, 'fire_exp': 2.3987174696212126, 'P_half': 220.3445560633069, 'pre_dampen_half': 269.0845367054863, 'gpp_af': 0.7539992074650282, 'gpp_b': 0.0032930655419269924, 'gpp_d': 16.460426816350534, 'ign_k': 3.210808548911192, 'ign_c': 15.221840161091619, 'trop_agb_crit': 6.1198430581046965, 'trop_k_veg': 1.6340262437673856, 'fuel_k': 4.680936683972859, 'fuel_half': 38.21129441691226}.
[I 2026-07-22 21:48:27,616] Trial 1000 finished with values: [10.029950015497713, 10.029950015497713] and parameters: {'k1': 0.002968335334246999, 'D_low': 9.497440085397416, 'k2': 0.017300724838654365, 'D_high': 65624.22510225179, 'fire_exp': 2.3987174696212126, 'P_half': 220.3445560633069, 'pre_dampen_half': 502.5175192217655, 'gpp_af': 0.4224904711663322, 'gpp_b': 0.0021331409710300844, 'gpp_d': 12.151631524283598, 'ign_k': 3.210808548911192, 'ign_c': 15.221840161091619, 'trop_agb_crit': 6.1198430581046965, 'trop_k_veg': 1.6340262437673856, 'fuel_k': 0.02929333925546488, 'fuel_half': 38.21129441691226}.
[I 2026-07-22 21:48:28,060] Trial 1001 finished with values: [-0.7846261000104394, 0.35891158267975753] and parameters: {'k1': 0.002968335334246999, 'D_low': 9.497440085397416, 'k2': 0.002342238625792905, 'D_high': 145242.37928628005, 'fire_exp': 2.3987174696212126, 'P_half': 220.3445560633069, 'pre_dampen_half': 502.5175192217655, 'gpp_af': 0.4224904711663322, 'gpp_b': 0.0054502936945582505, 'gpp_d': 12.151631524283598, 'ign_k': 0.47637374845937214, 'ign_c': 4.1108484350212295, 'trop_agb_crit': 6.1198430581046965, 'trop_k_veg': 1.6340262437673856, 'fuel_k': 4.680936683972859, 'fuel_half': 22.748609422442094}.
[I 2026-07-22 21:48:28,492] Trial 1002 finished with values: [-0.7204986567142926, 0.39217523217135364] and parameters: {'k1': 0.002968335334246999, 'D_low': 2.8627614274446977, 'k2': 0.020149789847008874, 'D_high': 107013.64911724928, 'fire_exp': 2.3987174696212126, 'P_half': 220.3445560633069, 'pre_dampen_half': 269.0845367054863, 'gpp_af': 0.4224904711663322, 'gpp_b': 0.0021331409710300844, 'gpp_d': 12.151631524283598, 'ign_k': 0.47637374845937214, 'ign_c': 4.1108484350212295, 'trop_agb_crit': 24.584290528289387, 'trop_k_veg': 1.6340262437673856, 'fuel_k': 0.010340193296440528, 'fuel_half': 16.371966573507315}.
[I 2026-07-22 21:48:28,920] Trial 1003 finished with values: [10.037323518792974, 10.037323518792974] and parameters: {'k1': 0.002968335334246999, 'D_low': 2.8627614274446977, 'k2': 0.017300724838654365, 'D_high': 145242.37928628005, 'fire_exp': 1.1145272845696383, 'P_half': 220.3445560633069, 'pre_dampen_half': 269.0845367054863, 'gpp_af': 1.1300566419249867, 'gpp_b': 0.0054502936945582505, 'gpp_d': 12.151631524283598, 'ign_k': 0.04361336125625971, 'ign_c': 4.1108484350212295, 'trop_agb_crit': 19.28597237496244, 'trop_k_veg': 1.140286245977296, 'fuel_k': 4.680936683972859, 'fuel_half': 16.371966573507315}.
[I 2026-07-22 21:48:29,350] Trial 1004 finished with values: [10.04663779049408, 10.04663779049408] and parameters: {'k1': 0.002968335334246999, 'D_low': 9.497440085397416, 'k2': 1.915468390724633e-05, 'D_high': 107013.64911724928, 'fire_exp': 2.3987174696212126, 'P_half': 220.3445560633069, 'pre_dampen_half': 502.5175192217655, 'gpp_af': 0.4224904711663322, 'gpp_b': 0.0032930655419269924, 'gpp_d': 12.151631524283598, 'ign_k': 3.210808548911192, 'ign_c': 0.19678273362633986, 'trop_agb_crit': 24.584290528289387, 'trop_k_veg': 1.6340262437673856, 'fuel_k': 4.680936683972859, 'fuel_half': 38.21129441691226}.
[I 2026-07-22 21:48:29,803] Trial 1005 finished with values: [-0.747063077115628, 0.4894752268785273] and parameters: {'k1': 0.007895056976009628, 'D_low': 9.497440085397416, 'k2': 0.0034207303670092245, 'D_high': 107013.64911724928, 'fire_exp': 2.3987174696212126, 'P_half': 136.0956887810302, 'pre_dampen_half': 269.0845367054863, 'gpp_af': 0.4224904711663322, 'gpp_b': 0.0021331409710300844, 'gpp_d': 302.3127748796295, 'ign_k': 3.210808548911192, 'ign_c': 0.11650681118986138, 'trop_agb_crit': 3.5522713231614182, 'trop_k_veg': 1.6340262437673856, 'fuel_k': 0.010340193296440528, 'fuel_half': 38.21129441691226}.
[I 2026-07-22 21:48:30,237] Trial 1006 finished with values: [-0.7187149705795022, 0.26228828064262644] and parameters: {'k1': 0.002968335334246999, 'D_low': 102.19595065529477, 'k2': 0.017300724838654365, 'D_high': 107013.64911724928, 'fire_exp': 2.3987174696212126, 'P_half': 220.3445560633069, 'pre_dampen_half': 269.0845367054863, 'gpp_af': 0.7539992074650282, 'gpp_b': 0.029533947738179488, 'gpp_d': 16.460426816350534, 'ign_k': 3.210808548911192, 'ign_c': 4.1108484350212295, 'trop_agb_crit': 6.1198430581046965, 'trop_k_veg': 1.6340262437673856, 'fuel_k': 4.680936683972859, 'fuel_half': 33.06791837227926}.
[I 2026-07-22 21:48:30,693] Trial 1007 finished with values: [-0.7222198553889959, 0.2115994467899156] and parameters: {'k1': 0.002968335334246999, 'D_low': 2.8627614274446977, 'k2': 0.002342238625792905, 'D_high': 107013.64911724928, 'fire_exp': 2.3987174696212126, 'P_half': 220.3445560633069, 'pre_dampen_half': 269.0845367054863, 'gpp_af': 0.03924302839842014, 'gpp_b': 0.0021331409710300844, 'gpp_d': 12.151631524283598, 'ign_k': 0.47637374845937214, 'ign_c': 15.221840161091619, 'trop_agb_crit': 24.584290528289387, 'trop_k_veg': 1.6340262437673856, 'fuel_k': 0.11650538392235156, 'fuel_half': 38.21129441691226}.
[I 2026-07-22 21:48:31,122] Trial 1008 finished with values: [10.664749685610603, 10.664749685610603] and parameters: {'k1': 0.0019386039125504583, 'D_low': 2.8627614274446977, 'k2': 0.017300724838654365, 'D_high': 107013.64911724928, 'fire_exp': 2.3987174696212126, 'P_half': 224.42820887784595, 'pre_dampen_half': 0.08363369134116434, 'gpp_af': 0.4224904711663322, 'gpp_b': 0.0054502936945582505, 'gpp_d': 12.151631524283598, 'ign_k': 0.47637374845937214, 'ign_c': 0.19678273362633986, 'trop_agb_crit': 19.28597237496244, 'trop_k_veg': 1.6340262437673856, 'fuel_k': 4.680936683972859, 'fuel_half': 38.21129441691226}.
[I 2026-07-22 21:48:31,567] Trial 1009 finished with values: [-0.8001557694200313, 0.36888854504593604] and parameters: {'k1': 0.002968335334246999, 'D_low': 2.8627614274446977, 'k2': 0.002342238625792905, 'D_high': 368081.9831637289, 'fire_exp': 2.3987174696212126, 'P_half': 220.3445560633069, 'pre_dampen_half': 269.0845367054863, 'gpp_af': 0.4224904711663322, 'gpp_b': 0.0054502936945582505, 'gpp_d': 12.151631524283598, 'ign_k': 0.47637374845937214, 'ign_c': 4.1108484350212295, 'trop_agb_crit': 6.1198430581046965, 'trop_k_veg': 1.140286245977296, 'fuel_k': 4.680936683972859, 'fuel_half': 16.371966573507315}.
[I 2026-07-22 21:48:32,002] Trial 1010 finished with values: [-0.7500025491048474, 0.3241192251221834] and parameters: {'k1': 0.002968335334246999, 'D_low': 2.8627614274446977, 'k2': 0.020149789847008874, 'D_high': 71534.52030884045, 'fire_exp': 2.3987174696212126, 'P_half': 220.3445560633069, 'pre_dampen_half': 269.0845367054863, 'gpp_af': 0.7539992074650282, 'gpp_b': 0.0021331409710300844, 'gpp_d': 12.151631524283598, 'ign_k': 0.47637374845937214, 'ign_c': 15.221840161091619, 'trop_agb_crit': 19.28597237496244, 'trop_k_veg': 1.6340262437673856, 'fuel_k': 4.680936683972859, 'fuel_half': 18.202647368248815}.
[I 2026-07-22 21:48:32,443] Trial 1011 finished with values: [10.093058731899333, 10.093058731899333] and parameters: {'k1': 0.002968335334246999, 'D_low': 102.19595065529477, 'k2': 0.002342238625792905, 'D_high': 107013.64911724928, 'fire_exp': 1.3936315665489396, 'P_half': 220.3445560633069, 'pre_dampen_half': 269.0845367054863, 'gpp_af': 0.7539992074650282, 'gpp_b': 0.0032930655419269924, 'gpp_d': 11.91508626986522, 'ign_k': 3.210808548911192, 'ign_c': 4.1108484350212295, 'trop_agb_crit': 6.1198430581046965, 'trop_k_veg': 1.6340262437673856, 'fuel_k': 4.680936683972859, 'fuel_half': 38.21129441691226}.
[I 2026-07-22 21:48:32,887] Trial 1012 finished with values: [10.598293428808324, 10.598293428808324] and parameters: {'k1': 0.00021779362074814804, 'D_low': 2.8627614274446977, 'k2': 0.0034207303670092245, 'D_high': 145242.37928628005, 'fire_exp': 2.3987174696212126, 'P_half': 220.3445560633069, 'pre_dampen_half': 269.0845367054863, 'gpp_af': 0.7539992074650282, 'gpp_b': 0.0032930655419269924, 'gpp_d': 302.3127748796295, 'ign_k': 0.0012728781576199358, 'ign_c': 0.3706785664265659, 'trop_agb_crit': 3.5522713231614182, 'trop_k_veg': 1.6340262437673856, 'fuel_k': 4.680936683972859, 'fuel_half': 38.21129441691226}.
[I 2026-07-22 21:48:33,330] Trial 1013 finished with values: [-0.6745013369422427, 0.1999564421291563] and parameters: {'k1': 0.002968335334246999, 'D_low': 2.8627614274446977, 'k2': 0.020149789847008874, 'D_high': 71534.52030884045, 'fire_exp': 2.3987174696212126, 'P_half': 220.3445560633069, 'pre_dampen_half': 269.0845367054863, 'gpp_af': 0.026886479903448782, 'gpp_b': 0.0032930655419269924, 'gpp_d': 12.151631524283598, 'ign_k': 1.0475330041760893, 'ign_c': 0.11650681118986138, 'trop_agb_crit': 19.28597237496244, 'trop_k_veg': 1.140286245977296, 'fuel_k': 4.680936683972859, 'fuel_half': 52.005817291141206}.
