[I 2026-08-19 15:49:21,391] Trial 1449 finished with value: -0.5932700565788415 and parameters: {'k1': 0.00019246734313041908, 'D_low': 8.0288453790507, 'k2': 0.0006604512212792861, 'D_high': 1156642.1938493713, 'fire_exp': 1.4078328926381516, 'P_half': 1.0828695803086066, 'pre_dampen_half': 0.8555277016847723, 'gpp_af': 0.26096013818838504, 'gpp_b': 0.000125193783033754, 'gpp_d': 564.7627410842978, 'ign_k': 3.083094978283978, 'ign_c': 2.4587485578812522, 'trop_agb_crit': 16.272724029368195, 'trop_k_veg': 0.9978537250033391, 'pop_amp': 0.1815882584200592, 'pop_peak': 1.4114255517294942, 'pop_sig': 0.42243835657566237, 'fuel_k': 4.019264191453177, 'fuel_half': 5.758594534137221}. Best is trial 421 with value: -0.6216386034937503.
[I 2026-08-19 15:49:24,484] Trial 1450 finished with value: -0.5695149086210731 and parameters: {'k1': 5.695010984370784e-05, 'D_low': 1210.623195430581, 'k2': 0.002987711669686131, 'D_high': 6349141.120196177, 'fire_exp': 1.6091560053230856, 'P_half': 22.775581211795373, 'pre_dampen_half': 2.5723308593868115, 'gpp_af': 89.35936464567926, 'gpp_b': 4.105330887834691e-05, 'gpp_d': 263.6924360154835, 'ign_k': 0.09998179852972713, 'ign_c': 0.5759162053213246, 'trop_agb_crit': 4.655614614629821, 'trop_k_veg': 2.2743825281819166, 'pop_amp': 0.009499127248196083, 'pop_peak': 11.75268068354267, 'pop_sig': 1.8970810358390935, 'fuel_k': 1.6432908062928315, 'fuel_half': 2.7140449736427943}. Best is trial 421 with value: -0.6216386034937503.
  trial 1451/2500  best_overall=0.6216  (85.3 min)
[I 2026-08-19 15:49:27,935] Trial 1451 finished with value: -0.4171229641080493 and parameters: {'k1': 0.0015058579455174913, 'D_low': 173.8115451860023, 'k2': 0.07435588937341378, 'D_high': 766217.6933572221, 'fire_exp': 5.325274319541221, 'P_half': 1539.1444168047599, 'pre_dampen_half': 4.921115088420771, 'gpp_af': 0.1120386855934081, 'gpp_b': 0.00014680157496746582, 'gpp_d': 348.1164857753244, 'ign_k': 0.04666602062939107, 'ign_c': 7.91515524790208, 'trop_agb_crit': 10.536614366136044, 'trop_k_veg': 2.1780532594095683, 'pop_amp': 0.016920114939237067, 'pop_peak': 0.440486292744347, 'pop_sig': 0.5730562113514669, 'fuel_k': 0.7854113174179397, 'fuel_half': 0.1452476160545064}. Best is trial 421 with value: -0.6216386034937503.
[I 2026-08-19 15:49:30,702] Trial 1452 finished with value: -0.4706807707591342 and parameters: {'k1': 7.436300502774396e-05, 'D_low': 49.53173183516197, 'k2': 2.776547662924492e-05, 'D_high': 159595.26566330693, 'fire_exp': 1.556071725200287, 'P_half': 1.9446528196304251, 'pre_dampen_half': 0.04407740524286153, 'gpp_af': 16.808341928442783, 'gpp_b': 6.284646068239897e-05, 'gpp_d': 17.064865596118704, 'ign_k': 5.752594331898025, 'ign_c': 1.4179669368578542, 'trop_agb_crit': 26.624105913368897, 'trop_k_veg': 2.260371291921369, 'pop_amp': 0.20538235490849915, 'pop_peak': 0.09141796013076409, 'pop_sig': 0.8061458965744164, 'fuel_k': 1.5451961049938852, 'fuel_half': 1.7192991565829345}. Best is trial 421 with value: -0.6216386034937503.
[I 2026-08-19 15:49:33,471] Trial 1453 finished with value: -0.5634223101563507 and parameters: {'k1': 0.00992915170742673, 'D_low': 274.16076339645605, 'k2': 0.00040500588654185425, 'D_high': 255061.86494178555, 'fire_exp': 1.79181381052912, 'P_half': 17.80923338216125, 'pre_dampen_half': 0.1337378661412427, 'gpp_af': 0.001068973734165718, 'gpp_b': 0.0006277621048980838, 'gpp_d': 0.11686583144463875, 'ign_k': 0.38745196662962667, 'ign_c': 0.2299714157140899, 'trop_agb_crit': 25.857264322375123, 'trop_k_veg': 2.383901814447856, 'pop_amp': 0.5267365847685801, 'pop_peak': 3.6591036222870175, 'pop_sig': 0.3364891895249632, 'fuel_k': 4.162903465615088, 'fuel_half': 0.12620660383936913}. Best is trial 421 with value: -0.6216386034937503.
[I 2026-08-19 15:49:36,895] Trial 1454 finished with value: -0.5265855222647888 and parameters: {'k1': 5.5865417006721886e-05, 'D_low': 6447.133893337475, 'k2': 0.011397531403899134, 'D_high': 347555.04969558056, 'fire_exp': 1.8546024168617978, 'P_half': 6.296988531849013, 'pre_dampen_half': 0.8627366706947835, 'gpp_af': 2.69274256770683, 'gpp_b': 0.0018000129614892894, 'gpp_d': 44.974328982561154, 'ign_k': 0.05290735419129163, 'ign_c': 0.2179147286600643, 'trop_agb_crit': 13.543480626477232, 'trop_k_veg': 2.3995027109321616, 'pop_amp': 0.006739656568475586, 'pop_peak': 0.6389099142526101, 'pop_sig': 1.8472170672651151, 'fuel_k': 4.551278187617102, 'fuel_half': 1.8108420721125613}. Best is trial 421 with value: -0.6216386034937503.
[I 2026-08-19 15:49:40,237] Trial 1455 finished with value: -0.5468788947488192 and parameters: {'k1': 0.0003375299636666915, 'D_low': 11.507877811992106, 'k2': 1.4374139887804807e-05, 'D_high': 6465004.890891324, 'fire_exp': 1.025950125308866, 'P_half': 9.637743210834584, 'pre_dampen_half': 12.370043554395632, 'gpp_af': 0.417854496410004, 'gpp_b': 0.0007776171010551328, 'gpp_d': 32.88937365784508, 'ign_k': 0.23528569815043582, 'ign_c': 26.257434274359948, 'trop_agb_crit': 14.940390133879447, 'trop_k_veg': 1.8566085597542392, 'pop_amp': 0.06308277887193744, 'pop_peak': 88.96641198600118, 'pop_sig': 0.3172005281796011, 'fuel_k': 4.605455039784225, 'fuel_half': 1.1927456327351003}. Best is trial 421 with value: -0.6216386034937503.
[I 2026-08-19 15:49:44,022] Trial 1456 finished with value: -0.5905250371226458 and parameters: {'k1': 3.100404674490409e-05, 'D_low': 741.0775892678045, 'k2': 0.0014805326690175181, 'D_high': 126652.2547958238, 'fire_exp': 2.4804088691827286, 'P_half': 33.85972863864126, 'pre_dampen_half': 7.969352462398961, 'gpp_af': 1.5812805038860358, 'gpp_b': 0.01607042374067041, 'gpp_d': 297.5385541302852, 'ign_k': 0.193527395563329, 'ign_c': 2.172157250263882, 'trop_agb_crit': 10.610901840462613, 'trop_k_veg': 3.418083772501391, 'pop_amp': 0.0011406852314900864, 'pop_peak': 1.736532390089414, 'pop_sig': 1.0848929942359384, 'fuel_k': 4.585208740297847, 'fuel_half': 0.7039385212584209}. Best is trial 421 with value: -0.6216386034937503.
[I 2026-08-19 15:49:47,739] Trial 1457 finished with value: -0.3962734178666535 and parameters: {'k1': 0.0016797883595998625, 'D_low': 2.2105249031737007, 'k2': 6.213412916863362e-05, 'D_high': 490661.89365408267, 'fire_exp': 3.4143684026838725, 'P_half': 3359.9895236009443, 'pre_dampen_half': 31.50666858258715, 'gpp_af': 0.05279810176631411, 'gpp_b': 0.00266980582389905, 'gpp_d': 0.038748283851594345, 'ign_k': 0.005110262145887472, 'ign_c': 3.1791123660675003, 'trop_agb_crit': 16.6903105113302, 'trop_k_veg': 1.454940269395525, 'pop_amp': 5.851712263203305, 'pop_peak': 21.95520871598816, 'pop_sig': 0.2740006150311323, 'fuel_k': 0.07885785638205112, 'fuel_half': 2.204802978621641}. Best is trial 421 with value: -0.6216386034937503.
  trial 1458/2500  best_overall=0.6216  (85.7 min)
[I 2026-08-19 15:49:52,164] Trial 1458 finished with value: -0.590849656908724 and parameters: {'k1': 0.0002715707788826805, 'D_low': 3100.7994263898395, 'k2': 0.0004048706410482527, 'D_high': 7162800.03635909, 'fire_exp': 1.535262530772818, 'P_half': 501.2841391411767, 'pre_dampen_half': 2.2945834577554267, 'gpp_af': 0.05677484769581151, 'gpp_b': 5.355903392688709e-05, 'gpp_d': 7.751999519828205, 'ign_k': 0.9789943866575996, 'ign_c': 2.9484446015010723, 'trop_agb_crit': 26.3648825120619, 'trop_k_veg': 4.896476544546741, 'pop_amp': 0.0028493623554694063, 'pop_peak': 19.499599274674917, 'pop_sig': 0.7600772799032286, 'fuel_k': 1.4389551692900366, 'fuel_half': 0.33050833796826506}. Best is trial 421 with value: -0.6216386034937503.
[I 2026-08-19 15:49:55,193] Trial 1459 finished with value: -0.5276816426610148 and parameters: {'k1': 4.962240637061662e-05, 'D_low': 8928.043943944263, 'k2': 0.0017509539904821062, 'D_high': 5955429.243410577, 'fire_exp': 1.433255034627341, 'P_half': 679.7172053036434, 'pre_dampen_half': 129.21992763722312, 'gpp_af': 35.642749936162296, 'gpp_b': 0.020088654647004604, 'gpp_d': 126.81166756083327, 'ign_k': 0.2511186159655656, 'ign_c': 15.746130101981544, 'trop_agb_crit': 7.442621562977697, 'trop_k_veg': 3.199849610229292, 'pop_amp': 0.016201591806146352, 'pop_peak': 68.3256124632596, 'pop_sig': 2.065861743207441, 'fuel_k': 2.2589880281407133, 'fuel_half': 9.135566992414155}. Best is trial 421 with value: -0.6216386034937503.
[I 2026-08-19 15:49:57,840] Trial 1460 finished with value: -0.4720050951509749 and parameters: {'k1': 0.005600816831682501, 'D_low': 46.233673919445906, 'k2': 0.0009590884929651864, 'D_high': 182413.37883735297, 'fire_exp': 1.2609605174254261, 'P_half': 132.53192367998903, 'pre_dampen_half': 0.0515019893852444, 'gpp_af': 0.0028802247561253965, 'gpp_b': 1.756469567268416e-05, 'gpp_d': 0.18351077287532686, 'ign_k': 0.0027678315006372813, 'ign_c': 1.2280939361479424, 'trop_agb_crit': 11.929468639109357, 'trop_k_veg': 2.3432529031944695, 'pop_amp': 0.023729036465969286, 'pop_peak': 0.49570611537279313, 'pop_sig': 0.49387919465289964, 'fuel_k': 1.8186021703789934, 'fuel_half': 0.10389498266016926}. Best is trial 421 with value: -0.6216386034937503.
[I 2026-08-19 15:50:00,529] Trial 1461 finished with value: -0.5373831726472491 and parameters: {'k1': 0.00048588371003377114, 'D_low': 9.692673068268789, 'k2': 2.5009484604498593e-05, 'D_high': 266191.8967206216, 'fire_exp': 1.622900699125755, 'P_half': 9.59544254655141, 'pre_dampen_half': 0.10960297449646388, 'gpp_af': 0.11838566419603457, 'gpp_b': 0.0004437600693676326, 'gpp_d': 10.079570518796098, 'ign_k': 0.3664572338660726, 'ign_c': 23.671951882263677, 'trop_agb_crit': 20.255724877379823, 'trop_k_veg': 0.9392364187805847, 'pop_amp': 0.312230520168943, 'pop_peak': 0.1838967068722211, 'pop_sig': 0.6100188474650092, 'fuel_k': 5.390775410249884, 'fuel_half': 0.30481244797555707}. Best is trial 421 with value: -0.6216386034937503.
[I 2026-08-19 15:50:03,947] Trial 1462 finished with value: -0.43581452384872676 and parameters: {'k1': 1.065160720284667e-05, 'D_low': 376.9428169978414, 'k2': 0.022000535728206375, 'D_high': 4727271.088784097, 'fire_exp': 2.3909080365728, 'P_half': 38.724411140896564, 'pre_dampen_half': 0.07829907292025003, 'gpp_af': 2.766545968919141, 'gpp_b': 7.589604676977064e-05, 'gpp_d': 270.2404898513828, 'ign_k': 0.04869559186307329, 'ign_c': 4.060828839725811, 'trop_agb_crit': 5.036079375490284, 'trop_k_veg': 4.644559910621023, 'pop_amp': 0.0014279434844764937, 'pop_peak': 562.2874795600998, 'pop_sig': 2.0138048486711537, 'fuel_k': 2.3541503170087856, 'fuel_half': 4.708032373297094}. Best is trial 421 with value: -0.6216386034937503.
[I 2026-08-19 15:50:06,867] Trial 1463 finished with value: -0.4506255275922889 and parameters: {'k1': 2.513641370307981e-05, 'D_low': 1.8889377773313936, 'k2': 1.1310479366684233e-05, 'D_high': 3695557.6819520216, 'fire_exp': 1.148462146283159, 'P_half': 1.7799559744135993, 'pre_dampen_half': 1.9539768521903673, 'gpp_af': 4.8881420936259286, 'gpp_b': 0.00014259056268807135, 'gpp_d': 626.5146897201801, 'ign_k': 0.04322252939699449, 'ign_c': 62.14652756677709, 'trop_agb_crit': 6.682642423680627, 'trop_k_veg': 3.4649282155098913, 'pop_amp': 0.11031635598444739, 'pop_peak': 0.2741137433736007, 'pop_sig': 0.34300034200496043, 'fuel_k': 5.606012575142801, 'fuel_half': 4.290367293726938}. Best is trial 421 with value: -0.6216386034937503.
[I 2026-08-19 15:50:09,858] Trial 1464 finished with value: -0.5997517083031575 and parameters: {'k1': 1.7506709178805437e-05, 'D_low': 490.835946522507, 'k2': 0.04412941666133612, 'D_high': 528766.692511028, 'fire_exp': 1.0479498644253415, 'P_half': 28.911648093452314, 'pre_dampen_half': 0.24165030792103182, 'gpp_af': 11.137453362510424, 'gpp_b': 0.00029703869562348824, 'gpp_d': 152.09365686243936, 'ign_k': 0.7685840341707251, 'ign_c': 5.58044019294465, 'trop_agb_crit': 8.469886920266212, 'trop_k_veg': 2.1342651321797446, 'pop_amp': 0.008689715924106884, 'pop_peak': 17.284408244938767, 'pop_sig': 1.531585912933424, 'fuel_k': 4.860342705278918, 'fuel_half': 0.31986829558161645}. Best is trial 421 with value: -0.6216386034937503.
  trial 1465/2500  best_overall=0.6216  (86.1 min)
[I 2026-08-19 15:50:12,953] Trial 1465 finished with value: -0.5919226534588755 and parameters: {'k1': 0.00027379534990497415, 'D_low': 299.4113897700354, 'k2': 0.0021437558970253965, 'D_high': 6651391.349255237, 'fire_exp': 1.5808153313316602, 'P_half': 17.48137189071212, 'pre_dampen_half': 2.6745031446566694, 'gpp_af': 0.01212473754803773, 'gpp_b': 0.0004390249873163159, 'gpp_d': 21.67441902372229, 'ign_k': 0.6749335496516939, 'ign_c': 0.10408695652745144, 'trop_agb_crit': 24.690673249959556, 'trop_k_veg': 2.56020568788532, 'pop_amp': 0.30336188683501153, 'pop_peak': 1.0860225416552256, 'pop_sig': 0.4662117967842632, 'fuel_k': 0.4881555382163616, 'fuel_half': 2.3847277874922153}. Best is trial 421 with value: -0.6216386034937503.
[I 2026-08-19 15:50:15,803] Trial 1466 finished with value: -0.4667670237464436 and parameters: {'k1': 1.0672959276762852e-05, 'D_low': 23454.870473196956, 'k2': 0.0005657378516273747, 'D_high': 2978567.3355273334, 'fire_exp': 1.3307126092357882, 'P_half': 5.699270539556593, 'pre_dampen_half': 16.473643498870025, 'gpp_af': 50.145898870271076, 'gpp_b': 0.00269085948054362, 'gpp_d': 19.54065655894934, 'ign_k': 0.0020636956310790553, 'ign_c': 8.550584964587461, 'trop_agb_crit': 9.81876338131943, 'trop_k_veg': 2.264725592917987, 'pop_amp': 0.001246378044489791, 'pop_peak': 1.8665491294354788, 'pop_sig': 1.390693952080088, 'fuel_k': 5.23663608910647, 'fuel_half': 1.026745400856638}. Best is trial 421 with value: -0.6216386034937503.
[I 2026-08-19 15:50:19,543] Trial 1467 finished with value: -0.40955638836812963 and parameters: {'k1': 1.5276653806433395e-05, 'D_low': 357465.46999187896, 'k2': 0.0011480733271658481, 'D_high': 88622.97707222954, 'fire_exp': 1.0373122346206245, 'P_half': 372.8053081737073, 'pre_dampen_half': 9.776378504157776, 'gpp_af': 7.328722936890973, 'gpp_b': 4.887780402137314e-05, 'gpp_d': 114.1889054530194, 'ign_k': 0.7335543663362419, 'ign_c': 0.7260384727086192, 'trop_agb_crit': 3.81273210800698, 'trop_k_veg': 2.053152571853161, 'pop_amp': 0.008186543792492312, 'pop_peak': 2.605991085518427, 'pop_sig': 1.287509309892451, 'fuel_k': 2.5404184274592505, 'fuel_half': 6.1847667712008505}. Best is trial 421 with value: -0.6216386034937503.
[I 2026-08-19 15:50:22,182] Trial 1468 finished with value: -0.5785724527345523 and parameters: {'k1': 3.6118301422540054e-05, 'D_low': 105.51038634564915, 'k2': 0.031113154263833768, 'D_high': 4558445.632193567, 'fire_exp': 1.1479642945073105, 'P_half': 206.12752438057186, 'pre_dampen_half': 13.609017177034742, 'gpp_af': 34.06409352999807, 'gpp_b': 0.00011064049813777987, 'gpp_d': 68.82917740425923, 'ign_k': 0.07216918140513542, 'ign_c': 12.588623704063751, 'trop_agb_crit': 9.344271017790375, 'trop_k_veg': 4.075572343524589, 'pop_amp': 0.004511474533578204, 'pop_peak': 0.9139217594764049, 'pop_sig': 2.0053886863501917, 'fuel_k': 5.687093044332437, 'fuel_half': 0.9176411796573098}. Best is trial 421 with value: -0.6216386034937503.
[I 2026-08-19 15:50:25,167] Trial 1469 finished with value: -0.37510098025153316 and parameters: {'k1': 0.0029071930302771343, 'D_low': 138656.0344595812, 'k2': 0.006363007318974275, 'D_high': 1889903.6851566664, 'fire_exp': 4.597139532197208, 'P_half': 24.167810949044235, 'pre_dampen_half': 20.084398303986585, 'gpp_af': 0.002818990805147303, 'gpp_b': 1.0689725986242274e-05, 'gpp_d': 2.510765075052323, 'ign_k': 0.13899633987855836, 'ign_c': 17.6202129664758, 'trop_agb_crit': 3.4768403994882586, 'trop_k_veg': 1.88289650107902, 'pop_amp': 1.5042485093878388, 'pop_peak': 776.1853070307877, 'pop_sig': 1.6981324479964262, 'fuel_k': 0.17631960405273941, 'fuel_half': 3.143918450790443}. Best is trial 421 with value: -0.6216386034937503.
[I 2026-08-19 15:50:28,447] Trial 1470 finished with value: -0.5205288875671019 and parameters: {'k1': 5.660075813189288e-05, 'D_low': 2.1311820764444644, 'k2': 0.0001702979679856301, 'D_high': 187530.57785856663, 'fire_exp': 1.4863839900288625, 'P_half': 1.9434073818418998, 'pre_dampen_half': 0.9690318625433931, 'gpp_af': 2.8194588822550446, 'gpp_b': 0.016187239309172145, 'gpp_d': 30.777224992367387, 'ign_k': 0.09527957138937868, 'ign_c': 19.69052343598906, 'trop_agb_crit': 24.0728452194072, 'trop_k_veg': 1.7530669018927147, 'pop_amp': 0.5301070825740101, 'pop_peak': 0.4470346305839082, 'pop_sig': 0.5954649999521773, 'fuel_k': 5.232932491471653, 'fuel_half': 2.7851402933707394}. Best is trial 421 with value: -0.6216386034937503.
[I 2026-08-19 15:50:31,424] Trial 1471 finished with value: -0.5972000600878966 and parameters: {'k1': 3.648342387328248e-05, 'D_low': 4.128805553220242, 'k2': 1.3897186016107805e-05, 'D_high': 1043893.3893477635, 'fire_exp': 3.0070977665640495, 'P_half': 4.046493751784653, 'pre_dampen_half': 76.35390290624446, 'gpp_af': 0.17534377221255287, 'gpp_b': 0.0039414110251217455, 'gpp_d': 789.8360980419313, 'ign_k': 0.16716997131341338, 'ign_c': 11.531401099441913, 'trop_agb_crit': 13.589798179041145, 'trop_k_veg': 4.6900296002745305, 'pop_amp': 0.008005288402832331, 'pop_peak': 2.4420866004709776, 'pop_sig': 0.4516893322823037, 'fuel_k': 3.8733339584997433, 'fuel_half': 1.5110740145906092}. Best is trial 421 with value: -0.6216386034937503.
  trial 1472/2500  best_overall=0.6216  (86.5 min)
[I 2026-08-19 15:50:35,920] Trial 1472 finished with value: -0.5664194341889235 and parameters: {'k1': 7.160784682049874e-05, 'D_low': 487.03903618134996, 'k2': 0.009751853273057482, 'D_high': 123162.87097682625, 'fire_exp': 1.3762652837205156, 'P_half': 53.23773188306039, 'pre_dampen_half': 8.417440329825373, 'gpp_af': 6.805108556297104, 'gpp_b': 0.0010660225307705165, 'gpp_d': 82.24756903076903, 'ign_k': 0.4757432891222748, 'ign_c': 3.3572601317947277, 'trop_agb_crit': 2.5458712293473105, 'trop_k_veg': 2.691934661331799, 'pop_amp': 0.00460487170617766, 'pop_peak': 0.5502275108673498, 'pop_sig': 2.1690020386951723, 'fuel_k': 2.2511224338644276, 'fuel_half': 1.9553504449646215}. Best is trial 421 with value: -0.6216386034937503.
[I 2026-08-19 15:50:38,761] Trial 1473 finished with value: -0.5344035757639165 and parameters: {'k1': 0.002823698609599647, 'D_low': 956.1155668114716, 'k2': 0.010155698362182969, 'D_high': 1823771.2067219662, 'fire_exp': 4.185786381033416, 'P_half': 12.572091309442808, 'pre_dampen_half': 42.873050891969974, 'gpp_af': 0.0066291641032024924, 'gpp_b': 0.0014480504068989082, 'gpp_d': 0.6445335222648518, 'ign_k': 4.506212918950965, 'ign_c': 0.21979485996243506, 'trop_agb_crit': 14.23431314219382, 'trop_k_veg': 0.8842864039330576, 'pop_amp': 0.006754008398328106, 'pop_peak': 23.272303494355377, 'pop_sig': 0.4215151620735609, 'fuel_k': 0.250569699921871, 'fuel_half': 6.448863311774703}. Best is trial 421 with value: -0.6216386034937503.
[I 2026-08-19 15:50:41,410] Trial 1474 finished with value: -0.5737298857578559 and parameters: {'k1': 0.015108795824170287, 'D_low': 309.9381153676187, 'k2': 0.0003934383926450625, 'D_high': 47643.71920042687, 'fire_exp': 3.8065989022122384, 'P_half': 342.7958026978062, 'pre_dampen_half': 2.8954164838354535, 'gpp_af': 0.04904229152336793, 'gpp_b': 0.00019718916085435795, 'gpp_d': 1.6840212073021819, 'ign_k': 0.16773974631719, 'ign_c': 5.459188379248512, 'trop_agb_crit': 2.6691517927383703, 'trop_k_veg': 1.737295925897813, 'pop_amp': 12.76200618279202, 'pop_peak': 44.249448877850604, 'pop_sig': 2.0177181452352904, 'fuel_k': 0.019791581468418955, 'fuel_half': 1.227945045987678}. Best is trial 421 with value: -0.6216386034937503.
[I 2026-08-19 15:50:44,247] Trial 1475 finished with value: -0.4918936930479429 and parameters: {'k1': 0.0002486826723542488, 'D_low': 1.9275432402418256, 'k2': 5.906658690943523e-05, 'D_high': 407253.21297206363, 'fire_exp': 1.761023088836895, 'P_half': 698.7484997430482, 'pre_dampen_half': 2.204997348749174, 'gpp_af': 0.7794217265552035, 'gpp_b': 0.00010389832315616609, 'gpp_d': 0.17545993638892973, 'ign_k': 0.22336175113256446, 'ign_c': 1.3973768745944062, 'trop_agb_crit': 4.192323033719942, 'trop_k_veg': 2.2110923570923013, 'pop_amp': 2.0862216667325715, 'pop_peak': 2.1897227877766574, 'pop_sig': 2.414077458369227, 'fuel_k': 0.03278361808570012, 'fuel_half': 1.3856763916911308}. Best is trial 421 with value: -0.6216386034937503.
[I 2026-08-19 15:50:46,617] Trial 1476 finished with value: -0.5045175122058101 and parameters: {'k1': 1.727007097993711e-05, 'D_low': 71282.24762288405, 'k2': 0.04344062097066876, 'D_high': 5391333.651654406, 'fire_exp': 1.7352876991370392, 'P_half': 152.4571287851017, 'pre_dampen_half': 15.220601324299574, 'gpp_af': 1.0885448144255914, 'gpp_b': 0.00032527306937962656, 'gpp_d': 319.30780968431384, 'ign_k': 0.4145276470267343, 'ign_c': 15.954740209875307, 'trop_agb_crit': 11.677988691108393, 'trop_k_veg': 2.516646763110812, 'pop_amp': 0.0550393218194055, 'pop_peak': 2.732414904540796, 'pop_sig': 1.8354631589225319, 'fuel_k': 2.090783259762318, 'fuel_half': 19.007994188029375}. Best is trial 421 with value: -0.6216386034937503.
[I 2026-08-19 15:50:48,907] Trial 1477 finished with value: -0.3678854237909043 and parameters: {'k1': 0.0013357666896585266, 'D_low': 9.963321487585812, 'k2': 0.0009063530493561448, 'D_high': 355532.1522309488, 'fire_exp': 1.1249527029543696, 'P_half': 13.488434677239391, 'pre_dampen_half': 4.073667029162836, 'gpp_af': 0.004219143592200511, 'gpp_b': 0.0009960772787352338, 'gpp_d': 1.6351986626281068, 'ign_k': 0.27798833344277973, 'ign_c': 0.13785691063989286, 'trop_agb_crit': 4.3216934317864935, 'trop_k_veg': 1.8335178824435354, 'pop_amp': 0.010336582782069831, 'pop_peak': 1.6796014935599992, 'pop_sig': 0.7965289611672153, 'fuel_k': 5.87347892181663, 'fuel_half': 0.21489382310680613}. Best is trial 421 with value: -0.6216386034937503.
