[I 2026-06-10 19:26:53,670] Trial 296 finished with values: [10.474035138494425, 10.474035138494425] and parameters: {'k1': 0.0001969885015387913, 'D_low': 16.480446427978972, 'k2': 0.0001280886335404798, 'D_high': 900.6846506533042, 'fire_exp': 1.264103030891254, 'P_half': 5.4712187293420325, 'pre_dampen_half': 42.05657072871069, 'gpp_af': 0.004409093791567215, 'gpp_b': 0.00013164432569139702, 'gpp_d': 0.47379914349407487, 'ign_k': 0.03845635122720663, 'ign_c': 0.773448215664679, 'trop_agb_crit': 1.2489332852689512, 'trop_k_veg': 0.7808079158649266, 'fire_amp': 3.8500040010232275}.
[I 2026-06-10 19:26:55,140] Trial 297 finished with values: [10.83333333328067, 10.83333333328067] and parameters: {'k1': 0.006079905434073396, 'D_low': 1.4002277211577039, 'k2': 0.0007731571570012607, 'D_high': 1817.0401889219124, 'fire_exp': 1.111738490499784, 'P_half': 157.3644610977214, 'pre_dampen_half': 38.00678588560607, 'gpp_af': 1.9998014714101113, 'gpp_b': 0.00047819318414852577, 'gpp_d': 525.1661172395181, 'ign_k': 0.8945150807271531, 'ign_c': 120.67843549291506, 'trop_agb_crit': 10.2166878366619, 'trop_k_veg': 1.6003641872536711, 'fire_amp': 1.5587346124822492}.
[I 2026-06-10 19:26:56,604] Trial 298 finished with values: [10.628916109957911, 10.628916109957911] and parameters: {'k1': 0.00026539376439360527, 'D_low': 2186.356344942016, 'k2': 0.0014539199187561544, 'D_high': 3545.843846227985, 'fire_exp': 1.111738490499784, 'P_half': 1.4551749476072258, 'pre_dampen_half': 189.36639872354493, 'gpp_af': 3.298293484806585, 'gpp_b': 0.5903603324157484, 'gpp_d': 1.6963424566071992, 'ign_k': 0.8945150807271531, 'ign_c': 7.832259769732471, 'trop_agb_crit': 1.8023542850487386, 'trop_k_veg': 1.6648666152166967, 'fire_amp': 2.042193818779288}.
[I 2026-06-10 19:26:58,124] Trial 299 finished with values: [10.445563837829601, 10.445563837829601] and parameters: {'k1': 0.03820259936390116, 'D_low': 50.32059347286801, 'k2': 1.1417577140741129e-05, 'D_high': 1266.9536563782303, 'fire_exp': 1.111738490499784, 'P_half': 5.4712187293420325, 'pre_dampen_half': 42.05657072871069, 'gpp_af': 3.298293484806585, 'gpp_b': 0.00013164432569139702, 'gpp_d': 0.030844007727232167, 'ign_k': 0.03845635122720663, 'ign_c': 0.773448215664679, 'trop_agb_crit': 1.2489332852689512, 'trop_k_veg': 1.6648666152166967, 'fire_amp': 2.042193818779288}.
[I 2026-06-10 19:26:59,611] Trial 300 finished with values: [10.772377210264464, 10.772377210264464] and parameters: {'k1': 0.0001887567630782227, 'D_low': 1.4002277211577039, 'k2': 0.0007731571570012607, 'D_high': 124.31017136067044, 'fire_exp': 1.9136159174067866, 'P_half': 70.91190338709636, 'pre_dampen_half': 269.0845367054866, 'gpp_af': 96.74365715402625, 'gpp_b': 0.006999112505425414, 'gpp_d': 47.35384181058586, 'ign_k': 0.09256855841989636, 'ign_c': 7.832259769732471, 'trop_agb_crit': 6.351751286408562, 'trop_k_veg': 5.453348988480011, 'fire_amp': 3.0602124456299986}.
[I 2026-06-10 19:27:01,181] Trial 301 finished with values: [10.83197393123359, 10.83197393123359] and parameters: {'k1': 0.006079905434073396, 'D_low': 1.7551403048208316, 'k2': 0.045914852167405346, 'D_high': 42.242359735170886, 'fire_exp': 1.7792742686803427, 'P_half': 157.3644610977214, 'pre_dampen_half': 16.009350908593582, 'gpp_af': 1.9998014714101113, 'gpp_b': 0.0036065155862388338, 'gpp_d': 12.338826503601998, 'ign_k': 0.07867677706257832, 'ign_c': 16.497426799845446, 'trop_agb_crit': 8.0091368834625, 'trop_k_veg': 1.6003641872536711, 'fire_amp': 1.5587346124822492}.
[I 2026-06-10 19:27:02,676] Trial 302 finished with values: [10.831936790157156, 10.831936790157156] and parameters: {'k1': 0.0006390695092073222, 'D_low': 24.28756508761176, 'k2': 0.019383858782150494, 'D_high': 24.9899605789089, 'fire_exp': 1.233919071594971, 'P_half': 774.5825831079144, 'pre_dampen_half': 1.8469033699850426, 'gpp_af': 0.005061568304359487, 'gpp_b': 0.004411400434514031, 'gpp_d': 14.427333163005196, 'ign_k': 0.00660597889201953, 'ign_c': 1.4879588507789996, 'trop_agb_crit': 3.430044314610246, 'trop_k_veg': 5.453348988480011, 'fire_amp': 3.1045399027418377}.
[I 2026-06-10 19:27:04,241] Trial 303 finished with values: [10.743443078216254, 10.743443078216254] and parameters: {'k1': 0.006079905434073396, 'D_low': 236.79352040223893, 'k2': 0.0004976087827261435, 'D_high': 18337.177967709995, 'fire_exp': 1.2918065501148304, 'P_half': 2.226799690893868, 'pre_dampen_half': 0.13249602803264168, 'gpp_af': 0.2204465010099918, 'gpp_b': 0.006999112505425414, 'gpp_d': 0.03927259340973166, 'ign_k': 0.8945150807271531, 'ign_c': 7.832259769732471, 'trop_agb_crit': 12.647327018493208, 'trop_k_veg': 5.453348988480011, 'fire_amp': 2.7806853670293616}.
[I 2026-06-10 19:27:05,752] Trial 304 finished with values: [10.018230727131384, 10.018230727131384] and parameters: {'k1': 0.0001887567630782227, 'D_low': 37.13474360443033, 'k2': 0.018467059900514494, 'D_high': 18108.14362107968, 'fire_exp': 1.9136159174067866, 'P_half': 70.91190338709636, 'pre_dampen_half': 269.0845367054866, 'gpp_af': 5.470750401264765, 'gpp_b': 0.049565458633074926, 'gpp_d': 47.35384181058586, 'ign_k': 3.965503094323014, 'ign_c': 1.3431925993528124, 'trop_agb_crit': 6.351751286408562, 'trop_k_veg': 4.0068236274914755, 'fire_amp': 3.0602124456299986}.
[I 2026-06-10 19:27:07,284] Trial 305 finished with values: [-0.5916274292535927, 0.7733342164988338] and parameters: {'k1': 0.0869690639641868, 'D_low': 236.79352040223893, 'k2': 0.005204862686958021, 'D_high': 6682.9607218310075, 'fire_exp': 1.2060040899560858, 'P_half': 2.226799690893868, 'pre_dampen_half': 9.044346216330972, 'gpp_af': 0.8594202650742228, 'gpp_b': 0.001674375583895437, 'gpp_d': 1.4397852866783676, 'ign_k': 1.6270983114897255, 'ign_c': 1.364908766641693, 'trop_agb_crit': 1.0189592979395135, 'trop_k_veg': 2.99731137426955, 'fire_amp': 2.6192385880432525}.
[I 2026-06-10 19:27:08,792] Trial 306 finished with values: [10.401192868946175, 10.401192868946175] and parameters: {'k1': 0.006079905434073396, 'D_low': 236.79352040223893, 'k2': 0.0007731571570012607, 'D_high': 1817.0401889219124, 'fire_exp': 1.2060040899560858, 'P_half': 2.226799690893868, 'pre_dampen_half': 4.847666216751353, 'gpp_af': 1.9706963379095486, 'gpp_b': 0.001674375583895437, 'gpp_d': 1.0088237648985734, 'ign_k': 0.8945150807271531, 'ign_c': 1.364908766641693, 'trop_agb_crit': 1.456074715900995, 'trop_k_veg': 2.99731137426955, 'fire_amp': 2.7806853670293616}.
[I 2026-06-10 19:27:10,218] Trial 307 finished with values: [10.79928171826287, 10.79928171826287] and parameters: {'k1': 0.03820259936390116, 'D_low': 2267.735223551285, 'k2': 0.02065142557895925, 'D_high': 48235.58283024493, 'fire_exp': 1.233919071594971, 'P_half': 774.5825831079144, 'pre_dampen_half': 9.044346216330972, 'gpp_af': 0.0065783822580709386, 'gpp_b': 0.002416023630607169, 'gpp_d': 94.19931479490882, 'ign_k': 0.06219881174029358, 'ign_c': 2.2882309479728957, 'trop_agb_crit': 1.0189592979395135, 'trop_k_veg': 4.796046723963646, 'fire_amp': 5.44779717154213}.
[I 2026-06-10 19:27:11,801] Trial 308 finished with values: [10.83333333328067, 10.83333333328067] and parameters: {'k1': 0.00026539376439360527, 'D_low': 2186.356344942016, 'k2': 0.02065142557895925, 'D_high': 1266.9536563782303, 'fire_exp': 1.9095652801045373, 'P_half': 118.94665366442581, 'pre_dampen_half': 9.044346216330972, 'gpp_af': 10.25616274847308, 'gpp_b': 2.800940363375676e-05, 'gpp_d': 0.4742269251269962, 'ign_k': 0.8945150807271531, 'ign_c': 59.52904331761843, 'trop_agb_crit': 1.0189592979395135, 'trop_k_veg': 1.6648666152166967, 'fire_amp': 2.042193818779288}.
[I 2026-06-10 19:27:13,245] Trial 309 finished with values: [10.2403176575943, 10.2403176575943] and parameters: {'k1': 0.012840669372724958, 'D_low': 1.4002277211577039, 'k2': 0.0004976087827261435, 'D_high': 1817.0401889219124, 'fire_exp': 1.111738490499784, 'P_half': 2.226799690893868, 'pre_dampen_half': 189.36639872354493, 'gpp_af': 0.2204465010099918, 'gpp_b': 0.006999112505425414, 'gpp_d': 1.0088237648985734, 'ign_k': 0.09256855841989636, 'ign_c': 1.364908766641693, 'trop_agb_crit': 1.8023542850487386, 'trop_k_veg': 5.453348988480011, 'fire_amp': 2.7806853670293616}.
[I 2026-06-10 19:27:14,780] Trial 310 finished with values: [10.737946645341921, 10.737946645341921] and parameters: {'k1': 0.012840669372724958, 'D_low': 2267.735223551285, 'k2': 7.639737756882014e-05, 'D_high': 21.356209987689077, 'fire_exp': 1.2918065501148304, 'P_half': 18.93453091519153, 'pre_dampen_half': 9.044346216330972, 'gpp_af': 56.62858823465573, 'gpp_b': 0.12105864607844925, 'gpp_d': 14.427333163005196, 'ign_k': 0.0029519227433917453, 'ign_c': 1.488823059798356, 'trop_agb_crit': 1.0189592979395135, 'trop_k_veg': 4.796046723963646, 'fire_amp': 5.606809127618709}.
[I 2026-06-10 19:27:16,252] Trial 311 finished with values: [-0.46279750647707707, 0.9656162096964732] and parameters: {'k1': 0.012840669372724958, 'D_low': 171.2446447678494, 'k2': 0.003767022142229395, 'D_high': 48235.58283024493, 'fire_exp': 1.7505406131449859, 'P_half': 18.93453091519153, 'pre_dampen_half': 38.00678588560607, 'gpp_af': 1.8730788990929563, 'gpp_b': 0.0004360709560327289, 'gpp_d': 21.899070557043984, 'ign_k': 0.0029519227433917453, 'ign_c': 48.704711413416454, 'trop_agb_crit': 21.086120736447015, 'trop_k_veg': 2.520089655463604, 'fire_amp': 4.19233232783727}.
[I 2026-06-10 19:27:18,181] Trial 312 finished with values: [10.327580459946365, 10.327580459946365] and parameters: {'k1': 5.7909642338812115e-05, 'D_low': 13.012518385211498, 'k2': 0.0007731571570012607, 'D_high': 1817.0401889219124, 'fire_exp': 1.111738490499784, 'P_half': 774.5825831079144, 'pre_dampen_half': 189.36639872354493, 'gpp_af': 3.298293484806585, 'gpp_b': 0.002416023630607169, 'gpp_d': 1.0088237648985734, 'ign_k': 0.09256855841989636, 'ign_c': 2.2882309479728957, 'trop_agb_crit': 8.462233625364036, 'trop_k_veg': 5.453348988480011, 'fire_amp': 5.44779717154213}.
[I 2026-06-10 19:27:20,143] Trial 313 finished with values: [10.83290914932305, 10.83290914932305] and parameters: {'k1': 0.03820259936390116, 'D_low': 2267.735223551285, 'k2': 0.02065142557895925, 'D_high': 41833.85682146036, 'fire_exp': 8.930248873821906, 'P_half': 96.70857606743157, 'pre_dampen_half': 562.7426550259207, 'gpp_af': 56.62858823465573, 'gpp_b': 2.800940363375676e-05, 'gpp_d': 14.427333163005196, 'ign_k': 0.004020051040432127, 'ign_c': 0.6235377135673155, 'trop_agb_crit': 1.0189592979395135, 'trop_k_veg': 0.6175053058034194, 'fire_amp': 2.6192385880432525}.
[I 2026-06-10 19:27:21,951] Trial 314 finished with values: [10.546797676908612, 10.546797676908612] and parameters: {'k1': 0.00026539376439360527, 'D_low': 13.012518385211498, 'k2': 0.0007731571570012607, 'D_high': 1817.0401889219124, 'fire_exp': 1.111738490499784, 'P_half': 774.5825831079144, 'pre_dampen_half': 189.36639872354493, 'gpp_af': 3.298293484806585, 'gpp_b': 1.4540386644083135e-05, 'gpp_d': 1.0088237648985734, 'ign_k': 0.00840038491455979, 'ign_c': 48.704711413416454, 'trop_agb_crit': 8.462233625364036, 'trop_k_veg': 1.6648666152166967, 'fire_amp': 5.44779717154213}.
[I 2026-06-10 19:27:23,804] Trial 315 finished with values: [10.813551610081962, 10.813551610081962] and parameters: {'k1': 0.0001971137615017176, 'D_low': 12.105387404469584, 'k2': 0.0004976087827261435, 'D_high': 42210.21267871043, 'fire_exp': 1.1633452995374232, 'P_half': 277.00025557434554, 'pre_dampen_half': 1.4510220269654117, 'gpp_af': 52.24919465719593, 'gpp_b': 1.4540386644083135e-05, 'gpp_d': 0.03927259340973166, 'ign_k': 0.13500744867919376, 'ign_c': 39.52220881906114, 'trop_agb_crit': 12.647327018493208, 'trop_k_veg': 1.600928934389327, 'fire_amp': 3.139567065154707}.
[I 2026-06-10 19:27:25,547] Trial 316 finished with values: [10.361967716329877, 10.361967716329877] and parameters: {'k1': 0.012840669372724958, 'D_low': 171.2446447678494, 'k2': 0.0004976087827261435, 'D_high': 42210.21267871043, 'fire_exp': 1.2918065501148304, 'P_half': 38.93835424674703, 'pre_dampen_half': 0.011396414164620812, 'gpp_af': 0.2204465010099918, 'gpp_b': 2.176805640408474e-05, 'gpp_d': 0.03927259340973166, 'ign_k': 0.0029519227433917453, 'ign_c': 39.52220881906114, 'trop_agb_crit': 12.647327018493208, 'trop_k_veg': 2.520089655463604, 'fire_amp': 5.606809127618709}.
[I 2026-06-10 19:27:27,496] Trial 317 finished with values: [11.454679463900852, 11.454679463900852] and parameters: {'k1': 0.012840669372724958, 'D_low': 12.105387404469584, 'k2': 0.0004976087827261435, 'D_high': 42210.21267871043, 'fire_exp': 1.2918065501148304, 'P_half': 2.226799690893868, 'pre_dampen_half': 253.71947027764784, 'gpp_af': 0.2204465010099918, 'gpp_b': 1.4540386644083135e-05, 'gpp_d': 0.03927259340973166, 'ign_k': 0.0029519227433917453, 'ign_c': 39.52220881906114, 'trop_agb_crit': 12.647327018493208, 'trop_k_veg': 0.6618107836658104, 'fire_amp': 5.606809127618709}.
[I 2026-06-10 19:27:29,361] Trial 318 finished with values: [10.569111861830226, 10.569111861830226] and parameters: {'k1': 0.00026539376439360527, 'D_low': 1074.940539517341, 'k2': 1.1049703024154134e-05, 'D_high': 21.095259085905752, 'fire_exp': 1.1633452995374232, 'P_half': 7.598586431588784, 'pre_dampen_half': 1.8469033699850426, 'gpp_af': 1.9706963379095486, 'gpp_b': 0.03719354588132657, 'gpp_d': 14.427333163005196, 'ign_k': 0.17320535908244444, 'ign_c': 0.4177928311636542, 'trop_agb_crit': 1.0693376406863295, 'trop_k_veg': 5.453348988480011, 'fire_amp': 3.8500040010232275}.
[I 2026-06-10 19:27:31,048] Trial 319 finished with values: [10.34807895293955, 10.34807895293955] and parameters: {'k1': 0.03648456083047798, 'D_low': 1.605843632310088, 'k2': 0.00012498583886387654, 'D_high': 24.9899605789089, 'fire_exp': 1.2060040899560858, 'P_half': 2.226799690893868, 'pre_dampen_half': 4.847666216751353, 'gpp_af': 14.161176080022173, 'gpp_b': 0.0012749409641020352, 'gpp_d': 14.427333163005196, 'ign_k': 8.628009047476775, 'ign_c': 1.364908766641693, 'trop_agb_crit': 3.058280993112277, 'trop_k_veg': 5.636143940068465, 'fire_amp': 2.0822063607840695}.
[I 2026-06-10 19:27:32,642] Trial 320 finished with values: [10.60068947585698, 10.60068947585698] and parameters: {'k1': 0.012840669372724958, 'D_low': 171.2446447678494, 'k2': 0.02065142557895925, 'D_high': 48235.58283024493, 'fire_exp': 1.9095652801045373, 'P_half': 61.6097529474144, 'pre_dampen_half': 4.603480758878793, 'gpp_af': 0.016306190741524337, 'gpp_b': 2.176805640408474e-05, 'gpp_d': 0.03927259340973166, 'ign_k': 0.0029519227433917453, 'ign_c': 0.6235377135673155, 'trop_agb_crit': 12.647327018493208, 'trop_k_veg': 2.520089655463604, 'fire_amp': 2.6192385880432525}.
[I 2026-06-10 19:27:34,220] Trial 321 finished with values: [10.462769091968152, 10.462769091968152] and parameters: {'k1': 0.00026539376439360527, 'D_low': 1074.940539517341, 'k2': 1.1417577140741129e-05, 'D_high': 1266.9536563782303, 'fire_exp': 1.111738490499784, 'P_half': 5.4712187293420325, 'pre_dampen_half': 189.36639872354493, 'gpp_af': 1.9706963379095486, 'gpp_b': 0.00013164432569139702, 'gpp_d': 0.12878367369717508, 'ign_k': 0.03845635122720663, 'ign_c': 48.704711413416454, 'trop_agb_crit': 1.2489332852689512, 'trop_k_veg': 1.6648666152166967, 'fire_amp': 4.19233232783727}.
[I 2026-06-10 19:27:35,795] Trial 322 finished with values: [10.670799937329098, 10.670799937329098] and parameters: {'k1': 0.037704815040649445, 'D_low': 1.605843632310088, 'k2': 2.316457903103837e-05, 'D_high': 48235.58283024493, 'fire_exp': 1.233919071594971, 'P_half': 774.5825831079144, 'pre_dampen_half': 1.6130673726933187, 'gpp_af': 14.161176080022173, 'gpp_b': 2.800940363375676e-05, 'gpp_d': 14.427333163005196, 'ign_k': 0.00660597889201953, 'ign_c': 0.6235377135673155, 'trop_agb_crit': 3.058280993112277, 'trop_k_veg': 0.6618107836658104, 'fire_amp': 2.6192385880432525}.
[I 2026-06-10 19:27:37,430] Trial 323 finished with values: [10.763689244185185, 10.763689244185185] and parameters: {'k1': 0.00031134168041628584, 'D_low': 1.4002277211577039, 'k2': 0.0007731571570012607, 'D_high': 83.14160873549643, 'fire_exp': 1.0601964743503993, 'P_half': 157.80309954142965, 'pre_dampen_half': 38.00678588560607, 'gpp_af': 0.09885838682552685, 'gpp_b': 1.4540386644083135e-05, 'gpp_d': 0.03927259340973166, 'ign_k': 0.0029519227433917453, 'ign_c': 39.52220881906114, 'trop_agb_crit': 1.0693376406863295, 'trop_k_veg': 1.6003641872536711, 'fire_amp': 1.5587346124822492}.
[I 2026-06-10 19:27:39,102] Trial 324 finished with values: [10.833235345261668, 10.833235345261668] and parameters: {'k1': 0.0032360993995751053, 'D_low': 2267.735223551285, 'k2': 0.08661811390647982, 'D_high': 949.9072859745386, 'fire_exp': 1.633445707733642, 'P_half': 774.5825831079144, 'pre_dampen_half': 30.456909077772018, 'gpp_af': 1.3954498518315706, 'gpp_b': 0.0012749409641020352, 'gpp_d': 14.427333163005196, 'ign_k': 1.6270983114897255, 'ign_c': 0.10435856341129002, 'trop_agb_crit': 3.058280993112277, 'trop_k_veg': 0.5450786550840475, 'fire_amp': 5.831305332032283}.
[I 2026-06-10 19:27:40,702] Trial 325 finished with values: [10.466135928754852, 10.466135928754852] and parameters: {'k1': 0.0001887567630782227, 'D_low': 37.13474360443033, 'k2': 0.08661811390647982, 'D_high': 18108.14362107968, 'fire_exp': 1.9136159174067866, 'P_half': 12.280874862135363, 'pre_dampen_half': 18.127341934230078, 'gpp_af': 1.3954498518315706, 'gpp_b': 0.049565458633074926, 'gpp_d': 47.35384181058586, 'ign_k': 3.965503094323014, 'ign_c': 0.10435856341129002, 'trop_agb_crit': 6.351751286408562, 'trop_k_veg': 0.6618107836658104, 'fire_amp': 2.6192385880432525}.
[I 2026-06-10 19:27:42,083] Trial 326 finished with values: [10.642379186669991, 10.642379186669991] and parameters: {'k1': 0.0001887567630782227, 'D_low': 2267.735223551285, 'k2': 0.0007731571570012607, 'D_high': 949.9072859745386, 'fire_exp': 1.14171776851287, 'P_half': 1.4551749476072258, 'pre_dampen_half': 0.6960360257735198, 'gpp_af': 1.9706963379095486, 'gpp_b': 5.0875243087016374e-05, 'gpp_d': 47.35384181058586, 'ign_k': 1.6270983114897255, 'ign_c': 0.10435856341129002, 'trop_agb_crit': 8.188098178380693, 'trop_k_veg': 0.6618107836658104, 'fire_amp': 2.6192385880432525}.
[I 2026-06-10 19:27:43,400] Trial 327 finished with values: [10.067736179628218, 10.067736179628218] and parameters: {'k1': 0.0869690639641868, 'D_low': 1.605843632310088, 'k2': 0.02065142557895925, 'D_high': 48235.58283024493, 'fire_exp': 1.9095652801045373, 'P_half': 96.70857606743157, 'pre_dampen_half': 1.6130673726933187, 'gpp_af': 27.448645214004376, 'gpp_b': 2.800940363375676e-05, 'gpp_d': 14.427333163005196, 'ign_k': 1.6270983114897255, 'ign_c': 0.6235377135673155, 'trop_agb_crit': 3.058280993112277, 'trop_k_veg': 0.6618107836658104, 'fire_amp': 2.6192385880432525}.
[I 2026-06-10 19:27:44,785] Trial 328 finished with values: [-0.5074840828518048, 0.7944136123691099] and parameters: {'k1': 5.7909642338812115e-05, 'D_low': 236.79352040223893, 'k2': 0.028670350305540694, 'D_high': 6682.9607218310075, 'fire_exp': 1.111738490499784, 'P_half': 78.13392238162733, 'pre_dampen_half': 9.044346216330972, 'gpp_af': 3.298293484806585, 'gpp_b': 0.002416023630607169, 'gpp_d': 1.4397852866783676, 'ign_k': 1.6270983114897255, 'ign_c': 1.364908766641693, 'trop_agb_crit': 1.0189592979395135, 'trop_k_veg': 2.99731137426955, 'fire_amp': 5.667622640988655}.
[I 2026-06-10 19:27:46,334] Trial 329 finished with values: [10.135991040289051, 10.135991040289051] and parameters: {'k1': 0.0869690639641868, 'D_low': 236.79352040223893, 'k2': 0.0007731571570012607, 'D_high': 55.22071973135807, 'fire_exp': 1.2060040899560858, 'P_half': 2.226799690893868, 'pre_dampen_half': 220.35141300841897, 'gpp_af': 0.8594202650742228, 'gpp_b': 0.001674375583895437, 'gpp_d': 76.38081075786287, 'ign_k': 1.6270983114897255, 'ign_c': 7.832259769732471, 'trop_agb_crit': 1.0189592979395135, 'trop_k_veg': 5.453348988480011, 'fire_amp': 2.6192385880432525}.
[I 2026-06-10 19:27:47,637] Trial 330 finished with values: [-0.6641511053548844, 0.42637455201617114] and parameters: {'k1': 5.7909642338812115e-05, 'D_low': 13.012518385211498, 'k2': 0.02065142557895925, 'D_high': 1817.0401889219124, 'fire_exp': 1.111738490499784, 'P_half': 157.3644610977214, 'pre_dampen_half': 189.36639872354493, 'gpp_af': 1.9998014714101113, 'gpp_b': 0.002416023630607169, 'gpp_d': 1.0088237648985734, 'ign_k': 0.09256855841989636, 'ign_c': 2.2882309479728957, 'trop_agb_crit': 8.0091368834625, 'trop_k_veg': 5.453348988480011, 'fire_amp': 4.472176921013167}.
[I 2026-06-10 19:27:48,988] Trial 331 finished with values: [10.56169714661385, 10.56169714661385] and parameters: {'k1': 0.01212515722046018, 'D_low': 171.2446447678494, 'k2': 0.0004976087827261435, 'D_high': 42210.21267871043, 'fire_exp': 1.2918065501148304, 'P_half': 5.4712187293420325, 'pre_dampen_half': 0.011396414164620812, 'gpp_af': 0.07302012718529301, 'gpp_b': 1.1008110571039521e-05, 'gpp_d': 167.46194867675757, 'ign_k': 0.0029519227433917453, 'ign_c': 110.68683358440691, 'trop_agb_crit': 1.2489332852689512, 'trop_k_veg': 2.520089655463604, 'fire_amp': 2.7556562114998226}.
[I 2026-06-10 19:27:50,281] Trial 332 finished with values: [10.789097191711535, 10.789097191711535] and parameters: {'k1': 0.03648456083047798, 'D_low': 1.7551403048208316, 'k2': 0.005204862686958021, 'D_high': 32311.521854410956, 'fire_exp': 1.6901885781909627, 'P_half': 5.4712187293420325, 'pre_dampen_half': 4.847666216751353, 'gpp_af': 0.07302012718529301, 'gpp_b': 0.05719024141066792, 'gpp_d': 0.1619054449471649, 'ign_k': 0.0032383308053152635, 'ign_c': 7.081721844034206, 'trop_agb_crit': 1.2489332852689512, 'trop_k_veg': 2.99731137426955, 'fire_amp': 2.7556562114998226}.
