[I 2026-08-05 23:20:24,734] Trial 540 finished with values: [10.09006744599805, 10.09006744599805] and parameters: {'k1': 0.002407354618388189, 'D_low': 14.677440038495336, 'k2': 0.006024590664672947, 'D_high': 9769.756791866093, 'fire_exp': 1.1044852285094786, 'P_half': 10.226988730324324, 'pre_dampen_half': 304.7488318185732, 'gpp_af': 0.04339970334001348, 'gpp_b': 3.139005000572696e-05, 'gpp_d': 5.878566318396007, 'ign_k': 2.7573353505786358, 'ign_c': 12.37061744238074}.
[I 2026-08-05 23:20:25,936] Trial 541 finished with values: [10.752210780938192, 10.752210780938192] and parameters: {'k1': 0.013164487472745685, 'D_low': 1.4045842344024697, 'k2': 0.08894151386481904, 'D_high': 14.403740929157834, 'fire_exp': 1.182396148413737, 'P_half': 10.226988730324324, 'pre_dampen_half': 304.7488318185732, 'gpp_af': 0.001339466259146302, 'gpp_b': 0.011750724729953272, 'gpp_d': 5.878566318396007, 'ign_k': 0.08356564873457054, 'ign_c': 2.4287565087611744}.
[I 2026-08-05 23:20:27,151] Trial 542 finished with values: [-0.5921214110042905, 0.630644632561618] and parameters: {'k1': 0.00324789183891923, 'D_low': 4.051452710153359, 'k2': 0.0007081721844034209, 'D_high': 9769.756791866093, 'fire_exp': 1.151006986743773, 'P_half': 13.019246714361572, 'pre_dampen_half': 304.7488318185732, 'gpp_af': 5.511863475708366, 'gpp_b': 0.05693092741736214, 'gpp_d': 857.4284557962634, 'ign_k': 8.761971101023693, 'ign_c': 0.3528113274684997}.
[I 2026-08-05 23:20:28,513] Trial 543 finished with values: [-0.45549659356782257, 0.8329490086130176] and parameters: {'k1': 0.00013783578294796384, 'D_low': 918.4900818511542, 'k2': 1.1184534120760473e-05, 'D_high': 39.323386421481615, 'fire_exp': 1.010722707674549, 'P_half': 45.55085098454082, 'pre_dampen_half': 700.6693992445935, 'gpp_af': 5.511863475708366, 'gpp_b': 0.0002399125814348087, 'gpp_d': 368.30088529547436, 'ign_k': 8.761971101023693, 'ign_c': 10.140635645866492}.
[I 2026-08-05 23:20:29,714] Trial 544 finished with values: [10.154561378081743, 10.154561378081743] and parameters: {'k1': 0.008956420301712053, 'D_low': 125.32726386250698, 'k2': 0.0010204225357677778, 'D_high': 9769.756791866093, 'fire_exp': 1.010722707674549, 'P_half': 13.019246714361572, 'pre_dampen_half': 703.6426675556048, 'gpp_af': 0.04339970334001348, 'gpp_b': 3.139005000572696e-05, 'gpp_d': 3.032712462969173, 'ign_k': 0.34703605955441524, 'ign_c': 12.37061744238074}.
[I 2026-08-05 23:20:30,961] Trial 545 finished with values: [10.663910269842791, 10.663910269842791] and parameters: {'k1': 2.0937989739527727e-05, 'D_low': 1.1065812688893482, 'k2': 2.6285770615112825e-05, 'D_high': 9769.756791866093, 'fire_exp': 1.7460031217480432, 'P_half': 8.968733598183245, 'pre_dampen_half': 703.6426675556048, 'gpp_af': 0.001339466259146302, 'gpp_b': 3.139005000572696e-05, 'gpp_d': 3.032712462969173, 'ign_k': 0.030956657914928524, 'ign_c': 8.671454322584175}.
[I 2026-08-05 23:20:32,132] Trial 546 finished with values: [-0.5545036516719192, 0.4392543880228139] and parameters: {'k1': 0.00013783578294796384, 'D_low': 9.330007965781027, 'k2': 0.0007081721844034209, 'D_high': 7744.80118512745, 'fire_exp': 1.182396148413737, 'P_half': 24.136213194527585, 'pre_dampen_half': 304.7488318185732, 'gpp_af': 1.2003722333832936, 'gpp_b': 0.011750724729953272, 'gpp_d': 857.4284557962634, 'ign_k': 8.761971101023693, 'ign_c': 3.0378658251922155}.
[I 2026-08-05 23:20:33,304] Trial 547 finished with values: [-0.531345848448748, 0.8297930981890382] and parameters: {'k1': 0.00013783578294796384, 'D_low': 1.4045842344024697, 'k2': 0.08894151386481904, 'D_high': 75773.14388518519, 'fire_exp': 1.182396148413737, 'P_half': 51.10120656497163, 'pre_dampen_half': 304.7488318185732, 'gpp_af': 0.04339970334001348, 'gpp_b': 7.402343469704428e-05, 'gpp_d': 891.8036602897795, 'ign_k': 8.761971101023693, 'ign_c': 0.3528113274684997}.
[I 2026-08-05 23:20:34,460] Trial 548 finished with values: [10.541488028901988, 10.541488028901988] and parameters: {'k1': 0.0004846497679219079, 'D_low': 1.1065812688893482, 'k2': 0.0007081721844034209, 'D_high': 9769.756791866093, 'fire_exp': 1.1044852285094786, 'P_half': 10.226988730324324, 'pre_dampen_half': 857.6556763881457, 'gpp_af': 0.00515795696727661, 'gpp_b': 0.011750724729953272, 'gpp_d': 368.30088529547436, 'ign_k': 0.03141110271934876, 'ign_c': 0.3528113274684997}.
[I 2026-08-05 23:20:35,663] Trial 549 finished with values: [10.665188872473, 10.665188872473] and parameters: {'k1': 0.008956420301712053, 'D_low': 1.1065812688893482, 'k2': 0.0007081721844034209, 'D_high': 9769.756791866093, 'fire_exp': 1.1044852285094786, 'P_half': 10.226988730324324, 'pre_dampen_half': 703.6426675556048, 'gpp_af': 0.001339466259146302, 'gpp_b': 0.011750724729953272, 'gpp_d': 857.4284557962634, 'ign_k': 0.050667002161528835, 'ign_c': 3.0378658251922155}.
[I 2026-08-05 23:20:36,784] Trial 550 finished with values: [10.276820440431226, 10.276820440431226] and parameters: {'k1': 0.025383218374507292, 'D_low': 4.051452710153359, 'k2': 0.0001870742013766025, 'D_high': 9769.756791866093, 'fire_exp': 1.010722707674549, 'P_half': 51.10120656497163, 'pre_dampen_half': 703.6426675556048, 'gpp_af': 10.25616274847308, 'gpp_b': 0.011750724729953272, 'gpp_d': 3.1220565647859098, 'ign_k': 0.031134168041628628, 'ign_c': 3.0378658251922155}.
[I 2026-08-05 23:20:37,951] Trial 551 finished with values: [-0.5587513104350921, 0.5561155397594042] and parameters: {'k1': 0.0029707920514735983, 'D_low': 125.32726386250698, 'k2': 0.03071666851587867, 'D_high': 2969.087094484682, 'fire_exp': 1.1258453832483524, 'P_half': 13.019246714361572, 'pre_dampen_half': 304.7488318185732, 'gpp_af': 0.5107061330406066, 'gpp_b': 3.481277316673104e-05, 'gpp_d': 150.14555442537656, 'ign_k': 0.6454459531371669, 'ign_c': 1.5061320080433496}.
[I 2026-08-05 23:20:39,120] Trial 552 finished with values: [10.582706879029505, 10.582706879029505] and parameters: {'k1': 0.025383218374507292, 'D_low': 2.1234210963705626, 'k2': 1.4378290221680118e-05, 'D_high': 75773.14388518519, 'fire_exp': 3.627844665636024, 'P_half': 10.226988730324324, 'pre_dampen_half': 107.40052367919465, 'gpp_af': 0.5107061330406066, 'gpp_b': 0.011750724729953272, 'gpp_d': 5.878566318396007, 'ign_k': 5.9736167866478125, 'ign_c': 8.671454322584175}.
[I 2026-08-05 23:20:40,259] Trial 553 finished with values: [10.677923669246182, 10.677923669246182] and parameters: {'k1': 0.00013783578294796384, 'D_low': 29.89885508829526, 'k2': 0.08894151386481904, 'D_high': 75773.14388518519, 'fire_exp': 1.0881360604103363, 'P_half': 12.808863354047988, 'pre_dampen_half': 347.79988160923324, 'gpp_af': 0.001339466259146302, 'gpp_b': 0.011750724729953272, 'gpp_d': 891.8036602897795, 'ign_k': 0.13054148118849407, 'ign_c': 0.3528113274684997}.
[I 2026-08-05 23:20:41,457] Trial 554 finished with values: [10.554141163211447, 10.554141163211447] and parameters: {'k1': 0.025383218374507292, 'D_low': 125.32726386250698, 'k2': 4.763991596630584e-05, 'D_high': 9769.756791866093, 'fire_exp': 1.1258453832483524, 'P_half': 13.019246714361572, 'pre_dampen_half': 304.7488318185732, 'gpp_af': 0.5107061330406066, 'gpp_b': 0.6637926838138378, 'gpp_d': 891.8036602897795, 'ign_k': 0.34703605955441524, 'ign_c': 1.5061320080433496}.
[I 2026-08-05 23:20:42,608] Trial 555 finished with values: [-0.5024161541390217, 0.9136144001317613] and parameters: {'k1': 1.0941664389997354e-05, 'D_low': 1.2299210465793122, 'k2': 0.00011939136672856547, 'D_high': 75773.14388518519, 'fire_exp': 1.010722707674549, 'P_half': 11.877073321543955, 'pre_dampen_half': 107.40052367919465, 'gpp_af': 0.5107061330406066, 'gpp_b': 7.402343469704428e-05, 'gpp_d': 5.878566318396007, 'ign_k': 0.34703605955441524, 'ign_c': 2.4287565087611744}.
[I 2026-08-05 23:20:43,724] Trial 556 finished with values: [10.394253074299854, 10.394253074299854] and parameters: {'k1': 0.00020222983754231334, 'D_low': 1.2299210465793122, 'k2': 1.4378290221680118e-05, 'D_high': 1177.190025324204, 'fire_exp': 1.010722707674549, 'P_half': 13.019246714361572, 'pre_dampen_half': 107.40052367919465, 'gpp_af': 0.5107061330406066, 'gpp_b': 3.228689523591491e-05, 'gpp_d': 5.878566318396007, 'ign_k': 0.0022462908940323947, 'ign_c': 2.5264326476269368}.
[I 2026-08-05 23:20:44,831] Trial 557 finished with values: [10.064090115460823, 10.064090115460823] and parameters: {'k1': 0.0029707920514735983, 'D_low': 125.32726386250698, 'k2': 0.03071666851587867, 'D_high': 830.8114652888394, 'fire_exp': 1.1044852285094786, 'P_half': 12.808863354047988, 'pre_dampen_half': 304.7488318185732, 'gpp_af': 0.5107061330406066, 'gpp_b': 7.402343469704428e-05, 'gpp_d': 5.878566318396007, 'ign_k': 0.13054148118849407, 'ign_c': 1.5061320080433496}.
[I 2026-08-05 23:20:46,060] Trial 558 finished with values: [-0.46354340411580397, 0.8162909708128766] and parameters: {'k1': 0.00013783578294796384, 'D_low': 1.4045842344024697, 'k2': 1.3577269394141447e-05, 'D_high': 75773.14388518519, 'fire_exp': 1.010722707674549, 'P_half': 13.019246714361572, 'pre_dampen_half': 703.6426675556048, 'gpp_af': 0.04339970334001348, 'gpp_b': 2.9612221068836557e-05, 'gpp_d': 5.878566318396007, 'ign_k': 0.04563289369649656, 'ign_c': 2.4287565087611744}.
[I 2026-08-05 23:20:47,256] Trial 559 finished with values: [-0.505095798647979, 0.8259078590006987] and parameters: {'k1': 0.00013783578294796384, 'D_low': 29.89885508829526, 'k2': 0.0001870742013766025, 'D_high': 9769.756791866093, 'fire_exp': 1.010722707674549, 'P_half': 8.968733598183245, 'pre_dampen_half': 703.6426675556048, 'gpp_af': 5.511863475708366, 'gpp_b': 3.228689523591491e-05, 'gpp_d': 891.8036602897795, 'ign_k': 0.34703605955441524, 'ign_c': 12.37061744238074}.
[I 2026-08-05 23:20:48,473] Trial 560 finished with values: [-0.5742936112652699, 0.6940253998473811] and parameters: {'k1': 0.002407354618388189, 'D_low': 1.4045842344024697, 'k2': 0.08894151386481904, 'D_high': 75773.14388518519, 'fire_exp': 1.010722707674549, 'P_half': 11.877073321543955, 'pre_dampen_half': 107.40052367919465, 'gpp_af': 0.001339466259146302, 'gpp_b': 3.228689523591491e-05, 'gpp_d': 891.8036602897795, 'ign_k': 0.13054148118849407, 'ign_c': 2.4287565087611744}.
[I 2026-08-05 23:20:49,890] Trial 561 finished with values: [-0.4874986749595556, 0.8212975377017263] and parameters: {'k1': 0.0029707920514735983, 'D_low': 125.32726386250698, 'k2': 1.4378290221680118e-05, 'D_high': 7744.80118512745, 'fire_exp': 1.010722707674549, 'P_half': 8.968733598183245, 'pre_dampen_half': 107.40052367919465, 'gpp_af': 0.09651979281656148, 'gpp_b': 6.255968081638362e-05, 'gpp_d': 5.878566318396007, 'ign_k': 0.34703605955441524, 'ign_c': 3.0378658251922155}.
[I 2026-08-05 23:20:51,122] Trial 562 finished with values: [10.166924488559486, 10.166924488559486] and parameters: {'k1': 0.001862787834791215, 'D_low': 1.1065812688893482, 'k2': 0.0007081721844034209, 'D_high': 9769.756791866093, 'fire_exp': 1.0881360604103363, 'P_half': 10.226988730324324, 'pre_dampen_half': 28.01075698398644, 'gpp_af': 29.925002022877802, 'gpp_b': 0.011750724729953272, 'gpp_d': 857.4284557962634, 'ign_k': 0.03141110271934876, 'ign_c': 0.3528113274684997}.
[I 2026-08-05 23:20:52,310] Trial 563 finished with values: [10.06859063674847, 10.06859063674847] and parameters: {'k1': 0.0029707920514735983, 'D_low': 1.1065812688893482, 'k2': 0.00011939136672856547, 'D_high': 9769.756791866093, 'fire_exp': 1.1044852285094786, 'P_half': 8.968733598183245, 'pre_dampen_half': 703.6426675556048, 'gpp_af': 0.5107061330406066, 'gpp_b': 3.139005000572696e-05, 'gpp_d': 368.30088529547436, 'ign_k': 1.59348065855562, 'ign_c': 8.671454322584175}.
[I 2026-08-05 23:20:53,494] Trial 564 finished with values: [10.217890279247369, 10.217890279247369] and parameters: {'k1': 0.002407354618388189, 'D_low': 125.32726386250698, 'k2': 0.08894151386481904, 'D_high': 75773.14388518519, 'fire_exp': 1.1044852285094786, 'P_half': 12.808863354047988, 'pre_dampen_half': 347.79988160923324, 'gpp_af': 0.5107061330406066, 'gpp_b': 7.402343469704428e-05, 'gpp_d': 150.14555442537656, 'ign_k': 0.13054148118849407, 'ign_c': 8.671454322584175}.
[I 2026-08-05 23:20:54,633] Trial 565 finished with values: [10.575639914566834, 10.575639914566834] and parameters: {'k1': 0.025383218374507292, 'D_low': 2.1234210963705626, 'k2': 0.031211489608802344, 'D_high': 26666.09148594752, 'fire_exp': 1.1044852285094786, 'P_half': 51.10120656497163, 'pre_dampen_half': 0.10017312476738939, 'gpp_af': 10.25616274847308, 'gpp_b': 7.402343469704428e-05, 'gpp_d': 368.30088529547436, 'ign_k': 0.031134168041628628, 'ign_c': 2.4287565087611744}.
[I 2026-08-05 23:20:55,802] Trial 566 finished with values: [10.073428544208408, 10.073428544208408] and parameters: {'k1': 0.002407354618388189, 'D_low': 1.4045842344024697, 'k2': 0.08894151386481904, 'D_high': 75773.14388518519, 'fire_exp': 1.1044852285094786, 'P_half': 10.226988730324324, 'pre_dampen_half': 347.79988160923324, 'gpp_af': 29.925002022877802, 'gpp_b': 7.402343469704428e-05, 'gpp_d': 5.878566318396007, 'ign_k': 0.03141110271934876, 'ign_c': 8.671454322584175}.
[I 2026-08-05 23:20:56,988] Trial 567 finished with values: [10.215606848222476, 10.215606848222476] and parameters: {'k1': 0.008956420301712053, 'D_low': 125.32726386250698, 'k2': 4.676601116802035e-05, 'D_high': 26666.09148594752, 'fire_exp': 1.1044852285094786, 'P_half': 13.019246714361572, 'pre_dampen_half': 304.7488318185732, 'gpp_af': 0.001339466259146302, 'gpp_b': 3.139005000572696e-05, 'gpp_d': 0.03333029838740256, 'ign_k': 0.03141110271934876, 'ign_c': 8.671454322584175}.
[I 2026-08-05 23:20:58,141] Trial 568 finished with values: [10.129984429976314, 10.129984429976314] and parameters: {'k1': 0.002407354618388189, 'D_low': 351.3346616869279, 'k2': 0.031211489608802344, 'D_high': 26666.09148594752, 'fire_exp': 1.1044852285094786, 'P_half': 13.019246714361572, 'pre_dampen_half': 347.79988160923324, 'gpp_af': 0.001339466259146302, 'gpp_b': 7.402343469704428e-05, 'gpp_d': 368.30088529547436, 'ign_k': 0.04563289369649656, 'ign_c': 2.4287565087611744}.
[I 2026-08-05 23:20:59,295] Trial 569 finished with values: [10.135263411508179, 10.135263411508179] and parameters: {'k1': 0.006697348618512094, 'D_low': 125.32726386250698, 'k2': 0.0007081721844034209, 'D_high': 9769.756791866093, 'fire_exp': 1.1044852285094786, 'P_half': 10.226988730324324, 'pre_dampen_half': 703.6426675556048, 'gpp_af': 0.001339466259146302, 'gpp_b': 3.139005000572696e-05, 'gpp_d': 5.878566318396007, 'ign_k': 0.0013376564232104107, 'ign_c': 8.671454322584175}.
[I 2026-08-05 23:21:00,451] Trial 570 finished with values: [10.545512578325972, 10.545512578325972] and parameters: {'k1': 0.05557109890966285, 'D_low': 1.1065812688893482, 'k2': 0.0007081721844034209, 'D_high': 9769.756791866093, 'fire_exp': 1.010722707674549, 'P_half': 10.226988730324324, 'pre_dampen_half': 304.7488318185732, 'gpp_af': 0.0018190993482387697, 'gpp_b': 0.011750724729953272, 'gpp_d': 5.087233554384502, 'ign_k': 0.34703605955441524, 'ign_c': 8.671454322584175}.
[I 2026-08-05 23:21:01,604] Trial 571 finished with values: [10.224181745508819, 10.224181745508819] and parameters: {'k1': 0.00013783578294796384, 'D_low': 29.89885508829526, 'k2': 0.031211489608802344, 'D_high': 9769.756791866093, 'fire_exp': 1.0881360604103363, 'P_half': 10.753522341516506, 'pre_dampen_half': 247.25776073156666, 'gpp_af': 4.582731702170249, 'gpp_b': 0.17962348438857098, 'gpp_d': 107.84642153666701, 'ign_k': 0.03141110271934876, 'ign_c': 3.0378658251922155}.
[I 2026-08-05 23:21:02,759] Trial 572 finished with values: [-0.5261559047582807, 0.7763293475593578] and parameters: {'k1': 0.002407354618388189, 'D_low': 1.2299210465793122, 'k2': 0.08894151386481904, 'D_high': 9769.756791866093, 'fire_exp': 1.1044852285094786, 'P_half': 95.65499215943822, 'pre_dampen_half': 107.40052367919465, 'gpp_af': 5.511863475708366, 'gpp_b': 0.00012797528816608022, 'gpp_d': 891.8036602897795, 'ign_k': 0.11903394335305037, 'ign_c': 0.17036120617148395}.
[I 2026-08-05 23:21:03,912] Trial 573 finished with values: [-0.5125764557190642, 0.7829036258451618] and parameters: {'k1': 0.025383218374507292, 'D_low': 125.32726386250698, 'k2': 0.00011939136672856547, 'D_high': 9769.756791866093, 'fire_exp': 1.010722707674549, 'P_half': 13.019246714361572, 'pre_dampen_half': 107.40052367919465, 'gpp_af': 0.5107061330406066, 'gpp_b': 3.139005000572696e-05, 'gpp_d': 5.878566318396007, 'ign_k': 0.04563289369649656, 'ign_c': 2.4287565087611744}.
[I 2026-08-05 23:21:05,048] Trial 574 finished with values: [10.291143646241052, 10.291143646241052] and parameters: {'k1': 0.03047028350021925, 'D_low': 29.89885508829526, 'k2': 0.031211489608802344, 'D_high': 9769.756791866093, 'fire_exp': 1.010722707674549, 'P_half': 51.10120656497163, 'pre_dampen_half': 247.25776073156666, 'gpp_af': 4.582731702170249, 'gpp_b': 3.139005000572696e-05, 'gpp_d': 891.8036602897795, 'ign_k': 8.761971101023693, 'ign_c': 3.0378658251922155}.
[I 2026-08-05 23:21:06,153] Trial 575 finished with values: [-0.5677248306164938, 0.3465840931856953] and parameters: {'k1': 0.002407354618388189, 'D_low': 18.89739291279832, 'k2': 0.03071666851587867, 'D_high': 7744.80118512745, 'fire_exp': 1.1258453832483524, 'P_half': 215.55950571043874, 'pre_dampen_half': 304.7488318185732, 'gpp_af': 0.0021836613912815635, 'gpp_b': 0.00012797528816608022, 'gpp_d': 368.30088529547436, 'ign_k': 0.4702627143647234, 'ign_c': 0.9294394155644988}.
[I 2026-08-05 23:21:07,389] Trial 576 finished with values: [10.769230769178105, 10.769230769178105] and parameters: {'k1': 0.007183692410204826, 'D_low': 1.4045842344024697, 'k2': 0.08894151386481904, 'D_high': 75773.14388518519, 'fire_exp': 1.182396148413737, 'P_half': 13.019246714361572, 'pre_dampen_half': 347.79988160923324, 'gpp_af': 0.001339466259146302, 'gpp_b': 7.402343469704428e-05, 'gpp_d': 5.878566318396007, 'ign_k': 0.13054148118849407, 'ign_c': 161.03205392189665}.
[I 2026-08-05 23:21:08,591] Trial 577 finished with values: [10.713184516914557, 10.713184516914557] and parameters: {'k1': 0.00013783578294796384, 'D_low': 1.1065812688893482, 'k2': 0.0001870742013766025, 'D_high': 9769.756791866093, 'fire_exp': 1.0881360604103363, 'P_half': 13.019246714361572, 'pre_dampen_half': 703.6426675556048, 'gpp_af': 0.001339466259146302, 'gpp_b': 0.011750724729953272, 'gpp_d': 891.8036602897795, 'ign_k': 0.0227929621949939, 'ign_c': 0.773448215664679}.
[I 2026-08-05 23:21:09,823] Trial 578 finished with values: [10.067757415643028, 10.067757415643028] and parameters: {'k1': 0.00324789183891923, 'D_low': 1.1065812688893482, 'k2': 0.0007081721844034209, 'D_high': 9769.756791866093, 'fire_exp': 1.0881360604103363, 'P_half': 13.019246714361572, 'pre_dampen_half': 304.7488318185732, 'gpp_af': 29.925002022877802, 'gpp_b': 0.05693092741736214, 'gpp_d': 857.4284557962634, 'ign_k': 1.8167721131483867, 'ign_c': 0.3528113274684997}.
[I 2026-08-05 23:21:11,214] Trial 579 finished with values: [-0.54377976629297, 0.6371233837390624] and parameters: {'k1': 0.00013783578294796384, 'D_low': 29.89885508829526, 'k2': 0.0001870742013766025, 'D_high': 9769.756791866093, 'fire_exp': 1.010722707674549, 'P_half': 51.10120656497163, 'pre_dampen_half': 703.6426675556048, 'gpp_af': 5.511863475708366, 'gpp_b': 0.011750724729953272, 'gpp_d': 891.8036602897795, 'ign_k': 8.761971101023693, 'ign_c': 0.773448215664679}.
[I 2026-08-05 23:21:12,434] Trial 580 finished with values: [10.571276418854001, 10.571276418854001] and parameters: {'k1': 2.0937989739527727e-05, 'D_low': 125.32726386250698, 'k2': 4.763991596630584e-05, 'D_high': 9769.756791866093, 'fire_exp': 1.010722707674549, 'P_half': 8.968733598183245, 'pre_dampen_half': 703.6426675556048, 'gpp_af': 0.5107061330406066, 'gpp_b': 0.6637926838138378, 'gpp_d': 891.8036602897795, 'ign_k': 0.030956657914928524, 'ign_c': 8.671454322584175}.
[I 2026-08-05 23:21:13,636] Trial 581 finished with values: [-0.5876940238561701, 0.7775697509739439] and parameters: {'k1': 0.0029707920514735983, 'D_low': 1.2299210465793122, 'k2': 0.08894151386481904, 'D_high': 75773.14388518519, 'fire_exp': 1.1258453832483524, 'P_half': 13.019246714361572, 'pre_dampen_half': 304.7488318185732, 'gpp_af': 0.0021836613912815635, 'gpp_b': 3.0247471647147563e-05, 'gpp_d': 857.4284557962634, 'ign_k': 3.7954792742512957, 'ign_c': 0.17036120617148395}.
[I 2026-08-05 23:21:14,836] Trial 582 finished with values: [10.031317481241683, 10.031317481241683] and parameters: {'k1': 0.025383218374507292, 'D_low': 29.89885508829526, 'k2': 0.0001870742013766025, 'D_high': 9769.756791866093, 'fire_exp': 1.1044852285094786, 'P_half': 51.10120656497163, 'pre_dampen_half': 703.6426675556048, 'gpp_af': 10.25616274847308, 'gpp_b': 0.011750724729953272, 'gpp_d': 368.30088529547436, 'ign_k': 0.1550134937334847, 'ign_c': 0.3528113274684997}.
[I 2026-08-05 23:21:16,006] Trial 583 finished with values: [-0.5174923996123956, 0.713849085284201] and parameters: {'k1': 0.00013783578294796384, 'D_low': 1858.6220273069061, 'k2': 0.0007081721844034209, 'D_high': 9769.756791866093, 'fire_exp': 1.0881360604103363, 'P_half': 10.226988730324324, 'pre_dampen_half': 304.7488318185732, 'gpp_af': 29.925002022877802, 'gpp_b': 0.011750724729953272, 'gpp_d': 857.4284557962634, 'ign_k': 8.761971101023693, 'ign_c': 0.9294394155644988}.
[I 2026-08-05 23:21:17,224] Trial 584 finished with values: [-0.5629356530830371, 0.5326858251312099] and parameters: {'k1': 0.025383218374507292, 'D_low': 29.89885508829526, 'k2': 0.00011939136672856547, 'D_high': 9769.756791866093, 'fire_exp': 1.010722707674549, 'P_half': 10.753522341516506, 'pre_dampen_half': 247.25776073156666, 'gpp_af': 0.5107061330406066, 'gpp_b': 0.011750724729953272, 'gpp_d': 1.826381177000974, 'ign_k': 5.9736167866478125, 'ign_c': 3.0378658251922155}.
