[I 2026-08-06 09:03:01,791] Trial 829 finished with values: [-0.6004671961667741, 0.33214194406384767] and parameters: {'k1': 0.01889771394135163, 'D_low': 70.18267183720735, 'k2': 0.012758211164590085, 'D_high': 2940.51756322311, 'fire_exp': 1.0629462657398439, 'P_half': 12.808863354047988, 'pre_dampen_half': 107.40052367919465, 'gpp_af': 0.1476584299248268, 'gpp_b': 0.0005752434266899163, 'gpp_d': 150.14555442537656, 'ign_k': 0.12329098365270515, 'ign_c': 8.40543912931368, 'trop_agb_crit': 10.965064494899984, 'trop_k_veg': 2.520089655463604}.
[I 2026-08-06 09:03:02,929] Trial 830 finished with values: [-0.616735855475418, 0.3277720715556778] and parameters: {'k1': 0.03635503353478365, 'D_low': 12.105387404469584, 'k2': 0.03538758864779238, 'D_high': 2940.51756322311, 'fire_exp': 2.110249242835225, 'P_half': 12.808863354047988, 'pre_dampen_half': 552.4163637315892, 'gpp_af': 0.18069041761817034, 'gpp_b': 0.0005752434266899163, 'gpp_d': 150.14555442537656, 'ign_k': 5.466937478766086, 'ign_c': 8.40543912931368, 'trop_agb_crit': 10.965064494899984, 'trop_k_veg': 0.6673124511410327}.
[I 2026-08-06 09:03:04,020] Trial 831 finished with values: [10.414733953316647, 10.414733953316647] and parameters: {'k1': 0.00021478683190589618, 'D_low': 12.105387404469584, 'k2': 0.012758211164590085, 'D_high': 2940.51756322311, 'fire_exp': 1.1430983876313219, 'P_half': 476.3737484593719, 'pre_dampen_half': 107.40052367919465, 'gpp_af': 93.47528675249171, 'gpp_b': 0.0005752434266899163, 'gpp_d': 229.41380323183625, 'ign_k': 8.708806168038567, 'ign_c': 0.70689749506246, 'trop_agb_crit': 10.905006748783771, 'trop_k_veg': 2.520089655463604}.
[I 2026-08-06 09:03:05,124] Trial 832 finished with values: [10.174748591652424, 10.174748591652424] and parameters: {'k1': 0.029626010885972713, 'D_low': 70.18267183720735, 'k2': 0.012758211164590085, 'D_high': 2940.51756322311, 'fire_exp': 1.0601964743503993, 'P_half': 64.13139914374976, 'pre_dampen_half': 552.4163637315892, 'gpp_af': 0.18069041761817034, 'gpp_b': 0.0005752434266899163, 'gpp_d': 8.571213555597648, 'ign_k': 0.12329098365270515, 'ign_c': 20.03995359361212, 'trop_agb_crit': 1.7708319837489073, 'trop_k_veg': 0.6743482387129308}.
[I 2026-08-06 09:03:06,246] Trial 833 finished with values: [10.253369267207674, 10.253369267207674] and parameters: {'k1': 0.01889771394135163, 'D_low': 5.59983195169599, 'k2': 0.032845299795769424, 'D_high': 2940.51756322311, 'fire_exp': 1.1174086754605184, 'P_half': 12.808863354047988, 'pre_dampen_half': 20.37961377717464, 'gpp_af': 0.1476584299248268, 'gpp_b': 0.0005752434266899163, 'gpp_d': 2.944272359149677, 'ign_k': 8.708806168038567, 'ign_c': 20.03995359361212, 'trop_agb_crit': 25.382873076016292, 'trop_k_veg': 0.6673124511410327}.
[I 2026-08-06 09:03:07,341] Trial 834 finished with values: [10.011106518024306, 10.011106518024306] and parameters: {'k1': 0.004312951023617458, 'D_low': 170.2682488483631, 'k2': 0.032845299795769424, 'D_high': 8182.111518618414, 'fire_exp': 1.1430983876313219, 'P_half': 12.808863354047988, 'pre_dampen_half': 552.4163637315892, 'gpp_af': 4.500414872181386, 'gpp_b': 0.0005752434266899163, 'gpp_d': 229.41380323183625, 'ign_k': 5.351470428717437, 'ign_c': 0.557280750002996, 'trop_agb_crit': 25.382873076016292, 'trop_k_veg': 0.6673124511410327}.
[I 2026-08-06 09:03:08,441] Trial 835 finished with values: [-0.6158427547072293, 0.46192760245315023] and parameters: {'k1': 0.03635503353478365, 'D_low': 72.58091671308688, 'k2': 0.032845299795769424, 'D_high': 2940.51756322311, 'fire_exp': 1.0629462657398439, 'P_half': 1.7400806211046378, 'pre_dampen_half': 502.5175192217655, 'gpp_af': 0.7539992074650279, 'gpp_b': 0.0005752434266899163, 'gpp_d': 431.69073113052116, 'ign_k': 8.708806168038567, 'ign_c': 0.557280750002996, 'trop_agb_crit': 1.14876138417489, 'trop_k_veg': 1.4584243470991722}.
[I 2026-08-06 09:03:09,528] Trial 836 finished with values: [10.019676483409427, 10.019676483409427] and parameters: {'k1': 0.01889771394135163, 'D_low': 177.4954658911452, 'k2': 0.012758211164590085, 'D_high': 2940.51756322311, 'fire_exp': 1.165368636520435, 'P_half': 115.44738876452311, 'pre_dampen_half': 481.9793830934018, 'gpp_af': 61.39406964482352, 'gpp_b': 1.284284091405877e-05, 'gpp_d': 229.41380323183625, 'ign_k': 8.708806168038567, 'ign_c': 20.03995359361212, 'trop_agb_crit': 25.382873076016292, 'trop_k_veg': 2.5879386297557976}.
[I 2026-08-06 09:03:10,917] Trial 837 finished with values: [10.181704923888997, 10.181704923888997] and parameters: {'k1': 5.025876001070713e-05, 'D_low': 12.105387404469584, 'k2': 0.032845299795769424, 'D_high': 2940.51756322311, 'fire_exp': 1.0601964743503993, 'P_half': 12.808863354047988, 'pre_dampen_half': 107.40052367919465, 'gpp_af': 0.18069041761817034, 'gpp_b': 0.0005752434266899163, 'gpp_d': 1.493264336549928, 'ign_k': 8.708806168038567, 'ign_c': 3.5828811741825057, 'trop_agb_crit': 7.500118950416987, 'trop_k_veg': 1.9938441068366917}.
[I 2026-08-06 09:03:12,034] Trial 838 finished with values: [10.187259379230602, 10.187259379230602] and parameters: {'k1': 0.01889771394135163, 'D_low': 70.18267183720735, 'k2': 0.032845299795769424, 'D_high': 2940.51756322311, 'fire_exp': 1.423480109671474, 'P_half': 1.605843632310088, 'pre_dampen_half': 107.40052367919465, 'gpp_af': 0.1476584299248268, 'gpp_b': 0.0005752434266899163, 'gpp_d': 84.31013932082456, 'ign_k': 8.708806168038567, 'ign_c': 20.03995359361212, 'trop_agb_crit': 1.14876138417489, 'trop_k_veg': 2.5879386297557976}.
[I 2026-08-06 09:03:13,127] Trial 839 finished with values: [10.769230769178105, 10.769230769178105] and parameters: {'k1': 0.01889771394135163, 'D_low': 70.18267183720735, 'k2': 0.012758211164590085, 'D_high': 2940.51756322311, 'fire_exp': 1.0362310858538248, 'P_half': 2.608786855182909, 'pre_dampen_half': 502.5175192217655, 'gpp_af': 0.1476584299248268, 'gpp_b': 0.0005752434266899163, 'gpp_d': 229.41380323183625, 'ign_k': 8.708806168038567, 'ign_c': 57.54658592592072, 'trop_agb_crit': 25.382873076016292, 'trop_k_veg': 4.345076509212382}.
[I 2026-08-06 09:03:14,185] Trial 840 finished with values: [-0.6314222671427168, 0.38916406350725274] and parameters: {'k1': 0.01889771394135163, 'D_low': 12.105387404469584, 'k2': 0.03538758864779238, 'D_high': 2940.51756322311, 'fire_exp': 1.0629462657398439, 'P_half': 1.605843632310088, 'pre_dampen_half': 552.4163637315892, 'gpp_af': 0.18069041761817034, 'gpp_b': 0.0005752434266899163, 'gpp_d': 84.31013932082456, 'ign_k': 9.226223582279749, 'ign_c': 0.8916132699546893, 'trop_agb_crit': 1.14876138417489, 'trop_k_veg': 2.520089655463604}.
[I 2026-08-06 09:03:15,282] Trial 841 finished with values: [-0.5915190824328583, 0.3549431781581599] and parameters: {'k1': 0.01889771394135163, 'D_low': 70.18267183720735, 'k2': 0.012758211164590085, 'D_high': 2940.51756322311, 'fire_exp': 1.0629462657398439, 'P_half': 5.232779509048979, 'pre_dampen_half': 107.40052367919465, 'gpp_af': 0.1476584299248268, 'gpp_b': 0.0005752434266899163, 'gpp_d': 84.31013932082456, 'ign_k': 0.0680787482656459, 'ign_c': 0.70689749506246, 'trop_agb_crit': 25.382873076016292, 'trop_k_veg': 2.520089655463604}.
[I 2026-08-06 09:03:16,370] Trial 842 finished with values: [-0.6179258612935238, 0.31735744274103983] and parameters: {'k1': 0.008471801418819975, 'D_low': 12.105387404469584, 'k2': 0.03538758864779238, 'D_high': 2940.51756322311, 'fire_exp': 1.0629462657398439, 'P_half': 4.213183643253957, 'pre_dampen_half': 552.4163637315892, 'gpp_af': 0.00515795696727661, 'gpp_b': 0.0001605469768042801, 'gpp_d': 1.493264336549928, 'ign_k': 0.12329098365270515, 'ign_c': 0.9580682294110432, 'trop_agb_crit': 10.965064494899984, 'trop_k_veg': 1.9938441068366917}.
[I 2026-08-06 09:03:17,443] Trial 843 finished with values: [10.288114854515827, 10.288114854515827] and parameters: {'k1': 0.008471801418819975, 'D_low': 5.59983195169599, 'k2': 0.03538758864779238, 'D_high': 2940.51756322311, 'fire_exp': 1.0629462657398439, 'P_half': 4.213183643253957, 'pre_dampen_half': 552.4163637315892, 'gpp_af': 0.00515795696727661, 'gpp_b': 0.0005752434266899163, 'gpp_d': 1.493264336549928, 'ign_k': 0.12329098365270515, 'ign_c': 20.03995359361212, 'trop_agb_crit': 1.14876138417489, 'trop_k_veg': 1.4584243470991722}.
[I 2026-08-06 09:03:18,551] Trial 844 finished with values: [-0.57220563447965, 0.6644329407686195] and parameters: {'k1': 0.004312951023617458, 'D_low': 70.18267183720735, 'k2': 0.012758211164590085, 'D_high': 8182.111518618414, 'fire_exp': 1.0629462657398439, 'P_half': 1.605843632310088, 'pre_dampen_half': 552.4163637315892, 'gpp_af': 0.1476584299248268, 'gpp_b': 0.0005752434266899163, 'gpp_d': 1.493264336549928, 'ign_k': 8.708806168038567, 'ign_c': 0.557280750002996, 'trop_agb_crit': 7.500118950416987, 'trop_k_veg': 0.6673124511410327}.
[I 2026-08-06 09:03:19,625] Trial 845 finished with values: [-0.5967971885971315, 0.4588658162457798] and parameters: {'k1': 0.004312951023617458, 'D_low': 70.18267183720735, 'k2': 0.012758211164590085, 'D_high': 2940.51756322311, 'fire_exp': 1.0629462657398439, 'P_half': 12.808863354047988, 'pre_dampen_half': 552.4163637315892, 'gpp_af': 0.4776815004752161, 'gpp_b': 0.0005752434266899163, 'gpp_d': 150.14555442537656, 'ign_k': 8.708806168038567, 'ign_c': 0.24361599465623282, 'trop_agb_crit': 7.500118950416987, 'trop_k_veg': 1.9938441068366917}.
[I 2026-08-06 09:03:20,707] Trial 846 finished with values: [10.533592324018274, 10.533592324018274] and parameters: {'k1': 0.004312951023617458, 'D_low': 191.61918406231337, 'k2': 0.0007047307383115598, 'D_high': 633.1166646948959, 'fire_exp': 1.1430983876313219, 'P_half': 4.213183643253957, 'pre_dampen_half': 552.4163637315892, 'gpp_af': 6.0369370109848575, 'gpp_b': 1.284284091405877e-05, 'gpp_d': 1.493264336549928, 'ign_k': 8.708806168038567, 'ign_c': 0.557280750002996, 'trop_agb_crit': 25.382873076016292, 'trop_k_veg': 2.5879386297557976}.
[I 2026-08-06 09:03:21,795] Trial 847 finished with values: [-0.6261041902137185, 0.2985201902679079] and parameters: {'k1': 0.01889771394135163, 'D_low': 5.59983195169599, 'k2': 0.032845299795769424, 'D_high': 2940.51756322311, 'fire_exp': 1.165368636520435, 'P_half': 24.563265188276052, 'pre_dampen_half': 107.40052367919465, 'gpp_af': 0.0014188461251885575, 'gpp_b': 1.284284091405877e-05, 'gpp_d': 84.31013932082456, 'ign_k': 8.708806168038567, 'ign_c': 8.40543912931368, 'trop_agb_crit': 7.500118950416987, 'trop_k_veg': 2.4855199240230106}.
[I 2026-08-06 09:03:22,871] Trial 848 finished with values: [-0.619490274844159, 0.28363399023747904] and parameters: {'k1': 0.01889771394135163, 'D_low': 4.484744524732794, 'k2': 0.004013372552381595, 'D_high': 2940.51756322311, 'fire_exp': 1.0629462657398439, 'P_half': 12.808863354047988, 'pre_dampen_half': 107.40052367919465, 'gpp_af': 0.1476584299248268, 'gpp_b': 0.0005752434266899163, 'gpp_d': 84.31013932082456, 'ign_k': 8.708806168038567, 'ign_c': 20.03995359361212, 'trop_agb_crit': 7.500118950416987, 'trop_k_veg': 1.4584243470991722}.
[I 2026-08-06 09:03:23,980] Trial 849 finished with values: [10.61605775138529, 10.61605775138529] and parameters: {'k1': 0.008471801418819975, 'D_low': 4.484744524732794, 'k2': 0.005082220961627801, 'D_high': 1588.2035726402378, 'fire_exp': 4.622870465147425, 'P_half': 12.808863354047988, 'pre_dampen_half': 502.5175192217655, 'gpp_af': 9.489641456368314, 'gpp_b': 0.0005752434266899163, 'gpp_d': 2.944272359149677, 'ign_k': 8.708806168038567, 'ign_c': 0.9580682294110432, 'trop_agb_crit': 1.14876138417489, 'trop_k_veg': 1.9938441068366917}.
[I 2026-08-06 09:03:25,086] Trial 850 finished with values: [10.757067532229623, 10.757067532229623] and parameters: {'k1': 0.00488137519160367, 'D_low': 4.484744524732794, 'k2': 0.032845299795769424, 'D_high': 2940.51756322311, 'fire_exp': 8.456250107826923, 'P_half': 338.23872019362165, 'pre_dampen_half': 552.4163637315892, 'gpp_af': 0.1476584299248268, 'gpp_b': 1.3289448722869181e-05, 'gpp_d': 229.41380323183625, 'ign_k': 8.708806168038567, 'ign_c': 0.557280750002996, 'trop_agb_crit': 2.2212365258224223, 'trop_k_veg': 0.6673124511410327}.
[I 2026-08-06 09:03:26,174] Trial 851 finished with values: [10.61808643593577, 10.61808643593577] and parameters: {'k1': 0.00488137519160367, 'D_low': 5.59983195169599, 'k2': 0.012758211164590085, 'D_high': 2940.51756322311, 'fire_exp': 1.1430983876313219, 'P_half': 2.5449737887285035, 'pre_dampen_half': 0.9921551226341601, 'gpp_af': 0.1476584299248268, 'gpp_b': 0.008226792720717493, 'gpp_d': 150.14555442537656, 'ign_k': 8.708806168038567, 'ign_c': 0.70689749506246, 'trop_agb_crit': 25.382873076016292, 'trop_k_veg': 0.5443513380244235}.
[I 2026-08-06 09:03:27,282] Trial 852 finished with values: [-0.609563256867094, 0.18572525977496335] and parameters: {'k1': 0.016748279468858224, 'D_low': 5.59983195169599, 'k2': 0.005082220961627801, 'D_high': 1588.2035726402378, 'fire_exp': 1.0629462657398439, 'P_half': 12.808863354047988, 'pre_dampen_half': 552.4163637315892, 'gpp_af': 0.1476584299248268, 'gpp_b': 0.0005752434266899163, 'gpp_d': 2.944272359149677, 'ign_k': 8.708806168038567, 'ign_c': 20.03995359361212, 'trop_agb_crit': 1.14876138417489, 'trop_k_veg': 1.4584243470991722}.
[I 2026-08-06 09:03:28,358] Trial 853 finished with values: [-0.6144361078937588, 0.547508254889292] and parameters: {'k1': 0.01889771394135163, 'D_low': 34.459310919273356, 'k2': 0.012758211164590085, 'D_high': 2940.51756322311, 'fire_exp': 1.0629462657398439, 'P_half': 1.605843632310088, 'pre_dampen_half': 481.9793830934018, 'gpp_af': 0.7539992074650279, 'gpp_b': 1.284284091405877e-05, 'gpp_d': 84.31013932082456, 'ign_k': 8.708806168038567, 'ign_c': 0.70689749506246, 'trop_agb_crit': 1.14876138417489, 'trop_k_veg': 1.4584243470991722}.
[I 2026-08-06 09:03:29,417] Trial 854 finished with values: [-0.6091424153613337, 0.5366477974631272] and parameters: {'k1': 0.008471801418819975, 'D_low': 4.484744524732794, 'k2': 0.0007047307383115598, 'D_high': 8182.111518618414, 'fire_exp': 1.0629462657398439, 'P_half': 4.070652723469727, 'pre_dampen_half': 502.5175192217655, 'gpp_af': 0.1476584299248268, 'gpp_b': 0.0005752434266899163, 'gpp_d': 431.69073113052116, 'ign_k': 8.708806168038567, 'ign_c': 20.03995359361212, 'trop_agb_crit': 1.14876138417489, 'trop_k_veg': 1.4584243470991722}.
[I 2026-08-06 09:03:30,561] Trial 855 finished with values: [10.769230769178105, 10.769230769178105] and parameters: {'k1': 0.00488137519160367, 'D_low': 9331.125028918148, 'k2': 0.032845299795769424, 'D_high': 2940.51756322311, 'fire_exp': 1.165368636520435, 'P_half': 5.232779509048979, 'pre_dampen_half': 502.5175192217655, 'gpp_af': 0.1476584299248268, 'gpp_b': 0.0005752434266899163, 'gpp_d': 2.944272359149677, 'ign_k': 5.351470428717437, 'ign_c': 0.70689749506246, 'trop_agb_crit': 1.14876138417489, 'trop_k_veg': 0.6673124511410327}.
[I 2026-08-06 09:03:31,963] Trial 856 finished with values: [10.769230769178105, 10.769230769178105] and parameters: {'k1': 0.03635503353478365, 'D_low': 12.105387404469584, 'k2': 0.032845299795769424, 'D_high': 2940.51756322311, 'fire_exp': 1.1488607445926913, 'P_half': 12.808863354047988, 'pre_dampen_half': 552.4163637315892, 'gpp_af': 0.18069041761817034, 'gpp_b': 0.0005752434266899163, 'gpp_d': 229.41380323183625, 'ign_k': 5.466937478766086, 'ign_c': 510.5095511029523, 'trop_agb_crit': 10.965064494899984, 'trop_k_veg': 0.6673124511410327}.
[I 2026-08-06 09:03:33,086] Trial 857 finished with values: [10.413052747720725, 10.413052747720725] and parameters: {'k1': 0.01889771394135163, 'D_low': 40.12413353131991, 'k2': 0.012758211164590085, 'D_high': 2940.51756322311, 'fire_exp': 3.4670262533916887, 'P_half': 12.808863354047988, 'pre_dampen_half': 162.24318817519642, 'gpp_af': 0.1476584299248268, 'gpp_b': 0.0054502936945582505, 'gpp_d': 150.14555442537656, 'ign_k': 8.708806168038567, 'ign_c': 8.40543912931368, 'trop_agb_crit': 10.965064494899984, 'trop_k_veg': 0.6673124511410327}.
[I 2026-08-06 09:03:34,146] Trial 858 finished with values: [-0.6297584059710472, 0.3675594256795822] and parameters: {'k1': 0.01889771394135163, 'D_low': 12.105387404469584, 'k2': 0.012758211164590085, 'D_high': 2940.51756322311, 'fire_exp': 1.0601964743503993, 'P_half': 12.808863354047988, 'pre_dampen_half': 107.40052367919465, 'gpp_af': 0.1476584299248268, 'gpp_b': 0.0005752434266899163, 'gpp_d': 84.31013932082456, 'ign_k': 8.708806168038567, 'ign_c': 12.129193069150809, 'trop_agb_crit': 7.500118950416987, 'trop_k_veg': 2.520089655463604}.
[I 2026-08-06 09:03:35,237] Trial 859 finished with values: [10.154614008475354, 10.154614008475354] and parameters: {'k1': 0.03635503353478365, 'D_low': 4.484744524732794, 'k2': 0.032845299795769424, 'D_high': 2940.51756322311, 'fire_exp': 1.0629462657398439, 'P_half': 4.213183643253957, 'pre_dampen_half': 552.4163637315892, 'gpp_af': 1.3119837017732534, 'gpp_b': 3.425678426646209e-05, 'gpp_d': 229.41380323183625, 'ign_k': 8.708806168038567, 'ign_c': 8.40543912931368, 'trop_agb_crit': 10.965064494899984, 'trop_k_veg': 2.5879386297557976}.
[I 2026-08-06 09:03:36,311] Trial 860 finished with values: [10.280268512431796, 10.280268512431796] and parameters: {'k1': 0.03635503353478365, 'D_low': 4.484744524732794, 'k2': 0.032845299795769424, 'D_high': 1177.190025324204, 'fire_exp': 1.0629462657398439, 'P_half': 12.808863354047988, 'pre_dampen_half': 552.4163637315892, 'gpp_af': 0.7539992074650279, 'gpp_b': 0.34011244465350393, 'gpp_d': 431.69073113052116, 'ign_k': 8.708806168038567, 'ign_c': 0.557280750002996, 'trop_agb_crit': 1.14876138417489, 'trop_k_veg': 0.6673124511410327}.
[I 2026-08-06 09:03:37,417] Trial 861 finished with values: [10.263565276181211, 10.263565276181211] and parameters: {'k1': 0.00488137519160367, 'D_low': 12.105387404469584, 'k2': 0.032845299795769424, 'D_high': 8182.111518618414, 'fire_exp': 1.1430983876313219, 'P_half': 338.23872019362165, 'pre_dampen_half': 552.4163637315892, 'gpp_af': 0.18069041761817034, 'gpp_b': 0.0005752434266899163, 'gpp_d': 229.41380323183625, 'ign_k': 0.0032423055114836233, 'ign_c': 0.557280750002996, 'trop_agb_crit': 10.965064494899984, 'trop_k_veg': 0.6673124511410327}.
[I 2026-08-06 09:03:38,510] Trial 862 finished with values: [-0.5781431817757545, 0.3262595819346611] and parameters: {'k1': 0.01889771394135163, 'D_low': 4.484744524732794, 'k2': 0.0007047307383115598, 'D_high': 1177.190025324204, 'fire_exp': 1.0629462657398439, 'P_half': 4.213183643253957, 'pre_dampen_half': 552.4163637315892, 'gpp_af': 0.1476584299248268, 'gpp_b': 0.0005752434266899163, 'gpp_d': 1.493264336549928, 'ign_k': 8.708806168038567, 'ign_c': 0.9580682294110432, 'trop_agb_crit': 25.382873076016292, 'trop_k_veg': 1.9938441068366917}.
[I 2026-08-06 09:03:39,576] Trial 863 finished with values: [-0.6124577897181435, 0.30082616131573137] and parameters: {'k1': 0.01889771394135163, 'D_low': 70.18267183720735, 'k2': 0.012758211164590085, 'D_high': 2940.51756322311, 'fire_exp': 1.1488607445926913, 'P_half': 12.808863354047988, 'pre_dampen_half': 552.4163637315892, 'gpp_af': 0.1476584299248268, 'gpp_b': 0.0005752434266899163, 'gpp_d': 229.41380323183625, 'ign_k': 5.466937478766086, 'ign_c': 20.03995359361212, 'trop_agb_crit': 7.500118950416987, 'trop_k_veg': 0.6743482387129308}.
[I 2026-08-06 09:03:40,726] Trial 864 finished with values: [10.769230769178105, 10.769230769178105] and parameters: {'k1': 0.03635503353478365, 'D_low': 12.105387404469584, 'k2': 0.03538758864779238, 'D_high': 2940.51756322311, 'fire_exp': 1.353841071397002, 'P_half': 12.808863354047988, 'pre_dampen_half': 552.4163637315892, 'gpp_af': 0.1476584299248268, 'gpp_b': 0.0005752434266899163, 'gpp_d': 229.41380323183625, 'ign_k': 0.12329098365270515, 'ign_c': 201.4978984700884, 'trop_agb_crit': 3.5747129226002423, 'trop_k_veg': 0.6743482387129308}.
[I 2026-08-06 09:03:41,801] Trial 865 finished with values: [10.043257921568141, 10.043257921568141] and parameters: {'k1': 0.008471801418819975, 'D_low': 70.18267183720735, 'k2': 0.012758211164590085, 'D_high': 5254.8834372681695, 'fire_exp': 1.0629462657398439, 'P_half': 12.808863354047988, 'pre_dampen_half': 107.40052367919465, 'gpp_af': 0.1476584299248268, 'gpp_b': 0.008226792720717493, 'gpp_d': 84.31013932082456, 'ign_k': 1.343112375346642, 'ign_c': 0.70689749506246, 'trop_agb_crit': 10.965064494899984, 'trop_k_veg': 0.5443513380244235}.
[I 2026-08-06 09:03:42,926] Trial 866 finished with values: [10.610451473296163, 10.610451473296163] and parameters: {'k1': 0.01889771394135163, 'D_low': 1.9623826481168343, 'k2': 0.032845299795769424, 'D_high': 2940.51756322311, 'fire_exp': 5.113811291218321, 'P_half': 338.23872019362165, 'pre_dampen_half': 552.4163637315892, 'gpp_af': 0.1476584299248268, 'gpp_b': 1.284284091405877e-05, 'gpp_d': 84.31013932082456, 'ign_k': 8.708806168038567, 'ign_c': 0.557280750002996, 'trop_agb_crit': 10.965064494899984, 'trop_k_veg': 0.6673124511410327}.
[I 2026-08-06 09:03:44,002] Trial 867 finished with values: [-0.5802334904666681, 0.7433299717192734] and parameters: {'k1': 0.00488137519160367, 'D_low': 5.59983195169599, 'k2': 0.018586220273069057, 'D_high': 15351.441568398131, 'fire_exp': 1.165368636520435, 'P_half': 5.232779509048979, 'pre_dampen_half': 107.40052367919465, 'gpp_af': 0.1476584299248268, 'gpp_b': 0.0005752434266899163, 'gpp_d': 2.944272359149677, 'ign_k': 5.351470428717437, 'ign_c': 0.557280750002996, 'trop_agb_crit': 7.500118950416987, 'trop_k_veg': 0.6673124511410327}.
[I 2026-08-06 09:03:45,077] Trial 868 finished with values: [-0.5821703530990843, 0.49347375770019] and parameters: {'k1': 0.01889771394135163, 'D_low': 4.484744524732794, 'k2': 0.001362731161143793, 'D_high': 8182.111518618414, 'fire_exp': 1.0629462657398439, 'P_half': 338.23872019362165, 'pre_dampen_half': 107.40052367919465, 'gpp_af': 0.1476584299248268, 'gpp_b': 1.284284091405877e-05, 'gpp_d': 84.31013932082456, 'ign_k': 8.708806168038567, 'ign_c': 20.03995359361212, 'trop_agb_crit': 10.965064494899984, 'trop_k_veg': 2.520089655463604}.
