[I 2026-08-19 14:41:29,905] Trial 289 finished with value: -0.498590892846854 and parameters: {'k1': 0.005159550187656989, 'D_low': 1610.3414629758552, 'k2': 9.672980025432104e-05, 'D_high': 806334.6458420622, 'fire_exp': 7.781325317653544, 'P_half': 62.84504404535788, 'pre_dampen_half': 14.755263155055657, 'gpp_af': 0.0025074222777466174, 'gpp_b': 6.802538987098409e-05, 'gpp_d': 0.8514018957770778, 'ign_k': 2.180253291751608, 'ign_c': 2.012559991839139, 'trop_agb_crit': 1.0860120729376377, 'trop_k_veg': 1.8554144424682386, 'pop_amp': 0.9502527718884856, 'pop_peak': 0.3399994988267417, 'pop_sig': 0.7792175898610967, 'fuel_k': 0.16722194626247522, 'fuel_half': 1.568531214871162}. Best is trial 121 with value: -0.6148958760349835.
[I 2026-08-19 14:41:32,362] Trial 290 finished with value: -0.46551994555069226 and parameters: {'k1': 0.002597841080057742, 'D_low': 8961.709506424848, 'k2': 0.09701862191329018, 'D_high': 6419918.24459091, 'fire_exp': 2.2754420639233466, 'P_half': 598.4626239375712, 'pre_dampen_half': 3.529512492664433, 'gpp_af': 0.009368482550736025, 'gpp_b': 0.0002455307999196869, 'gpp_d': 4.921981921827237, 'ign_k': 0.4637786982980174, 'ign_c': 2.0477771944490653, 'trop_agb_crit': 12.122008373266944, 'trop_k_veg': 3.822345834399878, 'pop_amp': 0.42998141936862366, 'pop_peak': 54.84121411547813, 'pop_sig': 0.31774034192770967, 'fuel_k': 0.5104499270224909, 'fuel_half': 0.3982972933519611}. Best is trial 121 with value: -0.6148958760349835.
[I 2026-08-19 14:41:34,983] Trial 291 finished with value: -0.5802465101826952 and parameters: {'k1': 0.0001135553391179255, 'D_low': 2.8393907644477965, 'k2': 0.0002496624239850992, 'D_high': 1876015.9655624365, 'fire_exp': 1.572103404188916, 'P_half': 14.52776685968004, 'pre_dampen_half': 17.810774533154593, 'gpp_af': 0.3387234611438717, 'gpp_b': 0.0031865001414633208, 'gpp_d': 2.044997030580273, 'ign_k': 1.3808554393992856, 'ign_c': 3.075173451330132, 'trop_agb_crit': 8.898346353271956, 'trop_k_veg': 3.17140588995154, 'pop_amp': 0.01791279393430158, 'pop_peak': 22.603162595758068, 'pop_sig': 0.5005659938591572, 'fuel_k': 0.16980874750709, 'fuel_half': 0.7681360563895493}. Best is trial 121 with value: -0.6148958760349835.
[I 2026-08-19 14:41:37,821] Trial 292 finished with value: -0.43846454872238894 and parameters: {'k1': 0.0011776555557446607, 'D_low': 9628.525012901755, 'k2': 0.012629150893829674, 'D_high': 3433508.575467103, 'fire_exp': 1.9379876617518161, 'P_half': 2372.5367851571905, 'pre_dampen_half': 273.52937056103247, 'gpp_af': 0.3377588227769476, 'gpp_b': 0.00013040281572956647, 'gpp_d': 19.317675952266583, 'ign_k': 6.974593900114977, 'ign_c': 6.553632710066403, 'trop_agb_crit': 22.68916086852649, 'trop_k_veg': 2.378625301694084, 'pop_amp': 0.22218133653425412, 'pop_peak': 100.82110887203096, 'pop_sig': 1.230043710116839, 'fuel_k': 0.032952979820115844, 'fuel_half': 0.978521712366797}. Best is trial 121 with value: -0.6148958760349835.
  trial  293/2500  best_overall=0.6149  (17.6 min)
[I 2026-08-19 14:41:40,364] Trial 293 finished with value: -0.5242042439936729 and parameters: {'k1': 0.0012814435228220814, 'D_low': 87.63044986766579, 'k2': 2.7675389784988332e-05, 'D_high': 241246.25813505534, 'fire_exp': 1.6781889408501147, 'P_half': 47.006787974525324, 'pre_dampen_half': 10.968879893183546, 'gpp_af': 0.009276284428608741, 'gpp_b': 0.009395003112348487, 'gpp_d': 3.8277429697631287, 'ign_k': 0.4837539390680638, 'ign_c': 4.959078331619413, 'trop_agb_crit': 24.51979267342508, 'trop_k_veg': 1.509980205343161, 'pop_amp': 0.32961628071413973, 'pop_peak': 37.36892063341278, 'pop_sig': 1.2900962260282183, 'fuel_k': 0.42775563621314616, 'fuel_half': 6.329305236461733}. Best is trial 121 with value: -0.6148958760349835.
[I 2026-08-19 14:41:43,123] Trial 294 finished with value: -0.4156651130397629 and parameters: {'k1': 4.699320019710133e-05, 'D_low': 1.684295819495063, 'k2': 1.0281272655412137e-05, 'D_high': 326202.53420808987, 'fire_exp': 1.2190196671428493, 'P_half': 41.59092829086098, 'pre_dampen_half': 0.1630813461864106, 'gpp_af': 0.008552869576347981, 'gpp_b': 0.0015362029507999858, 'gpp_d': 2.3909842750852706, 'ign_k': 0.4052240773899069, 'ign_c': 37.54222842017796, 'trop_agb_crit': 21.385989325668383, 'trop_k_veg': 3.2998532721007723, 'pop_amp': 2.9976163884773044, 'pop_peak': 1.4903595117143245, 'pop_sig': 0.46347177943175283, 'fuel_k': 1.4447498413985105, 'fuel_half': 0.47722733914130305}. Best is trial 121 with value: -0.6148958760349835.
[I 2026-08-19 14:41:46,444] Trial 295 finished with value: -0.524047452479326 and parameters: {'k1': 0.00043470649740568384, 'D_low': 4640.0397203638295, 'k2': 0.00020967517284117073, 'D_high': 90761.77067112278, 'fire_exp': 4.18371498613468, 'P_half': 52.76219661265761, 'pre_dampen_half': 72.65621685179693, 'gpp_af': 0.002545223348254291, 'gpp_b': 1.3199525253436418e-05, 'gpp_d': 0.2152205529479942, 'ign_k': 1.984029365930387, 'ign_c': 9.933400545571532, 'trop_agb_crit': 2.26379458086476, 'trop_k_veg': 4.374731203798593, 'pop_amp': 2.548768564935379, 'pop_peak': 495.1348317993366, 'pop_sig': 1.0268277653020774, 'fuel_k': 0.018078449461729068, 'fuel_half': 46.76941084145075}. Best is trial 121 with value: -0.6148958760349835.
[I 2026-08-19 14:41:49,569] Trial 296 finished with value: -0.3554625854118624 and parameters: {'k1': 3.1877590274071476e-05, 'D_low': 5.383103012643939, 'k2': 3.808340168002617e-05, 'D_high': 2241202.086506236, 'fire_exp': 1.1608631876082465, 'P_half': 1.1404166917365037, 'pre_dampen_half': 6.568811186070341, 'gpp_af': 1.4974610528727343, 'gpp_b': 0.004593903173083676, 'gpp_d': 19.680220010712464, 'ign_k': 0.8596073950655099, 'ign_c': 83.19061982374629, 'trop_agb_crit': 11.572932303833195, 'trop_k_veg': 7.683944535119075, 'pop_amp': 0.17481016466237967, 'pop_peak': 70.02236522546418, 'pop_sig': 0.5001689091430588, 'fuel_k': 0.701426199173053, 'fuel_half': 1.1650648892798927}. Best is trial 121 with value: -0.6148958760349835.
[I 2026-08-19 14:41:52,549] Trial 297 finished with value: -0.5210851651631015 and parameters: {'k1': 0.025779413787582132, 'D_low': 20.037701131439928, 'k2': 1.965784017327747e-05, 'D_high': 5653452.730089805, 'fire_exp': 2.2203086914650347, 'P_half': 161.44352535367986, 'pre_dampen_half': 5.705693759655645, 'gpp_af': 0.0012795540214389455, 'gpp_b': 2.3279585712105778e-05, 'gpp_d': 0.646355768056083, 'ign_k': 1.315586146864573, 'ign_c': 10.976633212957854, 'trop_agb_crit': 8.675548624757297, 'trop_k_veg': 1.5046545217023506, 'pop_amp': 2.921964270890706, 'pop_peak': 15.245170240705258, 'pop_sig': 1.0806063689436636, 'fuel_k': 0.010199839980834593, 'fuel_half': 1.6855327411277876}. Best is trial 121 with value: -0.6148958760349835.
[I 2026-08-19 14:41:56,002] Trial 298 finished with value: -0.3554625854118624 and parameters: {'k1': 0.0759129920158592, 'D_low': 6245.9177740812565, 'k2': 1.7766694633012303e-05, 'D_high': 657377.216352041, 'fire_exp': 2.5552134419227093, 'P_half': 547.511485791092, 'pre_dampen_half': 0.8716292755271222, 'gpp_af': 0.012642431702333506, 'gpp_b': 0.004979632309345731, 'gpp_d': 19.842632654503618, 'ign_k': 0.5407292667463663, 'ign_c': 155.90286781051728, 'trop_agb_crit': 6.084159124569766, 'trop_k_veg': 7.926921244370313, 'pop_amp': 0.0018994224496803097, 'pop_peak': 0.4823543602974125, 'pop_sig': 0.9482786477062195, 'fuel_k': 0.6075056523728074, 'fuel_half': 0.1144463318109295}. Best is trial 121 with value: -0.6148958760349835.
[I 2026-08-19 14:41:58,575] Trial 299 finished with value: -0.42234633047172154 and parameters: {'k1': 0.0011558947239268533, 'D_low': 546.7813840739508, 'k2': 4.483402378336363e-05, 'D_high': 9260130.981782222, 'fire_exp': 1.252191377691071, 'P_half': 17.959533958241572, 'pre_dampen_half': 6.9418770724256, 'gpp_af': 0.0019313058981470991, 'gpp_b': 9.387141983199648e-05, 'gpp_d': 0.7053044142146974, 'ign_k': 2.0798843337812465, 'ign_c': 29.370474888892705, 'trop_agb_crit': 4.7019167370220565, 'trop_k_veg': 1.0111117434480188, 'pop_amp': 0.19700018157923532, 'pop_peak': 0.8266204622413824, 'pop_sig': 1.997070757797716, 'fuel_k': 0.15945430565405383, 'fuel_half': 0.19357788814901983}. Best is trial 121 with value: -0.6148958760349835.
  trial  300/2500  best_overall=0.6149  (17.9 min)
[I 2026-08-19 14:42:01,776] Trial 300 finished with value: -0.5744235961462547 and parameters: {'k1': 0.001145910619855294, 'D_low': 26.05963677777579, 'k2': 0.0006374095542420743, 'D_high': 8759911.45909127, 'fire_exp': 1.4340259946331615, 'P_half': 100.9689026279708, 'pre_dampen_half': 3.4324865266430646, 'gpp_af': 1.235834139648835, 'gpp_b': 0.00037190092220925675, 'gpp_d': 32.256452367267734, 'ign_k': 0.2244350886893734, 'ign_c': 0.4840444909877369, 'trop_agb_crit': 27.38754099531028, 'trop_k_veg': 6.93803434675705, 'pop_amp': 0.7857017452820769, 'pop_peak': 91.94730073032072, 'pop_sig': 0.558426358838121, 'fuel_k': 0.5924887507295903, 'fuel_half': 1.4768057640887164}. Best is trial 121 with value: -0.6148958760349835.
[I 2026-08-19 14:42:05,026] Trial 301 finished with value: -0.41620388902103256 and parameters: {'k1': 5.6470411900480696e-05, 'D_low': 86.04826172912523, 'k2': 1.4434219232212285e-05, 'D_high': 528476.4731251383, 'fire_exp': 1.5296430881507332, 'P_half': 5.019792144847097, 'pre_dampen_half': 0.08533499467131195, 'gpp_af': 0.05597776484200021, 'gpp_b': 0.001255732221950274, 'gpp_d': 162.30456935109135, 'ign_k': 0.316285669348084, 'ign_c': 76.0864661522084, 'trop_agb_crit': 25.823936285181667, 'trop_k_veg': 1.8556677434535787, 'pop_amp': 0.12858074427224472, 'pop_peak': 244.79687913526556, 'pop_sig': 0.30138937129727333, 'fuel_k': 2.3894649587469665, 'fuel_half': 0.12541111515072384}. Best is trial 121 with value: -0.6148958760349835.
[I 2026-08-19 14:42:09,295] Trial 302 finished with value: -0.49957216569779056 and parameters: {'k1': 1.472410901976043e-05, 'D_low': 65.34575513471513, 'k2': 1.676298556733353e-05, 'D_high': 7318043.306114137, 'fire_exp': 2.490251236651076, 'P_half': 1.9437368540752524, 'pre_dampen_half': 0.08003023147973187, 'gpp_af': 0.7016029509429024, 'gpp_b': 1.3847031391872965e-05, 'gpp_d': 27.748379773625516, 'ign_k': 0.02170841409903579, 'ign_c': 0.224033238393757, 'trop_agb_crit': 18.718424938246656, 'trop_k_veg': 2.6196028626928674, 'pop_amp': 10.770764405469505, 'pop_peak': 99.69926392689152, 'pop_sig': 0.33729606128147466, 'fuel_k': 0.6423212040585139, 'fuel_half': 0.9658579259271686}. Best is trial 121 with value: -0.6148958760349835.
[I 2026-08-19 14:42:13,643] Trial 303 finished with value: -0.5907819809194435 and parameters: {'k1': 0.00035623581948762066, 'D_low': 12.744219074557222, 'k2': 4.703959879162181e-05, 'D_high': 4283153.86638107, 'fire_exp': 2.046693300186443, 'P_half': 7.1521081690314565, 'pre_dampen_half': 0.20965407583217321, 'gpp_af': 0.39519252754095974, 'gpp_b': 0.00022894195513172605, 'gpp_d': 4.258280056966515, 'ign_k': 6.522872348551205, 'ign_c': 10.826484247480407, 'trop_agb_crit': 4.232289620913071, 'trop_k_veg': 3.6931581053177984, 'pop_amp': 0.45180866524628704, 'pop_peak': 0.4726001652236442, 'pop_sig': 0.36005258790375044, 'fuel_k': 4.126459967142417, 'fuel_half': 0.4162159313263686}. Best is trial 121 with value: -0.6148958760349835.
[I 2026-08-19 14:42:17,891] Trial 304 finished with value: -0.5513247522556407 and parameters: {'k1': 1.3187604166504653e-05, 'D_low': 51228.851458147255, 'k2': 6.895039376406071e-05, 'D_high': 9311226.508029105, 'fire_exp': 1.2677332878123644, 'P_half': 3.5127544578100767, 'pre_dampen_half': 506.62848568320254, 'gpp_af': 0.4278986253183826, 'gpp_b': 0.0011436502376576555, 'gpp_d': 18.76269597246044, 'ign_k': 8.672280900458832, 'ign_c': 1.6127320101695648, 'trop_agb_crit': 1.6586723343313436, 'trop_k_veg': 5.861921154858853, 'pop_amp': 0.020175786342060787, 'pop_peak': 0.11856495619471503, 'pop_sig': 0.407123832094448, 'fuel_k': 0.5971496408105091, 'fuel_half': 0.8303097739404763}. Best is trial 121 with value: -0.6148958760349835.
[I 2026-08-19 14:42:20,970] Trial 305 finished with value: -0.41102574938679526 and parameters: {'k1': 0.00026868813547827904, 'D_low': 451.9756612819221, 'k2': 0.00015052400990049017, 'D_high': 6508817.330110966, 'fire_exp': 1.3877482259521934, 'P_half': 62.958385200010305, 'pre_dampen_half': 6.116833057235484, 'gpp_af': 1.0863831064381977, 'gpp_b': 0.00030829292018287076, 'gpp_d': 4.143594587066698, 'ign_k': 3.234611657115959, 'ign_c': 4.061565226496855, 'trop_agb_crit': 2.053358378287922, 'trop_k_veg': 6.394184230414614, 'pop_amp': 0.01705127653986181, 'pop_peak': 1.9350382625383573, 'pop_sig': 0.41692580001008317, 'fuel_k': 5.918162197228409, 'fuel_half': 0.2263438267101195}. Best is trial 121 with value: -0.6148958760349835.
  trial  306/2500  best_overall=0.6149  (18.3 min)
[I 2026-08-19 14:42:23,911] Trial 306 finished with value: -0.5984135315957478 and parameters: {'k1': 0.010119063333455516, 'D_low': 1061.2557001150194, 'k2': 1.54467055495492e-05, 'D_high': 1232936.7991274844, 'fire_exp': 1.274731343954679, 'P_half': 127.24904702932822, 'pre_dampen_half': 1.1951430027199639, 'gpp_af': 0.011782243626797034, 'gpp_b': 3.8681378654304856e-05, 'gpp_d': 3.2194205381230487, 'ign_k': 0.32878745812864574, 'ign_c': 12.682685480411807, 'trop_agb_crit': 15.46281614593393, 'trop_k_veg': 7.11355026451257, 'pop_amp': 0.01384627905481514, 'pop_peak': 0.27003280750550007, 'pop_sig': 0.8746355265507035, 'fuel_k': 0.2600032188743916, 'fuel_half': 0.5659951756224807}. Best is trial 121 with value: -0.6148958760349835.
[I 2026-08-19 14:42:27,559] Trial 307 finished with value: -0.5601505674363149 and parameters: {'k1': 0.00019071932960942702, 'D_low': 8.889314389180601, 'k2': 0.00013288900676631027, 'D_high': 2183824.4448755346, 'fire_exp': 2.690075046113853, 'P_half': 1.087812131996923, 'pre_dampen_half': 0.07756853183881068, 'gpp_af': 0.030088584478354018, 'gpp_b': 0.0002928444221346339, 'gpp_d': 2.314113884665046, 'ign_k': 5.49365279496881, 'ign_c': 16.87710443435414, 'trop_agb_crit': 5.195805024014152, 'trop_k_veg': 3.131077762364979, 'pop_amp': 0.05537681762673713, 'pop_peak': 1.5416309317507104, 'pop_sig': 0.4887662252555918, 'fuel_k': 3.8945224242700696, 'fuel_half': 0.24781862630361465}. Best is trial 121 with value: -0.6148958760349835.
[I 2026-08-19 14:42:30,418] Trial 308 finished with value: -0.5799351937118936 and parameters: {'k1': 0.0009755031359314312, 'D_low': 1.679258003004168, 'k2': 1.800179166920142e-05, 'D_high': 5724682.864258739, 'fire_exp': 1.244235608912117, 'P_half': 8.391405366778143, 'pre_dampen_half': 0.3825803536404952, 'gpp_af': 4.216759272077123, 'gpp_b': 0.015228905776051878, 'gpp_d': 118.56428483462648, 'ign_k': 0.026620545830840916, 'ign_c': 0.28340867255113433, 'trop_agb_crit': 8.9151769754304, 'trop_k_veg': 7.467799388083855, 'pop_amp': 2.2858038101055542, 'pop_peak': 252.1540670580526, 'pop_sig': 0.259861881310923, 'fuel_k': 1.3000163670636877, 'fuel_half': 0.1341706248829769}. Best is trial 121 with value: -0.6148958760349835.
[I 2026-08-19 14:42:33,051] Trial 309 finished with value: -0.5363885540002332 and parameters: {'k1': 0.05053026478089145, 'D_low': 13.019736278158195, 'k2': 2.5738547137432545e-05, 'D_high': 5034879.582796175, 'fire_exp': 1.420303005812504, 'P_half': 208.4094744155974, 'pre_dampen_half': 0.3542622383308965, 'gpp_af': 0.04723495620026414, 'gpp_b': 0.00022821075865864587, 'gpp_d': 3.23439386999098, 'ign_k': 3.370635072571619, 'ign_c': 14.468929636939038, 'trop_agb_crit': 17.31726808243524, 'trop_k_veg': 3.430071801330901, 'pop_amp': 0.0019826263117996836, 'pop_peak': 0.33625677887835553, 'pop_sig': 0.6358303661952198, 'fuel_k': 0.2430911270969061, 'fuel_half': 0.7218924040642712}. Best is trial 121 with value: -0.6148958760349835.
[I 2026-08-19 14:42:36,023] Trial 310 finished with value: -0.47892848700183066 and parameters: {'k1': 8.085668120965687e-05, 'D_low': 68.86996452166458, 'k2': 9.411787841673394e-05, 'D_high': 4350636.966389984, 'fire_exp': 2.2246550868248067, 'P_half': 1.2449644571683134, 'pre_dampen_half': 0.915779653511419, 'gpp_af': 35.06434483618778, 'gpp_b': 9.715307588590331e-05, 'gpp_d': 445.159842495642, 'ign_k': 0.02861336103025883, 'ign_c': 9.346784100192075, 'trop_agb_crit': 9.067180808581904, 'trop_k_veg': 3.0068616555773127, 'pop_amp': 0.23807409387438172, 'pop_peak': 11.762128414215455, 'pop_sig': 0.285152616632626, 'fuel_k': 1.8214836276141555, 'fuel_half': 1.4391102601786863}. Best is trial 121 with value: -0.6148958760349835.
[I 2026-08-19 14:42:38,941] Trial 311 finished with value: -0.3554625854118624 and parameters: {'k1': 0.0002705039666805389, 'D_low': 5.59442184421665, 'k2': 7.720518371984627e-05, 'D_high': 1049633.7779935906, 'fire_exp': 1.4484041285249822, 'P_half': 215.34330736231053, 'pre_dampen_half': 0.05115861363314982, 'gpp_af': 0.1123411107829389, 'gpp_b': 4.16147330943201e-05, 'gpp_d': 35.662782180008534, 'ign_k': 2.680087257766382, 'ign_c': 359.2954809659082, 'trop_agb_crit': 2.818852574873285, 'trop_k_veg': 2.8345096238945877, 'pop_amp': 3.4114358936650713, 'pop_peak': 32.634534905350435, 'pop_sig': 0.3083815572960425, 'fuel_k': 3.7672379470417963, 'fuel_half': 0.3632113157887154}. Best is trial 121 with value: -0.6148958760349835.
[I 2026-08-19 14:42:41,476] Trial 312 finished with value: -0.4853728539468344 and parameters: {'k1': 0.00020474831512849043, 'D_low': 6.295285382901808, 'k2': 0.0002506141479542262, 'D_high': 118546.15007401232, 'fire_exp': 2.5327409809595474, 'P_half': 183.97250316036963, 'pre_dampen_half': 1.787718820959061, 'gpp_af': 2.130926971784788, 'gpp_b': 2.8968520140309748e-05, 'gpp_d': 8.651999756343454, 'ign_k': 5.893873812772955, 'ign_c': 9.514601901083115, 'trop_agb_crit': 17.552301892920564, 'trop_k_veg': 4.2645189279645574, 'pop_amp': 0.5944754046526685, 'pop_peak': 0.4178816309817279, 'pop_sig': 0.2901057010762248, 'fuel_k': 0.25055943861727087, 'fuel_half': 0.12386620974804262}. Best is trial 121 with value: -0.6148958760349835.
  trial  313/2500  best_overall=0.6149  (18.6 min)
[I 2026-08-19 14:42:44,337] Trial 313 finished with value: -0.42554879023764924 and parameters: {'k1': 1.7062598190555924e-05, 'D_low': 56.32938104068152, 'k2': 1.0502414437438956e-05, 'D_high': 9262831.968336588, 'fire_exp': 1.495300605934836, 'P_half': 36.117509935051196, 'pre_dampen_half': 0.13117218775405667, 'gpp_af': 0.016246598080380373, 'gpp_b': 0.020608682433296593, 'gpp_d': 1.2801282677943813, 'ign_k': 1.8793728542423322, 'ign_c': 1.1505717615873368, 'trop_agb_crit': 4.979622630157064, 'trop_k_veg': 5.634221563867254, 'pop_amp': 0.0454060563813151, 'pop_peak': 149.8435596973182, 'pop_sig': 0.7610665539772624, 'fuel_k': 0.8948976281575741, 'fuel_half': 0.33388340914951176}. Best is trial 121 with value: -0.6148958760349835.
[I 2026-08-19 14:42:46,869] Trial 314 finished with value: -0.42818512383440066 and parameters: {'k1': 0.017017368401627715, 'D_low': 1501.1658904073, 'k2': 1.592681288135345e-05, 'D_high': 5735086.226700827, 'fire_exp': 1.8779040529931974, 'P_half': 1927.273598824819, 'pre_dampen_half': 0.24491896429811555, 'gpp_af': 0.0017957507550534443, 'gpp_b': 1.3385245789035338e-05, 'gpp_d': 13.910669700879014, 'ign_k': 2.329274640723337, 'ign_c': 11.580426855713158, 'trop_agb_crit': 9.916351971423962, 'trop_k_veg': 3.486217030538235, 'pop_amp': 0.07698763043451859, 'pop_peak': 0.47769331765067347, 'pop_sig': 1.5075900471259978, 'fuel_k': 0.021961745145012194, 'fuel_half': 0.48944772839237227}. Best is trial 121 with value: -0.6148958760349835.
[I 2026-08-19 14:42:49,400] Trial 315 finished with value: -0.58147784080423 and parameters: {'k1': 0.003218309432136975, 'D_low': 47.915209248816595, 'k2': 1.6886233784675088e-05, 'D_high': 1570527.3513010857, 'fire_exp': 1.5153464413378617, 'P_half': 100.33802272455704, 'pre_dampen_half': 0.09864242850071357, 'gpp_af': 0.04656619746294642, 'gpp_b': 0.00010735880537587982, 'gpp_d': 7.780279837700225, 'ign_k': 0.6139893413849777, 'ign_c': 14.328848407999281, 'trop_agb_crit': 8.731320610244818, 'trop_k_veg': 7.307816779638318, 'pop_amp': 0.028675597444892093, 'pop_peak': 0.133819981719574, 'pop_sig': 0.337781056631464, 'fuel_k': 1.7170694349115698, 'fuel_half': 0.11501399847899113}. Best is trial 121 with value: -0.6148958760349835.
[I 2026-08-19 14:42:51,971] Trial 316 finished with value: -0.5918639233697569 and parameters: {'k1': 0.00833169033656202, 'D_low': 2628.0680701430615, 'k2': 2.015925490642315e-05, 'D_high': 816755.9827757473, 'fire_exp': 2.0391857770696253, 'P_half': 85.72619354506018, 'pre_dampen_half': 23.873857852427065, 'gpp_af': 0.012269214155469967, 'gpp_b': 1.0864577980663079e-05, 'gpp_d': 2.1855628808736776, 'ign_k': 0.10254039369543783, 'ign_c': 4.232741597066734, 'trop_agb_crit': 29.095529919430778, 'trop_k_veg': 6.7509675468612125, 'pop_amp': 0.003814778506281879, 'pop_peak': 0.06793226132411599, 'pop_sig': 0.9395291142716207, 'fuel_k': 0.03483763707387508, 'fuel_half': 3.461745533819721}. Best is trial 121 with value: -0.6148958760349835.
[I 2026-08-19 14:42:54,974] Trial 317 finished with value: -0.39646126539238624 and parameters: {'k1': 0.014280895425034133, 'D_low': 2003.3515337611348, 'k2': 1.8305842075723023e-05, 'D_high': 29160.602431396797, 'fire_exp': 3.316267688475059, 'P_half': 79.16403949893939, 'pre_dampen_half': 44.40532557008204, 'gpp_af': 0.011995004414561758, 'gpp_b': 1.3053548295270763e-05, 'gpp_d': 166.01186644332898, 'ign_k': 0.11507671216280953, 'ign_c': 55.71402230934317, 'trop_agb_crit': 23.357833971785467, 'trop_k_veg': 6.196428720208976, 'pop_amp': 0.002855278196824484, 'pop_peak': 0.23100447568251353, 'pop_sig': 0.9343057305388395, 'fuel_k': 0.047501170314425085, 'fuel_half': 0.45664991005833083}. Best is trial 121 with value: -0.6148958760349835.
