[I 2026-08-06 02:18:51,982] Trial 405 finished with values: [10.385003381081688, 10.385003381081688] and parameters: {'k1': 0.0016129739560722712, 'D_low': 18.522006003174383, 'k2': 4.763991596630584e-05, 'D_high': 400.9149428326862, 'fire_exp': 1.010722707674549, 'P_half': 5.15399351160314, 'pre_dampen_half': 5.542030950268268, 'gpp_af': 22.766850248686247, 'gpp_b': 0.0004837646996135023, 'gpp_d': 39.827466658711515, 'ign_k': 0.04563289369649656, 'ign_c': 14.367095138664217}.
[I 2026-08-06 02:18:52,919] Trial 406 finished with values: [10.30295158023394, 10.30295158023394] and parameters: {'k1': 2.0937989739527727e-05, 'D_low': 43.03411264066069, 'k2': 1.4378290221680118e-05, 'D_high': 24939.838794891497, 'fire_exp': 1.1044852285094786, 'P_half': 39.03214299767183, 'pre_dampen_half': 1.4445251022763053, 'gpp_af': 0.028585493941961918, 'gpp_b': 3.228689523591491e-05, 'gpp_d': 5.878566318396007, 'ign_k': 0.03141110271934876, 'ign_c': 0.6235377135673155}.
[I 2026-08-06 02:18:53,807] Trial 407 finished with values: [10.346663102741658, 10.346663102741658] and parameters: {'k1': 0.014666151770108535, 'D_low': 1.2834648227562822, 'k2': 0.003967633935744858, 'D_high': 24939.838794891497, 'fire_exp': 1.2680134752324452, 'P_half': 187.6006822030065, 'pre_dampen_half': 3.3594011166738142, 'gpp_af': 13.560863064135962, 'gpp_b': 5.2308563179361105e-05, 'gpp_d': 300.3420512048734, 'ign_k': 0.030956657914928524, 'ign_c': 1.0939944910100017}.
[I 2026-08-06 02:18:54,758] Trial 408 finished with values: [10.76707505427474, 10.76707505427474] and parameters: {'k1': 0.08926311370835228, 'D_low': 18.522006003174383, 'k2': 3.5917714215176105e-05, 'D_high': 7828.534228218629, 'fire_exp': 3.1323893237815805, 'P_half': 608.3019192425825, 'pre_dampen_half': 14.689898077648792, 'gpp_af': 0.2343193755572473, 'gpp_b': 0.1676789742547917, 'gpp_d': 39.827466658711515, 'ign_k': 0.002109525908590576, 'ign_c': 14.367095138664217}.
[I 2026-08-06 02:18:55,692] Trial 409 finished with values: [10.472006450546266, 10.472006450546266] and parameters: {'k1': 3.252245757497282e-05, 'D_low': 9.330007965781027, 'k2': 4.763991596630584e-05, 'D_high': 267.3088310781672, 'fire_exp': 1.0473002272689056, 'P_half': 63.585411411994926, 'pre_dampen_half': 304.7488318185732, 'gpp_af': 22.766850248686247, 'gpp_b': 2.800940363375676e-05, 'gpp_d': 0.1261583527429052, 'ign_k': 3.7173717478250508, 'ign_c': 0.1457050032975653}.
[I 2026-08-06 02:18:56,610] Trial 410 finished with values: [10.078840038048149, 10.078840038048149] and parameters: {'k1': 0.025383218374507292, 'D_low': 1.54121727098019, 'k2': 4.763991596630584e-05, 'D_high': 31030.112026960956, 'fire_exp': 1.010722707674549, 'P_half': 39.03214299767183, 'pre_dampen_half': 3.3594011166738142, 'gpp_af': 22.766850248686247, 'gpp_b': 3.228689523591491e-05, 'gpp_d': 107.84642153666701, 'ign_k': 0.03141110271934876, 'ign_c': 47.268615251255675}.
[I 2026-08-06 02:18:57,528] Trial 411 finished with values: [10.71799066696959, 10.71799066696959] and parameters: {'k1': 0.0024398964530167717, 'D_low': 432.21095215763245, 'k2': 2.5461628161276896e-05, 'D_high': 411.0848435021235, 'fire_exp': 2.1589564941849333, 'P_half': 436.4516946807792, 'pre_dampen_half': 121.93011993958949, 'gpp_af': 0.5970408652384318, 'gpp_b': 0.010483435442445016, 'gpp_d': 5.878566318396007, 'ign_k': 0.002357279455676982, 'ign_c': 157.63098727399432}.
[I 2026-08-06 02:18:58,446] Trial 412 finished with values: [10.613476150957176, 10.613476150957176] and parameters: {'k1': 2.0937989739527727e-05, 'D_low': 7.068974950624602, 'k2': 0.0003607301614542842, 'D_high': 949.9072859745386, 'fire_exp': 1.2943117749495199, 'P_half': 39.03214299767183, 'pre_dampen_half': 1.4445251022763053, 'gpp_af': 0.028585493941961918, 'gpp_b': 2.800940363375676e-05, 'gpp_d': 26.07917317941345, 'ign_k': 0.0037322156377670697, 'ign_c': 0.6235377135673155}.
[I 2026-08-06 02:18:59,364] Trial 413 finished with values: [10.605659794442635, 10.605659794442635] and parameters: {'k1': 0.021368329072358756, 'D_low': 7.068974950624602, 'k2': 4.763991596630584e-05, 'D_high': 20.161527752598612, 'fire_exp': 1.010722707674549, 'P_half': 125.61043700013555, 'pre_dampen_half': 3.3594011166738142, 'gpp_af': 0.028585493941961918, 'gpp_b': 0.10123867001105968, 'gpp_d': 107.84642153666701, 'ign_k': 0.03141110271934876, 'ign_c': 2.92043384718141}.
[I 2026-08-06 02:19:00,298] Trial 414 finished with values: [10.658402971385884, 10.658402971385884] and parameters: {'k1': 2.0937989739527727e-05, 'D_low': 26.21130418912424, 'k2': 0.00014091459170104733, 'D_high': 24939.838794891497, 'fire_exp': 1.1044852285094786, 'P_half': 2539.9645554516837, 'pre_dampen_half': 1.4445251022763053, 'gpp_af': 0.29904230741455073, 'gpp_b': 0.0005995821881487623, 'gpp_d': 5.878566318396007, 'ign_k': 0.01474275315991467, 'ign_c': 8.362695993649677}.
[I 2026-08-06 02:19:01,249] Trial 415 finished with values: [10.68305684068071, 10.68305684068071] and parameters: {'k1': 0.025383218374507292, 'D_low': 9.330007965781027, 'k2': 0.0001870742013766025, 'D_high': 400.9149428326862, 'fire_exp': 1.0473002272689056, 'P_half': 664.2027816373393, 'pre_dampen_half': 14.689898077648792, 'gpp_af': 0.04339970334001348, 'gpp_b': 0.10123867001105968, 'gpp_d': 891.8036602897795, 'ign_k': 3.7173717478250508, 'ign_c': 23.422386257929038}.
[I 2026-08-06 02:19:02,162] Trial 416 finished with values: [10.768974217347907, 10.768974217347907] and parameters: {'k1': 0.025383218374507292, 'D_low': 18.522006003174383, 'k2': 4.763991596630584e-05, 'D_high': 6455.595882939566, 'fire_exp': 6.678531303406035, 'P_half': 608.3019192425825, 'pre_dampen_half': 14.689898077648792, 'gpp_af': 22.766850248686247, 'gpp_b': 1.5938003265859821, 'gpp_d': 368.30088529547436, 'ign_k': 3.7173717478250508, 'ign_c': 14.367095138664217}.
[I 2026-08-06 02:19:03,079] Trial 417 finished with values: [10.27964066730947, 10.27964066730947] and parameters: {'k1': 2.0937989739527727e-05, 'D_low': 51.9967392387832, 'k2': 4.763991596630584e-05, 'D_high': 1687.3495104568947, 'fire_exp': 1.1044852285094786, 'P_half': 958.8659498594012, 'pre_dampen_half': 111.37963167994629, 'gpp_af': 22.766850248686247, 'gpp_b': 0.6637926838138378, 'gpp_d': 300.3420512048734, 'ign_k': 0.031134168041628628, 'ign_c': 0.6235377135673155}.
[I 2026-08-06 02:19:03,989] Trial 418 finished with values: [10.056993571105991, 10.056993571105991] and parameters: {'k1': 2.0937989739527727e-05, 'D_low': 7.068974950624602, 'k2': 4.860905111373887e-05, 'D_high': 75773.14388518519, 'fire_exp': 1.1044852285094786, 'P_half': 63.585411411994926, 'pre_dampen_half': 1.4445251022763053, 'gpp_af': 0.028585493941961918, 'gpp_b': 2.800940363375676e-05, 'gpp_d': 5.878566318396007, 'ign_k': 0.01474275315991467, 'ign_c': 2.92043384718141}.
[I 2026-08-06 02:19:04,931] Trial 419 finished with values: [11.645708032878064, 11.645708032878064] and parameters: {'k1': 2.0937989739527727e-05, 'D_low': 26.21130418912424, 'k2': 0.00014091459170104733, 'D_high': 24939.838794891497, 'fire_exp': 1.0117229084672894, 'P_half': 403.3495283157659, 'pre_dampen_half': 59.66041614891413, 'gpp_af': 0.2343193755572473, 'gpp_b': 0.0005995821881487623, 'gpp_d': 0.13274681648778813, 'ign_k': 0.01474275315991467, 'ign_c': 0.11433485956638717}.
[I 2026-08-06 02:19:05,903] Trial 420 finished with values: [10.55594448798979, 10.55594448798979] and parameters: {'k1': 2.0937989739527727e-05, 'D_low': 51.9967392387832, 'k2': 0.006138509947844854, 'D_high': 246.17096698415128, 'fire_exp': 1.264103030891254, 'P_half': 2.157758652553991, 'pre_dampen_half': 2.292633983096564, 'gpp_af': 0.004339536161007625, 'gpp_b': 0.000832333943844274, 'gpp_d': 24.551654436784773, 'ign_k': 0.18170401889219123, 'ign_c': 0.6235377135673155}.
[I 2026-08-06 02:19:06,821] Trial 421 finished with values: [10.487954713157322, 10.487954713157322] and parameters: {'k1': 0.021368329072358756, 'D_low': 7.068974950624602, 'k2': 0.0499774937030317, 'D_high': 949.9072859745386, 'fire_exp': 1.1044852285094786, 'P_half': 39.03214299767183, 'pre_dampen_half': 1.4445251022763053, 'gpp_af': 0.028585493941961918, 'gpp_b': 0.024796579879439486, 'gpp_d': 5.878566318396007, 'ign_k': 0.0037322156377670697, 'ign_c': 0.6235377135673155}.
[I 2026-08-06 02:19:07,739] Trial 422 finished with values: [10.206875745560774, 10.206875745560774] and parameters: {'k1': 0.00011698039424426811, 'D_low': 18.522006003174383, 'k2': 3.5917714215176105e-05, 'D_high': 400.9149428326862, 'fire_exp': 1.010722707674549, 'P_half': 608.3019192425825, 'pre_dampen_half': 14.689898077648792, 'gpp_af': 22.766850248686247, 'gpp_b': 0.10123867001105968, 'gpp_d': 39.827466658711515, 'ign_k': 3.7173717478250508, 'ign_c': 14.367095138664217}.
[I 2026-08-06 02:19:08,676] Trial 423 finished with values: [10.007803646444588, 10.007803646444588] and parameters: {'k1': 2.0937989739527727e-05, 'D_low': 7.068974950624602, 'k2': 4.763991596630584e-05, 'D_high': 75773.14388518519, 'fire_exp': 1.1044852285094786, 'P_half': 63.585411411994926, 'pre_dampen_half': 247.25776073156666, 'gpp_af': 10.25616274847308, 'gpp_b': 3.228689523591491e-05, 'gpp_d': 5.878566318396007, 'ign_k': 0.13054148118849407, 'ign_c': 34.19108473554449}.
[I 2026-08-06 02:19:10,248] Trial 424 finished with values: [11.917625350714689, 11.917625350714689] and parameters: {'k1': 0.003381093273170853, 'D_low': 1.2299210465793122, 'k2': 0.0499774937030317, 'D_high': 24939.838794891497, 'fire_exp': 1.2680134752324452, 'P_half': 11.877073321543955, 'pre_dampen_half': 3.3594011166738142, 'gpp_af': 13.560863064135962, 'gpp_b': 5.2308563179361105e-05, 'gpp_d': 300.3420512048734, 'ign_k': 7.799059237255681, 'ign_c': 0.7724824966785973}.
[I 2026-08-06 02:19:11,169] Trial 425 finished with values: [10.621521172932765, 10.621521172932765] and parameters: {'k1': 0.003381093273170853, 'D_low': 968.2012086882471, 'k2': 4.763991596630584e-05, 'D_high': 400.9149428326862, 'fire_exp': 1.0473002272689056, 'P_half': 608.3019192425825, 'pre_dampen_half': 3.3594011166738142, 'gpp_af': 13.560863064135962, 'gpp_b': 0.10123867001105968, 'gpp_d': 39.827466658711515, 'ign_k': 3.7173717478250508, 'ign_c': 14.367095138664217}.
[I 2026-08-06 02:19:12,081] Trial 426 finished with values: [10.444592317306212, 10.444592317306212] and parameters: {'k1': 2.0937989739527727e-05, 'D_low': 7.068974950624602, 'k2': 4.763991596630584e-05, 'D_high': 75773.14388518519, 'fire_exp': 1.1044852285094786, 'P_half': 403.3495283157659, 'pre_dampen_half': 1.4445251022763053, 'gpp_af': 0.028585493941961918, 'gpp_b': 2.800940363375676e-05, 'gpp_d': 5.878566318396007, 'ign_k': 0.01474275315991467, 'ign_c': 34.19108473554449}.
[I 2026-08-06 02:19:13,057] Trial 427 finished with values: [10.127190234698281, 10.127190234698281] and parameters: {'k1': 0.025383218374507292, 'D_low': 1547.7616670938303, 'k2': 0.0043033566298259765, 'D_high': 75773.14388518519, 'fire_exp': 1.0473002272689056, 'P_half': 2525.3810447657925, 'pre_dampen_half': 703.6426675556048, 'gpp_af': 10.25616274847308, 'gpp_b': 3.228689523591491e-05, 'gpp_d': 5.878566318396007, 'ign_k': 0.13054148118849407, 'ign_c': 14.367095138664217}.
[I 2026-08-06 02:19:14,005] Trial 428 finished with values: [10.136881353400335, 10.136881353400335] and parameters: {'k1': 0.0016129739560722712, 'D_low': 1.2299210465793122, 'k2': 3.5917714215176105e-05, 'D_high': 29456.2056920274, 'fire_exp': 1.1044852285094786, 'P_half': 11.877073321543955, 'pre_dampen_half': 3.3594011166738142, 'gpp_af': 0.2343193755572473, 'gpp_b': 0.0004837646996135023, 'gpp_d': 0.6380717024176037, 'ign_k': 0.04563289369649656, 'ign_c': 0.7724824966785973}.
[I 2026-08-06 02:19:14,996] Trial 429 finished with values: [10.769230611858319, 10.769230611858319] and parameters: {'k1': 0.0002514786015817364, 'D_low': 51.9967392387832, 'k2': 3.5917714215176105e-05, 'D_high': 1687.3495104568947, 'fire_exp': 5.10931850633792, 'P_half': 958.8659498594012, 'pre_dampen_half': 14.689898077648792, 'gpp_af': 83.56239973758213, 'gpp_b': 0.6637926838138378, 'gpp_d': 4.25060659305504, 'ign_k': 2.2287087260110168, 'ign_c': 0.17036120617148395}.
[I 2026-08-06 02:19:15,939] Trial 430 finished with values: [-0.5292038821599455, 0.021800331261036976] and parameters: {'k1': 0.003381093273170853, 'D_low': 616.4329525571076, 'k2': 0.0004381141781653133, 'D_high': 24939.838794891497, 'fire_exp': 1.2680134752324452, 'P_half': 403.3495283157659, 'pre_dampen_half': 25.15960733455044, 'gpp_af': 11.234842109991876, 'gpp_b': 1.5938003265859821, 'gpp_d': 300.3420512048734, 'ign_k': 7.799059237255681, 'ign_c': 3.735862630812751}.
[I 2026-08-06 02:19:16,920] Trial 431 finished with values: [10.287898223335441, 10.287898223335441] and parameters: {'k1': 3.252245757497282e-05, 'D_low': 175.2878790340412, 'k2': 0.0022957398214549472, 'D_high': 3660.150802571655, 'fire_exp': 1.5201277403788451, 'P_half': 5.15399351160314, 'pre_dampen_half': 59.66041614891413, 'gpp_af': 0.2343193755572473, 'gpp_b': 0.1676789742547917, 'gpp_d': 5.878566318396007, 'ign_k': 0.04563289369649656, 'ign_c': 29.815734524531024}.
[I 2026-08-06 02:19:17,886] Trial 432 finished with values: [10.479376667232728, 10.479376667232728] and parameters: {'k1': 0.010253368317956682, 'D_low': 9.330007965781027, 'k2': 4.30943585950406e-05, 'D_high': 33379.746704222074, 'fire_exp': 1.0473002272689056, 'P_half': 664.2027816373393, 'pre_dampen_half': 14.689898077648792, 'gpp_af': 22.766850248686247, 'gpp_b': 0.10123867001105968, 'gpp_d': 368.30088529547436, 'ign_k': 3.7173717478250508, 'ign_c': 14.367095138664217}.
[I 2026-08-06 02:19:18,809] Trial 433 finished with values: [-0.5118494804952208, 0.049863781617599745] and parameters: {'k1': 0.0016129739560722712, 'D_low': 9.330007965781027, 'k2': 0.03071666851587867, 'D_high': 949.9072859745386, 'fire_exp': 1.1044852285094786, 'P_half': 11.877073321543955, 'pre_dampen_half': 3.3594011166738142, 'gpp_af': 0.04339970334001348, 'gpp_b': 2.800940363375676e-05, 'gpp_d': 4.982605027348069, 'ign_k': 0.01474275315991467, 'ign_c': 0.7724824966785973}.
[I 2026-08-06 02:19:19,702] Trial 434 finished with values: [-0.5488292696381022, 0.04037550838544368] and parameters: {'k1': 0.025383218374507292, 'D_low': 51.9967392387832, 'k2': 0.006138509947844854, 'D_high': 6455.595882939566, 'fire_exp': 1.010722707674549, 'P_half': 958.8659498594012, 'pre_dampen_half': 14.689898077648792, 'gpp_af': 0.004339536161007625, 'gpp_b': 0.000832333943844274, 'gpp_d': 300.3420512048734, 'ign_k': 0.031134168041628628, 'ign_c': 19.19168994439752}.
[I 2026-08-06 02:19:20,591] Trial 435 finished with values: [10.688061755689116, 10.688061755689116] and parameters: {'k1': 0.0026651167490553537, 'D_low': 1.0883991813938128, 'k2': 1.4378290221680118e-05, 'D_high': 75773.14388518519, 'fire_exp': 1.1044852285094786, 'P_half': 2.157758652553991, 'pre_dampen_half': 2.292633983096564, 'gpp_af': 0.0014003494178092962, 'gpp_b': 2.800940363375676e-05, 'gpp_d': 0.3924302839842014, 'ign_k': 0.01474275315991467, 'ign_c': 201.0328373440913}.
[I 2026-08-06 02:19:21,527] Trial 436 finished with values: [18.624528686277458, 18.624528686277458] and parameters: {'k1': 2.0937989739527727e-05, 'D_low': 3.2770228519285682, 'k2': 4.763991596630584e-05, 'D_high': 75773.14388518519, 'fire_exp': 1.010722707674549, 'P_half': 63.585411411994926, 'pre_dampen_half': 703.6426675556048, 'gpp_af': 10.25616274847308, 'gpp_b': 3.228689523591491e-05, 'gpp_d': 5.878566318396007, 'ign_k': 0.01474275315991467, 'ign_c': 0.6235377135673155}.
[I 2026-08-06 02:19:22,460] Trial 437 finished with values: [11.803672933723078, 11.803672933723078] and parameters: {'k1': 3.252245757497282e-05, 'D_low': 7.068974950624602, 'k2': 0.08894151386481904, 'D_high': 75773.14388518519, 'fire_exp': 1.1044852285094786, 'P_half': 1.3035590385085063, 'pre_dampen_half': 59.66041614891413, 'gpp_af': 0.2343193755572473, 'gpp_b': 0.1676789742547917, 'gpp_d': 5.878566318396007, 'ign_k': 0.04563289369649656, 'ign_c': 2.92043384718141}.
[I 2026-08-06 02:19:23,393] Trial 438 finished with values: [10.751337270565232, 10.751337270565232] and parameters: {'k1': 0.025383218374507292, 'D_low': 9.330007965781027, 'k2': 4.763991596630584e-05, 'D_high': 400.9149428326862, 'fire_exp': 1.0473002272689056, 'P_half': 664.2027816373393, 'pre_dampen_half': 14.689898077648792, 'gpp_af': 22.766850248686247, 'gpp_b': 1.5938003265859821, 'gpp_d': 0.47379914349407487, 'ign_k': 3.7173717478250508, 'ign_c': 14.367095138664217}.
[I 2026-08-06 02:19:24,294] Trial 439 finished with values: [10.507231271499334, 10.507231271499334] and parameters: {'k1': 0.0026651167490553537, 'D_low': 1.0883991813938128, 'k2': 0.08894151386481904, 'D_high': 4508.240502480678, 'fire_exp': 1.5201277403788451, 'P_half': 941.9612235978199, 'pre_dampen_half': 5.542030950268268, 'gpp_af': 2.8805537835688413, 'gpp_b': 4.361034464114157e-05, 'gpp_d': 5.878566318396007, 'ign_k': 0.04563289369649656, 'ign_c': 0.8891936446296247}.
[I 2026-08-06 02:19:25,195] Trial 440 finished with values: [10.265348217999168, 10.265348217999168] and parameters: {'k1': 0.0029707920514735983, 'D_low': 18.522006003174383, 'k2': 4.763991596630584e-05, 'D_high': 400.9149428326862, 'fire_exp': 1.0473002272689056, 'P_half': 4.395816797119711, 'pre_dampen_half': 1.4445251022763053, 'gpp_af': 12.298017893269162, 'gpp_b': 0.10123867001105968, 'gpp_d': 39.827466658711515, 'ign_k': 0.01474275315991467, 'ign_c': 3.0378658251922155}.
[I 2026-08-06 02:19:26,095] Trial 441 finished with values: [13.668985883873399, 13.668985883873399] and parameters: {'k1': 0.0026651167490553537, 'D_low': 523.1053126909052, 'k2': 0.003967633935744858, 'D_high': 24939.838794891497, 'fire_exp': 1.0117229084672894, 'P_half': 11.877073321543955, 'pre_dampen_half': 5.542030950268268, 'gpp_af': 13.560863064135962, 'gpp_b': 4.361034464114157e-05, 'gpp_d': 300.3420512048734, 'ign_k': 0.7058572590901792, 'ign_c': 0.8891936446296247}.
[I 2026-08-06 02:19:27,076] Trial 442 finished with values: [-0.5140557295145489, 0.03978948415156203] and parameters: {'k1': 0.021368329072358756, 'D_low': 7.068974950624602, 'k2': 0.021307706784814803, 'D_high': 75773.14388518519, 'fire_exp': 1.1044852285094786, 'P_half': 125.61043700013555, 'pre_dampen_half': 1.4445251022763053, 'gpp_af': 0.028585493941961918, 'gpp_b': 2.7719116797094715e-05, 'gpp_d': 5.878566318396007, 'ign_k': 0.01474275315991467, 'ign_c': 0.6235377135673155}.
[I 2026-08-06 02:19:28,105] Trial 443 finished with values: [10.235927854696573, 10.235927854696573] and parameters: {'k1': 0.0002656971546588439, 'D_low': 7.068974950624602, 'k2': 1.4378290221680118e-05, 'D_high': 75773.14388518519, 'fire_exp': 1.264103030891254, 'P_half': 2.157758652553991, 'pre_dampen_half': 2.292633983096564, 'gpp_af': 0.004339536161007625, 'gpp_b': 2.800940363375676e-05, 'gpp_d': 0.3924302839842014, 'ign_k': 0.031134168041628628, 'ign_c': 2.92043384718141}.
[I 2026-08-06 02:19:29,021] Trial 444 finished with values: [10.102135691513084, 10.102135691513084] and parameters: {'k1': 0.021368329072358756, 'D_low': 7.068974950624602, 'k2': 4.860905111373887e-05, 'D_high': 75773.14388518519, 'fire_exp': 1.1044852285094786, 'P_half': 125.61043700013555, 'pre_dampen_half': 1.4445251022763053, 'gpp_af': 0.028585493941961918, 'gpp_b': 2.800940363375676e-05, 'gpp_d': 368.30088529547436, 'ign_k': 0.10712009151798696, 'ign_c': 2.92043384718141}.
[I 2026-08-06 02:19:30,066] Trial 445 finished with values: [10.433312858253446, 10.433312858253446] and parameters: {'k1': 2.0937989739527727e-05, 'D_low': 7.068974950624602, 'k2': 4.860905111373887e-05, 'D_high': 10.605801312906209, 'fire_exp': 1.1044852285094786, 'P_half': 63.585411411994926, 'pre_dampen_half': 1.4445251022763053, 'gpp_af': 0.028585493941961918, 'gpp_b': 2.800940363375676e-05, 'gpp_d': 5.878566318396007, 'ign_k': 0.01474275315991467, 'ign_c': 0.6235377135673155}.
[I 2026-08-06 02:19:30,987] Trial 446 finished with values: [10.521504792215188, 10.521504792215188] and parameters: {'k1': 0.0004846497679219079, 'D_low': 334.62201030483817, 'k2': 0.0022957398214549472, 'D_high': 3660.150802571655, 'fire_exp': 1.9365919987098117, 'P_half': 63.585411411994926, 'pre_dampen_half': 5.542030950268268, 'gpp_af': 0.2343193755572473, 'gpp_b': 2.800940363375676e-05, 'gpp_d': 368.30088529547436, 'ign_k': 0.01474275315991467, 'ign_c': 0.1457050032975653}.
[I 2026-08-06 02:19:31,916] Trial 447 finished with values: [15.712120837912568, 15.712120837912568] and parameters: {'k1': 0.0026651167490553537, 'D_low': 1.0883991813938128, 'k2': 0.002935672965826306, 'D_high': 75773.14388518519, 'fire_exp': 1.1044852285094786, 'P_half': 4.397766894483963, 'pre_dampen_half': 805.2502904451399, 'gpp_af': 2.8805537835688413, 'gpp_b': 2.800940363375676e-05, 'gpp_d': 0.02375138331725693, 'ign_k': 0.7058572590901792, 'ign_c': 0.6235377135673155}.
[I 2026-08-06 02:19:32,867] Trial 448 finished with values: [10.419625785186204, 10.419625785186204] and parameters: {'k1': 0.025383218374507292, 'D_low': 7.068974950624602, 'k2': 4.860905111373887e-05, 'D_high': 400.9149428326862, 'fire_exp': 1.1044852285094786, 'P_half': 336.708521740818, 'pre_dampen_half': 14.689898077648792, 'gpp_af': 0.028585493941961918, 'gpp_b': 2.800940363375676e-05, 'gpp_d': 368.30088529547436, 'ign_k': 0.01474275315991467, 'ign_c': 14.367095138664217}.
[I 2026-08-06 02:19:33,862] Trial 449 finished with values: [10.710491527476185, 10.710491527476185] and parameters: {'k1': 2.0937989739527727e-05, 'D_low': 125.32726386250698, 'k2': 0.08894151386481904, 'D_high': 322.951013956506, 'fire_exp': 1.5201277403788451, 'P_half': 63.585411411994926, 'pre_dampen_half': 703.6426675556048, 'gpp_af': 10.25616274847308, 'gpp_b': 0.1676789742547917, 'gpp_d': 0.19476644406315288, 'ign_k': 0.0048255892187380085, 'ign_c': 0.6235377135673155}.
