[I 2026-07-24 02:21:45,078] Trial 849 finished with value: 0.6084047950527394 and parameters: {'k1': 0.0016730085477862362, 'D_low': 347.48797348098486, 'k2': 0.0003270585000376555, 'D_high': 2061695.1426731534, 'fire_exp': 7.432190355841366, 'P_half': 210.76447239942107, 'pre_dampen_half': 126.90655135652402, 'gpp_af': 0.005135259473022985, 'gpp_b': 6.70758275231278e-05, 'gpp_d': 65.85581393361086, 'ign_k': 0.10631717081173307, 'ign_c': 32.53714547089955, 'trop_agb_crit': 9.369202263317762, 'trop_k_veg': 1.2685857351702374, 'fuel_k': 0.15069742835621358, 'fuel_half': 0.17652336950681602}. Best is trial 0 with value: -0.6070628323553574.
[I 2026-07-24 02:21:45,490] Trial 850 finished with value: 0.5005011823027306 and parameters: {'k1': 0.0018206076901461023, 'D_low': 6.284382688561683, 'k2': 1.668868825546095e-05, 'D_high': 435282.4751643156, 'fire_exp': 1.4818856351391194, 'P_half': 1.0428130102616318, 'pre_dampen_half': 3.8883840235571574, 'gpp_af': 0.8759223562176276, 'gpp_b': 2.0932480845229172e-05, 'gpp_d': 81.90862101184534, 'ign_k': 2.6549946720581756, 'ign_c': 0.23991015454449027, 'trop_agb_crit': 26.586542821046223, 'trop_k_veg': 3.2231880878754997, 'fuel_k': 1.5727055961715843, 'fuel_half': 0.21951948631870966}. Best is trial 0 with value: -0.6070628323553574.
[I 2026-07-24 02:21:45,904] Trial 851 finished with value: 0.5449918520020358 and parameters: {'k1': 0.004235570614078407, 'D_low': 12423.793736985535, 'k2': 5.612090171287161e-05, 'D_high': 11595.415263159437, 'fire_exp': 1.5810511007487833, 'P_half': 165.67609302838164, 'pre_dampen_half': 11.374804599347375, 'gpp_af': 0.4002792067197922, 'gpp_b': 0.0007273347466322966, 'gpp_d': 64.63433083787565, 'ign_k': 0.188708472452172, 'ign_c': 0.11546453588075242, 'trop_agb_crit': 9.105639437640138, 'trop_k_veg': 2.6486906642701338, 'fuel_k': 4.228383968154293, 'fuel_half': 0.14093493332481338}. Best is trial 0 with value: -0.6070628323553574.
[I 2026-07-24 02:21:46,317] Trial 852 finished with value: 0.505031953193092 and parameters: {'k1': 0.05780979642735254, 'D_low': 70.46334649091358, 'k2': 1.2537157588315809e-05, 'D_high': 115736.47344544019, 'fire_exp': 1.3529243677108147, 'P_half': 10.714137515401806, 'pre_dampen_half': 0.06751444910543386, 'gpp_af': 0.27561249855784875, 'gpp_b': 0.00015583829222256236, 'gpp_d': 236.88122354456414, 'ign_k': 0.006681823462694952, 'ign_c': 8.772525324862459, 'trop_agb_crit': 1.7668259347122235, 'trop_k_veg': 1.2428436335088842, 'fuel_k': 5.33139816198275, 'fuel_half': 0.2417554996970064}. Best is trial 0 with value: -0.6070628323553574.
[I 2026-07-24 02:21:46,732] Trial 853 finished with value: 0.5154435448067957 and parameters: {'k1': 0.003091473774188313, 'D_low': 52.614705163644246, 'k2': 1.3820849050534062e-05, 'D_high': 92033.73365499216, 'fire_exp': 1.4568374755657834, 'P_half': 1.2185396041731298, 'pre_dampen_half': 0.026199645479711445, 'gpp_af': 4.262632363752915, 'gpp_b': 0.031717432036168725, 'gpp_d': 54.57023784020466, 'ign_k': 9.32251766755528, 'ign_c': 2.8259792608635035, 'trop_agb_crit': 3.405076760749007, 'trop_k_veg': 2.7529764455691166, 'fuel_k': 2.4481080023705073, 'fuel_half': 0.3874069513042645}. Best is trial 0 with value: -0.6070628323553574.
[I 2026-07-24 02:21:47,148] Trial 854 finished with value: 0.5888958769110325 and parameters: {'k1': 0.0028205347857786145, 'D_low': 12758.903476192412, 'k2': 2.809286880451037e-05, 'D_high': 19354.797955530637, 'fire_exp': 1.4278955629682197, 'P_half': 15.205414781473175, 'pre_dampen_half': 0.2638299162761235, 'gpp_af': 1.5617116545617327, 'gpp_b': 0.006820269196993822, 'gpp_d': 464.4471579765147, 'ign_k': 1.791794886636461, 'ign_c': 1.8597571185626487, 'trop_agb_crit': 14.113939949576094, 'trop_k_veg': 3.196030729127755, 'fuel_k': 0.38025851953532325, 'fuel_half': 0.15780367380990257}. Best is trial 0 with value: -0.6070628323553574.
[I 2026-07-24 02:21:47,561] Trial 855 finished with value: 0.5557956933997693 and parameters: {'k1': 0.0010330105757473413, 'D_low': 3.7060951132634417, 'k2': 0.0001496986401147473, 'D_high': 9754535.834588518, 'fire_exp': 2.355634859745089, 'P_half': 1.709326607664385, 'pre_dampen_half': 0.028212981333798053, 'gpp_af': 1.677299841132706, 'gpp_b': 0.00029699840239609494, 'gpp_d': 3.9860752838235727, 'ign_k': 0.06828579442634548, 'ign_c': 19.9622666810894, 'trop_agb_crit': 17.844632338842437, 'trop_k_veg': 3.4671080283369755, 'fuel_k': 2.9592807561734564, 'fuel_half': 0.14177967897532331}. Best is trial 0 with value: -0.6070628323553574.
[I 2026-07-24 02:21:47,975] Trial 856 finished with value: 0.459039297792992 and parameters: {'k1': 0.021220759862215728, 'D_low': 98.71842300506043, 'k2': 0.004468241836530163, 'D_high': 1659728.7999567287, 'fire_exp': 4.29097287626607, 'P_half': 131.99119539327708, 'pre_dampen_half': 2.1173751470965336, 'gpp_af': 0.005127771298715447, 'gpp_b': 2.5776419592757016e-05, 'gpp_d': 104.89535486729586, 'ign_k': 2.172136565993653, 'ign_c': 18.618132589282677, 'trop_agb_crit': 13.191360555710336, 'trop_k_veg': 2.307208782464322, 'fuel_k': 0.8552922036941918, 'fuel_half': 0.12324051329017081}. Best is trial 0 with value: -0.6070628323553574.
[I 2026-07-24 02:21:48,388] Trial 857 finished with value: 0.5563354424937901 and parameters: {'k1': 0.00100011508171084, 'D_low': 46.86457883070937, 'k2': 3.3368847746161494e-05, 'D_high': 27320.181921363146, 'fire_exp': 1.0805970821615183, 'P_half': 48.76666239714176, 'pre_dampen_half': 0.014612488672923512, 'gpp_af': 1.12999198058355, 'gpp_b': 0.0003361371609574885, 'gpp_d': 530.483860947306, 'ign_k': 0.8025314808967896, 'ign_c': 14.95260238455316, 'trop_agb_crit': 1.3764998355204117, 'trop_k_veg': 2.02810673728899, 'fuel_k': 1.854758333095471, 'fuel_half': 1.4101600556487628}. Best is trial 0 with value: -0.6070628323553574.
[I 2026-07-24 02:21:48,804] Trial 858 finished with value: -0.5243205693145867 and parameters: {'k1': 0.0011001927839733611, 'D_low': 9451.03059096355, 'k2': 0.0006516183276260193, 'D_high': 3920264.696383571, 'fire_exp': 1.184824416214671, 'P_half': 1.3547120364751595, 'pre_dampen_half': 2.3956721564298107, 'gpp_af': 7.087195221362146, 'gpp_b': 0.0002473708996615601, 'gpp_d': 4.553309810487712, 'ign_k': 0.05486133236532982, 'ign_c': 10.309864218262101, 'trop_agb_crit': 7.692417384647734, 'trop_k_veg': 1.6012523739166982, 'fuel_k': 1.259370778609094, 'fuel_half': 1.8284476678742276}. Best is trial 0 with value: -0.6070628323553574.
[I 2026-07-24 02:21:49,215] Trial 859 finished with value: 0.49694233871053695 and parameters: {'k1': 0.00026163427045261425, 'D_low': 2.1010020214471203, 'k2': 3.15164971252721e-05, 'D_high': 427438.05049969384, 'fire_exp': 1.039173224190655, 'P_half': 18.412864330630597, 'pre_dampen_half': 0.08172951864213585, 'gpp_af': 85.79705191748528, 'gpp_b': 0.6369339935113083, 'gpp_d': 91.73155308220187, 'ign_k': 0.029180865567819597, 'ign_c': 0.8359985345295141, 'trop_agb_crit': 1.1077772139160191, 'trop_k_veg': 7.545789916374485, 'fuel_k': 2.058331292310268, 'fuel_half': 0.16282595449674944}. Best is trial 0 with value: -0.6070628323553574.
[I 2026-07-24 02:21:49,630] Trial 860 finished with value: 0.4088009780380696 and parameters: {'k1': 0.0016004787788046109, 'D_low': 7.868651628005084, 'k2': 0.013987889003973115, 'D_high': 789342.7097667126, 'fire_exp': 7.862570046298092, 'P_half': 30.370340536940898, 'pre_dampen_half': 31.52141805111161, 'gpp_af': 0.2886608413681993, 'gpp_b': 3.23427212711097e-05, 'gpp_d': 844.4107480983919, 'ign_k': 0.567735188769464, 'ign_c': 0.3120428372157432, 'trop_agb_crit': 22.89571689113282, 'trop_k_veg': 1.1279396442204594, 'fuel_k': 0.26521737343033686, 'fuel_half': 2.3687674334058313}. Best is trial 0 with value: -0.6070628323553574.
[I 2026-07-24 02:21:50,045] Trial 861 finished with value: 0.500802283250767 and parameters: {'k1': 0.00017761528242714927, 'D_low': 717.319854905724, 'k2': 3.5075212112832546e-05, 'D_high': 9308283.744736172, 'fire_exp': 1.136565330565, 'P_half': 9.57551428535244, 'pre_dampen_half': 0.07496076467493738, 'gpp_af': 3.268005133205621, 'gpp_b': 0.984782695480353, 'gpp_d': 98.97247509215528, 'ign_k': 0.7242552798908991, 'ign_c': 1.8413714029973347, 'trop_agb_crit': 5.413969382522496, 'trop_k_veg': 5.550111062710377, 'fuel_k': 1.5993562742911618, 'fuel_half': 0.80925218749488}. Best is trial 0 with value: -0.6070628323553574.
[I 2026-07-24 02:21:50,457] Trial 862 finished with value: -0.5046209791994027 and parameters: {'k1': 0.0019551140641815546, 'D_low': 118.60005281601964, 'k2': 3.022105364731024e-05, 'D_high': 33114.16778301359, 'fire_exp': 1.4648511007778862, 'P_half': 269.689153602938, 'pre_dampen_half': 12.752614666508638, 'gpp_af': 0.01432982384328062, 'gpp_b': 0.002063075815908026, 'gpp_d': 242.40719386746068, 'ign_k': 1.1565666766698743, 'ign_c': 1.670364002743219, 'trop_agb_crit': 16.21071397493884, 'trop_k_veg': 1.7366520068264792, 'fuel_k': 0.2739925646370502, 'fuel_half': 0.37013867261716366}. Best is trial 0 with value: -0.6070628323553574.
[I 2026-07-24 02:21:50,873] Trial 863 finished with value: 0.5453033418639865 and parameters: {'k1': 0.06983858151345597, 'D_low': 33.566598651541305, 'k2': 1.6210495294449957e-05, 'D_high': 28314.392023529836, 'fire_exp': 1.363449492782082, 'P_half': 51.444475471310035, 'pre_dampen_half': 0.5835174761996176, 'gpp_af': 0.021530224383501457, 'gpp_b': 0.00016565994222025198, 'gpp_d': 363.8479859919749, 'ign_k': 0.03837091213172361, 'ign_c': 7.388953410678219, 'trop_agb_crit': 1.5108408521864205, 'trop_k_veg': 2.6735940007721655, 'fuel_k': 2.0300644007784556, 'fuel_half': 0.6759780616986174}. Best is trial 0 with value: -0.6070628323553574.
[I 2026-07-24 02:21:51,293] Trial 864 finished with value: 0.45415777675285507 and parameters: {'k1': 0.00023944515278212546, 'D_low': 198.9983708609718, 'k2': 0.04501139717886318, 'D_high': 2479754.5846684375, 'fire_exp': 2.3349417569450726, 'P_half': 5.418069537311281, 'pre_dampen_half': 0.14053210294186128, 'gpp_af': 10.962460466565506, 'gpp_b': 0.0022702284496608754, 'gpp_d': 245.62845643270725, 'ign_k': 0.12566731258984287, 'ign_c': 13.023162899871064, 'trop_agb_crit': 6.9678947181896405, 'trop_k_veg': 7.0671516926498725, 'fuel_k': 4.678538323157864, 'fuel_half': 0.3943656174469955}. Best is trial 0 with value: -0.6070628323553574.
[I 2026-07-24 02:21:51,710] Trial 865 finished with value: 0.5471070196414944 and parameters: {'k1': 0.00033107167589215686, 'D_low': 9184.967011009083, 'k2': 0.00011605672309407008, 'D_high': 63203.449642337524, 'fire_exp': 1.0143743925766817, 'P_half': 7.823059696665323, 'pre_dampen_half': 0.3863116331499531, 'gpp_af': 0.0013334971035399359, 'gpp_b': 0.0012351356016058533, 'gpp_d': 866.7438160878063, 'ign_k': 0.10220873883205628, 'ign_c': 0.28944729229502286, 'trop_agb_crit': 17.217534088311115, 'trop_k_veg': 5.435180699943406, 'fuel_k': 0.890080308988176, 'fuel_half': 0.10296554701718241}. Best is trial 0 with value: -0.6070628323553574.
[I 2026-07-24 02:21:52,130] Trial 866 finished with value: 0.5288312925509341 and parameters: {'k1': 0.0019873069627400768, 'D_low': 156.08400570743098, 'k2': 0.059822062353817346, 'D_high': 943737.0905821797, 'fire_exp': 3.210531070358047, 'P_half': 15.404313417611865, 'pre_dampen_half': 0.12323684946257893, 'gpp_af': 0.33456064964478394, 'gpp_b': 0.0015854948794716036, 'gpp_d': 4.017751722313909, 'ign_k': 0.732844685893408, 'ign_c': 14.416248602232313, 'trop_agb_crit': 10.086701087307228, 'trop_k_veg': 0.7829537837726429, 'fuel_k': 0.41730561974509783, 'fuel_half': 1.56501964444825}. Best is trial 0 with value: -0.6070628323553574.
[I 2026-07-24 02:21:52,548] Trial 867 finished with value: 0.4672964307727818 and parameters: {'k1': 0.0007988035047654552, 'D_low': 329.8927988530843, 'k2': 0.0035641985595197072, 'D_high': 7125054.135705176, 'fire_exp': 2.0613480029185998, 'P_half': 1.3818050070594012, 'pre_dampen_half': 0.2743638732108046, 'gpp_af': 17.50505672102054, 'gpp_b': 0.0015156817706991031, 'gpp_d': 556.8500019267871, 'ign_k': 0.32347524399216726, 'ign_c': 0.4803329864142141, 'trop_agb_crit': 3.9338367578583657, 'trop_k_veg': 0.8996483842325673, 'fuel_k': 5.782091113948099, 'fuel_half': 0.16973538444262898}. Best is trial 0 with value: -0.6070628323553574.
[I 2026-07-24 02:21:52,964] Trial 868 finished with value: -0.5274563110251707 and parameters: {'k1': 8.034980046930575e-05, 'D_low': 1021.5957200290582, 'k2': 0.00012464509494786776, 'D_high': 9083783.334746761, 'fire_exp': 1.493433514365699, 'P_half': 60.197526129225, 'pre_dampen_half': 7.918010583629048, 'gpp_af': 0.10412724140796635, 'gpp_b': 0.050284932477779064, 'gpp_d': 126.51969186004291, 'ign_k': 1.7829141693600488, 'ign_c': 0.3633298221580814, 'trop_agb_crit': 16.876609315144563, 'trop_k_veg': 2.155853771558826, 'fuel_k': 0.24890321328057488, 'fuel_half': 0.1650799813487836}. Best is trial 0 with value: -0.6070628323553574.
[I 2026-07-24 02:21:53,377] Trial 869 finished with value: 0.5519804741017256 and parameters: {'k1': 0.008587333220708608, 'D_low': 11.708086772611288, 'k2': 1.233656998608344e-05, 'D_high': 200031.5610595638, 'fire_exp': 1.1480053275525224, 'P_half': 1.0193743892378142, 'pre_dampen_half': 0.816690401840243, 'gpp_af': 2.932704820741583, 'gpp_b': 0.33497231448335446, 'gpp_d': 1.0241083152683892, 'ign_k': 1.174656404866003, 'ign_c': 8.796574424619203, 'trop_agb_crit': 3.4089084395765252, 'trop_k_veg': 1.7996629467184835, 'fuel_k': 0.5675199439750496, 'fuel_half': 0.13089285026327482}. Best is trial 0 with value: -0.6070628323553574.
[I 2026-07-24 02:21:53,803] Trial 870 finished with value: 0.4853102091213487 and parameters: {'k1': 0.0028581454559719497, 'D_low': 1.1873009580688896, 'k2': 1.9448067308838405e-05, 'D_high': 1114987.6689484338, 'fire_exp': 8.026910943630982, 'P_half': 17.803238230893353, 'pre_dampen_half': 445.34183654867905, 'gpp_af': 0.02246454141020706, 'gpp_b': 2.9507658463998405e-05, 'gpp_d': 804.3612489343523, 'ign_k': 0.43384019448753447, 'ign_c': 0.13520539047779162, 'trop_agb_crit': 17.17566783356393, 'trop_k_veg': 1.3295453782332864, 'fuel_k': 1.0570096380214553, 'fuel_half': 1.4668151404635172}. Best is trial 0 with value: -0.6070628323553574.
[I 2026-07-24 02:21:54,219] Trial 871 finished with value: 0.5754852241718421 and parameters: {'k1': 0.006025148449393244, 'D_low': 94.47574200793883, 'k2': 0.0005692825502464251, 'D_high': 4817241.242839986, 'fire_exp': 9.219047809693942, 'P_half': 279.8795267806775, 'pre_dampen_half': 0.8775044810440461, 'gpp_af': 0.07815482334962677, 'gpp_b': 7.751105884110775e-05, 'gpp_d': 73.12953691716788, 'ign_k': 0.7165907413727611, 'ign_c': 1.7748505624349336, 'trop_agb_crit': 12.647680452977422, 'trop_k_veg': 1.4853880748036443, 'fuel_k': 1.1395258271677637, 'fuel_half': 0.7403850481103559}. Best is trial 0 with value: -0.6070628323553574.
[I 2026-07-24 02:21:54,634] Trial 872 finished with value: 0.5629827795732941 and parameters: {'k1': 0.005398458559287264, 'D_low': 7836.795968663229, 'k2': 1.8575292445715428e-05, 'D_high': 3101889.9369121697, 'fire_exp': 1.4264528331914281, 'P_half': 4.5156271493410935, 'pre_dampen_half': 0.046196942865011206, 'gpp_af': 2.4804859799224452, 'gpp_b': 0.2861841104612621, 'gpp_d': 3.8094929964412114, 'ign_k': 1.1563940285873255, 'ign_c': 0.1113130355575056, 'trop_agb_crit': 2.0941853585335295, 'trop_k_veg': 1.878272226485795, 'fuel_k': 0.5651028694878069, 'fuel_half': 0.1870459040029183}. Best is trial 0 with value: -0.6070628323553574.
[I 2026-07-24 02:21:55,047] Trial 873 finished with value: 0.454783857456141 and parameters: {'k1': 0.0010826153896224995, 'D_low': 63.88088142746794, 'k2': 0.00020782376341931362, 'D_high': 34216.92489392679, 'fire_exp': 1.1318738153956218, 'P_half': 78.16484289222375, 'pre_dampen_half': 3.3971336684994884, 'gpp_af': 0.09463241609147592, 'gpp_b': 0.057859644087118335, 'gpp_d': 21.86269824755099, 'ign_k': 2.0605541780311394, 'ign_c': 1.6043367885440187, 'trop_agb_crit': 26.337823516728392, 'trop_k_veg': 2.6005968155686325, 'fuel_k': 1.3036033090485493, 'fuel_half': 0.2647945420305593}. Best is trial 0 with value: -0.6070628323553574.
[I 2026-07-24 02:21:55,463] Trial 874 finished with value: 0.45264870355608444 and parameters: {'k1': 0.0004015032113023865, 'D_low': 1.8605784353635124, 'k2': 0.007406707612000217, 'D_high': 188701.53788174273, 'fire_exp': 4.277731580398249, 'P_half': 19.65955289337689, 'pre_dampen_half': 10.213179662442473, 'gpp_af': 0.28898455900142056, 'gpp_b': 0.0001845793816889486, 'gpp_d': 85.87954278009033, 'ign_k': 0.613703166024242, 'ign_c': 7.674121440613945, 'trop_agb_crit': 1.7051501701726492, 'trop_k_veg': 0.7067684173741824, 'fuel_k': 3.866811831011391, 'fuel_half': 0.13889068224094084}. Best is trial 0 with value: -0.6070628323553574.
[I 2026-07-24 02:21:55,876] Trial 875 finished with value: 0.4328958693888125 and parameters: {'k1': 0.00099137226785613, 'D_low': 16.220135789615295, 'k2': 5.02691340540366e-05, 'D_high': 667341.5624398461, 'fire_exp': 1.1810650829218183, 'P_half': 9.72531512237599, 'pre_dampen_half': 0.03970041653615885, 'gpp_af': 4.575623176322206, 'gpp_b': 0.036701499056297715, 'gpp_d': 820.3450365347019, 'ign_k': 1.5188263736415735, 'ign_c': 1.8038552554450444, 'trop_agb_crit': 11.100837959485819, 'trop_k_veg': 5.154761835210231, 'fuel_k': 2.0603427229841533, 'fuel_half': 0.4134915277562568}. Best is trial 0 with value: -0.6070628323553574.
[I 2026-07-24 02:21:56,292] Trial 876 finished with value: 0.5747742772633802 and parameters: {'k1': 0.00026542121724566173, 'D_low': 121.51967232703466, 'k2': 0.0028012344788627083, 'D_high': 733569.8045123147, 'fire_exp': 3.660423146614344, 'P_half': 2.5714157778229003, 'pre_dampen_half': 1.1676511124617508, 'gpp_af': 87.88434371350345, 'gpp_b': 0.06744887637915095, 'gpp_d': 7.267953819127156, 'ign_k': 0.5635258572476074, 'ign_c': 11.845630620052026, 'trop_agb_crit': 2.6587831298789464, 'trop_k_veg': 1.2602932194302408, 'fuel_k': 1.5774893507521308, 'fuel_half': 3.3304217197958343}. Best is trial 0 with value: -0.6070628323553574.
[I 2026-07-24 02:21:56,704] Trial 877 finished with value: 0.5417795997638237 and parameters: {'k1': 0.0006318051459524461, 'D_low': 640.8372304864612, 'k2': 8.291712068833168e-05, 'D_high': 356103.9562916791, 'fire_exp': 1.0051910929634045, 'P_half': 7.287097343788447, 'pre_dampen_half': 0.7188760487891382, 'gpp_af': 0.10635398597432942, 'gpp_b': 0.27961028267527405, 'gpp_d': 472.177654888045, 'ign_k': 0.11384357148840073, 'ign_c': 0.1597128623933653, 'trop_agb_crit': 18.732041692673494, 'trop_k_veg': 1.6589023003410892, 'fuel_k': 0.6932314394163988, 'fuel_half': 0.28036736459007283}. Best is trial 0 with value: -0.6070628323553574.
[I 2026-07-24 02:21:57,118] Trial 878 finished with value: 0.5470828541703594 and parameters: {'k1': 6.914739483314198e-05, 'D_low': 2.4595889580724757, 'k2': 0.0014182752072979096, 'D_high': 282271.1869455346, 'fire_exp': 4.246880101328743, 'P_half': 8.930454395020577, 'pre_dampen_half': 0.16788956092691196, 'gpp_af': 0.003002612097555907, 'gpp_b': 1.2027266036230409e-05, 'gpp_d': 0.5871293433583913, 'ign_k': 1.3868970439077157, 'ign_c': 11.181111764604953, 'trop_agb_crit': 13.917517584760432, 'trop_k_veg': 1.2975319154309437, 'fuel_k': 0.9511467227360034, 'fuel_half': 0.430184228965683}. Best is trial 0 with value: -0.6070628323553574.
[I 2026-07-24 02:21:57,535] Trial 879 finished with value: -0.5818109446855666 and parameters: {'k1': 0.011514066339159178, 'D_low': 3572.201224035062, 'k2': 0.0022035868902562845, 'D_high': 3422696.4119815445, 'fire_exp': 1.5763007605397417, 'P_half': 1.1843025440585713, 'pre_dampen_half': 0.946455432569781, 'gpp_af': 1.2880826010240845, 'gpp_b': 0.00297705601470977, 'gpp_d': 208.22810263491016, 'ign_k': 1.0425387304517517, 'ign_c': 0.15051810214742956, 'trop_agb_crit': 22.317604143797286, 'trop_k_veg': 1.7997605904384453, 'fuel_k': 0.3186635522612055, 'fuel_half': 0.1469901949081526}. Best is trial 0 with value: -0.6070628323553574.
[I 2026-07-24 02:21:57,949] Trial 880 finished with value: 0.41863425444084723 and parameters: {'k1': 0.0001064538578358787, 'D_low': 327.797903877964, 'k2': 0.0002869929115469669, 'D_high': 6238692.385094319, 'fire_exp': 1.2187487732632876, 'P_half': 1.2992786902144104, 'pre_dampen_half': 3.2468708598035114, 'gpp_af': 0.5042684745186259, 'gpp_b': 0.0008709273466161471, 'gpp_d': 316.12902650307166, 'ign_k': 0.48977436377148836, 'ign_c': 0.734408767341321, 'trop_agb_crit': 3.691408426833442, 'trop_k_veg': 1.289647873670214, 'fuel_k': 0.2437271973609912, 'fuel_half': 1.4471187960970946}. Best is trial 0 with value: -0.6070628323553574.
[I 2026-07-24 02:21:58,363] Trial 881 finished with value: 0.46579434612415294 and parameters: {'k1': 0.003975281563657702, 'D_low': 21.06623413446687, 'k2': 0.00017831595862361993, 'D_high': 163604.2487904304, 'fire_exp': 5.713623330627683, 'P_half': 209.43788481922937, 'pre_dampen_half': 10.760144951768025, 'gpp_af': 0.1296896035520056, 'gpp_b': 2.7819241425679266e-05, 'gpp_d': 35.72150017576154, 'ign_k': 0.1316513413673143, 'ign_c': 2.7220152487058473, 'trop_agb_crit': 26.068024955195614, 'trop_k_veg': 3.607161064073444, 'fuel_k': 2.9491199015532548, 'fuel_half': 0.8870265436231461}. Best is trial 0 with value: -0.6070628323553574.
[I 2026-07-24 02:21:58,777] Trial 882 finished with value: -0.5929295052455197 and parameters: {'k1': 0.0035245840604573226, 'D_low': 212.51583227718982, 'k2': 0.00025650111047625566, 'D_high': 1450306.594898966, 'fire_exp': 1.629919623571032, 'P_half': 46.81275430153361, 'pre_dampen_half': 1.1098754538006703, 'gpp_af': 0.03161458123919411, 'gpp_b': 0.0029552419250601053, 'gpp_d': 183.94023083738335, 'ign_k': 3.450793646564351, 'ign_c': 0.772382843485153, 'trop_agb_crit': 15.484319414816845, 'trop_k_veg': 4.9520033467215105, 'fuel_k': 0.9297808012714381, 'fuel_half': 0.27675488462209363}. Best is trial 0 with value: -0.6070628323553574.
