[I 2026-08-19 17:22:12,234] Trial 869 finished with value: 0.5043677677878489 and parameters: {'k1': 9.22185543734873e-05, 'D_low': 41.45964595799094, 'k2': 0.0029097072821940937, 'D_high': 2003404.5585164381, 'fire_exp': 2.648406462953374, 'P_half': 52.88555640383964, 'pre_dampen_half': 13.535228824783893, 'gpp_af': 1.9472977238476559, 'gpp_b': 0.002086682023973114, 'gpp_d': 9.632308726125386, 'ign_k': 0.029625669022575386, 'ign_c': 0.6893515674663676, 'trop_agb_crit': 17.6608863554358, 'trop_k_veg': 5.700495033135881, 'pop_amp': 0.003673688859011637, 'pop_peak': 5.331270881136835, 'pop_sig': 0.7213544440127851, 'fuel_k': 0.9628290433181187, 'fuel_half': 0.10070818380089604}. Best is trial 0 with value: -0.6094076133578652.
  trial  870/2500  best_overall=0.6094  (23.8 min)
[I 2026-08-19 17:22:14,242] Trial 870 finished with value: 0.43246147905147514 and parameters: {'k1': 1.653992886774087e-05, 'D_low': 121.76617784763542, 'k2': 0.0003698529300804847, 'D_high': 1509848.3658767755, 'fire_exp': 3.1432006324082744, 'P_half': 4.825595300527985, 'pre_dampen_half': 95.9643444887901, 'gpp_af': 1.7351314829680666, 'gpp_b': 0.0011502156604978864, 'gpp_d': 263.6748625836076, 'ign_k': 0.2430256687669733, 'ign_c': 1.3600062606347172, 'trop_agb_crit': 6.954537409445415, 'trop_k_veg': 2.260610175041496, 'pop_amp': 0.17153148850690653, 'pop_peak': 0.0731851703911604, 'pop_sig': 0.8078353142304461, 'fuel_k': 0.47432530751535745, 'fuel_half': 0.8240561645526576}. Best is trial 0 with value: -0.6094076133578652.
[I 2026-08-19 17:22:16,352] Trial 871 finished with value: 0.5939715559898712 and parameters: {'k1': 0.003720531169941181, 'D_low': 1.3213669912697423, 'k2': 0.015527199862368125, 'D_high': 1802621.5445832463, 'fire_exp': 1.1668717578474865, 'P_half': 1.4775040534255586, 'pre_dampen_half': 2.8938472214654727, 'gpp_af': 10.357356327949777, 'gpp_b': 0.003406849712277201, 'gpp_d': 916.1391022030084, 'ign_k': 0.2541012757115097, 'ign_c': 97.52395429276346, 'trop_agb_crit': 5.12461461822467, 'trop_k_veg': 1.3350192091372777, 'pop_amp': 0.15028898953511502, 'pop_peak': 0.9189722297914424, 'pop_sig': 0.9903596475497942, 'fuel_k': 0.8567860482295042, 'fuel_half': 82.67402185684632}. Best is trial 0 with value: -0.6094076133578652.
[I 2026-08-19 17:22:19,193] Trial 872 finished with value: 0.5804367583424248 and parameters: {'k1': 0.0016306142559479773, 'D_low': 20.319025749255335, 'k2': 0.012849625172255214, 'D_high': 2894628.441924334, 'fire_exp': 2.3032742075558423, 'P_half': 21.219252502801577, 'pre_dampen_half': 0.08534546437839215, 'gpp_af': 15.489739804898583, 'gpp_b': 1.0304183713503013e-05, 'gpp_d': 49.265196317344554, 'ign_k': 0.03429746896321574, 'ign_c': 152.2384784042249, 'trop_agb_crit': 8.971986875171384, 'trop_k_veg': 5.027484917031945, 'pop_amp': 0.10888619367207501, 'pop_peak': 0.18967813366360092, 'pop_sig': 1.7392414357055692, 'fuel_k': 0.9287796138587179, 'fuel_half': 60.49459922490304}. Best is trial 0 with value: -0.6094076133578652.
[I 2026-08-19 17:22:21,156] Trial 873 finished with value: 0.4600431650410194 and parameters: {'k1': 0.002191755697268313, 'D_low': 60.520709399595184, 'k2': 0.01391413694431344, 'D_high': 216253.69802297358, 'fire_exp': 1.5231611937923304, 'P_half': 16.355696340308672, 'pre_dampen_half': 4.60220256169394, 'gpp_af': 0.09455911946739089, 'gpp_b': 1.4214759292341298e-05, 'gpp_d': 925.2401874541151, 'ign_k': 2.163924648105654, 'ign_c': 3.0338564645589954, 'trop_agb_crit': 28.37745114324835, 'trop_k_veg': 3.3441595311332324, 'pop_amp': 0.400061864071542, 'pop_peak': 0.3797097775882946, 'pop_sig': 1.3883589983938114, 'fuel_k': 3.2535494883084857, 'fuel_half': 9.62272919388355}. Best is trial 0 with value: -0.6094076133578652.
[I 2026-08-19 17:22:24,719] Trial 874 finished with value: 0.4988519976179482 and parameters: {'k1': 0.0039682256745317245, 'D_low': 7.370626064324407, 'k2': 0.002102568890402708, 'D_high': 7516333.843361364, 'fire_exp': 9.612926775536817, 'P_half': 29.32043737120245, 'pre_dampen_half': 37.879329769327065, 'gpp_af': 0.5608629461028027, 'gpp_b': 0.00021194217345696484, 'gpp_d': 0.9860827421730888, 'ign_k': 3.6760945230182083, 'ign_c': 1.7560637902938665, 'trop_agb_crit': 11.155491981228645, 'trop_k_veg': 2.527579103427538, 'pop_amp': 0.013684734300601745, 'pop_peak': 757.2398725830219, 'pop_sig': 1.4871770306964973, 'fuel_k': 0.5160412384215569, 'fuel_half': 0.28175095652068444}. Best is trial 0 with value: -0.6094076133578652.
[I 2026-08-19 17:22:26,657] Trial 875 finished with value: 0.5882017676804894 and parameters: {'k1': 0.0011499231475378888, 'D_low': 37.61980621040302, 'k2': 0.01620473180343754, 'D_high': 24387.26729251379, 'fire_exp': 4.1580780238689625, 'P_half': 2.861378871256058, 'pre_dampen_half': 41.84956806124723, 'gpp_af': 0.012242271378708838, 'gpp_b': 0.0018672051611297094, 'gpp_d': 184.81959910261162, 'ign_k': 0.011072131232908409, 'ign_c': 1.6175803129560835, 'trop_agb_crit': 11.497232227190425, 'trop_k_veg': 3.518885876370452, 'pop_amp': 0.00711940034526977, 'pop_peak': 0.16855580295617867, 'pop_sig': 0.496274294846112, 'fuel_k': 0.16790715242867932, 'fuel_half': 0.5677600015322}. Best is trial 0 with value: -0.6094076133578652.
[I 2026-08-19 17:22:28,797] Trial 876 finished with value: 0.58208995039679 and parameters: {'k1': 0.09479785414844463, 'D_low': 97.72419032328264, 'k2': 0.07028805852592837, 'D_high': 2891043.2792109572, 'fire_exp': 1.7548764561358339, 'P_half': 15.292818124596902, 'pre_dampen_half': 5.433401973412197, 'gpp_af': 0.003072124167344759, 'gpp_b': 0.006720255299797477, 'gpp_d': 0.04519053452465536, 'ign_k': 0.21001726500805978, 'ign_c': 0.19441421246213111, 'trop_agb_crit': 1.2364895726775393, 'trop_k_veg': 5.082635035170106, 'pop_amp': 1.2095016851435212, 'pop_peak': 0.07711971762580049, 'pop_sig': 0.7994079270522633, 'fuel_k': 0.0925655997835342, 'fuel_half': 8.032273338914585}. Best is trial 0 with value: -0.6094076133578652.
[I 2026-08-19 17:22:30,924] Trial 877 finished with value: -0.5510056986547976 and parameters: {'k1': 5.0035725919107083e-05, 'D_low': 304.28183620538357, 'k2': 0.0008318769419774622, 'D_high': 2461201.8602804197, 'fire_exp': 2.165778080563037, 'P_half': 27.906659709837534, 'pre_dampen_half': 2.485643919693083, 'gpp_af': 0.23751484028821593, 'gpp_b': 0.00026492000082375223, 'gpp_d': 1.4258623634365706, 'ign_k': 4.703159479677476, 'ign_c': 6.219383963144757, 'trop_agb_crit': 6.195260984381413, 'trop_k_veg': 3.746121950136809, 'pop_amp': 0.0015755275097823855, 'pop_peak': 0.05488128714041127, 'pop_sig': 0.5583955866409321, 'fuel_k': 0.3034255297153077, 'fuel_half': 1.8756302556211475}. Best is trial 0 with value: -0.6094076133578652.
[I 2026-08-19 17:22:32,692] Trial 878 finished with value: 0.40459935059843755 and parameters: {'k1': 8.773182413765275e-05, 'D_low': 1001.6975476488445, 'k2': 0.00016628297202179985, 'D_high': 6706929.55271208, 'fire_exp': 2.6114889407679924, 'P_half': 21.007785103058012, 'pre_dampen_half': 72.81122989071174, 'gpp_af': 0.39456744165779895, 'gpp_b': 0.0017021243042127138, 'gpp_d': 25.243300393006564, 'ign_k': 0.590679223116635, 'ign_c': 13.854219509654163, 'trop_agb_crit': 14.346812494003055, 'trop_k_veg': 3.9656850231707494, 'pop_amp': 0.0021240386965127095, 'pop_peak': 0.07046152672645395, 'pop_sig': 0.5030504645782227, 'fuel_k': 0.16643516814684026, 'fuel_half': 0.44256621675685487}. Best is trial 0 with value: -0.6094076133578652.
  trial  879/2500  best_overall=0.6094  (24.1 min)
[I 2026-08-19 17:22:34,756] Trial 879 finished with value: 0.6312707795044746 and parameters: {'k1': 0.0049082198840693465, 'D_low': 123430.982818075, 'k2': 0.002599375832819581, 'D_high': 793085.0102276983, 'fire_exp': 5.034226332796534, 'P_half': 8.737422710719791, 'pre_dampen_half': 3.305814252204673, 'gpp_af': 0.618834906107177, 'gpp_b': 0.05269264100601029, 'gpp_d': 54.658596761006145, 'ign_k': 4.257362235635248, 'ign_c': 0.5689657594519553, 'trop_agb_crit': 23.725205621081123, 'trop_k_veg': 0.9896859132676925, 'pop_amp': 0.007584508662430929, 'pop_peak': 0.09704144386610325, 'pop_sig': 0.8707045119705845, 'fuel_k': 0.010085631204210679, 'fuel_half': 3.3738664719052944}. Best is trial 0 with value: -0.6094076133578652.
[I 2026-08-19 17:22:36,654] Trial 880 finished with value: 0.5576844817766878 and parameters: {'k1': 0.0017511144384766769, 'D_low': 42.72119376133519, 'k2': 0.0005315119720164436, 'D_high': 875896.3702617995, 'fire_exp': 9.77031040520696, 'P_half': 34.13188950746019, 'pre_dampen_half': 10.293468704024301, 'gpp_af': 0.03198049046289508, 'gpp_b': 8.529579871608814e-05, 'gpp_d': 789.4013081479551, 'ign_k': 0.08196158208572402, 'ign_c': 4.134793231370298, 'trop_agb_crit': 26.82325460808432, 'trop_k_veg': 3.7456869206337187, 'pop_amp': 0.0018905136819336989, 'pop_peak': 0.3108207069329695, 'pop_sig': 0.6067278843834727, 'fuel_k': 1.4326292380761794, 'fuel_half': 1.2010112531784831}. Best is trial 0 with value: -0.6094076133578652.
[I 2026-08-19 17:22:38,721] Trial 881 finished with value: 0.5983784099846086 and parameters: {'k1': 0.00010759879043292462, 'D_low': 182831.34628958342, 'k2': 0.0001414637706014143, 'D_high': 703506.7531333094, 'fire_exp': 1.5217038542966304, 'P_half': 4593.27335129477, 'pre_dampen_half': 72.39335066193776, 'gpp_af': 0.021273546280450844, 'gpp_b': 2.3346411862895768e-05, 'gpp_d': 3.474635383639107, 'ign_k': 9.274836117770766, 'ign_c': 7.781202412579916, 'trop_agb_crit': 13.950249265510042, 'trop_k_veg': 3.7185191712619656, 'pop_amp': 0.004506719945656443, 'pop_peak': 7.2377192895161215, 'pop_sig': 1.8558234453929146, 'fuel_k': 0.32970448304558225, 'fuel_half': 0.3479976055823541}. Best is trial 0 with value: -0.6094076133578652.
[I 2026-08-19 17:22:40,452] Trial 882 finished with value: 0.41859066458552907 and parameters: {'k1': 0.0002144207178156739, 'D_low': 6.380209580588786, 'k2': 0.006479684676506778, 'D_high': 6564674.3341209525, 'fire_exp': 1.4382888261086944, 'P_half': 22.93800832562399, 'pre_dampen_half': 14.562351985907911, 'gpp_af': 26.834022029661433, 'gpp_b': 0.0009647971737381666, 'gpp_d': 337.02195712294855, 'ign_k': 0.1546831859972357, 'ign_c': 18.22693503147936, 'trop_agb_crit': 13.860277018710697, 'trop_k_veg': 1.9967279476398692, 'pop_amp': 0.03267799695493067, 'pop_peak': 2.303157717379552, 'pop_sig': 1.8472563157325732, 'fuel_k': 1.838059145822107, 'fuel_half': 36.178175975134835}. Best is trial 0 with value: -0.6094076133578652.
[I 2026-08-19 17:22:42,157] Trial 883 finished with value: 0.5548938754210717 and parameters: {'k1': 6.65043245262438e-05, 'D_low': 1.029290778810485, 'k2': 0.0003211941419479544, 'D_high': 218642.0113539892, 'fire_exp': 3.7469581239438665, 'P_half': 6.53615041464365, 'pre_dampen_half': 1.3273483262580423, 'gpp_af': 11.687379898339495, 'gpp_b': 0.00278046291944945, 'gpp_d': 4.188582293534594, 'ign_k': 0.3578640789091516, 'ign_c': 9.2720131786997, 'trop_agb_crit': 26.291138733018844, 'trop_k_veg': 5.28500948915174, 'pop_amp': 0.0033477773363478525, 'pop_peak': 0.6684171726261456, 'pop_sig': 1.2490872642777373, 'fuel_k': 0.4867097017292732, 'fuel_half': 0.326620951224103}. Best is trial 0 with value: -0.6094076133578652.
[I 2026-08-19 17:22:43,847] Trial 884 finished with value: 0.5154255003120957 and parameters: {'k1': 0.05972370978525603, 'D_low': 20402.757721525657, 'k2': 0.009699153241040603, 'D_high': 398872.94580265746, 'fire_exp': 1.0016434844845836, 'P_half': 12.384581986010689, 'pre_dampen_half': 0.11931130405611912, 'gpp_af': 0.1584036093437537, 'gpp_b': 8.45321027922527e-05, 'gpp_d': 4.34228102330968, 'ign_k': 7.763341097564044, 'ign_c': 0.3526576166630396, 'trop_agb_crit': 11.32953497436356, 'trop_k_veg': 0.9453929321875296, 'pop_amp': 0.009573278989176396, 'pop_peak': 5.595911234501958, 'pop_sig': 0.6968318963860921, 'fuel_k': 0.08178420536502756, 'fuel_half': 3.986020753396069}. Best is trial 0 with value: -0.6094076133578652.
[I 2026-08-19 17:22:45,675] Trial 885 finished with value: 0.5913301503100108 and parameters: {'k1': 0.0005157218035345833, 'D_low': 23.380809580749585, 'k2': 0.0009422097855173742, 'D_high': 5299.228240984187, 'fire_exp': 1.7065955999572524, 'P_half': 49.15700026841975, 'pre_dampen_half': 0.5738790597711023, 'gpp_af': 0.0020799434834527053, 'gpp_b': 4.290793088121064e-05, 'gpp_d': 7.2875417589286835, 'ign_k': 0.3838181428130395, 'ign_c': 3.1297273704354063, 'trop_agb_crit': 1.2596612035359493, 'trop_k_veg': 1.5000858651562556, 'pop_amp': 0.29291240704450433, 'pop_peak': 6.068790565821048, 'pop_sig': 1.065513776671691, 'fuel_k': 0.37704208434879666, 'fuel_half': 0.5983465233819817}. Best is trial 0 with value: -0.6094076133578652.
[I 2026-08-19 17:22:47,395] Trial 886 finished with value: -0.5298643999204279 and parameters: {'k1': 0.00035279104639144844, 'D_low': 114.57371202219652, 'k2': 0.000582780361504096, 'D_high': 1162773.2179989866, 'fire_exp': 3.078772507837613, 'P_half': 74.87158442127061, 'pre_dampen_half': 806.0911806749907, 'gpp_af': 0.009501768906936233, 'gpp_b': 0.00023132007263270026, 'gpp_d': 873.5319206557547, 'ign_k': 0.019392498811579697, 'ign_c': 0.3494693794167417, 'trop_agb_crit': 22.75053303003811, 'trop_k_veg': 2.957063133569577, 'pop_amp': 0.008572007580708495, 'pop_peak': 0.2270878553506725, 'pop_sig': 0.6595416615037026, 'fuel_k': 2.5677567242006933, 'fuel_half': 1.3272049548460014}. Best is trial 0 with value: -0.6094076133578652.
[I 2026-08-19 17:22:49,141] Trial 887 finished with value: 0.4925342757458717 and parameters: {'k1': 6.584903321450162e-05, 'D_low': 2.559373362809166, 'k2': 0.006210778944178587, 'D_high': 810439.2192070755, 'fire_exp': 1.6377685843115022, 'P_half': 2.550543375317261, 'pre_dampen_half': 3.4092322630355247, 'gpp_af': 0.0038561147989971014, 'gpp_b': 1.4761449737288177e-05, 'gpp_d': 13.782995010470543, 'ign_k': 3.145071475615531, 'ign_c': 26.176062361051997, 'trop_agb_crit': 3.4189486077209135, 'trop_k_veg': 0.8856838996316869, 'pop_amp': 0.12737913152814398, 'pop_peak': 12.383029097435777, 'pop_sig': 1.6792453044510813, 'fuel_k': 0.07751345159995308, 'fuel_half': 0.111234452894937}. Best is trial 0 with value: -0.6094076133578652.
[I 2026-08-19 17:22:50,789] Trial 888 finished with value: 0.577921184872255 and parameters: {'k1': 0.0005630498715716759, 'D_low': 169.83874781928424, 'k2': 0.01028282458716277, 'D_high': 3973736.5820525144, 'fire_exp': 7.05423599313786, 'P_half': 10.501754572067183, 'pre_dampen_half': 58.91488458626858, 'gpp_af': 0.24993374377030547, 'gpp_b': 0.0002806675809439422, 'gpp_d': 935.3861396064124, 'ign_k': 0.017935205278273605, 'ign_c': 1.1315355359230694, 'trop_agb_crit': 9.16761371231475, 'trop_k_veg': 1.6972505081015885, 'pop_amp': 0.01741172581573405, 'pop_peak': 0.06102935406156078, 'pop_sig': 0.682422317292883, 'fuel_k': 4.519383976466355, 'fuel_half': 0.8423306139222361}. Best is trial 0 with value: -0.6094076133578652.
[I 2026-08-19 17:22:52,520] Trial 889 finished with value: -0.4686449521315418 and parameters: {'k1': 0.00311644412262381, 'D_low': 247.52125304110604, 'k2': 0.05984784397007937, 'D_high': 16204.967268305403, 'fire_exp': 2.095478852391042, 'P_half': 2.556000743318791, 'pre_dampen_half': 23.783572263652697, 'gpp_af': 0.13599809590072304, 'gpp_b': 0.00020379559687073117, 'gpp_d': 678.9758868341306, 'ign_k': 0.027760991144823496, 'ign_c': 0.4635650712236792, 'trop_agb_crit': 13.18532623170502, 'trop_k_veg': 2.205445391160486, 'pop_amp': 0.015712419299969676, 'pop_peak': 1.7057493009832956, 'pop_sig': 1.4023852900894906, 'fuel_k': 0.1768401028485698, 'fuel_half': 84.09307085691673}. Best is trial 0 with value: -0.6094076133578652.
[I 2026-08-19 17:22:54,132] Trial 890 finished with value: -0.49290286177075526 and parameters: {'k1': 0.0013563763595785924, 'D_low': 7.115884477324457, 'k2': 0.00021193041196794027, 'D_high': 3425915.6311130025, 'fire_exp': 2.285120937768764, 'P_half': 82.97003636774222, 'pre_dampen_half': 160.7373361185532, 'gpp_af': 0.05940118494007862, 'gpp_b': 0.000303756247083277, 'gpp_d': 822.9354702092825, 'ign_k': 0.021538185224320945, 'ign_c': 24.449045539183235, 'trop_agb_crit': 20.735946780244287, 'trop_k_veg': 7.143315833894806, 'pop_amp': 0.0011921425764623713, 'pop_peak': 0.06666540094464078, 'pop_sig': 0.6176721513193041, 'fuel_k': 0.18561502555995263, 'fuel_half': 0.10848526854930401}. Best is trial 0 with value: -0.6094076133578652.
  trial  891/2500  best_overall=0.6094  (24.5 min)
[I 2026-08-19 17:22:56,012] Trial 891 finished with value: 0.6445374145881376 and parameters: {'k1': 0.0024169403098139555, 'D_low': 16272.595310803255, 'k2': 0.00011646343718725512, 'D_high': 2158149.6088924357, 'fire_exp': 1.394582657514623, 'P_half': 86.22161030719627, 'pre_dampen_half': 15.03446250103048, 'gpp_af': 0.27465715193802037, 'gpp_b': 2.596480317083127e-05, 'gpp_d': 8.221668998408143, 'ign_k': 3.38552826870412, 'ign_c': 57.132544472819724, 'trop_agb_crit': 18.768531558185188, 'trop_k_veg': 4.670213448809048, 'pop_amp': 0.0076276669913148114, 'pop_peak': 4.447240609330377, 'pop_sig': 0.858951836831321, 'fuel_k': 0.6820213152602284, 'fuel_half': 0.4556378434304175}. Best is trial 0 with value: -0.6094076133578652.
[I 2026-08-19 17:22:57,658] Trial 892 finished with value: 0.520760821067079 and parameters: {'k1': 7.337225597000652e-05, 'D_low': 85.87782033416559, 'k2': 0.0008410461882527217, 'D_high': 85464.4407263612, 'fire_exp': 2.0341692955201913, 'P_half': 28.94116710996926, 'pre_dampen_half': 114.0526013406115, 'gpp_af': 0.09240188970012532, 'gpp_b': 0.0007790356502465252, 'gpp_d': 11.591182073052291, 'ign_k': 0.02652156196632841, 'ign_c': 12.592721325877724, 'trop_agb_crit': 12.766344705805238, 'trop_k_veg': 3.849665457002402, 'pop_amp': 0.00102180761913664, 'pop_peak': 0.1329790274382439, 'pop_sig': 0.7883160970440921, 'fuel_k': 0.8074611653729393, 'fuel_half': 7.340965890207373}. Best is trial 0 with value: -0.6094076133578652.
[I 2026-08-19 17:22:59,252] Trial 893 finished with value: 0.5143793836108266 and parameters: {'k1': 0.001125541838970758, 'D_low': 250.4780950127724, 'k2': 0.00663928560341474, 'D_high': 720324.5193143886, 'fire_exp': 4.782763780194309, 'P_half': 120.05223187286477, 'pre_dampen_half': 203.08879996272165, 'gpp_af': 0.004631300796275623, 'gpp_b': 0.0005404553543119077, 'gpp_d': 232.94101442553486, 'ign_k': 6.624634432582082, 'ign_c': 16.44685276686537, 'trop_agb_crit': 1.8968409616300368, 'trop_k_veg': 1.1012994552167452, 'pop_amp': 0.07484411923502869, 'pop_peak': 371.68844993660207, 'pop_sig': 1.1572167987161872, 'fuel_k': 0.013119554903878127, 'fuel_half': 2.293234076702362}. Best is trial 0 with value: -0.6094076133578652.
[I 2026-08-19 17:23:00,860] Trial 894 finished with value: 0.4617350739669265 and parameters: {'k1': 0.0009856561812076872, 'D_low': 48.01841023447666, 'k2': 0.09934090832530716, 'D_high': 2674566.7856378662, 'fire_exp': 1.6121392147587033, 'P_half': 349.8338255828225, 'pre_dampen_half': 1.0888210168691763, 'gpp_af': 0.26835001964730215, 'gpp_b': 0.00010035745757293865, 'gpp_d': 87.93717280094687, 'ign_k': 0.9250073932720602, 'ign_c': 0.3222069046660628, 'trop_agb_crit': 5.0413765036776335, 'trop_k_veg': 1.3110278053489532, 'pop_amp': 0.14313014122626488, 'pop_peak': 0.052290080865555005, 'pop_sig': 1.5439257514094848, 'fuel_k': 0.06653404822232958, 'fuel_half': 67.36344176296505}. Best is trial 0 with value: -0.6094076133578652.
[I 2026-08-19 17:23:02,521] Trial 895 finished with value: 0.4137872371358464 and parameters: {'k1': 0.03015485647779677, 'D_low': 2.333363519118085, 'k2': 0.002780800113539315, 'D_high': 224488.9147198398, 'fire_exp': 1.96093929088984, 'P_half': 5.090870912643505, 'pre_dampen_half': 4.852828167023491, 'gpp_af': 0.003236410074124599, 'gpp_b': 2.5741657790163267e-05, 'gpp_d': 121.55639735766991, 'ign_k': 0.216610745851218, 'ign_c': 0.19684951704209783, 'trop_agb_crit': 8.683957789063921, 'trop_k_veg': 2.877972386518312, 'pop_amp': 0.056041268797655634, 'pop_peak': 0.413660214274321, 'pop_sig': 1.8649342662767256, 'fuel_k': 0.045822343134526274, 'fuel_half': 91.80066996659045}. Best is trial 0 with value: -0.6094076133578652.
[I 2026-08-19 17:23:04,195] Trial 896 finished with value: 0.4385263851728587 and parameters: {'k1': 0.07312875018665434, 'D_low': 12.215977653420246, 'k2': 0.01867564893641323, 'D_high': 3994057.545781345, 'fire_exp': 1.4698319569777598, 'P_half': 13.167940012346872, 'pre_dampen_half': 1.172822473718027, 'gpp_af': 0.9218272946711729, 'gpp_b': 1.4146944447193478e-05, 'gpp_d': 16.230918931419293, 'ign_k': 2.11404988839822, 'ign_c': 0.2748311493752026, 'trop_agb_crit': 3.711328639603888, 'trop_k_veg': 0.5642122227280334, 'pop_amp': 0.07521859550425436, 'pop_peak': 17.959779179530564, 'pop_sig': 0.8761379565004235, 'fuel_k': 0.01811154223326542, 'fuel_half': 1.6029016606868476}. Best is trial 0 with value: -0.6094076133578652.
[I 2026-08-19 17:23:06,036] Trial 897 finished with value: 0.557342680566572 and parameters: {'k1': 4.872012065927696e-05, 'D_low': 8725.863307325335, 'k2': 0.0001829650851357131, 'D_high': 299282.141352732, 'fire_exp': 1.5290687208285954, 'P_half': 1361.7196074678259, 'pre_dampen_half': 0.23580423363172015, 'gpp_af': 0.0026871793399126064, 'gpp_b': 0.0035494900194566747, 'gpp_d': 803.534245099505, 'ign_k': 3.2728864430787503, 'ign_c': 4.7733737277516735, 'trop_agb_crit': 11.333329444221869, 'trop_k_veg': 6.3008860210410065, 'pop_amp': 1.4506350184116703, 'pop_peak': 181.35716840616723, 'pop_sig': 1.0136735107610666, 'fuel_k': 5.055951709248858, 'fuel_half': 0.13072076681295008}. Best is trial 0 with value: -0.6094076133578652.
