[I 2026-08-20 00:52:14,622] Trial 1650 finished with value: 0.44855958834316767 and parameters: {'k1': 0.00186328923070976, 'D_low': 156.2376645878899, 'k2': 0.0006453554019748607, 'D_high': 8317494.896228551, 'fire_exp': 4.392085337100568, 'P_half': 73.35159511299584, 'pre_dampen_half': 34.74953189132519, 'gpp_af': 21.130433338658346, 'gpp_b': 0.00010616680766830206, 'gpp_d': 77.22814263875784, 'ign_k': 8.13703561765158, 'ign_c': 3.406654013563459, 'trop_agb_crit': 6.253086663996678, 'trop_k_veg': 2.2245008828645267}. Best is trial 1285 with value: -0.6015874360929447.
[I 2026-08-20 00:52:16,062] Trial 1651 finished with value: 0.6512746501159042 and parameters: {'k1': 0.0004174481990155433, 'D_low': 6.838432985327629, 'k2': 0.0007334523539411015, 'D_high': 353218.1264625644, 'fire_exp': 5.99319598633418, 'P_half': 1.937347953192981, 'pre_dampen_half': 92.0667540500592, 'gpp_af': 0.06910969918210717, 'gpp_b': 1.8584419841318768e-05, 'gpp_d': 218.78218613027593, 'ign_k': 4.6442735057355184, 'ign_c': 34.36832690466969, 'trop_agb_crit': 7.0704349546442185, 'trop_k_veg': 4.366426036552983}. Best is trial 1285 with value: -0.6015874360929447.
[I 2026-08-20 00:52:17,512] Trial 1652 finished with value: 0.6433373224237102 and parameters: {'k1': 0.0012828885530518684, 'D_low': 1.1692513946222827, 'k2': 0.051964253941063916, 'D_high': 85.67960380143816, 'fire_exp': 3.0089446518064964, 'P_half': 77.53220387926113, 'pre_dampen_half': 0.09890761243875956, 'gpp_af': 0.5189799503932241, 'gpp_b': 0.00909514064645183, 'gpp_d': 0.026700330037560394, 'ign_k': 0.06625175951841117, 'ign_c': 6.241034551466769, 'trop_agb_crit': 19.419519724378006, 'trop_k_veg': 0.9146443487783935}. Best is trial 1285 with value: -0.6015874360929447.
[I 2026-08-20 00:52:18,927] Trial 1653 finished with value: 0.6221696126514875 and parameters: {'k1': 0.0022547798988193273, 'D_low': 2.2124974304610525, 'k2': 0.00011960538108387396, 'D_high': 474.28966213332046, 'fire_exp': 4.801394819066645, 'P_half': 1567.6547692883714, 'pre_dampen_half': 0.08966276907318199, 'gpp_af': 0.06156211730895813, 'gpp_b': 0.008837789669390786, 'gpp_d': 157.4255206994729, 'ign_k': 0.0468707364586762, 'ign_c': 1.1487377126416547, 'trop_agb_crit': 1.0344129365783301, 'trop_k_veg': 1.6261036415197125}. Best is trial 1285 with value: -0.6015874360929447.
[I 2026-08-20 00:52:20,376] Trial 1654 finished with value: 0.6445345774599838 and parameters: {'k1': 0.009245693873146308, 'D_low': 3.0266774120651316, 'k2': 0.000146465973265537, 'D_high': 4565912.279215648, 'fire_exp': 2.851755409905846, 'P_half': 1.253862068254284, 'pre_dampen_half': 0.6821793476515928, 'gpp_af': 7.789399579086495, 'gpp_b': 0.06759851254875376, 'gpp_d': 395.74938328636495, 'ign_k': 1.3894808978145132, 'ign_c': 39.96791062365856, 'trop_agb_crit': 4.74253156428508, 'trop_k_veg': 4.796579985665265}. Best is trial 1285 with value: -0.6015874360929447.
[I 2026-08-20 00:52:21,858] Trial 1655 finished with value: 0.6112808905628598 and parameters: {'k1': 0.002621050334092388, 'D_low': 143.59334434493437, 'k2': 0.00020915292014167042, 'D_high': 8708455.314736329, 'fire_exp': 5.01038917244952, 'P_half': 3.149174364423182, 'pre_dampen_half': 3.014026904720249, 'gpp_af': 10.880655373915276, 'gpp_b': 3.103489142157007e-05, 'gpp_d': 198.37674767728078, 'ign_k': 9.023637781086885, 'ign_c': 29.358165110922865, 'trop_agb_crit': 2.4158951531851756, 'trop_k_veg': 2.3124459996977325}. Best is trial 1285 with value: -0.6015874360929447.
[I 2026-08-20 00:52:23,229] Trial 1656 finished with value: -0.5448777938706422 and parameters: {'k1': 0.033677520869880635, 'D_low': 19.649078111214013, 'k2': 0.0002942636874405896, 'D_high': 4613284.357190948, 'fire_exp': 6.820294124817058, 'P_half': 50.504367684238495, 'pre_dampen_half': 26.81604623399444, 'gpp_af': 14.922209169267042, 'gpp_b': 0.00016980214587131152, 'gpp_d': 88.3939202940567, 'ign_k': 0.2381751068525877, 'ign_c': 4.117100552954464, 'trop_agb_crit': 18.005398823528967, 'trop_k_veg': 1.772810136367363}. Best is trial 1285 with value: -0.6015874360929447.
[I 2026-08-20 00:52:24,668] Trial 1657 finished with value: 0.6445374145881376 and parameters: {'k1': 1.6948872297357055e-05, 'D_low': 190656.99943422683, 'k2': 1.3700491884678936e-05, 'D_high': 1143096.1851246364, 'fire_exp': 6.204256440753248, 'P_half': 9.157769396225781, 'pre_dampen_half': 93.54425969989998, 'gpp_af': 0.0017507863727833281, 'gpp_b': 0.013745455012710307, 'gpp_d': 1.225507143815222, 'ign_k': 0.18237309662209208, 'ign_c': 4.671452693438486, 'trop_agb_crit': 18.211293357628648, 'trop_k_veg': 5.300812204109476}. Best is trial 1285 with value: -0.6015874360929447.
[I 2026-08-20 00:52:26,109] Trial 1658 finished with value: 0.5853239737048475 and parameters: {'k1': 0.00019689082074460565, 'D_low': 824.7721308550914, 'k2': 0.050777277680657616, 'D_high': 71383.24051065276, 'fire_exp': 1.028359880906149, 'P_half': 1.143069474334432, 'pre_dampen_half': 854.3525480293267, 'gpp_af': 18.29120026691059, 'gpp_b': 0.017959526059901178, 'gpp_d': 3.0639724070761085, 'ign_k': 0.001389233369940704, 'ign_c': 510.7594001909035, 'trop_agb_crit': 18.303019907923844, 'trop_k_veg': 0.5581788642855104}. Best is trial 1285 with value: -0.6015874360929447.
[I 2026-08-20 00:52:27,971] Trial 1659 finished with value: 0.6445374145881376 and parameters: {'k1': 0.0029183815287268317, 'D_low': 241.4204942310249, 'k2': 0.00014402731034406942, 'D_high': 4204.236346723026, 'fire_exp': 9.611663250490993, 'P_half': 1.1952934904479617, 'pre_dampen_half': 25.111897080374117, 'gpp_af': 1.9056431303654802, 'gpp_b': 0.0005058543904064188, 'gpp_d': 0.645730674004551, 'ign_k': 0.09245777151153675, 'ign_c': 445.2980278800889, 'trop_agb_crit': 1.5157549033563416, 'trop_k_veg': 3.144894650245029}. Best is trial 1285 with value: -0.6015874360929447.
[I 2026-08-20 00:52:29,385] Trial 1660 finished with value: 0.43059207968880464 and parameters: {'k1': 1.3011919606771332e-05, 'D_low': 256.22201083871903, 'k2': 0.0008371297832232955, 'D_high': 1779744.0542259587, 'fire_exp': 1.2321585994607815, 'P_half': 30.806293813916394, 'pre_dampen_half': 72.19309886807054, 'gpp_af': 0.017207904548783116, 'gpp_b': 0.0003323012614378793, 'gpp_d': 0.9434788311957617, 'ign_k': 2.8364817104411535, 'ign_c': 1.430632386776356, 'trop_agb_crit': 11.73345151640282, 'trop_k_veg': 1.1706834541609208}. Best is trial 1285 with value: -0.6015874360929447.
[I 2026-08-20 00:52:30,872] Trial 1661 finished with value: 0.6445374145881376 and parameters: {'k1': 0.02469730768268851, 'D_low': 19.01365992631665, 'k2': 0.00046019846948425815, 'D_high': 27.07902689697477, 'fire_exp': 5.8078178219385865, 'P_half': 1.1503198370295922, 'pre_dampen_half': 42.04200657195727, 'gpp_af': 9.59415072091391, 'gpp_b': 0.0010202708305924915, 'gpp_d': 0.9935391871871821, 'ign_k': 0.01877727030438659, 'ign_c': 184.71342014412244, 'trop_agb_crit': 1.9714069822900284, 'trop_k_veg': 0.5187196143313456}. Best is trial 1285 with value: -0.6015874360929447.
[I 2026-08-20 00:52:32,295] Trial 1662 finished with value: 0.47218448012531256 and parameters: {'k1': 0.00041803066922353174, 'D_low': 24690.002570888944, 'k2': 0.012244853585136868, 'D_high': 2486349.3083558246, 'fire_exp': 2.3088580934926686, 'P_half': 3.6597153178321324, 'pre_dampen_half': 119.23130477563667, 'gpp_af': 0.23351692832445736, 'gpp_b': 0.0002563091138240171, 'gpp_d': 348.0668095704754, 'ign_k': 0.9840344609349605, 'ign_c': 0.11413125353945322, 'trop_agb_crit': 10.455873075849041, 'trop_k_veg': 4.613048105611064}. Best is trial 1285 with value: -0.6015874360929447.
[I 2026-08-20 00:52:33,695] Trial 1663 finished with value: 0.4944861538322787 and parameters: {'k1': 0.012910124422174875, 'D_low': 51.29680084316511, 'k2': 3.4722231486911864e-05, 'D_high': 2527057.3082295265, 'fire_exp': 2.2059789263171377, 'P_half': 1341.0151418059104, 'pre_dampen_half': 140.85687421571106, 'gpp_af': 1.9861793555311067, 'gpp_b': 0.009088204662641215, 'gpp_d': 807.2656599555869, 'ign_k': 2.183303312503476, 'ign_c': 2.6040256093873437, 'trop_agb_crit': 29.715546528902106, 'trop_k_veg': 2.2047436888830854}. Best is trial 1285 with value: -0.6015874360929447.
[I 2026-08-20 00:52:35,130] Trial 1664 finished with value: 0.5379745299772722 and parameters: {'k1': 0.029511540725278326, 'D_low': 126.74569497103452, 'k2': 0.0014936494708398108, 'D_high': 2968513.9138098685, 'fire_exp': 1.7337463483052844, 'P_half': 884.657856511974, 'pre_dampen_half': 4.302945003619035, 'gpp_af': 0.26526665139345396, 'gpp_b': 0.07314272875330523, 'gpp_d': 292.740632826521, 'ign_k': 4.691011599210846, 'ign_c': 6.373306600832137, 'trop_agb_crit': 26.054817001107402, 'trop_k_veg': 3.0908212881822723}. Best is trial 1285 with value: -0.6015874360929447.
[I 2026-08-20 00:52:36,570] Trial 1665 finished with value: 0.5548132320514805 and parameters: {'k1': 0.0012518455290088108, 'D_low': 91.43928685011896, 'k2': 0.0006597400928012428, 'D_high': 4259071.370476001, 'fire_exp': 2.8583181707863456, 'P_half': 1.4109715934515488, 'pre_dampen_half': 3.4368751101814405, 'gpp_af': 5.614022872112636, 'gpp_b': 0.18969038063232638, 'gpp_d': 146.42744479695966, 'ign_k': 0.02168206941997602, 'ign_c': 2.070066975655114, 'trop_agb_crit': 9.331058721622133, 'trop_k_veg': 2.538572636631148}. Best is trial 1285 with value: -0.6015874360929447.
[I 2026-08-20 00:52:37,961] Trial 1666 finished with value: -0.5612868542644422 and parameters: {'k1': 7.346936840498162e-05, 'D_low': 44.24481791320528, 'k2': 0.001199784561780644, 'D_high': 148427.0253477007, 'fire_exp': 2.7851647906387433, 'P_half': 6.061425766691232, 'pre_dampen_half': 11.960467571854759, 'gpp_af': 5.862003766883825, 'gpp_b': 0.0016703060714357498, 'gpp_d': 353.77265582332797, 'ign_k': 0.6619284466944031, 'ign_c': 9.864874604349687, 'trop_agb_crit': 6.482610802689317, 'trop_k_veg': 3.3978294714080826}. Best is trial 1285 with value: -0.6015874360929447.
[I 2026-08-20 00:52:39,410] Trial 1667 finished with value: 0.6445374145881376 and parameters: {'k1': 0.054915511242797366, 'D_low': 897419.4245072344, 'k2': 0.0036165433804923094, 'D_high': 216.70651256477927, 'fire_exp': 2.32097827378615, 'P_half': 21.61949021782212, 'pre_dampen_half': 7.288028504582287, 'gpp_af': 2.5377726580327864, 'gpp_b': 0.20742531228044045, 'gpp_d': 22.375180396590718, 'ign_k': 0.0983766605319309, 'ign_c': 578.8259203965257, 'trop_agb_crit': 1.3551689055011946, 'trop_k_veg': 1.9024002533534092}. Best is trial 1285 with value: -0.6015874360929447.
[I 2026-08-20 00:52:40,829] Trial 1668 finished with value: 0.6445374145881376 and parameters: {'k1': 0.00028725594008801664, 'D_low': 499642.73775301623, 'k2': 0.0011494930105053652, 'D_high': 59.90274267632877, 'fire_exp': 9.688476800323281, 'P_half': 135.57811104146026, 'pre_dampen_half': 2.7919506506058815, 'gpp_af': 2.1304701399865733, 'gpp_b': 1.6042945160471518, 'gpp_d': 379.5951484552239, 'ign_k': 0.012352854236984213, 'ign_c': 3.4064117380762666, 'trop_agb_crit': 6.726483858881362, 'trop_k_veg': 1.8824037609680138}. Best is trial 1285 with value: -0.6015874360929447.
[I 2026-08-20 00:52:42,227] Trial 1669 finished with value: 0.42666327356941225 and parameters: {'k1': 0.0007019349642931517, 'D_low': 204.5286532787427, 'k2': 0.0018598938450481303, 'D_high': 461175.0529491311, 'fire_exp': 1.0914272531954128, 'P_half': 5.760933808626368, 'pre_dampen_half': 1.5202158364798697, 'gpp_af': 0.04883319730498378, 'gpp_b': 1.921014031064359e-05, 'gpp_d': 11.180985411754016, 'ign_k': 1.6858278926522454, 'ign_c': 7.055295542752549, 'trop_agb_crit': 1.4304488472450068, 'trop_k_veg': 6.602167558894159}. Best is trial 1285 with value: -0.6015874360929447.
[I 2026-08-20 00:52:43,639] Trial 1670 finished with value: 0.6445374145881376 and parameters: {'k1': 0.00016109752161139974, 'D_low': 1.2296711545729804, 'k2': 0.00021642626154943183, 'D_high': 2617243.6760522816, 'fire_exp': 2.8394152630974374, 'P_half': 2.7697999037970287, 'pre_dampen_half': 7.536195116383376, 'gpp_af': 1.258483206377366, 'gpp_b': 8.814120192399821e-05, 'gpp_d': 302.8427424909208, 'ign_k': 5.970074235277985, 'ign_c': 367.01896349914773, 'trop_agb_crit': 5.610719646346534, 'trop_k_veg': 1.618643932626455}. Best is trial 1285 with value: -0.6015874360929447.
[I 2026-08-20 00:52:45,033] Trial 1671 finished with value: 0.5978141121276356 and parameters: {'k1': 3.518255520473624e-05, 'D_low': 551.9033274513591, 'k2': 0.08518165946279253, 'D_high': 79031.86678295319, 'fire_exp': 4.041577521104163, 'P_half': 45.0934446511272, 'pre_dampen_half': 0.042142367647608994, 'gpp_af': 36.0592304379439, 'gpp_b': 0.0001584747848767058, 'gpp_d': 95.17222678966887, 'ign_k': 0.003679377386911974, 'ign_c': 13.647992189195692, 'trop_agb_crit': 4.0942568043671175, 'trop_k_veg': 3.0638932837396324}. Best is trial 1285 with value: -0.6015874360929447.
[I 2026-08-20 00:52:46,503] Trial 1672 finished with value: 0.6445374145881376 and parameters: {'k1': 0.013581096450226095, 'D_low': 10.016663307745693, 'k2': 0.02840401657897358, 'D_high': 94.51515048056197, 'fire_exp': 5.049182349509746, 'P_half': 584.9967104741899, 'pre_dampen_half': 0.04253172691876809, 'gpp_af': 0.05692049342396631, 'gpp_b': 0.8892024052852634, 'gpp_d': 40.63453508877052, 'ign_k': 2.498562073916004, 'ign_c': 0.15816252312336826, 'trop_agb_crit': 8.838678505119464, 'trop_k_veg': 0.9631478566741167}. Best is trial 1285 with value: -0.6015874360929447.
[I 2026-08-20 00:52:47,928] Trial 1673 finished with value: 0.4521010621962436 and parameters: {'k1': 0.014002684926242329, 'D_low': 1.1108215662599676, 'k2': 9.822819419340491e-05, 'D_high': 3890839.608958796, 'fire_exp': 8.917714992617089, 'P_half': 11.698461493487988, 'pre_dampen_half': 182.66556045073776, 'gpp_af': 4.984614227742283, 'gpp_b': 0.0001786224467003731, 'gpp_d': 444.6219759303157, 'ign_k': 0.42707784656647013, 'ign_c': 3.0612601437867393, 'trop_agb_crit': 6.213250919062229, 'trop_k_veg': 1.8294602609787172}. Best is trial 1285 with value: -0.6015874360929447.
[I 2026-08-20 00:52:49,696] Trial 1674 finished with value: 0.5497154658198755 and parameters: {'k1': 6.492096767919179e-05, 'D_low': 20333.500379893725, 'k2': 0.012824565641531512, 'D_high': 137061.90366833942, 'fire_exp': 2.6319235485663, 'P_half': 6.266348007733065, 'pre_dampen_half': 2.847891539051121, 'gpp_af': 0.5762509130095393, 'gpp_b': 0.013372866026138177, 'gpp_d': 162.0500838053332, 'ign_k': 0.3240750435060282, 'ign_c': 0.10940715390143207, 'trop_agb_crit': 18.630552187856612, 'trop_k_veg': 2.6231219181485588}. Best is trial 1285 with value: -0.6015874360929447.
[I 2026-08-20 00:52:51,084] Trial 1675 finished with value: 0.6403772272187165 and parameters: {'k1': 0.00038912326201645937, 'D_low': 235392.8233478865, 'k2': 8.583859487479184e-05, 'D_high': 468483.27715948364, 'fire_exp': 1.030538992735496, 'P_half': 20.93207536053628, 'pre_dampen_half': 1.4143296575057298, 'gpp_af': 0.002643308615074941, 'gpp_b': 0.47317484351323985, 'gpp_d': 0.3290988084333613, 'ign_k': 0.5730388997543331, 'ign_c': 0.6754025429645525, 'trop_agb_crit': 1.5727036379702537, 'trop_k_veg': 0.5151573568161261}. Best is trial 1285 with value: -0.6015874360929447.
[I 2026-08-20 00:52:52,500] Trial 1676 finished with value: 0.6445374145881376 and parameters: {'k1': 0.0003730600588432515, 'D_low': 18.218954870083632, 'k2': 0.0002996167693698664, 'D_high': 358801.9299273445, 'fire_exp': 1.657774486436325, 'P_half': 908.0657504802649, 'pre_dampen_half': 9.953187683823172, 'gpp_af': 0.1432492432625934, 'gpp_b': 1.425187504208132e-05, 'gpp_d': 5.676103459488719, 'ign_k': 0.7134603569529662, 'ign_c': 63.367750078923855, 'trop_agb_crit': 1.4232027650743688, 'trop_k_veg': 3.811761241552637}. Best is trial 1285 with value: -0.6015874360929447.
[I 2026-08-20 00:52:53,889] Trial 1677 finished with value: -0.550634648833307 and parameters: {'k1': 0.008286729576775804, 'D_low': 3.658325631067352, 'k2': 0.0018820878733373145, 'D_high': 7641076.384033396, 'fire_exp': 2.0717256715966803, 'P_half': 160.94420267795078, 'pre_dampen_half': 9.279545430708165, 'gpp_af': 0.6070801369271182, 'gpp_b': 0.0027502687420287815, 'gpp_d': 86.73304057614189, 'ign_k': 0.05957084000052683, 'ign_c': 1.220757366798688, 'trop_agb_crit': 6.096343626897527, 'trop_k_veg': 3.9686498334584064}. Best is trial 1285 with value: -0.6015874360929447.
[I 2026-08-20 00:52:55,283] Trial 1678 finished with value: 0.5334122290198161 and parameters: {'k1': 0.0006995380834469249, 'D_low': 511.5323469293332, 'k2': 0.0578257574323975, 'D_high': 4387192.442565875, 'fire_exp': 1.0269623412393787, 'P_half': 2.1072122956282135, 'pre_dampen_half': 22.823172034053, 'gpp_af': 0.03713418300223306, 'gpp_b': 0.1451499735944279, 'gpp_d': 26.51020738213418, 'ign_k': 0.13537004890635784, 'ign_c': 0.9251018829326545, 'trop_agb_crit': 29.045660964868365, 'trop_k_veg': 5.774433006837648}. Best is trial 1285 with value: -0.6015874360929447.
[I 2026-08-20 00:52:56,722] Trial 1679 finished with value: 0.46679647320080586 and parameters: {'k1': 0.0016354023103685258, 'D_low': 26.8376092897789, 'k2': 2.2124935831035705e-05, 'D_high': 668332.8394639725, 'fire_exp': 4.674983887278891, 'P_half': 1.6951843296250362, 'pre_dampen_half': 430.04915742586155, 'gpp_af': 3.9879678100237546, 'gpp_b': 0.05033130726028411, 'gpp_d': 428.65984193060973, 'ign_k': 2.680989439315808, 'ign_c': 12.077634999412421, 'trop_agb_crit': 4.467244117214927, 'trop_k_veg': 2.7426298235314106}. Best is trial 1285 with value: -0.6015874360929447.
[I 2026-08-20 00:52:58,139] Trial 1680 finished with value: 0.6251105832295689 and parameters: {'k1': 9.230285638445986e-05, 'D_low': 74.34749072691653, 'k2': 0.0022209804854617103, 'D_high': 399.6334993353542, 'fire_exp': 4.062677806764017, 'P_half': 3.05779281762466, 'pre_dampen_half': 24.036702599883597, 'gpp_af': 0.001499304229820778, 'gpp_b': 1.4294038219081202e-05, 'gpp_d': 4.882417477101676, 'ign_k': 0.008394307624127413, 'ign_c': 0.9790020347788629, 'trop_agb_crit': 4.200049884293451, 'trop_k_veg': 2.9076871784310847}. Best is trial 1285 with value: -0.6015874360929447.
[I 2026-08-20 00:52:59,563] Trial 1681 finished with value: 0.6061118354462347 and parameters: {'k1': 0.0010573866074396504, 'D_low': 600.8552716145339, 'k2': 0.03015330760546893, 'D_high': 856995.1066020195, 'fire_exp': 6.7363840959652554, 'P_half': 1.1587970642582206, 'pre_dampen_half': 32.20634060045758, 'gpp_af': 1.4039377915121873, 'gpp_b': 0.0018959546392335845, 'gpp_d': 1.821823233786864, 'ign_k': 0.024186144566535176, 'ign_c': 0.9132997478631811, 'trop_agb_crit': 12.554408435802936, 'trop_k_veg': 4.68463562527671}. Best is trial 1285 with value: -0.6015874360929447.
[I 2026-08-20 00:53:00,965] Trial 1682 finished with value: 0.5855845136023474 and parameters: {'k1': 0.021219600399903983, 'D_low': 123.50008281099936, 'k2': 2.258552755078564e-05, 'D_high': 18.74218338942206, 'fire_exp': 1.004840452066547, 'P_half': 10.368102871871942, 'pre_dampen_half': 2.7396364151433152, 'gpp_af': 0.06575646574887224, 'gpp_b': 5.588108607858757e-05, 'gpp_d': 0.1665642583673533, 'ign_k': 0.04394730768005827, 'ign_c': 190.05218016980413, 'trop_agb_crit': 1.6040920168640953, 'trop_k_veg': 0.6044054207366726}. Best is trial 1285 with value: -0.6015874360929447.
[I 2026-08-20 00:53:02,360] Trial 1683 finished with value: 0.6445374145881376 and parameters: {'k1': 0.0015600405389900466, 'D_low': 2.14644018889789, 'k2': 0.00021675887675994606, 'D_high': 468094.61216390226, 'fire_exp': 4.871683203190224, 'P_half': 1.1268059322627504, 'pre_dampen_half': 0.2174412727487889, 'gpp_af': 5.2594431224979745, 'gpp_b': 0.0031199212237522397, 'gpp_d': 907.9022677568349, 'ign_k': 3.0743055904939167, 'ign_c': 66.84192758914243, 'trop_agb_crit': 4.083818061048947, 'trop_k_veg': 2.17383503205559}. Best is trial 1285 with value: -0.6015874360929447.
[I 2026-08-20 00:53:03,757] Trial 1684 finished with value: -0.5036684675892666 and parameters: {'k1': 6.64168726046103e-05, 'D_low': 5.47296990846256, 'k2': 0.00014079591101781992, 'D_high': 62484.76760741498, 'fire_exp': 1.9325476077659007, 'P_half': 3.843468347275756, 'pre_dampen_half': 252.33778164412115, 'gpp_af': 42.10910188371563, 'gpp_b': 0.05763052944433676, 'gpp_d': 219.4053766507266, 'ign_k': 0.06779020683640988, 'ign_c': 2.7292556015974343, 'trop_agb_crit': 19.38014369271285, 'trop_k_veg': 3.214267879061886}. Best is trial 1285 with value: -0.6015874360929447.
[I 2026-08-20 00:53:05,178] Trial 1685 finished with value: 0.6445313497770483 and parameters: {'k1': 0.05991378088907189, 'D_low': 5.092253162961646, 'k2': 7.665235255159692e-05, 'D_high': 656155.7513858587, 'fire_exp': 7.675163592851627, 'P_half': 33.950925144113384, 'pre_dampen_half': 0.7245939424039002, 'gpp_af': 2.2748525462948446, 'gpp_b': 4.901929277963031e-05, 'gpp_d': 706.7046257277092, 'ign_k': 0.1554178639082521, 'ign_c': 47.59681178885387, 'trop_agb_crit': 11.280594434261582, 'trop_k_veg': 2.1142085731595897}. Best is trial 1285 with value: -0.6015874360929447.
[I 2026-08-20 00:53:06,615] Trial 1686 finished with value: 0.6428417640651225 and parameters: {'k1': 3.427065690215622e-05, 'D_low': 17482.168768062158, 'k2': 0.06794248937642557, 'D_high': 182.3675151643747, 'fire_exp': 2.125799821919744, 'P_half': 1885.5244341726573, 'pre_dampen_half': 0.024534020833151964, 'gpp_af': 1.5371086931999194, 'gpp_b': 0.0009547997025701311, 'gpp_d': 1.7536946222352974, 'ign_k': 0.0016569372071727577, 'ign_c': 372.6834301643045, 'trop_agb_crit': 3.733836586208451, 'trop_k_veg': 1.1783462699826144}. Best is trial 1285 with value: -0.6015874360929447.
