[I 2026-08-19 17:07:58,089] Trial 347 finished with value: 0.39965531817002575 and parameters: {'k1': 0.0011940733418669346, 'D_low': 68.10640123642922, 'k2': 0.00025415409986246344, 'D_high': 8874978.88001838, 'fire_exp': 2.015219957339359, 'P_half': 12.942461593135988, 'pre_dampen_half': 2.318035118188525, 'gpp_af': 0.07509814707486949, 'gpp_b': 0.0018167018411092354, 'gpp_d': 96.24666440006627, 'ign_k': 0.39488531087121753, 'ign_c': 0.8960763105131319, 'trop_agb_crit': 15.178258482090747, 'trop_k_veg': 5.5123425262717864, 'pop_amp': 0.004674799436471663, 'pop_peak': 79.77604320677216, 'pop_sig': 1.2181825633021168, 'fuel_k': 1.1230087605745327, 'fuel_half': 0.6798896052655151}. Best is trial 0 with value: -0.6094076133578652.
[I 2026-08-19 17:07:59,640] Trial 348 finished with value: -0.5352013086955326 and parameters: {'k1': 0.00032243621005930974, 'D_low': 415.5671887768645, 'k2': 0.012295602285896996, 'D_high': 1375423.4771175068, 'fire_exp': 1.1299044450943716, 'P_half': 7.423367394624555, 'pre_dampen_half': 7.681971970816365, 'gpp_af': 1.6711369922949455, 'gpp_b': 0.006060570903281442, 'gpp_d': 16.62404007808012, 'ign_k': 0.03190798273783723, 'ign_c': 31.840976822084453, 'trop_agb_crit': 21.00067952583602, 'trop_k_veg': 0.8136790431230843, 'pop_amp': 0.002773745855378695, 'pop_peak': 1.7689931083541308, 'pop_sig': 0.40617122131033223, 'fuel_k': 0.8664147765699604, 'fuel_half': 80.11230767650753}. Best is trial 0 with value: -0.6094076133578652.
[I 2026-08-19 17:08:01,259] Trial 349 finished with value: 0.5672143152811253 and parameters: {'k1': 0.00017669302934926974, 'D_low': 12.293270917017969, 'k2': 0.0721927909446012, 'D_high': 6229178.39442886, 'fire_exp': 1.4788400992514223, 'P_half': 12.79717253328306, 'pre_dampen_half': 0.6774410931275684, 'gpp_af': 9.351910727040192, 'gpp_b': 0.021347428589351496, 'gpp_d': 6.369743689708532, 'ign_k': 0.009656314387969817, 'ign_c': 57.94593906404586, 'trop_agb_crit': 23.30257193523962, 'trop_k_veg': 1.6062924186048495, 'pop_amp': 0.016978484697285613, 'pop_peak': 0.15129451636908825, 'pop_sig': 0.5127045198925149, 'fuel_k': 2.4886152411435383, 'fuel_half': 11.927905426632279}. Best is trial 0 with value: -0.6094076133578652.
[I 2026-08-19 17:08:02,812] Trial 350 finished with value: 0.5895700309781591 and parameters: {'k1': 0.003189854503547909, 'D_low': 1026.9217042942926, 'k2': 0.0006425684288555161, 'D_high': 23650.137475937223, 'fire_exp': 3.3118741630065034, 'P_half': 65.49806494814597, 'pre_dampen_half': 0.5556611091855802, 'gpp_af': 15.343054289310704, 'gpp_b': 1.997675455465363e-05, 'gpp_d': 27.742202057314376, 'ign_k': 0.00265917621502552, 'ign_c': 1.3914183167151335, 'trop_agb_crit': 29.702188865000036, 'trop_k_veg': 4.211095126073673, 'pop_amp': 0.0019525907436964427, 'pop_peak': 0.7419961760018873, 'pop_sig': 1.3873414980101977, 'fuel_k': 0.15347787600431925, 'fuel_half': 0.16247846221821083}. Best is trial 0 with value: -0.6094076133578652.
[I 2026-08-19 17:08:04,380] Trial 351 finished with value: -0.4830802214839374 and parameters: {'k1': 7.355039710272116e-05, 'D_low': 176.7686427157565, 'k2': 0.0021741075226423823, 'D_high': 43169.181417746826, 'fire_exp': 1.1908662692922818, 'P_half': 33.69297482197415, 'pre_dampen_half': 28.24675925429545, 'gpp_af': 0.708354374621362, 'gpp_b': 0.05470219274783984, 'gpp_d': 94.75003058523734, 'ign_k': 0.020918121534186672, 'ign_c': 26.93305863134833, 'trop_agb_crit': 21.56934643475503, 'trop_k_veg': 0.570812740364742, 'pop_amp': 0.005641035607107958, 'pop_peak': 0.3948848525895303, 'pop_sig': 0.40524336967429786, 'fuel_k': 3.004426127996894, 'fuel_half': 43.736361137197555}. Best is trial 0 with value: -0.6094076133578652.
[I 2026-08-19 17:08:05,948] Trial 352 finished with value: 0.657685254207343 and parameters: {'k1': 9.059688174309591e-05, 'D_low': 55.634168284211356, 'k2': 0.0013930652984038509, 'D_high': 2244112.899329745, 'fire_exp': 1.0959522236689385, 'P_half': 115.21734940775445, 'pre_dampen_half': 5.369163453139394, 'gpp_af': 0.06225717229893241, 'gpp_b': 1.0880964658411373e-05, 'gpp_d': 2.9733519001271116, 'ign_k': 7.597536713046734, 'ign_c': 35.671919566711374, 'trop_agb_crit': 4.625402785321608, 'trop_k_veg': 0.7002027020063616, 'pop_amp': 0.035293238891931075, 'pop_peak': 0.19596531108852044, 'pop_sig': 0.7240838427676366, 'fuel_k': 0.20564053629126663, 'fuel_half': 80.56330820187175}. Best is trial 0 with value: -0.6094076133578652.
[I 2026-08-19 17:08:07,554] Trial 353 finished with value: 0.6038183993353314 and parameters: {'k1': 0.00011184271773452698, 'D_low': 1053.8508255770298, 'k2': 0.05542430924588194, 'D_high': 115446.20355657913, 'fire_exp': 1.7465068215258173, 'P_half': 1.5356358834557335, 'pre_dampen_half': 16.671887598919877, 'gpp_af': 17.496352130429617, 'gpp_b': 0.0010180813384299047, 'gpp_d': 18.826746769181508, 'ign_k': 0.020927912380834267, 'ign_c': 725.449136820751, 'trop_agb_crit': 20.35388849716694, 'trop_k_veg': 1.2724644615650833, 'pop_amp': 0.0039306720206920285, 'pop_peak': 5.540041008593978, 'pop_sig': 0.723983095702369, 'fuel_k': 0.4872784986749464, 'fuel_half': 38.276750454472655}. Best is trial 0 with value: -0.6094076133578652.
[I 2026-08-19 17:08:09,104] Trial 354 finished with value: -0.5523316988442454 and parameters: {'k1': 0.09569248045640713, 'D_low': 55.92749870117907, 'k2': 0.0012645354170499241, 'D_high': 4096593.332166657, 'fire_exp': 1.1820279069475728, 'P_half': 14.711185654763181, 'pre_dampen_half': 0.030978377396205646, 'gpp_af': 0.01253002868986415, 'gpp_b': 0.000279693677638411, 'gpp_d': 0.09801657384054605, 'ign_k': 0.011427914805420263, 'ign_c': 0.19961738582543798, 'trop_agb_crit': 1.1640814617087023, 'trop_k_veg': 3.605611782859548, 'pop_amp': 10.348883832697467, 'pop_peak': 2.6411833332337005, 'pop_sig': 2.0266443304227058, 'fuel_k': 0.03993891678599262, 'fuel_half': 1.9860008897830808}. Best is trial 0 with value: -0.6094076133578652.
[I 2026-08-19 17:08:10,703] Trial 355 finished with value: 0.5373638913571557 and parameters: {'k1': 0.031538981683532405, 'D_low': 48.49099521587028, 'k2': 0.021531412308992515, 'D_high': 547713.9139658458, 'fire_exp': 1.7378293023877294, 'P_half': 21.947794804916523, 'pre_dampen_half': 0.03258259877839678, 'gpp_af': 0.2657826883754317, 'gpp_b': 4.097067106072674e-05, 'gpp_d': 0.3004694726496449, 'ign_k': 0.0037150036729728677, 'ign_c': 1.1364338986108515, 'trop_agb_crit': 1.6813139740474337, 'trop_k_veg': 2.542139054672412, 'pop_amp': 2.858391777339807, 'pop_peak': 0.49967228606394565, 'pop_sig': 0.9348347572303474, 'fuel_k': 0.1572491450496894, 'fuel_half': 5.875692362845786}. Best is trial 0 with value: -0.6094076133578652.
[I 2026-08-19 17:08:12,285] Trial 356 finished with value: 0.4276734428116943 and parameters: {'k1': 0.0707325071096653, 'D_low': 989.1092195095365, 'k2': 0.0001879315764334607, 'D_high': 656733.1461854071, 'fire_exp': 1.6277967934786344, 'P_half': 5.602396859031184, 'pre_dampen_half': 0.06813575077049765, 'gpp_af': 0.0033927036347778964, 'gpp_b': 0.00016936722676861332, 'gpp_d': 0.04071269513961236, 'ign_k': 0.0413551358163757, 'ign_c': 0.18096872902831823, 'trop_agb_crit': 1.2408504543372223, 'trop_k_veg': 1.486714503026914, 'pop_amp': 8.186979889905599, 'pop_peak': 23.942903641517983, 'pop_sig': 1.0995579182669564, 'fuel_k': 0.03415991739604436, 'fuel_half': 2.0264057334860097}. Best is trial 0 with value: -0.6094076133578652.
  trial  357/2500  best_overall=0.6094  (9.8 min)
[I 2026-08-19 17:08:13,934] Trial 357 finished with value: -0.5549779221630957 and parameters: {'k1': 0.0017402373800724283, 'D_low': 43.15224275827728, 'k2': 0.08387146894116826, 'D_high': 1656877.9163214178, 'fire_exp': 1.2883089102018435, 'P_half': 8.451806069746251, 'pre_dampen_half': 0.4804182323816681, 'gpp_af': 0.5117654517046206, 'gpp_b': 0.007295163827800769, 'gpp_d': 78.79371011243936, 'ign_k': 0.11483573937125988, 'ign_c': 0.5267559981848796, 'trop_agb_crit': 17.119865267842947, 'trop_k_veg': 0.8780473366065322, 'pop_amp': 0.044633548097888456, 'pop_peak': 0.07471426267628106, 'pop_sig': 0.7733611539627768, 'fuel_k': 0.10603500337064226, 'fuel_half': 56.39494899537099}. Best is trial 0 with value: -0.6094076133578652.
[I 2026-08-19 17:08:15,487] Trial 358 finished with value: 0.5101171050857716 and parameters: {'k1': 0.000641030866042452, 'D_low': 1124.9588537269651, 'k2': 0.0006173764032361814, 'D_high': 702394.2517494657, 'fire_exp': 4.553552285296821, 'P_half': 396.5179343304204, 'pre_dampen_half': 92.5602104064538, 'gpp_af': 0.2959201722208961, 'gpp_b': 0.0001341194887566878, 'gpp_d': 4.538844974699991, 'ign_k': 3.7236405794448237, 'ign_c': 4.47148687268409, 'trop_agb_crit': 17.56037243651872, 'trop_k_veg': 3.4853927327346965, 'pop_amp': 0.014162775773754868, 'pop_peak': 15.892207252985258, 'pop_sig': 0.5325261130212761, 'fuel_k': 0.7000738064424501, 'fuel_half': 1.385928586431671}. Best is trial 0 with value: -0.6094076133578652.
[I 2026-08-19 17:08:17,038] Trial 359 finished with value: 0.43680638767448987 and parameters: {'k1': 0.00019719158849879588, 'D_low': 1075.6517601015673, 'k2': 0.0005386308988114829, 'D_high': 30194.785141178905, 'fire_exp': 1.1298055773736906, 'P_half': 18.33060939056551, 'pre_dampen_half': 1.689977496981473, 'gpp_af': 0.00422969789018209, 'gpp_b': 1.0460480991818216e-05, 'gpp_d': 0.2010381624190112, 'ign_k': 1.0358039844561284, 'ign_c': 4.484010099320697, 'trop_agb_crit': 27.16291206879698, 'trop_k_veg': 3.1843721747917257, 'pop_amp': 0.0016519959334753336, 'pop_peak': 19.442297596146577, 'pop_sig': 2.0764023731442247, 'fuel_k': 1.9708967126704293, 'fuel_half': 0.614769764614688}. Best is trial 0 with value: -0.6094076133578652.
[I 2026-08-19 17:08:18,598] Trial 360 finished with value: 0.49884488694154827 and parameters: {'k1': 0.07334169830077081, 'D_low': 13.34860374470161, 'k2': 0.0018828038689916102, 'D_high': 4978330.658464702, 'fire_exp': 2.122147794244865, 'P_half': 12.187293822433196, 'pre_dampen_half': 0.04311490798702313, 'gpp_af': 0.0030439983853992815, 'gpp_b': 0.00017201386957598418, 'gpp_d': 0.3282886133786856, 'ign_k': 0.025728868959109696, 'ign_c': 0.3268750508387519, 'trop_agb_crit': 1.8431268858807368, 'trop_k_veg': 4.671191177923156, 'pop_amp': 4.277520045032276, 'pop_peak': 0.6517486779556366, 'pop_sig': 2.4278704678820895, 'fuel_k': 0.040977705047009705, 'fuel_half': 0.5945227344156}. Best is trial 0 with value: -0.6094076133578652.
[I 2026-08-19 17:08:20,117] Trial 361 finished with value: 0.5823395960173994 and parameters: {'k1': 0.003325499082914492, 'D_low': 3.521224723941311, 'k2': 0.015495014644541559, 'D_high': 109158.297088049, 'fire_exp': 1.548417948534011, 'P_half': 53.60643606559399, 'pre_dampen_half': 0.17743311623123106, 'gpp_af': 0.012970441574608757, 'gpp_b': 0.022521966336457484, 'gpp_d': 19.420313650183243, 'ign_k': 0.08705354843848084, 'ign_c': 0.6326628804499007, 'trop_agb_crit': 22.73211491564996, 'trop_k_veg': 1.3814591731711765, 'pop_amp': 0.012252420659577325, 'pop_peak': 0.1277407415039096, 'pop_sig': 0.8316373815015994, 'fuel_k': 0.0238835894178684, 'fuel_half': 44.62790473437593}. Best is trial 0 with value: -0.6094076133578652.
[I 2026-08-19 17:08:21,702] Trial 362 finished with value: 0.5900830305965024 and parameters: {'k1': 0.0003080747296175316, 'D_low': 5737.010091585761, 'k2': 0.006600236570096235, 'D_high': 4445881.069848037, 'fire_exp': 1.3906657076590132, 'P_half': 3.1164504248006892, 'pre_dampen_half': 118.53510552444965, 'gpp_af': 0.521620220993777, 'gpp_b': 0.04092174179949888, 'gpp_d': 39.79523301709639, 'ign_k': 0.08915638754613302, 'ign_c': 50.099587733532985, 'trop_agb_crit': 25.446653441002148, 'trop_k_veg': 1.1748440589266942, 'pop_amp': 0.0034676668826145642, 'pop_peak': 1.5361168971796906, 'pop_sig': 0.46538744016878136, 'fuel_k': 0.09490318589084516, 'fuel_half': 47.68242887394508}. Best is trial 0 with value: -0.6094076133578652.
[I 2026-08-19 17:08:23,295] Trial 363 finished with value: 0.4123698642028141 and parameters: {'k1': 0.023765701877648645, 'D_low': 107.75539957590335, 'k2': 0.0023597249098442053, 'D_high': 682805.7043697631, 'fire_exp': 2.0937069147427967, 'P_half': 1.2557783598484098, 'pre_dampen_half': 5.5383497927598455, 'gpp_af': 0.005247927120798235, 'gpp_b': 0.00019045691143143034, 'gpp_d': 2.310840555241296, 'ign_k': 0.07297144148895768, 'ign_c': 2.115325929057372, 'trop_agb_crit': 2.4738806344578563, 'trop_k_veg': 1.3280358072906484, 'pop_amp': 1.4879761656803556, 'pop_peak': 0.5350436734073263, 'pop_sig': 0.9805456792539561, 'fuel_k': 0.04397538028817711, 'fuel_half': 1.5462103718219495}. Best is trial 0 with value: -0.6094076133578652.
[I 2026-08-19 17:08:24,892] Trial 364 finished with value: 0.4198136157514373 and parameters: {'k1': 0.04093663313284391, 'D_low': 79.67540110005815, 'k2': 0.014879716166420703, 'D_high': 2613060.9825361096, 'fire_exp': 1.7422208282471825, 'P_half': 2.191072152808757, 'pre_dampen_half': 11.24011199843996, 'gpp_af': 2.026126524838475, 'gpp_b': 0.007616990424560591, 'gpp_d': 41.41951317909645, 'ign_k': 0.1171686902053599, 'ign_c': 0.4615808638984926, 'trop_agb_crit': 12.501490578980219, 'trop_k_veg': 1.1334459597546063, 'pop_amp': 0.08169093336463118, 'pop_peak': 0.062164222573767365, 'pop_sig': 0.6952129032681634, 'fuel_k': 0.17046523205158354, 'fuel_half': 10.002434247490685}. Best is trial 0 with value: -0.6094076133578652.
[I 2026-08-19 17:08:26,560] Trial 365 finished with value: 0.4653906828010007 and parameters: {'k1': 0.04558156410441633, 'D_low': 95.55537435842335, 'k2': 0.0011040306231675427, 'D_high': 2241319.5597857516, 'fire_exp': 1.184042267421444, 'P_half': 167.09993619576025, 'pre_dampen_half': 0.037063539420397945, 'gpp_af': 0.0010049040573226048, 'gpp_b': 1.48074011393767e-05, 'gpp_d': 0.046904892824388, 'ign_k': 0.024776027656458147, 'ign_c': 0.19652378198870016, 'trop_agb_crit': 1.0174788287922643, 'trop_k_veg': 3.537811161850759, 'pop_amp': 15.08127860819493, 'pop_peak': 1.171533530545897, 'pop_sig': 1.8119250068361707, 'fuel_k': 0.09727659712490729, 'fuel_half': 5.556197896333367}. Best is trial 0 with value: -0.6094076133578652.
[I 2026-08-19 17:08:28,336] Trial 366 finished with value: -0.5874725124928726 and parameters: {'k1': 0.00019906086244948212, 'D_low': 3.137640114638762, 'k2': 0.0325283115549404, 'D_high': 3439657.244908422, 'fire_exp': 1.8531898433969407, 'P_half': 17.994944516951705, 'pre_dampen_half': 2.105071700490158, 'gpp_af': 0.8942639117859216, 'gpp_b': 0.0010930237810101264, 'gpp_d': 111.7026641879495, 'ign_k': 0.32980230200047744, 'ign_c': 6.026368565048458, 'trop_agb_crit': 14.794685107978774, 'trop_k_veg': 1.1923717546085213, 'pop_amp': 0.0013365221633790706, 'pop_peak': 0.32000437455148834, 'pop_sig': 0.6565580082377751, 'fuel_k': 0.12631363921373612, 'fuel_half': 8.962837907882465}. Best is trial 0 with value: -0.6094076133578652.
[I 2026-08-19 17:08:30,252] Trial 367 finished with value: 0.4404670729625636 and parameters: {'k1': 0.017176853603578887, 'D_low': 108.65211801265097, 'k2': 0.0006196139646211374, 'D_high': 9762553.05317674, 'fire_exp': 1.143307014805849, 'P_half': 7.940362622127156, 'pre_dampen_half': 0.027380333524687776, 'gpp_af': 0.03639686662159929, 'gpp_b': 0.0018146758090246049, 'gpp_d': 0.021551695305013597, 'ign_k': 0.0018101676209472464, 'ign_c': 0.13185281419429237, 'trop_agb_crit': 1.0123642426384716, 'trop_k_veg': 2.9006716016883707, 'pop_amp': 13.433139572852493, 'pop_peak': 1.3026195647979744, 'pop_sig': 1.8419093739931411, 'fuel_k': 0.010697803510380239, 'fuel_half': 0.28199377667809944}. Best is trial 0 with value: -0.6094076133578652.
[I 2026-08-19 17:08:32,161] Trial 368 finished with value: 0.5441559218775375 and parameters: {'k1': 0.00815673278891455, 'D_low': 17086.860134603336, 'k2': 0.054733124376862834, 'D_high': 5006461.7724241195, 'fire_exp': 1.8298872661683725, 'P_half': 311.87557296498, 'pre_dampen_half': 1.2675865927360193, 'gpp_af': 0.09841322525352783, 'gpp_b': 3.128686154429736e-05, 'gpp_d': 19.90058341500464, 'ign_k': 3.3864148035828667, 'ign_c': 0.5296932055769271, 'trop_agb_crit': 1.086493795992763, 'trop_k_veg': 0.8370629713839011, 'pop_amp': 0.33744783268044987, 'pop_peak': 0.07191038919157902, 'pop_sig': 0.28269666479994743, 'fuel_k': 0.03461195178031399, 'fuel_half': 26.11005794770902}. Best is trial 0 with value: -0.6094076133578652.
[I 2026-08-19 17:08:33,888] Trial 369 finished with value: -0.5610291047563474 and parameters: {'k1': 0.00021978505065076801, 'D_low': 169.41461054853582, 'k2': 0.009251131776888067, 'D_high': 891478.8754611096, 'fire_exp': 1.0497766024828086, 'P_half': 5.189673887967726, 'pre_dampen_half': 0.26157571292717546, 'gpp_af': 11.03440819808046, 'gpp_b': 0.006336488608202203, 'gpp_d': 27.944617830797476, 'ign_k': 0.5254477372505892, 'ign_c': 0.2174991048500409, 'trop_agb_crit': 25.634761283891567, 'trop_k_veg': 1.0562043676098813, 'pop_amp': 0.005597273865383771, 'pop_peak': 0.344247584157809, 'pop_sig': 0.491383623447875, 'fuel_k': 0.17972328786705702, 'fuel_half': 38.52272108867876}. Best is trial 0 with value: -0.6094076133578652.
  trial  370/2500  best_overall=0.6094  (10.2 min)
[I 2026-08-19 17:08:35,613] Trial 370 finished with value: 0.49529433117497146 and parameters: {'k1': 1.3179970287244595e-05, 'D_low': 3.2909064119490967, 'k2': 0.034179519240138755, 'D_high': 3535508.5936559225, 'fire_exp': 2.228649190070579, 'P_half': 3.365688886406236, 'pre_dampen_half': 0.7973592962355803, 'gpp_af': 0.1608831876679825, 'gpp_b': 4.335771442185655e-05, 'gpp_d': 271.97342443229246, 'ign_k': 1.0458103563359527, 'ign_c': 1.6777712730058725, 'trop_agb_crit': 12.925609855460925, 'trop_k_veg': 1.1483876638684563, 'pop_amp': 0.016328710641458792, 'pop_peak': 2.3533367028403074, 'pop_sig': 0.4054694987184127, 'fuel_k': 0.1106032655524872, 'fuel_half': 6.657017630673551}. Best is trial 0 with value: -0.6094076133578652.
[I 2026-08-19 17:08:37,303] Trial 371 finished with value: -0.5454706020805954 and parameters: {'k1': 0.0005273278443725407, 'D_low': 46.679625810165035, 'k2': 0.03079164682720561, 'D_high': 2283556.021011959, 'fire_exp': 2.4167644729934254, 'P_half': 28.465311591256054, 'pre_dampen_half': 8.029221005884068, 'gpp_af': 17.625589415625925, 'gpp_b': 0.004178435677383171, 'gpp_d': 277.4800499233233, 'ign_k': 0.10309745722038298, 'ign_c': 13.901420717824859, 'trop_agb_crit': 7.227538822740562, 'trop_k_veg': 1.484086832933483, 'pop_amp': 0.0058027821381365086, 'pop_peak': 0.9110217528365006, 'pop_sig': 0.35924968351272657, 'fuel_k': 0.08721842668287869, 'fuel_half': 24.900319230724623}. Best is trial 0 with value: -0.6094076133578652.
[I 2026-08-19 17:08:38,901] Trial 372 finished with value: -0.5722228637195342 and parameters: {'k1': 0.0002185220957215251, 'D_low': 6.1477681967691975, 'k2': 0.002166337603162823, 'D_high': 1440116.4930687677, 'fire_exp': 1.4938948481772818, 'P_half': 16.388241905374755, 'pre_dampen_half': 1.652412469514504, 'gpp_af': 1.0463236677857262, 'gpp_b': 0.037606224474857876, 'gpp_d': 73.14823757532179, 'ign_k': 0.5509108350550416, 'ign_c': 0.5384405715488432, 'trop_agb_crit': 27.667066520842855, 'trop_k_veg': 1.8278390474959771, 'pop_amp': 0.004090050905165984, 'pop_peak': 0.07190722443233093, 'pop_sig': 0.8422755566796226, 'fuel_k': 0.2789513999840739, 'fuel_half': 23.105475283285532}. Best is trial 0 with value: -0.6094076133578652.
[I 2026-08-19 17:08:40,561] Trial 373 finished with value: 0.45500801317894213 and parameters: {'k1': 1.4901713553725689e-05, 'D_low': 4.21948906143984, 'k2': 0.004621820629138195, 'D_high': 613365.9342795733, 'fire_exp': 1.0183982573881607, 'P_half': 1.3387895643801218, 'pre_dampen_half': 5.131254062304313, 'gpp_af': 0.0870922677157571, 'gpp_b': 0.025514884037641242, 'gpp_d': 397.2605961164989, 'ign_k': 5.488399355516881, 'ign_c': 0.2970812333739118, 'trop_agb_crit': 27.757652247729286, 'trop_k_veg': 2.6856931194136204, 'pop_amp': 0.0032180194440512883, 'pop_peak': 0.2902819657688495, 'pop_sig': 0.7255637111246105, 'fuel_k': 0.09524388733833704, 'fuel_half': 55.15686618299277}. Best is trial 0 with value: -0.6094076133578652.
[I 2026-08-19 17:08:42,317] Trial 374 finished with value: 0.5038543218857496 and parameters: {'k1': 0.00018988341488796357, 'D_low': 123.70001234958431, 'k2': 0.0004953260058617498, 'D_high': 1440808.5344199606, 'fire_exp': 3.2266014848672304, 'P_half': 6.8430984646640844, 'pre_dampen_half': 0.027598101501535396, 'gpp_af': 22.81230441806105, 'gpp_b': 0.00011458267020191225, 'gpp_d': 495.1268765590024, 'ign_k': 0.6300829007120288, 'ign_c': 0.27584489284359265, 'trop_agb_crit': 28.7938918199228, 'trop_k_veg': 0.9791054683145024, 'pop_amp': 0.003053005584256885, 'pop_peak': 4.606634280102815, 'pop_sig': 0.41556945881719365, 'fuel_k': 0.09116820109757023, 'fuel_half': 77.14927395828158}. Best is trial 0 with value: -0.6094076133578652.
[I 2026-08-19 17:08:44,088] Trial 375 finished with value: 0.6445374145881376 and parameters: {'k1': 3.816492799872685e-05, 'D_low': 21.501305813155444, 'k2': 0.008200958341267656, 'D_high': 6521975.791794622, 'fire_exp': 4.6335177850232085, 'P_half': 39.33081752597999, 'pre_dampen_half': 0.3930198492160882, 'gpp_af': 0.6398497460966817, 'gpp_b': 0.007497237970265975, 'gpp_d': 56.49714279385965, 'ign_k': 0.11714274762956485, 'ign_c': 127.4164226124546, 'trop_agb_crit': 27.926787341112004, 'trop_k_veg': 2.0621398552344434, 'pop_amp': 0.0013028523898760873, 'pop_peak': 0.5358470583053514, 'pop_sig': 0.5528793974988829, 'fuel_k': 0.17049966325033888, 'fuel_half': 16.244882304155205}. Best is trial 0 with value: -0.6094076133578652.
