[I 2026-08-20 00:38:13,595] Trial 1093 finished with value: 0.6447567233067002 and parameters: {'k1': 0.07405652134147472, 'D_low': 235.91580032492584, 'k2': 0.002404476806926855, 'D_high': 729785.0821535424, 'fire_exp': 5.765450075448262, 'P_half': 104.87550936718961, 'pre_dampen_half': 197.73353424193402, 'gpp_af': 0.5000567195806156, 'gpp_b': 7.419733465067337, 'gpp_d': 8.451893478651833, 'ign_k': 0.0011228084154789317, 'ign_c': 0.8094128450952899, 'trop_agb_crit': 17.62484886437976, 'trop_k_veg': 0.7355502474177503}. Best is trial 0 with value: -0.5989088506199346.
[I 2026-08-20 00:38:14,973] Trial 1094 finished with value: 0.41613773583025915 and parameters: {'k1': 0.000876377714423165, 'D_low': 1.1177472700773428, 'k2': 0.00018278245157513502, 'D_high': 2887663.513171558, 'fire_exp': 1.0540405213856163, 'P_half': 33.12664576122931, 'pre_dampen_half': 3.8913984454744246, 'gpp_af': 0.010862291946803852, 'gpp_b': 0.00034673762244163205, 'gpp_d': 37.15544045307008, 'ign_k': 1.0305409061698405, 'ign_c': 3.6116220590324986, 'trop_agb_crit': 5.456253310802313, 'trop_k_veg': 2.582316092768148}. Best is trial 0 with value: -0.5989088506199346.
[I 2026-08-20 00:38:16,618] Trial 1095 finished with value: 0.5394560825783901 and parameters: {'k1': 2.7138588206107963e-05, 'D_low': 25.83719479224606, 'k2': 1.9991245031295796e-05, 'D_high': 6016670.306405014, 'fire_exp': 4.424958292598267, 'P_half': 3.3751366650659067, 'pre_dampen_half': 101.18271116445044, 'gpp_af': 1.7399378625784339, 'gpp_b': 0.08242109384947782, 'gpp_d': 182.6853889462134, 'ign_k': 1.6866886126631104, 'ign_c': 18.217063416467436, 'trop_agb_crit': 5.643474484252291, 'trop_k_veg': 1.230323948079692}. Best is trial 0 with value: -0.5989088506199346.
[I 2026-08-20 00:38:17,992] Trial 1096 finished with value: 0.6445374145881376 and parameters: {'k1': 0.001027182761507185, 'D_low': 60582.58742612356, 'k2': 0.008495088558053655, 'D_high': 9974.630469858124, 'fire_exp': 1.0723898283617073, 'P_half': 134.03070535678623, 'pre_dampen_half': 0.12044643645786562, 'gpp_af': 8.432720379527138, 'gpp_b': 3.227286041548763e-05, 'gpp_d': 1.4753566471114499, 'ign_k': 0.0014634754340974285, 'ign_c': 6.510985548475496, 'trop_agb_crit': 18.800354660524825, 'trop_k_veg': 0.5289172400479928}. Best is trial 0 with value: -0.5989088506199346.
[I 2026-08-20 00:38:19,376] Trial 1097 finished with value: 0.6445374145881376 and parameters: {'k1': 0.08929639726998945, 'D_low': 1148.878316236771, 'k2': 0.0009347311924897196, 'D_high': 4101.198732751193, 'fire_exp': 2.4535784179068987, 'P_half': 611.9308275943818, 'pre_dampen_half': 0.5049896508173465, 'gpp_af': 0.29655364523397093, 'gpp_b': 0.11085909791444493, 'gpp_d': 402.5886090345408, 'ign_k': 0.14949106405597187, 'ign_c': 116.88129934347033, 'trop_agb_crit': 19.767744913787016, 'trop_k_veg': 2.678082276294925}. Best is trial 0 with value: -0.5989088506199346.
[I 2026-08-20 00:38:20,818] Trial 1098 finished with value: 0.616923861589392 and parameters: {'k1': 0.0015246590755394176, 'D_low': 1.5889505530792234, 'k2': 1.1289925283850175e-05, 'D_high': 4588849.453770369, 'fire_exp': 4.4510400663889005, 'P_half': 3.365567830611341, 'pre_dampen_half': 1.2969428909235472, 'gpp_af': 25.403240989702585, 'gpp_b': 3.289613899956707, 'gpp_d': 2.339985731139878, 'ign_k': 6.27799399187424, 'ign_c': 10.269585964063902, 'trop_agb_crit': 8.690488695778019, 'trop_k_veg': 0.8453306632478982}. Best is trial 0 with value: -0.5989088506199346.
[I 2026-08-20 00:38:22,215] Trial 1099 finished with value: 0.5907628218088056 and parameters: {'k1': 0.0003512742266681287, 'D_low': 76.20782104020002, 'k2': 0.00032683858181901417, 'D_high': 13872.11338829486, 'fire_exp': 2.025823784539964, 'P_half': 15.550543281780437, 'pre_dampen_half': 0.05534644890565861, 'gpp_af': 0.004869732142799608, 'gpp_b': 7.031900909391349e-05, 'gpp_d': 7.913766748180281, 'ign_k': 0.5851196476460904, 'ign_c': 2.1060908150056874, 'trop_agb_crit': 1.6599572745211348, 'trop_k_veg': 5.789864710491833}. Best is trial 0 with value: -0.5989088506199346.
[I 2026-08-20 00:38:23,577] Trial 1100 finished with value: 0.5126554993661856 and parameters: {'k1': 0.01730855478413794, 'D_low': 867.8295597971464, 'k2': 9.645957296805411e-05, 'D_high': 6618066.869597808, 'fire_exp': 2.9633828289838404, 'P_half': 621.8253398019228, 'pre_dampen_half': 49.03711740426756, 'gpp_af': 0.248898443790015, 'gpp_b': 8.170106977361345e-05, 'gpp_d': 126.2125091328548, 'ign_k': 0.18156876075817277, 'ign_c': 11.40174034744585, 'trop_agb_crit': 12.100532874197727, 'trop_k_veg': 5.6134043692682}. Best is trial 0 with value: -0.5989088506199346.
[I 2026-08-20 00:38:24,917] Trial 1101 finished with value: 0.5857350758107087 and parameters: {'k1': 0.0001404048842890014, 'D_low': 9.242614423929693, 'k2': 0.0010918863796033193, 'D_high': 954341.1801155619, 'fire_exp': 2.0733413435371717, 'P_half': 5.963088619422045, 'pre_dampen_half': 7.526562239528235, 'gpp_af': 2.8463835960449884, 'gpp_b': 1.951561587004474, 'gpp_d': 719.1614226440831, 'ign_k': 0.004013858992014692, 'ign_c': 51.047086226623954, 'trop_agb_crit': 19.26926039825651, 'trop_k_veg': 0.5536397504177315}. Best is trial 0 with value: -0.5989088506199346.
[I 2026-08-20 00:38:26,392] Trial 1102 finished with value: 0.6062661651369383 and parameters: {'k1': 3.346781702192737e-05, 'D_low': 15.45611296700694, 'k2': 0.03851751967834508, 'D_high': 2600.137583390298, 'fire_exp': 1.6283331889077717, 'P_half': 67.05023327605505, 'pre_dampen_half': 0.038631421987021304, 'gpp_af': 3.7481144266858983, 'gpp_b': 0.28072027380341275, 'gpp_d': 39.54286002937437, 'ign_k': 0.002423905976829458, 'ign_c': 202.1114759949993, 'trop_agb_crit': 8.465690755916096, 'trop_k_veg': 2.135681623432127}. Best is trial 0 with value: -0.5989088506199346.
[I 2026-08-20 00:38:27,743] Trial 1103 finished with value: 0.6407925072911357 and parameters: {'k1': 6.29985652108973e-05, 'D_low': 106317.0795252315, 'k2': 0.09177971567112299, 'D_high': 4090322.473041366, 'fire_exp': 2.4855994461424666, 'P_half': 2.2997316700301367, 'pre_dampen_half': 441.4223848971621, 'gpp_af': 0.12734407549227078, 'gpp_b': 0.26365948417617524, 'gpp_d': 125.34069554542727, 'ign_k': 0.003282453039998015, 'ign_c': 114.65965495629348, 'trop_agb_crit': 7.9365474810694865, 'trop_k_veg': 0.8667094269189908}. Best is trial 0 with value: -0.5989088506199346.
[I 2026-08-20 00:38:29,125] Trial 1104 finished with value: 0.6445374145881376 and parameters: {'k1': 0.02334380832890479, 'D_low': 102.14476155987744, 'k2': 0.01852980062949621, 'D_high': 5546.711647657259, 'fire_exp': 1.224730808881505, 'P_half': 8.021339578371432, 'pre_dampen_half': 968.2106733340821, 'gpp_af': 0.48674388760311044, 'gpp_b': 0.09972029914557799, 'gpp_d': 4.003747882324073, 'ign_k': 0.06827851234147266, 'ign_c': 729.4127477444571, 'trop_agb_crit': 23.422209828350976, 'trop_k_veg': 1.0020718071612285}. Best is trial 0 with value: -0.5989088506199346.
[I 2026-08-20 00:38:30,511] Trial 1105 finished with value: 0.5740576003504474 and parameters: {'k1': 1.195597414765785e-05, 'D_low': 1181.0603748305437, 'k2': 0.0041395126292663965, 'D_high': 35730.54398995399, 'fire_exp': 2.759485618424275, 'P_half': 7.091795759061123, 'pre_dampen_half': 5.096889805945031, 'gpp_af': 0.4822029153437893, 'gpp_b': 0.00021493803275744017, 'gpp_d': 2.086218276170843, 'ign_k': 3.37816663104253, 'ign_c': 11.405844925473898, 'trop_agb_crit': 13.437172824007957, 'trop_k_veg': 0.6308183762538532}. Best is trial 0 with value: -0.5989088506199346.
[I 2026-08-20 00:38:31,880] Trial 1106 finished with value: 0.6087883658189209 and parameters: {'k1': 0.00031904634204382276, 'D_low': 1.5532151828660286, 'k2': 1.1774647533161352e-05, 'D_high': 10246.57419581398, 'fire_exp': 1.2279068703411353, 'P_half': 22.57602735886834, 'pre_dampen_half': 0.08243818704947828, 'gpp_af': 1.8396730992059545, 'gpp_b': 0.000214866096467595, 'gpp_d': 0.08273452708401385, 'ign_k': 0.06497375313180426, 'ign_c': 3.1669138320923715, 'trop_agb_crit': 1.8139820835021934, 'trop_k_veg': 5.718177296113453}. Best is trial 0 with value: -0.5989088506199346.
[I 2026-08-20 00:38:33,225] Trial 1107 finished with value: 0.4250674800047436 and parameters: {'k1': 0.00020771514325155867, 'D_low': 2.0896860150177483, 'k2': 0.0003408515133586094, 'D_high': 756631.981188341, 'fire_exp': 3.9004328311143044, 'P_half': 1.0840596567920446, 'pre_dampen_half': 6.749892380283191, 'gpp_af': 2.386396403299956, 'gpp_b': 0.0011737425367114606, 'gpp_d': 826.1737047144745, 'ign_k': 1.5488080332921246, 'ign_c': 1.5682546877127508, 'trop_agb_crit': 6.315150163568369, 'trop_k_veg': 1.4549159133439011}. Best is trial 0 with value: -0.5989088506199346.
[I 2026-08-20 00:38:34,574] Trial 1108 finished with value: 0.5039322232910338 and parameters: {'k1': 0.007321858873846076, 'D_low': 517.674620032131, 'k2': 0.0002563861326821474, 'D_high': 6029410.675569961, 'fire_exp': 1.904099880316045, 'P_half': 332.79727389467814, 'pre_dampen_half': 65.52965584025885, 'gpp_af': 0.24463239486261004, 'gpp_b': 0.0009270513270903134, 'gpp_d': 1.970004977723842, 'ign_k': 0.02664526680456921, 'ign_c': 3.169328550821068, 'trop_agb_crit': 29.14033319021222, 'trop_k_veg': 4.962032248592805}. Best is trial 0 with value: -0.5989088506199346.
[I 2026-08-20 00:38:35,996] Trial 1109 finished with value: 0.6445374145881376 and parameters: {'k1': 0.033678034174030785, 'D_low': 4084.2494749451016, 'k2': 0.0007182084782849873, 'D_high': 13.512148453210633, 'fire_exp': 4.452754608504261, 'P_half': 83.09989169724652, 'pre_dampen_half': 0.03415468395051871, 'gpp_af': 0.03330335081747271, 'gpp_b': 1.1014314409684111e-05, 'gpp_d': 0.08963308317196036, 'ign_k': 0.06086538207952045, 'ign_c': 6.325044223829865, 'trop_agb_crit': 1.803205708359705, 'trop_k_veg': 2.7092305363433264}. Best is trial 0 with value: -0.5989088506199346.
[I 2026-08-20 00:38:37,628] Trial 1110 finished with value: 0.5210116774972556 and parameters: {'k1': 0.00029766877921326933, 'D_low': 16.80743424261035, 'k2': 1.7287719481949623e-05, 'D_high': 298945.7979624153, 'fire_exp': 4.00082184388957, 'P_half': 8.488457578374955, 'pre_dampen_half': 3.5562510696231695, 'gpp_af': 5.600819492502871, 'gpp_b': 0.003204815477404297, 'gpp_d': 12.018000807073598, 'ign_k': 5.515914549149362, 'ign_c': 20.463646170143676, 'trop_agb_crit': 8.228823944978128, 'trop_k_veg': 0.9600743247206898}. Best is trial 0 with value: -0.5989088506199346.
[I 2026-08-20 00:38:39,000] Trial 1111 finished with value: 0.6546636312747038 and parameters: {'k1': 2.9322486424520022e-05, 'D_low': 652.104803328354, 'k2': 8.203689870864747e-05, 'D_high': 5875714.678005657, 'fire_exp': 2.853637494528941, 'P_half': 5.191422337023018, 'pre_dampen_half': 20.74680017323681, 'gpp_af': 7.077803720564458, 'gpp_b': 0.020044650521341946, 'gpp_d': 362.5440784634767, 'ign_k': 0.1066831550781159, 'ign_c': 77.36823303628461, 'trop_agb_crit': 23.771709907662835, 'trop_k_veg': 0.8031315867011105}. Best is trial 0 with value: -0.5989088506199346.
[I 2026-08-20 00:38:40,347] Trial 1112 finished with value: -0.5257685020899339 and parameters: {'k1': 0.003229352318836221, 'D_low': 3.3707204397200226, 'k2': 1.2308726205547579e-05, 'D_high': 35489.98794587805, 'fire_exp': 1.016838950707916, 'P_half': 173.43762173671203, 'pre_dampen_half': 4.919621363616612, 'gpp_af': 0.042386262632877016, 'gpp_b': 0.0002520945945950556, 'gpp_d': 0.21895298209145592, 'ign_k': 0.49375150926793426, 'ign_c': 0.987463405525272, 'trop_agb_crit': 4.1144561408403195, 'trop_k_veg': 5.3735184997920475}. Best is trial 0 with value: -0.5989088506199346.
[I 2026-08-20 00:38:41,706] Trial 1113 finished with value: 0.5891150967991187 and parameters: {'k1': 1.6329848326824273e-05, 'D_low': 24.722069380922317, 'k2': 0.00033918823445948306, 'D_high': 2438999.4215703215, 'fire_exp': 1.7296136694961972, 'P_half': 1.1999851364240324, 'pre_dampen_half': 2.7943170470962295, 'gpp_af': 0.006828089950707072, 'gpp_b': 0.01547806820053293, 'gpp_d': 0.4440316544102124, 'ign_k': 0.48879062857736477, 'ign_c': 2.0803972685421463, 'trop_agb_crit': 2.575610812192291, 'trop_k_veg': 2.761897091307179}. Best is trial 0 with value: -0.5989088506199346.
[I 2026-08-20 00:38:43,035] Trial 1114 finished with value: 0.49126335606801197 and parameters: {'k1': 0.0029373191898171536, 'D_low': 883.5027688213843, 'k2': 0.00012002175807997702, 'D_high': 34668.99586809162, 'fire_exp': 1.0050403946261925, 'P_half': 3.797465747576174, 'pre_dampen_half': 0.4126900802885253, 'gpp_af': 0.006263574378210705, 'gpp_b': 2.9454116822675668e-05, 'gpp_d': 0.8473173729920107, 'ign_k': 1.1937784218295928, 'ign_c': 0.6207056567810333, 'trop_agb_crit': 4.768223707837977, 'trop_k_veg': 7.226911131965733}. Best is trial 0 with value: -0.5989088506199346.
[I 2026-08-20 00:38:44,412] Trial 1115 finished with value: 0.4264700310215075 and parameters: {'k1': 0.010764289274409934, 'D_low': 158.80701632755307, 'k2': 0.003863130329566513, 'D_high': 970823.1981910289, 'fire_exp': 6.313296433671021, 'P_half': 12.069922090739334, 'pre_dampen_half': 7.194466195008384, 'gpp_af': 0.6486693430546883, 'gpp_b': 1.5040146176109384e-05, 'gpp_d': 21.793810771970204, 'ign_k': 2.594187259252334, 'ign_c': 0.3043115754026118, 'trop_agb_crit': 7.220698661952015, 'trop_k_veg': 3.4149242053214017}. Best is trial 0 with value: -0.5989088506199346.
[I 2026-08-20 00:38:45,784] Trial 1116 finished with value: 0.5503974407374419 and parameters: {'k1': 0.0009326056101831058, 'D_low': 7.21363935879555, 'k2': 1.0770695206813263e-05, 'D_high': 17161.831275736782, 'fire_exp': 1.1624813650733434, 'P_half': 22.684325814590512, 'pre_dampen_half': 0.18365131351320146, 'gpp_af': 0.2982397965509549, 'gpp_b': 3.921647151897957e-05, 'gpp_d': 0.5406137551485792, 'ign_k': 0.6035326887696517, 'ign_c': 8.063436020376507, 'trop_agb_crit': 3.492449892103209, 'trop_k_veg': 7.608846839054984}. Best is trial 0 with value: -0.5989088506199346.
[I 2026-08-20 00:38:47,167] Trial 1117 finished with value: 0.5233233636900515 and parameters: {'k1': 0.024036006982837938, 'D_low': 336.33962384318767, 'k2': 0.0006308456149480218, 'D_high': 494523.5786178773, 'fire_exp': 2.4076484990795186, 'P_half': 77.42017503042258, 'pre_dampen_half': 0.4455074248969779, 'gpp_af': 33.622182140755456, 'gpp_b': 0.0002138966910421991, 'gpp_d': 97.2736656667732, 'ign_k': 0.07450267912959349, 'ign_c': 0.5947211490436078, 'trop_agb_crit': 7.410465280246651, 'trop_k_veg': 5.585994947264896}. Best is trial 0 with value: -0.5989088506199346.
[I 2026-08-20 00:38:48,548] Trial 1118 finished with value: 0.5046988913574071 and parameters: {'k1': 0.0004478551967868964, 'D_low': 121.7467902747877, 'k2': 0.0004476343499647299, 'D_high': 198377.69104411776, 'fire_exp': 3.9355063711518428, 'P_half': 15.417347845253259, 'pre_dampen_half': 8.979277036391917, 'gpp_af': 16.15676822424258, 'gpp_b': 3.933972863382074e-05, 'gpp_d': 699.3996079776709, 'ign_k': 2.408999842606123, 'ign_c': 25.230412580747842, 'trop_agb_crit': 4.7787103222253196, 'trop_k_veg': 1.4060900534312717}. Best is trial 0 with value: -0.5989088506199346.
[I 2026-08-20 00:38:49,924] Trial 1119 finished with value: 0.5901215391934304 and parameters: {'k1': 3.750456453409311e-05, 'D_low': 3059.152708886933, 'k2': 7.169481448396228e-05, 'D_high': 137722.26753673915, 'fire_exp': 2.2365702551509967, 'P_half': 6423.124497459646, 'pre_dampen_half': 1.6399972150721533, 'gpp_af': 0.00981186067434785, 'gpp_b': 0.0002224587911549607, 'gpp_d': 25.75109735477535, 'ign_k': 0.009302618148386153, 'ign_c': 4.713605121063643, 'trop_agb_crit': 1.541573433060456, 'trop_k_veg': 0.5825337751816558}. Best is trial 0 with value: -0.5989088506199346.
[I 2026-08-20 00:38:51,307] Trial 1120 finished with value: 0.603510157773289 and parameters: {'k1': 0.001453289606134283, 'D_low': 60.52331413143612, 'k2': 1.1750862714052468e-05, 'D_high': 1036808.3650936408, 'fire_exp': 5.59626807263814, 'P_half': 2.1903018271917363, 'pre_dampen_half': 4.192716923538492, 'gpp_af': 0.6117635020643098, 'gpp_b': 0.8977197379397802, 'gpp_d': 76.65892338822724, 'ign_k': 9.945402736166622, 'ign_c': 3.4220170470228997, 'trop_agb_crit': 14.05686074253909, 'trop_k_veg': 3.5067902966720936}. Best is trial 0 with value: -0.5989088506199346.
[I 2026-08-20 00:38:52,709] Trial 1121 finished with value: 0.6445374145881376 and parameters: {'k1': 0.000575068992859031, 'D_low': 8.198875173226801, 'k2': 0.00035405065106582887, 'D_high': 6755276.6092218235, 'fire_exp': 4.336101347200378, 'P_half': 1.4596153119521735, 'pre_dampen_half': 16.150849506206143, 'gpp_af': 2.2769873442966997, 'gpp_b': 0.000685376607416221, 'gpp_d': 228.48595180516415, 'ign_k': 9.043808451264017, 'ign_c': 81.5706750633478, 'trop_agb_crit': 4.503096963291235, 'trop_k_veg': 4.710277151038049}. Best is trial 0 with value: -0.5989088506199346.
[I 2026-08-20 00:38:54,100] Trial 1122 finished with value: 0.6020541512840976 and parameters: {'k1': 0.00010960098003906932, 'D_low': 59724.755504736415, 'k2': 0.05113549540613016, 'D_high': 46217.223984702665, 'fire_exp': 1.3182568269986699, 'P_half': 2.4410711952325617, 'pre_dampen_half': 21.53165516557679, 'gpp_af': 0.21794007201243612, 'gpp_b': 0.0242053781954613, 'gpp_d': 34.0438042866693, 'ign_k': 0.0513995207201018, 'ign_c': 0.18638961780598287, 'trop_agb_crit': 28.776277835487, 'trop_k_veg': 6.357334480651674}. Best is trial 0 with value: -0.5989088506199346.
[I 2026-08-20 00:38:55,511] Trial 1123 finished with value: 0.6436614577354257 and parameters: {'k1': 0.029370199186378013, 'D_low': 13.128669069305548, 'k2': 5.7394084612391203e-05, 'D_high': 1389718.0157723483, 'fire_exp': 9.791613091140631, 'P_half': 1785.1292240221628, 'pre_dampen_half': 0.6312058436577602, 'gpp_af': 98.85339166761368, 'gpp_b': 0.028603537524852944, 'gpp_d': 1.6431211970158972, 'ign_k': 0.04735921532948737, 'ign_c': 0.12138314898053913, 'trop_agb_crit': 2.6090734959521766, 'trop_k_veg': 1.3030657905451926}. Best is trial 0 with value: -0.5989088506199346.
[I 2026-08-20 00:38:56,960] Trial 1124 finished with value: -0.5416287475016961 and parameters: {'k1': 6.292348512704813e-05, 'D_low': 1.8584061869432404, 'k2': 0.00022788115238834048, 'D_high': 288785.9538507187, 'fire_exp': 2.1785954609535603, 'P_half': 3.293563513540161, 'pre_dampen_half': 37.42768108095299, 'gpp_af': 0.07739051719064494, 'gpp_b': 0.014977311686417739, 'gpp_d': 432.4143484965807, 'ign_k': 0.3326243083471958, 'ign_c': 3.9511461239645516, 'trop_agb_crit': 3.0149113923765523, 'trop_k_veg': 4.228255079803971}. Best is trial 0 with value: -0.5989088506199346.
[I 2026-08-20 00:38:58,610] Trial 1125 finished with value: 0.6445374145881376 and parameters: {'k1': 0.03720174113641964, 'D_low': 761814.7244441916, 'k2': 0.01690518620784858, 'D_high': 371.54495878990843, 'fire_exp': 1.1728834395233945, 'P_half': 1091.9093404645112, 'pre_dampen_half': 0.5335977886787376, 'gpp_af': 46.041702715042625, 'gpp_b': 0.0010793651377470194, 'gpp_d': 0.05024976008196635, 'ign_k': 5.113516850529063, 'ign_c': 8.968035936092054, 'trop_agb_crit': 6.468953707493257, 'trop_k_veg': 1.1725420912470061}. Best is trial 0 with value: -0.5989088506199346.
[I 2026-08-20 00:39:00,029] Trial 1126 finished with value: 0.6390767554372484 and parameters: {'k1': 0.00016014471787315218, 'D_low': 3077.4372274681396, 'k2': 0.01865464237873938, 'D_high': 189.83914462279915, 'fire_exp': 1.3949886668931661, 'P_half': 813.1153323503726, 'pre_dampen_half': 10.808991667328073, 'gpp_af': 0.1076709437639759, 'gpp_b': 0.006351019977099349, 'gpp_d': 3.2903434646369125, 'ign_k': 0.04926272226988926, 'ign_c': 199.05531534078847, 'trop_agb_crit': 9.272720619649196, 'trop_k_veg': 4.622651245302842}. Best is trial 0 with value: -0.5989088506199346.
[I 2026-08-20 00:39:01,415] Trial 1127 finished with value: 0.5101649435571007 and parameters: {'k1': 0.0003440154199177914, 'D_low': 844.7090016794698, 'k2': 0.04708913930282181, 'D_high': 1165430.466697416, 'fire_exp': 2.068901945238208, 'P_half': 3.6160256903667363, 'pre_dampen_half': 4.6233458413500506, 'gpp_af': 0.13915784476232396, 'gpp_b': 0.0057657893874344, 'gpp_d': 3.4405016174976475, 'ign_k': 0.03501213428230961, 'ign_c': 1.3292066767610304, 'trop_agb_crit': 5.7126065606965915, 'trop_k_veg': 3.841633843621939}. Best is trial 0 with value: -0.5989088506199346.
[I 2026-08-20 00:39:02,898] Trial 1128 finished with value: 0.46598564767795236 and parameters: {'k1': 0.0003307272060296697, 'D_low': 41.26580781530591, 'k2': 0.000565082108613532, 'D_high': 5308104.51862893, 'fire_exp': 1.8089272315744507, 'P_half': 2.1648534322791693, 'pre_dampen_half': 168.5735419299397, 'gpp_af': 8.775998230667478, 'gpp_b': 0.011927051545197277, 'gpp_d': 67.36402009820627, 'ign_k': 0.1728945599822525, 'ign_c': 7.959926303782086, 'trop_agb_crit': 9.562316278987385, 'trop_k_veg': 0.9803392037541273}. Best is trial 0 with value: -0.5989088506199346.
[I 2026-08-20 00:39:04,317] Trial 1129 finished with value: 0.6445374145881376 and parameters: {'k1': 0.054883260004102284, 'D_low': 1.5107575338262424, 'k2': 0.0023665302318307303, 'D_high': 50164.098873186354, 'fire_exp': 7.518751171486494, 'P_half': 55.81315613821461, 'pre_dampen_half': 0.014861463716595016, 'gpp_af': 41.66960044707293, 'gpp_b': 4.0161094768910734, 'gpp_d': 28.047956643327495, 'ign_k': 0.02033251087546019, 'ign_c': 517.7177618326749, 'trop_agb_crit': 1.3840796069639232, 'trop_k_veg': 1.1389551118169134}. Best is trial 0 with value: -0.5989088506199346.
[I 2026-08-20 00:39:05,702] Trial 1130 finished with value: 0.6163268213423043 and parameters: {'k1': 0.0005462155263200856, 'D_low': 1.425991877524901, 'k2': 0.03195244661813834, 'D_high': 31.428138690761312, 'fire_exp': 1.0188555044024172, 'P_half': 360.51975398836527, 'pre_dampen_half': 43.61967472062284, 'gpp_af': 0.13326103007148218, 'gpp_b': 0.018403608619011344, 'gpp_d': 0.38039054310659787, 'ign_k': 0.4741732050551364, 'ign_c': 2.0110167509928307, 'trop_agb_crit': 18.67883708057062, 'trop_k_veg': 5.924628662771723}. Best is trial 0 with value: -0.5989088506199346.
