[I 2026-08-20 01:22:03,890] Trial 2208 finished with value: 0.5818046601648782 and parameters: {'k1': 3.0322643205872585e-05, 'D_low': 133194.25229665145, 'k2': 0.0001516398488538308, 'D_high': 4725705.060579282, 'fire_exp': 1.3887826562054302, 'P_half': 1.2630586474740653, 'pre_dampen_half': 0.01902685092671141, 'gpp_af': 0.52399871038913, 'gpp_b': 9.951023481880803, 'gpp_d': 3.612077973323776, 'ign_k': 0.1945820926573916, 'ign_c': 0.2851755856591814, 'trop_agb_crit': 11.066654795006881, 'trop_k_veg': 1.5068129279796043, 'pop_amp': 0.3042845491222624, 'pop_peak': 97.54480612598486, 'pop_sig': 1.1535801757257662}. Best is trial 1128 with value: -0.620386984093161.
[I 2026-08-20 01:22:05,516] Trial 2209 finished with value: -0.5642003776499604 and parameters: {'k1': 0.001534123917777847, 'D_low': 4342.800277592315, 'k2': 0.016841352163464003, 'D_high': 3476961.034684702, 'fire_exp': 4.435536977093409, 'P_half': 220.7190554812056, 'pre_dampen_half': 104.95838377061655, 'gpp_af': 60.48981243393038, 'gpp_b': 0.0007198944596923344, 'gpp_d': 833.5559301370589, 'ign_k': 1.2474442774598675, 'ign_c': 0.26328059813664056, 'trop_agb_crit': 4.560483906753667, 'trop_k_veg': 7.748881457524963, 'pop_amp': 2.9042907445202624, 'pop_peak': 0.1088067403859377, 'pop_sig': 0.7169433628085562}. Best is trial 1128 with value: -0.620386984093161.
[I 2026-08-20 01:22:07,286] Trial 2210 finished with value: 0.5677119464598177 and parameters: {'k1': 0.004714777408247962, 'D_low': 2938.6785627560253, 'k2': 0.00027585010130772264, 'D_high': 229216.4792331148, 'fire_exp': 2.0021855953615786, 'P_half': 1.8942856829048709, 'pre_dampen_half': 2.4003086585277575, 'gpp_af': 0.0017807896800992814, 'gpp_b': 0.0017494008068941374, 'gpp_d': 417.04490468149805, 'ign_k': 3.7840610120502967, 'ign_c': 9.147964009200772, 'trop_agb_crit': 11.554752527558401, 'trop_k_veg': 0.9380866893454947, 'pop_amp': 0.0023488106007429825, 'pop_peak': 195.22155273370788, 'pop_sig': 0.32788054499707114}. Best is trial 1128 with value: -0.620386984093161.
[I 2026-08-20 01:22:09,444] Trial 2211 finished with value: 0.47253467363205814 and parameters: {'k1': 0.0007363963607293039, 'D_low': 5.631658858576273, 'k2': 0.0351698935219395, 'D_high': 157790.21842924858, 'fire_exp': 2.1676185128339727, 'P_half': 177.92216694024313, 'pre_dampen_half': 0.15601749285507857, 'gpp_af': 0.15981641655463577, 'gpp_b': 0.0020304673748496337, 'gpp_d': 374.8381055896603, 'ign_k': 0.3433842540768017, 'ign_c': 0.4571281999435825, 'trop_agb_crit': 3.101346344872478, 'trop_k_veg': 1.812114904435021, 'pop_amp': 10.200610315880775, 'pop_peak': 1.3681401728593672, 'pop_sig': 2.359508951285094}. Best is trial 1128 with value: -0.620386984093161.
[I 2026-08-20 01:22:11,169] Trial 2212 finished with value: 0.5874481930631064 and parameters: {'k1': 0.000648484283353053, 'D_low': 379.46124998899097, 'k2': 0.00509020620920695, 'D_high': 123672.33376508227, 'fire_exp': 2.0411941217216816, 'P_half': 36.11371132489926, 'pre_dampen_half': 0.6731171800619895, 'gpp_af': 0.01014164708920397, 'gpp_b': 1.00549502362429e-05, 'gpp_d': 185.13518537187798, 'ign_k': 0.36216115721911485, 'ign_c': 33.13201633607773, 'trop_agb_crit': 8.513233815115811, 'trop_k_veg': 2.4285817332689237, 'pop_amp': 2.2274262777327225, 'pop_peak': 173.85774004138233, 'pop_sig': 2.335506477480589}. Best is trial 1128 with value: -0.620386984093161.
[I 2026-08-20 01:22:12,948] Trial 2213 finished with value: 0.6050980209726202 and parameters: {'k1': 0.08579273453988, 'D_low': 1185.1728305034787, 'k2': 0.010534179056221225, 'D_high': 2715.8663796721817, 'fire_exp': 3.156010508665524, 'P_half': 2.8093606137335936, 'pre_dampen_half': 0.6446751171488739, 'gpp_af': 0.5742198913037144, 'gpp_b': 0.05369212072551788, 'gpp_d': 0.3103583218347708, 'ign_k': 2.7266954245114805, 'ign_c': 0.10389420102743427, 'trop_agb_crit': 9.445094351938085, 'trop_k_veg': 0.8720615082935212, 'pop_amp': 0.0023195150625337185, 'pop_peak': 139.38629321427356, 'pop_sig': 1.491931574297037}. Best is trial 1128 with value: -0.620386984093161.
[I 2026-08-20 01:22:15,092] Trial 2214 finished with value: 0.4814967749992711 and parameters: {'k1': 0.0003548859992684636, 'D_low': 1006.9899592141682, 'k2': 0.00016937412600782155, 'D_high': 3420395.66363637, 'fire_exp': 3.154818718112922, 'P_half': 385.4826600300595, 'pre_dampen_half': 158.53698755632624, 'gpp_af': 0.35269539036248254, 'gpp_b': 4.059484002393325e-05, 'gpp_d': 0.2959686619666885, 'ign_k': 0.08051164796446553, 'ign_c': 3.6921215036742843, 'trop_agb_crit': 5.176357153443929, 'trop_k_veg': 4.879888546589627, 'pop_amp': 17.348255978766478, 'pop_peak': 1.3137792542680045, 'pop_sig': 0.3444462288390239}. Best is trial 1128 with value: -0.620386984093161.
[I 2026-08-20 01:22:17,866] Trial 2215 finished with value: 0.3982676256312734 and parameters: {'k1': 0.001313633297985791, 'D_low': 62.01389959715848, 'k2': 1.72459827084911e-05, 'D_high': 5759578.512877864, 'fire_exp': 2.100202784882931, 'P_half': 58.32798386801111, 'pre_dampen_half': 10.851045973038392, 'gpp_af': 0.014659876788742124, 'gpp_b': 3.113098031875927e-05, 'gpp_d': 354.94632762159085, 'ign_k': 5.752206065191894, 'ign_c': 11.56048285780472, 'trop_agb_crit': 16.204087377139494, 'trop_k_veg': 2.0865035874945104, 'pop_amp': 0.0015577753577451965, 'pop_peak': 2.9167399786151877, 'pop_sig': 0.5499192722215096}. Best is trial 1128 with value: -0.620386984093161.
[I 2026-08-20 01:22:20,713] Trial 2216 finished with value: 0.5813183302969452 and parameters: {'k1': 0.00036241410494379435, 'D_low': 247.07513421049006, 'k2': 0.07287220670893045, 'D_high': 657884.2153959894, 'fire_exp': 4.185366833246325, 'P_half': 3024.0472687953447, 'pre_dampen_half': 25.994841643358825, 'gpp_af': 0.08023805370660482, 'gpp_b': 9.180203475928947e-05, 'gpp_d': 354.65814461552804, 'ign_k': 0.08470306290251091, 'ign_c': 0.29818971933339133, 'trop_agb_crit': 5.202296148740632, 'trop_k_veg': 5.317694225121546, 'pop_amp': 17.226766207556764, 'pop_peak': 0.20236073726966775, 'pop_sig': 1.2614415297306294}. Best is trial 1128 with value: -0.620386984093161.
[I 2026-08-20 01:22:24,168] Trial 2217 finished with value: 0.4102429466823786 and parameters: {'k1': 0.008169093844810673, 'D_low': 11.67467787529815, 'k2': 1.416853474424285e-05, 'D_high': 1026286.2004550991, 'fire_exp': 1.2823452079347946, 'P_half': 8.528865882934182, 'pre_dampen_half': 1.4243378527690267, 'gpp_af': 0.02440239367056159, 'gpp_b': 8.69720004058368e-05, 'gpp_d': 63.874369715584905, 'ign_k': 4.076128996942611, 'ign_c': 1.3999793690558922, 'trop_agb_crit': 17.35911422394804, 'trop_k_veg': 2.1000000916738206, 'pop_amp': 0.0019494497583134238, 'pop_peak': 6.833398109400083, 'pop_sig': 0.3155956142518192}. Best is trial 1128 with value: -0.620386984093161.
[I 2026-08-20 01:22:27,805] Trial 2218 finished with value: 0.5161117628549003 and parameters: {'k1': 0.0015006278789878155, 'D_low': 7.840913210625145, 'k2': 0.0009925030618732423, 'D_high': 149195.75821108377, 'fire_exp': 2.336551735800985, 'P_half': 7.52829616771092, 'pre_dampen_half': 0.18666537588768534, 'gpp_af': 0.744725447005023, 'gpp_b': 0.04095892019779497, 'gpp_d': 17.412861588464008, 'ign_k': 7.452808512080686, 'ign_c': 3.3187513876999297, 'trop_agb_crit': 4.479924307224542, 'trop_k_veg': 3.872601354618817, 'pop_amp': 0.24418218195438238, 'pop_peak': 10.472943993257982, 'pop_sig': 0.5063914226237372}. Best is trial 1128 with value: -0.620386984093161.
[I 2026-08-20 01:22:30,792] Trial 2219 finished with value: 0.5772851454685677 and parameters: {'k1': 0.010096568556277156, 'D_low': 31.79227320903668, 'k2': 2.7460632141631983e-05, 'D_high': 53702.0744241965, 'fire_exp': 2.527666277692232, 'P_half': 479.41322157566907, 'pre_dampen_half': 0.40993480075045524, 'gpp_af': 0.3446312154222697, 'gpp_b': 2.5672947699927348e-05, 'gpp_d': 44.979820069547834, 'ign_k': 2.695142968072513, 'ign_c': 7.0101506762861, 'trop_agb_crit': 28.66615933204093, 'trop_k_veg': 5.632509823865771, 'pop_amp': 0.0011663130363119354, 'pop_peak': 1.5605589661027055, 'pop_sig': 0.5039053758527907}. Best is trial 1128 with value: -0.620386984093161.
[I 2026-08-20 01:22:34,157] Trial 2220 finished with value: 0.6181796212346912 and parameters: {'k1': 0.0002364485290736353, 'D_low': 17.17450643034325, 'k2': 0.0035908973326256167, 'D_high': 260.83097238581735, 'fire_exp': 2.94230810257681, 'P_half': 1862.5609733251997, 'pre_dampen_half': 0.42560113427063123, 'gpp_af': 0.05880262642054855, 'gpp_b': 0.0014886180663515399, 'gpp_d': 0.12921029199597783, 'ign_k': 0.0033903011781264377, 'ign_c': 0.5378258725648051, 'trop_agb_crit': 5.784633082487053, 'trop_k_veg': 1.43163255167295, 'pop_amp': 0.0966463491921684, 'pop_peak': 196.36603635979108, 'pop_sig': 0.6119797046744567}. Best is trial 1128 with value: -0.620386984093161.
[I 2026-08-20 01:22:36,921] Trial 2221 finished with value: 0.4431707070150228 and parameters: {'k1': 0.00030573843979922753, 'D_low': 9.734554105093407, 'k2': 0.046675018459098085, 'D_high': 191184.53132216682, 'fire_exp': 2.6622327020329624, 'P_half': 1.9226109156615818, 'pre_dampen_half': 14.41904147324091, 'gpp_af': 1.4024917754030664, 'gpp_b': 0.0067762816235973165, 'gpp_d': 5.61788550425679, 'ign_k': 4.541019209260579, 'ign_c': 21.56524442306682, 'trop_agb_crit': 1.2162381743067023, 'trop_k_veg': 4.845782238576602, 'pop_amp': 0.998102433105758, 'pop_peak': 615.302271601396, 'pop_sig': 0.5113621369461763}. Best is trial 1128 with value: -0.620386984093161.
[I 2026-08-20 01:22:39,280] Trial 2222 finished with value: 0.6445374145881376 and parameters: {'k1': 0.0011400398786288797, 'D_low': 1.9009869115234657, 'k2': 0.030157267700755996, 'D_high': 315165.6889758666, 'fire_exp': 1.6814924606724322, 'P_half': 53.78558816158222, 'pre_dampen_half': 56.53780364777471, 'gpp_af': 0.0072525636018917344, 'gpp_b': 3.6504965214372914e-05, 'gpp_d': 119.18301715094448, 'ign_k': 0.19875908806226691, 'ign_c': 155.29826383395007, 'trop_agb_crit': 4.573997349618194, 'trop_k_veg': 6.693759120513196, 'pop_amp': 0.001364818569209364, 'pop_peak': 0.5517047403669443, 'pop_sig': 0.6914594035833228}. Best is trial 1128 with value: -0.620386984093161.
[I 2026-08-20 01:22:41,616] Trial 2223 finished with value: 0.581679084743721 and parameters: {'k1': 0.0008729767319720484, 'D_low': 1.1906896040827597, 'k2': 0.00011421997536877209, 'D_high': 695905.7799641778, 'fire_exp': 1.633077054735102, 'P_half': 1038.3460213812702, 'pre_dampen_half': 0.03649061756668087, 'gpp_af': 0.001728332370423286, 'gpp_b': 0.0016090886218908388, 'gpp_d': 54.847655691834206, 'ign_k': 2.5900740843678407, 'ign_c': 1.409203605874474, 'trop_agb_crit': 14.009585259627713, 'trop_k_veg': 4.085930763885387, 'pop_amp': 0.0012141407189096415, 'pop_peak': 0.09100452995064724, 'pop_sig': 0.7187795881841261}. Best is trial 1128 with value: -0.620386984093161.
[I 2026-08-20 01:22:44,065] Trial 2224 finished with value: 0.4679929416713865 and parameters: {'k1': 7.396192412326887e-05, 'D_low': 4520.308247861102, 'k2': 0.0024010837439058454, 'D_high': 2481624.633651336, 'fire_exp': 1.1268537911917103, 'P_half': 5930.20421419416, 'pre_dampen_half': 0.26463490870675843, 'gpp_af': 0.03737200946868271, 'gpp_b': 0.0010223545650876612, 'gpp_d': 0.18739300616874344, 'ign_k': 7.142024179082345, 'ign_c': 1.0821951812106272, 'trop_agb_crit': 3.263466784530458, 'trop_k_veg': 4.751986137518556, 'pop_amp': 11.724191549734945, 'pop_peak': 11.6601059507501, 'pop_sig': 1.2731751713483872}. Best is trial 1128 with value: -0.620386984093161.
[I 2026-08-20 01:22:46,822] Trial 2225 finished with value: 0.4540410823401064 and parameters: {'k1': 0.00017979755862232406, 'D_low': 1.0319471213100397, 'k2': 0.00035188423351886094, 'D_high': 2023002.8871326444, 'fire_exp': 1.5079980905242552, 'P_half': 17.004177729595185, 'pre_dampen_half': 341.23650738952045, 'gpp_af': 0.0215019402944636, 'gpp_b': 0.00015212751712354803, 'gpp_d': 1.2610539003593968, 'ign_k': 5.901541881213441, 'ign_c': 21.002126594948948, 'trop_agb_crit': 2.141096535578058, 'trop_k_veg': 6.298627683180081, 'pop_amp': 0.02467777883290172, 'pop_peak': 0.1259161669625424, 'pop_sig': 0.334401496891431}. Best is trial 1128 with value: -0.620386984093161.
[I 2026-08-20 01:22:49,194] Trial 2226 finished with value: 0.42524735726385854 and parameters: {'k1': 0.0017196711731666215, 'D_low': 1.0100065676277923, 'k2': 2.331285039963823e-05, 'D_high': 2221943.685568236, 'fire_exp': 2.4671972696416105, 'P_half': 58.58994019355609, 'pre_dampen_half': 1.3995941583016125, 'gpp_af': 0.2522840209044244, 'gpp_b': 0.0005134730069685712, 'gpp_d': 4.795289206876217, 'ign_k': 4.677408399960639, 'ign_c': 19.92699181748477, 'trop_agb_crit': 1.6343009509508415, 'trop_k_veg': 3.9279390234232374, 'pop_amp': 1.478352387188617, 'pop_peak': 3.9656110468575516, 'pop_sig': 0.2828618542230686}. Best is trial 1128 with value: -0.620386984093161.
[I 2026-08-20 01:22:51,354] Trial 2227 finished with value: 0.5907418026315667 and parameters: {'k1': 0.0013238049601458207, 'D_low': 4.017723472394333, 'k2': 3.9224453707491684e-05, 'D_high': 4535000.754128885, 'fire_exp': 1.9780775044920318, 'P_half': 3092.075393196344, 'pre_dampen_half': 29.800523514507336, 'gpp_af': 0.005265604470649495, 'gpp_b': 0.00854905003143557, 'gpp_d': 43.93328739860974, 'ign_k': 1.2503337629263815, 'ign_c': 0.11912324978993252, 'trop_agb_crit': 1.7377427041827889, 'trop_k_veg': 6.974974698146846, 'pop_amp': 8.833733254122132, 'pop_peak': 1.0307053716624732, 'pop_sig': 0.771546410459554}. Best is trial 1128 with value: -0.620386984093161.
[I 2026-08-20 01:22:53,831] Trial 2228 finished with value: 0.6344283386658695 and parameters: {'k1': 2.7094940678845072e-05, 'D_low': 93227.36980650463, 'k2': 0.006801819941906241, 'D_high': 11992.021112531078, 'fire_exp': 5.871366901414768, 'P_half': 1685.1069521870481, 'pre_dampen_half': 4.605227783862883, 'gpp_af': 0.946198715570715, 'gpp_b': 0.04524318324948952, 'gpp_d': 0.1609977310860549, 'ign_k': 0.05224089420208165, 'ign_c': 0.5656316308037121, 'trop_agb_crit': 2.541812188313481, 'trop_k_veg': 1.2021531425769556, 'pop_amp': 0.004676952330455896, 'pop_peak': 0.13212172753338114, 'pop_sig': 1.954565384422383}. Best is trial 1128 with value: -0.620386984093161.
[I 2026-08-20 01:22:56,960] Trial 2229 finished with value: 0.4306438223590201 and parameters: {'k1': 0.0012017214537902753, 'D_low': 6.7125982351411455, 'k2': 0.08282818182925951, 'D_high': 101416.71350290472, 'fire_exp': 2.0171927106340006, 'P_half': 20.39955754391722, 'pre_dampen_half': 0.63113328014546, 'gpp_af': 0.36761927341805556, 'gpp_b': 2.4873644526178915e-05, 'gpp_d': 367.3287143029169, 'ign_k': 0.03854128592283463, 'ign_c': 4.796963099344565, 'trop_agb_crit': 10.552277365787234, 'trop_k_veg': 3.3575888157240903, 'pop_amp': 4.5256022331385015, 'pop_peak': 15.983865428206018, 'pop_sig': 1.9724290230697588}. Best is trial 1128 with value: -0.620386984093161.
[I 2026-08-20 01:22:59,689] Trial 2230 finished with value: 0.6013458270056212 and parameters: {'k1': 0.02479052590404426, 'D_low': 1295.6903922947179, 'k2': 8.597864123319051e-05, 'D_high': 2861.7367659506067, 'fire_exp': 1.4481249654132315, 'P_half': 1673.8762977896472, 'pre_dampen_half': 0.38415188128051414, 'gpp_af': 0.00329911676608814, 'gpp_b': 0.030704290831241005, 'gpp_d': 4.958440880207217, 'ign_k': 0.21366708474119372, 'ign_c': 0.7141520096963284, 'trop_agb_crit': 3.256775493188827, 'trop_k_veg': 3.451623362367682, 'pop_amp': 0.0011924908365237737, 'pop_peak': 0.1017700879236645, 'pop_sig': 1.462672199156946}. Best is trial 1128 with value: -0.620386984093161.
[I 2026-08-20 01:23:02,281] Trial 2231 finished with value: 0.40878312770133785 and parameters: {'k1': 0.0001678838435483571, 'D_low': 633.9498754821731, 'k2': 6.497014682896122e-05, 'D_high': 222623.07165167952, 'fire_exp': 2.1861290411795253, 'P_half': 23.998556753572007, 'pre_dampen_half': 14.13505828342593, 'gpp_af': 0.15117025901165554, 'gpp_b': 0.0015632022099235261, 'gpp_d': 21.399853426452417, 'ign_k': 0.42911606241756145, 'ign_c': 6.899340881560794, 'trop_agb_crit': 8.319998160369614, 'trop_k_veg': 2.406828698241666, 'pop_amp': 0.0020230672117693468, 'pop_peak': 52.966301317542005, 'pop_sig': 0.25410278637107675}. Best is trial 1128 with value: -0.620386984093161.
[I 2026-08-20 01:23:05,022] Trial 2232 finished with value: -0.543879362709971 and parameters: {'k1': 0.000516220759352035, 'D_low': 11.742923639091574, 'k2': 0.00032221997192020214, 'D_high': 1289439.7978645677, 'fire_exp': 2.2305739825591697, 'P_half': 1.7799229436587378, 'pre_dampen_half': 4.100387392777592, 'gpp_af': 0.19064733439354883, 'gpp_b': 0.03824428393812541, 'gpp_d': 23.865965651670408, 'ign_k': 9.06161855449729, 'ign_c': 9.707212130231524, 'trop_agb_crit': 2.0862345166012175, 'trop_k_veg': 4.980864641928362, 'pop_amp': 5.803809932558778, 'pop_peak': 2.8580626853249838, 'pop_sig': 0.34678160451386214}. Best is trial 1128 with value: -0.620386984093161.
[I 2026-08-20 01:23:08,811] Trial 2233 finished with value: -0.5302324828818857 and parameters: {'k1': 7.272502374166034e-05, 'D_low': 12.14613324107443, 'k2': 0.0050434099074928955, 'D_high': 6569232.1121418085, 'fire_exp': 2.26531261146366, 'P_half': 11.805081789886055, 'pre_dampen_half': 0.1943531507912115, 'gpp_af': 0.3304344073299815, 'gpp_b': 4.2889468056811295e-05, 'gpp_d': 4.599794540522178, 'ign_k': 9.790616149045308, 'ign_c': 2.9426856946996693, 'trop_agb_crit': 1.3020479351879497, 'trop_k_veg': 6.652548156279903, 'pop_amp': 9.84455002953081, 'pop_peak': 304.36073099208045, 'pop_sig': 0.4330374095489845}. Best is trial 1128 with value: -0.620386984093161.
[I 2026-08-20 01:23:11,716] Trial 2234 finished with value: 0.6445374145881376 and parameters: {'k1': 0.0018140714183340317, 'D_low': 11.870363299577562, 'k2': 0.0007305661030837299, 'D_high': 17822.767364156345, 'fire_exp': 6.11940915625851, 'P_half': 47.779936421211055, 'pre_dampen_half': 1.2357680159564233, 'gpp_af': 0.011825525702055929, 'gpp_b': 1.7447881498417008, 'gpp_d': 30.12038957747626, 'ign_k': 0.24095810985630672, 'ign_c': 60.153295301920366, 'trop_agb_crit': 10.760213581893073, 'trop_k_veg': 2.027146039167576, 'pop_amp': 0.08228394081717184, 'pop_peak': 108.8750609358235, 'pop_sig': 0.808989354471497}. Best is trial 1128 with value: -0.620386984093161.
[I 2026-08-20 01:23:14,369] Trial 2235 finished with value: 0.5629017022720628 and parameters: {'k1': 8.792977120087861e-05, 'D_low': 220.61302535020928, 'k2': 0.052901830371831875, 'D_high': 15943.506045210304, 'fire_exp': 2.1369294290634446, 'P_half': 650.7715840994855, 'pre_dampen_half': 38.401801096280664, 'gpp_af': 0.40847748776947634, 'gpp_b': 0.026098720227382043, 'gpp_d': 0.3194723231752651, 'ign_k': 7.242650581514415, 'ign_c': 7.964504261288423, 'trop_agb_crit': 2.0453538522608254, 'trop_k_veg': 7.504113164279814, 'pop_amp': 8.704436636306113, 'pop_peak': 13.171871023122506, 'pop_sig': 2.300250358554796}. Best is trial 1128 with value: -0.620386984093161.
[I 2026-08-20 01:23:16,670] Trial 2236 finished with value: 0.43075721176982174 and parameters: {'k1': 0.00010884128681402229, 'D_low': 547.0823061337867, 'k2': 1.4810801099092723e-05, 'D_high': 3674382.7253297684, 'fire_exp': 3.225667352677406, 'P_half': 4.585531393555146, 'pre_dampen_half': 14.409453575474007, 'gpp_af': 7.470556622027115, 'gpp_b': 0.0012953469580276073, 'gpp_d': 622.421056631121, 'ign_k': 0.0019220290259278324, 'ign_c': 1.890282701218866, 'trop_agb_crit': 9.684165540273124, 'trop_k_veg': 2.1353876533748246, 'pop_amp': 7.426532027140413, 'pop_peak': 9.379257353229209, 'pop_sig': 1.2639997597292492}. Best is trial 1128 with value: -0.620386984093161.
[I 2026-08-20 01:23:19,994] Trial 2237 finished with value: -0.5580629655674556 and parameters: {'k1': 0.012641602259791367, 'D_low': 6.123490242101319, 'k2': 0.043696869792720236, 'D_high': 2189502.6384119326, 'fire_exp': 3.2673578811115696, 'P_half': 1.166444998280893, 'pre_dampen_half': 3.4920782960863503, 'gpp_af': 0.13064494652327127, 'gpp_b': 0.0006100411713125451, 'gpp_d': 381.18410939611147, 'ign_k': 0.08529842337818949, 'ign_c': 0.6273387629537164, 'trop_agb_crit': 5.525719912796797, 'trop_k_veg': 3.7523690672578267, 'pop_amp': 0.43730559640566724, 'pop_peak': 524.6929611828984, 'pop_sig': 0.6422145700676076}. Best is trial 1128 with value: -0.620386984093161.
[I 2026-08-20 01:23:22,257] Trial 2238 finished with value: 0.5933300311214263 and parameters: {'k1': 0.0001640828932477866, 'D_low': 12.218046830656583, 'k2': 4.0817254380870696e-05, 'D_high': 842811.7544339248, 'fire_exp': 5.716512767771153, 'P_half': 73.08447763093471, 'pre_dampen_half': 50.13004974464945, 'gpp_af': 2.9757143553462018, 'gpp_b': 0.0004436385432540798, 'gpp_d': 123.86570218501808, 'ign_k': 0.006275464166247095, 'ign_c': 426.8380258108778, 'trop_agb_crit': 26.58000657461745, 'trop_k_veg': 7.413359358658188, 'pop_amp': 0.47108929145238904, 'pop_peak': 988.2697344719875, 'pop_sig': 2.461456275231035}. Best is trial 1128 with value: -0.620386984093161.
[I 2026-08-20 01:23:24,671] Trial 2239 finished with value: 0.6445374145881376 and parameters: {'k1': 0.0016572805815243353, 'D_low': 4.847042203179304, 'k2': 0.002221218850438212, 'D_high': 5286348.270878564, 'fire_exp': 4.3708976978147405, 'P_half': 13.698261303809439, 'pre_dampen_half': 0.11241535111480906, 'gpp_af': 0.01616822994575679, 'gpp_b': 1.0760982933134539e-05, 'gpp_d': 158.05781314217498, 'ign_k': 9.713796861707626, 'ign_c': 96.00209560172351, 'trop_agb_crit': 2.8016427748041592, 'trop_k_veg': 4.381475606247171, 'pop_amp': 3.9139958376667305, 'pop_peak': 17.784535280609607, 'pop_sig': 0.32700758332972074}. Best is trial 1128 with value: -0.620386984093161.
