[I 2026-08-20 00:59:08,497] Trial 1909 finished with value: 0.508746421171826 and parameters: {'k1': 0.0007849059337830586, 'D_low': 4.3908367423001105, 'k2': 0.0004410515171211795, 'D_high': 93581.9559221114, 'fire_exp': 3.8165986217136463, 'P_half': 38.7422078293513, 'pre_dampen_half': 1.9001583935130086, 'gpp_af': 19.588839880940167, 'gpp_b': 0.09053816342906915, 'gpp_d': 279.46782282350557, 'ign_k': 0.9620594823156381, 'ign_c': 0.2523187465161807, 'trop_agb_crit': 2.255402979693074, 'trop_k_veg': 1.8288488992354743}. Best is trial 1285 with value: -0.6015874360929447.
[I 2026-08-20 00:59:09,916] Trial 1910 finished with value: 0.639469077965469 and parameters: {'k1': 2.081495102574859e-05, 'D_low': 18900.86042326934, 'k2': 0.020709818355578558, 'D_high': 257821.47538941435, 'fire_exp': 5.007578607530147, 'P_half': 73.87987458165412, 'pre_dampen_half': 172.0320944064243, 'gpp_af': 1.4072729667502835, 'gpp_b': 7.517028978233298, 'gpp_d': 223.16676886164075, 'ign_k': 1.8556690753764793, 'ign_c': 10.157668230036021, 'trop_agb_crit': 1.6875559834955272, 'trop_k_veg': 1.7305755492407124}. Best is trial 1285 with value: -0.6015874360929447.
[I 2026-08-20 00:59:11,409] Trial 1911 finished with value: 0.6445374145881376 and parameters: {'k1': 0.006248531425525982, 'D_low': 397636.39811587625, 'k2': 1.9740837285631606e-05, 'D_high': 804781.3692799401, 'fire_exp': 6.89642289569763, 'P_half': 1004.9658940543877, 'pre_dampen_half': 3.0600552432708197, 'gpp_af': 0.06286607901788979, 'gpp_b': 0.7430132024751944, 'gpp_d': 3.1497148705944134, 'ign_k': 0.006731678747748242, 'ign_c': 288.6162248974669, 'trop_agb_crit': 8.331812289711825, 'trop_k_veg': 5.966595882065582}. Best is trial 1285 with value: -0.6015874360929447.
[I 2026-08-20 00:59:12,782] Trial 1912 finished with value: 0.49258833158262405 and parameters: {'k1': 0.0006762917229698669, 'D_low': 4.108203913672174, 'k2': 0.00014142726173296152, 'D_high': 472487.5814215567, 'fire_exp': 4.652169642446005, 'P_half': 20.453034693988904, 'pre_dampen_half': 181.39519638293967, 'gpp_af': 3.194980336572761, 'gpp_b': 0.0001190197023898149, 'gpp_d': 18.071920599029635, 'ign_k': 9.648882730094867, 'ign_c': 0.37482618430713516, 'trop_agb_crit': 2.2548689149451544, 'trop_k_veg': 3.0503882741156705}. Best is trial 1285 with value: -0.6015874360929447.
[I 2026-08-20 00:59:14,217] Trial 1913 finished with value: 0.4840670047467318 and parameters: {'k1': 4.547750256061937e-05, 'D_low': 128.06937581024394, 'k2': 0.00026570178376455003, 'D_high': 1375894.925530191, 'fire_exp': 3.245409680897449, 'P_half': 1.4003817441520623, 'pre_dampen_half': 3.541969763187705, 'gpp_af': 3.3906680155223112, 'gpp_b': 0.0054726441997009065, 'gpp_d': 79.88659999206169, 'ign_k': 2.068201662442823, 'ign_c': 18.08872912864185, 'trop_agb_crit': 5.428558253361719, 'trop_k_veg': 1.1477201362334457}. Best is trial 1285 with value: -0.6015874360929447.
[I 2026-08-20 00:59:15,664] Trial 1914 finished with value: 0.6445374145881376 and parameters: {'k1': 0.027858248726513504, 'D_low': 352570.06320458907, 'k2': 0.0012199482067120474, 'D_high': 348862.98256121244, 'fire_exp': 9.017506703682038, 'P_half': 10.442469095034085, 'pre_dampen_half': 30.86356069136719, 'gpp_af': 0.03659863421577128, 'gpp_b': 0.027814879036733096, 'gpp_d': 1.0849262712126704, 'ign_k': 0.16263633638769512, 'ign_c': 553.9639290693788, 'trop_agb_crit': 20.330144731128286, 'trop_k_veg': 0.8987835493856264}. Best is trial 1285 with value: -0.6015874360929447.
[I 2026-08-20 00:59:17,052] Trial 1915 finished with value: 0.5641825688298294 and parameters: {'k1': 4.266124113071484e-05, 'D_low': 3068.312183448758, 'k2': 0.0566944986108305, 'D_high': 48365.142503564246, 'fire_exp': 1.2844673453521183, 'P_half': 1.0625792144221837, 'pre_dampen_half': 0.547400382294709, 'gpp_af': 0.06360225717255781, 'gpp_b': 0.0023796077928266903, 'gpp_d': 71.29623952477507, 'ign_k': 0.021992656408629057, 'ign_c': 0.26730757931516697, 'trop_agb_crit': 10.669511812569965, 'trop_k_veg': 5.430189659076109}. Best is trial 1285 with value: -0.6015874360929447.
[I 2026-08-20 00:59:18,895] Trial 1916 finished with value: 0.6254576813238372 and parameters: {'k1': 0.0026128816086709652, 'D_low': 25.62724220772004, 'k2': 0.04003848837532348, 'D_high': 127.92907039242624, 'fire_exp': 4.043357561207145, 'P_half': 5.082867565543875, 'pre_dampen_half': 1.6582745477939878, 'gpp_af': 0.004407056274084525, 'gpp_b': 8.113075780231411e-05, 'gpp_d': 0.013830881318397584, 'ign_k': 0.0035675291353261546, 'ign_c': 0.6221931461227576, 'trop_agb_crit': 12.390759837255404, 'trop_k_veg': 1.7718780498789883}. Best is trial 1285 with value: -0.6015874360929447.
[I 2026-08-20 00:59:20,307] Trial 1917 finished with value: 0.6421666511313284 and parameters: {'k1': 0.0006477986503263977, 'D_low': 368926.7206056009, 'k2': 0.00010624487139646607, 'D_high': 6033068.344790158, 'fire_exp': 4.2410620792658875, 'P_half': 281.8261176928473, 'pre_dampen_half': 14.566031564869645, 'gpp_af': 0.10447439508021106, 'gpp_b': 9.39417356518324e-05, 'gpp_d': 6.4305087198337585, 'ign_k': 0.091577008178977, 'ign_c': 0.3700018149017657, 'trop_agb_crit': 23.854012128962292, 'trop_k_veg': 2.233828623292046}. Best is trial 1285 with value: -0.6015874360929447.
[I 2026-08-20 00:59:21,689] Trial 1918 finished with value: 0.5193367503797576 and parameters: {'k1': 0.00013720696003467452, 'D_low': 19.113702226701967, 'k2': 0.00024386421044048174, 'D_high': 564253.4144296792, 'fire_exp': 2.1322032019611328, 'P_half': 4.013618004420282, 'pre_dampen_half': 1.8311124707166913, 'gpp_af': 0.037359347250430254, 'gpp_b': 0.010251096789836402, 'gpp_d': 21.263363583530328, 'ign_k': 0.5828845071706521, 'ign_c': 6.516724261289011, 'trop_agb_crit': 23.33455029194675, 'trop_k_veg': 7.630632568325628}. Best is trial 1285 with value: -0.6015874360929447.
[I 2026-08-20 00:59:23,054] Trial 1919 finished with value: 0.6445374145881376 and parameters: {'k1': 0.0010567392144857591, 'D_low': 55.833310323253315, 'k2': 1.175839712300856e-05, 'D_high': 584159.6718716716, 'fire_exp': 5.579326052137997, 'P_half': 24.191481754983002, 'pre_dampen_half': 0.757587388642349, 'gpp_af': 23.781435750484455, 'gpp_b': 0.0005382018869781907, 'gpp_d': 771.2170225215011, 'ign_k': 0.12359251628137236, 'ign_c': 65.92383740986594, 'trop_agb_crit': 17.816750944960777, 'trop_k_veg': 0.6105213735086608}. Best is trial 1285 with value: -0.6015874360929447.
[I 2026-08-20 00:59:24,509] Trial 1920 finished with value: 0.6446041607171997 and parameters: {'k1': 0.002697828572848828, 'D_low': 1291.3387115487624, 'k2': 0.00028324564644040457, 'D_high': 301.0508274623705, 'fire_exp': 4.557992055547361, 'P_half': 3197.29824320648, 'pre_dampen_half': 346.8967691544824, 'gpp_af': 14.436425978087486, 'gpp_b': 1.5469798027750998e-05, 'gpp_d': 0.8385486383403061, 'ign_k': 7.273637130046292, 'ign_c': 0.10464814404695952, 'trop_agb_crit': 11.681666222576958, 'trop_k_veg': 0.5310004299240342}. Best is trial 1285 with value: -0.6015874360929447.
[I 2026-08-20 00:59:25,959] Trial 1921 finished with value: 0.639761753588733 and parameters: {'k1': 0.00297360256494982, 'D_low': 33.71586057250133, 'k2': 4.393547329436807e-05, 'D_high': 2203.543914839908, 'fire_exp': 2.528703061172926, 'P_half': 7406.684225121769, 'pre_dampen_half': 0.5317005001573033, 'gpp_af': 33.460556911023886, 'gpp_b': 0.00038322622845300507, 'gpp_d': 0.4625766438038628, 'ign_k': 0.18547986029529892, 'ign_c': 0.20162140352484628, 'trop_agb_crit': 5.379847027930526, 'trop_k_veg': 2.5637694809797993}. Best is trial 1285 with value: -0.6015874360929447.
[I 2026-08-20 00:59:27,458] Trial 1922 finished with value: 0.6445374145881376 and parameters: {'k1': 0.047531061321047174, 'D_low': 681803.8582537072, 'k2': 5.305587578088972e-05, 'D_high': 54.65485644578054, 'fire_exp': 5.535915276000524, 'P_half': 5.960022349100952, 'pre_dampen_half': 0.2594091508155833, 'gpp_af': 6.557213652990058, 'gpp_b': 2.0032590240344033, 'gpp_d': 0.5243525583091566, 'ign_k': 2.4509391628231736, 'ign_c': 18.58575063043703, 'trop_agb_crit': 1.461794211114128, 'trop_k_veg': 7.536782810779938}. Best is trial 1285 with value: -0.6015874360929447.
[I 2026-08-20 00:59:28,909] Trial 1923 finished with value: 0.6286843162971607 and parameters: {'k1': 0.0846320957682829, 'D_low': 248007.12067813845, 'k2': 0.047911716070133524, 'D_high': 5935088.517732416, 'fire_exp': 3.1357790931181104, 'P_half': 14.763264100124546, 'pre_dampen_half': 20.895253267189823, 'gpp_af': 0.06435636292298488, 'gpp_b': 5.571947050316969e-05, 'gpp_d': 2.804450889307958, 'ign_k': 1.2665806050423682, 'ign_c': 0.6382284460976664, 'trop_agb_crit': 1.50014647822934, 'trop_k_veg': 0.7009328856626142}. Best is trial 1285 with value: -0.6015874360929447.
[I 2026-08-20 00:59:30,308] Trial 1924 finished with value: 0.6445374145881376 and parameters: {'k1': 0.009881561815659495, 'D_low': 63369.81323192934, 'k2': 0.024314278805135408, 'D_high': 6361540.55592669, 'fire_exp': 1.10363398862515, 'P_half': 54.593194908437496, 'pre_dampen_half': 16.01895407488908, 'gpp_af': 0.003723671393814605, 'gpp_b': 0.0014687196575792509, 'gpp_d': 1.050719967788452, 'ign_k': 1.7807172622170746, 'ign_c': 57.156643678281995, 'trop_agb_crit': 20.08505161850654, 'trop_k_veg': 1.0337416658364953}. Best is trial 1285 with value: -0.6015874360929447.
[I 2026-08-20 00:59:31,709] Trial 1925 finished with value: 0.6445374145881376 and parameters: {'k1': 0.0038256841483139234, 'D_low': 1.2797803437797672, 'k2': 1.1501956205733844e-05, 'D_high': 216105.6446828718, 'fire_exp': 1.0468613475956627, 'P_half': 58.71250346190997, 'pre_dampen_half': 2.2148355992791195, 'gpp_af': 0.02125478727115645, 'gpp_b': 1.120137860227494e-05, 'gpp_d': 16.083795452812303, 'ign_k': 7.605632942876549, 'ign_c': 98.52736385829697, 'trop_agb_crit': 5.974277747571892, 'trop_k_veg': 2.2578508664137944}. Best is trial 1285 with value: -0.6015874360929447.
[I 2026-08-20 00:59:33,083] Trial 1926 finished with value: -0.5828107485698839 and parameters: {'k1': 0.058974803051967103, 'D_low': 15.312096109518084, 'k2': 0.01209280035144571, 'D_high': 2928698.991870215, 'fire_exp': 1.7831829295722983, 'P_half': 4.678708014958195, 'pre_dampen_half': 1.205664842558047, 'gpp_af': 0.8591832839191508, 'gpp_b': 0.009048738198223015, 'gpp_d': 327.86179878189523, 'ign_k': 0.3803515041444137, 'ign_c': 0.13930643164370737, 'trop_agb_crit': 11.212129399267987, 'trop_k_veg': 2.5810356500688263}. Best is trial 1285 with value: -0.6015874360929447.
[I 2026-08-20 00:59:34,457] Trial 1927 finished with value: 0.41069806140677045 and parameters: {'k1': 0.026799507003559004, 'D_low': 3.1325817509638645, 'k2': 0.0024738227589546336, 'D_high': 894588.9828530225, 'fire_exp': 1.0512656906733835, 'P_half': 15.690015208648553, 'pre_dampen_half': 0.7468136290061966, 'gpp_af': 0.21703714677578118, 'gpp_b': 0.001296657630720681, 'gpp_d': 107.33056679361556, 'ign_k': 0.9366430440756727, 'ign_c': 0.3056654419457343, 'trop_agb_crit': 28.99078091700492, 'trop_k_veg': 2.772100860232081}. Best is trial 1285 with value: -0.6015874360929447.
[I 2026-08-20 00:59:36,021] Trial 1928 finished with value: 0.6445374145881376 and parameters: {'k1': 0.0015789125922127099, 'D_low': 111976.39888139987, 'k2': 0.0036201139992853, 'D_high': 1069.0531970278817, 'fire_exp': 1.773728462585337, 'P_half': 2.1267476717787788, 'pre_dampen_half': 0.06480743438696754, 'gpp_af': 16.876538344419643, 'gpp_b': 0.0010010903110455266, 'gpp_d': 179.0024208478752, 'ign_k': 0.022556543701231373, 'ign_c': 0.4490932360527426, 'trop_agb_crit': 9.535050150643325, 'trop_k_veg': 1.917320331747504}. Best is trial 1285 with value: -0.6015874360929447.
[I 2026-08-20 00:59:37,401] Trial 1929 finished with value: 0.41106388751499323 and parameters: {'k1': 0.051028621456129575, 'D_low': 14.599760033955512, 'k2': 0.05244464986460452, 'D_high': 3002158.9827211765, 'fire_exp': 1.530892192269399, 'P_half': 6.446370886708971, 'pre_dampen_half': 4.21395294048493, 'gpp_af': 0.1575769334778937, 'gpp_b': 0.003969101968617833, 'gpp_d': 40.38986029070116, 'ign_k': 0.2022974648768924, 'ign_c': 0.6572743609453562, 'trop_agb_crit': 10.015662400438359, 'trop_k_veg': 1.55360067162593}. Best is trial 1285 with value: -0.6015874360929447.
[I 2026-08-20 00:59:38,786] Trial 1930 finished with value: 0.42165821532889625 and parameters: {'k1': 0.009075560326614985, 'D_low': 17.554282273354136, 'k2': 0.007908105479458298, 'D_high': 5830358.047013067, 'fire_exp': 1.9149758544995772, 'P_half': 2.5381163039264782, 'pre_dampen_half': 3.0264411523001997, 'gpp_af': 1.916832610786301, 'gpp_b': 0.002018487623430325, 'gpp_d': 970.6806738852695, 'ign_k': 0.8473445830019822, 'ign_c': 0.12388012581606, 'trop_agb_crit': 6.370790512187678, 'trop_k_veg': 2.729283786758835}. Best is trial 1285 with value: -0.6015874360929447.
[I 2026-08-20 00:59:40,617] Trial 1931 finished with value: 0.6445374145881376 and parameters: {'k1': 0.00011304856958771637, 'D_low': 415723.75652341696, 'k2': 0.00018021519644464374, 'D_high': 55.56814724631432, 'fire_exp': 5.493576859257271, 'P_half': 7219.708362446743, 'pre_dampen_half': 0.026316037658129305, 'gpp_af': 0.00799583422262716, 'gpp_b': 0.03514329607973737, 'gpp_d': 0.46017928444177086, 'ign_k': 0.01640612863977533, 'ign_c': 126.82504991925937, 'trop_agb_crit': 19.544160595463353, 'trop_k_veg': 0.7468846609769499}. Best is trial 1285 with value: -0.6015874360929447.
[I 2026-08-20 00:59:42,019] Trial 1932 finished with value: 0.6177197222156391 and parameters: {'k1': 0.005396324556965786, 'D_low': 106.02102464335454, 'k2': 0.00024022530007172688, 'D_high': 12079.279864968361, 'fire_exp': 6.581840384118948, 'P_half': 1190.2109864486401, 'pre_dampen_half': 8.174658310182508, 'gpp_af': 1.3381723805362467, 'gpp_b': 3.762810306715315e-05, 'gpp_d': 4.444015640362267, 'ign_k': 9.254847838315138, 'ign_c': 21.801448626972757, 'trop_agb_crit': 2.0212316421952274, 'trop_k_veg': 2.2617679280777905}. Best is trial 1285 with value: -0.6015874360929447.
[I 2026-08-20 00:59:43,462] Trial 1933 finished with value: 0.6445301032865239 and parameters: {'k1': 0.011066255416750935, 'D_low': 1.0204290506358014, 'k2': 0.0003374811662570568, 'D_high': 1580.7407989169249, 'fire_exp': 6.51569130217099, 'P_half': 13.76550220895348, 'pre_dampen_half': 1.4803463630434486, 'gpp_af': 1.6592314761988358, 'gpp_b': 0.025299741570782217, 'gpp_d': 0.06739836325416815, 'ign_k': 0.46533118485461084, 'ign_c': 15.808901668837349, 'trop_agb_crit': 28.848071771479347, 'trop_k_veg': 1.0020797483772563}. Best is trial 1285 with value: -0.6015874360929447.
[I 2026-08-20 00:59:44,846] Trial 1934 finished with value: 0.4892520151798896 and parameters: {'k1': 0.006174361072659318, 'D_low': 11.389132707402457, 'k2': 0.007201067275475206, 'D_high': 164899.6817422438, 'fire_exp': 2.7573156835263446, 'P_half': 22.21958742428972, 'pre_dampen_half': 0.8418104933078293, 'gpp_af': 4.030343004250994, 'gpp_b': 0.00020687651886291446, 'gpp_d': 15.010279236733318, 'ign_k': 0.16895561597268352, 'ign_c': 4.13742370013752, 'trop_agb_crit': 7.475730055689932, 'trop_k_veg': 1.8686956629503573}. Best is trial 1285 with value: -0.6015874360929447.
[I 2026-08-20 00:59:46,250] Trial 1935 finished with value: 0.5404004305029859 and parameters: {'k1': 0.016780515427060393, 'D_low': 1.162596957430215, 'k2': 0.01180506365105446, 'D_high': 1882138.3188693386, 'fire_exp': 2.2174646645085803, 'P_half': 6.774401515401448, 'pre_dampen_half': 0.17037910693085054, 'gpp_af': 0.6532103779028314, 'gpp_b': 0.14270329941075627, 'gpp_d': 254.8374147331269, 'ign_k': 0.7171556979968052, 'ign_c': 0.1266855706819952, 'trop_agb_crit': 21.155772700039503, 'trop_k_veg': 3.329990639428209}. Best is trial 1285 with value: -0.6015874360929447.
[I 2026-08-20 00:59:47,685] Trial 1936 finished with value: 0.6445374145881376 and parameters: {'k1': 7.150091929096019e-05, 'D_low': 24561.639350183545, 'k2': 1.594613314121011e-05, 'D_high': 66.48671312269704, 'fire_exp': 4.709541017097712, 'P_half': 309.4130722405108, 'pre_dampen_half': 31.177502230584746, 'gpp_af': 0.9164489575537128, 'gpp_b': 0.030199841351472474, 'gpp_d': 0.010432839458895041, 'ign_k': 0.01661584717953268, 'ign_c': 11.43274431097396, 'trop_agb_crit': 2.188847822059084, 'trop_k_veg': 1.5589367474032667}. Best is trial 1285 with value: -0.6015874360929447.
[I 2026-08-20 00:59:49,090] Trial 1937 finished with value: 0.6157292722191371 and parameters: {'k1': 0.00023422157840092663, 'D_low': 2.498851438074354, 'k2': 2.3945105685642545e-05, 'D_high': 81.95010232803767, 'fire_exp': 5.582684615891992, 'P_half': 3.9765034539065476, 'pre_dampen_half': 0.013363579354054626, 'gpp_af': 38.177801166033156, 'gpp_b': 0.03848690237048266, 'gpp_d': 340.4931839284348, 'ign_k': 0.0023299388787751266, 'ign_c': 8.117588270029774, 'trop_agb_crit': 1.9085349045241746, 'trop_k_veg': 4.729078476913596}. Best is trial 1285 with value: -0.6015874360929447.
[I 2026-08-20 00:59:50,500] Trial 1938 finished with value: 0.426580963210362 and parameters: {'k1': 0.03250164693208432, 'D_low': 1.1238783177858962, 'k2': 1.9767796228888265e-05, 'D_high': 7500628.417436773, 'fire_exp': 6.931554597718959, 'P_half': 27.227208695345734, 'pre_dampen_half': 193.92667380734582, 'gpp_af': 3.6331734290872912, 'gpp_b': 6.609151183955402e-05, 'gpp_d': 479.9962354291508, 'ign_k': 0.8013902131367476, 'ign_c': 20.746009543357207, 'trop_agb_crit': 16.582251218862744, 'trop_k_veg': 1.4175850267368189}. Best is trial 1285 with value: -0.6015874360929447.
[I 2026-08-20 00:59:51,887] Trial 1939 finished with value: 0.5658611732999311 and parameters: {'k1': 0.07509833662601462, 'D_low': 391.66014056537733, 'k2': 0.0044198740271885, 'D_high': 1804484.6281413129, 'fire_exp': 2.092330876058533, 'P_half': 9.921305037289098, 'pre_dampen_half': 0.14120363820925075, 'gpp_af': 0.219709988075793, 'gpp_b': 0.11645890109745181, 'gpp_d': 20.790674324781612, 'ign_k': 0.7176261809615535, 'ign_c': 0.4105535566274939, 'trop_agb_crit': 4.78671825161943, 'trop_k_veg': 3.177157331136296}. Best is trial 1285 with value: -0.6015874360929447.
[I 2026-08-20 00:59:53,312] Trial 1940 finished with value: 0.6405769823861562 and parameters: {'k1': 1.0803494169942605e-05, 'D_low': 40.14128215875316, 'k2': 0.03891857528360028, 'D_high': 292.3631924160917, 'fire_exp': 4.570284598893915, 'P_half': 1.3833279345827363, 'pre_dampen_half': 5.910337231469366, 'gpp_af': 3.5390878093719316, 'gpp_b': 4.182986384084303e-05, 'gpp_d': 0.6236532810220173, 'ign_k': 0.015982885372898544, 'ign_c': 1.30410337051117, 'trop_agb_crit': 7.504271300722284, 'trop_k_veg': 2.397014804922305}. Best is trial 1285 with value: -0.6015874360929447.
[I 2026-08-20 00:59:54,751] Trial 1941 finished with value: 0.6445374145881376 and parameters: {'k1': 3.1066034129468305e-05, 'D_low': 36262.58746671604, 'k2': 0.0005794337904347658, 'D_high': 10698.04151183802, 'fire_exp': 6.1099919094465, 'P_half': 17.626551961687053, 'pre_dampen_half': 0.05595220963629484, 'gpp_af': 0.003107249175211633, 'gpp_b': 0.12425750599537283, 'gpp_d': 1.9612560053001495, 'ign_k': 0.0017027542480541691, 'ign_c': 1.258877718316847, 'trop_agb_crit': 2.6561618440037753, 'trop_k_veg': 6.418726275375344}. Best is trial 1285 with value: -0.6015874360929447.
[I 2026-08-20 00:59:56,205] Trial 1942 finished with value: 0.6445374145881376 and parameters: {'k1': 1.0253154700012503e-05, 'D_low': 999.3997531870249, 'k2': 0.02207331203744292, 'D_high': 315703.0137734982, 'fire_exp': 8.212300778055415, 'P_half': 4.9433080323201715, 'pre_dampen_half': 15.64763746926945, 'gpp_af': 2.6969223125570636, 'gpp_b': 1.7284065643589985, 'gpp_d': 0.07648434819868394, 'ign_k': 1.2185611760894273, 'ign_c': 10.54843833004559, 'trop_agb_crit': 13.865854614947901, 'trop_k_veg': 0.6739681833339698}. Best is trial 1285 with value: -0.6015874360929447.
[I 2026-08-20 00:59:57,568] Trial 1943 finished with value: 0.6513489484777972 and parameters: {'k1': 0.0002327928485875589, 'D_low': 19.951846977140512, 'k2': 0.005802520712665718, 'D_high': 739668.7983859425, 'fire_exp': 1.55372006180865, 'P_half': 1016.6381558294692, 'pre_dampen_half': 19.845889374340867, 'gpp_af': 0.030333955552730302, 'gpp_b': 5.5576135898044375e-05, 'gpp_d': 83.57110565224264, 'ign_k': 0.7794218697787416, 'ign_c': 38.97977752998136, 'trop_agb_crit': 13.932575927845297, 'trop_k_veg': 2.7127871039917086}. Best is trial 1285 with value: -0.6015874360929447.
[I 2026-08-20 00:59:58,958] Trial 1944 finished with value: 0.572714282896522 and parameters: {'k1': 1.9043511717681094e-05, 'D_low': 6.69625692861619, 'k2': 0.00030361667039079316, 'D_high': 59147.93088543888, 'fire_exp': 3.5799633436760843, 'P_half': 17.626900363130368, 'pre_dampen_half': 5.593853005097292, 'gpp_af': 0.32266311194047037, 'gpp_b': 0.00024717101608560694, 'gpp_d': 17.903029720109256, 'ign_k': 0.587764213859207, 'ign_c': 0.5443195595001089, 'trop_agb_crit': 24.39176481816656, 'trop_k_veg': 7.761246053884018}. Best is trial 1285 with value: -0.6015874360929447.
[I 2026-08-20 01:00:00,340] Trial 1945 finished with value: 0.5568167839666514 and parameters: {'k1': 3.7266978640563165e-05, 'D_low': 743.5454666158255, 'k2': 0.0003695092120381306, 'D_high': 39112.20230364358, 'fire_exp': 2.293032890925886, 'P_half': 1.1287714526815806, 'pre_dampen_half': 1.9395595682158384, 'gpp_af': 12.64986213593018, 'gpp_b': 0.04490152222065678, 'gpp_d': 272.3823413263, 'ign_k': 3.0011779842645896, 'ign_c': 1.859653769187376, 'trop_agb_crit': 6.870637555531041, 'trop_k_veg': 2.78560959919097}. Best is trial 1285 with value: -0.6015874360929447.
