[I 2026-08-20 00:45:44,511] Trial 1391 finished with value: 0.6445374145881376 and parameters: {'k1': 0.007838223820083291, 'D_low': 66459.9473166996, 'k2': 7.328569430403047e-05, 'D_high': 7049.905979890699, 'fire_exp': 1.7795969677704553, 'P_half': 6269.527875061218, 'pre_dampen_half': 0.013129363819574804, 'gpp_af': 28.413786325930573, 'gpp_b': 1.3854241704480506, 'gpp_d': 108.1405975293446, 'ign_k': 0.05548250495998459, 'ign_c': 736.5745393354191, 'trop_agb_crit': 1.321387607022647, 'trop_k_veg': 0.9530126747274371}. Best is trial 1285 with value: -0.6015874360929447.
[I 2026-08-20 00:45:45,934] Trial 1392 finished with value: 0.5977584022754927 and parameters: {'k1': 0.001512195497264877, 'D_low': 42.83607462006839, 'k2': 2.360164344788767e-05, 'D_high': 1844.0506987261344, 'fire_exp': 3.615064327128527, 'P_half': 1177.843632416315, 'pre_dampen_half': 3.566600748804843, 'gpp_af': 0.3039639168159238, 'gpp_b': 1.0408478337582637e-05, 'gpp_d': 0.8808077297448141, 'ign_k': 0.0021222904586874667, 'ign_c': 353.71697600073765, 'trop_agb_crit': 3.24651940511987, 'trop_k_veg': 0.9077137191433494}. Best is trial 1285 with value: -0.6015874360929447.
[I 2026-08-20 00:45:47,793] Trial 1393 finished with value: 0.5955054976121593 and parameters: {'k1': 0.00919168771496405, 'D_low': 18.161190639496144, 'k2': 1.0034545340935284e-05, 'D_high': 1319694.2667517264, 'fire_exp': 2.9824561573361357, 'P_half': 5.389016189733674, 'pre_dampen_half': 48.00617819548399, 'gpp_af': 0.11234536443571727, 'gpp_b': 0.003953482379129155, 'gpp_d': 262.8227724487823, 'ign_k': 0.08322455991919668, 'ign_c': 49.17773575246642, 'trop_agb_crit': 25.027916873803807, 'trop_k_veg': 1.3531292592473838}. Best is trial 1285 with value: -0.6015874360929447.
[I 2026-08-20 00:45:49,442] Trial 1394 finished with value: 0.6445374145881376 and parameters: {'k1': 0.006319367183564262, 'D_low': 108.08547849121508, 'k2': 0.009146407164001098, 'D_high': 106122.88570251151, 'fire_exp': 7.0685817444324295, 'P_half': 59.95607202480434, 'pre_dampen_half': 682.5819413017895, 'gpp_af': 0.2861523640672584, 'gpp_b': 3.526535333382085, 'gpp_d': 168.5023286016546, 'ign_k': 0.1369302358691196, 'ign_c': 436.0863628119552, 'trop_agb_crit': 2.078572656856496, 'trop_k_veg': 6.378801156592224}. Best is trial 1285 with value: -0.6015874360929447.
[I 2026-08-20 00:45:51,683] Trial 1395 finished with value: 0.4152478343976068 and parameters: {'k1': 0.0032029753624200088, 'D_low': 44.39055007136585, 'k2': 0.0017676715510696367, 'D_high': 413680.36730817094, 'fire_exp': 8.72308570399971, 'P_half': 1.8922554972537318, 'pre_dampen_half': 137.180461999739, 'gpp_af': 0.038170549443873866, 'gpp_b': 0.00016134223054013877, 'gpp_d': 8.465651414213648, 'ign_k': 0.18378933661756755, 'ign_c': 0.5186157416362746, 'trop_agb_crit': 28.5107530148335, 'trop_k_veg': 6.8484278775865155}. Best is trial 1285 with value: -0.6015874360929447.
[I 2026-08-20 00:45:54,278] Trial 1396 finished with value: 0.6445374145881376 and parameters: {'k1': 0.003981003661693337, 'D_low': 411107.8947155021, 'k2': 1.7199894970486266e-05, 'D_high': 14.85702663005524, 'fire_exp': 9.229037551020177, 'P_half': 81.86726168076383, 'pre_dampen_half': 0.025737841324928543, 'gpp_af': 0.013857056320185216, 'gpp_b': 0.10296187022290633, 'gpp_d': 111.34774546258943, 'ign_k': 0.6823957156567547, 'ign_c': 3.338116389125105, 'trop_agb_crit': 2.4856505160865323, 'trop_k_veg': 2.709607320074197}. Best is trial 1285 with value: -0.6015874360929447.
[I 2026-08-20 00:45:56,310] Trial 1397 finished with value: 0.6445374145881376 and parameters: {'k1': 0.0009903229380633569, 'D_low': 6.132300223212876, 'k2': 0.0025897067277929255, 'D_high': 344.9270814617227, 'fire_exp': 2.6038300328197113, 'P_half': 2.7961955753337224, 'pre_dampen_half': 0.11689748664441516, 'gpp_af': 1.2895766858203261, 'gpp_b': 5.793670289376095, 'gpp_d': 0.020411346680928786, 'ign_k': 0.6619023035754966, 'ign_c': 36.47024008373432, 'trop_agb_crit': 2.0120306262531087, 'trop_k_veg': 0.6675282422575869}. Best is trial 1285 with value: -0.6015874360929447.
[I 2026-08-20 00:45:58,100] Trial 1398 finished with value: 0.537496806070787 and parameters: {'k1': 0.0005666903863107388, 'D_low': 1.7080868800270979, 'k2': 2.113475502564091e-05, 'D_high': 119130.53056185695, 'fire_exp': 3.3072837339533487, 'P_half': 28.638448285981116, 'pre_dampen_half': 91.00771840029095, 'gpp_af': 0.7653586189358252, 'gpp_b': 0.04627640149492792, 'gpp_d': 218.98240239577862, 'ign_k': 0.13115914745912735, 'ign_c': 10.924284742231205, 'trop_agb_crit': 9.068878377822326, 'trop_k_veg': 0.6299379785074908}. Best is trial 1285 with value: -0.6015874360929447.
[I 2026-08-20 00:46:00,993] Trial 1399 finished with value: 0.5288851043590753 and parameters: {'k1': 0.0002361426402537386, 'D_low': 37.60999655960244, 'k2': 9.409538897233406e-05, 'D_high': 92497.76127197464, 'fire_exp': 1.2367292290112701, 'P_half': 1.2957829894064101, 'pre_dampen_half': 0.08590966275784089, 'gpp_af': 0.0020634695451640277, 'gpp_b': 0.00014335717900971115, 'gpp_d': 1.3830802629321641, 'ign_k': 0.39613784861288287, 'ign_c': 0.8998311826387971, 'trop_agb_crit': 4.1273350150326396, 'trop_k_veg': 7.712860820363378}. Best is trial 1285 with value: -0.6015874360929447.
[I 2026-08-20 00:46:06,534] Trial 1400 finished with value: 0.6445374145881376 and parameters: {'k1': 0.06184915915261815, 'D_low': 329366.7312944879, 'k2': 2.212569567967909e-05, 'D_high': 2806619.5231970735, 'fire_exp': 2.411414922081917, 'P_half': 6.183824737756046, 'pre_dampen_half': 0.44938314150886305, 'gpp_af': 0.10804848703905223, 'gpp_b': 1.4575153896189936, 'gpp_d': 0.08826964506206367, 'ign_k': 0.0020518965639727544, 'ign_c': 908.6409508028587, 'trop_agb_crit': 2.729797417207002, 'trop_k_veg': 5.049682890490807}. Best is trial 1285 with value: -0.6015874360929447.
[I 2026-08-20 00:46:08,304] Trial 1401 finished with value: -0.5730696067411202 and parameters: {'k1': 0.00021008370597435652, 'D_low': 9765.404948503487, 'k2': 0.07617424114980648, 'D_high': 6287094.351187465, 'fire_exp': 1.2652349065794628, 'P_half': 2.158568688673134, 'pre_dampen_half': 1.1894142812125739, 'gpp_af': 0.6262844233876262, 'gpp_b': 0.001000390277802189, 'gpp_d': 88.60735382492052, 'ign_k': 0.2078964423536601, 'ign_c': 0.3821900605645082, 'trop_agb_crit': 6.220989222853546, 'trop_k_veg': 2.4124367579994415}. Best is trial 1285 with value: -0.6015874360929447.
[I 2026-08-20 00:46:10,040] Trial 1402 finished with value: 0.5063018166170713 and parameters: {'k1': 5.0160682570040095e-05, 'D_low': 78.66823788489297, 'k2': 0.0944315909936849, 'D_high': 3095662.3054223317, 'fire_exp': 1.0673316983061067, 'P_half': 1.3618556255839271, 'pre_dampen_half': 1.2079857718697131, 'gpp_af': 0.04933020014120036, 'gpp_b': 0.0012939040171751045, 'gpp_d': 8.141509793096876, 'ign_k': 0.014603644208234564, 'ign_c': 6.743793584304896, 'trop_agb_crit': 3.296397713752431, 'trop_k_veg': 0.8715464055071855}. Best is trial 1285 with value: -0.6015874360929447.
[I 2026-08-20 00:46:11,535] Trial 1403 finished with value: 0.48439513710803295 and parameters: {'k1': 0.010444608613250743, 'D_low': 2533.1929413520966, 'k2': 0.002964399273848124, 'D_high': 9699716.065497397, 'fire_exp': 1.6344333826274549, 'P_half': 103.36933879821925, 'pre_dampen_half': 0.17610287552227444, 'gpp_af': 32.06817588239575, 'gpp_b': 0.00221408611892755, 'gpp_d': 754.2747999436691, 'ign_k': 0.19489153813493462, 'ign_c': 1.9731420587201374, 'trop_agb_crit': 22.104190159455097, 'trop_k_veg': 4.193575202566466}. Best is trial 1285 with value: -0.6015874360929447.
[I 2026-08-20 00:46:13,240] Trial 1404 finished with value: 0.6445374145881376 and parameters: {'k1': 0.0012245156264848176, 'D_low': 2.6896272222139848, 'k2': 8.083063295423683e-05, 'D_high': 3496744.7337475247, 'fire_exp': 4.678858327083472, 'P_half': 1.820597514152132, 'pre_dampen_half': 186.30122075084233, 'gpp_af': 0.07430452637025003, 'gpp_b': 0.0002758812640559885, 'gpp_d': 189.82960984784035, 'ign_k': 6.622968754767551, 'ign_c': 52.25748376930684, 'trop_agb_crit': 4.502473434587553, 'trop_k_veg': 2.4933652322398046}. Best is trial 1285 with value: -0.6015874360929447.
[I 2026-08-20 00:46:14,783] Trial 1405 finished with value: 0.6456222427183074 and parameters: {'k1': 0.0012459495487561123, 'D_low': 10.454449504525721, 'k2': 1.5252849732313137e-05, 'D_high': 5154755.818961603, 'fire_exp': 3.466268920182681, 'P_half': 64.8432096636672, 'pre_dampen_half': 3.1466285975758947, 'gpp_af': 1.2568733438959285, 'gpp_b': 0.03966808587056962, 'gpp_d': 215.35679679357202, 'ign_k': 1.3366405413106932, 'ign_c': 37.497325419593174, 'trop_agb_crit': 18.747082665547445, 'trop_k_veg': 0.5313657710012124}. Best is trial 1285 with value: -0.6015874360929447.
[I 2026-08-20 00:46:16,358] Trial 1406 finished with value: 0.6445374145881376 and parameters: {'k1': 0.0002613362779068183, 'D_low': 412.75683511289276, 'k2': 0.0024317238458973992, 'D_high': 3205375.5322017297, 'fire_exp': 2.318446201173005, 'P_half': 1.320643134939276, 'pre_dampen_half': 63.577667287106074, 'gpp_af': 2.1883514117506, 'gpp_b': 0.07233076246211341, 'gpp_d': 759.0604457339076, 'ign_k': 7.3475033829301415, 'ign_c': 85.04502941674072, 'trop_agb_crit': 10.15954518636349, 'trop_k_veg': 1.4306561844169512}. Best is trial 1285 with value: -0.6015874360929447.
[I 2026-08-20 00:46:17,983] Trial 1407 finished with value: 0.6445374145881376 and parameters: {'k1': 0.0032994762055069053, 'D_low': 45836.82155020649, 'k2': 0.044063049962418305, 'D_high': 1630.3863268666098, 'fire_exp': 1.178893503915604, 'P_half': 872.8762113494471, 'pre_dampen_half': 5.192323083074464, 'gpp_af': 36.01079908454268, 'gpp_b': 0.07832011936156806, 'gpp_d': 264.14733966948353, 'ign_k': 0.04409806893241071, 'ign_c': 949.2933672048238, 'trop_agb_crit': 1.6823365552127787, 'trop_k_veg': 7.371178381396079}. Best is trial 1285 with value: -0.6015874360929447.
[I 2026-08-20 00:46:19,525] Trial 1408 finished with value: 0.43659965220824093 and parameters: {'k1': 8.690335553934973e-05, 'D_low': 3.873520615837053, 'k2': 0.0005334691695592162, 'D_high': 114071.03387436316, 'fire_exp': 1.1519036649435552, 'P_half': 48.27845410242845, 'pre_dampen_half': 5.403722971374773, 'gpp_af': 0.007361317515230498, 'gpp_b': 1.5186954354221096e-05, 'gpp_d': 1.3430992423662942, 'ign_k': 9.474255174328428, 'ign_c': 2.5002342309014347, 'trop_agb_crit': 1.8404070080160753, 'trop_k_veg': 4.862869453627045}. Best is trial 1285 with value: -0.6015874360929447.
[I 2026-08-20 00:46:21,006] Trial 1409 finished with value: 0.6445374145881376 and parameters: {'k1': 4.824427858342156e-05, 'D_low': 17899.191185605632, 'k2': 0.0006426039655958947, 'D_high': 15.264494269510381, 'fire_exp': 3.9000103955665444, 'P_half': 1069.6186961571138, 'pre_dampen_half': 362.1588078629465, 'gpp_af': 0.005468526045484548, 'gpp_b': 0.21799944927996665, 'gpp_d': 48.3794285240047, 'ign_k': 1.4823855811324849, 'ign_c': 55.25781180371426, 'trop_agb_crit': 4.596090201179248, 'trop_k_veg': 5.092005829199561}. Best is trial 1285 with value: -0.6015874360929447.
[I 2026-08-20 00:46:22,589] Trial 1410 finished with value: 0.4845047049234841 and parameters: {'k1': 6.329399308183169e-05, 'D_low': 4768.883336952643, 'k2': 0.017422885211064398, 'D_high': 218670.69099182883, 'fire_exp': 1.2273232584306322, 'P_half': 2.2024269890710366, 'pre_dampen_half': 3.324884071676256, 'gpp_af': 0.17494981057983672, 'gpp_b': 0.04728830970556449, 'gpp_d': 6.915922358541994, 'ign_k': 0.15983361832354023, 'ign_c': 1.3322412539525255, 'trop_agb_crit': 3.2345145647659317, 'trop_k_veg': 2.308003093522115}. Best is trial 1285 with value: -0.6015874360929447.
[I 2026-08-20 00:46:24,361] Trial 1411 finished with value: 0.581437413478046 and parameters: {'k1': 0.0012143824663920669, 'D_low': 3373.760554935553, 'k2': 2.262366194485658e-05, 'D_high': 22.347743209553236, 'fire_exp': 1.5834860704965459, 'P_half': 24.94100427767839, 'pre_dampen_half': 0.11032084070331394, 'gpp_af': 0.10080622658402998, 'gpp_b': 1.0906392158698827e-05, 'gpp_d': 0.10536911901896905, 'ign_k': 2.33132907321435, 'ign_c': 0.5119534148576884, 'trop_agb_crit': 27.411394809712718, 'trop_k_veg': 1.318890568572207}. Best is trial 1285 with value: -0.6015874360929447.
[I 2026-08-20 00:46:25,824] Trial 1412 finished with value: 0.4409985267543137 and parameters: {'k1': 0.0005157965672639792, 'D_low': 3477.1226852795476, 'k2': 0.0009564248956581249, 'D_high': 128903.56615561033, 'fire_exp': 4.461927154189866, 'P_half': 1.8896985610325205, 'pre_dampen_half': 17.199502400266926, 'gpp_af': 0.1623961012937951, 'gpp_b': 1.0115410002655213e-05, 'gpp_d': 5.255624551375243, 'ign_k': 0.35441088188803166, 'ign_c': 0.13018070657502753, 'trop_agb_crit': 18.004194849840736, 'trop_k_veg': 4.193119800940591}. Best is trial 1285 with value: -0.6015874360929447.
[I 2026-08-20 00:46:27,310] Trial 1413 finished with value: 0.5233290980563933 and parameters: {'k1': 0.0015721899682624232, 'D_low': 14.943971548420361, 'k2': 1.0701852343717415e-05, 'D_high': 20877.25533927416, 'fire_exp': 1.169144819114876, 'P_half': 109.96022687832819, 'pre_dampen_half': 0.9550307638774664, 'gpp_af': 0.20473386375469904, 'gpp_b': 1.4953653407327308e-05, 'gpp_d': 76.67679392835583, 'ign_k': 0.6428652117333167, 'ign_c': 5.981605889484149, 'trop_agb_crit': 7.216361595490174, 'trop_k_veg': 2.8507108234111844}. Best is trial 1285 with value: -0.6015874360929447.
[I 2026-08-20 00:46:28,726] Trial 1414 finished with value: 0.6282684105597434 and parameters: {'k1': 3.9656427307778084e-05, 'D_low': 634.5012887506953, 'k2': 0.00024558154968788395, 'D_high': 2733.909508484428, 'fire_exp': 1.076898915960687, 'P_half': 76.86633509397463, 'pre_dampen_half': 4.632720179475994, 'gpp_af': 2.238136720550616, 'gpp_b': 0.04909955934002778, 'gpp_d': 0.05511048870010996, 'ign_k': 0.0014532012679061275, 'ign_c': 39.446151095383, 'trop_agb_crit': 18.017892457168596, 'trop_k_veg': 1.552479024425565}. Best is trial 1285 with value: -0.6015874360929447.
[I 2026-08-20 00:46:30,132] Trial 1415 finished with value: 0.6191037871843279 and parameters: {'k1': 1.2823984193782718e-05, 'D_low': 1.0312492474279553, 'k2': 0.0903410450030494, 'D_high': 409.45019338688206, 'fire_exp': 1.3474610046777578, 'P_half': 71.12739706374964, 'pre_dampen_half': 5.399627857696876, 'gpp_af': 0.06900795855024416, 'gpp_b': 0.0005133834196987695, 'gpp_d': 531.0403720938251, 'ign_k': 0.07716870355514996, 'ign_c': 29.393306541111507, 'trop_agb_crit': 15.884144640721438, 'trop_k_veg': 0.6498098011452814}. Best is trial 1285 with value: -0.6015874360929447.
[I 2026-08-20 00:46:31,822] Trial 1416 finished with value: 0.6297009414529194 and parameters: {'k1': 6.0150785330371824e-05, 'D_low': 605.9162064826276, 'k2': 0.0003136465594917474, 'D_high': 1724666.2045908473, 'fire_exp': 6.372192957504597, 'P_half': 4.032695460545389, 'pre_dampen_half': 6.73494041315063, 'gpp_af': 1.3768612877074164, 'gpp_b': 0.0838905897326706, 'gpp_d': 244.8382099678448, 'ign_k': 5.659005878002328, 'ign_c': 27.727070290830543, 'trop_agb_crit': 4.016388306162952, 'trop_k_veg': 2.6452297380599927}. Best is trial 1285 with value: -0.6015874360929447.
[I 2026-08-20 00:46:33,412] Trial 1417 finished with value: 0.4633177235576559 and parameters: {'k1': 0.009180303644148614, 'D_low': 7.967745665235483, 'k2': 3.666405553069107e-05, 'D_high': 3106182.434651713, 'fire_exp': 3.592428566942015, 'P_half': 1.9656881747993205, 'pre_dampen_half': 20.194639246821076, 'gpp_af': 6.901840921045477, 'gpp_b': 0.014982470961561824, 'gpp_d': 748.5302143463499, 'ign_k': 0.5225188191137963, 'ign_c': 23.55919585902503, 'trop_agb_crit': 15.228672203584663, 'trop_k_veg': 1.1498510406087374}. Best is trial 1285 with value: -0.6015874360929447.
[I 2026-08-20 00:46:34,929] Trial 1418 finished with value: 0.6031362601421216 and parameters: {'k1': 0.011768522128725483, 'D_low': 5582.119857203719, 'k2': 0.00026663025351959346, 'D_high': 13.071588238791216, 'fire_exp': 2.405938572246884, 'P_half': 6.443973612946601, 'pre_dampen_half': 7.164978662850019, 'gpp_af': 0.015161841887511211, 'gpp_b': 0.0022677459051958725, 'gpp_d': 5.512430795891156, 'ign_k': 0.001032189140167057, 'ign_c': 0.5255897545941262, 'trop_agb_crit': 5.729568504144364, 'trop_k_veg': 1.420364689262992}. Best is trial 1285 with value: -0.6015874360929447.
[I 2026-08-20 00:46:36,463] Trial 1419 finished with value: 0.627958436350585 and parameters: {'k1': 2.576952885232409e-05, 'D_low': 13040.116399565948, 'k2': 0.07570169718623924, 'D_high': 25.675162092788334, 'fire_exp': 1.1081949737225485, 'P_half': 5.920464440971531, 'pre_dampen_half': 0.04449761030605352, 'gpp_af': 0.05986177664936175, 'gpp_b': 4.6232407855083695, 'gpp_d': 7.328661338256749, 'ign_k': 0.009580272016716759, 'ign_c': 0.11017515752486816, 'trop_agb_crit': 2.0886887805867795, 'trop_k_veg': 2.3448246876036274}. Best is trial 1285 with value: -0.6015874360929447.
[I 2026-08-20 00:46:38,111] Trial 1420 finished with value: 0.6445374145881376 and parameters: {'k1': 0.030302870378361237, 'D_low': 397.7471325404277, 'k2': 0.00012152668842319786, 'D_high': 9253140.503608668, 'fire_exp': 1.3865043551062237, 'P_half': 804.5891172599646, 'pre_dampen_half': 113.33154139165113, 'gpp_af': 0.03818394081044, 'gpp_b': 0.00017631049128736663, 'gpp_d': 46.93950315017002, 'ign_k': 2.578669391155216, 'ign_c': 43.19930616553625, 'trop_agb_crit': 27.587363874987542, 'trop_k_veg': 2.167184841073639}. Best is trial 1285 with value: -0.6015874360929447.
[I 2026-08-20 00:46:39,571] Trial 1421 finished with value: -0.5894256309255655 and parameters: {'k1': 0.019644145846706408, 'D_low': 3.27966054151609, 'k2': 1.424167008893124e-05, 'D_high': 5340659.917818913, 'fire_exp': 5.4526134476224, 'P_half': 11.66382679466461, 'pre_dampen_half': 14.319488733305556, 'gpp_af': 11.294443633277856, 'gpp_b': 8.757774863431558e-05, 'gpp_d': 447.52512253137604, 'ign_k': 0.3669801828698723, 'ign_c': 14.379376940666148, 'trop_agb_crit': 20.600715633395133, 'trop_k_veg': 1.7108664514586163}. Best is trial 1285 with value: -0.6015874360929447.
[I 2026-08-20 00:46:41,056] Trial 1422 finished with value: -0.5629495357909858 and parameters: {'k1': 0.004546817471654991, 'D_low': 6.297727220703328, 'k2': 1.0206088512432505e-05, 'D_high': 7515393.998993729, 'fire_exp': 6.115484289711068, 'P_half': 37.835725230815115, 'pre_dampen_half': 8.974533362395455, 'gpp_af': 25.923766204996102, 'gpp_b': 7.477597061330272e-05, 'gpp_d': 329.68488366858656, 'ign_k': 1.586958040128594, 'ign_c': 8.972202737206212, 'trop_agb_crit': 15.230167998476542, 'trop_k_veg': 1.2386571949441292}. Best is trial 1285 with value: -0.6015874360929447.
[I 2026-08-20 00:46:42,497] Trial 1423 finished with value: 0.45724936189451115 and parameters: {'k1': 5.9831152981342326e-05, 'D_low': 11.429905797127928, 'k2': 0.00041909775261576913, 'D_high': 2923917.229760487, 'fire_exp': 3.45933296800185, 'P_half': 1.6000404912977004, 'pre_dampen_half': 106.99374231287653, 'gpp_af': 1.5217522816485005, 'gpp_b': 0.014787025537491427, 'gpp_d': 18.600601979766537, 'ign_k': 8.662333556741814, 'ign_c': 17.805454890728097, 'trop_agb_crit': 7.550605036296217, 'trop_k_veg': 0.5366954543954455}. Best is trial 1285 with value: -0.6015874360929447.
[I 2026-08-20 00:46:44,071] Trial 1424 finished with value: 0.6378833269827796 and parameters: {'k1': 0.001645968740075088, 'D_low': 3.1064455989381465, 'k2': 6.211005343950858e-05, 'D_high': 44127.277522778364, 'fire_exp': 2.7952837087185665, 'P_half': 3.9917265798706296, 'pre_dampen_half': 5.3821168883601, 'gpp_af': 18.96894842857257, 'gpp_b': 0.3007115159482025, 'gpp_d': 163.6157058045409, 'ign_k': 2.8206269708278695, 'ign_c': 28.826454740324078, 'trop_agb_crit': 5.70322809804241, 'trop_k_veg': 2.6693400274818853}. Best is trial 1285 with value: -0.6015874360929447.
[I 2026-08-20 00:46:45,846] Trial 1425 finished with value: 0.44026650436435744 and parameters: {'k1': 0.007554588267011223, 'D_low': 3.6574270561286784, 'k2': 0.0003461454577879335, 'D_high': 5815503.71683431, 'fire_exp': 2.465305032226657, 'P_half': 2.103129996308386, 'pre_dampen_half': 13.871494950829668, 'gpp_af': 0.3884424419240844, 'gpp_b': 0.0010844433776538056, 'gpp_d': 737.75456221816, 'ign_k': 4.9704517359626115, 'ign_c': 6.923891099427122, 'trop_agb_crit': 2.10887670019764, 'trop_k_veg': 3.0653711984575462}. Best is trial 1285 with value: -0.6015874360929447.
[I 2026-08-20 00:46:47,297] Trial 1426 finished with value: 0.6445374145881376 and parameters: {'k1': 0.010629242979356007, 'D_low': 12.698455580415457, 'k2': 3.734525750929143e-05, 'D_high': 5184736.8091567, 'fire_exp': 7.411586760325953, 'P_half': 28.02587738249463, 'pre_dampen_half': 70.36281132960875, 'gpp_af': 16.504336659394244, 'gpp_b': 0.002845905144939519, 'gpp_d': 554.9501947579244, 'ign_k': 0.14691001322187636, 'ign_c': 223.54459735152793, 'trop_agb_crit': 22.40147824291008, 'trop_k_veg': 3.571705391660854}. Best is trial 1285 with value: -0.6015874360929447.
[I 2026-08-20 00:46:48,956] Trial 1427 finished with value: 0.48811423224221306 and parameters: {'k1': 0.014064362550788382, 'D_low': 16.05259932580604, 'k2': 2.1999041392689963e-05, 'D_high': 2894356.824370144, 'fire_exp': 5.718226703277915, 'P_half': 1.7564936486752023, 'pre_dampen_half': 0.20470551163001247, 'gpp_af': 5.618713203069488, 'gpp_b': 0.0007534764919002194, 'gpp_d': 171.65776648915642, 'ign_k': 1.6024372121573716, 'ign_c': 1.412443038010065, 'trop_agb_crit': 11.768919667689214, 'trop_k_veg': 1.3517762505176913}. Best is trial 1285 with value: -0.6015874360929447.
