[I 2026-08-19 17:53:54,715] Trial 1855 finished with value: 0.5008314017587946 and parameters: {'k1': 0.00023918630437282432, 'D_low': 15.586831063839155, 'k2': 0.0352630025658241, 'D_high': 1024219.6596852981, 'fire_exp': 1.026844178595492, 'P_half': 10.009378412105264, 'pre_dampen_half': 1.1108582446675812, 'gpp_af': 0.0018545351831444567, 'gpp_b': 0.0013535096429367116, 'gpp_d': 34.68793492877927, 'ign_k': 2.154411262812699, 'ign_c': 5.80093790912404, 'trop_agb_crit': 1.7743724898244901, 'trop_k_veg': 1.4190668312131132, 'pop_amp': 0.0393285142586018, 'pop_peak': 4.371861226559636, 'pop_sig': 1.2381649944802333, 'fuel_k': 0.07739864075376124, 'fuel_half': 0.1567268198964007}. Best is trial 1622 with value: -0.6125870653324885.
[I 2026-08-19 17:53:56,883] Trial 1856 finished with value: 0.46871815486497614 and parameters: {'k1': 0.0032690601404009294, 'D_low': 3.678679559603716, 'k2': 0.08170260789058544, 'D_high': 6665947.978495094, 'fire_exp': 3.1761253609721796, 'P_half': 12.636925843637577, 'pre_dampen_half': 123.43209393342089, 'gpp_af': 9.384341553558126, 'gpp_b': 0.046852054854875876, 'gpp_d': 137.69422693269036, 'ign_k': 1.4394799809655618, 'ign_c': 0.7062016865743822, 'trop_agb_crit': 6.041971467154023, 'trop_k_veg': 1.0168381029766478, 'pop_amp': 0.0012678945714616216, 'pop_peak': 0.12433938505577054, 'pop_sig': 0.35403800632355326, 'fuel_k': 0.06612210858625674, 'fuel_half': 5.255861303707841}. Best is trial 1622 with value: -0.6125870653324885.
[I 2026-08-19 17:53:59,001] Trial 1857 finished with value: 0.4298261327441244 and parameters: {'k1': 0.0004420388937440953, 'D_low': 527.9854977381711, 'k2': 0.022359703266921393, 'D_high': 405176.31674642, 'fire_exp': 2.396103828858764, 'P_half': 11.981967630135095, 'pre_dampen_half': 8.115993500212397, 'gpp_af': 2.0904044737018785, 'gpp_b': 0.00063058254165723, 'gpp_d': 27.796796271698323, 'ign_k': 0.4849512124781034, 'ign_c': 0.21594888108239108, 'trop_agb_crit': 9.497117091009583, 'trop_k_veg': 0.8072215548418138, 'pop_amp': 0.012840229830960424, 'pop_peak': 0.05196216249234743, 'pop_sig': 0.6603005077323819, 'fuel_k': 0.02647220233105631, 'fuel_half': 23.528181903269353}. Best is trial 1622 with value: -0.6125870653324885.
  trial 1858/2500  best_overall=0.6126  (55.6 min)
[I 2026-08-19 17:54:01,797] Trial 1858 finished with value: 0.5701181246023652 and parameters: {'k1': 0.00042959034980171395, 'D_low': 217.5922754217837, 'k2': 0.00012209755889527286, 'D_high': 2724606.093976802, 'fire_exp': 2.2579420197546947, 'P_half': 14.255999854163143, 'pre_dampen_half': 103.64613944751528, 'gpp_af': 0.02649299431975059, 'gpp_b': 0.01609652170975916, 'gpp_d': 498.00021543811357, 'ign_k': 0.019966409382096612, 'ign_c': 0.12262830660377139, 'trop_agb_crit': 8.997602623065617, 'trop_k_veg': 0.6447533727008178, 'pop_amp': 0.49539165785727457, 'pop_peak': 0.3527156178368348, 'pop_sig': 0.9176634491235293, 'fuel_k': 0.08864173955746085, 'fuel_half': 0.13121579935921054}. Best is trial 1622 with value: -0.6125870653324885.
[I 2026-08-19 17:54:03,999] Trial 1859 finished with value: 0.4689411670925212 and parameters: {'k1': 0.004724107849598228, 'D_low': 242.62456947976332, 'k2': 0.07453465692097944, 'D_high': 3130228.564634553, 'fire_exp': 1.5819847106609035, 'P_half': 16.845424444712005, 'pre_dampen_half': 83.25873325513388, 'gpp_af': 23.673490648612063, 'gpp_b': 0.01831833948552045, 'gpp_d': 62.3298039866754, 'ign_k': 0.0920978062545738, 'ign_c': 1.2331380887879062, 'trop_agb_crit': 12.727636930513722, 'trop_k_veg': 1.0549791277484137, 'pop_amp': 0.0018357904235559235, 'pop_peak': 1.9932609296643882, 'pop_sig': 0.6782371026465298, 'fuel_k': 0.045789541261029666, 'fuel_half': 1.822953416855826}. Best is trial 1622 with value: -0.6125870653324885.
[I 2026-08-19 17:54:06,253] Trial 1860 finished with value: -0.538133156958093 and parameters: {'k1': 0.06638746591044833, 'D_low': 23.923948705335444, 'k2': 0.00016924968434907736, 'D_high': 34205.510145647015, 'fire_exp': 2.256556857980644, 'P_half': 141.52311799352552, 'pre_dampen_half': 2.878984074120427, 'gpp_af': 0.0026428391227979113, 'gpp_b': 1.290854182298021e-05, 'gpp_d': 415.0830226653143, 'ign_k': 3.6479316730590234, 'ign_c': 5.584091613085455, 'trop_agb_crit': 13.780211343836669, 'trop_k_veg': 2.944372538424716, 'pop_amp': 0.0031137531866334677, 'pop_peak': 0.058022738044306146, 'pop_sig': 0.2568854504632954, 'fuel_k': 0.8643511694423508, 'fuel_half': 0.6107659439674249}. Best is trial 1622 with value: -0.6125870653324885.
[I 2026-08-19 17:54:08,503] Trial 1861 finished with value: 0.4145319924277948 and parameters: {'k1': 0.001197266805815154, 'D_low': 25.943586924049047, 'k2': 0.019891691460297765, 'D_high': 1033173.927479802, 'fire_exp': 1.5417786397166806, 'P_half': 120.05588936159018, 'pre_dampen_half': 3.9414910265810987, 'gpp_af': 7.064291058503486, 'gpp_b': 5.4659942884378437e-05, 'gpp_d': 177.36830845318622, 'ign_k': 2.2324400011469927, 'ign_c': 4.802199397896622, 'trop_agb_crit': 6.609965915943749, 'trop_k_veg': 0.8959925153813459, 'pop_amp': 0.0011697253104455132, 'pop_peak': 0.5533854470187232, 'pop_sig': 0.911633415333617, 'fuel_k': 0.08465122030842523, 'fuel_half': 1.856840146938317}. Best is trial 1622 with value: -0.6125870653324885.
[I 2026-08-19 17:54:10,679] Trial 1862 finished with value: 0.578331140616341 and parameters: {'k1': 0.0025665224031521496, 'D_low': 3.3108098029101907, 'k2': 0.0003828464780210708, 'D_high': 45235.77232948171, 'fire_exp': 3.325666931212767, 'P_half': 7.9674333450300034, 'pre_dampen_half': 0.21563606076369538, 'gpp_af': 0.005623504964758429, 'gpp_b': 0.0005930736089955867, 'gpp_d': 4.657376102775021, 'ign_k': 0.03147709618232813, 'ign_c': 0.5453751014639998, 'trop_agb_crit': 9.297204710509268, 'trop_k_veg': 0.747730002324823, 'pop_amp': 1.0131664311802662, 'pop_peak': 4.907489170907533, 'pop_sig': 0.7568075769174267, 'fuel_k': 0.2217866345502848, 'fuel_half': 0.3232843689273001}. Best is trial 1622 with value: -0.6125870653324885.
[I 2026-08-19 17:54:12,876] Trial 1863 finished with value: 0.6409269225008786 and parameters: {'k1': 2.3638097803295993e-05, 'D_low': 1205.9287664898843, 'k2': 0.0004223769572734337, 'D_high': 10882.292454205744, 'fire_exp': 6.5733539800357645, 'P_half': 7.68840269589322, 'pre_dampen_half': 0.17360540966623764, 'gpp_af': 11.77233945790117, 'gpp_b': 0.0016923472498921392, 'gpp_d': 0.033622169539011974, 'ign_k': 0.9164123470048333, 'ign_c': 2.7910853720966258, 'trop_agb_crit': 4.118873082410265, 'trop_k_veg': 0.8803269231424669, 'pop_amp': 10.26711247653163, 'pop_peak': 4.202944325395296, 'pop_sig': 0.8382092913546502, 'fuel_k': 0.0894877176746006, 'fuel_half': 2.741043897586624}. Best is trial 1622 with value: -0.6125870653324885.
[I 2026-08-19 17:54:14,820] Trial 1864 finished with value: 0.5899946730085073 and parameters: {'k1': 0.0033882640924236683, 'D_low': 2.397325997590171, 'k2': 0.008358477249526193, 'D_high': 5743316.116364804, 'fire_exp': 3.6177011955984804, 'P_half': 100.49752872973562, 'pre_dampen_half': 9.692812532264751, 'gpp_af': 0.010846652787541948, 'gpp_b': 0.001837801664836143, 'gpp_d': 5.893006638162902, 'ign_k': 0.5799718011046802, 'ign_c': 28.661898272091417, 'trop_agb_crit': 13.761473619737338, 'trop_k_veg': 2.0466977106687643, 'pop_amp': 0.0016648932891039458, 'pop_peak': 3.4914056950633663, 'pop_sig': 0.8976332510702282, 'fuel_k': 0.1619898677806289, 'fuel_half': 1.4729114721098564}. Best is trial 1622 with value: -0.6125870653324885.
[I 2026-08-19 17:54:17,009] Trial 1865 finished with value: 0.5985167571776067 and parameters: {'k1': 0.020998762741662423, 'D_low': 413.7851581762517, 'k2': 0.0007281442788059361, 'D_high': 1700950.5644365833, 'fire_exp': 1.0907293554285509, 'P_half': 4515.551755965686, 'pre_dampen_half': 2.7535917199063222, 'gpp_af': 0.010703185949963721, 'gpp_b': 0.0006003912519236281, 'gpp_d': 4.1455306907352565, 'ign_k': 0.798733312751391, 'ign_c': 32.466554756314444, 'trop_agb_crit': 8.338692960047151, 'trop_k_veg': 1.8509129698231093, 'pop_amp': 0.037856740519452994, 'pop_peak': 287.58628430694756, 'pop_sig': 1.1247277374414757, 'fuel_k': 0.7200149252371215, 'fuel_half': 0.6420773861138492}. Best is trial 1622 with value: -0.6125870653324885.
[I 2026-08-19 17:54:19,240] Trial 1866 finished with value: -0.5242995091254039 and parameters: {'k1': 1.2295823779726621e-05, 'D_low': 9676.125701436433, 'k2': 0.009202684283671438, 'D_high': 1488036.8462619688, 'fire_exp': 2.887606549357081, 'P_half': 101.12757039431307, 'pre_dampen_half': 391.5547688275532, 'gpp_af': 0.9357066363329786, 'gpp_b': 0.00043669300311859744, 'gpp_d': 391.25093889384436, 'ign_k': 0.4157056543030186, 'ign_c': 4.283050179700514, 'trop_agb_crit': 5.160724656748417, 'trop_k_veg': 3.052729126222605, 'pop_amp': 0.005909954587812372, 'pop_peak': 0.25076397857959476, 'pop_sig': 0.3841702807714882, 'fuel_k': 0.14591311596053735, 'fuel_half': 0.12513152582683637}. Best is trial 1622 with value: -0.6125870653324885.
[I 2026-08-19 17:54:21,360] Trial 1867 finished with value: 0.5756667497032596 and parameters: {'k1': 0.023722922953998266, 'D_low': 2.8665530192726307, 'k2': 0.03340237125300876, 'D_high': 556197.3592585602, 'fire_exp': 5.1220948821962144, 'P_half': 6.3216287603271555, 'pre_dampen_half': 2.0565881095887883, 'gpp_af': 0.6788211588040439, 'gpp_b': 0.0027252081166663483, 'gpp_d': 34.26998973873869, 'ign_k': 0.01390062342736203, 'ign_c': 2.3127704219223952, 'trop_agb_crit': 15.721017947329607, 'trop_k_veg': 4.606768749087406, 'pop_amp': 0.04416827216671304, 'pop_peak': 0.5512699294217323, 'pop_sig': 0.3884030009937089, 'fuel_k': 0.41588390387486224, 'fuel_half': 0.33764171911741475}. Best is trial 1622 with value: -0.6125870653324885.
  trial 1868/2500  best_overall=0.6126  (56.0 min)
[I 2026-08-19 17:54:24,100] Trial 1868 finished with value: 0.4124612026200636 and parameters: {'k1': 0.0011290815384649038, 'D_low': 2.2096287533923107, 'k2': 0.05457173203071795, 'D_high': 1778949.1178989273, 'fire_exp': 1.539524904700227, 'P_half': 26.200526346325233, 'pre_dampen_half': 1.7362502261274193, 'gpp_af': 0.046752149671745506, 'gpp_b': 0.0003092094948593352, 'gpp_d': 7.5075781975803, 'ign_k': 1.6281011266750194, 'ign_c': 0.7506328362156852, 'trop_agb_crit': 2.8003493836020863, 'trop_k_veg': 0.6754204099544884, 'pop_amp': 0.055097004119959256, 'pop_peak': 1.9384237546602074, 'pop_sig': 1.1583795560080423, 'fuel_k': 0.5101673209779145, 'fuel_half': 0.6099249144654122}. Best is trial 1622 with value: -0.6125870653324885.
[I 2026-08-19 17:54:26,170] Trial 1869 finished with value: 0.6445374145881376 and parameters: {'k1': 0.003242331459739459, 'D_low': 17.976519043534285, 'k2': 0.0003699033706530243, 'D_high': 632745.5016369259, 'fire_exp': 1.4446136437659904, 'P_half': 1144.5821776704965, 'pre_dampen_half': 0.9437262984145223, 'gpp_af': 0.0014563825108933743, 'gpp_b': 1.8341029926504067e-05, 'gpp_d': 135.63385899325831, 'ign_k': 1.2264597297359057, 'ign_c': 220.92497266909834, 'trop_agb_crit': 5.9872501115583505, 'trop_k_veg': 7.568357241326686, 'pop_amp': 0.012795677022850891, 'pop_peak': 0.1764108443998837, 'pop_sig': 0.4791951427405288, 'fuel_k': 1.445087473918544, 'fuel_half': 1.5122948689418751}. Best is trial 1622 with value: -0.6125870653324885.
[I 2026-08-19 17:54:28,340] Trial 1870 finished with value: 0.5186477197268456 and parameters: {'k1': 3.002048691724505e-05, 'D_low': 309.3556554371135, 'k2': 0.057059198066592744, 'D_high': 3291422.7966252635, 'fire_exp': 1.245549656265883, 'P_half': 8.504200452220429, 'pre_dampen_half': 0.20846458112585456, 'gpp_af': 0.08540094097654219, 'gpp_b': 0.00047589735072467676, 'gpp_d': 5.435195534990402, 'ign_k': 0.15888668265637118, 'ign_c': 14.763327175423793, 'trop_agb_crit': 3.4667170013737807, 'trop_k_veg': 0.6392881336452043, 'pop_amp': 0.011346809579163257, 'pop_peak': 17.859622981107382, 'pop_sig': 1.1750554229241676, 'fuel_k': 0.09650584888954712, 'fuel_half': 0.7762918182905949}. Best is trial 1622 with value: -0.6125870653324885.
[I 2026-08-19 17:54:30,476] Trial 1871 finished with value: 0.5656365326980812 and parameters: {'k1': 0.08911500783753976, 'D_low': 417.9189979701618, 'k2': 0.0007582258099277523, 'D_high': 5568178.1289934935, 'fire_exp': 3.083831215250989, 'P_half': 5.38814956532331, 'pre_dampen_half': 3.047263673818974, 'gpp_af': 0.005480907959670743, 'gpp_b': 0.01073385900839707, 'gpp_d': 765.1335599186605, 'ign_k': 0.8677431021778254, 'ign_c': 0.10117934033964711, 'trop_agb_crit': 22.98095853072468, 'trop_k_veg': 1.7109486154779985, 'pop_amp': 0.37882528713891583, 'pop_peak': 0.08571292678630327, 'pop_sig': 0.48601306713651854, 'fuel_k': 3.875661574293751, 'fuel_half': 0.6578618718950519}. Best is trial 1622 with value: -0.6125870653324885.
[I 2026-08-19 17:54:32,644] Trial 1872 finished with value: 0.48258767126316693 and parameters: {'k1': 0.002503668146983231, 'D_low': 5.256491403535776, 'k2': 0.005582719862218274, 'D_high': 2596282.521986583, 'fire_exp': 2.0943639151699474, 'P_half': 172.3277304152204, 'pre_dampen_half': 1.4144505277341612, 'gpp_af': 0.8585312735487028, 'gpp_b': 0.03880865054487424, 'gpp_d': 549.2229455710572, 'ign_k': 7.752813607489589, 'ign_c': 0.8697756857075799, 'trop_agb_crit': 14.889241518074554, 'trop_k_veg': 1.0180711435804493, 'pop_amp': 0.0014312781499585853, 'pop_peak': 0.6661581564715632, 'pop_sig': 1.0370277426932308, 'fuel_k': 0.03698491720960716, 'fuel_half': 0.8829654873188126}. Best is trial 1622 with value: -0.6125870653324885.
[I 2026-08-19 17:54:34,749] Trial 1873 finished with value: 0.5123444955878146 and parameters: {'k1': 0.016166233484618913, 'D_low': 1.7438191783310046, 'k2': 0.0004198506094138842, 'D_high': 7697134.5912478315, 'fire_exp': 3.1354042432644706, 'P_half': 215.3058292189449, 'pre_dampen_half': 0.19390190120994572, 'gpp_af': 0.35931858681477913, 'gpp_b': 0.00011058301634596968, 'gpp_d': 172.0769634427246, 'ign_k': 1.4826489961767184, 'ign_c': 1.3951064994787594, 'trop_agb_crit': 28.8534047899532, 'trop_k_veg': 2.879731671748794, 'pop_amp': 0.14048252929981103, 'pop_peak': 2.593760879115657, 'pop_sig': 0.44384653464304197, 'fuel_k': 0.7684036565782555, 'fuel_half': 0.18408285896637158}. Best is trial 1622 with value: -0.6125870653324885.
[I 2026-08-19 17:54:36,864] Trial 1874 finished with value: 0.5843882280432339 and parameters: {'k1': 0.023391273156618167, 'D_low': 12.589616318109394, 'k2': 0.05840501268119789, 'D_high': 1463815.5853509393, 'fire_exp': 5.772889978167103, 'P_half': 1.1475217513388847, 'pre_dampen_half': 1.6224159014107555, 'gpp_af': 0.0681201955020742, 'gpp_b': 0.010902419166809925, 'gpp_d': 1.8202125278388233, 'ign_k': 0.01579017053418703, 'ign_c': 1.857805493003953, 'trop_agb_crit': 13.597009313180228, 'trop_k_veg': 2.042745707811467, 'pop_amp': 0.0018145565697010935, 'pop_peak': 0.21023057673050713, 'pop_sig': 0.44662560769124315, 'fuel_k': 0.013012862289470285, 'fuel_half': 4.901551217170222}. Best is trial 1622 with value: -0.6125870653324885.
[I 2026-08-19 17:54:39,024] Trial 1875 finished with value: 0.4117589177219452 and parameters: {'k1': 0.0002545650825936661, 'D_low': 62.098235634834325, 'k2': 0.06736476818556582, 'D_high': 692557.7267546445, 'fire_exp': 1.445969025124978, 'P_half': 13.143345959484494, 'pre_dampen_half': 3.3916431956309556, 'gpp_af': 0.6046976512326085, 'gpp_b': 0.022029694728863347, 'gpp_d': 23.793172232497163, 'ign_k': 0.5123930715122671, 'ign_c': 2.3522321298866475, 'trop_agb_crit': 17.963085064263453, 'trop_k_veg': 2.2774922553671715, 'pop_amp': 0.001977346128286326, 'pop_peak': 0.06920412939695869, 'pop_sig': 0.32798288052838837, 'fuel_k': 0.025861269217745418, 'fuel_half': 12.695450557961939}. Best is trial 1622 with value: -0.6125870653324885.
[I 2026-08-19 17:54:41,150] Trial 1876 finished with value: -0.552276448797498 and parameters: {'k1': 0.040380353149667016, 'D_low': 1.9602764735322589, 'k2': 0.0010557046056928565, 'D_high': 1921970.2465548883, 'fire_exp': 1.9240167350255135, 'P_half': 895.5556545548596, 'pre_dampen_half': 293.38160088182, 'gpp_af': 2.4402115510087254, 'gpp_b': 0.027371397958776966, 'gpp_d': 35.70145369531883, 'ign_k': 7.783229000454739, 'ign_c': 11.222659083488532, 'trop_agb_crit': 11.914007285449623, 'trop_k_veg': 0.8725196699988431, 'pop_amp': 0.4400020951577604, 'pop_peak': 211.88735128823754, 'pop_sig': 0.35890976393520346, 'fuel_k': 0.24042554257709672, 'fuel_half': 0.7926104270499676}. Best is trial 1622 with value: -0.6125870653324885.
[I 2026-08-19 17:54:43,214] Trial 1877 finished with value: 0.5725674535808848 and parameters: {'k1': 0.0004247317357891804, 'D_low': 1.5278463504541766, 'k2': 0.004756520750716929, 'D_high': 6975454.807224883, 'fire_exp': 2.5168228107735584, 'P_half': 2.663898340028672, 'pre_dampen_half': 0.5104214649052179, 'gpp_af': 1.0908829260329191, 'gpp_b': 0.005118159726816425, 'gpp_d': 289.13825369512017, 'ign_k': 0.006004856671653187, 'ign_c': 53.180322077352244, 'trop_agb_crit': 22.58534985566618, 'trop_k_veg': 1.9561488655888786, 'pop_amp': 0.004956708540870326, 'pop_peak': 0.06726537269919923, 'pop_sig': 0.6993639430635185, 'fuel_k': 0.04663044592317055, 'fuel_half': 12.511782151188797}. Best is trial 1622 with value: -0.6125870653324885.
  trial 1878/2500  best_overall=0.6126  (56.3 min)
[I 2026-08-19 17:54:45,834] Trial 1878 finished with value: 0.6056684498569069 and parameters: {'k1': 1.1509909699111512e-05, 'D_low': 1.0144254110955009, 'k2': 0.00021145337905371044, 'D_high': 655.9490215044849, 'fire_exp': 6.616863074640994, 'P_half': 718.3575110447164, 'pre_dampen_half': 0.32190805901756137, 'gpp_af': 0.01609362706323235, 'gpp_b': 0.002714320900780261, 'gpp_d': 186.34652570916265, 'ign_k': 0.0011873823170393569, 'ign_c': 530.2698201536128, 'trop_agb_crit': 1.664172041869218, 'trop_k_veg': 0.5170565313437466, 'pop_amp': 5.059142054762031, 'pop_peak': 5.887422783422577, 'pop_sig': 0.29992897826578124, 'fuel_k': 4.224958537007526, 'fuel_half': 73.95337212947803}. Best is trial 1622 with value: -0.6125870653324885.
[I 2026-08-19 17:54:47,962] Trial 1879 finished with value: 0.49247107030709825 and parameters: {'k1': 0.0017934069940778892, 'D_low': 7.042209816708492, 'k2': 0.00011604410473045704, 'D_high': 4488908.4564711545, 'fire_exp': 1.7580243926452943, 'P_half': 183.3841817364773, 'pre_dampen_half': 0.1533787999956963, 'gpp_af': 0.002490297526553356, 'gpp_b': 1.2555271808050244e-05, 'gpp_d': 122.24474351277364, 'ign_k': 0.65662687886131, 'ign_c': 1.7492760043334046, 'trop_agb_crit': 10.077935573948979, 'trop_k_veg': 5.700336888205682, 'pop_amp': 0.0013787892423301098, 'pop_peak': 0.1022236063043312, 'pop_sig': 0.4999437382419465, 'fuel_k': 0.6470982156940034, 'fuel_half': 0.627873499366511}. Best is trial 1622 with value: -0.6125870653324885.
[I 2026-08-19 17:54:50,089] Trial 1880 finished with value: 0.6180476869975166 and parameters: {'k1': 0.005604932985951002, 'D_low': 6.468490598699403, 'k2': 0.002836991414150117, 'D_high': 2120256.483831614, 'fire_exp': 3.525151794486006, 'P_half': 48.85008652712395, 'pre_dampen_half': 28.854881513171136, 'gpp_af': 0.009506120891617665, 'gpp_b': 0.230782835642352, 'gpp_d': 780.9023680470946, 'ign_k': 1.3665795798599727, 'ign_c': 0.4528534793206009, 'trop_agb_crit': 27.378433238312432, 'trop_k_veg': 5.98747479043543, 'pop_amp': 0.23057411614471626, 'pop_peak': 0.07341848692184084, 'pop_sig': 0.3939854338900581, 'fuel_k': 3.2151255705291635, 'fuel_half': 0.5115504607104717}. Best is trial 1622 with value: -0.6125870653324885.
[I 2026-08-19 17:54:52,229] Trial 1881 finished with value: 0.6161659597672209 and parameters: {'k1': 0.005003243572934663, 'D_low': 42419.26178007116, 'k2': 0.00228532973583588, 'D_high': 6025368.553964874, 'fire_exp': 1.6741179720455692, 'P_half': 368.1924254516157, 'pre_dampen_half': 4.261833573442584, 'gpp_af': 0.005186825723603138, 'gpp_b': 6.727575342063364e-05, 'gpp_d': 0.6111691697252236, 'ign_k': 0.1315377843802776, 'ign_c': 49.69249201014512, 'trop_agb_crit': 20.436298891615845, 'trop_k_veg': 1.1541907414648478, 'pop_amp': 0.0012614439353112882, 'pop_peak': 41.30936468252618, 'pop_sig': 0.8209411154940012, 'fuel_k': 3.3180795556025835, 'fuel_half': 2.026457341697039}. Best is trial 1622 with value: -0.6125870653324885.
[I 2026-08-19 17:54:54,378] Trial 1882 finished with value: 0.5860303966593868 and parameters: {'k1': 9.06163824417394e-05, 'D_low': 1459.1872913148054, 'k2': 7.043145047032053e-05, 'D_high': 369.1682732030387, 'fire_exp': 1.914323744494441, 'P_half': 888.8977815823076, 'pre_dampen_half': 11.93483453997677, 'gpp_af': 1.1406565101486466, 'gpp_b': 0.0002070623465196497, 'gpp_d': 5.226412876893535, 'ign_k': 3.2019429239474966, 'ign_c': 11.691259427658347, 'trop_agb_crit': 10.577392911427978, 'trop_k_veg': 0.9708399800516904, 'pop_amp': 1.9667435169201943, 'pop_peak': 0.05288499986524644, 'pop_sig': 1.2871232538509418, 'fuel_k': 0.12091385391013226, 'fuel_half': 16.001877014627517}. Best is trial 1622 with value: -0.6125870653324885.
[I 2026-08-19 17:54:56,539] Trial 1883 finished with value: 0.4261269223408799 and parameters: {'k1': 0.01173764735952737, 'D_low': 60.32982810338678, 'k2': 0.0007913287903487603, 'D_high': 892909.9819384235, 'fire_exp': 1.6889763539204845, 'P_half': 10.401039083577448, 'pre_dampen_half': 0.2739446333570564, 'gpp_af': 0.017861222833097865, 'gpp_b': 0.0014739440231175138, 'gpp_d': 298.756259334586, 'ign_k': 0.8880395204861768, 'ign_c': 0.16263437664295533, 'trop_agb_crit': 16.049697358725677, 'trop_k_veg': 0.784280642852777, 'pop_amp': 1.172485473792854, 'pop_peak': 4.383431249875941, 'pop_sig': 0.8448049987569409, 'fuel_k': 0.12664846929453344, 'fuel_half': 1.0694124167758219}. Best is trial 1622 with value: -0.6125870653324885.
