[I 2026-08-05 23:47:12,292] Trial 465 finished with values: [10.600787719850608, 10.600787719850608] and parameters: {'k1': 0.016973078532467004, 'D_low': 18.522006003174383, 'k2': 0.0004381141781653133, 'D_high': 18.595266457134045, 'fire_exp': 1.2943117749495199, 'P_half': 608.3019192425825, 'pre_dampen_half': 703.6426675556048, 'gpp_af': 22.766850248686247, 'gpp_b': 0.6637926838138378, 'gpp_d': 34.37107943937136, 'ign_k': 0.017654048052495083, 'ign_c': 47.268615251255675}.
[I 2026-08-05 23:47:13,186] Trial 466 finished with values: [10.54253020590369, 10.54253020590369] and parameters: {'k1': 0.016973078532467004, 'D_low': 38.45635122720662, 'k2': 1.1184534120760473e-05, 'D_high': 75773.14388518519, 'fire_exp': 1.1670151053031461, 'P_half': 608.3019192425825, 'pre_dampen_half': 61.829022221636144, 'gpp_af': 22.766850248686247, 'gpp_b': 0.6637926838138378, 'gpp_d': 5.1715677287580455, 'ign_k': 0.0026834162496848666, 'ign_c': 6.160975294741436}.
[I 2026-08-05 23:47:14,056] Trial 467 finished with values: [10.052159563877124, 10.052159563877124] and parameters: {'k1': 2.0937989739527727e-05, 'D_low': 1.2834648227562822, 'k2': 2.5461628161276896e-05, 'D_high': 233.52156626184438, 'fire_exp': 1.1670151053031461, 'P_half': 4.397766894483963, 'pre_dampen_half': 53.73093479067421, 'gpp_af': 29.925002022877802, 'gpp_b': 3.228689523591491e-05, 'gpp_d': 5.1715677287580455, 'ign_k': 0.03141110271934876, 'ign_c': 6.160975294741436}.
[I 2026-08-05 23:47:14,921] Trial 468 finished with values: [-0.49226672559171336, 0.12943149581137137] and parameters: {'k1': 0.002971796631657383, 'D_low': 7.068974950624602, 'k2': 1.1184534120760473e-05, 'D_high': 9769.756791866093, 'fire_exp': 1.0881360604103363, 'P_half': 10.226988730324324, 'pre_dampen_half': 36.876350096203005, 'gpp_af': 29.925002022877802, 'gpp_b': 0.011750724729953272, 'gpp_d': 5.878566318396007, 'ign_k': 0.0026834162496848666, 'ign_c': 6.160975294741436}.
[I 2026-08-05 23:47:15,806] Trial 469 finished with values: [-0.5161856749348109, 0.15169729853049196] and parameters: {'k1': 0.002971796631657383, 'D_low': 7.068974950624602, 'k2': 1.1184534120760473e-05, 'D_high': 75773.14388518519, 'fire_exp': 1.1670151053031461, 'P_half': 10.226988730324324, 'pre_dampen_half': 36.876350096203005, 'gpp_af': 29.925002022877802, 'gpp_b': 0.011750724729953272, 'gpp_d': 8.144272585223819, 'ign_k': 0.0035114452581286888, 'ign_c': 2.41842279584716}.
[I 2026-08-05 23:47:16,671] Trial 470 finished with values: [10.25214580519589, 10.25214580519589] and parameters: {'k1': 0.016973078532467004, 'D_low': 29.89885508829526, 'k2': 0.0007081721844034209, 'D_high': 3660.150802571655, 'fire_exp': 1.2943117749495199, 'P_half': 39.03214299767183, 'pre_dampen_half': 303.1650219733388, 'gpp_af': 29.925002022877802, 'gpp_b': 0.7987896438549947, 'gpp_d': 39.827466658711515, 'ign_k': 0.01474275315991467, 'ign_c': 6.160975294741436}.
[I 2026-08-05 23:47:17,528] Trial 471 finished with values: [12.00955182085476, 12.00955182085476] and parameters: {'k1': 0.00012105387404469581, 'D_low': 2.458603276328005, 'k2': 0.0499774937030317, 'D_high': 3660.150802571655, 'fire_exp': 1.1044852285094786, 'P_half': 39.03214299767183, 'pre_dampen_half': 703.6426675556048, 'gpp_af': 35.20481045526041, 'gpp_b': 0.05314875633348467, 'gpp_d': 368.30088529547436, 'ign_k': 0.01474275315991467, 'ign_c': 0.15239409361703363}.
[I 2026-08-05 23:47:18,436] Trial 472 finished with values: [10.33146510132358, 10.33146510132358] and parameters: {'k1': 0.0017320535908244437, 'D_low': 2.1234210963705626, 'k2': 1.1184534120760473e-05, 'D_high': 7744.80118512745, 'fire_exp': 1.182396148413737, 'P_half': 147.09699119495133, 'pre_dampen_half': 33.9790424311127, 'gpp_af': 0.001162712343304238, 'gpp_b': 3.228689523591491e-05, 'gpp_d': 227.8683621488816, 'ign_k': 0.03141110271934876, 'ign_c': 8.671454322584175}.
[I 2026-08-05 23:47:19,304] Trial 473 finished with values: [10.465056800867794, 10.465056800867794] and parameters: {'k1': 0.016973078532467004, 'D_low': 7.068974950624602, 'k2': 0.0783350052213816, 'D_high': 75773.14388518519, 'fire_exp': 1.151006986743773, 'P_half': 125.61043700013555, 'pre_dampen_half': 703.6426675556048, 'gpp_af': 69.88585397513438, 'gpp_b': 0.7987896438549947, 'gpp_d': 4.5768578731086835, 'ign_k': 0.01474275315991467, 'ign_c': 99.67983879709281}.
[I 2026-08-05 23:47:20,195] Trial 474 finished with values: [10.307171528009544, 10.307171528009544] and parameters: {'k1': 0.04897760278488444, 'D_low': 2.458603276328005, 'k2': 0.0004381141781653133, 'D_high': 33.139424373451995, 'fire_exp': 1.1044852285094786, 'P_half': 851.7034154701655, 'pre_dampen_half': 703.6426675556048, 'gpp_af': 0.04339970334001348, 'gpp_b': 0.0025416076006960116, 'gpp_d': 0.1187686699420959, 'ign_k': 0.017654048052495083, 'ign_c': 10.140635645866492}.
[I 2026-08-05 23:47:21,060] Trial 475 finished with values: [-0.5401205631260786, 0.1115771950298795] and parameters: {'k1': 0.00324789183891923, 'D_low': 2.458603276328005, 'k2': 0.0004381141781653133, 'D_high': 75773.14388518519, 'fire_exp': 1.1670151053031461, 'P_half': 12.808863354047988, 'pre_dampen_half': 703.6426675556048, 'gpp_af': 35.20481045526041, 'gpp_b': 0.35446974723746, 'gpp_d': 5.878566318396007, 'ign_k': 0.01474275315991467, 'ign_c': 47.268615251255675}.
[I 2026-08-05 23:47:21,934] Trial 476 finished with values: [-0.5089842469787855, 0.13123948494646998] and parameters: {'k1': 0.002971796631657383, 'D_low': 7.068974950624602, 'k2': 1.1184534120760473e-05, 'D_high': 9769.756791866093, 'fire_exp': 1.058246684404056, 'P_half': 10.226988730324324, 'pre_dampen_half': 36.876350096203005, 'gpp_af': 29.925002022877802, 'gpp_b': 0.011750724729953272, 'gpp_d': 5.878566318396007, 'ign_k': 0.01474275315991467, 'ign_c': 6.160975294741436}.
[I 2026-08-05 23:47:22,795] Trial 477 finished with values: [10.326240443409905, 10.326240443409905] and parameters: {'k1': 0.0017320535908244437, 'D_low': 2.1234210963705626, 'k2': 0.0007081721844034209, 'D_high': 10.605801312906209, 'fire_exp': 1.1044852285094786, 'P_half': 147.09699119495133, 'pre_dampen_half': 36.876350096203005, 'gpp_af': 0.001162712343304238, 'gpp_b': 3.228689523591491e-05, 'gpp_d': 4.25060659305504, 'ign_k': 0.03141110271934876, 'ign_c': 6.160975294741436}.
[I 2026-08-05 23:47:23,683] Trial 478 finished with values: [10.183533919158153, 10.183533919158153] and parameters: {'k1': 1.226010546471291e-05, 'D_low': 7.068974950624602, 'k2': 0.005456725485601475, 'D_high': 75773.14388518519, 'fire_exp': 1.1044852285094786, 'P_half': 608.3019192425825, 'pre_dampen_half': 36.876350096203005, 'gpp_af': 35.20481045526041, 'gpp_b': 0.03841303420847976, 'gpp_d': 891.8036602897795, 'ign_k': 3.7173717478250508, 'ign_c': 6.160975294741436}.
[I 2026-08-05 23:47:24,535] Trial 479 finished with values: [10.768656767160513, 10.768656767160513] and parameters: {'k1': 0.016973078532467004, 'D_low': 2.458603276328005, 'k2': 0.0001969885015387913, 'D_high': 85018.70149611714, 'fire_exp': 1.182396148413737, 'P_half': 12.808863354047988, 'pre_dampen_half': 2.7746994751929965, 'gpp_af': 0.0025511964576171086, 'gpp_b': 0.4192224259816183, 'gpp_d': 857.4284557962634, 'ign_k': 5.9736167866478125, 'ign_c': 0.11433485956638717}.
[I 2026-08-05 23:47:25,400] Trial 480 finished with values: [13.283635060891655, 13.283635060891655] and parameters: {'k1': 0.021368329072358756, 'D_low': 2.458603276328005, 'k2': 0.0007081721844034209, 'D_high': 75773.14388518519, 'fire_exp': 1.1044852285094786, 'P_half': 10.226988730324324, 'pre_dampen_half': 703.6426675556048, 'gpp_af': 35.20481045526041, 'gpp_b': 0.00031478066835753096, 'gpp_d': 4.5768578731086835, 'ign_k': 0.01474275315991467, 'ign_c': 0.7724824966785973}.
[I 2026-08-05 23:47:26,410] Trial 481 finished with values: [10.478578564274638, 10.478578564274638] and parameters: {'k1': 0.016973078532467004, 'D_low': 2.458603276328005, 'k2': 3.5917714215176105e-05, 'D_high': 85018.70149611714, 'fire_exp': 1.1044852285094786, 'P_half': 540.9803697908727, 'pre_dampen_half': 111.37963167994629, 'gpp_af': 0.16963424566072005, 'gpp_b': 3.481277316673104e-05, 'gpp_d': 0.2334174560017147, 'ign_k': 0.11101191524846071, 'ign_c': 0.11433485956638717}.
[I 2026-08-05 23:47:27,293] Trial 482 finished with values: [12.62190153629281, 12.62190153629281] and parameters: {'k1': 0.016973078532467004, 'D_low': 2.458603276328005, 'k2': 0.0007081721844034209, 'D_high': 8182.111518618414, 'fire_exp': 1.151006986743773, 'P_half': 12.808863354047988, 'pre_dampen_half': 304.7488318185732, 'gpp_af': 35.20481045526041, 'gpp_b': 0.7987896438549947, 'gpp_d': 967.4365715402611, 'ign_k': 0.019192001101561888, 'ign_c': 0.1457050032975653}.
[I 2026-08-05 23:47:28,176] Trial 483 finished with values: [10.232490612449899, 10.232490612449899] and parameters: {'k1': 0.0029707920514735983, 'D_low': 2.458603276328005, 'k2': 0.0007081721844034209, 'D_high': 85018.70149611714, 'fire_exp': 1.182396148413737, 'P_half': 12.808863354047988, 'pre_dampen_half': 304.7488318185732, 'gpp_af': 0.001162712343304238, 'gpp_b': 0.0006082667040432242, 'gpp_d': 4.5768578731086835, 'ign_k': 0.050667002161528835, 'ign_c': 3.0378658251922155}.
[I 2026-08-05 23:47:29,093] Trial 484 finished with values: [10.213013983192642, 10.213013983192642] and parameters: {'k1': 0.0017320535908244437, 'D_low': 2.1234210963705626, 'k2': 1.1184534120760473e-05, 'D_high': 639.0695092073224, 'fire_exp': 1.1044852285094786, 'P_half': 24.136213194527585, 'pre_dampen_half': 36.876350096203005, 'gpp_af': 0.001162712343304238, 'gpp_b': 9.58832899519661e-05, 'gpp_d': 857.4284557962634, 'ign_k': 0.03141110271934876, 'ign_c': 8.671454322584175}.
[I 2026-08-05 23:47:29,958] Trial 485 finished with values: [10.442680440187925, 10.442680440187925] and parameters: {'k1': 0.002971796631657383, 'D_low': 1510.9086063191912, 'k2': 4.763991596630584e-05, 'D_high': 1687.3495104568947, 'fire_exp': 1.1044852285094786, 'P_half': 10.226988730324324, 'pre_dampen_half': 14.689898077648792, 'gpp_af': 29.925002022877802, 'gpp_b': 8.539677611488478e-05, 'gpp_d': 891.8036602897795, 'ign_k': 0.01474275315991467, 'ign_c': 14.810800730363484}.
[I 2026-08-05 23:47:30,863] Trial 486 finished with values: [-0.45355308007211603, 0.12049433620214334] and parameters: {'k1': 0.03232155805617897, 'D_low': 29.89885508829526, 'k2': 0.0499774937030317, 'D_high': 6455.595882939566, 'fire_exp': 1.811096651915224, 'P_half': 10.226988730324324, 'pre_dampen_half': 111.37963167994629, 'gpp_af': 11.234842109991876, 'gpp_b': 1.5938003265859821, 'gpp_d': 368.30088529547436, 'ign_k': 0.002357279455676982, 'ign_c': 10.140635645866492}.
[I 2026-08-05 23:47:31,741] Trial 487 finished with values: [10.301386839946229, 10.301386839946229] and parameters: {'k1': 0.0029707920514735983, 'D_low': 175.2878790340412, 'k2': 3.5917714215176105e-05, 'D_high': 7744.80118512745, 'fire_exp': 1.3614924220931135, 'P_half': 24.136213194527585, 'pre_dampen_half': 111.37963167994629, 'gpp_af': 11.234842109991876, 'gpp_b': 3.228689523591491e-05, 'gpp_d': 368.30088529547436, 'ign_k': 0.03141110271934876, 'ign_c': 0.11433485956638717}.
[I 2026-08-05 23:47:32,608] Trial 488 finished with values: [10.279927521215324, 10.279927521215324] and parameters: {'k1': 0.005967518552547517, 'D_low': 595.2904331761849, 'k2': 1.1184534120760473e-05, 'D_high': 3660.150802571655, 'fire_exp': 1.1044852285094786, 'P_half': 7.639737756882015, 'pre_dampen_half': 53.73093479067421, 'gpp_af': 21.995805943313187, 'gpp_b': 0.03719354588132657, 'gpp_d': 4.25060659305504, 'ign_k': 0.0026834162496848666, 'ign_c': 0.21356209987689076}.
[I 2026-08-05 23:47:33,491] Trial 489 finished with values: [10.093330417983655, 10.093330417983655] and parameters: {'k1': 0.002971796631657383, 'D_low': 74.92772870670282, 'k2': 1.1184534120760473e-05, 'D_high': 75773.14388518519, 'fire_exp': 1.1670151053031461, 'P_half': 12.808863354047988, 'pre_dampen_half': 25.2636741027941, 'gpp_af': 35.20481045526041, 'gpp_b': 0.011750724729953272, 'gpp_d': 149.50343942182866, 'ign_k': 0.0026834162496848666, 'ign_c': 6.160975294741436}.
[I 2026-08-05 23:47:34,422] Trial 490 finished with values: [-0.48552282229077603, 0.14363686575322465] and parameters: {'k1': 3.252245757497282e-05, 'D_low': 1112.9571947046009, 'k2': 3.5917714215176105e-05, 'D_high': 8182.111518618414, 'fire_exp': 1.5201277403788451, 'P_half': 24.136213194527585, 'pre_dampen_half': 304.7488318185732, 'gpp_af': 0.47739011308437823, 'gpp_b': 3.481277316673104e-05, 'gpp_d': 150.14555442537656, 'ign_k': 0.019192001101561888, 'ign_c': 0.1457050032975653}.
[I 2026-08-05 23:47:35,320] Trial 491 finished with values: [10.769230768838547, 10.769230768838547] and parameters: {'k1': 0.03232155805617897, 'D_low': 2.458603276328005, 'k2': 0.0499774937030317, 'D_high': 6455.595882939566, 'fire_exp': 4.513476798165099, 'P_half': 10.226988730324324, 'pre_dampen_half': 111.37963167994629, 'gpp_af': 0.023243291829111983, 'gpp_b': 1.5938003265859821, 'gpp_d': 368.30088529547436, 'ign_k': 0.002357279455676982, 'ign_c': 10.140635645866492}.
[I 2026-08-05 23:47:36,203] Trial 492 finished with values: [10.144419431033068, 10.144419431033068] and parameters: {'k1': 0.00324789183891923, 'D_low': 2.458603276328005, 'k2': 0.0004381141781653133, 'D_high': 75773.14388518519, 'fire_exp': 1.1670151053031461, 'P_half': 12.808863354047988, 'pre_dampen_half': 567.9600794296686, 'gpp_af': 35.20481045526041, 'gpp_b': 1.4427571100855582e-05, 'gpp_d': 5.1715677287580455, 'ign_k': 0.03033111747878116, 'ign_c': 47.268615251255675}.
[I 2026-08-05 23:47:37,102] Trial 493 finished with values: [-0.552870286267742, 0.09777279932008287] and parameters: {'k1': 0.04897760278488444, 'D_low': 4.020051040432125, 'k2': 0.0007081721844034209, 'D_high': 85018.70149611714, 'fire_exp': 1.2943117749495199, 'P_half': 12.808863354047988, 'pre_dampen_half': 703.6426675556048, 'gpp_af': 35.20481045526041, 'gpp_b': 0.7987896438549947, 'gpp_d': 4.5768578731086835, 'ign_k': 0.05362153030688613, 'ign_c': 0.11433485956638717}.
[I 2026-08-05 23:47:37,986] Trial 494 finished with values: [10.320273543348348, 10.320273543348348] and parameters: {'k1': 0.00014281536924924868, 'D_low': 2.458603276328005, 'k2': 1.1184534120760473e-05, 'D_high': 10.605801312906209, 'fire_exp': 1.1044852285094786, 'P_half': 95.65499215943822, 'pre_dampen_half': 33.9790424311127, 'gpp_af': 0.001162712343304238, 'gpp_b': 3.228689523591491e-05, 'gpp_d': 4.25060659305504, 'ign_k': 0.03141110271934876, 'ign_c': 8.671454322584175}.
[I 2026-08-05 23:47:38,877] Trial 495 finished with values: [10.751518211418993, 10.751518211418993] and parameters: {'k1': 0.0017320535908244437, 'D_low': 2.458603276328005, 'k2': 0.0004381141781653133, 'D_high': 48249.14281180252, 'fire_exp': 1.151006986743773, 'P_half': 5949.270019168345, 'pre_dampen_half': 36.876350096203005, 'gpp_af': 83.56239973758213, 'gpp_b': 0.7987896438549947, 'gpp_d': 4.25060659305504, 'ign_k': 0.03033111747878116, 'ign_c': 14.810800730363484}.
[I 2026-08-05 23:47:39,808] Trial 496 finished with values: [10.769220384469985, 10.769220384469985] and parameters: {'k1': 0.015602015889668856, 'D_low': 4.051452710153359, 'k2': 0.00038791280730284417, 'D_high': 85018.70149611714, 'fire_exp': 2.628617028154096, 'P_half': 95.65499215943822, 'pre_dampen_half': 33.9790424311127, 'gpp_af': 0.001339466259146302, 'gpp_b': 0.10123867001105968, 'gpp_d': 34.37107943937136, 'ign_k': 0.4702627143647234, 'ign_c': 3.0378658251922155}.
[I 2026-08-05 23:47:40,694] Trial 497 finished with values: [10.65606191038555, 10.65606191038555] and parameters: {'k1': 0.016973078532467004, 'D_low': 18.522006003174383, 'k2': 0.005456725485601475, 'D_high': 949.9072859745386, 'fire_exp': 1.010722707674549, 'P_half': 408.3047491580097, 'pre_dampen_half': 59.66041614891413, 'gpp_af': 0.04339970334001348, 'gpp_b': 0.6637926838138378, 'gpp_d': 891.8036602897795, 'ign_k': 3.7173717478250508, 'ign_c': 0.11433485956638717}.
[I 2026-08-05 23:47:41,569] Trial 498 finished with values: [10.76901845439977, 10.76901845439977] and parameters: {'k1': 0.003581820276578069, 'D_low': 38.93835424674703, 'k2': 0.031211489608802344, 'D_high': 6455.595882939566, 'fire_exp': 1.811096651915224, 'P_half': 12.808863354047988, 'pre_dampen_half': 36.876350096203005, 'gpp_af': 0.023500440978156005, 'gpp_b': 1.5938003265859821, 'gpp_d': 368.30088529547436, 'ign_k': 0.03033111747878116, 'ign_c': 6.160975294741436}.
[I 2026-08-05 23:47:42,468] Trial 499 finished with values: [10.769230768838547, 10.769230768838547] and parameters: {'k1': 2.0937989739527727e-05, 'D_low': 125.32726386250698, 'k2': 0.0499774937030317, 'D_high': 7744.80118512745, 'fire_exp': 1.811096651915224, 'P_half': 10.226988730324324, 'pre_dampen_half': 36.876350096203005, 'gpp_af': 35.20481045526041, 'gpp_b': 0.03841303420847976, 'gpp_d': 368.30088529547436, 'ign_k': 0.03141110271934876, 'ign_c': 862.8009047476764}.
[I 2026-08-05 23:47:43,336] Trial 500 finished with values: [10.60042167882485, 10.60042167882485] and parameters: {'k1': 0.021368329072358756, 'D_low': 7.068974950624602, 'k2': 1.1184534120760473e-05, 'D_high': 75773.14388518519, 'fire_exp': 2.5664570832902065, 'P_half': 125.61043700013555, 'pre_dampen_half': 304.7488318185732, 'gpp_af': 29.545818008001255, 'gpp_b': 3.228689523591491e-05, 'gpp_d': 368.30088529547436, 'ign_k': 0.01474275315991467, 'ign_c': 47.268615251255675}.
[I 2026-08-05 23:47:44,251] Trial 501 finished with values: [10.501491286799723, 10.501491286799723] and parameters: {'k1': 0.0002514786015817364, 'D_low': 74.92772870670282, 'k2': 0.00011939136672856547, 'D_high': 83.14160873549643, 'fire_exp': 1.5201277403788451, 'P_half': 39.03214299767183, 'pre_dampen_half': 53.73093479067421, 'gpp_af': 29.925002022877802, 'gpp_b': 3.139005000572696e-05, 'gpp_d': 4.5768578731086835, 'ign_k': 0.4702627143647234, 'ign_c': 0.17036120617148395}.
[I 2026-08-05 23:47:45,167] Trial 502 finished with values: [-0.4716448411231138, 0.14950918232113997] and parameters: {'k1': 0.03232155805617897, 'D_low': 29.89885508829526, 'k2': 0.0499774937030317, 'D_high': 6455.595882939566, 'fire_exp': 1.633445707733642, 'P_half': 10.226988730324324, 'pre_dampen_half': 111.37963167994629, 'gpp_af': 11.234842109991876, 'gpp_b': 1.5938003265859821, 'gpp_d': 368.30088529547436, 'ign_k': 0.002357279455676982, 'ign_c': 10.140635645866492}.
[I 2026-08-05 23:47:46,066] Trial 503 finished with values: [10.34994826282769, 10.34994826282769] and parameters: {'k1': 0.016973078532467004, 'D_low': 29.89885508829526, 'k2': 0.0001870742013766025, 'D_high': 411.0848435021235, 'fire_exp': 1.0743210440710231, 'P_half': 39.03214299767183, 'pre_dampen_half': 59.66041614891413, 'gpp_af': 22.766850248686247, 'gpp_b': 0.7987896438549947, 'gpp_d': 4.5768578731086835, 'ign_k': 0.0026834162496848666, 'ign_c': 0.11433485956638717}.
[I 2026-08-05 23:47:47,094] Trial 504 finished with values: [10.136447996551702, 10.136447996551702] and parameters: {'k1': 0.021368329072358756, 'D_low': 7.068974950624602, 'k2': 1.1184534120760473e-05, 'D_high': 75773.14388518519, 'fire_exp': 1.2943117749495199, 'P_half': 404.266078304289, 'pre_dampen_half': 303.1650219733388, 'gpp_af': 35.20481045526041, 'gpp_b': 0.03841303420847976, 'gpp_d': 4.5768578731086835, 'ign_k': 0.01474275315991467, 'ign_c': 0.11433485956638717}.
[I 2026-08-05 23:47:47,977] Trial 505 finished with values: [10.769230763614448, 10.769230763614448] and parameters: {'k1': 0.04897760278488444, 'D_low': 29.792392084398863, 'k2': 0.0004381141781653133, 'D_high': 85018.70149611714, 'fire_exp': 7.317424494789711, 'P_half': 39.03214299767183, 'pre_dampen_half': 703.6426675556048, 'gpp_af': 35.20481045526041, 'gpp_b': 0.7987896438549947, 'gpp_d': 34.37107943937136, 'ign_k': 0.07813392238162735, 'ign_c': 47.268615251255675}.
[I 2026-08-05 23:47:48,859] Trial 506 finished with values: [-0.51439659302533, 0.14144174412287025] and parameters: {'k1': 0.0029707920514735983, 'D_low': 125.32726386250698, 'k2': 0.005456725485601475, 'D_high': 6366.1449945522045, 'fire_exp': 1.182396148413737, 'P_half': 95.65499215943822, 'pre_dampen_half': 33.9790424311127, 'gpp_af': 0.0025511964576171086, 'gpp_b': 3.228689523591491e-05, 'gpp_d': 857.4284557962634, 'ign_k': 0.03141110271934876, 'ign_c': 3.0378658251922155}.
[I 2026-08-05 23:47:49,796] Trial 507 finished with values: [10.769216111951259, 10.769216111951259] and parameters: {'k1': 0.00012105387404469581, 'D_low': 7.068974950624602, 'k2': 1.1184534120760473e-05, 'D_high': 3660.150802571655, 'fire_exp': 1.1044852285094786, 'P_half': 39.03214299767183, 'pre_dampen_half': 703.6426675556048, 'gpp_af': 35.20481045526041, 'gpp_b': 0.10123867001105968, 'gpp_d': 39.827466658711515, 'ign_k': 0.01474275315991467, 'ign_c': 746.0599239667742}.
[I 2026-08-05 23:47:50,683] Trial 508 finished with values: [-0.513830912850879, 0.13636016475762658] and parameters: {'k1': 0.021368329072358756, 'D_low': 7.068974950624602, 'k2': 1.1184534120760473e-05, 'D_high': 75773.14388518519, 'fire_exp': 1.1044852285094786, 'P_half': 10.226988730324324, 'pre_dampen_half': 36.876350096203005, 'gpp_af': 29.925002022877802, 'gpp_b': 0.03841303420847976, 'gpp_d': 4.5768578731086835, 'ign_k': 0.005522071973135812, 'ign_c': 6.160975294741436}.
[I 2026-08-05 23:47:51,582] Trial 509 finished with values: [10.612917772712192, 10.612917772712192] and parameters: {'k1': 0.0029707920514735983, 'D_low': 2.1234210963705626, 'k2': 1.1184534120760473e-05, 'D_high': 7744.80118512745, 'fire_exp': 1.1044852285094786, 'P_half': 2981.897231705516, 'pre_dampen_half': 107.40052367919465, 'gpp_af': 0.001162712343304238, 'gpp_b': 3.228689523591491e-05, 'gpp_d': 857.4284557962634, 'ign_k': 0.03141110271934876, 'ign_c': 8.671454322584175}.
