[I 2026-08-19 17:03:08,517] Trial 173 finished with value: 0.5744906655554021 and parameters: {'k1': 0.0007597218936324042, 'D_low': 11.590683221296066, 'k2': 0.0008034225345988367, 'D_high': 419555.1045317195, 'fire_exp': 2.1346038881616733, 'P_half': 6.695449821441039, 'pre_dampen_half': 0.2467686504607963, 'gpp_af': 0.0823126641269132, 'gpp_b': 0.017676161163693308, 'gpp_d': 5.175442559503684, 'ign_k': 0.007523623811239257, 'ign_c': 0.8590027229327949, 'trop_agb_crit': 14.22329470661893, 'trop_k_veg': 0.7664072169841213, 'pop_amp': 0.07914796409504299, 'pop_peak': 1.966323468368146, 'pop_sig': 1.375239114340378, 'fuel_k': 0.15705950868890756, 'fuel_half': 0.990696624715679}. Best is trial 0 with value: -0.6094076133578652.
[I 2026-08-19 17:03:10,437] Trial 174 finished with value: 0.601997098677144 and parameters: {'k1': 0.07248758387418582, 'D_low': 10591.239124679483, 'k2': 0.00015867917235573692, 'D_high': 10309.87110260808, 'fire_exp': 2.816519945367105, 'P_half': 1.5766313942227628, 'pre_dampen_half': 1.4792726014457491, 'gpp_af': 0.0026369369431821542, 'gpp_b': 8.592648372168877e-05, 'gpp_d': 69.12771239060113, 'ign_k': 0.30363343755755406, 'ign_c': 0.9923296791525273, 'trop_agb_crit': 4.736378802631607, 'trop_k_veg': 2.212234004594112, 'pop_amp': 0.14339400804042837, 'pop_peak': 0.12471890691156506, 'pop_sig': 0.9425803807705396, 'fuel_k': 0.19311812920890561, 'fuel_half': 23.166330075624636}. Best is trial 0 with value: -0.6094076133578652.
[I 2026-08-19 17:03:12,066] Trial 175 finished with value: 0.5663277406668091 and parameters: {'k1': 0.0029956624307884935, 'D_low': 1.5538281140416945, 'k2': 0.0004639863859485598, 'D_high': 9963554.379091071, 'fire_exp': 3.2800044053872743, 'P_half': 6.1194756655346865, 'pre_dampen_half': 31.855908920857015, 'gpp_af': 23.586347059732415, 'gpp_b': 0.0002431322125544196, 'gpp_d': 0.04665345414086103, 'ign_k': 2.8382110995669234, 'ign_c': 0.31580121839148795, 'trop_agb_crit': 18.485928193056097, 'trop_k_veg': 0.5041238679547445, 'pop_amp': 0.05207318716236977, 'pop_peak': 2.601372623891737, 'pop_sig': 1.1041334715658775, 'fuel_k': 0.42372914032111697, 'fuel_half': 6.291948794084237}. Best is trial 0 with value: -0.6094076133578652.
[I 2026-08-19 17:03:13,715] Trial 176 finished with value: 0.5335599259684054 and parameters: {'k1': 0.0003756004761930304, 'D_low': 21.49666460155071, 'k2': 2.7561078745335582e-05, 'D_high': 2820068.150852687, 'fire_exp': 1.323206816290972, 'P_half': 5.445708297217578, 'pre_dampen_half': 35.07069630366129, 'gpp_af': 2.172386062667056, 'gpp_b': 0.14472084519363485, 'gpp_d': 1.625805833370375, 'ign_k': 0.009467686870278134, 'ign_c': 0.4657790879240628, 'trop_agb_crit': 10.648747866010366, 'trop_k_veg': 1.1283627569665462, 'pop_amp': 0.09760744848195962, 'pop_peak': 202.1726949534067, 'pop_sig': 1.0340194228522739, 'fuel_k': 0.7281437574826756, 'fuel_half': 50.86665934409479}. Best is trial 0 with value: -0.6094076133578652.
[I 2026-08-19 17:03:15,416] Trial 177 finished with value: 0.6445374145881376 and parameters: {'k1': 0.00018865311269828535, 'D_low': 11000.142923443733, 'k2': 3.319752937166186e-05, 'D_high': 82867.01565002969, 'fire_exp': 1.362356948748339, 'P_half': 162.67970765386985, 'pre_dampen_half': 26.385079852765074, 'gpp_af': 56.26593617689427, 'gpp_b': 3.130438917655341e-05, 'gpp_d': 0.5116704431008516, 'ign_k': 9.564923655414583, 'ign_c': 539.7376020006956, 'trop_agb_crit': 16.600876076660004, 'trop_k_veg': 4.2206966786289435, 'pop_amp': 0.4130211707950534, 'pop_peak': 0.8044062351699863, 'pop_sig': 0.8343116348455483, 'fuel_k': 0.24272945171809954, 'fuel_half': 0.40200252395416936}. Best is trial 0 with value: -0.6094076133578652.
[I 2026-08-19 17:03:17,020] Trial 178 finished with value: 0.4776674066621335 and parameters: {'k1': 0.00016032351371441945, 'D_low': 704.8157604451754, 'k2': 7.384817882141262e-05, 'D_high': 2710984.784607138, 'fire_exp': 1.8151836270773765, 'P_half': 168.761875670183, 'pre_dampen_half': 37.68898699634784, 'gpp_af': 1.50554506045566, 'gpp_b': 6.151332446085154e-05, 'gpp_d': 0.707538140444834, 'ign_k': 1.051449573420801, 'ign_c': 2.2545160205552537, 'trop_agb_crit': 28.42191062734634, 'trop_k_veg': 2.836383569793996, 'pop_amp': 0.03369364319055138, 'pop_peak': 18.612744583273468, 'pop_sig': 1.788464136977442, 'fuel_k': 0.23670514170361226, 'fuel_half': 0.4589159241792933}. Best is trial 0 with value: -0.6094076133578652.
[I 2026-08-19 17:03:18,652] Trial 179 finished with value: 0.4164356531899063 and parameters: {'k1': 0.0015710577363604692, 'D_low': 14.14897541917454, 'k2': 0.0030631309504665265, 'D_high': 1896528.12326589, 'fire_exp': 1.2189415775370696, 'P_half': 9.578435452321578, 'pre_dampen_half': 1.2121540502066197, 'gpp_af': 0.454252377492255, 'gpp_b': 0.0003394584963601689, 'gpp_d': 54.5987109270978, 'ign_k': 8.40699022693629, 'ign_c': 2.1492703639957216, 'trop_agb_crit': 8.270056587694418, 'trop_k_veg': 1.2155363903462646, 'pop_amp': 0.001703887174039238, 'pop_peak': 39.033557974237134, 'pop_sig': 1.467071750393061, 'fuel_k': 0.06485616768255059, 'fuel_half': 37.24712059102845}. Best is trial 0 with value: -0.6094076133578652.
  trial  180/2500  best_overall=0.6094  (4.9 min)
[I 2026-08-19 17:03:20,853] Trial 180 finished with value: 0.4272586482990558 and parameters: {'k1': 0.00029076076234241504, 'D_low': 376.69455549354996, 'k2': 0.0002871755075731712, 'D_high': 104902.37519328814, 'fire_exp': 1.2654756476494453, 'P_half': 18.914909602918076, 'pre_dampen_half': 4.997584888034133, 'gpp_af': 0.03629403893933408, 'gpp_b': 3.87125365935827e-05, 'gpp_d': 48.61842465590935, 'ign_k': 7.265224923685491, 'ign_c': 8.113050326489173, 'trop_agb_crit': 11.165999072844459, 'trop_k_veg': 3.7045515821139867, 'pop_amp': 0.05897908019204645, 'pop_peak': 2.0304098270146733, 'pop_sig': 1.4808021253734944, 'fuel_k': 0.165065555150338, 'fuel_half': 0.1393726387676923}. Best is trial 0 with value: -0.6094076133578652.
[I 2026-08-19 17:03:22,811] Trial 181 finished with value: 0.41255964972700343 and parameters: {'k1': 0.06860463195003928, 'D_low': 332.13713360334117, 'k2': 0.006160695945461932, 'D_high': 3495130.784539683, 'fire_exp': 1.0272123365211236, 'P_half': 2.224062024431329, 'pre_dampen_half': 4.369734964994236, 'gpp_af': 0.028255507210854184, 'gpp_b': 0.0014167596618518516, 'gpp_d': 0.9846489268572393, 'ign_k': 0.09574740838812508, 'ign_c': 0.8024584416006372, 'trop_agb_crit': 6.660275494112046, 'trop_k_veg': 1.424058745105464, 'pop_amp': 0.005158593298429825, 'pop_peak': 0.2526397376944476, 'pop_sig': 1.4200676482058507, 'fuel_k': 0.17090831398963463, 'fuel_half': 13.937860960515124}. Best is trial 0 with value: -0.6094076133578652.
[I 2026-08-19 17:03:24,644] Trial 182 finished with value: 0.4513386921422706 and parameters: {'k1': 0.0011229032954266542, 'D_low': 5145.225506381084, 'k2': 0.0629284422277164, 'D_high': 2527755.809155193, 'fire_exp': 1.0441254947532657, 'P_half': 1.3520689283133667, 'pre_dampen_half': 10.365078606336906, 'gpp_af': 0.02646182964777447, 'gpp_b': 4.108459178194327e-05, 'gpp_d': 10.657724903239284, 'ign_k': 0.286187894108278, 'ign_c': 0.20426722814268386, 'trop_agb_crit': 1.7900110369780513, 'trop_k_veg': 0.8130870183911985, 'pop_amp': 0.01061459471549795, 'pop_peak': 1.1306781710973062, 'pop_sig': 1.3587249979879237, 'fuel_k': 0.07002001072833568, 'fuel_half': 48.94737160110337}. Best is trial 0 with value: -0.6094076133578652.
[I 2026-08-19 17:03:26,358] Trial 183 finished with value: -0.5021461132578471 and parameters: {'k1': 0.021446838383216517, 'D_low': 3372.9700606380834, 'k2': 0.0041307107771997925, 'D_high': 2231304.2155600362, 'fire_exp': 1.3469842669153076, 'P_half': 40.60108921035351, 'pre_dampen_half': 0.04554208474721294, 'gpp_af': 4.917248862375115, 'gpp_b': 0.00010496657557962183, 'gpp_d': 1.5441112917527737, 'ign_k': 0.7105048260387476, 'ign_c': 0.28703829007839327, 'trop_agb_crit': 2.327673204941505, 'trop_k_veg': 0.7221205288670278, 'pop_amp': 5.618363467045213, 'pop_peak': 0.665946191494053, 'pop_sig': 0.74241023624311, 'fuel_k': 0.0851960182784953, 'fuel_half': 51.09796511987096}. Best is trial 0 with value: -0.6094076133578652.
[I 2026-08-19 17:03:28,108] Trial 184 finished with value: 0.48225165434433814 and parameters: {'k1': 0.016512874256040113, 'D_low': 16165.373649445215, 'k2': 6.930114897043072e-05, 'D_high': 73140.2403298021, 'fire_exp': 1.2841853702630148, 'P_half': 1.0459945632311707, 'pre_dampen_half': 3.9865737216566037, 'gpp_af': 0.021209435482030213, 'gpp_b': 2.9961516050872946e-05, 'gpp_d': 75.23528336076501, 'ign_k': 6.185639861121958, 'ign_c': 0.5941277511281698, 'trop_agb_crit': 1.811182501561748, 'trop_k_veg': 2.1999495726015152, 'pop_amp': 1.9115636222861658, 'pop_peak': 2.310934668703323, 'pop_sig': 1.2614448974630632, 'fuel_k': 0.029732556440929415, 'fuel_half': 21.592000701110234}. Best is trial 0 with value: -0.6094076133578652.
[I 2026-08-19 17:03:30,146] Trial 185 finished with value: 0.5941847109282645 and parameters: {'k1': 0.0015291374253264753, 'D_low': 30.933690904979716, 'k2': 0.0008906125613660146, 'D_high': 6230081.220090475, 'fire_exp': 2.0458100058139714, 'P_half': 18.053146258105027, 'pre_dampen_half': 375.43352470177814, 'gpp_af': 0.1201715994593906, 'gpp_b': 0.07805470542889278, 'gpp_d': 0.2798556148400438, 'ign_k': 0.004560475920616541, 'ign_c': 0.5304229466566602, 'trop_agb_crit': 12.2218894411785, 'trop_k_veg': 1.5524031383159547, 'pop_amp': 0.010451028781099159, 'pop_peak': 0.7326066737999574, 'pop_sig': 1.2075127997181523, 'fuel_k': 0.07873371816791228, 'fuel_half': 19.738123198305964}. Best is trial 0 with value: -0.6094076133578652.
[I 2026-08-19 17:03:31,913] Trial 186 finished with value: 0.6285359473203804 and parameters: {'k1': 0.0015852339351140857, 'D_low': 165179.523786595, 'k2': 0.042829568661127256, 'D_high': 236667.97277443565, 'fire_exp': 1.165170416904451, 'P_half': 15.502151284735344, 'pre_dampen_half': 2.9699111337784987, 'gpp_af': 11.49251230481949, 'gpp_b': 0.016464627991807944, 'gpp_d': 87.64127819926982, 'ign_k': 2.0536606967902076, 'ign_c': 1.211999790593457, 'trop_agb_crit': 3.927344385622334, 'trop_k_veg': 0.5246262122586121, 'pop_amp': 0.002888275744503703, 'pop_peak': 1.4330263568053243, 'pop_sig': 0.6554880330228294, 'fuel_k': 0.3551383905533524, 'fuel_half': 73.43124522151992}. Best is trial 0 with value: -0.6094076133578652.
[I 2026-08-19 17:03:33,647] Trial 187 finished with value: 0.6445374145881376 and parameters: {'k1': 0.0017220925422444793, 'D_low': 756.511914360347, 'k2': 0.00025532469623964154, 'D_high': 22692.635923921254, 'fire_exp': 2.005262408531333, 'P_half': 1213.3436461593906, 'pre_dampen_half': 0.05710050205028774, 'gpp_af': 0.42097240010422027, 'gpp_b': 0.0005220298128942857, 'gpp_d': 44.14591055926312, 'ign_k': 0.5786618454825593, 'ign_c': 90.12234121091441, 'trop_agb_crit': 5.646780959993677, 'trop_k_veg': 0.6517991793508515, 'pop_amp': 0.0011191743775880287, 'pop_peak': 8.214807359534419, 'pop_sig': 2.2332728019796426, 'fuel_k': 0.018872783527820486, 'fuel_half': 26.87203781303179}. Best is trial 0 with value: -0.6094076133578652.
[I 2026-08-19 17:03:35,392] Trial 188 finished with value: 0.5270108356592875 and parameters: {'k1': 0.003563289079051502, 'D_low': 1449.8509336087159, 'k2': 0.09756318892957126, 'D_high': 3331517.3368235044, 'fire_exp': 1.8900664690697075, 'P_half': 442.1229183951312, 'pre_dampen_half': 0.6496215746538723, 'gpp_af': 0.007205388318563313, 'gpp_b': 6.399366330189581e-05, 'gpp_d': 41.0915610543826, 'ign_k': 0.19287444339565554, 'ign_c': 0.1776196210185445, 'trop_agb_crit': 13.173994773766958, 'trop_k_veg': 0.9355277223227556, 'pop_amp': 0.017032128315772988, 'pop_peak': 0.05141704743793612, 'pop_sig': 0.9563468373394033, 'fuel_k': 0.24179184395625253, 'fuel_half': 8.956246441572489}. Best is trial 0 with value: -0.6094076133578652.
[I 2026-08-19 17:03:37,116] Trial 189 finished with value: 0.5359508665626588 and parameters: {'k1': 6.418907718115561e-05, 'D_low': 157.8221153421631, 'k2': 4.413073469205526e-05, 'D_high': 3465275.2489529406, 'fire_exp': 1.7689266386568652, 'P_half': 4712.996350232192, 'pre_dampen_half': 0.1212301059080362, 'gpp_af': 0.04358551076946669, 'gpp_b': 0.008526638666018452, 'gpp_d': 64.2732979165584, 'ign_k': 0.017995963521225393, 'ign_c': 0.4507500700064817, 'trop_agb_crit': 23.019457697782382, 'trop_k_veg': 2.185547233801786, 'pop_amp': 15.855952887762216, 'pop_peak': 36.74044813296954, 'pop_sig': 0.7495462244747934, 'fuel_k': 5.517186319868471, 'fuel_half': 0.11468254772078477}. Best is trial 0 with value: -0.6094076133578652.
[I 2026-08-19 17:03:38,903] Trial 190 finished with value: -0.5073863819114713 and parameters: {'k1': 0.0030172900810484537, 'D_low': 1.820833550001075, 'k2': 0.0023917323777024996, 'D_high': 18030.82118857133, 'fire_exp': 1.3017196960592248, 'P_half': 22.612547021727554, 'pre_dampen_half': 6.289169678516571, 'gpp_af': 0.05903557748850318, 'gpp_b': 0.00010156699453313333, 'gpp_d': 870.2836489468978, 'ign_k': 0.7503191669867464, 'ign_c': 12.266814722354725, 'trop_agb_crit': 2.6074140006405844, 'trop_k_veg': 0.5341165649922629, 'pop_amp': 0.048085417816289326, 'pop_peak': 23.88796391420829, 'pop_sig': 1.7895212160762133, 'fuel_k': 0.032714380035269296, 'fuel_half': 11.358391948311912}. Best is trial 0 with value: -0.6094076133578652.
  trial  191/2500  best_overall=0.6094  (5.3 min)
[I 2026-08-19 17:03:40,675] Trial 191 finished with value: 0.48602286198422495 and parameters: {'k1': 0.000218643133535155, 'D_low': 56.01301168616667, 'k2': 0.00011941735501235428, 'D_high': 1003297.2294628504, 'fire_exp': 1.4201783784253632, 'P_half': 6.892475321066362, 'pre_dampen_half': 0.26525103184760457, 'gpp_af': 0.5114437511650944, 'gpp_b': 0.02889131553843941, 'gpp_d': 343.74054981808496, 'ign_k': 1.0690302196140176, 'ign_c': 1.1829224786241619, 'trop_agb_crit': 6.346330215181965, 'trop_k_veg': 0.94295548681009, 'pop_amp': 0.006288541920810348, 'pop_peak': 0.8446864938907714, 'pop_sig': 2.101218509698835, 'fuel_k': 1.4047862254081493, 'fuel_half': 12.147984287616048}. Best is trial 0 with value: -0.6094076133578652.
[I 2026-08-19 17:03:42,364] Trial 192 finished with value: 0.6074730483873456 and parameters: {'k1': 0.0004624765214076116, 'D_low': 4.1275725289689955, 'k2': 0.0040338918854169944, 'D_high': 369.5589502818035, 'fire_exp': 1.1264918806304365, 'P_half': 15.80507285797515, 'pre_dampen_half': 10.43939442887232, 'gpp_af': 0.0023361969130168505, 'gpp_b': 1.6580184757230728e-05, 'gpp_d': 133.5703527082998, 'ign_k': 2.1491985905820856, 'ign_c': 14.499851888105239, 'trop_agb_crit': 3.780471417680886, 'trop_k_veg': 0.5259881737979668, 'pop_amp': 0.1668613290964474, 'pop_peak': 1.9036399352028908, 'pop_sig': 1.0304794216155462, 'fuel_k': 0.07725413654919816, 'fuel_half': 24.002335950925403}. Best is trial 0 with value: -0.6094076133578652.
[I 2026-08-19 17:03:44,032] Trial 193 finished with value: 0.5373785094480519 and parameters: {'k1': 0.0012996152996613464, 'D_low': 51.76992503504936, 'k2': 0.00386940621166145, 'D_high': 2168.151867730534, 'fire_exp': 1.1517861112196817, 'P_half': 1.7129036609285666, 'pre_dampen_half': 18.59217061817677, 'gpp_af': 0.11157546910566463, 'gpp_b': 0.00010224367225703832, 'gpp_d': 860.4270369011888, 'ign_k': 0.7756766984413199, 'ign_c': 0.7865961122855759, 'trop_agb_crit': 3.4190545017841862, 'trop_k_veg': 0.5556639486424292, 'pop_amp': 0.018713959360343386, 'pop_peak': 274.6403176942988, 'pop_sig': 1.7380336065881035, 'fuel_k': 0.09791482820549231, 'fuel_half': 28.279625065551688}. Best is trial 0 with value: -0.6094076133578652.
[I 2026-08-19 17:03:45,761] Trial 194 finished with value: 0.6445374145881376 and parameters: {'k1': 0.011486115239323597, 'D_low': 1.879895425083278, 'k2': 0.0005478893539568387, 'D_high': 465949.90735187585, 'fire_exp': 1.5726606140986505, 'P_half': 5.478764577676525, 'pre_dampen_half': 0.6955225294890113, 'gpp_af': 0.0030902316613240885, 'gpp_b': 0.0013815725220793565, 'gpp_d': 889.0049860972479, 'ign_k': 7.391299492056604, 'ign_c': 60.332644917001446, 'trop_agb_crit': 1.1250398904705585, 'trop_k_veg': 0.9846177219963144, 'pop_amp': 0.01942162917423833, 'pop_peak': 22.374613774359073, 'pop_sig': 0.9391443113575222, 'fuel_k': 0.17115988853385733, 'fuel_half': 25.701472456467744}. Best is trial 0 with value: -0.6094076133578652.
[I 2026-08-19 17:03:47,379] Trial 195 finished with value: 0.44797885859662934 and parameters: {'k1': 0.00014820808178335755, 'D_low': 2179.9718558702198, 'k2': 0.0008118986012779563, 'D_high': 7668180.284250522, 'fire_exp': 1.163071797457603, 'P_half': 4.238564446871949, 'pre_dampen_half': 5.954931618136062, 'gpp_af': 2.1312740719627397, 'gpp_b': 0.009341222563722856, 'gpp_d': 58.13146443981078, 'ign_k': 0.011553787984284136, 'ign_c': 0.27023096093776316, 'trop_agb_crit': 4.602279848137657, 'trop_k_veg': 0.808593340295756, 'pop_amp': 0.0851780512632981, 'pop_peak': 6.860596437066062, 'pop_sig': 1.487567596253345, 'fuel_k': 0.07788587446472317, 'fuel_half': 54.39513872690873}. Best is trial 0 with value: -0.6094076133578652.
[I 2026-08-19 17:03:49,005] Trial 196 finished with value: 0.4426027581088927 and parameters: {'k1': 0.004316582026394207, 'D_low': 10174.850658762827, 'k2': 0.00046813008512538686, 'D_high': 1049042.9657870703, 'fire_exp': 2.048451472308083, 'P_half': 82.705950979107, 'pre_dampen_half': 0.04376154394365299, 'gpp_af': 0.22206526569023582, 'gpp_b': 0.004262764547236365, 'gpp_d': 3.061434869670484, 'ign_k': 3.8039761083395165, 'ign_c': 1.4757274539784702, 'trop_agb_crit': 3.0282847699303415, 'trop_k_veg': 0.682011233608153, 'pop_amp': 16.419732787042502, 'pop_peak': 0.21924566983779953, 'pop_sig': 1.2804984376525663, 'fuel_k': 0.1735120082334426, 'fuel_half': 18.88869944774435}. Best is trial 0 with value: -0.6094076133578652.
[I 2026-08-19 17:03:50,629] Trial 197 finished with value: 0.5936402195550584 and parameters: {'k1': 0.0005741669985277046, 'D_low': 1.3472748530490943, 'k2': 0.06656374218088859, 'D_high': 20902.938782521647, 'fire_exp': 1.4370253064144836, 'P_half': 29.45925525432548, 'pre_dampen_half': 0.20131143677273985, 'gpp_af': 0.0014338469054076587, 'gpp_b': 0.008804183209199476, 'gpp_d': 117.51896297041061, 'ign_k': 0.23671897326425548, 'ign_c': 2.7369679695691773, 'trop_agb_crit': 1.762148929116625, 'trop_k_veg': 0.6714482071544798, 'pop_amp': 0.20238895558824, 'pop_peak': 105.3944796512342, 'pop_sig': 1.1781134642599798, 'fuel_k': 0.036406826726736015, 'fuel_half': 14.348897774397111}. Best is trial 0 with value: -0.6094076133578652.
[I 2026-08-19 17:03:52,369] Trial 198 finished with value: -0.5181648877117262 and parameters: {'k1': 2.9444833991311613e-05, 'D_low': 1833.2548462674297, 'k2': 0.00016250313276076756, 'D_high': 55716.092522435836, 'fire_exp': 1.8103236951664012, 'P_half': 51.322303767631894, 'pre_dampen_half': 149.26478945501302, 'gpp_af': 0.0029739572938935364, 'gpp_b': 3.2768544080254796e-05, 'gpp_d': 0.015338935913930086, 'ign_k': 7.692103212907474, 'ign_c': 8.585829975168393, 'trop_agb_crit': 5.584332951699839, 'trop_k_veg': 2.5454175984992515, 'pop_amp': 0.013636717371570012, 'pop_peak': 0.35088171391693385, 'pop_sig': 1.2427060161428214, 'fuel_k': 0.23615213505762142, 'fuel_half': 0.589952870534671}. Best is trial 0 with value: -0.6094076133578652.
[I 2026-08-19 17:03:54,056] Trial 199 finished with value: 0.5899338136666108 and parameters: {'k1': 0.0378684579260362, 'D_low': 11.736891923352239, 'k2': 0.011838125250784617, 'D_high': 136410.51855169478, 'fire_exp': 1.5939283671425484, 'P_half': 5.1796235186436235, 'pre_dampen_half': 0.48488141048029537, 'gpp_af': 6.951675844947608, 'gpp_b': 0.0010408473319513977, 'gpp_d': 0.07759729956755729, 'ign_k': 5.787267911431365, 'ign_c': 0.23914857611918713, 'trop_agb_crit': 22.57534762073624, 'trop_k_veg': 1.250430257301002, 'pop_amp': 0.003374688024329216, 'pop_peak': 0.24599399326269522, 'pop_sig': 0.6466737677030006, 'fuel_k': 0.01132619213868697, 'fuel_half': 47.28348166446486}. Best is trial 0 with value: -0.6094076133578652.
[I 2026-08-19 17:03:55,730] Trial 200 finished with value: 0.6445374145881376 and parameters: {'k1': 1.0262840806467939e-05, 'D_low': 4883.025160839585, 'k2': 0.0015368794198115203, 'D_high': 25836.028281031144, 'fire_exp': 1.421202060216193, 'P_half': 3.7853797906393836, 'pre_dampen_half': 249.52262531591472, 'gpp_af': 0.014002204448112326, 'gpp_b': 1.1027553856999576e-05, 'gpp_d': 0.030947454881315218, 'ign_k': 4.897920356892472, 'ign_c': 43.694305501895236, 'trop_agb_crit': 6.486746861644334, 'trop_k_veg': 3.2314096667701, 'pop_amp': 0.03895264384028886, 'pop_peak': 12.00638256976689, 'pop_sig': 1.1944448820053948, 'fuel_k': 0.030814858192647544, 'fuel_half': 1.0717931153911842}. Best is trial 0 with value: -0.6094076133578652.
[I 2026-08-19 17:03:57,383] Trial 201 finished with value: 0.583003306909357 and parameters: {'k1': 6.864085488748167e-05, 'D_low': 32841.90699845659, 'k2': 2.0222216104884923e-05, 'D_high': 1523753.0675617831, 'fire_exp': 3.0456766647633833, 'P_half': 1240.1825746597578, 'pre_dampen_half': 13.588785381934102, 'gpp_af': 0.003481531628239776, 'gpp_b': 2.2300072909411835e-05, 'gpp_d': 1.2707251939812363, 'ign_k': 2.4638258966381956, 'ign_c': 1.4263635972974027, 'trop_agb_crit': 17.048515390618142, 'trop_k_veg': 2.548990596588232, 'pop_amp': 0.09733279308123537, 'pop_peak': 0.06795222158151921, 'pop_sig': 1.435681548606903, 'fuel_k': 1.1354306178662723, 'fuel_half': 0.28228979595959725}. Best is trial 0 with value: -0.6094076133578652.
