[I 2026-08-19 14:39:50,210] Trial 260 finished with value: -0.5606739328614804 and parameters: {'k1': 0.0007076636968355657, 'D_low': 116.28037685931764, 'k2': 0.00010640848284110846, 'D_high': 445923.68602448964, 'fire_exp': 2.906986636463094, 'P_half': 38.129449945059584, 'pre_dampen_half': 82.36846490014283, 'gpp_af': 0.002192636951112943, 'gpp_b': 2.0976722929505017e-05, 'gpp_d': 2.776254050435061, 'ign_k': 0.7094121273729329, 'ign_c': 18.357184189221282, 'trop_agb_crit': 13.96010649281121, 'trop_k_veg': 1.0917131293842068, 'pop_amp': 0.017743314565160977, 'pop_peak': 537.8827792876004, 'pop_sig': 0.7393064839644338, 'fuel_k': 0.8690204974071761, 'fuel_half': 0.4519498083361605}. Best is trial 121 with value: -0.6148958760349835.
[I 2026-08-19 14:39:54,034] Trial 261 finished with value: -0.5983801511482536 and parameters: {'k1': 0.00011310567009112198, 'D_low': 23.560858040946385, 'k2': 1.9690173973636275e-05, 'D_high': 7300548.944196384, 'fire_exp': 1.4180544766450804, 'P_half': 10.331045373575241, 'pre_dampen_half': 0.8479676156653453, 'gpp_af': 0.518215712871752, 'gpp_b': 0.0014694800827655574, 'gpp_d': 11.08759906565453, 'ign_k': 0.9170003158984424, 'ign_c': 10.98290501463685, 'trop_agb_crit': 9.433279401677787, 'trop_k_veg': 7.401171242551814, 'pop_amp': 0.11308257947746704, 'pop_peak': 40.73966533730523, 'pop_sig': 0.36735143965842165, 'fuel_k': 0.8472672923907663, 'fuel_half': 0.9808518816624943}. Best is trial 121 with value: -0.6148958760349835.
[I 2026-08-19 14:39:57,504] Trial 262 finished with value: -0.5984293416599863 and parameters: {'k1': 0.023293533629379463, 'D_low': 81.49849480517499, 'k2': 0.025008594349372786, 'D_high': 1731637.8117810034, 'fire_exp': 1.7893821590669976, 'P_half': 382.00865549398645, 'pre_dampen_half': 6.636269514161992, 'gpp_af': 0.00837266364599443, 'gpp_b': 0.0003101797116368728, 'gpp_d': 6.459092185997669, 'ign_k': 0.8754850685150073, 'ign_c': 6.895765086931576, 'trop_agb_crit': 26.586846576150258, 'trop_k_veg': 4.923432743582073, 'pop_amp': 0.037377445462273125, 'pop_peak': 157.19115446610033, 'pop_sig': 0.38281315832564516, 'fuel_k': 0.7592932798617943, 'fuel_half': 0.22344222103601336}. Best is trial 121 with value: -0.6148958760349835.
[I 2026-08-19 14:40:01,087] Trial 263 finished with value: -0.3554625854118624 and parameters: {'k1': 0.027186209223017017, 'D_low': 33.194027583125404, 'k2': 0.014909626387515229, 'D_high': 3169452.963857801, 'fire_exp': 1.7481401467979027, 'P_half': 71.70473654273388, 'pre_dampen_half': 1.7935125240605887, 'gpp_af': 0.06999497304013921, 'gpp_b': 0.000552656721786104, 'gpp_d': 3.6921537697739337, 'ign_k': 2.6635024096162803, 'ign_c': 68.22031287910146, 'trop_agb_crit': 5.83969903148826, 'trop_k_veg': 4.776930622466569, 'pop_amp': 0.014201177850809798, 'pop_peak': 91.72847016373377, 'pop_sig': 0.3745472530714286, 'fuel_k': 3.25938875041445, 'fuel_half': 0.16785943862698594}. Best is trial 121 with value: -0.6148958760349835.
[I 2026-08-19 14:40:04,166] Trial 264 finished with value: -0.5439109480917125 and parameters: {'k1': 0.00665123320215741, 'D_low': 206.6825444980221, 'k2': 0.0002456862173602769, 'D_high': 8525472.097317714, 'fire_exp': 1.4225895480903483, 'P_half': 4.193888585499985, 'pre_dampen_half': 12.406787582579428, 'gpp_af': 0.0076774812122332985, 'gpp_b': 1.4768684036322832e-05, 'gpp_d': 0.018680579728435, 'ign_k': 0.2634842141944059, 'ign_c': 24.930524456860606, 'trop_agb_crit': 10.934856742511945, 'trop_k_veg': 4.523764972106193, 'pop_amp': 0.011060829948161604, 'pop_peak': 0.7883418281985267, 'pop_sig': 0.5047563182370253, 'fuel_k': 0.17437371886958253, 'fuel_half': 1.8891128687204304}. Best is trial 121 with value: -0.6148958760349835.
[I 2026-08-19 14:40:08,002] Trial 265 finished with value: -0.4956671104009874 and parameters: {'k1': 0.017545308740316515, 'D_low': 29.599564076448605, 'k2': 0.011891007232297406, 'D_high': 1736232.7128373885, 'fire_exp': 1.844718175274253, 'P_half': 128.2597410223332, 'pre_dampen_half': 339.97347014459956, 'gpp_af': 0.05725030934235727, 'gpp_b': 0.0001690285757515103, 'gpp_d': 27.67533889531853, 'ign_k': 1.6124579585284389, 'ign_c': 1.1547407732310733, 'trop_agb_crit': 17.11750114361693, 'trop_k_veg': 4.691659349486822, 'pop_amp': 0.05213553629400453, 'pop_peak': 335.53781012381626, 'pop_sig': 0.5792343225975415, 'fuel_k': 0.4504158410936621, 'fuel_half': 1.1109139584304493}. Best is trial 121 with value: -0.6148958760349835.
  trial  266/2500  best_overall=0.6149  (16.1 min)
[I 2026-08-19 14:40:11,508] Trial 266 finished with value: -0.4944330105427204 and parameters: {'k1': 0.022116232716187897, 'D_low': 15.960636455002486, 'k2': 0.048392127430458294, 'D_high': 2902613.362237489, 'fire_exp': 2.0307572641139147, 'P_half': 130.19430539522466, 'pre_dampen_half': 7.969387762688413, 'gpp_af': 0.001743031638914392, 'gpp_b': 0.0005416573839373384, 'gpp_d': 11.856525281736708, 'ign_k': 0.28703201414153984, 'ign_c': 24.512892074819113, 'trop_agb_crit': 28.162714446497443, 'trop_k_veg': 3.162660285473696, 'pop_amp': 0.007973892911358933, 'pop_peak': 169.2612157892722, 'pop_sig': 0.2996914628040251, 'fuel_k': 2.0873338811492976, 'fuel_half': 0.7375181806652138}. Best is trial 121 with value: -0.6148958760349835.
[I 2026-08-19 14:40:14,347] Trial 267 finished with value: -0.5226415255106442 and parameters: {'k1': 1.0085764239147043e-05, 'D_low': 823.62024737885, 'k2': 0.0013190924366915592, 'D_high': 461507.4937559633, 'fire_exp': 1.495530217447399, 'P_half': 136.15903774352503, 'pre_dampen_half': 1.3029522404140623, 'gpp_af': 0.0025922532396981976, 'gpp_b': 0.00012890649857764342, 'gpp_d': 1.3484016959449936, 'ign_k': 0.8483941401133877, 'ign_c': 6.35668592821967, 'trop_agb_crit': 1.7264353659089393, 'trop_k_veg': 3.901951994613268, 'pop_amp': 0.10235466253796474, 'pop_peak': 0.16062640186069566, 'pop_sig': 0.41971329045552436, 'fuel_k': 2.2866337753577652, 'fuel_half': 1.247595544033502}. Best is trial 121 with value: -0.6148958760349835.
[I 2026-08-19 14:40:18,184] Trial 268 finished with value: -0.3554625854118624 and parameters: {'k1': 0.00046126097113967975, 'D_low': 1.4620303379045683, 'k2': 0.002792288652760312, 'D_high': 1373802.1377157276, 'fire_exp': 1.080988082318499, 'P_half': 165.99486282247733, 'pre_dampen_half': 330.46533024218303, 'gpp_af': 0.006522161319331301, 'gpp_b': 5.861962541715398e-05, 'gpp_d': 24.963587530201316, 'ign_k': 0.934947588613922, 'ign_c': 86.67786132076549, 'trop_agb_crit': 27.207033076028917, 'trop_k_veg': 1.8829657077844435, 'pop_amp': 1.698347230681777, 'pop_peak': 296.27045592290256, 'pop_sig': 1.8127181558253278, 'fuel_k': 0.4709597825606959, 'fuel_half': 1.2152390829111304}. Best is trial 121 with value: -0.6148958760349835.
[I 2026-08-19 14:40:21,197] Trial 269 finished with value: -0.3536061250159163 and parameters: {'k1': 3.0088335644414125e-05, 'D_low': 73.3962020813807, 'k2': 0.0003206031403350279, 'D_high': 7384209.453994089, 'fire_exp': 3.47549884059644, 'P_half': 6.083479920036631, 'pre_dampen_half': 0.9665918953885315, 'gpp_af': 0.5366883070641932, 'gpp_b': 0.0008559365244899578, 'gpp_d': 0.23930676747165314, 'ign_k': 0.69976713844409, 'ign_c': 48.97096916174664, 'trop_agb_crit': 5.776401482785326, 'trop_k_veg': 7.646677265419133, 'pop_amp': 0.025845763547027733, 'pop_peak': 523.0353686219048, 'pop_sig': 0.37168891946157245, 'fuel_k': 1.553771370539351, 'fuel_half': 1.5250612497115024}. Best is trial 121 with value: -0.6148958760349835.
[I 2026-08-19 14:40:25,320] Trial 270 finished with value: -0.5709948186176101 and parameters: {'k1': 7.553758857558935e-05, 'D_low': 7.149656785004129, 'k2': 1.0087903293711663e-05, 'D_high': 616063.9339568553, 'fire_exp': 1.1573887745834555, 'P_half': 429.58259015183563, 'pre_dampen_half': 1.5655162012204615, 'gpp_af': 0.007412067871391329, 'gpp_b': 0.00017759560892662932, 'gpp_d': 1.1449339546753474, 'ign_k': 7.243690529067677, 'ign_c': 3.1502994944633413, 'trop_agb_crit': 2.2034958220439966, 'trop_k_veg': 1.7605960691203564, 'pop_amp': 0.18457051334393199, 'pop_peak': 2.6203856341868086, 'pop_sig': 2.2527019550710605, 'fuel_k': 0.39142024599411596, 'fuel_half': 0.10914398811431271}. Best is trial 121 with value: -0.6148958760349835.
[I 2026-08-19 14:40:28,245] Trial 271 finished with value: -0.5620119366606801 and parameters: {'k1': 0.003414757876267855, 'D_low': 102.97738947791353, 'k2': 2.507054294542956e-05, 'D_high': 1905387.1967244456, 'fire_exp': 1.2050293976365964, 'P_half': 6.853581290447012, 'pre_dampen_half': 1.1313874077205492, 'gpp_af': 11.946246430243326, 'gpp_b': 0.0010611012114048616, 'gpp_d': 26.07392797923416, 'ign_k': 4.6856021442794855, 'ign_c': 0.38001180261615336, 'trop_agb_crit': 6.975670534728951, 'trop_k_veg': 1.4941242815043079, 'pop_amp': 0.0010926112198535978, 'pop_peak': 3.1057483790277143, 'pop_sig': 1.6908331887561965, 'fuel_k': 0.10229655244042284, 'fuel_half': 9.84964152636526}. Best is trial 121 with value: -0.6148958760349835.
[I 2026-08-19 14:40:31,273] Trial 272 finished with value: -0.3554625854118624 and parameters: {'k1': 0.03373505796196634, 'D_low': 7232.266219452865, 'k2': 0.0023091960402108445, 'D_high': 3208038.3545102733, 'fire_exp': 1.6026825647970884, 'P_half': 253.14654383780754, 'pre_dampen_half': 74.12029320914888, 'gpp_af': 0.007515398426343419, 'gpp_b': 4.428483451048361e-05, 'gpp_d': 3.787908652638732, 'ign_k': 1.7286167769262515, 'ign_c': 186.525888859693, 'trop_agb_crit': 20.929406570367874, 'trop_k_veg': 2.333782540977632, 'pop_amp': 0.4808729364590517, 'pop_peak': 63.20336613635681, 'pop_sig': 0.25572974546711685, 'fuel_k': 0.1760341913406955, 'fuel_half': 0.3378018104794801}. Best is trial 121 with value: -0.6148958760349835.
  trial  273/2500  best_overall=0.6149  (16.5 min)
[I 2026-08-19 14:40:34,929] Trial 273 finished with value: -0.5945186040415289 and parameters: {'k1': 0.00036222593680344085, 'D_low': 9.835030327713639, 'k2': 1.0631100562159832e-05, 'D_high': 7088345.279652536, 'fire_exp': 1.7726263563898947, 'P_half': 55.69835940198647, 'pre_dampen_half': 0.23607339455990844, 'gpp_af': 0.34515913476032317, 'gpp_b': 0.0005926992428966604, 'gpp_d': 9.52208985878136, 'ign_k': 0.6331640300454495, 'ign_c': 14.793160756833938, 'trop_agb_crit': 10.08042690144744, 'trop_k_veg': 4.279848860791311, 'pop_amp': 0.7381726434479541, 'pop_peak': 2.1576333997486925, 'pop_sig': 0.45818741135614005, 'fuel_k': 1.3876050351029685, 'fuel_half': 0.31579648376989367}. Best is trial 121 with value: -0.6148958760349835.
[I 2026-08-19 14:40:37,858] Trial 274 finished with value: -0.3554625854118624 and parameters: {'k1': 0.000367006285246124, 'D_low': 105.30020500620884, 'k2': 1.1091955702715865e-05, 'D_high': 5918813.363287459, 'fire_exp': 1.7318422138949325, 'P_half': 113.00204171233068, 'pre_dampen_half': 1.919098939726497, 'gpp_af': 9.280028664322915, 'gpp_b': 0.00041127227925214974, 'gpp_d': 1.3391139478719447, 'ign_k': 1.6402344438742036, 'ign_c': 227.56740126512008, 'trop_agb_crit': 22.764332027687487, 'trop_k_veg': 3.387117112840194, 'pop_amp': 0.06532454724594508, 'pop_peak': 23.704283773860894, 'pop_sig': 0.42545510420503924, 'fuel_k': 0.3466342215245932, 'fuel_half': 0.7749071270609602}. Best is trial 121 with value: -0.6148958760349835.
[I 2026-08-19 14:40:40,995] Trial 275 finished with value: -0.42162321646295337 and parameters: {'k1': 0.016788107134185135, 'D_low': 120.09456261135767, 'k2': 3.019841778272793e-05, 'D_high': 385796.3885988596, 'fire_exp': 4.5033383601029495, 'P_half': 1974.1737767969203, 'pre_dampen_half': 5.878972662988901, 'gpp_af': 0.1620574761612947, 'gpp_b': 2.0920004646010183e-05, 'gpp_d': 33.16168612317452, 'ign_k': 0.19364544081857096, 'ign_c': 2.2073585376981018, 'trop_agb_crit': 16.941404362003592, 'trop_k_veg': 2.6428969438614542, 'pop_amp': 0.35444361294743276, 'pop_peak': 1.02231923674491, 'pop_sig': 0.7654097476184121, 'fuel_k': 0.02062747984393436, 'fuel_half': 0.2659027515790485}. Best is trial 121 with value: -0.6148958760349835.
[I 2026-08-19 14:40:43,457] Trial 276 finished with value: -0.3554625854118624 and parameters: {'k1': 0.0021663756223645496, 'D_low': 38.21770666730837, 'k2': 1.1532159928526047e-05, 'D_high': 8763314.325045306, 'fire_exp': 3.0428286530917754, 'P_half': 2.0016825454852794, 'pre_dampen_half': 0.28099451372404166, 'gpp_af': 0.22909411592859827, 'gpp_b': 0.0008514346924631341, 'gpp_d': 21.500240038002843, 'ign_k': 0.6981185099306423, 'ign_c': 94.26698335533118, 'trop_agb_crit': 5.625195616649663, 'trop_k_veg': 4.306473723508576, 'pop_amp': 0.06077765341693262, 'pop_peak': 245.52228911654245, 'pop_sig': 0.2656683746841409, 'fuel_k': 0.31350193571419427, 'fuel_half': 0.29041843432618414}. Best is trial 121 with value: -0.6148958760349835.
[I 2026-08-19 14:40:46,127] Trial 277 finished with value: -0.5318901892816222 and parameters: {'k1': 0.00016379028156419763, 'D_low': 10.907737279853764, 'k2': 0.00011992307638873156, 'D_high': 647863.760591569, 'fire_exp': 1.1098863367309173, 'P_half': 38.27526004360686, 'pre_dampen_half': 0.3513723499788171, 'gpp_af': 0.4234162236758256, 'gpp_b': 0.010561786744952737, 'gpp_d': 2.012385498183574, 'ign_k': 0.08226084018475152, 'ign_c': 13.22408011536132, 'trop_agb_crit': 8.479206949715547, 'trop_k_veg': 6.1049613841455255, 'pop_amp': 0.43539316827521735, 'pop_peak': 19.811386187455106, 'pop_sig': 0.35439749625121914, 'fuel_k': 2.0885313652392945, 'fuel_half': 4.109615425326117}. Best is trial 121 with value: -0.6148958760349835.
[I 2026-08-19 14:40:49,171] Trial 278 finished with value: -0.39098168076212103 and parameters: {'k1': 0.0014108368881732458, 'D_low': 19.357918770852017, 'k2': 0.0697741729208988, 'D_high': 388477.14498868753, 'fire_exp': 1.4312855437357552, 'P_half': 891.7792917570075, 'pre_dampen_half': 86.34166603446747, 'gpp_af': 0.5301591879343385, 'gpp_b': 5.363920705715324e-05, 'gpp_d': 127.16781586606133, 'ign_k': 0.1979851155625623, 'ign_c': 108.07988068302092, 'trop_agb_crit': 29.859167874848325, 'trop_k_veg': 5.81999147517213, 'pop_amp': 0.4896137890037436, 'pop_peak': 32.32838525376559, 'pop_sig': 0.913799649062858, 'fuel_k': 0.13753100368417473, 'fuel_half': 2.0341696870806363}. Best is trial 121 with value: -0.6148958760349835.
[I 2026-08-19 14:40:52,283] Trial 279 finished with value: -0.5066272896131269 and parameters: {'k1': 0.0018757872217011115, 'D_low': 1.769488658783231, 'k2': 6.972518370573765e-05, 'D_high': 7130943.6437078975, 'fire_exp': 3.249692334463082, 'P_half': 13.658797599966183, 'pre_dampen_half': 701.6865218709457, 'gpp_af': 0.11860971881521096, 'gpp_b': 9.551699093942612e-05, 'gpp_d': 2.759100787191771, 'ign_k': 0.025858191506463544, 'ign_c': 1.1476645736629862, 'trop_agb_crit': 13.793659990670887, 'trop_k_veg': 2.793892056478166, 'pop_amp': 0.05121662822454234, 'pop_peak': 94.61643812948908, 'pop_sig': 2.221027218526105, 'fuel_k': 0.03590049904965514, 'fuel_half': 1.4625510855804589}. Best is trial 121 with value: -0.6148958760349835.
  trial  280/2500  best_overall=0.6149  (16.8 min)
[I 2026-08-19 14:40:57,955] Trial 280 finished with value: -0.46735281826963637 and parameters: {'k1': 0.00105287028463915, 'D_low': 33.35480363312349, 'k2': 2.2359646844719867e-05, 'D_high': 2541501.257118987, 'fire_exp': 1.6387090797539245, 'P_half': 29.408706774239803, 'pre_dampen_half': 0.285650717937971, 'gpp_af': 1.1231686474745795, 'gpp_b': 0.0004156194807018168, 'gpp_d': 0.06561889252785115, 'ign_k': 0.4460039181103264, 'ign_c': 3.973579860521736, 'trop_agb_crit': 13.831824711243637, 'trop_k_veg': 2.6569466440752816, 'pop_amp': 0.4299257589714684, 'pop_peak': 2.1211274742366553, 'pop_sig': 0.4795783590353501, 'fuel_k': 1.6102902548930829, 'fuel_half': 0.19595129776653555}. Best is trial 121 with value: -0.6148958760349835.
[I 2026-08-19 14:41:01,456] Trial 281 finished with value: -0.5975261855963434 and parameters: {'k1': 0.00029857893202515755, 'D_low': 2.249851995391662, 'k2': 0.00010589661658306274, 'D_high': 8185501.048520478, 'fire_exp': 1.137498779769325, 'P_half': 2.987567264209612, 'pre_dampen_half': 0.8231406244715902, 'gpp_af': 1.4338462513359085, 'gpp_b': 0.001558998443045785, 'gpp_d': 24.24270802523912, 'ign_k': 0.10737565654402118, 'ign_c': 0.603880059060944, 'trop_agb_crit': 12.593660585284185, 'trop_k_veg': 5.902092690866412, 'pop_amp': 0.36382702418381485, 'pop_peak': 33.57130846630801, 'pop_sig': 0.35675190978509613, 'fuel_k': 0.4141283791637994, 'fuel_half': 0.7799621999821126}. Best is trial 121 with value: -0.6148958760349835.
[I 2026-08-19 14:41:05,394] Trial 282 finished with value: -0.6035469237967652 and parameters: {'k1': 6.706568594732435e-05, 'D_low': 14.526216128610608, 'k2': 2.047739374917088e-05, 'D_high': 2686037.5618732492, 'fire_exp': 1.2382231268091353, 'P_half': 1.5666728753252512, 'pre_dampen_half': 0.564648055150734, 'gpp_af': 1.0764515367105363, 'gpp_b': 0.0009449958559825268, 'gpp_d': 409.5449576229751, 'ign_k': 0.16092769136208332, 'ign_c': 5.717147225952518, 'trop_agb_crit': 16.79171859317366, 'trop_k_veg': 3.397028625281078, 'pop_amp': 0.2542428003239512, 'pop_peak': 21.951123939304633, 'pop_sig': 0.27668478125449814, 'fuel_k': 1.5836854670295915, 'fuel_half': 0.9767159917214081}. Best is trial 121 with value: -0.6148958760349835.
[I 2026-08-19 14:41:08,655] Trial 283 finished with value: -0.5537028422039516 and parameters: {'k1': 0.0005080032107580499, 'D_low': 12.548277371031519, 'k2': 7.68086643235701e-05, 'D_high': 8249352.350943408, 'fire_exp': 1.1003697065436104, 'P_half': 3.6194511310279656, 'pre_dampen_half': 0.04837013559153883, 'gpp_af': 13.456234674904348, 'gpp_b': 0.0006286575612656075, 'gpp_d': 20.228345441359977, 'ign_k': 0.3274238206282583, 'ign_c': 0.4447143482140562, 'trop_agb_crit': 8.7324769447742, 'trop_k_veg': 5.3681386196717735, 'pop_amp': 0.38982257211042143, 'pop_peak': 22.290349842304618, 'pop_sig': 0.6304111626297823, 'fuel_k': 0.26300937778923067, 'fuel_half': 0.3380087459291593}. Best is trial 121 with value: -0.6148958760349835.
[I 2026-08-19 14:41:11,545] Trial 284 finished with value: -0.45623401299655375 and parameters: {'k1': 4.431836577498228e-05, 'D_low': 210.2906727638694, 'k2': 1.8444493321123455e-05, 'D_high': 2382839.3051380897, 'fire_exp': 1.218918880883011, 'P_half': 14.60902270701186, 'pre_dampen_half': 0.015291886440741365, 'gpp_af': 1.8670219134319945, 'gpp_b': 0.00023448125944667116, 'gpp_d': 14.223481508861804, 'ign_k': 0.011825539875236747, 'ign_c': 7.259132617121435, 'trop_agb_crit': 19.848416380909743, 'trop_k_veg': 6.277596418585907, 'pop_amp': 0.02840806625489778, 'pop_peak': 6.2513420096851675, 'pop_sig': 0.31734941070591094, 'fuel_k': 0.924584084937429, 'fuel_half': 0.17144957268914413}. Best is trial 121 with value: -0.6148958760349835.
[I 2026-08-19 14:41:15,190] Trial 285 finished with value: -0.5681386756554179 and parameters: {'k1': 0.00015201004659652837, 'D_low': 20.96032848651971, 'k2': 9.44924222871522e-05, 'D_high': 535108.7185617144, 'fire_exp': 1.1815247141907304, 'P_half': 2.0477693804311157, 'pre_dampen_half': 3.813118586404944, 'gpp_af': 0.4998531813731649, 'gpp_b': 0.0006786034015832674, 'gpp_d': 210.31626885093544, 'ign_k': 0.4432124918800211, 'ign_c': 19.910881413179712, 'trop_agb_crit': 25.148437738971126, 'trop_k_veg': 2.0780069067774556, 'pop_amp': 0.6118131860887303, 'pop_peak': 32.08686632013769, 'pop_sig': 0.5739979435400601, 'fuel_k': 4.6131749108389215, 'fuel_half': 4.376024651634784}. Best is trial 121 with value: -0.6148958760349835.
  trial  286/2500  best_overall=0.6149  (17.2 min)
[I 2026-08-19 14:41:18,514] Trial 286 finished with value: -0.46553139421398565 and parameters: {'k1': 6.924930103657172e-05, 'D_low': 1.707791340993525, 'k2': 0.000543019693431312, 'D_high': 777647.9596097034, 'fire_exp': 3.1940287610367015, 'P_half': 14.396095181542817, 'pre_dampen_half': 1.3669877694576988, 'gpp_af': 56.26391659448979, 'gpp_b': 0.05337168410788395, 'gpp_d': 36.84144826424492, 'ign_k': 0.09059162163101976, 'ign_c': 0.4105896689746225, 'trop_agb_crit': 14.764889627820164, 'trop_k_veg': 4.733161469804677, 'pop_amp': 1.1437129021964052, 'pop_peak': 2.8188254838334896, 'pop_sig': 0.26498570488874007, 'fuel_k': 0.5979031360776057, 'fuel_half': 1.1048651827072018}. Best is trial 121 with value: -0.6148958760349835.
[I 2026-08-19 14:41:23,623] Trial 287 finished with value: -0.5829527024051699 and parameters: {'k1': 9.945334289688383e-05, 'D_low': 319.5143188550195, 'k2': 3.637728466407067e-05, 'D_high': 1862684.1361529748, 'fire_exp': 1.0793447782843202, 'P_half': 3.447521351823007, 'pre_dampen_half': 0.7063828161502415, 'gpp_af': 0.17127415666898532, 'gpp_b': 0.044595782456480014, 'gpp_d': 235.71825158772023, 'ign_k': 0.024826506269498987, 'ign_c': 0.17195743885124568, 'trop_agb_crit': 18.531442934074935, 'trop_k_veg': 3.922792241335885, 'pop_amp': 0.2138525943121028, 'pop_peak': 55.55198879055079, 'pop_sig': 0.30877641673572537, 'fuel_k': 5.979761532345483, 'fuel_half': 2.037170783555169}. Best is trial 121 with value: -0.6148958760349835.
[I 2026-08-19 14:41:27,163] Trial 288 finished with value: -0.43714191397097296 and parameters: {'k1': 8.69704368891899e-05, 'D_low': 1.0556139525777302, 'k2': 1.0995121408592241e-05, 'D_high': 385530.96421000926, 'fire_exp': 2.83492870641033, 'P_half': 627.7871748494366, 'pre_dampen_half': 0.16849744988989768, 'gpp_af': 0.07968396829762453, 'gpp_b': 0.0014041094907169993, 'gpp_d': 0.760087236145463, 'ign_k': 1.3487468213506926, 'ign_c': 0.9247207694845128, 'trop_agb_crit': 9.061993667543792, 'trop_k_veg': 6.679979586344011, 'pop_amp': 0.6104095913362121, 'pop_peak': 0.3563320264809674, 'pop_sig': 0.4249070217137536, 'fuel_k': 4.829409273568587, 'fuel_half': 0.5841624268166529}. Best is trial 121 with value: -0.6148958760349835.
