[I 2026-06-11 00:59:09,810] Trial 525 finished with values: [-0.691718307379988, 0.538324227979706] and parameters: {'k1': 0.00013783578294796384, 'D_low': 5.59983195169599, 'k2': 1.915468390724633e-05, 'D_high': 204.16881527138202, 'fire_exp': 1.2310899049053081, 'P_half': 38.82837025280678, 'pre_dampen_half': 347.79988160923324, 'gpp_af': 0.015769192447197523, 'gpp_b': 0.00012118589392553798, 'gpp_d': 2.8006820077310213, 'ign_k': 4.591485216740537, 'ign_c': 15.221840161091626, 'trop_agb_crit': 19.28597237496244, 'trop_k_veg': 1.140286245977296, 'fuel_k': 3.6992394681929337, 'fuel_half': 0.6370755274604819}.
[I 2026-06-11 00:59:11,147] Trial 526 finished with values: [10.527161820891498, 10.527161820891498] and parameters: {'k1': 6.068927406889472e-05, 'D_low': 1.4045842344024697, 'k2': 4.509158385973329e-05, 'D_high': 1024.9816559563214, 'fire_exp': 1.0881360604103363, 'P_half': 16.051347487097576, 'pre_dampen_half': 347.79988160923324, 'gpp_af': 0.0010909739353103314, 'gpp_b': 0.0054502936945582505, 'gpp_d': 17.273230592904202, 'ign_k': 4.591485216740537, 'ign_c': 15.221840161091626, 'trop_agb_crit': 9.836162684900028, 'trop_k_veg': 2.8224577471047865, 'fuel_k': 4.680936683972861, 'fuel_half': 0.6370755274604819}.
[I 2026-06-11 00:59:12,467] Trial 527 finished with values: [10.202150958708229, 10.202150958708229] and parameters: {'k1': 0.09738633019266786, 'D_low': 5.59983195169599, 'k2': 1.127217425995114e-05, 'D_high': 89263.11370835223, 'fire_exp': 1.0629462657398439, 'P_half': 13.019246714361572, 'pre_dampen_half': 502.5175192217655, 'gpp_af': 0.015769192447197523, 'gpp_b': 0.00012118589392553798, 'gpp_d': 309.13825046274377, 'ign_k': 8.761971101023693, 'ign_c': 15.221840161091626, 'trop_agb_crit': 12.324775650896964, 'trop_k_veg': 4.1309639246402785, 'fuel_k': 0.04572914063536324, 'fuel_half': 0.5375846873770783}.
[I 2026-06-11 00:59:13,751] Trial 528 finished with values: [10.769230769178105, 10.769230769178105] and parameters: {'k1': 0.09738633019266786, 'D_low': 5.59983195169599, 'k2': 7.67074891445376e-05, 'D_high': 89263.11370835223, 'fire_exp': 1.1258453832483524, 'P_half': 16.051347487097576, 'pre_dampen_half': 347.79988160923324, 'gpp_af': 0.015769192447197523, 'gpp_b': 7.402343469704428e-05, 'gpp_d': 9.004606022643067, 'ign_k': 4.591485216740537, 'ign_c': 510.6674528526552, 'trop_agb_crit': 19.28597237496244, 'trop_k_veg': 4.60227373948169, 'fuel_k': 0.04572914063536324, 'fuel_half': 2.9236782115513154}.
[I 2026-06-11 00:59:15,039] Trial 529 finished with values: [10.769198318781191, 10.769198318781191] and parameters: {'k1': 0.004312951023617458, 'D_low': 10.733257635049776, 'k2': 1.742085881788942e-05, 'D_high': 1024.9816559563214, 'fire_exp': 8.59876394564356, 'P_half': 343.5759946100352, 'pre_dampen_half': 518.2609891091987, 'gpp_af': 0.015769192447197523, 'gpp_b': 7.402343469704428e-05, 'gpp_d': 0.0581159974343924, 'ign_k': 0.5131654955148326, 'ign_c': 0.11650681118986138, 'trop_agb_crit': 24.584290528289387, 'trop_k_veg': 1.4584243470991722, 'fuel_k': 1.8645619680420142, 'fuel_half': 15.29850686893745}.
[I 2026-06-11 00:59:16,604] Trial 530 finished with values: [11.096719304352428, 11.096719304352428] and parameters: {'k1': 0.004312951023617458, 'D_low': 98.3519252750597, 'k2': 7.67074891445376e-05, 'D_high': 1390.2686711035008, 'fire_exp': 1.2310899049053081, 'P_half': 13.019246714361572, 'pre_dampen_half': 502.5175192217655, 'gpp_af': 0.015769192447197523, 'gpp_b': 1.7565109007473816e-05, 'gpp_d': 2.8006820077310213, 'ign_k': 8.761971101023693, 'ign_c': 0.1867876836333246, 'trop_agb_crit': 21.825752290961518, 'trop_k_veg': 4.1309639246402785, 'fuel_k': 3.6992394681929337, 'fuel_half': 0.14319038307687884}.
[I 2026-06-11 00:59:17,941] Trial 531 finished with values: [10.064623126507191, 10.064623126507191] and parameters: {'k1': 3.619136963999883e-05, 'D_low': 92.55037589041179, 'k2': 0.0002549709775062069, 'D_high': 15000.328053766281, 'fire_exp': 1.2310899049053081, 'P_half': 16.051347487097576, 'pre_dampen_half': 502.5175192217655, 'gpp_af': 0.015769192447197523, 'gpp_b': 1.7565109007473816e-05, 'gpp_d': 0.032144312552187276, 'ign_k': 0.5131654955148326, 'ign_c': 0.11650681118986138, 'trop_agb_crit': 1.1073237802669997, 'trop_k_veg': 1.4584243470991722, 'fuel_k': 1.3128815679924584, 'fuel_half': 15.29850686893745}.
[I 2026-06-11 00:59:19,316] Trial 532 finished with values: [-0.5952220464706927, 0.8917090656478215] and parameters: {'k1': 0.05233480488540085, 'D_low': 2.062120257534816, 'k2': 1.127217425995114e-05, 'D_high': 204.16881527138202, 'fire_exp': 1.1258453832483524, 'P_half': 16.051347487097576, 'pre_dampen_half': 502.5175192217655, 'gpp_af': 0.326288637536534, 'gpp_b': 7.402343469704428e-05, 'gpp_d': 314.6826989726468, 'ign_k': 4.591485216740537, 'ign_c': 0.9294394155644988, 'trop_agb_crit': 2.419699259862185, 'trop_k_veg': 2.8224577471047865, 'fuel_k': 0.05597555634027867, 'fuel_half': 65.99277195883643}.
[I 2026-06-11 00:59:20,660] Trial 533 finished with values: [10.10712207809437, 10.10712207809437] and parameters: {'k1': 0.00013649087666416944, 'D_low': 1.4045842344024697, 'k2': 1.915468390724633e-05, 'D_high': 877.984879737339, 'fire_exp': 1.1258453832483524, 'P_half': 16.051347487097576, 'pre_dampen_half': 347.79988160923324, 'gpp_af': 0.015769192447197523, 'gpp_b': 1.7565109007473816e-05, 'gpp_d': 2.8006820077310213, 'ign_k': 4.591485216740537, 'ign_c': 0.11650681118986138, 'trop_agb_crit': 24.584290528289387, 'trop_k_veg': 4.1309639246402785, 'fuel_k': 0.05168495502319155, 'fuel_half': 15.29850686893745}.
[I 2026-06-11 00:59:21,967] Trial 534 finished with values: [10.698541949631359, 10.698541949631359] and parameters: {'k1': 0.00013649087666416944, 'D_low': 2757.3353505786354, 'k2': 0.0005708731724249573, 'D_high': 3712.591045287726, 'fire_exp': 1.2310899049053081, 'P_half': 13.019246714361572, 'pre_dampen_half': 0.26568345471341914, 'gpp_af': 0.005618069878716736, 'gpp_b': 1.7565109007473816e-05, 'gpp_d': 79.2966690166476, 'ign_k': 8.761971101023693, 'ign_c': 15.221840161091626, 'trop_agb_crit': 24.584290528289387, 'trop_k_veg': 4.1309639246402785, 'fuel_k': 0.04572914063536324, 'fuel_half': 52.00581729114123}.
[I 2026-06-11 00:59:23,262] Trial 535 finished with values: [-0.5555831345373292, 0.5737694374899444] and parameters: {'k1': 0.004312951023617458, 'D_low': 4.484744524732794, 'k2': 1.915468390724633e-05, 'D_high': 204.16881527138202, 'fire_exp': 1.0889492364376547, 'P_half': 16.051347487097576, 'pre_dampen_half': 518.2609891091987, 'gpp_af': 0.008562341633595545, 'gpp_b': 0.00012118589392553798, 'gpp_d': 0.34391397565278453, 'ign_k': 4.591485216740537, 'ign_c': 0.9294394155644988, 'trop_agb_crit': 19.84604666505718, 'trop_k_veg': 1.140286245977296, 'fuel_k': 3.6992394681929337, 'fuel_half': 52.00581729114123}.
[I 2026-06-11 00:59:24,661] Trial 536 finished with values: [-0.7454623441971439, 0.3365124543594945] and parameters: {'k1': 0.05233480488540085, 'D_low': 90.71933427331369, 'k2': 0.0027431991397796683, 'D_high': 1919.1689944397538, 'fire_exp': 1.1258453832483524, 'P_half': 13.019246714361572, 'pre_dampen_half': 502.5175192217655, 'gpp_af': 0.015350904103515228, 'gpp_b': 7.402343469704428e-05, 'gpp_d': 0.0581159974343924, 'ign_k': 0.47081597932501906, 'ign_c': 6.390695092073219, 'trop_agb_crit': 24.181329527832204, 'trop_k_veg': 2.8224577471047865, 'fuel_k': 0.04572914063536324, 'fuel_half': 2.9236782115513154}.
[I 2026-06-11 00:59:26,052] Trial 537 finished with values: [-0.7657057264467864, 0.27212244995824564] and parameters: {'k1': 0.004312951023617458, 'D_low': 4.484744524732794, 'k2': 0.0027431991397796683, 'D_high': 1919.1689944397538, 'fire_exp': 1.1258453832483524, 'P_half': 10.226988730324324, 'pre_dampen_half': 518.2609891091987, 'gpp_af': 0.008562341633595545, 'gpp_b': 0.0005392415140872105, 'gpp_d': 2.8006820077310213, 'ign_k': 8.761971101023693, 'ign_c': 0.11650681118986138, 'trop_agb_crit': 15.35205868174982, 'trop_k_veg': 4.1309639246402785, 'fuel_k': 0.04572914063536324, 'fuel_half': 52.00581729114123}.
[I 2026-06-11 00:59:27,359] Trial 538 finished with values: [10.723301059753181, 10.723301059753181] and parameters: {'k1': 0.004312951023617458, 'D_low': 4.484744524732794, 'k2': 1.915468390724633e-05, 'D_high': 30608.522106722474, 'fire_exp': 3.4606786740074256, 'P_half': 38.82837025280678, 'pre_dampen_half': 502.5175192217655, 'gpp_af': 0.049802479194577566, 'gpp_b': 0.00012118589392553798, 'gpp_d': 16.460426816350523, 'ign_k': 0.0680787482656459, 'ign_c': 15.221840161091626, 'trop_agb_crit': 24.584290528289387, 'trop_k_veg': 1.140286245977296, 'fuel_k': 3.6992394681929337, 'fuel_half': 52.00581729114123}.
[I 2026-06-11 00:59:28,675] Trial 539 finished with values: [10.365732225080032, 10.365732225080032] and parameters: {'k1': 0.004312951023617458, 'D_low': 17.588580735887383, 'k2': 0.005259118659251229, 'D_high': 89263.11370835223, 'fire_exp': 2.2703704516008885, 'P_half': 13.019246714361572, 'pre_dampen_half': 502.5175192217655, 'gpp_af': 0.0876577878178163, 'gpp_b': 2.711380409817698e-05, 'gpp_d': 12.324765692041675, 'ign_k': 8.761971101023693, 'ign_c': 15.221840161091626, 'trop_agb_crit': 24.584290528289387, 'trop_k_veg': 2.715720739358474, 'fuel_k': 0.04572914063536324, 'fuel_half': 7.860326410149304}.
[I 2026-06-11 00:59:29,976] Trial 540 finished with values: [10.095690855882687, 10.095690855882687] and parameters: {'k1': 0.00013783578294796384, 'D_low': 2757.3353505786354, 'k2': 0.007321544340709295, 'D_high': 1024.9816559563214, 'fire_exp': 1.0889492364376547, 'P_half': 12.316746498627493, 'pre_dampen_half': 502.5175192217655, 'gpp_af': 0.005618069878716736, 'gpp_b': 1.7565109007473816e-05, 'gpp_d': 79.2966690166476, 'ign_k': 8.761971101023693, 'ign_c': 0.9294394155644988, 'trop_agb_crit': 9.836162684900028, 'trop_k_veg': 4.1309639246402785, 'fuel_k': 0.04572914063536324, 'fuel_half': 2.9236782115513154}.
[I 2026-06-11 00:59:31,281] Trial 541 finished with values: [10.243519982428838, 10.243519982428838] and parameters: {'k1': 0.00045102062878998736, 'D_low': 19.987581927614485, 'k2': 0.012413450098922581, 'D_high': 1024.9816559563214, 'fire_exp': 1.0881360604103363, 'P_half': 16.051347487097576, 'pre_dampen_half': 502.5175192217655, 'gpp_af': 0.326288637536534, 'gpp_b': 3.228689523591491e-05, 'gpp_d': 314.6826989726468, 'ign_k': 0.003338063875587391, 'ign_c': 0.11650681118986138, 'trop_agb_crit': 5.707205898008383, 'trop_k_veg': 4.60227373948169, 'fuel_k': 3.6992394681929337, 'fuel_half': 0.12399445060149628}.
[I 2026-06-11 00:59:32,666] Trial 542 finished with values: [-0.5937625454262949, 0.876778550139468] and parameters: {'k1': 3.072871314966638e-05, 'D_low': 4.484744524732794, 'k2': 0.006051580666890612, 'D_high': 89263.11370835223, 'fire_exp': 1.1258453832483524, 'P_half': 13.019246714361572, 'pre_dampen_half': 502.5175192217655, 'gpp_af': 0.0876577878178163, 'gpp_b': 0.00012118589392553798, 'gpp_d': 2.8006820077310213, 'ign_k': 0.6454459531371669, 'ign_c': 0.9294394155644988, 'trop_agb_crit': 5.707205898008383, 'trop_k_veg': 1.4584243470991722, 'fuel_k': 0.04572914063536324, 'fuel_half': 7.860326410149304}.
[I 2026-06-11 00:59:34,072] Trial 543 finished with values: [-0.5287245402437357, 0.564217265402569] and parameters: {'k1': 0.004312951023617458, 'D_low': 10.733257635049776, 'k2': 5.30392529099666e-05, 'D_high': 1024.9816559563214, 'fire_exp': 1.0881360604103363, 'P_half': 16.051347487097576, 'pre_dampen_half': 347.79988160923324, 'gpp_af': 0.7539992074650279, 'gpp_b': 0.0054502936945582505, 'gpp_d': 2.8006820077310213, 'ign_k': 4.591485216740537, 'ign_c': 0.9294394155644988, 'trop_agb_crit': 9.836162684900028, 'trop_k_veg': 2.8224577471047865, 'fuel_k': 4.680936683972861, 'fuel_half': 15.29850686893745}.
[I 2026-06-11 00:59:35,410] Trial 544 finished with values: [-0.7565178513032064, 0.3491056793918855] and parameters: {'k1': 0.004312951023617458, 'D_low': 4.484744524732794, 'k2': 0.02989647175615661, 'D_high': 1390.2686711035008, 'fire_exp': 1.2310899049053081, 'P_half': 13.019246714361572, 'pre_dampen_half': 502.5175192217655, 'gpp_af': 0.015769192447197523, 'gpp_b': 0.00010318352929732131, 'gpp_d': 9.004606022643067, 'ign_k': 0.5131654955148326, 'ign_c': 0.11650681118986138, 'trop_agb_crit': 24.584290528289387, 'trop_k_veg': 4.1309639246402785, 'fuel_k': 0.05597555634027867, 'fuel_half': 52.00581729114123}.
[I 2026-06-11 00:59:37,006] Trial 545 finished with values: [10.769230769178105, 10.769230769178105] and parameters: {'k1': 0.05233480488540085, 'D_low': 1.4045842344024697, 'k2': 0.0027431991397796683, 'D_high': 1919.1689944397538, 'fire_exp': 1.0889492364376547, 'P_half': 13.019246714361572, 'pre_dampen_half': 502.5175192217655, 'gpp_af': 0.015350904103515228, 'gpp_b': 7.402343469704428e-05, 'gpp_d': 2.8006820077310213, 'ign_k': 8.761971101023693, 'ign_c': 53.02386925407301, 'trop_agb_crit': 26.402883285404346, 'trop_k_veg': 2.8224577471047865, 'fuel_k': 1.8645619680420142, 'fuel_half': 0.35019911407938}.
[I 2026-06-11 00:59:38,343] Trial 546 finished with values: [10.474215772250801, 10.474215772250801] and parameters: {'k1': 0.00013783578294796384, 'D_low': 5.59983195169599, 'k2': 1.915468390724633e-05, 'D_high': 204.16881527138202, 'fire_exp': 1.2310899049053081, 'P_half': 2.0915073038472545, 'pre_dampen_half': 502.5175192217655, 'gpp_af': 42.29037995744429, 'gpp_b': 7.402343469704428e-05, 'gpp_d': 2.8006820077310213, 'ign_k': 4.591485216740537, 'ign_c': 15.221840161091626, 'trop_agb_crit': 1.2440687631821843, 'trop_k_veg': 2.8224577471047865, 'fuel_k': 3.6992394681929337, 'fuel_half': 52.00581729114123}.
[I 2026-06-11 00:59:39,735] Trial 547 finished with values: [10.509220588460087, 10.509220588460087] and parameters: {'k1': 5.232779509048979e-05, 'D_low': 1.4045842344024697, 'k2': 1.127217425995114e-05, 'D_high': 89263.11370835223, 'fire_exp': 2.2703704516008885, 'P_half': 38.82837025280678, 'pre_dampen_half': 502.5175192217655, 'gpp_af': 0.42249047116633204, 'gpp_b': 0.00012118589392553798, 'gpp_d': 12.324765692041675, 'ign_k': 8.761971101023693, 'ign_c': 0.9294394155644988, 'trop_agb_crit': 12.324775650896964, 'trop_k_veg': 1.4584243470991722, 'fuel_k': 3.6992394681929337, 'fuel_half': 65.99277195883643}.
[I 2026-06-11 00:59:41,203] Trial 548 finished with values: [10.715562719481847, 10.715562719481847] and parameters: {'k1': 0.00013783578294796384, 'D_low': 4.484744524732794, 'k2': 0.0034207303670092245, 'D_high': 3712.591045287726, 'fire_exp': 5.117363435868793, 'P_half': 16.051347487097576, 'pre_dampen_half': 502.5175192217655, 'gpp_af': 0.7539992074650279, 'gpp_b': 7.402343469704428e-05, 'gpp_d': 314.6826989726468, 'ign_k': 0.47081597932501906, 'ign_c': 6.390695092073219, 'trop_agb_crit': 26.402883285404346, 'trop_k_veg': 2.8224577471047865, 'fuel_k': 1.8645619680420142, 'fuel_half': 65.99277195883643}.
[I 2026-06-11 00:59:42,680] Trial 549 finished with values: [10.173841543718199, 10.173841543718199] and parameters: {'k1': 0.09738633019266786, 'D_low': 4.484744524732794, 'k2': 0.0027431991397796683, 'D_high': 204.16881527138202, 'fire_exp': 1.1258453832483524, 'P_half': 13.019246714361572, 'pre_dampen_half': 502.5175192217655, 'gpp_af': 0.003422824370263182, 'gpp_b': 7.402343469704428e-05, 'gpp_d': 2.8006820077310213, 'ign_k': 0.5131654955148326, 'ign_c': 15.221840161091626, 'trop_agb_crit': 13.365572767895445, 'trop_k_veg': 2.410360404052941, 'fuel_k': 1.6460650207153917, 'fuel_half': 15.29850686893745}.
[I 2026-06-11 00:59:44,125] Trial 550 finished with values: [10.027735002176895, 10.027735002176895] and parameters: {'k1': 5.232779509048979e-05, 'D_low': 1.4045842344024697, 'k2': 1.915468390724633e-05, 'D_high': 89263.11370835223, 'fire_exp': 1.2310899049053081, 'P_half': 38.82837025280678, 'pre_dampen_half': 347.79988160923324, 'gpp_af': 0.005618069878716736, 'gpp_b': 7.402343469704428e-05, 'gpp_d': 2.8006820077310213, 'ign_k': 4.591485216740537, 'ign_c': 0.9294394155644988, 'trop_agb_crit': 1.2440687631821843, 'trop_k_veg': 1.4584243470991722, 'fuel_k': 3.6992394681929337, 'fuel_half': 0.5884212538415389}.
[I 2026-06-11 00:59:45,555] Trial 551 finished with values: [-0.7037456835776709, 0.5438220126075852] and parameters: {'k1': 0.004312951023617458, 'D_low': 5.59983195169599, 'k2': 0.0005708731724249573, 'D_high': 89263.11370835223, 'fire_exp': 1.2310899049053081, 'P_half': 220.3445560633069, 'pre_dampen_half': 502.5175192217655, 'gpp_af': 0.005618069878716736, 'gpp_b': 0.00012118589392553798, 'gpp_d': 6.913948698657619, 'ign_k': 7.107346698112278, 'ign_c': 15.221840161091626, 'trop_agb_crit': 19.28597237496244, 'trop_k_veg': 0.5772603928610088, 'fuel_k': 0.09252659617259135, 'fuel_half': 81.8794158253808}.
[I 2026-06-11 00:59:46,903] Trial 552 finished with values: [-0.5858859476855531, 0.2665766013201216] and parameters: {'k1': 0.00013783578294796384, 'D_low': 1.4045842344024697, 'k2': 0.02989647175615661, 'D_high': 1024.9816559563214, 'fire_exp': 1.0881360604103363, 'P_half': 13.019246714361572, 'pre_dampen_half': 502.5175192217655, 'gpp_af': 0.7539992074650279, 'gpp_b': 0.00010318352929732131, 'gpp_d': 9.004606022643067, 'ign_k': 0.5131654955148326, 'ign_c': 15.221840161091626, 'trop_agb_crit': 24.584290528289387, 'trop_k_veg': 4.1309639246402785, 'fuel_k': 0.05597555634027867, 'fuel_half': 52.00581729114123}.
[I 2026-06-11 00:59:48,321] Trial 553 finished with values: [10.769216397073288, 10.769216397073288] and parameters: {'k1': 0.0015974581244256687, 'D_low': 85.93747454677425, 'k2': 0.012413450098922581, 'D_high': 204.16881527138202, 'fire_exp': 6.397238610685558, 'P_half': 16.051347487097576, 'pre_dampen_half': 502.5175192217655, 'gpp_af': 0.005618069878716736, 'gpp_b': 7.402343469704428e-05, 'gpp_d': 314.6826989726468, 'ign_k': 0.003338063875587391, 'ign_c': 0.9294394155644988, 'trop_agb_crit': 6.49757528676979, 'trop_k_veg': 2.8224577471047865, 'fuel_k': 3.6992394681929337, 'fuel_half': 65.99277195883643}.
[I 2026-06-11 00:59:49,730] Trial 554 finished with values: [10.483288699814103, 10.483288699814103] and parameters: {'k1': 1.4915922954285195e-05, 'D_low': 10.733257635049776, 'k2': 1.915468390724633e-05, 'D_high': 89263.11370835223, 'fire_exp': 2.2703704516008885, 'P_half': 38.82837025280678, 'pre_dampen_half': 502.5175192217655, 'gpp_af': 0.015769192447197523, 'gpp_b': 0.00012118589392553798, 'gpp_d': 2.8006820077310213, 'ign_k': 4.591485216740537, 'ign_c': 0.9294394155644988, 'trop_agb_crit': 24.584290528289387, 'trop_k_veg': 6.999477065942703, 'fuel_k': 0.5964469943278032, 'fuel_half': 15.29850686893745}.
[I 2026-06-11 00:59:51,064] Trial 555 finished with values: [10.268345891187607, 10.268345891187607] and parameters: {'k1': 0.00013649087666416944, 'D_low': 2757.3353505786354, 'k2': 1.915468390724633e-05, 'D_high': 204.16881527138202, 'fire_exp': 1.0881360604103363, 'P_half': 16.051347487097576, 'pre_dampen_half': 347.79988160923324, 'gpp_af': 0.015769192447197523, 'gpp_b': 0.0054502936945582505, 'gpp_d': 314.6826989726468, 'ign_k': 4.591485216740537, 'ign_c': 0.9294394155644988, 'trop_agb_crit': 1.1195539271968775, 'trop_k_veg': 2.8224577471047865, 'fuel_k': 3.6992394681929337, 'fuel_half': 0.6370755274604819}.
[I 2026-06-11 00:59:52,392] Trial 556 finished with values: [-0.7649041355393394, 0.3049257822210958] and parameters: {'k1': 0.004312951023617458, 'D_low': 4.484744524732794, 'k2': 0.03865036856259725, 'D_high': 1390.2686711035008, 'fire_exp': 1.2310899049053081, 'P_half': 16.051347487097576, 'pre_dampen_half': 502.5175192217655, 'gpp_af': 0.005618069878716736, 'gpp_b': 1.7565109007473816e-05, 'gpp_d': 9.004606022643067, 'ign_k': 0.5131654955148326, 'ign_c': 15.221840161091626, 'trop_agb_crit': 24.584290528289387, 'trop_k_veg': 1.4584243470991722, 'fuel_k': 0.09252659617259135, 'fuel_half': 52.00581729114123}.
[I 2026-06-11 00:59:53,772] Trial 557 finished with values: [10.142061868842216, 10.142061868842216] and parameters: {'k1': 0.004312951023617458, 'D_low': 4.484744524732794, 'k2': 0.0034207303670092245, 'D_high': 3712.591045287726, 'fire_exp': 1.0889492364376547, 'P_half': 16.051347487097576, 'pre_dampen_half': 502.5175192217655, 'gpp_af': 0.005618069878716736, 'gpp_b': 1.7565109007473816e-05, 'gpp_d': 314.6826989726468, 'ign_k': 0.47081597932501906, 'ign_c': 15.221840161091626, 'trop_agb_crit': 26.402883285404346, 'trop_k_veg': 0.5910730452888154, 'fuel_k': 0.09252659617259135, 'fuel_half': 52.00581729114123}.
[I 2026-06-11 00:59:55,124] Trial 558 finished with values: [10.594276782146542, 10.594276782146542] and parameters: {'k1': 0.09738633019266786, 'D_low': 4.484744524732794, 'k2': 0.0007081721844034209, 'D_high': 89263.11370835223, 'fire_exp': 1.1258453832483524, 'P_half': 13.019246714361572, 'pre_dampen_half': 502.5175192217655, 'gpp_af': 42.29037995744429, 'gpp_b': 0.004922228103935987, 'gpp_d': 314.6826989726468, 'ign_k': 0.1550134937334847, 'ign_c': 15.221840161091626, 'trop_agb_crit': 2.419699259862185, 'trop_k_veg': 2.8224577471047865, 'fuel_k': 0.04572914063536324, 'fuel_half': 52.00581729114123}.
[I 2026-06-11 00:59:56,488] Trial 559 finished with values: [-0.5994069028262772, 0.7282800388073501] and parameters: {'k1': 0.003242143344038315, 'D_low': 338.23872019362165, 'k2': 0.0034207303670092245, 'D_high': 15000.328053766281, 'fire_exp': 1.2310899049053081, 'P_half': 136.0956887810302, 'pre_dampen_half': 294.75617712568373, 'gpp_af': 0.008562341633595545, 'gpp_b': 1.7565109007473816e-05, 'gpp_d': 9.004606022643067, 'ign_k': 0.5131654955148326, 'ign_c': 0.11650681118986138, 'trop_agb_crit': 5.707205898008383, 'trop_k_veg': 0.9369104721775232, 'fuel_k': 1.3128815679924584, 'fuel_half': 42.6871254378718}.
