[I 2026-06-09 12:48:54,915] Trial 2316 finished with values: [10.102646209820122, 10.102646209820122] and parameters: {'k1': 0.01549659926581634, 'D_low': 1.254144753902608, 'k2': 0.06994589881535453, 'D_high': 2471.1617679707197, 'fire_exp': 2.10707132280748, 'P_half': 28.647019533509873, 'pre_dampen_half': 103.02162547570735, 'gpp_af': 1.3218737536384089, 'gpp_b': 0.00977702299083608, 'gpp_d': 500.2195003344709, 'ign_k': 3.1536006085184716, 'ign_c': 21.132597710340573, 'trop_agb_crit': 3.9999199283543145, 'trop_k_veg': 1.8981057964668895}.
[I 2026-06-09 12:48:56,102] Trial 2317 finished with values: [10.212743508574311, 10.212743508574311] and parameters: {'k1': 0.01549659926581634, 'D_low': 115.44738876452311, 'k2': 0.0035286555750361696, 'D_high': 14268.845807630427, 'fire_exp': 2.10707132280748, 'P_half': 50.32059347286801, 'pre_dampen_half': 340.6909167027263, 'gpp_af': 0.01942738928156656, 'gpp_b': 0.0017100237531775793, 'gpp_d': 26.003623362924223, 'ign_k': 3.1536006085184716, 'ign_c': 21.132597710340573, 'trop_agb_crit': 2.6695352180079177, 'trop_k_veg': 1.8981057964668895}.
[I 2026-06-09 12:48:57,216] Trial 2318 finished with values: [10.20311509764856, 10.20311509764856] and parameters: {'k1': 0.01549659926581634, 'D_low': 1.254144753902608, 'k2': 0.059726680112071134, 'D_high': 2471.1617679707197, 'fire_exp': 2.10707132280748, 'P_half': 34.51797505661073, 'pre_dampen_half': 340.6909167027263, 'gpp_af': 0.01942738928156656, 'gpp_b': 0.0003017323045976273, 'gpp_d': 500.2195003344709, 'ign_k': 3.1536006085184716, 'ign_c': 21.132597710340573, 'trop_agb_crit': 19.51558406059598, 'trop_k_veg': 1.8981057964668895}.
[I 2026-06-09 12:48:58,321] Trial 2319 finished with values: [10.419110364445556, 10.419110364445556] and parameters: {'k1': 0.01549659926581634, 'D_low': 1.254144753902608, 'k2': 0.059726680112071134, 'D_high': 14268.845807630427, 'fire_exp': 1.608176525358426, 'P_half': 28.647019533509873, 'pre_dampen_half': 673.2248920775328, 'gpp_af': 1.3218737536384089, 'gpp_b': 0.00977702299083608, 'gpp_d': 26.003623362924223, 'ign_k': 3.1536006085184716, 'ign_c': 21.132597710340573, 'trop_agb_crit': 1.5144860262751405, 'trop_k_veg': 1.8981057964668895}.
[I 2026-06-09 12:48:59,427] Trial 2320 finished with values: [10.689815125891775, 10.689815125891775] and parameters: {'k1': 0.00010835440424138825, 'D_low': 1.254144753902608, 'k2': 0.0005700142105246941, 'D_high': 2471.1617679707197, 'fire_exp': 2.10707132280748, 'P_half': 34.51797505661073, 'pre_dampen_half': 673.2248920775328, 'gpp_af': 1.3218737536384089, 'gpp_b': 0.00977702299083608, 'gpp_d': 26.003623362924223, 'ign_k': 0.4303356629825978, 'ign_c': 21.132597710340573, 'trop_agb_crit': 11.353952067655975, 'trop_k_veg': 1.8981057964668895}.
[I 2026-06-09 12:49:00,666] Trial 2321 finished with values: [-0.5855887773139443, 0.056584560212768586] and parameters: {'k1': 0.01549659926581634, 'D_low': 115.44738876452311, 'k2': 0.0005700142105246941, 'D_high': 39655.03094323017, 'fire_exp': 1.608176525358426, 'P_half': 61.40760722406964, 'pre_dampen_half': 566.2858823465564, 'gpp_af': 0.004050483631781762, 'gpp_b': 0.00015304633681488832, 'gpp_d': 26.003623362924223, 'ign_k': 3.1536006085184716, 'ign_c': 21.132597710340573, 'trop_agb_crit': 2.6695352180079177, 'trop_k_veg': 3.410846254238515}.
[I 2026-06-09 12:49:01,794] Trial 2322 finished with values: [-0.5894537095533827, 0.06881708710677303] and parameters: {'k1': 0.01549659926581634, 'D_low': 1.254144753902608, 'k2': 0.06994589881535453, 'D_high': 14268.845807630427, 'fire_exp': 2.10707132280748, 'P_half': 50.32059347286801, 'pre_dampen_half': 340.6909167027263, 'gpp_af': 1.3218737536384089, 'gpp_b': 0.00977702299083608, 'gpp_d': 26.003623362924223, 'ign_k': 3.1536006085184716, 'ign_c': 21.132597710340573, 'trop_agb_crit': 1.5144860262751405, 'trop_k_veg': 1.667415066072417}.
[I 2026-06-09 12:49:02,837] Trial 2323 finished with values: [10.8396413734334, 10.8396413734334] and parameters: {'k1': 0.007830532049123547, 'D_low': 1.254144753902608, 'k2': 0.037633129263701104, 'D_high': 39655.03094323017, 'fire_exp': 2.10707132280748, 'P_half': 149.35213816355395, 'pre_dampen_half': 340.6909167027263, 'gpp_af': 0.004050483631781762, 'gpp_b': 0.00977702299083608, 'gpp_d': 26.003623362924223, 'ign_k': 3.1536006085184716, 'ign_c': 21.132597710340573, 'trop_agb_crit': 1.992108418542412, 'trop_k_veg': 1.8981057964668895}.
[I 2026-06-09 12:49:03,862] Trial 2324 finished with values: [10.134358909389956, 10.134358909389956] and parameters: {'k1': 0.01549659926581634, 'D_low': 1.254144753902608, 'k2': 0.022044675565696642, 'D_high': 2471.1617679707197, 'fire_exp': 1.608176525358426, 'P_half': 50.32059347286801, 'pre_dampen_half': 673.2248920775328, 'gpp_af': 1.3218737536384089, 'gpp_b': 0.00977702299083608, 'gpp_d': 500.2195003344709, 'ign_k': 0.4303356629825978, 'ign_c': 21.132597710340573, 'trop_agb_crit': 3.9999199283543145, 'trop_k_veg': 1.8981057964668895}.
[I 2026-06-09 12:49:05,749] Trial 2325 finished with values: [10.278415042106763, 10.278415042106763] and parameters: {'k1': 1.086967718534881e-05, 'D_low': 115.44738876452311, 'k2': 0.037633129263701104, 'D_high': 16856.75903882595, 'fire_exp': 2.10707132280748, 'P_half': 50.32059347286801, 'pre_dampen_half': 566.2858823465564, 'gpp_af': 1.3218737536384089, 'gpp_b': 0.00015304633681488832, 'gpp_d': 26.003623362924223, 'ign_k': 3.1536006085184716, 'ign_c': 21.132597710340573, 'trop_agb_crit': 12.123761779314275, 'trop_k_veg': 1.8981057964668895}.
[I 2026-06-09 12:49:06,853] Trial 2326 finished with values: [-0.5993148475159134, 0.08197563580601885] and parameters: {'k1': 0.05156257069134124, 'D_low': 13.180029267201178, 'k2': 0.037633129263701104, 'D_high': 14268.845807630427, 'fire_exp': 2.10707132280748, 'P_half': 28.647019533509873, 'pre_dampen_half': 103.02162547570735, 'gpp_af': 1.3218737536384089, 'gpp_b': 0.00977702299083608, 'gpp_d': 26.003623362924223, 'ign_k': 3.1536006085184716, 'ign_c': 19.417556319623248, 'trop_agb_crit': 2.6695352180079177, 'trop_k_veg': 1.8981057964668895}.
[I 2026-06-09 12:49:08,064] Trial 2327 finished with values: [-0.5923685333060227, 0.07317194729533527] and parameters: {'k1': 0.01549659926581634, 'D_low': 115.44738876452311, 'k2': 0.06994589881535453, 'D_high': 14268.845807630427, 'fire_exp': 2.10707132280748, 'P_half': 28.647019533509873, 'pre_dampen_half': 340.6909167027263, 'gpp_af': 1.3218737536384089, 'gpp_b': 0.00977702299083608, 'gpp_d': 500.2195003344709, 'ign_k': 3.1536006085184716, 'ign_c': 21.132597710340573, 'trop_agb_crit': 2.838874773220187, 'trop_k_veg': 1.8981057964668895}.
[I 2026-06-09 12:49:09,175] Trial 2328 finished with values: [10.518950348110948, 10.518950348110948] and parameters: {'k1': 0.01549659926581634, 'D_low': 115.44738876452311, 'k2': 0.06994589881535453, 'D_high': 14268.845807630427, 'fire_exp': 3.8855633090117077, 'P_half': 50.32059347286801, 'pre_dampen_half': 340.6909167027263, 'gpp_af': 1.3218737536384089, 'gpp_b': 0.00977702299083608, 'gpp_d': 2.6326028586826236, 'ign_k': 3.1536006085184716, 'ign_c': 21.132597710340573, 'trop_agb_crit': 4.164621598502872, 'trop_k_veg': 1.8981057964668895}.
[I 2026-06-09 12:49:10,269] Trial 2329 finished with values: [10.834740856756545, 10.834740856756545] and parameters: {'k1': 0.01549659926581634, 'D_low': 115.44738876452311, 'k2': 0.0005700142105246941, 'D_high': 14268.845807630427, 'fire_exp': 2.10707132280748, 'P_half': 34.51797505661073, 'pre_dampen_half': 103.02162547570735, 'gpp_af': 0.004050483631781762, 'gpp_b': 0.00977702299083608, 'gpp_d': 500.2195003344709, 'ign_k': 3.1536006085184716, 'ign_c': 21.132597710340573, 'trop_agb_crit': 12.123761779314275, 'trop_k_veg': 3.410846254238515}.
[I 2026-06-09 12:49:11,290] Trial 2330 finished with values: [10.561610685351118, 10.561610685351118] and parameters: {'k1': 0.01549659926581634, 'D_low': 1.254144753902608, 'k2': 0.0005700142105246941, 'D_high': 14268.845807630427, 'fire_exp': 2.10707132280748, 'P_half': 149.35213816355395, 'pre_dampen_half': 340.6909167027263, 'gpp_af': 0.01942738928156656, 'gpp_b': 0.00977702299083608, 'gpp_d': 17.98321496666857, 'ign_k': 0.2839008805559957, 'ign_c': 21.132597710340573, 'trop_agb_crit': 11.353952067655975, 'trop_k_veg': 1.8981057964668895}.
[I 2026-06-09 12:49:12,340] Trial 2331 finished with values: [-0.5920601514718997, 0.06998407272187912] and parameters: {'k1': 0.01549659926581634, 'D_low': 115.44738876452311, 'k2': 0.0035542910468435523, 'D_high': 14268.845807630427, 'fire_exp': 2.10707132280748, 'P_half': 34.51797505661073, 'pre_dampen_half': 340.6909167027263, 'gpp_af': 1.3218737536384089, 'gpp_b': 0.00977702299083608, 'gpp_d': 500.2195003344709, 'ign_k': 3.1536006085184716, 'ign_c': 21.132597710340573, 'trop_agb_crit': 2.6695352180079177, 'trop_k_veg': 1.8981057964668895}.
[I 2026-06-09 12:49:13,430] Trial 2332 finished with values: [10.606086312900253, 10.606086312900253] and parameters: {'k1': 0.01549659926581634, 'D_low': 1.254144753902608, 'k2': 0.0005700142105246941, 'D_high': 14268.845807630427, 'fire_exp': 2.10707132280748, 'P_half': 34.51797505661073, 'pre_dampen_half': 673.2248920775328, 'gpp_af': 1.3218737536384089, 'gpp_b': 0.00977702299083608, 'gpp_d': 500.2195003344709, 'ign_k': 3.1536006085184716, 'ign_c': 21.132597710340573, 'trop_agb_crit': 11.353952067655975, 'trop_k_veg': 1.8981057964668895}.
[I 2026-06-09 12:49:14,793] Trial 2333 finished with values: [10.545685859362461, 10.545685859362461] and parameters: {'k1': 0.01549659926581634, 'D_low': 1.254144753902608, 'k2': 0.06994589881535453, 'D_high': 2471.1617679707197, 'fire_exp': 2.10707132280748, 'P_half': 34.51797505661073, 'pre_dampen_half': 566.2858823465564, 'gpp_af': 0.016222224222824436, 'gpp_b': 0.00977702299083608, 'gpp_d': 500.2195003344709, 'ign_k': 0.4303356629825978, 'ign_c': 21.132597710340573, 'trop_agb_crit': 3.9999199283543145, 'trop_k_veg': 1.8981057964668895}.
[I 2026-06-09 12:49:15,935] Trial 2334 finished with values: [10.070945082089946, 10.070945082089946] and parameters: {'k1': 0.007181429370088507, 'D_low': 115.44738876452311, 'k2': 0.0005700142105246941, 'D_high': 14268.845807630427, 'fire_exp': 2.10707132280748, 'P_half': 50.32059347286801, 'pre_dampen_half': 340.6909167027263, 'gpp_af': 1.3218737536384089, 'gpp_b': 0.00977702299083608, 'gpp_d': 26.003623362924223, 'ign_k': 3.1536006085184716, 'ign_c': 21.132597710340573, 'trop_agb_crit': 1.3645715328559624, 'trop_k_veg': 1.8981057964668895}.
[I 2026-06-09 12:49:17,017] Trial 2335 finished with values: [10.889901883289001, 10.889901883289001] and parameters: {'k1': 6.26731244064344e-05, 'D_low': 115.44738876452311, 'k2': 0.06994589881535453, 'D_high': 39655.03094323017, 'fire_exp': 3.3014216455371113, 'P_half': 3235.0439606056384, 'pre_dampen_half': 566.2858823465564, 'gpp_af': 1.3218737536384089, 'gpp_b': 0.00977702299083608, 'gpp_d': 17.98321496666857, 'ign_k': 3.1536006085184716, 'ign_c': 21.132597710340573, 'trop_agb_crit': 12.123761779314275, 'trop_k_veg': 4.51930447316402}.
[I 2026-06-09 12:49:18,103] Trial 2336 finished with values: [10.154412015563235, 10.154412015563235] and parameters: {'k1': 0.01549659926581634, 'D_low': 1.254144753902608, 'k2': 0.037633129263701104, 'D_high': 9013.482147900258, 'fire_exp': 2.10707132280748, 'P_half': 50.32059347286801, 'pre_dampen_half': 566.2858823465564, 'gpp_af': 1.3218737536384089, 'gpp_b': 0.00977702299083608, 'gpp_d': 500.2195003344709, 'ign_k': 3.1536006085184716, 'ign_c': 21.132597710340573, 'trop_agb_crit': 1.992108418542412, 'trop_k_veg': 1.8981057964668895}.
[I 2026-06-09 12:49:19,121] Trial 2337 finished with values: [10.834201729780562, 10.834201729780562] and parameters: {'k1': 0.01549659926581634, 'D_low': 115.44738876452311, 'k2': 0.0005700142105246941, 'D_high': 14268.845807630427, 'fire_exp': 2.10707132280748, 'P_half': 61.40760722406964, 'pre_dampen_half': 0.011714608255094704, 'gpp_af': 0.01942738928156656, 'gpp_b': 0.00015304633681488832, 'gpp_d': 26.003623362924223, 'ign_k': 3.1536006085184716, 'ign_c': 21.132597710340573, 'trop_agb_crit': 12.123761779314275, 'trop_k_veg': 4.51930447316402}.
[I 2026-06-09 12:49:20,285] Trial 2338 finished with values: [-0.5833718749555201, 0.03211318056719725] and parameters: {'k1': 0.01549659926581634, 'D_low': 1.254144753902608, 'k2': 0.059726680112071134, 'D_high': 2471.1617679707197, 'fire_exp': 2.10707132280748, 'P_half': 34.51797505661073, 'pre_dampen_half': 673.2248920775328, 'gpp_af': 1.3218737536384089, 'gpp_b': 0.00977702299083608, 'gpp_d': 500.2195003344709, 'ign_k': 0.4303356629825978, 'ign_c': 21.132597710340573, 'trop_agb_crit': 3.9999199283543145, 'trop_k_veg': 1.8981057964668895}.
[I 2026-06-09 12:49:21,493] Trial 2339 finished with values: [10.005653232518503, 10.005653232518503] and parameters: {'k1': 0.01549659926581634, 'D_low': 1.254144753902608, 'k2': 0.037633129263701104, 'D_high': 14268.845807630427, 'fire_exp': 1.7716431948171387, 'P_half': 149.35213816355395, 'pre_dampen_half': 566.2858823465564, 'gpp_af': 1.3218737536384089, 'gpp_b': 0.00977702299083608, 'gpp_d': 500.2195003344709, 'ign_k': 0.0072048663980150305, 'ign_c': 21.132597710340573, 'trop_agb_crit': 1.992108418542412, 'trop_k_veg': 1.8981057964668895}.
[I 2026-06-09 12:49:22,617] Trial 2340 finished with values: [10.370023365646697, 10.370023365646697] and parameters: {'k1': 0.01549659926581634, 'D_low': 115.44738876452311, 'k2': 0.06994589881535453, 'D_high': 14268.845807630427, 'fire_exp': 2.10707132280748, 'P_half': 50.32059347286801, 'pre_dampen_half': 340.6909167027263, 'gpp_af': 1.3218737536384089, 'gpp_b': 0.00977702299083608, 'gpp_d': 26.003623362924223, 'ign_k': 0.012112263552846878, 'ign_c': 21.132597710340573, 'trop_agb_crit': 4.164621598502872, 'trop_k_veg': 1.8981057964668895}.
[I 2026-06-09 12:49:23,676] Trial 2341 finished with values: [-0.5833718749555201, 0.03211318056719725] and parameters: {'k1': 0.01549659926581634, 'D_low': 1.254144753902608, 'k2': 0.059726680112071134, 'D_high': 2471.1617679707197, 'fire_exp': 2.10707132280748, 'P_half': 34.51797505661073, 'pre_dampen_half': 673.2248920775328, 'gpp_af': 1.3218737536384089, 'gpp_b': 0.00977702299083608, 'gpp_d': 500.2195003344709, 'ign_k': 0.4303356629825978, 'ign_c': 21.132597710340573, 'trop_agb_crit': 3.9999199283543145, 'trop_k_veg': 1.8981057964668895}.
[I 2026-06-09 12:49:24,834] Trial 2342 finished with values: [10.839277693208905, 10.839277693208905] and parameters: {'k1': 0.01549659926581634, 'D_low': 115.44738876452311, 'k2': 0.0005700142105246941, 'D_high': 97.77753426682779, 'fire_exp': 2.10707132280748, 'P_half': 50.32059347286801, 'pre_dampen_half': 340.6909167027263, 'gpp_af': 0.01942738928156656, 'gpp_b': 0.00977702299083608, 'gpp_d': 2.6326028586826236, 'ign_k': 3.1536006085184716, 'ign_c': 21.132597710340573, 'trop_agb_crit': 2.6695352180079177, 'trop_k_veg': 3.410846254238515}.
[I 2026-06-09 12:49:26,656] Trial 2343 finished with values: [10.06848272577354, 10.06848272577354] and parameters: {'k1': 0.01549659926581634, 'D_low': 1.254144753902608, 'k2': 0.06994589881535453, 'D_high': 2471.1617679707197, 'fire_exp': 2.10707132280748, 'P_half': 34.51797505661073, 'pre_dampen_half': 340.6909167027263, 'gpp_af': 1.3218737536384089, 'gpp_b': 0.00977702299083608, 'gpp_d': 500.2195003344709, 'ign_k': 0.4303356629825978, 'ign_c': 21.132597710340573, 'trop_agb_crit': 2.6695352180079177, 'trop_k_veg': 1.8981057964668895}.
[I 2026-06-09 12:49:27,914] Trial 2344 finished with values: [10.10406639980792, 10.10406639980792] and parameters: {'k1': 0.01549659926581634, 'D_low': 1.254144753902608, 'k2': 0.06994589881535453, 'D_high': 2471.1617679707197, 'fire_exp': 2.10707132280748, 'P_half': 34.51797505661073, 'pre_dampen_half': 566.2858823465564, 'gpp_af': 1.3218737536384089, 'gpp_b': 0.00015304633681488832, 'gpp_d': 500.2195003344709, 'ign_k': 0.4303356629825978, 'ign_c': 21.132597710340573, 'trop_agb_crit': 3.9999199283543145, 'trop_k_veg': 4.51930447316402}.
[I 2026-06-09 12:49:30,042] Trial 2345 finished with values: [-0.5894409961033998, 0.02510719901603664] and parameters: {'k1': 0.01549659926581634, 'D_low': 1.254144753902608, 'k2': 0.037633129263701104, 'D_high': 2471.1617679707197, 'fire_exp': 2.10707132280748, 'P_half': 149.35213816355395, 'pre_dampen_half': 566.2858823465564, 'gpp_af': 1.3218737536384089, 'gpp_b': 0.00977702299083608, 'gpp_d': 500.2195003344709, 'ign_k': 3.1536006085184716, 'ign_c': 21.132597710340573, 'trop_agb_crit': 1.992108418542412, 'trop_k_veg': 1.8981057964668895}.
[I 2026-06-09 12:49:32,303] Trial 2346 finished with values: [10.230005079319074, 10.230005079319074] and parameters: {'k1': 0.013957981200161677, 'D_low': 1.254144753902608, 'k2': 0.059726680112071134, 'D_high': 2471.1617679707197, 'fire_exp': 1.1548519067600687, 'P_half': 149.35213816355395, 'pre_dampen_half': 340.6909167027263, 'gpp_af': 0.19710724282396394, 'gpp_b': 0.005727818164815806, 'gpp_d': 26.003623362924223, 'ign_k': 3.1536006085184716, 'ign_c': 21.132597710340573, 'trop_agb_crit': 3.9999199283543145, 'trop_k_veg': 1.8981057964668895}.
[I 2026-06-09 12:49:33,347] Trial 2347 finished with values: [10.24815015784824, 10.24815015784824] and parameters: {'k1': 0.01549659926581634, 'D_low': 1.254144753902608, 'k2': 0.037633129263701104, 'D_high': 2471.1617679707197, 'fire_exp': 2.10707132280748, 'P_half': 149.35213816355395, 'pre_dampen_half': 103.02162547570735, 'gpp_af': 1.3218737536384089, 'gpp_b': 0.00977702299083608, 'gpp_d': 500.2195003344709, 'ign_k': 3.1536006085184716, 'ign_c': 21.132597710340573, 'trop_agb_crit': 3.9999199283543145, 'trop_k_veg': 3.813019473667265}.
[I 2026-06-09 12:49:34,413] Trial 2348 finished with values: [10.695275496684973, 10.695275496684973] and parameters: {'k1': 0.01549659926581634, 'D_low': 115.44738876452311, 'k2': 0.06994589881535453, 'D_high': 20424.506990274727, 'fire_exp': 2.10707132280748, 'P_half': 1.4045842344024697, 'pre_dampen_half': 340.6909167027263, 'gpp_af': 1.3218737536384089, 'gpp_b': 0.00015304633681488832, 'gpp_d': 26.003623362924223, 'ign_k': 3.1536006085184716, 'ign_c': 21.132597710340573, 'trop_agb_crit': 12.123761779314275, 'trop_k_veg': 0.6944826196409343}.
[I 2026-06-09 12:49:35,512] Trial 2349 finished with values: [10.107327793530885, 10.107327793530885] and parameters: {'k1': 0.01549659926581634, 'D_low': 115.44738876452311, 'k2': 0.06994589881535453, 'D_high': 14268.845807630427, 'fire_exp': 1.608176525358426, 'P_half': 149.35213816355395, 'pre_dampen_half': 103.02162547570735, 'gpp_af': 1.3218737536384089, 'gpp_b': 0.00977702299083608, 'gpp_d': 26.003623362924223, 'ign_k': 3.1536006085184716, 'ign_c': 21.132597710340573, 'trop_agb_crit': 3.9999199283543145, 'trop_k_veg': 1.8981057964668895}.
[I 2026-06-09 12:49:36,621] Trial 2350 finished with values: [10.821994431813366, 10.821994431813366] and parameters: {'k1': 0.002672556521884377, 'D_low': 1.254144753902608, 'k2': 0.06994589881535453, 'D_high': 14268.845807630427, 'fire_exp': 2.10707132280748, 'P_half': 149.35213816355395, 'pre_dampen_half': 566.2858823465564, 'gpp_af': 0.004050483631781762, 'gpp_b': 0.00977702299083608, 'gpp_d': 500.2195003344709, 'ign_k': 3.1536006085184716, 'ign_c': 21.132597710340573, 'trop_agb_crit': 12.123761779314275, 'trop_k_veg': 0.6944826196409343}.
[I 2026-06-09 12:49:37,681] Trial 2351 finished with values: [10.492854271102523, 10.492854271102523] and parameters: {'k1': 0.01549659926581634, 'D_low': 115.44738876452311, 'k2': 0.059726680112071134, 'D_high': 2471.1617679707197, 'fire_exp': 2.10707132280748, 'P_half': 50.32059347286801, 'pre_dampen_half': 340.6909167027263, 'gpp_af': 1.3218737536384089, 'gpp_b': 0.00977702299083608, 'gpp_d': 26.003623362924223, 'ign_k': 0.49145830038304084, 'ign_c': 0.21115273648650507, 'trop_agb_crit': 3.9999199283543145, 'trop_k_veg': 1.8981057964668895}.
[I 2026-06-09 12:49:38,723] Trial 2352 finished with values: [10.175914924155668, 10.175914924155668] and parameters: {'k1': 0.01549659926581634, 'D_low': 1.254144753902608, 'k2': 0.059726680112071134, 'D_high': 2471.1617679707197, 'fire_exp': 2.10707132280748, 'P_half': 34.51797505661073, 'pre_dampen_half': 673.2248920775328, 'gpp_af': 1.3218737536384089, 'gpp_b': 0.00977702299083608, 'gpp_d': 500.2195003344709, 'ign_k': 3.1536006085184716, 'ign_c': 21.132597710340573, 'trop_agb_crit': 3.9999199283543145, 'trop_k_veg': 1.8981057964668895}.
[I 2026-06-09 12:49:39,756] Trial 2353 finished with values: [10.115283744504916, 10.115283744504916] and parameters: {'k1': 0.01549659926581634, 'D_low': 115.44738876452311, 'k2': 0.0005700142105246941, 'D_high': 14268.845807630427, 'fire_exp': 2.10707132280748, 'P_half': 50.32059347286801, 'pre_dampen_half': 340.6909167027263, 'gpp_af': 1.3218737536384089, 'gpp_b': 0.00977702299083608, 'gpp_d': 500.2195003344709, 'ign_k': 3.1536006085184716, 'ign_c': 21.132597710340573, 'trop_agb_crit': 25.437073898132613, 'trop_k_veg': 1.8981057964668895}.
[I 2026-06-09 12:49:40,989] Trial 2354 finished with values: [10.892857142659844, 10.892857142659844] and parameters: {'k1': 0.01549659926581634, 'D_low': 115.44738876452311, 'k2': 0.059726680112071134, 'D_high': 2471.1617679707197, 'fire_exp': 2.10707132280748, 'P_half': 34.51797505661073, 'pre_dampen_half': 155.761158698107, 'gpp_af': 0.004050483631781762, 'gpp_b': 0.00977702299083608, 'gpp_d': 500.2195003344709, 'ign_k': 0.4303356629825978, 'ign_c': 166.09680325595585, 'trop_agb_crit': 12.123761779314275, 'trop_k_veg': 4.51930447316402}.
[I 2026-06-09 12:49:45,023] Trial 2355 finished with values: [10.610510594287865, 10.610510594287865] and parameters: {'k1': 0.01549659926581634, 'D_low': 1.254144753902608, 'k2': 0.0005700142105246941, 'D_high': 14268.845807630427, 'fire_exp': 2.10707132280748, 'P_half': 34.51797505661073, 'pre_dampen_half': 673.2248920775328, 'gpp_af': 0.01942738928156656, 'gpp_b': 0.0003017323045976273, 'gpp_d': 500.2195003344709, 'ign_k': 3.1536006085184716, 'ign_c': 21.132597710340573, 'trop_agb_crit': 19.51558406059598, 'trop_k_veg': 1.8981057964668895}.
