[I 2026-08-19 12:52:30,692] Trial 149 finished with values: [-0.3554625854118624, 0.0] and parameters: {'k1': 2.3572794556769812e-05, 'D_low': 241709.96068266948, 'k2': 0.008945150807271526, 'D_high': 29.268995763513708, 'fire_exp': 9.42746237183547, 'P_half': 24.93666083446519, 'pre_dampen_half': 0.173242701549491, 'gpp_af': 0.060237008157478775, 'gpp_b': 0.3524330779511354, 'gpp_d': 117.2128156438701, 'ign_k': 0.002912665166881378, 'ign_c': 0.4471649524144918, 'trop_agb_crit': 5.817318902541639, 'trop_k_veg': 5.358548772317544, 'pop_amp': 1.0628049289894101, 'pop_peak': 5.475274111905318, 'pop_sig': 1.0264911386548754, 'fuel_k': 0.69712116678509, 'fuel_half': 62.83266061384217}.
[I 2026-08-19 12:52:32,883] Trial 150 finished with values: [-0.397009776893365, 0.0006777272767671816] and parameters: {'k1': 0.0029070516815839368, 'D_low': 24.989458677225585, 'k2': 0.011911039386071291, 'D_high': 4662237.350371828, 'fire_exp': 1.2242398136753672, 'P_half': 9.758709881516557, 'pre_dampen_half': 4.412509669839992, 'gpp_af': 0.056641488271636634, 'gpp_b': 5.300369711220893, 'gpp_d': 10.736758192045198, 'ign_k': 0.00821431252199958, 'ign_c': 48.61863231847272, 'trop_agb_crit': 1.1195539271968775, 'trop_k_veg': 1.349711319511071, 'pop_amp': 0.0021775516916920728, 'pop_peak': 286.20780896012474, 'pop_sig': 0.8284145337526263, 'fuel_k': 1.3983545687571308, 'fuel_half': 3.634883561040021}.
[I 2026-08-19 12:52:35,619] Trial 151 finished with values: [-0.3552786179661946, 0.0] and parameters: {'k1': 4.3977668944839594e-05, 'D_low': 1960.6620200097805, 'k2': 0.00027155819552829395, 'D_high': 81614.54372835542, 'fire_exp': 1.6759818435211715, 'P_half': 705.857259090179, 'pre_dampen_half': 0.15354845024150163, 'gpp_af': 0.04236414938631994, 'gpp_b': 0.0007343344964174934, 'gpp_d': 0.42258746449961676, 'ign_k': 2.4939838794891496, 'ign_c': 42.70232968405541, 'trop_agb_crit': 6.909724267901692, 'trop_k_veg': 0.6482845389294265, 'pop_amp': 0.038155460446952685, 'pop_peak': 58.43287144076147, 'pop_sig': 0.4384596693876216, 'fuel_k': 0.3625041211511625, 'fuel_half': 1.5110998901295218}.
[I 2026-08-19 12:52:37,739] Trial 152 finished with values: [-0.3554625854118624, 0.0] and parameters: {'k1': 0.0011375171592588656, 'D_low': 50340.563942871704, 'k2': 0.015763894361785387, 'D_high': 2407.352334224725, 'fire_exp': 1.8713074096420792, 'P_half': 229.5739821454948, 'pre_dampen_half': 0.6380717024176037, 'gpp_af': 0.0028701881471957036, 'gpp_b': 3.1906667956153174, 'gpp_d': 0.04831624275180356, 'ign_k': 0.06863458703786214, 'ign_c': 832.0133621840175, 'trop_agb_crit': 5.341419125196561, 'trop_k_veg': 1.2440172074061366, 'pop_amp': 0.5300002490710547, 'pop_peak': 70.5165740192732, 'pop_sig': 0.33935618015509766, 'fuel_k': 0.6763941362086655, 'fuel_half': 11.935199796901877}.
[I 2026-08-19 12:52:40,184] Trial 153 finished with values: [-0.3554625854118624, 0.0] and parameters: {'k1': 0.0031375859487281395, 'D_low': 716328.9063135319, 'k2': 0.0011619873314872927, 'D_high': 4137.7016715719255, 'fire_exp': 1.0824018381500955, 'P_half': 4337.920697490941, 'pre_dampen_half': 0.19674328025306115, 'gpp_af': 2.678097821057557, 'gpp_b': 1.624829724391053, 'gpp_d': 650.4921701204659, 'ign_k': 3.786246697870458, 'ign_c': 158.27817125573188, 'trop_agb_crit': 17.69486533706496, 'trop_k_veg': 4.288672925586801, 'pop_amp': 0.004708042915737182, 'pop_peak': 10.679600530994481, 'pop_sig': 1.075024169505919, 'fuel_k': 3.640039183945803, 'fuel_half': 0.18427970406864538}.
[I 2026-08-19 12:52:42,901] Trial 154 finished with values: [-0.3557225126441758, 6.524780715722045e-13] and parameters: {'k1': 0.005456725485601475, 'D_low': 716328.9063135319, 'k2': 3.077180271250682e-05, 'D_high': 9355.38060645217, 'fire_exp': 1.0824018381500955, 'P_half': 12.115155843077673, 'pre_dampen_half': 1.5662356447891177, 'gpp_af': 2.0540519425388455, 'gpp_b': 0.0007417652034871827, 'gpp_d': 3.9841905944346854, 'ign_k': 2.207600491318519, 'ign_c': 0.5488047000766043, 'trop_agb_crit': 4.018584329485901, 'trop_k_veg': 0.8084202024508578, 'pop_amp': 10.985330528057915, 'pop_peak': 0.5960356212705233, 'pop_sig': 0.8854553643686127, 'fuel_k': 3.640039183945803, 'fuel_half': 9.562955396652193}.
[I 2026-08-19 12:52:45,604] Trial 155 finished with values: [-0.40879832453171705, 3.299781199384011e-05] and parameters: {'k1': 0.006138509947844854, 'D_low': 1960.6620200097805, 'k2': 0.04075788379136177, 'D_high': 81614.54372835542, 'fire_exp': 1.6759818435211715, 'P_half': 1739.6167422846984, 'pre_dampen_half': 0.15354845024150163, 'gpp_af': 0.08830969679935065, 'gpp_b': 0.30126482730084564, 'gpp_d': 336.4417490753902, 'ign_k': 0.00334949636434409, 'ign_c': 42.70232968405541, 'trop_agb_crit': 6.909724267901692, 'trop_k_veg': 0.6482845389294265, 'pop_amp': 0.29266686632819644, 'pop_peak': 0.6912153000039369, 'pop_sig': 0.923593476870983, 'fuel_k': 5.048594494082411, 'fuel_half': 0.9682636678036001}.
[I 2026-08-19 12:52:47,928] Trial 156 finished with values: [-0.4082068406302161, 0.0001680550386897739] and parameters: {'k1': 0.00572611250351623, 'D_low': 122.13924959062801, 'k2': 0.00515305301141249, 'D_high': 24796.57987943952, 'fire_exp': 1.4322493718230251, 'P_half': 1593.4806585556198, 'pre_dampen_half': 0.10017312476738939, 'gpp_af': 1.9600139992927448, 'gpp_b': 1.2690840169394997, 'gpp_d': 34.70266988650411, 'ign_k': 0.004676601116802037, 'ign_c': 222.87087260110138, 'trop_agb_crit': 16.967533607196547, 'trop_k_veg': 3.2956501175550894, 'pop_amp': 0.4577897804124867, 'pop_peak': 86.38271491072675, 'pop_sig': 0.5037119471039664, 'fuel_k': 2.800220309203497, 'fuel_half': 41.2601291684027}.
[I 2026-08-19 12:52:51,006] Trial 157 finished with values: [-0.4085546989263418, 3.62440630841121e-08] and parameters: {'k1': 1.8064907756357243e-05, 'D_low': 16402.29067110099, 'k2': 0.0002191739661157602, 'D_high': 24493.271671328574, 'fire_exp': 3.7695400350033266, 'P_half': 2.6198194454351658, 'pre_dampen_half': 1.8469033699850426, 'gpp_af': 0.8125629376969175, 'gpp_b': 4.038332634638232, 'gpp_d': 1.0088237648985734, 'ign_k': 0.17320535908244444, 'ign_c': 0.28376065854345905, 'trop_agb_crit': 8.711333668367427, 'trop_k_veg': 5.453348988480011, 'pop_amp': 0.0034369873301918173, 'pop_peak': 1.421337820414783, 'pop_sig': 1.8528333992769594, 'fuel_k': 0.27631890369709744, 'fuel_half': 1.683458881839943}.
  trial  158/2500  pareto_size=16  best_ilamb=0.6094  (7.2 min)
[I 2026-08-19 12:52:53,584] Trial 158 finished with values: [-0.3554625854118624, 0.0] and parameters: {'k1': 0.011069082134755388, 'D_low': 621.7103663128163, 'k2': 0.001481080073036349, 'D_high': 1125.2084792690184, 'fire_exp': 3.8979230431144027, 'P_half': 5347.027553411488, 'pre_dampen_half': 0.4153327541909818, 'gpp_af': 0.13402388198950174, 'gpp_b': 0.011108675282673156, 'gpp_d': 0.043181981126981975, 'ign_k': 0.6697348618512097, 'ign_c': 120.2193048491502, 'trop_agb_crit': 2.0835015454357144, 'trop_k_veg': 2.5052470616811733, 'pop_amp': 0.0023285309081692643, 'pop_peak': 5.866350595696869, 'pop_sig': 0.8497567836052746, 'fuel_k': 0.3176626387065175, 'fuel_half': 8.17127270071559}.
[I 2026-08-19 12:52:55,841] Trial 159 finished with values: [-0.41606673522812204, 0.06391580911733241] and parameters: {'k1': 1.1650681118986128e-05, 'D_low': 2190.672003635833, 'k2': 8.053471030316099e-05, 'D_high': 74308.20019313856, 'fire_exp': 1.0824018381500955, 'P_half': 5.59983195169599, 'pre_dampen_half': 0.8583743499363278, 'gpp_af': 2.0540519425388455, 'gpp_b': 1.547094595341154e-05, 'gpp_d': 0.5073781437488637, 'ign_k': 0.1537592023548176, 'ign_c': 27.70002555743451, 'trop_agb_crit': 27.05166881899929, 'trop_k_veg': 4.288672925586801, 'pop_amp': 0.6896221126698381, 'pop_peak': 352.89806695809773, 'pop_sig': 0.9904669476016459, 'fuel_k': 3.640039183945803, 'fuel_half': 1.0228520845452074}.
[I 2026-08-19 12:52:58,108] Trial 160 finished with values: [-0.3554625854118624, 0.0] and parameters: {'k1': 0.00013174543864342755, 'D_low': 536033.1935690228, 'k2': 0.008945150807271526, 'D_high': 21189.675944936007, 'fire_exp': 4.089975874386939, 'P_half': 267.2146013620241, 'pre_dampen_half': 1.3202414283299975, 'gpp_af': 36.830088529547496, 'gpp_b': 0.3524330779511354, 'gpp_d': 424.46566361752417, 'ign_k': 0.002912665166881378, 'ign_c': 0.15276032303600073, 'trop_agb_crit': 1.1485803434383741, 'trop_k_veg': 4.541505658710469, 'pop_amp': 0.0034369873301918173, 'pop_peak': 5.475274111905318, 'pop_sig': 0.31316568569786407, 'fuel_k': 0.27631890369709744, 'fuel_half': 5.430507564500919}.
[I 2026-08-19 12:53:00,657] Trial 161 finished with values: [-0.3554625854118624, 0.0] and parameters: {'k1': 0.011069082134755388, 'D_low': 454420.8225488321, 'k2': 0.001481080073036349, 'D_high': 12964.140540905057, 'fire_exp': 3.8979230431144027, 'P_half': 28.47858516856296, 'pre_dampen_half': 722.6207258080483, 'gpp_af': 12.971876440863593, 'gpp_b': 0.0003241110030999168, 'gpp_d': 3.063673848555843, 'ign_k': 0.015977662354833867, 'ign_c': 1.3783578294796377, 'trop_agb_crit': 24.14899201224445, 'trop_k_veg': 2.5117307861546383, 'pop_amp': 0.0023285309081692643, 'pop_peak': 0.08324950456340541, 'pop_sig': 0.4748828360345704, 'fuel_k': 0.3176626387065175, 'fuel_half': 8.17127270071559}.
[I 2026-08-19 12:53:03,055] Trial 162 finished with values: [-0.35607461038302457, 1.6764367671839864e-14] and parameters: {'k1': 0.0034167643418329683, 'D_low': 169341.55410667966, 'k2': 1.6139316358793213e-05, 'D_high': 9355.38060645217, 'fire_exp': 7.8083450855424115, 'P_half': 143.67095138664226, 'pre_dampen_half': 108.94336258132203, 'gpp_af': 30.231277487962974, 'gpp_b': 0.000809134743599756, 'gpp_d': 0.03550255612313078, 'ign_k': 0.1537592023548176, 'ign_c': 5.11012065649716, 'trop_agb_crit': 27.05166881899929, 'trop_k_veg': 5.437420238162096, 'pop_amp': 0.0010712758680532413, 'pop_peak': 10.643924345038753, 'pop_sig': 0.6536586487333584, 'fuel_k': 0.04140464747782871, 'fuel_half': 0.18427970406864538}.
[I 2026-08-19 12:53:05,448] Trial 163 finished with values: [-0.3554625854118624, 0.0] and parameters: {'k1': 0.0068587042735111705, 'D_low': 24.989458677225585, 'k2': 0.017300724838654365, 'D_high': 85398.82274838032, 'fire_exp': 7.283895538238777, 'P_half': 2.2281634177046414, 'pre_dampen_half': 0.05437101051096082, 'gpp_af': 22.63839423937521, 'gpp_b': 0.00036184510553922684, 'gpp_d': 41.409555474790004, 'ign_k': 0.09627265309234109, 'ign_c': 117.15293025123641, 'trop_agb_crit': 3.923744278402932, 'trop_k_veg': 1.2440172074061366, 'pop_amp': 0.4999422261927467, 'pop_peak': 0.5393162598439744, 'pop_sig': 0.7817835639641524, 'fuel_k': 1.3626356448811705, 'fuel_half': 5.987194322342231}.
[I 2026-08-19 12:53:07,666] Trial 164 finished with values: [-0.42209567199037296, 0.0018158304951563231] and parameters: {'k1': 0.025628666000163555, 'D_low': 2048.523887932672, 'k2': 0.0019856031481305684, 'D_high': 1819372.4578178402, 'fire_exp': 2.5321117364280843, 'P_half': 1636.5290600718067, 'pre_dampen_half': 0.2571419084734534, 'gpp_af': 5.966041614891422, 'gpp_b': 9.67374839440457e-05, 'gpp_d': 33.14353601232754, 'ign_k': 9.162638829638215, 'ign_c': 12.366924205139131, 'trop_agb_crit': 1.050713312531254, 'trop_k_veg': 1.321659218733981, 'pop_amp': 1.1784449905844594, 'pop_peak': 0.17274196344453516, 'pop_sig': 0.6845653777622549, 'fuel_k': 3.250046746707412, 'fuel_half': 17.890117928710357}.
[I 2026-08-19 12:53:10,759] Trial 165 finished with values: [-0.3554625854118624, 0.0] and parameters: {'k1': 0.016103205392189665, 'D_low': 806144.8506535876, 'k2': 0.00126695365637823, 'D_high': 107.17061306668224, 'fire_exp': 7.935505066763017, 'P_half': 1.1845753911529378, 'pre_dampen_half': 5.221127581184657, 'gpp_af': 34.069091670272684, 'gpp_b': 0.028780534359197463, 'gpp_d': 0.23457196365169425, 'ign_k': 0.1647069822172432, 'ign_c': 2.279296219499388, 'trop_agb_crit': 3.1238933725088973, 'trop_k_veg': 0.8861882400007739, 'pop_amp': 2.6009149822160467, 'pop_peak': 23.22317137615721, 'pop_sig': 0.8538883742525787, 'fuel_k': 1.835301453685827, 'fuel_half': 23.216226582091146}.
[I 2026-08-19 12:53:15,467] Trial 166 finished with values: [-0.3554625854118624, 0.0] and parameters: {'k1': 0.005456725485601475, 'D_low': 716328.9063135319, 'k2': 2.091507303847255e-05, 'D_high': 4137.7016715719255, 'fire_exp': 1.0824018381500955, 'P_half': 4337.920697490941, 'pre_dampen_half': 297.90876444565777, 'gpp_af': 2.678097821057557, 'gpp_b': 1.624829724391053, 'gpp_d': 650.4921701204659, 'ign_k': 3.786246697870458, 'ign_c': 158.27817125573188, 'trop_agb_crit': 27.05166881899929, 'trop_k_veg': 4.288672925586801, 'pop_amp': 0.22657460692927672, 'pop_peak': 10.679600530994481, 'pop_sig': 1.075024169505919, 'fuel_k': 3.640039183945803, 'fuel_half': 0.18427970406864538}.
  trial  167/2500  pareto_size=16  best_ilamb=0.6094  (7.6 min)
[I 2026-08-19 12:53:18,871] Trial 167 finished with values: [-0.4034936168933001, 1.3781443208848998e-08] and parameters: {'k1': 0.0004846497679219079, 'D_low': 437.4364439939077, 'k2': 4.392638796750218e-05, 'D_high': 46.00919967107137, 'fire_exp': 1.8678802571070678, 'P_half': 2065.142557895925, 'pre_dampen_half': 0.19674328025306115, 'gpp_af': 0.0025186552636979184, 'gpp_b': 0.80128427475829, 'gpp_d': 3.9841905944346854, 'ign_k': 1.6172900811143154, 'ign_c': 5.141531903173451, 'trop_agb_crit': 27.05166881899929, 'trop_k_veg': 4.288672925586801, 'pop_amp': 5.27924855752961, 'pop_peak': 163.3885016510293, 'pop_sig': 1.528568913478884, 'fuel_k': 0.9199338799678547, 'fuel_half': 10.137471815285474}.
[I 2026-08-19 12:53:21,312] Trial 168 finished with values: [-0.3554625854118624, 0.0] and parameters: {'k1': 0.0006445745262301895, 'D_low': 24.989458677225585, 'k2': 0.0003856302813879373, 'D_high': 1661855.441285105, 'fire_exp': 7.283895538238777, 'P_half': 6281.776703992854, 'pre_dampen_half': 0.05437101051096082, 'gpp_af': 49.583649914027546, 'gpp_b': 0.008968044580295738, 'gpp_d': 0.19553384550454228, 'ign_k': 0.06863458703786214, 'ign_c': 117.15293025123641, 'trop_agb_crit': 3.923744278402932, 'trop_k_veg': 1.2440172074061366, 'pop_amp': 0.4999422261927467, 'pop_peak': 0.5393162598439744, 'pop_sig': 2.4100357112052566, 'fuel_k': 0.6137000782082779, 'fuel_half': 1.7918446176734728}.
[I 2026-08-19 12:53:23,776] Trial 169 finished with values: [-0.36553983367534826, 0.003149564494435597] and parameters: {'k1': 0.000224109716191095, 'D_low': 1.6569065206637925, 'k2': 0.00019625093208439862, 'D_high': 24493.271671328574, 'fire_exp': 5.0468332876558515, 'P_half': 28.47858516856296, 'pre_dampen_half': 722.6207258080483, 'gpp_af': 64.89877132084352, 'gpp_b': 0.0004837646996135023, 'gpp_d': 1.0088237648985734, 'ign_k': 0.015977662354833867, 'ign_c': 0.5110256715654393, 'trop_agb_crit': 24.500297851058132, 'trop_k_veg': 2.709933287181283, 'pop_amp': 0.14522371993286978, 'pop_peak': 0.08324950456340541, 'pop_sig': 0.4663206866626952, 'fuel_k': 0.6153584041797165, 'fuel_half': 1.9255395572015603}.
[I 2026-08-19 12:53:26,323] Trial 170 finished with values: [-0.3554625854118624, 0.0] and parameters: {'k1': 0.011069082134755388, 'D_low': 454420.8225488321, 'k2': 0.00019625093208439862, 'D_high': 12964.140540905057, 'fire_exp': 5.0468332876558515, 'P_half': 28.47858516856296, 'pre_dampen_half': 722.6207258080483, 'gpp_af': 64.89877132084352, 'gpp_b': 0.0003241110030999168, 'gpp_d': 0.043181981126981975, 'ign_k': 0.12752949611679998, 'ign_c': 120.2193048491502, 'trop_agb_crit': 2.0835015454357144, 'trop_k_veg': 2.5117307861546383, 'pop_amp': 0.14522371993286978, 'pop_peak': 0.08341701352955977, 'pop_sig': 0.8497567836052746, 'fuel_k': 0.3176626387065175, 'fuel_half': 0.5232216089948756}.
[I 2026-08-19 12:53:28,959] Trial 171 finished with values: [-0.3554625854118624, 0.0] and parameters: {'k1': 0.07355619850853308, 'D_low': 604950.5313715198, 'k2': 0.09541821559010193, 'D_high': 584.3773200430937, 'fire_exp': 3.335015403719966, 'P_half': 329.3021396342671, 'pre_dampen_half': 0.3842465933116533, 'gpp_af': 0.007038234513942655, 'gpp_b': 0.021918335723906092, 'gpp_d': 479.4837252202705, 'ign_k': 4.023759749324185, 'ign_c': 0.151979678466219, 'trop_agb_crit': 7.513532694186442, 'trop_k_veg': 2.751138759371881, 'pop_amp': 18.123885367168285, 'pop_peak': 297.13615180471083, 'pop_sig': 0.8246499956768644, 'fuel_k': 0.05896670769022494, 'fuel_half': 16.684217902257085}.
[I 2026-08-19 12:53:31,679] Trial 172 finished with values: [-0.4152177831388461, 0.007088383185017921] and parameters: {'k1': 3.798214508453257e-05, 'D_low': 2.1309331861011747, 'k2': 0.0002191739661157602, 'D_high': 656327.636151562, 'fire_exp': 7.876546087737504, 'P_half': 21.577279477693462, 'pre_dampen_half': 0.9791370130598966, 'gpp_af': 0.4863825828994064, 'gpp_b': 1.4427571100855582e-05, 'gpp_d': 2.510118205488209, 'ign_k': 0.3420730367009226, 'ign_c': 25.123618639978158, 'trop_agb_crit': 4.655654379631494, 'trop_k_veg': 0.9320112612196061, 'pop_amp': 0.01796592157824264, 'pop_peak': 0.31709669264724544, 'pop_sig': 0.3752554385661973, 'fuel_k': 0.24240470828760216, 'fuel_half': 0.6370755274604819}.
[I 2026-08-19 12:53:33,960] Trial 173 finished with values: [-0.4009083951651025, 0.05129175327759283] and parameters: {'k1': 5.7909642338812115e-05, 'D_low': 1.6569065206637925, 'k2': 0.008440303958079085, 'D_high': 24796.57987943952, 'fire_exp': 1.1633452995374232, 'P_half': 3269.790633391691, 'pre_dampen_half': 97.08007608568462, 'gpp_af': 0.41874665092828456, 'gpp_b': 1.2690840169394997, 'gpp_d': 217.00563172707407, 'ign_k': 0.17320535908244444, 'ign_c': 0.4177928311636542, 'trop_agb_crit': 1.8566494291193822, 'trop_k_veg': 3.2956501175550894, 'pop_amp': 0.4577897804124867, 'pop_peak': 2.016436598480055, 'pop_sig': 0.4663206866626952, 'fuel_k': 2.800220309203497, 'fuel_half': 1.683458881839943}.
[I 2026-08-19 12:53:36,655] Trial 174 finished with values: [-0.3554625854118624, 0.0] and parameters: {'k1': 0.0029070516815839368, 'D_low': 1.8677210807213769, 'k2': 0.0003856302813879373, 'D_high': 1661855.441285105, 'fire_exp': 7.283895538238777, 'P_half': 2.120898710834372, 'pre_dampen_half': 300.3420512048734, 'gpp_af': 49.583649914027546, 'gpp_b': 0.008968044580295738, 'gpp_d': 2.3230017312141893, 'ign_k': 0.06863458703786214, 'ign_c': 225.58738962142354, 'trop_agb_crit': 1.22785574342871, 'trop_k_veg': 6.9761380404514854, 'pop_amp': 0.29266686632819644, 'pop_peak': 0.5393162598439744, 'pop_sig': 0.7020782687730053, 'fuel_k': 0.06525050422102326, 'fuel_half': 1.7918446176734728}.
  trial  175/2500  pareto_size=16  best_ilamb=0.6094  (8.0 min)
[I 2026-08-19 12:53:40,136] Trial 175 finished with values: [-0.37383523720939826, 0.0002308524535864498] and parameters: {'k1': 4.042960692360327e-05, 'D_low': 74.18778535608804, 'k2': 0.09116768553735347, 'D_high': 303.82212996456275, 'fire_exp': 6.454675979546216, 'P_half': 10.436686039715203, 'pre_dampen_half': 64.90728279563943, 'gpp_af': 0.00627658479734016, 'gpp_b': 0.0011284712324279547, 'gpp_d': 127.72812100441641, 'ign_k': 0.0027703009300353663, 'ign_c': 0.13492881864712067, 'trop_agb_crit': 23.606263788786194, 'trop_k_veg': 1.504359281141135, 'pop_amp': 6.746076139939917, 'pop_peak': 4.557885026195722, 'pop_sig': 0.42382971672762476, 'fuel_k': 1.0151421859083098, 'fuel_half': 14.458046248526905}.
[I 2026-08-19 12:53:45,717] Trial 176 finished with values: [-0.3976556825821736, 0.004938917451775993] and parameters: {'k1': 0.006117912981900519, 'D_low': 16402.29067110099, 'k2': 0.00039266205721678855, 'D_high': 49556.49568746661, 'fire_exp': 3.7695400350033266, 'P_half': 267.2146013620241, 'pre_dampen_half': 42.63619053601748, 'gpp_af': 36.830088529547496, 'gpp_b': 0.010442814210473004, 'gpp_d': 79.3190911385705, 'ign_k': 0.06358541141199495, 'ign_c': 0.28376065854345905, 'trop_agb_crit': 28.49245476864681, 'trop_k_veg': 6.038611061948211, 'pop_amp': 0.0034369873301918173, 'pop_peak': 16.535158037880507, 'pop_sig': 1.8528333992769594, 'fuel_k': 0.69712116678509, 'fuel_half': 0.10355826161899183}.
[I 2026-08-19 12:53:47,967] Trial 177 finished with values: [-0.3554625854118624, 0.0] and parameters: {'k1': 0.00031489116479568613, 'D_low': 506157.68887523044, 'k2': 0.008471801418819975, 'D_high': 39079.671568228776, 'fire_exp': 1.4322493718230251, 'P_half': 4.2070539502879365, 'pre_dampen_half': 228.5166416759209, 'gpp_af': 21.42302175774105, 'gpp_b': 0.040428727350273294, 'gpp_d': 34.70266988650411, 'ign_k': 0.0012087541473056963, 'ign_c': 757.9479953347999, 'trop_agb_crit': 16.967533607196547, 'trop_k_veg': 0.9008485225328876, 'pop_amp': 0.006053891567028103, 'pop_peak': 0.3074668528543553, 'pop_sig': 0.5037119471039664, 'fuel_k': 0.28698073046474143, 'fuel_half': 1.976218934028007}.
[I 2026-08-19 12:53:50,816] Trial 178 finished with values: [-0.3554625854118624, 0.0] and parameters: {'k1': 0.024933463261727313, 'D_low': 31.478066835753086, 'k2': 0.0009071933427331367, 'D_high': 24493.271671328574, 'fire_exp': 9.720039011957846, 'P_half': 5973.616786647811, 'pre_dampen_half': 1.8469033699850426, 'gpp_af': 0.41874665092828456, 'gpp_b': 3.5603271368816607, 'gpp_d': 0.07996072545031489, 'ign_k': 0.17320535908244444, 'ign_c': 459.14852167405303, 'trop_agb_crit': 1.1223862211406122, 'trop_k_veg': 3.45738453011802, 'pop_amp': 0.019006712253386706, 'pop_peak': 472.9614768905901, 'pop_sig': 2.338827834943534, 'fuel_k': 4.200636748771274, 'fuel_half': 1.683458881839943}.
[I 2026-08-19 12:53:53,428] Trial 179 finished with values: [-0.3554625854118624, 0.0] and parameters: {'k1': 2.3572794556769812e-05, 'D_low': 241709.96068266948, 'k2': 7.531057256501231e-05, 'D_high': 81614.54372835542, 'fire_exp': 9.42746237183547, 'P_half': 705.857259090179, 'pre_dampen_half': 30.960543083273937, 'gpp_af': 0.04236414938631994, 'gpp_b': 0.30126482730084564, 'gpp_d': 117.2128156438701, 'ign_k': 2.4939838794891496, 'ign_c': 0.4471649524144918, 'trop_agb_crit': 6.909724267901692, 'trop_k_veg': 0.6482845389294265, 'pop_amp': 12.165162567684659, 'pop_peak': 787.4005999152678, 'pop_sig': 1.0264911386548754, 'fuel_k': 5.048594494082411, 'fuel_half': 1.0249138815694967}.
