[I 2026-07-24 02:18:12,037] Trial 339 finished with value: -0.5168427769075042 and parameters: {'k1': 0.05266990789901238, 'D_low': 120.94820654074233, 'k2': 4.231527419963562e-05, 'D_high': 1267806.83345176, 'fire_exp': 2.3845148155726212, 'P_half': 16.160685535596993, 'pre_dampen_half': 5.532106535104931, 'gpp_af': 10.77367148709923, 'gpp_b': 0.0003040750229275746, 'gpp_d': 304.37139087747323, 'ign_k': 0.03814913999090752, 'ign_c': 0.13192072166463228, 'trop_agb_crit': 2.3464381864970636, 'trop_k_veg': 0.7618601185780205, 'fuel_k': 0.7803641317332464, 'fuel_half': 8.105343016936386}. Best is trial 0 with value: -0.6070628323553574.
[I 2026-07-24 02:18:12,440] Trial 340 finished with value: 0.6397935204680083 and parameters: {'k1': 0.045983283275535136, 'D_low': 141573.41423338838, 'k2': 1.4130978492425154e-05, 'D_high': 3624.2413513035176, 'fire_exp': 1.0264358592952925, 'P_half': 60.14507803914111, 'pre_dampen_half': 589.4166054114067, 'gpp_af': 0.9682874716754847, 'gpp_b': 0.012184101627873322, 'gpp_d': 22.72136209772161, 'ign_k': 0.015035169050369007, 'ign_c': 1.1426466722408994, 'trop_agb_crit': 1.4524173662432116, 'trop_k_veg': 4.7130725022302675, 'fuel_k': 2.6974870761760714, 'fuel_half': 0.2923962051911161}. Best is trial 0 with value: -0.6070628323553574.
[I 2026-07-24 02:18:12,848] Trial 341 finished with value: 0.503492795138012 and parameters: {'k1': 0.04453215484760323, 'D_low': 7.757824514063953, 'k2': 0.0004747713380640471, 'D_high': 2852566.2748710713, 'fire_exp': 1.6687257059221174, 'P_half': 8.692766662197206, 'pre_dampen_half': 0.22163441336967868, 'gpp_af': 7.369859119690928, 'gpp_b': 1.1946109619537564e-05, 'gpp_d': 22.467579167352156, 'ign_k': 0.006272512046786961, 'ign_c': 41.90936032348246, 'trop_agb_crit': 3.6749525537274033, 'trop_k_veg': 4.777809533954453, 'fuel_k': 4.901236260887904, 'fuel_half': 0.29428578975037795}. Best is trial 0 with value: -0.6070628323553574.
[I 2026-07-24 02:18:13,249] Trial 342 finished with value: 0.5481241577742233 and parameters: {'k1': 0.0018439419450782036, 'D_low': 67.87343959557249, 'k2': 2.1720233472754722e-05, 'D_high': 3692264.941064483, 'fire_exp': 1.584543024812126, 'P_half': 470.16286179474963, 'pre_dampen_half': 56.793528810867386, 'gpp_af': 0.45815571246243203, 'gpp_b': 1.8769102000875615, 'gpp_d': 10.555131026262446, 'ign_k': 0.21947319210071506, 'ign_c': 10.026192123878856, 'trop_agb_crit': 7.0743702079754405, 'trop_k_veg': 5.66260616570556, 'fuel_k': 3.3071246950380795, 'fuel_half': 0.3731876955778681}. Best is trial 0 with value: -0.6070628323553574.
[I 2026-07-24 02:18:13,656] Trial 343 finished with value: -0.5182518454704901 and parameters: {'k1': 0.022383945380516447, 'D_low': 1373.6051469471852, 'k2': 9.831334266668644e-05, 'D_high': 819621.3634767445, 'fire_exp': 1.757715964119612, 'P_half': 26.2061655429235, 'pre_dampen_half': 0.5534730575274917, 'gpp_af': 22.42410013461589, 'gpp_b': 0.00023506181988528022, 'gpp_d': 14.14853894357653, 'ign_k': 0.12854628249875924, 'ign_c': 0.3839661230397444, 'trop_agb_crit': 3.0017124623699254, 'trop_k_veg': 0.5944276792703098, 'fuel_k': 3.9606536836852677, 'fuel_half': 1.6180594708973446}. Best is trial 0 with value: -0.6070628323553574.
[I 2026-07-24 02:18:14,062] Trial 344 finished with value: 0.6445374145881376 and parameters: {'k1': 0.003408465625321698, 'D_low': 8.559103946011525, 'k2': 0.0006800879987021262, 'D_high': 530905.4511737233, 'fire_exp': 5.683675750970103, 'P_half': 8613.96480260854, 'pre_dampen_half': 41.480199362641365, 'gpp_af': 0.008829236063756227, 'gpp_b': 1.165724053807883e-05, 'gpp_d': 1.0580197572357601, 'ign_k': 1.36515358316292, 'ign_c': 113.26201733078175, 'trop_agb_crit': 8.289421176552068, 'trop_k_veg': 0.8398803324217553, 'fuel_k': 1.0361962368027515, 'fuel_half': 0.25219445447465033}. Best is trial 0 with value: -0.6070628323553574.
[I 2026-07-24 02:18:14,470] Trial 345 finished with value: 0.5138272681490156 and parameters: {'k1': 0.025028847864593497, 'D_low': 6505.421147537087, 'k2': 6.530647622384652e-05, 'D_high': 29013.212812448466, 'fire_exp': 1.7652952293997666, 'P_half': 1.5303271954467605, 'pre_dampen_half': 296.00431364384525, 'gpp_af': 2.85112286512718, 'gpp_b': 0.016533575119086368, 'gpp_d': 14.920590518385007, 'ign_k': 6.339827571430219, 'ign_c': 0.5302328608292443, 'trop_agb_crit': 15.344808025499571, 'trop_k_veg': 5.724340535692896, 'fuel_k': 0.8144317274146058, 'fuel_half': 12.838440337661522}. Best is trial 0 with value: -0.6070628323553574.
[I 2026-07-24 02:18:14,878] Trial 346 finished with value: 0.4617281994741985 and parameters: {'k1': 0.0005278184221594296, 'D_low': 3.5370474913682077, 'k2': 0.006295968730879327, 'D_high': 5052387.589929823, 'fire_exp': 2.4540896169689033, 'P_half': 6.142227764544567, 'pre_dampen_half': 8.245431359768334, 'gpp_af': 1.7528263446361552, 'gpp_b': 0.025538618110422986, 'gpp_d': 15.535776130446289, 'ign_k': 0.06822763531489438, 'ign_c': 3.033446685208728, 'trop_agb_crit': 8.341518397514132, 'trop_k_veg': 0.7021071003451025, 'fuel_k': 0.8039778042581757, 'fuel_half': 1.5449088118709222}. Best is trial 0 with value: -0.6070628323553574.
[I 2026-07-24 02:18:15,279] Trial 347 finished with value: 0.46790506943083665 and parameters: {'k1': 0.0026084003014067414, 'D_low': 15.824388084676427, 'k2': 0.002502492792586981, 'D_high': 1703152.6467975748, 'fire_exp': 2.5702902706819284, 'P_half': 1.7891158666313696, 'pre_dampen_half': 0.24534355284284026, 'gpp_af': 0.22222216755661797, 'gpp_b': 0.01641778315150216, 'gpp_d': 10.775683671021287, 'ign_k': 0.04341556998409655, 'ign_c': 1.1225987669812088, 'trop_agb_crit': 11.421024862766064, 'trop_k_veg': 3.3846887518379414, 'fuel_k': 5.580735897550896, 'fuel_half': 0.5022257927678287}. Best is trial 0 with value: -0.6070628323553574.
[I 2026-07-24 02:18:15,702] Trial 348 finished with value: 0.5938124568280678 and parameters: {'k1': 0.0003488670143735962, 'D_low': 1.7144328329619638, 'k2': 0.0002591209859605686, 'D_high': 12371.268577974583, 'fire_exp': 6.556335671644445, 'P_half': 102.25992991986845, 'pre_dampen_half': 38.05933500096956, 'gpp_af': 0.004185018466716455, 'gpp_b': 0.0007498067556197925, 'gpp_d': 35.501431260777814, 'ign_k': 0.8363486248830221, 'ign_c': 2.8248984391157874, 'trop_agb_crit': 24.67288419499747, 'trop_k_veg': 0.9615550662573062, 'fuel_k': 5.133717833523583, 'fuel_half': 1.117190851211351}. Best is trial 0 with value: -0.6070628323553574.
[I 2026-07-24 02:18:16,136] Trial 349 finished with value: 0.5838793300352201 and parameters: {'k1': 0.0029320496316642577, 'D_low': 56.827083143708776, 'k2': 0.0009918728961217697, 'D_high': 2599015.870671605, 'fire_exp': 1.8684809022104822, 'P_half': 1.2354116345378274, 'pre_dampen_half': 1.042683492256725, 'gpp_af': 0.9935528410845448, 'gpp_b': 1.5277394110204687, 'gpp_d': 0.941339250131667, 'ign_k': 0.11496796710808123, 'ign_c': 51.504027930407226, 'trop_agb_crit': 14.694354884786078, 'trop_k_veg': 0.647614368352002, 'fuel_k': 1.144777121973513, 'fuel_half': 0.20453585948700925}. Best is trial 0 with value: -0.6070628323553574.
[I 2026-07-24 02:18:16,543] Trial 350 finished with value: 0.6574690688074161 and parameters: {'k1': 0.06413308676224212, 'D_low': 11.843638349048339, 'k2': 9.593459922597114e-05, 'D_high': 4356415.056253488, 'fire_exp': 1.1581823267275235, 'P_half': 2.5336628784358224, 'pre_dampen_half': 10.211679227034903, 'gpp_af': 0.14388826627639326, 'gpp_b': 0.001912382034342436, 'gpp_d': 710.3429881177825, 'ign_k': 0.8890499513492351, 'ign_c': 44.7169099965379, 'trop_agb_crit': 3.1939221464495864, 'trop_k_veg': 3.628687918435826, 'fuel_k': 0.07369678155631292, 'fuel_half': 0.39724275309932}. Best is trial 0 with value: -0.6070628323553574.
[I 2026-07-24 02:18:16,950] Trial 351 finished with value: 0.5749753367735352 and parameters: {'k1': 0.02605951734221759, 'D_low': 281.1457493675043, 'k2': 0.0015500136570827533, 'D_high': 1328628.023175997, 'fire_exp': 2.1135797445201523, 'P_half': 1.3201265855522153, 'pre_dampen_half': 0.06900320537384952, 'gpp_af': 16.25015774625333, 'gpp_b': 2.7173014069984336, 'gpp_d': 16.461898687704558, 'ign_k': 0.05521337744194285, 'ign_c': 0.10674353261839101, 'trop_agb_crit': 9.933327232417247, 'trop_k_veg': 0.9244948321753576, 'fuel_k': 1.0629311568007467, 'fuel_half': 0.2906070994287335}. Best is trial 0 with value: -0.6070628323553574.
[I 2026-07-24 02:18:17,355] Trial 352 finished with value: -0.5764642644853432 and parameters: {'k1': 0.00034823646473441385, 'D_low': 1.327078529464384, 'k2': 1.1386237739548924e-05, 'D_high': 2549474.5076785563, 'fire_exp': 1.0746031663200426, 'P_half': 17.250181948851992, 'pre_dampen_half': 0.17990504635236948, 'gpp_af': 20.24063253478722, 'gpp_b': 0.1527702064045847, 'gpp_d': 203.17436569110615, 'ign_k': 0.004185744729169949, 'ign_c': 1.0034052306317838, 'trop_agb_crit': 1.153003865226234, 'trop_k_veg': 5.208284608294139, 'fuel_k': 3.269953486361048, 'fuel_half': 0.13542281390487493}. Best is trial 0 with value: -0.6070628323553574.
[I 2026-07-24 02:18:17,760] Trial 353 finished with value: 0.6147040895150769 and parameters: {'k1': 0.04002684680183154, 'D_low': 856.7501517233794, 'k2': 0.00020021575606600462, 'D_high': 660202.5788076663, 'fire_exp': 2.1894544412693158, 'P_half': 253.54722233799583, 'pre_dampen_half': 143.2620984072497, 'gpp_af': 8.767112279739386, 'gpp_b': 0.0006693738282880208, 'gpp_d': 13.034697564505068, 'ign_k': 0.005269334984760205, 'ign_c': 175.59906410903835, 'trop_agb_crit': 1.0885371873823877, 'trop_k_veg': 7.055754760753, 'fuel_k': 1.1584077656608096, 'fuel_half': 0.1349665503330149}. Best is trial 0 with value: -0.6070628323553574.
[I 2026-07-24 02:18:18,165] Trial 354 finished with value: 0.4773692454624374 and parameters: {'k1': 0.0021655394637621053, 'D_low': 3.9432711769268947, 'k2': 6.469166132788995e-05, 'D_high': 3218226.44405277, 'fire_exp': 1.5039941905425895, 'P_half': 163.84878887776705, 'pre_dampen_half': 0.16926655900666912, 'gpp_af': 35.878420505944774, 'gpp_b': 0.1686892689241421, 'gpp_d': 431.04312785530715, 'ign_k': 0.0026944301313837392, 'ign_c': 0.7617990394316266, 'trop_agb_crit': 1.0868618023800483, 'trop_k_veg': 5.205789527031415, 'fuel_k': 4.416995085800337, 'fuel_half': 0.12725858498388018}. Best is trial 0 with value: -0.6070628323553574.
[I 2026-07-24 02:18:18,569] Trial 355 finished with value: 0.456430524606004 and parameters: {'k1': 0.05731198810262531, 'D_low': 142.7470541670801, 'k2': 6.853632310578844e-05, 'D_high': 507209.1840170144, 'fire_exp': 1.025618188235932, 'P_half': 497.60329710658806, 'pre_dampen_half': 372.9117612963316, 'gpp_af': 0.7906699275668763, 'gpp_b': 0.015303059388393311, 'gpp_d': 711.966101475158, 'ign_k': 0.0022937993473530287, 'ign_c': 12.972925541071344, 'trop_agb_crit': 2.264863753098169, 'trop_k_veg': 5.35958296447174, 'fuel_k': 1.5390663063044443, 'fuel_half': 0.24216613058423334}. Best is trial 0 with value: -0.6070628323553574.
[I 2026-07-24 02:18:18,985] Trial 356 finished with value: 0.593528342979835 and parameters: {'k1': 0.011304638527902242, 'D_low': 85.86566625506997, 'k2': 0.00021957104766382723, 'D_high': 5580723.046769953, 'fire_exp': 1.0420694373569963, 'P_half': 173.5138714112389, 'pre_dampen_half': 4.786547332504615, 'gpp_af': 0.03087808378517993, 'gpp_b': 0.3479362955061061, 'gpp_d': 70.07133589053502, 'ign_k': 0.050789864024239656, 'ign_c': 7.431702705787881, 'trop_agb_crit': 14.054781684423762, 'trop_k_veg': 6.3781635110145345, 'fuel_k': 3.3361475229975937, 'fuel_half': 26.493848043271385}. Best is trial 0 with value: -0.6070628323553574.
[I 2026-07-24 02:18:19,520] Trial 357 finished with value: 0.5830861038653945 and parameters: {'k1': 0.0006646750699678062, 'D_low': 2.229057396576871, 'k2': 4.6134926462268145e-05, 'D_high': 107434.62600329972, 'fire_exp': 1.4494416686548428, 'P_half': 2.592769292648458, 'pre_dampen_half': 0.17565939518043874, 'gpp_af': 5.166360484878832, 'gpp_b': 9.975454594795638, 'gpp_d': 24.75108577670544, 'ign_k': 0.0012565817456928483, 'ign_c': 4.707195958114766, 'trop_agb_crit': 1.9729108817842367, 'trop_k_veg': 4.364645777934699, 'fuel_k': 3.36307250743473, 'fuel_half': 0.12326807833809166}. Best is trial 0 with value: -0.6070628323553574.
[I 2026-07-24 02:18:19,938] Trial 358 finished with value: 0.6415887314940709 and parameters: {'k1': 9.525931084231532e-05, 'D_low': 95.42256643050905, 'k2': 6.623549121747278e-05, 'D_high': 164921.94078408708, 'fire_exp': 2.6907062407502402, 'P_half': 1.2535794792927932, 'pre_dampen_half': 656.6180721460059, 'gpp_af': 0.12810525791959457, 'gpp_b': 0.6812972512644204, 'gpp_d': 112.71163827704112, 'ign_k': 5.57995761613166, 'ign_c': 24.333562112738367, 'trop_agb_crit': 23.4265822547518, 'trop_k_veg': 7.354115993909673, 'fuel_k': 1.2463496788240762, 'fuel_half': 4.541289982975587}. Best is trial 0 with value: -0.6070628323553574.
[I 2026-07-24 02:18:20,342] Trial 359 finished with value: 0.43060309964969046 and parameters: {'k1': 0.05908033292244509, 'D_low': 15.717266174213309, 'k2': 0.0003050029668905458, 'D_high': 4814951.627294552, 'fire_exp': 1.2809633250250334, 'P_half': 1.0951805948425277, 'pre_dampen_half': 25.06268108334238, 'gpp_af': 0.17907315861439313, 'gpp_b': 0.0007670749866178556, 'gpp_d': 106.71807852888564, 'ign_k': 0.061774858360250554, 'ign_c': 29.868550687819596, 'trop_agb_crit': 3.9794445426042233, 'trop_k_veg': 1.5722045626740135, 'fuel_k': 0.4603697263840343, 'fuel_half': 0.23354362620461191}. Best is trial 0 with value: -0.6070628323553574.
[I 2026-07-24 02:18:20,959] Trial 360 finished with value: 0.5452691648643695 and parameters: {'k1': 0.01980286316182751, 'D_low': 5754.583313512238, 'k2': 1.979059849554362e-05, 'D_high': 153160.1873908273, 'fire_exp': 1.3554947627261251, 'P_half': 117.51625174739479, 'pre_dampen_half': 4.121982236637845, 'gpp_af': 1.7974045138638053, 'gpp_b': 0.23664398172261794, 'gpp_d': 12.175361379268354, 'ign_k': 0.007781822750818491, 'ign_c': 0.5356831200077373, 'trop_agb_crit': 1.3522923408777325, 'trop_k_veg': 3.7507955009172016, 'fuel_k': 0.9960189009126316, 'fuel_half': 0.5981637261736041}. Best is trial 0 with value: -0.6070628323553574.
[I 2026-07-24 02:18:21,456] Trial 361 finished with value: 0.5512237055324091 and parameters: {'k1': 0.0002662198183385297, 'D_low': 9.302614831989827, 'k2': 3.4724271500501966e-05, 'D_high': 295903.30378373375, 'fire_exp': 1.2064545964780626, 'P_half': 1.8438116806575586, 'pre_dampen_half': 0.03062187942391213, 'gpp_af': 0.266998245839339, 'gpp_b': 0.12015767988851056, 'gpp_d': 88.11064029998808, 'ign_k': 0.018420508350124203, 'ign_c': 0.3236778197742767, 'trop_agb_crit': 1.0404684573979215, 'trop_k_veg': 4.592052554938532, 'fuel_k': 1.9591575715301002, 'fuel_half': 0.13310070024064297}. Best is trial 0 with value: -0.6070628323553574.
[I 2026-07-24 02:18:21,916] Trial 362 finished with value: 0.5023430492265548 and parameters: {'k1': 0.015209155147708753, 'D_low': 1117.9634802136954, 'k2': 0.004178970854057537, 'D_high': 4228851.922887357, 'fire_exp': 1.816777779286399, 'P_half': 24.727144047452505, 'pre_dampen_half': 0.1544411875022497, 'gpp_af': 8.051652248692253, 'gpp_b': 0.04588134897971973, 'gpp_d': 58.89815259273165, 'ign_k': 0.6473917701727815, 'ign_c': 0.9551386388428215, 'trop_agb_crit': 8.872127024230029, 'trop_k_veg': 0.6270269990135593, 'fuel_k': 0.4490959861256644, 'fuel_half': 1.0483803602374886}. Best is trial 0 with value: -0.6070628323553574.
[I 2026-07-24 02:18:22,335] Trial 363 finished with value: 0.6445374145881376 and parameters: {'k1': 0.09933238603278215, 'D_low': 5235.418766830852, 'k2': 0.0001580755116396782, 'D_high': 1417866.0064383303, 'fire_exp': 2.0138955384839656, 'P_half': 427.4769867858159, 'pre_dampen_half': 108.58067279712708, 'gpp_af': 0.043724932494998626, 'gpp_b': 2.5720412708090317, 'gpp_d': 323.6372206002164, 'ign_k': 0.015622178390949223, 'ign_c': 347.00817316789255, 'trop_agb_crit': 1.6642806306510942, 'trop_k_veg': 7.489137075404846, 'fuel_k': 0.29910976650908533, 'fuel_half': 0.2281112285577255}. Best is trial 0 with value: -0.6070628323553574.
[I 2026-07-24 02:18:22,768] Trial 364 finished with value: 0.6345043074815195 and parameters: {'k1': 0.01644977294209205, 'D_low': 72524.69123740568, 'k2': 2.4601655650170915e-05, 'D_high': 14893.727920053178, 'fire_exp': 1.0122525111414922, 'P_half': 32.86595517866559, 'pre_dampen_half': 24.892657061158786, 'gpp_af': 0.07697659343143803, 'gpp_b': 0.03216465721445097, 'gpp_d': 364.13368157636177, 'ign_k': 0.002737624093221966, 'ign_c': 2.0779043239324153, 'trop_agb_crit': 1.1090962580222588, 'trop_k_veg': 2.336553171655368, 'fuel_k': 0.2556657691035506, 'fuel_half': 0.6015286192904524}. Best is trial 0 with value: -0.6070628323553574.
[I 2026-07-24 02:18:23,218] Trial 365 finished with value: 0.4092531529706299 and parameters: {'k1': 0.010735789689037656, 'D_low': 68.59001831550235, 'k2': 2.1785531421431907e-05, 'D_high': 2250382.864573067, 'fire_exp': 1.0804618060773448, 'P_half': 9.525182087154079, 'pre_dampen_half': 0.24640506755548355, 'gpp_af': 0.22547511542461232, 'gpp_b': 3.597970816992866e-05, 'gpp_d': 109.87407490770954, 'ign_k': 0.037874199353993575, 'ign_c': 0.5369277162154644, 'trop_agb_crit': 2.665394286141451, 'trop_k_veg': 2.9565772066352056, 'fuel_k': 3.4569858254646744, 'fuel_half': 0.8028664481194978}. Best is trial 0 with value: -0.6070628323553574.
[I 2026-07-24 02:18:23,641] Trial 366 finished with value: 0.5701148713739828 and parameters: {'k1': 0.003338489447951305, 'D_low': 71.37247609203382, 'k2': 0.0007496966172366534, 'D_high': 515841.7293532398, 'fire_exp': 4.403593320180491, 'P_half': 1.2258578520404573, 'pre_dampen_half': 0.18307772285469576, 'gpp_af': 2.340288261172934, 'gpp_b': 0.00243829869591718, 'gpp_d': 0.5934358587535126, 'ign_k': 0.6374556753859213, 'ign_c': 0.12287665790094493, 'trop_agb_crit': 11.024652212728599, 'trop_k_veg': 1.4761713851382252, 'fuel_k': 1.6205717220871547, 'fuel_half': 2.2316183608934286}. Best is trial 0 with value: -0.6070628323553574.
[I 2026-07-24 02:18:24,070] Trial 367 finished with value: 0.6409458911217343 and parameters: {'k1': 0.012290141310435501, 'D_low': 297450.1358501164, 'k2': 2.7647800810976872e-05, 'D_high': 520190.0745211635, 'fire_exp': 2.889243118705296, 'P_half': 68.21893001889897, 'pre_dampen_half': 9.362855812986652, 'gpp_af': 0.22882645459979123, 'gpp_b': 8.078192745039659e-05, 'gpp_d': 25.529243848414676, 'ign_k': 0.010018574636285622, 'ign_c': 0.7842350809961455, 'trop_agb_crit': 2.064857782788184, 'trop_k_veg': 0.5494710512152401, 'fuel_k': 1.425313784328194, 'fuel_half': 0.8228506192738535}. Best is trial 0 with value: -0.6070628323553574.
[I 2026-07-24 02:18:24,504] Trial 368 finished with value: 0.40406099181477884 and parameters: {'k1': 0.002897427589716112, 'D_low': 5.748044268235374, 'k2': 4.361916848323771e-05, 'D_high': 7306562.722835199, 'fire_exp': 1.019808812928467, 'P_half': 162.66511573989152, 'pre_dampen_half': 3.6136948360900476, 'gpp_af': 1.0478481618461408, 'gpp_b': 0.028048267875313976, 'gpp_d': 214.95152962639062, 'ign_k': 0.09886435099817868, 'ign_c': 2.0085186421754035, 'trop_agb_crit': 3.648026196733309, 'trop_k_veg': 3.130723439094298, 'fuel_k': 1.581835293582658, 'fuel_half': 3.9512756082844223}. Best is trial 0 with value: -0.6070628323553574.
[I 2026-07-24 02:18:24,937] Trial 369 finished with value: 0.4281604780927095 and parameters: {'k1': 5.5981173741912463e-05, 'D_low': 1.8382546927151433, 'k2': 7.76957313031849e-05, 'D_high': 9764638.932390535, 'fire_exp': 1.4002244592385102, 'P_half': 33.091936553852754, 'pre_dampen_half': 0.4426256191109354, 'gpp_af': 7.722000054935101, 'gpp_b': 0.1734726438712125, 'gpp_d': 159.57519742193776, 'ign_k': 0.04774056164118706, 'ign_c': 17.636362353267447, 'trop_agb_crit': 1.7320516690078047, 'trop_k_veg': 2.8814956853697984, 'fuel_k': 5.665318715300441, 'fuel_half': 0.34264669770163236}. Best is trial 0 with value: -0.6070628323553574.
[I 2026-07-24 02:18:25,372] Trial 370 finished with value: -0.5114635496414583 and parameters: {'k1': 0.0002935689065096853, 'D_low': 20.317521522056882, 'k2': 3.6638470267874606e-05, 'D_high': 4614905.312394117, 'fire_exp': 1.0656035107283781, 'P_half': 9.607961136298364, 'pre_dampen_half': 0.3471941563190277, 'gpp_af': 99.48813874666273, 'gpp_b': 0.03520738987400856, 'gpp_d': 124.63409303123, 'ign_k': 0.00564533086610152, 'ign_c': 0.5932505425392437, 'trop_agb_crit': 3.291595709793388, 'trop_k_veg': 6.617171674327392, 'fuel_k': 0.9740267392422349, 'fuel_half': 0.14209545752476727}. Best is trial 0 with value: -0.6070628323553574.
[I 2026-07-24 02:18:25,818] Trial 371 finished with value: 0.5352224040869465 and parameters: {'k1': 0.0589797436682707, 'D_low': 6563.72011584086, 'k2': 0.0008468390188745069, 'D_high': 1925885.9634861946, 'fire_exp': 1.8012749144324598, 'P_half': 41.350949173383185, 'pre_dampen_half': 4.376578600464761, 'gpp_af': 54.54779600591037, 'gpp_b': 2.071130272129352e-05, 'gpp_d': 73.52929003789296, 'ign_k': 0.015933808846393217, 'ign_c': 0.9843613794070248, 'trop_agb_crit': 1.377154921438306, 'trop_k_veg': 0.6324857513389474, 'fuel_k': 0.1840766858919783, 'fuel_half': 0.5763510851122584}. Best is trial 0 with value: -0.6070628323553574.
[I 2026-07-24 02:18:26,253] Trial 372 finished with value: -0.5877184180920926 and parameters: {'k1': 0.00048286235938721663, 'D_low': 424.6814581277175, 'k2': 0.001167339065550906, 'D_high': 5673577.7111266395, 'fire_exp': 5.647494426956825, 'P_half': 21.98185762842172, 'pre_dampen_half': 28.84127018486058, 'gpp_af': 2.8513866304172444, 'gpp_b': 0.04620331117346316, 'gpp_d': 142.76809519722238, 'ign_k': 0.1567524043485946, 'ign_c': 3.4056752655131097, 'trop_agb_crit': 10.742052794407103, 'trop_k_veg': 1.071919831370592, 'fuel_k': 0.8682433566436721, 'fuel_half': 0.21447990117066418}. Best is trial 0 with value: -0.6070628323553574.
