[I 2026-08-19 17:14:10,699] Trial 579 finished with value: 0.4844380333686623 and parameters: {'k1': 0.0008594498206824352, 'D_low': 2.1160408599138694, 'k2': 0.00485249701649099, 'D_high': 1951107.0401798706, 'fire_exp': 2.1394977696195854, 'P_half': 4.493892921793591, 'pre_dampen_half': 0.05615967513150701, 'gpp_af': 0.5200230087643457, 'gpp_b': 0.0001697260788179364, 'gpp_d': 519.4567442703182, 'ign_k': 0.0892923525245578, 'ign_c': 1.1107627785852092, 'trop_agb_crit': 3.137627457510261, 'trop_k_veg': 1.4699945858149, 'pop_amp': 0.2952197111071977, 'pop_peak': 18.540365860980632, 'pop_sig': 2.4790070373847826, 'fuel_k': 0.19703528198725082, 'fuel_half': 0.14562583023523293}. Best is trial 0 with value: -0.6094076133578652.
[I 2026-08-19 17:14:12,267] Trial 580 finished with value: 0.6445374145881376 and parameters: {'k1': 0.00020870012860770376, 'D_low': 1152.4200798441086, 'k2': 0.010286175462663593, 'D_high': 7235426.393915863, 'fire_exp': 1.2274202185226277, 'P_half': 626.2053729951174, 'pre_dampen_half': 22.002537355967824, 'gpp_af': 0.08765081787525511, 'gpp_b': 0.0004527520520879415, 'gpp_d': 16.942678092084755, 'ign_k': 5.12011720318213, 'ign_c': 132.95561290454185, 'trop_agb_crit': 18.22094366719801, 'trop_k_veg': 2.7960418335752384, 'pop_amp': 0.0013009032065393244, 'pop_peak': 0.46880091655937256, 'pop_sig': 0.8897093314643185, 'fuel_k': 0.6055746046294119, 'fuel_half': 1.1369515279144733}. Best is trial 0 with value: -0.6094076133578652.
[I 2026-08-19 17:14:13,875] Trial 581 finished with value: 0.5367680578635404 and parameters: {'k1': 0.0006563939990777956, 'D_low': 471.81243591149865, 'k2': 0.000772731687156541, 'D_high': 467734.5914405224, 'fire_exp': 2.002956277648834, 'P_half': 321.3620561727611, 'pre_dampen_half': 0.39979654117959185, 'gpp_af': 0.3832340689039268, 'gpp_b': 0.007360907651254871, 'gpp_d': 240.5784324006652, 'ign_k': 0.6471519864097387, 'ign_c': 9.67709720844803, 'trop_agb_crit': 13.67234936520526, 'trop_k_veg': 0.6110337839809353, 'pop_amp': 0.007467450703522387, 'pop_peak': 0.9627119954232362, 'pop_sig': 0.5176168003159397, 'fuel_k': 0.5012313260257004, 'fuel_half': 62.45915789099817}. Best is trial 0 with value: -0.6094076133578652.
[I 2026-08-19 17:14:15,501] Trial 582 finished with value: 0.4556672650655016 and parameters: {'k1': 0.058585483055351176, 'D_low': 221.90588140706967, 'k2': 0.006270379915642089, 'D_high': 1326293.964426002, 'fire_exp': 4.408041110714174, 'P_half': 14.125359047194783, 'pre_dampen_half': 0.6692508088949697, 'gpp_af': 0.23360357962532186, 'gpp_b': 2.4140569682603604e-05, 'gpp_d': 54.491444843157865, 'ign_k': 0.7330997660837595, 'ign_c': 0.8152320400651141, 'trop_agb_crit': 2.998656662098304, 'trop_k_veg': 2.8651786918496054, 'pop_amp': 0.010747383994528686, 'pop_peak': 123.16362597896139, 'pop_sig': 1.3365511065991702, 'fuel_k': 0.06357388425550496, 'fuel_half': 0.13815747561588293}. Best is trial 0 with value: -0.6094076133578652.
[I 2026-08-19 17:14:17,091] Trial 583 finished with value: -0.5901253521283107 and parameters: {'k1': 0.0002522000353478684, 'D_low': 3.9824958498547733, 'k2': 0.03670973316008687, 'D_high': 467323.6307027518, 'fire_exp': 2.052113246514014, 'P_half': 43.78352676773064, 'pre_dampen_half': 3.553933850144503, 'gpp_af': 0.004900406880726604, 'gpp_b': 4.106357543974962e-05, 'gpp_d': 171.4540184501008, 'ign_k': 0.6491076663000576, 'ign_c': 7.901397548894275, 'trop_agb_crit': 3.2312381842008304, 'trop_k_veg': 1.4065670117573843, 'pop_amp': 0.07657907739490603, 'pop_peak': 15.495992408464913, 'pop_sig': 1.5940103808751755, 'fuel_k': 0.09684984366585858, 'fuel_half': 0.1769170071433234}. Best is trial 0 with value: -0.6094076133578652.
[I 2026-08-19 17:14:18,713] Trial 584 finished with value: 0.4044301856496604 and parameters: {'k1': 0.0002931152535335714, 'D_low': 5.4187895521617095, 'k2': 0.00873771186115648, 'D_high': 2447477.601516763, 'fire_exp': 1.2641697106228242, 'P_half': 188.23963977513492, 'pre_dampen_half': 7.790199071495572, 'gpp_af': 0.031061817779952133, 'gpp_b': 0.00016771232393096033, 'gpp_d': 24.472574953988183, 'ign_k': 0.26436854411254207, 'ign_c': 1.8960436406951826, 'trop_agb_crit': 3.5231063018593214, 'trop_k_veg': 1.4551815575301394, 'pop_amp': 0.2761394022904262, 'pop_peak': 52.59137926366804, 'pop_sig': 1.071472708877355, 'fuel_k': 0.09639835269326132, 'fuel_half': 0.2440465020009512}. Best is trial 0 with value: -0.6094076133578652.
[I 2026-08-19 17:14:20,318] Trial 585 finished with value: -0.5973158467470239 and parameters: {'k1': 0.010899125824852215, 'D_low': 46.609743923577746, 'k2': 0.048670293184253775, 'D_high': 1891438.9942911707, 'fire_exp': 6.490606401326351, 'P_half': 17.767810206466173, 'pre_dampen_half': 46.99867649819458, 'gpp_af': 0.03288369261339409, 'gpp_b': 3.50892459144419e-05, 'gpp_d': 19.793591161620164, 'ign_k': 2.477296259565489, 'ign_c': 20.825401514244376, 'trop_agb_crit': 3.3891566689477526, 'trop_k_veg': 2.3898926545855437, 'pop_amp': 0.0505041996302361, 'pop_peak': 738.6101556769828, 'pop_sig': 1.6661555042205602, 'fuel_k': 0.08372393315386405, 'fuel_half': 0.19572832827536532}. Best is trial 0 with value: -0.6094076133578652.
[I 2026-08-19 17:14:21,936] Trial 586 finished with value: 0.510827001496327 and parameters: {'k1': 6.935528998336661e-05, 'D_low': 7.7742022835195135, 'k2': 0.029842655459786982, 'D_high': 691320.1546370512, 'fire_exp': 3.2464395845320997, 'P_half': 9.540326454543916, 'pre_dampen_half': 1.5028193301136212, 'gpp_af': 0.004997663099642301, 'gpp_b': 1.189651289639624e-05, 'gpp_d': 188.92771017600688, 'ign_k': 7.701742073086354, 'ign_c': 15.024997766961, 'trop_agb_crit': 2.9395975748254357, 'trop_k_veg': 0.5336427767146591, 'pop_amp': 0.005541608408645341, 'pop_peak': 6.650025293582853, 'pop_sig': 1.4321933891059018, 'fuel_k': 0.747484101340692, 'fuel_half': 0.7429637852040235}. Best is trial 0 with value: -0.6094076133578652.
[I 2026-08-19 17:14:23,501] Trial 587 finished with value: -0.5991701001506275 and parameters: {'k1': 0.0046510680948647146, 'D_low': 1.526799388169968, 'k2': 0.002044047034019937, 'D_high': 4690641.150998817, 'fire_exp': 6.38908489399251, 'P_half': 30.3044071728991, 'pre_dampen_half': 20.925782529852487, 'gpp_af': 0.26640873561358247, 'gpp_b': 9.18496783263481e-05, 'gpp_d': 7.087210408049953, 'ign_k': 1.1673645965439203, 'ign_c': 14.226502042473157, 'trop_agb_crit': 3.590649214974361, 'trop_k_veg': 3.1716112621062016, 'pop_amp': 0.015149425176078722, 'pop_peak': 420.53005713498834, 'pop_sig': 1.1268315601484693, 'fuel_k': 0.260554589466531, 'fuel_half': 0.32741626248315836}. Best is trial 0 with value: -0.6094076133578652.
[I 2026-08-19 17:14:25,109] Trial 588 finished with value: 0.5408118247344101 and parameters: {'k1': 0.00034802794664186423, 'D_low': 14.803868860442764, 'k2': 0.003871416093146402, 'D_high': 848435.9967796532, 'fire_exp': 7.8094832138986, 'P_half': 62.8413904491676, 'pre_dampen_half': 0.7808449184485798, 'gpp_af': 0.16651186413693211, 'gpp_b': 5.2382506255055544e-05, 'gpp_d': 1.6305036677395155, 'ign_k': 5.4851447288593675, 'ign_c': 2.1286477961216304, 'trop_agb_crit': 1.6187979169134639, 'trop_k_veg': 1.7140763414657971, 'pop_amp': 0.0875492738780248, 'pop_peak': 87.9448096296532, 'pop_sig': 1.409400103710405, 'fuel_k': 0.7684263510227528, 'fuel_half': 0.6652988328502412}. Best is trial 0 with value: -0.6094076133578652.
[I 2026-08-19 17:14:26,713] Trial 589 finished with value: -0.582372147707168 and parameters: {'k1': 0.04821355282138503, 'D_low': 852.7376055702159, 'k2': 0.013442056590725528, 'D_high': 2851418.8498112215, 'fire_exp': 7.232267378241664, 'P_half': 4.961848161117261, 'pre_dampen_half': 22.343741113225974, 'gpp_af': 0.021209571880157804, 'gpp_b': 2.585718164025085e-05, 'gpp_d': 0.34107141480621483, 'ign_k': 0.2033219327373857, 'ign_c': 5.072031572551187, 'trop_agb_crit': 4.142993841477123, 'trop_k_veg': 2.1095526280061523, 'pop_amp': 0.10879684114877906, 'pop_peak': 918.7663027233891, 'pop_sig': 1.7205516425911629, 'fuel_k': 0.07520259174791735, 'fuel_half': 0.21536548471415676}. Best is trial 0 with value: -0.6094076133578652.
  trial  590/2500  best_overall=0.6094  (16.0 min)
[I 2026-08-19 17:14:28,429] Trial 590 finished with value: 0.45852526797149085 and parameters: {'k1': 0.004946277037889767, 'D_low': 361.05069734290413, 'k2': 0.015449938962770516, 'D_high': 9637809.748339908, 'fire_exp': 3.723148957213243, 'P_half': 2.8921396783448974, 'pre_dampen_half': 0.2744078849415011, 'gpp_af': 4.220922602936083, 'gpp_b': 6.268220925665327e-05, 'gpp_d': 641.5906096430252, 'ign_k': 2.1560993106541697, 'ign_c': 1.5781736474556693, 'trop_agb_crit': 1.0586741522735295, 'trop_k_veg': 1.7608537675308489, 'pop_amp': 0.7086548940854154, 'pop_peak': 785.895985895815, 'pop_sig': 0.7904006956606854, 'fuel_k': 0.041304335867533536, 'fuel_half': 1.9679087485317301}. Best is trial 0 with value: -0.6094076133578652.
[I 2026-08-19 17:14:29,987] Trial 591 finished with value: -0.55578986093261 and parameters: {'k1': 0.01620403945259143, 'D_low': 1.8163537431739234, 'k2': 0.04678056631760154, 'D_high': 1860139.5478206165, 'fire_exp': 6.326505667290951, 'P_half': 7.239611940528859, 'pre_dampen_half': 3.0919921547688913, 'gpp_af': 2.967252756265169, 'gpp_b': 3.44140880447776e-05, 'gpp_d': 20.981740896719437, 'ign_k': 4.287824577398622, 'ign_c': 0.9022963201348877, 'trop_agb_crit': 3.131684184602158, 'trop_k_veg': 5.229646136030003, 'pop_amp': 0.13763363981620616, 'pop_peak': 356.40221163621266, 'pop_sig': 0.8434201381802993, 'fuel_k': 0.5466512955892927, 'fuel_half': 1.0057117630939778}. Best is trial 0 with value: -0.6094076133578652.
[I 2026-08-19 17:14:31,647] Trial 592 finished with value: 0.6285683952211079 and parameters: {'k1': 0.07054657951441874, 'D_low': 80535.7100605086, 'k2': 0.004841805970342948, 'D_high': 3881554.834814748, 'fire_exp': 7.4874179133709085, 'P_half': 5.9402661756725035, 'pre_dampen_half': 80.87153915002202, 'gpp_af': 0.030934303605992662, 'gpp_b': 7.733105921025665e-05, 'gpp_d': 2.642004631601925, 'ign_k': 0.020793558351770526, 'ign_c': 10.968588971771466, 'trop_agb_crit': 29.042999791864833, 'trop_k_veg': 1.3906453723087784, 'pop_amp': 0.06822607138581746, 'pop_peak': 659.4521732959676, 'pop_sig': 1.3603285590882415, 'fuel_k': 0.015160558923628397, 'fuel_half': 0.5078494079166086}. Best is trial 0 with value: -0.6094076133578652.
[I 2026-08-19 17:14:33,214] Trial 593 finished with value: 0.4315825484474052 and parameters: {'k1': 0.05515238621489985, 'D_low': 56.84491496024939, 'k2': 0.00033182704935862584, 'D_high': 6833771.865878968, 'fire_exp': 5.857797836847523, 'P_half': 32.93600448331685, 'pre_dampen_half': 43.95663591171556, 'gpp_af': 5.1451626584995696, 'gpp_b': 3.538027209838212e-05, 'gpp_d': 98.40494214850051, 'ign_k': 6.438085669794821, 'ign_c': 4.43016929306559, 'trop_agb_crit': 2.9612203363792857, 'trop_k_veg': 3.2275783232361537, 'pop_amp': 0.07968133521895249, 'pop_peak': 138.5666774177916, 'pop_sig': 1.7939777322304418, 'fuel_k': 0.14650786496801574, 'fuel_half': 0.4519896382166845}. Best is trial 0 with value: -0.6094076133578652.
[I 2026-08-19 17:14:34,787] Trial 594 finished with value: 0.599792259487794 and parameters: {'k1': 0.004754978246751055, 'D_low': 125.47265400078939, 'k2': 0.013664489373513191, 'D_high': 113157.89894953575, 'fire_exp': 4.109266553377113, 'P_half': 8.714642642860506, 'pre_dampen_half': 5.456100866754032, 'gpp_af': 0.11924572064406169, 'gpp_b': 1.3204893183703147e-05, 'gpp_d': 0.24794935774269883, 'ign_k': 0.18061496961164245, 'ign_c': 41.19746403100808, 'trop_agb_crit': 3.142665750856416, 'trop_k_veg': 2.736662582583233, 'pop_amp': 0.2782255525466902, 'pop_peak': 340.7648899476779, 'pop_sig': 2.2481066179815095, 'fuel_k': 0.06934685185441584, 'fuel_half': 0.20626072729148243}. Best is trial 0 with value: -0.6094076133578652.
[I 2026-08-19 17:14:36,412] Trial 595 finished with value: 0.5934070070727623 and parameters: {'k1': 0.002104554747719512, 'D_low': 1376.0221428045638, 'k2': 0.0068451346153919875, 'D_high': 5171245.43163832, 'fire_exp': 9.379101130362688, 'P_half': 5.373779815641682, 'pre_dampen_half': 26.653511918211294, 'gpp_af': 0.009352452861108416, 'gpp_b': 0.0012608909196671434, 'gpp_d': 0.1994448661502404, 'ign_k': 0.008211222941646217, 'ign_c': 1.6268443727744446, 'trop_agb_crit': 4.079491208757755, 'trop_k_veg': 3.0570195306193733, 'pop_amp': 0.4459481067581927, 'pop_peak': 288.10323123813276, 'pop_sig': 1.2442765095420467, 'fuel_k': 0.4426331613964294, 'fuel_half': 0.10895301392480557}. Best is trial 0 with value: -0.6094076133578652.
[I 2026-08-19 17:14:38,017] Trial 596 finished with value: 0.6445374145881376 and parameters: {'k1': 0.0026078695808957053, 'D_low': 3196.2001197893205, 'k2': 0.011030702563081324, 'D_high': 1120370.0480268202, 'fire_exp': 4.227865937402684, 'P_half': 3.0674625971335194, 'pre_dampen_half': 14.652263444306907, 'gpp_af': 1.3049961289733119, 'gpp_b': 0.00014067581299824323, 'gpp_d': 19.57474508755413, 'ign_k': 6.390612474373397, 'ign_c': 115.55846022089345, 'trop_agb_crit': 6.555259811897108, 'trop_k_veg': 3.3693847217812047, 'pop_amp': 0.044992260267567676, 'pop_peak': 73.77275562928779, 'pop_sig': 0.8551335489807557, 'fuel_k': 0.02323601901140896, 'fuel_half': 1.3280345157638802}. Best is trial 0 with value: -0.6094076133578652.
[I 2026-08-19 17:14:39,628] Trial 597 finished with value: 0.5759549564760553 and parameters: {'k1': 1.438592112202232e-05, 'D_low': 143.51172983465054, 'k2': 0.08049828477003254, 'D_high': 456299.41959731566, 'fire_exp': 3.6654456622335525, 'P_half': 47.21845900625094, 'pre_dampen_half': 0.625829818397145, 'gpp_af': 0.006883904468825679, 'gpp_b': 2.8800024790962847e-05, 'gpp_d': 64.89172225653581, 'ign_k': 0.028252976620408102, 'ign_c': 76.34647754953521, 'trop_agb_crit': 2.84946352830033, 'trop_k_veg': 1.1206308719316525, 'pop_amp': 0.029151324714551632, 'pop_peak': 278.9872400179761, 'pop_sig': 1.1648472927813478, 'fuel_k': 0.09209768904290208, 'fuel_half': 2.2377764336793153}. Best is trial 0 with value: -0.6094076133578652.
[I 2026-08-19 17:14:41,245] Trial 598 finished with value: -0.5638443684209837 and parameters: {'k1': 0.004483397373651103, 'D_low': 2.5266988345208885, 'k2': 0.038310592709473824, 'D_high': 1646476.475449293, 'fire_exp': 9.228425211346885, 'P_half': 34.41697093789356, 'pre_dampen_half': 151.43397133523587, 'gpp_af': 0.08395352454235479, 'gpp_b': 6.464248591177319e-05, 'gpp_d': 1.3255708208834145, 'ign_k': 1.0405295371184236, 'ign_c': 18.26493625892177, 'trop_agb_crit': 2.143862577497421, 'trop_k_veg': 1.8421962716727276, 'pop_amp': 0.13691649758556315, 'pop_peak': 567.5753965673293, 'pop_sig': 1.1613289798388833, 'fuel_k': 0.114718214089175, 'fuel_half': 0.2161570556255646}. Best is trial 0 with value: -0.6094076133578652.
[I 2026-08-19 17:14:42,842] Trial 599 finished with value: 0.47629029835141234 and parameters: {'k1': 0.002414531445202099, 'D_low': 31740.243433750173, 'k2': 0.05685072403237379, 'D_high': 3540432.1412126445, 'fire_exp': 3.0322967240030305, 'P_half': 55.55313360019739, 'pre_dampen_half': 31.00023787003605, 'gpp_af': 0.015398532029420547, 'gpp_b': 8.932950840686024e-05, 'gpp_d': 4.469211979441683, 'ign_k': 6.3719074070356285, 'ign_c': 8.982496282886741, 'trop_agb_crit': 4.115225149556611, 'trop_k_veg': 1.6930658833231014, 'pop_amp': 0.011585906846824196, 'pop_peak': 570.301597470949, 'pop_sig': 1.6513095950293255, 'fuel_k': 0.19171876723778217, 'fuel_half': 0.22409325982445408}. Best is trial 0 with value: -0.6094076133578652.
[I 2026-08-19 17:14:44,422] Trial 600 finished with value: 0.596155907844279 and parameters: {'k1': 0.0036650343599461434, 'D_low': 8.30076614704039, 'k2': 0.012666760533234261, 'D_high': 1405838.0236084335, 'fire_exp': 2.3656346569169613, 'P_half': 82.43622540562006, 'pre_dampen_half': 0.25844759079001706, 'gpp_af': 0.0038847891432187737, 'gpp_b': 0.0001485414328719902, 'gpp_d': 188.2327262816319, 'ign_k': 0.8846991309506768, 'ign_c': 31.307477148655583, 'trop_agb_crit': 8.076670396505868, 'trop_k_veg': 0.8175158711460965, 'pop_amp': 0.214406082930729, 'pop_peak': 22.227600431043943, 'pop_sig': 1.5299861347689794, 'fuel_k': 0.02804511375489634, 'fuel_half': 0.20528317211865613}. Best is trial 0 with value: -0.6094076133578652.
[I 2026-08-19 17:14:46,003] Trial 601 finished with value: 0.46770230346524744 and parameters: {'k1': 0.04352681110550201, 'D_low': 6951.7265399223015, 'k2': 0.0022280557597435607, 'D_high': 7125879.819025169, 'fire_exp': 9.729621792267018, 'P_half': 8.776553286085155, 'pre_dampen_half': 278.26871024708805, 'gpp_af': 0.019300298137310563, 'gpp_b': 2.392689933581354e-05, 'gpp_d': 0.19901895577132084, 'ign_k': 2.5040480008062014, 'ign_c': 7.105088636849653, 'trop_agb_crit': 6.68728679282928, 'trop_k_veg': 1.7237936698809821, 'pop_amp': 0.2456769494098409, 'pop_peak': 576.5330346975907, 'pop_sig': 1.2022596458240207, 'fuel_k': 0.37797852794065506, 'fuel_half': 0.7307226258334236}. Best is trial 0 with value: -0.6094076133578652.
[I 2026-08-19 17:14:47,607] Trial 602 finished with value: 0.45856614463964007 and parameters: {'k1': 0.06671579555299786, 'D_low': 1697.1930921389064, 'k2': 0.04649267007937529, 'D_high': 258198.52258255976, 'fire_exp': 7.0625017427121035, 'P_half': 15.589548122260428, 'pre_dampen_half': 613.9422922204674, 'gpp_af': 0.03088839534698575, 'gpp_b': 0.00011798960138174861, 'gpp_d': 1.9830434501670418, 'ign_k': 0.07650067578723956, 'ign_c': 0.8065627506819752, 'trop_agb_crit': 2.724389634959754, 'trop_k_veg': 2.9358227877617527, 'pop_amp': 2.4453174544954934, 'pop_peak': 477.91352229686555, 'pop_sig': 1.3173031867089848, 'fuel_k': 0.026139875759119403, 'fuel_half': 0.19216908792384801}. Best is trial 0 with value: -0.6094076133578652.
  trial  603/2500  best_overall=0.6094  (16.4 min)
[I 2026-08-19 17:14:49,339] Trial 603 finished with value: 0.5489100164891437 and parameters: {'k1': 0.050506320401478406, 'D_low': 11.385613289768028, 'k2': 0.02676971115072286, 'D_high': 2522484.527503339, 'fire_exp': 7.205819500599011, 'P_half': 13.373407246120186, 'pre_dampen_half': 178.64652796787774, 'gpp_af': 0.035086147611001234, 'gpp_b': 0.0015019177661786552, 'gpp_d': 84.43381135296714, 'ign_k': 0.8037714429413138, 'ign_c': 24.43225200075655, 'trop_agb_crit': 1.0568741018624512, 'trop_k_veg': 2.6715720300331434, 'pop_amp': 0.017663909006348132, 'pop_peak': 921.5242121276456, 'pop_sig': 1.8031387977144882, 'fuel_k': 0.03517477184604511, 'fuel_half': 0.38465974450263457}. Best is trial 0 with value: -0.6094076133578652.
[I 2026-08-19 17:14:50,934] Trial 604 finished with value: 0.5929986092665065 and parameters: {'k1': 0.00029526140666590256, 'D_low': 2.162143243910576, 'k2': 0.00870291580530937, 'D_high': 10716.510778536958, 'fire_exp': 2.562833851773573, 'P_half': 202.65738613479817, 'pre_dampen_half': 0.8279422163449918, 'gpp_af': 0.00903215970940697, 'gpp_b': 1.670586033761701e-05, 'gpp_d': 945.3741501596393, 'ign_k': 0.01735641636728203, 'ign_c': 25.816788876959055, 'trop_agb_crit': 2.143804274578561, 'trop_k_veg': 1.485250226873869, 'pop_amp': 0.002296286143128537, 'pop_peak': 57.14548912413192, 'pop_sig': 1.276632272253558, 'fuel_k': 0.13660762735298368, 'fuel_half': 0.26573909095057313}. Best is trial 0 with value: -0.6094076133578652.
[I 2026-08-19 17:14:52,528] Trial 605 finished with value: 0.4228271580947792 and parameters: {'k1': 0.007277258857311629, 'D_low': 1.884152132960656, 'k2': 0.025382934248680572, 'D_high': 641084.5786626032, 'fire_exp': 2.0636524696357395, 'P_half': 5.175016862136961, 'pre_dampen_half': 0.8923409943454008, 'gpp_af': 0.12571843330076224, 'gpp_b': 1.4409254518710356e-05, 'gpp_d': 43.135716689127186, 'ign_k': 0.42444450966469854, 'ign_c': 0.14419766713749482, 'trop_agb_crit': 8.75884197472588, 'trop_k_veg': 1.5674123796708996, 'pop_amp': 0.019989050253083538, 'pop_peak': 29.60824091038378, 'pop_sig': 1.4511346799818596, 'fuel_k': 0.01652293023664117, 'fuel_half': 0.1414551635452255}. Best is trial 0 with value: -0.6094076133578652.
[I 2026-08-19 17:14:54,161] Trial 606 finished with value: -0.5504998581735903 and parameters: {'k1': 0.04517228370272377, 'D_low': 1.9950119712510563, 'k2': 0.017945895601191517, 'D_high': 3588210.428245386, 'fire_exp': 5.532230261410643, 'P_half': 2.3542884227820218, 'pre_dampen_half': 4.030700980396008, 'gpp_af': 0.4548534053531639, 'gpp_b': 0.00010590244058798242, 'gpp_d': 2.78048739927266, 'ign_k': 6.061267001641491, 'ign_c': 8.494443106240336, 'trop_agb_crit': 1.0527841971983953, 'trop_k_veg': 1.389220070860864, 'pop_amp': 0.07049781052761872, 'pop_peak': 77.4251039674174, 'pop_sig': 1.094510104234652, 'fuel_k': 0.12836098763174797, 'fuel_half': 0.7120802877572304}. Best is trial 0 with value: -0.6094076133578652.
[I 2026-08-19 17:14:55,776] Trial 607 finished with value: 0.630804000294699 and parameters: {'k1': 0.00297009183064923, 'D_low': 3.3398700346822263, 'k2': 0.0018692104483610315, 'D_high': 5486043.059574586, 'fire_exp': 5.841013249933099, 'P_half': 344.8252898871496, 'pre_dampen_half': 0.9071108624563936, 'gpp_af': 0.5830097012171271, 'gpp_b': 0.004445462792342445, 'gpp_d': 26.93558249632993, 'ign_k': 0.42752990416322056, 'ign_c': 38.0365220994941, 'trop_agb_crit': 1.378322383128843, 'trop_k_veg': 2.712529936291042, 'pop_amp': 0.03841900419718723, 'pop_peak': 56.706009750560874, 'pop_sig': 1.5418882680079546, 'fuel_k': 0.7010900097020344, 'fuel_half': 0.10668784515739917}. Best is trial 0 with value: -0.6094076133578652.
