[I 2026-08-19 17:12:37,041] Trial 521 finished with value: 0.4992081237559173 and parameters: {'k1': 2.272576855059529e-05, 'D_low': 15.920532635529488, 'k2': 0.015328310000607307, 'D_high': 441931.9150688185, 'fire_exp': 2.136588999512555, 'P_half': 60.85110763445782, 'pre_dampen_half': 152.72922134869063, 'gpp_af': 0.23554805376522184, 'gpp_b': 7.610437926257144e-05, 'gpp_d': 29.026628528586212, 'ign_k': 0.7039613445338351, 'ign_c': 2.2441284647801854, 'trop_agb_crit': 14.237932644897091, 'trop_k_veg': 1.943142115087752, 'pop_amp': 5.175814008697384, 'pop_peak': 0.2726861971632633, 'pop_sig': 0.31850366465290625, 'fuel_k': 1.071736617168429, 'fuel_half': 7.196930516550327}. Best is trial 0 with value: -0.6094076133578652.
[I 2026-08-19 17:12:38,623] Trial 522 finished with value: 0.596521934497531 and parameters: {'k1': 0.0011560362821176136, 'D_low': 44591.890863902314, 'k2': 0.023298377266415444, 'D_high': 5718402.530824976, 'fire_exp': 1.0270460049678383, 'P_half': 15.511687665903784, 'pre_dampen_half': 0.06237023454979443, 'gpp_af': 2.197186116261781, 'gpp_b': 0.001079921023092279, 'gpp_d': 103.73797324316358, 'ign_k': 0.198380837838533, 'ign_c': 32.04885302995631, 'trop_agb_crit': 6.236398768821863, 'trop_k_veg': 0.5562135537872168, 'pop_amp': 0.005906748137955772, 'pop_peak': 0.5077975457014154, 'pop_sig': 1.2752442654795457, 'fuel_k': 3.949173260257653, 'fuel_half': 77.94713941317892}. Best is trial 0 with value: -0.6094076133578652.
[I 2026-08-19 17:12:40,205] Trial 523 finished with value: 0.5137328583252367 and parameters: {'k1': 6.298890198480525e-05, 'D_low': 1308.7301762295965, 'k2': 0.013436313924673959, 'D_high': 1824844.1985837342, 'fire_exp': 1.5711316004281315, 'P_half': 9.321645726386818, 'pre_dampen_half': 0.6125048664918276, 'gpp_af': 88.6464664535303, 'gpp_b': 0.009966364454543696, 'gpp_d': 13.521008399387672, 'ign_k': 0.11622377681214785, 'ign_c': 0.2166890955386148, 'trop_agb_crit': 16.68819621851617, 'trop_k_veg': 1.5862698371267505, 'pop_amp': 0.006220715827605342, 'pop_peak': 2.4209060916248344, 'pop_sig': 0.7229674755237793, 'fuel_k': 0.44594179813209445, 'fuel_half': 48.42853768940086}. Best is trial 0 with value: -0.6094076133578652.
[I 2026-08-19 17:12:41,807] Trial 524 finished with value: 0.4372470424739866 and parameters: {'k1': 0.016838883123285284, 'D_low': 58.586145953595945, 'k2': 0.0170874684592544, 'D_high': 7875418.632029111, 'fire_exp': 1.510065376555472, 'P_half': 11.021306193804335, 'pre_dampen_half': 3.590618321583902, 'gpp_af': 0.21897666603286828, 'gpp_b': 5.5286874970486376e-05, 'gpp_d': 2.611428018404041, 'ign_k': 5.280413987695926, 'ign_c': 1.9887557587436657, 'trop_agb_crit': 4.745749009372053, 'trop_k_veg': 0.8648975297212139, 'pop_amp': 0.010713750732262581, 'pop_peak': 1.3348940818061454, 'pop_sig': 1.0319654381829586, 'fuel_k': 0.04666731694398229, 'fuel_half': 52.97823140593513}. Best is trial 0 with value: -0.6094076133578652.
  trial  525/2500  best_overall=0.6094  (14.3 min)
[I 2026-08-19 17:12:43,521] Trial 525 finished with value: -0.48553461677317766 and parameters: {'k1': 1.8916787872448245e-05, 'D_low': 33.26666973982974, 'k2': 0.014899312742933293, 'D_high': 322044.45629546704, 'fire_exp': 1.9742076745777655, 'P_half': 5.809680907279542, 'pre_dampen_half': 101.08358164777174, 'gpp_af': 0.695684767926583, 'gpp_b': 0.0003087172465047775, 'gpp_d': 7.955412291231416, 'ign_k': 0.015182633073202414, 'ign_c': 0.4765280744847686, 'trop_agb_crit': 6.819983247586762, 'trop_k_veg': 4.441259164020024, 'pop_amp': 0.16084022085247218, 'pop_peak': 0.2725633698740914, 'pop_sig': 0.28658528519924575, 'fuel_k': 0.1637250138435088, 'fuel_half': 8.551077447653306}. Best is trial 0 with value: -0.6094076133578652.
[I 2026-08-19 17:12:45,079] Trial 526 finished with value: 0.5124662423052927 and parameters: {'k1': 0.009502734204392568, 'D_low': 616.356301681751, 'k2': 0.06670523132505776, 'D_high': 4887079.426736269, 'fire_exp': 1.8227078985793894, 'P_half': 86.73031157865033, 'pre_dampen_half': 0.026783910729491413, 'gpp_af': 1.4395896434377438, 'gpp_b': 6.798111990961006e-05, 'gpp_d': 45.153869635206526, 'ign_k': 0.5563907586261376, 'ign_c': 0.32184318778412796, 'trop_agb_crit': 11.303709084150277, 'trop_k_veg': 1.102747203084444, 'pop_amp': 0.005243247570724507, 'pop_peak': 1.2473514991468113, 'pop_sig': 1.100630279680588, 'fuel_k': 1.0263831659937932, 'fuel_half': 55.152207845652924}. Best is trial 0 with value: -0.6094076133578652.
[I 2026-08-19 17:12:46,670] Trial 527 finished with value: 0.42870553672249123 and parameters: {'k1': 8.624563263163707e-05, 'D_low': 1.6646282980423777, 'k2': 0.04482710301866471, 'D_high': 5223167.333459711, 'fire_exp': 3.2716207875214103, 'P_half': 8.550866920459368, 'pre_dampen_half': 131.67142998668768, 'gpp_af': 0.031468559136943804, 'gpp_b': 3.65680599706254e-05, 'gpp_d': 8.735539080659688, 'ign_k': 0.15705367005897267, 'ign_c': 12.964589994905316, 'trop_agb_crit': 12.859439072430549, 'trop_k_veg': 7.305595790331486, 'pop_amp': 0.6118199401864378, 'pop_peak': 262.99800157949693, 'pop_sig': 0.8603543082637479, 'fuel_k': 0.06691298290129219, 'fuel_half': 10.084295375084045}. Best is trial 0 with value: -0.6094076133578652.
[I 2026-08-19 17:12:48,237] Trial 528 finished with value: 0.4480168156129175 and parameters: {'k1': 4.5812686547868965e-05, 'D_low': 27.079855742602522, 'k2': 0.0016658085899185048, 'D_high': 775626.9043897064, 'fire_exp': 1.785631379943536, 'P_half': 1.2745005780678649, 'pre_dampen_half': 9.737155799575541, 'gpp_af': 2.111003068685349, 'gpp_b': 1.3033255037140638e-05, 'gpp_d': 20.497219269252884, 'ign_k': 0.8353671438748483, 'ign_c': 9.23947192341151, 'trop_agb_crit': 3.9222528369115626, 'trop_k_veg': 5.322557363370986, 'pop_amp': 0.25682122263374263, 'pop_peak': 0.1728733865457103, 'pop_sig': 1.2379201303226381, 'fuel_k': 4.948867845120173, 'fuel_half': 26.700658510250406}. Best is trial 0 with value: -0.6094076133578652.
[I 2026-08-19 17:12:49,822] Trial 529 finished with value: 0.5651644303891485 and parameters: {'k1': 0.0005044223970574325, 'D_low': 1218.6734070526404, 'k2': 2.554202310963513e-05, 'D_high': 4438322.548652201, 'fire_exp': 4.501059655685178, 'P_half': 2.818922500504757, 'pre_dampen_half': 1.1700056400587937, 'gpp_af': 0.005901011024527839, 'gpp_b': 1.307931705185234e-05, 'gpp_d': 0.027371697507255485, 'ign_k': 0.00524757392199695, 'ign_c': 0.37100871309665007, 'trop_agb_crit': 3.2496600256437342, 'trop_k_veg': 0.6073615533629176, 'pop_amp': 6.827361013487032, 'pop_peak': 8.699539468182305, 'pop_sig': 1.4512664529019643, 'fuel_k': 0.014053152361643385, 'fuel_half': 2.1257998401090923}. Best is trial 0 with value: -0.6094076133578652.
[I 2026-08-19 17:12:51,404] Trial 530 finished with value: 0.42159077681888235 and parameters: {'k1': 0.0003027800484381315, 'D_low': 1.2602152760936622, 'k2': 0.005387200861777676, 'D_high': 2468111.007458063, 'fire_exp': 1.4072664256350937, 'P_half': 1.0844162203044634, 'pre_dampen_half': 4.3703466901404, 'gpp_af': 0.5533182810991777, 'gpp_b': 0.00014436970604199718, 'gpp_d': 23.409790120170033, 'ign_k': 0.40410173582166503, 'ign_c': 12.007421114225956, 'trop_agb_crit': 20.233714857232652, 'trop_k_veg': 2.0863560702415986, 'pop_amp': 0.24073604095573847, 'pop_peak': 1.4361517542653948, 'pop_sig': 0.7871256707901911, 'fuel_k': 0.9150212320542582, 'fuel_half': 45.63091173675299}. Best is trial 0 with value: -0.6094076133578652.
[I 2026-08-19 17:12:52,969] Trial 531 finished with value: 0.6445374145881376 and parameters: {'k1': 0.00018685429931969349, 'D_low': 26.280638795203014, 'k2': 0.018190793885285297, 'D_high': 752905.5929343991, 'fire_exp': 1.3549619382025024, 'P_half': 7.840131903923998, 'pre_dampen_half': 0.14146110896467842, 'gpp_af': 36.224687642315544, 'gpp_b': 9.787359797210504e-05, 'gpp_d': 747.1663643622302, 'ign_k': 1.4873988793270803, 'ign_c': 179.11504856416522, 'trop_agb_crit': 5.262160290567304, 'trop_k_veg': 4.08068473459689, 'pop_amp': 0.1610729980157382, 'pop_peak': 0.7762044562511238, 'pop_sig': 0.6387785768997144, 'fuel_k': 2.6356420399884617, 'fuel_half': 13.201657398427809}. Best is trial 0 with value: -0.6094076133578652.
[I 2026-08-19 17:12:54,593] Trial 532 finished with value: 0.554955975557782 and parameters: {'k1': 0.0017935904443148213, 'D_low': 177.70654809884843, 'k2': 0.01607431715429374, 'D_high': 1151826.5665473815, 'fire_exp': 4.137538979861365, 'P_half': 6.132265357995028, 'pre_dampen_half': 0.35845722397981306, 'gpp_af': 0.1609769362396914, 'gpp_b': 7.802367329079944e-05, 'gpp_d': 69.2560549024946, 'ign_k': 0.15080212888596164, 'ign_c': 3.400965829115513, 'trop_agb_crit': 6.733219048078178, 'trop_k_veg': 5.117768858818715, 'pop_amp': 11.144674830915166, 'pop_peak': 4.8865286207040075, 'pop_sig': 1.8090243377566557, 'fuel_k': 0.07774088996310344, 'fuel_half': 3.742474009396218}. Best is trial 0 with value: -0.6094076133578652.
[I 2026-08-19 17:12:56,202] Trial 533 finished with value: 0.579091272191285 and parameters: {'k1': 0.00044044791877334083, 'D_low': 63.3897960151385, 'k2': 0.09668028498587843, 'D_high': 5766970.794193685, 'fire_exp': 1.738756314600008, 'P_half': 1.7653138146666154, 'pre_dampen_half': 35.25028237049998, 'gpp_af': 0.6545379523055554, 'gpp_b': 3.1324004079559024e-05, 'gpp_d': 40.20446700880354, 'ign_k': 0.11436167530441248, 'ign_c': 18.05977175586734, 'trop_agb_crit': 14.416517346949506, 'trop_k_veg': 2.5040059382198057, 'pop_amp': 4.836325677294712, 'pop_peak': 0.3357063208155616, 'pop_sig': 0.9862794672441717, 'fuel_k': 0.7146473606367316, 'fuel_half': 1.833965779072257}. Best is trial 0 with value: -0.6094076133578652.
[I 2026-08-19 17:12:57,835] Trial 534 finished with value: -0.4585325432668828 and parameters: {'k1': 0.0017698041640733632, 'D_low': 321.08703459734625, 'k2': 0.012770001113357857, 'D_high': 5726.519500878741, 'fire_exp': 1.1747699802837615, 'P_half': 2.3079080353179506, 'pre_dampen_half': 6.193202725462823, 'gpp_af': 0.19047128569644728, 'gpp_b': 0.07168933445042316, 'gpp_d': 6.604528644278941, 'ign_k': 0.21788370745230423, 'ign_c': 0.13107018834193454, 'trop_agb_crit': 9.961628979667202, 'trop_k_veg': 1.3716953654007968, 'pop_amp': 0.014859278660523457, 'pop_peak': 0.18691098024221822, 'pop_sig': 1.091776389238733, 'fuel_k': 0.0256714578620754, 'fuel_half': 6.7511523672272515}. Best is trial 0 with value: -0.6094076133578652.
[I 2026-08-19 17:12:59,426] Trial 535 finished with value: 0.43123648361907096 and parameters: {'k1': 0.003464377581112246, 'D_low': 238.92398837223976, 'k2': 0.06251584200174368, 'D_high': 618282.9331472161, 'fire_exp': 1.0214006685234502, 'P_half': 21.769796655356416, 'pre_dampen_half': 4.340453432204285, 'gpp_af': 0.022303163136654466, 'gpp_b': 0.006560491894798639, 'gpp_d': 196.4727011436208, 'ign_k': 4.177262218798225, 'ign_c': 2.7030331791003133, 'trop_agb_crit': 6.121707102720363, 'trop_k_veg': 3.868772093717638, 'pop_amp': 0.0030671767576087292, 'pop_peak': 0.06390564717944795, 'pop_sig': 1.256380030205304, 'fuel_k': 0.020898348944540655, 'fuel_half': 8.441435205362753}. Best is trial 0 with value: -0.6094076133578652.
[I 2026-08-19 17:13:01,018] Trial 536 finished with value: 0.4642983861214427 and parameters: {'k1': 0.0003207957750915917, 'D_low': 77.71788366119252, 'k2': 0.0019965289168925888, 'D_high': 9662068.785719737, 'fire_exp': 3.0064084965157467, 'P_half': 4.849977164756779, 'pre_dampen_half': 0.904027074824235, 'gpp_af': 0.6819232486012307, 'gpp_b': 7.795662669299502e-05, 'gpp_d': 442.6477115449231, 'ign_k': 0.25243005996304885, 'ign_c': 1.6467609781541048, 'trop_agb_crit': 9.631259679296907, 'trop_k_veg': 3.828761615857681, 'pop_amp': 2.942236340081694, 'pop_peak': 1.2045232246566222, 'pop_sig': 0.7697355047930876, 'fuel_k': 0.05110847731510545, 'fuel_half': 15.005662212190462}. Best is trial 0 with value: -0.6094076133578652.
[I 2026-08-19 17:13:02,618] Trial 537 finished with value: 0.5841278255245415 and parameters: {'k1': 0.0005293770465535554, 'D_low': 5.671267457665097, 'k2': 0.0036107803612696527, 'D_high': 105204.18597724734, 'fire_exp': 1.34625416065759, 'P_half': 51.264167496560404, 'pre_dampen_half': 0.03770662863189755, 'gpp_af': 1.129706396786448, 'gpp_b': 0.001546311438725843, 'gpp_d': 605.9885570657132, 'ign_k': 0.4847162441047638, 'ign_c': 32.553995590302954, 'trop_agb_crit': 19.002744088245272, 'trop_k_veg': 2.0797002426820455, 'pop_amp': 0.3978038009797356, 'pop_peak': 11.846248655145567, 'pop_sig': 1.1264096667907986, 'fuel_k': 1.2754654396344596, 'fuel_half': 15.360611740688709}. Best is trial 0 with value: -0.6094076133578652.
  trial  538/2500  best_overall=0.6094  (14.6 min)
[I 2026-08-19 17:13:04,346] Trial 538 finished with value: 0.5716678473169687 and parameters: {'k1': 0.0025458660469865643, 'D_low': 2.710578704589118, 'k2': 0.07847552841917103, 'D_high': 1665276.0016481455, 'fire_exp': 3.532894511352838, 'P_half': 68.57814987964214, 'pre_dampen_half': 0.22197754163762173, 'gpp_af': 0.13624331949379323, 'gpp_b': 0.00010508418801696365, 'gpp_d': 4.811495881755834, 'ign_k': 0.0368600006491351, 'ign_c': 3.9499208324124333, 'trop_agb_crit': 27.189366010321667, 'trop_k_veg': 4.284581805381664, 'pop_amp': 0.06011870386468889, 'pop_peak': 2.0682137340642006, 'pop_sig': 0.7358337515079083, 'fuel_k': 0.5637099955283117, 'fuel_half': 66.37945336670631}. Best is trial 0 with value: -0.6094076133578652.
[I 2026-08-19 17:13:05,942] Trial 539 finished with value: 0.42854916678225163 and parameters: {'k1': 0.016754726585315603, 'D_low': 1371.9874186896686, 'k2': 0.00040141343637387853, 'D_high': 1737845.637466469, 'fire_exp': 1.283329804627332, 'P_half': 267.08743975305265, 'pre_dampen_half': 13.425816834277263, 'gpp_af': 0.00971531301895378, 'gpp_b': 0.0007048815854487115, 'gpp_d': 6.838088725623225, 'ign_k': 6.027157661537879, 'ign_c': 13.85577809559269, 'trop_agb_crit': 21.682932951648336, 'trop_k_veg': 6.069418233002248, 'pop_amp': 0.002108358089015327, 'pop_peak': 201.78312279700782, 'pop_sig': 0.534171395547798, 'fuel_k': 1.0109866094864577, 'fuel_half': 0.3422868364007967}. Best is trial 0 with value: -0.6094076133578652.
[I 2026-08-19 17:13:07,552] Trial 540 finished with value: 0.4830533322961408 and parameters: {'k1': 0.01720430187043565, 'D_low': 7.10947238249054, 'k2': 0.00027258752640435134, 'D_high': 1072044.601830928, 'fire_exp': 1.4226525589379198, 'P_half': 33.958956892508155, 'pre_dampen_half': 0.7045956912752802, 'gpp_af': 0.00146635901911754, 'gpp_b': 3.5119376563194174e-05, 'gpp_d': 888.6555095944277, 'ign_k': 0.7340616585911411, 'ign_c': 0.1745047538454939, 'trop_agb_crit': 3.3792419004474175, 'trop_k_veg': 1.0296350974275192, 'pop_amp': 7.286901648681719, 'pop_peak': 0.15162946203090163, 'pop_sig': 1.0287871186082695, 'fuel_k': 0.19123812281462252, 'fuel_half': 16.89025063471066}. Best is trial 0 with value: -0.6094076133578652.
[I 2026-08-19 17:13:09,121] Trial 541 finished with value: 0.45089089351164835 and parameters: {'k1': 0.0008886774982773799, 'D_low': 8560.261226482411, 'k2': 0.004318433801318329, 'D_high': 896483.5543047279, 'fire_exp': 2.6048540858255267, 'P_half': 14.44485093240438, 'pre_dampen_half': 15.970294414271027, 'gpp_af': 0.06460570715797677, 'gpp_b': 0.0025419818030866987, 'gpp_d': 58.19807848242965, 'ign_k': 0.12889577422073709, 'ign_c': 0.12453479133902132, 'trop_agb_crit': 2.744310173965849, 'trop_k_veg': 1.5692705073559168, 'pop_amp': 0.013914924029815326, 'pop_peak': 0.05442109410517481, 'pop_sig': 1.583889824161851, 'fuel_k': 0.013235666412244707, 'fuel_half': 9.89932581434895}. Best is trial 0 with value: -0.6094076133578652.
[I 2026-08-19 17:13:10,709] Trial 542 finished with value: 0.6905375176402861 and parameters: {'k1': 0.00012794261787210567, 'D_low': 3622.4449330237053, 'k2': 0.00027892649480594386, 'D_high': 492428.4927489214, 'fire_exp': 1.0676093562761428, 'P_half': 148.43059980143371, 'pre_dampen_half': 6.9529227633679, 'gpp_af': 0.07083526308388326, 'gpp_b': 0.0005762002679806996, 'gpp_d': 30.13336886902416, 'ign_k': 0.3653185178321428, 'ign_c': 1.3342210004509572, 'trop_agb_crit': 4.638441250111539, 'trop_k_veg': 6.858569744397524, 'pop_amp': 9.38275048461961, 'pop_peak': 38.70224855356577, 'pop_sig': 0.7960207560521521, 'fuel_k': 0.8352051117682098, 'fuel_half': 0.23990970054099833}. Best is trial 0 with value: -0.6094076133578652.
[I 2026-08-19 17:13:12,300] Trial 543 finished with value: 0.6107773787939894 and parameters: {'k1': 2.6857950792718046e-05, 'D_low': 95.26463346899466, 'k2': 0.005449374561403001, 'D_high': 4810731.541450632, 'fire_exp': 3.1281136225029265, 'P_half': 15.884177732111329, 'pre_dampen_half': 186.31762998527913, 'gpp_af': 0.05859512812282926, 'gpp_b': 1.5327505924007773e-05, 'gpp_d': 237.78948110296395, 'ign_k': 0.06817173397546061, 'ign_c': 61.08999158956979, 'trop_agb_crit': 8.08411283856934, 'trop_k_veg': 1.3335108329459833, 'pop_amp': 2.0434128579704574, 'pop_peak': 1.852228048252799, 'pop_sig': 0.6486560514179992, 'fuel_k': 0.13047478846425062, 'fuel_half': 28.742880421451915}. Best is trial 0 with value: -0.6094076133578652.
[I 2026-08-19 17:13:13,910] Trial 544 finished with value: 0.4453503511064154 and parameters: {'k1': 0.00019734818120453062, 'D_low': 1.7370865188457119, 'k2': 0.010274023465509983, 'D_high': 3349608.521749303, 'fire_exp': 4.0357527743732495, 'P_half': 16.35322549210725, 'pre_dampen_half': 1.6129849268521292, 'gpp_af': 0.2858194128395627, 'gpp_b': 5.174146910934266e-05, 'gpp_d': 349.9188965785383, 'ign_k': 0.2608676776555705, 'ign_c': 7.393781234155071, 'trop_agb_crit': 6.8966609751278325, 'trop_k_veg': 3.4785308571393574, 'pop_amp': 0.4359957071716616, 'pop_peak': 0.1867710182467578, 'pop_sig': 0.9521604862841758, 'fuel_k': 0.6374262445014974, 'fuel_half': 21.601632238675656}. Best is trial 0 with value: -0.6094076133578652.
[I 2026-08-19 17:13:15,477] Trial 545 finished with value: 0.4852251678618529 and parameters: {'k1': 0.0022596899663588276, 'D_low': 32.765373329414935, 'k2': 0.036646518132325424, 'D_high': 4268054.167624279, 'fire_exp': 1.4345949189273197, 'P_half': 78.21713238630366, 'pre_dampen_half': 0.1685005211625581, 'gpp_af': 8.27693292532718, 'gpp_b': 0.0013567501757983486, 'gpp_d': 6.15204580385208, 'ign_k': 0.31794849446116497, 'ign_c': 1.091177722166211, 'trop_agb_crit': 3.970840209195663, 'trop_k_veg': 1.2483725168471465, 'pop_amp': 0.005714334216654443, 'pop_peak': 1.0673177946495236, 'pop_sig': 0.5321030578019953, 'fuel_k': 4.266810152862461, 'fuel_half': 3.548414184372925}. Best is trial 0 with value: -0.6094076133578652.
[I 2026-08-19 17:13:17,069] Trial 546 finished with value: 0.6445374145881376 and parameters: {'k1': 0.014752090430736673, 'D_low': 2846.921607683802, 'k2': 0.02983015690882534, 'D_high': 667.7819648360999, 'fire_exp': 1.4605197179585057, 'P_half': 722.5900037458441, 'pre_dampen_half': 0.8969197424186256, 'gpp_af': 13.222404193840825, 'gpp_b': 0.005567063255040279, 'gpp_d': 15.795497985689192, 'ign_k': 3.0388311173606377, 'ign_c': 0.25859358106301616, 'trop_agb_crit': 1.5426913652262404, 'trop_k_veg': 1.431793296636736, 'pop_amp': 15.44729887842206, 'pop_peak': 10.172947859609291, 'pop_sig': 1.2730956557208946, 'fuel_k': 0.04398538674710116, 'fuel_half': 6.978789899262871}. Best is trial 0 with value: -0.6094076133578652.
[I 2026-08-19 17:13:18,692] Trial 547 finished with value: 0.5464087438624255 and parameters: {'k1': 0.00030705455761478515, 'D_low': 11.688510943384573, 'k2': 0.0007025915838124133, 'D_high': 5845534.430324103, 'fire_exp': 1.9628477854374609, 'P_half': 9.551511753507024, 'pre_dampen_half': 0.2718715507528208, 'gpp_af': 30.756493763008656, 'gpp_b': 0.0004999110676599352, 'gpp_d': 123.10165807997461, 'ign_k': 0.03007789733228494, 'ign_c': 14.532688528800094, 'trop_agb_crit': 4.65385395492912, 'trop_k_veg': 4.580605369106755, 'pop_amp': 0.001025961840420229, 'pop_peak': 2.0265540951492462, 'pop_sig': 1.194578934802431, 'fuel_k': 2.75532751111046, 'fuel_half': 23.485562022872383}. Best is trial 0 with value: -0.6094076133578652.
[I 2026-08-19 17:13:20,286] Trial 548 finished with value: 0.4559717132391157 and parameters: {'k1': 0.00017324300854177315, 'D_low': 371.2491431178322, 'k2': 0.0014395636670951435, 'D_high': 1781301.6334696093, 'fire_exp': 3.3187301058438385, 'P_half': 32.436884941801864, 'pre_dampen_half': 8.166092723975748, 'gpp_af': 0.2681457136885657, 'gpp_b': 0.0008117104715188454, 'gpp_d': 0.9039408982544285, 'ign_k': 0.3279693734368659, 'ign_c': 0.641682587347854, 'trop_agb_crit': 28.63774634192686, 'trop_k_veg': 5.10305346325403, 'pop_amp': 0.008296433740896184, 'pop_peak': 17.980201343508117, 'pop_sig': 1.1781633425543605, 'fuel_k': 0.12583012477578245, 'fuel_half': 5.189371185032769}. Best is trial 0 with value: -0.6094076133578652.
[I 2026-08-19 17:13:21,884] Trial 549 finished with value: 0.4483489461368797 and parameters: {'k1': 1.0198201118169014e-05, 'D_low': 19.058745654182307, 'k2': 0.00017703035511469387, 'D_high': 5238214.333683439, 'fire_exp': 2.3286284218414375, 'P_half': 5.270773283565803, 'pre_dampen_half': 37.58592173201034, 'gpp_af': 0.03580767836429491, 'gpp_b': 3.074549346907982e-05, 'gpp_d': 30.883298482765507, 'ign_k': 0.1415836837987558, 'ign_c': 1.5952327655682164, 'trop_agb_crit': 14.610075654274986, 'trop_k_veg': 2.8972814564321276, 'pop_amp': 3.8263575479136636, 'pop_peak': 0.721494271456709, 'pop_sig': 0.5456622159639013, 'fuel_k': 1.008447234578525, 'fuel_half': 23.60505872531014}. Best is trial 0 with value: -0.6094076133578652.
