[I 2026-08-19 17:04:46,508] Trial 231 finished with value: 0.5357384608024537 and parameters: {'k1': 0.03398812385736157, 'D_low': 2475.281198000752, 'k2': 0.002690681693728778, 'D_high': 1378713.275887475, 'fire_exp': 1.6422003135663432, 'P_half': 39.672599878935124, 'pre_dampen_half': 0.2716097658747439, 'gpp_af': 0.008975404601443538, 'gpp_b': 7.24954741151219e-05, 'gpp_d': 1.6587277068255892, 'ign_k': 0.2821340054467003, 'ign_c': 18.811473184487518, 'trop_agb_crit': 1.5702361419564879, 'trop_k_veg': 0.5870753824188742, 'pop_amp': 0.03414935323338893, 'pop_peak': 0.36415645577699807, 'pop_sig': 0.8588611000875394, 'fuel_k': 0.056096414758009125, 'fuel_half': 46.541855068533145}. Best is trial 0 with value: -0.6094076133578652.
[I 2026-08-19 17:04:48,129] Trial 232 finished with value: 0.42128592656416186 and parameters: {'k1': 0.08974766051419267, 'D_low': 878.2398585512333, 'k2': 0.014319807546977231, 'D_high': 2028025.4715659216, 'fire_exp': 1.0123211373022332, 'P_half': 1.3663113687081165, 'pre_dampen_half': 16.271352271107048, 'gpp_af': 0.001994524155090641, 'gpp_b': 0.0001308015927569594, 'gpp_d': 0.06275402396294687, 'ign_k': 0.10194704393211669, 'ign_c': 5.472835400511772, 'trop_agb_crit': 6.9764545269863705, 'trop_k_veg': 0.6530234065017796, 'pop_amp': 0.004909492366749185, 'pop_peak': 0.12434834428651294, 'pop_sig': 1.0806475882783726, 'fuel_k': 0.041830818300395506, 'fuel_half': 27.727274485070264}. Best is trial 0 with value: -0.6094076133578652.
[I 2026-08-19 17:04:49,778] Trial 233 finished with value: 0.5515539599838528 and parameters: {'k1': 3.7137964679177794e-05, 'D_low': 9.748930790236951, 'k2': 2.288725426989946e-05, 'D_high': 2963.0397471217525, 'fire_exp': 1.6321248109752113, 'P_half': 57.14309591228694, 'pre_dampen_half': 216.25512859663985, 'gpp_af': 0.0030953679662673803, 'gpp_b': 3.815333623390251e-05, 'gpp_d': 0.05598011102512082, 'ign_k': 8.955557221031258, 'ign_c': 2.8404627445923514, 'trop_agb_crit': 5.28829599110077, 'trop_k_veg': 3.1538933056812177, 'pop_amp': 0.022137887223101383, 'pop_peak': 3.352086308189507, 'pop_sig': 2.3421373825079947, 'fuel_k': 0.14664202657228598, 'fuel_half': 1.3787599026315376}. Best is trial 0 with value: -0.6094076133578652.
[I 2026-08-19 17:04:51,382] Trial 234 finished with value: 0.4951320550203635 and parameters: {'k1': 0.0255206753314868, 'D_low': 243.19519847737178, 'k2': 3.032266715350404e-05, 'D_high': 1750653.6197292986, 'fire_exp': 2.752825289789443, 'P_half': 9.524282080469021, 'pre_dampen_half': 0.11492889843059699, 'gpp_af': 0.001467536696388287, 'gpp_b': 1.463765560112123e-05, 'gpp_d': 303.8546953681936, 'ign_k': 4.686339732541386, 'ign_c': 0.10256076195117496, 'trop_agb_crit': 1.061699976194821, 'trop_k_veg': 1.6992177460150153, 'pop_amp': 0.4624879837350053, 'pop_peak': 11.366324929717246, 'pop_sig': 0.7818829746011297, 'fuel_k': 0.5318098953544454, 'fuel_half': 14.499759265436447}. Best is trial 0 with value: -0.6094076133578652.
[I 2026-08-19 17:04:53,011] Trial 235 finished with value: 0.4646802509800819 and parameters: {'k1': 0.0004687698155072451, 'D_low': 7941.04840261325, 'k2': 0.0039356870137794925, 'D_high': 3647708.8268773253, 'fire_exp': 1.8000771736576635, 'P_half': 19.402114139627646, 'pre_dampen_half': 3.2967348545950315, 'gpp_af': 0.6027368790095534, 'gpp_b': 0.029107796395520445, 'gpp_d': 56.953488110997434, 'ign_k': 0.2659637264652725, 'ign_c': 2.306223016790891, 'trop_agb_crit': 7.5141678293657055, 'trop_k_veg': 0.7820990588403487, 'pop_amp': 0.0028191207327945417, 'pop_peak': 0.5691225271860022, 'pop_sig': 1.2410901152943061, 'fuel_k': 4.469287555759493, 'fuel_half': 70.28615141708565}. Best is trial 0 with value: -0.6094076133578652.
[I 2026-08-19 17:04:54,605] Trial 236 finished with value: 0.4165324887258217 and parameters: {'k1': 0.06715402364329479, 'D_low': 692.1872289141428, 'k2': 0.0015591328426542757, 'D_high': 452520.93256099755, 'fire_exp': 1.045888851567135, 'P_half': 1.4079122601492189, 'pre_dampen_half': 2.589609213643731, 'gpp_af': 0.01231046491726713, 'gpp_b': 3.4319081043687584e-05, 'gpp_d': 1.2715520527224513, 'ign_k': 0.04907173717232337, 'ign_c': 0.8808831375177658, 'trop_agb_crit': 7.055748695943941, 'trop_k_veg': 1.471450428587938, 'pop_amp': 0.011009397014360236, 'pop_peak': 0.1297160942810632, 'pop_sig': 1.5011784722399724, 'fuel_k': 0.06115626635932077, 'fuel_half': 1.170710296203486}. Best is trial 0 with value: -0.6094076133578652.
[I 2026-08-19 17:04:56,218] Trial 237 finished with value: 0.5349810055018774 and parameters: {'k1': 0.03623794112982615, 'D_low': 3053.9276251004967, 'k2': 0.0071839777058556875, 'D_high': 306052.56004211964, 'fire_exp': 1.104918054428153, 'P_half': 729.1498846636651, 'pre_dampen_half': 0.09260451929280976, 'gpp_af': 3.183322471147777, 'gpp_b': 0.0001380350029371968, 'gpp_d': 44.46391600668948, 'ign_k': 7.57848357660134, 'ign_c': 1.6047728063978537, 'trop_agb_crit': 2.044918565581488, 'trop_k_veg': 1.0290009291773097, 'pop_amp': 0.3184881770211534, 'pop_peak': 0.07326768095078084, 'pop_sig': 1.193403037608739, 'fuel_k': 0.012484091838057326, 'fuel_half': 63.07802005895277}. Best is trial 0 with value: -0.6094076133578652.
[I 2026-08-19 17:04:57,836] Trial 238 finished with value: 0.444738844480845 and parameters: {'k1': 0.07399686509228354, 'D_low': 8.12736964770089, 'k2': 0.0055555806789001775, 'D_high': 44348.18940269848, 'fire_exp': 1.2091547787959094, 'P_half': 16.972683068620004, 'pre_dampen_half': 1.8235160482700363, 'gpp_af': 0.007156764871111043, 'gpp_b': 0.0002885923518306824, 'gpp_d': 1.3666795315141032, 'ign_k': 1.6498247095683394, 'ign_c': 1.1322344203472015, 'trop_agb_crit': 9.216233582926803, 'trop_k_veg': 2.603437767442858, 'pop_amp': 0.00864409599980138, 'pop_peak': 0.06802816841608411, 'pop_sig': 1.5278588547535843, 'fuel_k': 0.533859769255391, 'fuel_half': 28.883634372008064}. Best is trial 0 with value: -0.6094076133578652.
[I 2026-08-19 17:04:59,410] Trial 239 finished with value: 0.5673075405484485 and parameters: {'k1': 5.076514915897557e-05, 'D_low': 14325.27402966592, 'k2': 0.00014472728823132958, 'D_high': 21094.346857975386, 'fire_exp': 1.585951655197919, 'P_half': 246.26967581557076, 'pre_dampen_half': 8.523485525427875, 'gpp_af': 0.06550119267755243, 'gpp_b': 1.989426300840415e-05, 'gpp_d': 0.2522943987993695, 'ign_k': 8.530003864899724, 'ign_c': 10.313417165710266, 'trop_agb_crit': 19.607523653702188, 'trop_k_veg': 6.965217460212169, 'pop_amp': 0.02745296128505407, 'pop_peak': 0.24300121562098978, 'pop_sig': 1.7799121248864687, 'fuel_k': 0.6719677413930284, 'fuel_half': 0.8974308496363341}. Best is trial 0 with value: -0.6094076133578652.
[I 2026-08-19 17:05:01,013] Trial 240 finished with value: 0.6432530737488021 and parameters: {'k1': 0.0009998896146058145, 'D_low': 4.598469968305886, 'k2': 0.00026902185089385796, 'D_high': 11743.097961737321, 'fire_exp': 2.199729711905754, 'P_half': 20.19251930148645, 'pre_dampen_half': 3.4669152677216966, 'gpp_af': 0.2085082897308336, 'gpp_b': 0.0001710365870611255, 'gpp_d': 12.807196417352241, 'ign_k': 0.4794380903665543, 'ign_c': 59.986302967042676, 'trop_agb_crit': 2.516713329986037, 'trop_k_veg': 0.9374823949868436, 'pop_amp': 0.11231380905309744, 'pop_peak': 3.1677962296782582, 'pop_sig': 2.230219352271012, 'fuel_k': 0.023966327717593137, 'fuel_half': 5.788118419652413}. Best is trial 0 with value: -0.6094076133578652.
[I 2026-08-19 17:05:02,659] Trial 241 finished with value: -0.5099788634436201 and parameters: {'k1': 0.010608942652238017, 'D_low': 498.5975839148646, 'k2': 0.004859481429320764, 'D_high': 2503062.1317820963, 'fire_exp': 1.1243496343193076, 'P_half': 39.72505502863465, 'pre_dampen_half': 1.0551600806237342, 'gpp_af': 0.06871957275530936, 'gpp_b': 3.190664939101389e-05, 'gpp_d': 0.010952429088428181, 'ign_k': 6.8527737222155745, 'ign_c': 0.29325986137857785, 'trop_agb_crit': 2.0222578371683766, 'trop_k_veg': 0.6615410658049939, 'pop_amp': 0.19976288352996668, 'pop_peak': 0.41927710905190735, 'pop_sig': 1.173618981607149, 'fuel_k': 0.06866195148883734, 'fuel_half': 3.1274625636527986}. Best is trial 0 with value: -0.6094076133578652.
  trial  242/2500  best_overall=0.6094  (6.6 min)
[I 2026-08-19 17:05:04,331] Trial 242 finished with value: 0.4261122869326984 and parameters: {'k1': 0.003966568773877497, 'D_low': 112.42870346401004, 'k2': 0.010755218520326617, 'D_high': 6744362.23321515, 'fire_exp': 1.192683177148612, 'P_half': 37.66992057973996, 'pre_dampen_half': 1.448846309765465, 'gpp_af': 0.027009751056491796, 'gpp_b': 3.467354822907458e-05, 'gpp_d': 0.14018632205724563, 'ign_k': 4.3816207193779135, 'ign_c': 1.1056222936063553, 'trop_agb_crit': 1.7926429628732594, 'trop_k_veg': 0.6671163558062299, 'pop_amp': 0.03028568376764527, 'pop_peak': 0.10863788231907591, 'pop_sig': 1.0682929986640644, 'fuel_k': 0.07851846555879119, 'fuel_half': 1.7600860504912752}. Best is trial 0 with value: -0.6094076133578652.
[I 2026-08-19 17:05:05,922] Trial 243 finished with value: 0.44991690564453923 and parameters: {'k1': 0.0002817932787409072, 'D_low': 4586.141156927491, 'k2': 2.9458393753455624e-05, 'D_high': 8366469.5476603415, 'fire_exp': 1.4954571921444448, 'P_half': 123.91373555419597, 'pre_dampen_half': 1.609293798670855, 'gpp_af': 0.010626780668840449, 'gpp_b': 0.0007069041485213713, 'gpp_d': 5.850574420139968, 'ign_k': 0.45610039114177725, 'ign_c': 0.7438345195716425, 'trop_agb_crit': 5.082498973711059, 'trop_k_veg': 2.008556399158085, 'pop_amp': 0.06784312190624239, 'pop_peak': 2.9390771657675416, 'pop_sig': 1.6602868091126441, 'fuel_k': 0.9719610483255865, 'fuel_half': 2.8567875828293974}. Best is trial 0 with value: -0.6094076133578652.
[I 2026-08-19 17:05:07,565] Trial 244 finished with value: 0.49121885102772 and parameters: {'k1': 0.02641993382573999, 'D_low': 7963.331680122002, 'k2': 0.0037618814199115403, 'D_high': 2267375.4347588136, 'fire_exp': 1.161202126894994, 'P_half': 42.72731319592376, 'pre_dampen_half': 0.06161848220052707, 'gpp_af': 0.03362051229293907, 'gpp_b': 0.00037750889535916775, 'gpp_d': 0.06798871468275391, 'ign_k': 5.8980631572568685, 'ign_c': 0.13267777946052167, 'trop_agb_crit': 2.314493916482358, 'trop_k_veg': 0.6567561481534686, 'pop_amp': 1.117398464666583, 'pop_peak': 0.36194131321249395, 'pop_sig': 2.0217485492082994, 'fuel_k': 0.04658070043932622, 'fuel_half': 7.333018031550589}. Best is trial 0 with value: -0.6094076133578652.
[I 2026-08-19 17:05:09,186] Trial 245 finished with value: 0.45798240166276727 and parameters: {'k1': 0.0002248286100365594, 'D_low': 37133.05083860835, 'k2': 0.0005034701255541021, 'D_high': 176633.74235635152, 'fire_exp': 1.087560386401245, 'P_half': 124.82840556885857, 'pre_dampen_half': 12.60250169661576, 'gpp_af': 0.1789360230944227, 'gpp_b': 0.0007385975323620302, 'gpp_d': 2.712063439107606, 'ign_k': 1.052603170240803, 'ign_c': 9.060401556839297, 'trop_agb_crit': 12.550471903030392, 'trop_k_veg': 3.023076370374518, 'pop_amp': 0.01080716274219084, 'pop_peak': 0.842741469864905, 'pop_sig': 2.309048836460016, 'fuel_k': 0.6405920560126673, 'fuel_half': 0.3510027259418865}. Best is trial 0 with value: -0.6094076133578652.
[I 2026-08-19 17:05:10,807] Trial 246 finished with value: 0.4299770004633048 and parameters: {'k1': 0.027837117124923105, 'D_low': 177.5208807762794, 'k2': 0.0034789037089457183, 'D_high': 6893162.032359832, 'fire_exp': 1.000420689483924, 'P_half': 16.129733860088603, 'pre_dampen_half': 24.24126014591423, 'gpp_af': 0.10308085399152944, 'gpp_b': 0.002708847339188798, 'gpp_d': 0.7740507893504841, 'ign_k': 0.03272915219041759, 'ign_c': 1.6160371439091443, 'trop_agb_crit': 3.536353536232397, 'trop_k_veg': 4.139757664052695, 'pop_amp': 0.0010467967976617242, 'pop_peak': 4.655901125935381, 'pop_sig': 1.4166941059624842, 'fuel_k': 0.1470960140150542, 'fuel_half': 13.34154003800484}. Best is trial 0 with value: -0.6094076133578652.
[I 2026-08-19 17:05:12,435] Trial 247 finished with value: 0.6401664104823844 and parameters: {'k1': 0.002081191352413613, 'D_low': 316827.5735743698, 'k2': 4.9833854954393545e-05, 'D_high': 3653610.106198085, 'fire_exp': 1.0420635719837263, 'P_half': 395.8516227069881, 'pre_dampen_half': 47.614428826666376, 'gpp_af': 0.03161399493426096, 'gpp_b': 0.00011087790531657908, 'gpp_d': 4.055899726289861, 'ign_k': 9.141597319088953, 'ign_c': 17.116560663711454, 'trop_agb_crit': 19.47136933834934, 'trop_k_veg': 1.5717616299700077, 'pop_amp': 0.004720063396016314, 'pop_peak': 178.5444854968626, 'pop_sig': 0.7663549472258717, 'fuel_k': 0.11947967594515181, 'fuel_half': 0.4563651088992968}. Best is trial 0 with value: -0.6094076133578652.
[I 2026-08-19 17:05:14,057] Trial 248 finished with value: 0.46983835726308665 and parameters: {'k1': 1.639636354496529e-05, 'D_low': 983.1286187462548, 'k2': 4.862736811134489e-05, 'D_high': 445497.64958796796, 'fire_exp': 2.6333935002992055, 'P_half': 50.776233150518536, 'pre_dampen_half': 6.4373608634226755, 'gpp_af': 0.009573085616503437, 'gpp_b': 3.9146426461507134e-05, 'gpp_d': 0.9960233679245658, 'ign_k': 4.866814497084975, 'ign_c': 1.777257144741035, 'trop_agb_crit': 9.217614145222042, 'trop_k_veg': 1.539169125793838, 'pop_amp': 0.36618711310790314, 'pop_peak': 5.627388232675936, 'pop_sig': 1.951691139026073, 'fuel_k': 0.4368014123842959, 'fuel_half': 0.7648235016352738}. Best is trial 0 with value: -0.6094076133578652.
[I 2026-08-19 17:05:15,706] Trial 249 finished with value: 0.6383240353021684 and parameters: {'k1': 0.029870384690800104, 'D_low': 34116.68221000977, 'k2': 0.0027254406653899545, 'D_high': 43751.14404068307, 'fire_exp': 1.6521630152060256, 'P_half': 164.69320609228723, 'pre_dampen_half': 0.1063158661697041, 'gpp_af': 21.527765838859008, 'gpp_b': 0.0012563298019941818, 'gpp_d': 0.1811550288928254, 'ign_k': 1.3592662138021094, 'ign_c': 0.14725641890484217, 'trop_agb_crit': 2.971589571981284, 'trop_k_veg': 1.3647358387011117, 'pop_amp': 1.4950537034007347, 'pop_peak': 0.43772986713480067, 'pop_sig': 0.49336734143560607, 'fuel_k': 0.01647713813096462, 'fuel_half': 17.703115913257847}. Best is trial 0 with value: -0.6094076133578652.
[I 2026-08-19 17:05:17,330] Trial 250 finished with value: 0.5384167925998578 and parameters: {'k1': 0.0032995542716998997, 'D_low': 73.70017712462476, 'k2': 0.012328713052707437, 'D_high': 7894998.522268055, 'fire_exp': 1.4903884724132563, 'P_half': 3.197429838792044, 'pre_dampen_half': 12.510250949449796, 'gpp_af': 1.9639518406533547, 'gpp_b': 0.004521131481155383, 'gpp_d': 0.04749116936085847, 'ign_k': 2.458604660615055, 'ign_c': 1.6348148510733986, 'trop_agb_crit': 9.492154781086281, 'trop_k_veg': 0.559692454651854, 'pop_amp': 0.08782990296235665, 'pop_peak': 10.688190041458697, 'pop_sig': 1.394852543417175, 'fuel_k': 0.048238591651057636, 'fuel_half': 4.505795706039857}. Best is trial 0 with value: -0.6094076133578652.
[I 2026-08-19 17:05:18,972] Trial 251 finished with value: 0.5890657110156498 and parameters: {'k1': 1.6478501910606816e-05, 'D_low': 3674.6335396830214, 'k2': 7.125856870590061e-05, 'D_high': 3891308.196271846, 'fire_exp': 1.144569090342549, 'P_half': 2261.1315642607124, 'pre_dampen_half': 3.8125052845872185, 'gpp_af': 0.004808155427147222, 'gpp_b': 0.018198872355899853, 'gpp_d': 267.7968324886722, 'ign_k': 0.01764935943286691, 'ign_c': 2.084300944706936, 'trop_agb_crit': 20.34983515624927, 'trop_k_veg': 4.7041012973572505, 'pop_amp': 0.44211518893894003, 'pop_peak': 78.6021064441635, 'pop_sig': 0.35931812098344607, 'fuel_k': 1.083940227673578, 'fuel_half': 0.21665983323700863}. Best is trial 0 with value: -0.6094076133578652.
[I 2026-08-19 17:05:20,564] Trial 252 finished with value: -0.5032909707167498 and parameters: {'k1': 0.00018420739285433455, 'D_low': 4790.246657356983, 'k2': 3.674519235179435e-05, 'D_high': 21683.48921102394, 'fire_exp': 1.1979105735573434, 'P_half': 40.0662988982217, 'pre_dampen_half': 22.189917937373227, 'gpp_af': 0.0027318257478971216, 'gpp_b': 1.2094711073330068e-05, 'gpp_d': 0.02670153199042613, 'ign_k': 6.410519761028544, 'ign_c': 9.358722979427387, 'trop_agb_crit': 4.512785559438256, 'trop_k_veg': 2.3281057257436366, 'pop_amp': 0.0023723025049090796, 'pop_peak': 1.048573683352319, 'pop_sig': 1.9893520250610894, 'fuel_k': 0.08290519568150394, 'fuel_half': 0.3022885404218539}. Best is trial 0 with value: -0.6094076133578652.
[I 2026-08-19 17:05:22,175] Trial 253 finished with value: -0.5569205922859567 and parameters: {'k1': 0.01912287705108886, 'D_low': 90.01728425280646, 'k2': 0.00040889490343424287, 'D_high': 132597.94251099924, 'fire_exp': 2.6105259357859754, 'P_half': 1.686555000898627, 'pre_dampen_half': 0.5738608219563393, 'gpp_af': 0.04023125173307304, 'gpp_b': 1.036032388376361e-05, 'gpp_d': 50.930795615105254, 'ign_k': 1.5480418952221764, 'ign_c': 0.1775975369420598, 'trop_agb_crit': 1.3539622725544496, 'trop_k_veg': 1.3129508994120571, 'pop_amp': 1.8219282981669365, 'pop_peak': 0.16142762879632033, 'pop_sig': 0.9098614042249419, 'fuel_k': 0.09242445966390199, 'fuel_half': 8.207836139680943}. Best is trial 0 with value: -0.6094076133578652.
[I 2026-08-19 17:05:23,773] Trial 254 finished with value: 0.5985613100672613 and parameters: {'k1': 5.9925333577737454e-05, 'D_low': 181408.83217755397, 'k2': 0.00010266351935116768, 'D_high': 26828.659294719007, 'fire_exp': 1.5829793255070517, 'P_half': 19.177340173448062, 'pre_dampen_half': 98.68496958118754, 'gpp_af': 0.010831794651192325, 'gpp_b': 0.00010110177967519723, 'gpp_d': 0.028774250527863064, 'ign_k': 1.1732563298081597, 'ign_c': 4.903172355589436, 'trop_agb_crit': 3.6529684841035364, 'trop_k_veg': 1.7291969625084493, 'pop_amp': 0.018697814433896086, 'pop_peak': 1.1686853589329558, 'pop_sig': 2.164414440876416, 'fuel_k': 0.07544290489979841, 'fuel_half': 1.3481931187089358}. Best is trial 0 with value: -0.6094076133578652.
  trial  255/2500  best_overall=0.6094  (7.0 min)
[I 2026-08-19 17:05:25,510] Trial 255 finished with value: 0.5606941857698011 and parameters: {'k1': 0.00020357603112360534, 'D_low': 3588.2490696369227, 'k2': 8.202554754693519e-05, 'D_high': 19028.00338349123, 'fire_exp': 1.0489145352366582, 'P_half': 14.489566393132707, 'pre_dampen_half': 88.07129886920544, 'gpp_af': 0.03812763511336627, 'gpp_b': 1.3239093045083665e-05, 'gpp_d': 0.012824029392478418, 'ign_k': 1.8163495955519684, 'ign_c': 10.757820330459781, 'trop_agb_crit': 9.228392597927915, 'trop_k_veg': 1.289010569990896, 'pop_amp': 0.0010128833964280768, 'pop_peak': 0.6792628343420757, 'pop_sig': 1.8996773272650112, 'fuel_k': 0.04483656018860846, 'fuel_half': 0.5863442976107973}. Best is trial 0 with value: -0.6094076133578652.
[I 2026-08-19 17:05:27,656] Trial 256 finished with value: 0.5757209441944833 and parameters: {'k1': 0.0033779431740609536, 'D_low': 11004.327310720444, 'k2': 0.014995621949774733, 'D_high': 93169.58322488487, 'fire_exp': 4.173912028965805, 'P_half': 68.47590763432305, 'pre_dampen_half': 0.35504925121855657, 'gpp_af': 58.09226381403292, 'gpp_b': 0.00020788088423326698, 'gpp_d': 15.53930442396919, 'ign_k': 2.858085229100917, 'ign_c': 1.124795388565149, 'trop_agb_crit': 7.673311304756329, 'trop_k_veg': 0.6049071289586135, 'pop_amp': 1.4328929823559378, 'pop_peak': 0.2519268372117258, 'pop_sig': 1.2050150164950773, 'fuel_k': 0.07892717601565359, 'fuel_half': 1.9407711617790966}. Best is trial 0 with value: -0.6094076133578652.
[I 2026-08-19 17:05:29,426] Trial 257 finished with value: 0.5757193319596576 and parameters: {'k1': 0.011129453985914585, 'D_low': 391.14065547832206, 'k2': 0.000836111374455675, 'D_high': 12739.130796886086, 'fire_exp': 2.8398231861987213, 'P_half': 4.8378256037731395, 'pre_dampen_half': 0.813333691848267, 'gpp_af': 0.0344482550221725, 'gpp_b': 7.094530676588858e-05, 'gpp_d': 23.930266477683578, 'ign_k': 2.792202604563712, 'ign_c': 0.19273346425397656, 'trop_agb_crit': 1.5009885760049009, 'trop_k_veg': 1.0024240486786744, 'pop_amp': 0.11287574779022189, 'pop_peak': 0.08826344685541299, 'pop_sig': 0.4470066137554301, 'fuel_k': 0.03303620056086683, 'fuel_half': 50.81500103866582}. Best is trial 0 with value: -0.6094076133578652.
[I 2026-08-19 17:05:31,151] Trial 258 finished with value: 0.5091442415910772 and parameters: {'k1': 0.035356292479902886, 'D_low': 446.2044117278897, 'k2': 0.09335410948601558, 'D_high': 2533613.1891192514, 'fire_exp': 2.0874056316795846, 'P_half': 245.13591148738703, 'pre_dampen_half': 0.2578015832747916, 'gpp_af': 1.5647172783739314, 'gpp_b': 0.002854418062210294, 'gpp_d': 51.76892062002678, 'ign_k': 5.325655822402947, 'ign_c': 0.19492721858150672, 'trop_agb_crit': 4.37567663380071, 'trop_k_veg': 1.290782338816267, 'pop_amp': 0.2356917800298294, 'pop_peak': 10.961903742817736, 'pop_sig': 1.0824271753256445, 'fuel_k': 0.01288117104188414, 'fuel_half': 8.08047560263014}. Best is trial 0 with value: -0.6094076133578652.
[I 2026-08-19 17:05:32,977] Trial 259 finished with value: 0.585286203751086 and parameters: {'k1': 0.022155124367769986, 'D_low': 32919.50713178232, 'k2': 0.0037859887590194347, 'D_high': 7282149.046858441, 'fire_exp': 2.0784242974604266, 'P_half': 207.92119580862948, 'pre_dampen_half': 0.11689569418641074, 'gpp_af': 6.832761569413208, 'gpp_b': 9.949293088738698e-05, 'gpp_d': 0.3555488114421343, 'ign_k': 4.309758332314825, 'ign_c': 0.4143038188259829, 'trop_agb_crit': 2.4268338651810084, 'trop_k_veg': 0.7070250954446973, 'pop_amp': 3.79868543402502, 'pop_peak': 0.22011146108804636, 'pop_sig': 0.6980064902344013, 'fuel_k': 0.29265611528961655, 'fuel_half': 73.33387284336656}. Best is trial 0 with value: -0.6094076133578652.
