[I 2026-08-20 01:14:44,737] Trial 2499 finished with value: 0.6445374145881376 and parameters: {'k1': 0.004272468820198737, 'D_low': 164.6983605764673, 'k2': 0.02767190938571082, 'D_high': 121.74855439461183, 'fire_exp': 1.9245469150124783, 'P_half': 113.94915521420806, 'pre_dampen_half': 0.25592615128196594, 'gpp_af': 0.0032314833382060667, 'gpp_b': 7.280964972335817, 'gpp_d': 540.6789366566587, 'ign_k': 0.00243444945381874, 'ign_c': 0.25036402274621494, 'trop_agb_crit': 13.806763931562568, 'trop_k_veg': 7.532750541094739}. Best is trial 1285 with value: -0.6015874360929447.
[setup] COUPLING-READY: climate (D_bar/T_air/P_*) + GPP all from global_baseline_modelC_inputs_1997-2016.nc ...
[fuel] FUEL_WINDOW=60 months, causal trailing mean, 48 months of spin-up ahead of the fit window
[setup] loading GFED5 reference from burntArea.nc ...
[setup] land cells (GFED5 burnable): 13916 / 64800 (21.5%)
[setup] GFED5 land-mean monthly frac: 0.005068
[opt] warm-start from params.coupledFW.json
[warm] Overall=0.5989  bias=0.6860 rmse=0.3696 seas=0.8006 spatial=0.7688
[opt] sampler=TPESampler seed=42
[opt] running 2500 trials against GFED5 ...
  trial    9/2500  best_overall=0.5989  (0.4 min)
  trial   18/2500  best_overall=0.5989  (0.7 min)
  trial   26/2500  best_overall=0.5989  (1.1 min)
  trial   34/2500  best_overall=0.5989  (1.4 min)
  trial   42/2500  best_overall=0.5989  (1.8 min)
  trial   50/2500  best_overall=0.5989  (2.1 min)
  trial   58/2500  best_overall=0.5989  (2.4 min)
  trial   66/2500  best_overall=0.5989  (2.8 min)
  trial   74/2500  best_overall=0.5989  (3.1 min)
  trial   83/2500  best_overall=0.5989  (3.5 min)
  trial   92/2500  best_overall=0.5989  (3.8 min)
  trial  101/2500  best_overall=0.5989  (4.2 min)
  trial  110/2500  best_overall=0.5989  (4.6 min)
  trial  118/2500  best_overall=0.5989  (4.9 min)
  trial  126/2500  best_overall=0.5989  (5.3 min)
  trial  134/2500  best_overall=0.5989  (5.6 min)
  trial  142/2500  best_overall=0.5989  (6.0 min)
  trial  151/2500  best_overall=0.5989  (6.4 min)
  trial  159/2500  best_overall=0.5989  (6.7 min)
  trial  168/2500  best_overall=0.5989  (7.1 min)
  trial  177/2500  best_overall=0.5989  (7.4 min)
  trial  186/2500  best_overall=0.5989  (7.8 min)
  trial  194/2500  best_overall=0.5989  (8.2 min)
  trial  202/2500  best_overall=0.5989  (8.5 min)
  trial  211/2500  best_overall=0.5989  (8.8 min)
  trial  220/2500  best_overall=0.5989  (9.2 min)
  trial  229/2500  best_overall=0.5989  (9.6 min)
  trial  237/2500  best_overall=0.5989  (9.9 min)
  trial  245/2500  best_overall=0.5989  (10.3 min)
  trial  253/2500  best_overall=0.5989  (10.6 min)
  trial  262/2500  best_overall=0.5989  (11.0 min)
  trial  270/2500  best_overall=0.5989  (11.3 min)
  trial  279/2500  best_overall=0.5989  (11.7 min)
  trial  287/2500  best_overall=0.5989  (12.0 min)
  trial  296/2500  best_overall=0.5989  (12.4 min)
  trial  304/2500  best_overall=0.5989  (12.7 min)
  trial  312/2500  best_overall=0.5989  (13.0 min)
  trial  321/2500  best_overall=0.5989  (13.4 min)
  trial  330/2500  best_overall=0.5989  (13.8 min)
  trial  338/2500  best_overall=0.5989  (14.1 min)
  trial  347/2500  best_overall=0.5989  (14.5 min)
  trial  356/2500  best_overall=0.5989  (14.9 min)
  trial  364/2500  best_overall=0.5989  (15.2 min)
  trial  373/2500  best_overall=0.5989  (15.6 min)
  trial  382/2500  best_overall=0.5989  (15.9 min)
  trial  391/2500  best_overall=0.5989  (16.3 min)
  trial  400/2500  best_overall=0.5989  (16.7 min)
  trial  409/2500  best_overall=0.5989  (17.0 min)
  trial  417/2500  best_overall=0.5989  (17.4 min)
  trial  426/2500  best_overall=0.5989  (17.7 min)
  trial  434/2500  best_overall=0.5989  (18.1 min)
  trial  443/2500  best_overall=0.5989  (18.4 min)
  trial  452/2500  best_overall=0.5989  (18.8 min)
  trial  460/2500  best_overall=0.5989  (19.2 min)
  trial  469/2500  best_overall=0.5989  (19.5 min)
  trial  478/2500  best_overall=0.5989  (19.9 min)
  trial  487/2500  best_overall=0.5989  (20.3 min)
  trial  495/2500  best_overall=0.5989  (20.6 min)
  trial  504/2500  best_overall=0.5989  (21.0 min)
  trial  513/2500  best_overall=0.5989  (21.3 min)
  trial  521/2500  best_overall=0.5989  (21.7 min)
  trial  529/2500  best_overall=0.5989  (22.0 min)
  trial  538/2500  best_overall=0.5989  (22.4 min)
  trial  547/2500  best_overall=0.5989  (22.8 min)
  trial  555/2500  best_overall=0.5989  (23.1 min)
  trial  564/2500  best_overall=0.5989  (23.5 min)
  trial  573/2500  best_overall=0.5989  (23.9 min)
  trial  581/2500  best_overall=0.5989  (24.2 min)
  trial  589/2500  best_overall=0.5989  (24.6 min)
  trial  598/2500  best_overall=0.5989  (24.9 min)
  trial  607/2500  best_overall=0.5989  (25.3 min)
  trial  616/2500  best_overall=0.5989  (25.7 min)
  trial  624/2500  best_overall=0.5989  (26.0 min)
  trial  632/2500  best_overall=0.5989  (26.3 min)
  trial  640/2500  best_overall=0.5989  (26.7 min)
  trial  650/2500  best_overall=0.5989  (27.1 min)
  trial  661/2500  best_overall=0.5989  (27.4 min)
  trial  676/2500  best_overall=0.5989  (27.7 min)
  trial  688/2500  best_overall=0.5989  (28.1 min)
  trial  698/2500  best_overall=0.5989  (28.4 min)
  trial  708/2500  best_overall=0.5989  (28.8 min)
  trial  719/2500  best_overall=0.5989  (29.2 min)
  trial  735/2500  best_overall=0.5989  (29.5 min)
  trial  751/2500  best_overall=0.5989  (29.9 min)
  trial  766/2500  best_overall=0.5989  (30.2 min)
  trial  781/2500  best_overall=0.5989  (30.5 min)
  trial  795/2500  best_overall=0.5989  (30.9 min)
  trial  810/2500  best_overall=0.5989  (31.2 min)
  trial  824/2500  best_overall=0.5989  (31.6 min)
  trial  838/2500  best_overall=0.5989  (31.9 min)
  trial  852/2500  best_overall=0.5989  (32.3 min)
  trial  866/2500  best_overall=0.5989  (32.6 min)
  trial  880/2500  best_overall=0.5989  (32.9 min)
  trial  894/2500  best_overall=0.5989  (33.3 min)
  trial  908/2500  best_overall=0.5989  (33.6 min)
  trial  923/2500  best_overall=0.5989  (34.0 min)
  trial  937/2500  best_overall=0.5989  (34.3 min)
  trial  951/2500  best_overall=0.5989  (34.7 min)
  trial  965/2500  best_overall=0.5989  (35.0 min)
  trial  978/2500  best_overall=0.5989  (35.4 min)
  trial  992/2500  best_overall=0.5989  (35.7 min)
  trial 1006/2500  best_overall=0.5989  (36.1 min)
  trial 1021/2500  best_overall=0.5989  (36.4 min)
  trial 1036/2500  best_overall=0.5989  (36.8 min)
  trial 1050/2500  best_overall=0.5989  (37.1 min)
  trial 1065/2500  best_overall=0.5989  (37.5 min)
  trial 1080/2500  best_overall=0.5989  (37.8 min)
  trial 1095/2500  best_overall=0.5989  (38.2 min)
  trial 1110/2500  best_overall=0.5989  (38.5 min)
  trial 1125/2500  best_overall=0.5989  (38.9 min)
  trial 1140/2500  best_overall=0.5989  (39.2 min)
  trial 1155/2500  best_overall=0.5989  (39.6 min)
  trial 1170/2500  best_overall=0.5989  (39.9 min)
  trial 1185/2500  best_overall=0.5989  (40.3 min)
  trial 1200/2500  best_overall=0.5989  (40.6 min)
  trial 1215/2500  best_overall=0.5989  (41.0 min)
  trial 1227/2500  best_overall=0.5989  (41.3 min)
  trial 1239/2500  best_overall=0.5989  (41.7 min)
  trial 1252/2500  best_overall=0.5989  (42.0 min)
  trial 1266/2500  best_overall=0.5989  (42.4 min)
  trial 1280/2500  best_overall=0.5989  (42.8 min)
  trial 1295/2500  best_overall=0.6016  (43.1 min)
  trial 1310/2500  best_overall=0.6016  (43.5 min)
  trial 1324/2500  best_overall=0.6016  (43.8 min)
  trial 1336/2500  best_overall=0.6016  (44.2 min)
  trial 1348/2500  best_overall=0.6016  (44.5 min)
  trial 1361/2500  best_overall=0.6016  (44.8 min)
  trial 1375/2500  best_overall=0.6016  (45.2 min)
  trial 1388/2500  best_overall=0.6016  (45.5 min)
  trial 1400/2500  best_overall=0.6016  (45.9 min)
  trial 1411/2500  best_overall=0.6016  (46.3 min)
  trial 1425/2500  best_overall=0.6016  (46.6 min)
  trial 1439/2500  best_overall=0.6016  (47.0 min)
  trial 1452/2500  best_overall=0.6016  (47.3 min)
  trial 1466/2500  best_overall=0.6016  (47.7 min)
  trial 1480/2500  best_overall=0.6016  (48.0 min)
  trial 1495/2500  best_overall=0.6016  (48.4 min)
  trial 1510/2500  best_overall=0.6016  (48.8 min)
  trial 1525/2500  best_overall=0.6016  (49.1 min)
  trial 1540/2500  best_overall=0.6016  (49.5 min)
  trial 1555/2500  best_overall=0.6016  (49.8 min)
  trial 1570/2500  best_overall=0.6016  (50.2 min)
  trial 1584/2500  best_overall=0.6016  (50.5 min)
  trial 1599/2500  best_overall=0.6016  (50.9 min)
  trial 1614/2500  best_overall=0.6016  (51.3 min)
  trial 1629/2500  best_overall=0.6016  (51.6 min)
  trial 1644/2500  best_overall=0.6016  (52.0 min)
  trial 1659/2500  best_overall=0.6016  (52.3 min)
  trial 1674/2500  best_overall=0.6016  (52.7 min)
  trial 1689/2500  best_overall=0.6016  (53.1 min)
  trial 1704/2500  best_overall=0.6016  (53.4 min)
  trial 1718/2500  best_overall=0.6016  (53.8 min)
  trial 1732/2500  best_overall=0.6016  (54.2 min)
  trial 1746/2500  best_overall=0.6016  (54.5 min)
  trial 1759/2500  best_overall=0.6016  (54.9 min)
  trial 1771/2500  best_overall=0.6016  (55.2 min)
  trial 1783/2500  best_overall=0.6016  (55.6 min)
  trial 1794/2500  best_overall=0.6016  (56.0 min)
  trial 1805/2500  best_overall=0.6016  (56.3 min)
  trial 1816/2500  best_overall=0.6016  (56.7 min)
  trial 1826/2500  best_overall=0.6016  (57.1 min)
  trial 1841/2500  best_overall=0.6016  (57.4 min)
  trial 1856/2500  best_overall=0.6016  (57.8 min)
  trial 1871/2500  best_overall=0.6016  (58.1 min)
  trial 1886/2500  best_overall=0.6016  (58.5 min)
  trial 1901/2500  best_overall=0.6016  (58.8 min)
  trial 1916/2500  best_overall=0.6016  (59.2 min)
  trial 1931/2500  best_overall=0.6016  (59.5 min)
  trial 1946/2500  best_overall=0.6016  (59.9 min)
  trial 1961/2500  best_overall=0.6016  (60.3 min)
  trial 1976/2500  best_overall=0.6016  (60.6 min)
  trial 1991/2500  best_overall=0.6016  (61.0 min)
  trial 2006/2500  best_overall=0.6016  (61.3 min)
  trial 2021/2500  best_overall=0.6016  (61.7 min)
  trial 2036/2500  best_overall=0.6016  (62.1 min)
  trial 2050/2500  best_overall=0.6016  (62.4 min)
  trial 2064/2500  best_overall=0.6016  (62.8 min)
  trial 2078/2500  best_overall=0.6016  (63.1 min)
  trial 2092/2500  best_overall=0.6016  (63.5 min)
  trial 2105/2500  best_overall=0.6016  (63.8 min)
  trial 2118/2500  best_overall=0.6016  (64.2 min)
  trial 2131/2500  best_overall=0.6016  (64.6 min)
  trial 2143/2500  best_overall=0.6016  (64.9 min)
  trial 2155/2500  best_overall=0.6016  (65.3 min)
  trial 2167/2500  best_overall=0.6016  (65.7 min)
  trial 2181/2500  best_overall=0.6016  (66.0 min)
  trial 2196/2500  best_overall=0.6016  (66.4 min)
  trial 2210/2500  best_overall=0.6016  (66.7 min)
  trial 2225/2500  best_overall=0.6016  (67.1 min)
  trial 2240/2500  best_overall=0.6016  (67.4 min)
  trial 2254/2500  best_overall=0.6016  (67.8 min)
  trial 2269/2500  best_overall=0.6016  (68.2 min)
  trial 2284/2500  best_overall=0.6016  (68.5 min)
  trial 2299/2500  best_overall=0.6016  (68.9 min)
  trial 2314/2500  best_overall=0.6016  (69.2 min)
  trial 2329/2500  best_overall=0.6016  (69.6 min)
  trial 2343/2500  best_overall=0.6016  (69.9 min)
  trial 2358/2500  best_overall=0.6016  (70.3 min)
  trial 2373/2500  best_overall=0.6016  (70.7 min)
  trial 2388/2500  best_overall=0.6016  (71.0 min)
  trial 2403/2500  best_overall=0.6016  (71.4 min)
  trial 2417/2500  best_overall=0.6016  (71.7 min)
  trial 2431/2500  best_overall=0.6016  (72.1 min)
  trial 2443/2500  best_overall=0.6016  (72.4 min)
  trial 2455/2500  best_overall=0.6016  (72.8 min)
  trial 2464/2500  best_overall=0.6016  (73.1 min)
  trial 2473/2500  best_overall=0.6016  (73.5 min)
  trial 2482/2500  best_overall=0.6016  (73.9 min)
  trial 2491/2500  best_overall=0.6016  (74.3 min)
  trial 2500/2500  best_overall=0.6016  (74.6 min)

[done] 2500 trials in 74.7 min
       best Overall = 0.6016
[best] Bias=0.6785  RMSE=0.3933  Seas=0.8239  Spatial=0.7189  Overall=0.6016
[diag] raw rate land-mean (yr^-1): 0.06787  (target ~ 0.06082)
[write] D:\FIRE_OFFLINE\models\C\params.pairCTL.json
[write] D:\FIRE_OFFLINE\ilamb\MODELS\ED-ModelC-final\burntArea.pairCTL.nc  (10.3 MB)
