[I 2026-08-20 00:26:55,443] Trial 643 finished with value: 0.5269259336982027 and parameters: {'k1': 0.0010100078416121142, 'D_low': 166.66375083918905, 'k2': 2.5180417089492053e-05, 'D_high': 2271265.8786925, 'fire_exp': 1.2882739972210493, 'P_half': 24.792835449457964, 'pre_dampen_half': 1.0496070520472853, 'gpp_af': 0.005432319478989083, 'gpp_b': 4.565682113786102e-05, 'gpp_d': 94.8950998745875, 'ign_k': 0.12758605192320518, 'ign_c': 27.44942260930522, 'trop_agb_crit': 2.753674487370253, 'trop_k_veg': 4.063787731849845}. Best is trial 0 with value: -0.5989088506199346.
[I 2026-08-20 00:26:57,396] Trial 644 finished with value: 0.5084358658002971 and parameters: {'k1': 0.0025800469415431025, 'D_low': 330.04141283395103, 'k2': 0.00288625940410037, 'D_high': 520527.1643494851, 'fire_exp': 1.0443325966535966, 'P_half': 7.297704897097434, 'pre_dampen_half': 0.06092483283735091, 'gpp_af': 0.001846920993953052, 'gpp_b': 0.00016998310443738427, 'gpp_d': 704.6629511564302, 'ign_k': 3.989361863444204, 'ign_c': 0.3326259560443288, 'trop_agb_crit': 3.7044810309419955, 'trop_k_veg': 3.1251189276831592}. Best is trial 0 with value: -0.5989088506199346.
[I 2026-08-20 00:26:59,400] Trial 645 finished with value: 0.5187908896900602 and parameters: {'k1': 0.00027859927575523276, 'D_low': 13.04129282534829, 'k2': 2.1506053094241528e-05, 'D_high': 5409999.561069847, 'fire_exp': 1.2775823057004274, 'P_half': 2.2617992183021394, 'pre_dampen_half': 2.9695578689406523, 'gpp_af': 0.0013726225911464957, 'gpp_b': 0.0012679372210225547, 'gpp_d': 254.14030650956585, 'ign_k': 8.919045075412985, 'ign_c': 15.638625391604624, 'trop_agb_crit': 2.0284405845665763, 'trop_k_veg': 5.17673200957038}. Best is trial 0 with value: -0.5989088506199346.
[I 2026-08-20 00:27:01,454] Trial 646 finished with value: 0.4651195217171006 and parameters: {'k1': 0.0009756628149730187, 'D_low': 354.7293243895835, 'k2': 1.709423217890221e-05, 'D_high': 6276041.7435154375, 'fire_exp': 1.0281496064148423, 'P_half': 23.552860460485153, 'pre_dampen_half': 0.06931532199156189, 'gpp_af': 0.014924473105370265, 'gpp_b': 3.178543150640897e-05, 'gpp_d': 143.3756437224886, 'ign_k': 4.037971708976363, 'ign_c': 5.885204333430699, 'trop_agb_crit': 4.96206145326735, 'trop_k_veg': 5.335947254514093}. Best is trial 0 with value: -0.5989088506199346.
[I 2026-08-20 00:27:04,075] Trial 647 finished with value: 0.5310908759824063 and parameters: {'k1': 1.3642721897991493e-05, 'D_low': 1724.270758120744, 'k2': 0.0014439538965064153, 'D_high': 2175348.4648336903, 'fire_exp': 2.419837954806182, 'P_half': 25.56175139454026, 'pre_dampen_half': 2.264722422121393, 'gpp_af': 0.0034974040147300717, 'gpp_b': 3.352169834934261e-05, 'gpp_d': 34.60417935303495, 'ign_k': 7.557362456397878, 'ign_c': 15.836901106820774, 'trop_agb_crit': 10.75471255960732, 'trop_k_veg': 1.587307035488816}. Best is trial 0 with value: -0.5989088506199346.
[I 2026-08-20 00:27:06,689] Trial 648 finished with value: 0.41779410954424623 and parameters: {'k1': 0.0013440911720491381, 'D_low': 1.8733646129758577, 'k2': 0.00011044444158798826, 'D_high': 775661.5127743598, 'fire_exp': 2.150861789369587, 'P_half': 1.3308950627884155, 'pre_dampen_half': 3.701562220564682, 'gpp_af': 12.208718013626376, 'gpp_b': 0.0048132306655780535, 'gpp_d': 413.7133153027267, 'ign_k': 6.639040513931722, 'ign_c': 10.49456108233621, 'trop_agb_crit': 4.455296614365336, 'trop_k_veg': 3.9604681759334417}. Best is trial 0 with value: -0.5989088506199346.
[I 2026-08-20 00:27:08,795] Trial 649 finished with value: 0.4074564776930488 and parameters: {'k1': 0.00413750518372687, 'D_low': 34.76838564783577, 'k2': 5.3185914493851616e-05, 'D_high': 352562.0777259185, 'fire_exp': 1.269069309716835, 'P_half': 72.52285666649394, 'pre_dampen_half': 2.206619621032206, 'gpp_af': 0.014412187903922282, 'gpp_b': 5.121465506415897e-05, 'gpp_d': 780.9404283683723, 'ign_k': 8.24032478407127, 'ign_c': 0.3998230173655193, 'trop_agb_crit': 11.667306738824443, 'trop_k_veg': 3.555227757797334}. Best is trial 0 with value: -0.5989088506199346.
[I 2026-08-20 00:27:11,060] Trial 650 finished with value: 0.5746041173419295 and parameters: {'k1': 0.046556698893270645, 'D_low': 2889.8923706514533, 'k2': 0.0006737247907150507, 'D_high': 3085906.737255588, 'fire_exp': 2.577617195538091, 'P_half': 1394.3441669393942, 'pre_dampen_half': 3.8817176884140627, 'gpp_af': 2.69766077201688, 'gpp_b': 0.04650504732032416, 'gpp_d': 641.69796454835, 'ign_k': 0.15799178968269678, 'ign_c': 2.2118878463409852, 'trop_agb_crit': 23.52566575240722, 'trop_k_veg': 2.3229694969786454}. Best is trial 0 with value: -0.5989088506199346.
[I 2026-08-20 00:27:13,534] Trial 651 finished with value: 0.5047443985295894 and parameters: {'k1': 0.006295531231829973, 'D_low': 2429.750223583695, 'k2': 0.00012556184404376945, 'D_high': 1107408.8309754925, 'fire_exp': 2.097844512774945, 'P_half': 6.582731677874139, 'pre_dampen_half': 0.1429208122625106, 'gpp_af': 0.006889354912943448, 'gpp_b': 6.959213698583588e-05, 'gpp_d': 942.945887679116, 'ign_k': 1.6531537693244645, 'ign_c': 1.2324357109312971, 'trop_agb_crit': 3.7452587135703306, 'trop_k_veg': 3.4187642003590493}. Best is trial 0 with value: -0.5989088506199346.
[I 2026-08-20 00:27:16,193] Trial 652 finished with value: 0.509258585193174 and parameters: {'k1': 0.0054634705495554626, 'D_low': 13.293965814135028, 'k2': 0.007122564788773611, 'D_high': 2226234.7779942844, 'fire_exp': 1.9709343015725307, 'P_half': 1.0569005045522935, 'pre_dampen_half': 68.72354593596528, 'gpp_af': 7.1189082435084625, 'gpp_b': 0.0626951257614103, 'gpp_d': 1.581013495820138, 'ign_k': 0.14768714013067386, 'ign_c': 6.123241321584044, 'trop_agb_crit': 1.5466776316451707, 'trop_k_veg': 2.0723215491831124}. Best is trial 0 with value: -0.5989088506199346.
[I 2026-08-20 00:27:18,408] Trial 653 finished with value: 0.4817525316072525 and parameters: {'k1': 0.0006827506632967573, 'D_low': 2.2655227491437504, 'k2': 0.007154006015951956, 'D_high': 1037093.534246698, 'fire_exp': 1.7334797650272087, 'P_half': 5.046579982307117, 'pre_dampen_half': 0.852736168858267, 'gpp_af': 14.589484849609482, 'gpp_b': 0.0023623198094913788, 'gpp_d': 11.814001838328712, 'ign_k': 0.14511103581939022, 'ign_c': 12.927412717372528, 'trop_agb_crit': 1.2820158605709377, 'trop_k_veg': 1.753004111906948}. Best is trial 0 with value: -0.5989088506199346.
[I 2026-08-20 00:27:20,458] Trial 654 finished with value: 0.5793127159094553 and parameters: {'k1': 7.735935337211666e-05, 'D_low': 1954.4582808576988, 'k2': 0.03276880551639844, 'D_high': 948334.4779977482, 'fire_exp': 1.0752182463055453, 'P_half': 1.2385418332849802, 'pre_dampen_half': 0.3968475313753641, 'gpp_af': 0.06651168891686611, 'gpp_b': 0.3536972371142924, 'gpp_d': 52.09649596545672, 'ign_k': 0.06127431748905661, 'ign_c': 0.3576496428959529, 'trop_agb_crit': 12.458456472349914, 'trop_k_veg': 3.14386252868078}. Best is trial 0 with value: -0.5989088506199346.
[I 2026-08-20 00:27:22,320] Trial 655 finished with value: 0.4200606031309565 and parameters: {'k1': 0.00037859281610514036, 'D_low': 49.23500723080052, 'k2': 0.00030112160524614336, 'D_high': 1086964.5979858283, 'fire_exp': 1.4793142573429927, 'P_half': 20.812785293918125, 'pre_dampen_half': 1.31620220157379, 'gpp_af': 0.05319906398129483, 'gpp_b': 1.7100341384171124e-05, 'gpp_d': 229.96013650041348, 'ign_k': 6.0243162913342845, 'ign_c': 0.23552196616982984, 'trop_agb_crit': 3.1587086381488936, 'trop_k_veg': 2.2312128610087507}. Best is trial 0 with value: -0.5989088506199346.
[I 2026-08-20 00:27:23,637] Trial 656 finished with value: 0.42808876891921666 and parameters: {'k1': 0.0001319877266270641, 'D_low': 6.6284937430222834, 'k2': 3.955899964517353e-05, 'D_high': 2318365.5017978353, 'fire_exp': 3.2240188161962715, 'P_half': 1.3238259673531245, 'pre_dampen_half': 7.316440118403345, 'gpp_af': 2.1691374672056836, 'gpp_b': 0.0002200099686223555, 'gpp_d': 187.11221190584138, 'ign_k': 0.34523324683655665, 'ign_c': 4.385322248931629, 'trop_agb_crit': 5.1722365172582965, 'trop_k_veg': 5.304112103281969}. Best is trial 0 with value: -0.5989088506199346.
[I 2026-08-20 00:27:24,934] Trial 657 finished with value: 0.5458237540647556 and parameters: {'k1': 0.0013716364393723305, 'D_low': 6.04045730683523, 'k2': 2.2007115631006036e-05, 'D_high': 1691233.8470829932, 'fire_exp': 2.216040447672532, 'P_half': 493.6890791269065, 'pre_dampen_half': 0.22586920098829802, 'gpp_af': 0.8500266040165515, 'gpp_b': 0.00013523227549513896, 'gpp_d': 562.9332801967578, 'ign_k': 0.6260827870728907, 'ign_c': 5.816777027974543, 'trop_agb_crit': 5.666602071600959, 'trop_k_veg': 5.729117887657374}. Best is trial 0 with value: -0.5989088506199346.
[I 2026-08-20 00:27:26,326] Trial 658 finished with value: 0.4791545131429409 and parameters: {'k1': 0.0013956261355836204, 'D_low': 8.267534626569054, 'k2': 0.00012250392673090115, 'D_high': 722668.9328084962, 'fire_exp': 1.655153363674845, 'P_half': 15.990453645088557, 'pre_dampen_half': 0.116712092083851, 'gpp_af': 0.0038993472206097627, 'gpp_b': 1.1209961348025465e-05, 'gpp_d': 482.82222027018514, 'ign_k': 9.558032937761684, 'ign_c': 2.2258169149284885, 'trop_agb_crit': 6.339201344294107, 'trop_k_veg': 5.101291442083097}. Best is trial 0 with value: -0.5989088506199346.
[I 2026-08-20 00:27:27,657] Trial 659 finished with value: 0.6167770197151129 and parameters: {'k1': 0.00011461409928044173, 'D_low': 133516.94553448356, 'k2': 0.0014902600035202344, 'D_high': 8620944.21012477, 'fire_exp': 3.1311399970306155, 'P_half': 66.29452663635286, 'pre_dampen_half': 21.890116635293698, 'gpp_af': 0.006793064812932809, 'gpp_b': 3.558871163679349e-05, 'gpp_d': 1.4627195563667026, 'ign_k': 0.5478609291719533, 'ign_c': 4.808105736023293, 'trop_agb_crit': 18.646296306974765, 'trop_k_veg': 6.851987746367318}. Best is trial 0 with value: -0.5989088506199346.
[I 2026-08-20 00:27:28,973] Trial 660 finished with value: 0.5465970697483863 and parameters: {'k1': 0.004910979029556189, 'D_low': 8.888876762754059, 'k2': 0.0004228005792962018, 'D_high': 14743.894496129522, 'fire_exp': 2.278371921387717, 'P_half': 1.9433849308689257, 'pre_dampen_half': 2.673551276978772, 'gpp_af': 0.0021531799983493557, 'gpp_b': 6.217474845382461e-05, 'gpp_d': 131.3726880432486, 'ign_k': 8.243424470807321, 'ign_c': 17.78203738199952, 'trop_agb_crit': 5.382830003641039, 'trop_k_veg': 5.860803128923067}. Best is trial 0 with value: -0.5989088506199346.
[I 2026-08-20 00:27:30,448] Trial 661 finished with value: -0.5598697587820387 and parameters: {'k1': 4.1284112513330466e-05, 'D_low': 147.16729940849757, 'k2': 0.0008126004834860084, 'D_high': 6720675.646113438, 'fire_exp': 3.420272543591068, 'P_half': 44.16477488115085, 'pre_dampen_half': 22.928821189102866, 'gpp_af': 7.823311498344528, 'gpp_b': 1.504062440671872e-05, 'gpp_d': 439.8174581335793, 'ign_k': 2.1048610328953012, 'ign_c': 4.416448069425176, 'trop_agb_crit': 6.722431493819765, 'trop_k_veg': 1.5134025703358571}. Best is trial 0 with value: -0.5989088506199346.
[I 2026-08-20 00:27:31,775] Trial 662 finished with value: 0.6445374145881376 and parameters: {'k1': 0.0006384108495262769, 'D_low': 451.73666710380144, 'k2': 0.00018395586581802155, 'D_high': 4860888.215942269, 'fire_exp': 5.311980858186198, 'P_half': 14.872982763201366, 'pre_dampen_half': 21.86003161624642, 'gpp_af': 81.53004340225739, 'gpp_b': 4.959407910379436e-05, 'gpp_d': 62.86802237544309, 'ign_k': 1.621526952655864, 'ign_c': 149.41190736622988, 'trop_agb_crit': 2.294805807954684, 'trop_k_veg': 2.4798061412716237}. Best is trial 0 with value: -0.5989088506199346.
[I 2026-08-20 00:27:33,135] Trial 663 finished with value: 0.554942870583482 and parameters: {'k1': 0.00010747359552757665, 'D_low': 370.4996429889166, 'k2': 0.0018705744281998307, 'D_high': 19206.866532756965, 'fire_exp': 1.6998528484523865, 'P_half': 3.5734024645646523, 'pre_dampen_half': 1.4191157497619629, 'gpp_af': 0.043376063059388924, 'gpp_b': 6.246583711902675e-05, 'gpp_d': 3.6784803601747735, 'ign_k': 5.168787372978701, 'ign_c': 8.069760463004446, 'trop_agb_crit': 6.963985149940991, 'trop_k_veg': 1.1453369431057563}. Best is trial 0 with value: -0.5989088506199346.
[I 2026-08-20 00:27:34,402] Trial 664 finished with value: -0.5407650934462922 and parameters: {'k1': 0.02061959949667786, 'D_low': 5226.596230322287, 'k2': 0.0520575770522273, 'D_high': 44135.41699242251, 'fire_exp': 1.1288300095035744, 'P_half': 4.498928476481526, 'pre_dampen_half': 27.77364324379788, 'gpp_af': 2.9728531531944173, 'gpp_b': 0.2106230433180714, 'gpp_d': 92.14784232657767, 'ign_k': 0.059484497734357995, 'ign_c': 0.22131447372470536, 'trop_agb_crit': 28.374213985327355, 'trop_k_veg': 3.1343419693767767}. Best is trial 0 with value: -0.5989088506199346.
[I 2026-08-20 00:27:35,686] Trial 665 finished with value: 0.4224581548043479 and parameters: {'k1': 5.569096766372489e-05, 'D_low': 1532.8020451384536, 'k2': 0.07890953089185886, 'D_high': 1590960.4393910398, 'fire_exp': 1.0487712947141041, 'P_half': 2.503759952183834, 'pre_dampen_half': 7.5145060030843345, 'gpp_af': 3.8664402437919305, 'gpp_b': 0.0040395578877652095, 'gpp_d': 63.97888510792837, 'ign_k': 0.06884801736772157, 'ign_c': 0.1596160248312592, 'trop_agb_crit': 5.116862046400445, 'trop_k_veg': 4.896429713631118}. Best is trial 0 with value: -0.5989088506199346.
[I 2026-08-20 00:27:36,990] Trial 666 finished with value: -0.5755323643332326 and parameters: {'k1': 0.0007658976764197377, 'D_low': 3.678070705641823, 'k2': 1.4107961528183196e-05, 'D_high': 210841.46182249588, 'fire_exp': 1.2146755908170872, 'P_half': 10.21119355809426, 'pre_dampen_half': 1.0088239449870833, 'gpp_af': 0.02860252819602515, 'gpp_b': 7.049134513686523e-05, 'gpp_d': 0.5086083557615149, 'ign_k': 0.41114290260911773, 'ign_c': 9.230038336396213, 'trop_agb_crit': 3.847664722508836, 'trop_k_veg': 7.003035426007105}. Best is trial 0 with value: -0.5989088506199346.
[I 2026-08-20 00:27:38,439] Trial 667 finished with value: 0.4981682415157238 and parameters: {'k1': 0.01081073042080476, 'D_low': 1.359462119110109, 'k2': 2.4609774959868884e-05, 'D_high': 188567.3783540421, 'fire_exp': 1.0102421724558153, 'P_half': 31.007124538261984, 'pre_dampen_half': 0.21013156993754029, 'gpp_af': 3.1580147314302667, 'gpp_b': 8.258020291825867e-05, 'gpp_d': 1.1326931277849939, 'ign_k': 1.4510316280417095, 'ign_c': 12.186702445204354, 'trop_agb_crit': 3.0257776846354876, 'trop_k_veg': 3.125698563978072}. Best is trial 0 with value: -0.5989088506199346.
[I 2026-08-20 00:27:39,922] Trial 668 finished with value: 0.6445374145881376 and parameters: {'k1': 0.0017743988381485518, 'D_low': 5.684892587716391, 'k2': 0.0002619704863814147, 'D_high': 3063954.7199494983, 'fire_exp': 1.714658657383295, 'P_half': 2.2172798417247463, 'pre_dampen_half': 0.044037747575067794, 'gpp_af': 0.17645375335259794, 'gpp_b': 2.864222247458166e-05, 'gpp_d': 47.862084648982645, 'ign_k': 5.269980612648981, 'ign_c': 49.518139491911676, 'trop_agb_crit': 2.5557792544958384, 'trop_k_veg': 7.466974958120538}. Best is trial 0 with value: -0.5989088506199346.
[I 2026-08-20 00:27:41,391] Trial 669 finished with value: 0.6445374145881376 and parameters: {'k1': 5.897323078080287e-05, 'D_low': 106.48497318728747, 'k2': 1.2324026669795894e-05, 'D_high': 6634114.497230955, 'fire_exp': 1.7930639727458801, 'P_half': 24.879782920514337, 'pre_dampen_half': 0.0645435512100758, 'gpp_af': 0.008616497606937116, 'gpp_b': 2.5011859324430435e-05, 'gpp_d': 1.7898674076444339, 'ign_k': 1.2911411295720112, 'ign_c': 73.10090463431625, 'trop_agb_crit': 2.5623172914036068, 'trop_k_veg': 2.962598202350031}. Best is trial 0 with value: -0.5989088506199346.
[I 2026-08-20 00:27:42,737] Trial 670 finished with value: 0.4956949930539163 and parameters: {'k1': 0.0011447391986769667, 'D_low': 10.777059343410748, 'k2': 4.184717223305842e-05, 'D_high': 391721.1607049812, 'fire_exp': 2.3487739926196376, 'P_half': 6.68011685843973, 'pre_dampen_half': 0.1393072537533723, 'gpp_af': 0.019600774701156422, 'gpp_b': 3.9638196440434065e-05, 'gpp_d': 0.4459520219555507, 'ign_k': 0.7066216450324722, 'ign_c': 3.9179797798523333, 'trop_agb_crit': 3.9701902438123975, 'trop_k_veg': 6.678163534749024}. Best is trial 0 with value: -0.5989088506199346.
[I 2026-08-20 00:27:44,024] Trial 671 finished with value: 0.41733056806665636 and parameters: {'k1': 0.0003927382455432704, 'D_low': 555.4798803613991, 'k2': 0.08083259604597397, 'D_high': 126228.12711987224, 'fire_exp': 1.2713484951943959, 'P_half': 1.1045546679064353, 'pre_dampen_half': 4.499344439179246, 'gpp_af': 0.9580281010215881, 'gpp_b': 0.01841902476100989, 'gpp_d': 77.71449047647187, 'ign_k': 0.17689079038927255, 'ign_c': 0.250157812859407, 'trop_agb_crit': 19.14871644698597, 'trop_k_veg': 2.9586424113749183}. Best is trial 0 with value: -0.5989088506199346.
[I 2026-08-20 00:27:45,318] Trial 672 finished with value: 0.6183932779788583 and parameters: {'k1': 2.8516322118641005e-05, 'D_low': 5.43913524487148, 'k2': 1.4727643506314224e-05, 'D_high': 6319.569834746794, 'fire_exp': 1.999152429486348, 'P_half': 2.6117148280254803, 'pre_dampen_half': 7.597044633998413, 'gpp_af': 0.006218883918638701, 'gpp_b': 9.430735289746257e-05, 'gpp_d': 0.12417370477345317, 'ign_k': 0.49283862859765065, 'ign_c': 33.3854568842091, 'trop_agb_crit': 2.9324593901652825, 'trop_k_veg': 5.578235798233907}. Best is trial 0 with value: -0.5989088506199346.
[I 2026-08-20 00:27:46,728] Trial 673 finished with value: 0.4318404168401295 and parameters: {'k1': 3.361561086954031e-05, 'D_low': 2216.6221396260153, 'k2': 0.001756991191735294, 'D_high': 7900581.66605121, 'fire_exp': 2.2654566768603623, 'P_half': 1.1186299669579167, 'pre_dampen_half': 52.15972603487316, 'gpp_af': 0.0928067425126662, 'gpp_b': 0.0025213013044654703, 'gpp_d': 37.14692192734034, 'ign_k': 0.6747469847783155, 'ign_c': 1.5558899136666027, 'trop_agb_crit': 6.531646264750971, 'trop_k_veg': 2.336422546281249}. Best is trial 0 with value: -0.5989088506199346.
[I 2026-08-20 00:27:48,110] Trial 674 finished with value: -0.5804831243010078 and parameters: {'k1': 0.0006070647742077314, 'D_low': 1.8861455424472324, 'k2': 1.8929087805109664e-05, 'D_high': 846440.1487672557, 'fire_exp': 1.1237764671608341, 'P_half': 248.17742322243149, 'pre_dampen_half': 1.1988303176019661, 'gpp_af': 0.03271841256557961, 'gpp_b': 9.781041239056293e-05, 'gpp_d': 100.15506770826761, 'ign_k': 1.6892897394699737, 'ign_c': 5.5764638722071975, 'trop_agb_crit': 5.568929644901866, 'trop_k_veg': 3.372115715720646}. Best is trial 0 with value: -0.5989088506199346.
[I 2026-08-20 00:27:49,432] Trial 675 finished with value: 0.5912463935289451 and parameters: {'k1': 7.307360739671121e-05, 'D_low': 4.003469503018995, 'k2': 0.0001356123392117989, 'D_high': 798921.3760317193, 'fire_exp': 1.252157139084844, 'P_half': 979.2403833399796, 'pre_dampen_half': 0.2013412689459622, 'gpp_af': 0.3534873625775771, 'gpp_b': 1.3620785123512048e-05, 'gpp_d': 26.386611119347084, 'ign_k': 0.9714867576622954, 'ign_c': 29.06485250021203, 'trop_agb_crit': 4.89273083899111, 'trop_k_veg': 1.7018962234042727}. Best is trial 0 with value: -0.5989088506199346.
[I 2026-08-20 00:27:50,874] Trial 676 finished with value: 0.5250926705109066 and parameters: {'k1': 0.0006554875494498686, 'D_low': 14.732959989774747, 'k2': 3.891517688501768e-05, 'D_high': 399716.11477751, 'fire_exp': 1.3473801546651025, 'P_half': 452.88969109543825, 'pre_dampen_half': 0.15203364689036683, 'gpp_af': 0.0029343610617761228, 'gpp_b': 2.4188161715508778e-05, 'gpp_d': 0.8988635437873809, 'ign_k': 2.9198908731301976, 'ign_c': 2.0158505297475617, 'trop_agb_crit': 8.54851678199614, 'trop_k_veg': 4.736712216284545}. Best is trial 0 with value: -0.5989088506199346.
[I 2026-08-20 00:27:52,188] Trial 677 finished with value: -0.5514024559895249 and parameters: {'k1': 0.07002825320817356, 'D_low': 184.55327215538986, 'k2': 5.393408355839533e-05, 'D_high': 9504191.015504673, 'fire_exp': 1.7507396529716939, 'P_half': 445.5232136148881, 'pre_dampen_half': 5.091250399854355, 'gpp_af': 79.03433370986177, 'gpp_b': 0.03011065071965192, 'gpp_d': 618.9297543336164, 'ign_k': 0.6439141184356605, 'ign_c': 3.899200730810257, 'trop_agb_crit': 16.01169740135877, 'trop_k_veg': 2.917685930448548}. Best is trial 0 with value: -0.5989088506199346.
[I 2026-08-20 00:27:53,488] Trial 678 finished with value: 0.4130898411133209 and parameters: {'k1': 0.0008188314571938592, 'D_low': 41.90583863022139, 'k2': 1.4687994229367716e-05, 'D_high': 5207371.947004326, 'fire_exp': 1.524461511449967, 'P_half': 12.109055511034287, 'pre_dampen_half': 1.9350673396561475, 'gpp_af': 0.37632689077921044, 'gpp_b': 3.989862705296038e-05, 'gpp_d': 3.512265762667159, 'ign_k': 0.9623167146098647, 'ign_c': 14.205818133809199, 'trop_agb_crit': 2.806630846307638, 'trop_k_veg': 4.816780904886669}. Best is trial 0 with value: -0.5989088506199346.
[I 2026-08-20 00:27:54,777] Trial 679 finished with value: 0.42827924850745447 and parameters: {'k1': 4.906438910410011e-05, 'D_low': 1.8621610735440584, 'k2': 0.00012034799836300937, 'D_high': 1769191.8742937262, 'fire_exp': 1.1008601810774479, 'P_half': 55.62313885803747, 'pre_dampen_half': 12.713542070828996, 'gpp_af': 0.01394705658459847, 'gpp_b': 1.6201993854967023e-05, 'gpp_d': 892.1519968914677, 'ign_k': 0.7615288178071826, 'ign_c': 3.0418745204613016, 'trop_agb_crit': 6.206082101454039, 'trop_k_veg': 7.600466673755867}. Best is trial 0 with value: -0.5989088506199346.
