[I 2026-08-06 09:09:08,289] Trial 1149 finished with values: [-0.5899832160973322, 0.3874618952269221] and parameters: {'k1': 0.001761725951418538, 'D_low': 12.105387404469584, 'k2': 0.0017483983085324361, 'D_high': 2940.51756322311, 'fire_exp': 1.0629462657398439, 'P_half': 4.213183643253957, 'pre_dampen_half': 552.4163637315892, 'gpp_af': 0.1476584299248268, 'gpp_b': 0.0005752434266899163, 'gpp_d': 84.31013932082456, 'ign_k': 9.226223582279749, 'ign_c': 0.557280750002996, 'trop_agb_crit': 7.500118950416987, 'trop_k_veg': 2.520089655463604}.
[I 2026-08-06 09:09:09,390] Trial 1150 finished with values: [-0.5957652914873266, 0.25417691742233584] and parameters: {'k1': 0.01889771394135163, 'D_low': 4.484744524732794, 'k2': 0.032845299795769424, 'D_high': 2593.8846934540597, 'fire_exp': 1.0629462657398439, 'P_half': 508.009400629485, 'pre_dampen_half': 552.4163637315892, 'gpp_af': 10.591195835776093, 'gpp_b': 0.0005752434266899163, 'gpp_d': 431.69073113052116, 'ign_k': 8.708806168038567, 'ign_c': 20.03995359361212, 'trop_agb_crit': 10.965064494899984, 'trop_k_veg': 2.5879386297557976}.
[I 2026-08-06 09:09:10,588] Trial 1151 finished with values: [10.349352783462429, 10.349352783462429] and parameters: {'k1': 0.01889771394135163, 'D_low': 5.59983195169599, 'k2': 0.005082220961627801, 'D_high': 972.4201099820957, 'fire_exp': 1.8613186123969219, 'P_half': 12.808863354047988, 'pre_dampen_half': 133.42802292606774, 'gpp_af': 0.1476584299248268, 'gpp_b': 0.0017100237531775793, 'gpp_d': 3.099405585241116, 'ign_k': 8.708806168038567, 'ign_c': 20.03995359361212, 'trop_agb_crit': 7.500118950416987, 'trop_k_veg': 1.4584243470991722}.
[I 2026-08-06 09:09:11,694] Trial 1152 finished with values: [-0.5990788907186364, 0.31086680105310094] and parameters: {'k1': 0.004312951023617458, 'D_low': 4.484744524732794, 'k2': 0.032845299795769424, 'D_high': 1537.4098204111451, 'fire_exp': 1.1430983876313219, 'P_half': 4.213183643253957, 'pre_dampen_half': 552.4163637315892, 'gpp_af': 0.1476584299248268, 'gpp_b': 0.0005752434266899163, 'gpp_d': 431.69073113052116, 'ign_k': 8.708806168038567, 'ign_c': 0.557280750002996, 'trop_agb_crit': 25.382873076016292, 'trop_k_veg': 1.9358464828856796}.
[I 2026-08-06 09:09:12,807] Trial 1153 finished with values: [-0.6372014430023489, 0.27133818477083826] and parameters: {'k1': 0.01889771394135163, 'D_low': 4.484744524732794, 'k2': 0.032845299795769424, 'D_high': 1384.332853353327, 'fire_exp': 1.0629462657398439, 'P_half': 12.808863354047988, 'pre_dampen_half': 552.4163637315892, 'gpp_af': 0.1476584299248268, 'gpp_b': 0.0005752434266899163, 'gpp_d': 229.41380323183625, 'ign_k': 8.708806168038567, 'ign_c': 0.557280750002996, 'trop_agb_crit': 7.500118950416987, 'trop_k_veg': 2.5879386297557976}.
[I 2026-08-06 09:09:13,939] Trial 1154 finished with values: [-0.6193745623459487, 0.2086490549215292] and parameters: {'k1': 0.01889771394135163, 'D_low': 2.033448213394542, 'k2': 0.032845299795769424, 'D_high': 1537.4098204111451, 'fire_exp': 1.353841071397002, 'P_half': 4.213183643253957, 'pre_dampen_half': 552.4163637315892, 'gpp_af': 0.030742717663402135, 'gpp_b': 0.0005752434266899163, 'gpp_d': 150.14555442537656, 'ign_k': 0.18200694976756818, 'ign_c': 8.40543912931368, 'trop_agb_crit': 10.965064494899984, 'trop_k_veg': 1.9938441068366917}.
[I 2026-08-06 09:09:15,042] Trial 1155 finished with values: [-0.6390986448800746, 0.42167759481297407] and parameters: {'k1': 0.01889771394135163, 'D_low': 4.484744524732794, 'k2': 0.032845299795769424, 'D_high': 2940.51756322311, 'fire_exp': 1.1430983876313219, 'P_half': 12.808863354047988, 'pre_dampen_half': 552.4163637315892, 'gpp_af': 0.1476584299248268, 'gpp_b': 0.0005752434266899163, 'gpp_d': 431.69073113052116, 'ign_k': 8.708806168038567, 'ign_c': 1.483502036384642, 'trop_agb_crit': 10.965064494899984, 'trop_k_veg': 1.4584243470991722}.
[I 2026-08-06 09:09:16,147] Trial 1156 finished with values: [10.691875285986484, 10.691875285986484] and parameters: {'k1': 0.008471801418819975, 'D_low': 4.484744524732794, 'k2': 0.032845299795769424, 'D_high': 17.147614717763165, 'fire_exp': 1.353841071397002, 'P_half': 12.808863354047988, 'pre_dampen_half': 502.5175192217655, 'gpp_af': 0.00515795696727661, 'gpp_b': 0.0005752434266899163, 'gpp_d': 431.69073113052116, 'ign_k': 8.708806168038567, 'ign_c': 8.40543912931368, 'trop_agb_crit': 7.500118950416987, 'trop_k_veg': 1.9938441068366917}.
[I 2026-08-06 09:09:17,301] Trial 1157 finished with values: [10.24591999115979, 10.24591999115979] and parameters: {'k1': 0.01889771394135163, 'D_low': 5.59983195169599, 'k2': 0.009614686563869648, 'D_high': 2940.51756322311, 'fire_exp': 2.1589287943408615, 'P_half': 6.455386366109263, 'pre_dampen_half': 84.03977588241656, 'gpp_af': 0.1476584299248268, 'gpp_b': 0.0005752434266899163, 'gpp_d': 431.69073113052116, 'ign_k': 8.708806168038567, 'ign_c': 20.03995359361212, 'trop_agb_crit': 7.500118950416987, 'trop_k_veg': 1.4584243470991722}.
[I 2026-08-06 09:09:18,475] Trial 1158 finished with values: [10.287732800200954, 10.287732800200954] and parameters: {'k1': 0.016748279468858224, 'D_low': 5.59983195169599, 'k2': 0.032845299795769424, 'D_high': 2940.51756322311, 'fire_exp': 1.0629462657398439, 'P_half': 12.808863354047988, 'pre_dampen_half': 502.5175192217655, 'gpp_af': 0.18069041761817034, 'gpp_b': 0.17623234026513296, 'gpp_d': 431.69073113052116, 'ign_k': 9.226223582279749, 'ign_c': 20.03995359361212, 'trop_agb_crit': 7.500118950416987, 'trop_k_veg': 2.520089655463604}.
[I 2026-08-06 09:09:19,645] Trial 1159 finished with values: [-0.6117444474913223, 0.34834054729360375] and parameters: {'k1': 0.008471801418819975, 'D_low': 5.59983195169599, 'k2': 0.005082220961627801, 'D_high': 14271.179172965916, 'fire_exp': 1.0629462657398439, 'P_half': 4.213183643253957, 'pre_dampen_half': 502.5175192217655, 'gpp_af': 0.00515795696727661, 'gpp_b': 0.0005752434266899163, 'gpp_d': 84.31013932082456, 'ign_k': 9.226223582279749, 'ign_c': 20.03995359361212, 'trop_agb_crit': 7.500118950416987, 'trop_k_veg': 2.0980895061968847}.
[I 2026-08-06 09:09:20,766] Trial 1160 finished with values: [-0.643564274659839, 0.4219778824952669] and parameters: {'k1': 0.01889771394135163, 'D_low': 4.484744524732794, 'k2': 0.012758211164590085, 'D_high': 2940.51756322311, 'fire_exp': 1.0629462657398439, 'P_half': 4.213183643253957, 'pre_dampen_half': 552.4163637315892, 'gpp_af': 0.1476584299248268, 'gpp_b': 0.0005752434266899163, 'gpp_d': 431.69073113052116, 'ign_k': 9.226223582279749, 'ign_c': 0.557280750002996, 'trop_agb_crit': 7.500118950416987, 'trop_k_veg': 2.520089655463604}.
[I 2026-08-06 09:09:21,873] Trial 1161 finished with values: [-0.6215237088851449, 0.15109086048835352] and parameters: {'k1': 0.016748279468858224, 'D_low': 6.004682478324446, 'k2': 0.012758211164590085, 'D_high': 1537.4098204111451, 'fire_exp': 1.0629462657398439, 'P_half': 12.808863354047988, 'pre_dampen_half': 502.5175192217655, 'gpp_af': 0.1476584299248268, 'gpp_b': 0.004821867175721073, 'gpp_d': 431.69073113052116, 'ign_k': 5.351470428717437, 'ign_c': 20.03995359361212, 'trop_agb_crit': 7.500118950416987, 'trop_k_veg': 1.4584243470991722}.
[I 2026-08-06 09:09:22,981] Trial 1162 finished with values: [-0.6370594316280334, 0.47404076637548853] and parameters: {'k1': 0.016748279468858224, 'D_low': 5.59983195169599, 'k2': 0.005082220961627801, 'D_high': 6059.999467262209, 'fire_exp': 1.0629462657398439, 'P_half': 12.808863354047988, 'pre_dampen_half': 552.4163637315892, 'gpp_af': 0.1588528422491509, 'gpp_b': 0.0005752434266899163, 'gpp_d': 229.41380323183625, 'ign_k': 8.708806168038567, 'ign_c': 20.03995359361212, 'trop_agb_crit': 7.500118950416987, 'trop_k_veg': 2.5879386297557976}.
[I 2026-08-06 09:09:24,088] Trial 1163 finished with values: [-0.6160819953696507, 0.3058103345775365] and parameters: {'k1': 0.008471801418819975, 'D_low': 5.59983195169599, 'k2': 0.032845299795769424, 'D_high': 1177.190025324204, 'fire_exp': 1.0629462657398439, 'P_half': 4.213183643253957, 'pre_dampen_half': 552.4163637315892, 'gpp_af': 0.1476584299248268, 'gpp_b': 0.0005752434266899163, 'gpp_d': 84.31013932082456, 'ign_k': 8.708806168038567, 'ign_c': 0.8916132699546893, 'trop_agb_crit': 25.382873076016292, 'trop_k_veg': 2.520089655463604}.
[I 2026-08-06 09:09:25,213] Trial 1164 finished with values: [-0.624889303923924, 0.19114943614726487] and parameters: {'k1': 0.016748279468858224, 'D_low': 5.59983195169599, 'k2': 0.005082220961627801, 'D_high': 1177.190025324204, 'fire_exp': 1.1430983876313219, 'P_half': 12.808863354047988, 'pre_dampen_half': 552.4163637315892, 'gpp_af': 0.030742717663402135, 'gpp_b': 7.668583666862479e-05, 'gpp_d': 150.14555442537656, 'ign_k': 8.708806168038567, 'ign_c': 20.03995359361212, 'trop_agb_crit': 10.965064494899984, 'trop_k_veg': 3.376529607942905}.
[I 2026-08-06 09:09:26,747] Trial 1165 finished with values: [10.052124510086653, 10.052124510086653] and parameters: {'k1': 0.016748279468858224, 'D_low': 5.59983195169599, 'k2': 0.0002054806895412532, 'D_high': 2940.51756322311, 'fire_exp': 1.0629462657398439, 'P_half': 12.808863354047988, 'pre_dampen_half': 552.4163637315892, 'gpp_af': 0.1476584299248268, 'gpp_b': 0.0005752434266899163, 'gpp_d': 2.944272359149677, 'ign_k': 8.708806168038567, 'ign_c': 5.44599783927348, 'trop_agb_crit': 1.14876138417489, 'trop_k_veg': 0.639227649887817}.
[I 2026-08-06 09:09:27,886] Trial 1166 finished with values: [10.085428436736127, 10.085428436736127] and parameters: {'k1': 0.01889771394135163, 'D_low': 12.105387404469584, 'k2': 7.628652121629366e-05, 'D_high': 1588.2035726402378, 'fire_exp': 1.0629462657398439, 'P_half': 4.213183643253957, 'pre_dampen_half': 107.40052367919465, 'gpp_af': 0.1476584299248268, 'gpp_b': 0.0005752434266899163, 'gpp_d': 84.31013932082456, 'ign_k': 8.708806168038567, 'ign_c': 0.8916132699546893, 'trop_agb_crit': 7.500118950416987, 'trop_k_veg': 2.520089655463604}.
[I 2026-08-06 09:09:28,994] Trial 1167 finished with values: [10.02996236623169, 10.02996236623169] and parameters: {'k1': 0.01889771394135163, 'D_low': 1.9623826481168343, 'k2': 0.005082220961627801, 'D_high': 2940.51756322311, 'fire_exp': 1.0629462657398439, 'P_half': 12.808863354047988, 'pre_dampen_half': 502.5175192217655, 'gpp_af': 0.1476584299248268, 'gpp_b': 0.03884648824992858, 'gpp_d': 431.69073113052116, 'ign_k': 8.708806168038567, 'ign_c': 20.03995359361212, 'trop_agb_crit': 7.500118950416987, 'trop_k_veg': 1.4584243470991722}.
[I 2026-08-06 09:09:30,137] Trial 1168 finished with values: [-0.6114645980350297, 0.302601873109705] and parameters: {'k1': 0.01889771394135163, 'D_low': 5.59983195169599, 'k2': 0.032845299795769424, 'D_high': 2940.51756322311, 'fire_exp': 1.1430983876313219, 'P_half': 24.563265188276052, 'pre_dampen_half': 107.40052367919465, 'gpp_af': 0.0014188461251885575, 'gpp_b': 1.284284091405877e-05, 'gpp_d': 84.31013932082456, 'ign_k': 8.708806168038567, 'ign_c': 8.40543912931368, 'trop_agb_crit': 7.500118950416987, 'trop_k_veg': 0.6673124511410327}.
[I 2026-08-06 09:09:31,251] Trial 1169 finished with values: [-0.6218467870774111, 0.1877198421641243] and parameters: {'k1': 0.016748279468858224, 'D_low': 5.59983195169599, 'k2': 0.00383039225527374, 'D_high': 1588.2035726402378, 'fire_exp': 1.0629462657398439, 'P_half': 12.808863354047988, 'pre_dampen_half': 552.4163637315892, 'gpp_af': 0.1476584299248268, 'gpp_b': 0.0005752434266899163, 'gpp_d': 431.69073113052116, 'ign_k': 8.708806168038567, 'ign_c': 20.03995359361212, 'trop_agb_crit': 1.14876138417489, 'trop_k_veg': 2.7863130345574474}.
[I 2026-08-06 09:09:32,369] Trial 1170 finished with values: [10.023348420158946, 10.023348420158946] and parameters: {'k1': 0.008471801418819975, 'D_low': 5.59983195169599, 'k2': 0.03538758864779238, 'D_high': 972.4201099820957, 'fire_exp': 1.0629462657398439, 'P_half': 4.213183643253957, 'pre_dampen_half': 552.4163637315892, 'gpp_af': 0.00515795696727661, 'gpp_b': 0.0005752434266899163, 'gpp_d': 431.69073113052116, 'ign_k': 8.708806168038567, 'ign_c': 20.03995359361212, 'trop_agb_crit': 12.20853696107838, 'trop_k_veg': 1.4584243470991722}.
[I 2026-08-06 09:09:33,508] Trial 1171 finished with values: [-0.6333911259239722, 0.3748359483597806] and parameters: {'k1': 0.01889771394135163, 'D_low': 4.484744524732794, 'k2': 0.032845299795769424, 'D_high': 2940.51756322311, 'fire_exp': 1.0629462657398439, 'P_half': 4.213183643253957, 'pre_dampen_half': 107.40052367919465, 'gpp_af': 0.1476584299248268, 'gpp_b': 0.0005752434266899163, 'gpp_d': 229.41380323183625, 'ign_k': 8.708806168038567, 'ign_c': 1.483502036384642, 'trop_agb_crit': 10.965064494899984, 'trop_k_veg': 7.963430468552991}.
[I 2026-08-06 09:09:34,615] Trial 1172 finished with values: [-0.6306002739297895, 0.4797324289057836] and parameters: {'k1': 0.01889771394135163, 'D_low': 5.59983195169599, 'k2': 0.03538758864779238, 'D_high': 2940.51756322311, 'fire_exp': 1.0629462657398439, 'P_half': 1.1069424888528068, 'pre_dampen_half': 552.4163637315892, 'gpp_af': 0.1476584299248268, 'gpp_b': 1.284284091405877e-05, 'gpp_d': 84.31013932082456, 'ign_k': 8.708806168038567, 'ign_c': 20.03995359361212, 'trop_agb_crit': 10.965064494899984, 'trop_k_veg': 1.9938441068366917}.
[I 2026-08-06 09:09:35,775] Trial 1173 finished with values: [-0.6380613549349597, 0.2773141716028241] and parameters: {'k1': 0.029626010885972713, 'D_low': 5.59983195169599, 'k2': 0.032845299795769424, 'D_high': 2940.51756322311, 'fire_exp': 1.0629462657398439, 'P_half': 12.808863354047988, 'pre_dampen_half': 502.5175192217655, 'gpp_af': 0.0689916853868204, 'gpp_b': 0.0005752434266899163, 'gpp_d': 150.14555442537656, 'ign_k': 5.351470428717437, 'ign_c': 20.03995359361212, 'trop_agb_crit': 7.500118950416987, 'trop_k_veg': 1.9358464828856796}.
[I 2026-08-06 09:09:36,899] Trial 1174 finished with values: [-0.6251169091907379, 0.2590431578200527] and parameters: {'k1': 0.01889771394135163, 'D_low': 5.59983195169599, 'k2': 0.005082220961627801, 'D_high': 1588.2035726402378, 'fire_exp': 1.0629462657398439, 'P_half': 12.808863354047988, 'pre_dampen_half': 107.40052367919465, 'gpp_af': 0.1476584299248268, 'gpp_b': 0.0005752434266899163, 'gpp_d': 84.31013932082456, 'ign_k': 8.708806168038567, 'ign_c': 0.557280750002996, 'trop_agb_crit': 7.500118950416987, 'trop_k_veg': 2.5879386297557976}.
[I 2026-08-06 09:09:38,037] Trial 1175 finished with values: [-0.6149306545324473, 0.2577762511582953] and parameters: {'k1': 0.008471801418819975, 'D_low': 5.59983195169599, 'k2': 0.032845299795769424, 'D_high': 1537.4098204111451, 'fire_exp': 1.0629462657398439, 'P_half': 4.213183643253957, 'pre_dampen_half': 107.40052367919465, 'gpp_af': 0.00515795696727661, 'gpp_b': 1.284284091405877e-05, 'gpp_d': 84.31013932082456, 'ign_k': 9.226223582279749, 'ign_c': 0.8916132699546893, 'trop_agb_crit': 7.500118950416987, 'trop_k_veg': 6.645848131080878}.
[I 2026-08-06 09:09:39,179] Trial 1176 finished with values: [-0.6353446666143661, 0.32271034734445425] and parameters: {'k1': 0.016748279468858224, 'D_low': 5.59983195169599, 'k2': 0.003717584066880796, 'D_high': 2940.51756322311, 'fire_exp': 1.0629462657398439, 'P_half': 12.808863354047988, 'pre_dampen_half': 502.5175192217655, 'gpp_af': 0.1476584299248268, 'gpp_b': 0.0005752434266899163, 'gpp_d': 431.69073113052116, 'ign_k': 8.708806168038567, 'ign_c': 20.03995359361212, 'trop_agb_crit': 7.500118950416987, 'trop_k_veg': 1.6076933040750887}.
[I 2026-08-06 09:09:40,335] Trial 1177 finished with values: [-0.6433827921692413, 0.4214761558068789] and parameters: {'k1': 0.01889771394135163, 'D_low': 5.59983195169599, 'k2': 0.012758211164590085, 'D_high': 2940.51756322311, 'fire_exp': 1.0629462657398439, 'P_half': 4.213183643253957, 'pre_dampen_half': 552.4163637315892, 'gpp_af': 0.1476584299248268, 'gpp_b': 0.0005752434266899163, 'gpp_d': 431.69073113052116, 'ign_k': 5.351470428717437, 'ign_c': 1.483502036384642, 'trop_agb_crit': 7.500118950416987, 'trop_k_veg': 2.520089655463604}.
[I 2026-08-06 09:09:41,473] Trial 1178 finished with values: [10.052454609357097, 10.052454609357097] and parameters: {'k1': 0.01889771394135163, 'D_low': 350.5173009089482, 'k2': 0.005082220961627801, 'D_high': 8182.111518618414, 'fire_exp': 1.0629462657398439, 'P_half': 12.808863354047988, 'pre_dampen_half': 84.7731049939918, 'gpp_af': 0.18069041761817034, 'gpp_b': 5.128816316792448e-05, 'gpp_d': 84.31013932082456, 'ign_k': 5.595401979134829, 'ign_c': 20.03995359361212, 'trop_agb_crit': 25.382873076016292, 'trop_k_veg': 2.520089655463604}.
[I 2026-08-06 09:09:42,598] Trial 1179 finished with values: [-0.6378791741409426, 0.3650041841078704] and parameters: {'k1': 0.01889771394135163, 'D_low': 12.105387404469584, 'k2': 0.032845299795769424, 'D_high': 2940.51756322311, 'fire_exp': 1.0629462657398439, 'P_half': 97.0660675687761, 'pre_dampen_half': 552.4163637315892, 'gpp_af': 0.1476584299248268, 'gpp_b': 0.0005752434266899163, 'gpp_d': 229.41380323183625, 'ign_k': 5.351470428717437, 'ign_c': 0.557280750002996, 'trop_agb_crit': 7.500118950416987, 'trop_k_veg': 1.9358464828856796}.
[I 2026-08-06 09:09:43,721] Trial 1180 finished with values: [-0.630660818239523, 0.2612611032670178] and parameters: {'k1': 0.016748279468858224, 'D_low': 4.484744524732794, 'k2': 0.005082220961627801, 'D_high': 1177.190025324204, 'fire_exp': 1.0629462657398439, 'P_half': 12.808863354047988, 'pre_dampen_half': 552.4163637315892, 'gpp_af': 0.1476584299248268, 'gpp_b': 0.0005752434266899163, 'gpp_d': 431.69073113052116, 'ign_k': 8.708806168038567, 'ign_c': 1.483502036384642, 'trop_agb_crit': 7.500118950416987, 'trop_k_veg': 1.4584243470991722}.
[I 2026-08-06 09:09:44,861] Trial 1181 finished with values: [-0.6136219896193502, 0.11023746253740097] and parameters: {'k1': 0.016748279468858224, 'D_low': 5.59983195169599, 'k2': 0.005082220961627801, 'D_high': 1588.2035726402378, 'fire_exp': 1.0629462657398439, 'P_half': 5.505316245273476, 'pre_dampen_half': 552.4163637315892, 'gpp_af': 0.00515795696727661, 'gpp_b': 0.0005752434266899163, 'gpp_d': 1.1207905189367506, 'ign_k': 8.708806168038567, 'ign_c': 20.03995359361212, 'trop_agb_crit': 10.965064494899984, 'trop_k_veg': 5.130890164653609}.
[I 2026-08-06 09:09:46,033] Trial 1182 finished with values: [10.061523859713047, 10.061523859713047] and parameters: {'k1': 6.548510655446336e-05, 'D_low': 5.59983195169599, 'k2': 0.03538758864779238, 'D_high': 972.4201099820957, 'fire_exp': 1.0629462657398439, 'P_half': 12.808863354047988, 'pre_dampen_half': 552.4163637315892, 'gpp_af': 0.18069041761817034, 'gpp_b': 0.0005752434266899163, 'gpp_d': 431.69073113052116, 'ign_k': 8.708806168038567, 'ign_c': 20.03995359361212, 'trop_agb_crit': 25.382873076016292, 'trop_k_veg': 2.520089655463604}.
[I 2026-08-06 09:09:47,600] Trial 1183 finished with values: [-0.5719028018118241, 0.23009917440394023] and parameters: {'k1': 0.00034302976652689015, 'D_low': 12.105387404469584, 'k2': 0.032845299795769424, 'D_high': 2940.51756322311, 'fire_exp': 1.0629462657398439, 'P_half': 12.808863354047988, 'pre_dampen_half': 502.5175192217655, 'gpp_af': 0.1476584299248268, 'gpp_b': 0.0005752434266899163, 'gpp_d': 150.14555442537656, 'ign_k': 8.708806168038567, 'ign_c': 20.03995359361212, 'trop_agb_crit': 7.500118950416987, 'trop_k_veg': 1.9358464828856796}.
[I 2026-08-06 09:09:48,740] Trial 1184 finished with values: [-0.6179903477694121, 0.0910183054200201] and parameters: {'k1': 0.01889771394135163, 'D_low': 5.59983195169599, 'k2': 0.032845299795769424, 'D_high': 1177.190025324204, 'fire_exp': 1.0629462657398439, 'P_half': 97.0660675687761, 'pre_dampen_half': 552.4163637315892, 'gpp_af': 0.1476584299248268, 'gpp_b': 0.004821867175721073, 'gpp_d': 229.41380323183625, 'ign_k': 8.708806168038567, 'ign_c': 20.03995359361212, 'trop_agb_crit': 7.500118950416987, 'trop_k_veg': 4.167664671344212}.
[I 2026-08-06 09:09:49,848] Trial 1185 finished with values: [-0.6250656497415494, 0.17881875977926653] and parameters: {'k1': 0.01889771394135163, 'D_low': 5.59983195169599, 'k2': 0.005082220961627801, 'D_high': 1938.603912550459, 'fire_exp': 1.0629462657398439, 'P_half': 224.42820887784595, 'pre_dampen_half': 552.4163637315892, 'gpp_af': 0.1476584299248268, 'gpp_b': 0.0005752434266899163, 'gpp_d': 431.69073113052116, 'ign_k': 8.708806168038567, 'ign_c': 20.03995359361212, 'trop_agb_crit': 7.500118950416987, 'trop_k_veg': 2.520089655463604}.
[I 2026-08-06 09:09:51,005] Trial 1186 finished with values: [10.191172585184793, 10.191172585184793] and parameters: {'k1': 5.468963344385621e-05, 'D_low': 5.59983195169599, 'k2': 0.03538758864779238, 'D_high': 1588.2035726402378, 'fire_exp': 1.0629462657398439, 'P_half': 12.808863354047988, 'pre_dampen_half': 552.4163637315892, 'gpp_af': 0.00515795696727661, 'gpp_b': 0.0005752434266899163, 'gpp_d': 431.69073113052116, 'ign_k': 8.708806168038567, 'ign_c': 20.03995359361212, 'trop_agb_crit': 10.965064494899984, 'trop_k_veg': 1.9358464828856796}.
[I 2026-08-06 09:09:52,111] Trial 1187 finished with values: [-0.6370508049675161, 0.3328601634690268] and parameters: {'k1': 0.01889771394135163, 'D_low': 4.484744524732794, 'k2': 0.032845299795769424, 'D_high': 2940.51756322311, 'fire_exp': 1.0629462657398439, 'P_half': 12.808863354047988, 'pre_dampen_half': 552.4163637315892, 'gpp_af': 0.1476584299248268, 'gpp_b': 0.0005752434266899163, 'gpp_d': 229.41380323183625, 'ign_k': 8.708806168038567, 'ign_c': 20.03995359361212, 'trop_agb_crit': 10.965064494899984, 'trop_k_veg': 1.9938441068366917}.
[I 2026-08-06 09:09:53,233] Trial 1188 finished with values: [-0.6188906401361702, 0.1875451661547748] and parameters: {'k1': 0.008471801418819975, 'D_low': 5.59983195169599, 'k2': 0.03538758864779238, 'D_high': 2940.51756322311, 'fire_exp': 1.0629462657398439, 'P_half': 12.808863354047988, 'pre_dampen_half': 552.4163637315892, 'gpp_af': 0.1476584299248268, 'gpp_b': 0.004821867175721073, 'gpp_d': 229.41380323183625, 'ign_k': 8.708806168038567, 'ign_c': 20.03995359361212, 'trop_agb_crit': 3.4281962070490852, 'trop_k_veg': 1.9938441068366917}.
