[I 2026-08-20 01:01:47,716] Trial 2020 finished with value: 0.42781576405900545 and parameters: {'k1': 0.00456409399899904, 'D_low': 622.8012716483377, 'k2': 0.000620703215889824, 'D_high': 4204009.285134348, 'fire_exp': 1.048615205677996, 'P_half': 78.3437461266507, 'pre_dampen_half': 4.021583769301546, 'gpp_af': 0.06764001717659336, 'gpp_b': 2.3692366761005104e-05, 'gpp_d': 21.935720735917002, 'ign_k': 6.978558961962705, 'ign_c': 1.7159913779438143, 'trop_agb_crit': 19.697753804211878, 'trop_k_veg': 1.6938949159692844}. Best is trial 1285 with value: -0.6015874360929447.
[I 2026-08-20 01:01:49,571] Trial 2021 finished with value: 0.6445374145881376 and parameters: {'k1': 0.00012935998837490916, 'D_low': 20145.656620178575, 'k2': 0.042136685859922335, 'D_high': 1731282.8683366892, 'fire_exp': 9.85138803085444, 'P_half': 1810.6135594184161, 'pre_dampen_half': 1.475504489325609, 'gpp_af': 0.024911997538365212, 'gpp_b': 0.4323707128813342, 'gpp_d': 0.7817710820855631, 'ign_k': 0.3354235605509577, 'ign_c': 5.7766987953314315, 'trop_agb_crit': 21.28991048699186, 'trop_k_veg': 7.4080023797501156}. Best is trial 1285 with value: -0.6015874360929447.
[I 2026-08-20 01:01:50,950] Trial 2022 finished with value: 0.41908478863833365 and parameters: {'k1': 0.043084454544074294, 'D_low': 155.49669818374852, 'k2': 0.01680113347125, 'D_high': 3035181.0460341177, 'fire_exp': 1.8826930317321515, 'P_half': 11.327975418216882, 'pre_dampen_half': 2.3602365856403678, 'gpp_af': 18.15085079196895, 'gpp_b': 0.057364042480198794, 'gpp_d': 321.04304786221036, 'ign_k': 1.494630825267572, 'ign_c': 0.6832583092647923, 'trop_agb_crit': 24.9486735649495, 'trop_k_veg': 0.529966382138994}. Best is trial 1285 with value: -0.6015874360929447.
[I 2026-08-20 01:01:52,323] Trial 2023 finished with value: 0.5375340091542802 and parameters: {'k1': 0.002829414434285762, 'D_low': 1.195323575095341, 'k2': 0.05017759456672362, 'D_high': 397057.8356436335, 'fire_exp': 1.1168674382826456, 'P_half': 44.90144791305985, 'pre_dampen_half': 1.26633082833696, 'gpp_af': 1.3826878178454316, 'gpp_b': 2.146577428061625, 'gpp_d': 123.28790456703167, 'ign_k': 1.2713816816197097, 'ign_c': 0.8674453249320441, 'trop_agb_crit': 11.908888308693626, 'trop_k_veg': 2.0312990901784445}. Best is trial 1285 with value: -0.6015874360929447.
[I 2026-08-20 01:01:53,739] Trial 2024 finished with value: 0.46892604993518017 and parameters: {'k1': 0.0002975106898512309, 'D_low': 18.567585653266967, 'k2': 0.00011456400791556182, 'D_high': 3666116.016236662, 'fire_exp': 4.978199659690632, 'P_half': 2.819150018643005, 'pre_dampen_half': 183.157278125617, 'gpp_af': 0.9548300105917552, 'gpp_b': 0.00021858197468104537, 'gpp_d': 451.3072990106407, 'ign_k': 9.944759483268214, 'ign_c': 9.795983614819418, 'trop_agb_crit': 3.6983143851320808, 'trop_k_veg': 1.4725469787413499}. Best is trial 1285 with value: -0.6015874360929447.
[I 2026-08-20 01:01:55,111] Trial 2025 finished with value: -0.5638536860871144 and parameters: {'k1': 0.00016986421411119068, 'D_low': 753.8201834561143, 'k2': 0.0001278085006323311, 'D_high': 126807.96155754579, 'fire_exp': 3.0522643805875966, 'P_half': 1.3752078171292008, 'pre_dampen_half': 10.2601972200074, 'gpp_af': 4.266065255282995, 'gpp_b': 0.0025226374866508796, 'gpp_d': 743.0080368034058, 'ign_k': 0.18766041163191224, 'ign_c': 5.162788835914768, 'trop_agb_crit': 20.20626719469365, 'trop_k_veg': 1.9933223985562023}. Best is trial 1285 with value: -0.6015874360929447.
[I 2026-08-20 01:01:56,481] Trial 2026 finished with value: -0.5750377916885279 and parameters: {'k1': 0.0002612050693745855, 'D_low': 1.6631178064013554, 'k2': 0.012291043882470374, 'D_high': 4419219.714485978, 'fire_exp': 5.54197000577123, 'P_half': 3.0772353192940494, 'pre_dampen_half': 44.219054566922615, 'gpp_af': 0.22551964839242203, 'gpp_b': 0.0017739287987246163, 'gpp_d': 36.20229288427059, 'ign_k': 3.559310252067834, 'ign_c': 11.442552992300659, 'trop_agb_crit': 2.488544859735163, 'trop_k_veg': 1.2616107620216244}. Best is trial 1285 with value: -0.6015874360929447.
[I 2026-08-20 01:01:57,871] Trial 2027 finished with value: 0.6129081151462258 and parameters: {'k1': 2.344883349801673e-05, 'D_low': 4.298631349032369, 'k2': 0.003265053054286838, 'D_high': 1611.4657656554307, 'fire_exp': 1.0426094909545214, 'P_half': 1492.036776000207, 'pre_dampen_half': 0.36739134712146315, 'gpp_af': 0.019017571241523635, 'gpp_b': 0.026725886427493496, 'gpp_d': 4.7421983998233115, 'ign_k': 0.020056027488030016, 'ign_c': 0.7586876110438424, 'trop_agb_crit': 1.421896102276851, 'trop_k_veg': 4.147385059815744}. Best is trial 1285 with value: -0.6015874360929447.
[I 2026-08-20 01:01:59,277] Trial 2028 finished with value: 0.6445374145881376 and parameters: {'k1': 0.013069827295906134, 'D_low': 86.08901070639968, 'k2': 0.0013717594219019883, 'D_high': 1208725.9792317399, 'fire_exp': 6.928727298085575, 'P_half': 193.69451311752704, 'pre_dampen_half': 154.98750828852786, 'gpp_af': 0.10432901918734515, 'gpp_b': 0.00028881066120153533, 'gpp_d': 23.49925837298052, 'ign_k': 3.843087176947684, 'ign_c': 226.35063900457334, 'trop_agb_crit': 15.50888247171725, 'trop_k_veg': 3.413117825753408}. Best is trial 1285 with value: -0.6015874360929447.
[I 2026-08-20 01:02:00,646] Trial 2029 finished with value: 0.4303363762128345 and parameters: {'k1': 0.00039302064845187195, 'D_low': 25.709023133738118, 'k2': 0.00022736995358875136, 'D_high': 8483274.295012949, 'fire_exp': 1.1039172640145511, 'P_half': 23.525526724095318, 'pre_dampen_half': 13.682317753521707, 'gpp_af': 0.0170503188161201, 'gpp_b': 3.797155844899571e-05, 'gpp_d': 7.903746332916468, 'ign_k': 5.625394279917994, 'ign_c': 15.951134124221214, 'trop_agb_crit': 2.9247827553042485, 'trop_k_veg': 3.465374190261338}. Best is trial 1285 with value: -0.6015874360929447.
[I 2026-08-20 01:02:02,071] Trial 2030 finished with value: 0.6054971655228902 and parameters: {'k1': 5.621873343872066e-05, 'D_low': 1.2810655794406978, 'k2': 0.07956357090050392, 'D_high': 40038.486585571925, 'fire_exp': 1.5093453680766027, 'P_half': 31.73537390249988, 'pre_dampen_half': 434.91657739171296, 'gpp_af': 0.014944536032939344, 'gpp_b': 0.05845542143311559, 'gpp_d': 0.010241398314345724, 'ign_k': 0.018867594188567413, 'ign_c': 0.45202945111875276, 'trop_agb_crit': 4.315804688165775, 'trop_k_veg': 3.073820346260728}. Best is trial 1285 with value: -0.6015874360929447.
[I 2026-08-20 01:02:03,450] Trial 2031 finished with value: 0.4161363358711725 and parameters: {'k1': 0.019678285649870206, 'D_low': 30.406117979420305, 'k2': 0.048450759696771845, 'D_high': 3000298.748029774, 'fire_exp': 1.4519741734048581, 'P_half': 1.5097033707312655, 'pre_dampen_half': 0.8644802878121247, 'gpp_af': 8.109792610745124, 'gpp_b': 0.00958397092874191, 'gpp_d': 332.75480058432345, 'ign_k': 4.02196396813889, 'ign_c': 0.5475436319754446, 'trop_agb_crit': 15.00214586879497, 'trop_k_veg': 2.0941074288662134}. Best is trial 1285 with value: -0.6015874360929447.
[I 2026-08-20 01:02:04,833] Trial 2032 finished with value: 0.44867114700146604 and parameters: {'k1': 0.07376544789044033, 'D_low': 8.733404140917461, 'k2': 0.0035065165109807407, 'D_high': 3210380.134067299, 'fire_exp': 2.1385346978301882, 'P_half': 4.190862576734548, 'pre_dampen_half': 26.2325842310276, 'gpp_af': 1.0844386666594197, 'gpp_b': 0.019850237577514317, 'gpp_d': 276.1786866835745, 'ign_k': 0.24891401436472782, 'ign_c': 0.12383531655437607, 'trop_agb_crit': 9.555933654601874, 'trop_k_veg': 4.156611144767519}. Best is trial 1285 with value: -0.6015874360929447.
[I 2026-08-20 01:02:06,286] Trial 2033 finished with value: 0.6434525057975233 and parameters: {'k1': 0.004460365460863729, 'D_low': 260.27525827428434, 'k2': 7.400363965507701e-05, 'D_high': 2334407.1084544803, 'fire_exp': 5.0397848290857326, 'P_half': 72.9126967123985, 'pre_dampen_half': 328.5051161365618, 'gpp_af': 0.002228849135447777, 'gpp_b': 1.816467189720837e-05, 'gpp_d': 19.024125835312002, 'ign_k': 7.340284744628004, 'ign_c': 30.263456448513374, 'trop_agb_crit': 4.18746481159794, 'trop_k_veg': 4.5808572280110225}. Best is trial 1285 with value: -0.6015874360929447.
[I 2026-08-20 01:02:07,738] Trial 2034 finished with value: 0.635504061357264 and parameters: {'k1': 0.0031956530545702347, 'D_low': 24.49846436924616, 'k2': 0.010539236395239585, 'D_high': 13678.593752541767, 'fire_exp': 3.794923387395503, 'P_half': 10.59293330546106, 'pre_dampen_half': 0.28752806852833807, 'gpp_af': 98.97007386768121, 'gpp_b': 6.122990409702313, 'gpp_d': 8.456544553708936, 'ign_k': 0.40517991103266093, 'ign_c': 1.9347077532566153, 'trop_agb_crit': 16.350866139000843, 'trop_k_veg': 1.3057765108386312}. Best is trial 1285 with value: -0.6015874360929447.
[I 2026-08-20 01:02:09,119] Trial 2035 finished with value: 0.45342854888460493 and parameters: {'k1': 0.05072849070438618, 'D_low': 2.6097118672898945, 'k2': 0.0035777677139562903, 'D_high': 539110.5787539036, 'fire_exp': 2.122393525103547, 'P_half': 10.61371565813793, 'pre_dampen_half': 0.4433136851279022, 'gpp_af': 3.0380135805844697, 'gpp_b': 0.006592426325002176, 'gpp_d': 35.95936001312354, 'ign_k': 0.804801809053982, 'ign_c': 0.12775231674812834, 'trop_agb_crit': 9.50485517862265, 'trop_k_veg': 4.409645188402155}. Best is trial 1285 with value: -0.6015874360929447.
[I 2026-08-20 01:02:10,945] Trial 2036 finished with value: -0.5175579034774531 and parameters: {'k1': 0.09235415466398968, 'D_low': 8.395892082099255, 'k2': 0.00495895764524233, 'D_high': 490908.71751987055, 'fire_exp': 1.533571337741017, 'P_half': 3.277456629746473, 'pre_dampen_half': 0.7797246053221778, 'gpp_af': 2.223258201666112, 'gpp_b': 6.931656616677468e-05, 'gpp_d': 101.68010280538796, 'ign_k': 0.023323056253797082, 'ign_c': 0.5093426660256319, 'trop_agb_crit': 9.478501549456029, 'trop_k_veg': 1.8621191740592486}. Best is trial 1285 with value: -0.6015874360929447.
[I 2026-08-20 01:02:12,314] Trial 2037 finished with value: 0.45098590889569434 and parameters: {'k1': 0.0014847423361687147, 'D_low': 207.00065697170047, 'k2': 8.158476723919561e-05, 'D_high': 2011600.730896188, 'fire_exp': 4.253894848142815, 'P_half': 301.1817599401195, 'pre_dampen_half': 107.93332588914959, 'gpp_af': 0.054082783600062696, 'gpp_b': 8.817591166507502e-05, 'gpp_d': 5.016282330592538, 'ign_k': 5.3859054629199825, 'ign_c': 0.7685528203991181, 'trop_agb_crit': 12.057847948236828, 'trop_k_veg': 2.077334540163263}. Best is trial 1285 with value: -0.6015874360929447.
[I 2026-08-20 01:02:13,728] Trial 2038 finished with value: 0.47802409324345774 and parameters: {'k1': 0.01600031979673039, 'D_low': 20.780239630304763, 'k2': 0.061970807876294935, 'D_high': 74715.07198488055, 'fire_exp': 1.353141469368632, 'P_half': 10.77567450590255, 'pre_dampen_half': 0.4136929916540555, 'gpp_af': 0.9349545353784068, 'gpp_b': 0.05454103102438381, 'gpp_d': 550.2421903886399, 'ign_k': 0.2210737872199046, 'ign_c': 0.14220557916540083, 'trop_agb_crit': 16.116286125558755, 'trop_k_veg': 1.8388795930135926}. Best is trial 1285 with value: -0.6015874360929447.
[I 2026-08-20 01:02:15,124] Trial 2039 finished with value: 0.5937412597825291 and parameters: {'k1': 0.03642931813105214, 'D_low': 143.565206681392, 'k2': 3.2612853869068325e-05, 'D_high': 1581740.6520325432, 'fire_exp': 7.869011920038269, 'P_half': 508.8229137892871, 'pre_dampen_half': 816.9992555677075, 'gpp_af': 0.004071955662553726, 'gpp_b': 0.0006298220303227822, 'gpp_d': 44.41753424773763, 'ign_k': 9.627791804873688, 'ign_c': 0.9089941774322959, 'trop_agb_crit': 16.252162736470222, 'trop_k_veg': 5.176453484510247}. Best is trial 1285 with value: -0.6015874360929447.
[I 2026-08-20 01:02:16,543] Trial 2040 finished with value: 0.6445374145881376 and parameters: {'k1': 0.03342492035887267, 'D_low': 8805.399810411654, 'k2': 0.001726065515143611, 'D_high': 107168.06786767764, 'fire_exp': 4.230564458505116, 'P_half': 230.00179696053365, 'pre_dampen_half': 114.79048324097526, 'gpp_af': 0.0054268468628681, 'gpp_b': 7.4644725267434096, 'gpp_d': 0.039102212286838064, 'ign_k': 0.008042991222275846, 'ign_c': 176.10391900328858, 'trop_agb_crit': 8.238399223409397, 'trop_k_veg': 2.7243156013355483}. Best is trial 1285 with value: -0.6015874360929447.
[I 2026-08-20 01:02:17,983] Trial 2041 finished with value: -0.577816631312725 and parameters: {'k1': 0.00020608181162392223, 'D_low': 1.7808060993627457, 'k2': 0.0012330646511237774, 'D_high': 587707.6008579492, 'fire_exp': 5.3629820033990665, 'P_half': 31.458652639171422, 'pre_dampen_half': 30.51285149471823, 'gpp_af': 2.4815574025672977, 'gpp_b': 0.00026754104349366173, 'gpp_d': 364.28041429262095, 'ign_k': 9.46807886089692, 'ign_c': 8.222073877744672, 'trop_agb_crit': 3.293063975096653, 'trop_k_veg': 2.0221587171656585}. Best is trial 1285 with value: -0.6015874360929447.
[I 2026-08-20 01:02:19,375] Trial 2042 finished with value: 0.4698938883082773 and parameters: {'k1': 0.005297094265878704, 'D_low': 7.447514271256123, 'k2': 0.022854581068751365, 'D_high': 4194023.4468212696, 'fire_exp': 1.189838591651737, 'P_half': 4.308195030175165, 'pre_dampen_half': 0.3827606867531781, 'gpp_af': 12.172647375762166, 'gpp_b': 1.0577718912651701, 'gpp_d': 341.5114444462906, 'ign_k': 3.160354494608494, 'ign_c': 2.132211976933762, 'trop_agb_crit': 5.447179901510081, 'trop_k_veg': 0.6916251550143568}. Best is trial 1285 with value: -0.6015874360929447.
[I 2026-08-20 01:02:20,846] Trial 2043 finished with value: 0.5165326746190386 and parameters: {'k1': 0.017018705551181165, 'D_low': 512.699830795121, 'k2': 2.6238901970075633e-05, 'D_high': 5435518.5046045855, 'fire_exp': 4.2525117896319165, 'P_half': 474.0116983475823, 'pre_dampen_half': 71.16887277615717, 'gpp_af': 0.3279904870173717, 'gpp_b': 0.0016602647045381282, 'gpp_d': 32.881778357070054, 'ign_k': 7.6629784172772215, 'ign_c': 8.093088497705457, 'trop_agb_crit': 5.195811376305711, 'trop_k_veg': 2.780594255882792}. Best is trial 1285 with value: -0.6015874360929447.
[I 2026-08-20 01:02:22,237] Trial 2044 finished with value: 0.44540304846367007 and parameters: {'k1': 0.0008512916790809511, 'D_low': 16.983101217158772, 'k2': 0.00023584530869087244, 'D_high': 1298567.9110050655, 'fire_exp': 5.483389851949853, 'P_half': 40.40458337407252, 'pre_dampen_half': 526.9675615467448, 'gpp_af': 0.13073164833735948, 'gpp_b': 0.0003748131483211231, 'gpp_d': 6.077686157003597, 'ign_k': 6.21896065845334, 'ign_c': 3.0041146888104606, 'trop_agb_crit': 7.266705311588607, 'trop_k_veg': 3.0382339096400663}. Best is trial 1285 with value: -0.6015874360929447.
[I 2026-08-20 01:02:24,111] Trial 2045 finished with value: 0.5074470291207398 and parameters: {'k1': 0.012753230371145657, 'D_low': 163.86011895199465, 'k2': 0.0861395420409473, 'D_high': 305764.0121367364, 'fire_exp': 1.555900465440472, 'P_half': 75.13816277939354, 'pre_dampen_half': 0.1929198335371448, 'gpp_af': 0.10808463149134984, 'gpp_b': 0.0029302643486190274, 'gpp_d': 399.16407183412275, 'ign_k': 0.13619747923654277, 'ign_c': 0.36991403555222035, 'trop_agb_crit': 4.798643296046308, 'trop_k_veg': 3.0454314122098367}. Best is trial 1285 with value: -0.6015874360929447.
[I 2026-08-20 01:02:26,193] Trial 2046 finished with value: -0.5744358401781872 and parameters: {'k1': 0.0084475235375642, 'D_low': 2.1599616633162073, 'k2': 1.006193392301809e-05, 'D_high': 1285441.9160769193, 'fire_exp': 3.306617189152312, 'P_half': 16.75574184960651, 'pre_dampen_half': 13.975973632178658, 'gpp_af': 14.7038466822612, 'gpp_b': 0.09836267821043965, 'gpp_d': 67.90369638906802, 'ign_k': 0.20510747461567502, 'ign_c': 4.435406753500066, 'trop_agb_crit': 4.8770937995269765, 'trop_k_veg': 2.3223464597677275}. Best is trial 1285 with value: -0.6015874360929447.
[I 2026-08-20 01:02:27,876] Trial 2047 finished with value: 0.5241515159923639 and parameters: {'k1': 0.009331365226057372, 'D_low': 57.100340386907995, 'k2': 0.013933516805711926, 'D_high': 257283.30409398532, 'fire_exp': 2.250783292715258, 'P_half': 3.304478974676162, 'pre_dampen_half': 0.05112857670176496, 'gpp_af': 84.08932021337378, 'gpp_b': 0.07521323061051748, 'gpp_d': 291.85997151568034, 'ign_k': 5.177947219962052, 'ign_c': 0.32479466974598176, 'trop_agb_crit': 8.835707380410472, 'trop_k_veg': 0.8148475358080794}. Best is trial 1285 with value: -0.6015874360929447.
[I 2026-08-20 01:02:29,388] Trial 2048 finished with value: 0.6096909207235888 and parameters: {'k1': 4.435865158818194e-05, 'D_low': 26518.276756766718, 'k2': 0.0008302195410662887, 'D_high': 1478.7803156840528, 'fire_exp': 1.9186028955042438, 'P_half': 5513.580472188395, 'pre_dampen_half': 0.7514614385191937, 'gpp_af': 0.0013866534009510491, 'gpp_b': 9.224532351614938e-05, 'gpp_d': 101.03919718103731, 'ign_k': 0.015234948376594705, 'ign_c': 158.75243075483672, 'trop_agb_crit': 19.44442990970239, 'trop_k_veg': 5.758557171915609}. Best is trial 1285 with value: -0.6015874360929447.
[I 2026-08-20 01:02:30,911] Trial 2049 finished with value: 0.41844063590559044 and parameters: {'k1': 0.0026167489499370274, 'D_low': 18.74267455864805, 'k2': 0.0027411391294727464, 'D_high': 688324.2795049155, 'fire_exp': 5.00193443207809, 'P_half': 25.781066766357696, 'pre_dampen_half': 75.22884115825234, 'gpp_af': 0.01801270693535626, 'gpp_b': 4.1626201004804324e-05, 'gpp_d': 4.1870989583678275, 'ign_k': 9.780090024849537, 'ign_c': 10.863226615102592, 'trop_agb_crit': 3.6106761649604744, 'trop_k_veg': 1.1533826595369907}. Best is trial 1285 with value: -0.6015874360929447.
[I 2026-08-20 01:02:32,796] Trial 2050 finished with value: 0.5007970986232563 and parameters: {'k1': 0.011377873962590898, 'D_low': 12.017304234157415, 'k2': 0.05097712480511892, 'D_high': 4127947.8405430065, 'fire_exp': 1.196380551846476, 'P_half': 2.7018312730378327, 'pre_dampen_half': 0.09908305280645767, 'gpp_af': 9.09377202372629, 'gpp_b': 0.7178025700585141, 'gpp_d': 449.397530732334, 'ign_k': 4.086182047774298, 'ign_c': 0.3045666170478925, 'trop_agb_crit': 17.255603109359544, 'trop_k_veg': 0.9188024468796371}. Best is trial 1285 with value: -0.6015874360929447.
[I 2026-08-20 01:02:34,264] Trial 2051 finished with value: 0.6445374145881376 and parameters: {'k1': 0.07733791601340281, 'D_low': 7864.139565010967, 'k2': 0.000579608441835643, 'D_high': 394.235283303153, 'fire_exp': 3.4052258138727485, 'P_half': 29.332120948000174, 'pre_dampen_half': 3.643630662847449, 'gpp_af': 27.047384207728253, 'gpp_b': 3.486291698665136e-05, 'gpp_d': 51.492874643898226, 'ign_k': 0.04909848838857134, 'ign_c': 0.12590305350770617, 'trop_agb_crit': 3.1713544323359195, 'trop_k_veg': 0.9712875267528644}. Best is trial 1285 with value: -0.6015874360929447.
[I 2026-08-20 01:02:35,684] Trial 2052 finished with value: 0.5925562566264169 and parameters: {'k1': 0.00011997793048415771, 'D_low': 1172.7935015599428, 'k2': 0.002161709575414826, 'D_high': 1411982.9612430567, 'fire_exp': 4.684088177525907, 'P_half': 1032.1547178232152, 'pre_dampen_half': 33.49942713992985, 'gpp_af': 0.10025484461117996, 'gpp_b': 0.010783288749100941, 'gpp_d': 8.668997585657669, 'ign_k': 9.019135041269868, 'ign_c': 5.0921591317147685, 'trop_agb_crit': 7.446892320109965, 'trop_k_veg': 2.165300079413491}. Best is trial 1285 with value: -0.6015874360929447.
[I 2026-08-20 01:02:37,146] Trial 2053 finished with value: 0.565650272774209 and parameters: {'k1': 0.010689218096187971, 'D_low': 5.036423776716118, 'k2': 1.789181749844619e-05, 'D_high': 7960161.375110303, 'fire_exp': 7.081100604737764, 'P_half': 237.4257370670966, 'pre_dampen_half': 3.1078762535120603, 'gpp_af': 0.7703066498733296, 'gpp_b': 0.0001478778264795306, 'gpp_d': 36.07584120846307, 'ign_k': 0.12402388813746262, 'ign_c': 0.6378503883161054, 'trop_agb_crit': 10.682957152057712, 'trop_k_veg': 1.997676244054863}. Best is trial 1285 with value: -0.6015874360929447.
[I 2026-08-20 01:02:38,610] Trial 2054 finished with value: 0.6445374145881376 and parameters: {'k1': 6.106792951807316e-05, 'D_low': 275.785430123375, 'k2': 0.005522128844865362, 'D_high': 15348.032473737085, 'fire_exp': 5.9069261204400085, 'P_half': 12.567687404482891, 'pre_dampen_half': 354.4498164271111, 'gpp_af': 0.7970751733896735, 'gpp_b': 1.6434848315333108, 'gpp_d': 0.02549818475177965, 'ign_k': 0.0012139716381807737, 'ign_c': 911.2088083766936, 'trop_agb_crit': 3.7294817931957076, 'trop_k_veg': 6.897952175286228}. Best is trial 1285 with value: -0.6015874360929447.
[I 2026-08-20 01:02:40,049] Trial 2055 finished with value: 0.5745838178979173 and parameters: {'k1': 0.06321866838871018, 'D_low': 231.12027502696122, 'k2': 0.009231813963865116, 'D_high': 9072.165138973081, 'fire_exp': 2.002324879825177, 'P_half': 2.742055382911333, 'pre_dampen_half': 1.0159254539874714, 'gpp_af': 2.139299604596663, 'gpp_b': 0.016852889178154386, 'gpp_d': 15.55046690705057, 'ign_k': 0.1605284563995519, 'ign_c': 0.11577124248857763, 'trop_agb_crit': 10.040646851214104, 'trop_k_veg': 1.0749743650259813}. Best is trial 1285 with value: -0.6015874360929447.
[I 2026-08-20 01:02:41,581] Trial 2056 finished with value: 0.6445374145881376 and parameters: {'k1': 0.00044074592267413814, 'D_low': 59400.76672723965, 'k2': 0.00042224032383099885, 'D_high': 60.61811516895184, 'fire_exp': 5.108853485301305, 'P_half': 1528.3285548501876, 'pre_dampen_half': 526.0584337713503, 'gpp_af': 0.001488898219620097, 'gpp_b': 0.06889564486780268, 'gpp_d': 0.11511589923411993, 'ign_k': 0.03379603222979995, 'ign_c': 0.2891254727221061, 'trop_agb_crit': 11.638956079161247, 'trop_k_veg': 6.5346067538448045}. Best is trial 1285 with value: -0.6015874360929447.
