[I 2026-08-06 08:57:28,454] Trial 549 finished with values: [10.755271765737941, 10.755271765737941] and parameters: {'k1': 0.01549659926581634, 'D_low': 12.105387404469584, 'k2': 0.0007047307383115598, 'D_high': 61536.58035691648, 'fire_exp': 3.066683393418824, 'P_half': 3116.6852978784937, 'pre_dampen_half': 552.4163637315892, 'gpp_af': 0.7539992074650279, 'gpp_b': 1.284284091405877e-05, 'gpp_d': 2.944272359149677, 'ign_k': 4.006890332238651, 'ign_c': 0.70689749506246, 'trop_agb_crit': 28.66951114938682, 'trop_k_veg': 1.6098025073369409}.
[I 2026-08-06 08:57:29,611] Trial 550 finished with values: [-0.5329302813781758, 0.8944643461001566] and parameters: {'k1': 0.002155595057104387, 'D_low': 2.6786906100977124, 'k2': 0.0005262881356087174, 'D_high': 25628.666000163565, 'fire_exp': 1.1430983876313219, 'P_half': 4.213183643253957, 'pre_dampen_half': 107.40052367919465, 'gpp_af': 1.1409619915696267, 'gpp_b': 0.0005752434266899163, 'gpp_d': 229.41380323183625, 'ign_k': 0.12329098365270515, 'ign_c': 8.40543912931368, 'trop_agb_crit': 1.14876138417489, 'trop_k_veg': 1.0594599158279707}.
[I 2026-08-06 08:57:30,754] Trial 551 finished with values: [-0.5030645904507378, 0.9102351105732593] and parameters: {'k1': 0.007828534228218626, 'D_low': 12.105387404469584, 'k2': 0.0005262881356087174, 'D_high': 61536.58035691648, 'fire_exp': 1.0629462657398439, 'P_half': 220.3445560633069, 'pre_dampen_half': 502.5175192217655, 'gpp_af': 0.7539992074650279, 'gpp_b': 1.5385046399532158e-05, 'gpp_d': 2.944272359149677, 'ign_k': 0.09255037589041182, 'ign_c': 0.1254144753902608, 'trop_agb_crit': 1.14876138417489, 'trop_k_veg': 0.6743482387129308}.
[I 2026-08-06 08:57:31,936] Trial 552 finished with values: [10.145798315356096, 10.145798315356096] and parameters: {'k1': 0.008471801418819975, 'D_low': 2.143851363193517, 'k2': 0.0001280298359290444, 'D_high': 15351.441568398131, 'fire_exp': 1.423480109671474, 'P_half': 221.2683656611821, 'pre_dampen_half': 502.5175192217655, 'gpp_af': 0.7539992074650279, 'gpp_b': 0.0005752434266899163, 'gpp_d': 1.493264336549928, 'ign_k': 5.351470428717437, 'ign_c': 0.70689749506246, 'trop_agb_crit': 1.14876138417489, 'trop_k_veg': 1.4584243470991722}.
[I 2026-08-06 08:57:33,059] Trial 553 finished with values: [10.27276536734925, 10.27276536734925] and parameters: {'k1': 0.002155595057104387, 'D_low': 70.18267183720735, 'k2': 0.0007047307383115598, 'D_high': 37954.79274251299, 'fire_exp': 1.0629462657398439, 'P_half': 234.09994646132157, 'pre_dampen_half': 107.40052367919465, 'gpp_af': 36.460005353173564, 'gpp_b': 3.481277316673104e-05, 'gpp_d': 5.1715677287580455, 'ign_k': 0.6697348618512097, 'ign_c': 20.03995359361212, 'trop_agb_crit': 2.1861040860339416, 'trop_k_veg': 6.45312300188076}.
[I 2026-08-06 08:57:34,216] Trial 554 finished with values: [10.080331246259172, 10.080331246259172] and parameters: {'k1': 0.004312951023617458, 'D_low': 6.96063331852638, 'k2': 0.0012040762895973265, 'D_high': 8182.111518618414, 'fire_exp': 1.423480109671474, 'P_half': 310.3604223881657, 'pre_dampen_half': 502.5175192217655, 'gpp_af': 1.1409619915696267, 'gpp_b': 2.6738182964551835e-05, 'gpp_d': 16.460426816350523, 'ign_k': 0.07696703458159235, 'ign_c': 0.557280750002996, 'trop_agb_crit': 6.275146677376727, 'trop_k_veg': 0.5772603928610088}.
[I 2026-08-06 08:57:35,404] Trial 555 finished with values: [10.069514170682945, 10.069514170682945] and parameters: {'k1': 0.01889771394135163, 'D_low': 335.92388193960346, 'k2': 8.923807143379776e-05, 'D_high': 25628.666000163565, 'fire_exp': 1.0629462657398439, 'P_half': 221.2683656611821, 'pre_dampen_half': 107.40052367919465, 'gpp_af': 1.1409619915696267, 'gpp_b': 1.3289448722869181e-05, 'gpp_d': 418.77522137884927, 'ign_k': 8.708806168038567, 'ign_c': 0.557280750002996, 'trop_agb_crit': 1.14876138417489, 'trop_k_veg': 0.6743482387129308}.
[I 2026-08-06 08:57:36,954] Trial 556 finished with values: [10.171165998347577, 10.171165998347577] and parameters: {'k1': 0.04669327135003539, 'D_low': 12.105387404469584, 'k2': 0.0007047307383115598, 'D_high': 8559.572793311818, 'fire_exp': 1.1430983876313219, 'P_half': 4.213183643253957, 'pre_dampen_half': 502.5175192217655, 'gpp_af': 0.1476584299248268, 'gpp_b': 0.0005752434266899163, 'gpp_d': 229.41380323183625, 'ign_k': 0.0018256829646330853, 'ign_c': 0.557280750002996, 'trop_agb_crit': 1.14876138417489, 'trop_k_veg': 0.6673124511410327}.
[I 2026-08-06 08:57:38,177] Trial 557 finished with values: [-0.6196516749690715, 0.8671720714240176] and parameters: {'k1': 0.01889771394135163, 'D_low': 3.525936800597896, 'k2': 0.0007047307383115598, 'D_high': 61536.58035691648, 'fire_exp': 1.0601964743503993, 'P_half': 4.213183643253957, 'pre_dampen_half': 107.40052367919465, 'gpp_af': 0.1476584299248268, 'gpp_b': 0.0005752434266899163, 'gpp_d': 229.41380323183625, 'ign_k': 8.708806168038567, 'ign_c': 0.557280750002996, 'trop_agb_crit': 7.500118950416987, 'trop_k_veg': 2.520089655463604}.
[I 2026-08-06 08:57:39,351] Trial 558 finished with values: [10.01687597737958, 10.01687597737958] and parameters: {'k1': 0.01889771394135163, 'D_low': 40.12413353131991, 'k2': 0.0007047307383115598, 'D_high': 61536.58035691648, 'fire_exp': 1.0601964743503993, 'P_half': 221.2683656611821, 'pre_dampen_half': 502.5175192217655, 'gpp_af': 1.1409619915696267, 'gpp_b': 1.3289448722869181e-05, 'gpp_d': 84.31013932082456, 'ign_k': 0.0680787482656459, 'ign_c': 0.9580682294110432, 'trop_agb_crit': 7.500118950416987, 'trop_k_veg': 1.4584243470991722}.
[I 2026-08-06 08:57:40,513] Trial 559 finished with values: [-0.5901578782621437, 0.32148949843111585] and parameters: {'k1': 0.03635503353478365, 'D_low': 12.105387404469584, 'k2': 0.03538758864779238, 'D_high': 2940.51756322311, 'fire_exp': 1.353841071397002, 'P_half': 12.808863354047988, 'pre_dampen_half': 552.4163637315892, 'gpp_af': 0.1476584299248268, 'gpp_b': 0.0005752434266899163, 'gpp_d': 229.41380323183625, 'ign_k': 0.12329098365270515, 'ign_c': 8.40543912931368, 'trop_agb_crit': 3.5747129226002423, 'trop_k_veg': 0.6743482387129308}.
[I 2026-08-06 08:57:41,671] Trial 560 finished with values: [-0.5652374861264164, 0.5790598742056843] and parameters: {'k1': 0.007299613382801458, 'D_low': 12.105387404469584, 'k2': 0.0009562822793888481, 'D_high': 8182.111518618414, 'fire_exp': 1.1430983876313219, 'P_half': 220.3445560633069, 'pre_dampen_half': 552.4163637315892, 'gpp_af': 0.7539992074650279, 'gpp_b': 0.0005752434266899163, 'gpp_d': 16.460426816350523, 'ign_k': 0.12329098365270515, 'ign_c': 0.21208987108343724, 'trop_agb_crit': 10.965064494899984, 'trop_k_veg': 0.6673124511410327}.
[I 2026-08-06 08:57:42,808] Trial 561 finished with values: [10.179386315710282, 10.179386315710282] and parameters: {'k1': 0.004312951023617458, 'D_low': 3.525936800597896, 'k2': 0.0007047307383115598, 'D_high': 63233.81951066786, 'fire_exp': 1.221575427404682, 'P_half': 4.213183643253957, 'pre_dampen_half': 502.5175192217655, 'gpp_af': 1.9706963379095486, 'gpp_b': 1.3575045977280317e-05, 'gpp_d': 350.88322284755304, 'ign_k': 0.07696703458159235, 'ign_c': 0.557280750002996, 'trop_agb_crit': 1.14876138417489, 'trop_k_veg': 4.345076509212382}.
[I 2026-08-06 08:57:43,948] Trial 562 finished with values: [-0.5643473132996117, 0.7759977615333495] and parameters: {'k1': 0.00488137519160367, 'D_low': 2.143851363193517, 'k2': 0.032845299795769424, 'D_high': 15351.441568398131, 'fire_exp': 1.423480109671474, 'P_half': 5.232779509048979, 'pre_dampen_half': 502.5175192217655, 'gpp_af': 0.25562996323356024, 'gpp_b': 0.0005752434266899163, 'gpp_d': 150.14555442537656, 'ign_k': 5.351470428717437, 'ign_c': 0.70689749506246, 'trop_agb_crit': 1.14876138417489, 'trop_k_veg': 0.6673124511410327}.
[I 2026-08-06 08:57:45,091] Trial 563 finished with values: [-0.5476413061380706, 0.5724973771994029] and parameters: {'k1': 0.002367935204022389, 'D_low': 4.484744524732794, 'k2': 0.032845299795769424, 'D_high': 8182.111518618414, 'fire_exp': 1.0629462657398439, 'P_half': 220.3445560633069, 'pre_dampen_half': 502.5175192217655, 'gpp_af': 9.419931479490897, 'gpp_b': 0.0005752434266899163, 'gpp_d': 229.41380323183625, 'ign_k': 8.708806168038567, 'ign_c': 20.03995359361212, 'trop_agb_crit': 1.14876138417489, 'trop_k_veg': 3.8009448355772393}.
[I 2026-08-06 08:57:46,262] Trial 564 finished with values: [-0.6051822490089626, 0.3413351446588373] and parameters: {'k1': 0.008471801418819975, 'D_low': 4.484744524732794, 'k2': 0.0007047307383115598, 'D_high': 8182.111518618414, 'fire_exp': 1.0629462657398439, 'P_half': 4.213183643253957, 'pre_dampen_half': 502.5175192217655, 'gpp_af': 0.00515795696727661, 'gpp_b': 0.0005752434266899163, 'gpp_d': 1.493264336549928, 'ign_k': 8.708806168038567, 'ign_c': 0.9580682294110432, 'trop_agb_crit': 1.14876138417489, 'trop_k_veg': 1.9938441068366917}.
[I 2026-08-06 08:57:47,390] Trial 565 finished with values: [-0.46998949888537567, 0.7817176960336009] and parameters: {'k1': 0.004312951023617458, 'D_low': 8.916066514644358, 'k2': 0.0007047307383115598, 'D_high': 61536.58035691648, 'fire_exp': 1.0601964743503993, 'P_half': 221.2683656611821, 'pre_dampen_half': 502.5175192217655, 'gpp_af': 0.7539992074650279, 'gpp_b': 1.284284091405877e-05, 'gpp_d': 84.31013932082456, 'ign_k': 0.0018256829646330853, 'ign_c': 0.9580682294110432, 'trop_agb_crit': 7.500118950416987, 'trop_k_veg': 1.4584243470991722}.
[I 2026-08-06 08:57:48,514] Trial 566 finished with values: [-0.4895362632928542, 0.876738157115081] and parameters: {'k1': 0.002155595057104387, 'D_low': 12.105387404469584, 'k2': 0.0005262881356087174, 'D_high': 61536.58035691648, 'fire_exp': 1.0629462657398439, 'P_half': 338.23872019362165, 'pre_dampen_half': 719.4083432823455, 'gpp_af': 1.1409619915696267, 'gpp_b': 1.3289448722869181e-05, 'gpp_d': 229.41380323183625, 'ign_k': 0.12329098365270515, 'ign_c': 0.70689749506246, 'trop_agb_crit': 1.14876138417489, 'trop_k_veg': 0.6673124511410327}.
[I 2026-08-06 08:57:49,604] Trial 567 finished with values: [-0.5501971758948823, 0.7825246468624412] and parameters: {'k1': 0.01549659926581634, 'D_low': 3.525936800597896, 'k2': 0.0007047307383115598, 'D_high': 8182.111518618414, 'fire_exp': 1.0629462657398439, 'P_half': 5.29551022369202, 'pre_dampen_half': 63.6685916079943, 'gpp_af': 0.7539992074650279, 'gpp_b': 1.284284091405877e-05, 'gpp_d': 2.944272359149677, 'ign_k': 0.07696703458159235, 'ign_c': 0.21208987108343724, 'trop_agb_crit': 10.965064494899984, 'trop_k_veg': 4.345076509212382}.
[I 2026-08-06 08:57:50,762] Trial 568 finished with values: [10.111271016479357, 10.111271016479357] and parameters: {'k1': 0.004312951023617458, 'D_low': 12.105387404469584, 'k2': 0.0007047307383115598, 'D_high': 61536.58035691648, 'fire_exp': 1.1430983876313219, 'P_half': 338.23872019362165, 'pre_dampen_half': 552.4163637315892, 'gpp_af': 1.1409619915696267, 'gpp_b': 0.0005752434266899163, 'gpp_d': 229.41380323183625, 'ign_k': 0.0018256829646330853, 'ign_c': 8.40543912931368, 'trop_agb_crit': 28.66951114938682, 'trop_k_veg': 1.4584243470991722}.
[I 2026-08-06 08:57:51,855] Trial 569 finished with values: [-0.5126541118605761, 0.7858155619239269] and parameters: {'k1': 0.004312951023617458, 'D_low': 4.484744524732794, 'k2': 0.032845299795769424, 'D_high': 61536.58035691648, 'fire_exp': 1.0629462657398439, 'P_half': 220.3445560633069, 'pre_dampen_half': 502.5175192217655, 'gpp_af': 0.7539992074650279, 'gpp_b': 0.0005752434266899163, 'gpp_d': 1.493264336549928, 'ign_k': 8.708806168038567, 'ign_c': 20.03995359361212, 'trop_agb_crit': 1.14876138417489, 'trop_k_veg': 1.4584243470991722}.
[I 2026-08-06 08:57:52,978] Trial 570 finished with values: [-0.5717876939352827, 0.6470193124428156] and parameters: {'k1': 0.008471801418819975, 'D_low': 4.484744524732794, 'k2': 0.032845299795769424, 'D_high': 8182.111518618414, 'fire_exp': 1.0629462657398439, 'P_half': 12.808863354047988, 'pre_dampen_half': 502.5175192217655, 'gpp_af': 0.7539992074650279, 'gpp_b': 0.0005752434266899163, 'gpp_d': 5.1715677287580455, 'ign_k': 0.6697348618512097, 'ign_c': 20.03995359361212, 'trop_agb_crit': 1.14876138417489, 'trop_k_veg': 1.4584243470991722}.
[I 2026-08-06 08:57:54,089] Trial 571 finished with values: [-0.5874568584990435, 0.5602344966078416] and parameters: {'k1': 0.008471801418819975, 'D_low': 4.484744524732794, 'k2': 0.0005262881356087174, 'D_high': 5254.8834372681695, 'fire_exp': 1.0629462657398439, 'P_half': 220.3445560633069, 'pre_dampen_half': 502.5175192217655, 'gpp_af': 0.7539992074650279, 'gpp_b': 1.3289448722869181e-05, 'gpp_d': 229.41380323183625, 'ign_k': 2.615413574494962, 'ign_c': 0.70689749506246, 'trop_agb_crit': 1.14876138417489, 'trop_k_veg': 1.4584243470991722}.
[I 2026-08-06 08:57:55,209] Trial 572 finished with values: [10.470745170827023, 10.470745170827023] and parameters: {'k1': 0.004312951023617458, 'D_low': 40.12413353131991, 'k2': 1.915468390724633e-05, 'D_high': 5254.8834372681695, 'fire_exp': 1.695318866910499, 'P_half': 221.2683656611821, 'pre_dampen_half': 502.5175192217655, 'gpp_af': 1.1409619915696267, 'gpp_b': 1.5385046399532158e-05, 'gpp_d': 229.41380323183625, 'ign_k': 0.0680787482656459, 'ign_c': 0.70689749506246, 'trop_agb_crit': 10.905006748783771, 'trop_k_veg': 2.520089655463604}.
[I 2026-08-06 08:57:56,335] Trial 573 finished with values: [10.568536411568708, 10.568536411568708] and parameters: {'k1': 0.002155595057104387, 'D_low': 34.459310919273356, 'k2': 1.915468390724633e-05, 'D_high': 8182.111518618414, 'fire_exp': 1.0629462657398439, 'P_half': 220.3445560633069, 'pre_dampen_half': 2.893272120738162, 'gpp_af': 0.7539992074650279, 'gpp_b': 1.284284091405877e-05, 'gpp_d': 14.792055086678463, 'ign_k': 0.0680787482656459, 'ign_c': 0.70689749506246, 'trop_agb_crit': 10.965064494899984, 'trop_k_veg': 1.4584243470991722}.
[I 2026-08-06 08:57:57,616] Trial 574 finished with values: [10.584416020217013, 10.584416020217013] and parameters: {'k1': 2.6285770615112825e-05, 'D_low': 2.143851363193517, 'k2': 0.0007047307383115598, 'D_high': 63233.81951066786, 'fire_exp': 1.0629462657398439, 'P_half': 4.213183643253957, 'pre_dampen_half': 0.17224846962214357, 'gpp_af': 1.1409619915696267, 'gpp_b': 3.481277316673104e-05, 'gpp_d': 418.77522137884927, 'ign_k': 0.0680787482656459, 'ign_c': 0.557280750002996, 'trop_agb_crit': 1.14876138417489, 'trop_k_veg': 1.4584243470991722}.
[I 2026-08-06 08:57:58,724] Trial 575 finished with values: [10.151249741486087, 10.151249741486087] and parameters: {'k1': 0.004312951023617458, 'D_low': 40.12413353131991, 'k2': 0.03538758864779238, 'D_high': 8182.111518618414, 'fire_exp': 1.0629462657398439, 'P_half': 221.2683656611821, 'pre_dampen_half': 502.5175192217655, 'gpp_af': 0.6403036652671171, 'gpp_b': 3.481277316673104e-05, 'gpp_d': 229.41380323183625, 'ign_k': 0.0018256829646330853, 'ign_c': 0.24989960578908887, 'trop_agb_crit': 2.9222815721218716, 'trop_k_veg': 0.6743482387129308}.
[I 2026-08-06 08:57:59,846] Trial 576 finished with values: [10.466745597844286, 10.466745597844286] and parameters: {'k1': 0.03040882260558898, 'D_low': 60.42560675552672, 'k2': 0.03538758864779238, 'D_high': 61536.58035691648, 'fire_exp': 1.0629462657398439, 'P_half': 12.808863354047988, 'pre_dampen_half': 502.5175192217655, 'gpp_af': 9.419931479490897, 'gpp_b': 0.0005752434266899163, 'gpp_d': 229.41380323183625, 'ign_k': 8.708806168038567, 'ign_c': 8.40543912931368, 'trop_agb_crit': 7.500118950416987, 'trop_k_veg': 3.8009448355772393}.
[I 2026-08-06 08:58:01,004] Trial 577 finished with values: [10.100933725009245, 10.100933725009245] and parameters: {'k1': 0.0011462237838612073, 'D_low': 12.105387404469584, 'k2': 0.032845299795769424, 'D_high': 61536.58035691648, 'fire_exp': 1.0362310858538248, 'P_half': 1.605843632310088, 'pre_dampen_half': 502.5175192217655, 'gpp_af': 0.1476584299248268, 'gpp_b': 0.0005752434266899163, 'gpp_d': 418.77522137884927, 'ign_k': 5.351470428717437, 'ign_c': 0.70689749506246, 'trop_agb_crit': 25.382873076016292, 'trop_k_veg': 1.3537238576571817}.
[I 2026-08-06 08:58:02,112] Trial 578 finished with values: [-0.6183323377173056, 0.6508663094419818] and parameters: {'k1': 0.03635503353478365, 'D_low': 4.484744524732794, 'k2': 0.032845299795769424, 'D_high': 8182.111518618414, 'fire_exp': 1.0629462657398439, 'P_half': 12.808863354047988, 'pre_dampen_half': 502.5175192217655, 'gpp_af': 0.7539992074650279, 'gpp_b': 0.0005752434266899163, 'gpp_d': 418.77522137884927, 'ign_k': 8.708806168038567, 'ign_c': 20.03995359361212, 'trop_agb_crit': 1.14876138417489, 'trop_k_veg': 1.4584243470991722}.
[I 2026-08-06 08:58:03,252] Trial 579 finished with values: [-0.593902717234972, 0.2613137720669052] and parameters: {'k1': 0.01889771394135163, 'D_low': 70.18267183720735, 'k2': 0.032845299795769424, 'D_high': 1177.190025324204, 'fire_exp': 1.423480109671474, 'P_half': 4.213183643253957, 'pre_dampen_half': 552.4163637315892, 'gpp_af': 0.1476584299248268, 'gpp_b': 1.284284091405877e-05, 'gpp_d': 229.41380323183625, 'ign_k': 8.708806168038567, 'ign_c': 20.03995359361212, 'trop_agb_crit': 25.382873076016292, 'trop_k_veg': 2.5879386297557976}.
[I 2026-08-06 08:58:04,390] Trial 580 finished with values: [-0.5647865998612227, 0.6711976400534773] and parameters: {'k1': 0.008471801418819975, 'D_low': 4.484744524732794, 'k2': 0.0009562822793888481, 'D_high': 61536.58035691648, 'fire_exp': 1.695318866910499, 'P_half': 220.3445560633069, 'pre_dampen_half': 502.5175192217655, 'gpp_af': 1.1409619915696267, 'gpp_b': 0.0005752434266899163, 'gpp_d': 229.41380323183625, 'ign_k': 5.351470428717437, 'ign_c': 20.03995359361212, 'trop_agb_crit': 1.7439923992959638, 'trop_k_veg': 2.520089655463604}.
[I 2026-08-06 08:58:05,514] Trial 581 finished with values: [10.00778083553921, 10.00778083553921] and parameters: {'k1': 0.004312951023617458, 'D_low': 12.105387404469584, 'k2': 0.0005262881356087174, 'D_high': 1177.190025324204, 'fire_exp': 1.0629462657398439, 'P_half': 1.605843632310088, 'pre_dampen_half': 552.4163637315892, 'gpp_af': 1.1409619915696267, 'gpp_b': 1.3289448722869181e-05, 'gpp_d': 16.460426816350523, 'ign_k': 5.351470428717437, 'ign_c': 0.70689749506246, 'trop_agb_crit': 6.275146677376727, 'trop_k_veg': 0.6673124511410327}.
[I 2026-08-06 08:58:06,669] Trial 582 finished with values: [10.055014531789352, 10.055014531789352] and parameters: {'k1': 0.0003667128654092894, 'D_low': 3.525936800597896, 'k2': 0.0007047307383115598, 'D_high': 61536.58035691648, 'fire_exp': 1.423480109671474, 'P_half': 4.213183643253957, 'pre_dampen_half': 107.40052367919465, 'gpp_af': 0.1476584299248268, 'gpp_b': 0.0005752434266899163, 'gpp_d': 229.41380323183625, 'ign_k': 8.708806168038567, 'ign_c': 0.557280750002996, 'trop_agb_crit': 7.500118950416987, 'trop_k_veg': 7.349516226591225}.
[I 2026-08-06 08:58:07,811] Trial 583 finished with values: [10.600368255191526, 10.600368255191526] and parameters: {'k1': 0.01889771394135163, 'D_low': 70.18267183720735, 'k2': 0.0012040762895973265, 'D_high': 107.7788960207926, 'fire_exp': 1.423480109671474, 'P_half': 221.2683656611821, 'pre_dampen_half': 107.40052367919465, 'gpp_af': 1.1409619915696267, 'gpp_b': 1.284284091405877e-05, 'gpp_d': 229.41380323183625, 'ign_k': 8.708806168038567, 'ign_c': 20.03995359361212, 'trop_agb_crit': 7.500118950416987, 'trop_k_veg': 2.520089655463604}.
[I 2026-08-06 08:58:08,915] Trial 584 finished with values: [-0.543683605205295, 0.5041594257580027] and parameters: {'k1': 0.004312951023617458, 'D_low': 4.484744524732794, 'k2': 0.0007047307383115598, 'D_high': 8182.111518618414, 'fire_exp': 1.423480109671474, 'P_half': 220.3445560633069, 'pre_dampen_half': 502.5175192217655, 'gpp_af': 9.419931479490897, 'gpp_b': 1.284284091405877e-05, 'gpp_d': 229.41380323183625, 'ign_k': 8.708806168038567, 'ign_c': 20.03995359361212, 'trop_agb_crit': 1.14876138417489, 'trop_k_veg': 3.8009448355772393}.
[I 2026-08-06 08:58:10,085] Trial 585 finished with values: [-0.5343895653576884, 0.5234762381728215] and parameters: {'k1': 0.004312951023617458, 'D_low': 40.12413353131991, 'k2': 0.0009562822793888481, 'D_high': 8182.111518618414, 'fire_exp': 1.695318866910499, 'P_half': 221.2683656611821, 'pre_dampen_half': 502.5175192217655, 'gpp_af': 1.1409619915696267, 'gpp_b': 1.5385046399532158e-05, 'gpp_d': 229.41380323183625, 'ign_k': 5.351470428717437, 'ign_c': 0.24989960578908887, 'trop_agb_crit': 1.6878075072665546, 'trop_k_veg': 2.520089655463604}.
[I 2026-08-06 08:58:11,225] Trial 586 finished with values: [-0.5980909777702658, 0.3582370869649115] and parameters: {'k1': 0.03635503353478365, 'D_low': 12.105387404469584, 'k2': 0.03538758864779238, 'D_high': 2940.51756322311, 'fire_exp': 1.353841071397002, 'P_half': 12.808863354047988, 'pre_dampen_half': 552.4163637315892, 'gpp_af': 0.18069041761817034, 'gpp_b': 0.0005752434266899163, 'gpp_d': 229.41380323183625, 'ign_k': 0.12329098365270515, 'ign_c': 8.40543912931368, 'trop_agb_crit': 10.965064494899984, 'trop_k_veg': 0.6743482387129308}.
[I 2026-08-06 08:58:12,378] Trial 587 finished with values: [-0.5758311444999181, 0.46380974202253833] and parameters: {'k1': 0.01889771394135163, 'D_low': 70.18267183720735, 'k2': 0.012758211164590085, 'D_high': 2940.51756322311, 'fire_exp': 1.0362310858538248, 'P_half': 1.605843632310088, 'pre_dampen_half': 107.40052367919465, 'gpp_af': 1.921689966904808, 'gpp_b': 0.0005752434266899163, 'gpp_d': 84.31013932082456, 'ign_k': 0.0680787482656459, 'ign_c': 0.70689749506246, 'trop_agb_crit': 25.382873076016292, 'trop_k_veg': 0.5443513380244235}.
[I 2026-08-06 08:58:13,562] Trial 588 finished with values: [10.002216531188278, 10.002216531188278] and parameters: {'k1': 0.0001998758192761449, 'D_low': 40.12413353131991, 'k2': 0.0007047307383115598, 'D_high': 61536.58035691648, 'fire_exp': 1.0601964743503993, 'P_half': 98.3519252750597, 'pre_dampen_half': 502.5175192217655, 'gpp_af': 7.368271642921844, 'gpp_b': 3.481277316673104e-05, 'gpp_d': 84.31013932082456, 'ign_k': 0.010167079878196114, 'ign_c': 4.439802552990464, 'trop_agb_crit': 7.500118950416987, 'trop_k_veg': 6.5801322358877785}.
