[I 2026-08-06 08:53:30,688] Trial 391 finished with values: [10.551033166562723, 10.551033166562723] and parameters: {'k1': 0.002155595057104387, 'D_low': 70.18267183720735, 'k2': 0.0012040762895973265, 'D_high': 61536.58035691648, 'fire_exp': 1.0601964743503993, 'P_half': 3.313942437345199, 'pre_dampen_half': 3.3841016089580034, 'gpp_af': 0.10409127568994281, 'gpp_b': 0.0054502936945582505, 'gpp_d': 84.31013932082456, 'ign_k': 8.708806168038567, 'ign_c': 20.03995359361212, 'trop_agb_crit': 10.691477813613638, 'trop_k_veg': 6.9782110227926815}.
[I 2026-08-06 08:53:32,621] Trial 392 finished with values: [10.424146158332881, 10.424146158332881] and parameters: {'k1': 0.01889771394135163, 'D_low': 40.12413353131991, 'k2': 1.1065812688893481e-05, 'D_high': 2940.51756322311, 'fire_exp': 1.221575427404682, 'P_half': 220.3445560633069, 'pre_dampen_half': 107.40052367919465, 'gpp_af': 6.184662139590329, 'gpp_b': 1.284284091405877e-05, 'gpp_d': 2.944272359149677, 'ign_k': 8.708806168038567, 'ign_c': 0.557280750002996, 'trop_agb_crit': 24.584290528289387, 'trop_k_veg': 0.6743482387129308}.
[I 2026-08-06 08:53:34,528] Trial 393 finished with values: [10.4200611679116, 10.4200611679116] and parameters: {'k1': 0.00488137519160367, 'D_low': 40.12413353131991, 'k2': 0.03538758864779238, 'D_high': 61536.58035691648, 'fire_exp': 1.695318866910499, 'P_half': 221.2683656611821, 'pre_dampen_half': 502.5175192217655, 'gpp_af': 0.6403036652671171, 'gpp_b': 1.5385046399532158e-05, 'gpp_d': 5.1715677287580455, 'ign_k': 0.0018256829646330853, 'ign_c': 0.24989960578908887, 'trop_agb_crit': 2.9222815721218716, 'trop_k_veg': 1.4584243470991722}.
[I 2026-08-06 08:53:36,414] Trial 394 finished with values: [10.101975228484987, 10.101975228484987] and parameters: {'k1': 0.002155595057104387, 'D_low': 34.459310919273356, 'k2': 1.915468390724633e-05, 'D_high': 8182.111518618414, 'fire_exp': 1.0629462657398439, 'P_half': 220.3445560633069, 'pre_dampen_half': 552.4163637315892, 'gpp_af': 0.7539992074650279, 'gpp_b': 1.284284091405877e-05, 'gpp_d': 14.792055086678463, 'ign_k': 0.0680787482656459, 'ign_c': 0.70689749506246, 'trop_agb_crit': 10.965064494899984, 'trop_k_veg': 1.4584243470991722}.
[I 2026-08-06 08:53:38,334] Trial 395 finished with values: [10.183370748749136, 10.183370748749136] and parameters: {'k1': 0.007828534228218626, 'D_low': 40.12413353131991, 'k2': 0.0007047307383115598, 'D_high': 5670.3463356272905, 'fire_exp': 1.221575427404682, 'P_half': 220.3445560633069, 'pre_dampen_half': 39.827466658711515, 'gpp_af': 0.7539992074650279, 'gpp_b': 1.5385046399532158e-05, 'gpp_d': 2.944272359149677, 'ign_k': 2.1368329072358767, 'ign_c': 0.1254144753902608, 'trop_agb_crit': 24.584290528289387, 'trop_k_veg': 0.6743482387129308}.
[I 2026-08-06 08:53:40,236] Trial 396 finished with values: [10.521834956425998, 10.521834956425998] and parameters: {'k1': 0.004312951023617458, 'D_low': 1.9977959434035766, 'k2': 8.923807143379776e-05, 'D_high': 61536.58035691648, 'fire_exp': 1.423480109671474, 'P_half': 220.3445560633069, 'pre_dampen_half': 3.3841016089580034, 'gpp_af': 0.7539992074650279, 'gpp_b': 0.0021331409710300844, 'gpp_d': 16.460426816350523, 'ign_k': 5.351470428717437, 'ign_c': 0.557280750002996, 'trop_agb_crit': 6.275146677376727, 'trop_k_veg': 4.345076509212382}.
[I 2026-08-06 08:53:42,142] Trial 397 finished with values: [-0.4602231628300582, 0.9755688417838717] and parameters: {'k1': 0.01889771394135163, 'D_low': 70.18267183720735, 'k2': 0.0007047307383115598, 'D_high': 63233.81951066786, 'fire_exp': 1.221575427404682, 'P_half': 4.213183643253957, 'pre_dampen_half': 107.40052367919465, 'gpp_af': 1.9706963379095486, 'gpp_b': 1.3575045977280317e-05, 'gpp_d': 0.41500286580679413, 'ign_k': 8.708806168038567, 'ign_c': 0.557280750002996, 'trop_agb_crit': 1.14876138417489, 'trop_k_veg': 0.6743482387129308}.
[I 2026-08-06 08:53:44,031] Trial 398 finished with values: [10.609470772952742, 10.609470772952742] and parameters: {'k1': 0.007828534228218626, 'D_low': 12.105387404469584, 'k2': 0.03538758864779238, 'D_high': 5670.3463356272905, 'fire_exp': 1.0629462657398439, 'P_half': 221.2683656611821, 'pre_dampen_half': 39.827466658711515, 'gpp_af': 68.11991466118579, 'gpp_b': 3.481277316673104e-05, 'gpp_d': 5.1715677287580455, 'ign_k': 0.0049611344501914005, 'ign_c': 11.400863701127316, 'trop_agb_crit': 1.0903028125370984, 'trop_k_veg': 1.0594599158279707}.
[I 2026-08-06 08:53:46,125] Trial 399 finished with values: [10.768470560295937, 10.768470560295937] and parameters: {'k1': 0.002155595057104387, 'D_low': 34.459310919273356, 'k2': 0.0007047307383115598, 'D_high': 900.6846506533042, 'fire_exp': 1.1430983876313219, 'P_half': 523.1053126909052, 'pre_dampen_half': 552.4163637315892, 'gpp_af': 0.10409127568994281, 'gpp_b': 0.4192224259816183, 'gpp_d': 1.6983565276584263, 'ign_k': 0.12329098365270515, 'ign_c': 54.09803697908719, 'trop_agb_crit': 7.500118950416987, 'trop_k_veg': 2.4336356947036335}.
[I 2026-08-06 08:53:48,046] Trial 400 finished with values: [10.31220257217567, 10.31220257217567] and parameters: {'k1': 0.07111611367121734, 'D_low': 34.459310919273356, 'k2': 0.0007047307383115598, 'D_high': 233.07122788234065, 'fire_exp': 1.1430983876313219, 'P_half': 5.076307782729897, 'pre_dampen_half': 552.4163637315892, 'gpp_af': 0.6403036652671171, 'gpp_b': 1.5385046399532158e-05, 'gpp_d': 10.369565216756202, 'ign_k': 2.1368329072358767, 'ign_c': 0.24989960578908887, 'trop_agb_crit': 1.0903028125370984, 'trop_k_veg': 1.0345878666211452}.
[I 2026-08-06 08:53:50,011] Trial 401 finished with values: [10.201776791389463, 10.201776791389463] and parameters: {'k1': 0.00488137519160367, 'D_low': 70.18267183720735, 'k2': 0.03538758864779238, 'D_high': 2940.51756322311, 'fire_exp': 1.0601964743503993, 'P_half': 4.213183643253957, 'pre_dampen_half': 107.40052367919465, 'gpp_af': 0.6403036652671171, 'gpp_b': 0.0054502936945582505, 'gpp_d': 5.1715677287580455, 'ign_k': 0.060759029110813774, 'ign_c': 1.2431017136067033, 'trop_agb_crit': 1.0903028125370984, 'trop_k_veg': 7.936472946233041}.
[I 2026-08-06 08:53:52,010] Trial 402 finished with values: [-0.5440317470061405, 0.7837550089639262] and parameters: {'k1': 0.01889771394135163, 'D_low': 70.18267183720735, 'k2': 0.0012040762895973265, 'D_high': 25628.666000163565, 'fire_exp': 1.423480109671474, 'P_half': 221.2683656611821, 'pre_dampen_half': 107.40052367919465, 'gpp_af': 1.1409619915696267, 'gpp_b': 2.6738182964551835e-05, 'gpp_d': 229.41380323183625, 'ign_k': 8.708806168038567, 'ign_c': 0.557280750002996, 'trop_agb_crit': 6.119263728555865, 'trop_k_veg': 0.5772603928610088}.
[I 2026-08-06 08:53:53,949] Trial 403 finished with values: [10.665519254522161, 10.665519254522161] and parameters: {'k1': 0.00488137519160367, 'D_low': 12.105387404469584, 'k2': 8.923807143379776e-05, 'D_high': 8182.111518618414, 'fire_exp': 2.667972213959779, 'P_half': 220.3445560633069, 'pre_dampen_half': 552.4163637315892, 'gpp_af': 0.1476584299248268, 'gpp_b': 0.0005752434266899163, 'gpp_d': 418.77522137884927, 'ign_k': 0.0680787482656459, 'ign_c': 0.557280750002996, 'trop_agb_crit': 3.5747129226002423, 'trop_k_veg': 1.4584243470991722}.
[I 2026-08-06 08:53:55,887] Trial 404 finished with values: [-0.5175203604531264, 0.6032134715479534] and parameters: {'k1': 0.002155595057104387, 'D_low': 12.105387404469584, 'k2': 0.019894080167856886, 'D_high': 61536.58035691648, 'fire_exp': 1.1430983876313219, 'P_half': 338.23872019362165, 'pre_dampen_half': 552.4163637315892, 'gpp_af': 0.18069041761817034, 'gpp_b': 0.0005752434266899163, 'gpp_d': 229.41380323183625, 'ign_k': 0.12329098365270515, 'ign_c': 8.40543912931368, 'trop_agb_crit': 10.965064494899984, 'trop_k_veg': 0.6673124511410327}.
[I 2026-08-06 08:53:57,821] Trial 405 finished with values: [10.08846039588843, 10.08846039588843] and parameters: {'k1': 0.01889771394135163, 'D_low': 4.513311251103462, 'k2': 1.1065812688893481e-05, 'D_high': 25628.666000163565, 'fire_exp': 1.0601964743503993, 'P_half': 221.2683656611821, 'pre_dampen_half': 107.40052367919465, 'gpp_af': 9.419931479490897, 'gpp_b': 1.284284091405877e-05, 'gpp_d': 229.41380323183625, 'ign_k': 8.708806168038567, 'ign_c': 20.03995359361212, 'trop_agb_crit': 7.500118950416987, 'trop_k_veg': 6.9782110227926815}.
[I 2026-08-06 08:53:59,722] Trial 406 finished with values: [10.571236611522204, 10.571236611522204] and parameters: {'k1': 0.005952904331761848, 'D_low': 34.459310919273356, 'k2': 0.0007047307383115598, 'D_high': 233.07122788234065, 'fire_exp': 1.1430983876313219, 'P_half': 5.076307782729897, 'pre_dampen_half': 552.4163637315892, 'gpp_af': 68.11991466118579, 'gpp_b': 1.5385046399532158e-05, 'gpp_d': 150.14555442537656, 'ign_k': 0.0049611344501914005, 'ign_c': 0.24989960578908887, 'trop_agb_crit': 1.0903028125370984, 'trop_k_veg': 1.0345878666211452}.
[I 2026-08-06 08:54:01,641] Trial 407 finished with values: [-0.5002708021477378, 0.7446791093432499] and parameters: {'k1': 0.04669327135003539, 'D_low': 3.525936800597896, 'k2': 7.639737756882014e-05, 'D_high': 21.356209987689077, 'fire_exp': 1.0629462657398439, 'P_half': 4.213183643253957, 'pre_dampen_half': 502.5175192217655, 'gpp_af': 0.2204465010099918, 'gpp_b': 1.3289448722869181e-05, 'gpp_d': 150.14555442537656, 'ign_k': 0.0680787482656459, 'ign_c': 0.557280750002996, 'trop_agb_crit': 10.965064494899984, 'trop_k_veg': 0.6673124511410327}.
[I 2026-08-06 08:54:03,545] Trial 408 finished with values: [10.163139840853333, 10.163139840853333] and parameters: {'k1': 0.008471801418819975, 'D_low': 12.105387404469584, 'k2': 0.032845299795769424, 'D_high': 2940.51756322311, 'fire_exp': 1.1430983876313219, 'P_half': 338.23872019362165, 'pre_dampen_half': 107.40052367919465, 'gpp_af': 0.1476584299248268, 'gpp_b': 0.0005752434266899163, 'gpp_d': 229.41380323183625, 'ign_k': 8.708806168038567, 'ign_c': 0.557280750002996, 'trop_agb_crit': 3.5747129226002423, 'trop_k_veg': 0.6673124511410327}.
[I 2026-08-06 08:54:05,440] Trial 409 finished with values: [-0.5120100357130003, 0.709793147992333] and parameters: {'k1': 0.01889771394135163, 'D_low': 40.12413353131991, 'k2': 0.0007047307383115598, 'D_high': 61536.58035691648, 'fire_exp': 1.0601964743503993, 'P_half': 221.2683656611821, 'pre_dampen_half': 502.5175192217655, 'gpp_af': 0.10409127568994281, 'gpp_b': 3.481277316673104e-05, 'gpp_d': 84.31013932082456, 'ign_k': 0.0018256829646330853, 'ign_c': 0.9580682294110432, 'trop_agb_crit': 7.500118950416987, 'trop_k_veg': 1.4584243470991722}.
[I 2026-08-06 08:54:07,612] Trial 410 finished with values: [-0.5136313033741217, 0.8971772013640105] and parameters: {'k1': 0.002367935204022389, 'D_low': 40.12413353131991, 'k2': 0.0007047307383115598, 'D_high': 61536.58035691648, 'fire_exp': 1.0629462657398439, 'P_half': 220.3445560633069, 'pre_dampen_half': 502.5175192217655, 'gpp_af': 1.1409619915696267, 'gpp_b': 3.481277316673104e-05, 'gpp_d': 229.41380323183625, 'ign_k': 0.07696703458159235, 'ign_c': 4.439802552990464, 'trop_agb_crit': 2.9222815721218716, 'trop_k_veg': 6.5801322358877785}.
[I 2026-08-06 08:54:09,564] Trial 411 finished with values: [-0.5343895653576884, 0.5234762381728215] and parameters: {'k1': 0.004312951023617458, 'D_low': 40.12413353131991, 'k2': 0.0009562822793888481, 'D_high': 8182.111518618414, 'fire_exp': 1.695318866910499, 'P_half': 221.2683656611821, 'pre_dampen_half': 502.5175192217655, 'gpp_af': 1.1409619915696267, 'gpp_b': 1.5385046399532158e-05, 'gpp_d': 229.41380323183625, 'ign_k': 5.351470428717437, 'ign_c': 0.24989960578908887, 'trop_agb_crit': 1.6878075072665546, 'trop_k_veg': 2.520089655463604}.
[I 2026-08-06 08:54:11,458] Trial 412 finished with values: [10.00291492833363, 10.00291492833363] and parameters: {'k1': 0.005272264723319183, 'D_low': 2.143851363193517, 'k2': 0.004149969043497543, 'D_high': 5254.8834372681695, 'fire_exp': 1.0629462657398439, 'P_half': 1.605843632310088, 'pre_dampen_half': 63.6685916079943, 'gpp_af': 1.2389588752305056, 'gpp_b': 1.3289448722869181e-05, 'gpp_d': 2.944272359149677, 'ign_k': 0.0680787482656459, 'ign_c': 0.70689749506246, 'trop_agb_crit': 10.965064494899984, 'trop_k_veg': 0.6743482387129308}.
[I 2026-08-06 08:54:13,361] Trial 413 finished with values: [-0.6062934764270596, 0.6134469925677088] and parameters: {'k1': 0.004312951023617458, 'D_low': 40.12413353131991, 'k2': 0.03538758864779238, 'D_high': 25628.666000163565, 'fire_exp': 1.0629462657398439, 'P_half': 1.605843632310088, 'pre_dampen_half': 502.5175192217655, 'gpp_af': 0.10409127568994281, 'gpp_b': 0.0054502936945582505, 'gpp_d': 229.41380323183625, 'ign_k': 8.708806168038567, 'ign_c': 1.2389052918551067, 'trop_agb_crit': 7.500118950416987, 'trop_k_veg': 2.520089655463604}.
[I 2026-08-06 08:54:15,247] Trial 414 finished with values: [10.427027689716736, 10.427027689716736] and parameters: {'k1': 0.004312951023617458, 'D_low': 3.525936800597896, 'k2': 1.1065812688893481e-05, 'D_high': 8182.111518618414, 'fire_exp': 1.423480109671474, 'P_half': 107.12009151798692, 'pre_dampen_half': 502.5175192217655, 'gpp_af': 0.7539992074650279, 'gpp_b': 0.0054502936945582505, 'gpp_d': 84.31013932082456, 'ign_k': 0.07696703458159235, 'ign_c': 0.10605801312906209, 'trop_agb_crit': 1.14876138417489, 'trop_k_veg': 6.9782110227926815}.
[I 2026-08-06 08:54:17,167] Trial 415 finished with values: [-0.583062667267112, 0.8700951520086719] and parameters: {'k1': 0.004312951023617458, 'D_low': 12.105387404469584, 'k2': 0.032845299795769424, 'D_high': 61536.58035691648, 'fire_exp': 1.0362310858538248, 'P_half': 4.213183643253957, 'pre_dampen_half': 107.40052367919465, 'gpp_af': 0.1476584299248268, 'gpp_b': 0.0005752434266899163, 'gpp_d': 229.41380323183625, 'ign_k': 5.351470428717437, 'ign_c': 0.557280750002996, 'trop_agb_crit': 25.382873076016292, 'trop_k_veg': 0.6673124511410327}.
[I 2026-08-06 08:54:19,045] Trial 416 finished with values: [10.553015649301145, 10.553015649301145] and parameters: {'k1': 0.002367935204022389, 'D_low': 3.525936800597896, 'k2': 0.0007047307383115598, 'D_high': 8182.111518618414, 'fire_exp': 1.423480109671474, 'P_half': 220.3445560633069, 'pre_dampen_half': 63.6685916079943, 'gpp_af': 0.7539992074650279, 'gpp_b': 1.284284091405877e-05, 'gpp_d': 0.05692321998383699, 'ign_k': 0.12329098365270515, 'ign_c': 4.439802552990464, 'trop_agb_crit': 7.499945891579917, 'trop_k_veg': 0.6743482387129308}.
[I 2026-08-06 08:54:20,916] Trial 417 finished with values: [10.30991921424419, 10.30991921424419] and parameters: {'k1': 0.008471801418819975, 'D_low': 40.12413353131991, 'k2': 1.1065812688893481e-05, 'D_high': 536.2153030688613, 'fire_exp': 1.423480109671474, 'P_half': 4.213183643253957, 'pre_dampen_half': 502.5175192217655, 'gpp_af': 0.7539992074650279, 'gpp_b': 1.284284091405877e-05, 'gpp_d': 16.460426816350523, 'ign_k': 0.07696703458159235, 'ign_c': 18.219343937475102, 'trop_agb_crit': 24.584290528289387, 'trop_k_veg': 6.842216150864676}.
[I 2026-08-06 08:54:22,800] Trial 418 finished with values: [10.13715092959009, 10.13715092959009] and parameters: {'k1': 0.008471801418819975, 'D_low': 5.59983195169599, 'k2': 0.032845299795769424, 'D_high': 2940.51756322311, 'fire_exp': 1.165368636520435, 'P_half': 4.213183643253957, 'pre_dampen_half': 107.40052367919465, 'gpp_af': 0.6403036652671171, 'gpp_b': 0.0005752434266899163, 'gpp_d': 1.493264336549928, 'ign_k': 0.12329098365270515, 'ign_c': 8.40543912931368, 'trop_agb_crit': 3.5747129226002423, 'trop_k_veg': 0.6673124511410327}.
[I 2026-08-06 08:54:24,721] Trial 419 finished with values: [10.446441432070104, 10.446441432070104] and parameters: {'k1': 0.04669327135003539, 'D_low': 12.105387404469584, 'k2': 0.032845299795769424, 'D_high': 63233.81951066786, 'fire_exp': 1.1430983876313219, 'P_half': 4.213183643253957, 'pre_dampen_half': 1.254979363966895, 'gpp_af': 0.1476584299248268, 'gpp_b': 0.0005752434266899163, 'gpp_d': 229.41380323183625, 'ign_k': 8.708806168038567, 'ign_c': 0.557280750002996, 'trop_agb_crit': 1.14876138417489, 'trop_k_veg': 1.4584243470991722}.
[I 2026-08-06 08:54:26,633] Trial 420 finished with values: [10.49131663241855, 10.49131663241855] and parameters: {'k1': 0.01889771394135163, 'D_low': 70.18267183720735, 'k2': 0.00021901578520649233, 'D_high': 9419.6122359782, 'fire_exp': 1.221575427404682, 'P_half': 358.182027657807, 'pre_dampen_half': 107.40052367919465, 'gpp_af': 1.9706963379095486, 'gpp_b': 0.0054502936945582505, 'gpp_d': 0.9726844876539025, 'ign_k': 8.708806168038567, 'ign_c': 20.03995359361212, 'trop_agb_crit': 24.584290528289387, 'trop_k_veg': 0.6743482387129308}.
[I 2026-08-06 08:54:28,772] Trial 421 finished with values: [-0.47386822921476546, 0.9221467780728156] and parameters: {'k1': 0.002367935204022389, 'D_low': 64.39790863101601, 'k2': 0.0007047307383115598, 'D_high': 61536.58035691648, 'fire_exp': 1.221575427404682, 'P_half': 12.498583886387651, 'pre_dampen_half': 552.4163637315892, 'gpp_af': 0.7539992074650279, 'gpp_b': 1.284284091405877e-05, 'gpp_d': 16.460426816350523, 'ign_k': 0.010167079878196114, 'ign_c': 4.439802552990464, 'trop_agb_crit': 1.8157022975489, 'trop_k_veg': 6.5801322358877785}.
[I 2026-08-06 08:54:30,641] Trial 422 finished with values: [10.750277241015024, 10.750277241015024] and parameters: {'k1': 0.002367935204022389, 'D_low': 40.12413353131991, 'k2': 0.0007047307383115598, 'D_high': 3712.591045287726, 'fire_exp': 1.423480109671474, 'P_half': 8628.009047476773, 'pre_dampen_half': 502.5175192217655, 'gpp_af': 1.1409619915696267, 'gpp_b': 1.284284091405877e-05, 'gpp_d': 229.41380323183625, 'ign_k': 0.07696703458159235, 'ign_c': 18.219343937475102, 'trop_agb_crit': 1.8157022975489, 'trop_k_veg': 1.555454318160094}.
[I 2026-08-06 08:54:32,538] Trial 423 finished with values: [-0.512996648107088, 0.8069815481922069] and parameters: {'k1': 0.037704815040649445, 'D_low': 2.143851363193517, 'k2': 8.923807143379776e-05, 'D_high': 5254.8834372681695, 'fire_exp': 1.0629462657398439, 'P_half': 1.605843632310088, 'pre_dampen_half': 502.5175192217655, 'gpp_af': 0.7539992074650279, 'gpp_b': 1.3289448722869181e-05, 'gpp_d': 418.77522137884927, 'ign_k': 0.0680787482656459, 'ign_c': 0.70689749506246, 'trop_agb_crit': 1.14876138417489, 'trop_k_veg': 0.6743482387129308}.
[I 2026-08-06 08:54:34,521] Trial 424 finished with values: [10.144220412728304, 10.144220412728304] and parameters: {'k1': 0.002155595057104387, 'D_low': 70.18267183720735, 'k2': 0.012758211164590085, 'D_high': 2940.51756322311, 'fire_exp': 1.0629462657398439, 'P_half': 12.808863354047988, 'pre_dampen_half': 107.40052367919465, 'gpp_af': 0.1476584299248268, 'gpp_b': 0.0005752434266899163, 'gpp_d': 5.1715677287580455, 'ign_k': 5.351470428717437, 'ign_c': 20.03995359361212, 'trop_agb_crit': 2.1861040860339416, 'trop_k_veg': 6.45312300188076}.
[I 2026-08-06 08:54:36,403] Trial 425 finished with values: [10.562833297785163, 10.562833297785163] and parameters: {'k1': 7.118997101275657e-05, 'D_low': 1.9977959434035766, 'k2': 8.923807143379776e-05, 'D_high': 2940.51756322311, 'fire_exp': 1.0629462657398439, 'P_half': 221.2683656611821, 'pre_dampen_half': 502.5175192217655, 'gpp_af': 0.6403036652671171, 'gpp_b': 0.0005752434266899163, 'gpp_d': 2.944272359149677, 'ign_k': 0.0049611344501914005, 'ign_c': 8.40543912931368, 'trop_agb_crit': 3.848553322122042, 'trop_k_veg': 0.6743482387129308}.
[I 2026-08-06 08:54:38,292] Trial 426 finished with values: [10.2076155233184, 10.2076155233184] and parameters: {'k1': 0.002367935204022389, 'D_low': 70.18267183720735, 'k2': 1.1065812688893481e-05, 'D_high': 3712.591045287726, 'fire_exp': 1.0601964743503993, 'P_half': 220.3445560633069, 'pre_dampen_half': 107.40052367919465, 'gpp_af': 1.1409619915696267, 'gpp_b': 1.284284091405877e-05, 'gpp_d': 84.31013932082456, 'ign_k': 8.708806168038567, 'ign_c': 4.439802552990464, 'trop_agb_crit': 1.8157022975489, 'trop_k_veg': 6.5801322358877785}.
[I 2026-08-06 08:54:40,173] Trial 427 finished with values: [10.527558498871839, 10.527558498871839] and parameters: {'k1': 0.01889771394135163, 'D_low': 70.18267183720735, 'k2': 1.1065812688893481e-05, 'D_high': 3712.591045287726, 'fire_exp': 1.0601964743503993, 'P_half': 220.3445560633069, 'pre_dampen_half': 107.40052367919465, 'gpp_af': 1.1409619915696267, 'gpp_b': 0.0054502936945582505, 'gpp_d': 229.41380323183625, 'ign_k': 0.0013320984762921239, 'ign_c': 20.03995359361212, 'trop_agb_crit': 1.8157022975489, 'trop_k_veg': 6.45312300188076}.
[I 2026-08-06 08:54:42,009] Trial 428 finished with values: [10.607048226148427, 10.607048226148427] and parameters: {'k1': 0.01889771394135163, 'D_low': 70.18267183720735, 'k2': 0.0012040762895973265, 'D_high': 63233.81951066786, 'fire_exp': 1.0629462657398439, 'P_half': 221.2683656611821, 'pre_dampen_half': 107.40052367919465, 'gpp_af': 1.1409619915696267, 'gpp_b': 0.08128322984179755, 'gpp_d': 0.6960360257735198, 'ign_k': 0.0018256829646330853, 'ign_c': 20.03995359361212, 'trop_agb_crit': 1.14876138417489, 'trop_k_veg': 5.492385920002873}.
[I 2026-08-06 08:54:43,902] Trial 429 finished with values: [10.39126369585782, 10.39126369585782] and parameters: {'k1': 0.008912611835817005, 'D_low': 5.59983195169599, 'k2': 0.03538758864779238, 'D_high': 645.2946500764235, 'fire_exp': 1.0629462657398439, 'P_half': 9.324787201197319, 'pre_dampen_half': 63.6685916079943, 'gpp_af': 0.6403036652671171, 'gpp_b': 0.006906522645653115, 'gpp_d': 2.944272359149677, 'ign_k': 0.0680787482656459, 'ign_c': 5.13055176058983, 'trop_agb_crit': 24.584290528289387, 'trop_k_veg': 0.5349971555643298}.
[I 2026-08-06 08:54:45,861] Trial 430 finished with values: [10.241912919865092, 10.241912919865092] and parameters: {'k1': 0.004312951023617458, 'D_low': 1730.0724838654367, 'k2': 0.03538758864779238, 'D_high': 61536.58035691648, 'fire_exp': 1.165368636520435, 'P_half': 221.2683656611821, 'pre_dampen_half': 693.3733406812293, 'gpp_af': 1.1409619915696267, 'gpp_b': 3.481277316673104e-05, 'gpp_d': 229.41380323183625, 'ign_k': 5.351470428717437, 'ign_c': 0.557280750002996, 'trop_agb_crit': 2.9222815721218716, 'trop_k_veg': 5.982827017670783}.
