[I 2026-08-20 00:08:14,578] Trial 160 finished with value: 0.4162527025870564 and parameters: {'k1': 0.01778792996797242, 'D_low': 131.76964039726906, 'k2': 0.0005097496922348517, 'D_high': 753237.3663798082, 'fire_exp': 1.8267533453390739, 'P_half': 14.587447460132758, 'pre_dampen_half': 29.375477211038262, 'gpp_af': 0.002653451824622606, 'gpp_b': 1.8549580743595857e-05, 'gpp_d': 139.79156388300527, 'ign_k': 0.07979416480058446, 'ign_c': 2.379128287048041, 'trop_agb_crit': 24.426600631666677, 'trop_k_veg': 1.9164245145380185, 'pop_amp': 0.00999260754212464, 'pop_peak': 65.45471464116271, 'pop_sig': 1.8869809661404648}. Best is trial 0 with value: -0.6002194417466498.
[I 2026-08-20 00:08:17,707] Trial 161 finished with value: 0.43147906551007953 and parameters: {'k1': 0.0003692857499877375, 'D_low': 57.8865864867831, 'k2': 0.00257205088017307, 'D_high': 1801853.0857614174, 'fire_exp': 1.4845645647927201, 'P_half': 11.311031031685385, 'pre_dampen_half': 104.50457237422182, 'gpp_af': 0.0024462152511993914, 'gpp_b': 0.00020475610558317198, 'gpp_d': 3.699400513668297, 'ign_k': 0.039143990768443895, 'ign_c': 0.8120891032340828, 'trop_agb_crit': 8.115552493669107, 'trop_k_veg': 1.0612127699518206, 'pop_amp': 0.011899617938325174, 'pop_peak': 164.24148235856183, 'pop_sig': 0.7597119455215273}. Best is trial 0 with value: -0.6002194417466498.
[I 2026-08-20 00:08:20,837] Trial 162 finished with value: 0.62408586150218 and parameters: {'k1': 0.0007487097556483868, 'D_low': 1213.8312731469175, 'k2': 0.022887350512055527, 'D_high': 233.7686722746691, 'fire_exp': 1.255800404713151, 'P_half': 8.931992118694, 'pre_dampen_half': 5.467714498235761, 'gpp_af': 0.0014004297968983532, 'gpp_b': 0.0004499282547203409, 'gpp_d': 0.48618938411845714, 'ign_k': 0.00175938629933952, 'ign_c': 92.18986850373942, 'trop_agb_crit': 6.147684115156594, 'trop_k_veg': 5.335788403352236, 'pop_amp': 0.002137067360829418, 'pop_peak': 0.06462937148163282, 'pop_sig': 0.355033098916012}. Best is trial 0 with value: -0.6002194417466498.
[I 2026-08-20 00:08:23,995] Trial 163 finished with value: 0.5759522597989264 and parameters: {'k1': 0.0004935654312590643, 'D_low': 362.79860185174783, 'k2': 6.0863527949651787e-05, 'D_high': 1332461.7301091177, 'fire_exp': 2.171750026664291, 'P_half': 535.8120513300694, 'pre_dampen_half': 1.7710664194478314, 'gpp_af': 0.003697869280090168, 'gpp_b': 6.640505463028688e-05, 'gpp_d': 914.568381185061, 'ign_k': 0.004838607056734267, 'ign_c': 11.57759998159992, 'trop_agb_crit': 7.239034029744936, 'trop_k_veg': 0.7225373208320847, 'pop_amp': 0.00208327542950347, 'pop_peak': 8.355050689476403, 'pop_sig': 1.8162473063898619}. Best is trial 0 with value: -0.6002194417466498.
[I 2026-08-20 00:08:27,001] Trial 164 finished with value: 0.5831038624305034 and parameters: {'k1': 0.00039668138944463086, 'D_low': 2.74601541756841, 'k2': 0.00037926691429579176, 'D_high': 9071425.69086602, 'fire_exp': 1.069661482465582, 'P_half': 83.39718191207908, 'pre_dampen_half': 7.520034789053484, 'gpp_af': 0.001875160744776635, 'gpp_b': 1.4594668172443167e-05, 'gpp_d': 573.8899760044127, 'ign_k': 0.0561097222868481, 'ign_c': 133.0900722411644, 'trop_agb_crit': 10.94337562681953, 'trop_k_veg': 0.5401286663561977, 'pop_amp': 0.060577362148256285, 'pop_peak': 3.6115252455166758, 'pop_sig': 1.5422768430403657}. Best is trial 0 with value: -0.6002194417466498.
[I 2026-08-20 00:08:29,993] Trial 165 finished with value: 0.4013177798095965 and parameters: {'k1': 0.0018074683809813363, 'D_low': 93.43740154156413, 'k2': 0.01584904483382974, 'D_high': 818506.8191810112, 'fire_exp': 2.8534837349334228, 'P_half': 10.796938407007488, 'pre_dampen_half': 38.70583064534028, 'gpp_af': 0.008632154279269007, 'gpp_b': 5.006801750468191e-05, 'gpp_d': 27.637758390336096, 'ign_k': 0.1388827878215738, 'ign_c': 7.804174238978829, 'trop_agb_crit': 8.523081018483024, 'trop_k_veg': 2.1806478567839878, 'pop_amp': 0.003929540708569523, 'pop_peak': 110.07694709887384, 'pop_sig': 1.9562859879544117}. Best is trial 0 with value: -0.6002194417466498.
[I 2026-08-20 00:08:33,012] Trial 166 finished with value: 0.5834743772782913 and parameters: {'k1': 0.027311588924609335, 'D_low': 67.94990214672481, 'k2': 0.009863904709207212, 'D_high': 2686631.358998687, 'fire_exp': 3.4092724722366197, 'P_half': 1461.3945957448661, 'pre_dampen_half': 4.206602131489941, 'gpp_af': 0.026802570171472053, 'gpp_b': 1.3724445754349086e-05, 'gpp_d': 262.5636925089373, 'ign_k': 0.004575919437096316, 'ign_c': 2.835663014639113, 'trop_agb_crit': 13.08757199107422, 'trop_k_veg': 1.9776827092384615, 'pop_amp': 0.019920932922501692, 'pop_peak': 13.991527051578387, 'pop_sig': 1.5279178822423478}. Best is trial 0 with value: -0.6002194417466498.
[I 2026-08-20 00:08:35,735] Trial 167 finished with value: 0.5757852124487443 and parameters: {'k1': 6.7534076377667e-05, 'D_low': 109.94466916651065, 'k2': 0.04847202286706114, 'D_high': 8608963.477877585, 'fire_exp': 2.187139364099036, 'P_half': 2.3470618025737893, 'pre_dampen_half': 1.2533988518309478, 'gpp_af': 0.005508445551020403, 'gpp_b': 0.0033340660968295306, 'gpp_d': 0.0101984128380632, 'ign_k': 6.373423055759413, 'ign_c': 0.7941936555281457, 'trop_agb_crit': 1.7612900713262165, 'trop_k_veg': 0.8005463417848497, 'pop_amp': 0.003750245246823087, 'pop_peak': 0.7046949608436962, 'pop_sig': 0.9734441424682179}. Best is trial 0 with value: -0.6002194417466498.
[I 2026-08-20 00:08:38,623] Trial 168 finished with value: 0.5512512767210817 and parameters: {'k1': 1.5051240866723292e-05, 'D_low': 18180.112049402032, 'k2': 0.00033753955082433296, 'D_high': 5086951.15712789, 'fire_exp': 1.2802101514557336, 'P_half': 329.50166556523766, 'pre_dampen_half': 150.6137192815738, 'gpp_af': 0.0012300946769153833, 'gpp_b': 0.0009778992330008787, 'gpp_d': 0.4592935640926023, 'ign_k': 0.40292369683265356, 'ign_c': 16.82166005532269, 'trop_agb_crit': 8.276449531771988, 'trop_k_veg': 2.2961390495224325, 'pop_amp': 0.007210324557064744, 'pop_peak': 124.69419018102225, 'pop_sig': 0.6917206349078512}. Best is trial 0 with value: -0.6002194417466498.
[I 2026-08-20 00:08:41,511] Trial 169 finished with value: 0.6445374145881376 and parameters: {'k1': 0.000839734800140093, 'D_low': 169.7901280584356, 'k2': 0.013980304190350512, 'D_high': 82599.60454824618, 'fire_exp': 4.634722982551418, 'P_half': 9.986382714296585, 'pre_dampen_half': 15.241035804540433, 'gpp_af': 0.006620151174325012, 'gpp_b': 1.698394121441963e-05, 'gpp_d': 108.64441025422875, 'ign_k': 1.5741855322517362, 'ign_c': 244.16377661623284, 'trop_agb_crit': 6.733111691413907, 'trop_k_veg': 1.4797177562407025, 'pop_amp': 0.030169729137803955, 'pop_peak': 8.994935103023044, 'pop_sig': 2.3943383342639035}. Best is trial 0 with value: -0.6002194417466498.
[I 2026-08-20 00:08:44,531] Trial 170 finished with value: -0.5025144110466887 and parameters: {'k1': 3.115170226309169e-05, 'D_low': 706.4498145764703, 'k2': 0.055383171736665716, 'D_high': 23722.708605920805, 'fire_exp': 1.5081564802323075, 'P_half': 20.237451320739122, 'pre_dampen_half': 3.3916292643284485, 'gpp_af': 0.008150129103810229, 'gpp_b': 4.7879288518766665e-05, 'gpp_d': 187.28601912940292, 'ign_k': 0.0025177423782921284, 'ign_c': 2.298804356069514, 'trop_agb_crit': 10.548766060357504, 'trop_k_veg': 0.5552368860086389, 'pop_amp': 5.270661458333492, 'pop_peak': 3.1805815559015542, 'pop_sig': 0.7052857134570154}. Best is trial 0 with value: -0.6002194417466498.
[I 2026-08-20 00:08:47,341] Trial 171 finished with value: 0.6042912750241314 and parameters: {'k1': 9.350746404735618e-05, 'D_low': 291.3377202699454, 'k2': 0.004566487096302763, 'D_high': 36509.823491406736, 'fire_exp': 2.1634525441809203, 'P_half': 45.79368355186102, 'pre_dampen_half': 0.4561673038212273, 'gpp_af': 69.55490668678802, 'gpp_b': 0.00672841600696168, 'gpp_d': 5.054125263459388, 'ign_k': 0.013017498063748576, 'ign_c': 5.0445038953630235, 'trop_agb_crit': 4.5904146074538765, 'trop_k_veg': 0.5354291368210032, 'pop_amp': 0.035986249318861394, 'pop_peak': 506.64030031682984, 'pop_sig': 0.7282899492018795}. Best is trial 0 with value: -0.6002194417466498.
[I 2026-08-20 00:08:50,145] Trial 172 finished with value: 0.5034338720031336 and parameters: {'k1': 2.3807959843085402e-05, 'D_low': 534.5831870403458, 'k2': 0.024716841152817064, 'D_high': 6090.348371872415, 'fire_exp': 1.7223169177493574, 'P_half': 14.230582563751836, 'pre_dampen_half': 6.586553183885879, 'gpp_af': 0.08692656085531547, 'gpp_b': 0.00021655294304941613, 'gpp_d': 295.28294395197616, 'ign_k': 0.0027921981282307898, 'ign_c': 1.2656201633462913, 'trop_agb_crit': 10.872395366813526, 'trop_k_veg': 0.9504257550624781, 'pop_amp': 12.665012045947865, 'pop_peak': 4.884012641870254, 'pop_sig': 0.6046156747657933}. Best is trial 0 with value: -0.6002194417466498.
[I 2026-08-20 00:08:53,003] Trial 173 finished with value: 0.5427523809236859 and parameters: {'k1': 0.008661778199598492, 'D_low': 884.1179462978668, 'k2': 0.005903677780735881, 'D_high': 165402.14878013448, 'fire_exp': 2.6341114954803975, 'P_half': 5.6524467847535265, 'pre_dampen_half': 4.365536703247047, 'gpp_af': 0.3521332710215945, 'gpp_b': 3.340456919775057e-05, 'gpp_d': 467.05985959138854, 'ign_k': 0.0382926378133136, 'ign_c': 15.06407615422091, 'trop_agb_crit': 5.773545586742106, 'trop_k_veg': 3.4083811224244775, 'pop_amp': 0.007140824192736595, 'pop_peak': 46.49195770613502, 'pop_sig': 2.292424162143079}. Best is trial 0 with value: -0.6002194417466498.
[I 2026-08-20 00:08:55,836] Trial 174 finished with value: 0.5937591324148171 and parameters: {'k1': 3.972930036495428e-05, 'D_low': 20109.522295020906, 'k2': 0.06406463007510828, 'D_high': 4782.847320502692, 'fire_exp': 1.3389126925558965, 'P_half': 120.23401283513009, 'pre_dampen_half': 5.482020057415236, 'gpp_af': 0.004939615088140877, 'gpp_b': 0.00012787392975937764, 'gpp_d': 1.7049724345988264, 'ign_k': 0.23924791002624787, 'ign_c': 13.532329702177758, 'trop_agb_crit': 17.50898247811377, 'trop_k_veg': 0.5352459130013763, 'pop_amp': 0.004414577616130601, 'pop_peak': 3.451190090998953, 'pop_sig': 0.6907990882845305}. Best is trial 0 with value: -0.6002194417466498.
[I 2026-08-20 00:08:58,724] Trial 175 finished with value: 0.5429758063034784 and parameters: {'k1': 0.00023353047114672848, 'D_low': 24.125930527037845, 'k2': 0.015523145537761672, 'D_high': 174318.44566058397, 'fire_exp': 3.3217588257565476, 'P_half': 21.598460521279968, 'pre_dampen_half': 3.0584304544899523, 'gpp_af': 0.0013542692353694843, 'gpp_b': 0.0004045925327413863, 'gpp_d': 200.35032589301863, 'ign_k': 0.24486070690574388, 'ign_c': 2.6955363709844167, 'trop_agb_crit': 14.684423200900095, 'trop_k_veg': 3.3050146675419003, 'pop_amp': 0.001171021892400895, 'pop_peak': 127.11349172958447, 'pop_sig': 1.4945513088941305}. Best is trial 0 with value: -0.6002194417466498.
[I 2026-08-20 00:09:01,573] Trial 176 finished with value: -0.5150641795059933 and parameters: {'k1': 0.0047853661231999035, 'D_low': 215.97958662805388, 'k2': 0.009000654024232621, 'D_high': 7508885.426725092, 'fire_exp': 1.4844099831872684, 'P_half': 195.48267128266284, 'pre_dampen_half': 41.78743503876234, 'gpp_af': 0.008614220973186518, 'gpp_b': 3.0000600235661576e-05, 'gpp_d': 184.27252651504975, 'ign_k': 0.021980409497702167, 'ign_c': 33.219158084941775, 'trop_agb_crit': 9.984746935946676, 'trop_k_veg': 6.680078698574852, 'pop_amp': 0.0035054217780250163, 'pop_peak': 23.38986542537023, 'pop_sig': 2.456385292929361}. Best is trial 0 with value: -0.6002194417466498.
[I 2026-08-20 00:09:04,404] Trial 177 finished with value: 0.5701527384618015 and parameters: {'k1': 0.0006283105387994674, 'D_low': 328.5334543998696, 'k2': 0.006251294583262087, 'D_high': 4755318.508418775, 'fire_exp': 1.5282164641186533, 'P_half': 19.932398426985447, 'pre_dampen_half': 36.828583148849205, 'gpp_af': 0.005650606494653393, 'gpp_b': 0.0007841720127983583, 'gpp_d': 124.38263459782166, 'ign_k': 0.022835676516070266, 'ign_c': 81.80215563830525, 'trop_agb_crit': 12.15681420633725, 'trop_k_veg': 5.159557157758788, 'pop_amp': 0.0044138241114738104, 'pop_peak': 14.009671028869446, 'pop_sig': 2.017147581919719}. Best is trial 0 with value: -0.6002194417466498.
[I 2026-08-20 00:09:07,160] Trial 178 finished with value: 0.478250768470461 and parameters: {'k1': 0.0051392711557657796, 'D_low': 571.8641860777017, 'k2': 0.007301380121216197, 'D_high': 4120494.435568192, 'fire_exp': 2.727669138224697, 'P_half': 9.183432353483145, 'pre_dampen_half': 159.21409805297915, 'gpp_af': 0.008070331903432789, 'gpp_b': 0.0002954399416126682, 'gpp_d': 11.538472268988274, 'ign_k': 1.8972068513272988, 'ign_c': 0.416060443860333, 'trop_agb_crit': 5.975959955509998, 'trop_k_veg': 3.7797045530796978, 'pop_amp': 0.0034558784035320818, 'pop_peak': 192.21224348264306, 'pop_sig': 1.1236833101726729}. Best is trial 0 with value: -0.6002194417466498.
[I 2026-08-20 00:09:10,121] Trial 179 finished with value: 0.4090418473696754 and parameters: {'k1': 0.00818652495981891, 'D_low': 4.075070956186689, 'k2': 0.0006307506954726884, 'D_high': 2369279.6636859095, 'fire_exp': 1.0036288901451982, 'P_half': 16.282958313833205, 'pre_dampen_half': 2.1768433748758964, 'gpp_af': 0.02731913869604189, 'gpp_b': 3.261662529433505e-05, 'gpp_d': 874.536822437254, 'ign_k': 0.11463483212868826, 'ign_c': 12.935807588116107, 'trop_agb_crit': 20.908574908746232, 'trop_k_veg': 0.576236147558036, 'pop_amp': 0.0014838074294275412, 'pop_peak': 152.10610408826437, 'pop_sig': 1.3153384922058753}. Best is trial 0 with value: -0.6002194417466498.
[I 2026-08-20 00:09:13,054] Trial 180 finished with value: 0.40528930722772893 and parameters: {'k1': 0.005373491907973765, 'D_low': 46.82451093673255, 'k2': 0.0004513240614610427, 'D_high': 1441644.7645338518, 'fire_exp': 1.0073382225423109, 'P_half': 92.0773322636824, 'pre_dampen_half': 3.2049280752004736, 'gpp_af': 0.008175318114880058, 'gpp_b': 4.061522272395837e-05, 'gpp_d': 872.3985598780146, 'ign_k': 0.07672731654915206, 'ign_c': 0.31940984734954364, 'trop_agb_crit': 8.034406750801498, 'trop_k_veg': 2.90169661979676, 'pop_amp': 0.07716424497197534, 'pop_peak': 2.1986201156586755, 'pop_sig': 2.1165650853163074}. Best is trial 0 with value: -0.6002194417466498.
[I 2026-08-20 00:09:16,095] Trial 181 finished with value: 0.6584739083351872 and parameters: {'k1': 0.0007329978897206365, 'D_low': 9.057463151104638, 'k2': 0.05612999946515922, 'D_high': 5625523.267136547, 'fire_exp': 3.4138295451185976, 'P_half': 1.9578300888078668, 'pre_dampen_half': 392.24703807831946, 'gpp_af': 0.01840042863290445, 'gpp_b': 1.2664885333558756e-05, 'gpp_d': 14.119447022545955, 'ign_k': 0.861869633653789, 'ign_c': 42.406056021600826, 'trop_agb_crit': 17.715727356901848, 'trop_k_veg': 0.6906109073202473, 'pop_amp': 0.0011392695757097035, 'pop_peak': 219.1436048655421, 'pop_sig': 1.4192245896659044}. Best is trial 0 with value: -0.6002194417466498.
[I 2026-08-20 00:09:19,121] Trial 182 finished with value: -0.5097881006754295 and parameters: {'k1': 0.0032268031811096883, 'D_low': 65.63154143479295, 'k2': 0.0008505747750804716, 'D_high': 2585844.8078806885, 'fire_exp': 1.7627285717334882, 'P_half': 355.66654459370017, 'pre_dampen_half': 206.0947694070099, 'gpp_af': 0.0021845225972871984, 'gpp_b': 0.00010349199974685639, 'gpp_d': 768.9440424765459, 'ign_k': 0.019006817317928415, 'ign_c': 4.159781274139747, 'trop_agb_crit': 7.588382340568663, 'trop_k_veg': 5.122374687778084, 'pop_amp': 0.0017572701915325418, 'pop_peak': 52.30084434394888, 'pop_sig': 1.7834133199144133}. Best is trial 0 with value: -0.6002194417466498.
[I 2026-08-20 00:09:22,047] Trial 183 finished with value: 0.5400578191899796 and parameters: {'k1': 0.03822501387335258, 'D_low': 453.12119207119537, 'k2': 0.00022879352563057835, 'D_high': 31785.8623316425, 'fire_exp': 1.2484014239586732, 'P_half': 87.55403328634185, 'pre_dampen_half': 564.9983608231313, 'gpp_af': 0.0012823837384268292, 'gpp_b': 0.0008806539257765143, 'gpp_d': 580.5661021221904, 'ign_k': 0.01592307636128664, 'ign_c': 4.26497215702167, 'trop_agb_crit': 2.5616581673101035, 'trop_k_veg': 4.106133576418958, 'pop_amp': 0.004726255079070063, 'pop_peak': 12.005454580568726, 'pop_sig': 1.5090562756384576}. Best is trial 0 with value: -0.6002194417466498.
[I 2026-08-20 00:09:24,974] Trial 184 finished with value: 0.5617920326112069 and parameters: {'k1': 0.002661063131047017, 'D_low': 166.40345617236053, 'k2': 0.0007214966593476234, 'D_high': 1354140.5590025256, 'fire_exp': 1.926220944211773, 'P_half': 2285.4341264120035, 'pre_dampen_half': 9.314931261613426, 'gpp_af': 0.004209066627243798, 'gpp_b': 4.452973980661853e-05, 'gpp_d': 44.40097070263281, 'ign_k': 0.10267670365608374, 'ign_c': 1.6435822898663226, 'trop_agb_crit': 6.308926679830799, 'trop_k_veg': 3.3355128811386114, 'pop_amp': 0.0032154985533386833, 'pop_peak': 62.0997832583365, 'pop_sig': 1.5988262915479199}. Best is trial 0 with value: -0.6002194417466498.
[I 2026-08-20 00:09:27,968] Trial 185 finished with value: 0.5763855973536467 and parameters: {'k1': 0.0026114607501372717, 'D_low': 467.73475968401544, 'k2': 0.0007354007398041069, 'D_high': 8713665.043659236, 'fire_exp': 2.0753460409900106, 'P_half': 413.79604604476765, 'pre_dampen_half': 73.41807869614497, 'gpp_af': 0.0010676360894788786, 'gpp_b': 0.00022500858740269816, 'gpp_d': 194.06699059677086, 'ign_k': 0.002154187936290888, 'ign_c': 5.44560965476759, 'trop_agb_crit': 7.627429419468484, 'trop_k_veg': 5.835439674296772, 'pop_amp': 0.0077760260296033355, 'pop_peak': 3.312673966189102, 'pop_sig': 1.1210246687550265}. Best is trial 0 with value: -0.6002194417466498.
[I 2026-08-20 00:09:31,044] Trial 186 finished with value: 0.5857796625755466 and parameters: {'k1': 2.1524299363340936e-05, 'D_low': 38.64153809273739, 'k2': 0.034477632923560396, 'D_high': 22132.07396999022, 'fire_exp': 2.3820706691630416, 'P_half': 160.9108110185989, 'pre_dampen_half': 11.31588444362936, 'gpp_af': 0.001846245069269321, 'gpp_b': 0.0002879109068061259, 'gpp_d': 1.1016180705184484, 'ign_k': 0.0012425370709315306, 'ign_c': 4.265802633890884, 'trop_agb_crit': 15.206877486476653, 'trop_k_veg': 0.5642691931664785, 'pop_amp': 6.97818245053677, 'pop_peak': 0.26268815595257844, 'pop_sig': 0.7979356216372817}. Best is trial 0 with value: -0.6002194417466498.
[I 2026-08-20 00:09:34,052] Trial 187 finished with value: 0.5849781199076418 and parameters: {'k1': 2.8369099230996025e-05, 'D_low': 233681.26745396366, 'k2': 0.00944093443092346, 'D_high': 1762657.9238682091, 'fire_exp': 1.651303179840096, 'P_half': 14.89722413465656, 'pre_dampen_half': 2.1860936483918394, 'gpp_af': 0.0339305746484275, 'gpp_b': 0.0010417923638551966, 'gpp_d': 177.71978906487053, 'ign_k': 0.004762471007374306, 'ign_c': 109.5536716388576, 'trop_agb_crit': 20.473593200576964, 'trop_k_veg': 0.5689222254741375, 'pop_amp': 6.002562087623609, 'pop_peak': 0.32297794917587697, 'pop_sig': 1.1431834777534156}. Best is trial 0 with value: -0.6002194417466498.
[I 2026-08-20 00:09:37,124] Trial 188 finished with value: 0.5620398375603075 and parameters: {'k1': 4.995609710375214e-05, 'D_low': 37206.889686678005, 'k2': 0.04041391983834995, 'D_high': 73071.9598890959, 'fire_exp': 1.0099386586178292, 'P_half': 165.1664691926086, 'pre_dampen_half': 5.446095709618306, 'gpp_af': 0.008941889837612075, 'gpp_b': 0.00012268235765584932, 'gpp_d': 71.66678260591057, 'ign_k': 0.0022028404937058576, 'ign_c': 1.135290018875173, 'trop_agb_crit': 17.839304429983123, 'trop_k_veg': 0.7281718223433532, 'pop_amp': 0.3133306588705336, 'pop_peak': 5.180469067903806, 'pop_sig': 0.8473562734773954}. Best is trial 0 with value: -0.6002194417466498.
[I 2026-08-20 00:09:40,214] Trial 189 finished with value: -0.533514285634099 and parameters: {'k1': 0.06733886063543154, 'D_low': 24.427692659690276, 'k2': 0.006367182057260808, 'D_high': 1799799.9368633644, 'fire_exp': 1.3044995848640533, 'P_half': 235.31669409159974, 'pre_dampen_half': 249.08445826873216, 'gpp_af': 0.00813343022259032, 'gpp_b': 0.0007982096013341852, 'gpp_d': 185.9121538179252, 'ign_k': 0.01898395052246855, 'ign_c': 21.72111575158257, 'trop_agb_crit': 10.246724238813925, 'trop_k_veg': 4.356725347512527, 'pop_amp': 0.004667008192439816, 'pop_peak': 105.22976802846226, 'pop_sig': 0.945287677872713}. Best is trial 0 with value: -0.6002194417466498.
[I 2026-08-20 00:09:43,318] Trial 190 finished with value: 0.5322771076535651 and parameters: {'k1': 0.014789726952970705, 'D_low': 8267.280241981882, 'k2': 0.000495291914346115, 'D_high': 3780964.4103141897, 'fire_exp': 1.9169482072176902, 'P_half': 384.0651923315406, 'pre_dampen_half': 131.24678689457474, 'gpp_af': 0.2163402125669176, 'gpp_b': 0.00041749799939510787, 'gpp_d': 834.5384180657752, 'ign_k': 0.02711682007222264, 'ign_c': 8.095501290716678, 'trop_agb_crit': 2.764766287245866, 'trop_k_veg': 6.4822962541870455, 'pop_amp': 0.016911477279677924, 'pop_peak': 886.7214165854779, 'pop_sig': 1.788923057159689}. Best is trial 0 with value: -0.6002194417466498.
[I 2026-08-20 00:09:46,408] Trial 191 finished with value: 0.42040235415040206 and parameters: {'k1': 0.003686974624834038, 'D_low': 5.0148961844423665, 'k2': 0.09265771587474038, 'D_high': 7368751.823402493, 'fire_exp': 3.0010967932548622, 'P_half': 2.0431522884129634, 'pre_dampen_half': 35.93152715250076, 'gpp_af': 0.18254449353053798, 'gpp_b': 4.372538033409259e-05, 'gpp_d': 71.61436827472272, 'ign_k': 0.06637364154374276, 'ign_c': 2.0098692996824794, 'trop_agb_crit': 7.9240452856384085, 'trop_k_veg': 2.0476341360264283, 'pop_amp': 0.004632523227336259, 'pop_peak': 36.59589128353942, 'pop_sig': 1.7557507431576844}. Best is trial 0 with value: -0.6002194417466498.
