[I 2026-06-10 17:34:24,008] Trial 518 finished with values: [10.723243047796208, 10.723243047796208] and parameters: {'k1': 0.012840669372724958, 'D_low': 1739.6167422846984, 'k2': 2.091507303847255e-05, 'D_high': 16.91793781734267, 'fire_exp': 1.2060040899560858, 'P_half': 101.40635645866499, 'pre_dampen_half': 9.044346216330972, 'gpp_af': 0.09885838682552685, 'gpp_b': 2.1309331861011757e-05, 'gpp_d': 12.151631524283598, 'ign_k': 0.00840038491455979, 'ign_c': 0.10435856341129002, 'trop_agb_crit': 3.1419938725278875, 'trop_k_veg': 0.6673124511410327, 'fire_amp': 1.686388377130032}.
[I 2026-06-10 17:34:25,397] Trial 519 finished with values: [10.880449790645939, 10.880449790645939] and parameters: {'k1': 0.0869690639641868, 'D_low': 171.2446447678494, 'k2': 0.02065142557895925, 'D_high': 44974.07193749848, 'fire_exp': 3.2459542834651627, 'P_half': 101.40635645866499, 'pre_dampen_half': 98.05638874011484, 'gpp_af': 0.016306190741524337, 'gpp_b': 0.015382154459808445, 'gpp_d': 0.7698760608299932, 'ign_k': 0.0029519227433917453, 'ign_c': 1.9423015749984096, 'trop_agb_crit': 3.5874145253515306, 'trop_k_veg': 0.6618107836658104, 'fire_amp': 1.5180207449214471}.
[I 2026-06-10 17:34:26,732] Trial 520 finished with values: [10.495146869058198, 10.495146869058198] and parameters: {'k1': 0.0869690639641868, 'D_low': 43.2326421037033, 'k2': 0.0001016707987819611, 'D_high': 262.11304189124235, 'fire_exp': 1.4572158037266703, 'P_half': 157.80309954142965, 'pre_dampen_half': 9.044346216330972, 'gpp_af': 0.8057329182285734, 'gpp_b': 0.00012118589392553798, 'gpp_d': 12.151631524283598, 'ign_k': 3.965503094323014, 'ign_c': 1.4091459170104739, 'trop_agb_crit': 3.1419938725278875, 'trop_k_veg': 4.796046723963646, 'fire_amp': 5.3557573266024745}.
[I 2026-06-10 17:34:28,065] Trial 521 finished with values: [10.711434869668555, 10.711434869668555] and parameters: {'k1': 0.00031134168041628584, 'D_low': 43.2326421037033, 'k2': 0.003767022142229395, 'D_high': 44974.07193749848, 'fire_exp': 1.4690410989404576, 'P_half': 101.40635645866499, 'pre_dampen_half': 1.3767835510755015, 'gpp_af': 0.008117091133892173, 'gpp_b': 0.00013164432569139702, 'gpp_d': 7.631016235941559, 'ign_k': 0.09256855841989636, 'ign_c': 7.832259769732471, 'trop_agb_crit': 1.0693376406863295, 'trop_k_veg': 1.6648666152166967, 'fire_amp': 2.042193818779288}.
[I 2026-06-10 17:34:29,621] Trial 522 finished with values: [10.151097931087927, 10.151097931087927] and parameters: {'k1': 0.00026539376439360527, 'D_low': 24.28756508761176, 'k2': 0.045914852167405346, 'D_high': 262.11304189124235, 'fire_exp': 1.4690410989404576, 'P_half': 1.4551749476072258, 'pre_dampen_half': 903.3231300044874, 'gpp_af': 27.448645214004376, 'gpp_b': 0.004411400434514031, 'gpp_d': 37.19072637334467, 'ign_k': 3.965503094323014, 'ign_c': 1.4091459170104739, 'trop_agb_crit': 1.0693376406863295, 'trop_k_veg': 1.6648666152166967, 'fire_amp': 1.5719333351012774}.
[I 2026-06-10 17:34:31,050] Trial 523 finished with values: [10.884587411858561, 10.884587411858561] and parameters: {'k1': 0.00031134168041628584, 'D_low': 12.105387404469584, 'k2': 0.003767022142229395, 'D_high': 22.636544662054543, 'fire_exp': 1.0948220627025493, 'P_half': 1.4551749476072258, 'pre_dampen_half': 0.04078961160746153, 'gpp_af': 0.0662749342026412, 'gpp_b': 0.005166473066540598, 'gpp_d': 467.0625946819548, 'ign_k': 0.018391807805583135, 'ign_c': 7.832259769732471, 'trop_agb_crit': 5.613675661974366, 'trop_k_veg': 0.6673124511410327, 'fire_amp': 1.5719333351012774}.
[I 2026-06-10 17:34:32,491] Trial 524 finished with values: [11.768861898682538, 11.768861898682538] and parameters: {'k1': 0.0326979063339169, 'D_low': 43.2326421037033, 'k2': 0.02939607009739149, 'D_high': 44974.07193749848, 'fire_exp': 1.4690410989404576, 'P_half': 101.40635645866499, 'pre_dampen_half': 903.3231300044874, 'gpp_af': 0.09885838682552685, 'gpp_b': 0.00807491410172472, 'gpp_d': 7.631016235941559, 'ign_k': 0.4303356629825978, 'ign_c': 0.14665316366397016, 'trop_agb_crit': 3.5874145253515306, 'trop_k_veg': 2.724170387400844, 'fire_amp': 1.1202509284327942}.
[I 2026-06-10 17:34:33,885] Trial 525 finished with values: [15.549729857837818, 15.549729857837818] and parameters: {'k1': 0.0326979063339169, 'D_low': 12.105387404469584, 'k2': 2.091507303847255e-05, 'D_high': 42210.21267871043, 'fire_exp': 1.14171776851287, 'P_half': 3.9207829763785726, 'pre_dampen_half': 857.3351203969089, 'gpp_af': 0.8057329182285734, 'gpp_b': 0.00012118589392553798, 'gpp_d': 545.0253444559129, 'ign_k': 7.252283715822169, 'ign_c': 0.10435856341129002, 'trop_agb_crit': 2.1989086830950257, 'trop_k_veg': 4.796046723963646, 'fire_amp': 1.5587346124822492}.
[I 2026-06-10 17:34:35,206] Trial 526 finished with values: [10.559498148611443, 10.559498148611443] and parameters: {'k1': 1.0465498595171737e-05, 'D_low': 43.2326421037033, 'k2': 2.091507303847255e-05, 'D_high': 42210.21267871043, 'fire_exp': 1.41873960828944, 'P_half': 118.94665366442581, 'pre_dampen_half': 9.044346216330972, 'gpp_af': 0.8057329182285734, 'gpp_b': 2.800940363375676e-05, 'gpp_d': 12.151631524283598, 'ign_k': 6.415745702132089, 'ign_c': 0.10435856341129002, 'trop_agb_crit': 3.1419938725278875, 'trop_k_veg': 4.796046723963646, 'fire_amp': 1.1202509284327942}.
[I 2026-06-10 17:34:36,749] Trial 527 finished with values: [10.849490241473928, 10.849490241473928] and parameters: {'k1': 0.0869690639641868, 'D_low': 43.2326421037033, 'k2': 0.045914852167405346, 'D_high': 22.636544662054543, 'fire_exp': 1.1490848108902036, 'P_half': 3.591771421517613, 'pre_dampen_half': 269.0845367054866, 'gpp_af': 0.8057329182285734, 'gpp_b': 0.6089142387470042, 'gpp_d': 95.2715755007094, 'ign_k': 0.4303356629825978, 'ign_c': 0.9736725715035878, 'trop_agb_crit': 3.1419938725278875, 'trop_k_veg': 0.5535297685306277, 'fire_amp': 1.1202509284327942}.
[I 2026-06-10 17:34:38,254] Trial 528 finished with values: [10.099195646373463, 10.099195646373463] and parameters: {'k1': 0.0326979063339169, 'D_low': 43.2326421037033, 'k2': 0.02939607009739149, 'D_high': 44974.07193749848, 'fire_exp': 1.4690410989404576, 'P_half': 101.40635645866499, 'pre_dampen_half': 8.259599205585761, 'gpp_af': 27.448645214004376, 'gpp_b': 2.1309331861011757e-05, 'gpp_d': 95.2715755007094, 'ign_k': 0.4303356629825978, 'ign_c': 0.10435856341129002, 'trop_agb_crit': 3.5874145253515306, 'trop_k_veg': 6.172643383211297, 'fire_amp': 1.1202509284327942}.
[I 2026-06-10 17:34:39,600] Trial 529 finished with values: [10.561186281114555, 10.561186281114555] and parameters: {'k1': 0.0869690639641868, 'D_low': 43.2326421037033, 'k2': 0.0036014695835220327, 'D_high': 42210.21267871043, 'fire_exp': 1.14171776851287, 'P_half': 118.94665366442581, 'pre_dampen_half': 9.044346216330972, 'gpp_af': 0.8057329182285734, 'gpp_b': 2.1309331861011757e-05, 'gpp_d': 95.2715755007094, 'ign_k': 0.4303356629825978, 'ign_c': 0.10435856341129002, 'trop_agb_crit': 3.5874145253515306, 'trop_k_veg': 0.6618107836658104, 'fire_amp': 1.1202509284327942}.
[I 2026-06-10 17:34:41,115] Trial 530 finished with values: [10.700151059998571, 10.700151059998571] and parameters: {'k1': 9.293516267059069e-05, 'D_low': 2962.601088597272, 'k2': 3.152468275632564e-05, 'D_high': 22.636544662054543, 'fire_exp': 1.14171776851287, 'P_half': 157.80309954142965, 'pre_dampen_half': 33.71909132517384, 'gpp_af': 0.10098504976210308, 'gpp_b': 0.05314875633348467, 'gpp_d': 545.0253444559129, 'ign_k': 0.00840038491455979, 'ign_c': 22.126836566118193, 'trop_agb_crit': 1.1683326952092081, 'trop_k_veg': 0.6618107836658104, 'fire_amp': 2.2586887422726973}.
[I 2026-06-10 17:34:42,465] Trial 531 finished with values: [10.501690078994514, 10.501690078994514] and parameters: {'k1': 0.006079905434073396, 'D_low': 43.2326421037033, 'k2': 3.152468275632564e-05, 'D_high': 262.11304189124235, 'fire_exp': 1.4572158037266703, 'P_half': 157.80309954142965, 'pre_dampen_half': 28.01075698398644, 'gpp_af': 27.448645214004376, 'gpp_b': 0.00012118589392553798, 'gpp_d': 12.338826503601998, 'ign_k': 3.965503094323014, 'ign_c': 0.10435856341129002, 'trop_agb_crit': 2.1989086830950257, 'trop_k_veg': 6.172643383211297, 'fire_amp': 1.1202509284327942}.
[I 2026-06-10 17:34:43,949] Trial 532 finished with values: [10.61762870362104, 10.61762870362104] and parameters: {'k1': 0.0869690639641868, 'D_low': 236.79352040223893, 'k2': 0.003767022142229395, 'D_high': 22.636544662054543, 'fire_exp': 1.1490848108902036, 'P_half': 4.213183643253957, 'pre_dampen_half': 38.00678588560607, 'gpp_af': 0.0662749342026412, 'gpp_b': 2.800940363375676e-05, 'gpp_d': 95.2715755007094, 'ign_k': 0.0032383308053152635, 'ign_c': 48.704711413416454, 'trop_agb_crit': 1.0693376406863295, 'trop_k_veg': 2.520089655463604, 'fire_amp': 4.783836175730692}.
[I 2026-06-10 17:34:45,540] Trial 533 finished with values: [10.593442026982366, 10.593442026982366] and parameters: {'k1': 0.0326979063339169, 'D_low': 43.2326421037033, 'k2': 0.0001016707987819611, 'D_high': 18108.14362107968, 'fire_exp': 1.4690410989404576, 'P_half': 3.591771421517613, 'pre_dampen_half': 269.0845367054866, 'gpp_af': 0.8057329182285734, 'gpp_b': 0.6089142387470042, 'gpp_d': 545.0253444559129, 'ign_k': 0.4303356629825978, 'ign_c': 22.126836566118193, 'trop_agb_crit': 1.5033346993841157, 'trop_k_veg': 2.724170387400844, 'fire_amp': 1.1202509284327942}.
[I 2026-06-10 17:34:46,950] Trial 534 finished with values: [10.880542976260863, 10.880542976260863] and parameters: {'k1': 0.0020639617012599225, 'D_low': 12.105387404469584, 'k2': 0.003767022142229395, 'D_high': 22.636544662054543, 'fire_exp': 1.0601964743503993, 'P_half': 4.213183643253957, 'pre_dampen_half': 38.00678588560607, 'gpp_af': 0.37842528170684203, 'gpp_b': 1.4540386644083135e-05, 'gpp_d': 28.312234265202243, 'ign_k': 0.17320535908244444, 'ign_c': 48.704711413416454, 'trop_agb_crit': 1.8566494291193822, 'trop_k_veg': 2.520089655463604, 'fire_amp': 4.783836175730692}.
[I 2026-06-10 17:34:48,309] Trial 535 finished with values: [10.421523566939516, 10.421523566939516] and parameters: {'k1': 0.0326979063339169, 'D_low': 1739.6167422846984, 'k2': 0.02939607009739149, 'D_high': 44974.07193749848, 'fire_exp': 3.0820989694255045, 'P_half': 101.40635645866499, 'pre_dampen_half': 98.05638874011484, 'gpp_af': 0.09885838682552685, 'gpp_b': 2.1309331861011757e-05, 'gpp_d': 95.2715755007094, 'ign_k': 0.4303356629825978, 'ign_c': 0.10435856341129002, 'trop_agb_crit': 3.5874145253515306, 'trop_k_veg': 2.724170387400844, 'fire_amp': 1.1202509284327942}.
[I 2026-06-10 17:34:49,588] Trial 536 finished with values: [11.45442206308031, 11.45442206308031] and parameters: {'k1': 0.0003445931091927334, 'D_low': 236.79352040223893, 'k2': 0.003767022142229395, 'D_high': 42210.21267871043, 'fire_exp': 1.0601964743503993, 'P_half': 19.987581927614485, 'pre_dampen_half': 21.593412825402957, 'gpp_af': 27.448645214004376, 'gpp_b': 2.176805640408474e-05, 'gpp_d': 236.32429088389833, 'ign_k': 0.09256855841989636, 'ign_c': 35.133466168692735, 'trop_agb_crit': 12.647327018493208, 'trop_k_veg': 1.6648666152166967, 'fire_amp': 5.606809127618709}.
[I 2026-06-10 17:34:50,961] Trial 537 finished with values: [10.941896304617304, 10.941896304617304] and parameters: {'k1': 0.00031134168041628584, 'D_low': 236.79352040223893, 'k2': 0.003767022142229395, 'D_high': 431.45617043093523, 'fire_exp': 1.0601964743503993, 'P_half': 69.68111190775313, 'pre_dampen_half': 38.00678588560607, 'gpp_af': 0.0662749342026412, 'gpp_b': 2.800940363375676e-05, 'gpp_d': 28.312234265202243, 'ign_k': 0.0032383308053152635, 'ign_c': 48.704711413416454, 'trop_agb_crit': 5.335241529707116, 'trop_k_veg': 2.520089655463604, 'fire_amp': 4.783836175730692}.
[I 2026-06-10 17:34:52,586] Trial 538 finished with values: [10.448413245471118, 10.448413245471118] and parameters: {'k1': 0.006079905434073396, 'D_low': 1739.6167422846984, 'k2': 0.0001016707987819611, 'D_high': 44974.07193749848, 'fire_exp': 1.3792762394455726, 'P_half': 101.40635645866499, 'pre_dampen_half': 8.259599205585761, 'gpp_af': 0.8057329182285734, 'gpp_b': 2.1309331861011757e-05, 'gpp_d': 0.014121081168145975, 'ign_k': 1.6270983114897255, 'ign_c': 1.4091459170104739, 'trop_agb_crit': 8.188098178380693, 'trop_k_veg': 4.796046723963646, 'fire_amp': 1.5587346124822492}.
[I 2026-06-10 17:34:54,138] Trial 539 finished with values: [-0.5489899070080143, 0.3118269199736541] and parameters: {'k1': 0.006079905434073396, 'D_low': 12.105387404469584, 'k2': 0.045914852167405346, 'D_high': 42210.21267871043, 'fire_exp': 1.069663761954776, 'P_half': 157.80309954142965, 'pre_dampen_half': 1.8469033699850426, 'gpp_af': 27.448645214004376, 'gpp_b': 2.800940363375676e-05, 'gpp_d': 545.0253444559129, 'ign_k': 0.0467351899956275, 'ign_c': 1.4091459170104739, 'trop_agb_crit': 8.188098178380693, 'trop_k_veg': 4.796046723963646, 'fire_amp': 1.7362652332618447}.
[I 2026-06-10 17:34:55,624] Trial 540 finished with values: [10.892857142659844, 10.892857142659844] and parameters: {'k1': 0.00026539376439360527, 'D_low': 12.105387404469584, 'k2': 0.0001016707987819611, 'D_high': 18108.14362107968, 'fire_exp': 1.4690410989404576, 'P_half': 1.4551749476072258, 'pre_dampen_half': 1.8469033699850426, 'gpp_af': 27.448645214004376, 'gpp_b': 0.004411400434514031, 'gpp_d': 37.19072637334467, 'ign_k': 0.4303356629825978, 'ign_c': 65.87536748686888, 'trop_agb_crit': 8.188098178380693, 'trop_k_veg': 0.5535297685306277, 'fire_amp': 1.5587346124822492}.
[I 2026-06-10 17:34:57,077] Trial 541 finished with values: [11.094581263757075, 11.094581263757075] and parameters: {'k1': 0.037704815040649445, 'D_low': 43.2326421037033, 'k2': 0.003767022142229395, 'D_high': 2427.054417940131, 'fire_exp': 1.5191397119156032, 'P_half': 8.318314747941244, 'pre_dampen_half': 269.0845367054866, 'gpp_af': 0.10098504976210308, 'gpp_b': 1.1008110571039521e-05, 'gpp_d': 28.312234265202243, 'ign_k': 0.004105873950290761, 'ign_c': 1.3431925993528124, 'trop_agb_crit': 8.188098178380693, 'trop_k_veg': 2.724170387400844, 'fire_amp': 1.4357291436937847}.
[I 2026-06-10 17:34:58,712] Trial 542 finished with values: [10.548626494571065, 10.548626494571065] and parameters: {'k1': 0.0326979063339169, 'D_low': 1739.6167422846984, 'k2': 0.045914852167405346, 'D_high': 44974.07193749848, 'fire_exp': 1.069663761954776, 'P_half': 101.40635645866499, 'pre_dampen_half': 98.05638874011484, 'gpp_af': 0.09885838682552685, 'gpp_b': 2.1309331861011757e-05, 'gpp_d': 479.80109106752894, 'ign_k': 1.6270983114897255, 'ign_c': 7.081721844034206, 'trop_agb_crit': 3.5874145253515306, 'trop_k_veg': 0.5535297685306277, 'fire_amp': 1.5587346124822492}.
[I 2026-06-10 17:35:00,397] Trial 543 finished with values: [10.883658666313242, 10.883658666313242] and parameters: {'k1': 0.00026539376439360527, 'D_low': 43.2326421037033, 'k2': 0.0001016707987819611, 'D_high': 262.11304189124235, 'fire_exp': 4.7144651891518725, 'P_half': 1.4551749476072258, 'pre_dampen_half': 903.3231300044874, 'gpp_af': 27.448645214004376, 'gpp_b': 0.004411400434514031, 'gpp_d': 37.19072637334467, 'ign_k': 3.965503094323014, 'ign_c': 1.4091459170104739, 'trop_agb_crit': 2.1989086830950257, 'trop_k_veg': 4.61686111043599, 'fire_amp': 1.5719333351012774}.
[I 2026-06-10 17:35:02,144] Trial 544 finished with values: [10.582487677347773, 10.582487677347773] and parameters: {'k1': 0.0869690639641868, 'D_low': 12.105387404469584, 'k2': 0.045914852167405346, 'D_high': 44974.07193749848, 'fire_exp': 1.069663761954776, 'P_half': 101.40635645866499, 'pre_dampen_half': 98.05638874011484, 'gpp_af': 27.448645214004376, 'gpp_b': 6.598911085146508, 'gpp_d': 545.0253444559129, 'ign_k': 0.0467351899956275, 'ign_c': 1.4091459170104739, 'trop_agb_crit': 8.188098178380693, 'trop_k_veg': 0.6618107836658104, 'fire_amp': 1.1832294197682733}.
[I 2026-06-10 17:35:03,463] Trial 545 finished with values: [19.32769255386753, 19.32769255386753] and parameters: {'k1': 0.004902396944106613, 'D_low': 12.105387404469584, 'k2': 0.045914852167405346, 'D_high': 2427.054417940131, 'fire_exp': 1.0601964743503993, 'P_half': 3.591771421517613, 'pre_dampen_half': 189.36639872354493, 'gpp_af': 0.10098504976210308, 'gpp_b': 1.1008110571039521e-05, 'gpp_d': 7.631016235941559, 'ign_k': 0.004105873950290761, 'ign_c': 35.133466168692735, 'trop_agb_crit': 1.0693376406863295, 'trop_k_veg': 1.6648666152166967, 'fire_amp': 5.44779717154213}.
[I 2026-06-10 17:35:04,860] Trial 546 finished with values: [10.619126047568308, 10.619126047568308] and parameters: {'k1': 0.0032360993995751053, 'D_low': 148.21691630007544, 'k2': 0.045914852167405346, 'D_high': 595.6633466901683, 'fire_exp': 1.9365919987098117, 'P_half': 3.591771421517613, 'pre_dampen_half': 9.044346216330972, 'gpp_af': 0.41874665092828456, 'gpp_b': 2.1309331861011757e-05, 'gpp_d': 545.0253444559129, 'ign_k': 0.4303356629825978, 'ign_c': 0.10435856341129002, 'trop_agb_crit': 5.588032458772675, 'trop_k_veg': 4.796046723963646, 'fire_amp': 1.3503088148200095}.
[I 2026-06-10 17:35:06,283] Trial 547 finished with values: [10.281486149924902, 10.281486149924902] and parameters: {'k1': 0.0326979063339169, 'D_low': 1216.4139351417061, 'k2': 0.045914852167405346, 'D_high': 1817.0401889219124, 'fire_exp': 1.4690410989404576, 'P_half': 157.80309954142965, 'pre_dampen_half': 903.3231300044874, 'gpp_af': 27.448645214004376, 'gpp_b': 0.00012118589392553798, 'gpp_d': 47.35384181058586, 'ign_k': 0.004775640431359605, 'ign_c': 1.4091459170104739, 'trop_agb_crit': 2.1989086830950257, 'trop_k_veg': 5.453348988480011, 'fire_amp': 5.44779717154213}.
[I 2026-06-10 17:35:07,841] Trial 548 finished with values: [10.892768294054164, 10.892768294054164] and parameters: {'k1': 0.0869690639641868, 'D_low': 236.79352040223893, 'k2': 0.029687184908302574, 'D_high': 42210.21267871043, 'fire_exp': 1.0601964743503993, 'P_half': 118.94665366442581, 'pre_dampen_half': 9.044346216330972, 'gpp_af': 0.016306190741524337, 'gpp_b': 2.800940363375676e-05, 'gpp_d': 0.7698760608299932, 'ign_k': 0.4303356629825978, 'ign_c': 48.704711413416454, 'trop_agb_crit': 3.1419938725278875, 'trop_k_veg': 4.796046723963646, 'fire_amp': 1.1202509284327942}.
[I 2026-06-10 17:35:09,197] Trial 549 finished with values: [10.669033089211949, 10.669033089211949] and parameters: {'k1': 0.0003445931091927334, 'D_low': 148.21691630007544, 'k2': 0.0001016707987819611, 'D_high': 2427.054417940131, 'fire_exp': 1.5036604936020428, 'P_half': 8.318314747941244, 'pre_dampen_half': 8.259599205585761, 'gpp_af': 0.10098504976210308, 'gpp_b': 0.00807491410172472, 'gpp_d': 7.631016235941559, 'ign_k': 0.004105873950290761, 'ign_c': 22.126836566118193, 'trop_agb_crit': 1.0693376406863295, 'trop_k_veg': 1.6648666152166967, 'fire_amp': 5.44779717154213}.
[I 2026-06-10 17:35:10,513] Trial 550 finished with values: [10.846982613077854, 10.846982613077854] and parameters: {'k1': 0.0003445931091927334, 'D_low': 24.28756508761176, 'k2': 3.152468275632564e-05, 'D_high': 18701.140647651915, 'fire_exp': 1.0601964743503993, 'P_half': 589.5271473887282, 'pre_dampen_half': 857.6556763881457, 'gpp_af': 6.384685545228285, 'gpp_b': 0.0004125336560355494, 'gpp_d': 0.7698760608299932, 'ign_k': 0.15974581244256694, 'ign_c': 0.10435856341129002, 'trop_agb_crit': 1.0693376406863295, 'trop_k_veg': 5.022956259243681, 'fire_amp': 4.2446263054164195}.
[I 2026-06-10 17:35:11,930] Trial 551 finished with values: [-0.4788371530585602, 0.3697126950516879] and parameters: {'k1': 0.0326979063339169, 'D_low': 1739.6167422846984, 'k2': 0.0001016707987819611, 'D_high': 44974.07193749848, 'fire_exp': 1.4572158037266703, 'P_half': 101.40635645866499, 'pre_dampen_half': 155.08737608723771, 'gpp_af': 0.09885838682552685, 'gpp_b': 2.1309331861011757e-05, 'gpp_d': 95.2715755007094, 'ign_k': 0.4303356629825978, 'ign_c': 1.4091459170104739, 'trop_agb_crit': 2.1989086830950257, 'trop_k_veg': 2.724170387400844, 'fire_amp': 1.1202509284327942}.
[I 2026-06-10 17:35:13,394] Trial 552 finished with values: [10.855153230661656, 10.855153230661656] and parameters: {'k1': 0.006079905434073396, 'D_low': 43.2326421037033, 'k2': 0.0001016707987819611, 'D_high': 18108.14362107968, 'fire_exp': 1.4690410989404576, 'P_half': 6004.223886195538, 'pre_dampen_half': 269.0845367054866, 'gpp_af': 27.448645214004376, 'gpp_b': 0.6089142387470042, 'gpp_d': 12.338826503601998, 'ign_k': 0.5407445028694732, 'ign_c': 1.4091459170104739, 'trop_agb_crit': 3.1419938725278875, 'trop_k_veg': 0.5535297685306277, 'fire_amp': 1.5587346124822492}.
[I 2026-06-10 17:35:14,962] Trial 553 finished with values: [10.302741714094209, 10.302741714094209] and parameters: {'k1': 0.0869690639641868, 'D_low': 97.43142535650219, 'k2': 0.003767022142229395, 'D_high': 22.636544662054543, 'fire_exp': 1.0601964743503993, 'P_half': 101.40635645866499, 'pre_dampen_half': 33.71909132517384, 'gpp_af': 0.0662749342026412, 'gpp_b': 1.4540386644083135e-05, 'gpp_d': 12.281069836814826, 'ign_k': 0.00840038491455979, 'ign_c': 48.704711413416454, 'trop_agb_crit': 1.0693376406863295, 'trop_k_veg': 0.9923523017201868, 'fire_amp': 4.783836175730692}.
[I 2026-06-10 17:35:16,397] Trial 554 finished with values: [10.87503507683377, 10.87503507683377] and parameters: {'k1': 0.03648456083047798, 'D_low': 236.79352040223893, 'k2': 0.003767022142229395, 'D_high': 18108.14362107968, 'fire_exp': 1.4690410989404576, 'P_half': 4.213183643253957, 'pre_dampen_half': 269.0845367054866, 'gpp_af': 0.016306190741524337, 'gpp_b': 0.6089142387470042, 'gpp_d': 0.7698760608299932, 'ign_k': 0.4303356629825978, 'ign_c': 7.081721844034206, 'trop_agb_crit': 3.1419938725278875, 'trop_k_veg': 0.5535297685306277, 'fire_amp': 4.19233232783727}.
