[I 2026-08-14 14:25:57,189] Trial 808 finished with values: [-0.3554625854118624, 0.0] and parameters: {'k1': 0.0029282035181080004, 'D_low': 13713.885091300914, 'k2': 0.08636422432723088, 'D_high': 44.39648242927527, 'fire_exp': 1.6733848721157607, 'P_half': 2309.331703082654, 'pre_dampen_half': 0.011501973785501987, 'gpp_af': 0.0015564377110419772, 'gpp_b': 2.788681037423117, 'gpp_d': 285.57196407381804, 'ign_k': 0.04380580767905655, 'ign_c': 79.62155254464994, 'trop_agb_crit': 2.1775224101934065, 'trop_k_veg': 3.2626710594521904, 'fuel_k': 3.2005985636351713, 'fuel_half': 57.882001937752435}.
[I 2026-08-14 14:25:59,243] Trial 809 finished with values: [-0.3554625854118624, 0.0] and parameters: {'k1': 0.0024005553432620355, 'D_low': 367.4904945305323, 'k2': 0.0009670857606743155, 'D_high': 316055.11434645514, 'fire_exp': 1.6214575867079866, 'P_half': 70.13097205353067, 'pre_dampen_half': 0.10609580257119508, 'gpp_af': 0.005782026351795939, 'gpp_b': 1.6569065206637924e-05, 'gpp_d': 0.015163585438685893, 'ign_k': 0.3538391696694434, 'ign_c': 105.24574681335613, 'trop_agb_crit': 13.98132484257899, 'trop_k_veg': 0.6921865222804094, 'fuel_k': 1.6630228777630973, 'fuel_half': 2.100333410321807}.
[I 2026-08-14 14:26:01,295] Trial 810 finished with values: [-0.42129583585554925, 0.0007693156608465923] and parameters: {'k1': 0.0024005553432620355, 'D_low': 3735.16768760467, 'k2': 0.004339260158221388, 'D_high': 316055.11434645514, 'fire_exp': 2.1589564941849333, 'P_half': 1212.4080603355412, 'pre_dampen_half': 0.10609580257119508, 'gpp_af': 0.008983355849178878, 'gpp_b': 1.6569065206637924e-05, 'gpp_d': 2.292633983096564, 'ign_k': 0.18170401889219123, 'ign_c': 15.221840161091626, 'trop_agb_crit': 13.98132484257899, 'trop_k_veg': 2.417028380770307, 'fuel_k': 5.486054129200969, 'fuel_half': 52.00581729114123}.
[I 2026-08-14 14:26:03,427] Trial 811 finished with values: [-0.3554625854118624, 0.0] and parameters: {'k1': 0.0012329098365270509, 'D_low': 14787.382840410779, 'k2': 1.854837679096716e-05, 'D_high': 1620420.329328003, 'fire_exp': 7.854485471289695, 'P_half': 351.2704726270846, 'pre_dampen_half': 0.0195172246414495, 'gpp_af': 0.34902252478382495, 'gpp_b': 3.228689523591491e-05, 'gpp_d': 2.292633983096564, 'ign_k': 0.04380580767905655, 'ign_c': 105.24574681335613, 'trop_agb_crit': 13.98132484257899, 'trop_k_veg': 2.8224577471047865, 'fuel_k': 0.28630931797361614, 'fuel_half': 52.00581729114123}.
[I 2026-08-14 14:26:05,460] Trial 812 finished with values: [-0.39917482042530267, 4.3272762484392047e-08] and parameters: {'k1': 0.07573282902008706, 'D_low': 4.039009420067191, 'k2': 0.00352110299468884, 'D_high': 142222.41542049937, 'fire_exp': 1.6733848721157607, 'P_half': 48.464976792190825, 'pre_dampen_half': 0.03333029838740256, 'gpp_af': 0.008983355849178878, 'gpp_b': 2.788681037423117, 'gpp_d': 314.6826989726468, 'ign_k': 0.04380580767905655, 'ign_c': 0.18316165443932733, 'trop_agb_crit': 5.273338791937182, 'trop_k_veg': 0.6189606672462583, 'fuel_k': 0.06382243375381637, 'fuel_half': 0.30455368715396786}.
[I 2026-08-14 14:26:07,561] Trial 813 finished with values: [-0.49231752786119376, 0.06365661336306538] and parameters: {'k1': 0.0012329098365270509, 'D_low': 4.043300846639722, 'k2': 0.006051580666890612, 'D_high': 160625.60954780428, 'fire_exp': 1.6214575867079866, 'P_half': 351.2704726270846, 'pre_dampen_half': 3.659675301686169, 'gpp_af': 0.0876577878178163, 'gpp_b': 0.004922228103935987, 'gpp_d': 314.6826989726468, 'ign_k': 0.03141110271934876, 'ign_c': 3.0378658251922155, 'trop_agb_crit': 13.98132484257899, 'trop_k_veg': 7.260694958828215, 'fuel_k': 5.486054129200969, 'fuel_half': 15.581254655530845}.
[I 2026-08-14 14:26:09,587] Trial 814 finished with values: [-0.4462816822374604, 0.013065078723150325] and parameters: {'k1': 0.00040091494283268605, 'D_low': 4826.157696742554, 'k2': 0.006051580666890612, 'D_high': 316055.11434645514, 'fire_exp': 1.9439887028475722, 'P_half': 8.606931125089957, 'pre_dampen_half': 0.10609580257119508, 'gpp_af': 0.0876577878178163, 'gpp_b': 0.004922228103935987, 'gpp_d': 8.144272585223819, 'ign_k': 0.567034633562729, 'ign_c': 0.18316165443932733, 'trop_agb_crit': 2.3118820898020997, 'trop_k_veg': 0.6014881258938517, 'fuel_k': 0.021123235354472927, 'fuel_half': 0.3995528014939306}.
[I 2026-08-14 14:26:11,813] Trial 815 finished with values: [-0.3554625854118624, 0.0] and parameters: {'k1': 0.0004688858519834985, 'D_low': 367.4904945305323, 'k2': 1.263794633808287e-05, 'D_high': 316055.11434645514, 'fire_exp': 1.2429193829348841, 'P_half': 1938.3858782150498, 'pre_dampen_half': 0.022695682239207024, 'gpp_af': 0.03934396739328546, 'gpp_b': 2.788681037423117, 'gpp_d': 3.9087699398345466, 'ign_k': 0.476373748459372, 'ign_c': 105.24574681335613, 'trop_agb_crit': 2.3118820898020997, 'trop_k_veg': 0.7582134759384036, 'fuel_k': 0.5588539902953054, 'fuel_half': 16.304268028731595}.
[I 2026-08-14 14:26:13,913] Trial 816 finished with values: [-0.40421343398484816, 1.5681663637079346e-05] and parameters: {'k1': 0.07573282902008706, 'D_low': 3507.515213502105, 'k2': 0.00019472216066157317, 'D_high': 316055.11434645514, 'fire_exp': 1.9439887028475722, 'P_half': 351.2704726270846, 'pre_dampen_half': 0.03426913908389044, 'gpp_af': 0.16983565276584273, 'gpp_b': 1.4862329780204044, 'gpp_d': 5.1227685768715014, 'ign_k': 0.476373748459372, 'ign_c': 0.18316165443932733, 'trop_agb_crit': 13.98132484257899, 'trop_k_veg': 7.260694958828215, 'fuel_k': 5.486054129200969, 'fuel_half': 0.30455368715396786}.
[I 2026-08-14 14:26:16,638] Trial 817 finished with values: [-0.3554625854118624, 0.0] and parameters: {'k1': 0.07573282902008706, 'D_low': 3507.515213502105, 'k2': 0.00010939944910100016, 'D_high': 316055.11434645514, 'fire_exp': 1.2429193829348841, 'P_half': 1938.3858782150498, 'pre_dampen_half': 3.640068899312672, 'gpp_af': 0.004598575950307868, 'gpp_b': 3.228689523591491e-05, 'gpp_d': 25.184822598549903, 'ign_k': 0.476373748459372, 'ign_c': 105.24574681335613, 'trop_agb_crit': 2.1775224101934065, 'trop_k_veg': 3.4508425771776365, 'fuel_k': 0.021123235354472927, 'fuel_half': 10.013658413533488}.
[I 2026-08-14 14:26:18,667] Trial 818 finished with values: [-0.5920000303137765, 0.10625900531616383] and parameters: {'k1': 0.0003713474360443033, 'D_low': 3507.515213502105, 'k2': 0.0005708731724249573, 'D_high': 625838.668783032, 'fire_exp': 1.7973831035976209, 'P_half': 65.33684593224972, 'pre_dampen_half': 3.659675301686169, 'gpp_af': 0.008983355849178878, 'gpp_b': 0.00024732964314480056, 'gpp_d': 314.6826989726468, 'ign_k': 0.31014294272127446, 'ign_c': 0.18316165443932733, 'trop_agb_crit': 2.419699259862185, 'trop_k_veg': 2.1816482703680733, 'fuel_k': 1.6630228777630973, 'fuel_half': 2.100333410321807}.
[I 2026-08-14 14:26:20,742] Trial 819 finished with values: [-0.4795097839278909, 0.012205065537928106] and parameters: {'k1': 0.00040091494283268605, 'D_low': 126.11058927054879, 'k2': 0.006051580666890612, 'D_high': 316055.11434645514, 'fire_exp': 1.9439887028475722, 'P_half': 1.467883546187449, 'pre_dampen_half': 0.03411860497758073, 'gpp_af': 0.34902252478382495, 'gpp_b': 0.03103333227753725, 'gpp_d': 3.0023172465753074, 'ign_k': 0.567034633562729, 'ign_c': 0.18316165443932733, 'trop_agb_crit': 2.3118820898020997, 'trop_k_veg': 2.8224577471047865, 'fuel_k': 1.772261104101594, 'fuel_half': 0.3995528014939306}.
[I 2026-08-14 14:26:22,820] Trial 820 finished with values: [-0.40431063826487046, 2.388306543421592e-06] and parameters: {'k1': 1.8595266457134027e-05, 'D_low': 105.0448464633852, 'k2': 1.854837679096716e-05, 'D_high': 316055.11434645514, 'fire_exp': 1.6214575867079866, 'P_half': 9331.125028918148, 'pre_dampen_half': 0.0195172246414495, 'gpp_af': 0.34902252478382495, 'gpp_b': 0.040428727350273294, 'gpp_d': 0.08139347272614299, 'ign_k': 0.567034633562729, 'ign_c': 0.3296550135838091, 'trop_agb_crit': 3.8524922362032497, 'trop_k_veg': 1.128469461526162, 'fuel_k': 0.021123235354472927, 'fuel_half': 0.30455368715396786}.
[I 2026-08-14 14:26:24,863] Trial 821 finished with values: [-0.4055263405622019, 1.3186417338717504e-05] and parameters: {'k1': 2.1835747526693533e-05, 'D_low': 128395.48332743198, 'k2': 0.00010939944910100016, 'D_high': 16.752866684650684, 'fire_exp': 1.075051292556307, 'P_half': 1535.1441568398143, 'pre_dampen_half': 0.10609580257119508, 'gpp_af': 0.0023751383317256927, 'gpp_b': 0.00017826376967587887, 'gpp_d': 0.06888046676681166, 'ign_k': 0.03141110271934876, 'ign_c': 105.24574681335613, 'trop_agb_crit': 2.1775224101934065, 'trop_k_veg': 3.4508425771776365, 'fuel_k': 5.486054129200969, 'fuel_half': 15.581254655530845}.
[I 2026-08-14 14:26:26,920] Trial 822 finished with values: [-0.41388104137336706, 0.0011954446487899562] and parameters: {'k1': 0.0012329098365270509, 'D_low': 3735.16768760467, 'k2': 0.00019472216066157317, 'D_high': 316055.11434645514, 'fire_exp': 1.9439887028475722, 'P_half': 1938.3858782150498, 'pre_dampen_half': 38.160753400791386, 'gpp_af': 0.34902252478382495, 'gpp_b': 0.03103333227753725, 'gpp_d': 2.292633983096564, 'ign_k': 0.0680787482656459, 'ign_c': 15.221840161091626, 'trop_agb_crit': 13.98132484257899, 'trop_k_veg': 1.0540721475196824, 'fuel_k': 0.28630931797361614, 'fuel_half': 52.00581729114123}.
[I 2026-08-14 14:26:28,988] Trial 823 finished with values: [-0.35546858381135654, 0.0] and parameters: {'k1': 1.0477226564098276e-05, 'D_low': 2.0349553327469425, 'k2': 1.3243445838637965e-05, 'D_high': 38111.59226078823, 'fire_exp': 2.1589564941849333, 'P_half': 1938.3858782150498, 'pre_dampen_half': 0.03411860497758073, 'gpp_af': 0.0023751383317256927, 'gpp_b': 0.9407903301838397, 'gpp_d': 3.0023172465753074, 'ign_k': 0.567034633562729, 'ign_c': 5.486676498816058, 'trop_agb_crit': 2.1775224101934065, 'trop_k_veg': 3.4508425771776365, 'fuel_k': 1.6630228777630973, 'fuel_half': 15.581254655530845}.
[I 2026-08-14 14:26:31,044] Trial 824 finished with values: [-0.48876634271163066, 0.10842909212413399] and parameters: {'k1': 0.07573282902008706, 'D_low': 3735.16768760467, 'k2': 1.854837679096716e-05, 'D_high': 316055.11434645514, 'fire_exp': 1.182396148413737, 'P_half': 351.2704726270846, 'pre_dampen_half': 502.5175192217655, 'gpp_af': 0.34902252478382495, 'gpp_b': 0.03103333227753725, 'gpp_d': 3.0023172465753074, 'ign_k': 0.567034633562729, 'ign_c': 0.3296550135838091, 'trop_agb_crit': 13.365572767895445, 'trop_k_veg': 1.0540721475196824, 'fuel_k': 1.6460650207153917, 'fuel_half': 0.30455368715396786}.
[I 2026-08-14 14:26:33,705] Trial 825 finished with values: [-0.3554625854118624, 0.0] and parameters: {'k1': 0.0012329098365270509, 'D_low': 13713.885091300914, 'k2': 1.9423940721007243e-05, 'D_high': 316055.11434645514, 'fire_exp': 3.27790247797386, 'P_half': 351.2704726270846, 'pre_dampen_half': 0.10609580257119508, 'gpp_af': 0.326288637536534, 'gpp_b': 2.788681037423117, 'gpp_d': 2.292633983096564, 'ign_k': 0.04380580767905655, 'ign_c': 105.24574681335613, 'trop_agb_crit': 5.273338791937182, 'trop_k_veg': 0.8258248924958269, 'fuel_k': 0.24067532026281035, 'fuel_half': 57.882001937752435}.
[I 2026-08-14 14:26:35,675] Trial 826 finished with values: [-0.5394474872682122, 0.07095800191343504] and parameters: {'k1': 1.927644355988153e-05, 'D_low': 2.0349553327469425, 'k2': 1.915468390724633e-05, 'D_high': 316055.11434645514, 'fire_exp': 1.9439887028475722, 'P_half': 220.3445560633069, 'pre_dampen_half': 39.37581228093823, 'gpp_af': 0.030592049838223532, 'gpp_b': 6.0327793441162e-05, 'gpp_d': 1.105785410092522, 'ign_k': 1.07907786430243, 'ign_c': 15.221840161091626, 'trop_agb_crit': 2.3118820898020997, 'trop_k_veg': 4.844706510617515, 'fuel_k': 0.011892598727815663, 'fuel_half': 0.3995528014939306}.
[I 2026-08-14 14:26:38,139] Trial 827 finished with values: [-0.4226170521819551, 0.0002779214552018905] and parameters: {'k1': 0.07573282902008706, 'D_low': 4.043300846639722, 'k2': 0.0005708731724249573, 'D_high': 625838.668783032, 'fire_exp': 1.7973831035976209, 'P_half': 3910.3637457741784, 'pre_dampen_half': 0.03333029838740256, 'gpp_af': 0.0023751383317256927, 'gpp_b': 1.1820908383754237e-05, 'gpp_d': 314.6826989726468, 'ign_k': 0.567034633562729, 'ign_c': 3.0378658251922155, 'trop_agb_crit': 13.98132484257899, 'trop_k_veg': 4.844706510617515, 'fuel_k': 0.06382243375381637, 'fuel_half': 10.013658413533488}.
[I 2026-08-14 14:26:40,155] Trial 828 finished with values: [-0.35650335100505176, 1.9062895706412064e-10] and parameters: {'k1': 1.8595266457134027e-05, 'D_low': 548287.5567588649, 'k2': 1.263794633808287e-05, 'D_high': 266103.2365197638, 'fire_exp': 1.6733848721157607, 'P_half': 48.464976792190825, 'pre_dampen_half': 0.0195172246414495, 'gpp_af': 0.005782026351795939, 'gpp_b': 3.228689523591491e-05, 'gpp_d': 2.292633983096564, 'ign_k': 0.04380580767905655, 'ign_c': 105.24574681335613, 'trop_agb_crit': 2.447085645036977, 'trop_k_veg': 2.8224577471047865, 'fuel_k': 0.021123235354472927, 'fuel_half': 65.99277195883643}.
[I 2026-08-14 14:26:42,136] Trial 829 finished with values: [-0.3830126119074029, 4.2139025602239144e-10] and parameters: {'k1': 1.0477226564098276e-05, 'D_low': 9.222492453004657, 'k2': 1.263794633808287e-05, 'D_high': 16.752866684650684, 'fire_exp': 1.075051292556307, 'P_half': 1535.1441568398143, 'pre_dampen_half': 0.10609580257119508, 'gpp_af': 0.0023751383317256927, 'gpp_b': 2.788681037423117, 'gpp_d': 0.06888046676681166, 'ign_k': 0.04380580767905655, 'ign_c': 105.24574681335613, 'trop_agb_crit': 2.1775224101934065, 'trop_k_veg': 0.6921865222804094, 'fuel_k': 1.6630228777630973, 'fuel_half': 12.136386887218588}.
[I 2026-08-14 14:26:44,113] Trial 830 finished with values: [-0.38341593482383074, 6.521515549806622e-10] and parameters: {'k1': 0.0024005553432620355, 'D_low': 1.7887890916820506, 'k2': 0.0009670857606743155, 'D_high': 316055.11434645514, 'fire_exp': 1.9439887028475722, 'P_half': 3910.3637457741784, 'pre_dampen_half': 0.10609580257119508, 'gpp_af': 0.008983355849178878, 'gpp_b': 1.4862329780204044, 'gpp_d': 0.012472726063715429, 'ign_k': 0.567034633562729, 'ign_c': 0.18316165443932733, 'trop_agb_crit': 13.98132484257899, 'trop_k_veg': 1.7570501127699654, 'fuel_k': 1.6630228777630973, 'fuel_half': 2.100333410321807}.
[I 2026-08-14 14:26:46,148] Trial 831 finished with values: [-0.38032207448831234, 0.04376439727657411] and parameters: {'k1': 1.0477226564098276e-05, 'D_low': 3507.515213502105, 'k2': 1.3243445838637965e-05, 'D_high': 1316.7655356434918, 'fire_exp': 1.182396148413737, 'P_half': 269.74113434525447, 'pre_dampen_half': 3.659675301686169, 'gpp_af': 0.34902252478382495, 'gpp_b': 1.6569065206637924e-05, 'gpp_d': 0.012284844784580964, 'ign_k': 0.04380580767905655, 'ign_c': 0.13229646467088635, 'trop_agb_crit': 13.98132484257899, 'trop_k_veg': 1.0540721475196824, 'fuel_k': 1.6630228777630973, 'fuel_half': 12.136386887218588}.
[I 2026-08-14 14:26:48,128] Trial 832 finished with values: [-0.4328208766657616, 0.002347026904390037] and parameters: {'k1': 0.00040091494283268605, 'D_low': 3735.16768760467, 'k2': 1.915468390724633e-05, 'D_high': 316055.11434645514, 'fire_exp': 1.9439887028475722, 'P_half': 220.3445560633069, 'pre_dampen_half': 0.10609580257119508, 'gpp_af': 0.34902252478382495, 'gpp_b': 0.03103333227753725, 'gpp_d': 3.0023172465753074, 'ign_k': 0.567034633562729, 'ign_c': 0.3296550135838091, 'trop_agb_crit': 2.3118820898020997, 'trop_k_veg': 1.128469461526162, 'fuel_k': 0.021123235354472927, 'fuel_half': 0.3995528014939306}.
[I 2026-08-14 14:26:50,120] Trial 833 finished with values: [-0.4528822119198505, 0.004674888244034503] and parameters: {'k1': 0.07573282902008706, 'D_low': 3507.515213502105, 'k2': 0.0005708731724249573, 'D_high': 625838.668783032, 'fire_exp': 3.27790247797386, 'P_half': 65.33684593224972, 'pre_dampen_half': 0.15144408538724474, 'gpp_af': 0.008983355849178878, 'gpp_b': 0.00024732964314480056, 'gpp_d': 314.6826989726468, 'ign_k': 0.31014294272127446, 'ign_c': 0.18316165443932733, 'trop_agb_crit': 5.273338791937182, 'trop_k_veg': 4.844706510617515, 'fuel_k': 1.6630228777630973, 'fuel_half': 10.013658413533488}.
[I 2026-08-14 14:26:52,088] Trial 834 finished with values: [-0.4216842998644825, 0.00025666320594475156] and parameters: {'k1': 1.0477226564098276e-05, 'D_low': 4.043300846639722, 'k2': 1.3243445838637965e-05, 'D_high': 160625.60954780428, 'fire_exp': 2.1589564941849333, 'P_half': 1535.1441568398143, 'pre_dampen_half': 0.10609580257119508, 'gpp_af': 0.0025511964576171086, 'gpp_b': 1.6569065206637924e-05, 'gpp_d': 0.012284844784580964, 'ign_k': 0.567034633562729, 'ign_c': 0.13229646467088635, 'trop_agb_crit': 2.1775224101934065, 'trop_k_veg': 1.128469461526162, 'fuel_k': 5.486054129200969, 'fuel_half': 0.7755445385675653}.
[I 2026-08-14 14:26:54,289] Trial 835 finished with values: [-0.3554625854118624, 0.0] and parameters: {'k1': 1.0477226564098276e-05, 'D_low': 125.37743435802929, 'k2': 1.263794633808287e-05, 'D_high': 16.752866684650684, 'fire_exp': 1.075051292556307, 'P_half': 1535.1441568398143, 'pre_dampen_half': 74.6908936941915, 'gpp_af': 2.026996763944708, 'gpp_b': 2.788681037423117, 'gpp_d': 0.06888046676681166, 'ign_k': 0.567034633562729, 'ign_c': 105.24574681335613, 'trop_agb_crit': 2.1775224101934065, 'trop_k_veg': 0.8355408513214738, 'fuel_k': 1.6630228777630973, 'fuel_half': 12.136386887218588}.
[I 2026-08-14 14:26:56,356] Trial 836 finished with values: [-0.4182166904594829, 0.0011146199907083876] and parameters: {'k1': 0.07573282902008706, 'D_low': 3735.16768760467, 'k2': 1.854837679096716e-05, 'D_high': 625838.668783032, 'fire_exp': 1.7973831035976209, 'P_half': 1938.3858782150498, 'pre_dampen_half': 0.03333029838740256, 'gpp_af': 0.34902252478382495, 'gpp_b': 0.00024732964314480056, 'gpp_d': 314.6826989726468, 'ign_k': 0.18170401889219123, 'ign_c': 15.221840161091626, 'trop_agb_crit': 5.273338791937182, 'trop_k_veg': 1.0540721475196824, 'fuel_k': 0.030458048063161637, 'fuel_half': 10.013658413533488}.
[I 2026-08-14 14:26:58,815] Trial 837 finished with values: [-0.4007573774505763, 1.0645119297159056e-07] and parameters: {'k1': 2.4750421470385117e-05, 'D_low': 4.043300846639722, 'k2': 0.0005708731724249573, 'D_high': 625838.668783032, 'fire_exp': 1.7973831035976209, 'P_half': 3910.3637457741784, 'pre_dampen_half': 0.15144408538724474, 'gpp_af': 0.0023751383317256927, 'gpp_b': 0.09158330630550664, 'gpp_d': 314.6826989726468, 'ign_k': 0.31014294272127446, 'ign_c': 3.0378658251922155, 'trop_agb_crit': 5.273338791937182, 'trop_k_veg': 4.162616497508856, 'fuel_k': 0.06382243375381637, 'fuel_half': 10.013658413533488}.
[I 2026-08-14 14:27:00,674] Trial 838 finished with values: [-0.3924010340027078, 2.30460320826964e-08] and parameters: {'k1': 0.0004688858519834985, 'D_low': 1.7887890916820506, 'k2': 1.263794633808287e-05, 'D_high': 316055.11434645514, 'fire_exp': 1.6214575867079866, 'P_half': 3910.3637457741784, 'pre_dampen_half': 3.659675301686169, 'gpp_af': 0.008983355849178878, 'gpp_b': 2.788681037423117, 'gpp_d': 0.012284844784580964, 'ign_k': 0.567034633562729, 'ign_c': 0.18316165443932733, 'trop_agb_crit': 2.419699259862185, 'trop_k_veg': 2.8224577471047865, 'fuel_k': 1.6630228777630973, 'fuel_half': 3.7093134348291836}.
[I 2026-08-14 14:27:02,595] Trial 839 finished with values: [-0.3554625854118624, 0.0] and parameters: {'k1': 1.0477226564098276e-05, 'D_low': 367.4904945305323, 'k2': 1.263794633808287e-05, 'D_high': 316055.11434645514, 'fire_exp': 1.6733848721157607, 'P_half': 48.464976792190825, 'pre_dampen_half': 0.03333029838740256, 'gpp_af': 0.004598575950307868, 'gpp_b': 2.788681037423117, 'gpp_d': 0.015163585438685893, 'ign_k': 0.04380580767905655, 'ign_c': 105.24574681335613, 'trop_agb_crit': 2.3118820898020997, 'trop_k_veg': 0.6189606672462583, 'fuel_k': 1.6630228777630973, 'fuel_half': 0.30455368715396786}.
[I 2026-08-14 14:27:04,524] Trial 840 finished with values: [-0.3690120693122959, 2.307612989582708e-10] and parameters: {'k1': 0.07573282902008706, 'D_low': 4.043300846639722, 'k2': 1.263794633808287e-05, 'D_high': 142222.41542049937, 'fire_exp': 1.6733848721157607, 'P_half': 3910.3637457741784, 'pre_dampen_half': 0.03333029838740256, 'gpp_af': 0.02114619056336667, 'gpp_b': 2.788681037423117, 'gpp_d': 0.01307253094873642, 'ign_k': 0.04380580767905655, 'ign_c': 0.18316165443932733, 'trop_agb_crit': 2.447085645036977, 'trop_k_veg': 0.6189606672462583, 'fuel_k': 0.06382243375381637, 'fuel_half': 0.30455368715396786}.
[I 2026-08-14 14:27:06,419] Trial 841 finished with values: [-0.4313648072923334, 0.04816577898387242] and parameters: {'k1': 0.00016312233285809254, 'D_low': 2.607160725470918, 'k2': 1.263794633808287e-05, 'D_high': 13.355795670407744, 'fire_exp': 1.182396148413737, 'P_half': 269.74113434525447, 'pre_dampen_half': 3.659675301686169, 'gpp_af': 0.0025511964576171086, 'gpp_b': 0.00024732964314480056, 'gpp_d': 0.01307253094873642, 'ign_k': 0.03141110271934876, 'ign_c': 0.18316165443932733, 'trop_agb_crit': 1.3224446882783567, 'trop_k_veg': 3.4508425771776365, 'fuel_k': 1.6630228777630973, 'fuel_half': 15.581254655530845}.
[I 2026-08-14 14:27:08,390] Trial 842 finished with values: [-0.4130588603131565, 2.9457672882315933e-05] and parameters: {'k1': 0.0012329098365270509, 'D_low': 2.607160725470918, 'k2': 1.263794633808287e-05, 'D_high': 8500.54600545206, 'fire_exp': 1.6733848721157607, 'P_half': 7437.725385707937, 'pre_dampen_half': 0.10609580257119508, 'gpp_af': 0.0025511964576171086, 'gpp_b': 1.6569065206637924e-05, 'gpp_d': 0.01307253094873642, 'ign_k': 0.03141110271934876, 'ign_c': 0.18316165443932733, 'trop_agb_crit': 2.3118820898020997, 'trop_k_veg': 3.4508425771776365, 'fuel_k': 0.28630931797361614, 'fuel_half': 12.136386887218588}.
