[I 2026-08-19 14:31:22,867] Trial 115 finished with value: -0.6075860393361634 and parameters: {'k1': 0.017844605478421673, 'D_low': 94.79840029785605, 'k2': 1.0829380751358828e-05, 'D_high': 1232067.1005621343, 'fire_exp': 1.1372943618750644, 'P_half': 87.82201164303716, 'pre_dampen_half': 0.4219424740420833, 'gpp_af': 0.02594525439215874, 'gpp_b': 0.00024588530535526434, 'gpp_d': 0.14938387114909066, 'ign_k': 1.2575313140854942, 'ign_c': 6.691184313376954, 'trop_agb_crit': 9.436166750172818, 'trop_k_veg': 6.5461276211889405, 'pop_amp': 0.07784585095076593, 'pop_peak': 0.17474589755907477, 'pop_sig': 0.6544762752917402, 'fuel_k': 1.8282905220674415, 'fuel_half': 0.18393847730323187}. Best is trial 0 with value: -0.6094076133578652.
[I 2026-08-19 14:31:25,285] Trial 116 finished with value: -0.5267430565953115 and parameters: {'k1': 0.016726670486585833, 'D_low': 66.62038455296654, 'k2': 0.0001602753363106689, 'D_high': 620284.9255459065, 'fire_exp': 1.3306828486751248, 'P_half': 249.12591845754386, 'pre_dampen_half': 0.26648301724375556, 'gpp_af': 0.0878202916499042, 'gpp_b': 0.00019518566392633742, 'gpp_d': 0.17941670358409834, 'ign_k': 1.734858609097775, 'ign_c': 0.6906369417197696, 'trop_agb_crit': 13.21476428821923, 'trop_k_veg': 7.642774323724956, 'pop_amp': 0.26217059283857513, 'pop_peak': 0.07961694813049512, 'pop_sig': 0.6389863791627856, 'fuel_k': 0.8181812847989673, 'fuel_half': 0.32963126391474934}. Best is trial 0 with value: -0.6094076133578652.
  trial  117/2500  best_overall=0.6094  (7.4 min)
[I 2026-08-19 14:31:27,754] Trial 117 finished with value: -0.3813005262275489 and parameters: {'k1': 0.06860506061142835, 'D_low': 32267.914156538554, 'k2': 1.5073505842422485e-05, 'D_high': 21097.404064439423, 'fire_exp': 1.8754578451301973, 'P_half': 10.59884346007495, 'pre_dampen_half': 15.563885597144116, 'gpp_af': 0.007602489891379593, 'gpp_b': 0.00031810369039399, 'gpp_d': 0.9043651525007839, 'ign_k': 0.394508681065458, 'ign_c': 27.268783560638532, 'trop_agb_crit': 6.034397426357155, 'trop_k_veg': 4.505751814799535, 'pop_amp': 0.0063984626253118905, 'pop_peak': 0.12018840586072493, 'pop_sig': 0.9603481732814696, 'fuel_k': 0.7891150747491041, 'fuel_half': 4.688278543547375}. Best is trial 0 with value: -0.6094076133578652.
[I 2026-08-19 14:31:29,966] Trial 118 finished with value: -0.39887521661211867 and parameters: {'k1': 0.00021672088421784404, 'D_low': 23.986947933046974, 'k2': 1.4822478192039773e-05, 'D_high': 842401.4957813662, 'fire_exp': 1.3068917640673192, 'P_half': 81.77601484252615, 'pre_dampen_half': 3.64415692040149, 'gpp_af': 0.12995266379718476, 'gpp_b': 2.9840035154697498e-05, 'gpp_d': 1.1109744424888521, 'ign_k': 0.8781852127059027, 'ign_c': 33.29769979667614, 'trop_agb_crit': 5.413534108141002, 'trop_k_veg': 1.642633783047009, 'pop_amp': 0.03769667533156472, 'pop_peak': 0.19390902339256988, 'pop_sig': 0.8719772828098937, 'fuel_k': 0.4250844530719381, 'fuel_half': 0.3860250618584062}. Best is trial 0 with value: -0.6094076133578652.
[I 2026-08-19 14:31:32,206] Trial 119 finished with value: -0.5614098020757552 and parameters: {'k1': 0.00036086232650775474, 'D_low': 16.586931965519348, 'k2': 0.0003435030423897369, 'D_high': 110353.4799965169, 'fire_exp': 1.8178099333579927, 'P_half': 151.17248430678612, 'pre_dampen_half': 47.43564617763129, 'gpp_af': 0.008590782571454106, 'gpp_b': 0.00016309422220275093, 'gpp_d': 0.03443370367025377, 'ign_k': 3.1228750404330747, 'ign_c': 0.28231124716695116, 'trop_agb_crit': 14.493907444061636, 'trop_k_veg': 4.034753107933906, 'pop_amp': 0.011427473258297918, 'pop_peak': 6.601866679826124, 'pop_sig': 0.3714672611415902, 'fuel_k': 0.6586312248922451, 'fuel_half': 0.23697864571314595}. Best is trial 0 with value: -0.6094076133578652.
[I 2026-08-19 14:31:34,770] Trial 120 finished with value: -0.3554625854118624 and parameters: {'k1': 0.020256991251573736, 'D_low': 18156.7473390415, 'k2': 0.0004826271608401545, 'D_high': 128405.91768969705, 'fire_exp': 1.0012348643405395, 'P_half': 306.2813404178277, 'pre_dampen_half': 0.3093783265032396, 'gpp_af': 0.017200908929490746, 'gpp_b': 4.404773804094586e-05, 'gpp_d': 16.783229518585507, 'ign_k': 1.634009915992702, 'ign_c': 191.40757577342993, 'trop_agb_crit': 3.661597954409723, 'trop_k_veg': 6.338810372217394, 'pop_amp': 0.044402912600741556, 'pop_peak': 0.4554346004477947, 'pop_sig': 0.6309314870354634, 'fuel_k': 0.3178204930093541, 'fuel_half': 0.18606643278457927}. Best is trial 0 with value: -0.6094076133578652.
[I 2026-08-19 14:31:37,044] Trial 121 finished with value: -0.6148958760349835 and parameters: {'k1': 0.0031056051424727606, 'D_low': 30.93091644693129, 'k2': 3.326434400438687e-05, 'D_high': 1034821.4166382487, 'fire_exp': 1.847767768812828, 'P_half': 37.857964829446416, 'pre_dampen_half': 2.7723883735616726, 'gpp_af': 0.0064481703906956395, 'gpp_b': 6.265508999925626e-05, 'gpp_d': 0.26095935263977305, 'ign_k': 0.31720312142791673, 'ign_c': 10.142841362071252, 'trop_agb_crit': 8.27820368076368, 'trop_k_veg': 2.0544938463945686, 'pop_amp': 0.5309597754843486, 'pop_peak': 3.5052307579327033, 'pop_sig': 1.72032163653987, 'fuel_k': 0.02446445708015329, 'fuel_half': 0.7572770020277868}. Best is trial 121 with value: -0.6148958760349835.
[I 2026-08-19 14:31:39,193] Trial 122 finished with value: -0.3554625854118624 and parameters: {'k1': 0.0011185316213224788, 'D_low': 36.13324177663145, 'k2': 2.1644544980290305e-05, 'D_high': 3967451.2758375867, 'fire_exp': 3.514838818027687, 'P_half': 3.950322142168474, 'pre_dampen_half': 0.12866337147373805, 'gpp_af': 0.03839389329623792, 'gpp_b': 0.0011211265457672357, 'gpp_d': 3.220436601912788, 'ign_k': 2.91882293708169, 'ign_c': 93.55908361171797, 'trop_agb_crit': 5.804746200501356, 'trop_k_veg': 1.9234267515467667, 'pop_amp': 0.3148396944958542, 'pop_peak': 1.199420364552819, 'pop_sig': 1.5345704709445132, 'fuel_k': 0.011310003471329188, 'fuel_half': 0.4749867541613077}. Best is trial 121 with value: -0.6148958760349835.
[I 2026-08-19 14:31:41,477] Trial 123 finished with value: -0.5393910479280695 and parameters: {'k1': 0.037269387447170794, 'D_low': 328.9132392896678, 'k2': 7.947863478574108e-05, 'D_high': 34659.682501522715, 'fire_exp': 1.2046762009525531, 'P_half': 70.79090239534007, 'pre_dampen_half': 4.390007208561116, 'gpp_af': 0.1376970727907072, 'gpp_b': 0.00027157489718280283, 'gpp_d': 55.05749853897932, 'ign_k': 5.191099356610576, 'ign_c': 6.753858152208736, 'trop_agb_crit': 18.88497381292086, 'trop_k_veg': 7.842448833169309, 'pop_amp': 0.001944078615248554, 'pop_peak': 0.11091637268828802, 'pop_sig': 0.27385541598329155, 'fuel_k': 1.7739086599537495, 'fuel_half': 0.7594149203409276}. Best is trial 121 with value: -0.6148958760349835.
[I 2026-08-19 14:31:43,730] Trial 124 finished with value: -0.40775094489689884 and parameters: {'k1': 0.0014622980838302584, 'D_low': 47.52434142287464, 'k2': 4.4303155244372105e-05, 'D_high': 411400.7056493326, 'fire_exp': 1.9809622157200182, 'P_half': 2420.319673745409, 'pre_dampen_half': 2.244553878580849, 'gpp_af': 0.022423174860191023, 'gpp_b': 0.00011201713419656752, 'gpp_d': 0.04801715437238266, 'ign_k': 0.24202144733305267, 'ign_c': 66.39629617358676, 'trop_agb_crit': 23.84508030495076, 'trop_k_veg': 2.1795898867157297, 'pop_amp': 0.022323997439144157, 'pop_peak': 5.326429485425396, 'pop_sig': 1.2731675133410927, 'fuel_k': 0.036829508471938485, 'fuel_half': 0.5755451473456535}. Best is trial 121 with value: -0.6148958760349835.
[I 2026-08-19 14:31:46,004] Trial 125 finished with value: -0.4591918139849652 and parameters: {'k1': 0.0038267104564652524, 'D_low': 430.0659507799748, 'k2': 6.9434568703063e-05, 'D_high': 1705511.1070210552, 'fire_exp': 2.281549128117396, 'P_half': 23.544247743093155, 'pre_dampen_half': 0.04794198948469404, 'gpp_af': 0.002652307969864001, 'gpp_b': 0.00019271624627614033, 'gpp_d': 0.03982666081800709, 'ign_k': 3.1384592501770863, 'ign_c': 12.391091105542861, 'trop_agb_crit': 19.278170245340615, 'trop_k_veg': 7.244646589779824, 'pop_amp': 0.1485219857643687, 'pop_peak': 19.607744951072622, 'pop_sig': 0.3444141831203793, 'fuel_k': 1.7164393665261382, 'fuel_half': 6.692894483748894}. Best is trial 121 with value: -0.6148958760349835.
  trial  126/2500  best_overall=0.6149  (7.7 min)
[I 2026-08-19 14:31:48,255] Trial 126 finished with value: -0.45024841251128744 and parameters: {'k1': 0.002512797754317263, 'D_low': 6.927356673443454, 'k2': 0.0002339092562479595, 'D_high': 384008.4096389508, 'fire_exp': 1.1881944578269796, 'P_half': 22.67242404584627, 'pre_dampen_half': 204.01580840875388, 'gpp_af': 0.056183963316134025, 'gpp_b': 0.0003730767919193623, 'gpp_d': 0.09571641835747761, 'ign_k': 0.19871315025238137, 'ign_c': 16.06006275214922, 'trop_agb_crit': 13.51313366994944, 'trop_k_veg': 6.583165792099182, 'pop_amp': 1.4238728890538004, 'pop_peak': 19.16203326504664, 'pop_sig': 0.7163792160294357, 'fuel_k': 0.025862885453359574, 'fuel_half': 4.338877872697525}. Best is trial 121 with value: -0.6148958760349835.
[I 2026-08-19 14:31:50,613] Trial 127 finished with value: -0.5324314459507267 and parameters: {'k1': 0.011648038723433061, 'D_low': 9.111908367331324, 'k2': 0.0002135209923856994, 'D_high': 4461574.3044671, 'fire_exp': 1.290379810235086, 'P_half': 29.22863421055885, 'pre_dampen_half': 12.395280193023702, 'gpp_af': 0.13549973363336745, 'gpp_b': 0.00012100827169793942, 'gpp_d': 0.10634663644117102, 'ign_k': 0.10796738237850971, 'ign_c': 2.025117886887464, 'trop_agb_crit': 9.376063622748822, 'trop_k_veg': 1.62689775906679, 'pop_amp': 0.18893779500488214, 'pop_peak': 6.548922849653039, 'pop_sig': 1.1507637561412942, 'fuel_k': 0.020408683094979393, 'fuel_half': 0.24241035830250277}. Best is trial 121 with value: -0.6148958760349835.
[I 2026-08-19 14:31:52,910] Trial 128 finished with value: -0.48897545091064315 and parameters: {'k1': 0.00016898888421836895, 'D_low': 1051.0863684943706, 'k2': 2.9285366743814555e-05, 'D_high': 4393038.678284201, 'fire_exp': 1.2586289155595793, 'P_half': 365.0927617898075, 'pre_dampen_half': 0.7261703274053706, 'gpp_af': 0.008035942456688693, 'gpp_b': 7.99240812237515e-05, 'gpp_d': 0.37433055317153024, 'ign_k': 0.05637582916705823, 'ign_c': 10.073240033395185, 'trop_agb_crit': 10.211143723412453, 'trop_k_veg': 1.584717846388649, 'pop_amp': 0.12691492803746043, 'pop_peak': 0.21523091496510482, 'pop_sig': 2.0215780628632944, 'fuel_k': 0.25903595828884857, 'fuel_half': 0.3508273864870386}. Best is trial 121 with value: -0.6148958760349835.
[I 2026-08-19 14:31:55,171] Trial 129 finished with value: -0.5684456731416518 and parameters: {'k1': 0.04122002141874348, 'D_low': 1.4685878149438982, 'k2': 0.0005307458169863281, 'D_high': 4987653.491340834, 'fire_exp': 1.007743848858543, 'P_half': 7.484464969696062, 'pre_dampen_half': 0.18880444984537503, 'gpp_af': 9.362995227252062, 'gpp_b': 0.0005350950101148964, 'gpp_d': 62.51469552728687, 'ign_k': 3.330099536859361, 'ign_c': 1.4421890321792525, 'trop_agb_crit': 20.67231190317275, 'trop_k_veg': 2.2161067882857366, 'pop_amp': 0.0023306080179290403, 'pop_peak': 3.997561278055862, 'pop_sig': 1.6583523606862376, 'fuel_k': 0.13818385905273375, 'fuel_half': 35.38083806568487}. Best is trial 121 with value: -0.6148958760349835.
[I 2026-08-19 14:31:57,305] Trial 130 finished with value: -0.39122373574623787 and parameters: {'k1': 0.004780562239436196, 'D_low': 60.575992803071244, 'k2': 1.1836612878817932e-05, 'D_high': 599903.5829785913, 'fire_exp': 2.031870693405072, 'P_half': 119.68957032289993, 'pre_dampen_half': 16.040019684416674, 'gpp_af': 0.0010567039013550678, 'gpp_b': 0.007846230075297857, 'gpp_d': 2.4439649452823624, 'ign_k': 0.03142716666562734, 'ign_c': 10.842256921407875, 'trop_agb_crit': 6.164740055516399, 'trop_k_veg': 1.388244699242596, 'pop_amp': 1.176315809502, 'pop_peak': 0.3456391882745743, 'pop_sig': 2.472168135445875, 'fuel_k': 0.012046138716033173, 'fuel_half': 1.6859360002567467}. Best is trial 121 with value: -0.6148958760349835.
[I 2026-08-19 14:31:59,676] Trial 131 finished with value: -0.5378968373873166 and parameters: {'k1': 0.0002136791813222316, 'D_low': 4493.821591263634, 'k2': 1.521128414033648e-05, 'D_high': 292117.97411992087, 'fire_exp': 1.848223266187451, 'P_half': 40.84575834682594, 'pre_dampen_half': 2.5221912721398514, 'gpp_af': 0.011478679962494447, 'gpp_b': 4.5418740590624475e-05, 'gpp_d': 0.026753461654437247, 'ign_k': 7.565258508485019, 'ign_c': 5.90444372372004, 'trop_agb_crit': 9.950895088489549, 'trop_k_veg': 1.6697015320361515, 'pop_amp': 0.004724062293784016, 'pop_peak': 0.45092676467636705, 'pop_sig': 1.3577191823502592, 'fuel_k': 0.23243609106465724, 'fuel_half': 0.1306954876720839}. Best is trial 121 with value: -0.6148958760349835.
[I 2026-08-19 14:32:02,210] Trial 132 finished with value: -0.3554625854118624 and parameters: {'k1': 0.01381436013496609, 'D_low': 37.153932034978986, 'k2': 0.0003795935403910719, 'D_high': 113195.44942421405, 'fire_exp': 1.067838330400654, 'P_half': 3.675159131697401, 'pre_dampen_half': 1.0205310169817718, 'gpp_af': 0.016671151335747182, 'gpp_b': 1.1214760571129587e-05, 'gpp_d': 7.244573106933531, 'ign_k': 1.058814527799702, 'ign_c': 91.2798866754337, 'trop_agb_crit': 11.597486835075788, 'trop_k_veg': 3.8360212298511853, 'pop_amp': 8.769380215036186, 'pop_peak': 1.9676732154925256, 'pop_sig': 2.1669018885900537, 'fuel_k': 0.05060292576257194, 'fuel_half': 0.6536930241190357}. Best is trial 121 with value: -0.6148958760349835.
[I 2026-08-19 14:32:04,615] Trial 133 finished with value: -0.4679208214763613 and parameters: {'k1': 0.005612791990250342, 'D_low': 7.814499232943623, 'k2': 7.635771014639872e-05, 'D_high': 209636.69107661914, 'fire_exp': 1.5093052115654664, 'P_half': 48.28208372514168, 'pre_dampen_half': 11.348725337849633, 'gpp_af': 0.2678050471167873, 'gpp_b': 5.8405064822614684e-05, 'gpp_d': 0.09773585493871985, 'ign_k': 0.02958893085098229, 'ign_c': 6.971198980404092, 'trop_agb_crit': 4.807441280137947, 'trop_k_veg': 6.654264763187456, 'pop_amp': 0.02609536926516933, 'pop_peak': 0.11644938783208382, 'pop_sig': 0.36590852026197196, 'fuel_k': 0.390413842798951, 'fuel_half': 4.11826458409958}. Best is trial 121 with value: -0.6148958760349835.
[I 2026-08-19 14:32:06,892] Trial 134 finished with value: -0.40758819076874453 and parameters: {'k1': 0.00762135239038114, 'D_low': 1966.3124149064981, 'k2': 5.48693155314834e-05, 'D_high': 5858354.662515951, 'fire_exp': 1.5159530748298362, 'P_half': 2693.4110852876993, 'pre_dampen_half': 1.0487959995884584, 'gpp_af': 0.011488017441752736, 'gpp_b': 1.7076160286477312e-05, 'gpp_d': 0.01634970812085774, 'ign_k': 0.26682635469202914, 'ign_c': 69.19047592899142, 'trop_agb_crit': 7.3131779188455734, 'trop_k_veg': 4.301785656832382, 'pop_amp': 0.13363438707701755, 'pop_peak': 0.12728972653852993, 'pop_sig': 0.7682384479037317, 'fuel_k': 2.3897495259219674, 'fuel_half': 0.23448438196542307}. Best is trial 121 with value: -0.6148958760349835.
  trial  135/2500  best_overall=0.6149  (8.1 min)
[I 2026-08-19 14:32:09,154] Trial 135 finished with value: -0.484456650325302 and parameters: {'k1': 0.05785886045337303, 'D_low': 14.863162949057298, 'k2': 1.5498039447709144e-05, 'D_high': 84907.38245808071, 'fire_exp': 1.06200397739725, 'P_half': 274.08382828562907, 'pre_dampen_half': 0.25975199799801596, 'gpp_af': 0.6883651995677278, 'gpp_b': 0.0026116446091006182, 'gpp_d': 74.69810305511835, 'ign_k': 5.24325147515115, 'ign_c': 0.2820760201095062, 'trop_agb_crit': 13.956630103896295, 'trop_k_veg': 1.318543027523354, 'pop_amp': 0.0017229993666780185, 'pop_peak': 0.09534868330914842, 'pop_sig': 1.830543974542063, 'fuel_k': 0.33391875455306835, 'fuel_half': 2.7594352371431583}. Best is trial 121 with value: -0.6148958760349835.
[I 2026-08-19 14:32:11,380] Trial 136 finished with value: -0.3554625854118624 and parameters: {'k1': 0.008077876121749171, 'D_low': 3137.1051955038693, 'k2': 0.0005106515103399025, 'D_high': 3160484.355629601, 'fire_exp': 2.288070038620047, 'P_half': 6.204326270369141, 'pre_dampen_half': 3.202428725269282, 'gpp_af': 0.003194823935922316, 'gpp_b': 0.0002446400098821351, 'gpp_d': 0.4576558448666802, 'ign_k': 3.362575752147525, 'ign_c': 77.67640323646017, 'trop_agb_crit': 10.468203901186563, 'trop_k_veg': 7.529003652303642, 'pop_amp': 0.005723652791724362, 'pop_peak': 0.9827079172095741, 'pop_sig': 0.6781405914611851, 'fuel_k': 1.250870019715356, 'fuel_half': 0.5607762172682065}. Best is trial 121 with value: -0.6148958760349835.
[I 2026-08-19 14:32:13,989] Trial 137 finished with value: -0.48983587269071 and parameters: {'k1': 0.00011572815502118807, 'D_low': 5925.08690822806, 'k2': 1.4571074507650424e-05, 'D_high': 481.99321254866095, 'fire_exp': 1.5643064225290066, 'P_half': 1939.026445510741, 'pre_dampen_half': 1.8073309668972137, 'gpp_af': 24.871106725126225, 'gpp_b': 5.262788582683012e-05, 'gpp_d': 295.79875821246145, 'ign_k': 0.004111053392569824, 'ign_c': 0.3493242606780942, 'trop_agb_crit': 8.197590919681016, 'trop_k_veg': 2.3887953740135552, 'pop_amp': 17.996948557359907, 'pop_peak': 35.61833310628585, 'pop_sig': 0.7494491065142618, 'fuel_k': 3.008922992075124, 'fuel_half': 0.13981081415392074}. Best is trial 121 with value: -0.6148958760349835.
[I 2026-08-19 14:32:16,209] Trial 138 finished with value: -0.5284035567254661 and parameters: {'k1': 6.328210924738387e-05, 'D_low': 218.8189974599895, 'k2': 1.7707419995146e-05, 'D_high': 4948415.2274900535, 'fire_exp': 1.4783620134409419, 'P_half': 13.567953942355105, 'pre_dampen_half': 0.45836312214915315, 'gpp_af': 0.0033417583525069457, 'gpp_b': 4.323918740959586e-05, 'gpp_d': 30.014008896867395, 'ign_k': 6.18625833997156, 'ign_c': 1.6796901174824252, 'trop_agb_crit': 8.735790424208188, 'trop_k_veg': 1.3084233636420468, 'pop_amp': 0.07113750134539498, 'pop_peak': 0.11698305839619683, 'pop_sig': 1.8523613819266793, 'fuel_k': 0.021837461154376275, 'fuel_half': 0.26761774032006264}. Best is trial 121 with value: -0.6148958760349835.
[I 2026-08-19 14:32:18,669] Trial 139 finished with value: -0.5528218529197467 and parameters: {'k1': 0.002846595515237098, 'D_low': 3383.171119696055, 'k2': 0.00047011541172385467, 'D_high': 289318.38327812764, 'fire_exp': 1.2637714287563504, 'P_half': 75.61067514034667, 'pre_dampen_half': 42.65738775618795, 'gpp_af': 0.0014610996862964958, 'gpp_b': 8.026457286988558e-05, 'gpp_d': 0.19421058447728543, 'ign_k': 0.25340718814743296, 'ign_c': 1.502169530744087, 'trop_agb_crit': 13.960718675824415, 'trop_k_veg': 5.535216944688971, 'pop_amp': 0.060041292987852206, 'pop_peak': 0.2627909319921493, 'pop_sig': 0.7209284661595796, 'fuel_k': 0.2510499953081184, 'fuel_half': 0.2241509163855969}. Best is trial 121 with value: -0.6148958760349835.
[I 2026-08-19 14:32:21,623] Trial 140 finished with value: -0.4586397199890434 and parameters: {'k1': 0.00018267470688786012, 'D_low': 9.219035863108536, 'k2': 0.0002065600537117217, 'D_high': 56499.994458271954, 'fire_exp': 2.1746400225605402, 'P_half': 292.3325491016152, 'pre_dampen_half': 0.6685403765529979, 'gpp_af': 0.001593393963089859, 'gpp_b': 2.107858623738016e-05, 'gpp_d': 0.49954969486672746, 'ign_k': 6.953711283165607, 'ign_c': 5.834392638725918, 'trop_agb_crit': 7.728075387199714, 'trop_k_veg': 4.180613772536055, 'pop_amp': 0.28972334694578444, 'pop_peak': 0.06384180030106358, 'pop_sig': 1.7522056349766038, 'fuel_k': 0.257180559371051, 'fuel_half': 0.23086054045475296}. Best is trial 121 with value: -0.6148958760349835.
[I 2026-08-19 14:32:24,003] Trial 141 finished with value: -0.5827278621579254 and parameters: {'k1': 2.092169145501529e-05, 'D_low': 713.8623920500138, 'k2': 1.43279018543763e-05, 'D_high': 5281538.361780296, 'fire_exp': 1.1869074788867837, 'P_half': 266.93783925091435, 'pre_dampen_half': 23.313014342214093, 'gpp_af': 0.06089064199782819, 'gpp_b': 8.782606921227917e-05, 'gpp_d': 0.4322368490070635, 'ign_k': 9.038869337878593, 'ign_c': 0.7929580999250977, 'trop_agb_crit': 5.530329044023382, 'trop_k_veg': 1.417649494748089, 'pop_amp': 0.010903287743326833, 'pop_peak': 4.012387251600191, 'pop_sig': 2.1721801995565917, 'fuel_k': 0.046536558508484774, 'fuel_half': 0.980177940496684}. Best is trial 121 with value: -0.6148958760349835.
[I 2026-08-19 14:32:26,278] Trial 142 finished with value: -0.534424445221559 and parameters: {'k1': 0.009952728085113438, 'D_low': 24.63062605626404, 'k2': 3.0125479999389147e-05, 'D_high': 3992202.6025859723, 'fire_exp': 2.7523439744289293, 'P_half': 95.75630371528088, 'pre_dampen_half': 0.18421552420741336, 'gpp_af': 0.015453066352231457, 'gpp_b': 0.0017837012873403032, 'gpp_d': 0.8661027584697293, 'ign_k': 0.13311866516495424, 'ign_c': 2.305208495983263, 'trop_agb_crit': 6.314855214521799, 'trop_k_veg': 2.511955344290602, 'pop_amp': 0.010359537482368624, 'pop_peak': 0.05301830670440453, 'pop_sig': 0.48795245456061803, 'fuel_k': 4.590051657539328, 'fuel_half': 0.6416072774220748}. Best is trial 121 with value: -0.6148958760349835.
[I 2026-08-19 14:32:28,465] Trial 143 finished with value: -0.5622696230118078 and parameters: {'k1': 3.91440406385397e-05, 'D_low': 9456.65391882843, 'k2': 4.181436520754705e-05, 'D_high': 3176856.2089885646, 'fire_exp': 1.0126182810195492, 'P_half': 272.92404807083557, 'pre_dampen_half': 960.4335971417689, 'gpp_af': 0.08663332518777594, 'gpp_b': 0.0006702193440650021, 'gpp_d': 0.5013247474193339, 'ign_k': 2.6647967389301406, 'ign_c': 0.18922864156697553, 'trop_agb_crit': 15.376185269357883, 'trop_k_veg': 0.8046056539447911, 'pop_amp': 0.019603106852748152, 'pop_peak': 0.8512920425560757, 'pop_sig': 1.666567841390151, 'fuel_k': 0.011333964393664396, 'fuel_half': 0.2632356370961216}. Best is trial 121 with value: -0.6148958760349835.
  trial  144/2500  best_overall=0.6149  (8.4 min)
