[I 2026-08-06 02:44:34,524] Trial 377 finished with values: [10.291782364128993, 10.291782364128993] and parameters: {'k1': 0.01889771394135163, 'D_low': 29.89885508829526, 'k2': 0.0007081721844034209, 'D_high': 34288.10943862523, 'fire_exp': 1.0881360604103363, 'P_half': 10.226988730324324, 'pre_dampen_half': 36.876350096203005, 'gpp_af': 29.925002022877802, 'gpp_b': 0.011750724729953272, 'gpp_d': 4.5768578731086835, 'ign_k': 0.0026834162496848666, 'ign_c': 514.0544615226304}.
[I 2026-08-06 02:44:35,666] Trial 378 finished with values: [10.50486099720923, 10.50486099720923] and parameters: {'k1': 0.04897760278488444, 'D_low': 4.075267974954964, 'k2': 0.08790311296857814, 'D_high': 10316.033434719713, 'fire_exp': 1.151006986743773, 'P_half': 12.808863354047988, 'pre_dampen_half': 76.86605275420082, 'gpp_af': 0.8942824595236101, 'gpp_b': 1.1008110571039521e-05, 'gpp_d': 29.749683811098393, 'ign_k': 0.0026834162496848666, 'ign_c': 8.671454322584175}.
[I 2026-08-06 02:44:36,793] Trial 379 finished with values: [-0.4820287235024284, 0.7265486827494525] and parameters: {'k1': 0.00324789183891923, 'D_low': 4.075267974954964, 'k2': 0.031211489608802344, 'D_high': 48249.14281180252, 'fire_exp': 1.151006986743773, 'P_half': 12.808863354047988, 'pre_dampen_half': 107.40052367919465, 'gpp_af': 20.12115544906385, 'gpp_b': 1.1008110571039521e-05, 'gpp_d': 0.11136446029400991, 'ign_k': 0.03033111747878116, 'ign_c': 8.671454322584175}.
[I 2026-08-06 02:44:37,930] Trial 380 finished with values: [10.754055438894344, 10.754055438894344] and parameters: {'k1': 0.00324789183891923, 'D_low': 2.458603276328005, 'k2': 0.031211489608802344, 'D_high': 8241.92526487646, 'fire_exp': 1.151006986743773, 'P_half': 9541.821559010194, 'pre_dampen_half': 107.40052367919465, 'gpp_af': 35.20481045526041, 'gpp_b': 0.00012797528816608022, 'gpp_d': 0.11136446029400991, 'ign_k': 0.03033111747878116, 'ign_c': 8.671454322584175}.
[I 2026-08-06 02:44:39,056] Trial 381 finished with values: [10.092688794701294, 10.092688794701294] and parameters: {'k1': 0.00012105387404469581, 'D_low': 4.075267974954964, 'k2': 1.1184534120760473e-05, 'D_high': 6455.595882939566, 'fire_exp': 1.0881360604103363, 'P_half': 10.226988730324324, 'pre_dampen_half': 111.37963167994629, 'gpp_af': 1.6595781802652418, 'gpp_b': 0.000832333943844274, 'gpp_d': 0.07404167689653945, 'ign_k': 0.11101191524846071, 'ign_c': 1.8245734513362473}.
[I 2026-08-06 02:44:40,174] Trial 382 finished with values: [10.369819097424717, 10.369819097424717] and parameters: {'k1': 7.841214856323651e-05, 'D_low': 918.4900818511542, 'k2': 0.0018697387216131526, 'D_high': 9769.756791866093, 'fire_exp': 1.0881360604103363, 'P_half': 215.55950571043874, 'pre_dampen_half': 111.37963167994629, 'gpp_af': 11.234842109991876, 'gpp_b': 3.1112132916681032, 'gpp_d': 368.30088529547436, 'ign_k': 0.3818468247973969, 'ign_c': 10.140635645866492}.
[I 2026-08-06 02:44:41,291] Trial 383 finished with values: [-0.4821028662767316, 0.43957624150953845] and parameters: {'k1': 0.00324789183891923, 'D_low': 29.89885508829526, 'k2': 0.0007081721844034209, 'D_high': 8182.111518618414, 'fire_exp': 1.0881360604103363, 'P_half': 12.808863354047988, 'pre_dampen_half': 304.7488318185732, 'gpp_af': 29.925002022877802, 'gpp_b': 0.011750724729953272, 'gpp_d': 4.5768578731086835, 'ign_k': 0.0026834162496848666, 'ign_c': 6.160975294741436}.
[I 2026-08-06 02:44:42,392] Trial 384 finished with values: [10.569537203539122, 10.569537203539122] and parameters: {'k1': 0.00324789183891923, 'D_low': 38.45635122720662, 'k2': 1.1184534120760473e-05, 'D_high': 8182.111518618414, 'fire_exp': 1.151006986743773, 'P_half': 351.2704726270846, 'pre_dampen_half': 61.829022221636144, 'gpp_af': 0.010590622233713298, 'gpp_b': 0.000832333943844274, 'gpp_d': 368.30088529547436, 'ign_k': 0.014879588507790004, 'ign_c': 0.1457050032975653}.
[I 2026-08-06 02:44:43,495] Trial 385 finished with values: [10.686941213094205, 10.686941213094205] and parameters: {'k1': 0.002407354618388189, 'D_low': 918.4900818511542, 'k2': 1.4378290221680118e-05, 'D_high': 6455.595882939566, 'fire_exp': 1.1044852285094786, 'P_half': 13.019246714361572, 'pre_dampen_half': 30.20668663862189, 'gpp_af': 0.005881383945248695, 'gpp_b': 0.0024605285374226047, 'gpp_d': 2.8006820077310213, 'ign_k': 0.11101191524846071, 'ign_c': 14.367095138664217}.
[I 2026-08-06 02:44:44,715] Trial 386 finished with values: [-0.446755599661086, 0.719544975775504] and parameters: {'k1': 0.01833717796770997, 'D_low': 1112.9571947046009, 'k2': 0.031211489608802344, 'D_high': 48249.14281180252, 'fire_exp': 1.676642890914909, 'P_half': 24.136213194527585, 'pre_dampen_half': 304.7488318185732, 'gpp_af': 20.12115544906385, 'gpp_b': 1.1008110571039521e-05, 'gpp_d': 4.5768578731086835, 'ign_k': 0.019192001101561888, 'ign_c': 0.1457050032975653}.
[I 2026-08-06 02:44:45,807] Trial 387 finished with values: [10.158092068711662, 10.158092068711662] and parameters: {'k1': 0.002407354618388189, 'D_low': 523.1053126909052, 'k2': 1.1184534120760473e-05, 'D_high': 6455.595882939566, 'fire_exp': 1.0881360604103363, 'P_half': 7.857247967427123, 'pre_dampen_half': 36.876350096203005, 'gpp_af': 11.234842109991876, 'gpp_b': 0.0024605285374226047, 'gpp_d': 4.5768578731086835, 'ign_k': 0.0026834162496848666, 'ign_c': 6.160975294741436}.
[I 2026-08-06 02:44:46,916] Trial 388 finished with values: [-0.4754450253015321, 0.4413126887381441] and parameters: {'k1': 0.0014057163351022498, 'D_low': 4.051452710153359, 'k2': 3.5917714215176105e-05, 'D_high': 7744.80118512745, 'fire_exp': 1.2680134752324452, 'P_half': 235.37467825486968, 'pre_dampen_half': 304.7488318185732, 'gpp_af': 13.560863064135962, 'gpp_b': 3.228689523591491e-05, 'gpp_d': 857.4284557962634, 'ign_k': 0.11101191524846071, 'ign_c': 0.11272174259951144}.
[I 2026-08-06 02:44:48,023] Trial 389 finished with values: [-0.48032912215335416, 0.49962570274656926] and parameters: {'k1': 0.002971796631657383, 'D_low': 29.89885508829526, 'k2': 0.0007081721844034209, 'D_high': 9769.756791866093, 'fire_exp': 1.0881360604103363, 'P_half': 10.226988730324324, 'pre_dampen_half': 304.7488318185732, 'gpp_af': 29.925002022877802, 'gpp_b': 0.011750724729953272, 'gpp_d': 3.57879245350232, 'ign_k': 0.0035114452581286888, 'ign_c': 10.140635645866492}.
[I 2026-08-06 02:44:49,114] Trial 390 finished with values: [10.59822667316284, 10.59822667316284] and parameters: {'k1': 0.00324789183891923, 'D_low': 4.075267974954964, 'k2': 0.031211489608802344, 'D_high': 6455.595882939566, 'fire_exp': 3.8026487174187142, 'P_half': 12.808863354047988, 'pre_dampen_half': 107.40052367919465, 'gpp_af': 20.12115544906385, 'gpp_b': 1.1008110571039521e-05, 'gpp_d': 5.878566318396007, 'ign_k': 0.03033111747878116, 'ign_c': 8.671454322584175}.
[I 2026-08-06 02:44:50,222] Trial 391 finished with values: [10.704868487386776, 10.704868487386776] and parameters: {'k1': 2.3224552232891533e-05, 'D_low': 3234.7703263192993, 'k2': 0.0007081721844034209, 'D_high': 8182.111518618414, 'fire_exp': 1.0881360604103363, 'P_half': 12.808863354047988, 'pre_dampen_half': 0.21281400894533783, 'gpp_af': 29.925002022877802, 'gpp_b': 0.00012797528816608022, 'gpp_d': 4.5768578731086835, 'ign_k': 0.019192001101561888, 'ign_c': 8.671454322584175}.
[I 2026-08-06 02:44:51,325] Trial 392 finished with values: [10.34571195498488, 10.34571195498488] and parameters: {'k1': 7.841214856323651e-05, 'D_low': 3840.3004190988563, 'k2': 0.0001870742013766025, 'D_high': 10316.033434719713, 'fire_exp': 1.0881360604103363, 'P_half': 2.157758652553991, 'pre_dampen_half': 76.86605275420082, 'gpp_af': 20.12115544906385, 'gpp_b': 3.228689523591491e-05, 'gpp_d': 368.30088529547436, 'ign_k': 0.3818468247973969, 'ign_c': 6.160975294741436}.
[I 2026-08-06 02:44:52,434] Trial 393 finished with values: [10.769229896640436, 10.769229896640436] and parameters: {'k1': 0.002971796631657383, 'D_low': 29.89885508829526, 'k2': 0.0007081721844034209, 'D_high': 32.96550135838091, 'fire_exp': 7.7401268792356985, 'P_half': 10.226988730324324, 'pre_dampen_half': 107.40052367919465, 'gpp_af': 5.620854611217178, 'gpp_b': 0.011750724729953272, 'gpp_d': 4.5768578731086835, 'ign_k': 0.03033111747878116, 'ign_c': 6.160975294741436}.
[I 2026-08-06 02:44:54,259] Trial 394 finished with values: [10.698585239866606, 10.698585239866606] and parameters: {'k1': 3.252245757497282e-05, 'D_low': 2.458603276328005, 'k2': 0.08790311296857814, 'D_high': 10316.033434719713, 'fire_exp': 1.0881360604103363, 'P_half': 6646.698709242519, 'pre_dampen_half': 76.86605275420082, 'gpp_af': 20.12115544906385, 'gpp_b': 0.011750724729953272, 'gpp_d': 150.14555442537656, 'ign_k': 0.03033111747878116, 'ign_c': 8.671454322584175}.
[I 2026-08-06 02:44:55,612] Trial 395 finished with values: [-0.46491897046695885, 0.2649746580116161] and parameters: {'k1': 3.252245757497282e-05, 'D_low': 2.458603276328005, 'k2': 0.08790311296857814, 'D_high': 8182.111518618414, 'fire_exp': 1.151006986743773, 'P_half': 12.808863354047988, 'pre_dampen_half': 107.40052367919465, 'gpp_af': 20.12115544906385, 'gpp_b': 0.011750724729953272, 'gpp_d': 150.14555442537656, 'ign_k': 0.019192001101561888, 'ign_c': 8.671454322584175}.
[I 2026-08-06 02:44:56,796] Trial 396 finished with values: [-0.4728763252724984, 0.5857844453225609] and parameters: {'k1': 7.841214856323651e-05, 'D_low': 1112.9571947046009, 'k2': 0.0007081721844034209, 'D_high': 75773.14388518519, 'fire_exp': 1.5201277403788451, 'P_half': 24.136213194527585, 'pre_dampen_half': 304.7488318185732, 'gpp_af': 20.44739969013527, 'gpp_b': 0.00031478066835753096, 'gpp_d': 5.878566318396007, 'ign_k': 0.03141110271934876, 'ign_c': 0.11272174259951144}.
[I 2026-08-06 02:44:57,955] Trial 397 finished with values: [10.002200616618135, 10.002200616618135] and parameters: {'k1': 7.841214856323651e-05, 'D_low': 4.075267974954964, 'k2': 0.031211489608802344, 'D_high': 17300.724838654387, 'fire_exp': 1.151006986743773, 'P_half': 12.808863354047988, 'pre_dampen_half': 107.40052367919465, 'gpp_af': 20.12115544906385, 'gpp_b': 1.1008110571039521e-05, 'gpp_d': 0.11136446029400991, 'ign_k': 0.03033111747878116, 'ign_c': 0.11272174259951144}.
[I 2026-08-06 02:44:59,114] Trial 398 finished with values: [10.11246102465927, 10.11246102465927] and parameters: {'k1': 0.04897760278488444, 'D_low': 4.075267974954964, 'k2': 0.08790311296857814, 'D_high': 6455.595882939566, 'fire_exp': 1.0881360604103363, 'P_half': 147.09699119495133, 'pre_dampen_half': 76.86605275420082, 'gpp_af': 1.3725472882585024, 'gpp_b': 1.1008110571039521e-05, 'gpp_d': 29.749683811098393, 'ign_k': 0.03033111747878116, 'ign_c': 8.671454322584175}.
[I 2026-08-06 02:45:00,240] Trial 399 finished with values: [10.449336834772174, 10.449336834772174] and parameters: {'k1': 0.00013783578294796384, 'D_low': 1.4045842344024697, 'k2': 0.013975908789482218, 'D_high': 6455.595882939566, 'fire_exp': 1.0117229084672894, 'P_half': 13.019246714361572, 'pre_dampen_half': 36.876350096203005, 'gpp_af': 0.015769192447197523, 'gpp_b': 0.011750724729953272, 'gpp_d': 2.8006820077310213, 'ign_k': 8.761971101023693, 'ign_c': 6.160975294741436}.
[I 2026-08-06 02:45:01,363] Trial 400 finished with values: [10.257739120252635, 10.257739120252635] and parameters: {'k1': 7.841214856323651e-05, 'D_low': 1112.9571947046009, 'k2': 1.1184534120760473e-05, 'D_high': 48249.14281180252, 'fire_exp': 1.1044852285094786, 'P_half': 417.79950639915216, 'pre_dampen_half': 107.40052367919465, 'gpp_af': 13.560863064135962, 'gpp_b': 1.1008110571039521e-05, 'gpp_d': 857.4284557962634, 'ign_k': 0.03033111747878116, 'ign_c': 10.140635645866492}.
[I 2026-08-06 02:45:02,490] Trial 401 finished with values: [-0.4721050821589573, 0.4221683527242347] and parameters: {'k1': 0.002971796631657383, 'D_low': 29.89885508829526, 'k2': 0.031211489608802344, 'D_high': 9769.756791866093, 'fire_exp': 1.151006986743773, 'P_half': 12.808863354047988, 'pre_dampen_half': 36.876350096203005, 'gpp_af': 29.925002022877802, 'gpp_b': 0.011750724729953272, 'gpp_d': 5.679195944606101, 'ign_k': 0.014879588507790004, 'ign_c': 6.160975294741436}.
[I 2026-08-06 02:45:03,621] Trial 402 finished with values: [10.252440255279385, 10.252440255279385] and parameters: {'k1': 0.03699867920489089, 'D_low': 918.4900818511542, 'k2': 3.5917714215176105e-05, 'D_high': 6455.595882939566, 'fire_exp': 1.151006986743773, 'P_half': 147.09699119495133, 'pre_dampen_half': 111.37963167994629, 'gpp_af': 20.12115544906385, 'gpp_b': 3.481277316673104e-05, 'gpp_d': 5.878566318396007, 'ign_k': 0.019192001101561888, 'ign_c': 8.671454322584175}.
[I 2026-08-06 02:45:04,889] Trial 403 finished with values: [10.010310687790664, 10.010310687790664] and parameters: {'k1': 0.04897760278488444, 'D_low': 2.458603276328005, 'k2': 1.1184534120760473e-05, 'D_high': 10316.033434719713, 'fire_exp': 1.0881360604103363, 'P_half': 2.2281634177046414, 'pre_dampen_half': 304.7488318185732, 'gpp_af': 0.8942824595236101, 'gpp_b': 0.011750724729953272, 'gpp_d': 5.878566318396007, 'ign_k': 0.0026834162496848666, 'ign_c': 9.34330265731847}.
[I 2026-08-06 02:45:06,040] Trial 404 finished with values: [10.480319042730379, 10.480319042730379] and parameters: {'k1': 0.002407354618388189, 'D_low': 3840.3004190988563, 'k2': 1.1184534120760473e-05, 'D_high': 8182.111518618414, 'fire_exp': 1.0881360604103363, 'P_half': 19.4230157499841, 'pre_dampen_half': 304.7488318185732, 'gpp_af': 0.47739011308437823, 'gpp_b': 0.0024605285374226047, 'gpp_d': 368.30088529547436, 'ign_k': 0.019192001101561888, 'ign_c': 14.367095138664217}.
[I 2026-08-06 02:45:07,169] Trial 405 finished with values: [10.029179886315578, 10.029179886315578] and parameters: {'k1': 0.08926311370835228, 'D_low': 4.075267974954964, 'k2': 0.0022957398214549472, 'D_high': 7744.80118512745, 'fire_exp': 1.0881360604103363, 'P_half': 1.3035590385085063, 'pre_dampen_half': 36.876350096203005, 'gpp_af': 5.620854611217178, 'gpp_b': 0.0025416076006960116, 'gpp_d': 0.6380717024176037, 'ign_k': 0.0026834162496848666, 'ign_c': 10.140635645866492}.
[I 2026-08-06 02:45:08,297] Trial 406 finished with values: [10.320014277702594, 10.320014277702594] and parameters: {'k1': 7.841214856323651e-05, 'D_low': 43.03411264066069, 'k2': 1.4378290221680118e-05, 'D_high': 41.05873950290761, 'fire_exp': 1.1044852285094786, 'P_half': 10.226988730324324, 'pre_dampen_half': 304.7488318185732, 'gpp_af': 5.620854611217178, 'gpp_b': 0.011750724729953272, 'gpp_d': 3.57879245350232, 'ign_k': 0.0035114452581286888, 'ign_c': 10.140635645866492}.
[I 2026-08-06 02:45:09,424] Trial 407 finished with values: [-0.4599592498974059, 0.5107875209654436] and parameters: {'k1': 0.00013783578294796384, 'D_low': 1112.9571947046009, 'k2': 1.1184534120760473e-05, 'D_high': 8182.111518618414, 'fire_exp': 1.1044852285094786, 'P_half': 13.019246714361572, 'pre_dampen_half': 347.79988160923324, 'gpp_af': 1.6595781802652418, 'gpp_b': 7.402343469704428e-05, 'gpp_d': 0.3924302839842014, 'ign_k': 0.030956657914928524, 'ign_c': 1.0939944910100017}.
[I 2026-08-06 02:45:10,530] Trial 408 finished with values: [10.747776560129005, 10.747776560129005] and parameters: {'k1': 0.08926311370835228, 'D_low': 175.2878790340412, 'k2': 1.1184534120760473e-05, 'D_high': 7828.534228218629, 'fire_exp': 3.1323893237815805, 'P_half': 1.3035590385085063, 'pre_dampen_half': 36.876350096203005, 'gpp_af': 1.6595781802652418, 'gpp_b': 0.0025416076006960116, 'gpp_d': 368.30088529547436, 'ign_k': 0.002109525908590576, 'ign_c': 0.11433485956638717}.
[I 2026-08-06 02:45:11,663] Trial 409 finished with values: [10.296139758943934, 10.296139758943934] and parameters: {'k1': 0.00324789183891923, 'D_low': 29.89885508829526, 'k2': 1.1184534120760473e-05, 'D_high': 6455.595882939566, 'fire_exp': 1.0881360604103363, 'P_half': 147.09699119495133, 'pre_dampen_half': 107.40052367919465, 'gpp_af': 5.620854611217178, 'gpp_b': 1.1008110571039521e-05, 'gpp_d': 0.1261583527429052, 'ign_k': 0.0035114452581286888, 'ign_c': 8.671454322584175}.
[I 2026-08-06 02:45:12,808] Trial 410 finished with values: [-0.45905406523324616, 0.536470425589531] and parameters: {'k1': 0.00324789183891923, 'D_low': 1112.9571947046009, 'k2': 0.0007081721844034209, 'D_high': 8182.111518618414, 'fire_exp': 1.0881360604103363, 'P_half': 12.808863354047988, 'pre_dampen_half': 304.7488318185732, 'gpp_af': 29.925002022877802, 'gpp_b': 0.011750724729953272, 'gpp_d': 4.5768578731086835, 'ign_k': 0.11101191524846071, 'ign_c': 6.160975294741436}.
[I 2026-08-06 02:45:13,959] Trial 411 finished with values: [10.159212233243206, 10.159212233243206] and parameters: {'k1': 0.02714257255218683, 'D_low': 4.075267974954964, 'k2': 1.1184534120760473e-05, 'D_high': 75773.14388518519, 'fire_exp': 1.5201277403788451, 'P_half': 13.019246714361572, 'pre_dampen_half': 347.79988160923324, 'gpp_af': 1.6595781802652418, 'gpp_b': 7.402343469704428e-05, 'gpp_d': 5.878566318396007, 'ign_k': 0.0467351899956275, 'ign_c': 10.140635645866492}.
[I 2026-08-06 02:45:15,078] Trial 412 finished with values: [-0.4834780716291692, 0.12639624056415832] and parameters: {'k1': 0.01889771394135163, 'D_low': 4.075267974954964, 'k2': 0.0007081721844034209, 'D_high': 6455.595882939566, 'fire_exp': 1.0881360604103363, 'P_half': 147.09699119495133, 'pre_dampen_half': 107.40052367919465, 'gpp_af': 1.3725472882585024, 'gpp_b': 0.011750724729953272, 'gpp_d': 26.07917317941345, 'ign_k': 0.03033111747878116, 'ign_c': 6.160975294741436}.
[I 2026-08-06 02:45:16,175] Trial 413 finished with values: [10.390883171859196, 10.390883171859196] and parameters: {'k1': 0.00488137519160367, 'D_low': 918.4900818511542, 'k2': 1.1184534120760473e-05, 'D_high': 20.161527752598612, 'fire_exp': 2.332293128354265, 'P_half': 13.019246714361572, 'pre_dampen_half': 304.7488318185732, 'gpp_af': 11.234842109991876, 'gpp_b': 3.228689523591491e-05, 'gpp_d': 107.84642153666701, 'ign_k': 0.11101191524846071, 'ign_c': 10.140635645866492}.
[I 2026-08-06 02:45:17,280] Trial 414 finished with values: [10.564167730442618, 10.564167730442618] and parameters: {'k1': 0.02714257255218683, 'D_low': 1.2299210465793122, 'k2': 0.03210808548911189, 'D_high': 9769.756791866093, 'fire_exp': 1.0881360604103363, 'P_half': 2539.9645554516837, 'pre_dampen_half': 111.37963167994629, 'gpp_af': 0.29904230741455073, 'gpp_b': 0.011750724729953272, 'gpp_d': 368.30088529547436, 'ign_k': 0.006912296717033066, 'ign_c': 8.362695993649677}.
[I 2026-08-06 02:45:18,374] Trial 415 finished with values: [10.446866598487187, 10.446866598487187] and parameters: {'k1': 0.0002514786015817364, 'D_low': 3840.3004190988563, 'k2': 0.0001870742013766025, 'D_high': 9769.756791866093, 'fire_exp': 1.0881360604103363, 'P_half': 12.808863354047988, 'pre_dampen_half': 107.40052367919465, 'gpp_af': 0.47739011308437823, 'gpp_b': 0.011750724729953272, 'gpp_d': 4.5768578731086835, 'ign_k': 0.019192001101561888, 'ign_c': 23.422386257929038}.
[I 2026-08-06 02:45:19,487] Trial 416 finished with values: [10.753513312089016, 10.753513312089016] and parameters: {'k1': 0.002971796631657383, 'D_low': 29.89885508829526, 'k2': 0.0007081721844034209, 'D_high': 75773.14388518519, 'fire_exp': 6.678531303406035, 'P_half': 10.226988730324324, 'pre_dampen_half': 111.37963167994629, 'gpp_af': 13.560863064135962, 'gpp_b': 0.00031478066835753096, 'gpp_d': 5.878566318396007, 'ign_k': 0.0035114452581286888, 'ign_c': 6.160975294741436}.
[I 2026-08-06 02:45:20,829] Trial 417 finished with values: [10.347612705089535, 10.347612705089535] and parameters: {'k1': 0.0029707920514735983, 'D_low': 4.075267974954964, 'k2': 1.1184534120760473e-05, 'D_high': 1024.9816559563214, 'fire_exp': 1.0881360604103363, 'P_half': 13.019246714361572, 'pre_dampen_half': 347.79988160923324, 'gpp_af': 1.6595781802652418, 'gpp_b': 7.402343469704428e-05, 'gpp_d': 2.8006820077310213, 'ign_k': 0.0467351899956275, 'ign_c': 0.11433485956638717}.
[I 2026-08-06 02:45:22,007] Trial 418 finished with values: [-0.4570234266620754, 0.3795059892877354] and parameters: {'k1': 0.00324789183891923, 'D_low': 2.458603276328005, 'k2': 3.5917714215176105e-05, 'D_high': 6455.595882939566, 'fire_exp': 1.0881360604103363, 'P_half': 147.09699119495133, 'pre_dampen_half': 107.40052367919465, 'gpp_af': 1.3725472882585024, 'gpp_b': 1.1008110571039521e-05, 'gpp_d': 29.749683811098393, 'ign_k': 0.0026834162496848666, 'ign_c': 9.34330265731847}.
[I 2026-08-06 02:45:23,086] Trial 419 finished with values: [-0.47305585566573055, 0.3295309411433408] and parameters: {'k1': 0.002407354618388189, 'D_low': 18.522006003174383, 'k2': 1.1184534120760473e-05, 'D_high': 6455.595882939566, 'fire_exp': 1.0881360604103363, 'P_half': 125.61043700013555, 'pre_dampen_half': 107.40052367919465, 'gpp_af': 1.3725472882585024, 'gpp_b': 0.0024605285374226047, 'gpp_d': 5.878566318396007, 'ign_k': 0.11101191524846071, 'ign_c': 8.671454322584175}.
[I 2026-08-06 02:45:25,001] Trial 420 finished with values: [10.45485813978853, 10.45485813978853] and parameters: {'k1': 7.841214856323651e-05, 'D_low': 29.89885508829526, 'k2': 0.0007081721844034209, 'D_high': 246.17096698415128, 'fire_exp': 1.0881360604103363, 'P_half': 13.019246714361572, 'pre_dampen_half': 347.79988160923324, 'gpp_af': 29.925002022877802, 'gpp_b': 0.011750724729953272, 'gpp_d': 24.551654436784773, 'ign_k': 0.11101191524846071, 'ign_c': 10.140635645866492}.
[I 2026-08-06 02:45:26,492] Trial 421 finished with values: [-0.46916773870814704, 0.3233982633109721] and parameters: {'k1': 3.252245757497282e-05, 'D_low': 2.458603276328005, 'k2': 0.08790311296857814, 'D_high': 10316.033434719713, 'fire_exp': 1.0881360604103363, 'P_half': 2.157758652553991, 'pre_dampen_half': 76.86605275420082, 'gpp_af': 20.12115544906385, 'gpp_b': 0.024796579879439486, 'gpp_d': 150.14555442537656, 'ign_k': 0.019192001101561888, 'ign_c': 0.11433485956638717}.
