[I 2026-06-11 12:31:31,439] Trial 70 finished with values: [10.769230769179362, 10.769230769179362] and parameters: {'k1': 5.3397427849512415e-05, 'D_low': 24.136213194527585, 'k2': 0.03865036856259725, 'D_high': 23.244932709566697, 'fire_exp': 4.651122077279866, 'P_half': 3.525936800597896, 'pre_dampen_half': 563.8801013171912, 'gpp_af': 0.0016008221370480654, 'gpp_b': 0.00010318352929732131, 'gpp_d': 0.24714492403026284, 'ign_k': 3.1030112026960985, 'ign_c': 84.89840783024046, 'trop_agb_crit': 15.53776736258787, 'trop_k_veg': 1.793919400078986, 'fuel_k': 0.8380096183572122, 'fuel_half': 1.2382535539667}.
[I 2026-06-11 12:31:32,477] Trial 71 finished with values: [10.722494412710168, 10.722494412710168] and parameters: {'k1': 0.00013649087666416944, 'D_low': 28.3353894176247, 'k2': 0.0038341488164556755, 'D_high': 1919.1689944397538, 'fire_exp': 1.0889492364376547, 'P_half': 8832.039346746853, 'pre_dampen_half': 518.2609891091987, 'gpp_af': 0.015350904103515228, 'gpp_b': 4.0803257466853524e-05, 'gpp_d': 0.0581159974343924, 'ign_k': 0.02847858516856297, 'ign_c': 0.43926387967502156, 'trop_agb_crit': 26.402883285404346, 'trop_k_veg': 1.0049538030148353, 'fuel_k': 0.030315034760496778, 'fuel_half': 49.011305842597814}.
[I 2026-06-11 12:31:33,533] Trial 72 finished with values: [10.670283029788378, 10.670283029788378] and parameters: {'k1': 0.05233480488540085, 'D_low': 2.5379946629058443, 'k2': 2.1698375693549493e-05, 'D_high': 30608.522106722474, 'fire_exp': 1.182396148413737, 'P_half': 1938.3858782150498, 'pre_dampen_half': 33.9790424311127, 'gpp_af': 0.0025511964576171086, 'gpp_b': 3.228689523591491e-05, 'gpp_d': 302.3127748796293, 'ign_k': 0.018707420137660268, 'ign_c': 3.0378658251922155, 'trop_agb_crit': 15.870971677383487, 'trop_k_veg': 1.6340262437673854, 'fuel_k': 1.8731335591844642, 'fuel_half': 38.211294416912246}.
[I 2026-06-11 12:31:34,588] Trial 73 finished with values: [10.769230769179362, 10.769230769179362] and parameters: {'k1': 0.00013649087666416944, 'D_low': 28.3353894176247, 'k2': 0.0038341488164556755, 'D_high': 2427.054417940131, 'fire_exp': 4.121043764940998, 'P_half': 9124.632886689908, 'pre_dampen_half': 10.687450020671582, 'gpp_af': 0.015350904103515228, 'gpp_b': 1.8375468962060828, 'gpp_d': 0.0581159974343924, 'ign_k': 0.008318314747941242, 'ign_c': 0.43926387967502156, 'trop_agb_crit': 1.886175574962432, 'trop_k_veg': 1.128469461526162, 'fuel_k': 0.030315034760496778, 'fuel_half': 49.011305842597814}.
[I 2026-06-11 12:31:35,668] Trial 74 finished with values: [10.769230769179362, 10.769230769179362] and parameters: {'k1': 0.0010319747789063166, 'D_low': 3.035760760678533, 'k2': 1.4363112408604443e-05, 'D_high': 15763.09872739944, 'fire_exp': 4.2452218366067225, 'P_half': 2.1234210963705626, 'pre_dampen_half': 0.024253030233078024, 'gpp_af': 40.21258599547602, 'gpp_b': 2.325239859823921e-05, 'gpp_d': 0.24231943110844462, 'ign_k': 1.6780508579130993, 'ign_c': 98.40989343758308, 'trop_agb_crit': 1.8730954962803803, 'trop_k_veg': 0.8934118487032162, 'fuel_k': 0.10696151252957647, 'fuel_half': 2.841639333505349}.
[I 2026-06-11 12:31:36,702] Trial 75 finished with values: [10.769230769179362, 10.769230769179362] and parameters: {'k1': 0.00031489116479568613, 'D_low': 609.7546255373115, 'k2': 0.008471801418819975, 'D_high': 228.82309479728985, 'fire_exp': 9.647219959996264, 'P_half': 126.69536563782302, 'pre_dampen_half': 42.05657072871069, 'gpp_af': 0.02298987619936072, 'gpp_b': 1.2892705405728861e-05, 'gpp_d': 372.8155624293852, 'ign_k': 0.0012087541473056963, 'ign_c': 20.2332618520664, 'trop_agb_crit': 16.967533607196547, 'trop_k_veg': 0.9008485225328876, 'fuel_k': 0.03199906289308566, 'fuel_half': 30.847886273764153}.
[I 2026-06-11 12:31:37,830] Trial 76 finished with values: [10.769230769179362, 10.769230769179362] and parameters: {'k1': 0.028340904295147733, 'D_low': 6351.221010640702, 'k2': 0.008471801418819975, 'D_high': 2481.0409748678126, 'fire_exp': 1.4322493718230251, 'P_half': 1.8256829646330843, 'pre_dampen_half': 44.46628955475442, 'gpp_af': 1.5409457762881555, 'gpp_b': 0.040428727350273294, 'gpp_d': 0.3770957946038097, 'ign_k': 0.003008686821445846, 'ign_c': 757.9479953347999, 'trop_agb_crit': 13.297554090738672, 'trop_k_veg': 0.9008485225328876, 'fuel_k': 1.386319828528516, 'fuel_half': 3.0296104428212476}.
[I 2026-06-11 12:31:38,883] Trial 77 finished with values: [10.744077822329903, 10.744077822329903] and parameters: {'k1': 0.00013783578294796384, 'D_low': 1.4045842344024697, 'k2': 1.127217425995114e-05, 'D_high': 1024.9816559563214, 'fire_exp': 3.4633094058711813, 'P_half': 13.019246714361572, 'pre_dampen_half': 347.79988160923324, 'gpp_af': 0.8226361776146098, 'gpp_b': 7.402343469704428e-05, 'gpp_d': 2.8006820077310213, 'ign_k': 8.761971101023693, 'ign_c': 2.329535895346768, 'trop_agb_crit': 9.836162684900028, 'trop_k_veg': 4.1309639246402785, 'fuel_k': 0.04572914063536324, 'fuel_half': 0.6370755274604819}.
[I 2026-06-11 12:31:40,118] Trial 78 finished with values: [10.769230769179362, 10.769230769179362] and parameters: {'k1': 0.00014879588507789985, 'D_low': 3848.9589040216215, 'k2': 0.000985079068311927, 'D_high': 21.980325699763856, 'fire_exp': 1.6139358000526771, 'P_half': 28.15630081597223, 'pre_dampen_half': 0.08075644182853793, 'gpp_af': 0.8226361776146098, 'gpp_b': 0.003377126304540961, 'gpp_d': 20.781977011630676, 'ign_k': 1.8611194462546792, 'ign_c': 698.6847592445656, 'trop_agb_crit': 1.6580318731537693, 'trop_k_veg': 1.5784367978699871, 'fuel_k': 0.43644410574317105, 'fuel_half': 97.86395331218444}.
[I 2026-06-11 12:31:41,163] Trial 79 finished with values: [10.769230769179362, 10.769230769179362] and parameters: {'k1': 0.0029707920514735983, 'D_low': 4303.306161410612, 'k2': 0.014550993923603364, 'D_high': 401.2413353131992, 'fire_exp': 1.182396148413737, 'P_half': 6153.658035691652, 'pre_dampen_half': 33.9790424311127, 'gpp_af': 0.0025511964576171086, 'gpp_b': 0.010847560307977218, 'gpp_d': 11.40961991569626, 'ign_k': 0.001181519069025321, 'ign_c': 3.0378658251922155, 'trop_agb_crit': 23.815062574705927, 'trop_k_veg': 6.911478238001162, 'fuel_k': 5.486054129200969, 'fuel_half': 18.202647368248826}.
[I 2026-06-11 12:31:42,243] Trial 80 finished with values: [10.769230769179362, 10.769230769179362] and parameters: {'k1': 0.05233480488540085, 'D_low': 2.5379946629058443, 'k2': 2.1698375693549493e-05, 'D_high': 6366.1449945522045, 'fire_exp': 6.363148766597142, 'P_half': 1938.3858782150498, 'pre_dampen_half': 290.2652141826387, 'gpp_af': 0.03924302839842014, 'gpp_b': 0.6992636148959319, 'gpp_d': 302.3127748796293, 'ign_k': 0.018707420137660268, 'ign_c': 3.0378658251922155, 'trop_agb_crit': 2.171140223187998, 'trop_k_veg': 1.6340262437673854, 'fuel_k': 0.5480509186456162, 'fuel_half': 18.202647368248826}.
[I 2026-06-11 12:31:43,296] Trial 81 finished with values: [10.769210505900716, 10.769210505900716] and parameters: {'k1': 0.002968335334246999, 'D_low': 6351.221010640702, 'k2': 0.008471801418819975, 'D_high': 4856.157707765675, 'fire_exp': 1.4322493718230251, 'P_half': 4.2070539502879365, 'pre_dampen_half': 269.0845367054866, 'gpp_af': 21.42302175774105, 'gpp_b': 0.040428727350273294, 'gpp_d': 34.70266988650411, 'ign_k': 3.210808548911191, 'ign_c': 4.110848435021229, 'trop_agb_crit': 1.5774541406529003, 'trop_k_veg': 0.9008485225328876, 'fuel_k': 0.03199906289308566, 'fuel_half': 0.35498788321965025}.
[I 2026-06-11 12:31:44,356] Trial 82 finished with values: [10.768944521311022, 10.768944521311022] and parameters: {'k1': 5.3397427849512415e-05, 'D_low': 290.70516815839375, 'k2': 0.03865036856259725, 'D_high': 786.7677706257831, 'fire_exp': 4.651122077279866, 'P_half': 4.889669266916749, 'pre_dampen_half': 233.2883871089531, 'gpp_af': 0.0016008221370480654, 'gpp_b': 2.325239859823921e-05, 'gpp_d': 0.24714492403026284, 'ign_k': 0.005105542986365654, 'ign_c': 98.40989343758308, 'trop_agb_crit': 1.5072795582679794, 'trop_k_veg': 1.793919400078986, 'fuel_k': 0.03743055596010634, 'fuel_half': 2.841639333505349}.
[I 2026-06-11 12:31:45,432] Trial 83 finished with values: [10.769180960332367, 10.769180960332367] and parameters: {'k1': 5.325873749322162e-05, 'D_low': 10.753522341516506, 'k2': 0.002155595057104387, 'D_high': 401.2413353131992, 'fire_exp': 2.897382306276318, 'P_half': 8.547476176667196, 'pre_dampen_half': 0.01324353451676283, 'gpp_af': 0.02298987619936072, 'gpp_b': 0.010847560307977218, 'gpp_d': 372.8155624293852, 'ign_k': 0.001181519069025321, 'ign_c': 307.96093943652454, 'trop_agb_crit': 2.539877620672643, 'trop_k_veg': 2.3241642204298145, 'fuel_k': 0.64527429712409, 'fuel_half': 58.54612336582598}.
[I 2026-06-11 12:31:46,511] Trial 84 finished with values: [10.396131925327369, 10.396131925327369] and parameters: {'k1': 0.004312951023617458, 'D_low': 5.59983195169599, 'k2': 1.915468390724633e-05, 'D_high': 3712.591045287726, 'fire_exp': 1.0629462657398439, 'P_half': 220.3445560633069, 'pre_dampen_half': 502.5175192217655, 'gpp_af': 0.7539992074650279, 'gpp_b': 0.0005392415140872105, 'gpp_d': 8.057329182285729, 'ign_k': 0.004144296901136395, 'ign_c': 15.221840161091626, 'trop_agb_crit': 19.28597237496244, 'trop_k_veg': 0.5772603928610088, 'fuel_k': 0.08612665817296865, 'fuel_half': 52.00581729114123}.
[I 2026-06-11 12:31:47,519] Trial 85 finished with values: [-0.5960091513871845, 0.791615888292285] and parameters: {'k1': 0.003242143344038315, 'D_low': 338.23872019362165, 'k2': 0.0034207303670092245, 'D_high': 15000.328053766281, 'fire_exp': 1.2310899049053081, 'P_half': 136.0956887810302, 'pre_dampen_half': 294.75617712568373, 'gpp_af': 0.008562341633595545, 'gpp_b': 1.7565109007473816e-05, 'gpp_d': 9.004606022643067, 'ign_k': 0.5131654955148326, 'ign_c': 0.11650681118986138, 'trop_agb_crit': 5.707205898008383, 'trop_k_veg': 0.9369104721775232, 'fuel_k': 1.3128815679924584, 'fuel_half': 42.6871254378718}.
[I 2026-06-11 12:31:48,543] Trial 86 finished with values: [10.763053801877701, 10.763053801877701] and parameters: {'k1': 0.028340904295147733, 'D_low': 338.23872019362165, 'k2': 0.0034207303670092245, 'D_high': 1390.2686711035008, 'fire_exp': 1.2310899049053081, 'P_half': 19.986340778528874, 'pre_dampen_half': 0.4016986062226067, 'gpp_af': 1.5409457762881555, 'gpp_b': 2.105118051960871, 'gpp_d': 2.296543234463434, 'ign_k': 0.5131654955148326, 'ign_c': 0.11650681118986138, 'trop_agb_crit': 13.297554090738672, 'trop_k_veg': 0.9369104721775232, 'fuel_k': 0.011457494049098885, 'fuel_half': 3.0296104428212476}.
[I 2026-06-11 12:31:49,617] Trial 87 finished with values: [10.766534697714844, 10.766534697714844] and parameters: {'k1': 0.05233480488540085, 'D_low': 1707.9750342958232, 'k2': 0.0007081721844034209, 'D_high': 30608.522106722474, 'fire_exp': 6.363148766597142, 'P_half': 5.575453980775371, 'pre_dampen_half': 36.876350096203005, 'gpp_af': 29.925002022877802, 'gpp_b': 0.011750724729953272, 'gpp_d': 302.3127748796293, 'ign_k': 0.0026834162496848666, 'ign_c': 6.160975294741436, 'trop_agb_crit': 2.171140223187998, 'trop_k_veg': 1.6340262437673854, 'fuel_k': 1.8731335591844642, 'fuel_half': 1.3547291924247344}.
[I 2026-06-11 12:31:50,738] Trial 88 finished with values: [10.755124641781947, 10.755124641781947] and parameters: {'k1': 0.00014879588507789985, 'D_low': 3848.9589040216215, 'k2': 2.5299503921303695e-05, 'D_high': 21.980325699763856, 'fire_exp': 1.2429193829348841, 'P_half': 539.5442811888478, 'pre_dampen_half': 0.022695682239207024, 'gpp_af': 0.8226361776146098, 'gpp_b': 0.003377126304540961, 'gpp_d': 290.642121800538, 'ign_k': 3.1536006085184716, 'ign_c': 2.329535895346768, 'trop_agb_crit': 1.4946647023314867, 'trop_k_veg': 3.4508425771776365, 'fuel_k': 0.5588539902953054, 'fuel_half': 0.6370755274604819}.
[I 2026-06-11 12:31:51,812] Trial 89 finished with values: [10.757656296738112, 10.757656296738112] and parameters: {'k1': 0.0013054148118849399, 'D_low': 19.4230157499841, 'k2': 1.915468390724633e-05, 'D_high': 204.16881527138202, 'fire_exp': 1.3175349115759807, 'P_half': 3648.4560830477985, 'pre_dampen_half': 502.5175192217655, 'gpp_af': 49.583649914027546, 'gpp_b': 0.5432846462741858, 'gpp_d': 16.460426816350523, 'ign_k': 0.0680787482656459, 'ign_c': 14.074279366401672, 'trop_agb_crit': 7.359282739093333, 'trop_k_veg': 3.94974057158301, 'fuel_k': 0.15820328899546293, 'fuel_half': 52.00581729114123}.
[I 2026-06-11 12:31:52,852] Trial 90 finished with values: [10.769230769179362, 10.769230769179362] and parameters: {'k1': 0.00023352156626184448, 'D_low': 8005.866020696464, 'k2': 0.0011619873314872927, 'D_high': 24311.355106292434, 'fire_exp': 6.2400230621325194, 'P_half': 12.115155843077673, 'pre_dampen_half': 96.93415502195788, 'gpp_af': 0.005618069878716736, 'gpp_b': 0.0002374151186079093, 'gpp_d': 40.856658255081804, 'ign_k': 0.7588328899786275, 'ign_c': 60.79905434073397, 'trop_agb_crit': 4.018584329485901, 'trop_k_veg': 0.8084202024508578, 'fuel_k': 0.0500651901928747, 'fuel_half': 1.0891507139853283}.
[I 2026-06-11 12:31:53,923] Trial 91 finished with values: [10.76831699918087, 10.76831699918087] and parameters: {'k1': 0.00031489116479568613, 'D_low': 2.157758652553991, 'k2': 0.008471801418819975, 'D_high': 2481.0409748678126, 'fire_exp': 1.4322493718230251, 'P_half': 4221.021267871046, 'pre_dampen_half': 0.0195172246414495, 'gpp_af': 21.42302175774105, 'gpp_b': 0.040428727350273294, 'gpp_d': 34.70266988650411, 'ign_k': 0.0012087541473056963, 'ign_c': 757.9479953347999, 'trop_agb_crit': 16.967533607196547, 'trop_k_veg': 0.9008485225328876, 'fuel_k': 1.1820218758583811, 'fuel_half': 0.35498788321965025}.
[I 2026-06-11 12:31:55,011] Trial 92 finished with values: [10.769230769179362, 10.769230769179362] and parameters: {'k1': 0.000132965214572995, 'D_low': 148.17820606039086, 'k2': 0.03865036856259725, 'D_high': 786.7677706257831, 'fire_exp': 1.1872731425335898, 'P_half': 4.889669266916749, 'pre_dampen_half': 0.09150505661171647, 'gpp_af': 0.009853225172032555, 'gpp_b': 0.00010318352929732131, 'gpp_d': 0.24714492403026284, 'ign_k': 0.6720930050156113, 'ign_c': 82.41925264876441, 'trop_agb_crit': 1.5072795582679794, 'trop_k_veg': 0.6139438440498544, 'fuel_k': 0.03743055596010634, 'fuel_half': 1.2382535539667}.
[I 2026-06-11 12:31:56,182] Trial 93 finished with values: [10.766658122878757, 10.766658122878757] and parameters: {'k1': 0.00014879588507789985, 'D_low': 3848.9589040216215, 'k2': 1.127217425995114e-05, 'D_high': 17.956984225677637, 'fire_exp': 1.6139358000526771, 'P_half': 19.986340778528874, 'pre_dampen_half': 44.46628955475442, 'gpp_af': 0.8226361776146098, 'gpp_b': 2.105118051960871, 'gpp_d': 290.642121800538, 'ign_k': 0.003008686821445846, 'ign_c': 2.329535895346768, 'trop_agb_crit': 2.4165727141234647, 'trop_k_veg': 2.370364278801894, 'fuel_k': 1.386319828528516, 'fuel_half': 3.0296104428212476}.
[I 2026-06-11 12:31:57,254] Trial 94 finished with values: [10.552863876371237, 10.552863876371237] and parameters: {'k1': 0.00016480446427978953, 'D_low': 125.61043700013555, 'k2': 0.01567230746060024, 'D_high': 146.1896279370497, 'fire_exp': 1.1258453832483524, 'P_half': 13.019246714361572, 'pre_dampen_half': 347.79988160923324, 'gpp_af': 0.06789053271698488, 'gpp_b': 0.0054502936945582505, 'gpp_d': 2.8006820077310213, 'ign_k': 0.006290644294586149, 'ign_c': 11.400863701127316, 'trop_agb_crit': 29.789943908227905, 'trop_k_veg': 4.1309639246402785, 'fuel_k': 0.487361804838494, 'fuel_half': 0.32476735706274484}.
[I 2026-06-11 12:31:58,356] Trial 95 finished with values: [10.769230769179362, 10.769230769179362] and parameters: {'k1': 2.5852079056761296e-05, 'D_low': 4075.7883791361783, 'k2': 0.0010495653625093638, 'D_high': 20222.268128429663, 'fire_exp': 2.089534764232496, 'P_half': 25.284086172415588, 'pre_dampen_half': 68.5395809221937, 'gpp_af': 0.0011328913410639256, 'gpp_b': 2.705776113447921, 'gpp_d': 0.028604435659156362, 'ign_k': 0.018934530915191535, 'ign_c': 631.3175583634933, 'trop_agb_crit': 25.360745838025757, 'trop_k_veg': 2.4516474838484386, 'fuel_k': 0.5692975843713445, 'fuel_half': 2.2148104601284695}.
[I 2026-06-11 12:31:59,408] Trial 96 finished with values: [10.728569207033862, 10.728569207033862] and parameters: {'k1': 1.8205657658407255e-05, 'D_low': 5.59983195169599, 'k2': 0.0001971137615017176, 'D_high': 17123.375973163988, 'fire_exp': 2.0165721691808587, 'P_half': 2.458603276328005, 'pre_dampen_half': 26.373339933815235, 'gpp_af': 0.15876781526924, 'gpp_b': 0.0005392415140872105, 'gpp_d': 8.057329182285729, 'ign_k': 0.0013726318898045872, 'ign_c': 8.40543912931368, 'trop_agb_crit': 6.119263728555865, 'trop_k_veg': 0.5772603928610088, 'fuel_k': 0.08612665817296865, 'fuel_half': 0.25307196127108805}.
[I 2026-06-11 12:32:00,558] Trial 97 finished with values: [10.769230769179362, 10.769230769179362] and parameters: {'k1': 5.325873749322162e-05, 'D_low': 4303.306161410612, 'k2': 0.0011101191524846067, 'D_high': 401.2413353131992, 'fire_exp': 6.284853792838699, 'P_half': 6153.658035691652, 'pre_dampen_half': 1.0224794024845185, 'gpp_af': 9.527157550070955, 'gpp_b': 0.010847560307977218, 'gpp_d': 0.48975151064700323, 'ign_k': 0.001181519069025321, 'ign_c': 0.23764449553865358, 'trop_agb_crit': 23.815062574705927, 'trop_k_veg': 0.5523938241293617, 'fuel_k': 0.8617898156534978, 'fuel_half': 58.54612336582598}.
[I 2026-06-11 12:32:01,710] Trial 98 finished with values: [10.769230769179362, 10.769230769179362] and parameters: {'k1': 0.0031375859487281395, 'D_low': 43.41568011961655, 'k2': 0.0016150602315370215, 'D_high': 555.272437441955, 'fire_exp': 1.9699978833710656, 'P_half': 6220.327170121322, 'pre_dampen_half': 65.77017096798056, 'gpp_af': 0.005018406982902927, 'gpp_b': 1.624829724391053, 'gpp_d': 2.736251365128462, 'ign_k': 3.786246697870458, 'ign_c': 8.308114652888387, 'trop_agb_crit': 4.247094312974337, 'trop_k_veg': 0.5321398066473183, 'fuel_k': 0.05577330003793971, 'fuel_half': 4.2160198210134086}.
[I 2026-06-11 12:32:02,832] Trial 99 finished with values: [10.769230769179362, 10.769230769179362] and parameters: {'k1': 2.0937989739527727e-05, 'D_low': 125.32726386250698, 'k2': 0.0004381141781653133, 'D_high': 35.48818403010949, 'fire_exp': 2.1931399753552863, 'P_half': 39.03214299767183, 'pre_dampen_half': 420.2116526335304, 'gpp_af': 21.258647437649888, 'gpp_b': 0.0003528984625415794, 'gpp_d': 0.19476644406315288, 'ign_k': 1.857328833311487, 'ign_c': 47.268615251255675, 'trop_agb_crit': 23.59397023337466, 'trop_k_veg': 2.3408809609838257, 'fuel_k': 0.01814068034742312, 'fuel_half': 49.16400722913762}.
[I 2026-06-11 12:32:03,940] Trial 100 finished with values: [10.769230769179362, 10.769230769179362] and parameters: {'k1': 2.0937989739527727e-05, 'D_low': 10.753522341516506, 'k2': 0.0004381141781653133, 'D_high': 3236.099399575107, 'fire_exp': 9.647219959996264, 'P_half': 39.03214299767183, 'pre_dampen_half': 0.07217660153019871, 'gpp_af': 21.258647437649888, 'gpp_b': 1.2892705405728861e-05, 'gpp_d': 372.8155624293852, 'ign_k': 0.0048255892187380085, 'ign_c': 47.268615251255675, 'trop_agb_crit': 23.59397023337466, 'trop_k_veg': 2.3408809609838257, 'fuel_k': 0.64527429712409, 'fuel_half': 41.78605220965293}.
[I 2026-06-11 12:32:05,034] Trial 101 finished with values: [10.688524824072179, 10.688524824072179] and parameters: {'k1': 0.02641449645424223, 'D_low': 652.5765108342365, 'k2': 0.08636422432723088, 'D_high': 9996.359851911324, 'fire_exp': 3.1018148805490564, 'P_half': 78.32259769732477, 'pre_dampen_half': 0.10609580257119508, 'gpp_af': 0.14765842992482675, 'gpp_b': 1.6569065206637924e-05, 'gpp_d': 2.292633983096564, 'ign_k': 0.18170401889219123, 'ign_c': 0.15178052094448868, 'trop_agb_crit': 13.98132484257899, 'trop_k_veg': 1.7570501127699654, 'fuel_k': 0.24991287225033346, 'fuel_half': 2.100333410321807}.
[I 2026-06-11 12:32:06,200] Trial 102 finished with values: [10.769230769179362, 10.769230769179362] and parameters: {'k1': 0.00014001191914113747, 'D_low': 230.8516815110801, 'k2': 1.3243445838637965e-05, 'D_high': 14.10563867753527, 'fire_exp': 6.64661557126371, 'P_half': 27.59069025439785, 'pre_dampen_half': 0.043181981126981975, 'gpp_af': 6.940121430516967, 'gpp_b': 0.4168322557207811, 'gpp_d': 0.11997897226934479, 'ign_k': 0.31014294272127446, 'ign_c': 0.21947742689197342, 'trop_agb_crit': 1.1921754348704765, 'trop_k_veg': 2.1816482703680733, 'fuel_k': 0.3176626387065175, 'fuel_half': 8.17127270071559}.
[I 2026-06-11 12:32:07,324] Trial 103 finished with values: [10.769230693348314, 10.769230693348314] and parameters: {'k1': 0.0004688858519834985, 'D_low': 51.30551760589834, 'k2': 1.263794633808287e-05, 'D_high': 27.012557725439073, 'fire_exp': 2.0165721691808587, 'P_half': 48.464976792190825, 'pre_dampen_half': 26.373339933815235, 'gpp_af': 0.34902252478382495, 'gpp_b': 2.788681037423117, 'gpp_d': 2.991469302130215, 'ign_k': 0.04380580767905655, 'ign_c': 105.24574681335613, 'trop_agb_crit': 2.1775224101934065, 'trop_k_veg': 3.138530300785082, 'fuel_k': 0.06382243375381637, 'fuel_half': 3.632486956676605}.
[I 2026-06-11 12:32:08,411] Trial 104 finished with values: [10.769229990721573, 10.769229990721573] and parameters: {'k1': 0.0029707920514735983, 'D_low': 2.5379946629058443, 'k2': 2.1698375693549493e-05, 'D_high': 6366.1449945522045, 'fire_exp': 5.464901034480522, 'P_half': 3910.3637457741784, 'pre_dampen_half': 33.9790424311127, 'gpp_af': 0.008983355849178878, 'gpp_b': 1.6569065206637924e-05, 'gpp_d': 2.292633983096564, 'ign_k': 0.18170401889219123, 'ign_c': 0.18316165443932733, 'trop_agb_crit': 13.98132484257899, 'trop_k_veg': 1.7570501127699654, 'fuel_k': 0.046063721952885314, 'fuel_half': 18.202647368248826}.
