[I 2026-08-06 00:21:24,876] Trial 885 finished with values: [10.047506487996372, 10.047506487996372] and parameters: {'k1': 0.0017320535908244437, 'D_low': 532.1216007763549, 'k2': 0.0013909474988024091, 'D_high': 11069.082134755383, 'fire_exp': 1.5201277403788451, 'P_half': 125.61043700013555, 'pre_dampen_half': 304.7488318185732, 'gpp_af': 0.0025511964576171086, 'gpp_b': 8.539677611488478e-05, 'gpp_d': 3.7504792727317837, 'ign_k': 0.0024361599465623288, 'ign_c': 8.671454322584175}.
[I 2026-08-06 00:21:25,952] Trial 886 finished with values: [-0.5083989785481926, 0.13947661313888682] and parameters: {'k1': 0.03232155805617897, 'D_low': 98.57545621889057, 'k2': 0.006138509947844854, 'D_high': 633.1166646948959, 'fire_exp': 2.196935728020977, 'P_half': 22.4895428439145, 'pre_dampen_half': 111.37963167994629, 'gpp_af': 0.004344117003966495, 'gpp_b': 0.0035057749039614167, 'gpp_d': 5.085491038878331, 'ign_k': 0.8826264591983531, 'ign_c': 8.671454322584175}.
[I 2026-08-06 00:21:26,965] Trial 887 finished with values: [10.538201708667845, 10.538201708667845] and parameters: {'k1': 0.0017320535908244437, 'D_low': 532.1216007763549, 'k2': 1.1184534120760473e-05, 'D_high': 10584.084917159616, 'fire_exp': 1.5201277403788451, 'P_half': 125.61043700013555, 'pre_dampen_half': 33.9790424311127, 'gpp_af': 0.18148402127631746, 'gpp_b': 0.03308649623479659, 'gpp_d': 150.14555442537656, 'ign_k': 0.03141110271934876, 'ign_c': 8.671454322584175}.
[I 2026-08-06 00:21:27,994] Trial 888 finished with values: [10.484831922423512, 10.484831922423512] and parameters: {'k1': 0.0002656971546588439, 'D_low': 7.068974950624602, 'k2': 0.006138509947844854, 'D_high': 9769.756791866093, 'fire_exp': 2.196935728020977, 'P_half': 125.61043700013555, 'pre_dampen_half': 76.86605275420082, 'gpp_af': 0.47739011308437823, 'gpp_b': 0.008226792720717493, 'gpp_d': 5.878566318396007, 'ign_k': 0.02456326518827606, 'ign_c': 14.810800730363484}.
[I 2026-08-06 00:21:29,070] Trial 889 finished with values: [10.753256129971652, 10.753256129971652] and parameters: {'k1': 0.025383218374507292, 'D_low': 125.32726386250698, 'k2': 4.763991596630584e-05, 'D_high': 6455.595882939566, 'fire_exp': 1.010722707674549, 'P_half': 39.03214299767183, 'pre_dampen_half': 14.689898077648792, 'gpp_af': 0.0025511964576171086, 'gpp_b': 0.09760461369620549, 'gpp_d': 124.72235343584714, 'ign_k': 0.03141110271934876, 'ign_c': 47.268615251255675}.
[I 2026-08-06 00:21:30,145] Trial 890 finished with values: [10.737464051125084, 10.737464051125084] and parameters: {'k1': 0.0002656971546588439, 'D_low': 4.051452710153359, 'k2': 0.006138509947844854, 'D_high': 75773.14388518519, 'fire_exp': 1.5201277403788451, 'P_half': 147.09699119495133, 'pre_dampen_half': 76.86605275420082, 'gpp_af': 35.20481045526041, 'gpp_b': 8.539677611488478e-05, 'gpp_d': 668.5510162938966, 'ign_k': 0.1550134937334847, 'ign_c': 9.34330265731847}.
[I 2026-08-06 00:21:31,188] Trial 891 finished with values: [10.617419718209108, 10.617419718209108] and parameters: {'k1': 0.00012105387404469581, 'D_low': 74.92772870670282, 'k2': 3.5917714215176105e-05, 'D_high': 3660.150802571655, 'fire_exp': 1.5201277403788451, 'P_half': 1519.8469040509603, 'pre_dampen_half': 304.7488318185732, 'gpp_af': 1.6595781802652418, 'gpp_b': 8.539677611488478e-05, 'gpp_d': 4.5768578731086835, 'ign_k': 0.03141110271934876, 'ign_c': 6.160975294741436}.
[I 2026-08-06 00:21:32,216] Trial 892 finished with values: [11.257374804383044, 11.257374804383044] and parameters: {'k1': 0.025383218374507292, 'D_low': 18.522006003174383, 'k2': 4.763991596630584e-05, 'D_high': 11069.082134755383, 'fire_exp': 1.010722707674549, 'P_half': 39.03214299767183, 'pre_dampen_half': 33.9790424311127, 'gpp_af': 0.47739011308437823, 'gpp_b': 0.10123867001105968, 'gpp_d': 5.085491038878331, 'ign_k': 3.7173717478250508, 'ign_c': 8.671454322584175}.
[I 2026-08-06 00:21:33,261] Trial 893 finished with values: [11.04663991167697, 11.04663991167697] and parameters: {'k1': 0.021368329072358756, 'D_low': 2.5449737887285035, 'k2': 1.1184534120760473e-05, 'D_high': 10316.033434719713, 'fire_exp': 1.1044852285094786, 'P_half': 22.4895428439145, 'pre_dampen_half': 36.876350096203005, 'gpp_af': 0.47739011308437823, 'gpp_b': 0.008226792720717493, 'gpp_d': 300.3420512048734, 'ign_k': 0.4702627143647234, 'ign_c': 14.810800730363484}.
[I 2026-08-06 00:21:34,402] Trial 894 finished with values: [-0.541203700931643, 0.1463672637149429] and parameters: {'k1': 0.025383218374507292, 'D_low': 4.051452710153359, 'k2': 3.5917714215176105e-05, 'D_high': 233.52156626184438, 'fire_exp': 1.5201277403788451, 'P_half': 39.03214299767183, 'pre_dampen_half': 76.86605275420082, 'gpp_af': 43.24033972449845, 'gpp_b': 3.228689523591491e-05, 'gpp_d': 300.3420512048734, 'ign_k': 0.03141110271934876, 'ign_c': 14.810800730363484}.
[I 2026-08-06 00:21:35,478] Trial 895 finished with values: [10.725568767963907, 10.725568767963907] and parameters: {'k1': 0.0002656971546588439, 'D_low': 7.068974950624602, 'k2': 1.1184534120760473e-05, 'D_high': 29456.2056920274, 'fire_exp': 1.7164931785633317, 'P_half': 125.61043700013555, 'pre_dampen_half': 14.689898077648792, 'gpp_af': 35.20481045526041, 'gpp_b': 0.003510201564752293, 'gpp_d': 4.5768578731086835, 'ign_k': 0.1550134937334847, 'ign_c': 9.34330265731847}.
[I 2026-08-06 00:21:36,523] Trial 896 finished with values: [10.764050155538104, 10.764050155538104] and parameters: {'k1': 0.0017320535908244437, 'D_low': 7.068974950624602, 'k2': 0.006138509947844854, 'D_high': 75773.14388518519, 'fire_exp': 2.5079329178338456, 'P_half': 22.4895428439145, 'pre_dampen_half': 0.057820263517959394, 'gpp_af': 0.028585493941961918, 'gpp_b': 0.011750724729953272, 'gpp_d': 4.5768578731086835, 'ign_k': 0.0026834162496848666, 'ign_c': 14.810800730363484}.
[I 2026-08-06 00:21:37,570] Trial 897 finished with values: [11.914094247423197, 11.914094247423197] and parameters: {'k1': 0.00012105387404469581, 'D_low': 1.54121727098019, 'k2': 3.5917714215176105e-05, 'D_high': 75773.14388518519, 'fire_exp': 1.4665043946307825, 'P_half': 22.4895428439145, 'pre_dampen_half': 917.1017259920797, 'gpp_af': 0.0025511964576171086, 'gpp_b': 3.228689523591491e-05, 'gpp_d': 5.878566318396007, 'ign_k': 0.019192001101561888, 'ign_c': 2.92043384718141}.
[I 2026-08-06 00:21:38,610] Trial 898 finished with values: [-0.5831741038156093, 0.1155422095701869] and parameters: {'k1': 0.0017320535908244437, 'D_low': 18.522006003174383, 'k2': 1.4378290221680118e-05, 'D_high': 949.9072859745386, 'fire_exp': 1.1044852285094786, 'P_half': 125.61043700013555, 'pre_dampen_half': 14.689898077648792, 'gpp_af': 22.766850248686247, 'gpp_b': 9.58832899519661e-05, 'gpp_d': 891.8036602897795, 'ign_k': 3.7173717478250508, 'ign_c': 14.367095138664217}.
[I 2026-08-06 00:21:40,074] Trial 899 finished with values: [10.266369515051931, 10.266369515051931] and parameters: {'k1': 0.0017320535908244437, 'D_low': 1.54121727098019, 'k2': 1.1184534120760473e-05, 'D_high': 11069.082134755383, 'fire_exp': 1.5201277403788451, 'P_half': 22.4895428439145, 'pre_dampen_half': 33.9790424311127, 'gpp_af': 0.0025511964576171086, 'gpp_b': 8.539677611488478e-05, 'gpp_d': 5.878566318396007, 'ign_k': 0.019192001101561888, 'ign_c': 8.671454322584175}.
[I 2026-08-06 00:21:41,134] Trial 900 finished with values: [10.762892661721919, 10.762892661721919] and parameters: {'k1': 0.021368329072358756, 'D_low': 125.32726386250698, 'k2': 1.4378290221680118e-05, 'D_high': 10.605801312906209, 'fire_exp': 1.1044852285094786, 'P_half': 24.136213194527585, 'pre_dampen_half': 33.9790424311127, 'gpp_af': 0.028585493941961918, 'gpp_b': 3.6475882458234503, 'gpp_d': 5.085491038878331, 'ign_k': 0.019192001101561888, 'ign_c': 2.92043384718141}.
[I 2026-08-06 00:21:42,184] Trial 901 finished with values: [-0.5586582557341792, 0.08222647687361329] and parameters: {'k1': 0.03232155805617897, 'D_low': 98.57545621889057, 'k2': 1.1184534120760473e-05, 'D_high': 75773.14388518519, 'fire_exp': 2.196935728020977, 'P_half': 125.61043700013555, 'pre_dampen_half': 36.876350096203005, 'gpp_af': 0.5009399307527331, 'gpp_b': 0.0035057749039614167, 'gpp_d': 5.085491038878331, 'ign_k': 0.8826264591983531, 'ign_c': 2.92043384718141}.
[I 2026-08-06 00:21:43,316] Trial 902 finished with values: [10.628925385964386, 10.628925385964386] and parameters: {'k1': 0.0002656971546588439, 'D_low': 7.068974950624602, 'k2': 3.5917714215176105e-05, 'D_high': 29456.2056920274, 'fire_exp': 1.5201277403788451, 'P_half': 147.09699119495133, 'pre_dampen_half': 76.86605275420082, 'gpp_af': 35.20481045526041, 'gpp_b': 0.10123867001105968, 'gpp_d': 5.878566318396007, 'ign_k': 0.1550134937334847, 'ign_c': 9.34330265731847}.
[I 2026-08-06 00:21:44,698] Trial 903 finished with values: [10.769230768877819, 10.769230768877819] and parameters: {'k1': 0.002971796631657383, 'D_low': 1.54121727098019, 'k2': 1.1184534120760473e-05, 'D_high': 3660.150802571655, 'fire_exp': 1.151006986743773, 'P_half': 958.8659498594012, 'pre_dampen_half': 111.37963167994629, 'gpp_af': 0.47739011308437823, 'gpp_b': 0.0358180527371211, 'gpp_d': 4.5768578731086835, 'ign_k': 4.461217349302768, 'ign_c': 233.417373284667}.
[I 2026-08-06 00:21:46,032] Trial 904 finished with values: [10.769203331085539, 10.769203331085539] and parameters: {'k1': 0.0002656971546588439, 'D_low': 2.5449737887285035, 'k2': 0.0004381141781653133, 'D_high': 233.52156626184438, 'fire_exp': 1.010722707674549, 'P_half': 22.4895428439145, 'pre_dampen_half': 4.025222451217553, 'gpp_af': 0.47739011308437823, 'gpp_b': 0.008226792720717493, 'gpp_d': 300.3420512048734, 'ign_k': 0.4702627143647234, 'ign_c': 47.268615251255675}.
[I 2026-08-06 00:21:47,288] Trial 905 finished with values: [10.694953686561174, 10.694953686561174] and parameters: {'k1': 0.0029707920514735983, 'D_low': 2.1234210963705626, 'k2': 1.1184534120760473e-05, 'D_high': 3121.3520322039926, 'fire_exp': 2.196935728020977, 'P_half': 408.3047491580097, 'pre_dampen_half': 304.7488318185732, 'gpp_af': 5.511863475708366, 'gpp_b': 8.539677611488478e-05, 'gpp_d': 13.076473382928533, 'ign_k': 0.03141110271934876, 'ign_c': 19.19168994439752}.
[I 2026-08-06 00:21:48,569] Trial 906 finished with values: [11.973473391993078, 11.973473391993078] and parameters: {'k1': 0.025383218374507292, 'D_low': 4.051452710153359, 'k2': 3.5917714215176105e-05, 'D_high': 3660.150802571655, 'fire_exp': 1.5201277403788451, 'P_half': 22.4895428439145, 'pre_dampen_half': 304.7488318185732, 'gpp_af': 1.6595781802652418, 'gpp_b': 3.228689523591491e-05, 'gpp_d': 300.3420512048734, 'ign_k': 0.11903394335305037, 'ign_c': 6.160975294741436}.
[I 2026-08-06 00:21:49,943] Trial 907 finished with values: [10.746620076065055, 10.746620076065055] and parameters: {'k1': 0.03232155805617897, 'D_low': 98.57545621889057, 'k2': 0.006138509947844854, 'D_high': 1123.9682517242118, 'fire_exp': 2.2881850891698634, 'P_half': 8.369109437186466, 'pre_dampen_half': 0.027901153639361957, 'gpp_af': 0.004344117003966495, 'gpp_b': 0.0035057749039614167, 'gpp_d': 19.65797948502804, 'ign_k': 1.049739844869316, 'ign_c': 8.671454322584175}.
[I 2026-08-06 00:21:51,285] Trial 908 finished with values: [10.7458068331605, 10.7458068331605] and parameters: {'k1': 0.03232155805617897, 'D_low': 98.57545621889057, 'k2': 0.006138509947844854, 'D_high': 1123.9682517242118, 'fire_exp': 2.2881850891698634, 'P_half': 8.369109437186466, 'pre_dampen_half': 88.81627111957808, 'gpp_af': 0.028585493941961918, 'gpp_b': 5.8382259882459775e-05, 'gpp_d': 19.65797948502804, 'ign_k': 3.7173717478250508, 'ign_c': 14.367095138664217}.
[I 2026-08-06 00:21:52,592] Trial 909 finished with values: [10.769230768877819, 10.769230768877819] and parameters: {'k1': 0.0017320535908244437, 'D_low': 7.068974950624602, 'k2': 0.006138509947844854, 'D_high': 75773.14388518519, 'fire_exp': 1.1044852285094786, 'P_half': 22.4895428439145, 'pre_dampen_half': 1.6130673726933187, 'gpp_af': 0.028585493941961918, 'gpp_b': 0.0006082667040432242, 'gpp_d': 368.30088529547436, 'ign_k': 0.11101191524846071, 'ign_c': 201.4978984700884}.
[I 2026-08-06 00:21:53,894] Trial 910 finished with values: [10.66962170093362, 10.66962170093362] and parameters: {'k1': 0.013431123753466416, 'D_low': 683.8782488668313, 'k2': 0.006138509947844854, 'D_high': 11069.082134755383, 'fire_exp': 2.196935728020977, 'P_half': 22.4895428439145, 'pre_dampen_half': 111.37963167994629, 'gpp_af': 0.004344117003966495, 'gpp_b': 0.0035057749039614167, 'gpp_d': 0.015163585438685893, 'ign_k': 0.09071933427331372, 'ign_c': 8.671454322584175}.
[I 2026-08-06 00:21:55,300] Trial 911 finished with values: [10.60709754613125, 10.60709754613125] and parameters: {'k1': 0.025383218374507292, 'D_low': 18.522006003174383, 'k2': 4.763991596630584e-05, 'D_high': 1687.3495104568947, 'fire_exp': 2.0096866887224025, 'P_half': 608.3019192425825, 'pre_dampen_half': 14.689898077648792, 'gpp_af': 22.766850248686247, 'gpp_b': 0.6637926838138378, 'gpp_d': 891.8036602897795, 'ign_k': 3.7173717478250508, 'ign_c': 14.810800730363484}.
[I 2026-08-06 00:21:56,598] Trial 912 finished with values: [10.447378204990835, 10.447378204990835] and parameters: {'k1': 0.025383218374507292, 'D_low': 7.068974950624602, 'k2': 0.00011283667486683905, 'D_high': 6455.595882939566, 'fire_exp': 2.2915873039663333, 'P_half': 608.3019192425825, 'pre_dampen_half': 111.37963167994629, 'gpp_af': 22.766850248686247, 'gpp_b': 3.228689523591491e-05, 'gpp_d': 891.8036602897795, 'ign_k': 0.031134168041628628, 'ign_c': 0.22416664245892623}.
[I 2026-08-06 00:21:57,899] Trial 913 finished with values: [10.65593885828677, 10.65593885828677] and parameters: {'k1': 0.03232155805617897, 'D_low': 125.32726386250698, 'k2': 0.006138509947844854, 'D_high': 11069.082134755383, 'fire_exp': 2.196935728020977, 'P_half': 958.8659498594012, 'pre_dampen_half': 111.37963167994629, 'gpp_af': 5.511863475708366, 'gpp_b': 0.0024194895091734425, 'gpp_d': 13.076473382928533, 'ign_k': 0.005877005203443299, 'ign_c': 19.19168994439752}.
[I 2026-08-06 00:21:59,186] Trial 914 finished with values: [-0.5796614479090763, 0.23368162127240777] and parameters: {'k1': 0.002971796631657383, 'D_low': 7.068974950624602, 'k2': 0.0007081721844034209, 'D_high': 3660.150802571655, 'fire_exp': 1.010722707674549, 'P_half': 10.226988730324324, 'pre_dampen_half': 14.689898077648792, 'gpp_af': 1.6595781802652418, 'gpp_b': 0.011750724729953272, 'gpp_d': 5.878566318396007, 'ign_k': 0.0026834162496848666, 'ign_c': 6.160975294741436}.
[I 2026-08-06 00:22:00,974] Trial 915 finished with values: [10.769230768877819, 10.769230768877819] and parameters: {'k1': 0.0017320535908244437, 'D_low': 1.54121727098019, 'k2': 1.4378290221680118e-05, 'D_high': 75773.14388518519, 'fire_exp': 1.4665043946307825, 'P_half': 125.61043700013555, 'pre_dampen_half': 33.9790424311127, 'gpp_af': 22.766850248686247, 'gpp_b': 9.58832899519661e-05, 'gpp_d': 891.8036602897795, 'ign_k': 3.7173717478250508, 'ign_c': 559.5401979134822}.
[I 2026-08-06 00:22:02,268] Trial 916 finished with values: [10.093313162481756, 10.093313162481756] and parameters: {'k1': 0.0029707920514735983, 'D_low': 1.54121727098019, 'k2': 1.1184534120760473e-05, 'D_high': 75773.14388518519, 'fire_exp': 1.4665043946307825, 'P_half': 164.1379340685856, 'pre_dampen_half': 36.876350096203005, 'gpp_af': 0.0025511964576171086, 'gpp_b': 3.228689523591491e-05, 'gpp_d': 5.878566318396007, 'ign_k': 0.005877005203443299, 'ign_c': 14.810800730363484}.
[I 2026-08-06 00:22:03,708] Trial 917 finished with values: [-0.5259309405632359, 0.12226189925356423] and parameters: {'k1': 0.025383218374507292, 'D_low': 1.54121727098019, 'k2': 4.763991596630584e-05, 'D_high': 1687.3495104568947, 'fire_exp': 1.010722707674549, 'P_half': 608.3019192425825, 'pre_dampen_half': 14.689898077648792, 'gpp_af': 0.0025511964576171086, 'gpp_b': 3.228689523591491e-05, 'gpp_d': 124.72235343584714, 'ign_k': 0.019192001101561888, 'ign_c': 1.6676205667297381}.
[I 2026-08-06 00:22:04,992] Trial 918 finished with values: [10.22449030268905, 10.22449030268905] and parameters: {'k1': 0.0029707920514735983, 'D_low': 74.92772870670282, 'k2': 0.0007081721844034209, 'D_high': 9769.756791866093, 'fire_exp': 1.0881360604103363, 'P_half': 408.3047491580097, 'pre_dampen_half': 5.542030950268268, 'gpp_af': 0.08235550625917108, 'gpp_b': 0.011750724729953272, 'gpp_d': 4.5768578731086835, 'ign_k': 0.019192001101561888, 'ign_c': 14.810800730363484}.
[I 2026-08-06 00:22:06,356] Trial 919 finished with values: [-0.519670375168453, 0.15575426487717958] and parameters: {'k1': 0.00038719172610036706, 'D_low': 4.051452710153359, 'k2': 2.1698375693549493e-05, 'D_high': 75773.14388518519, 'fire_exp': 1.182396148413737, 'P_half': 408.3047491580097, 'pre_dampen_half': 36.876350096203005, 'gpp_af': 0.0025511964576171086, 'gpp_b': 8.539677611488478e-05, 'gpp_d': 857.4284557962634, 'ign_k': 0.019192001101561888, 'ign_c': 14.810800730363484}.
[I 2026-08-06 00:22:07,657] Trial 920 finished with values: [10.753340901241906, 10.753340901241906] and parameters: {'k1': 0.025383218374507292, 'D_low': 4.051452710153359, 'k2': 0.0004381141781653133, 'D_high': 233.52156626184438, 'fire_exp': 1.5201277403788451, 'P_half': 39.03214299767183, 'pre_dampen_half': 1.7219189380414555, 'gpp_af': 43.24033972449845, 'gpp_b': 3.228689523591491e-05, 'gpp_d': 5.085491038878331, 'ign_k': 0.03141110271934876, 'ign_c': 8.671454322584175}.
[I 2026-08-06 00:22:09,082] Trial 921 finished with values: [10.769043035241623, 10.769043035241623] and parameters: {'k1': 0.025383218374507292, 'D_low': 18.522006003174383, 'k2': 4.763991596630584e-05, 'D_high': 1687.3495104568947, 'fire_exp': 3.9865235442286613, 'P_half': 608.3019192425825, 'pre_dampen_half': 14.689898077648792, 'gpp_af': 0.028585493941961918, 'gpp_b': 0.10123867001105968, 'gpp_d': 124.72235343584714, 'ign_k': 3.7173717478250508, 'ign_c': 14.810800730363484}.
[I 2026-08-06 00:22:10,415] Trial 922 finished with values: [10.301645106740136, 10.301645106740136] and parameters: {'k1': 0.002971796631657383, 'D_low': 74.92772870670282, 'k2': 1.1184534120760473e-05, 'D_high': 1155.361019261122, 'fire_exp': 1.1044852285094786, 'P_half': 125.61043700013555, 'pre_dampen_half': 5.542030950268268, 'gpp_af': 0.08235550625917108, 'gpp_b': 0.003510201564752293, 'gpp_d': 4.5768578731086835, 'ign_k': 0.11903394335305037, 'ign_c': 14.367095138664217}.
[I 2026-08-06 00:22:11,830] Trial 923 finished with values: [17.76450141015824, 17.76450141015824] and parameters: {'k1': 0.025383218374507292, 'D_low': 18.522006003174383, 'k2': 4.763991596630584e-05, 'D_high': 47595.7191123968, 'fire_exp': 1.010722707674549, 'P_half': 22.4895428439145, 'pre_dampen_half': 703.6426675556048, 'gpp_af': 0.3053637037552328, 'gpp_b': 8.539677611488478e-05, 'gpp_d': 913.6714913061586, 'ign_k': 3.7173717478250508, 'ign_c': 14.367095138664217}.
[I 2026-08-06 00:22:13,147] Trial 924 finished with values: [10.374676767795656, 10.374676767795656] and parameters: {'k1': 0.0017320535908244437, 'D_low': 532.1216007763549, 'k2': 1.1184534120760473e-05, 'D_high': 75773.14388518519, 'fire_exp': 1.5201277403788451, 'P_half': 958.8659498594012, 'pre_dampen_half': 111.37963167994629, 'gpp_af': 0.028585493941961918, 'gpp_b': 8.539677611488478e-05, 'gpp_d': 5.878566318396007, 'ign_k': 0.09071933427331372, 'ign_c': 14.810800730363484}.
[I 2026-08-06 00:22:14,734] Trial 925 finished with values: [-0.5718371507402641, 0.17768142978415413] and parameters: {'k1': 0.0029707920514735983, 'D_low': 4.051452710153359, 'k2': 2.1698375693549493e-05, 'D_high': 75773.14388518519, 'fire_exp': 1.182396148413737, 'P_half': 408.3047491580097, 'pre_dampen_half': 36.876350096203005, 'gpp_af': 0.0025511964576171086, 'gpp_b': 8.539677611488478e-05, 'gpp_d': 180.76934679960573, 'ign_k': 0.019192001101561888, 'ign_c': 14.810800730363484}.
[I 2026-08-06 00:22:16,095] Trial 926 finished with values: [-0.5804371589700494, 0.14178691218226414] and parameters: {'k1': 0.0017320535908244437, 'D_low': 18.522006003174383, 'k2': 1.4378290221680118e-05, 'D_high': 639.0695092073224, 'fire_exp': 1.1044852285094786, 'P_half': 608.3019192425825, 'pre_dampen_half': 33.9790424311127, 'gpp_af': 0.011029417379828953, 'gpp_b': 8.539677611488478e-05, 'gpp_d': 891.8036602897795, 'ign_k': 3.7173717478250508, 'ign_c': 14.367095138664217}.
[I 2026-08-06 00:22:17,458] Trial 927 finished with values: [10.164315936890121, 10.164315936890121] and parameters: {'k1': 0.025383218374507292, 'D_low': 532.1216007763549, 'k2': 0.052769242333622866, 'D_high': 75773.14388518519, 'fire_exp': 1.010722707674549, 'P_half': 125.61043700013555, 'pre_dampen_half': 14.689898077648792, 'gpp_af': 0.09172078901566363, 'gpp_b': 0.011750724729953272, 'gpp_d': 668.5510162938966, 'ign_k': 0.0026834162496848666, 'ign_c': 0.29205563600251844}.
[I 2026-08-06 00:22:18,776] Trial 928 finished with values: [-0.5235179245959458, 0.29292314501389816] and parameters: {'k1': 0.025383218374507292, 'D_low': 532.1216007763549, 'k2': 0.006138509947844854, 'D_high': 18612.24814067389, 'fire_exp': 1.5201277403788451, 'P_half': 14.94057723907974, 'pre_dampen_half': 76.86605275420082, 'gpp_af': 43.24033972449845, 'gpp_b': 3.228689523591491e-05, 'gpp_d': 668.5510162938966, 'ign_k': 0.03141110271934876, 'ign_c': 14.810800730363484}.
[I 2026-08-06 00:22:20,087] Trial 929 finished with values: [10.766423449337584, 10.766423449337584] and parameters: {'k1': 0.021368329072358756, 'D_low': 532.1216007763549, 'k2': 0.006138509947844854, 'D_high': 333.0375276964647, 'fire_exp': 1.5201277403788451, 'P_half': 3250.104176616457, 'pre_dampen_half': 304.7488318185732, 'gpp_af': 0.0025511964576171086, 'gpp_b': 8.539677611488478e-05, 'gpp_d': 218.91899741700433, 'ign_k': 0.03141110271934876, 'ign_c': 14.810800730363484}.
