[I 2026-07-24 02:19:51,536] Trial 577 finished with value: 0.6445374145881376 and parameters: {'k1': 0.006294348819596096, 'D_low': 1.1309346831758544, 'k2': 0.0012080559990866825, 'D_high': 787367.2593252427, 'fire_exp': 6.355495167642888, 'P_half': 85.85178263866152, 'pre_dampen_half': 20.01250329489449, 'gpp_af': 0.0091043833209995, 'gpp_b': 0.00017668072872567369, 'gpp_d': 15.943905644452524, 'ign_k': 0.2827597418317148, 'ign_c': 134.68965729129812, 'trop_agb_crit': 24.595374730624492, 'trop_k_veg': 1.2447901603981169, 'fuel_k': 2.9805298763727968, 'fuel_half': 0.13073528212855529}. Best is trial 0 with value: -0.6070628323553574.
[I 2026-07-24 02:19:51,948] Trial 578 finished with value: 0.5827311294893139 and parameters: {'k1': 0.08259987162808402, 'D_low': 3.3150595489488026, 'k2': 1.4199561088985689e-05, 'D_high': 966350.9536683917, 'fire_exp': 1.3612673045620733, 'P_half': 25.683255101072128, 'pre_dampen_half': 0.5012922683757867, 'gpp_af': 1.3339589039664375, 'gpp_b': 6.715696064921525, 'gpp_d': 28.698613122482296, 'ign_k': 3.707567344142937, 'ign_c': 3.0670077581573625, 'trop_agb_crit': 2.7142416150256015, 'trop_k_veg': 0.6586289583507289, 'fuel_k': 1.0763942061373006, 'fuel_half': 0.1697763364303077}. Best is trial 0 with value: -0.6070628323553574.
[I 2026-07-24 02:19:52,361] Trial 579 finished with value: 0.5456236596835478 and parameters: {'k1': 0.007503356745307327, 'D_low': 3298.656299773647, 'k2': 1.6781133126398713e-05, 'D_high': 4358990.092154802, 'fire_exp': 1.9778250664554653, 'P_half': 3.309933878614007, 'pre_dampen_half': 0.10120624762172584, 'gpp_af': 1.4815783597931036, 'gpp_b': 0.004001810640006933, 'gpp_d': 20.755863830410664, 'ign_k': 0.008291447349959706, 'ign_c': 14.595081386604248, 'trop_agb_crit': 1.420368028670934, 'trop_k_veg': 2.0664084819729096, 'fuel_k': 3.327308656045329, 'fuel_half': 0.2760770989968705}. Best is trial 0 with value: -0.6070628323553574.
[I 2026-07-24 02:19:52,776] Trial 580 finished with value: 0.6370000552833832 and parameters: {'k1': 0.001335503029898736, 'D_low': 7.199159507624923, 'k2': 0.018403226487435313, 'D_high': 3040575.23801348, 'fire_exp': 3.0237406629114933, 'P_half': 2.7819496130106587, 'pre_dampen_half': 6.620100326332708, 'gpp_af': 0.02353603601832639, 'gpp_b': 0.0003183850245063213, 'gpp_d': 37.914928253122774, 'ign_k': 0.8973316161535776, 'ign_c': 31.774434946736537, 'trop_agb_crit': 5.765238794033726, 'trop_k_veg': 0.5487766038269103, 'fuel_k': 0.2601939389011166, 'fuel_half': 0.29383539194054314}. Best is trial 0 with value: -0.6070628323553574.
[I 2026-07-24 02:19:53,187] Trial 581 finished with value: 0.44305302768648613 and parameters: {'k1': 0.011083273167571414, 'D_low': 2.5742516671259064, 'k2': 1.5870364639544578e-05, 'D_high': 3758794.0853306158, 'fire_exp': 1.0063988314532593, 'P_half': 9.212279589605679, 'pre_dampen_half': 2.454184993994162, 'gpp_af': 0.6683781120317188, 'gpp_b': 0.03316099497559211, 'gpp_d': 279.50989207058393, 'ign_k': 4.124203265884112, 'ign_c': 0.43717609292034915, 'trop_agb_crit': 2.3441196432478417, 'trop_k_veg': 0.7058560981307843, 'fuel_k': 1.1933349850490524, 'fuel_half': 0.8278105602356483}. Best is trial 0 with value: -0.6070628323553574.
[I 2026-07-24 02:19:53,599] Trial 582 finished with value: 0.5116994748020881 and parameters: {'k1': 0.00207530379936244, 'D_low': 12397.702909461728, 'k2': 0.01708188030883412, 'D_high': 7698266.5465579685, 'fire_exp': 2.5003944470020376, 'P_half': 1.7055974287100215, 'pre_dampen_half': 15.74326203538303, 'gpp_af': 0.037120425162679084, 'gpp_b': 0.01221552010628285, 'gpp_d': 301.3498255361361, 'ign_k': 3.3687157817676274, 'ign_c': 5.079893512855276, 'trop_agb_crit': 25.929391718972575, 'trop_k_veg': 0.7319855706895525, 'fuel_k': 0.6109118727202519, 'fuel_half': 0.2569850417870766}. Best is trial 0 with value: -0.6070628323553574.
[I 2026-07-24 02:19:54,010] Trial 583 finished with value: 0.46768018277191314 and parameters: {'k1': 0.0034845281430404204, 'D_low': 1095.4822965746994, 'k2': 0.0013822283084252115, 'D_high': 1187633.4041890306, 'fire_exp': 1.6114966223215943, 'P_half': 1.5877147438588344, 'pre_dampen_half': 0.168924003772041, 'gpp_af': 4.320107670234869, 'gpp_b': 0.0032251416897567434, 'gpp_d': 13.423672393098935, 'ign_k': 0.3142362835937485, 'ign_c': 3.3016248242107658, 'trop_agb_crit': 2.862874253785727, 'trop_k_veg': 1.5415497282129602, 'fuel_k': 0.20429959230931313, 'fuel_half': 2.216277747512987}. Best is trial 0 with value: -0.6070628323553574.
[I 2026-07-24 02:19:54,422] Trial 584 finished with value: 0.6034368320469374 and parameters: {'k1': 0.000234322862517044, 'D_low': 37172.29452087236, 'k2': 0.07025811504210658, 'D_high': 33941.53125473149, 'fire_exp': 2.005662101206886, 'P_half': 11.397609824730544, 'pre_dampen_half': 0.2912898375013706, 'gpp_af': 1.0532015792977911, 'gpp_b': 0.007797022945374675, 'gpp_d': 209.3965480903702, 'ign_k': 0.8875179800519445, 'ign_c': 0.9180859691088161, 'trop_agb_crit': 9.888584082611269, 'trop_k_veg': 1.3045182000959605, 'fuel_k': 2.3552622963255967, 'fuel_half': 0.17522875562445084}. Best is trial 0 with value: -0.6070628323553574.
[I 2026-07-24 02:19:54,837] Trial 585 finished with value: -0.5663826341189899 and parameters: {'k1': 0.00021661803533472505, 'D_low': 63.56970110261293, 'k2': 0.000454124112646724, 'D_high': 1359404.3650595383, 'fire_exp': 1.024097563151495, 'P_half': 5.122262258123354, 'pre_dampen_half': 0.6082242851553622, 'gpp_af': 2.7271610549507894, 'gpp_b': 0.007121315856193293, 'gpp_d': 43.32110412042148, 'ign_k': 0.056856033683089745, 'ign_c': 12.69490715317328, 'trop_agb_crit': 3.7161527714291456, 'trop_k_veg': 2.292828992943689, 'fuel_k': 1.6546623162474872, 'fuel_half': 1.8861199663052828}. Best is trial 0 with value: -0.6070628323553574.
[I 2026-07-24 02:19:55,245] Trial 586 finished with value: 0.583852139842304 and parameters: {'k1': 0.0003003639159265444, 'D_low': 35.130634255847504, 'k2': 0.003588110941450844, 'D_high': 687522.3108647375, 'fire_exp': 1.1144210481865557, 'P_half': 47.607777351644906, 'pre_dampen_half': 3.707235497683483, 'gpp_af': 0.2810695078908401, 'gpp_b': 1.131201782044936, 'gpp_d': 13.256457677819158, 'ign_k': 0.013501862276318255, 'ign_c': 33.40501493157106, 'trop_agb_crit': 3.515537187347252, 'trop_k_veg': 3.256966691734183, 'fuel_k': 1.3071323897680005, 'fuel_half': 5.438751436875409}. Best is trial 0 with value: -0.6070628323553574.
[I 2026-07-24 02:19:55,656] Trial 587 finished with value: 0.6445374145881376 and parameters: {'k1': 0.00012795456969460497, 'D_low': 119.85352020546961, 'k2': 4.215368653784033e-05, 'D_high': 8216345.838329599, 'fire_exp': 1.250490250410682, 'P_half': 20.64530403955591, 'pre_dampen_half': 0.4206244439116709, 'gpp_af': 1.7860384757035028, 'gpp_b': 0.0029276449384610416, 'gpp_d': 7.834656177752918, 'ign_k': 0.40273704811189126, 'ign_c': 73.33490819819676, 'trop_agb_crit': 5.471636563049772, 'trop_k_veg': 1.9393556695598102, 'fuel_k': 1.2085584257174156, 'fuel_half': 2.704382389564029}. Best is trial 0 with value: -0.6070628323553574.
[I 2026-07-24 02:19:56,070] Trial 588 finished with value: 0.5506663125880319 and parameters: {'k1': 0.00014920164702950233, 'D_low': 11.653440827578942, 'k2': 0.00014911817152270468, 'D_high': 57009.51054833036, 'fire_exp': 1.2098113447157817, 'P_half': 12.504477045793845, 'pre_dampen_half': 0.24534175352129586, 'gpp_af': 11.6259533048851, 'gpp_b': 0.0018251609024623808, 'gpp_d': 29.246563718851526, 'ign_k': 0.08515833159672666, 'ign_c': 15.150454542554915, 'trop_agb_crit': 6.5411948119486345, 'trop_k_veg': 0.6555525938960409, 'fuel_k': 1.082779503972419, 'fuel_half': 1.7251277158523328}. Best is trial 0 with value: -0.6070628323553574.
[I 2026-07-24 02:19:56,482] Trial 589 finished with value: 0.49395623610925254 and parameters: {'k1': 0.02356333125395918, 'D_low': 3840.1364564377727, 'k2': 0.04130591770102615, 'D_high': 2162353.4580492605, 'fire_exp': 2.9152966498031407, 'P_half': 2.702348085352571, 'pre_dampen_half': 4.16615914229265, 'gpp_af': 0.10900537279593875, 'gpp_b': 0.0418142650847531, 'gpp_d': 418.9457413741951, 'ign_k': 0.6189088008108947, 'ign_c': 6.632118378701748, 'trop_agb_crit': 4.986358960245326, 'trop_k_veg': 0.5978086872101616, 'fuel_k': 1.9150782028380207, 'fuel_half': 0.26332141648645524}. Best is trial 0 with value: -0.6070628323553574.
[I 2026-07-24 02:19:56,897] Trial 590 finished with value: 0.4781049223942937 and parameters: {'k1': 0.0007762065897716864, 'D_low': 1152.5859059941454, 'k2': 7.211673869357901e-05, 'D_high': 732680.0309708596, 'fire_exp': 1.0425327899857935, 'P_half': 1.1364449111766026, 'pre_dampen_half': 9.258077065215343, 'gpp_af': 14.176716159334989, 'gpp_b': 0.0036170925148238083, 'gpp_d': 13.667883348015543, 'ign_k': 0.13625043832272285, 'ign_c': 0.7755866846789372, 'trop_agb_crit': 3.5528962864333726, 'trop_k_veg': 0.848572978119461, 'fuel_k': 0.8923090993623075, 'fuel_half': 2.875389281725234}. Best is trial 0 with value: -0.6070628323553574.
[I 2026-07-24 02:19:57,311] Trial 591 finished with value: 0.41791636889754125 and parameters: {'k1': 0.000510406250745496, 'D_low': 4.954972903226638, 'k2': 0.009468853199839651, 'D_high': 5364949.73793158, 'fire_exp': 9.115698565522216, 'P_half': 5.2033534646419515, 'pre_dampen_half': 26.556667341726314, 'gpp_af': 0.0030451375791873676, 'gpp_b': 2.7445286202436857e-05, 'gpp_d': 13.00969473230883, 'ign_k': 2.1727183576920637, 'ign_c': 1.2342902492482195, 'trop_agb_crit': 28.262292357693575, 'trop_k_veg': 0.9286813970272519, 'fuel_k': 1.190501496206523, 'fuel_half': 0.2837623819991905}. Best is trial 0 with value: -0.6070628323553574.
[I 2026-07-24 02:19:57,778] Trial 592 finished with value: 0.641019263960483 and parameters: {'k1': 0.0005477163813487753, 'D_low': 1143.2985385923716, 'k2': 0.01815936762036894, 'D_high': 6088.228305698172, 'fire_exp': 3.651945192454436, 'P_half': 29.20643810152113, 'pre_dampen_half': 17.925480911568233, 'gpp_af': 0.04578034832353516, 'gpp_b': 0.0037575915606167932, 'gpp_d': 2.367845980318842, 'ign_k': 1.3437913128800147, 'ign_c': 29.8932518969304, 'trop_agb_crit': 8.74134002614682, 'trop_k_veg': 0.7243845402124387, 'fuel_k': 0.11343577527247645, 'fuel_half': 5.184426128119328}. Best is trial 0 with value: -0.6070628323553574.
[I 2026-07-24 02:19:58,195] Trial 593 finished with value: 0.4233789834506221 and parameters: {'k1': 0.00021763299530369373, 'D_low': 369.5341663751349, 'k2': 0.0025534157659455495, 'D_high': 9527796.134739237, 'fire_exp': 5.2477612969376475, 'P_half': 14.850069320036877, 'pre_dampen_half': 5.780377418999838, 'gpp_af': 6.91513313779939, 'gpp_b': 0.05224740342462013, 'gpp_d': 163.96631978523556, 'ign_k': 0.49665084939054566, 'ign_c': 2.7667026784730235, 'trop_agb_crit': 3.576187141142756, 'trop_k_veg': 0.7961623687448899, 'fuel_k': 2.814868851591789, 'fuel_half': 0.294257559925144}. Best is trial 0 with value: -0.6070628323553574.
[I 2026-07-24 02:19:58,605] Trial 594 finished with value: 0.41801569299858965 and parameters: {'k1': 0.005897522063485073, 'D_low': 345.0154573436995, 'k2': 0.000864872853934353, 'D_high': 76312.888698998, 'fire_exp': 1.6602887208390535, 'P_half': 3.616047544623229, 'pre_dampen_half': 1.1272280962949697, 'gpp_af': 25.775223661983595, 'gpp_b': 0.09494653984244997, 'gpp_d': 74.64130287285118, 'ign_k': 0.20013418712591577, 'ign_c': 0.8341118378755595, 'trop_agb_crit': 6.453755404815327, 'trop_k_veg': 3.092083772471011, 'fuel_k': 5.528269457310186, 'fuel_half': 0.9806589113799401}. Best is trial 0 with value: -0.6070628323553574.
[I 2026-07-24 02:19:59,019] Trial 595 finished with value: 0.5229013047227219 and parameters: {'k1': 0.05721515579420781, 'D_low': 1.4069177598726932, 'k2': 1.1173752470513417e-05, 'D_high': 281978.54446724977, 'fire_exp': 1.2760710373680788, 'P_half': 3.5490486913755195, 'pre_dampen_half': 0.09905484500539331, 'gpp_af': 6.885293026723147, 'gpp_b': 0.0010681203706212152, 'gpp_d': 3.5738867690210405, 'ign_k': 0.09194517560529579, 'ign_c': 4.310482556053899, 'trop_agb_crit': 9.145646185791687, 'trop_k_veg': 0.8784366706616528, 'fuel_k': 0.21472248620316017, 'fuel_half': 0.26829647534347717}. Best is trial 0 with value: -0.6070628323553574.
[I 2026-07-24 02:19:59,433] Trial 596 finished with value: 0.42226715823250593 and parameters: {'k1': 0.0010587877091282117, 'D_low': 1030.3646961665804, 'k2': 0.0001151719360984265, 'D_high': 2931898.23372606, 'fire_exp': 1.0792121494243312, 'P_half': 2.4489186448670166, 'pre_dampen_half': 0.22860911350659313, 'gpp_af': 0.2844561420685323, 'gpp_b': 3.4526997205554095e-05, 'gpp_d': 53.35798195754963, 'ign_k': 0.859024102035174, 'ign_c': 5.295765555755774, 'trop_agb_crit': 9.006162093125372, 'trop_k_veg': 0.9241331604286857, 'fuel_k': 0.2984250166243063, 'fuel_half': 0.23857696749847426}. Best is trial 0 with value: -0.6070628323553574.
[I 2026-07-24 02:19:59,849] Trial 597 finished with value: 0.5764759731134218 and parameters: {'k1': 1.6749381535509744e-05, 'D_low': 55.68236717463965, 'k2': 0.0018430853589083604, 'D_high': 306635.8126234006, 'fire_exp': 1.1826510883958972, 'P_half': 1.1417027286870047, 'pre_dampen_half': 0.025888535692686312, 'gpp_af': 30.147704500212853, 'gpp_b': 0.002906963586120619, 'gpp_d': 1.7324427125645507, 'ign_k': 0.19596163891296545, 'ign_c': 3.957093607395957, 'trop_agb_crit': 7.49379599143864, 'trop_k_veg': 1.937020137506198, 'fuel_k': 0.3048513222889892, 'fuel_half': 1.1015074823368882}. Best is trial 0 with value: -0.6070628323553574.
[I 2026-07-24 02:20:00,259] Trial 598 finished with value: 0.5503345759674377 and parameters: {'k1': 0.0354556798963129, 'D_low': 63.53997130249173, 'k2': 0.00012831172969137374, 'D_high': 986119.3522819543, 'fire_exp': 7.809452768768816, 'P_half': 37.19991328609844, 'pre_dampen_half': 519.4191805053663, 'gpp_af': 0.15440377940170852, 'gpp_b': 1.4262222747506902e-05, 'gpp_d': 370.6516606347285, 'ign_k': 0.8382914874765796, 'ign_c': 7.414435371127921, 'trop_agb_crit': 24.791738660671456, 'trop_k_veg': 1.2961196159594284, 'fuel_k': 1.3862158340984716, 'fuel_half': 0.11507045928101235}. Best is trial 0 with value: -0.6070628323553574.
[I 2026-07-24 02:20:00,688] Trial 599 finished with value: -0.5148835133573681 and parameters: {'k1': 5.8904879771485274e-05, 'D_low': 3.0970193343110393, 'k2': 0.0016957375358374873, 'D_high': 171124.49334576484, 'fire_exp': 1.1782134602474128, 'P_half': 2.619869483048626, 'pre_dampen_half': 1.3063283770369405, 'gpp_af': 3.2929167649566624, 'gpp_b': 0.004422745107123994, 'gpp_d': 332.00061038167433, 'ign_k': 0.024337575834482216, 'ign_c': 0.7345382833968739, 'trop_agb_crit': 4.161572836646068, 'trop_k_veg': 2.3643175278075446, 'fuel_k': 0.34527002825219166, 'fuel_half': 1.0183028796042877}. Best is trial 0 with value: -0.6070628323553574.
[I 2026-07-24 02:20:01,109] Trial 600 finished with value: 0.6445374145881376 and parameters: {'k1': 0.0035959923983959704, 'D_low': 25152.46548594204, 'k2': 0.007377201229580712, 'D_high': 5927.44241003065, 'fire_exp': 3.8245250458576616, 'P_half': 2.582950140075399, 'pre_dampen_half': 47.66728327561774, 'gpp_af': 4.544138472273743, 'gpp_b': 0.014699627167054531, 'gpp_d': 47.234070065752036, 'ign_k': 0.3881814938407348, 'ign_c': 0.2523742826137482, 'trop_agb_crit': 5.622460817504657, 'trop_k_veg': 2.2670098376040198, 'fuel_k': 0.6251794571096689, 'fuel_half': 0.2485262618700613}. Best is trial 0 with value: -0.6070628323553574.
[I 2026-07-24 02:20:01,518] Trial 601 finished with value: 0.5833899496194982 and parameters: {'k1': 0.00014109513577371824, 'D_low': 26748.827490189327, 'k2': 0.00045124930299923164, 'D_high': 1467623.7602563854, 'fire_exp': 2.0795685889290247, 'P_half': 7.715135317953272, 'pre_dampen_half': 0.06750156617322838, 'gpp_af': 1.4617902569650836, 'gpp_b': 0.025419720005486254, 'gpp_d': 102.38672468560407, 'ign_k': 0.05570717184190899, 'ign_c': 11.147699407945465, 'trop_agb_crit': 1.9391434119211592, 'trop_k_veg': 4.983125988022437, 'fuel_k': 1.7054410440461065, 'fuel_half': 2.407643470286851}. Best is trial 0 with value: -0.6070628323553574.
[I 2026-07-24 02:20:01,932] Trial 602 finished with value: 0.5054550792375749 and parameters: {'k1': 0.004269720001735915, 'D_low': 438.50718301406795, 'k2': 0.001060702091488214, 'D_high': 6645301.623587896, 'fire_exp': 4.045547491693471, 'P_half': 1.3737657445642424, 'pre_dampen_half': 0.2458509801290303, 'gpp_af': 0.3259503663907061, 'gpp_b': 0.0005641027306755771, 'gpp_d': 6.180077392280748, 'ign_k': 1.7768601172310614, 'ign_c': 3.2385676885406904, 'trop_agb_crit': 6.548660886668364, 'trop_k_veg': 0.6306972118397909, 'fuel_k': 0.7792838705781213, 'fuel_half': 1.0670405949450277}. Best is trial 0 with value: -0.6070628323553574.
[I 2026-07-24 02:20:02,347] Trial 603 finished with value: 0.6166513607970465 and parameters: {'k1': 0.001461327410644477, 'D_low': 34995.78033056208, 'k2': 0.001236255520449938, 'D_high': 134684.08757466523, 'fire_exp': 6.277060312059076, 'P_half': 305.6875496505017, 'pre_dampen_half': 9.401074096675197, 'gpp_af': 4.337241724743504, 'gpp_b': 0.0031107602213495426, 'gpp_d': 13.736272902239147, 'ign_k': 0.09959980208612312, 'ign_c': 0.19807240892573982, 'trop_agb_crit': 2.314730927665192, 'trop_k_veg': 1.2830493269128327, 'fuel_k': 0.3213311939129849, 'fuel_half': 0.8079808558276211}. Best is trial 0 with value: -0.6070628323553574.
[I 2026-07-24 02:20:02,762] Trial 604 finished with value: 0.5403893608386515 and parameters: {'k1': 0.00014423046801327448, 'D_low': 1.254609689156779, 'k2': 0.000583980835097658, 'D_high': 708727.952666908, 'fire_exp': 1.6586485668294515, 'P_half': 47.731999431076694, 'pre_dampen_half': 0.4764296413932501, 'gpp_af': 15.822924652627467, 'gpp_b': 0.0025092875328158654, 'gpp_d': 59.49388898462199, 'ign_k': 0.011945207493356983, 'ign_c': 2.3107860861438616, 'trop_agb_crit': 7.627548621143857, 'trop_k_veg': 2.7705131244626084, 'fuel_k': 2.1963748458567007, 'fuel_half': 6.270182218444809}. Best is trial 0 with value: -0.6070628323553574.
[I 2026-07-24 02:20:03,172] Trial 605 finished with value: 0.5791692349936818 and parameters: {'k1': 0.00030692533323642337, 'D_low': 55.09932173754846, 'k2': 0.005152239551216121, 'D_high': 59079.443432123306, 'fire_exp': 3.796701572850024, 'P_half': 1.646386742718955, 'pre_dampen_half': 5.612556131915733, 'gpp_af': 1.2806032199171464, 'gpp_b': 0.048948156587102463, 'gpp_d': 1.1236929782277054, 'ign_k': 5.6878511550936715, 'ign_c': 3.870203330952553, 'trop_agb_crit': 7.158082515692427, 'trop_k_veg': 2.3137595173092316, 'fuel_k': 0.43539026980547035, 'fuel_half': 1.9357497992370565}. Best is trial 0 with value: -0.6070628323553574.
[I 2026-07-24 02:20:03,598] Trial 606 finished with value: 0.6449824237653541 and parameters: {'k1': 0.0014409376338273044, 'D_low': 3173.9440711258703, 'k2': 0.012337099801184193, 'D_high': 8883762.762723882, 'fire_exp': 8.515441481427013, 'P_half': 15.159340407377211, 'pre_dampen_half': 3.2162807388292327, 'gpp_af': 8.242853685302245, 'gpp_b': 0.007981158477463194, 'gpp_d': 8.233428695603859, 'ign_k': 1.6830897887384613, 'ign_c': 36.71697011924688, 'trop_agb_crit': 6.631730715829725, 'trop_k_veg': 0.7185977739952315, 'fuel_k': 0.22542385039245527, 'fuel_half': 6.749383283709752}. Best is trial 0 with value: -0.6070628323553574.
[I 2026-07-24 02:20:04,018] Trial 607 finished with value: 0.5480304978129565 and parameters: {'k1': 0.0019132488786928739, 'D_low': 20.133730147735623, 'k2': 0.026341314537468855, 'D_high': 72681.26818496246, 'fire_exp': 2.8476143523328745, 'P_half': 310.1552688733577, 'pre_dampen_half': 12.786367128958547, 'gpp_af': 3.3301856290205523, 'gpp_b': 2.2232906754500806e-05, 'gpp_d': 18.931629362848977, 'ign_k': 0.07835266710680737, 'ign_c': 0.26620764091523735, 'trop_agb_crit': 3.6878277286283874, 'trop_k_veg': 1.037569288641627, 'fuel_k': 0.4015769443534593, 'fuel_half': 0.6251390119835977}. Best is trial 0 with value: -0.6070628323553574.
[I 2026-07-24 02:20:04,428] Trial 608 finished with value: 0.5683655678294246 and parameters: {'k1': 0.0020641366165827495, 'D_low': 333.3220780533092, 'k2': 0.0006871956371866303, 'D_high': 337130.39592990733, 'fire_exp': 8.201221939452141, 'P_half': 11.321932416343563, 'pre_dampen_half': 363.59785636257686, 'gpp_af': 0.9684740058922072, 'gpp_b': 0.5006631830104762, 'gpp_d': 226.38449360593918, 'ign_k': 0.08599236962881875, 'ign_c': 2.118402307523806, 'trop_agb_crit': 13.468322691502987, 'trop_k_veg': 2.517169999653617, 'fuel_k': 1.6935497752207964, 'fuel_half': 0.49460666493192224}. Best is trial 0 with value: -0.6070628323553574.
[I 2026-07-24 02:20:04,846] Trial 609 finished with value: 0.4650732035179026 and parameters: {'k1': 0.02032673171991551, 'D_low': 13964.040758143103, 'k2': 0.011238300459415871, 'D_high': 6076019.060099383, 'fire_exp': 6.4585749691023455, 'P_half': 12.385922883233405, 'pre_dampen_half': 50.9922899466639, 'gpp_af': 2.2478658704885723, 'gpp_b': 0.009979847635994547, 'gpp_d': 27.233403668270974, 'ign_k': 0.5158674477952968, 'ign_c': 0.9484202195459233, 'trop_agb_crit': 7.031087411098578, 'trop_k_veg': 0.7644371287907709, 'fuel_k': 0.8084258150224211, 'fuel_half': 1.1081374417475016}. Best is trial 0 with value: -0.6070628323553574.
[I 2026-07-24 02:20:05,258] Trial 610 finished with value: -0.5550849177815825 and parameters: {'k1': 0.0002977660973729836, 'D_low': 97.03386530475076, 'k2': 0.0004054839682201141, 'D_high': 851245.5103140434, 'fire_exp': 1.1411990686007008, 'P_half': 1.196436562775856, 'pre_dampen_half': 0.3066014340537578, 'gpp_af': 1.1292316228953376, 'gpp_b': 0.0010248179061180772, 'gpp_d': 1.5194227186045977, 'ign_k': 0.1977852635822871, 'ign_c': 1.1835754283816882, 'trop_agb_crit': 5.357363825302529, 'trop_k_veg': 2.2757217926592372, 'fuel_k': 0.8331012001182484, 'fuel_half': 2.363183066731494}. Best is trial 0 with value: -0.6070628323553574.
