[I 2026-08-06 02:54:46,179] Trial 126 finished with values: [10.768656013527288, 10.768656013527288] and parameters: {'k1': 7.068974950624602e-05, 'D_low': 5.337032762603957, 'k2': 6.605978892019527e-05, 'D_high': 164.80446427978976, 'fire_exp': 3.347776308515933, 'P_half': 53.42937261279775, 'pre_dampen_half': 0.292239321778162, 'gpp_af': 1.1462107403425035, 'gpp_b': 6.870101665590028e-05, 'gpp_d': 0.2888838362365318, 'ign_k': 0.029204338471814112, 'ign_c': 6.6723671704642005, 'gdp_gamma': 0.39074137500162603}.
[I 2026-08-06 02:54:47,676] Trial 127 finished with values: [10.768697087188071, 10.768697087188071] and parameters: {'k1': 0.0003856302813879373, 'D_low': 3848.9589040216215, 'k2': 0.02814847266250655, 'D_high': 241.42596390104578, 'fire_exp': 1.0303906840804296, 'P_half': 5085.697220189423, 'pre_dampen_half': 0.026763484380985716, 'gpp_af': 0.019553384550454234, 'gpp_b': 0.005916090676703775, 'gpp_d': 794.6261929395089, 'ign_k': 0.004105873950290761, 'ign_c': 22.126836566118193, 'gdp_gamma': 0.12327505909088289}.
[I 2026-08-06 02:54:49,242] Trial 128 finished with values: [10.76923076903347, 10.76923076903347] and parameters: {'k1': 6.784924519083143e-05, 'D_low': 1.2768174677433957, 'k2': 1.1184534120760473e-05, 'D_high': 75773.14388518519, 'fire_exp': 1.1044852285094786, 'P_half': 3669.20903969591, 'pre_dampen_half': 4.350163152436989, 'gpp_af': 0.0016830357865967821, 'gpp_b': 2.7719116797094715e-05, 'gpp_d': 0.7626351785803364, 'ign_k': 1.7466799020707342, 'ign_c': 889.4151386481896, 'gdp_gamma': 0.003971218779031044}.
[I 2026-08-06 02:54:50,775] Trial 129 finished with values: [10.76923076903347, 10.76923076903347] and parameters: {'k1': 7.068974950624602e-05, 'D_low': 164.97426799845456, 'k2': 5.415244119402538e-05, 'D_high': 164.80446427978976, 'fire_exp': 1.7690128577054818, 'P_half': 53.42937261279775, 'pre_dampen_half': 0.3588488911386258, 'gpp_af': 0.042258746449961686, 'gpp_b': 6.870101665590028e-05, 'gpp_d': 15.409457762881532, 'ign_k': 0.2148652800991413, 'ign_c': 264.14496454242203, 'gdp_gamma': 0.39074137500162603}.
[I 2026-08-06 02:54:52,297] Trial 130 finished with values: [10.53593891436857, 10.53593891436857] and parameters: {'k1': 9.132348475718357e-05, 'D_low': 2.011190979341456, 'k2': 3.277320296937061e-05, 'D_high': 1453.919918756155, 'fire_exp': 1.41873960828944, 'P_half': 2.951922743391744, 'pre_dampen_half': 16.009350908593582, 'gpp_af': 0.38150632410364566, 'gpp_b': 0.0008664406862241783, 'gpp_d': 304.7488318185732, 'ign_k': 0.012115155843077676, 'ign_c': 46.798394497739366, 'gdp_gamma': 0.7366679513906507}.
[I 2026-08-06 02:54:53,917] Trial 131 finished with values: [-0.48711193151293636, 0.25860813861529097] and parameters: {'k1': 6.0390962475457836e-05, 'D_low': 1.1102341430568343, 'k2': 0.0007492772870670282, 'D_high': 9769.756791866093, 'fire_exp': 1.0881360604103363, 'P_half': 2.951922743391744, 'pre_dampen_half': 17.62185042369633, 'gpp_af': 58.83596555133606, 'gpp_b': 0.03163825999019024, 'gpp_d': 646.9381203459446, 'ign_k': 0.031585104499228, 'ign_c': 1.3894673469237204, 'gdp_gamma': 0.057304083737274164}.
[I 2026-08-06 02:54:55,566] Trial 132 finished with values: [10.477908164093776, 10.477908164093776] and parameters: {'k1': 0.0009343302657318475, 'D_low': 57.949672745830284, 'k2': 3.277320296937061e-05, 'D_high': 1453.919918756155, 'fire_exp': 1.41873960828944, 'P_half': 2.951922743391744, 'pre_dampen_half': 17.62185042369633, 'gpp_af': 0.38150632410364566, 'gpp_b': 0.0011857788502887916, 'gpp_d': 304.7488318185732, 'ign_k': 0.07867677706257832, 'ign_c': 4.849513831853326, 'gdp_gamma': 0.0037053826502857277}.
[I 2026-08-06 02:54:57,193] Trial 133 finished with values: [10.693260138625911, 10.693260138625911] and parameters: {'k1': 0.002971796631657383, 'D_low': 1.1102341430568343, 'k2': 0.0007081721844034209, 'D_high': 53514.70428717441, 'fire_exp': 3.6739495096518757, 'P_half': 611.791298190052, 'pre_dampen_half': 36.876350096203005, 'gpp_af': 5.37309347906743, 'gpp_b': 8.226862854559943e-05, 'gpp_d': 646.9381203459446, 'ign_k': 0.26721460136202413, 'ign_c': 4.97190343598288, 'gdp_gamma': 0.057304083737274164}.
[I 2026-08-06 02:54:58,720] Trial 134 finished with values: [10.768530015090239, 10.768530015090239] and parameters: {'k1': 1.2390468928182031e-05, 'D_low': 148.21691630007544, 'k2': 0.00013409701145872436, 'D_high': 29.693357731296366, 'fire_exp': 1.5191397119156032, 'P_half': 25.255166452944085, 'pre_dampen_half': 8.259599205585761, 'gpp_af': 29.064212180053847, 'gpp_b': 0.6620420614596555, 'gpp_d': 0.2571419084734534, 'ign_k': 0.004105873950290761, 'ign_c': 22.126836566118193, 'gdp_gamma': 0.46066548666177537}.
[I 2026-08-06 02:55:00,238] Trial 135 finished with values: [10.418557155892243, 10.418557155892243] and parameters: {'k1': 0.020222268128429637, 'D_low': 19.063314120324364, 'k2': 0.03820259936390116, 'D_high': 9769.756791866093, 'fire_exp': 1.0252685873887095, 'P_half': 10.226988730324324, 'pre_dampen_half': 0.028604435659156362, 'gpp_af': 29.925002022877802, 'gpp_b': 2.2148920285054975e-05, 'gpp_d': 37.40930273158252, 'ign_k': 0.43731009905162666, 'ign_c': 1.317454386434276, 'gdp_gamma': 1.419184741934841}.
[I 2026-08-06 02:55:01,731] Trial 136 finished with values: [10.767886682509513, 10.767886682509513] and parameters: {'k1': 0.002791367011873748, 'D_low': 1.1815190690253212, 'k2': 0.0007081721844034209, 'D_high': 9769.756791866093, 'fire_exp': 3.6739495096518757, 'P_half': 10.226988730324324, 'pre_dampen_half': 409.7291907040473, 'gpp_af': 58.83596555133606, 'gpp_b': 0.011750724729953272, 'gpp_d': 0.7092404574999805, 'ign_k': 0.0026834162496848666, 'ign_c': 516.7425813322407, 'gdp_gamma': 0.26978916993326096}.
[I 2026-08-06 02:55:03,222] Trial 137 finished with values: [10.730967029402944, 10.730967029402944] and parameters: {'k1': 5.599831951695988e-05, 'D_low': 19.711376150171755, 'k2': 0.0005032059347286798, 'D_high': 6079.905434073399, 'fire_exp': 1.7474700151315987, 'P_half': 4.933751600448339, 'pre_dampen_half': 11.300566419249856, 'gpp_af': 12.224125745367276, 'gpp_b': 0.030720574177185222, 'gpp_d': 0.5117840638194651, 'ign_k': 0.08405439129313687, 'ign_c': 1.090670919514188, 'gdp_gamma': 0.0014827606413776748}.
[I 2026-08-06 02:55:04,764] Trial 138 finished with values: [10.700116250526714, 10.700116250526714] and parameters: {'k1': 7.841214856323651e-05, 'D_low': 7126.727573532312, 'k2': 6.605978892019527e-05, 'D_high': 75773.14388518519, 'fire_exp': 1.1044852285094786, 'P_half': 3669.20903969591, 'pre_dampen_half': 4.350163152436989, 'gpp_af': 1.1462107403425035, 'gpp_b': 6.870101665590028e-05, 'gpp_d': 5.878566318396007, 'ign_k': 0.029204338471814112, 'ign_c': 12.37061744238074, 'gdp_gamma': 0.39074137500162603}.
[I 2026-08-06 02:55:06,321] Trial 139 finished with values: [10.654437519519904, 10.654437519519904] and parameters: {'k1': 0.0009343302657318475, 'D_low': 29.89885508829526, 'k2': 0.0007492772870670282, 'D_high': 1453.919918756155, 'fire_exp': 2.3971345318447237, 'P_half': 10.226988730324324, 'pre_dampen_half': 36.876350096203005, 'gpp_af': 0.38150632410364566, 'gpp_b': 0.0008664406862241783, 'gpp_d': 646.9381203459446, 'ign_k': 0.002115412774188856, 'ign_c': 0.21948188038908775, 'gdp_gamma': 1.8068697350278546}.
[I 2026-08-06 02:55:07,814] Trial 140 finished with values: [10.768372886342345, 10.768372886342345] and parameters: {'k1': 0.0030285741098956273, 'D_low': 655.1173063184817, 'k2': 7.10978791694274e-05, 'D_high': 41821.78526757458, 'fire_exp': 1.569607751453048, 'P_half': 25.255166452944085, 'pre_dampen_half': 0.03190729641440917, 'gpp_af': 0.0012334147231672942, 'gpp_b': 0.004215504256370331, 'gpp_d': 331.7366635899375, 'ign_k': 0.0019264360371306567, 'ign_c': 1.887567630782227, 'gdp_gamma': 0.6151184366315611}.
[I 2026-08-06 02:55:09,309] Trial 141 finished with values: [10.634325173326136, 10.634325173326136] and parameters: {'k1': 0.008945150807271526, 'D_low': 1.1102341430568343, 'k2': 0.0007492772870670282, 'D_high': 16.796279878430507, 'fire_exp': 1.314673522286271, 'P_half': 26.53937643936054, 'pre_dampen_half': 8.942824595236095, 'gpp_af': 0.0011802321563258195, 'gpp_b': 4.970909346198651e-05, 'gpp_d': 646.9381203459446, 'ign_k': 0.0014551749476072258, 'ign_c': 1.3894673469237204, 'gdp_gamma': 0.21027890193889434}.
[I 2026-08-06 02:55:10,795] Trial 142 finished with values: [-0.5797527598643594, 0.14565042390867633] and parameters: {'k1': 0.0030285741098956273, 'D_low': 29.89885508829526, 'k2': 4.484744524732793e-05, 'D_high': 35.11445258128688, 'fire_exp': 1.0881360604103363, 'P_half': 25.255166452944085, 'pre_dampen_half': 36.876350096203005, 'gpp_af': 0.09145768948268033, 'gpp_b': 0.004215504256370331, 'gpp_d': 331.7366635899375, 'ign_k': 0.37424230019851973, 'ign_c': 6.807874826564585, 'gdp_gamma': 0.3862443158940324}.
[I 2026-08-06 02:55:12,213] Trial 143 finished with values: [10.7064467161569, 10.7064467161569] and parameters: {'k1': 0.0009343302657318475, 'D_low': 1.1102341430568343, 'k2': 0.030796093943652483, 'D_high': 16.796279878430507, 'fire_exp': 1.314673522286271, 'P_half': 611.791298190052, 'pre_dampen_half': 17.62185042369633, 'gpp_af': 0.021893651668792227, 'gpp_b': 8.226862854559943e-05, 'gpp_d': 646.9381203459446, 'ign_k': 0.26721460136202413, 'ign_c': 1.3894673469237204, 'gdp_gamma': 0.7366679513906507}.
[I 2026-08-06 02:55:13,668] Trial 144 finished with values: [11.0287186657474, 11.0287186657474] and parameters: {'k1': 0.000985079068311927, 'D_low': 29.89885508829526, 'k2': 0.030796093943652483, 'D_high': 53514.70428717441, 'fire_exp': 1.0881360604103363, 'P_half': 1.2765717873951687, 'pre_dampen_half': 409.7291907040473, 'gpp_af': 3.437107943937141, 'gpp_b': 0.05557678844857245, 'gpp_d': 7.6110013825922485, 'ign_k': 0.37424230019851973, 'ign_c': 6.807874826564585, 'gdp_gamma': 0.26978916993326096}.
[I 2026-08-06 02:55:15,258] Trial 145 finished with values: [10.35558140310363, 10.35558140310363] and parameters: {'k1': 0.0030285741098956273, 'D_low': 376.7022142229396, 'k2': 0.00043415680119616545, 'D_high': 16973.07853246701, 'fire_exp': 1.4322493718230251, 'P_half': 4.2070539502879365, 'pre_dampen_half': 8.904067307938409, 'gpp_af': 0.09145768948268033, 'gpp_b': 0.02052499618703749, 'gpp_d': 34.70266988650411, 'ign_k': 2.7728241828010627, 'ign_c': 11.37517159258865, 'gdp_gamma': 0.559652086128564}.
[I 2026-08-06 02:55:16,821] Trial 146 finished with values: [10.275731241981303, 10.275731241981303] and parameters: {'k1': 0.0007284371265166888, 'D_low': 148.10800730363493, 'k2': 0.00014001191914113747, 'D_high': 2308.5168151108014, 'fire_exp': 1.0727542652117925, 'P_half': 1.4105638677535268, 'pre_dampen_half': 36.876350096203005, 'gpp_af': 0.06323437159998231, 'gpp_b': 0.028369067932328344, 'gpp_d': 1.2434469102435366, 'ign_k': 1.2021930484915047, 'ign_c': 6.807874826564585, 'gdp_gamma': 0.1138099269777268}.
[I 2026-08-06 02:55:18,354] Trial 147 finished with values: [10.315097154915382, 10.315097154915382] and parameters: {'k1': 0.00488137519160367, 'D_low': 55.527243744195495, 'k2': 0.0007081721844034209, 'D_high': 9769.756791866093, 'fire_exp': 1.0881360604103363, 'P_half': 15.0613200804335, 'pre_dampen_half': 36.876350096203005, 'gpp_af': 29.925002022877802, 'gpp_b': 3.481277316673104e-05, 'gpp_d': 4.5768578731086835, 'ign_k': 0.0026834162496848666, 'ign_c': 6.160975294741436, 'gdp_gamma': 1.351676663316814}.
[I 2026-08-06 02:55:19,906] Trial 148 finished with values: [10.760739019927538, 10.760739019927538] and parameters: {'k1': 2.9394634586259703e-05, 'D_low': 307.85541778315036, 'k2': 0.02814847266250655, 'D_high': 9769.756791866093, 'fire_exp': 1.0881360604103363, 'P_half': 5085.697220189423, 'pre_dampen_half': 2.8878954427292407, 'gpp_af': 6.577017096798067, 'gpp_b': 0.0030742893625766146, 'gpp_d': 0.05018406982902928, 'ign_k': 2.9776380369777837, 'ign_c': 0.21948188038908775, 'gdp_gamma': 0.12327505909088289}.
[I 2026-08-06 02:55:21,423] Trial 149 finished with values: [10.759089819939954, 10.759089819939954] and parameters: {'k1': 7.841214856323651e-05, 'D_low': 1.457050032975653, 'k2': 0.008471801418819975, 'D_high': 130.12518385211507, 'fire_exp': 1.4322493718230251, 'P_half': 3669.20903969591, 'pre_dampen_half': 4.350163152436989, 'gpp_af': 0.20132320711221616, 'gpp_b': 0.008405957492027293, 'gpp_d': 5.878566318396007, 'ign_k': 3.786246697870458, 'ign_c': 12.37061744238074, 'gdp_gamma': 0.559652086128564}.
[I 2026-08-06 02:55:22,905] Trial 150 finished with values: [10.768872861162944, 10.768872861162944] and parameters: {'k1': 0.0003856302813879373, 'D_low': 7089.141723796886, 'k2': 0.0005032059347286798, 'D_high': 62817.76703992861, 'fire_exp': 1.4030510752388539, 'P_half': 5085.697220189423, 'pre_dampen_half': 2.8878954427292407, 'gpp_af': 0.019553384550454234, 'gpp_b': 0.030720574177185222, 'gpp_d': 794.6261929395089, 'ign_k': 0.45097190641534857, 'ign_c': 13.500744867919364, 'gdp_gamma': 0.12327505909088289}.
[I 2026-08-06 02:55:24,441] Trial 151 finished with values: [10.740144580821601, 10.740144580821601] and parameters: {'k1': 7.068974950624602e-05, 'D_low': 2.907208890659844, 'k2': 5.415244119402538e-05, 'D_high': 164.80446427978976, 'fire_exp': 1.5191397119156032, 'P_half': 4303.306161410612, 'pre_dampen_half': 99.833496022928, 'gpp_af': 0.042258746449961686, 'gpp_b': 6.870101665590028e-05, 'gpp_d': 15.409457762881532, 'ign_k': 0.05021737623389565, 'ign_c': 0.12299210465793126, 'gdp_gamma': 0.007707473185608981}.
[I 2026-08-06 02:55:25,959] Trial 152 finished with values: [10.76907909732949, 10.76907909732949] and parameters: {'k1': 0.0014673606167579622, 'D_low': 376.7022142229396, 'k2': 0.0014367095138664223, 'D_high': 29.693357731296366, 'fire_exp': 1.4322493718230251, 'P_half': 25.255166452944085, 'pre_dampen_half': 0.0195172246414495, 'gpp_af': 4.735384181058586, 'gpp_b': 0.6620420614596555, 'gpp_d': 0.2571419084734534, 'ign_k': 0.005125758907937939, 'ign_c': 0.1066125968943389, 'gdp_gamma': 0.46066548666177537}.
[I 2026-08-06 02:55:27,515] Trial 153 finished with values: [10.6718228125205, 10.6718228125205] and parameters: {'k1': 1.2629989039319992e-05, 'D_low': 29.89885508829526, 'k2': 0.0007081721844034209, 'D_high': 6079.905434073399, 'fire_exp': 2.5642061910321017, 'P_half': 4.933751600448339, 'pre_dampen_half': 36.876350096203005, 'gpp_af': 29.925002022877802, 'gpp_b': 0.011750724729953272, 'gpp_d': 37.40930273158252, 'ign_k': 0.0026834162496848666, 'ign_c': 0.39323386421481615, 'gdp_gamma': 1.419184741934841}.
[I 2026-08-06 02:55:29,021] Trial 154 finished with values: [10.579263339908328, 10.579263339908328] and parameters: {'k1': 0.0002191739661157602, 'D_low': 1.1102341430568343, 'k2': 0.0007492772870670282, 'D_high': 3419.1084735544555, 'fire_exp': 1.314673522286271, 'P_half': 141.1179996668461, 'pre_dampen_half': 397.4459556835019, 'gpp_af': 0.05391752791214327, 'gpp_b': 0.0012070331879029856, 'gpp_d': 48.69745226446181, 'ign_k': 0.031585104499228, 'ign_c': 1.3894673469237204, 'gdp_gamma': 0.7366679513906507}.
[I 2026-08-06 02:55:30,560] Trial 155 finished with values: [10.736995986163787, 10.736995986163787] and parameters: {'k1': 5.342106255632172e-05, 'D_low': 29.89885508829526, 'k2': 0.0010253722513378382, 'D_high': 84.88887549001709, 'fire_exp': 1.0881360604103363, 'P_half': 2799.899764723165, 'pre_dampen_half': 537.7461511565783, 'gpp_af': 34.069091670272684, 'gpp_b': 0.011750724729953272, 'gpp_d': 4.5768578731086835, 'ign_k': 0.0026834162496848666, 'ign_c': 32.42143344038314, 'gdp_gamma': 0.01707281957334682}.
[I 2026-08-06 02:55:32,071] Trial 156 finished with values: [-0.5060898296424395, 0.37768822461814444] and parameters: {'k1': 0.0016661988193989237, 'D_low': 29.89885508829526, 'k2': 0.060126084038369415, 'D_high': 25037.41931228843, 'fire_exp': 1.8108717155566076, 'P_half': 4.933751600448339, 'pre_dampen_half': 36.876350096203005, 'gpp_af': 58.91896867519531, 'gpp_b': 0.011750724729953272, 'gpp_d': 37.40930273158252, 'ign_k': 0.48618632318472765, 'ign_c': 0.36093109267665474, 'gdp_gamma': 0.015216188354081242}.
[I 2026-08-06 02:55:33,529] Trial 157 finished with values: [-0.5496089276575228, 0.13698044410145704] and parameters: {'k1': 0.0007284371265166888, 'D_low': 148.10800730363493, 'k2': 0.00014001191914113747, 'D_high': 21863.563449420166, 'fire_exp': 1.5191397119156032, 'P_half': 4.933751600448339, 'pre_dampen_half': 129.7187644086357, 'gpp_af': 0.017832592720985762, 'gpp_b': 5.7857954539842234e-05, 'gpp_d': 189.88136301569827, 'ign_k': 1.2021930484915047, 'ign_c': 22.126836566118193, 'gdp_gamma': 0.1138099269777268}.
[I 2026-08-06 02:55:35,063] Trial 158 finished with values: [10.763334041855437, 10.763334041855437] and parameters: {'k1': 0.002971796631657383, 'D_low': 29.89885508829526, 'k2': 6.605978892019527e-05, 'D_high': 9769.756791866093, 'fire_exp': 3.347776308515933, 'P_half': 53.42937261279775, 'pre_dampen_half': 0.292239321778162, 'gpp_af': 29.925002022877802, 'gpp_b': 0.011750724729953272, 'gpp_d': 4.5768578731086835, 'ign_k': 0.029204338471814112, 'ign_c': 6.160975294741436, 'gdp_gamma': 0.39074137500162603}.
[I 2026-08-06 02:55:36,569] Trial 159 finished with values: [10.765577666783408, 10.765577666783408] and parameters: {'k1': 7.068974950624602e-05, 'D_low': 5.337032762603957, 'k2': 0.06994589881535453, 'D_high': 164.80446427978976, 'fire_exp': 1.569607751453048, 'P_half': 1.8942844905792813, 'pre_dampen_half': 0.03190729641440917, 'gpp_af': 0.0012334147231672942, 'gpp_b': 6.870101665590028e-05, 'gpp_d': 0.2888838362365318, 'ign_k': 0.029204338471814112, 'ign_c': 6.6723671704642005, 'gdp_gamma': 0.6151184366315611}.
[I 2026-08-06 02:55:38,088] Trial 160 finished with values: [10.725040815504135, 10.725040815504135] and parameters: {'k1': 0.002791367011873748, 'D_low': 1.1815190690253212, 'k2': 0.08661811390647982, 'D_high': 53514.70428717441, 'fire_exp': 3.6739495096518757, 'P_half': 611.791298190052, 'pre_dampen_half': 17.62185042369633, 'gpp_af': 5.37309347906743, 'gpp_b': 8.226862854559943e-05, 'gpp_d': 646.9381203459446, 'ign_k': 0.031585104499228, 'ign_c': 1.3894673469237204, 'gdp_gamma': 0.7366679513906507}.
[I 2026-08-06 02:55:39,603] Trial 161 finished with values: [10.768233021778098, 10.768233021778098] and parameters: {'k1': 5.599831951695988e-05, 'D_low': 7089.141723796886, 'k2': 0.008471801418819975, 'D_high': 1266.9536563782303, 'fire_exp': 1.4322493718230251, 'P_half': 4.2070539502879365, 'pre_dampen_half': 0.0195172246414495, 'gpp_af': 0.007217660153019876, 'gpp_b': 0.040428727350273294, 'gpp_d': 37.40930273158252, 'ign_k': 0.0012087541473056963, 'ign_c': 13.500744867919364, 'gdp_gamma': 0.559652086128564}.
[I 2026-08-06 02:55:41,126] Trial 162 finished with values: [10.768937314909767, 10.768937314909767] and parameters: {'k1': 7.068974950624602e-05, 'D_low': 5.337032762603957, 'k2': 5.415244119402538e-05, 'D_high': 122.80874862135366, 'fire_exp': 3.347776308515933, 'P_half': 53.42937261279775, 'pre_dampen_half': 0.2858549394196191, 'gpp_af': 1.1462107403425035, 'gpp_b': 6.870101665590028e-05, 'gpp_d': 0.012358147737023888, 'ign_k': 0.029204338471814112, 'ign_c': 6.6723671704642005, 'gdp_gamma': 0.39074137500162603}.
[I 2026-08-06 02:55:42,643] Trial 163 finished with values: [10.66657513501452, 10.66657513501452] and parameters: {'k1': 2.9394634586259703e-05, 'D_low': 1.1102341430568343, 'k2': 0.0007492772870670282, 'D_high': 45414.57206426163, 'fire_exp': 1.0881360604103363, 'P_half': 2.951922743391744, 'pre_dampen_half': 0.03879318293836391, 'gpp_af': 0.7631016235941565, 'gpp_b': 0.03163825999019024, 'gpp_d': 646.9381203459446, 'ign_k': 0.002115412774188856, 'ign_c': 1.3894673469237204, 'gdp_gamma': 1.8068697350278546}.
[I 2026-08-06 02:55:44,157] Trial 164 finished with values: [10.76878355827968, 10.76878355827968] and parameters: {'k1': 0.057279044707996205, 'D_low': 1627.0983114897251, 'k2': 1.0435856341129003e-05, 'D_high': 215.7727947769347, 'fire_exp': 2.5013167628643336, 'P_half': 141.1179996668461, 'pre_dampen_half': 0.016832027985721906, 'gpp_af': 0.05391752791214327, 'gpp_b': 0.0012070331879029856, 'gpp_d': 48.69745226446181, 'ign_k': 0.06439790863101602, 'ign_c': 0.7914423612155367, 'gdp_gamma': 0.03115418639689001}.
[I 2026-08-06 02:55:45,671] Trial 165 finished with values: [10.754385877097368, 10.754385877097368] and parameters: {'k1': 2.9394634586259703e-05, 'D_low': 148.21691630007544, 'k2': 0.0001016707987819611, 'D_high': 241.42596390104578, 'fire_exp': 1.2621840161507252, 'P_half': 4303.306161410612, 'pre_dampen_half': 8.259599205585761, 'gpp_af': 0.10098504976210308, 'gpp_b': 3.686869490609954e-05, 'gpp_d': 26.003623362924223, 'ign_k': 0.0019264360371306567, 'ign_c': 1.24801809651176, 'gdp_gamma': 0.06750846128186155}.
[I 2026-08-06 02:55:47,162] Trial 166 finished with values: [10.397344715087595, 10.397344715087595] and parameters: {'k1': 2.9394634586259703e-05, 'D_low': 3.7322156377670694, 'k2': 0.0007081721844034209, 'D_high': 2970.7920514735997, 'fire_exp': 1.2621840161507252, 'P_half': 2.1698375693549488, 'pre_dampen_half': 31.977584652685227, 'gpp_af': 0.002311080279955305, 'gpp_b': 0.0030742893625766146, 'gpp_d': 33.9790424311127, 'ign_k': 0.002115412774188856, 'ign_c': 0.21948188038908775, 'gdp_gamma': 1.8068697350278546}.
[I 2026-08-06 02:55:48,730] Trial 167 finished with values: [10.456825630262188, 10.456825630262188] and parameters: {'k1': 9.132348475718357e-05, 'D_low': 2.011190979341456, 'k2': 3.277320296937061e-05, 'D_high': 32.52245757497283, 'fire_exp': 1.0881360604103363, 'P_half': 3.591771421517613, 'pre_dampen_half': 16.009350908593582, 'gpp_af': 29.925002022877802, 'gpp_b': 0.0011857788502887916, 'gpp_d': 18.075983730158487, 'ign_k': 0.0026834162496848666, 'ign_c': 6.160975294741436, 'gdp_gamma': 0.0037053826502857277}.
