[I 2026-08-06 10:54:57,572] Trial 642 finished with values: [10.769230768877819, 10.769230768877819] and parameters: {'k1': 0.008912611835817005, 'D_low': 355.00125258511594, 'k2': 0.003101429427212743, 'D_high': 902.3734753282104, 'fire_exp': 4.643701096890353, 'P_half': 4.213183643253957, 'pre_dampen_half': 63.6685916079943, 'gpp_af': 5.335773317316405, 'gpp_b': 0.01666658176842624, 'gpp_d': 82.84476373292449, 'ign_k': 0.21006485619596416, 'ign_c': 48.704711413416454, 'trop_agb_crit': 6.119263728555865, 'trop_k_veg': 0.6673124511410327}.
[I 2026-08-06 10:54:58,654] Trial 643 finished with values: [-0.5990383778470556, 0.07185027927944543] and parameters: {'k1': 0.01889771394135163, 'D_low': 7.299348683062307, 'k2': 0.0154776166709383, 'D_high': 61536.58035691648, 'fire_exp': 1.7329145403564932, 'P_half': 712.8188058401365, 'pre_dampen_half': 38.00678588560607, 'gpp_af': 1.6059727222314273, 'gpp_b': 2.176805640408474e-05, 'gpp_d': 84.31013932082456, 'ign_k': 0.6161423618045312, 'ign_c': 1.9580595319750387, 'trop_agb_crit': 8.997007571451054, 'trop_k_veg': 2.4336356947036335}.
[I 2026-08-06 10:54:59,756] Trial 644 finished with values: [-0.5947918910966518, 0.12400022980532688] and parameters: {'k1': 0.002155595057104387, 'D_low': 355.00125258511594, 'k2': 0.019894080167856886, 'D_high': 1236.6924205139144, 'fire_exp': 1.2611826901294014, 'P_half': 523.1053126909052, 'pre_dampen_half': 331.7366635899375, 'gpp_af': 0.6403036652671171, 'gpp_b': 0.01666658176842624, 'gpp_d': 757.2868182332339, 'ign_k': 0.019192001101561888, 'ign_c': 5.13055176058983, 'trop_agb_crit': 6.119263728555865, 'trop_k_veg': 0.6673124511410327}.
[I 2026-08-06 10:55:00,877] Trial 645 finished with values: [10.579055431667996, 10.579055431667996] and parameters: {'k1': 0.00488137519160367, 'D_low': 520.4862686958022, 'k2': 8.923807143379776e-05, 'D_high': 8182.111518618414, 'fire_exp': 1.7329145403564932, 'P_half': 712.8188058401365, 'pre_dampen_half': 38.00678588560607, 'gpp_af': 1.6059727222314273, 'gpp_b': 2.176805640408474e-05, 'gpp_d': 84.31013932082456, 'ign_k': 0.6161423618045312, 'ign_c': 5.13055176058983, 'trop_agb_crit': 1.6079844205915728, 'trop_k_veg': 2.4336356947036335}.
[I 2026-08-06 10:55:01,976] Trial 646 finished with values: [10.386185593024024, 10.386185593024024] and parameters: {'k1': 0.00488137519160367, 'D_low': 12.105387404469584, 'k2': 1.1065812688893481e-05, 'D_high': 13.179361165291603, 'fire_exp': 1.3170256885255098, 'P_half': 17.04981874323337, 'pre_dampen_half': 63.6685916079943, 'gpp_af': 0.6403036652671171, 'gpp_b': 3.481277316673104e-05, 'gpp_d': 5.1715677287580455, 'ign_k': 0.12329098365270515, 'ign_c': 1.9580595319750387, 'trop_agb_crit': 8.997007571451054, 'trop_k_veg': 7.936472946233041}.
[I 2026-08-06 10:55:03,108] Trial 647 finished with values: [10.024713224557624, 10.024713224557624] and parameters: {'k1': 0.01889771394135163, 'D_low': 7.299348683062307, 'k2': 0.0154776166709383, 'D_high': 61536.58035691648, 'fire_exp': 1.7329145403564932, 'P_half': 658.7536748686896, 'pre_dampen_half': 38.00678588560607, 'gpp_af': 1.6059727222314273, 'gpp_b': 2.176805640408474e-05, 'gpp_d': 84.31013932082456, 'ign_k': 0.6161423618045312, 'ign_c': 1.9580595319750387, 'trop_agb_crit': 8.997007571451054, 'trop_k_veg': 2.4336356947036335}.
[I 2026-08-06 10:55:04,220] Trial 648 finished with values: [10.649885916999736, 10.649885916999736] and parameters: {'k1': 0.008287522363768155, 'D_low': 12.105387404469584, 'k2': 0.003101429427212743, 'D_high': 64.1820830998748, 'fire_exp': 1.3170256885255098, 'P_half': 140.74279366401683, 'pre_dampen_half': 63.6685916079943, 'gpp_af': 5.335773317316405, 'gpp_b': 0.01666658176842624, 'gpp_d': 8.057329182285729, 'ign_k': 0.0049611344501914005, 'ign_c': 5.13055176058983, 'trop_agb_crit': 6.119263728555865, 'trop_k_veg': 0.6673124511410327}.
[I 2026-08-06 10:55:05,315] Trial 649 finished with values: [10.746229320787403, 10.746229320787403] and parameters: {'k1': 0.029385019583898195, 'D_low': 38.82837025280678, 'k2': 0.014344484793173472, 'D_high': 78.57247967427125, 'fire_exp': 1.7329145403564932, 'P_half': 140.74279366401683, 'pre_dampen_half': 38.00678588560607, 'gpp_af': 5.335773317316405, 'gpp_b': 2.176805640408474e-05, 'gpp_d': 82.84476373292449, 'ign_k': 0.01364908766641695, 'ign_c': 49.40031671739375, 'trop_agb_crit': 8.997007571451054, 'trop_k_veg': 2.520089655463604}.
[I 2026-08-06 10:55:06,427] Trial 650 finished with values: [-0.5730287862807265, 0.058897739602518095] and parameters: {'k1': 0.00488137519160367, 'D_low': 520.4862686958022, 'k2': 0.019894080167856886, 'D_high': 8182.111518618414, 'fire_exp': 1.0271184723288342, 'P_half': 523.1053126909052, 'pre_dampen_half': 331.7366635899375, 'gpp_af': 0.6403036652671171, 'gpp_b': 0.3682510091559943, 'gpp_d': 82.84476373292449, 'ign_k': 0.010939944910100021, 'ign_c': 2.4936660834465174, 'trop_agb_crit': 6.119263728555865, 'trop_k_veg': 2.4336356947036335}.
[I 2026-08-06 10:55:07,779] Trial 651 finished with values: [10.768868392070013, 10.768868392070013] and parameters: {'k1': 2.316457903103837e-05, 'D_low': 38.82837025280678, 'k2': 0.014344484793173472, 'D_high': 60107.420288647554, 'fire_exp': 1.1263716762638152, 'P_half': 7579.633113316125, 'pre_dampen_half': 38.00678588560607, 'gpp_af': 1.6059727222314273, 'gpp_b': 0.22727308251068193, 'gpp_d': 0.02947837769137004, 'ign_k': 0.21006485619596416, 'ign_c': 3.470490935437501, 'trop_agb_crit': 8.997007571451054, 'trop_k_veg': 2.520089655463604}.
[I 2026-08-06 10:55:08,923] Trial 652 finished with values: [10.489816986535335, 10.489816986535335] and parameters: {'k1': 0.008912611835817005, 'D_low': 490.2396944106614, 'k2': 0.003101429427212743, 'D_high': 3346.220103048382, 'fire_exp': 1.3170256885255098, 'P_half': 102.4585893986732, 'pre_dampen_half': 8.144272585223819, 'gpp_af': 0.0049748543504537545, 'gpp_b': 2.176805640408474e-05, 'gpp_d': 0.5363092465892282, 'ign_k': 0.01364908766641695, 'ign_c': 3.470490935437501, 'trop_agb_crit': 1.0903028125370984, 'trop_k_veg': 2.520089655463604}.
[I 2026-08-06 10:55:10,036] Trial 653 finished with values: [-0.5907467205595971, 0.08931026248514351] and parameters: {'k1': 0.00488137519160367, 'D_low': 38.82837025280678, 'k2': 0.014344484793173472, 'D_high': 42210.21267871043, 'fire_exp': 1.7329145403564932, 'P_half': 221.2683656611821, 'pre_dampen_half': 38.00678588560607, 'gpp_af': 0.6403036652671171, 'gpp_b': 2.176805640408474e-05, 'gpp_d': 1.493264336549928, 'ign_k': 0.060759029110813774, 'ign_c': 1.2431017136067033, 'trop_agb_crit': 8.997007571451054, 'trop_k_veg': 2.520089655463604}.
[I 2026-08-06 10:55:11,185] Trial 654 finished with values: [10.064921734426092, 10.064921734426092] and parameters: {'k1': 2.316457903103837e-05, 'D_low': 12.105387404469584, 'k2': 0.003101429427212743, 'D_high': 60107.420288647554, 'fire_exp': 1.3170256885255098, 'P_half': 4.213183643253957, 'pre_dampen_half': 8.144272585223819, 'gpp_af': 0.0049748543504537545, 'gpp_b': 3.481277316673104e-05, 'gpp_d': 1.493264336549928, 'ign_k': 0.12329098365270515, 'ign_c': 5.13055176058983, 'trop_agb_crit': 1.0903028125370984, 'trop_k_veg': 3.49157152291552}.
[I 2026-08-06 10:55:12,326] Trial 655 finished with values: [10.153804215898896, 10.153804215898896] and parameters: {'k1': 0.00488137519160367, 'D_low': 520.4862686958022, 'k2': 0.014344484793173472, 'D_high': 8182.111518618414, 'fire_exp': 1.7329145403564932, 'P_half': 221.2683656611821, 'pre_dampen_half': 38.00678588560607, 'gpp_af': 0.6403036652671171, 'gpp_b': 2.176805640408474e-05, 'gpp_d': 229.41380323183625, 'ign_k': 0.060759029110813774, 'ign_c': 3.470490935437501, 'trop_agb_crit': 8.997007571451054, 'trop_k_veg': 2.520089655463604}.
[I 2026-08-06 10:55:13,469] Trial 656 finished with values: [10.071287630743885, 10.071287630743885] and parameters: {'k1': 0.002155595057104387, 'D_low': 520.4862686958022, 'k2': 8.923807143379776e-05, 'D_high': 21.947742689197344, 'fire_exp': 1.3170256885255098, 'P_half': 221.2683656611821, 'pre_dampen_half': 63.6685916079943, 'gpp_af': 0.16548212780922, 'gpp_b': 3.481277316673104e-05, 'gpp_d': 5.1715677287580455, 'ign_k': 0.12329098365270515, 'ign_c': 1.9580595319750387, 'trop_agb_crit': 8.997007571451054, 'trop_k_veg': 5.580504276549027}.
[I 2026-08-06 10:55:14,598] Trial 657 finished with values: [11.030216934894327, 11.030216934894327] and parameters: {'k1': 0.029687184908302574, 'D_low': 12.105387404469584, 'k2': 8.923807143379776e-05, 'D_high': 42210.21267871043, 'fire_exp': 1.3170256885255098, 'P_half': 4.213183643253957, 'pre_dampen_half': 38.00678588560607, 'gpp_af': 1.9706963379095486, 'gpp_b': 3.481277316673104e-05, 'gpp_d': 229.41380323183625, 'ign_k': 0.010939944910100021, 'ign_c': 1.9580595319750387, 'trop_agb_crit': 8.997007571451054, 'trop_k_veg': 0.9781855536301391}.
[I 2026-08-06 10:55:15,817] Trial 658 finished with values: [10.362517540966701, 10.362517540966701] and parameters: {'k1': 0.00488137519160367, 'D_low': 520.4862686958022, 'k2': 0.014344484793173472, 'D_high': 42210.21267871043, 'fire_exp': 1.7329145403564932, 'P_half': 221.2683656611821, 'pre_dampen_half': 38.00678588560607, 'gpp_af': 1.6059727222314273, 'gpp_b': 2.176805640408474e-05, 'gpp_d': 82.84476373292449, 'ign_k': 0.01364908766641695, 'ign_c': 3.470490935437501, 'trop_agb_crit': 8.997007571451054, 'trop_k_veg': 1.140286245977296}.
[I 2026-08-06 10:55:17,865] Trial 659 finished with values: [-0.5990383778470556, 0.07185027927944543] and parameters: {'k1': 0.01889771394135163, 'D_low': 7.299348683062307, 'k2': 0.0154776166709383, 'D_high': 61536.58035691648, 'fire_exp': 1.7329145403564932, 'P_half': 712.8188058401365, 'pre_dampen_half': 38.00678588560607, 'gpp_af': 1.6059727222314273, 'gpp_b': 2.176805640408474e-05, 'gpp_d': 84.31013932082456, 'ign_k': 0.6161423618045312, 'ign_c': 1.9580595319750387, 'trop_agb_crit': 8.997007571451054, 'trop_k_veg': 2.4336356947036335}.
[I 2026-08-06 10:55:19,822] Trial 660 finished with values: [10.450354328733125, 10.450354328733125] and parameters: {'k1': 0.05778755734457457, 'D_low': 38.82837025280678, 'k2': 0.019894080167856886, 'D_high': 3346.220103048382, 'fire_exp': 1.2611826901294014, 'P_half': 102.4585893986732, 'pre_dampen_half': 8.144272585223819, 'gpp_af': 0.6403036652671171, 'gpp_b': 0.0012213924959062798, 'gpp_d': 0.5363092465892282, 'ign_k': 0.010939944910100021, 'ign_c': 5.13055176058983, 'trop_agb_crit': 6.119263728555865, 'trop_k_veg': 2.520089655463604}.
[I 2026-08-06 10:55:21,728] Trial 661 finished with values: [10.283771549631139, 10.283771549631139] and parameters: {'k1': 2.316457903103837e-05, 'D_low': 40.52505887227999, 'k2': 2.246290894032394e-05, 'D_high': 60107.420288647554, 'fire_exp': 1.5036604936020428, 'P_half': 4.213183643253957, 'pre_dampen_half': 63.6685916079943, 'gpp_af': 0.6403036652671171, 'gpp_b': 0.22727308251068193, 'gpp_d': 2.944272359149677, 'ign_k': 0.21006485619596416, 'ign_c': 1.9580595319750387, 'trop_agb_crit': 1.0903028125370984, 'trop_k_veg': 4.989748894578724}.
[I 2026-08-06 10:55:24,079] Trial 662 finished with values: [10.010659642081455, 10.010659642081455] and parameters: {'k1': 0.05778755734457457, 'D_low': 38.82837025280678, 'k2': 0.003101429427212743, 'D_high': 61536.58035691648, 'fire_exp': 1.0601964743503993, 'P_half': 221.2683656611821, 'pre_dampen_half': 3.3841016089580034, 'gpp_af': 1.6059727222314273, 'gpp_b': 0.0005739662837359252, 'gpp_d': 229.41380323183625, 'ign_k': 3.589155871450839, 'ign_c': 5.13055176058983, 'trop_agb_crit': 10.691477813613638, 'trop_k_veg': 1.9799513595694562}.
[I 2026-08-06 10:55:26,861] Trial 663 finished with values: [10.28811680075826, 10.28811680075826] and parameters: {'k1': 0.008912611835817005, 'D_low': 40.52505887227999, 'k2': 0.0007047307383115598, 'D_high': 645.2946500764235, 'fire_exp': 1.1263716762638152, 'P_half': 4.213183643253957, 'pre_dampen_half': 63.6685916079943, 'gpp_af': 0.6403036652671171, 'gpp_b': 0.0005739662837359252, 'gpp_d': 2.944272359149677, 'ign_k': 0.060759029110813774, 'ign_c': 30.785541778315018, 'trop_agb_crit': 1.0903028125370984, 'trop_k_veg': 4.989748894578724}.
[I 2026-08-06 10:55:30,187] Trial 664 finished with values: [10.283516796270805, 10.283516796270805] and parameters: {'k1': 0.008912611835817005, 'D_low': 520.4862686958022, 'k2': 0.0154776166709383, 'D_high': 8182.111518618414, 'fire_exp': 1.221575427404682, 'P_half': 102.4585893986732, 'pre_dampen_half': 63.6685916079943, 'gpp_af': 1.9706963379095486, 'gpp_b': 0.0005739662837359252, 'gpp_d': 19.600139992927435, 'ign_k': 0.21006485619596416, 'ign_c': 5.13055176058983, 'trop_agb_crit': 1.0903028125370984, 'trop_k_veg': 3.1473758868965476}.
[I 2026-08-06 10:55:32,800] Trial 665 finished with values: [10.365539043335025, 10.365539043335025] and parameters: {'k1': 0.05778755734457457, 'D_low': 589.5271473887282, 'k2': 0.014344484793173472, 'D_high': 42210.21267871043, 'fire_exp': 1.7329145403564932, 'P_half': 221.2683656611821, 'pre_dampen_half': 38.00678588560607, 'gpp_af': 1.6059727222314273, 'gpp_b': 2.176805640408474e-05, 'gpp_d': 155.08737608723771, 'ign_k': 0.01364908766641695, 'ign_c': 3.470490935437501, 'trop_agb_crit': 8.997007571451054, 'trop_k_veg': 2.520089655463604}.
[I 2026-08-06 10:55:35,340] Trial 666 finished with values: [10.72224846297856, 10.72224846297856] and parameters: {'k1': 0.01889771394135163, 'D_low': 7.299348683062307, 'k2': 8.923807143379776e-05, 'D_high': 8182.111518618414, 'fire_exp': 1.0601964743503993, 'P_half': 4.213183643253957, 'pre_dampen_half': 234.12640025944248, 'gpp_af': 1.6059727222314273, 'gpp_b': 4.652488591349138, 'gpp_d': 2.944272359149677, 'ign_k': 0.5407445028694732, 'ign_c': 30.785541778315018, 'trop_agb_crit': 8.997007571451054, 'trop_k_veg': 2.4336356947036335}.
[I 2026-08-06 10:55:38,054] Trial 667 finished with values: [-0.5789074206952584, 0.04944540163322042] and parameters: {'k1': 0.00488137519160367, 'D_low': 97.43142535650219, 'k2': 0.0154776166709383, 'D_high': 8182.111518618414, 'fire_exp': 1.2611826901294014, 'P_half': 523.1053126909052, 'pre_dampen_half': 63.6685916079943, 'gpp_af': 0.6403036652671171, 'gpp_b': 0.22727308251068193, 'gpp_d': 350.88322284755304, 'ign_k': 0.010939944910100021, 'ign_c': 1.9580595319750387, 'trop_agb_crit': 6.119263728555865, 'trop_k_veg': 2.4336356947036335}.
[I 2026-08-06 10:55:40,825] Trial 668 finished with values: [10.315247474994559, 10.315247474994559] and parameters: {'k1': 0.029385019583898195, 'D_low': 38.82837025280678, 'k2': 0.014344484793173472, 'D_high': 1236.6924205139144, 'fire_exp': 1.7329145403564932, 'P_half': 221.2683656611821, 'pre_dampen_half': 63.6685916079943, 'gpp_af': 1.2281069836814835, 'gpp_b': 2.176805640408474e-05, 'gpp_d': 229.41380323183625, 'ign_k': 0.12329098365270515, 'ign_c': 2.4936660834465174, 'trop_agb_crit': 6.119263728555865, 'trop_k_veg': 5.562062429861957}.
[I 2026-08-06 10:55:43,212] Trial 669 finished with values: [-0.582311111166001, 0.052470676765134616] and parameters: {'k1': 0.00488137519160367, 'D_low': 191.61918406231337, 'k2': 0.003101429427212743, 'D_high': 61536.58035691648, 'fire_exp': 1.7329145403564932, 'P_half': 221.2683656611821, 'pre_dampen_half': 38.00678588560607, 'gpp_af': 0.0014188461251885575, 'gpp_b': 0.0005739662837359252, 'gpp_d': 1.493264336549928, 'ign_k': 3.589155871450839, 'ign_c': 1.2431017136067033, 'trop_agb_crit': 8.997007571451054, 'trop_k_veg': 1.9799513595694562}.
[I 2026-08-06 10:55:45,339] Trial 670 finished with values: [-0.5586198664573903, 0.0947922911874085] and parameters: {'k1': 0.008912611835817005, 'D_low': 40.52505887227999, 'k2': 0.003101429427212743, 'D_high': 52941.32201721563, 'fire_exp': 1.5185721648966928, 'P_half': 102.4585893986732, 'pre_dampen_half': 5.048653998722947, 'gpp_af': 0.6403036652671171, 'gpp_b': 2.176805640408474e-05, 'gpp_d': 14.792055086678463, 'ign_k': 0.07091190338709638, 'ign_c': 2.4936660834465174, 'trop_agb_crit': 10.691477813613638, 'trop_k_veg': 5.492385920002873}.
[I 2026-08-06 10:55:47,306] Trial 671 finished with values: [-0.5972291451365832, 0.06085743818243783] and parameters: {'k1': 0.008912611835817005, 'D_low': 12.105387404469584, 'k2': 1.1065812688893481e-05, 'D_high': 61536.58035691648, 'fire_exp': 1.3170256885255098, 'P_half': 712.8188058401365, 'pre_dampen_half': 38.00678588560607, 'gpp_af': 1.6059727222314273, 'gpp_b': 0.13713885091300912, 'gpp_d': 84.31013932082456, 'ign_k': 0.6161423618045312, 'ign_c': 1.9580595319750387, 'trop_agb_crit': 8.997007571451054, 'trop_k_veg': 2.4336356947036335}.
[I 2026-08-06 10:55:49,792] Trial 672 finished with values: [10.257805433659803, 10.257805433659803] and parameters: {'k1': 0.05778755734457457, 'D_low': 38.82837025280678, 'k2': 0.014344484793173472, 'D_high': 42210.21267871043, 'fire_exp': 1.7329145403564932, 'P_half': 221.2683656611821, 'pre_dampen_half': 5.048653998722947, 'gpp_af': 0.0049748543504537545, 'gpp_b': 2.176805640408474e-05, 'gpp_d': 229.41380323183625, 'ign_k': 0.07091190338709638, 'ign_c': 3.470490935437501, 'trop_agb_crit': 10.691477813613638, 'trop_k_veg': 1.9799513595694562}.
[I 2026-08-06 10:55:53,081] Trial 673 finished with values: [10.292559466908806, 10.292559466908806] and parameters: {'k1': 0.00488137519160367, 'D_low': 38.82837025280678, 'k2': 0.005082220961627801, 'D_high': 42210.21267871043, 'fire_exp': 1.221575427404682, 'P_half': 523.1053126909052, 'pre_dampen_half': 38.00678588560607, 'gpp_af': 1.9706963379095486, 'gpp_b': 0.3682510091559943, 'gpp_d': 19.600139992927435, 'ign_k': 2.5253810447657927, 'ign_c': 2.4936660834465174, 'trop_agb_crit': 8.997007571451054, 'trop_k_veg': 2.520089655463604}.
[I 2026-08-06 10:55:55,806] Trial 674 finished with values: [10.603431950957019, 10.603431950957019] and parameters: {'k1': 0.005952904331761848, 'D_low': 38.82837025280678, 'k2': 8.923807143379776e-05, 'D_high': 42210.21267871043, 'fire_exp': 1.221575427404682, 'P_half': 221.2683656611821, 'pre_dampen_half': 38.00678588560607, 'gpp_af': 5.335773317316405, 'gpp_b': 3.481277316673104e-05, 'gpp_d': 0.1197776427957647, 'ign_k': 0.01364908766641695, 'ign_c': 1.1994950112756755, 'trop_agb_crit': 8.997007571451054, 'trop_k_veg': 3.107042296015176}.
[I 2026-08-06 10:55:58,097] Trial 675 finished with values: [10.1148092170622, 10.1148092170622] and parameters: {'k1': 0.00488137519160367, 'D_low': 12.105387404469584, 'k2': 0.0154776166709383, 'D_high': 60107.420288647554, 'fire_exp': 1.3170256885255098, 'P_half': 712.8188058401365, 'pre_dampen_half': 63.6685916079943, 'gpp_af': 0.6403036652671171, 'gpp_b': 0.2859164396628517, 'gpp_d': 1.493264336549928, 'ign_k': 0.12329098365270515, 'ign_c': 3.7623363852696734, 'trop_agb_crit': 7.500118950416987, 'trop_k_veg': 3.49157152291552}.
[I 2026-08-06 10:56:00,287] Trial 676 finished with values: [-0.5836489515114419, 0.1157762645910988] and parameters: {'k1': 0.00488137519160367, 'D_low': 355.00125258511594, 'k2': 0.0040265389838192705, 'D_high': 11832.967057468773, 'fire_exp': 1.221575427404682, 'P_half': 221.2683656611821, 'pre_dampen_half': 63.6685916079943, 'gpp_af': 5.335773317316405, 'gpp_b': 0.22727308251068193, 'gpp_d': 82.84476373292449, 'ign_k': 0.019192001101561888, 'ign_c': 1.9580595319750387, 'trop_agb_crit': 1.4369803541745465, 'trop_k_veg': 0.6673124511410327}.
[I 2026-08-06 10:56:02,453] Trial 677 finished with values: [10.15511193901939, 10.15511193901939] and parameters: {'k1': 0.05778755734457457, 'D_low': 40.52505887227999, 'k2': 0.031536006085184705, 'D_high': 1236.6924205139144, 'fire_exp': 1.2611826901294014, 'P_half': 4.213183643253957, 'pre_dampen_half': 63.6685916079943, 'gpp_af': 0.6403036652671171, 'gpp_b': 0.08852620105022933, 'gpp_d': 757.2868182332339, 'ign_k': 0.010939944910100021, 'ign_c': 5.13055176058983, 'trop_agb_crit': 6.119263728555865, 'trop_k_veg': 4.030242248006271}.
[I 2026-08-06 10:56:04,686] Trial 678 finished with values: [-0.5662310690474186, 0.10139641404994204] and parameters: {'k1': 0.05778755734457457, 'D_low': 436.4516946807792, 'k2': 0.09946147674311599, 'D_high': 42210.21267871043, 'fire_exp': 1.2611826901294014, 'P_half': 523.1053126909052, 'pre_dampen_half': 38.00678588560607, 'gpp_af': 1.6059727222314273, 'gpp_b': 0.0012213924959062798, 'gpp_d': 757.2868182332339, 'ign_k': 0.12329098365270515, 'ign_c': 2.4936660834465174, 'trop_agb_crit': 8.997007571451054, 'trop_k_veg': 2.520089655463604}.
[I 2026-08-06 10:56:07,283] Trial 679 finished with values: [13.365345531117677, 13.365345531117677] and parameters: {'k1': 0.008912611835817005, 'D_low': 40.52505887227999, 'k2': 0.031536006085184705, 'D_high': 5670.3463356272905, 'fire_exp': 1.0601964743503993, 'P_half': 221.2683656611821, 'pre_dampen_half': 234.12640025944248, 'gpp_af': 0.6403036652671171, 'gpp_b': 0.0005739662837359252, 'gpp_d': 757.2868182332339, 'ign_k': 0.07091190338709638, 'ign_c': 5.13055176058983, 'trop_agb_crit': 10.691477813613638, 'trop_k_veg': 5.492385920002873}.
[I 2026-08-06 10:56:09,826] Trial 680 finished with values: [10.46447933938864, 10.46447933938864] and parameters: {'k1': 0.05778755734457457, 'D_low': 40.52505887227999, 'k2': 0.0007047307383115598, 'D_high': 42210.21267871043, 'fire_exp': 1.7329145403564932, 'P_half': 523.1053126909052, 'pre_dampen_half': 38.00678588560607, 'gpp_af': 1.6059727222314273, 'gpp_b': 0.0012213924959062798, 'gpp_d': 2.944272359149677, 'ign_k': 0.010939944910100021, 'ign_c': 3.470490935437501, 'trop_agb_crit': 8.997007571451054, 'trop_k_veg': 4.989748894578724}.
[I 2026-08-06 10:56:12,192] Trial 681 finished with values: [-0.6133521268856132, 0.07175900395176338] and parameters: {'k1': 0.00488137519160367, 'D_low': 38.82837025280678, 'k2': 0.019894080167856886, 'D_high': 1236.6924205139144, 'fire_exp': 1.221575427404682, 'P_half': 221.2683656611821, 'pre_dampen_half': 38.00678588560607, 'gpp_af': 0.6403036652671171, 'gpp_b': 0.0012213924959062798, 'gpp_d': 350.88322284755304, 'ign_k': 0.010939944910100021, 'ign_c': 1.1994950112756755, 'trop_agb_crit': 8.997007571451054, 'trop_k_veg': 7.936472946233041}.
