[I 2026-08-20 01:24:30,402] Trial 2272 finished with value: 0.426412547306531 and parameters: {'k1': 0.053608600107174366, 'D_low': 212.8303906231485, 'k2': 8.15975454010884e-05, 'D_high': 97140.64009926355, 'fire_exp': 1.0208320075471395, 'P_half': 1.1278009210350748, 'pre_dampen_half': 0.8780281968277136, 'gpp_af': 2.2528946236149303, 'gpp_b': 1.148457044177015e-05, 'gpp_d': 835.7787359281658, 'ign_k': 0.574333847509644, 'ign_c': 10.822076897589552, 'trop_agb_crit': 3.708954208792748, 'trop_k_veg': 2.3665960212269126, 'pop_amp': 0.029160546231120923, 'pop_peak': 0.4145614292767672, 'pop_sig': 0.9087983556823527}. Best is trial 1128 with value: -0.620386984093161.
[I 2026-08-20 01:24:31,988] Trial 2273 finished with value: 0.4764483293064272 and parameters: {'k1': 0.0021725959112802785, 'D_low': 1.092190117785288, 'k2': 0.0014745516542771385, 'D_high': 3640275.9515324766, 'fire_exp': 2.9116146288964395, 'P_half': 39.058100744640896, 'pre_dampen_half': 0.4225074925524789, 'gpp_af': 0.10207490241659814, 'gpp_b': 0.0006343506419400859, 'gpp_d': 19.70796776767132, 'ign_k': 2.8165408630111286, 'ign_c': 2.072118656225533, 'trop_agb_crit': 2.5760676984727464, 'trop_k_veg': 7.058129527433676, 'pop_amp': 0.3760412499348215, 'pop_peak': 4.799445967752903, 'pop_sig': 0.34965029154636207}. Best is trial 1128 with value: -0.620386984093161.
[I 2026-08-20 01:24:33,618] Trial 2274 finished with value: 0.49613064667255335 and parameters: {'k1': 1.2700051334113128e-05, 'D_low': 1.0016014505094326, 'k2': 0.0019544534652948375, 'D_high': 19506.66270335069, 'fire_exp': 1.1617219575609776, 'P_half': 82.04384362976116, 'pre_dampen_half': 158.98703061260784, 'gpp_af': 0.5877258112348075, 'gpp_b': 0.00019115843325282294, 'gpp_d': 3.6599501696978676, 'ign_k': 1.881117553930533, 'ign_c': 1.7348151565767642, 'trop_agb_crit': 3.208240149538244, 'trop_k_veg': 6.630792537518878, 'pop_amp': 0.0015152147359638359, 'pop_peak': 7.397752340391872, 'pop_sig': 0.29975544559108136}. Best is trial 1128 with value: -0.620386984093161.
[I 2026-08-20 01:24:35,214] Trial 2275 finished with value: 0.6445374145881376 and parameters: {'k1': 0.051944078929611545, 'D_low': 649.7287039487219, 'k2': 0.04987151663338291, 'D_high': 87.2344419474176, 'fire_exp': 3.1487817011921377, 'P_half': 9.475699318045725, 'pre_dampen_half': 0.010583652294211378, 'gpp_af': 0.0031816426818688285, 'gpp_b': 0.0007347382965465973, 'gpp_d': 0.016357007687238415, 'ign_k': 0.8890884297576661, 'ign_c': 38.71798985712406, 'trop_agb_crit': 25.607957323748977, 'trop_k_veg': 3.0330416150316517, 'pop_amp': 0.0020489269689643757, 'pop_peak': 810.7479067617389, 'pop_sig': 0.5328088082586819}. Best is trial 1128 with value: -0.620386984093161.
[I 2026-08-20 01:24:36,884] Trial 2276 finished with value: 0.4172185919930965 and parameters: {'k1': 0.00039824355989098373, 'D_low': 77.30835892603527, 'k2': 0.00019486364107095116, 'D_high': 1302091.1583489343, 'fire_exp': 6.779515146405055, 'P_half': 7.855350474638482, 'pre_dampen_half': 3.351253583927495, 'gpp_af': 0.9352139655182816, 'gpp_b': 0.00032509674131496756, 'gpp_d': 986.2880801604202, 'ign_k': 0.07022650212710167, 'ign_c': 3.2846626851467464, 'trop_agb_crit': 3.9287370297612365, 'trop_k_veg': 6.861335948044986, 'pop_amp': 6.4073647071341195, 'pop_peak': 2.6955392996094707, 'pop_sig': 0.8352281276874935}. Best is trial 1128 with value: -0.620386984093161.
[I 2026-08-20 01:24:38,624] Trial 2277 finished with value: 0.465999071129085 and parameters: {'k1': 0.006021944794673829, 'D_low': 3.8469582508586386, 'k2': 0.017820734188583265, 'D_high': 609556.6191286772, 'fire_exp': 1.359222735447765, 'P_half': 35.87341918783623, 'pre_dampen_half': 0.6988919379992272, 'gpp_af': 0.10335875486577174, 'gpp_b': 0.09223286206783128, 'gpp_d': 40.67272825532552, 'ign_k': 7.182760223774402, 'ign_c': 5.020105347877479, 'trop_agb_crit': 1.203204313622836, 'trop_k_veg': 2.209200390029929, 'pop_amp': 3.579798580503883, 'pop_peak': 35.131632728644945, 'pop_sig': 0.2740175047117013}. Best is trial 1128 with value: -0.620386984093161.
[I 2026-08-20 01:24:40,250] Trial 2278 finished with value: 0.6326190343307412 and parameters: {'k1': 0.00672270465985775, 'D_low': 79.84509468336755, 'k2': 0.00013009202669733973, 'D_high': 26.98420305215521, 'fire_exp': 2.763685423396183, 'P_half': 2.0320849553874054, 'pre_dampen_half': 524.6777280091023, 'gpp_af': 0.01225430200904753, 'gpp_b': 0.00039154574229535076, 'gpp_d': 0.6553176468563208, 'ign_k': 0.7007100121962372, 'ign_c': 41.16729003194834, 'trop_agb_crit': 2.4464399539970008, 'trop_k_veg': 4.555958995029036, 'pop_amp': 16.890590509926714, 'pop_peak': 80.47674889123955, 'pop_sig': 0.3042797576196267}. Best is trial 1128 with value: -0.620386984093161.
[I 2026-08-20 01:24:41,916] Trial 2279 finished with value: 0.5391713620991909 and parameters: {'k1': 1.2212818679962595e-05, 'D_low': 47.80258643405785, 'k2': 0.0005907796440698188, 'D_high': 2833743.1703347983, 'fire_exp': 2.7809680832923145, 'P_half': 37.75895087230151, 'pre_dampen_half': 1.6006148866667769, 'gpp_af': 0.030284537119122466, 'gpp_b': 7.573215918674498e-05, 'gpp_d': 10.123475514660777, 'ign_k': 0.16083086857926407, 'ign_c': 1.9493150132195611, 'trop_agb_crit': 2.408925396952236, 'trop_k_veg': 0.6239986750324786, 'pop_amp': 0.36634901329367864, 'pop_peak': 2.505419324481657, 'pop_sig': 2.3182521947865236}. Best is trial 1128 with value: -0.620386984093161.
[I 2026-08-20 01:24:43,892] Trial 2280 finished with value: 0.43357845767683456 and parameters: {'k1': 0.00031065281077526704, 'D_low': 20.671120464283053, 'k2': 0.005015926185951744, 'D_high': 425898.5939589467, 'fire_exp': 2.752858381558184, 'P_half': 9.470847084390297, 'pre_dampen_half': 60.35483847110578, 'gpp_af': 0.004586169278485565, 'gpp_b': 0.00013626312409059435, 'gpp_d': 1.3198361803918623, 'ign_k': 1.1758223211568255, 'ign_c': 0.4010702779134635, 'trop_agb_crit': 5.120542852010762, 'trop_k_veg': 7.716774877654763, 'pop_amp': 0.052100499699234436, 'pop_peak': 18.29960782887227, 'pop_sig': 0.2826774096299949}. Best is trial 1128 with value: -0.620386984093161.
[I 2026-08-20 01:24:46,292] Trial 2281 finished with value: 0.6026302078118342 and parameters: {'k1': 0.0013017214610009033, 'D_low': 1459.7708842816876, 'k2': 0.00023577575025638634, 'D_high': 2595886.7023867834, 'fire_exp': 1.161541769048277, 'P_half': 8080.569090884242, 'pre_dampen_half': 7.180714427939957, 'gpp_af': 0.2588253121272255, 'gpp_b': 5.5842782486572585e-05, 'gpp_d': 2.3555201297291926, 'ign_k': 0.43365985445362626, 'ign_c': 42.73219954814351, 'trop_agb_crit': 29.313382590741696, 'trop_k_veg': 1.6924707393766223, 'pop_amp': 0.0015111838650748728, 'pop_peak': 1.2500215421354632, 'pop_sig': 0.6384488740763038}. Best is trial 1128 with value: -0.620386984093161.
[I 2026-08-20 01:24:47,922] Trial 2282 finished with value: 0.5021249975493441 and parameters: {'k1': 0.00013548410874283305, 'D_low': 11.811898912957929, 'k2': 0.007115888750941314, 'D_high': 1818630.9463772525, 'fire_exp': 1.9395134493297805, 'P_half': 4.803102072740171, 'pre_dampen_half': 0.24262478895462158, 'gpp_af': 0.0015933239002535926, 'gpp_b': 1.5769455748538498e-05, 'gpp_d': 1.2703500311684972, 'ign_k': 0.3089766188000985, 'ign_c': 8.857503297042536, 'trop_agb_crit': 1.7443080473958164, 'trop_k_veg': 3.353585435650663, 'pop_amp': 0.0013466028421073334, 'pop_peak': 19.71903701608775, 'pop_sig': 0.28673755998689154}. Best is trial 1128 with value: -0.620386984093161.
[I 2026-08-20 01:24:49,598] Trial 2283 finished with value: -0.5283128567738034 and parameters: {'k1': 0.028134655081760777, 'D_low': 2.100293699207277, 'k2': 0.0022941613203603215, 'D_high': 483834.3981427586, 'fire_exp': 2.0448974281485754, 'P_half': 33.89278627143743, 'pre_dampen_half': 11.540186780538145, 'gpp_af': 0.00794669539521237, 'gpp_b': 0.014300566920495224, 'gpp_d': 2.8242804237789567, 'ign_k': 5.76338533015138, 'ign_c': 0.9654739308783206, 'trop_agb_crit': 2.005179627392824, 'trop_k_veg': 4.266468164702854, 'pop_amp': 7.356284662740595, 'pop_peak': 6.572147884956609, 'pop_sig': 0.46204103785465767}. Best is trial 1128 with value: -0.620386984093161.
[I 2026-08-20 01:24:51,152] Trial 2284 finished with value: 0.4675320981051818 and parameters: {'k1': 0.0021397490816562337, 'D_low': 3.008230530226375, 'k2': 0.009744654515808556, 'D_high': 5532204.028794459, 'fire_exp': 2.405105951075805, 'P_half': 1.5253802122031868, 'pre_dampen_half': 0.0248701257831949, 'gpp_af': 0.23411486476610344, 'gpp_b': 0.054087462369960586, 'gpp_d': 20.243918767758487, 'ign_k': 5.043696959175881, 'ign_c': 11.429352964444677, 'trop_agb_crit': 2.566420601242629, 'trop_k_veg': 3.545093165258526, 'pop_amp': 8.07307068815939, 'pop_peak': 27.73074084736827, 'pop_sig': 0.41564737391556367}. Best is trial 1128 with value: -0.620386984093161.
[I 2026-08-20 01:24:52,965] Trial 2285 finished with value: -0.60934401993238 and parameters: {'k1': 0.0004408563953907183, 'D_low': 723.011814994181, 'k2': 0.001772685528330184, 'D_high': 4320709.250997285, 'fire_exp': 1.562151885327815, 'P_half': 5.5952552581716155, 'pre_dampen_half': 4.109985576565368, 'gpp_af': 0.009106603909300584, 'gpp_b': 6.412042882085461e-05, 'gpp_d': 656.213796202716, 'ign_k': 8.048114100162232, 'ign_c': 17.5179735620383, 'trop_agb_crit': 8.435524298935158, 'trop_k_veg': 2.151534318873374, 'pop_amp': 0.003049077215868678, 'pop_peak': 0.5775001267072777, 'pop_sig': 0.2702478268019801}. Best is trial 1128 with value: -0.620386984093161.
[I 2026-08-20 01:24:54,638] Trial 2286 finished with value: 0.4131074324417574 and parameters: {'k1': 0.0027950306990543678, 'D_low': 430.46610163867155, 'k2': 0.0015052043130173141, 'D_high': 510601.918103308, 'fire_exp': 1.2109783157049967, 'P_half': 2.118216193845538, 'pre_dampen_half': 6.17791284188479, 'gpp_af': 0.023876442449315693, 'gpp_b': 0.0006313018827782356, 'gpp_d': 116.19153114975764, 'ign_k': 2.8947454039044027, 'ign_c': 9.618512758334479, 'trop_agb_crit': 11.210411214492927, 'trop_k_veg': 0.8472438246698745, 'pop_amp': 0.004948100283864521, 'pop_peak': 0.18438378514389292, 'pop_sig': 0.3631891292236964}. Best is trial 1128 with value: -0.620386984093161.
[I 2026-08-20 01:24:56,258] Trial 2287 finished with value: 0.5547355832312373 and parameters: {'k1': 0.06255610367350985, 'D_low': 998.6376717972685, 'k2': 0.007331670460159087, 'D_high': 1721230.031499462, 'fire_exp': 7.839873937120529, 'P_half': 145.1555137735242, 'pre_dampen_half': 1.3752343770010151, 'gpp_af': 3.024170520710211, 'gpp_b': 0.0007710662449995448, 'gpp_d': 43.46763126960274, 'ign_k': 0.23995749294132904, 'ign_c': 1.0645325733264797, 'trop_agb_crit': 15.686402565426881, 'trop_k_veg': 3.1288808446469467, 'pop_amp': 0.2784278476486522, 'pop_peak': 1.641235401387534, 'pop_sig': 1.3717300756986193}. Best is trial 1128 with value: -0.620386984093161.
[I 2026-08-20 01:24:58,417] Trial 2288 finished with value: 0.5395969947868962 and parameters: {'k1': 0.0025367342188640334, 'D_low': 16.383663380071432, 'k2': 7.121081658122419e-05, 'D_high': 856333.1217236475, 'fire_exp': 3.8810260032103594, 'P_half': 394.1416651658169, 'pre_dampen_half': 5.871232626275945, 'gpp_af': 0.0029112014535876934, 'gpp_b': 8.407888132431528e-05, 'gpp_d': 20.969819690265393, 'ign_k': 9.225109310279239, 'ign_c': 1.8412927316597365, 'trop_agb_crit': 25.294980405709072, 'trop_k_veg': 4.9534226264279875, 'pop_amp': 0.04858960306985659, 'pop_peak': 0.207957349445613, 'pop_sig': 0.4211349416693695}. Best is trial 1128 with value: -0.620386984093161.
[I 2026-08-20 01:25:00,662] Trial 2289 finished with value: 0.5995797543829903 and parameters: {'k1': 0.00015362789591400822, 'D_low': 199.03845561492403, 'k2': 0.0007160803675898426, 'D_high': 3997917.06841224, 'fire_exp': 5.914738037932407, 'P_half': 43.026172761805924, 'pre_dampen_half': 54.70339423519967, 'gpp_af': 0.3116419834583488, 'gpp_b': 0.000513014094836249, 'gpp_d': 58.735635508289334, 'ign_k': 0.08253628561419461, 'ign_c': 39.94034970258356, 'trop_agb_crit': 5.943239909892236, 'trop_k_veg': 2.9141900608436733, 'pop_amp': 10.730390966474834, 'pop_peak': 2.4272554089445153, 'pop_sig': 0.8629600614400509}. Best is trial 1128 with value: -0.620386984093161.
[I 2026-08-20 01:25:02,489] Trial 2290 finished with value: 0.47218925850165283 and parameters: {'k1': 0.00013449157273743442, 'D_low': 1.3097906424498478, 'k2': 0.01674126385807411, 'D_high': 420188.3767166479, 'fire_exp': 4.029192316310449, 'P_half': 170.84624295136118, 'pre_dampen_half': 0.5607669826860944, 'gpp_af': 0.01039603202085437, 'gpp_b': 7.294254602583936e-05, 'gpp_d': 83.94819071351418, 'ign_k': 0.6743619078442493, 'ign_c': 4.09768718530472, 'trop_agb_crit': 2.477158460209041, 'trop_k_veg': 1.1561177544780772, 'pop_amp': 2.7989553239688787, 'pop_peak': 21.06066894393046, 'pop_sig': 1.6545857894059601}. Best is trial 1128 with value: -0.620386984093161.
[I 2026-08-20 01:25:04,268] Trial 2291 finished with value: -0.5394521843503063 and parameters: {'k1': 0.0019130550883589398, 'D_low': 2168.6846005587786, 'k2': 0.0005722000511121185, 'D_high': 9096845.796284838, 'fire_exp': 3.061852467884718, 'P_half': 61.10119472977206, 'pre_dampen_half': 1.3436432859097083, 'gpp_af': 4.114772344439964, 'gpp_b': 0.271058144296201, 'gpp_d': 34.9871261680473, 'ign_k': 0.1275109484772994, 'ign_c': 1.3308830650518955, 'trop_agb_crit': 5.884218816086002, 'trop_k_veg': 3.5232649679411767, 'pop_amp': 11.32408619014483, 'pop_peak': 48.65633533906733, 'pop_sig': 0.6091030056193892}. Best is trial 1128 with value: -0.620386984093161.
[I 2026-08-20 01:25:05,994] Trial 2292 finished with value: 0.6445374145881376 and parameters: {'k1': 0.0023657635688988177, 'D_low': 454.57975400672655, 'k2': 0.0009260367357445658, 'D_high': 2432683.942656498, 'fire_exp': 1.4821401735936948, 'P_half': 2.564970799645855, 'pre_dampen_half': 8.510626014546252, 'gpp_af': 0.049904916072541584, 'gpp_b': 0.00010580776841671997, 'gpp_d': 611.4862015224573, 'ign_k': 5.109356148562727, 'ign_c': 170.39358509319337, 'trop_agb_crit': 8.879566773167525, 'trop_k_veg': 1.6183929582547734, 'pop_amp': 0.004215036963538307, 'pop_peak': 1.695073607046932, 'pop_sig': 0.383136060129391}. Best is trial 1128 with value: -0.620386984093161.
[I 2026-08-20 01:25:08,163] Trial 2293 finished with value: 0.6499631177678387 and parameters: {'k1': 0.00013691906305090079, 'D_low': 65.72188358933268, 'k2': 0.0007287980924304582, 'D_high': 5966838.936140039, 'fire_exp': 1.2292720752857573, 'P_half': 6.270744636641398, 'pre_dampen_half': 10.866636632761072, 'gpp_af': 0.006568612156159567, 'gpp_b': 0.0001205455948617773, 'gpp_d': 345.2062110769085, 'ign_k': 5.084465458122322, 'ign_c': 33.69702989217276, 'trop_agb_crit': 4.430655731061975, 'trop_k_veg': 0.7566967682421036, 'pop_amp': 0.005506894695396637, 'pop_peak': 0.45264977744811313, 'pop_sig': 0.3544566110772547}. Best is trial 1128 with value: -0.620386984093161.
[I 2026-08-20 01:25:09,904] Trial 2294 finished with value: -0.6000334205782734 and parameters: {'k1': 0.000794092136090728, 'D_low': 207.31589174927026, 'k2': 0.0026364179615424167, 'D_high': 2501671.0076113595, 'fire_exp': 1.6332063784363506, 'P_half': 1.2729646094271545, 'pre_dampen_half': 3.1962181485017487, 'gpp_af': 0.0013205296003734642, 'gpp_b': 3.974057862867588e-05, 'gpp_d': 304.5509361503331, 'ign_k': 7.580624021380233, 'ign_c': 15.49632463984852, 'trop_agb_crit': 4.016329057428843, 'trop_k_veg': 3.457388806610426, 'pop_amp': 1.4072306383148934, 'pop_peak': 0.4829772141170946, 'pop_sig': 0.34542116841881876}. Best is trial 1128 with value: -0.620386984093161.
[I 2026-08-20 01:25:11,731] Trial 2295 finished with value: 0.6445374145881376 and parameters: {'k1': 0.03875638265812141, 'D_low': 86.41703583245463, 'k2': 0.0005332415711942234, 'D_high': 8089704.470488444, 'fire_exp': 1.539374976421702, 'P_half': 2.0068582568937208, 'pre_dampen_half': 39.64974694047473, 'gpp_af': 0.007902311330078175, 'gpp_b': 3.0314617964985544e-05, 'gpp_d': 218.42874492556194, 'ign_k': 1.9276115950596038, 'ign_c': 55.804035708602164, 'trop_agb_crit': 10.837575157976996, 'trop_k_veg': 3.309253945978071, 'pop_amp': 1.0683137445251478, 'pop_peak': 0.13579770523908452, 'pop_sig': 0.38417218487247495}. Best is trial 1128 with value: -0.620386984093161.
[I 2026-08-20 01:25:13,342] Trial 2296 finished with value: 0.6445374145881376 and parameters: {'k1': 0.0007266889150325706, 'D_low': 536129.6509608073, 'k2': 0.05306779220363134, 'D_high': 225.04459295118522, 'fire_exp': 1.8903868307779343, 'P_half': 137.97954804992764, 'pre_dampen_half': 0.3732596223081552, 'gpp_af': 0.0010018371012450367, 'gpp_b': 2.9371432730434974, 'gpp_d': 0.03767250571227803, 'ign_k': 0.021479527150547024, 'ign_c': 0.5160435395449438, 'trop_agb_crit': 24.066774050044685, 'trop_k_veg': 2.079802350433521, 'pop_amp': 11.934123851211755, 'pop_peak': 151.90653368231733, 'pop_sig': 1.7017455810516944}. Best is trial 1128 with value: -0.620386984093161.
[I 2026-08-20 01:25:15,015] Trial 2297 finished with value: 0.5931243874049346 and parameters: {'k1': 2.803913245081328e-05, 'D_low': 52212.964658882396, 'k2': 0.0017257072656485148, 'D_high': 7961.047366370224, 'fire_exp': 1.4700649504642511, 'P_half': 8.415746291309034, 'pre_dampen_half': 14.16196935864482, 'gpp_af': 0.19957985021360994, 'gpp_b': 3.408173911514815e-05, 'gpp_d': 243.3785948635283, 'ign_k': 8.064691290678274, 'ign_c': 13.426108100521816, 'trop_agb_crit': 5.021505783914524, 'trop_k_veg': 1.2878335147177797, 'pop_amp': 0.00557680626895875, 'pop_peak': 0.1477813155969478, 'pop_sig': 0.41102191083831535}. Best is trial 1128 with value: -0.620386984093161.
[I 2026-08-20 01:25:16,855] Trial 2298 finished with value: 0.525535882599721 and parameters: {'k1': 0.00017490209285235696, 'D_low': 9568.688333854769, 'k2': 0.032888709427115, 'D_high': 35247.006915833226, 'fire_exp': 1.51498432910832, 'P_half': 2.4886831935403397, 'pre_dampen_half': 4.48982472768838, 'gpp_af': 0.007870978931241949, 'gpp_b': 0.0005066966580627776, 'gpp_d': 253.48465399695544, 'ign_k': 3.2153815351045782, 'ign_c': 1.0672174631239593, 'trop_agb_crit': 4.583408388897903, 'trop_k_veg': 4.673131487486773, 'pop_amp': 0.02067753675564598, 'pop_peak': 1.5037293761926291, 'pop_sig': 0.25514445377591566}. Best is trial 1128 with value: -0.620386984093161.
[I 2026-08-20 01:25:18,410] Trial 2299 finished with value: -0.5759732813576961 and parameters: {'k1': 0.0005210055482704944, 'D_low': 2.9518781322547323, 'k2': 0.004307570797414087, 'D_high': 8631215.167032208, 'fire_exp': 1.427750255419679, 'P_half': 340.20167991218455, 'pre_dampen_half': 0.38056154417849547, 'gpp_af': 0.4203480450818802, 'gpp_b': 0.011053549237734743, 'gpp_d': 11.82087955234895, 'ign_k': 5.802051220710894, 'ign_c': 0.5839240826849055, 'trop_agb_crit': 5.61303038290255, 'trop_k_veg': 4.992843076544809, 'pop_amp': 5.847516165723102, 'pop_peak': 73.93677701969442, 'pop_sig': 0.25290806742218913}. Best is trial 1128 with value: -0.620386984093161.
[I 2026-08-20 01:25:20,104] Trial 2300 finished with value: 0.6487694207169552 and parameters: {'k1': 0.0010005042016765794, 'D_low': 98.76554454714369, 'k2': 0.0037320706973579393, 'D_high': 68206.14433405914, 'fire_exp': 1.5682410654016394, 'P_half': 4.839094225872897, 'pre_dampen_half': 6.089617249770767, 'gpp_af': 0.002848180474554156, 'gpp_b': 0.0005169192541642472, 'gpp_d': 555.5069582390701, 'ign_k': 1.9495774014781355, 'ign_c': 42.39068151029515, 'trop_agb_crit': 9.096936806540322, 'trop_k_veg': 4.5107344710757395, 'pop_amp': 0.34606613662844604, 'pop_peak': 2.1595652922118806, 'pop_sig': 0.37964009387319037}. Best is trial 1128 with value: -0.620386984093161.
[I 2026-08-20 01:25:21,755] Trial 2301 finished with value: 0.5275436617934535 and parameters: {'k1': 0.0018655450699240524, 'D_low': 77.99821736808923, 'k2': 0.0005480230406584247, 'D_high': 1144361.5081163724, 'fire_exp': 3.326903320362552, 'P_half': 2.6875604266073783, 'pre_dampen_half': 0.925477477807024, 'gpp_af': 0.0013241437157391724, 'gpp_b': 0.0003385171937842599, 'gpp_d': 8.219755462480554, 'ign_k': 4.118436828571736, 'ign_c': 7.161131189200501, 'trop_agb_crit': 3.2398346190061558, 'trop_k_veg': 2.5837590731542495, 'pop_amp': 0.8488875133391827, 'pop_peak': 0.22313525878444343, 'pop_sig': 0.3517051540174777}. Best is trial 1128 with value: -0.620386984093161.
[I 2026-08-20 01:25:23,383] Trial 2302 finished with value: 0.5265693456722617 and parameters: {'k1': 0.01768412847757073, 'D_low': 50.23004052577813, 'k2': 0.00118797459580102, 'D_high': 327412.8810258396, 'fire_exp': 1.170119709839352, 'P_half': 18.385713380330692, 'pre_dampen_half': 118.4959923712467, 'gpp_af': 0.004823718325905099, 'gpp_b': 4.3775085764209225e-05, 'gpp_d': 99.18778357702125, 'ign_k': 5.122340342940817, 'ign_c': 7.072439281049915, 'trop_agb_crit': 3.340491590531245, 'trop_k_veg': 6.257200345461657, 'pop_amp': 0.9613889452907783, 'pop_peak': 1.4884454193278376, 'pop_sig': 0.2600916455372318}. Best is trial 1128 with value: -0.620386984093161.
[I 2026-08-20 01:25:25,042] Trial 2303 finished with value: 0.4422068107430379 and parameters: {'k1': 8.676887320971986e-05, 'D_low': 132.51093485808934, 'k2': 1.5268522332220316e-05, 'D_high': 6078570.708399013, 'fire_exp': 3.901991872824109, 'P_half': 27.74798318574863, 'pre_dampen_half': 14.46735994290751, 'gpp_af': 0.797527916646052, 'gpp_b': 3.420211865532583e-05, 'gpp_d': 3.6228585960929847, 'ign_k': 0.6270601421917165, 'ign_c': 3.5015043665115027, 'trop_agb_crit': 6.280094238940424, 'trop_k_veg': 3.86110642285207, 'pop_amp': 0.525352343601301, 'pop_peak': 1.4900596888106135, 'pop_sig': 0.5181434541398039}. Best is trial 1128 with value: -0.620386984093161.
