[I 2026-07-24 02:19:09,142] Trial 475 finished with value: 0.6012600566151044 and parameters: {'k1': 0.005064392722766782, 'D_low': 16.369463594345945, 'k2': 2.239983533034904e-05, 'D_high': 28346.035473398195, 'fire_exp': 5.108816461338225, 'P_half': 89.16513719789198, 'pre_dampen_half': 22.769319973920375, 'gpp_af': 0.054866280359140554, 'gpp_b': 0.0007363973311894967, 'gpp_d': 142.5991103758416, 'ign_k': 0.014070673975830872, 'ign_c': 0.5928893622873729, 'trop_agb_crit': 26.6262753972656, 'trop_k_veg': 2.990020860289764, 'fuel_k': 0.277600233630076, 'fuel_half': 0.24584148755054358}. Best is trial 0 with value: -0.6070628323553574.
[I 2026-07-24 02:19:09,558] Trial 476 finished with value: 0.6344588264246921 and parameters: {'k1': 0.01918876603172553, 'D_low': 25.582052519038662, 'k2': 0.001252211998476884, 'D_high': 2959933.1034069196, 'fire_exp': 9.151354191852604, 'P_half': 205.40967049617075, 'pre_dampen_half': 7.151853981861542, 'gpp_af': 0.05564127772917866, 'gpp_b': 2.0930110694877843e-05, 'gpp_d': 332.0173995407133, 'ign_k': 0.7151865029223458, 'ign_c': 28.212180875957053, 'trop_agb_crit': 23.638558082371894, 'trop_k_veg': 1.0402306213590082, 'fuel_k': 0.349317067186342, 'fuel_half': 3.348213919931597}. Best is trial 0 with value: -0.6070628323553574.
[I 2026-07-24 02:19:09,977] Trial 477 finished with value: 0.4439159834768054 and parameters: {'k1': 0.09335806772170585, 'D_low': 2949.460071795464, 'k2': 1.4762047010851384e-05, 'D_high': 215406.47368031848, 'fire_exp': 1.5666663431406425, 'P_half': 19.567707542113713, 'pre_dampen_half': 21.315120584558723, 'gpp_af': 11.88838147147957, 'gpp_b': 7.347143190027874e-05, 'gpp_d': 386.85189468461914, 'ign_k': 0.14078652658623553, 'ign_c': 3.3477837361610567, 'trop_agb_crit': 2.28581614139007, 'trop_k_veg': 0.7764062388164221, 'fuel_k': 1.3496482030114938, 'fuel_half': 1.7615742871653735}. Best is trial 0 with value: -0.6070628323553574.
[I 2026-07-24 02:19:10,389] Trial 478 finished with value: -0.5373141847953956 and parameters: {'k1': 0.0012218191035962877, 'D_low': 377.5650695752772, 'k2': 0.0023715718767919635, 'D_high': 1971360.107852722, 'fire_exp': 1.9066357843242918, 'P_half': 11.673132119957971, 'pre_dampen_half': 0.6154809931335844, 'gpp_af': 23.104852832901074, 'gpp_b': 0.005752968845348583, 'gpp_d': 26.96957911315065, 'ign_k': 0.2977143533319728, 'ign_c': 1.1223620643970413, 'trop_agb_crit': 2.8196874508352896, 'trop_k_veg': 3.4438823959877864, 'fuel_k': 0.7079198514260079, 'fuel_half': 10.567302235817968}. Best is trial 0 with value: -0.6070628323553574.
[I 2026-07-24 02:19:10,800] Trial 479 finished with value: 0.629549366577678 and parameters: {'k1': 0.07650494464967479, 'D_low': 22255.649202563425, 'k2': 5.662771222440468e-05, 'D_high': 1350707.7166120068, 'fire_exp': 1.6961206892438245, 'P_half': 35.685105531093456, 'pre_dampen_half': 350.82245355547946, 'gpp_af': 2.719118824560093, 'gpp_b': 3.3727863152032342, 'gpp_d': 685.6995505261156, 'ign_k': 0.0023075158440826853, 'ign_c': 173.13568332347873, 'trop_agb_crit': 1.1055210852325417, 'trop_k_veg': 2.5421567615134744, 'fuel_k': 0.7108454862950813, 'fuel_half': 2.0631114631376786}. Best is trial 0 with value: -0.6070628323553574.
[I 2026-07-24 02:19:11,211] Trial 480 finished with value: 0.5397089330572675 and parameters: {'k1': 0.007859359995902414, 'D_low': 130.07907376292232, 'k2': 0.0017248239757559833, 'D_high': 46183.840045140314, 'fire_exp': 8.552865156111356, 'P_half': 55.46827022999131, 'pre_dampen_half': 4.0799136482484295, 'gpp_af': 2.963326523543238, 'gpp_b': 0.001569683009825382, 'gpp_d': 868.3532819085423, 'ign_k': 0.4208023341442557, 'ign_c': 0.1383743872118174, 'trop_agb_crit': 25.941538637014645, 'trop_k_veg': 0.9326418179241166, 'fuel_k': 0.14859099342532953, 'fuel_half': 3.4784163505499555}. Best is trial 0 with value: -0.6070628323553574.
[I 2026-07-24 02:19:11,640] Trial 481 finished with value: 0.5883046569943589 and parameters: {'k1': 0.0026498531568347207, 'D_low': 1.3422731072834087, 'k2': 0.000512270936819971, 'D_high': 142268.82622994104, 'fire_exp': 3.1224773377245967, 'P_half': 152.54886928200855, 'pre_dampen_half': 295.09614378452216, 'gpp_af': 0.0030834109099924243, 'gpp_b': 0.0001776191945678793, 'gpp_d': 55.658941180500456, 'ign_k': 0.48284175388885187, 'ign_c': 1.9884430652636966, 'trop_agb_crit': 7.476137955050402, 'trop_k_veg': 1.5502035139622135, 'fuel_k': 2.8065234650644952, 'fuel_half': 0.2288182051390906}. Best is trial 0 with value: -0.6070628323553574.
[I 2026-07-24 02:19:12,053] Trial 482 finished with value: 0.5929039657742575 and parameters: {'k1': 0.00022887891285682598, 'D_low': 1.21350925076502, 'k2': 0.00028774925524395223, 'D_high': 13430.116380181555, 'fire_exp': 7.057615792623433, 'P_half': 34.395172936047224, 'pre_dampen_half': 8.780329513563524, 'gpp_af': 0.28655355935825433, 'gpp_b': 0.0002755427130041743, 'gpp_d': 395.54294454015456, 'ign_k': 0.11708104326134793, 'ign_c': 0.933378042729746, 'trop_agb_crit': 29.727565164185492, 'trop_k_veg': 1.0056051608024261, 'fuel_k': 0.3541536950663782, 'fuel_half': 2.458610090731478}. Best is trial 0 with value: -0.6070628323553574.
[I 2026-07-24 02:19:12,464] Trial 483 finished with value: 0.5723558553191068 and parameters: {'k1': 0.0019063739952098271, 'D_low': 33.31808307414675, 'k2': 0.00010125053520596286, 'D_high': 15040.470462508138, 'fire_exp': 1.8472914068408215, 'P_half': 9.845111305803805, 'pre_dampen_half': 0.09722603312438705, 'gpp_af': 25.399468315133547, 'gpp_b': 1.826597832551378e-05, 'gpp_d': 321.3540800589903, 'ign_k': 3.5326201512363986, 'ign_c': 1.0404552182028006, 'trop_agb_crit': 1.022268493203368, 'trop_k_veg': 1.71358079358164, 'fuel_k': 4.888394774163269, 'fuel_half': 2.230021153849003}. Best is trial 0 with value: -0.6070628323553574.
[I 2026-07-24 02:19:12,878] Trial 484 finished with value: 0.41679508234440543 and parameters: {'k1': 0.012543147814515316, 'D_low': 1.9392656111539393, 'k2': 9.349822907774118e-05, 'D_high': 2682875.2263281792, 'fire_exp': 1.3507161287303728, 'P_half': 1.604918874347378, 'pre_dampen_half': 2.9909060895141826, 'gpp_af': 0.0855134381570251, 'gpp_b': 0.002432560819104794, 'gpp_d': 529.2965585254182, 'ign_k': 0.48287153216615225, 'ign_c': 4.0520430585941964, 'trop_agb_crit': 4.542335032160615, 'trop_k_veg': 0.8658317511504052, 'fuel_k': 0.20689754158341728, 'fuel_half': 0.14952960945245947}. Best is trial 0 with value: -0.6070628323553574.
[I 2026-07-24 02:19:13,287] Trial 485 finished with value: 0.5014721274535476 and parameters: {'k1': 0.003467613675455245, 'D_low': 1.4546316623606297, 'k2': 0.011190953911379324, 'D_high': 343763.442847731, 'fire_exp': 5.270176867889618, 'P_half': 137.9127079544917, 'pre_dampen_half': 5.26895585765541, 'gpp_af': 0.0010531268633493917, 'gpp_b': 2.9915457238093498e-05, 'gpp_d': 301.5621150936801, 'ign_k': 0.5068346264782445, 'ign_c': 10.927949715794592, 'trop_agb_crit': 17.254784821962975, 'trop_k_veg': 0.7705369669599668, 'fuel_k': 1.1593756865268952, 'fuel_half': 1.2154922127500234}. Best is trial 0 with value: -0.6070628323553574.
[I 2026-07-24 02:19:13,698] Trial 486 finished with value: 0.48731153756380485 and parameters: {'k1': 0.0002559144021278945, 'D_low': 254.06988170649234, 'k2': 0.00040809233929860964, 'D_high': 129335.62289615201, 'fire_exp': 7.041339516305501, 'P_half': 8.361936798090793, 'pre_dampen_half': 3.389833774400699, 'gpp_af': 0.2746555830587549, 'gpp_b': 9.145191848142326e-05, 'gpp_d': 997.794819479822, 'ign_k': 5.151715750932377, 'ign_c': 0.20846535596071772, 'trop_agb_crit': 14.802478089427789, 'trop_k_veg': 1.7220971447693187, 'fuel_k': 0.42074103096499255, 'fuel_half': 1.6451782299446727}. Best is trial 0 with value: -0.6070628323553574.
[I 2026-07-24 02:19:14,108] Trial 487 finished with value: 0.4691147773341837 and parameters: {'k1': 0.011364286252402935, 'D_low': 34.04117948123296, 'k2': 3.595499223451187e-05, 'D_high': 50025.937072101915, 'fire_exp': 1.1357211877160152, 'P_half': 40.18649644533489, 'pre_dampen_half': 6.097226302702373, 'gpp_af': 0.29697904883573284, 'gpp_b': 0.008017112238504435, 'gpp_d': 322.7243705399856, 'ign_k': 0.021335238984406715, 'ign_c': 2.125977277036183, 'trop_agb_crit': 2.4548385137097126, 'trop_k_veg': 2.116704903796702, 'fuel_k': 5.084462099815896, 'fuel_half': 1.3589698481262453}. Best is trial 0 with value: -0.6070628323553574.
[I 2026-07-24 02:19:14,522] Trial 488 finished with value: 0.562456361147882 and parameters: {'k1': 0.0027693270214657283, 'D_low': 8.572665245742943, 'k2': 0.0001942713547074273, 'D_high': 1395340.7543539756, 'fire_exp': 8.851634509596979, 'P_half': 145.89674271983583, 'pre_dampen_half': 31.386068579091653, 'gpp_af': 0.0015870381244442006, 'gpp_b': 0.000104684581191795, 'gpp_d': 325.568491142155, 'ign_k': 0.11882477137888685, 'ign_c': 0.4490074120537908, 'trop_agb_crit': 21.241662639323543, 'trop_k_veg': 1.5860214916539754, 'fuel_k': 0.13007409024402747, 'fuel_half': 0.5959261398134424}. Best is trial 0 with value: -0.6070628323553574.
[I 2026-07-24 02:19:14,932] Trial 489 finished with value: 0.3990199520469778 and parameters: {'k1': 0.07289116061540582, 'D_low': 6.100127469319786, 'k2': 0.000168874229409243, 'D_high': 182419.75692091143, 'fire_exp': 1.0254923650834171, 'P_half': 544.4065005122482, 'pre_dampen_half': 0.5485193425632133, 'gpp_af': 0.058361151148709135, 'gpp_b': 0.00011405503541783841, 'gpp_d': 530.7913846252075, 'ign_k': 0.04866597914423045, 'ign_c': 24.587860120583233, 'trop_agb_crit': 2.9857663261219556, 'trop_k_veg': 4.733142524545613, 'fuel_k': 5.902382226520272, 'fuel_half': 0.11614160231824368}. Best is trial 0 with value: -0.6070628323553574.
[I 2026-07-24 02:19:15,344] Trial 490 finished with value: -0.5700813328847099 and parameters: {'k1': 0.014259804568197114, 'D_low': 1.2232172836519193, 'k2': 2.2845074299107843e-05, 'D_high': 250464.94042489902, 'fire_exp': 1.4457766676263377, 'P_half': 27.80312723619767, 'pre_dampen_half': 1.2181223772056775, 'gpp_af': 0.9154491213739333, 'gpp_b': 0.06130900509474967, 'gpp_d': 59.49974414637038, 'ign_k': 4.253182607925886, 'ign_c': 3.905509592910009, 'trop_agb_crit': 2.108375428903691, 'trop_k_veg': 0.6777743690265112, 'fuel_k': 0.6463440895750984, 'fuel_half': 0.21542437303434164}. Best is trial 0 with value: -0.6070628323553574.
[I 2026-07-24 02:19:15,765] Trial 491 finished with value: 0.6445374145881376 and parameters: {'k1': 0.02168554519487901, 'D_low': 4.11091740827192, 'k2': 1.4056828035606398e-05, 'D_high': 21318.909803964678, 'fire_exp': 1.150600706497049, 'P_half': 2.2449075331542367, 'pre_dampen_half': 0.3353436327211562, 'gpp_af': 6.598114479977147, 'gpp_b': 0.04544321583133408, 'gpp_d': 374.14329234452725, 'ign_k': 9.849403268533226, 'ign_c': 46.59292489713118, 'trop_agb_crit': 2.493326138098018, 'trop_k_veg': 0.6593587055583641, 'fuel_k': 0.10256174772249456, 'fuel_half': 0.1109165225833789}. Best is trial 0 with value: -0.6070628323553574.
[I 2026-07-24 02:19:16,177] Trial 492 finished with value: 0.5993208702066806 and parameters: {'k1': 0.0018630621785664277, 'D_low': 254.46899540296744, 'k2': 0.00019360783063208166, 'D_high': 3455290.9708912345, 'fire_exp': 1.718046485220366, 'P_half': 2.011366456096252, 'pre_dampen_half': 0.525499244404688, 'gpp_af': 0.5915641632497343, 'gpp_b': 0.05112829396957249, 'gpp_d': 0.04127515472481186, 'ign_k': 1.5147442388009749, 'ign_c': 0.22388272017628735, 'trop_agb_crit': 9.068813159580122, 'trop_k_veg': 0.8946755980697928, 'fuel_k': 0.5236452074846023, 'fuel_half': 0.1974134049502618}. Best is trial 0 with value: -0.6070628323553574.
[I 2026-07-24 02:19:16,588] Trial 493 finished with value: -0.49713289372756425 and parameters: {'k1': 0.00035192056659855305, 'D_low': 4018.328045780731, 'k2': 0.00011538161557270319, 'D_high': 4644126.358026731, 'fire_exp': 1.0938982994399462, 'P_half': 1.6555274846708865, 'pre_dampen_half': 0.6467272564035592, 'gpp_af': 25.821717403972208, 'gpp_b': 6.234664193370105e-05, 'gpp_d': 13.389350372879816, 'ign_k': 0.006989571409559971, 'ign_c': 37.651535482192806, 'trop_agb_crit': 1.597461632912155, 'trop_k_veg': 1.4758243572022591, 'fuel_k': 2.490172100709441, 'fuel_half': 0.5074764733803321}. Best is trial 0 with value: -0.6070628323553574.
[I 2026-07-24 02:19:17,056] Trial 494 finished with value: 0.592460522615788 and parameters: {'k1': 0.0009939686084769132, 'D_low': 19878.765274952017, 'k2': 0.00019177738333902658, 'D_high': 42429.23789939796, 'fire_exp': 1.7719788447854734, 'P_half': 1.252589511980161, 'pre_dampen_half': 3.4856200784824787, 'gpp_af': 0.4170292453341362, 'gpp_b': 0.06813778302588477, 'gpp_d': 7.533303804245978, 'ign_k': 0.2642052068595538, 'ign_c': 0.8922978951751043, 'trop_agb_crit': 2.8662691424876203, 'trop_k_veg': 1.8139901358520159, 'fuel_k': 0.658189997818001, 'fuel_half': 2.325369976076951}. Best is trial 0 with value: -0.6070628323553574.
[I 2026-07-24 02:19:17,471] Trial 495 finished with value: 0.5204567075288301 and parameters: {'k1': 0.025206475095743162, 'D_low': 1.0447275027847007, 'k2': 7.308285911726931e-05, 'D_high': 36714.18135721803, 'fire_exp': 1.495408375518406, 'P_half': 244.05565292645278, 'pre_dampen_half': 6.42288250749318, 'gpp_af': 1.4143356954908934, 'gpp_b': 0.026743296646216944, 'gpp_d': 29.180297522933927, 'ign_k': 0.5846418391446636, 'ign_c': 20.41419758107628, 'trop_agb_crit': 1.477725762135792, 'trop_k_veg': 0.505458163011309, 'fuel_k': 0.9729733108530404, 'fuel_half': 0.20452197540675282}. Best is trial 0 with value: -0.6070628323553574.
[I 2026-07-24 02:19:17,882] Trial 496 finished with value: 0.43242279466754796 and parameters: {'k1': 0.003944611118052895, 'D_low': 31.171332620102632, 'k2': 2.259988007636056e-05, 'D_high': 4469590.207882223, 'fire_exp': 1.484990394106858, 'P_half': 16.19798656884196, 'pre_dampen_half': 0.2982997143063387, 'gpp_af': 1.6490598419231535, 'gpp_b': 0.03229554239988544, 'gpp_d': 501.8589090711459, 'ign_k': 0.17096759142030132, 'ign_c': 25.494342646978648, 'trop_agb_crit': 1.9116073244980665, 'trop_k_veg': 1.4012740880870016, 'fuel_k': 5.248731172803561, 'fuel_half': 0.15945613058936317}. Best is trial 0 with value: -0.6070628323553574.
[I 2026-07-24 02:19:18,290] Trial 497 finished with value: 0.5852018726198085 and parameters: {'k1': 0.016902516227609132, 'D_low': 18.94793768154202, 'k2': 1.3274816115118882e-05, 'D_high': 298480.41546618566, 'fire_exp': 2.8276274948915283, 'P_half': 2.2807325706355526, 'pre_dampen_half': 1.0798290540570852, 'gpp_af': 0.24471603312056886, 'gpp_b': 0.13414987146336857, 'gpp_d': 987.9430674372312, 'ign_k': 0.01969477525193923, 'ign_c': 2.4927377187617017, 'trop_agb_crit': 3.5914083834784094, 'trop_k_veg': 2.434748870449793, 'fuel_k': 1.861152727297909, 'fuel_half': 1.6899992867659042}. Best is trial 0 with value: -0.6070628323553574.
[I 2026-07-24 02:19:18,702] Trial 498 finished with value: 0.6102314637235229 and parameters: {'k1': 0.0009769093460055718, 'D_low': 20.231146471969737, 'k2': 0.01246259905722654, 'D_high': 884.4548202195274, 'fire_exp': 3.95338916158294, 'P_half': 440.18206597769955, 'pre_dampen_half': 70.38005882602317, 'gpp_af': 0.028962849811639196, 'gpp_b': 1.6203420886482497e-05, 'gpp_d': 135.64539674365778, 'ign_k': 4.343993805889852, 'ign_c': 0.3676210330628494, 'trop_agb_crit': 27.81352456906424, 'trop_k_veg': 0.9543917148345508, 'fuel_k': 4.517278252071988, 'fuel_half': 0.21572636720771513}. Best is trial 0 with value: -0.6070628323553574.
[I 2026-07-24 02:19:19,111] Trial 499 finished with value: 0.5645645188205288 and parameters: {'k1': 0.00912436732709877, 'D_low': 86.43928945467717, 'k2': 1.4458026527998405e-05, 'D_high': 5338155.475121069, 'fire_exp': 1.6046402696206201, 'P_half': 40.89433821051801, 'pre_dampen_half': 0.4115654517831476, 'gpp_af': 0.02185895721784469, 'gpp_b': 0.015240956080563917, 'gpp_d': 983.3593939039004, 'ign_k': 0.006671687270874457, 'ign_c': 34.29732777181098, 'trop_agb_crit': 1.3397853436408644, 'trop_k_veg': 5.749510847308412, 'fuel_k': 4.9413734303216925, 'fuel_half': 2.132383584401672}. Best is trial 0 with value: -0.6070628323553574.
[I 2026-07-24 02:19:19,527] Trial 500 finished with value: 0.5390640167746301 and parameters: {'k1': 0.021522388060775537, 'D_low': 3.4323589288911713, 'k2': 0.002793417998347668, 'D_high': 93059.1220154153, 'fire_exp': 2.0317057135365864, 'P_half': 344.34789379632815, 'pre_dampen_half': 206.83795030526414, 'gpp_af': 0.09878671192756398, 'gpp_b': 2.683257909096166e-05, 'gpp_d': 587.1629743345476, 'ign_k': 1.8792416099477147, 'ign_c': 9.834335196620804, 'trop_agb_crit': 13.78610001806252, 'trop_k_veg': 0.8469712369802553, 'fuel_k': 3.4335373702266643, 'fuel_half': 1.058363097396067}. Best is trial 0 with value: -0.6070628323553574.
[I 2026-07-24 02:19:19,938] Trial 501 finished with value: 0.6039931124550817 and parameters: {'k1': 0.00010959935557099224, 'D_low': 47876.731558712454, 'k2': 0.0012671644506818526, 'D_high': 9106344.200904975, 'fire_exp': 6.244302649861799, 'P_half': 3.027333667352724, 'pre_dampen_half': 0.6856534659384574, 'gpp_af': 0.014547152291838615, 'gpp_b': 0.00030087233540754385, 'gpp_d': 48.4970177625712, 'ign_k': 6.1366529940488315, 'ign_c': 0.7244226400299438, 'trop_agb_crit': 6.679345248672677, 'trop_k_veg': 0.7231899831717357, 'fuel_k': 1.1647110159182326, 'fuel_half': 0.14640083143836952}. Best is trial 0 with value: -0.6070628323553574.
[I 2026-07-24 02:19:20,358] Trial 502 finished with value: -0.5586852072372931 and parameters: {'k1': 0.04735137293078818, 'D_low': 2.640784065808251, 'k2': 0.00016175557290979081, 'D_high': 88890.58023612635, 'fire_exp': 1.8831969333325056, 'P_half': 44.51627952835088, 'pre_dampen_half': 2.573371662146597, 'gpp_af': 0.049978159649033745, 'gpp_b': 0.015977777989316957, 'gpp_d': 91.40295861965323, 'ign_k': 3.3330035007774947, 'ign_c': 1.8959812088132022, 'trop_agb_crit': 4.949789475332342, 'trop_k_veg': 0.5630560621734778, 'fuel_k': 2.8282131143132383, 'fuel_half': 0.9397145914157672}. Best is trial 0 with value: -0.6070628323553574.
[I 2026-07-24 02:19:20,773] Trial 503 finished with value: 0.531306399770084 and parameters: {'k1': 0.014741586474709004, 'D_low': 29.041000100255992, 'k2': 5.604995674086576e-05, 'D_high': 116063.55317671802, 'fire_exp': 2.074374426674905, 'P_half': 926.585414707236, 'pre_dampen_half': 14.930339483068396, 'gpp_af': 0.8347723801073098, 'gpp_b': 0.24579065785036736, 'gpp_d': 332.39012466285754, 'ign_k': 8.508298992758201, 'ign_c': 2.836488385594235, 'trop_agb_crit': 17.62764567131975, 'trop_k_veg': 0.6687951547019091, 'fuel_k': 1.0586083043699808, 'fuel_half': 1.2212136896974652}. Best is trial 0 with value: -0.6070628323553574.
[I 2026-07-24 02:19:21,187] Trial 504 finished with value: 0.5951572359605832 and parameters: {'k1': 0.024015591189531595, 'D_low': 349.39731676337715, 'k2': 6.150499505539516e-05, 'D_high': 6391.766547937098, 'fire_exp': 1.3853076017088801, 'P_half': 5.554549089540522, 'pre_dampen_half': 4.132875334084156, 'gpp_af': 0.7305338855691473, 'gpp_b': 0.007800484071241276, 'gpp_d': 104.29658783548628, 'ign_k': 0.3883405883034011, 'ign_c': 27.427680148267022, 'trop_agb_crit': 12.947850373190827, 'trop_k_veg': 0.6210033539163193, 'fuel_k': 0.03959631400303712, 'fuel_half': 0.3399248170413711}. Best is trial 0 with value: -0.6070628323553574.
[I 2026-07-24 02:19:21,603] Trial 505 finished with value: 0.6144843526378994 and parameters: {'k1': 0.05788565130921324, 'D_low': 135.4519329660207, 'k2': 0.0003707500101947165, 'D_high': 8193.536633089534, 'fire_exp': 2.0381178939827698, 'P_half': 26.985952487516034, 'pre_dampen_half': 4.264882103981371, 'gpp_af': 0.005258447424733631, 'gpp_b': 0.015712158572065975, 'gpp_d': 26.425058794719778, 'ign_k': 1.2570782856495983, 'ign_c': 25.7703825934103, 'trop_agb_crit': 3.2674361102702623, 'trop_k_veg': 1.1526444032913394, 'fuel_k': 2.092028613382819, 'fuel_half': 1.4470850993220965}. Best is trial 0 with value: -0.6070628323553574.
[I 2026-07-24 02:19:22,022] Trial 506 finished with value: 0.6093742701699133 and parameters: {'k1': 0.0009888632211804361, 'D_low': 3.668930732682892, 'k2': 0.00011871951265128785, 'D_high': 681.9439038675304, 'fire_exp': 2.3727714066044703, 'P_half': 247.44586967548884, 'pre_dampen_half': 11.132727241201232, 'gpp_af': 0.08183041925772681, 'gpp_b': 0.6744939178053849, 'gpp_d': 30.481625864570567, 'ign_k': 5.897679331725169, 'ign_c': 0.9329187670868969, 'trop_agb_crit': 3.592385507778511, 'trop_k_veg': 1.1628671238055215, 'fuel_k': 0.18704868969976324, 'fuel_half': 0.21951098150860018}. Best is trial 0 with value: -0.6070628323553574.
[I 2026-07-24 02:19:22,433] Trial 507 finished with value: 0.603546263521806 and parameters: {'k1': 0.06431039559154646, 'D_low': 7.399510139516987, 'k2': 0.00015830311235743116, 'D_high': 267294.0303567222, 'fire_exp': 2.104196221465409, 'P_half': 228.95797722254204, 'pre_dampen_half': 1.3544650132219092, 'gpp_af': 0.011169776930200423, 'gpp_b': 0.29725257491641927, 'gpp_d': 4.590472890002751, 'ign_k': 3.595022073367948, 'ign_c': 0.34879395891233617, 'trop_agb_crit': 2.0655407108940036, 'trop_k_veg': 0.7052653517257516, 'fuel_k': 0.8775181435789408, 'fuel_half': 0.37801855913753657}. Best is trial 0 with value: -0.6070628323553574.
[I 2026-07-24 02:19:22,846] Trial 508 finished with value: 0.6187564309510489 and parameters: {'k1': 0.040602532180855286, 'D_low': 8.932619357147678, 'k2': 0.0008672259361267222, 'D_high': 3386216.0619390635, 'fire_exp': 1.9334069769704627, 'P_half': 461.17502823897235, 'pre_dampen_half': 19.25091491673395, 'gpp_af': 0.01232705833938807, 'gpp_b': 0.26369038142396145, 'gpp_d': 272.0858249441183, 'ign_k': 4.344741368737703, 'ign_c': 20.719206139192472, 'trop_agb_crit': 5.114087064939616, 'trop_k_veg': 0.6393333888480279, 'fuel_k': 1.6833170023726034, 'fuel_half': 3.4542201140484385}. Best is trial 0 with value: -0.6070628323553574.
