[I 2026-06-10 22:26:34,142] Trial 191 finished with values: [10.317734289779807, 10.317734289779807] and parameters: {'k1': 0.0869690639641868, 'D_low': 1.4002277211577039, 'k2': 0.0007731571570012607, 'D_high': 949.9072859745386, 'fire_exp': 1.1633452995374232, 'P_half': 157.80309954142965, 'pre_dampen_half': 9.044346216330972, 'gpp_af': 0.09885838682552685, 'gpp_b': 0.004411400434514031, 'gpp_d': 1.0088237648985734, 'ign_k': 0.17320535908244444, 'ign_c': 0.10435856341129002, 'trop_agb_crit': 1.8566494291193822, 'trop_k_veg': 6.825463866194253, 'fire_amp': 2.6192385880432525}.
[I 2026-06-10 22:26:35,593] Trial 192 finished with values: [10.78430062300291, 10.78430062300291] and parameters: {'k1': 0.016973078532467004, 'D_low': 17.65404805249507, 'k2': 0.0012030178871154666, 'D_high': 27.55546207779663, 'fire_exp': 1.5305744365500176, 'P_half': 51.10120656497163, 'pre_dampen_half': 123.04779330083686, 'gpp_af': 49.830438374949125, 'gpp_b': 0.015062722325200045, 'gpp_d': 20.81401325574021, 'ign_k': 0.002357279455676982, 'ign_c': 388.02797007866826, 'trop_agb_crit': 24.199763404822136, 'trop_k_veg': 1.2749676887479542, 'fire_amp': 1.7912500010961188}.
[I 2026-06-10 22:26:37,025] Trial 193 finished with values: [11.687526021005487, 11.687526021005487] and parameters: {'k1': 0.003968136435370146, 'D_low': 1.4002277211577039, 'k2': 0.0007731571570012607, 'D_high': 42210.21267871043, 'fire_exp': 1.1633452995374232, 'P_half': 157.80309954142965, 'pre_dampen_half': 10.931606102061748, 'gpp_af': 0.2204465010099918, 'gpp_b': 2.176805640408474e-05, 'gpp_d': 0.03927259340973166, 'ign_k': 0.0029519227433917453, 'ign_c': 39.52220881906114, 'trop_agb_crit': 12.647327018493208, 'trop_k_veg': 6.825463866194253, 'fire_amp': 5.606809127618709}.
[I 2026-06-10 22:26:38,363] Trial 194 finished with values: [10.808848383453252, 10.808848383453252] and parameters: {'k1': 0.012840669372724958, 'D_low': 171.2446447678494, 'k2': 0.0011239682517242113, 'D_high': 949.9072859745386, 'fire_exp': 1.2918065501148304, 'P_half': 4.213183643253957, 'pre_dampen_half': 0.011396414164620812, 'gpp_af': 0.2204465010099918, 'gpp_b': 2.176805640408474e-05, 'gpp_d': 0.1423472425072452, 'ign_k': 0.0029519227433917453, 'ign_c': 39.52220881906114, 'trop_agb_crit': 1.0693376406863295, 'trop_k_veg': 0.6673124511410327, 'fire_amp': 2.6192385880432525}.
[I 2026-06-10 22:26:39,556] Trial 195 finished with values: [10.507913239263813, 10.507913239263813] and parameters: {'k1': 0.0001887567630782227, 'D_low': 5.08290658294838, 'k2': 0.0010726091927327822, 'D_high': 18108.14362107968, 'fire_exp': 1.9136159174067866, 'P_half': 277.00025557434554, 'pre_dampen_half': 269.0845367054866, 'gpp_af': 0.8057329182285734, 'gpp_b': 0.049565458633074926, 'gpp_d': 47.35384181058586, 'ign_k': 0.13500744867919376, 'ign_c': 1.3431925993528124, 'trop_agb_crit': 3.1419938725278875, 'trop_k_veg': 4.0068236274914755, 'fire_amp': 1.1202509284327942}.
[I 2026-06-10 22:26:40,777] Trial 196 finished with values: [-0.5470514893403194, 0.1571967405054978] and parameters: {'k1': 0.00031134168041628584, 'D_low': 12.105387404469584, 'k2': 0.003767022142229395, 'D_high': 431.45617043093523, 'fire_exp': 1.0601964743503993, 'P_half': 5.4712187293420325, 'pre_dampen_half': 121.93011993958949, 'gpp_af': 0.07118041471054574, 'gpp_b': 1.4540386644083135e-05, 'gpp_d': 0.12878367369717508, 'ign_k': 0.00840038491455979, 'ign_c': 0.7619822175388142, 'trop_agb_crit': 1.0693376406863295, 'trop_k_veg': 0.6673124511410327, 'fire_amp': 4.19233232783727}.
[I 2026-06-10 22:26:41,967] Trial 197 finished with values: [10.761190286759504, 10.761190286759504] and parameters: {'k1': 0.012840669372724958, 'D_low': 171.2446447678494, 'k2': 5.5686900831970225e-05, 'D_high': 36998.679204890876, 'fire_exp': 4.2769938521987285, 'P_half': 93.43302657318476, 'pre_dampen_half': 30.697381831179275, 'gpp_af': 0.2204465010099918, 'gpp_b': 2.176805640408474e-05, 'gpp_d': 79.05373031352391, 'ign_k': 0.0029519227433917453, 'ign_c': 39.52220881906114, 'trop_agb_crit': 12.647327018493208, 'trop_k_veg': 2.520089655463604, 'fire_amp': 5.606809127618709}.
[I 2026-06-10 22:26:43,246] Trial 198 finished with values: [10.253204480246197, 10.253204480246197] and parameters: {'k1': 5.7909642338812115e-05, 'D_low': 1.4002277211577039, 'k2': 0.0012030178871154666, 'D_high': 27.55546207779663, 'fire_exp': 1.1633452995374232, 'P_half': 51.10120656497163, 'pre_dampen_half': 123.04779330083686, 'gpp_af': 0.41874665092828456, 'gpp_b': 0.004411400434514031, 'gpp_d': 1.0088237648985734, 'ign_k': 0.002357279455676982, 'ign_c': 0.4177928311636542, 'trop_agb_crit': 24.199763404822136, 'trop_k_veg': 1.2749676887479542, 'fire_amp': 5.44779717154213}.
[I 2026-06-10 22:26:44,559] Trial 199 finished with values: [10.703660082089563, 10.703660082089563] and parameters: {'k1': 0.032270237615157994, 'D_low': 148.21691630007544, 'k2': 0.0007731571570012607, 'D_high': 570.8731724249576, 'fire_exp': 1.1633452995374232, 'P_half': 70.91190338709636, 'pre_dampen_half': 1.8469033699850426, 'gpp_af': 0.41874665092828456, 'gpp_b': 0.0012611058927054877, 'gpp_d': 545.0253444559129, 'ign_k': 3.965503094323014, 'ign_c': 0.4177928311636542, 'trop_agb_crit': 5.588032458772675, 'trop_k_veg': 6.172643383211297, 'fire_amp': 1.032981306188127}.
[I 2026-06-10 22:26:45,885] Trial 200 finished with values: [-0.45137584805277264, 0.6232841599922152] and parameters: {'k1': 0.0001887567630782227, 'D_low': 171.2446447678494, 'k2': 0.0004976087827261435, 'D_high': 42210.21267871043, 'fire_exp': 1.2918065501148304, 'P_half': 277.00025557434554, 'pre_dampen_half': 269.0845367054866, 'gpp_af': 0.8057329182285734, 'gpp_b': 2.176805640408474e-05, 'gpp_d': 0.03927259340973166, 'ign_k': 0.13500744867919376, 'ign_c': 0.17036120617148395, 'trop_agb_crit': 12.647327018493208, 'trop_k_veg': 4.0068236274914755, 'fire_amp': 1.1202509284327942}.
[I 2026-06-10 22:26:47,109] Trial 201 finished with values: [10.579370135584362, 10.579370135584362] and parameters: {'k1': 0.0032360993995751053, 'D_low': 408.3047491580097, 'k2': 0.0001280886335404798, 'D_high': 1817.0401889219124, 'fire_exp': 1.811096651915224, 'P_half': 83.08114652888392, 'pre_dampen_half': 1.3833139021965035, 'gpp_af': 0.41874665092828456, 'gpp_b': 0.00031478066835753096, 'gpp_d': 700.6693992445935, 'ign_k': 0.17320535908244444, 'ign_c': 0.4177928311636542, 'trop_agb_crit': 1.0693376406863295, 'trop_k_veg': 5.636143940068465, 'fire_amp': 5.831305332032283}.
[I 2026-06-10 22:26:48,316] Trial 202 finished with values: [10.830378445324682, 10.830378445324682] and parameters: {'k1': 0.03648456083047798, 'D_low': 148.21691630007544, 'k2': 0.0001016707987819611, 'D_high': 570.8731724249576, 'fire_exp': 2.3820146568432237, 'P_half': 70.91190338709636, 'pre_dampen_half': 8.259599205585761, 'gpp_af': 0.060029341913968644, 'gpp_b': 0.00012118589392553798, 'gpp_d': 1.4397852866783676, 'ign_k': 0.0032383308053152635, 'ign_c': 342.8810943862522, 'trop_agb_crit': 12.9667438075127, 'trop_k_veg': 2.99731137426955, 'fire_amp': 1.032981306188127}.
[I 2026-06-10 22:26:49,536] Trial 203 finished with values: [10.807086171471994, 10.807086171471994] and parameters: {'k1': 0.0001887567630782227, 'D_low': 347.03605955441515, 'k2': 1.5178052094448868e-05, 'D_high': 18108.14362107968, 'fire_exp': 1.811096651915224, 'P_half': 277.00025557434554, 'pre_dampen_half': 121.93011993958949, 'gpp_af': 1.9654778690222015, 'gpp_b': 0.049565458633074926, 'gpp_d': 0.1619054449471649, 'ign_k': 0.13500744867919376, 'ign_c': 0.1276571787395169, 'trop_agb_crit': 21.380932890222198, 'trop_k_veg': 6.778288138489648, 'fire_amp': 1.8357623383234334}.
[I 2026-06-10 22:26:50,824] Trial 204 finished with values: [10.36607092379221, 10.36607092379221] and parameters: {'k1': 5.7909642338812115e-05, 'D_low': 2267.735223551285, 'k2': 0.0007731571570012607, 'D_high': 1817.0401889219124, 'fire_exp': 1.1633452995374232, 'P_half': 118.94665366442581, 'pre_dampen_half': 435.2726865811943, 'gpp_af': 94.30595410350193, 'gpp_b': 0.004411400434514031, 'gpp_d': 1.0088237648985734, 'ign_k': 0.17320535908244444, 'ign_c': 0.4177928311636542, 'trop_agb_crit': 1.8566494291193822, 'trop_k_veg': 0.8097682578073301, 'fire_amp': 2.6192385880432525}.
[I 2026-06-10 22:26:52,263] Trial 205 finished with values: [10.761067712816635, 10.761067712816635] and parameters: {'k1': 0.0004846497679219079, 'D_low': 148.21691630007544, 'k2': 1.5178052094448868e-05, 'D_high': 69868.4759244566, 'fire_exp': 1.2060040899560858, 'P_half': 102.93072560417136, 'pre_dampen_half': 191.62369310763663, 'gpp_af': 29.700320404259642, 'gpp_b': 0.010307896803108956, 'gpp_d': 1.4397852866783676, 'ign_k': 0.03845635122720663, 'ign_c': 22.126836566118193, 'trop_agb_crit': 7.332660227137139, 'trop_k_veg': 6.030247256556128, 'fire_amp': 3.890668402773863}.
[I 2026-06-10 22:26:53,618] Trial 206 finished with values: [10.732667308646791, 10.732667308646791] and parameters: {'k1': 0.014666151770108535, 'D_low': 2267.735223551285, 'k2': 1.5178052094448868e-05, 'D_high': 949.9072859745386, 'fire_exp': 1.811096651915224, 'P_half': 157.80309954142965, 'pre_dampen_half': 121.93011993958949, 'gpp_af': 1.9654778690222015, 'gpp_b': 2.1309331861011757e-05, 'gpp_d': 0.1619054449471649, 'ign_k': 0.0037322156377670697, 'ign_c': 111.18405953132105, 'trop_agb_crit': 8.188098178380693, 'trop_k_veg': 3.4439936249445045, 'fire_amp': 1.8357623383234334}.
[I 2026-06-10 22:26:54,802] Trial 207 finished with values: [10.801920083413417, 10.801920083413417] and parameters: {'k1': 0.0001887567630782227, 'D_low': 1.4002277211577039, 'k2': 0.0010726091927327822, 'D_high': 18108.14362107968, 'fire_exp': 1.1633452995374232, 'P_half': 277.00025557434554, 'pre_dampen_half': 0.058813839452486964, 'gpp_af': 0.8057329182285734, 'gpp_b': 0.004411400434514031, 'gpp_d': 1.0088237648985734, 'ign_k': 0.13500744867919376, 'ign_c': 0.10435856341129002, 'trop_agb_crit': 1.8566494291193822, 'trop_k_veg': 6.825463866194253, 'fire_amp': 1.1202509284327942}.
[I 2026-06-10 22:26:56,038] Trial 208 finished with values: [10.800636502968876, 10.800636502968876] and parameters: {'k1': 0.032270237615157994, 'D_low': 1.4002277211577039, 'k2': 0.0001016707987819611, 'D_high': 18337.177967709995, 'fire_exp': 2.3820146568432237, 'P_half': 1265.0580856641704, 'pre_dampen_half': 0.13249602803264168, 'gpp_af': 42.29037995744429, 'gpp_b': 0.00012118589392553798, 'gpp_d': 545.0253444559129, 'ign_k': 0.17320535908244444, 'ign_c': 0.4177928311636542, 'trop_agb_crit': 5.588032458772675, 'trop_k_veg': 5.453348988480011, 'fire_amp': 5.44779717154213}.
[I 2026-06-10 22:26:57,270] Trial 209 finished with values: [10.525980578181795, 10.525980578181795] and parameters: {'k1': 0.0869690639641868, 'D_low': 2267.735223551285, 'k2': 7.857247967427128e-05, 'D_high': 42.242359735170886, 'fire_exp': 1.4081947723562425, 'P_half': 118.94665366442581, 'pre_dampen_half': 9.044346216330972, 'gpp_af': 96.4653310890222, 'gpp_b': 0.01666658176842624, 'gpp_d': 594.7389794988394, 'ign_k': 1.6270983114897255, 'ign_c': 16.497426799845446, 'trop_agb_crit': 2.0420012944047587, 'trop_k_veg': 1.6003641872536711, 'fire_amp': 2.6192385880432525}.
[I 2026-06-10 22:26:58,596] Trial 210 finished with values: [12.958058040119509, 12.958058040119509] and parameters: {'k1': 0.0032360993995751053, 'D_low': 1739.6167422846984, 'k2': 0.02939607009739149, 'D_high': 44974.07193749848, 'fire_exp': 3.2459542834651627, 'P_half': 101.40635645866499, 'pre_dampen_half': 98.05638874011484, 'gpp_af': 0.41874665092828456, 'gpp_b': 1.4540386644083135e-05, 'gpp_d': 95.2715755007094, 'ign_k': 0.17320535908244444, 'ign_c': 0.4177928311636542, 'trop_agb_crit': 3.5874145253515306, 'trop_k_veg': 5.636143940068465, 'fire_amp': 5.831305332032283}.
[I 2026-06-10 22:27:00,277] Trial 211 finished with values: [10.57238990572965, 10.57238990572965] and parameters: {'k1': 0.0001887567630782227, 'D_low': 50.32059347286801, 'k2': 0.0010726091927327822, 'D_high': 1266.9536563782303, 'fire_exp': 1.9136159174067866, 'P_half': 1.4551749476072258, 'pre_dampen_half': 189.36639872354493, 'gpp_af': 0.9219336658511308, 'gpp_b': 5.0875243087016374e-05, 'gpp_d': 7.631016235941559, 'ign_k': 0.09256855841989636, 'ign_c': 7.832259769732471, 'trop_agb_crit': 3.1419938725278875, 'trop_k_veg': 4.0068236274914755, 'fire_amp': 1.4475279918261055}.
[I 2026-06-10 22:27:01,787] Trial 212 finished with values: [10.81338327559214, 10.81338327559214] and parameters: {'k1': 0.00031134168041628584, 'D_low': 1.7551403048208316, 'k2': 0.002090955698118952, 'D_high': 32311.521854410956, 'fire_exp': 1.811096651915224, 'P_half': 2834.090429514774, 'pre_dampen_half': 33.71909132517384, 'gpp_af': 0.07118041471054574, 'gpp_b': 1.4540386644083135e-05, 'gpp_d': 0.3588488911386258, 'ign_k': 0.002357279455676982, 'ign_c': 7.081721844034206, 'trop_agb_crit': 12.708819454040446, 'trop_k_veg': 0.5535297685306277, 'fire_amp': 1.5719333351012774}.
[I 2026-06-10 22:27:07,113] Trial 213 finished with values: [10.801434460355727, 10.801434460355727] and parameters: {'k1': 0.012840669372724958, 'D_low': 6010.742028864748, 'k2': 0.00037358626308127543, 'D_high': 36998.679204890876, 'fire_exp': 1.2344878997299724, 'P_half': 2834.090429514774, 'pre_dampen_half': 1.8469033699850426, 'gpp_af': 3.298293484806585, 'gpp_b': 2.176805640408474e-05, 'gpp_d': 0.3588488911386258, 'ign_k': 0.09256855841989636, 'ign_c': 0.4177928311636542, 'trop_agb_crit': 4.902399583903479, 'trop_k_veg': 5.85168037586392, 'fire_amp': 2.330529660087218}.
[I 2026-06-10 22:27:10,080] Trial 214 finished with values: [10.603775113414335, 10.603775113414335] and parameters: {'k1': 0.0004846497679219079, 'D_low': 15.0613200804335, 'k2': 0.019383858782150494, 'D_high': 69868.4759244566, 'fire_exp': 1.2060040899560858, 'P_half': 45.55085098454082, 'pre_dampen_half': 123.04779330083686, 'gpp_af': 20.12115544906385, 'gpp_b': 1.1008110571039521e-05, 'gpp_d': 3.57879245350232, 'ign_k': 0.0467351899956275, 'ign_c': 99.96359851911319, 'trop_agb_crit': 1.5033346993841157, 'trop_k_veg': 6.030247256556128, 'fire_amp': 5.416595007374148}.
[I 2026-06-10 22:27:12,207] Trial 215 finished with values: [10.833333333148357, 10.833333333148357] and parameters: {'k1': 0.0001887567630782227, 'D_low': 1739.6167422846984, 'k2': 0.01567230746060024, 'D_high': 44974.07193749848, 'fire_exp': 7.541554304668537, 'P_half': 101.40635645866499, 'pre_dampen_half': 98.05638874011484, 'gpp_af': 0.8057329182285734, 'gpp_b': 0.16285506249643175, 'gpp_d': 0.21281400894533783, 'ign_k': 0.003296550135838091, 'ign_c': 2.2489542843914485, 'trop_agb_crit': 3.1419938725278875, 'trop_k_veg': 0.6488368931910606, 'fire_amp': 1.1202509284327942}.
[I 2026-06-10 22:27:13,986] Trial 216 finished with values: [10.023185165028671, 10.023185165028671] and parameters: {'k1': 0.00023134781612225627, 'D_low': 1.7551403048208316, 'k2': 0.0011135501184757278, 'D_high': 42210.21267871043, 'fire_exp': 1.2918065501148304, 'P_half': 61.6097529474144, 'pre_dampen_half': 121.93011993958949, 'gpp_af': 27.78052183438328, 'gpp_b': 0.00031478066835753096, 'gpp_d': 0.7698760608299932, 'ign_k': 0.002357279455676982, 'ign_c': 7.081721844034206, 'trop_agb_crit': 2.0527418919564324, 'trop_k_veg': 2.520089655463604, 'fire_amp': 1.5719333351012774}.
[I 2026-06-10 22:27:15,489] Trial 217 finished with values: [10.833333333148357, 10.833333333148357] and parameters: {'k1': 0.00026539376439360527, 'D_low': 43.2326421037033, 'k2': 0.0001016707987819611, 'D_high': 570.8731724249576, 'fire_exp': 1.4690410989404576, 'P_half': 12.262543158860007, 'pre_dampen_half': 903.3231300044874, 'gpp_af': 42.29037995744429, 'gpp_b': 0.00012118589392553798, 'gpp_d': 545.0253444559129, 'ign_k': 0.8945150807271531, 'ign_c': 664.6698709242512, 'trop_agb_crit': 1.8023542850487386, 'trop_k_veg': 6.172643383211297, 'fire_amp': 1.032981306188127}.
[I 2026-06-10 22:27:17,021] Trial 218 finished with values: [10.826364907787262, 10.826364907787262] and parameters: {'k1': 5.7909642338812115e-05, 'D_low': 2808.7330790064375, 'k2': 0.0004976087827261435, 'D_high': 42210.21267871043, 'fire_exp': 1.5191397119156032, 'P_half': 45.55085098454082, 'pre_dampen_half': 8.259599205585761, 'gpp_af': 0.2204465010099918, 'gpp_b': 0.7196087713577951, 'gpp_d': 0.39400557434451433, 'ign_k': 0.0018548376790967168, 'ign_c': 22.126836566118193, 'trop_agb_crit': 12.647327018493208, 'trop_k_veg': 2.520089655463604, 'fire_amp': 5.606809127618709}.
[I 2026-06-10 22:27:18,460] Trial 219 finished with values: [10.628452826857762, 10.628452826857762] and parameters: {'k1': 0.006079905434073396, 'D_low': 450.9719064153485, 'k2': 0.0001016707987819611, 'D_high': 69868.4759244566, 'fire_exp': 1.7792742686803427, 'P_half': 157.3644610977214, 'pre_dampen_half': 8.259599205585761, 'gpp_af': 1.9998014714101113, 'gpp_b': 0.00047819318414852577, 'gpp_d': 0.39400557434451433, 'ign_k': 0.0018548376790967168, 'ign_c': 22.126836566118193, 'trop_agb_crit': 8.0091368834625, 'trop_k_veg': 1.6003641872536711, 'fire_amp': 1.5587346124822492}.
[I 2026-06-10 22:27:19,818] Trial 220 finished with values: [10.749797589233488, 10.749797589233488] and parameters: {'k1': 0.012840669372724958, 'D_low': 1.7551403048208316, 'k2': 0.0001280886335404798, 'D_high': 42210.21267871043, 'fire_exp': 1.811096651915224, 'P_half': 61.6097529474144, 'pre_dampen_half': 4.603480758878793, 'gpp_af': 0.016306190741524337, 'gpp_b': 0.0004125336560355494, 'gpp_d': 0.7698760608299932, 'ign_k': 0.0029519227433917453, 'ign_c': 1.9423015749984096, 'trop_agb_crit': 2.0527418919564324, 'trop_k_veg': 2.520089655463604, 'fire_amp': 1.2393473789150806}.
[I 2026-06-10 22:27:21,173] Trial 221 finished with values: [10.23132414466872, 10.23132414466872] and parameters: {'k1': 0.00026539376439360527, 'D_low': 2396.0796124300746, 'k2': 0.003767022142229395, 'D_high': 431.45617043093523, 'fire_exp': 1.111738490499784, 'P_half': 4.213183643253957, 'pre_dampen_half': 189.36639872354493, 'gpp_af': 3.298293484806585, 'gpp_b': 0.006999112505425414, 'gpp_d': 47.35384181058586, 'ign_k': 0.09256855841989636, 'ign_c': 1.3431925993528124, 'trop_agb_crit': 1.8023542850487386, 'trop_k_veg': 1.6648666152166967, 'fire_amp': 2.042193818779288}.
[I 2026-06-10 22:27:22,440] Trial 222 finished with values: [10.832687253113134, 10.832687253113134] and parameters: {'k1': 0.004177995063991521, 'D_low': 12.105387404469584, 'k2': 0.003767022142229395, 'D_high': 431.45617043093523, 'fire_exp': 1.0601964743503993, 'P_half': 4.213183643253957, 'pre_dampen_half': 0.011396414164620812, 'gpp_af': 1.9706963379095486, 'gpp_b': 1.4540386644083135e-05, 'gpp_d': 0.12878367369717508, 'ign_k': 0.15974581244256694, 'ign_c': 48.704711413416454, 'trop_agb_crit': 1.0693376406863295, 'trop_k_veg': 0.6673124511410327, 'fire_amp': 4.19233232783727}.
[I 2026-06-10 22:27:23,706] Trial 223 finished with values: [10.61357029676252, 10.61357029676252] and parameters: {'k1': 0.00026539376439360527, 'D_low': 2396.0796124300746, 'k2': 0.003767022142229395, 'D_high': 431.45617043093523, 'fire_exp': 1.0601964743503993, 'P_half': 4.213183643253957, 'pre_dampen_half': 30.456909077772018, 'gpp_af': 3.298293484806585, 'gpp_b': 1.4540386644083135e-05, 'gpp_d': 0.030844007727232167, 'ign_k': 0.09256855841989636, 'ign_c': 1.3431925993528124, 'trop_agb_crit': 1.8023542850487386, 'trop_k_veg': 0.6363741063482814, 'fire_amp': 4.19233232783727}.
[I 2026-06-10 22:27:25,043] Trial 224 finished with values: [10.812626939952128, 10.812626939952128] and parameters: {'k1': 5.178197947282869e-05, 'D_low': 408.3047491580097, 'k2': 5.153993511603138e-05, 'D_high': 69868.4759244566, 'fire_exp': 1.4081947723562425, 'P_half': 45.55085098454082, 'pre_dampen_half': 0.02671457936585047, 'gpp_af': 96.4653310890222, 'gpp_b': 0.002416023630607169, 'gpp_d': 21.899070557043984, 'ign_k': 0.00660597889201953, 'ign_c': 99.96359851911319, 'trop_agb_crit': 2.0420012944047587, 'trop_k_veg': 0.5183533149347164, 'fire_amp': 1.4442077384959786}.
[I 2026-06-10 22:27:26,507] Trial 225 finished with values: [10.592566169279445, 10.592566169279445] and parameters: {'k1': 0.00026539376439360527, 'D_low': 43.03411264066069, 'k2': 1.5178052094448868e-05, 'D_high': 29.126651668813768, 'fire_exp': 1.111738490499784, 'P_half': 102.93072560417136, 'pre_dampen_half': 189.36639872354493, 'gpp_af': 1.9654778690222015, 'gpp_b': 0.006999112505425414, 'gpp_d': 0.02253428262837267, 'ign_k': 0.371259104528773, 'ign_c': 22.126836566118193, 'trop_agb_crit': 1.8023542850487386, 'trop_k_veg': 1.6648666152166967, 'fire_amp': 2.042193818779288}.
[I 2026-06-10 22:27:27,780] Trial 226 finished with values: [10.485611373634601, 10.485611373634601] and parameters: {'k1': 0.0032360993995751053, 'D_low': 12.105387404469584, 'k2': 0.003767022142229395, 'D_high': 1817.0401889219124, 'fire_exp': 1.0601964743503993, 'P_half': 1265.0580856641704, 'pre_dampen_half': 38.00678588560607, 'gpp_af': 1.9706963379095486, 'gpp_b': 1.4540386644083135e-05, 'gpp_d': 0.12878367369717508, 'ign_k': 0.00840038491455979, 'ign_c': 48.704711413416454, 'trop_agb_crit': 1.0693376406863295, 'trop_k_veg': 0.6673124511410327, 'fire_amp': 4.19233232783727}.
[I 2026-06-10 22:27:29,012] Trial 227 finished with values: [10.21393178457617, 10.21393178457617] and parameters: {'k1': 0.0001887567630782227, 'D_low': 15.0613200804335, 'k2': 0.003767022142229395, 'D_high': 69868.4759244566, 'fire_exp': 1.3807440352456883, 'P_half': 4.213183643253957, 'pre_dampen_half': 30.456909077772018, 'gpp_af': 1.3954498518315706, 'gpp_b': 1.4540386644083135e-05, 'gpp_d': 47.35384181058586, 'ign_k': 0.001229921046579313, 'ign_c': 99.96359851911319, 'trop_agb_crit': 2.0420012944047587, 'trop_k_veg': 6.030247256556128, 'fire_amp': 1.5873607039193782}.
