[I 2026-06-10 21:33:21,149] Trial 777 finished with values: [10.831944210210715, 10.831944210210715] and parameters: {'k1': 0.05705198955850472, 'D_low': 1739.6167422846984, 'k2': 0.0011135501184757278, 'D_high': 42210.21267871043, 'fire_exp': 3.2459542834651627, 'P_half': 61.6097529474144, 'pre_dampen_half': 4.603480758878793, 'gpp_af': 1.7775411110039254, 'gpp_b': 0.16285506249643175, 'gpp_d': 0.7698760608299932, 'ign_k': 0.0029519227433917453, 'ign_c': 2.226297338331262, 'trop_agb_crit': 3.5874145253515306, 'trop_k_veg': 4.469525707857632, 'fire_amp': 1.2393473789150806}.
[I 2026-06-10 21:33:23,759] Trial 778 finished with values: [10.813858557847139, 10.813858557847139] and parameters: {'k1': 0.012840669372724958, 'D_low': 1074.940539517341, 'k2': 8.968733598183248e-05, 'D_high': 29.126651668813768, 'fire_exp': 1.2918065501148304, 'P_half': 1.4551749476072258, 'pre_dampen_half': 0.3337303435204265, 'gpp_af': 0.0025386125063826667, 'gpp_b': 0.002416023630607169, 'gpp_d': 21.899070557043984, 'ign_k': 0.02779045054796808, 'ign_c': 7.832259769732471, 'trop_agb_crit': 1.8023542850487386, 'trop_k_veg': 2.520089655463604, 'fire_amp': 4.2446263054164195}.
[I 2026-06-10 21:33:27,658] Trial 779 finished with values: [10.598936711074757, 10.598936711074757] and parameters: {'k1': 0.012840669372724958, 'D_low': 171.2446447678494, 'k2': 0.0010726091927327822, 'D_high': 42.242359735170886, 'fire_exp': 1.5305744365500176, 'P_half': 277.00025557434554, 'pre_dampen_half': 28.01075698398644, 'gpp_af': 1.9998014714101113, 'gpp_b': 2.176805640408474e-05, 'gpp_d': 0.7698760608299932, 'ign_k': 0.8945150807271531, 'ign_c': 1.9423015749984096, 'trop_agb_crit': 3.937772188016226, 'trop_k_veg': 2.520089655463604, 'fire_amp': 1.2393473789150806}.
[I 2026-06-10 21:33:30,831] Trial 780 finished with values: [16.284751154741528, 16.284751154741528] and parameters: {'k1': 4.944223106753944e-05, 'D_low': 1739.6167422846984, 'k2': 0.02939607009739149, 'D_high': 42210.21267871043, 'fire_exp': 1.2918065501148304, 'P_half': 101.40635645866499, 'pre_dampen_half': 98.05638874011484, 'gpp_af': 1.7775411110039254, 'gpp_b': 0.00047819318414852577, 'gpp_d': 95.2715755007094, 'ign_k': 0.02779045054796808, 'ign_c': 2.2489542843914485, 'trop_agb_crit': 3.5874145253515306, 'trop_k_veg': 0.6488368931910606, 'fire_amp': 1.2393473789150806}.
[I 2026-06-10 21:33:34,018] Trial 781 finished with values: [-0.41473230351614676, 0.02164110158186472] and parameters: {'k1': 0.012840669372724958, 'D_low': 1739.6167422846984, 'k2': 0.0011135501184757278, 'D_high': 44974.07193749848, 'fire_exp': 1.2918065501148304, 'P_half': 9.580682294110435, 'pre_dampen_half': 4.603480758878793, 'gpp_af': 0.016306190741524337, 'gpp_b': 0.0004125336560355494, 'gpp_d': 0.7698760608299932, 'ign_k': 0.0029519227433917453, 'ign_c': 1.9423015749984096, 'trop_agb_crit': 3.5874145253515306, 'trop_k_veg': 0.6488368931910606, 'fire_amp': 2.818314238665462}.
[I 2026-06-10 21:33:36,917] Trial 782 finished with values: [11.400456162555509, 11.400456162555509] and parameters: {'k1': 0.08006837661379566, 'D_low': 1074.940539517341, 'k2': 0.0011135501184757278, 'D_high': 42210.21267871043, 'fire_exp': 1.2918065501148304, 'P_half': 277.00025557434554, 'pre_dampen_half': 10.931606102061748, 'gpp_af': 0.5970408652384318, 'gpp_b': 0.0004125336560355494, 'gpp_d': 0.7698760608299932, 'ign_k': 0.8945150807271531, 'ign_c': 2.226297338331262, 'trop_agb_crit': 2.0527418919564324, 'trop_k_veg': 3.4337960558650757, 'fire_amp': 1.85916500023103}.
[I 2026-06-10 21:33:39,736] Trial 783 finished with values: [10.829719925279312, 10.829719925279312] and parameters: {'k1': 0.017276056747028225, 'D_low': 1739.6167422846984, 'k2': 0.02939607009739149, 'D_high': 44974.07193749848, 'fire_exp': 1.7505406131449859, 'P_half': 101.40635645866499, 'pre_dampen_half': 30.456909077772018, 'gpp_af': 0.013816526035853764, 'gpp_b': 0.16285506249643175, 'gpp_d': 95.2715755007094, 'ign_k': 0.09256855841989636, 'ign_c': 2.2489542843914485, 'trop_agb_crit': 3.5874145253515306, 'trop_k_veg': 1.6648666152166967, 'fire_amp': 2.818314238665462}.
[I 2026-06-10 21:33:42,873] Trial 784 finished with values: [16.333690970745963, 16.333690970745963] and parameters: {'k1': 0.016973078532467004, 'D_low': 24.28756508761176, 'k2': 0.0002442377596403892, 'D_high': 69868.4759244566, 'fire_exp': 1.9783727454920947, 'P_half': 1.4551749476072258, 'pre_dampen_half': 30.456909077772018, 'gpp_af': 0.07118041471054574, 'gpp_b': 0.006999112505425414, 'gpp_d': 20.81401325574021, 'ign_k': 0.17320535908244444, 'ign_c': 14.709699119495124, 'trop_agb_crit': 5.588032458772675, 'trop_k_veg': 2.724170387400844, 'fire_amp': 5.416595007374148}.
[I 2026-06-10 21:33:45,682] Trial 785 finished with values: [10.833333332159754, 10.833333332159754] and parameters: {'k1': 0.05705198955850472, 'D_low': 7988.050530300041, 'k2': 0.01567230746060024, 'D_high': 24.9899605789089, 'fire_exp': 3.2459542834651627, 'P_half': 366.3433473924884, 'pre_dampen_half': 98.05638874011484, 'gpp_af': 1.7775411110039254, 'gpp_b': 0.002416023630607169, 'gpp_d': 29.9035514860849, 'ign_k': 0.00660597889201953, 'ign_c': 1.4879588507789996, 'trop_agb_crit': 3.5874145253515306, 'trop_k_veg': 0.6488368931910606, 'fire_amp': 2.818314238665462}.
[I 2026-06-10 21:33:49,004] Trial 786 finished with values: [10.507694069926439, 10.507694069926439] and parameters: {'k1': 0.012840669372724958, 'D_low': 1074.940539517341, 'k2': 1.1417577140741129e-05, 'D_high': 315.101491238403, 'fire_exp': 1.7505406131449859, 'P_half': 277.00025557434554, 'pre_dampen_half': 189.88136301569827, 'gpp_af': 0.016306190741524337, 'gpp_b': 9.497440085397415e-05, 'gpp_d': 0.7698760608299932, 'ign_k': 0.00660597889201953, 'ign_c': 0.13577269394141456, 'trop_agb_crit': 1.3063813396521713, 'trop_k_veg': 1.6648666152166967, 'fire_amp': 1.2393473789150806}.
[I 2026-06-10 21:33:51,892] Trial 787 finished with values: [10.833302938291148, 10.833302938291148] and parameters: {'k1': 0.012840669372724958, 'D_low': 1739.6167422846984, 'k2': 0.02939607009739149, 'D_high': 42210.21267871043, 'fire_exp': 3.2459542834651627, 'P_half': 61.6097529474144, 'pre_dampen_half': 129.5396794881549, 'gpp_af': 0.016306190741524337, 'gpp_b': 0.16285506249643175, 'gpp_d': 95.2715755007094, 'ign_k': 0.0029519227433917453, 'ign_c': 2.2489542843914485, 'trop_agb_crit': 3.5874145253515306, 'trop_k_veg': 0.7220139871468583, 'fire_amp': 2.818314238665462}.
[I 2026-06-10 21:33:54,679] Trial 788 finished with values: [-0.28166567890044686, 0.061889604960259414] and parameters: {'k1': 5.178197947282869e-05, 'D_low': 1074.940539517341, 'k2': 8.968733598183248e-05, 'D_high': 24.9899605789089, 'fire_exp': 1.111738490499784, 'P_half': 9.580682294110435, 'pre_dampen_half': 189.88136301569827, 'gpp_af': 1.9654778690222015, 'gpp_b': 0.002416023630607169, 'gpp_d': 0.030844007727232167, 'ign_k': 0.00660597889201953, 'ign_c': 0.17036120617148395, 'trop_agb_crit': 21.086120736447015, 'trop_k_veg': 0.5183533149347164, 'fire_amp': 1.1655705619308396}.
[I 2026-06-10 21:33:57,496] Trial 789 finished with values: [-0.5274231087383049, 0.04808216729061998] and parameters: {'k1': 0.012840669372724958, 'D_low': 43.2326421037033, 'k2': 0.0010726091927327822, 'D_high': 42.242359735170886, 'fire_exp': 1.7792742686803427, 'P_half': 277.00025557434554, 'pre_dampen_half': 37.40930273158252, 'gpp_af': 1.9998014714101113, 'gpp_b': 2.176805640408474e-05, 'gpp_d': 594.7389794988394, 'ign_k': 0.8945150807271531, 'ign_c': 0.1611736893633666, 'trop_agb_crit': 5.335241529707116, 'trop_k_veg': 0.9923523017201868, 'fire_amp': 1.7912500010961188}.
[I 2026-06-10 21:34:00,209] Trial 790 finished with values: [10.796147417702988, 10.796147417702988] and parameters: {'k1': 0.08006837661379566, 'D_low': 171.2446447678494, 'k2': 0.0011135501184757278, 'D_high': 28058.07870333385, 'fire_exp': 1.6901885781909627, 'P_half': 51.10120656497163, 'pre_dampen_half': 1.8469033699850426, 'gpp_af': 20.12115544906385, 'gpp_b': 0.0004125336560355494, 'gpp_d': 20.81401325574021, 'ign_k': 0.0029519227433917453, 'ign_c': 2.226297338331262, 'trop_agb_crit': 24.199763404822136, 'trop_k_veg': 5.453348988480011, 'fire_amp': 5.416595007374148}.
[I 2026-06-10 21:34:02,528] Trial 791 finished with values: [10.833333332159754, 10.833333332159754] and parameters: {'k1': 0.012840669372724958, 'D_low': 1074.940539517341, 'k2': 0.049094038862232466, 'D_high': 29.126651668813768, 'fire_exp': 3.2459542834651627, 'P_half': 61.6097529474144, 'pre_dampen_half': 189.36639872354493, 'gpp_af': 3.298293484806585, 'gpp_b': 0.002416023630607169, 'gpp_d': 0.7698760608299932, 'ign_k': 0.00660597889201953, 'ign_c': 2.2489542843914485, 'trop_agb_crit': 2.1989086830950257, 'trop_k_veg': 2.520089655463604, 'fire_amp': 1.1655705619308396}.
[I 2026-06-10 21:34:04,833] Trial 792 finished with values: [10.831078733580592, 10.831078733580592] and parameters: {'k1': 5.178197947282869e-05, 'D_low': 24.28756508761176, 'k2': 2.091507303847255e-05, 'D_high': 42.242359735170886, 'fire_exp': 1.6901885781909627, 'P_half': 101.40635645866499, 'pre_dampen_half': 1.8469033699850426, 'gpp_af': 1.7775411110039254, 'gpp_b': 0.015062722325200045, 'gpp_d': 0.030844007727232167, 'ign_k': 0.002357279455676982, 'ign_c': 1.1698039424426816, 'trop_agb_crit': 21.086120736447015, 'trop_k_veg': 0.6363741063482814, 'fire_amp': 1.1655705619308396}.
[I 2026-06-10 21:34:07,292] Trial 793 finished with values: [10.120559756432819, 10.120559756432819] and parameters: {'k1': 0.0008779848797373387, 'D_low': 171.2446447678494, 'k2': 0.0011135501184757278, 'D_high': 42210.21267871043, 'fire_exp': 1.2918065501148304, 'P_half': 61.6097529474144, 'pre_dampen_half': 2.7246429232774694, 'gpp_af': 0.016306190741524337, 'gpp_b': 0.0004125336560355494, 'gpp_d': 0.7698760608299932, 'ign_k': 0.00660597889201953, 'ign_c': 2.226297338331262, 'trop_agb_crit': 21.086120736447015, 'trop_k_veg': 2.520089655463604, 'fire_amp': 1.2393473789150806}.
[I 2026-06-10 21:34:10,038] Trial 794 finished with values: [-0.38321421457322863, 0.06781119511324496] and parameters: {'k1': 0.012840669372724958, 'D_low': 24.28756508761176, 'k2': 2.316457903103837e-05, 'D_high': 42210.21267871043, 'fire_exp': 1.6901885781909627, 'P_half': 9.580682294110435, 'pre_dampen_half': 1.8469033699850426, 'gpp_af': 27.448645214004376, 'gpp_b': 0.015062722325200045, 'gpp_d': 0.7698760608299932, 'ign_k': 0.17320535908244444, 'ign_c': 1.1698039424426816, 'trop_agb_crit': 2.0527418919564324, 'trop_k_veg': 2.520089655463604, 'fire_amp': 5.416595007374148}.
[I 2026-06-10 21:34:12,091] Trial 795 finished with values: [10.170863543544494, 10.170863543544494] and parameters: {'k1': 0.0008779848797373387, 'D_low': 266.07970538371484, 'k2': 1.1417577140741129e-05, 'D_high': 29.126651668813768, 'fire_exp': 1.633445707733642, 'P_half': 9.580682294110435, 'pre_dampen_half': 189.36639872354493, 'gpp_af': 3.298293484806585, 'gpp_b': 0.0004125336560355494, 'gpp_d': 0.7698760608299932, 'ign_k': 0.00660597889201953, 'ign_c': 7.832259769732471, 'trop_agb_crit': 2.1989086830950257, 'trop_k_veg': 4.167664671344212, 'fire_amp': 1.1655705619308396}.
[I 2026-06-10 21:34:14,231] Trial 796 finished with values: [-0.5312277082717277, 0.03988464881495035] and parameters: {'k1': 0.012840669372724958, 'D_low': 5.004428734228137, 'k2': 1.1417577140741129e-05, 'D_high': 42210.21267871043, 'fire_exp': 1.2918065501148304, 'P_half': 1.4551749476072258, 'pre_dampen_half': 4.603480758878793, 'gpp_af': 1.3954498518315706, 'gpp_b': 0.006999112505425414, 'gpp_d': 47.35384181058586, 'ign_k': 0.0029519227433917453, 'ign_c': 7.832259769732471, 'trop_agb_crit': 2.0527418919564324, 'trop_k_veg': 2.520089655463604, 'fire_amp': 1.2393473789150806}.
[I 2026-06-10 21:34:16,610] Trial 797 finished with values: [14.819175775353285, 14.819175775353285] and parameters: {'k1': 0.012840669372724958, 'D_low': 171.2446447678494, 'k2': 0.0011135501184757278, 'D_high': 99461.47674311613, 'fire_exp': 1.2918065501148304, 'P_half': 61.6097529474144, 'pre_dampen_half': 98.05638874011484, 'gpp_af': 0.016306190741524337, 'gpp_b': 0.0004125336560355494, 'gpp_d': 0.7698760608299932, 'ign_k': 0.0029519227433917453, 'ign_c': 2.2489542843914485, 'trop_agb_crit': 2.0527418919564324, 'trop_k_veg': 2.520089655463604, 'fire_amp': 1.2393473789150806}.
[I 2026-06-10 21:34:18,756] Trial 798 finished with values: [-0.5178895660860027, 0.01960754301708434] and parameters: {'k1': 0.016973078532467004, 'D_low': 171.2446447678494, 'k2': 8.968733598183248e-05, 'D_high': 42.242359735170886, 'fire_exp': 1.7792742686803427, 'P_half': 61.6097529474144, 'pre_dampen_half': 189.88136301569827, 'gpp_af': 0.016306190741524337, 'gpp_b': 0.0004125336560355494, 'gpp_d': 20.81401325574021, 'ign_k': 0.00660597889201953, 'ign_c': 3.4321391362415827, 'trop_agb_crit': 24.199763404822136, 'trop_k_veg': 0.6363741063482814, 'fire_amp': 1.2393473789150806}.
[I 2026-06-10 21:34:20,839] Trial 799 finished with values: [10.497648719409192, 10.497648719409192] and parameters: {'k1': 0.012840669372724958, 'D_low': 24.28756508761176, 'k2': 2.091507303847255e-05, 'D_high': 8912.611835817017, 'fire_exp': 1.633445707733642, 'P_half': 101.40635645866499, 'pre_dampen_half': 189.36639872354493, 'gpp_af': 1.7775411110039254, 'gpp_b': 0.002416023630607169, 'gpp_d': 0.7698760608299932, 'ign_k': 0.17320535908244444, 'ign_c': 7.832259769732471, 'trop_agb_crit': 3.5874145253515306, 'trop_k_veg': 0.6488368931910606, 'fire_amp': 1.1655705619308396}.
[I 2026-06-10 21:34:23,057] Trial 800 finished with values: [-0.5423015099704671, 0.023588295000205206] and parameters: {'k1': 0.012840669372724958, 'D_low': 171.2446447678494, 'k2': 8.968733598183248e-05, 'D_high': 24.9899605789089, 'fire_exp': 1.7505406131449859, 'P_half': 61.6097529474144, 'pre_dampen_half': 189.88136301569827, 'gpp_af': 0.016306190741524337, 'gpp_b': 0.0004125336560355494, 'gpp_d': 3.257094673454639, 'ign_k': 0.00660597889201953, 'ign_c': 1.4879588507789996, 'trop_agb_crit': 21.086120736447015, 'trop_k_veg': 2.520089655463604, 'fire_amp': 1.2393473789150806}.
[I 2026-06-10 21:34:25,092] Trial 801 finished with values: [10.203379631744244, 10.203379631744244] and parameters: {'k1': 0.012840669372724958, 'D_low': 171.2446447678494, 'k2': 2.316457903103837e-05, 'D_high': 393.2349508311775, 'fire_exp': 1.2918065501148304, 'P_half': 10.94496366796197, 'pre_dampen_half': 4.603480758878793, 'gpp_af': 27.448645214004376, 'gpp_b': 0.00047819318414852577, 'gpp_d': 0.7698760608299932, 'ign_k': 0.02779045054796808, 'ign_c': 1.9423015749984096, 'trop_agb_crit': 2.0527418919564324, 'trop_k_veg': 2.520089655463604, 'fire_amp': 1.2393473789150806}.
[I 2026-06-10 21:34:27,114] Trial 802 finished with values: [12.413637090276351, 12.413637090276351] and parameters: {'k1': 0.012840669372724958, 'D_low': 171.2446447678494, 'k2': 2.316457903103837e-05, 'D_high': 29.126651668813768, 'fire_exp': 1.2918065501148304, 'P_half': 9.580682294110435, 'pre_dampen_half': 189.36639872354493, 'gpp_af': 3.298293484806585, 'gpp_b': 7.555164990945509e-05, 'gpp_d': 0.7698760608299932, 'ign_k': 0.00660597889201953, 'ign_c': 7.832259769732471, 'trop_agb_crit': 2.1989086830950257, 'trop_k_veg': 2.520089655463604, 'fire_amp': 1.2393473789150806}.
[I 2026-06-10 21:34:29,364] Trial 803 finished with values: [10.488340612692676, 10.488340612692676] and parameters: {'k1': 0.0001887567630782227, 'D_low': 29.52145029390025, 'k2': 4.933751600448335e-05, 'D_high': 42.242359735170886, 'fire_exp': 1.6901885781909627, 'P_half': 101.40635645866499, 'pre_dampen_half': 1.8469033699850426, 'gpp_af': 1.7775411110039254, 'gpp_b': 0.015062722325200045, 'gpp_d': 20.81401325574021, 'ign_k': 3.6309591863459096, 'ign_c': 1.1698039424426816, 'trop_agb_crit': 24.199763404822136, 'trop_k_veg': 1.6003641872536711, 'fire_amp': 4.2446263054164195}.
[I 2026-06-10 21:34:32,101] Trial 804 finished with values: [-0.19109939087152641, 0.01635858257327305] and parameters: {'k1': 0.016973078532467004, 'D_low': 1739.6167422846984, 'k2': 0.0002442377596403892, 'D_high': 44974.07193749848, 'fire_exp': 1.2918065501148304, 'P_half': 9.580682294110435, 'pre_dampen_half': 1.8469033699850426, 'gpp_af': 1.7775411110039254, 'gpp_b': 0.16285506249643175, 'gpp_d': 95.2715755007094, 'ign_k': 0.17320535908244444, 'ign_c': 1.1698039424426816, 'trop_agb_crit': 24.199763404822136, 'trop_k_veg': 5.453348988480011, 'fire_amp': 5.416595007374148}.
[I 2026-06-10 21:34:34,173] Trial 805 finished with values: [10.460336209933011, 10.460336209933011] and parameters: {'k1': 0.006079905434073396, 'D_low': 1074.940539517341, 'k2': 4.933751600448335e-05, 'D_high': 42.242359735170886, 'fire_exp': 1.7792742686803427, 'P_half': 277.00025557434554, 'pre_dampen_half': 10.931606102061748, 'gpp_af': 1.9998014714101113, 'gpp_b': 9.497440085397415e-05, 'gpp_d': 594.7389794988394, 'ign_k': 0.8945150807271531, 'ign_c': 0.13577269394141456, 'trop_agb_crit': 1.3063813396521713, 'trop_k_veg': 1.6648666152166967, 'fire_amp': 1.5587346124822492}.
[I 2026-06-10 21:34:36,159] Trial 806 finished with values: [10.06864417454669, 10.06864417454669] and parameters: {'k1': 0.0031213520322039886, 'D_low': 171.2446447678494, 'k2': 0.0011135501184757278, 'D_high': 29.126651668813768, 'fire_exp': 1.2918065501148304, 'P_half': 1.4551749476072258, 'pre_dampen_half': 30.456909077772018, 'gpp_af': 0.002790115363936195, 'gpp_b': 0.00047819318414852577, 'gpp_d': 21.899070557043984, 'ign_k': 0.02779045054796808, 'ign_c': 7.832259769732471, 'trop_agb_crit': 2.0527418919564324, 'trop_k_veg': 0.828441460847982, 'fire_amp': 1.2393473789150806}.
[I 2026-06-10 21:34:38,323] Trial 807 finished with values: [10.078843902128803, 10.078843902128803] and parameters: {'k1': 0.012840669372724958, 'D_low': 1.873653322520581, 'k2': 1.1417577140741129e-05, 'D_high': 29.126651668813768, 'fire_exp': 1.633445707733642, 'P_half': 9.580682294110435, 'pre_dampen_half': 189.36639872354493, 'gpp_af': 20.12115544906385, 'gpp_b': 0.002416023630607169, 'gpp_d': 0.7698760608299932, 'ign_k': 0.00660597889201953, 'ign_c': 3.4321391362415827, 'trop_agb_crit': 2.1989086830950257, 'trop_k_veg': 0.6363741063482814, 'fire_amp': 1.1655705619308396}.
[I 2026-06-10 21:34:40,488] Trial 808 finished with values: [10.619425866638947, 10.619425866638947] and parameters: {'k1': 0.017276056747028225, 'D_low': 235.39834531862078, 'k2': 3.2423055114836195e-05, 'D_high': 42210.21267871043, 'fire_exp': 1.2918065501148304, 'P_half': 101.40635645866499, 'pre_dampen_half': 0.013460448623833698, 'gpp_af': 1.7775411110039254, 'gpp_b': 2.176805640408474e-05, 'gpp_d': 95.2715755007094, 'ign_k': 3.6309591863459096, 'ign_c': 0.1611736893633666, 'trop_agb_crit': 3.5874145253515306, 'trop_k_veg': 0.6488368931910606, 'fire_amp': 2.818314238665462}.
[I 2026-06-10 21:34:42,438] Trial 809 finished with values: [-0.644891209847044, 0.02453973515069463] and parameters: {'k1': 0.012840669372724958, 'D_low': 24.28756508761176, 'k2': 0.0002442377596403892, 'D_high': 8912.611835817017, 'fire_exp': 1.2918065501148304, 'P_half': 51.10120656497163, 'pre_dampen_half': 4.603480758878793, 'gpp_af': 0.00474057962703787, 'gpp_b': 0.0004125336560355494, 'gpp_d': 20.81401325574021, 'ign_k': 0.0029519227433917453, 'ign_c': 14.709699119495124, 'trop_agb_crit': 24.199763404822136, 'trop_k_veg': 2.520089655463604, 'fire_amp': 1.2393473789150806}.
[I 2026-06-10 21:34:44,495] Trial 810 finished with values: [12.148305327265748, 12.148305327265748] and parameters: {'k1': 0.08006837661379566, 'D_low': 235.39834531862078, 'k2': 8.968733598183248e-05, 'D_high': 29.126651668813768, 'fire_exp': 1.111738490499784, 'P_half': 9.580682294110435, 'pre_dampen_half': 189.36639872354493, 'gpp_af': 0.016306190741524337, 'gpp_b': 0.0004125336560355494, 'gpp_d': 0.7698760608299932, 'ign_k': 0.00660597889201953, 'ign_c': 2.226297338331262, 'trop_agb_crit': 2.0527418919564324, 'trop_k_veg': 1.056284487623406, 'fire_amp': 1.1655705619308396}.
[I 2026-06-10 21:34:46,523] Trial 811 finished with values: [10.832299571898774, 10.832299571898774] and parameters: {'k1': 0.07119679541167405, 'D_low': 1739.6167422846984, 'k2': 5.153993511603138e-05, 'D_high': 44974.07193749848, 'fire_exp': 3.2459542834651627, 'P_half': 45.55085098454082, 'pre_dampen_half': 5.593036834117395, 'gpp_af': 0.07118041471054574, 'gpp_b': 0.16285506249643175, 'gpp_d': 545.0253444559129, 'ign_k': 7.299424898595565, 'ign_c': 1.1698039424426816, 'trop_agb_crit': 5.588032458772675, 'trop_k_veg': 2.724170387400844, 'fire_amp': 2.170444898566564}.
[I 2026-06-10 21:34:48,617] Trial 812 finished with values: [-0.3345227464517151, 0.010038196678736733] and parameters: {'k1': 0.017276056747028225, 'D_low': 1739.6167422846984, 'k2': 0.01567230746060024, 'D_high': 44974.07193749848, 'fire_exp': 3.2459542834651627, 'P_half': 101.40635645866499, 'pre_dampen_half': 98.05638874011484, 'gpp_af': 1.7775411110039254, 'gpp_b': 0.16285506249643175, 'gpp_d': 29.9035514860849, 'ign_k': 3.6309591863459096, 'ign_c': 2.2489542843914485, 'trop_agb_crit': 3.5874145253515306, 'trop_k_veg': 0.6488368931910606, 'fire_amp': 2.818314238665462}.
[I 2026-06-10 21:34:50,478] Trial 813 finished with values: [13.700040485454128, 13.700040485454128] and parameters: {'k1': 0.012840669372724958, 'D_low': 43.2326421037033, 'k2': 1.1417577140741129e-05, 'D_high': 42210.21267871043, 'fire_exp': 1.2918065501148304, 'P_half': 17.671138565264357, 'pre_dampen_half': 191.62369310763663, 'gpp_af': 27.448645214004376, 'gpp_b': 0.00047819318414852577, 'gpp_d': 0.7698760608299932, 'ign_k': 0.10581992548039146, 'ign_c': 1.9423015749984096, 'trop_agb_crit': 1.8023542850487386, 'trop_k_veg': 1.6911993818705504, 'fire_amp': 1.2393473789150806}.
