[I 2026-08-20 00:30:04,372] Trial 755 finished with value: 0.6445374145881376 and parameters: {'k1': 0.00029380210956351035, 'D_low': 20.4884926434393, 'k2': 0.002145775463023911, 'D_high': 2660351.169734834, 'fire_exp': 3.95257374135294, 'P_half': 19.107309608373555, 'pre_dampen_half': 786.3123411095207, 'gpp_af': 17.46128584122091, 'gpp_b': 0.01780387235970635, 'gpp_d': 30.28026988834414, 'ign_k': 8.356721009381946, 'ign_c': 142.6524338574957, 'trop_agb_crit': 5.4108602082680735, 'trop_k_veg': 0.7410594531553767}. Best is trial 0 with value: -0.5989088506199346.
[I 2026-08-20 00:30:05,706] Trial 756 finished with value: 0.6445374145881376 and parameters: {'k1': 0.0024958344136802556, 'D_low': 39.326613336437404, 'k2': 1.725038663670385e-05, 'D_high': 3943422.4423292675, 'fire_exp': 1.6497613999844085, 'P_half': 1547.1675701669112, 'pre_dampen_half': 128.6207162094601, 'gpp_af': 2.349790215554509, 'gpp_b': 5.395585912519381, 'gpp_d': 36.32262387050139, 'ign_k': 0.1441210365613924, 'ign_c': 115.57651908067632, 'trop_agb_crit': 10.421330577967238, 'trop_k_veg': 1.5629106075539507}. Best is trial 0 with value: -0.5989088506199346.
[I 2026-08-20 00:30:07,036] Trial 757 finished with value: 0.6445374145881376 and parameters: {'k1': 0.024871047414731194, 'D_low': 10.123683148569773, 'k2': 0.00026213470722815497, 'D_high': 3655745.243163019, 'fire_exp': 1.7236732776365566, 'P_half': 20.77280750366437, 'pre_dampen_half': 34.753857070206564, 'gpp_af': 29.182871942498558, 'gpp_b': 7.527589681713639, 'gpp_d': 391.59630327457484, 'ign_k': 0.22270639316001448, 'ign_c': 115.19586054415912, 'trop_agb_crit': 18.493164599975017, 'trop_k_veg': 1.4172550773406376}. Best is trial 0 with value: -0.5989088506199346.
[I 2026-08-20 00:30:08,364] Trial 758 finished with value: 0.6445374145881376 and parameters: {'k1': 0.005805213704822461, 'D_low': 18.494822285727338, 'k2': 0.0020184126811315017, 'D_high': 132206.5173177875, 'fire_exp': 4.156010358126481, 'P_half': 20.740379757524792, 'pre_dampen_half': 4.593513679915206, 'gpp_af': 9.768031205967159, 'gpp_b': 0.06589483959246702, 'gpp_d': 277.92186459380684, 'ign_k': 0.9961955089769269, 'ign_c': 216.86237238924605, 'trop_agb_crit': 17.829982734296188, 'trop_k_veg': 5.486382282107269}. Best is trial 0 with value: -0.5989088506199346.
[I 2026-08-20 00:30:09,795] Trial 759 finished with value: 0.508448650054916 and parameters: {'k1': 0.09364683211752833, 'D_low': 2845.648903881568, 'k2': 0.003831483174730164, 'D_high': 7327668.635995581, 'fire_exp': 1.7761356791598357, 'P_half': 179.1944705194651, 'pre_dampen_half': 63.55534697252364, 'gpp_af': 60.684732560918164, 'gpp_b': 0.05097824381299864, 'gpp_d': 29.765261228116575, 'ign_k': 0.09611611623670023, 'ign_c': 10.533037627173295, 'trop_agb_crit': 20.781418026777406, 'trop_k_veg': 1.9480526184530764}. Best is trial 0 with value: -0.5989088506199346.
[I 2026-08-20 00:30:11,149] Trial 760 finished with value: 0.6227724909397543 and parameters: {'k1': 0.0008871726815638223, 'D_low': 2.1256034509177004, 'k2': 2.3721151568695263e-05, 'D_high': 119105.63338851467, 'fire_exp': 2.2241111237810105, 'P_half': 6.771527878241309, 'pre_dampen_half': 0.3211648025894956, 'gpp_af': 0.651766655105251, 'gpp_b': 2.6361766407704394e-05, 'gpp_d': 0.02480064527151222, 'ign_k': 0.10093220599894977, 'ign_c': 37.482908845071734, 'trop_agb_crit': 7.74147127532396, 'trop_k_veg': 3.0894449920781515}. Best is trial 0 with value: -0.5989088506199346.
[I 2026-08-20 00:30:12,448] Trial 761 finished with value: 0.4243880089919029 and parameters: {'k1': 6.6146787445701e-05, 'D_low': 3870.2549479196255, 'k2': 0.000188405018911838, 'D_high': 386683.6251562167, 'fire_exp': 1.119708196814869, 'P_half': 54.50944910934674, 'pre_dampen_half': 25.86997654813564, 'gpp_af': 0.01678045371477637, 'gpp_b': 2.7218133680621578e-05, 'gpp_d': 42.413341895987514, 'ign_k': 0.5143802365365113, 'ign_c': 15.739476979801006, 'trop_agb_crit': 1.0135977961116318, 'trop_k_veg': 6.772081909112123}. Best is trial 0 with value: -0.5989088506199346.
[I 2026-08-20 00:30:13,768] Trial 762 finished with value: 0.5782027277863461 and parameters: {'k1': 0.00017333968785782116, 'D_low': 1.3770155087568425, 'k2': 9.553641651687319e-05, 'D_high': 326451.24977664615, 'fire_exp': 1.7839183365462705, 'P_half': 1668.517524674361, 'pre_dampen_half': 27.032947237377073, 'gpp_af': 0.05734680255396411, 'gpp_b': 0.00013685280941077356, 'gpp_d': 8.297556000531245, 'ign_k': 0.0027162171977573816, 'ign_c': 4.234482393215894, 'trop_agb_crit': 5.91481571546545, 'trop_k_veg': 6.632291358865576}. Best is trial 0 with value: -0.5989088506199346.
[I 2026-08-20 00:30:15,179] Trial 763 finished with value: 0.4176395240247116 and parameters: {'k1': 0.0012005675280914966, 'D_low': 3.3336950687819416, 'k2': 1.2489464531024283e-05, 'D_high': 906082.1732673346, 'fire_exp': 1.583604748778172, 'P_half': 7.746692685979381, 'pre_dampen_half': 10.12582098704834, 'gpp_af': 0.012984114007461037, 'gpp_b': 2.6207659921012535e-05, 'gpp_d': 0.08342799875877574, 'ign_k': 0.3005730503463445, 'ign_c': 8.08894400124093, 'trop_agb_crit': 6.459151417500058, 'trop_k_veg': 6.8132951745828345}. Best is trial 0 with value: -0.5989088506199346.
[I 2026-08-20 00:30:16,526] Trial 764 finished with value: 0.6006197922163732 and parameters: {'k1': 9.00086909327883e-05, 'D_low': 19.811948515571746, 'k2': 8.129979283196538e-05, 'D_high': 244522.78794325303, 'fire_exp': 2.6289226352168025, 'P_half': 1994.2140104316047, 'pre_dampen_half': 279.3867806348241, 'gpp_af': 0.03273007922597119, 'gpp_b': 1.0042997420327481e-05, 'gpp_d': 0.9213402659442451, 'ign_k': 0.07237802527643211, 'ign_c': 5.225263225012681, 'trop_agb_crit': 4.86289858223832, 'trop_k_veg': 3.5199073044958458}. Best is trial 0 with value: -0.5989088506199346.
[I 2026-08-20 00:30:17,836] Trial 765 finished with value: 0.5882812558745584 and parameters: {'k1': 7.666969687582315e-05, 'D_low': 1.4851354286126013, 'k2': 2.1499484573787514e-05, 'D_high': 19851.70724280531, 'fire_exp': 2.7529473069784456, 'P_half': 293.7339881575132, 'pre_dampen_half': 131.81721225153657, 'gpp_af': 0.026782353702143286, 'gpp_b': 8.093858337720287e-05, 'gpp_d': 11.793224801446774, 'ign_k': 1.5940241928891838, 'ign_c': 11.749685469472139, 'trop_agb_crit': 1.3598515243040044, 'trop_k_veg': 2.1215336348630744}. Best is trial 0 with value: -0.5989088506199346.
[I 2026-08-20 00:30:19,350] Trial 766 finished with value: 0.5356401054639918 and parameters: {'k1': 1.9107312024715854e-05, 'D_low': 58.76119159087548, 'k2': 0.0001419203553521817, 'D_high': 869131.2382909876, 'fire_exp': 1.0419786400281512, 'P_half': 30.71603565940249, 'pre_dampen_half': 1.3095884207934632, 'gpp_af': 0.05489934118181824, 'gpp_b': 0.00012854086353713108, 'gpp_d': 8.916986079497827, 'ign_k': 0.2788889025260242, 'ign_c': 28.73495166652456, 'trop_agb_crit': 1.6638792274160898, 'trop_k_veg': 3.884489200606895}. Best is trial 0 with value: -0.5989088506199346.
[I 2026-08-20 00:30:20,694] Trial 767 finished with value: 0.41802748221238106 and parameters: {'k1': 0.0006583610280681242, 'D_low': 5.224018190205185, 'k2': 1.1118784574529904e-05, 'D_high': 170588.79269073837, 'fire_exp': 1.0732292723738068, 'P_half': 1.8054926044470725, 'pre_dampen_half': 3.7949825335680814, 'gpp_af': 0.09898003310359459, 'gpp_b': 0.0009634898746961893, 'gpp_d': 1.3267673805213518, 'ign_k': 0.7762598052945381, 'ign_c': 9.182053550834324, 'trop_agb_crit': 2.7443735274720913, 'trop_k_veg': 4.965273540257038}. Best is trial 0 with value: -0.5989088506199346.
[I 2026-08-20 00:30:22,046] Trial 768 finished with value: 0.6229317347926933 and parameters: {'k1': 0.0003618280313963144, 'D_low': 2.4800114632488386, 'k2': 0.003533780146076474, 'D_high': 158.00067784369818, 'fire_exp': 3.8246480350792655, 'P_half': 1168.4118295794926, 'pre_dampen_half': 9.604849247365237, 'gpp_af': 2.9098936645545264, 'gpp_b': 0.407896407411725, 'gpp_d': 673.9409363834169, 'ign_k': 0.04367605713908247, 'ign_c': 0.2798642578195211, 'trop_agb_crit': 8.329148510245645, 'trop_k_veg': 1.5049786277527084}. Best is trial 0 with value: -0.5989088506199346.
[I 2026-08-20 00:30:23,446] Trial 769 finished with value: -0.5307721568782771 and parameters: {'k1': 0.0006411213247863582, 'D_low': 18588.444617258774, 'k2': 0.01480028323482243, 'D_high': 1654911.5388851468, 'fire_exp': 7.113997188308243, 'P_half': 28.45432168239992, 'pre_dampen_half': 384.766957048192, 'gpp_af': 0.9697510433270017, 'gpp_b': 0.0019672810763832513, 'gpp_d': 8.387226712049221, 'ign_k': 1.468128740050096, 'ign_c': 6.3308780560802775, 'trop_agb_crit': 26.88099741634696, 'trop_k_veg': 5.281660631235144}. Best is trial 0 with value: -0.5989088506199346.
[I 2026-08-20 00:30:24,758] Trial 770 finished with value: 0.6088569174135635 and parameters: {'k1': 0.01945937660074944, 'D_low': 8517.653419990564, 'k2': 0.00021692776796372699, 'D_high': 3763288.6762437504, 'fire_exp': 3.7101130470441577, 'P_half': 41.79161107565006, 'pre_dampen_half': 82.40427637618123, 'gpp_af': 0.011251441907206852, 'gpp_b': 0.013279552109592299, 'gpp_d': 2.8465556553892797, 'ign_k': 0.15712673771661673, 'ign_c': 0.33255519099997716, 'trop_agb_crit': 28.822951252590332, 'trop_k_veg': 2.7731993984430905}. Best is trial 0 with value: -0.5989088506199346.
[I 2026-08-20 00:30:26,107] Trial 771 finished with value: -0.531665210083105 and parameters: {'k1': 0.00016883134371331392, 'D_low': 117.71127309143252, 'k2': 3.589471777836351e-05, 'D_high': 133402.76303659947, 'fire_exp': 2.0505345158011354, 'P_half': 358.68929108540004, 'pre_dampen_half': 20.04191879030415, 'gpp_af': 0.03184812788111798, 'gpp_b': 8.587651560675765e-05, 'gpp_d': 8.400596332849284, 'ign_k': 1.0089437369052219, 'ign_c': 4.7577791876865305, 'trop_agb_crit': 4.526236294870535, 'trop_k_veg': 6.364853408012342}. Best is trial 0 with value: -0.5989088506199346.
[I 2026-08-20 00:30:27,431] Trial 772 finished with value: 0.44101458147173556 and parameters: {'k1': 6.38811103669246e-05, 'D_low': 1.3023538677316238, 'k2': 0.0002498176843646225, 'D_high': 87240.4119451765, 'fire_exp': 1.8488731999407977, 'P_half': 133.25750893573758, 'pre_dampen_half': 49.11229179227243, 'gpp_af': 0.020876277734482904, 'gpp_b': 3.985907688681955e-05, 'gpp_d': 1.9836428942023263, 'ign_k': 0.5001437475148824, 'ign_c': 2.098836223339607, 'trop_agb_crit': 7.0778998097167625, 'trop_k_veg': 3.824755354592376}. Best is trial 0 with value: -0.5989088506199346.
[I 2026-08-20 00:30:28,787] Trial 773 finished with value: 0.6445374145881376 and parameters: {'k1': 0.012709479025191654, 'D_low': 283.00732438836144, 'k2': 5.439493380146008e-05, 'D_high': 7975929.176979942, 'fire_exp': 2.750825498786217, 'P_half': 87.90494820987742, 'pre_dampen_half': 0.14441964282617253, 'gpp_af': 0.839048743784777, 'gpp_b': 5.931712813599763, 'gpp_d': 695.1530339607393, 'ign_k': 0.2559818439676288, 'ign_c': 72.36938417928506, 'trop_agb_crit': 13.78756995759253, 'trop_k_veg': 2.8521815448555343}. Best is trial 0 with value: -0.5989088506199346.
[I 2026-08-20 00:30:30,100] Trial 774 finished with value: -0.5464159168322701 and parameters: {'k1': 0.020493390085771265, 'D_low': 32.631882785689896, 'k2': 0.00012551541639210036, 'D_high': 1727753.6637349876, 'fire_exp': 3.2779465045386025, 'P_half': 11.321843579220856, 'pre_dampen_half': 6.402786220540586, 'gpp_af': 0.0028336829608297336, 'gpp_b': 0.0004995304261268861, 'gpp_d': 212.9658206835996, 'ign_k': 3.7497722396364392, 'ign_c': 4.725796295200254, 'trop_agb_crit': 10.718594125056173, 'trop_k_veg': 5.784114634466709}. Best is trial 0 with value: -0.5989088506199346.
[I 2026-08-20 00:30:31,454] Trial 775 finished with value: 0.43192437428476427 and parameters: {'k1': 0.005885037838321136, 'D_low': 8.479129430696151, 'k2': 0.00013632956580586793, 'D_high': 3693398.275250386, 'fire_exp': 2.874947381206385, 'P_half': 1.6242715753032355, 'pre_dampen_half': 16.784771897868982, 'gpp_af': 2.49263231699816, 'gpp_b': 0.07036791234314334, 'gpp_d': 251.61358626071902, 'ign_k': 4.749110474373138, 'ign_c': 6.543084049817384, 'trop_agb_crit': 5.076266471535791, 'trop_k_veg': 0.7030897924562329}. Best is trial 0 with value: -0.5989088506199346.
[I 2026-08-20 00:30:32,788] Trial 776 finished with value: 0.5307705432760211 and parameters: {'k1': 0.00034166556715334014, 'D_low': 1624.5854917367878, 'k2': 1.1744014104482173e-05, 'D_high': 253474.999247116, 'fire_exp': 1.037002930660787, 'P_half': 29.743786185383506, 'pre_dampen_half': 0.07604410549016517, 'gpp_af': 0.0032947404402545533, 'gpp_b': 0.00040002473540348894, 'gpp_d': 0.14588726833374469, 'ign_k': 2.934661967276416, 'ign_c': 0.5786261129681431, 'trop_agb_crit': 2.0060838796094287, 'trop_k_veg': 6.603914040168665}. Best is trial 0 with value: -0.5989088506199346.
[I 2026-08-20 00:30:34,117] Trial 777 finished with value: 0.6585308911760573 and parameters: {'k1': 0.0006323732098373466, 'D_low': 2.5103157591684226, 'k2': 0.0003249837369156039, 'D_high': 2120039.2328252397, 'fire_exp': 2.9632956187547914, 'P_half': 73.72685763288507, 'pre_dampen_half': 173.3101837289084, 'gpp_af': 67.1602475046005, 'gpp_b': 0.09947806747146429, 'gpp_d': 159.67898182833633, 'ign_k': 0.28819897695076246, 'ign_c': 47.17949727210654, 'trop_agb_crit': 25.597166180627795, 'trop_k_veg': 0.9668524470985037}. Best is trial 0 with value: -0.5989088506199346.
[I 2026-08-20 00:30:35,444] Trial 778 finished with value: -0.5299636469735811 and parameters: {'k1': 0.005108738205281828, 'D_low': 179.47191108064752, 'k2': 0.0014568287691509609, 'D_high': 54727.766009834966, 'fire_exp': 3.27828658305088, 'P_half': 37.402870534558836, 'pre_dampen_half': 15.260675433313429, 'gpp_af': 6.2503749265015625, 'gpp_b': 0.010168583782326272, 'gpp_d': 29.024457356600134, 'ign_k': 0.2610959574123107, 'ign_c': 2.226990666384465, 'trop_agb_crit': 21.7539001020659, 'trop_k_veg': 2.543680171145443}. Best is trial 0 with value: -0.5989088506199346.
[I 2026-08-20 00:30:36,859] Trial 779 finished with value: 0.6445374145881376 and parameters: {'k1': 1.5720131885208102e-05, 'D_low': 1.1752562210776958, 'k2': 0.0007381294155614299, 'D_high': 1288751.1849098639, 'fire_exp': 4.142031406291251, 'P_half': 2.125071399972095, 'pre_dampen_half': 67.52001907067134, 'gpp_af': 0.2216745421939591, 'gpp_b': 0.0017111034071479153, 'gpp_d': 83.01622438316583, 'ign_k': 8.326051556655003, 'ign_c': 120.38122827046269, 'trop_agb_crit': 2.8935239024527215, 'trop_k_veg': 2.546297150805611}. Best is trial 0 with value: -0.5989088506199346.
[I 2026-08-20 00:30:38,247] Trial 780 finished with value: 0.5832173758697137 and parameters: {'k1': 0.00018770570145873225, 'D_low': 2175.093972778973, 'k2': 0.00038109692677309586, 'D_high': 807738.977344126, 'fire_exp': 3.658285918051666, 'P_half': 653.6361620317257, 'pre_dampen_half': 1.9150126207715434, 'gpp_af': 0.5666273692839794, 'gpp_b': 0.00014126027714853946, 'gpp_d': 655.9018933091819, 'ign_k': 0.01889796922650326, 'ign_c': 0.7327846997854829, 'trop_agb_crit': 20.435831352635688, 'trop_k_veg': 7.46056185044574}. Best is trial 0 with value: -0.5989088506199346.
[I 2026-08-20 00:30:39,822] Trial 781 finished with value: 0.46645150693283344 and parameters: {'k1': 0.0008502072259262643, 'D_low': 3.215271203257893, 'k2': 4.993863702289599e-05, 'D_high': 57243.56184953141, 'fire_exp': 1.5194113594349665, 'P_half': 318.2832826720146, 'pre_dampen_half': 601.8266888368337, 'gpp_af': 0.6692006091082727, 'gpp_b': 0.00010542683646417286, 'gpp_d': 8.06215226922504, 'ign_k': 0.08845786280020078, 'ign_c': 4.289956494112039, 'trop_agb_crit': 4.156390709170458, 'trop_k_veg': 5.0409953752617165}. Best is trial 0 with value: -0.5989088506199346.
[I 2026-08-20 00:30:41,232] Trial 782 finished with value: 0.5797481014193127 and parameters: {'k1': 0.002356517938414259, 'D_low': 16.482224103083546, 'k2': 0.002920170304288649, 'D_high': 3239714.0692985966, 'fire_exp': 6.219408446930844, 'P_half': 18.973031856122947, 'pre_dampen_half': 5.909451682972077, 'gpp_af': 5.589379426951355, 'gpp_b': 0.00608113015576737, 'gpp_d': 51.453387655937625, 'ign_k': 0.025230718723430294, 'ign_c': 5.65172958691126, 'trop_agb_crit': 22.081456478978204, 'trop_k_veg': 5.068655997988926}. Best is trial 0 with value: -0.5989088506199346.
[I 2026-08-20 00:30:42,768] Trial 783 finished with value: 0.5301515946561578 and parameters: {'k1': 0.02519700630661408, 'D_low': 11.47417834036588, 'k2': 0.0003066383003641643, 'D_high': 5736123.0921713365, 'fire_exp': 1.9200208748561172, 'P_half': 58.36280330545777, 'pre_dampen_half': 18.072500956732757, 'gpp_af': 11.902681809101235, 'gpp_b': 0.0005034403265377443, 'gpp_d': 19.503651278302474, 'ign_k': 0.04286789914890507, 'ign_c': 23.66034532045719, 'trop_agb_crit': 19.10243793305548, 'trop_k_veg': 2.18869997263826}. Best is trial 0 with value: -0.5989088506199346.
[I 2026-08-20 00:30:44,311] Trial 784 finished with value: 0.5885075405707509 and parameters: {'k1': 0.040621919239282635, 'D_low': 3.6031683121263582, 'k2': 0.0017519550007413422, 'D_high': 3637444.104283579, 'fire_exp': 2.491278827647991, 'P_half': 277.86955871648485, 'pre_dampen_half': 0.885290869786429, 'gpp_af': 2.5818647393072336, 'gpp_b': 0.11343248253529682, 'gpp_d': 520.5375688817579, 'ign_k': 0.13365996625282425, 'ign_c': 51.5791803855681, 'trop_agb_crit': 15.434599070323364, 'trop_k_veg': 2.694339777290279}. Best is trial 0 with value: -0.5989088506199346.
[I 2026-08-20 00:30:45,844] Trial 785 finished with value: 0.6174935677432305 and parameters: {'k1': 0.00013224909713023062, 'D_low': 143957.0820607421, 'k2': 0.0013531695896929971, 'D_high': 1206004.5065332884, 'fire_exp': 2.5652998645983986, 'P_half': 17.6739883751672, 'pre_dampen_half': 0.9109093421356343, 'gpp_af': 4.297093922982411, 'gpp_b': 0.0018117512239559435, 'gpp_d': 16.62652783207096, 'ign_k': 0.10920510492143755, 'ign_c': 0.10441856092466839, 'trop_agb_crit': 17.484008770525755, 'trop_k_veg': 2.083723099274259}. Best is trial 0 with value: -0.5989088506199346.
[I 2026-08-20 00:30:47,523] Trial 786 finished with value: 0.5677006329326102 and parameters: {'k1': 0.004642336584958908, 'D_low': 1968.2911106457786, 'k2': 0.00011434030612280692, 'D_high': 252698.5022552437, 'fire_exp': 3.5082145780921308, 'P_half': 1150.8792776241435, 'pre_dampen_half': 40.110711204450695, 'gpp_af': 0.6069603549706748, 'gpp_b': 9.84629337663377e-05, 'gpp_d': 459.1485427604008, 'ign_k': 0.7133135336832784, 'ign_c': 0.22133041420549304, 'trop_agb_crit': 16.028690464076934, 'trop_k_veg': 3.346005227749029}. Best is trial 0 with value: -0.5989088506199346.
[I 2026-08-20 00:30:49,000] Trial 787 finished with value: 0.47620838165745405 and parameters: {'k1': 0.04959498330648398, 'D_low': 29.957379820157875, 'k2': 0.0002954383183867967, 'D_high': 2026422.7129097064, 'fire_exp': 2.925753387075955, 'P_half': 22.592578522490662, 'pre_dampen_half': 3.540516851090468, 'gpp_af': 0.2004528260816718, 'gpp_b': 0.0035441657268342505, 'gpp_d': 4.6757578097389185, 'ign_k': 0.08631828647552511, 'ign_c': 1.8491383460990711, 'trop_agb_crit': 16.88414853983526, 'trop_k_veg': 3.7512225728746715}. Best is trial 0 with value: -0.5989088506199346.
[I 2026-08-20 00:30:50,727] Trial 788 finished with value: 0.531898788830889 and parameters: {'k1': 0.02174635323496188, 'D_low': 12.721824838222762, 'k2': 0.0006295513586116558, 'D_high': 2597103.3183695967, 'fire_exp': 1.3160472061765267, 'P_half': 2447.236225465465, 'pre_dampen_half': 66.59751021214647, 'gpp_af': 97.44574256179654, 'gpp_b': 5.8077371416911685, 'gpp_d': 367.4174969629448, 'ign_k': 0.19641305010626242, 'ign_c': 6.876425222131573, 'trop_agb_crit': 19.123309093850928, 'trop_k_veg': 1.0227313779612344}. Best is trial 0 with value: -0.5989088506199346.
[I 2026-08-20 00:30:52,245] Trial 789 finished with value: 0.42164794253019755 and parameters: {'k1': 0.0005137126924365785, 'D_low': 3.185289335438289, 'k2': 0.0002482972673087037, 'D_high': 146649.46885926762, 'fire_exp': 2.524651538177395, 'P_half': 57.15701632744774, 'pre_dampen_half': 20.11929035970981, 'gpp_af': 0.05117852320917589, 'gpp_b': 6.741806747830014e-05, 'gpp_d': 131.57283004337035, 'ign_k': 1.3888959127775622, 'ign_c': 8.073726010097893, 'trop_agb_crit': 2.2418896153069516, 'trop_k_veg': 5.976557505511374}. Best is trial 0 with value: -0.5989088506199346.
[I 2026-08-20 00:30:53,603] Trial 790 finished with value: 0.6536849731558504 and parameters: {'k1': 0.00041151540972211685, 'D_low': 4003.4259866432217, 'k2': 0.0013813528050034306, 'D_high': 4377452.041085656, 'fire_exp': 1.3687228053379428, 'P_half': 8.87325110986934, 'pre_dampen_half': 7.729916990047745, 'gpp_af': 0.3961792602634739, 'gpp_b': 0.00029534204304480793, 'gpp_d': 6.224711362583097, 'ign_k': 0.6267110248684834, 'ign_c': 45.40053367890911, 'trop_agb_crit': 16.011466899313334, 'trop_k_veg': 3.2596550915240803}. Best is trial 0 with value: -0.5989088506199346.
[I 2026-08-20 00:30:54,948] Trial 791 finished with value: 0.6216627000860279 and parameters: {'k1': 0.0002770473145757353, 'D_low': 454.6405958666163, 'k2': 0.0008138377447789607, 'D_high': 224577.1090887796, 'fire_exp': 1.0882533000055137, 'P_half': 201.5696566580581, 'pre_dampen_half': 51.9728241249139, 'gpp_af': 0.0021229771348852938, 'gpp_b': 1.413573959217958e-05, 'gpp_d': 4.2803554915285185, 'ign_k': 1.7664566294711594, 'ign_c': 32.14175079323003, 'trop_agb_crit': 28.820787765379553, 'trop_k_veg': 3.062627700978917}. Best is trial 0 with value: -0.5989088506199346.
[I 2026-08-20 00:30:56,311] Trial 792 finished with value: 0.5278094985903592 and parameters: {'k1': 0.0015121623580566792, 'D_low': 923.9564203042461, 'k2': 0.0007683580406199514, 'D_high': 1569100.8000248463, 'fire_exp': 3.6211747556332523, 'P_half': 156.14180763875865, 'pre_dampen_half': 3.854264189783009, 'gpp_af': 0.05127727656480728, 'gpp_b': 0.0005984914441526028, 'gpp_d': 7.15841878702171, 'ign_k': 0.0932385918876423, 'ign_c': 0.6680744128304005, 'trop_agb_crit': 10.760624631626783, 'trop_k_veg': 5.517374185295118}. Best is trial 0 with value: -0.5989088506199346.
