[I 2026-06-09 12:17:38,719] Trial 819 finished with values: [-0.5318926387482399, 0.23559612865091972] and parameters: {'k1': 0.0030219760889797966, 'D_low': 10.16551026641873, 'k2': 0.037633129263701104, 'D_high': 14268.845807630427, 'fire_exp': 3.411597492629774, 'P_half': 17.655835392092534, 'pre_dampen_half': 566.2858823465564, 'gpp_af': 1.3218737536384089, 'gpp_b': 2.036444166653217e-05, 'gpp_d': 7.070472286699648, 'ign_k': 1.1215915868662767, 'ign_c': 21.132597710340573, 'trop_agb_crit': 19.51558406059598, 'trop_k_veg': 4.8737397608275925}.
[I 2026-06-09 12:17:39,840] Trial 820 finished with values: [10.655849590240013, 10.655849590240013] and parameters: {'k1': 0.007519407491506672, 'D_low': 2.3244932709566686, 'k2': 1.5412172709801895e-05, 'D_high': 69868.4759244566, 'fire_exp': 4.083015126292054, 'P_half': 1.4045842344024697, 'pre_dampen_half': 566.2858823465564, 'gpp_af': 0.5107061330406066, 'gpp_b': 0.002262927522655115, 'gpp_d': 0.4184742749494776, 'ign_k': 0.5456725485601477, 'ign_c': 0.20319809838424974, 'trop_agb_crit': 1.5144860262751405, 'trop_k_veg': 1.1517712915946832}.
[I 2026-06-09 12:17:40,961] Trial 821 finished with values: [10.651798554235043, 10.651798554235043] and parameters: {'k1': 6.404854675916172e-05, 'D_low': 1.2164034504723769, 'k2': 0.0021314828404757746, 'D_high': 39655.03094323017, 'fire_exp': 1.4848387260494937, 'P_half': 1.4045842344024697, 'pre_dampen_half': 340.6909167027263, 'gpp_af': 5.244830565633045, 'gpp_b': 0.0009954317261406773, 'gpp_d': 7.070472286699648, 'ign_k': 0.3242143344038317, 'ign_c': 0.628303969797272, 'trop_agb_crit': 19.51558406059598, 'trop_k_veg': 3.6260119779455584}.
[I 2026-06-09 12:17:42,082] Trial 822 finished with values: [10.589185342859539, 10.589185342859539] and parameters: {'k1': 0.004763737484593718, 'D_low': 2.3244932709566686, 'k2': 1.5412172709801895e-05, 'D_high': 69868.4759244566, 'fire_exp': 2.10707132280748, 'P_half': 1.4045842344024697, 'pre_dampen_half': 566.2858823465564, 'gpp_af': 0.01942738928156656, 'gpp_b': 0.0028993292583566945, 'gpp_d': 26.003623362924223, 'ign_k': 0.5456725485601477, 'ign_c': 21.132597710340573, 'trop_agb_crit': 1.259515631748535, 'trop_k_veg': 4.51930447316402}.
[I 2026-06-09 12:17:43,332] Trial 823 finished with values: [10.890643581664317, 10.890643581664317] and parameters: {'k1': 0.007519407491506672, 'D_low': 125.32726386250698, 'k2': 1.5412172709801895e-05, 'D_high': 69868.4759244566, 'fire_exp': 2.4902446681314054, 'P_half': 9474.524974021555, 'pre_dampen_half': 673.2248920775328, 'gpp_af': 2.037961377717467, 'gpp_b': 0.0028993292583566945, 'gpp_d': 26.003623362924223, 'ign_k': 0.5456725485601477, 'ign_c': 0.20319809838424974, 'trop_agb_crit': 1.5144860262751405, 'trop_k_veg': 4.8737397608275925}.
[I 2026-06-09 12:17:44,552] Trial 824 finished with values: [10.855102886808172, 10.855102886808172] and parameters: {'k1': 0.01549659926581634, 'D_low': 170.2682488483631, 'k2': 0.0005700142105246941, 'D_high': 39655.03094323017, 'fire_exp': 2.10707132280748, 'P_half': 50.32059347286801, 'pre_dampen_half': 340.6909167027263, 'gpp_af': 1.3218737536384089, 'gpp_b': 0.00977702299083608, 'gpp_d': 26.003623362924223, 'ign_k': 0.3242143344038317, 'ign_c': 0.21234210963705627, 'trop_agb_crit': 19.51558406059598, 'trop_k_veg': 4.51930447316402}.
[I 2026-06-09 12:17:45,634] Trial 825 finished with values: [10.748653332251198, 10.748653332251198] and parameters: {'k1': 6.615437365561391e-05, 'D_low': 836.7621766169207, 'k2': 0.0007258091671308686, 'D_high': 17.40080621104638, 'fire_exp': 2.10707132280748, 'P_half': 50.32059347286801, 'pre_dampen_half': 269.0845367054866, 'gpp_af': 1.946375023772638, 'gpp_b': 0.00977702299083608, 'gpp_d': 467.0625946819548, 'ign_k': 0.17749546589114523, 'ign_c': 0.21234210963705627, 'trop_agb_crit': 19.51558406059598, 'trop_k_veg': 7.987006584710702}.
[I 2026-06-09 12:17:46,769] Trial 826 finished with values: [-0.5243869131438903, 0.23194233275802312] and parameters: {'k1': 1.263794633808287e-05, 'D_low': 125.32726386250698, 'k2': 0.0676863566564884, 'D_high': 39655.03094323017, 'fire_exp': 1.608176525358426, 'P_half': 28.647019533509873, 'pre_dampen_half': 673.2248920775328, 'gpp_af': 21.258647437649888, 'gpp_b': 1.7213644875359617e-05, 'gpp_d': 500.2195003344709, 'ign_k': 0.3242143344038317, 'ign_c': 18.43395662181926, 'trop_agb_crit': 1.5144860262751405, 'trop_k_veg': 4.8737397608275925}.
[I 2026-06-09 12:17:47,889] Trial 827 finished with values: [12.180608388621906, 12.180608388621906] and parameters: {'k1': 6.404854675916172e-05, 'D_low': 13.180029267201178, 'k2': 0.037633129263701104, 'D_high': 14268.845807630427, 'fire_exp': 1.060109541566103, 'P_half': 149.35213816355395, 'pre_dampen_half': 340.6909167027263, 'gpp_af': 1.3218737536384089, 'gpp_b': 2.036444166653217e-05, 'gpp_d': 99.3234953243749, 'ign_k': 0.3242143344038317, 'ign_c': 0.21234210963705627, 'trop_agb_crit': 19.51558406059598, 'trop_k_veg': 1.8981057964668895}.
[I 2026-06-09 12:17:49,014] Trial 828 finished with values: [10.203228543736293, 10.203228543736293] and parameters: {'k1': 0.01549659926581634, 'D_low': 1.254144753902608, 'k2': 0.037633129263701104, 'D_high': 39655.03094323017, 'fire_exp': 4.083015126292054, 'P_half': 1.4045842344024697, 'pre_dampen_half': 566.2858823465564, 'gpp_af': 21.258647437649888, 'gpp_b': 0.002262927522655115, 'gpp_d': 26.003623362924223, 'ign_k': 0.3242143344038317, 'ign_c': 21.132597710340573, 'trop_agb_crit': 1.5144860262751405, 'trop_k_veg': 4.51930447316402}.
[I 2026-06-09 12:17:50,259] Trial 829 finished with values: [10.610502424692424, 10.610502424692424] and parameters: {'k1': 9.969469187531805e-05, 'D_low': 1.533916259116362, 'k2': 0.0021314828404757746, 'D_high': 69868.4759244566, 'fire_exp': 1.9268171109476195, 'P_half': 108.21382910613987, 'pre_dampen_half': 340.6909167027263, 'gpp_af': 5.244830565633045, 'gpp_b': 0.002262927522655115, 'gpp_d': 7.070472286699648, 'ign_k': 0.005025876001070715, 'ign_c': 1.8836925134820866, 'trop_agb_crit': 2.0420012944047587, 'trop_k_veg': 4.51930447316402}.
[I 2026-06-09 12:17:51,507] Trial 830 finished with values: [-0.5702804891138195, 0.2049032805491845] and parameters: {'k1': 0.007519407491506672, 'D_low': 35.02761367842313, 'k2': 0.0009749762207436118, 'D_high': 39655.03094323017, 'fire_exp': 1.4408046627835394, 'P_half': 1.4045842344024697, 'pre_dampen_half': 17.849597677210657, 'gpp_af': 0.13767835510755025, 'gpp_b': 0.0028993292583566945, 'gpp_d': 467.0625946819548, 'ign_k': 3.1536006085184716, 'ign_c': 1.8836925134820866, 'trop_agb_crit': 2.6695352180079177, 'trop_k_veg': 1.1517712915946832}.
[I 2026-06-09 12:17:52,635] Trial 831 finished with values: [10.548969710438522, 10.548969710438522] and parameters: {'k1': 0.0030219760889797966, 'D_low': 10.16551026641873, 'k2': 0.037633129263701104, 'D_high': 14268.845807630427, 'fire_exp': 4.897843350587424, 'P_half': 17.655835392092534, 'pre_dampen_half': 11.164047352793695, 'gpp_af': 0.32613327839065587, 'gpp_b': 2.036444166653217e-05, 'gpp_d': 7.070472286699648, 'ign_k': 1.1215915868662767, 'ign_c': 0.9083381663660584, 'trop_agb_crit': 1.6369193980425034, 'trop_k_veg': 3.6260119779455584}.
[I 2026-06-09 12:17:53,778] Trial 832 finished with values: [10.058405742150322, 10.058405742150322] and parameters: {'k1': 6.364067167735477e-05, 'D_low': 125.32726386250698, 'k2': 1.5412172709801895e-05, 'D_high': 69868.4759244566, 'fire_exp': 1.608176525358426, 'P_half': 139.09474988024093, 'pre_dampen_half': 673.2248920775328, 'gpp_af': 0.003043562666458638, 'gpp_b': 1.7213644875359617e-05, 'gpp_d': 500.2195003344709, 'ign_k': 0.5456725485601477, 'ign_c': 0.20319809838424974, 'trop_agb_crit': 1.259515631748535, 'trop_k_veg': 1.1517712915946832}.
[I 2026-06-09 12:17:54,884] Trial 833 finished with values: [10.004519964067724, 10.004519964067724] and parameters: {'k1': 5.105542986365652e-05, 'D_low': 35.02761367842313, 'k2': 0.037633129263701104, 'D_high': 39655.03094323017, 'fire_exp': 1.608176525358426, 'P_half': 28.647019533509873, 'pre_dampen_half': 566.2858823465564, 'gpp_af': 21.258647437649888, 'gpp_b': 1.7213644875359617e-05, 'gpp_d': 500.2195003344709, 'ign_k': 0.3242143344038317, 'ign_c': 21.132597710340573, 'trop_agb_crit': 1.5144860262751405, 'trop_k_veg': 4.8737397608275925}.
[I 2026-06-09 12:17:56,034] Trial 834 finished with values: [10.242012009754067, 10.242012009754067] and parameters: {'k1': 0.007519407491506672, 'D_low': 125.32726386250698, 'k2': 8.488887549001697e-05, 'D_high': 69868.4759244566, 'fire_exp': 1.608176525358426, 'P_half': 28.647019533509873, 'pre_dampen_half': 1.785889900578207, 'gpp_af': 21.258647437649888, 'gpp_b': 1.7213644875359617e-05, 'gpp_d': 500.2195003344709, 'ign_k': 0.3242143344038317, 'ign_c': 0.20319809838424974, 'trop_agb_crit': 2.064341235744835, 'trop_k_veg': 4.8737397608275925}.
[I 2026-06-09 12:17:57,293] Trial 835 finished with values: [10.196004166340224, 10.196004166340224] and parameters: {'k1': 1.263794633808287e-05, 'D_low': 1058.4084917159623, 'k2': 0.0005700142105246941, 'D_high': 39655.03094323017, 'fire_exp': 1.608176525358426, 'P_half': 108.21382910613987, 'pre_dampen_half': 269.0845367054866, 'gpp_af': 0.05468366589489105, 'gpp_b': 0.002262927522655115, 'gpp_d': 500.2195003344709, 'ign_k': 0.4303356629825978, 'ign_c': 18.43395662181926, 'trop_agb_crit': 19.51558406059598, 'trop_k_veg': 4.8737397608275925}.
[I 2026-06-09 12:17:58,499] Trial 836 finished with values: [10.809232413917549, 10.809232413917549] and parameters: {'k1': 0.01549659926581634, 'D_low': 456.7167062335233, 'k2': 0.0005700142105246941, 'D_high': 39655.03094323017, 'fire_exp': 2.10707132280748, 'P_half': 1519.8469040509603, 'pre_dampen_half': 340.6909167027263, 'gpp_af': 1.3218737536384089, 'gpp_b': 0.00977702299083608, 'gpp_d': 26.003623362924223, 'ign_k': 3.1536006085184716, 'ign_c': 18.43395662181926, 'trop_agb_crit': 2.6695352180079177, 'trop_k_veg': 1.8981057964668895}.
[I 2026-06-09 12:17:59,889] Trial 837 finished with values: [10.189121538042098, 10.189121538042098] and parameters: {'k1': 5.105542986365652e-05, 'D_low': 5113.417788397264, 'k2': 8.488887549001697e-05, 'D_high': 39655.03094323017, 'fire_exp': 1.608176525358426, 'P_half': 28.647019533509873, 'pre_dampen_half': 673.2248920775328, 'gpp_af': 0.014900828260318204, 'gpp_b': 1.7213644875359617e-05, 'gpp_d': 500.2195003344709, 'ign_k': 0.3242143344038317, 'ign_c': 18.43395662181926, 'trop_agb_crit': 1.5144860262751405, 'trop_k_veg': 4.8737397608275925}.
[I 2026-06-09 12:18:01,117] Trial 838 finished with values: [10.849809216860404, 10.849809216860404] and parameters: {'k1': 0.0003956067228030585, 'D_low': 2.3244932709566686, 'k2': 0.0005700142105246941, 'D_high': 69868.4759244566, 'fire_exp': 2.4902446681314054, 'P_half': 818.2111518618419, 'pre_dampen_half': 673.2248920775328, 'gpp_af': 0.5107061330406066, 'gpp_b': 2.036444166653217e-05, 'gpp_d': 1.2434469102435366, 'ign_k': 0.004224235973517089, 'ign_c': 0.20319809838424974, 'trop_agb_crit': 8.404607864475192, 'trop_k_veg': 5.06204715641377}.
[I 2026-06-09 12:18:02,369] Trial 839 finished with values: [-0.48622664011087513, 0.23856414964130035] and parameters: {'k1': 6.404854675916172e-05, 'D_low': 12.115155843077673, 'k2': 0.06994589881535453, 'D_high': 18125.870836716233, 'fire_exp': 1.4848387260494937, 'P_half': 108.21382910613987, 'pre_dampen_half': 269.0845367054866, 'gpp_af': 1.3218737536384089, 'gpp_b': 0.002925302746048532, 'gpp_d': 1.5988721385117124, 'ign_k': 0.3242143344038317, 'ign_c': 0.21234210963705627, 'trop_agb_crit': 19.51558406059598, 'trop_k_veg': 4.51930447316402}.
[I 2026-06-09 12:18:03,561] Trial 840 finished with values: [12.747640022074751, 12.747640022074751] and parameters: {'k1': 0.0030219760889797966, 'D_low': 125.32726386250698, 'k2': 8.488887549001697e-05, 'D_high': 39655.03094323017, 'fire_exp': 1.608176525358426, 'P_half': 28.647019533509873, 'pre_dampen_half': 673.2248920775328, 'gpp_af': 1.3218737536384089, 'gpp_b': 2.036444166653217e-05, 'gpp_d': 500.2195003344709, 'ign_k': 1.1215915868662767, 'ign_c': 0.40706527234697265, 'trop_agb_crit': 1.5144860262751405, 'trop_k_veg': 4.8737397608275925}.
[I 2026-06-09 12:18:04,865] Trial 841 finished with values: [-0.48339265036119466, 0.24785014448394904] and parameters: {'k1': 0.007519407491506672, 'D_low': 1.533916259116362, 'k2': 1.3357240411974104e-05, 'D_high': 18125.870836716233, 'fire_exp': 1.4848387260494937, 'P_half': 108.21382910613987, 'pre_dampen_half': 340.6909167027263, 'gpp_af': 1.8075983730158514, 'gpp_b': 0.0006724850206557243, 'gpp_d': 1.5988721385117124, 'ign_k': 0.5456725485601477, 'ign_c': 0.21234210963705627, 'trop_agb_crit': 2.679156169946616, 'trop_k_veg': 4.51930447316402}.
[I 2026-06-09 12:18:06,033] Trial 842 finished with values: [-0.5871250890244768, 0.07965411785348242] and parameters: {'k1': 0.01549659926581634, 'D_low': 115.44738876452311, 'k2': 0.0005700142105246941, 'D_high': 39655.03094323017, 'fire_exp': 2.10707132280748, 'P_half': 50.32059347286801, 'pre_dampen_half': 340.6909167027263, 'gpp_af': 1.3218737536384089, 'gpp_b': 0.00977702299083608, 'gpp_d': 26.003623362924223, 'ign_k': 3.1536006085184716, 'ign_c': 21.132597710340573, 'trop_agb_crit': 2.6695352180079177, 'trop_k_veg': 1.8981057964668895}.
[I 2026-06-09 12:18:07,213] Trial 843 finished with values: [10.891541364577266, 10.891541364577266] and parameters: {'k1': 0.007519407491506672, 'D_low': 1.533916259116362, 'k2': 1.3357240411974104e-05, 'D_high': 41821.78526757458, 'fire_exp': 1.060109541566103, 'P_half': 45.55085098454082, 'pre_dampen_half': 340.6909167027263, 'gpp_af': 1.8075983730158514, 'gpp_b': 9.013656694247166, 'gpp_d': 0.0735311909944862, 'ign_k': 0.5456725485601477, 'ign_c': 1.0022396791143333, 'trop_agb_crit': 2.679156169946616, 'trop_k_veg': 3.6260119779455584}.
[I 2026-06-09 12:18:08,371] Trial 844 finished with values: [-0.469464325166242, 0.3710745334208745] and parameters: {'k1': 0.007519407491506672, 'D_low': 12.115155843077673, 'k2': 1.3357240411974104e-05, 'D_high': 41821.78526757458, 'fire_exp': 1.060109541566103, 'P_half': 45.55085098454082, 'pre_dampen_half': 340.6909167027263, 'gpp_af': 1.8075983730158514, 'gpp_b': 0.0006724850206557243, 'gpp_d': 0.0735311909944862, 'ign_k': 0.5456725485601477, 'ign_c': 0.20319809838424974, 'trop_agb_crit': 1.3063813396521713, 'trop_k_veg': 5.476805317861599}.
[I 2026-06-09 12:18:09,557] Trial 845 finished with values: [10.480949750701152, 10.480949750701152] and parameters: {'k1': 0.01549659926581634, 'D_low': 2.3244932709566686, 'k2': 1.5412172709801895e-05, 'D_high': 39655.03094323017, 'fire_exp': 2.10707132280748, 'P_half': 1.4045842344024697, 'pre_dampen_half': 673.2248920775328, 'gpp_af': 0.5107061330406066, 'gpp_b': 0.0028993292583566945, 'gpp_d': 26.003623362924223, 'ign_k': 0.0019264360371306567, 'ign_c': 1.887567630782227, 'trop_agb_crit': 1.259515631748535, 'trop_k_veg': 4.51930447316402}.
[I 2026-06-09 12:18:10,837] Trial 846 finished with values: [10.683075731895673, 10.683075731895673] and parameters: {'k1': 0.01549659926581634, 'D_low': 12.115155843077673, 'k2': 0.013475408399574632, 'D_high': 231.73482832991365, 'fire_exp': 1.157110862187662, 'P_half': 108.21382910613987, 'pre_dampen_half': 269.0845367054866, 'gpp_af': 43.152388554791976, 'gpp_b': 0.002262927522655115, 'gpp_d': 26.003623362924223, 'ign_k': 0.3242143344038317, 'ign_c': 14.448691591610485, 'trop_agb_crit': 2.6695352180079177, 'trop_k_veg': 1.8981057964668895}.
[I 2026-06-09 12:18:12,059] Trial 847 finished with values: [-0.5374598946771595, 0.1865588182548692] and parameters: {'k1': 1.263794633808287e-05, 'D_low': 125.32726386250698, 'k2': 0.0005700142105246941, 'D_high': 23341.737328466752, 'fire_exp': 1.608176525358426, 'P_half': 28.647019533509873, 'pre_dampen_half': 673.2248920775328, 'gpp_af': 0.4025222451217556, 'gpp_b': 1.7213644875359617e-05, 'gpp_d': 500.2195003344709, 'ign_k': 0.4303356629825978, 'ign_c': 18.43395662181926, 'trop_agb_crit': 1.5144860262751405, 'trop_k_veg': 4.8737397608275925}.
[I 2026-06-09 12:18:13,207] Trial 848 finished with values: [10.640370765619267, 10.640370765619267] and parameters: {'k1': 6.615437365561391e-05, 'D_low': 1.254144753902608, 'k2': 0.0005700142105246941, 'D_high': 39655.03094323017, 'fire_exp': 2.10707132280748, 'P_half': 312.1352032203989, 'pre_dampen_half': 340.6909167027263, 'gpp_af': 1.3218737536384089, 'gpp_b': 0.00977702299083608, 'gpp_d': 467.0625946819548, 'ign_k': 3.1536006085184716, 'ign_c': 21.132597710340573, 'trop_agb_crit': 2.6695352180079177, 'trop_k_veg': 4.51930447316402}.
[I 2026-06-09 12:18:14,362] Trial 849 finished with values: [10.700631084602104, 10.700631084602104] and parameters: {'k1': 0.0030219760889797966, 'D_low': 12.115155843077673, 'k2': 0.037633129263701104, 'D_high': 14268.845807630427, 'fire_exp': 3.411597492629774, 'P_half': 50.32059347286801, 'pre_dampen_half': 566.2858823465564, 'gpp_af': 1.3218737536384089, 'gpp_b': 2.036444166653217e-05, 'gpp_d': 7.070472286699648, 'ign_k': 3.1536006085184716, 'ign_c': 1.8836925134820866, 'trop_agb_crit': 2.6695352180079177, 'trop_k_veg': 4.8737397608275925}.
[I 2026-06-09 12:18:15,507] Trial 850 finished with values: [13.557400151901746, 13.557400151901746] and parameters: {'k1': 0.007519407491506672, 'D_low': 2.3244932709566686, 'k2': 0.0005700142105246941, 'D_high': 39655.03094323017, 'fire_exp': 1.227790961952692, 'P_half': 50.32059347286801, 'pre_dampen_half': 673.2248920775328, 'gpp_af': 5.975195267844334, 'gpp_b': 0.0028993292583566945, 'gpp_d': 467.0625946819548, 'ign_k': 3.1536006085184716, 'ign_c': 0.20319809838424974, 'trop_agb_crit': 1.259515631748535, 'trop_k_veg': 1.1517712915946832}.
[I 2026-06-09 12:18:16,629] Trial 851 finished with values: [11.227057329733716, 11.227057329733716] and parameters: {'k1': 0.01549659926581634, 'D_low': 125.32726386250698, 'k2': 0.037633129263701104, 'D_high': 39655.03094323017, 'fire_exp': 1.3418793932280086, 'P_half': 1.4045842344024697, 'pre_dampen_half': 673.2248920775328, 'gpp_af': 21.258647437649888, 'gpp_b': 0.002262927522655115, 'gpp_d': 500.2195003344709, 'ign_k': 0.3242143344038317, 'ign_c': 21.132597710340573, 'trop_agb_crit': 16.60359205967446, 'trop_k_veg': 4.51930447316402}.
[I 2026-06-09 12:18:17,891] Trial 852 finished with values: [10.09739649221088, 10.09739649221088] and parameters: {'k1': 9.969469187531805e-05, 'D_low': 1.2164034504723769, 'k2': 0.0009749762207436118, 'D_high': 39655.03094323017, 'fire_exp': 1.4408046627835394, 'P_half': 1.4045842344024697, 'pre_dampen_half': 81.30934046917365, 'gpp_af': 5.244830565633045, 'gpp_b': 0.0028993292583566945, 'gpp_d': 7.070472286699648, 'ign_k': 0.3242143344038317, 'ign_c': 0.20319809838424974, 'trop_agb_crit': 1.259515631748535, 'trop_k_veg': 1.1517712915946832}.
[I 2026-06-09 12:18:19,160] Trial 853 finished with values: [-0.48716155598526223, 0.2754687167658302] and parameters: {'k1': 0.00515305301141249, 'D_low': 12.115155843077673, 'k2': 1.5412172709801895e-05, 'D_high': 41821.78526757458, 'fire_exp': 1.608176525358426, 'P_half': 71.44571308652827, 'pre_dampen_half': 673.2248920775328, 'gpp_af': 1.3218737536384089, 'gpp_b': 0.0006724850206557243, 'gpp_d': 0.7923715993309053, 'ign_k': 0.4235909356730625, 'ign_c': 0.20319809838424974, 'trop_agb_crit': 1.3063813396521713, 'trop_k_veg': 5.476805317861599}.
[I 2026-06-09 12:18:20,582] Trial 854 finished with values: [-0.4881581546981404, 0.2774674605433055] and parameters: {'k1': 6.404854675916172e-05, 'D_low': 10.16551026641873, 'k2': 4.540076719227351e-05, 'D_high': 14268.845807630427, 'fire_exp': 1.0227532009936005, 'P_half': 108.21382910613987, 'pre_dampen_half': 269.0845367054866, 'gpp_af': 0.32613327839065587, 'gpp_b': 0.002262927522655115, 'gpp_d': 0.42885111268165765, 'ign_k': 1.1215915868662767, 'ign_c': 0.21234210963705627, 'trop_agb_crit': 19.51558406059598, 'trop_k_veg': 4.51930447316402}.
[I 2026-06-09 12:18:21,715] Trial 855 finished with values: [-0.5024959632846194, 0.23334864861173388] and parameters: {'k1': 0.01549659926581634, 'D_low': 12.115155843077673, 'k2': 0.037633129263701104, 'D_high': 39655.03094323017, 'fire_exp': 1.157110862187662, 'P_half': 683.8782488668313, 'pre_dampen_half': 269.0845367054866, 'gpp_af': 1.3218737536384089, 'gpp_b': 0.050107402158164165, 'gpp_d': 26.003623362924223, 'ign_k': 0.0019264360371306567, 'ign_c': 0.21234210963705627, 'trop_agb_crit': 19.51558406059598, 'trop_k_veg': 4.51930447316402}.
[I 2026-06-09 12:18:22,863] Trial 856 finished with values: [-0.5194663752345419, 0.20576727894994407] and parameters: {'k1': 1.263794633808287e-05, 'D_low': 1.395216238046901, 'k2': 8.488887549001697e-05, 'D_high': 39655.03094323017, 'fire_exp': 1.608176525358426, 'P_half': 28.647019533509873, 'pre_dampen_half': 673.2248920775328, 'gpp_af': 21.258647437649888, 'gpp_b': 1.7213644875359617e-05, 'gpp_d': 500.2195003344709, 'ign_k': 0.3242143344038317, 'ign_c': 18.43395662181926, 'trop_agb_crit': 2.064341235744835, 'trop_k_veg': 4.8737397608275925}.
[I 2026-06-09 12:18:24,029] Trial 857 finished with values: [15.232179762820994, 15.232179762820994] and parameters: {'k1': 0.01549659926581634, 'D_low': 1.254144753902608, 'k2': 0.06994589881535453, 'D_high': 14268.845807630427, 'fire_exp': 1.060109541566103, 'P_half': 1.4045842344024697, 'pre_dampen_half': 566.2858823465564, 'gpp_af': 1.8075983730158514, 'gpp_b': 0.0006724850206557243, 'gpp_d': 26.003623362924223, 'ign_k': 0.5456725485601477, 'ign_c': 1.6312233285809252, 'trop_agb_crit': 19.51558406059598, 'trop_k_veg': 4.51930447316402}.
