[I 2026-08-06 10:15:30,933] Trial 234 finished with values: [-0.49116659072347985, 0.1632730610047083] and parameters: {'k1': 0.008912611835817005, 'D_low': 7.299348683062307, 'k2': 0.0003432139136241583, 'D_high': 1493.5213816355397, 'fire_exp': 1.1263716762638152, 'P_half': 5.076307782729897, 'pre_dampen_half': 63.6685916079943, 'gpp_af': 0.6403036652671171, 'gpp_b': 0.14577755664212386, 'gpp_d': 757.2868182332339, 'ign_k': 0.21006485619596416, 'ign_c': 1.9580595319750387, 'trop_agb_crit': 1.0903028125370984, 'trop_k_veg': 2.194427136482602}.
[I 2026-08-06 10:15:32,121] Trial 235 finished with values: [10.610012468096095, 10.610012468096095] and parameters: {'k1': 0.008912611835817005, 'D_low': 355.00125258511594, 'k2': 0.003101429427212743, 'D_high': 88.90110660871557, 'fire_exp': 1.1263716762638152, 'P_half': 4.087300390305745, 'pre_dampen_half': 63.6685916079943, 'gpp_af': 1.5386842469144075, 'gpp_b': 0.22727308251068193, 'gpp_d': 757.2868182332339, 'ign_k': 0.11619873314872933, 'ign_c': 0.8547476176667198, 'trop_agb_crit': 14.948114979829949, 'trop_k_veg': 0.5349971555643298}.
[I 2026-08-06 10:15:33,307] Trial 236 finished with values: [10.531140903192354, 10.531140903192354] and parameters: {'k1': 0.012840669372724958, 'D_low': 40.12413353131991, 'k2': 0.007058572590901788, 'D_high': 8182.111518618414, 'fire_exp': 1.423480109671474, 'P_half': 93.43302657318476, 'pre_dampen_half': 3.3841016089580034, 'gpp_af': 0.2204465010099918, 'gpp_b': 3.481277316673104e-05, 'gpp_d': 6.792399189485706, 'ign_k': 0.019192001101561888, 'ign_c': 0.557280750002996, 'trop_agb_crit': 2.4645410377327237, 'trop_k_veg': 5.580504276549027}.
[I 2026-08-06 10:15:34,556] Trial 237 finished with values: [10.76618681141503, 10.76618681141503] and parameters: {'k1': 0.0002656971546588439, 'D_low': 4.484744524732794, 'k2': 0.00025255166452944054, 'D_high': 88.90110660871557, 'fire_exp': 1.264103030891254, 'P_half': 220.3445560633069, 'pre_dampen_half': 2.736251365128462, 'gpp_af': 0.7539992074650279, 'gpp_b': 0.14577755664212386, 'gpp_d': 0.26636419343091605, 'ign_k': 0.010167079878196114, 'ign_c': 30.785541778315018, 'trop_agb_crit': 18.785197416433792, 'trop_k_veg': 0.5303724136602885}.
[I 2026-08-06 10:15:35,762] Trial 238 finished with values: [10.690163570610528, 10.690163570610528] and parameters: {'k1': 0.002367935204022389, 'D_low': 252.38726750780188, 'k2': 0.003101429427212743, 'D_high': 1236.6924205139144, 'fire_exp': 1.221575427404682, 'P_half': 65.03622711342449, 'pre_dampen_half': 8.594202650742222, 'gpp_af': 0.15988721385117122, 'gpp_b': 0.00431329787498825, 'gpp_d': 0.043441170039664925, 'ign_k': 0.07091190338709638, 'ign_c': 1.9580595319750387, 'trop_agb_crit': 1.0693376406863295, 'trop_k_veg': 1.0594599158279707}.
[I 2026-08-06 10:15:36,931] Trial 239 finished with values: [10.564727206525058, 10.564727206525058] and parameters: {'k1': 0.004312951023617458, 'D_low': 38.82837025280678, 'k2': 0.031536006085184705, 'D_high': 3712.591045287726, 'fire_exp': 3.3801590342525687, 'P_half': 220.3445560633069, 'pre_dampen_half': 502.5175192217655, 'gpp_af': 0.7539992074650279, 'gpp_b': 0.0021331409710300844, 'gpp_d': 16.460426816350523, 'ign_k': 0.0680787482656459, 'ign_c': 2.414259639010457, 'trop_agb_crit': 1.0693376406863295, 'trop_k_veg': 0.6673124511410327}.
[I 2026-08-06 10:15:38,101] Trial 240 finished with values: [10.493986008773913, 10.493986008773913] and parameters: {'k1': 0.008912611835817005, 'D_low': 12.105387404469584, 'k2': 1.1065812688893481e-05, 'D_high': 5670.3463356272905, 'fire_exp': 1.695318866910499, 'P_half': 220.3445560633069, 'pre_dampen_half': 63.6685916079943, 'gpp_af': 0.6403036652671171, 'gpp_b': 0.0005739662837359252, 'gpp_d': 5.1715677287580455, 'ign_k': 0.010167079878196114, 'ign_c': 11.400863701127316, 'trop_agb_crit': 7.500118950416987, 'trop_k_veg': 0.6673124511410327}.
[I 2026-08-06 10:15:39,846] Trial 241 finished with values: [10.692586879434812, 10.692586879434812] and parameters: {'k1': 0.00047324071251811085, 'D_low': 520.4862686958022, 'k2': 7.914423612155373e-05, 'D_high': 3712.591045287726, 'fire_exp': 1.2171655955604195, 'P_half': 712.8188058401365, 'pre_dampen_half': 63.6685916079943, 'gpp_af': 5.335773317316405, 'gpp_b': 2.5261484261151592e-05, 'gpp_d': 757.2868182332339, 'ign_k': 0.0680787482656459, 'ign_c': 33.81093273170848, 'trop_agb_crit': 8.997007571451054, 'trop_k_veg': 3.49157152291552}.
[I 2026-08-06 10:15:41,316] Trial 242 finished with values: [10.325767491041013, 10.325767491041013] and parameters: {'k1': 0.05705198955850472, 'D_low': 12.105387404469584, 'k2': 8.923807143379776e-05, 'D_high': 5670.3463356272905, 'fire_exp': 1.3170256885255098, 'P_half': 4.213183643253957, 'pre_dampen_half': 14.711215379121963, 'gpp_af': 9.860891468435602, 'gpp_b': 0.0005739662837359252, 'gpp_d': 1.493264336549928, 'ign_k': 0.21006485619596416, 'ign_c': 0.557280750002996, 'trop_agb_crit': 7.500118950416987, 'trop_k_veg': 2.573214588078609}.
[I 2026-08-06 10:15:42,583] Trial 243 finished with values: [10.75690364129744, 10.75690364129744] and parameters: {'k1': 0.008287522363768155, 'D_low': 355.00125258511594, 'k2': 0.09811523358736457, 'D_high': 252.84086172415604, 'fire_exp': 1.3170256885255098, 'P_half': 712.8188058401365, 'pre_dampen_half': 63.6685916079943, 'gpp_af': 0.6403036652671171, 'gpp_b': 0.42247700890263645, 'gpp_d': 2.944272359149677, 'ign_k': 0.12329098365270515, 'ign_c': 5.13055176058983, 'trop_agb_crit': 1.0903028125370984, 'trop_k_veg': 0.6743482387129308}.
[I 2026-08-06 10:15:43,896] Trial 244 finished with values: [10.768938952351307, 10.768938952351307] and parameters: {'k1': 0.002367935204022389, 'D_low': 2.4622754931226587, 'k2': 0.011715293025123641, 'D_high': 21.947742689197344, 'fire_exp': 1.221575427404682, 'P_half': 140.74279366401683, 'pre_dampen_half': 0.9829324480069708, 'gpp_af': 5.335773317316405, 'gpp_b': 0.0038900687554386305, 'gpp_d': 0.016846901973653922, 'ign_k': 0.0680787482656459, 'ign_c': 11.903394335305014, 'trop_agb_crit': 7.444615346113405, 'trop_k_veg': 1.3602724017812755}.
[I 2026-08-06 10:15:45,360] Trial 245 finished with values: [10.769230768838547, 10.769230768838547] and parameters: {'k1': 0.01889771394135163, 'D_low': 40.52505887227999, 'k2': 1.1065812688893481e-05, 'D_high': 431.45617043093523, 'fire_exp': 1.0601964743503993, 'P_half': 4.213183643253957, 'pre_dampen_half': 107.40052367919465, 'gpp_af': 1.9706963379095486, 'gpp_b': 0.0054502936945582505, 'gpp_d': 0.12878367369717508, 'ign_k': 8.708806168038567, 'ign_c': 39.52220881906114, 'trop_agb_crit': 1.0693376406863295, 'trop_k_veg': 1.8914629029068306}.
[I 2026-08-06 10:15:46,564] Trial 246 finished with values: [10.721064745063453, 10.721064745063453] and parameters: {'k1': 2.316457903103837e-05, 'D_low': 1.9977959434035766, 'k2': 0.0007047307383115598, 'D_high': 61536.58035691648, 'fire_exp': 1.0629462657398439, 'P_half': 221.2683656611821, 'pre_dampen_half': 3.3841016089580034, 'gpp_af': 5.335773317316405, 'gpp_b': 1.284284091405877e-05, 'gpp_d': 150.14555442537656, 'ign_k': 5.351470428717437, 'ign_c': 18.219343937475102, 'trop_agb_crit': 8.997007571451054, 'trop_k_veg': 1.4584243470991722}.
[I 2026-08-06 10:15:47,708] Trial 247 finished with values: [10.735840508457136, 10.735840508457136] and parameters: {'k1': 0.012840669372724958, 'D_low': 12.105387404469584, 'k2': 0.003767022142229395, 'D_high': 107.53522341516504, 'fire_exp': 1.0601964743503993, 'P_half': 323.6099399575106, 'pre_dampen_half': 3.0023172465753074, 'gpp_af': 1.9706963379095486, 'gpp_b': 0.22727308251068193, 'gpp_d': 5.1715677287580455, 'ign_k': 0.00840038491455979, 'ign_c': 1.9580595319750387, 'trop_agb_crit': 1.0693376406863295, 'trop_k_veg': 4.989748894578724}.
[I 2026-08-06 10:15:48,878] Trial 248 finished with values: [10.769230766122224, 10.769230766122224] and parameters: {'k1': 0.012021930484915042, 'D_low': 3123.981524414059, 'k2': 0.003101429427212743, 'D_high': 21.947742689197344, 'fire_exp': 1.1263716762638152, 'P_half': 133.4807155996069, 'pre_dampen_half': 5.048653998722947, 'gpp_af': 5.335773317316405, 'gpp_b': 8.02603067403424, 'gpp_d': 757.2868182332339, 'ign_k': 0.11619873314872933, 'ign_c': 2.8335389417624683, 'trop_agb_crit': 14.948114979829949, 'trop_k_veg': 1.0594599158279707}.
[I 2026-08-06 10:15:50,033] Trial 249 finished with values: [10.304661394128852, 10.304661394128852] and parameters: {'k1': 0.00031134168041628584, 'D_low': 2.4622754931226587, 'k2': 0.003767022142229395, 'D_high': 21.947742689197344, 'fire_exp': 1.1263716762638152, 'P_half': 4.213183643253957, 'pre_dampen_half': 38.00678588560607, 'gpp_af': 1.200191344086032, 'gpp_b': 1.4540386644083135e-05, 'gpp_d': 757.2868182332339, 'ign_k': 0.00840038491455979, 'ign_c': 48.704711413416454, 'trop_agb_crit': 1.0693376406863295, 'trop_k_veg': 0.6673124511410327}.
[I 2026-08-06 10:15:51,205] Trial 250 finished with values: [10.193225233453056, 10.193225233453056] and parameters: {'k1': 0.008912611835817005, 'D_low': 355.00125258511594, 'k2': 0.03538758864779238, 'D_high': 11832.967057468773, 'fire_exp': 1.3170256885255098, 'P_half': 5.076307782729897, 'pre_dampen_half': 63.6685916079943, 'gpp_af': 0.6403036652671171, 'gpp_b': 0.0005739662837359252, 'gpp_d': 2.944272359149677, 'ign_k': 0.21006485619596416, 'ign_c': 5.13055176058983, 'trop_agb_crit': 1.0903028125370984, 'trop_k_veg': 3.1473758868965476}.
[I 2026-08-06 10:15:52,331] Trial 251 finished with values: [12.99510815636106, 12.99510815636106] and parameters: {'k1': 0.004312951023617458, 'D_low': 4.484744524732794, 'k2': 0.003767022142229395, 'D_high': 3712.591045287726, 'fire_exp': 1.0629462657398439, 'P_half': 220.3445560633069, 'pre_dampen_half': 502.5175192217655, 'gpp_af': 0.7539992074650279, 'gpp_b': 1.4540386644083135e-05, 'gpp_d': 16.460426816350523, 'ign_k': 0.00840038491455979, 'ign_c': 15.221840161091626, 'trop_agb_crit': 1.0693376406863295, 'trop_k_veg': 1.4584243470991722}.
[I 2026-08-06 10:15:53,438] Trial 252 finished with values: [10.372527790782877, 10.372527790782877] and parameters: {'k1': 0.01889771394135163, 'D_low': 70.18267183720735, 'k2': 0.003767022142229395, 'D_high': 431.45617043093523, 'fire_exp': 1.0601964743503993, 'P_half': 4.213183643253957, 'pre_dampen_half': 107.40052367919465, 'gpp_af': 1.9706963379095486, 'gpp_b': 0.0054502936945582505, 'gpp_d': 84.31013932082456, 'ign_k': 0.00840038491455979, 'ign_c': 20.03995359361212, 'trop_agb_crit': 1.0693376406863295, 'trop_k_veg': 6.9782110227926815}.
[I 2026-08-06 10:15:54,609] Trial 253 finished with values: [10.762604987445656, 10.762604987445656] and parameters: {'k1': 0.008287522363768155, 'D_low': 4.075267974954964, 'k2': 0.003101429427212743, 'D_high': 21.947742689197344, 'fire_exp': 1.165368636520435, 'P_half': 12.808863354047988, 'pre_dampen_half': 63.6685916079943, 'gpp_af': 0.6403036652671171, 'gpp_b': 0.22727308251068193, 'gpp_d': 0.043441170039664925, 'ign_k': 0.12329098365270515, 'ign_c': 1.9580595319750387, 'trop_agb_crit': 3.5747129226002423, 'trop_k_veg': 6.9782110227926815}.
[I 2026-08-06 10:15:55,746] Trial 254 finished with values: [10.195980329626357, 10.195980329626357] and parameters: {'k1': 0.00488137519160367, 'D_low': 2.143851363193517, 'k2': 7.914423612155373e-05, 'D_high': 8182.111518618414, 'fire_exp': 1.1430983876313219, 'P_half': 220.3445560633069, 'pre_dampen_half': 10.129197956845726, 'gpp_af': 0.12269699058825158, 'gpp_b': 3.481277316673104e-05, 'gpp_d': 150.14555442537656, 'ign_k': 0.019192001101561888, 'ign_c': 0.70689749506246, 'trop_agb_crit': 1.0455434848969813, 'trop_k_veg': 2.573214588078609}.
[I 2026-08-06 10:15:56,868] Trial 255 finished with values: [10.232393993793595, 10.232393993793595] and parameters: {'k1': 3.23559867820537e-05, 'D_low': 1112.9571947046009, 'k2': 8.923807143379776e-05, 'D_high': 8182.111518618414, 'fire_exp': 1.695318866910499, 'P_half': 220.3445560633069, 'pre_dampen_half': 502.5175192217655, 'gpp_af': 0.7539992074650279, 'gpp_b': 3.481277316673104e-05, 'gpp_d': 150.14555442537656, 'ign_k': 0.0680787482656459, 'ign_c': 0.557280750002996, 'trop_agb_crit': 24.584290528289387, 'trop_k_veg': 1.6081790145072552}.
[I 2026-08-06 10:15:57,973] Trial 256 finished with values: [10.762396295779542, 10.762396295779542] and parameters: {'k1': 0.008912611835817005, 'D_low': 355.00125258511594, 'k2': 0.03538758864779238, 'D_high': 107.53522341516504, 'fire_exp': 1.3170256885255098, 'P_half': 4.213183643253957, 'pre_dampen_half': 48.74291611803564, 'gpp_af': 1.6059727222314273, 'gpp_b': 0.22727308251068193, 'gpp_d': 2.944272359149677, 'ign_k': 0.010167079878196114, 'ign_c': 5.13055176058983, 'trop_agb_crit': 1.0693376406863295, 'trop_k_veg': 3.1473758868965476}.
[I 2026-08-06 10:15:59,079] Trial 257 finished with values: [10.623019412008919, 10.623019412008919] and parameters: {'k1': 0.008912611835817005, 'D_low': 355.00125258511594, 'k2': 0.003767022142229395, 'D_high': 21.947742689197344, 'fire_exp': 1.1263716762638152, 'P_half': 4.213183643253957, 'pre_dampen_half': 63.6685916079943, 'gpp_af': 1.200191344086032, 'gpp_b': 0.0005739662837359252, 'gpp_d': 757.2868182332339, 'ign_k': 0.21006485619596416, 'ign_c': 5.13055176058983, 'trop_agb_crit': 1.0693376406863295, 'trop_k_veg': 3.1473758868965476}.
[I 2026-08-06 10:16:00,203] Trial 258 finished with values: [10.689379088831494, 10.689379088831494] and parameters: {'k1': 5.153993511603138e-05, 'D_low': 7.890004262668578, 'k2': 0.007058572590901788, 'D_high': 431.45617043093523, 'fire_exp': 2.1154350616377124, 'P_half': 4.213183643253957, 'pre_dampen_half': 17.707795393478506, 'gpp_af': 1.9706963379095486, 'gpp_b': 1.4540386644083135e-05, 'gpp_d': 6.792399189485706, 'ign_k': 0.0029519227433917453, 'ign_c': 2.957080941494347, 'trop_agb_crit': 2.009167401373723, 'trop_k_veg': 0.6673124511410327}.
[I 2026-08-06 10:16:01,311] Trial 259 finished with values: [10.586737392734186, 10.586737392734186] and parameters: {'k1': 0.008912611835817005, 'D_low': 4.484744524732794, 'k2': 1.915468390724633e-05, 'D_high': 3712.591045287726, 'fire_exp': 1.0629462657398439, 'P_half': 5.076307782729897, 'pre_dampen_half': 63.6685916079943, 'gpp_af': 0.6403036652671171, 'gpp_b': 0.0021331409710300844, 'gpp_d': 16.460426816350523, 'ign_k': 0.0680787482656459, 'ign_c': 1.9580595319750387, 'trop_agb_crit': 24.584290528289387, 'trop_k_veg': 2.194427136482602}.
[I 2026-08-06 10:16:02,468] Trial 260 finished with values: [10.111431798031436, 10.111431798031436] and parameters: {'k1': 0.00031134168041628584, 'D_low': 4.484744524732794, 'k2': 1.915468390724633e-05, 'D_high': 21.947742689197344, 'fire_exp': 1.1263716762638152, 'P_half': 220.3445560633069, 'pre_dampen_half': 502.5175192217655, 'gpp_af': 1.200191344086032, 'gpp_b': 1.4540386644083135e-05, 'gpp_d': 16.460426816350523, 'ign_k': 0.00840038491455979, 'ign_c': 15.221840161091626, 'trop_agb_crit': 1.0693376406863295, 'trop_k_veg': 1.4584243470991722}.
[I 2026-08-06 10:16:03,639] Trial 261 finished with values: [10.569706383734168, 10.569706383734168] and parameters: {'k1': 0.012840669372724958, 'D_low': 7.299348683062307, 'k2': 0.014344484793173472, 'D_high': 431.45617043093523, 'fire_exp': 1.7329145403564932, 'P_half': 4.213183643253957, 'pre_dampen_half': 63.6685916079943, 'gpp_af': 5.335773317316405, 'gpp_b': 1.4540386644083135e-05, 'gpp_d': 0.12878367369717508, 'ign_k': 0.01364908766641695, 'ign_c': 39.52220881906114, 'trop_agb_crit': 1.0903028125370984, 'trop_k_veg': 0.6673124511410327}.
[I 2026-08-06 10:16:04,756] Trial 262 finished with values: [10.232039083234156, 10.232039083234156] and parameters: {'k1': 0.04669327135003539, 'D_low': 7.299348683062307, 'k2': 1.915468390724633e-05, 'D_high': 3712.591045287726, 'fire_exp': 1.0629462657398439, 'P_half': 712.8188058401365, 'pre_dampen_half': 63.6685916079943, 'gpp_af': 0.6403036652671171, 'gpp_b': 0.14577755664212386, 'gpp_d': 757.2868182332339, 'ign_k': 0.12329098365270515, 'ign_c': 0.557280750002996, 'trop_agb_crit': 24.584290528289387, 'trop_k_veg': 2.4336356947036335}.
[I 2026-08-06 10:16:06,035] Trial 263 finished with values: [-0.4982259853881626, 0.17076252017524463] and parameters: {'k1': 3.23559867820537e-05, 'D_low': 1112.9571947046009, 'k2': 8.923807143379776e-05, 'D_high': 5670.3463356272905, 'fire_exp': 1.3170256885255098, 'P_half': 220.3445560633069, 'pre_dampen_half': 502.5175192217655, 'gpp_af': 0.7539992074650279, 'gpp_b': 3.481277316673104e-05, 'gpp_d': 150.14555442537656, 'ign_k': 0.0680787482656459, 'ign_c': 0.557280750002996, 'trop_agb_crit': 24.584290528289387, 'trop_k_veg': 1.6081790145072552}.
[I 2026-08-06 10:16:07,384] Trial 264 finished with values: [10.373790290179974, 10.373790290179974] and parameters: {'k1': 2.766282010813135e-05, 'D_low': 1683.621997588799, 'k2': 8.923807143379776e-05, 'D_high': 8182.111518618414, 'fire_exp': 1.0629462657398439, 'P_half': 4.213183643253957, 'pre_dampen_half': 502.5175192217655, 'gpp_af': 0.6403036652671171, 'gpp_b': 1.4540386644083135e-05, 'gpp_d': 0.12878367369717508, 'ign_k': 0.0680787482656459, 'ign_c': 0.557280750002996, 'trop_agb_crit': 7.500118950416987, 'trop_k_veg': 0.6673124511410327}.
[I 2026-08-06 10:16:08,548] Trial 265 finished with values: [10.764819759681682, 10.764819759681682] and parameters: {'k1': 0.0002621130418912425, 'D_low': 520.4862686958022, 'k2': 1.1065812688893481e-05, 'D_high': 3712.591045287726, 'fire_exp': 1.0601964743503993, 'P_half': 338.23872019362165, 'pre_dampen_half': 0.2730203117796979, 'gpp_af': 0.06789053271698488, 'gpp_b': 0.0054502936945582505, 'gpp_d': 16.460426816350523, 'ign_k': 0.0035281132746849977, 'ign_c': 11.400863701127316, 'trop_agb_crit': 24.584290528289387, 'trop_k_veg': 3.869465953383845}.
[I 2026-08-06 10:16:09,701] Trial 266 finished with values: [10.767307490078366, 10.767307490078366] and parameters: {'k1': 0.004312951023617458, 'D_low': 78.86001704920405, 'k2': 0.00015319072862693227, 'D_high': 5670.3463356272905, 'fire_exp': 1.0629462657398439, 'P_half': 4.213183643253957, 'pre_dampen_half': 0.14724438934285344, 'gpp_af': 0.7539992074650279, 'gpp_b': 1.4868114807380364, 'gpp_d': 150.14555442537656, 'ign_k': 0.0680787482656459, 'ign_c': 0.557280750002996, 'trop_agb_crit': 7.500118950416987, 'trop_k_veg': 0.5618951132741115}.
[I 2026-08-06 10:16:10,837] Trial 267 finished with values: [10.768735670284721, 10.768735670284721] and parameters: {'k1': 0.002367935204022389, 'D_low': 3.525936800597896, 'k2': 0.003767022142229395, 'D_high': 3712.591045287726, 'fire_exp': 1.221575427404682, 'P_half': 14.281536924924877, 'pre_dampen_half': 0.012284844784580964, 'gpp_af': 1.9706963379095486, 'gpp_b': 3.481277316673104e-05, 'gpp_d': 0.043441170039664925, 'ign_k': 0.010167079878196114, 'ign_c': 48.704711413416454, 'trop_agb_crit': 24.584290528289387, 'trop_k_veg': 2.4336356947036335}.
[I 2026-08-06 10:16:11,961] Trial 268 finished with values: [10.769027129724185, 10.769027129724185] and parameters: {'k1': 0.004312951023617458, 'D_low': 12.105387404469584, 'k2': 1.1065812688893481e-05, 'D_high': 5670.3463356272905, 'fire_exp': 1.3170256885255098, 'P_half': 4.213183643253957, 'pre_dampen_half': 38.00678588560607, 'gpp_af': 0.6403036652671171, 'gpp_b': 8.43984242800236, 'gpp_d': 0.12878367369717508, 'ign_k': 0.0680787482656459, 'ign_c': 11.400863701127316, 'trop_agb_crit': 7.500118950416987, 'trop_k_veg': 0.6673124511410327}.
[I 2026-08-06 10:16:13,099] Trial 269 finished with values: [13.452712938921493, 13.452712938921493] and parameters: {'k1': 0.004312951023617458, 'D_low': 12.105387404469584, 'k2': 8.923807143379776e-05, 'D_high': 8182.111518618414, 'fire_exp': 1.0601964743503993, 'P_half': 4.213183643253957, 'pre_dampen_half': 502.5175192217655, 'gpp_af': 0.7539992074650279, 'gpp_b': 1.4540386644083135e-05, 'gpp_d': 150.14555442537656, 'ign_k': 0.00840038491455979, 'ign_c': 0.557280750002996, 'trop_agb_crit': 1.0693376406863295, 'trop_k_veg': 1.0594599158279707}.
[I 2026-08-06 10:16:14,191] Trial 270 finished with values: [10.282173232279016, 10.282173232279016] and parameters: {'k1': 0.00016480446427978953, 'D_low': 4.484744524732794, 'k2': 1.915468390724633e-05, 'D_high': 3712.591045287726, 'fire_exp': 1.4665043946307825, 'P_half': 220.3445560633069, 'pre_dampen_half': 502.5175192217655, 'gpp_af': 0.06789053271698488, 'gpp_b': 3.481277316673104e-05, 'gpp_d': 1.3767835510755015, 'ign_k': 0.010167079878196114, 'ign_c': 15.221840161091626, 'trop_agb_crit': 24.584290528289387, 'trop_k_veg': 3.869465953383845}.
[I 2026-08-06 10:16:15,394] Trial 271 finished with values: [10.79254039662372, 10.79254039662372] and parameters: {'k1': 0.03635503353478365, 'D_low': 4.484744524732794, 'k2': 1.915468390724633e-05, 'D_high': 2940.51756322311, 'fire_exp': 1.165368636520435, 'P_half': 12.808863354047988, 'pre_dampen_half': 107.40052367919465, 'gpp_af': 0.7539992074650279, 'gpp_b': 0.0005752434266899163, 'gpp_d': 16.460426816350523, 'ign_k': 0.010167079878196114, 'ign_c': 15.221840161091626, 'trop_agb_crit': 3.5747129226002423, 'trop_k_veg': 6.2065960186008615}.
[I 2026-08-06 10:16:16,484] Trial 272 finished with values: [10.222911355596104, 10.222911355596104] and parameters: {'k1': 0.008912611835817005, 'D_low': 34.459310919273356, 'k2': 0.0003432139136241583, 'D_high': 1493.5213816355397, 'fire_exp': 1.1430983876313219, 'P_half': 523.1053126909052, 'pre_dampen_half': 63.6685916079943, 'gpp_af': 0.7539992074650279, 'gpp_b': 0.14577755664212386, 'gpp_d': 10.369565216756202, 'ign_k': 2.1368329072358767, 'ign_c': 0.70689749506246, 'trop_agb_crit': 1.0455434848969813, 'trop_k_veg': 2.194427136482602}.
