[I 2026-08-14 14:14:13,207] Trial 458 finished with values: [-0.4051274338498166, 1.9511452272746865e-06] and parameters: {'k1': 0.0012329098365270509, 'D_low': 28.331534346441074, 'k2': 4.509158385973329e-05, 'D_high': 39079.671568228776, 'fire_exp': 1.7973831035976209, 'P_half': 2.374667798987403, 'pre_dampen_half': 0.0195172246414495, 'gpp_af': 0.0025511964576171086, 'gpp_b': 0.040428727350273294, 'gpp_d': 34.70266988650411, 'ign_k': 0.04380580767905655, 'ign_c': 0.21947742689197342, 'trop_agb_crit': 16.86264052240002, 'trop_k_veg': 0.6921865222804094, 'fuel_k': 0.02496045629458217, 'fuel_half': 3.7093134348291836}.
[I 2026-08-14 14:14:15,123] Trial 459 finished with values: [-0.48580960560145553, 0.05662625735688043] and parameters: {'k1': 0.0012329098365270509, 'D_low': 126.11058927054879, 'k2': 2.5299503921303695e-05, 'D_high': 625838.668783032, 'fire_exp': 1.6214575867079866, 'P_half': 490.2396944106614, 'pre_dampen_half': 0.37306104754535907, 'gpp_af': 0.34902252478382495, 'gpp_b': 2.325239859823921e-05, 'gpp_d': 2.292633983096564, 'ign_k': 0.31014294272127446, 'ign_c': 0.4213183643253957, 'trop_agb_crit': 1.8730954962803803, 'trop_k_veg': 4.844706510617515, 'fuel_k': 0.28630931797361614, 'fuel_half': 0.30455368715396786}.
[I 2026-08-14 14:14:16,990] Trial 460 finished with values: [-0.4103951370044096, 3.3433204159938334e-05] and parameters: {'k1': 2.6285770615112825e-05, 'D_low': 28.331534346441074, 'k2': 1.915468390724633e-05, 'D_high': 39079.671568228776, 'fire_exp': 1.7973831035976209, 'P_half': 1938.3858782150498, 'pre_dampen_half': 0.043181981126981975, 'gpp_af': 6.940121430516967, 'gpp_b': 0.040428727350273294, 'gpp_d': 34.70266988650411, 'ign_k': 0.03141110271934876, 'ign_c': 14.935213816355384, 'trop_agb_crit': 2.3118820898020997, 'trop_k_veg': 7.260694958828215, 'fuel_k': 0.02496045629458217, 'fuel_half': 0.3995528014939306}.
[I 2026-08-14 14:14:18,813] Trial 461 finished with values: [-0.5034236699040087, 0.05173579850823362] and parameters: {'k1': 0.00040091494283268605, 'D_low': 9.497440085397416, 'k2': 1.915468390724633e-05, 'D_high': 316055.11434645514, 'fire_exp': 1.2429193829348841, 'P_half': 220.3445560633069, 'pre_dampen_half': 0.10609580257119508, 'gpp_af': 0.16548212780922, 'gpp_b': 6.0327793441162e-05, 'gpp_d': 16.460426816350523, 'ign_k': 1.07907786430243, 'ign_c': 15.221840161091626, 'trop_agb_crit': 24.584290528289387, 'trop_k_veg': 1.4584243470991722, 'fuel_k': 4.680936683972861, 'fuel_half': 52.00581729114123}.
[I 2026-08-14 14:14:20,792] Trial 462 finished with values: [-0.3548718140298907, 9.426803571577214e-05] and parameters: {'k1': 1.0477226564098276e-05, 'D_low': 9.222492453004657, 'k2': 1.3243445838637965e-05, 'D_high': 16.752866684650684, 'fire_exp': 1.6733848721157607, 'P_half': 1535.1441568398143, 'pre_dampen_half': 219.13475969641993, 'gpp_af': 0.0023751383317256927, 'gpp_b': 0.07311344697279921, 'gpp_d': 285.57196407381804, 'ign_k': 0.04380580767905655, 'ign_c': 0.1254144753902608, 'trop_agb_crit': 2.1775224101934065, 'trop_k_veg': 0.6921865222804094, 'fuel_k': 0.031056242489259013, 'fuel_half': 12.136386887218588}.
[I 2026-08-14 14:14:22,684] Trial 463 finished with values: [-0.4295856220167217, 0.002856966757870838] and parameters: {'k1': 0.00040091494283268605, 'D_low': 126.11058927054879, 'k2': 0.00019472216066157317, 'D_high': 316055.11434645514, 'fire_exp': 1.2429193829348841, 'P_half': 1938.3858782150498, 'pre_dampen_half': 0.043181981126981975, 'gpp_af': 0.0023751383317256927, 'gpp_b': 3.228689523591491e-05, 'gpp_d': 700.6693992445935, 'ign_k': 0.31014294272127446, 'ign_c': 0.4213183643253957, 'trop_agb_crit': 1.8730954962803803, 'trop_k_veg': 4.844706510617515, 'fuel_k': 0.8398846716543953, 'fuel_half': 15.581254655530845}.
[I 2026-08-14 14:14:24,620] Trial 464 finished with values: [-0.40388293063109987, 0.0002663779936069588] and parameters: {'k1': 0.0012329098365270509, 'D_low': 367.4904945305323, 'k2': 1.263794633808287e-05, 'D_high': 44.39648242927527, 'fire_exp': 1.182396148413737, 'P_half': 2251.4440483870167, 'pre_dampen_half': 0.37306104754535907, 'gpp_af': 0.34902252478382495, 'gpp_b': 2.788681037423117, 'gpp_d': 857.4284557962634, 'ign_k': 0.03141110271934876, 'ign_c': 3.0378658251922155, 'trop_agb_crit': 15.870971677383487, 'trop_k_veg': 0.6189606672462583, 'fuel_k': 5.486054129200969, 'fuel_half': 18.202647368248826}.
[I 2026-08-14 14:14:26,571] Trial 465 finished with values: [-0.4059498173056821, 1.9148455390194385e-06] and parameters: {'k1': 0.00014888230597983555, 'D_low': 93.75345303884801, 'k2': 0.00019472216066157317, 'D_high': 160625.60954780428, 'fire_exp': 1.7973831035976209, 'P_half': 351.2704726270846, 'pre_dampen_half': 0.05844629901057142, 'gpp_af': 0.0025511964576171086, 'gpp_b': 0.040428727350273294, 'gpp_d': 11.40961991569626, 'ign_k': 0.026539376439360548, 'ign_c': 3.0378658251922155, 'trop_agb_crit': 24.84904720498571, 'trop_k_veg': 0.8934118487032162, 'fuel_k': 5.486054129200969, 'fuel_half': 43.240425516201185}.
[I 2026-08-14 14:14:28,484] Trial 466 finished with values: [-0.40742926204610797, 0.00033603803338955185] and parameters: {'k1': 0.0012329098365270509, 'D_low': 12574.42600931779, 'k2': 1.263794633808287e-05, 'D_high': 316055.11434645514, 'fire_exp': 1.075051292556307, 'P_half': 351.2704726270846, 'pre_dampen_half': 0.05844629901057142, 'gpp_af': 0.3061073939782122, 'gpp_b': 0.040428727350273294, 'gpp_d': 11.40961991569626, 'ign_k': 0.026539376439360548, 'ign_c': 105.24574681335613, 'trop_agb_crit': 16.967533607196547, 'trop_k_veg': 0.8934118487032162, 'fuel_k': 0.5205627439018524, 'fuel_half': 43.240425516201185}.
[I 2026-08-14 14:14:30,689] Trial 467 finished with values: [-0.41327639475334166, 1.0558829621643007e-05] and parameters: {'k1': 0.05554169083020911, 'D_low': 28.331534346441074, 'k2': 1.4363112408604443e-05, 'D_high': 39079.671568228776, 'fire_exp': 1.7973831035976209, 'P_half': 6153.658035691652, 'pre_dampen_half': 0.0195172246414495, 'gpp_af': 0.8533931648032835, 'gpp_b': 0.010847560307977218, 'gpp_d': 11.40961991569626, 'ign_k': 0.026539376439360548, 'ign_c': 0.21947742689197342, 'trop_agb_crit': 16.86264052240002, 'trop_k_veg': 0.8934118487032162, 'fuel_k': 0.02957171323932571, 'fuel_half': 15.581254655530845}.
[I 2026-08-14 14:14:32,640] Trial 468 finished with values: [-0.40982726636374933, 2.3984200844484604e-05] and parameters: {'k1': 0.00040091494283268605, 'D_low': 2.0349553327469425, 'k2': 0.02989647175615661, 'D_high': 316055.11434645514, 'fire_exp': 1.2429193829348841, 'P_half': 1535.1441568398143, 'pre_dampen_half': 0.10609580257119508, 'gpp_af': 0.0023751383317256927, 'gpp_b': 0.07311344697279921, 'gpp_d': 1.105785410092522, 'ign_k': 0.04380580767905655, 'ign_c': 0.1254144753902608, 'trop_agb_crit': 2.1775224101934065, 'trop_k_veg': 0.6921865222804094, 'fuel_k': 0.011892598727815663, 'fuel_half': 0.46335780813176825}.
[I 2026-08-14 14:14:34,582] Trial 469 finished with values: [-0.39434908781500455, 5.899463251246573e-09] and parameters: {'k1': 0.0012329098365270509, 'D_low': 367.4904945305323, 'k2': 0.00019472216066157317, 'D_high': 160625.60954780428, 'fire_exp': 1.7973831035976209, 'P_half': 1938.3858782150498, 'pre_dampen_half': 0.37306104754535907, 'gpp_af': 0.34902252478382495, 'gpp_b': 2.788681037423117, 'gpp_d': 5.1227685768715014, 'ign_k': 0.04380580767905655, 'ign_c': 105.24574681335613, 'trop_agb_crit': 16.86264052240002, 'trop_k_veg': 0.6189606672462583, 'fuel_k': 0.38480453452215246, 'fuel_half': 35.2847426865637}.
[I 2026-08-14 14:14:36,549] Trial 470 finished with values: [-0.42595650485575015, 0.0013677434772935149] and parameters: {'k1': 0.0024005553432620355, 'D_low': 2.0349553327469425, 'k2': 0.0009670857606743155, 'D_high': 316055.11434645514, 'fire_exp': 2.1589564941849333, 'P_half': 1212.4080603355412, 'pre_dampen_half': 0.10609580257119508, 'gpp_af': 0.008983355849178878, 'gpp_b': 1.6569065206637924e-05, 'gpp_d': 0.012284844784580964, 'ign_k': 0.567034633562729, 'ign_c': 0.13229646467088635, 'trop_agb_crit': 2.3118820898020997, 'trop_k_veg': 2.417028380770307, 'fuel_k': 1.6630228777630973, 'fuel_half': 12.136386887218588}.
[I 2026-08-14 14:14:38,500] Trial 471 finished with values: [-0.4233616756247082, 0.05366512674257473] and parameters: {'k1': 0.000132965214572995, 'D_low': 4.043300846639722, 'k2': 1.4363112408604443e-05, 'D_high': 625838.668783032, 'fire_exp': 8.529993407276715, 'P_half': 4.961134450191397, 'pre_dampen_half': 0.0195172246414495, 'gpp_af': 0.8533931648032835, 'gpp_b': 2.325239859823921e-05, 'gpp_d': 11.40961991569626, 'ign_k': 0.31014294272127446, 'ign_c': 0.3296550135838091, 'trop_agb_crit': 2.3118820898020997, 'trop_k_veg': 0.8934118487032162, 'fuel_k': 1.6630228777630973, 'fuel_half': 58.54612336582598}.
[I 2026-08-14 14:14:40,349] Trial 472 finished with values: [-0.37916938332497685, 1.9062895706412064e-10] and parameters: {'k1': 0.0012329098365270509, 'D_low': 13713.885091300914, 'k2': 0.0004673518999562748, 'D_high': 44.39648242927527, 'fire_exp': 1.075051292556307, 'P_half': 351.2704726270846, 'pre_dampen_half': 0.10609580257119508, 'gpp_af': 0.326288637536534, 'gpp_b': 2.788681037423117, 'gpp_d': 2.292633983096564, 'ign_k': 0.04380580767905655, 'ign_c': 79.62155254464994, 'trop_agb_crit': 2.1775224101934065, 'trop_k_veg': 3.2626710594521904, 'fuel_k': 0.24067532026281035, 'fuel_half': 57.882001937752435}.
[I 2026-08-14 14:14:42,369] Trial 473 finished with values: [-0.39452742601306384, 3.516701515549059e-07] and parameters: {'k1': 0.0024005553432620355, 'D_low': 1160.0689839007139, 'k2': 0.0004673518999562748, 'D_high': 1826.6972566585878, 'fire_exp': 1.7973831035976209, 'P_half': 1535.1441568398143, 'pre_dampen_half': 0.03411860497758073, 'gpp_af': 0.326288637536534, 'gpp_b': 0.9407903301838397, 'gpp_d': 34.70266988650411, 'ign_k': 0.04380580767905655, 'ign_c': 0.21947742689197342, 'trop_agb_crit': 2.082468072533112, 'trop_k_veg': 0.6921865222804094, 'fuel_k': 0.02496045629458217, 'fuel_half': 3.7093134348291836}.
[I 2026-08-14 14:14:44,367] Trial 474 finished with values: [-0.36548432944071896, 2.2072821348473326e-10] and parameters: {'k1': 0.0004688858519834985, 'D_low': 9.222492453004657, 'k2': 0.0005708731724249573, 'D_high': 16.752866684650684, 'fire_exp': 1.6733848721157607, 'P_half': 1535.1441568398143, 'pre_dampen_half': 0.10609580257119508, 'gpp_af': 0.34902252478382495, 'gpp_b': 2.788681037423117, 'gpp_d': 285.57196407381804, 'ign_k': 0.04380580767905655, 'ign_c': 105.24574681335613, 'trop_agb_crit': 2.1775224101934065, 'trop_k_veg': 0.6921865222804094, 'fuel_k': 0.06382243375381637, 'fuel_half': 12.136386887218588}.
[I 2026-08-14 14:14:46,285] Trial 475 finished with values: [-0.415812451443119, 0.0033593641874773983] and parameters: {'k1': 0.0012329098365270509, 'D_low': 367.4904945305323, 'k2': 1.263794633808287e-05, 'D_high': 625838.668783032, 'fire_exp': 1.075051292556307, 'P_half': 65.33684593224972, 'pre_dampen_half': 0.37306104754535907, 'gpp_af': 0.34902252478382495, 'gpp_b': 2.788681037423117, 'gpp_d': 1.105785410092522, 'ign_k': 0.31014294272127446, 'ign_c': 0.4213183643253957, 'trop_agb_crit': 1.8730954962803803, 'trop_k_veg': 0.6189606672462583, 'fuel_k': 0.06382243375381637, 'fuel_half': 2.841639333505349}.
[I 2026-08-14 14:14:48,227] Trial 476 finished with values: [-0.4167178149592285, 5.8812860179724424e-06] and parameters: {'k1': 0.0012329098365270509, 'D_low': 4.043300846639722, 'k2': 1.854837679096716e-05, 'D_high': 316055.11434645514, 'fire_exp': 1.182396148413737, 'P_half': 7683.876502998063, 'pre_dampen_half': 0.0195172246414495, 'gpp_af': 0.0025511964576171086, 'gpp_b': 3.228689523591491e-05, 'gpp_d': 2.292633983096564, 'ign_k': 0.04380580767905655, 'ign_c': 105.24574681335613, 'trop_agb_crit': 2.3118820898020997, 'trop_k_veg': 0.8258248924958269, 'fuel_k': 0.06382243375381637, 'fuel_half': 0.14319038307687884}.
[I 2026-08-14 14:14:50,126] Trial 477 finished with values: [-0.41823844099918217, 0.00031648544672724377] and parameters: {'k1': 0.05554169083020911, 'D_low': 126.11058927054879, 'k2': 0.00019472216066157317, 'D_high': 316055.11434645514, 'fire_exp': 1.6214575867079866, 'P_half': 1938.3858782150498, 'pre_dampen_half': 0.043181981126981975, 'gpp_af': 0.34902252478382495, 'gpp_b': 0.08980754434235988, 'gpp_d': 3.0023172465753074, 'ign_k': 0.31014294272127446, 'ign_c': 0.21947742689197342, 'trop_agb_crit': 1.8730954962803803, 'trop_k_veg': 1.128469461526162, 'fuel_k': 5.486054129200969, 'fuel_half': 15.581254655530845}.
[I 2026-08-14 14:14:53,160] Trial 478 finished with values: [-0.3554625854118624, 0.0] and parameters: {'k1': 0.0012329098365270509, 'D_low': 4.043300846639722, 'k2': 2.5299503921303695e-05, 'D_high': 44.39648242927527, 'fire_exp': 1.6214575867079866, 'P_half': 351.2704726270846, 'pre_dampen_half': 0.10609580257119508, 'gpp_af': 0.09317985456593192, 'gpp_b': 0.08079748865351316, 'gpp_d': 8.144272585223819, 'ign_k': 0.567034633562729, 'ign_c': 105.24574681335613, 'trop_agb_crit': 1.7813653882411722, 'trop_k_veg': 2.8224577471047865, 'fuel_k': 1.772261104101594, 'fuel_half': 57.882001937752435}.
[I 2026-08-14 14:14:54,992] Trial 479 finished with values: [-0.4191995445164065, 0.0007117668868376059] and parameters: {'k1': 0.0131638092522722, 'D_low': 4.043300846639722, 'k2': 2.1698375693549493e-05, 'D_high': 160625.60954780428, 'fire_exp': 1.182396148413737, 'P_half': 1938.3858782150498, 'pre_dampen_half': 0.034116553487407886, 'gpp_af': 0.0025511964576171086, 'gpp_b': 0.00012906175696809457, 'gpp_d': 5.1227685768715014, 'ign_k': 0.03141110271934876, 'ign_c': 42.793836042014604, 'trop_agb_crit': 15.53776736258787, 'trop_k_veg': 6.911478238001162, 'fuel_k': 5.486054129200969, 'fuel_half': 35.2847426865637}.
[I 2026-08-14 14:14:56,916] Trial 480 finished with values: [-0.3554625854118624, 0.0] and parameters: {'k1': 6.069662445477729e-05, 'D_low': 991933.0362011677, 'k2': 0.00019472216066157317, 'D_high': 160625.60954780428, 'fire_exp': 1.1174086754605184, 'P_half': 1.7036120617148391, 'pre_dampen_half': 0.03627422119926134, 'gpp_af': 0.0023751383317256927, 'gpp_b': 0.040428727350273294, 'gpp_d': 0.01307253094873642, 'ign_k': 0.03141110271934876, 'ign_c': 3.0378658251922155, 'trop_agb_crit': 16.967533607196547, 'trop_k_veg': 2.417028380770307, 'fuel_k': 0.02496045629458217, 'fuel_half': 15.581254655530845}.
[I 2026-08-14 14:14:58,856] Trial 481 finished with values: [-0.4762346959971719, 0.09805435510416083] and parameters: {'k1': 6.069662445477729e-05, 'D_low': 2.0349553327469425, 'k2': 0.08103949702339493, 'D_high': 316055.11434645514, 'fire_exp': 1.7973831035976209, 'P_half': 4.961134450191397, 'pre_dampen_half': 0.03426913908389044, 'gpp_af': 0.16983565276584273, 'gpp_b': 1.6569065206637924e-05, 'gpp_d': 1.082778948579575, 'ign_k': 0.18170401889219123, 'ign_c': 0.18316165443932733, 'trop_agb_crit': 15.53776736258787, 'trop_k_veg': 4.844706510617515, 'fuel_k': 0.029111707920759254, 'fuel_half': 35.2847426865637}.
[I 2026-08-14 14:15:00,934] Trial 482 finished with values: [-0.4175239938453542, 0.0002609238933143354] and parameters: {'k1': 2.6285770615112825e-05, 'D_low': 367.4904945305323, 'k2': 0.08636422432723088, 'D_high': 39079.671568228776, 'fire_exp': 1.7973831035976209, 'P_half': 1535.1441568398143, 'pre_dampen_half': 0.043181981126981975, 'gpp_af': 6.940121430516967, 'gpp_b': 0.040428727350273294, 'gpp_d': 285.57196407381804, 'ign_k': 3.0409816628297026, 'ign_c': 0.21947742689197342, 'trop_agb_crit': 2.1775224101934065, 'trop_k_veg': 0.6921865222804094, 'fuel_k': 0.06382243375381637, 'fuel_half': 3.7093134348291836}.
[I 2026-08-14 14:15:02,915] Trial 483 finished with values: [-0.3909231415207703, 1.8731798889781714e-08] and parameters: {'k1': 1.0477226564098276e-05, 'D_low': 9.222492453004657, 'k2': 0.00010939944910100016, 'D_high': 38111.59226078823, 'fire_exp': 2.26267489175816, 'P_half': 1212.4080603355412, 'pre_dampen_half': 0.03411860497758073, 'gpp_af': 0.03934396739328546, 'gpp_b': 0.4946669606757248, 'gpp_d': 2.292633983096564, 'ign_k': 0.0012087541473056963, 'ign_c': 3.0378658251922155, 'trop_agb_crit': 2.3118820898020997, 'trop_k_veg': 2.417028380770307, 'fuel_k': 5.486054129200969, 'fuel_half': 12.136386887218588}.
[I 2026-08-14 14:15:04,937] Trial 484 finished with values: [-0.4458049459584914, 0.04853442599002311] and parameters: {'k1': 0.00040091494283268605, 'D_low': 1.7887890916820506, 'k2': 0.0010495653625093638, 'D_high': 25240.47745792575, 'fire_exp': 1.6214575867079866, 'P_half': 27.59069025439785, 'pre_dampen_half': 0.10609580257119508, 'gpp_af': 0.4085228003668622, 'gpp_b': 6.0327793441162e-05, 'gpp_d': 12.151631524283598, 'ign_k': 1.07907786430243, 'ign_c': 0.18316165443932733, 'trop_agb_crit': 13.98132484257899, 'trop_k_veg': 2.4516474838484386, 'fuel_k': 0.3176626387065175, 'fuel_half': 2.2148104601284695}.
[I 2026-08-14 14:15:06,865] Trial 485 finished with values: [-0.447063022847384, 0.006915014041730894] and parameters: {'k1': 0.000132965214572995, 'D_low': 126.11058927054879, 'k2': 1.4363112408604443e-05, 'D_high': 316055.11434645514, 'fire_exp': 1.6214575867079866, 'P_half': 351.2704726270846, 'pre_dampen_half': 0.03411860497758073, 'gpp_af': 0.008983355849178878, 'gpp_b': 3.228689523591491e-05, 'gpp_d': 3.0023172465753074, 'ign_k': 0.567034633562729, 'ign_c': 0.19678273362633986, 'trop_agb_crit': 12.324775650896964, 'trop_k_veg': 3.715819581962784, 'fuel_k': 1.772261104101594, 'fuel_half': 2.841639333505349}.
[I 2026-08-14 14:15:08,747] Trial 486 finished with values: [-0.40886315283373664, 5.906157928059486e-06] and parameters: {'k1': 6.069662445477729e-05, 'D_low': 126.11058927054879, 'k2': 1.854837679096716e-05, 'D_high': 316055.11434645514, 'fire_exp': 1.2429193829348841, 'P_half': 351.2704726270846, 'pre_dampen_half': 0.03411860497758073, 'gpp_af': 0.0023751383317256927, 'gpp_b': 0.4168322557207811, 'gpp_d': 700.6693992445935, 'ign_k': 0.567034633562729, 'ign_c': 0.21947742689197342, 'trop_agb_crit': 19.84604666505718, 'trop_k_veg': 3.715819581962784, 'fuel_k': 1.772261104101594, 'fuel_half': 2.100333410321807}.
[I 2026-08-14 14:15:10,817] Trial 487 finished with values: [-0.3554625854118624, 0.0] and parameters: {'k1': 1.0477226564098276e-05, 'D_low': 4.043300846639722, 'k2': 1.3243445838637965e-05, 'D_high': 16.752866684650684, 'fire_exp': 6.188409493921614, 'P_half': 351.2704726270846, 'pre_dampen_half': 54.70750401264757, 'gpp_af': 0.0023751383317256927, 'gpp_b': 0.040428727350273294, 'gpp_d': 285.57196407381804, 'ign_k': 0.03141110271934876, 'ign_c': 0.1254144753902608, 'trop_agb_crit': 2.1775224101934065, 'trop_k_veg': 0.6921865222804094, 'fuel_k': 1.6630228777630973, 'fuel_half': 1.630876087364482}.
[I 2026-08-14 14:15:13,061] Trial 488 finished with values: [-0.4185048119533071, 0.0004389763492873566] and parameters: {'k1': 0.0029707920514735983, 'D_low': 91.66403471455098, 'k2': 2.1698375693549493e-05, 'D_high': 160625.60954780428, 'fire_exp': 1.182396148413737, 'P_half': 6153.658035691652, 'pre_dampen_half': 0.0195172246414495, 'gpp_af': 0.8533931648032835, 'gpp_b': 0.010847560307977218, 'gpp_d': 11.40961991569626, 'ign_k': 0.03141110271934876, 'ign_c': 0.3296550135838091, 'trop_agb_crit': 15.870971677383487, 'trop_k_veg': 6.911478238001162, 'fuel_k': 0.7156083490235491, 'fuel_half': 18.202647368248826}.
[I 2026-08-14 14:15:14,962] Trial 489 finished with values: [-0.3554625854118624, 0.0] and parameters: {'k1': 6.069662445477729e-05, 'D_low': 2.0349553327469425, 'k2': 2.5299503921303695e-05, 'D_high': 12.862664853393753, 'fire_exp': 1.2429193829348841, 'P_half': 4.961134450191397, 'pre_dampen_half': 0.10609580257119508, 'gpp_af': 0.0023751383317256927, 'gpp_b': 6.0327793441162e-05, 'gpp_d': 1.105785410092522, 'ign_k': 0.31014294272127446, 'ign_c': 170.36632990295922, 'trop_agb_crit': 20.205002815711154, 'trop_k_veg': 4.844706510617515, 'fuel_k': 1.6630228777630973, 'fuel_half': 8.17127270071559}.
[I 2026-08-14 14:15:16,892] Trial 490 finished with values: [-0.40862600121328463, 0.0001520498328837494] and parameters: {'k1': 5.232779509048979e-05, 'D_low': 4.043300846639722, 'k2': 1.854837679096716e-05, 'D_high': 316055.11434645514, 'fire_exp': 6.188409493921614, 'P_half': 351.2704726270846, 'pre_dampen_half': 54.70750401264757, 'gpp_af': 0.0025511964576171086, 'gpp_b': 3.228689523591491e-05, 'gpp_d': 2.292633983096564, 'ign_k': 0.04380580767905655, 'ign_c': 3.0378658251922155, 'trop_agb_crit': 21.825752290961518, 'trop_k_veg': 0.9008485225328876, 'fuel_k': 0.06382243375381637, 'fuel_half': 0.14319038307687884}.
[I 2026-08-14 14:15:18,824] Trial 491 finished with values: [-0.41547761068120553, 0.005277221899150919] and parameters: {'k1': 0.004312951023617458, 'D_low': 2148.727319612887, 'k2': 1.3243445838637965e-05, 'D_high': 38111.59226078823, 'fire_exp': 2.1589564941849333, 'P_half': 220.3445560633069, 'pre_dampen_half': 502.5175192217655, 'gpp_af': 0.7539992074650279, 'gpp_b': 0.040428727350273294, 'gpp_d': 700.6693992445935, 'ign_k': 0.0680787482656459, 'ign_c': 15.221840161091626, 'trop_agb_crit': 16.967533607196547, 'trop_k_veg': 1.4584243470991722, 'fuel_k': 4.680936683972861, 'fuel_half': 57.882001937752435}.
[I 2026-08-14 14:15:20,687] Trial 492 finished with values: [-0.45895005165524017, 0.004301047529830848] and parameters: {'k1': 0.05554169083020911, 'D_low': 4.043300846639722, 'k2': 1.854837679096716e-05, 'D_high': 316055.11434645514, 'fire_exp': 1.6214575867079866, 'P_half': 351.2704726270846, 'pre_dampen_half': 0.03411860497758073, 'gpp_af': 0.34902252478382495, 'gpp_b': 0.03103333227753725, 'gpp_d': 3.0023172465753074, 'ign_k': 0.567034633562729, 'ign_c': 0.19678273362633986, 'trop_agb_crit': 13.365572767895445, 'trop_k_veg': 1.128469461526162, 'fuel_k': 1.6460650207153917, 'fuel_half': 0.30455368715396786}.
