[I 2026-07-22 21:54:19,470] Trial 282 finished with values: [-0.41146912079957243, 0.15627435926152955] and parameters: {'k1': 6.693990428538841e-05, 'D_low': 1.1640589436768796, 'k2': 0.002342238625792905, 'D_high': 2512533.442757688, 'fire_exp': 2.2271826002669806, 'P_half': 28.15630081597223, 'pre_dampen_half': 294.75617712568373, 'gpp_af': 1.4498445474033743, 'gpp_b': 1.2892705405728861e-05, 'gpp_d': 25.017068255320467, 'ign_k': 0.04732407125181112, 'ign_c': 2.4423775964038934, 'trop_agb_crit': 6.058402553512053, 'trop_k_veg': 1.7518409078083697, 'fuel_k': 0.09252659617259135, 'fuel_half': 42.6871254378718}.
[I 2026-07-22 21:54:19,892] Trial 283 finished with values: [10.225624235293914, 10.225624235293914] and parameters: {'k1': 3.277022851928565e-05, 'D_low': 890.3633614906976, 'k2': 0.038650368562597265, 'D_high': 2283.4228779494524, 'fire_exp': 1.4750777427176416, 'P_half': 21.901578520649217, 'pre_dampen_half': 233.2883871089529, 'gpp_af': 1.4498445474033743, 'gpp_b': 1.1983032564333187e-05, 'gpp_d': 12.151631524283598, 'ign_k': 0.005105542986365654, 'ign_c': 94.19612235978188, 'trop_agb_crit': 1.2440687631821843, 'trop_k_veg': 1.793919400078986, 'fuel_k': 0.04207132303652083, 'fuel_half': 5.624789772977319}.
  trial  284/1500  pareto_size=2  best_taylor=0.6145  best_ilamb=0.5578  (2.0 min)
[I 2026-07-22 21:54:20,351] Trial 284 finished with values: [10.757503009875707, 10.757503009875707] and parameters: {'k1': 0.0029707920514735983, 'D_low': 1.1640589436768796, 'k2': 3.5281132746849994e-05, 'D_high': 24.063018320720932, 'fire_exp': 1.161749421319469, 'P_half': 1938.3858782150498, 'pre_dampen_half': 33.97904243111269, 'gpp_af': 0.0025511964576171086, 'gpp_b': 0.031033332277537237, 'gpp_d': 857.4284557962626, 'ign_k': 0.03141110271934876, 'ign_c': 3.0378658251922155, 'trop_agb_crit': 15.870971677383487, 'trop_k_veg': 1.0540721475196824, 'fuel_k': 1.3863198285285168, 'fuel_half': 18.202647368248815}.
[I 2026-07-22 21:54:20,767] Trial 285 finished with values: [-0.21149871934746775, 0.14238331796725456] and parameters: {'k1': 3.6595533391425955e-05, 'D_low': 13.25142220631392, 'k2': 0.0007406380926311093, 'D_high': 3569.592428042591, 'fire_exp': 2.076733054409457, 'P_half': 3.6138942712165267, 'pre_dampen_half': 94.20121790275627, 'gpp_af': 0.06789053271698488, 'gpp_b': 1.2892705405728861e-05, 'gpp_d': 0.3562950548153257, 'ign_k': 0.004144296901136395, 'ign_c': 11.40086370112731, 'trop_agb_crit': 29.789943908227905, 'trop_k_veg': 1.7664838950757564, 'fuel_k': 0.6199941538390381, 'fuel_half': 0.253071961271088}.
[I 2026-07-22 21:54:21,184] Trial 286 finished with values: [10.760307772623367, 10.760307772623367] and parameters: {'k1': 0.0029707920514735983, 'D_low': 4.043300846639722, 'k2': 2.1698375693549493e-05, 'D_high': 11.741490726941782, 'fire_exp': 2.2271826002669806, 'P_half': 1938.3858782150498, 'pre_dampen_half': 33.97904243111269, 'gpp_af': 0.0025511964576171086, 'gpp_b': 3.228689523591491e-05, 'gpp_d': 857.4284557962626, 'ign_k': 0.03141110271934876, 'ign_c': 3.0378658251922155, 'trop_agb_crit': 15.870971677383487, 'trop_k_veg': 0.6112301235084354, 'fuel_k': 5.486054129200971, 'fuel_half': 18.202647368248815}.
[I 2026-07-22 21:54:21,619] Trial 287 finished with values: [10.760590771055663, 10.760590771055663] and parameters: {'k1': 6.693990428538841e-05, 'D_low': 6220.638781359816, 'k2': 0.015109086063191909, 'D_high': 145242.37928628005, 'fire_exp': 2.2271826002669806, 'P_half': 2193.8654178115053, 'pre_dampen_half': 10.059683154936915, 'gpp_af': 2.114381609520638, 'gpp_b': 1.1698276136056565e-05, 'gpp_d': 9.00460602264307, 'ign_k': 0.04732407125181112, 'ign_c': 3.4084279109230433, 'trop_agb_crit': 5.707205898008383, 'trop_k_veg': 3.024803048559367, 'fuel_k': 0.6211831489538813, 'fuel_half': 0.33988503110784557}.
[I 2026-07-22 21:54:22,039] Trial 288 finished with values: [10.608298009541219, 10.608298009541219] and parameters: {'k1': 0.002968335334246999, 'D_low': 140.92119204434155, 'k2': 2.8459703343413838e-05, 'D_high': 107013.64911724928, 'fire_exp': 1.6108357183810933, 'P_half': 1025.3368317956683, 'pre_dampen_half': 3.9885726374014694, 'gpp_af': 2.114381609520638, 'gpp_b': 0.002022832315155261, 'gpp_d': 25.017068255320467, 'ign_k': 0.04732407125181112, 'ign_c': 3.7151317999473266, 'trop_agb_crit': 1.5774541406529003, 'trop_k_veg': 0.5695379443977426, 'fuel_k': 0.028970790717327534, 'fuel_half': 16.371966573507315}.
[I 2026-07-22 21:54:22,456] Trial 289 finished with values: [-0.30434640030117766, 0.15631560162675184] and parameters: {'k1': 6.693990428538841e-05, 'D_low': 1.1640589436768796, 'k2': 3.5281132746849994e-05, 'D_high': 2512533.442757688, 'fire_exp': 1.7650286443463072, 'P_half': 2.1095259085905753, 'pre_dampen_half': 294.75617712568373, 'gpp_af': 0.3259758793317361, 'gpp_b': 0.00011277885258222645, 'gpp_d': 373.3014953695604, 'ign_k': 0.0029580419692843236, 'ign_c': 201.0328373440913, 'trop_agb_crit': 5.115968405120539, 'trop_k_veg': 2.6391661744759056, 'fuel_k': 0.028970790717327534, 'fuel_half': 0.7498730336620313}.
[I 2026-07-22 21:54:22,885] Trial 290 finished with values: [10.261722524157815, 10.261722524157815] and parameters: {'k1': 0.0029707920514735983, 'D_low': 4.043300846639722, 'k2': 2.1698375693549493e-05, 'D_high': 107013.64911724928, 'fire_exp': 1.2386878293405026, 'P_half': 2193.8654178115053, 'pre_dampen_half': 33.97904243111269, 'gpp_af': 0.0025511964576171086, 'gpp_b': 1.7565109007473816e-05, 'gpp_d': 857.4284557962626, 'ign_k': 0.03141110271934876, 'ign_c': 3.0378658251922155, 'trop_agb_crit': 15.870971677383487, 'trop_k_veg': 6.911478238001162, 'fuel_k': 5.486054129200971, 'fuel_half': 18.202647368248815}.
[I 2026-07-22 21:54:23,302] Trial 291 finished with values: [10.765240721552228, 10.765240721552228] and parameters: {'k1': 6.693990428538841e-05, 'D_low': 14787.382840410779, 'k2': 2.8459703343413838e-05, 'D_high': 8433503.858791472, 'fire_exp': 2.3750840427797026, 'P_half': 1228.2126524008484, 'pre_dampen_half': 347.79988160923324, 'gpp_af': 0.06789053271698488, 'gpp_b': 0.02048523887932671, 'gpp_d': 61.82902222163609, 'ign_k': 0.006290644294586149, 'ign_c': 0.13670484737132343, 'trop_agb_crit': 10.719494362768906, 'trop_k_veg': 0.977663002683211, 'fuel_k': 3.6992394681929355, 'fuel_half': 81.87941582538087}.
[I 2026-07-22 21:54:23,718] Trial 292 finished with values: [10.769228920490077, 10.769228920490077] and parameters: {'k1': 6.693990428538841e-05, 'D_low': 144788.6047717001, 'k2': 0.002342238625792905, 'D_high': 887331.2884015184, 'fire_exp': 2.3123511487896353, 'P_half': 4.961134450191397, 'pre_dampen_half': 233.2883871089529, 'gpp_af': 0.008562341633595545, 'gpp_b': 0.002022832315155261, 'gpp_d': 79.29666901664753, 'ign_k': 0.005105542986365654, 'ign_c': 98.40989343758308, 'trop_agb_crit': 5.707205898008383, 'trop_k_veg': 0.9369104721775232, 'fuel_k': 1.312881567992459, 'fuel_half': 2.84163933350535}.
[I 2026-07-22 21:54:24,137] Trial 293 finished with values: [11.116473060883434, 11.116473060883434] and parameters: {'k1': 0.0058043147174140705, 'D_low': 11.437258028094242, 'k2': 2.1698375693549493e-05, 'D_high': 3262.5163516684925, 'fire_exp': 1.0689448798385355, 'P_half': 28.15630081597223, 'pre_dampen_half': 33.97904243111269, 'gpp_af': 0.0025511964576171086, 'gpp_b': 1.1983032564333187e-05, 'gpp_d': 19.948958651882567, 'ign_k': 0.00515399351160314, 'ign_c': 16.626592254031866, 'trop_agb_crit': 6.058402553512053, 'trop_k_veg': 0.977663002683211, 'fuel_k': 1.8731335591844647, 'fuel_half': 38.21129441691226}.
[I 2026-07-22 21:54:24,569] Trial 294 finished with values: [10.3067841793837, 10.3067841793837] and parameters: {'k1': 0.02806535913298299, 'D_low': 1.7286734109794883, 'k2': 0.038650368562597265, 'D_high': 6978.624673182437, 'fire_exp': 2.3750840427797026, 'P_half': 27.59069025439785, 'pre_dampen_half': 233.2883871089529, 'gpp_af': 1.1300566419249867, 'gpp_b': 0.002022832315155261, 'gpp_d': 6.91394869865762, 'ign_k': 0.04732407125181112, 'ign_c': 2.4423775964038934, 'trop_agb_crit': 10.719494362768906, 'trop_k_veg': 1.140286245977296, 'fuel_k': 0.09252659617259135, 'fuel_half': 2.276766792290519}.
[I 2026-07-22 21:54:24,986] Trial 295 finished with values: [10.362847541259981, 10.362847541259981] and parameters: {'k1': 0.0029707920514735983, 'D_low': 4.043300846639722, 'k2': 2.1698375693549493e-05, 'D_high': 1693415.5410667954, 'fire_exp': 1.4750777427176416, 'P_half': 1938.3858782150498, 'pre_dampen_half': 33.97904243111269, 'gpp_af': 2.114381609520638, 'gpp_b': 3.228689523591491e-05, 'gpp_d': 857.4284557962626, 'ign_k': 0.04732407125181112, 'ign_c': 3.0378658251922155, 'trop_agb_crit': 15.870971677383487, 'trop_k_veg': 6.911478238001162, 'fuel_k': 1.8731335591844647, 'fuel_half': 18.202647368248815}.
[I 2026-07-22 21:54:25,408] Trial 296 finished with values: [-0.6408225125661623, 0.12494887539258792] and parameters: {'k1': 9.969469187531805e-05, 'D_low': 1.1640589436768796, 'k2': 3.5281132746849994e-05, 'D_high': 2512533.442757688, 'fire_exp': 2.2271826002669806, 'P_half': 1.4378290221680121, 'pre_dampen_half': 10.059683154936915, 'gpp_af': 2.114381609520638, 'gpp_b': 0.00011277885258222645, 'gpp_d': 373.3014953695604, 'ign_k': 4.59148521674054, 'ign_c': 8.356564873457042, 'trop_agb_crit': 10.719494362768906, 'trop_k_veg': 0.5695379443977426, 'fuel_k': 0.028970790717327534, 'fuel_half': 16.371966573507315}.
[I 2026-07-22 21:54:25,826] Trial 297 finished with values: [10.246736701060035, 10.246736701060035] and parameters: {'k1': 0.0058043147174140705, 'D_low': 11.437258028094242, 'k2': 0.05583672722754823, 'D_high': 3262.5163516684925, 'fire_exp': 2.3123511487896353, 'P_half': 28.15630081597223, 'pre_dampen_half': 94.20121790275627, 'gpp_af': 1.4498445474033743, 'gpp_b': 1.1983032564333187e-05, 'gpp_d': 0.09548041810464164, 'ign_k': 0.00515399351160314, 'ign_c': 11.40086370112731, 'trop_agb_crit': 2.598572417333811, 'trop_k_veg': 0.977663002683211, 'fuel_k': 0.017262921159278164, 'fuel_half': 97.86395331218435}.
[I 2026-07-22 21:54:26,242] Trial 298 finished with values: [10.180094493029634, 10.180094493029634] and parameters: {'k1': 2.6285770615112825e-05, 'D_low': 28.33153434644107, 'k2': 7.67074891445376e-05, 'D_high': 2512533.442757688, 'fire_exp': 2.3750840427797026, 'P_half': 1.4378290221680121, 'pre_dampen_half': 868.1843415114095, 'gpp_af': 1.4498445474033743, 'gpp_b': 1.1983032564333187e-05, 'gpp_d': 12.151631524283598, 'ign_k': 4.59148521674054, 'ign_c': 16.626592254031866, 'trop_agb_crit': 10.719494362768906, 'trop_k_veg': 1.140286245977296, 'fuel_k': 0.017262921159278164, 'fuel_half': 81.87941582538087}.
[I 2026-07-22 21:54:26,659] Trial 299 finished with values: [-0.11158298758567887, 0.13898705220488616] and parameters: {'k1': 5.3397427849512415e-05, 'D_low': 102.19595065529477, 'k2': 0.07799059237255677, 'D_high': 6978.624673182437, 'fire_exp': 1.7650286443463072, 'P_half': 4.889669266916749, 'pre_dampen_half': 294.75617712568373, 'gpp_af': 0.3259758793317361, 'gpp_b': 1.1983032564333187e-05, 'gpp_d': 2.901272149738622, 'ign_k': 0.0075985864315887865, 'ign_c': 98.40989343758308, 'trop_agb_crit': 1.1208086449693282, 'trop_k_veg': 1.793919400078986, 'fuel_k': 0.017262921159278164, 'fuel_half': 42.6871254378718}.
[I 2026-07-22 21:54:27,075] Trial 300 finished with values: [10.660142722333282, 10.660142722333282] and parameters: {'k1': 0.028340904295147747, 'D_low': 1407.7923139972395, 'k2': 0.0034207303670092245, 'D_high': 8433503.858791472, 'fire_exp': 1.0862503061991866, 'P_half': 7.890004262668578, 'pre_dampen_half': 10.059683154936915, 'gpp_af': 1.1300566419249867, 'gpp_b': 1.7565109007473816e-05, 'gpp_d': 6.91394869865762, 'ign_k': 0.004144296901136395, 'ign_c': 884.4033380058659, 'trop_agb_crit': 5.707205898008383, 'trop_k_veg': 2.417028380770307, 'fuel_k': 1.3863198285285168, 'fuel_half': 0.2676003201684378}.
[I 2026-07-22 21:54:27,494] Trial 301 finished with values: [10.145277741367178, 10.145277741367178] and parameters: {'k1': 0.002968335334246999, 'D_low': 4.043300846639722, 'k2': 0.07799059237255677, 'D_high': 107013.64911724928, 'fire_exp': 1.034491242472073, 'P_half': 3648.4560830477985, 'pre_dampen_half': 294.75617712568373, 'gpp_af': 18.235072804314193, 'gpp_b': 1.7565109007473816e-05, 'gpp_d': 9.00460602264307, 'ign_k': 0.006039096247545781, 'ign_c': 0.11650681118986138, 'trop_agb_crit': 3.5522713231614182, 'trop_k_veg': 2.417028380770307, 'fuel_k': 0.018207179480706392, 'fuel_half': 0.33988503110784557}.
[I 2026-07-22 21:54:27,911] Trial 302 finished with values: [10.700895185315941, 10.700895185315941] and parameters: {'k1': 0.052334804885400876, 'D_low': 984.7566464935828, 'k2': 2.1698375693549493e-05, 'D_high': 3262.5163516684925, 'fire_exp': 1.4750777427176416, 'P_half': 1938.3858782150498, 'pre_dampen_half': 33.97904243111269, 'gpp_af': 1.4498445474033743, 'gpp_b': 1.1983032564333187e-05, 'gpp_d': 12.32476569204167, 'ign_k': 0.645445953137167, 'ign_c': 6.3906950920732175, 'trop_agb_crit': 15.870971677383487, 'trop_k_veg': 3.024803048559367, 'fuel_k': 1.8731335591844647, 'fuel_half': 38.21129441691226}.
[I 2026-07-22 21:54:28,331] Trial 303 finished with values: [10.437757775285561, 10.437757775285561] and parameters: {'k1': 0.052334804885400876, 'D_low': 864.0717009254879, 'k2': 2.1698375693549493e-05, 'D_high': 8433503.858791472, 'fire_exp': 1.0689448798385355, 'P_half': 1938.3858782150498, 'pre_dampen_half': 33.71909132517388, 'gpp_af': 42.29037995744429, 'gpp_b': 0.00012118589392553819, 'gpp_d': 6.284104775086878, 'ign_k': 4.59148521674054, 'ign_c': 0.13670484737132343, 'trop_agb_crit': 10.719494362768906, 'trop_k_veg': 1.6340262437673856, 'fuel_k': 1.8731335591844647, 'fuel_half': 81.87941582538087}.
[I 2026-07-22 21:54:28,746] Trial 304 finished with values: [-0.3391923904825031, 0.12269367304082801] and parameters: {'k1': 0.0029707920514735983, 'D_low': 4.043300846639722, 'k2': 2.1698375693549493e-05, 'D_high': 1693415.5410667954, 'fire_exp': 1.0689448798385355, 'P_half': 1938.3858782150498, 'pre_dampen_half': 33.97904243111269, 'gpp_af': 0.0025511964576171086, 'gpp_b': 3.228689523591491e-05, 'gpp_d': 302.3127748796295, 'ign_k': 0.018707420137660268, 'ign_c': 3.0378658251922155, 'trop_agb_crit': 15.870971677383487, 'trop_k_veg': 6.911478238001162, 'fuel_k': 5.486054129200971, 'fuel_half': 38.21129441691226}.
[I 2026-07-22 21:54:29,162] Trial 305 finished with values: [10.154705233010608, 10.154705233010608] and parameters: {'k1': 0.09738633019266786, 'D_low': 1.1445244757026578, 'k2': 3.5281132746849994e-05, 'D_high': 580966.5602369158, 'fire_exp': 2.2271826002669806, 'P_half': 136.0956887810302, 'pre_dampen_half': 33.97904243111269, 'gpp_af': 8.769726637617675, 'gpp_b': 8.129227514069975e-05, 'gpp_d': 373.3014953695604, 'ign_k': 0.009861808369679786, 'ign_c': 3.0378658251922155, 'trop_agb_crit': 1.1208086449693282, 'trop_k_veg': 6.911478238001162, 'fuel_k': 1.312881567992459, 'fuel_half': 42.6871254378718}.
[I 2026-07-22 21:54:29,580] Trial 306 finished with values: [10.561514911527452, 10.561514911527452] and parameters: {'k1': 5.3397427849512415e-05, 'D_low': 1.1640589436768796, 'k2': 0.038650368562597265, 'D_high': 6978.624673182437, 'fire_exp': 2.2271826002669806, 'P_half': 4.889669266916749, 'pre_dampen_half': 10.059683154936915, 'gpp_af': 2.114381609520638, 'gpp_b': 0.00011277885258222645, 'gpp_d': 0.42885111268165776, 'ign_k': 0.04732407125181112, 'ign_c': 3.4084279109230433, 'trop_agb_crit': 5.841230872704112, 'trop_k_veg': 1.793919400078986, 'fuel_k': 0.028970790717327534, 'fuel_half': 3.5738385583821746}.
[I 2026-07-22 21:54:29,998] Trial 307 finished with values: [12.084409556185893, 12.084409556185893] and parameters: {'k1': 0.002968335334246999, 'D_low': 4.043300846639722, 'k2': 0.01567230746060024, 'D_high': 107013.64911724928, 'fire_exp': 1.0838410493325266, 'P_half': 343.5759946100352, 'pre_dampen_half': 347.79988160923324, 'gpp_af': 18.235072804314193, 'gpp_b': 1.7565109007473816e-05, 'gpp_d': 2.8006820077310226, 'ign_k': 0.004144296901136395, 'ign_c': 3.0378658251922155, 'trop_agb_crit': 29.789943908227905, 'trop_k_veg': 4.130963924640279, 'fuel_k': 1.2528108647479208, 'fuel_half': 0.253071961271088}.
[I 2026-07-22 21:54:30,419] Trial 308 finished with values: [10.241302018324483, 10.241302018324483] and parameters: {'k1': 0.0002526432647626936, 'D_low': 1.1640589436768796, 'k2': 0.002342238625792905, 'D_high': 2512533.442757688, 'fire_exp': 2.3123511487896353, 'P_half': 28.15630081597223, 'pre_dampen_half': 10.059683154936915, 'gpp_af': 1.4498445474033743, 'gpp_b': 0.002022832315155261, 'gpp_d': 25.017068255320467, 'ign_k': 0.04732407125181112, 'ign_c': 3.4084279109230433, 'trop_agb_crit': 5.841230872704112, 'trop_k_veg': 0.5695379443977426, 'fuel_k': 0.028970790717327534, 'fuel_half': 16.371966573507315}.
[I 2026-07-22 21:54:30,835] Trial 309 finished with values: [11.796578717674894, 11.796578717674894] and parameters: {'k1': 0.0029707920514735983, 'D_low': 4.043300846639722, 'k2': 2.1698375693549493e-05, 'D_high': 107013.64911724928, 'fire_exp': 1.2386878293405026, 'P_half': 13.019246714361572, 'pre_dampen_half': 33.97904243111269, 'gpp_af': 2.114381609520638, 'gpp_b': 1.1983032564333187e-05, 'gpp_d': 2.8006820077310226, 'ign_k': 0.04732407125181112, 'ign_c': 11.40086370112731, 'trop_agb_crit': 1.1195539271968775, 'trop_k_veg': 4.130963924640279, 'fuel_k': 0.48736180483849406, 'fuel_half': 18.202647368248815}.
[I 2026-07-22 21:54:31,253] Trial 310 finished with values: [10.071224387608243, 10.071224387608243] and parameters: {'k1': 6.693990428538841e-05, 'D_low': 2.9612221068836555, 'k2': 3.5281132746849994e-05, 'D_high': 2512533.442757688, 'fire_exp': 1.161749421319469, 'P_half': 19.986340778528874, 'pre_dampen_half': 294.75617712568373, 'gpp_af': 1.540945776288155, 'gpp_b': 1.7565109007473816e-05, 'gpp_d': 2.901272149738622, 'ign_k': 0.03141110271934876, 'ign_c': 71.28188058401358, 'trop_agb_crit': 15.870971677383487, 'trop_k_veg': 0.5695379443977426, 'fuel_k': 1.312881567992459, 'fuel_half': 42.6871254378718}.
[I 2026-07-22 21:54:31,673] Trial 311 finished with values: [10.452052833395046, 10.452052833395046] and parameters: {'k1': 0.02806535913298299, 'D_low': 11.437258028094242, 'k2': 0.002342238625792905, 'D_high': 8433503.858791472, 'fire_exp': 2.3750840427797026, 'P_half': 1.4378290221680121, 'pre_dampen_half': 868.1843415114095, 'gpp_af': 1.4498445474033743, 'gpp_b': 0.002407352334224724, 'gpp_d': 6.91394869865762, 'ign_k': 0.00515399351160314, 'ign_c': 0.13670484737132343, 'trop_agb_crit': 10.719494362768906, 'trop_k_veg': 0.977663002683211, 'fuel_k': 3.6992394681929355, 'fuel_half': 97.86395331218435}.
[I 2026-07-22 21:54:32,087] Trial 312 finished with values: [10.768127949743526, 10.768127949743526] and parameters: {'k1': 5.3397427849512415e-05, 'D_low': 4956.545863307493, 'k2': 0.07799059237255677, 'D_high': 6978.624673182437, 'fire_exp': 1.8435203341118644, 'P_half': 4.889669266916749, 'pre_dampen_half': 0.046087035152705666, 'gpp_af': 0.0016008221370480654, 'gpp_b': 2.325239859823921e-05, 'gpp_d': 0.24714492403026278, 'ign_k': 0.006039096247545781, 'ign_c': 3.0378658251922155, 'trop_agb_crit': 1.5072795582679794, 'trop_k_veg': 1.793919400078986, 'fuel_k': 1.2528108647479208, 'fuel_half': 2.84163933350535}.
[I 2026-07-22 21:54:32,506] Trial 313 finished with values: [-0.4139258389896616, 0.13373569482665948] and parameters: {'k1': 0.052334804885400876, 'D_low': 4.043300846639722, 'k2': 0.0007406380926311093, 'D_high': 30235.506416287044, 'fire_exp': 2.264545306066772, 'P_half': 3.6138942712165267, 'pre_dampen_half': 6.881834772031151, 'gpp_af': 0.06789053271698488, 'gpp_b': 1.2892705405728861e-05, 'gpp_d': 302.3127748796295, 'ign_k': 0.006290644294586149, 'ign_c': 6.3906950920732175, 'trop_agb_crit': 15.870971677383487, 'trop_k_veg': 0.5687244174086067, 'fuel_k': 1.8731335591844647, 'fuel_half': 38.21129441691226}.
[I 2026-07-22 21:54:32,930] Trial 314 finished with values: [10.252294552621754, 10.252294552621754] and parameters: {'k1': 3.277022851928565e-05, 'D_low': 13702.184620615577, 'k2': 0.0007406380926311093, 'D_high': 2283.4228779494524, 'fire_exp': 1.4750777427176416, 'P_half': 21.901578520649217, 'pre_dampen_half': 94.20121790275627, 'gpp_af': 0.06789053271698488, 'gpp_b': 2.325239859823921e-05, 'gpp_d': 0.09548041810464164, 'ign_k': 0.005105542986365654, 'ign_c': 94.19612235978188, 'trop_agb_crit': 12.285102065067687, 'trop_k_veg': 4.60227373948169, 'fuel_k': 0.04207132303652083, 'fuel_half': 30.847886273764168}.
[I 2026-07-22 21:54:33,348] Trial 315 finished with values: [10.432871950636608, 10.432871950636608] and parameters: {'k1': 0.011966626407443505, 'D_low': 13.25142220631392, 'k2': 2.8459703343413838e-05, 'D_high': 1693415.5410667954, 'fire_exp': 1.0689448798385355, 'P_half': 9.324787201197319, 'pre_dampen_half': 0.10017312476738939, 'gpp_af': 1.1300566419249867, 'gpp_b': 1.7565109007473816e-05, 'gpp_d': 8.057329182285729, 'ign_k': 0.018707420137660268, 'ign_c': 3.0378658251922155, 'trop_agb_crit': 6.119263728555865, 'trop_k_veg': 1.6340262437673856, 'fuel_k': 0.029193888522073733, 'fuel_half': 38.21129441691226}.
[I 2026-07-22 21:54:33,764] Trial 316 finished with values: [10.768902731104475, 10.768902731104475] and parameters: {'k1': 0.0029707920514735983, 'D_low': 4.043300846639722, 'k2': 0.07799059237255677, 'D_high': 2283.4228779494524, 'fire_exp': 1.7650286443463072, 'P_half': 245.27450543222417, 'pre_dampen_half': 0.03333029838740256, 'gpp_af': 2.114381609520638, 'gpp_b': 0.02893498807797731, 'gpp_d': 857.4284557962626, 'ign_k': 0.0075985864315887865, 'ign_c': 77.59048401667629, 'trop_agb_crit': 1.1208086449693282, 'trop_k_veg': 6.911478238001162, 'fuel_k': 0.028970790717327534, 'fuel_half': 18.202647368248815}.
