[I 2026-08-20 00:26:10,135] Trial 512 finished with value: 0.5166859104519973 and parameters: {'k1': 1.986408602872839e-05, 'D_low': 1275.2243205660907, 'k2': 0.026661598292730702, 'D_high': 1263187.7298753224, 'fire_exp': 1.6823875651207476, 'P_half': 61.68596000128706, 'pre_dampen_half': 0.24415457048604197, 'gpp_af': 0.4725507979385076, 'gpp_b': 5.8813746559795545e-05, 'gpp_d': 0.39660470522195096, 'ign_k': 1.4840347393420203, 'ign_c': 13.412345379473933, 'trop_agb_crit': 24.661616835624397, 'trop_k_veg': 3.119649641215812, 'pop_amp': 0.029129109251580285, 'pop_peak': 1.8169306025334437, 'pop_sig': 2.3946132834785185}. Best is trial 274 with value: -0.604910391627968.
[I 2026-08-20 00:26:13,650] Trial 513 finished with value: -0.5655247474802488 and parameters: {'k1': 0.0003055624621137797, 'D_low': 5011.318668037609, 'k2': 0.000788639117021022, 'D_high': 840955.2348532473, 'fire_exp': 1.287284904379619, 'P_half': 93.6736047756455, 'pre_dampen_half': 0.9695869083096685, 'gpp_af': 0.03520089484462155, 'gpp_b': 0.00011388003054460255, 'gpp_d': 1.1289479255368662, 'ign_k': 2.433907105060139, 'ign_c': 1.5984663420016387, 'trop_agb_crit': 23.909191121815137, 'trop_k_veg': 1.6359246685678352, 'pop_amp': 0.01655818242747377, 'pop_peak': 6.054273292195069, 'pop_sig': 2.3262743288556638}. Best is trial 274 with value: -0.604910391627968.
[I 2026-08-20 00:26:17,018] Trial 514 finished with value: 0.5764260305918055 and parameters: {'k1': 1.5857985611220264e-05, 'D_low': 463781.6244816031, 'k2': 0.0068890913632251825, 'D_high': 419438.91648491676, 'fire_exp': 1.2020719001033318, 'P_half': 2062.732108647697, 'pre_dampen_half': 0.04058926716946194, 'gpp_af': 0.0367281125767673, 'gpp_b': 0.0011277556735524528, 'gpp_d': 2.8173283529202244, 'ign_k': 0.875447183422504, 'ign_c': 5.922535815377616, 'trop_agb_crit': 11.341420819097788, 'trop_k_veg': 3.2521742432520826, 'pop_amp': 0.08493497032739095, 'pop_peak': 3.393182239273225, 'pop_sig': 2.2720838600762083}. Best is trial 274 with value: -0.604910391627968.
[I 2026-08-20 00:26:20,143] Trial 515 finished with value: 0.5534862005426318 and parameters: {'k1': 0.000276467024495064, 'D_low': 1.6660146298070522, 'k2': 0.015151176215497672, 'D_high': 5076403.036348839, 'fire_exp': 1.2872892149060637, 'P_half': 47.89053734521459, 'pre_dampen_half': 0.04855550300317038, 'gpp_af': 3.693421914648532, 'gpp_b': 0.00014127306420543562, 'gpp_d': 66.90632111954554, 'ign_k': 0.1343364692482092, 'ign_c': 2.852358136816059, 'trop_agb_crit': 14.435915885261165, 'trop_k_veg': 1.0971093005379986, 'pop_amp': 11.591750967187762, 'pop_peak': 149.3936561416228, 'pop_sig': 1.4339387411616495}. Best is trial 274 with value: -0.604910391627968.
[I 2026-08-20 00:26:23,264] Trial 516 finished with value: 0.5460132014324023 and parameters: {'k1': 0.002964095324510161, 'D_low': 30321.299882409934, 'k2': 0.013774066922670861, 'D_high': 7321727.386761023, 'fire_exp': 1.4886597552487615, 'P_half': 42.913707810778625, 'pre_dampen_half': 2.3865906449428422, 'gpp_af': 0.007890512419548596, 'gpp_b': 0.0004723053959591695, 'gpp_d': 2.0181615820767305, 'ign_k': 7.989288578308732, 'ign_c': 1.6760005614049602, 'trop_agb_crit': 17.892819507139134, 'trop_k_veg': 1.5270947251366096, 'pop_amp': 0.019597134017105014, 'pop_peak': 11.672115876729634, 'pop_sig': 2.0647833269819618}. Best is trial 274 with value: -0.604910391627968.
[I 2026-08-20 00:26:26,397] Trial 517 finished with value: 0.6445374145881376 and parameters: {'k1': 0.0019448347821470892, 'D_low': 2003.1923016520525, 'k2': 0.0249166436880107, 'D_high': 1916448.900106985, 'fire_exp': 1.2941005505079297, 'P_half': 315.45019435783627, 'pre_dampen_half': 10.05313489158521, 'gpp_af': 0.306998157531845, 'gpp_b': 0.00041801688274823297, 'gpp_d': 5.512099401308041, 'ign_k': 6.3327814710529085, 'ign_c': 56.75761902781469, 'trop_agb_crit': 29.90108728046289, 'trop_k_veg': 1.3239411528272533, 'pop_amp': 0.0019157630925568964, 'pop_peak': 58.90555018407588, 'pop_sig': 1.4790301584159187}. Best is trial 274 with value: -0.604910391627968.
[I 2026-08-20 00:26:29,872] Trial 518 finished with value: 0.4136584404054221 and parameters: {'k1': 0.005244688636966915, 'D_low': 294.01252560008754, 'k2': 0.017820296994929315, 'D_high': 9850905.815141018, 'fire_exp': 1.9757499176211417, 'P_half': 5.0400420570432924, 'pre_dampen_half': 20.53892594749566, 'gpp_af': 0.008788616023664205, 'gpp_b': 4.8293062479404476e-05, 'gpp_d': 0.25888731051036723, 'ign_k': 0.07375404762184047, 'ign_c': 2.1345827632268874, 'trop_agb_crit': 3.3697381025767923, 'trop_k_veg': 4.383411649558495, 'pop_amp': 0.08116564055849206, 'pop_peak': 0.21438430406274722, 'pop_sig': 0.5929264450694806}. Best is trial 274 with value: -0.604910391627968.
[I 2026-08-20 00:26:33,059] Trial 519 finished with value: 0.5518844760008682 and parameters: {'k1': 0.00012525180691042725, 'D_low': 7631.1963847138595, 'k2': 0.0006816078112544295, 'D_high': 2536346.9128540494, 'fire_exp': 2.0609984219523794, 'P_half': 245.5256568299694, 'pre_dampen_half': 0.09108250114813292, 'gpp_af': 0.046384269105745064, 'gpp_b': 0.00011617904699026183, 'gpp_d': 4.070400865968312, 'ign_k': 6.633405182801591, 'ign_c': 2.46112845070337, 'trop_agb_crit': 21.812058575894156, 'trop_k_veg': 2.022943455648536, 'pop_amp': 0.031388304030321314, 'pop_peak': 2.2667084916203604, 'pop_sig': 1.9641355593129155}. Best is trial 274 with value: -0.604910391627968.
[I 2026-08-20 00:26:38,072] Trial 520 finished with value: 0.6445374145881376 and parameters: {'k1': 1.3259551231501902e-05, 'D_low': 96.24950180419914, 'k2': 0.014907952986266066, 'D_high': 1056620.9826760455, 'fire_exp': 1.0431579021427573, 'P_half': 105.92290587999497, 'pre_dampen_half': 8.38902534337322, 'gpp_af': 0.03988169892474497, 'gpp_b': 2.116148163602371e-05, 'gpp_d': 0.06147747524456626, 'ign_k': 0.3770790582056086, 'ign_c': 230.983808339073, 'trop_agb_crit': 7.439985425141676, 'trop_k_veg': 7.1975395877812725, 'pop_amp': 0.0012493101022922042, 'pop_peak': 0.7968183882574359, 'pop_sig': 0.6577433583268271}. Best is trial 274 with value: -0.604910391627968.
[I 2026-08-20 00:26:40,887] Trial 521 finished with value: 0.46224367482902196 and parameters: {'k1': 0.0007219985594035548, 'D_low': 196.83627195493855, 'k2': 0.014050724530989328, 'D_high': 248363.10503623053, 'fire_exp': 1.2129612654689381, 'P_half': 119.8520695871253, 'pre_dampen_half': 0.0336923942069567, 'gpp_af': 0.014584844327465181, 'gpp_b': 0.00016946470310077213, 'gpp_d': 2.7824920712947065, 'ign_k': 0.05551766678718713, 'ign_c': 6.182713459322947, 'trop_agb_crit': 19.121558641511207, 'trop_k_veg': 0.631831742667199, 'pop_amp': 2.4179856882743533, 'pop_peak': 39.286466905752164, 'pop_sig': 1.4032120995484638}. Best is trial 274 with value: -0.604910391627968.
[I 2026-08-20 00:26:43,579] Trial 522 finished with value: 0.5420299131727202 and parameters: {'k1': 1.0744286772254712e-05, 'D_low': 450.9094955215378, 'k2': 0.0014329957280963688, 'D_high': 12405.236979821118, 'fire_exp': 1.3091791430533728, 'P_half': 5.473892083412427, 'pre_dampen_half': 14.015968369384, 'gpp_af': 0.08743222939179807, 'gpp_b': 1.2542823721791744e-05, 'gpp_d': 1.5065366864096927, 'ign_k': 8.25795675804791, 'ign_c': 18.840618939550293, 'trop_agb_crit': 7.347059670306466, 'trop_k_veg': 3.594992885846031, 'pop_amp': 0.008817581119484292, 'pop_peak': 0.2369240083535694, 'pop_sig': 0.8545027262803103}. Best is trial 274 with value: -0.604910391627968.
[I 2026-08-20 00:26:46,087] Trial 523 finished with value: -0.5819108983876767 and parameters: {'k1': 0.09531436158288797, 'D_low': 2864.573385580011, 'k2': 0.09583490289054887, 'D_high': 187388.61213395346, 'fire_exp': 2.1585717827611766, 'P_half': 461.8546967379569, 'pre_dampen_half': 356.17377257089913, 'gpp_af': 0.034992781185822316, 'gpp_b': 0.0003932268395718229, 'gpp_d': 28.24209991873665, 'ign_k': 0.9248566028407336, 'ign_c': 0.41463905187288486, 'trop_agb_crit': 8.430302166429268, 'trop_k_veg': 5.934901698710524, 'pop_amp': 0.9628435172039175, 'pop_peak': 0.8913558985220856, 'pop_sig': 0.7597667459485876}. Best is trial 274 with value: -0.604910391627968.
[I 2026-08-20 00:26:48,678] Trial 524 finished with value: 0.6445374145881376 and parameters: {'k1': 0.0007700093278254314, 'D_low': 1056.733175919861, 'k2': 0.0013721076238083147, 'D_high': 100894.01440195975, 'fire_exp': 1.6200987158563709, 'P_half': 12.473039370402855, 'pre_dampen_half': 22.59936052774523, 'gpp_af': 0.010363577218130674, 'gpp_b': 0.004368038709832482, 'gpp_d': 0.014265031147858287, 'ign_k': 4.16929240409079, 'ign_c': 147.74374117074515, 'trop_agb_crit': 14.651981868101155, 'trop_k_veg': 6.497428247087613, 'pop_amp': 0.015160785287864876, 'pop_peak': 1.311721825586809, 'pop_sig': 1.165130181298846}. Best is trial 274 with value: -0.604910391627968.
[I 2026-08-20 00:26:51,105] Trial 525 finished with value: 0.5862813477705383 and parameters: {'k1': 8.438629918845288e-05, 'D_low': 263.15451617704497, 'k2': 0.005290607493424696, 'D_high': 3658354.1693817014, 'fire_exp': 1.387845523125576, 'P_half': 32.43362837584976, 'pre_dampen_half': 0.626059156573693, 'gpp_af': 0.002208851058763586, 'gpp_b': 0.07834535139826232, 'gpp_d': 10.275025028535396, 'ign_k': 0.022912095100468995, 'ign_c': 7.2506226514027095, 'trop_agb_crit': 11.266139757047368, 'trop_k_veg': 0.8949347116088777, 'pop_amp': 3.019349680247887, 'pop_peak': 1.9107731481829686, 'pop_sig': 2.0824093304376983}. Best is trial 274 with value: -0.604910391627968.
[I 2026-08-20 00:26:53,670] Trial 526 finished with value: 0.5062585456793671 and parameters: {'k1': 0.008309972256380862, 'D_low': 9896.22722533071, 'k2': 0.006269059157946448, 'D_high': 80064.26047006252, 'fire_exp': 2.0887253331927913, 'P_half': 750.4934000188873, 'pre_dampen_half': 428.8485778680082, 'gpp_af': 0.028291228668186646, 'gpp_b': 0.000978670375202636, 'gpp_d': 204.54336022731476, 'ign_k': 3.352779000372986, 'ign_c': 0.31218496305661997, 'trop_agb_crit': 7.121385773641898, 'trop_k_veg': 3.65240531864575, 'pop_amp': 0.4010993340255501, 'pop_peak': 3.2117630175598926, 'pop_sig': 0.5443244152129407}. Best is trial 274 with value: -0.604910391627968.
[I 2026-08-20 00:26:56,291] Trial 527 finished with value: 0.5266704627444145 and parameters: {'k1': 0.013224698997236306, 'D_low': 161.6245520533988, 'k2': 0.0055655312311858815, 'D_high': 411035.8629427748, 'fire_exp': 4.134356235924746, 'P_half': 3.786885594674169, 'pre_dampen_half': 27.473225441879794, 'gpp_af': 0.0018388959480801703, 'gpp_b': 5.179647214836434e-05, 'gpp_d': 720.6197939669485, 'ign_k': 0.036341575349904974, 'ign_c': 0.27302368913646025, 'trop_agb_crit': 6.869605601910229, 'trop_k_veg': 2.7403202377713702, 'pop_amp': 0.04884164617005838, 'pop_peak': 11.118570145137737, 'pop_sig': 1.8205818991274896}. Best is trial 274 with value: -0.604910391627968.
[I 2026-08-20 00:26:58,799] Trial 528 finished with value: 0.5936992634427878 and parameters: {'k1': 0.000614695521016733, 'D_low': 1227.215801027166, 'k2': 0.0007448920438812701, 'D_high': 4341.644389003452, 'fire_exp': 1.4604064769780827, 'P_half': 219.5895164132273, 'pre_dampen_half': 0.25088854011756323, 'gpp_af': 0.22305127356389975, 'gpp_b': 0.0014116737821223484, 'gpp_d': 0.7104417293408088, 'ign_k': 3.071327402878124, 'ign_c': 1.5744057045449014, 'trop_agb_crit': 18.3794263609238, 'trop_k_veg': 1.1890761970243786, 'pop_amp': 0.0015051072200963746, 'pop_peak': 6.016615564631378, 'pop_sig': 2.2283004064644065}. Best is trial 274 with value: -0.604910391627968.
[I 2026-08-20 00:27:01,401] Trial 529 finished with value: -0.45012475701939775 and parameters: {'k1': 1.670955325896413e-05, 'D_low': 16442.729730859326, 'k2': 0.015627857455891063, 'D_high': 31479.66516194366, 'fire_exp': 2.1716087412286122, 'P_half': 33.06066050474796, 'pre_dampen_half': 534.5504924390722, 'gpp_af': 0.21384948169581158, 'gpp_b': 2.5996284273273114e-05, 'gpp_d': 2.162144791045206, 'ign_k': 8.39391357605504, 'ign_c': 0.2092980003183118, 'trop_agb_crit': 25.06499783682889, 'trop_k_veg': 1.001755752201878, 'pop_amp': 0.025844643357712683, 'pop_peak': 155.10616510804488, 'pop_sig': 0.4066703492553045}. Best is trial 274 with value: -0.604910391627968.
[I 2026-08-20 00:27:04,564] Trial 530 finished with value: 0.5343133569274368 and parameters: {'k1': 0.08744027356254531, 'D_low': 48.368930308671544, 'k2': 0.044491650887838734, 'D_high': 793297.7422820205, 'fire_exp': 2.5165168749841436, 'P_half': 718.8088359171055, 'pre_dampen_half': 17.56717187352137, 'gpp_af': 0.002598238897036181, 'gpp_b': 0.0006666019173443884, 'gpp_d': 116.64461176945292, 'ign_k': 2.003319764113523, 'ign_c': 0.4413139589503199, 'trop_agb_crit': 7.745932932751312, 'trop_k_veg': 6.747090452021305, 'pop_amp': 0.3158262748691539, 'pop_peak': 0.2631305268690012, 'pop_sig': 1.3657240914647881}. Best is trial 274 with value: -0.604910391627968.
[I 2026-08-20 00:27:07,738] Trial 531 finished with value: 0.5599050714392415 and parameters: {'k1': 0.00414741622829926, 'D_low': 1363.185999910053, 'k2': 0.0022284578348377424, 'D_high': 299039.95487100264, 'fire_exp': 1.6502033082615124, 'P_half': 2.5223718013813072, 'pre_dampen_half': 0.06811261358830405, 'gpp_af': 0.046648721589114574, 'gpp_b': 0.007059370335204796, 'gpp_d': 3.333747345882732, 'ign_k': 0.0040306183326620035, 'ign_c': 4.705091966593461, 'trop_agb_crit': 17.982084983324953, 'trop_k_veg': 0.7847945114479307, 'pop_amp': 1.5149876090964622, 'pop_peak': 1.678002312110071, 'pop_sig': 1.23774365743869}. Best is trial 274 with value: -0.604910391627968.
[I 2026-08-20 00:27:10,427] Trial 532 finished with value: 0.6445374145881376 and parameters: {'k1': 0.09919864621033304, 'D_low': 5929.9360023306135, 'k2': 0.05606011702669656, 'D_high': 863.1876836871427, 'fire_exp': 3.0541611938433535, 'P_half': 2017.3545429037968, 'pre_dampen_half': 91.34635987792436, 'gpp_af': 3.9284839496216324, 'gpp_b': 0.025377396318023323, 'gpp_d': 19.11053635889089, 'ign_k': 0.7441935122681607, 'ign_c': 0.2814312079646793, 'trop_agb_crit': 4.98740112681153, 'trop_k_veg': 7.085122978303846, 'pop_amp': 5.195381322663024, 'pop_peak': 2.3682044707113823, 'pop_sig': 0.6373588968073385}. Best is trial 274 with value: -0.604910391627968.
[I 2026-08-20 00:27:13,405] Trial 533 finished with value: 0.5071291619136524 and parameters: {'k1': 0.003870038978906721, 'D_low': 62.79331644461926, 'k2': 0.06276419565568724, 'D_high': 6441675.365849994, 'fire_exp': 2.274846984209169, 'P_half': 1.02045205533059, 'pre_dampen_half': 0.05891357743479892, 'gpp_af': 0.011256429612544437, 'gpp_b': 4.241229534016098e-05, 'gpp_d': 208.45312215778148, 'ign_k': 0.10578443458210234, 'ign_c': 4.889394637116598, 'trop_agb_crit': 8.890033246287445, 'trop_k_veg': 1.0723660376403095, 'pop_amp': 0.4646446587244249, 'pop_peak': 29.939034975132564, 'pop_sig': 1.6581643117275628}. Best is trial 274 with value: -0.604910391627968.
[I 2026-08-20 00:27:16,675] Trial 534 finished with value: 0.4866830271254967 and parameters: {'k1': 0.06632948835276266, 'D_low': 3318.666729356366, 'k2': 0.07420439730391908, 'D_high': 63152.75580400089, 'fire_exp': 2.181942736991351, 'P_half': 224.68647236960734, 'pre_dampen_half': 264.5280662932067, 'gpp_af': 0.006559015831697889, 'gpp_b': 0.0011096392417948963, 'gpp_d': 9.199376463536028, 'ign_k': 0.4336455081859959, 'ign_c': 0.7123272694693549, 'trop_agb_crit': 4.785386255845618, 'trop_k_veg': 6.953249540639896, 'pop_amp': 1.8442375590332027, 'pop_peak': 23.345382379705462, 'pop_sig': 0.5671352674581381}. Best is trial 274 with value: -0.604910391627968.
[I 2026-08-20 00:27:19,599] Trial 535 finished with value: 0.519264732374481 and parameters: {'k1': 9.189519408278576e-05, 'D_low': 17.568507969857738, 'k2': 0.042638177362526494, 'D_high': 5639841.823080247, 'fire_exp': 2.225870937524537, 'P_half': 5.7754593624761394, 'pre_dampen_half': 0.08641471090638386, 'gpp_af': 0.02713812627769695, 'gpp_b': 0.0015824133917492912, 'gpp_d': 16.934887728019348, 'ign_k': 0.40329026611874796, 'ign_c': 8.095359956089123, 'trop_agb_crit': 9.727099155864016, 'trop_k_veg': 0.5933872745915189, 'pop_amp': 1.799820032967165, 'pop_peak': 2.3360756389962103, 'pop_sig': 0.750739390115226}. Best is trial 274 with value: -0.604910391627968.
[I 2026-08-20 00:27:22,140] Trial 536 finished with value: 0.5781870919935879 and parameters: {'k1': 0.001483270827865873, 'D_low': 741.9399700125492, 'k2': 0.0003551690651075746, 'D_high': 39642.070151116204, 'fire_exp': 1.5731916603411567, 'P_half': 19.44528556717262, 'pre_dampen_half': 0.06884358123212846, 'gpp_af': 0.05432861204383665, 'gpp_b': 0.00012269937413670896, 'gpp_d': 11.968556184893075, 'ign_k': 0.0030622635596302718, 'ign_c': 14.044668027820238, 'trop_agb_crit': 24.264702531782785, 'trop_k_veg': 0.8640657200812016, 'pop_amp': 0.03949694673868937, 'pop_peak': 2.627234138969413, 'pop_sig': 1.864547718740323}. Best is trial 274 with value: -0.604910391627968.
[I 2026-08-20 00:27:23,883] Trial 537 finished with value: 0.4653093928153249 and parameters: {'k1': 0.011387335940158248, 'D_low': 14197.549290602237, 'k2': 0.0007005961975016568, 'D_high': 1065812.6737030048, 'fire_exp': 2.668896834947873, 'P_half': 45.68808045480188, 'pre_dampen_half': 42.34864740984224, 'gpp_af': 0.0012483014719145826, 'gpp_b': 0.00012428774690613357, 'gpp_d': 34.32988891816407, 'ign_k': 4.89731988032969, 'ign_c': 1.2212585654886665, 'trop_agb_crit': 8.812927836376394, 'trop_k_veg': 2.430297233041562, 'pop_amp': 0.22381154859865038, 'pop_peak': 17.99223747367207, 'pop_sig': 0.27181526203205314}. Best is trial 274 with value: -0.604910391627968.
[I 2026-08-20 00:27:25,648] Trial 538 finished with value: -0.5436966188983358 and parameters: {'k1': 6.146679252335401e-05, 'D_low': 93.51929995000097, 'k2': 0.0054173842473160755, 'D_high': 4865367.608897202, 'fire_exp': 1.3879404478835542, 'P_half': 2.6895558849527177, 'pre_dampen_half': 0.7923448681374944, 'gpp_af': 0.0897375194857048, 'gpp_b': 0.000170029476151453, 'gpp_d': 2.858109338754085, 'ign_k': 0.039183350364957785, 'ign_c': 4.442812882002845, 'trop_agb_crit': 29.75990833427194, 'trop_k_veg': 2.1097171703766815, 'pop_amp': 0.49166949257712345, 'pop_peak': 7.495347654017289, 'pop_sig': 0.899329407184999}. Best is trial 274 with value: -0.604910391627968.
[I 2026-08-20 00:27:27,391] Trial 539 finished with value: -0.5560885493787788 and parameters: {'k1': 0.0033807518695887504, 'D_low': 1332.3812994956863, 'k2': 0.00025319176345937314, 'D_high': 51182.89084465499, 'fire_exp': 2.188698443113366, 'P_half': 153.94264158891954, 'pre_dampen_half': 30.92796144907204, 'gpp_af': 0.0018467410422155946, 'gpp_b': 0.0001444738387422941, 'gpp_d': 480.76858451824876, 'ign_k': 1.3077106562400527, 'ign_c': 9.277300739700918, 'trop_agb_crit': 6.004437727974584, 'trop_k_veg': 3.676444756430776, 'pop_amp': 0.0017103329542180426, 'pop_peak': 16.461778717766506, 'pop_sig': 0.823448619662237}. Best is trial 274 with value: -0.604910391627968.
[I 2026-08-20 00:27:29,091] Trial 540 finished with value: 0.40324528996722875 and parameters: {'k1': 0.0018796838940347378, 'D_low': 515.2986614415765, 'k2': 0.0002689965737496452, 'D_high': 152450.39536229102, 'fire_exp': 2.3823682877915653, 'P_half': 61.21712629829234, 'pre_dampen_half': 30.093199540839336, 'gpp_af': 0.0013834690398627201, 'gpp_b': 4.511536842815525e-05, 'gpp_d': 47.53180395293997, 'ign_k': 0.5133363333768948, 'ign_c': 13.427436334567245, 'trop_agb_crit': 12.180203901774377, 'trop_k_veg': 2.6623684494646134, 'pop_amp': 0.0011321652601903962, 'pop_peak': 1.6559060782306607, 'pop_sig': 0.9962808709631161}. Best is trial 274 with value: -0.604910391627968.
[I 2026-08-20 00:27:30,829] Trial 541 finished with value: 0.6445374145881376 and parameters: {'k1': 0.008089962703966828, 'D_low': 359820.5353629646, 'k2': 7.007869399804984e-05, 'D_high': 10479.73333893159, 'fire_exp': 2.465962718371865, 'P_half': 830.7667316433642, 'pre_dampen_half': 2.9453567779461722, 'gpp_af': 0.012728034122318455, 'gpp_b': 0.002781719235119491, 'gpp_d': 825.3276484119235, 'ign_k': 3.9468656459918585, 'ign_c': 20.347585334039298, 'trop_agb_crit': 3.91418531442526, 'trop_k_veg': 3.0502947921892245, 'pop_amp': 0.00763399624417025, 'pop_peak': 2.056663770990743, 'pop_sig': 0.6029439792222148}. Best is trial 274 with value: -0.604910391627968.
[I 2026-08-20 00:27:32,567] Trial 542 finished with value: 0.40961920314086986 and parameters: {'k1': 0.00019897433906076363, 'D_low': 8934.387108960109, 'k2': 0.0015046117354857137, 'D_high': 2911875.514469001, 'fire_exp': 1.2319328613958787, 'P_half': 325.53639373610014, 'pre_dampen_half': 177.2865369864155, 'gpp_af': 0.0026414668701133484, 'gpp_b': 2.5312060469461928e-05, 'gpp_d': 18.872706713670603, 'ign_k': 0.30592845228313187, 'ign_c': 7.75693609364085, 'trop_agb_crit': 26.37724919337077, 'trop_k_veg': 2.936015099705692, 'pop_amp': 0.0014509697276412622, 'pop_peak': 91.32505762137617, 'pop_sig': 0.3989372751063379}. Best is trial 274 with value: -0.604910391627968.
[I 2026-08-20 00:27:34,248] Trial 543 finished with value: 0.5790759721504444 and parameters: {'k1': 0.0069320459058819835, 'D_low': 10761.52754680511, 'k2': 0.0020559290321058602, 'D_high': 71782.05649718724, 'fire_exp': 5.455136966578164, 'P_half': 8.583923652590675, 'pre_dampen_half': 0.5162022716960023, 'gpp_af': 0.00735221276273469, 'gpp_b': 0.0006179232263121227, 'gpp_d': 10.492778122424832, 'ign_k': 2.116927987571102, 'ign_c': 8.117560204502922, 'trop_agb_crit': 5.943767857339822, 'trop_k_veg': 2.0138208015207963, 'pop_amp': 0.011239071575182806, 'pop_peak': 22.849821281710042, 'pop_sig': 1.6057918870857373}. Best is trial 274 with value: -0.604910391627968.
