[I 2026-07-24 02:10:05,152] Trial 544 finished with value: 0.5570199209141888 and parameters: {'k1': 0.00044467353980272056, 'D_low': 109.5697685298296, 'k2': 0.012765619672940313, 'D_high': 2377168.519386329, 'fire_exp': 2.550392032137202, 'P_half': 10.892276812300116, 'pre_dampen_half': 3.524273403466717, 'gpp_af': 0.2522767405517049, 'gpp_b': 0.003132162490575143, 'gpp_d': 275.05889575778, 'ign_k': 0.0014741694359173398, 'ign_c': 0.24319055832931077, 'trop_agb_crit': 9.858508629859653, 'trop_k_veg': 1.7695888574666445, 'gdp_gamma': 0.09661490101634854, 'fuel_k': 0.012974198830944075, 'fuel_half': 17.536931392984197}. Best is trial 335 with value: -0.6233152110406992.
[I 2026-07-24 02:10:05,601] Trial 545 finished with value: -0.5999289782601942 and parameters: {'k1': 1.6573527290259923e-05, 'D_low': 20.062326575113264, 'k2': 0.002658024406172525, 'D_high': 4148216.8287337944, 'fire_exp': 1.3103464240220688, 'P_half': 232.4160015147131, 'pre_dampen_half': 18.298855997671645, 'gpp_af': 0.1322147523628664, 'gpp_b': 0.000914244508604583, 'gpp_d': 0.31966091407178154, 'ign_k': 0.0017831291693548744, 'ign_c': 128.24221789500697, 'trop_agb_crit': 3.584029461565115, 'trop_k_veg': 2.6677132584306307, 'gdp_gamma': 0.8202129428562631, 'fuel_k': 0.016500067011722897, 'fuel_half': 14.099995852261411}. Best is trial 335 with value: -0.6233152110406992.
[I 2026-07-24 02:10:06,054] Trial 546 finished with value: 0.579868532984522 and parameters: {'k1': 6.552212991132134e-05, 'D_low': 9.60810776562987, 'k2': 0.0027868825502520415, 'D_high': 6285086.015402828, 'fire_exp': 1.7716458188932764, 'P_half': 2370.331081262822, 'pre_dampen_half': 5.125903234869563, 'gpp_af': 0.2952858950341743, 'gpp_b': 0.0013844566957986154, 'gpp_d': 26.78959058652744, 'ign_k': 0.0025239940569250084, 'ign_c': 657.9929376542136, 'trop_agb_crit': 2.367566493767259, 'trop_k_veg': 4.604977559560435, 'gdp_gamma': 0.7994827018359965, 'fuel_k': 0.04165249765576639, 'fuel_half': 8.182542246740892}. Best is trial 335 with value: -0.6233152110406992.
[I 2026-07-24 02:10:06,503] Trial 547 finished with value: 0.4648279898062385 and parameters: {'k1': 2.0065107739303473e-05, 'D_low': 16.275676000573327, 'k2': 0.008680275285315304, 'D_high': 1589356.0061150026, 'fire_exp': 1.1896354194464513, 'P_half': 96.6771238461214, 'pre_dampen_half': 5.463032120926249, 'gpp_af': 0.14805919192765524, 'gpp_b': 0.048318312166849633, 'gpp_d': 0.30347906764324106, 'ign_k': 0.0018015277572310483, 'ign_c': 177.56709869023263, 'trop_agb_crit': 3.280193735472289, 'trop_k_veg': 2.0315066350235402, 'gdp_gamma': 0.949359451549476, 'fuel_k': 0.013391874737700786, 'fuel_half': 15.93089223945567}. Best is trial 335 with value: -0.6233152110406992.
[I 2026-07-24 02:10:06,954] Trial 548 finished with value: 0.5601781886587152 and parameters: {'k1': 1.4415508679345431e-05, 'D_low': 1456.161332128352, 'k2': 0.001693823352613518, 'D_high': 6663557.025600817, 'fire_exp': 1.75110198030806, 'P_half': 188.15160538110408, 'pre_dampen_half': 11.557461804154562, 'gpp_af': 0.017789773172182645, 'gpp_b': 0.00010615781904308371, 'gpp_d': 2.3926804851944588, 'ign_k': 0.002569084416359177, 'ign_c': 305.1389885996977, 'trop_agb_crit': 5.0693726663256315, 'trop_k_veg': 2.9133068929938317, 'gdp_gamma': 0.3469296724064734, 'fuel_k': 0.015831199919580256, 'fuel_half': 68.04189385351013}. Best is trial 335 with value: -0.6233152110406992.
[I 2026-07-24 02:10:07,409] Trial 549 finished with value: 0.4384385142627818 and parameters: {'k1': 0.022121457417778132, 'D_low': 1645.831875912854, 'k2': 0.018080184588719597, 'D_high': 1965180.196816824, 'fire_exp': 1.0435618899655257, 'P_half': 3.0136268656758225, 'pre_dampen_half': 3.048800800256459, 'gpp_af': 0.6396733491813416, 'gpp_b': 0.041980170834075, 'gpp_d': 10.145633256556431, 'ign_k': 0.0017359028676727575, 'ign_c': 15.304327295777481, 'trop_agb_crit': 3.7445832916779094, 'trop_k_veg': 0.5991181899905679, 'gdp_gamma': 0.9787261298536818, 'fuel_k': 0.8826167018836454, 'fuel_half': 46.35871888361545}. Best is trial 335 with value: -0.6233152110406992.
[I 2026-07-24 02:10:07,859] Trial 550 finished with value: 0.6365167896356837 and parameters: {'k1': 8.443932256179997e-05, 'D_low': 416.4600792717753, 'k2': 0.00011366131059995607, 'D_high': 24883.622472381365, 'fire_exp': 1.7689423484839857, 'P_half': 6177.259148049095, 'pre_dampen_half': 337.24574704016527, 'gpp_af': 0.0012641394679936784, 'gpp_b': 0.025149412895188874, 'gpp_d': 0.027837959497012052, 'ign_k': 0.00115710140169925, 'ign_c': 8.941542217161214, 'trop_agb_crit': 2.194491535406078, 'trop_k_veg': 1.1346487544293642, 'gdp_gamma': 0.5133149765826733, 'fuel_k': 0.012993538574506854, 'fuel_half': 5.274414172741472}. Best is trial 335 with value: -0.6233152110406992.
[I 2026-07-24 02:10:08,309] Trial 551 finished with value: 0.43973756369918815 and parameters: {'k1': 0.00011189337388136487, 'D_low': 19.878429439294596, 'k2': 0.005662288699651812, 'D_high': 9993878.80970653, 'fire_exp': 1.8040709035432694, 'P_half': 42.91149297553831, 'pre_dampen_half': 323.3032053066384, 'gpp_af': 0.005916970332346259, 'gpp_b': 2.1891036413380233e-05, 'gpp_d': 290.5274493571225, 'ign_k': 0.001110900431766548, 'ign_c': 381.7757190050358, 'trop_agb_crit': 7.430342957258898, 'trop_k_veg': 2.9710422117194546, 'gdp_gamma': 1.4429797799111894, 'fuel_k': 0.12949819819913277, 'fuel_half': 22.53144462766276}. Best is trial 335 with value: -0.6233152110406992.
[I 2026-07-24 02:10:08,802] Trial 552 finished with value: 0.45465040917372324 and parameters: {'k1': 1.8254950480693576e-05, 'D_low': 46.18471234251367, 'k2': 0.0002212109930572245, 'D_high': 91614.15957683908, 'fire_exp': 1.224728697859031, 'P_half': 192.5112497246421, 'pre_dampen_half': 178.66492595229082, 'gpp_af': 0.03163190972545426, 'gpp_b': 0.0001798981561223526, 'gpp_d': 0.21954703714512935, 'ign_k': 0.0057419149795728, 'ign_c': 44.02932670902847, 'trop_agb_crit': 5.305977655356014, 'trop_k_veg': 5.075481544286051, 'gdp_gamma': 0.9272647350291395, 'fuel_k': 0.04669932534101471, 'fuel_half': 33.278034228355594}. Best is trial 335 with value: -0.6233152110406992.
[I 2026-07-24 02:10:09,261] Trial 553 finished with value: -0.5215918599458249 and parameters: {'k1': 2.6007200675527963e-05, 'D_low': 9.380684708152105, 'k2': 0.0008981908840828078, 'D_high': 1749620.0118400815, 'fire_exp': 1.7721577740395151, 'P_half': 83.87344860263315, 'pre_dampen_half': 11.585012246597342, 'gpp_af': 0.026641030814051815, 'gpp_b': 1.703749486357517e-05, 'gpp_d': 2.6278490596471267, 'ign_k': 0.022112860891237, 'ign_c': 3.5323329263033867, 'trop_agb_crit': 3.055253682582284, 'trop_k_veg': 6.132863215246262, 'gdp_gamma': 0.17013035981154084, 'fuel_k': 0.024713689213207848, 'fuel_half': 9.674930378735949}. Best is trial 335 with value: -0.6233152110406992.
[I 2026-07-24 02:10:09,712] Trial 554 finished with value: 0.6060285516609857 and parameters: {'k1': 0.00019626460784996614, 'D_low': 14.068245584266407, 'k2': 0.01062418781311276, 'D_high': 1283630.257662702, 'fire_exp': 1.1907949491173178, 'P_half': 1777.8458413756916, 'pre_dampen_half': 13.98088304824186, 'gpp_af': 9.65752610097449, 'gpp_b': 0.0002800563353166346, 'gpp_d': 1.1649025035549523, 'ign_k': 0.004581972859237026, 'ign_c': 26.397177890909127, 'trop_agb_crit': 5.597475397683776, 'trop_k_veg': 2.11492370576969, 'gdp_gamma': 0.14948853568914972, 'fuel_k': 0.024581584078779375, 'fuel_half': 34.53280398306908}. Best is trial 335 with value: -0.6233152110406992.
[I 2026-07-24 02:10:10,163] Trial 555 finished with value: 0.5909159621123831 and parameters: {'k1': 0.0006614513890191507, 'D_low': 66.78612444952154, 'k2': 1.7193735717922348e-05, 'D_high': 5330721.718155616, 'fire_exp': 1.8576071476880662, 'P_half': 539.6091323830598, 'pre_dampen_half': 22.66554325847934, 'gpp_af': 0.034837760804487874, 'gpp_b': 0.00018927523462159535, 'gpp_d': 0.04332517011104285, 'ign_k': 0.009839418342756113, 'ign_c': 88.46848096215435, 'trop_agb_crit': 2.023426742880123, 'trop_k_veg': 2.622595436973102, 'gdp_gamma': 0.2919879274862684, 'fuel_k': 0.03679369502167062, 'fuel_half': 22.46175355413801}. Best is trial 335 with value: -0.6233152110406992.
[I 2026-07-24 02:10:10,609] Trial 556 finished with value: 0.5243407362296704 and parameters: {'k1': 1.801771787218166e-05, 'D_low': 150.71600949329235, 'k2': 0.004767226644114371, 'D_high': 290077.1310190654, 'fire_exp': 1.4619428321900745, 'P_half': 552.9102408137229, 'pre_dampen_half': 17.94776326482785, 'gpp_af': 0.006824842730803908, 'gpp_b': 1.7142920777343257e-05, 'gpp_d': 40.22341654593928, 'ign_k': 0.003328424870500785, 'ign_c': 59.568552758524184, 'trop_agb_crit': 1.7794500681266006, 'trop_k_veg': 2.1018164166400575, 'gdp_gamma': 0.3135469598820215, 'fuel_k': 0.04629771292922914, 'fuel_half': 5.915889221234516}. Best is trial 335 with value: -0.6233152110406992.
[I 2026-07-24 02:10:11,064] Trial 557 finished with value: 0.6033026757642636 and parameters: {'k1': 1.1092289815224618e-05, 'D_low': 110.1784964729932, 'k2': 0.01011238046870537, 'D_high': 17098.190582194788, 'fire_exp': 2.112402190756564, 'P_half': 280.0079651999815, 'pre_dampen_half': 32.43575297436315, 'gpp_af': 0.03295970698928403, 'gpp_b': 0.04455301148746962, 'gpp_d': 0.15468300366746154, 'ign_k': 0.011211175498122047, 'ign_c': 0.7523787805865506, 'trop_agb_crit': 3.3865939398194524, 'trop_k_veg': 2.2579677792891943, 'gdp_gamma': 0.40776740478820855, 'fuel_k': 0.010987853082594777, 'fuel_half': 1.6763422216553645}. Best is trial 335 with value: -0.6233152110406992.
[I 2026-07-24 02:10:11,517] Trial 558 finished with value: 0.4301134943041446 and parameters: {'k1': 0.015741548017990457, 'D_low': 1456.710895539974, 'k2': 0.08526907567731466, 'D_high': 2514117.850847272, 'fire_exp': 2.872559087533571, 'P_half': 29.73872810335392, 'pre_dampen_half': 15.19581021650608, 'gpp_af': 0.37446381996941724, 'gpp_b': 3.3922370941983e-05, 'gpp_d': 248.9518527686396, 'ign_k': 0.018838331204916722, 'ign_c': 0.13769697480325502, 'trop_agb_crit': 3.5008436833601566, 'trop_k_veg': 1.4154198146162078, 'gdp_gamma': 1.4455198188696998, 'fuel_k': 0.16106808033610928, 'fuel_half': 2.739414944599709}. Best is trial 335 with value: -0.6233152110406992.
[I 2026-07-24 02:10:11,964] Trial 559 finished with value: 0.40690189311936087 and parameters: {'k1': 0.00010328920427974521, 'D_low': 29.617467388774042, 'k2': 0.0743919539812883, 'D_high': 4392432.417158873, 'fire_exp': 1.0457066499857535, 'P_half': 29.349421232016805, 'pre_dampen_half': 0.42665527805467723, 'gpp_af': 0.02454940426994114, 'gpp_b': 0.001178082677604152, 'gpp_d': 2.2865812961524674, 'ign_k': 0.016120171999117076, 'ign_c': 7.309399337204483, 'trop_agb_crit': 20.856171190772947, 'trop_k_veg': 0.7186733309558833, 'gdp_gamma': 0.45402923526399713, 'fuel_k': 0.9885741778041898, 'fuel_half': 45.71395899187643}. Best is trial 335 with value: -0.6233152110406992.
[I 2026-07-24 02:10:12,415] Trial 560 finished with value: 0.42543168362674655 and parameters: {'k1': 2.7701338374145636e-05, 'D_low': 20.414827909973262, 'k2': 0.035769293491973754, 'D_high': 516492.2413616657, 'fire_exp': 1.0675917029299988, 'P_half': 375.25286261539685, 'pre_dampen_half': 0.48125372024801827, 'gpp_af': 0.019100693805005682, 'gpp_b': 8.105238475421296e-05, 'gpp_d': 0.3164282813059834, 'ign_k': 2.0892086730515262, 'ign_c': 1.8404663579621188, 'trop_agb_crit': 17.025301012096016, 'trop_k_veg': 1.0541171001348015, 'gdp_gamma': 1.7277741211392845, 'fuel_k': 0.5579946309134216, 'fuel_half': 61.393844926555644}. Best is trial 335 with value: -0.6233152110406992.
[I 2026-07-24 02:10:12,868] Trial 561 finished with value: 0.48457896708478665 and parameters: {'k1': 1.887425286603637e-05, 'D_low': 808.7124383767427, 'k2': 0.01691126863608754, 'D_high': 3755374.234281291, 'fire_exp': 1.3819551642018633, 'P_half': 153.39219585992262, 'pre_dampen_half': 0.12463371408230309, 'gpp_af': 0.11355307826908981, 'gpp_b': 0.00017104754419266824, 'gpp_d': 1.105011264174914, 'ign_k': 0.12598335921170425, 'ign_c': 0.34329841798734445, 'trop_agb_crit': 21.82219683900355, 'trop_k_veg': 0.5371019812033156, 'gdp_gamma': 0.29371345585314224, 'fuel_k': 0.5075271101582045, 'fuel_half': 18.439358671888765}. Best is trial 335 with value: -0.6233152110406992.
[I 2026-07-24 02:10:13,315] Trial 562 finished with value: 0.5625240906796368 and parameters: {'k1': 0.0015644871209972763, 'D_low': 5.884846202268786, 'k2': 0.02105966567475558, 'D_high': 367853.44075798447, 'fire_exp': 2.4590949781822693, 'P_half': 139.6664872113313, 'pre_dampen_half': 2.0149376903507195, 'gpp_af': 0.7995849874311292, 'gpp_b': 4.914651118880062e-05, 'gpp_d': 33.63842649199969, 'ign_k': 0.0015762115646682062, 'ign_c': 2.9560320888376355, 'trop_agb_crit': 13.322065303373767, 'trop_k_veg': 4.262500408066446, 'gdp_gamma': 0.10193705194907988, 'fuel_k': 0.010213103791577754, 'fuel_half': 80.14866395301677}. Best is trial 335 with value: -0.6233152110406992.
[I 2026-07-24 02:10:13,769] Trial 563 finished with value: 0.5513032035836722 and parameters: {'k1': 1.5780835696034676e-05, 'D_low': 8.872835374348023, 'k2': 0.057177966118342936, 'D_high': 7176347.245172449, 'fire_exp': 1.532138571362339, 'P_half': 890.8604832387591, 'pre_dampen_half': 8.884740171392504, 'gpp_af': 0.3862222076656677, 'gpp_b': 2.6504299374126172e-05, 'gpp_d': 0.32727131564040624, 'ign_k': 0.0014319893815971704, 'ign_c': 370.1581204062424, 'trop_agb_crit': 5.070339547293231, 'trop_k_veg': 3.937852658780233, 'gdp_gamma': 0.861225572007438, 'fuel_k': 0.05939015052088628, 'fuel_half': 5.615288914096397}. Best is trial 335 with value: -0.6233152110406992.
[I 2026-07-24 02:10:14,227] Trial 564 finished with value: 0.46662962297704247 and parameters: {'k1': 0.004283350433083335, 'D_low': 3485.113658891749, 'k2': 0.07920929928193302, 'D_high': 120858.2911038235, 'fire_exp': 1.1926757632822322, 'P_half': 3750.031621143276, 'pre_dampen_half': 24.50869195668406, 'gpp_af': 0.013458633224882723, 'gpp_b': 2.317795462449029e-05, 'gpp_d': 5.362326473443762, 'ign_k': 0.004371981467049523, 'ign_c': 2.3392702552268716, 'trop_agb_crit': 2.7950641304282384, 'trop_k_veg': 0.9039122940506458, 'gdp_gamma': 1.5264934796809315, 'fuel_k': 0.01585451209749193, 'fuel_half': 63.0192035931562}. Best is trial 335 with value: -0.6233152110406992.
[I 2026-07-24 02:10:14,674] Trial 565 finished with value: -0.5957830632845018 and parameters: {'k1': 2.1486621636512608e-05, 'D_low': 9.380436191896159, 'k2': 0.027182189698146775, 'D_high': 3496309.0060924874, 'fire_exp': 1.5508812910696683, 'P_half': 36.416663615402335, 'pre_dampen_half': 14.658636260978076, 'gpp_af': 0.001284645700200228, 'gpp_b': 0.0001728548472946348, 'gpp_d': 0.06824906362708856, 'ign_k': 0.003481936509060275, 'ign_c': 54.17737696566976, 'trop_agb_crit': 1.8977086607051399, 'trop_k_veg': 1.6664772118183115, 'gdp_gamma': 1.8119288439759258, 'fuel_k': 0.010905737775229922, 'fuel_half': 19.99919008856372}. Best is trial 335 with value: -0.6233152110406992.
[I 2026-07-24 02:10:15,124] Trial 566 finished with value: 0.3944842146447787 and parameters: {'k1': 3.9640435753382115e-05, 'D_low': 16.638692692786293, 'k2': 0.02601595037532399, 'D_high': 2680916.167148244, 'fire_exp': 1.7504033285654514, 'P_half': 46.89548321770808, 'pre_dampen_half': 17.156693657421744, 'gpp_af': 0.005745377021422071, 'gpp_b': 8.066041242925438e-05, 'gpp_d': 4.220387817509374, 'ign_k': 0.12775947966483892, 'ign_c': 26.15038871090112, 'trop_agb_crit': 1.5821007897842803, 'trop_k_veg': 3.206672152806911, 'gdp_gamma': 0.666912218683896, 'fuel_k': 0.010920306481350457, 'fuel_half': 8.083459363465666}. Best is trial 335 with value: -0.6233152110406992.
[I 2026-07-24 02:10:15,574] Trial 567 finished with value: -0.5509469642903664 and parameters: {'k1': 9.482281297481321e-05, 'D_low': 5.582631900536391, 'k2': 0.0031765731570679787, 'D_high': 5790975.51957567, 'fire_exp': 1.777228689877324, 'P_half': 76.55138132971949, 'pre_dampen_half': 19.85942999976907, 'gpp_af': 0.08437843402475396, 'gpp_b': 0.00014843900310033308, 'gpp_d': 0.06456106537189892, 'ign_k': 0.0027712368351208204, 'ign_c': 42.2163734274617, 'trop_agb_crit': 3.8453472854065436, 'trop_k_veg': 1.9727136398768368, 'gdp_gamma': 0.9411958246606857, 'fuel_k': 0.025442590248043632, 'fuel_half': 6.846243569745538}. Best is trial 335 with value: -0.6233152110406992.
[I 2026-07-24 02:10:16,025] Trial 568 finished with value: 0.5837030535993285 and parameters: {'k1': 6.380667888069276e-05, 'D_low': 5.981868727574717, 'k2': 0.027013748897768825, 'D_high': 1194639.7746522916, 'fire_exp': 1.1377636489519343, 'P_half': 13.74983676278584, 'pre_dampen_half': 16.585941772170322, 'gpp_af': 0.001066947125120446, 'gpp_b': 0.00010248367153446114, 'gpp_d': 0.1353160671048233, 'ign_k': 0.10844947091864561, 'ign_c': 179.74458626020814, 'trop_agb_crit': 1.9371685994714245, 'trop_k_veg': 1.479863470494573, 'gdp_gamma': 1.441124709837876, 'fuel_k': 0.016584405206394818, 'fuel_half': 35.10932976393524}. Best is trial 335 with value: -0.6233152110406992.
[I 2026-07-24 02:10:16,470] Trial 569 finished with value: 0.4833306900881146 and parameters: {'k1': 5.803616782571691e-05, 'D_low': 3409.601619646139, 'k2': 1.2547267567259783e-05, 'D_high': 31729.589012345114, 'fire_exp': 1.0643936806841843, 'P_half': 172.26927838414204, 'pre_dampen_half': 319.8593336176324, 'gpp_af': 0.005048351193542313, 'gpp_b': 0.0037965221422137834, 'gpp_d': 0.1970254671410919, 'ign_k': 0.0055994113432127025, 'ign_c': 69.49745169192471, 'trop_agb_crit': 1.0511653862962098, 'trop_k_veg': 2.9358475065317715, 'gdp_gamma': 1.6317208256430866, 'fuel_k': 0.01229075269613329, 'fuel_half': 13.341145395653934}. Best is trial 335 with value: -0.6233152110406992.
[I 2026-07-24 02:10:16,922] Trial 570 finished with value: -0.5967614351413708 and parameters: {'k1': 0.0001394091792496188, 'D_low': 14.874104923340374, 'k2': 0.020109979706413688, 'D_high': 727159.4545484033, 'fire_exp': 1.7091862141871768, 'P_half': 94.90515032419242, 'pre_dampen_half': 41.88131290806547, 'gpp_af': 0.002653683342878461, 'gpp_b': 0.0007352618836551732, 'gpp_d': 0.23457190942712647, 'ign_k': 0.0019510601430987303, 'ign_c': 12.223748139923984, 'trop_agb_crit': 2.0532611512876136, 'trop_k_veg': 1.7573605496262739, 'gdp_gamma': 1.4750840756083856, 'fuel_k': 0.025206843130751673, 'fuel_half': 47.65578880185937}. Best is trial 335 with value: -0.6233152110406992.
[I 2026-07-24 02:10:17,368] Trial 571 finished with value: 0.5895068644677196 and parameters: {'k1': 0.00019300312231025155, 'D_low': 1.0931469285818687, 'k2': 0.01200665940021283, 'D_high': 456089.3601876651, 'fire_exp': 2.4164016755185522, 'P_half': 773.704527426869, 'pre_dampen_half': 307.1789339064286, 'gpp_af': 0.003176454397144429, 'gpp_b': 0.0014339986904021566, 'gpp_d': 0.04011577711573128, 'ign_k': 0.002794804274612202, 'ign_c': 2.4791265804979195, 'trop_agb_crit': 2.7669681690279764, 'trop_k_veg': 2.488888259694909, 'gdp_gamma': 1.4716831239458772, 'fuel_k': 0.05226529988293083, 'fuel_half': 68.64501556669279}. Best is trial 335 with value: -0.6233152110406992.
[I 2026-07-24 02:10:17,818] Trial 572 finished with value: 0.6445374145881376 and parameters: {'k1': 0.0026576349480272096, 'D_low': 1.0022762981909328, 'k2': 0.020820669526264116, 'D_high': 69093.1007926313, 'fire_exp': 5.702799047505805, 'P_half': 242.03706033089324, 'pre_dampen_half': 16.449858227811212, 'gpp_af': 0.009020833554486693, 'gpp_b': 0.0004378193356749257, 'gpp_d': 2.724810828512446, 'ign_k': 0.1509370990231275, 'ign_c': 102.33204852887006, 'trop_agb_crit': 11.285785307598108, 'trop_k_veg': 0.9295669510668105, 'gdp_gamma': 0.0014598504593939868, 'fuel_k': 4.054674153541186, 'fuel_half': 0.49769734583867675}. Best is trial 335 with value: -0.6233152110406992.
[I 2026-07-24 02:10:18,268] Trial 573 finished with value: -0.5557087370904967 and parameters: {'k1': 1.6193286049464445e-05, 'D_low': 1.1150276996518618, 'k2': 0.013295623531565711, 'D_high': 9992978.702438034, 'fire_exp': 1.3540238203005106, 'P_half': 17.161620695798888, 'pre_dampen_half': 50.50238173141409, 'gpp_af': 0.001327498915380532, 'gpp_b': 0.0001113762942695204, 'gpp_d': 0.2548461663000988, 'ign_k': 0.0024707661107770504, 'ign_c': 104.19979664292333, 'trop_agb_crit': 1.1171921313209716, 'trop_k_veg': 2.5087419451987905, 'gdp_gamma': 0.40465011471680556, 'fuel_k': 0.04428481853626639, 'fuel_half': 3.642880942217388}. Best is trial 335 with value: -0.6233152110406992.
[I 2026-07-24 02:10:18,718] Trial 574 finished with value: 0.5298294933710825 and parameters: {'k1': 0.00018704912493735934, 'D_low': 15.830787531247195, 'k2': 0.012234675332082931, 'D_high': 526803.5751033266, 'fire_exp': 2.4003899594843077, 'P_half': 19.368885559942473, 'pre_dampen_half': 126.06580372726495, 'gpp_af': 29.724160562060465, 'gpp_b': 0.0392845102696239, 'gpp_d': 114.05790951189097, 'ign_k': 0.026600799792062743, 'ign_c': 0.312273627167495, 'trop_agb_crit': 26.009900206961447, 'trop_k_veg': 4.24698206793428, 'gdp_gamma': 0.9356630587323034, 'fuel_k': 0.04719181389643963, 'fuel_half': 33.1963590854794}. Best is trial 335 with value: -0.6233152110406992.
[I 2026-07-24 02:10:19,165] Trial 575 finished with value: 0.40912590341407595 and parameters: {'k1': 2.5567333228365397e-05, 'D_low': 225.0038344265126, 'k2': 0.07786733805545493, 'D_high': 7315381.342361303, 'fire_exp': 1.418428708524742, 'P_half': 24.801574175188435, 'pre_dampen_half': 0.04222391276679731, 'gpp_af': 0.06782839922387288, 'gpp_b': 0.0005374664623582198, 'gpp_d': 0.9807089834181479, 'ign_k': 1.6377220586616563, 'ign_c': 15.153044529105017, 'trop_agb_crit': 17.633034306007993, 'trop_k_veg': 0.6400944305154008, 'gdp_gamma': 1.9925487978822445, 'fuel_k': 0.4510303816405311, 'fuel_half': 16.77919208307234}. Best is trial 335 with value: -0.6233152110406992.
