[I 2026-08-19 13:02:57,718] Trial 360 finished with values: [-0.407625545987954, 0.001380653109598784] and parameters: {'k1': 2.9693357731296325e-05, 'D_low': 437.4364439939077, 'k2': 0.0019856031481305684, 'D_high': 9355.38060645217, 'fire_exp': 1.3796609641485171, 'P_half': 4337.920697490941, 'pre_dampen_half': 0.2571419084734534, 'gpp_af': 0.0077125451401819246, 'gpp_b': 9.67374839440457e-05, 'gpp_d': 118.26972885708257, 'ign_k': 9.162638829638215, 'ign_c': 0.5488047000766043, 'trop_agb_crit': 3.544180417534903, 'trop_k_veg': 4.288672925586801, 'pop_amp': 0.029228481237926353, 'pop_peak': 352.89806695809773, 'pop_sig': 0.8541665408997411, 'fuel_k': 0.15552861105540366, 'fuel_half': 0.18427970406864538}.
[I 2026-08-19 13:03:01,181] Trial 361 finished with values: [-0.3929258331365791, 2.3780977187470853e-13] and parameters: {'k1': 0.0003944671255903532, 'D_low': 2.1309331861011747, 'k2': 1.2748758606816134e-05, 'D_high': 656327.636151562, 'fire_exp': 6.464773756830049, 'P_half': 8894.151386481904, 'pre_dampen_half': 0.015253065480601964, 'gpp_af': 0.4863825828994064, 'gpp_b': 0.262066851092946, 'gpp_d': 2.3230017312141893, 'ign_k': 0.0023181776112903506, 'ign_c': 89.12611835816996, 'trop_agb_crit': 9.561362341798622, 'trop_k_veg': 0.9320112612196061, 'pop_amp': 0.08829902947227952, 'pop_peak': 10.679600530994481, 'pop_sig': 0.3752554385661973, 'fuel_k': 0.9666195090843235, 'fuel_half': 6.663697567923197}.
[I 2026-08-19 13:03:03,848] Trial 362 finished with values: [-0.49165213079346837, 0.6209556812332209] and parameters: {'k1': 4.929552311643645e-05, 'D_low': 400.96816720924136, 'k2': 0.015109330261674455, 'D_high': 24493.271671328574, 'fire_exp': 1.1633452995374232, 'P_half': 24.93666083446519, 'pre_dampen_half': 42.63619053601748, 'gpp_af': 0.41874665092828456, 'gpp_b': 0.010442814210473004, 'gpp_d': 1.0088237648985734, 'ign_k': 0.3699359899959751, 'ign_c': 0.5110256715654393, 'trop_agb_crit': 1.7327871113349946, 'trop_k_veg': 6.038611061948211, 'pop_amp': 1.9488833759494657, 'pop_peak': 2.016436598480055, 'pop_sig': 0.4663206866626952, 'fuel_k': 0.6153584041797165, 'fuel_half': 0.10355826161899183}.
[I 2026-08-19 13:03:07,557] Trial 363 finished with values: [-0.3644865812748887, 7.993605777301127e-15] and parameters: {'k1': 0.05217998579193211, 'D_low': 75494.3468825953, 'k2': 3.077180271250682e-05, 'D_high': 9355.38060645217, 'fire_exp': 5.881565436248893, 'P_half': 4337.920697490941, 'pre_dampen_half': 0.19674328025306115, 'gpp_af': 2.0540519425388455, 'gpp_b': 0.011108675282673156, 'gpp_d': 3.9841905944346854, 'ign_k': 0.1537592023548176, 'ign_c': 0.5488047000766043, 'trop_agb_crit': 27.05166881899929, 'trop_k_veg': 4.288672925586801, 'pop_amp': 10.985330528057915, 'pop_peak': 352.89806695809773, 'pop_sig': 0.9904669476016459, 'fuel_k': 3.640039183945803, 'fuel_half': 14.26820132677797}.
[I 2026-08-19 13:03:10,648] Trial 364 finished with values: [-0.3964315590300339, 7.290150705330234e-10] and parameters: {'k1': 0.0007158031739371039, 'D_low': 131.8600900985155, 'k2': 0.0002191739661157602, 'D_high': 656327.636151562, 'fire_exp': 9.42746237183547, 'P_half': 21.577279477693462, 'pre_dampen_half': 0.9791370130598966, 'gpp_af': 0.4863825828994064, 'gpp_b': 3.3047126165675627, 'gpp_d': 117.2128156438701, 'ign_k': 0.5481818979974936, 'ign_c': 0.4471649524144918, 'trop_agb_crit': 22.15898715394987, 'trop_k_veg': 0.9320112612196061, 'pop_amp': 12.165162567684659, 'pop_peak': 66.11673186504072, 'pop_sig': 1.0264911386548754, 'fuel_k': 0.14519190859804215, 'fuel_half': 62.83266061384217}.
  trial  365/2500  pareto_size=22  best_ilamb=0.6094  (17.5 min)
[I 2026-08-19 13:03:15,380] Trial 365 finished with values: [-0.35896167791228256, 1.399703732030133e-06] and parameters: {'k1': 9.67404566214593e-05, 'D_low': 82151.19893998209, 'k2': 0.015763894361785387, 'D_high': 147291.8866762514, 'fire_exp': 1.8713074096420792, 'P_half': 229.5739821454948, 'pre_dampen_half': 0.6380717024176037, 'gpp_af': 59.926440149254184, 'gpp_b': 3.1906667956153174, 'gpp_d': 0.04831624275180356, 'ign_k': 6.32338195106678, 'ign_c': 6.0816733722841345, 'trop_agb_crit': 1.8769978887909808, 'trop_k_veg': 2.246382792334124, 'pop_amp': 5.682850415992685, 'pop_peak': 70.5165740192732, 'pop_sig': 1.6014049129068106, 'fuel_k': 0.6763941362086655, 'fuel_half': 11.935199796901877}.
[I 2026-08-19 13:03:17,926] Trial 366 finished with values: [-0.36341437197417076, 1.0302869668521453e-13] and parameters: {'k1': 0.09372580613581186, 'D_low': 2.400213216646464, 'k2': 0.0002191739661157602, 'D_high': 24493.271671328574, 'fire_exp': 3.7695400350033266, 'P_half': 2.6198194454351658, 'pre_dampen_half': 30.11226646948154, 'gpp_af': 0.8125629376969175, 'gpp_b': 4.038332634638232, 'gpp_d': 0.012335674846568605, 'ign_k': 0.04439802552990466, 'ign_c': 0.13492881864712067, 'trop_agb_crit': 8.711333668367427, 'trop_k_veg': 5.453348988480011, 'pop_amp': 0.0034369873301918173, 'pop_peak': 1.421337820414783, 'pop_sig': 1.0424917012813995, 'fuel_k': 4.04437775870989, 'fuel_half': 1.683458881839943}.
[I 2026-08-19 13:03:20,887] Trial 367 finished with values: [-0.40289120656983324, 2.0402551771825372e-05] and parameters: {'k1': 6.068927406889472e-05, 'D_low': 2190.672003635833, 'k2': 4.392638796750218e-05, 'D_high': 478.49186871472983, 'fire_exp': 1.9279473457486451, 'P_half': 4.937355303501834, 'pre_dampen_half': 0.4153327541909818, 'gpp_af': 0.0025186552636979184, 'gpp_b': 0.011108675282673156, 'gpp_d': 0.16294786031575217, 'ign_k': 0.0010721400017185364, 'ign_c': 27.70002555743451, 'trop_agb_crit': 2.6689615974393592, 'trop_k_veg': 2.5052470616811733, 'pop_amp': 0.004612311905749002, 'pop_peak': 5.866350595696869, 'pop_sig': 0.9904669476016459, 'fuel_k': 0.013930721937333756, 'fuel_half': 1.0228520845452074}.
[I 2026-08-19 13:03:24,194] Trial 368 finished with values: [-0.40404668868309557, 0.0003397690117775687] and parameters: {'k1': 0.0007158031739371039, 'D_low': 2048.523887932672, 'k2': 0.0021608491389795734, 'D_high': 1819372.4578178402, 'fire_exp': 2.5321117364280843, 'P_half': 1636.5290600718067, 'pre_dampen_half': 4.412509669839992, 'gpp_af': 49.583649914027546, 'gpp_b': 0.620439464939785, 'gpp_d': 33.14353601232754, 'ign_k': 0.025284086172415596, 'ign_c': 12.366924205139131, 'trop_agb_crit': 28.49245476864681, 'trop_k_veg': 4.891066132801691, 'pop_amp': 1.1784449905844594, 'pop_peak': 0.17274196344453516, 'pop_sig': 1.0264911386548754, 'fuel_k': 0.27631890369709744, 'fuel_half': 17.890117928710357}.
[I 2026-08-19 13:03:27,099] Trial 369 finished with values: [-0.41139983191788254, 5.701823622139557e-07] and parameters: {'k1': 9.67404566214593e-05, 'D_low': 15150.361381456718, 'k2': 6.340140860251457e-05, 'D_high': 147291.8866762514, 'fire_exp': 1.3796609641485171, 'P_half': 229.5739821454948, 'pre_dampen_half': 0.2571419084734534, 'gpp_af': 0.0077125451401819246, 'gpp_b': 3.1906667956153174, 'gpp_d': 108.18665579547857, 'ign_k': 9.162638829638215, 'ign_c': 12.366924205139131, 'trop_agb_crit': 3.544180417534903, 'trop_k_veg': 2.246382792334124, 'pop_amp': 0.04874366481145617, 'pop_peak': 6.506282190488838, 'pop_sig': 1.804482856986987, 'fuel_k': 0.6763941362086655, 'fuel_half': 11.935199796901877}.
[I 2026-08-19 13:03:29,740] Trial 370 finished with values: [-0.41525618450339846, 4.449092871894322e-09] and parameters: {'k1': 2.9693357731296325e-05, 'D_low': 1368.9795993592197, 'k2': 0.00027413507419758244, 'D_high': 1840060.4093141211, 'fire_exp': 7.856097010829145, 'P_half': 267.2146013620241, 'pre_dampen_half': 0.2571419084734534, 'gpp_af': 36.830088529547496, 'gpp_b': 4.038332634638232, 'gpp_d': 108.18665579547857, 'ign_k': 0.009935023909063692, 'ign_c': 4.4716799012313055, 'trop_agb_crit': 28.49245476864681, 'trop_k_veg': 0.5286133593985778, 'pop_amp': 0.0021433490423168255, 'pop_peak': 1.421337820414783, 'pop_sig': 0.5314193463179775, 'fuel_k': 0.15552861105540366, 'fuel_half': 17.890117928710357}.
[I 2026-08-19 13:03:32,093] Trial 371 finished with values: [-0.44627107919826436, 0.03785712204448266] and parameters: {'k1': 1.844951990812239e-05, 'D_low': 1.6569065206637925, 'k2': 0.0002191739661157602, 'D_high': 24493.271671328574, 'fire_exp': 1.1633452995374232, 'P_half': 388.9545503367577, 'pre_dampen_half': 1.8469033699850426, 'gpp_af': 0.41874665092828456, 'gpp_b': 0.004411400434514031, 'gpp_d': 118.26972885708257, 'ign_k': 9.162638829638215, 'ign_c': 12.366924205139131, 'trop_agb_crit': 3.544180417534903, 'trop_k_veg': 5.453348988480011, 'pop_amp': 0.04874366481145617, 'pop_peak': 2.016436598480055, 'pop_sig': 1.804482856986987, 'fuel_k': 0.11148299766359336, 'fuel_half': 17.890117928710357}.
  trial  372/2500  pareto_size=22  best_ilamb=0.6094  (17.9 min)
[I 2026-08-19 13:03:34,962] Trial 372 finished with values: [-0.528313591796159, 0.03698530327612559] and parameters: {'k1': 2.9693357731296325e-05, 'D_low': 27972.024228472703, 'k2': 0.0019856031481305684, 'D_high': 1840060.4093141211, 'fire_exp': 1.3796609641485171, 'P_half': 10.436686039715203, 'pre_dampen_half': 0.2571419084734534, 'gpp_af': 0.18737227240512885, 'gpp_b': 0.05825704883392061, 'gpp_d': 8.347790852520644, 'ign_k': 0.04439802552990466, 'ign_c': 12.366924205139131, 'trop_agb_crit': 3.544180417534903, 'trop_k_veg': 6.972354563243685, 'pop_amp': 6.746076139939917, 'pop_peak': 4.557885026195722, 'pop_sig': 1.804482856986987, 'fuel_k': 4.04437775870989, 'fuel_half': 17.890117928710357}.
[I 2026-08-19 13:03:37,962] Trial 373 finished with values: [-0.3554625854118624, 0.0] and parameters: {'k1': 1.844951990812239e-05, 'D_low': 1.8677210807213769, 'k2': 1.2748758606816134e-05, 'D_high': 1814.597053180889, 'fire_exp': 6.464773756830049, 'P_half': 1636.5290600718067, 'pre_dampen_half': 300.3420512048734, 'gpp_af': 0.9346598275601615, 'gpp_b': 1.1615179049175124e-05, 'gpp_d': 2.3230017312141893, 'ign_k': 3.909508806930522, 'ign_c': 225.58738962142354, 'trop_agb_crit': 25.313763881721908, 'trop_k_veg': 0.8084202024508578, 'pop_amp': 0.29266686632819644, 'pop_peak': 0.5574355542165235, 'pop_sig': 0.7020782687730053, 'fuel_k': 0.06525050422102326, 'fuel_half': 99.80516566417303}.
[I 2026-08-19 13:03:40,785] Trial 374 finished with values: [-0.3529397914629426, 0.0] and parameters: {'k1': 0.0007158031739371039, 'D_low': 27972.024228472703, 'k2': 0.0019856031481305684, 'D_high': 656327.636151562, 'fire_exp': 5.197864628432944, 'P_half': 5106.674528526557, 'pre_dampen_half': 4.412509669839992, 'gpp_af': 0.006580815488709274, 'gpp_b': 0.620439464939785, 'gpp_d': 118.26972885708257, 'ign_k': 0.025284086172415596, 'ign_c': 12.366924205139131, 'trop_agb_crit': 3.544180417534903, 'trop_k_veg': 4.891066132801691, 'pop_amp': 0.08829902947227952, 'pop_peak': 286.20780896012474, 'pop_sig': 0.6871869718280653, 'fuel_k': 0.14519190859804215, 'fuel_half': 2.44365199339694}.
[I 2026-08-19 13:03:43,834] Trial 375 finished with values: [-0.3554625854118624, 0.0] and parameters: {'k1': 4.929552311643645e-05, 'D_low': 286.06841726052676, 'k2': 0.00039266205721678855, 'D_high': 24493.271671328574, 'fire_exp': 4.3161213924316595, 'P_half': 1.7420858817889417, 'pre_dampen_half': 0.03254982364882648, 'gpp_af': 30.588015371390597, 'gpp_b': 0.004411400434514031, 'gpp_d': 0.02183661391281564, 'ign_k': 0.3699359899959751, 'ign_c': 68.0281020578672, 'trop_agb_crit': 1.7327871113349946, 'trop_k_veg': 6.038611061948211, 'pop_amp': 11.72926995754655, 'pop_peak': 16.535158037880507, 'pop_sig': 0.4663206866626952, 'fuel_k': 0.69712116678509, 'fuel_half': 0.26185943242515625}.
[I 2026-08-19 13:03:46,694] Trial 376 finished with values: [-0.37444456688301686, 1.3777867735598193e-12] and parameters: {'k1': 0.005456725485601475, 'D_low': 1.6569065206637925, 'k2': 3.077180271250682e-05, 'D_high': 24493.271671328574, 'fire_exp': 1.8678802571070678, 'P_half': 4337.920697490941, 'pre_dampen_half': 1.8469033699850426, 'gpp_af': 2.0540519425388455, 'gpp_b': 0.0007417652034871827, 'gpp_d': 0.050654860639753524, 'ign_k': 0.1537592023548176, 'ign_c': 89.12611835816996, 'trop_agb_crit': 14.188434224699876, 'trop_k_veg': 0.5443513380244235, 'pop_amp': 0.008683934086503814, 'pop_peak': 0.05281056279423359, 'pop_sig': 0.9904669476016459, 'fuel_k': 0.9199338799678547, 'fuel_half': 63.57817836755269}.
[I 2026-08-19 13:03:51,040] Trial 377 finished with values: [-0.3554625854118624, 0.0] and parameters: {'k1': 0.08924795116437424, 'D_low': 30595.410256046172, 'k2': 1.2748758606816134e-05, 'D_high': 1814.597053180889, 'fire_exp': 6.464773756830049, 'P_half': 8894.151386481904, 'pre_dampen_half': 5.221127581184657, 'gpp_af': 0.9346598275601615, 'gpp_b': 1.1615179049175124e-05, 'gpp_d': 2.3230017312141893, 'ign_k': 0.025497097750620683, 'ign_c': 225.58738962142354, 'trop_agb_crit': 1.4119225074666883, 'trop_k_veg': 0.7356483920677926, 'pop_amp': 0.001487684490383978, 'pop_peak': 0.08738617022933418, 'pop_sig': 0.7020782687730053, 'fuel_k': 3.0434684030233257, 'fuel_half': 2.8682386094461347}.
[I 2026-08-19 13:03:54,951] Trial 378 finished with values: [-0.41177468515655324, 2.2966681223479668e-08] and parameters: {'k1': 0.0008020503059027807, 'D_low': 2.1309331861011747, 'k2': 0.0002191739661157602, 'D_high': 24493.271671328574, 'fire_exp': 1.1633452995374232, 'P_half': 1265.0580856641704, 'pre_dampen_half': 0.1922572998567411, 'gpp_af': 0.01942738928156656, 'gpp_b': 0.004411400434514031, 'gpp_d': 3.032712462969173, 'ign_k': 0.17320535908244444, 'ign_c': 89.12611835816996, 'trop_agb_crit': 14.188434224699876, 'trop_k_veg': 0.6719347333876377, 'pop_amp': 11.72926995754655, 'pop_peak': 0.2017438358845408, 'pop_sig': 0.4663206866626952, 'fuel_k': 0.01288448573983209, 'fuel_half': 1.683458881839943}.
  trial  379/2500  pareto_size=22  best_ilamb=0.6094  (18.3 min)
[I 2026-08-19 13:04:00,069] Trial 379 finished with values: [-0.41040848005550296, 0.0675356844485766] and parameters: {'k1': 0.0003944671255903532, 'D_low': 2.1309331861011747, 'k2': 0.00027413507419758244, 'D_high': 577.4987726789047, 'fire_exp': 1.010722707674549, 'P_half': 21.577279477693462, 'pre_dampen_half': 0.9791370130598966, 'gpp_af': 36.830088529547496, 'gpp_b': 3.3047126165675627, 'gpp_d': 424.46566361752417, 'ign_k': 0.06358541141199495, 'ign_c': 0.28376065854345905, 'trop_agb_crit': 28.49245476864681, 'trop_k_veg': 1.1015168832947893, 'pop_amp': 0.0034369873301918173, 'pop_peak': 0.2017438358845408, 'pop_sig': 0.3752554385661973, 'fuel_k': 0.27631890369709744, 'fuel_half': 1.8062437132536941}.
[I 2026-08-19 13:04:03,969] Trial 380 finished with values: [-0.3554625854118624, 0.0] and parameters: {'k1': 4.042960692360327e-05, 'D_low': 27972.024228472703, 'k2': 9.861808369679773e-05, 'D_high': 1124534.1807254362, 'fire_exp': 1.3796609641485171, 'P_half': 16.949615850184813, 'pre_dampen_half': 103.54508504947606, 'gpp_af': 24.20071425273804, 'gpp_b': 9.67374839440457e-05, 'gpp_d': 118.26972885708257, 'ign_k': 0.45791923103229365, 'ign_c': 243.11355106292382, 'trop_agb_crit': 3.3887235042490564, 'trop_k_veg': 0.8084202024508578, 'pop_amp': 0.004708042915737182, 'pop_peak': 162.62551614461097, 'pop_sig': 0.6871869718280653, 'fuel_k': 1.0151421859083098, 'fuel_half': 14.458046248526905}.
[I 2026-08-19 13:04:06,935] Trial 381 finished with values: [-0.41322341291201437, 5.600003905037454e-09] and parameters: {'k1': 1.844951990812239e-05, 'D_low': 15150.361381456718, 'k2': 0.0019856031481305684, 'D_high': 1124534.1807254362, 'fire_exp': 1.8713074096420792, 'P_half': 1517.2922775770444, 'pre_dampen_half': 0.2571419084734534, 'gpp_af': 0.0028701881471957036, 'gpp_b': 3.1906667956153174, 'gpp_d': 108.18665579547857, 'ign_k': 9.162638829638215, 'ign_c': 6.0816733722841345, 'trop_agb_crit': 3.544180417534903, 'trop_k_veg': 5.691473319778836, 'pop_amp': 5.682850415992685, 'pop_peak': 6.506282190488838, 'pop_sig': 1.804482856986987, 'fuel_k': 0.6763941362086655, 'fuel_half': 11.935199796901877}.
[I 2026-08-19 13:04:10,453] Trial 382 finished with values: [-0.3554625854118624, 0.0] and parameters: {'k1': 4.929552311643645e-05, 'D_low': 286.06841726052676, 'k2': 0.0016150602315370215, 'D_high': 24493.271671328574, 'fire_exp': 3.7695400350033266, 'P_half': 6281.776703992854, 'pre_dampen_half': 4.963709806241684, 'gpp_af': 0.053663001820106804, 'gpp_b': 0.010442814210473004, 'gpp_d': 0.19553384550454228, 'ign_k': 0.3818468247973969, 'ign_c': 68.0281020578672, 'trop_agb_crit': 2.082468072533112, 'trop_k_veg': 2.5117307861546383, 'pop_amp': 0.021824472318789676, 'pop_peak': 10.679600530994481, 'pop_sig': 1.0192337404067358, 'fuel_k': 0.11148299766359336, 'fuel_half': 5.940545235233705}.
[I 2026-08-19 13:04:13,645] Trial 383 finished with values: [-0.40253281364936183, 1.70174985214544e-12] and parameters: {'k1': 0.0029070516815839368, 'D_low': 1.6569065206637925, 'k2': 0.0003856302813879373, 'D_high': 24493.271671328574, 'fire_exp': 6.464773756830049, 'P_half': 8894.151386481904, 'pre_dampen_half': 0.2571419084734534, 'gpp_af': 0.13402388198950174, 'gpp_b': 0.0004837646996135023, 'gpp_d': 0.16294786031575217, 'ign_k': 0.002879700348528891, 'ign_c': 12.366924205139131, 'trop_agb_crit': 2.6689615974393592, 'trop_k_veg': 2.5052470616811733, 'pop_amp': 0.029228481237926353, 'pop_peak': 0.17274196344453516, 'pop_sig': 1.804482856986987, 'fuel_k': 0.013930721937333756, 'fuel_half': 17.890117928710357}.
[I 2026-08-19 13:04:16,841] Trial 384 finished with values: [-0.4622762552567692, 0.07532619920797046] and parameters: {'k1': 5.7909642338812115e-05, 'D_low': 1.6569065206637925, 'k2': 0.0007731571570012607, 'D_high': 9355.38060645217, 'fire_exp': 1.0824018381500955, 'P_half': 732.1544340709296, 'pre_dampen_half': 0.19674328025306115, 'gpp_af': 2.0540519425388455, 'gpp_b': 0.0007417652034871827, 'gpp_d': 3.9841905944346854, 'ign_k': 0.17320535908244444, 'ign_c': 0.5488047000766043, 'trop_agb_crit': 17.69486533706496, 'trop_k_veg': 1.0647361790645862, 'pop_amp': 10.985330528057915, 'pop_peak': 352.89806695809773, 'pop_sig': 0.9904669476016459, 'fuel_k': 0.6153584041797165, 'fuel_half': 1.683458881839943}.
  trial  385/2500  pareto_size=23  best_ilamb=0.6094  (18.6 min)
[I 2026-08-19 13:04:21,319] Trial 385 finished with values: [-0.38648471339872753, 4.2970948233023165e-07] and parameters: {'k1': 0.0008020503059027807, 'D_low': 2.1309331861011747, 'k2': 0.0019339745640818936, 'D_high': 1125.2084792690184, 'fire_exp': 1.010722707674549, 'P_half': 1.332700437360483, 'pre_dampen_half': 1.8469033699850426, 'gpp_af': 0.13402388198950174, 'gpp_b': 0.011108675282673156, 'gpp_d': 3.032712462969173, 'ign_k': 0.17320535908244444, 'ign_c': 89.12611835816996, 'trop_agb_crit': 13.763560673020894, 'trop_k_veg': 2.5052470616811733, 'pop_amp': 0.004612311905749002, 'pop_peak': 5.866350595696869, 'pop_sig': 0.7824044734208029, 'fuel_k': 0.3176626387065175, 'fuel_half': 8.17127270071559}.
[I 2026-08-19 13:04:25,387] Trial 386 finished with values: [-0.39546549306925727, 9.880984919163893e-15] and parameters: {'k1': 0.09372580613581186, 'D_low': 1.6569065206637925, 'k2': 0.0002001342062287998, 'D_high': 6543576.946931886, 'fire_exp': 6.454675979546216, 'P_half': 10.436686039715203, 'pre_dampen_half': 30.11226646948154, 'gpp_af': 0.18737227240512885, 'gpp_b': 0.05825704883392061, 'gpp_d': 0.050654860639753524, 'ign_k': 0.04439802552990466, 'ign_c': 89.12611835816996, 'trop_agb_crit': 14.188434224699876, 'trop_k_veg': 0.5443513380244235, 'pop_amp': 0.008683934086503814, 'pop_peak': 0.05281056279423359, 'pop_sig': 0.4663206866626952, 'fuel_k': 4.04437775870989, 'fuel_half': 1.7895437790635824}.
[I 2026-08-19 13:04:29,629] Trial 387 finished with values: [-0.45106123255105574, 0.0253404763784697] and parameters: {'k1': 1.844951990812239e-05, 'D_low': 1.6569065206637925, 'k2': 0.0019856031481305684, 'D_high': 1661855.441285105, 'fire_exp': 1.3796609641485171, 'P_half': 1636.5290600718067, 'pre_dampen_half': 1.8469033699850426, 'gpp_af': 0.41874665092828456, 'gpp_b': 9.67374839440457e-05, 'gpp_d': 118.26972885708257, 'ign_k': 0.17320535908244444, 'ign_c': 12.366924205139131, 'trop_agb_crit': 3.544180417534903, 'trop_k_veg': 5.691473319778836, 'pop_amp': 0.04874366481145617, 'pop_peak': 0.17274196344453516, 'pop_sig': 2.4100357112052566, 'fuel_k': 1.3626356448811705, 'fuel_half': 17.890117928710357}.
[I 2026-08-19 13:04:33,498] Trial 388 finished with values: [-0.41007664891494516, 0.0063013614539869645] and parameters: {'k1': 1.844951990812239e-05, 'D_low': 437.4364439939077, 'k2': 0.0019856031481305684, 'D_high': 9355.38060645217, 'fire_exp': 1.0824018381500955, 'P_half': 4337.920697490941, 'pre_dampen_half': 0.19674328025306115, 'gpp_af': 2.0540519425388455, 'gpp_b': 9.67374839440457e-05, 'gpp_d': 118.26972885708257, 'ign_k': 9.162638829638215, 'ign_c': 0.5488047000766043, 'trop_agb_crit': 17.69486533706496, 'trop_k_veg': 5.691473319778836, 'pop_amp': 0.04874366481145617, 'pop_peak': 0.17274196344453516, 'pop_sig': 1.804482856986987, 'fuel_k': 0.11148299766359336, 'fuel_half': 17.890117928710357}.
[I 2026-08-19 13:04:36,763] Trial 389 finished with values: [-0.4301398952741473, 0.008674233078621807] and parameters: {'k1': 0.0003944671255903532, 'D_low': 437.4364439939077, 'k2': 0.0002191739661157602, 'D_high': 656327.636151562, 'fire_exp': 1.010722707674549, 'P_half': 4337.920697490941, 'pre_dampen_half': 1.168814276423231, 'gpp_af': 49.583649914027546, 'gpp_b': 3.3047126165675627, 'gpp_d': 117.2128156438701, 'ign_k': 0.02442377596403895, 'ign_c': 89.12611835816996, 'trop_agb_crit': 28.49245476864681, 'trop_k_veg': 0.9320112612196061, 'pop_amp': 10.985330528057915, 'pop_peak': 352.89806695809773, 'pop_sig': 0.3752554385661973, 'fuel_k': 0.27631890369709744, 'fuel_half': 1.8062437132536941}.
