[I 2026-08-14 14:59:11,868] Trial 1788 finished with values: [-0.3554625854118624, 0.0] and parameters: {'k1': 1.8595266457134027e-05, 'D_low': 128395.48332743198, 'k2': 0.00010939944910100016, 'D_high': 316055.11434645514, 'fire_exp': 1.3224672913793163, 'P_half': 1938.3858782150498, 'pre_dampen_half': 0.0195172246414495, 'gpp_af': 0.0023751383317256927, 'gpp_b': 2.788681037423117, 'gpp_d': 0.32837927360248453, 'ign_k': 0.03141110271934876, 'ign_c': 717.9850289628322, 'trop_agb_crit': 13.98132484257899, 'trop_k_veg': 2.8224577471047865, 'fuel_k': 1.6460650207153917, 'fuel_half': 65.99277195883643}.
[I 2026-08-14 14:59:13,745] Trial 1789 finished with values: [-0.41554663060840735, 3.79913319803471e-07] and parameters: {'k1': 0.00016312233285809254, 'D_low': 2.607160725470918, 'k2': 0.00010939944910100016, 'D_high': 625838.668783032, 'fire_exp': 1.2070502372556005, 'P_half': 1938.3858782150498, 'pre_dampen_half': 0.10609580257119508, 'gpp_af': 0.030592049838223532, 'gpp_b': 2.788681037423117, 'gpp_d': 0.01307253094873642, 'ign_k': 0.476373748459372, 'ign_c': 14.935213816355384, 'trop_agb_crit': 3.534001063181976, 'trop_k_veg': 3.4508425771776365, 'fuel_k': 5.486054129200969, 'fuel_half': 65.99277195883643}.
[I 2026-08-14 14:59:15,709] Trial 1790 finished with values: [-0.36767835417378386, 0.0] and parameters: {'k1': 0.0004688858519834985, 'D_low': 367.4904945305323, 'k2': 1.263794633808287e-05, 'D_high': 582349.8764421478, 'fire_exp': 1.2429193829348841, 'P_half': 1866.9871096222266, 'pre_dampen_half': 0.03627422119926134, 'gpp_af': 0.0023751383317256927, 'gpp_b': 2.788681037423117, 'gpp_d': 0.07525142212697536, 'ign_k': 0.04380580767905655, 'ign_c': 105.24574681335613, 'trop_agb_crit': 1.0110060758310602, 'trop_k_veg': 2.8224577471047865, 'fuel_k': 0.06382243375381637, 'fuel_half': 15.581254655530845}.
[I 2026-08-14 14:59:18,529] Trial 1791 finished with values: [-0.394792115595993, 1.765825707877866e-09] and parameters: {'k1': 6.069662445477729e-05, 'D_low': 9.222492453004657, 'k2': 0.06176637358253258, 'D_high': 625838.668783032, 'fire_exp': 1.075051292556307, 'P_half': 1535.1441568398143, 'pre_dampen_half': 0.03627422119926134, 'gpp_af': 0.0022992297821705253, 'gpp_b': 2.788681037423117, 'gpp_d': 0.01307253094873642, 'ign_k': 0.04380580767905655, 'ign_c': 105.24574681335613, 'trop_agb_crit': 6.247810889373202, 'trop_k_veg': 7.063879971757455, 'fuel_k': 5.486054129200969, 'fuel_half': 15.581254655530845}.
[I 2026-08-14 14:59:20,449] Trial 1792 finished with values: [-0.39999407580306223, 0.00097447538994333] and parameters: {'k1': 1.8595266457134027e-05, 'D_low': 3039.5242033182176, 'k2': 0.0005708731724249573, 'D_high': 1826.6972566585878, 'fire_exp': 1.2429193829348841, 'P_half': 48.464976792190825, 'pre_dampen_half': 0.10609580257119508, 'gpp_af': 0.0025511964576171086, 'gpp_b': 0.00024732964314480056, 'gpp_d': 24.29982794998797, 'ign_k': 0.28298168613109503, 'ign_c': 15.221840161091626, 'trop_agb_crit': 2.1775224101934065, 'trop_k_veg': 2.8224577471047865, 'fuel_k': 5.486054129200969, 'fuel_half': 17.92809494176581}.
[I 2026-08-14 14:59:22,466] Trial 1793 finished with values: [-0.38320233703691986, 9.631776487495358e-10] and parameters: {'k1': 0.0004688858519834985, 'D_low': 102.62384545413329, 'k2': 0.00021153782194224395, 'D_high': 44.39648242927527, 'fire_exp': 1.3224672913793163, 'P_half': 1212.4080603355412, 'pre_dampen_half': 0.011501973785501987, 'gpp_af': 0.0023751383317256927, 'gpp_b': 2.788681037423117, 'gpp_d': 0.32837927360248453, 'ign_k': 0.567034633562729, 'ign_c': 15.221840161091626, 'trop_agb_crit': 13.365572767895445, 'trop_k_veg': 1.1871114872628767, 'fuel_k': 0.06382243375381637, 'fuel_half': 3.7093134348291836}.
[I 2026-08-14 14:59:24,960] Trial 1794 finished with values: [-0.3554625854118624, 0.0] and parameters: {'k1': 1.8595266457134027e-05, 'D_low': 2.607160725470918, 'k2': 0.00010939944910100016, 'D_high': 316055.11434645514, 'fire_exp': 5.942803605256621, 'P_half': 1535.1441568398143, 'pre_dampen_half': 0.03627422119926134, 'gpp_af': 0.0023751383317256927, 'gpp_b': 1.1728753685919104, 'gpp_d': 2.292633983096564, 'ign_k': 0.03141110271934876, 'ign_c': 15.221840161091626, 'trop_agb_crit': 5.808568531484235, 'trop_k_veg': 2.8224577471047865, 'fuel_k': 5.486054129200969, 'fuel_half': 15.581254655530845}.
[I 2026-08-14 14:59:26,880] Trial 1795 finished with values: [-0.4080578533868806, 3.255038337757199e-07] and parameters: {'k1': 0.006458951242459005, 'D_low': 4.043300846639722, 'k2': 0.00010939944910100016, 'D_high': 8500.54600545206, 'fire_exp': 1.2429193829348841, 'P_half': 1535.1441568398143, 'pre_dampen_half': 0.10609580257119508, 'gpp_af': 0.030592049838223532, 'gpp_b': 1.1728753685919104, 'gpp_d': 0.012284844784580964, 'ign_k': 1.2350539457671788, 'ign_c': 15.221840161091626, 'trop_agb_crit': 13.98132484257899, 'trop_k_veg': 2.121646338593742, 'fuel_k': 5.486054129200969, 'fuel_half': 65.99277195883643}.
[I 2026-08-14 14:59:29,210] Trial 1796 finished with values: [-0.572123103126681, 0.008966186990788994] and parameters: {'k1': 0.0012329098365270509, 'D_low': 1.7887890916820506, 'k2': 0.00010939944910100016, 'D_high': 625838.668783032, 'fire_exp': 1.6214575867079866, 'P_half': 220.3445560633069, 'pre_dampen_half': 0.10609580257119508, 'gpp_af': 0.0025511964576171086, 'gpp_b': 0.00024732964314480056, 'gpp_d': 0.01307253094873642, 'ign_k': 8.017801372168808, 'ign_c': 15.221840161091626, 'trop_agb_crit': 16.86264052240002, 'trop_k_veg': 2.1816482703680733, 'fuel_k': 5.486054129200969, 'fuel_half': 0.30455368715396786}.
[I 2026-08-14 14:59:31,085] Trial 1797 finished with values: [-0.4094639127022903, 8.765919712327985e-08] and parameters: {'k1': 6.069662445477729e-05, 'D_low': 4.043300846639722, 'k2': 1.854837679096716e-05, 'D_high': 316055.11434645514, 'fire_exp': 1.075051292556307, 'P_half': 1535.1441568398143, 'pre_dampen_half': 0.10609580257119508, 'gpp_af': 0.008983355849178878, 'gpp_b': 2.788681037423117, 'gpp_d': 0.01307253094873642, 'ign_k': 0.04380580767905655, 'ign_c': 105.24574681335613, 'trop_agb_crit': 11.659854259018239, 'trop_k_veg': 1.128469461526162, 'fuel_k': 5.486054129200969, 'fuel_half': 0.30455368715396786}.
[I 2026-08-14 14:59:32,971] Trial 1798 finished with values: [-0.4194112625690698, 8.035188533817017e-05] and parameters: {'k1': 0.00016312233285809254, 'D_low': 2.607160725470918, 'k2': 0.06176637358253258, 'D_high': 625838.668783032, 'fire_exp': 1.3352119628703847, 'P_half': 1938.3858782150498, 'pre_dampen_half': 0.10609580257119508, 'gpp_af': 0.030592049838223532, 'gpp_b': 1.2638222277299397e-05, 'gpp_d': 70.92364687108955, 'ign_k': 0.04380580767905655, 'ign_c': 105.24574681335613, 'trop_agb_crit': 3.534001063181976, 'trop_k_veg': 3.4508425771776365, 'fuel_k': 5.486054129200969, 'fuel_half': 65.99277195883643}.
[I 2026-08-14 14:59:34,851] Trial 1799 finished with values: [-0.3900136871653784, 0.00012482519165679662] and parameters: {'k1': 0.0004688858519834985, 'D_low': 2.607160725470918, 'k2': 0.0011811772263023127, 'D_high': 625838.668783032, 'fire_exp': 1.2070502372556005, 'P_half': 1866.9871096222266, 'pre_dampen_half': 108.58696300853228, 'gpp_af': 0.030592049838223532, 'gpp_b': 2.788681037423117, 'gpp_d': 0.07525142212697536, 'ign_k': 0.476373748459372, 'ign_c': 14.935213816355384, 'trop_agb_crit': 5.881906289439389, 'trop_k_veg': 7.151800917825274, 'fuel_k': 5.486054129200969, 'fuel_half': 65.99277195883643}.
[I 2026-08-14 14:59:36,769] Trial 1800 finished with values: [-0.37937918344880395, 1.8059576056828064e-10] and parameters: {'k1': 0.0012329098365270509, 'D_low': 5500.925318788574, 'k2': 1.854837679096716e-05, 'D_high': 316055.11434645514, 'fire_exp': 1.6214575867079866, 'P_half': 406.34698167377394, 'pre_dampen_half': 0.03627422119926134, 'gpp_af': 0.0022992297821705253, 'gpp_b': 2.788681037423117, 'gpp_d': 1.2092668832190316, 'ign_k': 0.18945647155616227, 'ign_c': 25.36860972218539, 'trop_agb_crit': 2.1775224101934065, 'trop_k_veg': 7.063879971757455, 'fuel_k': 5.486054129200969, 'fuel_half': 15.581254655530845}.
[I 2026-08-14 14:59:39,653] Trial 1801 finished with values: [-0.3576417666187869, 0.0] and parameters: {'k1': 0.0004688858519834985, 'D_low': 1.7887890916820506, 'k2': 0.00010939944910100016, 'D_high': 1826.6972566585878, 'fire_exp': 1.2429193829348841, 'P_half': 351.2704726270846, 'pre_dampen_half': 0.10609580257119508, 'gpp_af': 0.0023751383317256927, 'gpp_b': 2.788681037423117, 'gpp_d': 0.012284844784580964, 'ign_k': 0.04380580767905655, 'ign_c': 105.24574681335613, 'trop_agb_crit': 13.98132484257899, 'trop_k_veg': 0.9694140152996831, 'fuel_k': 0.021123235354472927, 'fuel_half': 57.882001937752435}.
[I 2026-08-14 14:59:41,541] Trial 1802 finished with values: [-0.405481749281466, 4.709817348125256e-06] and parameters: {'k1': 0.0012329098365270509, 'D_low': 4.043300846639722, 'k2': 1.854837679096716e-05, 'D_high': 316055.11434645514, 'fire_exp': 1.6214575867079866, 'P_half': 269.74113434525447, 'pre_dampen_half': 0.10609580257119508, 'gpp_af': 0.008983355849178878, 'gpp_b': 1.1728753685919104, 'gpp_d': 597.9617889501159, 'ign_k': 0.567034633562729, 'ign_c': 3.0378658251922155, 'trop_agb_crit': 5.808568531484235, 'trop_k_veg': 2.8224577471047865, 'fuel_k': 5.486054129200969, 'fuel_half': 0.30455368715396786}.
[I 2026-08-14 14:59:43,837] Trial 1803 finished with values: [-0.43571396806763873, 0.005150910722180546] and parameters: {'k1': 3.025721257738645e-05, 'D_low': 9.222492453004657, 'k2': 0.06176637358253258, 'D_high': 316055.11434645514, 'fire_exp': 1.2070502372556005, 'P_half': 1535.1441568398143, 'pre_dampen_half': 0.10609580257119508, 'gpp_af': 0.0022992297821705253, 'gpp_b': 0.00012906175696809457, 'gpp_d': 597.9617889501159, 'ign_k': 0.25940144092298384, 'ign_c': 1.1543335858509751, 'trop_agb_crit': 13.98132484257899, 'trop_k_veg': 1.128469461526162, 'fuel_k': 5.486054129200969, 'fuel_half': 15.581254655530845}.
[I 2026-08-14 14:59:45,757] Trial 1804 finished with values: [-0.3554625854118624, 0.0] and parameters: {'k1': 0.00016312233285809254, 'D_low': 4.043300846639722, 'k2': 0.04212821120592908, 'D_high': 625838.668783032, 'fire_exp': 1.2070502372556005, 'P_half': 1.175464326398279, 'pre_dampen_half': 0.03627422119926134, 'gpp_af': 0.008983355849178878, 'gpp_b': 1.1728753685919104, 'gpp_d': 0.01307253094873642, 'ign_k': 0.567034633562729, 'ign_c': 105.24574681335613, 'trop_agb_crit': 12.090290534777825, 'trop_k_veg': 1.128469461526162, 'fuel_k': 5.486054129200969, 'fuel_half': 15.581254655530845}.
[I 2026-08-14 14:59:47,756] Trial 1805 finished with values: [-0.3554625854118624, 0.0] and parameters: {'k1': 0.00016312233285809254, 'D_low': 2.607160725470918, 'k2': 1.263794633808287e-05, 'D_high': 1826.6972566585878, 'fire_exp': 1.9647559415426057, 'P_half': 48.464976792190825, 'pre_dampen_half': 73.40224949964485, 'gpp_af': 0.0023751383317256927, 'gpp_b': 2.788681037423117, 'gpp_d': 8.144272585223819, 'ign_k': 0.567034633562729, 'ign_c': 105.24574681335613, 'trop_agb_crit': 5.808568531484235, 'trop_k_veg': 2.8224577471047865, 'fuel_k': 0.06382243375381637, 'fuel_half': 57.882001937752435}.
[I 2026-08-14 14:59:49,654] Trial 1806 finished with values: [-0.3554625854118624, 0.0] and parameters: {'k1': 0.0011798916042973567, 'D_low': 122.62345796497951, 'k2': 1.854837679096716e-05, 'D_high': 625838.668783032, 'fire_exp': 1.075051292556307, 'P_half': 269.74113434525447, 'pre_dampen_half': 0.03627422119926134, 'gpp_af': 0.0022992297821705253, 'gpp_b': 2.788681037423117, 'gpp_d': 0.06888046676681166, 'ign_k': 0.567034633562729, 'ign_c': 105.24574681335613, 'trop_agb_crit': 6.247810889373202, 'trop_k_veg': 0.6921865222804094, 'fuel_k': 5.486054129200969, 'fuel_half': 15.581254655530845}.
[I 2026-08-14 14:59:51,598] Trial 1807 finished with values: [-0.3922211552786003, 2.4882089721955936e-09] and parameters: {'k1': 0.0004688858519834985, 'D_low': 4.043300846639722, 'k2': 1.263794633808287e-05, 'D_high': 625838.668783032, 'fire_exp': 1.6733848721157607, 'P_half': 1535.1441568398143, 'pre_dampen_half': 0.7222648411656708, 'gpp_af': 0.0025511964576171086, 'gpp_b': 2.788681037423117, 'gpp_d': 0.01307253094873642, 'ign_k': 0.754074907457476, 'ign_c': 15.221840161091626, 'trop_agb_crit': 16.86264052240002, 'trop_k_veg': 2.1816482703680733, 'fuel_k': 1.6630228777630973, 'fuel_half': 3.7093134348291836}.
[I 2026-08-14 14:59:53,512] Trial 1808 finished with values: [-0.39993347212702157, 2.365805118476061e-08] and parameters: {'k1': 6.069662445477729e-05, 'D_low': 367.4904945305323, 'k2': 1.263794633808287e-05, 'D_high': 1826.6972566585878, 'fire_exp': 1.0031217007851674, 'P_half': 48.464976792190825, 'pre_dampen_half': 0.10609580257119508, 'gpp_af': 0.0023751383317256927, 'gpp_b': 2.788681037423117, 'gpp_d': 8.144272585223819, 'ign_k': 0.04380580767905655, 'ign_c': 105.24574681335613, 'trop_agb_crit': 2.1775224101934065, 'trop_k_veg': 0.6921865222804094, 'fuel_k': 0.06382243375381637, 'fuel_half': 3.7093134348291836}.
[I 2026-08-14 14:59:55,478] Trial 1809 finished with values: [-0.3881416182947873, 3.993174124694576e-09] and parameters: {'k1': 0.0010204225357677778, 'D_low': 4.043300846639722, 'k2': 0.00019472216066157317, 'D_high': 629.2209374003547, 'fire_exp': 1.6733848721157607, 'P_half': 97.00222393018929, 'pre_dampen_half': 0.03627422119926134, 'gpp_af': 0.0025511964576171086, 'gpp_b': 1.1728753685919104, 'gpp_d': 0.01307253094873642, 'ign_k': 0.04380580767905655, 'ign_c': 15.221840161091626, 'trop_agb_crit': 16.86264052240002, 'trop_k_veg': 2.1816482703680733, 'fuel_k': 5.486054129200969, 'fuel_half': 0.30455368715396786}.
[I 2026-08-14 14:59:57,532] Trial 1810 finished with values: [-0.35550867139135417, 0.0] and parameters: {'k1': 0.00040091494283268605, 'D_low': 2.607160725470918, 'k2': 0.003853319023469181, 'D_high': 44.39648242927527, 'fire_exp': 1.6733848721157607, 'P_half': 1938.3858782150498, 'pre_dampen_half': 0.011501973785501987, 'gpp_af': 0.0025511964576171086, 'gpp_b': 1.1728753685919104, 'gpp_d': 8.144272585223819, 'ign_k': 0.03141110271934876, 'ign_c': 0.18316165443932733, 'trop_agb_crit': 13.98132484257899, 'trop_k_veg': 2.8224577471047865, 'fuel_k': 5.486054129200969, 'fuel_half': 3.7093134348291836}.
[I 2026-08-14 14:59:59,470] Trial 1811 finished with values: [-0.34694888702402854, 0.6523652344661299] and parameters: {'k1': 0.0010204225357677778, 'D_low': 4.043300846639722, 'k2': 0.07884565679664791, 'D_high': 625838.668783032, 'fire_exp': 1.2070502372556005, 'P_half': 351.2704726270846, 'pre_dampen_half': 171.9111853785795, 'gpp_af': 0.0023751383317256927, 'gpp_b': 0.00012906175696809457, 'gpp_d': 597.9617889501159, 'ign_k': 0.28298168613109503, 'ign_c': 14.935213816355384, 'trop_agb_crit': 13.98132484257899, 'trop_k_veg': 1.128469461526162, 'fuel_k': 5.486054129200969, 'fuel_half': 0.30455368715396786}.
[I 2026-08-14 15:00:02,414] Trial 1812 finished with values: [-0.44492616903152227, 0.0046536206325556995] and parameters: {'k1': 0.0012329098365270509, 'D_low': 3507.515213502105, 'k2': 0.00010939944910100016, 'D_high': 316055.11434645514, 'fire_exp': 1.6214575867079866, 'P_half': 269.74113434525447, 'pre_dampen_half': 0.10609580257119508, 'gpp_af': 0.0023751383317256927, 'gpp_b': 0.00012906175696809457, 'gpp_d': 0.012284844784580964, 'ign_k': 0.28298168613109503, 'ign_c': 0.12427388021986614, 'trop_agb_crit': 13.98132484257899, 'trop_k_veg': 1.128469461526162, 'fuel_k': 5.486054129200969, 'fuel_half': 49.622862619200674}.
[I 2026-08-14 15:00:04,411] Trial 1813 finished with values: [-0.4244421736861514, 0.00011985072677411779] and parameters: {'k1': 1.8595266457134027e-05, 'D_low': 3039.5242033182176, 'k2': 0.0005708731724249573, 'D_high': 316055.11434645514, 'fire_exp': 1.3778333780716638, 'P_half': 7683.876502998063, 'pre_dampen_half': 0.10609580257119508, 'gpp_af': 0.0025511964576171086, 'gpp_b': 0.00024732964314480056, 'gpp_d': 24.29982794998797, 'ign_k': 1.3576682229496184, 'ign_c': 15.221840161091626, 'trop_agb_crit': 2.1775224101934065, 'trop_k_veg': 1.7125842904765076, 'fuel_k': 5.486054129200969, 'fuel_half': 17.92809494176581}.
[I 2026-08-14 15:00:06,350] Trial 1814 finished with values: [-0.3554625854118624, 0.0] and parameters: {'k1': 0.0010204225357677778, 'D_low': 1.7887890916820506, 'k2': 1.263794633808287e-05, 'D_high': 625838.668783032, 'fire_exp': 6.030816627785202, 'P_half': 48.464976792190825, 'pre_dampen_half': 0.011501973785501987, 'gpp_af': 0.0025511964576171086, 'gpp_b': 0.005597248054010822, 'gpp_d': 8.144272585223819, 'ign_k': 0.28298168613109503, 'ign_c': 105.24574681335613, 'trop_agb_crit': 13.98132484257899, 'trop_k_veg': 2.8224577471047865, 'fuel_k': 0.12756128992970356, 'fuel_half': 3.7093134348291836}.
[I 2026-08-14 15:00:08,333] Trial 1815 finished with values: [-0.4201946258936096, 0.000259909981502493] and parameters: {'k1': 0.0010204225357677778, 'D_low': 2.607160725470918, 'k2': 0.04212821120592908, 'D_high': 625838.668783032, 'fire_exp': 2.0087030029813673, 'P_half': 1535.1441568398143, 'pre_dampen_half': 0.10609580257119508, 'gpp_af': 0.030592049838223532, 'gpp_b': 0.00024732964314480056, 'gpp_d': 0.01307253094873642, 'ign_k': 0.28298168613109503, 'ign_c': 15.221840161091626, 'trop_agb_crit': 5.808568531484235, 'trop_k_veg': 2.1816482703680733, 'fuel_k': 5.486054129200969, 'fuel_half': 15.581254655530845}.
[I 2026-08-14 15:00:10,324] Trial 1816 finished with values: [-0.5483407799280083, 0.005573599663477702] and parameters: {'k1': 0.0012329098365270509, 'D_low': 4.043300846639722, 'k2': 0.00010939944910100016, 'D_high': 316055.11434645514, 'fire_exp': 1.6214575867079866, 'P_half': 220.3445560633069, 'pre_dampen_half': 0.03627422119926134, 'gpp_af': 0.008983355849178878, 'gpp_b': 0.00024732964314480056, 'gpp_d': 314.6826989726468, 'ign_k': 0.28298168613109503, 'ign_c': 15.221840161091626, 'trop_agb_crit': 13.98132484257899, 'trop_k_veg': 1.128469461526162, 'fuel_k': 5.486054129200969, 'fuel_half': 0.30455368715396786}.
[I 2026-08-14 15:00:12,182] Trial 1817 finished with values: [-0.35934677366969775, 1.1477867212228432e-08] and parameters: {'k1': 0.0004688858519834985, 'D_low': 128395.48332743198, 'k2': 0.00010939944910100016, 'D_high': 316055.11434645514, 'fire_exp': 1.1633083863461124, 'P_half': 48.464976792190825, 'pre_dampen_half': 0.0195172246414495, 'gpp_af': 0.0023751383317256927, 'gpp_b': 2.788681037423117, 'gpp_d': 8.144272585223819, 'ign_k': 0.04380580767905655, 'ign_c': 14.935213816355384, 'trop_agb_crit': 5.881906289439389, 'trop_k_veg': 2.8224577471047865, 'fuel_k': 5.486054129200969, 'fuel_half': 3.7093134348291836}.
[I 2026-08-14 15:00:14,166] Trial 1818 finished with values: [-0.39184974343250356, 4.203869252705772e-09] and parameters: {'k1': 0.0010204225357677778, 'D_low': 1.7887890916820506, 'k2': 0.00010939944910100016, 'D_high': 8500.54600545206, 'fire_exp': 1.6733848721157607, 'P_half': 8.183544606210413, 'pre_dampen_half': 0.10609580257119508, 'gpp_af': 0.0025511964576171086, 'gpp_b': 1.1728753685919104, 'gpp_d': 0.01307253094873642, 'ign_k': 0.03141110271934876, 'ign_c': 15.221840161091626, 'trop_agb_crit': 13.98132484257899, 'trop_k_veg': 2.1816482703680733, 'fuel_k': 0.021123235354472927, 'fuel_half': 0.5493016517339334}.
[I 2026-08-14 15:00:16,093] Trial 1819 finished with values: [-0.3951293909634839, 2.6989041002067893e-09] and parameters: {'k1': 0.0004688858519834985, 'D_low': 9.222492453004657, 'k2': 1.263794633808287e-05, 'D_high': 625838.668783032, 'fire_exp': 1.075051292556307, 'P_half': 1535.1441568398143, 'pre_dampen_half': 0.03627422119926134, 'gpp_af': 0.0022992297821705253, 'gpp_b': 2.788681037423117, 'gpp_d': 0.01307253094873642, 'ign_k': 0.04380580767905655, 'ign_c': 105.24574681335613, 'trop_agb_crit': 5.188484558828179, 'trop_k_veg': 2.8224577471047865, 'fuel_k': 5.486054129200969, 'fuel_half': 17.471621785218904}.
[I 2026-08-14 15:00:18,150] Trial 1820 finished with values: [-0.4200025910510308, 8.950629214021788e-05] and parameters: {'k1': 0.00016312233285809254, 'D_low': 2.607160725470918, 'k2': 0.04212821120592908, 'D_high': 316055.11434645514, 'fire_exp': 2.9772124634175947, 'P_half': 1535.1441568398143, 'pre_dampen_half': 0.10609580257119508, 'gpp_af': 0.030592049838223532, 'gpp_b': 0.00024732964314480056, 'gpp_d': 597.9617889501159, 'ign_k': 0.567034633562729, 'ign_c': 15.221840161091626, 'trop_agb_crit': 16.86264052240002, 'trop_k_veg': 2.8224577471047865, 'fuel_k': 5.486054129200969, 'fuel_half': 15.581254655530845}.
[I 2026-08-14 15:00:20,145] Trial 1821 finished with values: [-0.3554625854118624, 0.0] and parameters: {'k1': 1.8595266457134027e-05, 'D_low': 2.607160725470918, 'k2': 0.00019472216066157317, 'D_high': 625838.668783032, 'fire_exp': 1.2429193829348841, 'P_half': 1535.1441568398143, 'pre_dampen_half': 0.10609580257119508, 'gpp_af': 0.008983355849178878, 'gpp_b': 2.2236513612163578e-05, 'gpp_d': 0.01307253094873642, 'ign_k': 0.28298168613109503, 'ign_c': 105.24574681335613, 'trop_agb_crit': 16.86264052240002, 'trop_k_veg': 3.4508425771776365, 'fuel_k': 5.486054129200969, 'fuel_half': 15.581254655530845}.
[I 2026-08-14 15:00:22,131] Trial 1822 finished with values: [-0.41960842723514286, 0.00015928105767970546] and parameters: {'k1': 6.069662445477729e-05, 'D_low': 9.222492453004657, 'k2': 0.06778899634107467, 'D_high': 316055.11434645514, 'fire_exp': 1.075051292556307, 'P_half': 1535.1441568398143, 'pre_dampen_half': 0.03411860497758073, 'gpp_af': 0.0023751383317256927, 'gpp_b': 0.00024732964314480056, 'gpp_d': 1.2092668832190316, 'ign_k': 0.04380580767905655, 'ign_c': 105.24574681335613, 'trop_agb_crit': 2.1775224101934065, 'trop_k_veg': 1.128469461526162, 'fuel_k': 5.486054129200969, 'fuel_half': 0.30455368715396786}.
