[I 2026-08-19 17:18:09,302] Trial 724 finished with value: 0.551444435258488 and parameters: {'k1': 0.0318668781112215, 'D_low': 13.233445302265482, 'k2': 0.0005023578505385505, 'D_high': 1697276.406738642, 'fire_exp': 9.285635377106843, 'P_half': 4.234035654227164, 'pre_dampen_half': 0.8637127257693442, 'gpp_af': 0.0884449957870692, 'gpp_b': 0.0004939087277900446, 'gpp_d': 36.60533589801032, 'ign_k': 2.2513283766816303, 'ign_c': 23.826080168490137, 'trop_agb_crit': 8.911939040310747, 'trop_k_veg': 1.8967563597539105, 'pop_amp': 0.006884758638001427, 'pop_peak': 480.0753076441327, 'pop_sig': 0.8874635223583478, 'fuel_k': 0.3885093478290767, 'fuel_half': 0.15073647194542056}. Best is trial 0 with value: -0.6094076133578652.
[I 2026-08-19 17:18:10,917] Trial 725 finished with value: 0.48840907071002637 and parameters: {'k1': 0.00036064691498886614, 'D_low': 42.95048315466664, 'k2': 6.507228431494484e-05, 'D_high': 9629137.36842498, 'fire_exp': 1.4091870216662916, 'P_half': 56.119483036105706, 'pre_dampen_half': 120.11311593249405, 'gpp_af': 0.1835058402211863, 'gpp_b': 0.00012109164679542421, 'gpp_d': 76.0653889887201, 'ign_k': 0.7960951369817829, 'ign_c': 16.259979407093148, 'trop_agb_crit': 22.955743269970206, 'trop_k_veg': 3.1018102278692603, 'pop_amp': 0.005779634703654421, 'pop_peak': 3.8465499992195116, 'pop_sig': 1.1107604961470645, 'fuel_k': 0.39213479907417037, 'fuel_half': 0.5296889435487441}. Best is trial 0 with value: -0.6094076133578652.
[I 2026-08-19 17:18:12,549] Trial 726 finished with value: 0.570715081654997 and parameters: {'k1': 0.006986005559502969, 'D_low': 70.91010687994861, 'k2': 0.0009177042380929129, 'D_high': 85330.30544171079, 'fire_exp': 4.226555347995451, 'P_half': 570.6029202484494, 'pre_dampen_half': 0.49410725824661367, 'gpp_af': 0.09187273792592744, 'gpp_b': 0.00010564258127905416, 'gpp_d': 3.330456426579931, 'ign_k': 0.9271180874915668, 'ign_c': 8.477988824177842, 'trop_agb_crit': 27.584654286629608, 'trop_k_veg': 5.125512428380076, 'pop_amp': 0.017431508656370796, 'pop_peak': 81.2289973769384, 'pop_sig': 1.598361002367722, 'fuel_k': 0.8120409491262598, 'fuel_half': 0.49228915580223703}. Best is trial 0 with value: -0.6094076133578652.
[I 2026-08-19 17:18:14,142] Trial 727 finished with value: 0.5629706195961013 and parameters: {'k1': 0.00011854565788903336, 'D_low': 1141.9682881633291, 'k2': 0.001080878656150981, 'D_high': 62951.76391867871, 'fire_exp': 1.6505879527293619, 'P_half': 12.857579450192413, 'pre_dampen_half': 0.3566213501667836, 'gpp_af': 1.9677867621979725, 'gpp_b': 0.013134876476452145, 'gpp_d': 20.2272523109508, 'ign_k': 0.06716163084593586, 'ign_c': 4.019149871563319, 'trop_agb_crit': 5.052858614507159, 'trop_k_veg': 0.5501835224000892, 'pop_amp': 0.0013631949083348892, 'pop_peak': 0.22435134452199906, 'pop_sig': 0.9165735104016466, 'fuel_k': 0.6353369068085949, 'fuel_half': 72.61460958687847}. Best is trial 0 with value: -0.6094076133578652.
[I 2026-08-19 17:18:15,762] Trial 728 finished with value: 0.6146222068194283 and parameters: {'k1': 0.0002497920740806079, 'D_low': 123807.4334991245, 'k2': 0.012362928602825878, 'D_high': 1174081.3938007683, 'fire_exp': 1.8473806489418174, 'P_half': 21.410289192487166, 'pre_dampen_half': 0.07731957205571134, 'gpp_af': 0.2233123700941176, 'gpp_b': 0.0010049338710542218, 'gpp_d': 28.815723831964597, 'ign_k': 0.17844973758211088, 'ign_c': 0.3110259713567916, 'trop_agb_crit': 10.551248837106714, 'trop_k_veg': 0.5163753899872937, 'pop_amp': 0.007577965223873302, 'pop_peak': 0.42039496020950545, 'pop_sig': 0.7714397261262232, 'fuel_k': 0.19873718371961419, 'fuel_half': 88.77196258100632}. Best is trial 0 with value: -0.6094076133578652.
[I 2026-08-19 17:18:17,368] Trial 729 finished with value: -0.5649124540693703 and parameters: {'k1': 0.01081497298923379, 'D_low': 8.598963236527673, 'k2': 0.021705676174750867, 'D_high': 8728599.289172664, 'fire_exp': 1.650901943566469, 'P_half': 1.015819353073229, 'pre_dampen_half': 0.0504259980879713, 'gpp_af': 0.04905011856948732, 'gpp_b': 2.2449313392792187e-05, 'gpp_d': 25.506984575529504, 'ign_k': 0.8295813094291407, 'ign_c': 0.2868956174115797, 'trop_agb_crit': 1.5434073705102251, 'trop_k_veg': 1.4735770169443527, 'pop_amp': 1.1270836194225344, 'pop_peak': 10.654836894412854, 'pop_sig': 1.9390278282660967, 'fuel_k': 0.06584685200561127, 'fuel_half': 0.2615206249114066}. Best is trial 0 with value: -0.6094076133578652.
[I 2026-08-19 17:18:18,942] Trial 730 finished with value: 0.5828390887539424 and parameters: {'k1': 0.02299126783169051, 'D_low': 413.65092248017714, 'k2': 0.035409463827883784, 'D_high': 4346684.3787701465, 'fire_exp': 4.555178645617305, 'P_half': 2645.5548987155203, 'pre_dampen_half': 79.40811486415797, 'gpp_af': 0.39559831134838974, 'gpp_b': 0.0006522384053190062, 'gpp_d': 47.13789282931001, 'ign_k': 4.556524685554138, 'ign_c': 0.8015134421470843, 'trop_agb_crit': 2.617123865900405, 'trop_k_veg': 1.8954864634187694, 'pop_amp': 0.23023088029559183, 'pop_peak': 152.68794869956687, 'pop_sig': 0.7207940252351839, 'fuel_k': 0.10495437016446742, 'fuel_half': 0.13431111927502537}. Best is trial 0 with value: -0.6094076133578652.
  trial  731/2500  best_overall=0.6094  (19.9 min)
[I 2026-08-19 17:18:20,750] Trial 731 finished with value: 0.45088108380132363 and parameters: {'k1': 0.014723377626492652, 'D_low': 888.5103097553073, 'k2': 0.07571661255847362, 'D_high': 2831687.5263904817, 'fire_exp': 6.545827020306874, 'P_half': 126.9948013254039, 'pre_dampen_half': 55.491638972266465, 'gpp_af': 0.05076429274786148, 'gpp_b': 0.00045774242677597466, 'gpp_d': 21.33694627390931, 'ign_k': 4.633120580825909, 'ign_c': 4.330347553427266, 'trop_agb_crit': 3.959752249367469, 'trop_k_veg': 3.54581317844485, 'pop_amp': 0.06940168295450222, 'pop_peak': 191.56771387752147, 'pop_sig': 1.054935869849397, 'fuel_k': 0.01924257686555166, 'fuel_half': 0.18208280742423602}. Best is trial 0 with value: -0.6094076133578652.
[I 2026-08-19 17:18:22,349] Trial 732 finished with value: 0.5494726432116971 and parameters: {'k1': 2.640885855492036e-05, 'D_low': 5.8323417179489825, 'k2': 0.02195640555068725, 'D_high': 1247949.2991535238, 'fire_exp': 2.1914693101742695, 'P_half': 21.874255043808724, 'pre_dampen_half': 2.742060202885589, 'gpp_af': 2.311027292581254, 'gpp_b': 0.00017065346654682236, 'gpp_d': 647.9851751294531, 'ign_k': 0.4096885154027905, 'ign_c': 21.592116225194015, 'trop_agb_crit': 4.772501101160107, 'trop_k_veg': 3.7933676544986104, 'pop_amp': 13.820026466041718, 'pop_peak': 106.60184215620512, 'pop_sig': 1.0855773684092214, 'fuel_k': 0.5610778631244565, 'fuel_half': 3.5484024055569323}. Best is trial 0 with value: -0.6094076133578652.
[I 2026-08-19 17:18:23,945] Trial 733 finished with value: -0.5576077416884828 and parameters: {'k1': 7.70025967903073e-05, 'D_low': 839.9916960505676, 'k2': 6.537920022629366e-05, 'D_high': 694342.0045716155, 'fire_exp': 1.4209151584373743, 'P_half': 82.58178804705017, 'pre_dampen_half': 2.0445407851291972, 'gpp_af': 0.0028249867765342902, 'gpp_b': 0.0014727493100192435, 'gpp_d': 836.5927515423093, 'ign_k': 0.020212170585877334, 'ign_c': 6.502603918948258, 'trop_agb_crit': 19.611217273022188, 'trop_k_veg': 2.0780242183492588, 'pop_amp': 6.2934397927210926, 'pop_peak': 258.08487441271495, 'pop_sig': 0.8519704959590872, 'fuel_k': 0.30056180036192104, 'fuel_half': 0.24832128222902466}. Best is trial 0 with value: -0.6094076133578652.
[I 2026-08-19 17:18:25,511] Trial 734 finished with value: 0.5994638855558743 and parameters: {'k1': 5.018704823129383e-05, 'D_low': 386570.08132624463, 'k2': 0.0002692561010474688, 'D_high': 707182.8357957024, 'fire_exp': 1.2555695059305418, 'P_half': 25.426388611759663, 'pre_dampen_half': 24.81649465450092, 'gpp_af': 0.0018475259006540603, 'gpp_b': 0.000390573874632096, 'gpp_d': 31.425660989051273, 'ign_k': 1.466092734651817, 'ign_c': 8.199090249950425, 'trop_agb_crit': 9.745154567355236, 'trop_k_veg': 3.8848869736839196, 'pop_amp': 0.004256887722285945, 'pop_peak': 52.91104949774808, 'pop_sig': 1.8607215430721584, 'fuel_k': 0.07789168378320621, 'fuel_half': 0.3007063049147917}. Best is trial 0 with value: -0.6094076133578652.
[I 2026-08-19 17:18:27,135] Trial 735 finished with value: 0.6394846673605679 and parameters: {'k1': 0.0003330426343288593, 'D_low': 269377.8587427626, 'k2': 0.00023849508298713596, 'D_high': 280045.20814755955, 'fire_exp': 1.768224007193837, 'P_half': 5263.521479920361, 'pre_dampen_half': 3.1648548915202337, 'gpp_af': 0.39402000931314163, 'gpp_b': 0.004017079946890591, 'gpp_d': 452.4507601997681, 'ign_k': 9.52415018894575, 'ign_c': 0.2209701492173215, 'trop_agb_crit': 8.68771895832215, 'trop_k_veg': 7.310598620453381, 'pop_amp': 4.982688323341306, 'pop_peak': 436.9601039522912, 'pop_sig': 1.134001065517175, 'fuel_k': 3.2027581317745857, 'fuel_half': 0.31259356535667576}. Best is trial 0 with value: -0.6094076133578652.
[I 2026-08-19 17:18:28,701] Trial 736 finished with value: 0.4425021500010148 and parameters: {'k1': 0.0011185020733453736, 'D_low': 71.70146505251203, 'k2': 0.03189847206078775, 'D_high': 1224378.651237886, 'fire_exp': 1.409076716990539, 'P_half': 2.7683698332163336, 'pre_dampen_half': 1.5575531349147467, 'gpp_af': 0.6745193688776501, 'gpp_b': 1.1526159192287107e-05, 'gpp_d': 439.90922393517803, 'ign_k': 2.371159883787166, 'ign_c': 2.495481940145481, 'trop_agb_crit': 6.128271876102939, 'trop_k_veg': 1.5609906966684588, 'pop_amp': 0.15901938833057083, 'pop_peak': 42.988710036351215, 'pop_sig': 1.6960806775965753, 'fuel_k': 0.11742744222736982, 'fuel_half': 0.23819423482484964}. Best is trial 0 with value: -0.6094076133578652.
[I 2026-08-19 17:18:30,287] Trial 737 finished with value: 0.46538908849789884 and parameters: {'k1': 0.03281880838220023, 'D_low': 46.42737299059186, 'k2': 0.064638372076944, 'D_high': 133969.9280065538, 'fire_exp': 1.366207622239357, 'P_half': 17.935318440134438, 'pre_dampen_half': 0.027631615462329617, 'gpp_af': 0.01487703205242019, 'gpp_b': 0.0006447500627760298, 'gpp_d': 14.404225791927761, 'ign_k': 0.07849582142449153, 'ign_c': 0.18387945521301846, 'trop_agb_crit': 4.612689507738661, 'trop_k_veg': 4.85709331023624, 'pop_amp': 12.841045196218165, 'pop_peak': 1.6814897597851315, 'pop_sig': 0.2649340254218932, 'fuel_k': 0.036162189883881576, 'fuel_half': 0.521266551758745}. Best is trial 0 with value: -0.6094076133578652.
[I 2026-08-19 17:18:31,854] Trial 738 finished with value: 0.5698607362880634 and parameters: {'k1': 0.008751601843731593, 'D_low': 127.09689528647857, 'k2': 0.009653379851707132, 'D_high': 302582.5971824092, 'fire_exp': 1.6201114016646874, 'P_half': 5.717478745764681, 'pre_dampen_half': 0.28234440633513513, 'gpp_af': 0.0011067406184615861, 'gpp_b': 3.417703081743959e-05, 'gpp_d': 0.4262409815700388, 'ign_k': 1.8580551129545724, 'ign_c': 0.15298090923426252, 'trop_agb_crit': 1.6054618032238543, 'trop_k_veg': 5.695701376916932, 'pop_amp': 17.046563913089066, 'pop_peak': 12.932707589182268, 'pop_sig': 0.6504602087639528, 'fuel_k': 0.0346543298508136, 'fuel_half': 2.4489792686386442}. Best is trial 0 with value: -0.6094076133578652.
[I 2026-08-19 17:18:33,452] Trial 739 finished with value: 0.6379238327989106 and parameters: {'k1': 0.00022542893200949664, 'D_low': 317382.43633291597, 'k2': 5.2062692808372714e-05, 'D_high': 338607.197136779, 'fire_exp': 1.2835020942539432, 'P_half': 109.0904244099775, 'pre_dampen_half': 23.408747558985635, 'gpp_af': 0.5450901109209471, 'gpp_b': 2.220610322594777e-05, 'gpp_d': 0.5291076366466825, 'ign_k': 7.9504805599186765, 'ign_c': 2.703704642180222, 'trop_agb_crit': 17.156565349874064, 'trop_k_veg': 2.6307523274334916, 'pop_amp': 0.2598267677707019, 'pop_peak': 6.217792946429956, 'pop_sig': 1.0017005282792626, 'fuel_k': 0.01650200412029693, 'fuel_half': 0.38397160429810523}. Best is trial 0 with value: -0.6094076133578652.
[I 2026-08-19 17:18:35,054] Trial 740 finished with value: 0.5873175891220397 and parameters: {'k1': 2.455885597402291e-05, 'D_low': 7.240674758163813, 'k2': 0.0024208784152121568, 'D_high': 33079.20952699047, 'fire_exp': 1.8742788360522107, 'P_half': 66.85715129480269, 'pre_dampen_half': 7.593216891953195, 'gpp_af': 0.058423668180147686, 'gpp_b': 4.291717003607957e-05, 'gpp_d': 34.83022297796609, 'ign_k': 0.018218391165116907, 'ign_c': 238.8624289392569, 'trop_agb_crit': 7.119134479774208, 'trop_k_veg': 5.302682703408375, 'pop_amp': 0.16918735745815833, 'pop_peak': 2.799740133995867, 'pop_sig': 0.9860973593614432, 'fuel_k': 0.3878123772798974, 'fuel_half': 15.379004808157587}. Best is trial 0 with value: -0.6094076133578652.
[I 2026-08-19 17:18:36,684] Trial 741 finished with value: 0.6342841290084906 and parameters: {'k1': 0.00036255343843939427, 'D_low': 15.442548809643945, 'k2': 0.0033813771938522664, 'D_high': 2895.9500623400295, 'fire_exp': 3.959995206710991, 'P_half': 71.08104730695162, 'pre_dampen_half': 1.303576666491113, 'gpp_af': 0.016110167696856807, 'gpp_b': 0.003129163900071463, 'gpp_d': 126.99097464977645, 'ign_k': 1.3176432566292462, 'ign_c': 30.707685011918482, 'trop_agb_crit': 1.471733395165389, 'trop_k_veg': 1.2098571304500396, 'pop_amp': 0.2109886966379466, 'pop_peak': 6.805107808286219, 'pop_sig': 2.4377428704615944, 'fuel_k': 0.05032265895480733, 'fuel_half': 0.1140981430647726}. Best is trial 0 with value: -0.6094076133578652.
[I 2026-08-19 17:18:38,266] Trial 742 finished with value: 0.46049478647452013 and parameters: {'k1': 6.663167894251693e-05, 'D_low': 12680.085556122547, 'k2': 0.0011624241974776055, 'D_high': 1256268.873204875, 'fire_exp': 2.2213627283000346, 'P_half': 292.11813955315625, 'pre_dampen_half': 0.06431125406741439, 'gpp_af': 0.0076398099035816566, 'gpp_b': 0.00046112092182486555, 'gpp_d': 811.5573831367423, 'ign_k': 1.5592569007711101, 'ign_c': 0.4682287010276684, 'trop_agb_crit': 24.081590094131023, 'trop_k_veg': 4.632519549942029, 'pop_amp': 4.269844718382947, 'pop_peak': 42.11661588414751, 'pop_sig': 0.3982625514550335, 'fuel_k': 3.591959516533255, 'fuel_half': 0.11652937773787052}. Best is trial 0 with value: -0.6094076133578652.
[I 2026-08-19 17:18:39,864] Trial 743 finished with value: 0.4434668677752929 and parameters: {'k1': 0.09139929919289085, 'D_low': 13.900895249993336, 'k2': 0.07432172654546486, 'D_high': 3044312.311716781, 'fire_exp': 7.06138159699793, 'P_half': 35.104499480468355, 'pre_dampen_half': 406.03854592893396, 'gpp_af': 0.010837764417068987, 'gpp_b': 1.711024439471167e-05, 'gpp_d': 23.723288702564478, 'ign_k': 4.4798262381223015, 'ign_c': 11.190976588629562, 'trop_agb_crit': 3.8317024572233405, 'trop_k_veg': 1.7124486148255385, 'pop_amp': 0.15840749863011186, 'pop_peak': 393.01461231080935, 'pop_sig': 1.486664624849968, 'fuel_k': 0.035917000360668, 'fuel_half': 0.9920354586214531}. Best is trial 0 with value: -0.6094076133578652.
  trial  744/2500  best_overall=0.6094  (20.3 min)
[I 2026-08-19 17:18:41,604] Trial 744 finished with value: 0.542003190076695 and parameters: {'k1': 0.00040545968955829875, 'D_low': 61887.5021185459, 'k2': 0.0006411435405714468, 'D_high': 978593.9949090213, 'fire_exp': 1.5833937229262445, 'P_half': 77.8262975857611, 'pre_dampen_half': 2.3457858117865658, 'gpp_af': 0.005715351363463907, 'gpp_b': 2.2268403856829646e-05, 'gpp_d': 1.7568893861495585, 'ign_k': 3.416639928386106, 'ign_c': 17.589600495938228, 'trop_agb_crit': 20.089483224368216, 'trop_k_veg': 1.7074940947901454, 'pop_amp': 0.003934384868373561, 'pop_peak': 0.4211352643423861, 'pop_sig': 1.4652238339615207, 'fuel_k': 1.9445314739526065, 'fuel_half': 1.231440513784471}. Best is trial 0 with value: -0.6094076133578652.
[I 2026-08-19 17:18:43,202] Trial 745 finished with value: -0.5068286649491952 and parameters: {'k1': 0.0010128072100868929, 'D_low': 62.967438396563566, 'k2': 0.08094171633361948, 'D_high': 3683620.0335532883, 'fire_exp': 2.014950711317867, 'P_half': 5.837112865764347, 'pre_dampen_half': 5.215855226298338, 'gpp_af': 0.4745518789529125, 'gpp_b': 0.0002809141974512046, 'gpp_d': 958.3242129260622, 'ign_k': 0.027075073643519784, 'ign_c': 9.046885571916562, 'trop_agb_crit': 14.509676433039806, 'trop_k_veg': 0.6594381179979633, 'pop_amp': 0.00134272126670307, 'pop_peak': 0.3157265915708018, 'pop_sig': 0.6912900743179223, 'fuel_k': 0.15618244840646098, 'fuel_half': 1.4934988999537697}. Best is trial 0 with value: -0.6094076133578652.
[I 2026-08-19 17:18:44,818] Trial 746 finished with value: 0.45995548197713243 and parameters: {'k1': 0.000428216833613038, 'D_low': 1.4391822396494358, 'k2': 0.05394343657318413, 'D_high': 4800020.821463579, 'fire_exp': 1.8088445751537112, 'P_half': 2.3940859110671218, 'pre_dampen_half': 0.24093934012293225, 'gpp_af': 0.07726747920782642, 'gpp_b': 0.0005191483629076118, 'gpp_d': 669.9848922654097, 'ign_k': 0.3399295904813934, 'ign_c': 6.223676762040427, 'trop_agb_crit': 3.3593852026107855, 'trop_k_veg': 2.8071664396250933, 'pop_amp': 0.10913046518138445, 'pop_peak': 51.31406092951247, 'pop_sig': 2.157523700973452, 'fuel_k': 0.03013355993185428, 'fuel_half': 0.10176944090185244}. Best is trial 0 with value: -0.6094076133578652.
[I 2026-08-19 17:18:46,472] Trial 747 finished with value: -0.4781855129944951 and parameters: {'k1': 0.003392749098141794, 'D_low': 13.038313215116366, 'k2': 0.00046537745329641733, 'D_high': 11976.489579344177, 'fire_exp': 2.2133736769444736, 'P_half': 41.98039223535078, 'pre_dampen_half': 3.993697291531795, 'gpp_af': 0.3582225304609989, 'gpp_b': 1.2278802187659372e-05, 'gpp_d': 382.96247254581243, 'ign_k': 1.0250422384643463, 'ign_c': 1.398798019394357, 'trop_agb_crit': 21.713191675983136, 'trop_k_veg': 3.7004186994950796, 'pop_amp': 0.0010962504692277467, 'pop_peak': 1.1161310979183248, 'pop_sig': 1.1963190124253185, 'fuel_k': 0.30749295160184853, 'fuel_half': 0.39076200176736375}. Best is trial 0 with value: -0.6094076133578652.
[I 2026-08-19 17:18:48,164] Trial 748 finished with value: -0.6005014364399219 and parameters: {'k1': 5.2559034992717304e-05, 'D_low': 14415.826009554468, 'k2': 1.2212965516154682e-05, 'D_high': 4782660.596925318, 'fire_exp': 1.5726684368495738, 'P_half': 103.61625007849734, 'pre_dampen_half': 1.531336617481076, 'gpp_af': 0.11134386338629758, 'gpp_b': 0.003097334423964848, 'gpp_d': 160.84115482306478, 'ign_k': 0.018088694181502586, 'ign_c': 3.178089088369027, 'trop_agb_crit': 23.113669634758708, 'trop_k_veg': 3.837458531267604, 'pop_amp': 1.9046043221797817, 'pop_peak': 6.14749950275015, 'pop_sig': 0.7996659668331266, 'fuel_k': 2.4067679066058214, 'fuel_half': 0.20225271033804065}. Best is trial 0 with value: -0.6094076133578652.
[I 2026-08-19 17:18:49,969] Trial 749 finished with value: 0.6445374145881376 and parameters: {'k1': 0.003772366999942869, 'D_low': 1.8786363548633507, 'k2': 0.0744130943415145, 'D_high': 309491.3444000004, 'fire_exp': 4.733993423154669, 'P_half': 25.682631928523577, 'pre_dampen_half': 225.7717139454272, 'gpp_af': 2.924930147597442, 'gpp_b': 0.0002255844921594934, 'gpp_d': 0.7778196455489995, 'ign_k': 1.6261557216649487, 'ign_c': 200.87401795928963, 'trop_agb_crit': 5.956070171388001, 'trop_k_veg': 4.482073399403209, 'pop_amp': 0.027110780599174194, 'pop_peak': 169.98630553310866, 'pop_sig': 0.7875633856737484, 'fuel_k': 2.337685069911275, 'fuel_half': 0.27045373364067826}. Best is trial 0 with value: -0.6094076133578652.
[I 2026-08-19 17:18:51,653] Trial 750 finished with value: -0.47263375687286013 and parameters: {'k1': 0.01860264717260574, 'D_low': 11871.072416781806, 'k2': 0.05001522980535972, 'D_high': 3586609.5065119034, 'fire_exp': 6.567330236376965, 'P_half': 8.489622653344586, 'pre_dampen_half': 33.476531036037564, 'gpp_af': 1.3935174430386825, 'gpp_b': 1.6530303889331287e-05, 'gpp_d': 0.2871868940545824, 'ign_k': 0.9691016702270847, 'ign_c': 0.37279945554025007, 'trop_agb_crit': 9.623522762703747, 'trop_k_veg': 2.034099891186557, 'pop_amp': 0.010831396030062317, 'pop_peak': 361.84018696928285, 'pop_sig': 1.8260573995470317, 'fuel_k': 0.051310259431793785, 'fuel_half': 0.596338286784407}. Best is trial 0 with value: -0.6094076133578652.
[I 2026-08-19 17:18:53,243] Trial 751 finished with value: 0.41361244739561953 and parameters: {'k1': 1.3443934992533216e-05, 'D_low': 6062.739099144568, 'k2': 4.806826456747218e-05, 'D_high': 8693164.061293328, 'fire_exp': 1.350613140257546, 'P_half': 90.71342758157556, 'pre_dampen_half': 0.06930207949695917, 'gpp_af': 0.06744173979415008, 'gpp_b': 0.03334936580486533, 'gpp_d': 462.9173440331354, 'ign_k': 0.15431274806451917, 'ign_c': 10.64996253476156, 'trop_agb_crit': 19.235465697225614, 'trop_k_veg': 6.549786494521576, 'pop_amp': 14.010350418968365, 'pop_peak': 9.89517035597174, 'pop_sig': 0.5779858935143283, 'fuel_k': 1.4202168091889698, 'fuel_half': 0.34088385688727607}. Best is trial 0 with value: -0.6094076133578652.
[I 2026-08-19 17:18:54,881] Trial 752 finished with value: 0.6209300770984395 and parameters: {'k1': 0.0352132251553168, 'D_low': 1657.8347309608644, 'k2': 0.005078850838200809, 'D_high': 1715794.1251321852, 'fire_exp': 8.00194699144451, 'P_half': 1.1374419501255275, 'pre_dampen_half': 82.0443961924246, 'gpp_af': 0.00712442262821392, 'gpp_b': 0.0765507133212014, 'gpp_d': 0.03756159286529444, 'ign_k': 0.0474681294614439, 'ign_c': 6.040672747565874, 'trop_agb_crit': 8.33071540539339, 'trop_k_veg': 1.3818988346499375, 'pop_amp': 14.468615844281503, 'pop_peak': 839.3847978762162, 'pop_sig': 1.4878674412563428, 'fuel_k': 0.03298579951544398, 'fuel_half': 0.507002971832467}. Best is trial 0 with value: -0.6094076133578652.
