[I 2026-08-20 00:35:57,455] Trial 800 finished with value: 0.4519426848920256 and parameters: {'k1': 0.0019090840667647267, 'D_low': 8764.675942815198, 'k2': 0.001118129761799086, 'D_high': 248167.525556178, 'fire_exp': 2.310021567907974, 'P_half': 57.39439592243451, 'pre_dampen_half': 22.31390431475229, 'gpp_af': 0.01561816164716933, 'gpp_b': 1.0892959072223e-05, 'gpp_d': 0.10032012529924278, 'ign_k': 3.3436192887112037, 'ign_c': 2.377287685363358, 'trop_agb_crit': 2.0089018309148976, 'trop_k_veg': 7.602939253678304, 'pop_amp': 0.8836662862918485, 'pop_peak': 0.8262164365930329, 'pop_sig': 0.6105674440089747}. Best is trial 274 with value: -0.604910391627968.
[I 2026-08-20 00:35:59,261] Trial 801 finished with value: 0.5101906382885775 and parameters: {'k1': 0.0008185628784864841, 'D_low': 1.6006007016508546, 'k2': 0.06784916020768136, 'D_high': 1730946.293090301, 'fire_exp': 1.0413172271166398, 'P_half': 133.31832350785388, 'pre_dampen_half': 0.018077019332619584, 'gpp_af': 0.02395025673611387, 'gpp_b': 0.0027114512335973165, 'gpp_d': 15.975872067648327, 'ign_k': 0.002985861031645313, 'ign_c': 0.4445389428052219, 'trop_agb_crit': 5.516503737063173, 'trop_k_veg': 2.7619344266050643, 'pop_amp': 3.0790838336959663, 'pop_peak': 1.3380210561038648, 'pop_sig': 1.5658023428644556}. Best is trial 274 with value: -0.604910391627968.
[I 2026-08-20 00:36:01,038] Trial 802 finished with value: 0.45703255341783966 and parameters: {'k1': 8.021570880778959e-05, 'D_low': 5691.430969527334, 'k2': 0.009959726654799553, 'D_high': 2858665.9443701, 'fire_exp': 2.6093568702275665, 'P_half': 9.659928055220893, 'pre_dampen_half': 2.5538583303709097, 'gpp_af': 0.0011237746329340623, 'gpp_b': 8.113056292810553e-05, 'gpp_d': 0.22731022980285995, 'ign_k': 7.665142111084993, 'ign_c': 0.8643768837890252, 'trop_agb_crit': 1.3069775643906687, 'trop_k_veg': 1.985622732531597, 'pop_amp': 11.907757510602403, 'pop_peak': 0.10611757638742234, 'pop_sig': 1.18147268882432}. Best is trial 274 with value: -0.604910391627968.
[I 2026-08-20 00:36:02,884] Trial 803 finished with value: 0.6445374145881376 and parameters: {'k1': 3.531929961963814e-05, 'D_low': 723.2985513614987, 'k2': 0.02670023776015215, 'D_high': 196282.41257189013, 'fire_exp': 2.075233662797552, 'P_half': 27.209013155672093, 'pre_dampen_half': 0.38414681171205545, 'gpp_af': 0.011193226679779428, 'gpp_b': 0.005026953370294859, 'gpp_d': 8.964511343315186, 'ign_k': 3.554706553695854, 'ign_c': 75.7659869087452, 'trop_agb_crit': 18.79452799049812, 'trop_k_veg': 6.628956513900579, 'pop_amp': 0.1066080685083434, 'pop_peak': 2.019739178297292, 'pop_sig': 0.603944414622124}. Best is trial 274 with value: -0.604910391627968.
[I 2026-08-20 00:36:04,698] Trial 804 finished with value: 0.5211127156225706 and parameters: {'k1': 8.959520008686977e-05, 'D_low': 68.14778008976211, 'k2': 0.013002828981360234, 'D_high': 133280.64346051976, 'fire_exp': 4.175575188912789, 'P_half': 11.503575238264121, 'pre_dampen_half': 3.3367804581465283, 'gpp_af': 0.010494145348564512, 'gpp_b': 3.107844061803224e-05, 'gpp_d': 0.09900758280130477, 'ign_k': 9.656714726669078, 'ign_c': 1.3143452698773819, 'trop_agb_crit': 2.2144809573912796, 'trop_k_veg': 6.223982280912188, 'pop_amp': 0.10955908398707746, 'pop_peak': 0.20895948205916778, 'pop_sig': 0.6013793626600856}. Best is trial 274 with value: -0.604910391627968.
[I 2026-08-20 00:36:06,794] Trial 805 finished with value: 0.5664211120547901 and parameters: {'k1': 0.0034873714882233653, 'D_low': 2767.4928413521225, 'k2': 0.05694765721012467, 'D_high': 870040.099349057, 'fire_exp': 2.707743365136305, 'P_half': 1.4226798997087087, 'pre_dampen_half': 5.284689207738879, 'gpp_af': 0.007950875697476654, 'gpp_b': 0.00011226329140638872, 'gpp_d': 8.383794700104557, 'ign_k': 0.45053776420621344, 'ign_c': 2.6287463010478334, 'trop_agb_crit': 1.3353516341605915, 'trop_k_veg': 4.57979042323972, 'pop_amp': 5.252546108002957, 'pop_peak': 0.9759323317134063, 'pop_sig': 1.1615582619884386}. Best is trial 274 with value: -0.604910391627968.
[I 2026-08-20 00:36:08,639] Trial 806 finished with value: 0.4607150142391496 and parameters: {'k1': 0.0006208565877613425, 'D_low': 4856.422214055858, 'k2': 0.049736849122883696, 'D_high': 350514.99202358566, 'fire_exp': 1.6028373433817813, 'P_half': 25.291909105543468, 'pre_dampen_half': 0.5447581926995592, 'gpp_af': 0.0023541009478579367, 'gpp_b': 6.696749187263172e-05, 'gpp_d': 0.04475305633222132, 'ign_k': 2.4966747246114718, 'ign_c': 10.677904654122338, 'trop_agb_crit': 1.5173182575091018, 'trop_k_veg': 2.7347482360830986, 'pop_amp': 0.42368312165537897, 'pop_peak': 0.10073080271194322, 'pop_sig': 1.9008517870487265}. Best is trial 274 with value: -0.604910391627968.
[I 2026-08-20 00:36:10,417] Trial 807 finished with value: 0.49010152196316625 and parameters: {'k1': 0.005966566648427696, 'D_low': 281.6686202325055, 'k2': 0.006227353819566992, 'D_high': 236334.24133594727, 'fire_exp': 2.717500339978764, 'P_half': 8.363324920458757, 'pre_dampen_half': 38.16985901705393, 'gpp_af': 0.006351340831875965, 'gpp_b': 4.3120265265309095e-05, 'gpp_d': 60.82529127040065, 'ign_k': 5.520197646139276, 'ign_c': 0.15459378048438138, 'trop_agb_crit': 7.212411332994496, 'trop_k_veg': 3.7457888260339667, 'pop_amp': 0.44650081734141306, 'pop_peak': 4.120789521643666, 'pop_sig': 0.6906268291495163}. Best is trial 274 with value: -0.604910391627968.
[I 2026-08-20 00:36:12,206] Trial 808 finished with value: 0.6055076808797006 and parameters: {'k1': 4.3125612178994276e-05, 'D_low': 253899.89571289797, 'k2': 0.04079290144348965, 'D_high': 338548.3501161757, 'fire_exp': 1.9670869504725357, 'P_half': 5.572406758778786, 'pre_dampen_half': 144.31072777278015, 'gpp_af': 0.0010045896992267015, 'gpp_b': 1.212456047471371e-05, 'gpp_d': 0.07302973482226964, 'ign_k': 3.9247209022276004, 'ign_c': 1.7018710269904145, 'trop_agb_crit': 1.1673523102529257, 'trop_k_veg': 6.23644191161943, 'pop_amp': 0.5705211103964221, 'pop_peak': 0.0819140050888782, 'pop_sig': 1.507337238205235}. Best is trial 274 with value: -0.604910391627968.
[I 2026-08-20 00:36:14,097] Trial 809 finished with value: 0.5323864548013756 and parameters: {'k1': 0.00016382560005307644, 'D_low': 4.440776308362551, 'k2': 0.004465167277211441, 'D_high': 2163595.0278521944, 'fire_exp': 1.2331767785900551, 'P_half': 73.04236652779132, 'pre_dampen_half': 0.12599874858184676, 'gpp_af': 0.04446281405903722, 'gpp_b': 5.170054776958392e-05, 'gpp_d': 0.1170347320395841, 'ign_k': 0.005038504532917426, 'ign_c': 1.9749253348210372, 'trop_agb_crit': 12.650827011794494, 'trop_k_veg': 3.9038091272943847, 'pop_amp': 0.4252442927917382, 'pop_peak': 21.435445125961206, 'pop_sig': 1.2125050068070895}. Best is trial 274 with value: -0.604910391627968.
[I 2026-08-20 00:36:15,892] Trial 810 finished with value: 0.5721248083043697 and parameters: {'k1': 0.002527588077103878, 'D_low': 10.723499169161393, 'k2': 0.09618539619603403, 'D_high': 967638.4586807825, 'fire_exp': 2.307765327317138, 'P_half': 108.91623078812118, 'pre_dampen_half': 0.4206761162732458, 'gpp_af': 0.05559956070327629, 'gpp_b': 0.0005433888674628344, 'gpp_d': 0.3496682420608648, 'ign_k': 0.0014137941794363667, 'ign_c': 2.071898760481778, 'trop_agb_crit': 8.039966811710812, 'trop_k_veg': 1.51733346833804, 'pop_amp': 0.04974094629039639, 'pop_peak': 1.3411773291842934, 'pop_sig': 1.2790328307107182}. Best is trial 274 with value: -0.604910391627968.
[I 2026-08-20 00:36:17,695] Trial 811 finished with value: -0.5586445854967931 and parameters: {'k1': 3.267654205094699e-05, 'D_low': 7115.918509006135, 'k2': 0.04048636485140716, 'D_high': 6153901.197970289, 'fire_exp': 2.4710864398189964, 'P_half': 12.762592312069794, 'pre_dampen_half': 8.596931787479546, 'gpp_af': 0.011399779045739283, 'gpp_b': 1.2242260520424492e-05, 'gpp_d': 0.7546070749012621, 'ign_k': 4.862745087030671, 'ign_c': 1.490388975338191, 'trop_agb_crit': 7.690643217522611, 'trop_k_veg': 4.426736845051576, 'pop_amp': 0.03577818726988379, 'pop_peak': 0.9411874055612872, 'pop_sig': 1.250657111555264}. Best is trial 274 with value: -0.604910391627968.
[I 2026-08-20 00:36:19,513] Trial 812 finished with value: 0.44373859238446645 and parameters: {'k1': 0.06239866945038089, 'D_low': 392.60169924822577, 'k2': 0.021423209811963353, 'D_high': 321056.789647213, 'fire_exp': 2.324563824877278, 'P_half': 485.0231302506268, 'pre_dampen_half': 535.4655665517698, 'gpp_af': 0.009358716575645657, 'gpp_b': 0.0006381745219293867, 'gpp_d': 104.6593212055641, 'ign_k': 1.4576947490782577, 'ign_c': 0.29026599721212226, 'trop_agb_crit': 14.933443124697462, 'trop_k_veg': 5.368369499847035, 'pop_amp': 1.927697127642233, 'pop_peak': 0.0930773099444155, 'pop_sig': 0.4305287591853712}. Best is trial 274 with value: -0.604910391627968.
[I 2026-08-20 00:36:21,299] Trial 813 finished with value: 0.5247500565594566 and parameters: {'k1': 7.861282880080847e-05, 'D_low': 126.20511758982643, 'k2': 0.037282996344291046, 'D_high': 4463740.096644569, 'fire_exp': 1.4158805272239114, 'P_half': 7.179624671694071, 'pre_dampen_half': 0.29914940992649075, 'gpp_af': 0.00946310732543219, 'gpp_b': 1.5352669651288913e-05, 'gpp_d': 5.281656942470034, 'ign_k': 0.0019664751280786185, 'ign_c': 2.2097277394865102, 'trop_agb_crit': 6.966453043963686, 'trop_k_veg': 2.0753555325380635, 'pop_amp': 0.5494177702870008, 'pop_peak': 3.3633462450434957, 'pop_sig': 0.8418758062246217}. Best is trial 274 with value: -0.604910391627968.
[I 2026-08-20 00:36:23,103] Trial 814 finished with value: 0.444892075716373 and parameters: {'k1': 0.0005071424248003502, 'D_low': 9.692626871889892, 'k2': 0.07176939866942726, 'D_high': 845980.4758966373, 'fire_exp': 1.25182022847508, 'P_half': 111.6450769177777, 'pre_dampen_half': 2.351506700295244, 'gpp_af': 0.0495048461756634, 'gpp_b': 6.95074571227092e-05, 'gpp_d': 0.2656067726950674, 'ign_k': 0.003529518327366909, 'ign_c': 1.4793317063672822, 'trop_agb_crit': 7.9527646733962545, 'trop_k_veg': 0.8207078024666596, 'pop_amp': 2.742158048829078, 'pop_peak': 1.3414829756372872, 'pop_sig': 0.43128237914478595}. Best is trial 274 with value: -0.604910391627968.
[I 2026-08-20 00:36:25,036] Trial 815 finished with value: -0.5699002812855741 and parameters: {'k1': 3.989517846458424e-05, 'D_low': 3302.3152930865053, 'k2': 0.04568649961779063, 'D_high': 2721754.9258458233, 'fire_exp': 1.7398230527204106, 'P_half': 33.28376313465022, 'pre_dampen_half': 0.0626834414497881, 'gpp_af': 0.021801503159539545, 'gpp_b': 3.1314143393437205e-05, 'gpp_d': 0.07203570828236769, 'ign_k': 1.0254621060213427, 'ign_c': 0.2720519080686763, 'trop_agb_crit': 1.6089092512417242, 'trop_k_veg': 4.544156205820514, 'pop_amp': 5.994341660319675, 'pop_peak': 2.054679410086454, 'pop_sig': 0.9293153109850403}. Best is trial 274 with value: -0.604910391627968.
[I 2026-08-20 00:36:27,106] Trial 816 finished with value: 0.541501738015078 and parameters: {'k1': 4.1404844264285705e-05, 'D_low': 5787.157348958578, 'k2': 0.022723866248609267, 'D_high': 181466.0148898992, 'fire_exp': 3.05347523067043, 'P_half': 20.592172714522437, 'pre_dampen_half': 0.02670757427530408, 'gpp_af': 0.035748164789140245, 'gpp_b': 5.492645617058919e-05, 'gpp_d': 0.021244551384104318, 'ign_k': 5.779157272484779, 'ign_c': 0.17277968719859452, 'trop_agb_crit': 1.1726996636245697, 'trop_k_veg': 2.638859792817497, 'pop_amp': 6.512941329233846, 'pop_peak': 0.37471618919889005, 'pop_sig': 0.9942773842516764}. Best is trial 274 with value: -0.604910391627968.
[I 2026-08-20 00:36:29,063] Trial 817 finished with value: -0.5489109356977538 and parameters: {'k1': 0.0001996916419432196, 'D_low': 9816.977406782746, 'k2': 0.05815122696407019, 'D_high': 1916590.4546740388, 'fire_exp': 2.0544654466000423, 'P_half': 5.875899039607327, 'pre_dampen_half': 0.21536485609973854, 'gpp_af': 0.0192605528963867, 'gpp_b': 0.00018147875991233962, 'gpp_d': 0.10627757515259516, 'ign_k': 0.35679884022073205, 'ign_c': 0.571202695956904, 'trop_agb_crit': 1.8911655437553982, 'trop_k_veg': 6.670821474259298, 'pop_amp': 6.267436089498605, 'pop_peak': 4.388662856056092, 'pop_sig': 1.104447383338121}. Best is trial 274 with value: -0.604910391627968.
[I 2026-08-20 00:36:31,083] Trial 818 finished with value: 0.5605962754836724 and parameters: {'k1': 3.299415879357757e-05, 'D_low': 130.75868870851565, 'k2': 0.001242048113243172, 'D_high': 369882.1076107974, 'fire_exp': 1.9351939996485377, 'P_half': 9.46651606458673, 'pre_dampen_half': 0.035273641335684607, 'gpp_af': 0.012029523227481879, 'gpp_b': 0.0001779542875506804, 'gpp_d': 0.7886254672532286, 'ign_k': 0.07591086117872645, 'ign_c': 0.1370129064598483, 'trop_agb_crit': 2.429547342363264, 'trop_k_veg': 6.422719274079373, 'pop_amp': 0.1602965244676398, 'pop_peak': 11.764807404162093, 'pop_sig': 0.7319256199423658}. Best is trial 274 with value: -0.604910391627968.
[I 2026-08-20 00:36:33,074] Trial 819 finished with value: 0.448411977846774 and parameters: {'k1': 1.2332168158072956e-05, 'D_low': 49.579709416845965, 'k2': 0.007101650834016696, 'D_high': 5081396.984683715, 'fire_exp': 2.681317358049881, 'P_half': 6.793117850202969, 'pre_dampen_half': 2.0183642068279672, 'gpp_af': 0.021847726187374, 'gpp_b': 7.427685621470342e-05, 'gpp_d': 36.6732227796508, 'ign_k': 4.322347803601122, 'ign_c': 0.17879946399170063, 'trop_agb_crit': 1.8213061764974148, 'trop_k_veg': 2.8721079357530543, 'pop_amp': 6.504794735455342, 'pop_peak': 0.17890604512183936, 'pop_sig': 0.5386326913859019}. Best is trial 274 with value: -0.604910391627968.
[I 2026-08-20 00:36:35,054] Trial 820 finished with value: -0.5535893936285692 and parameters: {'k1': 2.6855319779812333e-05, 'D_low': 136.02884484730689, 'k2': 0.014219510100115493, 'D_high': 5187540.109814121, 'fire_exp': 1.1280067691750784, 'P_half': 63.98284712687696, 'pre_dampen_half': 0.01818423094584116, 'gpp_af': 0.059492159302821854, 'gpp_b': 2.8486531192139972e-05, 'gpp_d': 0.8642314827309123, 'ign_k': 0.4750883952489608, 'ign_c': 2.290940387982277, 'trop_agb_crit': 1.1950044812030165, 'trop_k_veg': 6.552989807947449, 'pop_amp': 5.287840974478387, 'pop_peak': 1.2936619721100033, 'pop_sig': 1.2664741710262026}. Best is trial 274 with value: -0.604910391627968.
[I 2026-08-20 00:36:36,842] Trial 821 finished with value: 0.49783356397431255 and parameters: {'k1': 0.0011483785278070184, 'D_low': 35.86964235518305, 'k2': 0.02499435107769212, 'D_high': 2834368.5789918066, 'fire_exp': 1.3784157593729156, 'P_half': 1.7655250478759001, 'pre_dampen_half': 0.7040915975463481, 'gpp_af': 0.05784133750224476, 'gpp_b': 6.669452331693984e-05, 'gpp_d': 0.22270827726280437, 'ign_k': 0.003745200576539105, 'ign_c': 0.3107484425339836, 'trop_agb_crit': 4.930852274650755, 'trop_k_veg': 1.0878421422820128, 'pop_amp': 0.30854060935014493, 'pop_peak': 59.65313159228088, 'pop_sig': 1.5507275589179887}. Best is trial 274 with value: -0.604910391627968.
[I 2026-08-20 00:36:38,661] Trial 822 finished with value: 0.4198223969349202 and parameters: {'k1': 0.0017648659591690543, 'D_low': 1488.0315741844904, 'k2': 0.003735325747806002, 'D_high': 1605682.5672290665, 'fire_exp': 1.512400692509051, 'P_half': 1.9817188869921845, 'pre_dampen_half': 3.837444553464626, 'gpp_af': 0.0025925387297539354, 'gpp_b': 1.00146426508592e-05, 'gpp_d': 577.9239966380977, 'ign_k': 5.022764543861131, 'ign_c': 0.30243560099445704, 'trop_agb_crit': 8.704319093978295, 'trop_k_veg': 0.9285654016272046, 'pop_amp': 0.02407265452425006, 'pop_peak': 0.054856679406588296, 'pop_sig': 1.1029880966603474}. Best is trial 274 with value: -0.604910391627968.
[I 2026-08-20 00:36:40,488] Trial 823 finished with value: 0.4830466136861874 and parameters: {'k1': 0.00708126823998394, 'D_low': 23508.52887262787, 'k2': 5.134852620993211e-05, 'D_high': 117871.15827608074, 'fire_exp': 1.584037598801654, 'P_half': 1.0049882664348844, 'pre_dampen_half': 17.809361178992486, 'gpp_af': 0.003060458652895922, 'gpp_b': 3.288486815444805e-05, 'gpp_d': 242.76358358406878, 'ign_k': 2.4633776019791065, 'ign_c': 0.3898486850016615, 'trop_agb_crit': 6.72478584886658, 'trop_k_veg': 3.1523578756303645, 'pop_amp': 0.0010735065585601772, 'pop_peak': 11.363914700886387, 'pop_sig': 0.4943093174009562}. Best is trial 274 with value: -0.604910391627968.
[I 2026-08-20 00:36:42,277] Trial 824 finished with value: 0.4946952642543775 and parameters: {'k1': 0.0007237321052791422, 'D_low': 58.08124887846955, 'k2': 0.030461377510069845, 'D_high': 45483.67413906546, 'fire_exp': 1.5121397836607795, 'P_half': 142.69713360013472, 'pre_dampen_half': 604.3359067963596, 'gpp_af': 0.0022719959836010805, 'gpp_b': 1.0277331068948028e-05, 'gpp_d': 0.2713738946483774, 'ign_k': 0.9433216189494991, 'ign_c': 2.33395199722837, 'trop_agb_crit': 2.14729927290058, 'trop_k_veg': 3.5229018658808933, 'pop_amp': 1.1281429302585326, 'pop_peak': 0.1933613308125502, 'pop_sig': 0.5948496452575714}. Best is trial 274 with value: -0.604910391627968.
[I 2026-08-20 00:36:44,087] Trial 825 finished with value: 0.5484146957770332 and parameters: {'k1': 3.3575066488067794e-05, 'D_low': 11971.386516395807, 'k2': 0.07353875117986933, 'D_high': 491674.7977747019, 'fire_exp': 2.0762543684133754, 'P_half': 73.84563424707032, 'pre_dampen_half': 0.2653370848348781, 'gpp_af': 0.007186044895992227, 'gpp_b': 0.00019643580032012648, 'gpp_d': 1.5764415960804277, 'ign_k': 8.119224997494932, 'ign_c': 3.999567019963913, 'trop_agb_crit': 1.1288258054080857, 'trop_k_veg': 3.624951326220771, 'pop_amp': 1.218460704264697, 'pop_peak': 0.374267310893519, 'pop_sig': 0.6104669158135655}. Best is trial 274 with value: -0.604910391627968.
[I 2026-08-20 00:36:45,882] Trial 826 finished with value: -0.5793247695385674 and parameters: {'k1': 0.00010326713237294252, 'D_low': 50.89797453601376, 'k2': 0.002345691956697507, 'D_high': 986689.1365755122, 'fire_exp': 1.5594248446692713, 'P_half': 48.441108403592644, 'pre_dampen_half': 3.7281595059572834, 'gpp_af': 0.0252132230397813, 'gpp_b': 0.00019252941860091257, 'gpp_d': 0.30550534063586154, 'ign_k': 7.442422150037096, 'ign_c': 2.8968860128166694, 'trop_agb_crit': 1.9009662296581329, 'trop_k_veg': 3.7142591504416624, 'pop_amp': 0.2668872789805712, 'pop_peak': 0.06586628725256227, 'pop_sig': 0.43400309480431737}. Best is trial 274 with value: -0.604910391627968.
[I 2026-08-20 00:36:47,875] Trial 827 finished with value: 0.44383085586773596 and parameters: {'k1': 8.995033564558204e-05, 'D_low': 1.1694977756866778, 'k2': 0.09823998622359176, 'D_high': 8076685.537812996, 'fire_exp': 1.0765420779702617, 'P_half': 20.281779375735546, 'pre_dampen_half': 4.563224583199574, 'gpp_af': 0.00870640897851136, 'gpp_b': 1.5432685965053434e-05, 'gpp_d': 0.02958573478804795, 'ign_k': 0.0019104075027627204, 'ign_c': 2.8648449736200448, 'trop_agb_crit': 5.613699136632054, 'trop_k_veg': 2.9595488576519817, 'pop_amp': 2.123593205698453, 'pop_peak': 0.40164319966563916, 'pop_sig': 0.8228517443247584}. Best is trial 274 with value: -0.604910391627968.
[I 2026-08-20 00:36:49,678] Trial 828 finished with value: 0.5608491087518443 and parameters: {'k1': 0.0016560521361416753, 'D_low': 5355.9969833399155, 'k2': 0.014536293401160251, 'D_high': 7653815.77031881, 'fire_exp': 1.5406339571540129, 'P_half': 13.349725584821188, 'pre_dampen_half': 7.704287183662605, 'gpp_af': 0.019902290600708708, 'gpp_b': 1.1904143759404737e-05, 'gpp_d': 0.019082391125973177, 'ign_k': 0.7966436381474065, 'ign_c': 0.2900497761382579, 'trop_agb_crit': 2.0245934852194836, 'trop_k_veg': 6.023810668002348, 'pop_amp': 3.3490526588295855, 'pop_peak': 0.08272289208049946, 'pop_sig': 1.049357169488861}. Best is trial 274 with value: -0.604910391627968.
[I 2026-08-20 00:36:51,493] Trial 829 finished with value: -0.5380787396597797 and parameters: {'k1': 1.9669049135452313e-05, 'D_low': 2.1413671705455597, 'k2': 0.0024912556626345357, 'D_high': 219824.65385688873, 'fire_exp': 1.4907591350279334, 'P_half': 107.21414524205666, 'pre_dampen_half': 4.337733821570522, 'gpp_af': 0.3630650692299886, 'gpp_b': 4.75574022435116e-05, 'gpp_d': 1.745531271057235, 'ign_k': 1.3069407718025035, 'ign_c': 0.7663107508465342, 'trop_agb_crit': 2.9443032012355053, 'trop_k_veg': 2.71690730153119, 'pop_amp': 0.28368376714223303, 'pop_peak': 0.18937139253447105, 'pop_sig': 0.38761214322225984}. Best is trial 274 with value: -0.604910391627968.
[I 2026-08-20 00:36:53,334] Trial 830 finished with value: 0.5139975507040603 and parameters: {'k1': 0.0003416960454126552, 'D_low': 138.79700690676606, 'k2': 0.02733596945489412, 'D_high': 68902.98312087859, 'fire_exp': 3.159618418219764, 'P_half': 231.1834832400126, 'pre_dampen_half': 4.166101153427823, 'gpp_af': 0.002308185655480736, 'gpp_b': 7.702267117506099e-05, 'gpp_d': 2.0506113367385, 'ign_k': 4.695880194811312, 'ign_c': 0.6676111126612525, 'trop_agb_crit': 1.3117676643109686, 'trop_k_veg': 4.785639476265037, 'pop_amp': 0.8465921323565831, 'pop_peak': 1.4032354186386145, 'pop_sig': 0.7878508832021148}. Best is trial 274 with value: -0.604910391627968.
[I 2026-08-20 00:36:55,181] Trial 831 finished with value: 0.5372774830914563 and parameters: {'k1': 1.1088583360824817e-05, 'D_low': 473.95210331121905, 'k2': 0.009050787468498814, 'D_high': 21414.460270633877, 'fire_exp': 1.2986305751808578, 'P_half': 26.348406678788592, 'pre_dampen_half': 2.298669307342613, 'gpp_af': 0.003599883124528432, 'gpp_b': 0.0006772163594785615, 'gpp_d': 0.09061037262302885, 'ign_k': 4.3932445021516005, 'ign_c': 1.9656288443929053, 'trop_agb_crit': 3.3462932403858123, 'trop_k_veg': 2.8767837192480212, 'pop_amp': 1.9324349397347154, 'pop_peak': 0.14465792766112143, 'pop_sig': 0.594516157823757}. Best is trial 274 with value: -0.604910391627968.
