[I 2026-08-05 23:53:28,267] Trial 825 finished with values: [10.741333346703948, 10.741333346703948] and parameters: {'k1': 0.015602015889668856, 'D_low': 7.068974950624602, 'k2': 7.361379380357782e-05, 'D_high': 54669.374787660905, 'fire_exp': 1.151006986743773, 'P_half': 39.03214299767183, 'pre_dampen_half': 53.73093479067421, 'gpp_af': 0.00301004353953023, 'gpp_b': 0.10123867001105968, 'gpp_d': 34.37107943937136, 'ign_k': 0.01474275315991467, 'ign_c': 6.160975294741436}.
[I 2026-08-05 23:53:29,154] Trial 826 finished with values: [10.282078426769601, 10.282078426769601] and parameters: {'k1': 0.016973078532467004, 'D_low': 7.068974950624602, 'k2': 0.00038791280730284417, 'D_high': 6455.595882939566, 'fire_exp': 1.0559384059137513, 'P_half': 5.342106255632175, 'pre_dampen_half': 111.37963167994629, 'gpp_af': 29.925002022877802, 'gpp_b': 0.10123867001105968, 'gpp_d': 5.878566318396007, 'ign_k': 5.294132201721568, 'ign_c': 1.0939944910100017}.
[I 2026-08-05 23:53:30,089] Trial 827 finished with values: [10.767775487345371, 10.767775487345371] and parameters: {'k1': 0.00369731116092524, 'D_low': 2.458603276328005, 'k2': 0.002681489769414653, 'D_high': 1537.4098204111451, 'fire_exp': 1.151006986743773, 'P_half': 12.808863354047988, 'pre_dampen_half': 0.14445596525544369, 'gpp_af': 35.20481045526041, 'gpp_b': 0.7987896438549947, 'gpp_d': 4.5768578731086835, 'ign_k': 5.9736167866478125, 'ign_c': 1.0939944910100017}.
[I 2026-08-05 23:53:31,034] Trial 828 finished with values: [-0.5746090017435808, 0.07344641541387442] and parameters: {'k1': 0.016973078532467004, 'D_low': 4.051452710153359, 'k2': 0.0007081721844034209, 'D_high': 85018.70149611714, 'fire_exp': 1.2943117749495199, 'P_half': 12.808863354047988, 'pre_dampen_half': 703.6426675556048, 'gpp_af': 35.20481045526041, 'gpp_b': 0.7987896438549947, 'gpp_d': 4.5768578731086835, 'ign_k': 5.9736167866478125, 'ign_c': 0.11433485956638717}.
[I 2026-08-05 23:53:32,014] Trial 829 finished with values: [10.760622148826563, 10.760622148826563] and parameters: {'k1': 0.016973078532467004, 'D_low': 2.458603276328005, 'k2': 0.0005262881356087174, 'D_high': 85018.70149611714, 'fire_exp': 1.151006986743773, 'P_half': 12.808863354047988, 'pre_dampen_half': 703.6426675556048, 'gpp_af': 35.20481045526041, 'gpp_b': 0.7987896438549947, 'gpp_d': 0.9005959291141283, 'ign_k': 5.9736167866478125, 'ign_c': 23.872908899163228}.
[I 2026-08-05 23:53:32,936] Trial 830 finished with values: [-0.4734358343946795, 0.17196518929655835] and parameters: {'k1': 0.0009706606756877609, 'D_low': 125.32726386250698, 'k2': 0.08935977793528184, 'D_high': 6366.1449945522045, 'fire_exp': 1.182396148413737, 'P_half': 39.03214299767183, 'pre_dampen_half': 111.37963167994629, 'gpp_af': 11.234842109991876, 'gpp_b': 1.5938003265859821, 'gpp_d': 857.4284557962634, 'ign_k': 0.0035136541394511, 'ign_c': 3.0378658251922155}.
[I 2026-08-05 23:53:33,870] Trial 831 finished with values: [10.055319181234516, 10.055319181234516] and parameters: {'k1': 0.03232155805617897, 'D_low': 2.458603276328005, 'k2': 0.0007081721844034209, 'D_high': 85018.70149611714, 'fire_exp': 1.151006986743773, 'P_half': 12.808863354047988, 'pre_dampen_half': 36.876350096203005, 'gpp_af': 2.990355148608495, 'gpp_b': 0.10123867001105968, 'gpp_d': 4.5768578731086835, 'ign_k': 0.4702627143647234, 'ign_c': 4.142619760188259}.
[I 2026-08-05 23:53:34,780] Trial 832 finished with values: [10.147533569487603, 10.147533569487603] and parameters: {'k1': 0.03232155805617897, 'D_low': 29.89885508829526, 'k2': 0.0499774937030317, 'D_high': 6455.595882939566, 'fire_exp': 1.811096651915224, 'P_half': 10.226988730324324, 'pre_dampen_half': 36.876350096203005, 'gpp_af': 29.925002022877802, 'gpp_b': 0.7987896438549947, 'gpp_d': 368.30088529547436, 'ign_k': 0.01474275315991467, 'ign_c': 6.160975294741436}.
[I 2026-08-05 23:53:35,677] Trial 833 finished with values: [-0.5683099735778423, 0.10915671075819655] and parameters: {'k1': 0.002971796631657383, 'D_low': 7.068974950624602, 'k2': 1.3229646467088637e-05, 'D_high': 6455.595882939566, 'fire_exp': 1.3614924220931135, 'P_half': 5.342106255632175, 'pre_dampen_half': 111.37963167994629, 'gpp_af': 29.925002022877802, 'gpp_b': 0.011750724729953272, 'gpp_d': 5.878566318396007, 'ign_k': 5.294132201721568, 'ign_c': 0.11433485956638717}.
[I 2026-08-05 23:53:36,599] Trial 834 finished with values: [10.78889311329, 10.78889311329] and parameters: {'k1': 0.04897760278488444, 'D_low': 2.458603276328005, 'k2': 0.00038791280730284417, 'D_high': 85018.70149611714, 'fire_exp': 1.2943117749495199, 'P_half': 12.808863354047988, 'pre_dampen_half': 703.6426675556048, 'gpp_af': 35.20481045526041, 'gpp_b': 0.10123867001105968, 'gpp_d': 4.5768578731086835, 'ign_k': 0.0013376564232104107, 'ign_c': 0.11433485956638717}.
[I 2026-08-05 23:53:37,481] Trial 835 finished with values: [10.769230768838547, 10.769230768838547] and parameters: {'k1': 0.03232155805617897, 'D_low': 4.051452710153359, 'k2': 0.0007081721844034209, 'D_high': 6455.595882939566, 'fire_exp': 1.5201277403788451, 'P_half': 39.03214299767183, 'pre_dampen_half': 703.6426675556048, 'gpp_af': 29.925002022877802, 'gpp_b': 0.0037084949295141927, 'gpp_d': 34.37107943937136, 'ign_k': 0.4702627143647234, 'ign_c': 74.19780584302272}.
[I 2026-08-05 23:53:38,389] Trial 836 finished with values: [10.482576348080638, 10.482576348080638] and parameters: {'k1': 0.016973078532467004, 'D_low': 2.458603276328005, 'k2': 0.0007081721844034209, 'D_high': 85018.70149611714, 'fire_exp': 1.151006986743773, 'P_half': 12.808863354047988, 'pre_dampen_half': 703.6426675556048, 'gpp_af': 35.20481045526041, 'gpp_b': 0.1427634083968456, 'gpp_d': 4.5768578731086835, 'ign_k': 5.9736167866478125, 'ign_c': 0.11433485956638717}.
[I 2026-08-05 23:53:39,326] Trial 837 finished with values: [-0.578353503175071, 0.09020989959667503] and parameters: {'k1': 0.016973078532467004, 'D_low': 2.458603276328005, 'k2': 0.0007081721844034209, 'D_high': 85018.70149611714, 'fire_exp': 1.151006986743773, 'P_half': 12.808863354047988, 'pre_dampen_half': 703.6426675556048, 'gpp_af': 35.20481045526041, 'gpp_b': 0.7987896438549947, 'gpp_d': 4.5768578731086835, 'ign_k': 5.9736167866478125, 'ign_c': 0.11433485956638717}.
[I 2026-08-05 23:53:40,491] Trial 838 finished with values: [10.491932008507773, 10.491932008507773] and parameters: {'k1': 0.03232155805617897, 'D_low': 2.458603276328005, 'k2': 0.0007081721844034209, 'D_high': 85018.70149611714, 'fire_exp': 1.1044852285094786, 'P_half': 39.03214299767183, 'pre_dampen_half': 703.6426675556048, 'gpp_af': 35.20481045526041, 'gpp_b': 8.86208604060461, 'gpp_d': 4.5768578731086835, 'ign_k': 0.4702627143647234, 'ign_c': 0.32627001117104587}.
[I 2026-08-05 23:53:41,413] Trial 839 finished with values: [10.768825697222582, 10.768825697222582] and parameters: {'k1': 0.03232155805617897, 'D_low': 29.89885508829526, 'k2': 0.0499774937030317, 'D_high': 55772.84121799238, 'fire_exp': 1.5201277403788451, 'P_half': 39.03214299767183, 'pre_dampen_half': 0.03315494004644148, 'gpp_af': 35.20481045526041, 'gpp_b': 1.722111409234053e-05, 'gpp_d': 4.5768578731086835, 'ign_k': 5.9736167866478125, 'ign_c': 0.11433485956638717}.
[I 2026-08-05 23:53:42,376] Trial 840 finished with values: [-0.578353503175071, 0.09020989959667503] and parameters: {'k1': 0.016973078532467004, 'D_low': 2.458603276328005, 'k2': 0.0007081721844034209, 'D_high': 85018.70149611714, 'fire_exp': 1.151006986743773, 'P_half': 12.808863354047988, 'pre_dampen_half': 703.6426675556048, 'gpp_af': 35.20481045526041, 'gpp_b': 0.7987896438549947, 'gpp_d': 4.5768578731086835, 'ign_k': 5.9736167866478125, 'ign_c': 0.11433485956638717}.
[I 2026-08-05 23:53:43,316] Trial 841 finished with values: [10.111365618128158, 10.111365618128158] and parameters: {'k1': 0.016973078532467004, 'D_low': 2.458603276328005, 'k2': 0.034987345440353576, 'D_high': 85018.70149611714, 'fire_exp': 1.3239942327296237, 'P_half': 5.342106255632175, 'pre_dampen_half': 88.81627111957808, 'gpp_af': 35.20481045526041, 'gpp_b': 0.7987896438549947, 'gpp_d': 4.5768578731086835, 'ign_k': 5.9736167866478125, 'ign_c': 0.11433485956638717}.
[I 2026-08-05 23:53:44,242] Trial 842 finished with values: [-0.5788403931809613, 0.09071173724188575] and parameters: {'k1': 0.03232155805617897, 'D_low': 4.051452710153359, 'k2': 0.0499774937030317, 'D_high': 6455.595882939566, 'fire_exp': 1.010722707674549, 'P_half': 12.808863354047988, 'pre_dampen_half': 111.37963167994629, 'gpp_af': 35.20481045526041, 'gpp_b': 0.7987896438549947, 'gpp_d': 4.5768578731086835, 'ign_k': 5.9736167866478125, 'ign_c': 0.17036120617148395}.
[I 2026-08-05 23:53:45,205] Trial 843 finished with values: [10.018171429113249, 10.018171429113249] and parameters: {'k1': 0.016973078532467004, 'D_low': 158.82035726402376, 'k2': 0.034987345440353576, 'D_high': 85018.70149611714, 'fire_exp': 1.151006986743773, 'P_half': 12.808863354047988, 'pre_dampen_half': 703.6426675556048, 'gpp_af': 35.20481045526041, 'gpp_b': 0.22183644799066013, 'gpp_d': 4.5768578731086835, 'ign_k': 5.9736167866478125, 'ign_c': 0.11433485956638717}.
[I 2026-08-05 23:53:46,188] Trial 844 finished with values: [10.361545596767169, 10.361545596767169] and parameters: {'k1': 0.0029707920514735983, 'D_low': 125.32726386250698, 'k2': 0.00038791280730284417, 'D_high': 233.52156626184438, 'fire_exp': 1.0473002272689056, 'P_half': 39.03214299767183, 'pre_dampen_half': 33.9790424311127, 'gpp_af': 35.20481045526041, 'gpp_b': 0.10123867001105968, 'gpp_d': 7.797126586048889, 'ign_k': 4.006890332238651, 'ign_c': 1.0939944910100017}.
[I 2026-08-05 23:53:47,170] Trial 845 finished with values: [10.386173964909842, 10.386173964909842] and parameters: {'k1': 0.0005486676498816061, 'D_low': 12.492307509390828, 'k2': 2.678690610097712e-05, 'D_high': 6455.595882939566, 'fire_exp': 1.151006986743773, 'P_half': 12.808863354047988, 'pre_dampen_half': 36.876350096203005, 'gpp_af': 35.20481045526041, 'gpp_b': 0.7987896438549947, 'gpp_d': 19.65797948502804, 'ign_k': 0.01474275315991467, 'ign_c': 6.160975294741436}.
[I 2026-08-05 23:53:48,124] Trial 846 finished with values: [13.148229092343776, 13.148229092343776] and parameters: {'k1': 0.016973078532467004, 'D_low': 158.82035726402376, 'k2': 0.0499774937030317, 'D_high': 85018.70149611714, 'fire_exp': 1.5201277403788451, 'P_half': 12.808863354047988, 'pre_dampen_half': 703.6426675556048, 'gpp_af': 11.234842109991876, 'gpp_b': 2.995823436300149e-05, 'gpp_d': 34.37107943937136, 'ign_k': 5.9736167866478125, 'ign_c': 0.22010656610055812}.
[I 2026-08-05 23:53:49,036] Trial 847 finished with values: [10.722155210968047, 10.722155210968047] and parameters: {'k1': 0.03232155805617897, 'D_low': 31.117676855667376, 'k2': 0.00038791280730284417, 'D_high': 6455.595882939566, 'fire_exp': 1.5201277403788451, 'P_half': 3773.6663450054607, 'pre_dampen_half': 703.6426675556048, 'gpp_af': 11.234842109991876, 'gpp_b': 0.10123867001105968, 'gpp_d': 34.37107943937136, 'ign_k': 0.4702627143647234, 'ign_c': 14.810800730363484}.
[I 2026-08-05 23:53:49,969] Trial 848 finished with values: [10.074967064447387, 10.074967064447387] and parameters: {'k1': 0.006697348618512094, 'D_low': 2.458603276328005, 'k2': 0.00038791280730284417, 'D_high': 85018.70149611714, 'fire_exp': 1.5554903627343437, 'P_half': 12.808863354047988, 'pre_dampen_half': 703.6426675556048, 'gpp_af': 35.20481045526041, 'gpp_b': 0.7987896438549947, 'gpp_d': 4.5768578731086835, 'ign_k': 5.9736167866478125, 'ign_c': 0.11433485956638717}.
[I 2026-08-05 23:53:50,872] Trial 849 finished with values: [13.116846077477577, 13.116846077477577] and parameters: {'k1': 0.006697348618512094, 'D_low': 2.458603276328005, 'k2': 0.0007081721844034209, 'D_high': 85018.70149611714, 'fire_exp': 1.0473002272689056, 'P_half': 12.808863354047988, 'pre_dampen_half': 703.6426675556048, 'gpp_af': 35.20481045526041, 'gpp_b': 0.0008714237109972738, 'gpp_d': 4.5768578731086835, 'ign_k': 0.008065394391537665, 'ign_c': 0.11433485956638717}.
[I 2026-08-05 23:53:51,784] Trial 850 finished with values: [-0.578353503175071, 0.09020989959667503] and parameters: {'k1': 0.016973078532467004, 'D_low': 2.458603276328005, 'k2': 0.0007081721844034209, 'D_high': 85018.70149611714, 'fire_exp': 1.151006986743773, 'P_half': 12.808863354047988, 'pre_dampen_half': 703.6426675556048, 'gpp_af': 35.20481045526041, 'gpp_b': 0.7987896438549947, 'gpp_d': 4.5768578731086835, 'ign_k': 5.9736167866478125, 'ign_c': 0.11433485956638717}.
[I 2026-08-05 23:53:52,667] Trial 851 finished with values: [-0.5245469959261778, 0.11289773344278597] and parameters: {'k1': 0.0029707920514735983, 'D_low': 125.32726386250698, 'k2': 2.5461628161276896e-05, 'D_high': 263.0178499745551, 'fire_exp': 1.182396148413737, 'P_half': 24.136213194527585, 'pre_dampen_half': 36.876350096203005, 'gpp_af': 35.20481045526041, 'gpp_b': 0.10123867001105968, 'gpp_d': 857.4284557962634, 'ign_k': 5.9736167866478125, 'ign_c': 0.11433485956638717}.
[I 2026-08-05 23:53:53,567] Trial 852 finished with values: [-0.5745617956861759, 0.07376514789687882] and parameters: {'k1': 0.016973078532467004, 'D_low': 2.458603276328005, 'k2': 0.0007081721844034209, 'D_high': 85018.70149611714, 'fire_exp': 1.2943117749495199, 'P_half': 12.808863354047988, 'pre_dampen_half': 703.6426675556048, 'gpp_af': 35.20481045526041, 'gpp_b': 0.7987896438549947, 'gpp_d': 4.5768578731086835, 'ign_k': 5.9736167866478125, 'ign_c': 0.11433485956638717}.
[I 2026-08-05 23:53:54,520] Trial 853 finished with values: [10.430627482847857, 10.430627482847857] and parameters: {'k1': 0.03232155805617897, 'D_low': 158.82035726402376, 'k2': 0.0499774937030317, 'D_high': 85018.70149611714, 'fire_exp': 1.151006986743773, 'P_half': 39.03214299767183, 'pre_dampen_half': 703.6426675556048, 'gpp_af': 11.234842109991876, 'gpp_b': 0.10123867001105968, 'gpp_d': 4.5768578731086835, 'ign_k': 0.4702627143647234, 'ign_c': 0.11433485956638717}.
[I 2026-08-05 23:53:55,409] Trial 854 finished with values: [10.539121580319932, 10.539121580319932] and parameters: {'k1': 0.0029707920514735983, 'D_low': 29.89885508829526, 'k2': 2.5461628161276896e-05, 'D_high': 233.52156626184438, 'fire_exp': 1.182396148413737, 'P_half': 39.03214299767183, 'pre_dampen_half': 33.9790424311127, 'gpp_af': 35.20481045526041, 'gpp_b': 1.722111409234053e-05, 'gpp_d': 4.5768578731086835, 'ign_k': 0.4702627143647234, 'ign_c': 14.810800730363484}.
[I 2026-08-05 23:53:56,310] Trial 855 finished with values: [10.736726161326974, 10.736726161326974] and parameters: {'k1': 0.03232155805617897, 'D_low': 4.051452710153359, 'k2': 0.0499774937030317, 'D_high': 6455.595882939566, 'fire_exp': 1.2943117749495199, 'P_half': 39.03214299767183, 'pre_dampen_half': 111.37963167994629, 'gpp_af': 0.002223920272450794, 'gpp_b': 0.10123867001105968, 'gpp_d': 368.30088529547436, 'ign_k': 0.4702627143647234, 'ign_c': 0.11433485956638717}.
[I 2026-08-05 23:53:57,215] Trial 856 finished with values: [-0.578353503175071, 0.09020989959667503] and parameters: {'k1': 0.016973078532467004, 'D_low': 2.458603276328005, 'k2': 0.0007081721844034209, 'D_high': 85018.70149611714, 'fire_exp': 1.151006986743773, 'P_half': 12.808863354047988, 'pre_dampen_half': 703.6426675556048, 'gpp_af': 35.20481045526041, 'gpp_b': 0.7987896438549947, 'gpp_d': 4.5768578731086835, 'ign_k': 5.9736167866478125, 'ign_c': 0.11433485956638717}.
[I 2026-08-05 23:53:58,104] Trial 857 finished with values: [10.689693092725065, 10.689693092725065] and parameters: {'k1': 0.0011918981992518336, 'D_low': 4.051452710153359, 'k2': 0.00038791280730284417, 'D_high': 85018.70149611714, 'fire_exp': 1.0473002272689056, 'P_half': 12.808863354047988, 'pre_dampen_half': 703.6426675556048, 'gpp_af': 0.002178024787135677, 'gpp_b': 0.10123867001105968, 'gpp_d': 100.41128827692584, 'ign_k': 0.4702627143647234, 'ign_c': 0.11433485956638717}.
[I 2026-08-05 23:53:59,060] Trial 858 finished with values: [10.100109636564294, 10.100109636564294] and parameters: {'k1': 0.016973078532467004, 'D_low': 2.458603276328005, 'k2': 0.0007081721844034209, 'D_high': 7744.80118512745, 'fire_exp': 1.182396148413737, 'P_half': 24.136213194527585, 'pre_dampen_half': 33.9790424311127, 'gpp_af': 35.20481045526041, 'gpp_b': 0.7987896438549947, 'gpp_d': 857.4284557962634, 'ign_k': 0.10712009151798696, 'ign_c': 8.671454322584175}.
[I 2026-08-05 23:54:00,017] Trial 859 finished with values: [-0.578353503175071, 0.09020989959667503] and parameters: {'k1': 0.016973078532467004, 'D_low': 2.458603276328005, 'k2': 0.0007081721844034209, 'D_high': 85018.70149611714, 'fire_exp': 1.151006986743773, 'P_half': 12.808863354047988, 'pre_dampen_half': 703.6426675556048, 'gpp_af': 35.20481045526041, 'gpp_b': 0.7987896438549947, 'gpp_d': 4.5768578731086835, 'ign_k': 5.9736167866478125, 'ign_c': 0.11433485956638717}.
[I 2026-08-05 23:54:01,209] Trial 860 finished with values: [-0.578353503175071, 0.09020989959667503] and parameters: {'k1': 0.016973078532467004, 'D_low': 2.458603276328005, 'k2': 0.0007081721844034209, 'D_high': 85018.70149611714, 'fire_exp': 1.151006986743773, 'P_half': 12.808863354047988, 'pre_dampen_half': 703.6426675556048, 'gpp_af': 35.20481045526041, 'gpp_b': 0.7987896438549947, 'gpp_d': 4.5768578731086835, 'ign_k': 5.9736167866478125, 'ign_c': 0.11433485956638717}.
[I 2026-08-05 23:54:02,117] Trial 861 finished with values: [-0.5761752901965229, 0.09549273832028815] and parameters: {'k1': 0.002971796631657383, 'D_low': 2.458603276328005, 'k2': 0.0007081721844034209, 'D_high': 85018.70149611714, 'fire_exp': 1.3239942327296237, 'P_half': 39.03214299767183, 'pre_dampen_half': 88.81627111957808, 'gpp_af': 35.20481045526041, 'gpp_b': 0.7987896438549947, 'gpp_d': 19.65797948502804, 'ign_k': 5.294132201721568, 'ign_c': 0.11433485956638717}.
[I 2026-08-05 23:54:03,036] Trial 862 finished with values: [10.210685276975516, 10.210685276975516] and parameters: {'k1': 0.003889545503367576, 'D_low': 2.458603276328005, 'k2': 0.0007081721844034209, 'D_high': 39095.08806930525, 'fire_exp': 1.7128214059652005, 'P_half': 12.808863354047988, 'pre_dampen_half': 703.6426675556048, 'gpp_af': 35.20481045526041, 'gpp_b': 0.7987896438549947, 'gpp_d': 4.5768578731086835, 'ign_k': 5.9736167866478125, 'ign_c': 0.11433485956638717}.
[I 2026-08-05 23:54:03,939] Trial 863 finished with values: [-0.45995239021553463, 0.08540391044594564] and parameters: {'k1': 0.006697348618512094, 'D_low': 74.92772870670282, 'k2': 0.00038791280730284417, 'D_high': 949.9072859745386, 'fire_exp': 1.0473002272689056, 'P_half': 39.03214299767183, 'pre_dampen_half': 53.73093479067421, 'gpp_af': 35.20481045526041, 'gpp_b': 0.10123867001105968, 'gpp_d': 4.5768578731086835, 'ign_k': 0.0013376564232104107, 'ign_c': 14.810800730363484}.
[I 2026-08-05 23:54:04,831] Trial 864 finished with values: [10.428512870962804, 10.428512870962804] and parameters: {'k1': 0.008956420301712053, 'D_low': 2.458603276328005, 'k2': 2.5461628161276896e-05, 'D_high': 1445.5983984872983, 'fire_exp': 1.151006986743773, 'P_half': 2.4106893837852787, 'pre_dampen_half': 748.1106041623153, 'gpp_af': 29.925002022877802, 'gpp_b': 1.9075438289444453, 'gpp_d': 4.5768578731086835, 'ign_k': 5.9736167866478125, 'ign_c': 2.4287565087611744}.
[I 2026-08-05 23:54:05,754] Trial 865 finished with values: [10.366781191254418, 10.366781191254418] and parameters: {'k1': 0.03232155805617897, 'D_low': 29.89885508829526, 'k2': 0.0499774937030317, 'D_high': 6455.595882939566, 'fire_exp': 1.5201277403788451, 'P_half': 39.03214299767183, 'pre_dampen_half': 111.37963167994629, 'gpp_af': 11.234842109991876, 'gpp_b': 1.5938003265859821, 'gpp_d': 4.5768578731086835, 'ign_k': 0.4702627143647234, 'ign_c': 0.11433485956638717}.
[I 2026-08-05 23:54:06,657] Trial 866 finished with values: [11.136416700016001, 11.136416700016001] and parameters: {'k1': 0.04897760278488444, 'D_low': 2.458603276328005, 'k2': 0.0007081721844034209, 'D_high': 85018.70149611714, 'fire_exp': 1.5201277403788451, 'P_half': 12.808863354047988, 'pre_dampen_half': 703.6426675556048, 'gpp_af': 35.20481045526041, 'gpp_b': 0.08040151168202724, 'gpp_d': 34.37107943937136, 'ign_k': 0.4702627143647234, 'ign_c': 6.160975294741436}.
[I 2026-08-05 23:54:07,537] Trial 867 finished with values: [11.699860091185084, 11.699860091185084] and parameters: {'k1': 0.016973078532467004, 'D_low': 4.051452710153359, 'k2': 0.0007081721844034209, 'D_high': 75773.14388518519, 'fire_exp': 1.151006986743773, 'P_half': 2.4106893837852787, 'pre_dampen_half': 703.6426675556048, 'gpp_af': 35.20481045526041, 'gpp_b': 0.7987896438549947, 'gpp_d': 34.37107943937136, 'ign_k': 5.9736167866478125, 'ign_c': 0.17036120617148395}.
[I 2026-08-05 23:54:08,425] Trial 868 finished with values: [-0.538582051345686, 0.13175562571047683] and parameters: {'k1': 0.016973078532467004, 'D_low': 2.458603276328005, 'k2': 0.0007081721844034209, 'D_high': 85018.70149611714, 'fire_exp': 1.151006986743773, 'P_half': 12.808863354047988, 'pre_dampen_half': 703.6426675556048, 'gpp_af': 35.20481045526041, 'gpp_b': 0.7987896438549947, 'gpp_d': 4.5768578731086835, 'ign_k': 0.01474275315991467, 'ign_c': 6.160975294741436}.
[I 2026-08-05 23:54:09,319] Trial 869 finished with values: [-0.5746090017435808, 0.07344641541387442] and parameters: {'k1': 0.016973078532467004, 'D_low': 4.051452710153359, 'k2': 0.0007081721844034209, 'D_high': 85018.70149611714, 'fire_exp': 1.2943117749495199, 'P_half': 12.808863354047988, 'pre_dampen_half': 703.6426675556048, 'gpp_af': 35.20481045526041, 'gpp_b': 0.7987896438549947, 'gpp_d': 4.5768578731086835, 'ign_k': 5.9736167866478125, 'ign_c': 0.11433485956638717}.
