[I 2026-08-14 14:09:38,196] Trial 318 finished with values: [-0.35833160022194893, 0.0] and parameters: {'k1': 0.0010204225357677778, 'D_low': 9.222492453004657, 'k2': 0.00010939944910100016, 'D_high': 160625.60954780428, 'fire_exp': 4.487053621524983, 'P_half': 1212.4080603355412, 'pre_dampen_half': 0.03411860497758073, 'gpp_af': 0.008983355849178878, 'gpp_b': 0.23395511097933275, 'gpp_d': 2.292633983096564, 'ign_k': 0.39676339357448603, 'ign_c': 3.0378658251922155, 'trop_agb_crit': 2.3118820898020997, 'trop_k_veg': 3.715819581962784, 'fuel_k': 5.486054129200969, 'fuel_half': 8.115041565366717}.
[I 2026-08-14 14:09:39,271] Trial 319 finished with values: [-0.3554625854118624, 0.0] and parameters: {'k1': 0.0003713474360443033, 'D_low': 1.7887890916820506, 'k2': 0.0004673518999562748, 'D_high': 1826.6972566585878, 'fire_exp': 1.6214575867079866, 'P_half': 669.7348618512094, 'pre_dampen_half': 54.70750401264757, 'gpp_af': 0.326288637536534, 'gpp_b': 1.6569065206637924e-05, 'gpp_d': 32.741215209888836, 'ign_k': 0.034321391362415854, 'ign_c': 771.13129913311, 'trop_agb_crit': 13.98132484257899, 'trop_k_veg': 2.4516474838484386, 'fuel_k': 0.3176626387065175, 'fuel_half': 65.99277195883643}.
[I 2026-08-14 14:09:40,411] Trial 320 finished with values: [-0.3554625854118624, 0.0] and parameters: {'k1': 0.0015736446109772138, 'D_low': 367.4904945305323, 'k2': 1.4363112408604443e-05, 'D_high': 478.193184148526, 'fire_exp': 1.6733848721157607, 'P_half': 48.464976792190825, 'pre_dampen_half': 0.014385690886336346, 'gpp_af': 42.29037995744429, 'gpp_b': 6.049505313715197, 'gpp_d': 0.173242701549491, 'ign_k': 5.557109890966287, 'ign_c': 105.24574681335613, 'trop_agb_crit': 2.1775224101934065, 'trop_k_veg': 3.0284647013370933, 'fuel_k': 0.8380096183572122, 'fuel_half': 35.2847426865637}.
[I 2026-08-14 14:09:41,516] Trial 321 finished with values: [-0.4198395968107693, 0.0014236429783801574] and parameters: {'k1': 0.0029707920514735983, 'D_low': 4.043300846639722, 'k2': 2.1698375693549493e-05, 'D_high': 160625.60954780428, 'fire_exp': 1.182396148413737, 'P_half': 1938.3858782150498, 'pre_dampen_half': 0.0195172246414495, 'gpp_af': 0.0025511964576171086, 'gpp_b': 3.228689523591491e-05, 'gpp_d': 857.4284557962634, 'ign_k': 0.03141110271934876, 'ign_c': 3.0378658251922155, 'trop_agb_crit': 2.3118820898020997, 'trop_k_veg': 6.911478238001162, 'fuel_k': 0.06382243375381637, 'fuel_half': 0.14319038307687884}.
[I 2026-08-14 14:09:42,680] Trial 322 finished with values: [-0.4195831092806799, 0.010318927856953097] and parameters: {'k1': 1.7926680648388784e-05, 'D_low': 70586.60227368641, 'k2': 0.0034167643418329683, 'D_high': 1693415.5410667954, 'fire_exp': 1.182396148413737, 'P_half': 1938.3858782150498, 'pre_dampen_half': 33.9790424311127, 'gpp_af': 0.0025511964576171086, 'gpp_b': 3.228689523591491e-05, 'gpp_d': 857.4284557962634, 'ign_k': 0.018707420137660268, 'ign_c': 107.49405395173389, 'trop_agb_crit': 16.86264052240002, 'trop_k_veg': 0.6898193780989617, 'fuel_k': 0.02214708063365415, 'fuel_half': 18.202647368248826}.
[I 2026-08-14 14:09:43,772] Trial 323 finished with values: [-0.4058670049381744, 0.011139703956057567] and parameters: {'k1': 1.0477226564098276e-05, 'D_low': 9.497440085397416, 'k2': 0.0005708731724249573, 'D_high': 38111.59226078823, 'fire_exp': 1.6214575867079866, 'P_half': 220.3445560633069, 'pre_dampen_half': 3.659675301686169, 'gpp_af': 0.0023751383317256927, 'gpp_b': 0.0021331409710300844, 'gpp_d': 16.460426816350523, 'ign_k': 0.0680787482656459, 'ign_c': 15.221840161091626, 'trop_agb_crit': 2.3118820898020997, 'trop_k_veg': 2.242620244133255, 'fuel_k': 1.6630228777630973, 'fuel_half': 13.402368611128821}.
[I 2026-08-14 14:09:44,864] Trial 324 finished with values: [-0.4140207600381916, 3.0660306158392103e-06] and parameters: {'k1': 0.0012329098365270509, 'D_low': 367.4904945305323, 'k2': 1.263794633808287e-05, 'D_high': 44.39648242927527, 'fire_exp': 1.075051292556307, 'P_half': 351.2704726270846, 'pre_dampen_half': 0.37306104754535907, 'gpp_af': 0.34902252478382495, 'gpp_b': 2.788681037423117, 'gpp_d': 0.17638479543546878, 'ign_k': 0.04380580767905655, 'ign_c': 105.24574681335613, 'trop_agb_crit': 2.1775224101934065, 'trop_k_veg': 0.6189606672462583, 'fuel_k': 0.06382243375381637, 'fuel_half': 0.30455368715396786}.
[I 2026-08-14 14:09:45,988] Trial 325 finished with values: [-0.3554625854118624, 0.0] and parameters: {'k1': 0.0015736446109772138, 'D_low': 126.11058927054879, 'k2': 1.3243445838637965e-05, 'D_high': 1681956.433827372, 'fire_exp': 6.64661557126371, 'P_half': 1.7036120617148391, 'pre_dampen_half': 1.113448236012804, 'gpp_af': 1.1444682032324747, 'gpp_b': 0.6992636148959319, 'gpp_d': 700.6693992445935, 'ign_k': 0.31014294272127446, 'ign_c': 107.49405395173389, 'trop_agb_crit': 1.0501731925367062, 'trop_k_veg': 2.1816482703680733, 'fuel_k': 0.3176626387065175, 'fuel_half': 0.13249100882689224}.
[I 2026-08-14 14:09:47,112] Trial 326 finished with values: [-0.38454526271559614, 0.0014974759756931633] and parameters: {'k1': 0.0010204225357677778, 'D_low': 4.043300846639722, 'k2': 0.00010939944910100016, 'D_high': 160625.60954780428, 'fire_exp': 1.182396148413737, 'P_half': 1212.4080603355412, 'pre_dampen_half': 37.19072637334467, 'gpp_af': 0.008983355849178878, 'gpp_b': 0.646202298465551, 'gpp_d': 32.741215209888836, 'ign_k': 0.18170401889219123, 'ign_c': 3.0378658251922155, 'trop_agb_crit': 2.3118820898020997, 'trop_k_veg': 4.844706510617515, 'fuel_k': 0.24067532026281035, 'fuel_half': 2.100333410321807}.
[I 2026-08-14 14:09:48,329] Trial 327 finished with values: [-0.4457115072596885, 0.002398066240170471] and parameters: {'k1': 0.05554169083020911, 'D_low': 3735.16768760467, 'k2': 1.854837679096716e-05, 'D_high': 316055.11434645514, 'fire_exp': 1.6214575867079866, 'P_half': 351.2704726270846, 'pre_dampen_half': 0.03411860497758073, 'gpp_af': 0.34902252478382495, 'gpp_b': 0.03103333227753725, 'gpp_d': 3.0023172465753074, 'ign_k': 0.567034633562729, 'ign_c': 0.3296550135838091, 'trop_agb_crit': 2.3118820898020997, 'trop_k_veg': 1.128469461526162, 'fuel_k': 1.772261104101594, 'fuel_half': 0.30455368715396786}.
[I 2026-08-14 14:09:49,622] Trial 328 finished with values: [-0.42056891565921417, 0.0037475697639519634] and parameters: {'k1': 0.0006075902911081375, 'D_low': 367.4904945305323, 'k2': 1.854837679096716e-05, 'D_high': 478.193184148526, 'fire_exp': 1.075051292556307, 'P_half': 3910.3637457741784, 'pre_dampen_half': 0.10609580257119508, 'gpp_af': 0.049802479194577566, 'gpp_b': 1.6569065206637924e-05, 'gpp_d': 0.2334174560017147, 'ign_k': 0.4515279736389136, 'ign_c': 0.18316165443932733, 'trop_agb_crit': 12.080858995895042, 'trop_k_veg': 1.7570501127699654, 'fuel_k': 0.28630931797361614, 'fuel_half': 0.6120573715537153}.
[I 2026-08-14 14:09:50,807] Trial 329 finished with values: [-0.40904630680309834, 7.475836386994228e-05] and parameters: {'k1': 5.325873749322162e-05, 'D_low': 1.7286734109794883, 'k2': 1.4363112408604443e-05, 'D_high': 2541.6076006960125, 'fire_exp': 1.075051292556307, 'P_half': 894.5150807271528, 'pre_dampen_half': 0.05844629901057142, 'gpp_af': 0.03934396739328546, 'gpp_b': 1.1728753685919104, 'gpp_d': 11.40961991569626, 'ign_k': 1.8108143621079664, 'ign_c': 1.3409701145872435, 'trop_agb_crit': 2.1775224101934065, 'trop_k_veg': 0.8934118487032162, 'fuel_k': 0.5588539902953054, 'fuel_half': 0.30455368715396786}.
[I 2026-08-14 14:09:52,336] Trial 330 finished with values: [-0.3692535281671333, 4.724587021609494e-08] and parameters: {'k1': 0.00014879588507789985, 'D_low': 77437.38566267729, 'k2': 0.0009670857606743155, 'D_high': 71534.52030884045, 'fire_exp': 2.878298002135838, 'P_half': 228.9131530683704, 'pre_dampen_half': 0.03411860497758073, 'gpp_af': 0.15394819813084212, 'gpp_b': 0.0021331409710300844, 'gpp_d': 290.642121800538, 'ign_k': 0.0680787482656459, 'ign_c': 0.7464754881442118, 'trop_agb_crit': 3.8524922362032497, 'trop_k_veg': 1.4327328555223249, 'fuel_k': 4.680936683972861, 'fuel_half': 52.00581729114123}.
[I 2026-08-14 14:09:53,593] Trial 331 finished with values: [-0.3554625854118624, 0.0] and parameters: {'k1': 0.006551173063184816, 'D_low': 3735.16768760467, 'k2': 0.0009670857606743155, 'D_high': 12.22553839755208, 'fire_exp': 1.6733848721157607, 'P_half': 2.0915073038472545, 'pre_dampen_half': 0.10609580257119508, 'gpp_af': 0.15394819813084212, 'gpp_b': 2.3382984208508275, 'gpp_d': 0.9576572359933988, 'ign_k': 0.1550134937334847, 'ign_c': 105.24574681335613, 'trop_agb_crit': 3.8524922362032497, 'trop_k_veg': 2.8056728593013704, 'fuel_k': 0.28630931797361614, 'fuel_half': 3.7093134348291836}.
[I 2026-08-14 14:09:54,870] Trial 332 finished with values: [-0.4451941279071616, 0.09932945851953756] and parameters: {'k1': 0.000132965214572995, 'D_low': 1803.7506431281838, 'k2': 1.263794633808287e-05, 'D_high': 316055.11434645514, 'fire_exp': 1.182396148413737, 'P_half': 3910.3637457741784, 'pre_dampen_half': 233.2883871089531, 'gpp_af': 0.34902252478382495, 'gpp_b': 0.002407352334224724, 'gpp_d': 27.50607428241511, 'ign_k': 0.011698039424426817, 'ign_c': 0.18316165443932733, 'trop_agb_crit': 13.98132484257899, 'trop_k_veg': 3.715819581962784, 'fuel_k': 1.8645619680420142, 'fuel_half': 2.841639333505349}.
[I 2026-08-14 14:09:56,950] Trial 333 finished with values: [-0.3554625854118624, 0.0] and parameters: {'k1': 0.0010204225357677778, 'D_low': 9.222492453004657, 'k2': 0.00010939944910100016, 'D_high': 1826.6972566585878, 'fire_exp': 4.487053621524983, 'P_half': 351.2704726270846, 'pre_dampen_half': 0.03411860497758073, 'gpp_af': 0.008983355849178878, 'gpp_b': 0.23395511097933275, 'gpp_d': 2.292633983096564, 'ign_k': 0.39676339357448603, 'ign_c': 6.445745262301892, 'trop_agb_crit': 2.3118820898020997, 'trop_k_veg': 3.715819581962784, 'fuel_k': 5.486054129200969, 'fuel_half': 65.99277195883643}.
[I 2026-08-14 14:09:59,040] Trial 334 finished with values: [-0.4016002628141317, 0.02833358490604876] and parameters: {'k1': 0.0015736446109772138, 'D_low': 2.607160725470918, 'k2': 1.4363112408604443e-05, 'D_high': 1627776.4805093438, 'fire_exp': 1.075051292556307, 'P_half': 894.5150807271528, 'pre_dampen_half': 0.022695682239207024, 'gpp_af': 0.34902252478382495, 'gpp_b': 1.815346247026201e-05, 'gpp_d': 0.01307253094873642, 'ign_k': 0.12906379659404604, 'ign_c': 1.3409701145872435, 'trop_agb_crit': 2.1775224101934065, 'trop_k_veg': 0.8934118487032162, 'fuel_k': 0.6137000782082779, 'fuel_half': 0.30455368715396786}.
[I 2026-08-14 14:10:01,799] Trial 335 finished with values: [-0.3554625854118624, 0.0] and parameters: {'k1': 0.0012329098365270509, 'D_low': 3735.16768760467, 'k2': 1.854837679096716e-05, 'D_high': 316055.11434645514, 'fire_exp': 1.6214575867079866, 'P_half': 127.52949611679996, 'pre_dampen_half': 0.10609580257119508, 'gpp_af': 0.4085228003668622, 'gpp_b': 1.6569065206637924e-05, 'gpp_d': 12.151631524283598, 'ign_k': 0.567034633562729, 'ign_c': 105.24574681335613, 'trop_agb_crit': 13.98132484257899, 'trop_k_veg': 1.0540721475196824, 'fuel_k': 0.28630931797361614, 'fuel_half': 2.2148104601284695}.
[I 2026-08-14 14:10:03,920] Trial 336 finished with values: [-0.3554625854118624, 0.0] and parameters: {'k1': 1.7926680648388784e-05, 'D_low': 24520.940895977496, 'k2': 0.0034167643418329683, 'D_high': 16.752866684650684, 'fire_exp': 6.64661557126371, 'P_half': 894.5150807271528, 'pre_dampen_half': 5.912487867336618, 'gpp_af': 6.940121430516967, 'gpp_b': 0.006752383987148558, 'gpp_d': 0.11997897226934479, 'ign_k': 0.018707420137660268, 'ign_c': 107.49405395173389, 'trop_agb_crit': 16.86264052240002, 'trop_k_veg': 0.6898193780989617, 'fuel_k': 0.02214708063365415, 'fuel_half': 0.13249100882689224}.
[I 2026-08-14 14:10:05,834] Trial 337 finished with values: [-0.43222268422541654, 0.032260346654527705] and parameters: {'k1': 0.00014001191914113747, 'D_low': 126.11058927054879, 'k2': 1.3243445838637965e-05, 'D_high': 30.88729615149259, 'fire_exp': 1.2429193829348841, 'P_half': 1.7036120617148391, 'pre_dampen_half': 0.043181981126981975, 'gpp_af': 6.940121430516967, 'gpp_b': 0.00024732964314480056, 'gpp_d': 295.4581800800121, 'ign_k': 1.8108143621079664, 'ign_c': 14.935213816355384, 'trop_agb_crit': 5.115968405120539, 'trop_k_veg': 2.639166174475906, 'fuel_k': 0.021123235354472927, 'fuel_half': 4.681702225035901}.
[I 2026-08-14 14:10:07,794] Trial 338 finished with values: [-0.42532819424547946, 0.00255590551216045] and parameters: {'k1': 0.000132965214572995, 'D_low': 126.11058927054879, 'k2': 0.00019472216066157317, 'D_high': 160625.60954780428, 'fire_exp': 1.2429193829348841, 'P_half': 1938.3858782150498, 'pre_dampen_half': 0.043181981126981975, 'gpp_af': 0.0025511964576171086, 'gpp_b': 3.228689523591491e-05, 'gpp_d': 700.6693992445935, 'ign_k': 0.31014294272127446, 'ign_c': 0.21947742689197342, 'trop_agb_crit': 1.8730954962803803, 'trop_k_veg': 0.6139438440498544, 'fuel_k': 5.486054129200969, 'fuel_half': 15.581254655530845}.
[I 2026-08-14 14:10:09,911] Trial 339 finished with values: [-0.3934874181722838, 0.00013176593257280267] and parameters: {'k1': 0.0024005553432620355, 'D_low': 1.7887890916820506, 'k2': 0.0010495653625093638, 'D_high': 12.22553839755208, 'fire_exp': 1.6214575867079866, 'P_half': 228.9131530683704, 'pre_dampen_half': 0.10609580257119508, 'gpp_af': 0.4085228003668622, 'gpp_b': 0.23395511097933275, 'gpp_d': 0.9576572359933988, 'ign_k': 0.567034633562729, 'ign_c': 0.7464754881442118, 'trop_agb_crit': 13.98132484257899, 'trop_k_veg': 2.8056728593013704, 'fuel_k': 0.3176626387065175, 'fuel_half': 2.2148104601284695}.
[I 2026-08-14 14:10:11,796] Trial 340 finished with values: [-0.40420566517973233, 3.225579826404701e-05] and parameters: {'k1': 0.05554169083020911, 'D_low': 6220.638781359816, 'k2': 1.263794633808287e-05, 'D_high': 392.2836933531829, 'fire_exp': 1.2310899049053081, 'P_half': 7.890004262668578, 'pre_dampen_half': 0.0195172246414495, 'gpp_af': 0.3905244791300363, 'gpp_b': 1.8375468962060828, 'gpp_d': 9.004606022643067, 'ign_k': 0.011698039424426817, 'ign_c': 0.11650681118986138, 'trop_agb_crit': 2.3118820898020997, 'trop_k_veg': 0.5910730452888154, 'fuel_k': 0.06382243375381637, 'fuel_half': 2.100333410321807}.
[I 2026-08-14 14:10:13,854] Trial 341 finished with values: [-0.4092868008588558, 5.059108211347141e-05] and parameters: {'k1': 0.0010204225357677778, 'D_low': 3735.16768760467, 'k2': 1.263794633808287e-05, 'D_high': 38.287672160557875, 'fire_exp': 1.6214575867079866, 'P_half': 48.464976792190825, 'pre_dampen_half': 0.10609580257119508, 'gpp_af': 0.11022143612695982, 'gpp_b': 1.6569065206637924e-05, 'gpp_d': 2.292633983096564, 'ign_k': 0.04380580767905655, 'ign_c': 105.24574681335613, 'trop_agb_crit': 2.1775224101934065, 'trop_k_veg': 1.7570501127699654, 'fuel_k': 0.28630931797361614, 'fuel_half': 26.9364391631794}.
[I 2026-08-14 14:10:15,737] Trial 342 finished with values: [-0.4324064353772094, 0.03207597995472977] and parameters: {'k1': 2.27847364377152e-05, 'D_low': 1.7286734109794883, 'k2': 1.4363112408604443e-05, 'D_high': 16392.60991832772, 'fire_exp': 1.075051292556307, 'P_half': 894.5150807271528, 'pre_dampen_half': 0.4016986062226067, 'gpp_af': 0.12243451886824051, 'gpp_b': 1.7565109007473816e-05, 'gpp_d': 11.40961991569626, 'ign_k': 3.284529979576944, 'ign_c': 0.9736725715035878, 'trop_agb_crit': 9.362115196011851, 'trop_k_veg': 0.8934118487032162, 'fuel_k': 0.018207179480706392, 'fuel_half': 0.30455368715396786}.
[I 2026-08-14 14:10:17,685] Trial 343 finished with values: [-0.39573154743523375, 3.736326636971654e-08] and parameters: {'k1': 0.0012329098365270509, 'D_low': 3735.16768760467, 'k2': 2.5299503921303695e-05, 'D_high': 44.39648242927527, 'fire_exp': 1.4439251473259103, 'P_half': 351.2704726270846, 'pre_dampen_half': 0.10609580257119508, 'gpp_af': 0.34902252478382495, 'gpp_b': 2.788681037423117, 'gpp_d': 8.144272585223819, 'ign_k': 0.04380580767905655, 'ign_c': 105.24574681335613, 'trop_agb_crit': 2.1775224101934065, 'trop_k_veg': 2.8224577471047865, 'fuel_k': 0.021123235354472927, 'fuel_half': 57.882001937752435}.
[I 2026-08-14 14:10:19,612] Trial 344 finished with values: [-0.35871483306355445, 4.8168915411928026e-08] and parameters: {'k1': 5.325873749322162e-05, 'D_low': 282295.1182993734, 'k2': 1.4363112408604443e-05, 'D_high': 2541.6076006960125, 'fire_exp': 1.075051292556307, 'P_half': 228.9131530683704, 'pre_dampen_half': 0.05844629901057142, 'gpp_af': 0.8533931648032835, 'gpp_b': 0.23395511097933275, 'gpp_d': 0.9576572359933988, 'ign_k': 0.026539376439360548, 'ign_c': 98.40989343758308, 'trop_agb_crit': 2.1775224101934065, 'trop_k_veg': 0.8934118487032162, 'fuel_k': 0.02957171323932571, 'fuel_half': 58.54612336582598}.
[I 2026-08-14 14:10:21,661] Trial 345 finished with values: [-0.39171326225444325, 1.8204944359778708e-06] and parameters: {'k1': 0.0015736446109772138, 'D_low': 19389.89852278267, 'k2': 0.030699709531122967, 'D_high': 160625.60954780428, 'fire_exp': 1.6214575867079866, 'P_half': 1938.3858782150498, 'pre_dampen_half': 0.05016722470997861, 'gpp_af': 0.0025511964576171086, 'gpp_b': 0.02502809770894037, 'gpp_d': 0.173242701549491, 'ign_k': 0.03141110271934876, 'ign_c': 3.0378658251922155, 'trop_agb_crit': 15.870971677383487, 'trop_k_veg': 6.911478238001162, 'fuel_k': 5.486054129200969, 'fuel_half': 0.6120573715537153}.
[I 2026-08-14 14:10:23,767] Trial 346 finished with values: [-0.3554625854118624, 0.0] and parameters: {'k1': 0.00014001191914113747, 'D_low': 367.4904945305323, 'k2': 1.3243445838637965e-05, 'D_high': 16.752866684650684, 'fire_exp': 6.64661557126371, 'P_half': 1.7036120617148391, 'pre_dampen_half': 0.12475844033340494, 'gpp_af': 6.940121430516967, 'gpp_b': 2.788681037423117, 'gpp_d': 6.913948698657619, 'ign_k': 0.04380580767905655, 'ign_c': 105.24574681335613, 'trop_agb_crit': 10.719494362768906, 'trop_k_veg': 3.0284647013370933, 'fuel_k': 5.141635443132286, 'fuel_half': 35.2847426865637}.
[I 2026-08-14 14:10:25,948] Trial 347 finished with values: [-0.3564458435505704, 5.81919845643597e-09] and parameters: {'k1': 0.00014888230597983555, 'D_low': 93.75345303884801, 'k2': 0.08636422432723088, 'D_high': 44.39648242927527, 'fire_exp': 1.6733848721157607, 'P_half': 1440.3650379563878, 'pre_dampen_half': 0.0195172246414495, 'gpp_af': 0.2965524548878197, 'gpp_b': 2.788681037423117, 'gpp_d': 34.70266988650411, 'ign_k': 0.0012087541473056963, 'ign_c': 355.481276519089, 'trop_agb_crit': 2.1775224101934065, 'trop_k_veg': 0.9008485225328876, 'fuel_k': 0.06382243375381637, 'fuel_half': 3.7093134348291836}.
[I 2026-08-14 14:10:27,825] Trial 348 finished with values: [-0.39273104108356155, 1.1407635502891367e-08] and parameters: {'k1': 1.0477226564098276e-05, 'D_low': 105.0448464633852, 'k2': 0.08636422432723088, 'D_high': 38111.59226078823, 'fire_exp': 2.1589564941849333, 'P_half': 1440.3650379563878, 'pre_dampen_half': 0.0195172246414495, 'gpp_af': 0.0023751383317256927, 'gpp_b': 0.040428727350273294, 'gpp_d': 0.08139347272614299, 'ign_k': 0.0012087541473056963, 'ign_c': 0.7464754881442118, 'trop_agb_crit': 16.967533607196547, 'trop_k_veg': 2.417028380770307, 'fuel_k': 0.02496045629458217, 'fuel_half': 12.136386887218588}.
[I 2026-08-14 14:10:29,673] Trial 349 finished with values: [-0.38579374847092684, 4.084564453077366e-05] and parameters: {'k1': 2.27847364377152e-05, 'D_low': 6220.638781359816, 'k2': 0.001566517163094646, 'D_high': 12.862664853393753, 'fire_exp': 1.2429193829348841, 'P_half': 7.890004262668578, 'pre_dampen_half': 0.022695682239207024, 'gpp_af': 0.12243451886824051, 'gpp_b': 1.1728753685919104, 'gpp_d': 9.004606022643067, 'ign_k': 3.284529979576944, 'ign_c': 0.11650681118986138, 'trop_agb_crit': 14.671700390275891, 'trop_k_veg': 2.417028380770307, 'fuel_k': 0.5588539902953054, 'fuel_half': 0.3335026483569958}.
[I 2026-08-14 14:10:31,558] Trial 350 finished with values: [-0.42223635026546963, 0.0019046884127760233] and parameters: {'k1': 0.0010204225357677778, 'D_low': 367.4904945305323, 'k2': 0.001906534551939351, 'D_high': 316055.11434645514, 'fire_exp': 1.6214575867079866, 'P_half': 3910.3637457741784, 'pre_dampen_half': 0.10609580257119508, 'gpp_af': 0.34902252478382495, 'gpp_b': 1.6569065206637924e-05, 'gpp_d': 0.2334174560017147, 'ign_k': 0.6138509947844857, 'ign_c': 0.18316165443932733, 'trop_agb_crit': 2.1775224101934065, 'trop_k_veg': 1.7570501127699654, 'fuel_k': 0.28630931797361614, 'fuel_half': 0.30455368715396786}.
[I 2026-08-14 14:10:33,442] Trial 351 finished with values: [-0.38600883658461976, 1.3033390670047496e-06] and parameters: {'k1': 0.0015736446109772138, 'D_low': 3507.515213502105, 'k2': 0.0005708731724249573, 'D_high': 478.193184148526, 'fire_exp': 1.075051292556307, 'P_half': 894.5150807271528, 'pre_dampen_half': 868.1843415114087, 'gpp_af': 0.008983355849178878, 'gpp_b': 6.049505313715197, 'gpp_d': 314.6826989726468, 'ign_k': 0.026539376439360548, 'ign_c': 0.18316165443932733, 'trop_agb_crit': 2.419699259862185, 'trop_k_veg': 2.1816482703680733, 'fuel_k': 0.6760671437719994, 'fuel_half': 2.100333410321807}.
[I 2026-08-14 14:10:35,657] Trial 352 finished with values: [-0.411328710655454, 2.0882176154257692e-05] and parameters: {'k1': 0.00014879588507789985, 'D_low': 975.3810162817546, 'k2': 1.127217425995114e-05, 'D_high': 71534.52030884045, 'fire_exp': 2.878298002135838, 'P_half': 3910.3637457741784, 'pre_dampen_half': 2.9046276683520458, 'gpp_af': 0.11022143612695982, 'gpp_b': 0.0021331409710300844, 'gpp_d': 2.292633983096564, 'ign_k': 0.0680787482656459, 'ign_c': 0.3277320296937064, 'trop_agb_crit': 24.584290528289387, 'trop_k_veg': 1.7570501127699654, 'fuel_k': 0.28630931797361614, 'fuel_half': 52.00581729114123}.
