[I 2026-08-14 15:15:06,505] Trial 2499 finished with values: [-0.4165809681358536, 1.1458697439792331e-06] and parameters: {'k1': 6.069662445477729e-05, 'D_low': 4.043300846639722, 'k2': 1.854837679096716e-05, 'D_high': 385585.1668717026, 'fire_exp': 1.6214575867079866, 'P_half': 1535.1441568398143, 'pre_dampen_half': 0.10609580257119508, 'gpp_af': 0.0025511964576171086, 'gpp_b': 0.00024732964314480056, 'gpp_d': 0.01307253094873642, 'ign_k': 0.04380580767905655, 'ign_c': 105.24574681335613, 'trop_agb_crit': 11.659854259018239, 'trop_k_veg': 1.0996896058838548, 'fuel_k': 0.0340623166376929, 'fuel_half': 15.581254655530845}.
[setup] COUPLING-READY: climate (D_bar/T_air/P_*) + GPP all from global_baseline_modelC_inputs_1997-2016.nc ...
[fuel] FUEL_WINDOW=60 months, causal trailing mean, 48 months of spin-up ahead of the fit window
[setup] loading GFED5 reference from burntArea.nc ...
[setup] land cells (GFED5 burnable): 13916 / 64800 (21.5%)
[setup] GFED5 land-mean monthly frac: 0.005068
[opt] warm-start from params.coupledE_fx.json
[warm] Overall=0.6082  bias=0.6952 rmse=0.3646 seas=0.8058 spatial=0.8106
[opt] sampler=NSGAIISampler seed=42
[opt] running 2500 trials against GFED5 ...
  trial   18/2500  pareto_size=13  best_ilamb=0.6082  (0.3 min)
  trial   36/2500  pareto_size=26  best_ilamb=0.6082  (0.7 min)
  trial   54/2500  pareto_size=34  best_ilamb=0.6082  (1.0 min)
  trial   72/2500  pareto_size=45  best_ilamb=0.6082  (1.4 min)
  trial   88/2500  pareto_size=53  best_ilamb=0.6082  (1.7 min)
  trial  104/2500  pareto_size=60  best_ilamb=0.6082  (2.0 min)
  trial  120/2500  pareto_size=68  best_ilamb=0.6082  (2.4 min)
  trial  134/2500  pareto_size=78  best_ilamb=0.6082  (2.7 min)
  trial  145/2500  pareto_size=83  best_ilamb=0.6082  (3.1 min)
  trial  156/2500  pareto_size=93  best_ilamb=0.6082  (3.4 min)
  trial  171/2500  pareto_size=12  best_ilamb=0.6082  (3.8 min)
  trial  188/2500  pareto_size=12  best_ilamb=0.6082  (4.1 min)
  trial  206/2500  pareto_size=12  best_ilamb=0.6082  (4.5 min)
  trial  224/2500  pareto_size=14  best_ilamb=0.6082  (4.8 min)
  trial  241/2500  pareto_size=15  best_ilamb=0.6082  (5.2 min)
  trial  258/2500  pareto_size=15  best_ilamb=0.6082  (5.5 min)
  trial  275/2500  pareto_size=16  best_ilamb=0.6082  (5.9 min)
  trial  293/2500  pareto_size=19  best_ilamb=0.6082  (6.2 min)
  trial  312/2500  pareto_size=22  best_ilamb=0.6082  (6.5 min)
  trial  330/2500  pareto_size=23  best_ilamb=0.6082  (6.9 min)
  trial  341/2500  pareto_size=23  best_ilamb=0.6082  (7.2 min)
  trial  352/2500  pareto_size=24  best_ilamb=0.6082  (7.6 min)
  trial  363/2500  pareto_size=25  best_ilamb=0.6082  (8.0 min)
  trial  373/2500  pareto_size=25  best_ilamb=0.6082  (8.3 min)
  trial  383/2500  pareto_size=27  best_ilamb=0.6082  (8.6 min)
  trial  394/2500  pareto_size=26  best_ilamb=0.6082  (9.0 min)
  trial  405/2500  pareto_size=29  best_ilamb=0.6082  (9.4 min)
  trial  414/2500  pareto_size=30  best_ilamb=0.6082  (9.7 min)
  trial  424/2500  pareto_size=29  best_ilamb=0.6082  (10.1 min)
  trial  435/2500  pareto_size=29  best_ilamb=0.6082  (10.4 min)
  trial  445/2500  pareto_size=29  best_ilamb=0.6082  (10.8 min)
  trial  456/2500  pareto_size=30  best_ilamb=0.6082  (11.2 min)
  trial  467/2500  pareto_size=31  best_ilamb=0.6082  (11.5 min)
  trial  478/2500  pareto_size=33  best_ilamb=0.6082  (11.9 min)
  trial  488/2500  pareto_size=34  best_ilamb=0.6082  (12.2 min)
  trial  499/2500  pareto_size=35  best_ilamb=0.6082  (12.6 min)
  trial  510/2500  pareto_size=35  best_ilamb=0.6082  (12.9 min)
  trial  520/2500  pareto_size=35  best_ilamb=0.6082  (13.3 min)
  trial  531/2500  pareto_size=36  best_ilamb=0.6082  (13.6 min)
  trial  542/2500  pareto_size=36  best_ilamb=0.6082  (14.0 min)
  trial  552/2500  pareto_size=36  best_ilamb=0.6082  (14.3 min)
  trial  562/2500  pareto_size=40  best_ilamb=0.6082  (14.7 min)
  trial  572/2500  pareto_size=35  best_ilamb=0.6082  (15.0 min)
  trial  581/2500  pareto_size=35  best_ilamb=0.6082  (15.4 min)
  trial  592/2500  pareto_size=35  best_ilamb=0.6082  (15.8 min)
  trial  603/2500  pareto_size=37  best_ilamb=0.6082  (16.1 min)
  trial  614/2500  pareto_size=37  best_ilamb=0.6082  (16.5 min)
  trial  625/2500  pareto_size=40  best_ilamb=0.6082  (16.8 min)
  trial  636/2500  pareto_size=40  best_ilamb=0.6082  (17.2 min)
  trial  647/2500  pareto_size=42  best_ilamb=0.6082  (17.6 min)
  trial  657/2500  pareto_size=41  best_ilamb=0.6082  (17.9 min)
  trial  668/2500  pareto_size=41  best_ilamb=0.6082  (18.3 min)
  trial  679/2500  pareto_size=37  best_ilamb=0.6082  (18.6 min)
  trial  690/2500  pareto_size=37  best_ilamb=0.6082  (19.0 min)
  trial  701/2500  pareto_size=38  best_ilamb=0.6082  (19.3 min)
  trial  712/2500  pareto_size=38  best_ilamb=0.6082  (19.7 min)
  trial  723/2500  pareto_size=39  best_ilamb=0.6082  (20.1 min)
  trial  734/2500  pareto_size=40  best_ilamb=0.6082  (20.4 min)
  trial  745/2500  pareto_size=40  best_ilamb=0.6082  (20.8 min)
  trial  756/2500  pareto_size=40  best_ilamb=0.6082  (21.1 min)
  trial  766/2500  pareto_size=41  best_ilamb=0.6082  (21.5 min)
  trial  777/2500  pareto_size=42  best_ilamb=0.6082  (21.9 min)
  trial  787/2500  pareto_size=44  best_ilamb=0.6082  (22.2 min)
  trial  797/2500  pareto_size=46  best_ilamb=0.6082  (22.6 min)
  trial  807/2500  pareto_size=45  best_ilamb=0.6082  (22.9 min)
  trial  817/2500  pareto_size=45  best_ilamb=0.6082  (23.3 min)
  trial  827/2500  pareto_size=45  best_ilamb=0.6082  (23.6 min)
  trial  837/2500  pareto_size=50  best_ilamb=0.6082  (24.0 min)
  trial  848/2500  pareto_size=47  best_ilamb=0.6082  (24.3 min)
  trial  859/2500  pareto_size=48  best_ilamb=0.6082  (24.7 min)
  trial  868/2500  pareto_size=48  best_ilamb=0.6082  (25.1 min)
  trial  879/2500  pareto_size=46  best_ilamb=0.6082  (25.4 min)
  trial  889/2500  pareto_size=47  best_ilamb=0.6082  (25.8 min)
  trial  899/2500  pareto_size=47  best_ilamb=0.6082  (26.1 min)
  trial  909/2500  pareto_size=47  best_ilamb=0.6082  (26.5 min)
  trial  920/2500  pareto_size=50  best_ilamb=0.6082  (26.8 min)
  trial  931/2500  pareto_size=51  best_ilamb=0.6082  (27.2 min)
  trial  942/2500  pareto_size=47  best_ilamb=0.6082  (27.6 min)
  trial  953/2500  pareto_size=48  best_ilamb=0.6082  (27.9 min)
  trial  963/2500  pareto_size=48  best_ilamb=0.6082  (28.3 min)
  trial  973/2500  pareto_size=48  best_ilamb=0.6082  (28.6 min)
  trial  983/2500  pareto_size=48  best_ilamb=0.6082  (29.0 min)
  trial  994/2500  pareto_size=51  best_ilamb=0.6082  (29.3 min)
  trial 1005/2500  pareto_size=54  best_ilamb=0.6082  (29.7 min)
  trial 1016/2500  pareto_size=52  best_ilamb=0.6082  (30.1 min)
  trial 1027/2500  pareto_size=53  best_ilamb=0.6082  (30.4 min)
  trial 1038/2500  pareto_size=53  best_ilamb=0.6082  (30.8 min)
  trial 1049/2500  pareto_size=54  best_ilamb=0.6082  (31.2 min)
  trial 1060/2500  pareto_size=54  best_ilamb=0.6082  (31.5 min)
  trial 1071/2500  pareto_size=55  best_ilamb=0.6082  (31.9 min)
  trial 1082/2500  pareto_size=55  best_ilamb=0.6082  (32.3 min)
  trial 1093/2500  pareto_size=57  best_ilamb=0.6082  (32.6 min)
  trial 1103/2500  pareto_size=57  best_ilamb=0.6082  (33.0 min)
  trial 1113/2500  pareto_size=59  best_ilamb=0.6082  (33.3 min)
  trial 1124/2500  pareto_size=62  best_ilamb=0.6082  (33.7 min)
  trial 1135/2500  pareto_size=63  best_ilamb=0.6082  (34.1 min)
  trial 1146/2500  pareto_size=62  best_ilamb=0.6082  (34.4 min)
  trial 1157/2500  pareto_size=59  best_ilamb=0.6082  (34.8 min)
  trial 1167/2500  pareto_size=61  best_ilamb=0.6082  (35.1 min)
  trial 1177/2500  pareto_size=59  best_ilamb=0.6082  (35.5 min)
  trial 1187/2500  pareto_size=60  best_ilamb=0.6082  (35.9 min)
  trial 1198/2500  pareto_size=61  best_ilamb=0.6082  (36.2 min)
  trial 1209/2500  pareto_size=63  best_ilamb=0.6082  (36.6 min)
  trial 1220/2500  pareto_size=65  best_ilamb=0.6082  (37.0 min)
  trial 1231/2500  pareto_size=64  best_ilamb=0.6082  (37.3 min)
  trial 1241/2500  pareto_size=67  best_ilamb=0.6082  (37.7 min)
  trial 1251/2500  pareto_size=69  best_ilamb=0.6082  (38.0 min)
  trial 1261/2500  pareto_size=71  best_ilamb=0.6082  (38.4 min)
  trial 1272/2500  pareto_size=74  best_ilamb=0.6082  (38.7 min)
  trial 1283/2500  pareto_size=76  best_ilamb=0.6082  (39.1 min)
  trial 1294/2500  pareto_size=76  best_ilamb=0.6082  (39.5 min)
  trial 1305/2500  pareto_size=76  best_ilamb=0.6082  (39.8 min)
  trial 1315/2500  pareto_size=75  best_ilamb=0.6082  (40.2 min)
  trial 1326/2500  pareto_size=76  best_ilamb=0.6082  (40.6 min)
  trial 1337/2500  pareto_size=75  best_ilamb=0.6082  (40.9 min)
  trial 1348/2500  pareto_size=75  best_ilamb=0.6082  (41.3 min)
  trial 1359/2500  pareto_size=66  best_ilamb=0.6082  (41.7 min)
  trial 1369/2500  pareto_size=66  best_ilamb=0.6082  (42.0 min)
  trial 1379/2500  pareto_size=69  best_ilamb=0.6082  (42.4 min)
  trial 1389/2500  pareto_size=71  best_ilamb=0.6082  (42.8 min)
  trial 1400/2500  pareto_size=72  best_ilamb=0.6082  (43.1 min)
  trial 1411/2500  pareto_size=74  best_ilamb=0.6082  (43.5 min)
  trial 1423/2500  pareto_size=76  best_ilamb=0.6082  (43.9 min)
  trial 1435/2500  pareto_size=77  best_ilamb=0.6082  (44.2 min)
  trial 1447/2500  pareto_size=77  best_ilamb=0.6082  (44.6 min)
  trial 1458/2500  pareto_size=78  best_ilamb=0.6082  (44.9 min)
  trial 1469/2500  pareto_size=79  best_ilamb=0.6082  (45.3 min)
  trial 1480/2500  pareto_size=80  best_ilamb=0.6082  (45.6 min)
  trial 1491/2500  pareto_size=81  best_ilamb=0.6082  (46.0 min)
  trial 1502/2500  pareto_size=82  best_ilamb=0.6082  (46.4 min)
  trial 1514/2500  pareto_size=85  best_ilamb=0.6082  (46.7 min)
  trial 1525/2500  pareto_size=85  best_ilamb=0.6082  (47.1 min)
  trial 1536/2500  pareto_size=87  best_ilamb=0.6082  (47.4 min)
  trial 1547/2500  pareto_size=88  best_ilamb=0.6082  (47.8 min)
  trial 1558/2500  pareto_size=91  best_ilamb=0.6082  (48.2 min)
  trial 1569/2500  pareto_size=92  best_ilamb=0.6082  (48.5 min)
  trial 1580/2500  pareto_size=88  best_ilamb=0.6082  (48.9 min)
  trial 1591/2500  pareto_size=90  best_ilamb=0.6082  (49.2 min)
  trial 1602/2500  pareto_size=93  best_ilamb=0.6082  (49.6 min)
  trial 1613/2500  pareto_size=96  best_ilamb=0.6082  (50.0 min)
  trial 1624/2500  pareto_size=90  best_ilamb=0.6082  (50.4 min)
  trial 1634/2500  pareto_size=86  best_ilamb=0.6082  (50.7 min)
  trial 1645/2500  pareto_size=82  best_ilamb=0.6082  (51.1 min)
  trial 1656/2500  pareto_size=79  best_ilamb=0.6082  (51.5 min)
  trial 1666/2500  pareto_size=80  best_ilamb=0.6082  (51.8 min)
  trial 1676/2500  pareto_size=80  best_ilamb=0.6082  (52.2 min)
  trial 1686/2500  pareto_size=80  best_ilamb=0.6082  (52.6 min)
  trial 1696/2500  pareto_size=80  best_ilamb=0.6082  (52.9 min)
  trial 1706/2500  pareto_size=73  best_ilamb=0.6082  (53.3 min)
  trial 1717/2500  pareto_size=74  best_ilamb=0.6082  (53.7 min)
  trial 1728/2500  pareto_size=75  best_ilamb=0.6082  (54.1 min)
  trial 1739/2500  pareto_size=77  best_ilamb=0.6082  (54.4 min)
  trial 1749/2500  pareto_size=78  best_ilamb=0.6082  (54.8 min)
  trial 1760/2500  pareto_size=78  best_ilamb=0.6082  (55.2 min)
  trial 1770/2500  pareto_size=78  best_ilamb=0.6082  (55.5 min)
  trial 1780/2500  pareto_size=78  best_ilamb=0.6082  (55.9 min)
  trial 1791/2500  pareto_size=76  best_ilamb=0.6082  (56.3 min)
  trial 1801/2500  pareto_size=79  best_ilamb=0.6082  (56.7 min)
  trial 1812/2500  pareto_size=79  best_ilamb=0.6082  (57.0 min)
  trial 1823/2500  pareto_size=80  best_ilamb=0.6082  (57.4 min)
  trial 1833/2500  pareto_size=82  best_ilamb=0.6082  (57.8 min)
  trial 1843/2500  pareto_size=83  best_ilamb=0.6082  (58.1 min)
  trial 1854/2500  pareto_size=85  best_ilamb=0.6082  (58.5 min)
  trial 1865/2500  pareto_size=90  best_ilamb=0.6082  (58.9 min)
  trial 1876/2500  pareto_size=90  best_ilamb=0.6082  (59.2 min)
  trial 1893/2500  pareto_size=90  best_ilamb=0.6082  (59.6 min)
  trial 1911/2500  pareto_size=89  best_ilamb=0.6082  (59.9 min)
  trial 1929/2500  pareto_size=86  best_ilamb=0.6082  (60.3 min)
  trial 1947/2500  pareto_size=90  best_ilamb=0.6082  (60.6 min)
  trial 1965/2500  pareto_size=87  best_ilamb=0.6082  (61.0 min)
  trial 1982/2500  pareto_size=89  best_ilamb=0.6082  (61.4 min)
  trial 2000/2500  pareto_size=90  best_ilamb=0.6082  (61.7 min)
  trial 2018/2500  pareto_size=95  best_ilamb=0.6082  (62.1 min)
  trial 2037/2500  pareto_size=95  best_ilamb=0.6082  (62.4 min)
  trial 2055/2500  pareto_size=90  best_ilamb=0.6082  (62.8 min)
  trial 2073/2500  pareto_size=92  best_ilamb=0.6082  (63.1 min)
  trial 2091/2500  pareto_size=93  best_ilamb=0.6082  (63.5 min)
  trial 2109/2500  pareto_size=95  best_ilamb=0.6082  (63.9 min)
  trial 2128/2500  pareto_size=96  best_ilamb=0.6082  (64.2 min)
  trial 2144/2500  pareto_size=95  best_ilamb=0.6082  (64.6 min)
  trial 2163/2500  pareto_size=96  best_ilamb=0.6082  (64.9 min)
  trial 2181/2500  pareto_size=92  best_ilamb=0.6082  (65.3 min)
  trial 2200/2500  pareto_size=92  best_ilamb=0.6082  (65.6 min)
  trial 2218/2500  pareto_size=93  best_ilamb=0.6082  (66.0 min)
  trial 2236/2500  pareto_size=90  best_ilamb=0.6082  (66.4 min)
  trial 2254/2500  pareto_size=91  best_ilamb=0.6082  (66.7 min)
  trial 2272/2500  pareto_size=92  best_ilamb=0.6082  (67.1 min)
  trial 2290/2500  pareto_size=96  best_ilamb=0.6082  (67.4 min)
  trial 2307/2500  pareto_size=98  best_ilamb=0.6082  (67.8 min)
  trial 2324/2500  pareto_size=98  best_ilamb=0.6082  (68.1 min)
  trial 2341/2500  pareto_size=103  best_ilamb=0.6082  (68.5 min)
  trial 2358/2500  pareto_size=106  best_ilamb=0.6082  (68.9 min)
  trial 2375/2500  pareto_size=107  best_ilamb=0.6082  (69.2 min)
  trial 2393/2500  pareto_size=111  best_ilamb=0.6082  (69.6 min)
  trial 2411/2500  pareto_size=112  best_ilamb=0.6082  (69.9 min)
  trial 2429/2500  pareto_size=116  best_ilamb=0.6082  (70.3 min)
  trial 2447/2500  pareto_size=114  best_ilamb=0.6082  (70.7 min)
  trial 2463/2500  pareto_size=114  best_ilamb=0.6082  (71.0 min)
  trial 2480/2500  pareto_size=116  best_ilamb=0.6082  (71.4 min)
  trial 2489/2500  pareto_size=115  best_ilamb=0.6082  (71.8 min)
  trial 2500/2500  pareto_size=116  best_ilamb=0.6082  (72.1 min)

[done] 2500 trials in 72.2 min
[pareto] 116 non-dominated trials, 116 with fp_score >= 0.8
[chosen] trial 0: ILAMB=0.6082  fp_score=0.9198  ratio=1.16
[best] Bias=0.6952  RMSE=0.3646  Seas=0.8058  Spatial=0.8106  Overall=0.6082
[diag] raw rate land-mean (yr^-1): 0.07225  (target ~ 0.06082)
[write] D:\FIRE_OFFLINE\models\C\params.coupledFW.json
[write] D:\FIRE_OFFLINE\ilamb\MODELS\ED-ModelC-final\burntArea.coupledFW.nc  (8.7 MB)

[FIX2] dumping top-5 Pareto candidates -> D:\FIRE_OFFLINE\ilamb\MODELS_TOPK_coupledFW
  k1: trial 0  internal_overall=0.6082  taylor=0.0000  sigma=0.000  fp=0.920  ratio=1.16  amp=1.00
  k2: trial 1682  internal_overall=0.6040  taylor=0.0000  sigma=0.000  fp=0.972  ratio=0.74  amp=1.00
  k3: trial 2384  internal_overall=0.6040  taylor=0.0000  sigma=0.000  fp=0.972  ratio=0.74  amp=1.00
  k4: trial 2492  internal_overall=0.6004  taylor=0.0000  sigma=0.000  fp=0.974  ratio=0.67  amp=1.00
  k5: trial 2363  internal_overall=0.5965  taylor=0.0000  sigma=0.000  fp=0.979  ratio=0.69  amp=1.00
[FIX2] manifest -> D:\FIRE_OFFLINE\models\C\topk.coupledFW.json
[FIX2] re-score all candidates with official ILAMB (CLAUDE.md recipe; clean ._* first), e.g. --model_root "$PWD/ilamb/MODELS_TOPK_coupledFW"
[FIX2] promote the candidate with the best OFFICIAL Overall, NOT the internal one.
