[I 2026-08-20 01:04:07,910] Trial 1664 finished with value: 0.455131559098953 and parameters: {'k1': 5.818924358548825e-05, 'D_low': 4.783128607691898, 'k2': 0.00211515230843281, 'D_high': 6190225.451789888, 'fire_exp': 1.4476455606444836, 'P_half': 1.0079609829985747, 'pre_dampen_half': 0.4726867058357748, 'gpp_af': 0.019216396337943753, 'gpp_b': 0.0008212026356534373, 'gpp_d': 140.72624165741843, 'ign_k': 0.01491617509778096, 'ign_c': 14.189025969484634, 'trop_agb_crit': 4.233242375488946, 'trop_k_veg': 1.5832838190401464, 'pop_amp': 11.82788202580075, 'pop_peak': 397.03360454975814, 'pop_sig': 0.5772462701521439}. Best is trial 1128 with value: -0.620386984093161.
[I 2026-08-20 01:04:09,933] Trial 1665 finished with value: 0.5923311636736357 and parameters: {'k1': 0.010496294094558985, 'D_low': 196.83125570881293, 'k2': 0.0055612745332487045, 'D_high': 2699990.1603563726, 'fire_exp': 9.623857442523958, 'P_half': 189.61943920892853, 'pre_dampen_half': 69.48086066421521, 'gpp_af': 29.731322690513196, 'gpp_b': 0.00012335389325954336, 'gpp_d': 650.4821335256823, 'ign_k': 0.001172474274305393, 'ign_c': 0.8471698837972872, 'trop_agb_crit': 5.107505733869796, 'trop_k_veg': 5.001310185421079, 'pop_amp': 2.492819383824073, 'pop_peak': 6.621584761288609, 'pop_sig': 0.39014985347616776}. Best is trial 1128 with value: -0.620386984093161.
[I 2026-08-20 01:04:12,187] Trial 1666 finished with value: 0.6141958826661253 and parameters: {'k1': 0.0002426908073107786, 'D_low': 128848.71079349748, 'k2': 0.0409319728556512, 'D_high': 539532.4766213299, 'fire_exp': 1.4857886488897474, 'P_half': 1642.0392097764159, 'pre_dampen_half': 1.2460513536085989, 'gpp_af': 5.310545811103246, 'gpp_b': 9.096919512669281e-05, 'gpp_d': 104.38874588795164, 'ign_k': 0.005471461120498067, 'ign_c': 0.7165841846291062, 'trop_agb_crit': 3.4588637963031297, 'trop_k_veg': 1.133925673044511, 'pop_amp': 0.8250597312541169, 'pop_peak': 303.5555866681354, 'pop_sig': 2.1413329303236486}. Best is trial 1128 with value: -0.620386984093161.
[I 2026-08-20 01:04:14,337] Trial 1667 finished with value: 0.5228379033261047 and parameters: {'k1': 0.001660412323544249, 'D_low': 550.6465328500797, 'k2': 0.03825291897103017, 'D_high': 7817598.551714625, 'fire_exp': 2.365862893878455, 'P_half': 5.049479224327546, 'pre_dampen_half': 0.06940115540410288, 'gpp_af': 0.0828798831199755, 'gpp_b': 1.6006982304963515e-05, 'gpp_d': 115.06224795180056, 'ign_k': 0.0043230256468146724, 'ign_c': 0.10583185275374148, 'trop_agb_crit': 3.515921006877749, 'trop_k_veg': 1.4953848407902512, 'pop_amp': 2.3036240716227914, 'pop_peak': 48.03273527849473, 'pop_sig': 1.9700077939326188}. Best is trial 1128 with value: -0.620386984093161.
[I 2026-08-20 01:04:16,618] Trial 1668 finished with value: 0.6445374145881376 and parameters: {'k1': 0.00010394445365494403, 'D_low': 6842.285762908066, 'k2': 0.0007407500573079299, 'D_high': 558.6937813197701, 'fire_exp': 4.32967825371496, 'P_half': 2569.7118249437376, 'pre_dampen_half': 538.428850173835, 'gpp_af': 4.450154480605143, 'gpp_b': 6.30849922577305e-05, 'gpp_d': 0.011634617291082273, 'ign_k': 5.070671263182984, 'ign_c': 739.1489791686286, 'trop_agb_crit': 2.015857198743367, 'trop_k_veg': 1.8327260011426076, 'pop_amp': 0.18362212121277607, 'pop_peak': 87.31509035501071, 'pop_sig': 0.35297623017820023}. Best is trial 1128 with value: -0.620386984093161.
[I 2026-08-20 01:04:18,691] Trial 1669 finished with value: 0.5836617419886214 and parameters: {'k1': 0.0013448944086756592, 'D_low': 218.49186780596037, 'k2': 1.7920649558085787e-05, 'D_high': 4115612.937719273, 'fire_exp': 8.60742180275301, 'P_half': 24.42695259666808, 'pre_dampen_half': 3.6517350478179353, 'gpp_af': 49.135047814752824, 'gpp_b': 0.003048031691561287, 'gpp_d': 416.3995661224858, 'ign_k': 0.002289695196436152, 'ign_c': 0.3006559477886635, 'trop_agb_crit': 9.131385778277139, 'trop_k_veg': 4.253346196196504, 'pop_amp': 10.318411472144223, 'pop_peak': 7.045638025185783, 'pop_sig': 0.45279337595132235}. Best is trial 1128 with value: -0.620386984093161.
[I 2026-08-20 01:04:20,871] Trial 1670 finished with value: 0.40258901693507965 and parameters: {'k1': 0.0090111210627072, 'D_low': 10.192780890405729, 'k2': 0.00015733114975664188, 'D_high': 301003.3221800117, 'fire_exp': 1.1439781720256963, 'P_half': 9.260698678891586, 'pre_dampen_half': 2.7894207742883337, 'gpp_af': 0.0023655014603808184, 'gpp_b': 1.3587717045483955e-05, 'gpp_d': 593.7747297995281, 'ign_k': 1.3322177186870359, 'ign_c': 11.818404177956236, 'trop_agb_crit': 6.335825474647365, 'trop_k_veg': 1.7543643953879318, 'pop_amp': 0.001345964634262247, 'pop_peak': 0.6482285511572666, 'pop_sig': 0.7609822704830945}. Best is trial 1128 with value: -0.620386984093161.
[I 2026-08-20 01:04:23,480] Trial 1671 finished with value: 0.5294964230974217 and parameters: {'k1': 9.589754870574545e-05, 'D_low': 3.1074202792310652, 'k2': 0.0028364770131954513, 'D_high': 250543.14981087702, 'fire_exp': 1.178370033561671, 'P_half': 6.264921411160134, 'pre_dampen_half': 1.019643436355093, 'gpp_af': 0.008587639779337288, 'gpp_b': 0.003158570554699975, 'gpp_d': 7.479145279321709, 'ign_k': 0.21811113545488112, 'ign_c': 1.8478059732313905, 'trop_agb_crit': 14.57911469724419, 'trop_k_veg': 0.7691468372667714, 'pop_amp': 9.101358184726854, 'pop_peak': 206.1249862640098, 'pop_sig': 1.335883942831879}. Best is trial 1128 with value: -0.620386984093161.
[I 2026-08-20 01:04:25,510] Trial 1672 finished with value: -0.5038620731136387 and parameters: {'k1': 0.003080971008000275, 'D_low': 3962.9640591588804, 'k2': 0.0017146961038213072, 'D_high': 21789.619895163523, 'fire_exp': 4.363803602399434, 'P_half': 26.97312113008929, 'pre_dampen_half': 65.4939210397397, 'gpp_af': 0.24581526062115575, 'gpp_b': 0.07838262256659831, 'gpp_d': 213.25715181387977, 'ign_k': 1.9873030588238283, 'ign_c': 17.68634460923517, 'trop_agb_crit': 10.08227230209062, 'trop_k_veg': 5.429219321791631, 'pop_amp': 6.183867842691246, 'pop_peak': 8.207478390198629, 'pop_sig': 0.9006606176316826}. Best is trial 1128 with value: -0.620386984093161.
[I 2026-08-20 01:04:27,627] Trial 1673 finished with value: 0.46628376733396226 and parameters: {'k1': 0.0005685109513138355, 'D_low': 1558.7475212141205, 'k2': 0.08270834781786386, 'D_high': 542968.164901463, 'fire_exp': 1.728282699897476, 'P_half': 200.71291906937122, 'pre_dampen_half': 54.00917982327019, 'gpp_af': 0.09412583880825318, 'gpp_b': 9.370923931018314e-05, 'gpp_d': 853.6488738542366, 'ign_k': 0.26456410951369796, 'ign_c': 0.11572552618025095, 'trop_agb_crit': 2.5158435835156063, 'trop_k_veg': 1.761794791885155, 'pop_amp': 0.9935538558453566, 'pop_peak': 110.30558368702134, 'pop_sig': 0.7366397321141078}. Best is trial 1128 with value: -0.620386984093161.
[I 2026-08-20 01:04:29,781] Trial 1674 finished with value: 0.6219590899038475 and parameters: {'k1': 0.0005906721540016998, 'D_low': 1180.4085787746544, 'k2': 0.005303422345555619, 'D_high': 119489.55000573813, 'fire_exp': 3.4722267318136635, 'P_half': 371.5754258661724, 'pre_dampen_half': 182.40296492373875, 'gpp_af': 0.18798496410662344, 'gpp_b': 0.36279075537539857, 'gpp_d': 92.07864855000011, 'ign_k': 1.4664301360552878, 'ign_c': 0.7347857149082705, 'trop_agb_crit': 17.671734690650094, 'trop_k_veg': 7.896530024913173, 'pop_amp': 0.10210610106883747, 'pop_peak': 1.2241723409070673, 'pop_sig': 0.7279255237290033}. Best is trial 1128 with value: -0.620386984093161.
[I 2026-08-20 01:04:31,931] Trial 1675 finished with value: 0.6445374145881376 and parameters: {'k1': 0.006115255957326939, 'D_low': 19420.2068873743, 'k2': 0.0034490018314364433, 'D_high': 130.89798224556364, 'fire_exp': 2.4437680431686624, 'P_half': 6651.340458891948, 'pre_dampen_half': 360.5126841583836, 'gpp_af': 1.6963998303080232, 'gpp_b': 2.2096617962287146e-05, 'gpp_d': 1.4596295687418577, 'ign_k': 0.034962089846548375, 'ign_c': 2.6315906614311495, 'trop_agb_crit': 7.3543141105462375, 'trop_k_veg': 0.8063391498439839, 'pop_amp': 1.3080826110716945, 'pop_peak': 4.273391459924613, 'pop_sig': 0.261874924328641}. Best is trial 1128 with value: -0.620386984093161.
[I 2026-08-20 01:04:34,157] Trial 1676 finished with value: 0.554596243874429 and parameters: {'k1': 0.0004052115285656191, 'D_low': 24.365777457810818, 'k2': 0.001646943409819289, 'D_high': 5437490.818853696, 'fire_exp': 1.4177479850966448, 'P_half': 1.5308172971686052, 'pre_dampen_half': 0.04361228518354015, 'gpp_af': 0.36098462810120474, 'gpp_b': 0.0906533576172216, 'gpp_d': 1.5991622043604907, 'ign_k': 0.004746057077373029, 'ign_c': 0.1723972066059942, 'trop_agb_crit': 2.7256609383369295, 'trop_k_veg': 0.9170205080981981, 'pop_amp': 3.865779690502496, 'pop_peak': 0.7391635555837305, 'pop_sig': 1.0245469600007233}. Best is trial 1128 with value: -0.620386984093161.
[I 2026-08-20 01:04:36,376] Trial 1677 finished with value: 0.5414849624575955 and parameters: {'k1': 0.02107872961763312, 'D_low': 194.91192082713715, 'k2': 3.1246016341964036e-05, 'D_high': 167520.13725441782, 'fire_exp': 3.791219479749466, 'P_half': 42.05155172308421, 'pre_dampen_half': 19.10580475786655, 'gpp_af': 46.35928355506303, 'gpp_b': 0.04241613545361133, 'gpp_d': 276.98959758725994, 'ign_k': 0.04759311336546066, 'ign_c': 0.1375364848792895, 'trop_agb_crit': 6.179525372950681, 'trop_k_veg': 7.624909202887255, 'pop_amp': 0.12216955223285379, 'pop_peak': 766.0072224409081, 'pop_sig': 0.44547984177987743}. Best is trial 1128 with value: -0.620386984093161.
[I 2026-08-20 01:04:38,544] Trial 1678 finished with value: 0.5661176181486313 and parameters: {'k1': 7.539660438730371e-05, 'D_low': 1.1644195842361067, 'k2': 0.05999782296181278, 'D_high': 310573.1410121884, 'fire_exp': 1.0298407392198792, 'P_half': 64.76476782336825, 'pre_dampen_half': 74.27346693500485, 'gpp_af': 0.004722003104798362, 'gpp_b': 0.10327817274935037, 'gpp_d': 0.9122581587678944, 'ign_k': 6.978187865818073, 'ign_c': 0.183034759294017, 'trop_agb_crit': 1.5837364583470017, 'trop_k_veg': 6.870948442062001, 'pop_amp': 5.70151431613944, 'pop_peak': 0.09732307490038329, 'pop_sig': 2.23419296827939}. Best is trial 1128 with value: -0.620386984093161.
[I 2026-08-20 01:04:40,602] Trial 1679 finished with value: 0.4224577710235806 and parameters: {'k1': 0.016851701042109153, 'D_low': 5.225516762350776, 'k2': 2.885937834448257e-05, 'D_high': 6058084.068834554, 'fire_exp': 1.6733347589904057, 'P_half': 3.900932570858282, 'pre_dampen_half': 39.22993557682094, 'gpp_af': 0.010264471315673889, 'gpp_b': 0.00012124437490820338, 'gpp_d': 215.36639233703812, 'ign_k': 3.892359438978389, 'ign_c': 19.642583099478234, 'trop_agb_crit': 4.352775345438429, 'trop_k_veg': 1.5065408757086027, 'pop_amp': 0.0012310521875824392, 'pop_peak': 2.7397445487518106, 'pop_sig': 1.223415240826358}. Best is trial 1128 with value: -0.620386984093161.
[I 2026-08-20 01:04:42,901] Trial 1680 finished with value: 0.5217961343739358 and parameters: {'k1': 0.006365873413992582, 'D_low': 15664.079129067357, 'k2': 0.014746293303421832, 'D_high': 8138157.279580658, 'fire_exp': 4.82143512524323, 'P_half': 88.42047120169295, 'pre_dampen_half': 164.82165649995372, 'gpp_af': 0.010889420553676308, 'gpp_b': 0.0006319180798618795, 'gpp_d': 46.06645188403513, 'ign_k': 1.4548297203865859, 'ign_c': 19.88716907607804, 'trop_agb_crit': 8.46518508007213, 'trop_k_veg': 0.6927026585359973, 'pop_amp': 0.7492655014060025, 'pop_peak': 1.292546631947832, 'pop_sig': 0.6614607588660198}. Best is trial 1128 with value: -0.620386984093161.
[I 2026-08-20 01:04:45,639] Trial 1681 finished with value: 0.5127280423382982 and parameters: {'k1': 0.0156221845077102, 'D_low': 16587.20628529171, 'k2': 0.0008009560244241247, 'D_high': 1616912.671051167, 'fire_exp': 3.7252222733470117, 'P_half': 32.12512368635146, 'pre_dampen_half': 10.545196472647438, 'gpp_af': 0.4838955410439738, 'gpp_b': 0.0006225986622132926, 'gpp_d': 561.449805851148, 'ign_k': 0.062255499987172856, 'ign_c': 4.287707858112559, 'trop_agb_crit': 19.36432679907553, 'trop_k_veg': 5.827308919710447, 'pop_amp': 0.6485568728578113, 'pop_peak': 1.6293659991631793, 'pop_sig': 1.6118718355010326}. Best is trial 1128 with value: -0.620386984093161.
[I 2026-08-20 01:04:47,815] Trial 1682 finished with value: -0.5259732947612331 and parameters: {'k1': 1.4749576632663421e-05, 'D_low': 10.287451462569422, 'k2': 0.06805601033008739, 'D_high': 445391.50071049214, 'fire_exp': 1.0816488518562895, 'P_half': 2204.511064015123, 'pre_dampen_half': 15.929269174909921, 'gpp_af': 0.0024355272024915203, 'gpp_b': 0.0022401527750562393, 'gpp_d': 2.089229094986847, 'ign_k': 5.958639555502165, 'ign_c': 0.12641329476625066, 'trop_agb_crit': 3.4436955192731227, 'trop_k_veg': 4.845479830783229, 'pop_amp': 3.2947331627739667, 'pop_peak': 1.7309107762152625, 'pop_sig': 1.753734281673028}. Best is trial 1128 with value: -0.620386984093161.
[I 2026-08-20 01:04:50,042] Trial 1683 finished with value: 0.6011859666895457 and parameters: {'k1': 0.008519516836588296, 'D_low': 801.4637821133024, 'k2': 0.0005738560298506298, 'D_high': 9520.247611235709, 'fire_exp': 6.832207478067343, 'P_half': 425.1918225656235, 'pre_dampen_half': 128.37526317893645, 'gpp_af': 0.0832129515242914, 'gpp_b': 0.020958518461240336, 'gpp_d': 625.0979203456989, 'ign_k': 1.0375287803211017, 'ign_c': 1.8672388709620578, 'trop_agb_crit': 29.115509447132023, 'trop_k_veg': 5.804415230271771, 'pop_amp': 0.756685492953048, 'pop_peak': 0.3308588745886746, 'pop_sig': 0.8057749180740951}. Best is trial 1128 with value: -0.620386984093161.
[I 2026-08-20 01:04:52,405] Trial 1684 finished with value: 0.5781844342191864 and parameters: {'k1': 0.0020871545451382643, 'D_low': 4896.013035292772, 'k2': 0.014556024874151103, 'D_high': 288134.11819361424, 'fire_exp': 1.4723778646630605, 'P_half': 9.921724080426142, 'pre_dampen_half': 0.3311841017768696, 'gpp_af': 0.08235796249200492, 'gpp_b': 0.0006658591081725476, 'gpp_d': 1.823123186168182, 'ign_k': 0.029919169537317703, 'ign_c': 69.38310123227954, 'trop_agb_crit': 6.264799008807279, 'trop_k_veg': 0.9721656097705919, 'pop_amp': 0.07134582327050369, 'pop_peak': 26.09559379312993, 'pop_sig': 1.1548932911378298}. Best is trial 1128 with value: -0.620386984093161.
[I 2026-08-20 01:04:54,673] Trial 1685 finished with value: 0.4701830926209416 and parameters: {'k1': 0.0005861100426703127, 'D_low': 3.4001774506626052, 'k2': 0.016415350546357965, 'D_high': 6612035.265929848, 'fire_exp': 3.3714209319617066, 'P_half': 1.2145257529842266, 'pre_dampen_half': 1.3302169231997951, 'gpp_af': 0.008135547771948757, 'gpp_b': 0.0005164463139419723, 'gpp_d': 107.28428418584491, 'ign_k': 0.4357105805685135, 'ign_c': 0.2327736953473837, 'trop_agb_crit': 18.85554613595271, 'trop_k_veg': 0.5395588766650156, 'pop_amp': 0.5769542534026951, 'pop_peak': 9.34534601299549, 'pop_sig': 0.73369431668601}. Best is trial 1128 with value: -0.620386984093161.
[I 2026-08-20 01:04:56,883] Trial 1686 finished with value: 0.44770661187330696 and parameters: {'k1': 0.0011121484541207493, 'D_low': 51.418996276060504, 'k2': 0.014537939609058744, 'D_high': 3424010.151190378, 'fire_exp': 1.3483950708162304, 'P_half': 6.3253301963925965, 'pre_dampen_half': 1.1004015865382242, 'gpp_af': 0.060476310575753825, 'gpp_b': 0.001545026023759482, 'gpp_d': 2.4591039035928834, 'ign_k': 0.2086031561418603, 'ign_c': 5.092873891221959, 'trop_agb_crit': 23.380403365637253, 'trop_k_veg': 0.8458764209080352, 'pop_amp': 2.758402178675118, 'pop_peak': 23.09460298133747, 'pop_sig': 0.5540513766519443}. Best is trial 1128 with value: -0.620386984093161.
[I 2026-08-20 01:04:59,091] Trial 1687 finished with value: 0.4331864109812096 and parameters: {'k1': 0.07873138511360313, 'D_low': 83.21988460783169, 'k2': 0.00021988947703467876, 'D_high': 1005644.0639646191, 'fire_exp': 2.274102688793085, 'P_half': 12.608984590282441, 'pre_dampen_half': 33.93496733636259, 'gpp_af': 0.002099019401315523, 'gpp_b': 0.0002696050723363033, 'gpp_d': 60.109103107404664, 'ign_k': 0.706907212646239, 'ign_c': 9.397991030171482, 'trop_agb_crit': 6.039807333923299, 'trop_k_veg': 1.4906177579084712, 'pop_amp': 0.0011352909717225253, 'pop_peak': 33.875955373399634, 'pop_sig': 0.7901407808088867}. Best is trial 1128 with value: -0.620386984093161.
[I 2026-08-20 01:05:01,283] Trial 1688 finished with value: 0.5959292431496419 and parameters: {'k1': 0.0005843944005047556, 'D_low': 370.61992421432365, 'k2': 0.009049427918273399, 'D_high': 5910077.821088534, 'fire_exp': 1.204241530527648, 'P_half': 1.9980960421727771, 'pre_dampen_half': 0.8828716116807709, 'gpp_af': 0.0011595446706540607, 'gpp_b': 0.0014397283888784823, 'gpp_d': 8.418171088753208, 'ign_k': 0.12280103774857652, 'ign_c': 244.4627479048354, 'trop_agb_crit': 22.96759538692682, 'trop_k_veg': 2.000076286170862, 'pop_amp': 2.7202829119690315, 'pop_peak': 86.04854376815929, 'pop_sig': 0.6257150392454089}. Best is trial 1128 with value: -0.620386984093161.
[I 2026-08-20 01:05:03,429] Trial 1689 finished with value: 0.4819201910953803 and parameters: {'k1': 0.00030921528573897783, 'D_low': 4.936889526798594, 'k2': 0.053900028223561, 'D_high': 1440128.8264778499, 'fire_exp': 1.1933195179093787, 'P_half': 59.73646653357752, 'pre_dampen_half': 0.043312128983208686, 'gpp_af': 0.0723594610173763, 'gpp_b': 1.3678674841330509e-05, 'gpp_d': 0.14927564386133652, 'ign_k': 0.348712507050374, 'ign_c': 0.24324994160090674, 'trop_agb_crit': 2.2484712133667872, 'trop_k_veg': 6.53580942744118, 'pop_amp': 0.23012888795784078, 'pop_peak': 114.08502645414349, 'pop_sig': 0.6341976686505525}. Best is trial 1128 with value: -0.620386984093161.
[I 2026-08-20 01:05:05,726] Trial 1690 finished with value: 0.5645565398462064 and parameters: {'k1': 0.0010542155899888777, 'D_low': 250.78870349288107, 'k2': 0.00038677664841768003, 'D_high': 392901.86923680786, 'fire_exp': 7.828034789666835, 'P_half': 418.52292328201924, 'pre_dampen_half': 384.7697864038652, 'gpp_af': 1.3479957585399769, 'gpp_b': 0.0020822111544879663, 'gpp_d': 131.5281124647895, 'ign_k': 3.2962444146594794, 'ign_c': 7.410248240341512, 'trop_agb_crit': 4.972089572307727, 'trop_k_veg': 3.5536019296772223, 'pop_amp': 0.1659050537368176, 'pop_peak': 6.3968033976794345, 'pop_sig': 0.6740436725420713}. Best is trial 1128 with value: -0.620386984093161.
[I 2026-08-20 01:05:08,459] Trial 1691 finished with value: 0.6172120398540777 and parameters: {'k1': 0.0675735532488212, 'D_low': 66.97989014176673, 'k2': 1.1801491455477824e-05, 'D_high': 1011.7743700063997, 'fire_exp': 1.7203114380687234, 'P_half': 1.032502908879952, 'pre_dampen_half': 4.191747029295525, 'gpp_af': 0.048368656931059545, 'gpp_b': 6.201988645139535e-05, 'gpp_d': 64.72803929866369, 'ign_k': 1.6031402140430833, 'ign_c': 35.58972536337896, 'trop_agb_crit': 4.597748073886085, 'trop_k_veg': 4.412198847775475, 'pop_amp': 0.009854965599360905, 'pop_peak': 34.134746976883726, 'pop_sig': 1.8672127142637323}. Best is trial 1128 with value: -0.620386984093161.
[I 2026-08-20 01:05:10,808] Trial 1692 finished with value: 0.6445374145881376 and parameters: {'k1': 0.030339428572900274, 'D_low': 1404.5384650193362, 'k2': 2.7800334152475646e-05, 'D_high': 3186825.406766626, 'fire_exp': 1.5784837828813567, 'P_half': 2.946089753896126, 'pre_dampen_half': 0.15588470092210155, 'gpp_af': 0.009650021923409285, 'gpp_b': 1.8835204934470305e-05, 'gpp_d': 161.14491246085916, 'ign_k': 1.1120831241931175, 'ign_c': 92.57783547779192, 'trop_agb_crit': 4.220083327085007, 'trop_k_veg': 3.286785751311018, 'pop_amp': 0.0010486998829890046, 'pop_peak': 11.00856745210958, 'pop_sig': 0.8932780146919105}. Best is trial 1128 with value: -0.620386984093161.
[I 2026-08-20 01:05:13,019] Trial 1693 finished with value: 0.5990825953365746 and parameters: {'k1': 0.0026181311476391, 'D_low': 5076.005846942508, 'k2': 1.7963363903207614e-05, 'D_high': 26065.100936899085, 'fire_exp': 6.069351298707499, 'P_half': 43.41765374153826, 'pre_dampen_half': 497.50838033732083, 'gpp_af': 0.26046918994130086, 'gpp_b': 0.004576080279345264, 'gpp_d': 12.887206541735088, 'ign_k': 1.7614378528727337, 'ign_c': 8.072776165472208, 'trop_agb_crit': 18.63000513016585, 'trop_k_veg': 6.669312049230959, 'pop_amp': 0.22299382856507696, 'pop_peak': 3.391716180748502, 'pop_sig': 0.5004725588963662}. Best is trial 1128 with value: -0.620386984093161.
[I 2026-08-20 01:05:15,296] Trial 1694 finished with value: -0.5707291977809114 and parameters: {'k1': 0.001422499302823795, 'D_low': 215.20988792561718, 'k2': 0.0009808969544271027, 'D_high': 1338489.8548373363, 'fire_exp': 1.9431676299551925, 'P_half': 3.4440063474263405, 'pre_dampen_half': 0.07669129783837543, 'gpp_af': 0.07490164007913953, 'gpp_b': 0.0003752559902592645, 'gpp_d': 21.46049727706517, 'ign_k': 0.5442027274083131, 'ign_c': 0.5003580790397341, 'trop_agb_crit': 19.07961589761402, 'trop_k_veg': 0.8064673776195168, 'pop_amp': 3.3686002163984807, 'pop_peak': 440.661642398035, 'pop_sig': 1.2484512234448577}. Best is trial 1128 with value: -0.620386984093161.
[I 2026-08-20 01:05:17,563] Trial 1695 finished with value: 0.6632592416839928 and parameters: {'k1': 0.008502414510214044, 'D_low': 675.99372331013, 'k2': 0.00033637876326718716, 'D_high': 561642.0786603697, 'fire_exp': 4.944579940799398, 'P_half': 161.5455047298715, 'pre_dampen_half': 99.05476334295643, 'gpp_af': 0.4778751797099875, 'gpp_b': 0.012793848283644372, 'gpp_d': 250.30033740414603, 'ign_k': 0.5388102099312405, 'ign_c': 0.40323420165416635, 'trop_agb_crit': 7.0215150102802175, 'trop_k_veg': 7.836011835142961, 'pop_amp': 10.22445633620512, 'pop_peak': 4.150530039638833, 'pop_sig': 1.1574105965970702}. Best is trial 1128 with value: -0.620386984093161.
