[I 2026-08-14 14:13:01,459] Trial 423 finished with values: [-0.4138940435061752, 0.00028748603441752785] and parameters: {'k1': 0.0131638092522722, 'D_low': 4.043300846639722, 'k2': 0.00019472216066157317, 'D_high': 39079.671568228776, 'fire_exp': 1.7973831035976209, 'P_half': 1938.3858782150498, 'pre_dampen_half': 0.03426913908389044, 'gpp_af': 0.16983565276584273, 'gpp_b': 0.00012906175696809457, 'gpp_d': 5.1227685768715014, 'ign_k': 0.0012087541473056963, 'ign_c': 0.21947742689197342, 'trop_agb_crit': 16.86264052240002, 'trop_k_veg': 7.260694958828215, 'fuel_k': 0.02496045629458217, 'fuel_half': 0.35498788321965025}.
[I 2026-08-14 14:13:03,744] Trial 424 finished with values: [-0.553122598704392, 0.5208112327937109] and parameters: {'k1': 6.069662445477729e-05, 'D_low': 9.497440085397416, 'k2': 2.5299503921303695e-05, 'D_high': 1620420.329328003, 'fire_exp': 1.0629462657398439, 'P_half': 6.658322706867178, 'pre_dampen_half': 502.5175192217655, 'gpp_af': 0.7539992074650279, 'gpp_b': 0.0021331409710300844, 'gpp_d': 3.0023172465753074, 'ign_k': 0.0680787482656459, 'ign_c': 15.221840161091626, 'trop_agb_crit': 24.584290528289387, 'trop_k_veg': 4.844706510617515, 'fuel_k': 1.6630228777630973, 'fuel_half': 52.00581729114123}.
[I 2026-08-14 14:13:05,763] Trial 425 finished with values: [-0.4871869131267997, 0.05361100273827457] and parameters: {'k1': 0.000132965214572995, 'D_low': 126.11058927054879, 'k2': 1.4363112408604443e-05, 'D_high': 625838.668783032, 'fire_exp': 1.2429193829348841, 'P_half': 4.961134450191397, 'pre_dampen_half': 0.043181981126981975, 'gpp_af': 0.0023751383317256927, 'gpp_b': 2.325239859823921e-05, 'gpp_d': 700.6693992445935, 'ign_k': 0.31014294272127446, 'ign_c': 0.21947742689197342, 'trop_agb_crit': 1.8730954962803803, 'trop_k_veg': 0.6139438440498544, 'fuel_k': 1.6630228777630973, 'fuel_half': 2.841639333505349}.
[I 2026-08-14 14:13:07,861] Trial 426 finished with values: [-0.4053015114990049, 9.091995456511626e-08] and parameters: {'k1': 6.069662445477729e-05, 'D_low': 2.607160725470918, 'k2': 0.00019472216066157317, 'D_high': 160625.60954780428, 'fire_exp': 1.2429193829348841, 'P_half': 1938.3858782150498, 'pre_dampen_half': 0.03627422119926134, 'gpp_af': 0.0025511964576171086, 'gpp_b': 1.1728753685919104, 'gpp_d': 0.01307253094873642, 'ign_k': 0.03141110271934876, 'ign_c': 3.0378658251922155, 'trop_agb_crit': 16.86264052240002, 'trop_k_veg': 3.4508425771776365, 'fuel_k': 5.486054129200969, 'fuel_half': 15.581254655530845}.
[I 2026-08-14 14:13:09,830] Trial 427 finished with values: [-0.3783105535175398, 8.598367351453362e-09] and parameters: {'k1': 0.00014888230597983555, 'D_low': 93.75345303884801, 'k2': 1.263794633808287e-05, 'D_high': 316055.11434645514, 'fire_exp': 6.188409493921614, 'P_half': 3910.3637457741784, 'pre_dampen_half': 0.10609580257119508, 'gpp_af': 0.008983355849178878, 'gpp_b': 1.6569065206637924e-05, 'gpp_d': 0.012284844784580964, 'ign_k': 1.8108143621079664, 'ign_c': 0.18316165443932733, 'trop_agb_crit': 21.825752290961518, 'trop_k_veg': 1.7570501127699654, 'fuel_k': 0.0561571708805531, 'fuel_half': 43.240425516201185}.
[I 2026-08-14 14:13:11,888] Trial 428 finished with values: [-0.3554087995851465, 0.0] and parameters: {'k1': 0.0012329098365270509, 'D_low': 9.497440085397416, 'k2': 1.263794633808287e-05, 'D_high': 71534.52030884045, 'fire_exp': 1.6214575867079866, 'P_half': 220.3445560633069, 'pre_dampen_half': 0.10609580257119508, 'gpp_af': 0.008983355849178878, 'gpp_b': 2.788681037423117, 'gpp_d': 16.460426816350523, 'ign_k': 0.04380580767905655, 'ign_c': 105.24574681335613, 'trop_agb_crit': 2.1775224101934065, 'trop_k_veg': 1.4584243470991722, 'fuel_k': 0.28630931797361614, 'fuel_half': 2.100333410321807}.
[I 2026-08-14 14:13:13,776] Trial 429 finished with values: [-0.3751949576952615, 6.01986238635277e-11] and parameters: {'k1': 0.0004688858519834985, 'D_low': 367.4904945305323, 'k2': 1.263794633808287e-05, 'D_high': 1826.6972566585878, 'fire_exp': 1.2429193829348841, 'P_half': 48.464976792190825, 'pre_dampen_half': 0.10609580257119508, 'gpp_af': 0.0023751383317256927, 'gpp_b': 2.788681037423117, 'gpp_d': 8.144272585223819, 'ign_k': 0.04380580767905655, 'ign_c': 105.24574681335613, 'trop_agb_crit': 2.1775224101934065, 'trop_k_veg': 2.8224577471047865, 'fuel_k': 0.06382243375381637, 'fuel_half': 57.882001937752435}.
[I 2026-08-14 14:13:15,737] Trial 430 finished with values: [-0.4248941813915243, 0.0009352565719522588] and parameters: {'k1': 1.0477226564098276e-05, 'D_low': 367.4904945305323, 'k2': 0.0009670857606743155, 'D_high': 316055.11434645514, 'fire_exp': 1.1404778529537094, 'P_half': 3910.3637457741784, 'pre_dampen_half': 0.03411860497758073, 'gpp_af': 0.34902252478382495, 'gpp_b': 0.015382154459808445, 'gpp_d': 3.0023172465753074, 'ign_k': 0.567034633562729, 'ign_c': 0.7464754881442118, 'trop_agb_crit': 2.1775224101934065, 'trop_k_veg': 2.417028380770307, 'fuel_k': 0.28630931797361614, 'fuel_half': 12.136386887218588}.
[I 2026-08-14 14:13:17,793] Trial 431 finished with values: [-0.392222590726803, 9.366902398166843e-08] and parameters: {'k1': 0.0131638092522722, 'D_low': 13702.184620615577, 'k2': 0.00019472216066157317, 'D_high': 12.862664853393753, 'fire_exp': 1.2429193829348841, 'P_half': 539.5442811888478, 'pre_dampen_half': 0.022695682239207024, 'gpp_af': 0.16983565276584273, 'gpp_b': 1.1728753685919104, 'gpp_d': 3.0023172465753074, 'ign_k': 0.03141110271934876, 'ign_c': 1.3409701145872435, 'trop_agb_crit': 24.181329527832204, 'trop_k_veg': 7.260694958828215, 'fuel_k': 0.5588539902953054, 'fuel_half': 42.89592532297351}.
[I 2026-08-14 14:13:19,713] Trial 432 finished with values: [-0.5045726946243161, 0.11571111376183174] and parameters: {'k1': 0.0004688858519834985, 'D_low': 367.4904945305323, 'k2': 0.0005708731724249573, 'D_high': 316055.11434645514, 'fire_exp': 1.6733848721157607, 'P_half': 269.74113434525447, 'pre_dampen_half': 3.659675301686169, 'gpp_af': 0.34902252478382495, 'gpp_b': 0.00024732964314480056, 'gpp_d': 285.57196407381804, 'ign_k': 0.04380580767905655, 'ign_c': 0.18316165443932733, 'trop_agb_crit': 2.419699259862185, 'trop_k_veg': 2.3220791324604515, 'fuel_k': 0.06382243375381637, 'fuel_half': 2.100333410321807}.
[I 2026-08-14 14:13:21,685] Trial 433 finished with values: [-0.3806064654765597, 4.193836056209932e-09] and parameters: {'k1': 0.0010204225357677778, 'D_low': 9.222492453004657, 'k2': 0.00010939944910100016, 'D_high': 44.39648242927527, 'fire_exp': 4.487053621524983, 'P_half': 1212.4080603355412, 'pre_dampen_half': 0.10609580257119508, 'gpp_af': 0.34902252478382495, 'gpp_b': 0.23395511097933275, 'gpp_d': 2.292633983096564, 'ign_k': 0.04380580767905655, 'ign_c': 3.0378658251922155, 'trop_agb_crit': 2.1775224101934065, 'trop_k_veg': 3.715819581962784, 'fuel_k': 5.486054129200969, 'fuel_half': 8.115041565366717}.
[I 2026-08-14 14:13:23,570] Trial 434 finished with values: [-0.35878651365982933, 0.6216687212430257] and parameters: {'k1': 0.0012329098365270509, 'D_low': 2148.727319612887, 'k2': 1.3243445838637965e-05, 'D_high': 160625.60954780428, 'fire_exp': 1.075051292556307, 'P_half': 1.7036120617148391, 'pre_dampen_half': 33.9790424311127, 'gpp_af': 0.0025511964576171086, 'gpp_b': 3.228689523591491e-05, 'gpp_d': 857.4284557962634, 'ign_k': 0.04380580767905655, 'ign_c': 0.21947742689197342, 'trop_agb_crit': 2.1775224101934065, 'trop_k_veg': 6.911478238001162, 'fuel_k': 5.486054129200969, 'fuel_half': 0.13122924251987642}.
[I 2026-08-14 14:13:25,679] Trial 435 finished with values: [-0.44559180660871284, 0.0026213564570952697] and parameters: {'k1': 0.00040091494283268605, 'D_low': 3735.16768760467, 'k2': 1.915468390724633e-05, 'D_high': 316055.11434645514, 'fire_exp': 1.9439887028475722, 'P_half': 220.3445560633069, 'pre_dampen_half': 0.10609580257119508, 'gpp_af': 0.0023751383317256927, 'gpp_b': 6.0327793441162e-05, 'gpp_d': 8.144272585223819, 'ign_k': 1.07907786430243, 'ign_c': 14.935213816355384, 'trop_agb_crit': 2.3118820898020997, 'trop_k_veg': 2.8224577471047865, 'fuel_k': 0.021123235354472927, 'fuel_half': 0.3995528014939306}.
[I 2026-08-14 14:13:27,570] Trial 436 finished with values: [-0.5140469868309421, 0.12231741209147229] and parameters: {'k1': 0.0024005553432620355, 'D_low': 1.7887890916820506, 'k2': 1.915468390724633e-05, 'D_high': 316055.11434645514, 'fire_exp': 1.9439887028475722, 'P_half': 3.079212464127044, 'pre_dampen_half': 0.10609580257119508, 'gpp_af': 0.030592049838223532, 'gpp_b': 1.6569065206637924e-05, 'gpp_d': 12.151631524283598, 'ign_k': 0.567034633562729, 'ign_c': 0.18316165443932733, 'trop_agb_crit': 2.3118820898020997, 'trop_k_veg': 4.844706510617515, 'fuel_k': 0.011892598727815663, 'fuel_half': 2.2148104601284695}.
[I 2026-08-14 14:13:29,511] Trial 437 finished with values: [-0.3554625854118624, 0.0] and parameters: {'k1': 0.00014888230597983555, 'D_low': 93.75345303884801, 'k2': 0.0009670857606743155, 'D_high': 2541.6076006960125, 'fire_exp': 2.8326898622433334, 'P_half': 343.5759946100352, 'pre_dampen_half': 0.03411860497758073, 'gpp_af': 0.03934396739328546, 'gpp_b': 1.1728753685919104, 'gpp_d': 0.9576572359933988, 'ign_k': 1.8108143621079664, 'ign_c': 105.24574681335613, 'trop_agb_crit': 3.8524922362032497, 'trop_k_veg': 2.8056728593013704, 'fuel_k': 0.5588539902953054, 'fuel_half': 42.89592532297351}.
[I 2026-08-14 14:13:31,682] Trial 438 finished with values: [-0.3604523795555907, 2.1523307795701108e-05] and parameters: {'k1': 1.0477226564098276e-05, 'D_low': 105.0448464633852, 'k2': 0.0543876219522674, 'D_high': 39079.671568228776, 'fire_exp': 2.1589564941849333, 'P_half': 1938.3858782150498, 'pre_dampen_half': 0.0195172246414495, 'gpp_af': 6.940121430516967, 'gpp_b': 3.228689523591491e-05, 'gpp_d': 0.08139347272614299, 'ign_k': 0.0012087541473056963, 'ign_c': 0.7464754881442118, 'trop_agb_crit': 16.967533607196547, 'trop_k_veg': 7.260694958828215, 'fuel_k': 0.02496045629458217, 'fuel_half': 12.136386887218588}.
[I 2026-08-14 14:13:33,845] Trial 439 finished with values: [-0.5097732868591143, 0.10853776339356302] and parameters: {'k1': 0.004312951023617458, 'D_low': 1.7887890916820506, 'k2': 0.0010495653625093638, 'D_high': 71534.52030884045, 'fire_exp': 1.6214575867079866, 'P_half': 27.59069025439785, 'pre_dampen_half': 0.10609580257119508, 'gpp_af': 0.4085228003668622, 'gpp_b': 1.6569065206637924e-05, 'gpp_d': 16.460426816350523, 'ign_k': 0.567034633562729, 'ign_c': 0.18316165443932733, 'trop_agb_crit': 13.98132484257899, 'trop_k_veg': 2.4516474838484386, 'fuel_k': 1.6630228777630973, 'fuel_half': 2.2148104601284695}.
[I 2026-08-14 14:13:36,377] Trial 440 finished with values: [-0.42326782723926515, 0.005189585032746802] and parameters: {'k1': 0.0029707920514735983, 'D_low': 4.043300846639722, 'k2': 0.00019472216066157317, 'D_high': 160625.60954780428, 'fire_exp': 2.0708855844803247, 'P_half': 1938.3858782150498, 'pre_dampen_half': 3.4369565628226946, 'gpp_af': 0.0025511964576171086, 'gpp_b': 3.228689523591491e-05, 'gpp_d': 34.70266988650411, 'ign_k': 0.03141110271934876, 'ign_c': 3.0378658251922155, 'trop_agb_crit': 16.86264052240002, 'trop_k_veg': 7.260694958828215, 'fuel_k': 5.486054129200969, 'fuel_half': 15.581254655530845}.
[I 2026-08-14 14:13:38,929] Trial 441 finished with values: [-0.3554625854118624, 0.0] and parameters: {'k1': 0.00014888230597983555, 'D_low': 93.75345303884801, 'k2': 1.3243445838637965e-05, 'D_high': 16.752866684650684, 'fire_exp': 6.188409493921614, 'P_half': 351.2704726270846, 'pre_dampen_half': 0.0195172246414495, 'gpp_af': 0.0023751383317256927, 'gpp_b': 0.07311344697279921, 'gpp_d': 34.70266988650411, 'ign_k': 0.011698039424426817, 'ign_c': 105.24574681335613, 'trop_agb_crit': 2.1775224101934065, 'trop_k_veg': 0.9008485225328876, 'fuel_k': 0.06382243375381637, 'fuel_half': 12.136386887218588}.
[I 2026-08-14 14:13:40,841] Trial 442 finished with values: [-0.4000432785995365, 3.969307496576313e-06] and parameters: {'k1': 6.069662445477729e-05, 'D_low': 2.607160725470918, 'k2': 0.00010939944910100016, 'D_high': 12.862664853393753, 'fire_exp': 1.2429193829348841, 'P_half': 539.5442811888478, 'pre_dampen_half': 0.022695682239207024, 'gpp_af': 0.03934396739328546, 'gpp_b': 1.1728753685919104, 'gpp_d': 2.292633983096564, 'ign_k': 0.39676339357448603, 'ign_c': 3.0378658251922155, 'trop_agb_crit': 1.4946647023314867, 'trop_k_veg': 3.4508425771776365, 'fuel_k': 0.5588539902953054, 'fuel_half': 8.115041565366717}.
[I 2026-08-14 14:13:43,045] Trial 443 finished with values: [-0.3554625854118624, 0.0] and parameters: {'k1': 1.4665316366397004e-05, 'D_low': 14787.382840410779, 'k2': 3.9207829763785736e-05, 'D_high': 1826.6972566585878, 'fire_exp': 9.696837616382018, 'P_half': 351.2704726270846, 'pre_dampen_half': 0.0195172246414495, 'gpp_af': 0.34902252478382495, 'gpp_b': 2.325239859823921e-05, 'gpp_d': 34.70266988650411, 'ign_k': 0.011698039424426817, 'ign_c': 14.935213816355384, 'trop_agb_crit': 1.8730954962803803, 'trop_k_veg': 0.6139438440498544, 'fuel_k': 0.021123235354472927, 'fuel_half': 65.99277195883643}.
[I 2026-08-14 14:13:44,994] Trial 444 finished with values: [-0.40150007347578687, 1.749701003639359e-06] and parameters: {'k1': 0.0012329098365270509, 'D_low': 3735.16768760467, 'k2': 1.263794633808287e-05, 'D_high': 44.39648242927527, 'fire_exp': 1.075051292556307, 'P_half': 351.2704726270846, 'pre_dampen_half': 0.10609580257119508, 'gpp_af': 0.34902252478382495, 'gpp_b': 2.788681037423117, 'gpp_d': 2.292633983096564, 'ign_k': 0.04380580767905655, 'ign_c': 105.24574681335613, 'trop_agb_crit': 2.1775224101934065, 'trop_k_veg': 7.262542926029038, 'fuel_k': 0.28630931797361614, 'fuel_half': 57.882001937752435}.
[I 2026-08-14 14:13:47,298] Trial 445 finished with values: [-0.4368053370570747, 0.034903278753513955] and parameters: {'k1': 0.0007087479683081, 'D_low': 4.043300846639722, 'k2': 1.263794633808287e-05, 'D_high': 160625.60954780428, 'fire_exp': 1.182396148413737, 'P_half': 351.2704726270846, 'pre_dampen_half': 0.10609580257119508, 'gpp_af': 0.34902252478382495, 'gpp_b': 3.228689523591491e-05, 'gpp_d': 857.4284557962634, 'ign_k': 0.011698039424426817, 'ign_c': 3.0378658251922155, 'trop_agb_crit': 15.870971677383487, 'trop_k_veg': 3.715819581962784, 'fuel_k': 0.021123235354472927, 'fuel_half': 18.202647368248826}.
[I 2026-08-14 14:13:49,362] Trial 446 finished with values: [-0.413463426433085, 0.0003545829410268597] and parameters: {'k1': 0.00014888230597983555, 'D_low': 93.75345303884801, 'k2': 0.08636422432723088, 'D_high': 39079.671568228776, 'fire_exp': 1.6214575867079866, 'P_half': 351.2704726270846, 'pre_dampen_half': 0.0195172246414495, 'gpp_af': 0.2965524548878197, 'gpp_b': 0.03103333227753725, 'gpp_d': 34.70266988650411, 'ign_k': 0.0012087541473056963, 'ign_c': 0.3296550135838091, 'trop_agb_crit': 16.967533607196547, 'trop_k_veg': 0.9008485225328876, 'fuel_k': 0.02496045629458217, 'fuel_half': 0.30455368715396786}.
[I 2026-08-14 14:13:51,329] Trial 447 finished with values: [-0.3554625854118624, 0.0] and parameters: {'k1': 0.0029707920514735983, 'D_low': 3735.16768760467, 'k2': 0.001906534551939351, 'D_high': 12.862664853393753, 'fire_exp': 1.6214575867079866, 'P_half': 1938.3858782150498, 'pre_dampen_half': 0.05016722470997861, 'gpp_af': 0.0025511964576171086, 'gpp_b': 1.1728753685919104, 'gpp_d': 3.0023172465753074, 'ign_k': 1.8108143621079664, 'ign_c': 3.0378658251922155, 'trop_agb_crit': 1.4946647023314867, 'trop_k_veg': 6.911478238001162, 'fuel_k': 5.486054129200969, 'fuel_half': 26.9364391631794}.
[I 2026-08-14 14:13:53,411] Trial 448 finished with values: [-0.4196411426607051, 0.0028584684926878934] and parameters: {'k1': 0.05554169083020911, 'D_low': 2148.727319612887, 'k2': 1.3243445838637965e-05, 'D_high': 16.752866684650684, 'fire_exp': 1.0114396646447246, 'P_half': 351.2704726270846, 'pre_dampen_half': 0.03411860497758073, 'gpp_af': 3.9446537792806113, 'gpp_b': 0.4168322557207811, 'gpp_d': 700.6693992445935, 'ign_k': 0.567034633562729, 'ign_c': 0.21947742689197342, 'trop_agb_crit': 2.3118820898020997, 'trop_k_veg': 6.999477065942703, 'fuel_k': 0.5964469943278032, 'fuel_half': 57.882001937752435}.
[I 2026-08-14 14:13:55,391] Trial 449 finished with values: [-0.4093228478634165, 5.5510692512861226e-05] and parameters: {'k1': 0.0029707920514735983, 'D_low': 4.043300846639722, 'k2': 2.1698375693549493e-05, 'D_high': 44.39648242927527, 'fire_exp': 1.182396148413737, 'P_half': 351.2704726270846, 'pre_dampen_half': 0.0195172246414495, 'gpp_af': 0.34902252478382495, 'gpp_b': 0.040428727350273294, 'gpp_d': 857.4284557962634, 'ign_k': 0.03141110271934876, 'ign_c': 105.24574681335613, 'trop_agb_crit': 2.3118820898020997, 'trop_k_veg': 6.911478238001162, 'fuel_k': 0.06382243375381637, 'fuel_half': 43.240425516201185}.
[I 2026-08-14 14:13:57,314] Trial 450 finished with values: [-0.3705447058077128, 1.003308547353754e-11] and parameters: {'k1': 0.0004688858519834985, 'D_low': 367.4904945305323, 'k2': 1.263794633808287e-05, 'D_high': 44.39648242927527, 'fire_exp': 1.2429193829348841, 'P_half': 48.464976792190825, 'pre_dampen_half': 0.011501973785501987, 'gpp_af': 0.0023751383317256927, 'gpp_b': 2.788681037423117, 'gpp_d': 8.144272585223819, 'ign_k': 0.04380580767905655, 'ign_c': 105.24574681335613, 'trop_agb_crit': 2.1775224101934065, 'trop_k_veg': 2.8224577471047865, 'fuel_k': 0.06382243375381637, 'fuel_half': 3.7093134348291836}.
[I 2026-08-14 14:13:59,379] Trial 451 finished with values: [-0.4323951805832313, 0.028790093729606503] and parameters: {'k1': 0.0029707920514735983, 'D_low': 4.043300846639722, 'k2': 1.915468390724633e-05, 'D_high': 316055.11434645514, 'fire_exp': 1.7973831035976209, 'P_half': 1938.3858782150498, 'pre_dampen_half': 33.9790424311127, 'gpp_af': 0.0025511964576171086, 'gpp_b': 1.6569065206637924e-05, 'gpp_d': 12.151631524283598, 'ign_k': 0.03141110271934876, 'ign_c': 0.18316165443932733, 'trop_agb_crit': 2.3118820898020997, 'trop_k_veg': 5.546867170791755, 'fuel_k': 0.011892598727815663, 'fuel_half': 15.581254655530845}.
[I 2026-08-14 14:14:01,345] Trial 452 finished with values: [-0.39551127078528403, 5.114874612743847e-08] and parameters: {'k1': 5.232779509048979e-05, 'D_low': 3735.16768760467, 'k2': 1.854837679096716e-05, 'D_high': 44.39648242927527, 'fire_exp': 6.188409493921614, 'P_half': 351.2704726270846, 'pre_dampen_half': 0.10609580257119508, 'gpp_af': 0.008983355849178878, 'gpp_b': 1.6569065206637924e-05, 'gpp_d': 857.4284557962634, 'ign_k': 0.18170401889219123, 'ign_c': 0.18316165443932733, 'trop_agb_crit': 13.98132484257899, 'trop_k_veg': 0.9008485225328876, 'fuel_k': 0.28630931797361614, 'fuel_half': 2.3132339997152647}.
[I 2026-08-14 14:14:03,279] Trial 453 finished with values: [-0.4528822119198505, 0.004674888244034503] and parameters: {'k1': 0.07573282902008706, 'D_low': 3507.515213502105, 'k2': 0.0005708731724249573, 'D_high': 625838.668783032, 'fire_exp': 3.27790247797386, 'P_half': 65.33684593224972, 'pre_dampen_half': 0.15144408538724474, 'gpp_af': 0.008983355849178878, 'gpp_b': 0.00024732964314480056, 'gpp_d': 314.6826989726468, 'ign_k': 0.31014294272127446, 'ign_c': 0.18316165443932733, 'trop_agb_crit': 5.273338791937182, 'trop_k_veg': 4.844706510617515, 'fuel_k': 1.6630228777630973, 'fuel_half': 10.013658413533488}.
[I 2026-08-14 14:14:05,250] Trial 454 finished with values: [-0.44682142451652884, 0.053330312594436435] and parameters: {'k1': 0.0024005553432620355, 'D_low': 1.7887890916820506, 'k2': 0.0010495653625093638, 'D_high': 316055.11434645514, 'fire_exp': 1.7973831035976209, 'P_half': 27.59069025439785, 'pre_dampen_half': 0.03426913908389044, 'gpp_af': 0.4085228003668622, 'gpp_b': 1.6569065206637924e-05, 'gpp_d': 3.0023172465753074, 'ign_k': 0.03141110271934876, 'ign_c': 0.18316165443932733, 'trop_agb_crit': 15.53776736258787, 'trop_k_veg': 4.844706510617515, 'fuel_k': 0.029111707920759254, 'fuel_half': 35.2847426865637}.
[I 2026-08-14 14:14:07,120] Trial 455 finished with values: [-0.39297336145462736, 1.243301763764748e-07] and parameters: {'k1': 3.619136963999883e-05, 'D_low': 367.4904945305323, 'k2': 2.5299503921303695e-05, 'D_high': 1826.6972566585878, 'fire_exp': 1.2429193829348841, 'P_half': 48.464976792190825, 'pre_dampen_half': 0.10609580257119508, 'gpp_af': 0.0023751383317256927, 'gpp_b': 2.788681037423117, 'gpp_d': 1.105785410092522, 'ign_k': 0.04380580767905655, 'ign_c': 0.4213183643253957, 'trop_agb_crit': 1.1073237802669997, 'trop_k_veg': 4.844706510617515, 'fuel_k': 0.06382243375381637, 'fuel_half': 57.882001937752435}.
[I 2026-08-14 14:14:09,458] Trial 456 finished with values: [-0.3554625854118624, 0.0] and parameters: {'k1': 0.00014888230597983555, 'D_low': 93.75345303884801, 'k2': 1.263794633808287e-05, 'D_high': 39079.671568228776, 'fire_exp': 6.188409493921614, 'P_half': 1938.3858782150498, 'pre_dampen_half': 0.0195172246414495, 'gpp_af': 0.34902252478382495, 'gpp_b': 0.0007040113316769033, 'gpp_d': 34.70266988650411, 'ign_k': 0.03141110271934876, 'ign_c': 105.24574681335613, 'trop_agb_crit': 16.967533607196547, 'trop_k_veg': 0.9008485225328876, 'fuel_k': 0.06382243375381637, 'fuel_half': 43.240425516201185}.
[I 2026-08-14 14:14:11,339] Trial 457 finished with values: [-0.3554625854118624, 0.0] and parameters: {'k1': 0.006587536748686894, 'D_low': 9.222492453004657, 'k2': 1.263794633808287e-05, 'D_high': 16.752866684650684, 'fire_exp': 1.591671544437082, 'P_half': 1535.1441568398143, 'pre_dampen_half': 0.10609580257119508, 'gpp_af': 0.0023751383317256927, 'gpp_b': 2.788681037423117, 'gpp_d': 0.06888046676681166, 'ign_k': 0.04380580767905655, 'ign_c': 105.24574681335613, 'trop_agb_crit': 9.879645484210656, 'trop_k_veg': 7.359706248396124, 'fuel_k': 1.6630228777630973, 'fuel_half': 12.136386887218588}.
