[I 2026-07-22 21:42:41,341] Trial 244 finished with values: [10.594017041962708, 10.594017041962708] and parameters: {'k1': 0.00016480446427978953, 'D_low': 8454.098152188677, 'k2': 0.002342238625792905, 'D_high': 107013.64911724928, 'fire_exp': 2.3987174696212126, 'P_half': 4.961134450191397, 'pre_dampen_half': 269.0845367054863, 'gpp_af': 29.925002022877816, 'gpp_b': 0.0054502936945582505, 'gpp_d': 0.3619181297408274, 'ign_k': 3.210808548911192, 'ign_c': 4.1108484350212295, 'trop_agb_crit': 19.28597237496244, 'trop_k_veg': 0.9793402026070162, 'fuel_k': 1.312881567992459, 'fuel_half': 0.13249100882689224}.
[I 2026-07-22 21:42:41,767] Trial 245 finished with values: [10.628939935813458, 10.628939935813458] and parameters: {'k1': 0.002968335334246999, 'D_low': 163.4864778201543, 'k2': 2.8459703343413838e-05, 'D_high': 16392.60991832772, 'fire_exp': 1.0341837609578937, 'P_half': 12.38905291855107, 'pre_dampen_half': 0.7354388726789677, 'gpp_af': 0.12243451886824051, 'gpp_b': 0.011750724729953272, 'gpp_d': 4.576857873108685, 'ign_k': 0.011698039424426817, 'ign_c': 4.1108484350212295, 'trop_agb_crit': 6.1198430581046965, 'trop_k_veg': 0.9793402026070162, 'fuel_k': 1.2528108647479208, 'fuel_half': 7.259866824755671}.
[I 2026-07-22 21:42:42,195] Trial 246 finished with values: [10.025757924822853, 10.025757924822853] and parameters: {'k1': 0.00016480446427978953, 'D_low': 19389.89852278267, 'k2': 0.0001971137615017176, 'D_high': 708572.1663941594, 'fire_exp': 2.3987174696212126, 'P_half': 1.7036120617148391, 'pre_dampen_half': 26.373339933815235, 'gpp_af': 0.06789053271698488, 'gpp_b': 0.0005392415140872105, 'gpp_d': 2.8006820077310226, 'ign_k': 3.210808548911192, 'ign_c': 8.405439129313676, 'trop_agb_crit': 29.789943908227905, 'trop_k_veg': 3.028464701337094, 'fuel_k': 0.48736180483849406, 'fuel_half': 0.32476735706274484}.
[I 2026-07-22 21:42:42,621] Trial 247 finished with values: [10.276566307284716, 10.276566307284716] and parameters: {'k1': 6.693990428538841e-05, 'D_low': 1.1640589436768796, 'k2': 0.002342238625792905, 'D_high': 2512533.442757688, 'fire_exp': 1.0341837609578937, 'P_half': 10.226988730324324, 'pre_dampen_half': 10.059683154936915, 'gpp_af': 29.925002022877816, 'gpp_b': 0.0054502936945582505, 'gpp_d': 2.8006820077310226, 'ign_k': 0.006290644294586149, 'ign_c': 11.40086370112731, 'trop_agb_crit': 5.841230872704112, 'trop_k_veg': 0.5695379443977426, 'fuel_k': 0.48736180483849406, 'fuel_half': 16.371966573507315}.
[I 2026-07-22 21:42:43,044] Trial 248 finished with values: [10.975797535104732, 10.975797535104732] and parameters: {'k1': 0.002968335334246999, 'D_low': 102.19595065529477, 'k2': 0.0034207303670092245, 'D_high': 107013.64911724928, 'fire_exp': 2.389938107983505, 'P_half': 136.0956887810302, 'pre_dampen_half': 294.75617712568373, 'gpp_af': 0.008562341633595545, 'gpp_b': 1.7565109007473816e-05, 'gpp_d': 9.00460602264307, 'ign_k': 0.5131654955148324, 'ign_c': 4.1108484350212295, 'trop_agb_crit': 19.28597237496244, 'trop_k_veg': 0.9369104721775232, 'fuel_k': 1.312881567992459, 'fuel_half': 0.13249100882689224}.
[I 2026-07-22 21:42:43,461] Trial 249 finished with values: [10.601242998455794, 10.601242998455794] and parameters: {'k1': 0.003419108473554454, 'D_low': 2.8627614274446977, 'k2': 7.67074891445376e-05, 'D_high': 8433503.858791472, 'fire_exp': 2.4645237762603327, 'P_half': 4.020051040432125, 'pre_dampen_half': 33.71909132517388, 'gpp_af': 0.03924302839842014, 'gpp_b': 0.0039265289720170965, 'gpp_d': 6.91394869865762, 'ign_k': 0.0029580419692843236, 'ign_c': 3.0378658251922155, 'trop_agb_crit': 2.539877620672643, 'trop_k_veg': 1.140286245977296, 'fuel_k': 3.6992394681929355, 'fuel_half': 18.202647368248815}.
[I 2026-07-22 21:42:43,886] Trial 250 finished with values: [10.769194021571842, 10.769194021571842] and parameters: {'k1': 1.8205657658407255e-05, 'D_low': 458876.1870833981, 'k2': 1.915468390724633e-05, 'D_high': 71534.52030884045, 'fire_exp': 1.3219590610242518, 'P_half': 220.3445560633069, 'pre_dampen_half': 502.5175192217655, 'gpp_af': 0.7539992074650282, 'gpp_b': 8.129227514069975e-05, 'gpp_d': 8.057329182285729, 'ign_k': 0.009861808369679786, 'ign_c': 15.221840161091619, 'trop_agb_crit': 6.119263728555865, 'trop_k_veg': 2.42764713875812, 'fuel_k': 1.312881567992459, 'fuel_half': 0.253071961271088}.
[I 2026-07-22 21:42:44,308] Trial 251 finished with values: [10.590217416926258, 10.590217416926258] and parameters: {'k1': 0.052334804885400876, 'D_low': 4.043300846639722, 'k2': 2.1698375693549493e-05, 'D_high': 1693415.5410667954, 'fire_exp': 1.0689448798385355, 'P_half': 1938.3858782150498, 'pre_dampen_half': 1.2549793639668947, 'gpp_af': 0.0025511964576171086, 'gpp_b': 3.228689523591491e-05, 'gpp_d': 302.3127748796295, 'ign_k': 0.03141110271934876, 'ign_c': 3.0378658251922155, 'trop_agb_crit': 15.870971677383487, 'trop_k_veg': 6.911478238001162, 'fuel_k': 0.5941849670507415, 'fuel_half': 18.202647368248815}.
[I 2026-07-22 21:42:44,738] Trial 252 finished with values: [10.708867817011589, 10.708867817011589] and parameters: {'k1': 0.0003893835424674703, 'D_low': 140.92119204434155, 'k2': 2.8459703343413838e-05, 'D_high': 107013.64911724928, 'fire_exp': 1.034491242472073, 'P_half': 1228.2126524008484, 'pre_dampen_half': 0.7354388726789677, 'gpp_af': 18.235072804314193, 'gpp_b': 0.02048523887932671, 'gpp_d': 6.378078463802852, 'ign_k': 0.0012634132366522116, 'ign_c': 4.1108484350212295, 'trop_agb_crit': 11.41767816030627, 'trop_k_veg': 3.107373729897127, 'fuel_k': 1.2528108647479208, 'fuel_half': 7.259866824755671}.
[I 2026-07-22 21:42:45,157] Trial 253 finished with values: [10.604057935165386, 10.604057935165386] and parameters: {'k1': 0.00016480446427978953, 'D_low': 247.75146043208053, 'k2': 1.127217425995114e-05, 'D_high': 1026.0852623190942, 'fire_exp': 2.3987174696212126, 'P_half': 38.82837025280678, 'pre_dampen_half': 269.0845367054863, 'gpp_af': 0.005618069878716736, 'gpp_b': 7.402343469704414e-05, 'gpp_d': 2.8006820077310226, 'ign_k': 3.210808548911192, 'ign_c': 2.329535895346768, 'trop_agb_crit': 29.789943908227905, 'trop_k_veg': 3.028464701337094, 'fuel_k': 0.04572914063536324, 'fuel_half': 0.32476735706274484}.
[I 2026-07-22 21:42:45,575] Trial 254 finished with values: [-0.3629039348859595, 0.9536911546114902] and parameters: {'k1': 0.00016480446427978953, 'D_low': 13.25142220631392, 'k2': 0.002342238625792905, 'D_high': 708572.1663941594, 'fire_exp': 1.0341837609578937, 'P_half': 2.458603276328005, 'pre_dampen_half': 347.79988160923324, 'gpp_af': 29.925002022877816, 'gpp_b': 0.0005392415140872105, 'gpp_d': 8.057329182285729, 'ign_k': 0.0013726318898045872, 'ign_c': 11.40086370112731, 'trop_agb_crit': 6.1198430581046965, 'trop_k_veg': 0.5772603928610088, 'fuel_k': 0.48736180483849406, 'fuel_half': 0.32476735706274484}.
[I 2026-07-22 21:42:45,998] Trial 255 finished with values: [10.769148406592018, 10.769148406592018] and parameters: {'k1': 0.052334804885400876, 'D_low': 70586.60227368641, 'k2': 7.67074891445376e-05, 'D_high': 210.33776477006836, 'fire_exp': 1.3219590610242518, 'P_half': 1.4378290221680121, 'pre_dampen_half': 36.876350096202984, 'gpp_af': 42.29037995744429, 'gpp_b': 0.011750724729953272, 'gpp_d': 302.3127748796295, 'ign_k': 4.59148521674054, 'ign_c': 8.405439129313676, 'trop_agb_crit': 6.119263728555865, 'trop_k_veg': 1.140286245977296, 'fuel_k': 1.8731335591844647, 'fuel_half': 0.3625056554880307}.
[I 2026-07-22 21:42:46,415] Trial 256 finished with values: [10.23266171635479, 10.23266171635479] and parameters: {'k1': 0.002968335334246999, 'D_low': 163.4864778201543, 'k2': 0.00012498583886387654, 'D_high': 305369.47947832284, 'fire_exp': 1.0341837609578937, 'P_half': 10.226988730324324, 'pre_dampen_half': 36.876350096202984, 'gpp_af': 29.925002022877816, 'gpp_b': 0.0054502936945582505, 'gpp_d': 2.8006820077310226, 'ign_k': 0.0026834162496848666, 'ign_c': 6.1609752947414345, 'trop_agb_crit': 28.408892144927382, 'trop_k_veg': 0.9793402026070162, 'fuel_k': 0.48736180483849406, 'fuel_half': 7.259866824755671}.
[I 2026-07-22 21:42:46,833] Trial 257 finished with values: [10.658220795464716, 10.658220795464716] and parameters: {'k1': 0.00016480446427978953, 'D_low': 247.75146043208053, 'k2': 1.127217425995114e-05, 'D_high': 558.9524205217922, 'fire_exp': 1.1239133746826044, 'P_half': 13.019246714361572, 'pre_dampen_half': 1.1134482360128044, 'gpp_af': 0.005618069878716736, 'gpp_b': 0.0054502936945582505, 'gpp_d': 2.8006820077310226, 'ign_k': 0.7588328899786276, 'ign_c': 2.329535895346768, 'trop_agb_crit': 29.789943908227905, 'trop_k_veg': 4.130963924640279, 'fuel_k': 0.48736180483849406, 'fuel_half': 2.276766792290519}.
[I 2026-07-22 21:42:47,257] Trial 258 finished with values: [-0.14675710215064014, 0.8732779352053239] and parameters: {'k1': 1.8205657658407255e-05, 'D_low': 126.11058927054879, 'k2': 0.0001971137615017176, 'D_high': 708572.1663941594, 'fire_exp': 1.3219590610242518, 'P_half': 1.7036120617148391, 'pre_dampen_half': 26.373339933815235, 'gpp_af': 29.925002022877816, 'gpp_b': 0.0005392415140872105, 'gpp_d': 700.6693992445935, 'ign_k': 0.0013726318898045872, 'ign_c': 8.405439129313676, 'trop_agb_crit': 20.205002815711154, 'trop_k_veg': 0.9793402026070162, 'fuel_k': 0.08612665817296865, 'fuel_half': 0.253071961271088}.
[I 2026-07-22 21:42:47,678] Trial 259 finished with values: [10.952486560704287, 10.952486560704287] and parameters: {'k1': 0.002971796631657383, 'D_low': 247.75146043208053, 'k2': 1.127217425995114e-05, 'D_high': 1693415.5410667954, 'fire_exp': 1.1239133746826044, 'P_half': 13.019246714361572, 'pre_dampen_half': 347.79988160923324, 'gpp_af': 0.0025511964576171086, 'gpp_b': 3.228689523591491e-05, 'gpp_d': 302.3127748796295, 'ign_k': 0.7588328899786276, 'ign_c': 6.1609752947414345, 'trop_agb_crit': 6.1198430581046965, 'trop_k_veg': 4.130963924640279, 'fuel_k': 0.48736180483849406, 'fuel_half': 2.276766792290519}.
[I 2026-07-22 21:42:48,097] Trial 260 finished with values: [10.372488654916943, 10.372488654916943] and parameters: {'k1': 0.004312951023617458, 'D_low': 126.11058927054879, 'k2': 0.0001971137615017176, 'D_high': 10377.055497115112, 'fire_exp': 1.024589524149873, 'P_half': 1.7036120617148391, 'pre_dampen_half': 347.79988160923324, 'gpp_af': 0.7539992074650282, 'gpp_b': 8.129227514069975e-05, 'gpp_d': 9.00460602264307, 'ign_k': 0.0013726318898045872, 'ign_c': 0.1254144753902608, 'trop_agb_crit': 20.205002815711154, 'trop_k_veg': 0.5772603928610088, 'fuel_k': 0.08612665817296865, 'fuel_half': 52.005817291141206}.
[I 2026-07-22 21:42:48,524] Trial 261 finished with values: [10.09926828782483, 10.09926828782483] and parameters: {'k1': 0.00016480446427978953, 'D_low': 70586.60227368641, 'k2': 0.0007406380926311093, 'D_high': 1693415.5410667954, 'fire_exp': 1.024589524149873, 'P_half': 10.226988730324324, 'pre_dampen_half': 347.79988160923324, 'gpp_af': 29.925002022877816, 'gpp_b': 0.0054502936945582505, 'gpp_d': 295.4581800800121, 'ign_k': 0.006290644294586149, 'ign_c': 15.221840161091619, 'trop_agb_crit': 6.1198430581046965, 'trop_k_veg': 1.4584243470991722, 'fuel_k': 4.680936683972859, 'fuel_half': 0.6370755274604819}.
[I 2026-07-22 21:42:48,941] Trial 262 finished with values: [10.574371877076088, 10.574371877076088] and parameters: {'k1': 1.8205657658407255e-05, 'D_low': 13.25142220631392, 'k2': 0.0001971137615017176, 'D_high': 708572.1663941594, 'fire_exp': 2.3987174696212126, 'P_half': 2.458603276328005, 'pre_dampen_half': 269.0845367054863, 'gpp_af': 0.15876781526923997, 'gpp_b': 0.00023973289798891726, 'gpp_d': 8.057329182285729, 'ign_k': 0.0013726318898045872, 'ign_c': 8.405439129313676, 'trop_agb_crit': 19.28597237496244, 'trop_k_veg': 0.5772603928610088, 'fuel_k': 0.08612665817296865, 'fuel_half': 0.253071961271088}.
[I 2026-07-22 21:42:49,366] Trial 263 finished with values: [10.431701595459371, 10.431701595459371] and parameters: {'k1': 7.118997101275657e-05, 'D_low': 864.0717009254879, 'k2': 2.1698375693549493e-05, 'D_high': 1693415.5410667954, 'fire_exp': 2.3750840427797026, 'P_half': 1.4378290221680121, 'pre_dampen_half': 33.71909132517388, 'gpp_af': 42.29037995744429, 'gpp_b': 3.228689523591491e-05, 'gpp_d': 6.91394869865762, 'ign_k': 0.018707420137660268, 'ign_c': 0.13670484737132343, 'trop_agb_crit': 6.1198430581046965, 'trop_k_veg': 1.140286245977296, 'fuel_k': 3.6992394681929355, 'fuel_half': 81.87941582538087}.
[I 2026-07-22 21:42:49,792] Trial 264 finished with values: [10.016046464340098, 10.016046464340098] and parameters: {'k1': 0.003242143344038315, 'D_low': 6220.638781359816, 'k2': 2.1698375693549493e-05, 'D_high': 580966.5602369158, 'fire_exp': 1.0862503061991866, 'P_half': 136.0956887810302, 'pre_dampen_half': 33.97904243111269, 'gpp_af': 0.0025511964576171086, 'gpp_b': 3.228689523591491e-05, 'gpp_d': 9.00460602264307, 'ign_k': 0.03141110271934876, 'ign_c': 0.11650681118986138, 'trop_agb_crit': 15.870971677383487, 'trop_k_veg': 0.9369104721775232, 'fuel_k': 1.312881567992459, 'fuel_half': 0.12399445060149628}.
[I 2026-07-22 21:42:50,235] Trial 265 finished with values: [10.580854664190014, 10.580854664190014] and parameters: {'k1': 0.0029707920514735983, 'D_low': 102.19595065529477, 'k2': 2.1698375693549493e-05, 'D_high': 160625.60954780428, 'fire_exp': 2.2271826002669806, 'P_half': 220.3445560633069, 'pre_dampen_half': 10.059683154936915, 'gpp_af': 2.114381609520638, 'gpp_b': 3.228689523591491e-05, 'gpp_d': 16.460426816350534, 'ign_k': 0.04732407125181112, 'ign_c': 15.221840161091619, 'trop_agb_crit': 15.870971677383487, 'trop_k_veg': 6.911478238001162, 'fuel_k': 0.028970790717327534, 'fuel_half': 18.202647368248815}.
[I 2026-07-22 21:42:50,662] Trial 266 finished with values: [10.130398084768512, 10.130398084768512] and parameters: {'k1': 0.00013783578294796384, 'D_low': 163.4864778201543, 'k2': 0.002342238625792905, 'D_high': 887331.2884015184, 'fire_exp': 1.0341837609578937, 'P_half': 13.019246714361572, 'pre_dampen_half': 347.79988160923324, 'gpp_af': 29.925002022877816, 'gpp_b': 0.0054502936945582505, 'gpp_d': 2.8006820077310226, 'ign_k': 0.006290644294586149, 'ign_c': 6.3906950920732175, 'trop_agb_crit': 6.1198430581046965, 'trop_k_veg': 0.9793402026070162, 'fuel_k': 0.04572914063536324, 'fuel_half': 0.6370755274604819}.
[I 2026-07-22 21:42:51,097] Trial 267 finished with values: [10.520258182989041, 10.520258182989041] and parameters: {'k1': 0.002971796631657383, 'D_low': 163.4864778201543, 'k2': 0.004042660783042889, 'D_high': 887331.2884015184, 'fire_exp': 1.3219590610242518, 'P_half': 10.226988730324324, 'pre_dampen_half': 0.6960360257735195, 'gpp_af': 29.925002022877816, 'gpp_b': 0.0054502936945582505, 'gpp_d': 4.576857873108685, 'ign_k': 0.006290644294586149, 'ign_c': 6.1609752947414345, 'trop_agb_crit': 6.1198430581046965, 'trop_k_veg': 0.5772603928610088, 'fuel_k': 0.05597555634027867, 'fuel_half': 1.3547291924247347}.
[I 2026-07-22 21:42:51,514] Trial 268 finished with values: [10.769177768731167, 10.769177768731167] and parameters: {'k1': 0.00013783578294796384, 'D_low': 1.6646452049870526, 'k2': 0.01567230746060024, 'D_high': 1535145.3414688278, 'fire_exp': 1.5427983096792723, 'P_half': 13.019246714361572, 'pre_dampen_half': 19.600139992927424, 'gpp_af': 0.015769192447197523, 'gpp_b': 6.44407472004701, 'gpp_d': 0.08465012008077429, 'ign_k': 8.761971101023699, 'ign_c': 0.9294394155644988, 'trop_agb_crit': 9.836162684900028, 'trop_k_veg': 4.130963924640279, 'fuel_k': 0.04572914063536324, 'fuel_half': 15.298506868937444}.
[I 2026-07-22 21:42:51,948] Trial 269 finished with values: [10.108304155329057, 10.108304155329057] and parameters: {'k1': 0.0029707920514735983, 'D_low': 163.4864778201543, 'k2': 2.1698375693549493e-05, 'D_high': 1693415.5410667954, 'fire_exp': 1.0341837609578937, 'P_half': 10.226988730324324, 'pre_dampen_half': 26.373339933815235, 'gpp_af': 0.0025511964576171086, 'gpp_b': 3.228689523591491e-05, 'gpp_d': 857.4284557962626, 'ign_k': 0.018707420137660268, 'ign_c': 6.1609752947414345, 'trop_agb_crit': 19.189415375617013, 'trop_k_veg': 0.9793402026070162, 'fuel_k': 1.8731335591844647, 'fuel_half': 3.632486956676605}.
[I 2026-07-22 21:42:52,370] Trial 270 finished with values: [10.244981946010535, 10.244981946010535] and parameters: {'k1': 0.002971796631657383, 'D_low': 163.4864778201543, 'k2': 1.127217425995114e-05, 'D_high': 305369.47947832284, 'fire_exp': 1.0341837609578937, 'P_half': 38.82837025280678, 'pre_dampen_half': 347.79988160923324, 'gpp_af': 1.1300566419249867, 'gpp_b': 0.00012118589392553819, 'gpp_d': 302.3127748796295, 'ign_k': 0.018707420137660268, 'ign_c': 6.1609752947414345, 'trop_agb_crit': 12.285102065067687, 'trop_k_veg': 1.140286245977296, 'fuel_k': 1.8731335591844647, 'fuel_half': 38.21129441691226}.
[I 2026-07-22 21:42:52,794] Trial 271 finished with values: [10.68756391355435, 10.68756391355435] and parameters: {'k1': 2.27847364377152e-05, 'D_low': 1.6646452049870526, 'k2': 2.1698375693549493e-05, 'D_high': 10377.055497115112, 'fire_exp': 2.4645237762603327, 'P_half': 13.019246714361572, 'pre_dampen_half': 228.6744476401009, 'gpp_af': 0.12243451886824051, 'gpp_b': 1.7565109007473816e-05, 'gpp_d': 9.00460602264307, 'ign_k': 8.761971101023699, 'ign_c': 0.11650681118986138, 'trop_agb_crit': 9.362115196011851, 'trop_k_veg': 1.140286245977296, 'fuel_k': 0.04572914063536324, 'fuel_half': 42.892621277245716}.
[I 2026-07-22 21:42:53,214] Trial 272 finished with values: [-0.4709932016434648, 0.5099069740164646] and parameters: {'k1': 0.00013783578294796384, 'D_low': 247.75146043208053, 'k2': 1.127217425995114e-05, 'D_high': 10377.055497115112, 'fire_exp': 1.0341837609578937, 'P_half': 13.019246714361572, 'pre_dampen_half': 347.79988160923324, 'gpp_af': 0.008983355849178878, 'gpp_b': 0.00012118589392553819, 'gpp_d': 2.8006820077310226, 'ign_k': 5.985024829384178, 'ign_c': 6.3906950920732175, 'trop_agb_crit': 9.836162684900028, 'trop_k_veg': 1.7570501127699656, 'fuel_k': 0.04572914063536324, 'fuel_half': 1.3547291924247347}.
[I 2026-07-22 21:42:53,631] Trial 273 finished with values: [10.164688631568316, 10.164688631568316] and parameters: {'k1': 0.00013783578294796384, 'D_low': 1.6646452049870526, 'k2': 0.0027431991397796683, 'D_high': 10377.055497115112, 'fire_exp': 1.2120759485719061, 'P_half': 13.019246714361572, 'pre_dampen_half': 76.38081075786287, 'gpp_af': 0.015769192447197523, 'gpp_b': 7.402343469704414e-05, 'gpp_d': 2.8006820077310226, 'ign_k': 5.985024829384178, 'ign_c': 0.9294394155644988, 'trop_agb_crit': 9.836162684900028, 'trop_k_veg': 1.7570501127699656, 'fuel_k': 0.04572914063536324, 'fuel_half': 15.298506868937444}.
[I 2026-07-22 21:42:54,082] Trial 274 finished with values: [10.769230769178105, 10.769230769178105] and parameters: {'k1': 0.002971796631657383, 'D_low': 163.4864778201543, 'k2': 0.0007081721844034209, 'D_high': 422212.4815323179, 'fire_exp': 1.0341837609578937, 'P_half': 2394.048324276471, 'pre_dampen_half': 36.876350096202984, 'gpp_af': 29.925002022877816, 'gpp_b': 0.011750724729953272, 'gpp_d': 4.576857873108685, 'ign_k': 4.59148521674054, 'ign_c': 110.68683358440691, 'trop_agb_crit': 6.1198430581046965, 'trop_k_veg': 1.140286245977296, 'fuel_k': 0.05597555634027867, 'fuel_half': 2.9236782115513154}.
[I 2026-07-22 21:42:54,530] Trial 275 finished with values: [10.28384095484659, 10.28384095484659] and parameters: {'k1': 1.8595266457134027e-05, 'D_low': 1.6646452049870526, 'k2': 0.001566517163094646, 'D_high': 10377.055497115112, 'fire_exp': 1.0862503061991866, 'P_half': 136.0956887810302, 'pre_dampen_half': 33.97904243111269, 'gpp_af': 0.12243451886824051, 'gpp_b': 3.228689523591491e-05, 'gpp_d': 9.00460602264307, 'ign_k': 8.761971101023699, 'ign_c': 0.11650681118986138, 'trop_agb_crit': 15.870971677383487, 'trop_k_veg': 0.9369104721775232, 'fuel_k': 0.04572914063536324, 'fuel_half': 42.892621277245716}.
[I 2026-07-22 21:42:54,977] Trial 276 finished with values: [-0.3914756059447415, 0.8294302414949375] and parameters: {'k1': 0.003198020818004832, 'D_low': 3.325987092445845, 'k2': 3.349496364344092e-05, 'D_high': 2512533.442757688, 'fire_exp': 1.0341837609578937, 'P_half': 10.226988730324324, 'pre_dampen_half': 10.059683154936915, 'gpp_af': 0.008562341633595545, 'gpp_b': 1.56731783988398e-05, 'gpp_d': 9.00460602264307, 'ign_k': 0.006290644294586149, 'ign_c': 0.11650681118986138, 'trop_agb_crit': 1.886175574962432, 'trop_k_veg': 0.9369104721775232, 'fuel_k': 0.48736180483849406, 'fuel_half': 42.6871254378718}.
  trial  277/1500  pareto_size=2  best_taylor=0.7828  best_ilamb=0.6071  (2.0 min)
[I 2026-07-22 21:42:55,483] Trial 277 finished with values: [-0.5499732274616311, 0.8088260761983926] and parameters: {'k1': 0.00013783578294796384, 'D_low': 13.25142220631392, 'k2': 1.6559474674046002e-05, 'D_high': 1488557.802851245, 'fire_exp': 1.0482996836046896, 'P_half': 13.019246714361572, 'pre_dampen_half': 26.373339933815235, 'gpp_af': 0.015769192447197523, 'gpp_b': 7.402343469704414e-05, 'gpp_d': 857.4284557962626, 'ign_k': 0.024287565087611766, 'ign_c': 0.9294394155644988, 'trop_agb_crit': 15.870971677383487, 'trop_k_veg': 4.130963924640279, 'fuel_k': 0.08612665817296865, 'fuel_half': 57.882001937752385}.
[I 2026-07-22 21:42:55,920] Trial 278 finished with values: [10.568313351746903, 10.568313351746903] and parameters: {'k1': 0.0029282035181080004, 'D_low': 864.0717009254879, 'k2': 1.915468390724633e-05, 'D_high': 71534.52030884045, 'fire_exp': 1.0341837609578937, 'P_half': 1535.1441568398143, 'pre_dampen_half': 33.71909132517388, 'gpp_af': 0.25562996323356013, 'gpp_b': 0.00012118589392553819, 'gpp_d': 4.576857873108685, 'ign_k': 0.0026834162496848666, 'ign_c': 6.1609752947414345, 'trop_agb_crit': 10.719494362768906, 'trop_k_veg': 0.6921865222804094, 'fuel_k': 0.08612665817296865, 'fuel_half': 1.3547291924247347}.
