[I 2026-07-22 20:41:35,851] Trial 839 finished with values: [10.68768528136926, 10.68768528136926] and parameters: {'k1': 0.00022704877557909215, 'D_low': 16.00237013173313, 'k2': 0.00033271381912662167, 'D_high': 693439.2750387826, 'fire_exp': 1.5948485434369246, 'P_half': 355.00125258511594, 'pre_dampen_half': 8.259599205585763, 'gpp_af': 0.002271347790571442, 'gpp_b': 0.004458440839692221, 'gpp_d': 962.6851425803574, 'ign_k': 3.965503094323014, 'ign_c': 22.126836566118193, 'trop_agb_crit': 5.526463318565575, 'trop_k_veg': 4.776259022974975, 'fuel_k': 0.07002142869039267, 'fuel_half': 0.6603566884894324}.
[I 2026-07-22 20:41:36,273] Trial 840 finished with values: [10.672585975546532, 10.672585975546532] and parameters: {'k1': 0.028401063201780267, 'D_low': 16.00237013173313, 'k2': 0.00033271381912662167, 'D_high': 11.820908383754247, 'fire_exp': 1.5704801393982246, 'P_half': 355.00125258511594, 'pre_dampen_half': 16.224010950061366, 'gpp_af': 0.03522602097143089, 'gpp_b': 1.1646289636835728e-05, 'gpp_d': 12.338826503601998, 'ign_k': 3.965503094323014, 'ign_c': 22.126836566118193, 'trop_agb_crit': 25.87429620612641, 'trop_k_veg': 2.724170387400844, 'fuel_k': 0.10978148458640455, 'fuel_half': 71.14476009343416}.
[I 2026-07-22 20:41:36,689] Trial 841 finished with values: [10.651047431761528, 10.651047431761528] and parameters: {'k1': 0.008471801418819975, 'D_low': 2240.9155921647994, 'k2': 0.014666151770108535, 'D_high': 2742371.6496047364, 'fire_exp': 1.8719045352638064, 'P_half': 891.3195612714107, 'pre_dampen_half': 8.259599205585763, 'gpp_af': 0.03522602097143089, 'gpp_b': 0.00012118589392553798, 'gpp_d': 352.0481045526035, 'ign_k': 0.0029519227433917453, 'ign_c': 0.12510188850164433, 'trop_agb_crit': 2.7395739167173065, 'trop_k_veg': 1.5851462930246274, 'fuel_k': 0.10978148458640455, 'fuel_half': 71.14476009343416}.
[I 2026-07-22 20:41:37,112] Trial 842 finished with values: [10.997889236857498, 10.997889236857498] and parameters: {'k1': 0.012840669372724958, 'D_low': 16.00237013173313, 'k2': 0.00033271381912662167, 'D_high': 6525529.853354094, 'fire_exp': 1.5191397119156032, 'P_half': 157.80309954142965, 'pre_dampen_half': 13.472769577631588, 'gpp_af': 0.058379052561823234, 'gpp_b': 0.0028993292583566945, 'gpp_d': 12.338826503601998, 'ign_k': 3.965503094323014, 'ign_c': 22.126836566118193, 'trop_agb_crit': 2.679156169946616, 'trop_k_veg': 2.724170387400844, 'fuel_k': 4.710433409437071, 'fuel_half': 0.6603566884894324}.
[I 2026-07-22 20:41:37,532] Trial 843 finished with values: [-0.7692290934822057, 0.11668119673277899] and parameters: {'k1': 0.004339260158221388, 'D_low': 16.00237013173313, 'k2': 0.0009562822793888481, 'D_high': 2413579.2291304003, 'fire_exp': 1.5704801393982246, 'P_half': 157.80309954142965, 'pre_dampen_half': 16.224010950061366, 'gpp_af': 0.03522602097143089, 'gpp_b': 2.852199954727099e-05, 'gpp_d': 36.831884165358964, 'ign_k': 2.136832907235876, 'ign_c': 22.126836566118193, 'trop_agb_crit': 2.7395739167173065, 'trop_k_veg': 2.724170387400844, 'fuel_k': 0.10978148458640455, 'fuel_half': 4.1446115222565965}.
[I 2026-07-22 20:41:37,953] Trial 844 finished with values: [10.705897288247561, 10.705897288247561] and parameters: {'k1': 0.008471801418819975, 'D_low': 16.00237013173313, 'k2': 0.0006863458703786212, 'D_high': 601.4693313019777, 'fire_exp': 1.5191397119156032, 'P_half': 157.80309954142965, 'pre_dampen_half': 8.259599205585763, 'gpp_af': 0.03522602097143089, 'gpp_b': 0.00012118589392553798, 'gpp_d': 137.30598810454606, 'ign_k': 3.965503094323014, 'ign_c': 22.126836566118193, 'trop_agb_crit': 5.526463318565575, 'trop_k_veg': 0.8170196702261714, 'fuel_k': 0.10978148458640455, 'fuel_half': 0.6603566884894324}.
[I 2026-07-22 20:41:38,372] Trial 845 finished with values: [-0.7301186152437437, 0.12099189208120331] and parameters: {'k1': 0.008471801418819975, 'D_low': 216.6574784061471, 'k2': 0.0006863458703786212, 'D_high': 2742371.6496047364, 'fire_exp': 1.5704801393982246, 'P_half': 355.00125258511594, 'pre_dampen_half': 9.16302609334724, 'gpp_af': 0.05604232556560348, 'gpp_b': 1.3289448722869181e-05, 'gpp_d': 36.831884165358964, 'ign_k': 2.7142572552186843, 'ign_c': 17.583640270008498, 'trop_agb_crit': 2.7395739167173065, 'trop_k_veg': 3.1470652177597604, 'fuel_k': 0.057024351269772615, 'fuel_half': 0.3036855685244964}.
[I 2026-07-22 20:41:38,805] Trial 846 finished with values: [10.595309586714611, 10.595309586714611] and parameters: {'k1': 0.008471801418819975, 'D_low': 44455.058602517165, 'k2': 0.015109086063191909, 'D_high': 2742371.6496047364, 'fire_exp': 1.5532616753672623, 'P_half': 355.00125258511594, 'pre_dampen_half': 13.472769577631588, 'gpp_af': 0.2901272149738624, 'gpp_b': 0.004458440839692221, 'gpp_d': 274.48645214004335, 'ign_k': 2.136832907235876, 'ign_c': 17.583640270008498, 'trop_agb_crit': 1.3893217624909326, 'trop_k_veg': 0.8170196702261714, 'fuel_k': 0.025620781631399487, 'fuel_half': 3.75205585512428}.
[I 2026-07-22 20:41:39,226] Trial 847 finished with values: [-0.5984186762761537, 0.07327158732617778] and parameters: {'k1': 0.012840669372724958, 'D_low': 2240.9155921647994, 'k2': 0.014666151770108535, 'D_high': 2742371.6496047364, 'fire_exp': 1.9025702662542903, 'P_half': 102.4585893986732, 'pre_dampen_half': 13.472769577631588, 'gpp_af': 0.2991469302130216, 'gpp_b': 0.0028993292583566945, 'gpp_d': 352.0481045526035, 'ign_k': 0.0029519227433917453, 'ign_c': 11.462237838612072, 'trop_agb_crit': 2.679156169946616, 'trop_k_veg': 2.1144348148283285, 'fuel_k': 4.710433409437071, 'fuel_half': 1.3323297901105766}.
[I 2026-07-22 20:41:39,647] Trial 848 finished with values: [10.0520103074092, 10.0520103074092] and parameters: {'k1': 0.028401063201780267, 'D_low': 216.6574784061471, 'k2': 0.014666151770108535, 'D_high': 2742371.6496047364, 'fire_exp': 1.8330986041216177, 'P_half': 157.80309954142965, 'pre_dampen_half': 13.472769577631588, 'gpp_af': 0.03522602097143089, 'gpp_b': 0.00012118589392553798, 'gpp_d': 12.338826503601998, 'ign_k': 0.005505316245273478, 'ign_c': 0.12510188850164433, 'trop_agb_crit': 13.050465147768051, 'trop_k_veg': 2.724170387400844, 'fuel_k': 0.10978148458640455, 'fuel_half': 1.3323297901105766}.
[I 2026-07-22 20:41:40,064] Trial 849 finished with values: [-0.6507182392909499, 0.07957318495345866] and parameters: {'k1': 0.008471801418819975, 'D_low': 2240.9155921647994, 'k2': 0.014666151770108535, 'D_high': 2742371.6496047364, 'fire_exp': 1.5948485434369246, 'P_half': 355.00125258511594, 'pre_dampen_half': 13.472769577631588, 'gpp_af': 0.2901272149738624, 'gpp_b': 0.004458440839692221, 'gpp_d': 274.48645214004335, 'ign_k': 0.8599189552684972, 'ign_c': 0.26691447170887805, 'trop_agb_crit': 5.526463318565575, 'trop_k_veg': 0.8170196702261714, 'fuel_k': 0.07002142869039267, 'fuel_half': 0.6603566884894324}.
[I 2026-07-22 20:41:40,483] Trial 850 finished with values: [10.634837378673792, 10.634837378673792] and parameters: {'k1': 0.008471801418819975, 'D_low': 216.6574784061471, 'k2': 0.0006863458703786212, 'D_high': 693439.2750387826, 'fire_exp': 1.5532616753672623, 'P_half': 355.00125258511594, 'pre_dampen_half': 0.07422439676110873, 'gpp_af': 0.00219210598059826, 'gpp_b': 1.4284710450172036e-05, 'gpp_d': 36.831884165358964, 'ign_k': 2.7142572552186843, 'ign_c': 17.583640270008498, 'trop_agb_crit': 2.7395739167173065, 'trop_k_veg': 0.8170196702261714, 'fuel_k': 0.057024351269772615, 'fuel_half': 3.75205585512428}.
[I 2026-07-22 20:41:40,898] Trial 851 finished with values: [10.418149161354826, 10.418149161354826] and parameters: {'k1': 0.0011101191524846067, 'D_low': 2240.9155921647994, 'k2': 0.00033271381912662167, 'D_high': 6525529.853354094, 'fire_exp': 1.5191397119156032, 'P_half': 157.80309954142965, 'pre_dampen_half': 8.259599205585763, 'gpp_af': 0.03522602097143089, 'gpp_b': 0.0028993292583566945, 'gpp_d': 352.0481045526035, 'ign_k': 0.0029519227433917453, 'ign_c': 22.126836566118193, 'trop_agb_crit': 3.3933702290907823, 'trop_k_veg': 2.1144348148283285, 'fuel_k': 4.710433409437071, 'fuel_half': 71.14476009343416}.
[I 2026-07-22 20:41:41,318] Trial 852 finished with values: [10.275229686783518, 10.275229686783518] and parameters: {'k1': 0.008471801418819975, 'D_low': 16.00237013173313, 'k2': 0.0006863458703786212, 'D_high': 6525529.853354094, 'fire_exp': 1.5704801393982246, 'P_half': 2.4750421470385136, 'pre_dampen_half': 16.224010950061366, 'gpp_af': 0.2901272149738624, 'gpp_b': 0.0006601625523811777, 'gpp_d': 274.48645214004335, 'ign_k': 2.7142572552186843, 'ign_c': 22.126836566118193, 'trop_agb_crit': 12.647327018493208, 'trop_k_veg': 0.8170196702261714, 'fuel_k': 0.07002142869039267, 'fuel_half': 3.75205585512428}.
[I 2026-07-22 20:41:41,738] Trial 853 finished with values: [-0.7649246952103154, 0.09107127716824792] and parameters: {'k1': 0.0006533684593224971, 'D_low': 216.6574784061471, 'k2': 0.0006863458703786212, 'D_high': 693439.2750387826, 'fire_exp': 1.5704801393982246, 'P_half': 355.00125258511594, 'pre_dampen_half': 16.224010950061366, 'gpp_af': 0.015875524914818664, 'gpp_b': 2.852199954727099e-05, 'gpp_d': 36.831884165358964, 'ign_k': 2.7142572552186843, 'ign_c': 17.583640270008498, 'trop_agb_crit': 2.7395739167173065, 'trop_k_veg': 4.050700716504253, 'fuel_k': 0.057024351269772615, 'fuel_half': 0.3036855685244964}.
[I 2026-07-22 20:41:42,162] Trial 854 finished with values: [10.611020818556202, 10.611020818556202] and parameters: {'k1': 0.028401063201780267, 'D_low': 216.6574784061471, 'k2': 0.00033271381912662167, 'D_high': 2742371.6496047364, 'fire_exp': 1.5532616753672623, 'P_half': 355.00125258511594, 'pre_dampen_half': 13.472769577631588, 'gpp_af': 0.03522602097143089, 'gpp_b': 0.0915833063055066, 'gpp_d': 12.338826503601998, 'ign_k': 2.136832907235876, 'ign_c': 17.583640270008498, 'trop_agb_crit': 13.050465147768051, 'trop_k_veg': 2.724170387400844, 'fuel_k': 0.07002142869039267, 'fuel_half': 0.3036855685244964}.
[I 2026-07-22 20:41:42,587] Trial 855 finished with values: [10.391212573738839, 10.391212573738839] and parameters: {'k1': 0.008471801418819975, 'D_low': 216.6574784061471, 'k2': 0.011415387250465888, 'D_high': 2742371.6496047364, 'fire_exp': 1.8719045352638064, 'P_half': 355.00125258511594, 'pre_dampen_half': 9.16302609334724, 'gpp_af': 0.015875524914818664, 'gpp_b': 1.3289448722869181e-05, 'gpp_d': 36.831884165358964, 'ign_k': 0.011486447007152052, 'ign_c': 17.583640270008498, 'trop_agb_crit': 2.7395739167173065, 'trop_k_veg': 1.9658897090912955, 'fuel_k': 0.057024351269772615, 'fuel_half': 0.3036855685244964}.
[I 2026-07-22 20:41:43,010] Trial 856 finished with values: [10.164167398195787, 10.164167398195787] and parameters: {'k1': 0.0002958267235643845, 'D_low': 3103.3332277537256, 'k2': 0.014666151770108535, 'D_high': 6525529.853354094, 'fire_exp': 1.8719045352638064, 'P_half': 355.00125258511594, 'pre_dampen_half': 8.259599205585763, 'gpp_af': 0.03522602097143089, 'gpp_b': 0.0028993292583566945, 'gpp_d': 352.0481045526035, 'ign_k': 3.965503094323014, 'ign_c': 22.126836566118193, 'trop_agb_crit': 2.679156169946616, 'trop_k_veg': 2.1144348148283285, 'fuel_k': 4.710433409437071, 'fuel_half': 1.3323297901105766}.
[I 2026-07-22 20:41:43,430] Trial 857 finished with values: [10.183784602049652, 10.183784602049652] and parameters: {'k1': 0.008471801418819975, 'D_low': 1.3355795670407742, 'k2': 0.015109086063191909, 'D_high': 2742371.6496047364, 'fire_exp': 1.5532616753672623, 'P_half': 355.00125258511594, 'pre_dampen_half': 13.472769577631588, 'gpp_af': 0.2901272149738624, 'gpp_b': 0.004458440839692221, 'gpp_d': 274.48645214004335, 'ign_k': 2.136832907235876, 'ign_c': 0.2939463458625969, 'trop_agb_crit': 1.3893217624909326, 'trop_k_veg': 0.8170196702261714, 'fuel_k': 0.025620781631399487, 'fuel_half': 3.75205585512428}.
  trial  858/2500  pareto_size=5  best_taylor=0.7873  best_ilamb=0.6047  (6.1 min)
[I 2026-07-22 20:41:43,980] Trial 858 finished with values: [-0.7528804627730286, 0.1236632261739189] and parameters: {'k1': 0.00022704877557909215, 'D_low': 216.6574784061471, 'k2': 0.0009562822793888481, 'D_high': 2413579.2291304003, 'fire_exp': 1.5532616753672623, 'P_half': 355.00125258511594, 'pre_dampen_half': 16.224010950061366, 'gpp_af': 0.03522602097143089, 'gpp_b': 1.3289448722869181e-05, 'gpp_d': 12.338826503601998, 'ign_k': 2.136832907235876, 'ign_c': 17.583640270008498, 'trop_agb_crit': 2.7395739167173065, 'trop_k_veg': 3.1470652177597604, 'fuel_k': 0.07002142869039267, 'fuel_half': 0.3036855685244964}.
[I 2026-07-22 20:41:44,398] Trial 859 finished with values: [10.471130850201996, 10.471130850201996] and parameters: {'k1': 0.012840669372724958, 'D_low': 16.00237013173313, 'k2': 0.00033271381912662167, 'D_high': 31.119313290938095, 'fire_exp': 1.5191397119156032, 'P_half': 157.80309954142965, 'pre_dampen_half': 13.472769577631588, 'gpp_af': 0.03522602097143089, 'gpp_b': 0.004458440839692221, 'gpp_d': 690.7170464178762, 'ign_k': 3.965503094323014, 'ign_c': 0.2939463458625969, 'trop_agb_crit': 2.679156169946616, 'trop_k_veg': 2.724170387400844, 'fuel_k': 0.025620781631399487, 'fuel_half': 0.6603566884894324}.
[I 2026-07-22 20:41:44,824] Trial 860 finished with values: [10.404285596410844, 10.404285596410844] and parameters: {'k1': 0.00022704877557909215, 'D_low': 3103.3332277537256, 'k2': 0.00033271381912662167, 'D_high': 2742371.6496047364, 'fire_exp': 1.5532616753672623, 'P_half': 93.43302657318476, 'pre_dampen_half': 0.3000709045127929, 'gpp_af': 0.2991469302130216, 'gpp_b': 2.852199954727099e-05, 'gpp_d': 12.338826503601998, 'ign_k': 0.0029519227433917453, 'ign_c': 17.583640270008498, 'trop_agb_crit': 2.679156169946616, 'trop_k_veg': 2.1144348148283285, 'fuel_k': 4.710433409437071, 'fuel_half': 1.3323297901105766}.
[I 2026-07-22 20:41:45,245] Trial 861 finished with values: [-0.7425808306109547, 0.12252555329535697] and parameters: {'k1': 0.00022704877557909215, 'D_low': 216.6574784061471, 'k2': 0.00033271381912662167, 'D_high': 6525529.853354094, 'fire_exp': 1.5532616753672623, 'P_half': 355.00125258511594, 'pre_dampen_half': 16.224010950061366, 'gpp_af': 0.03522602097143089, 'gpp_b': 1.3289448722869181e-05, 'gpp_d': 36.831884165358964, 'ign_k': 2.136832907235876, 'ign_c': 17.583640270008498, 'trop_agb_crit': 2.7395739167173065, 'trop_k_veg': 3.1470652177597604, 'fuel_k': 0.07002142869039267, 'fuel_half': 20.308107025776028}.
[I 2026-07-22 20:41:45,670] Trial 862 finished with values: [10.052237497943054, 10.052237497943054] and parameters: {'k1': 0.003152494048956087, 'D_low': 16.00237013173313, 'k2': 0.0009562822793888481, 'D_high': 2742371.6496047364, 'fire_exp': 1.4190217871688702, 'P_half': 355.00125258511594, 'pre_dampen_half': 13.472769577631588, 'gpp_af': 0.03522602097143089, 'gpp_b': 2.852199954727099e-05, 'gpp_d': 12.338826503601998, 'ign_k': 2.136832907235876, 'ign_c': 17.583640270008498, 'trop_agb_crit': 2.7395739167173065, 'trop_k_veg': 2.1144348148283285, 'fuel_k': 0.07002142869039267, 'fuel_half': 0.6603566884894324}.
[I 2026-07-22 20:41:46,097] Trial 863 finished with values: [-0.4596205509536971, 0.13285199566067074] and parameters: {'k1': 0.028401063201780267, 'D_low': 2240.9155921647994, 'k2': 0.0006863458703786212, 'D_high': 693439.2750387826, 'fire_exp': 1.2074000538912952, 'P_half': 355.00125258511594, 'pre_dampen_half': 16.224010950061366, 'gpp_af': 0.03522602097143089, 'gpp_b': 2.852199954727099e-05, 'gpp_d': 962.6851425803574, 'ign_k': 0.0030587619047039204, 'ign_c': 22.126836566118193, 'trop_agb_crit': 12.647327018493208, 'trop_k_veg': 4.776259022974975, 'fuel_k': 0.5118852925133749, 'fuel_half': 6.999046906835806}.
[I 2026-07-22 20:41:46,515] Trial 864 finished with values: [13.566777785350322, 13.566777785350322] and parameters: {'k1': 0.012840669372724958, 'D_low': 16.00237013173313, 'k2': 0.00033271381912662167, 'D_high': 693439.2750387826, 'fire_exp': 2.0335636646552855, 'P_half': 157.80309954142965, 'pre_dampen_half': 13.472769577631588, 'gpp_af': 0.03522602097143089, 'gpp_b': 0.0028993292583566945, 'gpp_d': 206.05605824266914, 'ign_k': 3.965503094323014, 'ign_c': 0.12510188850164433, 'trop_agb_crit': 6.187033415477641, 'trop_k_veg': 2.724170387400844, 'fuel_k': 4.710433409437071, 'fuel_half': 0.6603566884894324}.
[I 2026-07-22 20:41:46,936] Trial 865 finished with values: [-0.7552615127570594, 0.06873170675054774] and parameters: {'k1': 0.028401063201780267, 'D_low': 216.6574784061471, 'k2': 0.00016536937182824412, 'D_high': 6525529.853354094, 'fire_exp': 1.5191397119156032, 'P_half': 157.80309954142965, 'pre_dampen_half': 8.259599205585763, 'gpp_af': 0.03522602097143089, 'gpp_b': 0.00012118589392553798, 'gpp_d': 12.338826503601998, 'ign_k': 3.965503094323014, 'ign_c': 22.126836566118193, 'trop_agb_crit': 13.050465147768051, 'trop_k_veg': 2.724170387400844, 'fuel_k': 0.6149834196910364, 'fuel_half': 71.14476009343416}.
[I 2026-07-22 20:41:47,359] Trial 866 finished with values: [-0.6946194987968461, 0.07472963974217972] and parameters: {'k1': 0.028401063201780267, 'D_low': 16.00237013173313, 'k2': 0.00033271381912662167, 'D_high': 6525529.853354094, 'fire_exp': 1.5191397119156032, 'P_half': 355.00125258511594, 'pre_dampen_half': 8.259599205585763, 'gpp_af': 0.03522602097143089, 'gpp_b': 2.852199954727099e-05, 'gpp_d': 12.338826503601998, 'ign_k': 3.965503094323014, 'ign_c': 22.126836566118193, 'trop_agb_crit': 13.050465147768051, 'trop_k_veg': 1.3987664054208562, 'fuel_k': 0.10978148458640455, 'fuel_half': 0.6603566884894324}.
[I 2026-07-22 20:41:47,777] Trial 867 finished with values: [10.353875204240737, 10.353875204240737] and parameters: {'k1': 0.043264339974928574, 'D_low': 2240.9155921647994, 'k2': 0.00033271381912662167, 'D_high': 15198.922464206236, 'fire_exp': 1.3230624590942492, 'P_half': 102.4585893986732, 'pre_dampen_half': 8.259599205585763, 'gpp_af': 0.03522602097143089, 'gpp_b': 2.176805640408474e-05, 'gpp_d': 12.151631524283598, 'ign_k': 0.00891606651464436, 'ign_c': 0.12510188850164433, 'trop_agb_crit': 12.647327018493208, 'trop_k_veg': 4.050700716504253, 'fuel_k': 0.10978148458640455, 'fuel_half': 1.3323297901105766}.
[I 2026-07-22 20:41:48,195] Trial 868 finished with values: [10.241814962403542, 10.241814962403542] and parameters: {'k1': 0.028401063201780267, 'D_low': 216.6574784061471, 'k2': 0.00033271381912662167, 'D_high': 29533.947738179515, 'fire_exp': 1.5191397119156032, 'P_half': 157.80309954142965, 'pre_dampen_half': 16.224010950061366, 'gpp_af': 0.03522602097143089, 'gpp_b': 2.852199954727099e-05, 'gpp_d': 12.338826503601998, 'ign_k': 2.136832907235876, 'ign_c': 22.126836566118193, 'trop_agb_crit': 2.7395739167173065, 'trop_k_veg': 1.3987664054208562, 'fuel_k': 0.016620306147390372, 'fuel_half': 0.6603566884894324}.
[I 2026-07-22 20:41:48,617] Trial 869 finished with values: [10.843736244610083, 10.843736244610083] and parameters: {'k1': 0.028401063201780267, 'D_low': 16.00237013173313, 'k2': 0.00033271381912662167, 'D_high': 2413579.2291304003, 'fire_exp': 1.5704801393982246, 'P_half': 355.00125258511594, 'pre_dampen_half': 16.224010950061366, 'gpp_af': 0.03522602097143089, 'gpp_b': 2.852199954727099e-05, 'gpp_d': 36.831884165358964, 'ign_k': 2.7142572552186843, 'ign_c': 0.14716512163645845, 'trop_agb_crit': 2.7395739167173065, 'trop_k_veg': 2.724170387400844, 'fuel_k': 0.10978148458640455, 'fuel_half': 4.1446115222565965}.
[I 2026-07-22 20:41:49,037] Trial 870 finished with values: [-0.771094542383733, 0.1510204575183034] and parameters: {'k1': 0.028401063201780267, 'D_low': 16.00237013173313, 'k2': 0.0009562822793888481, 'D_high': 2742371.6496047364, 'fire_exp': 1.3230624590942492, 'P_half': 355.00125258511594, 'pre_dampen_half': 13.472769577631588, 'gpp_af': 3.470266988650414, 'gpp_b': 1.3289448722869181e-05, 'gpp_d': 352.0481045526035, 'ign_k': 2.136832907235876, 'ign_c': 22.126836566118193, 'trop_agb_crit': 5.526463318565575, 'trop_k_veg': 2.1144348148283285, 'fuel_k': 0.10978148458640455, 'fuel_half': 0.3036855685244964}.
[I 2026-07-22 20:41:49,453] Trial 871 finished with values: [-0.7829999855638973, 0.08477730107092729] and parameters: {'k1': 0.028401063201780267, 'D_low': 2240.9155921647994, 'k2': 0.0006863458703786212, 'D_high': 693439.2750387826, 'fire_exp': 1.5191397119156032, 'P_half': 102.4585893986732, 'pre_dampen_half': 14.689407256107613, 'gpp_af': 0.007914355321045717, 'gpp_b': 2.852199954727099e-05, 'gpp_d': 12.151631524283598, 'ign_k': 2.136832907235876, 'ign_c': 22.126836566118193, 'trop_agb_crit': 26.951029433343408, 'trop_k_veg': 4.5784420637928775, 'fuel_k': 0.10978148458640455, 'fuel_half': 71.14476009343416}.
[I 2026-07-22 20:41:49,874] Trial 872 finished with values: [10.016339696474517, 10.016339696474517] and parameters: {'k1': 0.00022704877557909215, 'D_low': 216.6574784061471, 'k2': 0.0006863458703786212, 'D_high': 693439.2750387826, 'fire_exp': 1.5704801393982246, 'P_half': 355.00125258511594, 'pre_dampen_half': 16.224010950061366, 'gpp_af': 3.470266988650414, 'gpp_b': 1.1646289636835728e-05, 'gpp_d': 36.831884165358964, 'ign_k': 0.014835020363846428, 'ign_c': 17.583640270008498, 'trop_agb_crit': 12.647327018493208, 'trop_k_veg': 3.1470652177597604, 'fuel_k': 0.07002142869039267, 'fuel_half': 0.3036855685244964}.
[I 2026-07-22 20:41:50,304] Trial 873 finished with values: [10.013006288157474, 10.013006288157474] and parameters: {'k1': 0.028401063201780267, 'D_low': 16.00237013173313, 'k2': 0.00033271381912662167, 'D_high': 6525529.853354094, 'fire_exp': 1.5532616753672623, 'P_half': 157.80309954142965, 'pre_dampen_half': 16.224010950061366, 'gpp_af': 0.03522602097143089, 'gpp_b': 2.852199954727099e-05, 'gpp_d': 12.338826503601998, 'ign_k': 2.7142572552186843, 'ign_c': 22.126836566118193, 'trop_agb_crit': 6.187033415477641, 'trop_k_veg': 2.724170387400844, 'fuel_k': 0.07002142869039267, 'fuel_half': 0.6603566884894324}.
