[I 2026-06-08 12:21:52,565] Trial 665 finished with values: [10.69236728318166, 10.69236728318166] and parameters: {'k1': 0.007828534228218626, 'D_low': 589.5271473887282, 'k2': 0.012758211164590085, 'D_high': 783.2259769732478, 'fire_exp': 1.0601964743503993, 'P_half': 56.22114524476698, 'pre_dampen_half': 107.40052367919465, 'gpp_af': 0.1476584299248268, 'gpp_b': 3.43926796010005e-05, 'gpp_d': 155.08737608723771, 'ign_k': 0.0315101491238403, 'ign_c': 7.4063809263110905, 'trop_agb_crit': 3.5747129226002423, 'trop_k_veg': 0.83140195149031}.
[I 2026-06-08 12:21:53,768] Trial 666 finished with values: [10.834185693938853, 10.834185693938853] and parameters: {'k1': 0.03635503353478365, 'D_low': 38.82837025280678, 'k2': 0.0012040762895973265, 'D_high': 42210.21267871043, 'fire_exp': 1.165368636520435, 'P_half': 4.213183643253957, 'pre_dampen_half': 63.6685916079943, 'gpp_af': 0.2204465010099918, 'gpp_b': 4.652488591349138, 'gpp_d': 2.944272359149677, 'ign_k': 0.5407445028694732, 'ign_c': 5.13055176058983, 'trop_agb_crit': 24.584290528289387, 'trop_k_veg': 2.573214588078609}.
[I 2026-06-08 12:21:54,939] Trial 667 finished with values: [10.358508310622687, 10.358508310622687] and parameters: {'k1': 0.004312951023617458, 'D_low': 97.43142535650219, 'k2': 0.03538758864779238, 'D_high': 3712.591045287726, 'fire_exp': 1.3170256885255098, 'P_half': 4.213183643253957, 'pre_dampen_half': 502.5175192217655, 'gpp_af': 0.2204465010099918, 'gpp_b': 0.0021331409710300844, 'gpp_d': 14.792055086678463, 'ign_k': 0.0680787482656459, 'ign_c': 15.221840161091626, 'trop_agb_crit': 24.584290528289387, 'trop_k_veg': 1.4584243470991722}.
[I 2026-06-08 12:21:56,206] Trial 668 finished with values: [10.122858739719444, 10.122858739719444] and parameters: {'k1': 0.01889771394135163, 'D_low': 4.484744524732794, 'k2': 1.4665316366397004e-05, 'D_high': 2940.51756322311, 'fire_exp': 1.165368636520435, 'P_half': 4.213183643253957, 'pre_dampen_half': 10.129197956845726, 'gpp_af': 1.2281069836814835, 'gpp_b': 0.0005752434266899163, 'gpp_d': 84.31013932082456, 'ign_k': 8.708806168038567, 'ign_c': 0.70689749506246, 'trop_agb_crit': 3.5747129226002423, 'trop_k_veg': 5.562062429861957}.
[I 2026-06-08 12:21:57,426] Trial 669 finished with values: [10.847932673947982, 10.847932673947982] and parameters: {'k1': 0.01889771394135163, 'D_low': 191.61918406231337, 'k2': 1.1065812688893481e-05, 'D_high': 2940.51756322311, 'fire_exp': 1.165368636520435, 'P_half': 220.3445560633069, 'pre_dampen_half': 107.40052367919465, 'gpp_af': 0.0014188461251885575, 'gpp_b': 0.0054502936945582505, 'gpp_d': 84.31013932082456, 'ign_k': 8.708806168038567, 'ign_c': 20.03995359361212, 'trop_agb_crit': 7.500118950416987, 'trop_k_veg': 1.4584243470991722}.
[I 2026-06-08 12:21:58,629] Trial 670 finished with values: [10.711371887182326, 10.711371887182326] and parameters: {'k1': 0.007828534228218626, 'D_low': 4.484744524732794, 'k2': 0.0012040762895973265, 'D_high': 52941.32201721563, 'fire_exp': 1.165368636520435, 'P_half': 4.213183643253957, 'pre_dampen_half': 107.40052367919465, 'gpp_af': 1.9706963379095486, 'gpp_b': 0.0005752434266899163, 'gpp_d': 84.31013932082456, 'ign_k': 8.708806168038567, 'ign_c': 20.03995359361212, 'trop_agb_crit': 7.500118950416987, 'trop_k_veg': 1.4584243470991722}.
[I 2026-06-08 12:21:59,805] Trial 671 finished with values: [10.479497102110829, 10.479497102110829] and parameters: {'k1': 0.004312951023617458, 'D_low': 4.484744524732794, 'k2': 2.246290894032394e-05, 'D_high': 61536.58035691648, 'fire_exp': 1.0629462657398439, 'P_half': 12.808863354047988, 'pre_dampen_half': 107.40052367919465, 'gpp_af': 0.10409127568994281, 'gpp_b': 0.13713885091300912, 'gpp_d': 5.1715677287580455, 'ign_k': 0.010939944910100021, 'ign_c': 5.13055176058983, 'trop_agb_crit': 3.5747129226002423, 'trop_k_veg': 0.83140195149031}.
[I 2026-06-08 12:22:01,098] Trial 672 finished with values: [10.229507092346832, 10.229507092346832] and parameters: {'k1': 0.007828534228218626, 'D_low': 4.484744524732794, 'k2': 1.1065812688893481e-05, 'D_high': 42210.21267871043, 'fire_exp': 1.0601964743503993, 'P_half': 5.29551022369202, 'pre_dampen_half': 63.6685916079943, 'gpp_af': 0.2204465010099918, 'gpp_b': 0.0021331409710300844, 'gpp_d': 10.369565216756202, 'ign_k': 0.0680787482656459, 'ign_c': 5.13055176058983, 'trop_agb_crit': 24.584290528289387, 'trop_k_veg': 2.520089655463604}.
[I 2026-06-08 12:22:02,251] Trial 673 finished with values: [10.38462640422254, 10.38462640422254] and parameters: {'k1': 0.012840669372724958, 'D_low': 355.00125258511594, 'k2': 0.005082220961627801, 'D_high': 42210.21267871043, 'fire_exp': 1.3170256885255098, 'P_half': 4.213183643253957, 'pre_dampen_half': 63.6685916079943, 'gpp_af': 0.2204465010099918, 'gpp_b': 1.3289448722869181e-05, 'gpp_d': 1.493264336549928, 'ign_k': 0.0680787482656459, 'ign_c': 5.13055176058983, 'trop_agb_crit': 7.500118950416987, 'trop_k_veg': 2.520089655463604}.
[I 2026-06-08 12:22:03,519] Trial 674 finished with values: [10.183138821281899, 10.183138821281899] and parameters: {'k1': 0.008471801418819975, 'D_low': 2.143851363193517, 'k2': 1.4665316366397004e-05, 'D_high': 2940.51756322311, 'fire_exp': 1.165368636520435, 'P_half': 56.22114524476698, 'pre_dampen_half': 107.40052367919465, 'gpp_af': 0.017199513788543352, 'gpp_b': 0.0005752434266899163, 'gpp_d': 0.1197776427957647, 'ign_k': 8.708806168038567, 'ign_c': 15.221840161091626, 'trop_agb_crit': 7.500118950416987, 'trop_k_veg': 3.107042296015176}.
[I 2026-06-08 12:22:04,798] Trial 675 finished with values: [10.822159761523057, 10.822159761523057] and parameters: {'k1': 0.007299613382801458, 'D_low': 4.484744524732794, 'k2': 0.001462400459012571, 'D_high': 2940.51756322311, 'fire_exp': 1.0601964743503993, 'P_half': 220.3445560633069, 'pre_dampen_half': 502.5175192217655, 'gpp_af': 1.9706963379095486, 'gpp_b': 0.0021331409710300844, 'gpp_d': 84.31013932082456, 'ign_k': 0.0043958167971197126, 'ign_c': 3.7623363852696734, 'trop_agb_crit': 24.584290528289387, 'trop_k_veg': 1.4584243470991722}.
[I 2026-06-08 12:22:05,953] Trial 676 finished with values: [10.61863049862736, 10.61863049862736] and parameters: {'k1': 0.004312951023617458, 'D_low': 4.484744524732794, 'k2': 0.0040265389838192705, 'D_high': 16.139316358793206, 'fire_exp': 1.0629462657398439, 'P_half': 4.213183643253957, 'pre_dampen_half': 107.40052367919465, 'gpp_af': 0.017199513788543352, 'gpp_b': 0.0021331409710300844, 'gpp_d': 16.460426816350523, 'ign_k': 0.010167079878196114, 'ign_c': 15.221840161091626, 'trop_agb_crit': 1.4369803541745465, 'trop_k_veg': 3.1473758868965476}.
[I 2026-06-08 12:22:07,125] Trial 677 finished with values: [10.050010852099602, 10.050010852099602] and parameters: {'k1': 0.03635503353478365, 'D_low': 38.82837025280678, 'k2': 0.0012040762895973265, 'D_high': 2940.51756322311, 'fire_exp': 1.3170256885255098, 'P_half': 12.808863354047988, 'pre_dampen_half': 107.40052367919465, 'gpp_af': 1.200191344086032, 'gpp_b': 0.08852620105022933, 'gpp_d': 229.41380323183625, 'ign_k': 0.0315101491238403, 'ign_c': 5.13055176058983, 'trop_agb_crit': 1.14876138417489, 'trop_k_veg': 0.83140195149031}.
[I 2026-06-08 12:22:08,309] Trial 678 finished with values: [-0.4804521037828374, 0.22310609954685157] and parameters: {'k1': 0.004312951023617458, 'D_low': 4.484744524732794, 'k2': 0.09946147674311599, 'D_high': 3712.591045287726, 'fire_exp': 1.7329145403564932, 'P_half': 5.076307782729897, 'pre_dampen_half': 502.5175192217655, 'gpp_af': 0.7539992074650279, 'gpp_b': 0.0021331409710300844, 'gpp_d': 5.1715677287580455, 'ign_k': 0.010167079878196114, 'ign_c': 15.221840161091626, 'trop_agb_crit': 24.584290528289387, 'trop_k_veg': 1.4584243470991722}.
[I 2026-06-08 12:22:09,462] Trial 679 finished with values: [-0.5027590976783911, 0.22786536398757984] and parameters: {'k1': 0.01889771394135163, 'D_low': 4.484744524732794, 'k2': 1.1065812688893481e-05, 'D_high': 2940.51756322311, 'fire_exp': 1.0601964743503993, 'P_half': 220.3445560633069, 'pre_dampen_half': 502.5175192217655, 'gpp_af': 0.7539992074650279, 'gpp_b': 0.0054502936945582505, 'gpp_d': 16.460426816350523, 'ign_k': 0.0680787482656459, 'ign_c': 15.221840161091626, 'trop_agb_crit': 24.584290528289387, 'trop_k_veg': 1.4584243470991722}.
[I 2026-06-08 12:22:10,634] Trial 680 finished with values: [10.445207473715328, 10.445207473715328] and parameters: {'k1': 0.007299613382801458, 'D_low': 1.3577269394141454, 'k2': 0.0012040762895973265, 'D_high': 2940.51756322311, 'fire_exp': 1.3170256885255098, 'P_half': 4.213183643253957, 'pre_dampen_half': 502.5175192217655, 'gpp_af': 1.9706963379095486, 'gpp_b': 0.0005752434266899163, 'gpp_d': 84.31013932082456, 'ign_k': 0.0680787482656459, 'ign_c': 20.03995359361212, 'trop_agb_crit': 18.785197416433792, 'trop_k_veg': 2.194427136482602}.
[I 2026-06-08 12:22:12,045] Trial 681 finished with values: [10.211276080500856, 10.211276080500856] and parameters: {'k1': 0.01889771394135163, 'D_low': 77.31571570012609, 'k2': 0.0012040762895973265, 'D_high': 783.2259769732478, 'fire_exp': 1.165368636520435, 'P_half': 4.213183643253957, 'pre_dampen_half': 107.40052367919465, 'gpp_af': 0.7539992074650279, 'gpp_b': 0.0021331409710300844, 'gpp_d': 16.460426816350523, 'ign_k': 0.0315101491238403, 'ign_c': 15.221840161091626, 'trop_agb_crit': 7.500118950416987, 'trop_k_veg': 2.194427136482602}.
[I 2026-06-08 12:22:13,231] Trial 682 finished with values: [10.82255108301375, 10.82255108301375] and parameters: {'k1': 0.037704815040649445, 'D_low': 38.82837025280678, 'k2': 0.012758211164590085, 'D_high': 3712.591045287726, 'fire_exp': 1.1174086754605184, 'P_half': 93.43302657318476, 'pre_dampen_half': 107.40052367919465, 'gpp_af': 0.1476584299248268, 'gpp_b': 0.0005752434266899163, 'gpp_d': 10.369565216756202, 'ign_k': 8.103949702339497, 'ign_c': 30.28574109895626, 'trop_agb_crit': 3.5747129226002423, 'trop_k_veg': 3.49157152291552}.
[I 2026-06-08 12:22:14,406] Trial 683 finished with values: [10.000586569003481, 10.000586569003481] and parameters: {'k1': 0.004312951023617458, 'D_low': 77.31571570012609, 'k2': 0.012758211164590085, 'D_high': 783.2259769732478, 'fire_exp': 1.0629462657398439, 'P_half': 220.3445560633069, 'pre_dampen_half': 107.40052367919465, 'gpp_af': 0.7539992074650279, 'gpp_b': 3.43926796010005e-05, 'gpp_d': 16.460426816350523, 'ign_k': 0.0315101491238403, 'ign_c': 4.2425976091860935, 'trop_agb_crit': 19.3289574092866, 'trop_k_veg': 4.375785248100498}.
[I 2026-06-08 12:22:15,529] Trial 684 finished with values: [-0.481386404058057, 0.3066894299716161] and parameters: {'k1': 0.0018538092461931478, 'D_low': 64.39790863101601, 'k2': 2.246290894032394e-05, 'D_high': 3712.591045287726, 'fire_exp': 1.0629462657398439, 'P_half': 220.3445560633069, 'pre_dampen_half': 107.40052367919465, 'gpp_af': 0.7539992074650279, 'gpp_b': 3.43926796010005e-05, 'gpp_d': 5.1715677287580455, 'ign_k': 0.0680787482656459, 'ign_c': 1.2389052918551067, 'trop_agb_crit': 12.324775650896964, 'trop_k_veg': 1.4584243470991722}.
[I 2026-06-08 12:22:16,604] Trial 685 finished with values: [10.338349569445466, 10.338349569445466] and parameters: {'k1': 0.008912611835817005, 'D_low': 4.484744524732794, 'k2': 0.001462400459012571, 'D_high': 3712.591045287726, 'fire_exp': 1.1430983876313219, 'P_half': 56.22114524476698, 'pre_dampen_half': 10.129197956845726, 'gpp_af': 0.05511595477601767, 'gpp_b': 0.0054502936945582505, 'gpp_d': 10.369565216756202, 'ign_k': 8.708806168038567, 'ign_c': 15.221840161091626, 'trop_agb_crit': 24.584290528289387, 'trop_k_veg': 6.2065960186008615}.
[I 2026-06-08 12:22:17,775] Trial 686 finished with values: [-0.48207608435785526, 0.25838247275672777] and parameters: {'k1': 0.004312951023617458, 'D_low': 4.484744524732794, 'k2': 0.03538758864779238, 'D_high': 3712.591045287726, 'fire_exp': 1.3170256885255098, 'P_half': 220.3445560633069, 'pre_dampen_half': 502.5175192217655, 'gpp_af': 0.7539992074650279, 'gpp_b': 0.0021331409710300844, 'gpp_d': 5.1715677287580455, 'ign_k': 0.010167079878196114, 'ign_c': 15.221840161091626, 'trop_agb_crit': 24.584290528289387, 'trop_k_veg': 0.5349971555643298}.
[I 2026-06-08 12:22:19,043] Trial 687 finished with values: [10.887237870269956, 10.887237870269956] and parameters: {'k1': 0.004312951023617458, 'D_low': 4.484744524732794, 'k2': 8.923807143379776e-05, 'D_high': 42210.21267871043, 'fire_exp': 7.559891478674904, 'P_half': 220.3445560633069, 'pre_dampen_half': 552.4163637315892, 'gpp_af': 0.7539992074650279, 'gpp_b': 1.319554058182653e-05, 'gpp_d': 150.14555442537656, 'ign_k': 0.0315101491238403, 'ign_c': 0.70689749506246, 'trop_agb_crit': 1.14876138417489, 'trop_k_veg': 1.5332163484880694}.
[I 2026-06-08 12:22:20,262] Trial 688 finished with values: [10.168603939251323, 10.168603939251323] and parameters: {'k1': 0.01889771394135163, 'D_low': 20.32977847090263, 'k2': 0.0012040762895973265, 'D_high': 1493.5213816355397, 'fire_exp': 1.165368636520435, 'P_half': 220.3445560633069, 'pre_dampen_half': 107.40052367919465, 'gpp_af': 1.200191344086032, 'gpp_b': 0.0005752434266899163, 'gpp_d': 84.31013932082456, 'ign_k': 0.0315101491238403, 'ign_c': 20.03995359361212, 'trop_agb_crit': 1.14876138417489, 'trop_k_veg': 2.520089655463604}.
[I 2026-06-08 12:22:21,353] Trial 689 finished with values: [10.159407209844872, 10.159407209844872] and parameters: {'k1': 0.008287522363768155, 'D_low': 64.39790863101601, 'k2': 0.012758211164590085, 'D_high': 61536.58035691648, 'fire_exp': 1.1430983876313219, 'P_half': 587.6331101080223, 'pre_dampen_half': 719.4083432823455, 'gpp_af': 0.7539992074650279, 'gpp_b': 0.0021331409710300844, 'gpp_d': 14.792055086678463, 'ign_k': 0.0020161527752598613, 'ign_c': 5.13055176058983, 'trop_agb_crit': 24.584290528289387, 'trop_k_veg': 2.520089655463604}.
[I 2026-06-08 12:22:22,461] Trial 690 finished with values: [10.467729256967788, 10.467729256967788] and parameters: {'k1': 0.008287522363768155, 'D_low': 77.31571570012609, 'k2': 0.0012040762895973265, 'D_high': 3712.591045287726, 'fire_exp': 1.1263716762638152, 'P_half': 4.213183643253957, 'pre_dampen_half': 502.5175192217655, 'gpp_af': 0.7539992074650279, 'gpp_b': 0.0021331409710300844, 'gpp_d': 1.279742971294904, 'ign_k': 0.0315101491238403, 'ign_c': 5.13055176058983, 'trop_agb_crit': 24.584290528289387, 'trop_k_veg': 2.520089655463604}.
[I 2026-06-08 12:22:23,614] Trial 691 finished with values: [10.017253183430054, 10.017253183430054] and parameters: {'k1': 0.01889771394135163, 'D_low': 70.18267183720735, 'k2': 1.1065812688893481e-05, 'D_high': 2940.51756322311, 'fire_exp': 1.0601964743503993, 'P_half': 4.213183643253957, 'pre_dampen_half': 107.40052367919465, 'gpp_af': 1.9706963379095486, 'gpp_b': 0.0054502936945582505, 'gpp_d': 84.31013932082456, 'ign_k': 8.708806168038567, 'ign_c': 20.03995359361212, 'trop_agb_crit': 7.500118950416987, 'trop_k_veg': 6.9782110227926815}.
[I 2026-06-08 12:22:24,737] Trial 692 finished with values: [10.888799991662053, 10.888799991662053] and parameters: {'k1': 0.004312951023617458, 'D_low': 64.39790863101601, 'k2': 0.012758211164590085, 'D_high': 4681.376193450557, 'fire_exp': 1.0629462657398439, 'P_half': 220.3445560633069, 'pre_dampen_half': 107.40052367919465, 'gpp_af': 1.9706963379095486, 'gpp_b': 0.0021331409710300844, 'gpp_d': 109.45351414473369, 'ign_k': 0.0680787482656459, 'ign_c': 111.98001958256879, 'trop_agb_crit': 24.584290528289387, 'trop_k_veg': 6.9782110227926815}.
[I 2026-06-08 12:22:25,958] Trial 693 finished with values: [10.469200152637507, 10.469200152637507] and parameters: {'k1': 0.01553297328951422, 'D_low': 64.39790863101601, 'k2': 0.001462400459012571, 'D_high': 3712.591045287726, 'fire_exp': 2.726360712292888, 'P_half': 220.3445560633069, 'pre_dampen_half': 502.5175192217655, 'gpp_af': 12.279228494238078, 'gpp_b': 0.0021331409710300844, 'gpp_d': 29.749683811098393, 'ign_k': 0.0680787482656459, 'ign_c': 0.70689749506246, 'trop_agb_crit': 18.785197416433792, 'trop_k_veg': 1.4584243470991722}.
[I 2026-06-08 12:22:27,177] Trial 694 finished with values: [10.765580371437702, 10.765580371437702] and parameters: {'k1': 0.01889771394135163, 'D_low': 1.3577269394141454, 'k2': 0.0012040762895973265, 'D_high': 42210.21267871043, 'fire_exp': 1.165368636520435, 'P_half': 4.213183643253957, 'pre_dampen_half': 0.0399066504395798, 'gpp_af': 0.2204465010099918, 'gpp_b': 0.0005752434266899163, 'gpp_d': 14.792055086678463, 'ign_k': 0.0680787482656459, 'ign_c': 5.13055176058983, 'trop_agb_crit': 24.584290528289387, 'trop_k_veg': 2.520089655463604}.
[I 2026-06-08 12:22:28,380] Trial 695 finished with values: [10.252941148553436, 10.252941148553436] and parameters: {'k1': 0.00031134168041628584, 'D_low': 150.6455793119292, 'k2': 1.1065812688893481e-05, 'D_high': 3712.591045287726, 'fire_exp': 1.0601964743503993, 'P_half': 220.3445560633069, 'pre_dampen_half': 552.4163637315892, 'gpp_af': 0.7539992074650279, 'gpp_b': 0.0021331409710300844, 'gpp_d': 16.460426816350523, 'ign_k': 0.0680787482656459, 'ign_c': 15.221840161091626, 'trop_agb_crit': 1.0197794118421077, 'trop_k_veg': 1.4584243470991722}.
[I 2026-06-08 12:22:29,534] Trial 696 finished with values: [10.818266484519365, 10.818266484519365] and parameters: {'k1': 0.037704815040649445, 'D_low': 2.143851363193517, 'k2': 0.012758211164590085, 'D_high': 3712.591045287726, 'fire_exp': 1.1430983876313219, 'P_half': 19.876655910112248, 'pre_dampen_half': 107.40052367919465, 'gpp_af': 0.1476584299248268, 'gpp_b': 0.0005752434266899163, 'gpp_d': 10.369565216756202, 'ign_k': 8.708806168038567, 'ign_c': 30.28574109895626, 'trop_agb_crit': 3.5747129226002423, 'trop_k_veg': 3.49157152291552}.
[I 2026-06-08 12:22:30,626] Trial 697 finished with values: [10.150430945034518, 10.150430945034518] and parameters: {'k1': 0.008912611835817005, 'D_low': 4.484744524732794, 'k2': 1.1065812688893481e-05, 'D_high': 3712.591045287726, 'fire_exp': 1.1430983876313219, 'P_half': 220.3445560633069, 'pre_dampen_half': 107.40052367919465, 'gpp_af': 1.9706963379095486, 'gpp_b': 0.0021331409710300844, 'gpp_d': 106.74579222939708, 'ign_k': 0.010167079878196114, 'ign_c': 15.221840161091626, 'trop_agb_crit': 24.584290528289387, 'trop_k_veg': 1.4584243470991722}.
[I 2026-06-08 12:22:31,797] Trial 698 finished with values: [10.458185941631585, 10.458185941631585] and parameters: {'k1': 0.037704815040649445, 'D_low': 60.42560675552672, 'k2': 0.012758211164590085, 'D_high': 3712.591045287726, 'fire_exp': 1.3170256885255098, 'P_half': 29.23116601611836, 'pre_dampen_half': 107.40052367919465, 'gpp_af': 0.7539992074650279, 'gpp_b': 0.0005752434266899163, 'gpp_d': 0.9568931772917477, 'ign_k': 0.0680787482656459, 'ign_c': 30.28574109895626, 'trop_agb_crit': 3.2954785755570537, 'trop_k_veg': 3.4387132748252047}.
[I 2026-06-08 12:22:33,176] Trial 699 finished with values: [10.238026981300752, 10.238026981300752] and parameters: {'k1': 0.00031134168041628584, 'D_low': 4.484744524732794, 'k2': 1.4665316366397004e-05, 'D_high': 2940.51756322311, 'fire_exp': 1.165368636520435, 'P_half': 220.3445560633069, 'pre_dampen_half': 502.5175192217655, 'gpp_af': 0.017199513788543352, 'gpp_b': 0.0021331409710300844, 'gpp_d': 84.31013932082456, 'ign_k': 0.5524095129928631, 'ign_c': 15.221840161091626, 'trop_agb_crit': 24.584290528289387, 'trop_k_veg': 2.194427136482602}.
[I 2026-06-08 12:22:34,428] Trial 700 finished with values: [10.161415842506658, 10.161415842506658] and parameters: {'k1': 0.004312951023617458, 'D_low': 70.18267183720735, 'k2': 0.0012040762895973265, 'D_high': 2940.51756322311, 'fire_exp': 1.0629462657398439, 'P_half': 4.213183643253957, 'pre_dampen_half': 107.40052367919465, 'gpp_af': 1.200191344086032, 'gpp_b': 0.0021331409710300844, 'gpp_d': 150.14555442537656, 'ign_k': 0.0680787482656459, 'ign_c': 15.221840161091626, 'trop_agb_crit': 1.14876138417489, 'trop_k_veg': 2.573214588078609}.
[I 2026-06-08 12:22:35,570] Trial 701 finished with values: [10.557418338742359, 10.557418338742359] and parameters: {'k1': 0.008471801418819975, 'D_low': 77.31571570012609, 'k2': 0.0012040762895973265, 'D_high': 783.2259769732478, 'fire_exp': 1.1430983876313219, 'P_half': 5.232779509048979, 'pre_dampen_half': 10.129197956845726, 'gpp_af': 0.7539992074650279, 'gpp_b': 0.0021331409710300844, 'gpp_d': 10.369565216756202, 'ign_k': 0.0315101491238403, 'ign_c': 3.5828811741825057, 'trop_agb_crit': 24.584290528289387, 'trop_k_veg': 1.4584243470991722}.
[I 2026-06-08 12:22:36,675] Trial 702 finished with values: [10.647396646493014, 10.647396646493014] and parameters: {'k1': 0.008287522363768155, 'D_low': 355.00125258511594, 'k2': 0.0012040762895973265, 'D_high': 623.411042225738, 'fire_exp': 1.3170256885255098, 'P_half': 4.213183643253957, 'pre_dampen_half': 63.6685916079943, 'gpp_af': 0.2204465010099918, 'gpp_b': 0.0021331409710300844, 'gpp_d': 14.792055086678463, 'ign_k': 0.0680787482656459, 'ign_c': 5.13055176058983, 'trop_agb_crit': 24.584290528289387, 'trop_k_veg': 2.520089655463604}.
[I 2026-06-08 12:22:37,782] Trial 703 finished with values: [10.263320975743431, 10.263320975743431] and parameters: {'k1': 0.004312951023617458, 'D_low': 38.82837025280678, 'k2': 1.915468390724633e-05, 'D_high': 3712.591045287726, 'fire_exp': 1.0601964743503993, 'P_half': 220.3445560633069, 'pre_dampen_half': 502.5175192217655, 'gpp_af': 0.7539992074650279, 'gpp_b': 0.0005752434266899163, 'gpp_d': 10.369565216756202, 'ign_k': 0.0680787482656459, 'ign_c': 30.28574109895626, 'trop_agb_crit': 24.584290528289387, 'trop_k_veg': 1.4584243470991722}.
[I 2026-06-08 12:22:38,968] Trial 704 finished with values: [10.575647867480471, 10.575647867480471] and parameters: {'k1': 0.01889771394135163, 'D_low': 4.484744524732794, 'k2': 0.001462400459012571, 'D_high': 3712.591045287726, 'fire_exp': 1.165368636520435, 'P_half': 220.3445560633069, 'pre_dampen_half': 107.40052367919465, 'gpp_af': 0.017199513788543352, 'gpp_b': 0.0005752434266899163, 'gpp_d': 29.749683811098393, 'ign_k': 8.708806168038567, 'ign_c': 0.8916132699546893, 'trop_agb_crit': 3.2954785755570537, 'trop_k_veg': 1.4584243470991722}.
