[I 2026-06-10 22:34:18,082] Trial 487 finished with values: [10.765841787602126, 10.765841787602126] and parameters: {'k1': 5.7909642338812115e-05, 'D_low': 1.4002277211577039, 'k2': 0.003767022142229395, 'D_high': 27.55546207779663, 'fire_exp': 1.2918065501148304, 'P_half': 1241.3450098922583, 'pre_dampen_half': 123.04779330083686, 'gpp_af': 0.004511991819672033, 'gpp_b': 2.176805640408474e-05, 'gpp_d': 1.0088237648985734, 'ign_k': 0.17320535908244444, 'ign_c': 23.422386257929038, 'trop_agb_crit': 1.0693376406863295, 'trop_k_veg': 1.2749676887479542, 'fire_amp': 5.831305332032283}.
[I 2026-06-10 22:34:19,408] Trial 488 finished with values: [10.79050127820972, 10.79050127820972] and parameters: {'k1': 0.0869690639641868, 'D_low': 2267.735223551285, 'k2': 0.003767022142229395, 'D_high': 48235.58283024493, 'fire_exp': 1.0601964743503993, 'P_half': 4.213183643253957, 'pre_dampen_half': 30.456909077772018, 'gpp_af': 6.384685545228285, 'gpp_b': 6.590619977704117, 'gpp_d': 0.4742269251269962, 'ign_k': 1.6270983114897255, 'ign_c': 0.6235377135673155, 'trop_agb_crit': 1.8285200278523417, 'trop_k_veg': 4.796046723963646, 'fire_amp': 4.19233232783727}.
[I 2026-06-10 22:34:20,694] Trial 489 finished with values: [11.612490118720094, 11.612490118720094] and parameters: {'k1': 0.00026539376439360527, 'D_low': 1.4002277211577039, 'k2': 0.0012030178871154666, 'D_high': 48235.58283024493, 'fire_exp': 1.1633452995374232, 'P_half': 51.10120656497163, 'pre_dampen_half': 1.8575807716793389, 'gpp_af': 0.41874665092828456, 'gpp_b': 2.800940363375676e-05, 'gpp_d': 0.47379914349407487, 'ign_k': 0.09256855841989636, 'ign_c': 0.10435856341129002, 'trop_agb_crit': 1.0189592979395135, 'trop_k_veg': 4.796046723963646, 'fire_amp': 5.615047466686494}.
[I 2026-06-10 22:34:22,210] Trial 490 finished with values: [10.286415083447327, 10.286415083447327] and parameters: {'k1': 0.0012752949611679993, 'D_low': 6010.742028864748, 'k2': 0.0001016707987819611, 'D_high': 8440.303958079088, 'fire_exp': 1.7220686611084326, 'P_half': 1.4551749476072258, 'pre_dampen_half': 903.3231300044874, 'gpp_af': 3.298293484806585, 'gpp_b': 0.00012118589392553798, 'gpp_d': 0.030844007727232167, 'ign_k': 0.8945150807271531, 'ign_c': 7.832259769732471, 'trop_agb_crit': 1.8023542850487386, 'trop_k_veg': 6.172643383211297, 'fire_amp': 2.042193818779288}.
[I 2026-06-10 22:34:23,804] Trial 491 finished with values: [10.777572114921085, 10.777572114921085] and parameters: {'k1': 0.00026539376439360527, 'D_low': 2267.735223551285, 'k2': 0.02065142557895925, 'D_high': 431.45617043093523, 'fire_exp': 1.9095652801045373, 'P_half': 1.9678273362633985, 'pre_dampen_half': 189.36639872354493, 'gpp_af': 10.25616274847308, 'gpp_b': 2.800940363375676e-05, 'gpp_d': 0.4742269251269962, 'ign_k': 1.6270983114897255, 'ign_c': 2.226297338331262, 'trop_agb_crit': 1.8023542850487386, 'trop_k_veg': 0.828441460847982, 'fire_amp': 2.042193818779288}.
[I 2026-06-10 22:34:25,277] Trial 492 finished with values: [-0.35017687609986264, 0.5609300129164738] and parameters: {'k1': 0.08006837661379566, 'D_low': 2267.735223551285, 'k2': 0.02065142557895925, 'D_high': 44974.07193749848, 'fire_exp': 1.9095652801045373, 'P_half': 118.94665366442581, 'pre_dampen_half': 189.36639872354493, 'gpp_af': 0.09885838682552685, 'gpp_b': 2.800940363375676e-05, 'gpp_d': 0.4742269251269962, 'ign_k': 0.004775640431359605, 'ign_c': 0.10435856341129002, 'trop_agb_crit': 8.188098178380693, 'trop_k_veg': 0.828441460847982, 'fire_amp': 2.6192385880432525}.
[I 2026-06-10 22:34:26,636] Trial 493 finished with values: [10.55223881644827, 10.55223881644827] and parameters: {'k1': 0.00026539376439360527, 'D_low': 1.4002277211577039, 'k2': 0.003767022142229395, 'D_high': 44974.07193749848, 'fire_exp': 1.1633452995374232, 'P_half': 51.10120656497163, 'pre_dampen_half': 1.4510220269654117, 'gpp_af': 1.3954498518315706, 'gpp_b': 0.004411400434514031, 'gpp_d': 12.151631524283598, 'ign_k': 1.636529060071807, 'ign_c': 0.7619822175388142, 'trop_agb_crit': 1.0693376406863295, 'trop_k_veg': 1.600928934389327, 'fire_amp': 5.615047466686494}.
[I 2026-06-10 22:34:27,989] Trial 494 finished with values: [10.833331058195807, 10.833331058195807] and parameters: {'k1': 0.0001887567630782227, 'D_low': 171.2446447678494, 'k2': 0.0004976087827261435, 'D_high': 69868.4759244566, 'fire_exp': 1.2918065501148304, 'P_half': 45.55085098454082, 'pre_dampen_half': 3.970724383334912, 'gpp_af': 29.700320404259642, 'gpp_b': 0.0010520080391520565, 'gpp_d': 0.12878367369717508, 'ign_k': 0.13500744867919376, 'ign_c': 99.96359851911319, 'trop_agb_crit': 12.647327018493208, 'trop_k_veg': 0.6673124511410327, 'fire_amp': 4.19233232783727}.
[I 2026-06-10 22:34:29,330] Trial 495 finished with values: [10.82419566541954, 10.82419566541954] and parameters: {'k1': 0.0869690639641868, 'D_low': 2067.91871434888, 'k2': 0.003767022142229395, 'D_high': 1817.0401889219124, 'fire_exp': 1.0601964743503993, 'P_half': 5.4712187293420325, 'pre_dampen_half': 1.4270448359329697, 'gpp_af': 0.07118041471054574, 'gpp_b': 0.004411400434514031, 'gpp_d': 594.7389794988394, 'ign_k': 0.8945150807271531, 'ign_c': 0.7619822175388142, 'trop_agb_crit': 1.8566494291193822, 'trop_k_veg': 4.796046723963646, 'fire_amp': 5.416595007374148}.
[I 2026-06-10 22:34:30,783] Trial 496 finished with values: [10.075473737049435, 10.075473737049435] and parameters: {'k1': 0.00026539376439360527, 'D_low': 9.882278532808778, 'k2': 0.0012030178871154666, 'D_high': 27.55546207779663, 'fire_exp': 1.1633452995374232, 'P_half': 51.10120656497163, 'pre_dampen_half': 189.36639872354493, 'gpp_af': 0.41874665092828456, 'gpp_b': 0.004411400434514031, 'gpp_d': 1.0088237648985734, 'ign_k': 0.29415751391396583, 'ign_c': 0.4177928311636542, 'trop_agb_crit': 4.902399583903479, 'trop_k_veg': 2.1406449943451844, 'fire_amp': 5.615047466686494}.
[I 2026-06-10 22:34:32,244] Trial 497 finished with values: [10.180013675487823, 10.180013675487823] and parameters: {'k1': 0.0001887567630782227, 'D_low': 50.32059347286801, 'k2': 1.1417577140741129e-05, 'D_high': 1266.9536563782303, 'fire_exp': 1.9136159174067866, 'P_half': 1.4551749476072258, 'pre_dampen_half': 189.36639872354493, 'gpp_af': 3.298293484806585, 'gpp_b': 5.0875243087016374e-05, 'gpp_d': 34.18897529667503, 'ign_k': 0.09256855841989636, 'ign_c': 7.832259769732471, 'trop_agb_crit': 3.1419938725278875, 'trop_k_veg': 1.6648666152166967, 'fire_amp': 1.4475279918261055}.
[I 2026-06-10 22:34:33,560] Trial 498 finished with values: [10.833333333148357, 10.833333333148357] and parameters: {'k1': 0.016973078532467004, 'D_low': 3840.3004190988563, 'k2': 0.003767022142229395, 'D_high': 27.55546207779663, 'fire_exp': 1.14171776851287, 'P_half': 4.213183643253957, 'pre_dampen_half': 123.04779330083686, 'gpp_af': 1.3954498518315706, 'gpp_b': 1.1008110571039521e-05, 'gpp_d': 3.57879245350232, 'ign_k': 0.9419612235978201, 'ign_c': 1.3431925993528124, 'trop_agb_crit': 1.5033346993841157, 'trop_k_veg': 1.2749676887479542, 'fire_amp': 1.348912780545359}.
[I 2026-06-10 22:34:35,133] Trial 499 finished with values: [10.668580326985103, 10.668580326985103] and parameters: {'k1': 0.017276056747028225, 'D_low': 12.105387404469584, 'k2': 0.003767022142229395, 'D_high': 44974.07193749848, 'fire_exp': 1.0601964743503993, 'P_half': 1265.0580856641704, 'pre_dampen_half': 9.044346216330972, 'gpp_af': 0.41874665092828456, 'gpp_b': 0.16285506249643175, 'gpp_d': 12.151631524283598, 'ign_k': 0.17320535908244444, 'ign_c': 0.6235377135673155, 'trop_agb_crit': 1.5033346993841157, 'trop_k_veg': 4.796046723963646, 'fire_amp': 1.3503088148200095}.
[I 2026-06-10 22:34:36,447] Trial 500 finished with values: [10.198819829948325, 10.198819829948325] and parameters: {'k1': 0.00031134168041628584, 'D_low': 2396.0796124300746, 'k2': 0.02939607009739149, 'D_high': 44974.07193749848, 'fire_exp': 1.9365919987098117, 'P_half': 101.40635645866499, 'pre_dampen_half': 98.05638874011484, 'gpp_af': 1.3954498518315706, 'gpp_b': 0.16285506249643175, 'gpp_d': 12.151631524283598, 'ign_k': 1.636529060071807, 'ign_c': 2.2489542843914485, 'trop_agb_crit': 1.5033346993841157, 'trop_k_veg': 0.6488368931910606, 'fire_amp': 4.1162797330133705}.
[I 2026-06-10 22:34:37,927] Trial 501 finished with values: [11.362460733025838, 11.362460733025838] and parameters: {'k1': 0.00026539376439360527, 'D_low': 3840.3004190988563, 'k2': 3.152468275632564e-05, 'D_high': 8440.303958079088, 'fire_exp': 1.0881065558452814, 'P_half': 12.262543158860007, 'pre_dampen_half': 903.3231300044874, 'gpp_af': 3.298293484806585, 'gpp_b': 0.00012118589392553798, 'gpp_d': 0.030844007727232167, 'ign_k': 0.8945150807271531, 'ign_c': 0.10435856341129002, 'trop_agb_crit': 1.5033346993841157, 'trop_k_veg': 6.172643383211297, 'fire_amp': 3.139567065154707}.
[I 2026-06-10 22:34:39,461] Trial 502 finished with values: [-0.3782697992279366, 0.39382685041823484] and parameters: {'k1': 0.0001887567630782227, 'D_low': 15.0613200804335, 'k2': 0.019383858782150494, 'D_high': 42210.21267871043, 'fire_exp': 1.0601964743503993, 'P_half': 1265.0580856641704, 'pre_dampen_half': 269.0845367054866, 'gpp_af': 0.8057329182285734, 'gpp_b': 2.176805640408474e-05, 'gpp_d': 1.4397852866783676, 'ign_k': 0.17320535908244444, 'ign_c': 0.17036120617148395, 'trop_agb_crit': 12.647327018493208, 'trop_k_veg': 4.0068236274914755, 'fire_amp': 1.1202509284327942}.
[I 2026-06-10 22:34:40,939] Trial 503 finished with values: [-0.4239449665028637, 0.21857820832473218] and parameters: {'k1': 0.00026539376439360527, 'D_low': 6010.742028864748, 'k2': 1.1417577140741129e-05, 'D_high': 29.126651668813768, 'fire_exp': 1.111738490499784, 'P_half': 1.4551749476072258, 'pre_dampen_half': 189.36639872354493, 'gpp_af': 3.298293484806585, 'gpp_b': 0.16285506249643175, 'gpp_d': 12.151631524283598, 'ign_k': 1.636529060071807, 'ign_c': 0.7619822175388142, 'trop_agb_crit': 4.902399583903479, 'trop_k_veg': 0.6488368931910606, 'fire_amp': 4.1162797330133705}.
[I 2026-06-10 22:34:42,356] Trial 504 finished with values: [10.295652046697379, 10.295652046697379] and parameters: {'k1': 0.00026539376439360527, 'D_low': 3840.3004190988563, 'k2': 3.152468275632564e-05, 'D_high': 20103.283734409175, 'fire_exp': 1.0601964743503993, 'P_half': 12.262543158860007, 'pre_dampen_half': 9.044346216330972, 'gpp_af': 52.24919465719593, 'gpp_b': 1.4540386644083135e-05, 'gpp_d': 0.47379914349407487, 'ign_k': 0.09256855841989636, 'ign_c': 0.10435856341129002, 'trop_agb_crit': 1.0189592979395135, 'trop_k_veg': 1.600928934389327, 'fire_amp': 3.139567065154707}.
[I 2026-06-10 22:34:43,666] Trial 505 finished with values: [-0.6143443324442734, 0.2487081154649352] and parameters: {'k1': 0.006079905434073396, 'D_low': 1.4002277211577039, 'k2': 4.933751600448335e-05, 'D_high': 949.9072859745386, 'fire_exp': 1.2732983562135975, 'P_half': 882.2833027501578, 'pre_dampen_half': 20.84599542460349, 'gpp_af': 0.41874665092828456, 'gpp_b': 1.4540386644083135e-05, 'gpp_d': 47.35384181058586, 'ign_k': 1.6270983114897255, 'ign_c': 16.497426799845446, 'trop_agb_crit': 1.0189592979395135, 'trop_k_veg': 4.796046723963646, 'fire_amp': 4.19233232783727}.
[I 2026-06-10 22:34:45,009] Trial 506 finished with values: [10.38471901548584, 10.38471901548584] and parameters: {'k1': 0.0001887567630782227, 'D_low': 2267.735223551285, 'k2': 0.003767022142229395, 'D_high': 949.9072859745386, 'fire_exp': 1.0601964743503993, 'P_half': 157.80309954142965, 'pre_dampen_half': 9.044346216330972, 'gpp_af': 10.25616274847308, 'gpp_b': 1.4540386644083135e-05, 'gpp_d': 0.4742269251269962, 'ign_k': 0.17320535908244444, 'ign_c': 1.3431925993528124, 'trop_agb_crit': 1.8285200278523417, 'trop_k_veg': 3.1055119128084763, 'fire_amp': 4.19233232783727}.
[I 2026-06-10 22:34:46,470] Trial 507 finished with values: [13.146130221869214, 13.146130221869214] and parameters: {'k1': 0.0007916322947490366, 'D_low': 1.4002277211577039, 'k2': 0.0001016707987819611, 'D_high': 8440.303958079088, 'fire_exp': 1.111738490499784, 'P_half': 51.10120656497163, 'pre_dampen_half': 903.3231300044874, 'gpp_af': 0.41874665092828456, 'gpp_b': 0.00012118589392553798, 'gpp_d': 0.47379914349407487, 'ign_k': 0.8945150807271531, 'ign_c': 0.10435856341129002, 'trop_agb_crit': 4.902399583903479, 'trop_k_veg': 1.600928934389327, 'fire_amp': 2.042193818779288}.
[I 2026-06-10 22:34:47,836] Trial 508 finished with values: [10.343114970722269, 10.343114970722269] and parameters: {'k1': 0.00026539376439360527, 'D_low': 12.105387404469584, 'k2': 0.003767022142229395, 'D_high': 431.45617043093523, 'fire_exp': 1.0601964743503993, 'P_half': 5.4712187293420325, 'pre_dampen_half': 121.93011993958949, 'gpp_af': 0.07118041471054574, 'gpp_b': 1.4540386644083135e-05, 'gpp_d': 0.12878367369717508, 'ign_k': 2.3805746020770413, 'ign_c': 0.7619822175388142, 'trop_agb_crit': 1.0693376406863295, 'trop_k_veg': 6.825463866194253, 'fire_amp': 4.19233232783727}.
[I 2026-06-10 22:34:49,207] Trial 509 finished with values: [10.460290837536387, 10.460290837536387] and parameters: {'k1': 0.00026539376439360527, 'D_low': 43.2326421037033, 'k2': 1.1417577140741129e-05, 'D_high': 949.9072859745386, 'fire_exp': 1.111738490499784, 'P_half': 157.3644610977214, 'pre_dampen_half': 37.40930273158252, 'gpp_af': 3.298293484806585, 'gpp_b': 0.00013164432569139702, 'gpp_d': 0.030844007727232167, 'ign_k': 0.09256855841989636, 'ign_c': 16.497426799845446, 'trop_agb_crit': 8.188098178380693, 'trop_k_veg': 2.1406449943451844, 'fire_amp': 1.4475279918261055}.
[I 2026-06-10 22:34:50,578] Trial 510 finished with values: [10.830860528620025, 10.830860528620025] and parameters: {'k1': 0.00026539376439360527, 'D_low': 12.105387404469584, 'k2': 1.1417577140741129e-05, 'D_high': 44974.07193749848, 'fire_exp': 1.9365919987098117, 'P_half': 101.40635645866499, 'pre_dampen_half': 98.05638874011484, 'gpp_af': 1.3954498518315706, 'gpp_b': 0.16285506249643175, 'gpp_d': 0.030844007727232167, 'ign_k': 1.636529060071807, 'ign_c': 7.832259769732471, 'trop_agb_crit': 1.0693376406863295, 'trop_k_veg': 4.667598965682156, 'fire_amp': 4.1162797330133705}.
[I 2026-06-10 22:34:51,947] Trial 511 finished with values: [10.759622447287349, 10.759622447287349] and parameters: {'k1': 0.006079905434073396, 'D_low': 43.2326421037033, 'k2': 0.0001016707987819611, 'D_high': 570.8731724249576, 'fire_exp': 1.4690410989404576, 'P_half': 1265.0580856641704, 'pre_dampen_half': 9.044346216330972, 'gpp_af': 42.29037995744429, 'gpp_b': 0.00012118589392553798, 'gpp_d': 545.0253444559129, 'ign_k': 0.17320535908244444, 'ign_c': 3.4321391362415827, 'trop_agb_crit': 2.1989086830950257, 'trop_k_veg': 4.796046723963646, 'fire_amp': 1.032981306188127}.
[I 2026-06-10 22:34:53,415] Trial 512 finished with values: [10.652245219069725, 10.652245219069725] and parameters: {'k1': 0.0021949137421473017, 'D_low': 6010.742028864748, 'k2': 0.0001016707987819611, 'D_high': 949.9072859745386, 'fire_exp': 1.2732983562135975, 'P_half': 157.3644610977214, 'pre_dampen_half': 37.40930273158252, 'gpp_af': 3.298293484806585, 'gpp_b': 0.00047819318414852577, 'gpp_d': 0.4742269251269962, 'ign_k': 0.8945150807271531, 'ign_c': 16.497426799845446, 'trop_agb_crit': 8.188098178380693, 'trop_k_veg': 1.6003641872536711, 'fire_amp': 2.042193818779288}.
[I 2026-06-10 22:34:54,850] Trial 513 finished with values: [-0.47061869948408797, 0.4087744501410795] and parameters: {'k1': 0.00023134781612225627, 'D_low': 1.7551403048208316, 'k2': 0.019383858782150494, 'D_high': 42210.21267871043, 'fire_exp': 1.0601964743503993, 'P_half': 1265.0580856641704, 'pre_dampen_half': 269.0845367054866, 'gpp_af': 0.8057329182285734, 'gpp_b': 0.00031478066835753096, 'gpp_d': 1.4397852866783676, 'ign_k': 0.17320535908244444, 'ign_c': 7.081721844034206, 'trop_agb_crit': 12.647327018493208, 'trop_k_veg': 4.0068236274914755, 'fire_amp': 1.5719333351012774}.
[I 2026-06-10 22:34:56,387] Trial 514 finished with values: [10.266154826236452, 10.266154826236452] and parameters: {'k1': 0.0869690639641868, 'D_low': 146.24004590125713, 'k2': 0.0007731571570012607, 'D_high': 48235.58283024493, 'fire_exp': 1.1633452995374232, 'P_half': 1.4551749476072258, 'pre_dampen_half': 9.044346216330972, 'gpp_af': 0.41874665092828456, 'gpp_b': 0.004411400434514031, 'gpp_d': 7.631016235941559, 'ign_k': 0.8945150807271531, 'ign_c': 0.6235377135673155, 'trop_agb_crit': 1.0189592979395135, 'trop_k_veg': 4.796046723963646, 'fire_amp': 1.4475279918261055}.
[I 2026-06-10 22:34:57,697] Trial 515 finished with values: [10.8308871683413, 10.8308871683413] and parameters: {'k1': 0.00031134168041628584, 'D_low': 2972.248537653567, 'k2': 0.003767022142229395, 'D_high': 8440.303958079088, 'fire_exp': 1.9365919987098117, 'P_half': 1.4551749476072258, 'pre_dampen_half': 98.05638874011484, 'gpp_af': 3.298293484806585, 'gpp_b': 0.16285506249643175, 'gpp_d': 0.030844007727232167, 'ign_k': 0.8945150807271531, 'ign_c': 0.6658322706867178, 'trop_agb_crit': 1.8023542850487386, 'trop_k_veg': 0.6488368931910606, 'fire_amp': 2.042193818779288}.
[I 2026-06-10 22:34:58,987] Trial 516 finished with values: [10.874310750399065, 10.874310750399065] and parameters: {'k1': 0.00026539376439360527, 'D_low': 15.0613200804335, 'k2': 0.0012030178871154666, 'D_high': 42210.21267871043, 'fire_exp': 1.1633452995374232, 'P_half': 1265.0580856641704, 'pre_dampen_half': 269.0845367054866, 'gpp_af': 0.8057329182285734, 'gpp_b': 2.176805640408474e-05, 'gpp_d': 1.0088237648985734, 'ign_k': 0.002803357452303278, 'ign_c': 0.4177928311636542, 'trop_agb_crit': 12.647327018493208, 'trop_k_veg': 4.0068236274914755, 'fire_amp': 5.615047466686494}.
[I 2026-06-10 22:35:00,350] Trial 517 finished with values: [10.267426395805494, 10.267426395805494] and parameters: {'k1': 0.00031134168041628584, 'D_low': 12.105387404469584, 'k2': 0.003767022142229395, 'D_high': 431.45617043093523, 'fire_exp': 1.3807440352456883, 'P_half': 4.213183643253957, 'pre_dampen_half': 121.93011993958949, 'gpp_af': 0.07118041471054574, 'gpp_b': 1.4540386644083135e-05, 'gpp_d': 0.03927259340973166, 'ign_k': 7.544827057709847, 'ign_c': 0.7619822175388142, 'trop_agb_crit': 1.0693376406863295, 'trop_k_veg': 1.056284487623406, 'fire_amp': 4.19233232783727}.
[I 2026-06-10 22:35:01,844] Trial 518 finished with values: [10.832936990068726, 10.832936990068726] and parameters: {'k1': 0.0869690639641868, 'D_low': 1074.940539517341, 'k2': 0.003767022142229395, 'D_high': 16.91793781734267, 'fire_exp': 1.111738490499784, 'P_half': 61.6097529474144, 'pre_dampen_half': 9.044346216330972, 'gpp_af': 2.5184956910855436, 'gpp_b': 0.00031478066835753096, 'gpp_d': 594.7389794988394, 'ign_k': 0.002357279455676982, 'ign_c': 0.6235377135673155, 'trop_agb_crit': 1.0189592979395135, 'trop_k_veg': 0.6108091740265464, 'fire_amp': 1.5719333351012774}.
[I 2026-06-10 22:35:03,240] Trial 519 finished with values: [10.722717171304469, 10.722717171304469] and parameters: {'k1': 0.00026539376439360527, 'D_low': 12.105387404469584, 'k2': 0.003767022142229395, 'D_high': 20103.283734409175, 'fire_exp': 1.1633452995374232, 'P_half': 51.10120656497163, 'pre_dampen_half': 1.4510220269654117, 'gpp_af': 0.07118041471054574, 'gpp_b': 0.015382154459808445, 'gpp_d': 0.12878367369717508, 'ign_k': 0.00840038491455979, 'ign_c': 0.7619822175388142, 'trop_agb_crit': 4.902399583903479, 'trop_k_veg': 1.600928934389327, 'fire_amp': 4.19233232783727}.
[I 2026-06-10 22:35:04,535] Trial 520 finished with values: [-0.6806103579710521, 0.34235608926422856] and parameters: {'k1': 0.006079905434073396, 'D_low': 171.2446447678494, 'k2': 0.00024195799118138832, 'D_high': 27.55546207779663, 'fire_exp': 1.3807440352456883, 'P_half': 4.213183643253957, 'pre_dampen_half': 20.84599542460349, 'gpp_af': 0.41874665092828456, 'gpp_b': 1.4540386644083135e-05, 'gpp_d': 47.35384181058586, 'ign_k': 7.544827057709847, 'ign_c': 23.422386257929038, 'trop_agb_crit': 1.0189592979395135, 'trop_k_veg': 4.796046723963646, 'fire_amp': 5.3557573266024745}.
[I 2026-06-10 22:35:05,830] Trial 521 finished with values: [-0.5249054291452399, 0.6271729168567466] and parameters: {'k1': 0.08006837661379566, 'D_low': 1.7551403048208316, 'k2': 0.02065142557895925, 'D_high': 48235.58283024493, 'fire_exp': 1.2918065501148304, 'P_half': 118.94665366442581, 'pre_dampen_half': 9.044346216330972, 'gpp_af': 27.78052183438328, 'gpp_b': 2.800940363375676e-05, 'gpp_d': 0.7698760608299932, 'ign_k': 0.002357279455676982, 'ign_c': 7.081721844034206, 'trop_agb_crit': 1.0189592979395135, 'trop_k_veg': 2.520089655463604, 'fire_amp': 2.6192385880432525}.
[I 2026-06-10 22:35:07,182] Trial 522 finished with values: [10.51680717701047, 10.51680717701047] and parameters: {'k1': 0.0009255037589041178, 'D_low': 171.2446447678494, 'k2': 0.0001016707987819611, 'D_high': 27.55546207779663, 'fire_exp': 1.3807440352456883, 'P_half': 4.213183643253957, 'pre_dampen_half': 123.04779330083686, 'gpp_af': 1.3954498518315706, 'gpp_b': 1.4540386644083135e-05, 'gpp_d': 0.03927259340973166, 'ign_k': 7.544827057709847, 'ign_c': 23.422386257929038, 'trop_agb_crit': 1.8023542850487386, 'trop_k_veg': 6.172643383211297, 'fire_amp': 5.831305332032283}.
[I 2026-06-10 22:35:08,571] Trial 523 finished with values: [10.820639723563755, 10.820639723563755] and parameters: {'k1': 0.0001887567630782227, 'D_low': 1.4002277211577039, 'k2': 0.003767022142229395, 'D_high': 27.55546207779663, 'fire_exp': 1.0948220627025493, 'P_half': 4.213183643253957, 'pre_dampen_half': 0.04078961160746153, 'gpp_af': 0.41874665092828456, 'gpp_b': 0.005166473066540598, 'gpp_d': 467.0625946819548, 'ign_k': 0.018391807805583135, 'ign_c': 1.3431925993528124, 'trop_agb_crit': 5.613675661974366, 'trop_k_veg': 5.636143940068465, 'fire_amp': 5.416595007374148}.
