[I 2026-07-22 21:55:04,816] Trial 387 finished with values: [10.769091176472891, 10.769091176472891] and parameters: {'k1': 3.6595533391425955e-05, 'D_low': 12.856617791467924, 'k2': 0.0007406380926311093, 'D_high': 30235.506416287044, 'fire_exp': 2.264545306066772, 'P_half': 245.27450543222417, 'pre_dampen_half': 0.04548188184581417, 'gpp_af': 0.06789053271698488, 'gpp_b': 3.228689523591491e-05, 'gpp_d': 0.09548041810464164, 'ign_k': 0.006290644294586149, 'ign_c': 72.99613382801451, 'trop_agb_crit': 1.2440687631821843, 'trop_k_veg': 0.5687244174086067, 'fuel_k': 0.04207132303652083, 'fuel_half': 5.624789772977319}.
[I 2026-07-22 21:55:05,237] Trial 388 finished with values: [10.769214246277178, 10.769214246277178] and parameters: {'k1': 0.02806535913298299, 'D_low': 4956.545863307493, 'k2': 0.038650368562597265, 'D_high': 6978.624673182437, 'fire_exp': 1.8435203341118644, 'P_half': 4.889669266916749, 'pre_dampen_half': 868.1843415114095, 'gpp_af': 0.06789053271698488, 'gpp_b': 2.8457393813758034, 'gpp_d': 6.91394869865762, 'ign_k': 0.005105542986365654, 'ign_c': 71.28188058401358, 'trop_agb_crit': 6.058402553512053, 'trop_k_veg': 2.3703642788018935, 'fuel_k': 0.017262921159278164, 'fuel_half': 3.0296104428212485}.
[I 2026-07-22 21:55:05,656] Trial 389 finished with values: [10.72598998751119, 10.72598998751119] and parameters: {'k1': 6.693990428538841e-05, 'D_low': 2.9612221068836555, 'k2': 0.038650368562597265, 'D_high': 6978.624673182437, 'fire_exp': 2.3123511487896353, 'P_half': 4.889669266916749, 'pre_dampen_half': 51.7050075643222, 'gpp_af': 1.4498445474033743, 'gpp_b': 1.1983032564333187e-05, 'gpp_d': 19.948958651882567, 'ign_k': 0.018707420137660268, 'ign_c': 98.40989343758308, 'trop_agb_crit': 6.119263728555865, 'trop_k_veg': 1.793919400078986, 'fuel_k': 1.8645619680420138, 'fuel_half': 38.21129441691226}.
[I 2026-07-22 21:55:06,072] Trial 390 finished with values: [10.489173230257279, 10.489173230257279] and parameters: {'k1': 5.232779509048979e-05, 'D_low': 102.19595065529477, 'k2': 2.8459703343413838e-05, 'D_high': 558.9524205217922, 'fire_exp': 1.0482996836046896, 'P_half': 9.324787201197319, 'pre_dampen_half': 3.9885726374014694, 'gpp_af': 0.06789053271698488, 'gpp_b': 0.02048523887932671, 'gpp_d': 2.901272149738622, 'ign_k': 0.0075985864315887865, 'ign_c': 98.40989343758308, 'trop_agb_crit': 6.119263728555865, 'trop_k_veg': 3.4439936249445045, 'fuel_k': 0.48736180483849406, 'fuel_half': 42.6871254378718}.
[I 2026-07-22 21:55:06,493] Trial 391 finished with values: [10.769230768838547, 10.769230768838547] and parameters: {'k1': 9.969469187531805e-05, 'D_low': 1.1640589436768796, 'k2': 0.07799059237255677, 'D_high': 2283.4228779494524, 'fire_exp': 2.3750840427797026, 'P_half': 1.4378290221680121, 'pre_dampen_half': 0.15406948278020088, 'gpp_af': 1.4498445474033743, 'gpp_b': 1.1698276136056565e-05, 'gpp_d': 373.3014953695604, 'ign_k': 4.59148521674054, 'ign_c': 77.59048401667629, 'trop_agb_crit': 10.719494362768906, 'trop_k_veg': 1.140286245977296, 'fuel_k': 0.6211831489538813, 'fuel_half': 0.33988503110784557}.
[I 2026-07-22 21:55:06,912] Trial 392 finished with values: [10.76456817216502, 10.76456817216502] and parameters: {'k1': 5.3397427849512415e-05, 'D_low': 28.33153434644107, 'k2': 0.07799059237255677, 'D_high': 6978.624673182437, 'fire_exp': 1.7650286443463072, 'P_half': 7683.876502998063, 'pre_dampen_half': 294.75617712568373, 'gpp_af': 1.4498445474033743, 'gpp_b': 0.00011277885258222645, 'gpp_d': 2.901272149738622, 'ign_k': 0.0075985864315887865, 'ign_c': 98.40989343758308, 'trop_agb_crit': 5.115968405120539, 'trop_k_veg': 0.8258248924958269, 'fuel_k': 0.028970790717327534, 'fuel_half': 81.87941582538087}.
[I 2026-07-22 21:55:07,331] Trial 393 finished with values: [-0.6927167589421568, 0.1459408854959725] and parameters: {'k1': 9.969469187531805e-05, 'D_low': 8454.098152188677, 'k2': 0.030699709531122953, 'D_high': 2512533.442757688, 'fire_exp': 2.1877314568674895, 'P_half': 1.4378290221680121, 'pre_dampen_half': 33.71909132517388, 'gpp_af': 1.4498445474033743, 'gpp_b': 0.00011277885258222645, 'gpp_d': 373.3014953695604, 'ign_k': 4.59148521674054, 'ign_c': 0.13670484737132343, 'trop_agb_crit': 10.719494362768906, 'trop_k_veg': 1.140286245977296, 'fuel_k': 0.017262921159278164, 'fuel_half': 16.371966573507315}.
[I 2026-07-22 21:55:07,753] Trial 394 finished with values: [-0.2041302991212714, 0.13558043525877594] and parameters: {'k1': 0.0003199177539819797, 'D_low': 1.1640589436768796, 'k2': 0.07799059237255677, 'D_high': 2512533.442757688, 'fire_exp': 1.7650286443463072, 'P_half': 334.62201030483817, 'pre_dampen_half': 294.75617712568373, 'gpp_af': 0.3259758793317361, 'gpp_b': 1.2892705405728861e-05, 'gpp_d': 2.8932721207381635, 'ign_k': 0.0029580419692843236, 'ign_c': 0.9748197009262509, 'trop_agb_crit': 1.4914219038863046, 'trop_k_veg': 3.024803048559367, 'fuel_k': 0.6211831489538813, 'fuel_half': 42.6871254378718}.
[I 2026-07-22 21:55:08,175] Trial 395 finished with values: [10.561125586705115, 10.561125586705115] and parameters: {'k1': 3.6595533391425955e-05, 'D_low': 1.1640589436768796, 'k2': 3.5281132746849994e-05, 'D_high': 2283.4228779494524, 'fire_exp': 2.264545306066772, 'P_half': 3.6138942712165267, 'pre_dampen_half': 233.2883871089529, 'gpp_af': 2.114381609520638, 'gpp_b': 0.00011277885258222645, 'gpp_d': 225.8132942030758, 'ign_k': 0.006290644294586149, 'ign_c': 6.3906950920732175, 'trop_agb_crit': 12.285102065067687, 'trop_k_veg': 0.5910730452888153, 'fuel_k': 0.017262921159278164, 'fuel_half': 16.371966573507315}.
[I 2026-07-22 21:55:08,603] Trial 396 finished with values: [-0.3592651436841125, 0.10870639961668993] and parameters: {'k1': 0.003242143344038315, 'D_low': 11.437258028094242, 'k2': 2.1698375693549493e-05, 'D_high': 160625.60954780428, 'fire_exp': 2.3123511487896353, 'P_half': 60.42560675552672, 'pre_dampen_half': 10.059683154936915, 'gpp_af': 1.4498445474033743, 'gpp_b': 1.7565109007473816e-05, 'gpp_d': 25.017068255320467, 'ign_k': 0.04732407125181112, 'ign_c': 3.4084279109230433, 'trop_agb_crit': 15.870971677383487, 'trop_k_veg': 6.911478238001162, 'fuel_k': 5.486054129200971, 'fuel_half': 42.6871254378718}.
[I 2026-07-22 21:55:09,022] Trial 397 finished with values: [10.298265283893967, 10.298265283893967] and parameters: {'k1': 9.969469187531805e-05, 'D_low': 12.856617791467924, 'k2': 0.07799059237255677, 'D_high': 2512533.442757688, 'fire_exp': 2.3750840427797026, 'P_half': 21.901578520649217, 'pre_dampen_half': 233.2883871089529, 'gpp_af': 1.4498445474033743, 'gpp_b': 0.00011277885258222645, 'gpp_d': 0.09548041810464164, 'ign_k': 4.59148521674054, 'ign_c': 11.462237838612072, 'trop_agb_crit': 10.719494362768906, 'trop_k_veg': 1.140286245977296, 'fuel_k': 0.017262921159278164, 'fuel_half': 30.847886273764168}.
[I 2026-07-22 21:55:09,441] Trial 398 finished with values: [10.738199404065153, 10.738199404065153] and parameters: {'k1': 3.6595533391425955e-05, 'D_low': 143.02113373766244, 'k2': 0.0007406380926311093, 'D_high': 30235.506416287044, 'fire_exp': 2.264545306066772, 'P_half': 3.6138942712165267, 'pre_dampen_half': 94.20121790275627, 'gpp_af': 0.06789053271698488, 'gpp_b': 0.03611645441147494, 'gpp_d': 0.09548041810464164, 'ign_k': 0.006290644294586149, 'ign_c': 11.40086370112731, 'trop_agb_crit': 2.598572417333811, 'trop_k_veg': 0.5687244174086067, 'fuel_k': 0.017262921159278164, 'fuel_half': 30.847886273764168}.
[I 2026-07-22 21:55:09,862] Trial 399 finished with values: [10.769230768838547, 10.769230768838547] and parameters: {'k1': 6.693990428538841e-05, 'D_low': 2.9612221068836555, 'k2': 4.509158385973329e-05, 'D_high': 2512533.442757688, 'fire_exp': 1.161749421319469, 'P_half': 1.4378290221680121, 'pre_dampen_half': 294.75617712568373, 'gpp_af': 1.540945776288155, 'gpp_b': 1.7565109007473816e-05, 'gpp_d': 2.901272149738622, 'ign_k': 4.59148521674054, 'ign_c': 71.28188058401358, 'trop_agb_crit': 15.870971677383487, 'trop_k_veg': 0.5695379443977426, 'fuel_k': 1.312881567992459, 'fuel_half': 16.371966573507315}.
[I 2026-07-22 21:55:10,287] Trial 400 finished with values: [10.436694821495513, 10.436694821495513] and parameters: {'k1': 3.6595533391425955e-05, 'D_low': 1.1640589436768796, 'k2': 0.030699709531122953, 'D_high': 2283.4228779494524, 'fire_exp': 2.3750840427797026, 'P_half': 3.6138942712165267, 'pre_dampen_half': 868.1843415114095, 'gpp_af': 0.09791370130598968, 'gpp_b': 2.325239859823921e-05, 'gpp_d': 373.3014953695604, 'ign_k': 4.59148521674054, 'ign_c': 16.626592254031866, 'trop_agb_crit': 12.285102065067687, 'trop_k_veg': 1.140286245977296, 'fuel_k': 0.017262921159278164, 'fuel_half': 30.847886273764168}.
[I 2026-07-22 21:55:10,708] Trial 401 finished with values: [10.503178202130115, 10.503178202130115] and parameters: {'k1': 0.0003667128654092894, 'D_low': 2148.727319612887, 'k2': 2.1698375693549493e-05, 'D_high': 160625.60954780428, 'fire_exp': 2.2271826002669806, 'P_half': 245.27450543222417, 'pre_dampen_half': 33.97904243111269, 'gpp_af': 70.3172069106713, 'gpp_b': 3.228689523591491e-05, 'gpp_d': 857.4284557962626, 'ign_k': 0.01077788960207927, 'ign_c': 3.0378658251922155, 'trop_agb_crit': 1.2440687631821843, 'trop_k_veg': 6.911478238001162, 'fuel_k': 0.028970790717327534, 'fuel_half': 5.624789772977319}.
[I 2026-07-22 21:55:11,126] Trial 402 finished with values: [-0.5471387457704442, 0.10141681250828605] and parameters: {'k1': 6.693990428538841e-05, 'D_low': 8454.098152188677, 'k2': 0.002342238625792905, 'D_high': 8433503.858791472, 'fire_exp': 2.3750840427797026, 'P_half': 28.15630081597223, 'pre_dampen_half': 19.21689966904806, 'gpp_af': 1.4498445474033743, 'gpp_b': 1.2892705405728861e-05, 'gpp_d': 25.017068255320467, 'ign_k': 4.59148521674054, 'ign_c': 2.4423775964038934, 'trop_agb_crit': 6.058402553512053, 'trop_k_veg': 0.977663002683211, 'fuel_k': 3.6992394681929355, 'fuel_half': 42.6871254378718}.
[I 2026-07-22 21:55:11,544] Trial 403 finished with values: [10.998569045280533, 10.998569045280533] and parameters: {'k1': 0.0003199177539819797, 'D_low': 89.35942907009701, 'k2': 0.012413450098922581, 'D_high': 107013.64911724928, 'fire_exp': 1.034491242472073, 'P_half': 334.62201030483817, 'pre_dampen_half': 94.20121790275627, 'gpp_af': 18.235072804314193, 'gpp_b': 2.711380409817698e-05, 'gpp_d': 2.2044650100999164, 'ign_k': 0.003338063875587391, 'ign_c': 77.59048401667629, 'trop_agb_crit': 3.5522713231614182, 'trop_k_veg': 3.024803048559367, 'fuel_k': 0.6211831489538813, 'fuel_half': 0.33988503110784557}.
[I 2026-07-22 21:55:11,964] Trial 404 finished with values: [10.728772699020457, 10.728772699020457] and parameters: {'k1': 0.07573282902008706, 'D_low': 13.25142220631392, 'k2': 0.002342238625792905, 'D_high': 1693415.5410667954, 'fire_exp': 1.5922031489278718, 'P_half': 65.33684593224972, 'pre_dampen_half': 0.15144408538724474, 'gpp_af': 0.0025511964576171086, 'gpp_b': 1.7565109007473816e-05, 'gpp_d': 6.91394869865762, 'ign_k': 0.004144296901136395, 'ign_c': 0.13670484737132343, 'trop_agb_crit': 15.870971677383487, 'trop_k_veg': 0.977663002683211, 'fuel_k': 0.6199941538390381, 'fuel_half': 13.402368611128821}.
[I 2026-07-22 21:55:12,383] Trial 405 finished with values: [-0.576756942386593, 0.1377108982765537] and parameters: {'k1': 0.003242143344038315, 'D_low': 4.043300846639722, 'k2': 1.6559474674046002e-05, 'D_high': 2512533.442757688, 'fire_exp': 2.3123511487896353, 'P_half': 27.59069025439785, 'pre_dampen_half': 10.059683154936915, 'gpp_af': 18.235072804314193, 'gpp_b': 3.228689523591491e-05, 'gpp_d': 25.017068255320467, 'ign_k': 0.04732407125181112, 'ign_c': 0.19678273362633986, 'trop_agb_crit': 1.7813653882411722, 'trop_k_veg': 1.6340262437673856, 'fuel_k': 0.09252659617259135, 'fuel_half': 0.33988503110784557}.
[I 2026-07-22 21:55:12,803] Trial 406 finished with values: [-0.5608237595433821, 0.10670311258577492] and parameters: {'k1': 0.09738633019266786, 'D_low': 4.043300846639722, 'k2': 2.1698375693549493e-05, 'D_high': 1693415.5410667954, 'fire_exp': 2.2271826002669806, 'P_half': 119.9763911113096, 'pre_dampen_half': 33.97904243111269, 'gpp_af': 0.0025511964576171086, 'gpp_b': 3.228689523591491e-05, 'gpp_d': 373.3014953695604, 'ign_k': 0.050667002161528835, 'ign_c': 3.0378658251922155, 'trop_agb_crit': 15.870971677383487, 'trop_k_veg': 6.911478238001162, 'fuel_k': 0.028970790717327534, 'fuel_half': 18.202647368248815}.
[I 2026-07-22 21:55:13,224] Trial 407 finished with values: [10.292442067625496, 10.292442067625496] and parameters: {'k1': 0.011966626407443505, 'D_low': 1.1640589436768796, 'k2': 0.002342238625792905, 'D_high': 3569.592428042591, 'fire_exp': 2.3123511487896353, 'P_half': 1.4378290221680121, 'pre_dampen_half': 10.059683154936915, 'gpp_af': 1.1300566419249867, 'gpp_b': 0.002022832315155261, 'gpp_d': 8.057329182285729, 'ign_k': 4.59148521674054, 'ign_c': 4.1108484350212295, 'trop_agb_crit': 6.119263728555865, 'trop_k_veg': 0.977663002683211, 'fuel_k': 0.6199941538390381, 'fuel_half': 81.87941582538087}.
[I 2026-07-22 21:55:13,669] Trial 408 finished with values: [-0.6423511390744856, 0.04996127161180841] and parameters: {'k1': 9.969469187531805e-05, 'D_low': 1.1640589436768796, 'k2': 2.8459703343413838e-05, 'D_high': 2512533.442757688, 'fire_exp': 1.0482996836046896, 'P_half': 9.324787201197319, 'pre_dampen_half': 868.1843415114095, 'gpp_af': 0.06789053271698488, 'gpp_b': 0.02048523887932671, 'gpp_d': 373.3014953695604, 'ign_k': 4.59148521674054, 'ign_c': 16.626592254031866, 'trop_agb_crit': 6.119263728555865, 'trop_k_veg': 1.140286245977296, 'fuel_k': 0.48736180483849406, 'fuel_half': 16.371966573507315}.
[I 2026-07-22 21:55:14,124] Trial 409 finished with values: [-0.0962682380018274, 0.14328936192964314] and parameters: {'k1': 5.3397427849512415e-05, 'D_low': 11.437258028094242, 'k2': 0.038650368562597265, 'D_high': 6978.624673182437, 'fire_exp': 2.3123511487896353, 'P_half': 4.889669266916749, 'pre_dampen_half': 868.1843415114095, 'gpp_af': 1.4498445474033743, 'gpp_b': 1.1983032564333187e-05, 'gpp_d': 19.948958651882567, 'ign_k': 0.005105542986365654, 'ign_c': 16.626592254031866, 'trop_agb_crit': 6.058402553512053, 'trop_k_veg': 0.977663002683211, 'fuel_k': 0.017262921159278164, 'fuel_half': 97.86395331218435}.
[I 2026-07-22 21:55:14,576] Trial 410 finished with values: [14.501265440610108, 14.501265440610108] and parameters: {'k1': 0.0029707920514735983, 'D_low': 4.043300846639722, 'k2': 0.035891558714508394, 'D_high': 1693415.5410667954, 'fire_exp': 1.0689448798385355, 'P_half': 2.1095259085905753, 'pre_dampen_half': 294.75617712568373, 'gpp_af': 0.0025511964576171086, 'gpp_b': 1.2892705405728861e-05, 'gpp_d': 302.3127748796295, 'ign_k': 0.018707420137660268, 'ign_c': 3.0378658251922155, 'trop_agb_crit': 6.058402553512053, 'trop_k_veg': 6.911478238001162, 'fuel_k': 1.312881567992459, 'fuel_half': 42.6871254378718}.
[I 2026-07-22 21:55:15,007] Trial 411 finished with values: [-0.3901471146026059, 0.12304194301816207] and parameters: {'k1': 0.02806535913298299, 'D_low': 4.043300846639722, 'k2': 0.07799059237255677, 'D_high': 30235.506416287044, 'fire_exp': 2.264545306066772, 'P_half': 3.6138942712165267, 'pre_dampen_half': 6.881834772031151, 'gpp_af': 0.06789053271698488, 'gpp_b': 1.2892705405728861e-05, 'gpp_d': 0.4841900740994021, 'ign_k': 0.006039096247545781, 'ign_c': 4.1108484350212295, 'trop_agb_crit': 2.419699259862185, 'trop_k_veg': 3.024803048559367, 'fuel_k': 1.8731335591844647, 'fuel_half': 38.21129441691226}.
[I 2026-07-22 21:55:15,429] Trial 412 finished with values: [-0.36780770685579744, 0.1331426354577292] and parameters: {'k1': 0.052334804885400876, 'D_low': 4.043300846639722, 'k2': 0.020679187143488792, 'D_high': 1693415.5410667954, 'fire_exp': 1.0689448798385355, 'P_half': 1938.3858782150498, 'pre_dampen_half': 33.97904243111269, 'gpp_af': 0.0025511964576171086, 'gpp_b': 1.2892705405728861e-05, 'gpp_d': 302.3127748796295, 'ign_k': 0.018707420137660268, 'ign_c': 3.0378658251922155, 'trop_agb_crit': 15.870971677383487, 'trop_k_veg': 1.6340262437673856, 'fuel_k': 1.8731335591844647, 'fuel_half': 38.21129441691226}.
[I 2026-07-22 21:55:15,847] Trial 413 finished with values: [10.321188156280455, 10.321188156280455] and parameters: {'k1': 6.693990428538841e-05, 'D_low': 1.1640589436768796, 'k2': 3.5281132746849994e-05, 'D_high': 3848.7982105145707, 'fire_exp': 1.7650286443463072, 'P_half': 2.1095259085905753, 'pre_dampen_half': 294.75617712568373, 'gpp_af': 0.017521503225602402, 'gpp_b': 0.00011277885258222645, 'gpp_d': 373.3014953695604, 'ign_k': 0.0029580419692843236, 'ign_c': 29.415751391396558, 'trop_agb_crit': 5.115968405120539, 'trop_k_veg': 3.5482529660381696, 'fuel_k': 0.028970790717327534, 'fuel_half': 0.7498730336620313}.
[I 2026-07-22 21:55:16,266] Trial 414 finished with values: [-0.23659118761060766, 0.15037055036156022] and parameters: {'k1': 5.3397427849512415e-05, 'D_low': 4956.545863307493, 'k2': 0.038650368562597265, 'D_high': 6978.624673182437, 'fire_exp': 1.4750777427176416, 'P_half': 4.889669266916749, 'pre_dampen_half': 3.9885726374014694, 'gpp_af': 0.06789053271698488, 'gpp_b': 1.1983032564333187e-05, 'gpp_d': 19.948958651882567, 'ign_k': 0.006039096247545781, 'ign_c': 4.1108484350212295, 'trop_agb_crit': 2.419699259862185, 'trop_k_veg': 1.793919400078986, 'fuel_k': 0.029111707920759254, 'fuel_half': 0.33988503110784557}.
[I 2026-07-22 21:55:16,686] Trial 415 finished with values: [11.13804490149977, 11.13804490149977] and parameters: {'k1': 6.693990428538841e-05, 'D_low': 28.33153434644107, 'k2': 2.1698375693549493e-05, 'D_high': 2512533.442757688, 'fire_exp': 1.0689448798385355, 'P_half': 2.1095259085905753, 'pre_dampen_half': 33.97904243111269, 'gpp_af': 1.4498445474033743, 'gpp_b': 3.228689523591491e-05, 'gpp_d': 0.06888046676681166, 'ign_k': 0.03141110271934876, 'ign_c': 3.0378658251922155, 'trop_agb_crit': 15.870971677383487, 'trop_k_veg': 1.140286245977296, 'fuel_k': 0.028970790717327534, 'fuel_half': 81.87941582538087}.
[I 2026-07-22 21:55:17,105] Trial 416 finished with values: [10.021459452966077, 10.021459452966077] and parameters: {'k1': 0.052334804885400876, 'D_low': 1.1640589436768796, 'k2': 3.5281132746849994e-05, 'D_high': 2512533.442757688, 'fire_exp': 2.264545306066772, 'P_half': 3.6138942712165267, 'pre_dampen_half': 294.75617712568373, 'gpp_af': 0.06789053271698488, 'gpp_b': 1.2892705405728861e-05, 'gpp_d': 373.3014953695604, 'ign_k': 0.0029580419692843236, 'ign_c': 201.0328373440913, 'trop_agb_crit': 15.870971677383487, 'trop_k_veg': 2.6391661744759056, 'fuel_k': 1.8731335591844647, 'fuel_half': 38.21129441691226}.
[I 2026-07-22 21:55:17,524] Trial 417 finished with values: [11.610500210244847, 11.610500210244847] and parameters: {'k1': 0.02806535913298299, 'D_low': 4.043300846639722, 'k2': 3.5281132746849994e-05, 'D_high': 30235.506416287044, 'fire_exp': 1.288726787994845, 'P_half': 3.6138942712165267, 'pre_dampen_half': 6.881834772031151, 'gpp_af': 0.06789053271698488, 'gpp_b': 1.2892705405728861e-05, 'gpp_d': 302.3127748796295, 'ign_k': 0.006290644294586149, 'ign_c': 6.3906950920732175, 'trop_agb_crit': 15.870971677383487, 'trop_k_veg': 0.5687244174086067, 'fuel_k': 1.3863198285285168, 'fuel_half': 3.0296104428212485}.
[I 2026-07-22 21:55:17,944] Trial 418 finished with values: [10.617982955004823, 10.617982955004823] and parameters: {'k1': 0.002968335334246999, 'D_low': 4.043300846639722, 'k2': 0.07799059237255677, 'D_high': 107013.64911724928, 'fire_exp': 1.034491242472073, 'P_half': 3648.4560830477985, 'pre_dampen_half': 294.75617712568373, 'gpp_af': 18.235072804314193, 'gpp_b': 3.228689523591491e-05, 'gpp_d': 0.015253065480601964, 'ign_k': 0.006039096247545781, 'ign_c': 0.11650681118986138, 'trop_agb_crit': 3.5522713231614182, 'trop_k_veg': 1.6340262437673856, 'fuel_k': 0.018207179480706392, 'fuel_half': 0.33988503110784557}.
[I 2026-07-22 21:55:18,362] Trial 419 finished with values: [-0.2657518433844149, 0.11191194869822074] and parameters: {'k1': 0.008822833027501576, 'D_low': 4.043300846639722, 'k2': 3.349496364344092e-05, 'D_high': 160625.60954780428, 'fire_exp': 2.2271826002669806, 'P_half': 245.27450543222417, 'pre_dampen_half': 33.97904243111269, 'gpp_af': 2.114381609520638, 'gpp_b': 1.56731783988398e-05, 'gpp_d': 302.3127748796295, 'ign_k': 0.04732407125181112, 'ign_c': 3.0378658251922155, 'trop_agb_crit': 15.870971677383487, 'trop_k_veg': 6.911478238001162, 'fuel_k': 0.028970790717327534, 'fuel_half': 8.115041565366713}.
[I 2026-07-22 21:55:18,781] Trial 420 finished with values: [-0.301432825720135, 0.17075529331217842] and parameters: {'k1': 0.011966626407443505, 'D_low': 13.25142220631392, 'k2': 0.07799059237255677, 'D_high': 2283.4228779494524, 'fire_exp': 1.5922031489278718, 'P_half': 9.324787201197319, 'pre_dampen_half': 3.9885726374014694, 'gpp_af': 0.3259758793317361, 'gpp_b': 1.1698276136056565e-05, 'gpp_d': 20.84599542460349, 'ign_k': 0.006039096247545781, 'ign_c': 77.59048401667629, 'trop_agb_crit': 5.024436417110404, 'trop_k_veg': 3.024803048559367, 'fuel_k': 0.6211831489538813, 'fuel_half': 0.33988503110784557}.
[I 2026-07-22 21:55:19,200] Trial 421 finished with values: [10.364209373118207, 10.364209373118207] and parameters: {'k1': 0.011966626407443505, 'D_low': 1.1640589436768796, 'k2': 0.030699709531122953, 'D_high': 3569.592428042591, 'fire_exp': 2.167350726900978, 'P_half': 1.4378290221680121, 'pre_dampen_half': 3.9885726374014694, 'gpp_af': 1.4498445474033743, 'gpp_b': 0.00011277885258222645, 'gpp_d': 9.00460602264307, 'ign_k': 0.004144296901136395, 'ign_c': 98.40989343758308, 'trop_agb_crit': 6.119263728555865, 'trop_k_veg': 0.5415365826598848, 'fuel_k': 1.312881567992459, 'fuel_half': 16.371966573507315}.
