[I 2026-06-10 21:25:35,209] Trial 385 finished with values: [10.16868091235008, 10.16868091235008] and parameters: {'k1': 0.028401063201780267, 'D_low': 37.35862630812753, 'k2': 0.03699867920489089, 'D_high': 2427.054417940131, 'fire_exp': 1.0967539101118184, 'P_half': 157.80309954142965, 'pre_dampen_half': 132.86323715350125, 'gpp_af': 1.1409619915696267, 'gpp_b': 0.00012118589392553798, 'gpp_d': 562.7426550259207, 'ign_k': 0.013276678836047658, 'ign_c': 22.126836566118193, 'trop_agb_crit': 10.691477813613638, 'trop_k_veg': 2.724170387400844, 'fuel_k': 0.06525050422102326, 'fuel_half': 39.91117266597559}.
[I 2026-06-10 21:25:36,981] Trial 386 finished with values: [10.370015000453044, 10.370015000453044] and parameters: {'k1': 0.008471801418819975, 'D_low': 37.35862630812753, 'k2': 4.207988669606632e-05, 'D_high': 12124.080603355414, 'fire_exp': 1.423480109671474, 'P_half': 13.30003421978439, 'pre_dampen_half': 7.8230668760941375, 'gpp_af': 3.4702669886504163, 'gpp_b': 0.00012118589392553798, 'gpp_d': 14.423399576193098, 'ign_k': 4.591485216740537, 'ign_c': 5.681482545113261, 'trop_agb_crit': 5.526463318565575, 'trop_k_veg': 5.876643247346733, 'fuel_k': 4.710433409437072, 'fuel_half': 71.14476009343416}.
[I 2026-06-10 21:25:38,947] Trial 387 finished with values: [10.651822727129238, 10.651822727129238] and parameters: {'k1': 0.002155595057104387, 'D_low': 146.28013120517718, 'k2': 0.002884223471687844, 'D_high': 3512.7047262708465, 'fire_exp': 1.2781983515972553, 'P_half': 50.34696988263488, 'pre_dampen_half': 243.70551632385417, 'gpp_af': 0.053663001820106804, 'gpp_b': 0.22467045378719658, 'gpp_d': 229.41380323183625, 'ign_k': 0.012868405331151606, 'ign_c': 1.4940577239079738, 'trop_agb_crit': 5.12586335774155, 'trop_k_veg': 1.3987664054208562, 'fuel_k': 4.710433409437072, 'fuel_half': 1.3323297901105768}.
[I 2026-06-10 21:25:41,216] Trial 388 finished with values: [-0.3525103988289699, 0.942269388808878] and parameters: {'k1': 0.0006579066240690734, 'D_low': 323.7668055684038, 'k2': 0.0002172578929502367, 'D_high': 42210.21267871043, 'fire_exp': 1.1103154430776774, 'P_half': 2.0598022365449626, 'pre_dampen_half': 13.472769577631583, 'gpp_af': 0.05511595477601767, 'gpp_b': 2.176805640408474e-05, 'gpp_d': 32.54021513867688, 'ign_k': 5.351470428717437, 'ign_c': 0.5655677524618509, 'trop_agb_crit': 28.4191188830683, 'trop_k_veg': 4.129715873342728, 'fuel_k': 2.563645943471902, 'fuel_half': 1.3323297901105768}.
[I 2026-06-10 21:25:42,995] Trial 389 finished with values: [10.424575492294966, 10.424575492294966] and parameters: {'k1': 0.0008844550494238247, 'D_low': 37.35862630812753, 'k2': 0.0004976087827261435, 'D_high': 42210.21267871043, 'fire_exp': 1.2918065501148304, 'P_half': 118.39097834757698, 'pre_dampen_half': 13.472769577631583, 'gpp_af': 0.22965432344634354, 'gpp_b': 2.176805640408474e-05, 'gpp_d': 14.423399576193098, 'ign_k': 4.591485216740537, 'ign_c': 1.0944963667961967, 'trop_agb_crit': 12.647327018493208, 'trop_k_veg': 4.7254560805090735, 'fuel_k': 4.710433409437072, 'fuel_half': 0.1257793442986093}.
[I 2026-06-10 21:25:44,766] Trial 390 finished with values: [10.220095239090695, 10.220095239090695] and parameters: {'k1': 0.0006579066240690734, 'D_low': 323.7668055684038, 'k2': 0.004679839449773939, 'D_high': 3512.7047262708465, 'fire_exp': 1.1103154430776774, 'P_half': 13.30003421978439, 'pre_dampen_half': 232.87141945732554, 'gpp_af': 5.056419398267455, 'gpp_b': 0.00011536203425923768, 'gpp_d': 12.338826503601998, 'ign_k': 0.02226297338331263, 'ign_c': 1.4940577239079738, 'trop_agb_crit': 28.4191188830683, 'trop_k_veg': 6.45312300188076, 'fuel_k': 0.2503625235956924, 'fuel_half': 11.781063202742125}.
[I 2026-06-10 21:25:47,063] Trial 391 finished with values: [10.510682633336236, 10.510682633336236] and parameters: {'k1': 0.001906534551939351, 'D_low': 2.4474057445796826, 'k2': 0.002884223471687844, 'D_high': 91246.32886689917, 'fire_exp': 1.0283820194309468, 'P_half': 4006.89033223865, 'pre_dampen_half': 565.0116730717873, 'gpp_af': 0.24002253099641147, 'gpp_b': 0.00012118589392553798, 'gpp_d': 32.54021513867688, 'ign_k': 0.012868405331151606, 'ign_c': 0.5655677524618509, 'trop_agb_crit': 27.025726513675966, 'trop_k_veg': 1.6098025073369409, 'fuel_k': 0.5604857991960507, 'fuel_half': 1.3323297901105768}.
[I 2026-06-10 21:25:49,380] Trial 392 finished with values: [10.540988057272763, 10.540988057272763] and parameters: {'k1': 0.028401063201780267, 'D_low': 323.7668055684038, 'k2': 0.0001906331412032436, 'D_high': 83201.33621840179, 'fire_exp': 1.8915934313400327, 'P_half': 56.22114524476698, 'pre_dampen_half': 565.0116730717873, 'gpp_af': 28.55719640738185, 'gpp_b': 0.00012118589392553798, 'gpp_d': 32.54021513867688, 'ign_k': 6.344955605329754, 'ign_c': 30.785541778315018, 'trop_agb_crit': 27.025726513675966, 'trop_k_veg': 2.9556982260250573, 'fuel_k': 2.563645943471902, 'fuel_half': 60.70952705230881}.
[I 2026-06-10 21:25:51,150] Trial 393 finished with values: [10.769230769178105, 10.769230769178105] and parameters: {'k1': 0.02228708726011016, 'D_low': 40.12413353131991, 'k2': 0.0004976087827261435, 'D_high': 61536.58035691648, 'fire_exp': 1.2781983515972553, 'P_half': 118.39097834757698, 'pre_dampen_half': 52.18447053446689, 'gpp_af': 0.22965432344634354, 'gpp_b': 2.176805640408474e-05, 'gpp_d': 9.156966871245539, 'ign_k': 5.351470428717437, 'ign_c': 446.1217349302762, 'trop_agb_crit': 12.647327018493208, 'trop_k_veg': 4.7254560805090735, 'fuel_k': 4.710433409437072, 'fuel_half': 1.9170041589170652}.
[I 2026-06-10 21:25:53,008] Trial 394 finished with values: [10.52373527557529, 10.52373527557529] and parameters: {'k1': 0.02228708726011016, 'D_low': 323.7668055684038, 'k2': 0.002884223471687844, 'D_high': 42210.21267871043, 'fire_exp': 1.2918065501148304, 'P_half': 118.39097834757698, 'pre_dampen_half': 13.472769577631583, 'gpp_af': 5.056419398267455, 'gpp_b': 2.176805640408474e-05, 'gpp_d': 0.11306051126487641, 'ign_k': 0.038563028138793747, 'ign_c': 0.5655677524618509, 'trop_agb_crit': 12.647327018493208, 'trop_k_veg': 4.7254560805090735, 'fuel_k': 4.710433409437072, 'fuel_half': 1.3323297901105768}.
[I 2026-06-10 21:25:54,817] Trial 395 finished with values: [10.299332520131387, 10.299332520131387] and parameters: {'k1': 0.001906534551939351, 'D_low': 2.4474057445796826, 'k2': 0.002884223471687844, 'D_high': 91246.32886689917, 'fire_exp': 1.1103154430776774, 'P_half': 310.3604223881657, 'pre_dampen_half': 243.70551632385417, 'gpp_af': 5.056419398267455, 'gpp_b': 0.15208782389892764, 'gpp_d': 32.54021513867688, 'ign_k': 0.012868405331151606, 'ign_c': 1.4940577239079738, 'trop_agb_crit': 15.68644624233575, 'trop_k_veg': 4.7254560805090735, 'fuel_k': 2.563645943471902, 'fuel_half': 54.91887821601532}.
[I 2026-06-10 21:25:56,883] Trial 396 finished with values: [10.73585376347314, 10.73585376347314] and parameters: {'k1': 0.008471801418819975, 'D_low': 2.4474057445796826, 'k2': 0.002884223471687844, 'D_high': 12124.080603355414, 'fire_exp': 1.423480109671474, 'P_half': 118.39097834757698, 'pre_dampen_half': 272.9378165037474, 'gpp_af': 28.269551568161315, 'gpp_b': 0.00012118589392553798, 'gpp_d': 59.94537656798816, 'ign_k': 4.591485216740537, 'ign_c': 33.592388193960325, 'trop_agb_crit': 5.526463318565575, 'trop_k_veg': 1.331829048405031, 'fuel_k': 0.18055462089373125, 'fuel_half': 54.91887821601532}.
[I 2026-06-10 21:25:58,664] Trial 397 finished with values: [10.531794175491923, 10.531794175491923] and parameters: {'k1': 0.008471801418819975, 'D_low': 855.9572793311809, 'k2': 4.207988669606632e-05, 'D_high': 12124.080603355414, 'fire_exp': 1.423480109671474, 'P_half': 11.545165697879465, 'pre_dampen_half': 10.129197956845726, 'gpp_af': 3.4702669886504163, 'gpp_b': 6.157523964728889e-05, 'gpp_d': 14.423399576193098, 'ign_k': 4.591485216740537, 'ign_c': 1.0944963667961967, 'trop_agb_crit': 10.691477813613638, 'trop_k_veg': 5.876643247346733, 'fuel_k': 0.07002142869039264, 'fuel_half': 72.7420826493834}.
[I 2026-06-10 21:26:00,467] Trial 398 finished with values: [-0.42293206688963325, 0.9171628168139334] and parameters: {'k1': 0.0006579066240690734, 'D_low': 323.7668055684038, 'k2': 0.007299613382801458, 'D_high': 40237.59749324181, 'fire_exp': 1.2781983515972553, 'P_half': 93.43302657318476, 'pre_dampen_half': 565.0116730717873, 'gpp_af': 10.067774870299937, 'gpp_b': 0.005419266601560437, 'gpp_d': 12.6084874067596, 'ign_k': 1.1044350847124695, 'ign_c': 0.5655677524618509, 'trop_agb_crit': 9.286923253577127, 'trop_k_veg': 4.7254560805090735, 'fuel_k': 0.4182971994460706, 'fuel_half': 1.3323297901105768}.
[I 2026-06-10 21:26:02,214] Trial 399 finished with values: [10.279273256770034, 10.279273256770034] and parameters: {'k1': 0.028401063201780267, 'D_low': 40.12413353131991, 'k2': 0.0002172578929502367, 'D_high': 83201.33621840179, 'fire_exp': 1.1103154430776774, 'P_half': 13.30003421978439, 'pre_dampen_half': 52.18447053446689, 'gpp_af': 5.056419398267455, 'gpp_b': 0.00012118589392553798, 'gpp_d': 36.831884165358986, 'ign_k': 5.351470428717437, 'ign_c': 18.219343937475102, 'trop_agb_crit': 3.1419938725278875, 'trop_k_veg': 1.9658897090912955, 'fuel_k': 0.4182971994460706, 'fuel_half': 60.70952705230881}.
[I 2026-06-10 21:26:04,450] Trial 400 finished with values: [10.608331417369522, 10.608331417369522] and parameters: {'k1': 0.043264339974928574, 'D_low': 323.7668055684038, 'k2': 0.002173988526401145, 'D_high': 61536.58035691648, 'fire_exp': 1.1103154430776774, 'P_half': 2.0598022365449626, 'pre_dampen_half': 243.70551632385417, 'gpp_af': 0.007914355321045717, 'gpp_b': 0.00012118589392553798, 'gpp_d': 12.338826503601998, 'ign_k': 0.00891606651464436, 'ign_c': 0.5655677524618509, 'trop_agb_crit': 28.4191188830683, 'trop_k_veg': 4.129715873342728, 'fuel_k': 4.710433409437072, 'fuel_half': 0.17108183937377372}.
[I 2026-06-10 21:26:06,224] Trial 401 finished with values: [10.272370250554152, 10.272370250554152] and parameters: {'k1': 0.0006579066240690734, 'D_low': 323.7668055684038, 'k2': 7.841214856323651e-05, 'D_high': 40237.59749324181, 'fire_exp': 1.0283820194309468, 'P_half': 157.80309954142965, 'pre_dampen_half': 719.4083432823455, 'gpp_af': 28.55719640738185, 'gpp_b': 0.00012118589392553798, 'gpp_d': 12.338826503601998, 'ign_k': 0.001973268844408891, 'ign_c': 0.5655677524618509, 'trop_agb_crit': 5.526463318565575, 'trop_k_veg': 2.132271839889451, 'fuel_k': 0.5604857991960507, 'fuel_half': 71.14476009343416}.
[I 2026-06-10 21:26:08,004] Trial 402 finished with values: [10.089523450721458, 10.089523450721458] and parameters: {'k1': 0.001906534551939351, 'D_low': 5.29551022369202, 'k2': 0.02615413574494961, 'D_high': 2289.1315306837046, 'fire_exp': 1.1103154430776774, 'P_half': 118.39097834757698, 'pre_dampen_half': 243.70551632385417, 'gpp_af': 28.269551568161315, 'gpp_b': 0.00011536203425923768, 'gpp_d': 32.54021513867688, 'ign_k': 0.09313467980132749, 'ign_c': 1.4940577239079738, 'trop_agb_crit': 2.679156169946616, 'trop_k_veg': 4.7254560805090735, 'fuel_k': 2.563645943471902, 'fuel_half': 11.781063202742125}.
[I 2026-06-10 21:26:09,797] Trial 403 finished with values: [10.758707022127167, 10.758707022127167] and parameters: {'k1': 9.74819700926251e-05, 'D_low': 37.35862630812753, 'k2': 7.841214856323651e-05, 'D_high': 42210.21267871043, 'fire_exp': 1.3806513288500464, 'P_half': 3040.8822605588985, 'pre_dampen_half': 1.6847143496738537, 'gpp_af': 0.2204465010099918, 'gpp_b': 2.852199954727099e-05, 'gpp_d': 922.1975850381748, 'ign_k': 0.0029519227433917453, 'ign_c': 30.785541778315018, 'trop_agb_crit': 10.691477813613638, 'trop_k_veg': 2.132271839889451, 'fuel_k': 0.28328975157735103, 'fuel_half': 38.581832549157696}.
[I 2026-06-10 21:26:11,644] Trial 404 finished with values: [-0.24685377684582716, 0.8508821704366143] and parameters: {'k1': 0.00021901578520649233, 'D_low': 40.12413353131991, 'k2': 0.0002172578929502367, 'D_high': 40237.59749324181, 'fire_exp': 1.1103154430776774, 'P_half': 221.2683656611821, 'pre_dampen_half': 52.18447053446689, 'gpp_af': 0.3002317246575309, 'gpp_b': 1.284284091405877e-05, 'gpp_d': 36.831884165358986, 'ign_k': 5.351470428717437, 'ign_c': 11.462237838612067, 'trop_agb_crit': 3.3933702290907823, 'trop_k_veg': 6.45312300188076, 'fuel_k': 0.4182971994460706, 'fuel_half': 11.781063202742125}.
[I 2026-06-10 21:26:14,210] Trial 405 finished with values: [10.48786849250399, 10.48786849250399] and parameters: {'k1': 0.07799059237255677, 'D_low': 37.35862630812753, 'k2': 0.002173988526401145, 'D_high': 42210.21267871043, 'fire_exp': 1.3806513288500464, 'P_half': 235.39834531862078, 'pre_dampen_half': 13.472769577631583, 'gpp_af': 0.05511595477601767, 'gpp_b': 2.852199954727099e-05, 'gpp_d': 229.41380323183625, 'ign_k': 0.0029519227433917453, 'ign_c': 1.4940577239079738, 'trop_agb_crit': 12.647327018493208, 'trop_k_veg': 4.7254560805090735, 'fuel_k': 0.28328975157735103, 'fuel_half': 38.581832549157696}.
[I 2026-06-10 21:26:16,117] Trial 406 finished with values: [10.40568926188818, 10.40568926188818] and parameters: {'k1': 0.03865036856259725, 'D_low': 40.12413353131991, 'k2': 7.841214856323651e-05, 'D_high': 3512.7047262708465, 'fire_exp': 1.2781983515972553, 'P_half': 56.22114524476698, 'pre_dampen_half': 243.70551632385417, 'gpp_af': 0.3002317246575309, 'gpp_b': 0.00012118589392553798, 'gpp_d': 922.1975850381748, 'ign_k': 0.001973268844408891, 'ign_c': 1.4940577239079738, 'trop_agb_crit': 10.584071370490857, 'trop_k_veg': 2.132271839889451, 'fuel_k': 0.9221804185592763, 'fuel_half': 71.14476009343416}.
[I 2026-06-10 21:26:18,525] Trial 407 finished with values: [11.317053938253494, 11.317053938253494] and parameters: {'k1': 0.0010495653625093638, 'D_low': 323.7668055684038, 'k2': 0.0004976087827261435, 'D_high': 40237.59749324181, 'fire_exp': 1.2918065501148304, 'P_half': 13.30003421978439, 'pre_dampen_half': 565.0116730717873, 'gpp_af': 5.056419398267455, 'gpp_b': 2.176805640408474e-05, 'gpp_d': 12.6084874067596, 'ign_k': 6.344955605329754, 'ign_c': 1.1911696453733045, 'trop_agb_crit': 3.1419938725278875, 'trop_k_veg': 1.331829048405031, 'fuel_k': 2.563645943471902, 'fuel_half': 0.17108183937377372}.
[I 2026-06-10 21:26:20,409] Trial 408 finished with values: [10.506322707783402, 10.506322707783402] and parameters: {'k1': 0.002155595057104387, 'D_low': 323.7668055684038, 'k2': 0.03699867920489089, 'D_high': 61536.58035691648, 'fire_exp': 2.450200807937923, 'P_half': 2.0598022365449626, 'pre_dampen_half': 3.3841016089580034, 'gpp_af': 1.1409619915696267, 'gpp_b': 0.00012118589392553798, 'gpp_d': 32.54021513867688, 'ign_k': 5.351470428717437, 'ign_c': 22.126836566118193, 'trop_agb_crit': 3.1419938725278875, 'trop_k_veg': 2.9556982260250573, 'fuel_k': 0.3356098860138198, 'fuel_half': 60.70952705230881}.
[I 2026-06-10 21:26:22,258] Trial 409 finished with values: [10.390171516186816, 10.390171516186816] and parameters: {'k1': 0.012840669372724958, 'D_low': 36.07301614542843, 'k2': 0.002173988526401145, 'D_high': 42210.21267871043, 'fire_exp': 1.1103154430776774, 'P_half': 13.30003421978439, 'pre_dampen_half': 243.70551632385417, 'gpp_af': 0.05511595477601767, 'gpp_b': 0.00012118589392553798, 'gpp_d': 32.54021513867688, 'ign_k': 0.038563028138793747, 'ign_c': 0.5655677524618509, 'trop_agb_crit': 28.4191188830683, 'trop_k_veg': 4.129715873342728, 'fuel_k': 0.3356098860138198, 'fuel_half': 0.17108183937377372}.
[I 2026-06-10 21:26:24,123] Trial 410 finished with values: [10.592912422159209, 10.592912422159209] and parameters: {'k1': 0.012840669372724958, 'D_low': 2022.2268128429641, 'k2': 0.002884223471687844, 'D_high': 38202.59936390114, 'fire_exp': 1.2336901664320323, 'P_half': 4.676601116802034, 'pre_dampen_half': 13.472769577631583, 'gpp_af': 5.056419398267455, 'gpp_b': 4.240402110645304e-05, 'gpp_d': 0.06570816861546984, 'ign_k': 0.012868405331151606, 'ign_c': 1.4940577239079738, 'trop_agb_crit': 28.4191188830683, 'trop_k_veg': 1.9001185153938336, 'fuel_k': 0.06525050422102326, 'fuel_half': 0.9682636678036001}.
[I 2026-06-10 21:26:25,891] Trial 411 finished with values: [10.214136180068213, 10.214136180068213] and parameters: {'k1': 0.0010495653625093638, 'D_low': 2022.2268128429641, 'k2': 0.0003667128654092894, 'D_high': 91246.32886689917, 'fire_exp': 1.0283820194309468, 'P_half': 56.22114524476698, 'pre_dampen_half': 565.0116730717873, 'gpp_af': 0.24002253099641147, 'gpp_b': 4.240402110645304e-05, 'gpp_d': 562.7426550259207, 'ign_k': 0.001973268844408891, 'ign_c': 30.785541778315018, 'trop_agb_crit': 27.025726513675966, 'trop_k_veg': 7.732256834860708, 'fuel_k': 0.06525050422102326, 'fuel_half': 0.9682636678036001}.
[I 2026-06-10 21:26:27,661] Trial 412 finished with values: [10.769072980003097, 10.769072980003097] and parameters: {'k1': 0.0006579066240690734, 'D_low': 2.6285770615112845, 'k2': 0.014666151770108535, 'D_high': 75448.27057709853, 'fire_exp': 1.3806513288500464, 'P_half': 1206.784354929152, 'pre_dampen_half': 565.0116730717873, 'gpp_af': 0.019528422543904068, 'gpp_b': 2.176805640408474e-05, 'gpp_d': 12.338826503601998, 'ign_k': 0.42702329684055446, 'ign_c': 42.35909356730621, 'trop_agb_crit': 7.513532694186442, 'trop_k_veg': 1.2317933603979494, 'fuel_k': 0.10978148458640455, 'fuel_half': 71.14476009343416}.
[I 2026-06-10 21:26:29,460] Trial 413 finished with values: [10.485531924429612, 10.485531924429612] and parameters: {'k1': 0.00021901578520649233, 'D_low': 40.12413353131991, 'k2': 0.0002172578929502367, 'D_high': 61536.58035691648, 'fire_exp': 1.3806513288500464, 'P_half': 221.2683656611821, 'pre_dampen_half': 13.472769577631583, 'gpp_af': 5.056419398267455, 'gpp_b': 2.176805640408474e-05, 'gpp_d': 36.831884165358986, 'ign_k': 0.012868405331151606, 'ign_c': 1.4940577239079738, 'trop_agb_crit': 28.4191188830683, 'trop_k_veg': 1.9658897090912955, 'fuel_k': 1.4087221110514259, 'fuel_half': 0.17108183937377372}.
[I 2026-06-10 21:26:31,225] Trial 414 finished with values: [10.667415093219814, 10.667415093219814] and parameters: {'k1': 0.0006579066240690734, 'D_low': 2.4474057445796826, 'k2': 0.002173988526401145, 'D_high': 91246.32886689917, 'fire_exp': 1.1103154430776774, 'P_half': 56.22114524476698, 'pre_dampen_half': 565.0116730717873, 'gpp_af': 0.24002253099641147, 'gpp_b': 0.014662453726154785, 'gpp_d': 0.04511991819672032, 'ign_k': 0.012868405331151606, 'ign_c': 30.785541778315018, 'trop_agb_crit': 4.84104109932157, 'trop_k_veg': 7.732256834860708, 'fuel_k': 0.5604857991960507, 'fuel_half': 1.3323297901105768}.
[I 2026-06-10 21:26:32,953] Trial 415 finished with values: [10.727114731172279, 10.727114731172279] and parameters: {'k1': 0.0010495653625093638, 'D_low': 2.6285770615112845, 'k2': 0.014666151770108535, 'D_high': 40237.59749324181, 'fire_exp': 1.2336901664320323, 'P_half': 4.676601116802034, 'pre_dampen_half': 565.0116730717873, 'gpp_af': 0.5592994749372486, 'gpp_b': 4.240402110645304e-05, 'gpp_d': 12.338826503601998, 'ign_k': 0.42702329684055446, 'ign_c': 0.2939463458625969, 'trop_agb_crit': 5.526463318565575, 'trop_k_veg': 2.724170387400844, 'fuel_k': 0.06525050422102326, 'fuel_half': 0.9682636678036001}.
[I 2026-06-10 21:26:34,714] Trial 416 finished with values: [-0.7213411978265782, 0.6300070830636453] and parameters: {'k1': 0.002155595057104387, 'D_low': 37.35862630812753, 'k2': 0.002173988526401145, 'D_high': 12124.080603355414, 'fire_exp': 1.423480109671474, 'P_half': 102.4585893986732, 'pre_dampen_half': 32.53305539860191, 'gpp_af': 0.053663001820106804, 'gpp_b': 0.00012118589392553798, 'gpp_d': 14.423399576193098, 'ign_k': 4.591485216740537, 'ign_c': 1.0944963667961967, 'trop_agb_crit': 10.691477813613638, 'trop_k_veg': 5.876643247346733, 'fuel_k': 4.710433409437072, 'fuel_half': 1.3323297901105768}.
[I 2026-06-10 21:26:36,530] Trial 417 finished with values: [10.089766819822454, 10.089766819822454] and parameters: {'k1': 0.03865036856259725, 'D_low': 323.7668055684038, 'k2': 0.015109086063191909, 'D_high': 91246.32886689917, 'fire_exp': 1.1103154430776774, 'P_half': 7.46475488144212, 'pre_dampen_half': 565.0116730717873, 'gpp_af': 5.056419398267455, 'gpp_b': 1.284284091405877e-05, 'gpp_d': 706.4887089740599, 'ign_k': 0.02741350741975827, 'ign_c': 1.1911696453733045, 'trop_agb_crit': 10.584071370490857, 'trop_k_veg': 6.45312300188076, 'fuel_k': 0.4182971994460706, 'fuel_half': 1.5515644795575612}.
[I 2026-06-10 21:26:38,529] Trial 418 finished with values: [-0.45399157632813997, 0.5300373964826062] and parameters: {'k1': 0.0006533684593224971, 'D_low': 2.4474057445796826, 'k2': 0.015109086063191909, 'D_high': 3512.7047262708465, 'fire_exp': 1.2781983515972553, 'P_half': 1.6139316358793205, 'pre_dampen_half': 565.0116730717873, 'gpp_af': 0.3002317246575309, 'gpp_b': 1.284284091405877e-05, 'gpp_d': 12.6084874067596, 'ign_k': 0.02741350741975827, 'ign_c': 1.4940577239079738, 'trop_agb_crit': 15.68644624233575, 'trop_k_veg': 6.45312300188076, 'fuel_k': 0.9221804185592763, 'fuel_half': 0.17108183937377372}.
[I 2026-06-10 21:26:40,322] Trial 419 finished with values: [10.262818787779416, 10.262818787779416] and parameters: {'k1': 0.0010495653625093638, 'D_low': 323.7668055684038, 'k2': 0.014666151770108535, 'D_high': 38202.59936390114, 'fire_exp': 1.1103154430776774, 'P_half': 7.46475488144212, 'pre_dampen_half': 565.0116730717873, 'gpp_af': 0.5592994749372486, 'gpp_b': 0.004458440839692221, 'gpp_d': 0.15144408538724474, 'ign_k': 6.344955605329754, 'ign_c': 19.66760839944308, 'trop_agb_crit': 1.2839958132831188, 'trop_k_veg': 2.724170387400844, 'fuel_k': 0.06525050422102326, 'fuel_half': 0.9682636678036001}.
