[I 2026-07-24 02:21:02,356] Trial 747 finished with value: 0.5767241243347762 and parameters: {'k1': 0.0032500826194073176, 'D_low': 94.66015088980039, 'k2': 0.0012797304210611041, 'D_high': 4662242.473333031, 'fire_exp': 8.92312537543323, 'P_half': 51.25034768194923, 'pre_dampen_half': 1.5781415776794903, 'gpp_af': 1.8642664967818228, 'gpp_b': 0.000706424851989062, 'gpp_d': 1.2778669170792016, 'ign_k': 3.9907622296088583, 'ign_c': 0.2688514669025667, 'trop_agb_crit': 20.12212625723338, 'trop_k_veg': 0.6862150889820634, 'fuel_k': 4.137241013919297, 'fuel_half': 2.4953256305568687}. Best is trial 0 with value: -0.6070628323553574.
[I 2026-07-24 02:21:02,776] Trial 748 finished with value: -0.5890557840551671 and parameters: {'k1': 0.0007682084677234839, 'D_low': 5021.763868737232, 'k2': 5.002084205314541e-05, 'D_high': 1550373.6027200758, 'fire_exp': 1.1111722875995453, 'P_half': 1.9956923898455918, 'pre_dampen_half': 0.44160347189057103, 'gpp_af': 4.857952391835675, 'gpp_b': 0.037963275936864264, 'gpp_d': 587.4765266234008, 'ign_k': 0.02953625414816095, 'ign_c': 8.94575151129011, 'trop_agb_crit': 6.191733919676481, 'trop_k_veg': 4.322083160734332, 'fuel_k': 2.287169814207105, 'fuel_half': 0.18563285220666295}. Best is trial 0 with value: -0.6070628323553574.
[I 2026-07-24 02:21:03,190] Trial 749 finished with value: 0.5606290237327054 and parameters: {'k1': 0.0016414798050091277, 'D_low': 583.5769358875591, 'k2': 0.0002548898774925358, 'D_high': 1037586.6305852757, 'fire_exp': 5.847638226858117, 'P_half': 9.924013815835922, 'pre_dampen_half': 25.858796171052266, 'gpp_af': 0.016520153040886363, 'gpp_b': 3.573679095380968e-05, 'gpp_d': 9.003149118528569, 'ign_k': 0.03398719937696607, 'ign_c': 0.12008224089810773, 'trop_agb_crit': 24.07089309712405, 'trop_k_veg': 0.9350194909657578, 'fuel_k': 0.5063400481000472, 'fuel_half': 0.3846274176186028}. Best is trial 0 with value: -0.6070628323553574.
[I 2026-07-24 02:21:03,601] Trial 750 finished with value: -0.5842773521375372 and parameters: {'k1': 0.0010801916412838076, 'D_low': 7.578510222282301, 'k2': 2.6638158896450778e-05, 'D_high': 231658.21981855264, 'fire_exp': 1.4730239879422011, 'P_half': 4.444292625144264, 'pre_dampen_half': 0.14414818104612415, 'gpp_af': 17.027643875684973, 'gpp_b': 0.0011802382718537551, 'gpp_d': 773.6483967067874, 'ign_k': 0.10908941655166404, 'ign_c': 0.31414391850361123, 'trop_agb_crit': 25.361962499315894, 'trop_k_veg': 1.971348905339866, 'fuel_k': 2.0380127939022583, 'fuel_half': 0.14828419816707972}. Best is trial 0 with value: -0.6070628323553574.
[I 2026-07-24 02:21:04,014] Trial 751 finished with value: 0.5887646289348958 and parameters: {'k1': 0.0006658643674293897, 'D_low': 8.920295177601336, 'k2': 0.00014237926750213921, 'D_high': 23056.661839020082, 'fire_exp': 1.5308907535600897, 'P_half': 24.062502787696733, 'pre_dampen_half': 0.4406820232813369, 'gpp_af': 82.42331906004074, 'gpp_b': 0.00040895101277723, 'gpp_d': 33.18288900862001, 'ign_k': 0.02646158757848652, 'ign_c': 0.5697672853229536, 'trop_agb_crit': 15.831935226658002, 'trop_k_veg': 1.6861523531815406, 'fuel_k': 0.3794891264113436, 'fuel_half': 0.8823520259080653}. Best is trial 0 with value: -0.6070628323553574.
[I 2026-07-24 02:21:04,430] Trial 752 finished with value: 0.5927131503235183 and parameters: {'k1': 0.0020339508546849726, 'D_low': 643.3817099712876, 'k2': 0.0006711474298447829, 'D_high': 2116633.1881520725, 'fire_exp': 9.176459616885527, 'P_half': 28.192176205185245, 'pre_dampen_half': 0.18065886834400174, 'gpp_af': 0.3568867226124411, 'gpp_b': 0.00021102395715689532, 'gpp_d': 225.71487083058216, 'ign_k': 0.018638785062547396, 'ign_c': 1.4114048328820155, 'trop_agb_crit': 16.40735839406621, 'trop_k_veg': 1.452271614895023, 'fuel_k': 0.6711168498747107, 'fuel_half': 0.21102171556724442}. Best is trial 0 with value: -0.6070628323553574.
[I 2026-07-24 02:21:04,846] Trial 753 finished with value: 0.5735626524931872 and parameters: {'k1': 0.0012215533850765947, 'D_low': 1.2119962621431903, 'k2': 3.233463104192012e-05, 'D_high': 5780.063854566873, 'fire_exp': 1.1963081747594144, 'P_half': 1.629686822045837, 'pre_dampen_half': 0.19621351432605827, 'gpp_af': 14.310591688486168, 'gpp_b': 0.21984964964666687, 'gpp_d': 718.0530439333652, 'ign_k': 0.03243471296590033, 'ign_c': 2.8659846508574223, 'trop_agb_crit': 16.116908245331693, 'trop_k_veg': 2.597370832084921, 'fuel_k': 0.44078232701870373, 'fuel_half': 0.3150280809044566}. Best is trial 0 with value: -0.6070628323553574.
[I 2026-07-24 02:21:05,263] Trial 754 finished with value: 0.4329667104201612 and parameters: {'k1': 0.005361628579157518, 'D_low': 171.02064776596603, 'k2': 0.0008617751192380314, 'D_high': 1561812.945536244, 'fire_exp': 1.6359952677624459, 'P_half': 3.4969527454928264, 'pre_dampen_half': 0.022831221650114492, 'gpp_af': 1.1416386069072342, 'gpp_b': 0.0008732878613687999, 'gpp_d': 4.475945119399015, 'ign_k': 0.8069912002039978, 'ign_c': 0.25180432998269486, 'trop_agb_crit': 10.203351405930114, 'trop_k_veg': 1.129668943162783, 'fuel_k': 4.948608256076548, 'fuel_half': 0.25024513739024024}. Best is trial 0 with value: -0.6070628323553574.
[I 2026-07-24 02:21:05,677] Trial 755 finished with value: 0.4904627858725158 and parameters: {'k1': 0.00022904165584856394, 'D_low': 128.53483914884822, 'k2': 0.001906473021654666, 'D_high': 2806141.1998636117, 'fire_exp': 1.65518058706975, 'P_half': 1.8408469227417374, 'pre_dampen_half': 0.6708739894727005, 'gpp_af': 17.31259396543602, 'gpp_b': 9.337687078483543e-05, 'gpp_d': 8.728586257490518, 'ign_k': 0.07134251897251431, 'ign_c': 4.1233483599431375, 'trop_agb_crit': 3.989146038052974, 'trop_k_veg': 0.898405664902789, 'fuel_k': 0.584751882125315, 'fuel_half': 0.43587748862913145}. Best is trial 0 with value: -0.6070628323553574.
[I 2026-07-24 02:21:06,089] Trial 756 finished with value: 0.5089300793720831 and parameters: {'k1': 0.00067714136990229, 'D_low': 4066.053202774974, 'k2': 1.5307801491240934e-05, 'D_high': 130630.45428057798, 'fire_exp': 1.4296023898582955, 'P_half': 9.549437940999848, 'pre_dampen_half': 0.17651287727553636, 'gpp_af': 5.900415950636071, 'gpp_b': 0.04280263812723747, 'gpp_d': 74.23375635790894, 'ign_k': 0.24965445672137923, 'ign_c': 11.308437767697782, 'trop_agb_crit': 3.8635226222720322, 'trop_k_veg': 3.660324035832143, 'fuel_k': 0.8297733805221417, 'fuel_half': 0.23026497227549647}. Best is trial 0 with value: -0.6070628323553574.
[I 2026-07-24 02:21:06,501] Trial 757 finished with value: -0.5564694869969801 and parameters: {'k1': 0.022234968394722898, 'D_low': 115.49453204885428, 'k2': 0.001799449561609983, 'D_high': 1341316.9695816059, 'fire_exp': 2.018696046978073, 'P_half': 1.4680580976299302, 'pre_dampen_half': 2.383109876468165, 'gpp_af': 0.4354050508579967, 'gpp_b': 0.03468628376672926, 'gpp_d': 0.8659474606396491, 'ign_k': 0.2098867235952523, 'ign_c': 0.6748659332903143, 'trop_agb_crit': 5.608403646696224, 'trop_k_veg': 0.7785587961057868, 'fuel_k': 1.4074327860498903, 'fuel_half': 0.24354987214147839}. Best is trial 0 with value: -0.6070628323553574.
[I 2026-07-24 02:21:06,914] Trial 758 finished with value: 0.5969889005723812 and parameters: {'k1': 0.0013434520584307496, 'D_low': 25507.90238427687, 'k2': 2.3841603495845065e-05, 'D_high': 297403.7304389346, 'fire_exp': 2.298196496503858, 'P_half': 2.784058985158004, 'pre_dampen_half': 0.5413114498321417, 'gpp_af': 53.457479677498846, 'gpp_b': 0.1409906738076402, 'gpp_d': 169.02992804771014, 'ign_k': 0.005861668546748146, 'ign_c': 10.857934992247408, 'trop_agb_crit': 6.189222929239002, 'trop_k_veg': 4.8411405910714835, 'fuel_k': 0.8007740426455672, 'fuel_half': 0.2497267827023053}. Best is trial 0 with value: -0.6070628323553574.
[I 2026-07-24 02:21:07,332] Trial 759 finished with value: 0.41524785815571874 and parameters: {'k1': 0.00012837947305180343, 'D_low': 9064.82943766713, 'k2': 2.152374762488889e-05, 'D_high': 3440402.540377926, 'fire_exp': 1.3813204740364797, 'P_half': 3.528445209338858, 'pre_dampen_half': 2.2543610553609597, 'gpp_af': 41.86240657484531, 'gpp_b': 0.0068749131721093865, 'gpp_d': 828.9944304201726, 'ign_k': 0.20744144071072657, 'ign_c': 4.9385380223371405, 'trop_agb_crit': 11.559258955184777, 'trop_k_veg': 3.9740028092380277, 'fuel_k': 0.6988583070983618, 'fuel_half': 0.17012235600672898}. Best is trial 0 with value: -0.6070628323553574.
[I 2026-07-24 02:21:07,748] Trial 760 finished with value: 0.565398053356396 and parameters: {'k1': 0.001976097273640574, 'D_low': 22085.766210851223, 'k2': 5.088927674342614e-05, 'D_high': 4297479.390096694, 'fire_exp': 2.088723849104204, 'P_half': 2.1376632791036845, 'pre_dampen_half': 0.8504987565810098, 'gpp_af': 1.6878797440706543, 'gpp_b': 0.07830567757196107, 'gpp_d': 513.0615699462962, 'ign_k': 0.011155099237630674, 'ign_c': 1.3332232296682913, 'trop_agb_crit': 10.550866370905329, 'trop_k_veg': 2.734164864926654, 'fuel_k': 3.1401273708451583, 'fuel_half': 0.25746814258702494}. Best is trial 0 with value: -0.6070628323553574.
[I 2026-07-24 02:21:08,161] Trial 761 finished with value: 0.5610073701981727 and parameters: {'k1': 0.0011003864033344193, 'D_low': 3.461416297920232, 'k2': 0.00037258805077738016, 'D_high': 20619.823387456607, 'fire_exp': 2.1679514803163644, 'P_half': 3.608785645150775, 'pre_dampen_half': 0.15434380137752116, 'gpp_af': 3.025833165310669, 'gpp_b': 0.00772304835296546, 'gpp_d': 208.12433477583957, 'ign_k': 0.0201553240494243, 'ign_c': 2.3955492508783562, 'trop_agb_crit': 17.101467946626524, 'trop_k_veg': 1.378931859659246, 'fuel_k': 4.266206677440457, 'fuel_half': 0.3140191495227612}. Best is trial 0 with value: -0.6070628323553574.
[I 2026-07-24 02:21:08,573] Trial 762 finished with value: 0.6012440107773944 and parameters: {'k1': 0.0003129625394525295, 'D_low': 601.307559711713, 'k2': 0.0007645707767899472, 'D_high': 137819.6522948876, 'fire_exp': 9.417920872709084, 'P_half': 108.68257987788304, 'pre_dampen_half': 3.8342491539712413, 'gpp_af': 0.5775420136720141, 'gpp_b': 3.965146388169671e-05, 'gpp_d': 0.6079245743630858, 'ign_k': 0.05209885926454331, 'ign_c': 0.4022742294989423, 'trop_agb_crit': 23.861712528645597, 'trop_k_veg': 1.4108524415581554, 'fuel_k': 1.8255606253902295, 'fuel_half': 0.12562112219884286}. Best is trial 0 with value: -0.6070628323553574.
[I 2026-07-24 02:21:08,995] Trial 763 finished with value: 0.5439050561749248 and parameters: {'k1': 0.0004887497353353923, 'D_low': 3.84223840565363, 'k2': 4.0513110163753645e-05, 'D_high': 36862.97431423263, 'fire_exp': 1.9044399701249528, 'P_half': 15.068381665533094, 'pre_dampen_half': 0.6768768001694492, 'gpp_af': 23.661616713072792, 'gpp_b': 0.0028575697450117727, 'gpp_d': 372.95757552429416, 'ign_k': 0.6207367452110761, 'ign_c': 0.8033086559772109, 'trop_agb_crit': 27.876620614299103, 'trop_k_veg': 1.5517707135234502, 'fuel_k': 0.28753505089718834, 'fuel_half': 0.1825111039993809}. Best is trial 0 with value: -0.6070628323553574.
[I 2026-07-24 02:21:09,409] Trial 764 finished with value: 0.4100160947719469 and parameters: {'k1': 0.0026389446259935216, 'D_low': 10.77984325284496, 'k2': 3.219973514227836e-05, 'D_high': 7578335.759443184, 'fire_exp': 2.103628121962542, 'P_half': 19.355272344274283, 'pre_dampen_half': 1.15824867456011, 'gpp_af': 16.011791058609553, 'gpp_b': 0.0006233378461457973, 'gpp_d': 89.14354570002489, 'ign_k': 0.3240599766029772, 'ign_c': 0.46054314003145924, 'trop_agb_crit': 9.638918392760603, 'trop_k_veg': 2.217415608118793, 'fuel_k': 1.4915873096273322, 'fuel_half': 0.3997711955335624}. Best is trial 0 with value: -0.6070628323553574.
[I 2026-07-24 02:21:09,833] Trial 765 finished with value: 0.5433287055830178 and parameters: {'k1': 0.000519566443766652, 'D_low': 36.86690751664428, 'k2': 0.0009964281256821365, 'D_high': 1033136.7908142817, 'fire_exp': 1.158256826069662, 'P_half': 1.7739289703517598, 'pre_dampen_half': 0.011074483422061658, 'gpp_af': 85.82298918262224, 'gpp_b': 0.001723920310002994, 'gpp_d': 34.8172742162202, 'ign_k': 0.01956238908942489, 'ign_c': 1.8305545569711303, 'trop_agb_crit': 15.148870830520224, 'trop_k_veg': 3.0548375077507157, 'fuel_k': 1.018742834146455, 'fuel_half': 0.5722012063318725}. Best is trial 0 with value: -0.6070628323553574.
[I 2026-07-24 02:21:10,247] Trial 766 finished with value: 0.5312565377536196 and parameters: {'k1': 4.707328839121875e-05, 'D_low': 44.98308974165396, 'k2': 0.0025840527462349045, 'D_high': 9005241.67996283, 'fire_exp': 2.720784785886446, 'P_half': 4.031278619452454, 'pre_dampen_half': 0.5908036723993879, 'gpp_af': 27.766606990781135, 'gpp_b': 0.5138735586825726, 'gpp_d': 892.2122931057328, 'ign_k': 0.17156853219418142, 'ign_c': 1.5135649467249703, 'trop_agb_crit': 6.358064191664231, 'trop_k_veg': 1.349336514561158, 'fuel_k': 1.4468617224274776, 'fuel_half': 3.479184004340607}. Best is trial 0 with value: -0.6070628323553574.
[I 2026-07-24 02:21:10,659] Trial 767 finished with value: 0.4622646282755174 and parameters: {'k1': 0.0036423605709717025, 'D_low': 3.2823505897970073, 'k2': 0.000343567134403524, 'D_high': 174189.5150623232, 'fire_exp': 1.4012762033426531, 'P_half': 1.4208691032748528, 'pre_dampen_half': 0.18949646723600871, 'gpp_af': 14.846752115066936, 'gpp_b': 2.857087238079238e-05, 'gpp_d': 385.09474456368383, 'ign_k': 0.09666665668373169, 'ign_c': 12.592989564822952, 'trop_agb_crit': 14.551608002459618, 'trop_k_veg': 2.694255062882526, 'fuel_k': 1.4334454481671277, 'fuel_half': 0.50640268447805}. Best is trial 0 with value: -0.6070628323553574.
[I 2026-07-24 02:21:11,072] Trial 768 finished with value: 0.47115277518005083 and parameters: {'k1': 0.0018974146743431807, 'D_low': 174.97959728540593, 'k2': 0.0008059884126104834, 'D_high': 721614.9565421289, 'fire_exp': 9.69845823186477, 'P_half': 7.9256507250642025, 'pre_dampen_half': 10.143829923823548, 'gpp_af': 0.03004847934718237, 'gpp_b': 0.0028205673622325777, 'gpp_d': 9.638344021824343, 'ign_k': 1.4215271593835983, 'ign_c': 0.2872667211363218, 'trop_agb_crit': 18.54446913142169, 'trop_k_veg': 1.3319113034813006, 'fuel_k': 0.3838875287671619, 'fuel_half': 0.25901535715713625}. Best is trial 0 with value: -0.6070628323553574.
[I 2026-07-24 02:21:11,486] Trial 769 finished with value: 0.5944889492760085 and parameters: {'k1': 0.0024195757001555748, 'D_low': 2620.9866684228446, 'k2': 0.0063013521733155595, 'D_high': 101709.35728397951, 'fire_exp': 2.6841908734649533, 'P_half': 1.1230893645389501, 'pre_dampen_half': 1.2649394376386558, 'gpp_af': 21.582092921953, 'gpp_b': 0.007878364758403124, 'gpp_d': 1.0417285233464515, 'ign_k': 0.35276089316376524, 'ign_c': 12.82149475783705, 'trop_agb_crit': 6.666715275230702, 'trop_k_veg': 3.795271740230215, 'fuel_k': 1.5124558965669144, 'fuel_half': 0.2418960878433969}. Best is trial 0 with value: -0.6070628323553574.
[I 2026-07-24 02:21:11,900] Trial 770 finished with value: 0.5730532882262019 and parameters: {'k1': 9.764263867207318e-05, 'D_low': 87.31938293438498, 'k2': 0.00822804565204814, 'D_high': 34443.38892909441, 'fire_exp': 5.221463341407858, 'P_half': 99.21928120399207, 'pre_dampen_half': 1.100801341245032, 'gpp_af': 0.004661828332680836, 'gpp_b': 3.164213368009316e-05, 'gpp_d': 54.03148216177622, 'ign_k': 0.2685654112224541, 'ign_c': 14.380884356419838, 'trop_agb_crit': 15.805988731580204, 'trop_k_veg': 0.8500428442798346, 'fuel_k': 4.067613484958787, 'fuel_half': 0.1706206480487383}. Best is trial 0 with value: -0.6070628323553574.
[I 2026-07-24 02:21:12,316] Trial 771 finished with value: 0.511436485521474 and parameters: {'k1': 0.01909152676586998, 'D_low': 160.71479726968298, 'k2': 0.0019699464752132015, 'D_high': 1610327.001799349, 'fire_exp': 5.212258558309526, 'P_half': 102.42418428695649, 'pre_dampen_half': 334.9350451651531, 'gpp_af': 0.033436709799100586, 'gpp_b': 2.1867513975987024e-05, 'gpp_d': 451.3014930359417, 'ign_k': 0.1481726969909093, 'ign_c': 5.247238921581468, 'trop_agb_crit': 14.462607194721175, 'trop_k_veg': 2.2774715995649064, 'fuel_k': 5.264374848999119, 'fuel_half': 1.826938332373964}. Best is trial 0 with value: -0.6070628323553574.
[I 2026-07-24 02:21:12,741] Trial 772 finished with value: 0.4228313318368617 and parameters: {'k1': 0.0009040138880246908, 'D_low': 648.5391608966022, 'k2': 0.00013933289188835016, 'D_high': 8113290.988084404, 'fire_exp': 1.0597595456834323, 'P_half': 2.038149589081753, 'pre_dampen_half': 0.30916363162667415, 'gpp_af': 38.5811416044029, 'gpp_b': 0.007250499122175671, 'gpp_d': 298.85721406162804, 'ign_k': 1.0446431028540217, 'ign_c': 0.14199997487382793, 'trop_agb_crit': 1.6708624127259217, 'trop_k_veg': 1.3020864732610873, 'fuel_k': 0.7333129623384083, 'fuel_half': 0.6474968283577871}. Best is trial 0 with value: -0.6070628323553574.
[I 2026-07-24 02:21:13,154] Trial 773 finished with value: 0.4765830676510906 and parameters: {'k1': 0.0019480795744519193, 'D_low': 10677.599516582233, 'k2': 0.0012873257463040294, 'D_high': 1591300.4514756515, 'fire_exp': 1.4276406303853748, 'P_half': 22.730774527543932, 'pre_dampen_half': 0.06073953821309119, 'gpp_af': 0.3222800830905514, 'gpp_b': 0.0019045455273281654, 'gpp_d': 76.01132028688448, 'ign_k': 1.127056237729898, 'ign_c': 0.42186627053425885, 'trop_agb_crit': 6.114619503257924, 'trop_k_veg': 3.7517224544556718, 'fuel_k': 3.0773430258834025, 'fuel_half': 0.5235808502104513}. Best is trial 0 with value: -0.6070628323553574.
[I 2026-07-24 02:21:13,567] Trial 774 finished with value: 0.4153233378532756 and parameters: {'k1': 0.002186037871894908, 'D_low': 27.292918950837148, 'k2': 7.410619614562914e-05, 'D_high': 378563.34772477666, 'fire_exp': 9.703024680532298, 'P_half': 27.469736392282922, 'pre_dampen_half': 20.17633447809891, 'gpp_af': 0.07999762123102701, 'gpp_b': 1.7156815201774604e-05, 'gpp_d': 33.130920819632074, 'ign_k': 1.1082622508531124, 'ign_c': 0.2527029496001568, 'trop_agb_crit': 6.813245878223395, 'trop_k_veg': 1.9487860155701595, 'fuel_k': 1.81989586526248, 'fuel_half': 0.16264288995623932}. Best is trial 0 with value: -0.6070628323553574.
[I 2026-07-24 02:21:13,980] Trial 775 finished with value: 0.4927709356292064 and parameters: {'k1': 0.0015164404488873103, 'D_low': 1377.133200862801, 'k2': 8.873143202239515e-05, 'D_high': 3819948.2476893594, 'fire_exp': 1.2329751751315554, 'P_half': 2.034126133606533, 'pre_dampen_half': 0.05104484259142821, 'gpp_af': 20.92335435506269, 'gpp_b': 7.829747925127666e-05, 'gpp_d': 70.00988659384662, 'ign_k': 0.02874675523816467, 'ign_c': 5.78745142038893, 'trop_agb_crit': 5.811339547580894, 'trop_k_veg': 3.611361590031355, 'fuel_k': 1.3306214982367217, 'fuel_half': 0.13423216616142972}. Best is trial 0 with value: -0.6070628323553574.
[I 2026-07-24 02:21:14,391] Trial 776 finished with value: 0.40558300295703065 and parameters: {'k1': 0.003984372541071634, 'D_low': 627.368214042739, 'k2': 0.002621525588877155, 'D_high': 9961075.16180584, 'fire_exp': 8.17993828258334, 'P_half': 6.250049781069382, 'pre_dampen_half': 13.054647353638465, 'gpp_af': 0.06160661447597889, 'gpp_b': 0.0001130346704061629, 'gpp_d': 78.82163907025517, 'ign_k': 0.5815145460726755, 'ign_c': 0.5488874491169785, 'trop_agb_crit': 22.698757619701162, 'trop_k_veg': 1.2582756080084982, 'fuel_k': 0.6386449460619563, 'fuel_half': 0.454718204812862}. Best is trial 0 with value: -0.6070628323553574.
[I 2026-07-24 02:21:14,809] Trial 777 finished with value: 0.6445374145881376 and parameters: {'k1': 0.00038698510696298075, 'D_low': 23.64615892137278, 'k2': 0.0008612330345745905, 'D_high': 41689.33474362176, 'fire_exp': 4.956467360493939, 'P_half': 93.01419810049931, 'pre_dampen_half': 40.527495836737735, 'gpp_af': 0.37054309755263576, 'gpp_b': 6.847183924563107e-05, 'gpp_d': 1.403679239328762, 'ign_k': 0.367655995138759, 'ign_c': 93.8300541968204, 'trop_agb_crit': 13.22141758830092, 'trop_k_veg': 0.9546580675101758, 'fuel_k': 2.0940963313257366, 'fuel_half': 0.4596102045535675}. Best is trial 0 with value: -0.6070628323553574.
[I 2026-07-24 02:21:15,225] Trial 778 finished with value: 0.5800381950598084 and parameters: {'k1': 1.7086074386334652e-05, 'D_low': 1.048053854717169, 'k2': 0.0006178085863948208, 'D_high': 739325.1127382324, 'fire_exp': 6.453597932413717, 'P_half': 193.24616051721108, 'pre_dampen_half': 363.6684872377975, 'gpp_af': 0.02496707230034051, 'gpp_b': 1.1173221004439939e-05, 'gpp_d': 3.4122001311674333, 'ign_k': 1.1855400459300205, 'ign_c': 17.28236862692891, 'trop_agb_crit': 5.598986218551815, 'trop_k_veg': 0.5291330246783584, 'fuel_k': 1.9990284307603796, 'fuel_half': 0.3270764994328396}. Best is trial 0 with value: -0.6070628323553574.
[I 2026-07-24 02:21:15,639] Trial 779 finished with value: 0.5324370768989708 and parameters: {'k1': 0.0002556899182901695, 'D_low': 2678.7029621215465, 'k2': 0.00014435225424277233, 'D_high': 2441187.870404941, 'fire_exp': 1.761423407692783, 'P_half': 1.3311433984480072, 'pre_dampen_half': 0.044140462916509644, 'gpp_af': 0.6823834146694967, 'gpp_b': 0.11083750896408442, 'gpp_d': 527.2130685836595, 'ign_k': 2.5819252224289087, 'ign_c': 1.129710146054879, 'trop_agb_crit': 19.584192974562537, 'trop_k_veg': 1.3894688861922737, 'fuel_k': 0.8066451461632024, 'fuel_half': 0.15681847617637465}. Best is trial 0 with value: -0.6070628323553574.
[I 2026-07-24 02:21:16,054] Trial 780 finished with value: 0.5486062427514905 and parameters: {'k1': 0.0008250479253526549, 'D_low': 37.62586898140521, 'k2': 1.0387296605955218e-05, 'D_high': 3953.972650196284, 'fire_exp': 1.2047487690143392, 'P_half': 10.211019214410022, 'pre_dampen_half': 0.4606036219511352, 'gpp_af': 15.163201411652084, 'gpp_b': 0.0005430698987393085, 'gpp_d': 553.5772850857386, 'ign_k': 0.009429014513345524, 'ign_c': 0.9642675413671385, 'trop_agb_crit': 20.23264903900584, 'trop_k_veg': 1.7788706561268668, 'fuel_k': 2.1455292041479703, 'fuel_half': 0.6791702721085712}. Best is trial 0 with value: -0.6070628323553574.
