[I 2026-06-11 12:54:07,322] Trial 451 finished with values: [17.578302730556146, 17.578302730556146] and parameters: {'k1': 0.00026539376439360527, 'D_low': 1074.940539517341, 'k2': 0.019383858782150494, 'D_high': 6682.9607218310075, 'fire_exp': 1.2060040899560858, 'P_half': 51.10120656497163, 'pre_dampen_half': 189.36639872354493, 'gpp_af': 0.060029341913968644, 'gpp_b': 0.0012611058927054877, 'gpp_d': 364.60005353173506, 'ign_k': 0.09256855841989636, 'ign_c': 1.364908766641693, 'trop_agb_crit': 12.9667438075127, 'trop_k_veg': 2.99731137426955, 'fire_amp': 5.416595007374148}.
[I 2026-06-11 12:54:08,256] Trial 452 finished with values: [-0.5702276083167407, 0.11881336808429122] and parameters: {'k1': 0.006079905434073396, 'D_low': 43.2326421037033, 'k2': 1.1417577140741129e-05, 'D_high': 31301.15118850836, 'fire_exp': 1.7505406131449859, 'P_half': 93.43302657318476, 'pre_dampen_half': 253.71947027764784, 'gpp_af': 0.2204465010099918, 'gpp_b': 0.002416023630607169, 'gpp_d': 21.899070557043984, 'ign_k': 0.09256855841989636, 'ign_c': 7.081721844034206, 'trop_agb_crit': 1.8023542850487386, 'trop_k_veg': 0.5183533149347164, 'fire_amp': 2.042193818779288}.
[I 2026-06-11 12:54:09,155] Trial 453 finished with values: [-0.4169390419242677, 0.14947057469959568] and parameters: {'k1': 5.178197947282869e-05, 'D_low': 1.7551403048208316, 'k2': 0.0007731571570012607, 'D_high': 1266.9536563782303, 'fire_exp': 1.2060040899560858, 'P_half': 3.591771421517613, 'pre_dampen_half': 37.40930273158252, 'gpp_af': 0.060029341913968644, 'gpp_b': 0.002416023630607169, 'gpp_d': 1.336803341156552, 'ign_k': 0.05681482545113266, 'ign_c': 1.364908766641693, 'trop_agb_crit': 8.0091368834625, 'trop_k_veg': 1.6003641872536711, 'fire_amp': 1.5587346124822492}.
[I 2026-06-11 12:54:10,007] Trial 454 finished with values: [10.286284642747253, 10.286284642747253] and parameters: {'k1': 0.08006837661379566, 'D_low': 1.4002277211577039, 'k2': 0.0007731571570012607, 'D_high': 315.101491238403, 'fire_exp': 1.2060040899560858, 'P_half': 3.591771421517613, 'pre_dampen_half': 4.847666216751353, 'gpp_af': 0.41874665092828456, 'gpp_b': 0.001674375583895437, 'gpp_d': 1.4397852866783676, 'ign_k': 0.0032383308053152635, 'ign_c': 99.96359851911319, 'trop_agb_crit': 21.086120736447015, 'trop_k_veg': 5.453348988480011, 'fire_amp': 2.7806853670293616}.
[I 2026-06-11 12:54:10,872] Trial 455 finished with values: [18.931079399320087, 18.931079399320087] and parameters: {'k1': 0.00026539376439360527, 'D_low': 236.79352040223893, 'k2': 0.08661811390647982, 'D_high': 6682.9607218310075, 'fire_exp': 1.111738490499784, 'P_half': 1.4551749476072258, 'pre_dampen_half': 189.36639872354493, 'gpp_af': 2.5017068255320485, 'gpp_b': 5.0875243087016374e-05, 'gpp_d': 7.631016235941559, 'ign_k': 0.0032383308053152635, 'ign_c': 0.6960633318526378, 'trop_agb_crit': 2.100813292597435, 'trop_k_veg': 0.7808079158649266, 'fire_amp': 2.7806853670293616}.
[I 2026-06-11 12:54:11,738] Trial 456 finished with values: [10.769096321102548, 10.769096321102548] and parameters: {'k1': 0.0003445931091927334, 'D_low': 2186.356344942016, 'k2': 0.08661811390647982, 'D_high': 6682.9607218310075, 'fire_exp': 4.197266872191233, 'P_half': 1.4551749476072258, 'pre_dampen_half': 8.259599205585761, 'gpp_af': 0.10098504976210308, 'gpp_b': 0.001674375583895437, 'gpp_d': 545.0253444559129, 'ign_k': 0.0032383308053152635, 'ign_c': 22.126836566118193, 'trop_agb_crit': 2.100813292597435, 'trop_k_veg': 6.963655030926962, 'fire_amp': 2.7806853670293616}.
[I 2026-06-11 12:54:12,638] Trial 457 finished with values: [10.40240350804916, 10.40240350804916] and parameters: {'k1': 0.016973078532467004, 'D_low': 335.92388193960346, 'k2': 0.0012030178871154666, 'D_high': 1266.9536563782303, 'fire_exp': 1.2060040899560858, 'P_half': 12.262543158860007, 'pre_dampen_half': 189.36639872354493, 'gpp_af': 0.007531064950403672, 'gpp_b': 1.4008921101492135e-05, 'gpp_d': 0.1619054449471649, 'ign_k': 0.09256855841989636, 'ign_c': 2.2882309479728957, 'trop_agb_crit': 2.100813292597435, 'trop_k_veg': 1.6648666152166967, 'fire_amp': 1.5719333351012774}.
[I 2026-06-11 12:54:13,745] Trial 458 finished with values: [10.472575307891084, 10.472575307891084] and parameters: {'k1': 0.00023134781612225627, 'D_low': 2.843767489444367, 'k2': 0.002090955698118952, 'D_high': 1817.0401889219124, 'fire_exp': 1.2060040899560858, 'P_half': 1.4551749476072258, 'pre_dampen_half': 4.847666216751353, 'gpp_af': 0.10098504976210308, 'gpp_b': 0.006999112505425414, 'gpp_d': 0.030844007727232167, 'ign_k': 0.002357279455676982, 'ign_c': 22.126836566118193, 'trop_agb_crit': 21.380932890222198, 'trop_k_veg': 2.8926781829782864, 'fire_amp': 5.44779717154213}.
[I 2026-06-11 12:54:14,623] Trial 459 finished with values: [10.11835576699985, 10.11835576699985] and parameters: {'k1': 0.03648456083047798, 'D_low': 83.56564873457052, 'k2': 0.019383858782150494, 'D_high': 1266.9536563782303, 'fire_exp': 1.2060040899560858, 'P_half': 1.4551749476072258, 'pre_dampen_half': 4.847666216751353, 'gpp_af': 0.060029341913968644, 'gpp_b': 1.4008921101492135e-05, 'gpp_d': 1.4397852866783676, 'ign_k': 0.001229921046579313, 'ign_c': 1.364908766641693, 'trop_agb_crit': 1.8023542850487386, 'trop_k_veg': 6.963655030926962, 'fire_amp': 2.7806853670293616}.
[I 2026-06-11 12:54:15,488] Trial 460 finished with values: [10.544622172014591, 10.544622172014591] and parameters: {'k1': 0.03648456083047798, 'D_low': 1.4002277211577039, 'k2': 0.0007731571570012607, 'D_high': 1266.9536563782303, 'fire_exp': 1.2060040899560858, 'P_half': 45.55085098454082, 'pre_dampen_half': 75.10418138777538, 'gpp_af': 0.060029341913968644, 'gpp_b': 0.25042526066088033, 'gpp_d': 0.7698760608299932, 'ign_k': 0.0032383308053152635, 'ign_c': 2.2882309479728957, 'trop_agb_crit': 2.100813292597435, 'trop_k_veg': 6.963655030926962, 'fire_amp': 1.7912500010961188}.
[I 2026-06-11 12:54:16,369] Trial 461 finished with values: [10.76923076888676, 10.76923076888676] and parameters: {'k1': 0.03648456083047798, 'D_low': 236.79352040223893, 'k2': 0.019383858782150494, 'D_high': 31301.15118850836, 'fire_exp': 1.353841071397002, 'P_half': 252.38726750780188, 'pre_dampen_half': 75.10418138777538, 'gpp_af': 0.060029341913968644, 'gpp_b': 1.4008921101492135e-05, 'gpp_d': 1.4397852866783676, 'ign_k': 4.869640941520899, 'ign_c': 72.99613382801451, 'trop_agb_crit': 2.100813292597435, 'trop_k_veg': 1.2396985988794134, 'fire_amp': 4.1162797330133705}.
[I 2026-06-11 12:54:17,237] Trial 462 finished with values: [12.749806658765225, 12.749806658765225] and parameters: {'k1': 5.178197947282869e-05, 'D_low': 1.7551403048208316, 'k2': 0.0007731571570012607, 'D_high': 31301.15118850836, 'fire_exp': 1.2060040899560858, 'P_half': 1.859526645713404, 'pre_dampen_half': 350.88322284755304, 'gpp_af': 0.41874665092828456, 'gpp_b': 0.002416023630607169, 'gpp_d': 1.4397852866783676, 'ign_k': 0.8945150807271531, 'ign_c': 0.5232779509048977, 'trop_agb_crit': 21.086120736447015, 'trop_k_veg': 0.9660523662864217, 'fire_amp': 1.5587346124822492}.
[I 2026-06-11 12:54:18,121] Trial 463 finished with values: [10.695566890451762, 10.695566890451762] and parameters: {'k1': 5.178197947282869e-05, 'D_low': 236.79352040223893, 'k2': 0.0007731571570012607, 'D_high': 31301.15118850836, 'fire_exp': 1.2060040899560858, 'P_half': 3.591771421517613, 'pre_dampen_half': 10.931606102061748, 'gpp_af': 2.5017068255320485, 'gpp_b': 0.001674375583895437, 'gpp_d': 21.899070557043984, 'ign_k': 0.001229921046579313, 'ign_c': 1.364908766641693, 'trop_agb_crit': 2.100813292597435, 'trop_k_veg': 6.963655030926962, 'fire_amp': 2.7806853670293616}.
[I 2026-06-11 12:54:19,034] Trial 464 finished with values: [17.50772748175651, 17.50772748175651] and parameters: {'k1': 0.016973078532467004, 'D_low': 146.24004590125713, 'k2': 0.019383858782150494, 'D_high': 6682.9607218310075, 'fire_exp': 1.2060040899560858, 'P_half': 3.591771421517613, 'pre_dampen_half': 189.36639872354493, 'gpp_af': 2.5017068255320485, 'gpp_b': 0.015062722325200045, 'gpp_d': 304.7488318185732, 'ign_k': 0.09256855841989636, 'ign_c': 2.226297338331262, 'trop_agb_crit': 1.8023542850487386, 'trop_k_veg': 0.828441460847982, 'fire_amp': 2.7806853670293616}.
[I 2026-06-11 12:54:19,915] Trial 465 finished with values: [10.915624754874298, 10.915624754874298] and parameters: {'k1': 0.03648456083047798, 'D_low': 2.843767489444367, 'k2': 0.0012030178871154666, 'D_high': 76838.76502998071, 'fire_exp': 1.2798881300289222, 'P_half': 436.4516946807792, 'pre_dampen_half': 75.10418138777538, 'gpp_af': 2.5184956910855436, 'gpp_b': 5.0875243087016374e-05, 'gpp_d': 1.4397852866783676, 'ign_k': 0.037151317999473285, 'ign_c': 1.364908766641693, 'trop_agb_crit': 12.9667438075127, 'trop_k_veg': 0.6108091740265464, 'fire_amp': 1.7912500010961188}.
[I 2026-06-11 12:54:20,781] Trial 466 finished with values: [14.56639367271573, 14.56639367271573] and parameters: {'k1': 0.00026539376439360527, 'D_low': 236.79352040223893, 'k2': 0.019383858782150494, 'D_high': 6682.9607218310075, 'fire_exp': 1.2060040899560858, 'P_half': 1.4551749476072258, 'pre_dampen_half': 189.36639872354493, 'gpp_af': 27.78052183438328, 'gpp_b': 1.4008921101492135e-05, 'gpp_d': 1.4397852866783676, 'ign_k': 0.0032383308053152635, 'ign_c': 7.832259769732471, 'trop_agb_crit': 1.850652607502099, 'trop_k_veg': 2.99731137426955, 'fire_amp': 2.7806853670293616}.
[I 2026-06-11 12:54:21,668] Trial 467 finished with values: [10.23999867505443, 10.23999867505443] and parameters: {'k1': 0.03648456083047798, 'D_low': 2.843767489444367, 'k2': 0.019383858782150494, 'D_high': 1537.592023548176, 'fire_exp': 1.2798881300289222, 'P_half': 3.591771421517613, 'pre_dampen_half': 4.847666216751353, 'gpp_af': 0.016306190741524337, 'gpp_b': 0.001674375583895437, 'gpp_d': 304.7488318185732, 'ign_k': 0.0032383308053152635, 'ign_c': 1.364908766641693, 'trop_agb_crit': 1.8023542850487386, 'trop_k_veg': 6.963655030926962, 'fire_amp': 2.7806853670293616}.
[I 2026-06-11 12:54:22,532] Trial 468 finished with values: [10.248158221790334, 10.248158221790334] and parameters: {'k1': 0.05347027553411487, 'D_low': 236.79352040223893, 'k2': 0.0012030178871154666, 'D_high': 1537.592023548176, 'fire_exp': 1.2798881300289222, 'P_half': 436.4516946807792, 'pre_dampen_half': 75.10418138777538, 'gpp_af': 0.41874665092828456, 'gpp_b': 0.015062722325200045, 'gpp_d': 0.7698760608299932, 'ign_k': 2.615413574494962, 'ign_c': 2.2882309479728957, 'trop_agb_crit': 12.9667438075127, 'trop_k_veg': 6.030247256556128, 'fire_amp': 1.7912500010961188}.
[I 2026-06-11 12:54:23,431] Trial 469 finished with values: [-0.3953999382991752, 0.14788663762037524] and parameters: {'k1': 0.00023134781612225627, 'D_low': 1.7551403048208316, 'k2': 0.0001280886335404798, 'D_high': 32311.521854410956, 'fire_exp': 1.811096651915224, 'P_half': 5.4712187293420325, 'pre_dampen_half': 121.93011993958949, 'gpp_af': 0.07118041471054574, 'gpp_b': 0.00031478066835753096, 'gpp_d': 0.1619054449471649, 'ign_k': 0.002357279455676982, 'ign_c': 7.081721844034206, 'trop_agb_crit': 5.335241529707116, 'trop_k_veg': 0.9923523017201868, 'fire_amp': 1.5719333351012774}.
[I 2026-06-11 12:54:24,329] Trial 470 finished with values: [-0.6714672133440945, 0.1764555305596358] and parameters: {'k1': 0.0029067012153229104, 'D_low': 1.4002277211577039, 'k2': 3.152468275632564e-05, 'D_high': 20103.283734409175, 'fire_exp': 1.2798881300289222, 'P_half': 1.4551749476072258, 'pre_dampen_half': 9.044346216330972, 'gpp_af': 2.5184956910855436, 'gpp_b': 9.497440085397415e-05, 'gpp_d': 0.47379914349407487, 'ign_k': 0.9419612235978201, 'ign_c': 0.10435856341129002, 'trop_agb_crit': 7.332660227137139, 'trop_k_veg': 0.7808079158649266, 'fire_amp': 2.7806853670293616}.
[I 2026-06-11 12:54:25,227] Trial 471 finished with values: [-0.5606840167861316, 0.07191600639323859] and parameters: {'k1': 0.08006837661379566, 'D_low': 236.79352040223893, 'k2': 0.019383858782150494, 'D_high': 1266.9536563782303, 'fire_exp': 1.2060040899560858, 'P_half': 3.591771421517613, 'pre_dampen_half': 4.847666216751353, 'gpp_af': 2.5017068255320485, 'gpp_b': 0.001674375583895437, 'gpp_d': 304.7488318185732, 'ign_k': 0.0032383308053152635, 'ign_c': 1.364908766641693, 'trop_agb_crit': 1.8023542850487386, 'trop_k_veg': 0.828441460847982, 'fire_amp': 2.7806853670293616}.
[I 2026-06-11 12:54:26,136] Trial 472 finished with values: [10.656104435555315, 10.656104435555315] and parameters: {'k1': 0.08006837661379566, 'D_low': 1074.940539517341, 'k2': 0.019383858782150494, 'D_high': 6682.9607218310075, 'fire_exp': 1.2060040899560858, 'P_half': 2.226799690893868, 'pre_dampen_half': 189.36639872354493, 'gpp_af': 27.78052183438328, 'gpp_b': 0.001674375583895437, 'gpp_d': 1.4397852866783676, 'ign_k': 0.09256855841989636, 'ign_c': 7.832259769732471, 'trop_agb_crit': 2.100813292597435, 'trop_k_veg': 0.828441460847982, 'fire_amp': 2.7806853670293616}.
[I 2026-06-11 12:54:27,002] Trial 473 finished with values: [10.55654030624963, 10.55654030624963] and parameters: {'k1': 0.00026539376439360527, 'D_low': 171.2446447678494, 'k2': 0.002090955698118952, 'D_high': 29.126651668813768, 'fire_exp': 1.5191397119156032, 'P_half': 93.43302657318476, 'pre_dampen_half': 225.8132942030758, 'gpp_af': 0.2204465010099918, 'gpp_b': 0.006999112505425414, 'gpp_d': 0.030844007727232167, 'ign_k': 0.004105873950290761, 'ign_c': 7.832259769732471, 'trop_agb_crit': 5.588032458772675, 'trop_k_veg': 2.724170387400844, 'fire_amp': 5.44779717154213}.
[I 2026-06-11 12:54:27,879] Trial 474 finished with values: [-0.5134253350803518, 0.1717524039483379] and parameters: {'k1': 0.0071350717305711155, 'D_low': 2.843767489444367, 'k2': 0.0007731571570012607, 'D_high': 31301.15118850836, 'fire_exp': 1.1633452995374232, 'P_half': 1.859526645713404, 'pre_dampen_half': 37.40930273158252, 'gpp_af': 0.016306190741524337, 'gpp_b': 0.015062722325200045, 'gpp_d': 0.7698760608299932, 'ign_k': 0.8945150807271531, 'ign_c': 7.081721844034206, 'trop_agb_crit': 8.0091368834625, 'trop_k_veg': 1.2396985988794134, 'fire_amp': 1.5587346124822492}.
[I 2026-06-11 12:54:28,793] Trial 475 finished with values: [-0.4571304209313638, 0.1804786138671206] and parameters: {'k1': 0.0006042560675552671, 'D_low': 1.4002277211577039, 'k2': 0.0007731571570012607, 'D_high': 6682.9607218310075, 'fire_exp': 1.2060040899560858, 'P_half': 102.93072560417136, 'pre_dampen_half': 4.847666216751353, 'gpp_af': 0.41874665092828456, 'gpp_b': 1.4008921101492135e-05, 'gpp_d': 1.4397852866783676, 'ign_k': 0.0032383308053152635, 'ign_c': 2.2882309479728957, 'trop_agb_crit': 12.9667438075127, 'trop_k_veg': 6.030247256556128, 'fire_amp': 2.7806853670293616}.
[I 2026-06-11 12:54:29,684] Trial 476 finished with values: [-0.6571171956560473, 0.09473070964444408] and parameters: {'k1': 0.016973078532467004, 'D_low': 146.24004590125713, 'k2': 0.019383858782150494, 'D_high': 32311.521854410956, 'fire_exp': 1.2060040899560858, 'P_half': 114.62237838612074, 'pre_dampen_half': 189.36639872354493, 'gpp_af': 3.298293484806585, 'gpp_b': 0.015062722325200045, 'gpp_d': 0.1619054449471649, 'ign_k': 0.09256855841989636, 'ign_c': 1.364908766641693, 'trop_agb_crit': 3.3933702290907823, 'trop_k_veg': 1.6648666152166967, 'fire_amp': 1.5719333351012774}.
[I 2026-06-11 12:54:30,561] Trial 477 finished with values: [-0.6384968359849141, 0.06250316545903789] and parameters: {'k1': 0.03648456083047798, 'D_low': 235.39834531862078, 'k2': 0.0012030178871154666, 'D_high': 6682.9607218310075, 'fire_exp': 1.2798881300289222, 'P_half': 436.4516946807792, 'pre_dampen_half': 75.10418138777538, 'gpp_af': 0.41874665092828456, 'gpp_b': 0.015062722325200045, 'gpp_d': 0.7698760608299932, 'ign_k': 4.869640941520899, 'ign_c': 1.364908766641693, 'trop_agb_crit': 12.9667438075127, 'trop_k_veg': 6.030247256556128, 'fire_amp': 1.7912500010961188}.
[I 2026-06-11 12:54:31,461] Trial 478 finished with values: [10.123779748311721, 10.123779748311721] and parameters: {'k1': 9.132348475718357e-05, 'D_low': 236.79352040223893, 'k2': 0.019383858782150494, 'D_high': 6682.9607218310075, 'fire_exp': 1.4572158037266703, 'P_half': 3.591771421517613, 'pre_dampen_half': 10.931606102061748, 'gpp_af': 2.5017068255320485, 'gpp_b': 0.001674375583895437, 'gpp_d': 21.899070557043984, 'ign_k': 0.0032383308053152635, 'ign_c': 1.364908766641693, 'trop_agb_crit': 21.086120736447015, 'trop_k_veg': 6.963655030926962, 'fire_amp': 3.7523365308330816}.
[I 2026-06-11 12:54:32,360] Trial 479 finished with values: [10.766300021608302, 10.766300021608302] and parameters: {'k1': 0.006079905434073396, 'D_low': 2186.356344942016, 'k2': 0.08661811390647982, 'D_high': 2295.7398214549485, 'fire_exp': 1.111738490499784, 'P_half': 157.3644610977214, 'pre_dampen_half': 4.847666216751353, 'gpp_af': 0.060029341913968644, 'gpp_b': 0.0022206965604739644, 'gpp_d': 479.80109106752894, 'ign_k': 0.8945150807271531, 'ign_c': 22.126836566118193, 'trop_agb_crit': 21.380932890222198, 'trop_k_veg': 1.6648666152166967, 'fire_amp': 5.416595007374148}.
[I 2026-06-11 12:54:33,243] Trial 480 finished with values: [10.160831836680076, 10.160831836680076] and parameters: {'k1': 0.00023134781612225627, 'D_low': 1.7551403048208316, 'k2': 0.0007731571570012607, 'D_high': 31301.15118850836, 'fire_exp': 1.811096651915224, 'P_half': 5.4712187293420325, 'pre_dampen_half': 37.40930273158252, 'gpp_af': 0.07118041471054574, 'gpp_b': 0.00031478066835753096, 'gpp_d': 1.336803341156552, 'ign_k': 0.002357279455676982, 'ign_c': 7.081721844034206, 'trop_agb_crit': 8.0091368834625, 'trop_k_veg': 1.6003641872536711, 'fire_amp': 1.5587346124822492}.
[I 2026-06-11 12:54:34,361] Trial 481 finished with values: [11.974852534484185, 11.974852534484185] and parameters: {'k1': 0.05347027553411487, 'D_low': 146.24004590125713, 'k2': 0.019383858782150494, 'D_high': 1537.592023548176, 'fire_exp': 1.2060040899560858, 'P_half': 12.262543158860007, 'pre_dampen_half': 189.36639872354493, 'gpp_af': 0.035629505481532577, 'gpp_b': 0.015062722325200045, 'gpp_d': 0.7698760608299932, 'ign_k': 4.869640941520899, 'ign_c': 1.364908766641693, 'trop_agb_crit': 1.8023542850487386, 'trop_k_veg': 1.2396985988794134, 'fire_amp': 1.7912500010961188}.
[I 2026-06-11 12:54:35,235] Trial 482 finished with values: [-0.4640876107653673, 0.10495047185021822] and parameters: {'k1': 0.0012752949611679993, 'D_low': 1.4002277211577039, 'k2': 3.152468275632564e-05, 'D_high': 6682.9607218310075, 'fire_exp': 1.14171776851287, 'P_half': 3.591771421517613, 'pre_dampen_half': 9.044346216330972, 'gpp_af': 0.004409093791567215, 'gpp_b': 9.497440085397415e-05, 'gpp_d': 1.4397852866783676, 'ign_k': 7.544827057709847, 'ign_c': 2.2882309479728957, 'trop_agb_crit': 7.332660227137139, 'trop_k_veg': 1.6648666152166967, 'fire_amp': 2.7806853670293616}.
[I 2026-06-11 12:54:36,134] Trial 483 finished with values: [11.135222112007314, 11.135222112007314] and parameters: {'k1': 0.00010777889602079265, 'D_low': 1074.940539517341, 'k2': 0.019383858782150494, 'D_high': 6682.9607218310075, 'fire_exp': 1.6901885781909627, 'P_half': 5.4712187293420325, 'pre_dampen_half': 189.36639872354493, 'gpp_af': 21.635028947225102, 'gpp_b': 1.4008921101492135e-05, 'gpp_d': 1.4397852866783676, 'ign_k': 0.002357279455676982, 'ign_c': 7.832259769732471, 'trop_agb_crit': 1.8023542850487386, 'trop_k_veg': 2.99731137426955, 'fire_amp': 2.7806853670293616}.
[I 2026-06-11 12:54:37,014] Trial 484 finished with values: [10.133294859945817, 10.133294859945817] and parameters: {'k1': 0.00023134781612225627, 'D_low': 2.843767489444367, 'k2': 0.0007731571570012607, 'D_high': 31301.15118850836, 'fire_exp': 1.2060040899560858, 'P_half': 51.10120656497163, 'pre_dampen_half': 19.21689966904807, 'gpp_af': 0.060029341913968644, 'gpp_b': 0.015062722325200045, 'gpp_d': 0.7698760608299932, 'ign_k': 0.002357279455676982, 'ign_c': 1.364908766641693, 'trop_agb_crit': 8.0091368834625, 'trop_k_veg': 1.2396985988794134, 'fire_amp': 5.416595007374148}.
[I 2026-06-11 12:54:37,937] Trial 485 finished with values: [10.532831073715386, 10.532831073715386] and parameters: {'k1': 0.05347027553411487, 'D_low': 236.79352040223893, 'k2': 0.019383858782150494, 'D_high': 31301.15118850836, 'fire_exp': 1.2798881300289222, 'P_half': 3.591771421517613, 'pre_dampen_half': 4.847666216751353, 'gpp_af': 0.007531064950403672, 'gpp_b': 0.001674375583895437, 'gpp_d': 304.7488318185732, 'ign_k': 4.869640941520899, 'ign_c': 2.2882309479728957, 'trop_agb_crit': 2.100813292597435, 'trop_k_veg': 6.963655030926962, 'fire_amp': 1.7912500010961188}.
[I 2026-06-11 12:54:38,820] Trial 486 finished with values: [10.772013570470302, 10.772013570470302] and parameters: {'k1': 5.178197947282869e-05, 'D_low': 2186.356344942016, 'k2': 0.08661811390647982, 'D_high': 31301.15118850836, 'fire_exp': 1.2060040899560858, 'P_half': 19.987581927614485, 'pre_dampen_half': 8.259599205585761, 'gpp_af': 0.10098504976210308, 'gpp_b': 5.0875243087016374e-05, 'gpp_d': 37.19072637334467, 'ign_k': 0.001229921046579313, 'ign_c': 1.364908766641693, 'trop_agb_crit': 1.8023542850487386, 'trop_k_veg': 4.61686111043599, 'fire_amp': 3.7523365308330816}.
[I 2026-06-11 12:54:39,761] Trial 487 finished with values: [10.493954274686837, 10.493954274686837] and parameters: {'k1': 0.006079905434073396, 'D_low': 43.2326421037033, 'k2': 0.019383858782150494, 'D_high': 29.126651668813768, 'fire_exp': 1.2060040899560858, 'P_half': 1241.3450098922583, 'pre_dampen_half': 253.71947027764784, 'gpp_af': 0.004511991819672033, 'gpp_b': 1.4008921101492135e-05, 'gpp_d': 0.030844007727232167, 'ign_k': 0.0032383308053152635, 'ign_c': 2.2882309479728957, 'trop_agb_crit': 7.332660227137139, 'trop_k_veg': 2.520089655463604, 'fire_amp': 2.7806853670293616}.
