[I 2026-08-19 15:05:11,025] Trial 753 finished with value: -0.3554625854118624 and parameters: {'k1': 0.0022777810677250604, 'D_low': 1965.5424316544995, 'k2': 0.016184347479971994, 'D_high': 8420404.331668697, 'fire_exp': 1.4031281328101803, 'P_half': 1589.1661383187984, 'pre_dampen_half': 1.4321716111138318, 'gpp_af': 0.035778933995368155, 'gpp_b': 4.970698026851554e-05, 'gpp_d': 3.5108367997912, 'ign_k': 2.1548317230811302, 'ign_c': 68.34331916985887, 'trop_agb_crit': 17.1221890213873, 'trop_k_veg': 2.8474724927744104, 'pop_amp': 0.0063690967630732455, 'pop_peak': 5.303949326212135, 'pop_sig': 0.6970837419372043, 'fuel_k': 0.21206891358486565, 'fuel_half': 0.24559319348972306}. Best is trial 421 with value: -0.6216386034937503.
[I 2026-08-19 15:05:13,870] Trial 754 finished with value: -0.45277406313452895 and parameters: {'k1': 0.010693623115708697, 'D_low': 41.699435683906785, 'k2': 5.277755853551903e-05, 'D_high': 9803.638132300644, 'fire_exp': 1.3718717371843643, 'P_half': 739.0223857485913, 'pre_dampen_half': 0.16916361186294623, 'gpp_af': 0.003776878838018178, 'gpp_b': 0.000156706567594449, 'gpp_d': 1.4639886223253464, 'ign_k': 4.564965330466286, 'ign_c': 1.5731438534457578, 'trop_agb_crit': 4.823573655541237, 'trop_k_veg': 4.976399094690355, 'pop_amp': 0.08290879542949238, 'pop_peak': 0.6764887586221618, 'pop_sig': 0.53861099263669, 'fuel_k': 4.721874993583062, 'fuel_half': 0.29230855907201003}. Best is trial 421 with value: -0.6216386034937503.
  trial  755/2500  best_overall=0.6216  (41.2 min)
[I 2026-08-19 15:05:17,261] Trial 755 finished with value: -0.39887771138771705 and parameters: {'k1': 0.009118315929768035, 'D_low': 30.325199173505123, 'k2': 0.0012311015851903468, 'D_high': 2686078.1083529866, 'fire_exp': 3.9963961739155063, 'P_half': 120.42302870050743, 'pre_dampen_half': 2.7000750904418918, 'gpp_af': 0.0010096233472629622, 'gpp_b': 0.0056409877244134625, 'gpp_d': 9.968152188576573, 'ign_k': 0.25125642286047634, 'ign_c': 0.13115550670427023, 'trop_agb_crit': 22.66701907346011, 'trop_k_veg': 3.1689973393499464, 'pop_amp': 7.657324287602905, 'pop_peak': 10.005127579992088, 'pop_sig': 1.5281158802887025, 'fuel_k': 0.098011408318848, 'fuel_half': 7.80037875918131}. Best is trial 421 with value: -0.6216386034937503.
[I 2026-08-19 15:05:19,894] Trial 756 finished with value: -0.5525927480373986 and parameters: {'k1': 0.0006713059737415395, 'D_low': 15.607932027260171, 'k2': 0.0006252421366934846, 'D_high': 5128226.316288481, 'fire_exp': 1.3064105597846316, 'P_half': 1.2466851486773065, 'pre_dampen_half': 0.22277048288960494, 'gpp_af': 0.10616194694389441, 'gpp_b': 0.002068514632998969, 'gpp_d': 3.7911635916084343, 'ign_k': 2.496539280926005, 'ign_c': 0.44830939444489465, 'trop_agb_crit': 7.200096348453462, 'trop_k_veg': 1.2498458970434496, 'pop_amp': 0.031320480253836845, 'pop_peak': 11.299596223459222, 'pop_sig': 0.2549762798593998, 'fuel_k': 4.841037089819727, 'fuel_half': 0.341886223742527}. Best is trial 421 with value: -0.6216386034937503.
[I 2026-08-19 15:05:22,390] Trial 757 finished with value: -0.5543761993112039 and parameters: {'k1': 0.0020300893802935624, 'D_low': 162.3179488110722, 'k2': 0.016863550943447946, 'D_high': 44315.66233548185, 'fire_exp': 2.3459599508178814, 'P_half': 216.8699105479758, 'pre_dampen_half': 39.541769587429854, 'gpp_af': 0.01704825247632828, 'gpp_b': 0.0058619547408681845, 'gpp_d': 0.3729860586290405, 'ign_k': 8.486806724090174, 'ign_c': 20.13347120359461, 'trop_agb_crit': 24.085368434497518, 'trop_k_veg': 6.421593981234222, 'pop_amp': 0.05042372843466252, 'pop_peak': 696.8054730377146, 'pop_sig': 0.37010417047225536, 'fuel_k': 2.258762411872836, 'fuel_half': 0.6666667681118092}. Best is trial 421 with value: -0.6216386034937503.
[I 2026-08-19 15:05:24,911] Trial 758 finished with value: -0.4172447799362077 and parameters: {'k1': 0.00044465485867345005, 'D_low': 34.08231627487904, 'k2': 0.0025308217930438475, 'D_high': 9575221.501852084, 'fire_exp': 1.103374781867739, 'P_half': 4.431301399525034, 'pre_dampen_half': 8.022268663577607, 'gpp_af': 6.030066934512722, 'gpp_b': 0.02805593991248792, 'gpp_d': 573.4449415261704, 'ign_k': 0.025109405639617638, 'ign_c': 0.11530845942526262, 'trop_agb_crit': 16.817730480081018, 'trop_k_veg': 4.7220324941260134, 'pop_amp': 10.80221648225198, 'pop_peak': 1.8329160299119123, 'pop_sig': 0.3008957939867795, 'fuel_k': 0.871837161862134, 'fuel_half': 0.4334420055349262}. Best is trial 421 with value: -0.6216386034937503.
[I 2026-08-19 15:05:27,710] Trial 759 finished with value: -0.5302664262948408 and parameters: {'k1': 0.0029926778424506726, 'D_low': 89.55414101389283, 'k2': 2.1425287750097905e-05, 'D_high': 178378.25065607383, 'fire_exp': 1.029404707915363, 'P_half': 159.82929823979148, 'pre_dampen_half': 0.5743545990177114, 'gpp_af': 0.008476528958261844, 'gpp_b': 0.0017321206729505457, 'gpp_d': 9.927790800580274, 'ign_k': 0.516796097470243, 'ign_c': 6.754031713817739, 'trop_agb_crit': 4.919915644311114, 'trop_k_veg': 1.6574644492796329, 'pop_amp': 0.1525045675135256, 'pop_peak': 0.14448339285744924, 'pop_sig': 1.4819719425931899, 'fuel_k': 0.051546572323253596, 'fuel_half': 0.2951089910178906}. Best is trial 421 with value: -0.6216386034937503.
[I 2026-08-19 15:05:30,536] Trial 760 finished with value: -0.5147736167902865 and parameters: {'k1': 7.70993859501449e-05, 'D_low': 90.46987814092194, 'k2': 2.560354958359488e-05, 'D_high': 28645.281740767576, 'fire_exp': 1.1994638873287546, 'P_half': 32.323783276856474, 'pre_dampen_half': 0.3511722439569022, 'gpp_af': 0.003207574486418047, 'gpp_b': 3.450322622196453e-05, 'gpp_d': 0.15741919937301957, 'ign_k': 1.012110752028902, 'ign_c': 7.709320042155729, 'trop_agb_crit': 24.269551677863678, 'trop_k_veg': 1.2976607879898687, 'pop_amp': 0.059958157744291155, 'pop_peak': 2.4074671371479344, 'pop_sig': 1.7472846380467038, 'fuel_k': 2.9798760504916766, 'fuel_half': 0.6495339500520968}. Best is trial 421 with value: -0.6216386034937503.
[I 2026-08-19 15:05:33,175] Trial 761 finished with value: -0.43055678177353884 and parameters: {'k1': 0.0015584690903356997, 'D_low': 140.39033693481227, 'k2': 1.8921206557728e-05, 'D_high': 5336597.5351087535, 'fire_exp': 2.2407693749699678, 'P_half': 2289.1649573784757, 'pre_dampen_half': 0.6575390022660664, 'gpp_af': 0.05716300578865738, 'gpp_b': 0.0002095505895532205, 'gpp_d': 0.21127298826993327, 'ign_k': 0.1403512336095621, 'ign_c': 2.9603827012951527, 'trop_agb_crit': 12.672325645548586, 'trop_k_veg': 5.78907623545887, 'pop_amp': 0.7167313158268137, 'pop_peak': 23.269500676021487, 'pop_sig': 2.216186641648822, 'fuel_k': 0.012977755790010061, 'fuel_half': 0.6598703909134382}. Best is trial 421 with value: -0.6216386034937503.
[I 2026-08-19 15:05:36,684] Trial 762 finished with value: -0.375414106229751 and parameters: {'k1': 0.018945484394073436, 'D_low': 171.7277283160273, 'k2': 9.793139242432452e-05, 'D_high': 112045.97355986516, 'fire_exp': 7.0584306789601365, 'P_half': 1902.9223674503683, 'pre_dampen_half': 461.88095537944486, 'gpp_af': 0.00165252100583967, 'gpp_b': 0.0008863245012862896, 'gpp_d': 239.27454769666392, 'ign_k': 0.32367758491516146, 'ign_c': 0.6301318251522278, 'trop_agb_crit': 24.64723599658796, 'trop_k_veg': 3.1029290872368316, 'pop_amp': 4.99416041264711, 'pop_peak': 9.514981810830012, 'pop_sig': 0.8767894529682025, 'fuel_k': 0.05872861463851908, 'fuel_half': 11.50845230807919}. Best is trial 421 with value: -0.6216386034937503.
  trial  763/2500  best_overall=0.6216  (41.5 min)
[I 2026-08-19 15:05:40,512] Trial 763 finished with value: -0.4910662260645264 and parameters: {'k1': 0.039452682071729216, 'D_low': 75.69783990593518, 'k2': 1.5591846908748633e-05, 'D_high': 1425370.3324737716, 'fire_exp': 1.076222090599883, 'P_half': 373.61732074549144, 'pre_dampen_half': 0.11522632774286691, 'gpp_af': 0.04422035633329268, 'gpp_b': 0.0002778745186586197, 'gpp_d': 0.027742515799227638, 'ign_k': 0.3430506462305313, 'ign_c': 2.4474449076792593, 'trop_agb_crit': 4.547445207809225, 'trop_k_veg': 5.884913404010961, 'pop_amp': 1.9418554941420103, 'pop_peak': 0.137097846543934, 'pop_sig': 0.8740215489007691, 'fuel_k': 1.25160624431665, 'fuel_half': 6.838633229834706}. Best is trial 421 with value: -0.6216386034937503.
[I 2026-08-19 15:05:43,691] Trial 764 finished with value: -0.3874478289804836 and parameters: {'k1': 0.011230908319279132, 'D_low': 6.493498912846314, 'k2': 1.0873776035262634e-05, 'D_high': 2563.7414464516396, 'fire_exp': 1.834228958410902, 'P_half': 3940.4817923200144, 'pre_dampen_half': 399.43844802961127, 'gpp_af': 0.1582491251235292, 'gpp_b': 0.0001622890782194701, 'gpp_d': 0.8379684621467994, 'ign_k': 0.196667512834121, 'ign_c': 32.74998327626745, 'trop_agb_crit': 6.779977076142435, 'trop_k_veg': 3.054106601770631, 'pop_amp': 0.6790783787226516, 'pop_peak': 47.33066059996718, 'pop_sig': 0.9755643683486893, 'fuel_k': 0.02628400502109918, 'fuel_half': 0.2250502472279833}. Best is trial 421 with value: -0.6216386034937503.
[I 2026-08-19 15:05:46,539] Trial 765 finished with value: -0.5407582439758292 and parameters: {'k1': 0.005882943334477502, 'D_low': 9.753758003506926, 'k2': 3.0897665404909164e-05, 'D_high': 84083.74715841872, 'fire_exp': 2.0076958932760913, 'P_half': 1647.0463415506138, 'pre_dampen_half': 23.988894924398405, 'gpp_af': 0.008224022028034019, 'gpp_b': 3.686509132597741e-05, 'gpp_d': 44.10490198470503, 'ign_k': 2.3178096010477813, 'ign_c': 0.23418063183716178, 'trop_agb_crit': 25.885646966002167, 'trop_k_veg': 2.9220731740749386, 'pop_amp': 3.8692931873383127, 'pop_peak': 4.7442797221599395, 'pop_sig': 0.564091168247743, 'fuel_k': 0.10346675417362555, 'fuel_half': 5.356577241556501}. Best is trial 421 with value: -0.6216386034937503.
[I 2026-08-19 15:05:49,575] Trial 766 finished with value: -0.5248694344062694 and parameters: {'k1': 8.375577746975347e-05, 'D_low': 42.86952540255521, 'k2': 3.666942928952582e-05, 'D_high': 8296152.775111768, 'fire_exp': 1.029940928194508, 'P_half': 12.502332335599982, 'pre_dampen_half': 0.18009826749364088, 'gpp_af': 0.037267894844887434, 'gpp_b': 0.011785555715654, 'gpp_d': 16.476285737983073, 'ign_k': 6.2718243449128215, 'ign_c': 6.219338932478772, 'trop_agb_crit': 16.97580681440673, 'trop_k_veg': 5.253659969262764, 'pop_amp': 0.009024118396060099, 'pop_peak': 20.715987675916143, 'pop_sig': 0.3165133619409941, 'fuel_k': 1.7619674119656665, 'fuel_half': 1.3446739449467302}. Best is trial 421 with value: -0.6216386034937503.
[I 2026-08-19 15:05:52,492] Trial 767 finished with value: -0.5616603270469034 and parameters: {'k1': 0.0015700360790535345, 'D_low': 170.96020022719986, 'k2': 0.00032114660742417397, 'D_high': 624203.6974447108, 'fire_exp': 1.127013390197825, 'P_half': 6.260994286435571, 'pre_dampen_half': 0.5474690804807115, 'gpp_af': 0.06060580255313239, 'gpp_b': 0.005247366111752698, 'gpp_d': 1.6883214957180106, 'ign_k': 0.019362084882611364, 'ign_c': 2.738330621724813, 'trop_agb_crit': 14.22608647954641, 'trop_k_veg': 2.4063162000383818, 'pop_amp': 0.1317627733884583, 'pop_peak': 35.424471256225445, 'pop_sig': 0.47634376889105895, 'fuel_k': 5.01888523856864, 'fuel_half': 0.19246743866463473}. Best is trial 421 with value: -0.6216386034937503.
[I 2026-08-19 15:05:55,305] Trial 768 finished with value: -0.474674360832145 and parameters: {'k1': 0.0013973026239814503, 'D_low': 112.26720986963215, 'k2': 0.00010322739231466915, 'D_high': 352702.34477617673, 'fire_exp': 4.799440823025474, 'P_half': 423.03208390347027, 'pre_dampen_half': 67.14531284494704, 'gpp_af': 0.011714030515250353, 'gpp_b': 3.432208195062861e-05, 'gpp_d': 3.915360590244895, 'ign_k': 0.2317971071785172, 'ign_c': 7.893981364732714, 'trop_agb_crit': 1.227849155162298, 'trop_k_veg': 2.923799153014575, 'pop_amp': 0.38293781270938665, 'pop_peak': 4.833193985756446, 'pop_sig': 1.0806601935516256, 'fuel_k': 0.01868615442628813, 'fuel_half': 47.87249629245754}. Best is trial 421 with value: -0.6216386034937503.
[I 2026-08-19 15:05:57,810] Trial 769 finished with value: -0.4030194274037927 and parameters: {'k1': 0.0006028366391598764, 'D_low': 384.2123339411905, 'k2': 1.670288445325638e-05, 'D_high': 3668.217627549662, 'fire_exp': 9.77946744592559, 'P_half': 259.8497073440788, 'pre_dampen_half': 41.452166551099666, 'gpp_af': 0.26091860489511626, 'gpp_b': 1.5110688428296338e-05, 'gpp_d': 0.6496372784740267, 'ign_k': 0.39153596908186683, 'ign_c': 0.5566638451317898, 'trop_agb_crit': 14.441393119249293, 'trop_k_veg': 5.613626347406848, 'pop_amp': 0.19742798939823422, 'pop_peak': 60.66428990518464, 'pop_sig': 1.4827444757569994, 'fuel_k': 0.6939557956117932, 'fuel_half': 1.158101844966514}. Best is trial 421 with value: -0.6216386034937503.
  trial  770/2500  best_overall=0.6216  (41.9 min)
[I 2026-08-19 15:06:01,436] Trial 770 finished with value: -0.4289775215001244 and parameters: {'k1': 0.0116257446442971, 'D_low': 58.69627104614413, 'k2': 3.1888126323699755e-05, 'D_high': 45847.579288681765, 'fire_exp': 2.1781642676964994, 'P_half': 1016.954151598763, 'pre_dampen_half': 15.581134393383651, 'gpp_af': 0.025929129314068163, 'gpp_b': 0.0011915767985008576, 'gpp_d': 0.10795483179852494, 'ign_k': 0.20637837019578492, 'ign_c': 1.2611687790601922, 'trop_agb_crit': 5.856213978427852, 'trop_k_veg': 3.692671521363977, 'pop_amp': 0.48636931825943946, 'pop_peak': 2.565027569079925, 'pop_sig': 2.003022536057226, 'fuel_k': 0.06666303837898341, 'fuel_half': 0.795409566928871}. Best is trial 421 with value: -0.6216386034937503.
[I 2026-08-19 15:06:04,092] Trial 771 finished with value: -0.46233594179542453 and parameters: {'k1': 9.833415632106915e-05, 'D_low': 5184.10589882118, 'k2': 4.240214793919599e-05, 'D_high': 3133896.632001468, 'fire_exp': 1.38077432226843, 'P_half': 28.4551380700216, 'pre_dampen_half': 0.14308474205033966, 'gpp_af': 0.003317372521866421, 'gpp_b': 0.00025077212216673134, 'gpp_d': 0.017965888829915642, 'ign_k': 5.015637257176128, 'ign_c': 0.21935304690036866, 'trop_agb_crit': 7.184496731752214, 'trop_k_veg': 2.457135267127678, 'pop_amp': 0.01012885222000771, 'pop_peak': 5.496436529047263, 'pop_sig': 2.46935849954528, 'fuel_k': 0.13031611848228808, 'fuel_half': 5.539909746126384}. Best is trial 421 with value: -0.6216386034937503.
[I 2026-08-19 15:06:06,937] Trial 772 finished with value: -0.5206563241656992 and parameters: {'k1': 0.0019115917953689155, 'D_low': 207.30063904385423, 'k2': 4.944465041260839e-05, 'D_high': 368126.97937730234, 'fire_exp': 1.030888846839407, 'P_half': 82.80949397217202, 'pre_dampen_half': 0.11023803128284101, 'gpp_af': 0.001622575585549331, 'gpp_b': 5.86781039916099e-05, 'gpp_d': 4.432568424220925, 'ign_k': 0.811876565944301, 'ign_c': 0.4825607211069243, 'trop_agb_crit': 4.925492137640679, 'trop_k_veg': 1.3014548043865146, 'pop_amp': 0.01905775187020966, 'pop_peak': 2.3609509843027063, 'pop_sig': 2.2889101068210964, 'fuel_k': 1.3058622341054165, 'fuel_half': 8.005857664777395}. Best is trial 421 with value: -0.6216386034937503.
[I 2026-08-19 15:06:09,698] Trial 773 finished with value: -0.535488298191199 and parameters: {'k1': 0.00017113423999351218, 'D_low': 263.15706735560116, 'k2': 0.00023140919637034375, 'D_high': 59873.90919037329, 'fire_exp': 3.3088783682164413, 'P_half': 536.8533404601648, 'pre_dampen_half': 7.692180090964346, 'gpp_af': 0.009578464764329879, 'gpp_b': 8.503744244680293e-05, 'gpp_d': 23.792297020562472, 'ign_k': 0.281034251112264, 'ign_c': 4.968010706577121, 'trop_agb_crit': 11.142056023922573, 'trop_k_veg': 5.162594095699921, 'pop_amp': 10.453064061621058, 'pop_peak': 2.7951308274608473, 'pop_sig': 0.31793611166369606, 'fuel_k': 0.3410000436330948, 'fuel_half': 1.2901351879676726}. Best is trial 421 with value: -0.6216386034937503.
[I 2026-08-19 15:06:12,130] Trial 774 finished with value: -0.4994477964756463 and parameters: {'k1': 0.0006326001618924948, 'D_low': 691.175692425309, 'k2': 4.851534326410467e-05, 'D_high': 836670.8258564811, 'fire_exp': 1.231292702716448, 'P_half': 15.814112312610218, 'pre_dampen_half': 0.1145610680722242, 'gpp_af': 0.02569613347102403, 'gpp_b': 1.3880669027437817e-05, 'gpp_d': 0.1845850443800418, 'ign_k': 4.55631521948548, 'ign_c': 25.217773032294666, 'trop_agb_crit': 10.770456720281754, 'trop_k_veg': 4.761859682320966, 'pop_amp': 0.2321844044227797, 'pop_peak': 3.079143961077675, 'pop_sig': 2.259615407465334, 'fuel_k': 0.34539655033550215, 'fuel_half': 0.19719919227791385}. Best is trial 421 with value: -0.6216386034937503.
[I 2026-08-19 15:06:14,683] Trial 775 finished with value: -0.5879683369782096 and parameters: {'k1': 0.004481664955503193, 'D_low': 24.084197322121266, 'k2': 7.871312775585675e-05, 'D_high': 1348127.4307722289, 'fire_exp': 1.0725857001997927, 'P_half': 27.960332610734937, 'pre_dampen_half': 0.4716944564122675, 'gpp_af': 0.002793563013655898, 'gpp_b': 0.0006482031267185435, 'gpp_d': 0.13522589766327175, 'ign_k': 0.2679373544205171, 'ign_c': 5.860401700250717, 'trop_agb_crit': 6.141396195111933, 'trop_k_veg': 1.3677071325297878, 'pop_amp': 1.8551137232023687, 'pop_peak': 9.081517021199472, 'pop_sig': 1.961199407548734, 'fuel_k': 0.18829688430474542, 'fuel_half': 4.591929312067198}. Best is trial 421 with value: -0.6216386034937503.
[I 2026-08-19 15:06:17,125] Trial 776 finished with value: -0.4634717178560027 and parameters: {'k1': 3.115582183255776e-05, 'D_low': 127.00694891339026, 'k2': 0.018254692631571146, 'D_high': 5751328.264002357, 'fire_exp': 1.0535893686411726, 'P_half': 3.022046050373193, 'pre_dampen_half': 1.243621238014449, 'gpp_af': 3.174016607713163, 'gpp_b': 0.0014421822328807604, 'gpp_d': 0.9435619920387418, 'ign_k': 0.0981534228343411, 'ign_c': 27.63991563733429, 'trop_agb_crit': 9.57166239312797, 'trop_k_veg': 2.1533283509583545, 'pop_amp': 0.011755534474072819, 'pop_peak': 35.6973965697898, 'pop_sig': 0.3545834731046608, 'fuel_k': 1.7608117066088482, 'fuel_half': 2.074709595497798}. Best is trial 421 with value: -0.6216386034937503.
[I 2026-08-19 15:06:19,645] Trial 777 finished with value: -0.4018171077173053 and parameters: {'k1': 0.019758789543263034, 'D_low': 36.0288250151288, 'k2': 3.276529077979434e-05, 'D_high': 2294.021127628304, 'fire_exp': 2.590377834129336, 'P_half': 464.40559910820923, 'pre_dampen_half': 5.940573967961112, 'gpp_af': 0.002498121510689049, 'gpp_b': 0.00010376687971857257, 'gpp_d': 0.045427563363006844, 'ign_k': 0.014187916224896662, 'ign_c': 10.817138234660836, 'trop_agb_crit': 3.984187674771294, 'trop_k_veg': 5.0660293783222246, 'pop_amp': 0.16541169805174613, 'pop_peak': 333.0014318366184, 'pop_sig': 1.7059565394422602, 'fuel_k': 0.050141092650994264, 'fuel_half': 2.094441945612824}. Best is trial 421 with value: -0.6216386034937503.
  trial  778/2500  best_overall=0.6216  (42.3 min)
[I 2026-08-19 15:06:22,241] Trial 778 finished with value: -0.44049487038625346 and parameters: {'k1': 0.0007908214654594304, 'D_low': 48.436104765367304, 'k2': 1.5381816409715094e-05, 'D_high': 4976.077193438069, 'fire_exp': 1.141054145850397, 'P_half': 50.706899674361594, 'pre_dampen_half': 3.099593174908783, 'gpp_af': 0.10338539970137856, 'gpp_b': 0.013111394273315069, 'gpp_d': 0.03464942433964689, 'ign_k': 3.1282911769516084, 'ign_c': 10.370121327403055, 'trop_agb_crit': 20.04435379865917, 'trop_k_veg': 4.90640745687216, 'pop_amp': 0.2994578135303119, 'pop_peak': 0.29524098383428793, 'pop_sig': 1.405295778416005, 'fuel_k': 3.273058527591962, 'fuel_half': 0.30354938493933725}. Best is trial 421 with value: -0.6216386034937503.
[I 2026-08-19 15:06:24,967] Trial 779 finished with value: -0.5154638181692742 and parameters: {'k1': 0.0029532320926461872, 'D_low': 9.44365653033472, 'k2': 0.0031085608719221554, 'D_high': 930205.1419571537, 'fire_exp': 1.417358356450569, 'P_half': 9.336093166846378, 'pre_dampen_half': 0.32570664624823453, 'gpp_af': 0.01216026061742044, 'gpp_b': 0.002711298926418593, 'gpp_d': 1.7600455925885117, 'ign_k': 0.22592012812225168, 'ign_c': 3.2944341716251815, 'trop_agb_crit': 21.322620271409388, 'trop_k_veg': 1.13770158717703, 'pop_amp': 0.48857952269488797, 'pop_peak': 190.12286691739132, 'pop_sig': 0.3817854773911659, 'fuel_k': 0.19246168084373425, 'fuel_half': 0.9610307146806485}. Best is trial 421 with value: -0.6216386034937503.
[I 2026-08-19 15:06:27,382] Trial 780 finished with value: -0.4679470619954583 and parameters: {'k1': 0.0007663377497873348, 'D_low': 504.0598081765579, 'k2': 0.0011582428942470899, 'D_high': 8890524.990814852, 'fire_exp': 1.0496051677946583, 'P_half': 1.3746881808112914, 'pre_dampen_half': 0.13198543523076448, 'gpp_af': 0.8427031219372917, 'gpp_b': 0.09882430168887688, 'gpp_d': 49.680269376665315, 'ign_k': 0.06796061924621359, 'ign_c': 16.873862765551593, 'trop_agb_crit': 17.96447410311938, 'trop_k_veg': 2.5094116217875366, 'pop_amp': 0.03232129411112218, 'pop_peak': 737.0606131450171, 'pop_sig': 0.4077059985650979, 'fuel_k': 0.08911879876015728, 'fuel_half': 0.10578332738302144}. Best is trial 421 with value: -0.6216386034937503.
[I 2026-08-19 15:06:29,912] Trial 781 finished with value: -0.4817991807463649 and parameters: {'k1': 0.000547208027850302, 'D_low': 27.661839858990156, 'k2': 7.955776417458813e-05, 'D_high': 5009895.890392886, 'fire_exp': 2.0634553280870533, 'P_half': 1.0072264775873245, 'pre_dampen_half': 0.016120825485875335, 'gpp_af': 2.8610938710782374, 'gpp_b': 0.006058130695746695, 'gpp_d': 339.7915559098094, 'ign_k': 0.23012555985797448, 'ign_c': 2.3391368118651537, 'trop_agb_crit': 20.44722809173165, 'trop_k_veg': 3.4284250571679302, 'pop_amp': 0.02084450198566363, 'pop_peak': 44.33387919658684, 'pop_sig': 0.26332634418368245, 'fuel_k': 0.7560344916671812, 'fuel_half': 1.280031831223956}. Best is trial 421 with value: -0.6216386034937503.
