[I 2026-08-20 01:21:12,578] Trial 2176 finished with value: 0.42896715787236883 and parameters: {'k1': 0.0009741808223445512, 'D_low': 1.7892786429830838, 'k2': 4.50783346975339e-05, 'D_high': 161784.9482864879, 'fire_exp': 4.044136355636876, 'P_half': 5.659880635311186, 'pre_dampen_half': 27.430376985622168, 'gpp_af': 0.001646952398542172, 'gpp_b': 6.465654639563102e-05, 'gpp_d': 43.19360704708603, 'ign_k': 7.001622255300103, 'ign_c': 1.0622129033559808, 'trop_agb_crit': 10.822055868432406, 'trop_k_veg': 2.878964936817661, 'pop_amp': 0.0035285544208637017, 'pop_peak': 0.7996784649468759, 'pop_sig': 0.4824405082545566}. Best is trial 1128 with value: -0.620386984093161.
[I 2026-08-20 01:21:14,099] Trial 2177 finished with value: 0.4353899106531737 and parameters: {'k1': 0.0005398167314321979, 'D_low': 1.8449878437395144, 'k2': 0.0005667054283407987, 'D_high': 577424.5695037773, 'fire_exp': 2.716066190377611, 'P_half': 27.9158184754533, 'pre_dampen_half': 1.4871989609717964, 'gpp_af': 0.006128721688951643, 'gpp_b': 1.7079069389370714e-05, 'gpp_d': 14.587064159474254, 'ign_k': 0.9849069226475777, 'ign_c': 4.676343179558714, 'trop_agb_crit': 13.190153746548486, 'trop_k_veg': 4.104770659925443, 'pop_amp': 0.001185530334044434, 'pop_peak': 2.6263693852185863, 'pop_sig': 0.6815606031436908}. Best is trial 1128 with value: -0.620386984093161.
[I 2026-08-20 01:21:15,644] Trial 2178 finished with value: 0.613911364363854 and parameters: {'k1': 0.006045477077012525, 'D_low': 49.52341580524031, 'k2': 0.0004566432845341178, 'D_high': 484310.15890198934, 'fire_exp': 4.63046533045307, 'P_half': 496.3000191625544, 'pre_dampen_half': 0.7199317027954039, 'gpp_af': 0.10014670866736558, 'gpp_b': 0.00014243426509242654, 'gpp_d': 5.120972396787246, 'ign_k': 0.36285381537605643, 'ign_c': 42.85179766496728, 'trop_agb_crit': 10.097064574110977, 'trop_k_veg': 3.0764868136940744, 'pop_amp': 0.010324479555928003, 'pop_peak': 1.1072173437703212, 'pop_sig': 0.4115037770552993}. Best is trial 1128 with value: -0.620386984093161.
[I 2026-08-20 01:21:17,216] Trial 2179 finished with value: -0.5767719550649694 and parameters: {'k1': 0.0005915400775691914, 'D_low': 8.845158503315426, 'k2': 0.0017105268586175698, 'D_high': 136833.8456293943, 'fire_exp': 2.2672438773972927, 'P_half': 20.552038167874183, 'pre_dampen_half': 1.4216585064969591, 'gpp_af': 0.04646173932550731, 'gpp_b': 7.782126654456183e-05, 'gpp_d': 43.64188928644555, 'ign_k': 7.165199170544305, 'ign_c': 7.266139135619689, 'trop_agb_crit': 5.585206875212397, 'trop_k_veg': 5.674251049653291, 'pop_amp': 0.9704531380316532, 'pop_peak': 111.05245398553303, 'pop_sig': 0.38281786362491815}. Best is trial 1128 with value: -0.620386984093161.
[I 2026-08-20 01:21:18,774] Trial 2180 finished with value: 0.5334824977478698 and parameters: {'k1': 0.00025632044835294525, 'D_low': 2.669223820343108, 'k2': 0.021081165140214284, 'D_high': 74914.16884173981, 'fire_exp': 2.136943508077661, 'P_half': 128.9694721859257, 'pre_dampen_half': 0.9237828483889744, 'gpp_af': 0.0961335140583487, 'gpp_b': 0.02738759934503964, 'gpp_d': 161.54581867675702, 'ign_k': 0.043948867770730954, 'ign_c': 24.37068647813065, 'trop_agb_crit': 7.848583619848537, 'trop_k_veg': 1.543145006276807, 'pop_amp': 6.67444561496409, 'pop_peak': 251.09731841750573, 'pop_sig': 2.0345803290078734}. Best is trial 1128 with value: -0.620386984093161.
[I 2026-08-20 01:21:20,328] Trial 2181 finished with value: 0.47092506352705477 and parameters: {'k1': 9.08467485140087e-05, 'D_low': 14.376594405094844, 'k2': 0.00035592272518662884, 'D_high': 971322.4129717946, 'fire_exp': 2.0222301010383004, 'P_half': 3.3228248925221195, 'pre_dampen_half': 1.747783995888694, 'gpp_af': 0.17727589940784896, 'gpp_b': 0.019617051423499645, 'gpp_d': 0.1439713873482712, 'ign_k': 4.270014974276026, 'ign_c': 14.984541662636152, 'trop_agb_crit': 2.4309982286473324, 'trop_k_veg': 4.704250643450948, 'pop_amp': 6.771326401243244, 'pop_peak': 36.37994514700264, 'pop_sig': 0.2745252995400096}. Best is trial 1128 with value: -0.620386984093161.
[I 2026-08-20 01:21:21,865] Trial 2182 finished with value: 0.4166013772747278 and parameters: {'k1': 0.00022856356708471966, 'D_low': 1078.2628226749289, 'k2': 1.2223238715203881e-05, 'D_high': 3328507.927307287, 'fire_exp': 2.297845220912387, 'P_half': 30.13852743111955, 'pre_dampen_half': 15.64809359384166, 'gpp_af': 0.01704392492191647, 'gpp_b': 1.0569460167485996e-05, 'gpp_d': 143.9000053261789, 'ign_k': 3.4474383024152795, 'ign_c': 7.874748481883481, 'trop_agb_crit': 7.613433204588204, 'trop_k_veg': 2.1142210336795606, 'pop_amp': 0.01099008678266314, 'pop_peak': 3.1532647681825954, 'pop_sig': 0.3067271226586385}. Best is trial 1128 with value: -0.620386984093161.
[I 2026-08-20 01:21:23,434] Trial 2183 finished with value: 0.5789411905473015 and parameters: {'k1': 0.00020450380514247112, 'D_low': 1.5193504368465058, 'k2': 0.0005030470935307013, 'D_high': 8914060.140744084, 'fire_exp': 2.8997427219956426, 'P_half': 203.6359366601521, 'pre_dampen_half': 2.253189710290527, 'gpp_af': 0.08587300419225821, 'gpp_b': 0.00015283128921031192, 'gpp_d': 21.11852421191938, 'ign_k': 8.738855837420568, 'ign_c': 26.499571506064125, 'trop_agb_crit': 10.394865794451967, 'trop_k_veg': 2.88716467855285, 'pop_amp': 0.10869089756054245, 'pop_peak': 0.45610261455264084, 'pop_sig': 0.4469347185853237}. Best is trial 1128 with value: -0.620386984093161.
[I 2026-08-20 01:21:24,977] Trial 2184 finished with value: 0.6031199437817929 and parameters: {'k1': 0.0017514250655630923, 'D_low': 1.265338185043896, 'k2': 0.0006863707648646125, 'D_high': 3062628.051595378, 'fire_exp': 1.1383849060978373, 'P_half': 334.79584490128656, 'pre_dampen_half': 0.43190860675110754, 'gpp_af': 1.6966500450481474, 'gpp_b': 0.4219323761204583, 'gpp_d': 37.870392150658965, 'ign_k': 0.6621523534362316, 'ign_c': 58.99634823184647, 'trop_agb_crit': 1.0425298396834797, 'trop_k_veg': 6.528131099571598, 'pop_amp': 12.118051018216482, 'pop_peak': 10.331087765267025, 'pop_sig': 0.7645642501190346}. Best is trial 1128 with value: -0.620386984093161.
[I 2026-08-20 01:21:26,977] Trial 2185 finished with value: 0.42457235838093266 and parameters: {'k1': 0.0021708990923366023, 'D_low': 22.804848679299386, 'k2': 4.537283813054932e-05, 'D_high': 4724406.540200799, 'fire_exp': 1.5064748605955234, 'P_half': 37.39865288192341, 'pre_dampen_half': 3.802235804058932, 'gpp_af': 0.004612652953303262, 'gpp_b': 0.0003971497175493333, 'gpp_d': 203.41831054607673, 'ign_k': 2.3606121428262967, 'ign_c': 3.6967204494471644, 'trop_agb_crit': 4.114124875529843, 'trop_k_veg': 1.295915352340479, 'pop_amp': 0.0012019659217892098, 'pop_peak': 12.031153819943546, 'pop_sig': 0.33612108417606185}. Best is trial 1128 with value: -0.620386984093161.
[I 2026-08-20 01:21:28,561] Trial 2186 finished with value: 0.4982961895079756 and parameters: {'k1': 0.0001064027480544856, 'D_low': 1.1373786465311193, 'k2': 0.0006996914906104605, 'D_high': 1135097.4655882143, 'fire_exp': 3.3755369527875088, 'P_half': 46.897665274252155, 'pre_dampen_half': 12.222911506642609, 'gpp_af': 0.022346625136075847, 'gpp_b': 0.002224329676366579, 'gpp_d': 670.4866699239897, 'ign_k': 8.756386808171287, 'ign_c': 10.121842449253917, 'trop_agb_crit': 7.572987889237896, 'trop_k_veg': 3.765312100522351, 'pop_amp': 0.006700462013902406, 'pop_peak': 527.0258711665952, 'pop_sig': 0.3264491531113572}. Best is trial 1128 with value: -0.620386984093161.
[I 2026-08-20 01:21:30,100] Trial 2187 finished with value: 0.43501789710083494 and parameters: {'k1': 0.0020423177091075683, 'D_low': 76.36706290918873, 'k2': 0.0001928917466296889, 'D_high': 6145258.662781165, 'fire_exp': 3.0736746580823335, 'P_half': 17.71178232874235, 'pre_dampen_half': 15.272096171769173, 'gpp_af': 0.3239293399476066, 'gpp_b': 1.0015854917316727e-05, 'gpp_d': 17.696624253843503, 'ign_k': 6.147148175455481, 'ign_c': 8.432872688654506, 'trop_agb_crit': 16.079825570130833, 'trop_k_veg': 1.3515655133967999, 'pop_amp': 0.004519825114362485, 'pop_peak': 20.403369781839668, 'pop_sig': 0.30303279549159845}. Best is trial 1128 with value: -0.620386984093161.
[I 2026-08-20 01:21:31,651] Trial 2188 finished with value: -0.5287072905963568 and parameters: {'k1': 0.0016571640472667114, 'D_low': 130.1976163673857, 'k2': 0.013632547981480801, 'D_high': 1694235.1281548294, 'fire_exp': 1.9424832831374652, 'P_half': 3.3043652591480934, 'pre_dampen_half': 0.036944491287745636, 'gpp_af': 0.05873709359288337, 'gpp_b': 0.0014942660178468134, 'gpp_d': 570.8166795192203, 'ign_k': 0.07883154064287995, 'ign_c': 1.1124709711991037, 'trop_agb_crit': 6.729901853862652, 'trop_k_veg': 2.738351452145224, 'pop_amp': 17.89624086589828, 'pop_peak': 42.44889407509117, 'pop_sig': 1.0836642013416173}. Best is trial 1128 with value: -0.620386984093161.
[I 2026-08-20 01:21:33,206] Trial 2189 finished with value: 0.49499955062340306 and parameters: {'k1': 6.354065994556443e-05, 'D_low': 6.731326762093896, 'k2': 0.0009377051811924008, 'D_high': 1585360.2432059704, 'fire_exp': 2.383963231408314, 'P_half': 126.36956955178931, 'pre_dampen_half': 18.629398607414252, 'gpp_af': 0.12492462093014008, 'gpp_b': 0.009951718031207984, 'gpp_d': 73.7254650433178, 'ign_k': 0.06176997936563645, 'ign_c': 0.17743405508493604, 'trop_agb_crit': 2.66881389009618, 'trop_k_veg': 1.0475528788505333, 'pop_amp': 0.9334073314459167, 'pop_peak': 0.43102163652577424, 'pop_sig': 2.03943474626212}. Best is trial 1128 with value: -0.620386984093161.
[I 2026-08-20 01:21:34,791] Trial 2190 finished with value: 0.5426565960591764 and parameters: {'k1': 0.003657851680971043, 'D_low': 1269.8339054029411, 'k2': 0.0028270291862611562, 'D_high': 3097483.5137554025, 'fire_exp': 2.6568019827966993, 'P_half': 194.10186332633583, 'pre_dampen_half': 324.23902841439883, 'gpp_af': 0.16377540834727278, 'gpp_b': 0.010389668854635539, 'gpp_d': 95.25628874888993, 'ign_k': 0.472426936909726, 'ign_c': 0.18621322684098057, 'trop_agb_crit': 5.116337224336725, 'trop_k_veg': 4.957220709230004, 'pop_amp': 11.35740530235968, 'pop_peak': 0.11694111312963425, 'pop_sig': 0.6389034645155126}. Best is trial 1128 with value: -0.620386984093161.
[I 2026-08-20 01:21:36,337] Trial 2191 finished with value: 0.4310876947038347 and parameters: {'k1': 0.000167289275693086, 'D_low': 7.203359678532896, 'k2': 0.008734986513672636, 'D_high': 136472.62049106765, 'fire_exp': 1.6702308490905167, 'P_half': 14.636276785446604, 'pre_dampen_half': 3.9009398151398327, 'gpp_af': 0.018939500781340064, 'gpp_b': 0.002113685284803544, 'gpp_d': 74.07728689546043, 'ign_k': 1.560324060751093, 'ign_c': 3.033324762689043, 'trop_agb_crit': 1.5907414277666727, 'trop_k_veg': 5.243583639382635, 'pop_amp': 1.8445002978040865, 'pop_peak': 10.898875988072707, 'pop_sig': 0.4326756332619591}. Best is trial 1128 with value: -0.620386984093161.
[I 2026-08-20 01:21:37,902] Trial 2192 finished with value: 0.6445374145881376 and parameters: {'k1': 0.00015375072883171115, 'D_low': 24.693053165485242, 'k2': 0.004542927500188886, 'D_high': 3362545.2544291997, 'fire_exp': 2.5846392903556548, 'P_half': 55.1864335614688, 'pre_dampen_half': 97.09455023384758, 'gpp_af': 2.361486136144465, 'gpp_b': 2.9012404972450867e-05, 'gpp_d': 312.11550081445233, 'ign_k': 5.067237660373914, 'ign_c': 93.9277482570961, 'trop_agb_crit': 2.274494215097429, 'trop_k_veg': 5.5566336151934825, 'pop_amp': 2.4015803494042856, 'pop_peak': 23.589869276313987, 'pop_sig': 0.3186070760970833}. Best is trial 1128 with value: -0.620386984093161.
[I 2026-08-20 01:21:39,497] Trial 2193 finished with value: 0.49408893152982925 and parameters: {'k1': 5.4901853707910965e-05, 'D_low': 296.45797112313284, 'k2': 0.025750409832854863, 'D_high': 4968618.858174746, 'fire_exp': 3.382515007238548, 'P_half': 122.21358039720454, 'pre_dampen_half': 59.70466390411982, 'gpp_af': 26.547256224600087, 'gpp_b': 0.004262944531748273, 'gpp_d': 58.20481241417187, 'ign_k': 0.06568679210047837, 'ign_c': 0.7187187598715867, 'trop_agb_crit': 3.919877258099357, 'trop_k_veg': 2.572678015409653, 'pop_amp': 1.2591181770126263, 'pop_peak': 0.24471788953835308, 'pop_sig': 1.2317277043122483}. Best is trial 1128 with value: -0.620386984093161.
[I 2026-08-20 01:21:41,038] Trial 2194 finished with value: -0.5746747377723562 and parameters: {'k1': 9.161424230250844e-05, 'D_low': 1.5060328038863393, 'k2': 0.013680163202206615, 'D_high': 3826494.538590315, 'fire_exp': 2.8130849174552095, 'P_half': 2.6814232682591843, 'pre_dampen_half': 2.5439925137032544, 'gpp_af': 0.10406786269684022, 'gpp_b': 7.770299332302764e-05, 'gpp_d': 130.9503190535179, 'ign_k': 4.523580053022974, 'ign_c': 4.487035882201798, 'trop_agb_crit': 3.34689484412663, 'trop_k_veg': 3.8292451144811466, 'pop_amp': 1.390889976472731, 'pop_peak': 1.2361167254627254, 'pop_sig': 0.3020512342077949}. Best is trial 1128 with value: -0.620386984093161.
[I 2026-08-20 01:21:42,574] Trial 2195 finished with value: 0.4184779830438389 and parameters: {'k1': 0.057566295788262264, 'D_low': 10.344486884395382, 'k2': 7.155787930858155e-05, 'D_high': 5655837.5356594995, 'fire_exp': 1.401741832915964, 'P_half': 6.269190186239217, 'pre_dampen_half': 3.821582623675336, 'gpp_af': 0.002256119611888475, 'gpp_b': 4.286048472480768e-05, 'gpp_d': 511.14413030327364, 'ign_k': 2.6925943057798736, 'ign_c': 3.878468323488586, 'trop_agb_crit': 8.118200500780501, 'trop_k_veg': 3.6344938649558975, 'pop_amp': 0.0013270034434869577, 'pop_peak': 16.06437815756454, 'pop_sig': 0.7939871279027914}. Best is trial 1128 with value: -0.620386984093161.
[I 2026-08-20 01:21:44,125] Trial 2196 finished with value: 0.6193952980118298 and parameters: {'k1': 0.00040049435172046107, 'D_low': 762.1449295180142, 'k2': 0.0012443379132463248, 'D_high': 4775195.853623211, 'fire_exp': 1.7249218819239232, 'P_half': 35.672247947664076, 'pre_dampen_half': 0.4320568835428148, 'gpp_af': 0.013185458507288125, 'gpp_b': 0.0013235839268393875, 'gpp_d': 5.982552834508331, 'ign_k': 6.381057745950537, 'ign_c': 29.13787543686493, 'trop_agb_crit': 8.541879939262786, 'trop_k_veg': 1.6874647812618804, 'pop_amp': 0.0023628998455083833, 'pop_peak': 15.89678890960193, 'pop_sig': 0.28364486340082407}. Best is trial 1128 with value: -0.620386984093161.
[I 2026-08-20 01:21:45,654] Trial 2197 finished with value: 0.5981258017081955 and parameters: {'k1': 0.000876847899185197, 'D_low': 1642.9123938742284, 'k2': 0.0043754858365117, 'D_high': 5681034.954430791, 'fire_exp': 2.6242935234622906, 'P_half': 3108.0156800421505, 'pre_dampen_half': 831.8766449217316, 'gpp_af': 0.36207018840742294, 'gpp_b': 0.022886007924825157, 'gpp_d': 6.158366238549394, 'ign_k': 5.1134808130670475, 'ign_c': 2.18835534805023, 'trop_agb_crit': 15.143441853877416, 'trop_k_veg': 2.2135592814586387, 'pop_amp': 0.0023470967973002244, 'pop_peak': 8.720578776243244, 'pop_sig': 1.2460999686235634}. Best is trial 1128 with value: -0.620386984093161.
[I 2026-08-20 01:21:47,660] Trial 2198 finished with value: 0.6079828737128068 and parameters: {'k1': 0.06767102586733045, 'D_low': 5.718116338752569, 'k2': 0.0014244674923888938, 'D_high': 993258.557676812, 'fire_exp': 1.2046610834932745, 'P_half': 1.7046895384513774, 'pre_dampen_half': 1.7207558306621977, 'gpp_af': 0.005782073835250437, 'gpp_b': 0.0004577498902532923, 'gpp_d': 843.2047658965364, 'ign_k': 1.4755081272663353, 'ign_c': 37.11603197366831, 'trop_agb_crit': 6.892322877068894, 'trop_k_veg': 1.915475955037731, 'pop_amp': 0.0024981277844531163, 'pop_peak': 15.212828614233933, 'pop_sig': 1.3802388395657705}. Best is trial 1128 with value: -0.620386984093161.
[I 2026-08-20 01:21:49,178] Trial 2199 finished with value: 0.600710300066615 and parameters: {'k1': 0.0016089036388531204, 'D_low': 317.6204400399673, 'k2': 0.0037363132966347274, 'D_high': 247468.0205671485, 'fire_exp': 1.463315274001926, 'P_half': 13.599211128220418, 'pre_dampen_half': 24.656907664366415, 'gpp_af': 0.011839898344320973, 'gpp_b': 9.273867460282933e-05, 'gpp_d': 179.44054201231836, 'ign_k': 0.1754807388196649, 'ign_c': 57.12217432149895, 'trop_agb_crit': 6.874568747292766, 'trop_k_veg': 3.752042780732255, 'pop_amp': 0.015667570405939874, 'pop_peak': 5.060633442402883, 'pop_sig': 1.081332796610508}. Best is trial 1128 with value: -0.620386984093161.
[I 2026-08-20 01:21:50,735] Trial 2200 finished with value: 0.6034160646071101 and parameters: {'k1': 0.0060428463434152035, 'D_low': 149.0203554000805, 'k2': 0.004132341245657073, 'D_high': 5726.610697779828, 'fire_exp': 1.3612425865733302, 'P_half': 8967.18086545328, 'pre_dampen_half': 0.30732217486315344, 'gpp_af': 0.029492352364059254, 'gpp_b': 2.9903555938832667, 'gpp_d': 1.0213659250853802, 'ign_k': 0.34595601499169787, 'ign_c': 3.434116965474357, 'trop_agb_crit': 7.967527203301565, 'trop_k_veg': 6.850097234355246, 'pop_amp': 0.009823871185031764, 'pop_peak': 41.143116508757515, 'pop_sig': 2.312442137525527}. Best is trial 1128 with value: -0.620386984093161.
[I 2026-08-20 01:21:52,265] Trial 2201 finished with value: 0.6445374145881376 and parameters: {'k1': 0.019237962153941864, 'D_low': 16.865512226315037, 'k2': 0.0055084039418605985, 'D_high': 135720.56625615392, 'fire_exp': 1.3137512184798474, 'P_half': 1208.4921754973677, 'pre_dampen_half': 0.8626823626500637, 'gpp_af': 0.0038292759763093624, 'gpp_b': 1.475856170029672e-05, 'gpp_d': 0.04250575878750236, 'ign_k': 0.9832453022893786, 'ign_c': 84.5346988026066, 'trop_agb_crit': 5.216889352151367, 'trop_k_veg': 6.734235188474699, 'pop_amp': 1.1518869355859234, 'pop_peak': 10.21971493751332, 'pop_sig': 0.5373315678186675}. Best is trial 1128 with value: -0.620386984093161.
[I 2026-08-20 01:21:53,862] Trial 2202 finished with value: 0.5692214094088581 and parameters: {'k1': 0.0017070028464709409, 'D_low': 1.695292997547873, 'k2': 0.0032653679354936876, 'D_high': 9520585.867767507, 'fire_exp': 1.9501042396005266, 'P_half': 16.939484306447696, 'pre_dampen_half': 1.8333999324481611, 'gpp_af': 0.008861588447422984, 'gpp_b': 0.013982062487668255, 'gpp_d': 19.923135821302715, 'ign_k': 0.39618991208715804, 'ign_c': 5.906065345276481, 'trop_agb_crit': 2.205904003199387, 'trop_k_veg': 6.001225931268238, 'pop_amp': 1.5618077563032644, 'pop_peak': 144.67667191580946, 'pop_sig': 0.32205202914062275}. Best is trial 1128 with value: -0.620386984093161.
[I 2026-08-20 01:21:55,442] Trial 2203 finished with value: 0.4818829707467097 and parameters: {'k1': 0.00027302428116025477, 'D_low': 5996.088281219005, 'k2': 0.002851720608423516, 'D_high': 1989734.5925350096, 'fire_exp': 2.556208145187794, 'P_half': 74.83426809705387, 'pre_dampen_half': 2.6838451486564368, 'gpp_af': 0.05845093322548417, 'gpp_b': 0.0012723468080524363, 'gpp_d': 69.9645014596529, 'ign_k': 0.3063612592233558, 'ign_c': 0.5276589413082396, 'trop_agb_crit': 26.050927835210516, 'trop_k_veg': 2.7237589926547554, 'pop_amp': 0.19222454180293447, 'pop_peak': 2.6254122738030694, 'pop_sig': 0.5584278085133048}. Best is trial 1128 with value: -0.620386984093161.
[I 2026-08-20 01:21:57,225] Trial 2204 finished with value: 0.4816927808208552 and parameters: {'k1': 0.0003973699995623756, 'D_low': 8.99859207395784, 'k2': 5.064924153608684e-05, 'D_high': 5367405.028472359, 'fire_exp': 1.5950677644723248, 'P_half': 9.199483867455493, 'pre_dampen_half': 111.75655101401448, 'gpp_af': 0.002408203259650239, 'gpp_b': 1.8634662305386364e-05, 'gpp_d': 74.59503528669768, 'ign_k': 6.018955505970449, 'ign_c': 0.2091354315168389, 'trop_agb_crit': 8.097427063485947, 'trop_k_veg': 2.257782019171905, 'pop_amp': 0.007013518429997285, 'pop_peak': 4.599007612440624, 'pop_sig': 0.26474620137523874}. Best is trial 1128 with value: -0.620386984093161.
[I 2026-08-20 01:21:58,834] Trial 2205 finished with value: 0.4106946894399408 and parameters: {'k1': 0.00035264302809735965, 'D_low': 41.2042012804238, 'k2': 0.00019831995162386795, 'D_high': 2467923.438480403, 'fire_exp': 1.7548728061114596, 'P_half': 2.1915368573298584, 'pre_dampen_half': 4.252736594524398, 'gpp_af': 0.035286931668641365, 'gpp_b': 0.0013818808854136637, 'gpp_d': 68.03462427647167, 'ign_k': 6.589937795133812, 'ign_c': 6.109800236799813, 'trop_agb_crit': 20.813271717697365, 'trop_k_veg': 3.1551886576424866, 'pop_amp': 0.018718295714724588, 'pop_peak': 4.576320743743235, 'pop_sig': 0.4857003659438943}. Best is trial 1128 with value: -0.620386984093161.
[I 2026-08-20 01:22:00,595] Trial 2206 finished with value: 0.6332833644606453 and parameters: {'k1': 0.0008066190776445585, 'D_low': 151669.22441184407, 'k2': 0.004176672625727155, 'D_high': 3740811.4090259606, 'fire_exp': 4.678403931337007, 'P_half': 246.3558749682054, 'pre_dampen_half': 24.795704369185312, 'gpp_af': 0.41867811057739074, 'gpp_b': 0.0025693128582253595, 'gpp_d': 332.4171800426676, 'ign_k': 1.391707027275641, 'ign_c': 0.6321855826170862, 'trop_agb_crit': 6.892051326060311, 'trop_k_veg': 6.903483202186365, 'pop_amp': 0.04709008973810789, 'pop_peak': 0.5572804306069985, 'pop_sig': 0.9175502078098483}. Best is trial 1128 with value: -0.620386984093161.
[I 2026-08-20 01:22:02,305] Trial 2207 finished with value: 0.49049464668143117 and parameters: {'k1': 0.023921775804899164, 'D_low': 240.41126464912722, 'k2': 2.8517802186130593e-05, 'D_high': 2174409.76158676, 'fire_exp': 1.745542810985612, 'P_half': 730.7838758940452, 'pre_dampen_half': 2.664790319335696, 'gpp_af': 0.023161726726704905, 'gpp_b': 1.0826248482694648e-05, 'gpp_d': 2.804830084672998, 'ign_k': 0.4464608953595921, 'ign_c': 6.327437691457298, 'trop_agb_crit': 22.80786592586066, 'trop_k_veg': 1.914359749335549, 'pop_amp': 0.001323144815595235, 'pop_peak': 0.375695270789252, 'pop_sig': 0.4920691178155736}. Best is trial 1128 with value: -0.620386984093161.
