[I 2026-08-19 15:20:46,556] Trial 1014 finished with value: -0.5900635781187492 and parameters: {'k1': 8.861580197657852e-05, 'D_low': 64.78842866295636, 'k2': 5.8781102399004774e-05, 'D_high': 494760.8821166605, 'fire_exp': 1.1397384775096215, 'P_half': 6.016990702504968, 'pre_dampen_half': 0.8685309382212802, 'gpp_af': 0.5008665887675782, 'gpp_b': 3.9029916706899994e-05, 'gpp_d': 31.604596182260693, 'ign_k': 1.0724352699531412, 'ign_c': 11.444386464507703, 'trop_agb_crit': 2.527949552784128, 'trop_k_veg': 6.861549578972058, 'pop_amp': 0.0011543395535509884, 'pop_peak': 12.255199206764763, 'pop_sig': 0.3816743407934409, 'fuel_k': 1.4986892281272162, 'fuel_half': 2.8735452423497394}. Best is trial 421 with value: -0.6216386034937503.
[I 2026-08-19 15:20:49,252] Trial 1015 finished with value: -0.38261112235225203 and parameters: {'k1': 2.392278386697099e-05, 'D_low': 119378.42092230234, 'k2': 1.6622756108569996e-05, 'D_high': 115898.53573023739, 'fire_exp': 1.0783360534862068, 'P_half': 156.97110406917784, 'pre_dampen_half': 26.465049803986684, 'gpp_af': 0.0012897901404119415, 'gpp_b': 0.00010064035931130189, 'gpp_d': 0.1765723037539916, 'ign_k': 1.3177090336490633, 'ign_c': 43.13677610076893, 'trop_agb_crit': 12.320331436719385, 'trop_k_veg': 1.2652360148911204, 'pop_amp': 1.2780630632685899, 'pop_peak': 5.5568349387508595, 'pop_sig': 2.138595316328224, 'fuel_k': 1.2870128285263773, 'fuel_half': 1.1951167306734465}. Best is trial 421 with value: -0.6216386034937503.
[I 2026-08-19 15:20:51,888] Trial 1016 finished with value: -0.4218227184535107 and parameters: {'k1': 1.631500995662757e-05, 'D_low': 804071.3430553508, 'k2': 8.433876933128747e-05, 'D_high': 479634.119087365, 'fire_exp': 1.2333564368327814, 'P_half': 15.122991163981316, 'pre_dampen_half': 0.6610912694597415, 'gpp_af': 0.00139493481940455, 'gpp_b': 4.528686193937267e-05, 'gpp_d': 0.0649202682897035, 'ign_k': 8.242596832610774, 'ign_c': 1.9220715274401414, 'trop_agb_crit': 9.133942181594378, 'trop_k_veg': 0.6951757287307045, 'pop_amp': 0.524384987926388, 'pop_peak': 0.21721184650023567, 'pop_sig': 1.1059650027203505, 'fuel_k': 0.1967646566109724, 'fuel_half': 7.19862086561175}. Best is trial 421 with value: -0.6216386034937503.
[I 2026-08-19 15:20:54,485] Trial 1017 finished with value: -0.5199242255889688 and parameters: {'k1': 0.00082945720886863, 'D_low': 75.625954428087, 'k2': 3.1971051295422055e-05, 'D_high': 108558.16254843655, 'fire_exp': 1.1599864282559498, 'P_half': 265.4339250950095, 'pre_dampen_half': 0.8663223334418292, 'gpp_af': 0.0011719887400922942, 'gpp_b': 5.75593008413993e-05, 'gpp_d': 0.09624155840280951, 'ign_k': 3.552330734469549, 'ign_c': 17.632240171873153, 'trop_agb_crit': 29.173832458907565, 'trop_k_veg': 2.2930385991230664, 'pop_amp': 0.017574502437260907, 'pop_peak': 1.9337588061255258, 'pop_sig': 2.2502360731045905, 'fuel_k': 0.046597484109563096, 'fuel_half': 0.23322239079676552}. Best is trial 421 with value: -0.6216386034937503.
[I 2026-08-19 15:20:57,780] Trial 1018 finished with value: -0.46329126569702295 and parameters: {'k1': 0.0016827725712973876, 'D_low': 16.368551085564444, 'k2': 0.002486564068408618, 'D_high': 3932380.12770767, 'fire_exp': 1.2013018779222617, 'P_half': 1.8046518153651043, 'pre_dampen_half': 2.072992259912299, 'gpp_af': 0.4604158779159623, 'gpp_b': 0.0004505054865309131, 'gpp_d': 1.370506178194434, 'ign_k': 0.15576041994305326, 'ign_c': 4.962028374238453, 'trop_agb_crit': 12.550251107132924, 'trop_k_veg': 1.003054575180636, 'pop_amp': 0.14599438812557075, 'pop_peak': 588.6021427654026, 'pop_sig': 0.3442766908314695, 'fuel_k': 4.657728431112356, 'fuel_half': 0.1425688845040615}. Best is trial 421 with value: -0.6216386034937503.
[I 2026-08-19 15:21:01,377] Trial 1019 finished with value: -0.3554625854118624 and parameters: {'k1': 0.0015791262008599245, 'D_low': 1.77478606685113, 'k2': 2.591816022728419e-05, 'D_high': 2020711.9154659288, 'fire_exp': 1.593679703694058, 'P_half': 6.3843934422385695, 'pre_dampen_half': 9.197313620254022, 'gpp_af': 0.2640197891466485, 'gpp_b': 0.00011547685752614402, 'gpp_d': 336.38532386605897, 'ign_k': 0.9604187572283076, 'ign_c': 145.94151367113253, 'trop_agb_crit': 21.32272688552997, 'trop_k_veg': 2.687873880300472, 'pop_amp': 0.3312491143414537, 'pop_peak': 745.5953190602477, 'pop_sig': 0.6915622875682224, 'fuel_k': 0.40557164068152285, 'fuel_half': 0.49207273944608554}. Best is trial 421 with value: -0.6216386034937503.
  trial 1020/2500  best_overall=0.6216  (57.0 min)
[I 2026-08-19 15:21:05,711] Trial 1020 finished with value: -0.43428617368054245 and parameters: {'k1': 0.002880448307679493, 'D_low': 75.86177996673251, 'k2': 6.133498918753026e-05, 'D_high': 3544.8857824793004, 'fire_exp': 2.02834200204688, 'P_half': 23.4098163594133, 'pre_dampen_half': 80.88114192719081, 'gpp_af': 0.23901923710324266, 'gpp_b': 0.0005844021753838695, 'gpp_d': 9.027006537455517, 'ign_k': 0.043982071651432704, 'ign_c': 2.254347168834384, 'trop_agb_crit': 15.17211163969655, 'trop_k_veg': 3.1000983652755814, 'pop_amp': 1.5210500809427208, 'pop_peak': 0.2971330716235692, 'pop_sig': 1.4126121320324643, 'fuel_k': 0.01228546126903017, 'fuel_half': 1.678019512301078}. Best is trial 421 with value: -0.6216386034937503.
[I 2026-08-19 15:21:09,142] Trial 1021 finished with value: -0.5792994844552234 and parameters: {'k1': 9.578913504653556e-05, 'D_low': 1.4203402928320945, 'k2': 2.8598701817758446e-05, 'D_high': 5834595.914043997, 'fire_exp': 1.628528148684276, 'P_half': 7.3275543379237575, 'pre_dampen_half': 17.782354998618686, 'gpp_af': 0.009836768803560474, 'gpp_b': 8.516462778318573e-05, 'gpp_d': 198.13446914647767, 'ign_k': 0.16874400642817694, 'ign_c': 3.775832490368064, 'trop_agb_crit': 10.861123198294818, 'trop_k_veg': 1.9255282830643556, 'pop_amp': 0.01311150836219107, 'pop_peak': 572.6176996253025, 'pop_sig': 0.6668390445656313, 'fuel_k': 0.821049788297677, 'fuel_half': 0.644902938189628}. Best is trial 421 with value: -0.6216386034937503.
[I 2026-08-19 15:21:12,467] Trial 1022 finished with value: -0.5861772879772096 and parameters: {'k1': 0.0010357945221751124, 'D_low': 12.050133890694873, 'k2': 0.0001008146645697779, 'D_high': 2689309.954687177, 'fire_exp': 1.2166788734684346, 'P_half': 2.013090759989455, 'pre_dampen_half': 4.183173742693952, 'gpp_af': 0.03194707254372119, 'gpp_b': 0.00439689127848647, 'gpp_d': 320.27203334337383, 'ign_k': 0.19609152997295196, 'ign_c': 4.293978974659738, 'trop_agb_crit': 11.9346052133198, 'trop_k_veg': 5.920970575478993, 'pop_amp': 0.24656184175750193, 'pop_peak': 605.186452791484, 'pop_sig': 0.5861084081487148, 'fuel_k': 0.932511124579658, 'fuel_half': 5.114315261165105}. Best is trial 421 with value: -0.6216386034937503.
[I 2026-08-19 15:21:15,228] Trial 1023 finished with value: -0.5273670545963187 and parameters: {'k1': 0.00028355862455782055, 'D_low': 2518.871471526741, 'k2': 1.5963530727898464e-05, 'D_high': 629026.9926837423, 'fire_exp': 1.5617838573377212, 'P_half': 27.155342076975465, 'pre_dampen_half': 7.632912419749258, 'gpp_af': 0.0323176090331889, 'gpp_b': 2.62095990437124e-05, 'gpp_d': 0.014611381379254575, 'ign_k': 1.030698125702623, 'ign_c': 1.4662399092027145, 'trop_agb_crit': 16.412844202412487, 'trop_k_veg': 5.53747721569501, 'pop_amp': 0.03913513769915445, 'pop_peak': 0.09627991741066157, 'pop_sig': 0.4059399113127086, 'fuel_k': 0.43353326364646494, 'fuel_half': 3.684889763197107}. Best is trial 421 with value: -0.6216386034937503.
[I 2026-08-19 15:21:17,927] Trial 1024 finished with value: -0.48181834396967915 and parameters: {'k1': 0.00031283544273787194, 'D_low': 9.067414079626875, 'k2': 0.0009579861881392728, 'D_high': 5470385.861219403, 'fire_exp': 1.3907965649708323, 'P_half': 9.784867104315634, 'pre_dampen_half': 14.879727312896453, 'gpp_af': 10.290015360507761, 'gpp_b': 0.00020711486902768285, 'gpp_d': 0.773351056934598, 'ign_k': 0.05589951598052434, 'ign_c': 12.260780750200269, 'trop_agb_crit': 1.9942661093635532, 'trop_k_veg': 3.990924008460867, 'pop_amp': 0.11739964239012021, 'pop_peak': 202.32240578038022, 'pop_sig': 0.27448491842634803, 'fuel_k': 2.2482270120889556, 'fuel_half': 5.105414269382912}. Best is trial 421 with value: -0.6216386034937503.
[I 2026-08-19 15:21:20,738] Trial 1025 finished with value: -0.3183969330748528 and parameters: {'k1': 0.01470077667506624, 'D_low': 86.81783342660272, 'k2': 2.585445304318011e-05, 'D_high': 1083264.3507748938, 'fire_exp': 1.595143042247224, 'P_half': 25.222388086923775, 'pre_dampen_half': 24.2957000429816, 'gpp_af': 0.17005864600367165, 'gpp_b': 0.0002532605399792659, 'gpp_d': 1.1076933187239544, 'ign_k': 0.5995581575163883, 'ign_c': 2.41521324978447, 'trop_agb_crit': 10.680749196122383, 'trop_k_veg': 1.8821193247676098, 'pop_amp': 4.596181664972719, 'pop_peak': 0.6064786989342996, 'pop_sig': 1.6769266967606833, 'fuel_k': 0.14200656788225988, 'fuel_half': 0.8821454278564036}. Best is trial 421 with value: -0.6216386034937503.
[I 2026-08-19 15:21:23,273] Trial 1026 finished with value: -0.42407892855689155 and parameters: {'k1': 2.3542156440970935e-05, 'D_low': 198706.39357814463, 'k2': 1.9940919415116424e-05, 'D_high': 35559.12077411027, 'fire_exp': 1.4282284727269363, 'P_half': 10.547447781220775, 'pre_dampen_half': 0.2985981227410924, 'gpp_af': 0.004320807244915125, 'gpp_b': 7.994132339102504e-05, 'gpp_d': 0.016156242878413565, 'ign_k': 2.3961090267447815, 'ign_c': 11.571070605197676, 'trop_agb_crit': 17.780456822339072, 'trop_k_veg': 0.9584233357620188, 'pop_amp': 1.0534632952441376, 'pop_peak': 0.5919163702394065, 'pop_sig': 1.616850341433689, 'fuel_k': 0.6576672502670936, 'fuel_half': 1.1515218019703057}. Best is trial 421 with value: -0.6216386034937503.
  trial 1027/2500  best_overall=0.6216  (57.3 min)
[I 2026-08-19 15:21:26,374] Trial 1027 finished with value: -0.45365094522214316 and parameters: {'k1': 0.0009835393664841656, 'D_low': 51568.4851113813, 'k2': 1.2022422855432472e-05, 'D_high': 483.25222133111663, 'fire_exp': 1.0800001528131191, 'P_half': 17.160091731521113, 'pre_dampen_half': 0.3351736094549081, 'gpp_af': 0.003626788867088908, 'gpp_b': 4.284861579764962e-05, 'gpp_d': 4.916064639053625, 'ign_k': 0.7238420883266169, 'ign_c': 1.7024991332790913, 'trop_agb_crit': 3.4472754302173616, 'trop_k_veg': 1.8496742734623632, 'pop_amp': 9.14761926745566, 'pop_peak': 0.6648586660351469, 'pop_sig': 1.9348215442762051, 'fuel_k': 0.265927466054733, 'fuel_half': 0.5248984969377067}. Best is trial 421 with value: -0.6216386034937503.
[I 2026-08-19 15:21:29,023] Trial 1028 finished with value: -0.5177492179415051 and parameters: {'k1': 0.022220619777290614, 'D_low': 26.856234309373818, 'k2': 0.00028006365034262767, 'D_high': 222783.10566550188, 'fire_exp': 2.983228610334082, 'P_half': 512.8460463310807, 'pre_dampen_half': 202.4139426387665, 'gpp_af': 0.004269183772901202, 'gpp_b': 0.0001875600664411054, 'gpp_d': 1.7121015809863496, 'ign_k': 0.21736424590517398, 'ign_c': 0.533704667620289, 'trop_agb_crit': 5.620297898784634, 'trop_k_veg': 3.7048470276127117, 'pop_amp': 3.2939661232718414, 'pop_peak': 150.86207038447918, 'pop_sig': 0.47225530062643106, 'fuel_k': 0.3026739699695707, 'fuel_half': 1.6724059274761953}. Best is trial 421 with value: -0.6216386034937503.
[I 2026-08-19 15:21:31,454] Trial 1029 finished with value: -0.4402081934535137 and parameters: {'k1': 0.00013227337390496284, 'D_low': 6.175187469133005, 'k2': 2.5315492288492754e-05, 'D_high': 1814078.2773627585, 'fire_exp': 2.549199729628045, 'P_half': 1.7331933955050207, 'pre_dampen_half': 3.7575540902124085, 'gpp_af': 0.03427574632673876, 'gpp_b': 5.633045209538951e-05, 'gpp_d': 606.0505740016808, 'ign_k': 0.04435394373700347, 'ign_c': 35.244534054752265, 'trop_agb_crit': 18.53808277832519, 'trop_k_veg': 4.658299046932201, 'pop_amp': 0.5442372531312037, 'pop_peak': 105.64829470089629, 'pop_sig': 0.2507632397693245, 'fuel_k': 1.7958999942980438, 'fuel_half': 0.18961380750659937}. Best is trial 421 with value: -0.6216386034937503.
[I 2026-08-19 15:21:35,319] Trial 1030 finished with value: -0.41355579385075975 and parameters: {'k1': 0.0013984543611051089, 'D_low': 48.09290030712272, 'k2': 0.0005989069490030498, 'D_high': 2135962.48699931, 'fire_exp': 3.4698369957814235, 'P_half': 97.40903975897228, 'pre_dampen_half': 0.614447872267011, 'gpp_af': 0.031275303798784695, 'gpp_b': 0.00014550827118201156, 'gpp_d': 0.0698581705283688, 'ign_k': 1.3059434278177027, 'ign_c': 27.05062974481347, 'trop_agb_crit': 8.947424187241928, 'trop_k_veg': 1.0841832712835793, 'pop_amp': 0.13948484283220058, 'pop_peak': 0.663395565780339, 'pop_sig': 1.4297790026344726, 'fuel_k': 0.01921954785329418, 'fuel_half': 0.7255212257097968}. Best is trial 421 with value: -0.6216386034937503.
[I 2026-08-19 15:21:39,726] Trial 1031 finished with value: -0.5834613549034566 and parameters: {'k1': 1.4382018492531083e-05, 'D_low': 5.239533570142715, 'k2': 8.538399354163131e-05, 'D_high': 6122375.693388808, 'fire_exp': 2.155542981086577, 'P_half': 2.2218630079320962, 'pre_dampen_half': 7.068220548362805, 'gpp_af': 0.06528788198668617, 'gpp_b': 0.0028542510524552384, 'gpp_d': 599.6417834894345, 'ign_k': 0.19060619490198508, 'ign_c': 8.20922871965186, 'trop_agb_crit': 21.88220525197408, 'trop_k_veg': 2.808174499900156, 'pop_amp': 0.11002633285020719, 'pop_peak': 330.7652994160183, 'pop_sig': 0.42558938829776644, 'fuel_k': 3.4000767007849677, 'fuel_half': 0.950492018245572}. Best is trial 421 with value: -0.6216386034937503.
[I 2026-08-19 15:21:44,156] Trial 1032 finished with value: -0.3735253338255185 and parameters: {'k1': 0.02637026258246691, 'D_low': 43.25786575424431, 'k2': 0.0009008343057469982, 'D_high': 3178.9125649733533, 'fire_exp': 5.637935871691509, 'P_half': 2677.544042414783, 'pre_dampen_half': 0.01429818715011596, 'gpp_af': 0.8889961349572914, 'gpp_b': 0.0012498303087808392, 'gpp_d': 0.44477989841377125, 'ign_k': 1.388153029009076, 'ign_c': 0.7420618138879126, 'trop_agb_crit': 5.899024740359015, 'trop_k_veg': 0.7290304626612684, 'pop_amp': 0.02769658259575801, 'pop_peak': 398.3221770267604, 'pop_sig': 1.6021349888720164, 'fuel_k': 0.038554291807922726, 'fuel_half': 0.4896912518102516}. Best is trial 421 with value: -0.6216386034937503.
  trial 1033/2500  best_overall=0.6216  (57.7 min)
[I 2026-08-19 15:21:50,551] Trial 1033 finished with value: -0.4257378936039819 and parameters: {'k1': 0.018438382866193804, 'D_low': 10618.932803859332, 'k2': 0.001867724669575898, 'D_high': 9615991.529818602, 'fire_exp': 6.077685028815055, 'P_half': 15.049148193973789, 'pre_dampen_half': 0.050343043877136055, 'gpp_af': 0.0043306744520261115, 'gpp_b': 0.0001438378349758178, 'gpp_d': 14.801178425011226, 'ign_k': 7.163203692773024, 'ign_c': 15.712198099509763, 'trop_agb_crit': 29.87063938277339, 'trop_k_veg': 1.277116825323282, 'pop_amp': 0.3303961365267505, 'pop_peak': 8.491510744374924, 'pop_sig': 0.6807876045937712, 'fuel_k': 0.033763817507104, 'fuel_half': 0.13537007136024373}. Best is trial 421 with value: -0.6216386034937503.
[I 2026-08-19 15:21:57,948] Trial 1034 finished with value: -0.5128367736231214 and parameters: {'k1': 0.002430121034811904, 'D_low': 4.056373504527553, 'k2': 3.6231569682550264e-05, 'D_high': 6050160.199970737, 'fire_exp': 1.4258622517585875, 'P_half': 289.46997498203336, 'pre_dampen_half': 0.8549810997881914, 'gpp_af': 0.35230236515276286, 'gpp_b': 0.0001216666039814994, 'gpp_d': 110.57520695126554, 'ign_k': 0.05090787839890547, 'ign_c': 1.6048363087731745, 'trop_agb_crit': 21.966239083956243, 'trop_k_veg': 1.5444156806701117, 'pop_amp': 0.21558328178299124, 'pop_peak': 376.7077901430744, 'pop_sig': 0.5032371565917452, 'fuel_k': 0.733382505343118, 'fuel_half': 6.025358383598169}. Best is trial 421 with value: -0.6216386034937503.
[I 2026-08-19 15:22:03,262] Trial 1035 finished with value: -0.5291541279569232 and parameters: {'k1': 0.00018885319546135457, 'D_low': 12.327450371568517, 'k2': 0.00015193928470367188, 'D_high': 559957.1041913825, 'fire_exp': 1.8961259593123385, 'P_half': 1.3159288697874876, 'pre_dampen_half': 0.05780300358510761, 'gpp_af': 11.040783353153502, 'gpp_b': 0.0012845710711988539, 'gpp_d': 24.784967857210685, 'ign_k': 1.2536554599934622, 'ign_c': 0.13339532372642066, 'trop_agb_crit': 24.166970187420382, 'trop_k_veg': 6.073831219343621, 'pop_amp': 0.19241197427780016, 'pop_peak': 5.765867493653268, 'pop_sig': 0.2979055656944346, 'fuel_k': 1.1196807045810213, 'fuel_half': 0.23831042712481695}. Best is trial 421 with value: -0.6216386034937503.
[I 2026-08-19 15:22:07,343] Trial 1036 finished with value: -0.5343542608389544 and parameters: {'k1': 0.00035962765803616327, 'D_low': 46.657676062129134, 'k2': 0.00010164582301489217, 'D_high': 1408524.6730765686, 'fire_exp': 2.6698390844974904, 'P_half': 3.5812863162024926, 'pre_dampen_half': 6.269754234956953, 'gpp_af': 3.0121130733362005, 'gpp_b': 7.072328855258675e-05, 'gpp_d': 17.75916586790176, 'ign_k': 0.05864673759866522, 'ign_c': 5.8553893580387, 'trop_agb_crit': 2.553776192313711, 'trop_k_veg': 4.618623099676032, 'pop_amp': 0.013845382890483926, 'pop_peak': 94.81023075216247, 'pop_sig': 0.30740492217996246, 'fuel_k': 0.6789345763623517, 'fuel_half': 2.165012477072126}. Best is trial 421 with value: -0.6216386034937503.
  trial 1037/2500  best_overall=0.6216  (58.1 min)
[I 2026-08-19 15:22:13,470] Trial 1037 finished with value: -0.5215838567646007 and parameters: {'k1': 6.189115008420308e-05, 'D_low': 6412.22884186194, 'k2': 0.00041409918872965036, 'D_high': 7373626.876481627, 'fire_exp': 2.5935998935603557, 'P_half': 8.293178935956607, 'pre_dampen_half': 7.66770087270404, 'gpp_af': 2.4806331996194055, 'gpp_b': 0.0002291051962706056, 'gpp_d': 1.3285145585968465, 'ign_k': 2.803591661219985, 'ign_c': 2.325133322524482, 'trop_agb_crit': 2.3476174936153655, 'trop_k_veg': 4.927283052571315, 'pop_amp': 0.0018744666078572508, 'pop_peak': 268.2612956513257, 'pop_sig': 0.3480912336360163, 'fuel_k': 3.491419333462533, 'fuel_half': 1.6180156784206845}. Best is trial 421 with value: -0.6216386034937503.
[I 2026-08-19 15:22:19,770] Trial 1038 finished with value: -0.47271528267509055 and parameters: {'k1': 5.953126163238056e-05, 'D_low': 48.13210234854378, 'k2': 0.00010844126266254978, 'D_high': 2932934.7372746514, 'fire_exp': 5.344991478201598, 'P_half': 185.2095385246532, 'pre_dampen_half': 122.4174799629765, 'gpp_af': 0.018238458723345084, 'gpp_b': 4.0861129545915235e-05, 'gpp_d': 0.857258009677417, 'ign_k': 0.13072500285095962, 'ign_c': 0.10428453971120623, 'trop_agb_crit': 21.911691456024105, 'trop_k_veg': 6.882729273655515, 'pop_amp': 0.23165579079607418, 'pop_peak': 141.18942004317546, 'pop_sig': 0.9085529376695801, 'fuel_k': 0.016534732885898035, 'fuel_half': 2.143289188078466}. Best is trial 421 with value: -0.6216386034937503.
[I 2026-08-19 15:22:25,729] Trial 1039 finished with value: -0.5645020786305792 and parameters: {'k1': 0.00011088220191007537, 'D_low': 40481.07130520195, 'k2': 2.530863197974611e-05, 'D_high': 6109882.406642112, 'fire_exp': 1.0502668029720685, 'P_half': 21.51470722215819, 'pre_dampen_half': 6.493142267313132, 'gpp_af': 0.0031300140553426415, 'gpp_b': 2.5078309237922842e-05, 'gpp_d': 0.03579981746809171, 'ign_k': 7.924572541431428, 'ign_c': 19.125781321471802, 'trop_agb_crit': 7.9728141474889265, 'trop_k_veg': 0.8711355927995357, 'pop_amp': 0.8325519262989113, 'pop_peak': 0.5484535706160548, 'pop_sig': 1.0493201013227726, 'fuel_k': 2.18418566856236, 'fuel_half': 0.30950712871001734}. Best is trial 421 with value: -0.6216386034937503.
[I 2026-08-19 15:22:31,389] Trial 1040 finished with value: -0.48537016518618276 and parameters: {'k1': 0.011092085024628315, 'D_low': 799.246140696865, 'k2': 1.2486269089785026e-05, 'D_high': 678009.6361523009, 'fire_exp': 2.946691250378922, 'P_half': 39.50782791652861, 'pre_dampen_half': 198.30464440967256, 'gpp_af': 0.001450502776158566, 'gpp_b': 0.000703821715216625, 'gpp_d': 175.66657656993488, 'ign_k': 0.045266003470343055, 'ign_c': 0.6718165384020569, 'trop_agb_crit': 10.905550414151993, 'trop_k_veg': 3.4229032571390055, 'pop_amp': 6.400724856535989, 'pop_peak': 106.42066952951782, 'pop_sig': 0.45869112570852894, 'fuel_k': 0.8305879721720972, 'fuel_half': 7.090913313790215}. Best is trial 421 with value: -0.6216386034937503.
  trial 1041/2500  best_overall=0.6216  (58.5 min)
[I 2026-08-19 15:22:37,507] Trial 1041 finished with value: -0.5920459450328333 and parameters: {'k1': 1.556785928440479e-05, 'D_low': 45.09747840000554, 'k2': 1.3017872987044774e-05, 'D_high': 1272891.7591353399, 'fire_exp': 1.0682669986311573, 'P_half': 3.7449858065687422, 'pre_dampen_half': 0.8131704729970385, 'gpp_af': 1.5432212915702614, 'gpp_b': 0.0024263194808649643, 'gpp_d': 495.3238912390231, 'ign_k': 0.2865722269884702, 'ign_c': 0.47311672342613753, 'trop_agb_crit': 15.277436032545927, 'trop_k_veg': 3.7768704390474865, 'pop_amp': 0.40239857077307156, 'pop_peak': 3.584662144158373, 'pop_sig': 0.7216836232515162, 'fuel_k': 0.672781083151228, 'fuel_half': 2.4578210115306267}. Best is trial 421 with value: -0.6216386034937503.
[I 2026-08-19 15:22:42,209] Trial 1042 finished with value: -0.44621200357375174 and parameters: {'k1': 0.017355712498036323, 'D_low': 992.198389203283, 'k2': 0.001206263514175623, 'D_high': 1495057.2216438772, 'fire_exp': 1.0222384521527186, 'P_half': 6.281190131948928, 'pre_dampen_half': 0.14528531761334568, 'gpp_af': 0.03099920480845414, 'gpp_b': 0.06841967568676921, 'gpp_d': 0.6801305475663609, 'ign_k': 0.27493275132639905, 'ign_c': 3.4187369636811007, 'trop_agb_crit': 13.426367375576048, 'trop_k_veg': 1.1779705012081065, 'pop_amp': 0.05879885529920121, 'pop_peak': 11.059110512297018, 'pop_sig': 0.2601934622394387, 'fuel_k': 0.8443951188331348, 'fuel_half': 0.24436091228178078}. Best is trial 421 with value: -0.6216386034937503.
