[I 2026-06-10 21:36:15,101] Trial 851 finished with values: [10.458861201387657, 10.458861201387657] and parameters: {'k1': 0.016973078532467004, 'D_low': 1074.940539517341, 'k2': 2.091507303847255e-05, 'D_high': 8912.611835817017, 'fire_exp': 1.6901885781909627, 'P_half': 101.40635645866499, 'pre_dampen_half': 1.8469033699850426, 'gpp_af': 1.7775411110039254, 'gpp_b': 0.006999112505425414, 'gpp_d': 942.6090081952854, 'ign_k': 0.09256855841989636, 'ign_c': 4.619723604324942, 'trop_agb_crit': 8.188098178380693, 'trop_k_veg': 0.6618107836658104, 'fire_amp': 5.416595007374148}.
[I 2026-06-10 21:36:17,006] Trial 852 finished with values: [-0.5394329532878244, 0.03213157700741043] and parameters: {'k1': 0.016973078532467004, 'D_low': 24.28756508761176, 'k2': 0.0002442377596403892, 'D_high': 8912.611835817017, 'fire_exp': 1.6901885781909627, 'P_half': 51.10120656497163, 'pre_dampen_half': 1.8469033699850426, 'gpp_af': 20.12115544906385, 'gpp_b': 0.015062722325200045, 'gpp_d': 20.81401325574021, 'ign_k': 0.0029519227433917453, 'ign_c': 14.709699119495124, 'trop_agb_crit': 24.199763404822136, 'trop_k_veg': 2.520089655463604, 'fire_amp': 5.416595007374148}.
[I 2026-06-10 21:36:19,435] Trial 853 finished with values: [10.046748644583543, 10.046748644583543] and parameters: {'k1': 0.012840669372724958, 'D_low': 5.004428734228137, 'k2': 1.1417577140741129e-05, 'D_high': 42210.21267871043, 'fire_exp': 1.4690410989404576, 'P_half': 1.4551749476072258, 'pre_dampen_half': 4.603480758878793, 'gpp_af': 0.5970408652384318, 'gpp_b': 0.006999112505425414, 'gpp_d': 47.35384181058586, 'ign_k': 0.0029519227433917453, 'ign_c': 7.832259769732471, 'trop_agb_crit': 1.3063813396521713, 'trop_k_veg': 1.6648666152166967, 'fire_amp': 2.368964504291618}.
[I 2026-06-10 21:36:21,353] Trial 854 finished with values: [-0.21046546471182248, 0.04484614776889795] and parameters: {'k1': 1.193353489272344e-05, 'D_low': 43.2326421037033, 'k2': 4.933751600448335e-05, 'D_high': 42.242359735170886, 'fire_exp': 1.7792742686803427, 'P_half': 277.00025557434554, 'pre_dampen_half': 37.40930273158252, 'gpp_af': 1.9998014714101113, 'gpp_b': 0.00047819318414852577, 'gpp_d': 594.7389794988394, 'ign_k': 0.8945150807271531, 'ign_c': 0.1611736893633666, 'trop_agb_crit': 2.41977849576758, 'trop_k_veg': 1.6003641872536711, 'fire_amp': 1.7912500010961188}.
[I 2026-06-10 21:36:23,296] Trial 855 finished with values: [19.185510703594407, 19.185510703594407] and parameters: {'k1': 0.017276056747028225, 'D_low': 235.39834531862078, 'k2': 0.02939607009739149, 'D_high': 42210.21267871043, 'fire_exp': 3.2459542834651627, 'P_half': 1.4551749476072258, 'pre_dampen_half': 98.05638874011484, 'gpp_af': 1.7775411110039254, 'gpp_b': 0.16285506249643175, 'gpp_d': 95.2715755007094, 'ign_k': 3.6309591863459096, 'ign_c': 2.226297338331262, 'trop_agb_crit': 2.0527418919564324, 'trop_k_veg': 0.6488368931910606, 'fire_amp': 4.2446263054164195}.
[I 2026-06-10 21:36:25,390] Trial 856 finished with values: [-0.5304641245622949, 0.01904073170658782] and parameters: {'k1': 0.012840669372724958, 'D_low': 24.28756508761176, 'k2': 0.0002442377596403892, 'D_high': 10994.090116844662, 'fire_exp': 2.4022781627753544, 'P_half': 9.580682294110435, 'pre_dampen_half': 37.40930273158252, 'gpp_af': 0.00474057962703787, 'gpp_b': 0.0004125336560355494, 'gpp_d': 20.81401325574021, 'ign_k': 0.0029519227433917453, 'ign_c': 14.709699119495124, 'trop_agb_crit': 24.199763404822136, 'trop_k_veg': 2.520089655463604, 'fire_amp': 1.2784745553082768}.
[I 2026-06-10 21:36:27,272] Trial 857 finished with values: [10.78408131485448, 10.78408131485448] and parameters: {'k1': 0.012840669372724958, 'D_low': 1079.0778643024298, 'k2': 4.933751600448335e-05, 'D_high': 24.9899605789089, 'fire_exp': 1.7505406131449859, 'P_half': 61.6097529474144, 'pre_dampen_half': 189.88136301569827, 'gpp_af': 1.7775411110039254, 'gpp_b': 1.8400604093141188, 'gpp_d': 47.35384181058586, 'ign_k': 0.00660597889201953, 'ign_c': 1.1698039424426816, 'trop_agb_crit': 21.086120736447015, 'trop_k_veg': 2.2057060303254308, 'fire_amp': 1.2393473789150806}.
[I 2026-06-10 21:36:29,359] Trial 858 finished with values: [10.63549687845331, 10.63549687845331] and parameters: {'k1': 0.016973078532467004, 'D_low': 1739.6167422846984, 'k2': 0.0002442377596403892, 'D_high': 8912.611835817017, 'fire_exp': 3.2459542834651627, 'P_half': 51.10120656497163, 'pre_dampen_half': 1.8469033699850426, 'gpp_af': 1.7775411110039254, 'gpp_b': 0.00019552902383918484, 'gpp_d': 95.2715755007094, 'ign_k': 3.6309591863459096, 'ign_c': 2.2489542843914485, 'trop_agb_crit': 24.199763404822136, 'trop_k_veg': 0.6488368931910606, 'fire_amp': 2.818314238665462}.
[I 2026-06-10 21:36:31,392] Trial 859 finished with values: [11.28249365020487, 11.28249365020487] and parameters: {'k1': 0.012840669372724958, 'D_low': 24.28756508761176, 'k2': 0.0002442377596403892, 'D_high': 8912.611835817017, 'fire_exp': 1.2918065501148304, 'P_half': 51.10120656497163, 'pre_dampen_half': 1.8469033699850426, 'gpp_af': 20.12115544906385, 'gpp_b': 0.015062722325200045, 'gpp_d': 20.81401325574021, 'ign_k': 0.17320535908244444, 'ign_c': 14.709699119495124, 'trop_agb_crit': 24.199763404822136, 'trop_k_veg': 5.453348988480011, 'fire_amp': 5.416595007374148}.
[I 2026-06-10 21:36:33,909] Trial 860 finished with values: [10.789084752001925, 10.789084752001925] and parameters: {'k1': 0.00026539376439360527, 'D_low': 24.28756508761176, 'k2': 8.968733598183248e-05, 'D_high': 29.126651668813768, 'fire_exp': 1.7505406131449859, 'P_half': 1.4551749476072258, 'pre_dampen_half': 0.011497512044959184, 'gpp_af': 20.12115544906385, 'gpp_b': 0.002416023630607169, 'gpp_d': 20.81401325574021, 'ign_k': 0.09256855841989636, 'ign_c': 7.832259769732471, 'trop_agb_crit': 24.199763404822136, 'trop_k_veg': 0.975900407343733, 'fire_amp': 5.416595007374148}.
[I 2026-06-10 21:36:35,890] Trial 861 finished with values: [10.78386599314122, 10.78386599314122] and parameters: {'k1': 0.012840669372724958, 'D_low': 1739.6167422846984, 'k2': 0.02939607009739149, 'D_high': 44974.07193749848, 'fire_exp': 1.2918065501148304, 'P_half': 8007.464457322735, 'pre_dampen_half': 98.05638874011484, 'gpp_af': 1.7775411110039254, 'gpp_b': 0.16285506249643175, 'gpp_d': 0.7698760608299932, 'ign_k': 1.6074906204277295, 'ign_c': 2.2489542843914485, 'trop_agb_crit': 26.146349182924812, 'trop_k_veg': 0.6488368931910606, 'fire_amp': 2.818314238665462}.
[I 2026-06-10 21:36:37,636] Trial 862 finished with values: [12.247687304335628, 12.247687304335628] and parameters: {'k1': 0.006079905434073396, 'D_low': 427.93836042014675, 'k2': 4.933751600448335e-05, 'D_high': 99461.47674311613, 'fire_exp': 1.7792742686803427, 'P_half': 61.6097529474144, 'pre_dampen_half': 98.05638874011484, 'gpp_af': 1.7775411110039254, 'gpp_b': 0.0004125336560355494, 'gpp_d': 0.7698760608299932, 'ign_k': 0.0029519227433917453, 'ign_c': 2.2489542843914485, 'trop_agb_crit': 8.0091368834625, 'trop_k_veg': 1.6003641872536711, 'fire_amp': 1.5587346124822492}.
[I 2026-06-10 21:36:40,258] Trial 863 finished with values: [10.737521075072191, 10.737521075072191] and parameters: {'k1': 0.017276056747028225, 'D_low': 1739.6167422846984, 'k2': 0.01567230746060024, 'D_high': 44974.07193749848, 'fire_exp': 3.2459542834651627, 'P_half': 101.40635645866499, 'pre_dampen_half': 2.7496044350174866, 'gpp_af': 1.7775411110039254, 'gpp_b': 0.16285506249643175, 'gpp_d': 95.2715755007094, 'ign_k': 3.6309591863459096, 'ign_c': 0.2747544877072544, 'trop_agb_crit': 3.5874145253515306, 'trop_k_veg': 0.6488368931910606, 'fire_amp': 2.818314238665462}.
[I 2026-06-10 21:36:42,067] Trial 864 finished with values: [10.59718603582502, 10.59718603582502] and parameters: {'k1': 0.017276056747028225, 'D_low': 1739.6167422846984, 'k2': 0.01567230746060024, 'D_high': 44974.07193749848, 'fire_exp': 1.2918065501148304, 'P_half': 61.6097529474144, 'pre_dampen_half': 4.603480758878793, 'gpp_af': 1.7775411110039254, 'gpp_b': 0.16285506249643175, 'gpp_d': 0.7698760608299932, 'ign_k': 0.0029519227433917453, 'ign_c': 2.226297338331262, 'trop_agb_crit': 3.5874145253515306, 'trop_k_veg': 0.828441460847982, 'fire_amp': 2.818314238665462}.
[I 2026-06-10 21:36:43,837] Trial 865 finished with values: [10.833333332159754, 10.833333332159754] and parameters: {'k1': 0.012840669372724958, 'D_low': 155.5385177474217, 'k2': 8.968733598183248e-05, 'D_high': 42210.21267871043, 'fire_exp': 1.7505406131449859, 'P_half': 1.4551749476072258, 'pre_dampen_half': 30.456909077772018, 'gpp_af': 0.013816526035853764, 'gpp_b': 0.005324318259022292, 'gpp_d': 47.35384181058586, 'ign_k': 0.09256855841989636, 'ign_c': 238.46702350126745, 'trop_agb_crit': 2.0527418919564324, 'trop_k_veg': 1.6648666152166967, 'fire_amp': 1.2393473789150806}.
[I 2026-06-10 21:36:45,653] Trial 866 finished with values: [10.193137379926675, 10.193137379926675] and parameters: {'k1': 0.016973078532467004, 'D_low': 24.28756508761176, 'k2': 4.933751600448335e-05, 'D_high': 42.242359735170886, 'fire_exp': 1.6901885781909627, 'P_half': 101.40635645866499, 'pre_dampen_half': 1.8469033699850426, 'gpp_af': 1.9998014714101113, 'gpp_b': 0.00047819318414852577, 'gpp_d': 594.7389794988394, 'ign_k': 0.17320535908244444, 'ign_c': 0.24679157131719837, 'trop_agb_crit': 5.335241529707116, 'trop_k_veg': 5.453348988480011, 'fire_amp': 2.3984211831442845}.
[I 2026-06-10 21:36:47,597] Trial 867 finished with values: [10.040465077530174, 10.040465077530174] and parameters: {'k1': 0.016973078532467004, 'D_low': 24.28756508761176, 'k2': 2.091507303847255e-05, 'D_high': 42210.21267871043, 'fire_exp': 1.6901885781909627, 'P_half': 61.6097529474144, 'pre_dampen_half': 1.8469033699850426, 'gpp_af': 0.016306190741524337, 'gpp_b': 0.0004125336560355494, 'gpp_d': 0.7698760608299932, 'ign_k': 0.0029519227433917453, 'ign_c': 1.1698039424426816, 'trop_agb_crit': 24.199763404822136, 'trop_k_veg': 5.453348988480011, 'fire_amp': 5.416595007374148}.
[I 2026-06-10 21:36:49,615] Trial 868 finished with values: [16.195425141088787, 16.195425141088787] and parameters: {'k1': 0.004467752817973905, 'D_low': 1739.6167422846984, 'k2': 0.02939607009739149, 'D_high': 44974.07193749848, 'fire_exp': 1.4126958348191876, 'P_half': 277.00025557434554, 'pre_dampen_half': 903.3231300044874, 'gpp_af': 1.7775411110039254, 'gpp_b': 0.006999112505425414, 'gpp_d': 942.6090081952854, 'ign_k': 3.6309591863459096, 'ign_c': 2.2489542843914485, 'trop_agb_crit': 3.5874145253515306, 'trop_k_veg': 0.6488368931910606, 'fire_amp': 2.818314238665462}.
[I 2026-06-10 21:36:51,583] Trial 869 finished with values: [-0.439225251048048, 0.07115866245159552] and parameters: {'k1': 0.012840669372724958, 'D_low': 171.2446447678494, 'k2': 2.316457903103837e-05, 'D_high': 42210.21267871043, 'fire_exp': 1.2918065501148304, 'P_half': 9.580682294110435, 'pre_dampen_half': 4.603480758878793, 'gpp_af': 27.448645214004376, 'gpp_b': 0.0004125336560355494, 'gpp_d': 0.7698760608299932, 'ign_k': 0.02779045054796808, 'ign_c': 2.226297338331262, 'trop_agb_crit': 21.086120736447015, 'trop_k_veg': 2.520089655463604, 'fire_amp': 1.2393473789150806}.
[I 2026-06-10 21:36:53,604] Trial 870 finished with values: [-0.41473230351614676, 0.02164110158186472] and parameters: {'k1': 0.012840669372724958, 'D_low': 1739.6167422846984, 'k2': 0.0011135501184757278, 'D_high': 44974.07193749848, 'fire_exp': 1.2918065501148304, 'P_half': 9.580682294110435, 'pre_dampen_half': 4.603480758878793, 'gpp_af': 0.016306190741524337, 'gpp_b': 0.0004125336560355494, 'gpp_d': 0.7698760608299932, 'ign_k': 0.0029519227433917453, 'ign_c': 1.9423015749984096, 'trop_agb_crit': 3.5874145253515306, 'trop_k_veg': 0.6488368931910606, 'fire_amp': 2.818314238665462}.
[I 2026-06-10 21:36:55,598] Trial 871 finished with values: [10.041221480798656, 10.041221480798656] and parameters: {'k1': 0.012840669372724958, 'D_low': 19.89315688058566, 'k2': 3.2423055114836195e-05, 'D_high': 42.242359735170886, 'fire_exp': 1.5305744365500176, 'P_half': 277.00025557434554, 'pre_dampen_half': 28.01075698398644, 'gpp_af': 1.9998014714101113, 'gpp_b': 2.176805640408474e-05, 'gpp_d': 594.7389794988394, 'ign_k': 0.0029519227433917453, 'ign_c': 0.1611736893633666, 'trop_agb_crit': 12.279079504118675, 'trop_k_veg': 0.828441460847982, 'fire_amp': 1.2393473789150806}.
[I 2026-06-10 21:36:57,593] Trial 872 finished with values: [10.579863834106765, 10.579863834106765] and parameters: {'k1': 0.012840669372724958, 'D_low': 80.1811936889058, 'k2': 8.968733598183248e-05, 'D_high': 24.9899605789089, 'fire_exp': 1.7505406131449859, 'P_half': 61.6097529474144, 'pre_dampen_half': 189.88136301569827, 'gpp_af': 0.07576025464197739, 'gpp_b': 0.0004125336560355494, 'gpp_d': 3.257094673454639, 'ign_k': 0.00660597889201953, 'ign_c': 1.4879588507789996, 'trop_agb_crit': 21.086120736447015, 'trop_k_veg': 2.520089655463604, 'fire_amp': 1.2393473789150806}.
[I 2026-06-10 21:36:59,577] Trial 873 finished with values: [10.831909912937693, 10.831909912937693] and parameters: {'k1': 0.004467752817973905, 'D_low': 1074.940539517341, 'k2': 0.01567230746060024, 'D_high': 949.9072859745386, 'fire_exp': 3.2459542834651627, 'P_half': 277.00025557434554, 'pre_dampen_half': 903.3231300044874, 'gpp_af': 1.7775411110039254, 'gpp_b': 0.006999112505425414, 'gpp_d': 29.9035514860849, 'ign_k': 0.09256855841989636, 'ign_c': 2.2489542843914485, 'trop_agb_crit': 3.5874145253515306, 'trop_k_veg': 0.6488368931910606, 'fire_amp': 1.7912500010961188}.
[I 2026-06-10 21:37:02,357] Trial 874 finished with values: [49.71604595546964, 49.71604595546964] and parameters: {'k1': 0.017276056747028225, 'D_low': 24.28756508761176, 'k2': 0.01567230746060024, 'D_high': 8912.611835817017, 'fire_exp': 1.6901885781909627, 'P_half': 101.40635645866499, 'pre_dampen_half': 98.05638874011484, 'gpp_af': 1.7775411110039254, 'gpp_b': 0.015062722325200045, 'gpp_d': 95.2715755007094, 'ign_k': 0.17320535908244444, 'ign_c': 2.2489542843914485, 'trop_agb_crit': 3.5874145253515306, 'trop_k_veg': 0.6488368931910606, 'fire_amp': 5.416595007374148}.
[I 2026-06-10 21:37:04,373] Trial 875 finished with values: [10.288882771663936, 10.288882771663936] and parameters: {'k1': 0.0003783599106879794, 'D_low': 43.2326421037033, 'k2': 8.968733598183248e-05, 'D_high': 29.126651668813768, 'fire_exp': 1.7792742686803427, 'P_half': 157.3644610977214, 'pre_dampen_half': 30.456909077772018, 'gpp_af': 1.9998014714101113, 'gpp_b': 0.002416023630607169, 'gpp_d': 594.7389794988394, 'ign_k': 0.09256855841989636, 'ign_c': 7.832259769732471, 'trop_agb_crit': 5.335241529707116, 'trop_k_veg': 1.6648666152166967, 'fire_amp': 1.5587346124822492}.
[I 2026-06-10 21:37:06,673] Trial 876 finished with values: [10.385654149691968, 10.385654149691968] and parameters: {'k1': 0.0006883147458933808, 'D_low': 50.32059347286801, 'k2': 8.968733598183248e-05, 'D_high': 2427.054417940131, 'fire_exp': 3.150954985759691, 'P_half': 8.318314747941244, 'pre_dampen_half': 189.88136301569827, 'gpp_af': 0.8594202650742228, 'gpp_b': 1.1008110571039521e-05, 'gpp_d': 1.4397852866783676, 'ign_k': 0.13500744867919376, 'ign_c': 0.1611736893633666, 'trop_agb_crit': 1.5033346993841157, 'trop_k_veg': 3.4439936249445045, 'fire_amp': 1.1655705619308396}.
[I 2026-06-10 21:37:08,456] Trial 877 finished with values: [10.45033890758137, 10.45033890758137] and parameters: {'k1': 0.012840669372724958, 'D_low': 408.3047491580097, 'k2': 1.1417577140741129e-05, 'D_high': 29.126651668813768, 'fire_exp': 1.633445707733642, 'P_half': 61.6097529474144, 'pre_dampen_half': 189.36639872354493, 'gpp_af': 0.016306190741524337, 'gpp_b': 0.0004125336560355494, 'gpp_d': 0.7698760608299932, 'ign_k': 0.00660597889201953, 'ign_c': 138.05946158117075, 'trop_agb_crit': 2.1989086830950257, 'trop_k_veg': 2.520089655463604, 'fire_amp': 1.1655705619308396}.
[I 2026-06-10 21:37:10,258] Trial 878 finished with values: [10.833322801872615, 10.833322801872615] and parameters: {'k1': 0.016973078532467004, 'D_low': 1739.6167422846984, 'k2': 8.968733598183248e-05, 'D_high': 42.242359735170886, 'fire_exp': 7.7998219494546595, 'P_half': 101.40635645866499, 'pre_dampen_half': 98.05638874011484, 'gpp_af': 1.7775411110039254, 'gpp_b': 0.0004125336560355494, 'gpp_d': 20.81401325574021, 'ign_k': 0.00660597889201953, 'ign_c': 2.2489542843914485, 'trop_agb_crit': 24.199763404822136, 'trop_k_veg': 0.6488368931910606, 'fire_amp': 5.538534697983617}.
[I 2026-06-10 21:37:12,135] Trial 879 finished with values: [10.401400492642134, 10.401400492642134] and parameters: {'k1': 0.006079905434073396, 'D_low': 43.2326421037033, 'k2': 4.933751600448335e-05, 'D_high': 42.242359735170886, 'fire_exp': 1.7792742686803427, 'P_half': 277.00025557434554, 'pre_dampen_half': 903.3231300044874, 'gpp_af': 0.8057329182285734, 'gpp_b': 0.00047819318414852577, 'gpp_d': 942.6090081952854, 'ign_k': 0.09256855841989636, 'ign_c': 16.497426799845446, 'trop_agb_crit': 8.188098178380693, 'trop_k_veg': 0.6618107836658104, 'fire_amp': 1.5587346124822492}.
[I 2026-06-10 21:37:14,106] Trial 880 finished with values: [10.833244254961903, 10.833244254961903] and parameters: {'k1': 0.012840669372724958, 'D_low': 235.39834531862078, 'k2': 3.2423055114836195e-05, 'D_high': 42210.21267871043, 'fire_exp': 6.122141825699288, 'P_half': 277.00025557434554, 'pre_dampen_half': 4.603480758878793, 'gpp_af': 0.016306190741524337, 'gpp_b': 2.176805640408474e-05, 'gpp_d': 0.37760216765950283, 'ign_k': 0.0029519227433917453, 'ign_c': 0.1611736893633666, 'trop_agb_crit': 2.0527418919564324, 'trop_k_veg': 0.828441460847982, 'fire_amp': 1.2393473789150806}.
[I 2026-06-10 21:37:15,927] Trial 881 finished with values: [10.818145357368556, 10.818145357368556] and parameters: {'k1': 0.012840669372724958, 'D_low': 43.2326421037033, 'k2': 0.0010726091927327822, 'D_high': 42.242359735170886, 'fire_exp': 1.7792742686803427, 'P_half': 277.00025557434554, 'pre_dampen_half': 27.58503443495818, 'gpp_af': 1.9998014714101113, 'gpp_b': 0.004222977274601172, 'gpp_d': 594.7389794988394, 'ign_k': 0.010439567055209046, 'ign_c': 230.93317030826512, 'trop_agb_crit': 1.139620825053645, 'trop_k_veg': 0.9923523017201868, 'fire_amp': 1.7912500010961188}.
[I 2026-06-10 21:37:17,682] Trial 882 finished with values: [-0.38833830675971837, 0.03665366588736141] and parameters: {'k1': 0.04046205802397579, 'D_low': 408.3047491580097, 'k2': 8.968733598183248e-05, 'D_high': 29.126651668813768, 'fire_exp': 1.633445707733642, 'P_half': 9.580682294110435, 'pre_dampen_half': 189.36639872354493, 'gpp_af': 3.298293484806585, 'gpp_b': 0.002416023630607169, 'gpp_d': 0.7698760608299932, 'ign_k': 0.00660597889201953, 'ign_c': 7.832259769732471, 'trop_agb_crit': 1.850652607502099, 'trop_k_veg': 0.5450786550840475, 'fire_amp': 1.1655705619308396}.
[I 2026-06-10 21:37:19,487] Trial 883 finished with values: [10.795627746942497, 10.795627746942497] and parameters: {'k1': 0.0031213520322039886, 'D_low': 24.28756508761176, 'k2': 2.316457903103837e-05, 'D_high': 42210.21267871043, 'fire_exp': 1.6901885781909627, 'P_half': 70.13097205353067, 'pre_dampen_half': 1.8469033699850426, 'gpp_af': 0.002790115363936195, 'gpp_b': 0.015062722325200045, 'gpp_d': 0.7698760608299932, 'ign_k': 0.17320535908244444, 'ign_c': 1.9423015749984096, 'trop_agb_crit': 2.0527418919564324, 'trop_k_veg': 0.828441460847982, 'fire_amp': 5.416595007374148}.
[I 2026-06-10 21:37:21,560] Trial 884 finished with values: [10.833333332159754, 10.833333332159754] and parameters: {'k1': 0.016973078532467004, 'D_low': 24.28756508761176, 'k2': 2.091507303847255e-05, 'D_high': 8912.611835817017, 'fire_exp': 3.2459542834651627, 'P_half': 353.8391696694433, 'pre_dampen_half': 98.05638874011484, 'gpp_af': 1.7775411110039254, 'gpp_b': 0.16285506249643175, 'gpp_d': 29.9035514860849, 'ign_k': 3.6309591863459096, 'ign_c': 43.39260158221387, 'trop_agb_crit': 3.5874145253515306, 'trop_k_veg': 0.6488368931910606, 'fire_amp': 5.416595007374148}.
[I 2026-06-10 21:37:24,158] Trial 885 finished with values: [21.440359623054924, 21.440359623054924] and parameters: {'k1': 0.012840669372724958, 'D_low': 171.2446447678494, 'k2': 0.0010726091927327822, 'D_high': 42210.21267871043, 'fire_exp': 1.2918065501148304, 'P_half': 61.6097529474144, 'pre_dampen_half': 37.40930273158252, 'gpp_af': 1.9998014714101113, 'gpp_b': 2.176805640408474e-05, 'gpp_d': 0.7698760608299932, 'ign_k': 0.8945150807271531, 'ign_c': 1.9423015749984096, 'trop_agb_crit': 5.335241529707116, 'trop_k_veg': 2.520089655463604, 'fire_amp': 1.7912500010961188}.
[I 2026-06-10 21:37:26,025] Trial 886 finished with values: [10.674797779785212, 10.674797779785212] and parameters: {'k1': 0.0001887567630782227, 'D_low': 1079.0778643024298, 'k2': 2.091507303847255e-05, 'D_high': 42.242359735170886, 'fire_exp': 1.6901885781909627, 'P_half': 101.40635645866499, 'pre_dampen_half': 98.05638874011484, 'gpp_af': 1.7775411110039254, 'gpp_b': 1.8400604093141188, 'gpp_d': 47.35384181058586, 'ign_k': 0.17320535908244444, 'ign_c': 1.1698039424426816, 'trop_agb_crit': 24.199763404822136, 'trop_k_veg': 1.6003641872536711, 'fire_amp': 5.416595007374148}.
[I 2026-06-10 21:37:28,043] Trial 887 finished with values: [16.3008544180709, 16.3008544180709] and parameters: {'k1': 0.017276056747028225, 'D_low': 24.28756508761176, 'k2': 0.0002442377596403892, 'D_high': 44974.07193749848, 'fire_exp': 1.2918065501148304, 'P_half': 101.40635645866499, 'pre_dampen_half': 98.05638874011484, 'gpp_af': 1.7775411110039254, 'gpp_b': 0.16285506249643175, 'gpp_d': 298.943216845222, 'ign_k': 3.6309591863459096, 'ign_c': 14.709699119495124, 'trop_agb_crit': 3.5874145253515306, 'trop_k_veg': 2.9214381145106936, 'fire_amp': 1.2393473789150806}.
