[I 2026-06-08 12:36:08,683] Trial 1370 finished with values: [11.19546628905902, 11.19546628905902] and parameters: {'k1': 0.03635503353478365, 'D_low': 1.9623826481168343, 'k2': 0.012758211164590085, 'D_high': 1493.5213816355397, 'fire_exp': 1.165368636520435, 'P_half': 4.213183643253957, 'pre_dampen_half': 161.15276650140873, 'gpp_af': 0.017199513788543352, 'gpp_b': 0.0005752434266899163, 'gpp_d': 10.369565216756202, 'ign_k': 8.708806168038567, 'ign_c': 7.676242208810515, 'trop_agb_crit': 27.9419502163791, 'trop_k_veg': 2.194427136482602}.
[I 2026-06-08 12:36:10,011] Trial 1371 finished with values: [10.341738026601874, 10.341738026601874] and parameters: {'k1': 0.03635503353478365, 'D_low': 70.18267183720735, 'k2': 0.0012040762895973265, 'D_high': 2940.51756322311, 'fire_exp': 1.165368636520435, 'P_half': 4.213183643253957, 'pre_dampen_half': 107.40052367919465, 'gpp_af': 0.1476584299248268, 'gpp_b': 0.06380472332302699, 'gpp_d': 150.14555442537656, 'ign_k': 8.708806168038567, 'ign_c': 20.03995359361212, 'trop_agb_crit': 3.5747129226002423, 'trop_k_veg': 6.9782110227926815}.
[I 2026-06-08 12:36:11,355] Trial 1372 finished with values: [10.359727978366855, 10.359727978366855] and parameters: {'k1': 0.01889771394135163, 'D_low': 1.9623826481168343, 'k2': 0.0012040762895973265, 'D_high': 2940.51756322311, 'fire_exp': 1.165368636520435, 'P_half': 12.808863354047988, 'pre_dampen_half': 502.5175192217655, 'gpp_af': 0.1476584299248268, 'gpp_b': 0.0005752434266899163, 'gpp_d': 0.04278816952793264, 'ign_k': 8.708806168038567, 'ign_c': 20.03995359361212, 'trop_agb_crit': 7.500118950416987, 'trop_k_veg': 6.2065960186008615}.
[I 2026-06-08 12:36:12,636] Trial 1373 finished with values: [-0.5057733403741811, 0.25730912167438935] and parameters: {'k1': 0.01889771394135163, 'D_low': 1.3577269394141454, 'k2': 0.0012040762895973265, 'D_high': 1493.5213816355397, 'fire_exp': 1.165368636520435, 'P_half': 12.808863354047988, 'pre_dampen_half': 107.40052367919465, 'gpp_af': 0.1476584299248268, 'gpp_b': 0.0005752434266899163, 'gpp_d': 24.03741770431653, 'ign_k': 0.01997174727159275, 'ign_c': 20.03995359361212, 'trop_agb_crit': 1.0911298587990423, 'trop_k_veg': 6.2065960186008615}.
[I 2026-06-08 12:36:14,316] Trial 1374 finished with values: [-0.5867078771171066, 0.043114868307879695] and parameters: {'k1': 0.01889771394135163, 'D_low': 38.82837025280678, 'k2': 0.012758211164590085, 'D_high': 2940.51756322311, 'fire_exp': 1.165368636520435, 'P_half': 220.3445560633069, 'pre_dampen_half': 502.5175192217655, 'gpp_af': 0.05511595477601767, 'gpp_b': 0.0005752434266899163, 'gpp_d': 10.369565216756202, 'ign_k': 8.708806168038567, 'ign_c': 20.03995359361212, 'trop_agb_crit': 1.0911298587990423, 'trop_k_veg': 1.9358464828856796}.
[I 2026-06-08 12:36:15,453] Trial 1375 finished with values: [10.053882758206477, 10.053882758206477] and parameters: {'k1': 0.010475330041760883, 'D_low': 1.3577269394141454, 'k2': 0.012758211164590085, 'D_high': 2940.51756322311, 'fire_exp': 1.0601964743503993, 'P_half': 12.808863354047988, 'pre_dampen_half': 107.40052367919465, 'gpp_af': 0.10409127568994281, 'gpp_b': 0.0005752434266899163, 'gpp_d': 0.986538195779616, 'ign_k': 5.595401979134829, 'ign_c': 20.03995359361212, 'trop_agb_crit': 4.789307037039607, 'trop_k_veg': 2.4978545597116653}.
[I 2026-06-08 12:36:16,765] Trial 1376 finished with values: [-0.5860658171771604, 0.09774583429973938] and parameters: {'k1': 0.008471801418819975, 'D_low': 2.143851363193517, 'k2': 0.012758211164590085, 'D_high': 6075.702114214176, 'fire_exp': 1.165368636520435, 'P_half': 12.808863354047988, 'pre_dampen_half': 107.40052367919465, 'gpp_af': 0.1476584299248268, 'gpp_b': 0.0005752434266899163, 'gpp_d': 10.369565216756202, 'ign_k': 0.5562996500551195, 'ign_c': 20.03995359361212, 'trop_agb_crit': 1.0911298587990423, 'trop_k_veg': 6.2065960186008615}.
[I 2026-06-08 12:36:18,080] Trial 1377 finished with values: [10.764453931828992, 10.764453931828992] and parameters: {'k1': 0.01889771394135163, 'D_low': 1.9623826481168343, 'k2': 0.012758211164590085, 'D_high': 1493.5213816355397, 'fire_exp': 1.0601964743503993, 'P_half': 220.3445560633069, 'pre_dampen_half': 107.40052367919465, 'gpp_af': 1.200191344086032, 'gpp_b': 0.0005752434266899163, 'gpp_d': 0.022294910887137375, 'ign_k': 8.708806168038567, 'ign_c': 20.03995359361212, 'trop_agb_crit': 1.0911298587990423, 'trop_k_veg': 2.4978545597116653}.
[I 2026-06-08 12:36:19,266] Trial 1378 finished with values: [10.3417956547021, 10.3417956547021] and parameters: {'k1': 0.01889771394135163, 'D_low': 70.18267183720735, 'k2': 0.0012040762895973265, 'D_high': 1493.5213816355397, 'fire_exp': 1.165368636520435, 'P_half': 220.3445560633069, 'pre_dampen_half': 107.40052367919465, 'gpp_af': 0.1476584299248268, 'gpp_b': 0.0005752434266899163, 'gpp_d': 84.31013932082456, 'ign_k': 8.708806168038567, 'ign_c': 20.03995359361212, 'trop_agb_crit': 1.0911298587990423, 'trop_k_veg': 1.9358464828856796}.
[I 2026-06-08 12:36:20,394] Trial 1379 finished with values: [10.076486145439114, 10.076486145439114] and parameters: {'k1': 0.03635503353478365, 'D_low': 70.18267183720735, 'k2': 0.012758211164590085, 'D_high': 1493.5213816355397, 'fire_exp': 1.165368636520435, 'P_half': 220.3445560633069, 'pre_dampen_half': 107.40052367919465, 'gpp_af': 1.200191344086032, 'gpp_b': 0.0005752434266899163, 'gpp_d': 150.14555442537656, 'ign_k': 8.708806168038567, 'ign_c': 20.03995359361212, 'trop_agb_crit': 4.789307037039607, 'trop_k_veg': 0.8119854317980615}.
[I 2026-06-08 12:36:21,515] Trial 1380 finished with values: [-0.5814648718429027, 0.04838670293101843] and parameters: {'k1': 0.01889771394135163, 'D_low': 1.3577269394141454, 'k2': 0.0012040762895973265, 'D_high': 1493.5213816355397, 'fire_exp': 1.165368636520435, 'P_half': 4.213183643253957, 'pre_dampen_half': 107.40052367919465, 'gpp_af': 0.10409127568994281, 'gpp_b': 0.0005752434266899163, 'gpp_d': 150.14555442537656, 'ign_k': 8.708806168038567, 'ign_c': 20.03995359361212, 'trop_agb_crit': 7.500118950416987, 'trop_k_veg': 2.573214588078609}.
[I 2026-06-08 12:36:22,693] Trial 1381 finished with values: [10.037902226826178, 10.037902226826178] and parameters: {'k1': 0.008471801418819975, 'D_low': 38.82837025280678, 'k2': 0.012758211164590085, 'D_high': 6075.702114214176, 'fire_exp': 1.165368636520435, 'P_half': 220.3445560633069, 'pre_dampen_half': 107.40052367919465, 'gpp_af': 0.10409127568994281, 'gpp_b': 0.0005752434266899163, 'gpp_d': 84.31013932082456, 'ign_k': 8.708806168038567, 'ign_c': 20.03995359361212, 'trop_agb_crit': 1.0911298587990423, 'trop_k_veg': 6.2065960186008615}.
[I 2026-06-08 12:36:23,880] Trial 1382 finished with values: [-0.5872649642094923, 0.03875073133403284] and parameters: {'k1': 0.03635503353478365, 'D_low': 70.18267183720735, 'k2': 0.012758211164590085, 'D_high': 1493.5213816355397, 'fire_exp': 1.165368636520435, 'P_half': 4.213183643253957, 'pre_dampen_half': 107.40052367919465, 'gpp_af': 0.1476584299248268, 'gpp_b': 0.0005752434266899163, 'gpp_d': 660.9129108295722, 'ign_k': 8.708806168038567, 'ign_c': 20.03995359361212, 'trop_agb_crit': 3.5747129226002423, 'trop_k_veg': 2.194427136482602}.
[I 2026-06-08 12:36:25,067] Trial 1383 finished with values: [10.033219741944034, 10.033219741944034] and parameters: {'k1': 0.01889771394135163, 'D_low': 1.3577269394141454, 'k2': 0.026481893558424546, 'D_high': 2940.51756322311, 'fire_exp': 1.165368636520435, 'P_half': 12.808863354047988, 'pre_dampen_half': 107.40052367919465, 'gpp_af': 0.013674069569182738, 'gpp_b': 0.0005752434266899163, 'gpp_d': 660.9129108295722, 'ign_k': 6.705921794825829, 'ign_c': 20.03995359361212, 'trop_agb_crit': 1.0911298587990423, 'trop_k_veg': 2.573214588078609}.
[I 2026-06-08 12:36:26,269] Trial 1384 finished with values: [-0.5895616252749306, 0.042688278335167085] and parameters: {'k1': 0.03635503353478365, 'D_low': 1.3577269394141454, 'k2': 0.04333919331865372, 'D_high': 1493.5213816355397, 'fire_exp': 1.165368636520435, 'P_half': 12.808863354047988, 'pre_dampen_half': 107.40052367919465, 'gpp_af': 0.10409127568994281, 'gpp_b': 0.0005752434266899163, 'gpp_d': 1.1207905189367506, 'ign_k': 8.708806168038567, 'ign_c': 20.03995359361212, 'trop_agb_crit': 3.5747129226002423, 'trop_k_veg': 2.194427136482602}.
[I 2026-06-08 12:36:27,487] Trial 1385 finished with values: [10.038206090967229, 10.038206090967229] and parameters: {'k1': 0.01889771394135163, 'D_low': 1.3577269394141454, 'k2': 0.0012040762895973265, 'D_high': 2940.51756322311, 'fire_exp': 1.165368636520435, 'P_half': 4.213183643253957, 'pre_dampen_half': 107.40052367919465, 'gpp_af': 0.1476584299248268, 'gpp_b': 0.0005752434266899163, 'gpp_d': 150.14555442537656, 'ign_k': 8.708806168038567, 'ign_c': 20.03995359361212, 'trop_agb_crit': 3.5747129226002423, 'trop_k_veg': 2.194427136482602}.
[I 2026-06-08 12:36:28,628] Trial 1386 finished with values: [10.454489964535538, 10.454489964535538] and parameters: {'k1': 0.01889771394135163, 'D_low': 1.9623826481168343, 'k2': 0.0012040762895973265, 'D_high': 6075.702114214176, 'fire_exp': 1.165368636520435, 'P_half': 12.808863354047988, 'pre_dampen_half': 107.40052367919465, 'gpp_af': 0.1476584299248268, 'gpp_b': 0.0005752434266899163, 'gpp_d': 10.369565216756202, 'ign_k': 8.708806168038567, 'ign_c': 20.03995359361212, 'trop_agb_crit': 17.234997993001663, 'trop_k_veg': 6.2065960186008615}.
[I 2026-06-08 12:36:29,760] Trial 1387 finished with values: [10.045558609645884, 10.045558609645884] and parameters: {'k1': 0.01889771394135163, 'D_low': 3.605632705900142, 'k2': 0.012758211164590085, 'D_high': 1493.5213816355397, 'fire_exp': 1.165368636520435, 'P_half': 12.808863354047988, 'pre_dampen_half': 107.40052367919465, 'gpp_af': 0.1476584299248268, 'gpp_b': 0.0005752434266899163, 'gpp_d': 150.14555442537656, 'ign_k': 8.708806168038567, 'ign_c': 20.03995359361212, 'trop_agb_crit': 7.500118950416987, 'trop_k_veg': 2.1104394500982346}.
[I 2026-06-08 12:36:30,890] Trial 1388 finished with values: [10.070087465417648, 10.070087465417648] and parameters: {'k1': 0.01889771394135163, 'D_low': 38.82837025280678, 'k2': 0.012758211164590085, 'D_high': 2940.51756322311, 'fire_exp': 1.165368636520435, 'P_half': 220.3445560633069, 'pre_dampen_half': 502.5175192217655, 'gpp_af': 0.10409127568994281, 'gpp_b': 0.0005752434266899163, 'gpp_d': 0.24910385142714164, 'ign_k': 8.708806168038567, 'ign_c': 20.03995359361212, 'trop_agb_crit': 1.0911298587990423, 'trop_k_veg': 6.2065960186008615}.
[I 2026-06-08 12:36:32,139] Trial 1389 finished with values: [10.362297398227279, 10.362297398227279] and parameters: {'k1': 0.008471801418819975, 'D_low': 1.3577269394141454, 'k2': 0.012758211164590085, 'D_high': 1493.5213816355397, 'fire_exp': 1.165368636520435, 'P_half': 4.213183643253957, 'pre_dampen_half': 107.40052367919465, 'gpp_af': 0.10409127568994281, 'gpp_b': 0.07199319710880853, 'gpp_d': 1.1207905189367506, 'ign_k': 5.595401979134829, 'ign_c': 20.03995359361212, 'trop_agb_crit': 7.500118950416987, 'trop_k_veg': 5.130890164653609}.
[I 2026-06-08 12:36:33,372] Trial 1390 finished with values: [10.21880717430291, 10.21880717430291] and parameters: {'k1': 0.008471801418819975, 'D_low': 2.143851363193517, 'k2': 0.012758211164590085, 'D_high': 1493.5213816355397, 'fire_exp': 1.165368636520435, 'P_half': 4.213183643253957, 'pre_dampen_half': 29.563297076194115, 'gpp_af': 0.1588528422491509, 'gpp_b': 0.0005752434266899163, 'gpp_d': 660.9129108295722, 'ign_k': 8.708806168038567, 'ign_c': 20.03995359361212, 'trop_agb_crit': 3.5747129226002423, 'trop_k_veg': 6.2065960186008615}.
[I 2026-06-08 12:36:34,890] Trial 1391 finished with values: [10.666077817743746, 10.666077817743746] and parameters: {'k1': 0.008471801418819975, 'D_low': 1.3577269394141454, 'k2': 0.0012040762895973265, 'D_high': 1493.5213816355397, 'fire_exp': 1.165368636520435, 'P_half': 4.213183643253957, 'pre_dampen_half': 3.6582532384424273, 'gpp_af': 0.10409127568994281, 'gpp_b': 0.0005752434266899163, 'gpp_d': 84.31013932082456, 'ign_k': 5.595401979134829, 'ign_c': 20.03995359361212, 'trop_agb_crit': 1.0911298587990423, 'trop_k_veg': 5.130890164653609}.
[I 2026-06-08 12:36:36,070] Trial 1392 finished with values: [10.438481772727078, 10.438481772727078] and parameters: {'k1': 0.01889771394135163, 'D_low': 38.82837025280678, 'k2': 0.012758211164590085, 'D_high': 2940.51756322311, 'fire_exp': 1.165368636520435, 'P_half': 12.808863354047988, 'pre_dampen_half': 502.5175192217655, 'gpp_af': 0.10409127568994281, 'gpp_b': 0.0005752434266899163, 'gpp_d': 84.31013932082456, 'ign_k': 0.016643425133733857, 'ign_c': 20.03995359361212, 'trop_agb_crit': 1.0911298587990423, 'trop_k_veg': 1.9358464828856796}.
[I 2026-06-08 12:36:37,261] Trial 1393 finished with values: [10.676496182389853, 10.676496182389853] and parameters: {'k1': 0.03635503353478365, 'D_low': 2.143851363193517, 'k2': 0.0012040762895973265, 'D_high': 2940.51756322311, 'fire_exp': 1.165368636520435, 'P_half': 12.808863354047988, 'pre_dampen_half': 502.5175192217655, 'gpp_af': 0.1476584299248268, 'gpp_b': 0.0005752434266899163, 'gpp_d': 660.9129108295722, 'ign_k': 0.007088878053884102, 'ign_c': 20.03995359361212, 'trop_agb_crit': 1.119501554740411, 'trop_k_veg': 1.9358464828856796}.
[I 2026-06-08 12:36:38,402] Trial 1394 finished with values: [-0.5834928811977304, 0.04378560810319343] and parameters: {'k1': 0.01889771394135163, 'D_low': 3.605632705900142, 'k2': 0.0012040762895973265, 'D_high': 1493.5213816355397, 'fire_exp': 1.165368636520435, 'P_half': 4.213183643253957, 'pre_dampen_half': 107.40052367919465, 'gpp_af': 0.1476584299248268, 'gpp_b': 0.0005752434266899163, 'gpp_d': 150.14555442537656, 'ign_k': 8.708806168038567, 'ign_c': 20.03995359361212, 'trop_agb_crit': 7.500118950416987, 'trop_k_veg': 6.2065960186008615}.
[I 2026-06-08 12:36:39,608] Trial 1395 finished with values: [-0.5901399550139214, 0.05748205563219] and parameters: {'k1': 0.01889771394135163, 'D_low': 2.143851363193517, 'k2': 0.0012040762895973265, 'D_high': 2940.51756322311, 'fire_exp': 1.165368636520435, 'P_half': 16.43560158374934, 'pre_dampen_half': 107.40052367919465, 'gpp_af': 0.1476584299248268, 'gpp_b': 0.0005752434266899163, 'gpp_d': 10.369565216756202, 'ign_k': 8.708806168038567, 'ign_c': 20.03995359361212, 'trop_agb_crit': 1.0911298587990423, 'trop_k_veg': 6.2065960186008615}.
[I 2026-06-08 12:36:40,792] Trial 1396 finished with values: [-0.5927053895019461, 0.04391513640712852] and parameters: {'k1': 0.01889771394135163, 'D_low': 70.18267183720735, 'k2': 0.04333919331865372, 'D_high': 1493.5213816355397, 'fire_exp': 1.165368636520435, 'P_half': 4.213183643253957, 'pre_dampen_half': 107.40052367919465, 'gpp_af': 0.10409127568994281, 'gpp_b': 0.0005752434266899163, 'gpp_d': 84.31013932082456, 'ign_k': 8.708806168038567, 'ign_c': 20.03995359361212, 'trop_agb_crit': 7.500118950416987, 'trop_k_veg': 2.194427136482602}.
[I 2026-06-08 12:36:41,978] Trial 1397 finished with values: [-0.5913453778368962, 0.04259348443669997] and parameters: {'k1': 0.03635503353478365, 'D_low': 1.9623826481168343, 'k2': 0.012758211164590085, 'D_high': 2940.51756322311, 'fire_exp': 1.165368636520435, 'P_half': 220.3445560633069, 'pre_dampen_half': 107.40052367919465, 'gpp_af': 0.10409127568994281, 'gpp_b': 0.0005752434266899163, 'gpp_d': 84.31013932082456, 'ign_k': 8.708806168038567, 'ign_c': 20.03995359361212, 'trop_agb_crit': 3.5747129226002423, 'trop_k_veg': 6.2065960186008615}.
[I 2026-06-08 12:36:43,103] Trial 1398 finished with values: [-0.5876177092347987, 0.053762455274086074] and parameters: {'k1': 0.01889771394135163, 'D_low': 70.18267183720735, 'k2': 0.012758211164590085, 'D_high': 2940.51756322311, 'fire_exp': 1.165368636520435, 'P_half': 4.213183643253957, 'pre_dampen_half': 107.40052367919465, 'gpp_af': 0.1476584299248268, 'gpp_b': 0.0005752434266899163, 'gpp_d': 10.369565216756202, 'ign_k': 8.708806168038567, 'ign_c': 20.03995359361212, 'trop_agb_crit': 1.0911298587990423, 'trop_k_veg': 2.194427136482602}.
[I 2026-06-08 12:36:44,241] Trial 1399 finished with values: [10.150667506355326, 10.150667506355326] and parameters: {'k1': 0.008471801418819975, 'D_low': 2.143851363193517, 'k2': 0.012758211164590085, 'D_high': 2940.51756322311, 'fire_exp': 1.165368636520435, 'P_half': 12.808863354047988, 'pre_dampen_half': 107.40052367919465, 'gpp_af': 0.1476584299248268, 'gpp_b': 0.0005752434266899163, 'gpp_d': 84.31013932082456, 'ign_k': 8.708806168038567, 'ign_c': 20.03995359361212, 'trop_agb_crit': 9.22148025506912, 'trop_k_veg': 2.194427136482602}.
[I 2026-06-08 12:36:45,347] Trial 1400 finished with values: [-0.5935688293357398, 0.0436413636653441] and parameters: {'k1': 0.01889771394135163, 'D_low': 70.18267183720735, 'k2': 0.012758211164590085, 'D_high': 2940.51756322311, 'fire_exp': 1.165368636520435, 'P_half': 12.808863354047988, 'pre_dampen_half': 107.40052367919465, 'gpp_af': 0.05511595477601767, 'gpp_b': 0.0005752434266899163, 'gpp_d': 10.369565216756202, 'ign_k': 8.708806168038567, 'ign_c': 20.03995359361212, 'trop_agb_crit': 3.5747129226002423, 'trop_k_veg': 6.9782110227926815}.
[I 2026-06-08 12:36:46,662] Trial 1401 finished with values: [10.01210879336767, 10.01210879336767] and parameters: {'k1': 0.01889771394135163, 'D_low': 4.484744524732794, 'k2': 0.0012040762895973265, 'D_high': 1493.5213816355397, 'fire_exp': 1.165368636520435, 'P_half': 4.213183643253957, 'pre_dampen_half': 107.40052367919465, 'gpp_af': 0.1476584299248268, 'gpp_b': 0.0005752434266899163, 'gpp_d': 0.986538195779616, 'ign_k': 5.595401979134829, 'ign_c': 20.03995359361212, 'trop_agb_crit': 7.500118950416987, 'trop_k_veg': 6.2065960186008615}.
[I 2026-06-08 12:36:48,007] Trial 1402 finished with values: [10.874010956242463, 10.874010956242463] and parameters: {'k1': 0.01889771394135163, 'D_low': 62.94472924834208, 'k2': 0.05665252534977915, 'D_high': 30536.40655299408, 'fire_exp': 1.165368636520435, 'P_half': 4.213183643253957, 'pre_dampen_half': 107.40052367919465, 'gpp_af': 0.017199513788543352, 'gpp_b': 0.39481046816626336, 'gpp_d': 84.31013932082456, 'ign_k': 1.4249163607123374, 'ign_c': 20.03995359361212, 'trop_agb_crit': 1.0911298587990423, 'trop_k_veg': 2.194427136482602}.
[I 2026-06-08 12:36:49,206] Trial 1403 finished with values: [10.105246324795777, 10.105246324795777] and parameters: {'k1': 0.03635503353478365, 'D_low': 2.143851363193517, 'k2': 0.004570246386060225, 'D_high': 2940.51756322311, 'fire_exp': 1.165368636520435, 'P_half': 12.808863354047988, 'pre_dampen_half': 107.40052367919465, 'gpp_af': 0.1476584299248268, 'gpp_b': 0.0005752434266899163, 'gpp_d': 660.9129108295722, 'ign_k': 8.708806168038567, 'ign_c': 20.03995359361212, 'trop_agb_crit': 3.5747129226002423, 'trop_k_veg': 2.194427136482602}.
[I 2026-06-08 12:36:50,391] Trial 1404 finished with values: [10.715632279580609, 10.715632279580609] and parameters: {'k1': 0.01889771394135163, 'D_low': 2.143851363193517, 'k2': 0.012758211164590085, 'D_high': 109.93789830771857, 'fire_exp': 1.165368636520435, 'P_half': 4.213183643253957, 'pre_dampen_half': 107.40052367919465, 'gpp_af': 1.200191344086032, 'gpp_b': 0.0005752434266899163, 'gpp_d': 10.369565216756202, 'ign_k': 8.708806168038567, 'ign_c': 20.03995359361212, 'trop_agb_crit': 1.0911298587990423, 'trop_k_veg': 6.2065960186008615}.
[I 2026-06-08 12:36:51,607] Trial 1405 finished with values: [10.078339649090452, 10.078339649090452] and parameters: {'k1': 0.008471801418819975, 'D_low': 2.143851363193517, 'k2': 0.012758211164590085, 'D_high': 2940.51756322311, 'fire_exp': 1.165368636520435, 'P_half': 12.808863354047988, 'pre_dampen_half': 343.5382931294007, 'gpp_af': 0.10409127568994281, 'gpp_b': 0.0005752434266899163, 'gpp_d': 10.369565216756202, 'ign_k': 6.705921794825829, 'ign_c': 20.03995359361212, 'trop_agb_crit': 1.0911298587990423, 'trop_k_veg': 2.194427136482602}.
[I 2026-06-08 12:36:52,841] Trial 1406 finished with values: [10.26837081943035, 10.26837081943035] and parameters: {'k1': 0.008471801418819975, 'D_low': 2.143851363193517, 'k2': 0.012758211164590085, 'D_high': 2940.51756322311, 'fire_exp': 1.165368636520435, 'P_half': 481.8692882815973, 'pre_dampen_half': 107.40052367919465, 'gpp_af': 0.10409127568994281, 'gpp_b': 0.0005752434266899163, 'gpp_d': 1.1207905189367506, 'ign_k': 5.595401979134829, 'ign_c': 20.03995359361212, 'trop_agb_crit': 1.0911298587990423, 'trop_k_veg': 5.130890164653609}.
[I 2026-06-08 12:36:54,076] Trial 1407 finished with values: [10.596838079719838, 10.596838079719838] and parameters: {'k1': 0.036394202908311676, 'D_low': 1.9623826481168343, 'k2': 0.012758211164590085, 'D_high': 2940.51756322311, 'fire_exp': 1.2006227951069504, 'P_half': 174.48677828212053, 'pre_dampen_half': 107.40052367919465, 'gpp_af': 0.1476584299248268, 'gpp_b': 0.0005752434266899163, 'gpp_d': 1.1207905189367506, 'ign_k': 6.705921794825829, 'ign_c': 0.2779443670528213, 'trop_agb_crit': 1.0911298587990423, 'trop_k_veg': 6.2065960186008615}.
[I 2026-06-08 12:36:55,800] Trial 1408 finished with values: [-0.5846012064505446, 0.05007141866003173] and parameters: {'k1': 0.008471801418819975, 'D_low': 1.3577269394141454, 'k2': 0.012758211164590085, 'D_high': 2940.51756322311, 'fire_exp': 1.165368636520435, 'P_half': 12.808863354047988, 'pre_dampen_half': 107.40052367919465, 'gpp_af': 0.10409127568994281, 'gpp_b': 0.0005752434266899163, 'gpp_d': 1.1207905189367506, 'ign_k': 8.708806168038567, 'ign_c': 20.03995359361212, 'trop_agb_crit': 1.0911298587990423, 'trop_k_veg': 5.774377687181984}.
[I 2026-06-08 12:36:57,079] Trial 1409 finished with values: [10.432484065094382, 10.432484065094382] and parameters: {'k1': 0.01889771394135163, 'D_low': 70.18267183720735, 'k2': 0.012758211164590085, 'D_high': 1493.5213816355397, 'fire_exp': 2.799339316397215, 'P_half': 220.3445560633069, 'pre_dampen_half': 502.5175192217655, 'gpp_af': 0.05511595477601767, 'gpp_b': 0.0005752434266899163, 'gpp_d': 10.369565216756202, 'ign_k': 8.708806168038567, 'ign_c': 20.03995359361212, 'trop_agb_crit': 3.5747129226002423, 'trop_k_veg': 1.9358464828856796}.
