[I 2026-08-19 17:28:58,453] Trial 1101 finished with value: 0.6445374145881376 and parameters: {'k1': 0.004144973676546176, 'D_low': 2911.2448533797196, 'k2': 9.95317499340331e-05, 'D_high': 1766256.4452179917, 'fire_exp': 4.441627229525551, 'P_half': 917.655572135811, 'pre_dampen_half': 554.9973050608504, 'gpp_af': 0.6649060934360929, 'gpp_b': 0.0014961548775687325, 'gpp_d': 5.283483745489314, 'ign_k': 0.4728377965447334, 'ign_c': 80.2309465342116, 'trop_agb_crit': 3.445186099381047, 'trop_k_veg': 0.9031533441019617, 'pop_amp': 9.961195964577135, 'pop_peak': 9.456338664489744, 'pop_sig': 0.4150776043565052, 'fuel_k': 0.023469387082563672, 'fuel_half': 0.18007249487712965}. Best is trial 0 with value: -0.6094076133578652.
[I 2026-08-19 17:29:00,138] Trial 1102 finished with value: 0.5829786474495986 and parameters: {'k1': 0.0039226655406990425, 'D_low': 124.75177477680263, 'k2': 0.0007439427308362809, 'D_high': 2800214.4312115563, 'fire_exp': 5.141580280380983, 'P_half': 55.19771471944866, 'pre_dampen_half': 587.7809209810488, 'gpp_af': 0.27166973412511003, 'gpp_b': 0.012014975196197507, 'gpp_d': 1.6425146200447465, 'ign_k': 0.06143372802499525, 'ign_c': 5.5339140868705226, 'trop_agb_crit': 3.0183190011234404, 'trop_k_veg': 0.9401751424774043, 'pop_amp': 0.32821111539058195, 'pop_peak': 120.36767300121306, 'pop_sig': 0.3311069644455876, 'fuel_k': 0.035956835402381024, 'fuel_half': 0.5751146255498802}. Best is trial 0 with value: -0.6094076133578652.
[I 2026-08-19 17:29:01,804] Trial 1103 finished with value: 0.5499217166590529 and parameters: {'k1': 0.0005108830967901741, 'D_low': 46.0550806629777, 'k2': 5.799561257551546e-05, 'D_high': 794076.2109777697, 'fire_exp': 5.120238628888101, 'P_half': 348.97971518520984, 'pre_dampen_half': 0.27773124664631677, 'gpp_af': 1.3291269757990485, 'gpp_b': 0.004259862152545853, 'gpp_d': 7.480876483092038, 'ign_k': 0.3094379408486528, 'ign_c': 0.6061250240874773, 'trop_agb_crit': 3.291913739478019, 'trop_k_veg': 0.6644801062421275, 'pop_amp': 5.459164263695667, 'pop_peak': 9.873813353357061, 'pop_sig': 0.6518514227647016, 'fuel_k': 0.14377007916059847, 'fuel_half': 0.41433103991532627}. Best is trial 0 with value: -0.6094076133578652.
[I 2026-08-19 17:29:03,484] Trial 1104 finished with value: 0.5865315685077777 and parameters: {'k1': 0.0019201738977856365, 'D_low': 3.217732901530715, 'k2': 0.005519942900052658, 'D_high': 157438.55183678857, 'fire_exp': 4.290621863603386, 'P_half': 331.91308202583895, 'pre_dampen_half': 4.6397690115038195, 'gpp_af': 0.03610703317785481, 'gpp_b': 0.005451122268906805, 'gpp_d': 1.98178756141245, 'ign_k': 0.025591409711550914, 'ign_c': 0.4433676207265623, 'trop_agb_crit': 5.6791677472935875, 'trop_k_veg': 0.6526669958720395, 'pop_amp': 0.32146873573034235, 'pop_peak': 53.01623013866455, 'pop_sig': 0.6793548597407972, 'fuel_k': 0.17536348110591127, 'fuel_half': 5.8875196493346005}. Best is trial 0 with value: -0.6094076133578652.
[I 2026-08-19 17:29:05,179] Trial 1105 finished with value: 0.5734067828540643 and parameters: {'k1': 0.0015928481337074507, 'D_low': 66.03402575220115, 'k2': 0.000489966759772286, 'D_high': 9515811.37447882, 'fire_exp': 6.249558225248071, 'P_half': 546.6404388257006, 'pre_dampen_half': 4.334675907532776, 'gpp_af': 0.4281237481040545, 'gpp_b': 0.0018439464019005738, 'gpp_d': 4.553230340595863, 'ign_k': 0.3441253111811686, 'ign_c': 2.0373191221556857, 'trop_agb_crit': 12.69345487298567, 'trop_k_veg': 0.622298675935968, 'pop_amp': 0.953620100871592, 'pop_peak': 84.52385187787849, 'pop_sig': 0.617598031506611, 'fuel_k': 0.10579460448331557, 'fuel_half': 1.9682451236366547}. Best is trial 0 with value: -0.6094076133578652.
[I 2026-08-19 17:29:06,888] Trial 1106 finished with value: 0.5916702762568632 and parameters: {'k1': 0.0030378682625660453, 'D_low': 201.3233279185471, 'k2': 0.0004138473696020633, 'D_high': 2130004.576197571, 'fire_exp': 4.032075579662451, 'P_half': 11.976828290052946, 'pre_dampen_half': 2.9148018120279353, 'gpp_af': 0.01323954636306519, 'gpp_b': 0.007575960593510072, 'gpp_d': 261.29123216220864, 'ign_k': 0.009472680230156736, 'ign_c': 0.7887370198595232, 'trop_agb_crit': 2.3126936187952305, 'trop_k_veg': 0.7306435399783855, 'pop_amp': 2.5454264039950734, 'pop_peak': 16.01960426001549, 'pop_sig': 1.3505186671620664, 'fuel_k': 0.4727821241566502, 'fuel_half': 0.3994860205998354}. Best is trial 0 with value: -0.6094076133578652.
[I 2026-08-19 17:29:08,569] Trial 1107 finished with value: 0.42764629243289565 and parameters: {'k1': 0.0006344994903423404, 'D_low': 1426.6673171102793, 'k2': 0.008544724742334628, 'D_high': 3467154.151664609, 'fire_exp': 2.60308853871686, 'P_half': 1.546003243980757, 'pre_dampen_half': 8.319289931998636, 'gpp_af': 0.19699910788493327, 'gpp_b': 0.0009514462032766136, 'gpp_d': 669.245734301387, 'ign_k': 0.28356402615897097, 'ign_c': 0.5724875216481425, 'trop_agb_crit': 22.508579950486364, 'trop_k_veg': 2.130658117479647, 'pop_amp': 0.02310434386609157, 'pop_peak': 0.18117015231433545, 'pop_sig': 0.9176225190617788, 'fuel_k': 0.8102516010446056, 'fuel_half': 0.13863777425457632}. Best is trial 0 with value: -0.6094076133578652.
[I 2026-08-19 17:29:10,182] Trial 1108 finished with value: 0.5639494913960126 and parameters: {'k1': 0.011129307778577995, 'D_low': 51.15592029947508, 'k2': 0.0018680683755353574, 'D_high': 772826.326743987, 'fire_exp': 3.045468603503061, 'P_half': 1.5933105148640332, 'pre_dampen_half': 6.094136725347185, 'gpp_af': 0.6077502554184819, 'gpp_b': 0.01218511343647482, 'gpp_d': 187.36786380945725, 'ign_k': 0.7427772686919663, 'ign_c': 0.22499743756578494, 'trop_agb_crit': 2.067830702094033, 'trop_k_veg': 1.0490386417188624, 'pop_amp': 5.585474193950012, 'pop_peak': 0.439982148233748, 'pop_sig': 1.0090734950787281, 'fuel_k': 0.5781709682806716, 'fuel_half': 0.33287719701021606}. Best is trial 0 with value: -0.6094076133578652.
[I 2026-08-19 17:29:11,834] Trial 1109 finished with value: 0.4603391698556851 and parameters: {'k1': 0.007788879231795299, 'D_low': 23.98462956668184, 'k2': 0.00017806442559261735, 'D_high': 5739186.491158811, 'fire_exp': 1.5663575735847755, 'P_half': 30.077524847625888, 'pre_dampen_half': 0.4171245750796569, 'gpp_af': 0.4232821445452727, 'gpp_b': 0.1664097208774877, 'gpp_d': 41.877737407657236, 'ign_k': 0.01814570849403974, 'ign_c': 1.1812598601589523, 'trop_agb_crit': 8.302842995871115, 'trop_k_veg': 0.9000872008630181, 'pop_amp': 9.970053727622618, 'pop_peak': 85.92218182702638, 'pop_sig': 1.406769926870735, 'fuel_k': 0.7507652410491202, 'fuel_half': 0.3399990293175095}. Best is trial 0 with value: -0.6094076133578652.
[I 2026-08-19 17:29:13,465] Trial 1110 finished with value: -0.5926012541596302 and parameters: {'k1': 0.028651182592729172, 'D_low': 8.421465463032863, 'k2': 0.0032719427918199914, 'D_high': 328320.07412481116, 'fire_exp': 5.952908503344997, 'P_half': 3.6771000877219993, 'pre_dampen_half': 11.134685881843177, 'gpp_af': 0.012274820113629202, 'gpp_b': 0.0004473123965870756, 'gpp_d': 686.7904674658835, 'ign_k': 0.19725439447713364, 'ign_c': 0.15581658612140736, 'trop_agb_crit': 23.455739811045447, 'trop_k_veg': 1.1648755448002124, 'pop_amp': 0.03166913483871862, 'pop_peak': 1.5879166979148684, 'pop_sig': 0.5254153048487834, 'fuel_k': 0.47212949509649826, 'fuel_half': 0.18265817747543675}. Best is trial 0 with value: -0.6094076133578652.
[I 2026-08-19 17:29:15,144] Trial 1111 finished with value: 0.5895157990696732 and parameters: {'k1': 0.0006754364410076948, 'D_low': 456.4418640771505, 'k2': 0.004216605274156781, 'D_high': 5793055.202820386, 'fire_exp': 2.5280783592535494, 'P_half': 133.9714789939728, 'pre_dampen_half': 78.95672240422846, 'gpp_af': 0.027935346697475192, 'gpp_b': 0.0005543652940352333, 'gpp_d': 0.1453604264322354, 'ign_k': 6.726368025534436, 'ign_c': 4.045771760808388, 'trop_agb_crit': 1.5128333333498492, 'trop_k_veg': 1.2082280008600659, 'pop_amp': 12.532462487033529, 'pop_peak': 9.11117575522758, 'pop_sig': 0.2679333552431109, 'fuel_k': 0.05147824324866627, 'fuel_half': 0.47788586182016296}. Best is trial 0 with value: -0.6094076133578652.
  trial 1112/2500  best_overall=0.6094  (30.9 min)
[I 2026-08-19 17:29:17,219] Trial 1112 finished with value: 0.5302622684693372 and parameters: {'k1': 0.022557004843317224, 'D_low': 102.20675384477026, 'k2': 0.001369791060834087, 'D_high': 4021.306729767243, 'fire_exp': 7.373862437700366, 'P_half': 1.6437722692716852, 'pre_dampen_half': 9.480335446934191, 'gpp_af': 0.019804270094201312, 'gpp_b': 6.471824961287284e-05, 'gpp_d': 823.0964255796075, 'ign_k': 1.591911460841479, 'ign_c': 1.5114732467873264, 'trop_agb_crit': 25.945867420361513, 'trop_k_veg': 1.3308517670118831, 'pop_amp': 0.01460434922109474, 'pop_peak': 1.3508284382921496, 'pop_sig': 0.612013375264547, 'fuel_k': 3.6468350792069852, 'fuel_half': 0.30046976023918126}. Best is trial 0 with value: -0.6094076133578652.
[I 2026-08-19 17:29:19,008] Trial 1113 finished with value: -0.5714693626606928 and parameters: {'k1': 0.0006351239984472878, 'D_low': 5.702871797541479, 'k2': 0.0008140572129212273, 'D_high': 1379712.0744584429, 'fire_exp': 2.0110179757465607, 'P_half': 61.675589713037375, 'pre_dampen_half': 6.0956786444214455, 'gpp_af': 0.13866652485635653, 'gpp_b': 0.07836461190742242, 'gpp_d': 1.6617405420817868, 'ign_k': 0.17381568663248936, 'ign_c': 0.7201178177074112, 'trop_agb_crit': 7.299330171589441, 'trop_k_veg': 0.5638872921460902, 'pop_amp': 0.05706948296189253, 'pop_peak': 16.34904733677491, 'pop_sig': 0.43280850296836887, 'fuel_k': 3.8750797815455544, 'fuel_half': 0.3000181340468851}. Best is trial 0 with value: -0.6094076133578652.
[I 2026-08-19 17:29:20,678] Trial 1114 finished with value: 0.4594824426327141 and parameters: {'k1': 3.6117701035597045e-05, 'D_low': 24.758758580151667, 'k2': 0.0013418934493304414, 'D_high': 1381558.2965781947, 'fire_exp': 4.086589242001113, 'P_half': 25.481774182992996, 'pre_dampen_half': 4.7270622026170255, 'gpp_af': 0.06888448488763031, 'gpp_b': 0.00036582711590302843, 'gpp_d': 21.421842306296053, 'ign_k': 0.20878111556467074, 'ign_c': 0.32769396160677167, 'trop_agb_crit': 6.2371275483899975, 'trop_k_veg': 0.6121526622830502, 'pop_amp': 7.340267119508536, 'pop_peak': 22.599569614625235, 'pop_sig': 1.1596676581929153, 'fuel_k': 0.483571342571031, 'fuel_half': 0.1571442159535393}. Best is trial 0 with value: -0.6094076133578652.
[I 2026-08-19 17:29:22,374] Trial 1115 finished with value: -0.5886397657914414 and parameters: {'k1': 0.006094202415089318, 'D_low': 6.186554284641502, 'k2': 0.0011018695632128322, 'D_high': 1125163.516911936, 'fire_exp': 1.9463355507902267, 'P_half': 162.0556049194135, 'pre_dampen_half': 2.157828213209096, 'gpp_af': 0.1870496425991944, 'gpp_b': 0.029387365565688515, 'gpp_d': 21.439120881748725, 'ign_k': 3.7992955191502715, 'ign_c': 4.742985484644458, 'trop_agb_crit': 7.147401170392793, 'trop_k_veg': 0.7655265898675772, 'pop_amp': 2.707475387917967, 'pop_peak': 29.562184540922193, 'pop_sig': 0.34738195095455715, 'fuel_k': 0.038479820193901226, 'fuel_half': 0.23770165478414237}. Best is trial 0 with value: -0.6094076133578652.
[I 2026-08-19 17:29:24,027] Trial 1116 finished with value: 0.6445374145881376 and parameters: {'k1': 0.002747718299578448, 'D_low': 132.30010815814882, 'k2': 6.126916821270728e-05, 'D_high': 4228202.430868133, 'fire_exp': 1.129940436139447, 'P_half': 344.8986077277404, 'pre_dampen_half': 0.2449106437555127, 'gpp_af': 0.03296828849788795, 'gpp_b': 0.4165623096879317, 'gpp_d': 68.9547383055346, 'ign_k': 3.7897539727353697, 'ign_c': 64.3267493949485, 'trop_agb_crit': 9.035142636220963, 'trop_k_veg': 1.1658276704730928, 'pop_amp': 5.659212892692062, 'pop_peak': 3.1570203460796713, 'pop_sig': 0.3645700758565008, 'fuel_k': 0.0277622162992456, 'fuel_half': 0.14697653817297662}. Best is trial 0 with value: -0.6094076133578652.
[I 2026-08-19 17:29:25,679] Trial 1117 finished with value: 0.6037227049978338 and parameters: {'k1': 0.012014486136787877, 'D_low': 2.9585419468405765, 'k2': 0.00011412202663179427, 'D_high': 8644.83001587343, 'fire_exp': 2.6995315453921136, 'P_half': 15.58067179502453, 'pre_dampen_half': 8.526850184970721, 'gpp_af': 0.05785801417431126, 'gpp_b': 0.09795603230652455, 'gpp_d': 0.30084545723684764, 'ign_k': 0.023001331884547557, 'ign_c': 0.813637622601248, 'trop_agb_crit': 6.127188947367625, 'trop_k_veg': 0.5234300330799561, 'pop_amp': 16.93158447746877, 'pop_peak': 47.30228616737264, 'pop_sig': 0.5449334664062252, 'fuel_k': 0.35048812206909996, 'fuel_half': 0.4333217273398042}. Best is trial 0 with value: -0.6094076133578652.
[I 2026-08-19 17:29:27,338] Trial 1118 finished with value: 0.4648027351626801 and parameters: {'k1': 0.012630807386007444, 'D_low': 155.6600396814078, 'k2': 0.0004836538312494766, 'D_high': 3189780.0268833027, 'fire_exp': 4.410577464779905, 'P_half': 8.08512475821423, 'pre_dampen_half': 2.787827647276551, 'gpp_af': 0.6637612663310699, 'gpp_b': 0.008179046368259679, 'gpp_d': 156.89346424874992, 'ign_k': 7.651706455345802, 'ign_c': 1.686894140276253, 'trop_agb_crit': 3.7313363354365494, 'trop_k_veg': 0.839977241281292, 'pop_amp': 4.542966120660637, 'pop_peak': 44.774471899, 'pop_sig': 0.44217531581986536, 'fuel_k': 0.03725374224886989, 'fuel_half': 0.10767551979202201}. Best is trial 0 with value: -0.6094076133578652.
[I 2026-08-19 17:29:28,964] Trial 1119 finished with value: 0.4476731831498989 and parameters: {'k1': 0.0006445950332118456, 'D_low': 1.4899103256112418, 'k2': 0.0002516982532414729, 'D_high': 5274994.653030443, 'fire_exp': 2.1678430562427584, 'P_half': 18.367335168199986, 'pre_dampen_half': 3.470754924756771, 'gpp_af': 0.1987958404845914, 'gpp_b': 0.0034995985754032143, 'gpp_d': 0.6907613386841251, 'ign_k': 0.322707429424743, 'ign_c': 0.9219243785773162, 'trop_agb_crit': 6.276619755178874, 'trop_k_veg': 0.8039439385438716, 'pop_amp': 3.9703730996740676, 'pop_peak': 2.642824899978754, 'pop_sig': 0.5497031273629535, 'fuel_k': 0.20303502263199036, 'fuel_half': 1.167113671949436}. Best is trial 0 with value: -0.6094076133578652.
[I 2026-08-19 17:29:30,645] Trial 1120 finished with value: 0.5972628710772592 and parameters: {'k1': 0.012897423124931666, 'D_low': 12.384768495093242, 'k2': 0.0006730604138084872, 'D_high': 17401.025680024974, 'fire_exp': 2.585777142014933, 'P_half': 746.0083199861784, 'pre_dampen_half': 0.7774978674455424, 'gpp_af': 0.2851732448058119, 'gpp_b': 0.42387128933937573, 'gpp_d': 42.84340806548634, 'ign_k': 4.657686967113424, 'ign_c': 1.8672891893069112, 'trop_agb_crit': 3.901637596938779, 'trop_k_veg': 1.0031336142969007, 'pop_amp': 0.5633082507974227, 'pop_peak': 1.7057635042856365, 'pop_sig': 0.36298257643435455, 'fuel_k': 0.02277720153729594, 'fuel_half': 0.13008706665943023}. Best is trial 0 with value: -0.6094076133578652.
[I 2026-08-19 17:29:32,282] Trial 1121 finished with value: 0.4205432617032865 and parameters: {'k1': 0.03868454667914868, 'D_low': 29.692109493198284, 'k2': 0.0003032458082222698, 'D_high': 4467354.109400079, 'fire_exp': 5.623681833481339, 'P_half': 2.43928487264502, 'pre_dampen_half': 3.4062398158293417, 'gpp_af': 0.1045253598008917, 'gpp_b': 0.0005508730047474721, 'gpp_d': 52.882571417532354, 'ign_k': 0.12770151620088951, 'ign_c': 0.24599980997263976, 'trop_agb_crit': 18.31666953957555, 'trop_k_veg': 1.1403574152553595, 'pop_amp': 0.005166574870179975, 'pop_peak': 1.5463058688318416, 'pop_sig': 0.3862664743992393, 'fuel_k': 0.7523113854106525, 'fuel_half': 0.16971384903659992}. Best is trial 0 with value: -0.6094076133578652.
[I 2026-08-19 17:29:33,919] Trial 1122 finished with value: 0.5265451175614222 and parameters: {'k1': 0.0017128605071950566, 'D_low': 11.625518645328944, 'k2': 0.0002466736016742535, 'D_high': 143553.16495021732, 'fire_exp': 1.8770499105871978, 'P_half': 1.1423662577132208, 'pre_dampen_half': 5.462391811469357, 'gpp_af': 0.5007005534211386, 'gpp_b': 1.5511524557630884e-05, 'gpp_d': 833.1548009552245, 'ign_k': 0.1259469166840921, 'ign_c': 0.38580117210250237, 'trop_agb_crit': 8.796059089618511, 'trop_k_veg': 1.0050375891197167, 'pop_amp': 1.8487615507879307, 'pop_peak': 17.683626329922305, 'pop_sig': 0.7204790503573596, 'fuel_k': 0.2389998001945396, 'fuel_half': 0.2345909612222654}. Best is trial 0 with value: -0.6094076133578652.
[I 2026-08-19 17:29:35,712] Trial 1123 finished with value: 0.46288211857069084 and parameters: {'k1': 0.0005260541139774675, 'D_low': 95.82862460197452, 'k2': 0.00029647821742383835, 'D_high': 9212927.096602436, 'fire_exp': 2.3412431547067274, 'P_half': 54.59084652174313, 'pre_dampen_half': 21.979976179364524, 'gpp_af': 0.0191534814170419, 'gpp_b': 0.0007594925120851702, 'gpp_d': 1.0987632868986468, 'ign_k': 0.23226489553654384, 'ign_c': 18.851287104809423, 'trop_agb_crit': 6.626829025073444, 'trop_k_veg': 0.5622328993998087, 'pop_amp': 0.6069008954735248, 'pop_peak': 62.814268671896976, 'pop_sig': 0.36359128009018493, 'fuel_k': 0.03035882350294897, 'fuel_half': 0.5469491093695269}. Best is trial 0 with value: -0.6094076133578652.
  trial 1124/2500  best_overall=0.6094  (31.2 min)
[I 2026-08-19 17:29:38,031] Trial 1124 finished with value: 0.4601596428992367 and parameters: {'k1': 0.0010759304234194294, 'D_low': 5.478143135205897, 'k2': 0.00017483155132542378, 'D_high': 95438.57444488227, 'fire_exp': 1.4935879386348143, 'P_half': 61.081932151795314, 'pre_dampen_half': 1.2239512567013735, 'gpp_af': 0.5010752659364802, 'gpp_b': 0.0009376696177647886, 'gpp_d': 245.72128635853986, 'ign_k': 0.21220503686546574, 'ign_c': 1.4992754537124917, 'trop_agb_crit': 27.143111355986413, 'trop_k_veg': 2.8385554866273237, 'pop_amp': 0.08508373255405315, 'pop_peak': 0.09085098736258336, 'pop_sig': 0.340055174115529, 'fuel_k': 4.076544016802479, 'fuel_half': 0.5578774007079461}. Best is trial 0 with value: -0.6094076133578652.
[I 2026-08-19 17:29:40,015] Trial 1125 finished with value: 0.5312004392873184 and parameters: {'k1': 0.002491035434421107, 'D_low': 456.73176776791445, 'k2': 0.0023921791128594726, 'D_high': 374927.24921273167, 'fire_exp': 1.4314047339557878, 'P_half': 4117.228009988027, 'pre_dampen_half': 23.84266848990496, 'gpp_af': 0.38434453048052447, 'gpp_b': 0.012433918212968015, 'gpp_d': 42.07315531650521, 'ign_k': 3.2251050957589134, 'ign_c': 1.0623045073838946, 'trop_agb_crit': 6.01906494056792, 'trop_k_veg': 0.5055002251327669, 'pop_amp': 2.651727622433247, 'pop_peak': 11.220445862077755, 'pop_sig': 0.2776386820973229, 'fuel_k': 0.02422653941422347, 'fuel_half': 1.6560063304587114}. Best is trial 0 with value: -0.6094076133578652.
[I 2026-08-19 17:29:41,717] Trial 1126 finished with value: 0.6121151082922018 and parameters: {'k1': 0.013387531869059046, 'D_low': 7.910210554882042, 'k2': 0.003823672616647927, 'D_high': 1932847.3016184086, 'fire_exp': 8.51993519357432, 'P_half': 3.657529972182937, 'pre_dampen_half': 6.68842345234856, 'gpp_af': 0.005708691917684052, 'gpp_b': 0.016054962900303643, 'gpp_d': 590.1580555410038, 'ign_k': 0.49949633515287234, 'ign_c': 0.4470643136383619, 'trop_agb_crit': 6.581072459964555, 'trop_k_veg': 1.4161926555331052, 'pop_amp': 0.05134553683241425, 'pop_peak': 4.113923057320776, 'pop_sig': 0.9708960993141224, 'fuel_k': 0.1850709874580113, 'fuel_half': 1.2631666107328403}. Best is trial 0 with value: -0.6094076133578652.
[I 2026-08-19 17:29:43,445] Trial 1127 finished with value: 0.43553438686590984 and parameters: {'k1': 0.0004624217959742697, 'D_low': 25.361863916016542, 'k2': 0.00010755547927497001, 'D_high': 858667.6442022356, 'fire_exp': 2.783354866414653, 'P_half': 39.94101915683684, 'pre_dampen_half': 0.8016761793999778, 'gpp_af': 0.03768742604320952, 'gpp_b': 0.002835695237415407, 'gpp_d': 141.92835351929602, 'ign_k': 4.368024076987054, 'ign_c': 0.1098644607401002, 'trop_agb_crit': 25.770381986663537, 'trop_k_veg': 2.325137503485735, 'pop_amp': 6.245783479139585, 'pop_peak': 0.19796472004454957, 'pop_sig': 0.48767776441401695, 'fuel_k': 1.9349098468669432, 'fuel_half': 4.464026851074187}. Best is trial 0 with value: -0.6094076133578652.
[I 2026-08-19 17:29:45,103] Trial 1128 finished with value: 0.5835787977000519 and parameters: {'k1': 0.002374743881622819, 'D_low': 56.208589857556454, 'k2': 6.040240721875808e-05, 'D_high': 6611738.4192748265, 'fire_exp': 5.794485074592603, 'P_half': 939.8714203359588, 'pre_dampen_half': 0.22727598462934967, 'gpp_af': 0.018397253446264025, 'gpp_b': 0.00013815624191777123, 'gpp_d': 10.70307412669893, 'ign_k': 0.013076160329328502, 'ign_c': 1.3506888588471966, 'trop_agb_crit': 3.32096927419953, 'trop_k_veg': 1.377728988944565, 'pop_amp': 5.485533431651073, 'pop_peak': 231.46126295359963, 'pop_sig': 0.5587523965092765, 'fuel_k': 0.1836803313666563, 'fuel_half': 0.20872275596064876}. Best is trial 0 with value: -0.6094076133578652.
[I 2026-08-19 17:29:46,774] Trial 1129 finished with value: 0.5760643358910659 and parameters: {'k1': 0.051421381515966355, 'D_low': 2.5277233207933927, 'k2': 8.502775659608754e-05, 'D_high': 95399.76228522183, 'fire_exp': 1.8988355280083682, 'P_half': 19.494590753898738, 'pre_dampen_half': 0.6481208585231772, 'gpp_af': 0.26403769927453713, 'gpp_b': 0.010447574417515393, 'gpp_d': 4.402154399672619, 'ign_k': 0.38626082247705046, 'ign_c': 27.17384393633305, 'trop_agb_crit': 7.709374884985212, 'trop_k_veg': 0.9112508751576723, 'pop_amp': 1.170006382705743, 'pop_peak': 32.89239116829103, 'pop_sig': 0.3374207860840589, 'fuel_k': 0.04777504497459467, 'fuel_half': 0.21445705917014798}. Best is trial 0 with value: -0.6094076133578652.
