[I 2026-07-22 18:48:34,076] Trial 944 finished with values: [10.765685311121103, 10.765685311121103] and parameters: {'k1': 6.455386366109267e-05, 'D_low': 8454.098152188677, 'k2': 2.8459703343413838e-05, 'D_high': 708572.1663941594, 'fire_exp': 2.0165721691808587, 'P_half': 6796.634575348652, 'pre_dampen_half': 3.9885726374014694, 'gpp_af': 0.015350904103515228, 'gpp_b': 0.0054502936945582505, 'gpp_d': 1.050978521342778, 'ign_k': 0.029632139204027373, 'ign_c': 2.03107736072328, 'trop_agb_crit': 5.707205898008383, 'trop_k_veg': 2.3408809609838257, 'fuel_k': 1.1820218758583807, 'fuel_half': 0.3335026483569958}.
[I 2026-07-22 18:48:34,532] Trial 945 finished with values: [10.446976123973393, 10.446976123973393] and parameters: {'k1': 0.052334804885400876, 'D_low': 13.25142220631392, 'k2': 0.020149789847008874, 'D_high': 580966.5602369158, 'fire_exp': 3.9865235442286613, 'P_half': 7.890004262668578, 'pre_dampen_half': 0.46504594134732663, 'gpp_af': 0.12243451886824051, 'gpp_b': 1.1820908383754237e-05, 'gpp_d': 0.05551882314935149, 'ign_k': 0.5131654955148324, 'ign_c': 11.40086370112731, 'trop_agb_crit': 5.707205898008383, 'trop_k_veg': 2.417028380770307, 'fuel_k': 0.0706341516405198, 'fuel_half': 0.3335026483569958}.
[I 2026-07-22 18:48:34,977] Trial 946 finished with values: [10.346009427306115, 10.346009427306115] and parameters: {'k1': 0.006033623633620595, 'D_low': 195.72118561834387, 'k2': 0.001566517163094646, 'D_high': 316055.11434645456, 'fire_exp': 1.2242398136753672, 'P_half': 38.82837025280678, 'pre_dampen_half': 0.46504594134732663, 'gpp_af': 0.015350904103515228, 'gpp_b': 0.0054502936945582505, 'gpp_d': 700.6693992445935, 'ign_k': 3.284529979576942, 'ign_c': 11.40086370112731, 'trop_agb_crit': 20.205002815711154, 'trop_k_veg': 2.417028380770307, 'fuel_k': 0.48736180483849406, 'fuel_half': 81.87941582538087}.
[I 2026-07-22 18:48:35,421] Trial 947 finished with values: [10.76923076903347, 10.76923076903347] and parameters: {'k1': 0.00016480446427978953, 'D_low': 126.11058927054879, 'k2': 0.001566517163094646, 'D_high': 316055.11434645456, 'fire_exp': 7.527499959153801, 'P_half': 38.82837025280678, 'pre_dampen_half': 0.46504594134732663, 'gpp_af': 0.12243451886824051, 'gpp_b': 9.506179832307065, 'gpp_d': 700.6693992445935, 'ign_k': 4.59148521674054, 'ign_c': 3.0378658251922155, 'trop_agb_crit': 3.4997565565368793, 'trop_k_veg': 2.417028380770307, 'fuel_k': 0.08612665817296865, 'fuel_half': 0.32476735706274484}.
[I 2026-07-22 18:48:35,877] Trial 948 finished with values: [11.814398332721888, 11.814398332721888] and parameters: {'k1': 0.0003199177539819797, 'D_low': 13.25142220631392, 'k2': 0.001566517163094646, 'D_high': 708572.1663941594, 'fire_exp': 1.2242398136753672, 'P_half': 7.890004262668578, 'pre_dampen_half': 3.9885726374014694, 'gpp_af': 0.25562996323356013, 'gpp_b': 1.1820908383754237e-05, 'gpp_d': 9.00460602264307, 'ign_k': 3.284529979576942, 'ign_c': 6.1609752947414345, 'trop_agb_crit': 5.707205898008383, 'trop_k_veg': 0.6921865222804094, 'fuel_k': 0.0500651901928747, 'fuel_half': 0.3335026483569958}.
[I 2026-07-22 18:48:36,301] Trial 949 finished with values: [10.315696673307887, 10.315696673307887] and parameters: {'k1': 0.003242143344038315, 'D_low': 102.19595065529477, 'k2': 0.001566517163094646, 'D_high': 4916.587647921618, 'fire_exp': 1.182396148413737, 'P_half': 1938.3858782150498, 'pre_dampen_half': 420.2116526335304, 'gpp_af': 0.3259758793317361, 'gpp_b': 8.129227514069975e-05, 'gpp_d': 757.4758210832024, 'ign_k': 0.009861808369679786, 'ign_c': 11.40086370112731, 'trop_agb_crit': 15.870971677383487, 'trop_k_veg': 3.024803048559367, 'fuel_k': 0.6137000782082781, 'fuel_half': 91.90868674438059}.
[I 2026-07-22 18:48:36,730] Trial 950 finished with values: [10.397748304799274, 10.397748304799274] and parameters: {'k1': 0.0029707920514735983, 'D_low': 4.043300846639722, 'k2': 0.001566517163094646, 'D_high': 214993.64818184453, 'fire_exp': 1.2242398136753672, 'P_half': 1938.3858782150498, 'pre_dampen_half': 33.97904243111269, 'gpp_af': 26.976083816287083, 'gpp_b': 1.7565109007473816e-05, 'gpp_d': 9.230424427425296, 'ign_k': 0.47637374845937214, 'ign_c': 11.40086370112731, 'trop_agb_crit': 15.870971677383487, 'trop_k_veg': 6.911478238001162, 'fuel_k': 5.486054129200971, 'fuel_half': 18.202647368248815}.
[I 2026-07-22 18:48:37,160] Trial 951 finished with values: [14.150986123548464, 14.150986123548464] and parameters: {'k1': 0.0029282035181080004, 'D_low': 195.72118561834387, 'k2': 0.00036821611602060956, 'D_high': 160625.60954780428, 'fire_exp': 1.182396148413737, 'P_half': 7.890004262668578, 'pre_dampen_half': 33.97904243111269, 'gpp_af': 0.0025511964576171086, 'gpp_b': 3.228689523591491e-05, 'gpp_d': 857.4284557962626, 'ign_k': 3.284529979576942, 'ign_c': 3.0378658251922155, 'trop_agb_crit': 20.205002815711154, 'trop_k_veg': 6.911478238001162, 'fuel_k': 5.486054129200971, 'fuel_half': 18.202647368248815}.
[I 2026-07-22 18:48:37,596] Trial 952 finished with values: [-0.3401525505478806, 0.20015427262161745] and parameters: {'k1': 0.011966626407443505, 'D_low': 1.7887890916820506, 'k2': 0.0007081721844034209, 'D_high': 160625.60954780428, 'fire_exp': 1.182396148413737, 'P_half': 1938.3858782150498, 'pre_dampen_half': 33.71909132517388, 'gpp_af': 0.12243451886824051, 'gpp_b': 3.228689523591491e-05, 'gpp_d': 302.3127748796295, 'ign_k': 0.03141110271934876, 'ign_c': 6.1609752947414345, 'trop_agb_crit': 10.719494362768906, 'trop_k_veg': 1.140286245977296, 'fuel_k': 5.486054129200971, 'fuel_half': 18.202647368248815}.
[I 2026-07-22 18:48:38,069] Trial 953 finished with values: [10.651752116881354, 10.651752116881354] and parameters: {'k1': 0.003242143344038315, 'D_low': 8454.098152188677, 'k2': 1.895375973243287e-05, 'D_high': 580966.5602369158, 'fire_exp': 1.182396148413737, 'P_half': 1938.3858782150498, 'pre_dampen_half': 3.9885726374014694, 'gpp_af': 0.0025386125063826667, 'gpp_b': 8.129227514069975e-05, 'gpp_d': 1.050978521342778, 'ign_k': 0.009861808369679786, 'ign_c': 3.0378658251922155, 'trop_agb_crit': 5.707205898008383, 'trop_k_veg': 2.1085323608231485, 'fuel_k': 5.486054129200971, 'fuel_half': 91.90868674438059}.
[I 2026-07-22 18:48:38,534] Trial 954 finished with values: [10.602891820780346, 10.602891820780346] and parameters: {'k1': 0.052334804885400876, 'D_low': 1.7887890916820506, 'k2': 2.1698375693549493e-05, 'D_high': 708572.1663941594, 'fire_exp': 8.791426299948917, 'P_half': 2.843767489444367, 'pre_dampen_half': 3.9885726374014694, 'gpp_af': 0.015350904103515228, 'gpp_b': 0.0054502936945582505, 'gpp_d': 1.050978521342778, 'ign_k': 3.284529979576942, 'ign_c': 14.452451441203314, 'trop_agb_crit': 5.707205898008383, 'trop_k_veg': 0.6921865222804094, 'fuel_k': 3.6992394681929355, 'fuel_half': 0.3335026483569958}.
[I 2026-07-22 18:48:38,959] Trial 955 finished with values: [10.320637752234344, 10.320637752234344] and parameters: {'k1': 0.011966626407443505, 'D_low': 1.7887890916820506, 'k2': 0.001566517163094646, 'D_high': 316055.11434645456, 'fire_exp': 1.7124099831271415, 'P_half': 7.890004262668578, 'pre_dampen_half': 0.4016986062226068, 'gpp_af': 0.06319490093197187, 'gpp_b': 0.00299041212604743, 'gpp_d': 9.00460602264307, 'ign_k': 3.284529979576942, 'ign_c': 11.40086370112731, 'trop_agb_crit': 10.65399158341592, 'trop_k_veg': 1.140286245977296, 'fuel_k': 0.08612665817296865, 'fuel_half': 0.3335026483569958}.
[I 2026-07-22 18:48:39,387] Trial 956 finished with values: [-0.6319439623565052, 0.25252427542045675] and parameters: {'k1': 0.0003199177539819797, 'D_low': 864.0717009254879, 'k2': 0.001566517163094646, 'D_high': 8433503.858791472, 'fire_exp': 1.2242398136753672, 'P_half': 7.890004262668578, 'pre_dampen_half': 0.46504594134732663, 'gpp_af': 0.015350904103515228, 'gpp_b': 1.1698276136056565e-05, 'gpp_d': 11.91508626986522, 'ign_k': 4.59148521674054, 'ign_c': 11.40086370112731, 'trop_agb_crit': 10.719494362768906, 'trop_k_veg': 2.417028380770307, 'fuel_k': 0.0500651901928747, 'fuel_half': 81.87941582538087}.
[I 2026-07-22 18:48:39,812] Trial 957 finished with values: [-0.48682178397205433, 0.19124658817276108] and parameters: {'k1': 0.011966626407443505, 'D_low': 4.043300846639722, 'k2': 0.0007081721844034209, 'D_high': 160625.60954780428, 'fire_exp': 1.182396148413737, 'P_half': 1938.3858782150498, 'pre_dampen_half': 33.97904243111269, 'gpp_af': 0.06789053271698488, 'gpp_b': 0.009563154080872067, 'gpp_d': 857.4284557962626, 'ign_k': 3.284529979576942, 'ign_c': 3.0378658251922155, 'trop_agb_crit': 15.870971677383487, 'trop_k_veg': 1.140286245977296, 'fuel_k': 5.486054129200971, 'fuel_half': 91.90868674438059}.
[I 2026-07-22 18:48:40,237] Trial 958 finished with values: [10.029970112873357, 10.029970112873357] and parameters: {'k1': 0.0029282035181080004, 'D_low': 126.11058927054879, 'k2': 2.1698375693549493e-05, 'D_high': 316055.11434645456, 'fire_exp': 1.1258453832483524, 'P_half': 7.890004262668578, 'pre_dampen_half': 0.4016986062226068, 'gpp_af': 0.25562996323356013, 'gpp_b': 0.0054502936945582505, 'gpp_d': 700.6693992445935, 'ign_k': 3.284529979576942, 'ign_c': 11.40086370112731, 'trop_agb_crit': 1.0110060758310602, 'trop_k_veg': 0.6921865222804094, 'fuel_k': 0.48736180483849406, 'fuel_half': 0.3335026483569958}.
[I 2026-07-22 18:48:40,663] Trial 959 finished with values: [10.755810119920449, 10.755810119920449] and parameters: {'k1': 0.052334804885400876, 'D_low': 8454.098152188677, 'k2': 1.895375973243287e-05, 'D_high': 708572.1663941594, 'fire_exp': 1.1258453832483524, 'P_half': 7.890004262668578, 'pre_dampen_half': 3.9885726374014694, 'gpp_af': 0.0025386125063826667, 'gpp_b': 0.052183838897628114, 'gpp_d': 1.050978521342778, 'ign_k': 0.03141110271934876, 'ign_c': 14.452451441203314, 'trop_agb_crit': 5.707205898008383, 'trop_k_veg': 1.33975763878326, 'fuel_k': 1.1820218758583807, 'fuel_half': 0.3335026483569958}.
[I 2026-07-22 18:48:41,091] Trial 960 finished with values: [-0.6084937891860179, 0.19036126035876832] and parameters: {'k1': 0.0003199177539819797, 'D_low': 1.7887890916820506, 'k2': 0.001566517163094646, 'D_high': 582349.8764421467, 'fire_exp': 1.3411849220480432, 'P_half': 7.890004262668578, 'pre_dampen_half': 0.4016986062226068, 'gpp_af': 0.015350904103515228, 'gpp_b': 1.7565109007473816e-05, 'gpp_d': 9.00460602264307, 'ign_k': 3.284529979576942, 'ign_c': 11.40086370112731, 'trop_agb_crit': 9.362115196011851, 'trop_k_veg': 7.26254292602904, 'fuel_k': 0.08612665817296865, 'fuel_half': 0.3335026483569958}.
[I 2026-07-22 18:48:41,521] Trial 961 finished with values: [12.043846809075735, 12.043846809075735] and parameters: {'k1': 0.00016480446427978953, 'D_low': 864.0717009254879, 'k2': 2.3548462628715368e-05, 'D_high': 316055.11434645456, 'fire_exp': 1.2242398136753672, 'P_half': 38.82837025280678, 'pre_dampen_half': 33.71909132517388, 'gpp_af': 0.015350904103515228, 'gpp_b': 1.7565109007473816e-05, 'gpp_d': 9.00460602264307, 'ign_k': 3.284529979576942, 'ign_c': 11.40086370112731, 'trop_agb_crit': 12.324775650896964, 'trop_k_veg': 1.7428926895756522, 'fuel_k': 0.5400268568058665, 'fuel_half': 81.87941582538087}.
[I 2026-07-22 18:48:41,949] Trial 962 finished with values: [10.622959065408766, 10.622959065408766] and parameters: {'k1': 0.0003199177539819797, 'D_low': 864.0717009254879, 'k2': 0.002342238625792905, 'D_high': 8433503.858791472, 'fire_exp': 8.791426299948917, 'P_half': 38.82837025280678, 'pre_dampen_half': 0.46504594134732663, 'gpp_af': 0.015350904103515228, 'gpp_b': 1.7565109007473816e-05, 'gpp_d': 9.00460602264307, 'ign_k': 4.59148521674054, 'ign_c': 6.1609752947414345, 'trop_agb_crit': 20.205002815711154, 'trop_k_veg': 2.417028380770307, 'fuel_k': 0.0500651901928747, 'fuel_half': 81.87941582538087}.
[I 2026-07-22 18:48:42,390] Trial 963 finished with values: [-0.6380791370627154, 0.2836126778631948] and parameters: {'k1': 0.006033623633620595, 'D_low': 13.25142220631392, 'k2': 0.001566517163094646, 'D_high': 887331.2884015184, 'fire_exp': 1.2242398136753672, 'P_half': 7.890004262668578, 'pre_dampen_half': 0.46504594134732663, 'gpp_af': 0.25562996323356013, 'gpp_b': 0.00011195197602511399, 'gpp_d': 9.00460602264307, 'ign_k': 0.5131654955148324, 'ign_c': 11.40086370112731, 'trop_agb_crit': 12.324775650896964, 'trop_k_veg': 0.6921865222804094, 'fuel_k': 0.0500651901928747, 'fuel_half': 0.3335026483569958}.
[I 2026-07-22 18:48:42,821] Trial 964 finished with values: [10.941419426162014, 10.941419426162014] and parameters: {'k1': 0.052334804885400876, 'D_low': 1.7887890916820506, 'k2': 1.895375973243287e-05, 'D_high': 708572.1663941594, 'fire_exp': 1.2242398136753672, 'P_half': 7.890004262668578, 'pre_dampen_half': 3.9885726374014694, 'gpp_af': 0.0025386125063826667, 'gpp_b': 1.1698276136056565e-05, 'gpp_d': 9.00460602264307, 'ign_k': 0.47637374845937214, 'ign_c': 11.40086370112731, 'trop_agb_crit': 2.8338296020180445, 'trop_k_veg': 7.26254292602904, 'fuel_k': 0.08612665817296865, 'fuel_half': 0.3335026483569958}.
[I 2026-07-22 18:48:43,254] Trial 965 finished with values: [11.398859356039651, 11.398859356039651] and parameters: {'k1': 0.0026607970538371477, 'D_low': 1.7887890916820506, 'k2': 0.001566517163094646, 'D_high': 580966.5602369158, 'fire_exp': 1.2242398136753672, 'P_half': 2.2010656610055808, 'pre_dampen_half': 33.71909132517388, 'gpp_af': 0.06789053271698488, 'gpp_b': 0.01736771891291939, 'gpp_d': 2.2044650100999164, 'ign_k': 0.5131654955148324, 'ign_c': 11.40086370112731, 'trop_agb_crit': 17.530135633155123, 'trop_k_veg': 7.26254292602904, 'fuel_k': 0.08612665817296865, 'fuel_half': 0.32476735706274484}.
[I 2026-07-22 18:48:43,689] Trial 966 finished with values: [-0.6512472781148606, 0.27989631379730384] and parameters: {'k1': 0.006033623633620595, 'D_low': 864.0717009254879, 'k2': 0.001566517163094646, 'D_high': 316055.11434645456, 'fire_exp': 1.2242398136753672, 'P_half': 7.890004262668578, 'pre_dampen_half': 0.4016986062226068, 'gpp_af': 0.06789053271698488, 'gpp_b': 1.1698276136056565e-05, 'gpp_d': 9.00460602264307, 'ign_k': 3.284529979576942, 'ign_c': 11.40086370112731, 'trop_agb_crit': 9.362115196011851, 'trop_k_veg': 2.417028380770307, 'fuel_k': 0.08612665817296865, 'fuel_half': 0.3335026483569958}.
[I 2026-07-22 18:48:44,114] Trial 967 finished with values: [10.424649271362304, 10.424649271362304] and parameters: {'k1': 0.0029707920514735983, 'D_low': 8454.098152188677, 'k2': 1.895375973243287e-05, 'D_high': 887331.2884015184, 'fire_exp': 1.1258453832483524, 'P_half': 7.890004262668578, 'pre_dampen_half': 0.46504594134732663, 'gpp_af': 0.0025386125063826667, 'gpp_b': 1.1698276136056565e-05, 'gpp_d': 1.050978521342778, 'ign_k': 0.03141110271934876, 'ign_c': 22.5324838153662, 'trop_agb_crit': 15.870971677383487, 'trop_k_veg': 0.6921865222804094, 'fuel_k': 0.0500651901928747, 'fuel_half': 0.3335026483569958}.
[I 2026-07-22 18:48:44,544] Trial 968 finished with values: [-0.5770424401985496, 0.11356546388533006] and parameters: {'k1': 0.011966626407443505, 'D_low': 126.11058927054879, 'k2': 0.0008392504050877116, 'D_high': 316055.11434645456, 'fire_exp': 1.2242398136753672, 'P_half': 7.890004262668578, 'pre_dampen_half': 0.4016986062226068, 'gpp_af': 0.0025511964576171086, 'gpp_b': 1.7565109007473816e-05, 'gpp_d': 9.00460602264307, 'ign_k': 0.5131654955148324, 'ign_c': 11.40086370112731, 'trop_agb_crit': 9.362115196011851, 'trop_k_veg': 2.967611227159486, 'fuel_k': 0.08612665817296865, 'fuel_half': 81.87941582538087}.
[I 2026-07-22 18:48:44,967] Trial 969 finished with values: [10.190653527819094, 10.190653527819094] and parameters: {'k1': 0.011966626407443505, 'D_low': 4.043300846639722, 'k2': 0.0007081721844034209, 'D_high': 316055.11434645456, 'fire_exp': 1.182396148413737, 'P_half': 7.890004262668578, 'pre_dampen_half': 0.4016986062226068, 'gpp_af': 0.06789053271698488, 'gpp_b': 0.009563154080872067, 'gpp_d': 857.4284557962626, 'ign_k': 3.284529979576942, 'ign_c': 11.40086370112731, 'trop_agb_crit': 9.362115196011851, 'trop_k_veg': 1.140286245977296, 'fuel_k': 0.08612665817296865, 'fuel_half': 0.3335026483569958}.
[I 2026-07-22 18:48:45,390] Trial 970 finished with values: [10.366362789902885, 10.366362789902885] and parameters: {'k1': 0.011966626407443505, 'D_low': 4.043300846639722, 'k2': 0.001566517163094646, 'D_high': 160625.60954780428, 'fire_exp': 1.182396148413737, 'P_half': 1938.3858782150498, 'pre_dampen_half': 3.9885726374014694, 'gpp_af': 0.06789053271698488, 'gpp_b': 6.586254606637078e-05, 'gpp_d': 857.4284557962626, 'ign_k': 0.03141110271934876, 'ign_c': 11.462237838612072, 'trop_agb_crit': 6.119263728555865, 'trop_k_veg': 2.417028380770307, 'fuel_k': 0.08612665817296865, 'fuel_half': 0.3335026483569958}.
[I 2026-07-22 18:48:45,818] Trial 971 finished with values: [10.619544017973409, 10.619544017973409] and parameters: {'k1': 0.006033623633620595, 'D_low': 8454.098152188677, 'k2': 0.001566517163094646, 'D_high': 316055.11434645456, 'fire_exp': 1.1258453832483524, 'P_half': 38.82837025280678, 'pre_dampen_half': 0.021099296367452173, 'gpp_af': 0.25562996323356013, 'gpp_b': 0.0054502936945582505, 'gpp_d': 9.00460602264307, 'ign_k': 0.5131654955148324, 'ign_c': 14.452451441203314, 'trop_agb_crit': 12.324775650896964, 'trop_k_veg': 0.6921865222804094, 'fuel_k': 1.1820218758583807, 'fuel_half': 2.6795038667664253}.
[I 2026-07-22 18:48:46,251] Trial 972 finished with values: [-0.6406369228240893, 0.2719677129930992] and parameters: {'k1': 0.011966626407443505, 'D_low': 1.7887890916820506, 'k2': 0.001566517163094646, 'D_high': 316055.11434645456, 'fire_exp': 1.2242398136753672, 'P_half': 7.890004262668578, 'pre_dampen_half': 0.4016986062226068, 'gpp_af': 0.06789053271698488, 'gpp_b': 1.7565109007473816e-05, 'gpp_d': 302.3127748796295, 'ign_k': 3.284529979576942, 'ign_c': 11.40086370112731, 'trop_agb_crit': 4.347403467878529, 'trop_k_veg': 7.26254292602904, 'fuel_k': 0.08612665817296865, 'fuel_half': 5.494793328590267}.
[I 2026-07-22 18:48:46,676] Trial 973 finished with values: [10.162042331290268, 10.162042331290268] and parameters: {'k1': 0.011966626407443505, 'D_low': 864.0717009254879, 'k2': 0.001761725951418538, 'D_high': 316055.11434645456, 'fire_exp': 1.2242398136753672, 'P_half': 38.82837025280678, 'pre_dampen_half': 0.46504594134732663, 'gpp_af': 0.12243451886824051, 'gpp_b': 6.586254606637078e-05, 'gpp_d': 11.91508626986522, 'ign_k': 0.03141110271934876, 'ign_c': 11.40086370112731, 'trop_agb_crit': 6.119263728555865, 'trop_k_veg': 2.417028380770307, 'fuel_k': 0.0500651901928747, 'fuel_half': 0.3335026483569958}.
[I 2026-07-22 18:48:47,110] Trial 974 finished with values: [10.885328679515624, 10.885328679515624] and parameters: {'k1': 0.052334804885400876, 'D_low': 8454.098152188677, 'k2': 2.1698375693549493e-05, 'D_high': 580966.5602369158, 'fire_exp': 1.1258453832483524, 'P_half': 2.843767489444367, 'pre_dampen_half': 33.71909132517388, 'gpp_af': 0.015350904103515228, 'gpp_b': 1.7565109007473816e-05, 'gpp_d': 9.00460602264307, 'ign_k': 0.8015297379101401, 'ign_c': 11.40086370112731, 'trop_agb_crit': 5.707205898008383, 'trop_k_veg': 0.6921865222804094, 'fuel_k': 1.1820218758583807, 'fuel_half': 81.87941582538087}.
[I 2026-07-22 18:48:47,535] Trial 975 finished with values: [10.386404603023546, 10.386404603023546] and parameters: {'k1': 0.052334804885400876, 'D_low': 13.25142220631392, 'k2': 0.001566517163094646, 'D_high': 708572.1663941594, 'fire_exp': 3.9865235442286613, 'P_half': 2.2010656610055808, 'pre_dampen_half': 0.46504594134732663, 'gpp_af': 0.06789053271698488, 'gpp_b': 1.1820908383754237e-05, 'gpp_d': 9.00460602264307, 'ign_k': 0.5131654955148324, 'ign_c': 14.452451441203314, 'trop_agb_crit': 5.707205898008383, 'trop_k_veg': 0.5415365826598848, 'fuel_k': 1.1820218758583807, 'fuel_half': 81.87941582538087}.
[I 2026-07-22 18:48:47,959] Trial 976 finished with values: [-0.6066999407838659, 0.19773939400574836] and parameters: {'k1': 0.011966626407443505, 'D_low': 2311.854866544268, 'k2': 0.001566517163094646, 'D_high': 316055.11434645456, 'fire_exp': 1.2242398136753672, 'P_half': 51.61767747867285, 'pre_dampen_half': 0.4016986062226068, 'gpp_af': 0.06789053271698488, 'gpp_b': 1.7565109007473816e-05, 'gpp_d': 9.00460602264307, 'ign_k': 3.284529979576942, 'ign_c': 11.40086370112731, 'trop_agb_crit': 9.362115196011851, 'trop_k_veg': 2.417028380770307, 'fuel_k': 0.08612665817296865, 'fuel_half': 0.3335026483569958}.
[I 2026-07-22 18:48:48,406] Trial 977 finished with values: [-0.6820750004899537, 0.1578409172491707] and parameters: {'k1': 0.006033623633620595, 'D_low': 864.0717009254879, 'k2': 0.001566517163094646, 'D_high': 316055.11434645456, 'fire_exp': 1.2242398136753672, 'P_half': 38.82837025280678, 'pre_dampen_half': 0.4016986062226068, 'gpp_af': 0.015350904103515228, 'gpp_b': 1.7565109007473816e-05, 'gpp_d': 9.00460602264307, 'ign_k': 0.5131654955148324, 'ign_c': 11.40086370112731, 'trop_agb_crit': 12.324775650896964, 'trop_k_veg': 7.26254292602904, 'fuel_k': 0.4748757752313696, 'fuel_half': 0.3335026483569958}.
[I 2026-07-22 18:48:48,851] Trial 978 finished with values: [12.777755529143521, 12.777755529143521] and parameters: {'k1': 0.006033623633620595, 'D_low': 1.7887890916820506, 'k2': 0.001566517163094646, 'D_high': 316055.11434645456, 'fire_exp': 1.2242398136753672, 'P_half': 38.82837025280678, 'pre_dampen_half': 33.71909132517388, 'gpp_af': 0.015350904103515228, 'gpp_b': 1.7565109007473816e-05, 'gpp_d': 9.00460602264307, 'ign_k': 0.5080094006294851, 'ign_c': 11.40086370112731, 'trop_agb_crit': 10.719494362768906, 'trop_k_veg': 2.417028380770307, 'fuel_k': 0.0500651901928747, 'fuel_half': 81.87941582538087}.
