[I 2026-08-20 00:04:48,146] Trial 112 finished with value: -0.5111755163169023 and parameters: {'k1': 0.0053854817378913115, 'D_low': 9238.728125895632, 'k2': 0.06998644884755652, 'D_high': 496348.4660195655, 'fire_exp': 1.1047427374462648, 'P_half': 3.400243444104711, 'pre_dampen_half': 4.219562630922108, 'gpp_af': 70.40251323255501, 'gpp_b': 0.0003103196612781219, 'gpp_d': 73.15766782511248, 'ign_k': 0.003300699370156138, 'ign_c': 0.34719179635551306, 'trop_agb_crit': 22.88069656856445, 'trop_k_veg': 7.015633882293581}. Best is trial 0 with value: -0.5989088506199346.
[I 2026-08-20 00:04:50,499] Trial 113 finished with value: 0.5937592294762764 and parameters: {'k1': 0.003962267734429597, 'D_low': 1019.4006013215638, 'k2': 0.0002814559878334806, 'D_high': 807181.462240704, 'fire_exp': 1.3996911093665279, 'P_half': 5359.515505920628, 'pre_dampen_half': 321.67118237673714, 'gpp_af': 0.06786007113093659, 'gpp_b': 0.0063335625181213644, 'gpp_d': 1.9235104867465405, 'ign_k': 0.01478287274411011, 'ign_c': 41.900088359544505, 'trop_agb_crit': 13.816129207801945, 'trop_k_veg': 1.3025889754529762}. Best is trial 0 with value: -0.5989088506199346.
[I 2026-08-20 00:04:53,887] Trial 114 finished with value: 0.5367515206496893 and parameters: {'k1': 0.035769964800883826, 'D_low': 4929.5957690621235, 'k2': 0.0005959630194804691, 'D_high': 1140904.9035268333, 'fire_exp': 1.6897297565277074, 'P_half': 19.441086086914936, 'pre_dampen_half': 26.59427172312969, 'gpp_af': 47.48263328383783, 'gpp_b': 0.00011360742551645857, 'gpp_d': 7.833197804376059, 'ign_k': 0.4667197720356618, 'ign_c': 0.3482588643279313, 'trop_agb_crit': 28.224058734311345, 'trop_k_veg': 6.224382540121809}. Best is trial 0 with value: -0.5989088506199346.
[I 2026-08-20 00:04:56,181] Trial 115 finished with value: 0.6399312439018778 and parameters: {'k1': 0.004596206877264387, 'D_low': 133766.70727157852, 'k2': 0.00010529405859206834, 'D_high': 100761.74386680439, 'fire_exp': 1.1719030284600427, 'P_half': 799.3341871360055, 'pre_dampen_half': 1.3963764518222612, 'gpp_af': 0.001404391813500903, 'gpp_b': 1.2469984415012263e-05, 'gpp_d': 288.602709300712, 'ign_k': 0.031109017831015686, 'ign_c': 1.65757816966455, 'trop_agb_crit': 25.595951173421835, 'trop_k_veg': 1.3297917078106367}. Best is trial 0 with value: -0.5989088506199346.
[I 2026-08-20 00:04:58,596] Trial 116 finished with value: 0.5695232931707641 and parameters: {'k1': 0.0001242028979092549, 'D_low': 25421.939846575384, 'k2': 0.0035569855682060425, 'D_high': 1591561.7511886493, 'fire_exp': 1.025795364308161, 'P_half': 6251.116223182132, 'pre_dampen_half': 12.240766474206872, 'gpp_af': 0.08198671362802937, 'gpp_b': 5.0782556878211895e-05, 'gpp_d': 70.20587363566348, 'ign_k': 0.6593794178470951, 'ign_c': 2.6813750836756522, 'trop_agb_crit': 23.645068458103587, 'trop_k_veg': 1.5153811133213915}. Best is trial 0 with value: -0.5989088506199346.
[I 2026-08-20 00:05:01,023] Trial 117 finished with value: 0.5000895071713796 and parameters: {'k1': 0.00027311660046778254, 'D_low': 1664.1564984272593, 'k2': 0.05125944713819956, 'D_high': 1462953.8428603723, 'fire_exp': 1.6721452100258212, 'P_half': 127.83099792135332, 'pre_dampen_half': 0.7472342125764866, 'gpp_af': 1.457539370920837, 'gpp_b': 0.00026430964118258446, 'gpp_d': 56.62820624144637, 'ign_k': 0.05176526779578869, 'ign_c': 0.130122075430608, 'trop_agb_crit': 16.324485048621256, 'trop_k_veg': 7.80966827270475}. Best is trial 0 with value: -0.5989088506199346.
[I 2026-08-20 00:05:04,368] Trial 118 finished with value: 0.5832356002963812 and parameters: {'k1': 0.004041069436793744, 'D_low': 11013.76180144162, 'k2': 0.00016570282533029108, 'D_high': 1076094.5933108698, 'fire_exp': 1.951565971185825, 'P_half': 675.7622430482269, 'pre_dampen_half': 16.288770204823827, 'gpp_af': 1.3124923279048677, 'gpp_b': 0.0002653208479464519, 'gpp_d': 365.93689177946584, 'ign_k': 0.011860366689461152, 'ign_c': 15.255535579284274, 'trop_agb_crit': 29.00272597931001, 'trop_k_veg': 3.9552951691441134}. Best is trial 0 with value: -0.5989088506199346.
[I 2026-08-20 00:05:06,648] Trial 119 finished with value: 0.6143156190119137 and parameters: {'k1': 0.04515415716839326, 'D_low': 13842.236653492235, 'k2': 0.05373628411891923, 'D_high': 630645.9951100425, 'fire_exp': 2.167872986219996, 'P_half': 1712.4432586764915, 'pre_dampen_half': 1.1030541499590898, 'gpp_af': 5.194617187283296, 'gpp_b': 0.0003342322444580248, 'gpp_d': 0.5379139987386921, 'ign_k': 0.543252876372092, 'ign_c': 3.2867561287586535, 'trop_agb_crit': 24.972301878196664, 'trop_k_veg': 6.678070219380619}. Best is trial 0 with value: -0.5989088506199346.
[I 2026-08-20 00:05:09,067] Trial 120 finished with value: 0.5376669043489494 and parameters: {'k1': 0.003182917602835381, 'D_low': 41791.332182672144, 'k2': 0.046447110322866705, 'D_high': 1275640.4651089117, 'fire_exp': 2.8695730937595982, 'P_half': 98.65977351827831, 'pre_dampen_half': 7.327981949026289, 'gpp_af': 13.301533101058638, 'gpp_b': 8.336494120339782e-05, 'gpp_d': 24.98134922375628, 'ign_k': 1.0086210922499717, 'ign_c': 0.7855830165387666, 'trop_agb_crit': 18.169055812977685, 'trop_k_veg': 5.820184013647009}. Best is trial 0 with value: -0.5989088506199346.
[I 2026-08-20 00:05:11,379] Trial 121 finished with value: 0.6149749384546449 and parameters: {'k1': 4.83873233131096e-05, 'D_low': 112746.54443168998, 'k2': 0.0023549109010886455, 'D_high': 238718.1767756348, 'fire_exp': 2.1377941630728174, 'P_half': 6666.73375128106, 'pre_dampen_half': 39.40754670972707, 'gpp_af': 0.09458173154942036, 'gpp_b': 0.003262689965427201, 'gpp_d': 880.32409478521, 'ign_k': 0.016733937805210812, 'ign_c': 0.12555613951811148, 'trop_agb_crit': 16.019707179719973, 'trop_k_veg': 3.6647950076484217}. Best is trial 0 with value: -0.5989088506199346.
[I 2026-08-20 00:05:13,750] Trial 122 finished with value: 0.489204790699717 and parameters: {'k1': 0.0026742453698156035, 'D_low': 8215.444082615795, 'k2': 8.558478578834566e-05, 'D_high': 6996049.439101722, 'fire_exp': 1.084341397382621, 'P_half': 594.4774633882959, 'pre_dampen_half': 7.850595812448222, 'gpp_af': 0.26539767031352063, 'gpp_b': 0.00010834173841311913, 'gpp_d': 22.116461470657587, 'ign_k': 0.0298510308133595, 'ign_c': 3.146297564651241, 'trop_agb_crit': 11.344988360858535, 'trop_k_veg': 2.5614694683470307}. Best is trial 0 with value: -0.5989088506199346.
[I 2026-08-20 00:05:16,429] Trial 123 finished with value: 0.6445374145881376 and parameters: {'k1': 0.0016070736625678583, 'D_low': 6.907363168119365, 'k2': 0.002636587471814275, 'D_high': 857.4087672512911, 'fire_exp': 2.2150620776589585, 'P_half': 172.6477757899187, 'pre_dampen_half': 7.956337209580523, 'gpp_af': 0.001737332774141422, 'gpp_b': 0.00012359579576030474, 'gpp_d': 1.740352858960271, 'ign_k': 2.420173755461824, 'ign_c': 41.30964592913671, 'trop_agb_crit': 24.208270678559234, 'trop_k_veg': 0.8168032841341091}. Best is trial 0 with value: -0.5989088506199346.
[I 2026-08-20 00:05:18,847] Trial 124 finished with value: -0.5321777951237182 and parameters: {'k1': 0.016115780279541705, 'D_low': 11166.924015381925, 'k2': 0.015469927413735112, 'D_high': 8620528.347636523, 'fire_exp': 2.1150541428223875, 'P_half': 352.0456620907478, 'pre_dampen_half': 411.3963058864385, 'gpp_af': 0.7991948419679653, 'gpp_b': 0.00039515445715597095, 'gpp_d': 3.9329273739614155, 'ign_k': 0.759228563390011, 'ign_c': 0.6591820621467871, 'trop_agb_crit': 11.155523979961131, 'trop_k_veg': 3.4888274985526118}. Best is trial 0 with value: -0.5989088506199346.
[I 2026-08-20 00:05:21,188] Trial 125 finished with value: 0.6081337993315739 and parameters: {'k1': 0.0028719907516964317, 'D_low': 4635.645264239094, 'k2': 0.01895696946274226, 'D_high': 8538723.901100531, 'fire_exp': 2.1339703018041467, 'P_half': 1020.771564367796, 'pre_dampen_half': 448.21526593838445, 'gpp_af': 2.5150459786187804, 'gpp_b': 0.00020707914250079658, 'gpp_d': 0.4961584561020603, 'ign_k': 0.21914105548329119, 'ign_c': 0.4713193144840122, 'trop_agb_crit': 19.39539763143248, 'trop_k_veg': 2.7544119020924787}. Best is trial 0 with value: -0.5989088506199346.
[I 2026-08-20 00:05:23,742] Trial 126 finished with value: 0.6445374145881376 and parameters: {'k1': 7.621234241640565e-05, 'D_low': 3499.47999047941, 'k2': 2.122718199580914e-05, 'D_high': 1170041.6060434182, 'fire_exp': 5.550069687397779, 'P_half': 17.896312300304785, 'pre_dampen_half': 47.207606312352, 'gpp_af': 2.0061396123631776, 'gpp_b': 0.0005136381306857291, 'gpp_d': 0.9304039728613156, 'ign_k': 0.7378182137119803, 'ign_c': 66.76605649590644, 'trop_agb_crit': 12.19335663186299, 'trop_k_veg': 0.997779901186444}. Best is trial 0 with value: -0.5989088506199346.
[I 2026-08-20 00:05:26,097] Trial 127 finished with value: -0.4632103269968394 and parameters: {'k1': 2.9439765322886987e-05, 'D_low': 109.86213236960198, 'k2': 9.556239575896243e-05, 'D_high': 56315.71271567294, 'fire_exp': 1.7418327778241367, 'P_half': 314.66185061502085, 'pre_dampen_half': 296.8022207079024, 'gpp_af': 0.11581773307863921, 'gpp_b': 1.0876178079200558e-05, 'gpp_d': 139.62963082572614, 'ign_k': 0.04235665728727086, 'ign_c': 0.5133002768797046, 'trop_agb_crit': 28.068499023255438, 'trop_k_veg': 2.4466758672095996}. Best is trial 0 with value: -0.5989088506199346.
[I 2026-08-20 00:05:28,984] Trial 128 finished with value: -0.5611942247304241 and parameters: {'k1': 0.010664141905114449, 'D_low': 6223.521926966243, 'k2': 0.006903729567123485, 'D_high': 1615222.6707013173, 'fire_exp': 2.004496078720645, 'P_half': 266.26221141565276, 'pre_dampen_half': 344.0537710185523, 'gpp_af': 0.6993582900089347, 'gpp_b': 1.659581799918263e-05, 'gpp_d': 975.6238425416146, 'ign_k': 0.07842678688995225, 'ign_c': 1.0793380023871688, 'trop_agb_crit': 8.343437330819434, 'trop_k_veg': 3.583321625798666}. Best is trial 0 with value: -0.5989088506199346.
[I 2026-08-20 00:05:32,217] Trial 129 finished with value: 0.5892932928659275 and parameters: {'k1': 0.07508421059279294, 'D_low': 1064.917182396436, 'k2': 0.0002654719329153525, 'D_high': 150592.8067148604, 'fire_exp': 1.7486098288397347, 'P_half': 424.1524778894652, 'pre_dampen_half': 171.2733156972844, 'gpp_af': 1.7425315367313798, 'gpp_b': 0.004405606281266745, 'gpp_d': 0.8332782653069987, 'ign_k': 0.04439257630950382, 'ign_c': 9.914087301794819, 'trop_agb_crit': 24.99823901466573, 'trop_k_veg': 1.7894434765244076}. Best is trial 0 with value: -0.5989088506199346.
[I 2026-08-20 00:05:34,845] Trial 130 finished with value: 0.4989199735893234 and parameters: {'k1': 0.03024298979373929, 'D_low': 2458.9284460048566, 'k2': 0.058739898479881904, 'D_high': 7379904.708497489, 'fire_exp': 1.4838513345844615, 'P_half': 70.8825162064949, 'pre_dampen_half': 0.12554944361899095, 'gpp_af': 0.19551057702412517, 'gpp_b': 0.0008807703970194036, 'gpp_d': 29.259758194925222, 'ign_k': 0.4252422406112693, 'ign_c': 0.11326865684178519, 'trop_agb_crit': 21.610589150693457, 'trop_k_veg': 3.018632804560212}. Best is trial 0 with value: -0.5989088506199346.
[I 2026-08-20 00:05:37,346] Trial 131 finished with value: 0.4244611331724787 and parameters: {'k1': 0.035179572415614924, 'D_low': 7897.090911280285, 'k2': 0.00019409353246401038, 'D_high': 6676516.334464945, 'fire_exp': 1.0673887959258188, 'P_half': 576.9770679652939, 'pre_dampen_half': 89.210178363925, 'gpp_af': 0.0914077847953616, 'gpp_b': 1.6532680167772646e-05, 'gpp_d': 92.75735993848632, 'ign_k': 1.538045644669718, 'ign_c': 0.4131653441902272, 'trop_agb_crit': 28.84503167097553, 'trop_k_veg': 3.1108331161798355}. Best is trial 0 with value: -0.5989088506199346.
[I 2026-08-20 00:05:39,953] Trial 132 finished with value: 0.5683389682279335 and parameters: {'k1': 0.011265680507865526, 'D_low': 25094.68563600753, 'k2': 0.027313706575044686, 'D_high': 7329622.350441708, 'fire_exp': 1.319353192567726, 'P_half': 1469.2073466838917, 'pre_dampen_half': 4.220931352705547, 'gpp_af': 3.186688263115608, 'gpp_b': 0.0007346897006146783, 'gpp_d': 518.3340145895635, 'ign_k': 0.4398717352739044, 'ign_c': 0.11628418608784263, 'trop_agb_crit': 19.898941684539707, 'trop_k_veg': 5.317160295967982}. Best is trial 0 with value: -0.5989088506199346.
[I 2026-08-20 00:05:42,358] Trial 133 finished with value: 0.5488237468454235 and parameters: {'k1': 0.0007805819305121398, 'D_low': 19270.672617451655, 'k2': 0.0006456433798403912, 'D_high': 2644925.7203560886, 'fire_exp': 1.51512405621629, 'P_half': 187.0852751163102, 'pre_dampen_half': 9.218335537571743, 'gpp_af': 0.09904758841616143, 'gpp_b': 2.2052227613878593e-05, 'gpp_d': 712.9551675733248, 'ign_k': 0.003329679653944239, 'ign_c': 0.13120564253476558, 'trop_agb_crit': 21.360257392341538, 'trop_k_veg': 2.7716740268665654}. Best is trial 0 with value: -0.5989088506199346.
[I 2026-08-20 00:05:46,147] Trial 134 finished with value: 0.5386455001851073 and parameters: {'k1': 0.017600659268726008, 'D_low': 46503.37629685444, 'k2': 0.03653065899533055, 'D_high': 3621619.2260994674, 'fire_exp': 1.7453164084453403, 'P_half': 600.3402011053478, 'pre_dampen_half': 347.82483534299337, 'gpp_af': 0.08482779726666968, 'gpp_b': 5.487162845980919e-05, 'gpp_d': 1.9566737279346096, 'ign_k': 0.31174411186072387, 'ign_c': 0.13400449312362397, 'trop_agb_crit': 6.743284880749419, 'trop_k_veg': 7.241124139391167}. Best is trial 0 with value: -0.5989088506199346.
[I 2026-08-20 00:05:48,621] Trial 135 finished with value: 0.5513000415127934 and parameters: {'k1': 1.9940636542997713e-05, 'D_low': 33.02376733769414, 'k2': 0.0007644490903800107, 'D_high': 492568.51374286157, 'fire_exp': 2.90638898852486, 'P_half': 115.64287694880022, 'pre_dampen_half': 1.32212247979062, 'gpp_af': 0.17658648258873147, 'gpp_b': 0.0005393315817302894, 'gpp_d': 81.94342801499408, 'ign_k': 1.3024652426034258, 'ign_c': 17.32348140439585, 'trop_agb_crit': 29.231402281285515, 'trop_k_veg': 0.6657270843145738}. Best is trial 0 with value: -0.5989088506199346.
[I 2026-08-20 00:05:52,375] Trial 136 finished with value: 0.5754258510096952 and parameters: {'k1': 0.010467530041024697, 'D_low': 133964.5061208947, 'k2': 0.0022624317792310964, 'D_high': 596150.2190524873, 'fire_exp': 1.7115583278426865, 'P_half': 45.498709045779286, 'pre_dampen_half': 273.5163179938225, 'gpp_af': 0.07300776786606174, 'gpp_b': 2.3629478117692326e-05, 'gpp_d': 17.047348872506877, 'ign_k': 0.06095137664987211, 'ign_c': 4.944183574599441, 'trop_agb_crit': 9.360896021343894, 'trop_k_veg': 2.391429129792472}. Best is trial 0 with value: -0.5989088506199346.
[I 2026-08-20 00:05:54,813] Trial 137 finished with value: 0.5754069604239284 and parameters: {'k1': 0.003264948311845216, 'D_low': 4284.0579906535495, 'k2': 0.0007702950898712624, 'D_high': 1329245.1849067013, 'fire_exp': 1.7337187146204267, 'P_half': 2140.801128019791, 'pre_dampen_half': 238.10850480683476, 'gpp_af': 0.25725927358767103, 'gpp_b': 0.00010336880523241348, 'gpp_d': 573.0494841767068, 'ign_k': 0.04737147625659878, 'ign_c': 0.31699425370988216, 'trop_agb_crit': 4.621673600029157, 'trop_k_veg': 3.3458731882513}. Best is trial 0 with value: -0.5989088506199346.
[I 2026-08-20 00:05:57,217] Trial 138 finished with value: 0.40575885620743246 and parameters: {'k1': 0.02854545999150698, 'D_low': 406.2785146234536, 'k2': 0.014572723937483614, 'D_high': 4789968.916196403, 'fire_exp': 1.9420953882904073, 'P_half': 196.77688946002652, 'pre_dampen_half': 13.786742365197766, 'gpp_af': 0.8768269128499139, 'gpp_b': 0.00010791008505505858, 'gpp_d': 142.6715509518069, 'ign_k': 0.2522393716593783, 'ign_c': 0.30803938385652974, 'trop_agb_crit': 6.156495423166218, 'trop_k_veg': 2.401981746330324}. Best is trial 0 with value: -0.5989088506199346.
[I 2026-08-20 00:05:59,653] Trial 139 finished with value: 0.449637855555584 and parameters: {'k1': 0.0016662720914915729, 'D_low': 1004.9980300094576, 'k2': 0.01881380756279942, 'D_high': 1981499.8421574938, 'fire_exp': 1.7659915324852298, 'P_half': 39.67120972885362, 'pre_dampen_half': 876.1525713459384, 'gpp_af': 0.06776734262971305, 'gpp_b': 2.1367041721895704e-05, 'gpp_d': 587.0863855590604, 'ign_k': 0.048340247387453794, 'ign_c': 0.9721614200926864, 'trop_agb_crit': 19.574484996254544, 'trop_k_veg': 1.3588886733110879}. Best is trial 0 with value: -0.5989088506199346.
[I 2026-08-20 00:06:02,278] Trial 140 finished with value: 0.6226681552571871 and parameters: {'k1': 0.01615895238814629, 'D_low': 32818.5311791904, 'k2': 0.01119205998682756, 'D_high': 1590359.053600997, 'fire_exp': 3.0941294288687575, 'P_half': 789.3702775710236, 'pre_dampen_half': 496.26549792991796, 'gpp_af': 0.6366930226883346, 'gpp_b': 0.00021342141042782138, 'gpp_d': 518.1643425847337, 'ign_k': 0.012875679620508675, 'ign_c': 10.071116495573495, 'trop_agb_crit': 13.879093793321191, 'trop_k_veg': 2.105757265178726}. Best is trial 0 with value: -0.5989088506199346.
[I 2026-08-20 00:06:05,325] Trial 141 finished with value: 0.5488974700628737 and parameters: {'k1': 0.0021213480698406115, 'D_low': 12373.1265910591, 'k2': 1.5885643770646574e-05, 'D_high': 834590.8378976199, 'fire_exp': 3.0395332165746543, 'P_half': 259.17025485833045, 'pre_dampen_half': 4.175585137320291, 'gpp_af': 0.10741025073569642, 'gpp_b': 0.0007207672890159524, 'gpp_d': 629.6178503574556, 'ign_k': 0.16288168919078672, 'ign_c': 0.7300629790608082, 'trop_agb_crit': 8.346058904920113, 'trop_k_veg': 3.583035301174571}. Best is trial 0 with value: -0.5989088506199346.
[I 2026-08-20 00:06:07,842] Trial 142 finished with value: -0.5032935081234944 and parameters: {'k1': 0.003379436041249745, 'D_low': 34642.0250587339, 'k2': 0.011025901991367366, 'D_high': 2667542.0314498935, 'fire_exp': 1.451232827429447, 'P_half': 31.773579220211055, 'pre_dampen_half': 773.5488791001998, 'gpp_af': 6.345846487845463, 'gpp_b': 0.00022472225554959213, 'gpp_d': 151.77062500026182, 'ign_k': 0.061872194462785156, 'ign_c': 3.4336076250247123, 'trop_agb_crit': 9.894822538155498, 'trop_k_veg': 4.2159769177357305}. Best is trial 0 with value: -0.5989088506199346.
[I 2026-08-20 00:06:10,494] Trial 143 finished with value: 0.5384527467418361 and parameters: {'k1': 0.001229892752194168, 'D_low': 554.994252043813, 'k2': 0.03837203481232589, 'D_high': 2862132.44646383, 'fire_exp': 1.857004366547173, 'P_half': 994.2814280885899, 'pre_dampen_half': 22.26791350108647, 'gpp_af': 1.4002655868578628, 'gpp_b': 0.0011197452974821564, 'gpp_d': 2.5740861757370332, 'ign_k': 4.439443986361405, 'ign_c': 2.555588255532103, 'trop_agb_crit': 3.293127938526614, 'trop_k_veg': 4.264643682322002}. Best is trial 0 with value: -0.5989088506199346.
[I 2026-08-20 00:06:13,027] Trial 144 finished with value: 0.5704871092428805 and parameters: {'k1': 0.00014649564555703034, 'D_low': 81.87957171367414, 'k2': 0.003183465108154442, 'D_high': 2336728.1127637285, 'fire_exp': 1.8911350921040657, 'P_half': 976.6972714992016, 'pre_dampen_half': 1.9199005964051055, 'gpp_af': 0.005453657140671359, 'gpp_b': 0.002385525523415421, 'gpp_d': 3.9115628611748905, 'ign_k': 0.9033862914864749, 'ign_c': 12.936325775807362, 'trop_agb_crit': 24.53257657027866, 'trop_k_veg': 4.748190345717832}. Best is trial 0 with value: -0.5989088506199346.
[I 2026-08-20 00:06:15,359] Trial 145 finished with value: -0.5622703605526089 and parameters: {'k1': 0.004478839911005441, 'D_low': 1859.2911376929828, 'k2': 0.040077824880592375, 'D_high': 1548175.1117829382, 'fire_exp': 1.652682215341122, 'P_half': 53.30519704019552, 'pre_dampen_half': 234.353895966777, 'gpp_af': 0.012381315901922006, 'gpp_b': 0.00020374051036492567, 'gpp_d': 689.5143792405014, 'ign_k': 0.0248763602709921, 'ign_c': 3.078238749993682, 'trop_agb_crit': 4.734810058209253, 'trop_k_veg': 4.113104897007158}. Best is trial 0 with value: -0.5989088506199346.
[I 2026-08-20 00:06:17,876] Trial 146 finished with value: 0.6445374145881376 and parameters: {'k1': 0.002586555885994912, 'D_low': 4317.491626539139, 'k2': 0.0007925251003071263, 'D_high': 6649.581968796488, 'fire_exp': 1.0008554298495396, 'P_half': 428.5854629685235, 'pre_dampen_half': 1.5212580800636835, 'gpp_af': 0.04394330819996539, 'gpp_b': 0.0005078266831915895, 'gpp_d': 10.749190341901533, 'ign_k': 0.9025775883761477, 'ign_c': 61.37197103717029, 'trop_agb_crit': 29.409617730749016, 'trop_k_veg': 2.8065583566800822}. Best is trial 0 with value: -0.5989088506199346.
[I 2026-08-20 00:06:20,235] Trial 147 finished with value: 0.5515527553707434 and parameters: {'k1': 0.0038341694856303967, 'D_low': 648.0692784497525, 'k2': 0.004729650477597765, 'D_high': 33198.975175530155, 'fire_exp': 1.4407219611787974, 'P_half': 46.10867297134303, 'pre_dampen_half': 9.970424895175329, 'gpp_af': 0.00211717073605839, 'gpp_b': 0.00045716332553424123, 'gpp_d': 433.20305689400874, 'ign_k': 0.006538697486243678, 'ign_c': 29.16043159577726, 'trop_agb_crit': 3.090014797959522, 'trop_k_veg': 2.237035349525503}. Best is trial 0 with value: -0.5989088506199346.
[I 2026-08-20 00:06:22,520] Trial 148 finished with value: 0.6114252280131675 and parameters: {'k1': 0.0002256872408276321, 'D_low': 785.2088295064804, 'k2': 6.250892177959648e-05, 'D_high': 3626732.441944246, 'fire_exp': 3.7964102780381013, 'P_half': 2469.597743511602, 'pre_dampen_half': 498.95067701059935, 'gpp_af': 5.124856265218601, 'gpp_b': 0.0019203312775600255, 'gpp_d': 18.85990322349959, 'ign_k': 0.298228367664031, 'ign_c': 2.180272625332938, 'trop_agb_crit': 16.42519573245911, 'trop_k_veg': 5.374402037513886}. Best is trial 0 with value: -0.5989088506199346.
[I 2026-08-20 00:06:24,772] Trial 149 finished with value: 0.5183969545167899 and parameters: {'k1': 0.0028499734265308905, 'D_low': 208.34174291735383, 'k2': 0.029613372538133963, 'D_high': 102352.77790036777, 'fire_exp': 2.7254046214748358, 'P_half': 18.026451806756917, 'pre_dampen_half': 0.2574459913980707, 'gpp_af': 0.013255784341286592, 'gpp_b': 6.728453876441295e-05, 'gpp_d': 9.607431483065652, 'ign_k': 0.337023659315115, 'ign_c': 0.19300092126917126, 'trop_agb_crit': 9.602269591059603, 'trop_k_veg': 0.9339947079862443}. Best is trial 0 with value: -0.5989088506199346.
