[I 2026-08-19 15:53:03,669] Trial 1507 finished with value: -0.573211275512995 and parameters: {'k1': 0.00033890578116162786, 'D_low': 2050.421057138303, 'k2': 0.0011260202551918823, 'D_high': 9073662.63788999, 'fire_exp': 1.9332575178790217, 'P_half': 1.4864091083057802, 'pre_dampen_half': 2.2086583231598067, 'gpp_af': 74.26977250654302, 'gpp_b': 0.00012703272720040312, 'gpp_d': 393.77731518484, 'ign_k': 0.520474688401299, 'ign_c': 10.683455372428147, 'trop_agb_crit': 5.08269780566945, 'trop_k_veg': 5.504286239158489, 'pop_amp': 0.2931904400144624, 'pop_peak': 0.38643003556392336, 'pop_sig': 0.40512590943346255, 'fuel_k': 1.9974775071335904, 'fuel_half': 2.903229362747493}. Best is trial 421 with value: -0.6216386034937503.
[I 2026-08-19 15:53:07,964] Trial 1508 finished with value: -0.47942502438669665 and parameters: {'k1': 1.166013541259081e-05, 'D_low': 993.1268221617844, 'k2': 0.054420318889914665, 'D_high': 2358571.1457916377, 'fire_exp': 1.7429760350026915, 'P_half': 2.0615332606325647, 'pre_dampen_half': 4.101800616203032, 'gpp_af': 14.246511368882656, 'gpp_b': 0.005960089856950994, 'gpp_d': 186.17283653709782, 'ign_k': 0.008801052754485462, 'ign_c': 0.13326980097697752, 'trop_agb_crit': 17.43025587093649, 'trop_k_veg': 1.6235714832575985, 'pop_amp': 0.05960533129498803, 'pop_peak': 179.23990293213743, 'pop_sig': 1.9825033463732722, 'fuel_k': 3.9193075176841563, 'fuel_half': 3.415237724670158}. Best is trial 421 with value: -0.6216386034937503.
