[I 2026-07-22 21:45:21,239] Trial 594 finished with values: [-0.6978334436788897, 0.29583306904578066] and parameters: {'k1': 0.007895056976009628, 'D_low': 102.19595065529477, 'k2': 0.017300724838654365, 'D_high': 107013.64911724928, 'fire_exp': 2.3987174696212126, 'P_half': 220.3445560633069, 'pre_dampen_half': 269.0845367054863, 'gpp_af': 1.1300566419249867, 'gpp_b': 0.029533947738179488, 'gpp_d': 12.151631524283598, 'ign_k': 3.210808548911192, 'ign_c': 4.1108484350212295, 'trop_agb_crit': 19.28597237496244, 'trop_k_veg': 1.6340262437673856, 'fuel_k': 4.680936683972859, 'fuel_half': 38.21129441691226}.
[I 2026-07-22 21:45:21,672] Trial 595 finished with values: [10.168332585946063, 10.168332585946063] and parameters: {'k1': 0.002968335334246999, 'D_low': 102.19595065529477, 'k2': 0.017300724838654365, 'D_high': 107013.64911724928, 'fire_exp': 1.161749421319469, 'P_half': 220.3445560633069, 'pre_dampen_half': 269.0845367054863, 'gpp_af': 0.7539992074650282, 'gpp_b': 0.0005392415140872105, 'gpp_d': 0.23485690470339216, 'ign_k': 0.006039096247545781, 'ign_c': 4.1108484350212295, 'trop_agb_crit': 1.310122900330372, 'trop_k_veg': 1.6340262437673856, 'fuel_k': 4.680936683972859, 'fuel_half': 0.33988503110784557}.
[I 2026-07-22 21:45:22,108] Trial 596 finished with values: [-0.6552456156680938, 0.698087001650985] and parameters: {'k1': 0.002971796631657383, 'D_low': 102.19595065529477, 'k2': 0.0001971137615017176, 'D_high': 145242.37928628005, 'fire_exp': 1.0341837609578937, 'P_half': 10.226988730324324, 'pre_dampen_half': 36.876350096202984, 'gpp_af': 0.0025511964576171086, 'gpp_b': 3.228689523591491e-05, 'gpp_d': 16.460426816350534, 'ign_k': 0.03141110271934876, 'ign_c': 6.1609752947414345, 'trop_agb_crit': 15.870971677383487, 'trop_k_veg': 0.9369104721775232, 'fuel_k': 0.7156083490235493, 'fuel_half': 16.371966573507315}.
[I 2026-07-22 21:45:22,539] Trial 597 finished with values: [10.011862217475972, 10.011862217475972] and parameters: {'k1': 0.004312951023617458, 'D_low': 9.497440085397416, 'k2': 1.915468390724633e-05, 'D_high': 71534.52030884045, 'fire_exp': 1.0341837609578937, 'P_half': 2.2010656610055808, 'pre_dampen_half': 347.79988160923324, 'gpp_af': 0.015769192447197523, 'gpp_b': 0.00012118589392553819, 'gpp_d': 4.576857873108685, 'ign_k': 0.0026834162496848666, 'ign_c': 4.1108484350212295, 'trop_agb_crit': 1.1195539271968775, 'trop_k_veg': 0.9793402026070162, 'fuel_k': 4.680936683972859, 'fuel_half': 1.3547291924247347}.
[I 2026-07-22 21:45:22,965] Trial 598 finished with values: [-0.6994372662258894, 0.4184086507511805] and parameters: {'k1': 0.002971796631657383, 'D_low': 102.19595065529477, 'k2': 2.1698375693549493e-05, 'D_high': 1693415.5410667954, 'fire_exp': 2.4645237762603327, 'P_half': 13.019246714361572, 'pre_dampen_half': 269.0845367054863, 'gpp_af': 0.03924302839842014, 'gpp_b': 0.0032930655419269924, 'gpp_d': 0.3619181297408274, 'ign_k': 8.761971101023699, 'ign_c': 4.1108484350212295, 'trop_agb_crit': 2.539877620672643, 'trop_k_veg': 0.9793402026070162, 'fuel_k': 4.680936683972859, 'fuel_half': 16.371966573507315}.
[I 2026-07-22 21:45:23,395] Trial 599 finished with values: [-0.590547897038308, 0.5375371459133322] and parameters: {'k1': 0.00013783578294796384, 'D_low': 247.75146043208053, 'k2': 1.127217425995114e-05, 'D_high': 10377.055497115112, 'fire_exp': 1.0341837609578937, 'P_half': 13.019246714361572, 'pre_dampen_half': 347.79988160923324, 'gpp_af': 0.008983355849178878, 'gpp_b': 0.00012118589392553819, 'gpp_d': 2.8006820077310226, 'ign_k': 5.985024829384178, 'ign_c': 6.3906950920732175, 'trop_agb_crit': 9.836162684900028, 'trop_k_veg': 1.4584243470991722, 'fuel_k': 4.680936683972859, 'fuel_half': 15.298506868937444}.
[I 2026-07-22 21:45:23,825] Trial 600 finished with values: [-0.5268017340563722, 0.6833977401469095] and parameters: {'k1': 0.037736663450054636, 'D_low': 9.497440085397416, 'k2': 1.915468390724633e-05, 'D_high': 71534.52030884045, 'fire_exp': 1.024589524149873, 'P_half': 5.854223502085962, 'pre_dampen_half': 502.5175192217655, 'gpp_af': 0.7539992074650282, 'gpp_b': 0.0021331409710300844, 'gpp_d': 16.460426816350534, 'ign_k': 0.06807874826564587, 'ign_c': 15.221840161091619, 'trop_agb_crit': 24.584290528289387, 'trop_k_veg': 1.4584243470991722, 'fuel_k': 4.680936683972859, 'fuel_half': 52.005817291141206}.
[I 2026-07-22 21:45:24,285] Trial 601 finished with values: [-0.5102954905680605, 0.38006591409270873] and parameters: {'k1': 0.004312951023617458, 'D_low': 102.19595065529477, 'k2': 0.017300724838654365, 'D_high': 15907.988939621297, 'fire_exp': 1.024589524149873, 'P_half': 220.3445560633069, 'pre_dampen_half': 502.5175192217655, 'gpp_af': 0.8571213555597654, 'gpp_b': 0.0032930655419269924, 'gpp_d': 16.460426816350534, 'ign_k': 3.210808548911192, 'ign_c': 4.1108484350212295, 'trop_agb_crit': 6.1198430581046965, 'trop_k_veg': 1.6340262437673856, 'fuel_k': 0.08612665817296865, 'fuel_half': 52.005817291141206}.
[I 2026-07-22 21:45:24,744] Trial 602 finished with values: [10.724578908062083, 10.724578908062083] and parameters: {'k1': 0.002968335334246999, 'D_low': 102.19595065529477, 'k2': 1.127217425995114e-05, 'D_high': 10377.055497115112, 'fire_exp': 1.4905138918021545, 'P_half': 220.3445560633069, 'pre_dampen_half': 0.4138641521695059, 'gpp_af': 0.008983355849178878, 'gpp_b': 0.00012118589392553819, 'gpp_d': 16.460426816350534, 'ign_k': 0.008065394391537665, 'ign_c': 6.3906950920732175, 'trop_agb_crit': 9.836162684900028, 'trop_k_veg': 1.4584243470991722, 'fuel_k': 4.680936683972859, 'fuel_half': 15.298506868937444}.
[I 2026-07-22 21:45:25,184] Trial 603 finished with values: [10.695917121541806, 10.695917121541806] and parameters: {'k1': 0.002968335334246999, 'D_low': 9.497440085397416, 'k2': 1.915468390724633e-05, 'D_high': 71534.52030884045, 'fire_exp': 2.3987174696212126, 'P_half': 127.52949611679996, 'pre_dampen_half': 347.79988160923324, 'gpp_af': 1.1300566419249867, 'gpp_b': 0.0005995821881487623, 'gpp_d': 12.151631524283598, 'ign_k': 0.0026834162496848666, 'ign_c': 4.1108484350212295, 'trop_agb_crit': 1.1195539271968775, 'trop_k_veg': 1.6340262437673856, 'fuel_k': 0.09687984402504125, 'fuel_half': 18.202647368248815}.
[I 2026-07-22 21:45:25,658] Trial 604 finished with values: [-0.6705012952554136, 0.6033508865623205] and parameters: {'k1': 0.002968335334246999, 'D_low': 102.19595065529477, 'k2': 0.002342238625792905, 'D_high': 145242.37928628005, 'fire_exp': 1.0341837609578937, 'P_half': 220.3445560633069, 'pre_dampen_half': 269.0845367054863, 'gpp_af': 1.1300566419249867, 'gpp_b': 0.0054502936945582505, 'gpp_d': 4.576857873108685, 'ign_k': 0.03141110271934876, 'ign_c': 0.11650681118986138, 'trop_agb_crit': 15.870971677383487, 'trop_k_veg': 0.9369104721775232, 'fuel_k': 4.680936683972859, 'fuel_half': 16.371966573507315}.
[I 2026-07-22 21:45:26,150] Trial 605 finished with values: [10.059452817272476, 10.059452817272476] and parameters: {'k1': 0.004312951023617458, 'D_low': 102.19595065529477, 'k2': 1.895375973243287e-05, 'D_high': 71534.52030884045, 'fire_exp': 1.024589524149873, 'P_half': 220.3445560633069, 'pre_dampen_half': 502.5175192217655, 'gpp_af': 0.7539992074650282, 'gpp_b': 0.0032930655419269924, 'gpp_d': 16.460426816350534, 'ign_k': 0.06807874826564587, 'ign_c': 15.221840161091619, 'trop_agb_crit': 6.1198430581046965, 'trop_k_veg': 2.1085323608231485, 'fuel_k': 0.02929333925546488, 'fuel_half': 52.005817291141206}.
[I 2026-07-22 21:45:26,610] Trial 606 finished with values: [-0.5426328462978304, 0.566947345875761] and parameters: {'k1': 0.004312951023617458, 'D_low': 9.497440085397416, 'k2': 0.011469197890812934, 'D_high': 71534.52030884045, 'fire_exp': 1.024589524149873, 'P_half': 38.82837025280678, 'pre_dampen_half': 36.876350096202984, 'gpp_af': 0.015769192447197523, 'gpp_b': 0.00012118589392553819, 'gpp_d': 302.3127748796295, 'ign_k': 0.018707420137660268, 'ign_c': 6.1609752947414345, 'trop_agb_crit': 6.1198430581046965, 'trop_k_veg': 0.9793402026070162, 'fuel_k': 1.8731335591844647, 'fuel_half': 27.47623461877469}.
[I 2026-07-22 21:45:27,095] Trial 607 finished with values: [10.009412121472307, 10.009412121472307] and parameters: {'k1': 0.002971796631657383, 'D_low': 102.19595065529477, 'k2': 0.02989647175615661, 'D_high': 71534.52030884045, 'fire_exp': 1.0639120900555334, 'P_half': 220.3445560633069, 'pre_dampen_half': 33.71909132517388, 'gpp_af': 0.8571213555597654, 'gpp_b': 0.0032930655419269924, 'gpp_d': 16.460426816350534, 'ign_k': 0.03141110271934876, 'ign_c': 4.1108484350212295, 'trop_agb_crit': 6.1198430581046965, 'trop_k_veg': 1.6340262437673856, 'fuel_k': 0.02929333925546488, 'fuel_half': 16.371966573507315}.
[I 2026-07-22 21:45:27,547] Trial 608 finished with values: [-0.6930106470061387, 0.5519645913241341] and parameters: {'k1': 0.00023352156626184448, 'D_low': 247.75146043208053, 'k2': 1.127217425995114e-05, 'D_high': 887331.2884015184, 'fire_exp': 1.024589524149873, 'P_half': 13.019246714361572, 'pre_dampen_half': 347.79988160923324, 'gpp_af': 0.0025511964576171086, 'gpp_b': 0.00012118589392553819, 'gpp_d': 302.3127748796295, 'ign_k': 0.018707420137660268, 'ign_c': 6.1609752947414345, 'trop_agb_crit': 9.836162684900028, 'trop_k_veg': 4.599337386928772, 'fuel_k': 0.04572914063536324, 'fuel_half': 0.32476735706274484}.
[I 2026-07-22 21:45:28,006] Trial 609 finished with values: [10.172199221605322, 10.172199221605322] and parameters: {'k1': 0.003242143344038315, 'D_low': 163.4864778201543, 'k2': 2.1698375693549493e-05, 'D_high': 1488557.802851245, 'fire_exp': 2.346722471160988, 'P_half': 13.019246714361572, 'pre_dampen_half': 10.059683154936915, 'gpp_af': 29.925002022877816, 'gpp_b': 7.402343469704414e-05, 'gpp_d': 373.3014953695604, 'ign_k': 8.761971101023699, 'ign_c': 6.1609752947414345, 'trop_agb_crit': 2.539877620672643, 'trop_k_veg': 0.9369104721775232, 'fuel_k': 0.028970790717327534, 'fuel_half': 38.21129441691226}.
[I 2026-07-22 21:45:28,486] Trial 610 finished with values: [10.134068472386698, 10.134068472386698] and parameters: {'k1': 0.004312951023617458, 'D_low': 163.4864778201543, 'k2': 0.015109086063191909, 'D_high': 145242.37928628005, 'fire_exp': 1.0341837609578937, 'P_half': 127.52949611679996, 'pre_dampen_half': 36.876350096202984, 'gpp_af': 0.0025511964576171086, 'gpp_b': 0.00011277885258222645, 'gpp_d': 857.4284557962626, 'ign_k': 0.0026834162496848666, 'ign_c': 4.1108484350212295, 'trop_agb_crit': 24.584290528289387, 'trop_k_veg': 1.6340262437673856, 'fuel_k': 2.5629765645018403, 'fuel_half': 1.3547291924247347}.
[I 2026-07-22 21:45:28,965] Trial 611 finished with values: [10.03961508380809, 10.03961508380809] and parameters: {'k1': 0.003242143344038315, 'D_low': 91.66403471455098, 'k2': 0.0001971137615017176, 'D_high': 1488557.802851245, 'fire_exp': 1.0341837609578937, 'P_half': 8.606931125089957, 'pre_dampen_half': 10.059683154936915, 'gpp_af': 0.0025511964576171086, 'gpp_b': 3.228689523591491e-05, 'gpp_d': 373.3014953695604, 'ign_k': 0.0026834162496848666, 'ign_c': 6.1609752947414345, 'trop_agb_crit': 2.539877620672643, 'trop_k_veg': 0.9369104721775232, 'fuel_k': 0.028970790717327534, 'fuel_half': 16.371966573507315}.
[I 2026-07-22 21:45:29,419] Trial 612 finished with values: [-0.6441647463321752, 0.7288269288878673] and parameters: {'k1': 0.004312951023617458, 'D_low': 9.497440085397416, 'k2': 1.915468390724633e-05, 'D_high': 71534.52030884045, 'fire_exp': 1.2120759485719061, 'P_half': 13.019246714361572, 'pre_dampen_half': 36.876350096202984, 'gpp_af': 0.7539992074650282, 'gpp_b': 0.0032930655419269924, 'gpp_d': 302.3127748796295, 'ign_k': 5.985024829384178, 'ign_c': 6.1609752947414345, 'trop_agb_crit': 9.836162684900028, 'trop_k_veg': 1.7570501127699656, 'fuel_k': 1.8731335591844647, 'fuel_half': 27.47623461877469}.
[I 2026-07-22 21:45:29,870] Trial 613 finished with values: [-0.7632178538143196, 0.4904655775682807] and parameters: {'k1': 0.002968335334246999, 'D_low': 102.19595065529477, 'k2': 0.017300724838654365, 'D_high': 107013.64911724928, 'fire_exp': 2.3987174696212126, 'P_half': 220.3445560633069, 'pre_dampen_half': 269.0845367054863, 'gpp_af': 0.7539992074650282, 'gpp_b': 0.0005995821881487623, 'gpp_d': 16.460426816350534, 'ign_k': 3.210808548911192, 'ign_c': 0.19678273362633986, 'trop_agb_crit': 6.1198430581046965, 'trop_k_veg': 1.6340262437673856, 'fuel_k': 4.680936683972859, 'fuel_half': 18.202647368248815}.
[I 2026-07-22 21:45:30,319] Trial 614 finished with values: [10.566456378295593, 10.566456378295593] and parameters: {'k1': 0.006587536748686894, 'D_low': 102.19595065529477, 'k2': 1.6559474674046002e-05, 'D_high': 17380.869053354723, 'fire_exp': 1.0482996836046896, 'P_half': 48.464976792190825, 'pre_dampen_half': 33.71909132517388, 'gpp_af': 25.14174619025932, 'gpp_b': 0.00011277885258222645, 'gpp_d': 4.576857873108685, 'ign_k': 0.06807874826564587, 'ign_c': 15.221840161091619, 'trop_agb_crit': 9.879645484210656, 'trop_k_veg': 0.9793402026070162, 'fuel_k': 0.6430367245299111, 'fuel_half': 52.005817291141206}.
[I 2026-07-22 21:45:30,749] Trial 615 finished with values: [10.275666594328847, 10.275666594328847] and parameters: {'k1': 0.002971796631657383, 'D_low': 102.19595065529477, 'k2': 0.015109086063191909, 'D_high': 15766.91474499966, 'fire_exp': 1.0341837609578937, 'P_half': 220.3445560633069, 'pre_dampen_half': 33.71909132517388, 'gpp_af': 1.1300566419249867, 'gpp_b': 0.00011277885258222645, 'gpp_d': 16.460426816350534, 'ign_k': 0.06807874826564587, 'ign_c': 15.221840161091619, 'trop_agb_crit': 24.584290528289387, 'trop_k_veg': 0.5695379443977426, 'fuel_k': 4.680936683972859, 'fuel_half': 52.005817291141206}.
[I 2026-07-22 21:45:31,198] Trial 616 finished with values: [10.746436054895804, 10.746436054895804] and parameters: {'k1': 0.003242143344038315, 'D_low': 13.25142220631392, 'k2': 0.00209261568837867, 'D_high': 15907.988939621297, 'fire_exp': 1.0482996836046896, 'P_half': 13.019246714361572, 'pre_dampen_half': 219.13475969641993, 'gpp_af': 0.09791370130598968, 'gpp_b': 2.8457393813758034, 'gpp_d': 373.3014953695604, 'ign_k': 0.018707420137660268, 'ign_c': 4.1108484350212295, 'trop_agb_crit': 9.836162684900028, 'trop_k_veg': 1.7570501127699656, 'fuel_k': 0.031056242489259013, 'fuel_half': 52.005817291141206}.
[I 2026-07-22 21:45:31,664] Trial 617 finished with values: [10.113000155807597, 10.113000155807597] and parameters: {'k1': 0.0029707920514735983, 'D_low': 163.4864778201543, 'k2': 2.1698375693549493e-05, 'D_high': 1693415.5410667954, 'fire_exp': 1.0341837609578937, 'P_half': 10.226988730324324, 'pre_dampen_half': 36.876350096202984, 'gpp_af': 0.015769192447197523, 'gpp_b': 3.228689523591491e-05, 'gpp_d': 700.6693992445935, 'ign_k': 0.018707420137660268, 'ign_c': 6.1609752947414345, 'trop_agb_crit': 24.584290528289387, 'trop_k_veg': 0.9793402026070162, 'fuel_k': 2.5629765645018403, 'fuel_half': 57.882001937752385}.
[I 2026-07-22 21:45:32,108] Trial 618 finished with values: [10.677711982768932, 10.677711982768932] and parameters: {'k1': 0.004312951023617458, 'D_low': 2.8627614274446977, 'k2': 1.915468390724633e-05, 'D_high': 10377.055497115112, 'fire_exp': 2.3987174696212126, 'P_half': 13.019246714361572, 'pre_dampen_half': 502.5175192217655, 'gpp_af': 0.4224904711663322, 'gpp_b': 0.0008830850218581542, 'gpp_d': 0.4623912054055242, 'ign_k': 3.210808548911192, 'ign_c': 15.221840161091619, 'trop_agb_crit': 19.28597237496244, 'trop_k_veg': 1.140286245977296, 'fuel_k': 4.680936683972859, 'fuel_half': 15.298506868937444}.
[I 2026-07-22 21:45:32,552] Trial 619 finished with values: [-0.7497178569768624, 0.3733199358796262] and parameters: {'k1': 0.002968335334246999, 'D_low': 2.8627614274446977, 'k2': 0.017300724838654365, 'D_high': 107013.64911724928, 'fire_exp': 2.3987174696212126, 'P_half': 220.3445560633069, 'pre_dampen_half': 269.0845367054863, 'gpp_af': 0.4224904711663322, 'gpp_b': 0.0032930655419269924, 'gpp_d': 12.151631524283598, 'ign_k': 0.47637374845937214, 'ign_c': 0.19678273362633986, 'trop_agb_crit': 19.28597237496244, 'trop_k_veg': 1.140286245977296, 'fuel_k': 4.680936683972859, 'fuel_half': 38.21129441691226}.
[I 2026-07-22 21:45:32,993] Trial 620 finished with values: [-0.5899670510020885, 0.5319091299161454] and parameters: {'k1': 0.00013783578294796384, 'D_low': 247.75146043208053, 'k2': 1.127217425995114e-05, 'D_high': 10377.055497115112, 'fire_exp': 1.0482996836046896, 'P_half': 13.019246714361572, 'pre_dampen_half': 502.5175192217655, 'gpp_af': 0.008983355849178878, 'gpp_b': 0.00012118589392553819, 'gpp_d': 857.4284557962626, 'ign_k': 8.761971101023699, 'ign_c': 6.3906950920732175, 'trop_agb_crit': 9.836162684900028, 'trop_k_veg': 1.4584243470991722, 'fuel_k': 4.680936683972859, 'fuel_half': 15.298506868937444}.
[I 2026-07-22 21:45:33,435] Trial 621 finished with values: [10.428719462908978, 10.428719462908978] and parameters: {'k1': 0.003242143344038315, 'D_low': 73.7642948170377, 'k2': 1.6559474674046002e-05, 'D_high': 1488557.802851245, 'fire_exp': 2.346722471160988, 'P_half': 220.3445560633069, 'pre_dampen_half': 36.876350096202984, 'gpp_af': 29.925002022877816, 'gpp_b': 7.402343469704414e-05, 'gpp_d': 373.3014953695604, 'ign_k': 0.018707420137660268, 'ign_c': 6.1609752947414345, 'trop_agb_crit': 6.1198430581046965, 'trop_k_veg': 7.871057313180179, 'fuel_k': 4.680936683972859, 'fuel_half': 28.412055118924748}.
[I 2026-07-22 21:45:33,873] Trial 622 finished with values: [10.866065238296503, 10.866065238296503] and parameters: {'k1': 0.004312951023617458, 'D_low': 1.6646452049870526, 'k2': 1.915468390724633e-05, 'D_high': 580966.5602369158, 'fire_exp': 1.2120759485719061, 'P_half': 13.019246714361572, 'pre_dampen_half': 502.5175192217655, 'gpp_af': 0.7539992074650282, 'gpp_b': 0.0032930655419269924, 'gpp_d': 599.2644014925409, 'ign_k': 3.210808548911192, 'ign_c': 4.1108484350212295, 'trop_agb_crit': 9.497662537022913, 'trop_k_veg': 0.5259254914812883, 'fuel_k': 0.04572914063536324, 'fuel_half': 52.005817291141206}.
[I 2026-07-22 21:45:34,342] Trial 623 finished with values: [10.564845343855417, 10.564845343855417] and parameters: {'k1': 0.00013783578294796384, 'D_low': 2221.7771924187964, 'k2': 1.127217425995114e-05, 'D_high': 10377.055497115112, 'fire_exp': 1.0482996836046896, 'P_half': 836.7621766169207, 'pre_dampen_half': 502.5175192217655, 'gpp_af': 0.015769192447197523, 'gpp_b': 0.0007040113316769033, 'gpp_d': 857.4284557962626, 'ign_k': 0.0026834162496848666, 'ign_c': 6.3906950920732175, 'trop_agb_crit': 24.584290528289387, 'trop_k_veg': 0.9793402026070162, 'fuel_k': 4.680936683972859, 'fuel_half': 57.882001937752385}.
[I 2026-07-22 21:45:34,793] Trial 624 finished with values: [10.751468624000662, 10.751468624000662] and parameters: {'k1': 0.002968335334246999, 'D_low': 102.19595065529477, 'k2': 0.017300724838654365, 'D_high': 6183.4901555164315, 'fire_exp': 2.4645237762603327, 'P_half': 220.3445560633069, 'pre_dampen_half': 269.0845367054863, 'gpp_af': 0.7539992074650282, 'gpp_b': 0.0032930655419269924, 'gpp_d': 0.3619181297408274, 'ign_k': 3.210808548911192, 'ign_c': 4.1108484350212295, 'trop_agb_crit': 2.539877620672643, 'trop_k_veg': 0.5907294205065723, 'fuel_k': 4.680936683972859, 'fuel_half': 16.371966573507315}.
[I 2026-07-22 21:45:35,250] Trial 625 finished with values: [-0.6003381485788496, 0.5770880882630303] and parameters: {'k1': 0.004312951023617458, 'D_low': 102.19595065529477, 'k2': 0.002342238625792905, 'D_high': 71534.52030884045, 'fire_exp': 1.024589524149873, 'P_half': 220.3445560633069, 'pre_dampen_half': 26.373339933815235, 'gpp_af': 1.1300566419249867, 'gpp_b': 0.0054502936945582505, 'gpp_d': 16.460426816350534, 'ign_k': 3.210808548911192, 'ign_c': 8.405439129313676, 'trop_agb_crit': 6.1198430581046965, 'trop_k_veg': 0.5695379443977426, 'fuel_k': 0.02929333925546488, 'fuel_half': 16.371966573507315}.
[I 2026-07-22 21:45:35,680] Trial 626 finished with values: [10.011674411706068, 10.011674411706068] and parameters: {'k1': 0.0029707920514735983, 'D_low': 2364.7263747938764, 'k2': 1.6559474674046002e-05, 'D_high': 1488557.802851245, 'fire_exp': 1.024589524149873, 'P_half': 10.226988730324324, 'pre_dampen_half': 502.5175192217655, 'gpp_af': 0.7539992074650282, 'gpp_b': 0.0005995821881487623, 'gpp_d': 12.151631524283598, 'ign_k': 0.018707420137660268, 'ign_c': 4.1108484350212295, 'trop_agb_crit': 1.1195539271968775, 'trop_k_veg': 6.911478238001162, 'fuel_k': 4.680936683972859, 'fuel_half': 42.6871254378718}.
[I 2026-07-22 21:45:36,119] Trial 627 finished with values: [10.263949993150229, 10.263949993150229] and parameters: {'k1': 0.002968335334246999, 'D_low': 9.497440085397416, 'k2': 0.002342238625792905, 'D_high': 5568672.881423465, 'fire_exp': 1.0341837609578937, 'P_half': 220.3445560633069, 'pre_dampen_half': 269.0845367054863, 'gpp_af': 1.1300566419249867, 'gpp_b': 0.0005995821881487623, 'gpp_d': 0.07525142212697536, 'ign_k': 0.04732407125181112, 'ign_c': 4.1108484350212295, 'trop_agb_crit': 2.082468072533112, 'trop_k_veg': 6.911478238001162, 'fuel_k': 0.08612665817296865, 'fuel_half': 16.371966573507315}.
[I 2026-07-22 21:45:36,574] Trial 628 finished with values: [10.55649281970303, 10.55649281970303] and parameters: {'k1': 0.0029707920514735983, 'D_low': 13804.775391932099, 'k2': 6.364067167735477e-05, 'D_high': 1488557.802851245, 'fire_exp': 1.0482996836046896, 'P_half': 13.019246714361572, 'pre_dampen_half': 502.5175192217655, 'gpp_af': 0.7539992074650282, 'gpp_b': 7.402343469704414e-05, 'gpp_d': 4.776815004752158, 'ign_k': 8.761971101023699, 'ign_c': 8.405439129313676, 'trop_agb_crit': 1.1195539271968775, 'trop_k_veg': 1.4584243470991722, 'fuel_k': 4.680936683972859, 'fuel_half': 52.005817291141206}.
