[I 2026-08-19 17:23:07,853] Trial 898 finished with value: 0.5199827144234523 and parameters: {'k1': 0.015277539517516947, 'D_low': 2.2930363033902443, 'k2': 0.005758984755849599, 'D_high': 1911595.689522195, 'fire_exp': 6.117219671812025, 'P_half': 190.4642657904069, 'pre_dampen_half': 12.93268800258847, 'gpp_af': 0.2633216533276957, 'gpp_b': 3.7648310076296524e-05, 'gpp_d': 9.07496554093469, 'ign_k': 0.21487190283990615, 'ign_c': 7.467859563839738, 'trop_agb_crit': 4.10199107073814, 'trop_k_veg': 5.614641353462728, 'pop_amp': 0.058671475838067616, 'pop_peak': 39.16606184017253, 'pop_sig': 1.3733716205550992, 'fuel_k': 0.11724633916810495, 'fuel_half': 0.5713602888794953}. Best is trial 0 with value: -0.6094076133578652.
[I 2026-08-19 17:23:09,647] Trial 899 finished with value: 0.5634291341778767 and parameters: {'k1': 5.566897680267086e-05, 'D_low': 22711.845844336174, 'k2': 1.5295039752173163e-05, 'D_high': 2882965.2789903483, 'fire_exp': 1.3465388045412028, 'P_half': 11.692867867341564, 'pre_dampen_half': 0.5092749989107046, 'gpp_af': 0.012099588758725207, 'gpp_b': 0.026382057037471894, 'gpp_d': 7.186732101882224, 'ign_k': 0.01724213034714271, 'ign_c': 1.6933218495915334, 'trop_agb_crit': 15.572777414777832, 'trop_k_veg': 2.4716456268332756, 'pop_amp': 5.284603369638572, 'pop_peak': 3.6871483771699656, 'pop_sig': 0.6870153521539243, 'fuel_k': 0.8654261299045674, 'fuel_half': 0.1516813359042996}. Best is trial 0 with value: -0.6094076133578652.
[I 2026-08-19 17:23:11,322] Trial 900 finished with value: 0.5859724670323042 and parameters: {'k1': 2.5947539973330207e-05, 'D_low': 730811.3319118834, 'k2': 7.516464067198568e-05, 'D_high': 1139753.321138279, 'fire_exp': 1.1065957405600224, 'P_half': 42.359843254830636, 'pre_dampen_half': 25.757083173326233, 'gpp_af': 5.810761871555811, 'gpp_b': 0.0020279617511268647, 'gpp_d': 32.10012208351843, 'ign_k': 0.03997245677931453, 'ign_c': 24.008137333654624, 'trop_agb_crit': 12.337736006249703, 'trop_k_veg': 5.292649749109469, 'pop_amp': 3.557313517929829, 'pop_peak': 249.41856388067745, 'pop_sig': 0.7763794720001888, 'fuel_k': 0.17665205614357168, 'fuel_half': 2.682511129934151}. Best is trial 0 with value: -0.6094076133578652.
[I 2026-08-19 17:23:13,052] Trial 901 finished with value: 0.4882216213556222 and parameters: {'k1': 0.07450313160864436, 'D_low': 2634.9024312441616, 'k2': 0.015757379429607123, 'D_high': 5867254.211139978, 'fire_exp': 4.823636587264717, 'P_half': 1.0382486781724813, 'pre_dampen_half': 5.2286862136957835, 'gpp_af': 0.2967752505131475, 'gpp_b': 0.0006504139277382023, 'gpp_d': 0.36451469473461434, 'ign_k': 1.174198057220583, 'ign_c': 2.2120446849094666, 'trop_agb_crit': 5.425443764611543, 'trop_k_veg': 1.7417834961514176, 'pop_amp': 2.3839486755269816, 'pop_peak': 359.3492449474053, 'pop_sig': 1.7125993203159993, 'fuel_k': 0.25760385923777207, 'fuel_half': 0.1732410548543579}. Best is trial 0 with value: -0.6094076133578652.
[I 2026-08-19 17:23:14,874] Trial 902 finished with value: 0.45482276177826864 and parameters: {'k1': 0.002988313662493878, 'D_low': 3078.6317146872548, 'k2': 0.013282123859997517, 'D_high': 374910.37890948163, 'fire_exp': 1.8127622337638836, 'P_half': 6.222836052849777, 'pre_dampen_half': 1.4962375533750707, 'gpp_af': 0.005486505065010569, 'gpp_b': 0.00010800293413472969, 'gpp_d': 5.1537785866895724, 'ign_k': 0.08037589429224457, 'ign_c': 0.10427446196662578, 'trop_agb_crit': 7.458809224197898, 'trop_k_veg': 6.998099015402973, 'pop_amp': 0.0900191005945029, 'pop_peak': 14.098939674176835, 'pop_sig': 1.305808043381648, 'fuel_k': 0.021106710326802343, 'fuel_half': 2.214864569377527}. Best is trial 0 with value: -0.6094076133578652.
  trial  903/2500  best_overall=0.6094  (24.9 min)
[I 2026-08-19 17:23:16,982] Trial 903 finished with value: 0.5773259619665404 and parameters: {'k1': 2.400770138465578e-05, 'D_low': 2.5931767440823177, 'k2': 0.08403531164065438, 'D_high': 1446723.8393396183, 'fire_exp': 1.8491679620071506, 'P_half': 2.9786835352071144, 'pre_dampen_half': 18.873987570585815, 'gpp_af': 0.09078793522543728, 'gpp_b': 0.08767814513903742, 'gpp_d': 11.53642241361899, 'ign_k': 0.12326923186751314, 'ign_c': 14.493776692898734, 'trop_agb_crit': 8.41980667713756, 'trop_k_veg': 1.752697820879962, 'pop_amp': 0.0020396578007204178, 'pop_peak': 0.18488861802182105, 'pop_sig': 0.6304210039880798, 'fuel_k': 0.034288639144094996, 'fuel_half': 3.0463114405030347}. Best is trial 0 with value: -0.6094076133578652.
[I 2026-08-19 17:23:18,764] Trial 904 finished with value: 0.5857999727597981 and parameters: {'k1': 5.1018916758879603e-05, 'D_low': 73673.68975160613, 'k2': 0.000704012568754614, 'D_high': 1143357.5926682933, 'fire_exp': 1.0507958672797626, 'P_half': 109.20874511487021, 'pre_dampen_half': 31.38389665735901, 'gpp_af': 0.17204464032015943, 'gpp_b': 0.08275887923355628, 'gpp_d': 923.562100776154, 'ign_k': 0.00236088351597833, 'ign_c': 4.292252081967087, 'trop_agb_crit': 27.195050954138708, 'trop_k_veg': 3.163628326902667, 'pop_amp': 0.1878176782123472, 'pop_peak': 59.501763638589225, 'pop_sig': 0.6031092445479779, 'fuel_k': 1.3865777486623205, 'fuel_half': 0.10151971454917098}. Best is trial 0 with value: -0.6094076133578652.
[I 2026-08-19 17:23:20,532] Trial 905 finished with value: 0.5786087141064403 and parameters: {'k1': 0.00040186965825456003, 'D_low': 57.609761016177714, 'k2': 0.0008703208367390888, 'D_high': 2269427.494000436, 'fire_exp': 5.2506730152144465, 'P_half': 107.9699355159562, 'pre_dampen_half': 0.20530557156851165, 'gpp_af': 0.020388312832017485, 'gpp_b': 1.0624031701658926e-05, 'gpp_d': 73.27033297065522, 'ign_k': 0.04100328969212795, 'ign_c': 0.4981226191249249, 'trop_agb_crit': 26.61640729490005, 'trop_k_veg': 1.8153998420244475, 'pop_amp': 0.0023855788131232286, 'pop_peak': 1.7107908283765298, 'pop_sig': 0.9429253082121093, 'fuel_k': 0.1711744784249307, 'fuel_half': 0.7683716132261661}. Best is trial 0 with value: -0.6094076133578652.
[I 2026-08-19 17:23:22,367] Trial 906 finished with value: 0.45614616613036696 and parameters: {'k1': 0.0006539392464414173, 'D_low': 8.269332598255739, 'k2': 0.027500031779849422, 'D_high': 949196.9873734332, 'fire_exp': 2.932525020839659, 'P_half': 2.806717245038591, 'pre_dampen_half': 0.4525919279612626, 'gpp_af': 0.22840182680671173, 'gpp_b': 0.00019734304253681177, 'gpp_d': 122.89788506495765, 'ign_k': 0.2567290760548937, 'ign_c': 1.4973403984322347, 'trop_agb_crit': 8.698477293197254, 'trop_k_veg': 2.1067599552836747, 'pop_amp': 0.006279938369077037, 'pop_peak': 5.196475800709734, 'pop_sig': 2.45283052639638, 'fuel_k': 3.0722589971470406, 'fuel_half': 70.57547484376859}. Best is trial 0 with value: -0.6094076133578652.
[I 2026-08-19 17:23:24,099] Trial 907 finished with value: -0.5503003894270748 and parameters: {'k1': 0.0004843072894500092, 'D_low': 70.08266011283287, 'k2': 0.016366996167039804, 'D_high': 3007290.2964414814, 'fire_exp': 2.8445805963611885, 'P_half': 2.6984993939795823, 'pre_dampen_half': 0.3068424415607888, 'gpp_af': 82.00176038560926, 'gpp_b': 0.0010091230448519759, 'gpp_d': 912.1887684774838, 'ign_k': 3.256729633193497, 'ign_c': 3.098850332142419, 'trop_agb_crit': 14.237857339216589, 'trop_k_veg': 2.148175323519307, 'pop_amp': 0.12527350550393182, 'pop_peak': 3.603951997783071, 'pop_sig': 0.7900385057004775, 'fuel_k': 1.1028379974257068, 'fuel_half': 86.56149140604715}. Best is trial 0 with value: -0.6094076133578652.
[I 2026-08-19 17:23:25,818] Trial 908 finished with value: 0.5351534023595028 and parameters: {'k1': 4.648987815018828e-05, 'D_low': 19251.012087789066, 'k2': 0.0001206182893673942, 'D_high': 3076918.3033786463, 'fire_exp': 1.3785676307520904, 'P_half': 6854.699578543693, 'pre_dampen_half': 2.6291792161290184, 'gpp_af': 0.01119392517672207, 'gpp_b': 0.020394080607220883, 'gpp_d': 505.13723529753406, 'ign_k': 0.14732139445421022, 'ign_c': 3.1394007516135023, 'trop_agb_crit': 2.6277503581445636, 'trop_k_veg': 4.425508034977083, 'pop_amp': 16.832209183289486, 'pop_peak': 169.77431817868083, 'pop_sig': 0.456075574423212, 'fuel_k': 5.71817163147967, 'fuel_half': 0.1278822813997931}. Best is trial 0 with value: -0.6094076133578652.
[I 2026-08-19 17:23:27,508] Trial 909 finished with value: 0.5701202742151085 and parameters: {'k1': 0.00023631015589616912, 'D_low': 54548.23945624815, 'k2': 0.00034079678512065114, 'D_high': 2488834.458232793, 'fire_exp': 1.5023429451918504, 'P_half': 141.79097924837714, 'pre_dampen_half': 0.06987934414394739, 'gpp_af': 0.14443152639514534, 'gpp_b': 0.014101013937517927, 'gpp_d': 136.80036905672756, 'ign_k': 0.0556705318056267, 'ign_c': 6.83692575500814, 'trop_agb_crit': 5.55753184765755, 'trop_k_veg': 5.350871796694352, 'pop_amp': 0.7985249133095931, 'pop_peak': 193.19633708934253, 'pop_sig': 0.44716868815154787, 'fuel_k': 4.592106683404288, 'fuel_half': 0.11713016172322924}. Best is trial 0 with value: -0.6094076133578652.
[I 2026-08-19 17:23:29,227] Trial 910 finished with value: 0.5899462538535836 and parameters: {'k1': 1.9735041810642476e-05, 'D_low': 1.6538264603487323, 'k2': 0.0017711717590886032, 'D_high': 95703.06650135921, 'fire_exp': 4.082151562012036, 'P_half': 942.7591539940233, 'pre_dampen_half': 2.608660529164278, 'gpp_af': 0.011239201733815157, 'gpp_b': 0.003940511248998201, 'gpp_d': 33.619997376708504, 'ign_k': 0.4891152508772451, 'ign_c': 0.5030458450152919, 'trop_agb_crit': 22.184178182747335, 'trop_k_veg': 3.381635744794741, 'pop_amp': 0.003983133013657772, 'pop_peak': 1.7352865486150666, 'pop_sig': 1.037026850897409, 'fuel_k': 0.853990886870538, 'fuel_half': 0.666385282886406}. Best is trial 0 with value: -0.6094076133578652.
[I 2026-08-19 17:23:30,839] Trial 911 finished with value: 0.54695888337257 and parameters: {'k1': 4.720989343512557e-05, 'D_low': 546.2996232780276, 'k2': 0.00020610537580991215, 'D_high': 717821.3195102919, 'fire_exp': 2.204640470665852, 'P_half': 336.75329313722693, 'pre_dampen_half': 394.257386144418, 'gpp_af': 0.2992626509943833, 'gpp_b': 0.000619572425352229, 'gpp_d': 659.4940315035827, 'ign_k': 0.07752043320163328, 'ign_c': 23.882328066491095, 'trop_agb_crit': 4.2726127632561735, 'trop_k_veg': 2.447393283708026, 'pop_amp': 0.01563405108054972, 'pop_peak': 0.11512523068943466, 'pop_sig': 0.4473206712858712, 'fuel_k': 1.1218376046071952, 'fuel_half': 0.28850287870867997}. Best is trial 0 with value: -0.6094076133578652.
[I 2026-08-19 17:23:32,544] Trial 912 finished with value: 0.44066495568764896 and parameters: {'k1': 0.021879393883622637, 'D_low': 164.8574437422508, 'k2': 0.05128787483889604, 'D_high': 758327.358298678, 'fire_exp': 2.4402423555390502, 'P_half': 2.2899389135675063, 'pre_dampen_half': 14.679185128384251, 'gpp_af': 0.03397808237788848, 'gpp_b': 4.1187821325519474e-05, 'gpp_d': 56.2068966771672, 'ign_k': 0.3258975689386982, 'ign_c': 1.3526925186997956, 'trop_agb_crit': 15.28969936022612, 'trop_k_veg': 3.5335036212538142, 'pop_amp': 0.008894073691148996, 'pop_peak': 0.055469036587534215, 'pop_sig': 2.3688316129810865, 'fuel_k': 0.5592855732063777, 'fuel_half': 63.97645609984969}. Best is trial 0 with value: -0.6094076133578652.
[I 2026-08-19 17:23:34,200] Trial 913 finished with value: 0.4528686880456181 and parameters: {'k1': 0.00012869634492521865, 'D_low': 10.83173197287615, 'k2': 0.04667666913620806, 'D_high': 8250565.797196577, 'fire_exp': 3.4094087143882867, 'P_half': 5.195608134241757, 'pre_dampen_half': 2.8545743558645054, 'gpp_af': 58.8230174565599, 'gpp_b': 3.61280251754723e-05, 'gpp_d': 940.7464579969435, 'ign_k': 0.049634039297292334, 'ign_c': 5.457089117492065, 'trop_agb_crit': 10.704093477722875, 'trop_k_veg': 3.3687370721737717, 'pop_amp': 4.842142529914085, 'pop_peak': 2.525512981093347, 'pop_sig': 1.3779066656963448, 'fuel_k': 0.5623146832533611, 'fuel_half': 6.47103626508076}. Best is trial 0 with value: -0.6094076133578652.
[I 2026-08-19 17:23:36,152] Trial 914 finished with value: 0.5704591901072528 and parameters: {'k1': 0.0003659837285976789, 'D_low': 36807.85830306674, 'k2': 0.0019188980435830008, 'D_high': 1874770.7034805955, 'fire_exp': 2.742709143962546, 'P_half': 69.42410909390668, 'pre_dampen_half': 0.09311648838703829, 'gpp_af': 0.390622276828829, 'gpp_b': 5.684007240565411e-05, 'gpp_d': 0.8424053647260621, 'ign_k': 3.0376379337888975, 'ign_c': 0.1615236538946593, 'trop_agb_crit': 13.608395487020008, 'trop_k_veg': 4.386200035661416, 'pop_amp': 0.0029232002814972417, 'pop_peak': 41.79455705566038, 'pop_sig': 1.1011963190206475, 'fuel_k': 0.4834875720103656, 'fuel_half': 0.303222438904379}. Best is trial 0 with value: -0.6094076133578652.
  trial  915/2500  best_overall=0.6094  (25.2 min)
[I 2026-08-19 17:23:38,192] Trial 915 finished with value: 0.430088124345837 and parameters: {'k1': 0.06465376319553894, 'D_low': 93.679805084863, 'k2': 0.030767216989583734, 'D_high': 941410.1591932746, 'fire_exp': 2.432277714804008, 'P_half': 1.647036353951336, 'pre_dampen_half': 0.22707231551312584, 'gpp_af': 0.005745825567700829, 'gpp_b': 2.2480574567196675e-05, 'gpp_d': 0.012683017292889707, 'ign_k': 0.11041867043256626, 'ign_c': 5.997794811675632, 'trop_agb_crit': 3.1440372348482346, 'trop_k_veg': 6.754323652807023, 'pop_amp': 4.6226084414129245, 'pop_peak': 94.88253905881842, 'pop_sig': 0.8954204191690318, 'fuel_k': 0.0162525665989828, 'fuel_half': 6.082662601988261}. Best is trial 0 with value: -0.6094076133578652.
[I 2026-08-19 17:23:40,327] Trial 916 finished with value: 0.511856909065765 and parameters: {'k1': 8.92001732844849e-05, 'D_low': 192.84170052909886, 'k2': 0.032440321000407744, 'D_high': 425965.4000637002, 'fire_exp': 2.92382207662192, 'P_half': 21.296601833922697, 'pre_dampen_half': 0.1304990128514353, 'gpp_af': 40.691517524119256, 'gpp_b': 7.819478915672429e-05, 'gpp_d': 158.05518913274312, 'ign_k': 0.36006180226136975, 'ign_c': 5.087992772631773, 'trop_agb_crit': 7.823227838952588, 'trop_k_veg': 5.018200711234423, 'pop_amp': 0.9818609234112888, 'pop_peak': 0.06356778699739571, 'pop_sig': 0.2524060366455668, 'fuel_k': 0.2894281731699403, 'fuel_half': 1.9689450769255246}. Best is trial 0 with value: -0.6094076133578652.
[I 2026-08-19 17:23:42,210] Trial 917 finished with value: 0.4817931749650616 and parameters: {'k1': 0.000749254483319083, 'D_low': 288.45637021735143, 'k2': 0.00022882527026742893, 'D_high': 2214432.5303021916, 'fire_exp': 6.541099482500809, 'P_half': 6.60980067241599, 'pre_dampen_half': 53.5226228738057, 'gpp_af': 0.05100453114000202, 'gpp_b': 2.4801630138145468e-05, 'gpp_d': 15.041719433624335, 'ign_k': 0.65484259528339, 'ign_c': 0.3077949384641961, 'trop_agb_crit': 13.329673843780105, 'trop_k_veg': 1.6958413180924752, 'pop_amp': 0.001050652590590428, 'pop_peak': 0.20258696155700653, 'pop_sig': 0.8085658295873518, 'fuel_k': 1.5780953664835071, 'fuel_half': 0.39105589836146953}. Best is trial 0 with value: -0.6094076133578652.
[I 2026-08-19 17:23:44,076] Trial 918 finished with value: 0.4231822880408962 and parameters: {'k1': 0.0028821392520539633, 'D_low': 418.6485556295259, 'k2': 0.015746059352433568, 'D_high': 255417.23621947487, 'fire_exp': 7.640360928890454, 'P_half': 2.309269998349272, 'pre_dampen_half': 37.21410408994241, 'gpp_af': 1.6520793160671763, 'gpp_b': 0.03353008856318231, 'gpp_d': 205.56130841135493, 'ign_k': 1.3771395867906189, 'ign_c': 0.5170630770802969, 'trop_agb_crit': 16.26356702300244, 'trop_k_veg': 3.1128767442554905, 'pop_amp': 0.0015808676666880458, 'pop_peak': 0.0669882857016724, 'pop_sig': 0.6427939343458539, 'fuel_k': 0.3313036023781967, 'fuel_half': 0.5230682898897803}. Best is trial 0 with value: -0.6094076133578652.
[I 2026-08-19 17:23:45,880] Trial 919 finished with value: -0.5726443824750981 and parameters: {'k1': 0.0005001852930450084, 'D_low': 2.2449484506430126, 'k2': 0.002153522763037178, 'D_high': 243873.70042943797, 'fire_exp': 1.7442611105990962, 'P_half': 47.13860821256622, 'pre_dampen_half': 0.9684386281329559, 'gpp_af': 0.0011148588796849905, 'gpp_b': 1.3696486674904612e-05, 'gpp_d': 820.0941242165168, 'ign_k': 0.49702262610060893, 'ign_c': 2.5725659975703707, 'trop_agb_crit': 3.1372060995530093, 'trop_k_veg': 1.244946844105683, 'pop_amp': 0.024891617239408834, 'pop_peak': 15.30698975505331, 'pop_sig': 1.5501242476529011, 'fuel_k': 0.49870629283147583, 'fuel_half': 0.45537484930860156}. Best is trial 0 with value: -0.6094076133578652.
[I 2026-08-19 17:23:47,658] Trial 920 finished with value: 0.6014011486363288 and parameters: {'k1': 0.0042347408564607, 'D_low': 247.6347169452011, 'k2': 0.002588478704226251, 'D_high': 527330.368954356, 'fire_exp': 7.64217151496673, 'P_half': 41.10181310774143, 'pre_dampen_half': 20.05877879336883, 'gpp_af': 0.04688266940016116, 'gpp_b': 0.014357403270334359, 'gpp_d': 101.39725272849381, 'ign_k': 0.013548319344795024, 'ign_c': 0.9787886202188526, 'trop_agb_crit': 27.941457477043546, 'trop_k_veg': 3.316197443191219, 'pop_amp': 0.004734852520957319, 'pop_peak': 0.4260894116767464, 'pop_sig': 1.116442901872203, 'fuel_k': 2.069711688177195, 'fuel_half': 0.1590030370319768}. Best is trial 0 with value: -0.6094076133578652.
[I 2026-08-19 17:23:49,382] Trial 921 finished with value: 0.5641648866846258 and parameters: {'k1': 0.015707171895411223, 'D_low': 2.0335899903759764, 'k2': 0.05591556937490988, 'D_high': 97319.84083043852, 'fire_exp': 1.795488824397036, 'P_half': 15.403910844103875, 'pre_dampen_half': 0.013029494947704435, 'gpp_af': 0.16106638491178546, 'gpp_b': 1.2768432109653579e-05, 'gpp_d': 887.5256364309364, 'ign_k': 0.038304842728354334, 'ign_c': 0.5547789922679345, 'trop_agb_crit': 5.544777601700753, 'trop_k_veg': 1.4013280207373975, 'pop_amp': 0.0019817597379307296, 'pop_peak': 5.151754215232781, 'pop_sig': 2.381026364108941, 'fuel_k': 0.47113056541895965, 'fuel_half': 11.557444483726362}. Best is trial 0 with value: -0.6094076133578652.
[I 2026-08-19 17:23:51,068] Trial 922 finished with value: 0.5143725133842758 and parameters: {'k1': 4.8551332370206515e-05, 'D_low': 88003.36086456923, 'k2': 0.0020582644229269046, 'D_high': 472125.6196336391, 'fire_exp': 2.1889039457515, 'P_half': 42.73623080493472, 'pre_dampen_half': 8.445948850480098, 'gpp_af': 0.24819822280278442, 'gpp_b': 0.00167724495220693, 'gpp_d': 27.587137388937382, 'ign_k': 0.004868582976010734, 'ign_c': 59.84074615755623, 'trop_agb_crit': 18.14297256091682, 'trop_k_veg': 7.928528311862496, 'pop_amp': 11.754207417156808, 'pop_peak': 3.2752098769948312, 'pop_sig': 1.6320183997989868, 'fuel_k': 0.26609760739447097, 'fuel_half': 1.1314249188503935}. Best is trial 0 with value: -0.6094076133578652.
[I 2026-08-19 17:23:52,716] Trial 923 finished with value: 0.5880802696718864 and parameters: {'k1': 0.003090781546706059, 'D_low': 4.908711584278004, 'k2': 0.0021703920826032464, 'D_high': 2651748.9448470473, 'fire_exp': 8.954103801260842, 'P_half': 6.017755164336753, 'pre_dampen_half': 0.7842232300272068, 'gpp_af': 0.40540004856709433, 'gpp_b': 0.0027281030404518263, 'gpp_d': 0.34803892206833054, 'ign_k': 0.03550729662129841, 'ign_c': 11.285395965495438, 'trop_agb_crit': 4.897062554050247, 'trop_k_veg': 1.977491162894207, 'pop_amp': 0.0029800262920968964, 'pop_peak': 192.68196122035357, 'pop_sig': 1.2533085567538178, 'fuel_k': 0.31954254801023296, 'fuel_half': 1.74576390729665}. Best is trial 0 with value: -0.6094076133578652.
[I 2026-08-19 17:23:54,445] Trial 924 finished with value: 0.5969950779283631 and parameters: {'k1': 0.030846048773486845, 'D_low': 9852.689010501854, 'k2': 0.03232831452417818, 'D_high': 14144.348609690232, 'fire_exp': 1.8649706561925132, 'P_half': 4.32769474644224, 'pre_dampen_half': 4.881298264600457, 'gpp_af': 33.97253651598356, 'gpp_b': 0.0073460022490093955, 'gpp_d': 714.8785214702824, 'ign_k': 6.290116588632381, 'ign_c': 0.8576279435482149, 'trop_agb_crit': 12.112603823749104, 'trop_k_veg': 1.2318030570395981, 'pop_amp': 0.05846463845127444, 'pop_peak': 0.08377333760527013, 'pop_sig': 1.2058030537609588, 'fuel_k': 0.01737467450585652, 'fuel_half': 12.835497535630395}. Best is trial 0 with value: -0.6094076133578652.
[I 2026-08-19 17:23:56,085] Trial 925 finished with value: 0.6445374145881376 and parameters: {'k1': 1.9170655839328813e-05, 'D_low': 3303.6260980090037, 'k2': 0.00032062320765340274, 'D_high': 2031064.3879589075, 'fire_exp': 3.022459332087885, 'P_half': 56.21027672440311, 'pre_dampen_half': 12.211864378024035, 'gpp_af': 4.189119346511284, 'gpp_b': 9.466979166957305e-05, 'gpp_d': 182.82141741857, 'ign_k': 0.2980936340695163, 'ign_c': 100.05172461972617, 'trop_agb_crit': 8.293332195886606, 'trop_k_veg': 2.394862981078998, 'pop_amp': 0.004788206200966388, 'pop_peak': 0.7680947061122636, 'pop_sig': 0.8053503394060793, 'fuel_k': 0.3474274347433118, 'fuel_half': 0.7203105963371521}. Best is trial 0 with value: -0.6094076133578652.
[I 2026-08-19 17:23:57,713] Trial 926 finished with value: 0.5827791738599343 and parameters: {'k1': 0.021903886220015614, 'D_low': 2.2638069255461186, 'k2': 0.090057120782974, 'D_high': 70908.70699540501, 'fire_exp': 5.094216946890361, 'P_half': 4.815449845259971, 'pre_dampen_half': 12.997424681339586, 'gpp_af': 0.009115083133547397, 'gpp_b': 0.0023534699305943247, 'gpp_d': 583.6276692226176, 'ign_k': 0.0436694554546471, 'ign_c': 0.10875530515497252, 'trop_agb_crit': 11.403216579208284, 'trop_k_veg': 1.5769420788190125, 'pop_amp': 0.010406117623223573, 'pop_peak': 0.09317403614468403, 'pop_sig': 2.1660123415824803, 'fuel_k': 0.515497253799478, 'fuel_half': 80.68998542101932}. Best is trial 0 with value: -0.6094076133578652.
  trial  927/2500  best_overall=0.6094  (25.6 min)
