[I 2026-08-06 02:27:57,647] Trial 945 finished with values: [10.388231068709798, 10.388231068709798] and parameters: {'k1': 0.025383218374507292, 'D_low': 26.21130418912424, 'k2': 1.4378290221680118e-05, 'D_high': 949.9072859745386, 'fire_exp': 1.2680134752324452, 'P_half': 608.3019192425825, 'pre_dampen_half': 3.3594011166738142, 'gpp_af': 0.028585493941961918, 'gpp_b': 0.0005995821881487623, 'gpp_d': 39.827466658711515, 'ign_k': 3.7173717478250508, 'ign_c': 0.7724824966785973}.
[I 2026-08-06 02:27:58,485] Trial 946 finished with values: [10.75640262837534, 10.75640262837534] and parameters: {'k1': 0.025383218374507292, 'D_low': 51.9967392387832, 'k2': 4.763991596630584e-05, 'D_high': 2969.087094484682, 'fire_exp': 1.010722707674549, 'P_half': 958.8659498594012, 'pre_dampen_half': 10.746441744380329, 'gpp_af': 0.004339536161007625, 'gpp_b': 0.3880241939505091, 'gpp_d': 300.3420512048734, 'ign_k': 3.7173717478250508, 'ign_c': 0.5004428734228137}.
[I 2026-08-06 02:27:59,347] Trial 947 finished with values: [10.022859895357579, 10.022859895357579] and parameters: {'k1': 0.0010239159443463301, 'D_low': 616.4329525571076, 'k2': 0.0004381141781653133, 'D_high': 24939.838794891497, 'fire_exp': 1.3239942327296237, 'P_half': 403.3495283157659, 'pre_dampen_half': 14.689898077648792, 'gpp_af': 11.234842109991876, 'gpp_b': 1.5938003265859821, 'gpp_d': 39.827466658711515, 'ign_k': 7.799059237255681, 'ign_c': 3.735862630812751}.
[I 2026-08-06 02:28:00,201] Trial 948 finished with values: [10.256846281132804, 10.256846281132804] and parameters: {'k1': 0.021368329072358756, 'D_low': 7.068974950624602, 'k2': 0.0003932349508311777, 'D_high': 6455.595882939566, 'fire_exp': 1.1044852285094786, 'P_half': 276.27089412392087, 'pre_dampen_half': 14.689898077648792, 'gpp_af': 4.582731702170249, 'gpp_b': 0.1676789742547917, 'gpp_d': 5.878566318396007, 'ign_k': 0.01474275315991467, 'ign_c': 14.367095138664217}.
[I 2026-08-06 02:28:01,053] Trial 949 finished with values: [-0.5514151774068411, 0.024527693790267313] and parameters: {'k1': 0.08926311370835228, 'D_low': 18.522006003174383, 'k2': 3.5917714215176105e-05, 'D_high': 1687.3495104568947, 'fire_exp': 1.010722707674549, 'P_half': 608.3019192425825, 'pre_dampen_half': 14.689898077648792, 'gpp_af': 0.2343193755572473, 'gpp_b': 0.10123867001105968, 'gpp_d': 39.827466658711515, 'ign_k': 3.7173717478250508, 'ign_c': 14.367095138664217}.
[I 2026-08-06 02:28:01,921] Trial 950 finished with values: [10.16783936967176, 10.16783936967176] and parameters: {'k1': 0.08926311370835228, 'D_low': 3.850312405984757, 'k2': 3.5917714215176105e-05, 'D_high': 1687.3495104568947, 'fire_exp': 1.010722707674549, 'P_half': 403.3495283157659, 'pre_dampen_half': 14.689898077648792, 'gpp_af': 0.06881325660932233, 'gpp_b': 0.22183644799066013, 'gpp_d': 39.827466658711515, 'ign_k': 3.7173717478250508, 'ign_c': 3.735862630812751}.
[I 2026-08-06 02:28:02,804] Trial 951 finished with values: [10.755643367907284, 10.755643367907284] and parameters: {'k1': 0.08926311370835228, 'D_low': 18.522006003174383, 'k2': 3.5917714215176105e-05, 'D_high': 1687.3495104568947, 'fire_exp': 1.0473002272689056, 'P_half': 608.3019192425825, 'pre_dampen_half': 14.689898077648792, 'gpp_af': 0.00219210598059826, 'gpp_b': 0.1676789742547917, 'gpp_d': 39.827466658711515, 'ign_k': 3.7173717478250508, 'ign_c': 14.367095138664217}.
[I 2026-08-06 02:28:03,665] Trial 952 finished with values: [10.76789586037213, 10.76789586037213] and parameters: {'k1': 0.025383218374507292, 'D_low': 18.522006003174383, 'k2': 4.763991596630584e-05, 'D_high': 1687.3495104568947, 'fire_exp': 1.2680134752324452, 'P_half': 608.3019192425825, 'pre_dampen_half': 14.689898077648792, 'gpp_af': 22.766850248686247, 'gpp_b': 0.09760461369620549, 'gpp_d': 0.013460448623833698, 'ign_k': 3.7173717478250508, 'ign_c': 14.367095138664217}.
[I 2026-08-06 02:28:04,511] Trial 953 finished with values: [-0.49389474127454197, 0.03785435505091428] and parameters: {'k1': 0.025383218374507292, 'D_low': 616.4329525571076, 'k2': 4.763991596630584e-05, 'D_high': 24939.838794891497, 'fire_exp': 1.2680134752324452, 'P_half': 403.3495283157659, 'pre_dampen_half': 25.15960733455044, 'gpp_af': 22.766850248686247, 'gpp_b': 2.800940363375676e-05, 'gpp_d': 300.3420512048734, 'ign_k': 3.7173717478250508, 'ign_c': 14.367095138664217}.
[I 2026-08-06 02:28:05,397] Trial 954 finished with values: [-0.5462831900985147, 0.021878066800176788] and parameters: {'k1': 0.08926311370835228, 'D_low': 18.522006003174383, 'k2': 3.5917714215176105e-05, 'D_high': 1687.3495104568947, 'fire_exp': 1.0473002272689056, 'P_half': 608.3019192425825, 'pre_dampen_half': 14.689898077648792, 'gpp_af': 0.2343193755572473, 'gpp_b': 0.10123867001105968, 'gpp_d': 39.827466658711515, 'ign_k': 3.7173717478250508, 'ign_c': 14.367095138664217}.
[I 2026-08-06 02:28:06,269] Trial 955 finished with values: [10.49851087939347, 10.49851087939347] and parameters: {'k1': 0.08926311370835228, 'D_low': 1.2299210465793122, 'k2': 3.5917714215176105e-05, 'D_high': 1687.3495104568947, 'fire_exp': 1.2680134752324452, 'P_half': 608.3019192425825, 'pre_dampen_half': 3.3594011166738142, 'gpp_af': 0.2343193755572473, 'gpp_b': 0.10123867001105968, 'gpp_d': 39.827466658711515, 'ign_k': 3.7173717478250508, 'ign_c': 0.7724824966785973}.
[I 2026-08-06 02:28:07,138] Trial 956 finished with values: [10.76923076805719, 10.76923076805719] and parameters: {'k1': 0.03232155805617897, 'D_low': 31.117676855667376, 'k2': 3.472683124638336e-05, 'D_high': 6455.595882939566, 'fire_exp': 1.2680134752324452, 'P_half': 664.2027816373393, 'pre_dampen_half': 14.689898077648792, 'gpp_af': 22.766850248686247, 'gpp_b': 0.1676789742547917, 'gpp_d': 368.30088529547436, 'ign_k': 3.7173717478250508, 'ign_c': 711.9679541167399}.
[I 2026-08-06 02:28:08,026] Trial 957 finished with values: [-0.5647948613633033, 0.026659528549542455] and parameters: {'k1': 0.03232155805617897, 'D_low': 9.330007965781027, 'k2': 4.763991596630584e-05, 'D_high': 1578.0404945802954, 'fire_exp': 1.0473002272689056, 'P_half': 664.2027816373393, 'pre_dampen_half': 14.689898077648792, 'gpp_af': 22.766850248686247, 'gpp_b': 0.35446974723746, 'gpp_d': 368.30088529547436, 'ign_k': 3.7173717478250508, 'ign_c': 14.367095138664217}.
[I 2026-08-06 02:28:08,904] Trial 958 finished with values: [10.055718748124589, 10.055718748124589] and parameters: {'k1': 0.07299424898595562, 'D_low': 18.522006003174383, 'k2': 4.763991596630584e-05, 'D_high': 6455.595882939566, 'fire_exp': 1.0473002272689056, 'P_half': 664.2027816373393, 'pre_dampen_half': 14.689898077648792, 'gpp_af': 22.766850248686247, 'gpp_b': 0.10123867001105968, 'gpp_d': 368.30088529547436, 'ign_k': 3.7173717478250508, 'ign_c': 14.367095138664217}.
[I 2026-08-06 02:28:10,059] Trial 959 finished with values: [10.017746609134182, 10.017746609134182] and parameters: {'k1': 0.08926311370835228, 'D_low': 31.117676855667376, 'k2': 0.0499774937030317, 'D_high': 1687.3495104568947, 'fire_exp': 1.2680134752324452, 'P_half': 608.3019192425825, 'pre_dampen_half': 14.689898077648792, 'gpp_af': 22.766850248686247, 'gpp_b': 0.1676789742547917, 'gpp_d': 39.827466658711515, 'ign_k': 7.799059237255681, 'ign_c': 14.367095138664217}.
[I 2026-08-06 02:28:10,936] Trial 960 finished with values: [-0.5532004087555258, 0.028008234665409915] and parameters: {'k1': 0.08926311370835228, 'D_low': 9.330007965781027, 'k2': 4.763991596630584e-05, 'D_high': 1687.3495104568947, 'fire_exp': 1.0473002272689056, 'P_half': 276.27089412392087, 'pre_dampen_half': 14.689898077648792, 'gpp_af': 22.766850248686247, 'gpp_b': 0.1676789742547917, 'gpp_d': 39.827466658711515, 'ign_k': 3.7173717478250508, 'ign_c': 14.367095138664217}.
[I 2026-08-06 02:28:11,820] Trial 961 finished with values: [10.727730386741275, 10.727730386741275] and parameters: {'k1': 0.021368329072358756, 'D_low': 31.117676855667376, 'k2': 0.006138509947844854, 'D_high': 6455.595882939566, 'fire_exp': 1.010722707674549, 'P_half': 276.27089412392087, 'pre_dampen_half': 14.689898077648792, 'gpp_af': 0.004339536161007625, 'gpp_b': 0.1676789742547917, 'gpp_d': 7.797126586048889, 'ign_k': 3.7173717478250508, 'ign_c': 19.19168994439752}.
[I 2026-08-06 02:28:12,704] Trial 962 finished with values: [10.462528382275346, 10.462528382275346] and parameters: {'k1': 0.08926311370835228, 'D_low': 18.522006003174383, 'k2': 0.006138509947844854, 'D_high': 1687.3495104568947, 'fire_exp': 1.010722707674549, 'P_half': 608.3019192425825, 'pre_dampen_half': 14.689898077648792, 'gpp_af': 22.766850248686247, 'gpp_b': 0.10123867001105968, 'gpp_d': 7.797126586048889, 'ign_k': 3.7173717478250508, 'ign_c': 19.19168994439752}.
[I 2026-08-06 02:28:13,588] Trial 963 finished with values: [-0.5486907166556655, 0.026882607137395875] and parameters: {'k1': 0.08926311370835228, 'D_low': 31.117676855667376, 'k2': 0.0499774937030317, 'D_high': 1687.3495104568947, 'fire_exp': 1.2680134752324452, 'P_half': 276.27089412392087, 'pre_dampen_half': 14.689898077648792, 'gpp_af': 0.2343193755572473, 'gpp_b': 0.1676789742547917, 'gpp_d': 39.827466658711515, 'ign_k': 7.799059237255681, 'ign_c': 14.367095138664217}.
[I 2026-08-06 02:28:14,551] Trial 964 finished with values: [10.7652243179636, 10.7652243179636] and parameters: {'k1': 0.025383218374507292, 'D_low': 10.733257635049776, 'k2': 4.763991596630584e-05, 'D_high': 1687.3495104568947, 'fire_exp': 2.7070599790201504, 'P_half': 664.2027816373393, 'pre_dampen_half': 14.689898077648792, 'gpp_af': 0.2343193755572473, 'gpp_b': 0.10123867001105968, 'gpp_d': 0.3623102873208143, 'ign_k': 3.7173717478250508, 'ign_c': 10.581992548039135}.
[I 2026-08-06 02:28:15,466] Trial 965 finished with values: [10.294951301452947, 10.294951301452947] and parameters: {'k1': 0.025383218374507292, 'D_low': 57.285769939950555, 'k2': 3.5917714215176105e-05, 'D_high': 1687.3495104568947, 'fire_exp': 1.275453659678475, 'P_half': 608.3019192425825, 'pre_dampen_half': 14.689898077648792, 'gpp_af': 0.5009399307527331, 'gpp_b': 0.10123867001105968, 'gpp_d': 39.827466658711515, 'ign_k': 3.7173717478250508, 'ign_c': 14.367095138664217}.
[I 2026-08-06 02:28:16,398] Trial 966 finished with values: [10.769015043188958, 10.769015043188958] and parameters: {'k1': 0.025383218374507292, 'D_low': 18.522006003174383, 'k2': 0.003658518527736814, 'D_high': 400.9149428326862, 'fire_exp': 1.010722707674549, 'P_half': 608.3019192425825, 'pre_dampen_half': 14.689898077648792, 'gpp_af': 0.012027930570908296, 'gpp_b': 0.1676789742547917, 'gpp_d': 39.827466658711515, 'ign_k': 3.7173717478250508, 'ign_c': 30.08512495286993}.
[I 2026-08-06 02:28:17,288] Trial 967 finished with values: [10.131029814932038, 10.131029814932038] and parameters: {'k1': 0.03232155805617897, 'D_low': 9.330007965781027, 'k2': 4.763991596630584e-05, 'D_high': 1578.0404945802954, 'fire_exp': 1.0473002272689056, 'P_half': 664.2027816373393, 'pre_dampen_half': 14.689898077648792, 'gpp_af': 22.766850248686247, 'gpp_b': 0.07965381010765311, 'gpp_d': 368.30088529547436, 'ign_k': 0.004056013693183174, 'ign_c': 14.367095138664217}.
[I 2026-08-06 02:28:18,182] Trial 968 finished with values: [-0.5428986234405484, 0.01614752575518985] and parameters: {'k1': 0.025383218374507292, 'D_low': 18.522006003174383, 'k2': 0.0004381141781653133, 'D_high': 400.9149428326862, 'fire_exp': 1.2680134752324452, 'P_half': 177.4954658911452, 'pre_dampen_half': 25.15960733455044, 'gpp_af': 22.766850248686247, 'gpp_b': 0.1676789742547917, 'gpp_d': 39.827466658711515, 'ign_k': 3.7173717478250508, 'ign_c': 14.367095138664217}.
[I 2026-08-06 02:28:19,882] Trial 969 finished with values: [10.769230238193613, 10.769230238193613] and parameters: {'k1': 1.759537424265476e-05, 'D_low': 9.330007965781027, 'k2': 4.763991596630584e-05, 'D_high': 6455.595882939566, 'fire_exp': 6.036171716731253, 'P_half': 664.2027816373393, 'pre_dampen_half': 14.689898077648792, 'gpp_af': 0.19906830511569304, 'gpp_b': 0.35446974723746, 'gpp_d': 368.30088529547436, 'ign_k': 3.7173717478250508, 'ign_c': 14.367095138664217}.
[I 2026-08-06 02:28:21,971] Trial 970 finished with values: [10.721486897813481, 10.721486897813481] and parameters: {'k1': 0.003381093273170853, 'D_low': 1.7086581483996572, 'k2': 0.0004381141781653133, 'D_high': 400.9149428326862, 'fire_exp': 1.2680134752324452, 'P_half': 9538.174612713206, 'pre_dampen_half': 14.689898077648792, 'gpp_af': 11.234842109991876, 'gpp_b': 0.10123867001105968, 'gpp_d': 39.827466658711515, 'ign_k': 3.7173717478250508, 'ign_c': 3.735862630812751}.
[I 2026-08-06 02:28:23,795] Trial 971 finished with values: [-0.556707682200409, 0.020930137822259165] and parameters: {'k1': 0.025383218374507292, 'D_low': 18.522006003174383, 'k2': 1.702637694606324e-05, 'D_high': 1687.3495104568947, 'fire_exp': 1.0473002272689056, 'P_half': 664.2027816373393, 'pre_dampen_half': 14.689898077648792, 'gpp_af': 2.9865936975455876, 'gpp_b': 0.6637926838138378, 'gpp_d': 891.8036602897795, 'ign_k': 3.7173717478250508, 'ign_c': 14.367095138664217}.
[I 2026-08-06 02:28:24,647] Trial 972 finished with values: [10.76923076805719, 10.76923076805719] and parameters: {'k1': 0.08926311370835228, 'D_low': 18.522006003174383, 'k2': 3.5917714215176105e-05, 'D_high': 1687.3495104568947, 'fire_exp': 1.0473002272689056, 'P_half': 608.3019192425825, 'pre_dampen_half': 14.689898077648792, 'gpp_af': 0.2343193755572473, 'gpp_b': 0.6637926838138378, 'gpp_d': 891.8036602897795, 'ign_k': 3.7173717478250508, 'ign_c': 860.4303107293014}.
[I 2026-08-06 02:28:25,512] Trial 973 finished with values: [-0.5422248470722282, 0.021539431562443423] and parameters: {'k1': 0.08926311370835228, 'D_low': 9.051497105326684, 'k2': 4.763991596630584e-05, 'D_high': 1687.3495104568947, 'fire_exp': 1.010722707674549, 'P_half': 664.2027816373393, 'pre_dampen_half': 14.689898077648792, 'gpp_af': 22.766850248686247, 'gpp_b': 0.1676789742547917, 'gpp_d': 39.827466658711515, 'ign_k': 3.7173717478250508, 'ign_c': 14.367095138664217}.
[I 2026-08-06 02:28:26,377] Trial 974 finished with values: [10.194777751670495, 10.194777751670495] and parameters: {'k1': 0.03232155805617897, 'D_low': 9.330007965781027, 'k2': 3.706785664265659e-05, 'D_high': 6455.595882939566, 'fire_exp': 1.010722707674549, 'P_half': 958.8659498594012, 'pre_dampen_half': 14.689898077648792, 'gpp_af': 0.004339536161007625, 'gpp_b': 0.000832333943844274, 'gpp_d': 368.30088529547436, 'ign_k': 3.7173717478250508, 'ign_c': 19.19168994439752}.
[I 2026-08-06 02:28:27,279] Trial 975 finished with values: [10.734803543519503, 10.734803543519503] and parameters: {'k1': 0.025383218374507292, 'D_low': 9.330007965781027, 'k2': 0.0499774937030317, 'D_high': 30.58720245657159, 'fire_exp': 1.2680134752324452, 'P_half': 608.3019192425825, 'pre_dampen_half': 14.689898077648792, 'gpp_af': 22.766850248686247, 'gpp_b': 0.1676789742547917, 'gpp_d': 39.827466658711515, 'ign_k': 7.799059237255681, 'ign_c': 14.367095138664217}.
[I 2026-08-06 02:28:28,157] Trial 976 finished with values: [-0.546296584770214, 0.020303669909291666] and parameters: {'k1': 0.025383218374507292, 'D_low': 10.733257635049776, 'k2': 4.763991596630584e-05, 'D_high': 163.3430235367738, 'fire_exp': 1.0473002272689056, 'P_half': 608.3019192425825, 'pre_dampen_half': 14.689898077648792, 'gpp_af': 0.2343193755572473, 'gpp_b': 0.10123867001105968, 'gpp_d': 39.827466658711515, 'ign_k': 3.7173717478250508, 'ign_c': 14.367095138664217}.
[I 2026-08-06 02:28:29,091] Trial 977 finished with values: [10.119642296913256, 10.119642296913256] and parameters: {'k1': 0.08926311370835228, 'D_low': 31.117676855667376, 'k2': 0.0499774937030317, 'D_high': 400.9149428326862, 'fire_exp': 1.2680134752324452, 'P_half': 276.27089412392087, 'pre_dampen_half': 14.689898077648792, 'gpp_af': 22.766850248686247, 'gpp_b': 0.10123867001105968, 'gpp_d': 39.827466658711515, 'ign_k': 7.799059237255681, 'ign_c': 14.367095138664217}.
[I 2026-08-06 02:28:30,021] Trial 978 finished with values: [10.738642711215002, 10.738642711215002] and parameters: {'k1': 0.03232155805617897, 'D_low': 9.330007965781027, 'k2': 1.4378290221680118e-05, 'D_high': 6455.595882939566, 'fire_exp': 1.1044852285094786, 'P_half': 608.3019192425825, 'pre_dampen_half': 0.03200582711952312, 'gpp_af': 0.09651979281656148, 'gpp_b': 0.0005995821881487623, 'gpp_d': 39.827466658711515, 'ign_k': 3.7173717478250508, 'ign_c': 14.367095138664217}.
[I 2026-08-06 02:28:31,191] Trial 979 finished with values: [10.430024819660492, 10.430024819660492] and parameters: {'k1': 0.021368329072358756, 'D_low': 587.0098202978041, 'k2': 3.5917714215176105e-05, 'D_high': 6455.595882939566, 'fire_exp': 1.0473002272689056, 'P_half': 608.3019192425825, 'pre_dampen_half': 14.689898077648792, 'gpp_af': 4.582731702170249, 'gpp_b': 0.10123867001105968, 'gpp_d': 39.827466658711515, 'ign_k': 3.7173717478250508, 'ign_c': 14.367095138664217}.
[I 2026-08-06 02:28:32,120] Trial 980 finished with values: [-0.5510867426629875, 0.019902972628578985] and parameters: {'k1': 0.03232155805617897, 'D_low': 9.330007965781027, 'k2': 4.763991596630584e-05, 'D_high': 6455.595882939566, 'fire_exp': 1.010722707674549, 'P_half': 664.2027816373393, 'pre_dampen_half': 14.689898077648792, 'gpp_af': 22.766850248686247, 'gpp_b': 0.35446974723746, 'gpp_d': 39.827466658711515, 'ign_k': 3.7173717478250508, 'ign_c': 14.367095138664217}.
[I 2026-08-06 02:28:33,041] Trial 981 finished with values: [-0.5681166962596559, 0.025658309770752452] and parameters: {'k1': 0.021368329072358756, 'D_low': 18.522006003174383, 'k2': 4.763991596630584e-05, 'D_high': 6455.595882939566, 'fire_exp': 1.0473002272689056, 'P_half': 608.3019192425825, 'pre_dampen_half': 14.689898077648792, 'gpp_af': 4.582731702170249, 'gpp_b': 0.10123867001105968, 'gpp_d': 39.827466658711515, 'ign_k': 3.7173717478250508, 'ign_c': 14.367095138664217}.
[I 2026-08-06 02:28:33,949] Trial 982 finished with values: [-0.5681166962596559, 0.025658309770752452] and parameters: {'k1': 0.021368329072358756, 'D_low': 18.522006003174383, 'k2': 4.763991596630584e-05, 'D_high': 6455.595882939566, 'fire_exp': 1.0473002272689056, 'P_half': 608.3019192425825, 'pre_dampen_half': 14.689898077648792, 'gpp_af': 4.582731702170249, 'gpp_b': 0.10123867001105968, 'gpp_d': 39.827466658711515, 'ign_k': 3.7173717478250508, 'ign_c': 14.367095138664217}.
[I 2026-08-06 02:28:34,863] Trial 983 finished with values: [-0.5588737741194687, 0.024761007188991657] and parameters: {'k1': 0.021368329072358756, 'D_low': 31.117676855667376, 'k2': 1.4378290221680118e-05, 'D_high': 1687.3495104568947, 'fire_exp': 1.1044852285094786, 'P_half': 608.3019192425825, 'pre_dampen_half': 14.689898077648792, 'gpp_af': 0.09651979281656148, 'gpp_b': 0.0005995821881487623, 'gpp_d': 39.827466658711515, 'ign_k': 3.7173717478250508, 'ign_c': 14.367095138664217}.
[I 2026-08-06 02:28:35,809] Trial 984 finished with values: [10.186039958686049, 10.186039958686049] and parameters: {'k1': 0.025383218374507292, 'D_low': 9.330007965781027, 'k2': 4.763991596630584e-05, 'D_high': 400.9149428326862, 'fire_exp': 1.0473002272689056, 'P_half': 664.2027816373393, 'pre_dampen_half': 14.689898077648792, 'gpp_af': 22.766850248686247, 'gpp_b': 0.10123867001105968, 'gpp_d': 39.827466658711515, 'ign_k': 3.7173717478250508, 'ign_c': 0.1774872630983487}.
[I 2026-08-06 02:28:36,721] Trial 985 finished with values: [10.76923076805719, 10.76923076805719] and parameters: {'k1': 0.025383218374507292, 'D_low': 26.21130418912424, 'k2': 1.4378290221680118e-05, 'D_high': 1687.3495104568947, 'fire_exp': 1.010722707674549, 'P_half': 608.3019192425825, 'pre_dampen_half': 14.689898077648792, 'gpp_af': 0.2343193755572473, 'gpp_b': 0.011390237215927782, 'gpp_d': 39.827466658711515, 'ign_k': 3.7173717478250508, 'ign_c': 970.0350245893918}.
[I 2026-08-06 02:28:37,618] Trial 986 finished with values: [10.012324388552377, 10.012324388552377] and parameters: {'k1': 0.025383218374507292, 'D_low': 9.330007965781027, 'k2': 0.00014091459170104733, 'D_high': 18025.24091764079, 'fire_exp': 1.1044852285094786, 'P_half': 664.2027816373393, 'pre_dampen_half': 5.542030950268268, 'gpp_af': 0.028585493941961918, 'gpp_b': 0.004282452111192166, 'gpp_d': 5.277709597877513, 'ign_k': 0.01474275315991467, 'ign_c': 14.367095138664217}.
[I 2026-08-06 02:28:38,561] Trial 987 finished with values: [10.024702543207649, 10.024702543207649] and parameters: {'k1': 0.08926311370835228, 'D_low': 31.117676855667376, 'k2': 4.763991596630584e-05, 'D_high': 6455.595882939566, 'fire_exp': 1.010722707674549, 'P_half': 288.98663158858795, 'pre_dampen_half': 14.689898077648792, 'gpp_af': 10.705994121627729, 'gpp_b': 0.6637926838138378, 'gpp_d': 7.797126586048889, 'ign_k': 0.01678860004949226, 'ign_c': 19.19168994439752}.
[I 2026-08-06 02:28:39,496] Trial 988 finished with values: [-0.5671264744330862, 0.02675703565817633] and parameters: {'k1': 0.08926311370835228, 'D_low': 18.522006003174383, 'k2': 0.0499774937030317, 'D_high': 1687.3495104568947, 'fire_exp': 1.0473002272689056, 'P_half': 608.3019192425825, 'pre_dampen_half': 14.689898077648792, 'gpp_af': 22.766850248686247, 'gpp_b': 0.05538281390858372, 'gpp_d': 39.827466658711515, 'ign_k': 7.799059237255681, 'ign_c': 14.367095138664217}.
[I 2026-08-06 02:28:40,420] Trial 989 finished with values: [-0.5655393962276982, 0.02659244470182831] and parameters: {'k1': 0.025383218374507292, 'D_low': 18.522006003174383, 'k2': 4.763991596630584e-05, 'D_high': 400.9149428326862, 'fire_exp': 1.0473002272689056, 'P_half': 608.3019192425825, 'pre_dampen_half': 14.689898077648792, 'gpp_af': 22.766850248686247, 'gpp_b': 0.35446974723746, 'gpp_d': 891.8036602897795, 'ign_k': 3.7173717478250508, 'ign_c': 14.367095138664217}.
