[I 2026-07-22 21:44:02,898] Trial 419 finished with values: [-0.2517297793261658, 0.9083532945429601] and parameters: {'k1': 0.008822833027501576, 'D_low': 13.25142220631392, 'k2': 1.127217425995114e-05, 'D_high': 305369.47947832284, 'fire_exp': 1.0341837609578937, 'P_half': 13.019246714361572, 'pre_dampen_half': 26.373339933815235, 'gpp_af': 1.1300566419249867, 'gpp_b': 0.00012118589392553819, 'gpp_d': 857.4284557962626, 'ign_k': 0.0026834162496848666, 'ign_c': 0.9294394155644988, 'trop_agb_crit': 15.870971677383487, 'trop_k_veg': 1.140286245977296, 'fuel_k': 0.08612665817296865, 'fuel_half': 57.882001937752385}.
[I 2026-07-22 21:44:03,370] Trial 420 finished with values: [10.102110138624699, 10.102110138624699] and parameters: {'k1': 0.002971796631657383, 'D_low': 864.0717009254879, 'k2': 1.127217425995114e-05, 'D_high': 1026.0852623190942, 'fire_exp': 1.0341837609578937, 'P_half': 1.4378290221680121, 'pre_dampen_half': 33.71909132517388, 'gpp_af': 0.005618069878716736, 'gpp_b': 7.402343469704414e-05, 'gpp_d': 20.84599542460349, 'ign_k': 0.7588328899786276, 'ign_c': 2.329535895346768, 'trop_agb_crit': 5.024436417110404, 'trop_k_veg': 4.130963924640279, 'fuel_k': 0.04572914063536324, 'fuel_half': 2.276766792290519}.
[I 2026-07-22 21:44:03,805] Trial 421 finished with values: [10.4210983261943, 10.4210983261943] and parameters: {'k1': 0.00016480446427978953, 'D_low': 126.11058927054879, 'k2': 2.1698375693549493e-05, 'D_high': 887331.2884015184, 'fire_exp': 2.167350726900978, 'P_half': 1.7036120617148391, 'pre_dampen_half': 347.79988160923324, 'gpp_af': 29.925002022877816, 'gpp_b': 0.0005995821881487623, 'gpp_d': 2.8006820077310226, 'ign_k': 0.006290644294586149, 'ign_c': 15.221840161091619, 'trop_agb_crit': 6.1198430581046965, 'trop_k_veg': 1.4584243470991722, 'fuel_k': 4.680936683972859, 'fuel_half': 0.253071961271088}.
[I 2026-07-22 21:44:04,237] Trial 422 finished with values: [10.024581573373332, 10.024581573373332] and parameters: {'k1': 6.693990428538841e-05, 'D_low': 2.8627614274446977, 'k2': 0.005259118659251229, 'D_high': 305369.47947832284, 'fire_exp': 2.0922250022913893, 'P_half': 1.4378290221680121, 'pre_dampen_half': 26.373339933815235, 'gpp_af': 0.7539992074650282, 'gpp_b': 2.711380409817698e-05, 'gpp_d': 2.8006820077310226, 'ign_k': 3.210808548911192, 'ign_c': 8.405439129313676, 'trop_agb_crit': 2.539877620672643, 'trop_k_veg': 1.140286245977296, 'fuel_k': 0.028970790717327534, 'fuel_half': 5.7024711030333775}.
[I 2026-07-22 21:44:04,675] Trial 423 finished with values: [-0.39117012928819545, 0.5977358543049369] and parameters: {'k1': 0.002971796631657383, 'D_low': 102.19595065529477, 'k2': 0.015109086063191909, 'D_high': 71534.52030884045, 'fire_exp': 1.0341837609578937, 'P_half': 220.3445560633069, 'pre_dampen_half': 33.71909132517388, 'gpp_af': 1.1300566419249867, 'gpp_b': 0.00011277885258222645, 'gpp_d': 16.460426816350534, 'ign_k': 0.06807874826564587, 'ign_c': 15.221840161091619, 'trop_agb_crit': 24.584290528289387, 'trop_k_veg': 0.5695379443977426, 'fuel_k': 4.680936683972859, 'fuel_half': 52.005817291141206}.
[I 2026-07-22 21:44:05,122] Trial 424 finished with values: [10.275412691053827, 10.275412691053827] and parameters: {'k1': 0.002971796631657383, 'D_low': 9.497440085397416, 'k2': 0.0001971137615017176, 'D_high': 1620420.3293280003, 'fire_exp': 1.024589524149873, 'P_half': 6.658322706867178, 'pre_dampen_half': 502.5175192217655, 'gpp_af': 0.7539992074650282, 'gpp_b': 0.0021331409710300844, 'gpp_d': 4.576857873108685, 'ign_k': 0.06807874826564587, 'ign_c': 15.221840161091619, 'trop_agb_crit': 24.584290528289387, 'trop_k_veg': 1.140286245977296, 'fuel_k': 0.08612665817296865, 'fuel_half': 52.005817291141206}.
[I 2026-07-22 21:44:05,560] Trial 425 finished with values: [-0.5770080537279846, 0.8028038991621029] and parameters: {'k1': 0.00023352156626184448, 'D_low': 247.75146043208053, 'k2': 1.127217425995114e-05, 'D_high': 887331.2884015184, 'fire_exp': 1.024589524149873, 'P_half': 38.82837025280678, 'pre_dampen_half': 347.79988160923324, 'gpp_af': 0.049802479194577566, 'gpp_b': 0.00012118589392553819, 'gpp_d': 4.576857873108685, 'ign_k': 0.006290644294586149, 'ign_c': 6.1609752947414345, 'trop_agb_crit': 6.1198430581046965, 'trop_k_veg': 1.140286245977296, 'fuel_k': 0.08612665817296865, 'fuel_half': 0.32476735706274484}.
[I 2026-07-22 21:44:06,028] Trial 426 finished with values: [10.725081816167577, 10.725081816167577] and parameters: {'k1': 9.969469187531805e-05, 'D_low': 864.0717009254879, 'k2': 1.6559474674046002e-05, 'D_high': 1488557.802851245, 'fire_exp': 2.3750840427797026, 'P_half': 13.019246714361572, 'pre_dampen_half': 0.036274221199261325, 'gpp_af': 0.015769192447197523, 'gpp_b': 0.00012118589392553819, 'gpp_d': 6.91394869865762, 'ign_k': 0.024287565087611766, 'ign_c': 0.9294394155644988, 'trop_agb_crit': 15.870971677383487, 'trop_k_veg': 1.140286245977296, 'fuel_k': 0.08612665817296865, 'fuel_half': 57.882001937752385}.
[I 2026-07-22 21:44:06,470] Trial 427 finished with values: [10.390869241949378, 10.390869241949378] and parameters: {'k1': 0.004312951023617458, 'D_low': 975.3810162817546, 'k2': 1.915468390724633e-05, 'D_high': 1488557.802851245, 'fire_exp': 1.0482996836046896, 'P_half': 48.464976792190825, 'pre_dampen_half': 26.373339933815235, 'gpp_af': 0.09791370130598968, 'gpp_b': 0.0005995821881487623, 'gpp_d': 857.4284557962626, 'ign_k': 8.761971101023699, 'ign_c': 8.405439129313676, 'trop_agb_crit': 9.836162684900028, 'trop_k_veg': 6.911478238001162, 'fuel_k': 0.0561571708805531, 'fuel_half': 15.298506868937444}.
[I 2026-07-22 21:44:06,936] Trial 428 finished with values: [10.016676207573763, 10.016676207573763] and parameters: {'k1': 0.00013783578294796384, 'D_low': 1.6646452049870526, 'k2': 1.6559474674046002e-05, 'D_high': 580966.5602369158, 'fire_exp': 1.0838410493325266, 'P_half': 38.82837025280678, 'pre_dampen_half': 26.373339933815235, 'gpp_af': 0.12243451886824051, 'gpp_b': 7.402343469704414e-05, 'gpp_d': 4.576857873108685, 'ign_k': 0.024287565087611766, 'ign_c': 0.9294394155644988, 'trop_agb_crit': 15.870971677383487, 'trop_k_veg': 1.140286245977296, 'fuel_k': 0.08612665817296865, 'fuel_half': 1.3547291924247347}.
[I 2026-07-22 21:44:07,407] Trial 429 finished with values: [10.308198930578824, 10.308198930578824] and parameters: {'k1': 0.004312951023617458, 'D_low': 9.497440085397416, 'k2': 2.1698375693549493e-05, 'D_high': 1693415.5410667954, 'fire_exp': 1.0341837609578937, 'P_half': 220.3445560633069, 'pre_dampen_half': 36.876350096202984, 'gpp_af': 0.0025511964576171086, 'gpp_b': 0.0021331409710300844, 'gpp_d': 857.4284557962626, 'ign_k': 0.06807874826564587, 'ign_c': 15.221840161091619, 'trop_agb_crit': 6.1198430581046965, 'trop_k_veg': 0.9793402026070162, 'fuel_k': 4.680936683972859, 'fuel_half': 38.21129441691226}.
[I 2026-07-22 21:44:07,841] Trial 430 finished with values: [10.085831775186069, 10.085831775186069] and parameters: {'k1': 0.004312951023617458, 'D_low': 975.3810162817546, 'k2': 1.915468390724633e-05, 'D_high': 10377.055497115112, 'fire_exp': 1.0537003977961952, 'P_half': 1.4378290221680121, 'pre_dampen_half': 502.5175192217655, 'gpp_af': 1.1300566419249867, 'gpp_b': 0.015382154459808445, 'gpp_d': 12.151631524283598, 'ign_k': 3.210808548911192, 'ign_c': 4.1108484350212295, 'trop_agb_crit': 9.836162684900028, 'trop_k_veg': 1.6340262437673856, 'fuel_k': 3.6992394681929355, 'fuel_half': 52.005817291141206}.
[I 2026-07-22 21:44:08,275] Trial 431 finished with values: [10.863655771380039, 10.863655771380039] and parameters: {'k1': 0.003242143344038315, 'D_low': 1768.4772284586304, 'k2': 2.1698375693549493e-05, 'D_high': 1488557.802851245, 'fire_exp': 1.024589524149873, 'P_half': 10.226988730324324, 'pre_dampen_half': 26.373339933815235, 'gpp_af': 0.0025511964576171086, 'gpp_b': 0.0005995821881487623, 'gpp_d': 2.8006820077310226, 'ign_k': 0.03141110271934876, 'ign_c': 8.405439129313676, 'trop_agb_crit': 24.181329527832204, 'trop_k_veg': 0.9369104721775232, 'fuel_k': 4.680936683972859, 'fuel_half': 0.32476735706274484}.
[I 2026-07-22 21:44:08,717] Trial 432 finished with values: [10.252434924228504, 10.252434924228504] and parameters: {'k1': 0.004312951023617458, 'D_low': 9.497440085397416, 'k2': 0.002342238625792905, 'D_high': 145242.37928628005, 'fire_exp': 1.024589524149873, 'P_half': 2.458603276328005, 'pre_dampen_half': 26.373339933815235, 'gpp_af': 0.7539992074650282, 'gpp_b': 0.0054502936945582505, 'gpp_d': 16.460426816350534, 'ign_k': 0.06807874826564587, 'ign_c': 8.405439129313676, 'trop_agb_crit': 6.1198430581046965, 'trop_k_veg': 1.4584243470991722, 'fuel_k': 4.680936683972859, 'fuel_half': 16.371966573507315}.
[I 2026-07-22 21:44:09,163] Trial 433 finished with values: [-0.2715210531250721, 0.7530816013369993] and parameters: {'k1': 0.00023352156626184448, 'D_low': 247.75146043208053, 'k2': 1.127217425995114e-05, 'D_high': 10377.055497115112, 'fire_exp': 1.024589524149873, 'P_half': 38.82837025280678, 'pre_dampen_half': 502.5175192217655, 'gpp_af': 1.1300566419249867, 'gpp_b': 0.00012118589392553819, 'gpp_d': 4.576857873108685, 'ign_k': 8.761971101023699, 'ign_c': 6.1609752947414345, 'trop_agb_crit': 9.836162684900028, 'trop_k_veg': 1.140286245977296, 'fuel_k': 0.08612665817296865, 'fuel_half': 0.32476735706274484}.
[I 2026-07-22 21:44:09,598] Trial 434 finished with values: [11.52846077016956, 11.52846077016956] and parameters: {'k1': 0.002968335334246999, 'D_low': 102.19595065529477, 'k2': 0.004373100990516265, 'D_high': 1693415.5410667954, 'fire_exp': 2.3987174696212126, 'P_half': 4.961134450191397, 'pre_dampen_half': 290.26521418263894, 'gpp_af': 0.8226361776146098, 'gpp_b': 7.402343469704414e-05, 'gpp_d': 302.3127748796295, 'ign_k': 3.210808548911192, 'ign_c': 4.1108484350212295, 'trop_agb_crit': 19.28597237496244, 'trop_k_veg': 1.6340262437673856, 'fuel_k': 0.04572914063536324, 'fuel_half': 0.13122924251987642}.
[I 2026-07-22 21:44:10,030] Trial 435 finished with values: [-0.49808098541334317, 0.35478991404053195] and parameters: {'k1': 0.002971796631657383, 'D_low': 163.4864778201543, 'k2': 0.015109086063191909, 'D_high': 145242.37928628005, 'fire_exp': 1.0341837609578937, 'P_half': 220.3445560633069, 'pre_dampen_half': 36.876350096202984, 'gpp_af': 0.0025511964576171086, 'gpp_b': 0.00011277885258222645, 'gpp_d': 857.4284557962626, 'ign_k': 0.0026834162496848666, 'ign_c': 6.1609752947414345, 'trop_agb_crit': 24.584290528289387, 'trop_k_veg': 0.9793402026070162, 'fuel_k': 2.5629765645018403, 'fuel_half': 16.371966573507315}.
[I 2026-07-22 21:44:10,462] Trial 436 finished with values: [10.00498047240823, 10.00498047240823] and parameters: {'k1': 0.00016480446427978953, 'D_low': 1768.4772284586304, 'k2': 0.015109086063191909, 'D_high': 145242.37928628005, 'fire_exp': 1.0341837609578937, 'P_half': 3.079212464127044, 'pre_dampen_half': 347.79988160923324, 'gpp_af': 1.1300566419249867, 'gpp_b': 0.0054502936945582505, 'gpp_d': 2.8006820077310226, 'ign_k': 0.006290644294586149, 'ign_c': 15.221840161091619, 'trop_agb_crit': 24.584290528289387, 'trop_k_veg': 0.5695379443977426, 'fuel_k': 0.028970790717327534, 'fuel_half': 0.32476735706274484}.
[I 2026-07-22 21:44:10,926] Trial 437 finished with values: [11.917542192028824, 11.917542192028824] and parameters: {'k1': 0.003242143344038315, 'D_low': 163.4864778201543, 'k2': 0.0007406380926311093, 'D_high': 580966.5602369158, 'fire_exp': 1.5133803309225309, 'P_half': 13.019246714361572, 'pre_dampen_half': 290.26521418263894, 'gpp_af': 0.008562341633595545, 'gpp_b': 1.7565109007473816e-05, 'gpp_d': 9.00460602264307, 'ign_k': 8.761971101023699, 'ign_c': 0.11650681118986138, 'trop_agb_crit': 5.707205898008383, 'trop_k_veg': 1.6340262437673856, 'fuel_k': 1.312881567992459, 'fuel_half': 0.6370755274604819}.
[I 2026-07-22 21:44:11,373] Trial 438 finished with values: [10.314939997974902, 10.314939997974902] and parameters: {'k1': 0.00016480446427978953, 'D_low': 864.0717009254879, 'k2': 0.05438762195226743, 'D_high': 708572.1663941594, 'fire_exp': 1.024589524149873, 'P_half': 2.458603276328005, 'pre_dampen_half': 33.71909132517388, 'gpp_af': 29.925002022877816, 'gpp_b': 0.0005392415140872105, 'gpp_d': 4.576857873108685, 'ign_k': 0.0026834162496848666, 'ign_c': 297.228206986199, 'trop_agb_crit': 24.584290528289387, 'trop_k_veg': 0.5772603928610088, 'fuel_k': 0.48736180483849406, 'fuel_half': 52.005817291141206}.
[I 2026-07-22 21:44:11,799] Trial 439 finished with values: [10.220470346328415, 10.220470346328415] and parameters: {'k1': 0.004312951023617458, 'D_low': 247.75146043208053, 'k2': 1.127217425995114e-05, 'D_high': 71534.52030884045, 'fire_exp': 1.0341837609578937, 'P_half': 38.82837025280678, 'pre_dampen_half': 347.79988160923324, 'gpp_af': 1.1300566419249867, 'gpp_b': 0.00012118589392553819, 'gpp_d': 16.460426816350534, 'ign_k': 0.0026834162496848666, 'ign_c': 6.1609752947414345, 'trop_agb_crit': 12.285102065067687, 'trop_k_veg': 1.140286245977296, 'fuel_k': 4.680936683972859, 'fuel_half': 1.3547291924247347}.
[I 2026-07-22 21:44:12,234] Trial 440 finished with values: [10.178521286914064, 10.178521286914064] and parameters: {'k1': 0.00013783578294796384, 'D_low': 35.16392386455341, 'k2': 0.015109086063191909, 'D_high': 1693415.5410667954, 'fire_exp': 1.3360144739031725, 'P_half': 1.4378290221680121, 'pre_dampen_half': 3.4369565628226955, 'gpp_af': 0.8226361776146098, 'gpp_b': 7.402343469704414e-05, 'gpp_d': 6.91394869865762, 'ign_k': 0.0026834162496848666, 'ign_c': 3.0378658251922155, 'trop_agb_crit': 24.584290528289387, 'trop_k_veg': 0.5695379443977426, 'fuel_k': 0.04572914063536324, 'fuel_half': 16.371966573507315}.
[I 2026-07-22 21:44:12,666] Trial 441 finished with values: [-0.7679451464423643, 0.4141528336662519] and parameters: {'k1': 0.002968335334246999, 'D_low': 102.19595065529477, 'k2': 0.002342238625792905, 'D_high': 145242.37928628005, 'fire_exp': 2.3987174696212126, 'P_half': 220.3445560633069, 'pre_dampen_half': 269.0845367054863, 'gpp_af': 1.1300566419249867, 'gpp_b': 0.0054502936945582505, 'gpp_d': 12.151631524283598, 'ign_k': 3.210808548911192, 'ign_c': 4.1108484350212295, 'trop_agb_crit': 6.1198430581046965, 'trop_k_veg': 1.6340262437673856, 'fuel_k': 4.680936683972859, 'fuel_half': 16.371966573507315}.
[I 2026-07-22 21:44:13,090] Trial 442 finished with values: [10.341978873654009, 10.341978873654009] and parameters: {'k1': 9.969469187531805e-05, 'D_low': 864.0717009254879, 'k2': 2.1698375693549493e-05, 'D_high': 8433503.858791472, 'fire_exp': 2.3750840427797026, 'P_half': 1.4378290221680121, 'pre_dampen_half': 33.71909132517388, 'gpp_af': 42.29037995744429, 'gpp_b': 0.00012118589392553819, 'gpp_d': 6.91394869865762, 'ign_k': 0.03141110271934876, 'ign_c': 3.0378658251922155, 'trop_agb_crit': 10.719494362768906, 'trop_k_veg': 1.140286245977296, 'fuel_k': 3.6992394681929355, 'fuel_half': 18.202647368248815}.
[I 2026-07-22 21:44:13,527] Trial 443 finished with values: [10.727287242319049, 10.727287242319049] and parameters: {'k1': 1.4665316366397004e-05, 'D_low': 9.497440085397416, 'k2': 3.9207829763785736e-05, 'D_high': 10377.055497115112, 'fire_exp': 2.469560099610647, 'P_half': 13.019246714361572, 'pre_dampen_half': 502.5175192217655, 'gpp_af': 0.7539992074650282, 'gpp_b': 0.00012118589392553819, 'gpp_d': 2.8006820077310226, 'ign_k': 8.761971101023699, 'ign_c': 15.221840161091619, 'trop_agb_crit': 6.1198430581046965, 'trop_k_veg': 1.140286245977296, 'fuel_k': 4.680936683972859, 'fuel_half': 15.298506868937444}.
[I 2026-07-22 21:44:13,955] Trial 444 finished with values: [-0.5427557470231672, 0.8086316336121747] and parameters: {'k1': 0.00013783578294796384, 'D_low': 13.25142220631392, 'k2': 1.6559474674046002e-05, 'D_high': 1488557.802851245, 'fire_exp': 1.0482996836046896, 'P_half': 13.019246714361572, 'pre_dampen_half': 26.373339933815235, 'gpp_af': 0.015769192447197523, 'gpp_b': 7.402343469704414e-05, 'gpp_d': 857.4284557962626, 'ign_k': 0.024287565087611766, 'ign_c': 0.9294394155644988, 'trop_agb_crit': 15.870971677383487, 'trop_k_veg': 7.26254292602904, 'fuel_k': 0.08612665817296865, 'fuel_half': 57.882001937752385}.
[I 2026-07-22 21:44:14,489] Trial 445 finished with values: [-0.604115949169491, 0.7154985501452831] and parameters: {'k1': 0.002968335334246999, 'D_low': 102.19595065529477, 'k2': 1.915468390724633e-05, 'D_high': 107013.64911724928, 'fire_exp': 2.3987174696212126, 'P_half': 13.019246714361572, 'pre_dampen_half': 269.0845367054863, 'gpp_af': 0.7539992074650282, 'gpp_b': 0.0032930655419269924, 'gpp_d': 0.3619181297408274, 'ign_k': 8.761971101023699, 'ign_c': 4.1108484350212295, 'trop_agb_crit': 19.28597237496244, 'trop_k_veg': 2.42764713875812, 'fuel_k': 4.680936683972859, 'fuel_half': 0.13249100882689224}.
[I 2026-07-22 21:44:14,981] Trial 446 finished with values: [-0.3660876811148055, 0.9143499046962487] and parameters: {'k1': 0.002971796631657383, 'D_low': 864.0717009254879, 'k2': 0.0001971137615017176, 'D_high': 305369.47947832284, 'fire_exp': 1.0482996836046896, 'P_half': 13.019246714361572, 'pre_dampen_half': 33.71909132517388, 'gpp_af': 1.1300566419249867, 'gpp_b': 7.402343469704414e-05, 'gpp_d': 4.576857873108685, 'ign_k': 0.0026834162496848666, 'ign_c': 15.221840161091619, 'trop_agb_crit': 10.719494362768906, 'trop_k_veg': 1.140286245977296, 'fuel_k': 0.08612665817296865, 'fuel_half': 15.298506868937444}.
[I 2026-07-22 21:44:15,462] Trial 447 finished with values: [-0.5225337525731754, 0.5600273746644331] and parameters: {'k1': 0.002971796631657383, 'D_low': 13.25142220631392, 'k2': 1.6559474674046002e-05, 'D_high': 887331.2884015184, 'fire_exp': 1.0482996836046896, 'P_half': 13.019246714361572, 'pre_dampen_half': 36.876350096202984, 'gpp_af': 0.015769192447197523, 'gpp_b': 0.0005392415140872105, 'gpp_d': 700.6693992445935, 'ign_k': 0.0013726318898045872, 'ign_c': 6.1609752947414345, 'trop_agb_crit': 24.584290528289387, 'trop_k_veg': 0.9793402026070162, 'fuel_k': 1.8731335591844647, 'fuel_half': 57.882001937752385}.
[I 2026-07-22 21:44:15,949] Trial 448 finished with values: [10.104036341618817, 10.104036341618817] and parameters: {'k1': 0.004312951023617458, 'D_low': 1768.4772284586304, 'k2': 0.002342238625792905, 'D_high': 1488557.802851245, 'fire_exp': 1.0045367186347036, 'P_half': 13.019246714361572, 'pre_dampen_half': 502.5175192217655, 'gpp_af': 29.925002022877816, 'gpp_b': 0.0005995821881487623, 'gpp_d': 2.8006820077310226, 'ign_k': 8.761971101023699, 'ign_c': 8.405439129313676, 'trop_agb_crit': 9.836162684900028, 'trop_k_veg': 6.999477065942703, 'fuel_k': 0.5964469943278033, 'fuel_half': 0.32476735706274484}.
  trial  449/1500  pareto_size=4  best_taylor=0.7828  best_ilamb=0.6071  (3.4 min)
[I 2026-07-22 21:44:16,507] Trial 449 finished with values: [-0.6602570937452533, 0.569206984901916] and parameters: {'k1': 0.003242143344038315, 'D_low': 163.4864778201543, 'k2': 7.67074891445376e-05, 'D_high': 1488557.802851245, 'fire_exp': 1.0341837609578937, 'P_half': 10.226988730324324, 'pre_dampen_half': 10.059683154936915, 'gpp_af': 29.925002022877816, 'gpp_b': 2.8457393813758034, 'gpp_d': 373.3014953695604, 'ign_k': 1.07907786430243, 'ign_c': 6.1609752947414345, 'trop_agb_crit': 2.539877620672643, 'trop_k_veg': 0.9369104721775232, 'fuel_k': 0.028970790717327534, 'fuel_half': 16.371966573507315}.
[I 2026-07-22 21:44:16,956] Trial 450 finished with values: [10.628645991569744, 10.628645991569744] and parameters: {'k1': 0.002971796631657383, 'D_low': 2.8627614274446977, 'k2': 0.017300724838654365, 'D_high': 107013.64911724928, 'fire_exp': 1.0341837609578937, 'P_half': 220.3445560633069, 'pre_dampen_half': 269.0845367054863, 'gpp_af': 0.0025511964576171086, 'gpp_b': 0.00011277885258222645, 'gpp_d': 857.4284557962626, 'ign_k': 3.210808548911192, 'ign_c': 0.19678273362633986, 'trop_agb_crit': 24.584290528289387, 'trop_k_veg': 0.9793402026070162, 'fuel_k': 4.680936683972859, 'fuel_half': 18.202647368248815}.
[I 2026-07-22 21:44:17,413] Trial 451 finished with values: [10.069135552834968, 10.069135552834968] and parameters: {'k1': 0.00016480446427978953, 'D_low': 1768.4772284586304, 'k2': 0.0001971137615017176, 'D_high': 305369.47947832284, 'fire_exp': 1.024589524149873, 'P_half': 10.226988730324324, 'pre_dampen_half': 347.79988160923324, 'gpp_af': 29.925002022877816, 'gpp_b': 7.402343469704414e-05, 'gpp_d': 4.576857873108685, 'ign_k': 0.006290644294586149, 'ign_c': 15.221840161091619, 'trop_agb_crit': 10.719494362768906, 'trop_k_veg': 5.546867170791755, 'fuel_k': 0.08612665817296865, 'fuel_half': 0.32476735706274484}.
[I 2026-07-22 21:44:17,842] Trial 452 finished with values: [-0.5805061258714614, 0.7943037693868961] and parameters: {'k1': 0.004312951023617458, 'D_low': 13.25142220631392, 'k2': 1.6559474674046002e-05, 'D_high': 580966.5602369158, 'fire_exp': 1.024589524149873, 'P_half': 10.226988730324324, 'pre_dampen_half': 26.373339933815235, 'gpp_af': 0.09791370130598968, 'gpp_b': 0.0005995821881487623, 'gpp_d': 12.151631524283598, 'ign_k': 0.024287565087611766, 'ign_c': 8.405439129313676, 'trop_agb_crit': 15.870971677383487, 'trop_k_veg': 0.9793402026070162, 'fuel_k': 0.08612665817296865, 'fuel_half': 2.313233999715264}.
[I 2026-07-22 21:44:18,353] Trial 453 finished with values: [10.189442971020487, 10.189442971020487] and parameters: {'k1': 0.00016480446427978953, 'D_low': 1.6646452049870526, 'k2': 1.6559474674046002e-05, 'D_high': 708572.1663941594, 'fire_exp': 1.6038963094577627, 'P_half': 48.464976792190825, 'pre_dampen_half': 347.79988160923324, 'gpp_af': 0.09791370130598968, 'gpp_b': 0.00012118589392553819, 'gpp_d': 4.576857873108685, 'ign_k': 0.0013726318898045872, 'ign_c': 0.11650681118986138, 'trop_agb_crit': 5.273338791937182, 'trop_k_veg': 0.5772603928610088, 'fuel_k': 0.6137000782082781, 'fuel_half': 10.013658413533488}.
