[I 2026-08-14 14:39:03,202] Trial 1193 finished with values: [-0.36018636192987674, 0.0] and parameters: {'k1': 0.0004688858519834985, 'D_low': 367.4904945305323, 'k2': 1.263794633808287e-05, 'D_high': 16.752866684650684, 'fire_exp': 1.2429193829348841, 'P_half': 1535.1441568398143, 'pre_dampen_half': 0.03411860497758073, 'gpp_af': 0.0025511964576171086, 'gpp_b': 2.788681037423117, 'gpp_d': 8.144272585223819, 'ign_k': 0.04380580767905655, 'ign_c': 105.24574681335613, 'trop_agb_crit': 5.881906289439389, 'trop_k_veg': 7.151800917825274, 'fuel_k': 1.6630228777630973, 'fuel_half': 12.136386887218588}.
[I 2026-08-14 14:39:05,276] Trial 1194 finished with values: [-0.5958983025102251, 0.11716467873271874] and parameters: {'k1': 0.0010204225357677778, 'D_low': 4.043300846639722, 'k2': 0.00010939944910100016, 'D_high': 160625.60954780428, 'fire_exp': 1.6214575867079866, 'P_half': 351.2704726270846, 'pre_dampen_half': 11.886796841435256, 'gpp_af': 0.16983565276584273, 'gpp_b': 0.00012906175696809457, 'gpp_d': 2.292633983096564, 'ign_k': 7.387652535866474, 'ign_c': 15.221840161091626, 'trop_agb_crit': 13.98132484257899, 'trop_k_veg': 1.0540721475196824, 'fuel_k': 1.6460650207153917, 'fuel_half': 8.115041565366717}.
[I 2026-08-14 14:39:07,212] Trial 1195 finished with values: [-0.3554625854118624, 0.0] and parameters: {'k1': 6.069662445477729e-05, 'D_low': 9.222492453004657, 'k2': 0.00019472216066157317, 'D_high': 625838.668783032, 'fire_exp': 1.2429193829348841, 'P_half': 1535.1441568398143, 'pre_dampen_half': 0.03627422119926134, 'gpp_af': 0.030592049838223532, 'gpp_b': 0.0032104497420724493, 'gpp_d': 0.06888046676681166, 'ign_k': 1.07907786430243, 'ign_c': 105.24574681335613, 'trop_agb_crit': 2.3118820898020997, 'trop_k_veg': 0.6921865222804094, 'fuel_k': 0.011892598727815663, 'fuel_half': 15.581254655530845}.
[I 2026-08-14 14:39:09,968] Trial 1196 finished with values: [-0.3554625854118624, 0.0] and parameters: {'k1': 0.05554169083020911, 'D_low': 802900.8435894477, 'k2': 1.854837679096716e-05, 'D_high': 316055.11434645514, 'fire_exp': 1.6214575867079866, 'P_half': 351.2704726270846, 'pre_dampen_half': 0.03411860497758073, 'gpp_af': 0.34902252478382495, 'gpp_b': 0.03103333227753725, 'gpp_d': 3.0023172465753074, 'ign_k': 0.4695480001817503, 'ign_c': 0.19678273362633986, 'trop_agb_crit': 13.365572767895445, 'trop_k_veg': 1.128469461526162, 'fuel_k': 1.6460650207153917, 'fuel_half': 0.30455368715396786}.
[I 2026-08-14 14:39:11,810] Trial 1197 finished with values: [-0.3857370345369698, 1.46483269958253e-09] and parameters: {'k1': 0.003456886280594567, 'D_low': 2.607160725470918, 'k2': 1.263794633808287e-05, 'D_high': 8500.54600545206, 'fire_exp': 1.2429193829348841, 'P_half': 48.464976792190825, 'pre_dampen_half': 0.03333029838740256, 'gpp_af': 0.0025511964576171086, 'gpp_b': 2.788681037423117, 'gpp_d': 0.01307253094873642, 'ign_k': 0.03141110271934876, 'ign_c': 105.24574681335613, 'trop_agb_crit': 2.1775224101934065, 'trop_k_veg': 3.4508425771776365, 'fuel_k': 5.486054129200969, 'fuel_half': 15.581254655530845}.
[I 2026-08-14 14:39:14,198] Trial 1198 finished with values: [-0.4009390239769073, 7.338209595530998e-08] and parameters: {'k1': 0.0012329098365270509, 'D_low': 367.4904945305323, 'k2': 1.854837679096716e-05, 'D_high': 316055.11434645514, 'fire_exp': 2.1589564941849333, 'P_half': 7683.876502998063, 'pre_dampen_half': 0.03411860497758073, 'gpp_af': 0.006757319853660377, 'gpp_b': 0.03103333227753725, 'gpp_d': 0.012284844784580964, 'ign_k': 0.04380580767905655, 'ign_c': 0.19678273362633986, 'trop_agb_crit': 13.365572767895445, 'trop_k_veg': 2.417028380770307, 'fuel_k': 1.6460650207153917, 'fuel_half': 0.30455368715396786}.
[I 2026-08-14 14:39:16,103] Trial 1199 finished with values: [-0.398700498741915, 2.9627746034321945e-08] and parameters: {'k1': 0.0012329098365270509, 'D_low': 4.043300846639722, 'k2': 1.854837679096716e-05, 'D_high': 316055.11434645514, 'fire_exp': 1.6214575867079866, 'P_half': 269.74113434525447, 'pre_dampen_half': 0.10609580257119508, 'gpp_af': 0.0023751383317256927, 'gpp_b': 2.788681037423117, 'gpp_d': 597.9617889501159, 'ign_k': 0.567034633562729, 'ign_c': 3.0378658251922155, 'trop_agb_crit': 5.881906289439389, 'trop_k_veg': 1.128469461526162, 'fuel_k': 1.6630228777630973, 'fuel_half': 0.30455368715396786}.
[I 2026-08-14 14:39:18,070] Trial 1200 finished with values: [-0.40417887744742653, 9.57217549446554e-07] and parameters: {'k1': 1.8595266457134027e-05, 'D_low': 128395.48332743198, 'k2': 0.00010939944910100016, 'D_high': 44.39648242927527, 'fire_exp': 1.2429193829348841, 'P_half': 48.464976792190825, 'pre_dampen_half': 0.0195172246414495, 'gpp_af': 0.0023751383317256927, 'gpp_b': 3.228689523591491e-05, 'gpp_d': 2.292633983096564, 'ign_k': 0.04380580767905655, 'ign_c': 105.24574681335613, 'trop_agb_crit': 2.1775224101934065, 'trop_k_veg': 2.8224577471047865, 'fuel_k': 0.06382243375381637, 'fuel_half': 65.99277195883643}.
[I 2026-08-14 14:39:19,940] Trial 1201 finished with values: [-0.40099718617745106, 1.5349729346469942e-06] and parameters: {'k1': 0.0012329098365270509, 'D_low': 367.4904945305323, 'k2': 0.0009670857606743155, 'D_high': 1956890.6123061469, 'fire_exp': 1.2429193829348841, 'P_half': 7683.876502998063, 'pre_dampen_half': 1.3722980290930178, 'gpp_af': 0.0064739155355542175, 'gpp_b': 1.1728753685919104, 'gpp_d': 0.01307253094873642, 'ign_k': 0.001123130134565847, 'ign_c': 105.24574681335613, 'trop_agb_crit': 2.1775224101934065, 'trop_k_veg': 2.417028380770307, 'fuel_k': 5.486054129200969, 'fuel_half': 15.581254655530845}.
[I 2026-08-14 14:39:21,840] Trial 1202 finished with values: [-0.41098039766350325, 1.990795963080494e-06] and parameters: {'k1': 0.0004688858519834985, 'D_low': 4.043300846639722, 'k2': 1.263794633808287e-05, 'D_high': 625838.668783032, 'fire_exp': 1.2429193829348841, 'P_half': 1866.9871096222266, 'pre_dampen_half': 0.10609580257119508, 'gpp_af': 0.008983355849178878, 'gpp_b': 1.1728753685919104, 'gpp_d': 0.01307253094873642, 'ign_k': 0.03141110271934876, 'ign_c': 0.18316165443932733, 'trop_agb_crit': 16.86264052240002, 'trop_k_veg': 7.151800917825274, 'fuel_k': 5.486054129200969, 'fuel_half': 3.7093134348291836}.
[I 2026-08-14 14:39:23,722] Trial 1203 finished with values: [-0.5488180055869825, 0.43375408256948533] and parameters: {'k1': 0.0010204225357677778, 'D_low': 4.043300846639722, 'k2': 1.854837679096716e-05, 'D_high': 316055.11434645514, 'fire_exp': 1.2070502372556005, 'P_half': 220.3445560633069, 'pre_dampen_half': 6.291850838192575, 'gpp_af': 0.008983355849178878, 'gpp_b': 0.00024732964314480056, 'gpp_d': 314.6826989726468, 'ign_k': 0.12870590967923826, 'ign_c': 3.0378658251922155, 'trop_agb_crit': 12.090290534777825, 'trop_k_veg': 2.1816482703680733, 'fuel_k': 1.6630228777630973, 'fuel_half': 0.30455368715396786}.
[I 2026-08-14 14:39:25,607] Trial 1204 finished with values: [-0.38844163790423214, 1.0233762726130635e-09] and parameters: {'k1': 0.0004688858519834985, 'D_low': 4.043300846639722, 'k2': 1.263794633808287e-05, 'D_high': 316055.11434645514, 'fire_exp': 1.6214575867079866, 'P_half': 1535.1441568398143, 'pre_dampen_half': 0.03426913908389044, 'gpp_af': 0.0023751383317256927, 'gpp_b': 2.788681037423117, 'gpp_d': 597.9617889501159, 'ign_k': 0.754074907457476, 'ign_c': 15.221840161091626, 'trop_agb_crit': 13.98132484257899, 'trop_k_veg': 1.0540721475196824, 'fuel_k': 1.6630228777630973, 'fuel_half': 3.7093134348291836}.
[I 2026-08-14 14:39:27,591] Trial 1205 finished with values: [-0.3872155098098743, 1.3728317882266694e-05] and parameters: {'k1': 0.0012329098365270509, 'D_low': 367.4904945305323, 'k2': 0.00010939944910100016, 'D_high': 316055.11434645514, 'fire_exp': 1.2429193829348841, 'P_half': 7683.876502998063, 'pre_dampen_half': 0.03411860497758073, 'gpp_af': 28.267686429697818, 'gpp_b': 0.015382154459808445, 'gpp_d': 2.292633983096564, 'ign_k': 0.04380580767905655, 'ign_c': 105.24574681335613, 'trop_agb_crit': 2.1775224101934065, 'trop_k_veg': 2.8224577471047865, 'fuel_k': 0.28630931797361614, 'fuel_half': 65.99277195883643}.
[I 2026-08-14 14:39:29,462] Trial 1206 finished with values: [-0.3554625854118624, 0.0] and parameters: {'k1': 6.069662445477729e-05, 'D_low': 4.043300846639722, 'k2': 0.00019472216066157317, 'D_high': 316055.11434645514, 'fire_exp': 1.2429193829348841, 'P_half': 351.2704726270846, 'pre_dampen_half': 0.024947838456066303, 'gpp_af': 0.0023751383317256927, 'gpp_b': 0.00012906175696809457, 'gpp_d': 314.6826989726468, 'ign_k': 0.28298168613109503, 'ign_c': 105.24574681335613, 'trop_agb_crit': 12.090290534777825, 'trop_k_veg': 0.6921865222804094, 'fuel_k': 5.486054129200969, 'fuel_half': 15.581254655530845}.
[I 2026-08-14 14:39:31,389] Trial 1207 finished with values: [-0.49661129907404955, 0.005599011905258577] and parameters: {'k1': 0.0010204225357677778, 'D_low': 3507.515213502105, 'k2': 0.0005708731724249573, 'D_high': 625838.668783032, 'fire_exp': 1.6214575867079866, 'P_half': 220.3445560633069, 'pre_dampen_half': 0.10609580257119508, 'gpp_af': 0.008983355849178878, 'gpp_b': 0.00024732964314480056, 'gpp_d': 314.6826989726468, 'ign_k': 0.28298168613109503, 'ign_c': 15.221840161091626, 'trop_agb_crit': 12.090290534777825, 'trop_k_veg': 2.1816482703680733, 'fuel_k': 1.6630228777630973, 'fuel_half': 0.30455368715396786}.
[I 2026-08-14 14:39:33,275] Trial 1208 finished with values: [-0.41054958016950016, 1.5039406012773426e-06] and parameters: {'k1': 1.8595266457134027e-05, 'D_low': 42862.23942120829, 'k2': 0.00010939944910100016, 'D_high': 625838.668783032, 'fire_exp': 1.2429193829348841, 'P_half': 1.2843094700513464, 'pre_dampen_half': 0.10609580257119508, 'gpp_af': 0.0023751383317256927, 'gpp_b': 0.24489444951824743, 'gpp_d': 0.012284844784580964, 'ign_k': 0.03141110271934876, 'ign_c': 105.24574681335613, 'trop_agb_crit': 12.090290534777825, 'trop_k_veg': 2.8224577471047865, 'fuel_k': 5.486054129200969, 'fuel_half': 0.30455368715396786}.
[I 2026-08-14 14:39:35,817] Trial 1209 finished with values: [-0.3554625854118624, 0.0] and parameters: {'k1': 0.0012329098365270509, 'D_low': 2.607160725470918, 'k2': 0.00019472216066157317, 'D_high': 160625.60954780428, 'fire_exp': 1.5396143280471855, 'P_half': 7683.876502998063, 'pre_dampen_half': 0.03627422119926134, 'gpp_af': 0.0025511964576171086, 'gpp_b': 1.1728753685919104, 'gpp_d': 2.292633983096564, 'ign_k': 0.04380580767905655, 'ign_c': 105.24574681335613, 'trop_agb_crit': 16.86264052240002, 'trop_k_veg': 2.417028380770307, 'fuel_k': 0.28630931797361614, 'fuel_half': 15.581254655530845}.
[I 2026-08-14 14:39:37,589] Trial 1210 finished with values: [-0.40424136541915656, 1.1345429651310468e-07] and parameters: {'k1': 0.0004688858519834985, 'D_low': 8050.832718692987, 'k2': 0.027083713598654864, 'D_high': 316055.11434645514, 'fire_exp': 1.182396148413737, 'P_half': 3910.3637457741784, 'pre_dampen_half': 0.10609580257119508, 'gpp_af': 0.030592049838223532, 'gpp_b': 2.788681037423117, 'gpp_d': 0.012284844784580964, 'ign_k': 0.0017745670917202131, 'ign_c': 14.935213816355384, 'trop_agb_crit': 16.212729069955312, 'trop_k_veg': 0.6189606672462583, 'fuel_k': 5.486054129200969, 'fuel_half': 65.99277195883643}.
[I 2026-08-14 14:39:39,516] Trial 1211 finished with values: [-0.3554625854118624, 0.0] and parameters: {'k1': 1.8595266457134027e-05, 'D_low': 367.4904945305323, 'k2': 0.0009670857606743155, 'D_high': 316055.11434645514, 'fire_exp': 3.4737115685163773, 'P_half': 7683.876502998063, 'pre_dampen_half': 0.03411860497758073, 'gpp_af': 0.0025511964576171086, 'gpp_b': 0.015382154459808445, 'gpp_d': 2.292633983096564, 'ign_k': 0.03141110271934876, 'ign_c': 105.24574681335613, 'trop_agb_crit': 2.1775224101934065, 'trop_k_veg': 3.4508425771776365, 'fuel_k': 5.486054129200969, 'fuel_half': 12.136386887218588}.
[I 2026-08-14 14:39:41,408] Trial 1212 finished with values: [-0.42032698007426605, 0.22584299777597805] and parameters: {'k1': 0.00040091494283268605, 'D_low': 4.043300846639722, 'k2': 0.00010939944910100016, 'D_high': 160625.60954780428, 'fire_exp': 1.6214575867079866, 'P_half': 351.2704726270846, 'pre_dampen_half': 39.37581228093823, 'gpp_af': 0.030592049838223532, 'gpp_b': 0.00012906175696809457, 'gpp_d': 1.105785410092522, 'ign_k': 0.567034633562729, 'ign_c': 15.221840161091626, 'trop_agb_crit': 2.3118820898020997, 'trop_k_veg': 4.844706510617515, 'fuel_k': 5.486054129200969, 'fuel_half': 0.3995528014939306}.
[I 2026-08-14 14:39:43,580] Trial 1213 finished with values: [-0.45887746823897196, 0.011171036543470736] and parameters: {'k1': 1.8595266457134027e-05, 'D_low': 4.043300846639722, 'k2': 0.00019472216066157317, 'D_high': 182581.50884250284, 'fire_exp': 1.2429193829348841, 'P_half': 1.2843094700513464, 'pre_dampen_half': 0.03627422119926134, 'gpp_af': 0.0023751383317256927, 'gpp_b': 0.0007693087624665233, 'gpp_d': 0.012284844784580964, 'ign_k': 0.03141110271934876, 'ign_c': 0.18316165443932733, 'trop_agb_crit': 13.98132484257899, 'trop_k_veg': 2.8224577471047865, 'fuel_k': 5.486054129200969, 'fuel_half': 0.30455368715396786}.
[I 2026-08-14 14:39:45,488] Trial 1214 finished with values: [-0.35762945550905695, 5.704820904561814e-08] and parameters: {'k1': 0.0007667814462276165, 'D_low': 4.043300846639722, 'k2': 0.0005708731724249573, 'D_high': 316055.11434645514, 'fire_exp': 3.27790247797386, 'P_half': 351.2704726270846, 'pre_dampen_half': 0.15144408538724474, 'gpp_af': 12.828754331629513, 'gpp_b': 3.228689523591491e-05, 'gpp_d': 2.292633983096564, 'ign_k': 0.04380580767905655, 'ign_c': 105.24574681335613, 'trop_agb_crit': 5.273338791937182, 'trop_k_veg': 2.8224577471047865, 'fuel_k': 0.010340193296440528, 'fuel_half': 12.136386887218588}.
[I 2026-08-14 14:39:47,321] Trial 1215 finished with values: [-0.4050012806360563, 8.403724816030689e-08] and parameters: {'k1': 6.069662445477729e-05, 'D_low': 1.7887890916820506, 'k2': 0.00010939944910100016, 'D_high': 160625.60954780428, 'fire_exp': 1.2429193829348841, 'P_half': 3910.3637457741784, 'pre_dampen_half': 0.10609580257119508, 'gpp_af': 0.0025511964576171086, 'gpp_b': 1.1728753685919104, 'gpp_d': 0.01307253094873642, 'ign_k': 0.03141110271934876, 'ign_c': 14.935213816355384, 'trop_agb_crit': 13.98132484257899, 'trop_k_veg': 3.4508425771776365, 'fuel_k': 5.486054129200969, 'fuel_half': 15.581254655530845}.
[I 2026-08-14 14:39:49,247] Trial 1216 finished with values: [-0.3846900899341249, 5.718867601700595e-10] and parameters: {'k1': 1.8595266457134027e-05, 'D_low': 128395.48332743198, 'k2': 0.00010939944910100016, 'D_high': 316055.11434645514, 'fire_exp': 1.2429193829348841, 'P_half': 1938.3858782150498, 'pre_dampen_half': 0.0195172246414495, 'gpp_af': 0.0023751383317256927, 'gpp_b': 2.788681037423117, 'gpp_d': 2.292633983096564, 'ign_k': 0.03141110271934876, 'ign_c': 14.935213816355384, 'trop_agb_crit': 13.98132484257899, 'trop_k_veg': 2.8224577471047865, 'fuel_k': 5.486054129200969, 'fuel_half': 65.99277195883643}.
[I 2026-08-14 14:39:51,117] Trial 1217 finished with values: [-0.4086522724368652, 8.613513592381494e-07] and parameters: {'k1': 6.069662445477729e-05, 'D_low': 1.7887890916820506, 'k2': 0.00019472216066157317, 'D_high': 160625.60954780428, 'fire_exp': 1.2429193829348841, 'P_half': 1866.9871096222266, 'pre_dampen_half': 0.10609580257119508, 'gpp_af': 0.008983355849178878, 'gpp_b': 1.1728753685919104, 'gpp_d': 0.01307253094873642, 'ign_k': 0.03141110271934876, 'ign_c': 0.18316165443932733, 'trop_agb_crit': 13.98132484257899, 'trop_k_veg': 3.4508425771776365, 'fuel_k': 5.486054129200969, 'fuel_half': 15.581254655530845}.
[I 2026-08-14 14:39:53,063] Trial 1218 finished with values: [-0.4019378189248962, 3.643018808840992e-08] and parameters: {'k1': 0.00016312233285809254, 'D_low': 367.4904945305323, 'k2': 0.0009670857606743155, 'D_high': 142222.41542049937, 'fire_exp': 1.2429193829348841, 'P_half': 1212.4080603355412, 'pre_dampen_half': 0.03411860497758073, 'gpp_af': 0.0023751383317256927, 'gpp_b': 2.788681037423117, 'gpp_d': 1.978454130747598, 'ign_k': 0.04380580767905655, 'ign_c': 0.18316165443932733, 'trop_agb_crit': 5.881906289439389, 'trop_k_veg': 0.6189606672462583, 'fuel_k': 0.05878716918558591, 'fuel_half': 3.7093134348291836}.
[I 2026-08-14 14:39:54,992] Trial 1219 finished with values: [-0.3988731865678265, 8.325466638314793e-08] and parameters: {'k1': 1.8595266457134027e-05, 'D_low': 128395.48332743198, 'k2': 0.00010939944910100016, 'D_high': 1402.13423057484, 'fire_exp': 1.2429193829348841, 'P_half': 1938.3858782150498, 'pre_dampen_half': 0.0195172246414495, 'gpp_af': 0.0023751383317256927, 'gpp_b': 0.00017826376967587887, 'gpp_d': 2.292633983096564, 'ign_k': 0.04380580767905655, 'ign_c': 105.24574681335613, 'trop_agb_crit': 2.1775224101934065, 'trop_k_veg': 2.8224577471047865, 'fuel_k': 1.6630228777630973, 'fuel_half': 3.0383467900666563}.
[I 2026-08-14 14:39:57,616] Trial 1220 finished with values: [-0.3920544454410334, 3.5216183302821946e-09] and parameters: {'k1': 0.0012329098365270509, 'D_low': 4.043300846639722, 'k2': 1.263794633808287e-05, 'D_high': 8500.54600545206, 'fire_exp': 1.6733848721157607, 'P_half': 48.464976792190825, 'pre_dampen_half': 0.057613122828377404, 'gpp_af': 0.0025511964576171086, 'gpp_b': 2.788681037423117, 'gpp_d': 138.43511384252108, 'ign_k': 0.567034633562729, 'ign_c': 0.18316165443932733, 'trop_agb_crit': 16.86264052240002, 'trop_k_veg': 3.4508425771776365, 'fuel_k': 5.486054129200969, 'fuel_half': 15.581254655530845}.
[I 2026-08-14 14:39:59,534] Trial 1221 finished with values: [-0.40105537996491414, 9.081962359935858e-08] and parameters: {'k1': 0.05554169083020911, 'D_low': 4.043300846639722, 'k2': 1.263794633808287e-05, 'D_high': 44.39648242927527, 'fire_exp': 1.2429193829348841, 'P_half': 48.464976792190825, 'pre_dampen_half': 0.03411860497758073, 'gpp_af': 0.0023751383317256927, 'gpp_b': 2.788681037423117, 'gpp_d': 8.144272585223819, 'ign_k': 0.04380580767905655, 'ign_c': 0.19678273362633986, 'trop_agb_crit': 1.0110060758310602, 'trop_k_veg': 1.128469461526162, 'fuel_k': 0.06382243375381637, 'fuel_half': 0.30455368715396786}.
[I 2026-08-14 14:40:01,413] Trial 1222 finished with values: [-0.3720347752191176, 2.006617094707508e-11] and parameters: {'k1': 0.0004688858519834985, 'D_low': 102.62384545413329, 'k2': 1.263794633808287e-05, 'D_high': 44.39648242927527, 'fire_exp': 1.2429193829348841, 'P_half': 48.464976792190825, 'pre_dampen_half': 0.011501973785501987, 'gpp_af': 0.0023751383317256927, 'gpp_b': 2.788681037423117, 'gpp_d': 8.144272585223819, 'ign_k': 0.04380580767905655, 'ign_c': 105.24574681335613, 'trop_agb_crit': 5.881906289439389, 'trop_k_veg': 2.8224577471047865, 'fuel_k': 0.06382243375381637, 'fuel_half': 3.7093134348291836}.
[I 2026-08-14 14:40:03,331] Trial 1223 finished with values: [-0.38981075742463067, 4.7474251545831514e-05] and parameters: {'k1': 1.8595266457134027e-05, 'D_low': 367.4904945305323, 'k2': 4.955030961786304e-05, 'D_high': 38111.59226078823, 'fire_exp': 1.3224672913793163, 'P_half': 1212.4080603355412, 'pre_dampen_half': 0.0195172246414495, 'gpp_af': 3.6313666575298127, 'gpp_b': 0.00017826376967587887, 'gpp_d': 0.32837927360248453, 'ign_k': 0.03141110271934876, 'ign_c': 105.24574681335613, 'trop_agb_crit': 2.1775224101934065, 'trop_k_veg': 0.6189606672462583, 'fuel_k': 0.06382243375381637, 'fuel_half': 12.136386887218588}.
[I 2026-08-14 14:40:05,225] Trial 1224 finished with values: [-0.3953888813887867, 9.533316566723293e-06] and parameters: {'k1': 6.069662445477729e-05, 'D_low': 128395.48332743198, 'k2': 0.00019472216066157317, 'D_high': 625838.668783032, 'fire_exp': 1.2429193829348841, 'P_half': 1938.3858782150498, 'pre_dampen_half': 0.03627422119926134, 'gpp_af': 0.008983355849178878, 'gpp_b': 0.00017826376967587887, 'gpp_d': 0.01307253094873642, 'ign_k': 0.03141110271934876, 'ign_c': 105.24574681335613, 'trop_agb_crit': 16.86264052240002, 'trop_k_veg': 3.4508425771776365, 'fuel_k': 5.486054129200969, 'fuel_half': 15.581254655530845}.
[I 2026-08-14 14:40:07,198] Trial 1225 finished with values: [-0.3554625854118624, 0.0] and parameters: {'k1': 1.8595266457134027e-05, 'D_low': 128395.48332743198, 'k2': 0.00010939944910100016, 'D_high': 316055.11434645514, 'fire_exp': 1.2429193829348841, 'P_half': 2013.3201996321875, 'pre_dampen_half': 0.0195172246414495, 'gpp_af': 0.0023751383317256927, 'gpp_b': 0.00017826376967587887, 'gpp_d': 2.292633983096564, 'ign_k': 6.705921794825829, 'ign_c': 105.24574681335613, 'trop_agb_crit': 2.1775224101934065, 'trop_k_veg': 1.7570501127699654, 'fuel_k': 5.486054129200969, 'fuel_half': 15.581254655530845}.
[I 2026-08-14 14:40:09,113] Trial 1226 finished with values: [-0.41311768758325124, 0.0005544549213217786] and parameters: {'k1': 0.00040091494283268605, 'D_low': 367.4904945305323, 'k2': 1.263794633808287e-05, 'D_high': 368081.9831637289, 'fire_exp': 1.2429193829348841, 'P_half': 220.3445560633069, 'pre_dampen_half': 0.10609580257119508, 'gpp_af': 0.34902252478382495, 'gpp_b': 2.788681037423117, 'gpp_d': 3.0023172465753074, 'ign_k': 0.04380580767905655, 'ign_c': 0.3296550135838091, 'trop_agb_crit': 5.881906289439389, 'trop_k_veg': 1.128469461526162, 'fuel_k': 5.486054129200969, 'fuel_half': 3.7093134348291836}.
[I 2026-08-14 14:40:11,021] Trial 1227 finished with values: [-0.4085541074645197, 1.3880708545466192e-05] and parameters: {'k1': 0.05554169083020911, 'D_low': 367.4904945305323, 'k2': 1.263794633808287e-05, 'D_high': 316055.11434645514, 'fire_exp': 1.6214575867079866, 'P_half': 351.2704726270846, 'pre_dampen_half': 0.011501973785501987, 'gpp_af': 0.34902252478382495, 'gpp_b': 2.788681037423117, 'gpp_d': 8.144272585223819, 'ign_k': 0.567034633562729, 'ign_c': 0.19678273362633986, 'trop_agb_crit': 13.365572767895445, 'trop_k_veg': 2.8224577471047865, 'fuel_k': 0.06382243375381637, 'fuel_half': 0.30455368715396786}.
