[I 2026-07-22 21:58:51,398] Trial 912 finished with values: [-0.5965284408301393, 0.11402971905648696] and parameters: {'k1': 0.09538174612713206, 'D_low': 13.25142220631392, 'k2': 2.8459703343413838e-05, 'D_high': 1693415.5410667954, 'fire_exp': 1.5922031489278718, 'P_half': 9.324787201197319, 'pre_dampen_half': 3.9885726374014694, 'gpp_af': 0.0025511964576171086, 'gpp_b': 1.7565109007473816e-05, 'gpp_d': 8.057329182285729, 'ign_k': 0.004144296901136395, 'ign_c': 4.1108484350212295, 'trop_agb_crit': 15.870971677383487, 'trop_k_veg': 2.2426202441332554, 'fuel_k': 0.6199941538390381, 'fuel_half': 13.402368611128821}.
[I 2026-07-22 21:58:51,818] Trial 913 finished with values: [10.03265832745893, 10.03265832745893] and parameters: {'k1': 9.969469187531805e-05, 'D_low': 8454.098152188677, 'k2': 1.6559474674046002e-05, 'D_high': 1693415.5410667954, 'fire_exp': 2.3123511487896353, 'P_half': 1.4378290221680121, 'pre_dampen_half': 33.71909132517388, 'gpp_af': 2.114381609520638, 'gpp_b': 0.002022832315155261, 'gpp_d': 25.017068255320467, 'ign_k': 4.59148521674054, 'ign_c': 4.1108484350212295, 'trop_agb_crit': 15.870971677383487, 'trop_k_veg': 1.140286245977296, 'fuel_k': 0.7156083490235493, 'fuel_half': 16.371966573507315}.
[I 2026-07-22 21:58:52,238] Trial 914 finished with values: [-0.6781703959803939, 0.11894887074562055] and parameters: {'k1': 9.969469187531805e-05, 'D_low': 8454.098152188677, 'k2': 0.003658518527736814, 'D_high': 8433503.858791472, 'fire_exp': 2.3750840427797026, 'P_half': 1.4378290221680121, 'pre_dampen_half': 33.71909132517388, 'gpp_af': 1.4498445474033743, 'gpp_b': 0.00011277885258222645, 'gpp_d': 25.017068255320467, 'ign_k': 4.59148521674054, 'ign_c': 0.13670484737132343, 'trop_agb_crit': 12.090290534777825, 'trop_k_veg': 1.6340262437673856, 'fuel_k': 3.6992394681929355, 'fuel_half': 16.371966573507315}.
[I 2026-07-22 21:58:52,658] Trial 915 finished with values: [10.358939149503342, 10.358939149503342] and parameters: {'k1': 0.003242143344038315, 'D_low': 4.043300846639722, 'k2': 2.8459703343413838e-05, 'D_high': 1693415.5410667954, 'fire_exp': 1.6435309173976318, 'P_half': 1.4378290221680121, 'pre_dampen_half': 3.9885726374014694, 'gpp_af': 0.3259758793317361, 'gpp_b': 0.03484064149498812, 'gpp_d': 25.017068255320467, 'ign_k': 4.59148521674054, 'ign_c': 16.626592254031866, 'trop_agb_crit': 10.719494362768906, 'trop_k_veg': 0.5695379443977426, 'fuel_k': 0.8398846716543956, 'fuel_half': 2.276766792290519}.
[I 2026-07-22 21:58:53,079] Trial 916 finished with values: [-0.4940116697064163, 0.0745183722125945] and parameters: {'k1': 0.003242143344038315, 'D_low': 4.043300846639722, 'k2': 2.1698375693549493e-05, 'D_high': 1693415.5410667954, 'fire_exp': 2.3123511487896353, 'P_half': 27.59069025439785, 'pre_dampen_half': 10.059683154936915, 'gpp_af': 0.0025511964576171086, 'gpp_b': 3.228689523591491e-05, 'gpp_d': 3.481791290455528, 'ign_k': 0.050667002161528835, 'ign_c': 0.19678273362633986, 'trop_agb_crit': 1.7813653882411722, 'trop_k_veg': 1.6340262437673856, 'fuel_k': 0.028970790717327534, 'fuel_half': 18.202647368248815}.
[I 2026-07-22 21:58:53,500] Trial 917 finished with values: [10.288892867357024, 10.288892867357024] and parameters: {'k1': 0.00015495079374286172, 'D_low': 11.437258028094242, 'k2': 1.6559474674046002e-05, 'D_high': 2512533.442757688, 'fire_exp': 2.3123511487896353, 'P_half': 27.59069025439785, 'pre_dampen_half': 10.059683154936915, 'gpp_af': 2.114381609520638, 'gpp_b': 0.002022832315155261, 'gpp_d': 25.017068255320467, 'ign_k': 0.04732407125181112, 'ign_c': 3.4084279109230433, 'trop_agb_crit': 5.707205898008383, 'trop_k_veg': 0.9369104721775232, 'fuel_k': 0.09252659617259135, 'fuel_half': 2.276766792290519}.
[I 2026-07-22 21:58:53,922] Trial 918 finished with values: [-0.5614647295445606, 0.09627148653069806] and parameters: {'k1': 9.969469187531805e-05, 'D_low': 1.1640589436768796, 'k2': 3.5281132746849994e-05, 'D_high': 2512533.442757688, 'fire_exp': 2.2271826002669806, 'P_half': 1.4378290221680121, 'pre_dampen_half': 6.685131651092352, 'gpp_af': 2.114381609520638, 'gpp_b': 0.00011277885258222645, 'gpp_d': 373.3014953695604, 'ign_k': 4.59148521674054, 'ign_c': 8.356564873457042, 'trop_agb_crit': 10.412790284818238, 'trop_k_veg': 0.5695379443977426, 'fuel_k': 0.028970790717327534, 'fuel_half': 16.371966573507315}.
[I 2026-07-22 21:58:54,349] Trial 919 finished with values: [-0.5874856451897879, 0.05450114370517112] and parameters: {'k1': 0.09738633019266786, 'D_low': 8454.098152188677, 'k2': 2.1698375693549493e-05, 'D_high': 1693415.5410667954, 'fire_exp': 2.2271826002669806, 'P_half': 1.4378290221680121, 'pre_dampen_half': 794.0569418107997, 'gpp_af': 1.4498445474033743, 'gpp_b': 0.00012118589392553819, 'gpp_d': 8.057329182285729, 'ign_k': 2.9663798365255736, 'ign_c': 0.13670484737132343, 'trop_agb_crit': 6.058402553512053, 'trop_k_veg': 6.911478238001162, 'fuel_k': 0.7156083490235493, 'fuel_half': 42.6871254378718}.
[I 2026-07-22 21:58:54,794] Trial 920 finished with values: [10.769230768838547, 10.769230768838547] and parameters: {'k1': 9.969469187531805e-05, 'D_low': 1.1640589436768796, 'k2': 2.8459703343413838e-05, 'D_high': 2512533.442757688, 'fire_exp': 1.0482996836046896, 'P_half': 9.324787201197319, 'pre_dampen_half': 868.1843415114095, 'gpp_af': 1.4498445474033743, 'gpp_b': 0.02048523887932671, 'gpp_d': 6.91394869865762, 'ign_k': 4.59148521674054, 'ign_c': 311.38068051213736, 'trop_agb_crit': 6.119263728555865, 'trop_k_veg': 1.140286245977296, 'fuel_k': 3.6992394681929355, 'fuel_half': 16.371966573507315}.
[I 2026-07-22 21:58:55,227] Trial 921 finished with values: [10.685036969000427, 10.685036969000427] and parameters: {'k1': 0.003508854952536167, 'D_low': 36874.76168766122, 'k2': 1.6559474674046002e-05, 'D_high': 2512533.442757688, 'fire_exp': 2.3750840427797026, 'P_half': 2.1095259085905753, 'pre_dampen_half': 868.1843415114095, 'gpp_af': 2.114381609520638, 'gpp_b': 0.00011277885258222645, 'gpp_d': 373.3014953695604, 'ign_k': 0.04732407125181112, 'ign_c': 3.4084279109230433, 'trop_agb_crit': 10.719494362768906, 'trop_k_veg': 1.140286245977296, 'fuel_k': 0.09252659617259135, 'fuel_half': 2.276766792290519}.
[I 2026-07-22 21:58:55,652] Trial 922 finished with values: [10.229456056076607, 10.229456056076607] and parameters: {'k1': 9.969469187531805e-05, 'D_low': 1.1640589436768796, 'k2': 0.030699709531122953, 'D_high': 2512533.442757688, 'fire_exp': 1.1579742653502285, 'P_half': 1.4378290221680121, 'pre_dampen_half': 2.0313622250129093, 'gpp_af': 1.782401184029456, 'gpp_b': 8.168628001294799e-05, 'gpp_d': 373.3014953695604, 'ign_k': 4.59148521674054, 'ign_c': 16.626592254031866, 'trop_agb_crit': 10.719494362768906, 'trop_k_veg': 0.5695379443977426, 'fuel_k': 0.8398846716543956, 'fuel_half': 38.21129441691226}.
[I 2026-07-22 21:58:56,073] Trial 923 finished with values: [10.067806943934697, 10.067806943934697] and parameters: {'k1': 9.969469187531805e-05, 'D_low': 1.1640589436768796, 'k2': 0.030699709531122953, 'D_high': 2512533.442757688, 'fire_exp': 2.3750840427797026, 'P_half': 1.4378290221680121, 'pre_dampen_half': 33.71909132517388, 'gpp_af': 1.4498445474033743, 'gpp_b': 1.2892705405728861e-05, 'gpp_d': 34.972243108738105, 'ign_k': 4.59148521674054, 'ign_c': 16.626592254031866, 'trop_agb_crit': 10.719494362768906, 'trop_k_veg': 4.599337386928772, 'fuel_k': 0.030458048063161637, 'fuel_half': 16.371966573507315}.
[I 2026-07-22 21:58:56,495] Trial 924 finished with values: [10.469446418571135, 10.469446418571135] and parameters: {'k1': 0.09738633019266786, 'D_low': 13.25142220631392, 'k2': 2.1698375693549493e-05, 'D_high': 1693415.5410667954, 'fire_exp': 2.3123511487896353, 'P_half': 9.324787201197319, 'pre_dampen_half': 89.15632969317363, 'gpp_af': 0.033373034352042676, 'gpp_b': 0.00011277885258222645, 'gpp_d': 757.4758210832024, 'ign_k': 0.0014716512163645843, 'ign_c': 0.7257841640690941, 'trop_agb_crit': 15.870971677383487, 'trop_k_veg': 6.911478238001162, 'fuel_k': 0.7156083490235493, 'fuel_half': 18.202647368248815}.
[I 2026-07-22 21:58:56,917] Trial 925 finished with values: [10.767550717607458, 10.767550717607458] and parameters: {'k1': 9.969469187531805e-05, 'D_low': 1.1640589436768796, 'k2': 1.0897490003652052e-05, 'D_high': 2512533.442757688, 'fire_exp': 2.3750840427797026, 'P_half': 27.59069025439785, 'pre_dampen_half': 0.1711568647996576, 'gpp_af': 0.3259758793317361, 'gpp_b': 0.00011277885258222645, 'gpp_d': 373.3014953695604, 'ign_k': 0.04732407125181112, 'ign_c': 16.626592254031866, 'trop_agb_crit': 10.719494362768906, 'trop_k_veg': 0.977663002683211, 'fuel_k': 0.017262921159278164, 'fuel_half': 0.33988503110784557}.
[I 2026-07-22 21:58:57,337] Trial 926 finished with values: [10.64847033697704, 10.64847033697704] and parameters: {'k1': 0.003242143344038315, 'D_low': 1.1640589436768796, 'k2': 0.030699709531122953, 'D_high': 228439.0212088382, 'fire_exp': 2.3750840427797026, 'P_half': 27.59069025439785, 'pre_dampen_half': 868.1843415114095, 'gpp_af': 2.114381609520638, 'gpp_b': 8.930169622518509, 'gpp_d': 373.3014953695604, 'ign_k': 4.59148521674054, 'ign_c': 3.4084279109230433, 'trop_agb_crit': 11.914314587614939, 'trop_k_veg': 0.9369104721775232, 'fuel_k': 0.017262921159278164, 'fuel_half': 16.371966573507315}.
[I 2026-07-22 21:58:57,765] Trial 927 finished with values: [-0.32609718239733365, 0.08454680177199891] and parameters: {'k1': 0.09738633019266786, 'D_low': 13.25142220631392, 'k2': 3.5281132746849994e-05, 'D_high': 1693415.5410667954, 'fire_exp': 2.092714390386472, 'P_half': 270.15957920129443, 'pre_dampen_half': 89.15632969317363, 'gpp_af': 0.033373034352042676, 'gpp_b': 3.936122422430193e-05, 'gpp_d': 373.3014953695604, 'ign_k': 0.004144296901136395, 'ign_c': 3.0378658251922155, 'trop_agb_crit': 15.870971677383487, 'trop_k_veg': 0.5415365826598848, 'fuel_k': 0.028970790717327534, 'fuel_half': 81.87941582538087}.
[I 2026-07-22 21:58:58,188] Trial 928 finished with values: [10.371514826971518, 10.371514826971518] and parameters: {'k1': 9.969469187531805e-05, 'D_low': 8454.098152188677, 'k2': 0.030699709531122953, 'D_high': 2512533.442757688, 'fire_exp': 2.3750840427797026, 'P_half': 1.4378290221680121, 'pre_dampen_half': 868.1843415114095, 'gpp_af': 1.4498445474033743, 'gpp_b': 0.00011277885258222645, 'gpp_d': 34.972243108738105, 'ign_k': 4.59148521674054, 'ign_c': 16.626592254031866, 'trop_agb_crit': 10.719494362768906, 'trop_k_veg': 1.6340262437673856, 'fuel_k': 3.7875356197077763, 'fuel_half': 16.371966573507315}.
[I 2026-07-22 21:58:58,611] Trial 929 finished with values: [-0.6164765277814074, 0.13285030819620658] and parameters: {'k1': 0.09738633019266786, 'D_low': 91.66403471455098, 'k2': 2.1698375693549493e-05, 'D_high': 1693415.5410667954, 'fire_exp': 2.3123511487896353, 'P_half': 9.324787201197319, 'pre_dampen_half': 10.059683154936915, 'gpp_af': 1.1300566419249867, 'gpp_b': 1.7565109007473816e-05, 'gpp_d': 8.057329182285729, 'ign_k': 0.050667002161528835, 'ign_c': 4.1108484350212295, 'trop_agb_crit': 15.870971677383487, 'trop_k_veg': 6.911478238001162, 'fuel_k': 0.7156083490235493, 'fuel_half': 18.202647368248815}.
[I 2026-07-22 21:58:59,032] Trial 930 finished with values: [14.278794240128828, 14.278794240128828] and parameters: {'k1': 0.003242143344038315, 'D_low': 4.043300846639722, 'k2': 2.1698375693549493e-05, 'D_high': 1693415.5410667954, 'fire_exp': 2.3123511487896353, 'P_half': 1.4378290221680121, 'pre_dampen_half': 33.71909132517388, 'gpp_af': 0.0025511964576171086, 'gpp_b': 3.228689523591491e-05, 'gpp_d': 0.9921551226341596, 'ign_k': 4.59148521674054, 'ign_c': 0.19678273362633986, 'trop_agb_crit': 1.7813653882411722, 'trop_k_veg': 0.6401570224141748, 'fuel_k': 3.6992394681929355, 'fuel_half': 2.276766792290519}.
[I 2026-07-22 21:58:59,454] Trial 931 finished with values: [-0.6437171051214852, 0.10568738202426886] and parameters: {'k1': 9.969469187531805e-05, 'D_low': 1.1640589436768796, 'k2': 0.002342238625792905, 'D_high': 5109990.035268142, 'fire_exp': 2.2271826002669806, 'P_half': 1.4378290221680121, 'pre_dampen_half': 10.059683154936915, 'gpp_af': 42.29037995744429, 'gpp_b': 1.2892705405728861e-05, 'gpp_d': 25.017068255320467, 'ign_k': 0.254945458832971, 'ign_c': 2.4423775964038934, 'trop_agb_crit': 10.719494362768906, 'trop_k_veg': 1.140286245977296, 'fuel_k': 3.6992394681929355, 'fuel_half': 2.276766792290519}.
[I 2026-07-22 21:58:59,876] Trial 932 finished with values: [10.125720919666913, 10.125720919666913] and parameters: {'k1': 0.052334804885400876, 'D_low': 11.437258028094242, 'k2': 1.6559474674046002e-05, 'D_high': 2512533.442757688, 'fire_exp': 2.264545306066772, 'P_half': 1.4378290221680121, 'pre_dampen_half': 10.059683154936915, 'gpp_af': 1.782401184029456, 'gpp_b': 0.002022832315155261, 'gpp_d': 25.017068255320467, 'ign_k': 0.04732407125181112, 'ign_c': 16.626592254031866, 'trop_agb_crit': 5.707205898008383, 'trop_k_veg': 4.599337386928772, 'fuel_k': 0.09252659617259135, 'fuel_half': 2.276766792290519}.
[I 2026-07-22 21:59:00,297] Trial 933 finished with values: [-0.5608237595433821, 0.10670311258577492] and parameters: {'k1': 0.09738633019266786, 'D_low': 4.043300846639722, 'k2': 2.1698375693549493e-05, 'D_high': 1693415.5410667954, 'fire_exp': 2.2271826002669806, 'P_half': 119.9763911113096, 'pre_dampen_half': 33.97904243111269, 'gpp_af': 0.0025511964576171086, 'gpp_b': 3.228689523591491e-05, 'gpp_d': 373.3014953695604, 'ign_k': 0.050667002161528835, 'ign_c': 3.0378658251922155, 'trop_agb_crit': 15.870971677383487, 'trop_k_veg': 6.911478238001162, 'fuel_k': 0.028970790717327534, 'fuel_half': 18.202647368248815}.
[I 2026-07-22 21:59:00,723] Trial 934 finished with values: [10.173225101117314, 10.173225101117314] and parameters: {'k1': 9.969469187531805e-05, 'D_low': 4.043300846639722, 'k2': 0.05438762195226743, 'D_high': 2512533.442757688, 'fire_exp': 2.3750840427797026, 'P_half': 1.4378290221680121, 'pre_dampen_half': 868.1843415114095, 'gpp_af': 0.3259758793317361, 'gpp_b': 3.228689523591491e-05, 'gpp_d': 25.017068255320467, 'ign_k': 0.04036242615331333, 'ign_c': 16.626592254031866, 'trop_agb_crit': 15.198538681924658, 'trop_k_veg': 0.5695379443977426, 'fuel_k': 0.09252659617259135, 'fuel_half': 16.371966573507315}.
[I 2026-07-22 21:59:01,146] Trial 935 finished with values: [10.362690229358963, 10.362690229358963] and parameters: {'k1': 6.548510655446336e-05, 'D_low': 1.1640589436768796, 'k2': 0.030699709531122953, 'D_high': 8433503.858791472, 'fire_exp': 2.3750840427797026, 'P_half': 2.1095259085905753, 'pre_dampen_half': 33.71909132517388, 'gpp_af': 42.29037995744429, 'gpp_b': 0.00011277885258222645, 'gpp_d': 373.3014953695604, 'ign_k': 0.050667002161528835, 'ign_c': 16.626592254031866, 'trop_agb_crit': 10.719494362768906, 'trop_k_veg': 1.140286245977296, 'fuel_k': 0.017262921159278164, 'fuel_half': 18.202647368248815}.
[I 2026-07-22 21:59:01,566] Trial 936 finished with values: [10.335086994338743, 10.335086994338743] and parameters: {'k1': 9.969469187531805e-05, 'D_low': 1.1640589436768796, 'k2': 0.05438762195226743, 'D_high': 580966.5602369158, 'fire_exp': 2.3123511487896353, 'P_half': 1.4378290221680121, 'pre_dampen_half': 11.88679684143525, 'gpp_af': 0.3259758793317361, 'gpp_b': 0.00011277885258222645, 'gpp_d': 373.3014953695604, 'ign_k': 4.59148521674054, 'ign_c': 16.626592254031866, 'trop_agb_crit': 10.719494362768906, 'trop_k_veg': 1.140286245977296, 'fuel_k': 0.017262921159278164, 'fuel_half': 16.371966573507315}.
[I 2026-07-22 21:59:02,008] Trial 937 finished with values: [-0.3472979594407259, 0.0927348089837563] and parameters: {'k1': 0.003242143344038315, 'D_low': 1.1640589436768796, 'k2': 2.1698375693549493e-05, 'D_high': 580966.5602369158, 'fire_exp': 2.3123511487896353, 'P_half': 1.4378290221680121, 'pre_dampen_half': 11.88679684143525, 'gpp_af': 1.4498445474033743, 'gpp_b': 3.228689523591491e-05, 'gpp_d': 25.017068255320467, 'ign_k': 0.04732407125181112, 'ign_c': 16.626592254031866, 'trop_agb_crit': 5.707205898008383, 'trop_k_veg': 2.3300158957406234, 'fuel_k': 0.48736180483849406, 'fuel_half': 0.4447485568484281}.
[I 2026-07-22 21:59:02,431] Trial 938 finished with values: [10.763715058402592, 10.763715058402592] and parameters: {'k1': 0.09738633019266786, 'D_low': 25028.093928264825, 'k2': 0.0034207303670092245, 'D_high': 1693415.5410667954, 'fire_exp': 1.758430692041752, 'P_half': 1.4378290221680121, 'pre_dampen_half': 10.059683154936915, 'gpp_af': 0.008712116476450106, 'gpp_b': 0.0013561490126661644, 'gpp_d': 373.3014953695604, 'ign_k': 0.04732407125181112, 'ign_c': 4.1108484350212295, 'trop_agb_crit': 15.870971677383487, 'trop_k_veg': 0.5415365826598848, 'fuel_k': 0.7156083490235493, 'fuel_half': 81.87941582538087}.
[I 2026-07-22 21:59:02,850] Trial 939 finished with values: [10.17400877219663, 10.17400877219663] and parameters: {'k1': 9.969469187531805e-05, 'D_low': 91.66403471455098, 'k2': 2.1698375693549493e-05, 'D_high': 2512533.442757688, 'fire_exp': 2.3123511487896353, 'P_half': 9.324787201197319, 'pre_dampen_half': 10.059683154936915, 'gpp_af': 0.026886479903448782, 'gpp_b': 3.228689523591491e-05, 'gpp_d': 373.3014953695604, 'ign_k': 0.050667002161528835, 'ign_c': 0.19678273362633986, 'trop_agb_crit': 15.870971677383487, 'trop_k_veg': 1.6340262437673856, 'fuel_k': 0.028970790717327534, 'fuel_half': 18.202647368248815}.
[I 2026-07-22 21:59:03,272] Trial 940 finished with values: [10.765446006091725, 10.765446006091725] and parameters: {'k1': 9.969469187531805e-05, 'D_low': 50437.169574496525, 'k2': 0.030699709531122953, 'D_high': 2512533.442757688, 'fire_exp': 2.3750840427797026, 'P_half': 1.4378290221680121, 'pre_dampen_half': 868.1843415114095, 'gpp_af': 1.4498445474033743, 'gpp_b': 0.021152372444252342, 'gpp_d': 373.3014953695604, 'ign_k': 4.59148521674054, 'ign_c': 16.626592254031866, 'trop_agb_crit': 10.719494362768906, 'trop_k_veg': 0.5695379443977426, 'fuel_k': 0.017262921159278164, 'fuel_half': 16.371966573507315}.
[I 2026-07-22 21:59:03,693] Trial 941 finished with values: [10.085795175118461, 10.085795175118461] and parameters: {'k1': 6.693990428538841e-05, 'D_low': 8454.098152188677, 'k2': 2.8459703343413838e-05, 'D_high': 8433503.858791472, 'fire_exp': 2.3750840427797026, 'P_half': 1.4378290221680121, 'pre_dampen_half': 10.059683154936915, 'gpp_af': 1.4498445474033743, 'gpp_b': 0.0002637687576667052, 'gpp_d': 6.91394869865762, 'ign_k': 4.59148521674054, 'ign_c': 0.13670484737132343, 'trop_agb_crit': 10.719494362768906, 'trop_k_veg': 1.140286245977296, 'fuel_k': 0.010340193296440528, 'fuel_half': 2.276766792290519}.
[I 2026-07-22 21:59:04,112] Trial 942 finished with values: [11.753332524682941, 11.753332524682941] and parameters: {'k1': 0.0029707920514735983, 'D_low': 91.66403471455098, 'k2': 2.1698375693549493e-05, 'D_high': 368081.9831637289, 'fire_exp': 2.3750840427797026, 'P_half': 1.4378290221680121, 'pre_dampen_half': 10.059683154936915, 'gpp_af': 1.4498445474033743, 'gpp_b': 0.0002637687576667052, 'gpp_d': 373.3014953695604, 'ign_k': 2.9663798365255736, 'ign_c': 0.13670484737132343, 'trop_agb_crit': 5.707205898008383, 'trop_k_veg': 1.140286245977296, 'fuel_k': 0.7156083490235493, 'fuel_half': 38.21129441691226}.
[I 2026-07-22 21:59:04,533] Trial 943 finished with values: [10.59096445301984, 10.59096445301984] and parameters: {'k1': 1.3843484531249981e-05, 'D_low': 29812.79517869898, 'k2': 2.1698375693549493e-05, 'D_high': 1693415.5410667954, 'fire_exp': 2.3123511487896353, 'P_half': 1.4378290221680121, 'pre_dampen_half': 10.059683154936915, 'gpp_af': 1.1300566419249867, 'gpp_b': 0.00011277885258222645, 'gpp_d': 373.3014953695604, 'ign_k': 4.59148521674054, 'ign_c': 16.626592254031866, 'trop_agb_crit': 10.719494362768906, 'trop_k_veg': 1.7428926895756522, 'fuel_k': 0.7156083490235493, 'fuel_half': 16.371966573507315}.
[I 2026-07-22 21:59:04,953] Trial 944 finished with values: [10.768636889176136, 10.768636889176136] and parameters: {'k1': 6.455386366109267e-05, 'D_low': 1.1640589436768796, 'k2': 0.05438762195226743, 'D_high': 2512533.442757688, 'fire_exp': 2.3750840427797026, 'P_half': 6796.634575348652, 'pre_dampen_half': 6.881834772031151, 'gpp_af': 0.3259758793317361, 'gpp_b': 8.168628001294799e-05, 'gpp_d': 25.017068255320467, 'ign_k': 0.029632139204027373, 'ign_c': 2.03107736072328, 'trop_agb_crit': 10.719494362768906, 'trop_k_veg': 1.140286245977296, 'fuel_k': 0.8398846716543956, 'fuel_half': 38.21129441691226}.
[I 2026-07-22 21:59:05,380] Trial 945 finished with values: [-0.4495153255599459, 0.24752484339367442] and parameters: {'k1': 0.052334804885400876, 'D_low': 1.1640589436768796, 'k2': 2.1698375693549493e-05, 'D_high': 8433503.858791472, 'fire_exp': 2.264545306066772, 'P_half': 27.59069025439785, 'pre_dampen_half': 33.71909132517388, 'gpp_af': 18.235072804314193, 'gpp_b': 8.168628001294799e-05, 'gpp_d': 0.05551882314935149, 'ign_k': 4.59148521674054, 'ign_c': 0.19678273362633986, 'trop_agb_crit': 5.707205898008383, 'trop_k_veg': 0.977663002683211, 'fuel_k': 0.0706341516405198, 'fuel_half': 0.33988503110784557}.
  trial  946/1500  pareto_size=3  best_taylor=0.7779  best_ilamb=0.5683  (6.8 min)
[I 2026-07-22 21:59:05,958] Trial 946 finished with values: [10.464002507609429, 10.464002507609429] and parameters: {'k1': 0.0029707920514735983, 'D_low': 13.25142220631392, 'k2': 2.8459703343413838e-05, 'D_high': 8433503.858791472, 'fire_exp': 2.3123511487896353, 'P_half': 27.59069025439785, 'pre_dampen_half': 33.71909132517388, 'gpp_af': 18.235072804314193, 'gpp_b': 0.00011277885258222645, 'gpp_d': 757.4758210832024, 'ign_k': 0.0014716512163645843, 'ign_c': 0.19678273362633986, 'trop_agb_crit': 15.870971677383487, 'trop_k_veg': 0.977663002683211, 'fuel_k': 0.028970790717327534, 'fuel_half': 18.202647368248815}.
