[I 2026-08-20 00:44:47,866] Trial 1354 finished with value: 0.42212136388511623 and parameters: {'k1': 0.00043854966683226, 'D_low': 9.726262867205314, 'k2': 1.1517266408360407e-05, 'D_high': 3392127.492167092, 'fire_exp': 2.8989573182146504, 'P_half': 1.2372083737079091, 'pre_dampen_half': 38.441337513846726, 'gpp_af': 0.4061363469721615, 'gpp_b': 0.026145867885285685, 'gpp_d': 59.4874685071832, 'ign_k': 1.7548145351281417, 'ign_c': 20.566264527317028, 'trop_agb_crit': 4.697752655647189, 'trop_k_veg': 1.659980927218183}. Best is trial 1285 with value: -0.6015874360929447.
[I 2026-08-20 00:44:49,404] Trial 1355 finished with value: 0.5093005503892443 and parameters: {'k1': 0.014132479680859775, 'D_low': 544.5019724890033, 'k2': 0.0003722308652971954, 'D_high': 4457981.936344029, 'fire_exp': 1.7910378164794312, 'P_half': 10.966340569761236, 'pre_dampen_half': 0.7957844841540097, 'gpp_af': 5.955523958896583, 'gpp_b': 2.063032290093408, 'gpp_d': 505.98851391059367, 'ign_k': 1.933252607300288, 'ign_c': 8.010941708464811, 'trop_agb_crit': 23.925626544272863, 'trop_k_veg': 2.1146186478651954}. Best is trial 1285 with value: -0.6015874360929447.
[I 2026-08-20 00:44:50,919] Trial 1356 finished with value: 0.5934171147137215 and parameters: {'k1': 0.00021696297333779043, 'D_low': 341.82583179173463, 'k2': 4.262223935667728e-05, 'D_high': 8126426.888351687, 'fire_exp': 5.654639107470987, 'P_half': 2.876229818708997, 'pre_dampen_half': 2.054081432558816, 'gpp_af': 0.0016353831753474514, 'gpp_b': 0.0013306608658856136, 'gpp_d': 0.1685333803503979, 'ign_k': 2.785673724268587, 'ign_c': 7.776236131475621, 'trop_agb_crit': 24.432195818495934, 'trop_k_veg': 2.3899061796315753}. Best is trial 1285 with value: -0.6015874360929447.
[I 2026-08-20 00:44:52,385] Trial 1357 finished with value: 0.5945439279316068 and parameters: {'k1': 0.0003295992526454987, 'D_low': 38.46228705899151, 'k2': 0.017915694111142473, 'D_high': 14486.85897162846, 'fire_exp': 7.078672620380486, 'P_half': 1.4059519770503381, 'pre_dampen_half': 18.361633431055928, 'gpp_af': 7.23545858522888, 'gpp_b': 0.004038242357641602, 'gpp_d': 7.985736334398582, 'ign_k': 0.08033969706211942, 'ign_c': 1.432438780610713, 'trop_agb_crit': 25.066258184132188, 'trop_k_veg': 5.181809897640392}. Best is trial 1285 with value: -0.6015874360929447.
[I 2026-08-20 00:44:53,865] Trial 1358 finished with value: 0.6488468045422963 and parameters: {'k1': 0.06665555026335841, 'D_low': 890.3169551891039, 'k2': 0.0005721854359985367, 'D_high': 1481043.1696272832, 'fire_exp': 2.5963364776908073, 'P_half': 118.13952111392392, 'pre_dampen_half': 0.4069683377379884, 'gpp_af': 0.046261102225483165, 'gpp_b': 0.021680724880983573, 'gpp_d': 489.19411237166247, 'ign_k': 0.6671820434091319, 'ign_c': 36.16627982889172, 'trop_agb_crit': 7.496550044216159, 'trop_k_veg': 1.8642305951097533}. Best is trial 1285 with value: -0.6015874360929447.
[I 2026-08-20 00:44:55,302] Trial 1359 finished with value: 0.6445374145881376 and parameters: {'k1': 0.0012468864842164063, 'D_low': 898077.659095221, 'k2': 1.9855633091598147e-05, 'D_high': 47.61205382430856, 'fire_exp': 3.444202772175938, 'P_half': 4945.805306516165, 'pre_dampen_half': 4.024520990009838, 'gpp_af': 3.5950018358302644, 'gpp_b': 0.00042378880492254407, 'gpp_d': 15.771986430716211, 'ign_k': 0.05051217490335186, 'ign_c': 329.79372319628493, 'trop_agb_crit': 2.8654491789119096, 'trop_k_veg': 0.8920360534774793}. Best is trial 1285 with value: -0.6015874360929447.
[I 2026-08-20 00:44:56,717] Trial 1360 finished with value: 0.5642462920064923 and parameters: {'k1': 0.00722760227900527, 'D_low': 1.142356093847402, 'k2': 1.3496892615380327e-05, 'D_high': 295652.4202772622, 'fire_exp': 3.89180158625013, 'P_half': 1.0732736450299654, 'pre_dampen_half': 6.381757932197242, 'gpp_af': 21.058185245687426, 'gpp_b': 0.07445866695519393, 'gpp_d': 375.0636437811976, 'ign_k': 0.08502761357220495, 'ign_c': 18.204704407026256, 'trop_agb_crit': 16.40424132344222, 'trop_k_veg': 2.2921523389121443}. Best is trial 1285 with value: -0.6015874360929447.
[I 2026-08-20 00:44:58,415] Trial 1361 finished with value: -0.5609720309197315 and parameters: {'k1': 0.00670232607199757, 'D_low': 849.6427742149849, 'k2': 7.956922226095438e-05, 'D_high': 5328580.584173107, 'fire_exp': 2.6181622126043664, 'P_half': 293.33009312445375, 'pre_dampen_half': 15.463092152786263, 'gpp_af': 1.920518581615676, 'gpp_b': 0.003711476106323582, 'gpp_d': 576.962686433455, 'ign_k': 0.2177382461836341, 'ign_c': 2.279901907601652, 'trop_agb_crit': 19.160847917218458, 'trop_k_veg': 0.8812560498172063}. Best is trial 1285 with value: -0.6015874360929447.
[I 2026-08-20 00:44:59,844] Trial 1362 finished with value: 0.5783143230929867 and parameters: {'k1': 0.0005278524744287657, 'D_low': 22277.44275055873, 'k2': 0.00012104951416792723, 'D_high': 208473.67424871202, 'fire_exp': 4.675166036345965, 'P_half': 6.151867525266416, 'pre_dampen_half': 33.707236655395235, 'gpp_af': 1.6885970479916754, 'gpp_b': 0.2462656104330944, 'gpp_d': 283.7651986650621, 'ign_k': 0.22028227448085425, 'ign_c': 5.621943071157053, 'trop_agb_crit': 7.02267880788352, 'trop_k_veg': 1.5198198332771302}. Best is trial 1285 with value: -0.6015874360929447.
[I 2026-08-20 00:45:01,292] Trial 1363 finished with value: 0.6445374145881376 and parameters: {'k1': 0.021831990116128266, 'D_low': 2.23048742727429, 'k2': 1.5543750606672327e-05, 'D_high': 2120203.2665802375, 'fire_exp': 2.103390855108129, 'P_half': 2.21275055117, 'pre_dampen_half': 9.266834593992883, 'gpp_af': 13.387781164030534, 'gpp_b': 0.0033370777835294158, 'gpp_d': 14.837785872034559, 'ign_k': 1.3270390092865614, 'ign_c': 219.8389997768237, 'trop_agb_crit': 2.61130821490977, 'trop_k_veg': 0.7355395592735708}. Best is trial 1285 with value: -0.6015874360929447.
[I 2026-08-20 00:45:02,817] Trial 1364 finished with value: 0.633835003896636 and parameters: {'k1': 0.004267139267310856, 'D_low': 330805.6488574431, 'k2': 0.0006667583248069884, 'D_high': 898088.6377179545, 'fire_exp': 2.4328035351117707, 'P_half': 2.767245488375942, 'pre_dampen_half': 198.2752838483845, 'gpp_af': 48.63400455139127, 'gpp_b': 0.025470646068785203, 'gpp_d': 8.33206553674088, 'ign_k': 5.000036010279256, 'ign_c': 0.1818356445114548, 'trop_agb_crit': 1.3811929681019377, 'trop_k_veg': 2.4657575570744377}. Best is trial 1285 with value: -0.6015874360929447.
[I 2026-08-20 00:45:04,233] Trial 1365 finished with value: 0.6445374145881376 and parameters: {'k1': 0.00038732470119273265, 'D_low': 101709.87207781889, 'k2': 0.0013133757133384917, 'D_high': 125.252835122943, 'fire_exp': 2.7223728099997446, 'P_half': 3772.288299089774, 'pre_dampen_half': 39.60747128410063, 'gpp_af': 0.8790166137277131, 'gpp_b': 2.334770858096823, 'gpp_d': 70.1031996519101, 'ign_k': 0.24542212600362995, 'ign_c': 2.0310763254833892, 'trop_agb_crit': 7.247487943561306, 'trop_k_veg': 3.218912498633784}. Best is trial 1285 with value: -0.6015874360929447.
[I 2026-08-20 00:45:05,715] Trial 1366 finished with value: 0.6026759135955954 and parameters: {'k1': 8.782137130094371e-05, 'D_low': 5.877216780372625, 'k2': 0.00014902103253074922, 'D_high': 2048564.3850893937, 'fire_exp': 6.507400098772428, 'P_half': 10.32871932765331, 'pre_dampen_half': 6.475840613052646, 'gpp_af': 0.23492726193496657, 'gpp_b': 0.21188440244732376, 'gpp_d': 887.2275986413877, 'ign_k': 3.039791203172897, 'ign_c': 22.963567985859687, 'trop_agb_crit': 15.598187042700035, 'trop_k_veg': 1.0672039650073324}. Best is trial 1285 with value: -0.6015874360929447.
[I 2026-08-20 00:45:07,184] Trial 1367 finished with value: 0.6244516375242501 and parameters: {'k1': 0.0016281472031236548, 'D_low': 65.97008199543858, 'k2': 0.005714506713819673, 'D_high': 5486.41343982579, 'fire_exp': 2.445980853447298, 'P_half': 35.045243222146425, 'pre_dampen_half': 0.015854039503067404, 'gpp_af': 0.00796239547729815, 'gpp_b': 0.2917550591723621, 'gpp_d': 0.07774631433196932, 'ign_k': 0.0010621767026597502, 'ign_c': 111.97448650622256, 'trop_agb_crit': 8.529714625669017, 'trop_k_veg': 0.5965860561341909}. Best is trial 1285 with value: -0.6015874360929447.
[I 2026-08-20 00:45:08,579] Trial 1368 finished with value: 0.496824569888514 and parameters: {'k1': 0.00014109729776917888, 'D_low': 3438.0713768340916, 'k2': 0.00010500585067953213, 'D_high': 6164201.026826975, 'fire_exp': 2.6338669146610245, 'P_half': 162.8170191794838, 'pre_dampen_half': 46.71459131399131, 'gpp_af': 0.2580153306389369, 'gpp_b': 0.0001464161684906383, 'gpp_d': 14.370266706072977, 'ign_k': 0.10767205654308945, 'ign_c': 15.058183014611311, 'trop_agb_crit': 19.028591252953795, 'trop_k_veg': 3.642002221315369}. Best is trial 1285 with value: -0.6015874360929447.
[I 2026-08-20 00:45:09,997] Trial 1369 finished with value: 0.584717474050111 and parameters: {'k1': 1.2330161303385683e-05, 'D_low': 20479.665356697355, 'k2': 0.00020254598351239614, 'D_high': 116745.19768193763, 'fire_exp': 2.985813393379761, 'P_half': 5107.089574874083, 'pre_dampen_half': 0.9182034012507738, 'gpp_af': 0.05530131777380982, 'gpp_b': 0.00025372506372841865, 'gpp_d': 0.3507706543756738, 'ign_k': 9.394717881932634, 'ign_c': 3.517939317884852, 'trop_agb_crit': 8.225223274111743, 'trop_k_veg': 7.048390449055047}. Best is trial 1285 with value: -0.6015874360929447.
[I 2026-08-20 00:45:11,351] Trial 1370 finished with value: 0.5637203832356645 and parameters: {'k1': 0.03601593774183625, 'D_low': 23.759593217535432, 'k2': 0.0030339878196424305, 'D_high': 2228966.182244616, 'fire_exp': 4.70859452308134, 'P_half': 88.24842218692717, 'pre_dampen_half': 1.0685970204127433, 'gpp_af': 1.396048267398563, 'gpp_b': 0.0011509783721683074, 'gpp_d': 362.7365374932828, 'ign_k': 0.055332863931899706, 'ign_c': 1.7118057429460678, 'trop_agb_crit': 24.923470147754276, 'trop_k_veg': 2.2883594555223477}. Best is trial 1285 with value: -0.6015874360929447.
[I 2026-08-20 00:45:12,787] Trial 1371 finished with value: 0.4876408263857883 and parameters: {'k1': 3.788589919026409e-05, 'D_low': 110.62840788097606, 'k2': 0.027537465165772265, 'D_high': 476254.59891588835, 'fire_exp': 3.106550689040141, 'P_half': 63.44629820290698, 'pre_dampen_half': 5.173595308361379, 'gpp_af': 16.099916414311316, 'gpp_b': 0.00021992783754919007, 'gpp_d': 48.21369222688971, 'ign_k': 0.1901016300436293, 'ign_c': 0.12494314462293697, 'trop_agb_crit': 19.61869422093214, 'trop_k_veg': 4.5464585814358385}. Best is trial 1285 with value: -0.6015874360929447.
[I 2026-08-20 00:45:14,217] Trial 1372 finished with value: 0.4857098769576845 and parameters: {'k1': 0.027400605129112847, 'D_low': 1.2141637878249991, 'k2': 1.694008748502661e-05, 'D_high': 1837852.9689630915, 'fire_exp': 4.428041601633796, 'P_half': 1.3930043515738597, 'pre_dampen_half': 2.088382272793126, 'gpp_af': 0.7965770238260932, 'gpp_b': 0.003359215274320669, 'gpp_d': 48.722403293911746, 'ign_k': 0.7278508904304946, 'ign_c': 19.095485974454917, 'trop_agb_crit': 3.745669706099801, 'trop_k_veg': 1.4783132834707942}. Best is trial 1285 with value: -0.6015874360929447.
[I 2026-08-20 00:45:15,707] Trial 1373 finished with value: 0.5141094936397547 and parameters: {'k1': 0.026626717322779745, 'D_low': 126.58227392079858, 'k2': 0.0011021124919682365, 'D_high': 211048.37876598706, 'fire_exp': 3.154384669945949, 'P_half': 100.844960231981, 'pre_dampen_half': 0.676775540181228, 'gpp_af': 3.9020317822831543, 'gpp_b': 0.04941676019771825, 'gpp_d': 530.1202275726433, 'ign_k': 0.262355344614741, 'ign_c': 0.3749902541306899, 'trop_agb_crit': 19.5902228843446, 'trop_k_veg': 2.2124838697062947}. Best is trial 1285 with value: -0.6015874360929447.
[I 2026-08-20 00:45:17,248] Trial 1374 finished with value: 0.5855564993814657 and parameters: {'k1': 5.6265367873388304e-05, 'D_low': 1.629353134600955, 'k2': 2.2437704288281068e-05, 'D_high': 7582.232420481179, 'fire_exp': 3.728989001143579, 'P_half': 6.352432739337605, 'pre_dampen_half': 0.18369478716744017, 'gpp_af': 10.491093309825647, 'gpp_b': 0.0016644181043813907, 'gpp_d': 256.8369338607468, 'ign_k': 1.3481740765792034, 'ign_c': 3.120581707844651, 'trop_agb_crit': 3.787964473302039, 'trop_k_veg': 3.060651161966405}. Best is trial 1285 with value: -0.6015874360929447.
[I 2026-08-20 00:45:19,040] Trial 1375 finished with value: 0.4911791838456301 and parameters: {'k1': 0.002069447247654056, 'D_low': 729.488178987705, 'k2': 0.002640290528327345, 'D_high': 570607.9129464738, 'fire_exp': 2.918778470245364, 'P_half': 2.49255179884912, 'pre_dampen_half': 795.4509861805248, 'gpp_af': 0.00937891474875868, 'gpp_b': 0.00028637309755804436, 'gpp_d': 31.318524394424593, 'ign_k': 0.4921239369508284, 'ign_c': 2.2592580252359893, 'trop_agb_crit': 25.463687448918364, 'trop_k_veg': 5.342824090966878}. Best is trial 1285 with value: -0.6015874360929447.
[I 2026-08-20 00:45:21,347] Trial 1376 finished with value: 0.6445374145881376 and parameters: {'k1': 0.009573902210304254, 'D_low': 679.5307988642305, 'k2': 0.009653826630011512, 'D_high': 3366.863943218463, 'fire_exp': 3.0557670440696723, 'P_half': 48.14564871959332, 'pre_dampen_half': 18.492457312574032, 'gpp_af': 0.002834409226578201, 'gpp_b': 8.365322318404196e-05, 'gpp_d': 1.7678594459035697, 'ign_k': 0.4011943839437422, 'ign_c': 969.0820337610068, 'trop_agb_crit': 3.3560500162846654, 'trop_k_veg': 2.125626402919844}. Best is trial 1285 with value: -0.6015874360929447.
[I 2026-08-20 00:45:23,597] Trial 1377 finished with value: 0.5659559817157447 and parameters: {'k1': 0.0005618474490197079, 'D_low': 5.562166784801336, 'k2': 0.0008049131361708737, 'D_high': 81052.4549154994, 'fire_exp': 6.536287264255221, 'P_half': 4.113729321810392, 'pre_dampen_half': 1.0642806005340484, 'gpp_af': 13.44769140191375, 'gpp_b': 0.0031060794242138722, 'gpp_d': 14.89648078620973, 'ign_k': 1.913492553671672, 'ign_c': 2.100327423396087, 'trop_agb_crit': 1.9366639063460886, 'trop_k_veg': 3.2943205857032045}. Best is trial 1285 with value: -0.6015874360929447.
[I 2026-08-20 00:45:25,187] Trial 1378 finished with value: 0.4620571912814502 and parameters: {'k1': 0.0015282179563741018, 'D_low': 11.326429858865106, 'k2': 1.1853314681952953e-05, 'D_high': 1872183.6938652578, 'fire_exp': 4.654118654969297, 'P_half': 2.4344482552182822, 'pre_dampen_half': 63.00750629261492, 'gpp_af': 7.522608586019555, 'gpp_b': 0.004173960809411881, 'gpp_d': 138.75391569400296, 'ign_k': 1.5045947081828086, 'ign_c': 5.3414456050454415, 'trop_agb_crit': 3.737403197673227, 'trop_k_veg': 1.0649406070515413}. Best is trial 1285 with value: -0.6015874360929447.
[I 2026-08-20 00:45:26,673] Trial 1379 finished with value: 0.6445374145881376 and parameters: {'k1': 2.1867275260774676e-05, 'D_low': 763445.1250477453, 'k2': 0.011505300658397595, 'D_high': 140.5690798119018, 'fire_exp': 8.646461038036724, 'P_half': 239.9098142529864, 'pre_dampen_half': 0.13128245616155393, 'gpp_af': 0.0028896180609762983, 'gpp_b': 3.758489980925209, 'gpp_d': 3.2501298537478305, 'ign_k': 5.637416345362598, 'ign_c': 0.11719160574763504, 'trop_agb_crit': 15.652388571110597, 'trop_k_veg': 1.4399038385833243}. Best is trial 1285 with value: -0.6015874360929447.
[I 2026-08-20 00:45:28,216] Trial 1380 finished with value: 0.4263913011077578 and parameters: {'k1': 8.240864883818133e-05, 'D_low': 269.91371233587415, 'k2': 0.003552554120777592, 'D_high': 125953.66530731581, 'fire_exp': 1.0718154137860558, 'P_half': 217.50869682312634, 'pre_dampen_half': 21.342445389809438, 'gpp_af': 0.00468571214218329, 'gpp_b': 0.00028821115221220044, 'gpp_d': 13.357908754711449, 'ign_k': 0.8184386865459677, 'ign_c': 9.09550751753064, 'trop_agb_crit': 13.761145050062009, 'trop_k_veg': 0.6828794303204427}. Best is trial 1285 with value: -0.6015874360929447.
[I 2026-08-20 00:45:29,654] Trial 1381 finished with value: 0.5695108397254358 and parameters: {'k1': 0.08848471276681825, 'D_low': 738.0893047208766, 'k2': 0.0004216951377605628, 'D_high': 8567511.505488241, 'fire_exp': 1.4555503199003959, 'P_half': 93.14054470972943, 'pre_dampen_half': 3.9101499061240435, 'gpp_af': 1.3156743123370374, 'gpp_b': 1.0827372478997332, 'gpp_d': 207.04966278008595, 'ign_k': 0.02534885268845203, 'ign_c': 10.11363218133824, 'trop_agb_crit': 18.089762826994242, 'trop_k_veg': 6.553621017107535}. Best is trial 1285 with value: -0.6015874360929447.
[I 2026-08-20 00:45:31,068] Trial 1382 finished with value: 0.5159049917663682 and parameters: {'k1': 0.028139994152966863, 'D_low': 552.0302731204184, 'k2': 0.0001183970507523673, 'D_high': 7349048.581404541, 'fire_exp': 3.00164314731506, 'P_half': 244.40277346042973, 'pre_dampen_half': 2.659145279047927, 'gpp_af': 1.1732445444807913, 'gpp_b': 0.06060840426737329, 'gpp_d': 942.0027289344303, 'ign_k': 2.7632953758489753, 'ign_c': 13.165773751343975, 'trop_agb_crit': 15.295144706454776, 'trop_k_veg': 1.790664708893309}. Best is trial 1285 with value: -0.6015874360929447.
[I 2026-08-20 00:45:32,520] Trial 1383 finished with value: 0.6445374145881376 and parameters: {'k1': 0.00012707616430549881, 'D_low': 11.850130293237884, 'k2': 0.00021180057409316003, 'D_high': 314.5988359224861, 'fire_exp': 7.593299352354833, 'P_half': 20.847120225649807, 'pre_dampen_half': 0.04833792852025223, 'gpp_af': 0.06854008466470447, 'gpp_b': 0.030262016299259367, 'gpp_d': 0.04560441001857614, 'ign_k': 0.216179070564331, 'ign_c': 986.1947440034097, 'trop_agb_crit': 1.1803840614192742, 'trop_k_veg': 1.1817968703444577}. Best is trial 1285 with value: -0.6015874360929447.
[I 2026-08-20 00:45:34,131] Trial 1384 finished with value: 0.6445374145881376 and parameters: {'k1': 0.00020058185494306507, 'D_low': 237841.49613765354, 'k2': 0.009486458819723946, 'D_high': 259.03709582466035, 'fire_exp': 2.739793823980035, 'P_half': 1617.1478894265622, 'pre_dampen_half': 0.6057300951144089, 'gpp_af': 0.014086095461662795, 'gpp_b': 0.04759239111183359, 'gpp_d': 0.037065448802938925, 'ign_k': 0.0015816749934476615, 'ign_c': 1.4681450063064685, 'trop_agb_crit': 7.9732485947736205, 'trop_k_veg': 0.779910102594271}. Best is trial 1285 with value: -0.6015874360929447.
[I 2026-08-20 00:45:35,572] Trial 1385 finished with value: 0.4624715672731484 and parameters: {'k1': 0.005280252700232344, 'D_low': 30.828062047851258, 'k2': 3.228978362402054e-05, 'D_high': 5419040.368020922, 'fire_exp': 4.456696771477901, 'P_half': 5.140783760011825, 'pre_dampen_half': 39.95066225721057, 'gpp_af': 17.158188274742038, 'gpp_b': 0.0715825460638343, 'gpp_d': 33.115363899095605, 'ign_k': 5.878632540797818, 'ign_c': 18.308365873382577, 'trop_agb_crit': 9.232051625651723, 'trop_k_veg': 1.9066833404466874}. Best is trial 1285 with value: -0.6015874360929447.
[I 2026-08-20 00:45:37,023] Trial 1386 finished with value: 0.5823609238454264 and parameters: {'k1': 0.0792237571513177, 'D_low': 678.875404713964, 'k2': 0.00037858494779707146, 'D_high': 370788.01999058883, 'fire_exp': 1.7550295893310888, 'P_half': 6401.004416085745, 'pre_dampen_half': 6.884796974423224, 'gpp_af': 1.9790038207609406, 'gpp_b': 0.08552594580795089, 'gpp_d': 369.80479173777337, 'ign_k': 3.282788408636133, 'ign_c': 0.4986623919039721, 'trop_agb_crit': 15.817644557210649, 'trop_k_veg': 1.6995958766534083}. Best is trial 1285 with value: -0.6015874360929447.
[I 2026-08-20 00:45:38,415] Trial 1387 finished with value: 0.475717568717257 and parameters: {'k1': 0.0019739388292156195, 'D_low': 1036.4690612170746, 'k2': 0.06037680645449364, 'D_high': 416101.4613832018, 'fire_exp': 1.7933465242527067, 'P_half': 5.686648225993742, 'pre_dampen_half': 203.0370377064374, 'gpp_af': 0.15387407645081408, 'gpp_b': 0.007024987136408271, 'gpp_d': 4.226975253910615, 'ign_k': 0.5994018872633339, 'ign_c': 0.4856221498666642, 'trop_agb_crit': 20.586893146213257, 'trop_k_veg': 4.6057597396798835}. Best is trial 1285 with value: -0.6015874360929447.
[I 2026-08-20 00:45:40,226] Trial 1388 finished with value: 0.6443644398294436 and parameters: {'k1': 0.0001696261933868742, 'D_low': 262.6020941222717, 'k2': 0.0007851049736916379, 'D_high': 9845255.431539116, 'fire_exp': 3.304640887622857, 'P_half': 83.2336048653895, 'pre_dampen_half': 2.232209666547279, 'gpp_af': 0.00602906745115033, 'gpp_b': 1.5788115254296736e-05, 'gpp_d': 153.85409326812123, 'ign_k': 0.5533156203948801, 'ign_c': 34.50643115851076, 'trop_agb_crit': 22.969110384508827, 'trop_k_veg': 0.568756758471631}. Best is trial 1285 with value: -0.6015874360929447.
[I 2026-08-20 00:45:41,613] Trial 1389 finished with value: 0.44418881589497405 and parameters: {'k1': 1.1578882998063276e-05, 'D_low': 8037.691418567686, 'k2': 0.09990089273967975, 'D_high': 637984.4868435604, 'fire_exp': 1.0580782769897503, 'P_half': 13.93631390187517, 'pre_dampen_half': 183.83004181762917, 'gpp_af': 0.3726242737998268, 'gpp_b': 0.005196681321974434, 'gpp_d': 8.810926926955307, 'ign_k': 0.020763551886092278, 'ign_c': 0.12609235058976723, 'trop_agb_crit': 12.468856910874518, 'trop_k_veg': 1.8655144531221928}. Best is trial 1285 with value: -0.6015874360929447.
[I 2026-08-20 00:45:43,019] Trial 1390 finished with value: 0.6445374145881376 and parameters: {'k1': 0.00020373371638223622, 'D_low': 6620.624842617932, 'k2': 0.001267486065458776, 'D_high': 544493.5205383057, 'fire_exp': 3.7855186389137274, 'P_half': 25.676857119564175, 'pre_dampen_half': 161.83418076325682, 'gpp_af': 0.0015313513042570844, 'gpp_b': 0.003874755922926148, 'gpp_d': 3.7296394095599794, 'ign_k': 3.074378639524897, 'ign_c': 40.26230137392965, 'trop_agb_crit': 21.487142983966596, 'trop_k_veg': 0.8639630865949518}. Best is trial 1285 with value: -0.6015874360929447.
