[I 2026-06-08 12:30:34,517] Trial 1097 finished with values: [-0.581795112613804, 0.07933929190162958] and parameters: {'k1': 0.01889771394135163, 'D_low': 1.3577269394141454, 'k2': 0.0012040762895973265, 'D_high': 1493.5213816355397, 'fire_exp': 1.165368636520435, 'P_half': 4.213183643253957, 'pre_dampen_half': 107.40052367919465, 'gpp_af': 10.178541681137117, 'gpp_b': 0.0005752434266899163, 'gpp_d': 232.60260771259067, 'ign_k': 8.708806168038567, 'ign_c': 20.03995359361212, 'trop_agb_crit': 7.500118950416987, 'trop_k_veg': 2.194427136482602}.
[I 2026-06-08 12:30:35,668] Trial 1098 finished with values: [-0.5710724981471289, 0.06591962953763675] and parameters: {'k1': 0.008912611835817005, 'D_low': 2.143851363193517, 'k2': 0.0012040762895973265, 'D_high': 2940.51756322311, 'fire_exp': 1.3170256885255098, 'P_half': 12.808863354047988, 'pre_dampen_half': 107.40052367919465, 'gpp_af': 0.05511595477601767, 'gpp_b': 0.0021331409710300844, 'gpp_d': 84.31013932082456, 'ign_k': 2.1368329072358767, 'ign_c': 20.03995359361212, 'trop_agb_crit': 24.584290528289387, 'trop_k_veg': 0.5349971555643298}.
[I 2026-06-08 12:30:37,062] Trial 1099 finished with values: [10.497738475141817, 10.497738475141817] and parameters: {'k1': 0.01889771394135163, 'D_low': 4.484744524732794, 'k2': 0.0012040762895973265, 'D_high': 2940.51756322311, 'fire_exp': 1.0601964743503993, 'P_half': 4.213183643253957, 'pre_dampen_half': 107.40052367919465, 'gpp_af': 0.10409127568994281, 'gpp_b': 0.0005752434266899163, 'gpp_d': 0.986538195779616, 'ign_k': 0.3508854952536169, 'ign_c': 15.221840161091626, 'trop_agb_crit': 7.500118950416987, 'trop_k_veg': 2.4978545597116653}.
[I 2026-06-08 12:30:38,172] Trial 1100 finished with values: [10.312132236304459, 10.312132236304459] and parameters: {'k1': 0.01889771394135163, 'D_low': 2.143851363193517, 'k2': 0.011078632295006514, 'D_high': 2940.51756322311, 'fire_exp': 1.165368636520435, 'P_half': 220.3445560633069, 'pre_dampen_half': 502.5175192217655, 'gpp_af': 0.05511595477601767, 'gpp_b': 0.0021331409710300844, 'gpp_d': 10.369565216756202, 'ign_k': 0.00436803932697466, 'ign_c': 20.03995359361212, 'trop_agb_crit': 24.584290528289387, 'trop_k_veg': 0.5349971555643298}.
[I 2026-06-08 12:30:39,354] Trial 1101 finished with values: [10.725236095283009, 10.725236095283009] and parameters: {'k1': 0.008471801418819975, 'D_low': 2.143851363193517, 'k2': 1.1065812688893481e-05, 'D_high': 2940.51756322311, 'fire_exp': 1.0601964743503993, 'P_half': 12.808863354047988, 'pre_dampen_half': 2.031362225012909, 'gpp_af': 0.1476584299248268, 'gpp_b': 0.0021331409710300844, 'gpp_d': 29.749683811098393, 'ign_k': 1.4047969156119493, 'ign_c': 20.03995359361212, 'trop_agb_crit': 18.785197416433792, 'trop_k_veg': 0.5349971555643298}.
[I 2026-06-08 12:30:40,671] Trial 1102 finished with values: [10.743111290309393, 10.743111290309393] and parameters: {'k1': 0.008471801418819975, 'D_low': 2.143851363193517, 'k2': 0.012758211164590085, 'D_high': 2940.51756322311, 'fire_exp': 1.3170256885255098, 'P_half': 220.3445560633069, 'pre_dampen_half': 107.40052367919465, 'gpp_af': 0.0011134176439329534, 'gpp_b': 0.0021331409710300844, 'gpp_d': 10.369565216756202, 'ign_k': 8.708806168038567, 'ign_c': 20.03995359361212, 'trop_agb_crit': 1.0911298587990423, 'trop_k_veg': 6.2065960186008615}.
[I 2026-06-08 12:30:41,851] Trial 1103 finished with values: [10.006724152502397, 10.006724152502397] and parameters: {'k1': 0.008471801418819975, 'D_low': 38.82837025280678, 'k2': 0.012758211164590085, 'D_high': 3658.5185277368187, 'fire_exp': 1.165368636520435, 'P_half': 220.3445560633069, 'pre_dampen_half': 107.40052367919465, 'gpp_af': 0.017115686479965763, 'gpp_b': 0.0005752434266899163, 'gpp_d': 84.31013932082456, 'ign_k': 8.708806168038567, 'ign_c': 20.03995359361212, 'trop_agb_crit': 7.500118950416987, 'trop_k_veg': 2.194427136482602}.
[I 2026-06-08 12:30:42,986] Trial 1104 finished with values: [-0.5779426957136076, 0.10902326719317212] and parameters: {'k1': 0.008471801418819975, 'D_low': 1.9623826481168343, 'k2': 0.0012040762895973265, 'D_high': 1493.5213816355397, 'fire_exp': 1.3170256885255098, 'P_half': 12.808863354047988, 'pre_dampen_half': 107.40052367919465, 'gpp_af': 1.200191344086032, 'gpp_b': 0.0017100237531775793, 'gpp_d': 84.31013932082456, 'ign_k': 8.708806168038567, 'ign_c': 15.221840161091626, 'trop_agb_crit': 7.500118950416987, 'trop_k_veg': 2.573214588078609}.
[I 2026-06-08 12:30:44,157] Trial 1105 finished with values: [10.361583923850324, 10.361583923850324] and parameters: {'k1': 0.01889771394135163, 'D_low': 2.143851363193517, 'k2': 1.4665316366397004e-05, 'D_high': 1493.5213816355397, 'fire_exp': 1.165368636520435, 'P_half': 4.213183643253957, 'pre_dampen_half': 107.40052367919465, 'gpp_af': 0.017199513788543352, 'gpp_b': 0.0005752434266899163, 'gpp_d': 84.31013932082456, 'ign_k': 8.708806168038567, 'ign_c': 20.03995359361212, 'trop_agb_crit': 1.0911298587990423, 'trop_k_veg': 2.194427136482602}.
[I 2026-06-08 12:30:45,280] Trial 1106 finished with values: [10.892857142659844, 10.892857142659844] and parameters: {'k1': 0.01889771394135163, 'D_low': 4.484744524732794, 'k2': 0.0012040762895973265, 'D_high': 2940.51756322311, 'fire_exp': 1.0601964743503993, 'P_half': 220.3445560633069, 'pre_dampen_half': 107.40052367919465, 'gpp_af': 0.017199513788543352, 'gpp_b': 0.0005752434266899163, 'gpp_d': 0.986538195779616, 'ign_k': 8.708806168038567, 'ign_c': 80.50945012618057, 'trop_agb_crit': 7.500118950416987, 'trop_k_veg': 2.194427136482602}.
[I 2026-06-08 12:30:46,530] Trial 1107 finished with values: [10.892476045432101, 10.892476045432101] and parameters: {'k1': 0.008471801418819975, 'D_low': 2.143851363193517, 'k2': 0.012758211164590085, 'D_high': 2940.51756322311, 'fire_exp': 9.813184209754047, 'P_half': 12.808863354047988, 'pre_dampen_half': 107.40052367919465, 'gpp_af': 0.1476584299248268, 'gpp_b': 0.0021331409710300844, 'gpp_d': 84.31013932082456, 'ign_k': 0.002492943285150885, 'ign_c': 20.03995359361212, 'trop_agb_crit': 7.500118950416987, 'trop_k_veg': 6.2065960186008615}.
[I 2026-06-08 12:30:47,751] Trial 1108 finished with values: [-0.5744851228137073, 0.08915701216601712] and parameters: {'k1': 0.008912611835817005, 'D_low': 40.36242615331332, 'k2': 0.012758211164590085, 'D_high': 2940.51756322311, 'fire_exp': 1.3170256885255098, 'P_half': 220.3445560633069, 'pre_dampen_half': 502.5175192217655, 'gpp_af': 0.05511595477601767, 'gpp_b': 0.0021331409710300844, 'gpp_d': 10.369565216756202, 'ign_k': 2.1368329072358767, 'ign_c': 20.03995359361212, 'trop_agb_crit': 24.584290528289387, 'trop_k_veg': 0.5349971555643298}.
[I 2026-06-08 12:30:48,938] Trial 1109 finished with values: [10.11502285409904, 10.11502285409904] and parameters: {'k1': 0.01889771394135163, 'D_low': 4.484744524732794, 'k2': 0.0012040762895973265, 'D_high': 2940.51756322311, 'fire_exp': 1.165368636520435, 'P_half': 4.213183643253957, 'pre_dampen_half': 107.40052367919465, 'gpp_af': 0.10409127568994281, 'gpp_b': 0.0005752434266899163, 'gpp_d': 84.31013932082456, 'ign_k': 8.708806168038567, 'ign_c': 20.03995359361212, 'trop_agb_crit': 7.500118950416987, 'trop_k_veg': 2.194427136482602}.
[I 2026-06-08 12:30:50,155] Trial 1110 finished with values: [10.78775100448814, 10.78775100448814] and parameters: {'k1': 0.01889771394135163, 'D_low': 1.3577269394141454, 'k2': 0.0012040762895973265, 'D_high': 1493.5213816355397, 'fire_exp': 6.310604585713589, 'P_half': 4.213183643253957, 'pre_dampen_half': 107.40052367919465, 'gpp_af': 1.200191344086032, 'gpp_b': 0.0005752434266899163, 'gpp_d': 150.14555442537656, 'ign_k': 5.595401979134829, 'ign_c': 20.03995359361212, 'trop_agb_crit': 7.500118950416987, 'trop_k_veg': 2.573214588078609}.
[I 2026-06-08 12:30:51,355] Trial 1111 finished with values: [10.424840174330784, 10.424840174330784] and parameters: {'k1': 6.548510655446336e-05, 'D_low': 2.143851363193517, 'k2': 1.1065812688893481e-05, 'D_high': 2940.51756322311, 'fire_exp': 1.165368636520435, 'P_half': 12.808863354047988, 'pre_dampen_half': 107.40052367919465, 'gpp_af': 1.9706963379095486, 'gpp_b': 0.0005752434266899163, 'gpp_d': 5.962449950039701, 'ign_k': 8.708806168038567, 'ign_c': 20.03995359361212, 'trop_agb_crit': 18.785197416433792, 'trop_k_veg': 0.5349971555643298}.
[I 2026-06-08 12:30:52,497] Trial 1112 finished with values: [10.677572975418869, 10.677572975418869] and parameters: {'k1': 0.008287522363768155, 'D_low': 355.00125258511594, 'k2': 0.012758211164590085, 'D_high': 42210.21267871043, 'fire_exp': 1.3170256885255098, 'P_half': 4.213183643253957, 'pre_dampen_half': 46.27607115144257, 'gpp_af': 0.05511595477601767, 'gpp_b': 0.0496492510424794, 'gpp_d': 10.369565216756202, 'ign_k': 0.0680787482656459, 'ign_c': 5.13055176058983, 'trop_agb_crit': 24.584290528289387, 'trop_k_veg': 2.520089655463604}.
[I 2026-06-08 12:30:53,620] Trial 1113 finished with values: [10.030746562630371, 10.030746562630371] and parameters: {'k1': 0.01889771394135163, 'D_low': 1.9623826481168343, 'k2': 0.012758211164590085, 'D_high': 2940.51756322311, 'fire_exp': 1.165368636520435, 'P_half': 4.213183643253957, 'pre_dampen_half': 107.40052367919465, 'gpp_af': 0.017199513788543352, 'gpp_b': 0.0005752434266899163, 'gpp_d': 84.31013932082456, 'ign_k': 8.708806168038567, 'ign_c': 20.03995359361212, 'trop_agb_crit': 7.500118950416987, 'trop_k_veg': 6.9782110227926815}.
[I 2026-06-08 12:30:54,841] Trial 1114 finished with values: [10.827635868815774, 10.827635868815774] and parameters: {'k1': 0.01889771394135163, 'D_low': 64.39790863101601, 'k2': 0.012758211164590085, 'D_high': 2940.51756322311, 'fire_exp': 1.3170256885255098, 'P_half': 220.3445560633069, 'pre_dampen_half': 0.08712116476450107, 'gpp_af': 0.05511595477601767, 'gpp_b': 0.0005752434266899163, 'gpp_d': 84.31013932082456, 'ign_k': 2.1368329072358767, 'ign_c': 20.03995359361212, 'trop_agb_crit': 24.584290528289387, 'trop_k_veg': 2.194427136482602}.
[I 2026-06-08 12:30:56,092] Trial 1115 finished with values: [10.393889862497478, 10.393889862497478] and parameters: {'k1': 0.01889771394135163, 'D_low': 64.39790863101601, 'k2': 1.1065812688893481e-05, 'D_high': 2940.51756322311, 'fire_exp': 1.3170256885255098, 'P_half': 220.3445560633069, 'pre_dampen_half': 502.5175192217655, 'gpp_af': 1.9706963379095486, 'gpp_b': 0.0021331409710300844, 'gpp_d': 29.749683811098393, 'ign_k': 0.0680787482656459, 'ign_c': 20.03995359361212, 'trop_agb_crit': 18.785197416433792, 'trop_k_veg': 0.5349971555643298}.
[I 2026-06-08 12:30:57,560] Trial 1116 finished with values: [-0.5848458073147076, 0.08128135576583961] and parameters: {'k1': 0.008471801418819975, 'D_low': 4.484744524732794, 'k2': 0.012758211164590085, 'D_high': 2940.51756322311, 'fire_exp': 1.165368636520435, 'P_half': 4.213183643253957, 'pre_dampen_half': 107.40052367919465, 'gpp_af': 1.200191344086032, 'gpp_b': 0.0005752434266899163, 'gpp_d': 10.369565216756202, 'ign_k': 8.708806168038567, 'ign_c': 20.03995359361212, 'trop_agb_crit': 1.0911298587990423, 'trop_k_veg': 2.194427136482602}.
[I 2026-06-08 12:30:58,681] Trial 1117 finished with values: [10.031878189459412, 10.031878189459412] and parameters: {'k1': 0.01889771394135163, 'D_low': 4.484744524732794, 'k2': 0.012758211164590085, 'D_high': 2940.51756322311, 'fire_exp': 1.165368636520435, 'P_half': 220.3445560633069, 'pre_dampen_half': 502.5175192217655, 'gpp_af': 0.1476584299248268, 'gpp_b': 0.0054502936945582505, 'gpp_d': 10.369565216756202, 'ign_k': 2.1368329072358767, 'ign_c': 20.03995359361212, 'trop_agb_crit': 3.5747129226002423, 'trop_k_veg': 2.4978545597116653}.
[I 2026-06-08 12:30:59,804] Trial 1118 finished with values: [10.195661052340613, 10.195661052340613] and parameters: {'k1': 0.01889771394135163, 'D_low': 1.9623826481168343, 'k2': 0.0012040762895973265, 'D_high': 1493.5213816355397, 'fire_exp': 1.165368636520435, 'P_half': 4.213183643253957, 'pre_dampen_half': 107.40052367919465, 'gpp_af': 0.10409127568994281, 'gpp_b': 0.0005752434266899163, 'gpp_d': 84.31013932082456, 'ign_k': 8.708806168038567, 'ign_c': 15.221840161091626, 'trop_agb_crit': 7.500118950416987, 'trop_k_veg': 2.194427136482602}.
[I 2026-06-08 12:31:01,038] Trial 1119 finished with values: [-0.5888960749851948, 0.05402003176810943] and parameters: {'k1': 0.01889771394135163, 'D_low': 1.3577269394141454, 'k2': 0.0012040762895973265, 'D_high': 2940.51756322311, 'fire_exp': 1.165368636520435, 'P_half': 12.808863354047988, 'pre_dampen_half': 107.40052367919465, 'gpp_af': 0.10409127568994281, 'gpp_b': 0.0005752434266899163, 'gpp_d': 84.31013932082456, 'ign_k': 8.708806168038567, 'ign_c': 20.03995359361212, 'trop_agb_crit': 1.0911298587990423, 'trop_k_veg': 2.194427136482602}.
[I 2026-06-08 12:31:02,255] Trial 1120 finished with values: [10.077633639770637, 10.077633639770637] and parameters: {'k1': 0.01889771394135163, 'D_low': 1.3577269394141454, 'k2': 0.0012040762895973265, 'D_high': 2940.51756322311, 'fire_exp': 1.165368636520435, 'P_half': 4.213183643253957, 'pre_dampen_half': 107.40052367919465, 'gpp_af': 0.10409127568994281, 'gpp_b': 0.0005752434266899163, 'gpp_d': 84.31013932082456, 'ign_k': 8.708806168038567, 'ign_c': 20.03995359361212, 'trop_agb_crit': 7.500118950416987, 'trop_k_veg': 0.7579605458363415}.
[I 2026-06-08 12:31:03,445] Trial 1121 finished with values: [-0.577186493765918, 0.07304280935228757] and parameters: {'k1': 0.01889771394135163, 'D_low': 1.3577269394141454, 'k2': 0.0012040762895973265, 'D_high': 1493.5213816355397, 'fire_exp': 1.165368636520435, 'P_half': 12.808863354047988, 'pre_dampen_half': 107.40052367919465, 'gpp_af': 10.178541681137117, 'gpp_b': 0.0005752434266899163, 'gpp_d': 84.31013932082456, 'ign_k': 8.708806168038567, 'ign_c': 20.03995359361212, 'trop_agb_crit': 7.500118950416987, 'trop_k_veg': 2.194427136482602}.
[I 2026-06-08 12:31:04,569] Trial 1122 finished with values: [10.221478084208586, 10.221478084208586] and parameters: {'k1': 0.0002639600942396584, 'D_low': 2.143851363193517, 'k2': 0.013651083965650523, 'D_high': 3712.591045287726, 'fire_exp': 1.165368636520435, 'P_half': 12.808863354047988, 'pre_dampen_half': 107.40052367919465, 'gpp_af': 0.1476584299248268, 'gpp_b': 0.0005752434266899163, 'gpp_d': 10.369565216756202, 'ign_k': 8.708806168038567, 'ign_c': 20.03995359361212, 'trop_agb_crit': 1.0911298587990423, 'trop_k_veg': 1.9358464828856796}.
[I 2026-06-08 12:31:05,766] Trial 1123 finished with values: [10.229537924099205, 10.229537924099205] and parameters: {'k1': 0.01889771394135163, 'D_low': 1.3577269394141454, 'k2': 0.012758211164590085, 'D_high': 1493.5213816355397, 'fire_exp': 1.165368636520435, 'P_half': 12.808863354047988, 'pre_dampen_half': 107.40052367919465, 'gpp_af': 10.178541681137117, 'gpp_b': 0.0005752434266899163, 'gpp_d': 10.369565216756202, 'ign_k': 6.891386015952696, 'ign_c': 20.03995359361212, 'trop_agb_crit': 1.0911298587990423, 'trop_k_veg': 6.2065960186008615}.
[I 2026-06-08 12:31:06,901] Trial 1124 finished with values: [10.345653284748849, 10.345653284748849] and parameters: {'k1': 0.01889771394135163, 'D_low': 4.484744524732794, 'k2': 0.012758211164590085, 'D_high': 2940.51756322311, 'fire_exp': 1.165368636520435, 'P_half': 12.808863354047988, 'pre_dampen_half': 107.40052367919465, 'gpp_af': 1.200191344086032, 'gpp_b': 0.0005752434266899163, 'gpp_d': 10.369565216756202, 'ign_k': 8.708806168038567, 'ign_c': 15.221840161091626, 'trop_agb_crit': 1.0911298587990423, 'trop_k_veg': 2.194427136482602}.
[I 2026-06-08 12:31:08,014] Trial 1125 finished with values: [10.644769802512082, 10.644769802512082] and parameters: {'k1': 0.0016478059113980209, 'D_low': 1.0493453785498237, 'k2': 0.0012040762895973265, 'D_high': 2940.51756322311, 'fire_exp': 1.3170256885255098, 'P_half': 1106.5296106642575, 'pre_dampen_half': 107.40052367919465, 'gpp_af': 0.05511595477601767, 'gpp_b': 0.0005752434266899163, 'gpp_d': 10.369565216756202, 'ign_k': 2.1368329072358767, 'ign_c': 20.03995359361212, 'trop_agb_crit': 1.1276106081812864, 'trop_k_veg': 2.194427136482602}.
[I 2026-06-08 12:31:09,186] Trial 1126 finished with values: [10.747796061005605, 10.747796061005605] and parameters: {'k1': 0.010475330041760883, 'D_low': 1.3577269394141454, 'k2': 0.009614686563869648, 'D_high': 42210.21267871043, 'fire_exp': 1.165368636520435, 'P_half': 6.455386366109263, 'pre_dampen_half': 63.6685916079943, 'gpp_af': 1.200191344086032, 'gpp_b': 0.0021331409710300844, 'gpp_d': 150.14555442537656, 'ign_k': 8.708806168038567, 'ign_c': 15.221840161091626, 'trop_agb_crit': 4.789307037039607, 'trop_k_veg': 2.573214588078609}.
[I 2026-06-08 12:31:10,500] Trial 1127 finished with values: [-0.5562478315783848, 0.15973350809730358] and parameters: {'k1': 0.01889771394135163, 'D_low': 1.9623826481168343, 'k2': 1.4665316366397004e-05, 'D_high': 1493.5213816355397, 'fire_exp': 1.165368636520435, 'P_half': 4.213183643253957, 'pre_dampen_half': 107.40052367919465, 'gpp_af': 0.10409127568994281, 'gpp_b': 0.0005752434266899163, 'gpp_d': 84.31013932082456, 'ign_k': 8.708806168038567, 'ign_c': 15.221840161091626, 'trop_agb_crit': 7.500118950416987, 'trop_k_veg': 2.194427136482602}.
[I 2026-06-08 12:31:11,737] Trial 1128 finished with values: [10.892857142659844, 10.892857142659844] and parameters: {'k1': 0.008471801418819975, 'D_low': 1.9623826481168343, 'k2': 0.012758211164590085, 'D_high': 1493.5213816355397, 'fire_exp': 1.165368636520435, 'P_half': 4.213183643253957, 'pre_dampen_half': 107.40052367919465, 'gpp_af': 0.1476584299248268, 'gpp_b': 0.0017100237531775793, 'gpp_d': 660.9129108295722, 'ign_k': 8.708806168038567, 'ign_c': 679.6634575348644, 'trop_agb_crit': 3.5747129226002423, 'trop_k_veg': 2.194427136482602}.
[I 2026-06-08 12:31:12,870] Trial 1129 finished with values: [10.33442702886986, 10.33442702886986] and parameters: {'k1': 0.03635503353478365, 'D_low': 2.143851363193517, 'k2': 0.0002963213920402737, 'D_high': 1493.5213816355397, 'fire_exp': 1.165368636520435, 'P_half': 4.213183643253957, 'pre_dampen_half': 107.40052367919465, 'gpp_af': 0.017199513788543352, 'gpp_b': 0.0005752434266899163, 'gpp_d': 10.369565216756202, 'ign_k': 8.708806168038567, 'ign_c': 20.03995359361212, 'trop_agb_crit': 1.0911298587990423, 'trop_k_veg': 2.194427136482602}.
[I 2026-06-08 12:31:14,021] Trial 1130 finished with values: [10.159198202072654, 10.159198202072654] and parameters: {'k1': 0.008471801418819975, 'D_low': 2.143851363193517, 'k2': 0.0012040762895973265, 'D_high': 1493.5213816355397, 'fire_exp': 1.3170256885255098, 'P_half': 12.808863354047988, 'pre_dampen_half': 107.40052367919465, 'gpp_af': 0.1476584299248268, 'gpp_b': 0.0009153552948098625, 'gpp_d': 10.369565216756202, 'ign_k': 0.003940507889165403, 'ign_c': 20.03995359361212, 'trop_agb_crit': 1.0911298587990423, 'trop_k_veg': 2.573214588078609}.
[I 2026-06-08 12:31:15,162] Trial 1131 finished with values: [10.135426383993398, 10.135426383993398] and parameters: {'k1': 0.03635503353478365, 'D_low': 16.68848304978238, 'k2': 0.032107245391642135, 'D_high': 96680.15778295342, 'fire_exp': 1.165368636520435, 'P_half': 220.3445560633069, 'pre_dampen_half': 502.5175192217655, 'gpp_af': 0.017199513788543352, 'gpp_b': 0.0005752434266899163, 'gpp_d': 10.369565216756202, 'ign_k': 8.708806168038567, 'ign_c': 20.03995359361212, 'trop_agb_crit': 3.5747129226002423, 'trop_k_veg': 0.7000576665556255}.
[I 2026-06-08 12:31:16,412] Trial 1132 finished with values: [10.818438878811882, 10.818438878811882] and parameters: {'k1': 0.01889771394135163, 'D_low': 64.39790863101601, 'k2': 0.012758211164590085, 'D_high': 2940.51756322311, 'fire_exp': 1.0601964743503993, 'P_half': 220.3445560633069, 'pre_dampen_half': 502.5175192217655, 'gpp_af': 0.1476584299248268, 'gpp_b': 0.0054502936945582505, 'gpp_d': 10.369565216756202, 'ign_k': 2.1368329072358767, 'ign_c': 2.9732958317875804, 'trop_agb_crit': 3.5747129226002423, 'trop_k_veg': 2.4978545597116653}.
[I 2026-06-08 12:31:17,640] Trial 1133 finished with values: [10.139992688543133, 10.139992688543133] and parameters: {'k1': 0.010475330041760883, 'D_low': 1.3577269394141454, 'k2': 0.012758211164590085, 'D_high': 622.9347004284257, 'fire_exp': 1.165368636520435, 'P_half': 220.3445560633069, 'pre_dampen_half': 107.40052367919465, 'gpp_af': 1.200191344086032, 'gpp_b': 0.0005752434266899163, 'gpp_d': 150.14555442537656, 'ign_k': 8.708806168038567, 'ign_c': 20.03995359361212, 'trop_agb_crit': 7.500118950416987, 'trop_k_veg': 2.194427136482602}.
[I 2026-06-08 12:31:19,172] Trial 1134 finished with values: [-0.5864890233025898, 0.05778066165836304] and parameters: {'k1': 0.01889771394135163, 'D_low': 2.143851363193517, 'k2': 0.012758211164590085, 'D_high': 1493.5213816355397, 'fire_exp': 1.165368636520435, 'P_half': 4.213183643253957, 'pre_dampen_half': 107.40052367919465, 'gpp_af': 1.200191344086032, 'gpp_b': 0.0005752434266899163, 'gpp_d': 150.14555442537656, 'ign_k': 5.595401979134829, 'ign_c': 20.03995359361212, 'trop_agb_crit': 1.0911298587990423, 'trop_k_veg': 2.573214588078609}.
[I 2026-06-08 12:31:20,305] Trial 1135 finished with values: [10.892857142659844, 10.892857142659844] and parameters: {'k1': 0.01889771394135163, 'D_low': 2.143851363193517, 'k2': 0.0012040762895973265, 'D_high': 2940.51756322311, 'fire_exp': 1.165368636520435, 'P_half': 4.213183643253957, 'pre_dampen_half': 40.77131237195129, 'gpp_af': 0.1476584299248268, 'gpp_b': 0.0005752434266899163, 'gpp_d': 84.31013932082456, 'ign_k': 8.708806168038567, 'ign_c': 350.5767590795628, 'trop_agb_crit': 7.500118950416987, 'trop_k_veg': 2.194427136482602}.
