[I 2026-06-11 13:20:39,250] Trial 55 finished with values: [10.762979402175143, 10.762979402175143] and parameters: {'k1': 0.0869690639641868, 'D_low': 2267.735223551285, 'k2': 3.152468275632564e-05, 'D_high': 48235.58283024493, 'fire_exp': 7.411333597107838, 'P_half': 118.94665366442581, 'pre_dampen_half': 9.044346216330972, 'gpp_af': 0.09885838682552685, 'gpp_b': 2.1309331861011757e-05, 'gpp_d': 0.4742269251269962, 'ign_k': 1.6270983114897255, 'ign_c': 0.10435856341129002, 'trop_agb_crit': 3.108985631683375, 'trop_k_veg': 1.508040082046931, 'fire_amp': 2.6192385880432525}.
[I 2026-06-11 13:20:40,265] Trial 56 finished with values: [10.769230768928226, 10.769230768928226] and parameters: {'k1': 0.04779940225278671, 'D_low': 24.28756508761176, 'k2': 0.0002442377596403892, 'D_high': 8912.611835817017, 'fire_exp': 2.832813222583137, 'P_half': 7.914423612155368, 'pre_dampen_half': 1.8289320927697326, 'gpp_af': 0.005061568304359487, 'gpp_b': 0.00011437258028094228, 'gpp_d': 3.103407916899917, 'ign_k': 0.04739164656764018, 'ign_c': 456.43990286224124, 'trop_agb_crit': 3.430044314610246, 'trop_k_veg': 2.500737108170843, 'fire_amp': 3.1045399027418377}.
[I 2026-06-11 13:20:41,292] Trial 57 finished with values: [10.729865085593419, 10.729865085593419] and parameters: {'k1': 1.1281785190969807e-05, 'D_low': 450.9719064153485, 'k2': 5.153993511603138e-05, 'D_high': 69868.4759244566, 'fire_exp': 1.4081947723562425, 'P_half': 45.55085098454082, 'pre_dampen_half': 0.02671457936585047, 'gpp_af': 96.4653310890222, 'gpp_b': 0.010307896803108956, 'gpp_d': 9.482548804624958, 'ign_k': 0.0018548376790967168, 'ign_c': 99.96359851911319, 'trop_agb_crit': 2.0420012944047587, 'trop_k_veg': 6.030247256556128, 'fire_amp': 1.4442077384959786}.
[I 2026-06-11 13:20:42,299] Trial 58 finished with values: [10.215681197508053, 10.215681197508053] and parameters: {'k1': 5.7909642338812115e-05, 'D_low': 1.4002277211577039, 'k2': 0.0007731571570012607, 'D_high': 1817.0401889219124, 'fire_exp': 1.1633452995374232, 'P_half': 1265.0580856641704, 'pre_dampen_half': 1.8469033699850426, 'gpp_af': 0.41874665092828456, 'gpp_b': 0.004411400434514031, 'gpp_d': 1.0088237648985734, 'ign_k': 0.17320535908244444, 'ign_c': 0.4177928311636542, 'trop_agb_crit': 1.8566494291193822, 'trop_k_veg': 5.453348988480011, 'fire_amp': 5.44779717154213}.
[I 2026-06-11 13:20:43,307] Trial 59 finished with values: [10.331753917044923, 10.331753917044923] and parameters: {'k1': 0.00031134168041628584, 'D_low': 12.105387404469584, 'k2': 0.003767022142229395, 'D_high': 431.45617043093523, 'fire_exp': 1.0601964743503993, 'P_half': 4.213183643253957, 'pre_dampen_half': 38.00678588560607, 'gpp_af': 1.9706963379095486, 'gpp_b': 1.4540386644083135e-05, 'gpp_d': 0.12878367369717508, 'ign_k': 0.00840038491455979, 'ign_c': 48.704711413416454, 'trop_agb_crit': 1.0693376406863295, 'trop_k_veg': 0.6673124511410327, 'fire_amp': 4.19233232783727}.
[I 2026-06-11 13:20:44,319] Trial 60 finished with values: [10.723241855143277, 10.723241855143277] and parameters: {'k1': 5.178197947282869e-05, 'D_low': 408.3047491580097, 'k2': 8.968733598183248e-05, 'D_high': 24.9899605789089, 'fire_exp': 1.7505406131449859, 'P_half': 774.5825831079144, 'pre_dampen_half': 189.88136301569827, 'gpp_af': 14.161176080022173, 'gpp_b': 0.002416023630607169, 'gpp_d': 21.899070557043984, 'ign_k': 0.00660597889201953, 'ign_c': 1.4879588507789996, 'trop_agb_crit': 21.086120736447015, 'trop_k_veg': 0.5183533149347164, 'fire_amp': 1.1655705619308396}.
[I 2026-06-11 13:20:45,339] Trial 61 finished with values: [10.760548816707097, 10.760548816707097] and parameters: {'k1': 6.784924519083143e-05, 'D_low': 1.2768174677433957, 'k2': 5.3179192728079285e-05, 'D_high': 2148.652800991413, 'fire_exp': 2.638909828216385, 'P_half': 3721.2328343722993, 'pre_dampen_half': 122.24125745367257, 'gpp_af': 0.05117840638194652, 'gpp_b': 0.0003601974223479835, 'gpp_d': 0.7915202694013532, 'ign_k': 0.22970993031159073, 'ign_c': 1.181012687693568, 'trop_agb_crit': 8.354945434478699, 'trop_k_veg': 1.5557892125379422, 'fire_amp': 2.6889096147247162}.
[I 2026-06-11 13:20:46,336] Trial 62 finished with values: [10.764832919329377, 10.764832919329377] and parameters: {'k1': 0.0005552724374419548, 'D_low': 15.0613200804335, 'k2': 0.0622032717012132, 'D_high': 11335.04312156179, 'fire_exp': 1.3807440352456883, 'P_half': 2977.638036977783, 'pre_dampen_half': 2.736251365128462, 'gpp_af': 29.700320404259642, 'gpp_b': 0.6296968715955544, 'gpp_d': 1.336803341156552, 'ign_k': 0.001229921046579313, 'ign_c': 1.1877073321543954, 'trop_agb_crit': 6.310436642939893, 'trop_k_veg': 2.8957014754094748, 'fire_amp': 1.5873607039193782}.
[I 2026-06-11 13:20:47,345] Trial 63 finished with values: [10.735369440751642, 10.735369440751642] and parameters: {'k1': 3.609310926766545e-05, 'D_low': 2186.356344942016, 'k2': 0.08661811390647982, 'D_high': 1266.9536563782303, 'fire_exp': 1.4848387260494937, 'P_half': 12.280874862135363, 'pre_dampen_half': 0.012358147737023888, 'gpp_af': 37.28155624293858, 'gpp_b': 5.0875243087016374e-05, 'gpp_d': 7.631016235941559, 'ign_k': 0.012480180965117606, 'ign_c': 16.470698221724305, 'trop_agb_crit': 9.166993035320003, 'trop_k_veg': 4.989748894578724, 'fire_amp': 1.4475279918261055}.
[I 2026-06-11 13:20:48,337] Trial 64 finished with values: [10.769230768928226, 10.769230768928226] and parameters: {'k1': 1.1065812688893481e-05, 'D_low': 3.528113274684997, 'k2': 0.03981755305338543, 'D_high': 31301.15118850836, 'fire_exp': 3.9574287286140253, 'P_half': 252.38726750780188, 'pre_dampen_half': 21.14381609520636, 'gpp_af': 0.007531064950403672, 'gpp_b': 3.065290756308075, 'gpp_d': 1.241231030920016, 'ign_k': 0.03408427910923046, 'ign_c': 11.903394335305014, 'trop_agb_crit': 1.1732064116744712, 'trop_k_veg': 0.7928574866766803, 'fire_amp': 3.7523365308330816}.
[I 2026-06-11 13:20:49,357] Trial 65 finished with values: [10.715007846029119, 10.715007846029119] and parameters: {'k1': 0.00023134781612225627, 'D_low': 2.843767489444367, 'k2': 2.143851363193518e-05, 'D_high': 267.3088310781672, 'fire_exp': 1.9095652801045373, 'P_half': 436.4516946807792, 'pre_dampen_half': 121.93011993958949, 'gpp_af': 10.25616274847308, 'gpp_b': 2.800940363375676e-05, 'gpp_d': 0.1619054449471649, 'ign_k': 1.2273800987852967, 'ign_c': 0.6235377135673155, 'trop_agb_crit': 21.380932890222198, 'trop_k_veg': 2.6621805854739096, 'fire_amp': 1.8357623383234334}.
[I 2026-06-11 13:20:50,358] Trial 66 finished with values: [10.643112379183252, 10.643112379183252] and parameters: {'k1': 5.178197947282869e-05, 'D_low': 408.3047491580097, 'k2': 8.968733598183248e-05, 'D_high': 24.9899605789089, 'fire_exp': 1.7505406131449859, 'P_half': 9.580682294110435, 'pre_dampen_half': 189.88136301569827, 'gpp_af': 14.161176080022173, 'gpp_b': 0.002416023630607169, 'gpp_d': 21.899070557043984, 'ign_k': 0.00660597889201953, 'ign_c': 1.4879588507789996, 'trop_agb_crit': 21.086120736447015, 'trop_k_veg': 0.5183533149347164, 'fire_amp': 1.1655705619308396}.
[I 2026-06-11 13:20:51,378] Trial 67 finished with values: [10.768268383854789, 10.768268383854789] and parameters: {'k1': 0.0028422402394344265, 'D_low': 36.07301614542843, 'k2': 0.053816312113049804, 'D_high': 18108.14362107968, 'fire_exp': 1.1097334326431894, 'P_half': 1.2748758606816126, 'pre_dampen_half': 0.7626351785803364, 'gpp_af': 0.02776314644135441, 'gpp_b': 8.38796821093948, 'gpp_d': 0.05650468465378641, 'ign_k': 0.2379703566060643, 'ign_c': 3.3385926007093936, 'trop_agb_crit': 1.8285200278523417, 'trop_k_veg': 4.0068236274914755, 'fire_amp': 4.2446263054164195}.
[I 2026-06-11 13:20:52,375] Trial 68 finished with values: [10.062488463514782, 10.062488463514782] and parameters: {'k1': 0.00026539376439360527, 'D_low': 2186.356344942016, 'k2': 0.08661811390647982, 'D_high': 1266.9536563782303, 'fire_exp': 1.111738490499784, 'P_half': 1.4551749476072258, 'pre_dampen_half': 189.36639872354493, 'gpp_af': 37.28155624293858, 'gpp_b': 5.0875243087016374e-05, 'gpp_d': 7.631016235941559, 'ign_k': 0.09256855841989636, 'ign_c': 7.832259769732471, 'trop_agb_crit': 1.8023542850487386, 'trop_k_veg': 1.6648666152166967, 'fire_amp': 1.4475279918261055}.
[I 2026-06-11 13:20:53,373] Trial 69 finished with values: [10.12186110363644, 10.12186110363644] and parameters: {'k1': 0.03648456083047798, 'D_low': 236.79352040223893, 'k2': 0.019383858782150494, 'D_high': 6682.9607218310075, 'fire_exp': 1.2060040899560858, 'P_half': 2.226799690893868, 'pre_dampen_half': 4.847666216751353, 'gpp_af': 0.060029341913968644, 'gpp_b': 0.001674375583895437, 'gpp_d': 1.4397852866783676, 'ign_k': 0.0032383308053152635, 'ign_c': 1.364908766641693, 'trop_agb_crit': 12.9667438075127, 'trop_k_veg': 2.99731137426955, 'fire_amp': 2.7806853670293616}.
[I 2026-06-11 13:20:54,422] Trial 70 finished with values: [10.769230768928226, 10.769230768928226] and parameters: {'k1': 0.017276056747028225, 'D_low': 1739.6167422846984, 'k2': 0.0006579066240690734, 'D_high': 44974.07193749848, 'fire_exp': 3.2459542834651627, 'P_half': 4023.759749324184, 'pre_dampen_half': 98.05638874011484, 'gpp_af': 0.02539896080949815, 'gpp_b': 5.040445281577146, 'gpp_d': 282.69551568161273, 'ign_k': 0.06647020392311619, 'ign_c': 2.2489542843914485, 'trop_agb_crit': 3.5874145253515306, 'trop_k_veg': 0.8423458720358215, 'fire_amp': 2.818314238665462}.
[I 2026-06-11 13:20:55,408] Trial 71 finished with values: [10.471727162019445, 10.471727162019445] and parameters: {'k1': 0.012840669372724958, 'D_low': 171.2446447678494, 'k2': 0.0011135501184757278, 'D_high': 42210.21267871043, 'fire_exp': 1.2918065501148304, 'P_half': 61.6097529474144, 'pre_dampen_half': 4.603480758878793, 'gpp_af': 0.016306190741524337, 'gpp_b': 0.0004125336560355494, 'gpp_d': 0.7698760608299932, 'ign_k': 0.0029519227433917453, 'ign_c': 1.9423015749984096, 'trop_agb_crit': 2.0527418919564324, 'trop_k_veg': 2.520089655463604, 'fire_amp': 1.2393473789150806}.
[I 2026-06-11 13:20:56,442] Trial 72 finished with values: [10.769230768928226, 10.769230768928226] and parameters: {'k1': 1.6096330648219375e-05, 'D_low': 5.308016505637286, 'k2': 1.844951990812239e-05, 'D_high': 3545.843846227985, 'fire_exp': 3.7538171417440687, 'P_half': 2329.781042267055, 'pre_dampen_half': 3.815063241036454, 'gpp_af': 9.469707381426526, 'gpp_b': 0.20619371865867875, 'gpp_d': 0.22602748689012583, 'ign_k': 0.004540076719227353, 'ign_c': 181.25870836716192, 'trop_agb_crit': 1.0900492537293804, 'trop_k_veg': 2.132080187829235, 'fire_amp': 4.472176921013167}.
[I 2026-06-11 13:20:57,450] Trial 73 finished with values: [10.768882762439556, 10.768882762439556] and parameters: {'k1': 1.1065812688893481e-05, 'D_low': 408.3047491580097, 'k2': 8.968733598183248e-05, 'D_high': 24.9899605789089, 'fire_exp': 1.7505406131449859, 'P_half': 774.5825831079144, 'pre_dampen_half': 189.88136301569827, 'gpp_af': 14.161176080022173, 'gpp_b': 3.065290756308075, 'gpp_d': 1.241231030920016, 'ign_k': 0.015434297335162843, 'ign_c': 1.4879588507789996, 'trop_agb_crit': 21.086120736447015, 'trop_k_veg': 2.4043027323709683, 'fire_amp': 1.1655705619308396}.
[I 2026-06-11 13:20:58,461] Trial 74 finished with values: [10.767378216650913, 10.767378216650913] and parameters: {'k1': 5.415244119402538e-05, 'D_low': 16.480446427978972, 'k2': 0.004053638704742309, 'D_high': 78.90004262668583, 'fire_exp': 1.9553708662745248, 'P_half': 8.89193644629625, 'pre_dampen_half': 0.04982752357076448, 'gpp_af': 0.028888383623653185, 'gpp_b': 0.0015782327810795573, 'gpp_d': 176.24510039685507, 'ign_k': 0.0802050305902781, 'ign_c': 18.760068220300635, 'trop_agb_crit': 1.3752099014456878, 'trop_k_veg': 2.584093506411774, 'fire_amp': 1.6083018222627783}.
[I 2026-06-11 13:20:59,511] Trial 75 finished with values: [10.64513737321661, 10.64513737321661] and parameters: {'k1': 0.016973078532467004, 'D_low': 2.843767489444367, 'k2': 0.0499774937030317, 'D_high': 27.55546207779663, 'fire_exp': 1.6901885781909627, 'P_half': 51.10120656497163, 'pre_dampen_half': 123.04779330083686, 'gpp_af': 20.12115544906385, 'gpp_b': 0.015062722325200045, 'gpp_d': 20.81401325574021, 'ign_k': 0.002357279455676982, 'ign_c': 388.02797007866826, 'trop_agb_crit': 24.199763404822136, 'trop_k_veg': 1.2749676887479542, 'fire_amp': 5.416595007374148}.
[I 2026-06-11 13:21:00,544] Trial 76 finished with values: [10.627997554981883, 10.627997554981883] and parameters: {'k1': 0.00031134168041628584, 'D_low': 12.105387404469584, 'k2': 0.003767022142229395, 'D_high': 431.45617043093523, 'fire_exp': 1.0601964743503993, 'P_half': 4.213183643253957, 'pre_dampen_half': 0.011396414164620812, 'gpp_af': 1.9706963379095486, 'gpp_b': 1.4540386644083135e-05, 'gpp_d': 46.010874324515754, 'ign_k': 0.00840038491455979, 'ign_c': 48.704711413416454, 'trop_agb_crit': 1.0693376406863295, 'trop_k_veg': 0.6673124511410327, 'fire_amp': 4.19233232783727}.
[I 2026-06-11 13:21:01,594] Trial 77 finished with values: [10.768317008294204, 10.768317008294204] and parameters: {'k1': 5.7909642338812115e-05, 'D_low': 1.4002277211577039, 'k2': 0.018467059900514494, 'D_high': 570.8731724249576, 'fire_exp': 2.3820146568432237, 'P_half': 1265.0580856641704, 'pre_dampen_half': 0.32128420171885896, 'gpp_af': 0.41874665092828456, 'gpp_b': 0.010382987724364481, 'gpp_d': 0.1448983619020909, 'ign_k': 0.007240382572465292, 'ign_c': 3.4321391362415827, 'trop_agb_crit': 6.351751286408562, 'trop_k_veg': 5.453348988480011, 'fire_amp': 3.0602124456299986}.
[I 2026-06-11 13:21:02,574] Trial 78 finished with values: [10.719491920535448, 10.719491920535448] and parameters: {'k1': 5.7909642338812115e-05, 'D_low': 148.21691630007544, 'k2': 0.0001016707987819611, 'D_high': 1817.0401889219124, 'fire_exp': 1.5191397119156032, 'P_half': 4303.306161410612, 'pre_dampen_half': 8.259599205585761, 'gpp_af': 0.10098504976210308, 'gpp_b': 0.004411400434514031, 'gpp_d': 545.0253444559129, 'ign_k': 0.004105873950290761, 'ign_c': 22.126836566118193, 'trop_agb_crit': 5.588032458772675, 'trop_k_veg': 2.724170387400844, 'fire_amp': 5.44779717154213}.
[I 2026-06-11 13:21:03,560] Trial 79 finished with values: [10.76912050196322, 10.76912050196322] and parameters: {'k1': 0.0002656971546588439, 'D_low': 8832.039346746853, 'k2': 1.3327004373604829e-05, 'D_high': 88.90110660871557, 'fire_exp': 1.264103030891254, 'P_half': 4.087300390305745, 'pre_dampen_half': 0.16974173693738634, 'gpp_af': 0.006359264168909611, 'gpp_b': 0.00013164432569139702, 'gpp_d': 0.26636419343091605, 'ign_k': 0.011195826952369916, 'ign_c': 386.4218705871767, 'trop_agb_crit': 1.3137567821944718, 'trop_k_veg': 2.1406449943451844, 'fire_amp': 2.0861753238216}.
[I 2026-06-11 13:21:04,545] Trial 80 finished with values: [10.71617350428417, 10.71617350428417] and parameters: {'k1': 5.7909642338812115e-05, 'D_low': 2.843767489444367, 'k2': 0.0499774937030317, 'D_high': 32311.521854410956, 'fire_exp': 1.1633452995374232, 'P_half': 1265.0580856641704, 'pre_dampen_half': 1.8469033699850426, 'gpp_af': 0.5970408652384318, 'gpp_b': 0.03719354588132657, 'gpp_d': 0.1619054449471649, 'ign_k': 0.17320535908244444, 'ign_c': 0.4177928311636542, 'trop_agb_crit': 1.8566494291193822, 'trop_k_veg': 5.453348988480011, 'fire_amp': 1.8357623383234334}.
[I 2026-06-11 13:21:05,623] Trial 81 finished with values: [10.769230768928226, 10.769230768928226] and parameters: {'k1': 0.06549439112520007, 'D_low': 1.605843632310088, 'k2': 8.214312521999585e-05, 'D_high': 4861.863231847276, 'fire_exp': 2.3820146568432237, 'P_half': 96.70857606743157, 'pre_dampen_half': 0.036964765973876636, 'gpp_af': 2.2796384735235136, 'gpp_b': 0.013238726356442897, 'gpp_d': 0.1448983619020909, 'ign_k': 0.1204076289597327, 'ign_c': 256.2866600016351, 'trop_agb_crit': 6.351751286408562, 'trop_k_veg': 2.368135918039083, 'fire_amp': 4.810266046910081}.
[I 2026-06-11 13:21:06,658] Trial 82 finished with values: [10.769230768928226, 10.769230768928226] and parameters: {'k1': 0.00035868164986275477, 'D_low': 12.172958098369968, 'k2': 0.0024398964530167717, 'D_high': 267.3088310781672, 'fire_exp': 1.9095652801045373, 'P_half': 148.17820606039086, 'pre_dampen_half': 0.050654860639753524, 'gpp_af': 10.25616274847308, 'gpp_b': 2.4063018320720924e-05, 'gpp_d': 0.3588488911386258, 'ign_k': 1.2273800987852967, 'ign_c': 82.87522363768154, 'trop_agb_crit': 1.0189592979395135, 'trop_k_veg': 5.85168037586392, 'fire_amp': 3.548476438923424}.
[I 2026-06-11 13:21:07,734] Trial 83 finished with values: [10.764946962672003, 10.764946962672003] and parameters: {'k1': 6.784924519083143e-05, 'D_low': 1.2768174677433957, 'k2': 5.3179192728079285e-05, 'D_high': 10484.531351650956, 'fire_exp': 2.638909828216385, 'P_half': 655.1173063184817, 'pre_dampen_half': 0.11609694921678075, 'gpp_af': 0.004806814670008168, 'gpp_b': 0.0003601974223479835, 'gpp_d': 0.7915202694013532, 'ign_k': 0.22970993031159073, 'ign_c': 3.706603917411953, 'trop_agb_crit': 8.354945434478699, 'trop_k_veg': 6.133177812136482, 'fire_amp': 1.8663600389828578}.
[I 2026-06-11 13:21:08,743] Trial 84 finished with values: [10.769188757700569, 10.769188757700569] and parameters: {'k1': 0.09162638829638212, 'D_low': 44.71679901231308, 'k2': 0.0006579066240690734, 'D_high': 12754.159474033713, 'fire_exp': 2.1589564941849333, 'P_half': 5284.809078673603, 'pre_dampen_half': 0.016874538403502292, 'gpp_af': 0.13962723467364813, 'gpp_b': 0.32005631950316354, 'gpp_d': 59.253549386197555, 'ign_k': 0.002585207905676133, 'ign_c': 407.57883791361735, 'trop_agb_crit': 5.575951894884665, 'trop_k_veg': 0.8423458720358215, 'fire_amp': 1.774381485395348}.
[I 2026-06-11 13:21:09,743] Trial 85 finished with values: [10.76912024011085, 10.76912024011085] and parameters: {'k1': 0.00031134168041628584, 'D_low': 5745.508803834167, 'k2': 0.003767022142229395, 'D_high': 218.58605829601817, 'fire_exp': 1.0601964743503993, 'P_half': 1500.032805376629, 'pre_dampen_half': 38.00678588560607, 'gpp_af': 1.9706963379095486, 'gpp_b': 2.308636184489409, 'gpp_d': 0.12878367369717508, 'ign_k': 0.00840038491455979, 'ign_c': 48.704711413416454, 'trop_agb_crit': 1.0693376406863295, 'trop_k_veg': 0.6673124511410327, 'fire_amp': 1.06192368173466}.
[I 2026-06-11 13:21:10,768] Trial 86 finished with values: [10.72220508532375, 10.72220508532375] and parameters: {'k1': 5.7909642338812115e-05, 'D_low': 1216.4139351417061, 'k2': 1.97778285124627e-05, 'D_high': 271.55819552829405, 'fire_exp': 1.305777134899723, 'P_half': 2834.090429514774, 'pre_dampen_half': 1.8469033699850426, 'gpp_af': 0.04513257622008944, 'gpp_b': 2.4063018320720924e-05, 'gpp_d': 0.3588488911386258, 'ign_k': 0.01998634077852888, 'ign_c': 0.4177928311636542, 'trop_agb_crit': 8.74479618932312, 'trop_k_veg': 5.85168037586392, 'fire_amp': 2.330529660087218}.
[I 2026-06-11 13:21:11,772] Trial 87 finished with values: [10.767057550702443, 10.767057550702443] and parameters: {'k1': 0.0001971137615017176, 'D_low': 2396.0796124300746, 'k2': 0.01212408060335541, 'D_high': 93.24787201197321, 'fire_exp': 1.9136159174067866, 'P_half': 277.00025557434554, 'pre_dampen_half': 0.2774295811500811, 'gpp_af': 0.8057329182285734, 'gpp_b': 8.436771591930808e-05, 'gpp_d': 2.5450745565416026, 'ign_k': 1.636529060071807, 'ign_c': 0.1611736893633666, 'trop_agb_crit': 1.8285200278523417, 'trop_k_veg': 4.0068236274914755, 'fire_amp': 1.1202509284327942}.
[I 2026-06-11 13:21:12,732] Trial 88 finished with values: [10.7691300704629, 10.7691300704629] and parameters: {'k1': 4.739584301027366e-05, 'D_low': 13.012518385211498, 'k2': 5.105542986365652e-05, 'D_high': 22.636544662054543, 'fire_exp': 2.638909828216385, 'P_half': 3721.2328343722993, 'pre_dampen_half': 0.10756440816904224, 'gpp_af': 0.0662749342026412, 'gpp_b': 0.0003601974223479835, 'gpp_d': 28.312234265202243, 'ign_k': 0.0014363112408604436, 'ign_c': 1.181012687693568, 'trop_agb_crit': 8.354945434478699, 'trop_k_veg': 1.5557892125379422, 'fire_amp': 2.6889096147247162}.
[I 2026-06-11 13:21:13,724] Trial 89 finished with values: [10.662408064912412, 10.662408064912412] and parameters: {'k1': 1.1281785190969807e-05, 'D_low': 15.0613200804335, 'k2': 5.153993511603138e-05, 'D_high': 69868.4759244566, 'fire_exp': 1.3807440352456883, 'P_half': 45.55085098454082, 'pre_dampen_half': 2.736251365128462, 'gpp_af': 29.700320404259642, 'gpp_b': 0.010307896803108956, 'gpp_d': 1.336803341156552, 'ign_k': 0.001229921046579313, 'ign_c': 99.96359851911319, 'trop_agb_crit': 2.0420012944047587, 'trop_k_veg': 6.030247256556128, 'fire_amp': 1.5873607039193782}.
[I 2026-06-11 13:21:14,702] Trial 90 finished with values: [10.76897118031412, 10.76897118031412] and parameters: {'k1': 4.739584301027366e-05, 'D_low': 13.012518385211498, 'k2': 2.669273116722893e-05, 'D_high': 22.636544662054543, 'fire_exp': 1.3201882743050743, 'P_half': 69.68111190775313, 'pre_dampen_half': 0.10756440816904224, 'gpp_af': 0.0662749342026412, 'gpp_b': 5.040445281577146, 'gpp_d': 28.312234265202243, 'ign_k': 0.06647020392311619, 'ign_c': 0.1997795943403577, 'trop_agb_crit': 2.5687724869754125, 'trop_k_veg': 0.8423458720358215, 'fire_amp': 4.783836175730692}.
[I 2026-06-11 13:21:15,700] Trial 91 finished with values: [10.769202275058836, 10.769202275058836] and parameters: {'k1': 5.415244119402538e-05, 'D_low': 16.480446427978972, 'k2': 0.0012561043700013551, 'D_high': 534.2937261279774, 'fire_exp': 5.347967461158815, 'P_half': 280.163515871626, 'pre_dampen_half': 0.04982752357076448, 'gpp_af': 0.028888383623653185, 'gpp_b': 0.0015782327810795573, 'gpp_d': 1.9069966103000422, 'ign_k': 0.09593239010535948, 'ign_c': 0.6290644294586147, 'trop_agb_crit': 5.748924681991978, 'trop_k_veg': 2.584093506411774, 'fire_amp': 1.0867895322868466}.
