[I 2026-08-20 00:20:37,995] Trial 492 finished with value: 0.4964113282185796 and parameters: {'k1': 0.0004205593016162792, 'D_low': 5.241276317153937, 'k2': 1.2171026183821432e-05, 'D_high': 3660331.604922596, 'fire_exp': 3.011930751049152, 'P_half': 14.706731881104696, 'pre_dampen_half': 0.1772635101725141, 'gpp_af': 0.26558424405537523, 'gpp_b': 0.00030724962783107435, 'gpp_d': 870.8341854304542, 'ign_k': 5.512148359754117, 'ign_c': 1.0723662426895426, 'trop_agb_crit': 7.7796042560813525, 'trop_k_veg': 1.9858096087221568}. Best is trial 0 with value: -0.5989088506199346.
[I 2026-08-20 00:20:40,461] Trial 493 finished with value: 0.42907169636533626 and parameters: {'k1': 0.040599040379479125, 'D_low': 18.69325435004735, 'k2': 0.00010733516296271204, 'D_high': 5592415.10730858, 'fire_exp': 1.113883214711235, 'P_half': 18.415359467080133, 'pre_dampen_half': 11.321986877689156, 'gpp_af': 0.5637573153671661, 'gpp_b': 0.09636988224099256, 'gpp_d': 30.576006051662095, 'ign_k': 0.21108929643730184, 'ign_c': 6.599604644914986, 'trop_agb_crit': 10.477189017740423, 'trop_k_veg': 5.3099468996262145}. Best is trial 0 with value: -0.5989088506199346.
[I 2026-08-20 00:20:42,989] Trial 494 finished with value: 0.6026656085215676 and parameters: {'k1': 0.0003120120329603241, 'D_low': 5.094568831754055, 'k2': 0.002288665008447602, 'D_high': 4967.071659981155, 'fire_exp': 6.129881626628822, 'P_half': 20.417409262090207, 'pre_dampen_half': 1.332739467425644, 'gpp_af': 0.5764459128619194, 'gpp_b': 0.0013789490765380682, 'gpp_d': 192.37840602730643, 'ign_k': 0.1454264265672873, 'ign_c': 2.1042548639736904, 'trop_agb_crit': 1.376909885865038, 'trop_k_veg': 1.1721307624405923}. Best is trial 0 with value: -0.5989088506199346.
[I 2026-08-20 00:20:45,434] Trial 495 finished with value: 0.5027456919483695 and parameters: {'k1': 0.0002433779443328032, 'D_low': 22.047807223306975, 'k2': 2.7575332813043803e-05, 'D_high': 8413994.484939478, 'fire_exp': 2.3720163925843405, 'P_half': 26.9840162347225, 'pre_dampen_half': 1.118792039887258, 'gpp_af': 0.13951506080672846, 'gpp_b': 0.006578328653960084, 'gpp_d': 49.59825332094078, 'ign_k': 0.14806118571259855, 'ign_c': 4.118675048361713, 'trop_agb_crit': 9.608391237706615, 'trop_k_veg': 1.4038453562953723}. Best is trial 0 with value: -0.5989088506199346.
[I 2026-08-20 00:20:47,749] Trial 496 finished with value: 0.4719276769122013 and parameters: {'k1': 0.00013985185652091604, 'D_low': 14.776933817770624, 'k2': 0.0001450004928308143, 'D_high': 9715945.947329115, 'fire_exp': 6.062135464772919, 'P_half': 3.4251635517295584, 'pre_dampen_half': 164.35242882705472, 'gpp_af': 0.360426883023936, 'gpp_b': 0.021243541607494122, 'gpp_d': 8.901149311880259, 'ign_k': 0.8592130608368497, 'ign_c': 3.62293491432, 'trop_agb_crit': 1.6918028945487085, 'trop_k_veg': 3.145700267626775}. Best is trial 0 with value: -0.5989088506199346.
[I 2026-08-20 00:20:50,026] Trial 497 finished with value: -0.567162875017978 and parameters: {'k1': 0.000247235330813447, 'D_low': 1.4858910844835391, 'k2': 4.029571219324674e-05, 'D_high': 8361773.758275136, 'fire_exp': 3.6206669889322196, 'P_half': 6.5460765766070885, 'pre_dampen_half': 13.306325273778832, 'gpp_af': 1.5215008839814863, 'gpp_b': 0.0036217249451258446, 'gpp_d': 19.953178364231345, 'ign_k': 0.9727452054975264, 'ign_c': 1.8305268141368918, 'trop_agb_crit': 1.5313978750299275, 'trop_k_veg': 1.223311020498009}. Best is trial 0 with value: -0.5989088506199346.
[I 2026-08-20 00:20:52,492] Trial 498 finished with value: -0.5865229186698966 and parameters: {'k1': 0.0023228330528894184, 'D_low': 3.645295980950449, 'k2': 0.00034633001616179635, 'D_high': 1935602.8289486752, 'fire_exp': 3.2965710437510243, 'P_half': 1.6152922661370166, 'pre_dampen_half': 3.176338307000607, 'gpp_af': 4.874215231134653, 'gpp_b': 0.016732114190248257, 'gpp_d': 959.3206239267038, 'ign_k': 3.2620905229539914, 'ign_c': 9.319846961909855, 'trop_agb_crit': 4.645139173033777, 'trop_k_veg': 2.7287233816860272}. Best is trial 0 with value: -0.5989088506199346.
[I 2026-08-20 00:20:54,787] Trial 499 finished with value: 0.6445374145881376 and parameters: {'k1': 0.0020910440384537114, 'D_low': 204.09167627737628, 'k2': 0.00015073807175727946, 'D_high': 4758779.614779388, 'fire_exp': 3.455142832414604, 'P_half': 4.347258865600633, 'pre_dampen_half': 0.3606040535370321, 'gpp_af': 29.773130561198883, 'gpp_b': 0.05198922246932171, 'gpp_d': 43.846889465933394, 'ign_k': 3.1416751909637726, 'ign_c': 49.01020344893049, 'trop_agb_crit': 6.802819802491543, 'trop_k_veg': 3.115377217726458}. Best is trial 0 with value: -0.5989088506199346.
[I 2026-08-20 00:20:57,207] Trial 500 finished with value: -0.5860636752701568 and parameters: {'k1': 0.0004353294621010514, 'D_low': 1.3113891093339662, 'k2': 0.0001509181102029619, 'D_high': 2399952.033318852, 'fire_exp': 3.9600203399913236, 'P_half': 1.4956243901361097, 'pre_dampen_half': 6.498924681715037, 'gpp_af': 1.3324131958610745, 'gpp_b': 0.0003093799758950769, 'gpp_d': 444.2010188584967, 'ign_k': 7.938147202190661, 'ign_c': 16.894060403584067, 'trop_agb_crit': 4.024311319408068, 'trop_k_veg': 1.9758857902930922}. Best is trial 0 with value: -0.5989088506199346.
[I 2026-08-20 00:20:59,503] Trial 501 finished with value: 0.49269903645090907 and parameters: {'k1': 3.864472218001977e-05, 'D_low': 1.0329779025233288, 'k2': 0.000385406675851334, 'D_high': 262556.67818976333, 'fire_exp': 8.319178361966957, 'P_half': 1.3266069158997138, 'pre_dampen_half': 31.25859733114469, 'gpp_af': 7.999819863115907, 'gpp_b': 0.00023399804814498379, 'gpp_d': 415.68181563836515, 'ign_k': 5.749373569783895, 'ign_c': 6.048766821364685, 'trop_agb_crit': 5.215867834870958, 'trop_k_veg': 2.21968967699221}. Best is trial 0 with value: -0.5989088506199346.
[I 2026-08-20 00:21:02,061] Trial 502 finished with value: 0.4818114920682006 and parameters: {'k1': 0.0030036478322798335, 'D_low': 2.0918092458811337, 'k2': 0.0006595324756791259, 'D_high': 90555.71276650285, 'fire_exp': 3.3077566966792284, 'P_half': 1.2219250455543957, 'pre_dampen_half': 0.972776756473661, 'gpp_af': 1.4615919132922872, 'gpp_b': 0.006468423065539626, 'gpp_d': 486.0788652885278, 'ign_k': 0.27867187438587737, 'ign_c': 5.796010567287084, 'trop_agb_crit': 5.402732790410503, 'trop_k_veg': 3.110137387768878}. Best is trial 0 with value: -0.5989088506199346.
[I 2026-08-20 00:21:04,513] Trial 503 finished with value: 0.43762101194942227 and parameters: {'k1': 0.0007688557413944777, 'D_low': 1.905245221789168, 'k2': 6.987890259402054e-05, 'D_high': 2376054.182429395, 'fire_exp': 4.576052439949486, 'P_half': 6.944876674912296, 'pre_dampen_half': 6.593932013022365, 'gpp_af': 0.9689410713401004, 'gpp_b': 0.022390400542759214, 'gpp_d': 538.3237937071569, 'ign_k': 6.783656478143261, 'ign_c': 9.854473255666797, 'trop_agb_crit': 4.447719889259246, 'trop_k_veg': 2.1515249412712008}. Best is trial 0 with value: -0.5989088506199346.
[I 2026-08-20 00:21:06,951] Trial 504 finished with value: 0.40770597724462887 and parameters: {'k1': 9.831890118170466e-05, 'D_low': 2982.352800376896, 'k2': 6.511608351695402e-05, 'D_high': 2140278.822398293, 'fire_exp': 2.0503526371985275, 'P_half': 93.00239713549016, 'pre_dampen_half': 29.425294773909755, 'gpp_af': 0.06602066440999528, 'gpp_b': 0.0006136352625085554, 'gpp_d': 519.0978562983056, 'ign_k': 0.40276954707764356, 'ign_c': 2.2762368026042683, 'trop_agb_crit': 19.524916456519435, 'trop_k_veg': 5.372972537359784}. Best is trial 0 with value: -0.5989088506199346.
[I 2026-08-20 00:21:09,275] Trial 505 finished with value: 0.4343832395633336 and parameters: {'k1': 0.004517157750549705, 'D_low': 1.3469859294670266, 'k2': 0.00025269568024161265, 'D_high': 3285561.283483861, 'fire_exp': 2.6373756834956272, 'P_half': 1.881459412504325, 'pre_dampen_half': 9.93468299786576, 'gpp_af': 17.858458592061584, 'gpp_b': 0.023355393104927086, 'gpp_d': 90.97958152090703, 'ign_k': 0.5067468086873115, 'ign_c': 0.7181693168346321, 'trop_agb_crit': 3.632505252895046, 'trop_k_veg': 2.3979539255846682}. Best is trial 0 with value: -0.5989088506199346.
[I 2026-08-20 00:21:11,648] Trial 506 finished with value: 0.4973013686638822 and parameters: {'k1': 0.02659444220240052, 'D_low': 24.92501050002799, 'k2': 0.002483147503560433, 'D_high': 3142564.8596985308, 'fire_exp': 2.1682797205559474, 'P_half': 77.5428327511876, 'pre_dampen_half': 0.10875996831623856, 'gpp_af': 1.8934624729650724, 'gpp_b': 0.0004738004003069875, 'gpp_d': 567.7504577919166, 'ign_k': 0.2377018229661472, 'ign_c': 0.816436846305553, 'trop_agb_crit': 25.819230498592354, 'trop_k_veg': 7.02428755450765}. Best is trial 0 with value: -0.5989088506199346.
[I 2026-08-20 00:21:14,068] Trial 507 finished with value: 0.5440782393132833 and parameters: {'k1': 0.00042232753746639356, 'D_low': 1789.4596939517996, 'k2': 0.005000520968562601, 'D_high': 213373.46391073742, 'fire_exp': 6.067006099690538, 'P_half': 1.5279623934230424, 'pre_dampen_half': 1.6599559141778937, 'gpp_af': 0.7418312407410989, 'gpp_b': 0.000848013923380612, 'gpp_d': 160.54578132413766, 'ign_k': 0.08721819732971907, 'ign_c': 0.2120898555090155, 'trop_agb_crit': 18.376986823833846, 'trop_k_veg': 7.336499648634944}. Best is trial 0 with value: -0.5989088506199346.
[I 2026-08-20 00:21:16,628] Trial 508 finished with value: 0.48139297283381455 and parameters: {'k1': 0.049939430582300944, 'D_low': 1240.2903914199114, 'k2': 5.249595102903564e-05, 'D_high': 907530.1076075083, 'fire_exp': 1.371514565619602, 'P_half': 894.4749226171763, 'pre_dampen_half': 5.914233366631432, 'gpp_af': 0.910406253462306, 'gpp_b': 0.034325568298900544, 'gpp_d': 318.571212748841, 'ign_k': 0.2735417342784294, 'ign_c': 12.16220569069935, 'trop_agb_crit': 14.984752983213163, 'trop_k_veg': 3.7204843482919605}. Best is trial 0 with value: -0.5989088506199346.
[I 2026-08-20 00:21:19,084] Trial 509 finished with value: 0.6445374145881376 and parameters: {'k1': 0.0008776641054253184, 'D_low': 2.724736645548266, 'k2': 0.0005099839255097435, 'D_high': 3985521.5186739694, 'fire_exp': 3.555794314437673, 'P_half': 1.0147136733221804, 'pre_dampen_half': 3.6187719868532886, 'gpp_af': 0.5593362859132974, 'gpp_b': 0.0017237914699595209, 'gpp_d': 442.7059356445848, 'ign_k': 0.9161142420706653, 'ign_c': 211.9542794113847, 'trop_agb_crit': 8.44987520041819, 'trop_k_veg': 2.380363330666141}. Best is trial 0 with value: -0.5989088506199346.
[I 2026-08-20 00:21:21,596] Trial 510 finished with value: 0.5738420339744227 and parameters: {'k1': 0.008064660714412987, 'D_low': 8.502495096004916, 'k2': 0.0015924919456537338, 'D_high': 2107409.1159033626, 'fire_exp': 6.059189662077419, 'P_half': 243.81839344435647, 'pre_dampen_half': 0.8488441912247033, 'gpp_af': 0.02610953011166853, 'gpp_b': 0.0013535789024662881, 'gpp_d': 494.23952538631954, 'ign_k': 0.41049113833313994, 'ign_c': 0.673111938884764, 'trop_agb_crit': 10.23886254701992, 'trop_k_veg': 2.5999690140773812}. Best is trial 0 with value: -0.5989088506199346.
[I 2026-08-20 00:21:23,907] Trial 511 finished with value: 0.5827326662152152 and parameters: {'k1': 0.03317332899959067, 'D_low': 39.15171808335114, 'k2': 0.00011345254636582292, 'D_high': 771007.501531557, 'fire_exp': 2.2825353010777327, 'P_half': 22.755108651413337, 'pre_dampen_half': 22.422467111444448, 'gpp_af': 5.106299554788727, 'gpp_b': 0.4164400085737904, 'gpp_d': 371.75674958364334, 'ign_k': 0.030208966682273304, 'ign_c': 72.35039016352297, 'trop_agb_crit': 13.734737775578525, 'trop_k_veg': 3.6957769863948453}. Best is trial 0 with value: -0.5989088506199346.
[I 2026-08-20 00:21:26,388] Trial 512 finished with value: 0.6445374145881376 and parameters: {'k1': 0.00016169067344162953, 'D_low': 1.715220045508997, 'k2': 8.386407561482646e-05, 'D_high': 9553124.812431833, 'fire_exp': 3.4701673153014667, 'P_half': 7.022107868823294, 'pre_dampen_half': 2.358566810346397, 'gpp_af': 0.8702787003699878, 'gpp_b': 0.0004649109942408833, 'gpp_d': 6.664468916421525, 'ign_k': 0.9703823253205912, 'ign_c': 59.80722389431437, 'trop_agb_crit': 3.2512208491517884, 'trop_k_veg': 2.4545658759826336}. Best is trial 0 with value: -0.5989088506199346.
[I 2026-08-20 00:21:29,078] Trial 513 finished with value: 0.5967729661890651 and parameters: {'k1': 0.002125737730195572, 'D_low': 5490.491104643417, 'k2': 6.588425987460687e-05, 'D_high': 1707982.6273712963, 'fire_exp': 1.3097776346257808, 'P_half': 35.05989437902115, 'pre_dampen_half': 1.3374760962388976, 'gpp_af': 0.5052547241316134, 'gpp_b': 2.067444806912096e-05, 'gpp_d': 210.6899565278191, 'ign_k': 0.35187909177231025, 'ign_c': 38.072680091204845, 'trop_agb_crit': 3.0472348543848486, 'trop_k_veg': 2.216939503633046}. Best is trial 0 with value: -0.5989088506199346.
[I 2026-08-20 00:21:31,530] Trial 514 finished with value: -0.5713178201181265 and parameters: {'k1': 0.002532352524736327, 'D_low': 3.24207855428508, 'k2': 0.0007857365128857423, 'D_high': 5325478.49460988, 'fire_exp': 4.4588174074860545, 'P_half': 2.8039560507027055, 'pre_dampen_half': 4.549757993213539, 'gpp_af': 1.072125857632992, 'gpp_b': 3.520568179667203e-05, 'gpp_d': 539.4575412798445, 'ign_k': 6.394720953714712, 'ign_c': 20.57095680357216, 'trop_agb_crit': 4.726840693617198, 'trop_k_veg': 1.425503860780147}. Best is trial 0 with value: -0.5989088506199346.
[I 2026-08-20 00:21:34,232] Trial 515 finished with value: 0.6449642045086424 and parameters: {'k1': 0.00043336518155560395, 'D_low': 2.485302494983309, 'k2': 0.0011922483824231436, 'D_high': 2983143.5746487062, 'fire_exp': 7.349646860873602, 'P_half': 4.874952098312394, 'pre_dampen_half': 0.48033452134727683, 'gpp_af': 3.0827473307310136, 'gpp_b': 0.00013423932351003763, 'gpp_d': 123.24741809016584, 'ign_k': 1.0284775374303448, 'ign_c': 37.362915332980954, 'trop_agb_crit': 8.227450907634282, 'trop_k_veg': 1.222065314749714}. Best is trial 0 with value: -0.5989088506199346.
[I 2026-08-20 00:21:36,730] Trial 516 finished with value: 0.653418857728472 and parameters: {'k1': 0.0013668412373983808, 'D_low': 28.66466961409362, 'k2': 1.0079518972337806e-05, 'D_high': 8112693.348743959, 'fire_exp': 4.114293922426998, 'P_half': 17.30046300501044, 'pre_dampen_half': 24.605486939106605, 'gpp_af': 0.21909652857921236, 'gpp_b': 0.0021585298795034156, 'gpp_d': 1.7612447558735373, 'ign_k': 0.2257104593192741, 'ign_c': 43.85378288991855, 'trop_agb_crit': 1.5305375968512172, 'trop_k_veg': 1.0345037911900157}. Best is trial 0 with value: -0.5989088506199346.
[I 2026-08-20 00:21:39,370] Trial 517 finished with value: 0.48677805203858004 and parameters: {'k1': 0.0010177724021560488, 'D_low': 19.227481961787685, 'k2': 4.297650417641515e-05, 'D_high': 1014006.7913946315, 'fire_exp': 3.788826400108085, 'P_half': 1.8119797222559118, 'pre_dampen_half': 0.22644064786815934, 'gpp_af': 3.0247697976558072, 'gpp_b': 3.318051276950436e-05, 'gpp_d': 432.12577948173004, 'ign_k': 1.0963570220120178, 'ign_c': 19.347217780471475, 'trop_agb_crit': 2.6225987457199866, 'trop_k_veg': 1.898503983186414}. Best is trial 0 with value: -0.5989088506199346.
[I 2026-08-20 00:21:41,836] Trial 518 finished with value: 0.46622795319048993 and parameters: {'k1': 0.008068193223925104, 'D_low': 11.799616331495127, 'k2': 0.00044008173916339585, 'D_high': 2869183.783418896, 'fire_exp': 1.211004811517674, 'P_half': 1.475087192449392, 'pre_dampen_half': 16.973716657815558, 'gpp_af': 5.997696597075242, 'gpp_b': 0.10264585532708645, 'gpp_d': 577.6320289418372, 'ign_k': 8.594595962125704, 'ign_c': 5.502460429538159, 'trop_agb_crit': 2.618736186248689, 'trop_k_veg': 4.311178756609238}. Best is trial 0 with value: -0.5989088506199346.
[I 2026-08-20 00:21:44,384] Trial 519 finished with value: 0.459240416866613 and parameters: {'k1': 0.0022389279502032103, 'D_low': 11.924662898567279, 'k2': 0.0003952748634792584, 'D_high': 572895.4923156704, 'fire_exp': 4.630122783176133, 'P_half': 16.884373425826855, 'pre_dampen_half': 0.8503128162458633, 'gpp_af': 2.22099097880843, 'gpp_b': 4.2737682678410005e-05, 'gpp_d': 542.5389081663232, 'ign_k': 2.4133573018734067, 'ign_c': 8.769826009303271, 'trop_agb_crit': 6.4587773746316035, 'trop_k_veg': 1.2092795062426611}. Best is trial 0 with value: -0.5989088506199346.
[I 2026-08-20 00:21:46,979] Trial 520 finished with value: 0.5777779309586134 and parameters: {'k1': 0.006665816928414278, 'D_low': 1.4623533196813867, 'k2': 2.6655203924013863e-05, 'D_high': 686131.0092104159, 'fire_exp': 8.818550455929135, 'P_half': 14.838609522288221, 'pre_dampen_half': 9.26822575262056, 'gpp_af': 0.6389254762384987, 'gpp_b': 0.05340312596766296, 'gpp_d': 4.596791030198725, 'ign_k': 1.1328223790509893, 'ign_c': 1.0498166817879275, 'trop_agb_crit': 1.4617518138219594, 'trop_k_veg': 1.1837805650275008}. Best is trial 0 with value: -0.5989088506199346.
[I 2026-08-20 00:21:49,686] Trial 521 finished with value: 0.5383346342330781 and parameters: {'k1': 0.0002834074929404328, 'D_low': 42.569627094204634, 'k2': 2.049700625431913e-05, 'D_high': 300333.29173014796, 'fire_exp': 5.835415031826354, 'P_half': 61.198926530899236, 'pre_dampen_half': 6.919768395946026, 'gpp_af': 0.9215626678565503, 'gpp_b': 0.0006231350279833427, 'gpp_d': 9.53456701401065, 'ign_k': 2.0105044025065135, 'ign_c': 0.9665791488347315, 'trop_agb_crit': 1.257497763843022, 'trop_k_veg': 1.1024217411307706}. Best is trial 0 with value: -0.5989088506199346.
[I 2026-08-20 00:21:52,074] Trial 522 finished with value: 0.4261387039832353 and parameters: {'k1': 0.031183298144143022, 'D_low': 509.6976769391533, 'k2': 0.0005795234799661689, 'D_high': 6798286.058690878, 'fire_exp': 1.727637206808451, 'P_half': 6.319710986735414, 'pre_dampen_half': 8.060595877164783, 'gpp_af': 25.795214803271424, 'gpp_b': 0.004732448301216925, 'gpp_d': 921.5796985505164, 'ign_k': 0.09702177004324394, 'ign_c': 2.3958915681594832, 'trop_agb_crit': 22.69065844975191, 'trop_k_veg': 3.859959632267197}. Best is trial 0 with value: -0.5989088506199346.
[I 2026-08-20 00:21:54,677] Trial 523 finished with value: 0.6445313497507065 and parameters: {'k1': 0.0052865164171056874, 'D_low': 1.521888218091879, 'k2': 0.0011397064932793446, 'D_high': 6164022.61226323, 'fire_exp': 4.817763889034549, 'P_half': 1.5284009914582566, 'pre_dampen_half': 0.32899262504953947, 'gpp_af': 0.286531837208724, 'gpp_b': 0.00032787769740618973, 'gpp_d': 86.75152969621352, 'ign_k': 2.700628152460143, 'ign_c': 38.711937486832774, 'trop_agb_crit': 2.9510154968239153, 'trop_k_veg': 1.3696098598538806}. Best is trial 0 with value: -0.5989088506199346.
[I 2026-08-20 00:21:57,061] Trial 524 finished with value: 0.5691661534324759 and parameters: {'k1': 0.05871852637406517, 'D_low': 1.179533990566742, 'k2': 1.801476111680334e-05, 'D_high': 8390.814042085927, 'fire_exp': 1.1164364348479583, 'P_half': 66.06301364851555, 'pre_dampen_half': 2.3578493136910947, 'gpp_af': 0.08882441136672196, 'gpp_b': 0.01711232152576888, 'gpp_d': 35.1868475007289, 'ign_k': 0.011417344351562858, 'ign_c': 20.96848094601048, 'trop_agb_crit': 25.168393293400303, 'trop_k_veg': 6.511981956828394}. Best is trial 0 with value: -0.5989088506199346.
[I 2026-08-20 00:21:59,461] Trial 525 finished with value: 0.5801103423671231 and parameters: {'k1': 0.001190576197079497, 'D_low': 135.24485969248767, 'k2': 0.00031799961498575694, 'D_high': 1314411.937399843, 'fire_exp': 3.527128616927709, 'P_half': 4.700561668032844, 'pre_dampen_half': 5.368211269716288, 'gpp_af': 3.622743527148675, 'gpp_b': 0.021401036040420377, 'gpp_d': 19.975920409602555, 'ign_k': 0.009271482023259415, 'ign_c': 4.70450270593016, 'trop_agb_crit': 2.1544224757066637, 'trop_k_veg': 4.127192566693086}. Best is trial 0 with value: -0.5989088506199346.
[I 2026-08-20 00:22:02,245] Trial 526 finished with value: 0.48190228658974843 and parameters: {'k1': 0.006221741425400286, 'D_low': 2649.40923252643, 'k2': 0.0010287071402831634, 'D_high': 2002306.1200036497, 'fire_exp': 1.1880279801591171, 'P_half': 1042.1443051544616, 'pre_dampen_half': 3.2940990838265805, 'gpp_af': 0.020981201628895028, 'gpp_b': 0.0001672693661328899, 'gpp_d': 5.504246962239451, 'ign_k': 6.998403914684544, 'ign_c': 4.69364375878812, 'trop_agb_crit': 7.083628233955833, 'trop_k_veg': 3.0715177129569784}. Best is trial 0 with value: -0.5989088506199346.
[I 2026-08-20 00:22:04,905] Trial 527 finished with value: 0.5076813793324035 and parameters: {'k1': 0.00040293446943134143, 'D_low': 839.4072601531954, 'k2': 0.002930614560719945, 'D_high': 1390683.380810681, 'fire_exp': 1.9981580152697487, 'P_half': 1.7118096033026, 'pre_dampen_half': 6.399884592902695, 'gpp_af': 0.016921508920277696, 'gpp_b': 0.0012867192531441597, 'gpp_d': 116.12210983116825, 'ign_k': 0.038903142975156846, 'ign_c': 6.228716695723656, 'trop_agb_crit': 11.196839403594362, 'trop_k_veg': 3.84222459827145}. Best is trial 0 with value: -0.5989088506199346.
[I 2026-08-20 00:22:07,402] Trial 528 finished with value: 0.433396988393835 and parameters: {'k1': 0.005671238942675379, 'D_low': 2050.118954434479, 'k2': 0.0004979248137153751, 'D_high': 6951482.862886785, 'fire_exp': 2.471301824583116, 'P_half': 135.92038822363048, 'pre_dampen_half': 87.75811503980078, 'gpp_af': 0.11422517638151389, 'gpp_b': 1.0900693445618126e-05, 'gpp_d': 0.8931153397685015, 'ign_k': 2.9061960235121873, 'ign_c': 10.498914923903206, 'trop_agb_crit': 24.238214832363255, 'trop_k_veg': 2.735173646294104}. Best is trial 0 with value: -0.5989088506199346.
[I 2026-08-20 00:22:10,105] Trial 529 finished with value: 0.44566245205257893 and parameters: {'k1': 0.00029260892801305044, 'D_low': 374.9975697988534, 'k2': 0.040452116575666226, 'D_high': 564577.1891592772, 'fire_exp': 5.08204255037546, 'P_half': 25.53187247170891, 'pre_dampen_half': 4.2475749105507346, 'gpp_af': 0.37272951804314314, 'gpp_b': 0.0001359216506346842, 'gpp_d': 93.00783529813637, 'ign_k': 0.34856990499268437, 'ign_c': 0.510772908321575, 'trop_agb_crit': 25.914069215614138, 'trop_k_veg': 3.486051607204273}. Best is trial 0 with value: -0.5989088506199346.
