[I 2026-06-10 17:53:22,439] Trial 1258 finished with values: [10.414374801528052, 10.414374801528052] and parameters: {'k1': 0.028401063201780267, 'D_low': 43.2326421037033, 'k2': 0.0001016707987819611, 'D_high': 76838.76502998071, 'fire_exp': 4.17761647785404, 'P_half': 157.80309954142965, 'pre_dampen_half': 8.259599205585761, 'gpp_af': 0.10098504976210308, 'gpp_b': 1.1008110571039521e-05, 'gpp_d': 545.0253444559129, 'ign_k': 0.4303356629825978, 'ign_c': 22.126836566118193, 'trop_agb_crit': 1.5033346993841157, 'trop_k_veg': 2.724170387400844, 'fire_amp': 5.44779717154213}.
[I 2026-06-10 17:53:23,798] Trial 1259 finished with values: [13.694544830300014, 13.694544830300014] and parameters: {'k1': 0.0869690639641868, 'D_low': 1739.6167422846984, 'k2': 0.0001016707987819611, 'D_high': 44974.07193749848, 'fire_exp': 1.4690410989404576, 'P_half': 101.40635645866499, 'pre_dampen_half': 98.05638874011484, 'gpp_af': 27.448645214004376, 'gpp_b': 0.00043225896016820903, 'gpp_d': 95.2715755007094, 'ign_k': 1.6270983114897255, 'ign_c': 7.081721844034206, 'trop_agb_crit': 3.5874145253515306, 'trop_k_veg': 0.5535297685306277, 'fire_amp': 5.606809127618709}.
[I 2026-06-10 17:53:25,099] Trial 1260 finished with values: [10.010312191264115, 10.010312191264115] and parameters: {'k1': 0.0002567436945586017, 'D_low': 2.414672422128219, 'k2': 0.0001016707987819611, 'D_high': 35.136541394511, 'fire_exp': 1.4690410989404576, 'P_half': 157.80309954142965, 'pre_dampen_half': 161.15276650140873, 'gpp_af': 0.22721439221376585, 'gpp_b': 1.1008110571039521e-05, 'gpp_d': 545.0253444559129, 'ign_k': 3.965503094323014, 'ign_c': 22.126836566118193, 'trop_agb_crit': 1.1945139451702542, 'trop_k_veg': 2.724170387400844, 'fire_amp': 5.44779717154213}.
[I 2026-06-10 17:53:26,643] Trial 1261 finished with values: [10.884802151513163, 10.884802151513163] and parameters: {'k1': 0.0869690639641868, 'D_low': 2.414672422128219, 'k2': 0.02065142557895925, 'D_high': 42210.21267871043, 'fire_exp': 1.4690410989404576, 'P_half': 157.80309954142965, 'pre_dampen_half': 1.8469033699850426, 'gpp_af': 0.8057329182285734, 'gpp_b': 7.492549625422511, 'gpp_d': 12.151631524283598, 'ign_k': 0.4303356629825978, 'ign_c': 0.10435856341129002, 'trop_agb_crit': 8.188098178380693, 'trop_k_veg': 6.172643383211297, 'fire_amp': 1.1202509284327942}.
[I 2026-06-10 17:53:28,146] Trial 1262 finished with values: [10.281485935546323, 10.281485935546323] and parameters: {'k1': 0.028401063201780267, 'D_low': 1.873653322520581, 'k2': 0.0001016707987819611, 'D_high': 2427.054417940131, 'fire_exp': 1.5191397119156032, 'P_half': 157.80309954142965, 'pre_dampen_half': 5.593036834117395, 'gpp_af': 1.4815308234941402, 'gpp_b': 1.1008110571039521e-05, 'gpp_d': 12.338826503601998, 'ign_k': 0.0031993294686073377, 'ign_c': 22.126836566118193, 'trop_agb_crit': 1.5033346993841157, 'trop_k_veg': 6.172643383211297, 'fire_amp': 5.44779717154213}.
[I 2026-06-10 17:53:29,702] Trial 1263 finished with values: [10.857537533432778, 10.857537533432778] and parameters: {'k1': 0.016973078532467004, 'D_low': 1.873653322520581, 'k2': 0.0001016707987819611, 'D_high': 57905.121933088216, 'fire_exp': 1.816756651336301, 'P_half': 1.4551749476072258, 'pre_dampen_half': 98.05638874011484, 'gpp_af': 0.09885838682552685, 'gpp_b': 2.1309331861011757e-05, 'gpp_d': 545.0253444559129, 'ign_k': 7.299424898595565, 'ign_c': 35.133466168692735, 'trop_agb_crit': 1.5033346993841157, 'trop_k_veg': 3.259634596984967, 'fire_amp': 4.19233232783727}.
[I 2026-06-10 17:53:31,079] Trial 1264 finished with values: [10.184234845832457, 10.184234845832457] and parameters: {'k1': 0.006079905434073396, 'D_low': 43.2326421037033, 'k2': 0.0001016707987819611, 'D_high': 2427.054417940131, 'fire_exp': 1.5191397119156032, 'P_half': 8.318314747941244, 'pre_dampen_half': 8.259599205585761, 'gpp_af': 0.10098504976210308, 'gpp_b': 1.1008110571039521e-05, 'gpp_d': 545.0253444559129, 'ign_k': 0.01997174727159275, 'ign_c': 7.081721844034206, 'trop_agb_crit': 8.188098178380693, 'trop_k_veg': 2.724170387400844, 'fire_amp': 3.4203170575075874}.
[I 2026-06-10 17:53:32,483] Trial 1265 finished with values: [11.039561509976696, 11.039561509976696] and parameters: {'k1': 1.8991732852766687e-05, 'D_low': 12.105387404469584, 'k2': 0.045914852167405346, 'D_high': 18108.14362107968, 'fire_exp': 1.069663761954776, 'P_half': 157.80309954142965, 'pre_dampen_half': 1.8469033699850426, 'gpp_af': 27.448645214004376, 'gpp_b': 2.800940363375676e-05, 'gpp_d': 545.0253444559129, 'ign_k': 3.965503094323014, 'ign_c': 0.5006402338982989, 'trop_agb_crit': 8.188098178380693, 'trop_k_veg': 0.5535297685306277, 'fire_amp': 5.606809127618709}.
[I 2026-06-10 17:53:34,018] Trial 1266 finished with values: [10.623312219196952, 10.623312219196952] and parameters: {'k1': 0.0869690639641868, 'D_low': 43.2326421037033, 'k2': 3.152468275632564e-05, 'D_high': 42210.21267871043, 'fire_exp': 1.9365919987098117, 'P_half': 101.40635645866499, 'pre_dampen_half': 9.044346216330972, 'gpp_af': 0.10098504976210308, 'gpp_b': 2.800940363375676e-05, 'gpp_d': 0.7698760608299932, 'ign_k': 0.4303356629825978, 'ign_c': 22.126836566118193, 'trop_agb_crit': 3.5874145253515306, 'trop_k_veg': 4.796046723963646, 'fire_amp': 1.3503088148200095}.
[I 2026-06-10 17:53:35,491] Trial 1267 finished with values: [10.75344511350979, 10.75344511350979] and parameters: {'k1': 0.008535052150482593, 'D_low': 2648.1893558424554, 'k2': 0.0001016707987819611, 'D_high': 262.11304189124235, 'fire_exp': 1.4690410989404576, 'P_half': 101.40635645866499, 'pre_dampen_half': 155.08737608723771, 'gpp_af': 0.09885838682552685, 'gpp_b': 0.00012118589392553798, 'gpp_d': 12.338826503601998, 'ign_k': 0.4303356629825978, 'ign_c': 1.4091459170104739, 'trop_agb_crit': 2.1989086830950257, 'trop_k_veg': 2.2484780838355256, 'fire_amp': 1.1202509284327942}.
[I 2026-06-10 17:53:36,887] Trial 1268 finished with values: [10.949093541639128, 10.949093541639128] and parameters: {'k1': 0.028401063201780267, 'D_low': 43.2326421037033, 'k2': 3.152468275632564e-05, 'D_high': 44974.07193749848, 'fire_exp': 1.5191397119156032, 'P_half': 3.591771421517613, 'pre_dampen_half': 269.0845367054866, 'gpp_af': 0.8057329182285734, 'gpp_b': 2.1309331861011757e-05, 'gpp_d': 12.338826503601998, 'ign_k': 1.6270983114897255, 'ign_c': 22.126836566118193, 'trop_agb_crit': 3.1419938725278875, 'trop_k_veg': 0.6618107836658104, 'fire_amp': 1.5023809091846738}.
[I 2026-06-10 17:53:38,290] Trial 1269 finished with values: [-0.7294404863571973, 0.10062669562205406] and parameters: {'k1': 0.028401063201780267, 'D_low': 43.2326421037033, 'k2': 0.0001016707987819611, 'D_high': 2427.054417940131, 'fire_exp': 1.5191397119156032, 'P_half': 157.80309954142965, 'pre_dampen_half': 8.259599205585761, 'gpp_af': 0.10098504976210308, 'gpp_b': 1.1008110571039521e-05, 'gpp_d': 12.338826503601998, 'ign_k': 3.965503094323014, 'ign_c': 22.126836566118193, 'trop_agb_crit': 1.5033346993841157, 'trop_k_veg': 2.724170387400844, 'fire_amp': 5.44779717154213}.
[I 2026-06-10 17:53:40,307] Trial 1270 finished with values: [13.187704522646019, 13.187704522646019] and parameters: {'k1': 0.028401063201780267, 'D_low': 43.2326421037033, 'k2': 0.0001016707987819611, 'D_high': 22292.793902120662, 'fire_exp': 1.816756651336301, 'P_half': 3.591771421517613, 'pre_dampen_half': 8.259599205585761, 'gpp_af': 0.10098504976210308, 'gpp_b': 2.1309331861011757e-05, 'gpp_d': 1.406967493694286, 'ign_k': 5.276924233362289, 'ign_c': 1.3094965356693928, 'trop_agb_crit': 6.128416443551616, 'trop_k_veg': 0.828441460847982, 'fire_amp': 5.44779717154213}.
[I 2026-06-10 17:53:43,432] Trial 1271 finished with values: [-0.5429260574841325, 0.2720627541244143] and parameters: {'k1': 0.006079905434073396, 'D_low': 43.2326421037033, 'k2': 0.0001016707987819611, 'D_high': 76838.76502998071, 'fire_exp': 1.9365919987098117, 'P_half': 157.80309954142965, 'pre_dampen_half': 16.383608073822604, 'gpp_af': 2.9563297076194135, 'gpp_b': 1.1008110571039521e-05, 'gpp_d': 3.6582532384424273, 'ign_k': 6.705921794825829, 'ign_c': 7.081721844034206, 'trop_agb_crit': 1.5033346993841157, 'trop_k_veg': 4.796046723963646, 'fire_amp': 1.5587346124822492}.
[I 2026-06-10 17:53:45,521] Trial 1272 finished with values: [10.20630163968742, 10.20630163968742] and parameters: {'k1': 0.016973078532467004, 'D_low': 2.414672422128219, 'k2': 0.0001016707987819611, 'D_high': 35.136541394511, 'fire_exp': 1.4690410989404576, 'P_half': 1.4551749476072258, 'pre_dampen_half': 2.7246429232774694, 'gpp_af': 0.10098504976210308, 'gpp_b': 1.1008110571039521e-05, 'gpp_d': 545.0253444559129, 'ign_k': 3.965503094323014, 'ign_c': 7.081721844034206, 'trop_agb_crit': 1.5033346993841157, 'trop_k_veg': 2.724170387400844, 'fire_amp': 5.44779717154213}.
[I 2026-06-10 17:53:47,441] Trial 1273 finished with values: [11.266741210474429, 11.266741210474429] and parameters: {'k1': 0.0869690639641868, 'D_low': 2.414672422128219, 'k2': 0.0001016707987819611, 'D_high': 44974.07193749848, 'fire_exp': 1.4690410989404576, 'P_half': 157.80309954142965, 'pre_dampen_half': 2.7246429232774694, 'gpp_af': 0.03361656879985058, 'gpp_b': 1.1008110571039521e-05, 'gpp_d': 462.98471849924937, 'ign_k': 3.965503094323014, 'ign_c': 7.081721844034206, 'trop_agb_crit': 1.1945139451702542, 'trop_k_veg': 0.6618107836658104, 'fire_amp': 5.44779717154213}.
[I 2026-06-10 17:53:49,502] Trial 1274 finished with values: [-0.6576585083512695, 0.18733639957430825] and parameters: {'k1': 0.016973078532467004, 'D_low': 24.28756508761176, 'k2': 7.088878053884099e-05, 'D_high': 42210.21267871043, 'fire_exp': 1.079417250956597, 'P_half': 118.94665366442581, 'pre_dampen_half': 8.259599205585761, 'gpp_af': 0.09885838682552685, 'gpp_b': 1.1008110571039521e-05, 'gpp_d': 545.0253444559129, 'ign_k': 3.965503094323014, 'ign_c': 22.126836566118193, 'trop_agb_crit': 3.5874145253515306, 'trop_k_veg': 0.828441460847982, 'fire_amp': 1.3503088148200095}.
[I 2026-06-10 17:53:51,526] Trial 1275 finished with values: [-0.7094190335801113, 0.22887093583590268] and parameters: {'k1': 0.07119679541167405, 'D_low': 16.43560158374934, 'k2': 0.0001016707987819611, 'D_high': 35.136541394511, 'fire_exp': 1.4690410989404576, 'P_half': 1.4551749476072258, 'pre_dampen_half': 5.593036834117395, 'gpp_af': 1.8442252025918473, 'gpp_b': 1.1008110571039521e-05, 'gpp_d': 545.0253444559129, 'ign_k': 3.965503094323014, 'ign_c': 22.126836566118193, 'trop_agb_crit': 1.5033346993841157, 'trop_k_veg': 2.724170387400844, 'fire_amp': 5.44779717154213}.
[I 2026-06-10 17:53:53,444] Trial 1276 finished with values: [10.363778129642414, 10.363778129642414] and parameters: {'k1': 0.0326979063339169, 'D_low': 43.2326421037033, 'k2': 2.091507303847255e-05, 'D_high': 18108.14362107968, 'fire_exp': 1.4690410989404576, 'P_half': 3.591771421517613, 'pre_dampen_half': 269.0845367054866, 'gpp_af': 0.8057329182285734, 'gpp_b': 0.6089142387470042, 'gpp_d': 12.151631524283598, 'ign_k': 0.4303356629825978, 'ign_c': 7.081721844034206, 'trop_agb_crit': 3.1419938725278875, 'trop_k_veg': 4.796046723963646, 'fire_amp': 1.1202509284327942}.
[I 2026-06-10 17:53:55,469] Trial 1277 finished with values: [-0.4802824024517057, 0.506890403283281] and parameters: {'k1': 0.006079905434073396, 'D_low': 5665.252534977916, 'k2': 0.045914852167405346, 'D_high': 42210.21267871043, 'fire_exp': 1.5191397119156032, 'P_half': 8.318314747941244, 'pre_dampen_half': 8.259599205585761, 'gpp_af': 0.10098504976210308, 'gpp_b': 1.1008110571039521e-05, 'gpp_d': 545.0253444559129, 'ign_k': 3.965503094323014, 'ign_c': 22.126836566118193, 'trop_agb_crit': 1.5033346993841157, 'trop_k_veg': 2.724170387400844, 'fire_amp': 5.44779717154213}.
[I 2026-06-10 17:53:57,416] Trial 1278 finished with values: [10.191284365011871, 10.191284365011871] and parameters: {'k1': 0.016973078532467004, 'D_low': 43.2326421037033, 'k2': 0.0001016707987819611, 'D_high': 2427.054417940131, 'fire_exp': 1.5191397119156032, 'P_half': 8.318314747941244, 'pre_dampen_half': 8.259599205585761, 'gpp_af': 0.10098504976210308, 'gpp_b': 1.1008110571039521e-05, 'gpp_d': 545.0253444559129, 'ign_k': 3.0536406552994113, 'ign_c': 22.126836566118193, 'trop_agb_crit': 13.538500455622044, 'trop_k_veg': 2.724170387400844, 'fire_amp': 5.44779717154213}.
[I 2026-06-10 17:53:59,178] Trial 1279 finished with values: [10.892857142659844, 10.892857142659844] and parameters: {'k1': 0.028401063201780267, 'D_low': 1739.6167422846984, 'k2': 0.045914852167405346, 'D_high': 839.2504050877119, 'fire_exp': 1.5191397119156032, 'P_half': 3.591771421517613, 'pre_dampen_half': 103.54508504947606, 'gpp_af': 0.8057329182285734, 'gpp_b': 0.0006809980431188124, 'gpp_d': 12.338826503601998, 'ign_k': 1.4249163607123374, 'ign_c': 7.081721844034206, 'trop_agb_crit': 8.188098178380693, 'trop_k_veg': 0.5535297685306277, 'fire_amp': 1.5587346124822492}.
[I 2026-06-10 17:54:01,138] Trial 1280 finished with values: [10.844456423625012, 10.844456423625012] and parameters: {'k1': 0.0326979063339169, 'D_low': 43.2326421037033, 'k2': 0.045914852167405346, 'D_high': 18108.14362107968, 'fire_exp': 1.5191397119156032, 'P_half': 8.318314747941244, 'pre_dampen_half': 8.259599205585761, 'gpp_af': 0.10098504976210308, 'gpp_b': 0.6089142387470042, 'gpp_d': 545.0253444559129, 'ign_k': 0.004105873950290761, 'ign_c': 22.126836566118193, 'trop_agb_crit': 3.1419938725278875, 'trop_k_veg': 0.5535297685306277, 'fire_amp': 5.44779717154213}.
[I 2026-06-10 17:54:02,526] Trial 1281 finished with values: [10.355994873596913, 10.355994873596913] and parameters: {'k1': 0.03096855930632394, 'D_low': 2.414672422128219, 'k2': 0.0001016707987819611, 'D_high': 35.136541394511, 'fire_exp': 1.4690410989404576, 'P_half': 157.80309954142965, 'pre_dampen_half': 8.259599205585761, 'gpp_af': 0.10098504976210308, 'gpp_b': 1.1008110571039521e-05, 'gpp_d': 462.98471849924937, 'ign_k': 3.965503094323014, 'ign_c': 7.081721844034206, 'trop_agb_crit': 1.1945139451702542, 'trop_k_veg': 6.172643383211297, 'fire_amp': 5.44779717154213}.
[I 2026-06-10 17:54:03,941] Trial 1282 finished with values: [10.094766771237264, 10.094766771237264] and parameters: {'k1': 0.0869690639641868, 'D_low': 43.2326421037033, 'k2': 0.004570246386060225, 'D_high': 2427.054417940131, 'fire_exp': 1.5191397119156032, 'P_half': 118.94665366442581, 'pre_dampen_half': 9.044346216330972, 'gpp_af': 0.8057329182285734, 'gpp_b': 2.800940363375676e-05, 'gpp_d': 12.151631524283598, 'ign_k': 5.276924233362289, 'ign_c': 1.0993789830771856, 'trop_agb_crit': 3.1419938725278875, 'trop_k_veg': 2.724170387400844, 'fire_amp': 1.1202509284327942}.
[I 2026-06-10 17:54:05,481] Trial 1283 finished with values: [21.168276175117093, 21.168276175117093] and parameters: {'k1': 0.016973078532467004, 'D_low': 43.2326421037033, 'k2': 0.045914852167405346, 'D_high': 2427.054417940131, 'fire_exp': 1.4690410989404576, 'P_half': 3.591771421517613, 'pre_dampen_half': 269.0845367054866, 'gpp_af': 0.8057329182285734, 'gpp_b': 1.1008110571039521e-05, 'gpp_d': 12.338826503601998, 'ign_k': 0.4303356629825978, 'ign_c': 7.081721844034206, 'trop_agb_crit': 1.5033346993841157, 'trop_k_veg': 0.5535297685306277, 'fire_amp': 5.44779717154213}.
[I 2026-06-10 17:54:06,964] Trial 1284 finished with values: [10.892857142659844, 10.892857142659844] and parameters: {'k1': 0.016973078532467004, 'D_low': 24.28756508761176, 'k2': 7.088878053884099e-05, 'D_high': 2427.054417940131, 'fire_exp': 1.0601964743503993, 'P_half': 118.94665366442581, 'pre_dampen_half': 8.259599205585761, 'gpp_af': 0.09885838682552685, 'gpp_b': 1.1008110571039521e-05, 'gpp_d': 545.0253444559129, 'ign_k': 3.965503094323014, 'ign_c': 425.38299319078914, 'trop_agb_crit': 1.0693376406863295, 'trop_k_veg': 2.9806294141302545, 'fire_amp': 1.3503088148200095}.
[I 2026-06-10 17:54:08,289] Trial 1285 finished with values: [10.206800212628515, 10.206800212628515] and parameters: {'k1': 0.03096855930632394, 'D_low': 2.414672422128219, 'k2': 0.0001016707987819611, 'D_high': 35.136541394511, 'fire_exp': 1.4690410989404576, 'P_half': 157.80309954142965, 'pre_dampen_half': 2.7246429232774694, 'gpp_af': 27.448645214004376, 'gpp_b': 0.10577763955377242, 'gpp_d': 462.98471849924937, 'ign_k': 3.965503094323014, 'ign_c': 7.081721844034206, 'trop_agb_crit': 1.1945139451702542, 'trop_k_veg': 6.172643383211297, 'fire_amp': 5.44779717154213}.
[I 2026-06-10 17:54:09,643] Trial 1286 finished with values: [10.332797368207972, 10.332797368207972] and parameters: {'k1': 0.016973078532467004, 'D_low': 1739.6167422846984, 'k2': 0.045914852167405346, 'D_high': 44974.07193749848, 'fire_exp': 1.816756651336301, 'P_half': 101.40635645866499, 'pre_dampen_half': 98.05638874011484, 'gpp_af': 0.09885838682552685, 'gpp_b': 2.1309331861011757e-05, 'gpp_d': 1.406967493694286, 'ign_k': 0.09256855841989636, 'ign_c': 22.126836566118193, 'trop_agb_crit': 3.5874145253515306, 'trop_k_veg': 0.828441460847982, 'fire_amp': 2.6192385880432525}.
[I 2026-06-10 17:54:10,933] Trial 1287 finished with values: [10.280972281610236, 10.280972281610236] and parameters: {'k1': 0.001744867782821205, 'D_low': 1.873653322520581, 'k2': 0.0001016707987819611, 'D_high': 35.136541394511, 'fire_exp': 1.4690410989404576, 'P_half': 157.80309954142965, 'pre_dampen_half': 2.7246429232774694, 'gpp_af': 0.10098504976210308, 'gpp_b': 2.1309331861011757e-05, 'gpp_d': 462.98471849924937, 'ign_k': 7.299424898595565, 'ign_c': 7.081721844034206, 'trop_agb_crit': 1.1945139451702542, 'trop_k_veg': 2.724170387400844, 'fire_amp': 5.44779717154213}.
[I 2026-06-10 17:54:12,436] Trial 1288 finished with values: [10.886765709230742, 10.886765709230742] and parameters: {'k1': 0.07119679541167405, 'D_low': 43.2326421037033, 'k2': 0.0001016707987819611, 'D_high': 18108.14362107968, 'fire_exp': 1.4690410989404576, 'P_half': 3.591771421517613, 'pre_dampen_half': 5.593036834117395, 'gpp_af': 0.10098504976210308, 'gpp_b': 0.6089142387470042, 'gpp_d': 12.338826503601998, 'ign_k': 0.4303356629825978, 'ign_c': 22.126836566118193, 'trop_agb_crit': 1.5033346993841157, 'trop_k_veg': 0.5535297685306277, 'fire_amp': 1.1202509284327942}.
[I 2026-06-10 17:54:14,099] Trial 1289 finished with values: [11.786919668760685, 11.786919668760685] and parameters: {'k1': 0.006079905434073396, 'D_low': 43.2326421037033, 'k2': 0.0001016707987819611, 'D_high': 76838.76502998071, 'fire_exp': 1.4690410989404576, 'P_half': 157.80309954142965, 'pre_dampen_half': 903.3231300044874, 'gpp_af': 0.003588784215299427, 'gpp_b': 0.00043225896016820903, 'gpp_d': 12.151631524283598, 'ign_k': 0.4303356629825978, 'ign_c': 1.4091459170104739, 'trop_agb_crit': 1.5033346993841157, 'trop_k_veg': 4.796046723963646, 'fire_amp': 1.5587346124822492}.
[I 2026-06-10 17:54:15,473] Trial 1290 finished with values: [10.40751783186429, 10.40751783186429] and parameters: {'k1': 0.028401063201780267, 'D_low': 43.2326421037033, 'k2': 0.045914852167405346, 'D_high': 2427.054417940131, 'fire_exp': 1.5191397119156032, 'P_half': 157.80309954142965, 'pre_dampen_half': 8.259599205585761, 'gpp_af': 0.10098504976210308, 'gpp_b': 0.00012118589392553798, 'gpp_d': 12.338826503601998, 'ign_k': 5.276924233362289, 'ign_c': 22.126836566118193, 'trop_agb_crit': 8.188098178380693, 'trop_k_veg': 0.5535297685306277, 'fire_amp': 5.44779717154213}.
[I 2026-06-10 17:54:16,762] Trial 1291 finished with values: [10.242673824611058, 10.242673824611058] and parameters: {'k1': 0.006079905434073396, 'D_low': 2.414672422128219, 'k2': 1.2432381951316053e-05, 'D_high': 35.136541394511, 'fire_exp': 1.4690410989404576, 'P_half': 1.4551749476072258, 'pre_dampen_half': 5.593036834117395, 'gpp_af': 27.448645214004376, 'gpp_b': 0.00012118589392553798, 'gpp_d': 545.0253444559129, 'ign_k': 3.965503094323014, 'ign_c': 22.126836566118193, 'trop_agb_crit': 8.188098178380693, 'trop_k_veg': 3.8441175599257993, 'fire_amp': 5.44779717154213}.
[I 2026-06-10 17:54:18,105] Trial 1292 finished with values: [10.098409305231922, 10.098409305231922] and parameters: {'k1': 0.006079905434073396, 'D_low': 43.2326421037033, 'k2': 0.0001016707987819611, 'D_high': 198.3056154955596, 'fire_exp': 1.4690410989404576, 'P_half': 157.80309954142965, 'pre_dampen_half': 903.3231300044874, 'gpp_af': 27.448645214004376, 'gpp_b': 0.004812084698458953, 'gpp_d': 12.338826503601998, 'ign_k': 0.06941176452685337, 'ign_c': 18.25244373197921, 'trop_agb_crit': 2.1989086830950257, 'trop_k_veg': 6.172643383211297, 'fire_amp': 5.44779717154213}.
[I 2026-06-10 17:54:19,528] Trial 1293 finished with values: [10.877608490835692, 10.877608490835692] and parameters: {'k1': 0.006079905434073396, 'D_low': 43.2326421037033, 'k2': 0.0001016707987819611, 'D_high': 76838.76502998071, 'fire_exp': 1.5191397119156032, 'P_half': 63.30002996758082, 'pre_dampen_half': 103.54508504947606, 'gpp_af': 0.10098504976210308, 'gpp_b': 1.5395069616955532, 'gpp_d': 12.338826503601998, 'ign_k': 0.9892483802693092, 'ign_c': 22.126836566118193, 'trop_agb_crit': 8.188098178380693, 'trop_k_veg': 1.5030844497004798, 'fire_amp': 1.5587346124822492}.
[I 2026-06-10 17:54:21,091] Trial 1294 finished with values: [10.099848607853392, 10.099848607853392] and parameters: {'k1': 0.006079905434073396, 'D_low': 43.2326421037033, 'k2': 0.045914852167405346, 'D_high': 839.2504050877119, 'fire_exp': 1.5191397119156032, 'P_half': 63.30002996758082, 'pre_dampen_half': 8.259599205585761, 'gpp_af': 0.5410546089881338, 'gpp_b': 1.1008110571039521e-05, 'gpp_d': 12.338826503601998, 'ign_k': 5.276924233362289, 'ign_c': 22.126836566118193, 'trop_agb_crit': 3.646680680159974, 'trop_k_veg': 0.5535297685306277, 'fire_amp': 3.8987618470047547}.
