[I 2026-08-06 11:33:39,575] Trial 549 finished with values: [10.75427032554734, 10.75427032554734] and parameters: {'k1': 0.01889771394135163, 'D_low': 40.12413353131991, 'k2': 0.03538758864779238, 'D_high': 1236.6924205139144, 'fire_exp': 3.066683393418824, 'P_half': 3116.6852978784937, 'pre_dampen_half': 3.3841016089580034, 'gpp_af': 0.7539992074650279, 'gpp_b': 1.284284091405877e-05, 'gpp_d': 229.41380323183625, 'ign_k': 4.006890332238651, 'ign_c': 1.2389052918551067, 'trop_agb_crit': 6.119263728555865, 'trop_k_veg': 1.6098025073369409}.
[I 2026-08-06 11:33:41,396] Trial 550 finished with values: [10.395378979847226, 10.395378979847226] and parameters: {'k1': 0.007828534228218626, 'D_low': 38.82837025280678, 'k2': 7.639737756882014e-05, 'D_high': 3712.591045287726, 'fire_exp': 1.4665043946307825, 'P_half': 4.213183643253957, 'pre_dampen_half': 502.5175192217655, 'gpp_af': 0.6403036652671171, 'gpp_b': 0.42247700890263645, 'gpp_d': 2.944272359149677, 'ign_k': 0.0680787482656459, 'ign_c': 5.13055176058983, 'trop_agb_crit': 10.965064494899984, 'trop_k_veg': 0.6673124511410327}.
[I 2026-08-06 11:33:43,206] Trial 551 finished with values: [10.072768521383907, 10.072768521383907] and parameters: {'k1': 0.011966626407443505, 'D_low': 40.12413353131991, 'k2': 0.03538758864779238, 'D_high': 3712.591045287726, 'fire_exp': 1.3170256885255098, 'P_half': 1.605843632310088, 'pre_dampen_half': 5.048653998722947, 'gpp_af': 0.6403036652671171, 'gpp_b': 0.0005739662837359252, 'gpp_d': 2.944272359149677, 'ign_k': 0.11619873314872933, 'ign_c': 8.40543912931368, 'trop_agb_crit': 6.119263728555865, 'trop_k_veg': 0.6743482387129308}.
[I 2026-08-06 11:33:45,000] Trial 552 finished with values: [10.249259611706789, 10.249259611706789] and parameters: {'k1': 0.06598741607403362, 'D_low': 1.54121727098019, 'k2': 0.0001280298359290444, 'D_high': 1123.9682517242118, 'fire_exp': 2.667972213959779, 'P_half': 175.2878790340412, 'pre_dampen_half': 502.5175192217655, 'gpp_af': 0.7951170003631387, 'gpp_b': 1.284284091405877e-05, 'gpp_d': 16.460426816350523, 'ign_k': 0.11619873314872933, 'ign_c': 0.70689749506246, 'trop_agb_crit': 24.584290528289387, 'trop_k_veg': 2.4336356947036335}.
[I 2026-08-06 11:33:46,888] Trial 553 finished with values: [10.3168793873802, 10.3168793873802] and parameters: {'k1': 0.01889771394135163, 'D_low': 5.59983195169599, 'k2': 1.1065812688893481e-05, 'D_high': 3712.591045287726, 'fire_exp': 1.2918065501148304, 'P_half': 234.09994646132157, 'pre_dampen_half': 552.4163637315892, 'gpp_af': 36.460005353173564, 'gpp_b': 0.0005739662837359252, 'gpp_d': 2.944272359149677, 'ign_k': 0.12329098365270515, 'ign_c': 5.13055176058983, 'trop_agb_crit': 24.584290528289387, 'trop_k_veg': 0.6743482387129308}.
[I 2026-08-06 11:33:48,729] Trial 554 finished with values: [-0.5105146151425988, 0.03312279323593614] and parameters: {'k1': 0.01889771394135163, 'D_low': 6.96063331852638, 'k2': 0.003419108473554454, 'D_high': 1236.6924205139144, 'fire_exp': 1.0629462657398439, 'P_half': 310.3604223881657, 'pre_dampen_half': 3.3841016089580034, 'gpp_af': 1.6059727222314273, 'gpp_b': 0.0021331409710300844, 'gpp_d': 229.41380323183625, 'ign_k': 5.351470428717437, 'ign_c': 0.70689749506246, 'trop_agb_crit': 6.119263728555865, 'trop_k_veg': 0.6673124511410327}.
[I 2026-08-06 11:33:50,578] Trial 555 finished with values: [-0.4986752732111543, 0.06234702095578448] and parameters: {'k1': 0.00031134168041628584, 'D_low': 335.92388193960346, 'k2': 1.1065812688893481e-05, 'D_high': 3712.591045287726, 'fire_exp': 1.0362310858538248, 'P_half': 4.213183643253957, 'pre_dampen_half': 63.6685916079943, 'gpp_af': 1.6059727222314273, 'gpp_b': 0.14577755664212386, 'gpp_d': 229.41380323183625, 'ign_k': 0.0680787482656459, 'ign_c': 0.70689749506246, 'trop_agb_crit': 7.500118950416987, 'trop_k_veg': 6.45312300188076}.
[I 2026-08-06 11:33:52,659] Trial 556 finished with values: [-0.5087627857778156, 0.028879155537739565] and parameters: {'k1': 0.06598741607403362, 'D_low': 7.299348683062307, 'k2': 1.915468390724633e-05, 'D_high': 8559.572793311818, 'fire_exp': 1.1263716762638152, 'P_half': 5.076307782729897, 'pre_dampen_half': 502.5175192217655, 'gpp_af': 0.6403036652671171, 'gpp_b': 0.22727308251068193, 'gpp_d': 16.460426816350523, 'ign_k': 0.0680787482656459, 'ign_c': 15.221840161091626, 'trop_agb_crit': 1.0455434848969813, 'trop_k_veg': 1.0594599158279707}.
[I 2026-08-06 11:33:54,375] Trial 557 finished with values: [-0.5221985582358937, 0.028115054823006913] and parameters: {'k1': 0.008912611835817005, 'D_low': 1.9977959434035766, 'k2': 1.1065812688893481e-05, 'D_high': 21.947742689197344, 'fire_exp': 1.3170256885255098, 'P_half': 4.213183643253957, 'pre_dampen_half': 63.6685916079943, 'gpp_af': 0.6403036652671171, 'gpp_b': 0.14577755664212386, 'gpp_d': 229.41380323183625, 'ign_k': 8.926311370835233, 'ign_c': 2.414259639010457, 'trop_agb_crit': 24.80219492452611, 'trop_k_veg': 0.6673124511410327}.
[I 2026-08-06 11:33:56,157] Trial 558 finished with values: [10.191323720494776, 10.191323720494776] and parameters: {'k1': 0.01889771394135163, 'D_low': 40.12413353131991, 'k2': 0.03538758864779238, 'D_high': 536.2153030688613, 'fire_exp': 1.1263716762638152, 'P_half': 1.605843632310088, 'pre_dampen_half': 5.048653998722947, 'gpp_af': 0.00111906222790675, 'gpp_b': 0.0005739662837359252, 'gpp_d': 84.31013932082456, 'ign_k': 0.21006485619596416, 'ign_c': 1.9580595319750387, 'trop_agb_crit': 6.119263728555865, 'trop_k_veg': 6.842216150864676}.
[I 2026-08-06 11:33:57,970] Trial 559 finished with values: [-0.5297250583360259, 0.1337265520391463] and parameters: {'k1': 0.01889771394135163, 'D_low': 1.54121727098019, 'k2': 1.915468390724633e-05, 'D_high': 22.281634177046417, 'fire_exp': 1.353841071397002, 'P_half': 5.076307782729897, 'pre_dampen_half': 502.5175192217655, 'gpp_af': 0.7539992074650279, 'gpp_b': 0.0005392415140872105, 'gpp_d': 2.944272359149677, 'ign_k': 0.0680787482656459, 'ign_c': 5.13055176058983, 'trop_agb_crit': 1.0455434848969813, 'trop_k_veg': 6.842216150864676}.
[I 2026-08-06 11:33:59,783] Trial 560 finished with values: [10.370642040216607, 10.370642040216607] and parameters: {'k1': 0.007299613382801458, 'D_low': 78.86001704920405, 'k2': 0.03538758864779238, 'D_high': 774.2116473996249, 'fire_exp': 1.2918065501148304, 'P_half': 1.309149162209817, 'pre_dampen_half': 552.4163637315892, 'gpp_af': 0.6403036652671171, 'gpp_b': 1.284284091405877e-05, 'gpp_d': 8.057329182285729, 'ign_k': 0.0043958167971197126, 'ign_c': 5.13055176058983, 'trop_agb_crit': 24.584290528289387, 'trop_k_veg': 0.6673124511410327}.
[I 2026-08-06 11:34:01,608] Trial 561 finished with values: [10.072864716161728, 10.072864716161728] and parameters: {'k1': 0.01889771394135163, 'D_low': 40.12413353131991, 'k2': 0.0007047307383115598, 'D_high': 774.2116473996249, 'fire_exp': 1.0362310858538248, 'P_half': 4.213183643253957, 'pre_dampen_half': 3.3841016089580034, 'gpp_af': 0.6403036652671171, 'gpp_b': 0.0005739662837359252, 'gpp_d': 350.88322284755304, 'ign_k': 5.351470428717437, 'ign_c': 11.400863701127316, 'trop_agb_crit': 24.80219492452611, 'trop_k_veg': 1.0594599158279707}.
[I 2026-08-06 11:34:03,406] Trial 562 finished with values: [10.435456339196984, 10.435456339196984] and parameters: {'k1': 0.008912611835817005, 'D_low': 1.54121727098019, 'k2': 1.1065812688893481e-05, 'D_high': 1123.9682517242118, 'fire_exp': 2.667972213959779, 'P_half': 5.232779509048979, 'pre_dampen_half': 502.5175192217655, 'gpp_af': 14.476743839391009, 'gpp_b': 2.176805640408474e-05, 'gpp_d': 16.460426816350523, 'ign_k': 0.11619873314872933, 'ign_c': 0.70689749506246, 'trop_agb_crit': 24.584290528289387, 'trop_k_veg': 1.4584243470991722}.
[I 2026-08-06 11:34:05,231] Trial 563 finished with values: [10.129812531407719, 10.129812531407719] and parameters: {'k1': 0.008912611835817005, 'D_low': 1.54121727098019, 'k2': 0.0007047307383115598, 'D_high': 3712.591045287726, 'fire_exp': 1.3170256885255098, 'P_half': 140.74279366401683, 'pre_dampen_half': 502.5175192217655, 'gpp_af': 1.1300566419249864, 'gpp_b': 1.284284091405877e-05, 'gpp_d': 1.493264336549928, 'ign_k': 0.0680787482656459, 'ign_c': 11.400863701127316, 'trop_agb_crit': 24.584290528289387, 'trop_k_veg': 0.6673124511410327}.
[I 2026-08-06 11:34:07,089] Trial 564 finished with values: [12.858994491883578, 12.858994491883578] and parameters: {'k1': 0.06598741607403362, 'D_low': 1.54121727098019, 'k2': 0.03538758864779238, 'D_high': 3712.591045287726, 'fire_exp': 1.4665043946307825, 'P_half': 1.605843632310088, 'pre_dampen_half': 502.5175192217655, 'gpp_af': 1.9706963379095486, 'gpp_b': 1.284284091405877e-05, 'gpp_d': 16.460426816350523, 'ign_k': 0.11619873314872933, 'ign_c': 1.9580595319750387, 'trop_agb_crit': 6.119263728555865, 'trop_k_veg': 6.842216150864676}.
[I 2026-08-06 11:34:08,854] Trial 565 finished with values: [10.482176394608075, 10.482176394608075] and parameters: {'k1': 0.008471801418819975, 'D_low': 8.916066514644358, 'k2': 0.0007047307383115598, 'D_high': 3712.591045287726, 'fire_exp': 1.0601964743503993, 'P_half': 4.213183643253957, 'pre_dampen_half': 5.048653998722947, 'gpp_af': 1.6059727222314273, 'gpp_b': 0.0021331409710300844, 'gpp_d': 16.460426816350523, 'ign_k': 0.0043958167971197126, 'ign_c': 323.47703263192955, 'trop_agb_crit': 24.584290528289387, 'trop_k_veg': 1.0594599158279707}.
[I 2026-08-06 11:34:10,663] Trial 566 finished with values: [10.555843801434953, 10.555843801434953] and parameters: {'k1': 0.008471801418819975, 'D_low': 4.484744524732794, 'k2': 0.03538758864779238, 'D_high': 1123.9682517242118, 'fire_exp': 1.3170256885255098, 'P_half': 175.2878790340412, 'pre_dampen_half': 719.4083432823455, 'gpp_af': 0.00111906222790675, 'gpp_b': 0.0005739662837359252, 'gpp_d': 1.493264336549928, 'ign_k': 0.11619873314872933, 'ign_c': 11.400863701127316, 'trop_agb_crit': 7.500118950416987, 'trop_k_veg': 1.4584243470991722}.
[I 2026-08-06 11:34:12,523] Trial 567 finished with values: [-0.5501289332386924, 0.18925356421253103] and parameters: {'k1': 0.00031134168041628584, 'D_low': 4.484744524732794, 'k2': 1.1065812688893481e-05, 'D_high': 774.2116473996249, 'fire_exp': 1.0362310858538248, 'P_half': 5.29551022369202, 'pre_dampen_half': 63.6685916079943, 'gpp_af': 0.6403036652671171, 'gpp_b': 2.176805640408474e-05, 'gpp_d': 2.944272359149677, 'ign_k': 0.1550134937334847, 'ign_c': 15.221840161091626, 'trop_agb_crit': 24.80219492452611, 'trop_k_veg': 3.49157152291552}.
[I 2026-08-06 11:34:14,762] Trial 568 finished with values: [10.257573928236855, 10.257573928236855] and parameters: {'k1': 0.011966626407443505, 'D_low': 171.2446447678494, 'k2': 1.1065812688893481e-05, 'D_high': 21.947742689197344, 'fire_exp': 1.3170256885255098, 'P_half': 4.213183643253957, 'pre_dampen_half': 63.6685916079943, 'gpp_af': 24.725776073156705, 'gpp_b': 1.284284091405877e-05, 'gpp_d': 1.6983565276584263, 'ign_k': 8.708806168038567, 'ign_c': 8.40543912931368, 'trop_agb_crit': 7.500118950416987, 'trop_k_veg': 0.6673124511410327}.
[I 2026-08-06 11:34:16,587] Trial 569 finished with values: [11.11504936974284, 11.11504936974284] and parameters: {'k1': 0.011966626407443505, 'D_low': 4.484744524732794, 'k2': 0.003419108473554454, 'D_high': 5670.3463356272905, 'fire_exp': 1.3170256885255098, 'P_half': 107.12009151798692, 'pre_dampen_half': 63.6685916079943, 'gpp_af': 1.6059727222314273, 'gpp_b': 0.0021331409710300844, 'gpp_d': 16.460426816350523, 'ign_k': 0.11619873314872933, 'ign_c': 0.10605801312906209, 'trop_agb_crit': 24.584290528289387, 'trop_k_veg': 1.4584243470991722}.
[I 2026-08-06 11:34:18,419] Trial 570 finished with values: [10.76923076892712, 10.76923076892712] and parameters: {'k1': 0.06598741607403362, 'D_low': 1.54121727098019, 'k2': 0.0007047307383115598, 'D_high': 3712.591045287726, 'fire_exp': 1.3170256885255098, 'P_half': 140.74279366401683, 'pre_dampen_half': 502.5175192217655, 'gpp_af': 0.7951170003631387, 'gpp_b': 1.284284091405877e-05, 'gpp_d': 2.944272359149677, 'ign_k': 0.21006485619596416, 'ign_c': 323.47703263192955, 'trop_agb_crit': 24.584290528289387, 'trop_k_veg': 2.4336356947036335}.
[I 2026-08-06 11:34:20,392] Trial 571 finished with values: [10.211635270432124, 10.211635270432124] and parameters: {'k1': 0.008471801418819975, 'D_low': 4.484744524732794, 'k2': 0.03538758864779238, 'D_high': 3712.591045287726, 'fire_exp': 1.4665043946307825, 'P_half': 175.2878790340412, 'pre_dampen_half': 502.5175192217655, 'gpp_af': 0.10409127568994281, 'gpp_b': 0.42247700890263645, 'gpp_d': 2.944272359149677, 'ign_k': 2.615413574494962, 'ign_c': 5.13055176058983, 'trop_agb_crit': 24.584290528289387, 'trop_k_veg': 1.4584243470991722}.
[I 2026-08-06 11:34:22,165] Trial 572 finished with values: [10.028747866524785, 10.028747866524785] and parameters: {'k1': 0.008912611835817005, 'D_low': 7.299348683062307, 'k2': 0.03538758864779238, 'D_high': 536.2153030688613, 'fire_exp': 1.1263716762638152, 'P_half': 4.213183643253957, 'pre_dampen_half': 63.6685916079943, 'gpp_af': 0.6403036652671171, 'gpp_b': 0.22727308251068193, 'gpp_d': 5.1715677287580455, 'ign_k': 0.11619873314872933, 'ign_c': 1.9580595319750387, 'trop_agb_crit': 6.119263728555865, 'trop_k_veg': 0.6673124511410327}.
[I 2026-08-06 11:34:24,043] Trial 573 finished with values: [10.219769259108414, 10.219769259108414] and parameters: {'k1': 0.011966626407443505, 'D_low': 171.2446447678494, 'k2': 1.1065812688893481e-05, 'D_high': 21.947742689197344, 'fire_exp': 1.0362310858538248, 'P_half': 4.213183643253957, 'pre_dampen_half': 2.893272120738162, 'gpp_af': 24.725776073156705, 'gpp_b': 2.176805640408474e-05, 'gpp_d': 84.31013932082456, 'ign_k': 8.708806168038567, 'ign_c': 8.40543912931368, 'trop_agb_crit': 7.500118950416987, 'trop_k_veg': 0.6673124511410327}.
[I 2026-08-06 11:34:26,168] Trial 574 finished with values: [10.76922362808471, 10.76922362808471] and parameters: {'k1': 0.008912611835817005, 'D_low': 355.00125258511594, 'k2': 0.03538758864779238, 'D_high': 22.281634177046417, 'fire_exp': 1.7329145403564932, 'P_half': 5.076307782729897, 'pre_dampen_half': 0.17224846962214357, 'gpp_af': 0.7539992074650279, 'gpp_b': 0.0005392415140872105, 'gpp_d': 8.057329182285729, 'ign_k': 5.351470428717437, 'ign_c': 15.221840161091626, 'trop_agb_crit': 1.0455434848969813, 'trop_k_veg': 6.423641554321892}.
[I 2026-08-06 11:34:27,985] Trial 575 finished with values: [10.044202356624977, 10.044202356624977] and parameters: {'k1': 0.00031134168041628584, 'D_low': 12.105387404469584, 'k2': 0.0007047307383115598, 'D_high': 774.2116473996249, 'fire_exp': 1.0362310858538248, 'P_half': 4.213183643253957, 'pre_dampen_half': 63.6685916079943, 'gpp_af': 0.6403036652671171, 'gpp_b': 0.0005739662837359252, 'gpp_d': 2.944272359149677, 'ign_k': 3.589155871450839, 'ign_c': 2.414259639010457, 'trop_agb_crit': 24.80219492452611, 'trop_k_veg': 3.49157152291552}.
[I 2026-08-06 11:34:29,837] Trial 576 finished with values: [10.499894842547766, 10.499894842547766] and parameters: {'k1': 0.03040882260558898, 'D_low': 60.42560675552672, 'k2': 0.03538758864779238, 'D_high': 774.2116473996249, 'fire_exp': 1.1263716762638152, 'P_half': 9.324787201197319, 'pre_dampen_half': 63.6685916079943, 'gpp_af': 0.6403036652671171, 'gpp_b': 0.0005739662837359252, 'gpp_d': 8.057329182285729, 'ign_k': 0.11619873314872933, 'ign_c': 5.13055176058983, 'trop_agb_crit': 7.500118950416987, 'trop_k_veg': 0.6673124511410327}.
[I 2026-08-06 11:34:31,676] Trial 577 finished with values: [-0.5287924355815039, 0.054417351118647095] and parameters: {'k1': 0.0011462237838612073, 'D_low': 7.46475488144212, 'k2': 0.032845299795769424, 'D_high': 774.2116473996249, 'fire_exp': 1.3170256885255098, 'P_half': 4.213183643253957, 'pre_dampen_half': 63.6685916079943, 'gpp_af': 0.6403036652671171, 'gpp_b': 1.284284091405877e-05, 'gpp_d': 1.6983565276584263, 'ign_k': 5.351470428717437, 'ign_c': 7.4063809263110905, 'trop_agb_crit': 1.0455434848969813, 'trop_k_veg': 1.3537238576571817}.
[I 2026-08-06 11:34:33,527] Trial 578 finished with values: [10.187874984745955, 10.187874984745955] and parameters: {'k1': 0.011966626407443505, 'D_low': 1.54121727098019, 'k2': 0.03538758864779238, 'D_high': 5670.3463356272905, 'fire_exp': 1.3170256885255098, 'P_half': 4.213183643253957, 'pre_dampen_half': 63.6685916079943, 'gpp_af': 1.1300566419249864, 'gpp_b': 0.0005739662837359252, 'gpp_d': 1.493264336549928, 'ign_k': 0.12329098365270515, 'ign_c': 8.40543912931368, 'trop_agb_crit': 24.584290528289387, 'trop_k_veg': 0.6673124511410327}.
[I 2026-08-06 11:34:35,654] Trial 579 finished with values: [-0.5233446016774238, 0.034915715888382715] and parameters: {'k1': 0.008912611835817005, 'D_low': 40.12413353131991, 'k2': 0.03538758864779238, 'D_high': 536.2153030688613, 'fire_exp': 1.1263716762638152, 'P_half': 1.605843632310088, 'pre_dampen_half': 5.048653998722947, 'gpp_af': 1.9706963379095486, 'gpp_b': 0.0054502936945582505, 'gpp_d': 84.31013932082456, 'ign_k': 8.926311370835233, 'ign_c': 0.6318310680434649, 'trop_agb_crit': 6.119263728555865, 'trop_k_veg': 2.5879386297557976}.
[I 2026-08-06 11:34:37,480] Trial 580 finished with values: [10.12973098700056, 10.12973098700056] and parameters: {'k1': 0.06994589881535453, 'D_low': 1.54121727098019, 'k2': 0.0007047307383115598, 'D_high': 645.2946500764235, 'fire_exp': 1.0362310858538248, 'P_half': 4.213183643253957, 'pre_dampen_half': 3.3841016089580034, 'gpp_af': 0.6403036652671171, 'gpp_b': 0.00012379625135997558, 'gpp_d': 2.944272359149677, 'ign_k': 3.589155871450839, 'ign_c': 1.2389052918551067, 'trop_agb_crit': 1.7439923992959638, 'trop_k_veg': 3.49157152291552}.
[I 2026-08-06 11:34:39,371] Trial 581 finished with values: [-0.5439747394185673, 0.05123971860281329] and parameters: {'k1': 0.01889771394135163, 'D_low': 12.105387404469584, 'k2': 2.246290894032394e-05, 'D_high': 774.2116473996249, 'fire_exp': 1.0362310858538248, 'P_half': 3.313942437345199, 'pre_dampen_half': 63.6685916079943, 'gpp_af': 0.6403036652671171, 'gpp_b': 0.14577755664212386, 'gpp_d': 229.41380323183625, 'ign_k': 0.21006485619596416, 'ign_c': 2.414259639010457, 'trop_agb_crit': 3.2954785755570537, 'trop_k_veg': 0.6673124511410327}.
[I 2026-08-06 11:34:41,109] Trial 582 finished with values: [10.101423965351053, 10.101423965351053] and parameters: {'k1': 0.0003667128654092894, 'D_low': 38.82837025280678, 'k2': 0.03538758864779238, 'D_high': 3712.591045287726, 'fire_exp': 1.0601964743503993, 'P_half': 1.605843632310088, 'pre_dampen_half': 63.6685916079943, 'gpp_af': 1.6059727222314273, 'gpp_b': 0.14577755664212386, 'gpp_d': 1.493264336549928, 'ign_k': 0.21006485619596416, 'ign_c': 8.40543912931368, 'trop_agb_crit': 6.119263728555865, 'trop_k_veg': 7.349516226591225}.
[I 2026-08-06 11:34:42,914] Trial 583 finished with values: [-0.5449227391461144, 0.11732178966425966] and parameters: {'k1': 0.011966626407443505, 'D_low': 5.59983195169599, 'k2': 1.1065812688893481e-05, 'D_high': 107.7788960207926, 'fire_exp': 1.3170256885255098, 'P_half': 1.605843632310088, 'pre_dampen_half': 63.6685916079943, 'gpp_af': 0.6403036652671171, 'gpp_b': 0.0005739662837359252, 'gpp_d': 2.944272359149677, 'ign_k': 0.12329098365270515, 'ign_c': 8.40543912931368, 'trop_agb_crit': 6.119263728555865, 'trop_k_veg': 0.6743482387129308}.
[I 2026-08-06 11:34:44,782] Trial 584 finished with values: [-0.5296253233935019, 0.12172868106469181] and parameters: {'k1': 0.011966626407443505, 'D_low': 1.54121727098019, 'k2': 1.1065812688893481e-05, 'D_high': 5670.3463356272905, 'fire_exp': 1.2918065501148304, 'P_half': 175.2878790340412, 'pre_dampen_half': 63.6685916079943, 'gpp_af': 14.476743839391009, 'gpp_b': 2.176805640408474e-05, 'gpp_d': 16.460426816350523, 'ign_k': 0.11619873314872933, 'ign_c': 0.70689749506246, 'trop_agb_crit': 24.584290528289387, 'trop_k_veg': 1.4584243470991722}.
[I 2026-08-06 11:34:46,517] Trial 585 finished with values: [-0.5417537255204701, 0.06829204062395389] and parameters: {'k1': 0.00031134168041628584, 'D_low': 12.105387404469584, 'k2': 0.0007047307383115598, 'D_high': 774.2116473996249, 'fire_exp': 1.0362310858538248, 'P_half': 4.213183643253957, 'pre_dampen_half': 63.6685916079943, 'gpp_af': 0.6403036652671171, 'gpp_b': 0.0005739662837359252, 'gpp_d': 2.944272359149677, 'ign_k': 3.589155871450839, 'ign_c': 11.400863701127316, 'trop_agb_crit': 24.80219492452611, 'trop_k_veg': 3.49157152291552}.
[I 2026-08-06 11:34:48,348] Trial 586 finished with values: [10.479060706691588, 10.479060706691588] and parameters: {'k1': 0.06598741607403362, 'D_low': 1.54121727098019, 'k2': 0.011715293025123641, 'D_high': 1123.9682517242118, 'fire_exp': 2.667972213959779, 'P_half': 175.2878790340412, 'pre_dampen_half': 5.048653998722947, 'gpp_af': 0.7539992074650279, 'gpp_b': 0.0021331409710300844, 'gpp_d': 16.460426816350523, 'ign_k': 0.11619873314872933, 'ign_c': 8.40543912931368, 'trop_agb_crit': 14.948114979829949, 'trop_k_veg': 1.4584243470991722}.
[I 2026-08-06 11:34:50,188] Trial 587 finished with values: [10.346659018358656, 10.346659018358656] and parameters: {'k1': 0.01889771394135163, 'D_low': 40.12413353131991, 'k2': 0.03538758864779238, 'D_high': 536.2153030688613, 'fire_exp': 1.2918065501148304, 'P_half': 4.213183643253957, 'pre_dampen_half': 5.048653998722947, 'gpp_af': 1.921689966904808, 'gpp_b': 0.0054502936945582505, 'gpp_d': 84.31013932082456, 'ign_k': 0.0043958167971197126, 'ign_c': 5.13055176058983, 'trop_agb_crit': 24.584290528289387, 'trop_k_veg': 0.6673124511410327}.
[I 2026-08-06 11:34:51,935] Trial 588 finished with values: [10.21764266794542, 10.21764266794542] and parameters: {'k1': 0.0001998758192761449, 'D_low': 173.2186836611753, 'k2': 0.003419108473554454, 'D_high': 3712.591045287726, 'fire_exp': 1.0629462657398439, 'P_half': 4.213183643253957, 'pre_dampen_half': 63.6685916079943, 'gpp_af': 7.368271642921844, 'gpp_b': 0.0005739662837359252, 'gpp_d': 1.493264336549928, 'ign_k': 0.0680787482656459, 'ign_c': 11.400863701127316, 'trop_agb_crit': 7.500118950416987, 'trop_k_veg': 0.6673124511410327}.
