[I 2026-08-06 02:17:19,711] Trial 315 finished with values: [10.459786081002267, 10.459786081002267] and parameters: {'k1': 0.00488137519160367, 'D_low': 2.5379946629058443, 'k2': 2.1698375693549493e-05, 'D_high': 6366.1449945522045, 'fire_exp': 1.182396148413737, 'P_half': 1938.3858782150498, 'pre_dampen_half': 14.711215379121963, 'gpp_af': 0.0025511964576171086, 'gpp_b': 0.0002399125814348087, 'gpp_d': 857.4284557962634, 'ign_k': 0.019192001101561888, 'ign_c': 3.0378658251922155}.
[I 2026-08-06 02:17:20,644] Trial 316 finished with values: [11.659775932890367, 11.659775932890367] and parameters: {'k1': 3.252245757497282e-05, 'D_low': 4.051452710153359, 'k2': 0.003967633935744858, 'D_high': 30.357607606785333, 'fire_exp': 1.2680134752324452, 'P_half': 24.136213194527585, 'pre_dampen_half': 304.7488318185732, 'gpp_af': 0.2343193755572473, 'gpp_b': 0.000832333943844274, 'gpp_d': 5.878566318396007, 'ign_k': 7.799059237255681, 'ign_c': 3.735862630812751}.
[I 2026-08-06 02:17:21,560] Trial 317 finished with values: [10.163159898533996, 10.163159898533996] and parameters: {'k1': 2.0937989739527727e-05, 'D_low': 125.32726386250698, 'k2': 0.0010204225357677778, 'D_high': 20.31481195045495, 'fire_exp': 1.2943117749495199, 'P_half': 63.585411411994926, 'pre_dampen_half': 703.6426675556048, 'gpp_af': 10.25616274847308, 'gpp_b': 2.800940363375676e-05, 'gpp_d': 5.1715677287580455, 'ign_k': 0.6097546255373116, 'ign_c': 2.2882309479728957}.
[I 2026-08-06 02:17:22,479] Trial 318 finished with values: [11.051298325850324, 11.051298325850324] and parameters: {'k1': 0.025383218374507292, 'D_low': 2.5379946629058443, 'k2': 2.1698375693549493e-05, 'D_high': 7926.237587961894, 'fire_exp': 1.010722707674549, 'P_half': 39.03214299767183, 'pre_dampen_half': 33.9790424311127, 'gpp_af': 0.0021221774916927918, 'gpp_b': 3.228689523591491e-05, 'gpp_d': 857.4284557962634, 'ign_k': 0.03141110271934876, 'ign_c': 47.268615251255675}.
[I 2026-08-06 02:17:23,429] Trial 319 finished with values: [10.762194152907554, 10.762194152907554] and parameters: {'k1': 0.01783192664937594, 'D_low': 18.522006003174383, 'k2': 3.5917714215176105e-05, 'D_high': 10316.033434719713, 'fire_exp': 2.3782613909771353, 'P_half': 608.3019192425825, 'pre_dampen_half': 14.689898077648792, 'gpp_af': 83.56239973758213, 'gpp_b': 0.6637926838138378, 'gpp_d': 4.25060659305504, 'ign_k': 3.7173717478250508, 'ign_c': 1.8245734513362473}.
[I 2026-08-06 02:17:24,360] Trial 320 finished with values: [-0.49647918635933747, 0.045859528900382696] and parameters: {'k1': 2.0937989739527727e-05, 'D_low': 1.2299210465793122, 'k2': 0.0499774937030317, 'D_high': 949.9072859745386, 'fire_exp': 1.1044852285094786, 'P_half': 11.877073321543955, 'pre_dampen_half': 3.3594011166738142, 'gpp_af': 0.028585493941961918, 'gpp_b': 2.800940363375676e-05, 'gpp_d': 4.982605027348069, 'ign_k': 0.01474275315991467, 'ign_c': 0.7724824966785973}.
[I 2026-08-06 02:17:25,320] Trial 321 finished with values: [10.450748119950086, 10.450748119950086] and parameters: {'k1': 0.0016129739560722712, 'D_low': 7.068974950624602, 'k2': 1.1184534120760473e-05, 'D_high': 411.0848435021235, 'fire_exp': 1.3614924220931135, 'P_half': 125.61043700013555, 'pre_dampen_half': 1.4445251022763053, 'gpp_af': 0.028585493941961918, 'gpp_b': 2.7719116797094715e-05, 'gpp_d': 5.878566318396007, 'ign_k': 0.3818468247973969, 'ign_c': 2.92043384718141}.
[I 2026-08-06 02:17:26,340] Trial 322 finished with values: [10.470052702274641, 10.470052702274641] and parameters: {'k1': 0.025383218374507292, 'D_low': 125.32726386250698, 'k2': 4.763991596630584e-05, 'D_high': 24939.838794891497, 'fire_exp': 1.010722707674549, 'P_half': 187.6006822030065, 'pre_dampen_half': 3.3594011166738142, 'gpp_af': 22.766850248686247, 'gpp_b': 3.228689523591491e-05, 'gpp_d': 0.19476644406315288, 'ign_k': 0.03141110271934876, 'ign_c': 47.268615251255675}.
[I 2026-08-06 02:17:27,273] Trial 323 finished with values: [10.75202351897777, 10.75202351897777] and parameters: {'k1': 2.0937989739527727e-05, 'D_low': 1455.0993923603367, 'k2': 4.860905111373887e-05, 'D_high': 43033.06161410616, 'fire_exp': 2.2881850891698634, 'P_half': 395.22208819061166, 'pre_dampen_half': 1.4445251022763053, 'gpp_af': 20.12115544906385, 'gpp_b': 2.800940363375676e-05, 'gpp_d': 368.30088529547436, 'ign_k': 0.0467351899956275, 'ign_c': 0.6235377135673155}.
[I 2026-08-06 02:17:28,192] Trial 324 finished with values: [-0.4742556618423774, 0.037552407697455714] and parameters: {'k1': 2.0937989739527727e-05, 'D_low': 7.068974950624602, 'k2': 1.4378290221680118e-05, 'D_high': 75773.14388518519, 'fire_exp': 1.1044852285094786, 'P_half': 2.157758652553991, 'pre_dampen_half': 2.292633983096564, 'gpp_af': 0.028585493941961918, 'gpp_b': 2.800940363375676e-05, 'gpp_d': 0.3924302839842014, 'ign_k': 0.01474275315991467, 'ign_c': 2.92043384718141}.
[I 2026-08-06 02:17:29,172] Trial 325 finished with values: [10.756196809992709, 10.756196809992709] and parameters: {'k1': 2.0937989739527727e-05, 'D_low': 1.54121727098019, 'k2': 3.5917714215176105e-05, 'D_high': 24939.838794891497, 'fire_exp': 1.4665043946307825, 'P_half': 403.3495283157659, 'pre_dampen_half': 3.3594011166738142, 'gpp_af': 13.560863064135962, 'gpp_b': 0.05693092741736214, 'gpp_d': 0.13223503889537183, 'ign_k': 7.799059237255681, 'ign_c': 3.735862630812751}.
[I 2026-08-06 02:17:30,121] Trial 326 finished with values: [-0.517056177873879, 0.03929142020873011] and parameters: {'k1': 0.014666151770108535, 'D_low': 9.330007965781027, 'k2': 0.034987345440353576, 'D_high': 949.9072859745386, 'fire_exp': 1.010722707674549, 'P_half': 39.03214299767183, 'pre_dampen_half': 1.6130673726933187, 'gpp_af': 0.028585493941961918, 'gpp_b': 3.228689523591491e-05, 'gpp_d': 5.878566318396007, 'ign_k': 0.0037322156377670697, 'ign_c': 2.4287565087611744}.
[I 2026-08-06 02:17:31,041] Trial 327 finished with values: [10.125581507750676, 10.125581507750676] and parameters: {'k1': 3.252245757497282e-05, 'D_low': 125.32726386250698, 'k2': 0.08894151386481904, 'D_high': 267.3088310781672, 'fire_exp': 1.2943117749495199, 'P_half': 63.585411411994926, 'pre_dampen_half': 304.7488318185732, 'gpp_af': 1.2003722333832936, 'gpp_b': 2.800940363375676e-05, 'gpp_d': 0.19476644406315288, 'ign_k': 0.04563289369649656, 'ign_c': 0.1457050032975653}.
[I 2026-08-06 02:17:31,990] Trial 328 finished with values: [10.341020243193796, 10.341020243193796] and parameters: {'k1': 0.021368329072358756, 'D_low': 18.522006003174383, 'k2': 4.763991596630584e-05, 'D_high': 10316.033434719713, 'fire_exp': 1.6901885781909627, 'P_half': 608.3019192425825, 'pre_dampen_half': 14.689898077648792, 'gpp_af': 83.56239973758213, 'gpp_b': 0.0004837646996135023, 'gpp_d': 891.8036602897795, 'ign_k': 3.7173717478250508, 'ign_c': 14.367095138664217}.
[I 2026-08-06 02:17:32,937] Trial 329 finished with values: [10.389740401398662, 10.389740401398662] and parameters: {'k1': 0.015602015889668856, 'D_low': 18.522006003174383, 'k2': 8.54747617666719e-05, 'D_high': 24939.838794891497, 'fire_exp': 1.182396148413737, 'P_half': 45.55085098454082, 'pre_dampen_half': 3.3594011166738142, 'gpp_af': 0.0013243534516762826, 'gpp_b': 3.228689523591491e-05, 'gpp_d': 39.827466658711515, 'ign_k': 6.32338195106678, 'ign_c': 3.0378658251922155}.
[I 2026-08-06 02:17:33,917] Trial 330 finished with values: [10.30282104679757, 10.30282104679757] and parameters: {'k1': 0.0029707920514735983, 'D_low': 4.075267974954964, 'k2': 0.0001870742013766025, 'D_high': 6366.1449945522045, 'fire_exp': 1.182396148413737, 'P_half': 1938.3858782150498, 'pre_dampen_half': 7.6110013825922485, 'gpp_af': 20.12115544906385, 'gpp_b': 1.1008110571039521e-05, 'gpp_d': 149.50343942182866, 'ign_k': 0.03141110271934876, 'ign_c': 0.773448215664679}.
[I 2026-08-06 02:17:35,564] Trial 331 finished with values: [10.510011727548061, 10.510011727548061] and parameters: {'k1': 2.0937989739527727e-05, 'D_low': 7.068974950624602, 'k2': 0.02065142557895925, 'D_high': 75773.14388518519, 'fire_exp': 1.1044852285094786, 'P_half': 851.7034154701655, 'pre_dampen_half': 1.4445251022763053, 'gpp_af': 0.028585493941961918, 'gpp_b': 2.800940363375676e-05, 'gpp_d': 0.1187686699420959, 'ign_k': 0.01474275315991467, 'ign_c': 0.6235377135673155}.
[I 2026-08-06 02:17:36,716] Trial 332 finished with values: [10.355387458101408, 10.355387458101408] and parameters: {'k1': 2.0937989739527727e-05, 'D_low': 125.32726386250698, 'k2': 0.0499774937030317, 'D_high': 233.52156626184438, 'fire_exp': 1.182396148413737, 'P_half': 11.877073321543955, 'pre_dampen_half': 3.3594011166738142, 'gpp_af': 0.028585493941961918, 'gpp_b': 3.228689523591491e-05, 'gpp_d': 0.19476644406315288, 'ign_k': 0.01474275315991467, 'ign_c': 0.7724824966785973}.
[I 2026-08-06 02:17:37,822] Trial 333 finished with values: [10.654060539371484, 10.654060539371484] and parameters: {'k1': 0.0026651167490553537, 'D_low': 9.330007965781027, 'k2': 4.763991596630584e-05, 'D_high': 400.9149428326862, 'fire_exp': 1.0473002272689056, 'P_half': 608.3019192425825, 'pre_dampen_half': 1.6130673726933187, 'gpp_af': 2.8805537835688413, 'gpp_b': 5.2308563179361105e-05, 'gpp_d': 0.13274681648778813, 'ign_k': 0.7058572590901792, 'ign_c': 14.367095138664217}.
[I 2026-08-06 02:17:38,908] Trial 334 finished with values: [10.718000682684076, 10.718000682684076] and parameters: {'k1': 0.021368329072358756, 'D_low': 1.54121727098019, 'k2': 4.763991596630584e-05, 'D_high': 4508.240502480678, 'fire_exp': 1.0117229084672894, 'P_half': 4.397766894483963, 'pre_dampen_half': 3.3594011166738142, 'gpp_af': 2.8805537835688413, 'gpp_b': 0.10123867001105968, 'gpp_d': 0.02375138331725693, 'ign_k': 0.7058572590901792, 'ign_c': 0.8891936446296247}.
[I 2026-08-06 02:17:40,040] Trial 335 finished with values: [11.304660229045131, 11.304660229045131] and parameters: {'k1': 2.0937989739527727e-05, 'D_low': 18.522006003174383, 'k2': 0.08894151386481904, 'D_high': 322.951013956506, 'fire_exp': 1.010722707674549, 'P_half': 63.585411411994926, 'pre_dampen_half': 14.689898077648792, 'gpp_af': 22.766850248686247, 'gpp_b': 0.1676789742547917, 'gpp_d': 891.8036602897795, 'ign_k': 3.7173717478250508, 'ign_c': 0.6235377135673155}.
[I 2026-08-06 02:17:41,148] Trial 336 finished with values: [10.140542871493835, 10.140542871493835] and parameters: {'k1': 0.0029707920514735983, 'D_low': 7.068974950624602, 'k2': 2.1698375693549493e-05, 'D_high': 30227.031291375773, 'fire_exp': 1.0501937052663004, 'P_half': 125.61043700013555, 'pre_dampen_half': 1.4445251022763053, 'gpp_af': 23.63242908838987, 'gpp_b': 3.228689523591491e-05, 'gpp_d': 5.878566318396007, 'ign_k': 0.01474275315991467, 'ign_c': 3.0378658251922155}.
[I 2026-08-06 02:17:42,152] Trial 337 finished with values: [-0.5237190744112248, 0.056218789062881025] and parameters: {'k1': 2.0937989739527727e-05, 'D_low': 7.068974950624602, 'k2': 4.763991596630584e-05, 'D_high': 75773.14388518519, 'fire_exp': 1.010722707674549, 'P_half': 63.585411411994926, 'pre_dampen_half': 703.6426675556048, 'gpp_af': 10.25616274847308, 'gpp_b': 3.228689523591491e-05, 'gpp_d': 5.878566318396007, 'ign_k': 0.13054148118849407, 'ign_c': 34.19108473554449}.
[I 2026-08-06 02:17:43,143] Trial 338 finished with values: [10.769062220936085, 10.769062220936085] and parameters: {'k1': 0.05705198955850472, 'D_low': 968.2012086882471, 'k2': 0.003967633935744858, 'D_high': 15672.307460600232, 'fire_exp': 1.1044852285094786, 'P_half': 187.6006822030065, 'pre_dampen_half': 3.3594011166738142, 'gpp_af': 0.028585493941961918, 'gpp_b': 9.71862138171112, 'gpp_d': 5.878566318396007, 'ign_k': 0.01474275315991467, 'ign_c': 3.735862630812751}.
[I 2026-08-06 02:17:44,104] Trial 339 finished with values: [10.603956789826775, 10.603956789826775] and parameters: {'k1': 0.00023134781612225627, 'D_low': 432.21095215763245, 'k2': 0.0499774937030317, 'D_high': 32311.521854410956, 'fire_exp': 1.1044852285094786, 'P_half': 63.585411411994926, 'pre_dampen_half': 0.5669686912640489, 'gpp_af': 0.5970408652384318, 'gpp_b': 2.800940363375676e-05, 'gpp_d': 28.312234265202243, 'ign_k': 0.01474275315991467, 'ign_c': 111.18405953132105}.
[I 2026-08-06 02:17:45,104] Trial 340 finished with values: [10.711306852921966, 10.711306852921966] and parameters: {'k1': 0.00488137519160367, 'D_low': 1171.5293025123642, 'k2': 0.00040525058872279963, 'D_high': 20.31481195045495, 'fire_exp': 1.2943117749495199, 'P_half': 63.585411411994926, 'pre_dampen_half': 1.4445251022763053, 'gpp_af': 0.47739011308437823, 'gpp_b': 2.800940363375676e-05, 'gpp_d': 5.1715677287580455, 'ign_k': 0.01474275315991467, 'ign_c': 2.2882309479728957}.
[I 2026-08-06 02:17:46,106] Trial 341 finished with values: [-0.49374674786910566, 0.04950067130929958] and parameters: {'k1': 0.0016129739560722712, 'D_low': 9.330007965781027, 'k2': 0.00011939136672856547, 'D_high': 830.8114652888394, 'fire_exp': 1.0473002272689056, 'P_half': 5.15399351160314, 'pre_dampen_half': 5.542030950268268, 'gpp_af': 0.04339970334001348, 'gpp_b': 0.0004837646996135023, 'gpp_d': 0.6380717024176037, 'ign_k': 0.0037322156377670697, 'ign_c': 0.1457050032975653}.
[I 2026-08-06 02:17:47,182] Trial 342 finished with values: [10.031165444971315, 10.031165444971315] and parameters: {'k1': 2.0937989739527727e-05, 'D_low': 7.068974950624602, 'k2': 0.02065142557895925, 'D_high': 75773.14388518519, 'fire_exp': 1.1044852285094786, 'P_half': 63.585411411994926, 'pre_dampen_half': 1.4445251022763053, 'gpp_af': 0.028585493941961918, 'gpp_b': 3.228689523591491e-05, 'gpp_d': 5.878566318396007, 'ign_k': 0.01474275315991467, 'ign_c': 0.6235377135673155}.
[I 2026-08-06 02:17:48,178] Trial 343 finished with values: [10.369698053098936, 10.369698053098936] and parameters: {'k1': 0.021368329072358756, 'D_low': 7.068974950624602, 'k2': 3.5917714215176105e-05, 'D_high': 24939.838794891497, 'fire_exp': 1.182396148413737, 'P_half': 45.55085098454082, 'pre_dampen_half': 1.4445251022763053, 'gpp_af': 1.3725472882585024, 'gpp_b': 2.7719116797094715e-05, 'gpp_d': 0.04831624275180356, 'ign_k': 0.01474275315991467, 'ign_c': 2.92043384718141}.
[I 2026-08-06 02:17:49,206] Trial 344 finished with values: [10.894046966921435, 10.894046966921435] and parameters: {'k1': 2.0937989739527727e-05, 'D_low': 334.62201030483817, 'k2': 0.08894151386481904, 'D_high': 31239.815244140624, 'fire_exp': 1.3614924220931135, 'P_half': 63.585411411994926, 'pre_dampen_half': 703.6426675556048, 'gpp_af': 83.25634591966735, 'gpp_b': 0.0004837646996135023, 'gpp_d': 0.6380717024176037, 'ign_k': 0.04563289369649656, 'ign_c': 0.6235377135673155}.
[I 2026-08-06 02:17:50,204] Trial 345 finished with values: [10.769161359497982, 10.769161359497982] and parameters: {'k1': 0.021368329072358756, 'D_low': 432.21095215763245, 'k2': 0.0499774937030317, 'D_high': 32311.521854410956, 'fire_exp': 1.811096651915224, 'P_half': 436.4516946807792, 'pre_dampen_half': 1.4445251022763053, 'gpp_af': 0.028585493941961918, 'gpp_b': 0.40704318060211087, 'gpp_d': 1.226969905882515, 'ign_k': 0.002357279455676982, 'ign_c': 34.19108473554449}.
[I 2026-08-06 02:17:51,233] Trial 346 finished with values: [-0.49256466579052827, 0.03752676810581279] and parameters: {'k1': 0.0004846497679219079, 'D_low': 7.068974950624602, 'k2': 4.860905111373887e-05, 'D_high': 75773.14388518519, 'fire_exp': 1.1044852285094786, 'P_half': 63.585411411994926, 'pre_dampen_half': 1.4445251022763053, 'gpp_af': 0.028585493941961918, 'gpp_b': 2.800940363375676e-05, 'gpp_d': 368.30088529547436, 'ign_k': 0.01474275315991467, 'ign_c': 0.6235377135673155}.
[I 2026-08-06 02:17:52,216] Trial 347 finished with values: [10.692668598351023, 10.692668598351023] and parameters: {'k1': 0.0016129739560722712, 'D_low': 334.62201030483817, 'k2': 0.008919267853250165, 'D_high': 10316.033434719713, 'fire_exp': 1.6901885781909627, 'P_half': 51.10120656497163, 'pre_dampen_half': 0.1562736402797949, 'gpp_af': 0.2343193755572473, 'gpp_b': 0.0004837646996135023, 'gpp_d': 0.6380717024176037, 'ign_k': 0.09071933427331372, 'ign_c': 0.773448215664679}.
[I 2026-08-06 02:17:53,180] Trial 348 finished with values: [10.706682814711922, 10.706682814711922] and parameters: {'k1': 0.021368329072358756, 'D_low': 730.952095351094, 'k2': 0.0001870742013766025, 'D_high': 27.662820108131335, 'fire_exp': 2.2881850891698634, 'P_half': 395.22208819061166, 'pre_dampen_half': 53.73093479067421, 'gpp_af': 20.12115544906385, 'gpp_b': 1.1008110571039521e-05, 'gpp_d': 368.30088529547436, 'ign_k': 0.0467351899956275, 'ign_c': 0.773448215664679}.
[I 2026-08-06 02:17:54,177] Trial 349 finished with values: [10.042685932321769, 10.042685932321769] and parameters: {'k1': 0.0016129739560722712, 'D_low': 18.522006003174383, 'k2': 3.5917714215176105e-05, 'D_high': 1687.3495104568947, 'fire_exp': 1.010722707674549, 'P_half': 5.15399351160314, 'pre_dampen_half': 5.542030950268268, 'gpp_af': 0.2343193755572473, 'gpp_b': 0.0004837646996135023, 'gpp_d': 0.6380717024176037, 'ign_k': 0.04563289369649656, 'ign_c': 14.367095138664217}.
[I 2026-08-06 02:17:55,172] Trial 350 finished with values: [-0.48282070952525585, 0.037794153865812974] and parameters: {'k1': 2.0937989739527727e-05, 'D_low': 26.21130418912424, 'k2': 0.00014091459170104733, 'D_high': 24939.838794891497, 'fire_exp': 1.1044852285094786, 'P_half': 403.3495283157659, 'pre_dampen_half': 5.542030950268268, 'gpp_af': 0.028585493941961918, 'gpp_b': 0.0005995821881487623, 'gpp_d': 5.878566318396007, 'ign_k': 0.01474275315991467, 'ign_c': 0.6235377135673155}.
[I 2026-08-06 02:17:56,152] Trial 351 finished with values: [-0.5341016575584419, 0.01963131654403949] and parameters: {'k1': 0.025383218374507292, 'D_low': 18.522006003174383, 'k2': 4.763991596630584e-05, 'D_high': 400.9149428326862, 'fire_exp': 1.0473002272689056, 'P_half': 608.3019192425825, 'pre_dampen_half': 14.689898077648792, 'gpp_af': 22.766850248686247, 'gpp_b': 0.10123867001105968, 'gpp_d': 39.827466658711515, 'ign_k': 3.7173717478250508, 'ign_c': 14.367095138664217}.
[I 2026-08-06 02:17:57,134] Trial 352 finished with values: [-0.5682616983873198, 0.025774300621480783] and parameters: {'k1': 0.03232155805617897, 'D_low': 9.330007965781027, 'k2': 4.763991596630584e-05, 'D_high': 6455.595882939566, 'fire_exp': 1.0473002272689056, 'P_half': 664.2027816373393, 'pre_dampen_half': 14.689898077648792, 'gpp_af': 22.766850248686247, 'gpp_b': 1.5938003265859821, 'gpp_d': 368.30088529547436, 'ign_k': 3.7173717478250508, 'ign_c': 14.367095138664217}.
[I 2026-08-06 02:17:58,116] Trial 353 finished with values: [10.15166730100697, 10.15166730100697] and parameters: {'k1': 0.025383218374507292, 'D_low': 1.2299210465793122, 'k2': 4.763991596630584e-05, 'D_high': 400.9149428326862, 'fire_exp': 1.2680134752324452, 'P_half': 11.877073321543955, 'pre_dampen_half': 3.3594011166738142, 'gpp_af': 0.5107061330406066, 'gpp_b': 5.2308563179361105e-05, 'gpp_d': 891.8036602897795, 'ign_k': 5.9736167866478125, 'ign_c': 0.7724824966785973}.
[I 2026-08-06 02:17:59,080] Trial 354 finished with values: [10.749286690084096, 10.749286690084096] and parameters: {'k1': 0.025383218374507292, 'D_low': 7.068974950624602, 'k2': 8.598664501707758e-05, 'D_high': 43033.06161410616, 'fire_exp': 2.2881850891698634, 'P_half': 63.585411411994926, 'pre_dampen_half': 0.016235510473855456, 'gpp_af': 22.766850248686247, 'gpp_b': 1.1008110571039521e-05, 'gpp_d': 891.8036602897795, 'ign_k': 0.01474275315991467, 'ign_c': 14.367095138664217}.
[I 2026-08-06 02:18:00,063] Trial 355 finished with values: [10.76923076805719, 10.76923076805719] and parameters: {'k1': 0.003381093273170853, 'D_low': 968.2012086882471, 'k2': 0.003967633935744858, 'D_high': 11.789509559476436, 'fire_exp': 1.1044852285094786, 'P_half': 63.585411411994926, 'pre_dampen_half': 3.3594011166738142, 'gpp_af': 13.560863064135962, 'gpp_b': 0.000832333943844274, 'gpp_d': 5.878566318396007, 'ign_k': 7.799059237255681, 'ign_c': 893.0783450941816}.
[I 2026-08-06 02:18:01,247] Trial 356 finished with values: [10.240556292578681, 10.240556292578681] and parameters: {'k1': 0.08926311370835228, 'D_low': 18.522006003174383, 'k2': 0.08894151386481904, 'D_high': 1687.3495104568947, 'fire_exp': 1.5201277403788451, 'P_half': 51.41531903173455, 'pre_dampen_half': 59.66041614891413, 'gpp_af': 0.2343193755572473, 'gpp_b': 0.1676789742547917, 'gpp_d': 0.834897644537872, 'ign_k': 3.7173717478250508, 'ign_c': 14.367095138664217}.
[I 2026-08-06 02:18:02,532] Trial 357 finished with values: [10.149511987877643, 10.149511987877643] and parameters: {'k1': 0.003381093273170853, 'D_low': 523.1053126909052, 'k2': 0.003967633935744858, 'D_high': 24939.838794891497, 'fire_exp': 1.6529278148136084, 'P_half': 11.877073321543955, 'pre_dampen_half': 3.3594011166738142, 'gpp_af': 13.560863064135962, 'gpp_b': 0.000832333943844274, 'gpp_d': 300.3420512048734, 'ign_k': 6.3073181184917315, 'ign_c': 3.735862630812751}.
[I 2026-08-06 02:18:03,990] Trial 358 finished with values: [10.15166730100697, 10.15166730100697] and parameters: {'k1': 0.025383218374507292, 'D_low': 1.2299210465793122, 'k2': 4.763991596630584e-05, 'D_high': 400.9149428326862, 'fire_exp': 1.2680134752324452, 'P_half': 11.877073321543955, 'pre_dampen_half': 3.3594011166738142, 'gpp_af': 0.5107061330406066, 'gpp_b': 5.2308563179361105e-05, 'gpp_d': 891.8036602897795, 'ign_k': 5.9736167866478125, 'ign_c': 0.7724824966785973}.
[I 2026-08-06 02:18:05,335] Trial 359 finished with values: [10.755881559860486, 10.755881559860486] and parameters: {'k1': 2.0937989739527727e-05, 'D_low': 7.068974950624602, 'k2': 0.013975908789482218, 'D_high': 75773.14388518519, 'fire_exp': 2.2881850891698634, 'P_half': 395.22208819061166, 'pre_dampen_half': 1.4445251022763053, 'gpp_af': 0.028585493941961918, 'gpp_b': 1.1008110571039521e-05, 'gpp_d': 368.30088529547436, 'ign_k': 0.002278473643771521, 'ign_c': 0.6235377135673155}.
