[I 2026-07-22 20:37:06,613] Trial 209 finished with values: [10.76923076903347, 10.76923076903347] and parameters: {'k1': 0.004898620823554844, 'D_low': 80872.73763280232, 'k2': 0.0195165137832656, 'D_high': 34634.27660734638, 'fire_exp': 1.0674039642039916, 'P_half': 56.22114524476698, 'pre_dampen_half': 70.78932406899753, 'gpp_af': 0.05511595477601764, 'gpp_b': 0.004458440839692221, 'gpp_d': 274.48645214004335, 'ign_k': 0.038563028138793747, 'ign_c': 6.968111190775308, 'trop_agb_crit': 6.289029460848807, 'trop_k_veg': 1.372760022287972, 'fuel_k': 0.2503625235956924, 'fuel_half': 84.6362160256194}.
[I 2026-07-22 20:37:07,061] Trial 210 finished with values: [-0.5380907158767452, 0.14192960450587355] and parameters: {'k1': 0.012840669372724958, 'D_low': 3.86371393182755, 'k2': 0.0009256855841989632, 'D_high': 2742371.6496047364, 'fire_exp': 1.8719045352638064, 'P_half': 93.43302657318476, 'pre_dampen_half': 0.9829324480069707, 'gpp_af': 0.2991469302130216, 'gpp_b': 0.0001484082099455773, 'gpp_d': 40.95062894476691, 'ign_k': 0.008226074946221037, 'ign_c': 0.12510188850164433, 'trop_agb_crit': 8.983402272488592, 'trop_k_veg': 0.8170196702261714, 'fuel_k': 4.710433409437071, 'fuel_half': 0.30817917005205625}.
[I 2026-07-22 20:37:07,557] Trial 211 finished with values: [13.706522361821673, 13.706522361821673] and parameters: {'k1': 0.0001971137615017176, 'D_low': 356.959242804259, 'k2': 2.296989871634208e-05, 'D_high': 2742371.6496047364, 'fire_exp': 1.10726080528881, 'P_half': 277.00025557434554, 'pre_dampen_half': 233.5530649297829, 'gpp_af': 0.2901272149738624, 'gpp_b': 0.0001484082099455773, 'gpp_d': 2.545074556541602, 'ign_k': 0.0029519227433917453, 'ign_c': 39.52220881906112, 'trop_agb_crit': 3.1419938725278875, 'trop_k_veg': 6.863422129054256, 'fuel_k': 4.0632364973692425, 'fuel_half': 0.30817917005205625}.
[I 2026-07-22 20:37:08,017] Trial 212 finished with values: [-0.36493960320117547, 0.25278234704181246] and parameters: {'k1': 0.00021066486017042195, 'D_low': 86.64406862241785, 'k2': 0.0006863458703786212, 'D_high': 7589190.453000005, 'fire_exp': 2.14357894201977, 'P_half': 2.0598022365449626, 'pre_dampen_half': 272.9378165037472, 'gpp_af': 0.015875524914818664, 'gpp_b': 2.852199954727099e-05, 'gpp_d': 36.831884165358964, 'ign_k': 0.003252245757497283, 'ign_c': 0.4933751600448339, 'trop_agb_crit': 1.6034837661963206, 'trop_k_veg': 2.9556982260250564, 'fuel_k': 0.03201034713747641, 'fuel_half': 1.0889347318773486}.
[I 2026-07-22 20:37:08,479] Trial 213 finished with values: [11.573738372605854, 11.573738372605854] and parameters: {'k1': 0.0009299619346742016, 'D_low': 3907.96715682288, 'k2': 0.0012056765208549535, 'D_high': 7589190.453000005, 'fire_exp': 1.4284956407464617, 'P_half': 1.104970302415413, 'pre_dampen_half': 14.689407256107613, 'gpp_af': 3.470266988650414, 'gpp_b': 2.852199954727099e-05, 'gpp_d': 3.4461856429915296, 'ign_k': 4.59148521674054, 'ign_c': 0.13035590385085064, 'trop_agb_crit': 1.8559980846490576, 'trop_k_veg': 1.733613253381165, 'fuel_k': 0.07002142869039267, 'fuel_half': 3.75205585512428}.
[I 2026-07-22 20:37:08,920] Trial 214 finished with values: [10.67642133031869, 10.67642133031869] and parameters: {'k1': 0.0009299619346742016, 'D_low': 3907.96715682288, 'k2': 0.0012056765208549535, 'D_high': 7589190.453000005, 'fire_exp': 2.203135761329667, 'P_half': 396.8136435370147, 'pre_dampen_half': 14.689407256107613, 'gpp_af': 0.0010762901323294958, 'gpp_b': 2.852199954727099e-05, 'gpp_d': 707.2114131472224, 'ign_k': 0.003252245757497283, 'ign_c': 0.13035590385085064, 'trop_agb_crit': 1.8559980846490576, 'trop_k_veg': 0.83140195149031, 'fuel_k': 0.06272423143691705, 'fuel_half': 0.43540407017515786}.
[I 2026-07-22 20:37:09,364] Trial 215 finished with values: [-0.3609539726432008, 0.2717766745849475] and parameters: {'k1': 0.0009299619346742016, 'D_low': 2240.9155921647994, 'k2': 0.00016536937182824412, 'D_high': 7589190.453000005, 'fire_exp': 1.8719045352638064, 'P_half': 20.654107883022302, 'pre_dampen_half': 14.689407256107613, 'gpp_af': 0.2991469302130216, 'gpp_b': 2.176805640408474e-05, 'gpp_d': 12.151631524283598, 'ign_k': 0.0029519227433917453, 'ign_c': 0.13035590385085064, 'trop_agb_crit': 12.647327018493208, 'trop_k_veg': 2.1144348148283285, 'fuel_k': 0.03201034713747641, 'fuel_half': 0.43540407017515786}.
[I 2026-07-22 20:37:09,841] Trial 216 finished with values: [10.76783673453687, 10.76783673453687] and parameters: {'k1': 7.902459656172905e-05, 'D_low': 22.024481291326488, 'k2': 0.014666151770108535, 'D_high': 546649.376092156, 'fire_exp': 1.0871627347485018, 'P_half': 8.318314747941244, 'pre_dampen_half': 0.01939964577577238, 'gpp_af': 0.24002253099641152, 'gpp_b': 7.711113013594476, 'gpp_d': 483.22422323215085, 'ign_k': 0.012868405331151606, 'ign_c': 0.5655677524618509, 'trop_agb_crit': 1.626357634890109, 'trop_k_veg': 1.034587866621145, 'fuel_k': 0.5217990518430394, 'fuel_half': 0.17108183937377372}.
[I 2026-07-22 20:37:10,324] Trial 217 finished with values: [-0.3579548268117702, 0.29003926427943083] and parameters: {'k1': 9.580682294110428e-05, 'D_low': 2.4063018320720926, 'k2': 4.207988669606632e-05, 'D_high': 2742371.6496047364, 'fire_exp': 1.5532616753672623, 'P_half': 355.00125258511594, 'pre_dampen_half': 24.551654436784784, 'gpp_af': 0.6739998811889463, 'gpp_b': 1.3289448722869181e-05, 'gpp_d': 14.423399576193093, 'ign_k': 0.008226074946221037, 'ign_c': 1.0944963667961969, 'trop_agb_crit': 12.647327018493208, 'trop_k_veg': 1.9658897090912955, 'fuel_k': 3.826843441487285, 'fuel_half': 3.75205585512428}.
[I 2026-07-22 20:37:10,856] Trial 218 finished with values: [10.576604118734712, 10.576604118734712] and parameters: {'k1': 0.0007883068789768041, 'D_low': 1.6752866684650682, 'k2': 0.0009256855841989632, 'D_high': 108.12328381849699, 'fire_exp': 1.0722486667069802, 'P_half': 102.4585893986732, 'pre_dampen_half': 0.9829324480069707, 'gpp_af': 0.024714492403026287, 'gpp_b': 0.0001484082099455773, 'gpp_d': 0.027765958408796157, 'ign_k': 0.001609633064821938, 'ign_c': 0.12510188850164433, 'trop_agb_crit': 2.017343814481252, 'trop_k_veg': 1.372760022287972, 'fuel_k': 4.0632364973692425, 'fuel_half': 0.30817917005205625}.
[I 2026-07-22 20:37:11,360] Trial 219 finished with values: [10.761768836240028, 10.761768836240028] and parameters: {'k1': 0.0034357599461003513, 'D_low': 228.34228779494518, 'k2': 0.0003845635122720661, 'D_high': 61211.32154754238, 'fire_exp': 1.480442702914831, 'P_half': 279.82272717049284, 'pre_dampen_half': 0.8726691654212084, 'gpp_af': 0.0021221774916927918, 'gpp_b': 0.01737449851559721, 'gpp_d': 0.8423423635296957, 'ign_k': 0.013276678836047658, 'ign_c': 1.8522006003174372, 'trop_agb_crit': 1.7797595772834214, 'trop_k_veg': 0.8170196702261714, 'fuel_k': 3.988224126368738, 'fuel_half': 12.24868285680487}.
[I 2026-07-22 20:37:11,839] Trial 220 finished with values: [10.556925484501933, 10.556925484501933] and parameters: {'k1': 0.0131638092522722, 'D_low': 2240.9155921647994, 'k2': 0.014666151770108535, 'D_high': 267535.550698083, 'fire_exp': 1.8719045352638064, 'P_half': 94.99072859745384, 'pre_dampen_half': 345.01054536130147, 'gpp_af': 0.2991469302130216, 'gpp_b': 0.0013672126623075966, 'gpp_d': 0.03426913908389042, 'ign_k': 0.0029519227433917453, 'ign_c': 0.2939463458625969, 'trop_agb_crit': 1.1693687409928537, 'trop_k_veg': 0.559773544096922, 'fuel_k': 2.3801202050712624, 'fuel_half': 0.2010796072862617}.
[I 2026-07-22 20:37:12,325] Trial 221 finished with values: [10.697994226376485, 10.697994226376485] and parameters: {'k1': 0.0001971137615017176, 'D_low': 356.959242804259, 'k2': 2.296989871634208e-05, 'D_high': 284.74649993162916, 'fire_exp': 1.1109593465084138, 'P_half': 1106.908213475539, 'pre_dampen_half': 233.5530649297829, 'gpp_af': 0.8057329182285735, 'gpp_b': 0.00011536203425923768, 'gpp_d': 0.027765958408796157, 'ign_k': 0.13500744867919376, 'ign_c': 6.968111190775308, 'trop_agb_crit': 3.1419938725278875, 'trop_k_veg': 0.7258074184598352, 'fuel_k': 0.2503625235956924, 'fuel_half': 72.7420826493834}.
[I 2026-07-22 20:37:12,762] Trial 222 finished with values: [-0.28575481527402885, 0.35918003101458873] and parameters: {'k1': 0.008471801418819975, 'D_low': 35.437765484261625, 'k2': 4.1265168740903634e-05, 'D_high': 7589190.453000005, 'fire_exp': 1.4284956407464617, 'P_half': 20.654107883022302, 'pre_dampen_half': 14.689407256107613, 'gpp_af': 3.470266988650414, 'gpp_b': 0.0008239138919814073, 'gpp_d': 707.2114131472224, 'ign_k': 0.003252245757497283, 'ign_c': 183.3717796770994, 'trop_agb_crit': 1.8559980846490576, 'trop_k_veg': 2.927602344444864, 'fuel_k': 0.07002142869039267, 'fuel_half': 1.0889347318773486}.
[I 2026-07-22 20:37:13,193] Trial 223 finished with values: [10.76920552314136, 10.76920552314136] and parameters: {'k1': 9.580682294110428e-05, 'D_low': 216.6574784061471, 'k2': 0.001462400459012571, 'D_high': 693439.2750387826, 'fire_exp': 1.4452547028705351, 'P_half': 57.62487216478601, 'pre_dampen_half': 0.7245868181143029, 'gpp_af': 0.24002253099641152, 'gpp_b': 1.6081669283634658e-05, 'gpp_d': 352.0481045526035, 'ign_k': 0.010842262717330166, 'ign_c': 711.161136712172, 'trop_agb_crit': 12.856643861355176, 'trop_k_veg': 4.050700716504253, 'fuel_k': 0.08907843646648306, 'fuel_half': 1.0889347318773486}.
[I 2026-07-22 20:37:13,615] Trial 224 finished with values: [10.76923076903347, 10.76923076903347] and parameters: {'k1': 1.263794633808287e-05, 'D_low': 4.439648242927527, 'k2': 0.000252551664529441, 'D_high': 65835.85310972678, 'fire_exp': 1.4324834025078965, 'P_half': 108.21382910613987, 'pre_dampen_half': 345.01054536130147, 'gpp_af': 0.05511595477601764, 'gpp_b': 0.062478609977409824, 'gpp_d': 59.945376567988106, 'ign_k': 0.038563028138793747, 'ign_c': 534.7027553411477, 'trop_agb_crit': 2.679156169946616, 'trop_k_veg': 0.7818074020304813, 'fuel_k': 0.025620781631399487, 'fuel_half': 60.223067871697125}.
[I 2026-07-22 20:37:14,043] Trial 225 finished with values: [10.692003084272859, 10.692003084272859] and parameters: {'k1': 1.263794633808287e-05, 'D_low': 4.439648242927527, 'k2': 1.3357240411974104e-05, 'D_high': 61211.32154754238, 'fire_exp': 2.0715108722728917, 'P_half': 108.21382910613987, 'pre_dampen_half': 345.01054536130147, 'gpp_af': 0.0032549823648826497, 'gpp_b': 0.0028993292583566945, 'gpp_d': 40.95062894476691, 'ign_k': 0.013276678836047658, 'ign_c': 0.2031980983842498, 'trop_agb_crit': 8.983402272488592, 'trop_k_veg': 0.8170196702261714, 'fuel_k': 3.826843441487285, 'fuel_half': 26.56813924114493}.
[I 2026-07-22 20:37:14,472] Trial 226 finished with values: [10.544447899802158, 10.544447899802158] and parameters: {'k1': 0.008471801418819975, 'D_low': 2240.9155921647994, 'k2': 0.0004976087827261435, 'D_high': 25566.506194206, 'fire_exp': 1.10726080528881, 'P_half': 93.43302657318476, 'pre_dampen_half': 0.2774295811500811, 'gpp_af': 3.470266988650414, 'gpp_b': 2.176805640408474e-05, 'gpp_d': 707.2114131472224, 'ign_k': 0.0029519227433917453, 'ign_c': 0.7068974950624601, 'trop_agb_crit': 3.1419938725278875, 'trop_k_veg': 2.520089655463604, 'fuel_k': 0.014999101825504624, 'fuel_half': 93.29979664603117}.
[I 2026-07-22 20:37:14,893] Trial 227 finished with values: [10.7689026336811, 10.7689026336811] and parameters: {'k1': 1.844951990812239e-05, 'D_low': 2240.9155921647994, 'k2': 0.014666151770108535, 'D_high': 1124534.1807254383, 'fire_exp': 1.8719045352638064, 'P_half': 93.43302657318476, 'pre_dampen_half': 0.10189118197357125, 'gpp_af': 0.2991469302130216, 'gpp_b': 4.201176460336357, 'gpp_d': 707.2114131472224, 'ign_k': 0.5643426708406567, 'ign_c': 0.7068974950624601, 'trop_agb_crit': 2.679156169946616, 'trop_k_veg': 2.1144348148283285, 'fuel_k': 0.07002142869039267, 'fuel_half': 3.75205585512428}.
[I 2026-07-22 20:37:15,356] Trial 228 finished with values: [10.172266955420476, 10.172266955420476] and parameters: {'k1': 0.0006579066240690734, 'D_low': 216.6574784061471, 'k2': 0.00016536937182824412, 'D_high': 150011.2079985058, 'fire_exp': 1.9325784557452017, 'P_half': 8.318314747941244, 'pre_dampen_half': 13.472769577631588, 'gpp_af': 0.24002253099641152, 'gpp_b': 0.005419266601560437, 'gpp_d': 707.2114131472224, 'ign_k': 0.008226074946221037, 'ign_c': 0.1867876836333246, 'trop_agb_crit': 1.111888584843313, 'trop_k_veg': 1.034587866621145, 'fuel_k': 0.07002142869039267, 'fuel_half': 0.17108183937377372}.
[I 2026-07-22 20:37:15,848] Trial 229 finished with values: [10.332524106309261, 10.332524106309261] and parameters: {'k1': 0.012840669372724958, 'D_low': 2240.9155921647994, 'k2': 0.014666151770108535, 'D_high': 2742371.6496047364, 'fire_exp': 1.0425212905832526, 'P_half': 93.43302657318476, 'pre_dampen_half': 0.3197553611222444, 'gpp_af': 0.2991469302130216, 'gpp_b': 0.0028993292583566945, 'gpp_d': 12.6084874067596, 'ign_k': 0.012868405331151606, 'ign_c': 6.968111190775308, 'trop_agb_crit': 2.679156169946616, 'trop_k_veg': 2.1144348148283285, 'fuel_k': 0.9277034540062488, 'fuel_half': 1.3323297901105766}.
[I 2026-07-22 20:37:16,282] Trial 230 finished with values: [11.81756061044369, 11.81756061044369] and parameters: {'k1': 0.004898620823554844, 'D_low': 1.6752866684650682, 'k2': 0.0195165137832656, 'D_high': 7589190.453000005, 'fire_exp': 1.1234725391720877, 'P_half': 56.22114524476698, 'pre_dampen_half': 70.78932406899753, 'gpp_af': 0.05511595477601764, 'gpp_b': 2.852199954727099e-05, 'gpp_d': 274.48645214004335, 'ign_k': 0.003252245757497283, 'ign_c': 30.785541778315018, 'trop_agb_crit': 6.289029460848807, 'trop_k_veg': 2.927602344444864, 'fuel_k': 0.03201034713747641, 'fuel_half': 0.15923986634904905}.
[I 2026-07-22 20:37:16,740] Trial 231 finished with values: [10.374643849313546, 10.374643849313546] and parameters: {'k1': 0.00021066486017042195, 'D_low': 356.959242804259, 'k2': 2.296989871634208e-05, 'D_high': 893.5110590331861, 'fire_exp': 1.1109593465084138, 'P_half': 2.0598022365449626, 'pre_dampen_half': 272.9378165037472, 'gpp_af': 0.8057329182285735, 'gpp_b': 5.2187377767382e-05, 'gpp_d': 36.831884165358964, 'ign_k': 0.13500744867919376, 'ign_c': 0.8053471030316095, 'trop_agb_crit': 1.7024582907699128, 'trop_k_veg': 0.7258074184598352, 'fuel_k': 0.28328975157735103, 'fuel_half': 72.7420826493834}.
[I 2026-07-22 20:37:17,189] Trial 232 finished with values: [10.471490840728663, 10.471490840728663] and parameters: {'k1': 0.0007883068789768041, 'D_low': 3.86371393182755, 'k2': 0.0009256855841989632, 'D_high': 6931.554219323896, 'fire_exp': 1.480442702914831, 'P_half': 102.4585893986732, 'pre_dampen_half': 0.9829324480069707, 'gpp_af': 0.0021221774916927918, 'gpp_b': 0.0001484082099455773, 'gpp_d': 0.8423423635296957, 'ign_k': 2.5383218374507304, 'ign_c': 1.8522006003174372, 'trop_agb_crit': 1.7797595772834214, 'trop_k_veg': 2.5117307861546383, 'fuel_k': 3.988224126368738, 'fuel_half': 12.24868285680487}.
[I 2026-07-22 20:37:17,613] Trial 233 finished with values: [10.631738419650802, 10.631738419650802] and parameters: {'k1': 1.263794633808287e-05, 'D_low': 166.32295851843423, 'k2': 0.00018245734513362482, 'D_high': 3714594.1935037985, 'fire_exp': 1.3338126188125452, 'P_half': 24.184227958471602, 'pre_dampen_half': 0.1261583527429052, 'gpp_af': 0.017638479543546873, 'gpp_b': 0.0028993292583566945, 'gpp_d': 59.945376567988106, 'ign_k': 2.5383218374507304, 'ign_c': 0.2031980983842498, 'trop_agb_crit': 2.679156169946616, 'trop_k_veg': 1.1514990646668624, 'fuel_k': 0.07002142869039267, 'fuel_half': 26.56813924114493}.
[I 2026-07-22 20:37:18,031] Trial 234 finished with values: [10.698153435747482, 10.698153435747482] and parameters: {'k1': 0.0007883068789768041, 'D_low': 3.4392679601000533, 'k2': 0.0009256855841989632, 'D_high': 3202.466937185167, 'fire_exp': 1.6236231976277165, 'P_half': 102.4585893986732, 'pre_dampen_half': 0.9829324480069707, 'gpp_af': 0.2901272149738624, 'gpp_b': 5.2187377767382e-05, 'gpp_d': 707.2114131472224, 'ign_k': 0.013276678836047658, 'ign_c': 0.12510188850164433, 'trop_agb_crit': 1.7024582907699128, 'trop_k_veg': 0.8170196702261714, 'fuel_k': 4.0632364973692425, 'fuel_half': 43.38653054883512}.
[I 2026-07-22 20:37:18,454] Trial 235 finished with values: [10.253024249917376, 10.253024249917376] and parameters: {'k1': 0.003045524314144144, 'D_low': 1.6752866684650682, 'k2': 1.3357240411974104e-05, 'D_high': 65835.85310972678, 'fire_exp': 1.0722486667069802, 'P_half': 108.21382910613987, 'pre_dampen_half': 345.01054536130147, 'gpp_af': 0.024714492403026287, 'gpp_b': 0.0028993292583566945, 'gpp_d': 0.01693207443721426, 'ign_k': 0.001609633064821938, 'ign_c': 0.2031980983842498, 'trop_agb_crit': 2.017343814481252, 'trop_k_veg': 0.7818074020304813, 'fuel_k': 3.826843441487285, 'fuel_half': 11.781063202742125}.
[I 2026-07-22 20:37:18,873] Trial 236 finished with values: [10.299655775037868, 10.299655775037868] and parameters: {'k1': 0.030630016066530773, 'D_low': 216.6574784061471, 'k2': 0.00016536937182824412, 'D_high': 150011.2079985058, 'fire_exp': 1.8719045352638064, 'P_half': 93.43302657318476, 'pre_dampen_half': 1.2531420756075002, 'gpp_af': 0.017324270154949098, 'gpp_b': 0.0013672126623075966, 'gpp_d': 707.2114131472224, 'ign_k': 7.833500522138167, 'ign_c': 0.5655677524618509, 'trop_agb_crit': 1.1693687409928537, 'trop_k_veg': 1.034587866621145, 'fuel_k': 0.07002142869039267, 'fuel_half': 0.17108183937377372}.
[I 2026-07-22 20:37:19,298] Trial 237 finished with values: [10.76923076903347, 10.76923076903347] and parameters: {'k1': 0.0009299619346742016, 'D_low': 35.437765484261625, 'k2': 0.0012056765208549535, 'D_high': 7589190.453000005, 'fire_exp': 1.5191397119156032, 'P_half': 20.654107883022302, 'pre_dampen_half': 14.689407256107613, 'gpp_af': 0.03522602097143089, 'gpp_b': 2.852199954727099e-05, 'gpp_d': 0.04409594046630608, 'ign_k': 3.965503094323014, 'ign_c': 750.7777979297798, 'trop_agb_crit': 1.6034837661963206, 'trop_k_veg': 2.724170387400844, 'fuel_k': 0.03201034713747641, 'fuel_half': 0.43540407017515786}.
  trial  238/2500  pareto_size=1  best_taylor=0.7469  best_ilamb=0.5998  (1.7 min)
[I 2026-07-22 20:37:19,757] Trial 238 finished with values: [10.702456163872425, 10.702456163872425] and parameters: {'k1': 7.902459656172905e-05, 'D_low': 3.86371393182755, 'k2': 0.0009256855841989632, 'D_high': 2007776.2367162877, 'fire_exp': 1.9875426482567706, 'P_half': 102.4585893986732, 'pre_dampen_half': 0.01939964577577238, 'gpp_af': 0.2901272149738624, 'gpp_b': 0.004458440839692221, 'gpp_d': 483.22422323215085, 'ign_k': 0.012868405331151606, 'ign_c': 0.12510188850164433, 'trop_agb_crit': 1.626357634890109, 'trop_k_veg': 0.8170196702261714, 'fuel_k': 4.0632364973692425, 'fuel_half': 0.17108183937377372}.
[I 2026-07-22 20:37:20,179] Trial 239 finished with values: [-0.29008734784252, 0.22722795829282016] and parameters: {'k1': 0.0006579066240690734, 'D_low': 216.6574784061471, 'k2': 3.3139424373452e-05, 'D_high': 354469.7472374598, 'fire_exp': 1.9325784557452017, 'P_half': 8.318314747941244, 'pre_dampen_half': 14.689407256107613, 'gpp_af': 0.015875524914818664, 'gpp_b': 2.852199954727099e-05, 'gpp_d': 59.945376567988106, 'ign_k': 0.003252245757497283, 'ign_c': 0.5655677524618509, 'trop_agb_crit': 1.111888584843313, 'trop_k_veg': 2.9556982260250564, 'fuel_k': 0.03201034713747641, 'fuel_half': 1.0889347318773486}.
[I 2026-07-22 20:37:20,602] Trial 240 finished with values: [10.769229582847549, 10.769229582847549] and parameters: {'k1': 1.2541447539026069e-05, 'D_low': 2240.9155921647994, 'k2': 0.0009562822793888481, 'D_high': 2742371.6496047364, 'fire_exp': 1.10726080528881, 'P_half': 355.00125258511594, 'pre_dampen_half': 0.01290083312696445, 'gpp_af': 3.470266988650414, 'gpp_b': 0.0001484082099455773, 'gpp_d': 2.545074556541602, 'ign_k': 2.136832907235876, 'ign_c': 39.52220881906112, 'trop_agb_crit': 3.1419938725278875, 'trop_k_veg': 1.226409584206465, 'fuel_k': 0.07002142869039267, 'fuel_half': 0.30817917005205625}.
[I 2026-07-22 20:37:21,057] Trial 241 finished with values: [10.554379049381206, 10.554379049381206] and parameters: {'k1': 0.038650368562597265, 'D_low': 1.5983646703804382, 'k2': 0.004679839449773939, 'D_high': 108.12328381849699, 'fire_exp': 1.1926677989338226, 'P_half': 1.457050032975653, 'pre_dampen_half': 30.6973818311793, 'gpp_af': 0.024714492403026287, 'gpp_b': 0.00011536203425923768, 'gpp_d': 0.027765958408796157, 'ign_k': 0.0030376902301221657, 'ign_c': 6.968111190775308, 'trop_agb_crit': 2.017343814481252, 'trop_k_veg': 1.372760022287972, 'fuel_k': 0.2503625235956924, 'fuel_half': 11.781063202742125}.
[I 2026-07-22 20:37:21,478] Trial 242 finished with values: [10.038504095101988, 10.038504095101988] and parameters: {'k1': 0.0009299619346742016, 'D_low': 35.437765484261625, 'k2': 0.06598741607403362, 'D_high': 7589190.453000005, 'fire_exp': 1.6618799814410974, 'P_half': 20.654107883022302, 'pre_dampen_half': 14.689407256107613, 'gpp_af': 0.6378078463802856, 'gpp_b': 2.852199954727099e-05, 'gpp_d': 0.04409594046630608, 'ign_k': 0.0011417577140741143, 'ign_c': 0.2939463458625969, 'trop_agb_crit': 1.1693687409928537, 'trop_k_veg': 0.559773544096922, 'fuel_k': 2.3801202050712624, 'fuel_half': 0.43540407017515786}.
[I 2026-07-22 20:37:21,903] Trial 243 finished with values: [10.661331855088134, 10.661331855088134] and parameters: {'k1': 0.008471801418819975, 'D_low': 854.7894284699893, 'k2': 0.00018245734513362482, 'D_high': 422156.2491370542, 'fire_exp': 1.5704801393982246, 'P_half': 1.9977959434035766, 'pre_dampen_half': 43.74654720293282, 'gpp_af': 3.470266988650414, 'gpp_b': 1.3289448722869181e-05, 'gpp_d': 0.04409594046630608, 'ign_k': 0.009674045662145934, 'ign_c': 188.97713941351608, 'trop_agb_crit': 15.16471267552962, 'trop_k_veg': 1.1514990646668624, 'fuel_k': 0.057024351269772615, 'fuel_half': 1.0889347318773486}.
