[I 2026-06-11 01:15:41,914] Trial 1190 finished with values: [10.35685044144677, 10.35685044144677] and parameters: {'k1': 0.09738633019266786, 'D_low': 98.98117700885537, 'k2': 0.011469197890812934, 'D_high': 1024.9816559563214, 'fire_exp': 1.1258453832483524, 'P_half': 16.051347487097576, 'pre_dampen_half': 502.5175192217655, 'gpp_af': 10.423598559895897, 'gpp_b': 0.00010318352929732131, 'gpp_d': 2.8006820077310213, 'ign_k': 8.761971101023693, 'ign_c': 15.221840161091626, 'trop_agb_crit': 24.584290528289387, 'trop_k_veg': 4.599337386928772, 'fuel_k': 0.04618261343082179, 'fuel_half': 52.00581729114123}.
[I 2026-06-11 01:15:43,912] Trial 1191 finished with values: [10.499572529117115, 10.499572529117115] and parameters: {'k1': 0.09738633019266786, 'D_low': 98.98117700885537, 'k2': 0.011469197890812934, 'D_high': 1024.9816559563214, 'fire_exp': 1.0881360604103363, 'P_half': 16.051347487097576, 'pre_dampen_half': 502.5175192217655, 'gpp_af': 0.005618069878716736, 'gpp_b': 0.010745846720239356, 'gpp_d': 1.2771451735248283, 'ign_k': 8.761971101023693, 'ign_c': 0.11650681118986138, 'trop_agb_crit': 6.1198430581046965, 'trop_k_veg': 4.599337386928772, 'fuel_k': 4.680936683972861, 'fuel_half': 52.00581729114123}.
[I 2026-06-11 01:15:46,684] Trial 1192 finished with values: [10.696848315338372, 10.696848315338372] and parameters: {'k1': 0.05233480488540085, 'D_low': 1.4045842344024697, 'k2': 0.011469197890812934, 'D_high': 1024.9816559563214, 'fire_exp': 1.1258453832483524, 'P_half': 1327.5361137191958, 'pre_dampen_half': 502.5175192217655, 'gpp_af': 0.015769192447197523, 'gpp_b': 0.00012118589392553798, 'gpp_d': 2.8006820077310213, 'ign_k': 8.761971101023693, 'ign_c': 0.9294394155644988, 'trop_agb_crit': 5.881906289439389, 'trop_k_veg': 4.599337386928772, 'fuel_k': 3.6992394681929337, 'fuel_half': 0.14319038307687884}.
[I 2026-06-11 01:15:48,909] Trial 1193 finished with values: [10.217612448708202, 10.217612448708202] and parameters: {'k1': 0.05233480488540085, 'D_low': 1.4045842344024697, 'k2': 0.011469197890812934, 'D_high': 1024.9816559563214, 'fire_exp': 1.1258453832483524, 'P_half': 16.051347487097576, 'pre_dampen_half': 502.5175192217655, 'gpp_af': 0.005618069878716736, 'gpp_b': 0.00012118589392553798, 'gpp_d': 2.8006820077310213, 'ign_k': 8.761971101023693, 'ign_c': 15.221840161091626, 'trop_agb_crit': 5.881906289439389, 'trop_k_veg': 4.599337386928772, 'fuel_k': 4.680936683972861, 'fuel_half': 15.29850686893745}.
[I 2026-06-11 01:15:50,968] Trial 1194 finished with values: [10.010806273407255, 10.010806273407255] and parameters: {'k1': 0.09738633019266786, 'D_low': 98.98117700885537, 'k2': 0.011469197890812934, 'D_high': 1024.9816559563214, 'fire_exp': 1.1258453832483524, 'P_half': 220.3445560633069, 'pre_dampen_half': 502.5175192217655, 'gpp_af': 0.005782026351795939, 'gpp_b': 0.00012118589392553798, 'gpp_d': 1.2771451735248283, 'ign_k': 7.387652535866474, 'ign_c': 0.9294394155644988, 'trop_agb_crit': 6.1198430581046965, 'trop_k_veg': 7.359706248396124, 'fuel_k': 0.05597555634027867, 'fuel_half': 27.4762346187747}.
[I 2026-06-11 01:15:53,563] Trial 1195 finished with values: [10.074789814546532, 10.074789814546532] and parameters: {'k1': 0.09738633019266786, 'D_low': 98.98117700885537, 'k2': 0.03865036856259725, 'D_high': 1024.9816559563214, 'fire_exp': 1.1258453832483524, 'P_half': 16.051347487097576, 'pre_dampen_half': 502.5175192217655, 'gpp_af': 0.015769192447197523, 'gpp_b': 0.0032104497420724493, 'gpp_d': 314.6826989726468, 'ign_k': 8.761971101023693, 'ign_c': 15.221840161091626, 'trop_agb_crit': 1.1073237802669997, 'trop_k_veg': 4.599337386928772, 'fuel_k': 3.6992394681929337, 'fuel_half': 10.06119804781128}.
[I 2026-06-11 01:15:55,442] Trial 1196 finished with values: [10.769230769178105, 10.769230769178105] and parameters: {'k1': 0.05233480488540085, 'D_low': 8638.558450754015, 'k2': 0.011469197890812934, 'D_high': 967.9314683873941, 'fire_exp': 1.2310899049053081, 'P_half': 16.051347487097576, 'pre_dampen_half': 502.5175192217655, 'gpp_af': 0.005618069878716736, 'gpp_b': 3.228689523591491e-05, 'gpp_d': 2.8006820077310213, 'ign_k': 0.4695480001817503, 'ign_c': 15.221840161091626, 'trop_agb_crit': 1.310122900330372, 'trop_k_veg': 4.1309639246402785, 'fuel_k': 0.05597555634027867, 'fuel_half': 0.12399445060149628}.
[I 2026-06-11 01:15:56,996] Trial 1197 finished with values: [-0.8060116971713487, 0.19657877443724037] and parameters: {'k1': 0.003456886280594567, 'D_low': 4.484744524732794, 'k2': 0.0027431991397796683, 'D_high': 1024.9816559563214, 'fire_exp': 1.1258453832483524, 'P_half': 16.051347487097576, 'pre_dampen_half': 502.5175192217655, 'gpp_af': 0.008562341633595545, 'gpp_b': 0.00012118589392553798, 'gpp_d': 2.8006820077310213, 'ign_k': 8.761971101023693, 'ign_c': 15.221840161091626, 'trop_agb_crit': 9.836162684900028, 'trop_k_veg': 4.599337386928772, 'fuel_k': 4.680936683972861, 'fuel_half': 15.29850686893745}.
[I 2026-06-11 01:15:58,585] Trial 1198 finished with values: [-0.8216498852326936, 0.22001982616673044] and parameters: {'k1': 0.09738633019266786, 'D_low': 98.98117700885537, 'k2': 0.03865036856259725, 'D_high': 1390.2686711035008, 'fire_exp': 1.1258453832483524, 'P_half': 16.051347487097576, 'pre_dampen_half': 502.5175192217655, 'gpp_af': 0.006757319853660377, 'gpp_b': 0.00010318352929732131, 'gpp_d': 2.8006820077310213, 'ign_k': 8.761971101023693, 'ign_c': 15.221840161091626, 'trop_agb_crit': 9.879645484210656, 'trop_k_veg': 4.1309639246402785, 'fuel_k': 0.05597555634027867, 'fuel_half': 15.29850686893745}.
[I 2026-06-11 01:16:00,258] Trial 1199 finished with values: [-0.801510699502023, 0.18369158770373883] and parameters: {'k1': 0.05233480488540085, 'D_low': 98.98117700885537, 'k2': 0.03865036856259725, 'D_high': 1024.9816559563214, 'fire_exp': 1.0881360604103363, 'P_half': 10.226988730324324, 'pre_dampen_half': 502.5175192217655, 'gpp_af': 0.005782026351795939, 'gpp_b': 0.00012118589392553798, 'gpp_d': 2.8006820077310213, 'ign_k': 0.5131654955148326, 'ign_c': 0.11650681118986138, 'trop_agb_crit': 9.879645484210656, 'trop_k_veg': 4.599337386928772, 'fuel_k': 0.05597555634027867, 'fuel_half': 52.00581729114123}.
[setup] CRUJRA climate from data/crujra/, GPP from global_baseline_modelC_inputs_1997-2016.nc ...
[setup] loading GFED5 reference from burntArea.nc ...
[setup] land cells (GFED5 burnable): 13916 / 64800 (21.5%)
[setup] GFED5 land-mean monthly frac: 0.005068
[opt] REGION=Africa: fitting 1816 land cells only
[opt] warm-start from params.africafuel.json
[warm] Overall=0.5750  bias=0.6751 rmse=0.3562 seas=0.7680 spatial=0.7194
[opt] sampler=NSGAIISampler seed=42
[opt] running 1200 trials against GFED5 ...
  trial   11/1200  pareto_size=1  best_taylor=0.8259  best_ilamb=0.5750  (0.3 min)
  trial   24/1200  pareto_size=1  best_taylor=0.8259  best_ilamb=0.5750  (0.7 min)
  trial   38/1200  pareto_size=1  best_taylor=0.8259  best_ilamb=0.5750  (1.0 min)
  trial   52/1200  pareto_size=1  best_taylor=0.8259  best_ilamb=0.5750  (1.4 min)
  trial   66/1200  pareto_size=1  best_taylor=0.8259  best_ilamb=0.5750  (1.7 min)
  trial   79/1200  pareto_size=1  best_taylor=0.8259  best_ilamb=0.5750  (2.1 min)
  trial   93/1200  pareto_size=1  best_taylor=0.8259  best_ilamb=0.5750  (2.4 min)
  trial  107/1200  pareto_size=1  best_taylor=0.8259  best_ilamb=0.5750  (2.8 min)
  trial  121/1200  pareto_size=1  best_taylor=0.8259  best_ilamb=0.5750  (3.1 min)
  trial  136/1200  pareto_size=1  best_taylor=0.8259  best_ilamb=0.5750  (3.5 min)
  trial  150/1200  pareto_size=1  best_taylor=0.8259  best_ilamb=0.5750  (3.8 min)
  trial  164/1200  pareto_size=1  best_taylor=0.8259  best_ilamb=0.5750  (4.1 min)
  trial  179/1200  pareto_size=1  best_taylor=0.8259  best_ilamb=0.5750  (4.5 min)
  trial  194/1200  pareto_size=1  best_taylor=0.8259  best_ilamb=0.5750  (4.9 min)
  trial  208/1200  pareto_size=1  best_taylor=0.8259  best_ilamb=0.5750  (5.2 min)
  trial  223/1200  pareto_size=1  best_taylor=0.8259  best_ilamb=0.5750  (5.6 min)
  trial  238/1200  pareto_size=1  best_taylor=0.8259  best_ilamb=0.5750  (5.9 min)
  trial  253/1200  pareto_size=1  best_taylor=0.8259  best_ilamb=0.5750  (6.3 min)
  trial  267/1200  pareto_size=1  best_taylor=0.8259  best_ilamb=0.5750  (6.6 min)
  trial  282/1200  pareto_size=1  best_taylor=0.8259  best_ilamb=0.5750  (7.0 min)
  trial  297/1200  pareto_size=1  best_taylor=0.8259  best_ilamb=0.5750  (7.3 min)
  trial  313/1200  pareto_size=1  best_taylor=0.8259  best_ilamb=0.5750  (7.6 min)
  trial  329/1200  pareto_size=1  best_taylor=0.8259  best_ilamb=0.5750  (8.0 min)
  trial  343/1200  pareto_size=1  best_taylor=0.8259  best_ilamb=0.5750  (8.3 min)
  trial  359/1200  pareto_size=1  best_taylor=0.8259  best_ilamb=0.5750  (8.7 min)
  trial  375/1200  pareto_size=1  best_taylor=0.8259  best_ilamb=0.5750  (9.1 min)
  trial  390/1200  pareto_size=1  best_taylor=0.8259  best_ilamb=0.5750  (9.4 min)
  trial  405/1200  pareto_size=1  best_taylor=0.8259  best_ilamb=0.5750  (9.7 min)
  trial  421/1200  pareto_size=1  best_taylor=0.8259  best_ilamb=0.5750  (10.1 min)
  trial  436/1200  pareto_size=1  best_taylor=0.8259  best_ilamb=0.5750  (10.4 min)
  trial  451/1200  pareto_size=1  best_taylor=0.8259  best_ilamb=0.5750  (10.8 min)
  trial  467/1200  pareto_size=2  best_taylor=0.8259  best_ilamb=0.5750  (11.1 min)
  trial  482/1200  pareto_size=2  best_taylor=0.8259  best_ilamb=0.5750  (11.5 min)
  trial  498/1200  pareto_size=2  best_taylor=0.8259  best_ilamb=0.5750  (11.8 min)
  trial  514/1200  pareto_size=2  best_taylor=0.8259  best_ilamb=0.5750  (12.2 min)
  trial  530/1200  pareto_size=2  best_taylor=0.8259  best_ilamb=0.5750  (12.5 min)
  trial  545/1200  pareto_size=2  best_taylor=0.8259  best_ilamb=0.5750  (12.9 min)
  trial  560/1200  pareto_size=2  best_taylor=0.8259  best_ilamb=0.5750  (13.2 min)
  trial  574/1200  pareto_size=2  best_taylor=0.8259  best_ilamb=0.5750  (13.6 min)
  trial  588/1200  pareto_size=2  best_taylor=0.8259  best_ilamb=0.5750  (13.9 min)
  trial  603/1200  pareto_size=2  best_taylor=0.8259  best_ilamb=0.5750  (14.3 min)
  trial  618/1200  pareto_size=2  best_taylor=0.8259  best_ilamb=0.5750  (14.6 min)
  trial  633/1200  pareto_size=2  best_taylor=0.8259  best_ilamb=0.5750  (15.0 min)
  trial  649/1200  pareto_size=2  best_taylor=0.8259  best_ilamb=0.5750  (15.3 min)
  trial  664/1200  pareto_size=2  best_taylor=0.8259  best_ilamb=0.5750  (15.7 min)
  trial  679/1200  pareto_size=2  best_taylor=0.8259  best_ilamb=0.5750  (16.0 min)
  trial  694/1200  pareto_size=4  best_taylor=0.8259  best_ilamb=0.5750  (16.3 min)
  trial  708/1200  pareto_size=4  best_taylor=0.8259  best_ilamb=0.5750  (16.7 min)
  trial  720/1200  pareto_size=4  best_taylor=0.8259  best_ilamb=0.5750  (17.0 min)
  trial  735/1200  pareto_size=4  best_taylor=0.8259  best_ilamb=0.5750  (17.4 min)
  trial  749/1200  pareto_size=4  best_taylor=0.8259  best_ilamb=0.5750  (17.7 min)
  trial  764/1200  pareto_size=4  best_taylor=0.8259  best_ilamb=0.5750  (18.1 min)
  trial  779/1200  pareto_size=4  best_taylor=0.8259  best_ilamb=0.5750  (18.4 min)
  trial  794/1200  pareto_size=4  best_taylor=0.8259  best_ilamb=0.5750  (18.8 min)
  trial  808/1200  pareto_size=4  best_taylor=0.8259  best_ilamb=0.5750  (19.2 min)
  trial  822/1200  pareto_size=4  best_taylor=0.8259  best_ilamb=0.5750  (19.5 min)
  trial  838/1200  pareto_size=4  best_taylor=0.8259  best_ilamb=0.5750  (19.9 min)
  trial  853/1200  pareto_size=4  best_taylor=0.8259  best_ilamb=0.5750  (20.2 min)
  trial  868/1200  pareto_size=4  best_taylor=0.8259  best_ilamb=0.5750  (20.6 min)
  trial  882/1200  pareto_size=4  best_taylor=0.8259  best_ilamb=0.5750  (21.0 min)
  trial  895/1200  pareto_size=4  best_taylor=0.8259  best_ilamb=0.5750  (21.3 min)
  trial  908/1200  pareto_size=4  best_taylor=0.8259  best_ilamb=0.5750  (21.7 min)
  trial  922/1200  pareto_size=4  best_taylor=0.8259  best_ilamb=0.5750  (22.0 min)
  trial  935/1200  pareto_size=4  best_taylor=0.8259  best_ilamb=0.5750  (22.4 min)
  trial  948/1200  pareto_size=4  best_taylor=0.8259  best_ilamb=0.5750  (22.7 min)
  trial  962/1200  pareto_size=4  best_taylor=0.8259  best_ilamb=0.5750  (23.1 min)
  trial  976/1200  pareto_size=5  best_taylor=0.8259  best_ilamb=0.5750  (23.4 min)
  trial  989/1200  pareto_size=6  best_taylor=0.8259  best_ilamb=0.5750  (23.8 min)
  trial 1003/1200  pareto_size=6  best_taylor=0.8259  best_ilamb=0.5750  (24.1 min)
  trial 1017/1200  pareto_size=6  best_taylor=0.8259  best_ilamb=0.5750  (24.5 min)
  trial 1031/1200  pareto_size=6  best_taylor=0.8259  best_ilamb=0.5750  (24.8 min)
  trial 1045/1200  pareto_size=6  best_taylor=0.8259  best_ilamb=0.5750  (25.2 min)
  trial 1059/1200  pareto_size=7  best_taylor=0.8259  best_ilamb=0.5925  (25.5 min)
  trial 1073/1200  pareto_size=9  best_taylor=0.8259  best_ilamb=0.5925  (25.9 min)
  trial 1087/1200  pareto_size=9  best_taylor=0.8259  best_ilamb=0.5925  (26.2 min)
  trial 1101/1200  pareto_size=10  best_taylor=0.8259  best_ilamb=0.5925  (26.6 min)
  trial 1115/1200  pareto_size=10  best_taylor=0.8259  best_ilamb=0.5925  (27.0 min)
  trial 1129/1200  pareto_size=11  best_taylor=0.8259  best_ilamb=0.5925  (27.3 min)
  trial 1143/1200  pareto_size=11  best_taylor=0.8259  best_ilamb=0.5925  (27.7 min)
  trial 1157/1200  pareto_size=12  best_taylor=0.8259  best_ilamb=0.5925  (28.0 min)
  trial 1171/1200  pareto_size=12  best_taylor=0.8259  best_ilamb=0.5750  (28.4 min)
  trial 1183/1200  pareto_size=12  best_taylor=0.8259  best_ilamb=0.5750  (28.8 min)
  trial 1195/1200  pareto_size=12  best_taylor=0.8259  best_ilamb=0.5750  (29.1 min)

[done] 1200 trials in 29.3 min
[pareto] 12 non-dominated trials, 7 with fp_score >= 0.85
[chosen] trial 0: ILAMB=0.5750  fp_score=0.8504  ratio=1.04
[best] Bias=0.6751  RMSE=0.3562  Seas=0.7680  Spatial=0.7194  Overall=0.5750
[diag] raw rate land-mean (yr^-1): 0.1071  (target ~ 0.06082)
[write] D:\FIRE_OFFLINE\models\C\params.africaseas.json
[write] D:\FIRE_OFFLINE\ilamb\MODELS\ED-ModelC-final\burntArea.africaseas.nc  (9.3 MB)

[FIX2] dumping top-6 Pareto candidates -> D:\FIRE_OFFLINE\ilamb\MODELS_TOPK_africaseas
  k1: trial 0  internal_overall=0.5750  taylor=0.8259  sigma=0.918  fp=0.850  ratio=1.04  amp=1.00
  k2: trial 967  internal_overall=0.5561  taylor=0.8037  sigma=0.948  fp=0.899  ratio=0.91  amp=1.00
  k3: trial 1069  internal_overall=0.5561  taylor=0.8037  sigma=0.948  fp=0.899  ratio=0.91  amp=1.00
  k4: trial 1158  internal_overall=0.5595  taylor=0.7656  sigma=0.946  fp=0.882  ratio=0.86  amp=1.00
  k5: trial 879  internal_overall=0.5215  taylor=0.7530  sigma=1.042  fp=0.940  ratio=0.88  amp=1.00
  k6: trial 1145  internal_overall=0.5215  taylor=0.7530  sigma=1.042  fp=0.940  ratio=0.88  amp=1.00
[FIX2] manifest -> D:\FIRE_OFFLINE\models\C\topk.africaseas.json
[FIX2] re-score all candidates with official ILAMB (CLAUDE.md recipe; clean ._* first), e.g. --model_root "$PWD/ilamb/MODELS_TOPK_africaseas"
[FIX2] promote the candidate with the best OFFICIAL Overall, NOT the internal one.
=== done Africa exit=0 ===
=== fitting Boreal (TAG=borealseas, RATE_AMP, warm=params.boreal.json) ===
[I 2026-06-11 01:16:53,789] A new study created in memory with name: no-name-4109ece3-7d51-4f9a-805a-53f3f08d6b4e
[I 2026-06-11 01:16:55,380] Trial 0 finished with values: [-0.6157079850520624, 0.070155827429638] and parameters: {'k1': 0.03648456083047798, 'D_low': 236.79352040223893, 'k2': 0.019383858782150494, 'D_high': 7333.200379637292, 'fire_exp': 1.5191397119156032, 'P_half': 1.4551749476072258, 'pre_dampen_half': 8.259599205585761, 'gpp_af': 0.060029341913968644, 'gpp_b': 5.0875243087016374e-05, 'gpp_d': 1.4397852866783676, 'ign_k': 0.0032383308053152635, 'ign_c': 22.126836566118193, 'trop_agb_crit': 1.8023542850487386, 'trop_k_veg': 2.724170387400844, 'fire_amp': 2.7806853670293616}.
[I 2026-06-11 01:16:57,135] Trial 1 finished with values: [10.769219985783613, 10.769219985783613] and parameters: {'k1': 0.00031489116479568613, 'D_low': 6351.221010640702, 'k2': 0.008471801418819975, 'D_high': 2481.0409748678126, 'fire_exp': 1.4322493718230251, 'P_half': 4.2070539502879365, 'pre_dampen_half': 0.0195172246414495, 'gpp_af': 21.42302175774105, 'gpp_b': 0.040428727350273294, 'gpp_d': 34.70266988650411, 'ign_k': 0.0012087541473056963, 'ign_c': 757.9479953347999, 'trop_agb_crit': 16.967533607196547, 'trop_k_veg': 0.9008485225328876, 'fire_amp': 1.3851197621057665}.
[I 2026-06-11 01:16:58,955] Trial 2 finished with values: [10.769230499566513, 10.769230499566513] and parameters: {'k1': 5.415244119402538e-05, 'D_low': 16.480446427978972, 'k2': 0.0012561043700013551, 'D_high': 534.2937261279774, 'fire_exp': 1.9553708662745248, 'P_half': 280.163515871626, 'pre_dampen_half': 0.04982752357076448, 'gpp_af': 0.028888383623653185, 'gpp_b': 0.0015782327810795573, 'gpp_d': 1.9069966103000422, 'ign_k': 1.382623217936987, 'ign_c': 0.6290644294586147, 'trop_agb_crit': 5.748924681991978, 'trop_k_veg': 2.584093506411774, 'fire_amp': 1.0867895322868466}.
[I 2026-06-11 01:17:00,658] Trial 3 finished with values: [10.769230768838547, 10.769230768838547] and parameters: {'k1': 0.0026926469100861782, 'D_low': 4.809461967501573, 'k2': 1.8205657658407255e-05, 'D_high': 62451.395747430804, 'fire_exp': 9.23915031962725, 'P_half': 1712.3375973163984, 'pre_dampen_half': 0.3334792728637583, 'gpp_af': 0.0030786517836196197, 'gpp_b': 0.12746711578215045, 'gpp_d': 1.587678152692399, 'ign_k': 0.003077180271250686, 'ign_c': 9.565499215943817, 'trop_agb_crit': 1.1240768803005543, 'trop_k_veg': 6.221582596639011, 'fire_amp': 1.5899005744404588}.
[I 2026-06-11 01:17:02,266] Trial 4 finished with values: [10.765031186936254, 10.765031186936254] and parameters: {'k1': 0.004467752817973905, 'D_low': 17.65404805249507, 'k2': 0.0012030178871154666, 'D_high': 1537.592023548176, 'fire_exp': 1.5305744365500176, 'P_half': 7556.810141274427, 'pre_dampen_half': 75.10418138777538, 'gpp_af': 49.830438374949125, 'gpp_b': 2.3386439256208704, 'gpp_d': 9.761125443110442, 'ign_k': 4.869640941520899, 'ign_c': 0.22592797420156951, 'trop_agb_crit': 1.9475582306295418, 'trop_k_veg': 0.5667990147757791, 'fire_amp': 1.7912500010961188}.
[I 2026-06-11 01:17:03,901] Trial 5 finished with values: [10.769216894544817, 10.769216894544817] and parameters: {'k1': 0.00035868164986275477, 'D_low': 12.172958098369968, 'k2': 0.02065142557895925, 'D_high': 267.3088310781672, 'fire_exp': 1.9095652801045373, 'P_half': 148.17820606039086, 'pre_dampen_half': 0.050654860639753524, 'gpp_af': 10.25616274847308, 'gpp_b': 2.800940363375676e-05, 'gpp_d': 859.8737339212263, 'ign_k': 1.2273800987852967, 'ign_c': 0.6235377135673155, 'trop_agb_crit': 1.0189592979395135, 'trop_k_veg': 4.796046723963646, 'fire_amp': 3.548476438923424}.
[I 2026-06-11 01:17:05,663] Trial 6 finished with values: [10.764758206386775, 10.764758206386775] and parameters: {'k1': 0.00824192526487645, 'D_low': 1216.4139351417061, 'k2': 1.97778285124627e-05, 'D_high': 271.55819552829405, 'fire_exp': 1.305777134899723, 'P_half': 2834.090429514774, 'pre_dampen_half': 13.076473382928533, 'gpp_af': 0.04513257622008944, 'gpp_b': 2.4063018320720924e-05, 'gpp_d': 0.3588488911386258, 'ign_k': 0.01998634077852888, 'ign_c': 82.87522363768154, 'trop_agb_crit': 8.74479618932312, 'trop_k_veg': 5.85168037586392, 'fire_amp': 2.330529660087218}.
[I 2026-06-11 01:17:07,385] Trial 7 finished with values: [10.769220974698024, 10.769220974698024] and parameters: {'k1': 3.0086868214458443e-05, 'D_low': 712.8188058401365, 'k2': 0.011044350847124691, 'D_high': 1758.364027000852, 'fire_exp': 5.901564798023388, 'P_half': 94.44574254983563, 'pre_dampen_half': 4.108318894699926, 'gpp_af': 0.137310924682403, 'gpp_b': 1.420740499067604e-05, 'gpp_d': 0.034630370261191847, 'ign_k': 0.0013357240411974098, 'ign_c': 35.12704726270843, 'trop_agb_crit': 2.9130095015495914, 'trop_k_veg': 2.048095183109572, 'fire_amp': 5.0842159235079025}.
[I 2026-06-11 01:17:09,044] Trial 8 finished with values: [10.769230768838547, 10.769230768838547] and parameters: {'k1': 9.935023909063687e-05, 'D_low': 43.805807679056535, 'k2': 0.010524574681335632, 'D_high': 82.26074946221037, 'fire_exp': 1.1939328726535439, 'P_half': 14.421346497969488, 'pre_dampen_half': 0.06398916399944082, 'gpp_af': 44.51314315649209, 'gpp_b': 0.7058660227368639, 'gpp_d': 14.689898077648792, 'ign_k': 3.06085221067225, 'ign_c': 163.94127471631597, 'trop_agb_crit': 1.8861950443028859, 'trop_k_veg': 5.9390657068063915, 'fire_amp': 2.6283902041435616}.
[I 2026-06-11 01:17:10,765] Trial 9 finished with values: [10.65319974590973, 10.65319974590973] and parameters: {'k1': 0.016973078532467004, 'D_low': 3840.3004190988563, 'k2': 0.0001870742013766025, 'D_high': 27.55546207779663, 'fire_exp': 1.6901885781909627, 'P_half': 51.10120656497163, 'pre_dampen_half': 123.04779330083686, 'gpp_af': 20.12115544906385, 'gpp_b': 1.1008110571039521e-05, 'gpp_d': 3.57879245350232, 'ign_k': 0.0467351899956275, 'ign_c': 0.773448215664679, 'trop_agb_crit': 1.5033346993841157, 'trop_k_veg': 1.2749676887479542, 'fire_amp': 5.416595007374148}.
[I 2026-06-11 01:17:12,496] Trial 10 finished with values: [10.769230768838547, 10.769230768838547] and parameters: {'k1': 0.00019625093208439862, 'D_low': 118.89469769530467, 'k2': 0.006487477066058677, 'D_high': 284.78585168562967, 'fire_exp': 9.370916815598129, 'P_half': 7076.022085822009, 'pre_dampen_half': 0.18151456496577564, 'gpp_af': 0.3063673848555845, 'gpp_b': 0.0006386602091836768, 'gpp_d': 0.2655843450849988, 'ign_k': 0.0014045842344024703, 'ign_c': 27.431991397796672, 'trop_agb_crit': 5.527361503993262, 'trop_k_veg': 0.5767088252796749, 'fire_amp': 1.6475139271479562}.
