[I 2026-08-20 01:25:26,942] Trial 2304 finished with value: -0.5598612158554988 and parameters: {'k1': 0.00016546051772762816, 'D_low': 131.93825789463347, 'k2': 0.0009875129077301027, 'D_high': 8189219.306461469, 'fire_exp': 2.1378170874975306, 'P_half': 10.1110351603608, 'pre_dampen_half': 89.93639367898807, 'gpp_af': 0.0031960284193302555, 'gpp_b': 7.974633284541504e-05, 'gpp_d': 174.20697396604433, 'ign_k': 1.7495321739598246, 'ign_c': 22.696248749442926, 'trop_agb_crit': 2.4616921060391634, 'trop_k_veg': 3.4953612815443833, 'pop_amp': 4.287395393121985, 'pop_peak': 0.05950599946344351, 'pop_sig': 0.33611392819362584}. Best is trial 1128 with value: -0.620386984093161.
[I 2026-08-20 01:25:30,157] Trial 2305 finished with value: 0.6063562367716111 and parameters: {'k1': 0.0024166219454951478, 'D_low': 19041.920940498083, 'k2': 0.0004706270278272746, 'D_high': 4136.708521012403, 'fire_exp': 1.6794342487747382, 'P_half': 895.7533282873849, 'pre_dampen_half': 0.018176091052871667, 'gpp_af': 0.9668004072402269, 'gpp_b': 3.177083400590866, 'gpp_d': 0.20155446216063172, 'ign_k': 5.3751057005633545, 'ign_c': 0.26153174019013886, 'trop_agb_crit': 13.48142137653319, 'trop_k_veg': 3.5423589001206244, 'pop_amp': 0.0045959503385436026, 'pop_peak': 7.944035538159179, 'pop_sig': 1.0651226954280961}. Best is trial 1128 with value: -0.620386984093161.
[I 2026-08-20 01:25:32,695] Trial 2306 finished with value: -0.5535129402210687 and parameters: {'k1': 0.0016552194024143456, 'D_low': 9370.716869489026, 'k2': 0.0033598039284723834, 'D_high': 7328047.030349285, 'fire_exp': 1.8894495434695944, 'P_half': 1.1095265110779957, 'pre_dampen_half': 41.19483271791788, 'gpp_af': 0.0023160819851531142, 'gpp_b': 3.200657219096191e-05, 'gpp_d': 2.4186832843085884, 'ign_k': 6.406652706103609, 'ign_c': 19.657200966562073, 'trop_agb_crit': 3.9851754746444343, 'trop_k_veg': 2.9376453963362334, 'pop_amp': 4.524807916591171, 'pop_peak': 0.22018753986235076, 'pop_sig': 0.2920917617406823}. Best is trial 1128 with value: -0.620386984093161.
[I 2026-08-20 01:25:34,491] Trial 2307 finished with value: 0.5773794085851265 and parameters: {'k1': 2.6242595527759438e-05, 'D_low': 411.24817336863237, 'k2': 0.00048026637150312186, 'D_high': 2255.6840567408444, 'fire_exp': 1.597867659416186, 'P_half': 14.570339327370803, 'pre_dampen_half': 2.7150870672911673, 'gpp_af': 0.00865915517876223, 'gpp_b': 0.0016555275757862697, 'gpp_d': 605.4247169340207, 'ign_k': 9.370518387835581, 'ign_c': 3.2802000733348646, 'trop_agb_crit': 4.882195888592727, 'trop_k_veg': 2.8348102213140516, 'pop_amp': 9.024915112601109, 'pop_peak': 1.3670260132294543, 'pop_sig': 0.3662917091017431}. Best is trial 1128 with value: -0.620386984093161.
[I 2026-08-20 01:25:36,179] Trial 2308 finished with value: 0.6445374145881376 and parameters: {'k1': 0.00014463248140067405, 'D_low': 593.1930375491844, 'k2': 0.004997413053087386, 'D_high': 6709681.861438561, 'fire_exp': 2.451065537082659, 'P_half': 2.2577659019477405, 'pre_dampen_half': 2.559947271243363, 'gpp_af': 0.008086321908572959, 'gpp_b': 5.363180242898652e-05, 'gpp_d': 378.2707085756744, 'ign_k': 1.413818396147832, 'ign_c': 119.26825960173481, 'trop_agb_crit': 17.944458638391726, 'trop_k_veg': 2.3014242244734997, 'pop_amp': 0.002534821816664878, 'pop_peak': 0.31179246987891185, 'pop_sig': 0.39368667107963423}. Best is trial 1128 with value: -0.620386984093161.
[I 2026-08-20 01:25:37,820] Trial 2309 finished with value: 0.65427467585499 and parameters: {'k1': 7.89462511778992e-05, 'D_low': 3533.8824666872188, 'k2': 0.001524646408030529, 'D_high': 1512235.1478282579, 'fire_exp': 3.020183780135486, 'P_half': 43.00712829341488, 'pre_dampen_half': 0.3086589666192841, 'gpp_af': 0.0011509814996705676, 'gpp_b': 4.590087743486823e-05, 'gpp_d': 90.45785362646399, 'ign_k': 8.930508247885559, 'ign_c': 31.928847070172992, 'trop_agb_crit': 5.613210139051768, 'trop_k_veg': 1.3072879049951827, 'pop_amp': 0.007073729981767926, 'pop_peak': 0.600671555349833, 'pop_sig': 0.2988503524700161}. Best is trial 1128 with value: -0.620386984093161.
[I 2026-08-20 01:25:39,427] Trial 2310 finished with value: 0.45846785608831053 and parameters: {'k1': 0.0006335421380384066, 'D_low': 27.060094082369407, 'k2': 0.014066389569321342, 'D_high': 2432401.82898526, 'fire_exp': 1.1471968459426485, 'P_half': 10.490829754633305, 'pre_dampen_half': 22.46506920106001, 'gpp_af': 0.02344447959621475, 'gpp_b': 1.9434587321797537e-05, 'gpp_d': 70.20098701935056, 'ign_k': 1.532027287489641, 'ign_c': 16.933482475734277, 'trop_agb_crit': 7.882297387288731, 'trop_k_veg': 3.3409290087120396, 'pop_amp': 0.7041922136501149, 'pop_peak': 0.20557836240059102, 'pop_sig': 0.3340897391717221}. Best is trial 1128 with value: -0.620386984093161.
[I 2026-08-20 01:25:41,295] Trial 2311 finished with value: 0.6445374145881376 and parameters: {'k1': 0.00014787098436387321, 'D_low': 5700.6981881471775, 'k2': 0.019731536348242047, 'D_high': 5683758.265239725, 'fire_exp': 1.4600568679179253, 'P_half': 1.2300450933035385, 'pre_dampen_half': 12.283265767508418, 'gpp_af': 0.005113174798170681, 'gpp_b': 2.302410516008973e-05, 'gpp_d': 429.29891078383247, 'ign_k': 1.9807088847716963, 'ign_c': 60.90473978846766, 'trop_agb_crit': 3.709634540102145, 'trop_k_veg': 4.133258348856577, 'pop_amp': 3.4354653899257346, 'pop_peak': 1.7681026796727284, 'pop_sig': 0.5539891510503223}. Best is trial 1128 with value: -0.620386984093161.
[I 2026-08-20 01:25:43,145] Trial 2312 finished with value: 0.45213380236252787 and parameters: {'k1': 0.0015632076418578527, 'D_low': 6.298918646434956, 'k2': 0.03316800132876372, 'D_high': 3533840.0870440733, 'fire_exp': 3.0167533975009166, 'P_half': 1.549024691888749, 'pre_dampen_half': 0.9225198624745616, 'gpp_af': 0.052305856604628144, 'gpp_b': 0.0008753628654760504, 'gpp_d': 16.67229678142312, 'ign_k': 1.6778563657357584, 'ign_c': 0.5397798912477642, 'trop_agb_crit': 3.154047262308256, 'trop_k_veg': 6.4234246589688535, 'pop_amp': 1.0574596146744348, 'pop_peak': 345.4326321533561, 'pop_sig': 0.26575416482933367}. Best is trial 1128 with value: -0.620386984093161.
[I 2026-08-20 01:25:44,825] Trial 2313 finished with value: 0.6445374145881376 and parameters: {'k1': 0.00024694399741419346, 'D_low': 25.623501412666837, 'k2': 0.0024981667796105562, 'D_high': 580717.1188115962, 'fire_exp': 1.5974815653610237, 'P_half': 10.562880835813125, 'pre_dampen_half': 5.051735230100539, 'gpp_af': 0.0018394084776983623, 'gpp_b': 1.1317655655613654e-05, 'gpp_d': 483.4750616573883, 'ign_k': 1.6187560136132224, 'ign_c': 152.4578604334916, 'trop_agb_crit': 5.614636095915714, 'trop_k_veg': 2.217167639146805, 'pop_amp': 0.0010862193087495644, 'pop_peak': 3.801511919928323, 'pop_sig': 0.2545050984561539}. Best is trial 1128 with value: -0.620386984093161.
[I 2026-08-20 01:25:46,619] Trial 2314 finished with value: 0.6445374145881376 and parameters: {'k1': 0.000802652185705384, 'D_low': 22.9837398307968, 'k2': 0.0018629374944810289, 'D_high': 5886096.431120363, 'fire_exp': 2.0467393062688433, 'P_half': 21.527582067442637, 'pre_dampen_half': 2.9813554635609245, 'gpp_af': 0.033166417095227954, 'gpp_b': 0.0019409543619023552, 'gpp_d': 23.11451744032562, 'ign_k': 8.608997441578156, 'ign_c': 80.46005760295307, 'trop_agb_crit': 4.571812547731672, 'trop_k_veg': 6.7919797631187615, 'pop_amp': 0.2971119190424723, 'pop_peak': 16.784461889058534, 'pop_sig': 0.393279767478115}. Best is trial 1128 with value: -0.620386984093161.
[I 2026-08-20 01:25:48,636] Trial 2315 finished with value: -0.5870396160179825 and parameters: {'k1': 0.002612108683116841, 'D_low': 11.446065293429532, 'k2': 0.005218181757841891, 'D_high': 7169500.839345134, 'fire_exp': 1.3264281902298636, 'P_half': 132.3829832903128, 'pre_dampen_half': 6.448252707885594, 'gpp_af': 0.0014391117000959709, 'gpp_b': 0.0005425155672892427, 'gpp_d': 6.561139560701381, 'ign_k': 0.5346508650148337, 'ign_c': 22.095980927924238, 'trop_agb_crit': 3.8180672920869485, 'trop_k_veg': 4.2261106135913735, 'pop_amp': 1.8663378175470255, 'pop_peak': 0.7190982687427151, 'pop_sig': 1.1895461433587051}. Best is trial 1128 with value: -0.620386984093161.
[I 2026-08-20 01:25:51,254] Trial 2316 finished with value: 0.5228850103121352 and parameters: {'k1': 0.0033951594842497493, 'D_low': 1646.7403227248562, 'k2': 0.0019554932891458375, 'D_high': 923845.726792682, 'fire_exp': 1.504712215063869, 'P_half': 1.8038506057995574, 'pre_dampen_half': 1.9313757231164315, 'gpp_af': 0.0034114500804258182, 'gpp_b': 0.0025756686143602547, 'gpp_d': 464.3879339046366, 'ign_k': 3.8489821128270045, 'ign_c': 7.487067712059207, 'trop_agb_crit': 11.191455381643866, 'trop_k_veg': 1.7936871722325478, 'pop_amp': 0.5883788851563817, 'pop_peak': 0.27391825482120036, 'pop_sig': 0.28655608242498165}. Best is trial 1128 with value: -0.620386984093161.
[I 2026-08-20 01:25:53,040] Trial 2317 finished with value: -0.5633310217081238 and parameters: {'k1': 0.00039196098895530736, 'D_low': 5.1315034329842, 'k2': 0.07531800438987148, 'D_high': 2624831.8852526844, 'fire_exp': 1.891328276262808, 'P_half': 96.94232008086306, 'pre_dampen_half': 0.06283501788482637, 'gpp_af': 0.10411269029437738, 'gpp_b': 0.002525879288010283, 'gpp_d': 41.187748806466615, 'ign_k': 0.3464193365439165, 'ign_c': 3.9477723385580132, 'trop_agb_crit': 7.6565529594647455, 'trop_k_veg': 2.8045829037414527, 'pop_amp': 7.182709847415481, 'pop_peak': 28.379836816750064, 'pop_sig': 1.1832220535561948}. Best is trial 1128 with value: -0.620386984093161.
[I 2026-08-20 01:25:55,086] Trial 2318 finished with value: 0.6445374145881376 and parameters: {'k1': 0.0005313685806829098, 'D_low': 668477.2862127898, 'k2': 0.038244935213595566, 'D_high': 3156.068574210631, 'fire_exp': 3.899460586432276, 'P_half': 212.89510559686798, 'pre_dampen_half': 0.028037807311294224, 'gpp_af': 0.005144953273739552, 'gpp_b': 0.005122788943625829, 'gpp_d': 0.25981775073871477, 'ign_k': 2.8720159799646137, 'ign_c': 1.3150316616544198, 'trop_agb_crit': 1.3067480299592176, 'trop_k_veg': 7.5310849339524895, 'pop_amp': 0.04929130153734552, 'pop_peak': 157.74886670293236, 'pop_sig': 2.451217698033009}. Best is trial 1128 with value: -0.620386984093161.
[I 2026-08-20 01:25:56,734] Trial 2319 finished with value: 0.44700021840515736 and parameters: {'k1': 0.00412122284554874, 'D_low': 4.123705492228428, 'k2': 0.004923647676366316, 'D_high': 6251840.165467909, 'fire_exp': 1.5356107909280674, 'P_half': 25.829629760331674, 'pre_dampen_half': 11.128480611826154, 'gpp_af': 0.2840084617598403, 'gpp_b': 0.0003353231414340608, 'gpp_d': 6.0377192403390865, 'ign_k': 7.355764012389353, 'ign_c': 4.083758146604672, 'trop_agb_crit': 3.7009131299335016, 'trop_k_veg': 3.383085481958828, 'pop_amp': 0.07472028451149458, 'pop_peak': 277.59317621714143, 'pop_sig': 0.5740898586701542}. Best is trial 1128 with value: -0.620386984093161.
[I 2026-08-20 01:25:58,428] Trial 2320 finished with value: 0.6445374145881376 and parameters: {'k1': 0.0008321476669239513, 'D_low': 30.11638312112032, 'k2': 0.0012076796218714453, 'D_high': 12436.723565066392, 'fire_exp': 2.554446702821904, 'P_half': 228.65554395238672, 'pre_dampen_half': 8.456052356594554, 'gpp_af': 0.006985307344021666, 'gpp_b': 2.1679727193057686e-05, 'gpp_d': 565.3639193886671, 'ign_k': 4.570953210023018, 'ign_c': 43.35291518656312, 'trop_agb_crit': 13.193291834406352, 'trop_k_veg': 4.113189453259293, 'pop_amp': 0.5545116537074893, 'pop_peak': 0.26180369666308656, 'pop_sig': 2.1492790235730133}. Best is trial 1128 with value: -0.620386984093161.
[I 2026-08-20 01:26:00,147] Trial 2321 finished with value: 0.5909173689326866 and parameters: {'k1': 0.01250012901855889, 'D_low': 1750.700399622704, 'k2': 0.0018740710926498255, 'D_high': 5095628.842931047, 'fire_exp': 2.819243388891756, 'P_half': 1912.3974135387311, 'pre_dampen_half': 96.31211167374387, 'gpp_af': 0.16540242578384381, 'gpp_b': 2.5470773729337814e-05, 'gpp_d': 55.87528640895973, 'ign_k': 0.047570452141791966, 'ign_c': 5.507932758429931, 'trop_agb_crit': 21.322516876656806, 'trop_k_veg': 2.254070668615045, 'pop_amp': 0.013953099341883159, 'pop_peak': 2.4263520787446318, 'pop_sig': 0.8971215165033396}. Best is trial 1128 with value: -0.620386984093161.
[I 2026-08-20 01:26:02,731] Trial 2322 finished with value: 0.5110901497838788 and parameters: {'k1': 0.0009203258925488618, 'D_low': 1275.5247819762076, 'k2': 0.0011541630055509884, 'D_high': 300328.5522569677, 'fire_exp': 2.5082517453994515, 'P_half': 910.9017491800997, 'pre_dampen_half': 349.71254075514787, 'gpp_af': 0.2635991870297863, 'gpp_b': 0.0001598699987841395, 'gpp_d': 8.070277446795638, 'ign_k': 0.19873844218712736, 'ign_c': 3.885248506777916, 'trop_agb_crit': 27.23493743136446, 'trop_k_veg': 1.4918611607758312, 'pop_amp': 0.001408194354742695, 'pop_peak': 3.4645486021268, 'pop_sig': 1.5497944896204296}. Best is trial 1128 with value: -0.620386984093161.
[I 2026-08-20 01:26:05,061] Trial 2323 finished with value: -0.5498038893083618 and parameters: {'k1': 0.00032109248328900244, 'D_low': 307.3865913280824, 'k2': 0.013862058034434464, 'D_high': 7905522.656428645, 'fire_exp': 1.3199977782027748, 'P_half': 1.0094248824568908, 'pre_dampen_half': 6.751566132736897, 'gpp_af': 0.001668396556232168, 'gpp_b': 0.0007859805497089074, 'gpp_d': 218.74698184791527, 'ign_k': 5.539318974241825, 'ign_c': 9.837345366962646, 'trop_agb_crit': 4.359462930543841, 'trop_k_veg': 2.173922279525383, 'pop_amp': 0.22453250868056585, 'pop_peak': 0.41907005730028113, 'pop_sig': 0.32948931564870826}. Best is trial 1128 with value: -0.620386984093161.
[I 2026-08-20 01:26:07,093] Trial 2324 finished with value: 0.6445374145881376 and parameters: {'k1': 4.420401479120358e-05, 'D_low': 3289.6331912962996, 'k2': 1.5426665199322614e-05, 'D_high': 55179.48812888801, 'fire_exp': 2.093674375551697, 'P_half': 4535.387710031765, 'pre_dampen_half': 0.5821644027641477, 'gpp_af': 0.5001944575983805, 'gpp_b': 0.0035997194266336094, 'gpp_d': 981.2939035867577, 'ign_k': 1.4421523354882262, 'ign_c': 740.039262422506, 'trop_agb_crit': 1.3920318958496236, 'trop_k_veg': 1.0854151559323957, 'pop_amp': 0.010259653716735581, 'pop_peak': 0.1173130522202584, 'pop_sig': 1.4747811513848188}. Best is trial 1128 with value: -0.620386984093161.
[I 2026-08-20 01:26:09,069] Trial 2325 finished with value: 0.5954502387835461 and parameters: {'k1': 1.349041803950921e-05, 'D_low': 587.175969501612, 'k2': 0.0057745844949494305, 'D_high': 795077.0217435667, 'fire_exp': 1.9583011586305, 'P_half': 318.9089191194736, 'pre_dampen_half': 4.465091047460391, 'gpp_af': 8.30825907030152, 'gpp_b': 1.8763739387007945e-05, 'gpp_d': 2.671970748556778, 'ign_k': 0.0015185795449013245, 'ign_c': 404.3842952027513, 'trop_agb_crit': 1.9458229942251732, 'trop_k_veg': 0.7995997336644903, 'pop_amp': 2.5383589084407747, 'pop_peak': 46.659020357746265, 'pop_sig': 0.2883288955759697}. Best is trial 1128 with value: -0.620386984093161.
[I 2026-08-20 01:26:10,926] Trial 2326 finished with value: 0.6445374145881376 and parameters: {'k1': 0.0002867169727865094, 'D_low': 16.052436671890778, 'k2': 0.0014123653168031623, 'D_high': 6859575.06608568, 'fire_exp': 3.890064284206819, 'P_half': 7.042559179625914, 'pre_dampen_half': 7.227661176742774, 'gpp_af': 0.0014168096008494804, 'gpp_b': 0.0009313941141986084, 'gpp_d': 390.92456657896093, 'ign_k': 8.94173671300178, 'ign_c': 78.0663829277393, 'trop_agb_crit': 4.608132734200281, 'trop_k_veg': 2.1284363788931366, 'pop_amp': 2.8227129851274566, 'pop_peak': 0.6719215714652914, 'pop_sig': 0.3020057605876666}. Best is trial 1128 with value: -0.620386984093161.
[I 2026-08-20 01:26:14,214] Trial 2327 finished with value: 0.4758056597154743 and parameters: {'k1': 0.0007561952270719775, 'D_low': 257.5253276018968, 'k2': 3.025569901915687e-05, 'D_high': 7922841.437590538, 'fire_exp': 1.112305799903322, 'P_half': 3.5796356981009407, 'pre_dampen_half': 5.2689485150567315, 'gpp_af': 0.0024086547911632184, 'gpp_b': 1.9935196646402864e-05, 'gpp_d': 586.6055403986109, 'ign_k': 1.7096734319275901, 'ign_c': 6.098803713143689, 'trop_agb_crit': 4.4516596771177985, 'trop_k_veg': 3.2575164684636286, 'pop_amp': 1.6244114815512352, 'pop_peak': 2.601442093830581, 'pop_sig': 0.34975784514435354}. Best is trial 1128 with value: -0.620386984093161.
[I 2026-08-20 01:26:16,606] Trial 2328 finished with value: 0.4865638886107041 and parameters: {'k1': 0.00016038039268317456, 'D_low': 4646.900329558644, 'k2': 0.00901703912308606, 'D_high': 5831059.954475068, 'fire_exp': 1.8412992676488706, 'P_half': 5.61247545386843, 'pre_dampen_half': 0.10671192646013776, 'gpp_af': 0.3734129401661721, 'gpp_b': 0.00015681681334355757, 'gpp_d': 107.72697343069751, 'ign_k': 5.694450919480839, 'ign_c': 2.4459859223853124, 'trop_agb_crit': 8.559374218529943, 'trop_k_veg': 1.1726998228668235, 'pop_amp': 0.005986420323842496, 'pop_peak': 4.153206221852716, 'pop_sig': 0.40190636925982137}. Best is trial 1128 with value: -0.620386984093161.
[I 2026-08-20 01:26:18,471] Trial 2329 finished with value: 0.6445374145881376 and parameters: {'k1': 1.4016722720688738e-05, 'D_low': 173.12205096008128, 'k2': 0.001859512829333826, 'D_high': 650.9333930957459, 'fire_exp': 1.361498610523844, 'P_half': 222.85701030298918, 'pre_dampen_half': 0.100672202520839, 'gpp_af': 0.032597878881275764, 'gpp_b': 0.0001865686494425239, 'gpp_d': 0.1409795486948232, 'ign_k': 2.7685079549384106, 'ign_c': 178.43458187616977, 'trop_agb_crit': 22.766775071646595, 'trop_k_veg': 4.353160372013084, 'pop_amp': 0.01608490164889067, 'pop_peak': 0.05953640576854076, 'pop_sig': 2.2826135666102707}. Best is trial 1128 with value: -0.620386984093161.
[I 2026-08-20 01:26:20,488] Trial 2330 finished with value: 0.6445374145881376 and parameters: {'k1': 0.0005682788746663344, 'D_low': 81.41467725700781, 'k2': 0.09315865207534564, 'D_high': 677489.8550086777, 'fire_exp': 1.026708011775214, 'P_half': 1.021659109361575, 'pre_dampen_half': 1.102331074853817, 'gpp_af': 0.004480875733290447, 'gpp_b': 4.227636573763791e-05, 'gpp_d': 262.98478437681496, 'ign_k': 2.74497810207351, 'ign_c': 342.3545897204411, 'trop_agb_crit': 3.461354983089439, 'trop_k_veg': 3.0011569708266363, 'pop_amp': 4.112375905221593, 'pop_peak': 0.13813974315684172, 'pop_sig': 0.46840350538739867}. Best is trial 1128 with value: -0.620386984093161.
[I 2026-08-20 01:26:22,759] Trial 2331 finished with value: 0.48994923187647843 and parameters: {'k1': 0.0036883686450754558, 'D_low': 128.32264111066615, 'k2': 0.001813705989019956, 'D_high': 586805.9191174723, 'fire_exp': 1.6337439353245846, 'P_half': 9.77929431597257, 'pre_dampen_half': 67.44820757303232, 'gpp_af': 0.20813117952331459, 'gpp_b': 0.0007807803661392522, 'gpp_d': 1.8913310200856535, 'ign_k': 8.827519549229319, 'ign_c': 2.6523337853052915, 'trop_agb_crit': 2.9200666839217932, 'trop_k_veg': 3.966199020780823, 'pop_amp': 0.002424511772388503, 'pop_peak': 1.5671787957460783, 'pop_sig': 0.26102206248618887}. Best is trial 1128 with value: -0.620386984093161.
[I 2026-08-20 01:26:24,999] Trial 2332 finished with value: 0.5640345144891568 and parameters: {'k1': 2.445798967032314e-05, 'D_low': 106.52801109923887, 'k2': 0.003606656374871701, 'D_high': 1323053.558778437, 'fire_exp': 2.703668380783114, 'P_half': 18.303886727895275, 'pre_dampen_half': 0.05060456760193704, 'gpp_af': 0.0165420877410091, 'gpp_b': 0.001308635225168431, 'gpp_d': 656.2360973942468, 'ign_k': 0.037500321645483364, 'ign_c': 7.038778416497417, 'trop_agb_crit': 5.296468246058141, 'trop_k_veg': 1.1530797065815865, 'pop_amp': 5.768727916733131, 'pop_peak': 5.712344959983326, 'pop_sig': 1.0302696350095313}. Best is trial 1128 with value: -0.620386984093161.
[I 2026-08-20 01:26:27,162] Trial 2333 finished with value: 0.6445374145881376 and parameters: {'k1': 0.04850679266787894, 'D_low': 15770.055149817767, 'k2': 0.0003624617807788628, 'D_high': 758785.2712810226, 'fire_exp': 1.2203607499241675, 'P_half': 805.5936295051158, 'pre_dampen_half': 0.47753245003493267, 'gpp_af': 32.79381995763082, 'gpp_b': 1.2847977297605204e-05, 'gpp_d': 421.93732515419845, 'ign_k': 0.06478520016945188, 'ign_c': 495.9841922882728, 'trop_agb_crit': 6.943971358546079, 'trop_k_veg': 5.280371439633101, 'pop_amp': 2.2511990745764603, 'pop_peak': 0.15950428632837166, 'pop_sig': 0.2658397857539943}. Best is trial 1128 with value: -0.620386984093161.
[I 2026-08-20 01:26:29,568] Trial 2334 finished with value: -0.542558032923862 and parameters: {'k1': 2.9572979256342343e-05, 'D_low': 464.60174481403936, 'k2': 0.0006669120947064463, 'D_high': 1693359.1252273815, 'fire_exp': 1.366434307102299, 'P_half': 4.6371862602383, 'pre_dampen_half': 1.140546649052577, 'gpp_af': 0.011061865316605734, 'gpp_b': 0.00017245730469668853, 'gpp_d': 30.13605093625157, 'ign_k': 9.974940890065161, 'ign_c': 1.4769648912087978, 'trop_agb_crit': 5.231815222830035, 'trop_k_veg': 5.828729775715571, 'pop_amp': 0.0021613893211456163, 'pop_peak': 13.66022232463496, 'pop_sig': 0.27915600442260496}. Best is trial 1128 with value: -0.620386984093161.
[I 2026-08-20 01:26:31,475] Trial 2335 finished with value: 0.4434565415277182 and parameters: {'k1': 0.004248557021570955, 'D_low': 356.4004347704686, 'k2': 0.0059404076118221615, 'D_high': 3445421.0520487083, 'fire_exp': 1.3353430291532065, 'P_half': 1.0216767939386773, 'pre_dampen_half': 1.5269505315492211, 'gpp_af': 0.0013017019345571111, 'gpp_b': 4.9433354352443085e-05, 'gpp_d': 97.99121109329226, 'ign_k': 0.9766440738095634, 'ign_c': 2.486613503344442, 'trop_agb_crit': 5.376556690362528, 'trop_k_veg': 4.972734869498034, 'pop_amp': 2.8405784579322795, 'pop_peak': 1.1870216415493877, 'pop_sig': 0.4286657937741286}. Best is trial 1128 with value: -0.620386984093161.
