[I 2026-06-09 12:16:52,860] Trial 780 finished with values: [10.308285352704647, 10.308285352704647] and parameters: {'k1': 9.969469187531805e-05, 'D_low': 125.32726386250698, 'k2': 8.488887549001697e-05, 'D_high': 39655.03094323017, 'fire_exp': 1.4408046627835394, 'P_half': 222.04134670022316, 'pre_dampen_half': 673.2248920775328, 'gpp_af': 0.013688256550323697, 'gpp_b': 3.686869490609954e-05, 'gpp_d': 500.2195003344709, 'ign_k': 0.3242143344038317, 'ign_c': 0.9083381663660584, 'trop_agb_crit': 1.6369193980425034, 'trop_k_veg': 1.1984430479717227}.
[I 2026-06-09 12:16:54,056] Trial 781 finished with values: [10.811146075346432, 10.811146075346432] and parameters: {'k1': 6.404854675916172e-05, 'D_low': 12.115155843077673, 'k2': 0.06994589881535453, 'D_high': 46.99556021099096, 'fire_exp': 1.4848387260494937, 'P_half': 108.21382910613987, 'pre_dampen_half': 269.0845367054866, 'gpp_af': 4.834691027981363, 'gpp_b': 0.002262927522655115, 'gpp_d': 1.5988721385117124, 'ign_k': 0.4303356629825978, 'ign_c': 0.21234210963705627, 'trop_agb_crit': 19.51558406059598, 'trop_k_veg': 4.51930447316402}.
[I 2026-06-09 12:16:55,315] Trial 782 finished with values: [10.11861721526653, 10.11861721526653] and parameters: {'k1': 5.105542986365652e-05, 'D_low': 2.7012557725439073, 'k2': 8.488887549001697e-05, 'D_high': 39655.03094323017, 'fire_exp': 1.060109541566103, 'P_half': 818.2111518618419, 'pre_dampen_half': 673.2248920775328, 'gpp_af': 0.0018077112775902943, 'gpp_b': 1.7213644875359617e-05, 'gpp_d': 1.2434469102435366, 'ign_k': 0.0019264360371306567, 'ign_c': 1.887567630782227, 'trop_agb_crit': 1.6369193980425034, 'trop_k_veg': 1.0540721475196824}.
[I 2026-06-09 12:16:56,706] Trial 783 finished with values: [-0.5536454823318092, 0.12152139339940016] and parameters: {'k1': 0.028261051090193647, 'D_low': 2.3244932709566686, 'k2': 8.488887549001697e-05, 'D_high': 69868.4759244566, 'fire_exp': 2.4902446681314054, 'P_half': 1.4045842344024697, 'pre_dampen_half': 673.2248920775328, 'gpp_af': 0.5107061330406066, 'gpp_b': 0.0028993292583566945, 'gpp_d': 1.6983565276584263, 'ign_k': 0.3242143344038317, 'ign_c': 18.43395662181926, 'trop_agb_crit': 1.259515631748535, 'trop_k_veg': 4.8737397608275925}.
[I 2026-06-09 12:16:57,843] Trial 784 finished with values: [10.742969065381192, 10.742969065381192] and parameters: {'k1': 8.916132699546889e-05, 'D_low': 125.32726386250698, 'k2': 8.488887549001697e-05, 'D_high': 14268.845807630427, 'fire_exp': 2.361847168342505, 'P_half': 17.655835392092534, 'pre_dampen_half': 566.2858823465564, 'gpp_af': 0.01942738928156656, 'gpp_b': 1.7213644875359617e-05, 'gpp_d': 26.003623362924223, 'ign_k': 0.3242143344038317, 'ign_c': 21.132597710340573, 'trop_agb_crit': 2.064341235744835, 'trop_k_veg': 1.1984430479717227}.
[I 2026-06-09 12:16:58,961] Trial 785 finished with values: [10.530989399422847, 10.530989399422847] and parameters: {'k1': 6.404854675916172e-05, 'D_low': 7.361379380357789, 'k2': 8.488887549001697e-05, 'D_high': 39655.03094323017, 'fire_exp': 1.608176525358426, 'P_half': 108.21382910613987, 'pre_dampen_half': 673.2248920775328, 'gpp_af': 0.00301004353953023, 'gpp_b': 1.3862179439161665e-05, 'gpp_d': 500.2195003344709, 'ign_k': 0.3242143344038317, 'ign_c': 0.21234210963705627, 'trop_agb_crit': 8.877072119909824, 'trop_k_veg': 4.8737397608275925}.
[I 2026-06-09 12:17:00,076] Trial 786 finished with values: [10.751534045268624, 10.751534045268624] and parameters: {'k1': 1.263794633808287e-05, 'D_low': 125.32726386250698, 'k2': 1.5412172709801895e-05, 'D_high': 2681.489769414654, 'fire_exp': 1.608176525358426, 'P_half': 153.74098204111448, 'pre_dampen_half': 673.2248920775328, 'gpp_af': 21.258647437649888, 'gpp_b': 0.0028993292583566945, 'gpp_d': 1.6983565276584263, 'ign_k': 0.5456725485601477, 'ign_c': 0.20319809838424974, 'trop_agb_crit': 1.259515631748535, 'trop_k_veg': 4.8737397608275925}.
[I 2026-06-09 12:17:01,357] Trial 787 finished with values: [-0.4704766485034937, 0.36669588286217425] and parameters: {'k1': 0.007519407491506672, 'D_low': 1.533916259116362, 'k2': 1.3357240411974104e-05, 'D_high': 41821.78526757458, 'fire_exp': 1.060109541566103, 'P_half': 45.55085098454082, 'pre_dampen_half': 340.6909167027263, 'gpp_af': 1.8075983730158514, 'gpp_b': 0.0006724850206557243, 'gpp_d': 0.0735311909944862, 'ign_k': 0.5456725485601477, 'ign_c': 1.0022396791143333, 'trop_agb_crit': 2.679156169946616, 'trop_k_veg': 3.6260119779455584}.
[I 2026-06-09 12:17:02,602] Trial 788 finished with values: [11.808633565934542, 11.808633565934542] and parameters: {'k1': 1.263794633808287e-05, 'D_low': 125.32726386250698, 'k2': 0.013475408399574632, 'D_high': 18125.870836716233, 'fire_exp': 1.14171776851287, 'P_half': 28.647019533509873, 'pre_dampen_half': 673.2248920775328, 'gpp_af': 0.014445596525544373, 'gpp_b': 1.7213644875359617e-05, 'gpp_d': 27.50607428241511, 'ign_k': 0.5456725485601477, 'ign_c': 1.0022396791143333, 'trop_agb_crit': 2.064341235744835, 'trop_k_veg': 4.51930447316402}.
[I 2026-06-09 12:17:03,762] Trial 789 finished with values: [10.016711107724799, 10.016711107724799] and parameters: {'k1': 0.01549659926581634, 'D_low': 35.02761367842313, 'k2': 0.0009749762207436118, 'D_high': 39655.03094323017, 'fire_exp': 2.10707132280748, 'P_half': 36.612044674487045, 'pre_dampen_half': 566.2858823465564, 'gpp_af': 1.3218737536384089, 'gpp_b': 0.002262927522655115, 'gpp_d': 9.383863373218398, 'ign_k': 0.0019264360371306567, 'ign_c': 1.887567630782227, 'trop_agb_crit': 5.41732493750772, 'trop_k_veg': 4.51930447316402}.
[I 2026-06-09 12:17:04,926] Trial 790 finished with values: [10.657033137602896, 10.657033137602896] and parameters: {'k1': 5.105542986365652e-05, 'D_low': 102.53722513378383, 'k2': 0.0005700142105246941, 'D_high': 89359.77793528196, 'fire_exp': 2.10707132280748, 'P_half': 28.647019533509873, 'pre_dampen_half': 340.6909167027263, 'gpp_af': 1.3218737536384089, 'gpp_b': 0.00977702299083608, 'gpp_d': 1.2434469102435366, 'ign_k': 3.1536006085184716, 'ign_c': 18.43395662181926, 'trop_agb_crit': 1.5144860262751405, 'trop_k_veg': 4.8737397608275925}.
[I 2026-06-09 12:17:06,029] Trial 791 finished with values: [-0.5193185251633248, 0.2055506725395192] and parameters: {'k1': 1.263794633808287e-05, 'D_low': 125.32726386250698, 'k2': 8.488887549001697e-05, 'D_high': 39655.03094323017, 'fire_exp': 1.608176525358426, 'P_half': 28.647019533509873, 'pre_dampen_half': 673.2248920775328, 'gpp_af': 21.258647437649888, 'gpp_b': 1.7213644875359617e-05, 'gpp_d': 500.2195003344709, 'ign_k': 0.3242143344038317, 'ign_c': 18.43395662181926, 'trop_agb_crit': 2.064341235744835, 'trop_k_veg': 4.8737397608275925}.
[I 2026-06-09 12:17:07,196] Trial 792 finished with values: [10.704439802441598, 10.704439802441598] and parameters: {'k1': 6.404854675916172e-05, 'D_low': 125.32726386250698, 'k2': 8.488887549001697e-05, 'D_high': 39655.03094323017, 'fire_exp': 1.608176525358426, 'P_half': 149.35213816355395, 'pre_dampen_half': 340.6909167027263, 'gpp_af': 21.258647437649888, 'gpp_b': 1.7213644875359617e-05, 'gpp_d': 0.2473046721099913, 'ign_k': 0.3242143344038317, 'ign_c': 18.43395662181926, 'trop_agb_crit': 1.5144860262751405, 'trop_k_veg': 4.51930447316402}.
[I 2026-06-09 12:17:08,414] Trial 793 finished with values: [10.26169488761965, 10.26169488761965] and parameters: {'k1': 0.01549659926581634, 'D_low': 35.02761367842313, 'k2': 0.037633129263701104, 'D_high': 39655.03094323017, 'fire_exp': 2.10707132280748, 'P_half': 50.32059347286801, 'pre_dampen_half': 566.2858823465564, 'gpp_af': 0.004810594637057797, 'gpp_b': 0.002262927522655115, 'gpp_d': 26.003623362924223, 'ign_k': 0.3242143344038317, 'ign_c': 1.8836925134820866, 'trop_agb_crit': 19.51558406059598, 'trop_k_veg': 1.8981057964668895}.
[I 2026-06-09 12:17:09,635] Trial 794 finished with values: [10.749045291943268, 10.749045291943268] and parameters: {'k1': 5.105542986365652e-05, 'D_low': 35.02761367842313, 'k2': 4.540076719227351e-05, 'D_high': 39655.03094323017, 'fire_exp': 1.608176525358426, 'P_half': 1.4045842344024697, 'pre_dampen_half': 673.2248920775328, 'gpp_af': 0.32613327839065587, 'gpp_b': 1.7213644875359617e-05, 'gpp_d': 26.003623362924223, 'ign_k': 0.3242143344038317, 'ign_c': 0.21234210963705627, 'trop_agb_crit': 1.6369193980425034, 'trop_k_veg': 1.0540721475196824}.
[I 2026-06-09 12:17:10,741] Trial 795 finished with values: [-0.5221015902893739, 0.245103550781971] and parameters: {'k1': 5.105542986365652e-05, 'D_low': 125.32726386250698, 'k2': 8.488887549001697e-05, 'D_high': 39655.03094323017, 'fire_exp': 1.608176525358426, 'P_half': 28.647019533509873, 'pre_dampen_half': 673.2248920775328, 'gpp_af': 21.258647437649888, 'gpp_b': 1.7213644875359617e-05, 'gpp_d': 500.2195003344709, 'ign_k': 0.3242143344038317, 'ign_c': 18.43395662181926, 'trop_agb_crit': 1.5144860262751405, 'trop_k_veg': 4.8737397608275925}.
[I 2026-06-09 12:17:11,880] Trial 796 finished with values: [10.43070416755486, 10.43070416755486] and parameters: {'k1': 6.615437365561391e-05, 'D_low': 12.115155843077673, 'k2': 0.037633129263701104, 'D_high': 6033.623633620592, 'fire_exp': 2.10707132280748, 'P_half': 41.4261976018826, 'pre_dampen_half': 566.2858823465564, 'gpp_af': 1.3218737536384089, 'gpp_b': 0.002262927522655115, 'gpp_d': 99.3234953243749, 'ign_k': 3.1536006085184716, 'ign_c': 21.132597710340573, 'trop_agb_crit': 2.6695352180079177, 'trop_k_veg': 1.8981057964668895}.
[I 2026-06-09 12:17:13,084] Trial 797 finished with values: [10.314487593578427, 10.314487593578427] and parameters: {'k1': 5.105542986365652e-05, 'D_low': 12.115155843077673, 'k2': 8.488887549001697e-05, 'D_high': 39655.03094323017, 'fire_exp': 2.10707132280748, 'P_half': 51.61767747867285, 'pre_dampen_half': 673.2248920775328, 'gpp_af': 21.258647437649888, 'gpp_b': 1.7213644875359617e-05, 'gpp_d': 500.2195003344709, 'ign_k': 0.3242143344038317, 'ign_c': 18.43395662181926, 'trop_agb_crit': 1.5144860262751405, 'trop_k_veg': 4.8737397608275925}.
[I 2026-06-09 12:17:14,240] Trial 798 finished with values: [10.89284404717164, 10.89284404717164] and parameters: {'k1': 1.263794633808287e-05, 'D_low': 2.7012557725439073, 'k2': 8.488887549001697e-05, 'D_high': 3512.7047262708465, 'fire_exp': 5.2191258071243665, 'P_half': 588.4974770225299, 'pre_dampen_half': 673.2248920775328, 'gpp_af': 21.258647437649888, 'gpp_b': 1.7213644875359617e-05, 'gpp_d': 1.2434469102435366, 'ign_k': 0.3242143344038317, 'ign_c': 18.43395662181926, 'trop_agb_crit': 2.064341235744835, 'trop_k_veg': 4.8737397608275925}.
[I 2026-06-09 12:17:15,433] Trial 799 finished with values: [10.664347745055991, 10.664347745055991] and parameters: {'k1': 5.105542986365652e-05, 'D_low': 35.02761367842313, 'k2': 0.0005700142105246941, 'D_high': 92262.23582279758, 'fire_exp': 2.10707132280748, 'P_half': 1.4045842344024697, 'pre_dampen_half': 340.6909167027263, 'gpp_af': 0.13767835510755025, 'gpp_b': 0.00977702299083608, 'gpp_d': 467.0625946819548, 'ign_k': 0.0019264360371306567, 'ign_c': 1.8836925134820866, 'trop_agb_crit': 2.6695352180079177, 'trop_k_veg': 1.0540721475196824}.
[I 2026-06-09 12:17:16,636] Trial 800 finished with values: [10.33130283683839, 10.33130283683839] and parameters: {'k1': 0.01549659926581634, 'D_low': 115.44738876452311, 'k2': 0.0005700142105246941, 'D_high': 39655.03094323017, 'fire_exp': 2.4902446681314054, 'P_half': 1.4045842344024697, 'pre_dampen_half': 673.2248920775328, 'gpp_af': 0.5107061330406066, 'gpp_b': 5.893397529729979e-05, 'gpp_d': 26.003623362924223, 'ign_k': 0.5456725485601477, 'ign_c': 21.132597710340573, 'trop_agb_crit': 1.259515631748535, 'trop_k_veg': 1.1517712915946832}.
[I 2026-06-09 12:17:17,998] Trial 801 finished with values: [10.372168147331411, 10.372168147331411] and parameters: {'k1': 0.01549659926581634, 'D_low': 115.44738876452311, 'k2': 0.0005700142105246941, 'D_high': 39655.03094323017, 'fire_exp': 1.2708949364940314, 'P_half': 1.4045842344024697, 'pre_dampen_half': 566.2858823465564, 'gpp_af': 1.3218737536384089, 'gpp_b': 0.00977702299083608, 'gpp_d': 26.003623362924223, 'ign_k': 0.3242143344038317, 'ign_c': 21.132597710340573, 'trop_agb_crit': 2.6695352180079177, 'trop_k_veg': 4.51930447316402}.
[I 2026-06-09 12:17:19,076] Trial 802 finished with values: [10.622723112607783, 10.622723112607783] and parameters: {'k1': 5.105542986365652e-05, 'D_low': 789.505697600963, 'k2': 4.540076719227351e-05, 'D_high': 14268.845807630427, 'fire_exp': 1.060109541566103, 'P_half': 1.8942844905792813, 'pre_dampen_half': 340.6909167027263, 'gpp_af': 1.3218737536384089, 'gpp_b': 2.036444166653217e-05, 'gpp_d': 1.5988721385117124, 'ign_k': 3.4288109438625263, 'ign_c': 0.21234210963705627, 'trop_agb_crit': 19.51558406059598, 'trop_k_veg': 1.0540721475196824}.
[I 2026-06-09 12:17:20,164] Trial 803 finished with values: [10.174245840679689, 10.174245840679689] and parameters: {'k1': 0.05832560268546887, 'D_low': 1.533916259116362, 'k2': 5.153993511603138e-05, 'D_high': 69868.4759244566, 'fire_exp': 1.4848387260494937, 'P_half': 205.84848167886008, 'pre_dampen_half': 673.2248920775328, 'gpp_af': 96.4653310890222, 'gpp_b': 0.00977702299083608, 'gpp_d': 26.003623362924223, 'ign_k': 0.0018548376790967168, 'ign_c': 5.762487216478598, 'trop_agb_crit': 2.0420012944047587, 'trop_k_veg': 4.51930447316402}.
[I 2026-06-09 12:17:21,255] Trial 804 finished with values: [10.828077594273994, 10.828077594273994] and parameters: {'k1': 5.105542986365652e-05, 'D_low': 2.3244932709566686, 'k2': 1.5412172709801895e-05, 'D_high': 39655.03094323017, 'fire_exp': 2.4902446681314054, 'P_half': 28.647019533509873, 'pre_dampen_half': 673.2248920775328, 'gpp_af': 0.023485690470339222, 'gpp_b': 0.0028993292583566945, 'gpp_d': 1.6983565276584263, 'ign_k': 0.3242143344038317, 'ign_c': 18.43395662181926, 'trop_agb_crit': 1.5144860262751405, 'trop_k_veg': 4.8737397608275925}.
[I 2026-06-09 12:17:22,445] Trial 805 finished with values: [15.90481296399195, 15.90481296399195] and parameters: {'k1': 0.01549659926581634, 'D_low': 2.07815279646698, 'k2': 0.037633129263701104, 'D_high': 39655.03094323017, 'fire_exp': 1.060109541566103, 'P_half': 1.4045842344024697, 'pre_dampen_half': 340.6909167027263, 'gpp_af': 1.3218737536384089, 'gpp_b': 2.036444166653217e-05, 'gpp_d': 26.003623362924223, 'ign_k': 0.3242143344038317, 'ign_c': 0.21234210963705627, 'trop_agb_crit': 19.51558406059598, 'trop_k_veg': 4.51930447316402}.
[I 2026-06-09 12:17:23,616] Trial 806 finished with values: [10.059664226204022, 10.059664226204022] and parameters: {'k1': 0.05832560268546887, 'D_low': 2.2010656610055808, 'k2': 0.0009749762207436118, 'D_high': 37736.663450054584, 'fire_exp': 1.14171776851287, 'P_half': 1.4045842344024697, 'pre_dampen_half': 11.164047352793695, 'gpp_af': 0.13767835510755025, 'gpp_b': 3.686869490609954e-05, 'gpp_d': 26.003623362924223, 'ign_k': 0.0019264360371306567, 'ign_c': 1.887567630782227, 'trop_agb_crit': 1.6369193980425034, 'trop_k_veg': 4.51930447316402}.
[I 2026-06-09 12:17:24,710] Trial 807 finished with values: [10.880660520794057, 10.880660520794057] and parameters: {'k1': 6.615437365561391e-05, 'D_low': 2.7012557725439073, 'k2': 5.85422350208596e-05, 'D_high': 3512.7047262708465, 'fire_exp': 2.10707132280748, 'P_half': 818.2111518618419, 'pre_dampen_half': 340.6909167027263, 'gpp_af': 1.3218737536384089, 'gpp_b': 2.036444166653217e-05, 'gpp_d': 1.2434469102435366, 'ign_k': 0.004224235973517089, 'ign_c': 1.0022396791143333, 'trop_agb_crit': 8.404607864475192, 'trop_k_veg': 1.8981057964668895}.
[I 2026-06-09 12:17:25,823] Trial 808 finished with values: [10.08759855994594, 10.08759855994594] and parameters: {'k1': 0.007519407491506672, 'D_low': 19.655597419418832, 'k2': 1.5412172709801895e-05, 'D_high': 69868.4759244566, 'fire_exp': 2.4902446681314054, 'P_half': 28.647019533509873, 'pre_dampen_half': 673.2248920775328, 'gpp_af': 21.258647437649888, 'gpp_b': 0.0028993292583566945, 'gpp_d': 500.2195003344709, 'ign_k': 0.5456725485601477, 'ign_c': 18.43395662181926, 'trop_agb_crit': 2.064341235744835, 'trop_k_veg': 1.1517712915946832}.
[I 2026-06-09 12:17:26,948] Trial 809 finished with values: [10.729550973028019, 10.729550973028019] and parameters: {'k1': 6.404854675916172e-05, 'D_low': 12.115155843077673, 'k2': 0.0005700142105246941, 'D_high': 18125.870836716233, 'fire_exp': 1.4848387260494937, 'P_half': 8.065394391537664, 'pre_dampen_half': 340.6909167027263, 'gpp_af': 0.9219336658511308, 'gpp_b': 5.0279186721731925e-05, 'gpp_d': 1.5988721385117124, 'ign_k': 0.3242143344038317, 'ign_c': 0.21234210963705627, 'trop_agb_crit': 6.475515989686909, 'trop_k_veg': 4.51930447316402}.
[I 2026-06-09 12:17:28,082] Trial 810 finished with values: [11.146780460493936, 11.146780460493936] and parameters: {'k1': 0.015161591075671724, 'D_low': 12.115155843077673, 'k2': 0.0005700142105246941, 'D_high': 39655.03094323017, 'fire_exp': 1.060109541566103, 'P_half': 50.32059347286801, 'pre_dampen_half': 151.32148777056312, 'gpp_af': 0.0018077112775902943, 'gpp_b': 2.036444166653217e-05, 'gpp_d': 467.0625946819548, 'ign_k': 0.004224235973517089, 'ign_c': 1.0022396791143333, 'trop_agb_crit': 8.404607864475192, 'trop_k_veg': 5.06204715641377}.
[I 2026-06-09 12:17:29,303] Trial 811 finished with values: [10.755945336085595, 10.755945336085595] and parameters: {'k1': 5.105542986365652e-05, 'D_low': 2.3244932709566686, 'k2': 1.5412172709801895e-05, 'D_high': 69868.4759244566, 'fire_exp': 2.4902446681314054, 'P_half': 1.4045842344024697, 'pre_dampen_half': 673.2248920775328, 'gpp_af': 0.5107061330406066, 'gpp_b': 1.7213644875359617e-05, 'gpp_d': 500.2195003344709, 'ign_k': 0.02630178499745551, 'ign_c': 18.43395662181926, 'trop_agb_crit': 1.5144860262751405, 'trop_k_veg': 4.8737397608275925}.
[I 2026-06-09 12:17:30,455] Trial 812 finished with values: [-0.5600126835556687, 0.07242552877725505] and parameters: {'k1': 0.01549659926581634, 'D_low': 1.254144753902608, 'k2': 0.06994589881535453, 'D_high': 39655.03094323017, 'fire_exp': 2.10707132280748, 'P_half': 1.4045842344024697, 'pre_dampen_half': 566.2858823465564, 'gpp_af': 0.01942738928156656, 'gpp_b': 0.002262927522655115, 'gpp_d': 26.003623362924223, 'ign_k': 0.3242143344038317, 'ign_c': 21.132597710340573, 'trop_agb_crit': 19.51558406059598, 'trop_k_veg': 4.51930447316402}.
[I 2026-06-09 12:17:31,586] Trial 813 finished with values: [10.86175993782538, 10.86175993782538] and parameters: {'k1': 0.01549659926581634, 'D_low': 125.32726386250698, 'k2': 8.488887549001697e-05, 'D_high': 39655.03094323017, 'fire_exp': 2.10707132280748, 'P_half': 50.32059347286801, 'pre_dampen_half': 673.2248920775328, 'gpp_af': 21.258647437649888, 'gpp_b': 0.00977702299083608, 'gpp_d': 0.022239202724507946, 'ign_k': 3.1536006085184716, 'ign_c': 21.132597710340573, 'trop_agb_crit': 2.6695352180079177, 'trop_k_veg': 4.8737397608275925}.
[I 2026-06-09 12:17:32,718] Trial 814 finished with values: [10.857883266048974, 10.857883266048974] and parameters: {'k1': 0.015161591075671724, 'D_low': 125.32726386250698, 'k2': 0.037633129263701104, 'D_high': 39655.03094323017, 'fire_exp': 4.083015126292054, 'P_half': 119.18981992518337, 'pre_dampen_half': 566.2858823465564, 'gpp_af': 1.3218737536384089, 'gpp_b': 0.002262927522655115, 'gpp_d': 1.2434469102435366, 'ign_k': 0.0018640186547122979, 'ign_c': 18.43395662181926, 'trop_agb_crit': 1.5144860262751405, 'trop_k_veg': 4.8737397608275925}.
[I 2026-06-09 12:17:33,819] Trial 815 finished with values: [-0.536024304004893, 0.18715732498133297] and parameters: {'k1': 0.007519407491506672, 'D_low': 2.3244932709566686, 'k2': 0.06994589881535453, 'D_high': 69868.4759244566, 'fire_exp': 2.4902446681314054, 'P_half': 108.21382910613987, 'pre_dampen_half': 269.0845367054866, 'gpp_af': 0.5107061330406066, 'gpp_b': 0.0028993292583566945, 'gpp_d': 1.5988721385117124, 'ign_k': 0.5456725485601477, 'ign_c': 0.20319809838424974, 'trop_agb_crit': 1.259515631748535, 'trop_k_veg': 1.1517712915946832}.
[I 2026-06-09 12:17:34,940] Trial 816 finished with values: [10.279178599393955, 10.279178599393955] and parameters: {'k1': 0.01549659926581634, 'D_low': 12.115155843077673, 'k2': 0.06994589881535453, 'D_high': 39655.03094323017, 'fire_exp': 2.10707132280748, 'P_half': 108.21382910613987, 'pre_dampen_half': 269.0845367054866, 'gpp_af': 1.3218737536384089, 'gpp_b': 0.002262927522655115, 'gpp_d': 1.5988721385117124, 'ign_k': 0.4303356629825978, 'ign_c': 21.132597710340573, 'trop_agb_crit': 19.51558406059598, 'trop_k_veg': 4.599337386928772}.
[I 2026-06-09 12:17:36,128] Trial 817 finished with values: [10.556348123324518, 10.556348123324518] and parameters: {'k1': 5.105542986365652e-05, 'D_low': 2.7012557725439073, 'k2': 8.60693112508996e-05, 'D_high': 14268.845807630427, 'fire_exp': 1.14171776851287, 'P_half': 1.8942844905792813, 'pre_dampen_half': 11.164047352793695, 'gpp_af': 0.0018077112775902943, 'gpp_b': 1.7213644875359617e-05, 'gpp_d': 26.003623362924223, 'ign_k': 0.004224235973517089, 'ign_c': 1.887567630782227, 'trop_agb_crit': 8.404607864475192, 'trop_k_veg': 2.2346480949564653}.
[I 2026-06-09 12:17:37,363] Trial 818 finished with values: [10.623368515696672, 10.623368515696672] and parameters: {'k1': 0.03313724129972938, 'D_low': 1593.4806585556198, 'k2': 0.06994589881535453, 'D_high': 39655.03094323017, 'fire_exp': 4.4758690202162805, 'P_half': 28.647019533509873, 'pre_dampen_half': 11.164047352793695, 'gpp_af': 21.258647437649888, 'gpp_b': 1.7213644875359617e-05, 'gpp_d': 500.2195003344709, 'ign_k': 0.3242143344038317, 'ign_c': 1.887567630782227, 'trop_agb_crit': 2.064341235744835, 'trop_k_veg': 4.8737397608275925}.
