[I 2026-06-11 13:04:49,331] Trial 102 finished with values: [10.594854891207104, 10.594854891207104] and parameters: {'k1': 5.7909642338812115e-05, 'D_low': 24.28756508761176, 'k2': 0.0002442377596403892, 'D_high': 8912.611835817017, 'fire_exp': 1.5315561686017187, 'P_half': 7.914423612155368, 'pre_dampen_half': 1.8469033699850426, 'gpp_af': 0.005061568304359487, 'gpp_b': 0.004411400434514031, 'gpp_d': 1.0088237648985734, 'ign_k': 0.17320535908244444, 'ign_c': 14.709699119495124, 'trop_agb_crit': 3.430044314610246, 'trop_k_veg': 5.453348988480011, 'fire_amp': 3.1045399027418377}.
[I 2026-06-11 13:04:50,426] Trial 103 finished with values: [10.73513806873884, 10.73513806873884] and parameters: {'k1': 6.784924519083143e-05, 'D_low': 1.2768174677433957, 'k2': 0.0004976087827261435, 'D_high': 42210.21267871043, 'fire_exp': 1.2918065501148304, 'P_half': 93.43302657318476, 'pre_dampen_half': 231.59500020699807, 'gpp_af': 0.2204465010099918, 'gpp_b': 0.0003601974223479835, 'gpp_d': 0.03927259340973166, 'ign_k': 0.22970993031159073, 'ign_c': 39.52220881906114, 'trop_agb_crit': 8.354945434478699, 'trop_k_veg': 2.520089655463604, 'fire_amp': 3.713485315741754}.
[I 2026-06-11 13:04:51,475] Trial 104 finished with values: [10.738122156532631, 10.738122156532631] and parameters: {'k1': 5.7909642338812115e-05, 'D_low': 1.4002277211577039, 'k2': 0.0007731571570012607, 'D_high': 1817.0401889219124, 'fire_exp': 1.9136159174067866, 'P_half': 2.969335773129636, 'pre_dampen_half': 30.456909077772018, 'gpp_af': 1.3954498518315706, 'gpp_b': 1.8400604093141188, 'gpp_d': 1.0088237648985734, 'ign_k': 1.636529060071807, 'ign_c': 1.3431925993528124, 'trop_agb_crit': 1.8285200278523417, 'trop_k_veg': 5.453348988480011, 'fire_amp': 5.44779717154213}.
[I 2026-06-11 13:04:52,535] Trial 105 finished with values: [10.764461584583094, 10.764461584583094] and parameters: {'k1': 5.178197947282869e-05, 'D_low': 408.3047491580097, 'k2': 8.968733598183248e-05, 'D_high': 24.9899605789089, 'fire_exp': 1.7505406131449859, 'P_half': 774.5825831079144, 'pre_dampen_half': 1.3833139021965035, 'gpp_af': 68.11991466118579, 'gpp_b': 0.002416023630607169, 'gpp_d': 184.0972398983907, 'ign_k': 0.00660597889201953, 'ign_c': 3.470490935437501, 'trop_agb_crit': 18.081400596781233, 'trop_k_veg': 0.5183533149347164, 'fire_amp': 1.3548493046145347}.
[I 2026-06-11 13:04:53,567] Trial 106 finished with values: [10.762855830942502, 10.762855830942502] and parameters: {'k1': 4.739584301027366e-05, 'D_low': 13.012518385211498, 'k2': 8.968733598183248e-05, 'D_high': 22.636544662054543, 'fire_exp': 1.3201882743050743, 'P_half': 774.5825831079144, 'pre_dampen_half': 0.10756440816904224, 'gpp_af': 14.161176080022173, 'gpp_b': 0.002416023630607169, 'gpp_d': 107.84642153666701, 'ign_k': 0.0014363112408604436, 'ign_c': 1.4879588507789996, 'trop_agb_crit': 8.462233625364036, 'trop_k_veg': 0.5183533149347164, 'fire_amp': 1.1655705619308396}.
[I 2026-06-11 13:04:54,534] Trial 107 finished with values: [10.7692307688997, 10.7692307688997] and parameters: {'k1': 0.02193865417811505, 'D_low': 5745.508803834167, 'k2': 5.572807500029961e-05, 'D_high': 218.58605829601817, 'fire_exp': 1.3780725202518265, 'P_half': 1500.032805376629, 'pre_dampen_half': 12.59980371769727, 'gpp_af': 0.4648421057440751, 'gpp_b': 2.308636184489409, 'gpp_d': 19.675094798531365, 'ign_k': 0.5876331101080223, 'ign_c': 58.04314717414065, 'trop_agb_crit': 2.3283517450922546, 'trop_k_veg': 3.9334225320222664, 'fire_amp': 1.2794169340673422}.
[I 2026-06-11 13:04:55,517] Trial 108 finished with values: [10.7692307688997, 10.7692307688997] and parameters: {'k1': 1.1065812688893481e-05, 'D_low': 3.528113274684997, 'k2': 0.03981755305338543, 'D_high': 2148.652800991413, 'fire_exp': 2.638909828216385, 'P_half': 3721.2328343722993, 'pre_dampen_half': 21.14381609520636, 'gpp_af': 0.007531064950403672, 'gpp_b': 3.065290756308075, 'gpp_d': 1.241231030920016, 'ign_k': 0.03408427910923046, 'ign_c': 11.903394335305014, 'trop_agb_crit': 8.354945434478699, 'trop_k_veg': 1.5557892125379422, 'fire_amp': 3.7523365308330816}.
[I 2026-06-11 13:04:56,468] Trial 109 finished with values: [10.7692307688997, 10.7692307688997] and parameters: {'k1': 5.415244119402538e-05, 'D_low': 16.480446427978972, 'k2': 1.97778285124627e-05, 'D_high': 534.2937261279774, 'fire_exp': 1.305777134899723, 'P_half': 280.163515871626, 'pre_dampen_half': 0.04982752357076448, 'gpp_af': 0.04513257622008944, 'gpp_b': 2.4063018320720924e-05, 'gpp_d': 1.9069966103000422, 'ign_k': 1.382623217936987, 'ign_c': 82.87522363768154, 'trop_agb_crit': 8.74479618932312, 'trop_k_veg': 5.85168037586392, 'fire_amp': 1.0867895322868466}.
[I 2026-06-11 13:04:57,567] Trial 110 finished with values: [10.769229736186265, 10.769229736186265] and parameters: {'k1': 0.0001971137615017176, 'D_low': 19.192001101561882, 'k2': 5.572807500029961e-05, 'D_high': 14.557961490251989, 'fire_exp': 3.898458749305194, 'P_half': 277.00025557434554, 'pre_dampen_half': 0.2774295811500811, 'gpp_af': 0.36346725534286806, 'gpp_b': 1.2450130664570098, 'gpp_d': 16.821470258034143, 'ign_k': 0.13500744867919376, 'ign_c': 0.1611736893633666, 'trop_agb_crit': 3.1419938725278875, 'trop_k_veg': 0.7258074184598352, 'fire_amp': 1.2794169340673422}.
[I 2026-06-11 13:04:58,621] Trial 111 finished with values: [10.7692307688997, 10.7692307688997] and parameters: {'k1': 9.461469059966113e-05, 'D_low': 7799.059237255678, 'k2': 0.00037358626308127543, 'D_high': 218.58605829601817, 'fire_exp': 4.2769938521987285, 'P_half': 1510.9330261674459, 'pre_dampen_half': 3.2597587933173577, 'gpp_af': 0.76651282046602, 'gpp_b': 2.308636184489409, 'gpp_d': 0.09467055845337147, 'ign_k': 0.004042960692360329, 'ign_c': 1.7655835392092531, 'trop_agb_crit': 2.3283517450922546, 'trop_k_veg': 3.9334225320222664, 'fire_amp': 1.06192368173466}.
[I 2026-06-11 13:04:59,619] Trial 112 finished with values: [10.076238579028695, 10.076238579028695] and parameters: {'k1': 0.00023134781612225627, 'D_low': 1.7551403048208316, 'k2': 0.0001280886335404798, 'D_high': 32311.521854410956, 'fire_exp': 1.811096651915224, 'P_half': 5.4712187293420325, 'pre_dampen_half': 121.93011993958949, 'gpp_af': 0.07118041471054574, 'gpp_b': 0.00031478066835753096, 'gpp_d': 0.1619054449471649, 'ign_k': 0.002357279455676982, 'ign_c': 7.081721844034206, 'trop_agb_crit': 12.708819454040446, 'trop_k_veg': 0.5535297685306277, 'fire_amp': 1.5719333351012774}.
[I 2026-06-11 13:05:00,680] Trial 113 finished with values: [10.768014125893021, 10.768014125893021] and parameters: {'k1': 0.0009071933427331367, 'D_low': 1440.3650379563878, 'k2': 2.316457903103837e-05, 'D_high': 949.9072859745386, 'fire_exp': 1.14171776851287, 'P_half': 157.80309954142965, 'pre_dampen_half': 0.12765775690366168, 'gpp_af': 27.448645214004376, 'gpp_b': 0.0012749409641020352, 'gpp_d': 0.03848886303127135, 'ign_k': 0.0037322156377670697, 'ign_c': 111.18405953132105, 'trop_agb_crit': 8.188098178380693, 'trop_k_veg': 0.6618107836658104, 'fire_amp': 1.1626468420952578}.
[I 2026-06-11 13:05:01,697] Trial 114 finished with values: [10.769230679666366, 10.769230679666366] and parameters: {'k1': 0.004467752817973905, 'D_low': 5745.508803834167, 'k2': 0.0012030178871154666, 'D_high': 1537.592023548176, 'fire_exp': 1.3780725202518265, 'P_half': 1500.032805376629, 'pre_dampen_half': 867.6409475740121, 'gpp_af': 0.4648421057440751, 'gpp_b': 2.308636184489409, 'gpp_d': 9.761125443110442, 'ign_k': 0.004042960692360329, 'ign_c': 0.22592797420156951, 'trop_agb_crit': 2.3283517450922546, 'trop_k_veg': 3.9334225320222664, 'fire_amp': 1.06192368173466}.
[I 2026-06-11 13:05:02,709] Trial 115 finished with values: [16.498975145424765, 16.498975145424765] and parameters: {'k1': 0.00026539376439360527, 'D_low': 133.4807155996069, 'k2': 0.0014539199187561544, 'D_high': 3545.843846227985, 'fire_exp': 1.111738490499784, 'P_half': 1.4551749476072258, 'pre_dampen_half': 189.36639872354493, 'gpp_af': 3.298293484806585, 'gpp_b': 0.5903603324157484, 'gpp_d': 525.1661172395181, 'ign_k': 0.057001421052469435, 'ign_c': 7.832259769732471, 'trop_agb_crit': 1.0900492537293804, 'trop_k_veg': 1.6648666152166967, 'fire_amp': 4.472176921013167}.
[I 2026-06-11 13:05:03,710] Trial 116 finished with values: [10.769076022904189, 10.769076022904189] and parameters: {'k1': 0.0028422402394344265, 'D_low': 47.09471197589547, 'k2': 0.053816312113049804, 'D_high': 29124.30416261908, 'fire_exp': 1.1097334326431894, 'P_half': 1.2748758606816126, 'pre_dampen_half': 0.7626351785803364, 'gpp_af': 0.001574468792220529, 'gpp_b': 8.38796821093948, 'gpp_d': 0.05650468465378641, 'ign_k': 0.2379703566060643, 'ign_c': 3.3385926007093936, 'trop_agb_crit': 27.082027345327276, 'trop_k_veg': 5.163952365038207, 'fire_amp': 4.491035932123984}.
[I 2026-06-11 13:05:04,754] Trial 117 finished with values: [10.232393062610655, 10.232393062610655] and parameters: {'k1': 0.00031134168041628584, 'D_low': 12.105387404469584, 'k2': 0.003767022142229395, 'D_high': 22.636544662054543, 'fire_exp': 1.0601964743503993, 'P_half': 69.68111190775313, 'pre_dampen_half': 33.71909132517384, 'gpp_af': 0.0662749342026412, 'gpp_b': 1.4540386644083135e-05, 'gpp_d': 28.312234265202243, 'ign_k': 0.00840038491455979, 'ign_c': 157.63098727399432, 'trop_agb_crit': 1.0693376406863295, 'trop_k_veg': 0.6673124511410327, 'fire_amp': 4.783836175730692}.
[I 2026-06-11 13:05:05,783] Trial 118 finished with values: [10.76223092747898, 10.76223092747898] and parameters: {'k1': 0.00026539376439360527, 'D_low': 8832.039346746853, 'k2': 1.1417577140741129e-05, 'D_high': 29.126651668813768, 'fire_exp': 1.264103030891254, 'P_half': 1.4551749476072258, 'pre_dampen_half': 0.16974173693738634, 'gpp_af': 3.298293484806585, 'gpp_b': 0.00013164432569139702, 'gpp_d': 0.26636419343091605, 'ign_k': 0.09256855841989636, 'ign_c': 7.832259769732471, 'trop_agb_crit': 1.3137567821944718, 'trop_k_veg': 2.1406449943451844, 'fire_amp': 2.042193818779288}.
[I 2026-06-11 13:05:06,842] Trial 119 finished with values: [10.769179727992404, 10.769179727992404] and parameters: {'k1': 0.048249142811802544, 'D_low': 3.4360613844702605, 'k2': 1.303559038508507e-05, 'D_high': 10484.531351650956, 'fire_exp': 5.600924137982412, 'P_half': 655.1173063184817, 'pre_dampen_half': 0.11609694921678075, 'gpp_af': 0.07118041471054574, 'gpp_b': 1.2225538397552075e-05, 'gpp_d': 12.338826503601998, 'ign_k': 0.029898855088295265, 'ign_c': 7.081721844034206, 'trop_agb_crit': 4.427958131171205, 'trop_k_veg': 6.133177812136482, 'fire_amp': 1.8663600389828578}.
[I 2026-06-11 13:05:07,966] Trial 120 finished with values: [10.7692307688997, 10.7692307688997] and parameters: {'k1': 0.0003158510449922799, 'D_low': 2.843767489444367, 'k2': 0.029812370697208823, 'D_high': 32311.521854410956, 'fire_exp': 9.188032853819758, 'P_half': 1.1184534120760474, 'pre_dampen_half': 706.9588467653589, 'gpp_af': 0.0016436129702486315, 'gpp_b': 0.015062722325200045, 'gpp_d': 4.350163152436989, 'ign_k': 0.002357279455676982, 'ign_c': 0.19732688444088908, 'trop_agb_crit': 21.380932890222198, 'trop_k_veg': 2.8926781829782864, 'fire_amp': 1.8357623383234334}.
[I 2026-06-11 13:05:09,058] Trial 121 finished with values: [10.584449652220426, 10.584449652220426] and parameters: {'k1': 3.609310926766545e-05, 'D_low': 1121.5915868662764, 'k2': 0.032141234030334316, 'D_high': 1266.9536563782303, 'fire_exp': 1.4848387260494937, 'P_half': 12.280874862135363, 'pre_dampen_half': 170.71098124594695, 'gpp_af': 42.29037995744429, 'gpp_b': 0.00012118589392553798, 'gpp_d': 96.93415502195788, 'ign_k': 0.012480180965117606, 'ign_c': 16.470698221724305, 'trop_agb_crit': 11.664190932505923, 'trop_k_veg': 4.989748894578724, 'fire_amp': 3.1543496524370136}.
[I 2026-06-11 13:05:10,070] Trial 122 finished with values: [10.061621201908308, 10.061621201908308] and parameters: {'k1': 0.0018697387216131526, 'D_low': 1.7551403048208316, 'k2': 0.045914852167405346, 'D_high': 16780.50857913099, 'fire_exp': 1.41873960828944, 'P_half': 3.591771421517613, 'pre_dampen_half': 16.009350908593582, 'gpp_af': 0.008117091133892173, 'gpp_b': 0.00807491410172472, 'gpp_d': 12.338826503601998, 'ign_k': 0.07867677706257832, 'ign_c': 7.081721844034206, 'trop_agb_crit': 12.708819454040446, 'trop_k_veg': 0.5535297685306277, 'fire_amp': 1.5719333351012774}.
[I 2026-06-11 13:05:11,022] Trial 123 finished with values: [10.751665290660751, 10.751665290660751] and parameters: {'k1': 0.00035868164986275477, 'D_low': 12.172958098369968, 'k2': 0.02065142557895925, 'D_high': 267.3088310781672, 'fire_exp': 1.0812994412809738, 'P_half': 157.3644610977214, 'pre_dampen_half': 0.050654860639753524, 'gpp_af': 1.9998014714101113, 'gpp_b': 2.800940363375676e-05, 'gpp_d': 859.8737339212263, 'ign_k': 0.8945150807271531, 'ign_c': 16.497426799845446, 'trop_agb_crit': 8.0091368834625, 'trop_k_veg': 1.6003641872536711, 'fire_amp': 1.5587346124822492}.
[I 2026-06-11 13:05:11,961] Trial 124 finished with values: [10.729746497451597, 10.729746497451597] and parameters: {'k1': 0.012840669372724958, 'D_low': 171.2446447678494, 'k2': 0.00037358626308127543, 'D_high': 36998.679204890876, 'fire_exp': 4.2769938521987285, 'P_half': 93.43302657318476, 'pre_dampen_half': 30.697381831179275, 'gpp_af': 0.2204465010099918, 'gpp_b': 2.176805640408474e-05, 'gpp_d': 0.09467055845337147, 'ign_k': 0.0029519227433917453, 'ign_c': 39.52220881906114, 'trop_agb_crit': 12.647327018493208, 'trop_k_veg': 2.520089655463604, 'fire_amp': 5.606809127618709}.
[I 2026-06-11 13:05:12,924] Trial 125 finished with values: [10.764129747563508, 10.764129747563508] and parameters: {'k1': 0.00023134781612225627, 'D_low': 2.843767489444367, 'k2': 2.316457903103837e-05, 'D_high': 949.9072859745386, 'fire_exp': 1.14171776851287, 'P_half': 157.80309954142965, 'pre_dampen_half': 1.6130673726933187, 'gpp_af': 27.448645214004376, 'gpp_b': 0.0012749409641020352, 'gpp_d': 0.03848886303127135, 'ign_k': 0.002357279455676982, 'ign_c': 388.02797007866826, 'trop_agb_crit': 8.188098178380693, 'trop_k_veg': 2.8926781829782864, 'fire_amp': 1.8357623383234334}.
[I 2026-06-11 13:05:13,844] Trial 126 finished with values: [10.7646564070153, 10.7646564070153] and parameters: {'k1': 0.00023134781612225627, 'D_low': 3840.3004190988563, 'k2': 0.0001870742013766025, 'D_high': 27.55546207779663, 'fire_exp': 1.9831200589258544, 'P_half': 51.10120656497163, 'pre_dampen_half': 121.93011993958949, 'gpp_af': 20.12115544906385, 'gpp_b': 3.51865893272769, 'gpp_d': 3.57879245350232, 'ign_k': 0.0467351899956275, 'ign_c': 0.773448215664679, 'trop_agb_crit': 21.380932890222198, 'trop_k_veg': 1.2749676887479542, 'fire_amp': 5.416595007374148}.
[I 2026-06-11 13:05:14,778] Trial 127 finished with values: [10.76554947837148, 10.76554947837148] and parameters: {'k1': 0.004467752817973905, 'D_low': 450.9719064153485, 'k2': 5.153993511603138e-05, 'D_high': 1537.592023548176, 'fire_exp': 1.5305744365500176, 'P_half': 45.55085098454082, 'pre_dampen_half': 0.02671457936585047, 'gpp_af': 96.4653310890222, 'gpp_b': 2.3386439256208704, 'gpp_d': 9.482548804624958, 'ign_k': 0.0018548376790967168, 'ign_c': 99.96359851911319, 'trop_agb_crit': 1.9475582306295418, 'trop_k_veg': 0.5667990147757791, 'fire_amp': 5.696789701683185}.
[I 2026-06-11 13:05:15,745] Trial 128 finished with values: [10.7692307688997, 10.7692307688997] and parameters: {'k1': 5.7909642338812115e-05, 'D_low': 1.4002277211577039, 'k2': 1.2390468928182031e-05, 'D_high': 1817.0401889219124, 'fire_exp': 8.795620627499954, 'P_half': 2.969335773129636, 'pre_dampen_half': 30.456909077772018, 'gpp_af': 0.41874665092828456, 'gpp_b': 0.004411400434514031, 'gpp_d': 1.0088237648985734, 'ign_k': 0.07886001704920406, 'ign_c': 280.6535913298296, 'trop_agb_crit': 1.8285200278523417, 'trop_k_veg': 4.0068236274914755, 'fire_amp': 5.44779717154213}.
[I 2026-06-11 13:05:16,663] Trial 129 finished with values: [10.76906807288932, 10.76906807288932] and parameters: {'k1': 0.03648456083047798, 'D_low': 148.21691630007544, 'k2': 0.0001016707987819611, 'D_high': 1817.0401889219124, 'fire_exp': 3.150954985759691, 'P_half': 4303.306161410612, 'pre_dampen_half': 4.847666216751353, 'gpp_af': 0.10098504976210308, 'gpp_b': 0.004411400434514031, 'gpp_d': 1.4397852866783676, 'ign_k': 0.004105873950290761, 'ign_c': 22.126836566118193, 'trop_agb_crit': 3.438084743887884, 'trop_k_veg': 2.724170387400844, 'fire_amp': 2.7806853670293616}.
[I 2026-06-11 13:05:17,612] Trial 130 finished with values: [10.766006746543306, 10.766006746543306] and parameters: {'k1': 6.784924519083143e-05, 'D_low': 1.2768174677433957, 'k2': 0.0499774937030317, 'D_high': 27.55546207779663, 'fire_exp': 1.6901885781909627, 'P_half': 93.43302657318476, 'pre_dampen_half': 123.04779330083686, 'gpp_af': 0.2204465010099918, 'gpp_b': 0.015062722325200045, 'gpp_d': 20.81401325574021, 'ign_k': 0.22970993031159073, 'ign_c': 39.52220881906114, 'trop_agb_crit': 8.354945434478699, 'trop_k_veg': 2.520089655463604, 'fire_amp': 5.416595007374148}.
[I 2026-06-11 13:05:18,561] Trial 131 finished with values: [10.766573996659208, 10.766573996659208] and parameters: {'k1': 0.03648456083047798, 'D_low': 236.79352040223893, 'k2': 8.968733598183248e-05, 'D_high': 6682.9607218310075, 'fire_exp': 1.7505406131449859, 'P_half': 774.5825831079144, 'pre_dampen_half': 1.3833139021965035, 'gpp_af': 68.11991466118579, 'gpp_b': 0.001674375583895437, 'gpp_d': 1.4397852866783676, 'ign_k': 0.0032383308053152635, 'ign_c': 3.470490935437501, 'trop_agb_crit': 18.081400596781233, 'trop_k_veg': 0.5183533149347164, 'fire_amp': 1.3548493046145347}.
[I 2026-06-11 13:05:19,462] Trial 132 finished with values: [10.762409277403277, 10.762409277403277] and parameters: {'k1': 0.016973078532467004, 'D_low': 2.843767489444367, 'k2': 0.003767022142229395, 'D_high': 22.636544662054543, 'fire_exp': 1.6901885781909627, 'P_half': 69.68111190775313, 'pre_dampen_half': 33.71909132517384, 'gpp_af': 0.0662749342026412, 'gpp_b': 0.015062722325200045, 'gpp_d': 28.312234265202243, 'ign_k': 0.00840038491455979, 'ign_c': 388.02797007866826, 'trop_agb_crit': 24.199763404822136, 'trop_k_veg': 1.2749676887479542, 'fire_amp': 4.783836175730692}.
[I 2026-06-11 13:05:20,377] Trial 133 finished with values: [10.696398210614342, 10.696398210614342] and parameters: {'k1': 0.0018697387216131526, 'D_low': 2388.8979300769865, 'k2': 0.045914852167405346, 'D_high': 16780.50857913099, 'fire_exp': 1.41873960828944, 'P_half': 3.591771421517613, 'pre_dampen_half': 16.009350908593582, 'gpp_af': 0.008117091133892173, 'gpp_b': 0.00807491410172472, 'gpp_d': 12.338826503601998, 'ign_k': 0.07867677706257832, 'ign_c': 7.081721844034206, 'trop_agb_crit': 12.708819454040446, 'trop_k_veg': 0.5535297685306277, 'fire_amp': 1.5719333351012774}.
[I 2026-06-11 13:05:21,379] Trial 134 finished with values: [10.748120434270895, 10.748120434270895] and parameters: {'k1': 0.006079905434073396, 'D_low': 450.9719064153485, 'k2': 5.153993511603138e-05, 'D_high': 42.242359735170886, 'fire_exp': 1.4081947723562425, 'P_half': 157.3644610977214, 'pre_dampen_half': 0.02671457936585047, 'gpp_af': 96.4653310890222, 'gpp_b': 0.00047819318414852577, 'gpp_d': 594.7389794988394, 'ign_k': 0.8945150807271531, 'ign_c': 16.497426799845446, 'trop_agb_crit': 2.0420012944047587, 'trop_k_veg': 1.6003641872536711, 'fire_amp': 1.5587346124822492}.
[I 2026-06-11 13:05:22,351] Trial 135 finished with values: [10.606323812256056, 10.606323812256056] and parameters: {'k1': 0.012840669372724958, 'D_low': 450.9719064153485, 'k2': 0.0004976087827261435, 'D_high': 69868.4759244566, 'fire_exp': 1.2918065501148304, 'P_half': 45.55085098454082, 'pre_dampen_half': 0.011396414164620812, 'gpp_af': 0.2204465010099918, 'gpp_b': 2.176805640408474e-05, 'gpp_d': 0.39400557434451433, 'ign_k': 0.0018548376790967168, 'ign_c': 39.52220881906114, 'trop_agb_crit': 2.0420012944047587, 'trop_k_veg': 6.030247256556128, 'fire_amp': 5.606809127618709}.
[I 2026-06-11 13:05:23,273] Trial 136 finished with values: [10.769055397357073, 10.769055397357073] and parameters: {'k1': 0.0001971137615017176, 'D_low': 50.32059347286801, 'k2': 0.0010726091927327822, 'D_high': 32311.521854410956, 'fire_exp': 1.811096651915224, 'P_half': 2068.53034640896, 'pre_dampen_half': 0.015312220469853682, 'gpp_af': 0.8057329182285734, 'gpp_b': 0.015062722325200045, 'gpp_d': 0.1619054449471649, 'ign_k': 0.13500744867919376, 'ign_c': 0.1611736893633666, 'trop_agb_crit': 21.380932890222198, 'trop_k_veg': 0.7258074184598352, 'fire_amp': 1.1202509284327942}.
[I 2026-06-11 13:05:24,184] Trial 137 finished with values: [10.69337698136926, 10.69337698136926] and parameters: {'k1': 0.00023134781612225627, 'D_low': 148.21691630007544, 'k2': 0.0001870742013766025, 'D_high': 241.42596390104578, 'fire_exp': 1.2347586388212888, 'P_half': 51.10120656497163, 'pre_dampen_half': 121.93011993958949, 'gpp_af': 0.10098504976210308, 'gpp_b': 3.1906667956153174, 'gpp_d': 3.57879245350232, 'ign_k': 0.0467351899956275, 'ign_c': 0.773448215664679, 'trop_agb_crit': 5.588032458772675, 'trop_k_veg': 2.724170387400844, 'fire_amp': 5.416595007374148}.
[I 2026-06-11 13:05:25,095] Trial 138 finished with values: [10.544117048928227, 10.544117048928227] and parameters: {'k1': 0.016973078532467004, 'D_low': 12.105387404469584, 'k2': 0.003767022142229395, 'D_high': 2427.054417940131, 'fire_exp': 1.0601964743503993, 'P_half': 8.318314747941244, 'pre_dampen_half': 0.011396414164620812, 'gpp_af': 1.9706963379095486, 'gpp_b': 1.1008110571039521e-05, 'gpp_d': 46.010874324515754, 'ign_k': 0.00840038491455979, 'ign_c': 48.704711413416454, 'trop_agb_crit': 1.5033346993841157, 'trop_k_veg': 0.6673124511410327, 'fire_amp': 4.19233232783727}.
