[I 2026-06-11 12:37:51,792] Trial 455 finished with values: [10.16974562961583, 10.16974562961583] and parameters: {'k1': 3.619136963999883e-05, 'D_low': 4.484744524732794, 'k2': 1.915468390724633e-05, 'D_high': 30608.522106722474, 'fire_exp': 1.0629462657398439, 'P_half': 38.82837025280678, 'pre_dampen_half': 502.5175192217655, 'gpp_af': 0.049802479194577566, 'gpp_b': 0.00012118589392553798, 'gpp_d': 12.324765692041675, 'ign_k': 0.6454459531371669, 'ign_c': 15.221840161091626, 'trop_agb_crit': 1.1073237802669997, 'trop_k_veg': 1.4584243470991722, 'fuel_k': 4.680936683972861, 'fuel_half': 52.00581729114123}.
[I 2026-06-11 12:37:52,967] Trial 456 finished with values: [-0.6508613545245221, 0.7557351431428697] and parameters: {'k1': 0.00013783578294796384, 'D_low': 844.0303958079087, 'k2': 0.0027431991397796683, 'D_high': 89263.11370835223, 'fire_exp': 1.1258453832483524, 'P_half': 2.0915073038472545, 'pre_dampen_half': 347.79988160923324, 'gpp_af': 0.06789053271698488, 'gpp_b': 0.0007040113316769033, 'gpp_d': 314.6826989726468, 'ign_k': 0.1550134937334847, 'ign_c': 0.9294394155644988, 'trop_agb_crit': 3.575594457014808, 'trop_k_veg': 4.1309639246402785, 'fuel_k': 0.04572914063536324, 'fuel_half': 42.6871254378718}.
[I 2026-06-11 12:37:54,412] Trial 457 finished with values: [-0.6001835185862332, 0.8727159667097355] and parameters: {'k1': 0.006587536748686894, 'D_low': 338.23872019362165, 'k2': 7.67074891445376e-05, 'D_high': 29722.48537653568, 'fire_exp': 1.591671544437082, 'P_half': 6.658322706867178, 'pre_dampen_half': 294.75617712568373, 'gpp_af': 0.008562341633595545, 'gpp_b': 1.7565109007473816e-05, 'gpp_d': 27.50607428241511, 'ign_k': 0.5131654955148326, 'ign_c': 0.11650681118986138, 'trop_agb_crit': 9.879645484210656, 'trop_k_veg': 7.359706248396124, 'fuel_k': 3.6992394681929337, 'fuel_half': 42.6871254378718}.
[I 2026-06-11 12:37:55,727] Trial 458 finished with values: [10.487508745678886, 10.487508745678886] and parameters: {'k1': 5.232779509048979e-05, 'D_low': 4.484744524732794, 'k2': 0.030699709531122967, 'D_high': 89263.11370835223, 'fire_exp': 1.2310899049053081, 'P_half': 2.374667798987403, 'pre_dampen_half': 347.79988160923324, 'gpp_af': 0.015769192447197523, 'gpp_b': 0.011750724729953272, 'gpp_d': 9.004606022643067, 'ign_k': 4.591485216740537, 'ign_c': 0.1867876836333246, 'trop_agb_crit': 2.419699259862185, 'trop_k_veg': 0.5772603928610088, 'fuel_k': 3.6992394681929337, 'fuel_half': 81.8794158253808}.
[I 2026-06-11 12:37:57,365] Trial 459 finished with values: [10.021444666525541, 10.021444666525541] and parameters: {'k1': 0.00013783578294796384, 'D_low': 5.59983195169599, 'k2': 0.005259118659251229, 'D_high': 9996.359851911324, 'fire_exp': 1.1258453832483524, 'P_half': 490.2396944106614, 'pre_dampen_half': 347.79988160923324, 'gpp_af': 0.06789053271698488, 'gpp_b': 7.402343469704428e-05, 'gpp_d': 302.3127748796293, 'ign_k': 0.5131654955148326, 'ign_c': 11.462237838612067, 'trop_agb_crit': 19.189415375617013, 'trop_k_veg': 1.7570501127699654, 'fuel_k': 0.04572914063536324, 'fuel_half': 42.6871254378718}.
[I 2026-06-11 12:37:58,712] Trial 460 finished with values: [10.123978023012562, 10.123978023012562] and parameters: {'k1': 0.0015974581244256687, 'D_low': 290.70516815839375, 'k2': 0.0027431991397796683, 'D_high': 89263.11370835223, 'fire_exp': 1.182396148413737, 'P_half': 2.0915073038472545, 'pre_dampen_half': 518.2609891091987, 'gpp_af': 42.29037995744429, 'gpp_b': 2.3382984208508275, 'gpp_d': 314.6826989726468, 'ign_k': 0.1550134937334847, 'ign_c': 15.221840161091626, 'trop_agb_crit': 5.707205898008383, 'trop_k_veg': 2.8224577471047865, 'fuel_k': 0.03743055596010634, 'fuel_half': 81.8794158253808}.
[I 2026-06-11 12:38:00,030] Trial 461 finished with values: [10.04797317072437, 10.04797317072437] and parameters: {'k1': 0.004312951023617458, 'D_low': 338.23872019362165, 'k2': 0.0034207303670092245, 'D_high': 89263.11370835223, 'fire_exp': 1.0629462657398439, 'P_half': 136.0956887810302, 'pre_dampen_half': 502.5175192217655, 'gpp_af': 0.16548212780922, 'gpp_b': 0.00012118589392553798, 'gpp_d': 9.004606022643067, 'ign_k': 0.6454459531371669, 'ign_c': 0.11650681118986138, 'trop_agb_crit': 5.707205898008383, 'trop_k_veg': 0.9369104721775232, 'fuel_k': 1.3128815679924584, 'fuel_half': 42.6871254378718}.
[I 2026-06-11 12:38:01,430] Trial 462 finished with values: [10.438682618073537, 10.438682618073537] and parameters: {'k1': 0.004312951023617458, 'D_low': 338.23872019362165, 'k2': 1.915468390724633e-05, 'D_high': 1390.2686711035008, 'fire_exp': 1.0629462657398439, 'P_half': 220.3445560633069, 'pre_dampen_half': 219.13475969641993, 'gpp_af': 42.29037995744429, 'gpp_b': 1.7399606574646203, 'gpp_d': 302.3127748796293, 'ign_k': 4.591485216740537, 'ign_c': 3.0378658251922155, 'trop_agb_crit': 21.401581507853507, 'trop_k_veg': 2.8224577471047865, 'fuel_k': 0.031056242489259013, 'fuel_half': 0.3335026483569958}.
[I 2026-06-11 12:38:02,791] Trial 463 finished with values: [-0.6300534931462829, 0.6710226786353666] and parameters: {'k1': 0.004312951023617458, 'D_low': 5.59983195169599, 'k2': 0.0027431991397796683, 'D_high': 89263.11370835223, 'fire_exp': 1.0629462657398439, 'P_half': 13.019246714361572, 'pre_dampen_half': 502.5175192217655, 'gpp_af': 0.005618069878716736, 'gpp_b': 0.00012118589392553798, 'gpp_d': 2.8006820077310213, 'ign_k': 0.050667002161528835, 'ign_c': 15.221840161091626, 'trop_agb_crit': 26.402883285404346, 'trop_k_veg': 1.4584243470991722, 'fuel_k': 0.8398846716543953, 'fuel_half': 81.8794158253808}.
[I 2026-06-11 12:38:04,235] Trial 464 finished with values: [10.605469106348092, 10.605469106348092] and parameters: {'k1': 0.003242143344038315, 'D_low': 1.4045842344024697, 'k2': 1.915468390724633e-05, 'D_high': 15000.328053766281, 'fire_exp': 1.2310899049053081, 'P_half': 2251.4440483870167, 'pre_dampen_half': 294.75617712568373, 'gpp_af': 0.008562341633595545, 'gpp_b': 1.7565109007473816e-05, 'gpp_d': 6.913948698657619, 'ign_k': 4.591485216740537, 'ign_c': 15.221840161091626, 'trop_agb_crit': 5.707205898008383, 'trop_k_veg': 4.1309639246402785, 'fuel_k': 0.04572914063536324, 'fuel_half': 81.8794158253808}.
[I 2026-06-11 12:38:05,547] Trial 465 finished with values: [10.195854152450705, 10.195854152450705] and parameters: {'k1': 0.004312951023617458, 'D_low': 5.59983195169599, 'k2': 1.915468390724633e-05, 'D_high': 1390.2686711035008, 'fire_exp': 1.2310899049053081, 'P_half': 1.4468941663899353, 'pre_dampen_half': 502.5175192217655, 'gpp_af': 0.7539992074650279, 'gpp_b': 0.00012118589392553798, 'gpp_d': 6.913948698657619, 'ign_k': 0.02847858516856297, 'ign_c': 0.1867876836333246, 'trop_agb_crit': 24.84904720498571, 'trop_k_veg': 0.5772603928610088, 'fuel_k': 3.6992394681929337, 'fuel_half': 81.8794158253808}.
[I 2026-06-11 12:38:06,767] Trial 466 finished with values: [-0.4960041259343297, 0.877364570682401] and parameters: {'k1': 0.004312951023617458, 'D_low': 540.7445028694731, 'k2': 0.03865036856259725, 'D_high': 89263.11370835223, 'fire_exp': 1.2310899049053081, 'P_half': 220.3445560633069, 'pre_dampen_half': 502.5175192217655, 'gpp_af': 0.3061073939782122, 'gpp_b': 0.00010318352929732131, 'gpp_d': 9.004606022643067, 'ign_k': 0.5131654955148326, 'ign_c': 15.221840161091626, 'trop_agb_crit': 24.584290528289387, 'trop_k_veg': 1.4584243470991722, 'fuel_k': 0.5205627439018524, 'fuel_half': 52.00581729114123}.
[I 2026-06-11 12:38:08,199] Trial 467 finished with values: [-0.4740040572311506, 0.9474881045531783] and parameters: {'k1': 0.0015974581244256687, 'D_low': 290.70516815839375, 'k2': 0.0034207303670092245, 'D_high': 89263.11370835223, 'fire_exp': 1.182396148413737, 'P_half': 220.3445560633069, 'pre_dampen_half': 502.5175192217655, 'gpp_af': 3.9446537792806113, 'gpp_b': 1.7565109007473816e-05, 'gpp_d': 79.2966690166476, 'ign_k': 4.591485216740537, 'ign_c': 0.13670484737132343, 'trop_agb_crit': 2.419699259862185, 'trop_k_veg': 0.5772603928610088, 'fuel_k': 3.6992394681929337, 'fuel_half': 38.211294416912246}.
[I 2026-06-11 12:38:09,689] Trial 468 finished with values: [10.645811221721807, 10.645811221721807] and parameters: {'k1': 0.004312951023617458, 'D_low': 98.98117700885537, 'k2': 0.02989647175615661, 'D_high': 89263.11370835223, 'fire_exp': 1.0629462657398439, 'P_half': 6.658322706867178, 'pre_dampen_half': 502.5175192217655, 'gpp_af': 0.008562341633595545, 'gpp_b': 1.7565109007473816e-05, 'gpp_d': 12.324765692041675, 'ign_k': 0.5131654955148326, 'ign_c': 0.11650681118986138, 'trop_agb_crit': 5.707205898008383, 'trop_k_veg': 2.8224577471047865, 'fuel_k': 4.680936683972861, 'fuel_half': 52.00581729114123}.
[I 2026-06-11 12:38:11,195] Trial 469 finished with values: [10.392903948925676, 10.392903948925676] and parameters: {'k1': 0.004312951023617458, 'D_low': 4.484744524732794, 'k2': 0.030699709531122967, 'D_high': 89263.11370835223, 'fire_exp': 1.2310899049053081, 'P_half': 16.051347487097576, 'pre_dampen_half': 502.5175192217655, 'gpp_af': 0.008562341633595545, 'gpp_b': 1.7565109007473816e-05, 'gpp_d': 9.004606022643067, 'ign_k': 0.5131654955148326, 'ign_c': 0.11650681118986138, 'trop_agb_crit': 2.419699259862185, 'trop_k_veg': 1.4584243470991722, 'fuel_k': 0.38480453452215246, 'fuel_half': 81.8794158253808}.
[I 2026-06-11 12:38:12,575] Trial 470 finished with values: [10.337333253209477, 10.337333253209477] and parameters: {'k1': 0.00013649087666416944, 'D_low': 4.484744524732794, 'k2': 0.01567230746060024, 'D_high': 9996.359851911324, 'fire_exp': 2.2703704516008885, 'P_half': 127.52949611679996, 'pre_dampen_half': 502.5175192217655, 'gpp_af': 0.14765842992482675, 'gpp_b': 7.402343469704428e-05, 'gpp_d': 9.004606022643067, 'ign_k': 4.591485216740537, 'ign_c': 0.13229646467088635, 'trop_agb_crit': 24.584290528289387, 'trop_k_veg': 1.4584243470991722, 'fuel_k': 0.487361804838494, 'fuel_half': 2.9236782115513154}.
[I 2026-06-11 12:38:13,905] Trial 471 finished with values: [10.768810467085439, 10.768810467085439] and parameters: {'k1': 0.00013783578294796384, 'D_low': 166.51532285161684, 'k2': 0.0034207303670092245, 'D_high': 3712.591045287726, 'fire_exp': 8.529993407276715, 'P_half': 136.0956887810302, 'pre_dampen_half': 502.5175192217655, 'gpp_af': 3.9446537792806113, 'gpp_b': 1.7565109007473816e-05, 'gpp_d': 79.2966690166476, 'ign_k': 0.5131654955148326, 'ign_c': 0.15178052094448868, 'trop_agb_crit': 2.419699259862185, 'trop_k_veg': 0.5772603928610088, 'fuel_k': 0.04572914063536324, 'fuel_half': 81.8794158253808}.
[I 2026-06-11 12:38:15,203] Trial 472 finished with values: [10.087152603294303, 10.087152603294303] and parameters: {'k1': 0.00013783578294796384, 'D_low': 572.9371773569633, 'k2': 0.0034207303670092245, 'D_high': 1024.9816559563214, 'fire_exp': 1.1258453832483524, 'P_half': 13.019246714361572, 'pre_dampen_half': 347.79988160923324, 'gpp_af': 0.14765842992482675, 'gpp_b': 7.402343469704428e-05, 'gpp_d': 2.8006820077310213, 'ign_k': 8.761971101023693, 'ign_c': 0.11650681118986138, 'trop_agb_crit': 9.836162684900028, 'trop_k_veg': 3.2626710594521904, 'fuel_k': 0.24991287225033346, 'fuel_half': 15.29850686893745}.
[I 2026-06-11 12:38:16,476] Trial 473 finished with values: [10.70258119255378, 10.70258119255378] and parameters: {'k1': 0.004312951023617458, 'D_low': 338.23872019362165, 'k2': 1.915468390724633e-05, 'D_high': 1390.2686711035008, 'fire_exp': 1.0629462657398439, 'P_half': 1.4468941663899353, 'pre_dampen_half': 502.5175192217655, 'gpp_af': 42.29037995744429, 'gpp_b': 1.7399606574646203, 'gpp_d': 6.913948698657619, 'ign_k': 0.02847858516856297, 'ign_c': 15.221840161091626, 'trop_agb_crit': 2.082468072533112, 'trop_k_veg': 0.5772603928610088, 'fuel_k': 4.680936683972861, 'fuel_half': 81.8794158253808}.
[I 2026-06-11 12:38:18,221] Trial 474 finished with values: [10.301432573925831, 10.301432573925831] and parameters: {'k1': 0.05233480488540085, 'D_low': 338.23872019362165, 'k2': 0.00010939944910100016, 'D_high': 29722.48537653568, 'fire_exp': 1.182396148413737, 'P_half': 6.658322706867178, 'pre_dampen_half': 294.75617712568373, 'gpp_af': 0.326288637536534, 'gpp_b': 1.7565109007473816e-05, 'gpp_d': 9.004606022643067, 'ign_k': 0.5131654955148326, 'ign_c': 0.11650681118986138, 'trop_agb_crit': 5.707205898008383, 'trop_k_veg': 2.8224577471047865, 'fuel_k': 0.09252659617259135, 'fuel_half': 42.6871254378718}.
[I 2026-06-11 12:38:19,460] Trial 475 finished with values: [-0.5625786677836978, 0.7093051271624132] and parameters: {'k1': 0.05233480488540085, 'D_low': 2.2281634177046414, 'k2': 0.00010939944910100016, 'D_high': 3712.591045287726, 'fire_exp': 1.182396148413737, 'P_half': 136.0956887810302, 'pre_dampen_half': 502.5175192217655, 'gpp_af': 0.326288637536534, 'gpp_b': 1.7565109007473816e-05, 'gpp_d': 16.460426816350523, 'ign_k': 0.5131654955148326, 'ign_c': 0.9294394155644988, 'trop_agb_crit': 5.707205898008383, 'trop_k_veg': 2.639166174475906, 'fuel_k': 0.09252659617259135, 'fuel_half': 42.6871254378718}.
[I 2026-06-11 12:38:20,946] Trial 476 finished with values: [-0.6136480822613709, 0.763749828677802] and parameters: {'k1': 5.232779509048979e-05, 'D_low': 5.59983195169599, 'k2': 0.0027431991397796683, 'D_high': 15000.328053766281, 'fire_exp': 1.2310899049053081, 'P_half': 13.019246714361572, 'pre_dampen_half': 347.79988160923324, 'gpp_af': 0.015769192447197523, 'gpp_b': 1.7565109007473816e-05, 'gpp_d': 6.913948698657619, 'ign_k': 4.591485216740537, 'ign_c': 15.221840161091626, 'trop_agb_crit': 5.707205898008383, 'trop_k_veg': 4.1309639246402785, 'fuel_k': 0.04572914063536324, 'fuel_half': 81.8794158253808}.
[I 2026-06-11 12:38:22,405] Trial 477 finished with values: [10.37180026022878, 10.37180026022878] and parameters: {'k1': 0.004312951023617458, 'D_low': 5.59983195169599, 'k2': 0.0027431991397796683, 'D_high': 1390.2686711035008, 'fire_exp': 1.2310899049053081, 'P_half': 13.019246714361572, 'pre_dampen_half': 502.5175192217655, 'gpp_af': 0.7539992074650279, 'gpp_b': 0.08980754434235988, 'gpp_d': 9.004606022643067, 'ign_k': 0.050667002161528835, 'ign_c': 15.221840161091626, 'trop_agb_crit': 26.402883285404346, 'trop_k_veg': 0.5772603928610088, 'fuel_k': 0.030315034760496778, 'fuel_half': 81.8794158253808}.
[I 2026-06-11 12:38:23,790] Trial 478 finished with values: [10.337108634350406, 10.337108634350406] and parameters: {'k1': 0.004312951023617458, 'D_low': 338.23872019362165, 'k2': 7.67074891445376e-05, 'D_high': 89263.11370835223, 'fire_exp': 1.0629462657398439, 'P_half': 10.226988730324324, 'pre_dampen_half': 347.79988160923324, 'gpp_af': 0.09317985456593192, 'gpp_b': 0.08079748865351316, 'gpp_d': 2.8006820077310213, 'ign_k': 0.5131654955148326, 'ign_c': 0.9294394155644988, 'trop_agb_crit': 21.401581507853507, 'trop_k_veg': 4.1309639246402785, 'fuel_k': 4.680936683972861, 'fuel_half': 81.8794158253808}.
[I 2026-06-11 12:38:25,220] Trial 479 finished with values: [10.769199956240286, 10.769199956240286] and parameters: {'k1': 0.05233480488540085, 'D_low': 125.61043700013555, 'k2': 1.915468390724633e-05, 'D_high': 15000.328053766281, 'fire_exp': 1.1258453832483524, 'P_half': 13.019246714361572, 'pre_dampen_half': 0.034116553487407886, 'gpp_af': 0.008562341633595545, 'gpp_b': 3.228689523591491e-05, 'gpp_d': 2.8006820077310213, 'ign_k': 0.5131654955148326, 'ign_c': 42.793836042014604, 'trop_agb_crit': 29.789943908227905, 'trop_k_veg': 4.1309639246402785, 'fuel_k': 0.03743055596010634, 'fuel_half': 0.32476735706274484}.
[I 2026-06-11 12:38:26,617] Trial 480 finished with values: [10.154280013649347, 10.154280013649347] and parameters: {'k1': 0.00013783578294796384, 'D_low': 9946.147674311602, 'k2': 0.0027431991397796683, 'D_high': 89263.11370835223, 'fire_exp': 1.1174086754605184, 'P_half': 38.82837025280678, 'pre_dampen_half': 502.5175192217655, 'gpp_af': 0.14765842992482675, 'gpp_b': 7.402343469704428e-05, 'gpp_d': 16.460426816350523, 'ign_k': 0.5131654955148326, 'ign_c': 15.221840161091626, 'trop_agb_crit': 19.189415375617013, 'trop_k_veg': 1.7570501127699654, 'fuel_k': 0.24991287225033346, 'fuel_half': 42.6871254378718}.
[I 2026-06-11 12:38:27,954] Trial 481 finished with values: [10.731986025454267, 10.731986025454267] and parameters: {'k1': 0.0015974581244256687, 'D_low': 2.2281634177046414, 'k2': 0.08103949702339493, 'D_high': 1390.2686711035008, 'fire_exp': 6.392491407653604, 'P_half': 16.051347487097576, 'pre_dampen_half': 502.5175192217655, 'gpp_af': 3.9446537792806113, 'gpp_b': 1.7565109007473816e-05, 'gpp_d': 1.082778948579575, 'ign_k': 4.591485216740537, 'ign_c': 0.1867876836333246, 'trop_agb_crit': 2.419699259862185, 'trop_k_veg': 2.8224577471047865, 'fuel_k': 3.6992394681929337, 'fuel_half': 5.702471103033378}.
[I 2026-06-11 12:38:29,257] Trial 482 finished with values: [10.196775715042236, 10.196775715042236] and parameters: {'k1': 0.00013649087666416944, 'D_low': 4.484744524732794, 'k2': 1.915468390724633e-05, 'D_high': 1390.2686711035008, 'fire_exp': 1.1258453832483524, 'P_half': 127.52949611679996, 'pre_dampen_half': 347.79988160923324, 'gpp_af': 0.14765842992482675, 'gpp_b': 7.402343469704428e-05, 'gpp_d': 16.460426816350523, 'ign_k': 3.0409816628297026, 'ign_c': 11.462237838612067, 'trop_agb_crit': 24.584290528289387, 'trop_k_veg': 1.7570501127699654, 'fuel_k': 3.6992394681929337, 'fuel_half': 81.8794158253808}.
[I 2026-06-11 12:38:30,526] Trial 483 finished with values: [10.74525544224498, 10.74525544224498] and parameters: {'k1': 0.008822833027501576, 'D_low': 844.0303958079087, 'k2': 0.0027431991397796683, 'D_high': 1390.2686711035008, 'fire_exp': 1.2310899049053081, 'P_half': 136.0956887810302, 'pre_dampen_half': 347.79988160923324, 'gpp_af': 0.7539992074650279, 'gpp_b': 0.4946669606757248, 'gpp_d': 302.3127748796293, 'ign_k': 4.591485216740537, 'ign_c': 0.9294394155644988, 'trop_agb_crit': 3.575594457014808, 'trop_k_veg': 0.5772603928610088, 'fuel_k': 0.04572914063536324, 'fuel_half': 2.9236782115513154}.
[I 2026-06-11 12:38:31,954] Trial 484 finished with values: [-0.6520852337836935, 0.3009662430122555] and parameters: {'k1': 0.00013649087666416944, 'D_low': 4.484744524732794, 'k2': 0.01567230746060024, 'D_high': 1853.8092461931485, 'fire_exp': 1.1258453832483524, 'P_half': 220.3445560633069, 'pre_dampen_half': 502.5175192217655, 'gpp_af': 0.06789053271698488, 'gpp_b': 1.7565109007473816e-05, 'gpp_d': 16.460426816350523, 'ign_k': 0.34703605955441524, 'ign_c': 15.221840161091626, 'trop_agb_crit': 24.584290528289387, 'trop_k_veg': 1.4584243470991722, 'fuel_k': 0.487361804838494, 'fuel_half': 0.32476735706274484}.
[I 2026-06-11 12:38:33,339] Trial 485 finished with values: [-0.5693797628467505, 0.35585095826391944] and parameters: {'k1': 0.00013783578294796384, 'D_low': 844.0303958079087, 'k2': 0.0027431991397796683, 'D_high': 1390.2686711035008, 'fire_exp': 1.0629462657398439, 'P_half': 10.226988730324324, 'pre_dampen_half': 502.5175192217655, 'gpp_af': 42.29037995744429, 'gpp_b': 0.00010318352929732131, 'gpp_d': 302.3127748796293, 'ign_k': 0.5131654955148326, 'ign_c': 3.0378658251922155, 'trop_agb_crit': 12.324775650896964, 'trop_k_veg': 1.4584243470991722, 'fuel_k': 4.680936683972861, 'fuel_half': 42.6871254378718}.
[I 2026-06-11 12:38:34,829] Trial 486 finished with values: [-0.5763121048848122, 0.26975834735281634] and parameters: {'k1': 0.00013783578294796384, 'D_low': 1816.7721131483863, 'k2': 0.03865036856259725, 'D_high': 1390.2686711035008, 'fire_exp': 1.2310899049053081, 'P_half': 10.226988730324324, 'pre_dampen_half': 502.5175192217655, 'gpp_af': 0.008562341633595545, 'gpp_b': 1.7565109007473816e-05, 'gpp_d': 9.004606022643067, 'ign_k': 0.5131654955148326, 'ign_c': 0.11650681118986138, 'trop_agb_crit': 19.84604666505718, 'trop_k_veg': 1.4584243470991722, 'fuel_k': 4.680936683972861, 'fuel_half': 52.00581729114123}.
[I 2026-06-11 12:38:36,131] Trial 487 finished with values: [-0.4064246937057701, 0.7005714724935257] and parameters: {'k1': 0.00013649087666416944, 'D_low': 5.59983195169599, 'k2': 0.005259118659251229, 'D_high': 9996.359851911324, 'fire_exp': 1.0889492364376547, 'P_half': 13.019246714361572, 'pre_dampen_half': 502.5175192217655, 'gpp_af': 0.14765842992482675, 'gpp_b': 0.00012118589392553798, 'gpp_d': 2.8006820077310213, 'ign_k': 0.050667002161528835, 'ign_c': 11.462237838612067, 'trop_agb_crit': 19.189415375617013, 'trop_k_veg': 1.7570501127699654, 'fuel_k': 0.24991287225033346, 'fuel_half': 1.630876087364482}.
[I 2026-06-11 12:38:37,534] Trial 488 finished with values: [-0.6689605235595519, 0.6043827468004845] and parameters: {'k1': 5.232779509048979e-05, 'D_low': 20.32977847090263, 'k2': 0.0027431991397796683, 'D_high': 15000.328053766281, 'fire_exp': 1.2310899049053081, 'P_half': 10.226988730324324, 'pre_dampen_half': 502.5175192217655, 'gpp_af': 0.008562341633595545, 'gpp_b': 0.00010318352929732131, 'gpp_d': 9.004606022643067, 'ign_k': 4.591485216740537, 'ign_c': 0.11650681118986138, 'trop_agb_crit': 5.707205898008383, 'trop_k_veg': 4.1309639246402785, 'fuel_k': 0.7156083490235491, 'fuel_half': 81.8794158253808}.
[I 2026-06-11 12:38:39,089] Trial 489 finished with values: [10.769230769179362, 10.769230769179362] and parameters: {'k1': 0.004312951023617458, 'D_low': 98.98117700885537, 'k2': 1.915468390724633e-05, 'D_high': 1390.2686711035008, 'fire_exp': 1.0629462657398439, 'P_half': 10.226988730324324, 'pre_dampen_half': 502.5175192217655, 'gpp_af': 0.005618069878716736, 'gpp_b': 0.00012118589392553798, 'gpp_d': 12.324765692041675, 'ign_k': 0.5131654955148326, 'ign_c': 170.36632990295922, 'trop_agb_crit': 21.401581507853507, 'trop_k_veg': 1.4584243470991722, 'fuel_k': 4.680936683972861, 'fuel_half': 52.00581729114123}.
