[setup] COUPLING-READY: climate (D_bar/T_air/P_*) + GPP all from global_baseline_modelC_inputs_1997-2016.nc ...
[fuel] FUEL_WINDOW=60 months, causal trailing mean, 48 months of spin-up ahead of the fit window
[setup] loading GFED5 reference from burntArea.nc ...
[setup] land cells (GFED5 burnable): 13916 / 64800 (21.5%)
[pop] POP_TERM ON: HYDE density, 15031 populated cells, log10 range -1.00 to 3.48
[setup] GFED5 land-mean monthly frac: 0.005068
[pop] fitting a hump in log10 population density, 3 parameters
[opt] warm-start from params.coupledFW.json
[warm] Overall=0.6094  bias=0.6952 rmse=0.3646 seas=0.8119 spatial=0.8107
[opt] sampler=NSGAIISampler seed=42
[I 2026-08-19 12:45:39,506] A new study created in memory with name: no-name-600e1374-c612-45f7-9d73-06eb5c66291d
[opt] running 2500 trials against GFED5 ...
[I 2026-08-19 12:45:42,506] Trial 0 finished with values: [-0.6094076133578652, 0.08021078516453495] and parameters: {'k1': 0.0008685306488754917, 'D_low': 2240.9155921647994, 'k2': 0.0010532624798722347, 'D_high': 6525529.853354094, 'fire_exp': 1.2585476857229763, 'P_half': 355.00125258511594, 'pre_dampen_half': 16.224010950061366, 'gpp_af': 0.03522602097143089, 'gpp_b': 0.00012118589392553798, 'gpp_d': 12.338826503601998, 'ign_k': 2.136832907235876, 'ign_c': 22.126836566118193, 'trop_agb_crit': 26.951029433343408, 'trop_k_veg': 2.724170387400844, 'pop_amp': 0.001, 'pop_peak': 16.0, 'pop_sig': 0.8, 'fuel_k': 0.6149834196910364, 'fuel_half': 0.6603566884894324}.
[I 2026-08-19 12:45:46,016] Trial 1 finished with values: [-0.3554625854118624, 0.0] and parameters: {'k1': 0.00031489116479568613, 'D_low': 506157.68887523044, 'k2': 0.008471801418819975, 'D_high': 39079.671568228776, 'fire_exp': 1.4322493718230251, 'P_half': 4.2070539502879365, 'pre_dampen_half': 0.0195172246414495, 'gpp_af': 21.42302175774105, 'gpp_b': 0.040428727350273294, 'gpp_d': 34.70266988650411, 'ign_k': 0.0012087541473056963, 'ign_c': 757.9479953347999, 'trop_agb_crit': 16.967533607196547, 'trop_k_veg': 0.9008485225328876, 'pop_amp': 0.006053891567028103, 'pop_peak': 0.3074668528543553, 'pop_sig': 0.5037119471039664, 'fuel_k': 0.28698073046474143, 'fuel_half': 1.976218934028007}.
[I 2026-08-19 12:45:48,515] Trial 2 finished with values: [-0.39110355045824197, 0.007508771400938197] and parameters: {'k1': 0.0001461896279370495, 'D_low': 4689.400963537684, 'k2': 3.613894271216525e-05, 'D_high': 566.0670699258887, 'fire_exp': 2.324672848950434, 'P_half': 66.72367170464204, 'pre_dampen_half': 84.31013932082456, 'gpp_af': 0.009962513222055111, 'gpp_b': 0.012173252504194038, 'gpp_d': 9.163741808778772, 'ign_k': 0.0015339162591163618, 'ign_c': 26.92646910086177, 'trop_agb_crit': 1.7860137889397087, 'trop_k_veg': 0.5988250057822244, 'pop_amp': 12.055498078944888, 'pop_peak': 711.5121872456864, 'pop_sig': 1.6081899982124734, 'fuel_k': 0.07018804142198388, 'fuel_half': 0.1963434157293333}.
[I 2026-08-19 12:45:50,863] Trial 3 finished with values: [-0.5237641777533646, 0.03430621274177392] and parameters: {'k1': 0.005456725485601475, 'D_low': 437.4364439939077, 'k2': 3.077180271250682e-05, 'D_high': 9355.38060645217, 'fire_exp': 1.0824018381500955, 'P_half': 4337.920697490941, 'pre_dampen_half': 0.19674328025306115, 'gpp_af': 2.0540519425388455, 'gpp_b': 0.0007417652034871827, 'gpp_d': 3.9841905944346854, 'ign_k': 0.1537592023548176, 'ign_c': 0.5488047000766043, 'trop_agb_crit': 27.05166881899929, 'trop_k_veg': 4.288672925586801, 'pop_amp': 10.985330528057915, 'pop_peak': 352.89806695809773, 'pop_sig': 0.9904669476016459, 'fuel_k': 3.640039183945803, 'fuel_half': 0.18427970406864538}.
[I 2026-08-19 12:45:53,556] Trial 4 finished with values: [-0.400409306206089, 6.169376495290813e-05] and parameters: {'k1': 6.080390190296599e-05, 'D_low': 1.867943489455631, 'k2': 0.0002001342062287998, 'D_high': 2148.1457181982682, 'fire_exp': 1.8678802571070678, 'P_half': 2065.142557895925, 'pre_dampen_half': 0.607808309968195, 'gpp_af': 0.02539057572102413, 'gpp_b': 0.018037506431281835, 'gpp_d': 0.050654860639753524, 'ign_k': 1.6172900811143154, 'ign_c': 0.19870215385428625, 'trop_agb_crit': 28.691395365453726, 'trop_k_veg': 4.254468990309733, 'pop_amp': 0.007156194022692475, 'pop_peak': 0.05281056279423359, 'pop_sig': 1.6345621461295103, 'fuel_k': 0.9199338799678547, 'fuel_half': 15.382308040278993}.
[I 2026-08-19 12:45:56,010] Trial 5 finished with values: [-0.3554625854118624, 0.0] and parameters: {'k1': 0.01216413935141706, 'D_low': 2.7814285643757533, 'k2': 0.00027155819552829395, 'D_high': 49.56947932799961, 'fire_exp': 7.296312489711155, 'P_half': 311.3095956122123, 'pre_dampen_half': 0.4513257622008943, 'gpp_af': 0.002078699690689777, 'gpp_b': 0.0007343344964174934, 'gpp_d': 0.42258746449961676, 'ign_k': 0.8287522363768158, 'ign_c': 35.500125258511574, 'trop_agb_crit': 20.44187835249379, 'trop_k_veg': 1.8517119608276615, 'pop_amp': 0.0032687254098544157, 'pop_peak': 58.43287144076147, 'pop_sig': 1.441202667528667, 'fuel_k': 0.3625041211511625, 'fuel_half': 20.55424552015074}.
[I 2026-08-19 12:45:58,567] Trial 6 finished with values: [-0.3961770589327583, 0.03325289262376652] and parameters: {'k1': 0.0009444574254983562, 'D_low': 1368.9795993592197, 'k2': 0.0005130551760589835, 'D_high': 14.207404990676052, 'fire_exp': 1.2820100418916898, 'P_half': 1.3357240411974096, 'pre_dampen_half': 15.207297997231795, 'gpp_af': 0.03730610475453591, 'gpp_b': 0.011257038385268998, 'gpp_d': 345.01054536130147, 'ign_k': 0.009935023909063692, 'ign_c': 4.380580767905651, 'trop_agb_crit': 13.062931388340921, 'trop_k_veg': 0.9429104466938065, 'pop_amp': 0.0021433490423168255, 'pop_peak': 0.8814540846109967, 'pop_sig': 0.362377559581367, 'fuel_k': 3.826843441487287, 'fuel_half': 26.56813924114492}.
[I 2026-08-19 12:46:01,017] Trial 7 finished with values: [-0.3554625854118624, 0.0] and parameters: {'k1': 0.0034167643418329683, 'D_low': 169341.55410667966, 'k2': 0.016394127471631596, 'D_high': 131.64984536291766, 'fire_exp': 7.8083450855424115, 'P_half': 143.67095138664226, 'pre_dampen_half': 108.94336258132203, 'gpp_af': 30.231277487962974, 'gpp_b': 0.000809134743599756, 'gpp_d': 0.03550255612313078, 'ign_k': 0.008160948743089917, 'ign_c': 5.11012065649716, 'trop_agb_crit': 16.155001304356414, 'trop_k_veg': 5.437420238162096, 'pop_amp': 0.0010712758680532413, 'pop_peak': 7.865194610067352, 'pop_sig': 0.6536586487333584, 'fuel_k': 0.04140464747782871, 'fuel_half': 0.22887381144600968}.
  trial    8/2500  pareto_size=6  best_ilamb=0.6094  (0.4 min)
[I 2026-08-19 12:46:03,584] Trial 8 finished with values: [-0.3554625854118624, 0.0] and parameters: {'k1': 0.000224109716191095, 'D_low': 454420.8225488321, 'k2': 0.00019625093208439862, 'D_high': 12964.140540905057, 'fire_exp': 5.0468332876558515, 'P_half': 28.47858516856296, 'pre_dampen_half': 722.6207258080483, 'gpp_af': 64.89877132084352, 'gpp_b': 0.0003241110030999168, 'gpp_d': 3.063673848555843, 'ign_k': 0.015977662354833867, 'ign_c': 1.3783578294796377, 'trop_agb_crit': 1.1336695817840534, 'trop_k_veg': 2.709933287181283, 'pop_amp': 0.14522371993286978, 'pop_peak': 0.08324950456340541, 'pop_sig': 0.4748828360345704, 'fuel_k': 3.336568203467017, 'fuel_half': 0.5232216089948756}.
[I 2026-08-19 12:46:05,928] Trial 9 finished with values: [-0.3744048710206659, 3.651301483387215e-12] and parameters: {'k1': 3.798214508453257e-05, 'D_low': 864.403589520682, 'k2': 0.0876197110102369, 'D_high': 283.35548841697704, 'fire_exp': 4.700407898796261, 'P_half': 1112.9571947046009, 'pre_dampen_half': 0.1542366983422621, 'gpp_af': 4.376044634724401, 'gpp_b': 0.0016095289638234304, 'gpp_d': 14.505381415853753, 'ign_k': 0.3420730367009226, 'ign_c': 13.902686711034995, 'trop_agb_crit': 1.3594678406051504, 'trop_k_veg': 5.067274496329336, 'pop_amp': 0.023970918838119856, 'pop_peak': 0.31709669264724544, 'pop_sig': 0.2746092425426871, 'fuel_k': 0.43811686258016247, 'fuel_half': 10.781845035122265}.
[I 2026-08-19 12:46:08,157] Trial 10 finished with values: [-0.37217070544052216, 0.003382594990542165] and parameters: {'k1': 1.1650681118986128e-05, 'D_low': 1181.8390883060224, 'k2': 8.053471030316099e-05, 'D_high': 74308.20019313856, 'fire_exp': 1.4940544624243646, 'P_half': 580.4314717414071, 'pre_dampen_half': 0.8583743499363278, 'gpp_af': 48.266959687866404, 'gpp_b': 6.685373335828937e-05, 'gpp_d': 0.5073781437488637, 'ign_k': 0.0028437674894443675, 'ign_c': 499.77493703031746, 'trop_agb_crit': 19.76681084946931, 'trop_k_veg': 1.0222630717749086, 'pop_amp': 0.6896221126698381, 'pop_peak': 163.63160887601643, 'pop_sig': 0.8977198335600793, 'fuel_k': 0.29610750607451336, 'fuel_half': 0.5315656057158319}.
[I 2026-08-19 12:46:10,684] Trial 11 finished with values: [-0.4010940541011565, 4.3402301392880815e-06] and parameters: {'k1': 2.3572794556769812e-05, 'D_low': 241709.96068266948, 'k2': 0.039964301676942524, 'D_high': 62893.9315451975, 'fire_exp': 2.182879644446417, 'P_half': 24.93666083446519, 'pre_dampen_half': 42.63619053601748, 'gpp_af': 30.588015371390597, 'gpp_b': 2.101447504824719, 'gpp_d': 79.3190911385705, 'ign_k': 0.3699359899959751, 'ign_c': 0.2170500348871113, 'trop_agb_crit': 1.7327871113349946, 'trop_k_veg': 6.038611061948211, 'pop_amp': 0.40576032137265017, 'pop_peak': 0.054767989585627036, 'pop_sig': 0.3157995825149297, 'fuel_k': 0.69712116678509, 'fuel_half': 0.10355826161899183}.
[I 2026-08-19 12:46:13,124] Trial 12 finished with values: [-0.3554625854118624, 0.0] and parameters: {'k1': 4.3977668944839594e-05, 'D_low': 1960.6620200097805, 'k2': 0.005855726588796253, 'D_high': 81614.54372835542, 'fire_exp': 1.6759818435211715, 'P_half': 705.857259090179, 'pre_dampen_half': 0.15354845024150163, 'gpp_af': 0.04236414938631994, 'gpp_b': 0.30126482730084564, 'gpp_d': 17.707795393478506, 'ign_k': 2.4939838794891496, 'ign_c': 42.70232968405541, 'trop_agb_crit': 6.909724267901692, 'trop_k_veg': 0.6482845389294265, 'pop_amp': 0.038155460446952685, 'pop_peak': 0.6912153000039369, 'pop_sig': 0.4384596693876216, 'fuel_k': 5.048594494082411, 'fuel_half': 1.5110998901295218}.
[I 2026-08-19 12:46:15,734] Trial 13 finished with values: [-0.35726110015880713, 0.0011239897372889995] and parameters: {'k1': 0.03699867920489089, 'D_low': 6121.132154754231, 'k2': 0.015109330261674455, 'D_high': 10371.04595424719, 'fire_exp': 3.7748863822506733, 'P_half': 93.34064019986363, 'pre_dampen_half': 0.09467055845337147, 'gpp_af': 4.095062894476692, 'gpp_b': 0.0004837646996135023, 'gpp_d': 0.013230608911548413, 'ign_k': 0.3818468247973969, 'ign_c': 0.5110256715654393, 'trop_agb_crit': 24.500297851058132, 'trop_k_veg': 7.040677728995453, 'pop_amp': 8.607146287168973, 'pop_peak': 1.9544910105674127, 'pop_sig': 0.2590577714634562, 'fuel_k': 3.7932317359008088, 'fuel_half': 1.9255395572015603}.
[I 2026-08-19 12:46:18,392] Trial 14 finished with values: [-0.3554625854118624, 0.0] and parameters: {'k1': 0.07355619850853308, 'D_low': 604950.5313715198, 'k2': 0.025824850844906145, 'D_high': 584.3773200430937, 'fire_exp': 2.4271562127665014, 'P_half': 2538.3218374507296, 'pre_dampen_half': 0.3842465933116533, 'gpp_af': 0.007038234513942655, 'gpp_b': 0.021918335723906092, 'gpp_d': 479.4837252202705, 'ign_k': 0.6083019192425827, 'ign_c': 19.065345519393503, 'trop_agb_crit': 1.391686660241692, 'trop_k_veg': 2.751138759371881, 'pop_amp': 18.123885367168285, 'pop_peak': 0.20020529330817138, 'pop_sig': 0.8246499956768644, 'fuel_k': 2.738262613214191, 'fuel_half': 16.684217902257085}.
[I 2026-08-19 12:46:20,753] Trial 15 finished with values: [-0.3554625854118624, 0.0] and parameters: {'k1': 0.006138509947844854, 'D_low': 16402.29067110099, 'k2': 0.00027413507419758244, 'D_high': 577.4987726789047, 'fire_exp': 6.44705173818705, 'P_half': 1739.6167422846984, 'pre_dampen_half': 216.45199495862124, 'gpp_af': 36.830088529547496, 'gpp_b': 0.011696458740181149, 'gpp_d': 3.2179661649786304, 'ign_k': 1.5602015889668863, 'ign_c': 39.797493741031076, 'trop_agb_crit': 10.886548068709027, 'trop_k_veg': 4.541505658710469, 'pop_amp': 6.728831785127672, 'pop_peak': 1.421337820414783, 'pop_sig': 0.5936397333168194, 'fuel_k': 0.01824299099180509, 'fuel_half': 5.430507564500919}.
[I 2026-08-19 12:46:23,102] Trial 16 finished with values: [-0.3554625854118624, 0.0] and parameters: {'k1': 1.392416289024867e-05, 'D_low': 621.7103663128163, 'k2': 0.001481080073036349, 'D_high': 523.8989315858803, 'fire_exp': 3.8979230431144027, 'P_half': 1.3243445838637977, 'pre_dampen_half': 0.015372374060846974, 'gpp_af': 12.971876440863593, 'gpp_b': 0.001449251800073137, 'gpp_d': 0.043181981126981975, 'ign_k': 0.12273630375458194, 'ign_c': 120.2193048491502, 'trop_agb_crit': 2.0835015454357144, 'trop_k_veg': 2.8119323832865257, 'pop_amp': 0.0023285309081692643, 'pop_peak': 0.08341701352955977, 'pop_sig': 0.8497567836052746, 'fuel_k': 0.3176626387065175, 'fuel_half': 8.17127270071559}.
  trial   17/2500  pareto_size=12  best_ilamb=0.6094  (0.7 min)
[I 2026-08-19 12:46:25,657] Trial 17 finished with values: [-0.3554625854118624, 0.0] and parameters: {'k1': 0.008023527304678842, 'D_low': 716328.9063135319, 'k2': 0.0011619873314872927, 'D_high': 866.4406862241786, 'fire_exp': 6.2400230621325194, 'P_half': 12.115155843077673, 'pre_dampen_half': 1.5662356447891177, 'gpp_af': 0.0024676405980083274, 'gpp_b': 1.4193988874743626e-05, 'gpp_d': 650.4921701204659, 'ign_k': 2.207600491318519, 'ign_c': 60.79905434073397, 'trop_agb_crit': 4.018584329485901, 'trop_k_veg': 0.8084202024508578, 'pop_amp': 0.004708042915737182, 'pop_peak': 0.5960356212705233, 'pop_sig': 0.8854553643686127, 'fuel_k': 0.9666195090843235, 'fuel_half': 9.562955396652193}.
[I 2026-08-19 12:46:28,158] Trial 18 finished with values: [-0.3554625854118624, 0.0] and parameters: {'k1': 0.00013174543864342755, 'D_low': 536033.1935690228, 'k2': 0.008945150807271526, 'D_high': 21189.675944936007, 'fire_exp': 4.089975874386939, 'P_half': 47.687027229313756, 'pre_dampen_half': 0.173242701549491, 'gpp_af': 0.060237008157478775, 'gpp_b': 0.3524330779511354, 'gpp_d': 0.011802321563258196, 'ign_k': 0.002912665166881378, 'ign_c': 0.15276032303600073, 'trop_agb_crit': 1.1485803434383741, 'trop_k_veg': 5.358548772317544, 'pop_amp': 1.0628049289894101, 'pop_peak': 5.475274111905318, 'pop_sig': 0.31316568569786407, 'fuel_k': 0.23215778853982408, 'fuel_half': 2.6327844992182525}.
[I 2026-08-19 12:46:30,573] Trial 19 finished with values: [-0.4198675322423798, 0.00794399772751464] and parameters: {'k1': 4.929552311643645e-05, 'D_low': 400.96816720924136, 'k2': 0.00039266205721678855, 'D_high': 49556.49568746661, 'fire_exp': 4.3161213924316595, 'P_half': 1.5178052094448864, 'pre_dampen_half': 0.7465571739720183, 'gpp_af': 1.3467890557370734, 'gpp_b': 0.010442814210473004, 'gpp_d': 191.62369310763663, 'ign_k': 0.43129510236174595, 'ign_c': 0.4484744524732794, 'trop_agb_crit': 1.271272336700571, 'trop_k_veg': 2.968382718115938, 'pop_amp': 0.0013002472438361158, 'pop_peak': 16.535158037880507, 'pop_sig': 2.1785636353327757, 'fuel_k': 0.3969669100682612, 'fuel_half': 1.4605276344629996}.
[I 2026-08-19 12:46:32,823] Trial 20 finished with values: [-0.3841086015700481, 0.00022258746134828922] and parameters: {'k1': 0.003742423001985196, 'D_low': 561.7167092871687, 'k2': 0.0015221840161091633, 'D_high': 4454396.298019915, 'fire_exp': 2.432778885296707, 'P_half': 6994.589881535454, 'pre_dampen_half': 336.3203991537022, 'gpp_af': 0.009526989223125315, 'gpp_b': 2.607160725470917e-05, 'gpp_d': 0.03190729641440917, 'ign_k': 0.0011827346017839087, 'ign_c': 0.23865571736727098, 'trop_agb_crit': 10.206664092951904, 'trop_k_veg': 0.6091015132816394, 'pop_amp': 0.023546358597023278, 'pop_peak': 215.18106835227195, 'pop_sig': 0.26376182823482647, 'fuel_k': 1.8311192712541424, 'fuel_half': 0.7007519651093012}.
[I 2026-08-19 12:46:35,307] Trial 21 finished with values: [-0.3913687216989425, 3.1086244689504383e-15] and parameters: {'k1': 2.9693357731296325e-05, 'D_low': 15150.361381456718, 'k2': 0.0032792262899971644, 'D_high': 1840060.4093141211, 'fire_exp': 5.433392060430592, 'P_half': 1636.5290600718067, 'pre_dampen_half': 0.2571419084734534, 'gpp_af': 0.0077125451401819246, 'gpp_b': 0.3189249600851242, 'gpp_d': 108.18665579547857, 'ign_k': 9.162638829638215, 'ign_c': 4.4716799012313055, 'trop_agb_crit': 3.544180417534903, 'trop_k_veg': 4.30392173391187, 'pop_amp': 0.029228481237926353, 'pop_peak': 503.7153440645595, 'pop_sig': 1.804482856986987, 'fuel_k': 0.15552861105540366, 'fuel_half': 17.890117928710357}.
[I 2026-08-19 12:46:37,670] Trial 22 finished with values: [-0.40250721914278015, 0.006631594931804208] and parameters: {'k1': 0.01042729106097903, 'D_low': 4.156647661004857, 'k2': 0.04075788379136177, 'D_high': 10752.618432192778, 'fire_exp': 6.705906072460442, 'P_half': 19.063314120324364, 'pre_dampen_half': 300.3420512048734, 'gpp_af': 0.08830969679935065, 'gpp_b': 1.1615179049175124e-05, 'gpp_d': 336.4417490753902, 'ign_k': 0.0023181776112903506, 'ign_c': 1.8934530915191525, 'trop_agb_crit': 25.313763881721908, 'trop_k_veg': 6.9761380404514854, 'pop_amp': 0.29266686632819644, 'pop_peak': 26.092807258913638, 'pop_sig': 0.7020782687730053, 'fuel_k': 0.06525050422102326, 'fuel_half': 0.9682636678036001}.
[I 2026-08-19 12:46:40,099] Trial 23 finished with values: [-0.4063523719050853, 0.007297736142598765] and parameters: {'k1': 0.004898620823554844, 'D_low': 32677.376097937307, 'k2': 0.014666151770108535, 'D_high': 546649.3760921571, 'fire_exp': 1.2336901664320323, 'P_half': 94.99072859745384, 'pre_dampen_half': 0.01939964577577238, 'gpp_af': 0.5592994749372486, 'gpp_b': 0.004458440839692221, 'gpp_d': 274.48645214004335, 'ign_k': 0.025331450012450227, 'ign_c': 0.2939463458625969, 'trop_agb_crit': 1.626357634890109, 'trop_k_veg': 4.129715873342728, 'pop_amp': 0.4560100710039961, 'pop_peak': 0.13611364607441098, 'pop_sig': 0.3034218240214979, 'fuel_k': 0.8859276759465328, 'fuel_half': 0.16530615299177753}.
[I 2026-08-19 12:46:42,576] Trial 24 finished with values: [-0.3864705893578896, 2.486157169023784e-09] and parameters: {'k1': 0.019383858782150494, 'D_low': 17276.404464921463, 'k2': 2.115412774188855e-05, 'D_high': 32.28689523591492, 'fire_exp': 9.697048740079179, 'P_half': 31.41110271934875, 'pre_dampen_half': 0.713199016043363, 'gpp_af': 11.58771582987623, 'gpp_b': 4.8249349695811645, 'gpp_d': 851.1484627609867, 'ign_k': 1.0316033434719722, 'ign_c': 3.199177539819797, 'trop_agb_crit': 1.3284361442391632, 'trop_k_veg': 4.312688942122824, 'pop_amp': 0.25218161857126625, 'pop_peak': 3.3385784897905126, 'pop_sig': 2.0150897492330113, 'fuel_k': 0.020366829348799565, 'fuel_half': 3.005213373823071}.
[I 2026-08-19 12:46:44,944] Trial 25 finished with values: [-0.4017552187508596, 1.1856930077769334e-05] and parameters: {'k1': 1.1102341430568339e-05, 'D_low': 648.5804474038584, 'k2': 1.6796279878430503e-05, 'D_high': 51.63063870728854, 'fire_exp': 1.3107692568861353, 'P_half': 395.22208819061166, 'pre_dampen_half': 53.73093479067421, 'gpp_af': 0.8257409555143472, 'gpp_b': 5.9297350775555, 'gpp_d': 0.748777692754551, 'ign_k': 0.013894673469237211, 'ign_c': 298.123706972088, 'trop_agb_crit': 2.139331892500009, 'trop_k_veg': 7.224462012586004, 'pop_amp': 0.0011279160074220672, 'pop_peak': 742.0752211287459, 'pop_sig': 0.2761213071273697, 'fuel_k': 2.9904073783713248, 'fuel_half': 3.829158357414171}.
  trial   26/2500  pareto_size=18  best_ilamb=0.6094  (1.1 min)
[I 2026-08-19 12:46:47,236] Trial 26 finished with values: [-0.49842589042691365, 0.2326878177474877] and parameters: {'k1': 0.09372580613581186, 'D_low': 2.7719116797094734, 'k2': 0.0016421663082032175, 'D_high': 6543576.946931886, 'fire_exp': 3.335015403719966, 'P_half': 329.3021396342671, 'pre_dampen_half': 30.11226646948154, 'gpp_af': 0.18737227240512885, 'gpp_b': 0.05825704883392061, 'gpp_d': 8.347790852520644, 'ign_k': 4.023759749324185, 'ign_c': 0.151979678466219, 'trop_agb_crit': 2.6002595443220833, 'trop_k_veg': 6.972354563243685, 'pop_amp': 6.746076139939917, 'pop_peak': 4.557885026195722, 'pop_sig': 1.0424917012813995, 'fuel_k': 0.05896670769022494, 'fuel_half': 0.36674438991768965}.
[I 2026-08-19 12:46:49,741] Trial 27 finished with values: [-0.37358267788008737, 5.562217353372034e-14] and parameters: {'k1': 0.0007158031739371039, 'D_low': 131.8600900985155, 'k2': 0.0021608491389795734, 'D_high': 29.268995763513708, 'fire_exp': 9.42746237183547, 'P_half': 8807.303814609768, 'pre_dampen_half': 30.960543083273937, 'gpp_af': 0.4791614072461613, 'gpp_b': 0.0007197235239700669, 'gpp_d': 117.2128156438701, 'ign_k': 0.5481818979974936, 'ign_c': 0.4471649524144918, 'trop_agb_crit': 22.15898715394987, 'trop_k_veg': 4.891066132801691, 'pop_amp': 12.165162567684659, 'pop_peak': 66.11673186504072, 'pop_sig': 1.0264911386548754, 'fuel_k': 0.14519190859804215, 'fuel_half': 62.83266061384217}.
[I 2026-08-19 12:46:52,416] Trial 28 finished with values: [-0.3554625854118624, 0.0] and parameters: {'k1': 0.029124304162619095, 'D_low': 1.8677210807213769, 'k2': 1.2748758606816134e-05, 'D_high': 1814.597053180889, 'fire_exp': 6.464773756830049, 'P_half': 8894.151386481904, 'pre_dampen_half': 0.05650468465378641, 'gpp_af': 0.9346598275601615, 'gpp_b': 0.0019290573525423357, 'gpp_d': 707.2484251478384, 'ign_k': 2.336015351807503, 'ign_c': 225.58738962142354, 'trop_agb_crit': 4.923983945695481, 'trop_k_veg': 1.5792920758706195, 'pop_amp': 0.014994500996297806, 'pop_peak': 0.08738617022933418, 'pop_sig': 1.830890557682996, 'fuel_k': 1.8128503508197493, 'fuel_half': 99.80516566417303}.
