[I 2026-08-20 00:22:54,229] Trial 448 finished with value: 0.5612636765592779 and parameters: {'k1': 3.277224720611885e-05, 'D_low': 2.8960325205582924, 'k2': 0.018770826042908067, 'D_high': 19025.968470413485, 'fire_exp': 1.0996746652084841, 'P_half': 21.76397213602777, 'pre_dampen_half': 32.075580340087505, 'gpp_af': 0.06247496169717576, 'gpp_b': 0.00023406676630667914, 'gpp_d': 0.07218691628047878, 'ign_k': 0.3274047388060486, 'ign_c': 19.176049122954254, 'trop_agb_crit': 5.056153428443271, 'trop_k_veg': 5.085845195081065, 'pop_amp': 0.020054302348232432, 'pop_peak': 0.06133462839551664, 'pop_sig': 0.5682512430077324}. Best is trial 274 with value: -0.604910391627968.
[I 2026-08-20 00:22:57,561] Trial 449 finished with value: 0.6147392892404429 and parameters: {'k1': 0.005880453514832423, 'D_low': 67244.90490489635, 'k2': 0.018301702491160594, 'D_high': 1864880.6710149467, 'fire_exp': 2.001650160446588, 'P_half': 443.3294563463463, 'pre_dampen_half': 11.114478623863237, 'gpp_af': 0.006361206376183349, 'gpp_b': 0.0005309856995944153, 'gpp_d': 19.30677472717029, 'ign_k': 1.1136063452205538, 'ign_c': 0.17111399203847052, 'trop_agb_crit': 2.7790998161779177, 'trop_k_veg': 3.613175107201678, 'pop_amp': 0.005982466284460197, 'pop_peak': 3.5447590771327193, 'pop_sig': 0.5732460938901962}. Best is trial 274 with value: -0.604910391627968.
[I 2026-08-20 00:23:00,864] Trial 450 finished with value: 0.4436042518715738 and parameters: {'k1': 4.1938169009826734e-05, 'D_low': 11034.56700224355, 'k2': 0.0016431847136873486, 'D_high': 80141.94871137054, 'fire_exp': 1.0846322934628752, 'P_half': 122.11415187581221, 'pre_dampen_half': 11.174271531177379, 'gpp_af': 0.034836771723513446, 'gpp_b': 1.2045871378752014e-05, 'gpp_d': 46.319206077285436, 'ign_k': 1.354107864005037, 'ign_c': 14.541563917957841, 'trop_agb_crit': 3.8150160950933723, 'trop_k_veg': 1.7121266455001372, 'pop_amp': 0.002524384587454896, 'pop_peak': 23.354298773716458, 'pop_sig': 1.421487486051929}. Best is trial 274 with value: -0.604910391627968.
[I 2026-08-20 00:23:04,267] Trial 451 finished with value: 0.5511075482804978 and parameters: {'k1': 2.2806058034245322e-05, 'D_low': 29737.453068418574, 'k2': 0.04408979464795027, 'D_high': 637214.2068874845, 'fire_exp': 1.3759084649415352, 'P_half': 1232.0830617569918, 'pre_dampen_half': 2.732510537017292, 'gpp_af': 0.0018124075155621486, 'gpp_b': 1.3959900482338983e-05, 'gpp_d': 319.9662113614793, 'ign_k': 4.81874490189325, 'ign_c': 8.818804586148445, 'trop_agb_crit': 23.344191712520782, 'trop_k_veg': 2.0941646147129886, 'pop_amp': 0.0034097954323560158, 'pop_peak': 143.60190136640236, 'pop_sig': 1.9403071179645228}. Best is trial 274 with value: -0.604910391627968.
[I 2026-08-20 00:23:07,414] Trial 452 finished with value: 0.5876614799644613 and parameters: {'k1': 2.4599305651145022e-05, 'D_low': 394.5951421763798, 'k2': 0.004383387112730787, 'D_high': 372630.33577614033, 'fire_exp': 1.7818531209067612, 'P_half': 2.6885877166960217, 'pre_dampen_half': 604.6540886463262, 'gpp_af': 0.001298872883673613, 'gpp_b': 0.001955792864205475, 'gpp_d': 33.61607208044063, 'ign_k': 1.1248459074430233, 'ign_c': 6.8025052958201035, 'trop_agb_crit': 8.909769223135596, 'trop_k_veg': 4.965405619430832, 'pop_amp': 0.017412753096910375, 'pop_peak': 1.101775095177899, 'pop_sig': 0.8079632794509019}. Best is trial 274 with value: -0.604910391627968.
[I 2026-08-20 00:23:10,547] Trial 453 finished with value: 0.558489530210897 and parameters: {'k1': 0.0001667833393387086, 'D_low': 272.62248313134404, 'k2': 0.0008262004581754489, 'D_high': 9811604.306890618, 'fire_exp': 1.5912735269517593, 'P_half': 205.1496538951272, 'pre_dampen_half': 0.12632263144213238, 'gpp_af': 0.0050388202384715475, 'gpp_b': 0.0009204260193945436, 'gpp_d': 256.03134772574185, 'ign_k': 0.11323413320632042, 'ign_c': 2.0911677512881366, 'trop_agb_crit': 18.624325167292003, 'trop_k_veg': 1.4121918062867551, 'pop_amp': 0.004457192188026772, 'pop_peak': 20.325487126808262, 'pop_sig': 0.4014179949823876}. Best is trial 274 with value: -0.604910391627968.
[I 2026-08-20 00:23:13,777] Trial 454 finished with value: 0.5451536191562811 and parameters: {'k1': 3.4397692478478276e-05, 'D_low': 1145.7631265685054, 'k2': 0.02846178796169473, 'D_high': 72329.75396939275, 'fire_exp': 1.3010087278517986, 'P_half': 14.45777026689937, 'pre_dampen_half': 2.9529280078466877, 'gpp_af': 0.005678148192303962, 'gpp_b': 0.0048060278359809356, 'gpp_d': 7.4708541976506115, 'ign_k': 0.9917672883240691, 'ign_c': 0.7548062283243663, 'trop_agb_crit': 27.621419627319934, 'trop_k_veg': 5.052435684845996, 'pop_amp': 0.00490344634444949, 'pop_peak': 2.6428865463295397, 'pop_sig': 2.4072915540714948}. Best is trial 274 with value: -0.604910391627968.
[I 2026-08-20 00:23:17,014] Trial 455 finished with value: 0.6445374145881376 and parameters: {'k1': 2.9324760687387235e-05, 'D_low': 8668.123517094597, 'k2': 0.0061726691484050985, 'D_high': 89126.68979709498, 'fire_exp': 1.586396321272778, 'P_half': 22.619449627404286, 'pre_dampen_half': 144.90499954554494, 'gpp_af': 0.0208209827803075, 'gpp_b': 0.000631074372381871, 'gpp_d': 0.021505892934533703, 'ign_k': 9.117412223456764, 'ign_c': 55.81848752988278, 'trop_agb_crit': 2.131730125741776, 'trop_k_veg': 2.671139587929089, 'pop_amp': 0.00297023005264954, 'pop_peak': 0.21742087214353414, 'pop_sig': 0.6284434698458015}. Best is trial 274 with value: -0.604910391627968.
[I 2026-08-20 00:23:20,534] Trial 456 finished with value: 0.6445374145881376 and parameters: {'k1': 1.5127949150418014e-05, 'D_low': 134.35376675395938, 'k2': 0.07118450492511788, 'D_high': 34108.57707888828, 'fire_exp': 1.2094123482985157, 'P_half': 135.79464650517508, 'pre_dampen_half': 2.985767942092372, 'gpp_af': 0.01815519804045614, 'gpp_b': 0.0004888802896896594, 'gpp_d': 1.5591769781198197, 'ign_k': 7.495054682406543, 'ign_c': 59.84276920191136, 'trop_agb_crit': 2.216581169799516, 'trop_k_veg': 6.628850637743662, 'pop_amp': 0.0036653444316512985, 'pop_peak': 0.09701831529864101, 'pop_sig': 0.8421242914183266}. Best is trial 274 with value: -0.604910391627968.
[I 2026-08-20 00:23:23,607] Trial 457 finished with value: 0.6445374145881376 and parameters: {'k1': 1.1271307259603542e-05, 'D_low': 21795.09972246992, 'k2': 0.024770462715835335, 'D_high': 2990661.1618116223, 'fire_exp': 1.9672945617266981, 'P_half': 15.918201425928252, 'pre_dampen_half': 15.455656175754061, 'gpp_af': 0.004099230859407286, 'gpp_b': 0.01657537570386896, 'gpp_d': 0.5192438627482141, 'ign_k': 1.4129138004252901, 'ign_c': 52.514002970861334, 'trop_agb_crit': 3.6355247788705523, 'trop_k_veg': 6.373828527371373, 'pop_amp': 0.002121989208028427, 'pop_peak': 0.1827126486195982, 'pop_sig': 1.0745629261015384}. Best is trial 274 with value: -0.604910391627968.
[I 2026-08-20 00:23:26,532] Trial 458 finished with value: 0.504653246617684 and parameters: {'k1': 0.001642936775054111, 'D_low': 16.880726735948016, 'k2': 0.006070336812804713, 'D_high': 6532881.572147048, 'fire_exp': 2.206002024632083, 'P_half': 1.2554491267645567, 'pre_dampen_half': 87.02719508378169, 'gpp_af': 0.2308306618533033, 'gpp_b': 0.0003229921232023413, 'gpp_d': 0.16108114910028573, 'ign_k': 1.701318442968162, 'ign_c': 2.768455840210164, 'trop_agb_crit': 1.7716178072615927, 'trop_k_veg': 1.111115190885338, 'pop_amp': 0.002941523082916658, 'pop_peak': 0.4633068436780378, 'pop_sig': 0.9382930750058749}. Best is trial 274 with value: -0.604910391627968.
[I 2026-08-20 00:23:29,468] Trial 459 finished with value: 0.3974232610891828 and parameters: {'k1': 0.011649598058124152, 'D_low': 2152.127396573708, 'k2': 0.0044983598074355225, 'D_high': 5954831.3466934, 'fire_exp': 1.2818277313456616, 'P_half': 183.46691752751937, 'pre_dampen_half': 1.4681608258645114, 'gpp_af': 0.003928192183309512, 'gpp_b': 1.962557274780304e-05, 'gpp_d': 237.06768537269747, 'ign_k': 0.0026597888459235935, 'ign_c': 3.0863014810542655, 'trop_agb_crit': 24.406011368907183, 'trop_k_veg': 1.145844158803784, 'pop_amp': 3.208558418324372, 'pop_peak': 10.490496776894272, 'pop_sig': 1.4201099061329863}. Best is trial 274 with value: -0.604910391627968.
[I 2026-08-20 00:23:32,479] Trial 460 finished with value: 0.6445374145881376 and parameters: {'k1': 0.0013952483483378143, 'D_low': 1277.4384371240446, 'k2': 0.008943804889367819, 'D_high': 4484739.060934242, 'fire_exp': 1.1821554666571403, 'P_half': 697.0289145465161, 'pre_dampen_half': 468.0000349345546, 'gpp_af': 0.0885137465773811, 'gpp_b': 0.09042315703875388, 'gpp_d': 0.20065270790964937, 'ign_k': 2.553998679473019, 'ign_c': 60.10194210166517, 'trop_agb_crit': 7.626872516723637, 'trop_k_veg': 1.215686673090599, 'pop_amp': 0.012834679904929881, 'pop_peak': 158.31871504043795, 'pop_sig': 1.4227587812570925}. Best is trial 274 with value: -0.604910391627968.
[I 2026-08-20 00:23:35,432] Trial 461 finished with value: 0.6247129841037532 and parameters: {'k1': 0.00026659639453768406, 'D_low': 1045.8622224525625, 'k2': 0.00842297858555238, 'D_high': 429.2780523089516, 'fire_exp': 1.1238098388341584, 'P_half': 15.883621010017928, 'pre_dampen_half': 5.819625612164808, 'gpp_af': 0.024475458357263224, 'gpp_b': 5.6729359716909016e-05, 'gpp_d': 0.03388286700725227, 'ign_k': 8.272392945470973, 'ign_c': 22.499692189907435, 'trop_agb_crit': 2.809989825504708, 'trop_k_veg': 5.586464195583527, 'pop_amp': 0.0024763075888235586, 'pop_peak': 0.12155176834250171, 'pop_sig': 0.26110146609328433}. Best is trial 274 with value: -0.604910391627968.
[I 2026-08-20 00:23:38,340] Trial 462 finished with value: 0.47699013632666365 and parameters: {'k1': 0.0005252105685465574, 'D_low': 1910.1364942830257, 'k2': 0.0024822608417836064, 'D_high': 50511.38069685321, 'fire_exp': 2.9171341512902496, 'P_half': 5.3303670023295675, 'pre_dampen_half': 74.8727747932993, 'gpp_af': 0.0017933128421173592, 'gpp_b': 0.0009471385138227963, 'gpp_d': 0.8872273199135909, 'ign_k': 9.495388941824617, 'ign_c': 2.1183348055093285, 'trop_agb_crit': 13.061144700036042, 'trop_k_veg': 1.1078105970064729, 'pop_amp': 0.5304923532861112, 'pop_peak': 54.30855359853873, 'pop_sig': 0.890317819342977}. Best is trial 274 with value: -0.604910391627968.
[I 2026-08-20 00:23:41,512] Trial 463 finished with value: 0.5179943174703302 and parameters: {'k1': 0.0028148619546230166, 'D_low': 4197.4962858043145, 'k2': 0.0007216036675527723, 'D_high': 2462297.760456976, 'fire_exp': 5.9853823931769865, 'P_half': 77.73430536079975, 'pre_dampen_half': 0.49940186685819066, 'gpp_af': 0.04477115065986406, 'gpp_b': 1.5372211795497923e-05, 'gpp_d': 456.62504363929145, 'ign_k': 1.5095036089391691, 'ign_c': 1.707866922738886, 'trop_agb_crit': 12.161178707720882, 'trop_k_veg': 2.9818933416239206, 'pop_amp': 0.3535834105458747, 'pop_peak': 40.88361962589595, 'pop_sig': 0.974635616354361}. Best is trial 274 with value: -0.604910391627968.
[I 2026-08-20 00:23:44,481] Trial 464 finished with value: -0.5469314353355472 and parameters: {'k1': 0.013875215552016465, 'D_low': 465.4166899983956, 'k2': 0.0005623102302631909, 'D_high': 621832.0484965435, 'fire_exp': 1.153914145442115, 'P_half': 13.44349341303506, 'pre_dampen_half': 5.239932859876529, 'gpp_af': 0.0015789375483331247, 'gpp_b': 0.0002466364556189484, 'gpp_d': 11.597867324321777, 'ign_k': 0.0023862330481418262, 'ign_c': 1.133159816678385, 'trop_agb_crit': 25.79281950496488, 'trop_k_veg': 0.8772299220358796, 'pop_amp': 0.33688122909510554, 'pop_peak': 28.037330083482917, 'pop_sig': 2.1289693587533813}. Best is trial 274 with value: -0.604910391627968.
[I 2026-08-20 00:23:47,494] Trial 465 finished with value: -0.5467256193404542 and parameters: {'k1': 0.005375610277987113, 'D_low': 359.219761748723, 'k2': 0.0011980081058829732, 'D_high': 5966356.396723925, 'fire_exp': 1.142128139867419, 'P_half': 5.001409417267725, 'pre_dampen_half': 1.7816701209377577, 'gpp_af': 0.014927000818186677, 'gpp_b': 0.00017863432975037094, 'gpp_d': 1.5934366993966824, 'ign_k': 0.005497746783549537, 'ign_c': 0.605957875744496, 'trop_agb_crit': 15.10496396959341, 'trop_k_veg': 0.7481238167282733, 'pop_amp': 0.2880436761050816, 'pop_peak': 325.88310842642437, 'pop_sig': 1.4382929107914073}. Best is trial 274 with value: -0.604910391627968.
[I 2026-08-20 00:23:50,662] Trial 466 finished with value: -0.5234597620851296 and parameters: {'k1': 0.0036380972305246582, 'D_low': 17.50123151596418, 'k2': 0.0027816626689933636, 'D_high': 460505.9454634439, 'fire_exp': 1.44826869195137, 'P_half': 3.9042023576162643, 'pre_dampen_half': 8.151873319995106, 'gpp_af': 0.005239266178535942, 'gpp_b': 0.0007615995123921014, 'gpp_d': 0.06533048788702357, 'ign_k': 0.002351659171978814, 'ign_c': 3.2470359459017595, 'trop_agb_crit': 5.665015960378992, 'trop_k_veg': 0.650179205284852, 'pop_amp': 0.7627359412861816, 'pop_peak': 148.00017657620808, 'pop_sig': 1.3437091036207591}. Best is trial 274 with value: -0.604910391627968.
[I 2026-08-20 00:23:53,682] Trial 467 finished with value: 0.6124442198268986 and parameters: {'k1': 1.9042897240647084e-05, 'D_low': 25093.461068766992, 'k2': 0.0029328858804735895, 'D_high': 120575.5948429951, 'fire_exp': 1.5971762553958881, 'P_half': 1056.2330916024061, 'pre_dampen_half': 67.41411709322561, 'gpp_af': 0.005716428599815443, 'gpp_b': 0.007525266821675683, 'gpp_d': 12.904298808877712, 'ign_k': 8.82101586116094, 'ign_c': 22.14101248022762, 'trop_agb_crit': 27.06606286231274, 'trop_k_veg': 0.6825577674026757, 'pop_amp': 0.007562918090984722, 'pop_peak': 81.12466620763226, 'pop_sig': 0.681645414520709}. Best is trial 274 with value: -0.604910391627968.
[I 2026-08-20 00:23:56,679] Trial 468 finished with value: 0.5387756351010458 and parameters: {'k1': 0.03470475792893794, 'D_low': 494.4490420251006, 'k2': 0.0006568874567555418, 'D_high': 38426.83931913095, 'fire_exp': 1.2409472894381108, 'P_half': 64.9817266294543, 'pre_dampen_half': 0.555736926640284, 'gpp_af': 0.0011623212202682073, 'gpp_b': 1.6477859055139444e-05, 'gpp_d': 2.5778593874326305, 'ign_k': 0.0035109100783330036, 'ign_c': 4.890378007743349, 'trop_agb_crit': 10.27282036710954, 'trop_k_veg': 0.7174735205425911, 'pop_amp': 0.5116900251076184, 'pop_peak': 14.929274041486298, 'pop_sig': 2.0595195724546413}. Best is trial 274 with value: -0.604910391627968.
[I 2026-08-20 00:23:59,741] Trial 469 finished with value: 0.580083202478345 and parameters: {'k1': 6.504698636782355e-05, 'D_low': 21499.63963587092, 'k2': 0.0003986903485415623, 'D_high': 2991106.7515108497, 'fire_exp': 1.0044270758067444, 'P_half': 1549.2355404808598, 'pre_dampen_half': 1.3488363497579345, 'gpp_af': 0.007508617611881315, 'gpp_b': 0.008595911694871724, 'gpp_d': 10.512745303258312, 'ign_k': 0.029195328254277716, 'ign_c': 53.172606449474, 'trop_agb_crit': 26.35473496846632, 'trop_k_veg': 1.0500903151909453, 'pop_amp': 0.001875155916693542, 'pop_peak': 18.383708619631655, 'pop_sig': 1.9541616277429}. Best is trial 274 with value: -0.604910391627968.
[I 2026-08-20 00:24:03,083] Trial 470 finished with value: 0.5354752057012859 and parameters: {'k1': 0.0016363456378558163, 'D_low': 25.756316801928055, 'k2': 0.0034956511524568334, 'D_high': 4957068.1724179685, 'fire_exp': 2.314205307995362, 'P_half': 14.936938604015209, 'pre_dampen_half': 0.21706466093066618, 'gpp_af': 0.03529971145922688, 'gpp_b': 0.00861314816032477, 'gpp_d': 1.1323573951750567, 'ign_k': 1.3871136579224492, 'ign_c': 2.341500173712104, 'trop_agb_crit': 16.853133878961806, 'trop_k_veg': 0.6286696548920636, 'pop_amp': 0.3686057734492134, 'pop_peak': 46.95857085786064, 'pop_sig': 2.290792575230558}. Best is trial 274 with value: -0.604910391627968.
[I 2026-08-20 00:24:06,126] Trial 471 finished with value: 0.5068638454847328 and parameters: {'k1': 0.0024582100579335583, 'D_low': 76.36135268130852, 'k2': 5.366484346789915e-05, 'D_high': 1799208.0684421523, 'fire_exp': 2.7523447379422934, 'P_half': 10.451595153497976, 'pre_dampen_half': 131.49806124932437, 'gpp_af': 0.0037614686972322633, 'gpp_b': 0.0003051273457496576, 'gpp_d': 4.245778732111265, 'ign_k': 0.0018707032600142556, 'ign_c': 1.4626853959402843, 'trop_agb_crit': 22.48960702306505, 'trop_k_veg': 0.869857833175355, 'pop_amp': 0.9839279130601607, 'pop_peak': 36.60353727883093, 'pop_sig': 1.235502505112156}. Best is trial 274 with value: -0.604910391627968.
[I 2026-08-20 00:24:09,187] Trial 472 finished with value: 0.47915117877228064 and parameters: {'k1': 0.06346287718882236, 'D_low': 2066.1536742613343, 'k2': 0.0012310912640409294, 'D_high': 988055.0046720329, 'fire_exp': 1.5609897168065923, 'P_half': 12.31515231153727, 'pre_dampen_half': 10.906906130212686, 'gpp_af': 0.015754953248628134, 'gpp_b': 0.0006693571179743887, 'gpp_d': 0.29554062514102414, 'ign_k': 0.015890893088251652, 'ign_c': 0.11199214303580698, 'trop_agb_crit': 13.252015001180318, 'trop_k_veg': 0.5421703306582868, 'pop_amp': 0.16117218342518264, 'pop_peak': 154.72649383575677, 'pop_sig': 1.5301598754475998}. Best is trial 274 with value: -0.604910391627968.
[I 2026-08-20 00:24:12,356] Trial 473 finished with value: 0.4246064989310101 and parameters: {'k1': 4.208863177371945e-05, 'D_low': 1150.4421400679441, 'k2': 0.04770432398616321, 'D_high': 559970.28495983, 'fire_exp': 1.61154680866651, 'P_half': 327.1960973032099, 'pre_dampen_half': 26.328968198658135, 'gpp_af': 0.03136373810573726, 'gpp_b': 3.681810597995028e-05, 'gpp_d': 3.415224349760512, 'ign_k': 3.484370114407621, 'ign_c': 2.302946373332928, 'trop_agb_crit': 7.024353312825422, 'trop_k_veg': 7.40968014620951, 'pop_amp': 0.0360921811666116, 'pop_peak': 0.05627058748013267, 'pop_sig': 0.9149290838909386}. Best is trial 274 with value: -0.604910391627968.
[I 2026-08-20 00:24:15,400] Trial 474 finished with value: 0.4160508446487954 and parameters: {'k1': 0.012066478896540151, 'D_low': 16.763844282550476, 'k2': 0.0013195157208803557, 'D_high': 412756.8661151924, 'fire_exp': 1.0222694571074342, 'P_half': 3.7694092352210147, 'pre_dampen_half': 0.7515847860146243, 'gpp_af': 0.1039452583656219, 'gpp_b': 0.009578160035473387, 'gpp_d': 5.758376407041622, 'ign_k': 0.005403600149952544, 'ign_c': 0.12660504463956945, 'trop_agb_crit': 23.43076496764125, 'trop_k_veg': 0.7922239509449881, 'pop_amp': 1.8631396592863219, 'pop_peak': 284.3934048367915, 'pop_sig': 2.0223175744069657}. Best is trial 274 with value: -0.604910391627968.
[I 2026-08-20 00:24:18,483] Trial 475 finished with value: 0.6164017860222376 and parameters: {'k1': 0.00027989926108958806, 'D_low': 10404.345105591976, 'k2': 0.00186490554584486, 'D_high': 97435.59276862, 'fire_exp': 2.5140077047846456, 'P_half': 73.93283668918198, 'pre_dampen_half': 48.73007775311771, 'gpp_af': 0.0011299672810118812, 'gpp_b': 0.003806659513630884, 'gpp_d': 19.65438393442601, 'ign_k': 1.345881730286058, 'ign_c': 0.12782446287337473, 'trop_agb_crit': 25.706458840096854, 'trop_k_veg': 2.5105058294733196, 'pop_amp': 0.16005106750441186, 'pop_peak': 24.336427271871454, 'pop_sig': 0.683254764716754}. Best is trial 274 with value: -0.604910391627968.
[I 2026-08-20 00:24:21,609] Trial 476 finished with value: 0.5457171583394884 and parameters: {'k1': 0.015653166431450833, 'D_low': 231.79577816144504, 'k2': 8.099218143244746e-05, 'D_high': 8767030.202455176, 'fire_exp': 1.330291404844668, 'P_half': 18.817122138002436, 'pre_dampen_half': 0.06100247309217886, 'gpp_af': 0.1254948852348702, 'gpp_b': 2.1055336662947582e-05, 'gpp_d': 4.406193524477708, 'ign_k': 0.0011930073665954736, 'ign_c': 0.2851581571343791, 'trop_agb_crit': 6.7447561052463865, 'trop_k_veg': 0.8703389156405109, 'pop_amp': 0.2628217596238485, 'pop_peak': 588.9710174816892, 'pop_sig': 0.871452852494088}. Best is trial 274 with value: -0.604910391627968.
[I 2026-08-20 00:24:24,868] Trial 477 finished with value: -0.5149640248420118 and parameters: {'k1': 0.0002025071280489372, 'D_low': 947.7885013988182, 'k2': 0.0219773633780779, 'D_high': 40756.183971664825, 'fire_exp': 2.5984186744211444, 'P_half': 210.31626197444461, 'pre_dampen_half': 46.1992222228351, 'gpp_af': 0.019664913359384233, 'gpp_b': 2.769450546189824e-05, 'gpp_d': 3.5464244327775054, 'ign_k': 9.120849465949185, 'ign_c': 2.4493067604606362, 'trop_agb_crit': 8.019196454930906, 'trop_k_veg': 2.40250421605869, 'pop_amp': 0.010185509902996439, 'pop_peak': 25.66813004942607, 'pop_sig': 0.7869449088042803}. Best is trial 274 with value: -0.604910391627968.
[I 2026-08-20 00:24:28,000] Trial 478 finished with value: -0.5653725812698219 and parameters: {'k1': 0.0009029078576181321, 'D_low': 163.61491464394638, 'k2': 0.03706165009843529, 'D_high': 2083709.3636181536, 'fire_exp': 1.765882902214766, 'P_half': 1.4973219004018365, 'pre_dampen_half': 2.6638095094436656, 'gpp_af': 0.015982738927008616, 'gpp_b': 0.0001398347912996484, 'gpp_d': 0.03460586210771526, 'ign_k': 0.9575905255425406, 'ign_c': 0.7049203798151535, 'trop_agb_crit': 2.0777070802171598, 'trop_k_veg': 2.71868869154217, 'pop_amp': 0.0252365897283296, 'pop_peak': 0.07817050940471629, 'pop_sig': 0.6615824677555581}. Best is trial 274 with value: -0.604910391627968.
[I 2026-08-20 00:24:31,082] Trial 479 finished with value: 0.4898195186205523 and parameters: {'k1': 0.0033810395529331595, 'D_low': 1.4967357753438506, 'k2': 0.041289007658904246, 'D_high': 2423387.9850737094, 'fire_exp': 1.6189279500334446, 'P_half': 1.8949487123528854, 'pre_dampen_half': 2.2331582923608617, 'gpp_af': 0.0010435503124559772, 'gpp_b': 1.3339097245391407e-05, 'gpp_d': 0.022706998168630213, 'ign_k': 0.022881182314621263, 'ign_c': 0.11918910995448043, 'trop_agb_crit': 1.6610823690803218, 'trop_k_veg': 2.7066664013456303, 'pop_amp': 0.0045205871844047184, 'pop_peak': 0.10068365844644354, 'pop_sig': 0.4818939770753866}. Best is trial 274 with value: -0.604910391627968.
