[I 2026-08-19 14:58:26,607] Trial 608 finished with value: -0.5636506617844568 and parameters: {'k1': 0.00038592453019540337, 'D_low': 1803.6240032561045, 'k2': 6.1661834366601e-05, 'D_high': 4173582.55500363, 'fire_exp': 5.544622306920858, 'P_half': 145.25230114698303, 'pre_dampen_half': 22.56631496221035, 'gpp_af': 0.02450230421922775, 'gpp_b': 5.242677751612781e-05, 'gpp_d': 4.928209570658323, 'ign_k': 0.44249737607901773, 'ign_c': 2.0043433190847444, 'trop_agb_crit': 4.712529375584699, 'trop_k_veg': 2.145170237349617, 'pop_amp': 3.4012308919600858, 'pop_peak': 451.18970009169465, 'pop_sig': 2.4359452140692026, 'fuel_k': 0.7311155620913392, 'fuel_half': 0.9844176149988901}. Best is trial 421 with value: -0.6216386034937503.
[I 2026-08-19 14:58:29,081] Trial 609 finished with value: -0.47846023760641276 and parameters: {'k1': 0.0006207711293289525, 'D_low': 74.44669700725112, 'k2': 1.489167675241435e-05, 'D_high': 4857548.906676985, 'fire_exp': 4.975969120827894, 'P_half': 869.5451710079484, 'pre_dampen_half': 5.573993764971971, 'gpp_af': 0.0020224945945715245, 'gpp_b': 0.00023643768322371606, 'gpp_d': 8.731892637681364, 'ign_k': 0.15024315727365753, 'ign_c': 0.18366043863404566, 'trop_agb_crit': 29.479769286943085, 'trop_k_veg': 1.9495142883816399, 'pop_amp': 14.08085573081237, 'pop_peak': 14.322020897753514, 'pop_sig': 0.7740447216886436, 'fuel_k': 0.08393425151635636, 'fuel_half': 1.5638553776791402}. Best is trial 421 with value: -0.6216386034937503.
[I 2026-08-19 14:58:31,313] Trial 610 finished with value: -0.5927815120861067 and parameters: {'k1': 0.0033564125163825153, 'D_low': 57.34837717361381, 'k2': 1.0428164422924126e-05, 'D_high': 745905.2957189025, 'fire_exp': 1.6165185021009885, 'P_half': 61.701035844031416, 'pre_dampen_half': 3.583130773347744, 'gpp_af': 0.0015928926709106032, 'gpp_b': 1.3686361532398402e-05, 'gpp_d': 0.10335461226576281, 'ign_k': 1.7879308414403914, 'ign_c': 2.079176639061517, 'trop_agb_crit': 6.138578042451486, 'trop_k_veg': 4.213447315521758, 'pop_amp': 0.4943764962530665, 'pop_peak': 0.40491244500573503, 'pop_sig': 0.2636658346747829, 'fuel_k': 0.6817665145616547, 'fuel_half': 1.0790332013954966}. Best is trial 421 with value: -0.6216386034937503.
[I 2026-08-19 14:58:33,854] Trial 611 finished with value: -0.5284501485506817 and parameters: {'k1': 0.00031833984070898095, 'D_low': 428.91263490622293, 'k2': 0.0007190654093022201, 'D_high': 4682365.147847163, 'fire_exp': 2.0660905414160795, 'P_half': 1.2575697958865912, 'pre_dampen_half': 0.050852681573878684, 'gpp_af': 0.7206734459408647, 'gpp_b': 4.4957841119677547e-05, 'gpp_d': 8.511649264431924, 'ign_k': 1.4152777279307631, 'ign_c': 0.7078633226391919, 'trop_agb_crit': 13.176864070792604, 'trop_k_veg': 7.000450298752779, 'pop_amp': 0.6462198123235265, 'pop_peak': 0.18516481340171004, 'pop_sig': 0.32534441890248106, 'fuel_k': 0.1631463788701882, 'fuel_half': 0.10603777985385072}. Best is trial 421 with value: -0.6216386034937503.
[I 2026-08-19 14:58:37,032] Trial 612 finished with value: -0.3554625854118624 and parameters: {'k1': 0.0002548358261957473, 'D_low': 3068.0456901446887, 'k2': 0.00016582076401098412, 'D_high': 42954.27627071873, 'fire_exp': 1.5643030694384636, 'P_half': 1517.455637142662, 'pre_dampen_half': 32.60752401812504, 'gpp_af': 0.010755322301081761, 'gpp_b': 0.0028031594393286225, 'gpp_d': 10.51478904746481, 'ign_k': 0.721943213254726, 'ign_c': 111.45058557234792, 'trop_agb_crit': 20.707804598115533, 'trop_k_veg': 3.2818456334832757, 'pop_amp': 0.0016995879580852969, 'pop_peak': 66.68862943105383, 'pop_sig': 0.701181062392902, 'fuel_k': 3.1161683739164805, 'fuel_half': 0.1663170239632382}. Best is trial 421 with value: -0.6216386034937503.
[I 2026-08-19 14:58:40,429] Trial 613 finished with value: -0.4257862433246711 and parameters: {'k1': 0.00045637847354048375, 'D_low': 7.195351574557583, 'k2': 0.00017569929388106884, 'D_high': 8245820.9920978295, 'fire_exp': 3.3872631407961955, 'P_half': 62.270862005268654, 'pre_dampen_half': 0.4297145829254273, 'gpp_af': 0.002229109342324103, 'gpp_b': 3.65885701342052e-05, 'gpp_d': 1.5570258779188513, 'ign_k': 0.022594845189087137, 'ign_c': 0.25394781139459904, 'trop_agb_crit': 6.1455856520352485, 'trop_k_veg': 0.8977976718304933, 'pop_amp': 0.1324882397862981, 'pop_peak': 44.03272663173962, 'pop_sig': 0.6044994506423808, 'fuel_k': 0.06390396791705408, 'fuel_half': 2.987158875779773}. Best is trial 421 with value: -0.6216386034937503.
[I 2026-08-19 14:58:43,929] Trial 614 finished with value: -0.41950255800061614 and parameters: {'k1': 0.001191021033538289, 'D_low': 6.843569947582633, 'k2': 0.00010171460762193913, 'D_high': 2599444.577888226, 'fire_exp': 5.04578144023519, 'P_half': 1521.8096079993416, 'pre_dampen_half': 1.2123004401723543, 'gpp_af': 0.002043975738490819, 'gpp_b': 0.00012782666516805136, 'gpp_d': 0.03371333521278974, 'ign_k': 0.892331894966979, 'ign_c': 0.7407870040169658, 'trop_agb_crit': 26.19561011048476, 'trop_k_veg': 1.686916535688217, 'pop_amp': 0.3188950899848574, 'pop_peak': 26.010657886644395, 'pop_sig': 0.6535085248775024, 'fuel_k': 0.11588345764361753, 'fuel_half': 0.20298096300387433}. Best is trial 421 with value: -0.6216386034937503.
  trial  615/2500  best_overall=0.6216  (34.7 min)
[I 2026-08-19 14:58:47,574] Trial 615 finished with value: -0.36377600188157866 and parameters: {'k1': 0.000534152210798779, 'D_low': 11.666459873989746, 'k2': 1.2495292320935012e-05, 'D_high': 8291043.495085761, 'fire_exp': 1.00757253459399, 'P_half': 71.71397658968694, 'pre_dampen_half': 0.8690460905852709, 'gpp_af': 0.016731700634444013, 'gpp_b': 2.0665346727168274e-05, 'gpp_d': 20.463868138378956, 'ign_k': 2.0116339992495282, 'ign_c': 1.639421176623247, 'trop_agb_crit': 18.072794278383803, 'trop_k_veg': 4.881987976340934, 'pop_amp': 10.18069977216858, 'pop_peak': 39.405927824736004, 'pop_sig': 0.4758785126205145, 'fuel_k': 3.0860584200774723, 'fuel_half': 18.549126395440148}. Best is trial 421 with value: -0.6216386034937503.
[I 2026-08-19 14:58:51,214] Trial 616 finished with value: -0.35993972502246685 and parameters: {'k1': 0.004100934519405738, 'D_low': 45.21850956049146, 'k2': 6.505810901155721e-05, 'D_high': 5549334.585780156, 'fire_exp': 2.033422293619464, 'P_half': 70.42414448102345, 'pre_dampen_half': 37.285776244400964, 'gpp_af': 0.0035977802857348135, 'gpp_b': 1.6011533133166564e-05, 'gpp_d': 0.6760441369415642, 'ign_k': 1.7018179208730404, 'ign_c': 0.5336441105758821, 'trop_agb_crit': 16.51227077312262, 'trop_k_veg': 0.7386566213260217, 'pop_amp': 14.96206882335765, 'pop_peak': 278.5560670601605, 'pop_sig': 0.5857366855321793, 'fuel_k': 0.39259419290350817, 'fuel_half': 0.6226025735074845}. Best is trial 421 with value: -0.6216386034937503.
[I 2026-08-19 14:58:54,513] Trial 617 finished with value: -0.4447279194445467 and parameters: {'k1': 5.301865459115099e-05, 'D_low': 9.819331823768696, 'k2': 0.00034902258330833907, 'D_high': 28571.60395291674, 'fire_exp': 1.462402043643953, 'P_half': 1.949937890442292, 'pre_dampen_half': 0.6790655978614327, 'gpp_af': 5.302704984722504, 'gpp_b': 0.010700934087481307, 'gpp_d': 860.8091653874799, 'ign_k': 0.05009782108592424, 'ign_c': 0.1159998157097915, 'trop_agb_crit': 26.79947265532415, 'trop_k_veg': 4.465444896254923, 'pop_amp': 0.5352135623034783, 'pop_peak': 39.97174065022651, 'pop_sig': 0.296317601000103, 'fuel_k': 0.060764481760035, 'fuel_half': 0.1399054719477296}. Best is trial 421 with value: -0.6216386034937503.
[I 2026-08-19 14:58:59,333] Trial 618 finished with value: -0.40747796602663433 and parameters: {'k1': 0.0030579837122138736, 'D_low': 45.50429101933868, 'k2': 0.0001448738941938102, 'D_high': 6447325.570279006, 'fire_exp': 2.6584387915261196, 'P_half': 84.88475044775035, 'pre_dampen_half': 56.33314758468988, 'gpp_af': 0.010436700040966921, 'gpp_b': 0.0004294447364381805, 'gpp_d': 13.640552539473168, 'ign_k': 1.082439930580771, 'ign_c': 0.15477350718797375, 'trop_agb_crit': 14.742664802243029, 'trop_k_veg': 3.520179390997225, 'pop_amp': 3.277991172740568, 'pop_peak': 9.986660279907733, 'pop_sig': 0.29034064213791333, 'fuel_k': 0.874326069470358, 'fuel_half': 1.6521037518603954}. Best is trial 421 with value: -0.6216386034937503.
[I 2026-08-19 14:59:03,311] Trial 619 finished with value: -0.4749858847945327 and parameters: {'k1': 0.04129421683300663, 'D_low': 22.555148482235, 'k2': 0.06931170328838589, 'D_high': 415829.6676082501, 'fire_exp': 2.204452403015049, 'P_half': 678.1784722458838, 'pre_dampen_half': 23.259499435239302, 'gpp_af': 0.10636728494614166, 'gpp_b': 0.008724098789825507, 'gpp_d': 1.9184928099494511, 'ign_k': 0.07721713381138613, 'ign_c': 15.579252506461321, 'trop_agb_crit': 24.105080432321447, 'trop_k_veg': 3.1121472543026396, 'pop_amp': 0.0669089889253177, 'pop_peak': 5.945191421151446, 'pop_sig': 0.49738793311610585, 'fuel_k': 0.9964928101495347, 'fuel_half': 0.46710591836841353}. Best is trial 421 with value: -0.6216386034937503.
[I 2026-08-19 14:59:06,362] Trial 620 finished with value: -0.4660581919208015 and parameters: {'k1': 0.03488916357008191, 'D_low': 916.0381001996922, 'k2': 0.0002580186896013361, 'D_high': 4758687.925284605, 'fire_exp': 7.0973471188945005, 'P_half': 38.25485664728809, 'pre_dampen_half': 221.38859468808985, 'gpp_af': 0.01245929423693443, 'gpp_b': 7.418301867690043e-05, 'gpp_d': 0.32167558409372127, 'ign_k': 0.5127214630453469, 'ign_c': 20.599519099520702, 'trop_agb_crit': 6.518243978838349, 'trop_k_veg': 2.160463556596635, 'pop_amp': 3.2069513085199133, 'pop_peak': 29.032971099401973, 'pop_sig': 1.2260515270889434, 'fuel_k': 0.1490354454794035, 'fuel_half': 0.6327963178021181}. Best is trial 421 with value: -0.6216386034937503.
  trial  621/2500  best_overall=0.6216  (35.0 min)
[I 2026-08-19 14:59:10,160] Trial 621 finished with value: -0.5525483379779436 and parameters: {'k1': 0.00012773573525692918, 'D_low': 1627.1078348586163, 'k2': 0.0005039760401633277, 'D_high': 6575057.0923723625, 'fire_exp': 1.8718540768216063, 'P_half': 523.829254737241, 'pre_dampen_half': 7.233807740541204, 'gpp_af': 0.004958371569187501, 'gpp_b': 7.270147052283288e-05, 'gpp_d': 4.112743702521913, 'ign_k': 0.6917891429719489, 'ign_c': 0.1747287881619805, 'trop_agb_crit': 11.495259655303542, 'trop_k_veg': 2.9298359496162236, 'pop_amp': 1.0082361521377594, 'pop_peak': 397.1014591822277, 'pop_sig': 0.9859020716731389, 'fuel_k': 0.05823819536592013, 'fuel_half': 0.5928713280218967}. Best is trial 421 with value: -0.6216386034937503.
[I 2026-08-19 14:59:13,658] Trial 622 finished with value: -0.5541185026798423 and parameters: {'k1': 0.004489365498880599, 'D_low': 3.9750651242869077, 'k2': 0.0022361226177824447, 'D_high': 378294.90406709857, 'fire_exp': 4.42028306523455, 'P_half': 14.779848130276989, 'pre_dampen_half': 42.95099466863934, 'gpp_af': 0.007307466406214651, 'gpp_b': 2.2543875503278657e-05, 'gpp_d': 3.3646587982900678, 'ign_k': 3.355154137948781, 'ign_c': 2.672686943020378, 'trop_agb_crit': 21.496138255941112, 'trop_k_veg': 1.5513820985277207, 'pop_amp': 0.09462557887428726, 'pop_peak': 16.884420922297103, 'pop_sig': 2.0136995744801762, 'fuel_k': 0.08969553521286194, 'fuel_half': 0.2510401103135423}. Best is trial 421 with value: -0.6216386034937503.
[I 2026-08-19 14:59:16,953] Trial 623 finished with value: -0.3752180716307413 and parameters: {'k1': 0.0037376560830006057, 'D_low': 82844.45384746155, 'k2': 0.0002664060645356478, 'D_high': 3635599.038974071, 'fire_exp': 3.5009275055903526, 'P_half': 82.3339596934941, 'pre_dampen_half': 42.31143273420444, 'gpp_af': 0.008709460733571846, 'gpp_b': 0.0011034886063488777, 'gpp_d': 2.53455604789387, 'ign_k': 5.879535187872214, 'ign_c': 12.544260736053081, 'trop_agb_crit': 21.850607944870184, 'trop_k_veg': 0.8163603035131451, 'pop_amp': 0.017576946646312666, 'pop_peak': 3.116636825596419, 'pop_sig': 0.8202819444549914, 'fuel_k': 0.30110836456273676, 'fuel_half': 45.741115984990884}. Best is trial 421 with value: -0.6216386034937503.
[I 2026-08-19 14:59:20,413] Trial 624 finished with value: -0.40370991032608405 and parameters: {'k1': 0.011671628207589872, 'D_low': 575.1292457371563, 'k2': 3.6064132486606496e-05, 'D_high': 175587.82041100576, 'fire_exp': 1.6776947197885774, 'P_half': 3.47942721920484, 'pre_dampen_half': 2.213851024780054, 'gpp_af': 0.0027833565526035817, 'gpp_b': 2.625973374583849e-05, 'gpp_d': 1.2537330997911311, 'ign_k': 0.3681402696266896, 'ign_c': 39.63331478363848, 'trop_agb_crit': 3.613094377562187, 'trop_k_veg': 5.58236355136137, 'pop_amp': 0.02030815498480495, 'pop_peak': 0.17501354871665512, 'pop_sig': 0.46304438539186865, 'fuel_k': 1.7419953958711267, 'fuel_half': 0.14778489365501288}. Best is trial 421 with value: -0.6216386034937503.
[I 2026-08-19 14:59:23,741] Trial 625 finished with value: -0.5362617346464577 and parameters: {'k1': 0.00011563138414896981, 'D_low': 50.639333784850564, 'k2': 0.0010945812878112907, 'D_high': 8180579.686093208, 'fire_exp': 1.5289454853841675, 'P_half': 4.567760458865671, 'pre_dampen_half': 1.5465477033914925, 'gpp_af': 6.963128261128611, 'gpp_b': 0.008113101083862448, 'gpp_d': 226.58071093990114, 'ign_k': 0.03778411243695404, 'ign_c': 1.259389991683293, 'trop_agb_crit': 7.683410298052267, 'trop_k_veg': 6.825766845319519, 'pop_amp': 0.03218423264414178, 'pop_peak': 5.844741907289287, 'pop_sig': 0.33496942623634296, 'fuel_k': 0.3280537199596192, 'fuel_half': 1.164443837805192}. Best is trial 421 with value: -0.6216386034937503.
[I 2026-08-19 14:59:26,951] Trial 626 finished with value: -0.5071472882289049 and parameters: {'k1': 0.08521518904693452, 'D_low': 13.085043304982134, 'k2': 0.009599530560662144, 'D_high': 3812635.559727808, 'fire_exp': 1.490095458252205, 'P_half': 608.487979053786, 'pre_dampen_half': 3.2239916041416548, 'gpp_af': 0.009214201989890496, 'gpp_b': 0.007753751562458862, 'gpp_d': 14.908302716520021, 'ign_k': 1.4583619917001909, 'ign_c': 5.960117102648858, 'trop_agb_crit': 27.47924401209911, 'trop_k_veg': 5.831991456906784, 'pop_amp': 0.12277346002274069, 'pop_peak': 6.567935589174662, 'pop_sig': 0.30657905299084703, 'fuel_k': 0.8865158260252863, 'fuel_half': 0.19403853826904166}. Best is trial 421 with value: -0.6216386034937503.
  trial  627/2500  best_overall=0.6216  (35.4 min)
[I 2026-08-19 14:59:30,108] Trial 627 finished with value: -0.5834629645826268 and parameters: {'k1': 0.014056611067692635, 'D_low': 60.78744554689144, 'k2': 7.646362863717372e-05, 'D_high': 1244819.640697393, 'fire_exp': 1.7074660968398503, 'P_half': 943.4285189350561, 'pre_dampen_half': 171.79121214208638, 'gpp_af': 0.02121429506029518, 'gpp_b': 0.0005074493226481362, 'gpp_d': 21.24409726483637, 'ign_k': 0.09747770259722269, 'ign_c': 0.17435574639814133, 'trop_agb_crit': 19.99760822296414, 'trop_k_veg': 2.287446880469512, 'pop_amp': 0.8840988424366174, 'pop_peak': 6.559306767264734, 'pop_sig': 1.5152838100249817, 'fuel_k': 0.011328165279455628, 'fuel_half': 46.58002021243153}. Best is trial 421 with value: -0.6216386034937503.
[I 2026-08-19 14:59:32,616] Trial 628 finished with value: -0.5034764848901359 and parameters: {'k1': 0.030469389117583328, 'D_low': 127.1125155385059, 'k2': 4.849006599181291e-05, 'D_high': 22011.85877789551, 'fire_exp': 1.6603495102868475, 'P_half': 24.065289428104183, 'pre_dampen_half': 114.30441576632977, 'gpp_af': 0.011453011168996968, 'gpp_b': 0.0002671330499152297, 'gpp_d': 0.024784795536749026, 'ign_k': 0.14625867993551972, 'ign_c': 0.2577090263334478, 'trop_agb_crit': 26.592704545490346, 'trop_k_veg': 6.110647157107839, 'pop_amp': 0.6031038781789924, 'pop_peak': 0.39406419023763045, 'pop_sig': 0.48899728474528703, 'fuel_k': 1.9385065355036903, 'fuel_half': 2.8249238300455093}. Best is trial 421 with value: -0.6216386034937503.
[I 2026-08-19 14:59:35,067] Trial 629 finished with value: -0.59001393968185 and parameters: {'k1': 0.00015754126093418805, 'D_low': 993.8159471913782, 'k2': 7.47246043236348e-05, 'D_high': 276046.5589137842, 'fire_exp': 1.534728270793776, 'P_half': 1.6548710692444408, 'pre_dampen_half': 2.2124671511016225, 'gpp_af': 0.009377028014741898, 'gpp_b': 2.469981268221119e-05, 'gpp_d': 159.23488066227145, 'ign_k': 6.977774082218612, 'ign_c': 0.6111071215995848, 'trop_agb_crit': 22.500106026491146, 'trop_k_veg': 1.954621831031216, 'pop_amp': 0.15566056666625336, 'pop_peak': 16.581764144444556, 'pop_sig': 0.35089277123154816, 'fuel_k': 0.3267358241462991, 'fuel_half': 0.4110191750229916}. Best is trial 421 with value: -0.6216386034937503.
[I 2026-08-19 14:59:37,723] Trial 630 finished with value: -0.41980515160911525 and parameters: {'k1': 0.004411156696838628, 'D_low': 1.311469567506569, 'k2': 0.00010307935455313518, 'D_high': 6370001.665710699, 'fire_exp': 5.24059071686315, 'P_half': 2999.5227951118786, 'pre_dampen_half': 54.68105999951842, 'gpp_af': 0.017435301149054103, 'gpp_b': 6.149611720984763e-05, 'gpp_d': 207.692306203222, 'ign_k': 0.17180631814718955, 'ign_c': 0.10416362612421318, 'trop_agb_crit': 24.517997477661023, 'trop_k_veg': 2.5833238565773957, 'pop_amp': 2.860369147042843, 'pop_peak': 125.81276689191377, 'pop_sig': 1.9356842077914396, 'fuel_k': 0.22450671807739184, 'fuel_half': 2.9148974475183045}. Best is trial 421 with value: -0.6216386034937503.
[I 2026-08-19 14:59:40,070] Trial 631 finished with value: -0.4007365033811385 and parameters: {'k1': 0.0011677567926097474, 'D_low': 10749.525417184763, 'k2': 0.00036303799371063, 'D_high': 1103149.0181102345, 'fire_exp': 1.987265198040154, 'P_half': 12.699071089555078, 'pre_dampen_half': 1.060485506632579, 'gpp_af': 0.017958477691896294, 'gpp_b': 2.0824515121574813e-05, 'gpp_d': 1.3107022443232612, 'ign_k': 0.2776325737632026, 'ign_c': 62.95668131611795, 'trop_agb_crit': 2.0901398681242913, 'trop_k_veg': 1.0451081744734327, 'pop_amp': 0.3110581073657638, 'pop_peak': 41.640473445797646, 'pop_sig': 0.9713052897433133, 'fuel_k': 0.2146090577849831, 'fuel_half': 4.204548349182611}. Best is trial 421 with value: -0.6216386034937503.
[I 2026-08-19 14:59:42,861] Trial 632 finished with value: -0.5843289289351526 and parameters: {'k1': 0.000251658218085626, 'D_low': 1.4535014809898763, 'k2': 5.733577311494439e-05, 'D_high': 3342696.000679685, 'fire_exp': 1.5098780577277933, 'P_half': 11.246835787285535, 'pre_dampen_half': 1.4640640151107733, 'gpp_af': 9.991000941432121, 'gpp_b': 0.0025329749510720747, 'gpp_d': 24.153276434665127, 'ign_k': 0.1535830790187148, 'ign_c': 0.7195711276905817, 'trop_agb_crit': 12.44234055119448, 'trop_k_veg': 7.115845836955964, 'pop_amp': 0.10752917651571256, 'pop_peak': 35.93344113834021, 'pop_sig': 0.33466109979356057, 'fuel_k': 1.9293226231553153, 'fuel_half': 1.7519773010023962}. Best is trial 421 with value: -0.6216386034937503.
[I 2026-08-19 14:59:45,867] Trial 633 finished with value: -0.5113431393101804 and parameters: {'k1': 0.0004776718474132993, 'D_low': 3779.856596085504, 'k2': 4.215719055852408e-05, 'D_high': 7684124.011081297, 'fire_exp': 2.090980747521487, 'P_half': 17.469865543693807, 'pre_dampen_half': 95.67234889709205, 'gpp_af': 0.31897220974343543, 'gpp_b': 5.025984176263644e-05, 'gpp_d': 2.584418370969517, 'ign_k': 7.747752181002212, 'ign_c': 7.737881964070242, 'trop_agb_crit': 10.225609815858249, 'trop_k_veg': 2.508749303185831, 'pop_amp': 0.0036997455093139213, 'pop_peak': 35.14663630471377, 'pop_sig': 0.8552764317638498, 'fuel_k': 0.2929806211534812, 'fuel_half': 3.067240835036802}. Best is trial 421 with value: -0.6216386034937503.
[I 2026-08-19 14:59:48,593] Trial 634 finished with value: -0.5359910898383791 and parameters: {'k1': 0.000670767981540482, 'D_low': 119.94635561234905, 'k2': 1.283190716810574e-05, 'D_high': 5037485.671625089, 'fire_exp': 1.0552525630655674, 'P_half': 22.703302161218502, 'pre_dampen_half': 0.1423585620425536, 'gpp_af': 0.4211537307261935, 'gpp_b': 0.010514237740965233, 'gpp_d': 13.295043736691591, 'ign_k': 3.749268368275463, 'ign_c': 15.99240453617878, 'trop_agb_crit': 6.8122281465103605, 'trop_k_veg': 7.525714911004668, 'pop_amp': 0.1338743807695237, 'pop_peak': 21.44411162980806, 'pop_sig': 0.5290548911283033, 'fuel_k': 0.04917396389119024, 'fuel_half': 2.3253169067271178}. Best is trial 421 with value: -0.6216386034937503.
  trial  635/2500  best_overall=0.6216  (35.7 min)
[I 2026-08-19 14:59:51,102] Trial 635 finished with value: -0.3554625854118624 and parameters: {'k1': 0.0008454330602697095, 'D_low': 1270.385530671665, 'k2': 0.003106712429281641, 'D_high': 2702807.5015850626, 'fire_exp': 6.966175690866091, 'P_half': 33.228544699106564, 'pre_dampen_half': 38.11507098959859, 'gpp_af': 0.01912325539512608, 'gpp_b': 6.022211638386905e-05, 'gpp_d': 1.3040076328348125, 'ign_k': 0.15217845793299492, 'ign_c': 75.50634084755212, 'trop_agb_crit': 2.4937568462745086, 'trop_k_veg': 5.938877922152442, 'pop_amp': 8.014677081944393, 'pop_peak': 1.053776911963694, 'pop_sig': 1.3447207953436797, 'fuel_k': 0.02249829765232952, 'fuel_half': 16.286179596999368}. Best is trial 421 with value: -0.6216386034937503.
[I 2026-08-19 14:59:53,377] Trial 636 finished with value: -0.5788316088378221 and parameters: {'k1': 0.007828724522500453, 'D_low': 5.804618496464536, 'k2': 8.667097778513028e-05, 'D_high': 263121.2966435754, 'fire_exp': 2.0926466683531997, 'P_half': 45.01499217296474, 'pre_dampen_half': 3.9666466584377256, 'gpp_af': 0.0035090770213919795, 'gpp_b': 0.00038231677036188323, 'gpp_d': 3.4393430584954174, 'ign_k': 5.029576033261174, 'ign_c': 0.4535227641028649, 'trop_agb_crit': 16.11857913001164, 'trop_k_veg': 2.255358492665403, 'pop_amp': 0.49392421655490387, 'pop_peak': 94.7764114754479, 'pop_sig': 0.5667039962271839, 'fuel_k': 0.147743840790509, 'fuel_half': 1.7998902550903952}. Best is trial 421 with value: -0.6216386034937503.
