[I 2026-06-10 20:35:42,090] Trial 641 finished with values: [10.191244250544937, 10.191244250544937] and parameters: {'k1': 3.609310926766545e-05, 'D_low': 13.012518385211498, 'k2': 0.0002442377596403892, 'D_high': 1266.9536563782303, 'fire_exp': 1.2344878997299724, 'P_half': 7.914423612155368, 'pre_dampen_half': 958.6709783968975, 'gpp_af': 0.005061568304359487, 'gpp_b': 0.00043225896016820903, 'gpp_d': 1.0088237648985734, 'ign_k': 0.0032383308053152635, 'ign_c': 1.4879588507789996, 'trop_agb_crit': 8.0091368834625, 'trop_k_veg': 0.5183533149347164, 'fire_amp': 1.1655705619308396}.
[I 2026-06-10 20:35:44,023] Trial 642 finished with values: [10.5470847710985, 10.5470847710985] and parameters: {'k1': 3.609310926766545e-05, 'D_low': 235.39834531862078, 'k2': 0.003767022142229395, 'D_high': 451.02062878998754, 'fire_exp': 1.4848387260494937, 'P_half': 51.10120656497163, 'pre_dampen_half': 170.71098124594695, 'gpp_af': 1.9706963379095486, 'gpp_b': 0.015062722325200045, 'gpp_d': 5.981605330890935, 'ign_k': 0.002357279455676982, 'ign_c': 75.30210437963517, 'trop_agb_crit': 1.513702538071769, 'trop_k_veg': 0.8262197191676174, 'fire_amp': 1.505817508996859}.
[I 2026-06-10 20:35:45,648] Trial 643 finished with values: [10.152517712978387, 10.152517712978387] and parameters: {'k1': 3.609310926766545e-05, 'D_low': 43.03411264066069, 'k2': 0.003767022142229395, 'D_high': 1266.9536563782303, 'fire_exp': 1.4848387260494937, 'P_half': 51.10120656497163, 'pre_dampen_half': 170.71098124594695, 'gpp_af': 2.5444227489578917, 'gpp_b': 0.015062722325200045, 'gpp_d': 5.981605330890935, 'ign_k': 0.002357279455676982, 'ign_c': 75.30210437963517, 'trop_agb_crit': 11.664190932505923, 'trop_k_veg': 4.989748894578724, 'fire_amp': 1.505817508996859}.
[I 2026-06-10 20:35:47,071] Trial 644 finished with values: [11.250954392834142, 11.250954392834142] and parameters: {'k1': 0.0001599021369655865, 'D_low': 1.7551403048208316, 'k2': 0.045914852167405346, 'D_high': 16780.50857913099, 'fire_exp': 1.5036604936020428, 'P_half': 12.280874862135363, 'pre_dampen_half': 30.456909077772018, 'gpp_af': 0.3939208112794227, 'gpp_b': 2.176805640408474e-05, 'gpp_d': 21.899070557043984, 'ign_k': 0.005318061933708109, 'ign_c': 39.52220881906114, 'trop_agb_crit': 11.664190932505923, 'trop_k_veg': 5.453348988480011, 'fire_amp': 3.1543496524370136}.
[I 2026-06-10 20:35:48,467] Trial 645 finished with values: [12.80978694047105, 12.80978694047105] and parameters: {'k1': 0.001260821293027586, 'D_low': 1.7551403048208316, 'k2': 0.045914852167405346, 'D_high': 16780.50857913099, 'fire_exp': 1.1490848108902036, 'P_half': 9.580682294110435, 'pre_dampen_half': 35.09387368811639, 'gpp_af': 0.060029341913968644, 'gpp_b': 0.00807491410172472, 'gpp_d': 21.899070557043984, 'ign_k': 0.07867677706257832, 'ign_c': 0.9736725715035878, 'trop_agb_crit': 12.708819454040446, 'trop_k_veg': 0.5183533149347164, 'fire_amp': 1.5719333351012774}.
[I 2026-06-10 20:35:49,811] Trial 646 finished with values: [10.564596383225217, 10.564596383225217] and parameters: {'k1': 0.0018697387216131526, 'D_low': 1121.5915868662764, 'k2': 0.00037358626308127543, 'D_high': 252.84086172415604, 'fire_exp': 1.4848387260494937, 'P_half': 5.4712187293420325, 'pre_dampen_half': 30.456909077772018, 'gpp_af': 0.2204465010099918, 'gpp_b': 0.05719024141066792, 'gpp_d': 21.899070557043984, 'ign_k': 0.002676132993402929, 'ign_c': 7.081721844034206, 'trop_agb_crit': 11.664190932505923, 'trop_k_veg': 0.5089315327929785, 'fire_amp': 5.44779717154213}.
[I 2026-06-10 20:35:51,218] Trial 647 finished with values: [10.452991443184025, 10.452991443184025] and parameters: {'k1': 0.0018697387216131526, 'D_low': 171.2446447678494, 'k2': 0.0018588694009815867, 'D_high': 32311.521854410956, 'fire_exp': 1.1633452995374232, 'P_half': 101.40635645866499, 'pre_dampen_half': 9.044346216330972, 'gpp_af': 0.060029341913968644, 'gpp_b': 0.00031478066835753096, 'gpp_d': 0.1922572998567411, 'ign_k': 3.6309591863459096, 'ign_c': 7.081721844034206, 'trop_agb_crit': 1.3063813396521713, 'trop_k_veg': 0.5089315327929785, 'fire_amp': 1.5835969292419834}.
[I 2026-06-10 20:35:52,800] Trial 648 finished with values: [10.769905389114024, 10.769905389114024] and parameters: {'k1': 3.609310926766545e-05, 'D_low': 171.2446447678494, 'k2': 0.006802810205786726, 'D_high': 252.84086172415604, 'fire_exp': 1.4848387260494937, 'P_half': 12.280874862135363, 'pre_dampen_half': 123.04779330083686, 'gpp_af': 0.004511991819672033, 'gpp_b': 0.05719024141066792, 'gpp_d': 96.93415502195788, 'ign_k': 0.0029519227433917453, 'ign_c': 7.081721844034206, 'trop_agb_crit': 11.664190932505923, 'trop_k_veg': 5.453348988480011, 'fire_amp': 3.1543496524370136}.
[I 2026-06-10 20:35:54,381] Trial 649 finished with values: [10.833333332980382, 10.833333332980382] and parameters: {'k1': 0.0001599021369655865, 'D_low': 1121.5915868662764, 'k2': 0.00037358626308127543, 'D_high': 1266.9536563782303, 'fire_exp': 1.4848387260494937, 'P_half': 12.280874862135363, 'pre_dampen_half': 30.456909077772018, 'gpp_af': 0.015627364027979502, 'gpp_b': 2.176805640408474e-05, 'gpp_d': 34.18897529667503, 'ign_k': 0.17320535908244444, 'ign_c': 710.7346698112268, 'trop_agb_crit': 11.664190932505923, 'trop_k_veg': 1.9108076884826826, 'fire_amp': 3.1543496524370136}.
[I 2026-06-10 20:35:55,790] Trial 650 finished with values: [10.833333332980382, 10.833333332980382] and parameters: {'k1': 3.609310926766545e-05, 'D_low': 171.2446447678494, 'k2': 0.00037358626308127543, 'D_high': 36998.679204890876, 'fire_exp': 1.4848387260494937, 'P_half': 93.43302657318476, 'pre_dampen_half': 30.456909077772018, 'gpp_af': 0.016306190741524337, 'gpp_b': 2.176805640408474e-05, 'gpp_d': 0.7698760608299932, 'ign_k': 1.6748279468858231, 'ign_c': 342.8810943862522, 'trop_agb_crit': 12.647327018493208, 'trop_k_veg': 2.298840177048904, 'fire_amp': 3.1543496524370136}.
[I 2026-06-10 20:35:57,157] Trial 651 finished with values: [10.827518389799701, 10.827518389799701] and parameters: {'k1': 3.609310926766545e-05, 'D_low': 1121.5915868662764, 'k2': 0.006802810205786726, 'D_high': 252.84086172415604, 'fire_exp': 1.4848387260494937, 'P_half': 93.43302657318476, 'pre_dampen_half': 0.01648400221743738, 'gpp_af': 0.2204465010099918, 'gpp_b': 0.05719024141066792, 'gpp_d': 34.18897529667503, 'ign_k': 0.012480180965117606, 'ign_c': 7.081721844034206, 'trop_agb_crit': 8.614723729015276, 'trop_k_veg': 5.453348988480011, 'fire_amp': 3.1543496524370136}.
[I 2026-06-10 20:35:58,511] Trial 652 finished with values: [10.746248390698083, 10.746248390698083] and parameters: {'k1': 0.00023134781612225627, 'D_low': 1.7551403048208316, 'k2': 0.01567230746060024, 'D_high': 32311.521854410956, 'fire_exp': 3.2459542834651627, 'P_half': 7.914423612155368, 'pre_dampen_half': 16.009350908593582, 'gpp_af': 0.005061568304359487, 'gpp_b': 0.004411400434514031, 'gpp_d': 12.338826503601998, 'ign_k': 3.6309591863459096, 'ign_c': 0.22592797420156951, 'trop_agb_crit': 25.429516249301212, 'trop_k_veg': 2.6508357486965424, 'fire_amp': 1.5719333351012774}.
[I 2026-06-10 20:36:00,024] Trial 653 finished with values: [-0.351249943682205, 0.05649706307780722] and parameters: {'k1': 0.05705198955850472, 'D_low': 171.2446447678494, 'k2': 0.00037358626308127543, 'D_high': 32311.521854410956, 'fire_exp': 3.2459542834651627, 'P_half': 114.62237838612074, 'pre_dampen_half': 1.8469033699850426, 'gpp_af': 0.2204465010099918, 'gpp_b': 2.176805640408474e-05, 'gpp_d': 12.338826503601998, 'ign_k': 3.6309591863459096, 'ign_c': 0.4177928311636542, 'trop_agb_crit': 12.708819454040446, 'trop_k_veg': 0.6488368931910606, 'fire_amp': 5.44779717154213}.
[I 2026-06-10 20:36:01,680] Trial 654 finished with values: [10.446847447696518, 10.446847447696518] and parameters: {'k1': 3.609310926766545e-05, 'D_low': 171.2446447678494, 'k2': 0.045914852167405346, 'D_high': 1266.9536563782303, 'fire_exp': 1.2344878997299724, 'P_half': 9.580682294110435, 'pre_dampen_half': 123.04779330083686, 'gpp_af': 42.29037995744429, 'gpp_b': 0.0004125336560355494, 'gpp_d': 21.899070557043984, 'ign_k': 0.002357279455676982, 'ign_c': 153.51441568398127, 'trop_agb_crit': 2.0527418919564324, 'trop_k_veg': 0.5183533149347164, 'fire_amp': 1.5719333351012774}.
[I 2026-06-10 20:36:03,072] Trial 655 finished with values: [11.846924459471863, 11.846924459471863] and parameters: {'k1': 0.0009898117700885534, 'D_low': 1121.5915868662764, 'k2': 0.006802810205786726, 'D_high': 32311.521854410956, 'fire_exp': 1.1633452995374232, 'P_half': 5.4712187293420325, 'pre_dampen_half': 124.72235343584714, 'gpp_af': 0.016306190741524337, 'gpp_b': 0.00031478066835753096, 'gpp_d': 1.3411170141333262, 'ign_k': 0.17320535908244444, 'ign_c': 7.081721844034206, 'trop_agb_crit': 1.0189592979395135, 'trop_k_veg': 5.453348988480011, 'fire_amp': 1.2393473789150806}.
[I 2026-06-10 20:36:04,769] Trial 656 finished with values: [10.369083858489747, 10.369083858489747] and parameters: {'k1': 5.178197947282869e-05, 'D_low': 13.012518385211498, 'k2': 0.0002442377596403892, 'D_high': 36998.679204890876, 'fire_exp': 1.2344878997299724, 'P_half': 7.914423612155368, 'pre_dampen_half': 958.6709783968975, 'gpp_af': 26.365275679433186, 'gpp_b': 0.002416023630607169, 'gpp_d': 1.0088237648985734, 'ign_k': 0.0032383308053152635, 'ign_c': 1.4879588507789996, 'trop_agb_crit': 1.8285200278523417, 'trop_k_veg': 2.520089655463604, 'fire_amp': 5.44779717154213}.
[I 2026-06-10 20:36:06,104] Trial 657 finished with values: [10.809005209480905, 10.809005209480905] and parameters: {'k1': 0.08006837661379566, 'D_low': 171.2446447678494, 'k2': 0.006802810205786726, 'D_high': 32311.521854410956, 'fire_exp': 1.4848387260494937, 'P_half': 93.43302657318476, 'pre_dampen_half': 30.456909077772018, 'gpp_af': 0.013816526035853764, 'gpp_b': 2.176805640408474e-05, 'gpp_d': 34.18897529667503, 'ign_k': 0.0029519227433917453, 'ign_c': 342.8810943862522, 'trop_agb_crit': 1.3063813396521713, 'trop_k_veg': 6.030247256556128, 'fire_amp': 5.44779717154213}.
[I 2026-06-10 20:36:07,566] Trial 658 finished with values: [14.670843498299082, 14.670843498299082] and parameters: {'k1': 0.0009898117700885534, 'D_low': 1.4002277211577039, 'k2': 0.0004976087827261435, 'D_high': 44974.07193749848, 'fire_exp': 1.1633452995374232, 'P_half': 12.280874862135363, 'pre_dampen_half': 9.044346216330972, 'gpp_af': 1.7775411110039254, 'gpp_b': 0.00031478066835753096, 'gpp_d': 12.338826503601998, 'ign_k': 3.6309591863459096, 'ign_c': 2.2489542843914485, 'trop_agb_crit': 1.0189592979395135, 'trop_k_veg': 6.030247256556128, 'fire_amp': 3.1543496524370136}.
[I 2026-06-10 20:36:09,138] Trial 659 finished with values: [10.031579520859676, 10.031579520859676] and parameters: {'k1': 5.7909642338812115e-05, 'D_low': 171.2446447678494, 'k2': 0.00037358626308127543, 'D_high': 36998.679204890876, 'fire_exp': 1.9136159174067866, 'P_half': 93.43302657318476, 'pre_dampen_half': 30.456909077772018, 'gpp_af': 0.2204465010099918, 'gpp_b': 2.176805640408474e-05, 'gpp_d': 0.7698760608299932, 'ign_k': 0.0029519227433917453, 'ign_c': 39.52220881906114, 'trop_agb_crit': 1.8285200278523417, 'trop_k_veg': 2.520089655463604, 'fire_amp': 5.44779717154213}.
[I 2026-06-10 20:36:10,576] Trial 660 finished with values: [10.129923123498168, 10.129923123498168] and parameters: {'k1': 0.0018697387216131526, 'D_low': 1121.5915868662764, 'k2': 0.0002442377596403892, 'D_high': 32311.521854410956, 'fire_exp': 1.811096651915224, 'P_half': 12.280874862135363, 'pre_dampen_half': 121.93011993958949, 'gpp_af': 0.016306190741524337, 'gpp_b': 0.00031478066835753096, 'gpp_d': 0.7698760608299932, 'ign_k': 0.002357279455676982, 'ign_c': 48.704711413416454, 'trop_agb_crit': 2.0527418919564324, 'trop_k_veg': 4.989748894578724, 'fire_amp': 1.4621871311312478}.
[I 2026-06-10 20:36:11,965] Trial 661 finished with values: [10.793533861160679, 10.793533861160679] and parameters: {'k1': 0.0027792265849300047, 'D_low': 171.2446447678494, 'k2': 0.00037358626308127543, 'D_high': 32311.521854410956, 'fire_exp': 1.811096651915224, 'P_half': 5.4712187293420325, 'pre_dampen_half': 1.1353829000087716, 'gpp_af': 1.9706963379095486, 'gpp_b': 0.00012118589392553798, 'gpp_d': 96.93415502195788, 'ign_k': 0.17320535908244444, 'ign_c': 0.4177928311636542, 'trop_agb_crit': 2.0527418919564324, 'trop_k_veg': 0.5089315327929785, 'fire_amp': 5.44779717154213}.
[I 2026-06-10 20:36:13,441] Trial 662 finished with values: [11.794035688065204, 11.794035688065204] and parameters: {'k1': 5.7909642338812115e-05, 'D_low': 171.2446447678494, 'k2': 2.091507303847255e-05, 'D_high': 1817.0401889219124, 'fire_exp': 1.1633452995374232, 'P_half': 93.43302657318476, 'pre_dampen_half': 16.009350908593582, 'gpp_af': 0.060029341913968644, 'gpp_b': 0.00031478066835753096, 'gpp_d': 12.338826503601998, 'ign_k': 0.17320535908244444, 'ign_c': 1.4879588507789996, 'trop_agb_crit': 1.3063813396521713, 'trop_k_veg': 0.5183533149347164, 'fire_amp': 5.44779717154213}.
[I 2026-06-10 20:36:14,885] Trial 663 finished with values: [10.089775777978028, 10.089775777978028] and parameters: {'k1': 3.609310926766545e-05, 'D_low': 236.79352040223893, 'k2': 0.006802810205786726, 'D_high': 1266.9536563782303, 'fire_exp': 1.2344878997299724, 'P_half': 1241.3450098922583, 'pre_dampen_half': 123.04779330083686, 'gpp_af': 0.004511991819672033, 'gpp_b': 2.176805640408474e-05, 'gpp_d': 96.93415502195788, 'ign_k': 0.0032383308053152635, 'ign_c': 228.79430573173593, 'trop_agb_crit': 11.664190932505923, 'trop_k_veg': 2.520089655463604, 'fire_amp': 3.1543496524370136}.
[I 2026-06-10 20:36:16,508] Trial 664 finished with values: [10.211952673830881, 10.211952673830881] and parameters: {'k1': 0.0009898117700885534, 'D_low': 171.2446447678494, 'k2': 0.02939607009739149, 'D_high': 32311.521854410956, 'fire_exp': 1.811096651915224, 'P_half': 101.40635645866499, 'pre_dampen_half': 9.044346216330972, 'gpp_af': 1.7775411110039254, 'gpp_b': 0.16285506249643175, 'gpp_d': 1.0088237648985734, 'ign_k': 3.6309591863459096, 'ign_c': 2.2489542843914485, 'trop_agb_crit': 1.0189592979395135, 'trop_k_veg': 6.030247256556128, 'fire_amp': 5.015960627273085}.
[I 2026-06-10 20:36:18,011] Trial 665 finished with values: [-0.28466708992316064, 0.16261559100249412] and parameters: {'k1': 3.609310926766545e-05, 'D_low': 83.56564873457052, 'k2': 0.00025923015361558547, 'D_high': 1266.9536563782303, 'fire_exp': 1.2344878997299724, 'P_half': 93.43302657318476, 'pre_dampen_half': 170.71098124594695, 'gpp_af': 0.060029341913968644, 'gpp_b': 0.0002637687576667052, 'gpp_d': 21.899070557043984, 'ign_k': 0.0029519227433917453, 'ign_c': 1.4879588507789996, 'trop_agb_crit': 8.0091368834625, 'trop_k_veg': 0.5183533149347164, 'fire_amp': 1.1655705619308396}.
[I 2026-06-10 20:36:19,374] Trial 666 finished with values: [10.833333332980382, 10.833333332980382] and parameters: {'k1': 5.7909642338812115e-05, 'D_low': 236.79352040223893, 'k2': 2.091507303847255e-05, 'D_high': 1817.0401889219124, 'fire_exp': 1.2344878997299724, 'P_half': 93.43302657318476, 'pre_dampen_half': 958.6709783968975, 'gpp_af': 0.060029341913968644, 'gpp_b': 0.002416023630607169, 'gpp_d': 21.899070557043984, 'ign_k': 0.17320535908244444, 'ign_c': 132.46527974321125, 'trop_agb_crit': 1.8285200278523417, 'trop_k_veg': 0.5183533149347164, 'fire_amp': 1.1655705619308396}.
[I 2026-06-10 20:36:20,728] Trial 667 finished with values: [10.845453938062416, 10.845453938062416] and parameters: {'k1': 0.0001599021369655865, 'D_low': 1121.5915868662764, 'k2': 0.0004976087827261435, 'D_high': 32311.521854410956, 'fire_exp': 1.2344878997299724, 'P_half': 5.4712187293420325, 'pre_dampen_half': 30.456909077772018, 'gpp_af': 0.2204465010099918, 'gpp_b': 0.00031478066835753096, 'gpp_d': 34.18897529667503, 'ign_k': 0.0018548376790967168, 'ign_c': 0.13577269394141456, 'trop_agb_crit': 11.664190932505923, 'trop_k_veg': 5.453348988480011, 'fire_amp': 1.5719333351012774}.
[I 2026-06-10 20:36:22,109] Trial 668 finished with values: [10.142124633339893, 10.142124633339893] and parameters: {'k1': 0.0018697387216131526, 'D_low': 171.2446447678494, 'k2': 0.00037358626308127543, 'D_high': 252.84086172415604, 'fire_exp': 1.7220686611084326, 'P_half': 5.4712187293420325, 'pre_dampen_half': 30.456909077772018, 'gpp_af': 0.016306190741524337, 'gpp_b': 0.00031478066835753096, 'gpp_d': 34.18897529667503, 'ign_k': 0.012566783761977915, 'ign_c': 7.081721844034206, 'trop_agb_crit': 8.0091368834625, 'trop_k_veg': 0.5089315327929785, 'fire_amp': 5.44779717154213}.
[I 2026-06-10 20:36:23,590] Trial 669 finished with values: [10.32851040190334, 10.32851040190334] and parameters: {'k1': 0.019518986965599543, 'D_low': 83.56564873457052, 'k2': 0.0004976087827261435, 'D_high': 24.9899605789089, 'fire_exp': 1.2344878997299724, 'P_half': 45.55085098454082, 'pre_dampen_half': 16.009350908593582, 'gpp_af': 0.2204465010099918, 'gpp_b': 0.00807491410172472, 'gpp_d': 21.899070557043984, 'ign_k': 0.0018548376790967168, 'ign_c': 1.4879588507789996, 'trop_agb_crit': 8.0091368834625, 'trop_k_veg': 0.5183533149347164, 'fire_amp': 1.5719333351012774}.
[I 2026-06-10 20:36:25,493] Trial 670 finished with values: [10.689388829879976, 10.689388829879976] and parameters: {'k1': 0.006164329525571074, 'D_low': 49.539659199197295, 'k2': 0.004679501568332817, 'D_high': 252.84086172415604, 'fire_exp': 1.41873960828944, 'P_half': 1265.0580856641704, 'pre_dampen_half': 30.456909077772018, 'gpp_af': 1.9706963379095486, 'gpp_b': 0.12046049142392454, 'gpp_d': 96.93415502195788, 'ign_k': 0.012480180965117606, 'ign_c': 48.704711413416454, 'trop_agb_crit': 1.8566494291193822, 'trop_k_veg': 4.989748894578724, 'fire_amp': 3.1543496524370136}.
[I 2026-06-10 20:36:26,843] Trial 671 finished with values: [-0.5902693187968274, 0.11523019544484503] and parameters: {'k1': 5.178197947282869e-05, 'D_low': 1.4002277211577039, 'k2': 0.02939607009739149, 'D_high': 44974.07193749848, 'fire_exp': 1.1633452995374232, 'P_half': 2.4106893837852787, 'pre_dampen_half': 13.161234383542856, 'gpp_af': 0.005061568304359487, 'gpp_b': 0.002416023630607169, 'gpp_d': 1.8148402127631733, 'ign_k': 3.6309591863459096, 'ign_c': 2.2489542843914485, 'trop_agb_crit': 1.0189592979395135, 'trop_k_veg': 0.6488368931910606, 'fire_amp': 1.1655705619308396}.
[I 2026-06-10 20:36:28,196] Trial 672 finished with values: [12.9728810224026, 12.9728810224026] and parameters: {'k1': 3.609310926766545e-05, 'D_low': 1.7551403048208316, 'k2': 0.045914852167405346, 'D_high': 36998.679204890876, 'fire_exp': 1.4848387260494937, 'P_half': 93.43302657318476, 'pre_dampen_half': 170.71098124594695, 'gpp_af': 0.016306190741524337, 'gpp_b': 2.176805640408474e-05, 'gpp_d': 0.09467055845337147, 'ign_k': 0.0029519227433917453, 'ign_c': 7.081721844034206, 'trop_agb_crit': 12.708819454040446, 'trop_k_veg': 2.520089655463604, 'fire_amp': 4.1162797330133705}.
[I 2026-06-10 20:36:29,532] Trial 673 finished with values: [10.661533505214553, 10.661533505214553] and parameters: {'k1': 0.00023134781612225627, 'D_low': 1.7551403048208316, 'k2': 2.091507303847255e-05, 'D_high': 32311.521854410956, 'fire_exp': 1.1633452995374232, 'P_half': 114.62237838612074, 'pre_dampen_half': 1.8469033699850426, 'gpp_af': 0.8571213555597653, 'gpp_b': 0.00031478066835753096, 'gpp_d': 1.0088237648985734, 'ign_k': 0.002357279455676982, 'ign_c': 7.081721844034206, 'trop_agb_crit': 12.708819454040446, 'trop_k_veg': 0.5183533149347164, 'fire_amp': 1.5719333351012774}.
[I 2026-06-10 20:36:31,028] Trial 674 finished with values: [10.30312855829626, 10.30312855829626] and parameters: {'k1': 5.7909642338812115e-05, 'D_low': 171.2446447678494, 'k2': 0.00037358626308127543, 'D_high': 1817.0401889219124, 'fire_exp': 1.1633452995374232, 'P_half': 114.62237838612074, 'pre_dampen_half': 1.8469033699850426, 'gpp_af': 0.2204465010099918, 'gpp_b': 2.176805640408474e-05, 'gpp_d': 1.0088237648985734, 'ign_k': 0.0029519227433917453, 'ign_c': 39.52220881906114, 'trop_agb_crit': 3.3933702290907823, 'trop_k_veg': 2.520089655463604, 'fire_amp': 5.44779717154213}.
[I 2026-06-10 20:36:32,805] Trial 675 finished with values: [10.162607747865236, 10.162607747865236] and parameters: {'k1': 0.00023134781612225627, 'D_low': 1121.5915868662764, 'k2': 0.0004976087827261435, 'D_high': 32311.521854410956, 'fire_exp': 1.811096651915224, 'P_half': 5.4712187293420325, 'pre_dampen_half': 121.93011993958949, 'gpp_af': 0.2204465010099918, 'gpp_b': 0.00031478066835753096, 'gpp_d': 96.93415502195788, 'ign_k': 0.012480180965117606, 'ign_c': 48.704711413416454, 'trop_agb_crit': 2.0527418919564324, 'trop_k_veg': 0.828441460847982, 'fire_amp': 1.5719333351012774}.
[I 2026-06-10 20:36:34,519] Trial 676 finished with values: [11.07442176803648, 11.07442176803648] and parameters: {'k1': 5.178197947282869e-05, 'D_low': 236.79352040223893, 'k2': 4.69955602109909e-05, 'D_high': 1817.0401889219124, 'fire_exp': 1.2344878997299724, 'P_half': 7.914423612155368, 'pre_dampen_half': 958.6709783968975, 'gpp_af': 0.005061568304359487, 'gpp_b': 0.002416023630607169, 'gpp_d': 21.899070557043984, 'ign_k': 0.8861249804463233, 'ign_c': 1.4879588507789996, 'trop_agb_crit': 8.0091368834625, 'trop_k_veg': 0.5183533149347164, 'fire_amp': 1.1655705619308396}.
[I 2026-06-10 20:36:36,048] Trial 677 finished with values: [10.83269952853494, 10.83269952853494] and parameters: {'k1': 3.609310926766545e-05, 'D_low': 1121.5915868662764, 'k2': 0.00037358626308127543, 'D_high': 16780.50857913099, 'fire_exp': 7.2911675360216615, 'P_half': 93.43302657318476, 'pre_dampen_half': 170.71098124594695, 'gpp_af': 0.015627364027979502, 'gpp_b': 2.176805640408474e-05, 'gpp_d': 0.09467055845337147, 'ign_k': 0.07867677706257832, 'ign_c': 0.9736725715035878, 'trop_agb_crit': 2.090022519022788, 'trop_k_veg': 0.5183533149347164, 'fire_amp': 1.5719333351012774}.
