[I 2026-06-10 22:39:02,083] Trial 672 finished with values: [10.643164856692895, 10.643164856692895] and parameters: {'k1': 0.0001887567630782227, 'D_low': 2396.0796124300746, 'k2': 0.003767022142229395, 'D_high': 431.45617043093523, 'fire_exp': 1.2918065501148304, 'P_half': 277.00025557434554, 'pre_dampen_half': 269.0845367054866, 'gpp_af': 1.3954498518315706, 'gpp_b': 1.4540386644083135e-05, 'gpp_d': 0.03927259340973166, 'ign_k': 0.13500744867919376, 'ign_c': 1.3431925993528124, 'trop_agb_crit': 1.8285200278523417, 'trop_k_veg': 0.6673124511410327, 'fire_amp': 4.19233232783727}.
[I 2026-06-10 22:39:04,126] Trial 673 finished with values: [10.757167184788543, 10.757167184788543] and parameters: {'k1': 0.0001887567630782227, 'D_low': 50.32059347286801, 'k2': 0.0010726091927327822, 'D_high': 431.45617043093523, 'fire_exp': 1.9136159174067866, 'P_half': 1265.0580856641704, 'pre_dampen_half': 269.0845367054866, 'gpp_af': 0.8571213555597653, 'gpp_b': 1.4540386644083135e-05, 'gpp_d': 594.7389794988394, 'ign_k': 0.09256855841989636, 'ign_c': 7.832259769732471, 'trop_agb_crit': 1.8285200278523417, 'trop_k_veg': 5.022956259243681, 'fire_amp': 4.19233232783727}.
[I 2026-06-10 22:39:05,848] Trial 674 finished with values: [13.976980792616526, 13.976980792616526] and parameters: {'k1': 0.016973078532467004, 'D_low': 3840.3004190988563, 'k2': 3.152468275632564e-05, 'D_high': 431.45617043093523, 'fire_exp': 1.0601964743503993, 'P_half': 5.4712187293420325, 'pre_dampen_half': 121.93011993958949, 'gpp_af': 0.07118041471054574, 'gpp_b': 1.1008110571039521e-05, 'gpp_d': 0.47379914349407487, 'ign_k': 0.9419612235978201, 'ign_c': 0.10435856341129002, 'trop_agb_crit': 1.8566494291193822, 'trop_k_veg': 6.825463866194253, 'fire_amp': 5.416595007374148}.
[I 2026-06-10 22:39:07,663] Trial 675 finished with values: [10.002704625287436, 10.002704625287436] and parameters: {'k1': 0.00026539376439360527, 'D_low': 1.7551403048208316, 'k2': 4.933751600448335e-05, 'D_high': 949.9072859745386, 'fire_exp': 1.2732983562135975, 'P_half': 1.4551749476072258, 'pre_dampen_half': 189.36639872354493, 'gpp_af': 0.41874665092828456, 'gpp_b': 1.4540386644083135e-05, 'gpp_d': 0.7698760608299932, 'ign_k': 0.002357279455676982, 'ign_c': 7.081721844034206, 'trop_agb_crit': 1.0189592979395135, 'trop_k_veg': 4.796046723963646, 'fire_amp': 2.042193818779288}.
[I 2026-06-10 22:39:09,651] Trial 676 finished with values: [10.078633324283599, 10.078633324283599] and parameters: {'k1': 0.016973078532467004, 'D_low': 4006.89033223865, 'k2': 4.69955602109909e-05, 'D_high': 1817.0401889219124, 'fire_exp': 1.14171776851287, 'P_half': 157.80309954142965, 'pre_dampen_half': 9.044346216330972, 'gpp_af': 0.004409093791567215, 'gpp_b': 1.1008110571039521e-05, 'gpp_d': 594.7389794988394, 'ign_k': 0.8861249804463233, 'ign_c': 0.6235377135673155, 'trop_agb_crit': 8.0091368834625, 'trop_k_veg': 4.796046723963646, 'fire_amp': 5.416595007374148}.
[I 2026-06-10 22:39:11,096] Trial 677 finished with values: [10.8270748560194, 10.8270748560194] and parameters: {'k1': 0.0869690639641868, 'D_low': 146.24004590125713, 'k2': 0.003767022142229395, 'D_high': 949.9072859745386, 'fire_exp': 7.2911675360216615, 'P_half': 277.00025557434554, 'pre_dampen_half': 9.044346216330972, 'gpp_af': 0.8057329182285734, 'gpp_b': 2.176805640408474e-05, 'gpp_d': 0.03927259340973166, 'ign_k': 0.17320535908244444, 'ign_c': 1.3431925993528124, 'trop_agb_crit': 2.090022519022788, 'trop_k_veg': 3.1055119128084763, 'fire_amp': 4.19233232783727}.
[I 2026-06-10 22:39:12,545] Trial 678 finished with values: [10.246503542811631, 10.246503542811631] and parameters: {'k1': 0.0869690639641868, 'D_low': 2.414672422128219, 'k2': 1.2432381951316053e-05, 'D_high': 18701.140647651915, 'fire_exp': 1.111738490499784, 'P_half': 1265.0580856641704, 'pre_dampen_half': 903.3231300044874, 'gpp_af': 1.9654778690222015, 'gpp_b': 0.00012118589392553798, 'gpp_d': 0.030844007727232167, 'ign_k': 0.8945150807271531, 'ign_c': 0.19623826481168347, 'trop_agb_crit': 1.0189592979395135, 'trop_k_veg': 5.022956259243681, 'fire_amp': 2.042193818779288}.
[I 2026-06-10 22:39:14,059] Trial 679 finished with values: [10.493649737142436, 10.493649737142436] and parameters: {'k1': 0.0869690639641868, 'D_low': 2267.735223551285, 'k2': 0.02065142557895925, 'D_high': 48235.58283024493, 'fire_exp': 1.9095652801045373, 'P_half': 369.7311160925241, 'pre_dampen_half': 9.044346216330972, 'gpp_af': 0.41874665092828456, 'gpp_b': 0.00047819318414852577, 'gpp_d': 594.7389794988394, 'ign_k': 0.8945150807271531, 'ign_c': 0.6235377135673155, 'trop_agb_crit': 1.0189592979395135, 'trop_k_veg': 4.796046723963646, 'fire_amp': 2.6192385880432525}.
[I 2026-06-10 22:39:15,652] Trial 680 finished with values: [10.996103713250223, 10.996103713250223] and parameters: {'k1': 0.0869690639641868, 'D_low': 235.39834531862078, 'k2': 1.1417577140741129e-05, 'D_high': 48235.58283024493, 'fire_exp': 1.111738490499784, 'P_half': 61.6097529474144, 'pre_dampen_half': 121.93011993958949, 'gpp_af': 2.5184956910855436, 'gpp_b': 0.00047819318414852577, 'gpp_d': 0.4742269251269962, 'ign_k': 0.002357279455676982, 'ign_c': 0.6235377135673155, 'trop_agb_crit': 2.0527418919564324, 'trop_k_veg': 2.6914360459288678, 'fire_amp': 2.6192385880432525}.
[I 2026-06-10 22:39:17,557] Trial 681 finished with values: [10.404714289803096, 10.404714289803096] and parameters: {'k1': 0.00026539376439360527, 'D_low': 153.74098204111448, 'k2': 0.003767022142229395, 'D_high': 48235.58283024493, 'fire_exp': 1.111738490499784, 'P_half': 1.4551749476072258, 'pre_dampen_half': 0.14445596525544369, 'gpp_af': 3.298293484806585, 'gpp_b': 0.00047819318414852577, 'gpp_d': 594.7389794988394, 'ign_k': 0.09256855841989636, 'ign_c': 7.832259769732471, 'trop_agb_crit': 1.0189592979395135, 'trop_k_veg': 2.1406449943451844, 'fire_amp': 2.6192385880432525}.
[I 2026-06-10 22:39:19,065] Trial 682 finished with values: [10.300753384691673, 10.300753384691673] and parameters: {'k1': 0.00026539376439360527, 'D_low': 1.4002277211577039, 'k2': 0.0012030178871154666, 'D_high': 20103.283734409175, 'fire_exp': 1.1633452995374232, 'P_half': 51.10120656497163, 'pre_dampen_half': 1.4510220269654117, 'gpp_af': 0.0900595929114129, 'gpp_b': 0.004411400434514031, 'gpp_d': 0.47379914349407487, 'ign_k': 0.09256855841989636, 'ign_c': 0.10435856341129002, 'trop_agb_crit': 4.902399583903479, 'trop_k_veg': 1.600928934389327, 'fire_amp': 5.615047466686494}.
[I 2026-06-10 22:39:20,535] Trial 683 finished with values: [12.961973506736836, 12.961973506736836] and parameters: {'k1': 0.017276056747028225, 'D_low': 3840.3004190988563, 'k2': 0.02939607009739149, 'D_high': 44974.07193749848, 'fire_exp': 1.14171776851287, 'P_half': 157.80309954142965, 'pre_dampen_half': 98.05638874011484, 'gpp_af': 1.3954498518315706, 'gpp_b': 1.1008110571039521e-05, 'gpp_d': 0.47379914349407487, 'ign_k': 0.9419612235978201, 'ign_c': 2.2489542843914485, 'trop_agb_crit': 1.5033346993841157, 'trop_k_veg': 0.6488368931910606, 'fire_amp': 2.901299101737137}.
[I 2026-06-10 22:39:21,955] Trial 684 finished with values: [10.080464089786325, 10.080464089786325] and parameters: {'k1': 0.00026539376439360527, 'D_low': 1.4002277211577039, 'k2': 1.1417577140741129e-05, 'D_high': 970.6606756877612, 'fire_exp': 1.1633452995374232, 'P_half': 1.4551749476072258, 'pre_dampen_half': 189.36639872354493, 'gpp_af': 3.298293484806585, 'gpp_b': 0.004411400434514031, 'gpp_d': 1.0088237648985734, 'ign_k': 0.09256855841989636, 'ign_c': 0.4177928311636542, 'trop_agb_crit': 1.8023542850487386, 'trop_k_veg': 2.1406449943451844, 'fire_amp': 1.4475279918261055}.
[I 2026-06-10 22:39:23,394] Trial 685 finished with values: [10.620719790990863, 10.620719790990863] and parameters: {'k1': 0.0001887567630782227, 'D_low': 2396.0796124300746, 'k2': 0.003767022142229395, 'D_high': 431.45617043093523, 'fire_exp': 1.2732983562135975, 'P_half': 882.2833027501578, 'pre_dampen_half': 30.456909077772018, 'gpp_af': 0.41874665092828456, 'gpp_b': 1.4540386644083135e-05, 'gpp_d': 47.35384181058586, 'ign_k': 1.636529060071807, 'ign_c': 16.497426799845446, 'trop_agb_crit': 28.779217872092953, 'trop_k_veg': 4.796046723963646, 'fire_amp': 4.19233232783727}.
[I 2026-06-10 22:39:25,069] Trial 686 finished with values: [-0.6043886763906954, 0.08665004161822298] and parameters: {'k1': 0.0032360993995751053, 'D_low': 146.24004590125713, 'k2': 0.0012030178871154666, 'D_high': 35.136541394511, 'fire_exp': 1.0601964743503993, 'P_half': 1265.0580856641704, 'pre_dampen_half': 189.36639872354493, 'gpp_af': 0.41874665092828456, 'gpp_b': 1.4540386644083135e-05, 'gpp_d': 46.010874324515754, 'ign_k': 0.8945150807271531, 'ign_c': 0.4177928311636542, 'trop_agb_crit': 1.0693376406863295, 'trop_k_veg': 5.636143940068465, 'fire_amp': 5.831305332032283}.
[I 2026-06-10 22:39:26,546] Trial 687 finished with values: [-0.6027096761289229, 0.23810715877676902] and parameters: {'k1': 0.05466937478766084, 'D_low': 1.4002277211577039, 'k2': 0.0012030178871154666, 'D_high': 8440.303958079088, 'fire_exp': 1.1633452995374232, 'P_half': 51.10120656497163, 'pre_dampen_half': 1.4510220269654117, 'gpp_af': 0.05729456628445246, 'gpp_b': 0.00012118589392553798, 'gpp_d': 29.9035514860849, 'ign_k': 7.252283715822169, 'ign_c': 7.832259769732471, 'trop_agb_crit': 4.902399583903479, 'trop_k_veg': 1.600928934389327, 'fire_amp': 2.042193818779288}.
[I 2026-06-10 22:39:27,890] Trial 688 finished with values: [10.071531304621445, 10.071531304621445] and parameters: {'k1': 0.0869690639641868, 'D_low': 50.32059347286801, 'k2': 0.0007731571570012607, 'D_high': 18701.140647651915, 'fire_exp': 1.1633452995374232, 'P_half': 1265.0580856641704, 'pre_dampen_half': 269.0845367054866, 'gpp_af': 1.9654778690222015, 'gpp_b': 0.004411400434514031, 'gpp_d': 594.7389794988394, 'ign_k': 0.13500744867919376, 'ign_c': 4.142619760188259, 'trop_agb_crit': 1.0189592979395135, 'trop_k_veg': 6.825463866194253, 'fire_amp': 1.4475279918261055}.
[I 2026-06-10 22:39:29,227] Trial 689 finished with values: [10.929784229328593, 10.929784229328593] and parameters: {'k1': 0.0032360993995751053, 'D_low': 2267.735223551285, 'k2': 0.0012030178871154666, 'D_high': 48235.58283024493, 'fire_exp': 1.1633452995374232, 'P_half': 118.94665366442581, 'pre_dampen_half': 9.044346216330972, 'gpp_af': 10.25616274847308, 'gpp_b': 1.4540386644083135e-05, 'gpp_d': 0.4742269251269962, 'ign_k': 1.6270983114897255, 'ign_c': 0.4177928311636542, 'trop_agb_crit': 1.0693376406863295, 'trop_k_veg': 4.796046723963646, 'fire_amp': 2.6192385880432525}.
[I 2026-06-10 22:39:30,899] Trial 690 finished with values: [10.528915182449653, 10.528915182449653] and parameters: {'k1': 0.00031134168041628584, 'D_low': 51.61767747867285, 'k2': 0.003767022142229395, 'D_high': 431.45617043093523, 'fire_exp': 1.2732983562135975, 'P_half': 157.3644610977214, 'pre_dampen_half': 98.05638874011484, 'gpp_af': 1.3954498518315706, 'gpp_b': 1.4540386644083135e-05, 'gpp_d': 0.12878367369717508, 'ign_k': 1.636529060071807, 'ign_c': 0.7619822175388142, 'trop_agb_crit': 1.0693376406863295, 'trop_k_veg': 0.6488368931910606, 'fire_amp': 3.617425524369146}.
[I 2026-06-10 22:39:32,631] Trial 691 finished with values: [10.133151125239674, 10.133151125239674] and parameters: {'k1': 0.006079905434073396, 'D_low': 12.105387404469584, 'k2': 0.0007731571570012607, 'D_high': 431.45617043093523, 'fire_exp': 1.2732983562135975, 'P_half': 5.4712187293420325, 'pre_dampen_half': 37.40930273158252, 'gpp_af': 0.07118041471054574, 'gpp_b': 1.4540386644083135e-05, 'gpp_d': 7.631016235941559, 'ign_k': 1.6270983114897255, 'ign_c': 0.7619822175388142, 'trop_agb_crit': 1.8566494291193822, 'trop_k_veg': 0.6673124511410327, 'fire_amp': 2.6192385880432525}.
[I 2026-06-10 22:39:34,216] Trial 692 finished with values: [10.141129264946288, 10.141129264946288] and parameters: {'k1': 0.0869690639641868, 'D_low': 2.5449737887285035, 'k2': 0.0010726091927327822, 'D_high': 18701.140647651915, 'fire_exp': 1.9136159174067866, 'P_half': 1265.0580856641704, 'pre_dampen_half': 269.0845367054866, 'gpp_af': 1.9654778690222015, 'gpp_b': 0.00047819318414852577, 'gpp_d': 0.4742269251269962, 'ign_k': 0.13500744867919376, 'ign_c': 0.6235377135673155, 'trop_agb_crit': 1.0189592979395135, 'trop_k_veg': 4.796046723963646, 'fire_amp': 3.457960730172751}.
[I 2026-06-10 22:39:35,571] Trial 693 finished with values: [10.768902500212203, 10.768902500212203] and parameters: {'k1': 0.0001887567630782227, 'D_low': 171.2446447678494, 'k2': 0.0004976087827261435, 'D_high': 431.45617043093523, 'fire_exp': 1.2918065501148304, 'P_half': 4.213183643253957, 'pre_dampen_half': 30.456909077772018, 'gpp_af': 90.42322003557416, 'gpp_b': 2.176805640408474e-05, 'gpp_d': 0.03927259340973166, 'ign_k': 1.636529060071807, 'ign_c': 0.32627001117104587, 'trop_agb_crit': 1.8285200278523417, 'trop_k_veg': 0.6673124511410327, 'fire_amp': 1.1202509284327942}.
[I 2026-06-10 22:39:36,875] Trial 694 finished with values: [10.324461442644756, 10.324461442644756] and parameters: {'k1': 0.006079905434073396, 'D_low': 1.4002277211577039, 'k2': 2.6087868551829077e-05, 'D_high': 1266.9536563782303, 'fire_exp': 1.1633452995374232, 'P_half': 1265.0580856641704, 'pre_dampen_half': 37.40930273158252, 'gpp_af': 37.28155624293858, 'gpp_b': 0.004411400434514031, 'gpp_d': 7.631016235941559, 'ign_k': 0.17320535908244444, 'ign_c': 7.832259769732471, 'trop_agb_crit': 1.8566494291193822, 'trop_k_veg': 6.825463866194253, 'fire_amp': 2.6192385880432525}.
[I 2026-06-10 22:39:38,210] Trial 695 finished with values: [10.799870823022474, 10.799870823022474] and parameters: {'k1': 0.00026539376439360527, 'D_low': 146.24004590125713, 'k2': 0.003767022142229395, 'D_high': 27.55546207779663, 'fire_exp': 1.1633452995374232, 'P_half': 277.00025557434554, 'pre_dampen_half': 9.044346216330972, 'gpp_af': 0.41874665092828456, 'gpp_b': 0.004411400434514031, 'gpp_d': 1.0088237648985734, 'ign_k': 0.7895056976009632, 'ign_c': 0.4177928311636542, 'trop_agb_crit': 4.902399583903479, 'trop_k_veg': 4.796046723963646, 'fire_amp': 1.1202509284327942}.
[I 2026-06-10 22:39:39,596] Trial 696 finished with values: [10.119044164801265, 10.119044164801265] and parameters: {'k1': 0.00026539376439360527, 'D_low': 1.4002277211577039, 'k2': 0.0007731571570012607, 'D_high': 2058.484816788601, 'fire_exp': 1.1633452995374232, 'P_half': 1.4551749476072258, 'pre_dampen_half': 189.36639872354493, 'gpp_af': 0.41874665092828456, 'gpp_b': 0.004411400434514031, 'gpp_d': 1.0088237648985734, 'ign_k': 0.09256855841989636, 'ign_c': 7.832259769732471, 'trop_agb_crit': 1.8566494291193822, 'trop_k_veg': 6.825463866194253, 'fire_amp': 1.4475279918261055}.
[I 2026-06-10 22:39:41,262] Trial 697 finished with values: [10.714837487851128, 10.714837487851128] and parameters: {'k1': 0.0869690639641868, 'D_low': 2267.735223551285, 'k2': 3.152468275632564e-05, 'D_high': 949.9072859745386, 'fire_exp': 1.14171776851287, 'P_half': 157.80309954142965, 'pre_dampen_half': 0.23485690470339216, 'gpp_af': 0.09885838682552685, 'gpp_b': 2.1309331861011757e-05, 'gpp_d': 0.4742269251269962, 'ign_k': 1.6270983114897255, 'ign_c': 0.10435856341129002, 'trop_agb_crit': 5.335241529707116, 'trop_k_veg': 0.9923523017201868, 'fire_amp': 2.6192385880432525}.
[I 2026-06-10 22:39:42,694] Trial 698 finished with values: [-0.41439007916053294, 0.6543008194515714] and parameters: {'k1': 0.00026539376439360527, 'D_low': 12.105387404469584, 'k2': 1.1417577140741129e-05, 'D_high': 29.126651668813768, 'fire_exp': 1.0601964743503993, 'P_half': 1.4551749476072258, 'pre_dampen_half': 189.36639872354493, 'gpp_af': 3.298293484806585, 'gpp_b': 0.004411400434514031, 'gpp_d': 0.030844007727232167, 'ign_k': 0.17320535908244444, 'ign_c': 0.7619822175388142, 'trop_agb_crit': 4.902399583903479, 'trop_k_veg': 2.1406449943451844, 'fire_amp': 2.042193818779288}.
[I 2026-06-10 22:39:43,986] Trial 699 finished with values: [13.93964787014516, 13.93964787014516] and parameters: {'k1': 0.0869690639641868, 'D_low': 50.32059347286801, 'k2': 1.1417577140741129e-05, 'D_high': 20.78152796466981, 'fire_exp': 1.111738490499784, 'P_half': 2.2010656610055808, 'pre_dampen_half': 269.0845367054866, 'gpp_af': 3.298293484806585, 'gpp_b': 0.00047819318414852577, 'gpp_d': 594.7389794988394, 'ign_k': 0.09256855841989636, 'ign_c': 7.832259769732471, 'trop_agb_crit': 1.0189592979395135, 'trop_k_veg': 2.1406449943451844, 'fire_amp': 2.6192385880432525}.
[I 2026-06-10 22:39:45,323] Trial 700 finished with values: [-0.45871466843027603, 0.6371831363483306] and parameters: {'k1': 0.0001887567630782227, 'D_low': 171.2446447678494, 'k2': 0.0004976087827261435, 'D_high': 42210.21267871043, 'fire_exp': 1.2918065501148304, 'P_half': 277.00025557434554, 'pre_dampen_half': 269.0845367054866, 'gpp_af': 0.8057329182285734, 'gpp_b': 1.0828092646426677e-05, 'gpp_d': 0.03927259340973166, 'ign_k': 0.13500744867919376, 'ign_c': 0.17036120617148395, 'trop_agb_crit': 12.647327018493208, 'trop_k_veg': 4.0068236274914755, 'fire_amp': 1.1202509284327942}.
[I 2026-06-10 22:39:46,725] Trial 701 finished with values: [10.833331094477396, 10.833331094477396] and parameters: {'k1': 0.0869690639641868, 'D_low': 2267.735223551285, 'k2': 0.003767022142229395, 'D_high': 949.9072859745386, 'fire_exp': 1.9095652801045373, 'P_half': 118.94665366442581, 'pre_dampen_half': 9.044346216330972, 'gpp_af': 10.25616274847308, 'gpp_b': 1.4540386644083135e-05, 'gpp_d': 0.4742269251269962, 'ign_k': 1.6270983114897255, 'ign_c': 1.3431925993528124, 'trop_agb_crit': 1.0189592979395135, 'trop_k_veg': 3.1055119128084763, 'fire_amp': 4.19233232783727}.
[I 2026-06-10 22:39:48,415] Trial 702 finished with values: [10.833330979541339, 10.833330979541339] and parameters: {'k1': 0.00026539376439360527, 'D_low': 3266.346436894069, 'k2': 0.003767022142229395, 'D_high': 44974.07193749848, 'fire_exp': 7.837740398103447, 'P_half': 101.40635645866499, 'pre_dampen_half': 98.05638874011484, 'gpp_af': 1.3954498518315706, 'gpp_b': 0.16285506249643175, 'gpp_d': 0.4316838564848064, 'ign_k': 1.636529060071807, 'ign_c': 0.5232779509048977, 'trop_agb_crit': 15.605813459825825, 'trop_k_veg': 0.6488368931910606, 'fire_amp': 4.1162797330133705}.
[I 2026-06-10 22:39:49,917] Trial 703 finished with values: [11.644421164559652, 11.644421164559652] and parameters: {'k1': 0.0869690639641868, 'D_low': 2.5449737887285035, 'k2': 4.933751600448335e-05, 'D_high': 48235.58283024493, 'fire_exp': 1.0601964743503993, 'P_half': 882.2833027501578, 'pre_dampen_half': 20.84599542460349, 'gpp_af': 0.41874665092828456, 'gpp_b': 0.00014164588046678954, 'gpp_d': 47.35384181058586, 'ign_k': 1.6270983114897255, 'ign_c': 16.497426799845446, 'trop_agb_crit': 1.0189592979395135, 'trop_k_veg': 3.1055119128084763, 'fire_amp': 4.19233232783727}.
[I 2026-06-10 22:39:51,621] Trial 704 finished with values: [10.830958804806086, 10.830958804806086] and parameters: {'k1': 0.0869690639641868, 'D_low': 19.655597419418832, 'k2': 0.003767022142229395, 'D_high': 42210.21267871043, 'fire_exp': 5.117531439790398, 'P_half': 101.40635645866499, 'pre_dampen_half': 0.1359195760156183, 'gpp_af': 0.09885838682552685, 'gpp_b': 0.0013488940375755271, 'gpp_d': 0.03927259340973166, 'ign_k': 0.17320535908244444, 'ign_c': 0.10435856341129002, 'trop_agb_crit': 1.0693376406863295, 'trop_k_veg': 5.593985425286908, 'fire_amp': 2.6192385880432525}.
[I 2026-06-10 22:39:53,000] Trial 705 finished with values: [10.156159191485996, 10.156159191485996] and parameters: {'k1': 0.006079905434073396, 'D_low': 1.4002277211577039, 'k2': 0.0012030178871154666, 'D_high': 949.9072859745386, 'fire_exp': 1.2732983562135975, 'P_half': 51.10120656497163, 'pre_dampen_half': 20.84599542460349, 'gpp_af': 0.41874665092828456, 'gpp_b': 0.004411400434514031, 'gpp_d': 0.47379914349407487, 'ign_k': 1.6270983114897255, 'ign_c': 0.10435856341129002, 'trop_agb_crit': 4.902399583903479, 'trop_k_veg': 3.1055119128084763, 'fire_amp': 5.615047466686494}.
[I 2026-06-10 22:39:54,283] Trial 706 finished with values: [10.66840270692224, 10.66840270692224] and parameters: {'k1': 0.0009255037589041178, 'D_low': 1.4002277211577039, 'k2': 0.003767022142229395, 'D_high': 27.55546207779663, 'fire_exp': 1.3807440352456883, 'P_half': 157.80309954142965, 'pre_dampen_half': 123.04779330083686, 'gpp_af': 0.09885838682552685, 'gpp_b': 1.4540386644083135e-05, 'gpp_d': 0.03927259340973166, 'ign_k': 0.17320535908244444, 'ign_c': 1.3431925993528124, 'trop_agb_crit': 1.0693376406863295, 'trop_k_veg': 4.0068236274914755, 'fire_amp': 4.19233232783727}.
[I 2026-06-10 22:39:55,854] Trial 707 finished with values: [10.008701512283857, 10.008701512283857] and parameters: {'k1': 0.006079905434073396, 'D_low': 1.4002277211577039, 'k2': 1.1417577140741129e-05, 'D_high': 949.9072859745386, 'fire_exp': 1.2732983562135975, 'P_half': 882.2833027501578, 'pre_dampen_half': 350.88322284755304, 'gpp_af': 2.5184956910855436, 'gpp_b': 0.00265975681233728, 'gpp_d': 47.35384181058586, 'ign_k': 0.46813761934505577, 'ign_c': 0.5232779509048977, 'trop_agb_crit': 15.605813459825825, 'trop_k_veg': 0.6061284103410196, 'fire_amp': 1.5719333351012774}.
[I 2026-06-10 22:39:57,494] Trial 708 finished with values: [10.735393913933459, 10.735393913933459] and parameters: {'k1': 0.0869690639641868, 'D_low': 43.2326421037033, 'k2': 0.0007731571570012607, 'D_high': 949.9072859745386, 'fire_exp': 1.2732983562135975, 'P_half': 119.18981992518337, 'pre_dampen_half': 1.4510220269654117, 'gpp_af': 0.05729456628445246, 'gpp_b': 0.00012118589392553798, 'gpp_d': 0.021780247871356784, 'ign_k': 0.17320535908244444, 'ign_c': 7.832259769732471, 'trop_agb_crit': 1.8566494291193822, 'trop_k_veg': 1.600928934389327, 'fire_amp': 1.4475279918261055}.
