[I 2026-08-06 02:53:43,054] Trial 84 finished with values: [10.041339510146258, 10.041339510146258] and parameters: {'k1': 2.9394634586259703e-05, 'D_low': 29.89885508829526, 'k2': 0.0007081721844034209, 'D_high': 9769.756791866093, 'fire_exp': 1.0881360604103363, 'P_half': 10.226988730324324, 'pre_dampen_half': 36.876350096203005, 'gpp_af': 0.002311080279955305, 'gpp_b': 0.0030742893625766146, 'gpp_d': 33.9790424311127, 'ign_k': 0.002115412774188856, 'ign_c': 0.21948188038908775, 'gdp_gamma': 1.8068697350278546}.
[I 2026-08-06 02:53:44,547] Trial 85 finished with values: [10.744381205107317, 10.744381205107317] and parameters: {'k1': 1.2390468928182031e-05, 'D_low': 1810.814362107966, 'k2': 0.00013409701145872436, 'D_high': 29.693357731296366, 'fire_exp': 1.0340574447037933, 'P_half': 25.255166452944085, 'pre_dampen_half': 964.6533108902205, 'gpp_af': 4.735384181058586, 'gpp_b': 0.6620420614596555, 'gpp_d': 0.2571419084734534, 'ign_k': 0.005125758907937939, 'ign_c': 100.56781316817116, 'gdp_gamma': 0.46066548666177537}.
[I 2026-08-06 02:53:46,056] Trial 86 finished with values: [10.703738311706685, 10.703738311706685] and parameters: {'k1': 2.80643901112427e-05, 'D_low': 1112.9571947046009, 'k2': 8.923807143379776e-05, 'D_high': 28975.337521324145, 'fire_exp': 2.332293128354265, 'P_half': 10.755022125844455, 'pre_dampen_half': 14.711215379121963, 'gpp_af': 0.47739011308437823, 'gpp_b': 0.010307896803108956, 'gpp_d': 150.14555442537656, 'ign_k': 0.019192001101561888, 'ign_c': 1.3180029267201177, 'gdp_gamma': 0.34683207479303757}.
[I 2026-08-06 02:53:47,545] Trial 87 finished with values: [10.76864831810848, 10.76864831810848] and parameters: {'k1': 0.0001605134748709758, 'D_low': 978.2222138048974, 'k2': 0.0027982272717049276, 'D_high': 84.88887549001709, 'fire_exp': 1.7690128577054818, 'P_half': 240.73546183881896, 'pre_dampen_half': 5.221127581184657, 'gpp_af': 34.069091670272684, 'gpp_b': 4.970909346198651e-05, 'gpp_d': 0.03841405939530548, 'ign_k': 5.745508803834169, 'ign_c': 0.1854837679096716, 'gdp_gamma': 0.21027890193889434}.
[I 2026-08-06 02:53:49,098] Trial 88 finished with values: [10.7692307143308, 10.7692307143308] and parameters: {'k1': 0.0001605134748709758, 'D_low': 431.2951023617458, 'k2': 0.0010253722513378382, 'D_high': 84.88887549001709, 'fire_exp': 4.389542701552226, 'P_half': 34.32139136241585, 'pre_dampen_half': 5.221127581184657, 'gpp_af': 50.25175192217663, 'gpp_b': 0.028369067932328344, 'gpp_d': 0.03841405939530548, 'ign_k': 0.9996359851911332, 'ign_c': 6.807874826564585, 'gdp_gamma': 0.06325536814595006}.
[I 2026-08-06 02:53:50,619] Trial 89 finished with values: [10.76923076903347, 10.76923076903347] and parameters: {'k1': 0.09162638829638212, 'D_low': 44.71679901231308, 'k2': 0.030796093943652483, 'D_high': 53514.70428717441, 'fire_exp': 3.6739495096518757, 'P_half': 611.791298190052, 'pre_dampen_half': 195.9132274597864, 'gpp_af': 0.13962723467364813, 'gpp_b': 0.32005631950316354, 'gpp_d': 59.253549386197555, 'ign_k': 0.26721460136202413, 'ign_c': 407.57883791361735, 'gdp_gamma': 0.046542878241472505}.
[I 2026-08-06 02:53:52,144] Trial 90 finished with values: [10.720954688890373, 10.720954688890373] and parameters: {'k1': 0.002791367011873748, 'D_low': 1.1102341430568343, 'k2': 0.030796093943652483, 'D_high': 53514.70428717441, 'fire_exp': 3.6739495096518757, 'P_half': 611.791298190052, 'pre_dampen_half': 0.11207995953409967, 'gpp_af': 5.37309347906743, 'gpp_b': 8.226862854559943e-05, 'gpp_d': 646.9381203459446, 'ign_k': 0.26721460136202413, 'ign_c': 4.97190343598288, 'gdp_gamma': 0.7366679513906507}.
[I 2026-08-06 02:53:53,652] Trial 91 finished with values: [10.76923076903347, 10.76923076903347] and parameters: {'k1': 0.0499774937030317, 'D_low': 3231.152185441098, 'k2': 0.00010758866306767925, 'D_high': 4364.516946807793, 'fire_exp': 8.76818498976553, 'P_half': 19.625093208439857, 'pre_dampen_half': 4.448902538066168, 'gpp_af': 0.0161905444947165, 'gpp_b': 2.4452639018593993, 'gpp_d': 306.25189859246717, 'ign_k': 7.076022085822011, 'ign_c': 34.07264348530189, 'gdp_gamma': 0.013156716288884476}.
[I 2026-08-06 02:53:55,206] Trial 92 finished with values: [-0.5968306108306816, 0.15403191734043342] and parameters: {'k1': 2.9394634586259703e-05, 'D_low': 3.7322156377670694, 'k2': 0.06994589881535453, 'D_high': 2970.7920514735997, 'fire_exp': 1.2621840161507252, 'P_half': 2.1698375693549488, 'pre_dampen_half': 31.977584652685227, 'gpp_af': 0.002311080279955305, 'gpp_b': 3.686869490609954e-05, 'gpp_d': 26.003623362924223, 'ign_k': 0.0019264360371306567, 'ign_c': 0.6615437365561385, 'gdp_gamma': 1.8068697350278546}.
[I 2026-08-06 02:53:56,702] Trial 93 finished with values: [10.769230763595264, 10.769230763595264] and parameters: {'k1': 0.002791367011873748, 'D_low': 1.1815190690253212, 'k2': 0.0032376680556840376, 'D_high': 57.90964233881214, 'fire_exp': 7.964490718465164, 'P_half': 611.791298190052, 'pre_dampen_half': 0.25398960809498144, 'gpp_af': 3.437107943937141, 'gpp_b': 8.226862854559943e-05, 'gpp_d': 7.6110013825922485, 'ign_k': 0.30236421525614154, 'ign_c': 1.28684053311516, 'gdp_gamma': 0.001320235936292821}.
[I 2026-08-06 02:53:58,221] Trial 94 finished with values: [10.76923076903347, 10.76923076903347] and parameters: {'k1': 0.0002220327882582422, 'D_low': 3.4487261314487374, 'k2': 0.008471801418819975, 'D_high': 2481.0409748678126, 'fire_exp': 2.100650708889295, 'P_half': 77.31571570012609, 'pre_dampen_half': 0.0195172246414495, 'gpp_af': 2.555721998081808, 'gpp_b': 0.36422282566934233, 'gpp_d': 6.671226198007867, 'ign_k': 0.07696703458159235, 'ign_c': 757.9479953347999, 'gdp_gamma': 0.559652086128564}.
[I 2026-08-06 02:53:59,746] Trial 95 finished with values: [10.76923043379512, 10.76923043379512] and parameters: {'k1': 0.07355619850853308, 'D_low': 1191.1039386071293, 'k2': 1.831616544393272e-05, 'D_high': 25037.41931228843, 'fire_exp': 2.4271562127665014, 'P_half': 63.412743245163064, 'pre_dampen_half': 0.3842465933116533, 'gpp_af': 0.007038234513942655, 'gpp_b': 0.021918335723906092, 'gpp_d': 479.4837252202705, 'ign_k': 0.6083019192425827, 'ign_c': 29.683353342469974, 'gdp_gamma': 0.002093064061531927}.
[I 2026-08-06 02:54:01,250] Trial 96 finished with values: [10.765611821455272, 10.765611821455272] and parameters: {'k1': 9.132348475718357e-05, 'D_low': 148.21691630007544, 'k2': 0.0001016707987819611, 'D_high': 241.42596390104578, 'fire_exp': 1.5191397119156032, 'P_half': 4303.306161410612, 'pre_dampen_half': 8.259599205585761, 'gpp_af': 0.10098504976210308, 'gpp_b': 0.0011857788502887916, 'gpp_d': 304.7488318185732, 'ign_k': 0.004105873950290761, 'ign_c': 22.126836566118193, 'gdp_gamma': 0.0037053826502857277}.
[I 2026-08-06 02:54:02,760] Trial 97 finished with values: [10.616112206505758, 10.616112206505758] and parameters: {'k1': 6.0390962475457836e-05, 'D_low': 29.89885508829526, 'k2': 0.0007081721844034209, 'D_high': 9769.756791866093, 'fire_exp': 1.0881360604103363, 'P_half': 10.226988730324324, 'pre_dampen_half': 503.840323065189, 'gpp_af': 58.83596555133606, 'gpp_b': 0.011750724729953272, 'gpp_d': 0.7092404574999805, 'ign_k': 0.0026834162496848666, 'ign_c': 516.7425813322407, 'gdp_gamma': 0.057304083737274164}.
[I 2026-08-06 02:54:04,288] Trial 98 finished with values: [10.769224594908168, 10.769224594908168] and parameters: {'k1': 5.599831951695988e-05, 'D_low': 19.711376150171755, 'k2': 0.0005032059347286798, 'D_high': 1072.6091927327825, 'fire_exp': 4.466464955232308, 'P_half': 642.4916813668932, 'pre_dampen_half': 95.2715755007094, 'gpp_af': 28.185562669967442, 'gpp_b': 0.001066524757064704, 'gpp_d': 0.7549440440422736, 'ign_k': 0.08405439129313687, 'ign_c': 13.500744867919364, 'gdp_gamma': 0.0013141547946913911}.
[I 2026-08-06 02:54:05,766] Trial 99 finished with values: [10.76923076903347, 10.76923076903347] and parameters: {'k1': 0.00031489116479568613, 'D_low': 6351.221010640702, 'k2': 0.0005032059347286798, 'D_high': 1072.6091927327825, 'fire_exp': 1.4322493718230251, 'P_half': 2.879700348528891, 'pre_dampen_half': 11.300566419249856, 'gpp_af': 21.42302175774105, 'gpp_b': 0.040428727350273294, 'gpp_d': 34.70266988650411, 'ign_k': 0.08405439129313687, 'ign_c': 757.9479953347999, 'gdp_gamma': 0.0014827606413776748}.
[I 2026-08-06 02:54:07,241] Trial 100 finished with values: [10.769225694536162, 10.769225694536162] and parameters: {'k1': 0.0009343302657318475, 'D_low': 7089.141723796886, 'k2': 0.012650580856641702, 'D_high': 6079.905434073399, 'fire_exp': 2.5642061910321017, 'P_half': 2.951922743391744, 'pre_dampen_half': 17.62185042369633, 'gpp_af': 0.017832592720985762, 'gpp_b': 0.03163825999019024, 'gpp_d': 646.9381203459446, 'ign_k': 0.06503622711342451, 'ign_c': 1.3894673469237204, 'gdp_gamma': 1.419184741934841}.
[I 2026-08-06 02:54:08,716] Trial 101 finished with values: [10.712744871780792, 10.712744871780792] and parameters: {'k1': 0.008945150807271526, 'D_low': 164.97426799845456, 'k2': 0.0027982272717049276, 'D_high': 476.8702722931377, 'fire_exp': 1.7690128577054818, 'P_half': 125.18753190194, 'pre_dampen_half': 61.550353610401785, 'gpp_af': 0.0011802321563258195, 'gpp_b': 4.970909346198651e-05, 'gpp_d': 0.016982953094030286, 'ign_k': 0.0014551749476072258, 'ign_c': 264.14496454242203, 'gdp_gamma': 0.21027890193889434}.
[I 2026-08-06 02:54:10,207] Trial 102 finished with values: [10.707068520626285, 10.707068520626285] and parameters: {'k1': 0.0009343302657318475, 'D_low': 57.949672745830284, 'k2': 0.0007492772870670282, 'D_high': 1453.919918756155, 'fire_exp': 2.5163037270965134, 'P_half': 2.951922743391744, 'pre_dampen_half': 17.62185042369633, 'gpp_af': 0.38150632410364566, 'gpp_b': 0.0008664406862241783, 'gpp_d': 646.9381203459446, 'ign_k': 0.012115155843077676, 'ign_c': 1.3894673469237204, 'gdp_gamma': 0.7366679513906507}.
[I 2026-08-06 02:54:11,687] Trial 103 finished with values: [10.769230366610277, 10.769230366610277] and parameters: {'k1': 0.0030285741098956273, 'D_low': 655.1173063184817, 'k2': 7.10978791694274e-05, 'D_high': 84.88887549001709, 'fire_exp': 7.935505066763017, 'P_half': 25.255166452944085, 'pre_dampen_half': 5.221127581184657, 'gpp_af': 0.09145768948268033, 'gpp_b': 0.004215504256370331, 'gpp_d': 331.7366635899375, 'ign_k': 0.02471848607234944, 'ign_c': 11.37517159258865, 'gdp_gamma': 0.3862443158940324}.
[I 2026-08-06 02:54:13,234] Trial 104 finished with values: [10.76923076903347, 10.76923076903347] and parameters: {'k1': 3.606519549370447e-05, 'D_low': 1500.032805376629, 'k2': 0.0030219760889797966, 'D_high': 1360.956887810302, 'fire_exp': 7.832358958519836, 'P_half': 1426.8845807630423, 'pre_dampen_half': 0.05732900426367007, 'gpp_af': 0.628350053712368, 'gpp_b': 0.0003096954600360192, 'gpp_d': 0.05973119860281264, 'ign_k': 0.0013618514543392757, 'ign_c': 19.035256770834557, 'gdp_gamma': 0.328775155680789}.
[I 2026-08-06 02:54:14,759] Trial 105 finished with values: [10.736995986163787, 10.736995986163787] and parameters: {'k1': 5.342106255632172e-05, 'D_low': 29.89885508829526, 'k2': 0.0010253722513378382, 'D_high': 84.88887549001709, 'fire_exp': 1.0881360604103363, 'P_half': 2799.899764723165, 'pre_dampen_half': 537.7461511565783, 'gpp_af': 34.069091670272684, 'gpp_b': 0.011750724729953272, 'gpp_d': 4.5768578731086835, 'ign_k': 0.0026834162496848666, 'ign_c': 32.42143344038314, 'gdp_gamma': 0.01707281957334682}.
[I 2026-08-06 02:54:16,280] Trial 106 finished with values: [10.692905657356656, 10.692905657356656] and parameters: {'k1': 0.002971796631657383, 'D_low': 29.89885508829526, 'k2': 0.0007081721844034209, 'D_high': 9769.756791866093, 'fire_exp': 1.0881360604103363, 'P_half': 3669.20903969591, 'pre_dampen_half': 36.876350096203005, 'gpp_af': 29.925002022877802, 'gpp_b': 0.011750724729953272, 'gpp_d': 4.5768578731086835, 'ign_k': 0.0026834162496848666, 'ign_c': 6.160975294741436, 'gdp_gamma': 0.057304083737274164}.
[I 2026-08-06 02:54:17,777] Trial 107 finished with values: [10.769118938489294, 10.769118938489294] and parameters: {'k1': 0.020222268128429637, 'D_low': 19.063314120324364, 'k2': 0.03820259936390116, 'D_high': 1072.6091927327825, 'fire_exp': 1.7474700151315987, 'P_half': 12.105387404469584, 'pre_dampen_half': 11.300566419249856, 'gpp_af': 0.03949737087348693, 'gpp_b': 5.016164869650094, 'gpp_d': 566.2858823465564, 'ign_k': 0.19667608399443096, 'ign_c': 13.500744867919364, 'gdp_gamma': 0.030222620614660863}.
[I 2026-08-06 02:54:19,240] Trial 108 finished with values: [10.761638512695752, 10.761638512695752] and parameters: {'k1': 0.00031489116479568613, 'D_low': 376.7022142229396, 'k2': 0.0014367095138664223, 'D_high': 16973.07853246701, 'fire_exp': 1.4322493718230251, 'P_half': 4.2070539502879365, 'pre_dampen_half': 0.0195172246414495, 'gpp_af': 0.01379354235277247, 'gpp_b': 0.040428727350273294, 'gpp_d': 34.70266988650411, 'ign_k': 2.7728241828010627, 'ign_c': 0.1066125968943389, 'gdp_gamma': 0.559652086128564}.
[I 2026-08-06 02:54:20,741] Trial 109 finished with values: [10.769229274356823, 10.769229274356823] and parameters: {'k1': 0.0004314561704309351, 'D_low': 307.85541778315036, 'k2': 0.00234238498471129, 'D_high': 15.339162591163625, 'fire_exp': 1.4030510752388539, 'P_half': 5085.697220189423, 'pre_dampen_half': 2.8878954427292407, 'gpp_af': 0.019553384550454234, 'gpp_b': 6.220025976819156, 'gpp_d': 110.15056790269621, 'ign_k': 0.09342699405616657, 'ign_c': 0.24586032763280052, 'gdp_gamma': 0.12327505909088289}.
[I 2026-08-06 02:54:22,210] Trial 110 finished with values: [10.76923076903347, 10.76923076903347] and parameters: {'k1': 0.0001605134748709758, 'D_low': 978.2222138048974, 'k2': 0.0010253722513378382, 'D_high': 84.88887549001709, 'fire_exp': 7.935505066763017, 'P_half': 34.32139136241585, 'pre_dampen_half': 5.221127581184657, 'gpp_af': 34.069091670272684, 'gpp_b': 0.05564523431150192, 'gpp_d': 0.03841405939530548, 'ign_k': 0.0012634132366522116, 'ign_c': 32.42143344038314, 'gdp_gamma': 0.012750683909944374}.
[I 2026-08-06 02:54:23,712] Trial 111 finished with values: [10.769150451341634, 10.769150451341634] and parameters: {'k1': 4.2131836432539564e-05, 'D_low': 1112.9571947046009, 'k2': 8.923807143379776e-05, 'D_high': 8182.111518618414, 'fire_exp': 3.11742200300463, 'P_half': 338.23872019362165, 'pre_dampen_half': 1.373109246824029, 'gpp_af': 3.8006785885606127, 'gpp_b': 4.4396482429275246e-05, 'gpp_d': 0.014359718569878098, 'ign_k': 0.019192001101561888, 'ign_c': 0.557280750002996, 'gdp_gamma': 0.0013633267789130187}.
[I 2026-08-06 02:54:25,224] Trial 112 finished with values: [10.76923076903347, 10.76923076903347] and parameters: {'k1': 5.877005203443302e-05, 'D_low': 164.97426799845456, 'k2': 4.739584301027366e-05, 'D_high': 130.12518385211507, 'fire_exp': 1.7690128577054818, 'P_half': 26.53937643936054, 'pre_dampen_half': 19.706963379095455, 'gpp_af': 0.20132320711221616, 'gpp_b': 4.970909346198651e-05, 'gpp_d': 0.6627493420264116, 'ign_k': 0.10319747789063169, 'ign_c': 264.14496454242203, 'gdp_gamma': 0.0013482503844843793}.
[I 2026-08-06 02:54:26,762] Trial 113 finished with values: [10.496201081820553, 10.496201081820553] and parameters: {'k1': 9.132348475718357e-05, 'D_low': 2.011190979341456, 'k2': 3.277320296937061e-05, 'D_high': 8182.111518618414, 'fire_exp': 1.0643782527174972, 'P_half': 7.724824966785975, 'pre_dampen_half': 16.009350908593582, 'gpp_af': 0.008117091133892173, 'gpp_b': 3.481277316673104e-05, 'gpp_d': 304.7488318185732, 'ign_k': 0.019192001101561888, 'ign_c': 46.798394497739366, 'gdp_gamma': 0.0037053826502857277}.
[I 2026-08-06 02:54:28,243] Trial 114 finished with values: [10.659114513285488, 10.659114513285488] and parameters: {'k1': 0.020222268128429637, 'D_low': 19.063314120324364, 'k2': 0.03820259936390116, 'D_high': 9769.756791866093, 'fire_exp': 1.0252685873887095, 'P_half': 10.226988730324324, 'pre_dampen_half': 0.028604435659156362, 'gpp_af': 29.925002022877802, 'gpp_b': 0.011750724729953272, 'gpp_d': 566.2858823465564, 'ign_k': 0.0026834162496848666, 'ign_c': 33.67819821522131, 'gdp_gamma': 0.030222620614660863}.
[I 2026-08-06 02:54:29,682] Trial 115 finished with values: [10.759673381048009, 10.759673381048009] and parameters: {'k1': 7.068974950624602e-05, 'D_low': 2.907208890659844, 'k2': 5.415244119402538e-05, 'D_high': 164.80446427978976, 'fire_exp': 2.1423874956449054, 'P_half': 53.42937261279775, 'pre_dampen_half': 0.3588488911386258, 'gpp_af': 0.042258746449961686, 'gpp_b': 6.870101665590028e-05, 'gpp_d': 15.409457762881532, 'ign_k': 0.029204338471814112, 'ign_c': 0.8400384914559786, 'gdp_gamma': 0.39074137500162603}.
[I 2026-08-06 02:54:31,177] Trial 116 finished with values: [10.7692285127482, 10.7692285127482] and parameters: {'k1': 0.026666091485947507, 'D_low': 431.2951023617458, 'k2': 0.00010758866306767925, 'D_high': 19.154683907246348, 'fire_exp': 4.697780746001417, 'P_half': 1.2765717873951687, 'pre_dampen_half': 0.012547369537891036, 'gpp_af': 0.0161905444947165, 'gpp_b': 0.028369067932328344, 'gpp_d': 0.8726691654212084, 'ign_k': 3.996430167694254, 'ign_c': 6.807874826564585, 'gdp_gamma': 0.013156716288884476}.
[I 2026-08-06 02:54:32,684] Trial 117 finished with values: [10.768788991277688, 10.768788991277688] and parameters: {'k1': 0.005967518552547517, 'D_low': 148.21691630007544, 'k2': 0.0003229510139565059, 'D_high': 241.42596390104578, 'fire_exp': 1.5191397119156032, 'P_half': 2.608761208029153, 'pre_dampen_half': 8.259599205585761, 'gpp_af': 0.10098504976210308, 'gpp_b': 2.2037568966840158, 'gpp_d': 545.0253444559129, 'ign_k': 0.004105873950290761, 'ign_c': 22.126836566118193, 'gdp_gamma': 0.04419495029243199}.
[I 2026-08-06 02:54:34,169] Trial 118 finished with values: [10.758929763429245, 10.758929763429245] and parameters: {'k1': 1.2629989039319992e-05, 'D_low': 7089.141723796886, 'k2': 0.004898620823554844, 'D_high': 6079.905434073399, 'fire_exp': 2.5642061910321017, 'P_half': 1583.6687298483912, 'pre_dampen_half': 0.07811299868262503, 'gpp_af': 0.2965524548878197, 'gpp_b': 2.2148920285054975e-05, 'gpp_d': 37.40930273158252, 'ign_k': 0.43731009905162666, 'ign_c': 1.317454386434276, 'gdp_gamma': 1.419184741934841}.
[I 2026-08-06 02:54:35,648] Trial 119 finished with values: [10.76719617395423, 10.76719617395423] and parameters: {'k1': 0.004083047491580096, 'D_low': 2.011190979341456, 'k2': 5.415244119402538e-05, 'D_high': 32.52245757497283, 'fire_exp': 1.7305445383699507, 'P_half': 53.42937261279775, 'pre_dampen_half': 0.2858549394196191, 'gpp_af': 0.003142005665463893, 'gpp_b': 0.0011857788502887916, 'gpp_d': 304.7488318185732, 'ign_k': 0.029204338471814112, 'ign_c': 46.798394497739366, 'gdp_gamma': 0.0037053826502857277}.
[I 2026-08-06 02:54:37,203] Trial 120 finished with values: [10.769230495514156, 10.769230495514156] and parameters: {'k1': 0.005967518552547517, 'D_low': 148.21691630007544, 'k2': 0.07548866292494028, 'D_high': 241.42596390104578, 'fire_exp': 6.56254162312847, 'P_half': 10.755022125844455, 'pre_dampen_half': 8.259599205585761, 'gpp_af': 2.204022885077016, 'gpp_b': 3.7692586031854893, 'gpp_d': 545.0253444559129, 'ign_k': 0.009390501015726497, 'ign_c': 22.126836566118193, 'gdp_gamma': 0.04676852825776417}.
[I 2026-08-06 02:54:38,725] Trial 121 finished with values: [10.769199066013275, 10.769199066013275] and parameters: {'k1': 0.026666091485947507, 'D_low': 164.97426799845456, 'k2': 0.0027982272717049276, 'D_high': 19.154683907246348, 'fire_exp': 1.7690128577054818, 'P_half': 1.2765717873951687, 'pre_dampen_half': 8.489417776525737, 'gpp_af': 50.25175192217663, 'gpp_b': 0.028369067932328344, 'gpp_d': 0.016982953094030286, 'ign_k': 0.0014551749476072258, 'ign_c': 77.45825831079135, 'gdp_gamma': 0.21027890193889434}.
[I 2026-08-06 02:54:40,204] Trial 122 finished with values: [10.722293771271382, 10.722293771271382] and parameters: {'k1': 1.2629989039319992e-05, 'D_low': 148.21691630007544, 'k2': 0.02207600491318518, 'D_high': 6079.905434073399, 'fire_exp': 1.5191397119156032, 'P_half': 4.933751600448339, 'pre_dampen_half': 8.259599205585761, 'gpp_af': 0.017832592720985762, 'gpp_b': 0.01974058362112495, 'gpp_d': 189.88136301569827, 'ign_k': 2.0935312996893196, 'ign_c': 22.126836566118193, 'gdp_gamma': 0.04676852825776417}.
[I 2026-08-06 02:54:41,674] Trial 123 finished with values: [10.76631604131269, 10.76631604131269] and parameters: {'k1': 0.0003856302813879373, 'D_low': 114.00863701127324, 'k2': 0.00234238498471129, 'D_high': 15.339162591163625, 'fire_exp': 1.4030510752388539, 'P_half': 5085.697220189423, 'pre_dampen_half': 2.8878954427292407, 'gpp_af': 0.019553384550454234, 'gpp_b': 0.005686100578449451, 'gpp_d': 110.15056790269621, 'ign_k': 0.09342699405616657, 'ign_c': 0.24586032763280052, 'gdp_gamma': 0.12327505909088289}.
[I 2026-08-06 02:54:43,186] Trial 124 finished with values: [10.54622591890752, 10.54622591890752] and parameters: {'k1': 0.0030285741098956273, 'D_low': 655.1173063184817, 'k2': 7.10978791694274e-05, 'D_high': 35.11445258128688, 'fire_exp': 1.0340574447037933, 'P_half': 25.255166452944085, 'pre_dampen_half': 8.904067307938409, 'gpp_af': 0.09145768948268033, 'gpp_b': 0.004215504256370331, 'gpp_d': 331.7366635899375, 'ign_k': 0.038791280730284435, 'ign_c': 11.37517159258865, 'gdp_gamma': 0.3862443158940324}.
[I 2026-08-06 02:54:44,672] Trial 125 finished with values: [10.769230766716401, 10.769230766716401] and parameters: {'k1': 5.575453980775367e-05, 'D_low': 3717.37174782505, 'k2': 5.415244119402538e-05, 'D_high': 16973.07853246701, 'fire_exp': 7.872112644525067, 'P_half': 53.42937261279775, 'pre_dampen_half': 0.03550255612313078, 'gpp_af': 1.1462107403425035, 'gpp_b': 0.003652975266912358, 'gpp_d': 123.04779330083686, 'ign_k': 0.029204338471814112, 'ign_c': 47.0262714364723, 'gdp_gamma': 0.04852797464024819}.
