[I 2026-08-05 23:49:16,802] Trial 600 finished with values: [-0.5058424346412588, 0.15925529248770265] and parameters: {'k1': 0.002971796631657383, 'D_low': 7.068974950624602, 'k2': 1.1184534120760473e-05, 'D_high': 6455.595882939566, 'fire_exp': 1.1670151053031461, 'P_half': 10.226988730324324, 'pre_dampen_half': 111.37963167994629, 'gpp_af': 29.925002022877802, 'gpp_b': 0.011750724729953272, 'gpp_d': 8.144272585223819, 'ign_k': 0.0026834162496848666, 'ign_c': 0.11433485956638717}.
[I 2026-08-05 23:49:17,750] Trial 601 finished with values: [10.754854271561998, 10.754854271561998] and parameters: {'k1': 0.0002514786015817364, 'D_low': 2.458603276328005, 'k2': 0.0004381141781653133, 'D_high': 85018.70149611714, 'fire_exp': 5.238437639662319, 'P_half': 12.808863354047988, 'pre_dampen_half': 703.6426675556048, 'gpp_af': 35.20481045526041, 'gpp_b': 0.35446974723746, 'gpp_d': 5.878566318396007, 'ign_k': 0.4702627143647234, 'ign_c': 0.17036120617148395}.
[I 2026-08-05 23:49:18,723] Trial 602 finished with values: [10.354964079733847, 10.354964079733847] and parameters: {'k1': 0.0002514786015817364, 'D_low': 4.020051040432125, 'k2': 8.200096539027468e-05, 'D_high': 85018.70149611714, 'fire_exp': 1.2943117749495199, 'P_half': 12.808863354047988, 'pre_dampen_half': 958.6709783968975, 'gpp_af': 29.925002022877802, 'gpp_b': 0.7987896438549947, 'gpp_d': 34.37107943937136, 'ign_k': 0.4702627143647234, 'ign_c': 0.17036120617148395}.
[I 2026-08-05 23:49:19,654] Trial 603 finished with values: [-0.5456693098135796, 0.11244939959505207] and parameters: {'k1': 0.008956420301712053, 'D_low': 125.32726386250698, 'k2': 2.5461628161276896e-05, 'D_high': 233.52156626184438, 'fire_exp': 1.182396148413737, 'P_half': 408.3047491580097, 'pre_dampen_half': 748.1106041623153, 'gpp_af': 29.925002022877802, 'gpp_b': 3.228689523591491e-05, 'gpp_d': 17.849597677210657, 'ign_k': 0.11101191524846071, 'ign_c': 2.4287565087611744}.
[I 2026-08-05 23:49:20,573] Trial 604 finished with values: [10.48970942051246, 10.48970942051246] and parameters: {'k1': 0.016973078532467004, 'D_low': 2.458603276328005, 'k2': 0.0007081721844034209, 'D_high': 75773.14388518519, 'fire_exp': 1.2943117749495199, 'P_half': 39.03214299767183, 'pre_dampen_half': 36.876350096203005, 'gpp_af': 35.20481045526041, 'gpp_b': 0.7987896438549947, 'gpp_d': 4.5768578731086835, 'ign_k': 3.7173717478250508, 'ign_c': 6.160975294741436}.
[I 2026-08-05 23:49:21,504] Trial 605 finished with values: [-0.46994277886055935, 0.10075140477859046] and parameters: {'k1': 0.002971796631657383, 'D_low': 7.068974950624602, 'k2': 2.678690610097712e-05, 'D_high': 6366.1449945522045, 'fire_exp': 1.1670151053031461, 'P_half': 95.65499215943822, 'pre_dampen_half': 703.6426675556048, 'gpp_af': 29.925002022877802, 'gpp_b': 0.10123867001105968, 'gpp_d': 5.1715677287580455, 'ign_k': 0.0026834162496848666, 'ign_c': 3.0378658251922155}.
[I 2026-08-05 23:49:22,421] Trial 606 finished with values: [11.851457173735405, 11.851457173735405] and parameters: {'k1': 6.283039697972715e-05, 'D_low': 2.458603276328005, 'k2': 0.0004381141781653133, 'D_high': 75773.14388518519, 'fire_exp': 1.1670151053031461, 'P_half': 12.808863354047988, 'pre_dampen_half': 703.6426675556048, 'gpp_af': 35.20481045526041, 'gpp_b': 0.03841303420847976, 'gpp_d': 368.30088529547436, 'ign_k': 0.01474275315991467, 'ign_c': 6.160975294741436}.
[I 2026-08-05 23:49:23,357] Trial 607 finished with values: [-0.4970998582708748, 0.14135942639276622] and parameters: {'k1': 7.841214856323651e-05, 'D_low': 525.911865925123, 'k2': 0.005456725485601475, 'D_high': 6455.595882939566, 'fire_exp': 1.180859992527605, 'P_half': 95.65499215943822, 'pre_dampen_half': 30.20668663862189, 'gpp_af': 0.005881383945248695, 'gpp_b': 3.228689523591491e-05, 'gpp_d': 857.4284557962634, 'ign_k': 0.01474275315991467, 'ign_c': 3.0378658251922155}.
[I 2026-08-05 23:49:24,346] Trial 608 finished with values: [10.73639116179583, 10.73639116179583] and parameters: {'k1': 0.021368329072358756, 'D_low': 7.068974950624602, 'k2': 1.1184534120760473e-05, 'D_high': 75773.14388518519, 'fire_exp': 1.1044852285094786, 'P_half': 125.61043700013555, 'pre_dampen_half': 36.876350096203005, 'gpp_af': 35.20481045526041, 'gpp_b': 0.03841303420847976, 'gpp_d': 0.014231887793088498, 'ign_k': 0.01474275315991467, 'ign_c': 6.160975294741436}.
[I 2026-08-05 23:49:25,270] Trial 609 finished with values: [-0.514014805261213, 0.13445988030700995] and parameters: {'k1': 0.021368329072358756, 'D_low': 10.733257635049776, 'k2': 1.1184534120760473e-05, 'D_high': 75773.14388518519, 'fire_exp': 1.1044852285094786, 'P_half': 10.226988730324324, 'pre_dampen_half': 36.876350096203005, 'gpp_af': 29.925002022877802, 'gpp_b': 0.03841303420847976, 'gpp_d': 4.5768578731086835, 'ign_k': 0.005522071973135812, 'ign_c': 6.160975294741436}.
[I 2026-08-05 23:49:26,190] Trial 610 finished with values: [12.091864795258536, 12.091864795258536] and parameters: {'k1': 0.04897760278488444, 'D_low': 4.020051040432125, 'k2': 0.0007087479683081, 'D_high': 85018.70149611714, 'fire_exp': 1.2943117749495199, 'P_half': 39.03214299767183, 'pre_dampen_half': 703.6426675556048, 'gpp_af': 35.20481045526041, 'gpp_b': 0.10123867001105968, 'gpp_d': 34.37107943937136, 'ign_k': 0.4702627143647234, 'ign_c': 0.11433485956638717}.
[I 2026-08-05 23:49:27,117] Trial 611 finished with values: [-0.5052994681487473, 0.1435935849057809] and parameters: {'k1': 0.029722820698619923, 'D_low': 74.92772870670282, 'k2': 1.1184534120760473e-05, 'D_high': 6455.595882939566, 'fire_exp': 1.3614924220931135, 'P_half': 39.03214299767183, 'pre_dampen_half': 111.37963167994629, 'gpp_af': 35.20481045526041, 'gpp_b': 0.011750724729953272, 'gpp_d': 368.30088529547436, 'ign_k': 0.0035114452581286888, 'ign_c': 6.160975294741436}.
[I 2026-08-05 23:49:28,035] Trial 612 finished with values: [10.766099057380778, 10.766099057380778] and parameters: {'k1': 0.021368329072358756, 'D_low': 1.2834648227562822, 'k2': 2.5461628161276896e-05, 'D_high': 233.52156626184438, 'fire_exp': 1.182396148413737, 'P_half': 4.397766894483963, 'pre_dampen_half': 43.23598413711193, 'gpp_af': 0.0025511964576171086, 'gpp_b': 0.2859164396628517, 'gpp_d': 0.13223503889537183, 'ign_k': 0.050346969882634894, 'ign_c': 0.7724824966785973}.
[I 2026-08-05 23:49:28,983] Trial 613 finished with values: [10.279831707192942, 10.279831707192942] and parameters: {'k1': 0.00324789183891923, 'D_low': 2.458603276328005, 'k2': 0.0004381141781653133, 'D_high': 75773.14388518519, 'fire_exp': 1.1670151053031461, 'P_half': 12.808863354047988, 'pre_dampen_half': 703.6426675556048, 'gpp_af': 35.20481045526041, 'gpp_b': 0.35446974723746, 'gpp_d': 4.5768578731086835, 'ign_k': 0.030956657914928524, 'ign_c': 47.268615251255675}.
[I 2026-08-05 23:49:30,093] Trial 614 finished with values: [-0.5196185148463177, 0.12345871833269728] and parameters: {'k1': 0.016973078532467004, 'D_low': 125.32726386250698, 'k2': 0.005456725485601475, 'D_high': 6366.1449945522045, 'fire_exp': 1.182396148413737, 'P_half': 39.03214299767183, 'pre_dampen_half': 33.9790424311127, 'gpp_af': 29.925002022877802, 'gpp_b': 0.7987896438549947, 'gpp_d': 857.4284557962634, 'ign_k': 0.03141110271934876, 'ign_c': 3.0378658251922155}.
[I 2026-08-05 23:49:31,035] Trial 615 finished with values: [10.511999852286863, 10.511999852286863] and parameters: {'k1': 0.00324789183891923, 'D_low': 24.195799118138826, 'k2': 0.006138509947844854, 'D_high': 48249.14281180252, 'fire_exp': 2.349842546850811, 'P_half': 12.808863354047988, 'pre_dampen_half': 111.37963167994629, 'gpp_af': 35.20481045526041, 'gpp_b': 1.5938003265859821, 'gpp_d': 149.50343942182866, 'ign_k': 0.0035114452581286888, 'ign_c': 47.268615251255675}.
[I 2026-08-05 23:49:31,965] Trial 616 finished with values: [-0.5128759361601603, 0.10429877450064196] and parameters: {'k1': 0.016973078532467004, 'D_low': 2.458603276328005, 'k2': 1.1184534120760473e-05, 'D_high': 85018.70149611714, 'fire_exp': 1.1044852285094786, 'P_half': 12.808863354047988, 'pre_dampen_half': 703.6426675556048, 'gpp_af': 35.20481045526041, 'gpp_b': 0.7987896438549947, 'gpp_d': 4.5768578731086835, 'ign_k': 0.01474275315991467, 'ign_c': 6.160975294741436}.
[I 2026-08-05 23:49:32,896] Trial 617 finished with values: [10.495033045301984, 10.495033045301984] and parameters: {'k1': 7.841214856323651e-05, 'D_low': 8924.795116437426, 'k2': 0.0004381141781653133, 'D_high': 6455.595882939566, 'fire_exp': 1.1044852285094786, 'P_half': 851.7034154701655, 'pre_dampen_half': 703.6426675556048, 'gpp_af': 0.005881383945248695, 'gpp_b': 0.0025416076006960116, 'gpp_d': 0.1187686699420959, 'ign_k': 0.0014468941663899363, 'ign_c': 10.140635645866492}.
[I 2026-08-05 23:49:33,825] Trial 618 finished with values: [10.55397973337174, 10.55397973337174] and parameters: {'k1': 0.016973078532467004, 'D_low': 18.522006003174383, 'k2': 0.0001870742013766025, 'D_high': 411.0848435021235, 'fire_exp': 1.010722707674549, 'P_half': 12.808863354047988, 'pre_dampen_half': 59.66041614891413, 'gpp_af': 35.20481045526041, 'gpp_b': 0.6637926838138378, 'gpp_d': 891.8036602897795, 'ign_k': 5.9736167866478125, 'ign_c': 0.11433485956638717}.
[I 2026-08-05 23:49:34,820] Trial 619 finished with values: [10.769215295147978, 10.769215295147978] and parameters: {'k1': 0.0005486676498816061, 'D_low': 2.458603276328005, 'k2': 0.0007081721844034209, 'D_high': 75773.14388518519, 'fire_exp': 7.3626049101155635, 'P_half': 10.226988730324324, 'pre_dampen_half': 36.876350096203005, 'gpp_af': 0.7823066876094144, 'gpp_b': 0.03841303420847976, 'gpp_d': 4.5768578731086835, 'ign_k': 0.01474275315991467, 'ign_c': 6.160975294741436}.
[I 2026-08-05 23:49:35,757] Trial 620 finished with values: [-0.4707872210073768, 0.12015695450499353] and parameters: {'k1': 0.016973078532467004, 'D_low': 18.522006003174383, 'k2': 0.0001870742013766025, 'D_high': 411.0848435021235, 'fire_exp': 1.010722707674549, 'P_half': 608.3019192425825, 'pre_dampen_half': 59.66041614891413, 'gpp_af': 22.766850248686247, 'gpp_b': 0.6637926838138378, 'gpp_d': 891.8036602897795, 'ign_k': 3.7173717478250508, 'ign_c': 0.11433485956638717}.
[I 2026-08-05 23:49:36,682] Trial 621 finished with values: [10.510218644590493, 10.510218644590493] and parameters: {'k1': 0.0029707920514735983, 'D_low': 125.32726386250698, 'k2': 0.005456725485601475, 'D_high': 6366.1449945522045, 'fire_exp': 1.1670151053031461, 'P_half': 39.03214299767183, 'pre_dampen_half': 33.9790424311127, 'gpp_af': 0.0025511964576171086, 'gpp_b': 0.004282452111192166, 'gpp_d': 857.4284557962634, 'ign_k': 0.017654048052495083, 'ign_c': 6.160975294741436}.
[I 2026-08-05 23:49:37,621] Trial 622 finished with values: [10.761863163903417, 10.761863163903417] and parameters: {'k1': 0.021368329072358756, 'D_low': 7.068974950624602, 'k2': 0.0001870742013766025, 'D_high': 85018.70149611714, 'fire_exp': 5.311995034756393, 'P_half': 12.808863354047988, 'pre_dampen_half': 14.689898077648792, 'gpp_af': 35.20481045526041, 'gpp_b': 0.03841303420847976, 'gpp_d': 891.8036602897795, 'ign_k': 0.0884455049423825, 'ign_c': 0.11433485956638717}.
[I 2026-08-05 23:49:38,542] Trial 623 finished with values: [10.769230768838547, 10.769230768838547] and parameters: {'k1': 2.0937989739527727e-05, 'D_low': 125.32726386250698, 'k2': 0.0004381141781653133, 'D_high': 31166.852978784915, 'fire_exp': 1.182396148413737, 'P_half': 24.136213194527585, 'pre_dampen_half': 304.7488318185732, 'gpp_af': 0.0025511964576171086, 'gpp_b': 3.228689523591491e-05, 'gpp_d': 857.4284557962634, 'ign_k': 5.9736167866478125, 'ign_c': 47.268615251255675}.
[I 2026-08-05 23:49:39,491] Trial 624 finished with values: [-0.5088168613985224, 0.08893624876388273] and parameters: {'k1': 0.0029707920514735983, 'D_low': 125.32726386250698, 'k2': 2.5461628161276896e-05, 'D_high': 233.52156626184438, 'fire_exp': 1.182396148413737, 'P_half': 24.136213194527585, 'pre_dampen_half': 33.9790424311127, 'gpp_af': 35.20481045526041, 'gpp_b': 0.10123867001105968, 'gpp_d': 857.4284557962634, 'ign_k': 4.006890332238651, 'ign_c': 3.0378658251922155}.
[I 2026-08-05 23:49:40,453] Trial 625 finished with values: [10.324606403509037, 10.324606403509037] and parameters: {'k1': 0.006697348618512094, 'D_low': 74.92772870670282, 'k2': 0.00038791280730284417, 'D_high': 949.9072859745386, 'fire_exp': 1.0473002272689056, 'P_half': 39.03214299767183, 'pre_dampen_half': 33.9790424311127, 'gpp_af': 20.12115544906385, 'gpp_b': 3.228689523591491e-05, 'gpp_d': 4.5768578731086835, 'ign_k': 0.11101191524846071, 'ign_c': 14.810800730363484}.
[I 2026-08-05 23:49:41,398] Trial 626 finished with values: [10.651378646323415, 10.651378646323415] and parameters: {'k1': 0.016973078532467004, 'D_low': 29.89885508829526, 'k2': 0.0007081721844034209, 'D_high': 48249.14281180252, 'fire_exp': 1.2943117749495199, 'P_half': 39.03214299767183, 'pre_dampen_half': 703.6426675556048, 'gpp_af': 29.925002022877802, 'gpp_b': 0.7987896438549947, 'gpp_d': 4.5768578731086835, 'ign_k': 0.0486276976221284, 'ign_c': 47.268615251255675}.
[I 2026-08-05 23:49:42,334] Trial 627 finished with values: [10.516352854778368, 10.516352854778368] and parameters: {'k1': 0.005967518552547517, 'D_low': 7.068974950624602, 'k2': 1.1184534120760473e-05, 'D_high': 3660.150802571655, 'fire_exp': 1.1044852285094786, 'P_half': 39.03214299767183, 'pre_dampen_half': 703.6426675556048, 'gpp_af': 83.56239973758213, 'gpp_b': 0.03719354588132657, 'gpp_d': 39.827466658711515, 'ign_k': 0.012802983592904445, 'ign_c': 6.160975294741436}.
[I 2026-08-05 23:49:43,274] Trial 628 finished with values: [10.698105531520921, 10.698105531520921] and parameters: {'k1': 0.0029707920514735983, 'D_low': 125.32726386250698, 'k2': 0.005456725485601475, 'D_high': 6455.595882939566, 'fire_exp': 1.3614924220931135, 'P_half': 5.342106255632175, 'pre_dampen_half': 111.37963167994629, 'gpp_af': 0.0025511964576171086, 'gpp_b': 0.0358180527371211, 'gpp_d': 857.4284557962634, 'ign_k': 4.461217349302768, 'ign_c': 0.11433485956638717}.
[I 2026-08-05 23:49:44,219] Trial 629 finished with values: [11.199881908709044, 11.199881908709044] and parameters: {'k1': 0.0005486676498816061, 'D_low': 7.068974950624602, 'k2': 0.034987345440353576, 'D_high': 75773.14388518519, 'fire_exp': 1.151006986743773, 'P_half': 6.96063331852638, 'pre_dampen_half': 703.6426675556048, 'gpp_af': 35.20481045526041, 'gpp_b': 0.10123867001105968, 'gpp_d': 39.827466658711515, 'ign_k': 0.03141110271934876, 'ign_c': 6.160975294741436}.
[I 2026-08-05 23:49:45,216] Trial 630 finished with values: [10.74988196645607, 10.74988196645607] and parameters: {'k1': 2.0937989739527727e-05, 'D_low': 1.2834648227562822, 'k2': 2.5461628161276896e-05, 'D_high': 3103.604223881661, 'fire_exp': 1.182396148413737, 'P_half': 4.397766894483963, 'pre_dampen_half': 703.6426675556048, 'gpp_af': 0.0025511964576171086, 'gpp_b': 0.06156888951916391, 'gpp_d': 4.5768578731086835, 'ign_k': 0.0026834162496848666, 'ign_c': 0.11433485956638717}.
[I 2026-08-05 23:49:46,187] Trial 631 finished with values: [-0.5247015244935638, 0.16610489178850518] and parameters: {'k1': 0.016973078532467004, 'D_low': 2.458603276328005, 'k2': 0.0499774937030317, 'D_high': 85018.70149611714, 'fire_exp': 1.5201277403788451, 'P_half': 12.808863354047988, 'pre_dampen_half': 111.37963167994629, 'gpp_af': 11.234842109991876, 'gpp_b': 0.7987896438549947, 'gpp_d': 368.30088529547436, 'ign_k': 0.030956657914928524, 'ign_c': 14.810800730363484}.
[I 2026-08-05 23:49:47,106] Trial 632 finished with values: [10.030756200405895, 10.030756200405895] and parameters: {'k1': 0.015602015889668856, 'D_low': 125.32726386250698, 'k2': 0.00038791280730284417, 'D_high': 6366.1449945522045, 'fire_exp': 1.182396148413737, 'P_half': 95.65499215943822, 'pre_dampen_half': 33.9790424311127, 'gpp_af': 0.0025511964576171086, 'gpp_b': 3.228689523591491e-05, 'gpp_d': 34.37107943937136, 'ign_k': 0.4702627143647234, 'ign_c': 3.0378658251922155}.
[I 2026-08-05 23:49:48,047] Trial 633 finished with values: [10.250275719199859, 10.250275719199859] and parameters: {'k1': 0.016973078532467004, 'D_low': 2.458603276328005, 'k2': 0.0007081721844034209, 'D_high': 85018.70149611714, 'fire_exp': 1.151006986743773, 'P_half': 12.808863354047988, 'pre_dampen_half': 304.7488318185732, 'gpp_af': 35.20481045526041, 'gpp_b': 0.7987896438549947, 'gpp_d': 857.4284557962634, 'ign_k': 0.03141110271934876, 'ign_c': 47.268615251255675}.
[I 2026-08-05 23:49:48,985] Trial 634 finished with values: [10.762533764887763, 10.762533764887763] and parameters: {'k1': 0.0017320535908244437, 'D_low': 14.677440038495336, 'k2': 0.008559572793311807, 'D_high': 33.594697935173684, 'fire_exp': 1.182396148413737, 'P_half': 729.9613382801459, 'pre_dampen_half': 14.689898077648792, 'gpp_af': 83.56239973758213, 'gpp_b': 0.03841303420847976, 'gpp_d': 4.25060659305504, 'ign_k': 2.7573353505786358, 'ign_c': 3.0378658251922155}.
[I 2026-08-05 23:49:49,930] Trial 635 finished with values: [-0.511919349355662, 0.1415302027737334] and parameters: {'k1': 0.016973078532467004, 'D_low': 2.458603276328005, 'k2': 1.1184534120760473e-05, 'D_high': 9769.756791866093, 'fire_exp': 1.058246684404056, 'P_half': 12.808863354047988, 'pre_dampen_half': 36.876350096203005, 'gpp_af': 35.20481045526041, 'gpp_b': 0.011750724729953272, 'gpp_d': 4.5768578731086835, 'ign_k': 0.01474275315991467, 'ign_c': 6.160975294741436}.
[I 2026-08-05 23:49:51,116] Trial 636 finished with values: [10.576347587762617, 10.576347587762617] and parameters: {'k1': 0.005967518552547517, 'D_low': 7.068974950624602, 'k2': 2.678690610097712e-05, 'D_high': 6366.1449945522045, 'fire_exp': 1.1044852285094786, 'P_half': 10.226988730324324, 'pre_dampen_half': 350.88322284755304, 'gpp_af': 0.007914355321045717, 'gpp_b': 0.03719354588132657, 'gpp_d': 0.1540694827802009, 'ign_k': 0.0016058436323100884, 'ign_c': 14.810800730363484}.
[I 2026-08-05 23:49:52,054] Trial 637 finished with values: [11.105023837643243, 11.105023837643243] and parameters: {'k1': 0.04897760278488444, 'D_low': 2.458603276328005, 'k2': 0.0004381141781653133, 'D_high': 6455.595882939566, 'fire_exp': 1.1044852285094786, 'P_half': 12.808863354047988, 'pre_dampen_half': 703.6426675556048, 'gpp_af': 0.04339970334001348, 'gpp_b': 0.0025416076006960116, 'gpp_d': 149.50343942182866, 'ign_k': 0.017654048052495083, 'ign_c': 47.268615251255675}.
[I 2026-08-05 23:49:52,990] Trial 638 finished with values: [12.068037201798875, 12.068037201798875] and parameters: {'k1': 0.03232155805617897, 'D_low': 9.330007965781027, 'k2': 0.00038791280730284417, 'D_high': 6455.595882939566, 'fire_exp': 1.811096651915224, 'P_half': 10.226988730324324, 'pre_dampen_half': 703.6426675556048, 'gpp_af': 35.20481045526041, 'gpp_b': 0.10123867001105968, 'gpp_d': 891.8036602897795, 'ign_k': 0.4702627143647234, 'ign_c': 6.160975294741436}.
[I 2026-08-05 23:49:53,928] Trial 639 finished with values: [-0.5142344138967082, 0.11378563924312213] and parameters: {'k1': 0.0005486676498816061, 'D_low': 2.458603276328005, 'k2': 0.0007081721844034209, 'D_high': 85018.70149611714, 'fire_exp': 1.1044852285094786, 'P_half': 12.808863354047988, 'pre_dampen_half': 719.4083432823455, 'gpp_af': 35.20481045526041, 'gpp_b': 0.7987896438549947, 'gpp_d': 4.5768578731086835, 'ign_k': 0.01474275315991467, 'ign_c': 6.160975294741436}.
[I 2026-08-05 23:49:54,865] Trial 640 finished with values: [-0.5779084858213984, 0.09466718427091925] and parameters: {'k1': 0.04897760278488444, 'D_low': 2.458603276328005, 'k2': 0.0007081721844034209, 'D_high': 85018.70149611714, 'fire_exp': 1.151006986743773, 'P_half': 12.808863354047988, 'pre_dampen_half': 703.6426675556048, 'gpp_af': 35.20481045526041, 'gpp_b': 0.7987896438549947, 'gpp_d': 4.5768578731086835, 'ign_k': 5.9736167866478125, 'ign_c': 0.11433485956638717}.
[I 2026-08-05 23:49:55,881] Trial 641 finished with values: [10.349781691382981, 10.349781691382981] and parameters: {'k1': 0.002971796631657383, 'D_low': 5.29551022369202, 'k2': 1.1184534120760473e-05, 'D_high': 85018.70149611714, 'fire_exp': 1.151006986743773, 'P_half': 10.226988730324324, 'pre_dampen_half': 36.876350096203005, 'gpp_af': 29.925002022877802, 'gpp_b': 0.7987896438549947, 'gpp_d': 5.878566318396007, 'ign_k': 2.615413574494962, 'ign_c': 0.11433485956638717}.
[I 2026-08-05 23:49:56,833] Trial 642 finished with values: [-0.5350585483457091, 0.10877074408455967] and parameters: {'k1': 0.016973078532467004, 'D_low': 74.92772870670282, 'k2': 0.00038791280730284417, 'D_high': 949.9072859745386, 'fire_exp': 1.0473002272689056, 'P_half': 39.03214299767183, 'pre_dampen_half': 703.6426675556048, 'gpp_af': 35.20481045526041, 'gpp_b': 0.10123867001105968, 'gpp_d': 4.5768578731086835, 'ign_k': 0.030956657914928524, 'ign_c': 1.0939944910100017}.
[I 2026-08-05 23:49:57,769] Trial 643 finished with values: [10.298310214111728, 10.298310214111728] and parameters: {'k1': 0.002971796631657383, 'D_low': 14.677440038495336, 'k2': 0.006024590664672947, 'D_high': 6366.1449945522045, 'fire_exp': 1.182396148413737, 'P_half': 608.3019192425825, 'pre_dampen_half': 14.689898077648792, 'gpp_af': 0.0025511964576171086, 'gpp_b': 3.228689523591491e-05, 'gpp_d': 2.893272120738162, 'ign_k': 2.7573353505786358, 'ign_c': 0.11433485956638717}.
[I 2026-08-05 23:49:58,707] Trial 644 finished with values: [10.362980859276103, 10.362980859276103] and parameters: {'k1': 9.74819700926251e-05, 'D_low': 3040.8822605588985, 'k2': 0.0007081721844034209, 'D_high': 85018.70149611714, 'fire_exp': 1.2943117749495199, 'P_half': 12.808863354047988, 'pre_dampen_half': 703.6426675556048, 'gpp_af': 35.20481045526041, 'gpp_b': 0.7987896438549947, 'gpp_d': 4.5768578731086835, 'ign_k': 0.06042560675552673, 'ign_c': 1.0939944910100017}.
