[I 2026-08-06 00:14:20,584] Trial 480 finished with values: [10.057439461653809, 10.057439461653809] and parameters: {'k1': 0.0005486676498816061, 'D_low': 7.068974950624602, 'k2': 2.1698375693549493e-05, 'D_high': 75773.14388518519, 'fire_exp': 1.182396148413737, 'P_half': 408.3047491580097, 'pre_dampen_half': 76.86605275420082, 'gpp_af': 0.0025511964576171086, 'gpp_b': 0.003510201564752293, 'gpp_d': 857.4284557962634, 'ign_k': 0.0026834162496848666, 'ign_c': 9.34330265731847}.
[I 2026-08-06 00:14:21,553] Trial 481 finished with values: [10.548861554809479, 10.548861554809479] and parameters: {'k1': 0.0005486676498816061, 'D_low': 98.57545621889057, 'k2': 1.1184534120760473e-05, 'D_high': 949.9072859745386, 'fire_exp': 1.010722707674549, 'P_half': 540.9803697908727, 'pre_dampen_half': 14.689898077648792, 'gpp_af': 0.16963424566072005, 'gpp_b': 0.011750724729953272, 'gpp_d': 0.2334174560017147, 'ign_k': 0.0026834162496848666, 'ign_c': 9.34330265731847}.
[I 2026-08-06 00:14:22,521] Trial 482 finished with values: [10.170154307919153, 10.170154307919153] and parameters: {'k1': 0.0005486676498816061, 'D_low': 98.57545621889057, 'k2': 0.006138509947844854, 'D_high': 233.52156626184438, 'fire_exp': 1.010722707674549, 'P_half': 7.857247967427123, 'pre_dampen_half': 703.6426675556048, 'gpp_af': 0.004344117003966495, 'gpp_b': 0.003510201564752293, 'gpp_d': 967.4365715402611, 'ign_k': 0.03141110271934876, 'ign_c': 47.268615251255675}.
[I 2026-08-06 00:14:23,641] Trial 483 finished with values: [11.142369435493116, 11.142369435493116] and parameters: {'k1': 0.021368329072358756, 'D_low': 29.89885508829526, 'k2': 0.0007081721844034209, 'D_high': 3660.150802571655, 'fire_exp': 1.1044852285094786, 'P_half': 2.157758652553991, 'pre_dampen_half': 33.9790424311127, 'gpp_af': 0.028585493941961918, 'gpp_b': 0.011750724729953272, 'gpp_d': 39.827466658711515, 'ign_k': 0.050667002161528835, 'ign_c': 2.92043384718141}.
[I 2026-08-06 00:14:24,593] Trial 484 finished with values: [-0.5843469299341418, 0.13604409950501162] and parameters: {'k1': 0.0017320535908244437, 'D_low': 18.522006003174383, 'k2': 1.4378290221680118e-05, 'D_high': 639.0695092073224, 'fire_exp': 1.1044852285094786, 'P_half': 608.3019192425825, 'pre_dampen_half': 33.9790424311127, 'gpp_af': 22.766850248686247, 'gpp_b': 9.58832899519661e-05, 'gpp_d': 891.8036602897795, 'ign_k': 3.7173717478250508, 'ign_c': 14.367095138664217}.
[I 2026-08-06 00:14:25,556] Trial 485 finished with values: [10.71334440365847, 10.71334440365847] and parameters: {'k1': 0.002971796631657383, 'D_low': 1510.9086063191912, 'k2': 1.1184534120760473e-05, 'D_high': 9769.756791866093, 'fire_exp': 1.5201277403788451, 'P_half': 125.61043700013555, 'pre_dampen_half': 53.73093479067421, 'gpp_af': 0.028585493941961918, 'gpp_b': 0.011750724729953272, 'gpp_d': 5.878566318396007, 'ign_k': 0.017654048052495083, 'ign_c': 6.160975294741436}.
[I 2026-08-06 00:14:26,536] Trial 486 finished with values: [-0.5124739261535659, 0.2263793181895355] and parameters: {'k1': 0.0029707920514735983, 'D_low': 2.5379946629058443, 'k2': 0.0004381141781653133, 'D_high': 6366.1449945522045, 'fire_exp': 1.182396148413737, 'P_half': 1938.3858782150498, 'pre_dampen_half': 703.6426675556048, 'gpp_af': 0.0025511964576171086, 'gpp_b': 3.228689523591491e-05, 'gpp_d': 0.19476644406315288, 'ign_k': 0.03141110271934876, 'ign_c': 47.268615251255675}.
[I 2026-08-06 00:14:27,517] Trial 487 finished with values: [10.768851889929673, 10.768851889929673] and parameters: {'k1': 0.025383218374507292, 'D_low': 532.1216007763549, 'k2': 4.763991596630584e-05, 'D_high': 1687.3495104568947, 'fire_exp': 1.182396148413737, 'P_half': 608.3019192425825, 'pre_dampen_half': 33.9790424311127, 'gpp_af': 0.0025511964576171086, 'gpp_b': 0.6637926838138378, 'gpp_d': 668.5510162938966, 'ign_k': 3.7173717478250508, 'ign_c': 0.8891936446296247}.
[I 2026-08-06 00:14:28,502] Trial 488 finished with values: [10.137891297242943, 10.137891297242943] and parameters: {'k1': 0.002971796631657383, 'D_low': 595.2904331761849, 'k2': 1.1184534120760473e-05, 'D_high': 8182.111518618414, 'fire_exp': 1.5201277403788451, 'P_half': 7.639737756882015, 'pre_dampen_half': 304.7488318185732, 'gpp_af': 0.47739011308437823, 'gpp_b': 0.011750724729953272, 'gpp_d': 5.878566318396007, 'ign_k': 0.019192001101561888, 'ign_c': 0.21356209987689076}.
[I 2026-08-06 00:14:29,509] Trial 489 finished with values: [10.339699364419577, 10.339699364419577] and parameters: {'k1': 0.03232155805617897, 'D_low': 1112.9571947046009, 'k2': 0.006138509947844854, 'D_high': 6455.595882939566, 'fire_exp': 1.5201277403788451, 'P_half': 125.61043700013555, 'pre_dampen_half': 25.2636741027941, 'gpp_af': 0.0025511964576171086, 'gpp_b': 3.481277316673104e-05, 'gpp_d': 5.878566318396007, 'ign_k': 0.11101191524846071, 'ign_c': 2.92043384718141}.
[I 2026-08-06 00:14:30,503] Trial 490 finished with values: [-0.4352130836914899, 0.2161164197519756] and parameters: {'k1': 2.0937989739527727e-05, 'D_low': 125.32726386250698, 'k2': 0.0004381141781653133, 'D_high': 233.52156626184438, 'fire_exp': 1.182396148413737, 'P_half': 39.03214299767183, 'pre_dampen_half': 703.6426675556048, 'gpp_af': 0.0025511964576171086, 'gpp_b': 3.228689523591491e-05, 'gpp_d': 0.19476644406315288, 'ign_k': 0.03141110271934876, 'ign_c': 47.268615251255675}.
[I 2026-08-06 00:14:31,501] Trial 491 finished with values: [10.762993855723419, 10.762993855723419] and parameters: {'k1': 0.021368329072358756, 'D_low': 74.92772870670282, 'k2': 1.1184534120760473e-05, 'D_high': 75773.14388518519, 'fire_exp': 4.513476798165099, 'P_half': 408.3047491580097, 'pre_dampen_half': 304.7488318185732, 'gpp_af': 0.023243291829111983, 'gpp_b': 0.011750724729953272, 'gpp_d': 39.827466658711515, 'ign_k': 0.0026834162496848666, 'ign_c': 6.160975294741436}.
[I 2026-08-06 00:14:32,466] Trial 492 finished with values: [-0.5793772604099925, 0.1440376730046501] and parameters: {'k1': 0.025383218374507292, 'D_low': 125.32726386250698, 'k2': 0.0004381141781653133, 'D_high': 6455.595882939566, 'fire_exp': 1.5201277403788451, 'P_half': 39.03214299767183, 'pre_dampen_half': 567.9600794296686, 'gpp_af': 0.0025511964576171086, 'gpp_b': 3.481277316673104e-05, 'gpp_d': 39.827466658711515, 'ign_k': 0.03141110271934876, 'ign_c': 47.268615251255675}.
[I 2026-08-06 00:14:33,453] Trial 493 finished with values: [-0.49601762037523206, 0.21544269282886896] and parameters: {'k1': 0.0005486676498816061, 'D_low': 4.020051040432125, 'k2': 2.1698375693549493e-05, 'D_high': 75773.14388518519, 'fire_exp': 1.0473002272689056, 'P_half': 408.3047491580097, 'pre_dampen_half': 76.86605275420082, 'gpp_af': 0.004344117003966495, 'gpp_b': 0.003510201564752293, 'gpp_d': 150.14555442537656, 'ign_k': 0.05362153030688613, 'ign_c': 29.815734524531024}.
[I 2026-08-06 00:14:34,439] Trial 494 finished with values: [10.555349228234983, 10.555349228234983] and parameters: {'k1': 0.03232155805617897, 'D_low': 98.57545621889057, 'k2': 3.5917714215176105e-05, 'D_high': 10316.033434719713, 'fire_exp': 1.5201277403788451, 'P_half': 8.369109437186466, 'pre_dampen_half': 111.37963167994629, 'gpp_af': 35.20481045526041, 'gpp_b': 0.0035057749039614167, 'gpp_d': 300.3420512048734, 'ign_k': 0.4702627143647234, 'ign_c': 14.810800730363484}.
[I 2026-08-06 00:14:35,389] Trial 495 finished with values: [10.48911552630691, 10.48911552630691] and parameters: {'k1': 0.03232155805617897, 'D_low': 125.32726386250698, 'k2': 0.0004381141781653133, 'D_high': 233.52156626184438, 'fire_exp': 1.010722707674549, 'P_half': 5949.270019168345, 'pre_dampen_half': 111.37963167994629, 'gpp_af': 1.6595781802652418, 'gpp_b': 3.228689523591491e-05, 'gpp_d': 39.827466658711515, 'ign_k': 0.03141110271934876, 'ign_c': 14.810800730363484}.
[I 2026-08-06 00:14:36,367] Trial 496 finished with values: [10.668750418227557, 10.668750418227557] and parameters: {'k1': 3.252245757497282e-05, 'D_low': 1112.9571947046009, 'k2': 3.5917714215176105e-05, 'D_high': 8182.111518618414, 'fire_exp': 2.628617028154096, 'P_half': 63.585411411994926, 'pre_dampen_half': 703.6426675556048, 'gpp_af': 10.25616274847308, 'gpp_b': 3.481277316673104e-05, 'gpp_d': 150.14555442537656, 'ign_k': 0.019192001101561888, 'ign_c': 6.160975294741436}.
[I 2026-08-06 00:14:37,361] Trial 497 finished with values: [-0.5773417081580379, 0.21121450459942637] and parameters: {'k1': 0.0017320535908244437, 'D_low': 532.1216007763549, 'k2': 0.006138509947844854, 'D_high': 75773.14388518519, 'fire_exp': 1.5201277403788451, 'P_half': 14.94057723907974, 'pre_dampen_half': 33.9790424311127, 'gpp_af': 0.028585493941961918, 'gpp_b': 8.539677611488478e-05, 'gpp_d': 668.5510162938966, 'ign_k': 0.09071933427331372, 'ign_c': 14.810800730363484}.
[I 2026-08-06 00:14:38,332] Trial 498 finished with values: [10.392933571881205, 10.392933571881205] and parameters: {'k1': 0.003581820276578069, 'D_low': 38.93835424674703, 'k2': 2.1698375693549493e-05, 'D_high': 75773.14388518519, 'fire_exp': 1.5201277403788451, 'P_half': 2.157758652553991, 'pre_dampen_half': 1.6130673726933187, 'gpp_af': 0.023500440978156005, 'gpp_b': 3.481277316673104e-05, 'gpp_d': 368.30088529547436, 'ign_k': 0.11101191524846071, 'ign_c': 10.140635645866492}.
[I 2026-08-06 00:14:39,291] Trial 499 finished with values: [10.587147692523333, 10.587147692523333] and parameters: {'k1': 0.021368329072358756, 'D_low': 7.068974950624602, 'k2': 3.5917714215176105e-05, 'D_high': 75773.14388518519, 'fire_exp': 1.5201277403788451, 'P_half': 22.4895428439145, 'pre_dampen_half': 304.7488318185732, 'gpp_af': 1.6595781802652418, 'gpp_b': 8.539677611488478e-05, 'gpp_d': 4.5768578731086835, 'ign_k': 0.0026834162496848666, 'ign_c': 862.8009047476764}.
[I 2026-08-06 00:14:40,264] Trial 500 finished with values: [10.768015241029001, 10.768015241029001] and parameters: {'k1': 0.0002656971546588439, 'D_low': 29.89885508829526, 'k2': 0.0004381141781653133, 'D_high': 29.580419692843236, 'fire_exp': 2.5664570832902065, 'P_half': 22.4895428439145, 'pre_dampen_half': 703.6426675556048, 'gpp_af': 29.545818008001255, 'gpp_b': 8.539677611488478e-05, 'gpp_d': 0.19476644406315288, 'ign_k': 0.005877005203443299, 'ign_c': 14.810800730363484}.
[I 2026-08-06 00:14:41,215] Trial 501 finished with values: [10.682963208718004, 10.682963208718004] and parameters: {'k1': 0.03232155805617897, 'D_low': 2.1234210963705626, 'k2': 0.006138509947844854, 'D_high': 83.14160873549643, 'fire_exp': 2.2881850891698634, 'P_half': 8.369109437186466, 'pre_dampen_half': 111.37963167994629, 'gpp_af': 5.511863475708366, 'gpp_b': 0.0024194895091734425, 'gpp_d': 13.076473382928533, 'ign_k': 0.8826264591983531, 'ign_c': 8.671454322584175}.
[I 2026-08-06 00:14:42,183] Trial 502 finished with values: [10.467093739405454, 10.467093739405454] and parameters: {'k1': 0.0029707920514735983, 'D_low': 2.5379946629058443, 'k2': 0.0004381141781653133, 'D_high': 6366.1449945522045, 'fire_exp': 1.633445707733642, 'P_half': 1938.3858782150498, 'pre_dampen_half': 703.6426675556048, 'gpp_af': 0.0025511964576171086, 'gpp_b': 3.228689523591491e-05, 'gpp_d': 0.19476644406315288, 'ign_k': 0.03141110271934876, 'ign_c': 47.268615251255675}.
[I 2026-08-06 00:14:43,119] Trial 503 finished with values: [10.911462134207612, 10.911462134207612] and parameters: {'k1': 0.0017320535908244437, 'D_low': 125.32726386250698, 'k2': 0.0010204225357677778, 'D_high': 75773.14388518519, 'fire_exp': 1.0743210440710231, 'P_half': 22.4895428439145, 'pre_dampen_half': 33.9790424311127, 'gpp_af': 0.0025511964576171086, 'gpp_b': 8.539677611488478e-05, 'gpp_d': 150.14555442537656, 'ign_k': 0.005877005203443299, 'ign_c': 14.810800730363484}.
[I 2026-08-06 00:14:44,249] Trial 504 finished with values: [10.686213670292505, 10.686213670292505] and parameters: {'k1': 0.0002656971546588439, 'D_low': 29.89885508829526, 'k2': 3.5917714215176105e-05, 'D_high': 29.580419692843236, 'fire_exp': 2.196935728020977, 'P_half': 404.266078304289, 'pre_dampen_half': 304.7488318185732, 'gpp_af': 0.47739011308437823, 'gpp_b': 0.028780534359197463, 'gpp_d': 300.3420512048734, 'ign_k': 0.005877005203443299, 'ign_c': 14.810800730363484}.
[I 2026-08-06 00:14:45,234] Trial 505 finished with values: [10.769060782148497, 10.769060782148497] and parameters: {'k1': 3.252245757497282e-05, 'D_low': 29.792392084398863, 'k2': 3.5917714215176105e-05, 'D_high': 8182.111518618414, 'fire_exp': 7.317424494789711, 'P_half': 24.136213194527585, 'pre_dampen_half': 304.7488318185732, 'gpp_af': 0.47739011308437823, 'gpp_b': 3.481277316673104e-05, 'gpp_d': 150.14555442537656, 'ign_k': 0.07813392238162735, 'ign_c': 0.1457050032975653}.
[I 2026-08-06 00:14:46,172] Trial 506 finished with values: [10.047021415824629, 10.047021415824629] and parameters: {'k1': 0.00324789183891923, 'D_low': 1112.9571947046009, 'k2': 0.006138509947844854, 'D_high': 8182.111518618414, 'fire_exp': 1.5201277403788451, 'P_half': 24.136213194527585, 'pre_dampen_half': 111.37963167994629, 'gpp_af': 1.2003722333832936, 'gpp_b': 3.481277316673104e-05, 'gpp_d': 150.14555442537656, 'ign_k': 0.031134168041628628, 'ign_c': 19.19168994439752}.
[I 2026-08-06 00:14:47,140] Trial 507 finished with values: [10.769230768877819, 10.769230768877819] and parameters: {'k1': 0.0002656971546588439, 'D_low': 4.051452710153359, 'k2': 3.5917714215176105e-05, 'D_high': 10316.033434719713, 'fire_exp': 1.5201277403788451, 'P_half': 147.09699119495133, 'pre_dampen_half': 76.86605275420082, 'gpp_af': 35.20481045526041, 'gpp_b': 0.10123867001105968, 'gpp_d': 300.3420512048734, 'ign_k': 0.4702627143647234, 'ign_c': 746.0599239667742}.
[I 2026-08-06 00:14:48,112] Trial 508 finished with values: [10.053196537892374, 10.053196537892374] and parameters: {'k1': 0.0002656971546588439, 'D_low': 125.32726386250698, 'k2': 3.5917714215176105e-05, 'D_high': 29.580419692843236, 'fire_exp': 1.5201277403788451, 'P_half': 63.585411411994926, 'pre_dampen_half': 304.7488318185732, 'gpp_af': 10.25616274847308, 'gpp_b': 0.028780534359197463, 'gpp_d': 300.3420512048734, 'ign_k': 0.005522071973135812, 'ign_c': 1.24801809651176}.
[I 2026-08-06 00:14:49,108] Trial 509 finished with values: [10.632835471866947, 10.632835471866947] and parameters: {'k1': 0.021368329072358756, 'D_low': 7.068974950624602, 'k2': 0.006138509947844854, 'D_high': 8182.111518618414, 'fire_exp': 1.1044852285094786, 'P_half': 2981.897231705516, 'pre_dampen_half': 1.6130673726933187, 'gpp_af': 0.028585493941961918, 'gpp_b': 0.0006082667040432242, 'gpp_d': 4.5768578731086835, 'ign_k': 0.019192001101561888, 'ign_c': 10.140635645866492}.
[I 2026-08-06 00:14:50,075] Trial 510 finished with values: [10.704479124549415, 10.704479124549415] and parameters: {'k1': 0.021368329072358756, 'D_low': 2.1234210963705626, 'k2': 1.1184534120760473e-05, 'D_high': 8182.111518618414, 'fire_exp': 1.5201277403788451, 'P_half': 2.157758652553991, 'pre_dampen_half': 304.7488318185732, 'gpp_af': 0.028585493941961918, 'gpp_b': 5.2308563179361105e-05, 'gpp_d': 39.827466658711515, 'ign_k': 0.017654048052495083, 'ign_c': 2.92043384718141}.
[I 2026-08-06 00:14:51,041] Trial 511 finished with values: [10.291730949295541, 10.291730949295541] and parameters: {'k1': 0.025383218374507292, 'D_low': 18.522006003174383, 'k2': 0.08790311296857814, 'D_high': 1687.3495104568947, 'fire_exp': 1.5201277403788451, 'P_half': 608.3019192425825, 'pre_dampen_half': 14.689898077648792, 'gpp_af': 22.766850248686247, 'gpp_b': 3.481277316673104e-05, 'gpp_d': 891.8036602897795, 'ign_k': 0.017654048052495083, 'ign_c': 9.34330265731847}.
[I 2026-08-06 00:14:51,994] Trial 512 finished with values: [11.277379433874758, 11.277379433874758] and parameters: {'k1': 0.0017320535908244437, 'D_low': 4.051452710153359, 'k2': 3.5917714215176105e-05, 'D_high': 12775.77960461496, 'fire_exp': 1.5201277403788451, 'P_half': 2.157758652553991, 'pre_dampen_half': 304.7488318185732, 'gpp_af': 0.47739011308437823, 'gpp_b': 8.539677611488478e-05, 'gpp_d': 668.5510162938966, 'ign_k': 0.09071933427331372, 'ign_c': 9.34330265731847}.
[I 2026-08-06 00:14:52,962] Trial 513 finished with values: [-0.5067381252721763, 0.20557175705106778] and parameters: {'k1': 6.615437365561391e-05, 'D_low': 1212.5157220460183, 'k2': 1.4378290221680118e-05, 'D_high': 8182.111518618414, 'fire_exp': 1.182396148413737, 'P_half': 4.397766894483963, 'pre_dampen_half': 33.9790424311127, 'gpp_af': 0.028585493941961918, 'gpp_b': 3.228689523591491e-05, 'gpp_d': 668.5510162938966, 'ign_k': 0.019192001101561888, 'ign_c': 2.92043384718141}.
[I 2026-08-06 00:14:53,944] Trial 514 finished with values: [10.055688457091854, 10.055688457091854] and parameters: {'k1': 0.03232155805617897, 'D_low': 98.57545621889057, 'k2': 0.023940483242764706, 'D_high': 1123.9682517242118, 'fire_exp': 1.182396148413737, 'P_half': 8.369109437186466, 'pre_dampen_half': 111.37963167994629, 'gpp_af': 0.0025511964576171086, 'gpp_b': 0.0035057749039614167, 'gpp_d': 63.84398027045259, 'ign_k': 0.03141110271934876, 'ign_c': 8.671454322584175}.
[I 2026-08-06 00:14:54,960] Trial 515 finished with values: [10.499157926738826, 10.499157926738826] and parameters: {'k1': 0.0029707920514735983, 'D_low': 1.54121727098019, 'k2': 0.003198020818004832, 'D_high': 33.4949636434409, 'fire_exp': 1.1044852285094786, 'P_half': 1938.3858782150498, 'pre_dampen_half': 36.876350096203005, 'gpp_af': 0.0025511964576171086, 'gpp_b': 3.228689523591491e-05, 'gpp_d': 5.878566318396007, 'ign_k': 0.019192001101561888, 'ign_c': 2.92043384718141}.
[I 2026-08-06 00:14:55,961] Trial 516 finished with values: [11.225554828962101, 11.225554828962101] and parameters: {'k1': 3.252245757497282e-05, 'D_low': 532.1216007763549, 'k2': 3.5917714215176105e-05, 'D_high': 75773.14388518519, 'fire_exp': 1.5201277403788451, 'P_half': 24.136213194527585, 'pre_dampen_half': 304.7488318185732, 'gpp_af': 0.0025511964576171086, 'gpp_b': 3.481277316673104e-05, 'gpp_d': 150.14555442537656, 'ign_k': 0.09071933427331372, 'ign_c': 14.810800730363484}.
[I 2026-08-06 00:14:57,033] Trial 517 finished with values: [10.30420272778239, 10.30420272778239] and parameters: {'k1': 0.0029707920514735983, 'D_low': 4.051452710153359, 'k2': 3.5917714215176105e-05, 'D_high': 3660.150802571655, 'fire_exp': 1.4665043946307825, 'P_half': 125.61043700013555, 'pre_dampen_half': 36.876350096203005, 'gpp_af': 0.0014542226259417863, 'gpp_b': 8.539677611488478e-05, 'gpp_d': 39.827466658711515, 'ign_k': 0.019192001101561888, 'ign_c': 14.810800730363484}.
[I 2026-08-06 00:14:58,000] Trial 518 finished with values: [10.527824012543537, 10.527824012543537] and parameters: {'k1': 0.0029707920514735983, 'D_low': 1.54121727098019, 'k2': 1.1184534120760473e-05, 'D_high': 48238.23303865264, 'fire_exp': 1.4665043946307825, 'P_half': 408.3047491580097, 'pre_dampen_half': 12.112995966431617, 'gpp_af': 0.0025511964576171086, 'gpp_b': 3.228689523591491e-05, 'gpp_d': 5.878566318396007, 'ign_k': 0.019192001101561888, 'ign_c': 14.810800730363484}.
[I 2026-08-06 00:14:58,974] Trial 519 finished with values: [11.458774497357586, 11.458774497357586] and parameters: {'k1': 0.0029707920514735983, 'D_low': 175.2878790340412, 'k2': 1.1184534120760473e-05, 'D_high': 75773.14388518519, 'fire_exp': 1.3614924220931135, 'P_half': 4.397766894483963, 'pre_dampen_half': 59.66041614891413, 'gpp_af': 0.0025511964576171086, 'gpp_b': 3.228689523591491e-05, 'gpp_d': 5.878566318396007, 'ign_k': 1.5351441568398145, 'ign_c': 0.11049703024154134}.
[I 2026-08-06 00:14:59,985] Trial 520 finished with values: [10.525840510474065, 10.525840510474065] and parameters: {'k1': 0.0008435083887782438, 'D_low': 7.068974950624602, 'k2': 0.006138509947844854, 'D_high': 639.0695092073224, 'fire_exp': 1.1044852285094786, 'P_half': 14.94057723907974, 'pre_dampen_half': 1.6130673726933187, 'gpp_af': 0.028585493941961918, 'gpp_b': 0.0006082667040432242, 'gpp_d': 891.8036602897795, 'ign_k': 0.11101191524846071, 'ign_c': 14.367095138664217}.
[I 2026-08-06 00:15:00,970] Trial 521 finished with values: [10.528893871087297, 10.528893871087297] and parameters: {'k1': 0.0002656971546588439, 'D_low': 29.89885508829526, 'k2': 3.5917714215176105e-05, 'D_high': 29.580419692843236, 'fire_exp': 1.5201277403788451, 'P_half': 24.136213194527585, 'pre_dampen_half': 33.9790424311127, 'gpp_af': 0.028585493941961918, 'gpp_b': 0.011750724729953272, 'gpp_d': 300.3420512048734, 'ign_k': 0.019192001101561888, 'ign_c': 2.92043384718141}.
[I 2026-08-06 00:15:01,953] Trial 522 finished with values: [11.998885520861995, 11.998885520861995] and parameters: {'k1': 0.0029707920514735983, 'D_low': 1.54121727098019, 'k2': 0.0004381141781653133, 'D_high': 75773.14388518519, 'fire_exp': 1.4665043946307825, 'P_half': 39.03214299767183, 'pre_dampen_half': 567.9600794296686, 'gpp_af': 0.0025511964576171086, 'gpp_b': 3.481277316673104e-05, 'gpp_d': 5.878566318396007, 'ign_k': 0.0029460000905108855, 'ign_c': 47.268615251255675}.
[I 2026-08-06 00:15:02,961] Trial 523 finished with values: [-0.503756047185328, 0.1991476359356832] and parameters: {'k1': 0.0029707920514735983, 'D_low': 125.32726386250698, 'k2': 0.0004381141781653133, 'D_high': 233.52156626184438, 'fire_exp': 1.182396148413737, 'P_half': 39.03214299767183, 'pre_dampen_half': 703.6426675556048, 'gpp_af': 0.0025511964576171086, 'gpp_b': 8.539677611488478e-05, 'gpp_d': 0.19476644406315288, 'ign_k': 0.03141110271934876, 'ign_c': 47.268615251255675}.
[I 2026-08-06 00:15:03,921] Trial 524 finished with values: [10.562521765960371, 10.562521765960371] and parameters: {'k1': 0.025383218374507292, 'D_low': 18.522006003174383, 'k2': 4.763991596630584e-05, 'D_high': 6455.595882939566, 'fire_exp': 1.010722707674549, 'P_half': 958.8659498594012, 'pre_dampen_half': 14.689898077648792, 'gpp_af': 22.766850248686247, 'gpp_b': 0.6637926838138378, 'gpp_d': 13.076473382928533, 'ign_k': 3.7173717478250508, 'ign_c': 19.19168994439752}.
