[I 2026-06-11 12:54:40,671] Trial 488 finished with values: [10.768188413615173, 10.768188413615173] and parameters: {'k1': 0.05347027553411487, 'D_low': 236.79352040223893, 'k2': 0.019383858782150494, 'D_high': 1266.9536563782303, 'fire_exp': 1.2060040899560858, 'P_half': 102.93072560417136, 'pre_dampen_half': 4.847666216751353, 'gpp_af': 0.060029341913968644, 'gpp_b': 6.590619977704117, 'gpp_d': 0.7698760608299932, 'ign_k': 4.869640941520899, 'ign_c': 2.2882309479728957, 'trop_agb_crit': 2.100813292597435, 'trop_k_veg': 6.963655030926962, 'fire_amp': 2.7806853670293616}.
[I 2026-06-11 12:54:41,569] Trial 489 finished with values: [10.73562804186826, 10.73562804186826] and parameters: {'k1': 0.0014452451441203328, 'D_low': 2.843767489444367, 'k2': 0.0012030178871154666, 'D_high': 31301.15118850836, 'fire_exp': 1.6901885781909627, 'P_half': 51.10120656497163, 'pre_dampen_half': 1.8575807716793389, 'gpp_af': 1.9998014714101113, 'gpp_b': 0.002416023630607169, 'gpp_d': 0.7698760608299932, 'ign_k': 3.7954792742512957, 'ign_c': 2.2882309479728957, 'trop_agb_crit': 8.0091368834625, 'trop_k_veg': 0.5183533149347164, 'fire_amp': 1.7912500010961188}.
[I 2026-06-11 12:54:42,485] Trial 490 finished with values: [-0.5524438542277961, 0.19170358973920498] and parameters: {'k1': 0.0014452451441203328, 'D_low': 2.843767489444367, 'k2': 0.0012030178871154666, 'D_high': 1266.9536563782303, 'fire_exp': 1.7220686611084326, 'P_half': 51.10120656497163, 'pre_dampen_half': 79.2915624488668, 'gpp_af': 0.007531064950403672, 'gpp_b': 1.4008921101492135e-05, 'gpp_d': 0.7698760608299932, 'ign_k': 3.7954792742512957, 'ign_c': 2.2882309479728957, 'trop_agb_crit': 2.100813292597435, 'trop_k_veg': 1.2749676887479542, 'fire_amp': 1.7912500010961188}.
[I 2026-06-11 12:54:43,390] Trial 491 finished with values: [10.405423261154043, 10.405423261154043] and parameters: {'k1': 9.132348475718357e-05, 'D_low': 1.4002277211577039, 'k2': 3.152468275632564e-05, 'D_high': 1266.9536563782303, 'fire_exp': 1.14171776851287, 'P_half': 1.9678273362633985, 'pre_dampen_half': 4.847666216751353, 'gpp_af': 0.004409093791567215, 'gpp_b': 9.497440085397415e-05, 'gpp_d': 0.47379914349407487, 'ign_k': 0.9419612235978201, 'ign_c': 0.10435856341129002, 'trop_agb_crit': 2.100813292597435, 'trop_k_veg': 0.7808079158649266, 'fire_amp': 2.7806853670293616}.
[I 2026-06-11 12:54:44,487] Trial 492 finished with values: [11.014613889558401, 11.014613889558401] and parameters: {'k1': 0.0029067012153229104, 'D_low': 1.4002277211577039, 'k2': 3.152468275632564e-05, 'D_high': 6682.9607218310075, 'fire_exp': 1.14171776851287, 'P_half': 3.591771421517613, 'pre_dampen_half': 10.931606102061748, 'gpp_af': 2.5017068255320485, 'gpp_b': 9.497440085397415e-05, 'gpp_d': 304.7488318185732, 'ign_k': 0.004775640431359605, 'ign_c': 1.364908766641693, 'trop_agb_crit': 21.086120736447015, 'trop_k_veg': 6.963655030926962, 'fire_amp': 2.804180410489304}.
[I 2026-06-11 12:54:45,407] Trial 493 finished with values: [10.124770081314198, 10.124770081314198] and parameters: {'k1': 5.178197947282869e-05, 'D_low': 236.79352040223893, 'k2': 0.019383858782150494, 'D_high': 6682.9607218310075, 'fire_exp': 1.2060040899560858, 'P_half': 3.591771421517613, 'pre_dampen_half': 4.847666216751353, 'gpp_af': 2.5017068255320485, 'gpp_b': 0.001674375583895437, 'gpp_d': 304.7488318185732, 'ign_k': 0.0032383308053152635, 'ign_c': 1.364908766641693, 'trop_agb_crit': 2.100813292597435, 'trop_k_veg': 4.61686111043599, 'fire_amp': 3.7523365308330816}.
[I 2026-06-11 12:54:46,300] Trial 494 finished with values: [10.38994084678249, 10.38994084678249] and parameters: {'k1': 0.03648456083047798, 'D_low': 1.4002277211577039, 'k2': 0.019383858782150494, 'D_high': 31301.15118850836, 'fire_exp': 1.2060040899560858, 'P_half': 1.859526645713404, 'pre_dampen_half': 3.970724383334912, 'gpp_af': 0.016306190741524337, 'gpp_b': 0.0010520080391520565, 'gpp_d': 0.7698760608299932, 'ign_k': 0.0032383308053152635, 'ign_c': 7.081721844034206, 'trop_agb_crit': 7.332660227137139, 'trop_k_veg': 1.2396985988794134, 'fire_amp': 1.5587346124822492}.
[I 2026-06-11 12:54:47,201] Trial 495 finished with values: [10.671812051870964, 10.671812051870964] and parameters: {'k1': 5.178197947282869e-05, 'D_low': 2067.91871434888, 'k2': 0.0007731571570012607, 'D_high': 1266.9536563782303, 'fire_exp': 1.2060040899560858, 'P_half': 3.591771421517613, 'pre_dampen_half': 1.4270448359329697, 'gpp_af': 0.41874665092828456, 'gpp_b': 0.001674375583895437, 'gpp_d': 1.4397852866783676, 'ign_k': 0.05681482545113266, 'ign_c': 1.364908766641693, 'trop_agb_crit': 2.100813292597435, 'trop_k_veg': 1.6648666152166967, 'fire_amp': 2.7806853670293616}.
[I 2026-06-11 12:54:48,096] Trial 496 finished with values: [-0.660284915947235, 0.1453665917143281] and parameters: {'k1': 5.178197947282869e-05, 'D_low': 9.882278532808778, 'k2': 0.0007731571570012607, 'D_high': 31301.15118850836, 'fire_exp': 1.1633452995374232, 'P_half': 1.859526645713404, 'pre_dampen_half': 37.40930273158252, 'gpp_af': 0.8144272585223832, 'gpp_b': 0.002416023630607169, 'gpp_d': 1.336803341156552, 'ign_k': 0.29415751391396583, 'ign_c': 7.081721844034206, 'trop_agb_crit': 8.0091368834625, 'trop_k_veg': 1.6003641872536711, 'fire_amp': 1.5587346124822492}.
[I 2026-06-11 12:54:48,980] Trial 497 finished with values: [-0.4112477963589464, 0.11821178555740786] and parameters: {'k1': 5.178197947282869e-05, 'D_low': 236.79352040223893, 'k2': 0.0007731571570012607, 'D_high': 31301.15118850836, 'fire_exp': 1.2060040899560858, 'P_half': 3.591771421517613, 'pre_dampen_half': 4.847666216751353, 'gpp_af': 0.41874665092828456, 'gpp_b': 0.001674375583895437, 'gpp_d': 34.18897529667503, 'ign_k': 0.001229921046579313, 'ign_c': 1.364908766641693, 'trop_agb_crit': 2.100813292597435, 'trop_k_veg': 6.963655030926962, 'fire_amp': 2.7806853670293616}.
[I 2026-06-11 12:54:49,928] Trial 498 finished with values: [10.537975935774156, 10.537975935774156] and parameters: {'k1': 0.0003445931091927334, 'D_low': 2186.356344942016, 'k2': 3.152468275632564e-05, 'D_high': 20103.283734409175, 'fire_exp': 1.111738490499784, 'P_half': 157.80309954142965, 'pre_dampen_half': 9.044346216330972, 'gpp_af': 0.004409093791567215, 'gpp_b': 5.0875243087016374e-05, 'gpp_d': 0.47379914349407487, 'ign_k': 0.004105873950290761, 'ign_c': 0.10435856341129002, 'trop_agb_crit': 7.332660227137139, 'trop_k_veg': 0.7808079158649266, 'fire_amp': 1.348912780545359}.
[I 2026-06-11 12:54:50,852] Trial 499 finished with values: [10.171209309607557, 10.171209309607557] and parameters: {'k1': 0.00026539376439360527, 'D_low': 1074.940539517341, 'k2': 1.1417577140741129e-05, 'D_high': 1266.9536563782303, 'fire_exp': 1.111738490499784, 'P_half': 12.262543158860007, 'pre_dampen_half': 189.36639872354493, 'gpp_af': 0.5970408652384318, 'gpp_b': 5.0875243087016374e-05, 'gpp_d': 7.631016235941559, 'ign_k': 0.09256855841989636, 'ign_c': 7.832259769732471, 'trop_agb_crit': 1.8023542850487386, 'trop_k_veg': 5.022956259243681, 'fire_amp': 1.3503088148200095}.
[I 2026-06-11 12:54:51,764] Trial 500 finished with values: [10.60687371074868, 10.60687371074868] and parameters: {'k1': 0.012840669372724958, 'D_low': 2.843767489444367, 'k2': 0.0007731571570012607, 'D_high': 1537.592023548176, 'fire_exp': 1.7505406131449859, 'P_half': 1.859526645713404, 'pre_dampen_half': 75.10418138777538, 'gpp_af': 0.016306190741524337, 'gpp_b': 0.015062722325200045, 'gpp_d': 0.7698760608299932, 'ign_k': 0.0029519227433917453, 'ign_c': 7.081721844034206, 'trop_agb_crit': 21.380932890222198, 'trop_k_veg': 2.520089655463604, 'fire_amp': 1.0759744651553196}.
[I 2026-06-11 12:54:52,666] Trial 501 finished with values: [10.346507253131357, 10.346507253131357] and parameters: {'k1': 0.03648456083047798, 'D_low': 1.4002277211577039, 'k2': 0.019383858782150494, 'D_high': 6682.9607218310075, 'fire_exp': 1.0881065558452814, 'P_half': 102.93072560417136, 'pre_dampen_half': 4.847666216751353, 'gpp_af': 0.41874665092828456, 'gpp_b': 0.001674375583895437, 'gpp_d': 1.4397852866783676, 'ign_k': 0.001229921046579313, 'ign_c': 2.2882309479728957, 'trop_agb_crit': 2.100813292597435, 'trop_k_veg': 6.030247256556128, 'fire_amp': 2.7806853670293616}.
[I 2026-06-11 12:54:53,567] Trial 502 finished with values: [10.658860139233314, 10.658860139233314] and parameters: {'k1': 0.03648456083047798, 'D_low': 236.79352040223893, 'k2': 0.019383858782150494, 'D_high': 315.101491238403, 'fire_exp': 1.2060040899560858, 'P_half': 1.4551749476072258, 'pre_dampen_half': 4.847666216751353, 'gpp_af': 0.07302012718529301, 'gpp_b': 0.00036184510553922684, 'gpp_d': 1.4397852866783676, 'ign_k': 0.0032383308053152635, 'ign_c': 0.4177928311636542, 'trop_agb_crit': 7.332660227137139, 'trop_k_veg': 2.99731137426955, 'fire_amp': 2.7806853670293616}.
[I 2026-06-11 12:54:54,671] Trial 503 finished with values: [10.010003936286791, 10.010003936286791] and parameters: {'k1': 0.00023134781612225627, 'D_low': 2.843767489444367, 'k2': 0.019383858782150494, 'D_high': 32311.521854410956, 'fire_exp': 1.2060040899560858, 'P_half': 51.10120656497163, 'pre_dampen_half': 4.847666216751353, 'gpp_af': 0.060029341913968644, 'gpp_b': 9.497440085397415e-05, 'gpp_d': 304.7488318185732, 'ign_k': 0.9419612235978201, 'ign_c': 1.364908766641693, 'trop_agb_crit': 21.380932890222198, 'trop_k_veg': 6.963655030926962, 'fire_amp': 2.804180410489304}.
[I 2026-06-11 12:54:55,612] Trial 504 finished with values: [15.257296285652728, 15.257296285652728] and parameters: {'k1': 0.0071350717305711155, 'D_low': 2.843767489444367, 'k2': 0.0007731571570012607, 'D_high': 31301.15118850836, 'fire_exp': 1.2060040899560858, 'P_half': 1.859526645713404, 'pre_dampen_half': 189.36639872354493, 'gpp_af': 0.016306190741524337, 'gpp_b': 1.4008921101492135e-05, 'gpp_d': 0.7698760608299932, 'ign_k': 0.8945150807271531, 'ign_c': 7.081721844034206, 'trop_agb_crit': 2.100813292597435, 'trop_k_veg': 1.2396985988794134, 'fire_amp': 1.5587346124822492}.
[I 2026-06-11 12:54:56,971] Trial 505 finished with values: [10.519363198079384, 10.519363198079384] and parameters: {'k1': 0.0012752949611679993, 'D_low': 236.79352040223893, 'k2': 0.019383858782150494, 'D_high': 6682.9607218310075, 'fire_exp': 1.2060040899560858, 'P_half': 882.2833027501578, 'pre_dampen_half': 20.84599542460349, 'gpp_af': 0.004531316405029204, 'gpp_b': 0.001674375583895437, 'gpp_d': 304.7488318185732, 'ign_k': 0.0032383308053152635, 'ign_c': 2.2882309479728957, 'trop_agb_crit': 7.332660227137139, 'trop_k_veg': 1.6648666152166967, 'fire_amp': 2.7806853670293616}.
[I 2026-06-11 12:54:57,924] Trial 506 finished with values: [-0.5830064150920597, 0.05628581411208167] and parameters: {'k1': 0.08006837661379566, 'D_low': 236.79352040223893, 'k2': 0.019383858782150494, 'D_high': 6682.9607218310075, 'fire_exp': 1.2060040899560858, 'P_half': 3.591771421517613, 'pre_dampen_half': 4.847666216751353, 'gpp_af': 0.41874665092828456, 'gpp_b': 0.001674375583895437, 'gpp_d': 1.4397852866783676, 'ign_k': 0.0032383308053152635, 'ign_c': 2.226297338331262, 'trop_agb_crit': 2.100813292597435, 'trop_k_veg': 0.828441460847982, 'fire_amp': 2.7806853670293616}.
[I 2026-06-11 12:54:58,823] Trial 507 finished with values: [-0.5040103414758821, 0.1281157305581112] and parameters: {'k1': 0.0007916322947490366, 'D_low': 2.843767489444367, 'k2': 0.019383858782150494, 'D_high': 6682.9607218310075, 'fire_exp': 1.2060040899560858, 'P_half': 1.4551749476072258, 'pre_dampen_half': 4.847666216751353, 'gpp_af': 2.5184956910855436, 'gpp_b': 0.001674375583895437, 'gpp_d': 1.4397852866783676, 'ign_k': 0.0032383308053152635, 'ign_c': 22.126836566118193, 'trop_agb_crit': 1.8023542850487386, 'trop_k_veg': 0.6108091740265464, 'fire_amp': 2.7806853670293616}.
[I 2026-06-11 12:54:59,729] Trial 508 finished with values: [10.312903062920869, 10.312903062920869] and parameters: {'k1': 0.03648456083047798, 'D_low': 2.843767489444367, 'k2': 0.0007731571570012607, 'D_high': 1537.592023548176, 'fire_exp': 1.2798881300289222, 'P_half': 45.55085098454082, 'pre_dampen_half': 4.847666216751353, 'gpp_af': 0.016306190741524337, 'gpp_b': 0.001674375583895437, 'gpp_d': 1.4397852866783676, 'ign_k': 2.3805746020770413, 'ign_c': 1.364908766641693, 'trop_agb_crit': 12.9667438075127, 'trop_k_veg': 1.2396985988794134, 'fire_amp': 2.7806853670293616}.
[I 2026-06-11 12:55:00,680] Trial 509 finished with values: [10.308631553645782, 10.308631553645782] and parameters: {'k1': 9.132348475718357e-05, 'D_low': 236.79352040223893, 'k2': 0.019383858782150494, 'D_high': 1266.9536563782303, 'fire_exp': 1.2060040899560858, 'P_half': 1.4551749476072258, 'pre_dampen_half': 4.847666216751353, 'gpp_af': 2.5017068255320485, 'gpp_b': 0.001674375583895437, 'gpp_d': 545.0253444559129, 'ign_k': 0.004105873950290761, 'ign_c': 1.364908766641693, 'trop_agb_crit': 1.8023542850487386, 'trop_k_veg': 6.963655030926962, 'fire_amp': 1.4475279918261055}.
[I 2026-06-11 12:55:01,599] Trial 510 finished with values: [-0.527163168262725, 0.12277316690183582] and parameters: {'k1': 0.0012752949611679993, 'D_low': 236.79352040223893, 'k2': 0.019383858782150494, 'D_high': 6682.9607218310075, 'fire_exp': 1.2060040899560858, 'P_half': 3.591771421517613, 'pre_dampen_half': 4.847666216751353, 'gpp_af': 2.5017068255320485, 'gpp_b': 0.001674375583895437, 'gpp_d': 1.4397852866783676, 'ign_k': 0.0032383308053152635, 'ign_c': 2.2882309479728957, 'trop_agb_crit': 2.100813292597435, 'trop_k_veg': 4.667598965682156, 'fire_amp': 2.7806853670293616}.
[I 2026-06-11 12:55:02,502] Trial 511 finished with values: [11.603414004279406, 11.603414004279406] and parameters: {'k1': 9.132348475718357e-05, 'D_low': 236.79352040223893, 'k2': 0.019383858782150494, 'D_high': 6682.9607218310075, 'fire_exp': 1.2060040899560858, 'P_half': 436.4516946807792, 'pre_dampen_half': 75.10418138777538, 'gpp_af': 2.5017068255320485, 'gpp_b': 0.001674375583895437, 'gpp_d': 304.7488318185732, 'ign_k': 4.869640941520899, 'ign_c': 1.364908766641693, 'trop_agb_crit': 2.100813292597435, 'trop_k_veg': 6.963655030926962, 'fire_amp': 2.7806853670293616}.
[I 2026-06-11 12:55:03,395] Trial 512 finished with values: [10.998552962412486, 10.998552962412486] and parameters: {'k1': 0.0021949137421473017, 'D_low': 2.843767489444367, 'k2': 0.0007731571570012607, 'D_high': 6682.9607218310075, 'fire_exp': 1.2060040899560858, 'P_half': 2.226799690893868, 'pre_dampen_half': 189.36639872354493, 'gpp_af': 0.016306190741524337, 'gpp_b': 0.007579368252801536, 'gpp_d': 1.4397852866783676, 'ign_k': 0.8945150807271531, 'ign_c': 7.832259769732471, 'trop_agb_crit': 12.9667438075127, 'trop_k_veg': 2.99731137426955, 'fire_amp': 1.5587346124822492}.
[I 2026-06-11 12:55:04,291] Trial 513 finished with values: [-0.5597351553712477, 0.11485072451299239] and parameters: {'k1': 0.0014452451441203328, 'D_low': 2.843767489444367, 'k2': 0.0012030178871154666, 'D_high': 1266.9536563782303, 'fire_exp': 1.2798881300289222, 'P_half': 436.4516946807792, 'pre_dampen_half': 75.10418138777538, 'gpp_af': 0.060029341913968644, 'gpp_b': 0.002416023630607169, 'gpp_d': 0.7698760608299932, 'ign_k': 4.869640941520899, 'ign_c': 11.903394335305014, 'trop_agb_crit': 2.100813292597435, 'trop_k_veg': 6.963655030926962, 'fire_amp': 3.7523365308330816}.
[I 2026-06-11 12:55:05,239] Trial 514 finished with values: [10.174291462255965, 10.174291462255965] and parameters: {'k1': 5.178197947282869e-05, 'D_low': 2186.356344942016, 'k2': 0.0007731571570012607, 'D_high': 1266.9536563782303, 'fire_exp': 1.1633452995374232, 'P_half': 1.859526645713404, 'pre_dampen_half': 189.36639872354493, 'gpp_af': 37.28155624293858, 'gpp_b': 0.002416023630607169, 'gpp_d': 1.336803341156552, 'ign_k': 0.09256855841989636, 'ign_c': 7.832259769732471, 'trop_agb_crit': 1.8023542850487386, 'trop_k_veg': 1.6648666152166967, 'fire_amp': 1.5587346124822492}.
[I 2026-06-11 12:55:06,167] Trial 515 finished with values: [10.769210878300088, 10.769210878300088] and parameters: {'k1': 0.006079905434073396, 'D_low': 2972.248537653567, 'k2': 0.0007731571570012607, 'D_high': 1266.9536563782303, 'fire_exp': 1.7505406131449859, 'P_half': 102.93072560417136, 'pre_dampen_half': 37.40930273158252, 'gpp_af': 0.004531316405029204, 'gpp_b': 0.002416023630607169, 'gpp_d': 1.4397852866783676, 'ign_k': 0.0032383308053152635, 'ign_c': 0.6658322706867178, 'trop_agb_crit': 2.100813292597435, 'trop_k_veg': 0.5183533149347164, 'fire_amp': 2.7806853670293616}.
[I 2026-06-11 12:55:07,071] Trial 516 finished with values: [10.077678865981287, 10.077678865981287] and parameters: {'k1': 0.03648456083047798, 'D_low': 236.79352040223893, 'k2': 0.0007731571570012607, 'D_high': 6682.9607218310075, 'fire_exp': 1.2060040899560858, 'P_half': 3.591771421517613, 'pre_dampen_half': 4.847666216751353, 'gpp_af': 0.41874665092828456, 'gpp_b': 0.001674375583895437, 'gpp_d': 1.4397852866783676, 'ign_k': 0.002803357452303278, 'ign_c': 99.96359851911319, 'trop_agb_crit': 2.100813292597435, 'trop_k_veg': 0.828441460847982, 'fire_amp': 5.44779717154213}.
[I 2026-06-11 12:55:07,967] Trial 517 finished with values: [-0.6582637558969013, 0.043909373062148815] and parameters: {'k1': 0.03648456083047798, 'D_low': 235.39834531862078, 'k2': 0.0012030178871154666, 'D_high': 6682.9607218310075, 'fire_exp': 1.2060040899560858, 'P_half': 114.62237838612074, 'pre_dampen_half': 75.10418138777538, 'gpp_af': 0.41874665092828456, 'gpp_b': 0.015062722325200045, 'gpp_d': 0.1619054449471649, 'ign_k': 0.09256855841989636, 'ign_c': 1.364908766641693, 'trop_agb_crit': 3.3933702290907823, 'trop_k_veg': 1.056284487623406, 'fire_amp': 1.7912500010961188}.
[I 2026-06-11 12:55:08,849] Trial 518 finished with values: [10.465511474851125, 10.465511474851125] and parameters: {'k1': 0.0029067012153229104, 'D_low': 236.79352040223893, 'k2': 3.152468275632564e-05, 'D_high': 16.91793781734267, 'fire_exp': 1.6901885781909627, 'P_half': 3.591771421517613, 'pre_dampen_half': 9.044346216330972, 'gpp_af': 2.5017068255320485, 'gpp_b': 0.001674375583895437, 'gpp_d': 304.7488318185732, 'ign_k': 0.0032383308053152635, 'ign_c': 1.364908766641693, 'trop_agb_crit': 2.100813292597435, 'trop_k_veg': 6.963655030926962, 'fire_amp': 3.7523365308330816}.
[I 2026-06-11 12:55:09,773] Trial 519 finished with values: [10.110271929789553, 10.110271929789553] and parameters: {'k1': 0.00026539376439360527, 'D_low': 236.79352040223893, 'k2': 0.019383858782150494, 'D_high': 1817.0401889219124, 'fire_exp': 1.5191397119156032, 'P_half': 1.4551749476072258, 'pre_dampen_half': 189.36639872354493, 'gpp_af': 0.060029341913968644, 'gpp_b': 0.015382154459808445, 'gpp_d': 1.4397852866783676, 'ign_k': 0.0032383308053152635, 'ign_c': 1.364908766641693, 'trop_agb_crit': 5.588032458772675, 'trop_k_veg': 2.724170387400844, 'fire_amp': 2.7806853670293616}.
[I 2026-06-11 12:55:10,726] Trial 520 finished with values: [10.456732688484953, 10.456732688484953] and parameters: {'k1': 0.0012752949611679993, 'D_low': 235.39834531862078, 'k2': 0.0012030178871154666, 'D_high': 6682.9607218310075, 'fire_exp': 1.2798881300289222, 'P_half': 436.4516946807792, 'pre_dampen_half': 4.847666216751353, 'gpp_af': 2.5017068255320485, 'gpp_b': 0.015062722325200045, 'gpp_d': 1.4397852866783676, 'ign_k': 4.869640941520899, 'ign_c': 1.364908766641693, 'trop_agb_crit': 2.100813292597435, 'trop_k_veg': 4.667598965682156, 'fire_amp': 5.3557573266024745}.
[I 2026-06-11 12:55:11,667] Trial 521 finished with values: [-0.427660604399708, 0.14748594502503753] and parameters: {'k1': 0.08006837661379566, 'D_low': 1.4002277211577039, 'k2': 0.019383858782150494, 'D_high': 6682.9607218310075, 'fire_exp': 1.14171776851287, 'P_half': 3.591771421517613, 'pre_dampen_half': 4.847666216751353, 'gpp_af': 0.004409093791567215, 'gpp_b': 0.001674375583895437, 'gpp_d': 0.47379914349407487, 'ign_k': 0.9419612235978201, 'ign_c': 0.10435856341129002, 'trop_agb_crit': 2.100813292597435, 'trop_k_veg': 0.7808079158649266, 'fire_amp': 2.7806853670293616}.
[I 2026-06-11 12:55:12,558] Trial 522 finished with values: [-0.6384081721655055, 0.06258171814529312] and parameters: {'k1': 0.03648456083047798, 'D_low': 235.39834531862078, 'k2': 0.019383858782150494, 'D_high': 6682.9607218310075, 'fire_exp': 1.2798881300289222, 'P_half': 436.4516946807792, 'pre_dampen_half': 75.10418138777538, 'gpp_af': 0.41874665092828456, 'gpp_b': 0.015062722325200045, 'gpp_d': 0.7698760608299932, 'ign_k': 4.869640941520899, 'ign_c': 1.364908766641693, 'trop_agb_crit': 2.100813292597435, 'trop_k_veg': 6.963655030926962, 'fire_amp': 1.7912500010961188}.
[I 2026-06-11 12:55:13,492] Trial 523 finished with values: [10.75971540557225, 10.75971540557225] and parameters: {'k1': 0.0029067012153229104, 'D_low': 1.4002277211577039, 'k2': 3.152468275632564e-05, 'D_high': 20103.283734409175, 'fire_exp': 1.0948220627025493, 'P_half': 3.591771421517613, 'pre_dampen_half': 0.04078961160746153, 'gpp_af': 2.5184956910855436, 'gpp_b': 0.005166473066540598, 'gpp_d': 467.0625946819548, 'ign_k': 0.018391807805583135, 'ign_c': 1.364908766641693, 'trop_agb_crit': 5.613675661974366, 'trop_k_veg': 0.7808079158649266, 'fire_amp': 2.7806853670293616}.
[I 2026-06-11 12:55:14,416] Trial 524 finished with values: [11.187529453810468, 11.187529453810468] and parameters: {'k1': 0.0007916322947490366, 'D_low': 1.4002277211577039, 'k2': 0.019383858782150494, 'D_high': 6682.9607218310075, 'fire_exp': 1.14171776851287, 'P_half': 1.4551749476072258, 'pre_dampen_half': 9.044346216330972, 'gpp_af': 2.5184956910855436, 'gpp_b': 9.497440085397415e-05, 'gpp_d': 0.47379914349407487, 'ign_k': 0.0032383308053152635, 'ign_c': 0.14665316366397016, 'trop_agb_crit': 1.8023542850487386, 'trop_k_veg': 0.6108091740265464, 'fire_amp': 2.7806853670293616}.
