[I 2026-07-25 00:30:51,863] Trial 184 finished with value: 0.489747230209824 and parameters: {'k1': 0.000858813728324793, 'D_low': 3.7547573167309416, 'k2': 0.0001377875754486211, 'D_high': 68141.56573411301, 'fire_exp': 1.4179296159588968, 'P_half': 264.9659883216681, 'pre_dampen_half': 186.40151613491656, 'gpp_af': 0.0035068627484279072, 'gpp_b': 0.0008999991567470029, 'gpp_d': 274.29794757621727, 'ign_k': 0.0013598480652865304, 'ign_c': 136.1695767263984, 'trop_agb_crit': 8.188443226626795, 'trop_k_veg': 6.231821068140835, 'gdp_gamma': 1.7023942132883925, 'cure_k': 0.00820220208397918, 'cure_p_min': 323.7325387207475, 'cure_gpp_ref': 0.8841786370626901, 'cure_agb_crit': 1.117279125340235, 'fuel_k': 0.051967916714797835, 'fuel_half': 2.7372206479324452}. Best is trial 0 with value: -0.6232552202351066.
[I 2026-07-25 00:30:52,303] Trial 185 finished with value: -0.5337860669361291 and parameters: {'k1': 0.0005671511351273503, 'D_low': 3.0872360881497025, 'k2': 2.6105145764592465e-05, 'D_high': 10883.894041805555, 'fire_exp': 1.0628971157458798, 'P_half': 996.5676839600411, 'pre_dampen_half': 36.171577065773555, 'gpp_af': 0.00966960217088237, 'gpp_b': 0.0012818177196707973, 'gpp_d': 0.4259131508285249, 'ign_k': 0.002170486631145388, 'ign_c': 3.664788375778474, 'trop_agb_crit': 7.899523483424938, 'trop_k_veg': 1.574763575662493, 'gdp_gamma': 0.1676415241579098, 'cure_k': 0.2884239009626015, 'cure_p_min': 292.94712638279105, 'cure_gpp_ref': 0.15080387413039043, 'cure_agb_crit': 1.9701077588556086, 'fuel_k': 0.039717684424877865, 'fuel_half': 0.790401298307885}. Best is trial 0 with value: -0.6232552202351066.
[I 2026-07-25 00:30:52,752] Trial 186 finished with value: 0.4265319413709785 and parameters: {'k1': 0.00426742215349117, 'D_low': 1.6341759585788214, 'k2': 4.3983932914868894e-05, 'D_high': 707585.4433924529, 'fire_exp': 2.5764362009544466, 'P_half': 22.00403788745564, 'pre_dampen_half': 346.3165338643195, 'gpp_af': 0.02317424953982239, 'gpp_b': 1.083979535424624e-05, 'gpp_d': 100.66673160383716, 'ign_k': 0.001192006046036696, 'ign_c': 901.7489951033608, 'trop_agb_crit': 23.703096924054382, 'trop_k_veg': 4.193585974321755, 'gdp_gamma': 0.5428407346818347, 'cure_k': 0.18886290845505485, 'cure_p_min': 245.49867269295174, 'cure_gpp_ref': 1.2683481846844318, 'cure_agb_crit': 1.2360805914267097, 'fuel_k': 0.1622153449295363, 'fuel_half': 0.19652154660351143}. Best is trial 0 with value: -0.6232552202351066.
[I 2026-07-25 00:30:53,210] Trial 187 finished with value: 0.4252143506354844 and parameters: {'k1': 0.00043235861279884594, 'D_low': 5.548853721600804, 'k2': 0.013716776308466032, 'D_high': 2246680.9397088713, 'fire_exp': 1.0757468415404374, 'P_half': 278.7809766153226, 'pre_dampen_half': 30.88863143580435, 'gpp_af': 0.0032515336969712143, 'gpp_b': 2.822291141221971e-05, 'gpp_d': 757.8144548448182, 'ign_k': 0.0026171139599909642, 'ign_c': 424.0345262714565, 'trop_agb_crit': 3.9440528750744446, 'trop_k_veg': 0.6867083535365948, 'gdp_gamma': 1.094419899097302, 'cure_k': 0.03580541979757053, 'cure_p_min': 164.3676444201868, 'cure_gpp_ref': 1.0766349321457132, 'cure_agb_crit': 4.204669325858502, 'fuel_k': 0.014616859920400467, 'fuel_half': 2.5056266583818116}. Best is trial 0 with value: -0.6232552202351066.
[I 2026-07-25 00:30:53,658] Trial 188 finished with value: 0.4787659145493397 and parameters: {'k1': 0.0980789061682626, 'D_low': 48.27618906619571, 'k2': 0.00221341799905636, 'D_high': 13114.744958497144, 'fire_exp': 1.1770026877707038, 'P_half': 138.3551140582383, 'pre_dampen_half': 103.12154839719952, 'gpp_af': 0.054900651421874155, 'gpp_b': 1.1169576784438393e-05, 'gpp_d': 395.6761461766571, 'ign_k': 0.001326843556583846, 'ign_c': 169.50744357406873, 'trop_agb_crit': 7.143372963844826, 'trop_k_veg': 0.6220460558779546, 'gdp_gamma': 0.3746489904532764, 'cure_k': 0.002401556860452766, 'cure_p_min': 358.0519149244152, 'cure_gpp_ref': 0.09169246375083792, 'cure_agb_crit': 3.958918012020808, 'fuel_k': 0.07210595155946137, 'fuel_half': 4.572567078311153}. Best is trial 0 with value: -0.6232552202351066.
[I 2026-07-25 00:30:54,103] Trial 189 finished with value: -0.6014524748732659 and parameters: {'k1': 0.003118204055983874, 'D_low': 26.3553480039964, 'k2': 0.0009447760596889104, 'D_high': 6298428.984534256, 'fire_exp': 1.188384192244728, 'P_half': 494.4950782760587, 'pre_dampen_half': 3.1561059745308255, 'gpp_af': 0.0021789673503964276, 'gpp_b': 0.000126249312012745, 'gpp_d': 924.0957817084503, 'ign_k': 0.005669191452337544, 'ign_c': 25.70551387379571, 'trop_agb_crit': 15.629457423107983, 'trop_k_veg': 1.1880573291620993, 'gdp_gamma': 0.4687471888602578, 'cure_k': 0.0013951539221146818, 'cure_p_min': 120.6139835248666, 'cure_gpp_ref': 0.17354583925741407, 'cure_agb_crit': 5.094385411418861, 'fuel_k': 0.023013662991700722, 'fuel_half': 20.232093712985336}. Best is trial 0 with value: -0.6232552202351066.
[I 2026-07-25 00:30:54,550] Trial 190 finished with value: 0.603134043779903 and parameters: {'k1': 0.00012156624289087859, 'D_low': 131.2046533161529, 'k2': 9.840617548574878e-05, 'D_high': 2093930.853167329, 'fire_exp': 3.213224999639671, 'P_half': 507.99084193293555, 'pre_dampen_half': 3.60892965969881, 'gpp_af': 0.001247577350872529, 'gpp_b': 0.025919706208194802, 'gpp_d': 745.8787463630543, 'ign_k': 0.005341951086977897, 'ign_c': 4.493330111738555, 'trop_agb_crit': 12.049029339413087, 'trop_k_veg': 1.851770456364362, 'gdp_gamma': 0.1338591691298825, 'cure_k': 0.004947836535077828, 'cure_p_min': 80.52689509190867, 'cure_gpp_ref': 0.08432378134575058, 'cure_agb_crit': 5.194468298928563, 'fuel_k': 0.023258205324150544, 'fuel_half': 8.901461210724957}. Best is trial 0 with value: -0.6232552202351066.
[I 2026-07-25 00:30:54,994] Trial 191 finished with value: 0.39821589096090215 and parameters: {'k1': 0.004118247970109668, 'D_low': 318.42049813506003, 'k2': 0.0006523420668822271, 'D_high': 2079751.46830798, 'fire_exp': 1.264581829222692, 'P_half': 295.89540079245864, 'pre_dampen_half': 3.3791819491988453, 'gpp_af': 0.00422171580664137, 'gpp_b': 3.2738559958408876e-05, 'gpp_d': 70.4898702358453, 'ign_k': 0.02412300740071439, 'ign_c': 25.517779131605632, 'trop_agb_crit': 9.04580556853147, 'trop_k_veg': 1.6307768565323846, 'gdp_gamma': 1.3029326749751875, 'cure_k': 0.002197157333984992, 'cure_p_min': 205.63593618538388, 'cure_gpp_ref': 0.4088748096147895, 'cure_agb_crit': 4.578612339023517, 'fuel_k': 0.05721648336319516, 'fuel_half': 29.73205402129424}. Best is trial 0 with value: -0.6232552202351066.
[I 2026-07-25 00:30:55,442] Trial 192 finished with value: 0.5812747172345136 and parameters: {'k1': 8.582866146847584e-05, 'D_low': 3092.4234059826745, 'k2': 2.263149144153354e-05, 'D_high': 25539.75283762404, 'fire_exp': 2.130832415918122, 'P_half': 123.2541203150695, 'pre_dampen_half': 468.39926147914844, 'gpp_af': 0.028966602947991107, 'gpp_b': 1.2080403814601362e-05, 'gpp_d': 25.34633001866046, 'ign_k': 0.0016608980833808836, 'ign_c': 118.21678050664454, 'trop_agb_crit': 8.75031907776216, 'trop_k_veg': 5.198178001781552, 'gdp_gamma': 0.4172161460363396, 'cure_k': 0.007168008593864166, 'cure_p_min': 287.64813798569014, 'cure_gpp_ref': 0.3224981583115412, 'cure_agb_crit': 1.0656225084884106, 'fuel_k': 0.24969749419110793, 'fuel_half': 0.7770018247606035}. Best is trial 0 with value: -0.6232552202351066.
[I 2026-07-25 00:30:55,887] Trial 193 finished with value: 0.4670296619669062 and parameters: {'k1': 0.0022927712137320315, 'D_low': 522.3348464087035, 'k2': 0.004003081323288714, 'D_high': 354371.3749110149, 'fire_exp': 2.2343476781189002, 'P_half': 33.39809864964293, 'pre_dampen_half': 90.13345445472767, 'gpp_af': 0.003756931266086198, 'gpp_b': 0.005614349004272854, 'gpp_d': 83.77111959895636, 'ign_k': 0.08571857630116003, 'ign_c': 0.5101994447158205, 'trop_agb_crit': 17.01197252357758, 'trop_k_veg': 2.3408163314683423, 'gdp_gamma': 0.42615079041508425, 'cure_k': 0.0026471806647726396, 'cure_p_min': 261.22455344649796, 'cure_gpp_ref': 0.13531843683390213, 'cure_agb_crit': 2.5572342838498705, 'fuel_k': 0.37964448423219105, 'fuel_half': 97.57220766500791}. Best is trial 0 with value: -0.6232552202351066.
[I 2026-07-25 00:30:56,341] Trial 194 finished with value: 0.5164395593202482 and parameters: {'k1': 4.0897063104064236e-05, 'D_low': 33.2688296357487, 'k2': 1.3135523038020783e-05, 'D_high': 1083.0982972605814, 'fire_exp': 1.307959396821324, 'P_half': 200.69182439745185, 'pre_dampen_half': 0.7941966802307454, 'gpp_af': 0.0027510345109132243, 'gpp_b': 0.00013880445694919378, 'gpp_d': 628.0050466716829, 'ign_k': 0.001763908862595782, 'ign_c': 60.20154330639159, 'trop_agb_crit': 6.896862298455147, 'trop_k_veg': 2.5537122089853153, 'gdp_gamma': 1.8562109476343553, 'cure_k': 0.022531831792304665, 'cure_p_min': 271.5257848385075, 'cure_gpp_ref': 0.12681928224634514, 'cure_agb_crit': 1.3387541561602307, 'fuel_k': 0.3756116666080329, 'fuel_half': 0.9577390225905725}. Best is trial 0 with value: -0.6232552202351066.
[I 2026-07-25 00:30:56,794] Trial 195 finished with value: 0.3952870285845309 and parameters: {'k1': 0.0026747343572582623, 'D_low': 6.030233735631779, 'k2': 0.013580507478444116, 'D_high': 616148.8902603616, 'fire_exp': 1.3968388557148468, 'P_half': 232.29320921751264, 'pre_dampen_half': 41.200100762974905, 'gpp_af': 0.0067878520150160574, 'gpp_b': 5.486221773570736e-05, 'gpp_d': 297.03695157801235, 'ign_k': 0.004199778538210206, 'ign_c': 15.371825059175857, 'trop_agb_crit': 6.796735760296014, 'trop_k_veg': 0.9974042662686575, 'gdp_gamma': 0.45153026790435213, 'cure_k': 0.0014205272304183734, 'cure_p_min': 199.83228887972726, 'cure_gpp_ref': 0.9122366046028794, 'cure_agb_crit': 6.578952626592984, 'fuel_k': 0.020152578736867665, 'fuel_half': 58.10367585591942}. Best is trial 0 with value: -0.6232552202351066.
[I 2026-07-25 00:30:57,246] Trial 196 finished with value: -0.5755477280604541 and parameters: {'k1': 4.652095077934933e-05, 'D_low': 228.30334369850905, 'k2': 0.000540120785114153, 'D_high': 14465.07989740602, 'fire_exp': 1.783265643439304, 'P_half': 28.67459409382445, 'pre_dampen_half': 2.899118095659016, 'gpp_af': 0.005865238162206832, 'gpp_b': 2.8703395679522492e-05, 'gpp_d': 245.6151772304782, 'ign_k': 0.0012798588468040865, 'ign_c': 4.011656425737958, 'trop_agb_crit': 6.623755461249943, 'trop_k_veg': 5.462496831839032, 'gdp_gamma': 1.015390917446885, 'cure_k': 0.1200901667738261, 'cure_p_min': 356.29043581357644, 'cure_gpp_ref': 0.2503237004066716, 'cure_agb_crit': 1.2197409904888514, 'fuel_k': 0.021025367377624296, 'fuel_half': 1.1235550682888917}. Best is trial 0 with value: -0.6232552202351066.
[I 2026-07-25 00:30:57,698] Trial 197 finished with value: 0.5280128154473769 and parameters: {'k1': 0.0002850755052349853, 'D_low': 5.021053115230837, 'k2': 0.0008658519835876155, 'D_high': 3323678.9345200607, 'fire_exp': 1.2086529683435479, 'P_half': 3008.499789295015, 'pre_dampen_half': 0.549784438530049, 'gpp_af': 0.017887144104637487, 'gpp_b': 0.0012275541696597206, 'gpp_d': 587.9985965153156, 'ign_k': 0.010608316679979425, 'ign_c': 36.379461549673735, 'trop_agb_crit': 17.51280613507142, 'trop_k_veg': 0.6118851766832087, 'gdp_gamma': 1.7096367673136361, 'cure_k': 0.01273949411651581, 'cure_p_min': 155.000403426978, 'cure_gpp_ref': 0.14483547578802008, 'cure_agb_crit': 6.103104456286504, 'fuel_k': 0.06829860508427778, 'fuel_half': 5.756540111534691}. Best is trial 0 with value: -0.6232552202351066.
[I 2026-07-25 00:30:58,147] Trial 198 finished with value: -0.5305946435590179 and parameters: {'k1': 3.6186509598798485e-05, 'D_low': 2842.3533825717464, 'k2': 0.0012744747110643836, 'D_high': 5246.240164166412, 'fire_exp': 2.965779825899719, 'P_half': 124.31274267770584, 'pre_dampen_half': 1.6222693116017555, 'gpp_af': 0.0015450972510293065, 'gpp_b': 7.86198598239532e-05, 'gpp_d': 418.17193208445747, 'ign_k': 0.002272981602063568, 'ign_c': 2.9795764345844558, 'trop_agb_crit': 2.7529132048339697, 'trop_k_veg': 5.369646552616156, 'gdp_gamma': 1.7953258787961144, 'cure_k': 0.19757834126162163, 'cure_p_min': 389.8637485112582, 'cure_gpp_ref': 0.1334896860975144, 'cure_agb_crit': 1.4455835184910817, 'fuel_k': 0.019172031899363104, 'fuel_half': 0.9452569097137182}. Best is trial 0 with value: -0.6232552202351066.
[I 2026-07-25 00:30:58,614] Trial 199 finished with value: 0.46230977171092213 and parameters: {'k1': 1.4256542472958212e-05, 'D_low': 36973.44047493075, 'k2': 0.0009917098829021697, 'D_high': 8639.134448333372, 'fire_exp': 3.8388310110634234, 'P_half': 327.2168905482124, 'pre_dampen_half': 0.14695950878835526, 'gpp_af': 0.00490918314766683, 'gpp_b': 0.0011505952050674696, 'gpp_d': 267.78779744752063, 'ign_k': 0.002873849170924667, 'ign_c': 0.429735780409415, 'trop_agb_crit': 1.9782276770727334, 'trop_k_veg': 6.860112809790379, 'gdp_gamma': 0.9862433455927627, 'cure_k': 0.13575680702412857, 'cure_p_min': 387.8342390714472, 'cure_gpp_ref': 0.1352849031985284, 'cure_agb_crit': 1.2822561687950575, 'fuel_k': 0.06839043926488544, 'fuel_half': 0.6145981743249014}. Best is trial 0 with value: -0.6232552202351066.
[I 2026-07-25 00:30:59,097] Trial 200 finished with value: -0.5186981929584137 and parameters: {'k1': 0.0014412823485586293, 'D_low': 5.960348287304727, 'k2': 3.3871218557276926e-05, 'D_high': 1818.71608776237, 'fire_exp': 1.4066274676656876, 'P_half': 418.2480018964672, 'pre_dampen_half': 0.9274009647367081, 'gpp_af': 0.015975818184664037, 'gpp_b': 0.005723074932352981, 'gpp_d': 0.040147070661719346, 'ign_k': 0.0017119005886098014, 'ign_c': 6.674084614718818, 'trop_agb_crit': 5.860293279148548, 'trop_k_veg': 1.2701118633605286, 'gdp_gamma': 0.00566746514602822, 'cure_k': 0.4390420121852227, 'cure_p_min': 254.45650823025886, 'cure_gpp_ref': 0.06902325559268774, 'cure_agb_crit': 1.6408137401054044, 'fuel_k': 0.11345374490818219, 'fuel_half': 5.849460496647484}. Best is trial 0 with value: -0.6232552202351066.
[I 2026-07-25 00:30:59,550] Trial 201 finished with value: -0.5140101264420383 and parameters: {'k1': 0.004368870252915913, 'D_low': 52.77657158563827, 'k2': 0.001959597063193515, 'D_high': 1205293.2643568353, 'fire_exp': 1.3820577301700137, 'P_half': 131.00192632481927, 'pre_dampen_half': 14.54949254244998, 'gpp_af': 0.0074982852039422974, 'gpp_b': 0.00020040649685149897, 'gpp_d': 503.7399409222525, 'ign_k': 0.0014424210897731457, 'ign_c': 71.97857041619251, 'trop_agb_crit': 6.619778236962021, 'trop_k_veg': 0.9587289609416152, 'gdp_gamma': 0.02713628331213645, 'cure_k': 0.001263578081646996, 'cure_p_min': 84.05165982489251, 'cure_gpp_ref': 0.056937188773438015, 'cure_agb_crit': 6.382375508687323, 'fuel_k': 0.015016251621830044, 'fuel_half': 10.251618986292103}. Best is trial 0 with value: -0.6232552202351066.
[I 2026-07-25 00:31:00,003] Trial 202 finished with value: 0.525917374184036 and parameters: {'k1': 0.0037189408622374876, 'D_low': 1559.904947791731, 'k2': 0.0708765611819204, 'D_high': 2258810.2802035976, 'fire_exp': 7.23197893412758, 'P_half': 2.797813334763006, 'pre_dampen_half': 2.084212357430449, 'gpp_af': 0.11424052222870208, 'gpp_b': 1.1913203303640954e-05, 'gpp_d': 263.3648071475095, 'ign_k': 0.0010881760390742822, 'ign_c': 0.7225910324548341, 'trop_agb_crit': 6.03385636428123, 'trop_k_veg': 1.1184562096564765, 'gdp_gamma': 0.7775084395659272, 'cure_k': 0.04769741361594867, 'cure_p_min': 328.407483177484, 'cure_gpp_ref': 0.306397161830326, 'cure_agb_crit': 5.056701966775384, 'fuel_k': 0.0603426698549549, 'fuel_half': 5.242978914877419}. Best is trial 0 with value: -0.6232552202351066.
[I 2026-07-25 00:31:00,456] Trial 203 finished with value: 0.4726358043904848 and parameters: {'k1': 2.8078803880298267e-05, 'D_low': 9.914780651072192, 'k2': 0.004649418223405831, 'D_high': 174.9311713641235, 'fire_exp': 2.206264957962886, 'P_half': 17.896950861956608, 'pre_dampen_half': 0.14823704693579226, 'gpp_af': 0.004165728382255954, 'gpp_b': 7.011721903223596e-05, 'gpp_d': 13.586585737064055, 'ign_k': 0.0024127993779109016, 'ign_c': 0.36697028955559324, 'trop_agb_crit': 2.5120661725453317, 'trop_k_veg': 4.232565346813513, 'gdp_gamma': 0.9245808825545174, 'cure_k': 0.1912753240553363, 'cure_p_min': 301.67037108134855, 'cure_gpp_ref': 0.7146546650032767, 'cure_agb_crit': 1.1087528173805397, 'fuel_k': 0.014483186829367799, 'fuel_half': 2.9721553553576014}. Best is trial 0 with value: -0.6232552202351066.
[I 2026-07-25 00:31:00,905] Trial 204 finished with value: 0.4886405471140982 and parameters: {'k1': 0.0006581376386770018, 'D_low': 35.11936939499844, 'k2': 1.6266591230349177e-05, 'D_high': 794.7910528961678, 'fire_exp': 1.426520102528052, 'P_half': 110.19971653423372, 'pre_dampen_half': 35.73023369932379, 'gpp_af': 0.001723157860334281, 'gpp_b': 0.0071003226358370905, 'gpp_d': 0.15576202270830308, 'ign_k': 0.0037855584211284113, 'ign_c': 5.012882419319317, 'trop_agb_crit': 4.9251453204635185, 'trop_k_veg': 1.1077413362417914, 'gdp_gamma': 0.0012193546320686916, 'cure_k': 0.8729281779834802, 'cure_p_min': 328.0942598579004, 'cure_gpp_ref': 0.056833671514756746, 'cure_agb_crit': 1.6712587920001494, 'fuel_k': 0.08925977072162494, 'fuel_half': 4.2014603306984855}. Best is trial 0 with value: -0.6232552202351066.
[I 2026-07-25 00:31:01,357] Trial 205 finished with value: -0.5824675037278817 and parameters: {'k1': 0.04288694565842548, 'D_low': 29.996912888406825, 'k2': 0.08765831095245934, 'D_high': 3836204.1275376724, 'fire_exp': 1.684150100121645, 'P_half': 686.669055374911, 'pre_dampen_half': 770.3587755911523, 'gpp_af': 0.013372915405699428, 'gpp_b': 5.870348062963121e-05, 'gpp_d': 240.4485500484947, 'ign_k': 0.13870478469773057, 'ign_c': 20.894058009951717, 'trop_agb_crit': 18.459468323085105, 'trop_k_veg': 1.4554846752788075, 'gdp_gamma': 0.26856170810252994, 'cure_k': 0.0013375620571851046, 'cure_p_min': 109.38599335385508, 'cure_gpp_ref': 0.49642957728854153, 'cure_agb_crit': 5.740440514186224, 'fuel_k': 0.041090456331261786, 'fuel_half': 6.146567149267302}. Best is trial 0 with value: -0.6232552202351066.
[I 2026-07-25 00:31:01,808] Trial 206 finished with value: 0.5439810063910376 and parameters: {'k1': 0.0017904840553683214, 'D_low': 10.662996655180024, 'k2': 3.1281480869311e-05, 'D_high': 1810860.0239502648, 'fire_exp': 1.283142553078154, 'P_half': 534.6469068058373, 'pre_dampen_half': 0.6221513302272038, 'gpp_af': 0.0045946389571264136, 'gpp_b': 0.00016288481330478433, 'gpp_d': 170.03215904526317, 'ign_k': 0.0011049762017590196, 'ign_c': 5.056971308062547, 'trop_agb_crit': 8.155461478482787, 'trop_k_veg': 1.4508888143083871, 'gdp_gamma': 0.1427683354869797, 'cure_k': 0.008605356727239026, 'cure_p_min': 97.15174396030729, 'cure_gpp_ref': 0.31664690816465535, 'cure_agb_crit': 5.58162645660725, 'fuel_k': 0.010963490938293359, 'fuel_half': 21.35326661290741}. Best is trial 0 with value: -0.6232552202351066.
[I 2026-07-25 00:31:02,258] Trial 207 finished with value: -0.5582675794100995 and parameters: {'k1': 8.528983022349468e-05, 'D_low': 3785.935033987444, 'k2': 0.0026845990783471714, 'D_high': 1079.4480113216846, 'fire_exp': 3.6702182868384194, 'P_half': 1647.6158913289792, 'pre_dampen_half': 0.5762667101744159, 'gpp_af': 0.020373738687755064, 'gpp_b': 8.60732945240043e-05, 'gpp_d': 20.807514535979205, 'ign_k': 0.0025571713017886054, 'ign_c': 31.031239955027818, 'trop_agb_crit': 4.144324544790127, 'trop_k_veg': 7.385284126478734, 'gdp_gamma': 1.057500450053266, 'cure_k': 0.10002786250558028, 'cure_p_min': 258.0481962664006, 'cure_gpp_ref': 1.1171339598079815, 'cure_agb_crit': 1.3110899031310046, 'fuel_k': 0.015770931194481974, 'fuel_half': 0.7321851067231014}. Best is trial 0 with value: -0.6232552202351066.
[I 2026-07-25 00:31:02,711] Trial 208 finished with value: -0.5383129381673744 and parameters: {'k1': 0.06053026270531974, 'D_low': 432.07882364103, 'k2': 0.03570706284425066, 'D_high': 1953496.808893594, 'fire_exp': 1.7165388285705159, 'P_half': 158.30490452563177, 'pre_dampen_half': 78.63197772125221, 'gpp_af': 0.0938839007442565, 'gpp_b': 2.207574915818214e-05, 'gpp_d': 41.82680385167865, 'ign_k': 0.007979638409173363, 'ign_c': 12.273060855635913, 'trop_agb_crit': 16.65976335642999, 'trop_k_veg': 0.926580832517066, 'gdp_gamma': 0.04334237557294599, 'cure_k': 0.009596181755538754, 'cure_p_min': 106.81228555277423, 'cure_gpp_ref': 0.6875214877090392, 'cure_agb_crit': 3.8991071365131087, 'fuel_k': 0.11339838723093831, 'fuel_half': 0.9392142758278512}. Best is trial 0 with value: -0.6232552202351066.
[I 2026-07-25 00:31:03,170] Trial 209 finished with value: 0.5368274864720688 and parameters: {'k1': 0.0037797605028059397, 'D_low': 34.106046696769894, 'k2': 0.06730316900228601, 'D_high': 4493769.090097046, 'fire_exp': 1.6155202132435513, 'P_half': 1383.8374424311662, 'pre_dampen_half': 392.2732065443989, 'gpp_af': 0.035938002931491346, 'gpp_b': 1.976307433134241e-05, 'gpp_d': 553.3516289609491, 'ign_k': 0.05972465916634502, 'ign_c': 11.51000601546388, 'trop_agb_crit': 2.9819696749591147, 'trop_k_veg': 1.280962758624799, 'gdp_gamma': 0.011737940061768651, 'cure_k': 0.0011298453348388563, 'cure_p_min': 125.97939382589173, 'cure_gpp_ref': 0.49838667805981, 'cure_agb_crit': 4.232237458075549, 'fuel_k': 0.05202057268887436, 'fuel_half': 0.9492759928960967}. Best is trial 0 with value: -0.6232552202351066.
