[I 2026-06-07 01:45:15,233] Trial 117 finished with values: [10.95187385443279, 10.95187385443279] and parameters: {'k1': 0.07537201787998418, 'D_low': 5.6556775246185085, 'k2': 0.0032930213963426706, 'D_high': 259.06510073644546, 'fire_exp': 3.83403534181858, 'P_half': 2.0461550877877857, 'pre_dampen_half': 8.34779085252064, 'gpp_af': 85.32056493640629, 'gpp_b': 1.873606058421592e-05, 'gpp_d': 4.791614072461607, 'ign_k': 0.017302564033031168, 'ign_c': 1.228087486213536, 'trop_agb_crit': 4.710426964286611, 'trop_k_veg': 0.7848385206902946}.
[I 2026-06-07 01:45:15,656] Trial 118 finished with values: [10.95238029232905, 10.95238029232905] and parameters: {'k1': 0.035346441441965824, 'D_low': 1316.7465326936142, 'k2': 0.0036993598999597497, 'D_high': 39.780451630530095, 'fire_exp': 1.450870712623418, 'P_half': 3928.4095134792283, 'pre_dampen_half': 10.768254179081206, 'gpp_af': 1.6059727222314266, 'gpp_b': 1.2892705405728861e-05, 'gpp_d': 5.171567728758048, 'ign_k': 0.001047722656409829, 'ign_c': 0.4397766894483963, 'trop_agb_crit': 6.464669746492398, 'trop_k_veg': 6.206596018600863}.
[I 2026-06-07 01:45:16,082] Trial 119 finished with values: [10.952366875350226, 10.952366875350226] and parameters: {'k1': 0.0376331292637011, 'D_low': 37.35862630812753, 'k2': 4.042960692360327e-05, 'D_high': 176.55835392092538, 'fire_exp': 1.77210373046677, 'P_half': 945.7692079529039, 'pre_dampen_half': 0.014711676743602244, 'gpp_af': 0.2901272149738624, 'gpp_b': 0.3756229459320481, 'gpp_d': 40.95062894476691, 'ign_k': 0.013276678836047658, 'ign_c': 192.76545985682404, 'trop_agb_crit': 1.4568555410190271, 'trop_k_veg': 0.8170196702261714}.
[I 2026-06-07 01:45:16,505] Trial 120 finished with values: [10.95237980420397, 10.95237980420397] and parameters: {'k1': 0.04541457206426161, 'D_low': 125.61043700013555, 'k2': 0.000252551664529441, 'D_high': 146.1896279370497, 'fire_exp': 4.091220574443785, 'P_half': 3.6138942712165267, 'pre_dampen_half': 0.2888838362365318, 'gpp_af': 0.0038793182938363898, 'gpp_b': 0.012132126638791128, 'gpp_d': 82.84476373292442, 'ign_k': 0.006290644294586149, 'ign_c': 20.23326185206641, 'trop_agb_crit': 7.500118950416987, 'trop_k_veg': 6.955154171468271}.
[I 2026-06-07 01:45:16,928] Trial 121 finished with values: [10.947948825509489, 10.947948825509489] and parameters: {'k1': 0.016780508579130986, 'D_low': 984.098934375832, 'k2': 5.471218729342035e-05, 'D_high': 91167.68553735358, 'fire_exp': 2.100650708889295, 'P_half': 1735.792403594532, 'pre_dampen_half': 0.1875872314533727, 'gpp_af': 2.555721998081809, 'gpp_b': 0.0004408910919257112, 'gpp_d': 54.620376657085984, 'ign_k': 0.16470698221724323, 'ign_c': 4.4398025529904634, 'trop_agb_crit': 11.316283925181681, 'trop_k_veg': 5.982827017670785}.
[I 2026-06-07 01:45:17,361] Trial 122 finished with values: [10.952380952183653, 10.952380952183653] and parameters: {'k1': 3.0376902301221646e-05, 'D_low': 1812.5870836716226, 'k2': 6.688594595986188e-05, 'D_high': 1236.6924205139144, 'fire_exp': 3.187258374159921, 'P_half': 577.536337635295, 'pre_dampen_half': 18.075983730158494, 'gpp_af': 12.105903211961781, 'gpp_b': 0.0585332093505296, 'gpp_d': 0.7668707039273333, 'ign_k': 3.121148960880235, 'ign_c': 482.4914281180254, 'trop_agb_crit': 1.2308908766048772, 'trop_k_veg': 1.0773676061600252}.
[I 2026-06-07 01:45:17,780] Trial 123 finished with values: [10.952254130684437, 10.952254130684437] and parameters: {'k1': 0.012840669372724958, 'D_low': 2.3764449553865354, 'k2': 0.0020564614086027925, 'D_high': 13.924162890248676, 'fire_exp': 2.921447042060987, 'P_half': 93.43302657318476, 'pre_dampen_half': 0.011396414164620812, 'gpp_af': 0.2204465010099918, 'gpp_b': 1.524058016414757e-05, 'gpp_d': 0.015372374060846974, 'ign_k': 0.0029519227433917453, 'ign_c': 2.7590690254397843, 'trop_agb_crit': 12.647327018493208, 'trop_k_veg': 4.9897488945787245}.
[I 2026-06-07 01:45:18,201] Trial 124 finished with values: [10.821741016270245, 10.821741016270245] and parameters: {'k1': 0.0699458988153545, 'D_low': 355.00125258511594, 'k2': 0.0353875886477924, 'D_high': 774.2116473996249, 'fire_exp': 1.2611826901294014, 'P_half': 1.1827346017839087, 'pre_dampen_half': 63.668591607994244, 'gpp_af': 2.6003623362924246, 'gpp_b': 0.42247700890263673, 'gpp_d': 2.944272359149678, 'ign_k': 0.12329098365270519, 'ign_c': 5.130551760589832, 'trop_agb_crit': 15.961316409649486, 'trop_k_veg': 0.6743482387129308}.
[I 2026-06-07 01:45:18,618] Trial 125 finished with values: [10.952376571801318, 10.952376571801318] and parameters: {'k1': 3.5917714215176105e-05, 'D_low': 3.4487261314487374, 'k2': 1.7926680648388784e-05, 'D_high': 91167.68553735358, 'fire_exp': 2.100650708889295, 'P_half': 78.6767770625783, 'pre_dampen_half': 0.1875872314533727, 'gpp_af': 0.010767288724535768, 'gpp_b': 0.36422282566934217, 'gpp_d': 9.51028874815853, 'ign_k': 0.07696703458159232, 'ign_c': 1.3012518385211496, 'trop_agb_crit': 3.275825291386224, 'trop_k_veg': 6.58013223588778}.
[I 2026-06-07 01:45:19,038] Trial 126 finished with values: [10.894246107960392, 10.894246107960392] and parameters: {'k1': 0.00031134168041628584, 'D_low': 12.105387404469584, 'k2': 1.1065812688893481e-05, 'D_high': 431.45617043093523, 'fire_exp': 1.0601964743503993, 'P_half': 4.213183643253957, 'pre_dampen_half': 0.2888838362365318, 'gpp_af': 1.970696337909548, 'gpp_b': 0.0054502936945582505, 'gpp_d': 84.31013932082456, 'ign_k': 0.0035281132746849977, 'ign_c': 11.40086370112731, 'trop_agb_crit': 7.500118950416987, 'trop_k_veg': 0.6673124511410327}.
[I 2026-06-07 01:45:19,456] Trial 127 finished with values: [10.952380633310364, 10.952380633310364] and parameters: {'k1': 0.035346441441965824, 'D_low': 3.4487261314487374, 'k2': 1.7926680648388784e-05, 'D_high': 21.705003488711135, 'fire_exp': 1.450870712623418, 'P_half': 1735.792403594532, 'pre_dampen_half': 10.768254179081206, 'gpp_af': 0.001111693990724459, 'gpp_b': 2.512533442757689, 'gpp_d': 9.51028874815853, 'ign_k': 0.001047722656409829, 'ign_c': 4.4398025529904634, 'trop_agb_crit': 3.275825291386224, 'trop_k_veg': 3.404825334562598}.
[I 2026-06-07 01:45:19,880] Trial 128 finished with values: [10.829618445265691, 10.829618445265691] and parameters: {'k1': 0.008287522363768155, 'D_low': 38.82837025280678, 'k2': 0.0353875886477924, 'D_high': 774.2116473996249, 'fire_exp': 1.695318866910499, 'P_half': 4.213183643253957, 'pre_dampen_half': 38.00678588560607, 'gpp_af': 1.6059727222314266, 'gpp_b': 0.42247700890263673, 'gpp_d': 2.944272359149678, 'ign_k': 0.12329098365270519, 'ign_c': 5.130551760589832, 'trop_agb_crit': 1.0693376406863295, 'trop_k_veg': 0.6673124511410327}.
[I 2026-06-07 01:45:20,299] Trial 129 finished with values: [10.84047722391012, 10.84047722391012] and parameters: {'k1': 0.0699458988153545, 'D_low': 355.00125258511594, 'k2': 0.0003432139136241583, 'D_high': 1493.5213816355397, 'fire_exp': 1.2611826901294014, 'P_half': 314.0161493033586, 'pre_dampen_half': 234.12640025944268, 'gpp_af': 1.6059727222314266, 'gpp_b': 0.14577755664212372, 'gpp_d': 2.944272359149678, 'ign_k': 0.0036065195493704487, 'ign_c': 5.130551760589832, 'trop_agb_crit': 7.628718523810018, 'trop_k_veg': 2.194427136482602}.
[I 2026-06-07 01:45:20,719] Trial 130 finished with values: [10.93527085082954, 10.93527085082954] and parameters: {'k1': 0.0012056765208549535, 'D_low': 252.38726750780188, 'k2': 0.003419108473554454, 'D_high': 107.53522341516513, 'fire_exp': 1.695318866910499, 'P_half': 175.2878790340412, 'pre_dampen_half': 241.6951931920675, 'gpp_af': 0.10409127568994281, 'gpp_b': 0.14577755664212372, 'gpp_d': 21.14381609520636, 'ign_k': 0.010167079878196122, 'ign_c': 2.414259639010457, 'trop_agb_crit': 1.0693376406863295, 'trop_k_veg': 0.6673124511410327}.
[I 2026-06-07 01:45:21,142] Trial 131 finished with values: [10.941724678894918, 10.941724678894918] and parameters: {'k1': 0.0002656971546588439, 'D_low': 8832.039346746853, 'k2': 1.7926680648388784e-05, 'D_high': 91167.68553735358, 'fire_exp': 1.264103030891254, 'P_half': 4.087300390305745, 'pre_dampen_half': 0.1875872314533727, 'gpp_af': 0.006359264168909616, 'gpp_b': 0.00013164432569139702, 'gpp_d': 9.51028874815853, 'ign_k': 0.07696703458159232, 'ign_c': 4.4398025529904634, 'trop_agb_crit': 1.8157022975489, 'trop_k_veg': 6.58013223588778}.
[I 2026-06-07 01:45:21,567] Trial 132 finished with values: [10.880181253595259, 10.880181253595259] and parameters: {'k1': 0.00010758866306767925, 'D_low': 436.4516946807792, 'k2': 0.012758211164590085, 'D_high': 2940.51756322311, 'fire_exp': 1.0601964743503993, 'P_half': 4.213183643253957, 'pre_dampen_half': 0.2888838362365318, 'gpp_af': 1.970696337909548, 'gpp_b': 0.0054502936945582505, 'gpp_d': 14.63886097662141, 'ign_k': 0.0035281132746849977, 'ign_c': 2.493666083446518, 'trop_agb_crit': 7.500118950416987, 'trop_k_veg': 0.6673124511410327}.
[I 2026-06-07 01:45:21,987] Trial 133 finished with values: [10.952380952183653, 10.952380952183653] and parameters: {'k1': 0.008912611835817005, 'D_low': 4546.192107824457, 'k2': 0.0018170401889219116, 'D_high': 3712.591045287733, 'fire_exp': 5.963862427044409, 'P_half': 220.3445560633069, 'pre_dampen_half': 502.5175192217655, 'gpp_af': 0.7539992074650282, 'gpp_b': 3.083723329640505, 'gpp_d': 6.283500537123675, 'ign_k': 0.06807874826564587, 'ign_c': 33.8109327317085, 'trop_agb_crit': 18.748298427129946, 'trop_k_veg': 3.1473758868965485}.
[I 2026-06-07 01:45:22,411] Trial 134 finished with values: [10.94365842098944, 10.94365842098944] and parameters: {'k1': 0.012840669372724958, 'D_low': 1112.9571947046009, 'k2': 8.923807143379776e-05, 'D_high': 8182.111518618414, 'fire_exp': 1.2918065501148304, 'P_half': 338.23872019362165, 'pre_dampen_half': 0.011396414164620812, 'gpp_af': 0.4773901130843782, 'gpp_b': 2.176805640408474e-05, 'gpp_d': 0.03927259340973168, 'ign_k': 0.0029519227433917453, 'ign_c': 0.557280750002996, 'trop_agb_crit': 12.647327018493208, 'trop_k_veg': 2.573214588078609}.
[I 2026-06-07 01:45:22,834] Trial 135 finished with values: [10.952380658470757, 10.952380658470757] and parameters: {'k1': 0.0004732407125181113, 'D_low': 4.075267974954964, 'k2': 0.045651763726463325, 'D_high': 302.4369161272648, 'fire_exp': 2.6554044046291967, 'P_half': 2.0461550877877857, 'pre_dampen_half': 1.3833139021965037, 'gpp_af': 5.335773317316401, 'gpp_b': 0.005070330027123044, 'gpp_d': 0.043441170039664946, 'ign_k': 0.017302564033031168, 'ign_c': 179.96169659044335, 'trop_agb_crit': 10.266702291253747, 'trop_k_veg': 2.433635694703634}.
[I 2026-06-07 01:45:23,257] Trial 136 finished with values: [10.878658769841168, 10.878658769841168] and parameters: {'k1': 0.06598741607403362, 'D_low': 34.08427910923046, 'k2': 0.0016497426799845453, 'D_high': 25628.666000163565, 'fire_exp': 2.627846918579106, 'P_half': 175.2878790340412, 'pre_dampen_half': 241.6951931920675, 'gpp_af': 6.155035361040185, 'gpp_b': 1.220003093173824e-05, 'gpp_d': 0.03805074835058821, 'ign_k': 0.0015276032303600073, 'ign_c': 0.1455174947607226, 'trop_agb_crit': 18.3492792986878, 'trop_k_veg': 3.517697529584013}.
[I 2026-06-07 01:45:23,671] Trial 137 finished with values: [10.948924756687408, 10.948924756687408] and parameters: {'k1': 0.012021930484915042, 'D_low': 1228.2126524008484, 'k2': 0.003101429427212743, 'D_high': 25628.666000163565, 'fire_exp': 3.5637467870629145, 'P_half': 175.2878790340412, 'pre_dampen_half': 241.6951931920675, 'gpp_af': 0.0049748543504537545, 'gpp_b': 6.369295096609023e-05, 'gpp_d': 757.2868182332339, 'ign_k': 1.0484531351650956, 'ign_c': 30.28574109895626, 'trop_agb_crit': 14.948114979829949, 'trop_k_veg': 1.0594599158279707}.
[I 2026-06-07 01:45:24,077] Trial 138 finished with values: [10.936952838392926, 10.936952838392926] and parameters: {'k1': 0.00031134168041628584, 'D_low': 894.5150807271528, 'k2': 0.0012040762895973265, 'D_high': 25628.666000163565, 'fire_exp': 2.627846918579106, 'P_half': 4.213183643253957, 'pre_dampen_half': 0.012952289461753311, 'gpp_af': 0.10409127568994281, 'gpp_b': 1.220003093173824e-05, 'gpp_d': 0.22048893356595609, 'ign_k': 0.00840038491455979, 'ign_c': 0.1455174947607226, 'trop_agb_crit': 10.965064494899984, 'trop_k_veg': 3.517697529584013}.
[I 2026-06-07 01:45:24,481] Trial 139 finished with values: [10.948727050263331, 10.948727050263331] and parameters: {'k1': 0.002367935204022389, 'D_low': 4182.178526757453, 'k2': 6.069662445477729e-05, 'D_high': 18.942844905792818, 'fire_exp': 1.221575427404682, 'P_half': 140.74279366401683, 'pre_dampen_half': 0.029662981696401067, 'gpp_af': 5.335773317316401, 'gpp_b': 0.0038900687554386305, 'gpp_d': 0.3934396739328545, 'ign_k': 0.013649087666416938, 'ign_c': 11.90339433530502, 'trop_agb_crit': 15.961316409649486, 'trop_k_veg': 2.433635694703634}.
[I 2026-06-07 01:45:24,892] Trial 140 finished with values: [10.09736269196886, 10.09736269196886] and parameters: {'k1': 0.012840669372724958, 'D_low': 1.54121727098019, 'k2': 1.915468390724633e-05, 'D_high': 3712.591045287733, 'fire_exp': 1.4665043946307825, 'P_half': 93.43302657318476, 'pre_dampen_half': 502.5175192217655, 'gpp_af': 0.2204465010099918, 'gpp_b': 2.176805640408474e-05, 'gpp_d': 16.460426816350534, 'ign_k': 0.06807874826564587, 'ign_c': 15.221840161091619, 'trop_agb_crit': 24.584290528289387, 'trop_k_veg': 3.869465953383846}.
[I 2026-06-07 01:45:25,303] Trial 141 finished with values: [10.419522967585163, 10.419522967585163] and parameters: {'k1': 0.008471801418819975, 'D_low': 2.143851363193517, 'k2': 0.000252551664529441, 'D_high': 42.07053950287937, 'fire_exp': 1.1430983876313219, 'P_half': 56.22114524476698, 'pre_dampen_half': 10.129197956845726, 'gpp_af': 0.05511595477601764, 'gpp_b': 1.3289448722869181e-05, 'gpp_d': 10.369565216756202, 'ign_k': 2.136832907235876, 'ign_c': 0.7068974950624601, 'trop_agb_crit': 18.785197416433792, 'trop_k_veg': 0.83140195149031}.
[I 2026-06-07 01:45:25,718] Trial 142 finished with values: [10.818997386126057, 10.818997386126057] and parameters: {'k1': 0.004312951023617458, 'D_low': 1112.9571947046009, 'k2': 1.6991629902581918e-05, 'D_high': 1578.0309954142967, 'fire_exp': 1.0629462657398439, 'P_half': 2897.5337521324113, 'pre_dampen_half': 502.5175192217655, 'gpp_af': 0.7539992074650282, 'gpp_b': 3.481277316673104e-05, 'gpp_d': 150.14555442537656, 'ign_k': 0.31375859487281416, 'ign_c': 0.9580682294110433, 'trop_agb_crit': 1.14876138417489, 'trop_k_veg': 1.4584243470991722}.
[I 2026-06-07 01:45:26,129] Trial 143 finished with values: [10.952354417215158, 10.952354417215158] and parameters: {'k1': 0.012021930484915042, 'D_low': 436.4516946807792, 'k2': 0.003101429427212743, 'D_high': 360.73016145428437, 'fire_exp': 3.3857164090062235, 'P_half': 133.4807155996069, 'pre_dampen_half': 5.048653998722944, 'gpp_af': 1.5386842469144075, 'gpp_b': 0.2272730825106818, 'gpp_d': 757.2868182332339, 'ign_k': 0.0015276032303600073, 'ign_c': 2.493666083446518, 'trop_agb_crit': 14.948114979829949, 'trop_k_veg': 1.0594599158279707}.
[I 2026-06-07 01:45:26,550] Trial 144 finished with values: [10.95237980202532, 10.95237980202532] and parameters: {'k1': 0.00031134168041628584, 'D_low': 12.105387404469584, 'k2': 0.003767022142229395, 'D_high': 1236.6924205139144, 'fire_exp': 2.284706851725763, 'P_half': 3227.0237615158, 'pre_dampen_half': 0.16974173693738637, 'gpp_af': 12.105903211961781, 'gpp_b': 0.00431329787498825, 'gpp_d': 0.12878367369717508, 'ign_k': 0.004937355303501836, 'ign_c': 386.4218705871764, 'trop_agb_crit': 1.0693376406863295, 'trop_k_veg': 2.0151420787331644}.
[I 2026-06-07 01:45:26,988] Trial 145 finished with values: [10.716486073249056, 10.716486073249056] and parameters: {'k1': 1.4002277211577026e-05, 'D_low': 77.31571570012609, 'k2': 2.683416249684868e-05, 'D_high': 783.2259769732478, 'fire_exp': 1.4900535273878768, 'P_half': 54.37591736923918, 'pre_dampen_half': 502.5175192217655, 'gpp_af': 1.200191344086032, 'gpp_b': 1.319554058182653e-05, 'gpp_d': 1.2797429712949044, 'ign_k': 0.0315101491238403, 'ign_c': 15.221840161091619, 'trop_agb_crit': 20.824968728078442, 'trop_k_veg': 5.905704303105107}.
[I 2026-06-07 01:45:27,415] Trial 146 finished with values: [10.40182845317014, 10.40182845317014] and parameters: {'k1': 0.00488137519160367, 'D_low': 38.82837025280678, 'k2': 0.0012040762895973265, 'D_high': 8182.111518618414, 'fire_exp': 1.695318866910499, 'P_half': 14.281536924924877, 'pre_dampen_half': 39.827466658711515, 'gpp_af': 0.10409127568994281, 'gpp_b': 6.369295096609023e-05, 'gpp_d': 5.171567728758048, 'ign_k': 0.010167079878196122, 'ign_c': 30.28574109895626, 'trop_agb_crit': 10.965064494899984, 'trop_k_veg': 2.573214588078609}.
[I 2026-06-07 01:45:27,853] Trial 147 finished with values: [10.939359443343108, 10.939359443343108] and parameters: {'k1': 0.00031134168041628584, 'D_low': 520.4862686958022, 'k2': 0.003767022142229395, 'D_high': 431.45617043093523, 'fire_exp': 1.0601964743503993, 'P_half': 9716.212563514906, 'pre_dampen_half': 38.00678588560607, 'gpp_af': 0.06002934191396867, 'gpp_b': 1.4540386644083135e-05, 'gpp_d': 0.043441170039664946, 'ign_k': 0.00840038491455979, 'ign_c': 48.704711413416454, 'trop_agb_crit': 1.0693376406863295, 'trop_k_veg': 5.5553272655188835}.
[I 2026-06-07 01:45:28,273] Trial 148 finished with values: [10.93054242962396, 10.93054242962396] and parameters: {'k1': 0.0007883068789768041, 'D_low': 64.39790863101601, 'k2': 7.91442361215536e-05, 'D_high': 3712.591045287733, 'fire_exp': 1.0629462657398439, 'P_half': 220.3445560633069, 'pre_dampen_half': 502.5175192217655, 'gpp_af': 0.7539992074650282, 'gpp_b': 3.083723329640505, 'gpp_d': 1.2797429712949044, 'ign_k': 0.06807874826564587, 'ign_c': 31.874227118134108, 'trop_agb_crit': 1.0455434848969813, 'trop_k_veg': 5.905704303105107}.
[I 2026-06-07 01:45:28,691] Trial 149 finished with values: [10.876153552334024, 10.876153552334024] and parameters: {'k1': 0.008912611835817005, 'D_low': 40.12413353131991, 'k2': 0.0007047307383115598, 'D_high': 645.2946500764235, 'fire_exp': 1.423480109671474, 'P_half': 751.9407491506673, 'pre_dampen_half': 3.3841016089580047, 'gpp_af': 0.030592049838223532, 'gpp_b': 1.284284091405877e-05, 'gpp_d': 229.41380323183625, 'ign_k': 5.351470428717439, 'ign_c': 5.130551760589832, 'trop_agb_crit': 1.0903028125370984, 'trop_k_veg': 6.45312300188076}.
[I 2026-06-07 01:45:29,113] Trial 150 finished with values: [10.949601146893329, 10.949601146893329] and parameters: {'k1': 0.012840669372724958, 'D_low': 37.35862630812753, 'k2': 0.03699867920489092, 'D_high': 42210.21267871043, 'fire_exp': 6.234638880169447, 'P_half': 93.43302657318476, 'pre_dampen_half': 7.665128204660192, 'gpp_af': 0.2204465010099918, 'gpp_b': 2.176805640408474e-05, 'gpp_d': 6.792399189485706, 'ign_k': 0.0029519227433917453, 'ign_c': 0.12510188850164433, 'trop_agb_crit': 8.983402272488592, 'trop_k_veg': 0.8170196702261714}.
[I 2026-06-07 01:45:29,529] Trial 151 finished with values: [10.951965797130676, 10.951965797130676] and parameters: {'k1': 0.012840669372724958, 'D_low': 171.2446447678494, 'k2': 0.0032930213963426706, 'D_high': 259.06510073644546, 'fire_exp': 3.83403534181858, 'P_half': 93.43302657318476, 'pre_dampen_half': 8.34779085252064, 'gpp_af': 0.2204465010099918, 'gpp_b': 1.873606058421592e-05, 'gpp_d': 0.03927259340973168, 'ign_k': 0.0802050305902781, 'ign_c': 1.228087486213536, 'trop_agb_crit': 12.647327018493208, 'trop_k_veg': 3.148543634902941}.
[I 2026-06-07 01:45:29,943] Trial 152 finished with values: [10.95179379399753, 10.95179379399753] and parameters: {'k1': 0.0011135501184757278, 'D_low': 40.12413353131991, 'k2': 2.683416249684868e-05, 'D_high': 61536.58035691659, 'fire_exp': 8.646288834805796, 'P_half': 221.2683656611821, 'pre_dampen_half': 3.3841016089580047, 'gpp_af': 0.07698760608299933, 'gpp_b': 1.319554058182653e-05, 'gpp_d': 229.41380323183625, 'ign_k': 0.8517034154701658, 'ign_c': 18.219343937475102, 'trop_agb_crit': 1.5028069346088124, 'trop_k_veg': 5.905704303105107}.
[I 2026-06-07 01:45:30,361] Trial 153 finished with values: [10.890211377899062, 10.890211377899062] and parameters: {'k1': 0.00031134168041628584, 'D_low': 7.240382572465288, 'k2': 0.0012040762895973265, 'D_high': 42210.21267871043, 'fire_exp': 1.2918065501148304, 'P_half': 4.213183643253957, 'pre_dampen_half': 0.012952289461753311, 'gpp_af': 0.2204465010099918, 'gpp_b': 2.176805640408474e-05, 'gpp_d': 0.22048893356595609, 'ign_k': 0.00840038491455979, 'ign_c': 30.28574109895626, 'trop_agb_crit': 10.965064494899984, 'trop_k_veg': 2.520089655463604}.
[I 2026-06-07 01:45:30,779] Trial 154 finished with values: [10.940228575182342, 10.940228575182342] and parameters: {'k1': 0.004312951023617458, 'D_low': 4.484744524732794, 'k2': 1.915468390724633e-05, 'D_high': 3712.591045287733, 'fire_exp': 1.0629462657398439, 'P_half': 4.087300390305745, 'pre_dampen_half': 0.16974173693738637, 'gpp_af': 0.006359264168909616, 'gpp_b': 0.00013164432569139702, 'gpp_d': 16.460426816350534, 'ign_k': 0.004937355303501836, 'ign_c': 386.4218705871764, 'trop_agb_crit': 1.3137567821944718, 'trop_k_veg': 2.140644994345184}.
[I 2026-06-07 01:45:31,198] Trial 155 finished with values: [10.912843937252545, 10.912843937252545] and parameters: {'k1': 0.012021930484915042, 'D_low': 38.82837025280678, 'k2': 0.003101429427212743, 'D_high': 1493.5213816355397, 'fire_exp': 1.1263716762638152, 'P_half': 133.4807155996069, 'pre_dampen_half': 5.048653998722944, 'gpp_af': 1.5386842469144075, 'gpp_b': 0.2272730825106818, 'gpp_d': 0.47263738772504293, 'ign_k': 0.0036065195493704487, 'ign_c': 1.958059531975039, 'trop_agb_crit': 14.948114979829949, 'trop_k_veg': 1.0594599158279707}.
