[I 2026-07-22 18:47:31,384] Trial 804 finished with values: [10.198516110965912, 10.198516110965912] and parameters: {'k1': 0.0029707920514735983, 'D_low': 4.043300846639722, 'k2': 2.1698375693549493e-05, 'D_high': 316055.11434645456, 'fire_exp': 1.182396148413737, 'P_half': 1938.3858782150498, 'pre_dampen_half': 0.3776021676595028, 'gpp_af': 0.12243451886824051, 'gpp_b': 3.228689523591491e-05, 'gpp_d': 857.4284557962626, 'ign_k': 0.03141110271934876, 'ign_c': 6.1609752947414345, 'trop_agb_crit': 15.870971677383487, 'trop_k_veg': 6.911478238001162, 'fuel_k': 5.486054129200971, 'fuel_half': 0.32476735706274484}.
[I 2026-07-22 18:47:31,813] Trial 805 finished with values: [10.446374016572085, 10.446374016572085] and parameters: {'k1': 0.011966626407443505, 'D_low': 4.043300846639722, 'k2': 0.001566517163094646, 'D_high': 316055.11434645456, 'fire_exp': 1.3411849220480432, 'P_half': 540.9803697908727, 'pre_dampen_half': 33.71909132517388, 'gpp_af': 0.015350904103515228, 'gpp_b': 0.0005392415140872105, 'gpp_d': 9.00460602264307, 'ign_k': 0.03141110271934876, 'ign_c': 56.56383208363866, 'trop_agb_crit': 6.119263728555865, 'trop_k_veg': 2.3408809609838257, 'fuel_k': 0.025506395489012103, 'fuel_half': 0.3335026483569958}.
[I 2026-07-22 18:47:32,247] Trial 806 finished with values: [-0.619792415214383, 0.22893268969264247] and parameters: {'k1': 0.011966626407443505, 'D_low': 864.0717009254879, 'k2': 0.020149789847008874, 'D_high': 580966.5602369158, 'fire_exp': 1.2242398136753672, 'P_half': 56.28756950174212, 'pre_dampen_half': 0.4016986062226068, 'gpp_af': 0.12243451886824051, 'gpp_b': 1.7565109007473816e-05, 'gpp_d': 9.00460602264307, 'ign_k': 0.5131654955148324, 'ign_c': 11.40086370112731, 'trop_agb_crit': 12.324775650896964, 'trop_k_veg': 2.417028380770307, 'fuel_k': 0.018207179480706392, 'fuel_half': 0.3335026483569958}.
  trial  807/2500  pareto_size=6  best_taylor=0.6968  best_ilamb=0.5875  (5.7 min)
[I 2026-07-22 18:47:32,830] Trial 807 finished with values: [10.152522313905, 10.152522313905] and parameters: {'k1': 0.052334804885400876, 'D_low': 13.25142220631392, 'k2': 0.001566517163094646, 'D_high': 580966.5602369158, 'fire_exp': 1.7975071312964603, 'P_half': 38.82837025280678, 'pre_dampen_half': 3.9885726374014694, 'gpp_af': 0.06789053271698488, 'gpp_b': 1.7565109007473816e-05, 'gpp_d': 9.00460602264307, 'ign_k': 0.5131654955148324, 'ign_c': 14.452451441203314, 'trop_agb_crit': 9.362115196011851, 'trop_k_veg': 0.5415365826598848, 'fuel_k': 0.08612665817296865, 'fuel_half': 81.87941582538087}.
[I 2026-07-22 18:47:33,264] Trial 808 finished with values: [10.722746631603359, 10.722746631603359] and parameters: {'k1': 0.0029282035181080004, 'D_low': 4.043300846639722, 'k2': 0.001566517163094646, 'D_high': 160625.60954780428, 'fire_exp': 1.1258453832483524, 'P_half': 2309.331703082654, 'pre_dampen_half': 0.4016986062226068, 'gpp_af': 0.0015564377110419772, 'gpp_b': 0.0054502936945582505, 'gpp_d': 700.6693992445935, 'ign_k': 3.284529979576942, 'ign_c': 3.0378658251922155, 'trop_agb_crit': 15.870971677383487, 'trop_k_veg': 6.911478238001162, 'fuel_k': 3.200598563635171, 'fuel_half': 18.202647368248815}.
[I 2026-07-22 18:47:33,703] Trial 809 finished with values: [10.350177215863054, 10.350177215863054] and parameters: {'k1': 0.0003199177539819797, 'D_low': 1.7887890916820506, 'k2': 0.002342238625792905, 'D_high': 316055.11434645456, 'fire_exp': 8.791426299948917, 'P_half': 70.13097205353067, 'pre_dampen_half': 33.71909132517388, 'gpp_af': 0.06319490093197187, 'gpp_b': 1.1698276136056565e-05, 'gpp_d': 9.00460602264307, 'ign_k': 0.3538391696694434, 'ign_c': 11.40086370112731, 'trop_agb_crit': 10.719494362768906, 'trop_k_veg': 2.417028380770307, 'fuel_k': 0.08612665817296865, 'fuel_half': 81.87941582538087}.
[I 2026-07-22 18:47:34,133] Trial 810 finished with values: [10.130738266893006, 10.130738266893006] and parameters: {'k1': 0.0029282035181080004, 'D_low': 864.0717009254879, 'k2': 0.004339260158221388, 'D_high': 316055.11434645456, 'fire_exp': 1.1258453832483524, 'P_half': 7.890004262668578, 'pre_dampen_half': 0.4016986062226068, 'gpp_af': 0.25562996323356013, 'gpp_b': 0.0054502936945582505, 'gpp_d': 9.00460602264307, 'ign_k': 0.5131654955148324, 'ign_c': 11.40086370112731, 'trop_agb_crit': 12.324775650896964, 'trop_k_veg': 0.6921865222804094, 'fuel_k': 0.0500651901928747, 'fuel_half': 81.87941582538087}.
[I 2026-07-22 18:47:34,617] Trial 811 finished with values: [10.769203487179904, 10.769203487179904] and parameters: {'k1': 0.0003199177539819797, 'D_low': 4.043300846639722, 'k2': 0.0007081721844034209, 'D_high': 316055.11434645456, 'fire_exp': 7.854485471289695, 'P_half': 1938.3858782150498, 'pre_dampen_half': 33.97904243111269, 'gpp_af': 0.015350904103515228, 'gpp_b': 3.228689523591491e-05, 'gpp_d': 857.4284557962626, 'ign_k': 0.03141110271934876, 'ign_c': 3.0378658251922155, 'trop_agb_crit': 10.719494362768906, 'trop_k_veg': 6.911478238001162, 'fuel_k': 3.6992394681929355, 'fuel_half': 81.87941582538087}.
[I 2026-07-22 18:47:35,079] Trial 812 finished with values: [10.030787408287122, 10.030787408287122] and parameters: {'k1': 0.052334804885400876, 'D_low': 126.11058927054879, 'k2': 0.00352110299468884, 'D_high': 580966.5602369158, 'fire_exp': 1.1258453832483524, 'P_half': 9.324787201197319, 'pre_dampen_half': 0.4016986062226068, 'gpp_af': 0.06789053271698488, 'gpp_b': 0.0054502936945582505, 'gpp_d': 9.00460602264307, 'ign_k': 3.284529979576942, 'ign_c': 11.40086370112731, 'trop_agb_crit': 9.362115196011851, 'trop_k_veg': 0.6921865222804094, 'fuel_k': 0.48736180483849406, 'fuel_half': 0.32476735706274484}.
[I 2026-07-22 18:47:35,525] Trial 813 finished with values: [10.55972827332686, 10.55972827332686] and parameters: {'k1': 0.011966626407443505, 'D_low': 4.043300846639722, 'k2': 0.0009562822793888481, 'D_high': 1681956.433827372, 'fire_exp': 1.2310899049053081, 'P_half': 540.9803697908727, 'pre_dampen_half': 26.373339933815235, 'gpp_af': 0.49740621749684094, 'gpp_b': 0.002407352334224724, 'gpp_d': 3.0023172465753087, 'ign_k': 0.03141110271934876, 'ign_c': 11.462237838612072, 'trop_agb_crit': 6.119263728555865, 'trop_k_veg': 2.417028380770307, 'fuel_k': 1.2528108647479208, 'fuel_half': 0.3625056554880307}.
[I 2026-07-22 18:47:35,968] Trial 814 finished with values: [10.017357006392903, 10.017357006392903] and parameters: {'k1': 0.011966626407443505, 'D_low': 4826.157696742554, 'k2': 0.0007081721844034209, 'D_high': 316055.11434645456, 'fire_exp': 1.7124099831271415, 'P_half': 7.890004262668578, 'pre_dampen_half': 0.4016986062226068, 'gpp_af': 0.06789053271698488, 'gpp_b': 1.7565109007473816e-05, 'gpp_d': 9.00460602264307, 'ign_k': 3.284529979576942, 'ign_c': 6.1609752947414345, 'trop_agb_crit': 15.870971677383487, 'trop_k_veg': 0.6014881258938517, 'fuel_k': 0.08612665817296865, 'fuel_half': 7.259866824755671}.
[I 2026-07-22 18:47:36,405] Trial 815 finished with values: [10.718219786009112, 10.718219786009112] and parameters: {'k1': 0.052334804885400876, 'D_low': 8454.098152188677, 'k2': 2.8459703343413838e-05, 'D_high': 160625.60954780428, 'fire_exp': 2.0165721691808587, 'P_half': 1938.3858782150498, 'pre_dampen_half': 33.97904243111269, 'gpp_af': 0.0025511964576171086, 'gpp_b': 1.1698276136056565e-05, 'gpp_d': 3.9087699398345475, 'ign_k': 0.03141110271934876, 'ign_c': 14.452451441203314, 'trop_agb_crit': 15.870971677383487, 'trop_k_veg': 0.7582134759384036, 'fuel_k': 5.486054129200971, 'fuel_half': 16.304268028731595}.
[I 2026-07-22 18:47:36,838] Trial 816 finished with values: [10.124562705598644, 10.124562705598644] and parameters: {'k1': 0.052334804885400876, 'D_low': 8454.098152188677, 'k2': 0.0007081721844034209, 'D_high': 316055.11434645456, 'fire_exp': 1.1258453832483524, 'P_half': 7.890004262668578, 'pre_dampen_half': 33.71909132517388, 'gpp_af': 0.015350904103515228, 'gpp_b': 1.1698276136056565e-05, 'gpp_d': 6.91394869865762, 'ign_k': 0.03141110271934876, 'ign_c': 14.452451441203314, 'trop_agb_crit': 10.719494362768906, 'trop_k_veg': 1.7428926895756522, 'fuel_k': 3.6992394681929355, 'fuel_half': 81.87941582538087}.
[I 2026-07-22 18:47:37,284] Trial 817 finished with values: [10.66841283314847, 10.66841283314847] and parameters: {'k1': 0.052334804885400876, 'D_low': 8454.098152188677, 'k2': 2.1698375693549493e-05, 'D_high': 160625.60954780428, 'fire_exp': 1.182396148413737, 'P_half': 7.890004262668578, 'pre_dampen_half': 3.640068899312673, 'gpp_af': 0.0025386125063826667, 'gpp_b': 3.228689523591491e-05, 'gpp_d': 25.184822598549903, 'ign_k': 0.03141110271934876, 'ign_c': 3.0378658251922155, 'trop_agb_crit': 15.870971677383487, 'trop_k_veg': 2.1085323608231485, 'fuel_k': 5.486054129200971, 'fuel_half': 0.3335026483569958}.
[I 2026-07-22 18:47:37,728] Trial 818 finished with values: [10.626162954325508, 10.626162954325508] and parameters: {'k1': 0.0003199177539819797, 'D_low': 1.7887890916820506, 'k2': 0.001566517163094646, 'D_high': 160625.60954780428, 'fire_exp': 1.182396148413737, 'P_half': 1938.3858782150498, 'pre_dampen_half': 0.4016986062226068, 'gpp_af': 0.015350904103515228, 'gpp_b': 1.7565109007473816e-05, 'gpp_d': 857.4284557962626, 'ign_k': 0.03141110271934876, 'ign_c': 3.0378658251922155, 'trop_agb_crit': 9.362115196011851, 'trop_k_veg': 7.26254292602904, 'fuel_k': 0.08612665817296865, 'fuel_half': 0.3335026483569958}.
[I 2026-07-22 18:47:38,191] Trial 819 finished with values: [10.371981325730596, 10.371981325730596] and parameters: {'k1': 0.011966626407443505, 'D_low': 1.7887890916820506, 'k2': 0.0007081721844034209, 'D_high': 2283.4228779494524, 'fire_exp': 1.7124099831271415, 'P_half': 1.467883546187449, 'pre_dampen_half': 420.2116526335304, 'gpp_af': 0.0023751383317256927, 'gpp_b': 0.0054502936945582505, 'gpp_d': 2.2044650100999164, 'ign_k': 3.284529979576942, 'ign_c': 6.1609752947414345, 'trop_agb_crit': 29.789943908227905, 'trop_k_veg': 1.140286245977296, 'fuel_k': 0.01814068034742312, 'fuel_half': 7.259866824755671}.
[I 2026-07-22 18:47:38,630] Trial 820 finished with values: [10.483136658293773, 10.483136658293773] and parameters: {'k1': 0.011966626407443505, 'D_low': 126.11058927054879, 'k2': 0.0007081721844034209, 'D_high': 316055.11434645456, 'fire_exp': 8.791426299948917, 'P_half': 7.890004262668578, 'pre_dampen_half': 0.4016986062226068, 'gpp_af': 0.06789053271698488, 'gpp_b': 3.228689523591491e-05, 'gpp_d': 700.6693992445935, 'ign_k': 3.284529979576942, 'ign_c': 6.1609752947414345, 'trop_agb_crit': 10.719494362768906, 'trop_k_veg': 1.140286245977296, 'fuel_k': 0.08612665817296865, 'fuel_half': 7.259866824755671}.
[I 2026-07-22 18:47:39,070] Trial 821 finished with values: [10.534745827772419, 10.534745827772419] and parameters: {'k1': 2.1835747526693533e-05, 'D_low': 1.7887890916820506, 'k2': 0.001566517163094646, 'D_high': 8433503.858791472, 'fire_exp': 8.791426299948917, 'P_half': 1.4378290221680121, 'pre_dampen_half': 33.71909132517388, 'gpp_af': 0.06789053271698488, 'gpp_b': 0.00011195197602511399, 'gpp_d': 6.91394869865762, 'ign_k': 0.5131654955148324, 'ign_c': 0.13670484737132343, 'trop_agb_crit': 10.719494362768906, 'trop_k_veg': 7.26254292602904, 'fuel_k': 0.0500651901928747, 'fuel_half': 81.87941582538087}.
[I 2026-07-22 18:47:39,517] Trial 822 finished with values: [13.788206990514562, 13.788206990514562] and parameters: {'k1': 0.011966626407443505, 'D_low': 1.7887890916820506, 'k2': 0.001566517163094646, 'D_high': 316055.11434645456, 'fire_exp': 1.2242398136753672, 'P_half': 7.890004262668578, 'pre_dampen_half': 38.16075340079142, 'gpp_af': 0.06789053271698488, 'gpp_b': 1.7565109007473816e-05, 'gpp_d': 9.00460602264307, 'ign_k': 3.284529979576942, 'ign_c': 11.40086370112731, 'trop_agb_crit': 9.362115196011851, 'trop_k_veg': 7.26254292602904, 'fuel_k': 0.08612665817296865, 'fuel_half': 0.3335026483569958}.
[I 2026-07-22 18:47:39,958] Trial 823 finished with values: [21.119307218553068, 21.119307218553068] and parameters: {'k1': 0.09538174612713206, 'D_low': 4.043300846639722, 'k2': 0.001566517163094646, 'D_high': 160625.60954780428, 'fire_exp': 1.182396148413737, 'P_half': 7.890004262668578, 'pre_dampen_half': 33.97904243111269, 'gpp_af': 0.06789053271698488, 'gpp_b': 3.228689523591491e-05, 'gpp_d': 857.4284557962626, 'ign_k': 0.03141110271934876, 'ign_c': 3.0378658251922155, 'trop_agb_crit': 9.362115196011851, 'trop_k_veg': 2.417028380770307, 'fuel_k': 5.486054129200971, 'fuel_half': 0.3335026483569958}.
[I 2026-07-22 18:47:40,401] Trial 824 finished with values: [-0.6167993408704439, 0.2526161815325577] and parameters: {'k1': 0.0003199177539819797, 'D_low': 864.0717009254879, 'k2': 0.001566517163094646, 'D_high': 316055.11434645456, 'fire_exp': 1.2242398136753672, 'P_half': 7.890004262668578, 'pre_dampen_half': 0.46504594134732663, 'gpp_af': 0.015350904103515228, 'gpp_b': 1.7565109007473816e-05, 'gpp_d': 6.91394869865762, 'ign_k': 3.284529979576942, 'ign_c': 6.1609752947414345, 'trop_agb_crit': 10.719494362768906, 'trop_k_veg': 2.417028380770307, 'fuel_k': 3.6992394681929355, 'fuel_half': 81.87941582538087}.
[I 2026-07-22 18:47:40,839] Trial 825 finished with values: [10.175085540920216, 10.175085540920216] and parameters: {'k1': 0.0003199177539819797, 'D_low': 4.043300846639722, 'k2': 1.9423940721007243e-05, 'D_high': 887331.2884015184, 'fire_exp': 1.3411849220480432, 'P_half': 1938.3858782150498, 'pre_dampen_half': 19.600139992927424, 'gpp_af': 0.07961191926812566, 'gpp_b': 1.1698276136056565e-05, 'gpp_d': 857.4284557962626, 'ign_k': 0.03141110271934876, 'ign_c': 3.0378658251922155, 'trop_agb_crit': 9.362115196011851, 'trop_k_veg': 7.26254292602904, 'fuel_k': 5.486054129200971, 'fuel_half': 18.202647368248815}.
[I 2026-07-22 18:47:41,278] Trial 826 finished with values: [10.0079220268648, 10.0079220268648] and parameters: {'k1': 1.927644355988153e-05, 'D_low': 1.7887890916820506, 'k2': 0.001566517163094646, 'D_high': 316055.11434645456, 'fire_exp': 1.2242398136753672, 'P_half': 7.890004262668578, 'pre_dampen_half': 0.4016986062226068, 'gpp_af': 0.06789053271698488, 'gpp_b': 1.7565109007473816e-05, 'gpp_d': 9.00460602264307, 'ign_k': 3.284529979576942, 'ign_c': 11.40086370112731, 'trop_agb_crit': 9.362115196011851, 'trop_k_veg': 2.417028380770307, 'fuel_k': 0.08612665817296865, 'fuel_half': 0.3335026483569958}.
[I 2026-07-22 18:47:41,714] Trial 827 finished with values: [-0.6454095153190119, 0.15416227854443976] and parameters: {'k1': 0.052334804885400876, 'D_low': 13.25142220631392, 'k2': 0.001566517163094646, 'D_high': 708572.1663941594, 'fire_exp': 3.9865235442286613, 'P_half': 2.843767489444367, 'pre_dampen_half': 3.9885726374014694, 'gpp_af': 0.015350904103515228, 'gpp_b': 1.1820908383754237e-05, 'gpp_d': 9.00460602264307, 'ign_k': 0.5131654955148324, 'ign_c': 14.452451441203314, 'trop_agb_crit': 5.707205898008383, 'trop_k_veg': 0.5415365826598848, 'fuel_k': 1.1820218758583807, 'fuel_half': 0.3335026483569958}.
[I 2026-07-22 18:47:42,149] Trial 828 finished with values: [10.76923076903347, 10.76923076903347] and parameters: {'k1': 0.0029707920514735983, 'D_low': 548287.5567588649, 'k2': 0.001566517163094646, 'D_high': 266103.23651976336, 'fire_exp': 1.4439251473259103, 'P_half': 38.82837025280678, 'pre_dampen_half': 33.97904243111269, 'gpp_af': 0.015350904103515228, 'gpp_b': 3.228689523591491e-05, 'gpp_d': 857.4284557962626, 'ign_k': 0.5131654955148324, 'ign_c': 3.0378658251922155, 'trop_agb_crit': 4.576910054440526, 'trop_k_veg': 6.911478238001162, 'fuel_k': 5.486054129200971, 'fuel_half': 18.202647368248815}.
[I 2026-07-22 18:47:42,580] Trial 829 finished with values: [14.488693439461139, 14.488693439461139] and parameters: {'k1': 0.0003199177539819797, 'D_low': 1.7887890916820506, 'k2': 0.002342238625792905, 'D_high': 8433503.858791472, 'fire_exp': 1.2242398136753672, 'P_half': 1.4378290221680121, 'pre_dampen_half': 33.71909132517388, 'gpp_af': 0.06789053271698488, 'gpp_b': 1.1698276136056565e-05, 'gpp_d': 6.91394869865762, 'ign_k': 4.59148521674054, 'ign_c': 0.13670484737132343, 'trop_agb_crit': 10.719494362768906, 'trop_k_veg': 2.3408809609838257, 'fuel_k': 0.08612665817296865, 'fuel_half': 81.87941582538087}.
[I 2026-07-22 18:47:43,015] Trial 830 finished with values: [12.407484703170873, 12.407484703170873] and parameters: {'k1': 9.969469187531805e-05, 'D_low': 864.0717009254879, 'k2': 0.0009562822793888481, 'D_high': 1681956.433827372, 'fire_exp': 1.1258453832483524, 'P_half': 7.890004262668578, 'pre_dampen_half': 26.373339933815235, 'gpp_af': 0.49740621749684094, 'gpp_b': 1.1698276136056565e-05, 'gpp_d': 1.050978521342778, 'ign_k': 0.5670346335627292, 'ign_c': 14.452451441203314, 'trop_agb_crit': 15.35205868174982, 'trop_k_veg': 0.5415365826598848, 'fuel_k': 1.2528108647479208, 'fuel_half': 0.3625056554880307}.
[I 2026-07-22 18:47:43,452] Trial 831 finished with values: [10.509674056280057, 10.509674056280057] and parameters: {'k1': 0.00023352156626184448, 'D_low': 864.0717009254879, 'k2': 1.6559474674046002e-05, 'D_high': 1316.7655356434918, 'fire_exp': 1.2242398136753672, 'P_half': 38.82837025280678, 'pre_dampen_half': 0.46504594134732663, 'gpp_af': 0.12243451886824051, 'gpp_b': 0.0005392415140872105, 'gpp_d': 6.91394869865762, 'ign_k': 0.5131654955148324, 'ign_c': 3.9323495083117734, 'trop_agb_crit': 12.324775650896964, 'trop_k_veg': 2.417028380770307, 'fuel_k': 0.025506395489012103, 'fuel_half': 1.2664943797139754}.
[I 2026-07-22 18:47:43,893] Trial 832 finished with values: [11.911254324247128, 11.911254324247128] and parameters: {'k1': 0.0003199177539819797, 'D_low': 1.7887890916820506, 'k2': 0.035891558714508394, 'D_high': 580966.5602369158, 'fire_exp': 1.182396148413737, 'P_half': 334.62201030483817, 'pre_dampen_half': 420.2116526335304, 'gpp_af': 0.015350904103515228, 'gpp_b': 1.7565109007473816e-05, 'gpp_d': 9.00460602264307, 'ign_k': 0.5131654955148324, 'ign_c': 11.40086370112731, 'trop_agb_crit': 15.870971677383487, 'trop_k_veg': 2.417028380770307, 'fuel_k': 0.6137000782082781, 'fuel_half': 18.202647368248815}.
[I 2026-07-22 18:47:44,324] Trial 833 finished with values: [-0.2760013032203668, 0.18746975582007563] and parameters: {'k1': 0.011966626407443505, 'D_low': 4.043300846639722, 'k2': 0.001566517163094646, 'D_high': 316055.11434645456, 'fire_exp': 1.2310899049053081, 'P_half': 540.9803697908727, 'pre_dampen_half': 3.9885726374014694, 'gpp_af': 0.06789053271698488, 'gpp_b': 1.7565109007473816e-05, 'gpp_d': 597.9617889501159, 'ign_k': 0.03141110271934876, 'ign_c': 11.462237838612072, 'trop_agb_crit': 6.119263728555865, 'trop_k_veg': 2.417028380770307, 'fuel_k': 0.0500651901928747, 'fuel_half': 0.3335026483569958}.
[I 2026-07-22 18:47:44,760] Trial 834 finished with values: [-0.6352526857997685, 0.3569669226328146] and parameters: {'k1': 0.09538174612713206, 'D_low': 13.25142220631392, 'k2': 0.001566517163094646, 'D_high': 887331.2884015184, 'fire_exp': 1.2242398136753672, 'P_half': 7.890004262668578, 'pre_dampen_half': 0.4016986062226068, 'gpp_af': 0.25562996323356013, 'gpp_b': 1.7565109007473816e-05, 'gpp_d': 9.00460602264307, 'ign_k': 3.284529979576942, 'ign_c': 11.40086370112731, 'trop_agb_crit': 9.362115196011851, 'trop_k_veg': 0.6921865222804094, 'fuel_k': 0.0500651901928747, 'fuel_half': 0.7755445385675653}.
[I 2026-07-22 18:47:45,198] Trial 835 finished with values: [11.219541012344827, 11.219541012344827] and parameters: {'k1': 0.011966626407443505, 'D_low': 125.37743435802929, 'k2': 0.020149789847008874, 'D_high': 580966.5602369158, 'fire_exp': 1.2242398136753672, 'P_half': 56.28756950174212, 'pre_dampen_half': 74.69089369419144, 'gpp_af': 2.0269967639447075, 'gpp_b': 1.7565109007473816e-05, 'gpp_d': 9.00460602264307, 'ign_k': 0.009861808369679786, 'ign_c': 11.40086370112731, 'trop_agb_crit': 12.324775650896964, 'trop_k_veg': 0.8355408513214738, 'fuel_k': 0.018207179480706392, 'fuel_half': 0.3335026483569958}.
[I 2026-07-22 18:47:45,630] Trial 836 finished with values: [10.271637540341633, 10.271637540341633] and parameters: {'k1': 9.969469187531805e-05, 'D_low': 13.25142220631392, 'k2': 0.001566517163094646, 'D_high': 1681956.433827372, 'fire_exp': 3.313658135010505, 'P_half': 2.843767489444367, 'pre_dampen_half': 26.373339933815235, 'gpp_af': 0.06789053271698488, 'gpp_b': 0.002407352334224724, 'gpp_d': 3.0023172465753087, 'ign_k': 0.5131654955148324, 'ign_c': 14.452451441203314, 'trop_agb_crit': 15.35205868174982, 'trop_k_veg': 0.5415365826598848, 'fuel_k': 0.030458048063161637, 'fuel_half': 0.3625056554880307}.
[I 2026-07-22 18:47:46,062] Trial 837 finished with values: [10.765791485122943, 10.765791485122943] and parameters: {'k1': 2.4750421470385117e-05, 'D_low': 126.11058927054879, 'k2': 0.001566517163094646, 'D_high': 316055.11434645456, 'fire_exp': 3.2181803496180783, 'P_half': 9.324787201197319, 'pre_dampen_half': 0.46504594134732663, 'gpp_af': 0.12243451886824051, 'gpp_b': 0.0915833063055066, 'gpp_d': 0.34391397565278453, 'ign_k': 3.284529979576942, 'ign_c': 11.40086370112731, 'trop_agb_crit': 1.5774541406529003, 'trop_k_veg': 4.162616497508856, 'fuel_k': 0.08612665817296865, 'fuel_half': 81.87941582538087}.
[I 2026-07-22 18:47:46,497] Trial 838 finished with values: [12.570218450006015, 12.570218450006015] and parameters: {'k1': 0.006033623633620595, 'D_low': 864.0717009254879, 'k2': 0.001566517163094646, 'D_high': 8433503.858791472, 'fire_exp': 1.2242398136753672, 'P_half': 38.82837025280678, 'pre_dampen_half': 33.71909132517388, 'gpp_af': 0.015350904103515228, 'gpp_b': 1.7565109007473816e-05, 'gpp_d': 9.00460602264307, 'ign_k': 4.59148521674054, 'ign_c': 0.13670484737132343, 'trop_agb_crit': 10.719494362768906, 'trop_k_veg': 2.417028380770307, 'fuel_k': 3.6992394681929355, 'fuel_half': 81.87941582538087}.
