[I 2026-06-10 20:11:33,042] Trial 858 finished with values: [10.518345063910381, 10.518345063910381] and parameters: {'k1': 0.00026539376439360527, 'D_low': 236.79352040223893, 'k2': 4.933751600448335e-05, 'D_high': 42210.21267871043, 'fire_exp': 1.5191397119156032, 'P_half': 318.834644588275, 'pre_dampen_half': 189.36639872354493, 'gpp_af': 0.10098504976210308, 'gpp_b': 0.00019552902383918484, 'gpp_d': 0.4742269251269962, 'ign_k': 0.0032383308053152635, 'ign_c': 2.226297338331262, 'trop_agb_crit': 3.108985631683375, 'trop_k_veg': 2.724170387400844, 'fire_amp': 2.7806853670293616}.
[I 2026-06-10 20:11:35,400] Trial 859 finished with values: [10.210763919338904, 10.210763919338904] and parameters: {'k1': 0.03648456083047798, 'D_low': 236.79352040223893, 'k2': 0.0001280886335404798, 'D_high': 1266.9536563782303, 'fire_exp': 1.2918065501148304, 'P_half': 1.4551749476072258, 'pre_dampen_half': 4.847666216751353, 'gpp_af': 0.060029341913968644, 'gpp_b': 1.4008921101492135e-05, 'gpp_d': 304.7488318185732, 'ign_k': 0.0032383308053152635, 'ign_c': 7.081721844034206, 'trop_agb_crit': 1.8023542850487386, 'trop_k_veg': 2.724170387400844, 'fire_amp': 3.211868494428654}.
[I 2026-06-10 20:11:37,429] Trial 860 finished with values: [10.83315806373687, 10.83315806373687] and parameters: {'k1': 0.0869690639641868, 'D_low': 236.79352040223893, 'k2': 0.004679501568332817, 'D_high': 1817.0401889219124, 'fire_exp': 1.5191397119156032, 'P_half': 51.10120656497163, 'pre_dampen_half': 0.011497512044959184, 'gpp_af': 0.07118041471054574, 'gpp_b': 2.1309331861011757e-05, 'gpp_d': 0.4742269251269962, 'ign_k': 0.0032383308053152635, 'ign_c': 22.126836566118193, 'trop_agb_crit': 1.8023542850487386, 'trop_k_veg': 0.975900407343733, 'fire_amp': 2.7806853670293616}.
[I 2026-06-10 20:11:38,854] Trial 861 finished with values: [10.782245017994024, 10.782245017994024] and parameters: {'k1': 0.0869690639641868, 'D_low': 236.79352040223893, 'k2': 0.019383858782150494, 'D_high': 6682.9607218310075, 'fire_exp': 1.1633452995374232, 'P_half': 8007.464457322735, 'pre_dampen_half': 4.847666216751353, 'gpp_af': 2.5017068255320485, 'gpp_b': 1.4008921101492135e-05, 'gpp_d': 304.7488318185732, 'ign_k': 1.6074906204277295, 'ign_c': 1.364908766641693, 'trop_agb_crit': 26.146349182924812, 'trop_k_veg': 0.7808079158649266, 'fire_amp': 2.7806853670293616}.
[I 2026-06-10 20:11:40,223] Trial 862 finished with values: [13.956428936402105, 13.956428936402105] and parameters: {'k1': 9.132348475718357e-05, 'D_low': 2186.356344942016, 'k2': 0.019383858782150494, 'D_high': 20103.283734409175, 'fire_exp': 1.2060040899560858, 'P_half': 5.4712187293420325, 'pre_dampen_half': 121.93011993958949, 'gpp_af': 0.07118041471054574, 'gpp_b': 5.0875243087016374e-05, 'gpp_d': 0.47379914349407487, 'ign_k': 0.9419612235978201, 'ign_c': 7.081721844034206, 'trop_agb_crit': 2.100813292597435, 'trop_k_veg': 6.963655030926962, 'fire_amp': 2.7806853670293616}.
[I 2026-06-10 20:11:41,584] Trial 863 finished with values: [10.267496282372019, 10.267496282372019] and parameters: {'k1': 0.0869690639641868, 'D_low': 2.843767489444367, 'k2': 0.019383858782150494, 'D_high': 1266.9536563782303, 'fire_exp': 1.2060040899560858, 'P_half': 84.3508388778244, 'pre_dampen_half': 2.7496044350174866, 'gpp_af': 20.12115544906385, 'gpp_b': 0.006999112505425414, 'gpp_d': 20.81401325574021, 'ign_k': 0.0032383308053152635, 'ign_c': 0.2747544877072544, 'trop_agb_crit': 12.9667438075127, 'trop_k_veg': 2.99731137426955, 'fire_amp': 2.042193818779288}.
[I 2026-06-10 20:11:42,971] Trial 864 finished with values: [10.15741758788352, 10.15741758788352] and parameters: {'k1': 0.0869690639641868, 'D_low': 2.843767489444367, 'k2': 0.019383858782150494, 'D_high': 1266.9536563782303, 'fire_exp': 1.2918065501148304, 'P_half': 5.4712187293420325, 'pre_dampen_half': 9.044346216330972, 'gpp_af': 20.12115544906385, 'gpp_b': 0.006999112505425414, 'gpp_d': 0.4742269251269962, 'ign_k': 0.0032383308053152635, 'ign_c': 22.126836566118193, 'trop_agb_crit': 12.9667438075127, 'trop_k_veg': 4.167664671344212, 'fire_amp': 2.042193818779288}.
[I 2026-06-10 20:11:44,559] Trial 865 finished with values: [10.530670272485404, 10.530670272485404] and parameters: {'k1': 0.0869690639641868, 'D_low': 155.5385177474217, 'k2': 0.019383858782150494, 'D_high': 1817.0401889219124, 'fire_exp': 1.5191397119156032, 'P_half': 51.10120656497163, 'pre_dampen_half': 9.044346216330972, 'gpp_af': 0.060029341913968644, 'gpp_b': 0.005324318259022292, 'gpp_d': 0.4742269251269962, 'ign_k': 0.0032383308053152635, 'ign_c': 238.46702350126745, 'trop_agb_crit': 5.588032458772675, 'trop_k_veg': 1.6648666152166967, 'fire_amp': 5.44779717154213}.
[I 2026-06-10 20:11:46,044] Trial 866 finished with values: [10.6507462509764, 10.6507462509764] and parameters: {'k1': 0.03648456083047798, 'D_low': 236.79352040223893, 'k2': 0.0001280886335404798, 'D_high': 24.9899605789089, 'fire_exp': 1.5191397119156032, 'P_half': 5.4712187293420325, 'pre_dampen_half': 4.847666216751353, 'gpp_af': 0.07118041471054574, 'gpp_b': 1.4008921101492135e-05, 'gpp_d': 0.03927259340973166, 'ign_k': 0.0032383308053152635, 'ign_c': 0.24679157131719837, 'trop_agb_crit': 12.708819454040446, 'trop_k_veg': 0.7808079158649266, 'fire_amp': 2.3984211831442845}.
[I 2026-06-10 20:11:47,481] Trial 867 finished with values: [10.24547718935483, 10.24547718935483] and parameters: {'k1': 0.03648456083047798, 'D_low': 236.79352040223893, 'k2': 0.019383858782150494, 'D_high': 20103.283734409175, 'fire_exp': 1.5191397119156032, 'P_half': 3.591771421517613, 'pre_dampen_half': 4.847666216751353, 'gpp_af': 0.07118041471054574, 'gpp_b': 5.0875243087016374e-05, 'gpp_d': 0.47379914349407487, 'ign_k': 0.9419612235978201, 'ign_c': 7.081721844034206, 'trop_agb_crit': 1.8023542850487386, 'trop_k_veg': 0.7808079158649266, 'fire_amp': 3.457960730172751}.
[I 2026-06-10 20:11:48,886] Trial 868 finished with values: [10.291170781700758, 10.291170781700758] and parameters: {'k1': 5.7909642338812115e-05, 'D_low': 408.3047491580097, 'k2': 0.0007731571570012607, 'D_high': 6682.9607218310075, 'fire_exp': 1.4126958348191876, 'P_half': 5.4712187293420325, 'pre_dampen_half': 4.847666216751353, 'gpp_af': 0.9219336658511308, 'gpp_b': 0.001674375583895437, 'gpp_d': 304.7488318185732, 'ign_k': 0.0029519227433917453, 'ign_c': 1.364908766641693, 'trop_agb_crit': 1.8023542850487386, 'trop_k_veg': 0.5535297685306277, 'fire_amp': 2.7806853670293616}.
[I 2026-06-10 20:11:50,368] Trial 869 finished with values: [-0.5367541051763883, 0.15338583052796384] and parameters: {'k1': 0.030699709531122967, 'D_low': 146.24004590125713, 'k2': 0.019383858782150494, 'D_high': 6682.9607218310075, 'fire_exp': 1.2918065501148304, 'P_half': 1.4551749476072258, 'pre_dampen_half': 4.847666216751353, 'gpp_af': 2.5017068255320485, 'gpp_b': 5.0875243087016374e-05, 'gpp_d': 0.03927259340973166, 'ign_k': 0.004105873950290761, 'ign_c': 22.126836566118193, 'trop_agb_crit': 1.513702538071769, 'trop_k_veg': 0.8262197191676174, 'fire_amp': 2.7806853670293616}.
[I 2026-06-10 20:11:52,006] Trial 870 finished with values: [-0.4681990488659596, 0.19287439269164375] and parameters: {'k1': 5.178197947282869e-05, 'D_low': 408.3047491580097, 'k2': 0.0007731571570012607, 'D_high': 27.55546207779663, 'fire_exp': 1.1633452995374232, 'P_half': 51.10120656497163, 'pre_dampen_half': 903.3231300044874, 'gpp_af': 0.005061568304359487, 'gpp_b': 0.0036065155862388338, 'gpp_d': 1.0088237648985734, 'ign_k': 0.0032383308053152635, 'ign_c': 14.709699119495124, 'trop_agb_crit': 3.108985631683375, 'trop_k_veg': 5.453348988480011, 'fire_amp': 3.1045399027418377}.
[I 2026-06-10 20:11:53,942] Trial 871 finished with values: [10.758912715676244, 10.758912715676244] and parameters: {'k1': 0.030699709531122967, 'D_low': 19.89315688058566, 'k2': 0.0001280886335404798, 'D_high': 1817.0401889219124, 'fire_exp': 1.5191397119156032, 'P_half': 5.4712187293420325, 'pre_dampen_half': 9.044346216330972, 'gpp_af': 0.035629505481532577, 'gpp_b': 1.4008921101492135e-05, 'gpp_d': 0.4742269251269962, 'ign_k': 0.17320535908244444, 'ign_c': 22.126836566118193, 'trop_agb_crit': 12.279079504118675, 'trop_k_veg': 0.5535297685306277, 'fire_amp': 2.6192385880432525}.
[I 2026-06-10 20:11:55,454] Trial 872 finished with values: [14.305484739004878, 14.305484739004878] and parameters: {'k1': 5.178197947282869e-05, 'D_low': 80.1811936889058, 'k2': 0.0002442377596403892, 'D_high': 31301.15118850836, 'fire_exp': 1.7505406131449859, 'P_half': 1.4551749476072258, 'pre_dampen_half': 903.3231300044874, 'gpp_af': 0.07576025464197739, 'gpp_b': 1.4008921101492135e-05, 'gpp_d': 21.899070557043984, 'ign_k': 0.0032383308053152635, 'ign_c': 14.709699119495124, 'trop_agb_crit': 1.850652607502099, 'trop_k_veg': 2.724170387400844, 'fire_amp': 3.1045399027418377}.
[I 2026-06-10 20:11:56,917] Trial 873 finished with values: [10.317551980163909, 10.317551980163909] and parameters: {'k1': 5.7909642338812115e-05, 'D_low': 1.7551403048208316, 'k2': 0.019383858782150494, 'D_high': 32311.521854410956, 'fire_exp': 1.111738490499784, 'P_half': 3.591771421517613, 'pre_dampen_half': 4.847666216751353, 'gpp_af': 0.060029341913968644, 'gpp_b': 0.006999112505425414, 'gpp_d': 1.4397852866783676, 'ign_k': 0.002357279455676982, 'ign_c': 22.126836566118193, 'trop_agb_crit': 1.8023542850487386, 'trop_k_veg': 1.6648666152166967, 'fire_amp': 2.7806853670293616}.
[I 2026-06-10 20:11:58,421] Trial 874 finished with values: [10.280236535597414, 10.280236535597414] and parameters: {'k1': 0.03648456083047798, 'D_low': 236.79352040223893, 'k2': 0.0001280886335404798, 'D_high': 20103.283734409175, 'fire_exp': 1.1633452995374232, 'P_half': 5.4712187293420325, 'pre_dampen_half': 9.044346216330972, 'gpp_af': 0.9219336658511308, 'gpp_b': 0.001674375583895437, 'gpp_d': 0.4742269251269962, 'ign_k': 0.0032383308053152635, 'ign_c': 22.126836566118193, 'trop_agb_crit': 1.8023542850487386, 'trop_k_veg': 0.7808079158649266, 'fire_amp': 2.7806853670293616}.
[I 2026-06-10 20:11:59,995] Trial 875 finished with values: [10.62969667920117, 10.62969667920117] and parameters: {'k1': 0.0003783599106879794, 'D_low': 49.539659199197295, 'k2': 0.019383858782150494, 'D_high': 6682.9607218310075, 'fire_exp': 1.5191397119156032, 'P_half': 51.10120656497163, 'pre_dampen_half': 4.847666216751353, 'gpp_af': 0.07118041471054574, 'gpp_b': 0.001674375583895437, 'gpp_d': 0.4742269251269962, 'ign_k': 0.0032383308053152635, 'ign_c': 1.364908766641693, 'trop_agb_crit': 5.588032458772675, 'trop_k_veg': 5.453348988480011, 'fire_amp': 2.7806853670293616}.
[I 2026-06-10 20:12:01,575] Trial 876 finished with values: [-0.5057344582191164, 0.13627519660288456] and parameters: {'k1': 0.0006883147458933808, 'D_low': 1.7551403048208316, 'k2': 0.0001280886335404798, 'D_high': 32311.521854410956, 'fire_exp': 1.111738490499784, 'P_half': 12.262543158860007, 'pre_dampen_half': 121.93011993958949, 'gpp_af': 3.298293484806585, 'gpp_b': 0.006999112505425414, 'gpp_d': 0.030844007727232167, 'ign_k': 0.002357279455676982, 'ign_c': 7.081721844034206, 'trop_agb_crit': 1.8023542850487386, 'trop_k_veg': 0.5535297685306277, 'fire_amp': 2.042193818779288}.
[I 2026-06-10 20:12:02,996] Trial 877 finished with values: [10.605014397700717, 10.605014397700717] and parameters: {'k1': 0.03648456083047798, 'D_low': 2267.735223551285, 'k2': 0.0007731571570012607, 'D_high': 6682.9607218310075, 'fire_exp': 1.1633452995374232, 'P_half': 1.4551749476072258, 'pre_dampen_half': 4.847666216751353, 'gpp_af': 0.060029341913968644, 'gpp_b': 1.4008921101492135e-05, 'gpp_d': 0.4742269251269962, 'ign_k': 0.0032383308053152635, 'ign_c': 138.05946158117075, 'trop_agb_crit': 1.8023542850487386, 'trop_k_veg': 2.724170387400844, 'fire_amp': 2.7806853670293616}.
[I 2026-06-10 20:12:04,464] Trial 878 finished with values: [10.833331410320753, 10.833331410320753] and parameters: {'k1': 0.03648456083047798, 'D_low': 236.79352040223893, 'k2': 0.0001280886335404798, 'D_high': 1817.0401889219124, 'fire_exp': 7.7998219494546595, 'P_half': 1.4551749476072258, 'pre_dampen_half': 4.847666216751353, 'gpp_af': 0.060029341913968644, 'gpp_b': 1.4008921101492135e-05, 'gpp_d': 0.4742269251269962, 'ign_k': 0.0032383308053152635, 'ign_c': 1.364908766641693, 'trop_agb_crit': 1.8023542850487386, 'trop_k_veg': 1.6648666152166967, 'fire_amp': 5.538534697983617}.
[I 2026-06-10 20:12:05,930] Trial 879 finished with values: [10.644153362608103, 10.644153362608103] and parameters: {'k1': 5.178197947282869e-05, 'D_low': 408.3047491580097, 'k2': 0.005082220961627801, 'D_high': 8912.611835817017, 'fire_exp': 1.4690410989404576, 'P_half': 3.591771421517613, 'pre_dampen_half': 4.847666216751353, 'gpp_af': 0.060029341913968644, 'gpp_b': 0.004411400434514031, 'gpp_d': 304.7488318185732, 'ign_k': 0.0032383308053152635, 'ign_c': 14.709699119495124, 'trop_agb_crit': 3.108985631683375, 'trop_k_veg': 2.724170387400844, 'fire_amp': 3.1045399027418377}.
[I 2026-06-10 20:12:07,468] Trial 880 finished with values: [10.8333264977871, 10.8333264977871] and parameters: {'k1': 0.0003445931091927334, 'D_low': 408.3047491580097, 'k2': 0.0002442377596403892, 'D_high': 451.02062878998754, 'fire_exp': 6.122141825699288, 'P_half': 7.914423612155368, 'pre_dampen_half': 903.3231300044874, 'gpp_af': 0.07118041471054574, 'gpp_b': 0.004411400434514031, 'gpp_d': 0.37760216765950283, 'ign_k': 0.00636406716773548, 'ign_c': 14.709699119495124, 'trop_agb_crit': 21.086120736447015, 'trop_k_veg': 0.8262197191676174, 'fire_amp': 1.5719333351012774}.
[I 2026-06-10 20:12:08,922] Trial 881 finished with values: [10.403546046519256, 10.403546046519256] and parameters: {'k1': 5.7909642338812115e-05, 'D_low': 2267.735223551285, 'k2': 0.0007731571570012607, 'D_high': 6682.9607218310075, 'fire_exp': 1.1633452995374232, 'P_half': 5.4712187293420325, 'pre_dampen_half': 27.58503443495818, 'gpp_af': 0.9219336658511308, 'gpp_b': 0.004222977274601172, 'gpp_d': 304.7488318185732, 'ign_k': 0.010439567055209046, 'ign_c': 230.93317030826512, 'trop_agb_crit': 1.139620825053645, 'trop_k_veg': 1.6648666152166967, 'fire_amp': 2.7806853670293616}.
[I 2026-06-10 20:12:10,284] Trial 882 finished with values: [11.547733836915766, 11.547733836915766] and parameters: {'k1': 0.04046205802397579, 'D_low': 1.7551403048208316, 'k2': 0.029687184908302574, 'D_high': 32311.521854410956, 'fire_exp': 1.811096651915224, 'P_half': 7.914423612155368, 'pre_dampen_half': 121.93011993958949, 'gpp_af': 0.07118041471054574, 'gpp_b': 0.00031478066835753096, 'gpp_d': 0.1619054449471649, 'ign_k': 0.002357279455676982, 'ign_c': 7.081721844034206, 'trop_agb_crit': 12.708819454040446, 'trop_k_veg': 2.9779319378885387, 'fire_amp': 1.5719333351012774}.
[I 2026-06-10 20:12:11,730] Trial 883 finished with values: [10.678914378551433, 10.678914378551433] and parameters: {'k1': 0.03648456083047798, 'D_low': 408.3047491580097, 'k2': 0.0007731571570012607, 'D_high': 1266.9536563782303, 'fire_exp': 1.1633452995374232, 'P_half': 70.13097205353067, 'pre_dampen_half': 4.847666216751353, 'gpp_af': 0.060029341913968644, 'gpp_b': 0.001674375583895437, 'gpp_d': 0.03927259340973166, 'ign_k': 0.0032383308053152635, 'ign_c': 7.081721844034206, 'trop_agb_crit': 1.8023542850487386, 'trop_k_veg': 2.724170387400844, 'fire_amp': 3.1045399027418377}.
[I 2026-06-10 20:12:13,220] Trial 884 finished with values: [10.252641631376157, 10.252641631376157] and parameters: {'k1': 0.03648456083047798, 'D_low': 236.79352040223893, 'k2': 0.019383858782150494, 'D_high': 6682.9607218310075, 'fire_exp': 1.1633452995374232, 'P_half': 353.8391696694433, 'pre_dampen_half': 4.847666216751353, 'gpp_af': 0.2204465010099918, 'gpp_b': 0.001674375583895437, 'gpp_d': 304.7488318185732, 'ign_k': 0.0032383308053152635, 'ign_c': 43.39260158221387, 'trop_agb_crit': 1.8023542850487386, 'trop_k_veg': 0.5535297685306277, 'fire_amp': 3.457960730172751}.
[I 2026-06-10 20:12:15,354] Trial 885 finished with values: [-0.45676017719958795, 0.1294792275191855] and parameters: {'k1': 5.7909642338812115e-05, 'D_low': 2267.735223551285, 'k2': 0.0007731571570012607, 'D_high': 6682.9607218310075, 'fire_exp': 1.1633452995374232, 'P_half': 3.591771421517613, 'pre_dampen_half': 4.847666216751353, 'gpp_af': 0.9219336658511308, 'gpp_b': 0.001674375583895437, 'gpp_d': 304.7488318185732, 'ign_k': 0.0032383308053152635, 'ign_c': 1.364908766641693, 'trop_agb_crit': 1.8023542850487386, 'trop_k_veg': 5.453348988480011, 'fire_amp': 2.7806853670293616}.
[I 2026-06-10 20:12:16,768] Trial 886 finished with values: [-0.6326839684558303, 0.08742608354906978] and parameters: {'k1': 0.0869690639641868, 'D_low': 236.79352040223893, 'k2': 0.019383858782150494, 'D_high': 1817.0401889219124, 'fire_exp': 1.5191397119156032, 'P_half': 1.4551749476072258, 'pre_dampen_half': 9.044346216330972, 'gpp_af': 0.10098504976210308, 'gpp_b': 2.1309331861011757e-05, 'gpp_d': 0.4742269251269962, 'ign_k': 0.0032383308053152635, 'ign_c': 2.226297338331262, 'trop_agb_crit': 3.108985631683375, 'trop_k_veg': 2.724170387400844, 'fire_amp': 3.211868494428654}.
[I 2026-06-10 20:12:18,168] Trial 887 finished with values: [10.010680739750763, 10.010680739750763] and parameters: {'k1': 0.0869690639641868, 'D_low': 236.79352040223893, 'k2': 0.0001280886335404798, 'D_high': 1817.0401889219124, 'fire_exp': 1.2918065501148304, 'P_half': 1.4551749476072258, 'pre_dampen_half': 8.259599205585761, 'gpp_af': 0.10098504976210308, 'gpp_b': 5.0875243087016374e-05, 'gpp_d': 298.943216845222, 'ign_k': 0.037151317999473285, 'ign_c': 7.081721844034206, 'trop_agb_crit': 1.8023542850487386, 'trop_k_veg': 2.9214381145106936, 'fire_amp': 3.457960730172751}.
[I 2026-06-10 20:12:19,549] Trial 888 finished with values: [-0.3951084466977382, 0.0984888717145237] and parameters: {'k1': 5.7909642338812115e-05, 'D_low': 236.79352040223893, 'k2': 0.0007731571570012607, 'D_high': 20103.283734409175, 'fire_exp': 1.1633452995374232, 'P_half': 5.4712187293420325, 'pre_dampen_half': 4.847666216751353, 'gpp_af': 0.9219336658511308, 'gpp_b': 0.001674375583895437, 'gpp_d': 0.47379914349407487, 'ign_k': 0.0032383308053152635, 'ign_c': 7.081721844034206, 'trop_agb_crit': 1.8023542850487386, 'trop_k_veg': 0.7808079158649266, 'fire_amp': 2.7806853670293616}.
[I 2026-06-10 20:12:21,055] Trial 889 finished with values: [-0.2475828145298535, 0.14322445475243695] and parameters: {'k1': 5.7909642338812115e-05, 'D_low': 236.79352040223893, 'k2': 0.0007731571570012607, 'D_high': 6682.9607218310075, 'fire_exp': 1.1633452995374232, 'P_half': 5.4712187293420325, 'pre_dampen_half': 9.044346216330972, 'gpp_af': 1.1739995320396222, 'gpp_b': 1.4008921101492135e-05, 'gpp_d': 0.4742269251269962, 'ign_k': 0.0032383308053152635, 'ign_c': 7.081721844034206, 'trop_agb_crit': 1.8023542850487386, 'trop_k_veg': 0.7808079158649266, 'fire_amp': 1.1268480791003903}.
[I 2026-06-10 20:12:22,586] Trial 890 finished with values: [10.035304513620352, 10.035304513620352] and parameters: {'k1': 0.03648456083047798, 'D_low': 236.79352040223893, 'k2': 0.019383858782150494, 'D_high': 6682.9607218310075, 'fire_exp': 1.5191397119156032, 'P_half': 3.591771421517613, 'pre_dampen_half': 4.847666216751353, 'gpp_af': 0.060029341913968644, 'gpp_b': 1.4008921101492135e-05, 'gpp_d': 304.7488318185732, 'ign_k': 0.0032383308053152635, 'ign_c': 7.081721844034206, 'trop_agb_crit': 1.8023542850487386, 'trop_k_veg': 0.7808079158649266, 'fire_amp': 2.7806853670293616}.
[I 2026-06-10 20:12:24,007] Trial 891 finished with values: [10.528255155434303, 10.528255155434303] and parameters: {'k1': 0.0869690639641868, 'D_low': 148.21691630007544, 'k2': 0.0011847646505012493, 'D_high': 1817.0401889219124, 'fire_exp': 1.5191397119156032, 'P_half': 157.80309954142965, 'pre_dampen_half': 9.044346216330972, 'gpp_af': 0.10098504976210308, 'gpp_b': 0.001674375583895437, 'gpp_d': 304.7488318185732, 'ign_k': 0.0032383308053152635, 'ign_c': 22.126836566118193, 'trop_agb_crit': 5.588032458772675, 'trop_k_veg': 1.6648666152166967, 'fire_amp': 2.7806853670293616}.
[I 2026-06-10 20:12:25,391] Trial 892 finished with values: [10.579210850837839, 10.579210850837839] and parameters: {'k1': 5.178197947282869e-05, 'D_low': 408.3047491580097, 'k2': 4.933751600448335e-05, 'D_high': 39.872732880952434, 'fire_exp': 1.1633452995374232, 'P_half': 7.914423612155368, 'pre_dampen_half': 189.36639872354493, 'gpp_af': 0.007531064950403672, 'gpp_b': 2.1309331861011757e-05, 'gpp_d': 21.899070557043984, 'ign_k': 0.17320535908244444, 'ign_c': 14.709699119495124, 'trop_agb_crit': 3.108985631683375, 'trop_k_veg': 5.453348988480011, 'fire_amp': 3.1045399027418377}.
[I 2026-06-10 20:12:26,811] Trial 893 finished with values: [10.09009823019149, 10.09009823019149] and parameters: {'k1': 0.00890707429605718, 'D_low': 49.539659199197295, 'k2': 0.0007731571570012607, 'D_high': 48235.58283024493, 'fire_exp': 1.5191397119156032, 'P_half': 1.4551749476072258, 'pre_dampen_half': 3.640068899312672, 'gpp_af': 0.07118041471054574, 'gpp_b': 2.1309331861011757e-05, 'gpp_d': 0.4742269251269962, 'ign_k': 0.0032383308053152635, 'ign_c': 0.4177928311636542, 'trop_agb_crit': 1.8023542850487386, 'trop_k_veg': 5.453348988480011, 'fire_amp': 2.7806853670293616}.
[I 2026-06-10 20:12:28,271] Trial 894 finished with values: [10.303920870482182, 10.303920870482182] and parameters: {'k1': 0.0869690639641868, 'D_low': 236.79352040223893, 'k2': 0.019383858782150494, 'D_high': 5259.096221580009, 'fire_exp': 1.2918065501148304, 'P_half': 1.4551749476072258, 'pre_dampen_half': 4.847666216751353, 'gpp_af': 2.5017068255320485, 'gpp_b': 1.4008921101492135e-05, 'gpp_d': 1.4397852866783676, 'ign_k': 0.004105873950290761, 'ign_c': 22.126836566118193, 'trop_agb_crit': 2.100813292597435, 'trop_k_veg': 2.724170387400844, 'fire_amp': 2.7806853670293616}.
