[I 2026-08-06 10:46:16,324] Trial 208 finished with values: [-0.5673795739051538, 0.11223681074820269] and parameters: {'k1': 0.00488137519160367, 'D_low': 520.4862686958022, 'k2': 8.923807143379776e-05, 'D_high': 8182.111518618414, 'fire_exp': 1.221575427404682, 'P_half': 140.74279366401683, 'pre_dampen_half': 331.7366635899375, 'gpp_af': 5.335773317316405, 'gpp_b': 0.012132126638791128, 'gpp_d': 82.84476373292449, 'ign_k': 0.019192001101561888, 'ign_c': 30.785541778315018, 'trop_agb_crit': 18.785197416433792, 'trop_k_veg': 1.140286245977296}.
[I 2026-08-06 10:46:17,606] Trial 209 finished with values: [10.62104792374288, 10.62104792374288] and parameters: {'k1': 0.008287522363768155, 'D_low': 7.299348683062307, 'k2': 0.003101429427212743, 'D_high': 21.947742689197344, 'fire_exp': 1.1263716762638152, 'P_half': 133.4807155996069, 'pre_dampen_half': 5.048653998722947, 'gpp_af': 1.5386842469144075, 'gpp_b': 0.22727308251068193, 'gpp_d': 418.77522137884927, 'ign_k': 0.11619873314872933, 'ign_c': 1.9580595319750387, 'trop_agb_crit': 1.0903028125370984, 'trop_k_veg': 1.0594599158279707}.
[I 2026-08-06 10:46:18,925] Trial 210 finished with values: [10.586509592045815, 10.586509592045815] and parameters: {'k1': 0.00012868405331151612, 'D_low': 7660.074273652683, 'k2': 0.05985024829384177, 'D_high': 3346.220103048382, 'fire_exp': 1.1263716762638152, 'P_half': 221.2683656611821, 'pre_dampen_half': 7.665128204660195, 'gpp_af': 85.32056493640629, 'gpp_b': 0.22727308251068193, 'gpp_d': 229.41380323183625, 'ign_k': 0.017302564033031168, 'ign_c': 1.9580595319750387, 'trop_agb_crit': 10.691477813613638, 'trop_k_veg': 0.7848385206902946}.
[I 2026-08-06 10:46:20,256] Trial 211 finished with values: [10.746790154283536, 10.746790154283536] and parameters: {'k1': 0.00012868405331151612, 'D_low': 78.86001704920405, 'k2': 0.0007158031739371039, 'D_high': 3346.220103048382, 'fire_exp': 2.346778510892046, 'P_half': 102.4585893986732, 'pre_dampen_half': 1.3833139021965035, 'gpp_af': 85.32056493640629, 'gpp_b': 1.4868114807380364, 'gpp_d': 229.41380323183625, 'ign_k': 5.351470428717437, 'ign_c': 3.470490935437501, 'trop_agb_crit': 8.983402272488592, 'trop_k_veg': 0.7848385206902946}.
[I 2026-08-06 10:46:21,531] Trial 212 finished with values: [10.49871489762644, 10.49871489762644] and parameters: {'k1': 0.008287522363768155, 'D_low': 5.59983195169599, 'k2': 0.0007047307383115598, 'D_high': 21.947742689197344, 'fire_exp': 1.2611826901294014, 'P_half': 712.8188058401365, 'pre_dampen_half': 63.6685916079943, 'gpp_af': 1.5386842469144075, 'gpp_b': 2.6738182964551835e-05, 'gpp_d': 8.057329182285729, 'ign_k': 0.004144296901136395, 'ign_c': 5.13055176058983, 'trop_agb_crit': 6.119263728555865, 'trop_k_veg': 1.0594599158279707}.
[I 2026-08-06 10:46:22,830] Trial 213 finished with values: [10.680495394793551, 10.680495394793551] and parameters: {'k1': 0.05778755734457457, 'D_low': 1228.2126524008484, 'k2': 0.0007047307383115598, 'D_high': 42210.21267871043, 'fire_exp': 1.2918065501148304, 'P_half': 221.2683656611821, 'pre_dampen_half': 1.3833139021965035, 'gpp_af': 0.2204465010099918, 'gpp_b': 1.4540386644083135e-05, 'gpp_d': 229.41380323183625, 'ign_k': 5.351470428717437, 'ign_c': 18.219343937475102, 'trop_agb_crit': 10.691477813613638, 'trop_k_veg': 5.198868247525917}.
[I 2026-08-06 10:46:24,144] Trial 214 finished with values: [10.751124082219965, 10.751124082219965] and parameters: {'k1': 0.002155595057104387, 'D_low': 2.4622754931226587, 'k2': 0.0001889739291279833, 'D_high': 2289.1315306837046, 'fire_exp': 1.423480109671474, 'P_half': 221.2683656611821, 'pre_dampen_half': 0.9829324480069708, 'gpp_af': 1.200191344086032, 'gpp_b': 0.012132126638791128, 'gpp_d': 1.279742971294904, 'ign_k': 0.0315101491238403, 'ign_c': 31.874227118134094, 'trop_agb_crit': 18.785197416433792, 'trop_k_veg': 6.955154171468271}.
[I 2026-08-06 10:46:25,416] Trial 215 finished with values: [10.768284527163065, 10.768284527163065] and parameters: {'k1': 0.01889771394135163, 'D_low': 4182.178526757453, 'k2': 1.1065812688893481e-05, 'D_high': 18.942844905792818, 'fire_exp': 1.0601964743503993, 'P_half': 2068.53034640896, 'pre_dampen_half': 0.029662981696401067, 'gpp_af': 2.6003623362924237, 'gpp_b': 2.6738182964551835e-05, 'gpp_d': 84.31013932082456, 'ign_k': 0.11619873314872933, 'ign_c': 1.9580595319750387, 'trop_agb_crit': 7.500118950416987, 'trop_k_veg': 1.0923378209074766}.
[I 2026-08-06 10:46:26,692] Trial 216 finished with values: [10.76809007178529, 10.76809007178529] and parameters: {'k1': 0.012021930484915042, 'D_low': 7.299348683062307, 'k2': 0.003101429427212743, 'D_high': 107.53522341516504, 'fire_exp': 1.695318866910499, 'P_half': 3227.0237615158, 'pre_dampen_half': 0.9166964238460105, 'gpp_af': 0.0049748543504537545, 'gpp_b': 0.00431329787498825, 'gpp_d': 757.2868182332339, 'ign_k': 0.07091190338709638, 'ign_c': 1.9580595319750387, 'trop_agb_crit': 1.0693376406863295, 'trop_k_veg': 1.0594599158279707}.
[I 2026-08-06 10:46:28,068] Trial 217 finished with values: [10.758418973948425, 10.758418973948425] and parameters: {'k1': 0.012021930484915042, 'D_low': 7.299348683062307, 'k2': 0.003101429427212743, 'D_high': 1236.6924205139144, 'fire_exp': 1.2918065501148304, 'P_half': 3227.0237615158, 'pre_dampen_half': 0.011396414164620812, 'gpp_af': 0.0049748543504537545, 'gpp_b': 2.176805640408474e-05, 'gpp_d': 0.03927259340973166, 'ign_k': 0.07091190338709638, 'ign_c': 0.1406146398517664, 'trop_agb_crit': 12.647327018493208, 'trop_k_veg': 1.0594599158279707}.
[I 2026-08-06 10:46:29,353] Trial 218 finished with values: [10.749431579238465, 10.749431579238465] and parameters: {'k1': 0.00010758866306767925, 'D_low': 1228.2126524008484, 'k2': 0.004579192310322934, 'D_high': 21.947742689197344, 'fire_exp': 1.0601964743503993, 'P_half': 4.213183643253957, 'pre_dampen_half': 0.2888838362365318, 'gpp_af': 1.9706963379095486, 'gpp_b': 1.4540386644083135e-05, 'gpp_d': 14.638860976621418, 'ign_k': 0.0035281132746849977, 'ign_c': 2.4936660834465174, 'trop_agb_crit': 7.599113148200974, 'trop_k_veg': 0.6673124511410327}.
[I 2026-08-06 10:46:30,651] Trial 219 finished with values: [10.627547661201628, 10.627547661201628] and parameters: {'k1': 0.002155595057104387, 'D_low': 355.00125258511594, 'k2': 0.0003432139136241583, 'D_high': 21.947742689197344, 'fire_exp': 1.2611826901294014, 'P_half': 314.0161493033586, 'pre_dampen_half': 3.3841016089580034, 'gpp_af': 1.5386842469144075, 'gpp_b': 0.14577755664212386, 'gpp_d': 229.41380323183625, 'ign_k': 5.351470428717437, 'ign_c': 5.13055176058983, 'trop_agb_crit': 10.691477813613638, 'trop_k_veg': 1.0594599158279707}.
[I 2026-08-06 10:46:31,950] Trial 220 finished with values: [10.743013923361216, 10.743013923361216] and parameters: {'k1': 2.316457903103837e-05, 'D_low': 7.299348683062307, 'k2': 0.003101429427212743, 'D_high': 1236.6924205139144, 'fire_exp': 1.221575427404682, 'P_half': 712.8188058401365, 'pre_dampen_half': 0.14126812677903758, 'gpp_af': 0.6403036652671171, 'gpp_b': 0.22727308251068193, 'gpp_d': 757.2868182332339, 'ign_k': 0.07091190338709638, 'ign_c': 1.9580595319750387, 'trop_agb_crit': 14.948114979829949, 'trop_k_veg': 0.6984687829911091}.
[I 2026-08-06 10:46:33,295] Trial 221 finished with values: [10.714185591833452, 10.714185591833452] and parameters: {'k1': 0.002155595057104387, 'D_low': 1.9977959434035766, 'k2': 0.0007047307383115598, 'D_high': 107.53522341516504, 'fire_exp': 1.695318866910499, 'P_half': 2.0314811950454943, 'pre_dampen_half': 3.3841016089580034, 'gpp_af': 1.6059727222314273, 'gpp_b': 1.284284091405877e-05, 'gpp_d': 5.1715677287580455, 'ign_k': 5.351470428717437, 'ign_c': 18.219343937475102, 'trop_agb_crit': 10.691477813613638, 'trop_k_veg': 0.6673124511410327}.
[I 2026-08-06 10:46:34,610] Trial 222 finished with values: [10.76917557241888, 10.76917557241888] and parameters: {'k1': 0.002155595057104387, 'D_low': 984.098934375832, 'k2': 0.0007047307383115598, 'D_high': 3346.220103048382, 'fire_exp': 4.969226308995625, 'P_half': 221.2683656611821, 'pre_dampen_half': 7.665128204660195, 'gpp_af': 1.5386842469144075, 'gpp_b': 0.0059594790418686545, 'gpp_d': 54.620376657085984, 'ign_k': 0.017302564033031168, 'ign_c': 18.219343937475102, 'trop_agb_crit': 10.691477813613638, 'trop_k_veg': 0.7848385206902946}.
[I 2026-08-06 10:46:35,925] Trial 223 finished with values: [10.7691934461675, 10.7691934461675] and parameters: {'k1': 0.008912611835817005, 'D_low': 355.00125258511594, 'k2': 0.03538758864779238, 'D_high': 21.947742689197344, 'fire_exp': 2.1871318436814167, 'P_half': 5.076307782729897, 'pre_dampen_half': 63.6685916079943, 'gpp_af': 0.10409127568994281, 'gpp_b': 1.4540386644083135e-05, 'gpp_d': 0.2204889335659561, 'ign_k': 5.351470428717437, 'ign_c': 5.13055176058983, 'trop_agb_crit': 1.0903028125370984, 'trop_k_veg': 3.1473758868965476}.
[I 2026-08-06 10:46:37,207] Trial 224 finished with values: [10.218442813788368, 10.218442813788368] and parameters: {'k1': 0.00488137519160367, 'D_low': 7.299348683062307, 'k2': 8.923807143379776e-05, 'D_high': 61536.58035691648, 'fire_exp': 1.1263716762638152, 'P_half': 221.2683656611821, 'pre_dampen_half': 1.3833139021965035, 'gpp_af': 68.11991466118579, 'gpp_b': 3.481277316673104e-05, 'gpp_d': 150.14555442537656, 'ign_k': 5.351470428717437, 'ign_c': 0.557280750002996, 'trop_agb_crit': 10.691477813613638, 'trop_k_veg': 2.4336356947036335}.
[I 2026-08-06 10:46:38,490] Trial 225 finished with values: [10.185151859971459, 10.185151859971459] and parameters: {'k1': 2.316457903103837e-05, 'D_low': 38.82837025280678, 'k2': 0.014344484793173472, 'D_high': 1578.0309954142967, 'fire_exp': 1.221575427404682, 'P_half': 140.74279366401683, 'pre_dampen_half': 38.00678588560607, 'gpp_af': 1.6059727222314273, 'gpp_b': 7.210246166617508e-05, 'gpp_d': 4.25060659305504, 'ign_k': 0.01364908766641695, 'ign_c': 2.8335389417624683, 'trop_agb_crit': 8.997007571451054, 'trop_k_veg': 3.49157152291552}.
[I 2026-08-06 10:46:39,790] Trial 226 finished with values: [10.633838878831673, 10.633838878831673] and parameters: {'k1': 0.06994589881535453, 'D_low': 355.00125258511594, 'k2': 0.0003432139136241583, 'D_high': 68.76972589957657, 'fire_exp': 1.2611826901294014, 'P_half': 314.0161493033586, 'pre_dampen_half': 12.338826503601998, 'gpp_af': 1.6059727222314273, 'gpp_b': 0.0059594790418686545, 'gpp_d': 54.620376657085984, 'ign_k': 0.0014019509251727794, 'ign_c': 1.0226988730324322, 'trop_agb_crit': 11.316283925181681, 'trop_k_veg': 2.194427136482602}.
[I 2026-08-06 10:46:41,073] Trial 227 finished with values: [10.71442925708696, 10.71442925708696] and parameters: {'k1': 0.00012868405331151612, 'D_low': 355.00125258511594, 'k2': 0.0007158031739371039, 'D_high': 645.2946500764235, 'fire_exp': 2.346778510892046, 'P_half': 5.076307782729897, 'pre_dampen_half': 63.6685916079943, 'gpp_af': 0.6403036652671171, 'gpp_b': 0.0059594790418686545, 'gpp_d': 2.944272359149677, 'ign_k': 0.21006485619596416, 'ign_c': 1.0226988730324322, 'trop_agb_crit': 1.0903028125370984, 'trop_k_veg': 0.7848385206902946}.
[I 2026-08-06 10:46:42,370] Trial 228 finished with values: [10.053884822306058, 10.053884822306058] and parameters: {'k1': 0.012021930484915042, 'D_low': 7.299348683062307, 'k2': 0.003101429427212743, 'D_high': 774.2116473996249, 'fire_exp': 1.1263716762638152, 'P_half': 3227.0237615158, 'pre_dampen_half': 63.6685916079943, 'gpp_af': 0.6403036652671171, 'gpp_b': 0.00431329787498825, 'gpp_d': 757.2868182332339, 'ign_k': 0.07091190338709638, 'ign_c': 1.9580595319750387, 'trop_agb_crit': 14.948114979829949, 'trop_k_veg': 0.6743482387129308}.
[I 2026-08-06 10:46:43,718] Trial 229 finished with values: [10.736878624554302, 10.736878624554302] and parameters: {'k1': 0.012021930484915042, 'D_low': 792.6237587961899, 'k2': 0.003101429427212743, 'D_high': 1236.6924205139144, 'fire_exp': 1.1263716762638152, 'P_half': 133.4807155996069, 'pre_dampen_half': 0.9166964238460105, 'gpp_af': 1.5386842469144075, 'gpp_b': 0.22727308251068193, 'gpp_d': 757.2868182332339, 'ign_k': 0.07091190338709638, 'ign_c': 1.9580595319750387, 'trop_agb_crit': 14.948114979829949, 'trop_k_veg': 1.0594599158279707}.
[I 2026-08-06 10:46:45,049] Trial 230 finished with values: [10.73974533834223, 10.73974533834223] and parameters: {'k1': 2.316457903103837e-05, 'D_low': 1.1433485956638711, 'k2': 0.014344484793173472, 'D_high': 2289.1315306837046, 'fire_exp': 1.0601964743503993, 'P_half': 56.22114524476698, 'pre_dampen_half': 0.012952289461753311, 'gpp_af': 0.05511595477601767, 'gpp_b': 1.4540386644083135e-05, 'gpp_d': 82.84476373292449, 'ign_k': 0.0018256829646330853, 'ign_c': 30.28574109895626, 'trop_agb_crit': 2.9222815721218716, 'trop_k_veg': 3.49157152291552}.
[I 2026-08-06 10:46:46,303] Trial 231 finished with values: [10.769172383784557, 10.769172383784557] and parameters: {'k1': 0.05778755734457457, 'D_low': 12.105387404469584, 'k2': 0.0007047307383115598, 'D_high': 5670.3463356272905, 'fire_exp': 3.4633094058711813, 'P_half': 1455.0993923603367, 'pre_dampen_half': 0.3924302839842014, 'gpp_af': 68.11991466118579, 'gpp_b': 0.01777482313117792, 'gpp_d': 13.472769577631583, 'ign_k': 0.21006485619596416, 'ign_c': 24.398964530167703, 'trop_agb_crit': 7.500118950416987, 'trop_k_veg': 0.6743482387129308}.
[I 2026-08-06 10:46:47,600] Trial 232 finished with values: [10.769228390509369, 10.769228390509369] and parameters: {'k1': 0.012021930484915042, 'D_low': 38.82837025280678, 'k2': 0.00025255166452944054, 'D_high': 1493.5213816355397, 'fire_exp': 7.690910336830845, 'P_half': 133.4807155996069, 'pre_dampen_half': 5.048653998722947, 'gpp_af': 0.05511595477601767, 'gpp_b': 0.012132126638791128, 'gpp_d': 82.84476373292449, 'ign_k': 0.038563028138793747, 'ign_c': 30.785541778315018, 'trop_agb_crit': 14.948114979829949, 'trop_k_veg': 6.955154171468271}.
[I 2026-08-06 10:46:48,946] Trial 233 finished with values: [10.741251119165744, 10.741251119165744] and parameters: {'k1': 0.00031134168041628584, 'D_low': 12.105387404469584, 'k2': 0.003767022142229395, 'D_high': 431.45617043093523, 'fire_exp': 1.0601964743503993, 'P_half': 4.213183643253957, 'pre_dampen_half': 12.003722333832918, 'gpp_af': 1.9706963379095486, 'gpp_b': 0.0054502936945582505, 'gpp_d': 0.12878367369717508, 'ign_k': 0.0035281132746849977, 'ign_c': 48.704711413416454, 'trop_agb_crit': 1.0693376406863295, 'trop_k_veg': 0.6673124511410327}.
[I 2026-08-06 10:46:50,211] Trial 234 finished with values: [10.591928724453208, 10.591928724453208] and parameters: {'k1': 0.00031134168041628584, 'D_low': 355.00125258511594, 'k2': 0.03538758864779238, 'D_high': 774.2116473996249, 'fire_exp': 1.2611826901294014, 'P_half': 4.213183643253957, 'pre_dampen_half': 38.00678588560607, 'gpp_af': 1.9706963379095486, 'gpp_b': 0.42247700890263645, 'gpp_d': 2.944272359149677, 'ign_k': 0.00840038491455979, 'ign_c': 5.13055176058983, 'trop_agb_crit': 1.0693376406863295, 'trop_k_veg': 0.6743482387129308}.
[I 2026-08-06 10:46:51,524] Trial 235 finished with values: [10.227082760294198, 10.227082760294198] and parameters: {'k1': 0.00016480446427978953, 'D_low': 2.143851363193517, 'k2': 8.923807143379776e-05, 'D_high': 8182.111518618414, 'fire_exp': 1.221575427404682, 'P_half': 56.22114524476698, 'pre_dampen_half': 14.711215379121963, 'gpp_af': 5.335773317316405, 'gpp_b': 3.481277316673104e-05, 'gpp_d': 150.14555442537656, 'ign_k': 0.019192001101561888, 'ign_c': 0.8547476176667198, 'trop_agb_crit': 8.997007571451054, 'trop_k_veg': 0.5349971555643298}.
[I 2026-08-06 10:46:52,791] Trial 236 finished with values: [10.071556968430066, 10.071556968430066] and parameters: {'k1': 0.002155595057104387, 'D_low': 7.299348683062307, 'k2': 0.0007047307383115598, 'D_high': 21.947742689197344, 'fire_exp': 1.1263716762638152, 'P_half': 221.2683656611821, 'pre_dampen_half': 63.6685916079943, 'gpp_af': 1.6059727222314273, 'gpp_b': 0.22727308251068193, 'gpp_d': 5.1715677287580455, 'ign_k': 0.12329098365270515, 'ign_c': 1.9580595319750387, 'trop_agb_crit': 10.691477813613638, 'trop_k_veg': 5.580504276549027}.
[I 2026-08-06 10:46:54,091] Trial 237 finished with values: [10.76583107116895, 10.76583107116895] and parameters: {'k1': 0.012840669372724958, 'D_low': 4.075267974954964, 'k2': 0.003767022142229395, 'D_high': 431.45617043093523, 'fire_exp': 1.0601964743503993, 'P_half': 140.74279366401683, 'pre_dampen_half': 3.0023172465753074, 'gpp_af': 5.335773317316405, 'gpp_b': 0.005070330027123044, 'gpp_d': 0.12878367369717508, 'ign_k': 0.07696703458159235, 'ign_c': 39.52220881906114, 'trop_agb_crit': 1.0693376406863295, 'trop_k_veg': 0.5303724136602885}.
[I 2026-08-06 10:46:55,339] Trial 238 finished with values: [10.438462511153327, 10.438462511153327] and parameters: {'k1': 0.012021930484915042, 'D_low': 7.299348683062307, 'k2': 0.003101429427212743, 'D_high': 3346.220103048382, 'fire_exp': 1.5185721648966928, 'P_half': 102.4585893986732, 'pre_dampen_half': 5.048653998722947, 'gpp_af': 0.0049748543504537545, 'gpp_b': 0.00431329787498825, 'gpp_d': 757.2868182332339, 'ign_k': 0.07091190338709638, 'ign_c': 1.9580595319750387, 'trop_agb_crit': 14.948114979829949, 'trop_k_veg': 1.9799513595694562}.
[I 2026-08-06 10:46:56,639] Trial 239 finished with values: [10.107101555026901, 10.107101555026901] and parameters: {'k1': 0.008912611835817005, 'D_low': 520.4862686958022, 'k2': 0.031536006085184705, 'D_high': 5670.3463356272905, 'fire_exp': 3.3801590342525687, 'P_half': 4.213183643253957, 'pre_dampen_half': 63.6685916079943, 'gpp_af': 0.6403036652671171, 'gpp_b': 0.0005739662837359252, 'gpp_d': 1.493264336549928, 'ign_k': 0.21006485619596416, 'ign_c': 0.557280750002996, 'trop_agb_crit': 8.997007571451054, 'trop_k_veg': 2.4336356947036335}.
[I 2026-08-06 10:46:57,904] Trial 240 finished with values: [10.74393433453494, 10.74393433453494] and parameters: {'k1': 0.002155595057104387, 'D_low': 1.9977959434035766, 'k2': 0.0007047307383115598, 'D_high': 107.53522341516504, 'fire_exp': 1.4900535273878766, 'P_half': 54.37591736923918, 'pre_dampen_half': 3.3841016089580034, 'gpp_af': 1.6059727222314273, 'gpp_b': 1.284284091405877e-05, 'gpp_d': 1.279742971294904, 'ign_k': 0.0315101491238403, 'ign_c': 18.219343937475102, 'trop_agb_crit': 10.691477813613638, 'trop_k_veg': 0.6673124511410327}.
[I 2026-08-06 10:46:59,171] Trial 241 finished with values: [10.332307130014268, 10.332307130014268] and parameters: {'k1': 0.00010758866306767925, 'D_low': 436.4516946807792, 'k2': 0.004579192310322934, 'D_high': 1236.6924205139144, 'fire_exp': 1.0601964743503993, 'P_half': 4.213183643253957, 'pre_dampen_half': 5.048653998722947, 'gpp_af': 1.9706963379095486, 'gpp_b': 0.0054502936945582505, 'gpp_d': 84.31013932082456, 'ign_k': 0.0035281132746849977, 'ign_c': 2.4936660834465174, 'trop_agb_crit': 7.500118950416987, 'trop_k_veg': 1.0594599158279707}.
[I 2026-08-06 10:47:00,484] Trial 242 finished with values: [10.652728744928362, 10.652728744928362] and parameters: {'k1': 0.05705198955850472, 'D_low': 2.143851363193517, 'k2': 0.03699867920489089, 'D_high': 8182.111518618414, 'fire_exp': 2.332293128354265, 'P_half': 56.22114524476698, 'pre_dampen_half': 7.665128204660195, 'gpp_af': 9.860891468435602, 'gpp_b': 3.481277316673104e-05, 'gpp_d': 10.369565216756202, 'ign_k': 0.006290644294586149, 'ign_c': 0.12510188850164433, 'trop_agb_crit': 18.785197416433792, 'trop_k_veg': 0.8170196702261714}.
[I 2026-08-06 10:47:01,864] Trial 243 finished with values: [10.769229988439548, 10.769229988439548] and parameters: {'k1': 0.00488137519160367, 'D_low': 1112.9571947046009, 'k2': 0.09811523358736457, 'D_high': 252.84086172415604, 'fire_exp': 2.332293128354265, 'P_half': 338.23872019362165, 'pre_dampen_half': 14.711215379121963, 'gpp_af': 0.47739011308437823, 'gpp_b': 3.481277316673104e-05, 'gpp_d': 150.14555442537656, 'ign_k': 0.019192001101561888, 'ign_c': 0.557280750002996, 'trop_agb_crit': 1.14876138417489, 'trop_k_veg': 2.573214588078609}.
[I 2026-08-06 10:47:03,207] Trial 244 finished with values: [10.385656854347085, 10.385656854347085] and parameters: {'k1': 0.05778755734457457, 'D_low': 1.1433485956638711, 'k2': 0.011715293025123641, 'D_high': 61536.58035691648, 'fire_exp': 1.1263716762638152, 'P_half': 221.2683656611821, 'pre_dampen_half': 3.2432098597317145, 'gpp_af': 68.11991466118579, 'gpp_b': 0.22727308251068193, 'gpp_d': 56.20854611217179, 'ign_k': 0.038563028138793747, 'ign_c': 1.9580595319750387, 'trop_agb_crit': 18.785197416433792, 'trop_k_veg': 6.955154171468271}.
[I 2026-08-06 10:47:04,639] Trial 245 finished with values: [10.031230364794807, 10.031230364794807] and parameters: {'k1': 0.008912611835817005, 'D_low': 40.52505887227999, 'k2': 1.1065812688893481e-05, 'D_high': 645.2946500764235, 'fire_exp': 1.3170256885255098, 'P_half': 4.213183643253957, 'pre_dampen_half': 63.6685916079943, 'gpp_af': 0.6403036652671171, 'gpp_b': 0.0005739662837359252, 'gpp_d': 2.944272359149677, 'ign_k': 0.21006485619596416, 'ign_c': 5.13055176058983, 'trop_agb_crit': 1.0903028125370984, 'trop_k_veg': 1.8914629029068306}.
[I 2026-08-06 10:47:05,950] Trial 246 finished with values: [10.724181831937027, 10.724181831937027] and parameters: {'k1': 0.00047324071251811085, 'D_low': 7.299348683062307, 'k2': 0.003101429427212743, 'D_high': 21.947742689197344, 'fire_exp': 1.1263716762638152, 'P_half': 221.2683656611821, 'pre_dampen_half': 0.9166964238460105, 'gpp_af': 0.10409127568994281, 'gpp_b': 0.00431329787498825, 'gpp_d': 40.950628944766926, 'ign_k': 0.07091190338709638, 'ign_c': 1.9580595319750387, 'trop_agb_crit': 10.691477813613638, 'trop_k_veg': 1.9799513595694562}.
