[I 2026-08-06 11:04:52,965] Trial 962 finished with values: [10.421217365013659, 10.421217365013659] and parameters: {'k1': 0.05778755734457457, 'D_low': 436.4516946807792, 'k2': 0.019894080167856886, 'D_high': 1236.6924205139144, 'fire_exp': 1.2611826901294014, 'P_half': 523.1053126909052, 'pre_dampen_half': 63.6685916079943, 'gpp_af': 0.6403036652671171, 'gpp_b': 0.0012213924959062798, 'gpp_d': 757.2868182332339, 'ign_k': 0.010939944910100021, 'ign_c': 2.4936660834465174, 'trop_agb_crit': 6.119263728555865, 'trop_k_veg': 2.520089655463604}.
[I 2026-08-06 11:04:54,925] Trial 963 finished with values: [10.448308454806908, 10.448308454806908] and parameters: {'k1': 0.00488137519160367, 'D_low': 7.299348683062307, 'k2': 0.0154776166709383, 'D_high': 1236.6924205139144, 'fire_exp': 1.2611826901294014, 'P_half': 523.1053126909052, 'pre_dampen_half': 63.6685916079943, 'gpp_af': 0.6403036652671171, 'gpp_b': 0.22727308251068193, 'gpp_d': 350.88322284755304, 'ign_k': 0.010939944910100021, 'ign_c': 119.45919244900459, 'trop_agb_crit': 7.861566638880103, 'trop_k_veg': 2.4336356947036335}.
[I 2026-08-06 11:04:56,934] Trial 964 finished with values: [-0.5138890183002991, 0.1812470756389809] and parameters: {'k1': 0.01889771394135163, 'D_low': 520.4862686958022, 'k2': 0.0154776166709383, 'D_high': 8182.111518618414, 'fire_exp': 1.221575427404682, 'P_half': 1.1069424888528068, 'pre_dampen_half': 63.6685916079943, 'gpp_af': 1.9706963379095486, 'gpp_b': 0.3682510091559943, 'gpp_d': 19.600139992927435, 'ign_k': 0.12329098365270515, 'ign_c': 1.9580595319750387, 'trop_agb_crit': 6.119263728555865, 'trop_k_veg': 2.4336356947036335}.
[I 2026-08-06 11:04:58,783] Trial 965 finished with values: [-0.6087383726285044, 0.08205181777587567] and parameters: {'k1': 0.00488137519160367, 'D_low': 12.105387404469584, 'k2': 1.1065812688893481e-05, 'D_high': 8182.111518618414, 'fire_exp': 1.2611826901294014, 'P_half': 712.8188058401365, 'pre_dampen_half': 63.6685916079943, 'gpp_af': 1.6059727222314273, 'gpp_b': 0.003139959085072088, 'gpp_d': 84.31013932082456, 'ign_k': 0.6161423618045312, 'ign_c': 1.9580595319750387, 'trop_agb_crit': 6.119263728555865, 'trop_k_veg': 1.8991799462763763}.
[I 2026-08-06 11:05:00,680] Trial 966 finished with values: [10.366789938650838, 10.366789938650838] and parameters: {'k1': 1.193353489272344e-05, 'D_low': 1.3577269394141454, 'k2': 0.00010945934247086608, 'D_high': 21.947742689197344, 'fire_exp': 1.221575427404682, 'P_half': 712.8188058401365, 'pre_dampen_half': 63.6685916079943, 'gpp_af': 5.335773317316405, 'gpp_b': 0.0012213924959062798, 'gpp_d': 19.600139992927435, 'ign_k': 0.12329098365270515, 'ign_c': 0.8916132699546893, 'trop_agb_crit': 6.119263728555865, 'trop_k_veg': 2.520089655463604}.
[I 2026-08-06 11:05:02,588] Trial 967 finished with values: [10.622215446752644, 10.622215446752644] and parameters: {'k1': 0.00488137519160367, 'D_low': 520.4862686958022, 'k2': 0.019894080167856886, 'D_high': 1236.6924205139144, 'fire_exp': 1.221575427404682, 'P_half': 1099.4090116844661, 'pre_dampen_half': 719.4083432823455, 'gpp_af': 0.0048478428004036025, 'gpp_b': 0.01666658176842624, 'gpp_d': 350.88322284755304, 'ign_k': 2.5253810447657927, 'ign_c': 0.8916132699546893, 'trop_agb_crit': 6.119263728555865, 'trop_k_veg': 2.520089655463604}.
[I 2026-08-06 11:05:04,405] Trial 968 finished with values: [-0.5996351240620446, 0.04128004256870765] and parameters: {'k1': 0.00488137519160367, 'D_low': 38.82837025280678, 'k2': 0.019894080167856886, 'D_high': 1384.332853353327, 'fire_exp': 1.221575427404682, 'P_half': 712.8188058401365, 'pre_dampen_half': 38.00678588560607, 'gpp_af': 0.6403036652671171, 'gpp_b': 0.0012213924959062798, 'gpp_d': 350.88322284755304, 'ign_k': 0.010939944910100021, 'ign_c': 1.1994950112756755, 'trop_agb_crit': 8.997007571451054, 'trop_k_veg': 7.936472946233041}.
[I 2026-08-06 11:05:06,523] Trial 969 finished with values: [10.769190319899167, 10.769190319899167] and parameters: {'k1': 0.008912611835817005, 'D_low': 520.4862686958022, 'k2': 0.019894080167856886, 'D_high': 78.57247967427125, 'fire_exp': 1.3170256885255098, 'P_half': 523.1053126909052, 'pre_dampen_half': 331.7366635899375, 'gpp_af': 5.335773317316405, 'gpp_b': 0.01666658176842624, 'gpp_d': 0.11912676824222539, 'ign_k': 0.21006485619596416, 'ign_c': 5.13055176058983, 'trop_agb_crit': 7.628718523810018, 'trop_k_veg': 2.5878603012249104}.
[I 2026-08-06 11:05:09,035] Trial 970 finished with values: [10.347920254955566, 10.347920254955566] and parameters: {'k1': 0.004708159793250189, 'D_low': 38.82837025280678, 'k2': 0.019894080167856886, 'D_high': 1588.2035726402378, 'fire_exp': 1.221575427404682, 'P_half': 712.8188058401365, 'pre_dampen_half': 63.6685916079943, 'gpp_af': 5.335773317316405, 'gpp_b': 2.176805640408474e-05, 'gpp_d': 82.84476373292449, 'ign_k': 0.12329098365270515, 'ign_c': 1.9580595319750387, 'trop_agb_crit': 8.997007571451054, 'trop_k_veg': 2.4336356947036335}.
[I 2026-08-06 11:05:11,130] Trial 971 finished with values: [10.767029705460315, 10.767029705460315] and parameters: {'k1': 0.00488137519160367, 'D_low': 520.4862686958022, 'k2': 0.0154776166709383, 'D_high': 1236.6924205139144, 'fire_exp': 1.7329145403564932, 'P_half': 523.1053126909052, 'pre_dampen_half': 0.011497512044959184, 'gpp_af': 1.9706963379095486, 'gpp_b': 3.4398788165063823, 'gpp_d': 350.88322284755304, 'ign_k': 2.5253810447657927, 'ign_c': 1.9580595319750387, 'trop_agb_crit': 8.997007571451054, 'trop_k_veg': 1.9799513595694562}.
[I 2026-08-06 11:05:13,045] Trial 972 finished with values: [10.120184563085179, 10.120184563085179] and parameters: {'k1': 0.005272264723319183, 'D_low': 520.4862686958022, 'k2': 0.019894080167856886, 'D_high': 1236.6924205139144, 'fire_exp': 1.221575427404682, 'P_half': 523.1053126909052, 'pre_dampen_half': 63.6685916079943, 'gpp_af': 1.9706963379095486, 'gpp_b': 0.01666658176842624, 'gpp_d': 19.600139992927435, 'ign_k': 2.5253810447657927, 'ign_c': 0.8916132699546893, 'trop_agb_crit': 8.997007571451054, 'trop_k_veg': 2.4336356947036335}.
[I 2026-08-06 11:05:14,961] Trial 973 finished with values: [-0.5977116444867377, 0.0711153164995687] and parameters: {'k1': 0.01889771394135163, 'D_low': 6.004682478324446, 'k2': 0.0154776166709383, 'D_high': 61536.58035691648, 'fire_exp': 1.7329145403564932, 'P_half': 712.8188058401365, 'pre_dampen_half': 38.00678588560607, 'gpp_af': 0.0689916853868204, 'gpp_b': 2.176805640408474e-05, 'gpp_d': 84.31013932082456, 'ign_k': 0.6161423618045312, 'ign_c': 1.9580595319750387, 'trop_agb_crit': 8.997007571451054, 'trop_k_veg': 2.4336356947036335}.
[I 2026-08-06 11:05:16,904] Trial 974 finished with values: [10.238443428283809, 10.238443428283809] and parameters: {'k1': 0.00488137519160367, 'D_low': 520.4862686958022, 'k2': 0.019894080167856886, 'D_high': 1236.6924205139144, 'fire_exp': 1.2611826901294014, 'P_half': 523.1053126909052, 'pre_dampen_half': 719.4083432823455, 'gpp_af': 0.6403036652671171, 'gpp_b': 0.01666658176842624, 'gpp_d': 350.88322284755304, 'ign_k': 0.009221590450151883, 'ign_c': 0.8916132699546893, 'trop_agb_crit': 6.119263728555865, 'trop_k_veg': 2.4336356947036335}.
[I 2026-08-06 11:05:18,821] Trial 975 finished with values: [10.09125803530682, 10.09125803530682] and parameters: {'k1': 0.01889771394135163, 'D_low': 7.299348683062307, 'k2': 0.004149969043497543, 'D_high': 8182.111518618414, 'fire_exp': 1.7329145403564932, 'P_half': 523.1053126909052, 'pre_dampen_half': 63.6685916079943, 'gpp_af': 0.6403036652671171, 'gpp_b': 2.176805640408474e-05, 'gpp_d': 19.600139992927435, 'ign_k': 0.12329098365270515, 'ign_c': 5.13055176058983, 'trop_agb_crit': 6.119263728555865, 'trop_k_veg': 2.4336356947036335}.
[I 2026-08-06 11:05:20,755] Trial 976 finished with values: [10.32237260235865, 10.32237260235865] and parameters: {'k1': 0.00488137519160367, 'D_low': 38.82837025280678, 'k2': 8.923807143379776e-05, 'D_high': 3005.809024615141, 'fire_exp': 1.221575427404682, 'P_half': 712.8188058401365, 'pre_dampen_half': 38.00678588560607, 'gpp_af': 0.6403036652671171, 'gpp_b': 0.04633252119753636, 'gpp_d': 82.84476373292449, 'ign_k': 0.010939944910100021, 'ign_c': 1.9580595319750387, 'trop_agb_crit': 8.997007571451054, 'trop_k_veg': 2.4336356947036335}.
[I 2026-08-06 11:05:22,871] Trial 977 finished with values: [-0.6074755905983498, 0.02839665409174963] and parameters: {'k1': 0.01889771394135163, 'D_low': 7.299348683062307, 'k2': 0.019894080167856886, 'D_high': 1236.6924205139144, 'fire_exp': 1.7329145403564932, 'P_half': 712.8188058401365, 'pre_dampen_half': 63.6685916079943, 'gpp_af': 1.6059727222314273, 'gpp_b': 2.176805640408474e-05, 'gpp_d': 84.31013932082456, 'ign_k': 0.12329098365270515, 'ign_c': 1.9580595319750387, 'trop_agb_crit': 6.119263728555865, 'trop_k_veg': 2.4336356947036335}.
[I 2026-08-06 11:05:24,759] Trial 978 finished with values: [-0.609499020431715, 0.05020712610998135] and parameters: {'k1': 0.00488137519160367, 'D_low': 520.4862686958022, 'k2': 0.019894080167856886, 'D_high': 1236.6924205139144, 'fire_exp': 1.221575427404682, 'P_half': 523.1053126909052, 'pre_dampen_half': 719.4083432823455, 'gpp_af': 75.74758210832029, 'gpp_b': 0.01666658176842624, 'gpp_d': 350.88322284755304, 'ign_k': 2.5253810447657927, 'ign_c': 0.8916132699546893, 'trop_agb_crit': 6.119263728555865, 'trop_k_veg': 2.520089655463604}.
[I 2026-08-06 11:05:26,719] Trial 979 finished with values: [-0.6008005280388755, 0.0692898762520684] and parameters: {'k1': 0.008912611835817005, 'D_low': 12.105387404469584, 'k2': 1.1065812688893481e-05, 'D_high': 61536.58035691648, 'fire_exp': 1.3170256885255098, 'P_half': 712.8188058401365, 'pre_dampen_half': 38.00678588560607, 'gpp_af': 10.178541681137117, 'gpp_b': 0.13713885091300912, 'gpp_d': 84.31013932082456, 'ign_k': 6.891386015952696, 'ign_c': 1.9580595319750387, 'trop_agb_crit': 8.997007571451054, 'trop_k_veg': 2.4336356947036335}.
[I 2026-08-06 11:05:28,601] Trial 980 finished with values: [10.942600456734453, 10.942600456734453] and parameters: {'k1': 0.00488137519160367, 'D_low': 520.4862686958022, 'k2': 0.0008941619307827924, 'D_high': 8182.111518618414, 'fire_exp': 1.221575427404682, 'P_half': 276.27089412392087, 'pre_dampen_half': 719.4083432823455, 'gpp_af': 1.9706963379095486, 'gpp_b': 0.01666658176842624, 'gpp_d': 19.600139992927435, 'ign_k': 2.5253810447657927, 'ign_c': 1.9580595319750387, 'trop_agb_crit': 6.119263728555865, 'trop_k_veg': 2.4336356947036335}.
[I 2026-08-06 11:05:31,035] Trial 981 finished with values: [-0.5972291451365832, 0.06085743818243783] and parameters: {'k1': 0.008912611835817005, 'D_low': 12.105387404469584, 'k2': 1.1065812688893481e-05, 'D_high': 61536.58035691648, 'fire_exp': 1.3170256885255098, 'P_half': 712.8188058401365, 'pre_dampen_half': 38.00678588560607, 'gpp_af': 1.6059727222314273, 'gpp_b': 0.13713885091300912, 'gpp_d': 84.31013932082456, 'ign_k': 0.6161423618045312, 'ign_c': 1.9580595319750387, 'trop_agb_crit': 8.997007571451054, 'trop_k_veg': 2.4336356947036335}.
[I 2026-08-06 11:05:32,959] Trial 982 finished with values: [10.026036882360394, 10.026036882360394] and parameters: {'k1': 0.00488137519160367, 'D_low': 2.7475448770725444, 'k2': 0.0015553851774742168, 'D_high': 8182.111518618414, 'fire_exp': 1.2611826901294014, 'P_half': 523.1053126909052, 'pre_dampen_half': 38.00678588560607, 'gpp_af': 0.6403036652671171, 'gpp_b': 0.0012213924959062798, 'gpp_d': 1.8701940579227916, 'ign_k': 0.010939944910100021, 'ign_c': 1.9580595319750387, 'trop_agb_crit': 6.119263728555865, 'trop_k_veg': 2.4336356947036335}.
[I 2026-08-06 11:05:34,847] Trial 983 finished with values: [10.769188341715902, 10.769188341715902] and parameters: {'k1': 0.00488137519160367, 'D_low': 2384.670235012677, 'k2': 0.019894080167856886, 'D_high': 1236.6924205139144, 'fire_exp': 1.221575427404682, 'P_half': 523.1053126909052, 'pre_dampen_half': 63.6685916079943, 'gpp_af': 1.9706963379095486, 'gpp_b': 0.01666658176842624, 'gpp_d': 19.600139992927435, 'ign_k': 0.002467915713171985, 'ign_c': 1.9580595319750387, 'trop_agb_crit': 6.119263728555865, 'trop_k_veg': 2.520089655463604}.
[I 2026-08-06 11:05:36,750] Trial 984 finished with values: [10.307923293860592, 10.307923293860592] and parameters: {'k1': 0.016748279468858224, 'D_low': 520.4862686958022, 'k2': 0.019894080167856886, 'D_high': 1236.6924205139144, 'fire_exp': 1.221575427404682, 'P_half': 523.1053126909052, 'pre_dampen_half': 38.00678588560607, 'gpp_af': 1.9706963379095486, 'gpp_b': 0.0012213924959062798, 'gpp_d': 82.84476373292449, 'ign_k': 2.5253810447657927, 'ign_c': 1.9580595319750387, 'trop_agb_crit': 6.119263728555865, 'trop_k_veg': 2.520089655463604}.
[I 2026-08-06 11:05:38,670] Trial 985 finished with values: [10.087683654522513, 10.087683654522513] and parameters: {'k1': 0.05778755734457457, 'D_low': 38.82837025280678, 'k2': 0.019894080167856886, 'D_high': 1236.6924205139144, 'fire_exp': 1.221575427404682, 'P_half': 712.8188058401365, 'pre_dampen_half': 63.6685916079943, 'gpp_af': 5.335773317316405, 'gpp_b': 0.01666658176842624, 'gpp_d': 19.600139992927435, 'ign_k': 2.5253810447657927, 'ign_c': 5.13055176058983, 'trop_agb_crit': 7.628718523810018, 'trop_k_veg': 1.9358464828856796}.
[I 2026-08-06 11:05:40,515] Trial 986 finished with values: [10.13722089194669, 10.13722089194669] and parameters: {'k1': 0.00488137519160367, 'D_low': 520.4862686958022, 'k2': 0.004149969043497543, 'D_high': 1236.6924205139144, 'fire_exp': 1.221575427404682, 'P_half': 221.2683656611821, 'pre_dampen_half': 719.4083432823455, 'gpp_af': 0.6403036652671171, 'gpp_b': 0.0012213924959062798, 'gpp_d': 82.84476373292449, 'ign_k': 0.010939944910100021, 'ign_c': 1.9580595319750387, 'trop_agb_crit': 2.818694656863287, 'trop_k_veg': 0.7579605458363415}.
[I 2026-08-06 11:05:42,370] Trial 987 finished with values: [10.375060976964965, 10.375060976964965] and parameters: {'k1': 0.01889771394135163, 'D_low': 19.89315688058566, 'k2': 0.008900784976354454, 'D_high': 8182.111518618414, 'fire_exp': 1.3170256885255098, 'P_half': 712.8188058401365, 'pre_dampen_half': 2.399333660651234, 'gpp_af': 0.07576025464197739, 'gpp_b': 2.176805640408474e-05, 'gpp_d': 19.600139992927435, 'ign_k': 0.12329098365270515, 'ign_c': 5.13055176058983, 'trop_agb_crit': 6.119263728555865, 'trop_k_veg': 2.4336356947036335}.
[I 2026-08-06 11:05:44,300] Trial 988 finished with values: [11.58564568226295, 11.58564568226295] and parameters: {'k1': 0.0003783599106879794, 'D_low': 68.8314745893381, 'k2': 8.923807143379776e-05, 'D_high': 8182.111518618414, 'fire_exp': 1.0271184723288342, 'P_half': 221.2683656611821, 'pre_dampen_half': 719.4083432823455, 'gpp_af': 0.6403036652671171, 'gpp_b': 0.01666658176842624, 'gpp_d': 82.84476373292449, 'ign_k': 2.5253810447657927, 'ign_c': 1.9580595319750387, 'trop_agb_crit': 2.818694656863287, 'trop_k_veg': 2.4336356947036335}.
[I 2026-08-06 11:05:46,449] Trial 989 finished with values: [10.769230768877819, 10.769230768877819] and parameters: {'k1': 0.002155595057104387, 'D_low': 7.299348683062307, 'k2': 0.019894080167856886, 'D_high': 1236.6924205139144, 'fire_exp': 1.7329145403564932, 'P_half': 523.1053126909052, 'pre_dampen_half': 84.1555415726906, 'gpp_af': 0.6403036652671171, 'gpp_b': 0.00796661592919428, 'gpp_d': 757.2868182332339, 'ign_k': 0.12329098365270515, 'ign_c': 370.11676346027537, 'trop_agb_crit': 6.119263728555865, 'trop_k_veg': 7.068179831629663}.
[I 2026-08-06 11:05:48,358] Trial 990 finished with values: [-0.6150115321407937, 0.09531991401915085] and parameters: {'k1': 0.00488137519160367, 'D_low': 97.43142535650219, 'k2': 0.0154776166709383, 'D_high': 61536.58035691648, 'fire_exp': 1.2611826901294014, 'P_half': 712.8188058401365, 'pre_dampen_half': 63.6685916079943, 'gpp_af': 0.6403036652671171, 'gpp_b': 2.176805640408474e-05, 'gpp_d': 350.88322284755304, 'ign_k': 0.010939944910100021, 'ign_c': 1.9580595319750387, 'trop_agb_crit': 6.119263728555865, 'trop_k_veg': 2.4336356947036335}.
[I 2026-08-06 11:05:50,221] Trial 991 finished with values: [-0.5921016262057861, 0.03804194388923898] and parameters: {'k1': 0.002549454588329709, 'D_low': 520.4862686958022, 'k2': 0.004149969043497543, 'D_high': 1236.6924205139144, 'fire_exp': 1.221575427404682, 'P_half': 523.1053126909052, 'pre_dampen_half': 124.72235343584714, 'gpp_af': 0.6403036652671171, 'gpp_b': 0.22727308251068193, 'gpp_d': 19.600139992927435, 'ign_k': 0.21006485619596416, 'ign_c': 1.9580595319750387, 'trop_agb_crit': 6.119263728555865, 'trop_k_veg': 2.4336356947036335}.
[I 2026-08-06 11:05:52,663] Trial 992 finished with values: [10.079822127934982, 10.079822127934982] and parameters: {'k1': 0.00488137519160367, 'D_low': 520.4862686958022, 'k2': 0.019894080167856886, 'D_high': 61536.58035691648, 'fire_exp': 1.221575427404682, 'P_half': 523.1053126909052, 'pre_dampen_half': 38.00678588560607, 'gpp_af': 0.0014188461251885575, 'gpp_b': 0.0005739662837359252, 'gpp_d': 1.493264336549928, 'ign_k': 1.4047969156119493, 'ign_c': 1.2431017136067033, 'trop_agb_crit': 8.997007571451054, 'trop_k_veg': 1.9799513595694562}.
[I 2026-08-06 11:05:54,567] Trial 993 finished with values: [10.420352612147596, 10.420352612147596] and parameters: {'k1': 0.008912611835817005, 'D_low': 12.105387404469584, 'k2': 1.1065812688893481e-05, 'D_high': 61536.58035691648, 'fire_exp': 2.0673161422190134, 'P_half': 565.6383208363872, 'pre_dampen_half': 38.00678588560607, 'gpp_af': 1.6059727222314273, 'gpp_b': 0.13713885091300912, 'gpp_d': 84.31013932082456, 'ign_k': 0.6161423618045312, 'ign_c': 5.628756950174209, 'trop_agb_crit': 8.997007571451054, 'trop_k_veg': 2.4336356947036335}.
[I 2026-08-06 11:05:56,499] Trial 994 finished with values: [10.835530096942605, 10.835530096942605] and parameters: {'k1': 0.01889771394135163, 'D_low': 1.395216238046901, 'k2': 0.00010439567055209041, 'D_high': 61536.58035691648, 'fire_exp': 1.221575427404682, 'P_half': 712.8188058401365, 'pre_dampen_half': 38.00678588560607, 'gpp_af': 5.335773317316405, 'gpp_b': 0.01666658176842624, 'gpp_d': 84.31013932082456, 'ign_k': 0.6161423618045312, 'ign_c': 1.9580595319750387, 'trop_agb_crit': 8.997007571451054, 'trop_k_veg': 2.4336356947036335}.
[I 2026-08-06 11:05:58,451] Trial 995 finished with values: [10.767836551094701, 10.767836551094701] and parameters: {'k1': 0.05778755734457457, 'D_low': 38.82837025280678, 'k2': 0.019894080167856886, 'D_high': 1236.6924205139144, 'fire_exp': 6.93220790804393, 'P_half': 523.1053126909052, 'pre_dampen_half': 38.00678588560607, 'gpp_af': 0.6403036652671171, 'gpp_b': 0.0012213924959062798, 'gpp_d': 350.88322284755304, 'ign_k': 0.010939944910100021, 'ign_c': 2.4936660834465174, 'trop_agb_crit': 6.119263728555865, 'trop_k_veg': 2.520089655463604}.
[I 2026-08-06 11:06:00,358] Trial 996 finished with values: [13.010195395442334, 13.010195395442334] and parameters: {'k1': 0.012021930484915042, 'D_low': 1.3577269394141454, 'k2': 0.0154776166709383, 'D_high': 61536.58035691648, 'fire_exp': 1.3170256885255098, 'P_half': 1.4246408590160289, 'pre_dampen_half': 38.00678588560607, 'gpp_af': 0.0689916853868204, 'gpp_b': 2.176805640408474e-05, 'gpp_d': 84.31013932082456, 'ign_k': 0.6161423618045312, 'ign_c': 2.4936660834465174, 'trop_agb_crit': 7.500118950416987, 'trop_k_veg': 2.4336356947036335}.
[I 2026-08-06 11:06:02,184] Trial 997 finished with values: [10.120566279946646, 10.120566279946646] and parameters: {'k1': 0.008912611835817005, 'D_low': 97.43142535650219, 'k2': 0.0002228500345352386, 'D_high': 8182.111518618414, 'fire_exp': 1.2611826901294014, 'P_half': 523.1053126909052, 'pre_dampen_half': 331.7366635899375, 'gpp_af': 5.335773317316405, 'gpp_b': 0.0001605469768042801, 'gpp_d': 82.84476373292449, 'ign_k': 0.010939944910100021, 'ign_c': 1.9580595319750387, 'trop_agb_crit': 6.119263728555865, 'trop_k_veg': 6.092557528471241}.
[I 2026-08-06 11:06:04,103] Trial 998 finished with values: [10.0655520320231, 10.0655520320231] and parameters: {'k1': 0.01889771394135163, 'D_low': 7.299348683062307, 'k2': 1.1065812688893481e-05, 'D_high': 61536.58035691648, 'fire_exp': 1.7329145403564932, 'P_half': 712.8188058401365, 'pre_dampen_half': 63.6685916079943, 'gpp_af': 1.6059727222314273, 'gpp_b': 0.0012213924959062798, 'gpp_d': 84.31013932082456, 'ign_k': 0.6161423618045312, 'ign_c': 7.013097205353069, 'trop_agb_crit': 8.997007571451054, 'trop_k_veg': 0.808936329875387}.
[I 2026-08-06 11:06:06,118] Trial 999 finished with values: [10.477676995590922, 10.477676995590922] and parameters: {'k1': 0.0035383916966944323, 'D_low': 7.299348683062307, 'k2': 0.0154776166709383, 'D_high': 3346.220103048382, 'fire_exp': 1.7329145403564932, 'P_half': 712.8188058401365, 'pre_dampen_half': 8.144272585223819, 'gpp_af': 1.9804761238874737, 'gpp_b': 0.0005739662837359252, 'gpp_d': 298.943216845222, 'ign_k': 0.6161423618045312, 'ign_c': 5.13055176058983, 'trop_agb_crit': 1.0903028125370984, 'trop_k_veg': 3.1473758868965476}.
[I 2026-08-06 11:06:08,135] Trial 1000 finished with values: [10.767506647278555, 10.767506647278555] and parameters: {'k1': 0.01889771394135163, 'D_low': 12.105387404469584, 'k2': 1.1065812688893481e-05, 'D_high': 1236.6924205139144, 'fire_exp': 1.3170256885255098, 'P_half': 712.8188058401365, 'pre_dampen_half': 63.6685916079943, 'gpp_af': 1.6059727222314273, 'gpp_b': 0.13713885091300912, 'gpp_d': 84.31013932082456, 'ign_k': 0.6161423618045312, 'ign_c': 35.21102994688835, 'trop_agb_crit': 6.119263728555865, 'trop_k_veg': 2.4336356947036335}.
[I 2026-08-06 11:06:10,072] Trial 1001 finished with values: [-0.6035901334393298, 0.05165344496629176] and parameters: {'k1': 0.01889771394135163, 'D_low': 7.299348683062307, 'k2': 0.019894080167856886, 'D_high': 61536.58035691648, 'fire_exp': 1.7329145403564932, 'P_half': 712.8188058401365, 'pre_dampen_half': 38.00678588560607, 'gpp_af': 1.6059727222314273, 'gpp_b': 2.176805640408474e-05, 'gpp_d': 84.31013932082456, 'ign_k': 0.6161423618045312, 'ign_c': 6.905604395130303, 'trop_agb_crit': 8.997007571451054, 'trop_k_veg': 2.4336356947036335}.
