[I 2026-07-24 02:14:58,530] Trial 1184 finished with value: 0.564282707379979 and parameters: {'k1': 2.0447727482612127e-05, 'D_low': 5.193795234000249, 'k2': 0.06859121975144328, 'D_high': 80455.64410820525, 'fire_exp': 1.2150232513695565, 'P_half': 11.242048929985257, 'pre_dampen_half': 1.6879496556048452, 'gpp_af': 0.00183338322438771, 'gpp_b': 0.0027000319416806526, 'gpp_d': 35.95865203747471, 'ign_k': 0.005438866461836908, 'ign_c': 0.4850264661269796, 'trop_agb_crit': 22.560622190534456, 'trop_k_veg': 2.00357141949999, 'gdp_gamma': 0.3884224124176446, 'fuel_k': 0.1077344135071089, 'fuel_half': 0.5197238836539193}. Best is trial 335 with value: -0.6233152110406992.
[I 2026-07-24 02:14:58,986] Trial 1185 finished with value: -0.605058561427812 and parameters: {'k1': 0.00015469050766727416, 'D_low': 26.24323528466864, 'k2': 0.004873377274222594, 'D_high': 681873.3846921668, 'fire_exp': 1.035523310124808, 'P_half': 7.441220959198501, 'pre_dampen_half': 0.2851280036943614, 'gpp_af': 0.009829848574020111, 'gpp_b': 5.21522894768735e-05, 'gpp_d': 16.293310510101623, 'ign_k': 0.002292070219641873, 'ign_c': 0.19286210889267022, 'trop_agb_crit': 4.4931951750660675, 'trop_k_veg': 5.354489345402676, 'gdp_gamma': 0.6836773282923606, 'fuel_k': 0.21362041616639882, 'fuel_half': 1.4312947596671253}. Best is trial 335 with value: -0.6233152110406992.
[I 2026-07-24 02:14:59,444] Trial 1186 finished with value: 0.5775501957465832 and parameters: {'k1': 8.271746463891677e-05, 'D_low': 72.0087841163663, 'k2': 0.02818001164795349, 'D_high': 56351.40203492971, 'fire_exp': 2.1473633939220065, 'P_half': 2.2985867981463, 'pre_dampen_half': 0.030371239002244796, 'gpp_af': 0.00677066206725292, 'gpp_b': 0.0006624467774148314, 'gpp_d': 3.6549570471211688, 'ign_k': 0.002048306379057318, 'ign_c': 4.44243584980441, 'trop_agb_crit': 14.708660784470489, 'trop_k_veg': 7.203388127523099, 'gdp_gamma': 0.6756812941791814, 'fuel_k': 0.020019606472144603, 'fuel_half': 1.6035165732083767}. Best is trial 335 with value: -0.6233152110406992.
[I 2026-07-24 02:14:59,905] Trial 1187 finished with value: 0.5790631732319397 and parameters: {'k1': 0.04387643745349223, 'D_low': 172.11070722255457, 'k2': 1.0063580632963535e-05, 'D_high': 4261077.743062115, 'fire_exp': 4.93683269379181, 'P_half': 208.6018044273071, 'pre_dampen_half': 5.717619503657757, 'gpp_af': 0.05655847403165382, 'gpp_b': 0.0013958518348493063, 'gpp_d': 433.30392932590246, 'ign_k': 0.043877739860277286, 'ign_c': 1.9074728346739076, 'trop_agb_crit': 1.1928793187778899, 'trop_k_veg': 0.6097429956268834, 'gdp_gamma': 0.10047600375410488, 'fuel_k': 0.4397412453605019, 'fuel_half': 0.23068027370708669}. Best is trial 335 with value: -0.6233152110406992.
[I 2026-07-24 02:15:00,363] Trial 1188 finished with value: 0.4622102589620781 and parameters: {'k1': 0.00020126667704233509, 'D_low': 4.25846552884698, 'k2': 0.07305134031812013, 'D_high': 109286.58671523901, 'fire_exp': 1.0213904127879923, 'P_half': 5.313731203719238, 'pre_dampen_half': 2.3150672443419467, 'gpp_af': 0.0073657339439460005, 'gpp_b': 0.0002160487657892139, 'gpp_d': 26.5335722784613, 'ign_k': 0.0588824043315088, 'ign_c': 7.044167987895794, 'trop_agb_crit': 22.562269370974526, 'trop_k_veg': 6.590586192052378, 'gdp_gamma': 0.49460324444344245, 'fuel_k': 0.18483134624103284, 'fuel_half': 0.38285794489802627}. Best is trial 335 with value: -0.6233152110406992.
[I 2026-07-24 02:15:00,822] Trial 1189 finished with value: 0.5473927689298834 and parameters: {'k1': 0.0015148610080641528, 'D_low': 21.077252168862383, 'k2': 0.005999203165805097, 'D_high': 1146117.0094988937, 'fire_exp': 2.6542091951479927, 'P_half': 14.151972332292841, 'pre_dampen_half': 1.4262870486653394, 'gpp_af': 0.07052214613653311, 'gpp_b': 4.7200227730545286e-05, 'gpp_d': 24.705102786423872, 'ign_k': 0.01211037752183817, 'ign_c': 1.4845638551158464, 'trop_agb_crit': 2.699012898414772, 'trop_k_veg': 5.203136792608427, 'gdp_gamma': 0.10855305775989633, 'fuel_k': 0.01285756319568121, 'fuel_half': 5.114400817913052}. Best is trial 335 with value: -0.6233152110406992.
[I 2026-07-24 02:15:01,281] Trial 1190 finished with value: 0.560173254357405 and parameters: {'k1': 6.528197279365578e-05, 'D_low': 129.62862790686412, 'k2': 0.01126653145706437, 'D_high': 53524.186364667214, 'fire_exp': 1.3805002897165124, 'P_half': 2.3895786542166793, 'pre_dampen_half': 40.79324488461118, 'gpp_af': 0.03040757128227248, 'gpp_b': 2.380274177558474e-05, 'gpp_d': 3.0419729249715193, 'ign_k': 0.058489268580074805, 'ign_c': 2.772720027546497, 'trop_agb_crit': 7.692757751137141, 'trop_k_veg': 2.5608766986792992, 'gdp_gamma': 0.72372540633993, 'fuel_k': 0.03896194845657404, 'fuel_half': 1.3042391186122535}. Best is trial 335 with value: -0.6233152110406992.
[I 2026-07-24 02:15:01,748] Trial 1191 finished with value: 0.5960158973780916 and parameters: {'k1': 1.014992289512247e-05, 'D_low': 1.2167775139940284, 'k2': 0.0005550851080069421, 'D_high': 3831.29845060464, 'fire_exp': 1.071590788801619, 'P_half': 2.590880685041568, 'pre_dampen_half': 0.07002295090435236, 'gpp_af': 0.0027126116618360297, 'gpp_b': 1.3603467807719015e-05, 'gpp_d': 2.568286625294627, 'ign_k': 0.00755433532391557, 'ign_c': 2.4587857182782833, 'trop_agb_crit': 17.29304692270609, 'trop_k_veg': 7.312737853276894, 'gdp_gamma': 0.35066371232442134, 'fuel_k': 0.019256051451316366, 'fuel_half': 0.7913572391655217}. Best is trial 335 with value: -0.6233152110406992.
[I 2026-07-24 02:15:02,207] Trial 1192 finished with value: 0.5675063840007377 and parameters: {'k1': 0.0017977080818128309, 'D_low': 1.8067109063768867, 'k2': 0.0019046899424432224, 'D_high': 37611.04001942366, 'fire_exp': 3.010792376801972, 'P_half': 51.65957170672861, 'pre_dampen_half': 4.1335410788677756, 'gpp_af': 1.410728036491553, 'gpp_b': 8.530635884203935e-05, 'gpp_d': 93.81007540600937, 'ign_k': 0.003345702601457244, 'ign_c': 0.372472071142068, 'trop_agb_crit': 10.826758675673325, 'trop_k_veg': 1.2468074679760803, 'gdp_gamma': 0.3743654489090038, 'fuel_k': 0.010234148288099237, 'fuel_half': 2.0890381583749953}. Best is trial 335 with value: -0.6233152110406992.
[I 2026-07-24 02:15:02,662] Trial 1193 finished with value: 0.5248794292629778 and parameters: {'k1': 0.00026091761464139035, 'D_low': 16.998417399484723, 'k2': 0.0018348606231199847, 'D_high': 1422583.9691207914, 'fire_exp': 1.0666656313335043, 'P_half': 8.556453667537173, 'pre_dampen_half': 0.2372606145769356, 'gpp_af': 0.0020494654139282713, 'gpp_b': 0.0019106200412411843, 'gpp_d': 41.120890093329216, 'ign_k': 0.003979462948485013, 'ign_c': 0.13762553937277505, 'trop_agb_crit': 4.727081642298637, 'trop_k_veg': 0.7211797756068457, 'gdp_gamma': 0.512772003010924, 'fuel_k': 0.011465552637701699, 'fuel_half': 8.966530738011468}. Best is trial 335 with value: -0.6233152110406992.
[I 2026-07-24 02:15:03,124] Trial 1194 finished with value: -0.6029857640065764 and parameters: {'k1': 0.00015727513865303896, 'D_low': 1.718909020876375, 'k2': 0.000390390851829193, 'D_high': 5339253.1254741335, 'fire_exp': 1.0788508645660686, 'P_half': 236.0079410386904, 'pre_dampen_half': 0.38671600831214586, 'gpp_af': 0.008945845861371848, 'gpp_b': 2.3413288317501012e-05, 'gpp_d': 1.5496336619218303, 'ign_k': 0.009859226811396473, 'ign_c': 0.12062870845862142, 'trop_agb_crit': 1.851932978950333, 'trop_k_veg': 1.7159450918937311, 'gdp_gamma': 1.099351418410659, 'fuel_k': 0.014001056951467772, 'fuel_half': 28.567831033972073}. Best is trial 335 with value: -0.6233152110406992.
[I 2026-07-24 02:15:03,584] Trial 1195 finished with value: 0.6183598349447237 and parameters: {'k1': 0.00010216419847248463, 'D_low': 2.5929112500363605, 'k2': 0.046917598008692135, 'D_high': 604.0236493924633, 'fire_exp': 2.296226513339089, 'P_half': 10.647008123794208, 'pre_dampen_half': 0.1373254956045842, 'gpp_af': 0.003048089311640944, 'gpp_b': 5.5888119220812284e-05, 'gpp_d': 17.236665782360937, 'ign_k': 0.0048883829634927475, 'ign_c': 0.49019677967047426, 'trop_agb_crit': 8.775945106401156, 'trop_k_veg': 2.6715736000523425, 'gdp_gamma': 1.1701448940789583, 'fuel_k': 0.35645729240673574, 'fuel_half': 1.848051412881792}. Best is trial 335 with value: -0.6233152110406992.
[I 2026-07-24 02:15:04,049] Trial 1196 finished with value: 0.4575006999748026 and parameters: {'k1': 6.961896750535553e-05, 'D_low': 269.0546423581144, 'k2': 0.03455338726990951, 'D_high': 267058.2876631883, 'fire_exp': 1.2008327259734168, 'P_half': 4.674163224400519, 'pre_dampen_half': 0.07681118772949738, 'gpp_af': 0.001305198349775376, 'gpp_b': 0.0001699726261161314, 'gpp_d': 0.7901153061890027, 'ign_k': 0.0015311403901721403, 'ign_c': 4.095761802867785, 'trop_agb_crit': 3.7905743452342104, 'trop_k_veg': 4.221303036645309, 'gdp_gamma': 1.3249679348807868, 'fuel_k': 0.07062652807418601, 'fuel_half': 0.4321180883987614}. Best is trial 335 with value: -0.6233152110406992.
[I 2026-07-24 02:15:04,511] Trial 1197 finished with value: 0.5527761528783018 and parameters: {'k1': 5.011803384130194e-05, 'D_low': 238.59044656058734, 'k2': 0.0008679917219928012, 'D_high': 59604.39081802278, 'fire_exp': 1.5276507176847378, 'P_half': 106.59584044298573, 'pre_dampen_half': 2.3585084298164496, 'gpp_af': 0.00551388223109506, 'gpp_b': 3.847973768911801e-05, 'gpp_d': 1.3436668051840397, 'ign_k': 0.006686061068316997, 'ign_c': 0.8664260499513374, 'trop_agb_crit': 4.44897443244013, 'trop_k_veg': 0.9266769124264078, 'gdp_gamma': 0.23596803787158832, 'fuel_k': 0.013281760817695588, 'fuel_half': 5.400990657971266}. Best is trial 335 with value: -0.6233152110406992.
[I 2026-07-24 02:15:04,967] Trial 1198 finished with value: 0.5264561424101786 and parameters: {'k1': 9.094893753779101e-05, 'D_low': 1.5659907633708972, 'k2': 0.00033257289005024694, 'D_high': 677132.3184264264, 'fire_exp': 1.1569396149509692, 'P_half': 2854.096397524491, 'pre_dampen_half': 8.331680598914883, 'gpp_af': 0.0010031524010297244, 'gpp_b': 1.2244173294271177e-05, 'gpp_d': 19.93359313410793, 'ign_k': 0.0024342766914769733, 'ign_c': 0.19310036418752302, 'trop_agb_crit': 2.3420396880438683, 'trop_k_veg': 1.5905701138003172, 'gdp_gamma': 0.4231428602154437, 'fuel_k': 0.010202117927037235, 'fuel_half': 22.643539615772852}. Best is trial 335 with value: -0.6233152110406992.
[I 2026-07-24 02:15:05,425] Trial 1199 finished with value: 0.5638760708411421 and parameters: {'k1': 0.005905100661212361, 'D_low': 6.0943133982961415, 'k2': 0.0352593213022959, 'D_high': 9683793.89123523, 'fire_exp': 1.0070178701700843, 'P_half': 36.20120726033424, 'pre_dampen_half': 0.4718899609639181, 'gpp_af': 0.002603832842154094, 'gpp_b': 0.00012738062425382318, 'gpp_d': 0.20468638836034958, 'ign_k': 0.01193643202103187, 'ign_c': 292.87981128778785, 'trop_agb_crit': 4.933800105967815, 'trop_k_veg': 3.48436572221401, 'gdp_gamma': 0.7647825835795167, 'fuel_k': 0.012678942849178176, 'fuel_half': 6.756976884348319}. Best is trial 335 with value: -0.6233152110406992.
[setup] COUPLING-READY: climate (D_bar/T_air/P_*) + GPP all from global_baseline_modelC_inputs_1997-2016.nc ...
[setup] loading GFED5 reference from burntArea.nc ...
[setup] land cells (GFED5 burnable): 13916 / 64800 (21.5%)
[gdp] GDP_TERM ON: pivot $9,242/cap, coverage 21% of grid, clip [0.15,6.0]x
[setup] GFED5 land-mean monthly frac: 0.005068
[opt] warm-start from params.coupledE.k2.json
[warm] Overall=0.6087  bias=0.6782 rmse=0.3836 seas=0.8042 spatial=0.7938
[opt] sampler=TPESampler seed=42
[opt] running 1200 trials against GFED5 ...
  trial   48/1200  best_overall=0.6087  (0.3 min)
  trial   95/1200  best_overall=0.6087  (0.7 min)
  trial  142/1200  best_overall=0.6087  (1.0 min)
  trial  189/1200  best_overall=0.6087  (1.4 min)
  trial  236/1200  best_overall=0.6087  (1.7 min)
  trial  282/1200  best_overall=0.6087  (2.0 min)
  trial  327/1200  best_overall=0.6132  (2.4 min)
  trial  372/1200  best_overall=0.6233  (2.7 min)
  trial  417/1200  best_overall=0.6233  (3.0 min)
  trial  462/1200  best_overall=0.6233  (3.4 min)
  trial  507/1200  best_overall=0.6233  (3.7 min)
  trial  552/1200  best_overall=0.6233  (4.1 min)
  trial  597/1200  best_overall=0.6233  (4.4 min)
  trial  642/1200  best_overall=0.6233  (4.7 min)
  trial  686/1200  best_overall=0.6233  (5.1 min)
  trial  730/1200  best_overall=0.6233  (5.4 min)
  trial  775/1200  best_overall=0.6233  (5.8 min)
  trial  819/1200  best_overall=0.6233  (6.1 min)
  trial  863/1200  best_overall=0.6233  (6.4 min)
  trial  907/1200  best_overall=0.6233  (6.8 min)
  trial  951/1200  best_overall=0.6233  (7.1 min)
  trial  995/1200  best_overall=0.6233  (7.4 min)
  trial 1039/1200  best_overall=0.6233  (7.8 min)
  trial 1083/1200  best_overall=0.6233  (8.1 min)
  trial 1127/1200  best_overall=0.6233  (8.4 min)
  trial 1171/1200  best_overall=0.6233  (8.8 min)

[done] 1200 trials in 9.0 min
       best Overall = 0.6233
[best] Bias=0.7279  RMSE=0.4024  Seas=0.7775  Spatial=0.8064  Overall=0.6233
[diag] raw rate land-mean (yr^-1): 0.02419  (target ~ 0.06082)
[write] /Volumes/RICHIE - T7/FIRE_OFFLINE/models/C/params.coupledE_gdp.json
[write] /Volumes/RICHIE - T7/FIRE_OFFLINE/ilamb/MODELS/ED-ModelC-final/burntArea.coupledE_gdp.nc  (18.3 MB)
