[I 2026-06-10 17:35:17,716] Trial 555 finished with values: [10.821749332639683, 10.821749332639683] and parameters: {'k1': 0.006079905434073396, 'D_low': 43.2326421037033, 'k2': 0.02065142557895925, 'D_high': 42210.21267871043, 'fire_exp': 7.394434809371433, 'P_half': 191.61918406231337, 'pre_dampen_half': 8.259599205585761, 'gpp_af': 27.448645214004376, 'gpp_b': 1.5216765859697215e-05, 'gpp_d': 545.0253444559129, 'ign_k': 0.4303356629825978, 'ign_c': 1.4091459170104739, 'trop_agb_crit': 8.188098178380693, 'trop_k_veg': 6.172643383211297, 'fire_amp': 1.5587346124822492}.
[I 2026-06-10 17:35:19,081] Trial 556 finished with values: [10.892857142659844, 10.892857142659844] and parameters: {'k1': 0.006079905434073396, 'D_low': 43.2326421037033, 'k2': 0.003767022142229395, 'D_high': 22.636544662054543, 'fire_exp': 8.529993407276715, 'P_half': 157.80309954142965, 'pre_dampen_half': 33.71909132517384, 'gpp_af': 27.448645214004376, 'gpp_b': 1.4540386644083135e-05, 'gpp_d': 545.0253444559129, 'ign_k': 0.00840038491455979, 'ign_c': 1.4091459170104739, 'trop_agb_crit': 8.188098178380693, 'trop_k_veg': 0.6618107836658104, 'fire_amp': 4.783836175730692}.
[I 2026-06-10 17:35:20,404] Trial 557 finished with values: [14.534228645368964, 14.534228645368964] and parameters: {'k1': 0.00031134168041628584, 'D_low': 43.2326421037033, 'k2': 0.0001016707987819611, 'D_high': 76838.76502998071, 'fire_exp': 1.0601964743503993, 'P_half': 157.80309954142965, 'pre_dampen_half': 33.71909132517384, 'gpp_af': 0.8057329182285734, 'gpp_b': 1.4540386644083135e-05, 'gpp_d': 28.312234265202243, 'ign_k': 0.00840038491455979, 'ign_c': 1.4091459170104739, 'trop_agb_crit': 5.335241529707116, 'trop_k_veg': 0.9923523017201868, 'fire_amp': 4.783836175730692}.
[I 2026-06-10 17:35:21,952] Trial 558 finished with values: [10.17843148660821, 10.17843148660821] and parameters: {'k1': 0.0057293717735696316, 'D_low': 24.28756508761176, 'k2': 0.02939607009739149, 'D_high': 18701.140647651915, 'fire_exp': 3.2459542834651627, 'P_half': 101.40635645866499, 'pre_dampen_half': 98.05638874011484, 'gpp_af': 27.448645214004376, 'gpp_b': 2.1309331861011757e-05, 'gpp_d': 95.2715755007094, 'ign_k': 1.6270983114897255, 'ign_c': 1.4091459170104739, 'trop_agb_crit': 2.1989086830950257, 'trop_k_veg': 0.6618107836658104, 'fire_amp': 1.5719333351012774}.
[I 2026-06-10 17:35:23,720] Trial 559 finished with values: [10.80218016336964, 10.80218016336964] and parameters: {'k1': 0.00031134168041628584, 'D_low': 236.79352040223893, 'k2': 0.003767022142229395, 'D_high': 431.45617043093523, 'fire_exp': 1.0601964743503993, 'P_half': 4.213183643253957, 'pre_dampen_half': 33.71909132517384, 'gpp_af': 0.0662749342026412, 'gpp_b': 1.4540386644083135e-05, 'gpp_d': 545.0253444559129, 'ign_k': 0.00840038491455979, 'ign_c': 1.4091459170104739, 'trop_agb_crit': 1.0693376406863295, 'trop_k_veg': 2.520089655463604, 'fire_amp': 4.19233232783727}.
[I 2026-06-10 17:35:25,267] Trial 560 finished with values: [10.863596398031348, 10.863596398031348] and parameters: {'k1': 0.006079905434073396, 'D_low': 43.2326421037033, 'k2': 0.005082220961627801, 'D_high': 262.11304189124235, 'fire_exp': 1.14171776851287, 'P_half': 157.80309954142965, 'pre_dampen_half': 8.259599205585761, 'gpp_af': 27.448645214004376, 'gpp_b': 0.00012118589392553798, 'gpp_d': 0.1197776427957647, 'ign_k': 0.4320578308497379, 'ign_c': 1.4091459170104739, 'trop_agb_crit': 8.188098178380693, 'trop_k_veg': 6.172643383211297, 'fire_amp': 1.5587346124822492}.
[I 2026-06-10 17:35:26,694] Trial 561 finished with values: [10.42107830774353, 10.42107830774353] and parameters: {'k1': 0.016973078532467004, 'D_low': 148.21691630007544, 'k2': 0.0001016707987819611, 'D_high': 22.636544662054543, 'fire_exp': 1.0601964743503993, 'P_half': 69.68111190775313, 'pre_dampen_half': 8.259599205585761, 'gpp_af': 0.10098504976210308, 'gpp_b': 1.1008110571039521e-05, 'gpp_d': 28.312234265202243, 'ign_k': 0.00840038491455979, 'ign_c': 22.126836566118193, 'trop_agb_crit': 1.5033346993841157, 'trop_k_veg': 2.724170387400844, 'fire_amp': 4.783836175730692}.
[I 2026-06-10 17:35:28,073] Trial 562 finished with values: [10.607905854033783, 10.607905854033783] and parameters: {'k1': 0.006079905434073396, 'D_low': 43.2326421037033, 'k2': 3.152468275632564e-05, 'D_high': 22.636544662054543, 'fire_exp': 1.9365919987098117, 'P_half': 157.80309954142965, 'pre_dampen_half': 8.259599205585761, 'gpp_af': 27.448645214004376, 'gpp_b': 0.00012118589392553798, 'gpp_d': 12.151631524283598, 'ign_k': 0.4303356629825978, 'ign_c': 3.7623363852696734, 'trop_agb_crit': 8.188098178380693, 'trop_k_veg': 4.796046723963646, 'fire_amp': 3.211868494428654}.
[I 2026-06-10 17:35:29,696] Trial 563 finished with values: [-0.45782335037588545, 0.2582710009379756] and parameters: {'k1': 0.016973078532467004, 'D_low': 43.2326421037033, 'k2': 0.0001016707987819611, 'D_high': 2427.054417940131, 'fire_exp': 1.5191397119156032, 'P_half': 8.318314747941244, 'pre_dampen_half': 8.259599205585761, 'gpp_af': 0.10098504976210308, 'gpp_b': 1.1008110571039521e-05, 'gpp_d': 545.0253444559129, 'ign_k': 0.004105873950290761, 'ign_c': 22.126836566118193, 'trop_agb_crit': 1.5033346993841157, 'trop_k_veg': 2.724170387400844, 'fire_amp': 5.44779717154213}.
[I 2026-06-10 17:35:31,161] Trial 564 finished with values: [10.166095353859964, 10.166095353859964] and parameters: {'k1': 2.570626095678496e-05, 'D_low': 24.28756508761176, 'k2': 0.0001016707987819611, 'D_high': 16780.50857913099, 'fire_exp': 1.4690410989404576, 'P_half': 2.6691447170887805, 'pre_dampen_half': 1.8469033699850426, 'gpp_af': 0.41874665092828456, 'gpp_b': 0.004411400434514031, 'gpp_d': 545.0253444559129, 'ign_k': 0.17320535908244444, 'ign_c': 1.4091459170104739, 'trop_agb_crit': 5.588032458772675, 'trop_k_veg': 4.61686111043599, 'fire_amp': 5.831305332032283}.
[I 2026-06-10 17:35:32,552] Trial 565 finished with values: [10.682938663573188, 10.682938663573188] and parameters: {'k1': 0.012840669372724958, 'D_low': 12.105387404469584, 'k2': 3.152468275632564e-05, 'D_high': 1266.9536563782303, 'fire_exp': 1.14171776851287, 'P_half': 3.591771421517613, 'pre_dampen_half': 28.01075698398644, 'gpp_af': 0.10098504976210308, 'gpp_b': 0.0004125336560355494, 'gpp_d': 545.0253444559129, 'ign_k': 0.09256855841989636, 'ign_c': 35.133466168692735, 'trop_agb_crit': 3.1419938725278875, 'trop_k_veg': 1.6648666152166967, 'fire_amp': 1.1202509284327942}.
[I 2026-06-10 17:35:34,128] Trial 566 finished with values: [10.33512783644144, 10.33512783644144] and parameters: {'k1': 0.0869690639641868, 'D_low': 1739.6167422846984, 'k2': 0.02939607009739149, 'D_high': 18701.140647651915, 'fire_exp': 3.2459542834651627, 'P_half': 157.80309954142965, 'pre_dampen_half': 98.05638874011484, 'gpp_af': 0.09885838682552685, 'gpp_b': 0.0004125336560355494, 'gpp_d': 95.2715755007094, 'ign_k': 0.15974581244256694, 'ign_c': 0.10435856341129002, 'trop_agb_crit': 3.430044314610246, 'trop_k_veg': 5.022956259243681, 'fire_amp': 4.2446263054164195}.
[I 2026-06-10 17:35:35,488] Trial 567 finished with values: [-0.27719711873608266, 0.2792332608592337] and parameters: {'k1': 0.00031134168041628584, 'D_low': 43.2326421037033, 'k2': 3.152468275632564e-05, 'D_high': 262.11304189124235, 'fire_exp': 1.4690410989404576, 'P_half': 157.80309954142965, 'pre_dampen_half': 903.3231300044874, 'gpp_af': 0.0662749342026412, 'gpp_b': 0.00012118589392553798, 'gpp_d': 545.0253444559129, 'ign_k': 3.965503094323014, 'ign_c': 1.4091459170104739, 'trop_agb_crit': 2.1989086830950257, 'trop_k_veg': 0.6618107836658104, 'fire_amp': 1.5719333351012774}.
[I 2026-06-10 17:35:37,044] Trial 568 finished with values: [10.020163276820917, 10.020163276820917] and parameters: {'k1': 0.006079905434073396, 'D_low': 427.93836042014675, 'k2': 0.0001016707987819611, 'D_high': 99461.47674311613, 'fire_exp': 1.069663761954776, 'P_half': 157.80309954142965, 'pre_dampen_half': 1.8469033699850426, 'gpp_af': 27.448645214004376, 'gpp_b': 0.00012118589392553798, 'gpp_d': 545.0253444559129, 'ign_k': 3.965503094323014, 'ign_c': 7.081721844034206, 'trop_agb_crit': 8.188098178380693, 'trop_k_veg': 6.172643383211297, 'fire_amp': 1.5587346124822492}.
[I 2026-06-10 17:35:38,742] Trial 569 finished with values: [10.69840530640719, 10.69840530640719] and parameters: {'k1': 0.0326979063339169, 'D_low': 1739.6167422846984, 'k2': 0.02939607009739149, 'D_high': 44974.07193749848, 'fire_exp': 3.2459542834651627, 'P_half': 251.23618639978196, 'pre_dampen_half': 98.05638874011484, 'gpp_af': 0.09885838682552685, 'gpp_b': 1.1008110571039521e-05, 'gpp_d': 545.0253444559129, 'ign_k': 1.6270983114897255, 'ign_c': 2.226297338331262, 'trop_agb_crit': 3.1419938725278875, 'trop_k_veg': 0.828441460847982, 'fire_amp': 1.1202509284327942}.
[I 2026-06-10 17:35:40,152] Trial 570 finished with values: [10.892857142659844, 10.892857142659844] and parameters: {'k1': 0.012840669372724958, 'D_low': 43.2326421037033, 'k2': 0.045914852167405346, 'D_high': 15.590073239763052, 'fire_exp': 9.487989255711895, 'P_half': 3.591771421517613, 'pre_dampen_half': 857.6556763881457, 'gpp_af': 0.10098504976210308, 'gpp_b': 0.0004125336560355494, 'gpp_d': 0.7698760608299932, 'ign_k': 0.042425976091860974, 'ign_c': 35.133466168692735, 'trop_agb_crit': 3.1419938725278875, 'trop_k_veg': 1.6648666152166967, 'fire_amp': 4.19233232783727}.
[I 2026-06-10 17:35:41,458] Trial 571 finished with values: [10.77050515160544, 10.77050515160544] and parameters: {'k1': 0.006079905434073396, 'D_low': 12.105387404469584, 'k2': 0.045914852167405346, 'D_high': 16780.50857913099, 'fire_exp': 1.069663761954776, 'P_half': 3040.9816628297017, 'pre_dampen_half': 1.8469033699850426, 'gpp_af': 8.164459147354295, 'gpp_b': 0.00012118589392553798, 'gpp_d': 6.84039695411256, 'ign_k': 0.0467351899956275, 'ign_c': 1.4091459170104739, 'trop_agb_crit': 8.188098178380693, 'trop_k_veg': 6.172643383211297, 'fire_amp': 1.5587346124822492}.
[I 2026-06-10 17:35:42,789] Trial 572 finished with values: [10.200553880316013, 10.200553880316013] and parameters: {'k1': 0.008990768948930035, 'D_low': 43.2326421037033, 'k2': 3.152468275632564e-05, 'D_high': 22.636544662054543, 'fire_exp': 1.14171776851287, 'P_half': 157.80309954142965, 'pre_dampen_half': 9.044346216330972, 'gpp_af': 27.448645214004376, 'gpp_b': 0.00012118589392553798, 'gpp_d': 545.0253444559129, 'ign_k': 0.4303356629825978, 'ign_c': 1.4091459170104739, 'trop_agb_crit': 8.188098178380693, 'trop_k_veg': 4.796046723963646, 'fire_amp': 1.1202509284327942}.
[I 2026-06-10 17:35:44,588] Trial 573 finished with values: [10.16934664192241, 10.16934664192241] and parameters: {'k1': 0.00031134168041628584, 'D_low': 3266.346436894069, 'k2': 0.003767022142229395, 'D_high': 44974.07193749848, 'fire_exp': 1.0601964743503993, 'P_half': 69.68111190775313, 'pre_dampen_half': 1.6130673726933187, 'gpp_af': 0.0662749342026412, 'gpp_b': 0.00265975681233728, 'gpp_d': 0.4316838564848064, 'ign_k': 0.46813761934505577, 'ign_c': 0.10435856341129002, 'trop_agb_crit': 15.605813459825825, 'trop_k_veg': 0.9923523017201868, 'fire_amp': 4.783836175730692}.
[I 2026-06-10 17:35:46,050] Trial 574 finished with values: [10.404800197999952, 10.404800197999952] and parameters: {'k1': 0.012840669372724958, 'D_low': 148.21691630007544, 'k2': 3.152468275632564e-05, 'D_high': 42210.21267871043, 'fire_exp': 1.41873960828944, 'P_half': 157.80309954142965, 'pre_dampen_half': 9.044346216330972, 'gpp_af': 0.8057329182285734, 'gpp_b': 2.800940363375676e-05, 'gpp_d': 0.4742269251269962, 'ign_k': 0.4303356629825978, 'ign_c': 0.10435856341129002, 'trop_agb_crit': 3.1419938725278875, 'trop_k_veg': 0.5535297685306277, 'fire_amp': 1.1202509284327942}.
[I 2026-06-10 17:35:47,420] Trial 575 finished with values: [10.729112029096056, 10.729112029096056] and parameters: {'k1': 0.0326979063339169, 'D_low': 148.21691630007544, 'k2': 0.0004976087827261435, 'D_high': 18108.14362107968, 'fire_exp': 5.784757193037464, 'P_half': 157.80309954142965, 'pre_dampen_half': 9.044346216330972, 'gpp_af': 0.8057329182285734, 'gpp_b': 1.1008110571039521e-05, 'gpp_d': 545.0253444559129, 'ign_k': 1.5532973289514227, 'ign_c': 7.081721844034206, 'trop_agb_crit': 12.647327018493208, 'trop_k_veg': 2.520089655463604, 'fire_amp': 1.1202509284327942}.
[I 2026-06-10 17:35:48,741] Trial 576 finished with values: [10.327677867522365, 10.327677867522365] and parameters: {'k1': 0.0005525012427854533, 'D_low': 24.28756508761176, 'k2': 0.0001016707987819611, 'D_high': 2427.054417940131, 'fire_exp': 1.4690410989404576, 'P_half': 8.318314747941244, 'pre_dampen_half': 903.3231300044874, 'gpp_af': 0.10098504976210308, 'gpp_b': 1.1008110571039521e-05, 'gpp_d': 545.0253444559129, 'ign_k': 0.004105873950290761, 'ign_c': 186.78279278246248, 'trop_agb_crit': 8.188098178380693, 'trop_k_veg': 2.724170387400844, 'fire_amp': 1.5719333351012774}.
[I 2026-06-10 17:35:50,126] Trial 577 finished with values: [10.219758903355567, 10.219758903355567] and parameters: {'k1': 0.037704815040649445, 'D_low': 1739.6167422846984, 'k2': 0.02939607009739149, 'D_high': 44974.07193749848, 'fire_exp': 1.0601964743503993, 'P_half': 69.68111190775313, 'pre_dampen_half': 98.05638874011484, 'gpp_af': 0.0662749342026412, 'gpp_b': 2.1309331861011757e-05, 'gpp_d': 0.0399066504395798, 'ign_k': 0.00840038491455979, 'ign_c': 0.10435856341129002, 'trop_agb_crit': 3.1419938725278875, 'trop_k_veg': 4.0068236274914755, 'fire_amp': 1.1202509284327942}.
[I 2026-06-10 17:35:51,764] Trial 578 finished with values: [10.306241710336659, 10.306241710336659] and parameters: {'k1': 0.0869690639641868, 'D_low': 148.21691630007544, 'k2': 0.0015064557931192917, 'D_high': 2427.054417940131, 'fire_exp': 1.5191397119156032, 'P_half': 101.40635645866499, 'pre_dampen_half': 8.259599205585761, 'gpp_af': 0.09885838682552685, 'gpp_b': 2.1309331861011757e-05, 'gpp_d': 95.2715755007094, 'ign_k': 0.004105873950290761, 'ign_c': 0.10435856341129002, 'trop_agb_crit': 1.5033346993841157, 'trop_k_veg': 2.724170387400844, 'fire_amp': 2.6192385880432525}.
[I 2026-06-10 17:35:53,278] Trial 579 finished with values: [10.080631407178759, 10.080631407178759] and parameters: {'k1': 0.006079905434073396, 'D_low': 43.2326421037033, 'k2': 0.0001016707987819611, 'D_high': 262.11304189124235, 'fire_exp': 1.14171776851287, 'P_half': 157.80309954142965, 'pre_dampen_half': 8.259599205585761, 'gpp_af': 27.448645214004376, 'gpp_b': 1.0828092646426677e-05, 'gpp_d': 545.0253444559129, 'ign_k': 3.965503094323014, 'ign_c': 1.4091459170104739, 'trop_agb_crit': 8.188098178380693, 'trop_k_veg': 6.172643383211297, 'fire_amp': 1.5587346124822492}.
[I 2026-06-10 17:35:54,680] Trial 580 finished with values: [10.58167975347184, 10.58167975347184] and parameters: {'k1': 0.0020639617012599225, 'D_low': 1.4002277211577039, 'k2': 0.02065142557895925, 'D_high': 431.45617043093523, 'fire_exp': 1.9365919987098117, 'P_half': 4.213183643253957, 'pre_dampen_half': 38.00678588560607, 'gpp_af': 0.8057329182285734, 'gpp_b': 0.0008861657881839811, 'gpp_d': 0.7698760608299932, 'ign_k': 0.4303356629825978, 'ign_c': 0.10435856341129002, 'trop_agb_crit': 3.1419938725278875, 'trop_k_veg': 4.796046723963646, 'fire_amp': 2.6192385880432525}.
[I 2026-06-10 17:35:56,046] Trial 581 finished with values: [10.743590177891221, 10.743590177891221] and parameters: {'k1': 0.0869690639641868, 'D_low': 43.2326421037033, 'k2': 0.02065142557895925, 'D_high': 292.31166016118357, 'fire_exp': 1.9365919987098117, 'P_half': 118.94665366442581, 'pre_dampen_half': 9.044346216330972, 'gpp_af': 0.8057329182285734, 'gpp_b': 0.0004125336560355494, 'gpp_d': 12.151631524283598, 'ign_k': 0.4303356629825978, 'ign_c': 0.10435856341129002, 'trop_agb_crit': 3.1419938725278875, 'trop_k_veg': 1.4997174988262807, 'fire_amp': 1.1202509284327942}.
[I 2026-06-10 17:35:57,364] Trial 582 finished with values: [11.445273028913142, 11.445273028913142] and parameters: {'k1': 0.037704815040649445, 'D_low': 12.105387404469584, 'k2': 2.091507303847255e-05, 'D_high': 42210.21267871043, 'fire_exp': 1.0601964743503993, 'P_half': 69.68111190775313, 'pre_dampen_half': 269.0845367054866, 'gpp_af': 0.8057329182285734, 'gpp_b': 2.800940363375676e-05, 'gpp_d': 28.312234265202243, 'ign_k': 0.00840038491455979, 'ign_c': 0.10435856341129002, 'trop_agb_crit': 3.1419938725278875, 'trop_k_veg': 4.796046723963646, 'fire_amp': 1.1202509284327942}.
[I 2026-06-10 17:35:58,917] Trial 583 finished with values: [11.558512005595198, 11.558512005595198] and parameters: {'k1': 0.012840669372724958, 'D_low': 43.2326421037033, 'k2': 0.006051580666890612, 'D_high': 44974.07193749848, 'fire_exp': 1.14171776851287, 'P_half': 101.40635645866499, 'pre_dampen_half': 98.05638874011484, 'gpp_af': 0.09885838682552685, 'gpp_b': 2.1309331861011757e-05, 'gpp_d': 12.151631524283598, 'ign_k': 0.035828811741825076, 'ign_c': 2.226297338331262, 'trop_agb_crit': 3.1419938725278875, 'trop_k_veg': 4.796046723963646, 'fire_amp': 1.1202509284327942}.
[I 2026-06-10 17:36:00,436] Trial 584 finished with values: [10.892857142659844, 10.892857142659844] and parameters: {'k1': 0.0869690639641868, 'D_low': 1739.6167422846984, 'k2': 0.045914852167405346, 'D_high': 623.411042225738, 'fire_exp': 3.2459542834651627, 'P_half': 157.80309954142965, 'pre_dampen_half': 1.8469033699850426, 'gpp_af': 0.09885838682552685, 'gpp_b': 0.00012118589392553798, 'gpp_d': 545.0253444559129, 'ign_k': 0.0467351899956275, 'ign_c': 0.8916132699546893, 'trop_agb_crit': 3.5874145253515306, 'trop_k_veg': 0.6618107836658104, 'fire_amp': 1.5587346124822492}.
[I 2026-06-10 17:36:01,787] Trial 585 finished with values: [10.761508841945336, 10.761508841945336] and parameters: {'k1': 0.0020639617012599225, 'D_low': 1.4002277211577039, 'k2': 0.003767022142229395, 'D_high': 431.45617043093523, 'fire_exp': 1.1633452995374232, 'P_half': 4.213183643253957, 'pre_dampen_half': 0.7349519696695505, 'gpp_af': 0.41874665092828456, 'gpp_b': 2.800940363375676e-05, 'gpp_d': 0.13688256550323696, 'ign_k': 0.17320535908244444, 'ign_c': 0.6235377135673155, 'trop_agb_crit': 1.8566494291193822, 'trop_k_veg': 2.520089655463604, 'fire_amp': 2.6192385880432525}.
[I 2026-06-10 17:36:03,135] Trial 586 finished with values: [10.380537113698447, 10.380537113698447] and parameters: {'k1': 0.0326979063339169, 'D_low': 1739.6167422846984, 'k2': 0.0001016707987819611, 'D_high': 44974.07193749848, 'fire_exp': 1.4690410989404576, 'P_half': 101.40635645866499, 'pre_dampen_half': 903.3231300044874, 'gpp_af': 0.09885838682552685, 'gpp_b': 0.00012118589392553798, 'gpp_d': 12.338826503601998, 'ign_k': 3.965503094323014, 'ign_c': 0.19623826481168347, 'trop_agb_crit': 2.1989086830950257, 'trop_k_veg': 2.724170387400844, 'fire_amp': 1.5719333351012774}.
[I 2026-06-10 17:36:04,760] Trial 587 finished with values: [10.323853850478589, 10.323853850478589] and parameters: {'k1': 0.037704815040649445, 'D_low': 12.105387404469584, 'k2': 0.0001016707987819611, 'D_high': 262.11304189124235, 'fire_exp': 1.0601964743503993, 'P_half': 157.80309954142965, 'pre_dampen_half': 269.0845367054866, 'gpp_af': 0.0662749342026412, 'gpp_b': 0.049565458633074926, 'gpp_d': 545.0253444559129, 'ign_k': 0.00840038491455979, 'ign_c': 1.3431925993528124, 'trop_agb_crit': 8.188098178380693, 'trop_k_veg': 6.172643383211297, 'fire_amp': 1.1202509284327942}.
[I 2026-06-10 17:36:06,345] Trial 588 finished with values: [10.882069051304903, 10.882069051304903] and parameters: {'k1': 0.0869690639641868, 'D_low': 12.105387404469584, 'k2': 0.003767022142229395, 'D_high': 22.636544662054543, 'fire_exp': 4.0128099657681755, 'P_half': 19.987581927614485, 'pre_dampen_half': 38.00678588560607, 'gpp_af': 0.016306190741524337, 'gpp_b': 2.800940363375676e-05, 'gpp_d': 7.631016235941559, 'ign_k': 0.09256855841989636, 'ign_c': 0.9736725715035878, 'trop_agb_crit': 1.0693376406863295, 'trop_k_veg': 1.6648666152166967, 'fire_amp': 4.783836175730692}.
[I 2026-06-10 17:36:07,857] Trial 589 finished with values: [10.380717966228028, 10.380717966228028] and parameters: {'k1': 0.006079905434073396, 'D_low': 470.815979325019, 'k2': 0.003767022142229395, 'D_high': 42210.21267871043, 'fire_exp': 1.069663761954776, 'P_half': 157.80309954142965, 'pre_dampen_half': 1.6130673726933187, 'gpp_af': 0.9219336658511308, 'gpp_b': 0.00012118589392553798, 'gpp_d': 236.32429088389833, 'ign_k': 0.0467351899956275, 'ign_c': 1.4091459170104739, 'trop_agb_crit': 1.0693376406863295, 'trop_k_veg': 0.6673124511410327, 'fire_amp': 1.5587346124822492}.
[I 2026-06-10 17:36:09,183] Trial 590 finished with values: [11.939915721766397, 11.939915721766397] and parameters: {'k1': 0.012840669372724958, 'D_low': 12.105387404469584, 'k2': 3.152468275632564e-05, 'D_high': 1266.9536563782303, 'fire_exp': 1.0601964743503993, 'P_half': 3.591771421517613, 'pre_dampen_half': 189.36639872354493, 'gpp_af': 6.384685545228285, 'gpp_b': 0.00807491410172472, 'gpp_d': 0.7698760608299932, 'ign_k': 0.09256855841989636, 'ign_c': 0.10435856341129002, 'trop_agb_crit': 1.0693376406863295, 'trop_k_veg': 5.022956259243681, 'fire_amp': 4.2446263054164195}.
[I 2026-06-10 17:36:10,625] Trial 591 finished with values: [10.57342177323415, 10.57342177323415] and parameters: {'k1': 0.03648456083047798, 'D_low': 236.79352040223893, 'k2': 0.003767022142229395, 'D_high': 431.45617043093523, 'fire_exp': 1.0601964743503993, 'P_half': 101.40635645866499, 'pre_dampen_half': 38.00678588560607, 'gpp_af': 1.2515601598062582, 'gpp_b': 2.1309331861011757e-05, 'gpp_d': 0.7698760608299932, 'ign_k': 0.0032383308053152635, 'ign_c': 48.704711413416454, 'trop_agb_crit': 1.0693376406863295, 'trop_k_veg': 0.6618107836658104, 'fire_amp': 2.6192385880432525}.
