[I 2026-08-06 00:22:21,784] Trial 930 finished with values: [-0.5885310114987358, 0.12645446694623064] and parameters: {'k1': 0.021368329072358756, 'D_low': 7.068974950624602, 'k2': 1.1184534120760473e-05, 'D_high': 949.9072859745386, 'fire_exp': 1.1044852285094786, 'P_half': 125.61043700013555, 'pre_dampen_half': 14.689898077648792, 'gpp_af': 0.0025511964576171086, 'gpp_b': 8.539677611488478e-05, 'gpp_d': 4.5768578731086835, 'ign_k': 3.7173717478250508, 'ign_c': 14.367095138664217}.
[I 2026-08-06 00:22:23,144] Trial 931 finished with values: [10.456783422826268, 10.456783422826268] and parameters: {'k1': 0.03232155805617897, 'D_low': 98.57545621889057, 'k2': 0.006138509947844854, 'D_high': 75773.14388518519, 'fire_exp': 2.2881850891698634, 'P_half': 8.369109437186466, 'pre_dampen_half': 88.81627111957808, 'gpp_af': 10.705994121627729, 'gpp_b': 8.539677611488478e-05, 'gpp_d': 3.7504792727317837, 'ign_k': 0.0026834162496848666, 'ign_c': 8.671454322584175}.
[I 2026-08-06 00:22:24,457] Trial 932 finished with values: [-0.5801083947367653, 0.14749328547475815] and parameters: {'k1': 0.0017320535908244437, 'D_low': 532.1216007763549, 'k2': 0.08935977793528184, 'D_high': 75773.14388518519, 'fire_exp': 1.5201277403788451, 'P_half': 22.4895428439145, 'pre_dampen_half': 33.9790424311127, 'gpp_af': 0.0025511964576171086, 'gpp_b': 8.539677611488478e-05, 'gpp_d': 668.5510162938966, 'ign_k': 0.09071933427331372, 'ign_c': 14.810800730363484}.
[I 2026-08-06 00:22:25,786] Trial 933 finished with values: [-0.5847596302335986, 0.15249426684273426] and parameters: {'k1': 0.025383218374507292, 'D_low': 4.051452710153359, 'k2': 3.5917714215176105e-05, 'D_high': 29456.2056920274, 'fire_exp': 1.5201277403788451, 'P_half': 147.09699119495133, 'pre_dampen_half': 76.86605275420082, 'gpp_af': 43.24033972449845, 'gpp_b': 0.10123867001105968, 'gpp_d': 300.3420512048734, 'ign_k': 0.03141110271934876, 'ign_c': 14.810800730363484}.
[I 2026-08-06 00:22:27,179] Trial 934 finished with values: [10.646523176419894, 10.646523176419894] and parameters: {'k1': 0.0002656971546588439, 'D_low': 74.92772870670282, 'k2': 0.006138509947844854, 'D_high': 10316.033434719713, 'fire_exp': 1.0881360604103363, 'P_half': 10.226988730324324, 'pre_dampen_half': 5.542030950268268, 'gpp_af': 0.47739011308437823, 'gpp_b': 0.5497720006052913, 'gpp_d': 0.3337303435204265, 'ign_k': 0.4702627143647234, 'ign_c': 6.160975294741436}.
[I 2026-08-06 00:22:28,544] Trial 935 finished with values: [10.116450652079788, 10.116450652079788] and parameters: {'k1': 2.1070611138656e-05, 'D_low': 532.1216007763549, 'k2': 3.5917714215176105e-05, 'D_high': 409.18595179278975, 'fire_exp': 1.5201277403788451, 'P_half': 22.4895428439145, 'pre_dampen_half': 304.7488318185732, 'gpp_af': 0.0025511964576171086, 'gpp_b': 8.539677611488478e-05, 'gpp_d': 668.5510162938966, 'ign_k': 0.11903394335305037, 'ign_c': 6.160975294741436}.
[I 2026-08-06 00:22:29,852] Trial 936 finished with values: [11.605458962349797, 11.605458962349797] and parameters: {'k1': 0.0029707920514735983, 'D_low': 125.32726386250698, 'k2': 0.0004381141781653133, 'D_high': 6366.1449945522045, 'fire_exp': 1.151006986743773, 'P_half': 408.3047491580097, 'pre_dampen_half': 703.6426675556048, 'gpp_af': 0.0025511964576171086, 'gpp_b': 8.539677611488478e-05, 'gpp_d': 13.076473382928533, 'ign_k': 0.0026834162496848666, 'ign_c': 19.19168994439752}.
[I 2026-08-06 00:22:31,196] Trial 937 finished with values: [10.562821782128943, 10.562821782128943] and parameters: {'k1': 0.002971796631657383, 'D_low': 74.92772870670282, 'k2': 0.006138509947844854, 'D_high': 49.442231067539446, 'fire_exp': 1.4665043946307825, 'P_half': 958.8659498594012, 'pre_dampen_half': 304.7488318185732, 'gpp_af': 1.6595781802652418, 'gpp_b': 8.539677611488478e-05, 'gpp_d': 4.5768578731086835, 'ign_k': 4.461217349302768, 'ign_c': 6.160975294741436}.
[I 2026-08-06 00:22:32,525] Trial 938 finished with values: [-0.5514207910423494, 0.13133628945115794] and parameters: {'k1': 0.0029707920514735983, 'D_low': 1.54121727098019, 'k2': 1.1184534120760473e-05, 'D_high': 75773.14388518519, 'fire_exp': 1.4665043946307825, 'P_half': 125.61043700013555, 'pre_dampen_half': 36.876350096203005, 'gpp_af': 0.0025511964576171086, 'gpp_b': 3.228689523591491e-05, 'gpp_d': 5.878566318396007, 'ign_k': 0.019192001101561888, 'ign_c': 2.92043384718141}.
[I 2026-08-06 00:22:33,871] Trial 939 finished with values: [10.278854163511289, 10.278854163511289] and parameters: {'k1': 0.025383218374507292, 'D_low': 532.1216007763549, 'k2': 0.0004381141781653133, 'D_high': 233.52156626184438, 'fire_exp': 1.010722707674549, 'P_half': 39.03214299767183, 'pre_dampen_half': 33.9790424311127, 'gpp_af': 0.18148402127631746, 'gpp_b': 2.995823436300149e-05, 'gpp_d': 29.83701993880331, 'ign_k': 0.03141110271934876, 'ign_c': 8.671454322584175}.
[I 2026-08-06 00:22:35,406] Trial 940 finished with values: [10.780557639259472, 10.780557639259472] and parameters: {'k1': 0.0017320535908244437, 'D_low': 396.8136435370147, 'k2': 0.00024232538206837495, 'D_high': 6802.810205786723, 'fire_exp': 1.1044852285094786, 'P_half': 22.4895428439145, 'pre_dampen_half': 33.9790424311127, 'gpp_af': 0.028585493941961918, 'gpp_b': 8.539677611488478e-05, 'gpp_d': 10.931606102061748, 'ign_k': 0.09071933427331372, 'ign_c': 8.671454322584175}.
[I 2026-08-06 00:22:36,942] Trial 941 finished with values: [10.47931917997954, 10.47931917997954] and parameters: {'k1': 0.0017320535908244437, 'D_low': 125.32726386250698, 'k2': 0.006138509947844854, 'D_high': 11069.082134755383, 'fire_exp': 1.5201277403788451, 'P_half': 39.03214299767183, 'pre_dampen_half': 703.6426675556048, 'gpp_af': 0.0025511964576171086, 'gpp_b': 3.228689523591491e-05, 'gpp_d': 5.085491038878331, 'ign_k': 0.09071933427331372, 'ign_c': 47.268615251255675}.
[I 2026-08-06 00:22:38,368] Trial 942 finished with values: [10.769230768877819, 10.769230768877819] and parameters: {'k1': 0.002971796631657383, 'D_low': 74.92772870670282, 'k2': 0.006138509947844854, 'D_high': 75773.14388518519, 'fire_exp': 9.453882513053998, 'P_half': 10.226988730324324, 'pre_dampen_half': 45.00414872181379, 'gpp_af': 0.09172078901566363, 'gpp_b': 8.539677611488478e-05, 'gpp_d': 4.5768578731086835, 'ign_k': 0.36634334739248847, 'ign_c': 194.94955785090448}.
[I 2026-08-06 00:22:39,727] Trial 943 finished with values: [10.769230768877819, 10.769230768877819] and parameters: {'k1': 0.025383218374507292, 'D_low': 18.522006003174383, 'k2': 3.38921165308947e-05, 'D_high': 949.9072859745386, 'fire_exp': 1.1044852285094786, 'P_half': 2805.8078703333817, 'pre_dampen_half': 14.689898077648792, 'gpp_af': 0.028585493941961918, 'gpp_b': 0.6637926838138378, 'gpp_d': 891.8036602897795, 'ign_k': 3.7173717478250508, 'ign_c': 490.9403886223242}.
[I 2026-08-06 00:22:41,039] Trial 944 finished with values: [10.364202553195694, 10.364202553195694] and parameters: {'k1': 0.00012105387404469581, 'D_low': 74.92772870670282, 'k2': 3.5917714215176105e-05, 'D_high': 3660.150802571655, 'fire_exp': 1.5201277403788451, 'P_half': 147.09699119495133, 'pre_dampen_half': 76.86605275420082, 'gpp_af': 1.6595781802652418, 'gpp_b': 8.539677611488478e-05, 'gpp_d': 4.5768578731086835, 'ign_k': 0.08876620955487982, 'ign_c': 6.160975294741436}.
[I 2026-08-06 00:22:42,813] Trial 945 finished with values: [11.17612544186789, 11.17612544186789] and parameters: {'k1': 0.021368329072358756, 'D_low': 125.32726386250698, 'k2': 0.0010204225357677778, 'D_high': 75773.14388518519, 'fire_exp': 1.1044852285094786, 'P_half': 22.4895428439145, 'pre_dampen_half': 36.876350096203005, 'gpp_af': 0.028585493941961918, 'gpp_b': 8.539677611488478e-05, 'gpp_d': 150.14555442537656, 'ign_k': 0.005877005203443299, 'ign_c': 2.92043384718141}.
[I 2026-08-06 00:22:44,210] Trial 946 finished with values: [-0.5769521405273232, 0.10610643693938004] and parameters: {'k1': 0.0017320535908244437, 'D_low': 74.92772870670282, 'k2': 0.006138509947844854, 'D_high': 3660.150802571655, 'fire_exp': 1.0881360604103363, 'P_half': 10.226988730324324, 'pre_dampen_half': 10.746441744380329, 'gpp_af': 1.6595781802652418, 'gpp_b': 0.3880241939505091, 'gpp_d': 4.5768578731086835, 'ign_k': 0.08312953263874531, 'ign_c': 0.5004428734228137}.
[I 2026-08-06 00:22:45,619] Trial 947 finished with values: [10.157335276352047, 10.157335276352047] and parameters: {'k1': 0.0010239159443463301, 'D_low': 532.1216007763549, 'k2': 0.006138509947844854, 'D_high': 75773.14388518519, 'fire_exp': 1.5201277403788451, 'P_half': 408.3047491580097, 'pre_dampen_half': 304.7488318185732, 'gpp_af': 5.511863475708366, 'gpp_b': 8.539677611488478e-05, 'gpp_d': 13.076473382928533, 'ign_k': 0.0026834162496848666, 'ign_c': 19.19168994439752}.
[I 2026-08-06 00:22:47,139] Trial 948 finished with values: [10.938969818430687, 10.938969818430687] and parameters: {'k1': 0.0017320535908244437, 'D_low': 2.1234210963705626, 'k2': 0.0003932349508311777, 'D_high': 75773.14388518519, 'fire_exp': 1.151006986743773, 'P_half': 22.4895428439145, 'pre_dampen_half': 33.9790424311127, 'gpp_af': 0.028585493941961918, 'gpp_b': 8.539677611488478e-05, 'gpp_d': 13.076473382928533, 'ign_k': 0.0026834162496848666, 'ign_c': 14.810800730363484}.
[I 2026-08-06 00:22:48,480] Trial 949 finished with values: [-0.5727683178967716, 0.10605420722826753] and parameters: {'k1': 0.021368329072358756, 'D_low': 7.068974950624602, 'k2': 1.1184534120760473e-05, 'D_high': 75773.14388518519, 'fire_exp': 1.5201277403788451, 'P_half': 125.61043700013555, 'pre_dampen_half': 33.9790424311127, 'gpp_af': 0.028585493941961918, 'gpp_b': 0.003510201564752293, 'gpp_d': 4.5768578731086835, 'ign_k': 0.09071933427331372, 'ign_c': 14.367095138664217}.
[I 2026-08-06 00:22:49,874] Trial 950 finished with values: [10.292030351223493, 10.292030351223493] and parameters: {'k1': 0.0029707920514735983, 'D_low': 3.850312405984757, 'k2': 1.1184534120760473e-05, 'D_high': 75773.14388518519, 'fire_exp': 1.4665043946307825, 'P_half': 14.94057723907974, 'pre_dampen_half': 76.86605275420082, 'gpp_af': 0.06881325660932233, 'gpp_b': 0.10123867001105968, 'gpp_d': 300.3420512048734, 'ign_k': 0.019192001101561888, 'ign_c': 14.810800730363484}.
[I 2026-08-06 00:22:51,180] Trial 951 finished with values: [11.119569133265115, 11.119569133265115] and parameters: {'k1': 0.0017320535908244437, 'D_low': 125.32726386250698, 'k2': 0.0010204225357677778, 'D_high': 75773.14388518519, 'fire_exp': 1.5201277403788451, 'P_half': 22.4895428439145, 'pre_dampen_half': 304.7488318185732, 'gpp_af': 0.00219210598059826, 'gpp_b': 8.539677611488478e-05, 'gpp_d': 150.14555442537656, 'ign_k': 0.005877005203443299, 'ign_c': 14.810800730363484}.
[I 2026-08-06 00:22:52,468] Trial 952 finished with values: [10.530050053772088, 10.530050053772088] and parameters: {'k1': 0.021368329072358756, 'D_low': 7.068974950624602, 'k2': 1.1184534120760473e-05, 'D_high': 949.9072859745386, 'fire_exp': 1.1044852285094786, 'P_half': 125.61043700013555, 'pre_dampen_half': 36.876350096203005, 'gpp_af': 0.028585493941961918, 'gpp_b': 0.003510201564752293, 'gpp_d': 0.013460448623833698, 'ign_k': 0.019192001101561888, 'ign_c': 2.92043384718141}.
[I 2026-08-06 00:22:53,766] Trial 953 finished with values: [10.61462034918363, 10.61462034918363] and parameters: {'k1': 0.025383218374507292, 'D_low': 125.32726386250698, 'k2': 1.1184534120760473e-05, 'D_high': 6366.1449945522045, 'fire_exp': 2.196935728020977, 'P_half': 22.4895428439145, 'pre_dampen_half': 703.6426675556048, 'gpp_af': 0.028585493941961918, 'gpp_b': 0.011750724729953272, 'gpp_d': 0.19476644406315288, 'ign_k': 0.0026834162496848666, 'ign_c': 2.92043384718141}.
[I 2026-08-06 00:22:55,130] Trial 954 finished with values: [10.213830501571929, 10.213830501571929] and parameters: {'k1': 0.0017320535908244437, 'D_low': 125.32726386250698, 'k2': 0.0001599021369655865, 'D_high': 75773.14388518519, 'fire_exp': 1.1044852285094786, 'P_half': 24.136213194527585, 'pre_dampen_half': 33.9790424311127, 'gpp_af': 0.028585493941961918, 'gpp_b': 0.011750724729953272, 'gpp_d': 10.931606102061748, 'ign_k': 0.005877005203443299, 'ign_c': 14.810800730363484}.
[I 2026-08-06 00:22:56,443] Trial 955 finished with values: [10.25126698345761, 10.25126698345761] and parameters: {'k1': 0.0002656971546588439, 'D_low': 18.522006003174383, 'k2': 8.200096539027468e-05, 'D_high': 10316.033434719713, 'fire_exp': 1.1044852285094786, 'P_half': 14.94057723907974, 'pre_dampen_half': 33.9790424311127, 'gpp_af': 1.6595781802652418, 'gpp_b': 0.10123867001105968, 'gpp_d': 300.3420512048734, 'ign_k': 0.11903394335305037, 'ign_c': 14.367095138664217}.
[I 2026-08-06 00:22:57,788] Trial 956 finished with values: [10.769230768877819, 10.769230768877819] and parameters: {'k1': 0.03232155805617897, 'D_low': 74.92772870670282, 'k2': 3.472683124638336e-05, 'D_high': 75773.14388518519, 'fire_exp': 1.0881360604103363, 'P_half': 14.94057723907974, 'pre_dampen_half': 1.6130673726933187, 'gpp_af': 0.028585493941961918, 'gpp_b': 0.011750724729953272, 'gpp_d': 368.30088529547436, 'ign_k': 0.11101191524846071, 'ign_c': 711.9679541167399}.
[I 2026-08-06 00:22:59,099] Trial 957 finished with values: [10.336630952078277, 10.336630952078277] and parameters: {'k1': 0.025383218374507292, 'D_low': 532.1216007763549, 'k2': 0.0004381141781653133, 'D_high': 1578.0404945802954, 'fire_exp': 1.010722707674549, 'P_half': 39.03214299767183, 'pre_dampen_half': 33.9790424311127, 'gpp_af': 0.18148402127631746, 'gpp_b': 0.03308649623479659, 'gpp_d': 5.085491038878331, 'ign_k': 0.03141110271934876, 'ign_c': 8.671454322584175}.
[I 2026-08-06 00:23:00,540] Trial 958 finished with values: [10.767879730929668, 10.767879730929668] and parameters: {'k1': 0.07299424898595562, 'D_low': 4.051452710153359, 'k2': 3.5917714215176105e-05, 'D_high': 1123.9682517242118, 'fire_exp': 2.2881850891698634, 'P_half': 8.369109437186466, 'pre_dampen_half': 76.86605275420082, 'gpp_af': 0.004344117003966495, 'gpp_b': 0.10123867001105968, 'gpp_d': 0.11136446029400991, 'ign_k': 0.1550134937334847, 'ign_c': 9.34330265731847}.
[I 2026-08-06 00:23:02,470] Trial 959 finished with values: [10.14712069547936, 10.14712069547936] and parameters: {'k1': 0.0017320535908244437, 'D_low': 532.1216007763549, 'k2': 0.006138509947844854, 'D_high': 75773.14388518519, 'fire_exp': 1.5201277403788451, 'P_half': 119.21396716829831, 'pre_dampen_half': 36.876350096203005, 'gpp_af': 0.0025511964576171086, 'gpp_b': 8.539677611488478e-05, 'gpp_d': 5.085491038878331, 'ign_k': 0.0026834162496848666, 'ign_c': 14.810800730363484}.
[I 2026-08-06 00:23:03,764] Trial 960 finished with values: [10.53089094523158, 10.53089094523158] and parameters: {'k1': 0.0017320535908244437, 'D_low': 532.1216007763549, 'k2': 0.006138509947844854, 'D_high': 639.0695092073224, 'fire_exp': 1.5201277403788451, 'P_half': 608.3019192425825, 'pre_dampen_half': 45.00414872181379, 'gpp_af': 0.09172078901566363, 'gpp_b': 9.58832899519661e-05, 'gpp_d': 2.1184980150420962, 'ign_k': 0.08312953263874531, 'ign_c': 14.367095138664217}.
[I 2026-08-06 00:23:04,729] Trial 961 finished with values: [10.763611439233035, 10.763611439233035] and parameters: {'k1': 0.0017320535908244437, 'D_low': 74.92772870670282, 'k2': 1.1184534120760473e-05, 'D_high': 3660.150802571655, 'fire_exp': 1.1044852285094786, 'P_half': 10.226988730324324, 'pre_dampen_half': 14.689898077648792, 'gpp_af': 0.0025511964576171086, 'gpp_b': 0.3880241939505091, 'gpp_d': 4.5768578731086835, 'ign_k': 3.7173717478250508, 'ign_c': 14.367095138664217}.
[I 2026-08-06 00:23:05,665] Trial 962 finished with values: [10.721453694839099, 10.721453694839099] and parameters: {'k1': 0.025383218374507292, 'D_low': 74.92772870670282, 'k2': 0.0004381141781653133, 'D_high': 233.52156626184438, 'fire_exp': 1.5201277403788451, 'P_half': 22.4895428439145, 'pre_dampen_half': 703.6426675556048, 'gpp_af': 1.6595781802652418, 'gpp_b': 8.539677611488478e-05, 'gpp_d': 0.19476644406315288, 'ign_k': 0.03141110271934876, 'ign_c': 47.268615251255675}.
[I 2026-08-06 00:23:06,535] Trial 963 finished with values: [10.30801591127253, 10.30801591127253] and parameters: {'k1': 0.00012105387404469581, 'D_low': 4.051452710153359, 'k2': 3.5917714215176105e-05, 'D_high': 29456.2056920274, 'fire_exp': 1.5201277403788451, 'P_half': 147.09699119495133, 'pre_dampen_half': 111.37963167994629, 'gpp_af': 1.6595781802652418, 'gpp_b': 1.821693031918062e-05, 'gpp_d': 668.5510162938966, 'ign_k': 0.1550134937334847, 'ign_c': 9.34330265731847}.
[I 2026-08-06 00:23:07,420] Trial 964 finished with values: [10.705852715612073, 10.705852715612073] and parameters: {'k1': 0.0017320535908244437, 'D_low': 532.1216007763549, 'k2': 3.5917714215176105e-05, 'D_high': 75773.14388518519, 'fire_exp': 2.7070599790201504, 'P_half': 958.8659498594012, 'pre_dampen_half': 33.9790424311127, 'gpp_af': 0.0025511964576171086, 'gpp_b': 8.539677611488478e-05, 'gpp_d': 0.3623102873208143, 'ign_k': 4.461217349302768, 'ign_c': 10.581992548039135}.
[I 2026-08-06 00:23:08,272] Trial 965 finished with values: [-0.5678246894413036, 0.057574162380728766] and parameters: {'k1': 0.021368329072358756, 'D_low': 57.285769939950555, 'k2': 4.763991596630584e-05, 'D_high': 1687.3495104568947, 'fire_exp': 1.275453659678475, 'P_half': 125.61043700013555, 'pre_dampen_half': 14.689898077648792, 'gpp_af': 0.028585493941961918, 'gpp_b': 0.003510201564752293, 'gpp_d': 4.5768578731086835, 'ign_k': 3.7173717478250508, 'ign_c': 14.367095138664217}.
[I 2026-08-06 00:23:09,143] Trial 966 finished with values: [10.453682153871089, 10.453682153871089] and parameters: {'k1': 0.0029707920514735983, 'D_low': 1.54121727098019, 'k2': 0.003658518527736814, 'D_high': 639.0695092073224, 'fire_exp': 1.4665043946307825, 'P_half': 608.3019192425825, 'pre_dampen_half': 36.876350096203005, 'gpp_af': 0.012027930570908296, 'gpp_b': 3.228689523591491e-05, 'gpp_d': 891.8036602897795, 'ign_k': 0.019192001101561888, 'ign_c': 30.08512495286993}.
[I 2026-08-06 00:23:09,985] Trial 967 finished with values: [10.021980635847255, 10.021980635847255] and parameters: {'k1': 0.0017320535908244437, 'D_low': 74.92772870670282, 'k2': 0.006138509947844854, 'D_high': 3660.150802571655, 'fire_exp': 1.0881360604103363, 'P_half': 10.226988730324324, 'pre_dampen_half': 10.746441744380329, 'gpp_af': 1.6595781802652418, 'gpp_b': 0.07965381010765311, 'gpp_d': 4.5768578731086835, 'ign_k': 0.004056013693183174, 'ign_c': 0.5004428734228137}.
[I 2026-08-06 00:23:10,873] Trial 968 finished with values: [10.714091171812543, 10.714091171812543] and parameters: {'k1': 0.03232155805617897, 'D_low': 532.1216007763549, 'k2': 0.08935977793528184, 'D_high': 633.1166646948959, 'fire_exp': 1.5201277403788451, 'P_half': 22.4895428439145, 'pre_dampen_half': 33.9790424311127, 'gpp_af': 0.004344117003966495, 'gpp_b': 0.0035057749039614167, 'gpp_d': 5.085491038878331, 'ign_k': 0.8826264591983531, 'ign_c': 14.810800730363484}.
[I 2026-08-06 00:23:11,744] Trial 969 finished with values: [10.76916833828946, 10.76916833828946] and parameters: {'k1': 1.759537424265476e-05, 'D_low': 74.92772870670282, 'k2': 3.5917714215176105e-05, 'D_high': 3660.150802571655, 'fire_exp': 6.036171716731253, 'P_half': 958.8659498594012, 'pre_dampen_half': 304.7488318185732, 'gpp_af': 0.19906830511569304, 'gpp_b': 8.539677611488478e-05, 'gpp_d': 4.5768578731086835, 'ign_k': 4.461217349302768, 'ign_c': 6.160975294741436}.
[I 2026-08-06 00:23:12,587] Trial 970 finished with values: [10.761325410959294, 10.761325410959294] and parameters: {'k1': 0.0029707920514735983, 'D_low': 1.7086581483996572, 'k2': 0.0004381141781653133, 'D_high': 75773.14388518519, 'fire_exp': 2.196935728020977, 'P_half': 9538.174612713206, 'pre_dampen_half': 36.876350096203005, 'gpp_af': 0.0025511964576171086, 'gpp_b': 8.539677611488478e-05, 'gpp_d': 668.5510162938966, 'ign_k': 0.08312953263874531, 'ign_c': 14.810800730363484}.
[I 2026-08-06 00:23:13,441] Trial 971 finished with values: [10.294691693600209, 10.294691693600209] and parameters: {'k1': 0.025383218374507292, 'D_low': 18.522006003174383, 'k2': 1.702637694606324e-05, 'D_high': 1687.3495104568947, 'fire_exp': 1.3239942327296237, 'P_half': 958.8659498594012, 'pre_dampen_half': 304.7488318185732, 'gpp_af': 2.9865936975455876, 'gpp_b': 0.6637926838138378, 'gpp_d': 4.5768578731086835, 'ign_k': 4.461217349302768, 'ign_c': 14.367095138664217}.
[I 2026-08-06 00:23:14,310] Trial 972 finished with values: [10.769230768877819, 10.769230768877819] and parameters: {'k1': 0.021368329072358756, 'D_low': 7.068974950624602, 'k2': 1.1184534120760473e-05, 'D_high': 949.9072859745386, 'fire_exp': 1.1044852285094786, 'P_half': 14.94057723907974, 'pre_dampen_half': 14.689898077648792, 'gpp_af': 0.004344117003966495, 'gpp_b': 0.0006082667040432242, 'gpp_d': 368.30088529547436, 'ign_k': 3.7173717478250508, 'ign_c': 860.4303107293014}.
[I 2026-08-06 00:23:15,165] Trial 973 finished with values: [-0.5511501462257777, 0.13044616786250451] and parameters: {'k1': 0.0029707920514735983, 'D_low': 9.051497105326684, 'k2': 1.1184534120760473e-05, 'D_high': 75773.14388518519, 'fire_exp': 1.4665043946307825, 'P_half': 125.61043700013555, 'pre_dampen_half': 36.876350096203005, 'gpp_af': 0.0025511964576171086, 'gpp_b': 3.228689523591491e-05, 'gpp_d': 5.878566318396007, 'ign_k': 0.019192001101561888, 'ign_c': 2.92043384718141}.
[I 2026-08-06 00:23:16,066] Trial 974 finished with values: [10.256454841267272, 10.256454841267272] and parameters: {'k1': 0.0002656971546588439, 'D_low': 4.051452710153359, 'k2': 3.706785664265659e-05, 'D_high': 10316.033434719713, 'fire_exp': 1.5201277403788451, 'P_half': 125.61043700013555, 'pre_dampen_half': 76.86605275420082, 'gpp_af': 1.6595781802652418, 'gpp_b': 8.539677611488478e-05, 'gpp_d': 300.3420512048734, 'ign_k': 0.0026834162496848666, 'ign_c': 14.810800730363484}.
