[I 2026-07-22 20:36:07,901] Trial 69 finished with values: [10.53009501902768, 10.53009501902768] and parameters: {'k1': 0.0009299619346742016, 'D_low': 35.437765484261625, 'k2': 0.0006863458703786212, 'D_high': 422156.2491370542, 'fire_exp': 1.5704801393982246, 'P_half': 1.9977959434035766, 'pre_dampen_half': 43.74654720293282, 'gpp_af': 0.015875524914818664, 'gpp_b': 2.852199954727099e-05, 'gpp_d': 0.04409594046630608, 'ign_k': 0.009674045662145934, 'ign_c': 188.97713941351608, 'trop_agb_crit': 15.16471267552962, 'trop_k_veg': 2.9556982260250564, 'fuel_k': 0.057024351269772615, 'fuel_half': 1.0889347318773486}.
[I 2026-07-22 20:36:08,329] Trial 70 finished with values: [10.765702967117592, 10.765702967117592] and parameters: {'k1': 0.0007081721844034209, 'D_low': 30536.94794783225, 'k2': 1.4019509251727777e-05, 'D_high': 327.0556574879977, 'fire_exp': 1.1799351922474886, 'P_half': 3809.1436474916286, 'pre_dampen_half': 0.015231698662987011, 'gpp_af': 0.45768578731086884, 'gpp_b': 4.395740721198845e-05, 'gpp_d': 1.726083631377678, 'ign_k': 1.2650580856641707, 'ign_c': 0.9330007965781025, 'trop_agb_crit': 5.950973448740583, 'trop_k_veg': 1.6970757804333103, 'fuel_k': 0.011370009386071307, 'fuel_half': 0.925203989413795}.
[I 2026-07-22 20:36:08,752] Trial 71 finished with values: [10.72387883825164, 10.72387883825164] and parameters: {'k1': 1.263794633808287e-05, 'D_low': 32677.376097937307, 'k2': 0.014666151770108535, 'D_high': 65835.85310972678, 'fire_exp': 1.0871627347485018, 'P_half': 94.99072859745384, 'pre_dampen_half': 0.01939964577577238, 'gpp_af': 0.5592994749372484, 'gpp_b': 0.004458440839692221, 'gpp_d': 59.945376567988106, 'ign_k': 0.008226074946221037, 'ign_c': 0.2939463458625969, 'trop_agb_crit': 1.626357634890109, 'trop_k_veg': 0.7818074020304813, 'fuel_k': 3.826843441487285, 'fuel_half': 26.56813924114493}.
[I 2026-07-22 20:36:09,166] Trial 72 finished with values: [-0.35014454847546184, 0.20833356008011672] and parameters: {'k1': 0.008471801418819975, 'D_low': 3907.96715682288, 'k2': 4.207988669606632e-05, 'D_high': 25566.506194206, 'fire_exp': 1.4284956407464617, 'P_half': 1.104970302415413, 'pre_dampen_half': 10.129197956845726, 'gpp_af': 3.470266988650414, 'gpp_b': 0.0008239138919814073, 'gpp_d': 707.2114131472224, 'ign_k': 4.59148521674054, 'ign_c': 0.7068974950624601, 'trop_agb_crit': 1.8559980846490576, 'trop_k_veg': 1.733613253381165, 'fuel_k': 0.07002142869039267, 'fuel_half': 3.75205585512428}.
[I 2026-07-22 20:36:09,578] Trial 73 finished with values: [10.554379049381206, 10.554379049381206] and parameters: {'k1': 0.038650368562597265, 'D_low': 1.5983646703804382, 'k2': 0.004679839449773939, 'D_high': 108.12328381849699, 'fire_exp': 1.1926677989338226, 'P_half': 1.457050032975653, 'pre_dampen_half': 30.6973818311793, 'gpp_af': 0.024714492403026287, 'gpp_b': 0.00011536203425923768, 'gpp_d': 0.027765958408796157, 'ign_k': 0.0030376902301221657, 'ign_c': 6.968111190775308, 'trop_agb_crit': 2.017343814481252, 'trop_k_veg': 1.372760022287972, 'fuel_k': 0.2503625235956924, 'fuel_half': 11.781063202742125}.
[I 2026-07-22 20:36:09,992] Trial 74 finished with values: [10.712719112905301, 10.712719112905301] and parameters: {'k1': 0.028401063201780267, 'D_low': 60.82667040432243, 'k2': 0.00033271381912662167, 'D_high': 3518658.932727695, 'fire_exp': 2.0131182980979285, 'P_half': 3.6345672005817913, 'pre_dampen_half': 716.6237971581485, 'gpp_af': 0.2736251365128465, 'gpp_b': 2.329771677613653, 'gpp_d': 99.833496022928, 'ign_k': 3.965503094323014, 'ign_c': 0.12299210465793126, 'trop_agb_crit': 5.526463318565575, 'trop_k_veg': 2.724170387400844, 'fuel_k': 0.10978148458640455, 'fuel_half': 0.5938312608859317}.
[I 2026-07-22 20:36:10,406] Trial 75 finished with values: [10.769221121328437, 10.769221121328437] and parameters: {'k1': 3.661819220392426e-05, 'D_low': 16.00237013173313, 'k2': 0.00033271381912662167, 'D_high': 2427.0544179401313, 'fire_exp': 1.5191397119156032, 'P_half': 5985.024829384179, 'pre_dampen_half': 0.010656401760606449, 'gpp_af': 11.948328168545443, 'gpp_b': 0.00012118589392553798, 'gpp_d': 2.350017429221425, 'ign_k': 1.2164139351417067, 'ign_c': 22.126836566118193, 'trop_agb_crit': 3.384522041201139, 'trop_k_veg': 2.724170387400844, 'fuel_k': 2.4993775341055966, 'fuel_half': 7.41129978108324}.
[I 2026-07-22 20:36:10,823] Trial 76 finished with values: [10.391990287324399, 10.391990287324399] and parameters: {'k1': 0.0009299619346742016, 'D_low': 35.437765484261625, 'k2': 0.0012056765208549535, 'D_high': 7589190.453000005, 'fire_exp': 2.203135761329667, 'P_half': 20.654107883022302, 'pre_dampen_half': 14.689407256107613, 'gpp_af': 0.6378078463802856, 'gpp_b': 2.852199954727099e-05, 'gpp_d': 0.04409594046630608, 'ign_k': 0.003252245757497283, 'ign_c': 0.13035590385085064, 'trop_agb_crit': 1.6034837661963206, 'trop_k_veg': 2.9556982260250564, 'fuel_k': 0.03201034713747641, 'fuel_half': 0.43540407017515786}.
[I 2026-07-22 20:36:11,239] Trial 77 finished with values: [10.76923076903347, 10.76923076903347] and parameters: {'k1': 0.038650368562597265, 'D_low': 697.8624673182429, 'k2': 0.045643990286224186, 'D_high': 108.12328381849699, 'fire_exp': 1.1926677989338226, 'P_half': 338.10932731708533, 'pre_dampen_half': 0.06993189798526715, 'gpp_af': 0.024714492403026287, 'gpp_b': 0.00011536203425923768, 'gpp_d': 638.7804078522876, 'ign_k': 0.0030376902301221657, 'ign_c': 4.5550850984540805, 'trop_agb_crit': 1.3368165353768515, 'trop_k_veg': 7.930968248290507, 'fuel_k': 0.2503625235956924, 'fuel_half': 6.111601825712037}.
[I 2026-07-22 20:36:11,653] Trial 78 finished with values: [10.76923076903347, 10.76923076903347] and parameters: {'k1': 0.0009670857606743155, 'D_low': 6.685373335828939, 'k2': 0.02388897930076985, 'D_high': 47.95579858030176, 'fire_exp': 1.1026043709433064, 'P_half': 3231.152185441098, 'pre_dampen_half': 43.74654720293282, 'gpp_af': 0.30023172465753106, 'gpp_b': 0.8004481426143581, 'gpp_d': 5.9704086523843145, 'ign_k': 0.1314021022620738, 'ign_c': 188.97713941351608, 'trop_agb_crit': 1.3725370520782985, 'trop_k_veg': 3.431372819108534, 'fuel_k': 0.057024351269772615, 'fuel_half': 5.897826610165949}.
[I 2026-07-22 20:36:12,101] Trial 79 finished with values: [10.478956437199631, 10.478956437199631] and parameters: {'k1': 1.263794633808287e-05, 'D_low': 32677.376097937307, 'k2': 0.014666151770108535, 'D_high': 546649.376092156, 'fire_exp': 1.3338126188125452, 'P_half': 94.99072859745384, 'pre_dampen_half': 345.01054536130147, 'gpp_af': 0.03940055743445144, 'gpp_b': 0.0028993292583566945, 'gpp_d': 59.945376567988106, 'ign_k': 0.008226074946221037, 'ign_c': 0.2939463458625969, 'trop_agb_crit': 2.679156169946616, 'trop_k_veg': 0.7818074020304813, 'fuel_k': 2.008410859639995, 'fuel_half': 0.2010796072862617}.
[I 2026-07-22 20:36:12,549] Trial 80 finished with values: [10.758025233474502, 10.758025233474502] and parameters: {'k1': 0.0009670857606743155, 'D_low': 16.00237013173313, 'k2': 0.00033271381912662167, 'D_high': 422156.2491370542, 'fire_exp': 1.5191397119156032, 'P_half': 157.80309954142965, 'pre_dampen_half': 0.015312220469853682, 'gpp_af': 0.03522602097143089, 'gpp_b': 0.00012118589392553798, 'gpp_d': 12.338826503601998, 'ign_k': 0.009674045662145934, 'ign_c': 188.97713941351608, 'trop_agb_crit': 15.16471267552962, 'trop_k_veg': 2.724170387400844, 'fuel_k': 0.10978148458640455, 'fuel_half': 71.14476009343416}.
[I 2026-07-22 20:36:13,017] Trial 81 finished with values: [10.687252642901115, 10.687252642901115] and parameters: {'k1': 0.0009299619346742016, 'D_low': 3781.109641794858, 'k2': 0.0006863458703786212, 'D_high': 7589190.453000005, 'fire_exp': 1.5704801393982246, 'P_half': 20.654107883022302, 'pre_dampen_half': 0.06993189798526715, 'gpp_af': 0.015875524914818664, 'gpp_b': 0.00011536203425923768, 'gpp_d': 0.04409594046630608, 'ign_k': 0.003252245757497283, 'ign_c': 6.968111190775308, 'trop_agb_crit': 1.6034837661963206, 'trop_k_veg': 2.9556982260250564, 'fuel_k': 0.03201034713747641, 'fuel_half': 11.781063202742125}.
[I 2026-07-22 20:36:13,442] Trial 82 finished with values: [10.547311918957211, 10.547311918957211] and parameters: {'k1': 0.0006579066240690734, 'D_low': 216.6574784061471, 'k2': 0.002173988526401145, 'D_high': 2552396.0446765427, 'fire_exp': 1.0425212905832526, 'P_half': 8.318314747941244, 'pre_dampen_half': 0.040071391969561214, 'gpp_af': 0.24002253099641152, 'gpp_b': 0.005419266601560437, 'gpp_d': 483.22422323215085, 'ign_k': 0.012868405331151606, 'ign_c': 0.5655677524618509, 'trop_agb_crit': 1.111888584843313, 'trop_k_veg': 1.034587866621145, 'fuel_k': 0.45000412754978936, 'fuel_half': 0.17108183937377372}.
[I 2026-07-22 20:36:13,865] Trial 83 finished with values: [10.769013725471183, 10.769013725471183] and parameters: {'k1': 0.0007883068789768041, 'D_low': 182.66972566585872, 'k2': 0.0009256855841989632, 'D_high': 6931.554219323896, 'fire_exp': 1.171990128270338, 'P_half': 54.37591736923918, 'pre_dampen_half': 0.9829324480069707, 'gpp_af': 1.200191344086032, 'gpp_b': 0.002010700232947343, 'gpp_d': 5.221127581184657, 'ign_k': 4.225600583742907, 'ign_c': 31.874227118134108, 'trop_agb_crit': 1.2991796513958451, 'trop_k_veg': 6.770810276976085, 'fuel_k': 0.554457053261732, 'fuel_half': 0.30817917005205625}.
[I 2026-07-22 20:36:14,280] Trial 84 finished with values: [10.762680310568026, 10.762680310568026] and parameters: {'k1': 0.0005708731724249573, 'D_low': 2240.9155921647994, 'k2': 0.0004976087827261435, 'D_high': 643.0833196845178, 'fire_exp': 1.10726080528881, 'P_half': 102.53722513378383, 'pre_dampen_half': 0.1448983619020909, 'gpp_af': 0.2204465010099918, 'gpp_b': 2.176805640408474e-05, 'gpp_d': 0.03927259340973168, 'ign_k': 0.0029519227433917453, 'ign_c': 39.52220881906112, 'trop_agb_crit': 12.647327018493208, 'trop_k_veg': 2.520089655463604, 'fuel_k': 0.554457053261732, 'fuel_half': 1.0109201286713743}.
[I 2026-07-22 20:36:14,698] Trial 85 finished with values: [10.768989233513725, 10.768989233513725] and parameters: {'k1': 3.661819220392426e-05, 'D_low': 4.213582405709724, 'k2': 0.01583668729848391, 'D_high': 117.83328148730695, 'fire_exp': 1.8186695347399964, 'P_half': 6.235377135673156, 'pre_dampen_half': 0.03142005665463892, 'gpp_af': 11.948328168545443, 'gpp_b': 0.17423847570785791, 'gpp_d': 44.160688951185854, 'ign_k': 2.09353129968932, 'ign_c': 3.87912807302844, 'trop_agb_crit': 3.384522041201139, 'trop_k_veg': 0.8826645621619742, 'fuel_k': 0.8597962237158667, 'fuel_half': 7.41129978108324}.
[I 2026-07-22 20:36:15,112] Trial 86 finished with values: [10.768792461747779, 10.768792461747779] and parameters: {'k1': 1.263794633808287e-05, 'D_low': 4.439648242927527, 'k2': 0.00324789183891923, 'D_high': 65835.85310972678, 'fire_exp': 1.3338126188125452, 'P_half': 108.21382910613987, 'pre_dampen_half': 0.02020178753564373, 'gpp_af': 0.024231943110844468, 'gpp_b': 0.6873970733467852, 'gpp_d': 59.945376567988106, 'ign_k': 0.005471218729342033, 'ign_c': 0.6876972589957657, 'trop_agb_crit': 2.679156169946616, 'trop_k_veg': 0.7818074020304813, 'fuel_k': 3.826843441487285, 'fuel_half': 1.2786183082536962}.
[I 2026-07-22 20:36:15,534] Trial 87 finished with values: [10.764389194693443, 10.764389194693443] and parameters: {'k1': 1.6559474674046002e-05, 'D_low': 102.6085262319094, 'k2': 0.0010726091927327822, 'D_high': 10.660857492705889, 'fire_exp': 1.1109593465084138, 'P_half': 277.00025557434554, 'pre_dampen_half': 0.2774295811500811, 'gpp_af': 39.744595568350235, 'gpp_b': 0.0011969498818304998, 'gpp_d': 0.542957716240429, 'ign_k': 0.022882309479728975, 'ign_c': 6.439790863101599, 'trop_agb_crit': 3.1419938725278875, 'trop_k_veg': 0.7258074184598352, 'fuel_k': 0.014999101825504624, 'fuel_half': 0.33819015402720176}.
[I 2026-07-22 20:36:15,953] Trial 88 finished with values: [10.384431903565286, 10.384431903565286] and parameters: {'k1': 0.007926237587961899, 'D_low': 47.81931841485258, 'k2': 1.2765717873951678e-05, 'D_high': 267535.550698083, 'fire_exp': 1.6618799814410974, 'P_half': 279.82272717049284, 'pre_dampen_half': 0.8726691654212084, 'gpp_af': 0.0021221774916927918, 'gpp_b': 0.0013672126623075966, 'gpp_d': 5.346676975436892, 'ign_k': 5.832560268546886, 'ign_c': 0.29126651668813763, 'trop_agb_crit': 1.1693687409928537, 'trop_k_veg': 0.559773544096922, 'fuel_k': 2.3801202050712624, 'fuel_half': 0.1614670469622492}.
[I 2026-07-22 20:36:16,371] Trial 89 finished with values: [-0.37230585721815346, 0.46873265267889885] and parameters: {'k1': 0.00021066486017042195, 'D_low': 86.64406862241785, 'k2': 0.015161591075671724, 'D_high': 893.5110590331861, 'fire_exp': 1.4951483674354806, 'P_half': 2.0598022365449626, 'pre_dampen_half': 272.9378165037472, 'gpp_af': 0.22965432344634348, 'gpp_b': 5.2187377767382e-05, 'gpp_d': 36.831884165358964, 'ign_k': 1.104435084712469, 'ign_c': 0.4933751600448339, 'trop_agb_crit': 1.7024582907699128, 'trop_k_veg': 1.0006736835346968, 'fuel_k': 0.28328975157735103, 'fuel_half': 1.9170041589170657}.
[I 2026-07-22 20:36:16,787] Trial 90 finished with values: [10.672105790721602, 10.672105790721602] and parameters: {'k1': 0.028401063201780267, 'D_low': 2.4063018320720926, 'k2': 0.00033271381912662167, 'D_high': 2427.0544179401313, 'fire_exp': 1.5191397119156032, 'P_half': 355.00125258511594, 'pre_dampen_half': 8.259599205585763, 'gpp_af': 0.03522602097143089, 'gpp_b': 0.00012118589392553798, 'gpp_d': 12.338826503601998, 'ign_k': 3.965503094323014, 'ign_c': 22.126836566118193, 'trop_agb_crit': 5.526463318565575, 'trop_k_veg': 2.724170387400844, 'fuel_k': 0.28328975157735103, 'fuel_half': 71.14476009343416}.
[I 2026-07-22 20:36:17,201] Trial 91 finished with values: [10.062172302496798, 10.062172302496798] and parameters: {'k1': 1.3243445838637965e-05, 'D_low': 1.6752866684650682, 'k2': 0.0006863458703786212, 'D_high': 7589190.453000005, 'fire_exp': 1.1234725391720877, 'P_half': 20.654107883022302, 'pre_dampen_half': 14.689407256107613, 'gpp_af': 0.011997897226934482, 'gpp_b': 2.852199954727099e-05, 'gpp_d': 0.04409594046630608, 'ign_k': 0.001609633064821938, 'ign_c': 13.348071559960674, 'trop_agb_crit': 1.6034837661963206, 'trop_k_veg': 2.927602344444864, 'fuel_k': 0.03201034713747641, 'fuel_half': 1.0889347318773486}.
[I 2026-07-22 20:36:17,610] Trial 92 finished with values: [10.766597700644844, 10.766597700644844] and parameters: {'k1': 0.0010495653625093638, 'D_low': 90937.87396959367, 'k2': 0.0001906331412032436, 'D_high': 2552396.0446765427, 'fire_exp': 1.4284956407464617, 'P_half': 13.30003421978439, 'pre_dampen_half': 565.0116730717867, 'gpp_af': 0.0028604435659156367, 'gpp_b': 0.005419266601560437, 'gpp_d': 562.7426550259207, 'ign_k': 0.012868405331151606, 'ign_c': 19.667608399443072, 'trop_agb_crit': 8.576304173303555, 'trop_k_veg': 1.331829048405031, 'fuel_k': 0.41829719944607047, 'fuel_half': 0.17108183937377372}.
[I 2026-07-22 20:36:18,024] Trial 93 finished with values: [10.75732460154407, 10.75732460154407] and parameters: {'k1': 0.008471801418819975, 'D_low': 3907.96715682288, 'k2': 0.00018245734513362482, 'D_high': 86.2913219007186, 'fire_exp': 2.3725834451092904, 'P_half': 19.625093208439857, 'pre_dampen_half': 3.926025433552807, 'gpp_af': 3.470266988650414, 'gpp_b': 1.3289448722869181e-05, 'gpp_d': 722.6207258080483, 'ign_k': 2.136832907235876, 'ign_c': 0.7068974950624601, 'trop_agb_crit': 6.264610220794367, 'trop_k_veg': 1.1514990646668624, 'fuel_k': 0.07002142869039267, 'fuel_half': 3.75205585512428}.
[I 2026-07-22 20:36:18,445] Trial 94 finished with values: [10.73117494871598, 10.73117494871598] and parameters: {'k1': 0.00013431925993528124, 'D_low': 11.604789380012715, 'k2': 0.010056781316817115, 'D_high': 693439.2750387826, 'fire_exp': 2.4783442138475, 'P_half': 1455.0993923603367, 'pre_dampen_half': 0.3924302839842013, 'gpp_af': 7.62192732934522, 'gpp_b': 0.0011087183655158347, 'gpp_d': 450.59526947401275, 'ign_k': 2.7142572552186843, 'ign_c': 5.199673923878318, 'trop_agb_crit': 12.856643861355176, 'trop_k_veg': 4.050700716504253, 'fuel_k': 0.019341658237934812, 'fuel_half': 51.01039893789344}.
[I 2026-07-22 20:36:18,862] Trial 95 finished with values: [10.751519734561073, 10.751519734561073] and parameters: {'k1': 0.0005342937261279771, 'D_low': 35.437765484261625, 'k2': 0.0006863458703786212, 'D_high': 68.70101665590026, 'fire_exp': 1.306941185248186, 'P_half': 29.204338471814108, 'pre_dampen_half': 1.9069966103000422, 'gpp_af': 8.431013932082463, 'gpp_b': 2.852199954727099e-05, 'gpp_d': 0.04409594046630608, 'ign_k': 0.23423849847112918, 'ign_c': 0.4051452710153359, 'trop_agb_crit': 1.6034837661963206, 'trop_k_veg': 2.9556982260250564, 'fuel_k': 0.03201034713747641, 'fuel_half': 1.0889347318773486}.
  trial   96/2500  pareto_size=3  best_taylor=0.3723  best_ilamb=0.5013  (0.7 min)
[I 2026-07-22 20:36:19,293] Trial 96 finished with values: [-0.6205547117549813, 0.17459606514145765] and parameters: {'k1': 0.012840669372724958, 'D_low': 2240.9155921647994, 'k2': 0.00016536937182824412, 'D_high': 2742371.6496047364, 'fire_exp': 1.8719045352638064, 'P_half': 93.43302657318476, 'pre_dampen_half': 13.472769577631588, 'gpp_af': 0.2991469302130216, 'gpp_b': 2.176805640408474e-05, 'gpp_d': 352.0481045526035, 'ign_k': 0.0029519227433917453, 'ign_c': 44.67752817973901, 'trop_agb_crit': 12.647327018493208, 'trop_k_veg': 2.1144348148283285, 'fuel_k': 4.710433409437071, 'fuel_half': 1.3323297901105766}.
[I 2026-07-22 20:36:19,708] Trial 97 finished with values: [10.769167546250332, 10.769167546250332] and parameters: {'k1': 1.127217425995114e-05, 'D_low': 3.2587510576286025, 'k2': 6.784924519083143e-05, 'D_high': 14.427571100855582, 'fire_exp': 1.1808654567962749, 'P_half': 214.86528009914124, 'pre_dampen_half': 1.2797429712949044, 'gpp_af': 29.06421218005386, 'gpp_b': 0.802899838262733, 'gpp_d': 0.511784063819465, 'ign_k': 0.01090670919514189, 'ign_c': 349.87345440353545, 'trop_agb_crit': 7.446243022338457, 'trop_k_veg': 1.0513584047313387, 'fuel_k': 0.5419760167299904, 'fuel_half': 1.691355720304061}.
[I 2026-07-22 20:36:20,128] Trial 98 finished with values: [10.767969773857965, 10.767969773857965] and parameters: {'k1': 0.0038341488164556755, 'D_low': 2658.7030147082673, 'k2': 0.0002656971546588439, 'D_high': 1027578.416190738, 'fire_exp': 1.3416870310419562, 'P_half': 8.890110660871555, 'pre_dampen_half': 0.01599100311121483, 'gpp_af': 0.005811599743439244, 'gpp_b': 0.1162481823613905, 'gpp_d': 0.06359264168909615, 'ign_k': 0.11178209200698722, 'ign_c': 1.381594751631993, 'trop_agb_crit': 1.8034072970800916, 'trop_k_veg': 6.00873667277442, 'fuel_k': 0.8308632327396429, 'fuel_half': 1.4461256820152135}.
[I 2026-07-22 20:36:20,544] Trial 99 finished with values: [10.769225063211898, 10.769225063211898] and parameters: {'k1': 0.0038341488164556755, 'D_low': 413.7701671571924, 'k2': 0.0002656971546588439, 'D_high': 49565.4586330749, 'fire_exp': 2.0131182980979285, 'P_half': 8.890110660871555, 'pre_dampen_half': 219.95805943313172, 'gpp_af': 0.005811599743439244, 'gpp_b': 2.329771677613653, 'gpp_d': 99.833496022928, 'ign_k': 0.005575298138639647, 'ign_c': 1.381594751631993, 'trop_agb_crit': 1.8034072970800916, 'trop_k_veg': 6.00873667277442, 'fuel_k': 0.5753052119333703, 'fuel_half': 0.49989457565796414}.
[I 2026-07-22 20:36:20,961] Trial 100 finished with values: [10.76241984065567, 10.76241984065567] and parameters: {'k1': 0.0010495653625093638, 'D_low': 90937.87396959367, 'k2': 1.2519965329664594e-05, 'D_high': 2427.0544179401313, 'fire_exp': 1.4284956407464617, 'P_half': 1.104970302415413, 'pre_dampen_half': 8.259599205585763, 'gpp_af': 0.0028604435659156367, 'gpp_b': 0.00012118589392553798, 'gpp_d': 12.338826503601998, 'ign_k': 3.965503094323014, 'ign_c': 19.667608399443072, 'trop_agb_crit': 5.526463318565575, 'trop_k_veg': 2.724170387400844, 'fuel_k': 0.06525050422102326, 'fuel_half': 71.14476009343416}.
[I 2026-07-22 20:36:21,377] Trial 101 finished with values: [10.761676542685308, 10.761676542685308] and parameters: {'k1': 0.0011101191524846067, 'D_low': 1021.1693428871283, 'k2': 0.015602015889668856, 'D_high': 79393.25078783733, 'fire_exp': 1.9025702662542903, 'P_half': 1524.6518242848613, 'pre_dampen_half': 281.855626699674, 'gpp_af': 22.412709881999554, 'gpp_b': 0.0017926591238975052, 'gpp_d': 0.029505956594932957, 'ign_k': 0.20564614086027933, 'ign_c': 0.13924162890248676, 'trop_agb_crit': 4.872420129560893, 'trop_k_veg': 2.251019475487767, 'fuel_k': 0.06252517815977368, 'fuel_half': 5.9224278919224576}.
[I 2026-07-22 20:36:21,795] Trial 102 finished with values: [10.768828261428343, 10.768828261428343] and parameters: {'k1': 1.2164034504723764e-05, 'D_low': 2.4063018320720926, 'k2': 0.00017535949529764417, 'D_high': 893.5110590331861, 'fire_exp': 1.10726080528881, 'P_half': 3153.600608518471, 'pre_dampen_half': 0.011396414164620812, 'gpp_af': 0.22965432344634348, 'gpp_b': 5.2187377767382e-05, 'gpp_d': 0.03927259340973168, 'ign_k': 1.104435084712469, 'ign_c': 17.583640270008498, 'trop_agb_crit': 13.766134492174427, 'trop_k_veg': 2.520089655463604, 'fuel_k': 0.28328975157735103, 'fuel_half': 1.3323297901105766}.
[I 2026-07-22 20:36:22,217] Trial 103 finished with values: [10.368551355722534, 10.368551355722534] and parameters: {'k1': 0.0007883068789768041, 'D_low': 3.86371393182755, 'k2': 0.0009256855841989632, 'D_high': 6931.554219323896, 'fire_exp': 1.6236231976277165, 'P_half': 102.4585893986732, 'pre_dampen_half': 0.9829324480069707, 'gpp_af': 0.2901272149738624, 'gpp_b': 0.0001484082099455773, 'gpp_d': 40.95062894476691, 'ign_k': 0.013276678836047658, 'ign_c': 0.12510188850164433, 'trop_agb_crit': 8.983402272488592, 'trop_k_veg': 0.8170196702261714, 'fuel_k': 4.0632364973692425, 'fuel_half': 0.30817917005205625}.
