[I 2026-08-20 01:03:40,162] Trial 2094 finished with value: 0.6445374145881376 and parameters: {'k1': 0.0015328036457541725, 'D_low': 1.2469025945384868, 'k2': 0.00025701395827792874, 'D_high': 1592176.9182428147, 'fire_exp': 5.601521714585171, 'P_half': 8.143265694386512, 'pre_dampen_half': 31.648606821816973, 'gpp_af': 0.10205900680750464, 'gpp_b': 0.0007733366115434755, 'gpp_d': 600.1416207914292, 'ign_k': 0.6429434702419845, 'ign_c': 58.688316279376345, 'trop_agb_crit': 6.064280013178625, 'trop_k_veg': 1.4012626419963519}. Best is trial 1285 with value: -0.6015874360929447.
[I 2026-08-20 01:03:41,753] Trial 2095 finished with value: 0.6395063265205805 and parameters: {'k1': 0.007828135371605, 'D_low': 6.324053438322112, 'k2': 0.013574338245471343, 'D_high': 941.0613398865554, 'fire_exp': 3.270208832971401, 'P_half': 5470.373749929611, 'pre_dampen_half': 66.24302888395718, 'gpp_af': 3.1707608420456874, 'gpp_b': 0.009668458187533665, 'gpp_d': 0.6569734847450055, 'ign_k': 0.09234280091741515, 'ign_c': 12.976877932502022, 'trop_agb_crit': 2.352873384874003, 'trop_k_veg': 1.2810367994387837}. Best is trial 1285 with value: -0.6015874360929447.
[I 2026-08-20 01:03:43,322] Trial 2096 finished with value: 0.6445374145881376 and parameters: {'k1': 0.004387319440007955, 'D_low': 521128.40217944246, 'k2': 0.005971497802825996, 'D_high': 53.232192519466054, 'fire_exp': 2.8433909268886253, 'P_half': 3295.114175679436, 'pre_dampen_half': 0.8488186945806453, 'gpp_af': 4.083304292351329, 'gpp_b': 0.5411991298409989, 'gpp_d': 109.78343046253966, 'ign_k': 3.7450308101569183, 'ign_c': 266.58920330490776, 'trop_agb_crit': 1.4427200258309483, 'trop_k_veg': 1.9148783349588043}. Best is trial 1285 with value: -0.6015874360929447.
[I 2026-08-20 01:03:44,888] Trial 2097 finished with value: 0.4465021566704851 and parameters: {'k1': 0.026886743503314093, 'D_low': 3.204322405212132, 'k2': 0.0027893769971556607, 'D_high': 4432861.339901069, 'fire_exp': 4.132067317065214, 'P_half': 1.6453663072746305, 'pre_dampen_half': 20.610666777543425, 'gpp_af': 20.00953141619598, 'gpp_b': 5.606257332902909e-05, 'gpp_d': 142.35351710818915, 'ign_k': 0.15382796536662888, 'ign_c': 7.323127551721126, 'trop_agb_crit': 1.5161447955950555, 'trop_k_veg': 2.4569032923625365}. Best is trial 1285 with value: -0.6015874360929447.
[I 2026-08-20 01:03:46,407] Trial 2098 finished with value: 0.6185958667784123 and parameters: {'k1': 0.030825195725862217, 'D_low': 208.17589917454148, 'k2': 0.00012512806474844685, 'D_high': 793811.8108687922, 'fire_exp': 3.4424108841309584, 'P_half': 2.0182540315072672, 'pre_dampen_half': 12.23421987091188, 'gpp_af': 0.1630662465028048, 'gpp_b': 3.0462948933571976, 'gpp_d': 164.37605430583585, 'ign_k': 6.3713085432491985, 'ign_c': 8.117346433968539, 'trop_agb_crit': 4.3232447556128175, 'trop_k_veg': 2.820142884695344}. Best is trial 1285 with value: -0.6015874360929447.
[I 2026-08-20 01:03:47,912] Trial 2099 finished with value: 0.4296420491988675 and parameters: {'k1': 0.006318859075213174, 'D_low': 92.19618607988201, 'k2': 4.4451963692402454e-05, 'D_high': 2763031.199222958, 'fire_exp': 6.781998795255664, 'P_half': 89.1213669688713, 'pre_dampen_half': 593.468783421152, 'gpp_af': 0.02758582833743036, 'gpp_b': 0.0003036920351981668, 'gpp_d': 8.889886441120625, 'ign_k': 1.4876846028775252, 'ign_c': 2.3886269203791364, 'trop_agb_crit': 2.741204226093702, 'trop_k_veg': 4.471585782219506}. Best is trial 1285 with value: -0.6015874360929447.
[I 2026-08-20 01:03:49,443] Trial 2100 finished with value: 0.43070524051035697 and parameters: {'k1': 0.0007114104635177577, 'D_low': 1.2044856014667051, 'k2': 7.01807584075261e-05, 'D_high': 786702.1480143619, 'fire_exp': 5.919125050713527, 'P_half': 6.5600116328001645, 'pre_dampen_half': 22.468627329458023, 'gpp_af': 0.05694006673660056, 'gpp_b': 0.0006779550341838625, 'gpp_d': 273.4258688839192, 'ign_k': 4.477964460170979, 'ign_c': 15.508460328344155, 'trop_agb_crit': 2.9034053052292697, 'trop_k_veg': 1.3024040664448855}. Best is trial 1285 with value: -0.6015874360929447.
[I 2026-08-20 01:03:51,023] Trial 2101 finished with value: 0.6445374145881376 and parameters: {'k1': 0.003310773912846095, 'D_low': 9741.027728062192, 'k2': 7.655645941499733e-05, 'D_high': 10718.217532491395, 'fire_exp': 8.502261579897317, 'P_half': 1.5425487377448555, 'pre_dampen_half': 0.5939220451413584, 'gpp_af': 0.01963669014469302, 'gpp_b': 9.852441774024035, 'gpp_d': 42.034370557122166, 'ign_k': 0.005509323334884014, 'ign_c': 0.556241942024368, 'trop_agb_crit': 7.479029243062355, 'trop_k_veg': 1.584085875700354}. Best is trial 1285 with value: -0.6015874360929447.
[I 2026-08-20 01:03:52,593] Trial 2102 finished with value: 0.64887785933169 and parameters: {'k1': 0.00030193389949840544, 'D_low': 5.110322349693118, 'k2': 4.6322805513382255e-05, 'D_high': 4222752.375412182, 'fire_exp': 5.0138652768976595, 'P_half': 6.8607507287808875, 'pre_dampen_half': 3.0136865903150234, 'gpp_af': 3.1273726125960315, 'gpp_b': 0.006342290793643087, 'gpp_d': 462.1970362657063, 'ign_k': 1.6965714130774139, 'ign_c': 30.56187215495226, 'trop_agb_crit': 2.386167246425896, 'trop_k_veg': 4.723716107883409}. Best is trial 1285 with value: -0.6015874360929447.
[I 2026-08-20 01:03:54,074] Trial 2103 finished with value: 0.6445374145881376 and parameters: {'k1': 0.0018520233462056331, 'D_low': 117.75786927793295, 'k2': 3.2192839174620505e-05, 'D_high': 5781.313122926533, 'fire_exp': 7.120615728901324, 'P_half': 189.82002432011754, 'pre_dampen_half': 0.033991075157624354, 'gpp_af': 33.01748515073212, 'gpp_b': 1.7674734561226706, 'gpp_d': 111.05040519197112, 'ign_k': 2.748223202704571, 'ign_c': 131.17295244457978, 'trop_agb_crit': 3.005389930903478, 'trop_k_veg': 6.639273339232027}. Best is trial 1285 with value: -0.6015874360929447.
[I 2026-08-20 01:03:55,617] Trial 2104 finished with value: 0.4334157868077926 and parameters: {'k1': 0.007883624593727606, 'D_low': 21.764511290893825, 'k2': 0.039725382756467004, 'D_high': 152069.3438778886, 'fire_exp': 2.0034459814009753, 'P_half': 4.453370869522471, 'pre_dampen_half': 9.405574845088319, 'gpp_af': 3.9280671672730545, 'gpp_b': 0.2873644391071887, 'gpp_d': 24.456934407430325, 'ign_k': 9.748020328139107, 'ign_c': 0.10636281841578538, 'trop_agb_crit': 16.961123344579548, 'trop_k_veg': 1.5305925481555673}. Best is trial 1285 with value: -0.6015874360929447.
[I 2026-08-20 01:03:57,584] Trial 2105 finished with value: -0.5674825330213321 and parameters: {'k1': 0.0020019292711698513, 'D_low': 22.389768275596047, 'k2': 2.8994921167943875e-05, 'D_high': 6791784.418471614, 'fire_exp': 4.7514043435236415, 'P_half': 15.123783043486599, 'pre_dampen_half': 6.064029192605091, 'gpp_af': 0.17500164412775332, 'gpp_b': 0.0001206992156268708, 'gpp_d': 953.5295179912425, 'ign_k': 1.9418632525990005, 'ign_c': 6.607986936459629, 'trop_agb_crit': 2.2692627615097507, 'trop_k_veg': 1.125092427183935}. Best is trial 1285 with value: -0.6015874360929447.
[I 2026-08-20 01:03:59,070] Trial 2106 finished with value: 0.4196677397773131 and parameters: {'k1': 0.08920204941088507, 'D_low': 3.1225204736762096, 'k2': 0.03824405380004743, 'D_high': 1517811.2279796533, 'fire_exp': 1.0032747936609698, 'P_half': 15.110129507783165, 'pre_dampen_half': 0.9358335753631438, 'gpp_af': 1.8897340868989763, 'gpp_b': 0.0013352226708222847, 'gpp_d': 100.2013096295778, 'ign_k': 0.4801828280776123, 'ign_c': 0.7684605983669728, 'trop_agb_crit': 3.3930627699227824, 'trop_k_veg': 2.0079596846823193}. Best is trial 1285 with value: -0.6015874360929447.
[I 2026-08-20 01:04:00,557] Trial 2107 finished with value: -0.5517540404899439 and parameters: {'k1': 0.05648101887270381, 'D_low': 13.19476738479097, 'k2': 0.002279678349348932, 'D_high': 1127264.5338252995, 'fire_exp': 1.8432097945469998, 'P_half': 1.989901763014132, 'pre_dampen_half': 3.1803771909710785, 'gpp_af': 1.2213132605046602, 'gpp_b': 0.10153338248205102, 'gpp_d': 4.430261038437948, 'ign_k': 1.159843999268648, 'ign_c': 0.1770805236180369, 'trop_agb_crit': 23.41823299716628, 'trop_k_veg': 2.096155085325203}. Best is trial 1285 with value: -0.6015874360929447.
[I 2026-08-20 01:04:02,056] Trial 2108 finished with value: -0.5595599946561565 and parameters: {'k1': 9.529862370676871e-05, 'D_low': 1.1586322458425886, 'k2': 0.0008976335370732982, 'D_high': 4273170.762710145, 'fire_exp': 8.17879242233194, 'P_half': 5.983790432043871, 'pre_dampen_half': 100.3812682511123, 'gpp_af': 8.27368072921585, 'gpp_b': 0.005188673980345656, 'gpp_d': 350.94383682255085, 'ign_k': 0.9261967854312328, 'ign_c': 4.16528904233885, 'trop_agb_crit': 3.8416385855483894, 'trop_k_veg': 5.03961591159977}. Best is trial 1285 with value: -0.6015874360929447.
[I 2026-08-20 01:04:03,550] Trial 2109 finished with value: -0.5418070254535258 and parameters: {'k1': 0.012865167406617502, 'D_low': 3.899245281238496, 'k2': 0.029542884526893774, 'D_high': 461963.67268444516, 'fire_exp': 1.370190882976117, 'P_half': 1.924109222059385, 'pre_dampen_half': 0.5575607733969743, 'gpp_af': 12.881756040496807, 'gpp_b': 0.0602139641777047, 'gpp_d': 705.3226120268614, 'ign_k': 0.05688891663056318, 'ign_c': 0.8987148978821466, 'trop_agb_crit': 20.51418509951659, 'trop_k_veg': 1.861529701145242}. Best is trial 1285 with value: -0.6015874360929447.
[I 2026-08-20 01:04:05,020] Trial 2110 finished with value: -0.5721157661563093 and parameters: {'k1': 0.008546664995321864, 'D_low': 93.44568100956275, 'k2': 0.03394961471434421, 'D_high': 726312.7987870297, 'fire_exp': 2.6150925541633345, 'P_half': 97.0597704984719, 'pre_dampen_half': 3.7090754419591385, 'gpp_af': 1.8090297386626026, 'gpp_b': 0.012037073643073668, 'gpp_d': 637.4902084427789, 'ign_k': 0.24312071705183563, 'ign_c': 0.15205653089325047, 'trop_agb_crit': 6.682542545886424, 'trop_k_veg': 2.2473229697412713}. Best is trial 1285 with value: -0.6015874360929447.
[I 2026-08-20 01:04:06,623] Trial 2111 finished with value: 0.5438632888003083 and parameters: {'k1': 0.00106662677143035, 'D_low': 1.0339950879578421, 'k2': 0.0009468548083159106, 'D_high': 590331.0377981175, 'fire_exp': 5.499689692560824, 'P_half': 320.0231697169895, 'pre_dampen_half': 126.72953696103114, 'gpp_af': 0.04544776264083095, 'gpp_b': 0.0017078243890745705, 'gpp_d': 33.16511708208278, 'ign_k': 8.94371730567581, 'ign_c': 4.048397398414734, 'trop_agb_crit': 3.5044074705232213, 'trop_k_veg': 1.499898652679279}. Best is trial 1285 with value: -0.6015874360929447.
[I 2026-08-20 01:04:08,140] Trial 2112 finished with value: 0.6445374145881376 and parameters: {'k1': 0.0019691835068944147, 'D_low': 261202.50333333717, 'k2': 0.00010045996063420629, 'D_high': 147475.21474530274, 'fire_exp': 1.3176910349256514, 'P_half': 16.223517516205924, 'pre_dampen_half': 15.742267064177335, 'gpp_af': 0.03767906369269865, 'gpp_b': 0.0036759366181325762, 'gpp_d': 262.0848277375914, 'ign_k': 0.00102615436934489, 'ign_c': 377.3007354812161, 'trop_agb_crit': 1.3237507670148059, 'trop_k_veg': 2.5687624081008433}. Best is trial 1285 with value: -0.6015874360929447.
[I 2026-08-20 01:04:09,781] Trial 2113 finished with value: 0.6445374145881376 and parameters: {'k1': 3.611719765943708e-05, 'D_low': 6.355041011994917, 'k2': 0.0008832661994619959, 'D_high': 12.104028862703721, 'fire_exp': 3.3589098849453802, 'P_half': 959.8435171835818, 'pre_dampen_half': 0.01037618353662591, 'gpp_af': 0.0062071829289894985, 'gpp_b': 7.107453850998545, 'gpp_d': 106.2298640221546, 'ign_k': 0.7486962826653617, 'ign_c': 8.734696162330556, 'trop_agb_crit': 1.4675983992041444, 'trop_k_veg': 4.373994378385812}. Best is trial 1285 with value: -0.6015874360929447.
[I 2026-08-20 01:04:11,523] Trial 2114 finished with value: 0.5931953996384045 and parameters: {'k1': 0.09095254650108205, 'D_low': 8.792318521236727, 'k2': 0.00012862588842647558, 'D_high': 1554095.061256603, 'fire_exp': 4.072022325818508, 'P_half': 1.4894585457405605, 'pre_dampen_half': 0.025163141949660888, 'gpp_af': 0.0012206526312294344, 'gpp_b': 8.331411983533283e-05, 'gpp_d': 0.03280231756554745, 'ign_k': 0.0017455488826703756, 'ign_c': 26.39078862388263, 'trop_agb_crit': 5.709105944868419, 'trop_k_veg': 5.086168867220693}. Best is trial 1285 with value: -0.6015874360929447.
[I 2026-08-20 01:04:13,161] Trial 2115 finished with value: 0.6445374145881376 and parameters: {'k1': 0.024814230120158296, 'D_low': 14190.671461122643, 'k2': 0.007137187043494381, 'D_high': 12.322685831260685, 'fire_exp': 2.875538908236348, 'P_half': 2.758415554939982, 'pre_dampen_half': 0.5007380198327036, 'gpp_af': 6.21919290010735, 'gpp_b': 1.2670343843319098e-05, 'gpp_d': 918.9178286889596, 'ign_k': 0.00502345121745833, 'ign_c': 110.12801304077706, 'trop_agb_crit': 10.39290257884321, 'trop_k_veg': 1.0223624992577702}. Best is trial 1285 with value: -0.6015874360929447.
[I 2026-08-20 01:04:14,837] Trial 2116 finished with value: 0.6445374145881376 and parameters: {'k1': 0.0675670479085299, 'D_low': 20.776275610568067, 'k2': 2.3496942627102147e-05, 'D_high': 74271.40946676406, 'fire_exp': 3.7407336869443637, 'P_half': 127.07307641182896, 'pre_dampen_half': 379.8662711436729, 'gpp_af': 0.0021164769441422548, 'gpp_b': 2.7077883095573743, 'gpp_d': 0.030150411077917806, 'ign_k': 0.3871317058844799, 'ign_c': 87.76360379594102, 'trop_agb_crit': 11.26902992577661, 'trop_k_veg': 5.36600942027923}. Best is trial 1285 with value: -0.6015874360929447.
[I 2026-08-20 01:04:16,581] Trial 2117 finished with value: 0.4252909378385521 and parameters: {'k1': 0.04874987020114215, 'D_low': 61.12638101347036, 'k2': 0.007344505995443318, 'D_high': 103172.03853746036, 'fire_exp': 1.4247234710128727, 'P_half': 2.5983754955588454, 'pre_dampen_half': 1.858036988803903, 'gpp_af': 18.300036577990994, 'gpp_b': 0.17925351239857776, 'gpp_d': 300.8526689780301, 'ign_k': 0.47760436857975785, 'ign_c': 0.5037853635659651, 'trop_agb_crit': 11.88581263202687, 'trop_k_veg': 1.5316625823754006}. Best is trial 1285 with value: -0.6015874360929447.
[I 2026-08-20 01:04:18,755] Trial 2118 finished with value: 0.46473849474323303 and parameters: {'k1': 0.0002527958396404661, 'D_low': 40.76573690144396, 'k2': 0.0007075743768213649, 'D_high': 1777707.692874851, 'fire_exp': 3.6875106029153426, 'P_half': 4.689289041445699, 'pre_dampen_half': 2.9818812781880997, 'gpp_af': 0.03312436478654099, 'gpp_b': 0.0003115105576971975, 'gpp_d': 3.5400110987466484, 'ign_k': 0.9836953585057256, 'ign_c': 17.10817651933503, 'trop_agb_crit': 13.701427735006341, 'trop_k_veg': 7.595909599007286}. Best is trial 1285 with value: -0.6015874360929447.
[I 2026-08-20 01:04:20,443] Trial 2119 finished with value: 0.6445374145881376 and parameters: {'k1': 2.5126124021908533e-05, 'D_low': 496622.5502481849, 'k2': 0.011735453364969912, 'D_high': 109.78321502500049, 'fire_exp': 2.2318303802130526, 'P_half': 239.0724712258159, 'pre_dampen_half': 17.57771983632692, 'gpp_af': 0.03945203106085483, 'gpp_b': 0.4824716871609254, 'gpp_d': 4.708028122802246, 'ign_k': 8.30288621875331, 'ign_c': 1.6372595733120223, 'trop_agb_crit': 19.682255543261228, 'trop_k_veg': 7.531808681183419}. Best is trial 1285 with value: -0.6015874360929447.
[I 2026-08-20 01:04:22,173] Trial 2120 finished with value: 0.6445374145881376 and parameters: {'k1': 1.0228459391530868e-05, 'D_low': 2.194001928246982, 'k2': 3.517566230702388e-05, 'D_high': 353.8411721203507, 'fire_exp': 6.434914923497754, 'P_half': 1.4313610439782432, 'pre_dampen_half': 0.027918941536827533, 'gpp_af': 0.01470418896798082, 'gpp_b': 0.3227811864217002, 'gpp_d': 0.03752015916599264, 'ign_k': 2.140474798250741, 'ign_c': 3.3595951290773343, 'trop_agb_crit': 1.1151222465066308, 'trop_k_veg': 5.091178737343404}. Best is trial 1285 with value: -0.6015874360929447.
[I 2026-08-20 01:04:23,752] Trial 2121 finished with value: 0.485787056454422 and parameters: {'k1': 0.01764214051968999, 'D_low': 1.401042168540855, 'k2': 5.1668107658027865e-05, 'D_high': 1540998.0148197573, 'fire_exp': 2.9230051144396936, 'P_half': 12.78875319217495, 'pre_dampen_half': 54.707838936193205, 'gpp_af': 1.4190967583726972, 'gpp_b': 3.155320408876804e-05, 'gpp_d': 118.71240535104107, 'ign_k': 8.977575490738708, 'ign_c': 6.764645974529354, 'trop_agb_crit': 1.1215942939440882, 'trop_k_veg': 1.8393604015679148}. Best is trial 1285 with value: -0.6015874360929447.
[I 2026-08-20 01:04:25,348] Trial 2122 finished with value: 0.6445374145881376 and parameters: {'k1': 0.0019600000639123844, 'D_low': 1.808282017028958, 'k2': 1.7762579980516118e-05, 'D_high': 5022111.3468878195, 'fire_exp': 4.183941801606198, 'P_half': 20.979773632706245, 'pre_dampen_half': 0.4784907559269224, 'gpp_af': 0.07720199403626847, 'gpp_b': 0.0013345390213884525, 'gpp_d': 16.34496548529948, 'ign_k': 1.727903780775828, 'ign_c': 366.11044997835177, 'trop_agb_crit': 22.79449654287093, 'trop_k_veg': 1.5567165406051726}. Best is trial 1285 with value: -0.6015874360929447.
[I 2026-08-20 01:04:27,070] Trial 2123 finished with value: 0.6436852086070621 and parameters: {'k1': 0.03573455636522385, 'D_low': 1.247289571473448, 'k2': 0.000318755627253539, 'D_high': 6882.551158091677, 'fire_exp': 2.056971889838659, 'P_half': 712.7113343730155, 'pre_dampen_half': 0.047156734746006006, 'gpp_af': 2.069742323132334, 'gpp_b': 0.24140602140399936, 'gpp_d': 0.01117958370600038, 'ign_k': 3.088847892970786, 'ign_c': 4.445809385137704, 'trop_agb_crit': 2.219353674882302, 'trop_k_veg': 7.835581489518547}. Best is trial 1285 with value: -0.6015874360929447.
[I 2026-08-20 01:04:28,698] Trial 2124 finished with value: 0.6062235791037583 and parameters: {'k1': 0.011256914731070891, 'D_low': 1.2810007238526986, 'k2': 3.869946317715556e-05, 'D_high': 7522204.742272392, 'fire_exp': 3.7761292524181966, 'P_half': 1.0057847889189253, 'pre_dampen_half': 5.1290642467080545, 'gpp_af': 1.167575601018804, 'gpp_b': 1.4903748020843528, 'gpp_d': 217.790769311529, 'ign_k': 0.08737941833668637, 'ign_c': 25.474855266008756, 'trop_agb_crit': 2.4630746217331274, 'trop_k_veg': 1.3952398660657428}. Best is trial 1285 with value: -0.6015874360929447.
[I 2026-08-20 01:04:30,380] Trial 2125 finished with value: 0.5344913570791318 and parameters: {'k1': 4.3041305101006623e-05, 'D_low': 2.5796304838246935, 'k2': 9.283836528400693e-05, 'D_high': 3851217.002682924, 'fire_exp': 4.518976465904454, 'P_half': 1.6133329983042382, 'pre_dampen_half': 0.2577637792478239, 'gpp_af': 2.8459522996121382, 'gpp_b': 0.0010276514719211787, 'gpp_d': 20.566890874111138, 'ign_k': 6.189096201296258, 'ign_c': 1.429362490565667, 'trop_agb_crit': 6.496340023527918, 'trop_k_veg': 1.25485222559922}. Best is trial 1285 with value: -0.6015874360929447.
[I 2026-08-20 01:04:32,007] Trial 2126 finished with value: 0.6141532332654085 and parameters: {'k1': 0.001013923618750604, 'D_low': 1811.2490770577133, 'k2': 0.03389677547891418, 'D_high': 12958.915428241513, 'fire_exp': 2.3246099119078876, 'P_half': 3.0612489464936186, 'pre_dampen_half': 61.84390967511765, 'gpp_af': 0.0013089521838192495, 'gpp_b': 0.03230004465416354, 'gpp_d': 221.61062411593213, 'ign_k': 0.025121557872778803, 'ign_c': 0.5041882823651994, 'trop_agb_crit': 13.219656859480745, 'trop_k_veg': 7.743669686873882}. Best is trial 1285 with value: -0.6015874360929447.
[I 2026-08-20 01:04:33,749] Trial 2127 finished with value: 0.6367456122912171 and parameters: {'k1': 0.0009312154908059233, 'D_low': 1.8039938499276724, 'k2': 0.0029985984898911106, 'D_high': 5853034.269718888, 'fire_exp': 4.276896011547088, 'P_half': 2078.479036861377, 'pre_dampen_half': 29.99124762242958, 'gpp_af': 1.960186244813883, 'gpp_b': 9.86064522414316e-05, 'gpp_d': 0.15245328179908077, 'ign_k': 0.0020258397971378694, 'ign_c': 2.0508322690624134, 'trop_agb_crit': 1.4785933946484822, 'trop_k_veg': 0.9157584711358514}. Best is trial 1285 with value: -0.6015874360929447.
[I 2026-08-20 01:04:35,437] Trial 2128 finished with value: 0.6445374145881376 and parameters: {'k1': 0.0026365957636053463, 'D_low': 13.515955086207818, 'k2': 1.4862457837251243e-05, 'D_high': 3405340.162648568, 'fire_exp': 4.801523187515034, 'P_half': 1.3194387727811732, 'pre_dampen_half': 72.4448211936173, 'gpp_af': 49.72148550306413, 'gpp_b': 0.03980341079908793, 'gpp_d': 13.622329856355627, 'ign_k': 2.3209525076287023, 'ign_c': 295.83951609901214, 'trop_agb_crit': 3.770956971887318, 'trop_k_veg': 0.7475731835046409}. Best is trial 1285 with value: -0.6015874360929447.
[I 2026-08-20 01:04:37,083] Trial 2129 finished with value: 0.4983562359039222 and parameters: {'k1': 0.0004678409246041704, 'D_low': 57.1268045508368, 'k2': 0.00012076563308802299, 'D_high': 957841.3367121738, 'fire_exp': 1.7466283486341243, 'P_half': 182.9850447861724, 'pre_dampen_half': 1.8945265645151135, 'gpp_af': 0.174001437527378, 'gpp_b': 0.00016632313776936237, 'gpp_d': 30.69366053069757, 'ign_k': 0.04475889521555507, 'ign_c': 1.3800121755698325, 'trop_agb_crit': 19.058156080230702, 'trop_k_veg': 4.756478994363518}. Best is trial 1285 with value: -0.6015874360929447.
[I 2026-08-20 01:04:38,870] Trial 2130 finished with value: 0.5869772032524873 and parameters: {'k1': 0.004461694675988215, 'D_low': 42100.23095451511, 'k2': 0.048962424754569384, 'D_high': 661503.3056830975, 'fire_exp': 1.577814565529324, 'P_half': 1.302234115766528, 'pre_dampen_half': 0.9146320614586564, 'gpp_af': 1.146806061493491, 'gpp_b': 0.056050987809939536, 'gpp_d': 9.743054829496602, 'ign_k': 0.11520371150096585, 'ign_c': 0.7711535166148871, 'trop_agb_crit': 9.341156087362853, 'trop_k_veg': 4.356506474587038}. Best is trial 1285 with value: -0.6015874360929447.
