[I 2026-06-11 00:55:14,605] Trial 350 finished with values: [10.39263941649032, 10.39263941649032] and parameters: {'k1': 0.00013649087666416944, 'D_low': 1.4045842344024697, 'k2': 0.0034207303670092245, 'D_high': 1024.9816559563214, 'fire_exp': 1.2310899049053081, 'P_half': 136.0956887810302, 'pre_dampen_half': 294.75617712568373, 'gpp_af': 0.015769192447197523, 'gpp_b': 0.0021331409710300844, 'gpp_d': 2.8006820077310213, 'ign_k': 0.5131654955148326, 'ign_c': 0.11650681118986138, 'trop_agb_crit': 5.707205898008383, 'trop_k_veg': 0.9369104721775232, 'fuel_k': 0.04572914063536324, 'fuel_half': 7.860326410149304}.
[I 2026-06-11 00:55:15,948] Trial 351 finished with values: [10.134972759710523, 10.134972759710523] and parameters: {'k1': 0.004312951023617458, 'D_low': 4.484744524732794, 'k2': 0.03865036856259725, 'D_high': 89263.11370835223, 'fire_exp': 1.0629462657398439, 'P_half': 220.3445560633069, 'pre_dampen_half': 502.5175192217655, 'gpp_af': 0.008562341633595545, 'gpp_b': 0.00012118589392553798, 'gpp_d': 9.004606022643067, 'ign_k': 4.591485216740537, 'ign_c': 0.11650681118986138, 'trop_agb_crit': 24.584290528289387, 'trop_k_veg': 1.4584243470991722, 'fuel_k': 0.6760671437719994, 'fuel_half': 52.00581729114123}.
[I 2026-06-11 00:55:17,261] Trial 352 finished with values: [-0.4364514834112393, 0.6454776897419277] and parameters: {'k1': 0.004312951023617458, 'D_low': 98.3519252750597, 'k2': 7.67074891445376e-05, 'D_high': 1390.2686711035008, 'fire_exp': 1.2310899049053081, 'P_half': 13.019246714361572, 'pre_dampen_half': 502.5175192217655, 'gpp_af': 0.015769192447197523, 'gpp_b': 1.7565109007473816e-05, 'gpp_d': 2.8006820077310213, 'ign_k': 4.591485216740537, 'ign_c': 0.1867876836333246, 'trop_agb_crit': 21.825752290961518, 'trop_k_veg': 4.1309639246402785, 'fuel_k': 0.04572914063536324, 'fuel_half': 0.3335026483569958}.
[I 2026-06-11 00:55:18,553] Trial 353 finished with values: [10.239532259526019, 10.239532259526019] and parameters: {'k1': 0.05233480488540085, 'D_low': 2.5379946629058443, 'k2': 2.1698375693549493e-05, 'D_high': 11.129666723443188, 'fire_exp': 1.182396148413737, 'P_half': 13.019246714361572, 'pre_dampen_half': 36.876350096203005, 'gpp_af': 0.015769192447197523, 'gpp_b': 3.228689523591491e-05, 'gpp_d': 314.6826989726468, 'ign_k': 4.591485216740537, 'ign_c': 3.7151317999473266, 'trop_agb_crit': 2.419699259862185, 'trop_k_veg': 0.6112301235084354, 'fuel_k': 3.6992394681929337, 'fuel_half': 15.29850686893745}.
[I 2026-06-11 00:55:19,824] Trial 354 finished with values: [10.551096251322768, 10.551096251322768] and parameters: {'k1': 0.003242143344038315, 'D_low': 1.4045842344024697, 'k2': 1.915468390724633e-05, 'D_high': 204.16881527138202, 'fire_exp': 1.2310899049053081, 'P_half': 16.051347487097576, 'pre_dampen_half': 294.75617712568373, 'gpp_af': 0.326288637536534, 'gpp_b': 0.011750724729953272, 'gpp_d': 0.5121071390703817, 'ign_k': 0.034321391362415854, 'ign_c': 0.11650681118986138, 'trop_agb_crit': 5.707205898008383, 'trop_k_veg': 2.8224577471047865, 'fuel_k': 0.05597555634027867, 'fuel_half': 65.99277195883643}.
[I 2026-06-11 00:55:21,105] Trial 355 finished with values: [10.183474259596537, 10.183474259596537] and parameters: {'k1': 0.004312951023617458, 'D_low': 166.51532285161684, 'k2': 0.03589155871450837, 'D_high': 30608.522106722474, 'fire_exp': 2.2703704516008885, 'P_half': 220.3445560633069, 'pre_dampen_half': 502.5175192217655, 'gpp_af': 3.9446537792806113, 'gpp_b': 0.0024605285374226047, 'gpp_d': 12.00191344086031, 'ign_k': 4.591485216740537, 'ign_c': 3.0378658251922155, 'trop_agb_crit': 24.584290528289387, 'trop_k_veg': 1.6340262437673854, 'fuel_k': 3.6992394681929337, 'fuel_half': 81.8794158253808}.
[I 2026-06-11 00:55:22,419] Trial 356 finished with values: [10.665817000391222, 10.665817000391222] and parameters: {'k1': 0.0015974581244256687, 'D_low': 90.71933427331369, 'k2': 0.0007081721844034209, 'D_high': 1919.1689944397538, 'fire_exp': 1.0889492364376547, 'P_half': 1.4378290221680121, 'pre_dampen_half': 36.876350096203005, 'gpp_af': 0.015350904103515228, 'gpp_b': 0.011750724729953272, 'gpp_d': 314.6826989726468, 'ign_k': 0.02847858516856297, 'ign_c': 3.7151317999473266, 'trop_agb_crit': 2.419699259862185, 'trop_k_veg': 3.4439936249445045, 'fuel_k': 0.030315034760496778, 'fuel_half': 81.8794158253808}.
[I 2026-06-11 00:55:23,791] Trial 357 finished with values: [10.463663576280863, 10.463663576280863] and parameters: {'k1': 0.0015974581244256687, 'D_low': 2.2281634177046414, 'k2': 0.0007081721844034209, 'D_high': 89263.11370835223, 'fire_exp': 1.0629462657398439, 'P_half': 16.051347487097576, 'pre_dampen_half': 36.876350096203005, 'gpp_af': 42.29037995744429, 'gpp_b': 0.011750724729953272, 'gpp_d': 0.1387630083436923, 'ign_k': 4.591485216740537, 'ign_c': 6.160975294741436, 'trop_agb_crit': 29.628250251065673, 'trop_k_veg': 2.8224577471047865, 'fuel_k': 0.05597555634027867, 'fuel_half': 65.99277195883643}.
[I 2026-06-11 00:55:25,075] Trial 358 finished with values: [10.40363836920364, 10.40363836920364] and parameters: {'k1': 0.00013649087666416944, 'D_low': 7928.164425547337, 'k2': 0.0034207303670092245, 'D_high': 3993.0315840566873, 'fire_exp': 1.182396148413737, 'P_half': 220.3445560633069, 'pre_dampen_half': 347.79988160923324, 'gpp_af': 0.015769192447197523, 'gpp_b': 1.7565109007473816e-05, 'gpp_d': 79.2966690166476, 'ign_k': 8.761971101023693, 'ign_c': 3.0378658251922155, 'trop_agb_crit': 15.870971677383487, 'trop_k_veg': 1.6340262437673854, 'fuel_k': 0.03583926624481473, 'fuel_half': 38.211294416912246}.
[I 2026-06-11 00:55:26,540] Trial 359 finished with values: [-0.6783584043710189, 0.7485683731592547] and parameters: {'k1': 0.004312951023617458, 'D_low': 98.98117700885537, 'k2': 0.005259118659251229, 'D_high': 89263.11370835223, 'fire_exp': 2.2703704516008885, 'P_half': 38.82837025280678, 'pre_dampen_half': 502.5175192217655, 'gpp_af': 0.005618069878716736, 'gpp_b': 2.711380409817698e-05, 'gpp_d': 12.324765692041675, 'ign_k': 4.591485216740537, 'ign_c': 15.221840161091626, 'trop_agb_crit': 24.584290528289387, 'trop_k_veg': 1.4584243470991722, 'fuel_k': 3.6992394681929337, 'fuel_half': 52.00581729114123}.
[I 2026-06-11 00:55:27,831] Trial 360 finished with values: [10.532645992936231, 10.532645992936231] and parameters: {'k1': 0.00013783578294796384, 'D_low': 1.4045842344024697, 'k2': 1.127217425995114e-05, 'D_high': 89263.11370835223, 'fire_exp': 1.1258453832483524, 'P_half': 13.019246714361572, 'pre_dampen_half': 347.79988160923324, 'gpp_af': 0.015769192447197523, 'gpp_b': 0.011750724729953272, 'gpp_d': 314.6826989726468, 'ign_k': 0.0013262030086414148, 'ign_c': 0.9294394155644988, 'trop_agb_crit': 9.836162684900028, 'trop_k_veg': 2.8224577471047865, 'fuel_k': 3.6992394681929337, 'fuel_half': 7.860326410149304}.
[I 2026-06-11 00:55:29,127] Trial 361 finished with values: [10.704558089551307, 10.704558089551307] and parameters: {'k1': 0.004312951023617458, 'D_low': 5.59983195169599, 'k2': 0.0027431991397796683, 'D_high': 89263.11370835223, 'fire_exp': 1.1258453832483524, 'P_half': 13.019246714361572, 'pre_dampen_half': 502.5175192217655, 'gpp_af': 0.7539992074650279, 'gpp_b': 0.00012118589392553798, 'gpp_d': 2.8006820077310213, 'ign_k': 4.591485216740537, 'ign_c': 15.221840161091626, 'trop_agb_crit': 19.28597237496244, 'trop_k_veg': 0.5772603928610088, 'fuel_k': 0.04572914063536324, 'fuel_half': 52.00581729114123}.
[I 2026-06-11 00:55:30,456] Trial 362 finished with values: [10.15047349991489, 10.15047349991489] and parameters: {'k1': 0.05233480488540085, 'D_low': 2.5379946629058443, 'k2': 0.003045524314144144, 'D_high': 89263.11370835223, 'fire_exp': 1.0629462657398439, 'P_half': 220.3445560633069, 'pre_dampen_half': 502.5175192217655, 'gpp_af': 0.005618069878716736, 'gpp_b': 0.0054502936945582505, 'gpp_d': 12.324765692041675, 'ign_k': 0.6454459531371669, 'ign_c': 0.15239409361703363, 'trop_agb_crit': 6.1198430581046965, 'trop_k_veg': 0.9793402026070162, 'fuel_k': 2.6379166421137854, 'fuel_half': 52.00581729114123}.
[I 2026-06-11 00:55:31,806] Trial 363 finished with values: [-0.7159922757457806, 0.2773391170390239] and parameters: {'k1': 0.09738633019266786, 'D_low': 10.733257635049776, 'k2': 0.0027431991397796683, 'D_high': 1024.9816559563214, 'fire_exp': 1.1258453832483524, 'P_half': 13.019246714361572, 'pre_dampen_half': 502.5175192217655, 'gpp_af': 0.015769192447197523, 'gpp_b': 7.402343469704428e-05, 'gpp_d': 2.8006820077310213, 'ign_k': 8.761971101023693, 'ign_c': 0.9294394155644988, 'trop_agb_crit': 9.836162684900028, 'trop_k_veg': 0.5772603928610088, 'fuel_k': 0.04572914063536324, 'fuel_half': 15.29850686893745}.
[I 2026-06-11 00:55:33,156] Trial 364 finished with values: [10.503374482839357, 10.503374482839357] and parameters: {'k1': 0.0007087479683081, 'D_low': 5.59983195169599, 'k2': 1.915468390724633e-05, 'D_high': 89263.11370835223, 'fire_exp': 2.2703704516008885, 'P_half': 38.82837025280678, 'pre_dampen_half': 502.5175192217655, 'gpp_af': 0.005618069878716736, 'gpp_b': 0.0005392415140872105, 'gpp_d': 8.057329182285729, 'ign_k': 4.591485216740537, 'ign_c': 15.221840161091626, 'trop_agb_crit': 19.28597237496244, 'trop_k_veg': 1.140286245977296, 'fuel_k': 0.08612665817296865, 'fuel_half': 52.00581729114123}.
[I 2026-06-11 00:55:34,435] Trial 365 finished with values: [10.769073840063607, 10.769073840063607] and parameters: {'k1': 0.09738633019266786, 'D_low': 4.484744524732794, 'k2': 7.67074891445376e-05, 'D_high': 1024.9816559563214, 'fire_exp': 1.1258453832483524, 'P_half': 13.019246714361572, 'pre_dampen_half': 502.5175192217655, 'gpp_af': 0.7539992074650279, 'gpp_b': 0.0021331409710300844, 'gpp_d': 16.460426816350523, 'ign_k': 0.02847858516856297, 'ign_c': 297.2282069861992, 'trop_agb_crit': 9.836162684900028, 'trop_k_veg': 3.754644404143055, 'fuel_k': 0.04572914063536324, 'fuel_half': 15.29850686893745}.
[I 2026-06-11 00:55:35,754] Trial 366 finished with values: [10.151592502938454, 10.151592502938454] and parameters: {'k1': 0.004312951023617458, 'D_low': 5.59983195169599, 'k2': 7.67074891445376e-05, 'D_high': 89263.11370835223, 'fire_exp': 1.1258453832483524, 'P_half': 220.3445560633069, 'pre_dampen_half': 51.70500756432223, 'gpp_af': 42.29037995744429, 'gpp_b': 0.00012118589392553798, 'gpp_d': 6.913948698657619, 'ign_k': 8.761971101023693, 'ign_c': 15.221840161091626, 'trop_agb_crit': 9.836162684900028, 'trop_k_veg': 0.5772603928610088, 'fuel_k': 0.04572914063536324, 'fuel_half': 15.29850686893745}.
[I 2026-06-11 00:55:37,027] Trial 367 finished with values: [10.14220480131398, 10.14220480131398] and parameters: {'k1': 0.018701140647651892, 'D_low': 5.59983195169599, 'k2': 0.03589155871450837, 'D_high': 1024.9816559563214, 'fire_exp': 1.1258453832483524, 'P_half': 220.3445560633069, 'pre_dampen_half': 347.79988160923324, 'gpp_af': 0.7539992074650279, 'gpp_b': 7.402343469704428e-05, 'gpp_d': 2.8006820077310213, 'ign_k': 0.050346969882634894, 'ign_c': 0.15178052094448868, 'trop_agb_crit': 9.836162684900028, 'trop_k_veg': 0.5772603928610088, 'fuel_k': 0.24991287225033346, 'fuel_half': 37.108168807575375}.
[I 2026-06-11 00:55:38,403] Trial 368 finished with values: [10.734740065140679, 10.734740065140679] and parameters: {'k1': 0.00013783578294796384, 'D_low': 652.5765108342365, 'k2': 0.0027431991397796683, 'D_high': 241.95799118138822, 'fire_exp': 1.6139358000526771, 'P_half': 12.38905291855107, 'pre_dampen_half': 347.79988160923324, 'gpp_af': 0.8226361776146098, 'gpp_b': 1.6569065206637924e-05, 'gpp_d': 2.292633983096564, 'ign_k': 0.003008686821445846, 'ign_c': 0.9294394155644988, 'trop_agb_crit': 3.5323948516928385, 'trop_k_veg': 7.7306957218787575, 'fuel_k': 0.04572914063536324, 'fuel_half': 15.29850686893745}.
[I 2026-06-11 00:55:39,775] Trial 369 finished with values: [10.516816959011793, 10.516816959011793] and parameters: {'k1': 0.09738633019266786, 'D_low': 4.484744524732794, 'k2': 0.0005708731724249573, 'D_high': 1024.9816559563214, 'fire_exp': 1.1258453832483524, 'P_half': 16.051347487097576, 'pre_dampen_half': 33.9790424311127, 'gpp_af': 0.7539992074650279, 'gpp_b': 7.402343469704428e-05, 'gpp_d': 2.8006820077310213, 'ign_k': 0.018707420137660268, 'ign_c': 15.221840161091626, 'trop_agb_crit': 24.584290528289387, 'trop_k_veg': 0.5772603928610088, 'fuel_k': 0.04572914063536324, 'fuel_half': 52.00581729114123}.
[I 2026-06-11 00:55:41,058] Trial 370 finished with values: [-0.5771951761494394, 0.7531951579651756] and parameters: {'k1': 0.004312951023617458, 'D_low': 5.59983195169599, 'k2': 7.67074891445376e-05, 'D_high': 89263.11370835223, 'fire_exp': 1.0629462657398439, 'P_half': 1.4468941663899353, 'pre_dampen_half': 502.5175192217655, 'gpp_af': 0.015350904103515228, 'gpp_b': 0.00012118589392553798, 'gpp_d': 6.913948698657619, 'ign_k': 0.02847858516856297, 'ign_c': 15.221840161091626, 'trop_agb_crit': 19.28597237496244, 'trop_k_veg': 0.5772603928610088, 'fuel_k': 4.680936683972861, 'fuel_half': 81.8794158253808}.
[I 2026-06-11 00:55:42,353] Trial 371 finished with values: [-0.60951449970329, 0.9060957352740545] and parameters: {'k1': 0.05233480488540085, 'D_low': 2.062120257534816, 'k2': 1.127217425995114e-05, 'D_high': 204.16881527138202, 'fire_exp': 1.0629462657398439, 'P_half': 16.051347487097576, 'pre_dampen_half': 502.5175192217655, 'gpp_af': 0.326288637536534, 'gpp_b': 7.402343469704428e-05, 'gpp_d': 314.6826989726468, 'ign_k': 4.591485216740537, 'ign_c': 6.390695092073219, 'trop_agb_crit': 2.419699259862185, 'trop_k_veg': 2.8224577471047865, 'fuel_k': 0.05597555634027867, 'fuel_half': 65.99277195883643}.
[I 2026-06-11 00:55:43,631] Trial 372 finished with values: [-0.7448332740780396, 0.39247860687320857] and parameters: {'k1': 0.004312951023617458, 'D_low': 2.2281634177046414, 'k2': 0.0007081721844034209, 'D_high': 1390.2686711035008, 'fire_exp': 1.0881360604103363, 'P_half': 16.051347487097576, 'pre_dampen_half': 36.876350096203005, 'gpp_af': 0.326288637536534, 'gpp_b': 3.228689523591491e-05, 'gpp_d': 302.3127748796293, 'ign_k': 0.034321391362415854, 'ign_c': 0.1867876836333246, 'trop_agb_crit': 6.1198430581046965, 'trop_k_veg': 1.6340262437673854, 'fuel_k': 2.5629765645018394, 'fuel_half': 0.12399445060149628}.
[I 2026-06-11 00:55:44,923] Trial 373 finished with values: [10.7620568369385, 10.7620568369385] and parameters: {'k1': 0.00013783578294796384, 'D_low': 338.23872019362165, 'k2': 7.67074891445376e-05, 'D_high': 1390.2686711035008, 'fire_exp': 3.79031591105525, 'P_half': 16.051347487097576, 'pre_dampen_half': 502.5175192217655, 'gpp_af': 42.29037995744429, 'gpp_b': 1.7565109007473816e-05, 'gpp_d': 27.50607428241511, 'ign_k': 4.591485216740537, 'ign_c': 0.9294394155644988, 'trop_agb_crit': 9.836162684900028, 'trop_k_veg': 2.8224577471047865, 'fuel_k': 3.6992394681929337, 'fuel_half': 15.29850686893745}.
[I 2026-06-11 00:55:46,316] Trial 374 finished with values: [10.468239148016336, 10.468239148016336] and parameters: {'k1': 0.004312951023617458, 'D_low': 2757.3353505786354, 'k2': 7.67074891445376e-05, 'D_high': 15000.328053766281, 'fire_exp': 1.2310899049053081, 'P_half': 16.051347487097576, 'pre_dampen_half': 502.5175192217655, 'gpp_af': 0.015769192447197523, 'gpp_b': 1.7565109007473816e-05, 'gpp_d': 79.2966690166476, 'ign_k': 4.591485216740537, 'ign_c': 0.1867876836333246, 'trop_agb_crit': 21.825752290961518, 'trop_k_veg': 4.1309639246402785, 'fuel_k': 3.6992394681929337, 'fuel_half': 7.860326410149304}.
[I 2026-06-11 00:55:47,888] Trial 375 finished with values: [10.171068683843371, 10.171068683843371] and parameters: {'k1': 0.00013783578294796384, 'D_low': 1.4045842344024697, 'k2': 1.915468390724633e-05, 'D_high': 1024.9816559563214, 'fire_exp': 1.1258453832483524, 'P_half': 13.019246714361572, 'pre_dampen_half': 502.5175192217655, 'gpp_af': 0.7539992074650279, 'gpp_b': 7.402343469704428e-05, 'gpp_d': 2.8006820077310213, 'ign_k': 8.761971101023693, 'ign_c': 15.221840161091626, 'trop_agb_crit': 9.836162684900028, 'trop_k_veg': 0.5772603928610088, 'fuel_k': 0.04572914063536324, 'fuel_half': 2.9236782115513154}.
[I 2026-06-11 00:55:49,199] Trial 376 finished with values: [-0.43220469737276246, 0.9725739629610026] and parameters: {'k1': 0.004312951023617458, 'D_low': 5.59983195169599, 'k2': 7.67074891445376e-05, 'D_high': 89263.11370835223, 'fire_exp': 2.2703704516008885, 'P_half': 24.184227958471602, 'pre_dampen_half': 502.5175192217655, 'gpp_af': 42.29037995744429, 'gpp_b': 0.00012118589392553798, 'gpp_d': 6.913948698657619, 'ign_k': 0.34703605955441524, 'ign_c': 15.221840161091626, 'trop_agb_crit': 24.584290528289387, 'trop_k_veg': 0.5772603928610088, 'fuel_k': 3.6992394681929337, 'fuel_half': 81.8794158253808}.
[I 2026-06-11 00:55:50,495] Trial 377 finished with values: [-0.7342792011649362, 0.2548570690574258] and parameters: {'k1': 0.09738633019266786, 'D_low': 5.59983195169599, 'k2': 0.0027431991397796683, 'D_high': 1024.9816559563214, 'fire_exp': 1.1258453832483524, 'P_half': 13.019246714361572, 'pre_dampen_half': 347.79988160923324, 'gpp_af': 0.015769192447197523, 'gpp_b': 0.0005392415140872105, 'gpp_d': 2.8006820077310213, 'ign_k': 8.761971101023693, 'ign_c': 15.221840161091626, 'trop_agb_crit': 19.28597237496244, 'trop_k_veg': 4.1309639246402785, 'fuel_k': 0.04572914063536324, 'fuel_half': 52.00581729114123}.
[I 2026-06-11 00:55:51,810] Trial 378 finished with values: [10.756330169626706, 10.756330169626706] and parameters: {'k1': 0.05233480488540085, 'D_low': 2.5379946629058443, 'k2': 2.1698375693549493e-05, 'D_high': 11.129666723443188, 'fire_exp': 1.182396148413737, 'P_half': 13.019246714361572, 'pre_dampen_half': 33.9790424311127, 'gpp_af': 0.015769192447197523, 'gpp_b': 3.228689523591491e-05, 'gpp_d': 2.8006820077310213, 'ign_k': 0.05681482545113266, 'ign_c': 79.62155254464994, 'trop_agb_crit': 9.836162684900028, 'trop_k_veg': 0.6112301235084354, 'fuel_k': 0.04572914063536324, 'fuel_half': 15.29850686893745}.
[I 2026-06-11 00:55:53,149] Trial 379 finished with values: [10.750947983965311, 10.750947983965311] and parameters: {'k1': 0.00013649087666416944, 'D_low': 2.2281634177046414, 'k2': 0.0034207303670092245, 'D_high': 89263.11370835223, 'fire_exp': 3.066683393418824, 'P_half': 13.019246714361572, 'pre_dampen_half': 36.876350096203005, 'gpp_af': 0.015769192447197523, 'gpp_b': 0.011750724729953272, 'gpp_d': 314.6826989726468, 'ign_k': 8.761971101023693, 'ign_c': 3.7151317999473266, 'trop_agb_crit': 9.836162684900028, 'trop_k_veg': 2.8224577471047865, 'fuel_k': 0.04572914063536324, 'fuel_half': 81.8794158253808}.
[I 2026-06-11 00:55:54,609] Trial 380 finished with values: [10.008692005786283, 10.008692005786283] and parameters: {'k1': 0.004312951023617458, 'D_low': 338.23872019362165, 'k2': 1.915468390724633e-05, 'D_high': 1390.2686711035008, 'fire_exp': 1.0629462657398439, 'P_half': 220.3445560633069, 'pre_dampen_half': 502.5175192217655, 'gpp_af': 42.29037995744429, 'gpp_b': 1.7399606574646203, 'gpp_d': 302.3127748796293, 'ign_k': 4.591485216740537, 'ign_c': 3.0378658251922155, 'trop_agb_crit': 21.401581507853507, 'trop_k_veg': 2.8224577471047865, 'fuel_k': 4.680936683972861, 'fuel_half': 0.3335026483569958}.
[I 2026-06-11 00:55:56,061] Trial 381 finished with values: [10.628424375280867, 10.628424375280867] and parameters: {'k1': 0.004312951023617458, 'D_low': 5.59983195169599, 'k2': 1.915468390724633e-05, 'D_high': 486.27697622128426, 'fire_exp': 1.8915934313400327, 'P_half': 220.3445560633069, 'pre_dampen_half': 502.5175192217655, 'gpp_af': 42.29037995744429, 'gpp_b': 0.00012118589392553798, 'gpp_d': 9.004606022643067, 'ign_k': 4.591485216740537, 'ign_c': 0.9294394155644988, 'trop_agb_crit': 19.189415375617013, 'trop_k_veg': 4.1309639246402785, 'fuel_k': 0.04572914063536324, 'fuel_half': 15.29850686893745}.
[I 2026-06-11 00:55:57,356] Trial 382 finished with values: [10.457428606553304, 10.457428606553304] and parameters: {'k1': 0.004312951023617458, 'D_low': 5.59983195169599, 'k2': 0.0027431991397796683, 'D_high': 1024.9816559563214, 'fire_exp': 1.0629462657398439, 'P_half': 234.09994646132157, 'pre_dampen_half': 502.5175192217655, 'gpp_af': 36.460005353173564, 'gpp_b': 7.402343469704428e-05, 'gpp_d': 12.324765692041675, 'ign_k': 0.6454459531371669, 'ign_c': 15.221840161091626, 'trop_agb_crit': 9.836162684900028, 'trop_k_veg': 0.8966698264662736, 'fuel_k': 0.04572914063536324, 'fuel_half': 52.00581729114123}.
[I 2026-06-11 00:55:58,652] Trial 383 finished with values: [10.139641774482445, 10.139641774482445] and parameters: {'k1': 0.05233480488540085, 'D_low': 2.2281634177046414, 'k2': 0.0005708731724249573, 'D_high': 3103.604223881661, 'fire_exp': 1.0881360604103363, 'P_half': 16.051347487097576, 'pre_dampen_half': 502.5175192217655, 'gpp_af': 0.326288637536534, 'gpp_b': 0.0039265289720170965, 'gpp_d': 9.004606022643067, 'ign_k': 0.5131654955148326, 'ign_c': 0.11650681118986138, 'trop_agb_crit': 24.584290528289387, 'trop_k_veg': 2.639166174475906, 'fuel_k': 0.09252659617259135, 'fuel_half': 52.00581729114123}.
[I 2026-06-11 00:55:59,939] Trial 384 finished with values: [10.696935969657094, 10.696935969657094] and parameters: {'k1': 0.004312951023617458, 'D_low': 5.59983195169599, 'k2': 7.67074891445376e-05, 'D_high': 3712.591045287726, 'fire_exp': 3.1018148805490564, 'P_half': 38.82837025280678, 'pre_dampen_half': 502.5175192217655, 'gpp_af': 42.29037995744429, 'gpp_b': 3.228689523591491e-05, 'gpp_d': 6.913948698657619, 'ign_k': 4.591485216740537, 'ign_c': 3.0378658251922155, 'trop_agb_crit': 24.584290528289387, 'trop_k_veg': 1.140286245977296, 'fuel_k': 1.8731335591844642, 'fuel_half': 37.108168807575375}.
