[I 2026-08-06 00:19:00,809] Trial 750 finished with values: [10.41081347172843, 10.41081347172843] and parameters: {'k1': 0.03232155805617897, 'D_low': 33.17282633684987, 'k2': 1.1184534120760473e-05, 'D_high': 75773.14388518519, 'fire_exp': 1.4665043946307825, 'P_half': 14.94057723907974, 'pre_dampen_half': 1.6130673726933187, 'gpp_af': 0.028585493941961918, 'gpp_b': 3.228689523591491e-05, 'gpp_d': 368.30088529547436, 'ign_k': 0.11101191524846071, 'ign_c': 10.140635645866492}.
[I 2026-08-06 00:19:01,822] Trial 751 finished with values: [10.653028976717977, 10.653028976717977] and parameters: {'k1': 3.252245757497282e-05, 'D_low': 1112.9571947046009, 'k2': 3.5917714215176105e-05, 'D_high': 57.90964233881214, 'fire_exp': 1.182396148413737, 'P_half': 1938.3858782150498, 'pre_dampen_half': 33.9790424311127, 'gpp_af': 0.028585493941961918, 'gpp_b': 3.481277316673104e-05, 'gpp_d': 150.14555442537656, 'ign_k': 0.03141110271934876, 'ign_c': 47.268615251255675}.
[I 2026-08-06 00:19:02,833] Trial 752 finished with values: [10.440099284864374, 10.440099284864374] and parameters: {'k1': 0.0029707920514735983, 'D_low': 1.54121727098019, 'k2': 0.0003938139750079106, 'D_high': 6455.595882939566, 'fire_exp': 1.151006986743773, 'P_half': 125.61043700013555, 'pre_dampen_half': 111.37963167994629, 'gpp_af': 5.511863475708366, 'gpp_b': 3.228689523591491e-05, 'gpp_d': 13.076473382928533, 'ign_k': 0.019192001101561888, 'ign_c': 19.19168994439752}.
[I 2026-08-06 00:19:03,859] Trial 753 finished with values: [10.11672358719551, 10.11672358719551] and parameters: {'k1': 0.00012105387404469581, 'D_low': 1112.9571947046009, 'k2': 3.5917714215176105e-05, 'D_high': 57.90964233881214, 'fire_exp': 1.182396148413737, 'P_half': 209.26156883786703, 'pre_dampen_half': 33.9790424311127, 'gpp_af': 0.4655997448361927, 'gpp_b': 3.481277316673104e-05, 'gpp_d': 150.14555442537656, 'ign_k': 0.03141110271934876, 'ign_c': 6.160975294741436}.
[I 2026-08-06 00:19:05,219] Trial 754 finished with values: [10.355325343431034, 10.355325343431034] and parameters: {'k1': 0.0027015957920129437, 'D_low': 125.32726386250698, 'k2': 0.011469197890812934, 'D_high': 6366.1449945522045, 'fire_exp': 2.196935728020977, 'P_half': 22.4895428439145, 'pre_dampen_half': 36.876350096203005, 'gpp_af': 0.0025511964576171086, 'gpp_b': 3.228689523591491e-05, 'gpp_d': 0.19476644406315288, 'ign_k': 0.0026834162496848666, 'ign_c': 14.810800730363484}.
[I 2026-08-06 00:19:06,562] Trial 755 finished with values: [10.681402965007997, 10.681402965007997] and parameters: {'k1': 0.00012105387404469581, 'D_low': 125.32726386250698, 'k2': 0.0004381141781653133, 'D_high': 6455.595882939566, 'fire_exp': 1.5201277403788451, 'P_half': 14.94057723907974, 'pre_dampen_half': 567.9600794296686, 'gpp_af': 0.0025511964576171086, 'gpp_b': 8.539677611488478e-05, 'gpp_d': 4.5768578731086835, 'ign_k': 0.11903394335305037, 'ign_c': 47.268615251255675}.
[I 2026-08-06 00:19:07,946] Trial 756 finished with values: [10.676753787471455, 10.676753787471455] and parameters: {'k1': 0.0002656971546588439, 'D_low': 74.92772870670282, 'k2': 0.0007081721844034209, 'D_high': 9769.756791866093, 'fire_exp': 1.5201277403788451, 'P_half': 147.09699119495133, 'pre_dampen_half': 5.542030950268268, 'gpp_af': 35.20481045526041, 'gpp_b': 0.011750724729953272, 'gpp_d': 4.5768578731086835, 'ign_k': 1.786252932834922, 'ign_c': 6.160975294741436}.
[I 2026-08-06 00:19:09,353] Trial 757 finished with values: [10.500686774882903, 10.500686774882903] and parameters: {'k1': 3.252245757497282e-05, 'D_low': 1112.9571947046009, 'k2': 3.5917714215176105e-05, 'D_high': 57.90964233881214, 'fire_exp': 1.4665043946307825, 'P_half': 125.61043700013555, 'pre_dampen_half': 33.9790424311127, 'gpp_af': 0.47739011308437823, 'gpp_b': 8.539677611488478e-05, 'gpp_d': 4.5768578731086835, 'ign_k': 0.019192001101561888, 'ign_c': 0.8891936446296247}.
[I 2026-08-06 00:19:10,927] Trial 758 finished with values: [10.0560346286916, 10.0560346286916] and parameters: {'k1': 0.021368329072358756, 'D_low': 74.92772870670282, 'k2': 3.5917714215176105e-05, 'D_high': 75773.14388518519, 'fire_exp': 1.5201277403788451, 'P_half': 125.61043700013555, 'pre_dampen_half': 304.7488318185732, 'gpp_af': 1.6595781802652418, 'gpp_b': 8.539677611488478e-05, 'gpp_d': 3.7504792727317837, 'ign_k': 0.0026834162496848666, 'ign_c': 14.810800730363484}.
[I 2026-08-06 00:19:12,392] Trial 759 finished with values: [11.050261767801407, 11.050261767801407] and parameters: {'k1': 0.00012105387404469581, 'D_low': 1.54121727098019, 'k2': 3.5917714215176105e-05, 'D_high': 75773.14388518519, 'fire_exp': 1.5201277403788451, 'P_half': 22.4895428439145, 'pre_dampen_half': 304.7488318185732, 'gpp_af': 0.0025511964576171086, 'gpp_b': 3.228689523591491e-05, 'gpp_d': 5.878566318396007, 'ign_k': 0.019192001101561888, 'ign_c': 2.92043384718141}.
[I 2026-08-06 00:19:13,895] Trial 760 finished with values: [10.739818203375323, 10.739818203375323] and parameters: {'k1': 0.0017320535908244437, 'D_low': 745.5766613295633, 'k2': 3.5917714215176105e-05, 'D_high': 75773.14388518519, 'fire_exp': 1.5201277403788451, 'P_half': 6638.879466825747, 'pre_dampen_half': 33.9790424311127, 'gpp_af': 0.028585493941961918, 'gpp_b': 3.481277316673104e-05, 'gpp_d': 668.5510162938966, 'ign_k': 0.03141110271934876, 'ign_c': 14.810800730363484}.
[I 2026-08-06 00:19:16,176] Trial 761 finished with values: [10.404704092185417, 10.404704092185417] and parameters: {'k1': 0.021368329072358756, 'D_low': 7.068974950624602, 'k2': 3.5917714215176105e-05, 'D_high': 10316.033434719713, 'fire_exp': 1.0428757830297122, 'P_half': 408.3047491580097, 'pre_dampen_half': 304.7488318185732, 'gpp_af': 0.009525547092124444, 'gpp_b': 0.10123867001105968, 'gpp_d': 39.827466658711515, 'ign_k': 0.0026834162496848666, 'ign_c': 0.10721400017185365}.
[I 2026-08-06 00:19:17,527] Trial 762 finished with values: [-0.5718374773363678, 0.17768567578923267] and parameters: {'k1': 0.0029707920514735983, 'D_low': 4.051452710153359, 'k2': 2.1698375693549493e-05, 'D_high': 75773.14388518519, 'fire_exp': 1.182396148413737, 'P_half': 408.3047491580097, 'pre_dampen_half': 36.876350096203005, 'gpp_af': 0.0025511964576171086, 'gpp_b': 8.539677611488478e-05, 'gpp_d': 857.4284557962634, 'ign_k': 0.019192001101561888, 'ign_c': 14.810800730363484}.
[I 2026-08-06 00:19:18,932] Trial 763 finished with values: [10.275782242523423, 10.275782242523423] and parameters: {'k1': 0.003889545503367576, 'D_low': 1.54121727098019, 'k2': 1.1184534120760473e-05, 'D_high': 39095.08806930525, 'fire_exp': 1.1044852285094786, 'P_half': 125.61043700013555, 'pre_dampen_half': 36.876350096203005, 'gpp_af': 0.0025511964576171086, 'gpp_b': 3.228689523591491e-05, 'gpp_d': 5.878566318396007, 'ign_k': 0.019192001101561888, 'ign_c': 2.92043384718141}.
[I 2026-08-06 00:19:20,500] Trial 764 finished with values: [10.350047860536934, 10.350047860536934] and parameters: {'k1': 0.0029707920514735983, 'D_low': 532.1216007763549, 'k2': 1.1184534120760473e-05, 'D_high': 75773.14388518519, 'fire_exp': 1.4665043946307825, 'P_half': 125.61043700013555, 'pre_dampen_half': 36.876350096203005, 'gpp_af': 0.0025511964576171086, 'gpp_b': 3.228689523591491e-05, 'gpp_d': 5.878566318396007, 'ign_k': 0.019192001101561888, 'ign_c': 14.810800730363484}.
[I 2026-08-06 00:19:21,938] Trial 765 finished with values: [10.769230768877819, 10.769230768877819] and parameters: {'k1': 0.00012105387404469581, 'D_low': 7.068974950624602, 'k2': 3.5917714215176105e-05, 'D_high': 3660.150802571655, 'fire_exp': 1.5201277403788451, 'P_half': 125.61043700013555, 'pre_dampen_half': 53.73093479067421, 'gpp_af': 0.028585493941961918, 'gpp_b': 0.00028899729610231095, 'gpp_d': 5.878566318396007, 'ign_k': 0.03141110271934876, 'ign_c': 510.6674528526552}.
[I 2026-08-06 00:19:23,393] Trial 766 finished with values: [10.397355759283183, 10.397355759283183] and parameters: {'k1': 0.0017320535908244437, 'D_low': 532.1216007763549, 'k2': 0.006138509947844854, 'D_high': 17.420858817889425, 'fire_exp': 1.5201277403788451, 'P_half': 22.4895428439145, 'pre_dampen_half': 304.7488318185732, 'gpp_af': 1.6595781802652418, 'gpp_b': 8.539677611488478e-05, 'gpp_d': 668.5510162938966, 'ign_k': 0.11903394335305037, 'ign_c': 6.160975294741436}.
[I 2026-08-06 00:19:24,726] Trial 767 finished with values: [-0.5423215243142833, 0.186908310741423] and parameters: {'k1': 0.021368329072358756, 'D_low': 7.068974950624602, 'k2': 1.1184534120760473e-05, 'D_high': 54669.374787660905, 'fire_exp': 1.1044852285094786, 'P_half': 125.61043700013555, 'pre_dampen_half': 36.876350096203005, 'gpp_af': 0.028585493941961918, 'gpp_b': 0.011750724729953272, 'gpp_d': 4.5768578731086835, 'ign_k': 0.0026834162496848666, 'ign_c': 2.92043384718141}.
[I 2026-08-06 00:19:26,271] Trial 768 finished with values: [10.273682089697765, 10.273682089697765] and parameters: {'k1': 0.0017320535908244437, 'D_low': 532.1216007763549, 'k2': 0.006138509947844854, 'D_high': 75773.14388518519, 'fire_exp': 1.5201277403788451, 'P_half': 25.49709775062068, 'pre_dampen_half': 304.7488318185732, 'gpp_af': 1.6595781802652418, 'gpp_b': 8.539677611488478e-05, 'gpp_d': 3.7504792727317837, 'ign_k': 0.08312953263874531, 'ign_c': 14.810800730363484}.
[I 2026-08-06 00:19:27,823] Trial 769 finished with values: [-0.5823732746643306, 0.13353659733747325] and parameters: {'k1': 0.0002656971546588439, 'D_low': 2.5449737887285035, 'k2': 0.006138509947844854, 'D_high': 10316.033434719713, 'fire_exp': 2.196935728020977, 'P_half': 22.4895428439145, 'pre_dampen_half': 76.86605275420082, 'gpp_af': 0.47739011308437823, 'gpp_b': 0.008226792720717493, 'gpp_d': 300.3420512048734, 'ign_k': 0.4702627143647234, 'ign_c': 14.810800730363484}.
[I 2026-08-06 00:19:29,371] Trial 770 finished with values: [10.247783030807609, 10.247783030807609] and parameters: {'k1': 0.002971796631657383, 'D_low': 125.32726386250698, 'k2': 0.0004381141781653133, 'D_high': 106.44034434867002, 'fire_exp': 1.9269608977575319, 'P_half': 10.226988730324324, 'pre_dampen_half': 567.9600794296686, 'gpp_af': 0.0025511964576171086, 'gpp_b': 3.481277316673104e-05, 'gpp_d': 4.5768578731086835, 'ign_k': 0.03141110271934876, 'ign_c': 6.160975294741436}.
[I 2026-08-06 00:19:30,400] Trial 771 finished with values: [10.084309876486135, 10.084309876486135] and parameters: {'k1': 0.0017320535908244437, 'D_low': 532.1216007763549, 'k2': 0.006138509947844854, 'D_high': 11069.082134755383, 'fire_exp': 1.151006986743773, 'P_half': 958.8659498594012, 'pre_dampen_half': 111.37963167994629, 'gpp_af': 5.511863475708366, 'gpp_b': 0.0024194895091734425, 'gpp_d': 13.076473382928533, 'ign_k': 0.031134168041628628, 'ign_c': 19.19168994439752}.
[I 2026-08-06 00:19:31,426] Trial 772 finished with values: [10.617815697695297, 10.617815697695297] and parameters: {'k1': 0.00012105387404469581, 'D_low': 2.1234210963705626, 'k2': 0.006138509947844854, 'D_high': 3660.150802571655, 'fire_exp': 2.029036992298765, 'P_half': 958.8659498594012, 'pre_dampen_half': 111.37963167994629, 'gpp_af': 1.6595781802652418, 'gpp_b': 0.0024194895091734425, 'gpp_d': 8.144272585223819, 'ign_k': 0.03141110271934876, 'ign_c': 2.41842279584716}.
[I 2026-08-06 00:19:32,359] Trial 773 finished with values: [10.768970943896408, 10.768970943896408] and parameters: {'k1': 0.0029707920514735983, 'D_low': 1.54121727098019, 'k2': 1.1184534120760473e-05, 'D_high': 75773.14388518519, 'fire_exp': 6.353688190122706, 'P_half': 125.61043700013555, 'pre_dampen_half': 4.963709806241684, 'gpp_af': 0.0025511964576171086, 'gpp_b': 3.228689523591491e-05, 'gpp_d': 5.878566318396007, 'ign_k': 0.019192001101561888, 'ign_c': 2.92043384718141}.
[I 2026-08-06 00:19:33,243] Trial 774 finished with values: [10.088500362167885, 10.088500362167885] and parameters: {'k1': 0.0001758858073588738, 'D_low': 4.051452710153359, 'k2': 0.006138509947844854, 'D_high': 10316.033434719713, 'fire_exp': 2.196935728020977, 'P_half': 22.4895428439145, 'pre_dampen_half': 958.6709783968975, 'gpp_af': 1.6595781802652418, 'gpp_b': 0.10123867001105968, 'gpp_d': 4.5768578731086835, 'ign_k': 0.11903394335305037, 'ign_c': 14.810800730363484}.
[I 2026-08-06 00:19:34,099] Trial 775 finished with values: [10.259386345198278, 10.259386345198278] and parameters: {'k1': 0.03232155805617897, 'D_low': 125.32726386250698, 'k2': 0.0004381141781653133, 'D_high': 6366.1449945522045, 'fire_exp': 1.1044852285094786, 'P_half': 22.4895428439145, 'pre_dampen_half': 1.6130673726933187, 'gpp_af': 0.028585493941961918, 'gpp_b': 8.539677611488478e-05, 'gpp_d': 368.30088529547436, 'ign_k': 0.03141110271934876, 'ign_c': 14.810800730363484}.
[I 2026-08-06 00:19:34,975] Trial 776 finished with values: [10.769230768877819, 10.769230768877819] and parameters: {'k1': 0.025383218374507292, 'D_low': 125.32726386250698, 'k2': 1.4378290221680118e-05, 'D_high': 233.52156626184438, 'fire_exp': 1.1044852285094786, 'P_half': 276.27089412392087, 'pre_dampen_half': 703.6426675556048, 'gpp_af': 0.0025511964576171086, 'gpp_b': 3.228689523591491e-05, 'gpp_d': 0.19476644406315288, 'ign_k': 3.7173717478250508, 'ign_c': 47.268615251255675}.
[I 2026-08-06 00:19:36,063] Trial 777 finished with values: [-0.5702177730043385, 0.23004472155775313] and parameters: {'k1': 0.0017320535908244437, 'D_low': 125.32726386250698, 'k2': 0.007321544340709295, 'D_high': 75773.14388518519, 'fire_exp': 2.196935728020977, 'P_half': 12.316746498627493, 'pre_dampen_half': 304.7488318185732, 'gpp_af': 1.6595781802652418, 'gpp_b': 8.539677611488478e-05, 'gpp_d': 8.144272585223819, 'ign_k': 0.005877005203443299, 'ign_c': 2.41842279584716}.
[I 2026-08-06 00:19:36,995] Trial 778 finished with values: [10.531424910647445, 10.531424910647445] and parameters: {'k1': 0.0017320535908244437, 'D_low': 532.1216007763549, 'k2': 0.006138509947844854, 'D_high': 11069.082134755383, 'fire_exp': 2.196935728020977, 'P_half': 119.21396716829831, 'pre_dampen_half': 33.9790424311127, 'gpp_af': 0.47739011308437823, 'gpp_b': 8.539677611488478e-05, 'gpp_d': 150.14555442537656, 'ign_k': 0.005877005203443299, 'ign_c': 8.671454322584175}.
[I 2026-08-06 00:19:37,862] Trial 779 finished with values: [-0.5772358289516786, 0.19314380711190682] and parameters: {'k1': 0.0017320535908244437, 'D_low': 532.1216007763549, 'k2': 0.006138509947844854, 'D_high': 75773.14388518519, 'fire_exp': 1.5201277403788451, 'P_half': 119.21396716829831, 'pre_dampen_half': 304.7488318185732, 'gpp_af': 1.6595781802652418, 'gpp_b': 8.539677611488478e-05, 'gpp_d': 5.085491038878331, 'ign_k': 0.0026834162496848666, 'ign_c': 8.671454322584175}.
[I 2026-08-06 00:19:38,728] Trial 780 finished with values: [10.69326384402534, 10.69326384402534] and parameters: {'k1': 0.0029707920514735983, 'D_low': 396.8136435370147, 'k2': 0.0001599021369655865, 'D_high': 6802.810205786723, 'fire_exp': 2.5914873994986967, 'P_half': 24.136213194527585, 'pre_dampen_half': 36.876350096203005, 'gpp_af': 0.0025511964576171086, 'gpp_b': 3.228689523591491e-05, 'gpp_d': 10.931606102061748, 'ign_k': 0.005877005203443299, 'ign_c': 14.810800730363484}.
[I 2026-08-06 00:19:39,603] Trial 781 finished with values: [-0.5819300588424375, 0.10623517808500704] and parameters: {'k1': 0.002971796631657383, 'D_low': 74.92772870670282, 'k2': 3.5917714215176105e-05, 'D_high': 3660.150802571655, 'fire_exp': 1.3239942327296237, 'P_half': 958.8659498594012, 'pre_dampen_half': 304.7488318185732, 'gpp_af': 1.6595781802652418, 'gpp_b': 8.539677611488478e-05, 'gpp_d': 4.5768578731086835, 'ign_k': 4.461217349302768, 'ign_c': 6.160975294741436}.
[I 2026-08-06 00:19:40,455] Trial 782 finished with values: [10.302983705467186, 10.302983705467186] and parameters: {'k1': 0.002971796631657383, 'D_low': 532.1216007763549, 'k2': 0.006138509947844854, 'D_high': 2941.5751391396584, 'fire_exp': 1.5201277403788451, 'P_half': 14.94057723907974, 'pre_dampen_half': 304.7488318185732, 'gpp_af': 0.028585493941961918, 'gpp_b': 8.539677611488478e-05, 'gpp_d': 4.5768578731086835, 'ign_k': 0.09071933427331372, 'ign_c': 14.810800730363484}.
[I 2026-08-06 00:19:41,341] Trial 783 finished with values: [-0.5376600310299122, 0.09911851035896291] and parameters: {'k1': 0.021368329072358756, 'D_low': 7.068974950624602, 'k2': 1.1184534120760473e-05, 'D_high': 949.9072859745386, 'fire_exp': 1.1044852285094786, 'P_half': 125.61043700013555, 'pre_dampen_half': 14.689898077648792, 'gpp_af': 0.004344117003966495, 'gpp_b': 0.003510201564752293, 'gpp_d': 4.5768578731086835, 'ign_k': 3.7173717478250508, 'ign_c': 14.367095138664217}.
[I 2026-08-06 00:19:42,262] Trial 784 finished with values: [10.476203316625034, 10.476203316625034] and parameters: {'k1': 0.0029707920514735983, 'D_low': 4.051452710153359, 'k2': 1.1184534120760473e-05, 'D_high': 75773.14388518519, 'fire_exp': 1.1044852285094786, 'P_half': 408.3047491580097, 'pre_dampen_half': 36.876350096203005, 'gpp_af': 0.0025511964576171086, 'gpp_b': 0.011750724729953272, 'gpp_d': 4.5768578731086835, 'ign_k': 0.019192001101561888, 'ign_c': 2.92043384718141}.
[I 2026-08-06 00:19:43,150] Trial 785 finished with values: [-0.5552398901162983, 0.21613224511609164] and parameters: {'k1': 0.002971796631657383, 'D_low': 1.54121727098019, 'k2': 1.1184534120760473e-05, 'D_high': 2941.5751391396584, 'fire_exp': 1.4665043946307825, 'P_half': 125.61043700013555, 'pre_dampen_half': 304.7488318185732, 'gpp_af': 0.0025511964576171086, 'gpp_b': 8.539677611488478e-05, 'gpp_d': 4.5768578731086835, 'ign_k': 0.019192001101561888, 'ign_c': 6.160975294741436}.
[I 2026-08-06 00:19:44,018] Trial 786 finished with values: [10.578933680650351, 10.578933680650351] and parameters: {'k1': 0.00012105387404469581, 'D_low': 5.303925290996657, 'k2': 1.1184534120760473e-05, 'D_high': 3660.150802571655, 'fire_exp': 1.5201277403788451, 'P_half': 958.8659498594012, 'pre_dampen_half': 25.4442274895789, 'gpp_af': 0.47739011308437823, 'gpp_b': 8.539677611488478e-05, 'gpp_d': 4.5768578731086835, 'ign_k': 4.461217349302768, 'ign_c': 6.160975294741436}.
[I 2026-08-06 00:19:44,887] Trial 787 finished with values: [-0.5487443669402564, 0.15911362059978162] and parameters: {'k1': 0.0002656971546588439, 'D_low': 4.051452710153359, 'k2': 8.200096539027468e-05, 'D_high': 10316.033434719713, 'fire_exp': 1.518582349269638, 'P_half': 14.94057723907974, 'pre_dampen_half': 76.86605275420082, 'gpp_af': 1.6595781802652418, 'gpp_b': 0.10123867001105968, 'gpp_d': 300.3420512048734, 'ign_k': 0.11903394335305037, 'ign_c': 14.810800730363484}.
[I 2026-08-06 00:19:45,767] Trial 788 finished with values: [10.060301398110619, 10.060301398110619] and parameters: {'k1': 0.03232155805617897, 'D_low': 7.068974950624602, 'k2': 0.006138509947844854, 'D_high': 75773.14388518519, 'fire_exp': 1.1044852285094786, 'P_half': 14.94057723907974, 'pre_dampen_half': 1.6130673726933187, 'gpp_af': 0.0025511964576171086, 'gpp_b': 8.539677611488478e-05, 'gpp_d': 668.5510162938966, 'ign_k': 0.09071933427331372, 'ign_c': 14.810800730363484}.
[I 2026-08-06 00:19:46,639] Trial 789 finished with values: [11.892949232857235, 11.892949232857235] and parameters: {'k1': 0.002971796631657383, 'D_low': 9.882278532808778, 'k2': 0.006138509947844854, 'D_high': 75773.14388518519, 'fire_exp': 1.4665043946307825, 'P_half': 125.61043700013555, 'pre_dampen_half': 304.7488318185732, 'gpp_af': 0.47739011308437823, 'gpp_b': 0.0006082667040432242, 'gpp_d': 368.30088529547436, 'ign_k': 0.019192001101561888, 'ign_c': 10.140635645866492}.
[I 2026-08-06 00:19:47,525] Trial 790 finished with values: [10.768913513459255, 10.768913513459255] and parameters: {'k1': 0.021368329072358756, 'D_low': 7.068974950624602, 'k2': 0.006138509947844854, 'D_high': 10316.033434719713, 'fire_exp': 2.196935728020977, 'P_half': 22.4895428439145, 'pre_dampen_half': 76.86605275420082, 'gpp_af': 0.0025511964576171086, 'gpp_b': 0.10123867001105968, 'gpp_d': 150.14555442537656, 'ign_k': 0.03141110271934876, 'ign_c': 47.268615251255675}.
[I 2026-08-06 00:19:48,410] Trial 791 finished with values: [-0.521535847684687, 0.12670145589486115] and parameters: {'k1': 0.001260821293027586, 'D_low': 532.1216007763549, 'k2': 8.200096539027468e-05, 'D_high': 75773.14388518519, 'fire_exp': 1.182396148413737, 'P_half': 685.7803657667797, 'pre_dampen_half': 36.876350096203005, 'gpp_af': 0.0025511964576171086, 'gpp_b': 3.228689523591491e-05, 'gpp_d': 4.5768578731086835, 'ign_k': 0.002676132993402929, 'ign_c': 6.160975294741436}.
[I 2026-08-06 00:19:49,277] Trial 792 finished with values: [10.73889542835317, 10.73889542835317] and parameters: {'k1': 0.0018588694009815867, 'D_low': 98.57545621889057, 'k2': 0.00010623096700264125, 'D_high': 949.9072859745386, 'fire_exp': 1.010722707674549, 'P_half': 125.61043700013555, 'pre_dampen_half': 36.876350096203005, 'gpp_af': 0.09172078901566363, 'gpp_b': 5.991854397410505, 'gpp_d': 668.5510162938966, 'ign_k': 0.08312953263874531, 'ign_c': 14.367095138664217}.
[I 2026-08-06 00:19:50,177] Trial 793 finished with values: [10.7691206915187, 10.7691206915187] and parameters: {'k1': 0.03232155805617897, 'D_low': 98.57545621889057, 'k2': 0.0004381141781653133, 'D_high': 859.3747454677427, 'fire_exp': 6.397238610685558, 'P_half': 39.03214299767183, 'pre_dampen_half': 88.81627111957808, 'gpp_af': 0.0025511964576171086, 'gpp_b': 0.0035057749039614167, 'gpp_d': 19.65797948502804, 'ign_k': 0.03141110271934876, 'ign_c': 8.671454322584175}.
[I 2026-08-06 00:19:51,061] Trial 794 finished with values: [-0.5725415617421165, 0.21153646312898844] and parameters: {'k1': 0.00012105387404469581, 'D_low': 158.82035726402376, 'k2': 8.200096539027468e-05, 'D_high': 3660.150802571655, 'fire_exp': 1.5201277403788451, 'P_half': 22.4895428439145, 'pre_dampen_half': 304.7488318185732, 'gpp_af': 1.6595781802652418, 'gpp_b': 8.539677611488478e-05, 'gpp_d': 8.144272585223819, 'ign_k': 0.11903394335305037, 'ign_c': 6.160975294741436}.
