[I 2026-06-11 12:40:55,400] Trial 630 finished with values: [10.488896325372798, 10.488896325372798] and parameters: {'k1': 0.00013783578294796384, 'D_low': 844.0303958079087, 'k2': 0.03865036856259725, 'D_high': 1390.2686711035008, 'fire_exp': 1.1258453832483524, 'P_half': 136.0956887810302, 'pre_dampen_half': 502.5175192217655, 'gpp_af': 42.29037995744429, 'gpp_b': 1.7565109007473816e-05, 'gpp_d': 16.460426816350523, 'ign_k': 0.5131654955148326, 'ign_c': 0.9294394155644988, 'trop_agb_crit': 21.401581507853507, 'trop_k_veg': 4.1309639246402785, 'fuel_k': 0.04572914063536324, 'fuel_half': 52.00581729114123}.
[I 2026-06-11 12:40:56,300] Trial 631 finished with values: [-0.6240428180135983, 0.7913856872861371] and parameters: {'k1': 0.00013783578294796384, 'D_low': 2.4361599465623285, 'k2': 0.0027431991397796683, 'D_high': 15000.328053766281, 'fire_exp': 1.2310899049053081, 'P_half': 38.82837025280678, 'pre_dampen_half': 347.79988160923324, 'gpp_af': 0.015769192447197523, 'gpp_b': 2.711380409817698e-05, 'gpp_d': 2.8006820077310213, 'ign_k': 0.5131654955148326, 'ign_c': 0.9294394155644988, 'trop_agb_crit': 5.707205898008383, 'trop_k_veg': 4.1309639246402785, 'fuel_k': 3.6992394681929337, 'fuel_half': 42.6871254378718}.
[I 2026-06-11 12:40:57,202] Trial 632 finished with values: [-0.694703342576313, 0.6646319820806561] and parameters: {'k1': 0.004312951023617458, 'D_low': 20.32977847090263, 'k2': 0.0027431991397796683, 'D_high': 15000.328053766281, 'fire_exp': 2.2703704516008885, 'P_half': 10.226988730324324, 'pre_dampen_half': 347.79988160923324, 'gpp_af': 0.005618069878716736, 'gpp_b': 0.00010318352929732131, 'gpp_d': 2.8006820077310213, 'ign_k': 4.591485216740537, 'ign_c': 0.11650681118986138, 'trop_agb_crit': 19.28597237496244, 'trop_k_veg': 1.7428926895756525, 'fuel_k': 3.6992394681929337, 'fuel_half': 81.8794158253808}.
[I 2026-06-11 12:40:58,092] Trial 633 finished with values: [-0.6114100615126906, 0.38571230702910286] and parameters: {'k1': 6.068927406889472e-05, 'D_low': 1058.4084917159623, 'k2': 0.005259118659251229, 'D_high': 9996.359851911324, 'fire_exp': 1.1258453832483524, 'P_half': 38.82837025280678, 'pre_dampen_half': 347.79988160923324, 'gpp_af': 0.0010909739353103314, 'gpp_b': 7.402343469704428e-05, 'gpp_d': 17.273230592904202, 'ign_k': 0.5131654955148326, 'ign_c': 11.462237838612067, 'trop_agb_crit': 19.189415375617013, 'trop_k_veg': 1.7570501127699654, 'fuel_k': 0.24991287225033346, 'fuel_half': 81.8794158253808}.
[I 2026-06-11 12:40:58,993] Trial 634 finished with values: [10.39901636312629, 10.39901636312629] and parameters: {'k1': 0.003242143344038315, 'D_low': 5.59983195169599, 'k2': 0.01567230746060024, 'D_high': 245.63265188276048, 'fire_exp': 1.1258453832483524, 'P_half': 136.0956887810302, 'pre_dampen_half': 294.75617712568373, 'gpp_af': 0.008562341633595545, 'gpp_b': 0.00010318352929732131, 'gpp_d': 16.460426816350523, 'ign_k': 0.45671670623352345, 'ign_c': 15.221840161091626, 'trop_agb_crit': 24.584290528289387, 'trop_k_veg': 0.9369104721775232, 'fuel_k': 1.3128815679924584, 'fuel_half': 81.8794158253808}.
[I 2026-06-11 12:40:59,926] Trial 635 finished with values: [-0.4333253084875315, 0.7184259503352606] and parameters: {'k1': 5.232779509048979e-05, 'D_low': 5.59983195169599, 'k2': 0.03865036856259725, 'D_high': 15198.46904050962, 'fire_exp': 1.2310899049053081, 'P_half': 10.226988730324324, 'pre_dampen_half': 502.5175192217655, 'gpp_af': 0.07961191926812566, 'gpp_b': 0.00010318352929732131, 'gpp_d': 6.913948698657619, 'ign_k': 0.050667002161528835, 'ign_c': 0.11650681118986138, 'trop_agb_crit': 21.401581507853507, 'trop_k_veg': 1.4584243470991722, 'fuel_k': 4.680936683972861, 'fuel_half': 52.00581729114123}.
[I 2026-06-11 12:41:00,812] Trial 636 finished with values: [10.161812464417608, 10.161812464417608] and parameters: {'k1': 0.00013783578294796384, 'D_low': 98.3519252750597, 'k2': 0.0027431991397796683, 'D_high': 89263.11370835223, 'fire_exp': 1.0629462657398439, 'P_half': 38.82837025280678, 'pre_dampen_half': 502.5175192217655, 'gpp_af': 0.005618069878716736, 'gpp_b': 0.00012118589392553798, 'gpp_d': 432.4033972449838, 'ign_k': 0.050667002161528835, 'ign_c': 15.221840161091626, 'trop_agb_crit': 5.707205898008383, 'trop_k_veg': 1.4584243470991722, 'fuel_k': 0.0561571708805531, 'fuel_half': 42.6871254378718}.
[I 2026-06-11 12:41:01,713] Trial 637 finished with values: [10.377127369126342, 10.377127369126342] and parameters: {'k1': 0.004312951023617458, 'D_low': 4.484744524732794, 'k2': 0.006051580666890612, 'D_high': 18912.7829170239, 'fire_exp': 1.7164931785633317, 'P_half': 10.226988730324324, 'pre_dampen_half': 502.5175192217655, 'gpp_af': 0.06789053271698488, 'gpp_b': 0.00012118589392553798, 'gpp_d': 16.460426816350523, 'ign_k': 0.5131654955148326, 'ign_c': 0.11650681118986138, 'trop_agb_crit': 26.402883285404346, 'trop_k_veg': 1.7570501127699654, 'fuel_k': 2.8606142106392465, 'fuel_half': 81.8794158253808}.
[I 2026-06-11 12:41:02,836] Trial 638 finished with values: [10.415289689269398, 10.415289689269398] and parameters: {'k1': 0.003242143344038315, 'D_low': 5.59983195169599, 'k2': 0.030699709531122967, 'D_high': 89263.11370835223, 'fire_exp': 1.1258453832483524, 'P_half': 2.0915073038472545, 'pre_dampen_half': 347.79988160923324, 'gpp_af': 0.06789053271698488, 'gpp_b': 0.00010318352929732131, 'gpp_d': 0.9921551226341601, 'ign_k': 0.1550134937334847, 'ign_c': 0.11650681118986138, 'trop_agb_crit': 3.575594457014808, 'trop_k_veg': 4.1309639246402785, 'fuel_k': 0.04572914063536324, 'fuel_half': 42.6871254378718}.
[I 2026-06-11 12:41:03,729] Trial 639 finished with values: [-0.6011390337218513, 0.5545974707632741] and parameters: {'k1': 5.232779509048979e-05, 'D_low': 4.484744524732794, 'k2': 0.0027431991397796683, 'D_high': 15000.328053766281, 'fire_exp': 1.2310899049053081, 'P_half': 10.226988730324324, 'pre_dampen_half': 347.79988160923324, 'gpp_af': 0.005782026351795939, 'gpp_b': 0.00010318352929732131, 'gpp_d': 6.913948698657619, 'ign_k': 0.5131654955148326, 'ign_c': 15.221840161091626, 'trop_agb_crit': 24.584290528289387, 'trop_k_veg': 4.1309639246402785, 'fuel_k': 0.04572914063536324, 'fuel_half': 52.00581729114123}.
[I 2026-06-11 12:41:04,631] Trial 640 finished with values: [10.689718094823103, 10.689718094823103] and parameters: {'k1': 0.004312951023617458, 'D_low': 4.484744524732794, 'k2': 0.01567230746060024, 'D_high': 89263.11370835223, 'fire_exp': 1.0629462657398439, 'P_half': 9331.125028918148, 'pre_dampen_half': 502.5175192217655, 'gpp_af': 0.005618069878716736, 'gpp_b': 0.0021331409710300844, 'gpp_d': 16.460426816350523, 'ign_k': 0.6454459531371669, 'ign_c': 15.221840161091626, 'trop_agb_crit': 5.707205898008383, 'trop_k_veg': 1.4584243470991722, 'fuel_k': 0.04572914063536324, 'fuel_half': 42.6871254378718}.
[I 2026-06-11 12:41:05,562] Trial 641 finished with values: [-0.5550820932158923, 0.34933792085885884] and parameters: {'k1': 0.00013783578294796384, 'D_low': 1.4045842344024697, 'k2': 0.01567230746060024, 'D_high': 1853.8092461931485, 'fire_exp': 1.1258453832483524, 'P_half': 136.0956887810302, 'pre_dampen_half': 347.79988160923324, 'gpp_af': 0.06789053271698488, 'gpp_b': 1.7565109007473816e-05, 'gpp_d': 309.13825046274377, 'ign_k': 0.5131654955148326, 'ign_c': 0.9294394155644988, 'trop_agb_crit': 24.584290528289387, 'trop_k_veg': 4.1309639246402785, 'fuel_k': 0.04572914063536324, 'fuel_half': 60.39526675016393}.
[I 2026-06-11 12:41:06,462] Trial 642 finished with values: [10.576430366956743, 10.576430366956743] and parameters: {'k1': 0.004312951023617458, 'D_low': 338.23872019362165, 'k2': 0.03865036856259725, 'D_high': 1390.2686711035008, 'fire_exp': 2.3976499639906934, 'P_half': 2.2010656610055808, 'pre_dampen_half': 347.79988160923324, 'gpp_af': 42.29037995744429, 'gpp_b': 0.01736771891291939, 'gpp_d': 302.3127748796293, 'ign_k': 0.050667002161528835, 'ign_c': 3.0378658251922155, 'trop_agb_crit': 17.530135633155123, 'trop_k_veg': 1.4584243470991722, 'fuel_k': 3.6992394681929337, 'fuel_half': 52.00581729114123}.
[I 2026-06-11 12:41:07,348] Trial 643 finished with values: [-0.583891229497457, 0.3329077812844301] and parameters: {'k1': 0.00013783578294796384, 'D_low': 844.0303958079087, 'k2': 0.0027431991397796683, 'D_high': 1390.2686711035008, 'fire_exp': 1.0629462657398439, 'P_half': 10.226988730324324, 'pre_dampen_half': 502.5175192217655, 'gpp_af': 42.29037995744429, 'gpp_b': 0.00010318352929732131, 'gpp_d': 302.3127748796293, 'ign_k': 0.5131654955148326, 'ign_c': 3.0378658251922155, 'trop_agb_crit': 5.881906289439389, 'trop_k_veg': 1.4584243470991722, 'fuel_k': 4.680936683972861, 'fuel_half': 42.6871254378718}.
[I 2026-06-11 12:41:08,296] Trial 644 finished with values: [10.191683119562068, 10.191683119562068] and parameters: {'k1': 0.004312951023617458, 'D_low': 338.23872019362165, 'k2': 0.03865036856259725, 'D_high': 89263.11370835223, 'fire_exp': 1.0629462657398439, 'P_half': 136.0956887810302, 'pre_dampen_half': 294.75617712568373, 'gpp_af': 42.29037995744429, 'gpp_b': 0.00012118589392553798, 'gpp_d': 302.3127748796293, 'ign_k': 4.591485216740537, 'ign_c': 0.11650681118986138, 'trop_agb_crit': 19.28597237496244, 'trop_k_veg': 0.9369104721775232, 'fuel_k': 0.5400268568058665, 'fuel_half': 52.00581729114123}.
[I 2026-06-11 12:41:09,228] Trial 645 finished with values: [10.145742798683662, 10.145742798683662] and parameters: {'k1': 0.00013783578294796384, 'D_low': 20.32977847090263, 'k2': 0.0027431991397796683, 'D_high': 15000.328053766281, 'fire_exp': 1.2310899049053081, 'P_half': 136.0956887810302, 'pre_dampen_half': 347.79988160923324, 'gpp_af': 0.003422824370263182, 'gpp_b': 0.00010318352929732131, 'gpp_d': 9.004606022643067, 'ign_k': 0.476373748459372, 'ign_c': 0.11650681118986138, 'trop_agb_crit': 5.707205898008383, 'trop_k_veg': 0.6401570224141748, 'fuel_k': 0.7156083490235491, 'fuel_half': 81.8794158253808}.
[I 2026-06-11 12:41:10,183] Trial 646 finished with values: [-0.7504902071973549, 0.34772519785730704] and parameters: {'k1': 0.004312951023617458, 'D_low': 4.484744524732794, 'k2': 0.0027431991397796683, 'D_high': 1390.2686711035008, 'fire_exp': 1.2310899049053081, 'P_half': 10.226988730324324, 'pre_dampen_half': 347.79988160923324, 'gpp_af': 0.015769192447197523, 'gpp_b': 2.711380409817698e-05, 'gpp_d': 9.004606022643067, 'ign_k': 0.5131654955148326, 'ign_c': 0.11650681118986138, 'trop_agb_crit': 5.707205898008383, 'trop_k_veg': 1.4584243470991722, 'fuel_k': 0.05597555634027867, 'fuel_half': 42.6871254378718}.
[I 2026-06-11 12:41:11,113] Trial 647 finished with values: [-0.6515753665758909, 0.5231419181234795] and parameters: {'k1': 0.09738633019266786, 'D_low': 5.59983195169599, 'k2': 0.0027431991397796683, 'D_high': 1919.1689944397538, 'fire_exp': 1.2310899049053081, 'P_half': 10.226988730324324, 'pre_dampen_half': 502.5175192217655, 'gpp_af': 5.975195267844334, 'gpp_b': 0.00012118589392553798, 'gpp_d': 9.004606022643067, 'ign_k': 0.5131654955148326, 'ign_c': 15.221840161091626, 'trop_agb_crit': 26.402883285404346, 'trop_k_veg': 0.5772603928610088, 'fuel_k': 0.030315034760496778, 'fuel_half': 81.8794158253808}.
[I 2026-06-11 12:41:12,013] Trial 648 finished with values: [-0.6980537406489189, 0.2363511245968949] and parameters: {'k1': 0.003242143344038315, 'D_low': 5.59983195169599, 'k2': 0.005259118659251229, 'D_high': 1390.2686711035008, 'fire_exp': 1.1684565396540232, 'P_half': 136.0956887810302, 'pre_dampen_half': 294.75617712568373, 'gpp_af': 0.008562341633595545, 'gpp_b': 0.00010318352929732131, 'gpp_d': 2.8006820077310213, 'ign_k': 0.5131654955148326, 'ign_c': 0.11650681118986138, 'trop_agb_crit': 19.189415375617013, 'trop_k_veg': 0.9369104721775232, 'fuel_k': 1.3128815679924584, 'fuel_half': 81.8794158253808}.
[I 2026-06-11 12:41:12,915] Trial 649 finished with values: [10.368524288545913, 10.368524288545913] and parameters: {'k1': 0.004312951023617458, 'D_low': 177.4954658911452, 'k2': 1.915468390724633e-05, 'D_high': 1853.8092461931485, 'fire_exp': 1.0629462657398439, 'P_half': 10.226988730324324, 'pre_dampen_half': 502.5175192217655, 'gpp_af': 42.29037995744429, 'gpp_b': 1.7399606574646203, 'gpp_d': 9.004606022643067, 'ign_k': 4.591485216740537, 'ign_c': 3.0378658251922155, 'trop_agb_crit': 26.402883285404346, 'trop_k_veg': 0.7124466718584425, 'fuel_k': 4.680936683972861, 'fuel_half': 0.3335026483569958}.
[I 2026-06-11 12:41:13,800] Trial 650 finished with values: [10.206795650078057, 10.206795650078057] and parameters: {'k1': 0.00013783578294796384, 'D_low': 5.59983195169599, 'k2': 0.0027431991397796683, 'D_high': 1919.1689944397538, 'fire_exp': 1.2310899049053081, 'P_half': 13.019246714361572, 'pre_dampen_half': 502.5175192217655, 'gpp_af': 0.003422824370263182, 'gpp_b': 0.00012118589392553798, 'gpp_d': 2.8006820077310213, 'ign_k': 4.591485216740537, 'ign_c': 15.221840161091626, 'trop_agb_crit': 5.707205898008383, 'trop_k_veg': 0.5772603928610088, 'fuel_k': 0.030315034760496778, 'fuel_half': 81.8794158253808}.
[I 2026-06-11 12:41:14,702] Trial 651 finished with values: [10.069153069072348, 10.069153069072348] and parameters: {'k1': 0.004312951023617458, 'D_low': 4.484744524732794, 'k2': 0.020149789847008874, 'D_high': 1390.2686711035008, 'fire_exp': 2.2703704516008885, 'P_half': 10.226988730324324, 'pre_dampen_half': 502.5175192217655, 'gpp_af': 0.008562341633595545, 'gpp_b': 0.00012118589392553798, 'gpp_d': 9.004606022643067, 'ign_k': 4.591485216740537, 'ign_c': 15.221840161091626, 'trop_agb_crit': 24.584290528289387, 'trop_k_veg': 1.140286245977296, 'fuel_k': 0.05597555634027867, 'fuel_half': 52.00581729114123}.
[I 2026-06-11 12:41:15,621] Trial 652 finished with values: [10.108057544086227, 10.108057544086227] and parameters: {'k1': 0.004312951023617458, 'D_low': 4.484744524732794, 'k2': 0.03865036856259725, 'D_high': 1390.2686711035008, 'fire_exp': 1.0629462657398439, 'P_half': 13.019246714361572, 'pre_dampen_half': 502.5175192217655, 'gpp_af': 0.008562341633595545, 'gpp_b': 0.00012118589392553798, 'gpp_d': 9.004606022643067, 'ign_k': 0.5131654955148326, 'ign_c': 0.9294394155644988, 'trop_agb_crit': 24.584290528289387, 'trop_k_veg': 1.4584243470991722, 'fuel_k': 4.680936683972861, 'fuel_half': 52.00581729114123}.
[I 2026-06-11 12:41:16,539] Trial 653 finished with values: [10.76753349764227, 10.76753349764227] and parameters: {'k1': 0.004312951023617458, 'D_low': 98.98117700885537, 'k2': 1.915468390724633e-05, 'D_high': 1390.2686711035008, 'fire_exp': 6.053800259876899, 'P_half': 220.3445560633069, 'pre_dampen_half': 502.5175192217655, 'gpp_af': 0.008562341633595545, 'gpp_b': 1.7565109007473816e-05, 'gpp_d': 9.004606022643067, 'ign_k': 0.5131654955148326, 'ign_c': 15.221840161091626, 'trop_agb_crit': 24.584290528289387, 'trop_k_veg': 1.4584243470991722, 'fuel_k': 4.680936683972861, 'fuel_half': 52.00581729114123}.
[I 2026-06-11 12:41:17,470] Trial 654 finished with values: [12.40643059972344, 12.40643059972344] and parameters: {'k1': 0.0015974581244256687, 'D_low': 92.55037589041179, 'k2': 0.0007081721844034209, 'D_high': 89263.11370835223, 'fire_exp': 1.182396148413737, 'P_half': 16.051347487097576, 'pre_dampen_half': 518.2609891091987, 'gpp_af': 42.29037995744429, 'gpp_b': 0.0005392415140872105, 'gpp_d': 314.6826989726468, 'ign_k': 4.591485216740537, 'ign_c': 0.13670484737132343, 'trop_agb_crit': 2.419699259862185, 'trop_k_veg': 2.8224577471047865, 'fuel_k': 3.6992394681929337, 'fuel_half': 0.3335026483569958}.
[I 2026-06-11 12:41:18,354] Trial 655 finished with values: [10.117902106061688, 10.117902106061688] and parameters: {'k1': 0.004312951023617458, 'D_low': 338.23872019362165, 'k2': 0.0027431991397796683, 'D_high': 1390.2686711035008, 'fire_exp': 1.0629462657398439, 'P_half': 220.3445560633069, 'pre_dampen_half': 502.5175192217655, 'gpp_af': 42.29037995744429, 'gpp_b': 0.00010318352929732131, 'gpp_d': 302.3127748796293, 'ign_k': 4.591485216740537, 'ign_c': 3.0378658251922155, 'trop_agb_crit': 21.401581507853507, 'trop_k_veg': 2.715720739358474, 'fuel_k': 1.3128815679924584, 'fuel_half': 81.8794158253808}.
[I 2026-06-11 12:41:19,258] Trial 656 finished with values: [10.232925123079312, 10.232925123079312] and parameters: {'k1': 0.004312951023617458, 'D_low': 5.59983195169599, 'k2': 0.0027431991397796683, 'D_high': 1919.1689944397538, 'fire_exp': 2.2703704516008885, 'P_half': 10.226988730324324, 'pre_dampen_half': 502.5175192217655, 'gpp_af': 0.07961191926812566, 'gpp_b': 2.711380409817698e-05, 'gpp_d': 34.97224310873812, 'ign_k': 0.050667002161528835, 'ign_c': 0.11650681118986138, 'trop_agb_crit': 26.402883285404346, 'trop_k_veg': 4.1309639246402785, 'fuel_k': 0.030315034760496778, 'fuel_half': 81.8794158253808}.
[I 2026-06-11 12:41:20,240] Trial 657 finished with values: [10.536943064667375, 10.536943064667375] and parameters: {'k1': 6.068927406889472e-05, 'D_low': 1058.4084917159623, 'k2': 0.005259118659251229, 'D_high': 3712.591045287726, 'fire_exp': 2.2703704516008885, 'P_half': 38.82837025280678, 'pre_dampen_half': 347.79988160923324, 'gpp_af': 0.0010909739353103314, 'gpp_b': 2.711380409817698e-05, 'gpp_d': 0.015163585438685893, 'ign_k': 0.5131654955148326, 'ign_c': 0.9294394155644988, 'trop_agb_crit': 24.584290528289387, 'trop_k_veg': 1.7570501127699654, 'fuel_k': 0.24991287225033346, 'fuel_half': 42.6871254378718}.
[I 2026-06-11 12:41:21,173] Trial 658 finished with values: [10.007409513472874, 10.007409513472874] and parameters: {'k1': 0.00016312233285809254, 'D_low': 338.23872019362165, 'k2': 0.0034207303670092245, 'D_high': 9996.359851911324, 'fire_exp': 1.1258453832483524, 'P_half': 38.82837025280678, 'pre_dampen_half': 347.79988160923324, 'gpp_af': 0.0010909739353103314, 'gpp_b': 1.7565109007473816e-05, 'gpp_d': 17.273230592904202, 'ign_k': 0.5131654955148326, 'ign_c': 11.462237838612067, 'trop_agb_crit': 2.447085645036977, 'trop_k_veg': 0.9369104721775232, 'fuel_k': 1.3128815679924584, 'fuel_half': 42.6871254378718}.
[I 2026-06-11 12:41:22,062] Trial 659 finished with values: [-0.7048788668639108, 0.652990122933357] and parameters: {'k1': 0.003242143344038315, 'D_low': 2.4361599465623285, 'k2': 0.005259118659251229, 'D_high': 9996.359851911324, 'fire_exp': 1.2310899049053081, 'P_half': 136.0956887810302, 'pre_dampen_half': 347.79988160923324, 'gpp_af': 0.008562341633595545, 'gpp_b': 7.402343469704428e-05, 'gpp_d': 2.8006820077310213, 'ign_k': 0.5131654955148326, 'ign_c': 0.9294394155644988, 'trop_agb_crit': 19.189415375617013, 'trop_k_veg': 0.9369104721775232, 'fuel_k': 1.3128815679924584, 'fuel_half': 81.8794158253808}.
[I 2026-06-11 12:41:23,199] Trial 660 finished with values: [-0.604931652488711, 0.7183119237056155] and parameters: {'k1': 0.00013783578294796384, 'D_low': 98.3519252750597, 'k2': 0.0027431991397796683, 'D_high': 15000.328053766281, 'fire_exp': 1.1258453832483524, 'P_half': 136.0956887810302, 'pre_dampen_half': 347.79988160923324, 'gpp_af': 0.06789053271698488, 'gpp_b': 0.00010318352929732131, 'gpp_d': 302.3127748796293, 'ign_k': 0.5131654955148326, 'ign_c': 0.9294394155644988, 'trop_agb_crit': 3.575594457014808, 'trop_k_veg': 4.1309639246402785, 'fuel_k': 0.04572914063536324, 'fuel_half': 15.29850686893745}.
[I 2026-06-11 12:41:24,103] Trial 661 finished with values: [10.002745094653951, 10.002745094653951] and parameters: {'k1': 0.004312951023617458, 'D_low': 4.484744524732794, 'k2': 1.915468390724633e-05, 'D_high': 1390.2686711035008, 'fire_exp': 1.0629462657398439, 'P_half': 220.3445560633069, 'pre_dampen_half': 502.5175192217655, 'gpp_af': 42.29037995744429, 'gpp_b': 0.00012118589392553798, 'gpp_d': 302.3127748796293, 'ign_k': 4.591485216740537, 'ign_c': 15.221840161091626, 'trop_agb_crit': 21.401581507853507, 'trop_k_veg': 1.140286245977296, 'fuel_k': 4.680936683972861, 'fuel_half': 2.9236782115513154}.
[I 2026-06-11 12:41:25,005] Trial 662 finished with values: [10.727980867605275, 10.727980867605275] and parameters: {'k1': 0.004312951023617458, 'D_low': 338.23872019362165, 'k2': 1.915468390724633e-05, 'D_high': 1390.2686711035008, 'fire_exp': 1.0629462657398439, 'P_half': 220.3445560633069, 'pre_dampen_half': 502.5175192217655, 'gpp_af': 0.06319490093197187, 'gpp_b': 1.7399606574646203, 'gpp_d': 302.3127748796293, 'ign_k': 4.591485216740537, 'ign_c': 3.0378658251922155, 'trop_agb_crit': 21.401581507853507, 'trop_k_veg': 2.8224577471047865, 'fuel_k': 4.680936683972861, 'fuel_half': 0.3335026483569958}.
[I 2026-06-11 12:41:25,924] Trial 663 finished with values: [10.740456874135388, 10.740456874135388] and parameters: {'k1': 0.003242143344038315, 'D_low': 5.59983195169599, 'k2': 0.005259118659251229, 'D_high': 1390.2686711035008, 'fire_exp': 1.223609236884634, 'P_half': 5595.401979134827, 'pre_dampen_half': 294.75617712568373, 'gpp_af': 0.008562341633595545, 'gpp_b': 0.021028749338578137, 'gpp_d': 2.8006820077310213, 'ign_k': 0.5131654955148326, 'ign_c': 0.11650681118986138, 'trop_agb_crit': 19.189415375617013, 'trop_k_veg': 0.9369104721775232, 'fuel_k': 1.3128815679924584, 'fuel_half': 81.8794158253808}.
[I 2026-06-11 12:41:26,825] Trial 664 finished with values: [10.757145274326408, 10.757145274326408] and parameters: {'k1': 0.00013783578294796384, 'D_low': 4.484744524732794, 'k2': 0.01567230746060024, 'D_high': 166.76205667297387, 'fire_exp': 1.2310899049053081, 'P_half': 16.051347487097576, 'pre_dampen_half': 0.9658453324337261, 'gpp_af': 0.7539992074650279, 'gpp_b': 0.00010318352929732131, 'gpp_d': 9.004606022643067, 'ign_k': 0.5131654955148326, 'ign_c': 15.221840161091626, 'trop_agb_crit': 1.2440687631821843, 'trop_k_veg': 0.5772603928610088, 'fuel_k': 0.04572914063536324, 'fuel_half': 0.5375846873770783}.
