[I 2026-08-19 17:36:42,541] Trial 1362 finished with value: 0.40725758675554247 and parameters: {'k1': 0.00026776787553280806, 'D_low': 1998.327280682675, 'k2': 0.00016774772176993645, 'D_high': 565779.4344541226, 'fire_exp': 2.454777130371444, 'P_half': 69.94701947783905, 'pre_dampen_half': 15.422499358621316, 'gpp_af': 0.687515704749107, 'gpp_b': 0.0011181416859063088, 'gpp_d': 204.74887819729497, 'ign_k': 2.5868052663301135, 'ign_c': 0.15400590824135402, 'trop_agb_crit': 5.97530597885902, 'trop_k_veg': 1.6695470142074476, 'pop_amp': 0.09440116649208594, 'pop_peak': 0.05218963748984178, 'pop_sig': 1.0550280718373806, 'fuel_k': 0.09925077200356604, 'fuel_half': 0.10411697176489415}. Best is trial 0 with value: -0.6094076133578652.
[I 2026-08-19 17:36:44,250] Trial 1363 finished with value: 0.5315217890793658 and parameters: {'k1': 0.003954928200612388, 'D_low': 858.9227225279805, 'k2': 0.003316324783535867, 'D_high': 4176943.9548638347, 'fire_exp': 1.704823530161178, 'P_half': 313.6610846791231, 'pre_dampen_half': 0.04628423849604902, 'gpp_af': 0.17410951313969714, 'gpp_b': 0.00013278797572357896, 'gpp_d': 161.5830068985055, 'ign_k': 0.26916488027340285, 'ign_c': 0.41697457979928837, 'trop_agb_crit': 22.7305703160908, 'trop_k_veg': 0.8622746415580675, 'pop_amp': 1.0411596396419176, 'pop_peak': 0.2964353315364459, 'pop_sig': 0.5906796774409176, 'fuel_k': 0.01448134804562947, 'fuel_half': 0.3636125982998007}. Best is trial 0 with value: -0.6094076133578652.
[I 2026-08-19 17:36:46,017] Trial 1364 finished with value: 0.5222822647674816 and parameters: {'k1': 0.00031880364871968695, 'D_low': 40677.10444580264, 'k2': 0.0009289995650123959, 'D_high': 1931199.2147897852, 'fire_exp': 1.9950586917908746, 'P_half': 121.89609999337873, 'pre_dampen_half': 5.881347794079121, 'gpp_af': 0.43850769491014235, 'gpp_b': 0.006101598704920183, 'gpp_d': 516.0318100102816, 'ign_k': 0.16591922408621324, 'ign_c': 0.16373775350029005, 'trop_agb_crit': 28.99800222236773, 'trop_k_veg': 2.197710796573056, 'pop_amp': 0.41519717187816424, 'pop_peak': 4.230724942795896, 'pop_sig': 0.6209197750902546, 'fuel_k': 0.112683351920318, 'fuel_half': 0.13582552567258574}. Best is trial 0 with value: -0.6094076133578652.
[I 2026-08-19 17:36:47,678] Trial 1365 finished with value: 0.546254258246419 and parameters: {'k1': 0.0026021511423761127, 'D_low': 57.33091349753886, 'k2': 0.00034563720980385385, 'D_high': 1666203.7180594762, 'fire_exp': 3.915417051776675, 'P_half': 215.4925996247375, 'pre_dampen_half': 0.24411741207475998, 'gpp_af': 3.9621956607321587, 'gpp_b': 0.0016714991245595748, 'gpp_d': 18.295131201342162, 'ign_k': 0.023541291336149055, 'ign_c': 0.35860544305998643, 'trop_agb_crit': 6.52152902209814, 'trop_k_veg': 0.7195469582787809, 'pop_amp': 9.661656387678585, 'pop_peak': 93.04323564020252, 'pop_sig': 1.240719389957984, 'fuel_k': 0.1727255979322107, 'fuel_half': 0.3477196478100112}. Best is trial 0 with value: -0.6094076133578652.
[I 2026-08-19 17:36:49,365] Trial 1366 finished with value: -0.5814138430256204 and parameters: {'k1': 0.006022598604375737, 'D_low': 19.139903009200843, 'k2': 0.09349275052961661, 'D_high': 8587822.808435688, 'fire_exp': 9.420449619003643, 'P_half': 17.562944486873317, 'pre_dampen_half': 24.895080298972278, 'gpp_af': 0.0014750153992210534, 'gpp_b': 1.3138672972461903e-05, 'gpp_d': 5.266485149410471, 'ign_k': 2.3877102010568416, 'ign_c': 11.8804967242156, 'trop_agb_crit': 3.566235378590238, 'trop_k_veg': 5.206652364662405, 'pop_amp': 0.022560233163384354, 'pop_peak': 155.3587566933647, 'pop_sig': 1.3344908506420257, 'fuel_k': 0.01895028666231248, 'fuel_half': 0.12870875895507475}. Best is trial 0 with value: -0.6094076133578652.
[I 2026-08-19 17:36:51,038] Trial 1367 finished with value: -0.47929764391949464 and parameters: {'k1': 0.04737479530814626, 'D_low': 1.0752711714978382, 'k2': 0.0007713418971790955, 'D_high': 32761.763280095576, 'fire_exp': 3.892441689739436, 'P_half': 6.810184502413568, 'pre_dampen_half': 35.592289653976195, 'gpp_af': 0.09248562189681304, 'gpp_b': 0.0008493665489178016, 'gpp_d': 896.9328132930477, 'ign_k': 0.0033466337317553, 'ign_c': 6.341313433905037, 'trop_agb_crit': 22.420863404153543, 'trop_k_veg': 1.9496520551816776, 'pop_amp': 0.001614463471624377, 'pop_peak': 0.20350717947070235, 'pop_sig': 0.28294474723724905, 'fuel_k': 4.023343508695766, 'fuel_half': 0.12193008725250883}. Best is trial 0 with value: -0.6094076133578652.
[I 2026-08-19 17:36:52,674] Trial 1368 finished with value: -0.5563033793147547 and parameters: {'k1': 1.910859114424082e-05, 'D_low': 234.49028712397137, 'k2': 0.0027981360391785455, 'D_high': 1059330.4304491512, 'fire_exp': 1.6972778569734572, 'P_half': 29.433970378306064, 'pre_dampen_half': 0.8626613001558204, 'gpp_af': 1.994925612615011, 'gpp_b': 2.5290049693649966e-05, 'gpp_d': 746.6814503407769, 'ign_k': 0.04611722340145868, 'ign_c': 0.1382779764266868, 'trop_agb_crit': 13.266776538338839, 'trop_k_veg': 0.6535463363502919, 'pop_amp': 2.0610083260267755, 'pop_peak': 1.0600059464799123, 'pop_sig': 0.7718599997211271, 'fuel_k': 0.011295460524974796, 'fuel_half': 0.42102909416604967}. Best is trial 0 with value: -0.6094076133578652.
[I 2026-08-19 17:36:54,376] Trial 1369 finished with value: -0.5569131283602393 and parameters: {'k1': 0.0020031569000091664, 'D_low': 4.8276756136566945, 'k2': 0.011033443427851205, 'D_high': 6412036.779077253, 'fire_exp': 3.5637084388572147, 'P_half': 3.8658539927102407, 'pre_dampen_half': 31.68641060752196, 'gpp_af': 0.018823787915029925, 'gpp_b': 0.0001663643849782367, 'gpp_d': 515.3854178866518, 'ign_k': 0.037386822947158664, 'ign_c': 0.9047803578437174, 'trop_agb_crit': 6.425129640210637, 'trop_k_veg': 7.69019576673521, 'pop_amp': 0.0010174471281453453, 'pop_peak': 0.17346476855279008, 'pop_sig': 0.2721046331908053, 'fuel_k': 1.1297145892115927, 'fuel_half': 0.4981947406667724}. Best is trial 0 with value: -0.6094076133578652.
[I 2026-08-19 17:36:56,004] Trial 1370 finished with value: 0.5388053303004848 and parameters: {'k1': 0.001246411429272567, 'D_low': 3184.5353887368788, 'k2': 0.002926313940102771, 'D_high': 3984168.951498206, 'fire_exp': 3.3407058493127137, 'P_half': 83.91001778977554, 'pre_dampen_half': 0.20361515606240124, 'gpp_af': 0.2875946158021176, 'gpp_b': 0.002606235104589212, 'gpp_d': 955.498866403912, 'ign_k': 0.06927974053853528, 'ign_c': 0.13134211013346037, 'trop_agb_crit': 23.275105041235175, 'trop_k_veg': 2.010896650332728, 'pop_amp': 1.3629103449880478, 'pop_peak': 1.3975515219602272, 'pop_sig': 0.9093722683693649, 'fuel_k': 0.021301640104062183, 'fuel_half': 0.3061745253188121}. Best is trial 0 with value: -0.6094076133578652.
[I 2026-08-19 17:36:57,640] Trial 1371 finished with value: 0.45864890086162924 and parameters: {'k1': 0.014270772207110208, 'D_low': 1.5178669825155886, 'k2': 0.0016148053482597346, 'D_high': 8594248.046054767, 'fire_exp': 8.225240086379308, 'P_half': 2.179672013771097, 'pre_dampen_half': 0.6118864356980118, 'gpp_af': 0.34742717191642275, 'gpp_b': 5.040300912749927e-05, 'gpp_d': 163.4913165490452, 'ign_k': 3.0526266638259485, 'ign_c': 0.3166717335608842, 'trop_agb_crit': 19.868097167333975, 'trop_k_veg': 2.34154978312992, 'pop_amp': 0.006473529592348049, 'pop_peak': 0.08978370506816075, 'pop_sig': 0.26879156911667196, 'fuel_k': 0.6111489538153773, 'fuel_half': 0.7966264827094918}. Best is trial 0 with value: -0.6094076133578652.
  trial 1372/2500  best_overall=0.6094  (38.6 min)
[I 2026-08-19 17:36:59,895] Trial 1372 finished with value: 0.587848916014458 and parameters: {'k1': 0.017532751240945946, 'D_low': 18.66669743299685, 'k2': 0.02193203562442384, 'D_high': 182300.97892935548, 'fire_exp': 1.4557493170712323, 'P_half': 3.380027291919715, 'pre_dampen_half': 1.2411520505414113, 'gpp_af': 0.0019136004768283404, 'gpp_b': 0.0005300541064661514, 'gpp_d': 0.35460649274250416, 'ign_k': 0.13458418285286874, 'ign_c': 0.22373571951070023, 'trop_agb_crit': 2.545627155334574, 'trop_k_veg': 3.5761356785179657, 'pop_amp': 10.960763170774541, 'pop_peak': 0.7263163923448863, 'pop_sig': 1.6075342559568377, 'fuel_k': 0.05030824984766984, 'fuel_half': 10.83268559789538}. Best is trial 0 with value: -0.6094076133578652.
[I 2026-08-19 17:37:01,932] Trial 1373 finished with value: 0.5944440150316963 and parameters: {'k1': 0.05916864718203045, 'D_low': 29.85819229620529, 'k2': 3.0252801995882422e-05, 'D_high': 18364.55895289426, 'fire_exp': 4.643058110201806, 'P_half': 1.956947389137632, 'pre_dampen_half': 3.3443891028427095, 'gpp_af': 0.0027779483921376706, 'gpp_b': 0.0006907183596143397, 'gpp_d': 4.572401938828542, 'ign_k': 0.5592600817245406, 'ign_c': 2.7488714984105584, 'trop_agb_crit': 2.717122111289719, 'trop_k_veg': 5.0159041427496165, 'pop_amp': 0.0011212177288661487, 'pop_peak': 0.09248185837659723, 'pop_sig': 0.652721328248231, 'fuel_k': 3.2446146146799353, 'fuel_half': 2.306957263415863}. Best is trial 0 with value: -0.6094076133578652.
[I 2026-08-19 17:37:03,673] Trial 1374 finished with value: 0.49429185759233374 and parameters: {'k1': 0.0002957702141592835, 'D_low': 2897.9559924889163, 'k2': 0.0006062946258305089, 'D_high': 336726.6552419615, 'fire_exp': 2.957004637752082, 'P_half': 78.90064281942364, 'pre_dampen_half': 0.8843772007324116, 'gpp_af': 0.007727579855659341, 'gpp_b': 0.00015899239755511486, 'gpp_d': 41.62803917745306, 'ign_k': 5.7077791915394975, 'ign_c': 0.14788298277782772, 'trop_agb_crit': 12.842089641854772, 'trop_k_veg': 1.129638165689154, 'pop_amp': 0.6025856830650379, 'pop_peak': 9.484988784537448, 'pop_sig': 0.41384360624187566, 'fuel_k': 0.031072761159442328, 'fuel_half': 0.4507727219967924}. Best is trial 0 with value: -0.6094076133578652.
[I 2026-08-19 17:37:05,459] Trial 1375 finished with value: -0.5843515613842454 and parameters: {'k1': 0.0024406243346012145, 'D_low': 1216.9421560520877, 'k2': 0.001948495600294346, 'D_high': 8125983.066577052, 'fire_exp': 3.8263029050931263, 'P_half': 1.139142814178724, 'pre_dampen_half': 13.802238843907215, 'gpp_af': 0.02758156216057028, 'gpp_b': 0.00124227310699197, 'gpp_d': 479.9759955909923, 'ign_k': 0.3768567358143057, 'ign_c': 0.42323364078438147, 'trop_agb_crit': 29.189348626941953, 'trop_k_veg': 1.4738511805856318, 'pop_amp': 0.002108991636444989, 'pop_peak': 0.4043298430572689, 'pop_sig': 0.8327695104217501, 'fuel_k': 0.12478854875061485, 'fuel_half': 0.42566721278513525}. Best is trial 0 with value: -0.6094076133578652.
[I 2026-08-19 17:37:07,306] Trial 1376 finished with value: 0.5832443831618905 and parameters: {'k1': 0.0003424425307195065, 'D_low': 66.35381479383001, 'k2': 0.0013097059661844738, 'D_high': 70519.8811725974, 'fire_exp': 3.879846363923785, 'P_half': 41.00433103086437, 'pre_dampen_half': 1.7046289837228072, 'gpp_af': 2.0012902391952414, 'gpp_b': 0.0004975472163405374, 'gpp_d': 7.376510938459659, 'ign_k': 0.014917836606865208, 'ign_c': 0.27309704970083676, 'trop_agb_crit': 17.900956297586063, 'trop_k_veg': 0.9434285705928296, 'pop_amp': 0.5692338287463518, 'pop_peak': 1.321004034551442, 'pop_sig': 0.776995972857174, 'fuel_k': 0.0786560451632869, 'fuel_half': 0.28197262842959997}. Best is trial 0 with value: -0.6094076133578652.
[I 2026-08-19 17:37:09,013] Trial 1377 finished with value: -0.543954861390754 and parameters: {'k1': 0.026199302644547413, 'D_low': 1.081308162974921, 'k2': 0.001754084764143048, 'D_high': 6581969.560090017, 'fire_exp': 5.473703625755665, 'P_half': 4.631728727004194, 'pre_dampen_half': 254.7406234157301, 'gpp_af': 0.44992212935448483, 'gpp_b': 0.00023910737352049075, 'gpp_d': 2.2637004995407937, 'ign_k': 0.07608722137951261, 'ign_c': 0.7532132429503702, 'trop_agb_crit': 5.351365921446985, 'trop_k_veg': 6.920901481732219, 'pop_amp': 0.0017784440538001474, 'pop_peak': 0.6121554831855871, 'pop_sig': 0.5119775096454354, 'fuel_k': 1.3023717038264, 'fuel_half': 1.77738384965254}. Best is trial 0 with value: -0.6094076133578652.
[I 2026-08-19 17:37:10,769] Trial 1378 finished with value: 0.5100211799121357 and parameters: {'k1': 0.0320732020962287, 'D_low': 7.083465304526094, 'k2': 0.0042592067370618766, 'D_high': 45770.397324997575, 'fire_exp': 8.825073339822136, 'P_half': 2.4417938748531887, 'pre_dampen_half': 3.1957523440569906, 'gpp_af': 0.16768475444649764, 'gpp_b': 0.00026217083997590377, 'gpp_d': 418.62032713591657, 'ign_k': 0.14559599580146942, 'ign_c': 2.836925307035565, 'trop_agb_crit': 12.31677273239821, 'trop_k_veg': 1.818027628293195, 'pop_amp': 0.0021814076185781264, 'pop_peak': 0.09858259410292407, 'pop_sig': 0.3993445479819349, 'fuel_k': 0.9625699079156858, 'fuel_half': 0.5226780227618778}. Best is trial 0 with value: -0.6094076133578652.
[I 2026-08-19 17:37:12,478] Trial 1379 finished with value: 0.5282139089593128 and parameters: {'k1': 1.396419088002066e-05, 'D_low': 21.4323395893546, 'k2': 0.00019165858790077403, 'D_high': 9110105.402165525, 'fire_exp': 3.111380186921858, 'P_half': 9.976174774251163, 'pre_dampen_half': 0.7345670084632958, 'gpp_af': 0.7905825243342001, 'gpp_b': 0.00022271997661425704, 'gpp_d': 418.06674639881413, 'ign_k': 4.6845093803821864, 'ign_c': 9.225207159661505, 'trop_agb_crit': 6.571689457246173, 'trop_k_veg': 2.7341018266876875, 'pop_amp': 0.007264840705210038, 'pop_peak': 0.3557438859746027, 'pop_sig': 0.6737302870723083, 'fuel_k': 0.20189999827783975, 'fuel_half': 0.38226953443549383}. Best is trial 0 with value: -0.6094076133578652.
[I 2026-08-19 17:37:14,152] Trial 1380 finished with value: 0.5463882197118695 and parameters: {'k1': 0.015212790079285084, 'D_low': 1.7155923091942789, 'k2': 0.002228686781179716, 'D_high': 7261391.927403551, 'fire_exp': 2.865591485667398, 'P_half': 20.054497750663447, 'pre_dampen_half': 79.03703024556972, 'gpp_af': 0.040864138522311015, 'gpp_b': 0.07638072202970263, 'gpp_d': 12.188103591096572, 'ign_k': 1.8159227210789328, 'ign_c': 1.3830695153995805, 'trop_agb_crit': 17.060367889139684, 'trop_k_veg': 5.4473804392185805, 'pop_amp': 0.0012335549139598238, 'pop_peak': 0.27288926659598367, 'pop_sig': 0.5976948771065376, 'fuel_k': 1.4691854777062885, 'fuel_half': 4.609120051969913}. Best is trial 0 with value: -0.6094076133578652.
[I 2026-08-19 17:37:15,844] Trial 1381 finished with value: 0.6183298265028133 and parameters: {'k1': 0.0012403108761688414, 'D_low': 121745.50836915472, 'k2': 0.029575989511921596, 'D_high': 613869.9715455988, 'fire_exp': 1.6872641194129667, 'P_half': 161.98157125725595, 'pre_dampen_half': 9.682028696865798, 'gpp_af': 0.260807794319537, 'gpp_b': 0.0035272025266390346, 'gpp_d': 26.25191329619745, 'ign_k': 0.13996502673390127, 'ign_c': 0.1504454050606173, 'trop_agb_crit': 10.313153649462569, 'trop_k_veg': 0.8294912960361756, 'pop_amp': 0.09374828150863038, 'pop_peak': 0.14949829037439452, 'pop_sig': 0.6118084223889158, 'fuel_k': 0.035617368585925686, 'fuel_half': 71.26244182185454}. Best is trial 0 with value: -0.6094076133578652.
[I 2026-08-19 17:37:17,493] Trial 1382 finished with value: 0.4284507834014728 and parameters: {'k1': 0.00017606257988310185, 'D_low': 427.1181715123183, 'k2': 0.0067845826941530995, 'D_high': 774911.9766688095, 'fire_exp': 1.6020161452883395, 'P_half': 116.6277483835481, 'pre_dampen_half': 46.615263087070794, 'gpp_af': 2.4339202457820805, 'gpp_b': 0.00013289266089781883, 'gpp_d': 184.09800995219425, 'ign_k': 0.027286867540742304, 'ign_c': 1.6342938866772734, 'trop_agb_crit': 23.42704776359001, 'trop_k_veg': 4.118902412318109, 'pop_amp': 1.0663122020379867, 'pop_peak': 0.06568813658452625, 'pop_sig': 1.0436409111816833, 'fuel_k': 0.01949071485261618, 'fuel_half': 0.20695026211094866}. Best is trial 0 with value: -0.6094076133578652.
[I 2026-08-19 17:37:19,312] Trial 1383 finished with value: 0.5614277116145134 and parameters: {'k1': 0.006297565536649026, 'D_low': 71.06468427798394, 'k2': 0.031534819835475514, 'D_high': 43118.17252077265, 'fire_exp': 4.162296248165817, 'P_half': 16.962267779142362, 'pre_dampen_half': 11.62156811181652, 'gpp_af': 0.029073676802696333, 'gpp_b': 0.0003860654690828279, 'gpp_d': 11.464424478293, 'ign_k': 0.8429586311225092, 'ign_c': 23.8252983940145, 'trop_agb_crit': 3.3004000010472327, 'trop_k_veg': 1.4814498435087982, 'pop_amp': 0.10050355614446727, 'pop_peak': 842.5153380911662, 'pop_sig': 1.2495620930650995, 'fuel_k': 0.07393224147501638, 'fuel_half': 0.9531807617386282}. Best is trial 0 with value: -0.6094076133578652.
  trial 1384/2500  best_overall=0.6094  (38.9 min)
[I 2026-08-19 17:37:21,453] Trial 1384 finished with value: 0.5954009335423512 and parameters: {'k1': 0.020437762560978023, 'D_low': 1.273489216569007, 'k2': 0.00013154925940017613, 'D_high': 717067.5350954483, 'fire_exp': 5.043862660701249, 'P_half': 1.7990656778093872, 'pre_dampen_half': 2.1203952247901143, 'gpp_af': 0.008469009683315497, 'gpp_b': 0.007956748320461362, 'gpp_d': 19.65984169823485, 'ign_k': 0.0662224162539571, 'ign_c': 0.21509506486335528, 'trop_agb_crit': 4.443646485983494, 'trop_k_veg': 5.847676394198773, 'pop_amp': 0.0037012847997081435, 'pop_peak': 0.07350504949620865, 'pop_sig': 0.5418352699066362, 'fuel_k': 0.6786291860643798, 'fuel_half': 5.314316119056579}. Best is trial 0 with value: -0.6094076133578652.
[I 2026-08-19 17:37:23,175] Trial 1385 finished with value: 0.6561836549207312 and parameters: {'k1': 0.0011817072718385473, 'D_low': 12.603555781265113, 'k2': 0.01475185229514651, 'D_high': 695611.8372174916, 'fire_exp': 4.7792374524540975, 'P_half': 3.424519420062385, 'pre_dampen_half': 7.455025710169711, 'gpp_af': 0.0016433342744980436, 'gpp_b': 3.670893098649853e-05, 'gpp_d': 124.13595020177625, 'ign_k': 3.151860495644974, 'ign_c': 32.74838563969058, 'trop_agb_crit': 2.665933524691665, 'trop_k_veg': 1.2814769153003536, 'pop_amp': 0.0022375924809168632, 'pop_peak': 543.5572654927392, 'pop_sig': 2.2197423285891, 'fuel_k': 0.0874653307739959, 'fuel_half': 0.17169093212684647}. Best is trial 0 with value: -0.6094076133578652.
[I 2026-08-19 17:37:24,853] Trial 1386 finished with value: 0.5970451415428599 and parameters: {'k1': 0.00029403283155605655, 'D_low': 3.6470445392019935, 'k2': 0.0030521860352632707, 'D_high': 4315862.141327558, 'fire_exp': 2.7359830056615895, 'P_half': 1.758064265570607, 'pre_dampen_half': 11.404546848431577, 'gpp_af': 0.21603303978288915, 'gpp_b': 2.1482718920806856, 'gpp_d': 81.0760316707535, 'ign_k': 0.06271432167878299, 'ign_c': 1.5410603277288932, 'trop_agb_crit': 7.6297354352330915, 'trop_k_veg': 0.663163095662163, 'pop_amp': 4.966718683303094, 'pop_peak': 0.6426680705551829, 'pop_sig': 1.4266189147128863, 'fuel_k': 0.3506719886110862, 'fuel_half': 0.8545367983602254}. Best is trial 0 with value: -0.6094076133578652.
[I 2026-08-19 17:37:26,573] Trial 1387 finished with value: 0.5767292653636639 and parameters: {'k1': 0.013049718736531381, 'D_low': 2.9625599374152203, 'k2': 0.0705712460179706, 'D_high': 25177.733809064935, 'fire_exp': 2.404761230273658, 'P_half': 7.013051562931537, 'pre_dampen_half': 0.11992987988914043, 'gpp_af': 0.06807229338486223, 'gpp_b': 0.0008033900339689092, 'gpp_d': 1.541353095941321, 'ign_k': 0.05057150350466949, 'ign_c': 0.2557518733923888, 'trop_agb_crit': 2.132995934437391, 'trop_k_veg': 5.526034678861257, 'pop_amp': 0.14611097039338544, 'pop_peak': 51.196563756336154, 'pop_sig': 1.5068693777911832, 'fuel_k': 0.03491894504132851, 'fuel_half': 14.942651946420161}. Best is trial 0 with value: -0.6094076133578652.
[I 2026-08-19 17:37:28,278] Trial 1388 finished with value: 0.5840423299615658 and parameters: {'k1': 0.0005177255768577698, 'D_low': 33.915579445242166, 'k2': 0.002039111297078439, 'D_high': 6915968.647806343, 'fire_exp': 3.68829842211172, 'P_half': 1.977138624392188, 'pre_dampen_half': 8.833672631421367, 'gpp_af': 0.0025532770736935466, 'gpp_b': 0.0043159442612518235, 'gpp_d': 49.231146768665454, 'ign_k': 1.1431506986295996, 'ign_c': 6.37248663675654, 'trop_agb_crit': 27.47382621361444, 'trop_k_veg': 1.879959886525207, 'pop_amp': 0.017560293139622134, 'pop_peak': 1.0953807796572612, 'pop_sig': 0.45959643725951244, 'fuel_k': 1.4685573545705797, 'fuel_half': 0.4036946525126409}. Best is trial 0 with value: -0.6094076133578652.
[I 2026-08-19 17:37:30,058] Trial 1389 finished with value: 0.528235789007172 and parameters: {'k1': 0.0016245216756349912, 'D_low': 86.93894704233942, 'k2': 0.00046513730502216276, 'D_high': 2181296.279777849, 'fire_exp': 2.253231845245877, 'P_half': 5.895589678438146, 'pre_dampen_half': 0.030092461815541212, 'gpp_af': 0.034119027568392905, 'gpp_b': 0.002666744266630043, 'gpp_d': 238.802336282915, 'ign_k': 1.6197356714797235, 'ign_c': 0.3508333258454201, 'trop_agb_crit': 17.544731489711662, 'trop_k_veg': 7.51165057919496, 'pop_amp': 0.007424118491845208, 'pop_peak': 0.33191886228543727, 'pop_sig': 0.4931377367101909, 'fuel_k': 0.795314561042671, 'fuel_half': 0.27678382218509157}. Best is trial 0 with value: -0.6094076133578652.
[I 2026-08-19 17:37:31,999] Trial 1390 finished with value: 0.5087751264547641 and parameters: {'k1': 0.045829090599155145, 'D_low': 57.50499110426437, 'k2': 0.0006453826697785966, 'D_high': 404038.7235769274, 'fire_exp': 3.1269185979358487, 'P_half': 141.3544961456667, 'pre_dampen_half': 2.1714171956202817, 'gpp_af': 0.035327837088576876, 'gpp_b': 0.00116079274819125, 'gpp_d': 0.13338519181490605, 'ign_k': 0.10026627451753868, 'ign_c': 0.1088632420673192, 'trop_agb_crit': 7.931876940797886, 'trop_k_veg': 1.1527049725773097, 'pop_amp': 2.8171556474349417, 'pop_peak': 0.6893479786469094, 'pop_sig': 0.6489409861671475, 'fuel_k': 0.28311766610140227, 'fuel_half': 2.0392644647501457}. Best is trial 0 with value: -0.6094076133578652.
