[I 2026-08-19 17:48:38,414] Trial 1710 finished with value: 0.41491288220284384 and parameters: {'k1': 0.08659061588266495, 'D_low': 4.099516389192134, 'k2': 0.0013815107534345368, 'D_high': 647749.0040958141, 'fire_exp': 1.356587883571069, 'P_half': 63.88525297615153, 'pre_dampen_half': 3.9530431187851294, 'gpp_af': 0.04333653317129929, 'gpp_b': 2.829703675530268e-05, 'gpp_d': 392.09363086308645, 'ign_k': 0.16591887925047996, 'ign_c': 14.513315547009146, 'trop_agb_crit': 2.6394005919538013, 'trop_k_veg': 4.447698753595684, 'pop_amp': 0.011042302268392364, 'pop_peak': 0.600216584245753, 'pop_sig': 1.0079148775850577, 'fuel_k': 5.03053675651189, 'fuel_half': 2.7574719176025577}. Best is trial 1622 with value: -0.6125870653324885.
[I 2026-08-19 17:48:40,514] Trial 1711 finished with value: 0.4108290608330273 and parameters: {'k1': 0.012087707143630971, 'D_low': 14.055178059240939, 'k2': 0.007001945093841434, 'D_high': 1276133.2742537388, 'fire_exp': 4.213369069971297, 'P_half': 145.26927633113831, 'pre_dampen_half': 44.49502668215995, 'gpp_af': 0.02684759148331401, 'gpp_b': 3.0577882238147306e-05, 'gpp_d': 22.85361539457217, 'ign_k': 1.9476482362350707, 'ign_c': 6.052721730560887, 'trop_agb_crit': 3.4837769480069394, 'trop_k_veg': 1.1278102498736047, 'pop_amp': 0.08874705708776046, 'pop_peak': 344.2534404162815, 'pop_sig': 2.073206120690359, 'fuel_k': 0.2033785296292525, 'fuel_half': 0.13363568915655696}. Best is trial 1622 with value: -0.6125870653324885.
[I 2026-08-19 17:48:42,564] Trial 1712 finished with value: 0.5834345615182397 and parameters: {'k1': 0.00019528339390891824, 'D_low': 9.088476700051475, 'k2': 0.0006393075597337503, 'D_high': 3067614.1258816062, 'fire_exp': 4.040815657283667, 'P_half': 28.404945835353047, 'pre_dampen_half': 4.464969534674367, 'gpp_af': 0.18105288285267312, 'gpp_b': 0.20989397335163557, 'gpp_d': 13.029241366671217, 'ign_k': 0.0582207429657838, 'ign_c': 0.18077149730590972, 'trop_agb_crit': 5.946452288490667, 'trop_k_veg': 1.2499202656420523, 'pop_amp': 5.162590560665521, 'pop_peak': 31.03449495899951, 'pop_sig': 0.8387544935025926, 'fuel_k': 0.1779752368986226, 'fuel_half': 0.36717879749011983}. Best is trial 1622 with value: -0.6125870653324885.
[I 2026-08-19 17:48:44,543] Trial 1713 finished with value: -0.5839337136659826 and parameters: {'k1': 0.002470378379531522, 'D_low': 1.1609548036867112, 'k2': 0.0025564050520120226, 'D_high': 481523.2653635101, 'fire_exp': 7.471984027432865, 'P_half': 3.0164206418877297, 'pre_dampen_half': 7.190495035713638, 'gpp_af': 0.13770946229117506, 'gpp_b': 5.763309954117869e-05, 'gpp_d': 7.171792733252825, 'ign_k': 2.6816942758466706, 'ign_c': 3.5917759986694926, 'trop_agb_crit': 25.762435131542883, 'trop_k_veg': 3.556812277802418, 'pop_amp': 0.0010327599289700693, 'pop_peak': 2.3546827728852215, 'pop_sig': 0.9662634668591678, 'fuel_k': 0.1227065486418563, 'fuel_half': 1.3288809725967743}. Best is trial 1622 with value: -0.6125870653324885.
[I 2026-08-19 17:48:46,678] Trial 1714 finished with value: 0.6445374145881376 and parameters: {'k1': 0.0003774425259738587, 'D_low': 7197.033952437284, 'k2': 0.006737012680483517, 'D_high': 6522178.521702926, 'fire_exp': 2.0876498168431836, 'P_half': 64.17803429680473, 'pre_dampen_half': 2.5951178848840155, 'gpp_af': 0.033895497585739454, 'gpp_b': 0.0010056108876461078, 'gpp_d': 7.6892295872356895, 'ign_k': 9.66140001066556, 'ign_c': 50.06979935010453, 'trop_agb_crit': 3.60744852886038, 'trop_k_veg': 1.0591083312403005, 'pop_amp': 0.0569635878994113, 'pop_peak': 16.904833213371262, 'pop_sig': 1.910577381998585, 'fuel_k': 0.04269100560779643, 'fuel_half': 0.4883970663490536}. Best is trial 1622 with value: -0.6125870653324885.
[I 2026-08-19 17:48:48,768] Trial 1715 finished with value: 0.49045117853207065 and parameters: {'k1': 0.022546854197243848, 'D_low': 12.676818641784005, 'k2': 0.0002991161008998677, 'D_high': 1842444.111473695, 'fire_exp': 4.353948296915167, 'P_half': 104.2196001741308, 'pre_dampen_half': 0.9413107632762595, 'gpp_af': 0.5828090082149454, 'gpp_b': 6.174289190553591e-05, 'gpp_d': 298.24537456580566, 'ign_k': 1.65550707996357, 'ign_c': 16.0967533565975, 'trop_agb_crit': 17.33158342521856, 'trop_k_veg': 6.973089674103652, 'pop_amp': 0.004765070024632006, 'pop_peak': 0.19718974134915715, 'pop_sig': 0.2732071832827595, 'fuel_k': 0.36284633251244036, 'fuel_half': 1.0890713379476455}. Best is trial 1622 with value: -0.6125870653324885.
[I 2026-08-19 17:48:50,928] Trial 1716 finished with value: 0.4082928660639268 and parameters: {'k1': 0.0027078628696648953, 'D_low': 5.541581483345506, 'k2': 0.001814887066313224, 'D_high': 1131634.302294024, 'fire_exp': 6.888571766049953, 'P_half': 2.258358458647421, 'pre_dampen_half': 40.58988744925298, 'gpp_af': 0.38967288691908697, 'gpp_b': 0.003107183743913019, 'gpp_d': 320.0291204348576, 'ign_k': 0.1781266767978348, 'ign_c': 2.131332073496759, 'trop_agb_crit': 15.797497293048716, 'trop_k_veg': 4.9325600808741585, 'pop_amp': 0.004817975376635156, 'pop_peak': 0.067180580397266, 'pop_sig': 0.25940923794730025, 'fuel_k': 0.7537076952552323, 'fuel_half': 0.3160942393172376}. Best is trial 1622 with value: -0.6125870653324885.
[I 2026-08-19 17:48:53,029] Trial 1717 finished with value: 0.6446968856139748 and parameters: {'k1': 0.0677802660910274, 'D_low': 67.83229626944639, 'k2': 0.0007093613549300178, 'D_high': 3193.0624382949422, 'fire_exp': 1.0665865447057776, 'P_half': 6920.047083621967, 'pre_dampen_half': 10.059258391005221, 'gpp_af': 0.001186036319133852, 'gpp_b': 0.0006044149421896516, 'gpp_d': 24.53514608982639, 'ign_k': 9.985264213026692, 'ign_c': 34.85798361175163, 'trop_agb_crit': 4.734529830318169, 'trop_k_veg': 4.708272388736543, 'pop_amp': 0.0023217956726607637, 'pop_peak': 6.8071196261044955, 'pop_sig': 0.7940639005871329, 'fuel_k': 0.23041896677258603, 'fuel_half': 0.3458249330855624}. Best is trial 1622 with value: -0.6125870653324885.
[I 2026-08-19 17:48:55,157] Trial 1718 finished with value: 0.6445374145881376 and parameters: {'k1': 0.02620418082955797, 'D_low': 28.855985444920943, 'k2': 3.450324184281621e-05, 'D_high': 1060667.7421519354, 'fire_exp': 1.0500986235636038, 'P_half': 78.28483435180405, 'pre_dampen_half': 808.9909283100565, 'gpp_af': 0.0013444233960566245, 'gpp_b': 0.0008516971846036779, 'gpp_d': 5.388695679085138, 'ign_k': 1.3617836220972566, 'ign_c': 90.55012947730792, 'trop_agb_crit': 5.373160768476373, 'trop_k_veg': 6.97405611681896, 'pop_amp': 0.001358897082681477, 'pop_peak': 2.855162633117678, 'pop_sig': 0.5284549247273702, 'fuel_k': 2.377015846757439, 'fuel_half': 9.374855388560098}. Best is trial 1622 with value: -0.6125870653324885.
  trial 1719/2500  best_overall=0.6126  (50.5 min)
[I 2026-08-19 17:48:57,749] Trial 1719 finished with value: 0.6240176939759157 and parameters: {'k1': 0.00010734899730169085, 'D_low': 68925.02861566762, 'k2': 0.002661858597048979, 'D_high': 9732330.195042279, 'fire_exp': 2.1447491116469277, 'P_half': 12.689324025025241, 'pre_dampen_half': 39.516743737302484, 'gpp_af': 0.6432592818139985, 'gpp_b': 5.774794894791866, 'gpp_d': 937.2600964474761, 'ign_k': 0.0024435452059855312, 'ign_c': 1.0564222894585864, 'trop_agb_crit': 1.5101425236406407, 'trop_k_veg': 5.3691489997138175, 'pop_amp': 0.004277029191452579, 'pop_peak': 33.5177713028549, 'pop_sig': 0.3536717023030555, 'fuel_k': 2.001919381094765, 'fuel_half': 0.45345429199534554}. Best is trial 1622 with value: -0.6125870653324885.
[I 2026-08-19 17:48:59,930] Trial 1720 finished with value: 0.49869405853057647 and parameters: {'k1': 0.0404953293937929, 'D_low': 34.74814104789646, 'k2': 0.006041468920185601, 'D_high': 21263.27691094144, 'fire_exp': 1.0415774039714547, 'P_half': 125.29068281516855, 'pre_dampen_half': 12.873102941421186, 'gpp_af': 0.0016458084529645132, 'gpp_b': 1.3424052329952057e-05, 'gpp_d': 6.7386209267627715, 'ign_k': 0.38953833400318905, 'ign_c': 2.3527740547197884, 'trop_agb_crit': 12.00706113302052, 'trop_k_veg': 7.085899159810182, 'pop_amp': 0.03768351714364569, 'pop_peak': 0.1737002329426894, 'pop_sig': 0.4145762094090004, 'fuel_k': 1.1608981478757103, 'fuel_half': 2.0229077008669214}. Best is trial 1622 with value: -0.6125870653324885.
[I 2026-08-19 17:49:02,091] Trial 1721 finished with value: -0.5373189421893945 and parameters: {'k1': 0.00045341198928877793, 'D_low': 1422.7635147961412, 'k2': 0.03758540947277514, 'D_high': 7024072.47234287, 'fire_exp': 1.347610228399466, 'P_half': 5.272383025521957, 'pre_dampen_half': 0.24340123755813495, 'gpp_af': 4.140068792504948, 'gpp_b': 0.0008161691239890089, 'gpp_d': 6.462486297136442, 'ign_k': 3.0221636181606666, 'ign_c': 0.31428531152313977, 'trop_agb_crit': 3.428001813029677, 'trop_k_veg': 0.5341933716787333, 'pop_amp': 0.014315395331853196, 'pop_peak': 1.2939007076357478, 'pop_sig': 1.5639150710424654, 'fuel_k': 0.2144903358177017, 'fuel_half': 14.34825801859415}. Best is trial 1622 with value: -0.6125870653324885.
[I 2026-08-19 17:49:04,215] Trial 1722 finished with value: 0.6445374145881376 and parameters: {'k1': 0.026159335324168437, 'D_low': 1.81362732335743, 'k2': 0.001543297695472164, 'D_high': 3153648.440140376, 'fire_exp': 2.9504918561505185, 'P_half': 13.023348161878436, 'pre_dampen_half': 10.787307947799004, 'gpp_af': 0.0998629640957307, 'gpp_b': 0.020742538067807178, 'gpp_d': 16.25952520895749, 'ign_k': 0.6346237217156597, 'ign_c': 300.3610350710588, 'trop_agb_crit': 13.033668889259342, 'trop_k_veg': 2.4325518587300348, 'pop_amp': 0.0012034503018377013, 'pop_peak': 0.064118753920694, 'pop_sig': 0.8515030241344481, 'fuel_k': 0.9773576624154933, 'fuel_half': 3.38951759756067}. Best is trial 1622 with value: -0.6125870653324885.
[I 2026-08-19 17:49:06,350] Trial 1723 finished with value: 0.5219314322541809 and parameters: {'k1': 0.001729964017131352, 'D_low': 490.04753143715925, 'k2': 3.6557534180536484e-05, 'D_high': 1662058.2847429418, 'fire_exp': 4.3313408481845945, 'P_half': 234.34634216083694, 'pre_dampen_half': 1.854358768478881, 'gpp_af': 0.0010410569424573032, 'gpp_b': 4.6134388859350816e-05, 'gpp_d': 134.84466665081735, 'ign_k': 0.9488298069424083, 'ign_c': 14.846870996930347, 'trop_agb_crit': 8.096098643063018, 'trop_k_veg': 5.519843933117911, 'pop_amp': 0.0011410810226660643, 'pop_peak': 0.05418880010320002, 'pop_sig': 0.42954342802313533, 'fuel_k': 0.872057221599447, 'fuel_half': 0.4068062823144918}. Best is trial 1622 with value: -0.6125870653324885.
[I 2026-08-19 17:49:08,494] Trial 1724 finished with value: 0.44841576290494956 and parameters: {'k1': 0.014252475303099097, 'D_low': 1.953929842240201, 'k2': 0.003528872176342054, 'D_high': 3227918.2545008315, 'fire_exp': 8.43828648192373, 'P_half': 105.21707245694807, 'pre_dampen_half': 185.05644344902962, 'gpp_af': 0.6224416570467083, 'gpp_b': 0.001836260990562855, 'gpp_d': 19.949041736742554, 'ign_k': 5.21827456578714, 'ign_c': 0.12292500319902876, 'trop_agb_crit': 1.9881805555123724, 'trop_k_veg': 2.7198592269096813, 'pop_amp': 0.21351767130538418, 'pop_peak': 40.7008852223795, 'pop_sig': 1.1411213929956587, 'fuel_k': 2.6530245305206703, 'fuel_half': 0.44714038752124}. Best is trial 1622 with value: -0.6125870653324885.
[I 2026-08-19 17:49:10,611] Trial 1725 finished with value: 0.4390584155142948 and parameters: {'k1': 2.662993122623854e-05, 'D_low': 621.2117273687204, 'k2': 0.00033567927708324564, 'D_high': 2161938.6438792897, 'fire_exp': 1.413240914207728, 'P_half': 167.0219488854053, 'pre_dampen_half': 32.97220070137842, 'gpp_af': 0.10989944691657202, 'gpp_b': 0.00437619601395219, 'gpp_d': 402.33609415529435, 'ign_k': 0.07035989895486583, 'ign_c': 3.6078654443455367, 'trop_agb_crit': 13.873006157381644, 'trop_k_veg': 3.565551969711772, 'pop_amp': 0.0011575809581001067, 'pop_peak': 0.4457188999928369, 'pop_sig': 0.8188864330650502, 'fuel_k': 0.10908494936565694, 'fuel_half': 0.10528872046486558}. Best is trial 1622 with value: -0.6125870653324885.
[I 2026-08-19 17:49:12,796] Trial 1726 finished with value: -0.5821344896994619 and parameters: {'k1': 0.00014850311031542018, 'D_low': 1.101824674695695, 'k2': 0.03463187499167615, 'D_high': 731087.7419852819, 'fire_exp': 3.292707848069692, 'P_half': 30.77527303580106, 'pre_dampen_half': 12.438254701808543, 'gpp_af': 0.0048688477529835895, 'gpp_b': 0.00011026017360944524, 'gpp_d': 62.28398360818063, 'ign_k': 2.2571942243403975, 'ign_c': 3.596427210501045, 'trop_agb_crit': 3.801134412320919, 'trop_k_veg': 2.33214461259011, 'pop_amp': 0.3859932228991681, 'pop_peak': 257.5973426525995, 'pop_sig': 1.3745115897585898, 'fuel_k': 0.06622530025230955, 'fuel_half': 0.10429265352434475}. Best is trial 1622 with value: -0.6125870653324885.
[I 2026-08-19 17:49:14,829] Trial 1727 finished with value: 0.46380417862677403 and parameters: {'k1': 0.0015434653344786424, 'D_low': 672.208704871048, 'k2': 0.043620011448808275, 'D_high': 6815743.477387622, 'fire_exp': 2.278498124351562, 'P_half': 1.477540936351116, 'pre_dampen_half': 1.7375838257934573, 'gpp_af': 0.002120456738617561, 'gpp_b': 0.00018292685096641718, 'gpp_d': 1.5221066681841664, 'ign_k': 1.1733868320030252, 'ign_c': 2.3754542005946973, 'trop_agb_crit': 1.4407168475125565, 'trop_k_veg': 1.2934961125492195, 'pop_amp': 0.0509438914206798, 'pop_peak': 4.40349098185053, 'pop_sig': 0.6123553019103685, 'fuel_k': 0.10791055590979287, 'fuel_half': 0.12284190441697976}. Best is trial 1622 with value: -0.6125870653324885.
[I 2026-08-19 17:49:16,981] Trial 1728 finished with value: 0.5490737589170916 and parameters: {'k1': 3.941383367854749e-05, 'D_low': 17710.59291784021, 'k2': 0.0008557030093972394, 'D_high': 3439121.3417297783, 'fire_exp': 1.9570291734422103, 'P_half': 8.29348425536364, 'pre_dampen_half': 6.240967541202674, 'gpp_af': 0.04340880379450472, 'gpp_b': 0.0012170710512005988, 'gpp_d': 38.163936666617715, 'ign_k': 0.06053293759913189, 'ign_c': 16.11847270059211, 'trop_agb_crit': 4.721744288893536, 'trop_k_veg': 2.7138642224933145, 'pop_amp': 0.00914479457933928, 'pop_peak': 8.908534851187857, 'pop_sig': 0.2847253907209544, 'fuel_k': 0.14638783619329093, 'fuel_half': 0.39711399936529085}. Best is trial 1622 with value: -0.6125870653324885.
  trial 1729/2500  best_overall=0.6126  (50.9 min)
[I 2026-08-19 17:49:19,580] Trial 1729 finished with value: 0.46562930791769697 and parameters: {'k1': 0.0004357036465014452, 'D_low': 1164.945144760773, 'k2': 0.08546562881119012, 'D_high': 1695834.4173029233, 'fire_exp': 1.0500634149314234, 'P_half': 12.423024298972587, 'pre_dampen_half': 18.219961246045624, 'gpp_af': 2.2285701288510356, 'gpp_b': 0.010647343203706229, 'gpp_d': 26.662228520140115, 'ign_k': 0.42235847133264787, 'ign_c': 0.41060911183853605, 'trop_agb_crit': 3.8360163206857436, 'trop_k_veg': 1.4360130242428115, 'pop_amp': 0.18107797362945097, 'pop_peak': 2.499167487265516, 'pop_sig': 1.225785734433791, 'fuel_k': 0.08015718848307213, 'fuel_half': 68.23902600879356}. Best is trial 1622 with value: -0.6125870653324885.
[I 2026-08-19 17:49:21,716] Trial 1730 finished with value: 0.43082221353923367 and parameters: {'k1': 2.5311153432653968e-05, 'D_low': 3181.1088162312567, 'k2': 1.3829704334280624e-05, 'D_high': 112098.78089577633, 'fire_exp': 1.3950964515313247, 'P_half': 397.24861678504976, 'pre_dampen_half': 18.873596325035074, 'gpp_af': 0.06387626847686638, 'gpp_b': 0.0064711268899719, 'gpp_d': 69.62329281410989, 'ign_k': 0.1077725975245466, 'ign_c': 4.117001622862502, 'trop_agb_crit': 11.69161600381625, 'trop_k_veg': 2.228699346989338, 'pop_amp': 1.1748505410063288, 'pop_peak': 3.7090223974912924, 'pop_sig': 0.32404003323818015, 'fuel_k': 2.61364137554734, 'fuel_half': 0.10631296830745955}. Best is trial 1622 with value: -0.6125870653324885.
[I 2026-08-19 17:49:23,828] Trial 1731 finished with value: 0.6445374145881376 and parameters: {'k1': 0.004098813310271467, 'D_low': 12.238800771807009, 'k2': 0.018573546894975673, 'D_high': 2790697.556626133, 'fire_exp': 2.915215266102142, 'P_half': 286.9534614269393, 'pre_dampen_half': 24.724063044688194, 'gpp_af': 0.026195545469222006, 'gpp_b': 4.2265057047911774e-05, 'gpp_d': 172.90931804992948, 'ign_k': 6.250637270133901, 'ign_c': 64.35953747831427, 'trop_agb_crit': 3.397539580849334, 'trop_k_veg': 0.6570040790610625, 'pop_amp': 0.019451122361796944, 'pop_peak': 7.1804330420856814, 'pop_sig': 0.8121149541165696, 'fuel_k': 0.11074774785448174, 'fuel_half': 0.4154330006167161}. Best is trial 1622 with value: -0.6125870653324885.
[I 2026-08-19 17:49:25,950] Trial 1732 finished with value: 0.5359462660662958 and parameters: {'k1': 0.026806611598012703, 'D_low': 2.176026424175041, 'k2': 0.0002920832687666491, 'D_high': 4590794.212551793, 'fire_exp': 7.8028533407764495, 'P_half': 93.11294729057964, 'pre_dampen_half': 7.627532162500712, 'gpp_af': 0.6940522811259301, 'gpp_b': 0.0003191004492629303, 'gpp_d': 3.875722304290078, 'ign_k': 0.7012505332833705, 'ign_c': 2.79685824507168, 'trop_agb_crit': 2.563639660535634, 'trop_k_veg': 0.9597276928091911, 'pop_amp': 0.007019850572698923, 'pop_peak': 815.9753017057852, 'pop_sig': 1.2194413076533093, 'fuel_k': 0.8804322676017198, 'fuel_half': 0.5506693749114268}. Best is trial 1622 with value: -0.6125870653324885.
[I 2026-08-19 17:49:28,130] Trial 1733 finished with value: 0.44534681311094526 and parameters: {'k1': 0.0825267706811669, 'D_low': 12.098609921650077, 'k2': 0.00029102675204748077, 'D_high': 984086.7233408828, 'fire_exp': 4.508986732534404, 'P_half': 10.54583202153576, 'pre_dampen_half': 14.078164019762246, 'gpp_af': 0.2311145774412186, 'gpp_b': 8.446571008825278e-05, 'gpp_d': 45.94022345938649, 'ign_k': 0.752557719125685, 'ign_c': 22.872129385329398, 'trop_agb_crit': 8.195486028522554, 'trop_k_veg': 3.727803869039868, 'pop_amp': 0.008256758919755455, 'pop_peak': 4.658322795155153, 'pop_sig': 1.20626423229171, 'fuel_k': 0.29655608759165814, 'fuel_half': 30.09059289535246}. Best is trial 1622 with value: -0.6125870653324885.
[I 2026-08-19 17:49:30,278] Trial 1734 finished with value: 0.4493049462439871 and parameters: {'k1': 0.09100775014143, 'D_low': 4165.495177663248, 'k2': 0.00018132528535050028, 'D_high': 1851059.34146716, 'fire_exp': 1.0961042077123309, 'P_half': 38.698328612623186, 'pre_dampen_half': 1.1528644836733355, 'gpp_af': 0.0016997941121586107, 'gpp_b': 0.0001501918575602522, 'gpp_d': 368.2372994319813, 'ign_k': 0.3560732455630037, 'ign_c': 15.449884403825116, 'trop_agb_crit': 19.155836615579084, 'trop_k_veg': 7.614593259164462, 'pop_amp': 0.028513914137580372, 'pop_peak': 0.09812584934132576, 'pop_sig': 0.259619477977416, 'fuel_k': 0.16748895654090504, 'fuel_half': 0.9263852969702999}. Best is trial 1622 with value: -0.6125870653324885.
[I 2026-08-19 17:49:32,412] Trial 1735 finished with value: 0.5826471410013433 and parameters: {'k1': 0.06326897235373606, 'D_low': 341.99966705202326, 'k2': 0.03309948503510283, 'D_high': 1627134.7166956663, 'fire_exp': 1.2739550069539203, 'P_half': 11.079035402163614, 'pre_dampen_half': 22.057019470422322, 'gpp_af': 0.004287475550221136, 'gpp_b': 2.073074618214857e-05, 'gpp_d': 284.6724782355598, 'ign_k': 0.2502829549696047, 'ign_c': 35.06075054237144, 'trop_agb_crit': 2.6853690292169294, 'trop_k_veg': 6.896940516501626, 'pop_amp': 0.0012969061498573165, 'pop_peak': 1.0671738870392018, 'pop_sig': 0.43777469930477025, 'fuel_k': 0.3266804584989142, 'fuel_half': 1.7545033279711597}. Best is trial 1622 with value: -0.6125870653324885.
[I 2026-08-19 17:49:34,497] Trial 1736 finished with value: 0.4852921568976124 and parameters: {'k1': 0.00041519892686317034, 'D_low': 245.771627051868, 'k2': 0.007295955793611913, 'D_high': 97138.46749425249, 'fire_exp': 4.365787071999273, 'P_half': 593.1366783411514, 'pre_dampen_half': 160.98457988002494, 'gpp_af': 0.006073619631025184, 'gpp_b': 0.0008073325621172858, 'gpp_d': 1.9654586606657618, 'ign_k': 0.2864366881803804, 'ign_c': 0.12391897876247088, 'trop_agb_crit': 7.7329730332640345, 'trop_k_veg': 2.741128732822208, 'pop_amp': 11.390528520285395, 'pop_peak': 1.3053388509847847, 'pop_sig': 0.27134010859125884, 'fuel_k': 0.05685760614799046, 'fuel_half': 0.423538958726918}. Best is trial 1622 with value: -0.6125870653324885.
[I 2026-08-19 17:49:36,623] Trial 1737 finished with value: 0.6445374145881376 and parameters: {'k1': 0.0005711300025341674, 'D_low': 3744.6265917631354, 'k2': 0.010850409280288026, 'D_high': 193888.48637898779, 'fire_exp': 3.605825073430594, 'P_half': 35.71335983034583, 'pre_dampen_half': 217.32715700195737, 'gpp_af': 0.08112161042655511, 'gpp_b': 0.00037544915953992736, 'gpp_d': 33.24774339624936, 'ign_k': 0.9384457013973058, 'ign_c': 54.30153543869235, 'trop_agb_crit': 2.8590809361786422, 'trop_k_veg': 1.0747009527323452, 'pop_amp': 0.015755141424574577, 'pop_peak': 4.801671038920536, 'pop_sig': 1.1603366289958035, 'fuel_k': 0.24311374326850133, 'fuel_half': 0.6184079040026443}. Best is trial 1622 with value: -0.6125870653324885.
[I 2026-08-19 17:49:38,777] Trial 1738 finished with value: 0.6445374145881376 and parameters: {'k1': 0.025649618829174714, 'D_low': 3.413389913073162, 'k2': 0.0002474794798688802, 'D_high': 20650.29991849539, 'fire_exp': 1.1717020962658031, 'P_half': 171.32548582205848, 'pre_dampen_half': 8.24912763693487, 'gpp_af': 0.0193370684434314, 'gpp_b': 0.0007082777773279952, 'gpp_d': 3.225607910020422, 'ign_k': 6.38026401533728, 'ign_c': 74.46539421573888, 'trop_agb_crit': 17.865960622991196, 'trop_k_veg': 4.785562449186857, 'pop_amp': 0.006751998056275254, 'pop_peak': 0.7272584927407649, 'pop_sig': 0.4566088583241579, 'fuel_k': 4.813025286741798, 'fuel_half': 0.7834631060917325}. Best is trial 1622 with value: -0.6125870653324885.
  trial 1739/2500  best_overall=0.6126  (51.2 min)
