[I 2026-08-06 11:18:26,528] Trial 1479 finished with values: [10.208867705443547, 10.208867705443547] and parameters: {'k1': 0.00488137519160367, 'D_low': 38.82837025280678, 'k2': 0.031536006085184705, 'D_high': 2556.7821406588646, 'fire_exp': 1.2611826901294014, 'P_half': 712.8188058401365, 'pre_dampen_half': 38.00678588560607, 'gpp_af': 0.6403036652671171, 'gpp_b': 0.0012213924959062798, 'gpp_d': 2.944272359149677, 'ign_k': 0.21006485619596416, 'ign_c': 23.5601112448067, 'trop_agb_crit': 8.997007571451054, 'trop_k_veg': 5.492385920002873}.
[I 2026-08-06 11:18:27,688] Trial 1480 finished with values: [-0.6058368117781667, 0.07355334961314797] and parameters: {'k1': 0.00488137519160367, 'D_low': 38.82837025280678, 'k2': 0.019894080167856886, 'D_high': 37161.49350774342, 'fire_exp': 1.3170256885255098, 'P_half': 59.3635764114964, 'pre_dampen_half': 63.6685916079943, 'gpp_af': 1.6059727222314273, 'gpp_b': 2.176805640408474e-05, 'gpp_d': 84.31013932082456, 'ign_k': 0.12329098365270515, 'ign_c': 26.8137968607461, 'trop_agb_crit': 6.119263728555865, 'trop_k_veg': 2.4336356947036335}.
[I 2026-08-06 11:18:28,949] Trial 1481 finished with values: [10.139467861236657, 10.139467861236657] and parameters: {'k1': 0.01889771394135163, 'D_low': 7.299348683062307, 'k2': 0.008535052150482593, 'D_high': 1236.6924205139144, 'fire_exp': 1.7329145403564932, 'P_half': 335.1430459015791, 'pre_dampen_half': 63.6685916079943, 'gpp_af': 0.9088366067470557, 'gpp_b': 2.176805640408474e-05, 'gpp_d': 84.31013932082456, 'ign_k': 0.12329098365270515, 'ign_c': 1.9580595319750387, 'trop_agb_crit': 6.119263728555865, 'trop_k_veg': 2.4336356947036335}.
[I 2026-08-06 11:18:30,224] Trial 1482 finished with values: [-0.6342077306776595, 0.04248978180922003] and parameters: {'k1': 0.002155595057104387, 'D_low': 7.299348683062307, 'k2': 0.019894080167856886, 'D_high': 1236.6924205139144, 'fire_exp': 1.3170256885255098, 'P_half': 712.8188058401365, 'pre_dampen_half': 63.6685916079943, 'gpp_af': 1.6059727222314273, 'gpp_b': 2.176805640408474e-05, 'gpp_d': 32.59634197484904, 'ign_k': 0.12329098365270515, 'ign_c': 6.905604395130303, 'trop_agb_crit': 6.119263728555865, 'trop_k_veg': 2.4336356947036335}.
[I 2026-08-06 11:18:31,480] Trial 1483 finished with values: [10.666660659740893, 10.666660659740893] and parameters: {'k1': 0.01889771394135163, 'D_low': 7.299348683062307, 'k2': 0.008535052150482593, 'D_high': 89.0704965649487, 'fire_exp': 1.7329145403564932, 'P_half': 712.8188058401365, 'pre_dampen_half': 63.6685916079943, 'gpp_af': 1.6059727222314273, 'gpp_b': 2.176805640408474e-05, 'gpp_d': 84.31013932082456, 'ign_k': 0.12329098365270515, 'ign_c': 6.905604395130303, 'trop_agb_crit': 6.119263728555865, 'trop_k_veg': 2.4336356947036335}.
[I 2026-08-06 11:18:32,676] Trial 1484 finished with values: [-0.6082444040400372, 0.10377562243555172] and parameters: {'k1': 0.0011206115907967538, 'D_low': 7.299348683062307, 'k2': 0.019894080167856886, 'D_high': 1236.6924205139144, 'fire_exp': 1.7329145403564932, 'P_half': 2.611555208144728, 'pre_dampen_half': 63.6685916079943, 'gpp_af': 0.6403036652671171, 'gpp_b': 2.176805640408474e-05, 'gpp_d': 350.88322284755304, 'ign_k': 0.12329098365270515, 'ign_c': 1.9580595319750387, 'trop_agb_crit': 6.119263728555865, 'trop_k_veg': 2.4336356947036335}.
[I 2026-08-06 11:18:33,871] Trial 1485 finished with values: [-0.6086721329092111, 0.023472446744971065] and parameters: {'k1': 0.01889771394135163, 'D_low': 7.299348683062307, 'k2': 0.019894080167856886, 'D_high': 1236.6924205139144, 'fire_exp': 1.7329145403564932, 'P_half': 712.8188058401365, 'pre_dampen_half': 63.6685916079943, 'gpp_af': 0.6403036652671171, 'gpp_b': 2.176805640408474e-05, 'gpp_d': 82.84476373292449, 'ign_k': 0.12329098365270515, 'ign_c': 5.13055176058983, 'trop_agb_crit': 6.119263728555865, 'trop_k_veg': 2.4336356947036335}.
[I 2026-08-06 11:18:35,065] Trial 1486 finished with values: [-0.6375512046020071, 0.05284927672260775] and parameters: {'k1': 0.002155595057104387, 'D_low': 38.82837025280678, 'k2': 0.019894080167856886, 'D_high': 1236.6924205139144, 'fire_exp': 1.3170256885255098, 'P_half': 712.8188058401365, 'pre_dampen_half': 63.6685916079943, 'gpp_af': 1.9706963379095486, 'gpp_b': 2.176805640408474e-05, 'gpp_d': 19.600139992927435, 'ign_k': 0.12329098365270515, 'ign_c': 1.9580595319750387, 'trop_agb_crit': 10.691477813613638, 'trop_k_veg': 5.580504276549027}.
[I 2026-08-06 11:18:36,305] Trial 1487 finished with values: [-0.6320540059283986, 0.07166833260115046] and parameters: {'k1': 0.00488137519160367, 'D_low': 13.187100566999924, 'k2': 0.019894080167856886, 'D_high': 1236.6924205139144, 'fire_exp': 1.221575427404682, 'P_half': 712.8188058401365, 'pre_dampen_half': 63.6685916079943, 'gpp_af': 0.6403036652671171, 'gpp_b': 2.176805640408474e-05, 'gpp_d': 5.1715677287580455, 'ign_k': 0.034517975056610736, 'ign_c': 1.9580595319750387, 'trop_agb_crit': 8.997007571451054, 'trop_k_veg': 2.4336356947036335}.
[I 2026-08-06 11:18:37,530] Trial 1488 finished with values: [10.558091691388917, 10.558091691388917] and parameters: {'k1': 0.00488137519160367, 'D_low': 7.299348683062307, 'k2': 0.019894080167856886, 'D_high': 1236.6924205139144, 'fire_exp': 1.3170256885255098, 'P_half': 523.1053126909052, 'pre_dampen_half': 63.6685916079943, 'gpp_af': 0.013674069569182738, 'gpp_b': 2.176805640408474e-05, 'gpp_d': 84.31013932082456, 'ign_k': 0.21006485619596416, 'ign_c': 2.4936660834465174, 'trop_agb_crit': 8.997007571451054, 'trop_k_veg': 2.4336356947036335}.
[I 2026-08-06 11:18:39,263] Trial 1489 finished with values: [10.47821788746353, 10.47821788746353] and parameters: {'k1': 0.01889771394135163, 'D_low': 7.299348683062307, 'k2': 0.019894080167856886, 'D_high': 1236.6924205139144, 'fire_exp': 1.3170256885255098, 'P_half': 712.8188058401365, 'pre_dampen_half': 124.72235343584714, 'gpp_af': 1.6059727222314273, 'gpp_b': 2.176805640408474e-05, 'gpp_d': 19.600139992927435, 'ign_k': 0.12329098365270515, 'ign_c': 6.905604395130303, 'trop_agb_crit': 6.119263728555865, 'trop_k_veg': 1.9327677328474036}.
[I 2026-08-06 11:18:40,457] Trial 1490 finished with values: [-0.5971886059474899, 0.04642494330509239] and parameters: {'k1': 0.002136439666839362, 'D_low': 38.82837025280678, 'k2': 0.019894080167856886, 'D_high': 1236.6924205139144, 'fire_exp': 1.2611826901294014, 'P_half': 712.8188058401365, 'pre_dampen_half': 18.24405184504962, 'gpp_af': 1.6059727222314273, 'gpp_b': 2.176805640408474e-05, 'gpp_d': 350.88322284755304, 'ign_k': 6.891386015952696, 'ign_c': 1.9580595319750387, 'trop_agb_crit': 8.997007571451054, 'trop_k_veg': 2.4336356947036335}.
[I 2026-08-06 11:18:41,668] Trial 1491 finished with values: [-0.6199593915891883, 0.05221665731093328] and parameters: {'k1': 0.002155595057104387, 'D_low': 40.52505887227999, 'k2': 0.019894080167856886, 'D_high': 1236.6924205139144, 'fire_exp': 1.221575427404682, 'P_half': 712.8188058401365, 'pre_dampen_half': 38.00678588560607, 'gpp_af': 0.6403036652671171, 'gpp_b': 0.0012213924959062798, 'gpp_d': 19.600139992927435, 'ign_k': 1.507693681578506, 'ign_c': 2.4936660834465174, 'trop_agb_crit': 8.997007571451054, 'trop_k_veg': 6.974666381674929}.
[I 2026-08-06 11:18:42,864] Trial 1492 finished with values: [-0.6074755905983498, 0.02839665409174963] and parameters: {'k1': 0.01889771394135163, 'D_low': 7.299348683062307, 'k2': 0.019894080167856886, 'D_high': 1236.6924205139144, 'fire_exp': 1.7329145403564932, 'P_half': 712.8188058401365, 'pre_dampen_half': 63.6685916079943, 'gpp_af': 1.6059727222314273, 'gpp_b': 2.176805640408474e-05, 'gpp_d': 84.31013932082456, 'ign_k': 0.12329098365270515, 'ign_c': 1.9580595319750387, 'trop_agb_crit': 6.119263728555865, 'trop_k_veg': 2.4336356947036335}.
[I 2026-08-06 11:18:44,055] Trial 1493 finished with values: [10.76917675801098, 10.76917675801098] and parameters: {'k1': 0.01889771394135163, 'D_low': 1.3577269394141454, 'k2': 0.019894080167856886, 'D_high': 1236.6924205139144, 'fire_exp': 1.2611826901294014, 'P_half': 712.8188058401365, 'pre_dampen_half': 84.03977588241656, 'gpp_af': 1.0075238435809328, 'gpp_b': 0.0012213924959062798, 'gpp_d': 84.31013932082456, 'ign_k': 0.12329098365270515, 'ign_c': 94.2704683453396, 'trop_agb_crit': 6.119263728555865, 'trop_k_veg': 4.375785248100498}.
[I 2026-08-06 11:18:45,239] Trial 1494 finished with values: [-0.6037832341128823, 0.019691185234587794] and parameters: {'k1': 0.05778755734457457, 'D_low': 7.299348683062307, 'k2': 0.019894080167856886, 'D_high': 1236.6924205139144, 'fire_exp': 1.7329145403564932, 'P_half': 712.8188058401365, 'pre_dampen_half': 63.6685916079943, 'gpp_af': 1.6059727222314273, 'gpp_b': 0.010904263985901904, 'gpp_d': 84.31013932082456, 'ign_k': 0.12329098365270515, 'ign_c': 6.905604395130303, 'trop_agb_crit': 6.119263728555865, 'trop_k_veg': 2.4336356947036335}.
[I 2026-08-06 11:18:46,481] Trial 1495 finished with values: [10.492895510087267, 10.492895510087267] and parameters: {'k1': 0.002155595057104387, 'D_low': 7.299348683062307, 'k2': 0.0034388729064691384, 'D_high': 1236.6924205139144, 'fire_exp': 1.2611826901294014, 'P_half': 712.8188058401365, 'pre_dampen_half': 63.6685916079943, 'gpp_af': 0.0022628776898795757, 'gpp_b': 0.00796661592919428, 'gpp_d': 82.84476373292449, 'ign_k': 0.12329098365270515, 'ign_c': 5.13055176058983, 'trop_agb_crit': 6.119263728555865, 'trop_k_veg': 0.6673124511410327}.
[I 2026-08-06 11:18:47,787] Trial 1496 finished with values: [10.663998767805303, 10.663998767805303] and parameters: {'k1': 0.00488137519160367, 'D_low': 7.299348683062307, 'k2': 0.019894080167856886, 'D_high': 104.12771143213732, 'fire_exp': 1.7329145403564932, 'P_half': 712.8188058401365, 'pre_dampen_half': 63.6685916079943, 'gpp_af': 1.6059727222314273, 'gpp_b': 0.0012213924959062798, 'gpp_d': 84.31013932082456, 'ign_k': 0.12329098365270515, 'ign_c': 1.1994950112756755, 'trop_agb_crit': 6.119263728555865, 'trop_k_veg': 2.4336356947036335}.
[I 2026-08-06 11:18:49,016] Trial 1497 finished with values: [10.055880651526747, 10.055880651526747] and parameters: {'k1': 0.008912611835817005, 'D_low': 38.82837025280678, 'k2': 0.019894080167856886, 'D_high': 1236.6924205139144, 'fire_exp': 1.221575427404682, 'P_half': 523.1053126909052, 'pre_dampen_half': 38.00678588560607, 'gpp_af': 0.6403036652671171, 'gpp_b': 0.0012213924959062798, 'gpp_d': 2.944272359149677, 'ign_k': 0.21006485619596416, 'ign_c': 1.1994950112756755, 'trop_agb_crit': 8.997007571451054, 'trop_k_veg': 7.936472946233041}.
[I 2026-08-06 11:18:50,427] Trial 1498 finished with values: [10.015197766361702, 10.015197766361702] and parameters: {'k1': 0.01889771394135163, 'D_low': 7.299348683062307, 'k2': 0.019894080167856886, 'D_high': 1236.6924205139144, 'fire_exp': 1.7329145403564932, 'P_half': 712.8188058401365, 'pre_dampen_half': 38.00678588560607, 'gpp_af': 0.6403036652671171, 'gpp_b': 2.176805640408474e-05, 'gpp_d': 350.88322284755304, 'ign_k': 0.12329098365270515, 'ign_c': 6.905604395130303, 'trop_agb_crit': 6.119263728555865, 'trop_k_veg': 2.4336356947036335}.
[I 2026-08-06 11:18:51,684] Trial 1499 finished with values: [-0.6122301781816684, 0.0275888682521791] and parameters: {'k1': 0.01889771394135163, 'D_low': 7.299348683062307, 'k2': 0.008535052150482593, 'D_high': 1236.6924205139144, 'fire_exp': 1.7329145403564932, 'P_half': 712.8188058401365, 'pre_dampen_half': 63.6685916079943, 'gpp_af': 1.6059727222314273, 'gpp_b': 2.176805640408474e-05, 'gpp_d': 84.31013932082456, 'ign_k': 0.12329098365270515, 'ign_c': 6.905604395130303, 'trop_agb_crit': 8.997007571451054, 'trop_k_veg': 2.4336356947036335}.
[setup] CRUJRA climate from data/crujra/, GPP from global_baseline_modelC_inputs_1997-2016.nc ...
[setup] loading GFED5 reference from burntArea.nc ...
[setup] land cells (GFED5 burnable): 13916 / 64800 (21.5%)
[setup] GFED5 land-mean monthly frac: 0.005068
[opt] REGION=S.America: fitting 1662 land cells only
[opt] warm-start from params.nsga2.json
[warm] Overall=0.3827  bias=0.4061 rmse=0.2326 seas=0.7156 spatial=0.3266
[opt] sampler=NSGAIISampler seed=42
[opt] running 1500 trials against GFED5 ...
  trial    9/1500  pareto_size=1  best_ilamb=0.4481  (0.3 min)
  trial   19/1500  pareto_size=1  best_ilamb=0.4481  (0.7 min)
  trial   29/1500  pareto_size=1  best_ilamb=0.4373  (1.0 min)
  trial   46/1500  pareto_size=1  best_ilamb=0.4373  (1.4 min)
  trial   62/1500  pareto_size=1  best_ilamb=0.5398  (1.7 min)
  trial   78/1500  pareto_size=1  best_ilamb=0.5335  (2.1 min)
  trial   94/1500  pareto_size=1  best_ilamb=0.5335  (2.4 min)
  trial  110/1500  pareto_size=1  best_ilamb=0.5335  (2.8 min)
  trial  125/1500  pareto_size=1  best_ilamb=0.5335  (3.1 min)
  trial  139/1500  pareto_size=1  best_ilamb=0.5372  (3.5 min)
  trial  154/1500  pareto_size=1  best_ilamb=0.5370  (3.8 min)
  trial  169/1500  pareto_size=1  best_ilamb=0.5396  (4.2 min)
  trial  185/1500  pareto_size=1  best_ilamb=0.5901  (4.5 min)
  trial  201/1500  pareto_size=1  best_ilamb=0.5901  (4.9 min)
  trial  217/1500  pareto_size=2  best_ilamb=0.5901  (5.2 min)
  trial  233/1500  pareto_size=2  best_ilamb=0.5901  (5.6 min)
  trial  249/1500  pareto_size=2  best_ilamb=0.5901  (5.9 min)
  trial  265/1500  pareto_size=2  best_ilamb=0.5901  (6.3 min)
  trial  281/1500  pareto_size=3  best_ilamb=0.5901  (6.6 min)
  trial  297/1500  pareto_size=4  best_ilamb=0.5901  (6.9 min)
  trial  313/1500  pareto_size=4  best_ilamb=0.5901  (7.3 min)
  trial  329/1500  pareto_size=6  best_ilamb=0.5901  (7.6 min)
  trial  346/1500  pareto_size=3  best_ilamb=0.6102  (8.0 min)
  trial  363/1500  pareto_size=3  best_ilamb=0.6102  (8.3 min)
  trial  380/1500  pareto_size=3  best_ilamb=0.6102  (8.6 min)
  trial  397/1500  pareto_size=3  best_ilamb=0.6102  (9.0 min)
  trial  413/1500  pareto_size=4  best_ilamb=0.6102  (9.3 min)
  trial  429/1500  pareto_size=4  best_ilamb=0.6102  (9.7 min)
  trial  445/1500  pareto_size=5  best_ilamb=0.6102  (10.1 min)
  trial  462/1500  pareto_size=5  best_ilamb=0.6102  (10.4 min)
  trial  480/1500  pareto_size=5  best_ilamb=0.6102  (10.8 min)
  trial  499/1500  pareto_size=5  best_ilamb=0.6102  (11.1 min)
  trial  518/1500  pareto_size=5  best_ilamb=0.6102  (11.4 min)
  trial  537/1500  pareto_size=5  best_ilamb=0.6102  (11.8 min)
  trial  556/1500  pareto_size=5  best_ilamb=0.6102  (12.1 min)
  trial  575/1500  pareto_size=5  best_ilamb=0.6102  (12.5 min)
  trial  594/1500  pareto_size=5  best_ilamb=0.6102  (12.8 min)
  trial  613/1500  pareto_size=6  best_ilamb=0.6102  (13.2 min)
  trial  632/1500  pareto_size=6  best_ilamb=0.6102  (13.5 min)
  trial  651/1500  pareto_size=8  best_ilamb=0.6102  (13.9 min)
  trial  664/1500  pareto_size=9  best_ilamb=0.6102  (14.2 min)
  trial  673/1500  pareto_size=8  best_ilamb=0.6102  (14.6 min)
  trial  682/1500  pareto_size=4  best_ilamb=0.6134  (15.0 min)
  trial  692/1500  pareto_size=5  best_ilamb=0.6226  (15.3 min)
  trial  701/1500  pareto_size=5  best_ilamb=0.6226  (15.7 min)
  trial  711/1500  pareto_size=6  best_ilamb=0.6226  (16.0 min)
  trial  721/1500  pareto_size=6  best_ilamb=0.6226  (16.4 min)
  trial  738/1500  pareto_size=5  best_ilamb=0.6226  (16.7 min)
  trial  756/1500  pareto_size=5  best_ilamb=0.6226  (17.1 min)
  trial  773/1500  pareto_size=5  best_ilamb=0.6226  (17.4 min)
  trial  790/1500  pareto_size=5  best_ilamb=0.6226  (17.8 min)
  trial  804/1500  pareto_size=5  best_ilamb=0.6226  (18.1 min)
  trial  815/1500  pareto_size=5  best_ilamb=0.6226  (18.5 min)
  trial  826/1500  pareto_size=5  best_ilamb=0.6226  (18.9 min)
  trial  836/1500  pareto_size=5  best_ilamb=0.6226  (19.2 min)
  trial  846/1500  pareto_size=5  best_ilamb=0.6226  (19.6 min)
  trial  856/1500  pareto_size=6  best_ilamb=0.6226  (20.0 min)
  trial  866/1500  pareto_size=6  best_ilamb=0.6226  (20.3 min)
  trial  876/1500  pareto_size=6  best_ilamb=0.6226  (20.6 min)
  trial  886/1500  pareto_size=6  best_ilamb=0.6226  (21.0 min)
  trial  896/1500  pareto_size=6  best_ilamb=0.6226  (21.4 min)
  trial  907/1500  pareto_size=6  best_ilamb=0.6226  (21.7 min)
  trial  917/1500  pareto_size=6  best_ilamb=0.6226  (22.1 min)
  trial  928/1500  pareto_size=6  best_ilamb=0.6226  (22.4 min)
  trial  938/1500  pareto_size=5  best_ilamb=0.6226  (22.8 min)
  trial  949/1500  pareto_size=5  best_ilamb=0.6226  (23.2 min)
  trial  959/1500  pareto_size=5  best_ilamb=0.6226  (23.5 min)
  trial  970/1500  pareto_size=5  best_ilamb=0.6226  (23.9 min)
  trial  981/1500  pareto_size=5  best_ilamb=0.6226  (24.2 min)
  trial  992/1500  pareto_size=5  best_ilamb=0.6226  (24.6 min)
  trial 1003/1500  pareto_size=5  best_ilamb=0.6226  (25.0 min)
  trial 1014/1500  pareto_size=5  best_ilamb=0.6226  (25.3 min)
  trial 1025/1500  pareto_size=5  best_ilamb=0.6226  (25.7 min)
  trial 1036/1500  pareto_size=5  best_ilamb=0.6226  (26.1 min)
  trial 1046/1500  pareto_size=5  best_ilamb=0.6226  (26.4 min)
  trial 1057/1500  pareto_size=5  best_ilamb=0.6226  (26.8 min)
  trial 1068/1500  pareto_size=5  best_ilamb=0.6226  (27.2 min)
  trial 1079/1500  pareto_size=7  best_ilamb=0.6226  (27.5 min)
  trial 1089/1500  pareto_size=7  best_ilamb=0.6226  (27.9 min)
  trial 1099/1500  pareto_size=8  best_ilamb=0.6260  (28.2 min)
  trial 1109/1500  pareto_size=8  best_ilamb=0.6260  (28.6 min)
  trial 1119/1500  pareto_size=7  best_ilamb=0.6267  (28.9 min)
  trial 1129/1500  pareto_size=7  best_ilamb=0.6267  (29.3 min)
  trial 1139/1500  pareto_size=6  best_ilamb=0.6306  (29.6 min)
  trial 1149/1500  pareto_size=6  best_ilamb=0.6306  (30.0 min)
  trial 1160/1500  pareto_size=6  best_ilamb=0.6306  (30.3 min)
  trial 1173/1500  pareto_size=6  best_ilamb=0.6306  (30.7 min)
  trial 1190/1500  pareto_size=6  best_ilamb=0.6306  (31.0 min)
  trial 1208/1500  pareto_size=6  best_ilamb=0.6306  (31.4 min)
  trial 1225/1500  pareto_size=6  best_ilamb=0.6306  (31.7 min)
  trial 1242/1500  pareto_size=6  best_ilamb=0.6306  (32.1 min)
  trial 1258/1500  pareto_size=6  best_ilamb=0.6306  (32.4 min)
  trial 1274/1500  pareto_size=6  best_ilamb=0.6306  (32.8 min)
  trial 1290/1500  pareto_size=7  best_ilamb=0.6306  (33.1 min)
  trial 1306/1500  pareto_size=7  best_ilamb=0.6306  (33.5 min)
  trial 1322/1500  pareto_size=7  best_ilamb=0.6306  (33.9 min)
  trial 1338/1500  pareto_size=7  best_ilamb=0.6306  (34.2 min)
  trial 1354/1500  pareto_size=8  best_ilamb=0.6306  (34.6 min)
  trial 1371/1500  pareto_size=8  best_ilamb=0.6306  (34.9 min)
  trial 1388/1500  pareto_size=10  best_ilamb=0.6306  (35.3 min)
  trial 1405/1500  pareto_size=11  best_ilamb=0.6306  (35.6 min)
  trial 1421/1500  pareto_size=12  best_ilamb=0.6306  (36.0 min)
  trial 1438/1500  pareto_size=13  best_ilamb=0.6306  (36.3 min)
  trial 1455/1500  pareto_size=14  best_ilamb=0.6306  (36.7 min)
  trial 1472/1500  pareto_size=14  best_ilamb=0.6306  (37.0 min)
  trial 1489/1500  pareto_size=15  best_ilamb=0.6376  (37.4 min)

[done] 1500 trials in 37.6 min
[pareto] 17 non-dominated trials, 17 with fp_score >= 0.8
[chosen] trial 1486: ILAMB=0.6376  fp_score=0.9472  ratio=1.17
[best] Bias=0.7176  RMSE=0.3874  Seas=0.8864  Spatial=0.8090  Overall=0.6376
[diag] raw rate land-mean (yr^-1): 0.03535  (target ~ 0.06082)
[write] D:\FIRE_OFFLINE\models\C\params.Gtrop_SAmerica.json
[write] D:\FIRE_OFFLINE\ilamb\MODELS\ED-ModelC-final\burntArea.Gtrop_SAmerica.nc  (13.5 MB)

[FIX2] dumping top-5 Pareto candidates -> D:\FIRE_OFFLINE\ilamb\MODELS_TOPK_Gtrop_SAmerica
  k1: trial 1486  internal_overall=0.6376  taylor=0.0000  sigma=0.000  fp=0.947  ratio=1.17  amp=1.00
  k2: trial 1482  internal_overall=0.6342  taylor=0.0000  sigma=0.000  fp=0.958  ratio=1.04  amp=1.00
  k3: trial 1155  internal_overall=0.6247  taylor=0.0000  sigma=0.000  fp=0.965  ratio=0.79  amp=1.00
  k4: trial 1375  internal_overall=0.6192  taylor=0.0000  sigma=0.000  fp=0.971  ratio=0.91  amp=1.00
  k5: trial 1157  internal_overall=0.6179  taylor=0.0000  sigma=0.000  fp=0.971  ratio=1.04  amp=1.00
[FIX2] manifest -> D:\FIRE_OFFLINE\models\C\topk.Gtrop_SAmerica.json
[FIX2] re-score all candidates with official ILAMB (CLAUDE.md recipe; clean ._* first), e.g. --model_root "$PWD/ilamb/MODELS_TOPK_Gtrop_SAmerica"
[FIX2] promote the candidate with the best OFFICIAL Overall, NOT the internal one.
=== done S.America  11:19:14 ===
=== SEAsia  (tag=Gtrop_SEAsia, N_TRIALS=1500)  11:19:14 ===
[I 2026-08-06 11:19:28,973] A new study created in memory with name: no-name-363ecbe7-7b79-406f-942d-e8ccc44ee06e
[I 2026-08-06 11:19:30,564] Trial 0 finished with values: [10.638187644704376, 10.638187644704376] and parameters: {'k1': 0.03635503353478365, 'D_low': 70.18267183720735, 'k2': 0.012758211164590085, 'D_high': 2940.51756322311, 'fire_exp': 1.165368636520435, 'P_half': 12.808863354047988, 'pre_dampen_half': 107.40052367919465, 'gpp_af': 0.1476584299248268, 'gpp_b': 0.0005752434266899163, 'gpp_d': 660.9129108295722, 'ign_k': 8.708806168038567, 'ign_c': 20.03995359361212, 'trop_agb_crit': 3.5747129226002423, 'trop_k_veg': 6.9782110227926815}.
[I 2026-08-06 11:19:31,992] Trial 1 finished with values: [10.660089338571975, 10.660089338571975] and parameters: {'k1': 0.008471801418819975, 'D_low': 248.10409748678117, 'k2': 4.207988669606632e-05, 'D_high': 42.070539502879384, 'fire_exp': 1.1430983876313219, 'P_half': 2915.443189153754, 'pre_dampen_half': 10.129197956845726, 'gpp_af': 3.4702669886504163, 'gpp_b': 1.3289448722869181e-05, 'gpp_d': 707.2114131472224, 'ign_k': 2.1368329072358767, 'ign_c': 0.70689749506246, 'trop_agb_crit': 1.8559980846490576, 'trop_k_veg': 0.83140195149031}.
