[I 2026-06-10 20:06:32,689] Trial 673 finished with values: [10.360803898658032, 10.360803898658032] and parameters: {'k1': 0.00023134781612225627, 'D_low': 1.7551403048208316, 'k2': 0.019383858782150494, 'D_high': 32311.521854410956, 'fire_exp': 1.5191397119156032, 'P_half': 1.4551749476072258, 'pre_dampen_half': 9.044346216330972, 'gpp_af': 0.8571213555597653, 'gpp_b': 0.00031478066835753096, 'gpp_d': 0.4742269251269962, 'ign_k': 0.002357279455676982, 'ign_c': 7.081721844034206, 'trop_agb_crit': 12.708819454040446, 'trop_k_veg': 2.724170387400844, 'fire_amp': 1.5719333351012774}.
[I 2026-06-10 20:06:34,112] Trial 674 finished with values: [10.895747859019135, 10.895747859019135] and parameters: {'k1': 0.03648456083047798, 'D_low': 236.79352040223893, 'k2': 0.019383858782150494, 'D_high': 20103.283734409175, 'fire_exp': 1.1633452995374232, 'P_half': 5.4712187293420325, 'pre_dampen_half': 4.847666216751353, 'gpp_af': 0.9219336658511308, 'gpp_b': 1.4008921101492135e-05, 'gpp_d': 1.4397852866783676, 'ign_k': 0.0032383308053152635, 'ign_c': 1.364908766641693, 'trop_agb_crit': 1.8023542850487386, 'trop_k_veg': 5.453348988480011, 'fire_amp': 2.7806853670293616}.
[I 2026-06-10 20:06:35,551] Trial 675 finished with values: [10.65730102280632, 10.65730102280632] and parameters: {'k1': 0.0869690639641868, 'D_low': 148.21691630007544, 'k2': 0.0002442377596403892, 'D_high': 31301.15118850836, 'fire_exp': 1.7505406131449859, 'P_half': 51.10120656497163, 'pre_dampen_half': 9.044346216330972, 'gpp_af': 0.007531064950403672, 'gpp_b': 0.004411400434514031, 'gpp_d': 0.4742269251269962, 'ign_k': 0.002357279455676982, 'ign_c': 22.126836566118193, 'trop_agb_crit': 21.086120736447015, 'trop_k_veg': 5.453348988480011, 'fire_amp': 5.44779717154213}.
[I 2026-06-10 20:06:37,123] Trial 676 finished with values: [10.590300358383814, 10.590300358383814] and parameters: {'k1': 5.7909642338812115e-05, 'D_low': 236.79352040223893, 'k2': 4.69955602109909e-05, 'D_high': 20103.283734409175, 'fire_exp': 1.1633452995374232, 'P_half': 5.4712187293420325, 'pre_dampen_half': 4.847666216751353, 'gpp_af': 0.9219336658511308, 'gpp_b': 0.001674375583895437, 'gpp_d': 0.47379914349407487, 'ign_k': 0.8861249804463233, 'ign_c': 7.081721844034206, 'trop_agb_crit': 1.8023542850487386, 'trop_k_veg': 0.7808079158649266, 'fire_amp': 2.7806853670293616}.
[I 2026-06-10 20:06:39,170] Trial 677 finished with values: [10.833260887188876, 10.833260887188876] and parameters: {'k1': 0.0869690639641868, 'D_low': 148.21691630007544, 'k2': 0.002090955698118952, 'D_high': 1817.0401889219124, 'fire_exp': 7.2911675360216615, 'P_half': 157.80309954142965, 'pre_dampen_half': 9.044346216330972, 'gpp_af': 0.10098504976210308, 'gpp_b': 2.1309331861011757e-05, 'gpp_d': 0.4742269251269962, 'ign_k': 0.002357279455676982, 'ign_c': 2.226297338331262, 'trop_agb_crit': 2.090022519022788, 'trop_k_veg': 0.828441460847982, 'fire_amp': 5.44779717154213}.
[I 2026-06-10 20:06:40,732] Trial 678 finished with values: [10.197370704394126, 10.197370704394126] and parameters: {'k1': 0.0869690639641868, 'D_low': 2.414672422128219, 'k2': 1.2432381951316053e-05, 'D_high': 1817.0401889219124, 'fire_exp': 1.2918065501148304, 'P_half': 5.4712187293420325, 'pre_dampen_half': 9.044346216330972, 'gpp_af': 0.07118041471054574, 'gpp_b': 1.4008921101492135e-05, 'gpp_d': 0.4742269251269962, 'ign_k': 0.0032383308053152635, 'ign_c': 22.126836566118193, 'trop_agb_crit': 1.8023542850487386, 'trop_k_veg': 2.724170387400844, 'fire_amp': 2.7806853670293616}.
[I 2026-06-10 20:06:43,192] Trial 679 finished with values: [10.269626037117778, 10.269626037117778] and parameters: {'k1': 5.178197947282869e-05, 'D_low': 408.3047491580097, 'k2': 0.005082220961627801, 'D_high': 8912.611835817017, 'fire_exp': 1.4690410989404576, 'P_half': 369.7311160925241, 'pre_dampen_half': 903.3231300044874, 'gpp_af': 0.005061568304359487, 'gpp_b': 0.004411400434514031, 'gpp_d': 0.1197776427957647, 'ign_k': 0.4320578308497379, 'ign_c': 14.709699119495124, 'trop_agb_crit': 2.1989086830950257, 'trop_k_veg': 5.453348988480011, 'fire_amp': 3.1045399027418377}.
[I 2026-06-10 20:06:44,872] Trial 680 finished with values: [10.615457234551194, 10.615457234551194] and parameters: {'k1': 0.0869690639641868, 'D_low': 236.79352040223893, 'k2': 0.0007731571570012607, 'D_high': 1817.0401889219124, 'fire_exp': 1.1633452995374232, 'P_half': 5.4712187293420325, 'pre_dampen_half': 4.847666216751353, 'gpp_af': 0.9219336658511308, 'gpp_b': 2.1309331861011757e-05, 'gpp_d': 0.4742269251269962, 'ign_k': 0.0032383308053152635, 'ign_c': 22.126836566118193, 'trop_agb_crit': 1.8023542850487386, 'trop_k_veg': 2.6914360459288678, 'fire_amp': 5.44779717154213}.
[I 2026-06-10 20:06:46,618] Trial 681 finished with values: [10.797231966602979, 10.797231966602979] and parameters: {'k1': 0.0869690639641868, 'D_low': 153.74098204111448, 'k2': 0.0001870742013766025, 'D_high': 1817.0401889219124, 'fire_exp': 1.111738490499784, 'P_half': 1.4551749476072258, 'pre_dampen_half': 0.14445596525544369, 'gpp_af': 0.10098504976210308, 'gpp_b': 2.1309331861011757e-05, 'gpp_d': 0.4742269251269962, 'ign_k': 0.037151317999473285, 'ign_c': 22.126836566118193, 'trop_agb_crit': 5.588032458772675, 'trop_k_veg': 2.724170387400844, 'fire_amp': 5.44779717154213}.
[I 2026-06-10 20:06:48,024] Trial 682 finished with values: [10.045373280144807, 10.045373280144807] and parameters: {'k1': 9.132348475718357e-05, 'D_low': 83.56564873457052, 'k2': 0.019383858782150494, 'D_high': 6682.9607218310075, 'fire_exp': 1.2060040899560858, 'P_half': 3.591771421517613, 'pre_dampen_half': 4.847666216751353, 'gpp_af': 0.0900595929114129, 'gpp_b': 2.1309331861011757e-05, 'gpp_d': 1.4397852866783676, 'ign_k': 0.0032383308053152635, 'ign_c': 0.10435856341129002, 'trop_agb_crit': 12.9667438075127, 'trop_k_veg': 2.99731137426955, 'fire_amp': 2.6192385880432525}.
[I 2026-06-10 20:06:49,464] Trial 683 finished with values: [10.615803230957004, 10.615803230957004] and parameters: {'k1': 0.00026539376439360527, 'D_low': 1.7551403048208316, 'k2': 0.0001280886335404798, 'D_high': 32311.521854410956, 'fire_exp': 1.14171776851287, 'P_half': 157.80309954142965, 'pre_dampen_half': 121.93011993958949, 'gpp_af': 3.298293484806585, 'gpp_b': 0.0012749409641020352, 'gpp_d': 0.03848886303127135, 'ign_k': 0.002357279455676982, 'ign_c': 7.081721844034206, 'trop_agb_crit': 1.8023542850487386, 'trop_k_veg': 0.5535297685306277, 'fire_amp': 2.901299101737137}.
[I 2026-06-10 20:06:50,988] Trial 684 finished with values: [10.013141301863126, 10.013141301863126] and parameters: {'k1': 0.030699709531122967, 'D_low': 408.3047491580097, 'k2': 7.531057256501231e-05, 'D_high': 970.6606756877612, 'fire_exp': 1.4690410989404576, 'P_half': 157.80309954142965, 'pre_dampen_half': 903.3231300044874, 'gpp_af': 2.5017068255320485, 'gpp_b': 0.004411400434514031, 'gpp_d': 0.1197776427957647, 'ign_k': 0.004105873950290761, 'ign_c': 14.709699119495124, 'trop_agb_crit': 2.100813292597435, 'trop_k_veg': 5.453348988480011, 'fire_amp': 5.44779717154213}.
[I 2026-06-10 20:06:52,838] Trial 685 finished with values: [10.08034572789821, 10.08034572789821] and parameters: {'k1': 9.132348475718357e-05, 'D_low': 236.79352040223893, 'k2': 0.019383858782150494, 'D_high': 6682.9607218310075, 'fire_exp': 1.2060040899560858, 'P_half': 84.3508388778244, 'pre_dampen_half': 4.847666216751353, 'gpp_af': 20.12115544906385, 'gpp_b': 0.001674375583895437, 'gpp_d': 20.81401325574021, 'ign_k': 0.0032383308053152635, 'ign_c': 1.364908766641693, 'trop_agb_crit': 28.779217872092953, 'trop_k_veg': 2.99731137426955, 'fire_amp': 2.042193818779288}.
[I 2026-06-10 20:06:54,519] Trial 686 finished with values: [10.515426995691644, 10.515426995691644] and parameters: {'k1': 5.7909642338812115e-05, 'D_low': 2.843767489444367, 'k2': 0.0007731571570012607, 'D_high': 35.136541394511, 'fire_exp': 1.111738490499784, 'P_half': 84.3508388778244, 'pre_dampen_half': 4.847666216751353, 'gpp_af': 0.9219336658511308, 'gpp_b': 0.001674375583895437, 'gpp_d': 0.47379914349407487, 'ign_k': 0.002357279455676982, 'ign_c': 7.081721844034206, 'trop_agb_crit': 1.8023542850487386, 'trop_k_veg': 5.453348988480011, 'fire_amp': 2.7806853670293616}.
[I 2026-06-10 20:06:56,092] Trial 687 finished with values: [10.521840852177242, 10.521840852177242] and parameters: {'k1': 9.132348475718357e-05, 'D_low': 2.843767489444367, 'k2': 0.019383858782150494, 'D_high': 1817.0401889219124, 'fire_exp': 1.2060040899560858, 'P_half': 84.3508388778244, 'pre_dampen_half': 4.847666216751353, 'gpp_af': 0.10098504976210308, 'gpp_b': 5.0875243087016374e-05, 'gpp_d': 29.9035514860849, 'ign_k': 0.004105873950290761, 'ign_c': 342.8810943862522, 'trop_agb_crit': 1.8023542850487386, 'trop_k_veg': 0.6618107836658104, 'fire_amp': 3.1045399027418377}.
[I 2026-06-10 20:06:57,823] Trial 688 finished with values: [10.515890166165324, 10.515890166165324] and parameters: {'k1': 9.132348475718357e-05, 'D_low': 236.79352040223893, 'k2': 0.0002442377596403892, 'D_high': 1266.9536563782303, 'fire_exp': 1.4690410989404576, 'P_half': 1.4551749476072258, 'pre_dampen_half': 9.044346216330972, 'gpp_af': 0.060029341913968644, 'gpp_b': 0.00031478066835753096, 'gpp_d': 0.4742269251269962, 'ign_k': 0.0032383308053152635, 'ign_c': 4.142619760188259, 'trop_agb_crit': 1.850652607502099, 'trop_k_veg': 5.453348988480011, 'fire_amp': 3.1045399027418377}.
[I 2026-06-10 20:07:00,206] Trial 689 finished with values: [13.238829378157373, 13.238829378157373] and parameters: {'k1': 9.132348475718357e-05, 'D_low': 408.3047491580097, 'k2': 0.0001016707987819611, 'D_high': 8912.611835817017, 'fire_exp': 1.1633452995374232, 'P_half': 7.914423612155368, 'pre_dampen_half': 903.3231300044874, 'gpp_af': 0.005061568304359487, 'gpp_b': 0.001674375583895437, 'gpp_d': 0.1197776427957647, 'ign_k': 0.4320578308497379, 'ign_c': 1.9423015749984096, 'trop_agb_crit': 12.9667438075127, 'trop_k_veg': 5.453348988480011, 'fire_amp': 3.1045399027418377}.
[I 2026-06-10 20:07:01,791] Trial 690 finished with values: [10.34278537302545, 10.34278537302545] and parameters: {'k1': 5.7909642338812115e-05, 'D_low': 51.61767747867285, 'k2': 0.0007731571570012607, 'D_high': 6682.9607218310075, 'fire_exp': 1.1633452995374232, 'P_half': 3.591771421517613, 'pre_dampen_half': 4.847666216751353, 'gpp_af': 0.9219336658511308, 'gpp_b': 0.001674375583895437, 'gpp_d': 304.7488318185732, 'ign_k': 0.0032383308053152635, 'ign_c': 1.364908766641693, 'trop_agb_crit': 3.108985631683375, 'trop_k_veg': 5.453348988480011, 'fire_amp': 3.617425524369146}.
[I 2026-06-10 20:07:03,123] Trial 691 finished with values: [11.26419754817295, 11.26419754817295] and parameters: {'k1': 5.178197947282869e-05, 'D_low': 2267.735223551285, 'k2': 0.005082220961627801, 'D_high': 6682.9607218310075, 'fire_exp': 1.4690410989404576, 'P_half': 3.591771421517613, 'pre_dampen_half': 903.3231300044874, 'gpp_af': 0.9219336658511308, 'gpp_b': 0.001674375583895437, 'gpp_d': 0.1197776427957647, 'ign_k': 0.4320578308497379, 'ign_c': 1.364908766641693, 'trop_agb_crit': 2.1989086830950257, 'trop_k_veg': 5.453348988480011, 'fire_amp': 3.1045399027418377}.
[I 2026-06-10 20:07:04,553] Trial 692 finished with values: [-0.5774401770576434, 0.060633380896344624] and parameters: {'k1': 0.03648456083047798, 'D_low': 236.79352040223893, 'k2': 0.019383858782150494, 'D_high': 1266.9536563782303, 'fire_exp': 1.5191397119156032, 'P_half': 1.4551749476072258, 'pre_dampen_half': 9.044346216330972, 'gpp_af': 0.060029341913968644, 'gpp_b': 1.4008921101492135e-05, 'gpp_d': 0.03927259340973166, 'ign_k': 0.0032383308053152635, 'ign_c': 7.081721844034206, 'trop_agb_crit': 1.850652607502099, 'trop_k_veg': 1.6648666152166967, 'fire_amp': 3.457960730172751}.
[I 2026-06-10 20:07:05,910] Trial 693 finished with values: [10.082734267470203, 10.082734267470203] and parameters: {'k1': 5.7909642338812115e-05, 'D_low': 2267.735223551285, 'k2': 0.0007731571570012607, 'D_high': 1817.0401889219124, 'fire_exp': 1.1633452995374232, 'P_half': 1.4551749476072258, 'pre_dampen_half': 8.259599205585761, 'gpp_af': 90.42322003557416, 'gpp_b': 0.001674375583895437, 'gpp_d': 304.7488318185732, 'ign_k': 0.037151317999473285, 'ign_c': 0.32627001117104587, 'trop_agb_crit': 1.8023542850487386, 'trop_k_veg': 2.724170387400844, 'fire_amp': 2.7806853670293616}.
[I 2026-06-10 20:07:07,277] Trial 694 finished with values: [10.80922301593367, 10.80922301593367] and parameters: {'k1': 0.03648456083047798, 'D_low': 408.3047491580097, 'k2': 2.6087868551829077e-05, 'D_high': 8912.611835817017, 'fire_exp': 1.4690410989404576, 'P_half': 1.4551749476072258, 'pre_dampen_half': 8.259599205585761, 'gpp_af': 0.005061568304359487, 'gpp_b': 0.004411400434514031, 'gpp_d': 0.1197776427957647, 'ign_k': 0.4320578308497379, 'ign_c': 14.709699119495124, 'trop_agb_crit': 2.1989086830950257, 'trop_k_veg': 5.453348988480011, 'fire_amp': 2.7806853670293616}.
[I 2026-06-10 20:07:08,823] Trial 695 finished with values: [10.64549436441755, 10.64549436441755] and parameters: {'k1': 5.7909642338812115e-05, 'D_low': 2.843767489444367, 'k2': 0.019383858782150494, 'D_high': 48235.58283024493, 'fire_exp': 1.1633452995374232, 'P_half': 84.3508388778244, 'pre_dampen_half': 121.93011993958949, 'gpp_af': 0.10098504976210308, 'gpp_b': 2.1309331861011757e-05, 'gpp_d': 0.4742269251269962, 'ign_k': 0.7895056976009632, 'ign_c': 22.126836566118193, 'trop_agb_crit': 3.108985631683375, 'trop_k_veg': 0.6618107836658104, 'fire_amp': 1.5719333351012774}.
[I 2026-06-10 20:07:10,247] Trial 696 finished with values: [10.76445122717123, 10.76445122717123] and parameters: {'k1': 0.0869690639641868, 'D_low': 236.79352040223893, 'k2': 0.0001280886335404798, 'D_high': 2058.484816788601, 'fire_exp': 1.811096651915224, 'P_half': 5.4712187293420325, 'pre_dampen_half': 9.044346216330972, 'gpp_af': 0.10098504976210308, 'gpp_b': 0.00031478066835753096, 'gpp_d': 0.4742269251269962, 'ign_k': 0.0032383308053152635, 'ign_c': 7.081721844034206, 'trop_agb_crit': 21.086120736447015, 'trop_k_veg': 0.5535297685306277, 'fire_amp': 1.1655705619308396}.
[I 2026-06-10 20:07:11,620] Trial 697 finished with values: [10.8180653442808, 10.8180653442808] and parameters: {'k1': 0.0869690639641868, 'D_low': 236.79352040223893, 'k2': 0.019383858782150494, 'D_high': 1817.0401889219124, 'fire_exp': 1.5191397119156032, 'P_half': 1.4551749476072258, 'pre_dampen_half': 0.23485690470339216, 'gpp_af': 0.10098504976210308, 'gpp_b': 1.4008921101492135e-05, 'gpp_d': 0.4742269251269962, 'ign_k': 0.0032383308053152635, 'ign_c': 22.126836566118193, 'trop_agb_crit': 1.850652607502099, 'trop_k_veg': 2.724170387400844, 'fire_amp': 2.7806853670293616}.
[I 2026-06-10 20:07:13,135] Trial 698 finished with values: [10.551237590672308, 10.551237590672308] and parameters: {'k1': 0.03648456083047798, 'D_low': 408.3047491580097, 'k2': 0.019383858782150494, 'D_high': 1266.9536563782303, 'fire_exp': 1.1633452995374232, 'P_half': 1.4551749476072258, 'pre_dampen_half': 4.847666216751353, 'gpp_af': 0.060029341913968644, 'gpp_b': 0.005386676499630372, 'gpp_d': 1.4397852866783676, 'ign_k': 0.17320535908244444, 'ign_c': 0.4177928311636542, 'trop_agb_crit': 1.8023542850487386, 'trop_k_veg': 1.6648666152166967, 'fire_amp': 2.7806853670293616}.
[I 2026-06-10 20:07:14,557] Trial 699 finished with values: [10.833173843582125, 10.833173843582125] and parameters: {'k1': 0.0869690639641868, 'D_low': 148.21691630007544, 'k2': 0.0499774937030317, 'D_high': 20.78152796466981, 'fire_exp': 1.111738490499784, 'P_half': 2.2010656610055808, 'pre_dampen_half': 9.044346216330972, 'gpp_af': 20.12115544906385, 'gpp_b': 2.1309331861011757e-05, 'gpp_d': 0.4742269251269962, 'ign_k': 0.002357279455676982, 'ign_c': 0.2946000090510885, 'trop_agb_crit': 5.588032458772675, 'trop_k_veg': 0.6618107836658104, 'fire_amp': 5.44779717154213}.
[I 2026-06-10 20:07:16,109] Trial 700 finished with values: [-0.4524176342910551, 0.16905940437340283] and parameters: {'k1': 9.132348475718357e-05, 'D_low': 1593.4806585556198, 'k2': 0.0001016707987819611, 'D_high': 6682.9607218310075, 'fire_exp': 1.1633452995374232, 'P_half': 318.834644588275, 'pre_dampen_half': 121.93011993958949, 'gpp_af': 0.005061568304359487, 'gpp_b': 0.001674375583895437, 'gpp_d': 76.38081075786287, 'ign_k': 0.002357279455676982, 'ign_c': 1.9423015749984096, 'trop_agb_crit': 12.9667438075127, 'trop_k_veg': 5.636143940068465, 'fire_amp': 3.1045399027418377}.
[I 2026-06-10 20:07:17,767] Trial 701 finished with values: [10.07246914500735, 10.07246914500735] and parameters: {'k1': 0.030699709531122967, 'D_low': 236.79352040223893, 'k2': 0.0001870742013766025, 'D_high': 1817.0401889219124, 'fire_exp': 1.5191397119156032, 'P_half': 157.80309954142965, 'pre_dampen_half': 9.044346216330972, 'gpp_af': 2.5017068255320485, 'gpp_b': 2.1309331861011757e-05, 'gpp_d': 304.7488318185732, 'ign_k': 0.004105873950290761, 'ign_c': 22.126836566118193, 'trop_agb_crit': 2.100813292597435, 'trop_k_veg': 2.8926781829782864, 'fire_amp': 5.44779717154213}.
[I 2026-06-10 20:07:19,131] Trial 702 finished with values: [10.833331907491234, 10.833331907491234] and parameters: {'k1': 0.0869690639641868, 'D_low': 236.79352040223893, 'k2': 0.002090955698118952, 'D_high': 1817.0401889219124, 'fire_exp': 7.837740398103447, 'P_half': 1.4551749476072258, 'pre_dampen_half': 9.044346216330972, 'gpp_af': 0.10098504976210308, 'gpp_b': 2.1309331861011757e-05, 'gpp_d': 0.4742269251269962, 'ign_k': 0.037151317999473285, 'ign_c': 22.126836566118193, 'trop_agb_crit': 1.850652607502099, 'trop_k_veg': 2.724170387400844, 'fire_amp': 2.7806853670293616}.
[I 2026-06-10 20:07:21,104] Trial 703 finished with values: [10.257276639514227, 10.257276639514227] and parameters: {'k1': 0.030699709531122967, 'D_low': 236.79352040223893, 'k2': 0.0001280886335404798, 'D_high': 6682.9607218310075, 'fire_exp': 1.5191397119156032, 'P_half': 12.262543158860007, 'pre_dampen_half': 121.93011993958949, 'gpp_af': 2.5017068255320485, 'gpp_b': 0.00014164588046678954, 'gpp_d': 0.030844007727232167, 'ign_k': 0.0032383308053152635, 'ign_c': 7.081721844034206, 'trop_agb_crit': 2.100813292597435, 'trop_k_veg': 0.7808079158649266, 'fire_amp': 2.7806853670293616}.
[I 2026-06-10 20:07:22,856] Trial 704 finished with values: [10.817678213965037, 10.817678213965037] and parameters: {'k1': 0.0869690639641868, 'D_low': 19.655597419418832, 'k2': 0.0499774937030317, 'D_high': 20103.283734409175, 'fire_exp': 1.111738490499784, 'P_half': 84.3508388778244, 'pre_dampen_half': 0.1359195760156183, 'gpp_af': 20.12115544906385, 'gpp_b': 0.0013488940375755271, 'gpp_d': 0.47379914349407487, 'ign_k': 0.9419612235978201, 'ign_c': 0.2946000090510885, 'trop_agb_crit': 1.8023542850487386, 'trop_k_veg': 0.6618107836658104, 'fire_amp': 2.042193818779288}.
[I 2026-06-10 20:07:24,359] Trial 705 finished with values: [-0.4485472844371575, 0.1275697748209097] and parameters: {'k1': 5.7909642338812115e-05, 'D_low': 2267.735223551285, 'k2': 0.0007731571570012607, 'D_high': 6682.9607218310075, 'fire_exp': 1.1633452995374232, 'P_half': 5.4712187293420325, 'pre_dampen_half': 4.847666216751353, 'gpp_af': 0.9219336658511308, 'gpp_b': 0.001674375583895437, 'gpp_d': 304.7488318185732, 'ign_k': 0.0032383308053152635, 'ign_c': 7.081721844034206, 'trop_agb_crit': 1.8023542850487386, 'trop_k_veg': 5.453348988480011, 'fire_amp': 2.7806853670293616}.
[I 2026-06-10 20:07:25,689] Trial 706 finished with values: [10.290277221988442, 10.290277221988442] and parameters: {'k1': 5.7909642338812115e-05, 'D_low': 1.7551403048208316, 'k2': 0.0001280886335404798, 'D_high': 6682.9607218310075, 'fire_exp': 1.1633452995374232, 'P_half': 12.262543158860007, 'pre_dampen_half': 4.847666216751353, 'gpp_af': 3.298293484806585, 'gpp_b': 0.006999112505425414, 'gpp_d': 304.7488318185732, 'ign_k': 0.002357279455676982, 'ign_c': 7.081721844034206, 'trop_agb_crit': 1.8023542850487386, 'trop_k_veg': 0.7808079158649266, 'fire_amp': 2.042193818779288}.
[I 2026-06-10 20:07:27,232] Trial 707 finished with values: [10.432842795961394, 10.432842795961394] and parameters: {'k1': 0.0869690639641868, 'D_low': 236.79352040223893, 'k2': 0.0007731571570012607, 'D_high': 1817.0401889219124, 'fire_exp': 1.2918065501148304, 'P_half': 5.4712187293420325, 'pre_dampen_half': 4.847666216751353, 'gpp_af': 0.9219336658511308, 'gpp_b': 0.001674375583895437, 'gpp_d': 0.4742269251269962, 'ign_k': 0.0032383308053152635, 'ign_c': 1.364908766641693, 'trop_agb_crit': 3.108985631683375, 'trop_k_veg': 0.6061284103410196, 'fire_amp': 2.7806853670293616}.
[I 2026-06-10 20:07:29,172] Trial 708 finished with values: [10.36360033203193, 10.36360033203193] and parameters: {'k1': 0.0869690639641868, 'D_low': 148.21691630007544, 'k2': 0.0001870742013766025, 'D_high': 1817.0401889219124, 'fire_exp': 1.5191397119156032, 'P_half': 119.18981992518337, 'pre_dampen_half': 8.259599205585761, 'gpp_af': 0.10098504976210308, 'gpp_b': 5.0875243087016374e-05, 'gpp_d': 0.021780247871356784, 'ign_k': 0.002357279455676982, 'ign_c': 22.126836566118193, 'trop_agb_crit': 5.588032458772675, 'trop_k_veg': 2.724170387400844, 'fire_amp': 5.44779717154213}.
[I 2026-06-10 20:07:30,901] Trial 709 finished with values: [10.417348206898557, 10.417348206898557] and parameters: {'k1': 9.132348475718357e-05, 'D_low': 1.7551403048208316, 'k2': 0.0002442377596403892, 'D_high': 8912.611835817017, 'fire_exp': 1.4690410989404576, 'P_half': 5.4712187293420325, 'pre_dampen_half': 9.044346216330972, 'gpp_af': 0.005061568304359487, 'gpp_b': 2.1309331861011757e-05, 'gpp_d': 1.0088237648985734, 'ign_k': 0.004105873950290761, 'ign_c': 159.0105835124059, 'trop_agb_crit': 12.708819454040446, 'trop_k_veg': 0.5535297685306277, 'fire_amp': 3.1045399027418377}.
