[I 2026-07-22 20:40:06,558] Trial 629 finished with values: [10.028830535934292, 10.028830535934292] and parameters: {'k1': 0.008471801418819975, 'D_low': 2.4063018320720926, 'k2': 0.00033271381912662167, 'D_high': 2413579.2291304003, 'fire_exp': 1.5532616753672623, 'P_half': 355.00125258511594, 'pre_dampen_half': 16.224010950061366, 'gpp_af': 0.019225729985674112, 'gpp_b': 1.3289448722869181e-05, 'gpp_d': 36.831884165358964, 'ign_k': 2.136832907235876, 'ign_c': 17.583640270008498, 'trop_agb_crit': 2.7395739167173065, 'trop_k_veg': 1.9658897090912955, 'fuel_k': 0.07002142869039267, 'fuel_half': 0.3036855685244964}.
[I 2026-07-22 20:40:06,981] Trial 630 finished with values: [10.446896656476149, 10.446896656476149] and parameters: {'k1': 0.00022704877557909215, 'D_low': 99.54317261406774, 'k2': 0.0009562822793888481, 'D_high': 2413579.2291304003, 'fire_exp': 1.5532616753672623, 'P_half': 56.22114524476698, 'pre_dampen_half': 16.224010950061366, 'gpp_af': 3.470266988650414, 'gpp_b': 0.004458440839692221, 'gpp_d': 274.48645214004335, 'ign_k': 2.136832907235876, 'ign_c': 17.583640270008498, 'trop_agb_crit': 2.7395739167173065, 'trop_k_veg': 4.129715873342729, 'fuel_k': 0.025620781631399487, 'fuel_half': 0.3036855685244964}.
[I 2026-07-22 20:40:07,404] Trial 631 finished with values: [10.250714547410885, 10.250714547410885] and parameters: {'k1': 0.0009299619346742016, 'D_low': 2240.9155921647994, 'k2': 0.0004976087827261435, 'D_high': 3714594.1935037985, 'fire_exp': 1.1234725391720877, 'P_half': 94.99072859745384, 'pre_dampen_half': 0.7245868181143029, 'gpp_af': 0.05511595477601764, 'gpp_b': 0.0001484082099455773, 'gpp_d': 274.48645214004335, 'ign_k': 0.0029519227433917453, 'ign_c': 39.52220881906112, 'trop_agb_crit': 10.584071370490857, 'trop_k_veg': 3.199724784006935, 'fuel_k': 0.025620781631399487, 'fuel_half': 1.0889347318773486}.
[I 2026-07-22 20:40:07,826] Trial 632 finished with values: [10.768531385106584, 10.768531385106584] and parameters: {'k1': 0.008471801418819975, 'D_low': 922223.4631729259, 'k2': 0.014666151770108535, 'D_high': 2742371.6496047364, 'fire_exp': 1.5532616753672623, 'P_half': 355.00125258511594, 'pre_dampen_half': 13.472769577631588, 'gpp_af': 3.470266988650414, 'gpp_b': 1.3289448722869181e-05, 'gpp_d': 36.831884165358964, 'ign_k': 0.0029519227433917453, 'ign_c': 0.2939463458625969, 'trop_agb_crit': 9.369518687683199, 'trop_k_veg': 1.9658897090912955, 'fuel_k': 5.9775400127657585, 'fuel_half': 3.75205585512428}.
[I 2026-07-22 20:40:08,248] Trial 633 finished with values: [10.295000847625909, 10.295000847625909] and parameters: {'k1': 0.008471801418819975, 'D_low': 2240.9155921647994, 'k2': 0.0009562822793888481, 'D_high': 93548.13615927829, 'fire_exp': 1.5532616753672623, 'P_half': 355.00125258511594, 'pre_dampen_half': 13.472769577631588, 'gpp_af': 0.2901272149738624, 'gpp_b': 0.004458440839692221, 'gpp_d': 36.831884165358964, 'ign_k': 0.1702682488483632, 'ign_c': 17.583640270008498, 'trop_agb_crit': 12.647327018493208, 'trop_k_veg': 0.8170196702261714, 'fuel_k': 0.07002142869039267, 'fuel_half': 3.75205585512428}.
[I 2026-07-22 20:40:08,681] Trial 634 finished with values: [10.056364894774422, 10.056364894774422] and parameters: {'k1': 0.012840669372724958, 'D_low': 2240.9155921647994, 'k2': 0.0009256855841989632, 'D_high': 242048.8710859092, 'fire_exp': 1.5532616753672623, 'P_half': 355.00125258511594, 'pre_dampen_half': 0.9829324480069707, 'gpp_af': 0.2901272149738624, 'gpp_b': 0.0001484082099455773, 'gpp_d': 40.95062894476691, 'ign_k': 2.136832907235876, 'ign_c': 0.26691447170887805, 'trop_agb_crit': 8.983402272488592, 'trop_k_veg': 0.8170196702261714, 'fuel_k': 4.0632364973692425, 'fuel_half': 0.30817917005205625}.
[I 2026-07-22 20:40:09,099] Trial 635 finished with values: [11.597939303943097, 11.597939303943097] and parameters: {'k1': 0.012840669372724958, 'D_low': 2240.9155921647994, 'k2': 0.0009562822793888481, 'D_high': 2742371.6496047364, 'fire_exp': 1.5532616753672623, 'P_half': 60.759029110813756, 'pre_dampen_half': 13.472769577631588, 'gpp_af': 0.2991469302130216, 'gpp_b': 1.3289448722869181e-05, 'gpp_d': 2.1184980150420967, 'ign_k': 2.136832907235876, 'ign_c': 17.583640270008498, 'trop_agb_crit': 2.679156169946616, 'trop_k_veg': 2.1144348148283285, 'fuel_k': 4.710433409437071, 'fuel_half': 1.3323297901105766}.
[I 2026-07-22 20:40:09,517] Trial 636 finished with values: [10.331627138123709, 10.331627138123709] and parameters: {'k1': 0.028401063201780267, 'D_low': 216.6574784061471, 'k2': 0.00033271381912662167, 'D_high': 693439.2750387826, 'fire_exp': 1.0566545910403968, 'P_half': 355.00125258511594, 'pre_dampen_half': 16.224010950061366, 'gpp_af': 0.015875524914818664, 'gpp_b': 2.852199954727099e-05, 'gpp_d': 36.831884165358964, 'ign_k': 2.7142572552186843, 'ign_c': 17.583640270008498, 'trop_agb_crit': 2.7395739167173065, 'trop_k_veg': 4.050700716504253, 'fuel_k': 0.057024351269772615, 'fuel_half': 0.3036855685244964}.
[I 2026-07-22 20:40:09,933] Trial 637 finished with values: [10.1444559277157, 10.1444559277157] and parameters: {'k1': 0.008471801418819975, 'D_low': 2240.9155921647994, 'k2': 0.015109086063191909, 'D_high': 2413579.2291304003, 'fire_exp': 1.5532616753672623, 'P_half': 355.00125258511594, 'pre_dampen_half': 16.224010950061366, 'gpp_af': 0.019225729985674112, 'gpp_b': 0.004458440839692221, 'gpp_d': 6.478643450593011, 'ign_k': 2.136832907235876, 'ign_c': 0.26691447170887805, 'trop_agb_crit': 2.7395739167173065, 'trop_k_veg': 3.1470652177597604, 'fuel_k': 0.07002142869039267, 'fuel_half': 0.3036855685244964}.
[I 2026-07-22 20:40:10,349] Trial 638 finished with values: [10.324702384257987, 10.324702384257987] and parameters: {'k1': 0.007926237587961899, 'D_low': 2240.9155921647994, 'k2': 0.002173988526401145, 'D_high': 267535.550698083, 'fire_exp': 1.8719045352638064, 'P_half': 93.43302657318476, 'pre_dampen_half': 565.0116730717867, 'gpp_af': 61.39406964482352, 'gpp_b': 0.0028993292583566945, 'gpp_d': 10.931606102061748, 'ign_k': 0.0029519227433917453, 'ign_c': 0.8053471030316095, 'trop_agb_crit': 2.679156169946616, 'trop_k_veg': 5.593985425286909, 'fuel_k': 0.41829719944607047, 'fuel_half': 1.3323297901105766}.
[I 2026-07-22 20:40:10,768] Trial 639 finished with values: [10.177204554474923, 10.177204554474923] and parameters: {'k1': 0.0011101191524846067, 'D_low': 2240.9155921647994, 'k2': 0.00016536937182824412, 'D_high': 2742371.6496047364, 'fire_exp': 1.9025702662542903, 'P_half': 5.025876001070715, 'pre_dampen_half': 13.472769577631588, 'gpp_af': 0.04897515106470033, 'gpp_b': 2.176805640408474e-05, 'gpp_d': 12.151631524283598, 'ign_k': 0.0029519227433917453, 'ign_c': 0.12510188850164433, 'trop_agb_crit': 12.647327018493208, 'trop_k_veg': 2.1144348148283285, 'fuel_k': 4.710433409437071, 'fuel_half': 1.3323297901105766}.
[I 2026-07-22 20:40:11,190] Trial 640 finished with values: [10.003218617534667, 10.003218617534667] and parameters: {'k1': 0.008471801418819975, 'D_low': 2240.9155921647994, 'k2': 0.00016536937182824412, 'D_high': 2742371.6496047364, 'fire_exp': 1.8719045352638064, 'P_half': 102.4585893986732, 'pre_dampen_half': 1.5063176818232538, 'gpp_af': 3.470266988650414, 'gpp_b': 1.3289448722869181e-05, 'gpp_d': 206.05605824266914, 'ign_k': 3.965503094323014, 'ign_c': 0.2939463458625969, 'trop_agb_crit': 12.647327018493208, 'trop_k_veg': 2.1144348148283285, 'fuel_k': 4.710433409437071, 'fuel_half': 11.749372490449057}.
[I 2026-07-22 20:40:11,611] Trial 641 finished with values: [-0.740012825515704, 0.04359581769138543] and parameters: {'k1': 0.028401063201780267, 'D_low': 16.00237013173313, 'k2': 0.00033271381912662167, 'D_high': 6525529.853354094, 'fire_exp': 1.5532616753672623, 'P_half': 355.00125258511594, 'pre_dampen_half': 16.224010950061366, 'gpp_af': 0.03522602097143089, 'gpp_b': 0.0001605469768042801, 'gpp_d': 12.338826503601998, 'ign_k': 2.136832907235876, 'ign_c': 22.126836566118193, 'trop_agb_crit': 6.187033415477641, 'trop_k_veg': 2.724170387400844, 'fuel_k': 0.07002142869039267, 'fuel_half': 0.6603566884894324}.
[I 2026-07-22 20:40:12,043] Trial 642 finished with values: [-0.5688425831058924, 0.08052409431689855] and parameters: {'k1': 0.008471801418819975, 'D_low': 2240.9155921647994, 'k2': 0.015109086063191909, 'D_high': 2742371.6496047364, 'fire_exp': 1.5532616753672623, 'P_half': 355.00125258511594, 'pre_dampen_half': 13.472769577631588, 'gpp_af': 0.2901272149738624, 'gpp_b': 0.004458440839692221, 'gpp_d': 274.48645214004335, 'ign_k': 2.136832907235876, 'ign_c': 0.2939463458625969, 'trop_agb_crit': 1.3893217624909326, 'trop_k_veg': 0.8170196702261714, 'fuel_k': 0.025620781631399487, 'fuel_half': 3.75205585512428}.
[I 2026-07-22 20:40:12,474] Trial 643 finished with values: [-0.653659126183482, 0.08879555390154148] and parameters: {'k1': 0.028401063201780267, 'D_low': 16.00237013173313, 'k2': 0.00033271381912662167, 'D_high': 29533.947738179515, 'fire_exp': 1.5191397119156032, 'P_half': 157.80309954142965, 'pre_dampen_half': 16.224010950061366, 'gpp_af': 0.03522602097143089, 'gpp_b': 2.852199954727099e-05, 'gpp_d': 12.338826503601998, 'ign_k': 2.7142572552186843, 'ign_c': 17.583640270008498, 'trop_agb_crit': 2.7395739167173065, 'trop_k_veg': 2.724170387400844, 'fuel_k': 0.17831939405431224, 'fuel_half': 0.6603566884894324}.
[I 2026-07-22 20:40:12,905] Trial 644 finished with values: [11.010286995359406, 11.010286995359406] and parameters: {'k1': 0.008471801418819975, 'D_low': 2240.9155921647994, 'k2': 0.014666151770108535, 'D_high': 2742371.6496047364, 'fire_exp': 1.9025702662542903, 'P_half': 93.43302657318476, 'pre_dampen_half': 13.472769577631588, 'gpp_af': 3.470266988650414, 'gpp_b': 0.0001484082099455773, 'gpp_d': 483.22422323215085, 'ign_k': 0.0029519227433917453, 'ign_c': 0.2939463458625969, 'trop_agb_crit': 9.286923253577127, 'trop_k_veg': 4.068940870888416, 'fuel_k': 5.9775400127657585, 'fuel_half': 0.17108183937377372}.
[I 2026-07-22 20:40:13,344] Trial 645 finished with values: [11.353850906152829, 11.353850906152829] and parameters: {'k1': 0.0001971137615017176, 'D_low': 2240.9155921647994, 'k2': 0.015602015889668856, 'D_high': 2742371.6496047364, 'fire_exp': 1.10726080528881, 'P_half': 102.4585893986732, 'pre_dampen_half': 13.472769577631588, 'gpp_af': 0.2901272149738624, 'gpp_b': 0.004458440839692221, 'gpp_d': 2.545074556541602, 'ign_k': 0.0029519227433917453, 'ign_c': 39.52220881906112, 'trop_agb_crit': 12.647327018493208, 'trop_k_veg': 6.863422129054256, 'fuel_k': 4.0632364973692425, 'fuel_half': 1.3323297901105766}.
[I 2026-07-22 20:40:13,768] Trial 646 finished with values: [-0.6814172809174295, 0.09732869879083017] and parameters: {'k1': 0.008471801418819975, 'D_low': 2.4063018320720926, 'k2': 0.0009562822793888481, 'D_high': 2742371.6496047364, 'fire_exp': 1.8719045352638064, 'P_half': 355.00125258511594, 'pre_dampen_half': 9.16302609334724, 'gpp_af': 0.05468366589489105, 'gpp_b': 1.3289448722869181e-05, 'gpp_d': 12.151631524283598, 'ign_k': 2.136832907235876, 'ign_c': 17.583640270008498, 'trop_agb_crit': 12.647327018493208, 'trop_k_veg': 1.9658897090912955, 'fuel_k': 0.07002142869039267, 'fuel_half': 3.75205585512428}.
[I 2026-07-22 20:40:14,193] Trial 647 finished with values: [-0.6797458371851269, 0.08405601892759151] and parameters: {'k1': 0.008471801418819975, 'D_low': 2240.9155921647994, 'k2': 0.015109086063191909, 'D_high': 693439.2750387826, 'fire_exp': 1.5532616753672623, 'P_half': 355.00125258511594, 'pre_dampen_half': 13.472769577631588, 'gpp_af': 0.2901272149738624, 'gpp_b': 0.004458440839692221, 'gpp_d': 274.48645214004335, 'ign_k': 2.136832907235876, 'ign_c': 0.26691447170887805, 'trop_agb_crit': 12.647327018493208, 'trop_k_veg': 0.8170196702261714, 'fuel_k': 0.07002142869039267, 'fuel_half': 3.75205585512428}.
[I 2026-07-22 20:40:14,613] Trial 648 finished with values: [-0.6816629436118185, 0.15835775091166737] and parameters: {'k1': 0.00022704877557909215, 'D_low': 216.6574784061471, 'k2': 0.0009562822793888481, 'D_high': 2413579.2291304003, 'fire_exp': 1.5532616753672623, 'P_half': 355.00125258511594, 'pre_dampen_half': 16.224010950061366, 'gpp_af': 3.470266988650414, 'gpp_b': 1.3289448722869181e-05, 'gpp_d': 12.151631524283598, 'ign_k': 2.136832907235876, 'ign_c': 17.583640270008498, 'trop_agb_crit': 2.7395739167173065, 'trop_k_veg': 3.1593918863093413, 'fuel_k': 0.07002142869039267, 'fuel_half': 0.3036855685244964}.
[I 2026-07-22 20:40:15,032] Trial 649 finished with values: [10.137757959839382, 10.137757959839382] and parameters: {'k1': 0.0006533684593224971, 'D_low': 2.4063018320720926, 'k2': 0.00033271381912662167, 'D_high': 2742371.6496047364, 'fire_exp': 1.5191397119156032, 'P_half': 157.80309954142965, 'pre_dampen_half': 9.16302609334724, 'gpp_af': 0.023485690470339222, 'gpp_b': 1.3289448722869181e-05, 'gpp_d': 12.338826503601998, 'ign_k': 2.7142572552186843, 'ign_c': 17.583640270008498, 'trop_agb_crit': 2.7395739167173065, 'trop_k_veg': 1.9658897090912955, 'fuel_k': 0.07002142869039267, 'fuel_half': 3.75205585512428}.
[I 2026-07-22 20:40:15,454] Trial 650 finished with values: [10.876377032490392, 10.876377032490392] and parameters: {'k1': 0.0007883068789768041, 'D_low': 2240.9155921647994, 'k2': 0.0151984690405096, 'D_high': 2007776.2367162877, 'fire_exp': 1.8719045352638064, 'P_half': 102.4585893986732, 'pre_dampen_half': 1.5063176818232538, 'gpp_af': 0.2901272149738624, 'gpp_b': 1.3289448722869181e-05, 'gpp_d': 40.95062894476691, 'ign_k': 3.965503094323014, 'ign_c': 0.2939463458625969, 'trop_agb_crit': 2.679156169946616, 'trop_k_veg': 1.9658897090912955, 'fuel_k': 4.0632364973692425, 'fuel_half': 0.30817917005205625}.
[I 2026-07-22 20:40:15,876] Trial 651 finished with values: [-0.5646598447863984, 0.12849187039908883] and parameters: {'k1': 0.0007883068789768041, 'D_low': 3.86371393182755, 'k2': 0.0009256855841989632, 'D_high': 2007776.2367162877, 'fire_exp': 1.8719045352638064, 'P_half': 93.43302657318476, 'pre_dampen_half': 0.9829324480069707, 'gpp_af': 0.2901272149738624, 'gpp_b': 0.0001484082099455773, 'gpp_d': 40.95062894476691, 'ign_k': 0.013276678836047658, 'ign_c': 0.12510188850164433, 'trop_agb_crit': 8.983402272488592, 'trop_k_veg': 0.8170196702261714, 'fuel_k': 4.710433409437071, 'fuel_half': 0.30817917005205625}.
[I 2026-07-22 20:40:16,302] Trial 652 finished with values: [10.1343714709522, 10.1343714709522] and parameters: {'k1': 0.012840669372724958, 'D_low': 2240.9155921647994, 'k2': 0.014666151770108535, 'D_high': 2742371.6496047364, 'fire_exp': 2.338628023761913, 'P_half': 93.43302657318476, 'pre_dampen_half': 13.472769577631588, 'gpp_af': 0.2991469302130216, 'gpp_b': 0.0004382884213732982, 'gpp_d': 352.0481045526035, 'ign_k': 0.0029519227433917453, 'ign_c': 0.2939463458625969, 'trop_agb_crit': 2.679156169946616, 'trop_k_veg': 2.1144348148283285, 'fuel_k': 4.710433409437071, 'fuel_half': 1.3323297901105766}.
[I 2026-07-22 20:40:16,717] Trial 653 finished with values: [-0.7178707330914745, 0.11513353547104976] and parameters: {'k1': 0.0011101191524846067, 'D_low': 2240.9155921647994, 'k2': 0.015602015889668856, 'D_high': 2742371.6496047364, 'fire_exp': 1.9025702662542903, 'P_half': 102.4585893986732, 'pre_dampen_half': 13.472769577631588, 'gpp_af': 0.04897515106470033, 'gpp_b': 0.0001484082099455773, 'gpp_d': 352.0481045526035, 'ign_k': 0.0029519227433917453, 'ign_c': 44.67752817973901, 'trop_agb_crit': 9.286923253577127, 'trop_k_veg': 2.1144348148283285, 'fuel_k': 4.0632364973692425, 'fuel_half': 0.30817917005205625}.
[I 2026-07-22 20:40:17,134] Trial 654 finished with values: [11.00973334444224, 11.00973334444224] and parameters: {'k1': 0.00022704877557909215, 'D_low': 216.6574784061471, 'k2': 0.0006863458703786212, 'D_high': 2413579.2291304003, 'fire_exp': 1.5532616753672623, 'P_half': 355.00125258511594, 'pre_dampen_half': 16.224010950061366, 'gpp_af': 3.470266988650414, 'gpp_b': 2.852199954727099e-05, 'gpp_d': 36.831884165358964, 'ign_k': 2.136832907235876, 'ign_c': 17.583640270008498, 'trop_agb_crit': 2.7395739167173065, 'trop_k_veg': 4.050700716504253, 'fuel_k': 4.710433409437071, 'fuel_half': 1.0889347318773486}.
[I 2026-07-22 20:40:17,549] Trial 655 finished with values: [10.32103128679673, 10.32103128679673] and parameters: {'k1': 0.028401063201780267, 'D_low': 2240.9155921647994, 'k2': 0.014666151770108535, 'D_high': 2742371.6496047364, 'fire_exp': 1.5191397119156032, 'P_half': 355.00125258511594, 'pre_dampen_half': 13.472769577631588, 'gpp_af': 0.2901272149738624, 'gpp_b': 0.004458440839692221, 'gpp_d': 0.149008282603182, 'ign_k': 2.136832907235876, 'ign_c': 0.26691447170887805, 'trop_agb_crit': 12.647327018493208, 'trop_k_veg': 1.3987664054208562, 'fuel_k': 0.07002142869039267, 'fuel_half': 0.6603566884894324}.
[I 2026-07-22 20:40:17,966] Trial 656 finished with values: [10.175675768711663, 10.175675768711663] and parameters: {'k1': 0.028401063201780267, 'D_low': 16.00237013173313, 'k2': 0.00033271381912662167, 'D_high': 2742371.6496047364, 'fire_exp': 1.8719045352638064, 'P_half': 157.80309954142965, 'pre_dampen_half': 8.259599205585763, 'gpp_af': 0.03522602097143089, 'gpp_b': 0.0001484082099455773, 'gpp_d': 0.9921551226341596, 'ign_k': 0.0011417577140741143, 'ign_c': 39.52220881906112, 'trop_agb_crit': 8.983402272488592, 'trop_k_veg': 2.724170387400844, 'fuel_k': 0.10978148458640455, 'fuel_half': 0.17108183937377372}.
[I 2026-07-22 20:40:18,386] Trial 657 finished with values: [-0.3823548182985876, 0.09840190620537692] and parameters: {'k1': 4.070652723469725e-05, 'D_low': 16.00237013173313, 'k2': 0.0006863458703786212, 'D_high': 29533.947738179515, 'fire_exp': 1.5191397119156032, 'P_half': 157.80309954142965, 'pre_dampen_half': 16.224010950061366, 'gpp_af': 0.023485690470339222, 'gpp_b': 2.852199954727099e-05, 'gpp_d': 12.338826503601998, 'ign_k': 2.7142572552186843, 'ign_c': 17.583640270008498, 'trop_agb_crit': 29.24276781401969, 'trop_k_veg': 2.724170387400844, 'fuel_k': 0.10978148458640455, 'fuel_half': 4.1446115222565965}.
[I 2026-07-22 20:40:18,808] Trial 658 finished with values: [10.688925763843882, 10.688925763843882] and parameters: {'k1': 0.0006533684593224971, 'D_low': 2240.9155921647994, 'k2': 0.0006863458703786212, 'D_high': 693439.2750387826, 'fire_exp': 1.1248464050065299, 'P_half': 355.00125258511594, 'pre_dampen_half': 13.472769577631588, 'gpp_af': 0.015875524914818664, 'gpp_b': 2.852199954727099e-05, 'gpp_d': 36.831884165358964, 'ign_k': 2.7142572552186843, 'ign_c': 0.26691447170887805, 'trop_agb_crit': 2.7395739167173065, 'trop_k_veg': 4.050700716504253, 'fuel_k': 0.057024351269772615, 'fuel_half': 0.3036855685244964}.
[I 2026-07-22 20:40:19,231] Trial 659 finished with values: [11.655886057791248, 11.655886057791248] and parameters: {'k1': 0.012840669372724958, 'D_low': 2240.9155921647994, 'k2': 0.014666151770108535, 'D_high': 2742371.6496047364, 'fire_exp': 1.8719045352638064, 'P_half': 93.43302657318476, 'pre_dampen_half': 13.472769577631588, 'gpp_af': 0.2991469302130216, 'gpp_b': 1.3289448722869181e-05, 'gpp_d': 352.0481045526035, 'ign_k': 3.965503094323014, 'ign_c': 0.2939463458625969, 'trop_agb_crit': 2.679156169946616, 'trop_k_veg': 2.1144348148283285, 'fuel_k': 4.710433409437071, 'fuel_half': 3.75205585512428}.
[I 2026-07-22 20:40:19,652] Trial 660 finished with values: [-0.6622484996167675, 0.19105822474705447] and parameters: {'k1': 0.0006533684593224971, 'D_low': 2240.9155921647994, 'k2': 0.00016536937182824412, 'D_high': 693439.2750387826, 'fire_exp': 1.5704801393982246, 'P_half': 355.00125258511594, 'pre_dampen_half': 16.224010950061366, 'gpp_af': 0.015875524914818664, 'gpp_b': 2.176805640408474e-05, 'gpp_d': 36.831884165358964, 'ign_k': 2.7142572552186843, 'ign_c': 0.12510188850164433, 'trop_agb_crit': 2.7395739167173065, 'trop_k_veg': 0.8170196702261714, 'fuel_k': 0.057024351269772615, 'fuel_half': 1.3323297901105766}.
[I 2026-07-22 20:40:20,067] Trial 661 finished with values: [-0.561902441189751, 0.15347328938827254] and parameters: {'k1': 0.00022704877557909215, 'D_low': 216.6574784061471, 'k2': 0.0009562822793888481, 'D_high': 2413579.2291304003, 'fire_exp': 1.5532616753672623, 'P_half': 355.00125258511594, 'pre_dampen_half': 16.224010950061366, 'gpp_af': 43.152388554791955, 'gpp_b': 1.3289448722869181e-05, 'gpp_d': 36.831884165358964, 'ign_k': 2.136832907235876, 'ign_c': 17.583640270008498, 'trop_agb_crit': 2.7395739167173065, 'trop_k_veg': 3.1470652177597604, 'fuel_k': 0.07002142869039267, 'fuel_half': 0.3036855685244964}.
[I 2026-07-22 20:40:20,488] Trial 662 finished with values: [10.571017538451764, 10.571017538451764] and parameters: {'k1': 0.008471801418819975, 'D_low': 2240.9155921647994, 'k2': 0.0006863458703786212, 'D_high': 693439.2750387826, 'fire_exp': 1.6401008175876202, 'P_half': 2334.173732846673, 'pre_dampen_half': 16.224010950061366, 'gpp_af': 0.2901272149738624, 'gpp_b': 0.013358197605902414, 'gpp_d': 274.48645214004335, 'ign_k': 2.136832907235876, 'ign_c': 0.26691447170887805, 'trop_agb_crit': 12.647327018493208, 'trop_k_veg': 0.8170196702261714, 'fuel_k': 0.07002142869039267, 'fuel_half': 0.3036855685244964}.
[I 2026-07-22 20:40:20,912] Trial 663 finished with values: [10.624605227241416, 10.624605227241416] and parameters: {'k1': 0.012840669372724958, 'D_low': 2240.9155921647994, 'k2': 0.014666151770108535, 'D_high': 55146.014161793704, 'fire_exp': 1.1248464050065299, 'P_half': 355.00125258511594, 'pre_dampen_half': 0.027901153639361957, 'gpp_af': 0.2901272149738624, 'gpp_b': 0.004458440839692221, 'gpp_d': 352.0481045526035, 'ign_k': 0.013276678836047658, 'ign_c': 0.12510188850164433, 'trop_agb_crit': 12.647327018493208, 'trop_k_veg': 0.8170196702261714, 'fuel_k': 4.710433409437071, 'fuel_half': 1.3323297901105766}.
