[I 2026-08-20 00:55:42,050] Trial 1408 finished with value: 0.47944585176873633 and parameters: {'k1': 0.0007760101035940097, 'D_low': 1000.1052251750882, 'k2': 0.005724307722620381, 'D_high': 6130623.862020587, 'fire_exp': 1.034626089137784, 'P_half': 53.432921786925554, 'pre_dampen_half': 0.06606990696062308, 'gpp_af': 0.1007884153335845, 'gpp_b': 0.0003075285759750643, 'gpp_d': 6.156931403008976, 'ign_k': 0.0020400730965182147, 'ign_c': 43.301520446187226, 'trop_agb_crit': 18.09678017580125, 'trop_k_veg': 1.5559668337128645, 'pop_amp': 9.30798487305194, 'pop_peak': 168.99459993539926, 'pop_sig': 2.3987632079632624}. Best is trial 1128 with value: -0.620386984093161.
[I 2026-08-20 00:55:44,655] Trial 1409 finished with value: 0.5531583958126296 and parameters: {'k1': 0.0006775852635601189, 'D_low': 50.46076211256319, 'k2': 0.02033371632643893, 'D_high': 9490379.590198824, 'fire_exp': 1.2747710908829195, 'P_half': 1.0996091853283325, 'pre_dampen_half': 0.0277083742371552, 'gpp_af': 0.005092411352854276, 'gpp_b': 0.0007539500549596214, 'gpp_d': 10.556300980895264, 'ign_k': 0.0010256623053101761, 'ign_c': 0.10460483664145565, 'trop_agb_crit': 4.194162456525687, 'trop_k_veg': 0.7817612060806439, 'pop_amp': 1.3661164917880277, 'pop_peak': 3.4353234492847027, 'pop_sig': 1.4376289980560042}. Best is trial 1128 with value: -0.620386984093161.
[I 2026-08-20 00:55:47,828] Trial 1410 finished with value: 0.48729356596933737 and parameters: {'k1': 0.0004228423968985499, 'D_low': 17.46842233082304, 'k2': 0.00017409496359941108, 'D_high': 1450804.664552763, 'fire_exp': 4.910359016009087, 'P_half': 27.993192118746954, 'pre_dampen_half': 27.076218640583193, 'gpp_af': 0.791830236715313, 'gpp_b': 0.004481784008674548, 'gpp_d': 5.626770863071211, 'ign_k': 0.1431346348946994, 'ign_c': 1.8720624118692633, 'trop_agb_crit': 4.680379933993333, 'trop_k_veg': 3.290170545355154, 'pop_amp': 10.912848594295436, 'pop_peak': 0.13809436287118526, 'pop_sig': 0.5949812600205067}. Best is trial 1128 with value: -0.620386984093161.
[I 2026-08-20 00:55:50,268] Trial 1411 finished with value: 0.5898955344504229 and parameters: {'k1': 0.0019465418720107242, 'D_low': 12.381268201086678, 'k2': 0.0014587592190326549, 'D_high': 116920.54169027349, 'fire_exp': 1.3267800134022312, 'P_half': 693.9715486365037, 'pre_dampen_half': 7.432525020825847, 'gpp_af': 0.0016969801222629544, 'gpp_b': 0.0001858756917519767, 'gpp_d': 0.056979648163938586, 'ign_k': 0.3413906675449592, 'ign_c': 30.01442025763476, 'trop_agb_crit': 1.4544647997938795, 'trop_k_veg': 3.677740364486984, 'pop_amp': 0.04325092320904272, 'pop_peak': 0.1206805969131394, 'pop_sig': 0.30333804299986583}. Best is trial 1128 with value: -0.620386984093161.
[I 2026-08-20 00:55:52,742] Trial 1412 finished with value: 0.5369512630038062 and parameters: {'k1': 0.00025290474280587776, 'D_low': 13.27662155542729, 'k2': 0.01098640948520019, 'D_high': 246787.62799564496, 'fire_exp': 1.3939963554622559, 'P_half': 5.9303341505827225, 'pre_dampen_half': 0.21505075155645362, 'gpp_af': 0.03066354781024251, 'gpp_b': 2.279068124227502e-05, 'gpp_d': 2.051146247761013, 'ign_k': 0.004004029714663606, 'ign_c': 4.5147841278971885, 'trop_agb_crit': 7.100602296615311, 'trop_k_veg': 0.7484027212269998, 'pop_amp': 12.522733978028379, 'pop_peak': 24.845159121168003, 'pop_sig': 2.1604656176606327}. Best is trial 1128 with value: -0.620386984093161.
[I 2026-08-20 00:55:55,156] Trial 1413 finished with value: 0.5800636850146178 and parameters: {'k1': 0.0003964313374674942, 'D_low': 889.1977591026031, 'k2': 0.0014992116017321308, 'D_high': 2059988.9380129676, 'fire_exp': 2.6047920604712105, 'P_half': 78.8198949174004, 'pre_dampen_half': 0.7356947166295372, 'gpp_af': 5.244405769973292, 'gpp_b': 0.0013652515011974113, 'gpp_d': 16.64082667840659, 'ign_k': 0.38129635041397886, 'ign_c': 6.619678663259035, 'trop_agb_crit': 6.342424467644062, 'trop_k_veg': 2.803466427531286, 'pop_amp': 19.92056750568807, 'pop_peak': 0.7080352631603068, 'pop_sig': 1.4638324704718821}. Best is trial 1128 with value: -0.620386984093161.
[I 2026-08-20 00:55:57,643] Trial 1414 finished with value: 0.6432392528462836 and parameters: {'k1': 0.0040395429164191395, 'D_low': 470798.16448357195, 'k2': 0.0247127688369217, 'D_high': 9874773.529693576, 'fire_exp': 2.604426185027345, 'P_half': 179.44177935242723, 'pre_dampen_half': 246.5117203941442, 'gpp_af': 0.0016051046007502083, 'gpp_b': 0.0004804051208404596, 'gpp_d': 16.891905160951467, 'ign_k': 4.013123402269953, 'ign_c': 7.765852506314267, 'trop_agb_crit': 20.629438016777677, 'trop_k_veg': 3.3753076064768823, 'pop_amp': 0.002029655608133427, 'pop_peak': 12.401936573589582, 'pop_sig': 0.46200523068036664}. Best is trial 1128 with value: -0.620386984093161.
[I 2026-08-20 00:56:00,076] Trial 1415 finished with value: -0.5778738781857264 and parameters: {'k1': 0.007255489672456487, 'D_low': 13.772200520759286, 'k2': 0.024966153581482207, 'D_high': 4822297.986336246, 'fire_exp': 1.846310155607601, 'P_half': 11.691908395463972, 'pre_dampen_half': 0.4648906288638637, 'gpp_af': 0.3555495393316738, 'gpp_b': 0.005294712217976152, 'gpp_d': 3.1393088180160813, 'ign_k': 0.011135912409885568, 'ign_c': 0.1539649865965358, 'trop_agb_crit': 2.8257026333224826, 'trop_k_veg': 1.6231492854726637, 'pop_amp': 12.995240103168673, 'pop_peak': 2.4000207350224922, 'pop_sig': 0.6056548365594753}. Best is trial 1128 with value: -0.620386984093161.
[I 2026-08-20 00:56:02,528] Trial 1416 finished with value: -0.5829564822460598 and parameters: {'k1': 3.053367165077954e-05, 'D_low': 716.1182907745207, 'k2': 7.886950907115628e-05, 'D_high': 602786.4242149066, 'fire_exp': 2.2761258044994253, 'P_half': 72.69817481615709, 'pre_dampen_half': 5.1979107673067295, 'gpp_af': 0.7630008376990105, 'gpp_b': 0.0002555716277107048, 'gpp_d': 8.902040334498881, 'ign_k': 0.03921649645397406, 'ign_c': 3.0948368275680984, 'trop_agb_crit': 5.108691459159594, 'trop_k_veg': 2.9338592127601566, 'pop_amp': 4.352765648256914, 'pop_peak': 42.29428501149082, 'pop_sig': 0.5545019311912789}. Best is trial 1128 with value: -0.620386984093161.
[I 2026-08-20 00:56:05,032] Trial 1417 finished with value: 0.49830861736262455 and parameters: {'k1': 0.0002047013722028557, 'D_low': 1714.4450623762912, 'k2': 0.016576667102438474, 'D_high': 3895910.8333675885, 'fire_exp': 1.4135672594498179, 'P_half': 34.816300423030356, 'pre_dampen_half': 0.09498129065846236, 'gpp_af': 0.15683744119776794, 'gpp_b': 0.010551254668595472, 'gpp_d': 15.365463364347555, 'ign_k': 0.012125022715230728, 'ign_c': 1.5087514786842617, 'trop_agb_crit': 9.564618681620704, 'trop_k_veg': 0.8010315865123505, 'pop_amp': 3.6054234778724314, 'pop_peak': 28.26517417099124, 'pop_sig': 0.5453711940240988}. Best is trial 1128 with value: -0.620386984093161.
[I 2026-08-20 00:56:07,402] Trial 1418 finished with value: 0.6445374145881376 and parameters: {'k1': 0.00034758962729313365, 'D_low': 7.210514182104692, 'k2': 0.0013302326513326477, 'D_high': 9357494.292081334, 'fire_exp': 2.395206979906576, 'P_half': 2412.3719267376036, 'pre_dampen_half': 237.60456264673576, 'gpp_af': 0.014693161957720562, 'gpp_b': 0.1411903885106192, 'gpp_d': 8.703320878109016, 'ign_k': 3.0418642938897085, 'ign_c': 115.04205884057114, 'trop_agb_crit': 1.4408147252929748, 'trop_k_veg': 3.033213991754235, 'pop_amp': 0.185074435508438, 'pop_peak': 0.20044996752390518, 'pop_sig': 0.7067091795269622}. Best is trial 1128 with value: -0.620386984093161.
[I 2026-08-20 00:56:10,322] Trial 1419 finished with value: 0.4527023025752077 and parameters: {'k1': 0.0038447851183958113, 'D_low': 260.0526436452609, 'k2': 0.00024829581651135115, 'D_high': 2101764.764343419, 'fire_exp': 4.616052301181248, 'P_half': 125.54538525299853, 'pre_dampen_half': 15.2703711889056, 'gpp_af': 0.2312901234546911, 'gpp_b': 0.004423969405309071, 'gpp_d': 103.68143264772536, 'ign_k': 1.4442240415961063, 'ign_c': 0.3904947945778038, 'trop_agb_crit': 4.396855101834057, 'trop_k_veg': 2.0993608729848967, 'pop_amp': 0.3468217882480143, 'pop_peak': 0.2495328130533151, 'pop_sig': 0.9581144867182921}. Best is trial 1128 with value: -0.620386984093161.
[I 2026-08-20 00:56:12,666] Trial 1420 finished with value: 0.5959882488881457 and parameters: {'k1': 3.0299010232312328e-05, 'D_low': 100.54977799356081, 'k2': 0.0018987445503779456, 'D_high': 373615.53918058384, 'fire_exp': 2.7663829488490266, 'P_half': 45.88174592595864, 'pre_dampen_half': 0.9144464812673737, 'gpp_af': 7.754821160225469, 'gpp_b': 0.0008594251698089554, 'gpp_d': 0.9247311628195707, 'ign_k': 0.0011978444820697107, 'ign_c': 1.0956963096861339, 'trop_agb_crit': 5.92886531875326, 'trop_k_veg': 1.4028515435789233, 'pop_amp': 4.079788029401697, 'pop_peak': 27.684963069914264, 'pop_sig': 0.4836871170166748}. Best is trial 1128 with value: -0.620386984093161.
[I 2026-08-20 00:56:15,192] Trial 1421 finished with value: 0.5018174647768286 and parameters: {'k1': 0.0009380439133592831, 'D_low': 5802.121783185574, 'k2': 0.04183666829632899, 'D_high': 131339.753947417, 'fire_exp': 1.1331516964279702, 'P_half': 5.2979789000474025, 'pre_dampen_half': 0.23998159147329862, 'gpp_af': 0.08363083087714594, 'gpp_b': 8.039250476813973e-05, 'gpp_d': 99.06768399731796, 'ign_k': 0.01678450723217573, 'ign_c': 0.4133724670383588, 'trop_agb_crit': 7.499931671193336, 'trop_k_veg': 1.3625383381157625, 'pop_amp': 6.563674074306339, 'pop_peak': 23.20312225125775, 'pop_sig': 2.0393832709606796}. Best is trial 1128 with value: -0.620386984093161.
[I 2026-08-20 00:56:18,105] Trial 1422 finished with value: 0.5998488149532114 and parameters: {'k1': 0.006956898641437407, 'D_low': 5.902104526259708, 'k2': 0.000988732785687655, 'D_high': 16845.224688165727, 'fire_exp': 1.4021660025507998, 'P_half': 185.5610824682507, 'pre_dampen_half': 2.3444882185306155, 'gpp_af': 0.0014832542264965186, 'gpp_b': 0.009694804553440713, 'gpp_d': 0.38260201774697344, 'ign_k': 0.7003631708966945, 'ign_c': 1.246358610421461, 'trop_agb_crit': 1.3658808572769545, 'trop_k_veg': 4.019683186041732, 'pop_amp': 0.9672719346701864, 'pop_peak': 0.1028793958650698, 'pop_sig': 0.2539859591485618}. Best is trial 1128 with value: -0.620386984093161.
[I 2026-08-20 00:56:20,996] Trial 1423 finished with value: 0.547858199309886 and parameters: {'k1': 3.191122191168865e-05, 'D_low': 6281.703071640064, 'k2': 0.00045776794468751597, 'D_high': 3677740.761655479, 'fire_exp': 2.8638068840358875, 'P_half': 97.88742554856297, 'pre_dampen_half': 24.106436087111444, 'gpp_af': 0.1548208953122405, 'gpp_b': 0.0007007818985759428, 'gpp_d': 6.0345827706628254, 'ign_k': 0.058308067154624894, 'ign_c': 20.986525481229172, 'trop_agb_crit': 4.044478550591624, 'trop_k_veg': 2.9942711093170344, 'pop_amp': 1.8012740740222972, 'pop_peak': 51.56816003137799, 'pop_sig': 0.5983433482818352}. Best is trial 1128 with value: -0.620386984093161.
[I 2026-08-20 00:56:23,382] Trial 1424 finished with value: 0.5016014710182131 and parameters: {'k1': 4.3693966132254226e-05, 'D_low': 228.13413334981558, 'k2': 5.032537546617113e-05, 'D_high': 408843.2050396155, 'fire_exp': 2.729896523738683, 'P_half': 22.28994019623457, 'pre_dampen_half': 0.9672270611024618, 'gpp_af': 1.079294668265367, 'gpp_b': 0.0001249477476359485, 'gpp_d': 131.05087623211617, 'ign_k': 0.36928626269577586, 'ign_c': 22.46497857341547, 'trop_agb_crit': 7.94998936064437, 'trop_k_veg': 5.435579243995661, 'pop_amp': 0.8424752270455185, 'pop_peak': 57.806364043310694, 'pop_sig': 0.7777684938730703}. Best is trial 1128 with value: -0.620386984093161.
[I 2026-08-20 00:56:25,835] Trial 1425 finished with value: 0.5867796931041274 and parameters: {'k1': 0.0002532439995751787, 'D_low': 3.0609110734199763, 'k2': 0.05377809525735175, 'D_high': 9554811.441057123, 'fire_exp': 1.2764696415422114, 'P_half': 3.8673265543721302, 'pre_dampen_half': 0.4891627487741195, 'gpp_af': 0.3011603085620302, 'gpp_b': 8.154873889856812, 'gpp_d': 5.810169574485814, 'ign_k': 0.0627135535056617, 'ign_c': 0.3919939899745485, 'trop_agb_crit': 1.8900994788706567, 'trop_k_veg': 1.8983132826517692, 'pop_amp': 2.0024634618827752, 'pop_peak': 6.2752180043588766, 'pop_sig': 1.7209028326111206}. Best is trial 1128 with value: -0.620386984093161.
[I 2026-08-20 00:56:28,158] Trial 1426 finished with value: 0.5660778080903093 and parameters: {'k1': 0.0001253117951483862, 'D_low': 1550.3727800636993, 'k2': 0.0005476995963280737, 'D_high': 2365647.5706462497, 'fire_exp': 5.935891376493154, 'P_half': 116.0366971105977, 'pre_dampen_half': 297.98061257779693, 'gpp_af': 1.2268317111777758, 'gpp_b': 0.34593595378266606, 'gpp_d': 44.42799740320864, 'ign_k': 0.09698155364900196, 'ign_c': 6.32978134094221, 'trop_agb_crit': 5.899293863542797, 'trop_k_veg': 6.3702139124311685, 'pop_amp': 5.113634265699502, 'pop_peak': 5.358882041012512, 'pop_sig': 0.6288121395077119}. Best is trial 1128 with value: -0.620386984093161.
[I 2026-08-20 00:56:31,195] Trial 1427 finished with value: 0.6445374145881376 and parameters: {'k1': 0.0022449677868933704, 'D_low': 47286.713305197896, 'k2': 0.004281152880951889, 'D_high': 865.9347837886852, 'fire_exp': 1.1730740406162237, 'P_half': 4360.699048552305, 'pre_dampen_half': 0.03759668342027169, 'gpp_af': 0.006843024908296259, 'gpp_b': 1.573602396526709e-05, 'gpp_d': 0.04282804057902669, 'ign_k': 0.28136377218233927, 'ign_c': 33.76502629712929, 'trop_agb_crit': 1.8004365604056296, 'trop_k_veg': 7.408847874592483, 'pop_amp': 2.14757759849756, 'pop_peak': 19.17015207700635, 'pop_sig': 0.4899051897087874}. Best is trial 1128 with value: -0.620386984093161.
[I 2026-08-20 00:56:33,669] Trial 1428 finished with value: 0.4864271326459273 and parameters: {'k1': 0.0001526511602038588, 'D_low': 429.14123538036233, 'k2': 6.768879190261064e-05, 'D_high': 226004.99214979078, 'fire_exp': 2.1433538226451883, 'P_half': 48.85938133842035, 'pre_dampen_half': 3.1573188628347046, 'gpp_af': 2.6820553925336816, 'gpp_b': 0.0014594760378430069, 'gpp_d': 24.535206503048855, 'ign_k': 0.011533214311632393, 'ign_c': 5.059269769464158, 'trop_agb_crit': 11.690556557654894, 'trop_k_veg': 1.5998488740719323, 'pop_amp': 2.578425438014992, 'pop_peak': 15.617015854412031, 'pop_sig': 0.3842007765392448}. Best is trial 1128 with value: -0.620386984093161.
[I 2026-08-20 00:56:36,079] Trial 1429 finished with value: 0.5138113251199414 and parameters: {'k1': 7.445923231653007e-05, 'D_low': 177.068369544972, 'k2': 0.0011426905603010387, 'D_high': 1666423.457216972, 'fire_exp': 2.2014236744798383, 'P_half': 30.823390059252187, 'pre_dampen_half': 1.027110006978732, 'gpp_af': 0.1118769947952565, 'gpp_b': 0.005955065478886063, 'gpp_d': 5.072064801042478, 'ign_k': 0.15910913690407033, 'ign_c': 0.8781207257794387, 'trop_agb_crit': 6.230010676580945, 'trop_k_veg': 4.867782859460638, 'pop_amp': 0.17424616458709127, 'pop_peak': 18.35421125244918, 'pop_sig': 0.3308354714310112}. Best is trial 1128 with value: -0.620386984093161.
[I 2026-08-20 00:56:38,563] Trial 1430 finished with value: 0.5685348183235673 and parameters: {'k1': 2.2114875647814158e-05, 'D_low': 73.64533704665396, 'k2': 7.541010334506541e-05, 'D_high': 47003.918887320506, 'fire_exp': 1.1675033104477412, 'P_half': 40.52524608082001, 'pre_dampen_half': 1.6973866022297737, 'gpp_af': 4.61242809621931, 'gpp_b': 5.244089602805148e-05, 'gpp_d': 0.9287215637690505, 'ign_k': 0.018934091190334235, 'ign_c': 9.166232945933137, 'trop_agb_crit': 2.9187249990585866, 'trop_k_veg': 3.224589596037901, 'pop_amp': 3.4404431475860284, 'pop_peak': 84.75295790964087, 'pop_sig': 0.44316347754279134}. Best is trial 1128 with value: -0.620386984093161.
[I 2026-08-20 00:56:41,009] Trial 1431 finished with value: 0.46480332465544527 and parameters: {'k1': 0.028322267953905456, 'D_low': 26.54361641172995, 'k2': 0.0007794719317237672, 'D_high': 3521699.715228408, 'fire_exp': 1.0805386616866237, 'P_half': 1114.3676638474628, 'pre_dampen_half': 0.2115176816180514, 'gpp_af': 0.0028682375729403523, 'gpp_b': 1.5797551876230175e-05, 'gpp_d': 0.13506607203268106, 'ign_k': 0.001504053619873667, 'ign_c': 0.8148447040004736, 'trop_agb_crit': 7.123216167394526, 'trop_k_veg': 3.6411791604312373, 'pop_amp': 9.27483929778912, 'pop_peak': 1.934992226833769, 'pop_sig': 0.42805991354229167}. Best is trial 1128 with value: -0.620386984093161.
[I 2026-08-20 00:56:43,446] Trial 1432 finished with value: 0.4958743784106978 and parameters: {'k1': 0.000622083758571044, 'D_low': 197.8353498124549, 'k2': 6.96603910983115e-05, 'D_high': 2039187.0656983515, 'fire_exp': 4.304269657503317, 'P_half': 7.007187705378208, 'pre_dampen_half': 30.236745573360103, 'gpp_af': 3.9181589492577533, 'gpp_b': 0.00016054572146672325, 'gpp_d': 7.460255495312419, 'ign_k': 0.09042486506221879, 'ign_c': 0.7554175766551812, 'trop_agb_crit': 10.939948601518344, 'trop_k_veg': 3.506672828193408, 'pop_amp': 3.619054397232811, 'pop_peak': 397.0135509533647, 'pop_sig': 0.4425133316973751}. Best is trial 1128 with value: -0.620386984093161.
[I 2026-08-20 00:56:46,000] Trial 1433 finished with value: 0.5982635603872333 and parameters: {'k1': 0.001175221765685992, 'D_low': 2551.1812304294012, 'k2': 0.02666755947832149, 'D_high': 120639.34935340882, 'fire_exp': 3.5474861757848584, 'P_half': 60.399531684836795, 'pre_dampen_half': 13.818868390356544, 'gpp_af': 1.222058172377056, 'gpp_b': 0.0027233437074639616, 'gpp_d': 117.93281606268657, 'ign_k': 0.5447004930824229, 'ign_c': 0.11294498238791544, 'trop_agb_crit': 6.109966050247358, 'trop_k_veg': 3.75208163358603, 'pop_amp': 17.70356098891897, 'pop_peak': 0.34106917862921093, 'pop_sig': 0.8370917071674188}. Best is trial 1128 with value: -0.620386984093161.
[I 2026-08-20 00:56:48,573] Trial 1434 finished with value: 0.624173761142245 and parameters: {'k1': 1.9306697888212824e-05, 'D_low': 17.49338128765487, 'k2': 0.0077858061347139355, 'D_high': 849573.4971068896, 'fire_exp': 1.0657735853970396, 'P_half': 242.05404104895868, 'pre_dampen_half': 6.63363932866068, 'gpp_af': 0.261132104118109, 'gpp_b': 0.001870744086165061, 'gpp_d': 0.7355392973427113, 'ign_k': 7.99810688725044, 'ign_c': 0.36520649350070783, 'trop_agb_crit': 5.178216391313051, 'trop_k_veg': 6.365107888866561, 'pop_amp': 8.885693834119923, 'pop_peak': 4.091551261328092, 'pop_sig': 1.2946889514549798}. Best is trial 1128 with value: -0.620386984093161.
[I 2026-08-20 00:56:51,071] Trial 1435 finished with value: 0.5552724646030134 and parameters: {'k1': 0.0005083139813339527, 'D_low': 814.1784816075563, 'k2': 0.0022594250074731994, 'D_high': 8547317.863140559, 'fire_exp': 5.356491473500848, 'P_half': 123.03337993177759, 'pre_dampen_half': 1.4059567788161584, 'gpp_af': 3.232810798015401, 'gpp_b': 0.009957440560240793, 'gpp_d': 1.2722985972273715, 'ign_k': 0.22873393671860232, 'ign_c': 0.6474938033834737, 'trop_agb_crit': 4.648800789275746, 'trop_k_veg': 2.1589253522904164, 'pop_amp': 2.5223343382235113, 'pop_peak': 8.755931077650455, 'pop_sig': 0.8920110145572864}. Best is trial 1128 with value: -0.620386984093161.
[I 2026-08-20 00:56:54,153] Trial 1436 finished with value: -0.6031854437660076 and parameters: {'k1': 0.01736855265318331, 'D_low': 5.716626524137894, 'k2': 0.00014540105718400674, 'D_high': 937615.4725698559, 'fire_exp': 1.6650904700669253, 'P_half': 24.489055156931897, 'pre_dampen_half': 2.468163886034417, 'gpp_af': 0.0025477197949758286, 'gpp_b': 1.8039451365234774e-05, 'gpp_d': 449.27978360061223, 'ign_k': 2.6761165069764887, 'ign_c': 13.909095655883647, 'trop_agb_crit': 6.586357655554426, 'trop_k_veg': 4.120752613360798, 'pop_amp': 0.0012238747754394193, 'pop_peak': 2.7472566771834996, 'pop_sig': 0.7285267440012484}. Best is trial 1128 with value: -0.620386984093161.
[I 2026-08-20 00:56:56,711] Trial 1437 finished with value: -0.49340896216178065 and parameters: {'k1': 0.0001707485070013962, 'D_low': 12223.753811883198, 'k2': 6.308533993647972e-05, 'D_high': 2979339.0331625217, 'fire_exp': 2.577899670505607, 'P_half': 7.388595002484781, 'pre_dampen_half': 3.757305702339734, 'gpp_af': 2.5439224739860777, 'gpp_b': 0.00019377416313652593, 'gpp_d': 0.42961520353485083, 'ign_k': 0.04518854257237593, 'ign_c': 4.30651444610671, 'trop_agb_crit': 8.13143245274938, 'trop_k_veg': 2.0302442414481243, 'pop_amp': 4.7988862390784615, 'pop_peak': 4.087555457550963, 'pop_sig': 0.6947069301842147}. Best is trial 1128 with value: -0.620386984093161.
[I 2026-08-20 00:56:59,536] Trial 1438 finished with value: 0.5099124642480359 and parameters: {'k1': 1.787906503011094e-05, 'D_low': 59.73066839430211, 'k2': 4.2790877004304046e-05, 'D_high': 1756101.595420871, 'fire_exp': 2.3616425460652537, 'P_half': 32.9261717772312, 'pre_dampen_half': 4.775772120175226, 'gpp_af': 0.10276397758874349, 'gpp_b': 0.0011332490421382465, 'gpp_d': 209.58115687271524, 'ign_k': 0.13116929490854365, 'ign_c': 1.311530648115255, 'trop_agb_crit': 1.5163036354458095, 'trop_k_veg': 1.6011008533900066, 'pop_amp': 2.656415079428088, 'pop_peak': 830.3326458410161, 'pop_sig': 0.31406063276223223}. Best is trial 1128 with value: -0.620386984093161.
[I 2026-08-20 00:57:03,180] Trial 1439 finished with value: 0.6456386879928538 and parameters: {'k1': 0.00459208386244143, 'D_low': 5.990704943245122, 'k2': 0.0016031154733208632, 'D_high': 21420.236280360084, 'fire_exp': 1.2733700074487555, 'P_half': 1937.5987169317414, 'pre_dampen_half': 63.29880470090766, 'gpp_af': 0.16177032989127535, 'gpp_b': 2.2467049884366505e-05, 'gpp_d': 22.81042557513846, 'ign_k': 1.8905575214146308, 'ign_c': 44.670459873555615, 'trop_agb_crit': 10.168338519652627, 'trop_k_veg': 3.1711200227362264, 'pop_amp': 0.013536295081710562, 'pop_peak': 26.279780825223277, 'pop_sig': 2.0814115940872386}. Best is trial 1128 with value: -0.620386984093161.
