[I 2026-06-11 02:05:16,864] Trial 720 finished with values: [10.129727117949576, 10.129727117949576] and parameters: {'k1': 0.004439732043401208, 'D_low': 171.2446447678494, 'k2': 0.00037358626308127543, 'D_high': 16780.50857913099, 'fire_exp': 1.9136159174067866, 'P_half': 93.43302657318476, 'pre_dampen_half': 30.456909077772018, 'gpp_af': 0.008117091133892173, 'gpp_b': 2.176805640408474e-05, 'gpp_d': 1.0088237648985734, 'ign_k': 0.002357279455676982, 'ign_c': 39.52220881906114, 'trop_agb_crit': 6.666743425826005, 'trop_k_veg': 3.7910619738560545, 'fire_amp': 3.1543496524370136}.
[I 2026-06-11 02:05:18,264] Trial 721 finished with values: [10.610201216419142, 10.610201216419142] and parameters: {'k1': 0.012840669372724958, 'D_low': 1.4002277211577039, 'k2': 0.0004862769762212836, 'D_high': 32311.521854410956, 'fire_exp': 2.918808567018439, 'P_half': 61.6097529474144, 'pre_dampen_half': 16.009350908593582, 'gpp_af': 0.10098504976210308, 'gpp_b': 0.0004125336560355494, 'gpp_d': 1.0088237648985734, 'ign_k': 0.0017400806211046388, 'ign_c': 1.4879588507789996, 'trop_agb_crit': 1.8566494291193822, 'trop_k_veg': 2.520089655463604, 'fire_amp': 1.2393473789150806}.
[I 2026-06-11 02:05:19,755] Trial 722 finished with values: [12.182276794436474, 12.182276794436474] and parameters: {'k1': 3.609310926766545e-05, 'D_low': 43.03411264066069, 'k2': 8.968733598183248e-05, 'D_high': 36998.679204890876, 'fire_exp': 1.4848387260494937, 'P_half': 93.43302657318476, 'pre_dampen_half': 350.88322284755304, 'gpp_af': 0.2204465010099918, 'gpp_b': 0.00012118589392553798, 'gpp_d': 1.0088237648985734, 'ign_k': 0.002357279455676982, 'ign_c': 0.4177928311636542, 'trop_agb_crit': 11.664190932505923, 'trop_k_veg': 4.989748894578724, 'fire_amp': 3.1543496524370136}.
[I 2026-06-11 02:05:21,205] Trial 723 finished with values: [10.626627518103088, 10.626627518103088] and parameters: {'k1': 0.006164329525571074, 'D_low': 236.79352040223893, 'k2': 0.0007731571570012607, 'D_high': 252.84086172415604, 'fire_exp': 1.4848387260494937, 'P_half': 6004.223886195538, 'pre_dampen_half': 189.88136301569827, 'gpp_af': 1.9706963379095486, 'gpp_b': 0.002416023630607169, 'gpp_d': 21.899070557043984, 'ign_k': 0.17320535908244444, 'ign_c': 17.74954658911451, 'trop_agb_crit': 11.664190932505923, 'trop_k_veg': 7.11321188263873, 'fire_amp': 3.1543496524370136}.
[I 2026-06-11 02:05:22,587] Trial 724 finished with values: [10.483907368156986, 10.483907368156986] and parameters: {'k1': 5.025876001070713e-05, 'D_low': 1.7551403048208316, 'k2': 0.00037358626308127543, 'D_high': 36998.679204890876, 'fire_exp': 1.4848387260494937, 'P_half': 1549.6599265816342, 'pre_dampen_half': 30.456909077772018, 'gpp_af': 0.008117091133892173, 'gpp_b': 0.00807491410172472, 'gpp_d': 545.0253444559129, 'ign_k': 0.0029519227433917453, 'ign_c': 3.7623363852696734, 'trop_agb_crit': 12.647327018493208, 'trop_k_veg': 4.989748894578724, 'fire_amp': 3.211868494428654}.
[I 2026-06-11 02:05:24,391] Trial 725 finished with values: [10.410480404356072, 10.410480404356072] and parameters: {'k1': 0.005754658592592073, 'D_low': 43.03411264066069, 'k2': 0.00037358626308127543, 'D_high': 252.84086172415604, 'fire_exp': 1.2918065501148304, 'P_half': 1265.0580856641704, 'pre_dampen_half': 16.009350908593582, 'gpp_af': 0.008117091133892173, 'gpp_b': 0.0004125336560355494, 'gpp_d': 96.93415502195788, 'ign_k': 0.17320535908244444, 'ign_c': 4.142619760188259, 'trop_agb_crit': 11.664190932505923, 'trop_k_veg': 2.520089655463604, 'fire_amp': 1.2393473789150806}.
[I 2026-06-11 02:05:25,750] Trial 726 finished with values: [10.2097276075472, 10.2097276075472] and parameters: {'k1': 0.006164329525571074, 'D_low': 171.2446447678494, 'k2': 0.00037358626308127543, 'D_high': 36998.679204890876, 'fire_exp': 1.41873960828944, 'P_half': 1265.0580856641704, 'pre_dampen_half': 30.456909077772018, 'gpp_af': 0.2204465010099918, 'gpp_b': 0.12046049142392454, 'gpp_d': 1.0088237648985734, 'ign_k': 0.00636406716773548, 'ign_c': 7.081721844034206, 'trop_agb_crit': 1.8566494291193822, 'trop_k_veg': 5.453348988480011, 'fire_amp': 5.44779717154213}.
[I 2026-06-11 02:05:27,246] Trial 727 finished with values: [-0.6537800990361872, 0.1481993385727154] and parameters: {'k1': 0.012840669372724958, 'D_low': 171.2446447678494, 'k2': 0.00037358626308127543, 'D_high': 36998.679204890876, 'fire_exp': 1.2918065501148304, 'P_half': 139.09474988024093, 'pre_dampen_half': 30.456909077772018, 'gpp_af': 0.016306190741524337, 'gpp_b': 0.0004125336560355494, 'gpp_d': 0.7698760608299932, 'ign_k': 0.0029519227433917453, 'ign_c': 0.24361599465623282, 'trop_agb_crit': 2.0527418919564324, 'trop_k_veg': 2.520089655463604, 'fire_amp': 1.2393473789150806}.
[I 2026-06-11 02:05:28,697] Trial 728 finished with values: [10.60060410804032, 10.60060410804032] and parameters: {'k1': 0.03648456083047798, 'D_low': 148.21691630007544, 'k2': 0.0007731571570012607, 'D_high': 252.84086172415604, 'fire_exp': 1.2344878997299724, 'P_half': 1265.0580856641704, 'pre_dampen_half': 1.785889900578207, 'gpp_af': 0.10098504976210308, 'gpp_b': 0.00031478066835753096, 'gpp_d': 60.369370109848475, 'ign_k': 0.012802983592904445, 'ign_c': 1.4879588507789996, 'trop_agb_crit': 12.708819454040446, 'trop_k_veg': 2.724170387400844, 'fire_amp': 3.1543496524370136}.
[I 2026-06-11 02:05:30,042] Trial 729 finished with values: [10.007357461904707, 10.007357461904707] and parameters: {'k1': 5.178197947282869e-05, 'D_low': 236.79352040223893, 'k2': 0.045914852167405346, 'D_high': 32311.521854410956, 'fire_exp': 1.9136159174067866, 'P_half': 51.10120656497163, 'pre_dampen_half': 189.88136301569827, 'gpp_af': 0.060029341913968644, 'gpp_b': 0.00031478066835753096, 'gpp_d': 21.899070557043984, 'ign_k': 0.0018548376790967168, 'ign_c': 1.4879588507789996, 'trop_agb_crit': 12.708819454040446, 'trop_k_veg': 1.31065329020191, 'fire_amp': 1.1655705619308396}.
[I 2026-06-11 02:05:31,477] Trial 730 finished with values: [10.350010586053655, 10.350010586053655] and parameters: {'k1': 0.006164329525571074, 'D_low': 171.2446447678494, 'k2': 0.00037358626308127543, 'D_high': 4567.167062335235, 'fire_exp': 1.2918065501148304, 'P_half': 6004.223886195538, 'pre_dampen_half': 35.09387368811639, 'gpp_af': 0.015627364027979502, 'gpp_b': 0.0004125336560355494, 'gpp_d': 0.7698760608299932, 'ign_k': 0.0029519227433917453, 'ign_c': 7.081721844034206, 'trop_agb_crit': 8.0091368834625, 'trop_k_veg': 2.520089655463604, 'fire_amp': 5.44779717154213}.
[I 2026-06-11 02:05:33,040] Trial 731 finished with values: [10.54479177163536, 10.54479177163536] and parameters: {'k1': 0.012840669372724958, 'D_low': 171.2446447678494, 'k2': 0.00037358626308127543, 'D_high': 36998.679204890876, 'fire_exp': 1.41873960828944, 'P_half': 61.6097529474144, 'pre_dampen_half': 16.009350908593582, 'gpp_af': 9.489641456368314, 'gpp_b': 0.0004125336560355494, 'gpp_d': 0.7698760608299932, 'ign_k': 0.0029519227433917453, 'ign_c': 39.52220881906114, 'trop_agb_crit': 4.902399583903479, 'trop_k_veg': 2.520089655463604, 'fire_amp': 1.2393473789150806}.
[I 2026-06-11 02:05:34,508] Trial 732 finished with values: [10.732625538559851, 10.732625538559851] and parameters: {'k1': 3.609310926766545e-05, 'D_low': 1121.5915868662764, 'k2': 0.00037358626308127543, 'D_high': 252.84086172415604, 'fire_exp': 1.4848387260494937, 'P_half': 93.43302657318476, 'pre_dampen_half': 170.71098124594695, 'gpp_af': 43.24033972449845, 'gpp_b': 2.176805640408474e-05, 'gpp_d': 96.93415502195788, 'ign_k': 0.17320535908244444, 'ign_c': 39.52220881906114, 'trop_agb_crit': 12.647327018493208, 'trop_k_veg': 4.989748894578724, 'fire_amp': 3.1543496524370136}.
[I 2026-06-11 02:05:36,056] Trial 733 finished with values: [10.74923319280903, 10.74923319280903] and parameters: {'k1': 0.0018697387216131526, 'D_low': 1121.5915868662764, 'k2': 0.045914852167405346, 'D_high': 86.80971440148622, 'fire_exp': 1.4848387260494937, 'P_half': 1549.6599265816342, 'pre_dampen_half': 170.71098124594695, 'gpp_af': 0.10098504976210308, 'gpp_b': 0.00031478066835753096, 'gpp_d': 545.0253444559129, 'ign_k': 0.0029519227433917453, 'ign_c': 1.4879588507789996, 'trop_agb_crit': 12.647327018493208, 'trop_k_veg': 1.5128444555847316, 'fire_amp': 1.1655705619308396}.
[I 2026-06-11 02:05:37,401] Trial 734 finished with values: [10.567808559232594, 10.567808559232594] and parameters: {'k1': 3.609310926766545e-05, 'D_low': 43.03411264066069, 'k2': 0.0004976087827261435, 'D_high': 1266.9536563782303, 'fire_exp': 1.9136159174067866, 'P_half': 1265.0580856641704, 'pre_dampen_half': 170.71098124594695, 'gpp_af': 0.060029341913968644, 'gpp_b': 0.015062722325200045, 'gpp_d': 21.899070557043984, 'ign_k': 0.002357279455676982, 'ign_c': 153.51441568398127, 'trop_agb_crit': 11.664190932505923, 'trop_k_veg': 6.030247256556128, 'fire_amp': 5.606809127618709}.
[I 2026-06-11 02:05:38,694] Trial 735 finished with values: [10.71665964644043, 10.71665964644043] and parameters: {'k1': 3.609310926766545e-05, 'D_low': 1121.5915868662764, 'k2': 0.0004862769762212836, 'D_high': 16780.50857913099, 'fire_exp': 1.41873960828944, 'P_half': 3.591771421517613, 'pre_dampen_half': 0.057820263517959394, 'gpp_af': 0.008117091133892173, 'gpp_b': 0.00807491410172472, 'gpp_d': 12.338826503601998, 'ign_k': 0.07867677706257832, 'ign_c': 1.4879588507789996, 'trop_agb_crit': 12.708819454040446, 'trop_k_veg': 7.835003985864704, 'fire_amp': 2.7806853670293616}.
[I 2026-06-11 02:05:39,979] Trial 736 finished with values: [10.062578994996176, 10.062578994996176] and parameters: {'k1': 0.03648456083047798, 'D_low': 148.21691630007544, 'k2': 0.0004862769762212836, 'D_high': 32311.521854410956, 'fire_exp': 1.2344878997299724, 'P_half': 1549.6599265816342, 'pre_dampen_half': 8.259599205585761, 'gpp_af': 0.07118041471054574, 'gpp_b': 0.00031478066835753096, 'gpp_d': 545.0253444559129, 'ign_k': 0.002357279455676982, 'ign_c': 388.02797007866826, 'trop_agb_crit': 4.902399583903479, 'trop_k_veg': 2.724170387400844, 'fire_amp': 5.606809127618709}.
[I 2026-06-11 02:05:41,376] Trial 737 finished with values: [10.769230768877819, 10.769230768877819] and parameters: {'k1': 0.012840669372724958, 'D_low': 171.2446447678494, 'k2': 0.00037358626308127543, 'D_high': 32311.521854410956, 'fire_exp': 8.452807290590647, 'P_half': 1265.0580856641704, 'pre_dampen_half': 30.456909077772018, 'gpp_af': 0.10098504976210308, 'gpp_b': 2.176805640408474e-05, 'gpp_d': 1.0088237648985734, 'ign_k': 0.17320535908244444, 'ign_c': 342.8810943862522, 'trop_agb_crit': 2.0527418919564324, 'trop_k_veg': 2.520089655463604, 'fire_amp': 5.44779717154213}.
[I 2026-06-11 02:05:42,892] Trial 738 finished with values: [10.232278181567139, 10.232278181567139] and parameters: {'k1': 5.7909642338812115e-05, 'D_low': 1121.5915868662764, 'k2': 8.968733598183248e-05, 'D_high': 1444.8691591610498, 'fire_exp': 1.9136159174067866, 'P_half': 93.43302657318476, 'pre_dampen_half': 350.88322284755304, 'gpp_af': 0.008117091133892173, 'gpp_b': 2.176805640408474e-05, 'gpp_d': 1.0088237648985734, 'ign_k': 0.002357279455676982, 'ign_c': 39.52220881906114, 'trop_agb_crit': 8.0091368834625, 'trop_k_veg': 4.989748894578724, 'fire_amp': 3.1543496524370136}.
[I 2026-06-11 02:05:44,362] Trial 739 finished with values: [10.59082265889794, 10.59082265889794] and parameters: {'k1': 5.178197947282869e-05, 'D_low': 1.7551403048208316, 'k2': 0.00037358626308127543, 'D_high': 23341.737328466752, 'fire_exp': 1.9136159174067866, 'P_half': 51.10120656497163, 'pre_dampen_half': 30.456909077772018, 'gpp_af': 0.07118041471054574, 'gpp_b': 0.015062722325200045, 'gpp_d': 21.899070557043984, 'ign_k': 0.002357279455676982, 'ign_c': 388.02797007866826, 'trop_agb_crit': 8.0091368834625, 'trop_k_veg': 6.030247256556128, 'fire_amp': 2.5432210024239192}.
[I 2026-06-11 02:05:45,974] Trial 740 finished with values: [10.761206382403484, 10.761206382403484] and parameters: {'k1': 0.012840669372724958, 'D_low': 171.2446447678494, 'k2': 8.968733598183248e-05, 'D_high': 16780.50857913099, 'fire_exp': 1.9136159174067866, 'P_half': 1265.0580856641704, 'pre_dampen_half': 170.71098124594695, 'gpp_af': 0.008117091133892173, 'gpp_b': 0.0004125336560355494, 'gpp_d': 1.0088237648985734, 'ign_k': 0.17320535908244444, 'ign_c': 39.52220881906114, 'trop_agb_crit': 11.664190932505923, 'trop_k_veg': 2.520089655463604, 'fire_amp': 1.2393473789150806}.
[I 2026-06-11 02:05:47,326] Trial 741 finished with values: [10.707469111812173, 10.707469111812173] and parameters: {'k1': 0.0031213520322039886, 'D_low': 171.2446447678494, 'k2': 0.00037358626308127543, 'D_high': 36998.679204890876, 'fire_exp': 1.9136159174067866, 'P_half': 51.10120656497163, 'pre_dampen_half': 189.88136301569827, 'gpp_af': 0.002790115363936195, 'gpp_b': 0.015062722325200045, 'gpp_d': 21.899070557043984, 'ign_k': 0.002357279455676982, 'ign_c': 388.02797007866826, 'trop_agb_crit': 8.0091368834625, 'trop_k_veg': 2.520089655463604, 'fire_amp': 5.44779717154213}.
[I 2026-06-11 02:05:48,672] Trial 742 finished with values: [10.769055653394766, 10.769055653394766] and parameters: {'k1': 0.030699709531122967, 'D_low': 1121.5915868662764, 'k2': 0.003767022142229395, 'D_high': 252.84086172415604, 'fire_exp': 1.9136159174067866, 'P_half': 12.280874862135363, 'pre_dampen_half': 170.71098124594695, 'gpp_af': 1.9706963379095486, 'gpp_b': 0.00012118589392553798, 'gpp_d': 96.93415502195788, 'ign_k': 0.0029519227433917453, 'ign_c': 48.704711413416454, 'trop_agb_crit': 11.664190932505923, 'trop_k_veg': 2.520089655463604, 'fire_amp': 3.1543496524370136}.
[I 2026-06-11 02:05:50,188] Trial 743 finished with values: [10.503926023676044, 10.503926023676044] and parameters: {'k1': 0.012840669372724958, 'D_low': 171.2446447678494, 'k2': 0.00037358626308127543, 'D_high': 36998.679204890876, 'fire_exp': 1.41873960828944, 'P_half': 61.6097529474144, 'pre_dampen_half': 16.009350908593582, 'gpp_af': 5.975195267844334, 'gpp_b': 0.0004125336560355494, 'gpp_d': 0.7698760608299932, 'ign_k': 0.0029519227433917453, 'ign_c': 39.52220881906114, 'trop_agb_crit': 4.902399583903479, 'trop_k_veg': 2.520089655463604, 'fire_amp': 1.2393473789150806}.
[I 2026-06-11 02:05:51,684] Trial 744 finished with values: [10.644114613159251, 10.644114613159251] and parameters: {'k1': 5.7909642338812115e-05, 'D_low': 1.4002277211577039, 'k2': 0.032141234030334316, 'D_high': 6682.9607218310075, 'fire_exp': 1.1633452995374232, 'P_half': 1265.0580856641704, 'pre_dampen_half': 1.8469033699850426, 'gpp_af': 0.9219336658511308, 'gpp_b': 0.00036184510553922684, 'gpp_d': 1.4397852866783676, 'ign_k': 0.0032383308053152635, 'ign_c': 388.02797007866826, 'trop_agb_crit': 11.664190932505923, 'trop_k_veg': 2.99731137426955, 'fire_amp': 5.44779717154213}.
[I 2026-06-11 02:05:53,084] Trial 745 finished with values: [12.225085825228723, 12.225085825228723] and parameters: {'k1': 0.012840669372724958, 'D_low': 236.79352040223893, 'k2': 3.2423055114836195e-05, 'D_high': 24.9899605789089, 'fire_exp': 1.2344878997299724, 'P_half': 1265.0580856641704, 'pre_dampen_half': 189.88136301569827, 'gpp_af': 1.9706963379095486, 'gpp_b': 0.0004125336560355494, 'gpp_d': 96.93415502195788, 'ign_k': 0.5407445028694732, 'ign_c': 4.142619760188259, 'trop_agb_crit': 8.0091368834625, 'trop_k_veg': 0.5183533149347164, 'fire_amp': 5.44779717154213}.
[I 2026-06-11 02:05:54,423] Trial 746 finished with values: [10.731902681001495, 10.731902681001495] and parameters: {'k1': 0.012840669372724958, 'D_low': 1.7551403048208316, 'k2': 0.020149789847008874, 'D_high': 32311.521854410956, 'fire_exp': 1.2344878997299724, 'P_half': 5.4712187293420325, 'pre_dampen_half': 81.30934046917365, 'gpp_af': 0.016306190741524337, 'gpp_b': 2.176805640408474e-05, 'gpp_d': 12.338826503601998, 'ign_k': 0.0029519227433917453, 'ign_c': 342.8810943862522, 'trop_agb_crit': 12.708819454040446, 'trop_k_veg': 6.030247256556128, 'fire_amp': 1.1655705619308396}.
[I 2026-06-11 02:05:55,751] Trial 747 finished with values: [10.056062905563232, 10.056062905563232] and parameters: {'k1': 3.609310926766545e-05, 'D_low': 171.2446447678494, 'k2': 0.00037358626308127543, 'D_high': 1266.9536563782303, 'fire_exp': 1.9136159174067866, 'P_half': 93.43302657318476, 'pre_dampen_half': 350.88322284755304, 'gpp_af': 0.008117091133892173, 'gpp_b': 2.176805640408474e-05, 'gpp_d': 1.0088237648985734, 'ign_k': 0.0029519227433917453, 'ign_c': 39.52220881906114, 'trop_agb_crit': 12.647327018493208, 'trop_k_veg': 4.989748894578724, 'fire_amp': 3.1543496524370136}.
[I 2026-06-11 02:05:57,155] Trial 748 finished with values: [10.762148011163728, 10.762148011163728] and parameters: {'k1': 0.0002418422795847161, 'D_low': 43.03411264066069, 'k2': 0.0007731571570012607, 'D_high': 252.84086172415604, 'fire_exp': 1.4848387260494937, 'P_half': 1265.0580856641704, 'pre_dampen_half': 16.009350908593582, 'gpp_af': 3.4972243108738175, 'gpp_b': 0.00012118589392553798, 'gpp_d': 96.93415502195788, 'ign_k': 0.17320535908244444, 'ign_c': 39.52220881906114, 'trop_agb_crit': 11.664190932505923, 'trop_k_veg': 2.99731137426955, 'fire_amp': 2.7806853670293616}.
[I 2026-06-11 02:05:58,664] Trial 749 finished with values: [10.769104450734849, 10.769104450734849] and parameters: {'k1': 0.006164329525571074, 'D_low': 171.2446447678494, 'k2': 0.00037358626308127543, 'D_high': 24.9899605789089, 'fire_exp': 1.2918065501148304, 'P_half': 6004.223886195538, 'pre_dampen_half': 30.456909077772018, 'gpp_af': 0.016306190741524337, 'gpp_b': 0.0004125336560355494, 'gpp_d': 21.899070557043984, 'ign_k': 0.5407445028694732, 'ign_c': 39.52220881906114, 'trop_agb_crit': 8.0091368834625, 'trop_k_veg': 2.520089655463604, 'fire_amp': 5.44779717154213}.
[I 2026-06-11 02:06:00,147] Trial 750 finished with values: [10.36766931357892, 10.36766931357892] and parameters: {'k1': 0.012840669372724958, 'D_low': 171.2446447678494, 'k2': 0.00037358626308127543, 'D_high': 36998.679204890876, 'fire_exp': 1.2344878997299724, 'P_half': 5.4712187293420325, 'pre_dampen_half': 0.015163585438685893, 'gpp_af': 0.016306190741524337, 'gpp_b': 2.176805640408474e-05, 'gpp_d': 0.7698760608299932, 'ign_k': 0.002357279455676982, 'ign_c': 1.6312233285809252, 'trop_agb_crit': 2.447085645036977, 'trop_k_veg': 2.520089655463604, 'fire_amp': 5.44779717154213}.
[I 2026-06-11 02:06:01,502] Trial 751 finished with values: [10.44433638665706, 10.44433638665706] and parameters: {'k1': 0.012840669372724958, 'D_low': 171.2446447678494, 'k2': 0.00037358626308127543, 'D_high': 36998.679204890876, 'fire_exp': 1.2918065501148304, 'P_half': 114.62237838612074, 'pre_dampen_half': 30.456909077772018, 'gpp_af': 0.2204465010099918, 'gpp_b': 0.0004125336560355494, 'gpp_d': 0.7698760608299932, 'ign_k': 0.0029519227433917453, 'ign_c': 39.52220881906114, 'trop_agb_crit': 3.3933702290907823, 'trop_k_veg': 5.453348988480011, 'fire_amp': 1.9065166209115891}.
[I 2026-06-11 02:06:02,858] Trial 752 finished with values: [10.01616045028828, 10.01616045028828] and parameters: {'k1': 5.178197947282869e-05, 'D_low': 1.7551403048208316, 'k2': 0.00037358626308127543, 'D_high': 36998.679204890876, 'fire_exp': 1.2344878997299724, 'P_half': 1549.6599265816342, 'pre_dampen_half': 35.09387368811639, 'gpp_af': 0.015627364027979502, 'gpp_b': 0.0004125336560355494, 'gpp_d': 0.7698760608299932, 'ign_k': 0.0018548376790967168, 'ign_c': 1.4879588507789996, 'trop_agb_crit': 3.3933702290907823, 'trop_k_veg': 2.520089655463604, 'fire_amp': 2.7806853670293616}.
[I 2026-06-11 02:06:04,217] Trial 753 finished with values: [-0.677032923037451, 0.10971570883367299] and parameters: {'k1': 5.178197947282869e-05, 'D_low': 236.79352040223893, 'k2': 8.968733598183248e-05, 'D_high': 16780.50857913099, 'fire_exp': 1.9136159174067866, 'P_half': 93.43302657318476, 'pre_dampen_half': 350.88322284755304, 'gpp_af': 0.008117091133892173, 'gpp_b': 0.0004125336560355494, 'gpp_d': 21.899070557043984, 'ign_k': 0.002357279455676982, 'ign_c': 39.52220881906114, 'trop_agb_crit': 8.0091368834625, 'trop_k_veg': 2.520089655463604, 'fire_amp': 3.1543496524370136}.
[I 2026-06-11 02:06:05,715] Trial 754 finished with values: [10.820878449321903, 10.820878449321903] and parameters: {'k1': 0.0018697387216131526, 'D_low': 1.7551403048208316, 'k2': 0.045914852167405346, 'D_high': 36998.679204890876, 'fire_exp': 1.4848387260494937, 'P_half': 1549.6599265816342, 'pre_dampen_half': 350.88322284755304, 'gpp_af': 0.2204465010099918, 'gpp_b': 0.00807491410172472, 'gpp_d': 545.0253444559129, 'ign_k': 0.002357279455676982, 'ign_c': 3.7623363852696734, 'trop_agb_crit': 12.647327018493208, 'trop_k_veg': 4.989748894578724, 'fire_amp': 3.1543496524370136}.
[I 2026-06-11 02:06:07,588] Trial 755 finished with values: [10.76817213755728, 10.76817213755728] and parameters: {'k1': 3.609310926766545e-05, 'D_low': 43.03411264066069, 'k2': 0.00037358626308127543, 'D_high': 36998.679204890876, 'fire_exp': 1.4848387260494937, 'P_half': 1265.0580856641704, 'pre_dampen_half': 0.02742923743141574, 'gpp_af': 48.393732009256986, 'gpp_b': 0.00012118589392553798, 'gpp_d': 0.1922572998567411, 'ign_k': 0.16413793406858565, 'ign_c': 0.4177928311636542, 'trop_agb_crit': 11.664190932505923, 'trop_k_veg': 4.989748894578724, 'fire_amp': 3.1543496524370136}.
[I 2026-06-11 02:06:08,907] Trial 756 finished with values: [10.619569755959915, 10.619569755959915] and parameters: {'k1': 0.012840669372724958, 'D_low': 171.2446447678494, 'k2': 0.00037358626308127543, 'D_high': 36998.679204890876, 'fire_exp': 1.9136159174067866, 'P_half': 93.43302657318476, 'pre_dampen_half': 16.009350908593582, 'gpp_af': 0.016306190741524337, 'gpp_b': 2.176805640408474e-05, 'gpp_d': 0.7698760608299932, 'ign_k': 0.0029519227433917453, 'ign_c': 342.8810943862522, 'trop_agb_crit': 2.0527418919564324, 'trop_k_veg': 2.520089655463604, 'fire_amp': 1.2393473789150806}.
