[I 2026-07-25 00:38:52,716] Trial 1229 finished with value: 0.5027675291481144 and parameters: {'k1': 0.04405199623909997, 'D_low': 12.406113539226425, 'k2': 0.0019668732090931946, 'D_high': 7808978.485641983, 'fire_exp': 4.82296547270182, 'P_half': 277.4196305552948, 'pre_dampen_half': 10.996747009361352, 'gpp_af': 0.004886300367552835, 'gpp_b': 0.006205678331619705, 'gpp_d': 35.04523992993767, 'ign_k': 0.8664651340381171, 'ign_c': 90.29830332815756, 'trop_agb_crit': 26.1895417455544, 'trop_k_veg': 0.7910551482953543, 'gdp_gamma': 1.552686708517736, 'cure_k': 0.05676133327079671, 'cure_p_min': 235.75072613936555, 'cure_gpp_ref': 0.4425458239715089, 'cure_agb_crit': 2.6211217395975, 'fuel_k': 5.475424713251182, 'fuel_half': 11.189281508051886}. Best is trial 1132 with value: -0.6317570269256394.
[I 2026-07-25 00:38:53,177] Trial 1230 finished with value: 0.4737964583825909 and parameters: {'k1': 0.0005574417883193607, 'D_low': 1533.2322578263709, 'k2': 9.680544472397936e-05, 'D_high': 1969458.5045868426, 'fire_exp': 1.1780763759699135, 'P_half': 184.48166143463126, 'pre_dampen_half': 0.12065294646466161, 'gpp_af': 97.9692404781684, 'gpp_b': 0.0006343989041555502, 'gpp_d': 89.35984779347412, 'ign_k': 8.271265493157143, 'ign_c': 3.9699655407733565, 'trop_agb_crit': 27.19380688514898, 'trop_k_veg': 3.6736162865434125, 'gdp_gamma': 0.07136108213805499, 'cure_k': 0.025542664407499478, 'cure_p_min': 287.0161698754872, 'cure_gpp_ref': 0.9935617211835427, 'cure_agb_crit': 5.763681197560929, 'fuel_k': 0.07436953999280257, 'fuel_half': 0.2018692068278834}. Best is trial 1132 with value: -0.6317570269256394.
[I 2026-07-25 00:38:53,639] Trial 1231 finished with value: -0.54164693444258 and parameters: {'k1': 0.008444096350524927, 'D_low': 2416.6189838555797, 'k2': 0.0022253241709698913, 'D_high': 2466286.962023899, 'fire_exp': 1.3704179014422302, 'P_half': 458.43601353607767, 'pre_dampen_half': 506.71203409313557, 'gpp_af': 0.06460589189265568, 'gpp_b': 0.07650779675331064, 'gpp_d': 102.62684388137562, 'ign_k': 0.03717270995809503, 'ign_c': 1.3004987264776868, 'trop_agb_crit': 19.993881225396876, 'trop_k_veg': 0.751464456523378, 'gdp_gamma': 1.3846953125764443, 'cure_k': 0.009445654608738465, 'cure_p_min': 326.474647135817, 'cure_gpp_ref': 0.1521606347208333, 'cure_agb_crit': 1.871346196855997, 'fuel_k': 0.020550936254853713, 'fuel_half': 84.05799237687434}. Best is trial 1132 with value: -0.6317570269256394.
[I 2026-07-25 00:38:54,099] Trial 1232 finished with value: 0.5815189259147211 and parameters: {'k1': 0.08409739993787879, 'D_low': 1191.3350530897014, 'k2': 0.0970791761931515, 'D_high': 1428422.1114426476, 'fire_exp': 1.224608924743739, 'P_half': 73.34502693028209, 'pre_dampen_half': 30.527004672080373, 'gpp_af': 0.005295641986250315, 'gpp_b': 1.1912331372181589e-05, 'gpp_d': 1.8582835382740053, 'ign_k': 0.009887905762814774, 'ign_c': 0.8107543096793136, 'trop_agb_crit': 23.749554843987507, 'trop_k_veg': 0.6018921270822899, 'gdp_gamma': 1.0008910183399349, 'cure_k': 0.0036898643403620018, 'cure_p_min': 313.2326939400253, 'cure_gpp_ref': 0.7562575996588443, 'cure_agb_crit': 1.0830007777233206, 'fuel_k': 0.19064178065913373, 'fuel_half': 14.359819642137195}. Best is trial 1132 with value: -0.6317570269256394.
[I 2026-07-25 00:38:54,586] Trial 1233 finished with value: 0.5350473642808666 and parameters: {'k1': 5.7999257819004235e-05, 'D_low': 1957.4869441218061, 'k2': 0.00036871311692362156, 'D_high': 1095445.7951729225, 'fire_exp': 1.0394451145383352, 'P_half': 9.873976059253257, 'pre_dampen_half': 0.8812700837774177, 'gpp_af': 0.09421931369991837, 'gpp_b': 0.17669530549360868, 'gpp_d': 26.759539271940483, 'ign_k': 0.8994535125177183, 'ign_c': 26.241084669324295, 'trop_agb_crit': 3.9392632904797567, 'trop_k_veg': 1.9522495874271844, 'gdp_gamma': 1.4852113464894152, 'cure_k': 0.0012689015004368799, 'cure_p_min': 265.8275639081327, 'cure_gpp_ref': 1.1310757949180539, 'cure_agb_crit': 3.5541432624518743, 'fuel_k': 0.1197514900924673, 'fuel_half': 0.49407115633333226}. Best is trial 1132 with value: -0.6317570269256394.
[I 2026-07-25 00:38:55,081] Trial 1234 finished with value: -0.5831743064547532 and parameters: {'k1': 0.04317135892531215, 'D_low': 179.8387606206472, 'k2': 0.00033284858855148897, 'D_high': 1838989.0112901744, 'fire_exp': 1.9572276560910133, 'P_half': 112.8496613518602, 'pre_dampen_half': 0.15199773672492684, 'gpp_af': 42.41039868231567, 'gpp_b': 1.1096138422630217, 'gpp_d': 336.0918196254474, 'ign_k': 0.20380883211070094, 'ign_c': 0.4109611056754724, 'trop_agb_crit': 2.351221638540897, 'trop_k_veg': 7.574277372901641, 'gdp_gamma': 1.2492461683813765, 'cure_k': 0.023910876327751872, 'cure_p_min': 341.1568747128561, 'cure_gpp_ref': 0.6183441839655773, 'cure_agb_crit': 3.9671225879507004, 'fuel_k': 0.01283970420744669, 'fuel_half': 2.122519642847501}. Best is trial 1132 with value: -0.6317570269256394.
[I 2026-07-25 00:38:55,542] Trial 1235 finished with value: 0.40280086169904883 and parameters: {'k1': 0.00019792918810554496, 'D_low': 2860.4992181102043, 'k2': 0.0006037331493237293, 'D_high': 397840.34034683765, 'fire_exp': 1.022314571498181, 'P_half': 84.46801553608596, 'pre_dampen_half': 2.13004134641965, 'gpp_af': 0.42076939328446755, 'gpp_b': 9.337195500252259e-05, 'gpp_d': 895.0100125189699, 'ign_k': 0.019102344187005692, 'ign_c': 6.441006319039287, 'trop_agb_crit': 12.597356570711852, 'trop_k_veg': 3.616444229250718, 'gdp_gamma': 0.21675081188585446, 'cure_k': 0.003660432501564122, 'cure_p_min': 278.0956636614132, 'cure_gpp_ref': 1.3269342955510184, 'cure_agb_crit': 4.047106951714435, 'fuel_k': 0.028162472691665778, 'fuel_half': 4.752439694063401}. Best is trial 1132 with value: -0.6317570269256394.
[I 2026-07-25 00:38:56,002] Trial 1236 finished with value: 0.4445916540458438 and parameters: {'k1': 1.0270445748147906e-05, 'D_low': 10781.315400393461, 'k2': 0.000256863613882619, 'D_high': 71083.09482728412, 'fire_exp': 1.0925304366938187, 'P_half': 652.614092546361, 'pre_dampen_half': 0.02401767970144884, 'gpp_af': 0.1228952058297326, 'gpp_b': 0.004801016821103292, 'gpp_d': 10.98496539620369, 'ign_k': 0.1540057301350921, 'ign_c': 4.4054902753809415, 'trop_agb_crit': 5.2472146968754645, 'trop_k_veg': 3.243975017363787, 'gdp_gamma': 0.8880109799473809, 'cure_k': 0.03777503297692409, 'cure_p_min': 378.5245605785485, 'cure_gpp_ref': 1.2501899984841012, 'cure_agb_crit': 3.0813917617871893, 'fuel_k': 0.14156838687442305, 'fuel_half': 0.38874530009838254}. Best is trial 1132 with value: -0.6317570269256394.
[I 2026-07-25 00:38:56,463] Trial 1237 finished with value: 0.5900117065247428 and parameters: {'k1': 0.06943997837060785, 'D_low': 2094.4861511709923, 'k2': 0.07566616683977874, 'D_high': 7661264.718862096, 'fire_exp': 2.792282970429966, 'P_half': 174.54344914776098, 'pre_dampen_half': 14.26129001083754, 'gpp_af': 0.012451091046816118, 'gpp_b': 0.0023742241810976346, 'gpp_d': 116.92149257879828, 'ign_k': 0.01800589315376041, 'ign_c': 103.66966027000767, 'trop_agb_crit': 5.5449657130104715, 'trop_k_veg': 0.6761434404256206, 'gdp_gamma': 0.5215880677355734, 'cure_k': 0.001135025079073314, 'cure_p_min': 322.07486242016546, 'cure_gpp_ref': 0.6281100094079152, 'cure_agb_crit': 3.9899866178649965, 'fuel_k': 0.0754848819227527, 'fuel_half': 84.96741201266875}. Best is trial 1132 with value: -0.6317570269256394.
[I 2026-07-25 00:38:56,925] Trial 1238 finished with value: 0.6120347681905615 and parameters: {'k1': 0.012803838607687813, 'D_low': 3440.5303144967556, 'k2': 0.00034650157697951585, 'D_high': 9646112.145903455, 'fire_exp': 1.8172234594426462, 'P_half': 163.92374052340574, 'pre_dampen_half': 33.22499876628496, 'gpp_af': 32.89168598958862, 'gpp_b': 0.028032627020200304, 'gpp_d': 52.5965004871413, 'ign_k': 0.039856753634656884, 'ign_c': 142.04943379131805, 'trop_agb_crit': 21.587681451978224, 'trop_k_veg': 0.8515180240691518, 'gdp_gamma': 0.8252692316902533, 'cure_k': 0.0011033539280876806, 'cure_p_min': 319.35925132118217, 'cure_gpp_ref': 1.5581697012190574, 'cure_agb_crit': 1.9944483779656248, 'fuel_k': 0.2887101028314455, 'fuel_half': 0.14874921441696082}. Best is trial 1132 with value: -0.6317570269256394.
[I 2026-07-25 00:38:57,387] Trial 1239 finished with value: 0.5091103609594799 and parameters: {'k1': 0.09686887521491604, 'D_low': 658.6449759765854, 'k2': 2.4068131669075878e-05, 'D_high': 1513009.5196987225, 'fire_exp': 2.041790691203549, 'P_half': 3.5265407121063124, 'pre_dampen_half': 10.059814373248969, 'gpp_af': 6.811130937848996, 'gpp_b': 0.6980969193378114, 'gpp_d': 754.3191209484276, 'ign_k': 0.19095890021786885, 'ign_c': 2.5659918603613465, 'trop_agb_crit': 3.7193883718440457, 'trop_k_veg': 6.225533143837155, 'gdp_gamma': 0.4738080591947955, 'cure_k': 0.05362608371002935, 'cure_p_min': 334.6106851946893, 'cure_gpp_ref': 1.4774674826770424, 'cure_agb_crit': 2.7044519176506188, 'fuel_k': 0.044568738329563026, 'fuel_half': 8.769538868162936}. Best is trial 1132 with value: -0.6317570269256394.
[I 2026-07-25 00:38:57,846] Trial 1240 finished with value: -0.6032963315023732 and parameters: {'k1': 0.0002493790311916312, 'D_low': 64.97033343076392, 'k2': 0.00043338701454489115, 'D_high': 5206464.851007729, 'fire_exp': 1.1426836061406402, 'P_half': 68.22440947190273, 'pre_dampen_half': 0.4821372516565473, 'gpp_af': 0.035806687469797746, 'gpp_b': 0.027429147017318675, 'gpp_d': 32.5377797517719, 'ign_k': 0.2057688924554243, 'ign_c': 0.7114998437611129, 'trop_agb_crit': 5.6711455343678105, 'trop_k_veg': 3.1942096814654217, 'gdp_gamma': 1.2868641093053674, 'cure_k': 0.002959512709336823, 'cure_p_min': 242.9604168143325, 'cure_gpp_ref': 1.124644815811373, 'cure_agb_crit': 3.8277379314218014, 'fuel_k': 0.41648421814663733, 'fuel_half': 11.640702946328538}. Best is trial 1132 with value: -0.6317570269256394.
[I 2026-07-25 00:38:58,304] Trial 1241 finished with value: 0.5048184498268189 and parameters: {'k1': 0.0016661452298834128, 'D_low': 2.1892113456859086, 'k2': 0.0006702164041588745, 'D_high': 220082.9192575107, 'fire_exp': 1.4931457977267177, 'P_half': 4.735020766697082, 'pre_dampen_half': 0.13912966908884358, 'gpp_af': 0.003230459136679299, 'gpp_b': 0.00019884828056737793, 'gpp_d': 81.80444938036895, 'ign_k': 0.008840919666041874, 'ign_c': 103.0815243411821, 'trop_agb_crit': 22.402426486370345, 'trop_k_veg': 1.8359200124938644, 'gdp_gamma': 0.7845265104507728, 'cure_k': 0.008236921353544351, 'cure_p_min': 123.35859312702114, 'cure_gpp_ref': 0.8765305643683047, 'cure_agb_crit': 7.166902614710388, 'fuel_k': 0.9226637171598028, 'fuel_half': 66.20470550914234}. Best is trial 1132 with value: -0.6317570269256394.
[I 2026-07-25 00:38:58,767] Trial 1242 finished with value: 0.5885782421885123 and parameters: {'k1': 3.0972386764407956e-05, 'D_low': 273.0899584784415, 'k2': 0.000255678719635172, 'D_high': 539266.9104299906, 'fire_exp': 1.9030855197897252, 'P_half': 3951.0042252075564, 'pre_dampen_half': 1.6905689066050178, 'gpp_af': 0.004106081466542827, 'gpp_b': 0.028850901292141618, 'gpp_d': 0.7856372973695216, 'ign_k': 0.08867576002192329, 'ign_c': 0.8421844006214015, 'trop_agb_crit': 5.806706703085343, 'trop_k_veg': 3.7339983345644585, 'gdp_gamma': 1.0413097443782928, 'cure_k': 0.0017996332987641524, 'cure_p_min': 189.1015454569617, 'cure_gpp_ref': 1.0897434689748993, 'cure_agb_crit': 2.8335328593512457, 'fuel_k': 0.44402316143626347, 'fuel_half': 23.719745952881905}. Best is trial 1132 with value: -0.6317570269256394.
[I 2026-07-25 00:38:59,355] Trial 1243 finished with value: 0.5622393186185495 and parameters: {'k1': 0.00018302265599368865, 'D_low': 2.3609165217023933, 'k2': 7.39941284637407e-05, 'D_high': 2061652.0611813178, 'fire_exp': 1.5727673520135927, 'P_half': 19.400117106840064, 'pre_dampen_half': 0.040242623793359675, 'gpp_af': 0.18568603940141154, 'gpp_b': 0.11681411298567233, 'gpp_d': 0.2957278630201061, 'ign_k': 0.9719395252664563, 'ign_c': 11.313383451902556, 'trop_agb_crit': 2.3231123322239817, 'trop_k_veg': 2.6398951784733917, 'gdp_gamma': 0.23390037161953664, 'cure_k': 0.03756205740726128, 'cure_p_min': 212.2755446638642, 'cure_gpp_ref': 0.726516963759483, 'cure_agb_crit': 4.484826700518804, 'fuel_k': 0.9178540848083098, 'fuel_half': 2.5397022655719947}. Best is trial 1132 with value: -0.6317570269256394.
[I 2026-07-25 00:38:59,813] Trial 1244 finished with value: 0.4838251785250838 and parameters: {'k1': 0.04533516482450103, 'D_low': 1.0877893782568433, 'k2': 1.009478175832381e-05, 'D_high': 644439.4380579464, 'fire_exp': 1.6430101363534582, 'P_half': 32.45252032062921, 'pre_dampen_half': 0.12534265221058286, 'gpp_af': 4.005939427841478, 'gpp_b': 2.9607489962562688, 'gpp_d': 28.47684801366194, 'ign_k': 0.259728161211577, 'ign_c': 13.987660025261704, 'trop_agb_crit': 13.727045677517458, 'trop_k_veg': 2.814273910354124, 'gdp_gamma': 0.7043012228542528, 'cure_k': 0.012563276800656, 'cure_p_min': 303.020004551075, 'cure_gpp_ref': 0.9870255035445481, 'cure_agb_crit': 7.474335772081167, 'fuel_k': 0.022475118243020255, 'fuel_half': 20.538844389076367}. Best is trial 1132 with value: -0.6317570269256394.
[I 2026-07-25 00:39:00,272] Trial 1245 finished with value: 0.49666869420730886 and parameters: {'k1': 0.0643707923622841, 'D_low': 1154.5707332842185, 'k2': 0.031681033554895606, 'D_high': 515761.75571388553, 'fire_exp': 2.1705911787959735, 'P_half': 440.55924990121343, 'pre_dampen_half': 2.5807401984749037, 'gpp_af': 0.27648079477487203, 'gpp_b': 0.006711494715218819, 'gpp_d': 13.98071371841035, 'ign_k': 0.0017437519616274855, 'ign_c': 12.990406090085683, 'trop_agb_crit': 18.84474704836677, 'trop_k_veg': 1.0752854460183807, 'gdp_gamma': 1.089735470777071, 'cure_k': 0.004399456481078995, 'cure_p_min': 353.4916875765946, 'cure_gpp_ref': 0.054482763539119794, 'cure_agb_crit': 1.7081695554434682, 'fuel_k': 0.030584551227724282, 'fuel_half': 72.9861422341123}. Best is trial 1132 with value: -0.6317570269256394.
[I 2026-07-25 00:39:00,735] Trial 1246 finished with value: 0.5826550389957607 and parameters: {'k1': 0.07813332478951644, 'D_low': 4782.358543980541, 'k2': 0.00020614163929504015, 'D_high': 4145798.6254114127, 'fire_exp': 2.9712945787280485, 'P_half': 1500.3298942026797, 'pre_dampen_half': 17.522717230650688, 'gpp_af': 2.7123899896019656, 'gpp_b': 9.559458549964651, 'gpp_d': 28.79880780066891, 'ign_k': 5.760413989694366, 'ign_c': 12.478102923559831, 'trop_agb_crit': 5.8715889826467835, 'trop_k_veg': 4.24601637212743, 'gdp_gamma': 0.4641715768287224, 'cure_k': 0.03224298490989887, 'cure_p_min': 388.37071231880395, 'cure_gpp_ref': 1.4028939878955116, 'cure_agb_crit': 2.7702778898731593, 'fuel_k': 0.012792620449669018, 'fuel_half': 11.086827262495703}. Best is trial 1132 with value: -0.6317570269256394.
[I 2026-07-25 00:39:01,197] Trial 1247 finished with value: 0.5742466399336065 and parameters: {'k1': 0.024350245914897848, 'D_low': 1726.1212131362745, 'k2': 0.026088088622256, 'D_high': 2047396.5245831811, 'fire_exp': 2.967844941014263, 'P_half': 625.5946917296856, 'pre_dampen_half': 1.2953692038336198, 'gpp_af': 0.0012641173607161086, 'gpp_b': 1.7009425394123402e-05, 'gpp_d': 125.15686308290196, 'ign_k': 0.0010453720279296006, 'ign_c': 0.14652356079594867, 'trop_agb_crit': 11.200959013587843, 'trop_k_veg': 0.5368546032874071, 'gdp_gamma': 1.269815160048699, 'cure_k': 0.002471084398709874, 'cure_p_min': 315.9767105910353, 'cure_gpp_ref': 0.5234993570923158, 'cure_agb_crit': 1.0456032719765604, 'fuel_k': 0.27689470932822363, 'fuel_half': 83.40862212629801}. Best is trial 1132 with value: -0.6317570269256394.
[I 2026-07-25 00:39:01,658] Trial 1248 finished with value: -0.6143306589032406 and parameters: {'k1': 0.00017235289760041394, 'D_low': 21.183734180537208, 'k2': 0.001161814748259869, 'D_high': 622265.0421619029, 'fire_exp': 1.6128987986352894, 'P_half': 109.20478719778417, 'pre_dampen_half': 0.3752854652140593, 'gpp_af': 0.04877566482264715, 'gpp_b': 0.0021871980821534416, 'gpp_d': 240.5822360916969, 'ign_k': 0.2154822264141728, 'ign_c': 7.54413452501984, 'trop_agb_crit': 3.963827348977403, 'trop_k_veg': 2.917281339026213, 'gdp_gamma': 0.5767772777979451, 'cure_k': 0.012440914006287574, 'cure_p_min': 332.15184504274697, 'cure_gpp_ref': 0.47931549951832286, 'cure_agb_crit': 3.463206090240425, 'fuel_k': 0.7495954867732196, 'fuel_half': 10.455329613982634}. Best is trial 1132 with value: -0.6317570269256394.
[I 2026-07-25 00:39:02,120] Trial 1249 finished with value: 0.5669834059898348 and parameters: {'k1': 2.8666016931878005e-05, 'D_low': 1.9087910102805863, 'k2': 0.0010990792221738676, 'D_high': 596252.2156448769, 'fire_exp': 1.24061633001868, 'P_half': 81.86155209819955, 'pre_dampen_half': 0.02666534049754906, 'gpp_af': 0.010142269110209027, 'gpp_b': 0.008505475510784025, 'gpp_d': 116.22254721846066, 'ign_k': 0.08100243893354403, 'ign_c': 2.9372316623665533, 'trop_agb_crit': 14.867513724680219, 'trop_k_veg': 2.888496226595348, 'gdp_gamma': 0.24043635936843266, 'cure_k': 0.013973432907111056, 'cure_p_min': 307.1641047522818, 'cure_gpp_ref': 0.5473149038242916, 'cure_agb_crit': 2.7667054476001853, 'fuel_k': 1.7630359334761014, 'fuel_half': 6.54316358184194}. Best is trial 1132 with value: -0.6317570269256394.
[I 2026-07-25 00:39:02,579] Trial 1250 finished with value: 0.6151049030520029 and parameters: {'k1': 0.0014796522274830774, 'D_low': 3.122999715540027, 'k2': 0.0007089003951943806, 'D_high': 1075840.360570558, 'fire_exp': 1.2001728903849032, 'P_half': 86.10492776272176, 'pre_dampen_half': 96.7869489245765, 'gpp_af': 0.11352219707773184, 'gpp_b': 8.106454287560412, 'gpp_d': 2.688997665499488, 'ign_k': 0.34143329950715967, 'ign_c': 0.7881797107952018, 'trop_agb_crit': 4.561098574721049, 'trop_k_veg': 3.7379447490034896, 'gdp_gamma': 0.5658866126719793, 'cure_k': 0.0025100602571720217, 'cure_p_min': 219.51647326005534, 'cure_gpp_ref': 0.7350412939958829, 'cure_agb_crit': 5.5196843673838, 'fuel_k': 0.20795356462647605, 'fuel_half': 13.363577496973779}. Best is trial 1132 with value: -0.6317570269256394.
[I 2026-07-25 00:39:03,051] Trial 1251 finished with value: 0.5872781923737391 and parameters: {'k1': 0.0007993631197936124, 'D_low': 11.12938267303113, 'k2': 0.00048607182542454553, 'D_high': 402609.76690585713, 'fire_exp': 1.1804641673466363, 'P_half': 717.5292642975432, 'pre_dampen_half': 0.260170922484615, 'gpp_af': 0.004152465955347689, 'gpp_b': 0.12379318840729432, 'gpp_d': 4.891321724625931, 'ign_k': 0.7241539556924724, 'ign_c': 1.1916005087069288, 'trop_agb_crit': 5.3336341953373285, 'trop_k_veg': 2.1321929919484357, 'gdp_gamma': 0.8387725796097503, 'cure_k': 0.0010792472848308744, 'cure_p_min': 335.6637249227013, 'cure_gpp_ref': 1.159734856836579, 'cure_agb_crit': 4.53864387551983, 'fuel_k': 0.4056339309678727, 'fuel_half': 6.872594910037765}. Best is trial 1132 with value: -0.6317570269256394.
[I 2026-07-25 00:39:03,509] Trial 1252 finished with value: 0.5779121449233501 and parameters: {'k1': 5.994797257291766e-05, 'D_low': 103.63880765303408, 'k2': 0.00014849169122070266, 'D_high': 136629.9897875581, 'fire_exp': 1.2976424967189297, 'P_half': 47.85112559539962, 'pre_dampen_half': 0.41308551329333865, 'gpp_af': 0.179233115172059, 'gpp_b': 1.6079142147412606, 'gpp_d': 6.948934287919208, 'ign_k': 0.280562017014892, 'ign_c': 0.35543478152066504, 'trop_agb_crit': 5.766860051079691, 'trop_k_veg': 5.899305585755174, 'gdp_gamma': 0.708462234011965, 'cure_k': 0.010350465399681142, 'cure_p_min': 211.87503753047758, 'cure_gpp_ref': 0.5428907767358657, 'cure_agb_crit': 3.3851590091363786, 'fuel_k': 0.10738901698275459, 'fuel_half': 8.405004534425311}. Best is trial 1132 with value: -0.6317570269256394.
[I 2026-07-25 00:39:03,971] Trial 1253 finished with value: -0.5269303921472629 and parameters: {'k1': 0.06027017513218784, 'D_low': 2.3794666678427436, 'k2': 0.0039884710294005275, 'D_high': 7155831.927549269, 'fire_exp': 1.6655507176147366, 'P_half': 13.549327068920572, 'pre_dampen_half': 28.287080537439884, 'gpp_af': 0.00466912182921366, 'gpp_b': 0.002393356243715591, 'gpp_d': 285.2681648132759, 'ign_k': 0.010414333230007771, 'ign_c': 774.137900342273, 'trop_agb_crit': 18.551414578049624, 'trop_k_veg': 0.5739457061588686, 'gdp_gamma': 1.851837313901264, 'cure_k': 0.07647020462226711, 'cure_p_min': 225.42493457923473, 'cure_gpp_ref': 0.44634123548628446, 'cure_agb_crit': 2.496749695925545, 'fuel_k': 1.112418565269602, 'fuel_half': 30.773851133180493}. Best is trial 1132 with value: -0.6317570269256394.
[I 2026-07-25 00:39:04,431] Trial 1254 finished with value: 0.5896740593929247 and parameters: {'k1': 0.07759629042322476, 'D_low': 354.21761151596087, 'k2': 0.004782488601101065, 'D_high': 4520365.881907997, 'fire_exp': 2.7412447495855727, 'P_half': 38.46625208221889, 'pre_dampen_half': 12.411210994844748, 'gpp_af': 0.0019372880371052858, 'gpp_b': 4.1685601899882533e-05, 'gpp_d': 9.48397197982247, 'ign_k': 0.0853335835471968, 'ign_c': 2.6230780778033136, 'trop_agb_crit': 18.941879802369865, 'trop_k_veg': 0.774591845938682, 'gdp_gamma': 1.1948514130975285, 'cure_k': 0.0928680214306786, 'cure_p_min': 158.5679003626098, 'cure_gpp_ref': 0.9028351215199608, 'cure_agb_crit': 4.504226829441401, 'fuel_k': 2.5800480514937054, 'fuel_half': 4.626725187091495}. Best is trial 1132 with value: -0.6317570269256394.
