[I 2026-08-19 14:49:17,120] Trial 434 finished with value: -0.5041313748649229 and parameters: {'k1': 0.00021203444077131563, 'D_low': 1154.5597347740234, 'k2': 0.0018444740062096118, 'D_high': 351515.4913965121, 'fire_exp': 1.6745491794745302, 'P_half': 1.0729112216690586, 'pre_dampen_half': 1.3065799806348304, 'gpp_af': 1.5343476569607186, 'gpp_b': 0.0004912751736446715, 'gpp_d': 0.8305217719927089, 'ign_k': 0.0023213069594517793, 'ign_c': 47.27803819420815, 'trop_agb_crit': 5.893717960711964, 'trop_k_veg': 5.3109155946033, 'pop_amp': 2.043940775801525, 'pop_peak': 22.04968512951499, 'pop_sig': 0.31583135673957446, 'fuel_k': 4.750570641706945, 'fuel_half': 0.6552230190104973}. Best is trial 421 with value: -0.6216386034937503.
[I 2026-08-19 14:49:19,958] Trial 435 finished with value: -0.4321194963892062 and parameters: {'k1': 0.000561725604576819, 'D_low': 74.26453040164463, 'k2': 0.0009156308981974596, 'D_high': 1676857.9022015727, 'fire_exp': 2.221281680888267, 'P_half': 1.0162915702583788, 'pre_dampen_half': 1.2090454333199034, 'gpp_af': 0.004077978502553271, 'gpp_b': 0.0005771606671179782, 'gpp_d': 15.403410483885647, 'ign_k': 0.002151959764710434, 'ign_c': 147.760712729502, 'trop_agb_crit': 5.192792262250187, 'trop_k_veg': 7.422781365921637, 'pop_amp': 0.7892630293251385, 'pop_peak': 0.29130671920983653, 'pop_sig': 0.30226916473621873, 'fuel_k': 2.0819377596493727, 'fuel_half': 2.068619580687703}. Best is trial 421 with value: -0.6216386034937503.
[I 2026-08-19 14:49:23,063] Trial 436 finished with value: -0.43295669774053946 and parameters: {'k1': 2.379343041850488e-05, 'D_low': 482.5323728267416, 'k2': 0.024745943073621227, 'D_high': 3967707.789437941, 'fire_exp': 1.7424523000366705, 'P_half': 26.51631439579944, 'pre_dampen_half': 0.08257020820864722, 'gpp_af': 0.013183957385053867, 'gpp_b': 1.3598020535320204e-05, 'gpp_d': 179.60252090353862, 'ign_k': 0.002689099849044329, 'ign_c': 198.2473913094942, 'trop_agb_crit': 8.97295620854379, 'trop_k_veg': 6.532176816583284, 'pop_amp': 1.1882791409943316, 'pop_peak': 10.976889882529147, 'pop_sig': 0.3273800531500213, 'fuel_k': 0.6566244724366098, 'fuel_half': 0.5980389020927491}. Best is trial 421 with value: -0.6216386034937503.
[I 2026-08-19 14:49:25,698] Trial 437 finished with value: -0.5879101941847843 and parameters: {'k1': 4.387219458340955e-05, 'D_low': 161.70174201889057, 'k2': 0.03728986803064315, 'D_high': 190976.36031547628, 'fire_exp': 1.8148557396319, 'P_half': 15.675426154352474, 'pre_dampen_half': 1.6102211739063135, 'gpp_af': 0.14389708885919655, 'gpp_b': 0.0022004414427958855, 'gpp_d': 232.04349436080994, 'ign_k': 0.0025288722717384995, 'ign_c': 34.215970238595624, 'trop_agb_crit': 4.7603491673072265, 'trop_k_veg': 3.966601885924691, 'pop_amp': 9.254495066531007, 'pop_peak': 16.207086119535706, 'pop_sig': 0.3524616055561871, 'fuel_k': 5.260590244275777, 'fuel_half': 3.9955371338632073}. Best is trial 421 with value: -0.6216386034937503.
[I 2026-08-19 14:49:28,299] Trial 438 finished with value: -0.5499803484563524 and parameters: {'k1': 6.904666736576656e-05, 'D_low': 123.99541088389175, 'k2': 0.02772491654795295, 'D_high': 9744596.61140051, 'fire_exp': 2.177771816702886, 'P_half': 14.491828655964536, 'pre_dampen_half': 16.801344861642846, 'gpp_af': 0.2259719971873829, 'gpp_b': 0.025243448115447324, 'gpp_d': 2.2779676543660035, 'ign_k': 0.0011207779564211756, 'ign_c': 175.67797007090817, 'trop_agb_crit': 18.147762559553794, 'trop_k_veg': 4.142549418117221, 'pop_amp': 2.831321307336329, 'pop_peak': 2.9903237545099786, 'pop_sig': 0.8203283675457147, 'fuel_k': 3.432554768949437, 'fuel_half': 1.1174694813937927}. Best is trial 421 with value: -0.6216386034937503.
[I 2026-08-19 14:49:32,326] Trial 439 finished with value: -0.4335888858502126 and parameters: {'k1': 0.015826406510785995, 'D_low': 1.4091320189612273, 'k2': 0.012207606768812586, 'D_high': 157586.9244209262, 'fire_exp': 2.936142444458161, 'P_half': 867.798016670578, 'pre_dampen_half': 34.11783151439969, 'gpp_af': 0.0028340088782936334, 'gpp_b': 0.0006013623001626669, 'gpp_d': 4.764265403855404, 'ign_k': 0.5126673322902825, 'ign_c': 20.730576975775072, 'trop_agb_crit': 29.596035957865116, 'trop_k_veg': 7.840507143054747, 'pop_amp': 0.08150983392108921, 'pop_peak': 56.33507190309362, 'pop_sig': 0.566175267301568, 'fuel_k': 0.10066587695324154, 'fuel_half': 0.1256081353125368}. Best is trial 421 with value: -0.6216386034937503.
  trial  440/2500  best_overall=0.6216  (25.5 min)
[I 2026-08-19 14:49:35,950] Trial 440 finished with value: -0.4109792311468034 and parameters: {'k1': 8.274908199465971e-05, 'D_low': 7783.878103666792, 'k2': 1.952228850022765e-05, 'D_high': 32039.67667592395, 'fire_exp': 2.76590345983566, 'P_half': 44.47786460495097, 'pre_dampen_half': 6.8825657784804655, 'gpp_af': 0.08663465016251998, 'gpp_b': 0.002201939045326554, 'gpp_d': 0.10457472204435372, 'ign_k': 0.08343981095381402, 'ign_c': 0.3868127220003636, 'trop_agb_crit': 12.987432339187762, 'trop_k_veg': 7.3251230019493265, 'pop_amp': 0.06072530492956095, 'pop_peak': 0.9164267624743392, 'pop_sig': 0.28065284279285313, 'fuel_k': 3.729947062616053, 'fuel_half': 1.651675846038798}. Best is trial 421 with value: -0.6216386034937503.
[I 2026-08-19 14:49:40,447] Trial 441 finished with value: -0.535771703903498 and parameters: {'k1': 4.815928080047295e-05, 'D_low': 15.619477819096419, 'k2': 0.001234677095652206, 'D_high': 8704374.271967066, 'fire_exp': 1.6668564912396409, 'P_half': 1.4229615723662834, 'pre_dampen_half': 0.7856125146315441, 'gpp_af': 1.5136890431976422, 'gpp_b': 0.0001275804507124348, 'gpp_d': 7.273362151897514, 'ign_k': 0.005810596582977717, 'ign_c': 16.374946801045308, 'trop_agb_crit': 1.2071875233499958, 'trop_k_veg': 6.060018174042674, 'pop_amp': 10.166121274131202, 'pop_peak': 0.8009822161831701, 'pop_sig': 0.5139492656553004, 'fuel_k': 0.18755877477530483, 'fuel_half': 7.54993707184603}. Best is trial 421 with value: -0.6216386034937503.
[I 2026-08-19 14:49:44,896] Trial 442 finished with value: -0.6049562257454404 and parameters: {'k1': 0.000496423045620479, 'D_low': 771.1764095773087, 'k2': 4.723008716401003e-05, 'D_high': 5075599.220676073, 'fire_exp': 4.379203318297117, 'P_half': 307.2592242492914, 'pre_dampen_half': 42.177462417434064, 'gpp_af': 0.006261402208727901, 'gpp_b': 2.3259973422338e-05, 'gpp_d': 3.0384126388822197, 'ign_k': 1.2585986752597509, 'ign_c': 0.35529167487326435, 'trop_agb_crit': 11.376922326290615, 'trop_k_veg': 3.747050070463236, 'pop_amp': 2.0366849951304715, 'pop_peak': 122.64232855044543, 'pop_sig': 1.256608098399733, 'fuel_k': 0.05901895252324832, 'fuel_half': 1.7210000632590923}. Best is trial 421 with value: -0.6216386034937503.
[I 2026-08-19 14:49:49,552] Trial 443 finished with value: -0.4013957670724763 and parameters: {'k1': 6.221718339948226e-05, 'D_low': 61.62269286397551, 'k2': 1.5412707636600047e-05, 'D_high': 1231787.4961697168, 'fire_exp': 4.559076530409892, 'P_half': 368.9768031782223, 'pre_dampen_half': 73.72524833445897, 'gpp_af': 0.07893401621007504, 'gpp_b': 1.2648524524679805e-05, 'gpp_d': 0.028263820704141993, 'ign_k': 2.934134579374551, 'ign_c': 0.1222432722019033, 'trop_agb_crit': 19.446708483418668, 'trop_k_veg': 3.364159764761302, 'pop_amp': 0.6673197727332109, 'pop_peak': 336.4609969178271, 'pop_sig': 1.1436899579849846, 'fuel_k': 0.16438419318688038, 'fuel_half': 3.78536493475235}. Best is trial 421 with value: -0.6216386034937503.
[I 2026-08-19 14:49:54,038] Trial 444 finished with value: -0.4336281381368609 and parameters: {'k1': 0.0008498511322119628, 'D_low': 108.63990720717217, 'k2': 0.00017495323567666182, 'D_high': 3675964.3148610867, 'fire_exp': 3.2748497522805047, 'P_half': 18.665942777235546, 'pre_dampen_half': 16.51661865869786, 'gpp_af': 0.00280978761820691, 'gpp_b': 0.0002805663208011872, 'gpp_d': 2.4182087518435478, 'ign_k': 1.6890185360372645, 'ign_c': 0.19632617799511146, 'trop_agb_crit': 5.37831969335595, 'trop_k_veg': 4.895730870685049, 'pop_amp': 3.5135168748944756, 'pop_peak': 70.61082953674907, 'pop_sig': 1.3327918692867444, 'fuel_k': 0.013855231145319488, 'fuel_half': 2.0449250373908345}. Best is trial 421 with value: -0.6216386034937503.
  trial  445/2500  best_overall=0.6216  (25.8 min)
[I 2026-08-19 14:49:58,575] Trial 445 finished with value: -0.5957231761196482 and parameters: {'k1': 0.000739674513709516, 'D_low': 782.5986853974866, 'k2': 5.857045096655128e-05, 'D_high': 7501619.239882184, 'fire_exp': 2.1115250704833097, 'P_half': 274.07745080388526, 'pre_dampen_half': 84.74469195710031, 'gpp_af': 0.1371026854675374, 'gpp_b': 0.00012699467156892518, 'gpp_d': 2.879189427438525, 'ign_k': 6.251434129257112, 'ign_c': 6.1743711680676485, 'trop_agb_crit': 18.649216718915067, 'trop_k_veg': 1.6002779484650371, 'pop_amp': 0.002803425917983825, 'pop_peak': 71.08611854512888, 'pop_sig': 0.6432022084679636, 'fuel_k': 0.3133658376655434, 'fuel_half': 1.5712330583872864}. Best is trial 421 with value: -0.6216386034937503.
[I 2026-08-19 14:50:02,881] Trial 446 finished with value: -0.4148344119126108 and parameters: {'k1': 6.686283489336263e-05, 'D_low': 2.7420577142189035, 'k2': 6.56720384905853e-05, 'D_high': 540462.0311832617, 'fire_exp': 7.747031146135455, 'P_half': 1958.6451192434356, 'pre_dampen_half': 36.51334474385961, 'gpp_af': 0.005382086536886916, 'gpp_b': 0.00011676821027765751, 'gpp_d': 0.8574812537933709, 'ign_k': 0.10444095858551725, 'ign_c': 0.3005154663629378, 'trop_agb_crit': 10.105389165548676, 'trop_k_veg': 2.4059848137457527, 'pop_amp': 0.20469222897152306, 'pop_peak': 38.43722049110829, 'pop_sig': 1.3381672717368698, 'fuel_k': 3.7236373308303055, 'fuel_half': 0.39526012402924626}. Best is trial 421 with value: -0.6216386034937503.
[I 2026-08-19 14:50:06,809] Trial 447 finished with value: -0.45408709439100353 and parameters: {'k1': 0.005525501180425927, 'D_low': 8787.340987271358, 'k2': 4.387164159462997e-05, 'D_high': 7191389.863075923, 'fire_exp': 3.7724293398859725, 'P_half': 603.1339630296462, 'pre_dampen_half': 23.47519082325826, 'gpp_af': 0.00158167791396697, 'gpp_b': 6.764032783810289e-05, 'gpp_d': 404.72078445984084, 'ign_k': 0.10446613126277518, 'ign_c': 0.15355427151418832, 'trop_agb_crit': 10.302281045422777, 'trop_k_veg': 2.6955498667707545, 'pop_amp': 1.7643165079766374, 'pop_peak': 10.961435918003115, 'pop_sig': 1.0683160401818486, 'fuel_k': 0.1914050232638538, 'fuel_half': 4.3702488517911435}. Best is trial 421 with value: -0.6216386034937503.
[I 2026-08-19 14:50:11,017] Trial 448 finished with value: -0.4696504198854547 and parameters: {'k1': 0.0022151037758910566, 'D_low': 275.6568529735388, 'k2': 1.3524443502106211e-05, 'D_high': 500887.58549763064, 'fire_exp': 4.255645082591065, 'P_half': 85.41092850580097, 'pre_dampen_half': 47.09930978824685, 'gpp_af': 0.016076001058208757, 'gpp_b': 1.1349754671337772e-05, 'gpp_d': 2.4562626498673237, 'ign_k': 4.248376582657119, 'ign_c': 0.7250080834809818, 'trop_agb_crit': 10.245407396990878, 'trop_k_veg': 2.2702064343109645, 'pop_amp': 2.485618355719266, 'pop_peak': 201.99275967200762, 'pop_sig': 1.2137076538430018, 'fuel_k': 0.04043951262563577, 'fuel_half': 0.8993592233126334}. Best is trial 421 with value: -0.6216386034937503.
[I 2026-08-19 14:50:16,492] Trial 449 finished with value: -0.4009949462640744 and parameters: {'k1': 0.0011878864738072792, 'D_low': 3070.840025436088, 'k2': 0.0003020068716691678, 'D_high': 9221137.936173216, 'fire_exp': 4.730064298337345, 'P_half': 7022.595430581707, 'pre_dampen_half': 319.53288841892476, 'gpp_af': 0.003149087310979642, 'gpp_b': 0.00012719944588147447, 'gpp_d': 0.14794023922702548, 'ign_k': 2.357907550917724, 'ign_c': 0.364906787303242, 'trop_agb_crit': 28.554909913514248, 'trop_k_veg': 5.9724704894114575, 'pop_amp': 1.2339302963114, 'pop_peak': 11.025689778966608, 'pop_sig': 1.9625908488989539, 'fuel_k': 0.10754171373693318, 'fuel_half': 1.9252607873981582}. Best is trial 421 with value: -0.6216386034937503.
  trial  450/2500  best_overall=0.6216  (26.2 min)
[I 2026-08-19 14:50:20,533] Trial 450 finished with value: -0.3554625854118624 and parameters: {'k1': 5.016262961769792e-05, 'D_low': 7387.103182142898, 'k2': 0.005618283558475626, 'D_high': 183053.32033960204, 'fire_exp': 2.7269008098924, 'P_half': 1.1648302595217945, 'pre_dampen_half': 6.124946912138339, 'gpp_af': 0.08119040431930998, 'gpp_b': 0.005712076331768447, 'gpp_d': 153.60464073452889, 'ign_k': 0.03140574633233563, 'ign_c': 464.84971345419524, 'trop_agb_crit': 8.144908949485073, 'trop_k_veg': 3.7334678401865324, 'pop_amp': 1.238956938329921, 'pop_peak': 4.0234219420707324, 'pop_sig': 0.7083172629078942, 'fuel_k': 0.8974535459501524, 'fuel_half': 0.6426495104644044}. Best is trial 421 with value: -0.6216386034937503.
[I 2026-08-19 14:50:24,141] Trial 451 finished with value: -0.4027568868349275 and parameters: {'k1': 0.0007626743298072734, 'D_low': 85.23628474718396, 'k2': 3.333779688126487e-05, 'D_high': 83950.027203713, 'fire_exp': 2.247963858189794, 'P_half': 156.12360030400427, 'pre_dampen_half': 195.6317597173437, 'gpp_af': 1.024068528792785, 'gpp_b': 1.7238801997586583e-05, 'gpp_d': 0.053070694320684786, 'ign_k': 6.596689237397841, 'ign_c': 6.348681093903941, 'trop_agb_crit': 8.307166555288603, 'trop_k_veg': 2.4579725537840225, 'pop_amp': 0.0010309055220961135, 'pop_peak': 4.697474583163487, 'pop_sig': 0.6553662801894058, 'fuel_k': 1.0866850325829585, 'fuel_half': 2.7374589607443087}. Best is trial 421 with value: -0.6216386034937503.
[I 2026-08-19 14:50:27,081] Trial 452 finished with value: -0.5886173527825543 and parameters: {'k1': 0.0006141424517301765, 'D_low': 2266.126938324897, 'k2': 9.106477129507693e-05, 'D_high': 1473857.6978954335, 'fire_exp': 1.7245733355634632, 'P_half': 727.5127237532324, 'pre_dampen_half': 172.4846753867147, 'gpp_af': 0.5293709034471261, 'gpp_b': 4.9385958866394985e-05, 'gpp_d': 564.9501396878327, 'ign_k': 5.7194472547921285, 'ign_c': 10.1500750910396, 'trop_agb_crit': 9.851795063809321, 'trop_k_veg': 2.0324342287589934, 'pop_amp': 0.006344636393717246, 'pop_peak': 153.74210351057377, 'pop_sig': 0.678732027562556, 'fuel_k': 0.2085761515664217, 'fuel_half': 2.438374064314722}. Best is trial 421 with value: -0.6216386034937503.
[I 2026-08-19 14:50:29,762] Trial 453 finished with value: -0.5791677289929629 and parameters: {'k1': 0.00046004386597781294, 'D_low': 194.67374102404182, 'k2': 4.426694671767241e-05, 'D_high': 6394102.9470196795, 'fire_exp': 2.29409310318379, 'P_half': 413.4446950432337, 'pre_dampen_half': 314.62210330438273, 'gpp_af': 0.1765331935991491, 'gpp_b': 0.003187529379047061, 'gpp_d': 21.128302032499327, 'ign_k': 8.596105783268309, 'ign_c': 1.8978758268572942, 'trop_agb_crit': 18.058515442866515, 'trop_k_veg': 1.196821112987369, 'pop_amp': 0.0010245264400693275, 'pop_peak': 73.29229908615086, 'pop_sig': 0.6331565523618262, 'fuel_k': 0.11969050583987893, 'fuel_half': 0.29630704380491335}. Best is trial 421 with value: -0.6216386034937503.
[I 2026-08-19 14:50:32,384] Trial 454 finished with value: -0.4156001171901284 and parameters: {'k1': 0.001238598426145421, 'D_low': 222.74311584696164, 'k2': 1.4947309169908473e-05, 'D_high': 50588.1191828136, 'fire_exp': 1.6930722197304384, 'P_half': 366.3358406138901, 'pre_dampen_half': 1.4061429971451624, 'gpp_af': 0.0016090206790132678, 'gpp_b': 2.577088056266201e-05, 'gpp_d': 0.3628153731989801, 'ign_k': 0.025547890255443784, 'ign_c': 38.649346915834215, 'trop_agb_crit': 14.867239825696984, 'trop_k_veg': 6.503755148460219, 'pop_amp': 0.0033538370025118177, 'pop_peak': 1.5719439800342614, 'pop_sig': 1.2418022119623506, 'fuel_k': 0.08930014605777893, 'fuel_half': 0.24112885271361423}. Best is trial 421 with value: -0.6216386034937503.
[I 2026-08-19 14:50:35,019] Trial 455 finished with value: -0.5581477341736535 and parameters: {'k1': 0.0004358815946656269, 'D_low': 10.699562047432783, 'k2': 0.0008738900673775427, 'D_high': 282189.4413650537, 'fire_exp': 7.594954300620125, 'P_half': 120.12429313449577, 'pre_dampen_half': 48.253473466175095, 'gpp_af': 0.03369197364142152, 'gpp_b': 3.1299493761273946e-05, 'gpp_d': 0.3897487294895849, 'ign_k': 1.6267346906350926, 'ign_c': 0.20072088548778547, 'trop_agb_crit': 19.09513932263459, 'trop_k_veg': 6.212853224441492, 'pop_amp': 0.2946592721517391, 'pop_peak': 37.73065237744659, 'pop_sig': 1.6256134597747878, 'fuel_k': 1.0768183177268833, 'fuel_half': 0.2865304017221239}. Best is trial 421 with value: -0.6216386034937503.
[I 2026-08-19 14:50:38,051] Trial 456 finished with value: -0.5887931879319018 and parameters: {'k1': 0.0090909539579248, 'D_low': 3.389848549005155, 'k2': 0.0005861459162675194, 'D_high': 3023095.985619214, 'fire_exp': 4.425365602685576, 'P_half': 381.17878924860923, 'pre_dampen_half': 248.83513641001926, 'gpp_af': 0.006984205239972914, 'gpp_b': 2.1314909814538584e-05, 'gpp_d': 12.83547995011896, 'ign_k': 0.5873630621625899, 'ign_c': 0.18797643993183935, 'trop_agb_crit': 29.609415912094775, 'trop_k_veg': 7.600692014310901, 'pop_amp': 1.7738381638129512, 'pop_peak': 16.492048584106676, 'pop_sig': 0.6656932058040086, 'fuel_k': 0.10259576833427257, 'fuel_half': 3.896889414851735}. Best is trial 421 with value: -0.6216386034937503.
  trial  457/2500  best_overall=0.6216  (26.6 min)
[I 2026-08-19 14:50:41,046] Trial 457 finished with value: -0.5410099636953588 and parameters: {'k1': 0.010208601299313096, 'D_low': 14.464569982714542, 'k2': 2.1200833942637206e-05, 'D_high': 6094971.639497833, 'fire_exp': 5.3528952313305656, 'P_half': 51.41613904495581, 'pre_dampen_half': 687.6778443883219, 'gpp_af': 0.025614205853560387, 'gpp_b': 3.1808268638390786e-05, 'gpp_d': 0.4365307787274894, 'ign_k': 5.214271331785385, 'ign_c': 0.46442785216326654, 'trop_agb_crit': 26.042555797346942, 'trop_k_veg': 3.0124052583408294, 'pop_amp': 0.042420348228750425, 'pop_peak': 0.3027509065068515, 'pop_sig': 0.714472861288057, 'fuel_k': 0.039736432621975716, 'fuel_half': 1.557267599000642}. Best is trial 421 with value: -0.6216386034937503.
[I 2026-08-19 14:50:43,653] Trial 458 finished with value: -0.5541166903145186 and parameters: {'k1': 0.0002830215882078108, 'D_low': 7.7002400639636335, 'k2': 0.0005095503365449917, 'D_high': 76068.40555461269, 'fire_exp': 4.6530023454783676, 'P_half': 322.3474263993589, 'pre_dampen_half': 27.551847739093645, 'gpp_af': 0.006053262753638404, 'gpp_b': 7.638834152803306e-05, 'gpp_d': 151.99754175137662, 'ign_k': 0.4315465093536049, 'ign_c': 0.1459378904132079, 'trop_agb_crit': 15.388314492638486, 'trop_k_veg': 2.3880718520295305, 'pop_amp': 3.110377333292218, 'pop_peak': 3.987736179895172, 'pop_sig': 0.726669246334992, 'fuel_k': 0.04795663177323627, 'fuel_half': 2.392441527869845}. Best is trial 421 with value: -0.6216386034937503.
[I 2026-08-19 14:50:46,415] Trial 459 finished with value: -0.5212501096425534 and parameters: {'k1': 1.7881432784803844e-05, 'D_low': 49873.59006588187, 'k2': 6.988292267119968e-05, 'D_high': 1227452.2940917592, 'fire_exp': 1.0988877753875994, 'P_half': 25.40851777656334, 'pre_dampen_half': 8.568530615032115, 'gpp_af': 0.0010569390709777196, 'gpp_b': 0.0011603516550009914, 'gpp_d': 4.816992436562984, 'ign_k': 1.1615843080043633, 'ign_c': 0.1077928298401094, 'trop_agb_crit': 27.363263040051987, 'trop_k_veg': 0.551367421556742, 'pop_amp': 1.3424259396437437, 'pop_peak': 60.17957085873642, 'pop_sig': 1.0205442957583404, 'fuel_k': 0.2007161298647016, 'fuel_half': 0.13726418900545279}. Best is trial 421 with value: -0.6216386034937503.
[I 2026-08-19 14:50:49,116] Trial 460 finished with value: -0.4441230202100105 and parameters: {'k1': 0.0001426348626701208, 'D_low': 44714.44005566169, 'k2': 0.0014093577089851885, 'D_high': 3696401.0080192257, 'fire_exp': 1.2469537229582563, 'P_half': 350.72771160636654, 'pre_dampen_half': 22.077852588678766, 'gpp_af': 0.03393003528359034, 'gpp_b': 0.0007231507522057062, 'gpp_d': 2.235014048781599, 'ign_k': 5.743985427950515, 'ign_c': 26.720263138362547, 'trop_agb_crit': 28.927778788872725, 'trop_k_veg': 2.2588273600823037, 'pop_amp': 0.002931301386453491, 'pop_peak': 2.7437719509563174, 'pop_sig': 0.6196573533736983, 'fuel_k': 0.6667344839286492, 'fuel_half': 0.6659972243121206}. Best is trial 421 with value: -0.6216386034937503.
[I 2026-08-19 14:50:52,140] Trial 461 finished with value: -0.5911494017280561 and parameters: {'k1': 0.06867909779132637, 'D_low': 2096.14906903161, 'k2': 0.001459448141627163, 'D_high': 8776247.82379014, 'fire_exp': 1.0744137825534035, 'P_half': 17.138705422936052, 'pre_dampen_half': 2.3218731275911035, 'gpp_af': 0.47671407537102634, 'gpp_b': 0.01339397501175492, 'gpp_d': 500.5201049606012, 'ign_k': 0.0015695673279385286, 'ign_c': 91.60471484231985, 'trop_agb_crit': 5.031967771093505, 'trop_k_veg': 6.2225766578116675, 'pop_amp': 1.0659069162431762, 'pop_peak': 28.480820478553518, 'pop_sig': 0.3839430534428638, 'fuel_k': 1.6009123681447361, 'fuel_half': 1.581327206303204}. Best is trial 421 with value: -0.6216386034937503.
[I 2026-08-19 14:50:56,603] Trial 462 finished with value: -0.41033229345297473 and parameters: {'k1': 1.2772947871181948e-05, 'D_low': 233.5943235881704, 'k2': 1.243684238815145e-05, 'D_high': 81372.22715238805, 'fire_exp': 1.2990728776041733, 'P_half': 42.69710034936738, 'pre_dampen_half': 0.22553972378305942, 'gpp_af': 0.009696521253501136, 'gpp_b': 0.004584574774085643, 'gpp_d': 0.3097047168819415, 'ign_k': 2.436880256405819, 'ign_c': 26.40758782391475, 'trop_agb_crit': 11.818753418771431, 'trop_k_veg': 6.705331788530872, 'pop_amp': 0.016100288938118643, 'pop_peak': 1.6068965254146663, 'pop_sig': 0.3020254778141979, 'fuel_k': 3.2620622027912254, 'fuel_half': 0.3281083867053027}. Best is trial 421 with value: -0.6216386034937503.
