[I 2026-06-10 22:05:27,674] Trial 520 finished with values: [14.314833048310149, 14.314833048310149] and parameters: {'k1': 0.012840669372724958, 'D_low': 148.21691630007544, 'k2': 0.02065142557895925, 'D_high': 42210.21267871043, 'fire_exp': 1.2344878997299724, 'P_half': 69.68111190775313, 'pre_dampen_half': 16.009350908593582, 'gpp_af': 0.0662749342026412, 'gpp_b': 9.497440085397415e-05, 'gpp_d': 0.7698760608299932, 'ign_k': 0.07867677706257832, 'ign_c': 1.9423015749984096, 'trop_agb_crit': 1.0693376406863295, 'trop_k_veg': 2.520089655463604, 'fire_amp': 5.3557573266024745}.
[I 2026-06-10 22:05:29,198] Trial 521 finished with values: [10.161025027352224, 10.161025027352224] and parameters: {'k1': 0.00031134168041628584, 'D_low': 12.105387404469584, 'k2': 0.003767022142229395, 'D_high': 30227.031291375773, 'fire_exp': 1.0601964743503993, 'P_half': 3.591771421517613, 'pre_dampen_half': 16.009350908593582, 'gpp_af': 0.0662749342026412, 'gpp_b': 1.3415796596713932e-05, 'gpp_d': 28.312234265202243, 'ign_k': 0.00840038491455979, 'ign_c': 157.63098727399432, 'trop_agb_crit': 1.0693376406863295, 'trop_k_veg': 0.6673124511410327, 'fire_amp': 1.5719333351012774}.
[I 2026-06-10 22:05:30,457] Trial 522 finished with values: [-0.5387738281336704, 0.08374441861460014] and parameters: {'k1': 0.00031134168041628584, 'D_low': 1.4002277211577039, 'k2': 0.0002442377596403892, 'D_high': 83.14160873549643, 'fire_exp': 1.1633452995374232, 'P_half': 3.591771421517613, 'pre_dampen_half': 1.8469033699850426, 'gpp_af': 0.008117091133892173, 'gpp_b': 1.3415796596713932e-05, 'gpp_d': 34.18897529667503, 'ign_k': 0.07867677706257832, 'ign_c': 7.081721844034206, 'trop_agb_crit': 18.081400596781233, 'trop_k_veg': 5.453348988480011, 'fire_amp': 5.44779717154213}.
[I 2026-06-10 22:05:31,851] Trial 523 finished with values: [10.779719232482037, 10.779719232482037] and parameters: {'k1': 0.012840669372724958, 'D_low': 171.2446447678494, 'k2': 0.02065142557895925, 'D_high': 42210.21267871043, 'fire_exp': 1.0948220627025493, 'P_half': 61.6097529474144, 'pre_dampen_half': 0.04078961160746153, 'gpp_af': 0.016306190741524337, 'gpp_b': 0.005166473066540598, 'gpp_d': 467.0625946819548, 'ign_k': 0.018391807805583135, 'ign_c': 1.9423015749984096, 'trop_agb_crit': 5.613675661974366, 'trop_k_veg': 2.520089655463604, 'fire_amp': 1.2393473789150806}.
[I 2026-06-10 22:05:33,176] Trial 524 finished with values: [-0.5395522846795425, 0.036724546900572363] and parameters: {'k1': 0.012840669372724958, 'D_low': 148.21691630007544, 'k2': 0.02065142557895925, 'D_high': 42210.21267871043, 'fire_exp': 1.14171776851287, 'P_half': 61.6097529474144, 'pre_dampen_half': 33.71909132517384, 'gpp_af': 0.016306190741524337, 'gpp_b': 0.0012611058927054877, 'gpp_d': 0.7698760608299932, 'ign_k': 0.0029519227433917453, 'ign_c': 0.14665316366397016, 'trop_agb_crit': 8.0091368834625, 'trop_k_veg': 2.520089655463604, 'fire_amp': 1.5180207449214471}.
[I 2026-06-10 22:05:34,789] Trial 525 finished with values: [10.897413387659904, 10.897413387659904] and parameters: {'k1': 0.012840669372724958, 'D_low': 148.21691630007544, 'k2': 0.0001280886335404798, 'D_high': 22.636544662054543, 'fire_exp': 1.14171776851287, 'P_half': 3.9207829763785726, 'pre_dampen_half': 857.3351203969089, 'gpp_af': 0.016306190741524337, 'gpp_b': 1.4540386644083135e-05, 'gpp_d': 0.7698760608299932, 'ign_k': 7.252283715822169, 'ign_c': 1.9423015749984096, 'trop_agb_crit': 1.0693376406863295, 'trop_k_veg': 2.520089655463604, 'fire_amp': 1.5180207449214471}.
[I 2026-06-10 22:05:36,328] Trial 526 finished with values: [10.52757847791643, 10.52757847791643] and parameters: {'k1': 1.0465498595171737e-05, 'D_low': 12.105387404469584, 'k2': 0.0002442377596403892, 'D_high': 12.541447539026084, 'fire_exp': 1.4572158037266703, 'P_half': 61.6097529474144, 'pre_dampen_half': 189.36639872354493, 'gpp_af': 3.298293484806585, 'gpp_b': 2.800940363375676e-05, 'gpp_d': 0.7698760608299932, 'ign_k': 6.415745702132089, 'ign_c': 1.9423015749984096, 'trop_agb_crit': 18.081400596781233, 'trop_k_veg': 1.6648666152166967, 'fire_amp': 1.5180207449214471}.
[I 2026-06-10 22:05:37,663] Trial 527 finished with values: [11.230079570399047, 11.230079570399047] and parameters: {'k1': 0.012840669372724958, 'D_low': 2.843767489444367, 'k2': 0.0004976087827261435, 'D_high': 30227.031291375773, 'fire_exp': 1.2344878997299724, 'P_half': 93.43302657318476, 'pre_dampen_half': 16.009350908593582, 'gpp_af': 0.2204465010099918, 'gpp_b': 0.0003601974223479835, 'gpp_d': 0.7698760608299932, 'ign_k': 0.07867677706257832, 'ign_c': 1.9423015749984096, 'trop_agb_crit': 12.708819454040446, 'trop_k_veg': 5.453348988480011, 'fire_amp': 1.5719333351012774}.
[I 2026-06-10 22:05:39,005] Trial 528 finished with values: [10.03527046599503, 10.03527046599503] and parameters: {'k1': 0.012840669372724958, 'D_low': 12.105387404469584, 'k2': 0.02065142557895925, 'D_high': 42210.21267871043, 'fire_exp': 1.2344878997299724, 'P_half': 61.6097529474144, 'pre_dampen_half': 4.603480758878793, 'gpp_af': 0.016306190741524337, 'gpp_b': 2.800940363375676e-05, 'gpp_d': 0.03927259340973166, 'ign_k': 0.010733257635049785, 'ign_c': 1.9423015749984096, 'trop_agb_crit': 1.2489332852689512, 'trop_k_veg': 2.520089655463604, 'fire_amp': 1.5180207449214471}.
[I 2026-06-10 22:05:40,296] Trial 529 finished with values: [10.24785300085068, 10.24785300085068] and parameters: {'k1': 0.012840669372724958, 'D_low': 12.105387404469584, 'k2': 0.0036014695835220327, 'D_high': 42210.21267871043, 'fire_exp': 1.41873960828944, 'P_half': 61.6097529474144, 'pre_dampen_half': 16.009350908593582, 'gpp_af': 0.016306190741524337, 'gpp_b': 9.497440085397415e-05, 'gpp_d': 0.02253428262837267, 'ign_k': 0.0029519227433917453, 'ign_c': 1.9423015749984096, 'trop_agb_crit': 8.0091368834625, 'trop_k_veg': 6.778288138489648, 'fire_amp': 1.2393473789150806}.
[I 2026-06-10 22:05:41,749] Trial 530 finished with values: [10.348435520021901, 10.348435520021901] and parameters: {'k1': 0.0018697387216131526, 'D_low': 2962.601088597272, 'k2': 0.0004976087827261435, 'D_high': 32311.521854410956, 'fire_exp': 1.1633452995374232, 'P_half': 7.914423612155368, 'pre_dampen_half': 16.009350908593582, 'gpp_af': 0.41874665092828456, 'gpp_b': 1.4540386644083135e-05, 'gpp_d': 0.03927259340973166, 'ign_k': 0.00840038491455979, 'ign_c': 7.081721844034206, 'trop_agb_crit': 1.8566494291193822, 'trop_k_veg': 6.825463866194253, 'fire_amp': 2.2586887422726973}.
[I 2026-06-10 22:05:43,594] Trial 531 finished with values: [10.833333333029685, 10.833333333029685] and parameters: {'k1': 0.012840669372724958, 'D_low': 12.105387404469584, 'k2': 0.0001280886335404798, 'D_high': 262.11304189124235, 'fire_exp': 1.7220686611084326, 'P_half': 69.68111190775313, 'pre_dampen_half': 33.71909132517384, 'gpp_af': 0.0662749342026412, 'gpp_b': 0.00012118589392553798, 'gpp_d': 545.0253444559129, 'ign_k': 3.7954792742512957, 'ign_c': 157.63098727399432, 'trop_agb_crit': 1.8023542850487386, 'trop_k_veg': 2.520089655463604, 'fire_amp': 4.783836175730692}.
[I 2026-06-10 22:05:44,968] Trial 532 finished with values: [10.027045995618483, 10.027045995618483] and parameters: {'k1': 0.00026539376439360527, 'D_low': 171.2446447678494, 'k2': 0.0001016707987819611, 'D_high': 76838.76502998071, 'fire_exp': 1.2344878997299724, 'P_half': 61.6097529474144, 'pre_dampen_half': 4.603480758878793, 'gpp_af': 0.016306190741524337, 'gpp_b': 2.800940363375676e-05, 'gpp_d': 0.7698760608299932, 'ign_k': 0.0029519227433917453, 'ign_c': 1.9423015749984096, 'trop_agb_crit': 8.0091368834625, 'trop_k_veg': 2.520089655463604, 'fire_amp': 2.042193818779288}.
[I 2026-06-10 22:05:46,379] Trial 533 finished with values: [10.807340771088572, 10.807340771088572] and parameters: {'k1': 0.00031134168041628584, 'D_low': 12.105387404469584, 'k2': 0.0004976087827261435, 'D_high': 30227.031291375773, 'fire_exp': 1.0601964743503993, 'P_half': 24.617096698415132, 'pre_dampen_half': 16.009350908593582, 'gpp_af': 0.0662749342026412, 'gpp_b': 1.4540386644083135e-05, 'gpp_d': 76.38081075786287, 'ign_k': 0.00840038491455979, 'ign_c': 0.4177928311636542, 'trop_agb_crit': 18.081400596781233, 'trop_k_veg': 3.1055119128084763, 'fire_amp': 1.5719333351012774}.
[I 2026-06-10 22:05:47,744] Trial 534 finished with values: [-0.42621615196263357, 0.33957479738321106] and parameters: {'k1': 0.0018697387216131526, 'D_low': 148.21691630007544, 'k2': 0.02065142557895925, 'D_high': 30227.031291375773, 'fire_exp': 1.2344878997299724, 'P_half': 1.859526645713404, 'pre_dampen_half': 16.009350908593582, 'gpp_af': 0.37842528170684203, 'gpp_b': 1.4540386644083135e-05, 'gpp_d': 0.7698760608299932, 'ign_k': 0.00840038491455979, 'ign_c': 1.9423015749984096, 'trop_agb_crit': 1.0693376406863295, 'trop_k_veg': 0.6673124511410327, 'fire_amp': 1.5180207449214471}.
[I 2026-06-10 22:05:49,134] Trial 535 finished with values: [10.71340764975126, 10.71340764975126] and parameters: {'k1': 0.012840669372724958, 'D_low': 2.843767489444367, 'k2': 0.02065142557895925, 'D_high': 42210.21267871043, 'fire_exp': 3.0820989694255045, 'P_half': 61.6097529474144, 'pre_dampen_half': 16.009350908593582, 'gpp_af': 0.2204465010099918, 'gpp_b': 2.800940363375676e-05, 'gpp_d': 0.03927259340973166, 'ign_k': 0.010733257635049785, 'ign_c': 1.9423015749984096, 'trop_agb_crit': 1.2489332852689512, 'trop_k_veg': 2.520089655463604, 'fire_amp': 1.5180207449214471}.
[I 2026-06-10 22:05:50,987] Trial 536 finished with values: [-0.4359073260519324, 0.21827004265351624] and parameters: {'k1': 0.00031134168041628584, 'D_low': 12.105387404469584, 'k2': 0.003767022142229395, 'D_high': 42210.21267871043, 'fire_exp': 1.41873960828944, 'P_half': 3.591771421517613, 'pre_dampen_half': 21.593412825402957, 'gpp_af': 0.016306190741524337, 'gpp_b': 1.3415796596713932e-05, 'gpp_d': 700.6693992445935, 'ign_k': 0.07867677706257832, 'ign_c': 7.081721844034206, 'trop_agb_crit': 2.0527418919564324, 'trop_k_veg': 0.6673124511410327, 'fire_amp': 1.2393473789150806}.
[I 2026-06-10 22:05:52,909] Trial 537 finished with values: [10.885969200345484, 10.885969200345484] and parameters: {'k1': 0.006079905434073396, 'D_low': 171.2446447678494, 'k2': 0.02065142557895925, 'D_high': 42210.21267871043, 'fire_exp': 1.4572158037266703, 'P_half': 12.262543158860007, 'pre_dampen_half': 4.603480758878793, 'gpp_af': 3.298293484806585, 'gpp_b': 2.800940363375676e-05, 'gpp_d': 6.284104775086881, 'ign_k': 0.0029519227433917453, 'ign_c': 48.704711413416454, 'trop_agb_crit': 18.081400596781233, 'trop_k_veg': 2.520089655463604, 'fire_amp': 5.869450070968175}.
[I 2026-06-10 22:05:54,545] Trial 538 finished with values: [10.219924793464573, 10.219924793464573] and parameters: {'k1': 0.012840669372724958, 'D_low': 12.105387404469584, 'k2': 0.003767022142229395, 'D_high': 42210.21267871043, 'fire_exp': 1.3792762394455726, 'P_half': 1.859526645713404, 'pre_dampen_half': 16.009350908593582, 'gpp_af': 0.016306190741524337, 'gpp_b': 9.497440085397415e-05, 'gpp_d': 0.014121081168145975, 'ign_k': 0.00840038491455979, 'ign_c': 1.9423015749984096, 'trop_agb_crit': 2.0527418919564324, 'trop_k_veg': 2.520089655463604, 'fire_amp': 1.2393473789150806}.
[I 2026-06-10 22:05:56,469] Trial 539 finished with values: [11.98686261647674, 11.98686261647674] and parameters: {'k1': 5.7909642338812115e-05, 'D_low': 408.3047491580097, 'k2': 0.0002442377596403892, 'D_high': 42210.21267871043, 'fire_exp': 1.5315561686017187, 'P_half': 1.226010546471291, 'pre_dampen_half': 189.36639872354493, 'gpp_af': 0.9219336658511308, 'gpp_b': 9.497440085397415e-05, 'gpp_d': 7.631016235941559, 'ign_k': 0.09256855841989636, 'ign_c': 7.832259769732471, 'trop_agb_crit': 18.081400596781233, 'trop_k_veg': 2.520089655463604, 'fire_amp': 1.7362652332618447}.
[I 2026-06-10 22:05:58,030] Trial 540 finished with values: [11.04178610070813, 11.04178610070813] and parameters: {'k1': 0.00031134168041628584, 'D_low': 171.2446447678494, 'k2': 0.0007731571570012607, 'D_high': 36998.679204890876, 'fire_exp': 1.1633452995374232, 'P_half': 3.591771421517613, 'pre_dampen_half': 189.88136301569827, 'gpp_af': 0.008117091133892173, 'gpp_b': 1.3415796596713932e-05, 'gpp_d': 34.18897529667503, 'ign_k': 0.0029519227433917453, 'ign_c': 65.87536748686888, 'trop_agb_crit': 21.086120736447015, 'trop_k_veg': 0.828441460847982, 'fire_amp': 1.1655705619308396}.
[I 2026-06-10 22:06:00,018] Trial 541 finished with values: [10.075810795392119, 10.075810795392119] and parameters: {'k1': 5.7909642338812115e-05, 'D_low': 12.105387404469584, 'k2': 0.0002442377596403892, 'D_high': 30227.031291375773, 'fire_exp': 1.0601964743503993, 'P_half': 2834.090429514774, 'pre_dampen_half': 189.36639872354493, 'gpp_af': 0.0662749342026412, 'gpp_b': 2.176805640408474e-05, 'gpp_d': 7.631016235941559, 'ign_k': 0.00840038491455979, 'ign_c': 7.832259769732471, 'trop_agb_crit': 1.0693376406863295, 'trop_k_veg': 0.6673124511410327, 'fire_amp': 1.4357291436937847}.
[I 2026-06-10 22:06:01,876] Trial 542 finished with values: [10.065198158699843, 10.065198158699843] and parameters: {'k1': 0.08006837661379566, 'D_low': 148.21691630007544, 'k2': 0.00037358626308127543, 'D_high': 42210.21267871043, 'fire_exp': 1.7505406131449859, 'P_half': 61.6097529474144, 'pre_dampen_half': 4.603480758878793, 'gpp_af': 0.016306190741524337, 'gpp_b': 9.497440085397415e-05, 'gpp_d': 21.899070557043984, 'ign_k': 0.371259104528773, 'ign_c': 2.226297338331262, 'trop_agb_crit': 8.0091368834625, 'trop_k_veg': 0.828441460847982, 'fire_amp': 1.1655705619308396}.
[I 2026-06-10 22:06:04,076] Trial 543 finished with values: [10.833142329465966, 10.833142329465966] and parameters: {'k1': 0.00031134168041628584, 'D_low': 1.3376564232104105, 'k2': 0.02065142557895925, 'D_high': 83.14160873549643, 'fire_exp': 4.7144651891518725, 'P_half': 3.591771421517613, 'pre_dampen_half': 4.847666216751353, 'gpp_af': 0.10098504976210308, 'gpp_b': 1.3415796596713932e-05, 'gpp_d': 34.18897529667503, 'ign_k': 0.002357279455676982, 'ign_c': 1.9423015749984096, 'trop_agb_crit': 1.2489332852689512, 'trop_k_veg': 5.453348988480011, 'fire_amp': 2.7806853670293616}.
[I 2026-06-10 22:06:06,188] Trial 544 finished with values: [10.833005477442502, 10.833005477442502] and parameters: {'k1': 5.7909642338812115e-05, 'D_low': 171.2446447678494, 'k2': 0.00037358626308127543, 'D_high': 42210.21267871043, 'fire_exp': 1.7505406131449859, 'P_half': 61.6097529474144, 'pre_dampen_half': 4.603480758878793, 'gpp_af': 0.2204465010099918, 'gpp_b': 6.598911085146508, 'gpp_d': 21.899070557043984, 'ign_k': 0.0029519227433917453, 'ign_c': 39.52220881906114, 'trop_agb_crit': 21.086120736447015, 'trop_k_veg': 6.778288138489648, 'fire_amp': 1.1832294197682733}.
[I 2026-06-10 22:06:08,328] Trial 545 finished with values: [10.833333333029685, 10.833333333029685] and parameters: {'k1': 0.004902396944106613, 'D_low': 12.105387404469584, 'k2': 0.003767022142229395, 'D_high': 262.11304189124235, 'fire_exp': 1.0601964743503993, 'P_half': 2834.090429514774, 'pre_dampen_half': 28.01075698398644, 'gpp_af': 0.0662749342026412, 'gpp_b': 0.00012118589392553798, 'gpp_d': 28.312234265202243, 'ign_k': 3.965503094323014, 'ign_c': 157.63098727399432, 'trop_agb_crit': 1.0693376406863295, 'trop_k_veg': 0.6673124511410327, 'fire_amp': 2.042193818779288}.
[I 2026-06-10 22:06:10,294] Trial 546 finished with values: [10.410161243541152, 10.410161243541152] and parameters: {'k1': 0.00031134168041628584, 'D_low': 12.105387404469584, 'k2': 0.003767022142229395, 'D_high': 595.6633466901683, 'fire_exp': 1.9095652801045373, 'P_half': 3.591771421517613, 'pre_dampen_half': 220.35141300841897, 'gpp_af': 0.008117091133892173, 'gpp_b': 5.0875243087016374e-05, 'gpp_d': 12.338826503601998, 'ign_k': 0.09256855841989636, 'ign_c': 0.4177928311636542, 'trop_agb_crit': 1.0693376406863295, 'trop_k_veg': 5.453348988480011, 'fire_amp': 2.6192385880432525}.
[I 2026-06-10 22:06:12,082] Trial 547 finished with values: [10.675399323104552, 10.675399323104552] and parameters: {'k1': 0.006079905434073396, 'D_low': 171.2446447678494, 'k2': 2.316457903103837e-05, 'D_high': 42210.21267871043, 'fire_exp': 1.0420149135640993, 'P_half': 12.262543158860007, 'pre_dampen_half': 189.36639872354493, 'gpp_af': 3.298293484806585, 'gpp_b': 9.497440085397415e-05, 'gpp_d': 700.6693992445935, 'ign_k': 0.0032383308053152635, 'ign_c': 120.67843549291506, 'trop_agb_crit': 8.188098178380693, 'trop_k_veg': 2.520089655463604, 'fire_amp': 1.2393473789150806}.
[I 2026-06-10 22:06:13,995] Trial 548 finished with values: [10.156110677768323, 10.156110677768323] and parameters: {'k1': 5.7909642338812115e-05, 'D_low': 171.2446447678494, 'k2': 0.029687184908302574, 'D_high': 1266.9536563782303, 'fire_exp': 1.0812994412809738, 'P_half': 1.4551749476072258, 'pre_dampen_half': 4.603480758878793, 'gpp_af': 0.016306190741524337, 'gpp_b': 2.800940363375676e-05, 'gpp_d': 0.7698760608299932, 'ign_k': 0.371259104528773, 'ign_c': 1.9423015749984096, 'trop_agb_crit': 18.081400596781233, 'trop_k_veg': 5.453348988480011, 'fire_amp': 1.5180207449214471}.
[I 2026-06-10 22:06:15,845] Trial 549 finished with values: [-0.30911398003102636, 0.11330601146259378] and parameters: {'k1': 0.00031134168041628584, 'D_low': 12.105387404469584, 'k2': 0.0002442377596403892, 'D_high': 12.541447539026084, 'fire_exp': 1.5036604936020428, 'P_half': 12.262543158860007, 'pre_dampen_half': 189.36639872354493, 'gpp_af': 0.008117091133892173, 'gpp_b': 1.3415796596713932e-05, 'gpp_d': 12.338826503601998, 'ign_k': 0.00840038491455979, 'ign_c': 48.704711413416454, 'trop_agb_crit': 1.0693376406863295, 'trop_k_veg': 0.6673124511410327, 'fire_amp': 5.869450070968175}.
[I 2026-06-10 22:06:17,875] Trial 550 finished with values: [10.76943368930371, 10.76943368930371] and parameters: {'k1': 0.012840669372724958, 'D_low': 12.105387404469584, 'k2': 2.316457903103837e-05, 'D_high': 2295.7398214549485, 'fire_exp': 1.7220686611084326, 'P_half': 589.5271473887282, 'pre_dampen_half': 16.009350908593582, 'gpp_af': 3.298293484806585, 'gpp_b': 1.4540386644083135e-05, 'gpp_d': 0.12878367369717508, 'ign_k': 0.00840038491455979, 'ign_c': 48.704711413416454, 'trop_agb_crit': 1.8023542850487386, 'trop_k_veg': 0.6673124511410327, 'fire_amp': 4.19233232783727}.
[I 2026-06-10 22:06:19,568] Trial 551 finished with values: [10.355615146731687, 10.355615146731687] and parameters: {'k1': 0.012840669372724958, 'D_low': 2.843767489444367, 'k2': 0.08661811390647982, 'D_high': 42210.21267871043, 'fire_exp': 1.111738490499784, 'P_half': 61.6097529474144, 'pre_dampen_half': 155.08737608723771, 'gpp_af': 0.2204465010099918, 'gpp_b': 2.800940363375676e-05, 'gpp_d': 0.03927259340973166, 'ign_k': 0.010733257635049785, 'ign_c': 7.832259769732471, 'trop_agb_crit': 1.2489332852689512, 'trop_k_veg': 2.520089655463604, 'fire_amp': 1.5180207449214471}.
[I 2026-06-10 22:06:21,362] Trial 552 finished with values: [10.524838820380126, 10.524838820380126] and parameters: {'k1': 5.7909642338812115e-05, 'D_low': 12.105387404469584, 'k2': 0.0002442377596403892, 'D_high': 30227.031291375773, 'fire_exp': 1.0601964743503993, 'P_half': 6004.223886195538, 'pre_dampen_half': 16.009350908593582, 'gpp_af': 0.9219336658511308, 'gpp_b': 1.4540386644083135e-05, 'gpp_d': 28.312234265202243, 'ign_k': 0.5407445028694732, 'ign_c': 0.4177928311636542, 'trop_agb_crit': 1.0693376406863295, 'trop_k_veg': 0.6673124511410327, 'fire_amp': 1.4475279918261055}.
[I 2026-06-10 22:06:23,338] Trial 553 finished with values: [10.76782987208372, 10.76782987208372] and parameters: {'k1': 0.012840669372724958, 'D_low': 97.43142535650219, 'k2': 0.02065142557895925, 'D_high': 42.242359735170886, 'fire_exp': 1.1633452995374232, 'P_half': 61.6097529474144, 'pre_dampen_half': 1.8469033699850426, 'gpp_af': 0.41874665092828456, 'gpp_b': 1.4540386644083135e-05, 'gpp_d': 12.281069836814826, 'ign_k': 0.002357279455676982, 'ign_c': 7.081721844034206, 'trop_agb_crit': 1.0693376406863295, 'trop_k_veg': 6.825463866194253, 'fire_amp': 3.1045399027418377}.
[I 2026-06-10 22:06:25,154] Trial 554 finished with values: [11.730582535077028, 11.730582535077028] and parameters: {'k1': 0.012840669372724958, 'D_low': 12.105387404469584, 'k2': 0.003767022142229395, 'D_high': 1266.9536563782303, 'fire_exp': 1.5315561686017187, 'P_half': 2834.090429514774, 'pre_dampen_half': 189.36639872354493, 'gpp_af': 0.0662749342026412, 'gpp_b': 5.0875243087016374e-05, 'gpp_d': 28.312234265202243, 'ign_k': 0.09256855841989636, 'ign_c': 7.832259769732471, 'trop_agb_crit': 18.081400596781233, 'trop_k_veg': 5.453348988480011, 'fire_amp': 4.783836175730692}.
[I 2026-06-10 22:06:26,930] Trial 555 finished with values: [10.83331027495464, 10.83331027495464] and parameters: {'k1': 5.7909642338812115e-05, 'D_low': 9.882278532808778, 'k2': 7.857247967427128e-05, 'D_high': 42.242359735170886, 'fire_exp': 7.394434809371433, 'P_half': 191.61918406231337, 'pre_dampen_half': 189.36639872354493, 'gpp_af': 0.9219336658511308, 'gpp_b': 1.5216765859697215e-05, 'gpp_d': 7.631016235941559, 'ign_k': 0.29415751391396583, 'ign_c': 7.832259769732471, 'trop_agb_crit': 18.081400596781233, 'trop_k_veg': 5.453348988480011, 'fire_amp': 1.4475279918261055}.
[I 2026-06-10 22:06:28,655] Trial 556 finished with values: [10.833333333029685, 10.833333333029685] and parameters: {'k1': 5.7909642338812115e-05, 'D_low': 408.3047491580097, 'k2': 0.0002442377596403892, 'D_high': 12.541447539026084, 'fire_exp': 8.529993407276715, 'P_half': 1.226010546471291, 'pre_dampen_half': 189.36639872354493, 'gpp_af': 0.9219336658511308, 'gpp_b': 0.16397960021659272, 'gpp_d': 76.38081075786287, 'ign_k': 0.00840038491455979, 'ign_c': 0.4177928311636542, 'trop_agb_crit': 18.081400596781233, 'trop_k_veg': 5.453348988480011, 'fire_amp': 5.869450070968175}.
