[I 2026-08-05 23:50:43,908] Trial 690 finished with values: [10.041253829832742, 10.041253829832742] and parameters: {'k1': 0.016973078532467004, 'D_low': 9.330007965781027, 'k2': 0.0007081721844034209, 'D_high': 6455.595882939566, 'fire_exp': 1.151006986743773, 'P_half': 12.808863354047988, 'pre_dampen_half': 36.876350096203005, 'gpp_af': 35.20481045526041, 'gpp_b': 0.7987896438549947, 'gpp_d': 33.373658194339434, 'ign_k': 0.006418208309987481, 'ign_c': 1.0939944910100017}.
[I 2026-08-05 23:50:44,888] Trial 691 finished with values: [10.080365019754439, 10.080365019754439] and parameters: {'k1': 0.0029707920514735983, 'D_low': 125.32726386250698, 'k2': 0.0007081721844034209, 'D_high': 6455.595882939566, 'fire_exp': 1.811096651915224, 'P_half': 10.226988730324324, 'pre_dampen_half': 111.37963167994629, 'gpp_af': 11.234842109991876, 'gpp_b': 3.228689523591491e-05, 'gpp_d': 368.30088529547436, 'ign_k': 0.10712009151798696, 'ign_c': 8.671454322584175}.
[I 2026-08-05 23:50:45,853] Trial 692 finished with values: [10.046708716216083, 10.046708716216083] and parameters: {'k1': 0.0029707920514735983, 'D_low': 125.32726386250698, 'k2': 0.004940031671739378, 'D_high': 7744.80118512745, 'fire_exp': 1.182396148413737, 'P_half': 24.136213194527585, 'pre_dampen_half': 33.9790424311127, 'gpp_af': 0.0025511964576171086, 'gpp_b': 3.228689523591491e-05, 'gpp_d': 857.4284557962634, 'ign_k': 0.03141110271934876, 'ign_c': 8.671454322584175}.
[I 2026-08-05 23:50:46,833] Trial 693 finished with values: [10.367460836799287, 10.367460836799287] and parameters: {'k1': 0.0002514786015817364, 'D_low': 18.522006003174383, 'k2': 0.0007081721844034209, 'D_high': 85018.70149611714, 'fire_exp': 1.5201277403788451, 'P_half': 608.3019192425825, 'pre_dampen_half': 703.6426675556048, 'gpp_af': 29.925002022877802, 'gpp_b': 0.6637926838138378, 'gpp_d': 34.37107943937136, 'ign_k': 0.4702627143647234, 'ign_c': 0.11433485956638717}.
[I 2026-08-05 23:50:47,813] Trial 694 finished with values: [10.769230768838547, 10.769230768838547] and parameters: {'k1': 0.016973078532467004, 'D_low': 7579.633113316125, 'k2': 0.005456725485601475, 'D_high': 7744.80118512745, 'fire_exp': 1.182396148413737, 'P_half': 39.03214299767183, 'pre_dampen_half': 33.9790424311127, 'gpp_af': 0.001162712343304238, 'gpp_b': 0.7987896438549947, 'gpp_d': 857.4284557962634, 'ign_k': 0.0023746677989874045, 'ign_c': 8.671454322584175}.
[I 2026-08-05 23:50:48,841] Trial 695 finished with values: [10.16141444920395, 10.16141444920395] and parameters: {'k1': 0.0029707920514735983, 'D_low': 125.32726386250698, 'k2': 2.5461628161276896e-05, 'D_high': 233.52156626184438, 'fire_exp': 1.182396148413737, 'P_half': 24.136213194527585, 'pre_dampen_half': 303.1650219733388, 'gpp_af': 29.925002022877802, 'gpp_b': 0.10123867001105968, 'gpp_d': 4.5768578731086835, 'ign_k': 0.4902396944106615, 'ign_c': 3.0378658251922155}.
[I 2026-08-05 23:50:49,836] Trial 696 finished with values: [-0.5165146077580528, 0.12396969717033812] and parameters: {'k1': 0.04897760278488444, 'D_low': 7.068974950624602, 'k2': 1.1184534120760473e-05, 'D_high': 75773.14388518519, 'fire_exp': 1.1044852285094786, 'P_half': 125.61043700013555, 'pre_dampen_half': 703.6426675556048, 'gpp_af': 35.20481045526041, 'gpp_b': 0.03841303420847976, 'gpp_d': 4.5768578731086835, 'ign_k': 0.01474275315991467, 'ign_c': 47.268615251255675}.
[I 2026-08-05 23:50:50,817] Trial 697 finished with values: [10.711249471023347, 10.711249471023347] and parameters: {'k1': 0.04897760278488444, 'D_low': 2.458603276328005, 'k2': 0.0004381141781653133, 'D_high': 6455.595882939566, 'fire_exp': 1.151006986743773, 'P_half': 851.7034154701655, 'pre_dampen_half': 703.6426675556048, 'gpp_af': 0.04339970334001348, 'gpp_b': 0.7987896438549947, 'gpp_d': 4.5768578731086835, 'ign_k': 5.9736167866478125, 'ign_c': 10.140635645866492}.
[I 2026-08-05 23:50:51,796] Trial 698 finished with values: [10.031429567414081, 10.031429567414081] and parameters: {'k1': 0.002971796631657383, 'D_low': 125.32726386250698, 'k2': 1.1184534120760473e-05, 'D_high': 6366.1449945522045, 'fire_exp': 1.0881360604103363, 'P_half': 39.03214299767183, 'pre_dampen_half': 36.876350096203005, 'gpp_af': 29.925002022877802, 'gpp_b': 0.7987896438549947, 'gpp_d': 857.4284557962634, 'ign_k': 0.03141110271934876, 'ign_c': 6.160975294741436}.
[I 2026-08-05 23:50:53,062] Trial 699 finished with values: [-0.5406278167112273, 0.07970998917930161] and parameters: {'k1': 0.03232155805617897, 'D_low': 29.89885508829526, 'k2': 0.0499774937030317, 'D_high': 85018.70149611714, 'fire_exp': 1.151006986743773, 'P_half': 12.808863354047988, 'pre_dampen_half': 111.37963167994629, 'gpp_af': 11.234842109991876, 'gpp_b': 1.5938003265859821, 'gpp_d': 4.5768578731086835, 'ign_k': 5.9736167866478125, 'ign_c': 0.11433485956638717}.
[I 2026-08-05 23:50:54,090] Trial 700 finished with values: [-0.4906166095001314, 0.14110324824494724] and parameters: {'k1': 0.0005956633466901681, 'D_low': 18.522006003174383, 'k2': 0.0001870742013766025, 'D_high': 411.0848435021235, 'fire_exp': 1.010722707674549, 'P_half': 608.3019192425825, 'pre_dampen_half': 703.6426675556048, 'gpp_af': 35.20481045526041, 'gpp_b': 0.7987896438549947, 'gpp_d': 891.8036602897795, 'ign_k': 3.7173717478250508, 'ign_c': 0.11433485956638717}.
[I 2026-08-05 23:50:55,086] Trial 701 finished with values: [10.76923045344106, 10.76923045344106] and parameters: {'k1': 0.00324789183891923, 'D_low': 2.458603276328005, 'k2': 0.0004381141781653133, 'D_high': 75773.14388518519, 'fire_exp': 1.5201277403788451, 'P_half': 2968.718490830258, 'pre_dampen_half': 0.07686859572675554, 'gpp_af': 29.925002022877802, 'gpp_b': 0.14313825333079222, 'gpp_d': 34.37107943937136, 'ign_k': 0.01474275315991467, 'ign_c': 225.1444048387014}.
[I 2026-08-05 23:50:56,065] Trial 702 finished with values: [10.53312637203486, 10.53312637203486] and parameters: {'k1': 0.0005486676498816061, 'D_low': 2.458603276328005, 'k2': 1.1184534120760473e-05, 'D_high': 85018.70149611714, 'fire_exp': 1.1044852285094786, 'P_half': 10.226988730324324, 'pre_dampen_half': 36.876350096203005, 'gpp_af': 35.20481045526041, 'gpp_b': 0.7987896438549947, 'gpp_d': 5.878566318396007, 'ign_k': 6.00422388619554, 'ign_c': 6.160975294741436}.
[I 2026-08-05 23:50:57,077] Trial 703 finished with values: [10.716718003498267, 10.716718003498267] and parameters: {'k1': 2.0937989739527727e-05, 'D_low': 1.2834648227562822, 'k2': 1.1184534120760473e-05, 'D_high': 75773.14388518519, 'fire_exp': 1.182396148413737, 'P_half': 4.397766894483963, 'pre_dampen_half': 703.6426675556048, 'gpp_af': 0.0025511964576171086, 'gpp_b': 0.03841303420847976, 'gpp_d': 0.13223503889537183, 'ign_k': 0.03141110271934876, 'ign_c': 0.7724824966785973}.
[I 2026-08-05 23:50:58,058] Trial 704 finished with values: [10.721611756858039, 10.721611756858039] and parameters: {'k1': 0.04897760278488444, 'D_low': 4.051452710153359, 'k2': 0.0004381141781653133, 'D_high': 6455.595882939566, 'fire_exp': 1.1044852285094786, 'P_half': 851.7034154701655, 'pre_dampen_half': 703.6426675556048, 'gpp_af': 0.04339970334001348, 'gpp_b': 0.7987896438549947, 'gpp_d': 0.1187686699420959, 'ign_k': 0.4702627143647234, 'ign_c': 0.17036120617148395}.
[I 2026-08-05 23:50:59,117] Trial 705 finished with values: [-0.5242030945430411, 0.12902934350969575] and parameters: {'k1': 0.005967518552547517, 'D_low': 540.7445028694731, 'k2': 0.0007081721844034209, 'D_high': 85018.70149611714, 'fire_exp': 1.2943117749495199, 'P_half': 10.226988730324324, 'pre_dampen_half': 703.6426675556048, 'gpp_af': 83.56239973758213, 'gpp_b': 0.03719354588132657, 'gpp_d': 4.25060659305504, 'ign_k': 0.0026834162496848666, 'ign_c': 9.743142535650213}.
[I 2026-08-05 23:51:00,098] Trial 706 finished with values: [10.638877888270468, 10.638877888270468] and parameters: {'k1': 0.016973078532467004, 'D_low': 29.89885508829526, 'k2': 0.0029606628946299667, 'D_high': 85018.70149611714, 'fire_exp': 1.151006986743773, 'P_half': 2989.6471756156616, 'pre_dampen_half': 703.6426675556048, 'gpp_af': 29.925002022877802, 'gpp_b': 0.7987896438549947, 'gpp_d': 4.5768578731086835, 'ign_k': 0.0026834162496848666, 'ign_c': 0.11433485956638717}.
[I 2026-08-05 23:51:01,094] Trial 707 finished with values: [10.165088304493503, 10.165088304493503] and parameters: {'k1': 0.002971796631657383, 'D_low': 7.068974950624602, 'k2': 1.1184534120760473e-05, 'D_high': 6455.595882939566, 'fire_exp': 1.3614924220931135, 'P_half': 5.342106255632175, 'pre_dampen_half': 53.73093479067421, 'gpp_af': 35.20481045526041, 'gpp_b': 0.011750724729953272, 'gpp_d': 4.5768578731086835, 'ign_k': 0.0026834162496848666, 'ign_c': 14.810800730363484}.
[I 2026-08-05 23:51:02,090] Trial 708 finished with values: [-0.5279049099401691, 0.12718889076875706] and parameters: {'k1': 0.0005486676498816061, 'D_low': 2.458603276328005, 'k2': 0.0007081721844034209, 'D_high': 75773.14388518519, 'fire_exp': 1.151006986743773, 'P_half': 12.808863354047988, 'pre_dampen_half': 703.6426675556048, 'gpp_af': 35.20481045526041, 'gpp_b': 0.7987896438549947, 'gpp_d': 7.129330255115469, 'ign_k': 0.01474275315991467, 'ign_c': 6.160975294741436}.
[I 2026-08-05 23:51:03,102] Trial 709 finished with values: [-0.5683099735778423, 0.10915671075819655] and parameters: {'k1': 0.002971796631657383, 'D_low': 7.068974950624602, 'k2': 1.3229646467088637e-05, 'D_high': 6455.595882939566, 'fire_exp': 1.3614924220931135, 'P_half': 5.342106255632175, 'pre_dampen_half': 111.37963167994629, 'gpp_af': 29.925002022877802, 'gpp_b': 0.011750724729953272, 'gpp_d': 5.878566318396007, 'ign_k': 5.294132201721568, 'ign_c': 0.11433485956638717}.
[I 2026-08-05 23:51:04,163] Trial 710 finished with values: [10.378858965224257, 10.378858965224257] and parameters: {'k1': 0.00324789183891923, 'D_low': 7.068974950624602, 'k2': 1.1184534120760473e-05, 'D_high': 75773.14388518519, 'fire_exp': 1.1670151053031461, 'P_half': 125.61043700013555, 'pre_dampen_half': 36.876350096203005, 'gpp_af': 35.20481045526041, 'gpp_b': 0.03841303420847976, 'gpp_d': 4.5768578731086835, 'ign_k': 0.01474275315991467, 'ign_c': 57.29371773569626}.
[I 2026-08-05 23:51:05,192] Trial 711 finished with values: [10.565361152806547, 10.565361152806547] and parameters: {'k1': 0.016973078532467004, 'D_low': 7.068974950624602, 'k2': 0.0007081721844034209, 'D_high': 3660.150802571655, 'fire_exp': 1.1044852285094786, 'P_half': 39.03214299767183, 'pre_dampen_half': 703.6426675556048, 'gpp_af': 35.20481045526041, 'gpp_b': 0.10123867001105968, 'gpp_d': 4.5768578731086835, 'ign_k': 0.01474275315991467, 'ign_c': 6.160975294741436}.
[I 2026-08-05 23:51:06,344] Trial 712 finished with values: [10.830610061952422, 10.830610061952422] and parameters: {'k1': 0.016973078532467004, 'D_low': 2.458603276328005, 'k2': 0.0007081721844034209, 'D_high': 85018.70149611714, 'fire_exp': 1.151006986743773, 'P_half': 12.808863354047988, 'pre_dampen_half': 703.6426675556048, 'gpp_af': 2.4130533782812034, 'gpp_b': 0.7987896438549947, 'gpp_d': 4.5768578731086835, 'ign_k': 5.9736167866478125, 'ign_c': 0.11433485956638717}.
[I 2026-08-05 23:51:07,926] Trial 713 finished with values: [10.270976497648798, 10.270976497648798] and parameters: {'k1': 7.289548160413637e-05, 'D_low': 2.458603276328005, 'k2': 0.0007081721844034209, 'D_high': 85018.70149611714, 'fire_exp': 1.2943117749495199, 'P_half': 12.808863354047988, 'pre_dampen_half': 703.6426675556048, 'gpp_af': 35.20481045526041, 'gpp_b': 0.7987896438549947, 'gpp_d': 4.5768578731086835, 'ign_k': 0.4320578308497379, 'ign_c': 0.11433485956638717}.
[I 2026-08-05 23:51:09,176] Trial 714 finished with values: [10.768542565940413, 10.768542565940413] and parameters: {'k1': 0.0003762336385269675, 'D_low': 125.32726386250698, 'k2': 0.034987345440353576, 'D_high': 7744.80118512745, 'fire_exp': 1.151006986743773, 'P_half': 24.136213194527585, 'pre_dampen_half': 88.81627111957808, 'gpp_af': 0.0025511964576171086, 'gpp_b': 0.7987896438549947, 'gpp_d': 19.65797948502804, 'ign_k': 0.03141110271934876, 'ign_c': 47.268615251255675}.
[I 2026-08-05 23:51:10,329] Trial 715 finished with values: [10.744695818096945, 10.744695818096945] and parameters: {'k1': 0.0040265389838192705, 'D_low': 2.458603276328005, 'k2': 2.5461628161276896e-05, 'D_high': 85018.70149611714, 'fire_exp': 1.2781829800753024, 'P_half': 12.808863354047988, 'pre_dampen_half': 703.6426675556048, 'gpp_af': 0.0025511964576171086, 'gpp_b': 0.08852620105022933, 'gpp_d': 0.13223503889537183, 'ign_k': 0.03141110271934876, 'ign_c': 6.160975294741436}.
[I 2026-08-05 23:51:11,529] Trial 716 finished with values: [10.769230768838547, 10.769230768838547] and parameters: {'k1': 0.03232155805617897, 'D_low': 29.89885508829526, 'k2': 0.0499774937030317, 'D_high': 6455.595882939566, 'fire_exp': 9.986509644667628, 'P_half': 24.136213194527585, 'pre_dampen_half': 33.9790424311127, 'gpp_af': 0.0017420483089176104, 'gpp_b': 0.10123867001105968, 'gpp_d': 368.30088529547436, 'ign_k': 8.103949702339497, 'ign_c': 14.810800730363484}.
[I 2026-08-05 23:51:12,826] Trial 717 finished with values: [10.753952978842472, 10.753952978842472] and parameters: {'k1': 0.0005486676498816061, 'D_low': 2.458603276328005, 'k2': 0.00042425976091860955, 'D_high': 75773.14388518519, 'fire_exp': 1.151006986743773, 'P_half': 12.808863354047988, 'pre_dampen_half': 88.81627111957808, 'gpp_af': 35.20481045526041, 'gpp_b': 0.7987896438549947, 'gpp_d': 19.65797948502804, 'ign_k': 0.01474275315991467, 'ign_c': 304.0981662829698}.
[I 2026-08-05 23:51:14,585] Trial 718 finished with values: [10.340713199173901, 10.340713199173901] and parameters: {'k1': 0.0002514786015817364, 'D_low': 4.051452710153359, 'k2': 0.0007081721844034209, 'D_high': 233.52156626184438, 'fire_exp': 1.182396148413737, 'P_half': 24.136213194527585, 'pre_dampen_half': 33.9790424311127, 'gpp_af': 20.12115544906385, 'gpp_b': 0.7987896438549947, 'gpp_d': 857.4284557962634, 'ign_k': 0.11101191524846071, 'ign_c': 0.17036120617148395}.
[I 2026-08-05 23:51:15,899] Trial 719 finished with values: [10.707394509208935, 10.707394509208935] and parameters: {'k1': 0.04897760278488444, 'D_low': 1347.5408399574635, 'k2': 0.0007081721844034209, 'D_high': 85018.70149611714, 'fire_exp': 1.151006986743773, 'P_half': 39.03214299767183, 'pre_dampen_half': 6.84039695411256, 'gpp_af': 35.20481045526041, 'gpp_b': 0.011750724729953272, 'gpp_d': 5.1715677287580455, 'ign_k': 0.017654048052495083, 'ign_c': 89.90768948930027}.
[I 2026-08-05 23:51:17,052] Trial 720 finished with values: [-0.5665773744408888, 0.14844301813041638] and parameters: {'k1': 0.0005486676498816061, 'D_low': 2.458603276328005, 'k2': 0.0007081721844034209, 'D_high': 75773.14388518519, 'fire_exp': 1.151006986743773, 'P_half': 12.808863354047988, 'pre_dampen_half': 246.93224594675561, 'gpp_af': 35.20481045526041, 'gpp_b': 0.7987896438549947, 'gpp_d': 19.65797948502804, 'ign_k': 0.04135816738916687, 'ign_c': 6.160975294741436}.
[I 2026-08-05 23:51:18,236] Trial 721 finished with values: [10.397711639686712, 10.397711639686712] and parameters: {'k1': 0.0017320535908244437, 'D_low': 2.1234210963705626, 'k2': 1.1184534120760473e-05, 'D_high': 203.29778470902625, 'fire_exp': 1.1044852285094786, 'P_half': 147.09699119495133, 'pre_dampen_half': 107.40052367919465, 'gpp_af': 0.001162712343304238, 'gpp_b': 3.228689523591491e-05, 'gpp_d': 4.25060659305504, 'ign_k': 0.03141110271934876, 'ign_c': 46.813761934505536}.
[I 2026-08-05 23:51:19,517] Trial 722 finished with values: [10.389686894692232, 10.389686894692232] and parameters: {'k1': 0.016973078532467004, 'D_low': 2.458603276328005, 'k2': 0.0007081721844034209, 'D_high': 85018.70149611714, 'fire_exp': 1.182396148413737, 'P_half': 408.3047491580097, 'pre_dampen_half': 748.1106041623153, 'gpp_af': 35.20481045526041, 'gpp_b': 3.228689523591491e-05, 'gpp_d': 4.5768578731086835, 'ign_k': 5.9736167866478125, 'ign_c': 0.11433485956638717}.
[I 2026-08-05 23:51:20,766] Trial 723 finished with values: [10.76562050717282, 10.76562050717282] and parameters: {'k1': 0.0017320535908244437, 'D_low': 2.1234210963705626, 'k2': 1.1184534120760473e-05, 'D_high': 7744.80118512745, 'fire_exp': 1.5201277403788451, 'P_half': 147.09699119495133, 'pre_dampen_half': 109.45351414473369, 'gpp_af': 29.925002022877802, 'gpp_b': 0.7987896438549947, 'gpp_d': 34.37107943937136, 'ign_k': 0.03141110271934876, 'ign_c': 111.98001958256879}.
[I 2026-08-05 23:51:21,983] Trial 724 finished with values: [10.541304115761315, 10.541304115761315] and parameters: {'k1': 0.04897760278488444, 'D_low': 2.458603276328005, 'k2': 0.0007081721844034209, 'D_high': 85018.70149611714, 'fire_exp': 1.151006986743773, 'P_half': 1553.2973289514223, 'pre_dampen_half': 703.6426675556048, 'gpp_af': 35.20481045526041, 'gpp_b': 0.7987896438549947, 'gpp_d': 4.5768578731086835, 'ign_k': 5.9736167866478125, 'ign_c': 0.11433485956638717}.
[I 2026-08-05 23:51:23,200] Trial 725 finished with values: [10.617732738116798, 10.617732738116798] and parameters: {'k1': 0.0005525012427854533, 'D_low': 29.89885508829526, 'k2': 0.0007081721844034209, 'D_high': 85018.70149611714, 'fire_exp': 1.151006986743773, 'P_half': 1867.8279278246268, 'pre_dampen_half': 703.6426675556048, 'gpp_af': 29.925002022877802, 'gpp_b': 0.7987896438549947, 'gpp_d': 4.5768578731086835, 'ign_k': 0.0026834162496848666, 'ign_c': 0.11433485956638717}.
[I 2026-08-05 23:51:24,385] Trial 726 finished with values: [-0.5243872599267593, 0.07376974053910901] and parameters: {'k1': 0.03232155805617897, 'D_low': 18.522006003174383, 'k2': 0.0499774937030317, 'D_high': 6455.595882939566, 'fire_exp': 1.010722707674549, 'P_half': 608.3019192425825, 'pre_dampen_half': 111.37963167994629, 'gpp_af': 11.234842109991876, 'gpp_b': 0.10123867001105968, 'gpp_d': 368.30088529547436, 'ign_k': 0.4702627143647234, 'ign_c': 14.810800730363484}.
[I 2026-08-05 23:51:25,731] Trial 727 finished with values: [10.329030930637263, 10.329030930637263] and parameters: {'k1': 0.016973078532467004, 'D_low': 2.458603276328005, 'k2': 0.0007081721844034209, 'D_high': 85018.70149611714, 'fire_exp': 1.151006986743773, 'P_half': 12.808863354047988, 'pre_dampen_half': 703.6426675556048, 'gpp_af': 35.20481045526041, 'gpp_b': 0.7987896438549947, 'gpp_d': 4.5768578731086835, 'ign_k': 0.03033111747878116, 'ign_c': 47.268615251255675}.
[I 2026-08-05 23:51:26,963] Trial 728 finished with values: [10.095286121117894, 10.095286121117894] and parameters: {'k1': 0.00324789183891923, 'D_low': 7.068974950624602, 'k2': 0.0499774937030317, 'D_high': 75773.14388518519, 'fire_exp': 1.3188914576304807, 'P_half': 10.226988730324324, 'pre_dampen_half': 111.37963167994629, 'gpp_af': 11.234842109991876, 'gpp_b': 0.7987896438549947, 'gpp_d': 149.50343942182866, 'ign_k': 0.03033111747878116, 'ign_c': 10.140635645866492}.
[I 2026-08-05 23:51:28,246] Trial 729 finished with values: [10.616585332068786, 10.616585332068786] and parameters: {'k1': 0.005967518552547517, 'D_low': 7.068974950624602, 'k2': 0.0001870742013766025, 'D_high': 411.0848435021235, 'fire_exp': 1.010722707674549, 'P_half': 10.226988730324324, 'pre_dampen_half': 59.66041614891413, 'gpp_af': 22.766850248686247, 'gpp_b': 0.6637926838138378, 'gpp_d': 5.277709597877513, 'ign_k': 3.7173717478250508, 'ign_c': 14.810800730363484}.
[I 2026-08-05 23:51:29,621] Trial 730 finished with values: [10.769229940356219, 10.769229940356219] and parameters: {'k1': 0.04897760278488444, 'D_low': 4.051452710153359, 'k2': 1.1184534120760473e-05, 'D_high': 75773.14388518519, 'fire_exp': 1.1044852285094786, 'P_half': 125.61043700013555, 'pre_dampen_half': 703.6426675556048, 'gpp_af': 35.20481045526041, 'gpp_b': 0.03841303420847976, 'gpp_d': 4.5768578731086835, 'ign_k': 0.4702627143647234, 'ign_c': 47.268615251255675}.
[I 2026-08-05 23:51:30,856] Trial 731 finished with values: [-0.5321368803251221, 0.13426387185894917] and parameters: {'k1': 0.016973078532467004, 'D_low': 2.458603276328005, 'k2': 1.1184534120760473e-05, 'D_high': 85018.70149611714, 'fire_exp': 1.0133481068971741, 'P_half': 12.808863354047988, 'pre_dampen_half': 703.6426675556048, 'gpp_af': 35.20481045526041, 'gpp_b': 0.7987896438549947, 'gpp_d': 4.5768578731086835, 'ign_k': 0.01474275315991467, 'ign_c': 0.11433485956638717}.
[I 2026-08-05 23:51:32,072] Trial 732 finished with values: [10.717642338856725, 10.717642338856725] and parameters: {'k1': 0.016973078532467004, 'D_low': 18.522006003174383, 'k2': 0.0001870742013766025, 'D_high': 411.0848435021235, 'fire_exp': 1.010722707674549, 'P_half': 608.3019192425825, 'pre_dampen_half': 59.66041614891413, 'gpp_af': 0.04196905103888626, 'gpp_b': 0.6637926838138378, 'gpp_d': 891.8036602897795, 'ign_k': 3.7173717478250508, 'ign_c': 0.11433485956638717}.
[I 2026-08-05 23:51:33,435] Trial 733 finished with values: [10.667435165280155, 10.667435165280155] and parameters: {'k1': 0.016973078532467004, 'D_low': 2.458603276328005, 'k2': 0.0499774937030317, 'D_high': 85018.70149611714, 'fire_exp': 1.151006986743773, 'P_half': 12.808863354047988, 'pre_dampen_half': 111.37963167994629, 'gpp_af': 29.925002022877802, 'gpp_b': 1.5938003265859821, 'gpp_d': 0.679684982462508, 'ign_k': 5.9736167866478125, 'ign_c': 3.843180360935464}.
[I 2026-08-05 23:51:35,158] Trial 734 finished with values: [-0.47633963610182095, 0.09742293966875104] and parameters: {'k1': 0.016973078532467004, 'D_low': 4.051452710153359, 'k2': 0.0007081721844034209, 'D_high': 85018.70149611714, 'fire_exp': 1.2943117749495199, 'P_half': 39.03214299767183, 'pre_dampen_half': 303.1650219733388, 'gpp_af': 29.925002022877802, 'gpp_b': 0.7987896438549947, 'gpp_d': 4.5768578731086835, 'ign_k': 0.0026834162496848666, 'ign_c': 0.17036120617148395}.
