[I 2026-08-06 00:12:06,868] Trial 345 finished with values: [10.380392806069, 10.380392806069] and parameters: {'k1': 3.252245757497282e-05, 'D_low': 7.068974950624602, 'k2': 0.006138509947844854, 'D_high': 9769.756791866093, 'fire_exp': 1.0881360604103363, 'P_half': 125.61043700013555, 'pre_dampen_half': 76.86605275420082, 'gpp_af': 1.6595781802652418, 'gpp_b': 0.40704318060211087, 'gpp_d': 1.226969905882515, 'ign_k': 0.0026834162496848666, 'ign_c': 14.810800730363484}.
[I 2026-08-06 00:12:07,800] Trial 346 finished with values: [-0.48563181100444386, 0.2218988053190215] and parameters: {'k1': 0.0004846497679219079, 'D_low': 2.5379946629058443, 'k2': 0.0004381141781653133, 'D_high': 6366.1449945522045, 'fire_exp': 1.182396148413737, 'P_half': 1938.3858782150498, 'pre_dampen_half': 703.6426675556048, 'gpp_af': 0.0025511964576171086, 'gpp_b': 3.228689523591491e-05, 'gpp_d': 150.14555442537656, 'ign_k': 0.03141110271934876, 'ign_c': 47.268615251255675}.
[I 2026-08-06 00:12:08,748] Trial 347 finished with values: [10.751856922167985, 10.751856922167985] and parameters: {'k1': 0.025383218374507292, 'D_low': 125.32726386250698, 'k2': 0.008919267853250165, 'D_high': 9769.756791866093, 'fire_exp': 1.0881360604103363, 'P_half': 125.61043700013555, 'pre_dampen_half': 0.1562736402797949, 'gpp_af': 0.0025511964576171086, 'gpp_b': 0.011750724729953272, 'gpp_d': 0.19476644406315288, 'ign_k': 0.0026834162496848666, 'ign_c': 2.92043384718141}.
[I 2026-08-06 00:12:09,685] Trial 348 finished with values: [10.37234151184212, 10.37234151184212] and parameters: {'k1': 0.00012105387404469581, 'D_low': 2.458603276328005, 'k2': 3.5917714215176105e-05, 'D_high': 27.662820108131335, 'fire_exp': 1.5201277403788451, 'P_half': 2.157758652553991, 'pre_dampen_half': 76.86605275420082, 'gpp_af': 1.6595781802652418, 'gpp_b': 0.10123867001105968, 'gpp_d': 39.827466658711515, 'ign_k': 0.017654048052495083, 'ign_c': 14.810800730363484}.
[I 2026-08-06 00:12:10,630] Trial 349 finished with values: [10.578967566963689, 10.578967566963689] and parameters: {'k1': 0.002971796631657383, 'D_low': 2.1234210963705626, 'k2': 1.1184534120760473e-05, 'D_high': 8182.111518618414, 'fire_exp': 1.811096651915224, 'P_half': 10.226988730324324, 'pre_dampen_half': 5.542030950268268, 'gpp_af': 0.08235550625917108, 'gpp_b': 0.011750724729953272, 'gpp_d': 4.5768578731086835, 'ign_k': 0.11903394335305037, 'ign_c': 2.92043384718141}.
[I 2026-08-06 00:12:11,564] Trial 350 finished with values: [10.093530576312451, 10.093530576312451] and parameters: {'k1': 0.0017320535908244437, 'D_low': 26.21130418912424, 'k2': 0.00014091459170104733, 'D_high': 3660.150802571655, 'fire_exp': 1.5201277403788451, 'P_half': 22.4895428439145, 'pre_dampen_half': 304.7488318185732, 'gpp_af': 0.47739011308437823, 'gpp_b': 0.0005995821881487623, 'gpp_d': 150.14555442537656, 'ign_k': 0.005877005203443299, 'ign_c': 1.24801809651176}.
[I 2026-08-06 00:12:12,479] Trial 351 finished with values: [10.336173525252986, 10.336173525252986] and parameters: {'k1': 0.0002656971546588439, 'D_low': 125.32726386250698, 'k2': 1.1184534120760473e-05, 'D_high': 10316.033434719713, 'fire_exp': 1.5201277403788451, 'P_half': 63.585411411994926, 'pre_dampen_half': 76.86605275420082, 'gpp_af': 10.25616274847308, 'gpp_b': 0.10123867001105968, 'gpp_d': 300.3420512048734, 'ign_k': 0.0048255892187380085, 'ign_c': 14.810800730363484}.
[I 2026-08-06 00:12:13,425] Trial 352 finished with values: [10.376928583878907, 10.376928583878907] and parameters: {'k1': 0.021368329072358756, 'D_low': 4.051452710153359, 'k2': 3.5917714215176105e-05, 'D_high': 75773.14388518519, 'fire_exp': 1.5201277403788451, 'P_half': 147.09699119495133, 'pre_dampen_half': 76.86605275420082, 'gpp_af': 35.20481045526041, 'gpp_b': 0.011750724729953272, 'gpp_d': 4.5768578731086835, 'ign_k': 0.4702627143647234, 'ign_c': 14.810800730363484}.
[I 2026-08-06 00:12:14,336] Trial 353 finished with values: [10.03963694479445, 10.03963694479445] and parameters: {'k1': 0.00324789183891923, 'D_low': 2.1234210963705626, 'k2': 0.006138509947844854, 'D_high': 6455.595882939566, 'fire_exp': 1.8713074096420792, 'P_half': 958.8659498594012, 'pre_dampen_half': 304.7488318185732, 'gpp_af': 0.47739011308437823, 'gpp_b': 3.481277316673104e-05, 'gpp_d': 150.14555442537656, 'ign_k': 0.031134168041628628, 'ign_c': 19.19168994439752}.
[I 2026-08-06 00:12:15,272] Trial 354 finished with values: [10.765544864657345, 10.765544864657345] and parameters: {'k1': 0.00324789183891923, 'D_low': 1.1065812688893482, 'k2': 8.598664501707758e-05, 'D_high': 8182.111518618414, 'fire_exp': 1.811096651915224, 'P_half': 958.8659498594012, 'pre_dampen_half': 0.016235510473855456, 'gpp_af': 5.511863475708366, 'gpp_b': 3.481277316673104e-05, 'gpp_d': 13.076473382928533, 'ign_k': 0.031134168041628628, 'ign_c': 0.3528113274684997}.
[I 2026-08-06 00:12:16,215] Trial 355 finished with values: [10.769230768877819, 10.769230768877819] and parameters: {'k1': 0.00324789183891923, 'D_low': 2.1234210963705626, 'k2': 0.006138509947844854, 'D_high': 11.789509559476436, 'fire_exp': 1.0881360604103363, 'P_half': 10.226988730324324, 'pre_dampen_half': 111.37963167994629, 'gpp_af': 5.511863475708366, 'gpp_b': 0.0024194895091734425, 'gpp_d': 4.5768578731086835, 'ign_k': 0.031134168041628628, 'ign_c': 893.0783450941816}.
[I 2026-08-06 00:12:17,149] Trial 356 finished with values: [10.529744112747778, 10.529744112747778] and parameters: {'k1': 0.021368329072358756, 'D_low': 2.1234210963705626, 'k2': 0.0007081721844034209, 'D_high': 8182.111518618414, 'fire_exp': 1.0881360604103363, 'P_half': 51.41531903173455, 'pre_dampen_half': 36.876350096203005, 'gpp_af': 29.925002022877802, 'gpp_b': 0.011750724729953272, 'gpp_d': 0.834897644537872, 'ign_k': 0.002357279455676982, 'ign_c': 2.92043384718141}.
[I 2026-08-06 00:12:18,064] Trial 357 finished with values: [10.357395395984396, 10.357395395984396] and parameters: {'k1': 0.002971796631657383, 'D_low': 523.1053126909052, 'k2': 1.1184534120760473e-05, 'D_high': 9769.756791866093, 'fire_exp': 1.6529278148136084, 'P_half': 4.397766894483963, 'pre_dampen_half': 53.73093479067421, 'gpp_af': 0.028585493941961918, 'gpp_b': 0.011750724729953272, 'gpp_d': 5.878566318396007, 'ign_k': 6.3073181184917315, 'ign_c': 2.92043384718141}.
[I 2026-08-06 00:12:19,101] Trial 358 finished with values: [10.03963694479445, 10.03963694479445] and parameters: {'k1': 0.00324789183891923, 'D_low': 2.1234210963705626, 'k2': 0.006138509947844854, 'D_high': 6455.595882939566, 'fire_exp': 1.8713074096420792, 'P_half': 958.8659498594012, 'pre_dampen_half': 304.7488318185732, 'gpp_af': 0.47739011308437823, 'gpp_b': 3.481277316673104e-05, 'gpp_d': 150.14555442537656, 'ign_k': 0.031134168041628628, 'ign_c': 19.19168994439752}.
[I 2026-08-06 00:12:20,030] Trial 359 finished with values: [10.448105392911147, 10.448105392911147] and parameters: {'k1': 0.015602015889668856, 'D_low': 4.051452710153359, 'k2': 0.013975908789482218, 'D_high': 10316.033434719713, 'fire_exp': 1.1044852285094786, 'P_half': 408.3047491580097, 'pre_dampen_half': 76.86605275420082, 'gpp_af': 35.20481045526041, 'gpp_b': 0.011750724729953272, 'gpp_d': 4.5768578731086835, 'ign_k': 0.002278473643771521, 'ign_c': 14.810800730363484}.
[I 2026-08-06 00:12:20,984] Trial 360 finished with values: [-0.5439698401974977, 0.2511318245459867] and parameters: {'k1': 0.0017320535908244437, 'D_low': 4.051452710153359, 'k2': 3.5917714215176105e-05, 'D_high': 3660.150802571655, 'fire_exp': 1.5201277403788451, 'P_half': 22.4895428439145, 'pre_dampen_half': 304.7488318185732, 'gpp_af': 0.47739011308437823, 'gpp_b': 8.539677611488478e-05, 'gpp_d': 150.14555442537656, 'ign_k': 0.005877005203443299, 'ign_c': 14.810800730363484}.
[I 2026-08-06 00:12:21,887] Trial 361 finished with values: [10.768382076809935, 10.768382076809935] and parameters: {'k1': 0.002971796631657383, 'D_low': 29.89885508829526, 'k2': 0.006138509947844854, 'D_high': 9769.756791866093, 'fire_exp': 2.61565689708108, 'P_half': 958.8659498594012, 'pre_dampen_half': 111.37963167994629, 'gpp_af': 29.925002022877802, 'gpp_b': 1.8823910330650002, 'gpp_d': 4.5768578731086835, 'ign_k': 0.0026834162496848666, 'ign_c': 6.160975294741436}.
[I 2026-08-06 00:12:22,834] Trial 362 finished with values: [10.737089535674384, 10.737089535674384] and parameters: {'k1': 0.025383218374507292, 'D_low': 125.32726386250698, 'k2': 0.0004381141781653133, 'D_high': 233.52156626184438, 'fire_exp': 1.010722707674549, 'P_half': 608.3019192425825, 'pre_dampen_half': 703.6426675556048, 'gpp_af': 52.92490796395662, 'gpp_b': 0.006373956092838178, 'gpp_d': 0.19476644406315288, 'ign_k': 0.03141110271934876, 'ign_c': 14.367095138664217}.
[I 2026-08-06 00:12:23,751] Trial 363 finished with values: [10.511594922419361, 10.511594922419361] and parameters: {'k1': 0.0028421405887320826, 'D_low': 29.89885508829526, 'k2': 0.0007081721844034209, 'D_high': 8182.111518618414, 'fire_exp': 1.4690410989404576, 'P_half': 125.61043700013555, 'pre_dampen_half': 304.7488318185732, 'gpp_af': 90.33231300044888, 'gpp_b': 0.011750724729953272, 'gpp_d': 5.878566318396007, 'ign_k': 0.019192001101561888, 'ign_c': 8.671454322584175}.
[I 2026-08-06 00:12:24,681] Trial 364 finished with values: [10.768191679380612, 10.768191679380612] and parameters: {'k1': 0.0005486676498816061, 'D_low': 125.32726386250698, 'k2': 0.006138509947844854, 'D_high': 949.9072859745386, 'fire_exp': 2.196935728020977, 'P_half': 958.8659498594012, 'pre_dampen_half': 0.14399867863160215, 'gpp_af': 51.72004221341863, 'gpp_b': 8.539677611488478e-05, 'gpp_d': 150.14555442537656, 'ign_k': 0.005877005203443299, 'ign_c': 14.810800730363484}.
[I 2026-08-06 00:12:25,598] Trial 365 finished with values: [-0.5470452051475791, 0.25776546143707824] and parameters: {'k1': 0.002971796631657383, 'D_low': 74.92772870670282, 'k2': 0.0007081721844034209, 'D_high': 9769.756791866093, 'fire_exp': 1.0881360604103363, 'P_half': 2.157758652553991, 'pre_dampen_half': 5.542030950268268, 'gpp_af': 29.925002022877802, 'gpp_b': 0.011750724729953272, 'gpp_d': 39.827466658711515, 'ign_k': 0.017654048052495083, 'ign_c': 6.160975294741436}.
[I 2026-08-06 00:12:26,546] Trial 366 finished with values: [-0.5294033568245865, 0.15116492489241629] and parameters: {'k1': 0.0017320535908244437, 'D_low': 396.8136435370147, 'k2': 1.4378290221680118e-05, 'D_high': 75773.14388518519, 'fire_exp': 1.1044852285094786, 'P_half': 24.136213194527585, 'pre_dampen_half': 33.9790424311127, 'gpp_af': 0.028585493941961918, 'gpp_b': 0.011750724729953272, 'gpp_d': 10.931606102061748, 'ign_k': 0.005877005203443299, 'ign_c': 14.810800730363484}.
[I 2026-08-06 00:12:27,463] Trial 367 finished with values: [-0.5315413708501637, 0.13760185940010194] and parameters: {'k1': 0.03232155805617897, 'D_low': 98.57545621889057, 'k2': 0.006138509947844854, 'D_high': 1123.9682517242118, 'fire_exp': 2.2881850891698634, 'P_half': 8.369109437186466, 'pre_dampen_half': 111.37963167994629, 'gpp_af': 0.004344117003966495, 'gpp_b': 0.0035057749039614167, 'gpp_d': 0.11136446029400991, 'ign_k': 0.8826264591983531, 'ign_c': 8.671454322584175}.
[I 2026-08-06 00:12:28,472] Trial 368 finished with values: [10.765556970072977, 10.765556970072977] and parameters: {'k1': 0.002971796631657383, 'D_low': 125.32726386250698, 'k2': 4.763991596630584e-05, 'D_high': 1687.3495104568947, 'fire_exp': 1.010722707674549, 'P_half': 63.585411411994926, 'pre_dampen_half': 14.689898077648792, 'gpp_af': 10.25616274847308, 'gpp_b': 0.6637926838138378, 'gpp_d': 0.0763203160273735, 'ign_k': 3.7173717478250508, 'ign_c': 14.367095138664217}.
[I 2026-08-06 00:12:29,543] Trial 369 finished with values: [10.127809489829055, 10.127809489829055] and parameters: {'k1': 0.0029707920514735983, 'D_low': 29.89885508829526, 'k2': 2.1698375693549493e-05, 'D_high': 29.580419692843236, 'fire_exp': 1.182396148413737, 'P_half': 408.3047491580097, 'pre_dampen_half': 36.876350096203005, 'gpp_af': 0.0025511964576171086, 'gpp_b': 3.228689523591491e-05, 'gpp_d': 0.12659922449669828, 'ign_k': 0.005568690083197025, 'ign_c': 2.92043384718141}.
[I 2026-08-06 00:12:30,554] Trial 370 finished with values: [10.04015073107842, 10.04015073107842] and parameters: {'k1': 0.0005486676498816061, 'D_low': 98.57545621889057, 'k2': 0.006138509947844854, 'D_high': 75773.14388518519, 'fire_exp': 1.0473002272689056, 'P_half': 958.8659498594012, 'pre_dampen_half': 76.86605275420082, 'gpp_af': 0.028585493941961918, 'gpp_b': 0.011750724729953272, 'gpp_d': 150.14555442537656, 'ign_k': 0.0027847738314446878, 'ign_c': 2.92043384718141}.
[I 2026-08-06 00:12:31,571] Trial 371 finished with values: [10.200578731239245, 10.200578731239245] and parameters: {'k1': 0.0017320535908244437, 'D_low': 4.051452710153359, 'k2': 3.5917714215176105e-05, 'D_high': 9769.756791866093, 'fire_exp': 1.5201277403788451, 'P_half': 10.226988730324324, 'pre_dampen_half': 36.876350096203005, 'gpp_af': 0.47739011308437823, 'gpp_b': 0.011750724729953272, 'gpp_d': 79.05373031352391, 'ign_k': 0.005877005203443299, 'ign_c': 6.160975294741436}.
[I 2026-08-06 00:12:32,577] Trial 372 finished with values: [11.076352899166212, 11.076352899166212] and parameters: {'k1': 0.0002514786015817364, 'D_low': 175.2878790340412, 'k2': 0.0010204225357677778, 'D_high': 75773.14388518519, 'fire_exp': 1.3614924220931135, 'P_half': 4.397766894483963, 'pre_dampen_half': 59.66041614891413, 'gpp_af': 0.47739011308437823, 'gpp_b': 8.539677611488478e-05, 'gpp_d': 668.5510162938966, 'ign_k': 0.03141110271934876, 'ign_c': 0.17036120617148395}.
[I 2026-08-06 00:12:33,566] Trial 373 finished with values: [13.355987639807124, 13.355987639807124] and parameters: {'k1': 0.025383218374507292, 'D_low': 1.1065812688893482, 'k2': 0.006138509947844854, 'D_high': 1687.3495104568947, 'fire_exp': 1.010722707674549, 'P_half': 608.3019192425825, 'pre_dampen_half': 111.37963167994629, 'gpp_af': 22.766850248686247, 'gpp_b': 0.0024194895091734425, 'gpp_d': 891.8036602897795, 'ign_k': 3.7173717478250508, 'ign_c': 14.367095138664217}.
[I 2026-08-06 00:12:34,564] Trial 374 finished with values: [10.670526607289899, 10.670526607289899] and parameters: {'k1': 0.002971796631657383, 'D_low': 74.92772870670282, 'k2': 0.0007081721844034209, 'D_high': 3660.150802571655, 'fire_exp': 1.5201277403788451, 'P_half': 22.4895428439145, 'pre_dampen_half': 700.6693992445935, 'gpp_af': 0.47739011308437823, 'gpp_b': 0.011750724729953272, 'gpp_d': 4.5768578731086835, 'ign_k': 0.0026834162496848666, 'ign_c': 6.160975294741436}.
[I 2026-08-06 00:12:35,537] Trial 375 finished with values: [11.640177489258324, 11.640177489258324] and parameters: {'k1': 0.002971796631657383, 'D_low': 74.92772870670282, 'k2': 3.5917714215176105e-05, 'D_high': 8182.111518618414, 'fire_exp': 1.5201277403788451, 'P_half': 10.226988730324324, 'pre_dampen_half': 304.7488318185732, 'gpp_af': 0.08235550625917108, 'gpp_b': 3.481277316673104e-05, 'gpp_d': 4.5768578731086835, 'ign_k': 0.11903394335305037, 'ign_c': 0.1457050032975653}.
[I 2026-08-06 00:12:36,550] Trial 376 finished with values: [15.214816698768836, 15.214816698768836] and parameters: {'k1': 2.0937989739527727e-05, 'D_low': 125.32726386250698, 'k2': 0.0010204225357677778, 'D_high': 1687.3495104568947, 'fire_exp': 1.010722707674549, 'P_half': 63.585411411994926, 'pre_dampen_half': 703.6426675556048, 'gpp_af': 10.25616274847308, 'gpp_b': 2.800940363375676e-05, 'gpp_d': 891.8036602897795, 'ign_k': 3.7173717478250508, 'ign_c': 0.6235377135673155}.
[I 2026-08-06 00:12:37,587] Trial 377 finished with values: [10.435738112412128, 10.435738112412128] and parameters: {'k1': 0.0029707920514735983, 'D_low': 7.068974950624602, 'k2': 2.1698375693549493e-05, 'D_high': 34288.10943862523, 'fire_exp': 1.182396148413737, 'P_half': 408.3047491580097, 'pre_dampen_half': 36.876350096203005, 'gpp_af': 0.0025511964576171086, 'gpp_b': 3.228689523591491e-05, 'gpp_d': 857.4284557962634, 'ign_k': 0.0026834162496848666, 'ign_c': 514.0544615226304}.
[I 2026-08-06 00:12:38,602] Trial 378 finished with values: [-0.5757807040038379, 0.18147402094754905] and parameters: {'k1': 0.0029707920514735983, 'D_low': 125.32726386250698, 'k2': 0.0004381141781653133, 'D_high': 6366.1449945522045, 'fire_exp': 2.196935728020977, 'P_half': 22.4895428439145, 'pre_dampen_half': 703.6426675556048, 'gpp_af': 0.0025511964576171086, 'gpp_b': 8.539677611488478e-05, 'gpp_d': 0.19476644406315288, 'ign_k': 0.03141110271934876, 'ign_c': 14.810800730363484}.
[I 2026-08-06 00:12:39,682] Trial 379 finished with values: [10.009032911410364, 10.009032911410364] and parameters: {'k1': 2.0937989739527727e-05, 'D_low': 125.32726386250698, 'k2': 0.0010204225357677778, 'D_high': 75773.14388518519, 'fire_exp': 1.2943117749495199, 'P_half': 63.585411411994926, 'pre_dampen_half': 703.6426675556048, 'gpp_af': 10.25616274847308, 'gpp_b': 2.800940363375676e-05, 'gpp_d': 5.878566318396007, 'ign_k': 0.0048255892187380085, 'ign_c': 0.6235377135673155}.
[I 2026-08-06 00:12:40,652] Trial 380 finished with values: [10.041259716517716, 10.041259716517716] and parameters: {'k1': 0.0017320535908244437, 'D_low': 125.32726386250698, 'k2': 0.0010204225357677778, 'D_high': 75773.14388518519, 'fire_exp': 1.010722707674549, 'P_half': 9541.821559010194, 'pre_dampen_half': 304.7488318185732, 'gpp_af': 0.0025511964576171086, 'gpp_b': 3.228689523591491e-05, 'gpp_d': 150.14555442537656, 'ign_k': 0.03141110271934876, 'ign_c': 14.810800730363484}.
[I 2026-08-06 00:12:41,629] Trial 381 finished with values: [-0.5133283555296763, 0.16373765554093345] and parameters: {'k1': 6.615437365561391e-05, 'D_low': 532.1216007763549, 'k2': 2.1698375693549493e-05, 'D_high': 20.31481195045495, 'fire_exp': 1.5201277403788451, 'P_half': 2.157758652553991, 'pre_dampen_half': 76.86605275420082, 'gpp_af': 0.0025511964576171086, 'gpp_b': 3.481277316673104e-05, 'gpp_d': 0.07404167689653945, 'ign_k': 0.11101191524846071, 'ign_c': 2.2882309479728957}.
[I 2026-08-06 00:12:42,657] Trial 382 finished with values: [11.76592774816796, 11.76592774816796] and parameters: {'k1': 0.0002656971546588439, 'D_low': 1.54121727098019, 'k2': 3.5917714215176105e-05, 'D_high': 31030.112026960956, 'fire_exp': 1.5201277403788451, 'P_half': 14.94057723907974, 'pre_dampen_half': 304.7488318185732, 'gpp_af': 4.582731702170249, 'gpp_b': 0.011750724729953272, 'gpp_d': 107.84642153666701, 'ign_k': 0.11101191524846071, 'ign_c': 1.24801809651176}.
[I 2026-08-06 00:12:43,632] Trial 383 finished with values: [-0.4604096434665421, 0.1662060360075569] and parameters: {'k1': 0.03232155805617897, 'D_low': 1112.9571947046009, 'k2': 0.006138509947844854, 'D_high': 6455.595882939566, 'fire_exp': 1.5201277403788451, 'P_half': 12.808863354047988, 'pre_dampen_half': 111.37963167994629, 'gpp_af': 1.6595781802652418, 'gpp_b': 3.481277316673104e-05, 'gpp_d': 39.827466658711515, 'ign_k': 0.11101191524846071, 'ign_c': 14.810800730363484}.
[I 2026-08-06 00:12:44,614] Trial 384 finished with values: [10.642097790409663, 10.642097790409663] and parameters: {'k1': 0.0017320535908244437, 'D_low': 38.45635122720662, 'k2': 0.006138509947844854, 'D_high': 75773.14388518519, 'fire_exp': 2.196935728020977, 'P_half': 958.8659498594012, 'pre_dampen_half': 61.829022221636144, 'gpp_af': 0.47739011308437823, 'gpp_b': 0.0024194895091734425, 'gpp_d': 150.14555442537656, 'ign_k': 0.005877005203443299, 'ign_c': 14.810800730363484}.
[I 2026-08-06 00:12:45,579] Trial 385 finished with values: [10.4391562522763, 10.4391562522763] and parameters: {'k1': 0.0004846497679219079, 'D_low': 29.89885508829526, 'k2': 3.5917714215176105e-05, 'D_high': 6366.1449945522045, 'fire_exp': 1.5201277403788451, 'P_half': 22.4895428439145, 'pre_dampen_half': 30.20668663862189, 'gpp_af': 0.005881383945248695, 'gpp_b': 3.228689523591491e-05, 'gpp_d': 300.3420512048734, 'ign_k': 0.005877005203443299, 'ign_c': 47.268615251255675}.
[I 2026-08-06 00:12:46,561] Trial 386 finished with values: [10.217573575529464, 10.217573575529464] and parameters: {'k1': 0.01833717796770997, 'D_low': 29.89885508829526, 'k2': 1.1184534120760473e-05, 'D_high': 9769.756791866093, 'fire_exp': 1.676642890914909, 'P_half': 2.157758652553991, 'pre_dampen_half': 76.86605275420082, 'gpp_af': 0.028585493941961918, 'gpp_b': 0.011750724729953272, 'gpp_d': 39.827466658711515, 'ign_k': 0.017654048052495083, 'ign_c': 6.160975294741436}.
[I 2026-08-06 00:12:47,562] Trial 387 finished with values: [-0.5518819730474075, 0.18519602948092206] and parameters: {'k1': 0.0005486676498816061, 'D_low': 98.57545621889057, 'k2': 0.006138509947844854, 'D_high': 949.9072859745386, 'fire_exp': 1.010722707674549, 'P_half': 7.857247967427123, 'pre_dampen_half': 14.689898077648792, 'gpp_af': 0.004344117003966495, 'gpp_b': 0.003510201564752293, 'gpp_d': 891.8036602897795, 'ign_k': 3.7173717478250508, 'ign_c': 14.367095138664217}.
[I 2026-08-06 00:12:48,574] Trial 388 finished with values: [10.710545632018777, 10.710545632018777] and parameters: {'k1': 0.0014057163351022498, 'D_low': 532.1216007763549, 'k2': 2.1698375693549493e-05, 'D_high': 20.31481195045495, 'fire_exp': 1.151006986743773, 'P_half': 235.37467825486968, 'pre_dampen_half': 76.86605275420082, 'gpp_af': 5.511863475708366, 'gpp_b': 3.481277316673104e-05, 'gpp_d': 0.07404167689653945, 'ign_k': 0.031134168041628628, 'ign_c': 19.19168994439752}.
[I 2026-08-06 00:12:49,548] Trial 389 finished with values: [10.63208413200383, 10.63208413200383] and parameters: {'k1': 0.0017320535908244437, 'D_low': 4.051452710153359, 'k2': 3.5917714215176105e-05, 'D_high': 3660.150802571655, 'fire_exp': 1.5201277403788451, 'P_half': 39.03214299767183, 'pre_dampen_half': 703.6426675556048, 'gpp_af': 0.47739011308437823, 'gpp_b': 3.228689523591491e-05, 'gpp_d': 0.19476644406315288, 'ign_k': 0.03141110271934876, 'ign_c': 47.268615251255675}.
