/opt/miniconda3/envs/ed-fire/lib/python3.10/site-packages/optuna/_experimental.py:33: ExperimentalWarning: Argument ``multivariate`` is an experimental feature. The interface can change in the future.
  optuna_warn(
[I 2026-07-25 00:29:29,603] A new study created in memory with name: no-name-0e747651-3836-4b9d-b2de-29e78a0bcd6c
[I 2026-07-25 00:29:30,080] Trial 0 finished with value: -0.6232552202351066 and parameters: {'k1': 0.0021057085956952444, 'D_low': 119.80284169042964, 'k2': 0.03417430132236012, 'D_high': 2213405.8827401847, 'fire_exp': 2.1451212576162297, 'P_half': 259.7047545874044, 'pre_dampen_half': 17.927186863760173, 'gpp_af': 0.03654858845478425, 'gpp_b': 3.061482587064216e-05, 'gpp_d': 463.53757730983125, 'ign_k': 0.003451466589750744, 'ign_c': 19.360027178029885, 'trop_agb_crit': 11.23526917747892, 'trop_k_veg': 0.834794461563624, 'gdp_gamma': 1.3618461221651414, 'cure_k': 0.001, 'cure_p_min': 180.0, 'cure_gpp_ref': 0.3, 'cure_agb_crit': 2.5, 'fuel_k': 0.02956523954197129, 'fuel_half': 64.24391915315266}. Best is trial 0 with value: -0.6232552202351066.
[I 2026-07-25 00:29:30,518] Trial 1 finished with value: 0.6048797375682362 and parameters: {'k1': 0.00031489116479568613, 'D_low': 506157.68887523044, 'k2': 0.008471801418819975, 'D_high': 39079.671568228776, 'fire_exp': 1.4322493718230251, 'P_half': 4.2070539502879365, 'pre_dampen_half': 0.0195172246414495, 'gpp_af': 21.42302175774107, 'gpp_b': 0.040428727350273294, 'gpp_d': 34.70266988650409, 'ign_k': 0.0012087541473056963, 'ign_c': 757.9479953347992, 'trop_agb_crit': 16.967533607196547, 'trop_k_veg': 0.9008485225328876, 'gdp_gamma': 0.003982994169892408, 'cure_k': 0.004342298948286134, 'cure_p_min': 130.54077565138726, 'cure_gpp_ref': 0.34646653174710607, 'cure_agb_crit': 2.4551906485604635, 'fuel_k': 0.06442858598573434, 'fuel_half': 6.84792009557478}. Best is trial 0 with value: -0.6232552202351066.
[I 2026-07-25 00:29:30,959] Trial 2 finished with value: 0.6000016259232117 and parameters: {'k1': 3.613894271216525e-05, 'D_low': 56.60670699258886, 'k2': 0.0002920433847181409, 'D_high': 5450.293694558249, 'fire_exp': 6.097839109531514, 'P_half': 6.290644294586147, 'pre_dampen_half': 3.725393839578884, 'gpp_af': 0.9163741808778781, 'gpp_b': 1.8997763474111268e-05, 'gpp_d': 10.907475835157685, 'ign_k': 0.004809461967501573, 'ign_c': 0.18205657658407254, 'trop_agb_crit': 25.212679047779208, 'trop_k_veg': 7.272886854845616, 'gdp_gamma': 0.46616954181056797, 'cure_k': 0.01145985206247153, 'cure_p_min': 93.61810908902234, 'cure_gpp_ref': 0.6239536949187832, 'cure_agb_crit': 2.4974529191110557, 'fuel_k': 0.02182934349403698, 'fuel_half': 3.0586566669785262}. Best is trial 0 with value: -0.6232552202351066.
[I 2026-07-25 00:29:31,397] Trial 3 finished with value: 0.6049834650613372 and parameters: {'k1': 1.3726318898045866e-05, 'D_low': 285708.00750407216, 'k2': 0.00010842262717330161, 'D_high': 94435.15687962683, 'fire_exp': 2.0497980520950176, 'P_half': 120.30178871154668, 'pre_dampen_half': 5.414413211338521, 'gpp_af': 0.008399864445957504, 'gpp_b': 6.569128640939176, 'gpp_d': 75.10418138777538, 'ign_k': 5.727904470799624, 'ign_c': 379.5853142670635, 'trop_agb_crit': 7.641361869233315, 'trop_k_veg': 6.441947664628759, 'gdp_gamma': 0.001959369771724996, 'cure_k': 0.0048023761827119, 'cure_p_min': 86.04041675498632, 'cure_gpp_ref': 0.16602317356139512, 'cure_agb_crit': 2.2439365289703046, 'fuel_k': 0.056734685519885183, 'fuel_half': 30.63462210622081}. Best is trial 0 with value: -0.6232552202351066.
[I 2026-07-25 00:29:31,843] Trial 4 finished with value: 0.6017532163800993 and parameters: {'k1': 0.00026730883107816685, 'D_low': 48.48496183873289, 'k2': 0.0014817820606039085, 'D_high': 70.07213496896412, 'fire_exp': 6.341572775495278, 'P_half': 1.987021538542862, 'pre_dampen_half': 859.8737339212263, 'gpp_af': 7.264803074826729, 'gpp_b': 0.00015570196345516591, 'gpp_d': 0.010656401760606449, 'ign_k': 1.8274508859816023, 'ign_c': 67.20930050156103, 'trop_agb_crit': 11.935262708510537, 'trop_k_veg': 4.242990318500337, 'gdp_gamma': 0.0017555920939359142, 'cure_k': 0.017637166053890756, 'cure_p_min': 96.40043286928594, 'cure_gpp_ref': 1.207017234656905, 'cure_agb_crit': 3.655058204784004, 'fuel_k': 0.08303950687746131, 'fuel_half': 0.15512259126484748}. Best is trial 0 with value: -0.6232552202351066.
[I 2026-07-25 00:29:32,307] Trial 5 finished with value: 0.5985857955722109 and parameters: {'k1': 0.00017535949529764417, 'D_low': 89.3511059033186, 'k2': 0.008287522363768155, 'D_high': 66887.47907702051, 'fire_exp': 7.712811947156349, 'P_half': 77.42116473996248, 'pre_dampen_half': 0.039625178325723404, 'gpp_af': 3.683188416535901, 'gpp_b': 0.36703737625293853, 'gpp_d': 6.403036652671167, 'ign_k': 1.2130221181165166, 'ign_c': 9.444574254983554, 'trop_agb_crit': 5.917520523090666, 'trop_k_veg': 1.6359901628520874, 'gdp_gamma': 0.001213135466945239, 'cure_k': 0.0023722014880664852, 'cure_p_min': 84.15076047020305, 'cure_gpp_ref': 0.523043322856166, 'cure_agb_crit': 1.9226123994181274, 'fuel_k': 0.25875354088853186, 'fuel_half': 52.80796376895363}. Best is trial 0 with value: -0.6232552202351066.
[I 2026-07-25 00:29:32,757] Trial 6 finished with value: 0.46935281440182286 and parameters: {'k1': 9.935023909063687e-05, 'D_low': 289.9329258356695, 'k2': 0.010524574681335632, 'D_high': 235.93316458046326, 'fire_exp': 1.1939328726535439, 'P_half': 14.421346497969488, 'pre_dampen_half': 0.0639891639994408, 'gpp_af': 44.51314315649207, 'gpp_b': 0.7058660227368646, 'gpp_d': 14.689898077648799, 'ign_k': 3.06085221067225, 'ign_c': 163.94127471631583, 'trop_agb_crit': 1.8861950443028859, 'trop_k_veg': 5.9390657068063915, 'gdp_gamma': 0.0603093875941833, 'cure_k': 0.6420477456680134, 'cure_p_min': 338.4004460253817, 'cure_gpp_ref': 0.16159601572059135, 'cure_agb_crit': 1.2571491066365614, 'fuel_k': 0.04297722368958396, 'fuel_half': 1.9112758217777885}. Best is trial 0 with value: -0.6232552202351066.
[I 2026-07-25 00:29:33,207] Trial 7 finished with value: 0.6013276032846795 and parameters: {'k1': 0.018709365688887352, 'D_low': 146010.30210159483, 'k2': 1.0661259689433896e-05, 'D_high': 11600.689839007153, 'fire_exp': 2.6146345949334338, 'P_half': 7.734482156646792, 'pre_dampen_half': 0.03974905761171867, 'gpp_af': 0.0487613652796118, 'gpp_b': 4.544208225488317, 'gpp_d': 0.4130614451133167, 'ign_k': 0.11889469769530475, 'ign_c': 64.8747706605867, 'trop_agb_crit': 3.4444906842114507, 'trop_k_veg': 7.39796426076716, 'gdp_gamma': 1.5033752280234232, 'cure_k': 0.0075071928484025845, 'cure_p_min': 178.0950206897305, 'cure_gpp_ref': 0.15170332747667012, 'cure_agb_crit': 1.8081589207664381, 'fuel_k': 0.012661277252075774, 'fuel_half': 6.740513796374044}. Best is trial 0 with value: -0.6232552202351066.
[I 2026-07-25 00:29:33,647] Trial 8 finished with value: 0.5161991944708649 and parameters: {'k1': 0.0010249816559563208, 'D_low': 2.0364441666532183, 'k2': 0.00013019246714361573, 'D_high': 2815757.9294311763, 'fire_exp': 1.736048646979629, 'P_half': 3.798214508453257, 'pre_dampen_half': 2.8006820077310226, 'gpp_af': 84.77196898302783, 'gpp_b': 0.0002833554884169767, 'gpp_d': 22.94445450760198, 'ign_k': 1.1129571947046009, 'ign_c': 0.8923807143379778, 'trop_agb_crit': 11.903203173999197, 'trop_k_veg': 1.3861972205965511, 'gdp_gamma': 0.12225327812715714, 'cure_k': 0.15953633938008632, 'cure_p_min': 189.48743641938697, 'cure_gpp_ref': 0.06976211400403726, 'cure_agb_crit': 5.680065186689798, 'fuel_k': 0.0778351091189939, 'fuel_half': 0.362706660880441}. Best is trial 0 with value: -0.6232552202351066.
[I 2026-07-25 00:29:34,079] Trial 9 finished with value: 0.665530523659235 and parameters: {'k1': 1.4557961490251982e-05, 'D_low': 3510.4085133019107, 'k2': 0.0051316549551483235, 'D_high': 12.57554957339525, 'fire_exp': 3.251569628166816, 'P_half': 8.053471030316096, 'pre_dampen_half': 16.821470258034143, 'gpp_af': 0.007444441903453077, 'gpp_b': 0.1398383943321133, 'gpp_d': 0.8583743499363281, 'ign_k': 5.583672722754824, 'ign_c': 0.3548818403010947, 'trop_agb_crit': 3.1900416724175513, 'trop_k_veg': 0.684866208883196, 'gdp_gamma': 1.128343602136517, 'cure_k': 1.123609269179395, 'cure_p_min': 121.16674678308075, 'cure_gpp_ref': 0.5705635706965204, 'cure_agb_crit': 5.470476870483297, 'fuel_k': 0.34868384706740685, 'fuel_half': 3.881072316409482}. Best is trial 0 with value: -0.6232552202351066.
[I 2026-07-25 00:29:34,518] Trial 10 finished with value: -0.5689309926016681 and parameters: {'k1': 0.009802376520673646, 'D_low': 12.768795465951564, 'k2': 0.0078352775255794, 'D_high': 286701.25110741076, 'fire_exp': 1.6091201953041452, 'P_half': 181.69267227852893, 'pre_dampen_half': 11.978957590180222, 'gpp_af': 0.002354880012339029, 'gpp_b': 1.3300434603500867e-05, 'gpp_d': 89.86937226269998, 'ign_k': 0.001060527801156418, 'ign_c': 244.2583282725588, 'trop_agb_crit': 17.91469042951883, 'trop_k_veg': 0.8003803407192835, 'gdp_gamma': 0.3741047168584122, 'cure_k': 0.0018737365830120208, 'cure_p_min': 308.6777956774535, 'cure_gpp_ref': 0.17651030004773968, 'cure_agb_crit': 2.761483485522731, 'fuel_k': 0.07217496172203129, 'fuel_half': 3.5425395127118273}. Best is trial 0 with value: -0.6232552202351066.
[I 2026-07-25 00:29:34,959] Trial 11 finished with value: 0.5916424684005197 and parameters: {'k1': 0.05428484947261575, 'D_low': 12.361322473375417, 'k2': 0.00016308458907636204, 'D_high': 45178.687868317335, 'fire_exp': 2.9473316355963024, 'P_half': 45.618918001029286, 'pre_dampen_half': 13.005927252182595, 'gpp_af': 0.002219969375902821, 'gpp_b': 9.819186066258045e-05, 'gpp_d': 117.34361418852508, 'ign_k': 0.0021608665237690646, 'ign_c': 598.6909857768794, 'trop_agb_crit': 12.772105906813268, 'trop_k_veg': 0.5174825221529833, 'gdp_gamma': 0.030193226042944773, 'cure_k': 0.001812698511382502, 'cure_p_min': 251.43327231789826, 'cure_gpp_ref': 0.0878939121851497, 'cure_agb_crit': 2.2054956435433164, 'fuel_k': 0.6529377548202919, 'fuel_half': 1.5554467686217255}. Best is trial 0 with value: -0.6232552202351066.
[I 2026-07-25 00:29:35,401] Trial 12 finished with value: 0.558021678858692 and parameters: {'k1': 0.0010657530257250246, 'D_low': 3.9899470707921236, 'k2': 0.046300265737470835, 'D_high': 4905049.68691208, 'fire_exp': 3.003253093383469, 'P_half': 718.2980128585883, 'pre_dampen_half': 7.594168194870084, 'gpp_af': 0.24063283864031026, 'gpp_b': 3.671097498240137e-05, 'gpp_d': 122.16403958290958, 'ign_k': 0.0016111886527388067, 'ign_c': 2.8332033645989725, 'trop_agb_crit': 19.21644839868436, 'trop_k_veg': 1.1710543637153572, 'gdp_gamma': 1.3862319599061845, 'cure_k': 0.003138722190244358, 'cure_p_min': 118.04600125034575, 'cure_gpp_ref': 0.5449922484712277, 'cure_agb_crit': 3.013225532058216, 'fuel_k': 0.013390912691631333, 'fuel_half': 59.23625801129477}. Best is trial 0 with value: -0.6232552202351066.
[I 2026-07-25 00:29:35,834] Trial 13 finished with value: 0.5839360095440873 and parameters: {'k1': 0.0720880881854626, 'D_low': 17.676519795643078, 'k2': 0.0731440998834425, 'D_high': 190181.97764555237, 'fire_exp': 1.061317864517556, 'P_half': 290.60974923035167, 'pre_dampen_half': 146.2610377915857, 'gpp_af': 0.015997388068584122, 'gpp_b': 0.00015668509358508477, 'gpp_d': 241.7698190618457, 'ign_k': 0.0022649526500461794, 'ign_c': 47.94327757164223, 'trop_agb_crit': 6.601232483157867, 'trop_k_veg': 0.6734732482186915, 'gdp_gamma': 1.0069416841010235, 'cure_k': 0.005516623609271388, 'cure_p_min': 385.8160190203746, 'cure_gpp_ref': 0.2515483606630201, 'cure_agb_crit': 1.6177039003735292, 'fuel_k': 0.3086406379690573, 'fuel_half': 1.8471363422898668}. Best is trial 0 with value: -0.6232552202351066.
[I 2026-07-25 00:29:36,272] Trial 14 finished with value: 0.39890803572449407 and parameters: {'k1': 0.0003256836299848413, 'D_low': 505.7223889909494, 'k2': 0.006579936530070399, 'D_high': 1783458.7784046198, 'fire_exp': 2.3095736146148447, 'P_half': 55.52372954297946, 'pre_dampen_half': 1.7821109561213346, 'gpp_af': 0.02209631937275981, 'gpp_b': 0.00031786434373998624, 'gpp_d': 154.58822474800084, 'ign_k': 0.011492409836546393, 'ign_c': 1.433408034939554, 'trop_agb_crit': 6.3417473738714, 'trop_k_veg': 0.9329147042616279, 'gdp_gamma': 1.58466411272924, 'cure_k': 0.02506123534501838, 'cure_p_min': 347.8605947139346, 'cure_gpp_ref': 0.09266965435734228, 'cure_agb_crit': 3.427955528393765, 'fuel_k': 0.054691281201405574, 'fuel_half': 4.952301309439881}. Best is trial 0 with value: -0.6232552202351066.
[I 2026-07-25 00:29:36,710] Trial 15 finished with value: 0.6018362838958027 and parameters: {'k1': 0.00010568830778397048, 'D_low': 96446.58543830928, 'k2': 0.02746694622192827, 'D_high': 5033.692084236539, 'fire_exp': 1.8963425357982515, 'P_half': 73.27169228855182, 'pre_dampen_half': 28.775152899732127, 'gpp_af': 0.10401046998907038, 'gpp_b': 0.0006560091783164997, 'gpp_d': 544.035709536751, 'ign_k': 0.5402237876629934, 'ign_c': 7.720044268964508, 'trop_agb_crit': 10.714852191755098, 'trop_k_veg': 0.5562763631773168, 'gdp_gamma': 1.3122593313004214, 'cure_k': 0.0058456780065029275, 'cure_p_min': 135.5068601717515, 'cure_gpp_ref': 0.2764002805049633, 'cure_agb_crit': 3.0209837994216864, 'fuel_k': 0.08285407707675922, 'fuel_half': 16.17832584220983}. Best is trial 0 with value: -0.6232552202351066.
[I 2026-07-25 00:29:37,146] Trial 16 finished with value: 0.5499949883002736 and parameters: {'k1': 0.005925525106062495, 'D_low': 1.0175272329333667, 'k2': 0.007611585166036603, 'D_high': 37561.408182367624, 'fire_exp': 1.4335888609580358, 'P_half': 112.95461015289109, 'pre_dampen_half': 1.750089061688913, 'gpp_af': 0.029220386079058136, 'gpp_b': 0.00017502637205153585, 'gpp_d': 88.33393631020166, 'ign_k': 0.004929452515065399, 'ign_c': 83.80243196597579, 'trop_agb_crit': 29.975290347367856, 'trop_k_veg': 0.5927832181475062, 'gdp_gamma': 0.18861901690693267, 'cure_k': 0.0010277830632427101, 'cure_p_min': 328.59040319384616, 'cure_gpp_ref': 0.10054996265680544, 'cure_agb_crit': 1.3808831469032414, 'fuel_k': 0.0132061109882393, 'fuel_half': 22.56878247914922}. Best is trial 0 with value: -0.6232552202351066.
[I 2026-07-25 00:29:37,582] Trial 17 finished with value: 0.5711643345078306 and parameters: {'k1': 0.002683268677674476, 'D_low': 10061.932926277854, 'k2': 0.019453097474726906, 'D_high': 5557.999618695149, 'fire_exp': 3.1834774087432316, 'P_half': 538.2378281056202, 'pre_dampen_half': 528.202222134867, 'gpp_af': 0.0026236741083528986, 'gpp_b': 0.00041664544683385203, 'gpp_d': 222.22097786536108, 'ign_k': 0.0017877055494232097, 'ign_c': 82.08710684740628, 'trop_agb_crit': 13.883483970803741, 'trop_k_veg': 1.1555073901878843, 'gdp_gamma': 0.23542067921399998, 'cure_k': 0.07927195592083246, 'cure_p_min': 162.41922305170712, 'cure_gpp_ref': 0.640916189705639, 'cure_agb_crit': 1.621877427607135, 'fuel_k': 0.013505016866975474, 'fuel_half': 42.1187495250471}. Best is trial 0 with value: -0.6232552202351066.
[I 2026-07-25 00:29:38,020] Trial 18 finished with value: 0.4332080866407304 and parameters: {'k1': 0.0025313313543775732, 'D_low': 17.932063166932714, 'k2': 0.005644228022262624, 'D_high': 41866.04993545385, 'fire_exp': 1.1554815039269613, 'P_half': 8.090519147093248, 'pre_dampen_half': 69.21768105748676, 'gpp_af': 0.011071639465009763, 'gpp_b': 2.2141468489902346e-05, 'gpp_d': 6.820707081613007, 'ign_k': 0.004594286242661462, 'ign_c': 230.97910583130425, 'trop_agb_crit': 22.0793502437705, 'trop_k_veg': 1.4076299722857712, 'gdp_gamma': 0.3100576409085508, 'cure_k': 0.0011805355777115992, 'cure_p_min': 226.1930849346063, 'cure_gpp_ref': 0.4372412078781907, 'cure_agb_crit': 4.261402379622936, 'fuel_k': 1.0348315287965006, 'fuel_half': 2.3942609558854113}. Best is trial 0 with value: -0.6232552202351066.
[I 2026-07-25 00:29:38,459] Trial 19 finished with value: 0.5965529536445717 and parameters: {'k1': 0.0003528136936608142, 'D_low': 539.0125790002654, 'k2': 0.08596811970438754, 'D_high': 28978.110347296257, 'fire_exp': 1.3222651288655372, 'P_half': 4294.2680438006455, 'pre_dampen_half': 0.13751798101643384, 'gpp_af': 0.00347421576719217, 'gpp_b': 1.632631298347335e-05, 'gpp_d': 1.7589496939708094, 'ign_k': 0.015461627846170342, 'ign_c': 499.1384076859997, 'trop_agb_crit': 12.791280783491464, 'trop_k_veg': 1.5696160370311127, 'gdp_gamma': 0.35253668663831644, 'cure_k': 0.0018610106604605183, 'cure_p_min': 284.9868335572181, 'cure_gpp_ref': 0.29698230408184345, 'cure_agb_crit': 3.290200999451639, 'fuel_k': 0.06955610272709631, 'fuel_half': 0.6611976071330865}. Best is trial 0 with value: -0.6232552202351066.
[I 2026-07-25 00:29:38,894] Trial 20 finished with value: 0.5574323145819731 and parameters: {'k1': 0.026829557432946457, 'D_low': 854.6206655009028, 'k2': 0.015453812306679917, 'D_high': 821077.020546213, 'fire_exp': 1.6935983998304704, 'P_half': 1137.4686673535691, 'pre_dampen_half': 8.509351268569768, 'gpp_af': 0.13717827034427998, 'gpp_b': 3.8469241459010176e-05, 'gpp_d': 493.5374533068073, 'ign_k': 0.031041974405894013, 'ign_c': 1.163244301263311, 'trop_agb_crit': 8.213212108134163, 'trop_k_veg': 0.5778885757639582, 'gdp_gamma': 0.02134142368424411, 'cure_k': 0.0016565162607520849, 'cure_p_min': 156.70090711612468, 'cure_gpp_ref': 0.1955465156557319, 'cure_agb_crit': 2.4142997271491677, 'fuel_k': 0.08131131662286216, 'fuel_half': 54.37539850215096}. Best is trial 0 with value: -0.6232552202351066.
[I 2026-07-25 00:29:39,329] Trial 21 finished with value: -0.5740851656002096 and parameters: {'k1': 0.0006974845784877962, 'D_low': 1721.8539064001552, 'k2': 0.029462831064612095, 'D_high': 4585451.47987431, 'fire_exp': 3.7806683465266553, 'P_half': 69.43741865257121, 'pre_dampen_half': 2.7123711176086633, 'gpp_af': 4.672803369874099, 'gpp_b': 0.00019368558785673887, 'gpp_d': 79.75581234181088, 'ign_k': 0.007583542226878935, 'ign_c': 0.3223701725886082, 'trop_agb_crit': 11.25290849421877, 'trop_k_veg': 1.0327211940723755, 'gdp_gamma': 0.7657279118356345, 'cure_k': 0.1338215300872221, 'cure_p_min': 350.95594539281535, 'cure_gpp_ref': 0.20603819141925284, 'cure_agb_crit': 4.279107997664588, 'fuel_k': 0.028885284757287084, 'fuel_half': 12.47724095840953}. Best is trial 0 with value: -0.6232552202351066.
[I 2026-07-25 00:29:39,768] Trial 22 finished with value: 0.5517835977498631 and parameters: {'k1': 0.004216296421305684, 'D_low': 1659.227136888416, 'k2': 0.009266097649939463, 'D_high': 7554663.781743275, 'fire_exp': 2.5097060233999433, 'P_half': 3790.25607587864, 'pre_dampen_half': 1.8636556831405269, 'gpp_af': 39.74133283644571, 'gpp_b': 0.0004948618631780997, 'gpp_d': 142.6781013712464, 'ign_k': 0.13814917127552095, 'ign_c': 1.1189992299009404, 'trop_agb_crit': 13.992448677997658, 'trop_k_veg': 2.226603973558482, 'gdp_gamma': 0.19312763779485512, 'cure_k': 0.08947913723134986, 'cure_p_min': 367.240081308335, 'cure_gpp_ref': 0.6291911982364543, 'cure_agb_crit': 4.536981495269096, 'fuel_k': 0.0179928715083821, 'fuel_half': 2.889289670198245}. Best is trial 0 with value: -0.6232552202351066.
[I 2026-07-25 00:29:40,211] Trial 23 finished with value: 0.46879254681853555 and parameters: {'k1': 0.002536077519415536, 'D_low': 3729.5804253282195, 'k2': 0.006461551036011963, 'D_high': 1081007.2443994996, 'fire_exp': 4.60614262439899, 'P_half': 159.48252105637084, 'pre_dampen_half': 0.455951666110853, 'gpp_af': 1.269254151632485, 'gpp_b': 0.002218066805449511, 'gpp_d': 13.310580807489401, 'ign_k': 0.005054328255522926, 'ign_c': 0.10392911683212151, 'trop_agb_crit': 7.951355093845449, 'trop_k_veg': 0.6537713216432122, 'gdp_gamma': 0.44062294831940035, 'cure_k': 0.12942301964940975, 'cure_p_min': 311.00791692051405, 'cure_gpp_ref': 0.6807922472289126, 'cure_agb_crit': 5.956690507220348, 'fuel_k': 0.07666042827122926, 'fuel_half': 18.414737963346145}. Best is trial 0 with value: -0.6232552202351066.
[I 2026-07-25 00:29:40,647] Trial 24 finished with value: 0.5952117508510837 and parameters: {'k1': 2.253926763079228e-05, 'D_low': 65.27499509768704, 'k2': 0.061219287198499076, 'D_high': 567165.5428785507, 'fire_exp': 6.4866577531368845, 'P_half': 74.81815262791618, 'pre_dampen_half': 0.5174034703595631, 'gpp_af': 23.94576579228101, 'gpp_b': 0.00023127479266065143, 'gpp_d': 9.717388797766553, 'ign_k': 0.009945329725632028, 'ign_c': 0.1413675111441717, 'trop_agb_crit': 9.863072542698779, 'trop_k_veg': 4.004481907567898, 'gdp_gamma': 0.21794947477045842, 'cure_k': 0.00909043617622475, 'cure_p_min': 186.54202117530187, 'cure_gpp_ref': 0.2133551400298909, 'cure_agb_crit': 6.019389972598095, 'fuel_k': 0.02610690904675227, 'fuel_half': 25.28096641672573}. Best is trial 0 with value: -0.6232552202351066.
[I 2026-07-25 00:29:41,085] Trial 25 finished with value: 0.5610018865742095 and parameters: {'k1': 0.006562111969024043, 'D_low': 41503.42162587975, 'k2': 0.004751771659345359, 'D_high': 1479891.0017698247, 'fire_exp': 1.9938322719479804, 'P_half': 28.498799898447324, 'pre_dampen_half': 24.295595741875317, 'gpp_af': 0.006307463688867024, 'gpp_b': 1.591955469497498e-05, 'gpp_d': 239.46194168910498, 'ign_k': 0.002009248669174733, 'ign_c': 141.3288553040406, 'trop_agb_crit': 12.029965516782434, 'trop_k_veg': 0.5980384499790138, 'gdp_gamma': 0.2717932971311711, 'cure_k': 0.002809345100446799, 'cure_p_min': 254.0603083136133, 'cure_gpp_ref': 0.08788200759995408, 'cure_agb_crit': 2.404380806621723, 'fuel_k': 0.033143702869488756, 'fuel_half': 35.95506440503305}. Best is trial 0 with value: -0.6232552202351066.
