[I 2026-07-22 18:59:39,422] Trial 2449 finished with values: [10.76923076903347, 10.76923076903347] and parameters: {'k1': 0.052334804885400876, 'D_low': 8454.098152188677, 'k2': 0.06176637358253255, 'D_high': 205.2549681827644, 'fire_exp': 8.791426299948917, 'P_half': 7.890004262668578, 'pre_dampen_half': 3.9885726374014694, 'gpp_af': 0.015350904103515228, 'gpp_b': 3.936122422430193e-05, 'gpp_d': 6.91394869865762, 'ign_k': 3.316094907565961, 'ign_c': 14.452451441203314, 'trop_agb_crit': 9.362115196011851, 'trop_k_veg': 7.26254292602904, 'fuel_k': 3.6992394681929355, 'fuel_half': 0.3335026483569958}.
[I 2026-07-22 18:59:39,871] Trial 2450 finished with values: [10.061577824949113, 10.061577824949113] and parameters: {'k1': 0.052334804885400876, 'D_low': 8454.098152188677, 'k2': 0.002342238625792905, 'D_high': 708572.1663941594, 'fire_exp': 3.9382498571650517, 'P_half': 7.890004262668578, 'pre_dampen_half': 3.9885726374014694, 'gpp_af': 0.015350904103515228, 'gpp_b': 1.7565109007473816e-05, 'gpp_d': 6.91394869865762, 'ign_k': 0.8015297379101401, 'ign_c': 14.452451441203314, 'trop_agb_crit': 9.362115196011851, 'trop_k_veg': 2.3408809609838257, 'fuel_k': 3.6992394681929355, 'fuel_half': 0.3335026483569958}.
[I 2026-07-22 18:59:40,306] Trial 2451 finished with values: [10.769230762073422, 10.769230762073422] and parameters: {'k1': 0.052334804885400876, 'D_low': 1.7887890916820506, 'k2': 0.0007081721844034209, 'D_high': 387.0884041692618, 'fire_exp': 8.791426299948917, 'P_half': 7.890004262668578, 'pre_dampen_half': 3.9885726374014694, 'gpp_af': 0.015350904103515228, 'gpp_b': 0.09371598382946263, 'gpp_d': 6.91394869865762, 'ign_k': 0.8015297379101401, 'ign_c': 14.452451441203314, 'trop_agb_crit': 24.55554375012532, 'trop_k_veg': 5.677586309173081, 'fuel_k': 3.6992394681929355, 'fuel_half': 0.3335026483569958}.
[I 2026-07-22 18:59:40,742] Trial 2452 finished with values: [-0.7467278756525676, 0.12939641695587645] and parameters: {'k1': 0.052334804885400876, 'D_low': 8454.098152188677, 'k2': 0.06176637358253255, 'D_high': 580966.5602369158, 'fire_exp': 7.089507362101403, 'P_half': 9.324787201197319, 'pre_dampen_half': 3.9885726374014694, 'gpp_af': 0.25562996323356013, 'gpp_b': 3.936122422430193e-05, 'gpp_d': 6.91394869865762, 'ign_k': 0.5131654955148324, 'ign_c': 14.452451441203314, 'trop_agb_crit': 10.719494362768906, 'trop_k_veg': 7.063879971757455, 'fuel_k': 3.6992394681929355, 'fuel_half': 0.3335026483569958}.
[I 2026-07-22 18:59:41,173] Trial 2453 finished with values: [-0.7371290262702443, 0.02680019123396693] and parameters: {'k1': 0.052334804885400876, 'D_low': 8454.098152188677, 'k2': 0.00021153782194224395, 'D_high': 708572.1663941594, 'fire_exp': 3.2181803496180783, 'P_half': 7.890004262668578, 'pre_dampen_half': 3.9885726374014694, 'gpp_af': 0.12243451886824051, 'gpp_b': 0.01736771891291939, 'gpp_d': 6.91394869865762, 'ign_k': 3.284529979576942, 'ign_c': 14.452451441203314, 'trop_agb_crit': 20.205002815711154, 'trop_k_veg': 7.26254292602904, 'fuel_k': 3.7875356197077763, 'fuel_half': 0.3335026483569958}.
[I 2026-07-22 18:59:41,609] Trial 2454 finished with values: [11.353500833251587, 11.353500833251587] and parameters: {'k1': 0.052334804885400876, 'D_low': 1.7887890916820506, 'k2': 0.0007081721844034209, 'D_high': 1153182.3436959793, 'fire_exp': 8.791426299948917, 'P_half': 7.890004262668578, 'pre_dampen_half': 33.71909132517388, 'gpp_af': 0.015350904103515228, 'gpp_b': 3.936122422430193e-05, 'gpp_d': 118.76778108310666, 'ign_k': 0.5131654955148324, 'ign_c': 14.452451441203314, 'trop_agb_crit': 10.719494362768906, 'trop_k_veg': 2.3408809609838257, 'fuel_k': 3.6992394681929355, 'fuel_half': 0.3335026483569958}.
[I 2026-07-22 18:59:42,046] Trial 2455 finished with values: [10.299125694298604, 10.299125694298604] and parameters: {'k1': 0.052334804885400876, 'D_low': 1.7887890916820506, 'k2': 2.1698375693549493e-05, 'D_high': 316055.11434645456, 'fire_exp': 8.791426299948917, 'P_half': 7.890004262668578, 'pre_dampen_half': 3.9885726374014694, 'gpp_af': 0.12243451886824051, 'gpp_b': 3.936122422430193e-05, 'gpp_d': 6.91394869865762, 'ign_k': 0.5131654955148324, 'ign_c': 14.452451441203314, 'trop_agb_crit': 20.205002815711154, 'trop_k_veg': 1.7428926895756522, 'fuel_k': 3.204249205987706, 'fuel_half': 21.581206953296714}.
[I 2026-07-22 18:59:42,473] Trial 2456 finished with values: [10.552593425320762, 10.552593425320762] and parameters: {'k1': 0.0002902170966238275, 'D_low': 1.7887890916820506, 'k2': 0.0007081721844034209, 'D_high': 887331.2884015184, 'fire_exp': 7.089507362101403, 'P_half': 53.85970977098819, 'pre_dampen_half': 33.71909132517388, 'gpp_af': 0.015350904103515228, 'gpp_b': 0.0054502936945582505, 'gpp_d': 63.717195865541925, 'ign_k': 0.5131654955148324, 'ign_c': 14.452451441203314, 'trop_agb_crit': 17.530135633155123, 'trop_k_veg': 0.6921865222804094, 'fuel_k': 3.6992394681929355, 'fuel_half': 0.32476735706274484}.
[I 2026-07-22 18:59:42,899] Trial 2457 finished with values: [10.133654209092857, 10.133654209092857] and parameters: {'k1': 0.0027544168616671395, 'D_low': 8454.098152188677, 'k2': 0.00448940480666442, 'D_high': 1153182.3436959793, 'fire_exp': 3.313658135010505, 'P_half': 97.75959835044559, 'pre_dampen_half': 3.9885726374014694, 'gpp_af': 0.22983121915789692, 'gpp_b': 0.01736771891291939, 'gpp_d': 6.91394869865762, 'ign_k': 0.8015297379101401, 'ign_c': 14.452451441203314, 'trop_agb_crit': 28.412323986638135, 'trop_k_veg': 2.3408809609838257, 'fuel_k': 3.6992394681929355, 'fuel_half': 0.32476735706274484}.
[I 2026-07-22 18:59:43,331] Trial 2458 finished with values: [-0.7746904403440475, 0.05187678853238209] and parameters: {'k1': 0.052334804885400876, 'D_low': 1.7887890916820506, 'k2': 0.06176637358253255, 'D_high': 1153182.3436959793, 'fire_exp': 8.791426299948917, 'P_half': 5.634944238457769, 'pre_dampen_half': 3.9885726374014694, 'gpp_af': 0.015350904103515228, 'gpp_b': 3.936122422430193e-05, 'gpp_d': 6.91394869865762, 'ign_k': 0.5131654955148324, 'ign_c': 14.452451441203314, 'trop_agb_crit': 10.719494362768906, 'trop_k_veg': 7.26254292602904, 'fuel_k': 3.6992394681929355, 'fuel_half': 0.3335026483569958}.
[I 2026-07-22 18:59:43,784] Trial 2459 finished with values: [10.124094688337113, 10.124094688337113] and parameters: {'k1': 0.052334804885400876, 'D_low': 864.0717009254879, 'k2': 0.00448940480666442, 'D_high': 1153182.3436959793, 'fire_exp': 8.791426299948917, 'P_half': 7.890004262668578, 'pre_dampen_half': 3.9885726374014694, 'gpp_af': 0.0027664621642272394, 'gpp_b': 3.936122422430193e-05, 'gpp_d': 31.242382304651546, 'ign_k': 3.316094907565961, 'ign_c': 14.452451441203314, 'trop_agb_crit': 28.412323986638135, 'trop_k_veg': 7.26254292602904, 'fuel_k': 1.1820218758583807, 'fuel_half': 0.3335026483569958}.
[I 2026-07-22 18:59:44,221] Trial 2460 finished with values: [-0.736565829675544, 0.026542039469209855] and parameters: {'k1': 0.052334804885400876, 'D_low': 8454.098152188677, 'k2': 0.00021153782194224395, 'D_high': 708572.1663941594, 'fire_exp': 3.2181803496180783, 'P_half': 7.890004262668578, 'pre_dampen_half': 3.9885726374014694, 'gpp_af': 0.12243451886824051, 'gpp_b': 0.01736771891291939, 'gpp_d': 6.91394869865762, 'ign_k': 3.284529979576942, 'ign_c': 14.452451441203314, 'trop_agb_crit': 10.719494362768906, 'trop_k_veg': 1.7428926895756522, 'fuel_k': 3.7875356197077763, 'fuel_half': 0.3335026483569958}.
[I 2026-07-22 18:59:44,647] Trial 2461 finished with values: [-0.7287713392846076, 0.138660890065471] and parameters: {'k1': 0.052334804885400876, 'D_low': 1.7887890916820506, 'k2': 0.0015336323622246685, 'D_high': 580966.5602369158, 'fire_exp': 8.791426299948917, 'P_half': 9.324787201197319, 'pre_dampen_half': 3.9885726374014694, 'gpp_af': 0.25562996323356013, 'gpp_b': 1.7565109007473816e-05, 'gpp_d': 6.91394869865762, 'ign_k': 0.8015297379101401, 'ign_c': 14.452451441203314, 'trop_agb_crit': 20.205002815711154, 'trop_k_veg': 2.3408809609838257, 'fuel_k': 3.6992394681929355, 'fuel_half': 1.273625193947546}.
[I 2026-07-22 18:59:45,070] Trial 2462 finished with values: [-0.7215009656258664, 0.0412591518206894] and parameters: {'k1': 0.0026978061004103923, 'D_low': 8454.098152188677, 'k2': 0.002342238625792905, 'D_high': 799408.6663109845, 'fire_exp': 2.0165721691808587, 'P_half': 97.75959835044559, 'pre_dampen_half': 3.9885726374014694, 'gpp_af': 0.22983121915789692, 'gpp_b': 0.01736771891291939, 'gpp_d': 135.99933935738707, 'ign_k': 3.316094907565961, 'ign_c': 14.452451441203314, 'trop_agb_crit': 20.205002815711154, 'trop_k_veg': 1.9190318285916717, 'fuel_k': 3.6992394681929355, 'fuel_half': 0.3335026483569958}.
[I 2026-07-22 18:59:45,497] Trial 2463 finished with values: [10.39924747386668, 10.39924747386668] and parameters: {'k1': 0.0005362717327578319, 'D_low': 8454.098152188677, 'k2': 0.0007081721844034209, 'D_high': 316055.11434645456, 'fire_exp': 8.791426299948917, 'P_half': 7.890004262668578, 'pre_dampen_half': 3.9885726374014694, 'gpp_af': 0.015350904103515228, 'gpp_b': 0.0016244020148419233, 'gpp_d': 6.91394869865762, 'ign_k': 3.284529979576942, 'ign_c': 14.452451441203314, 'trop_agb_crit': 28.412323986638135, 'trop_k_veg': 2.3408809609838257, 'fuel_k': 3.6992394681929355, 'fuel_half': 0.3335026483569958}.
[I 2026-07-22 18:59:45,925] Trial 2464 finished with values: [-0.698963221550247, 0.10204780685641601] and parameters: {'k1': 0.00016480446427978953, 'D_low': 2090.3891304809376, 'k2': 0.001566517163094646, 'D_high': 887331.2884015184, 'fire_exp': 8.791426299948917, 'P_half': 7.890004262668578, 'pre_dampen_half': 33.71909132517388, 'gpp_af': 0.015350904103515228, 'gpp_b': 3.936122422430193e-05, 'gpp_d': 6.91394869865762, 'ign_k': 0.8015297379101401, 'ign_c': 14.452451441203314, 'trop_agb_crit': 17.530135633155123, 'trop_k_veg': 2.3408809609838257, 'fuel_k': 3.6992394681929355, 'fuel_half': 0.3335026483569958}.
[I 2026-07-22 18:59:46,355] Trial 2465 finished with values: [10.59438273766718, 10.59438273766718] and parameters: {'k1': 0.052334804885400876, 'D_low': 8454.098152188677, 'k2': 0.002342238625792905, 'D_high': 316055.11434645456, 'fire_exp': 8.791426299948917, 'P_half': 7.204866398015031, 'pre_dampen_half': 0.014313487529460612, 'gpp_af': 0.22983121915789692, 'gpp_b': 0.00036095968224081657, 'gpp_d': 135.99933935738707, 'ign_k': 4.59148521674054, 'ign_c': 14.452451441203314, 'trop_agb_crit': 10.719494362768906, 'trop_k_veg': 1.7428926895756522, 'fuel_k': 3.6992394681929355, 'fuel_half': 0.3335026483569958}.
[I 2026-07-22 18:59:46,782] Trial 2466 finished with values: [10.728908612761213, 10.728908612761213] and parameters: {'k1': 1.3636584736575774e-05, 'D_low': 8454.098152188677, 'k2': 0.002342238625792905, 'D_high': 1681956.433827372, 'fire_exp': 7.571567050090019, 'P_half': 53.85970977098819, 'pre_dampen_half': 3.9885726374014694, 'gpp_af': 0.016480994562323513, 'gpp_b': 3.936122422430193e-05, 'gpp_d': 6.91394869865762, 'ign_k': 0.5131654955148324, 'ign_c': 14.452451441203314, 'trop_agb_crit': 19.314073717758, 'trop_k_veg': 1.7428926895756522, 'fuel_k': 3.6992394681929355, 'fuel_half': 0.32476735706274484}.
[I 2026-07-22 18:59:47,207] Trial 2467 finished with values: [11.857895512336432, 11.857895512336432] and parameters: {'k1': 0.052334804885400876, 'D_low': 8454.098152188677, 'k2': 0.0016956986651491751, 'D_high': 1153182.3436959793, 'fire_exp': 3.313658135010505, 'P_half': 7.890004262668578, 'pre_dampen_half': 33.71909132517388, 'gpp_af': 0.015350904103515228, 'gpp_b': 1.7134677073467573e-05, 'gpp_d': 6.91394869865762, 'ign_k': 0.8015297379101401, 'ign_c': 14.452451441203314, 'trop_agb_crit': 28.412323986638135, 'trop_k_veg': 2.3408809609838257, 'fuel_k': 3.6992394681929355, 'fuel_half': 0.3335026483569958}.
[I 2026-07-22 18:59:47,633] Trial 2468 finished with values: [10.116638878460103, 10.116638878460103] and parameters: {'k1': 0.052334804885400876, 'D_low': 8454.098152188677, 'k2': 0.00448940480666442, 'D_high': 1153182.3436959793, 'fire_exp': 3.313658135010505, 'P_half': 7.890004262668578, 'pre_dampen_half': 3.9885726374014694, 'gpp_af': 0.0022992297821705253, 'gpp_b': 1.1698276136056565e-05, 'gpp_d': 6.91394869865762, 'ign_k': 4.59148521674054, 'ign_c': 14.452451441203314, 'trop_agb_crit': 28.412323986638135, 'trop_k_veg': 2.3408809609838257, 'fuel_k': 3.6992394681929355, 'fuel_half': 0.3335026483569958}.
[I 2026-07-22 18:59:48,067] Trial 2469 finished with values: [10.069580612532544, 10.069580612532544] and parameters: {'k1': 0.052334804885400876, 'D_low': 10024.99922766884, 'k2': 0.0002958993090345125, 'D_high': 1153182.3436959793, 'fire_exp': 2.0165721691808587, 'P_half': 7.890004262668578, 'pre_dampen_half': 33.71909132517388, 'gpp_af': 0.015350904103515228, 'gpp_b': 0.0054502936945582505, 'gpp_d': 6.91394869865762, 'ign_k': 2.3621347634162393, 'ign_c': 14.452451441203314, 'trop_agb_crit': 28.412323986638135, 'trop_k_veg': 1.9190318285916717, 'fuel_k': 3.6992394681929355, 'fuel_half': 0.32476735706274484}.
[I 2026-07-22 18:59:48,513] Trial 2470 finished with values: [-0.7616280851495754, 0.052498369861733396] and parameters: {'k1': 0.052334804885400876, 'D_low': 8454.098152188677, 'k2': 0.0002958993090345125, 'D_high': 316055.11434645456, 'fire_exp': 8.791426299948917, 'P_half': 7.890004262668578, 'pre_dampen_half': 3.9885726374014694, 'gpp_af': 0.015350904103515228, 'gpp_b': 3.936122422430193e-05, 'gpp_d': 6.91394869865762, 'ign_k': 3.284529979576942, 'ign_c': 14.452451441203314, 'trop_agb_crit': 9.362115196011851, 'trop_k_veg': 2.417028380770307, 'fuel_k': 3.6992394681929355, 'fuel_half': 0.3335026483569958}.
[I 2026-07-22 18:59:48,970] Trial 2471 finished with values: [10.889590877528134, 10.889590877528134] and parameters: {'k1': 0.003454058352359339, 'D_low': 1.7887890916820506, 'k2': 0.002342238625792905, 'D_high': 1681956.433827372, 'fire_exp': 2.0165721691808587, 'P_half': 7.890004262668578, 'pre_dampen_half': 3.9885726374014694, 'gpp_af': 0.12243451886824051, 'gpp_b': 0.0016244020148419233, 'gpp_d': 6.086844623937463, 'ign_k': 3.316094907565961, 'ign_c': 11.40086370112731, 'trop_agb_crit': 28.412323986638135, 'trop_k_veg': 7.26254292602904, 'fuel_k': 1.1820218758583807, 'fuel_half': 0.32476735706274484}.
[I 2026-07-22 18:59:49,416] Trial 2472 finished with values: [-0.7438518785164383, 0.11281836660356226] and parameters: {'k1': 0.052334804885400876, 'D_low': 8454.098152188677, 'k2': 0.033209248548898895, 'D_high': 708572.1663941594, 'fire_exp': 8.791426299948917, 'P_half': 7.890004262668578, 'pre_dampen_half': 3.9885726374014694, 'gpp_af': 0.015350904103515228, 'gpp_b': 1.7565109007473816e-05, 'gpp_d': 6.91394869865762, 'ign_k': 0.8015297379101401, 'ign_c': 1.9593380975141197, 'trop_agb_crit': 9.362115196011851, 'trop_k_veg': 1.7428926895756522, 'fuel_k': 3.6992394681929355, 'fuel_half': 0.3335026483569958}.
[I 2026-07-22 18:59:49,856] Trial 2473 finished with values: [10.766951798904918, 10.766951798904918] and parameters: {'k1': 0.07381440120353336, 'D_low': 8454.098152188677, 'k2': 0.002342238625792905, 'D_high': 1681956.433827372, 'fire_exp': 7.089507362101403, 'P_half': 7.890004262668578, 'pre_dampen_half': 33.71909132517388, 'gpp_af': 30.874215756555177, 'gpp_b': 2.1316167960671253, 'gpp_d': 6.91394869865762, 'ign_k': 4.59148521674054, 'ign_c': 14.452451441203314, 'trop_agb_crit': 19.314073717758, 'trop_k_veg': 1.7428926895756522, 'fuel_k': 3.6992394681929355, 'fuel_half': 0.32476735706274484}.
[I 2026-07-22 18:59:50,290] Trial 2474 finished with values: [10.769113083872348, 10.769113083872348] and parameters: {'k1': 0.052334804885400876, 'D_low': 1.7887890916820506, 'k2': 0.002342238625792905, 'D_high': 1081394.0266397293, 'fire_exp': 8.791426299948917, 'P_half': 7.890004262668578, 'pre_dampen_half': 3.9885726374014694, 'gpp_af': 0.0011404858917882907, 'gpp_b': 0.0016244020148419233, 'gpp_d': 6.91394869865762, 'ign_k': 0.020006101757963225, 'ign_c': 14.452451441203314, 'trop_agb_crit': 10.719494362768906, 'trop_k_veg': 2.094772457111161, 'fuel_k': 3.6992394681929355, 'fuel_half': 0.3335026483569958}.
[I 2026-07-22 18:59:50,726] Trial 2475 finished with values: [10.489232889413971, 10.489232889413971] and parameters: {'k1': 0.052334804885400876, 'D_low': 864.0717009254879, 'k2': 0.0007081721844034209, 'D_high': 316055.11434645456, 'fire_exp': 8.791426299948917, 'P_half': 7.890004262668578, 'pre_dampen_half': 33.71909132517388, 'gpp_af': 0.015350904103515228, 'gpp_b': 3.936122422430193e-05, 'gpp_d': 6.91394869865762, 'ign_k': 4.01646126319663, 'ign_c': 14.452451441203314, 'trop_agb_crit': 10.593700481410544, 'trop_k_veg': 2.3408809609838257, 'fuel_k': 1.1820218758583807, 'fuel_half': 0.3335026483569958}.
[I 2026-07-22 18:59:51,155] Trial 2476 finished with values: [10.76923076903347, 10.76923076903347] and parameters: {'k1': 0.0026978061004103923, 'D_low': 1.7887890916820506, 'k2': 0.002342238625792905, 'D_high': 316055.11434645456, 'fire_exp': 8.791426299948917, 'P_half': 7.890004262668578, 'pre_dampen_half': 3.9885726374014694, 'gpp_af': 0.015350904103515228, 'gpp_b': 9.48300634173644, 'gpp_d': 6.91394869865762, 'ign_k': 0.5131654955148324, 'ign_c': 14.452451441203314, 'trop_agb_crit': 20.205002815711154, 'trop_k_veg': 7.26254292602904, 'fuel_k': 3.6992394681929355, 'fuel_half': 0.3335026483569958}.
[I 2026-07-22 18:59:51,581] Trial 2477 finished with values: [-0.7598286906584476, 0.06720965958664804] and parameters: {'k1': 0.052334804885400876, 'D_low': 8454.098152188677, 'k2': 0.020029156339676498, 'D_high': 708572.1663941594, 'fire_exp': 6.996347105934163, 'P_half': 9.90911672953546, 'pre_dampen_half': 3.9885726374014694, 'gpp_af': 0.015350904103515228, 'gpp_b': 3.936122422430193e-05, 'gpp_d': 6.91394869865762, 'ign_k': 3.316094907565961, 'ign_c': 14.452451441203314, 'trop_agb_crit': 7.109832527188947, 'trop_k_veg': 7.26254292602904, 'fuel_k': 3.7875356197077763, 'fuel_half': 0.3335026483569958}.
[I 2026-07-22 18:59:52,003] Trial 2478 finished with values: [10.009264417145621, 10.009264417145621] and parameters: {'k1': 0.052334804885400876, 'D_low': 8454.098152188677, 'k2': 0.002342238625792905, 'D_high': 580966.5602369158, 'fire_exp': 2.0165721691808587, 'P_half': 7.204866398015031, 'pre_dampen_half': 3.9885726374014694, 'gpp_af': 0.22983121915789692, 'gpp_b': 0.01736771891291939, 'gpp_d': 6.91394869865762, 'ign_k': 3.284529979576942, 'ign_c': 14.452451441203314, 'trop_agb_crit': 10.719494362768906, 'trop_k_veg': 2.417028380770307, 'fuel_k': 3.6992394681929355, 'fuel_half': 0.32476735706274484}.
  trial 2479/2500  pareto_size=12  best_taylor=0.7966  best_ilamb=0.6225  (18.1 min)
[I 2026-07-22 18:59:52,865] Trial 2479 finished with values: [10.35907718109762, 10.35907718109762] and parameters: {'k1': 0.052334804885400876, 'D_low': 864.0717009254879, 'k2': 0.002342238625792905, 'D_high': 708572.1663941594, 'fire_exp': 8.791426299948917, 'P_half': 7.890004262668578, 'pre_dampen_half': 3.9885726374014694, 'gpp_af': 0.015350904103515228, 'gpp_b': 0.0054502936945582505, 'gpp_d': 6.91394869865762, 'ign_k': 4.59148521674054, 'ign_c': 14.452451441203314, 'trop_agb_crit': 9.362115196011851, 'trop_k_veg': 2.3408809609838257, 'fuel_k': 3.6992394681929355, 'fuel_half': 0.3335026483569958}.
[I 2026-07-22 18:59:53,291] Trial 2480 finished with values: [-0.7382065852687895, 0.0664843978255325] and parameters: {'k1': 0.0010745342325948497, 'D_low': 2.532418536764495, 'k2': 2.1698375693549493e-05, 'D_high': 708572.1663941594, 'fire_exp': 8.791426299948917, 'P_half': 7.204866398015031, 'pre_dampen_half': 3.9885726374014694, 'gpp_af': 0.015350904103515228, 'gpp_b': 3.936122422430193e-05, 'gpp_d': 103.51668595616543, 'ign_k': 3.284529979576942, 'ign_c': 14.452451441203314, 'trop_agb_crit': 9.362115196011851, 'trop_k_veg': 1.7428926895756522, 'fuel_k': 3.6992394681929355, 'fuel_half': 0.3335026483569958}.
[I 2026-07-22 18:59:53,716] Trial 2481 finished with values: [13.838617870409735, 13.838617870409735] and parameters: {'k1': 0.052334804885400876, 'D_low': 126.11058927054879, 'k2': 0.0007081721844034209, 'D_high': 708572.1663941594, 'fire_exp': 1.2442794736787264, 'P_half': 7.890004262668578, 'pre_dampen_half': 3.9885726374014694, 'gpp_af': 0.015350904103515228, 'gpp_b': 1.1698276136056565e-05, 'gpp_d': 58.858544453955275, 'ign_k': 0.8015297379101401, 'ign_c': 14.452451441203314, 'trop_agb_crit': 9.362115196011851, 'trop_k_veg': 5.677586309173081, 'fuel_k': 3.6992394681929355, 'fuel_half': 0.3335026483569958}.
[I 2026-07-22 18:59:54,139] Trial 2482 finished with values: [10.090986265487095, 10.090986265487095] and parameters: {'k1': 0.052334804885400876, 'D_low': 1.7887890916820506, 'k2': 0.002342238625792905, 'D_high': 316055.11434645456, 'fire_exp': 8.791426299948917, 'P_half': 7.890004262668578, 'pre_dampen_half': 3.9885726374014694, 'gpp_af': 0.015350904103515228, 'gpp_b': 3.936122422430193e-05, 'gpp_d': 46.09643867796705, 'ign_k': 4.59148521674054, 'ign_c': 14.452451441203314, 'trop_agb_crit': 9.362115196011851, 'trop_k_veg': 7.26254292602904, 'fuel_k': 3.7875356197077763, 'fuel_half': 0.3335026483569958}.
[I 2026-07-22 18:59:54,561] Trial 2483 finished with values: [10.76923076903347, 10.76923076903347] and parameters: {'k1': 0.052334804885400876, 'D_low': 8454.098152188677, 'k2': 0.06176637358253255, 'D_high': 316055.11434645456, 'fire_exp': 7.541713787581004, 'P_half': 9.287707321698196, 'pre_dampen_half': 3.9885726374014694, 'gpp_af': 0.015350904103515228, 'gpp_b': 9.848173069938483, 'gpp_d': 6.91394869865762, 'ign_k': 0.8015297379101401, 'ign_c': 14.452451441203314, 'trop_agb_crit': 10.593700481410544, 'trop_k_veg': 1.7428926895756522, 'fuel_k': 3.6992394681929355, 'fuel_half': 0.3335026483569958}.
