[I 2026-07-22 20:46:28,486] Trial 1504 finished with values: [-0.7421596203108924, 0.022824240230111204] and parameters: {'k1': 0.028401063201780267, 'D_low': 216.6574784061471, 'k2': 0.00033271381912662167, 'D_high': 6525529.853354094, 'fire_exp': 1.2585476857229763, 'P_half': 157.80309954142965, 'pre_dampen_half': 16.224010950061366, 'gpp_af': 0.03522602097143089, 'gpp_b': 0.006495428294418489, 'gpp_d': 12.338826503601998, 'ign_k': 3.965503094323014, 'ign_c': 22.126836566118193, 'trop_agb_crit': 1.7638950866389151, 'trop_k_veg': 4.5784420637928775, 'fuel_k': 0.6149834196910364, 'fuel_half': 0.6603566884894324}.
[I 2026-07-22 20:46:28,912] Trial 1505 finished with values: [10.907299124863952, 10.907299124863952] and parameters: {'k1': 0.004723790048317697, 'D_low': 216.6574784061471, 'k2': 0.00033271381912662167, 'D_high': 6525529.853354094, 'fire_exp': 1.5191397119156032, 'P_half': 157.80309954142965, 'pre_dampen_half': 8.259599205585763, 'gpp_af': 0.0176901289740541, 'gpp_b': 0.0004282509714243062, 'gpp_d': 12.338826503601998, 'ign_k': 3.965503094323014, 'ign_c': 5.273723472620146, 'trop_agb_crit': 13.050465147768051, 'trop_k_veg': 3.2822379364447407, 'fuel_k': 0.6149834196910364, 'fuel_half': 0.6603566884894324}.
[I 2026-07-22 20:46:29,333] Trial 1506 finished with values: [-0.7381192752275828, 0.040151808201074446] and parameters: {'k1': 0.028401063201780267, 'D_low': 593.9821116868678, 'k2': 0.00033271381912662167, 'D_high': 6525529.853354094, 'fire_exp': 1.4583372975518283, 'P_half': 12.002808592678374, 'pre_dampen_half': 16.224010950061366, 'gpp_af': 0.03522602097143089, 'gpp_b': 0.0028993292583566945, 'gpp_d': 12.338826503601998, 'ign_k': 3.965503094323014, 'ign_c': 22.126836566118193, 'trop_agb_crit': 6.187033415477641, 'trop_k_veg': 6.02985034296454, 'fuel_k': 0.6149834196910364, 'fuel_half': 0.6603566884894324}.
[I 2026-07-22 20:46:29,762] Trial 1507 finished with values: [-0.7678768439761611, 0.044592747494032525] and parameters: {'k1': 0.028401063201780267, 'D_low': 7.170754671142523, 'k2': 0.00016536937182824412, 'D_high': 2413579.2291304003, 'fire_exp': 1.5191397119156032, 'P_half': 50.34696988263488, 'pre_dampen_half': 16.224010950061366, 'gpp_af': 0.00978336290980289, 'gpp_b': 0.0004282509714243062, 'gpp_d': 282.6768642969775, 'ign_k': 3.965503094323014, 'ign_c': 22.126836566118193, 'trop_agb_crit': 6.187033415477641, 'trop_k_veg': 4.776259022974975, 'fuel_k': 0.10978148458640455, 'fuel_half': 0.6603566884894324}.
  trial 1508/2500  pareto_size=7  best_taylor=0.8012  best_ilamb=0.6064  (10.9 min)
[I 2026-07-22 20:46:30,448] Trial 1508 finished with values: [-0.734947621603429, 0.04103120624036838] and parameters: {'k1': 0.028401063201780267, 'D_low': 216.6574784061471, 'k2': 0.00033271381912662167, 'D_high': 2413579.2291304003, 'fire_exp': 2.2605036983054987, 'P_half': 157.80309954142965, 'pre_dampen_half': 8.259599205585763, 'gpp_af': 0.03522602097143089, 'gpp_b': 0.00012118589392553798, 'gpp_d': 12.338826503601998, 'ign_k': 3.965503094323014, 'ign_c': 22.126836566118193, 'trop_agb_crit': 13.050465147768051, 'trop_k_veg': 4.5784420637928775, 'fuel_k': 0.6149834196910364, 'fuel_half': 0.6603566884894324}.
[I 2026-07-22 20:46:30,879] Trial 1509 finished with values: [10.001620893802738, 10.001620893802738] and parameters: {'k1': 0.028401063201780267, 'D_low': 2240.9155921647994, 'k2': 0.04702255345208716, 'D_high': 693439.2750387826, 'fire_exp': 1.7142304893572406, 'P_half': 157.80309954142965, 'pre_dampen_half': 8.259599205585763, 'gpp_af': 0.00844599651021394, 'gpp_b': 0.00012118589392553798, 'gpp_d': 12.338826503601998, 'ign_k': 3.965503094323014, 'ign_c': 22.126836566118193, 'trop_agb_crit': 13.050465147768051, 'trop_k_veg': 2.724170387400844, 'fuel_k': 0.6149834196910364, 'fuel_half': 0.6603566884894324}.
[I 2026-07-22 20:46:31,319] Trial 1510 finished with values: [-0.7529115587482518, 0.031362923565088185] and parameters: {'k1': 0.028401063201780267, 'D_low': 216.6574784061471, 'k2': 0.0006863458703786212, 'D_high': 6525529.853354094, 'fire_exp': 1.2585476857229763, 'P_half': 157.80309954142965, 'pre_dampen_half': 8.259599205585763, 'gpp_af': 0.0176901289740541, 'gpp_b': 0.0011892270099592211, 'gpp_d': 12.338826503601998, 'ign_k': 3.965503094323014, 'ign_c': 22.126836566118193, 'trop_agb_crit': 6.187033415477641, 'trop_k_veg': 0.767287410574795, 'fuel_k': 0.6149834196910364, 'fuel_half': 0.6603566884894324}.
[I 2026-07-22 20:46:31,747] Trial 1511 finished with values: [10.014816588840388, 10.014816588840388] and parameters: {'k1': 0.0008685306488754917, 'D_low': 16.00237013173313, 'k2': 0.00033271381912662167, 'D_high': 693439.2750387826, 'fire_exp': 1.5191397119156032, 'P_half': 157.80309954142965, 'pre_dampen_half': 8.259599205585763, 'gpp_af': 0.03522602097143089, 'gpp_b': 0.004458440839692221, 'gpp_d': 962.6851425803574, 'ign_k': 3.965503094323014, 'ign_c': 22.126836566118193, 'trop_agb_crit': 6.187033415477641, 'trop_k_veg': 4.776259022974975, 'fuel_k': 0.6149834196910364, 'fuel_half': 0.6603566884894324}.
[I 2026-07-22 20:46:32,181] Trial 1512 finished with values: [-0.7570211993380977, 0.026563107443721923] and parameters: {'k1': 0.028401063201780267, 'D_low': 216.6574784061471, 'k2': 0.0012397054908843052, 'D_high': 2413579.2291304003, 'fire_exp': 1.3130546915875578, 'P_half': 157.80309954142965, 'pre_dampen_half': 8.259599205585763, 'gpp_af': 0.03522602097143089, 'gpp_b': 0.0028993292583566945, 'gpp_d': 12.338826503601998, 'ign_k': 3.965503094323014, 'ign_c': 22.126836566118193, 'trop_agb_crit': 6.187033415477641, 'trop_k_veg': 2.724170387400844, 'fuel_k': 0.5118852925133749, 'fuel_half': 0.6603566884894324}.
[I 2026-07-22 20:46:32,626] Trial 1513 finished with values: [10.737109388921507, 10.737109388921507] and parameters: {'k1': 0.0008685306488754917, 'D_low': 216.6574784061471, 'k2': 0.00033271381912662167, 'D_high': 6525529.853354094, 'fire_exp': 1.7142304893572406, 'P_half': 50.34696988263488, 'pre_dampen_half': 0.013404135195628752, 'gpp_af': 0.03522602097143089, 'gpp_b': 0.004458440839692221, 'gpp_d': 282.6768642969775, 'ign_k': 0.3830800585679509, 'ign_c': 22.126836566118193, 'trop_agb_crit': 6.187033415477641, 'trop_k_veg': 4.5784420637928775, 'fuel_k': 0.10978148458640455, 'fuel_half': 8.141547337894282}.
[I 2026-07-22 20:46:33,059] Trial 1514 finished with values: [10.316443919454569, 10.316443919454569] and parameters: {'k1': 0.00023036509024802981, 'D_low': 3103.3332277537256, 'k2': 0.014666151770108535, 'D_high': 6525529.853354094, 'fire_exp': 1.3230624590942492, 'P_half': 355.00125258511594, 'pre_dampen_half': 8.259599205585763, 'gpp_af': 0.03522602097143089, 'gpp_b': 0.0028993292583566945, 'gpp_d': 352.0481045526035, 'ign_k': 3.965503094323014, 'ign_c': 22.126836566118193, 'trop_agb_crit': 5.526463318565575, 'trop_k_veg': 6.02985034296454, 'fuel_k': 0.01582072835462649, 'fuel_half': 1.3323297901105766}.
[I 2026-07-22 20:46:33,490] Trial 1515 finished with values: [-0.7943291240195042, 0.039323762893165415] and parameters: {'k1': 0.028401063201780267, 'D_low': 2240.9155921647994, 'k2': 0.00033271381912662167, 'D_high': 693439.2750387826, 'fire_exp': 1.7142304893572406, 'P_half': 157.80309954142965, 'pre_dampen_half': 16.224010950061366, 'gpp_af': 0.007914355321045717, 'gpp_b': 0.00012118589392553798, 'gpp_d': 12.338826503601998, 'ign_k': 3.965503094323014, 'ign_c': 22.126836566118193, 'trop_agb_crit': 26.951029433343408, 'trop_k_veg': 4.5784420637928775, 'fuel_k': 0.6149834196910364, 'fuel_half': 0.6603566884894324}.
[I 2026-07-22 20:46:33,920] Trial 1516 finished with values: [-0.47418486020211303, 0.1256759745776148] and parameters: {'k1': 0.0008685306488754917, 'D_low': 216.6574784061471, 'k2': 0.00033271381912662167, 'D_high': 6525529.853354094, 'fire_exp': 1.5191397119156032, 'P_half': 157.80309954142965, 'pre_dampen_half': 16.224010950061366, 'gpp_af': 0.0176901289740541, 'gpp_b': 0.0004282509714243062, 'gpp_d': 12.338826503601998, 'ign_k': 0.04350263661868244, 'ign_c': 22.126836566118193, 'trop_agb_crit': 6.187033415477641, 'trop_k_veg': 2.724170387400844, 'fuel_k': 0.6149834196910364, 'fuel_half': 0.6603566884894324}.
[I 2026-07-22 20:46:34,347] Trial 1517 finished with values: [10.046468516097141, 10.046468516097141] and parameters: {'k1': 0.028401063201780267, 'D_low': 2240.9155921647994, 'k2': 0.00033271381912662167, 'D_high': 6525529.853354094, 'fire_exp': 1.5191397119156032, 'P_half': 157.80309954142965, 'pre_dampen_half': 16.224010950061366, 'gpp_af': 0.7248417777477646, 'gpp_b': 0.00012118589392553798, 'gpp_d': 12.338826503601998, 'ign_k': 2.7142572552186843, 'ign_c': 22.126836566118193, 'trop_agb_crit': 6.187033415477641, 'trop_k_veg': 2.724170387400844, 'fuel_k': 0.6149834196910364, 'fuel_half': 0.6603566884894324}.
[I 2026-07-22 20:46:34,772] Trial 1518 finished with values: [-0.7609482128716824, 0.024075010054738] and parameters: {'k1': 0.028401063201780267, 'D_low': 2240.9155921647994, 'k2': 0.00033271381912662167, 'D_high': 6525529.853354094, 'fire_exp': 1.7142304893572406, 'P_half': 157.80309954142965, 'pre_dampen_half': 16.224010950061366, 'gpp_af': 0.007914355321045717, 'gpp_b': 0.0004282509714243062, 'gpp_d': 0.3598218029348593, 'ign_k': 3.965503094323014, 'ign_c': 22.126836566118193, 'trop_agb_crit': 26.951029433343408, 'trop_k_veg': 2.724170387400844, 'fuel_k': 0.6149834196910364, 'fuel_half': 0.6603566884894324}.
[I 2026-07-22 20:46:35,204] Trial 1519 finished with values: [-0.7729265832137779, 0.036103252904137184] and parameters: {'k1': 0.0008685306488754917, 'D_low': 216.6574784061471, 'k2': 0.00033271381912662167, 'D_high': 6525529.853354094, 'fire_exp': 1.5191397119156032, 'P_half': 157.80309954142965, 'pre_dampen_half': 8.259599205585763, 'gpp_af': 0.0176901289740541, 'gpp_b': 0.0004282509714243062, 'gpp_d': 12.338826503601998, 'ign_k': 3.965503094323014, 'ign_c': 22.126836566118193, 'trop_agb_crit': 6.187033415477641, 'trop_k_veg': 3.2681689330619554, 'fuel_k': 0.6149834196910364, 'fuel_half': 0.6603566884894324}.
[I 2026-07-22 20:46:35,634] Trial 1520 finished with values: [10.076623231982666, 10.076623231982666] and parameters: {'k1': 0.028401063201780267, 'D_low': 216.6574784061471, 'k2': 0.00033271381912662167, 'D_high': 6525529.853354094, 'fire_exp': 1.5191397119156032, 'P_half': 157.80309954142965, 'pre_dampen_half': 16.224010950061366, 'gpp_af': 0.03522602097143089, 'gpp_b': 0.00012118589392553798, 'gpp_d': 12.338826503601998, 'ign_k': 3.965503094323014, 'ign_c': 22.126836566118193, 'trop_agb_crit': 13.050465147768051, 'trop_k_veg': 2.724170387400844, 'fuel_k': 0.48188829704941105, 'fuel_half': 0.6603566884894324}.
[I 2026-07-22 20:46:36,064] Trial 1521 finished with values: [-0.7952249374746424, 0.060353629875518955] and parameters: {'k1': 0.0002873259906771425, 'D_low': 2240.9155921647994, 'k2': 0.00033271381912662167, 'D_high': 693439.2750387826, 'fire_exp': 1.3130546915875578, 'P_half': 157.80309954142965, 'pre_dampen_half': 16.224010950061366, 'gpp_af': 0.00844599651021394, 'gpp_b': 0.00012118589392553798, 'gpp_d': 12.338826503601998, 'ign_k': 3.965503094323014, 'ign_c': 22.126836566118193, 'trop_agb_crit': 10.584071370490857, 'trop_k_veg': 4.5784420637928775, 'fuel_k': 0.6149834196910364, 'fuel_half': 0.6603566884894324}.
[I 2026-07-22 20:46:36,496] Trial 1522 finished with values: [10.769170699811157, 10.769170699811157] and parameters: {'k1': 0.028401063201780267, 'D_low': 3103.3332277537256, 'k2': 0.0006863458703786212, 'D_high': 6525529.853354094, 'fire_exp': 1.3230624590942492, 'P_half': 157.80309954142965, 'pre_dampen_half': 0.12287478509628533, 'gpp_af': 0.03522602097143089, 'gpp_b': 8.476484982578945, 'gpp_d': 352.0481045526035, 'ign_k': 3.965503094323014, 'ign_c': 22.126836566118193, 'trop_agb_crit': 4.683984447024573, 'trop_k_veg': 2.724170387400844, 'fuel_k': 0.6149834196910364, 'fuel_half': 1.3323297901105766}.
[I 2026-07-22 20:46:36,928] Trial 1523 finished with values: [10.160327431252458, 10.160327431252458] and parameters: {'k1': 0.0008685306488754917, 'D_low': 2240.9155921647994, 'k2': 0.00016536937182824412, 'D_high': 6525529.853354094, 'fire_exp': 1.5191397119156032, 'P_half': 566.3656989587768, 'pre_dampen_half': 8.259599205585763, 'gpp_af': 0.03522602097143089, 'gpp_b': 0.00012118589392553798, 'gpp_d': 12.338826503601998, 'ign_k': 3.965503094323014, 'ign_c': 22.126836566118193, 'trop_agb_crit': 13.050465147768051, 'trop_k_veg': 2.724170387400844, 'fuel_k': 0.6149834196910364, 'fuel_half': 0.6603566884894324}.
[I 2026-07-22 20:46:37,354] Trial 1524 finished with values: [10.594669526586616, 10.594669526586616] and parameters: {'k1': 0.0008685306488754917, 'D_low': 3103.3332277537256, 'k2': 0.00033271381912662167, 'D_high': 6525529.853354094, 'fire_exp': 1.5191397119156032, 'P_half': 157.80309954142965, 'pre_dampen_half': 8.259599205585763, 'gpp_af': 0.0176901289740541, 'gpp_b': 0.0004282509714243062, 'gpp_d': 12.338826503601998, 'ign_k': 3.965503094323014, 'ign_c': 0.36493193534126445, 'trop_agb_crit': 6.187033415477641, 'trop_k_veg': 2.724170387400844, 'fuel_k': 4.710433409437071, 'fuel_half': 2.862655579291252}.
[I 2026-07-22 20:46:37,781] Trial 1525 finished with values: [10.230927383752684, 10.230927383752684] and parameters: {'k1': 0.028401063201780267, 'D_low': 2240.9155921647994, 'k2': 1.921891493444212e-05, 'D_high': 693439.2750387826, 'fire_exp': 1.5948485434369246, 'P_half': 157.80309954142965, 'pre_dampen_half': 8.259599205585763, 'gpp_af': 0.03522602097143089, 'gpp_b': 0.004458440839692221, 'gpp_d': 12.338826503601998, 'ign_k': 3.965503094323014, 'ign_c': 22.126836566118193, 'trop_agb_crit': 5.526463318565575, 'trop_k_veg': 4.776259022974975, 'fuel_k': 0.5118852925133749, 'fuel_half': 0.6603566884894324}.
[I 2026-07-22 20:46:38,213] Trial 1526 finished with values: [-0.7880498394352595, 0.1077023011940631] and parameters: {'k1': 0.028401063201780267, 'D_low': 216.6574784061471, 'k2': 0.04702255345208716, 'D_high': 2413579.2291304003, 'fire_exp': 1.2925223374952708, 'P_half': 157.80309954142965, 'pre_dampen_half': 8.259599205585763, 'gpp_af': 0.00844599651021394, 'gpp_b': 1.4629191305947827e-05, 'gpp_d': 12.338826503601998, 'ign_k': 3.965503094323014, 'ign_c': 22.126836566118193, 'trop_agb_crit': 13.050465147768051, 'trop_k_veg': 2.724170387400844, 'fuel_k': 0.25364760609391696, 'fuel_half': 0.6603566884894324}.
[I 2026-07-22 20:46:38,650] Trial 1527 finished with values: [10.119615117399203, 10.119615117399203] and parameters: {'k1': 0.028401063201780267, 'D_low': 216.6574784061471, 'k2': 0.0006863458703786212, 'D_high': 2413579.2291304003, 'fire_exp': 1.5704801393982246, 'P_half': 355.00125258511594, 'pre_dampen_half': 16.224010950061366, 'gpp_af': 0.007914355321045717, 'gpp_b': 0.004458440839692221, 'gpp_d': 282.6768642969775, 'ign_k': 2.136832907235876, 'ign_c': 22.126836566118193, 'trop_agb_crit': 12.647327018493208, 'trop_k_veg': 2.724170387400844, 'fuel_k': 1.3435190130425099, 'fuel_half': 0.6603566884894324}.
[I 2026-07-22 20:46:39,086] Trial 1528 finished with values: [10.23715607516005, 10.23715607516005] and parameters: {'k1': 0.028401063201780267, 'D_low': 2240.9155921647994, 'k2': 0.014666151770108535, 'D_high': 6525529.853354094, 'fire_exp': 1.6094756606381397, 'P_half': 355.00125258511594, 'pre_dampen_half': 16.224010950061366, 'gpp_af': 0.007914355321045717, 'gpp_b': 0.0004282509714243062, 'gpp_d': 2.003509269110358, 'ign_k': 2.136832907235876, 'ign_c': 22.126836566118193, 'trop_agb_crit': 26.951029433343408, 'trop_k_veg': 4.105599926384157, 'fuel_k': 0.10978148458640455, 'fuel_half': 1.3323297901105766}.
[I 2026-07-22 20:46:39,524] Trial 1529 finished with values: [10.070848169881373, 10.070848169881373] and parameters: {'k1': 0.028401063201780267, 'D_low': 16.00237013173313, 'k2': 0.00033271381912662167, 'D_high': 693439.2750387826, 'fire_exp': 1.5191397119156032, 'P_half': 157.80309954142965, 'pre_dampen_half': 16.224010950061366, 'gpp_af': 66.0825868768017, 'gpp_b': 0.0004282509714243062, 'gpp_d': 12.338826503601998, 'ign_k': 3.965503094323014, 'ign_c': 22.126836566118193, 'trop_agb_crit': 10.584071370490857, 'trop_k_veg': 4.5784420637928775, 'fuel_k': 0.11678427261116593, 'fuel_half': 0.6603566884894324}.
[I 2026-07-22 20:46:39,960] Trial 1530 finished with values: [10.292822096401945, 10.292822096401945] and parameters: {'k1': 0.0008685306488754917, 'D_low': 2240.9155921647994, 'k2': 0.00033271381912662167, 'D_high': 6525529.853354094, 'fire_exp': 1.2585476857229763, 'P_half': 355.00125258511594, 'pre_dampen_half': 16.224010950061366, 'gpp_af': 0.03522602097143089, 'gpp_b': 0.00012118589392553798, 'gpp_d': 0.015666791470307268, 'ign_k': 2.136832907235876, 'ign_c': 22.126836566118193, 'trop_agb_crit': 1.11102915787175, 'trop_k_veg': 2.724170387400844, 'fuel_k': 0.6149834196910364, 'fuel_half': 0.6603566884894324}.
[I 2026-07-22 20:46:40,393] Trial 1531 finished with values: [10.172751881025436, 10.172751881025436] and parameters: {'k1': 0.07099723384321331, 'D_low': 216.6574784061471, 'k2': 0.0012397054908843052, 'D_high': 2413579.2291304003, 'fire_exp': 1.5948485434369246, 'P_half': 157.80309954142965, 'pre_dampen_half': 8.259599205585763, 'gpp_af': 0.00844599651021394, 'gpp_b': 0.0021277498064456142, 'gpp_d': 12.338826503601998, 'ign_k': 3.965503094323014, 'ign_c': 22.126836566118193, 'trop_agb_crit': 6.187033415477641, 'trop_k_veg': 3.749462951649947, 'fuel_k': 0.6149834196910364, 'fuel_half': 0.6603566884894324}.
[I 2026-07-22 20:46:40,833] Trial 1532 finished with values: [-0.7365998620463369, 0.05331892037696251] and parameters: {'k1': 0.0008685306488754917, 'D_low': 2240.9155921647994, 'k2': 0.00033271381912662167, 'D_high': 6525529.853354094, 'fire_exp': 1.5191397119156032, 'P_half': 157.80309954142965, 'pre_dampen_half': 8.259599205585763, 'gpp_af': 0.0176901289740541, 'gpp_b': 0.00012118589392553798, 'gpp_d': 12.338826503601998, 'ign_k': 3.965503094323014, 'ign_c': 22.126836566118193, 'trop_agb_crit': 6.187033415477641, 'trop_k_veg': 0.7792184518372113, 'fuel_k': 0.6149834196910364, 'fuel_half': 0.6603566884894324}.
[I 2026-07-22 20:46:41,265] Trial 1533 finished with values: [-0.755124477924181, 0.02596664844062857] and parameters: {'k1': 0.028401063201780267, 'D_low': 216.6574784061471, 'k2': 1.2399620267778296e-05, 'D_high': 2413579.2291304003, 'fire_exp': 1.5532616753672623, 'P_half': 50.34696988263488, 'pre_dampen_half': 16.224010950061366, 'gpp_af': 0.03522602097143089, 'gpp_b': 0.004458440839692221, 'gpp_d': 60.40432975252879, 'ign_k': 3.965503094323014, 'ign_c': 22.126836566118193, 'trop_agb_crit': 13.050465147768051, 'trop_k_veg': 3.749462951649947, 'fuel_k': 0.1878651702682483, 'fuel_half': 0.8208301235029609}.
[I 2026-07-22 20:46:41,720] Trial 1534 finished with values: [10.449727972821432, 10.449727972821432] and parameters: {'k1': 0.028401063201780267, 'D_low': 3103.3332277537256, 'k2': 0.00033271381912662167, 'D_high': 2413579.2291304003, 'fire_exp': 1.5191397119156032, 'P_half': 157.80309954142965, 'pre_dampen_half': 8.259599205585763, 'gpp_af': 0.03522602097143089, 'gpp_b': 0.00012118589392553798, 'gpp_d': 12.338826503601998, 'ign_k': 3.965503094323014, 'ign_c': 22.126836566118193, 'trop_agb_crit': 2.6745430975175624, 'trop_k_veg': 2.724170387400844, 'fuel_k': 4.710433409437071, 'fuel_half': 0.6603566884894324}.
[I 2026-07-22 20:46:42,160] Trial 1535 finished with values: [10.343576818739038, 10.343576818739038] and parameters: {'k1': 1.0300849794948197e-05, 'D_low': 3103.3332277537256, 'k2': 0.014666151770108535, 'D_high': 6525529.853354094, 'fire_exp': 1.5191397119156032, 'P_half': 300.85508055280167, 'pre_dampen_half': 8.259599205585763, 'gpp_af': 31.653075604284126, 'gpp_b': 0.0028993292583566945, 'gpp_d': 12.338826503601998, 'ign_k': 3.965503094323014, 'ign_c': 22.126836566118193, 'trop_agb_crit': 5.526463318565575, 'trop_k_veg': 3.749462951649947, 'fuel_k': 4.710433409437071, 'fuel_half': 0.6603566884894324}.
[I 2026-07-22 20:46:42,601] Trial 1536 finished with values: [-0.7721391630487142, 0.03650572165937038] and parameters: {'k1': 0.0008685306488754917, 'D_low': 216.6574784061471, 'k2': 0.00033271381912662167, 'D_high': 6525529.853354094, 'fire_exp': 1.5191397119156032, 'P_half': 157.80309954142965, 'pre_dampen_half': 8.259599205585763, 'gpp_af': 0.0176901289740541, 'gpp_b': 0.0004282509714243062, 'gpp_d': 12.338826503601998, 'ign_k': 3.965503094323014, 'ign_c': 22.126836566118193, 'trop_agb_crit': 6.187033415477641, 'trop_k_veg': 2.724170387400844, 'fuel_k': 0.6149834196910364, 'fuel_half': 0.6603566884894324}.
[I 2026-07-22 20:46:43,036] Trial 1537 finished with values: [-0.7852201835443774, 0.04772530724079482] and parameters: {'k1': 0.028401063201780267, 'D_low': 4.975465981469846, 'k2': 0.0012397054908843052, 'D_high': 2413579.2291304003, 'fire_exp': 1.5191397119156032, 'P_half': 157.80309954142965, 'pre_dampen_half': 8.259599205585763, 'gpp_af': 0.03522602097143089, 'gpp_b': 0.0004282509714243062, 'gpp_d': 12.338826503601998, 'ign_k': 3.965503094323014, 'ign_c': 22.126836566118193, 'trop_agb_crit': 6.187033415477641, 'trop_k_veg': 4.105599926384157, 'fuel_k': 0.6149834196910364, 'fuel_half': 0.6603566884894324}.
[I 2026-07-22 20:46:43,475] Trial 1538 finished with values: [-0.7948880904757065, 0.07274374758533408] and parameters: {'k1': 0.028401063201780267, 'D_low': 216.6574784061471, 'k2': 0.00016536937182824412, 'D_high': 2413579.2291304003, 'fire_exp': 1.5191397119156032, 'P_half': 157.80309954142965, 'pre_dampen_half': 8.259599205585763, 'gpp_af': 0.03522602097143089, 'gpp_b': 0.00012118589392553798, 'gpp_d': 12.338826503601998, 'ign_k': 3.965503094323014, 'ign_c': 22.126836566118193, 'trop_agb_crit': 13.050465147768051, 'trop_k_veg': 4.5784420637928775, 'fuel_k': 0.6149834196910364, 'fuel_half': 0.6603566884894324}.
