[I 2026-07-24 02:22:41,958] Trial 985 finished with value: 0.524978026841951 and parameters: {'k1': 0.011517083265151733, 'D_low': 6.1726650687012645, 'k2': 0.00019788801073457028, 'D_high': 661015.3141968102, 'fire_exp': 7.131982160101919, 'P_half': 162.32849962982215, 'pre_dampen_half': 5.008611497856205, 'gpp_af': 0.8866234680283351, 'gpp_b': 2.3809594301925338e-05, 'gpp_d': 713.1299435357726, 'ign_k': 0.8511928755943935, 'ign_c': 0.35609993259803596, 'trop_agb_crit': 25.439434967004736, 'trop_k_veg': 0.9846425517941405, 'fuel_k': 0.3184223420989274, 'fuel_half': 0.5294269270402118}. Best is trial 0 with value: -0.6070628323553574.
[I 2026-07-24 02:22:42,409] Trial 986 finished with value: 0.6027135015117608 and parameters: {'k1': 8.786583341962703e-05, 'D_low': 42401.71606714738, 'k2': 6.919741023308709e-05, 'D_high': 885510.2893989269, 'fire_exp': 1.9723326062192317, 'P_half': 1.386262323353452, 'pre_dampen_half': 8.78491567368238, 'gpp_af': 1.85367906727314, 'gpp_b': 8.079371611284605, 'gpp_d': 393.6644837846343, 'ign_k': 0.07028580945931107, 'ign_c': 15.4444013124824, 'trop_agb_crit': 3.552636792169165, 'trop_k_veg': 3.837977114362139, 'fuel_k': 1.1397344000081346, 'fuel_half': 0.1633100006741972}. Best is trial 0 with value: -0.6070628323553574.
[I 2026-07-24 02:22:42,831] Trial 987 finished with value: 0.6445374145881376 and parameters: {'k1': 9.333867104404042e-05, 'D_low': 1.2021653997598298, 'k2': 6.203134474789525e-05, 'D_high': 111525.37840424641, 'fire_exp': 7.0288479211312405, 'P_half': 9.730958184559464, 'pre_dampen_half': 56.31090199296512, 'gpp_af': 0.01697655305564718, 'gpp_b': 6.780591038249315e-05, 'gpp_d': 0.7859076980254555, 'ign_k': 1.198257284177487, 'ign_c': 219.20738541415392, 'trop_agb_crit': 19.571743057203193, 'trop_k_veg': 0.5729849960305992, 'fuel_k': 3.9182647743438257, 'fuel_half': 0.39193360825886986}. Best is trial 0 with value: -0.6070628323553574.
[I 2026-07-24 02:22:43,246] Trial 988 finished with value: 0.4902486577545886 and parameters: {'k1': 0.006305219348393378, 'D_low': 1122.0573912844209, 'k2': 2.260912779314361e-05, 'D_high': 38914.044320134395, 'fire_exp': 1.3109637660545084, 'P_half': 12.094640593373585, 'pre_dampen_half': 0.8672482292357588, 'gpp_af': 0.01599981650255039, 'gpp_b': 0.0003213239904692274, 'gpp_d': 24.0968758213293, 'ign_k': 0.0523167669654861, 'ign_c': 1.047587577023859, 'trop_agb_crit': 1.0157723657957525, 'trop_k_veg': 1.9874693567078547, 'fuel_k': 2.5687809637158145, 'fuel_half': 0.4560781630507351}. Best is trial 0 with value: -0.6070628323553574.
[I 2026-07-24 02:22:43,663] Trial 989 finished with value: 0.43185218046607754 and parameters: {'k1': 0.001144491761332177, 'D_low': 663.554563921294, 'k2': 0.00021210286677218843, 'D_high': 3251241.241720456, 'fire_exp': 1.2972480003076086, 'P_half': 23.6611454997356, 'pre_dampen_half': 0.3132972945161687, 'gpp_af': 0.12322397303739857, 'gpp_b': 0.002664755449066592, 'gpp_d': 38.478730667416265, 'ign_k': 3.1548153555023823, 'ign_c': 2.067291336614197, 'trop_agb_crit': 23.44318776357514, 'trop_k_veg': 7.290050748935939, 'fuel_k': 2.5321222768212333, 'fuel_half': 6.680969139631391}. Best is trial 0 with value: -0.6070628323553574.
[I 2026-07-24 02:22:44,094] Trial 990 finished with value: 0.41143866215040625 and parameters: {'k1': 0.0013213834939697668, 'D_low': 5029.643129383769, 'k2': 0.00022182813612055187, 'D_high': 3102268.187276151, 'fire_exp': 1.3751442723312752, 'P_half': 9.70566691386477, 'pre_dampen_half': 3.6446894191681647, 'gpp_af': 1.358834914703583, 'gpp_b': 0.0028579795078337716, 'gpp_d': 29.25203372181067, 'ign_k': 0.1965590819165545, 'ign_c': 6.955190613571748, 'trop_agb_crit': 24.28950748665287, 'trop_k_veg': 4.351624498698779, 'fuel_k': 0.5862887705165395, 'fuel_half': 13.662256933337275}. Best is trial 0 with value: -0.6070628323553574.
[I 2026-07-24 02:22:44,511] Trial 991 finished with value: 0.5490055519050117 and parameters: {'k1': 0.0007947695585404797, 'D_low': 1975.0146875788257, 'k2': 1.1967741872378463e-05, 'D_high': 12043.523064496441, 'fire_exp': 2.0092961502581077, 'P_half': 9.631876526223447, 'pre_dampen_half': 5.77280774915282, 'gpp_af': 0.2297797198179691, 'gpp_b': 0.0033314987623841333, 'gpp_d': 404.83066646468393, 'ign_k': 1.885486982532684, 'ign_c': 2.452116368135451, 'trop_agb_crit': 17.748992157798842, 'trop_k_veg': 3.7384983374395717, 'fuel_k': 2.1676923185610493, 'fuel_half': 5.385783953896506}. Best is trial 0 with value: -0.6070628323553574.
[I 2026-07-24 02:22:44,945] Trial 992 finished with value: 0.4643081488330464 and parameters: {'k1': 0.0008624235168398337, 'D_low': 54.21263511868483, 'k2': 0.00016531007490577245, 'D_high': 189039.3222650085, 'fire_exp': 8.04869417124578, 'P_half': 38.77470373939637, 'pre_dampen_half': 10.792481869390322, 'gpp_af': 0.016786505129417085, 'gpp_b': 9.442535025170977e-05, 'gpp_d': 635.1517616231858, 'ign_k': 0.2126181487333712, 'ign_c': 1.6213310415339952, 'trop_agb_crit': 24.721495047054383, 'trop_k_veg': 1.1361558773895712, 'fuel_k': 0.6558238702203536, 'fuel_half': 1.173663837026706}. Best is trial 0 with value: -0.6070628323553574.
[I 2026-07-24 02:22:45,362] Trial 993 finished with value: 0.4360352511847875 and parameters: {'k1': 0.0009096723607467516, 'D_low': 24.255141326309545, 'k2': 2.338689784660476e-05, 'D_high': 34959.59656789564, 'fire_exp': 1.3998566778937878, 'P_half': 1.639631295531012, 'pre_dampen_half': 0.7005490685987154, 'gpp_af': 18.619970441577507, 'gpp_b': 0.0002703639325625317, 'gpp_d': 711.2837005086562, 'ign_k': 0.3395987319640877, 'ign_c': 0.12146357312695423, 'trop_agb_crit': 14.725707856399627, 'trop_k_veg': 2.350431280499925, 'fuel_k': 2.7486721251206245, 'fuel_half': 0.3017845425760291}. Best is trial 0 with value: -0.6070628323553574.
[I 2026-07-24 02:22:45,778] Trial 994 finished with value: 0.47973035624143345 and parameters: {'k1': 0.0005292810142283704, 'D_low': 61.05868830923221, 'k2': 1.3551347288084486e-05, 'D_high': 537352.9616270781, 'fire_exp': 1.302559977920093, 'P_half': 3.244185413483848, 'pre_dampen_half': 0.02442931187343772, 'gpp_af': 39.8154727007807, 'gpp_b': 0.05505496117141308, 'gpp_d': 794.9998445214845, 'ign_k': 0.34941295506345393, 'ign_c': 2.144435083819034, 'trop_agb_crit': 10.193822313051085, 'trop_k_veg': 2.2150056325175425, 'fuel_k': 0.6291933276217649, 'fuel_half': 0.19737630869970083}. Best is trial 0 with value: -0.6070628323553574.
[I 2026-07-24 02:22:46,205] Trial 995 finished with value: 0.4654042995875295 and parameters: {'k1': 0.007632610724459374, 'D_low': 946.4183620579877, 'k2': 0.0036851155646616418, 'D_high': 233516.73715696528, 'fire_exp': 1.5863071582231572, 'P_half': 2.005345301697433, 'pre_dampen_half': 0.13469001134056843, 'gpp_af': 0.6032702297105369, 'gpp_b': 0.0004124138930841295, 'gpp_d': 501.5667933523412, 'ign_k': 4.356671065289668, 'ign_c': 0.16366918296680022, 'trop_agb_crit': 25.967775491632118, 'trop_k_veg': 1.5863756162737324, 'fuel_k': 0.18700033653064946, 'fuel_half': 0.44899264575123077}. Best is trial 0 with value: -0.6070628323553574.
[I 2026-07-24 02:22:46,631] Trial 996 finished with value: 0.5461704900443964 and parameters: {'k1': 0.00024204692940597456, 'D_low': 3.259903762977944, 'k2': 0.0048576773851226425, 'D_high': 1620016.1889308074, 'fire_exp': 8.09899389067004, 'P_half': 75.34040475624194, 'pre_dampen_half': 28.61420638673674, 'gpp_af': 0.022777198489126266, 'gpp_b': 1.4369658499805073e-05, 'gpp_d': 2.8148664365122626, 'ign_k': 0.09918670717751622, 'ign_c': 3.6798489599611006, 'trop_agb_crit': 16.86851408071459, 'trop_k_veg': 0.7655077114201719, 'fuel_k': 2.7111394325960805, 'fuel_half': 1.610146712885746}. Best is trial 0 with value: -0.6070628323553574.
[I 2026-07-24 02:22:47,043] Trial 997 finished with value: 0.5082115569127108 and parameters: {'k1': 0.0012338953795772497, 'D_low': 17.061417488028088, 'k2': 0.0001930415330862513, 'D_high': 3438280.9173774254, 'fire_exp': 2.3513297336955734, 'P_half': 85.48982699012693, 'pre_dampen_half': 0.5812434499187122, 'gpp_af': 0.15329180882017965, 'gpp_b': 0.030371176889552605, 'gpp_d': 980.6183221664135, 'ign_k': 0.7275072198100366, 'ign_c': 0.19974844547831508, 'trop_agb_crit': 11.051493689422433, 'trop_k_veg': 4.126107798735566, 'fuel_k': 0.4127561788295236, 'fuel_half': 0.3312443385769841}. Best is trial 0 with value: -0.6070628323553574.
[I 2026-07-24 02:22:47,462] Trial 998 finished with value: 0.6569170267903623 and parameters: {'k1': 0.00224996053575899, 'D_low': 976.0816039097016, 'k2': 0.002640335780286291, 'D_high': 4599740.582422701, 'fire_exp': 3.883944145959983, 'P_half': 1.2805979344047056, 'pre_dampen_half': 55.98683466177128, 'gpp_af': 0.35816946092102725, 'gpp_b': 0.009408993902649826, 'gpp_d': 0.4847912881378956, 'ign_k': 1.2415677602487332, 'ign_c': 34.13383054913201, 'trop_agb_crit': 4.050594059583641, 'trop_k_veg': 0.5543900459104089, 'fuel_k': 5.053549775910124, 'fuel_half': 2.381774702809374}. Best is trial 0 with value: -0.6070628323553574.
[I 2026-07-24 02:22:47,876] Trial 999 finished with value: 0.5024631240749122 and parameters: {'k1': 0.001076757286482449, 'D_low': 45.33961440903119, 'k2': 0.007004117310041234, 'D_high': 4410972.427095882, 'fire_exp': 5.168811262088956, 'P_half': 32.15580516629634, 'pre_dampen_half': 48.30039076577305, 'gpp_af': 1.1073774954095232, 'gpp_b': 0.3341073290216146, 'gpp_d': 16.67271598951478, 'ign_k': 2.134684312403402, 'ign_c': 6.666639863404495, 'trop_agb_crit': 25.43262439883738, 'trop_k_veg': 1.0820396184512615, 'fuel_k': 0.6951967497263285, 'fuel_half': 0.474024491709046}. Best is trial 0 with value: -0.6070628323553574.
[I 2026-07-24 02:22:48,290] Trial 1000 finished with value: 0.4220032291005438 and parameters: {'k1': 0.003992100569456273, 'D_low': 6.998387348446868, 'k2': 0.0005747853905738377, 'D_high': 8919443.029675484, 'fire_exp': 1.2471540200248685, 'P_half': 161.67116150365757, 'pre_dampen_half': 0.5263079072986605, 'gpp_af': 0.1115301172846155, 'gpp_b': 0.01640922874162508, 'gpp_d': 18.471059967511902, 'ign_k': 1.677913851021057, 'ign_c': 3.3020608971308993, 'trop_agb_crit': 6.571060499985127, 'trop_k_veg': 5.4898510355798775, 'fuel_k': 3.027741343686995, 'fuel_half': 0.25678478366704816}. Best is trial 0 with value: -0.6070628323553574.
[I 2026-07-24 02:22:48,706] Trial 1001 finished with value: 0.6445374145881376 and parameters: {'k1': 0.00209313130365448, 'D_low': 145467.72441244498, 'k2': 0.00017942086732590257, 'D_high': 938550.8211414653, 'fire_exp': 2.8027908504525536, 'P_half': 43.32133100735128, 'pre_dampen_half': 18.92845692819989, 'gpp_af': 0.0016010128380547846, 'gpp_b': 0.9816707840983185, 'gpp_d': 781.7680841363234, 'ign_k': 1.7909410511146509, 'ign_c': 0.2041909544502715, 'trop_agb_crit': 10.500634314302154, 'trop_k_veg': 1.6563517076195378, 'fuel_k': 0.9584480098319009, 'fuel_half': 0.5635723589814791}. Best is trial 0 with value: -0.6070628323553574.
[I 2026-07-24 02:22:49,124] Trial 1002 finished with value: 0.5799200365832141 and parameters: {'k1': 4.3379318492927614e-05, 'D_low': 2950.2559247689496, 'k2': 0.00014990779062373343, 'D_high': 25208.468791068753, 'fire_exp': 1.1070682264623442, 'P_half': 4.969587866241452, 'pre_dampen_half': 0.0666881830972245, 'gpp_af': 35.675961190359246, 'gpp_b': 0.40637323196258557, 'gpp_d': 417.34484868228594, 'ign_k': 0.0023959766499803245, 'ign_c': 8.507000907326505, 'trop_agb_crit': 6.288138260466912, 'trop_k_veg': 5.950165940345323, 'fuel_k': 0.27251781669435715, 'fuel_half': 0.11099734291492115}. Best is trial 0 with value: -0.6070628323553574.
[I 2026-07-24 02:22:49,548] Trial 1003 finished with value: -0.6003684763492527 and parameters: {'k1': 0.0011701748501360008, 'D_low': 26.969393226233496, 'k2': 1.4775811674836672e-05, 'D_high': 553683.8828589077, 'fire_exp': 1.4355110551945103, 'P_half': 12.349250879549755, 'pre_dampen_half': 0.2549527936636045, 'gpp_af': 29.03176332547986, 'gpp_b': 0.09915051549009625, 'gpp_d': 987.5814348864626, 'ign_k': 0.04346550676129007, 'ign_c': 0.2040814914415153, 'trop_agb_crit': 26.96800750615314, 'trop_k_veg': 2.532078849779234, 'fuel_k': 4.3037484399378165, 'fuel_half': 0.26294575066139436}. Best is trial 0 with value: -0.6070628323553574.
[I 2026-07-24 02:22:49,974] Trial 1004 finished with value: -0.5508047046945683 and parameters: {'k1': 0.0033100806711098114, 'D_low': 1.7282962731413138, 'k2': 0.08786351666176553, 'D_high': 2527327.5475632194, 'fire_exp': 6.2754663632730665, 'P_half': 39.93002935511799, 'pre_dampen_half': 17.623200799334743, 'gpp_af': 5.185493577898972, 'gpp_b': 0.0005708019054478218, 'gpp_d': 9.99215416026637, 'ign_k': 0.23838330967970742, 'ign_c': 0.25005151589852354, 'trop_agb_crit': 6.426526684670379, 'trop_k_veg': 1.0908601728886025, 'fuel_k': 3.0685368803292277, 'fuel_half': 0.19586024476791317}. Best is trial 0 with value: -0.6070628323553574.
[I 2026-07-24 02:22:50,388] Trial 1005 finished with value: 0.4588335637357973 and parameters: {'k1': 0.0006288328335705898, 'D_low': 137.41427833119033, 'k2': 0.00016385059977149478, 'D_high': 164100.83345454832, 'fire_exp': 1.916080510115156, 'P_half': 13.336422500174015, 'pre_dampen_half': 0.47069387220278264, 'gpp_af': 4.95617889649076, 'gpp_b': 0.04810104256736416, 'gpp_d': 762.9995481565451, 'ign_k': 0.02905621099436805, 'ign_c': 0.16686347497054774, 'trop_agb_crit': 21.076435152420483, 'trop_k_veg': 1.990989006208219, 'fuel_k': 2.8041086661937347, 'fuel_half': 0.3199898309269239}. Best is trial 0 with value: -0.6070628323553574.
[I 2026-07-24 02:22:50,806] Trial 1006 finished with value: 0.5360408188030356 and parameters: {'k1': 0.000490484802303525, 'D_low': 505.219686233549, 'k2': 0.0007637880467472253, 'D_high': 988757.778731371, 'fire_exp': 1.1898076256543237, 'P_half': 2904.2510031172633, 'pre_dampen_half': 2.6350518000184304, 'gpp_af': 1.0428994867999548, 'gpp_b': 0.006030639441676904, 'gpp_d': 368.0945475247264, 'ign_k': 0.2149361804931223, 'ign_c': 2.45003745015131, 'trop_agb_crit': 19.53504591267599, 'trop_k_veg': 4.8627378785318855, 'fuel_k': 0.8673814675490493, 'fuel_half': 21.35604029207351}. Best is trial 0 with value: -0.6070628323553574.
[I 2026-07-24 02:22:51,217] Trial 1007 finished with value: 0.5000470388584898 and parameters: {'k1': 0.009975347730971586, 'D_low': 651.2215787817095, 'k2': 0.00010635498830112085, 'D_high': 900548.8535817107, 'fire_exp': 1.5552349561039072, 'P_half': 5.432222233784593, 'pre_dampen_half': 0.4113120309513452, 'gpp_af': 0.04116553360375456, 'gpp_b': 0.014896783499945752, 'gpp_d': 60.65218783762214, 'ign_k': 4.250048351894584, 'ign_c': 0.4534306004043067, 'trop_agb_crit': 17.736160396013485, 'trop_k_veg': 3.6981043824201576, 'fuel_k': 0.3241450895346103, 'fuel_half': 0.637386555995816}. Best is trial 0 with value: -0.6070628323553574.
[I 2026-07-24 02:22:51,639] Trial 1008 finished with value: -0.5882348684869898 and parameters: {'k1': 0.0006475400113916856, 'D_low': 94.40716788920506, 'k2': 0.0001764128571011739, 'D_high': 1199692.3282872757, 'fire_exp': 4.075691270891605, 'P_half': 135.60268304944708, 'pre_dampen_half': 4.926426635844052, 'gpp_af': 0.0356729321845827, 'gpp_b': 8.068711847321386e-05, 'gpp_d': 10.110918758270378, 'ign_k': 1.3644978998500197, 'ign_c': 1.1146348586510553, 'trop_agb_crit': 23.628739304092736, 'trop_k_veg': 1.7101576417671112, 'fuel_k': 0.9856996598782716, 'fuel_half': 0.11358020110887734}. Best is trial 0 with value: -0.6070628323553574.
[I 2026-07-24 02:22:52,052] Trial 1009 finished with value: 0.5517254379082859 and parameters: {'k1': 0.004371611005477409, 'D_low': 305.11899428041295, 'k2': 0.00042217501381626666, 'D_high': 30293.433188867428, 'fire_exp': 1.0164910396054045, 'P_half': 311.634122416456, 'pre_dampen_half': 2.555080072096184, 'gpp_af': 0.3021902173616234, 'gpp_b': 0.10449289545928464, 'gpp_d': 0.5669069067435673, 'ign_k': 0.5632230237399103, 'ign_c': 21.64278574048992, 'trop_agb_crit': 14.594623552504267, 'trop_k_veg': 2.217387728639843, 'fuel_k': 5.017521125528533, 'fuel_half': 24.343235213883002}. Best is trial 0 with value: -0.6070628323553574.
[I 2026-07-24 02:22:52,475] Trial 1010 finished with value: 0.4392449117559525 and parameters: {'k1': 0.006633232366506394, 'D_low': 181.1748465383669, 'k2': 7.592557612641002e-05, 'D_high': 1032097.4701465336, 'fire_exp': 1.1830134977213511, 'P_half': 2.1589704761548503, 'pre_dampen_half': 2.25653194383773, 'gpp_af': 4.53730055124877, 'gpp_b': 0.6013647024922865, 'gpp_d': 103.61106715277478, 'ign_k': 0.08180151461780714, 'ign_c': 0.8582701384867224, 'trop_agb_crit': 21.706697992401182, 'trop_k_veg': 1.6815451527797574, 'fuel_k': 3.492557256654835, 'fuel_half': 1.146018287956717}. Best is trial 0 with value: -0.6070628323553574.
[I 2026-07-24 02:22:52,893] Trial 1011 finished with value: 0.5367676991291412 and parameters: {'k1': 0.0001061305957666628, 'D_low': 30.99214599904626, 'k2': 6.975758371000323e-05, 'D_high': 2493422.090943446, 'fire_exp': 1.0636724043640526, 'P_half': 16.670710983203705, 'pre_dampen_half': 0.0405667657571299, 'gpp_af': 1.296847135188454, 'gpp_b': 4.053919574301407, 'gpp_d': 150.80184828352188, 'ign_k': 0.12670330403846503, 'ign_c': 0.10520882428979283, 'trop_agb_crit': 20.694638237076674, 'trop_k_veg': 2.824541717240958, 'fuel_k': 5.848894054502004, 'fuel_half': 0.10586739706884496}. Best is trial 0 with value: -0.6070628323553574.
[I 2026-07-24 02:22:53,307] Trial 1012 finished with value: 0.5618169742749796 and parameters: {'k1': 0.0016980232214382565, 'D_low': 404.11460848350896, 'k2': 4.5583454100454234e-05, 'D_high': 2179009.3690086342, 'fire_exp': 1.5449796292274285, 'P_half': 183.94500128952674, 'pre_dampen_half': 0.057091180174495444, 'gpp_af': 0.02693753202896141, 'gpp_b': 0.0003161204369794627, 'gpp_d': 82.73465063075355, 'ign_k': 0.043674603969304955, 'ign_c': 10.169969934911666, 'trop_agb_crit': 13.126791301172759, 'trop_k_veg': 2.263595602771687, 'fuel_k': 0.5807493886795669, 'fuel_half': 49.951437307795885}. Best is trial 0 with value: -0.6070628323553574.
[I 2026-07-24 02:22:53,724] Trial 1013 finished with value: 0.5030612534151927 and parameters: {'k1': 0.0013486683362350796, 'D_low': 214.79851848100964, 'k2': 1.4837834054078275e-05, 'D_high': 602169.5175899181, 'fire_exp': 1.172716789243629, 'P_half': 330.1431470183682, 'pre_dampen_half': 0.2549763714754309, 'gpp_af': 3.9764069744140467, 'gpp_b': 0.0002404297900598549, 'gpp_d': 3.324658476915381, 'ign_k': 0.5681460767290417, 'ign_c': 0.8005354814696394, 'trop_agb_crit': 11.602674408684123, 'trop_k_veg': 5.9485776882275125, 'fuel_k': 1.6417805529476008, 'fuel_half': 12.742008675286584}. Best is trial 0 with value: -0.6070628323553574.
[I 2026-07-24 02:22:54,138] Trial 1014 finished with value: 0.40920246040571817 and parameters: {'k1': 0.0002354098052323798, 'D_low': 61.6196197274059, 'k2': 7.99827489989984e-05, 'D_high': 4679405.233558236, 'fire_exp': 4.192498385775985, 'P_half': 17.441068590468177, 'pre_dampen_half': 24.455698386648404, 'gpp_af': 0.021966665606101023, 'gpp_b': 0.00012234576932759888, 'gpp_d': 1.5023828313886567, 'ign_k': 1.11742307880227, 'ign_c': 2.249645602245861, 'trop_agb_crit': 25.870764044877635, 'trop_k_veg': 1.1963339936661694, 'fuel_k': 0.3710685507675657, 'fuel_half': 0.11730689921819695}. Best is trial 0 with value: -0.6070628323553574.
[I 2026-07-24 02:22:54,554] Trial 1015 finished with value: 0.5849488983789454 and parameters: {'k1': 0.0009575802058707444, 'D_low': 2452.3098065927575, 'k2': 1.4892886407029866e-05, 'D_high': 5003.200540625971, 'fire_exp': 1.871423339268808, 'P_half': 1.6813183061295063, 'pre_dampen_half': 0.011364019071445679, 'gpp_af': 3.460743830954082, 'gpp_b': 0.01578797843564687, 'gpp_d': 494.86935011565197, 'ign_k': 0.0074942194527324825, 'ign_c': 12.035236442306138, 'trop_agb_crit': 7.158946206164006, 'trop_k_veg': 2.3051167536105024, 'fuel_k': 4.124758756602348, 'fuel_half': 0.2713821866574325}. Best is trial 0 with value: -0.6070628323553574.
[I 2026-07-24 02:22:54,978] Trial 1016 finished with value: 0.6445374145881376 and parameters: {'k1': 0.0833155326126873, 'D_low': 789880.1693490809, 'k2': 3.399619194526349e-05, 'D_high': 1266.5370763015928, 'fire_exp': 5.2602773062925925, 'P_half': 977.6856036955733, 'pre_dampen_half': 1.8710144892074099, 'gpp_af': 0.2189819894746404, 'gpp_b': 0.01794867406461773, 'gpp_d': 39.894511765002896, 'ign_k': 0.0394860036373494, 'ign_c': 15.26502918299946, 'trop_agb_crit': 4.908447807877797, 'trop_k_veg': 3.244428609314483, 'fuel_k': 0.12371399874400034, 'fuel_half': 4.575481225874477}. Best is trial 0 with value: -0.6070628323553574.
[I 2026-07-24 02:22:55,395] Trial 1017 finished with value: 0.6445374145881376 and parameters: {'k1': 0.00741820016318077, 'D_low': 192.80889290527185, 'k2': 0.00013459275555825211, 'D_high': 10.61677267507843, 'fire_exp': 5.162228014115047, 'P_half': 1364.04391001564, 'pre_dampen_half': 86.6410453969539, 'gpp_af': 0.0011327147648982348, 'gpp_b': 0.032215015680683495, 'gpp_d': 1.2671622988735358, 'ign_k': 0.061098417586464115, 'ign_c': 65.94881794898214, 'trop_agb_crit': 4.8768304287957545, 'trop_k_veg': 0.8342714107202451, 'fuel_k': 0.016350815068928583, 'fuel_half': 0.6848506792186129}. Best is trial 0 with value: -0.6070628323553574.
[I 2026-07-24 02:22:55,808] Trial 1018 finished with value: -0.5755564827693014 and parameters: {'k1': 0.0009287590959161879, 'D_low': 2746.229797440696, 'k2': 0.001478973653713699, 'D_high': 120731.88636266565, 'fire_exp': 1.4326455179022701, 'P_half': 93.29165242211663, 'pre_dampen_half': 9.271710451567508, 'gpp_af': 0.2468572816105555, 'gpp_b': 0.00663091197094058, 'gpp_d': 66.8421794603264, 'ign_k': 0.18887528802169465, 'ign_c': 17.218958649900873, 'trop_agb_crit': 23.36999077056064, 'trop_k_veg': 3.041454229453829, 'fuel_k': 2.0400573810636535, 'fuel_half': 12.000568307903489}. Best is trial 0 with value: -0.6070628323553574.
