[I 2026-07-25 00:30:05,479] Trial 80 finished with value: 0.4928167624017886 and parameters: {'k1': 5.361865575169195e-05, 'D_low': 5.4544398449822715, 'k2': 0.021184580637553626, 'D_high': 160409.39451225454, 'fire_exp': 2.3762311680838537, 'P_half': 56.091915137393215, 'pre_dampen_half': 4.733564899625463, 'gpp_af': 0.6164640847006325, 'gpp_b': 3.941489184654803e-05, 'gpp_d': 41.55923577525345, 'ign_k': 0.43213929966255915, 'ign_c': 14.674218690632198, 'trop_agb_crit': 10.307565611600547, 'trop_k_veg': 0.993664509994784, 'gdp_gamma': 1.1229998179689062, 'cure_k': 0.0017935735583192592, 'cure_p_min': 188.2800647503205, 'cure_gpp_ref': 0.3037376332860042, 'cure_agb_crit': 1.2502326873605287, 'fuel_k': 0.16237001277610127, 'fuel_half': 14.356760903243668}. Best is trial 0 with value: -0.6232552202351066.
[I 2026-07-25 00:30:05,915] Trial 81 finished with value: -0.5484345320560149 and parameters: {'k1': 0.0011948666572864932, 'D_low': 10.551196878776526, 'k2': 4.079761046583061e-05, 'D_high': 10127.502396401203, 'fire_exp': 2.1544970784950657, 'P_half': 1150.4560529212667, 'pre_dampen_half': 407.0869779162761, 'gpp_af': 0.003572144769833743, 'gpp_b': 0.000359232386618302, 'gpp_d': 6.726167983241955, 'ign_k': 0.0011677542908474121, 'ign_c': 4.157436300312959, 'trop_agb_crit': 8.975648231668437, 'trop_k_veg': 3.4218828627267492, 'gdp_gamma': 1.4977642001752411, 'cure_k': 0.18473951001444747, 'cure_p_min': 389.42992059211787, 'cure_gpp_ref': 0.1435989120954462, 'cure_agb_crit': 1.409769081137975, 'fuel_k': 0.028971351608083888, 'fuel_half': 0.28632427970939434}. Best is trial 0 with value: -0.6232552202351066.
[I 2026-07-25 00:30:06,361] Trial 82 finished with value: 0.5977312684380965 and parameters: {'k1': 0.0012012305766492671, 'D_low': 46.103611467139544, 'k2': 2.9334693253142067e-05, 'D_high': 138.00234862400507, 'fire_exp': 2.4188709401439317, 'P_half': 505.90874551351845, 'pre_dampen_half': 777.0368270299177, 'gpp_af': 0.008535562389551651, 'gpp_b': 0.027649193766143873, 'gpp_d': 4.703046259256976, 'ign_k': 0.005226694028229764, 'ign_c': 0.15871504767035702, 'trop_agb_crit': 6.117698140755453, 'trop_k_veg': 2.1180999883441745, 'gdp_gamma': 1.4197304775839024, 'cure_k': 0.028904127791975757, 'cure_p_min': 306.49522637908836, 'cure_gpp_ref': 0.2023195878016721, 'cure_agb_crit': 1.4296612828803583, 'fuel_k': 0.03081378499927751, 'fuel_half': 0.9323016600703274}. Best is trial 0 with value: -0.6232552202351066.
[I 2026-07-25 00:30:06,799] Trial 83 finished with value: -0.5671142497015045 and parameters: {'k1': 0.00015820535589476374, 'D_low': 8.990784352858926, 'k2': 0.00017728475570529006, 'D_high': 26523.641970647608, 'fire_exp': 2.009529779482891, 'P_half': 75.89020297581826, 'pre_dampen_half': 23.18520492688201, 'gpp_af': 0.006711815121782657, 'gpp_b': 1.529369363950784e-05, 'gpp_d': 67.0269015219546, 'ign_k': 0.0011972889168138327, 'ign_c': 8.48649371102638, 'trop_agb_crit': 10.317707059718275, 'trop_k_veg': 6.96811728281642, 'gdp_gamma': 0.6535526123159948, 'cure_k': 0.0701041651863496, 'cure_p_min': 308.073641254909, 'cure_gpp_ref': 0.20538577842818842, 'cure_agb_crit': 1.1281416940338442, 'fuel_k': 0.03232165060813532, 'fuel_half': 0.1478854988915075}. Best is trial 0 with value: -0.6232552202351066.
[I 2026-07-25 00:30:07,239] Trial 84 finished with value: 0.576075888029178 and parameters: {'k1': 0.00014696287498895452, 'D_low': 14.997519363124217, 'k2': 0.00011306877761347473, 'D_high': 18253.974224424277, 'fire_exp': 2.676210387701531, 'P_half': 2.8070737102318737, 'pre_dampen_half': 1.2970368906259957, 'gpp_af': 0.009113067530152005, 'gpp_b': 2.1783914159509824e-05, 'gpp_d': 5.148692167141635, 'ign_k': 0.0010286071157060617, 'ign_c': 4.915055837042852, 'trop_agb_crit': 6.509537108855474, 'trop_k_veg': 5.63509161411152, 'gdp_gamma': 0.8010489650756865, 'cure_k': 0.012140092831552573, 'cure_p_min': 219.30032248998882, 'cure_gpp_ref': 0.18861789442841756, 'cure_agb_crit': 1.3009111785857748, 'fuel_k': 0.12041532717411838, 'fuel_half': 0.24741056497941774}. Best is trial 0 with value: -0.6232552202351066.
[I 2026-07-25 00:30:07,683] Trial 85 finished with value: 0.4597746134631213 and parameters: {'k1': 0.005349024243772986, 'D_low': 1.7978516123830437, 'k2': 2.437395311790509e-05, 'D_high': 48724.29132444368, 'fire_exp': 1.6983929501765878, 'P_half': 4725.3167754144815, 'pre_dampen_half': 80.88479367991536, 'gpp_af': 0.13454449023543436, 'gpp_b': 1.1296681375640457e-05, 'gpp_d': 31.36259449240454, 'ign_k': 0.007687569667977495, 'ign_c': 0.39521275545185586, 'trop_agb_crit': 8.308057779993161, 'trop_k_veg': 4.7687368656207205, 'gdp_gamma': 1.8895798722103514, 'cure_k': 0.06870147950001015, 'cure_p_min': 378.1564851378394, 'cure_gpp_ref': 0.3123797933057794, 'cure_agb_crit': 1.3025441130251427, 'fuel_k': 0.034254105327230874, 'fuel_half': 0.11036842349894445}. Best is trial 0 with value: -0.6232552202351066.
[I 2026-07-25 00:30:08,126] Trial 86 finished with value: 0.39566539848749527 and parameters: {'k1': 5.661266686716004e-05, 'D_low': 93.99692390218203, 'k2': 0.00013909006879589977, 'D_high': 746021.7669595266, 'fire_exp': 1.1699232738746042, 'P_half': 130.2258315332918, 'pre_dampen_half': 9.866299984834683, 'gpp_af': 0.0396021883823207, 'gpp_b': 2.33932124151402e-05, 'gpp_d': 693.5444231362317, 'ign_k': 0.0015601882118548064, 'ign_c': 7.269263506327961, 'trop_agb_crit': 23.555174813053718, 'trop_k_veg': 5.40776377864402, 'gdp_gamma': 0.27362687732806595, 'cure_k': 0.055566463099021204, 'cure_p_min': 297.7396957732912, 'cure_gpp_ref': 0.4112901950082798, 'cure_agb_crit': 2.011139821195055, 'fuel_k': 0.019518175753447574, 'fuel_half': 2.1282633987359523}. Best is trial 0 with value: -0.6232552202351066.
[I 2026-07-25 00:30:08,564] Trial 87 finished with value: 0.4161508262654585 and parameters: {'k1': 0.0002906488478930533, 'D_low': 1.947625483374088, 'k2': 0.001599256421601117, 'D_high': 35992.63309039682, 'fire_exp': 1.440243638395574, 'P_half': 73.85776406386302, 'pre_dampen_half': 15.67232515356405, 'gpp_af': 0.004507958889891188, 'gpp_b': 6.847237250563214e-05, 'gpp_d': 959.4589176616779, 'ign_k': 0.01800118929926172, 'ign_c': 28.056116984218395, 'trop_agb_crit': 7.47611333625519, 'trop_k_veg': 4.264827760950996, 'gdp_gamma': 0.26313423947298326, 'cure_k': 0.25953781588511265, 'cure_p_min': 224.29838178751223, 'cure_gpp_ref': 0.3325284309508104, 'cure_agb_crit': 1.0556589567138208, 'fuel_k': 0.01825955573664771, 'fuel_half': 0.17405392543588602}. Best is trial 0 with value: -0.6232552202351066.
[I 2026-07-25 00:30:09,002] Trial 88 finished with value: 0.5086537894264589 and parameters: {'k1': 0.0002668900344965253, 'D_low': 184.1245337664414, 'k2': 6.431988106645008e-05, 'D_high': 4493.0024403189245, 'fire_exp': 1.5196841578254627, 'P_half': 2796.7541750031464, 'pre_dampen_half': 99.65885116737492, 'gpp_af': 0.006558577083107152, 'gpp_b': 0.0008164964373353258, 'gpp_d': 1.6441452477469531, 'ign_k': 0.0018376416077889352, 'ign_c': 10.431754631408973, 'trop_agb_crit': 7.45807495513871, 'trop_k_veg': 6.347215593548504, 'gdp_gamma': 0.6340750115177436, 'cure_k': 0.4663679777308623, 'cure_p_min': 332.87959971288797, 'cure_gpp_ref': 0.07261135244881674, 'cure_agb_crit': 1.8245012610838518, 'fuel_k': 0.10594397909728695, 'fuel_half': 2.385189437124644}. Best is trial 0 with value: -0.6232552202351066.
[I 2026-07-25 00:30:09,442] Trial 89 finished with value: -0.5109173001970492 and parameters: {'k1': 0.00011071763727381013, 'D_low': 46.70767732542552, 'k2': 0.0001631442457385247, 'D_high': 797840.0387963098, 'fire_exp': 1.7033517827358067, 'P_half': 6267.502865809755, 'pre_dampen_half': 204.85645728546814, 'gpp_af': 0.006771942828929698, 'gpp_b': 0.0016723459095736174, 'gpp_d': 0.9527353519420882, 'ign_k': 0.005105782260067952, 'ign_c': 47.5944007120237, 'trop_agb_crit': 7.681386189800653, 'trop_k_veg': 2.5149958100938012, 'gdp_gamma': 0.12681452419964975, 'cure_k': 0.3171146267578912, 'cure_p_min': 287.85477864204756, 'cure_gpp_ref': 0.2510440928430369, 'cure_agb_crit': 1.2352587206886374, 'fuel_k': 0.022872459678734, 'fuel_half': 0.28848519644349135}. Best is trial 0 with value: -0.6232552202351066.
[I 2026-07-25 00:30:09,884] Trial 90 finished with value: 0.4718298786642994 and parameters: {'k1': 0.0009422546698332283, 'D_low': 30.03866774911185, 'k2': 6.33055598798312e-05, 'D_high': 2476056.8147195443, 'fire_exp': 2.6123315108384597, 'P_half': 6252.377352235126, 'pre_dampen_half': 20.3327163281735, 'gpp_af': 0.044305391052682566, 'gpp_b': 0.08462294159144097, 'gpp_d': 4.598692511008069, 'ign_k': 0.006543712453572817, 'ign_c': 17.86460605443676, 'trop_agb_crit': 9.717382459987851, 'trop_k_veg': 1.184164558508497, 'gdp_gamma': 0.3982070532758572, 'cure_k': 0.3787885847429336, 'cure_p_min': 270.78093669950886, 'cure_gpp_ref': 0.1333338213680719, 'cure_agb_crit': 1.3188627461077413, 'fuel_k': 0.010063711820348169, 'fuel_half': 0.2024840004325006}. Best is trial 0 with value: -0.6232552202351066.
[I 2026-07-25 00:30:10,324] Trial 91 finished with value: 0.46509253569273645 and parameters: {'k1': 2.66142643727334e-05, 'D_low': 115.05950948363956, 'k2': 0.00012404781364883213, 'D_high': 19377.223653957888, 'fire_exp': 2.2911012062089116, 'P_half': 8074.2732852611425, 'pre_dampen_half': 484.70124290324435, 'gpp_af': 0.09253303723378167, 'gpp_b': 0.0046750598809543395, 'gpp_d': 3.4587022421114106, 'ign_k': 0.07273524035168624, 'ign_c': 32.52089246942929, 'trop_agb_crit': 5.96676790752379, 'trop_k_veg': 2.986980691494835, 'gdp_gamma': 0.3974069156471619, 'cure_k': 0.31732646045993596, 'cure_p_min': 235.3610881316325, 'cure_gpp_ref': 0.18703807919366378, 'cure_agb_crit': 1.6903213296330417, 'fuel_k': 0.039325687695986294, 'fuel_half': 0.10860217327514876}. Best is trial 0 with value: -0.6232552202351066.
[I 2026-07-25 00:30:10,764] Trial 92 finished with value: -0.524152859419576 and parameters: {'k1': 1.5987573466934842e-05, 'D_low': 1.7495070055342823, 'k2': 0.0005361720172758629, 'D_high': 492448.8013242058, 'fire_exp': 2.136777533705566, 'P_half': 6609.186876444769, 'pre_dampen_half': 42.52686745004884, 'gpp_af': 0.005293935661902829, 'gpp_b': 0.0025381787562808508, 'gpp_d': 0.07020521990627139, 'ign_k': 0.0030221044707090163, 'ign_c': 24.02376856577888, 'trop_agb_crit': 7.628099207380664, 'trop_k_veg': 2.093079053969607, 'gdp_gamma': 0.0516582439571007, 'cure_k': 0.36057536211283575, 'cure_p_min': 257.4188337956207, 'cure_gpp_ref': 0.2856624401565262, 'cure_agb_crit': 2.0358987258063626, 'fuel_k': 0.07243354147078895, 'fuel_half': 8.08115639860811}. Best is trial 0 with value: -0.6232552202351066.
[I 2026-07-25 00:30:11,207] Trial 93 finished with value: -0.45559034327763526 and parameters: {'k1': 0.00028341770863772305, 'D_low': 45.98556610414848, 'k2': 0.0011422494797784155, 'D_high': 4774.138268139602, 'fire_exp': 2.084639678997623, 'P_half': 30.65410305061954, 'pre_dampen_half': 102.24673110762004, 'gpp_af': 0.035626911751674234, 'gpp_b': 1.4381658705531921e-05, 'gpp_d': 19.655844343579368, 'ign_k': 0.0026925274614945623, 'ign_c': 2.1329179860351952, 'trop_agb_crit': 9.33313852811494, 'trop_k_veg': 6.614246525015892, 'gdp_gamma': 0.09777056667357621, 'cure_k': 0.16216588198608073, 'cure_p_min': 305.1579546796652, 'cure_gpp_ref': 0.559887482032762, 'cure_agb_crit': 1.536747617234819, 'fuel_k': 0.11480573024121236, 'fuel_half': 0.23180552598197807}. Best is trial 0 with value: -0.6232552202351066.
[I 2026-07-25 00:30:11,653] Trial 94 finished with value: 0.5419081483341414 and parameters: {'k1': 1.983599973165997e-05, 'D_low': 44.41180875477398, 'k2': 0.001638900861409792, 'D_high': 33002.27145120153, 'fire_exp': 1.7512950963909726, 'P_half': 3260.821116007204, 'pre_dampen_half': 18.213606344559704, 'gpp_af': 0.0026476610616933977, 'gpp_b': 0.002281470139042082, 'gpp_d': 1.3003474364187741, 'ign_k': 0.013614358162416948, 'ign_c': 2.1569353492089833, 'trop_agb_crit': 26.202847342203086, 'trop_k_veg': 1.4962361760005485, 'gdp_gamma': 0.03739204623341495, 'cure_k': 0.19244963937841816, 'cure_p_min': 222.79072490921493, 'cure_gpp_ref': 0.14520478015708946, 'cure_agb_crit': 1.6409952958393372, 'fuel_k': 0.12510058245512828, 'fuel_half': 32.94117572125313}. Best is trial 0 with value: -0.6232552202351066.
[I 2026-07-25 00:30:12,093] Trial 95 finished with value: -0.5323020495836115 and parameters: {'k1': 2.5384935358392556e-05, 'D_low': 3.862667408842826, 'k2': 0.006489442826672237, 'D_high': 5248964.506244958, 'fire_exp': 3.614092693081215, 'P_half': 1661.465867734593, 'pre_dampen_half': 295.4243556326587, 'gpp_af': 0.0038082521273328064, 'gpp_b': 0.25371193912627904, 'gpp_d': 0.06061702729326161, 'ign_k': 0.005650485251747178, 'ign_c': 31.6835302820278, 'trop_agb_crit': 12.188344353235843, 'trop_k_veg': 2.570577816482672, 'gdp_gamma': 0.43984013488669627, 'cure_k': 0.3154831213701114, 'cure_p_min': 323.362402176925, 'cure_gpp_ref': 0.20560324828467358, 'cure_agb_crit': 1.3822808938560847, 'fuel_k': 0.04760345406672054, 'fuel_half': 30.977890140174487}. Best is trial 0 with value: -0.6232552202351066.
[I 2026-07-25 00:30:12,535] Trial 96 finished with value: 0.5458378614435538 and parameters: {'k1': 0.00015788559088262687, 'D_low': 4.348557375301072, 'k2': 0.06469160408176039, 'D_high': 2277584.811695869, 'fire_exp': 3.1122778728250937, 'P_half': 185.47418027044642, 'pre_dampen_half': 15.739834708993582, 'gpp_af': 0.001732311319142198, 'gpp_b': 0.1898251163504021, 'gpp_d': 0.19618482221773748, 'ign_k': 0.011961784377387671, 'ign_c': 40.311695426415625, 'trop_agb_crit': 15.188606623307345, 'trop_k_veg': 1.43774319822971, 'gdp_gamma': 1.5231107816446905, 'cure_k': 0.3411282071888631, 'cure_p_min': 311.1237599404614, 'cure_gpp_ref': 0.09632080541041489, 'cure_agb_crit': 1.901833384473598, 'fuel_k': 0.05032382406571398, 'fuel_half': 38.222228114107786}. Best is trial 0 with value: -0.6232552202351066.
[I 2026-07-25 00:30:12,973] Trial 97 finished with value: 0.6298339543109629 and parameters: {'k1': 7.039146955247634e-05, 'D_low': 15.333605731140233, 'k2': 0.0005514066672112868, 'D_high': 91801.36056688924, 'fire_exp': 1.842300610960075, 'P_half': 449.61536136293813, 'pre_dampen_half': 2.4413636152175466, 'gpp_af': 0.001786671875069539, 'gpp_b': 0.0063828869628082775, 'gpp_d': 0.22076476693463062, 'ign_k': 0.010765816093354863, 'ign_c': 93.98732446611753, 'trop_agb_crit': 7.296651146335669, 'trop_k_veg': 4.0620601341157565, 'gdp_gamma': 0.009407575114974911, 'cure_k': 2.6966242107002154, 'cure_p_min': 236.03459322851248, 'cure_gpp_ref': 0.4077173429736648, 'cure_agb_crit': 3.7304330845102256, 'fuel_k': 0.08998860853273281, 'fuel_half': 10.147391073551606}. Best is trial 0 with value: -0.6232552202351066.
[I 2026-07-25 00:30:13,426] Trial 98 finished with value: 0.4611049185385486 and parameters: {'k1': 9.416154541974167e-05, 'D_low': 5.608338796105585, 'k2': 0.0032245270995392016, 'D_high': 471498.1428077404, 'fire_exp': 2.38857479959814, 'P_half': 1879.014596207851, 'pre_dampen_half': 32.98963355207903, 'gpp_af': 0.040163797813919405, 'gpp_b': 0.07337465172666026, 'gpp_d': 1.7759310003895168, 'ign_k': 0.014869250716132182, 'ign_c': 42.222078818951424, 'trop_agb_crit': 11.507945223665013, 'trop_k_veg': 2.900569262391899, 'gdp_gamma': 0.15547778902792445, 'cure_k': 0.6232188756817872, 'cure_p_min': 341.9961398262455, 'cure_gpp_ref': 0.7134965578984711, 'cure_agb_crit': 1.120253532231223, 'fuel_k': 0.2396493249683936, 'fuel_half': 17.00999270872322}. Best is trial 0 with value: -0.6232552202351066.
[I 2026-07-25 00:30:13,865] Trial 99 finished with value: 0.5223538507615642 and parameters: {'k1': 5.5503519651146366e-05, 'D_low': 1.6759758784866177, 'k2': 0.08529806431743936, 'D_high': 1087190.3556316665, 'fire_exp': 2.1189896710461262, 'P_half': 3608.398082837212, 'pre_dampen_half': 816.3792479745307, 'gpp_af': 0.008029365836321276, 'gpp_b': 0.11756364606212846, 'gpp_d': 0.01963536451992853, 'ign_k': 0.013700817931355885, 'ign_c': 44.55965822858345, 'trop_agb_crit': 9.85951755102227, 'trop_k_veg': 4.345567110845258, 'gdp_gamma': 0.4021524426766108, 'cure_k': 0.1900846452663213, 'cure_p_min': 389.6656342907471, 'cure_gpp_ref': 0.15644035992781186, 'cure_agb_crit': 1.387995394603306, 'fuel_k': 0.05322512413033383, 'fuel_half': 40.28827319484281}. Best is trial 0 with value: -0.6232552202351066.
[I 2026-07-25 00:30:14,302] Trial 100 finished with value: 0.5347747025312384 and parameters: {'k1': 5.0957795658197104e-05, 'D_low': 2.420242071354331, 'k2': 1.0970012735390228e-05, 'D_high': 749474.0462279618, 'fire_exp': 3.3033660303019525, 'P_half': 3300.075725490108, 'pre_dampen_half': 5.440086588024626, 'gpp_af': 0.023605512315904537, 'gpp_b': 0.00039198895681545864, 'gpp_d': 0.5059268191713909, 'ign_k': 0.0018944317583474916, 'ign_c': 46.78705251241775, 'trop_agb_crit': 6.06246127963219, 'trop_k_veg': 1.4054833280252863, 'gdp_gamma': 0.08114421341341786, 'cure_k': 0.17147002873867043, 'cure_p_min': 378.6576003626895, 'cure_gpp_ref': 0.4345414399143833, 'cure_agb_crit': 2.524094070485811, 'fuel_k': 0.09810779241260326, 'fuel_half': 32.85240271022277}. Best is trial 0 with value: -0.6232552202351066.
[I 2026-07-25 00:30:14,741] Trial 101 finished with value: -0.5125751134650519 and parameters: {'k1': 1.763183805968512e-05, 'D_low': 3.4702974804022095, 'k2': 0.0022126670065790908, 'D_high': 1041167.9890706382, 'fire_exp': 1.3753803461521832, 'P_half': 5944.101296122677, 'pre_dampen_half': 35.044085290025905, 'gpp_af': 0.0041484417560809, 'gpp_b': 0.0015010820871008323, 'gpp_d': 0.04199604754816515, 'ign_k': 0.007603772440885372, 'ign_c': 495.85808220931955, 'trop_agb_crit': 3.9837137780098937, 'trop_k_veg': 1.8586692470099013, 'gdp_gamma': 0.038063923940466114, 'cure_k': 0.3190905538031611, 'cure_p_min': 316.50614150627854, 'cure_gpp_ref': 0.29529931605092924, 'cure_agb_crit': 1.3643702968811071, 'fuel_k': 0.07549752327289184, 'fuel_half': 0.3697955520095073}. Best is trial 0 with value: -0.6232552202351066.
[I 2026-07-25 00:30:15,200] Trial 102 finished with value: 0.5182088589777601 and parameters: {'k1': 0.00012142268219986979, 'D_low': 9.2898999654258, 'k2': 0.015928058860727828, 'D_high': 3093688.4045068133, 'fire_exp': 1.616998455633761, 'P_half': 2620.932623432646, 'pre_dampen_half': 55.92147846474971, 'gpp_af': 0.0013797777922279909, 'gpp_b': 0.0008405884224334562, 'gpp_d': 0.04257083438486731, 'ign_k': 0.0039050703416584113, 'ign_c': 717.8324637282115, 'trop_agb_crit': 2.041927777333819, 'trop_k_veg': 1.8579422514571793, 'gdp_gamma': 0.06548907605655883, 'cure_k': 1.0885946714281458, 'cure_p_min': 317.8735434800614, 'cure_gpp_ref': 0.20028536774861036, 'cure_agb_crit': 1.067604667080343, 'fuel_k': 0.04765234726236087, 'fuel_half': 0.3393155345148846}. Best is trial 0 with value: -0.6232552202351066.
[I 2026-07-25 00:30:15,688] Trial 103 finished with value: 0.6090179012003512 and parameters: {'k1': 1.3786743585145702e-05, 'D_low': 5.86712717302506, 'k2': 0.0007748375505193651, 'D_high': 5971341.757051452, 'fire_exp': 2.612259578110285, 'P_half': 867.4071841799612, 'pre_dampen_half': 17.62924498703576, 'gpp_af': 0.002978181952578973, 'gpp_b': 0.3002657760243451, 'gpp_d': 0.028807078112866487, 'ign_k': 0.010216395642498356, 'ign_c': 19.838568836405642, 'trop_agb_crit': 19.459357711521328, 'trop_k_veg': 2.64836183267732, 'gdp_gamma': 1.9844139727768617, 'cure_k': 0.5887719338354356, 'cure_p_min': 218.35352276695392, 'cure_gpp_ref': 0.23940882333151978, 'cure_agb_crit': 1.1309837959599016, 'fuel_k': 0.024485258305611424, 'fuel_half': 8.837779260079275}. Best is trial 0 with value: -0.6232552202351066.
[I 2026-07-25 00:30:16,131] Trial 104 finished with value: 0.5873159447397919 and parameters: {'k1': 1.9489802676971117e-05, 'D_low': 1.0561631060034364, 'k2': 5.606277381498067e-05, 'D_high': 11021.846263256832, 'fire_exp': 1.5508880582184543, 'P_half': 3261.6239685836686, 'pre_dampen_half': 21.759281018075836, 'gpp_af': 0.010168153698285524, 'gpp_b': 0.00041931157111408935, 'gpp_d': 0.03169772377794739, 'ign_k': 0.001514478954289332, 'ign_c': 16.66923296631805, 'trop_agb_crit': 6.045789735494832, 'trop_k_veg': 1.819639234335788, 'gdp_gamma': 0.002345774123581785, 'cure_k': 0.02677479019425177, 'cure_p_min': 161.25861308853206, 'cure_gpp_ref': 0.38226277840664824, 'cure_agb_crit': 1.8523635158929135, 'fuel_k': 0.018772654746363814, 'fuel_half': 5.717908965766064}. Best is trial 0 with value: -0.6232552202351066.
[I 2026-07-25 00:30:16,570] Trial 105 finished with value: 0.5954618657554511 and parameters: {'k1': 1.632611392857228e-05, 'D_low': 6.482638086497653, 'k2': 0.0009122183178306021, 'D_high': 1690718.1840204997, 'fire_exp': 1.9793837136692582, 'P_half': 1766.0722050504464, 'pre_dampen_half': 840.2487100078819, 'gpp_af': 0.019709387847956904, 'gpp_b': 0.0035242978326051754, 'gpp_d': 0.04068639656034512, 'ign_k': 0.11044235572915558, 'ign_c': 936.4275624788214, 'trop_agb_crit': 3.965221485176819, 'trop_k_veg': 4.575795652675449, 'gdp_gamma': 0.02213868120343039, 'cure_k': 0.06954011543817695, 'cure_p_min': 388.11507980956844, 'cure_gpp_ref': 0.17746232471586076, 'cure_agb_crit': 1.4273414342869295, 'fuel_k': 0.09690516368148347, 'fuel_half': 0.4750511284663187}. Best is trial 0 with value: -0.6232552202351066.
