[I 2026-06-10 21:20:55,595] Trial 407 finished with values: [-0.5865164930276379, 0.020306458324728993] and parameters: {'k1': 0.012840669372724958, 'D_low': 171.2446447678494, 'k2': 0.0011135501184757278, 'D_high': 42210.21267871043, 'fire_exp': 1.2918065501148304, 'P_half': 61.6097529474144, 'pre_dampen_half': 4.603480758878793, 'gpp_af': 0.016306190741524337, 'gpp_b': 0.0004125336560355494, 'gpp_d': 0.7698760608299932, 'ign_k': 0.0029519227433917453, 'ign_c': 1.9423015749984096, 'trop_agb_crit': 2.0527418919564324, 'trop_k_veg': 2.520089655463604, 'fire_amp': 1.2393473789150806}.
[I 2026-06-10 21:20:57,391] Trial 408 finished with values: [10.830915347346236, 10.830915347346236] and parameters: {'k1': 9.293516267059069e-05, 'D_low': 171.2446447678494, 'k2': 1.1417577140741129e-05, 'D_high': 8912.611835817017, 'fire_exp': 1.633445707733642, 'P_half': 93.43302657318476, 'pre_dampen_half': 0.025594692142876057, 'gpp_af': 3.298293484806585, 'gpp_b': 0.015062722325200045, 'gpp_d': 0.7698760608299932, 'ign_k': 0.09256855841989636, 'ign_c': 14.709699119495124, 'trop_agb_crit': 24.199763404822136, 'trop_k_veg': 0.5450786550840475, 'fire_amp': 1.2393473789150806}.
[I 2026-06-10 21:20:59,372] Trial 409 finished with values: [10.584319975280897, 10.584319975280897] and parameters: {'k1': 0.017276056747028225, 'D_low': 171.2446447678494, 'k2': 2.316457903103837e-05, 'D_high': 42210.21267871043, 'fire_exp': 1.2918065501148304, 'P_half': 10.94496366796197, 'pre_dampen_half': 4.603480758878793, 'gpp_af': 27.448645214004376, 'gpp_b': 0.16285506249643175, 'gpp_d': 0.7698760608299932, 'ign_k': 0.02779045054796808, 'ign_c': 1.9423015749984096, 'trop_agb_crit': 3.5874145253515306, 'trop_k_veg': 2.520089655463604, 'fire_amp': 1.2393473789150806}.
[I 2026-06-10 21:21:01,150] Trial 410 finished with values: [10.380594680228569, 10.380594680228569] and parameters: {'k1': 0.0001887567630782227, 'D_low': 1079.0778643024298, 'k2': 4.933751600448335e-05, 'D_high': 42.242359735170886, 'fire_exp': 1.4690410989404576, 'P_half': 101.40635645866499, 'pre_dampen_half': 903.3231300044874, 'gpp_af': 0.005061568304359487, 'gpp_b': 0.015062722325200045, 'gpp_d': 0.030844007727232167, 'ign_k': 0.8945150807271531, 'ign_c': 1.1698039424426816, 'trop_agb_crit': 8.0091368834625, 'trop_k_veg': 1.6003641872536711, 'fire_amp': 4.2446263054164195}.
[I 2026-06-10 21:21:03,069] Trial 411 finished with values: [10.554386950096221, 10.554386950096221] and parameters: {'k1': 0.016973078532467004, 'D_low': 171.2446447678494, 'k2': 0.0011135501184757278, 'D_high': 42210.21267871043, 'fire_exp': 1.1490848108902036, 'P_half': 8.318314747941244, 'pre_dampen_half': 4.603480758878793, 'gpp_af': 0.016306190741524337, 'gpp_b': 0.0004125336560355494, 'gpp_d': 1.4397852866783676, 'ign_k': 0.0029519227433917453, 'ign_c': 0.9736725715035878, 'trop_agb_crit': 2.0527418919564324, 'trop_k_veg': 3.4439936249445045, 'fire_amp': 1.2393473789150806}.
[I 2026-06-10 21:21:04,896] Trial 412 finished with values: [10.23367712356809, 10.23367712356809] and parameters: {'k1': 0.017276056747028225, 'D_low': 4.346890702031289, 'k2': 1.1417577140741129e-05, 'D_high': 29.126651668813768, 'fire_exp': 1.2918065501148304, 'P_half': 1.4551749476072258, 'pre_dampen_half': 4.603480758878793, 'gpp_af': 27.448645214004376, 'gpp_b': 0.006999112505425414, 'gpp_d': 47.35384181058586, 'ign_k': 0.09256855841989636, 'ign_c': 1.9423015749984096, 'trop_agb_crit': 1.8023542850487386, 'trop_k_veg': 2.520089655463604, 'fire_amp': 1.2393473789150806}.
[I 2026-06-10 21:21:06,724] Trial 413 finished with values: [15.459309732874663, 15.459309732874663] and parameters: {'k1': 0.030699709531122967, 'D_low': 171.2446447678494, 'k2': 7.531057256501231e-05, 'D_high': 42210.21267871043, 'fire_exp': 1.9783727454920947, 'P_half': 1.4551749476072258, 'pre_dampen_half': 30.456909077772018, 'gpp_af': 27.448645214004376, 'gpp_b': 0.006999112505425414, 'gpp_d': 0.7698760608299932, 'ign_k': 0.09256855841989636, 'ign_c': 1.9423015749984096, 'trop_agb_crit': 2.0527418919564324, 'trop_k_veg': 1.6648666152166967, 'fire_amp': 4.2446263054164195}.
[I 2026-06-10 21:21:08,610] Trial 414 finished with values: [-0.3126882353802195, 0.010567357363649221] and parameters: {'k1': 0.017276056747028225, 'D_low': 1739.6167422846984, 'k2': 0.01567230746060024, 'D_high': 44974.07193749848, 'fire_exp': 3.2459542834651627, 'P_half': 101.40635645866499, 'pre_dampen_half': 98.05638874011484, 'gpp_af': 1.7775411110039254, 'gpp_b': 0.16285506249643175, 'gpp_d': 95.2715755007094, 'ign_k': 3.6309591863459096, 'ign_c': 2.2489542843914485, 'trop_agb_crit': 3.5874145253515306, 'trop_k_veg': 0.6488368931910606, 'fire_amp': 2.818314238665462}.
[I 2026-06-10 21:21:10,481] Trial 415 finished with values: [10.12186487126312, 10.12186487126312] and parameters: {'k1': 0.016973078532467004, 'D_low': 148.21691630007544, 'k2': 0.0001016707987819611, 'D_high': 1817.0401889219124, 'fire_exp': 1.5191397119156032, 'P_half': 45.55085098454082, 'pre_dampen_half': 2.736251365128462, 'gpp_af': 20.12115544906385, 'gpp_b': 0.015062722325200045, 'gpp_d': 545.0253444559129, 'ign_k': 0.17320535908244444, 'ign_c': 14.709699119495124, 'trop_agb_crit': 24.199763404822136, 'trop_k_veg': 5.453348988480011, 'fire_amp': 5.44779717154213}.
[I 2026-06-10 21:21:12,370] Trial 416 finished with values: [-0.5746333128596736, 0.016659248706027086] and parameters: {'k1': 0.08006837661379566, 'D_low': 171.2446447678494, 'k2': 0.0011135501184757278, 'D_high': 42210.21267871043, 'fire_exp': 1.2918065501148304, 'P_half': 61.6097529474144, 'pre_dampen_half': 4.603480758878793, 'gpp_af': 0.016306190741524337, 'gpp_b': 0.0004125336560355494, 'gpp_d': 0.7698760608299932, 'ign_k': 0.0029519227433917453, 'ign_c': 2.226297338331262, 'trop_agb_crit': 2.0527418919564324, 'trop_k_veg': 0.828441460847982, 'fire_amp': 1.2393473789150806}.
[I 2026-06-10 21:21:14,287] Trial 417 finished with values: [10.289518442485603, 10.289518442485603] and parameters: {'k1': 0.006079905434073396, 'D_low': 43.2326421037033, 'k2': 8.968733598183248e-05, 'D_high': 24.9899605789089, 'fire_exp': 1.4690410989404576, 'P_half': 12.262543158860007, 'pre_dampen_half': 189.88136301569827, 'gpp_af': 3.298293484806585, 'gpp_b': 0.007579368252801536, 'gpp_d': 0.030844007727232167, 'ign_k': 0.00660597889201953, 'ign_c': 1.4879588507789996, 'trop_agb_crit': 2.1989086830950257, 'trop_k_veg': 1.6648666152166967, 'fire_amp': 2.042193818779288}.
[I 2026-06-10 21:21:16,171] Trial 418 finished with values: [14.100560482158585, 14.100560482158585] and parameters: {'k1': 0.012840669372724958, 'D_low': 171.2446447678494, 'k2': 0.0011135501184757278, 'D_high': 42210.21267871043, 'fire_exp': 1.2918065501148304, 'P_half': 10.94496366796197, 'pre_dampen_half': 4.603480758878793, 'gpp_af': 27.448645214004376, 'gpp_b': 0.00047819318414852577, 'gpp_d': 0.7698760608299932, 'ign_k': 0.02779045054796808, 'ign_c': 1.9423015749984096, 'trop_agb_crit': 2.0527418919564324, 'trop_k_veg': 2.520089655463604, 'fire_amp': 4.1162797330133705}.
[I 2026-06-10 21:21:18,045] Trial 419 finished with values: [10.31300003276157, 10.31300003276157] and parameters: {'k1': 0.00026539376439360527, 'D_low': 43.2326421037033, 'k2': 1.1417577140741129e-05, 'D_high': 42.242359735170886, 'fire_exp': 1.9783727454920947, 'P_half': 157.3644610977214, 'pre_dampen_half': 37.40930273158252, 'gpp_af': 1.9998014714101113, 'gpp_b': 0.006999112505425414, 'gpp_d': 47.35384181058586, 'ign_k': 0.8945150807271531, 'ign_c': 7.832259769732471, 'trop_agb_crit': 1.8023542850487386, 'trop_k_veg': 3.1055119128084763, 'fire_amp': 4.2446263054164195}.
[I 2026-06-10 21:21:20,224] Trial 420 finished with values: [-0.1665858310423883, 0.06790715287054327] and parameters: {'k1': 5.178197947282869e-05, 'D_low': 408.3047491580097, 'k2': 8.968733598183248e-05, 'D_high': 24.9899605789089, 'fire_exp': 1.7505406131449859, 'P_half': 9.580682294110435, 'pre_dampen_half': 189.88136301569827, 'gpp_af': 0.3097266550170567, 'gpp_b': 0.002416023630607169, 'gpp_d': 21.899070557043984, 'ign_k': 0.00660597889201953, 'ign_c': 1.4879588507789996, 'trop_agb_crit': 21.086120736447015, 'trop_k_veg': 0.5183533149347164, 'fire_amp': 1.1655705619308396}.
[I 2026-06-10 21:21:22,098] Trial 421 finished with values: [10.711301124104393, 10.711301124104393] and parameters: {'k1': 0.012840669372724958, 'D_low': 1074.940539517341, 'k2': 0.0002442377596403892, 'D_high': 29.126651668813768, 'fire_exp': 1.6901885781909627, 'P_half': 51.10120656497163, 'pre_dampen_half': 1.8469033699850426, 'gpp_af': 3.298293484806585, 'gpp_b': 0.05719024141066792, 'gpp_d': 20.81401325574021, 'ign_k': 0.17320535908244444, 'ign_c': 7.832259769732471, 'trop_agb_crit': 2.0527418919564324, 'trop_k_veg': 0.5450786550840475, 'fire_amp': 5.416595007374148}.
[I 2026-06-10 21:21:24,225] Trial 422 finished with values: [10.833333189284925, 10.833333189284925] and parameters: {'k1': 0.016973078532467004, 'D_low': 171.2446447678494, 'k2': 0.0010726091927327822, 'D_high': 8912.611835817017, 'fire_exp': 1.6901885781909627, 'P_half': 51.10120656497163, 'pre_dampen_half': 28.01075698398644, 'gpp_af': 1.9998014714101113, 'gpp_b': 0.015062722325200045, 'gpp_d': 5.981605330890935, 'ign_k': 0.17320535908244444, 'ign_c': 75.30210437963517, 'trop_agb_crit': 3.1419938725278875, 'trop_k_veg': 2.520089655463604, 'fire_amp': 1.505817508996859}.
[I 2026-06-10 21:21:26,446] Trial 423 finished with values: [10.24333471053438, 10.24333471053438] and parameters: {'k1': 0.003968136435370146, 'D_low': 1074.940539517341, 'k2': 8.968733598183248e-05, 'D_high': 44974.07193749848, 'fire_exp': 1.4690410989404576, 'P_half': 2757.3353505786354, 'pre_dampen_half': 958.6709783968975, 'gpp_af': 1.7775411110039254, 'gpp_b': 0.16285506249643175, 'gpp_d': 95.2715755007094, 'ign_k': 0.8945150807271531, 'ign_c': 0.13577269394141456, 'trop_agb_crit': 1.3063813396521713, 'trop_k_veg': 0.5183533149347164, 'fire_amp': 2.804180410489304}.
[I 2026-06-10 21:21:28,475] Trial 424 finished with values: [10.81793966197183, 10.81793966197183] and parameters: {'k1': 0.016973078532467004, 'D_low': 2.843767489444367, 'k2': 0.07928164425547335, 'D_high': 29.126651668813768, 'fire_exp': 1.4690410989404576, 'P_half': 399.3031584056686, 'pre_dampen_half': 123.04779330083686, 'gpp_af': 20.12115544906385, 'gpp_b': 0.007579368252801536, 'gpp_d': 0.030844007727232167, 'ign_k': 0.002357279455676982, 'ign_c': 388.02797007866826, 'trop_agb_crit': 1.9712803620877688, 'trop_k_veg': 1.6648666152166967, 'fire_amp': 2.042193818779288}.
[I 2026-06-10 21:21:30,401] Trial 425 finished with values: [10.833333332159754, 10.833333332159754] and parameters: {'k1': 0.017276056747028225, 'D_low': 1739.6167422846984, 'k2': 0.02939607009739149, 'D_high': 42.242359735170886, 'fire_exp': 3.2459542834651627, 'P_half': 84.3508388778244, 'pre_dampen_half': 37.40930273158252, 'gpp_af': 2.5184956910855436, 'gpp_b': 0.00047819318414852577, 'gpp_d': 47.35384181058586, 'ign_k': 0.8945150807271531, 'ign_c': 0.2946000090510885, 'trop_agb_crit': 8.0091368834625, 'trop_k_veg': 0.6108091740265464, 'fire_amp': 1.5587346124822492}.
[I 2026-06-10 21:21:32,296] Trial 426 finished with values: [10.677266521843787, 10.677266521843787] and parameters: {'k1': 5.178197947282869e-05, 'D_low': 171.2446447678494, 'k2': 8.968733598183248e-05, 'D_high': 1817.0401889219124, 'fire_exp': 1.5191397119156032, 'P_half': 45.55085098454082, 'pre_dampen_half': 2.736251365128462, 'gpp_af': 5.470750401264765, 'gpp_b': 0.004411400434514031, 'gpp_d': 545.0253444559129, 'ign_k': 0.004105873950290761, 'ign_c': 1.4879588507789996, 'trop_agb_crit': 5.588032458772675, 'trop_k_veg': 0.5443513380244235, 'fire_amp': 1.2393473789150806}.
[I 2026-06-10 21:21:34,444] Trial 427 finished with values: [13.910321712825521, 13.910321712825521] and parameters: {'k1': 0.012840669372724958, 'D_low': 171.2446447678494, 'k2': 2.316457903103837e-05, 'D_high': 42210.21267871043, 'fire_exp': 1.2918065501148304, 'P_half': 10.94496366796197, 'pre_dampen_half': 189.36639872354493, 'gpp_af': 3.298293484806585, 'gpp_b': 0.0004125336560355494, 'gpp_d': 0.7698760608299932, 'ign_k': 0.010733257635049785, 'ign_c': 7.832259769732471, 'trop_agb_crit': 2.0527418919564324, 'trop_k_veg': 2.520089655463604, 'fire_amp': 1.2393473789150806}.
[I 2026-06-10 21:21:36,528] Trial 428 finished with values: [10.833333332159754, 10.833333332159754] and parameters: {'k1': 0.017276056747028225, 'D_low': 1739.6167422846984, 'k2': 0.02939607009739149, 'D_high': 708.7479683081002, 'fire_exp': 3.2459542834651627, 'P_half': 101.40635645866499, 'pre_dampen_half': 98.05638874011484, 'gpp_af': 1.7775411110039254, 'gpp_b': 0.16285506249643175, 'gpp_d': 95.2715755007094, 'ign_k': 3.6309591863459096, 'ign_c': 2.2489542843914485, 'trop_agb_crit': 3.5874145253515306, 'trop_k_veg': 0.6488368931910606, 'fire_amp': 2.818314238665462}.
[I 2026-06-10 21:21:38,395] Trial 429 finished with values: [10.100228829116345, 10.100228829116345] and parameters: {'k1': 0.012840669372724958, 'D_low': 1.4002277211577039, 'k2': 0.0010726091927327822, 'D_high': 42.242359735170886, 'fire_exp': 1.1633452995374232, 'P_half': 1265.0580856641704, 'pre_dampen_half': 28.01075698398644, 'gpp_af': 21.94636142065287, 'gpp_b': 0.004411400434514031, 'gpp_d': 1.0088237648985734, 'ign_k': 0.17320535908244444, 'ign_c': 0.1611736893633666, 'trop_agb_crit': 1.8566494291193822, 'trop_k_veg': 2.520089655463604, 'fire_amp': 5.44779717154213}.
[I 2026-06-10 21:21:40,452] Trial 430 finished with values: [10.303501017955261, 10.303501017955261] and parameters: {'k1': 0.016973078532467004, 'D_low': 24.28756508761176, 'k2': 0.0002442377596403892, 'D_high': 42.242359735170886, 'fire_exp': 1.7792742686803427, 'P_half': 51.10120656497163, 'pre_dampen_half': 1.8469033699850426, 'gpp_af': 20.12115544906385, 'gpp_b': 0.015062722325200045, 'gpp_d': 20.81401325574021, 'ign_k': 0.8103567967717594, 'ign_c': 3.4321391362415827, 'trop_agb_crit': 24.199763404822136, 'trop_k_veg': 3.9199250904984653, 'fire_amp': 5.416595007374148}.
[I 2026-06-10 21:21:42,550] Trial 431 finished with values: [14.823317203031532, 14.823317203031532] and parameters: {'k1': 0.004467752817973905, 'D_low': 17.65404805249507, 'k2': 5.153993511603138e-05, 'D_high': 8912.611835817017, 'fire_exp': 1.3807440352456883, 'P_half': 93.43302657318476, 'pre_dampen_half': 269.0845367054866, 'gpp_af': 20.12115544906385, 'gpp_b': 0.015062722325200045, 'gpp_d': 1.3411170141333262, 'ign_k': 0.17320535908244444, 'ign_c': 14.709699119495124, 'trop_agb_crit': 3.1419938725278875, 'trop_k_veg': 5.453348988480011, 'fire_amp': 5.606809127618709}.
[I 2026-06-10 21:21:44,644] Trial 432 finished with values: [10.69708987369, 10.69708987369] and parameters: {'k1': 0.0001887567630782227, 'D_low': 1739.6167422846984, 'k2': 1.1417577140741129e-05, 'D_high': 69868.4759244566, 'fire_exp': 1.111738490499784, 'P_half': 45.55085098454082, 'pre_dampen_half': 2.736251365128462, 'gpp_af': 29.700320404259642, 'gpp_b': 0.010307896803108956, 'gpp_d': 545.0253444559129, 'ign_k': 3.6309591863459096, 'ign_c': 0.7619822175388142, 'trop_agb_crit': 8.74479618932312, 'trop_k_veg': 6.030247256556128, 'fire_amp': 1.5719333351012774}.
[I 2026-06-10 21:21:46,516] Trial 433 finished with values: [10.457190431654908, 10.457190431654908] and parameters: {'k1': 0.016973078532467004, 'D_low': 50.32059347286801, 'k2': 0.00024195799118138832, 'D_high': 2427.054417940131, 'fire_exp': 3.150954985759691, 'P_half': 2.226799690893868, 'pre_dampen_half': 189.88136301569827, 'gpp_af': 0.8594202650742228, 'gpp_b': 1.1008110571039521e-05, 'gpp_d': 2.5450745565416026, 'ign_k': 0.0032383308053152635, 'ign_c': 0.1611736893633666, 'trop_agb_crit': 21.086120736447015, 'trop_k_veg': 0.5183533149347164, 'fire_amp': 1.1655705619308396}.
[I 2026-06-10 21:21:48,338] Trial 434 finished with values: [12.789081959563813, 12.789081959563813] and parameters: {'k1': 0.016973078532467004, 'D_low': 50.32059347286801, 'k2': 8.968733598183248e-05, 'D_high': 42210.21267871043, 'fire_exp': 3.150954985759691, 'P_half': 61.6097529474144, 'pre_dampen_half': 189.88136301569827, 'gpp_af': 0.8594202650742228, 'gpp_b': 1.1008110571039521e-05, 'gpp_d': 0.7698760608299932, 'ign_k': 0.13500744867919376, 'ign_c': 1.9423015749984096, 'trop_agb_crit': 2.0527418919564324, 'trop_k_veg': 2.520089655463604, 'fire_amp': 1.1655705619308396}.
[I 2026-06-10 21:21:50,221] Trial 435 finished with values: [10.833333332159754, 10.833333332159754] and parameters: {'k1': 5.7909642338812115e-05, 'D_low': 30.489833442275348, 'k2': 0.00037358626308127543, 'D_high': 8912.611835817017, 'fire_exp': 3.2459542834651627, 'P_half': 8924.795116437426, 'pre_dampen_half': 98.05638874011484, 'gpp_af': 0.015627364027979502, 'gpp_b': 2.176805640408474e-05, 'gpp_d': 95.2715755007094, 'ign_k': 3.6309591863459096, 'ign_c': 39.52220881906114, 'trop_agb_crit': 12.647327018493208, 'trop_k_veg': 0.6488368931910606, 'fire_amp': 3.1045399027418377}.
[I 2026-06-10 21:21:52,216] Trial 436 finished with values: [-0.23657072157331263, 0.01844224065082345] and parameters: {'k1': 0.017276056747028225, 'D_low': 1739.6167422846984, 'k2': 0.02939607009739149, 'D_high': 44974.07193749848, 'fire_exp': 1.2918065501148304, 'P_half': 9.580682294110435, 'pre_dampen_half': 4.603480758878793, 'gpp_af': 1.7775411110039254, 'gpp_b': 0.16285506249643175, 'gpp_d': 95.2715755007094, 'ign_k': 3.6309591863459096, 'ign_c': 1.1698039424426816, 'trop_agb_crit': 3.5874145253515306, 'trop_k_veg': 0.6488368931910606, 'fire_amp': 2.818314238665462}.
[I 2026-06-10 21:21:54,358] Trial 437 finished with values: [18.874718918205307, 18.874718918205307] and parameters: {'k1': 5.178197947282869e-05, 'D_low': 171.2446447678494, 'k2': 0.0002442377596403892, 'D_high': 8912.611835817017, 'fire_exp': 1.6901885781909627, 'P_half': 51.10120656497163, 'pre_dampen_half': 189.88136301569827, 'gpp_af': 5.470750401264765, 'gpp_b': 0.002416023630607169, 'gpp_d': 20.81401325574021, 'ign_k': 0.17320535908244444, 'ign_c': 14.709699119495124, 'trop_agb_crit': 24.199763404822136, 'trop_k_veg': 5.453348988480011, 'fire_amp': 5.416595007374148}.
[I 2026-06-10 21:21:56,204] Trial 438 finished with values: [10.606541793185562, 10.606541793185562] and parameters: {'k1': 0.012840669372724958, 'D_low': 37.13474360443033, 'k2': 0.0010726091927327822, 'D_high': 42.242359735170886, 'fire_exp': 1.7792742686803427, 'P_half': 157.3644610977214, 'pre_dampen_half': 37.40930273158252, 'gpp_af': 5.470750401264765, 'gpp_b': 2.176805640408474e-05, 'gpp_d': 0.1448983619020909, 'ign_k': 0.8945150807271531, 'ign_c': 0.1611736893633666, 'trop_agb_crit': 3.1419938725278875, 'trop_k_veg': 2.520089655463604, 'fire_amp': 1.7912500010961188}.
[I 2026-06-10 21:21:58,037] Trial 439 finished with values: [12.380780245267768, 12.380780245267768] and parameters: {'k1': 5.7909642338812115e-05, 'D_low': 148.21691630007544, 'k2': 0.0001016707987819611, 'D_high': 42210.21267871043, 'fire_exp': 1.5191397119156032, 'P_half': 45.55085098454082, 'pre_dampen_half': 4.603480758878793, 'gpp_af': 27.448645214004376, 'gpp_b': 0.00047819318414852577, 'gpp_d': 545.0253444559129, 'ign_k': 0.004105873950290761, 'ign_c': 0.7619822175388142, 'trop_agb_crit': 2.0527418919564324, 'trop_k_veg': 0.5588127200017643, 'fire_amp': 5.44779717154213}.
[I 2026-06-10 21:22:00,262] Trial 440 finished with values: [10.152057039020258, 10.152057039020258] and parameters: {'k1': 0.006079905434073396, 'D_low': 1074.940539517341, 'k2': 1.1417577140741129e-05, 'D_high': 949.9072859745386, 'fire_exp': 1.111738490499784, 'P_half': 157.80309954142965, 'pre_dampen_half': 903.3231300044874, 'gpp_af': 21.635028947225102, 'gpp_b': 0.006999112505425414, 'gpp_d': 0.030844007727232167, 'ign_k': 0.09256855841989636, 'ign_c': 7.832259769732471, 'trop_agb_crit': 2.1989086830950257, 'trop_k_veg': 1.6648666152166967, 'fire_amp': 2.042193818779288}.
[I 2026-06-10 21:22:02,725] Trial 441 finished with values: [10.187820398675292, 10.187820398675292] and parameters: {'k1': 0.0020639617012599225, 'D_low': 1739.6167422846984, 'k2': 0.0002442377596403892, 'D_high': 27.55546207779663, 'fire_exp': 1.2918065501148304, 'P_half': 7.914423612155368, 'pre_dampen_half': 123.04779330083686, 'gpp_af': 27.448645214004376, 'gpp_b': 0.015062722325200045, 'gpp_d': 21.899070557043984, 'ign_k': 3.6309591863459096, 'ign_c': 1.9423015749984096, 'trop_agb_crit': 3.5874145253515306, 'trop_k_veg': 1.2749676887479542, 'fire_amp': 1.2393473789150806}.
[I 2026-06-10 21:22:04,492] Trial 442 finished with values: [10.408993589386263, 10.408993589386263] and parameters: {'k1': 0.016973078532467004, 'D_low': 171.2446447678494, 'k2': 0.0011135501184757278, 'D_high': 27.55546207779663, 'fire_exp': 1.6901885781909627, 'P_half': 61.6097529474144, 'pre_dampen_half': 123.04779330083686, 'gpp_af': 20.12115544906385, 'gpp_b': 0.015062722325200045, 'gpp_d': 20.81401325574021, 'ign_k': 0.05681482545113266, 'ign_c': 1.9423015749984096, 'trop_agb_crit': 2.0527418919564324, 'trop_k_veg': 1.2749676887479542, 'fire_amp': 1.2393473789150806}.
[I 2026-06-10 21:22:06,349] Trial 443 finished with values: [10.106134651089194, 10.106134651089194] and parameters: {'k1': 5.7909642338812115e-05, 'D_low': 148.21691630007544, 'k2': 0.0001016707987819611, 'D_high': 42210.21267871043, 'fire_exp': 1.2918065501148304, 'P_half': 45.55085098454082, 'pre_dampen_half': 2.736251365128462, 'gpp_af': 27.448645214004376, 'gpp_b': 0.22467045378719658, 'gpp_d': 545.0253444559129, 'ign_k': 0.02779045054796808, 'ign_c': 1.9423015749984096, 'trop_agb_crit': 5.588032458772675, 'trop_k_veg': 2.520089655463604, 'fire_amp': 1.2393473789150806}.
