[I 2026-07-24 02:09:36,289] Trial 480 finished with value: 0.5988979564591616 and parameters: {'k1': 0.0001833443295231144, 'D_low': 14199.711425694733, 'k2': 0.004098902963749422, 'D_high': 5186.029500653106, 'fire_exp': 1.3745621293798191, 'P_half': 22.778654800350605, 'pre_dampen_half': 1.3375295780116325, 'gpp_af': 0.05457735177724439, 'gpp_b': 4.375538728755802e-05, 'gpp_d': 0.12421208152718148, 'ign_k': 0.0010749021265291537, 'ign_c': 47.86990396058137, 'trop_agb_crit': 9.992697638253702, 'trop_k_veg': 4.385213630182153, 'gdp_gamma': 1.5057406048774196, 'fuel_k': 0.10143540828907369, 'fuel_half': 17.355347956410913}. Best is trial 335 with value: -0.6233152110406992.
[I 2026-07-24 02:09:36,743] Trial 481 finished with value: -0.5513914698202228 and parameters: {'k1': 0.0014162935053080522, 'D_low': 75.2849064716841, 'k2': 0.003537971744469051, 'D_high': 726366.394516592, 'fire_exp': 1.4158947375199757, 'P_half': 56.94677821067863, 'pre_dampen_half': 473.55356117223414, 'gpp_af': 0.004276247683111719, 'gpp_b': 0.0024534550962803645, 'gpp_d': 1.0402685611234896, 'ign_k': 0.008345027157855012, 'ign_c': 83.83152997863905, 'trop_agb_crit': 17.272296469876792, 'trop_k_veg': 3.004969338793246, 'gdp_gamma': 0.502852518460024, 'fuel_k': 0.053102463828101666, 'fuel_half': 32.72418809538327}. Best is trial 335 with value: -0.6233152110406992.
[I 2026-07-24 02:09:37,190] Trial 482 finished with value: 0.6004822270116718 and parameters: {'k1': 0.017188863232264998, 'D_low': 3.94050371872245, 'k2': 0.011181329291568632, 'D_high': 88819.00711007466, 'fire_exp': 1.674784529640553, 'P_half': 72.74773696629453, 'pre_dampen_half': 85.46885558948838, 'gpp_af': 0.0011196990400215714, 'gpp_b': 0.0002057689906143993, 'gpp_d': 0.7015936811340365, 'ign_k': 0.020547148236926285, 'ign_c': 305.63640018904795, 'trop_agb_crit': 19.38679380920111, 'trop_k_veg': 0.7231171019316838, 'gdp_gamma': 1.1748622209611537, 'fuel_k': 0.2640964708794173, 'fuel_half': 52.52801503253677}. Best is trial 335 with value: -0.6233152110406992.
[I 2026-07-24 02:09:37,633] Trial 483 finished with value: 0.554471885046534 and parameters: {'k1': 1.6088572162743148e-05, 'D_low': 10.451146730736042, 'k2': 7.578464363831381e-05, 'D_high': 437645.2728217538, 'fire_exp': 1.0248465146370933, 'P_half': 1.1976501897379785, 'pre_dampen_half': 0.14165526337769765, 'gpp_af': 0.19592209714218112, 'gpp_b': 0.0025324612661487464, 'gpp_d': 0.23726784500626652, 'ign_k': 0.001104656057000244, 'ign_c': 561.2897171482152, 'trop_agb_crit': 14.37006126528989, 'trop_k_veg': 1.348712405768669, 'gdp_gamma': 0.19119696215323345, 'fuel_k': 0.7490801761766264, 'fuel_half': 89.30695216228644}. Best is trial 335 with value: -0.6233152110406992.
[I 2026-07-24 02:09:38,085] Trial 484 finished with value: 0.5983757090142927 and parameters: {'k1': 0.004563847575641867, 'D_low': 116.47625810135644, 'k2': 0.0112858102833056, 'D_high': 871016.438795783, 'fire_exp': 1.6434233678756296, 'P_half': 33.79923838249943, 'pre_dampen_half': 120.56028185461778, 'gpp_af': 0.04088773346853824, 'gpp_b': 9.874486850436499e-05, 'gpp_d': 102.70680943339636, 'ign_k': 0.036944763201059556, 'ign_c': 196.256155636017, 'trop_agb_crit': 10.859396333869855, 'trop_k_veg': 0.5447624303457236, 'gdp_gamma': 1.005687223631093, 'fuel_k': 0.03237324070360903, 'fuel_half': 71.3075638520178}. Best is trial 335 with value: -0.6233152110406992.
[I 2026-07-24 02:09:38,530] Trial 485 finished with value: 0.48979633512141585 and parameters: {'k1': 0.0002247825706040127, 'D_low': 5.368678546010202, 'k2': 0.04157467114071402, 'D_high': 1958432.2513828564, 'fire_exp': 1.6537917035910534, 'P_half': 31.01945894266191, 'pre_dampen_half': 941.3508962434777, 'gpp_af': 0.11675145548686261, 'gpp_b': 0.0009409499254054409, 'gpp_d': 19.264179967307456, 'ign_k': 0.0034572413100955298, 'ign_c': 8.805224391322314, 'trop_agb_crit': 7.1222016956607765, 'trop_k_veg': 0.6094355126897405, 'gdp_gamma': 0.690066846980717, 'fuel_k': 0.1211998748113338, 'fuel_half': 63.13978786649815}. Best is trial 335 with value: -0.6233152110406992.
[I 2026-07-24 02:09:38,985] Trial 486 finished with value: 0.5828353768942056 and parameters: {'k1': 0.03301787474123939, 'D_low': 34.783774033961976, 'k2': 0.008196949758086734, 'D_high': 261763.18592642856, 'fire_exp': 2.3577139301607426, 'P_half': 775.7249695649133, 'pre_dampen_half': 7.248072776371521, 'gpp_af': 0.006876336058380049, 'gpp_b': 7.469805161340118e-05, 'gpp_d': 4.205676975023284, 'ign_k': 0.003512626012756458, 'ign_c': 290.1010509276513, 'trop_agb_crit': 5.815012373965104, 'trop_k_veg': 2.5153266258098887, 'gdp_gamma': 0.023781333119673953, 'fuel_k': 0.02824349762814164, 'fuel_half': 1.4091045969304075}. Best is trial 335 with value: -0.6233152110406992.
[I 2026-07-24 02:09:39,435] Trial 487 finished with value: 0.5834443260574657 and parameters: {'k1': 0.033038433078604476, 'D_low': 488.97483058134173, 'k2': 0.0018633407871593128, 'D_high': 468649.5781639794, 'fire_exp': 1.8481183504901955, 'P_half': 4.066294906458206, 'pre_dampen_half': 0.14577019611902187, 'gpp_af': 29.75882411879322, 'gpp_b': 0.12924348081466816, 'gpp_d': 925.0805750786436, 'ign_k': 0.015220049596608316, 'ign_c': 283.3020263220743, 'trop_agb_crit': 2.064525090446062, 'trop_k_veg': 1.4996972108215212, 'gdp_gamma': 0.2615642166384297, 'fuel_k': 1.022142866990684, 'fuel_half': 5.2347409996047425}. Best is trial 335 with value: -0.6233152110406992.
[I 2026-07-24 02:09:39,883] Trial 488 finished with value: 0.6009586048413952 and parameters: {'k1': 0.0013447090386567873, 'D_low': 54.113579832863486, 'k2': 0.007334952859468376, 'D_high': 44664.232248710054, 'fire_exp': 1.3436292176525342, 'P_half': 1.2646976940790349, 'pre_dampen_half': 82.51012928888856, 'gpp_af': 0.016070611932305214, 'gpp_b': 0.006952139845969824, 'gpp_d': 0.20918245850685502, 'ign_k': 0.01001189201243333, 'ign_c': 618.3128681996736, 'trop_agb_crit': 9.120731845912005, 'trop_k_veg': 1.90661544164367, 'gdp_gamma': 1.0399028255626175, 'fuel_k': 0.1997070743381502, 'fuel_half': 61.211082123008}. Best is trial 335 with value: -0.6233152110406992.
[I 2026-07-24 02:09:40,330] Trial 489 finished with value: 0.5933227167801601 and parameters: {'k1': 1.357298238217287e-05, 'D_low': 4.0189197330982385, 'k2': 0.01818009137100768, 'D_high': 1051002.926885973, 'fire_exp': 1.6030618344481526, 'P_half': 324.6004202844143, 'pre_dampen_half': 170.13691510092443, 'gpp_af': 0.18965328297914644, 'gpp_b': 0.0013992167301793458, 'gpp_d': 0.021129109443615516, 'ign_k': 0.001861454872294772, 'ign_c': 0.7497081611998685, 'trop_agb_crit': 23.044948344333214, 'trop_k_veg': 0.9047341142897551, 'gdp_gamma': 0.4884630985999209, 'fuel_k': 0.3272292158856557, 'fuel_half': 13.96928881227246}. Best is trial 335 with value: -0.6233152110406992.
[I 2026-07-24 02:09:40,784] Trial 490 finished with value: 0.4454760599000658 and parameters: {'k1': 0.00016828123504258367, 'D_low': 6.304244145242658, 'k2': 0.007463883277316585, 'D_high': 389506.5614883976, 'fire_exp': 4.809989622830496, 'P_half': 33.88992424830449, 'pre_dampen_half': 79.70197792498573, 'gpp_af': 0.01250339749573561, 'gpp_b': 1.447148708710895e-05, 'gpp_d': 16.677382580764164, 'ign_k': 0.041891779035860124, 'ign_c': 3.8509987421593106, 'trop_agb_crit': 4.49818561663781, 'trop_k_veg': 1.1800471935669312, 'gdp_gamma': 0.004096030861194232, 'fuel_k': 4.987714666754637, 'fuel_half': 0.2353477952091711}. Best is trial 335 with value: -0.6233152110406992.
[I 2026-07-24 02:09:41,232] Trial 491 finished with value: 0.563853619460809 and parameters: {'k1': 0.0021947024524134134, 'D_low': 282.872235820223, 'k2': 0.0006650610615175005, 'D_high': 607671.058218205, 'fire_exp': 2.5680992792912205, 'P_half': 2.512224744780663, 'pre_dampen_half': 1.8016889712562454, 'gpp_af': 0.007373501679830213, 'gpp_b': 0.0003603356887341498, 'gpp_d': 19.659840046046064, 'ign_k': 0.0019450491666620656, 'ign_c': 463.8526814072568, 'trop_agb_crit': 2.2730060637948037, 'trop_k_veg': 2.259130896793227, 'gdp_gamma': 1.5983847581462967, 'fuel_k': 0.10533901703027133, 'fuel_half': 41.685138505662145}. Best is trial 335 with value: -0.6233152110406992.
[I 2026-07-24 02:09:41,677] Trial 492 finished with value: 0.5654238274312082 and parameters: {'k1': 5.499631399816125e-05, 'D_low': 1.331198842482542, 'k2': 6.750796549217674e-05, 'D_high': 5761344.19184043, 'fire_exp': 2.5329533437262435, 'P_half': 3.2779488964357104, 'pre_dampen_half': 140.60930964267973, 'gpp_af': 0.03191303526975876, 'gpp_b': 1.2828221334536641e-05, 'gpp_d': 83.2068970624999, 'ign_k': 0.00186458636806247, 'ign_c': 403.78972937837267, 'trop_agb_crit': 5.965530942731504, 'trop_k_veg': 1.4345642863403243, 'gdp_gamma': 0.36255895418804496, 'fuel_k': 0.012566825869230417, 'fuel_half': 5.913058864879372}. Best is trial 335 with value: -0.6233152110406992.
[I 2026-07-24 02:09:42,126] Trial 493 finished with value: 0.4861737200539039 and parameters: {'k1': 0.04632033750894692, 'D_low': 2647.4240201070525, 'k2': 0.0001982678331292685, 'D_high': 360763.5158103926, 'fire_exp': 2.215597900288271, 'P_half': 1.3016886947779174, 'pre_dampen_half': 0.11521845922417238, 'gpp_af': 12.382498405375644, 'gpp_b': 0.03340050358106188, 'gpp_d': 58.62374932475349, 'ign_k': 0.004776923416438933, 'ign_c': 0.5413838625919125, 'trop_agb_crit': 1.741328395220436, 'trop_k_veg': 1.9241661585955563, 'gdp_gamma': 1.4322779395764422, 'fuel_k': 0.9916538854662165, 'fuel_half': 83.73773672749505}. Best is trial 335 with value: -0.6233152110406992.
[I 2026-07-24 02:09:42,575] Trial 494 finished with value: 0.6098956632755348 and parameters: {'k1': 0.03177362933103005, 'D_low': 1811.0714300253046, 'k2': 0.0005939537079938889, 'D_high': 3663.666431652204, 'fire_exp': 2.8036170431279004, 'P_half': 70.26992169956323, 'pre_dampen_half': 5.860817975129847, 'gpp_af': 0.41120349846611015, 'gpp_b': 0.00015485194894464043, 'gpp_d': 0.1782303740479566, 'ign_k': 0.02170949127882, 'ign_c': 0.8840394138057365, 'trop_agb_crit': 25.806185099418332, 'trop_k_veg': 0.9620195193187777, 'gdp_gamma': 1.731482087850138, 'fuel_k': 0.39765667333085003, 'fuel_half': 63.999950272970494}. Best is trial 335 with value: -0.6233152110406992.
[I 2026-07-24 02:09:43,019] Trial 495 finished with value: -0.5933500212714062 and parameters: {'k1': 0.00023420585175778008, 'D_low': 1225.9251567121746, 'k2': 0.010790521425014894, 'D_high': 292074.093637543, 'fire_exp': 2.8302124551239634, 'P_half': 139.74505527824795, 'pre_dampen_half': 811.4623058677594, 'gpp_af': 1.1965634364445354, 'gpp_b': 0.04489410714882435, 'gpp_d': 110.17757665567419, 'ign_k': 0.011010381005078345, 'ign_c': 0.1785632997072328, 'trop_agb_crit': 16.062265122529872, 'trop_k_veg': 5.955834225604702, 'gdp_gamma': 0.924997911197153, 'fuel_k': 0.05069126582471786, 'fuel_half': 73.56531072905229}. Best is trial 335 with value: -0.6233152110406992.
[I 2026-07-24 02:09:43,468] Trial 496 finished with value: 0.5981736184965055 and parameters: {'k1': 0.00025289848245874406, 'D_low': 515.7179846240101, 'k2': 0.015876429209778928, 'D_high': 80939.30715276334, 'fire_exp': 8.197545303788626, 'P_half': 269.6425107205983, 'pre_dampen_half': 18.5601639287643, 'gpp_af': 0.017179894805709115, 'gpp_b': 0.017571238214916764, 'gpp_d': 6.01184501552212, 'ign_k': 0.16543400577749406, 'ign_c': 4.189801599268627, 'trop_agb_crit': 19.056084655728856, 'trop_k_veg': 1.6502070400413458, 'gdp_gamma': 0.002815519715649245, 'fuel_k': 1.3899890848580092, 'fuel_half': 0.18751874748541883}. Best is trial 335 with value: -0.6233152110406992.
[I 2026-07-24 02:09:43,925] Trial 497 finished with value: 0.6139771120284477 and parameters: {'k1': 0.00016118124985000745, 'D_low': 13224.328908282978, 'k2': 0.013252558152517371, 'D_high': 276174.83111064136, 'fire_exp': 4.722532458676775, 'P_half': 360.9692435620061, 'pre_dampen_half': 279.6688282352788, 'gpp_af': 1.9157247880747672, 'gpp_b': 0.4765092325528562, 'gpp_d': 4.72416708647901, 'ign_k': 0.004675990584856685, 'ign_c': 0.3914173217169544, 'trop_agb_crit': 13.149773251179877, 'trop_k_veg': 7.45826908798656, 'gdp_gamma': 1.5944779514777305, 'fuel_k': 0.03927590052650444, 'fuel_half': 10.172976644229994}. Best is trial 335 with value: -0.6233152110406992.
[I 2026-07-24 02:09:44,374] Trial 498 finished with value: -0.5646260502270302 and parameters: {'k1': 2.7570002070124178e-05, 'D_low': 506.355636805846, 'k2': 0.0028001832345901354, 'D_high': 9501044.0513878, 'fire_exp': 1.5115586367951652, 'P_half': 73.69210176118652, 'pre_dampen_half': 14.13568662332355, 'gpp_af': 0.016049333929709617, 'gpp_b': 4.9855116484977184e-05, 'gpp_d': 0.6880850612068256, 'ign_k': 0.002034509471922002, 'ign_c': 10.469241084620279, 'trop_agb_crit': 16.036041067443474, 'trop_k_veg': 2.536897377229261, 'gdp_gamma': 0.32183884543963415, 'fuel_k': 1.0608041089302078, 'fuel_half': 26.719858192394284}. Best is trial 335 with value: -0.6233152110406992.
[I 2026-07-24 02:09:44,822] Trial 499 finished with value: -0.6127163392976651 and parameters: {'k1': 2.8875962922252816e-05, 'D_low': 102.93697341870647, 'k2': 0.057267450908915954, 'D_high': 4660076.254988098, 'fire_exp': 1.0970646701527023, 'P_half': 43.715342853667124, 'pre_dampen_half': 0.5125245578291526, 'gpp_af': 0.1313757065160187, 'gpp_b': 0.0002097612356920443, 'gpp_d': 1.1795642628953051, 'ign_k': 0.0731775741975264, 'ign_c': 5.540782832332549, 'trop_agb_crit': 21.207251114034214, 'trop_k_veg': 0.5583543364181685, 'gdp_gamma': 0.4743548791156539, 'fuel_k': 0.5421903921397319, 'fuel_half': 42.853257112775495}. Best is trial 335 with value: -0.6233152110406992.
[I 2026-07-24 02:09:45,273] Trial 500 finished with value: -0.5082519076695817 and parameters: {'k1': 0.056203869858187504, 'D_low': 201.8844051177002, 'k2': 0.003054133032745719, 'D_high': 6833.224691103662, 'fire_exp': 1.0595674304104081, 'P_half': 1.6648025781441644, 'pre_dampen_half': 6.952030883667983, 'gpp_af': 0.2775587021644402, 'gpp_b': 0.012362048584089451, 'gpp_d': 34.365189881712, 'ign_k': 0.0023943952113556176, 'ign_c': 9.61632930954198, 'trop_agb_crit': 3.359799205745366, 'trop_k_veg': 0.5211112873732349, 'gdp_gamma': 0.5067384205127992, 'fuel_k': 0.7282023254348375, 'fuel_half': 17.307734262888655}. Best is trial 335 with value: -0.6233152110406992.
[I 2026-07-24 02:09:45,721] Trial 501 finished with value: -0.5954587285201184 and parameters: {'k1': 0.00465321037355145, 'D_low': 3676.812051450869, 'k2': 0.02891911044337674, 'D_high': 205853.22873657956, 'fire_exp': 1.8869025375192263, 'P_half': 214.37433228580394, 'pre_dampen_half': 1.6363462484769808, 'gpp_af': 0.12291647882620332, 'gpp_b': 1.2008356712052728e-05, 'gpp_d': 296.89398916352724, 'ign_k': 0.003907861338113732, 'ign_c': 0.2309005882632035, 'trop_agb_crit': 17.388612815654103, 'trop_k_veg': 2.0120536233020916, 'gdp_gamma': 1.7421089482132435, 'fuel_k': 0.13396609059608566, 'fuel_half': 8.173594893919498}. Best is trial 335 with value: -0.6233152110406992.
[I 2026-07-24 02:09:46,175] Trial 502 finished with value: 0.6105060054307512 and parameters: {'k1': 0.004667080871577762, 'D_low': 42477.211556294715, 'k2': 0.00481578742240085, 'D_high': 452059.39421004365, 'fire_exp': 1.5994679147211992, 'P_half': 4147.954448108766, 'pre_dampen_half': 1.0570934233299818, 'gpp_af': 0.04933476939048853, 'gpp_b': 1.5425937251937582e-05, 'gpp_d': 137.81619331891807, 'ign_k': 0.016760507033667334, 'ign_c': 0.3683123381582963, 'trop_agb_crit': 6.022417535261558, 'trop_k_veg': 1.6737832938324162, 'gdp_gamma': 0.3510572430479902, 'fuel_k': 0.10056616505946024, 'fuel_half': 7.209905253681346}. Best is trial 335 with value: -0.6233152110406992.
[I 2026-07-24 02:09:46,625] Trial 503 finished with value: 0.46663921764467353 and parameters: {'k1': 0.0005407637280606379, 'D_low': 670.0437814502839, 'k2': 0.06574029076013671, 'D_high': 6090435.943229583, 'fire_exp': 2.8939442793276426, 'P_half': 85.89466404842372, 'pre_dampen_half': 76.01272673513571, 'gpp_af': 0.01657921504428737, 'gpp_b': 0.0001435655559095898, 'gpp_d': 0.06180983256830183, 'ign_k': 0.001238573111240022, 'ign_c': 2.968106158929258, 'trop_agb_crit': 8.676553691348976, 'trop_k_veg': 0.9820528556878633, 'gdp_gamma': 0.9898908795794136, 'fuel_k': 0.6621547066190147, 'fuel_half': 12.357668979642172}. Best is trial 335 with value: -0.6233152110406992.
[I 2026-07-24 02:09:47,087] Trial 504 finished with value: 0.5837973621694115 and parameters: {'k1': 0.03619918830083817, 'D_low': 42016.68682772263, 'k2': 7.80398900995265e-05, 'D_high': 2019436.4293231769, 'fire_exp': 2.99567649868408, 'P_half': 20.983109151317556, 'pre_dampen_half': 13.426015272488044, 'gpp_af': 0.0016339935218355498, 'gpp_b': 0.000165286994557944, 'gpp_d': 19.52289851043007, 'ign_k': 0.32087402910133433, 'ign_c': 0.744837224628846, 'trop_agb_crit': 18.751750212930624, 'trop_k_veg': 0.8161779474650631, 'gdp_gamma': 0.05915072520409767, 'fuel_k': 0.015199361497274029, 'fuel_half': 4.987527212595538}. Best is trial 335 with value: -0.6233152110406992.
[I 2026-07-24 02:09:47,537] Trial 505 finished with value: 0.6009251608274829 and parameters: {'k1': 0.00028626797532085776, 'D_low': 4218.8194678343125, 'k2': 0.002016998957638159, 'D_high': 4372.282661067012, 'fire_exp': 2.6593205655518486, 'P_half': 819.0497959507101, 'pre_dampen_half': 675.854228322279, 'gpp_af': 5.748299776920022, 'gpp_b': 0.003381080929816988, 'gpp_d': 129.17512031760975, 'ign_k': 0.008746574854102214, 'ign_c': 1.356521700455253, 'trop_agb_crit': 24.515952483666457, 'trop_k_veg': 1.9915710133776685, 'gdp_gamma': 1.8923962430824635, 'fuel_k': 0.062220502664710346, 'fuel_half': 18.915285453414924}. Best is trial 335 with value: -0.6233152110406992.
[I 2026-07-24 02:09:47,988] Trial 506 finished with value: 0.4199983561665538 and parameters: {'k1': 0.0002611883535751046, 'D_low': 5.708483422619, 'k2': 0.01781397146120324, 'D_high': 5911460.020837343, 'fire_exp': 1.3162126649753845, 'P_half': 4.449765709315105, 'pre_dampen_half': 0.25272162649374613, 'gpp_af': 0.7024879805638805, 'gpp_b': 0.004219129406904618, 'gpp_d': 6.126122177168149, 'ign_k': 0.016674090641604526, 'ign_c': 1.7211136141124723, 'trop_agb_crit': 7.597440568940243, 'trop_k_veg': 0.5827592895291501, 'gdp_gamma': 0.5169183877854939, 'fuel_k': 0.34529866275765553, 'fuel_half': 87.9613292161306}. Best is trial 335 with value: -0.6233152110406992.
[I 2026-07-24 02:09:48,475] Trial 507 finished with value: 0.5447727584469704 and parameters: {'k1': 0.004905217377591699, 'D_low': 24482.402927578256, 'k2': 0.03215281787462894, 'D_high': 5882288.602510433, 'fire_exp': 2.0458147959431723, 'P_half': 114.388046522991, 'pre_dampen_half': 0.049607834788433634, 'gpp_af': 0.09567765140900418, 'gpp_b': 2.419843148139384e-05, 'gpp_d': 158.58334275967195, 'ign_k': 0.009523135293964924, 'ign_c': 0.10616547069968144, 'trop_agb_crit': 19.30007504763534, 'trop_k_veg': 5.66442019651475, 'gdp_gamma': 0.7695011459372554, 'fuel_k': 0.25065495636073704, 'fuel_half': 4.461311016586674}. Best is trial 335 with value: -0.6233152110406992.
[I 2026-07-24 02:09:48,920] Trial 508 finished with value: 0.4955260202718079 and parameters: {'k1': 0.0037710350446061346, 'D_low': 5269.805085668425, 'k2': 0.04349429923266264, 'D_high': 195301.82778304603, 'fire_exp': 1.2876410181897178, 'P_half': 178.9071668909526, 'pre_dampen_half': 7.7471718334660435, 'gpp_af': 0.056428903279391006, 'gpp_b': 1.7973367655772545e-05, 'gpp_d': 61.982883854475766, 'ign_k': 0.008826816658168925, 'ign_c': 0.1941211396200804, 'trop_agb_crit': 21.03003161072505, 'trop_k_veg': 1.6898822163062932, 'gdp_gamma': 1.2271088483697754, 'fuel_k': 0.17380362475524005, 'fuel_half': 9.466088228588138}. Best is trial 335 with value: -0.6233152110406992.
[I 2026-07-24 02:09:49,367] Trial 509 finished with value: -0.48066552021766745 and parameters: {'k1': 0.00013040181235611265, 'D_low': 31810.06291273277, 'k2': 0.039878235157186595, 'D_high': 82807.78156575377, 'fire_exp': 1.3974583915408363, 'P_half': 19.201020105488976, 'pre_dampen_half': 551.17367719412, 'gpp_af': 25.597108573176833, 'gpp_b': 0.01930835381190044, 'gpp_d': 3.6235869479489944, 'ign_k': 0.2560551996019773, 'ign_c': 0.8103896706744235, 'trop_agb_crit': 14.208030641483058, 'trop_k_veg': 7.194792875412009, 'gdp_gamma': 1.6727290504601589, 'fuel_k': 0.013071973669356647, 'fuel_half': 42.606274253477146}. Best is trial 335 with value: -0.6233152110406992.
[I 2026-07-24 02:09:49,817] Trial 510 finished with value: 0.4758389233802097 and parameters: {'k1': 5.2210052744920875e-05, 'D_low': 437.7045435756669, 'k2': 0.0027934760045189907, 'D_high': 3163977.9972130284, 'fire_exp': 1.8455793707172534, 'P_half': 56.635773955412624, 'pre_dampen_half': 0.6354587288431062, 'gpp_af': 0.0581522597576811, 'gpp_b': 5.989446741567628e-05, 'gpp_d': 9.662430010296768, 'ign_k': 0.0027307113291991547, 'ign_c': 3.298330039803682, 'trop_agb_crit': 20.617560786232307, 'trop_k_veg': 0.6794805235048162, 'gdp_gamma': 0.5931283287044535, 'fuel_k': 0.18262246372852992, 'fuel_half': 74.54634176807242}. Best is trial 335 with value: -0.6233152110406992.
[I 2026-07-24 02:09:50,279] Trial 511 finished with value: 0.6219323072250871 and parameters: {'k1': 0.0013126210488907976, 'D_low': 48695.70275130187, 'k2': 0.09996326660237524, 'D_high': 97959.10349821777, 'fire_exp': 3.1922104273385234, 'P_half': 6158.138343476764, 'pre_dampen_half': 0.32912822006453124, 'gpp_af': 0.2718568905254309, 'gpp_b': 0.0002601111261459553, 'gpp_d': 528.4577864021496, 'ign_k': 0.005440145458114728, 'ign_c': 2.8196951653385884, 'trop_agb_crit': 12.205274924290219, 'trop_k_veg': 3.009735224134773, 'gdp_gamma': 0.8094728094481433, 'fuel_k': 0.02636977712822984, 'fuel_half': 19.967801331352334}. Best is trial 335 with value: -0.6233152110406992.
