[I 2026-08-06 10:25:34,647] Trial 741 finished with values: [10.126647506499445, 10.126647506499445] and parameters: {'k1': 0.008912611835817005, 'D_low': 4.484744524732794, 'k2': 1.915468390724633e-05, 'D_high': 11832.967057468773, 'fire_exp': 1.3170256885255098, 'P_half': 220.3445560633069, 'pre_dampen_half': 502.5175192217655, 'gpp_af': 0.6403036652671171, 'gpp_b': 0.0021331409710300844, 'gpp_d': 431.69073113052116, 'ign_k': 0.1550134937334847, 'ign_c': 15.221840161091626, 'trop_agb_crit': 1.0903028125370984, 'trop_k_veg': 1.4584243470991722}.
[I 2026-08-06 10:25:35,878] Trial 742 finished with values: [-0.5054050132499428, 0.09810162896442465] and parameters: {'k1': 0.012021930484915042, 'D_low': 4.484744524732794, 'k2': 0.0003432139136241583, 'D_high': 985.7545621889059, 'fire_exp': 1.1488607445926913, 'P_half': 220.3445560633069, 'pre_dampen_half': 63.6685916079943, 'gpp_af': 0.6403036652671171, 'gpp_b': 0.006906522645653115, 'gpp_d': 2.944272359149677, 'ign_k': 5.466937478766086, 'ign_c': 5.13055176058983, 'trop_agb_crit': 1.0903028125370984, 'trop_k_veg': 2.194427136482602}.
[I 2026-08-06 10:25:37,334] Trial 743 finished with values: [-0.5415942305565166, 0.10268886718011849] and parameters: {'k1': 0.007530210437963516, 'D_low': 4.484744524732794, 'k2': 8.923807143379776e-05, 'D_high': 21.947742689197344, 'fire_exp': 1.1263716762638152, 'P_half': 220.3445560633069, 'pre_dampen_half': 502.5175192217655, 'gpp_af': 24.725776073156705, 'gpp_b': 0.14577755664212386, 'gpp_d': 16.460426816350523, 'ign_k': 0.0680787482656459, 'ign_c': 0.70689749506246, 'trop_agb_crit': 24.584290528289387, 'trop_k_veg': 2.194427136482602}.
[I 2026-08-06 10:25:38,586] Trial 744 finished with values: [10.699519552674964, 10.699519552674964] and parameters: {'k1': 0.004312951023617458, 'D_low': 4.484744524732794, 'k2': 1.915468390724633e-05, 'D_high': 21.947742689197344, 'fire_exp': 2.2471014875823556, 'P_half': 220.3445560633069, 'pre_dampen_half': 502.5175192217655, 'gpp_af': 0.7539992074650279, 'gpp_b': 0.0021331409710300844, 'gpp_d': 16.460426816350523, 'ign_k': 0.1550134937334847, 'ign_c': 15.221840161091626, 'trop_agb_crit': 1.0903028125370984, 'trop_k_veg': 1.4584243470991722}.
[I 2026-08-06 10:25:39,772] Trial 745 finished with values: [11.430392241494145, 11.430392241494145] and parameters: {'k1': 0.008912611835817005, 'D_low': 4.484744524732794, 'k2': 0.0003432139136241583, 'D_high': 985.7545621889059, 'fire_exp': 1.0629462657398439, 'P_half': 2.5449737887285035, 'pre_dampen_half': 552.4163637315892, 'gpp_af': 0.7539992074650279, 'gpp_b': 0.008226792720717493, 'gpp_d': 4.25060659305504, 'ign_k': 2.9818972317055166, 'ign_c': 0.557280750002996, 'trop_agb_crit': 1.0455434848969813, 'trop_k_veg': 2.194427136482602}.
[I 2026-08-06 10:25:40,995] Trial 746 finished with values: [-0.5304853549253175, 0.12716862191477307] and parameters: {'k1': 0.008912611835817005, 'D_low': 4.484744524732794, 'k2': 1.915468390724633e-05, 'D_high': 15351.441568398131, 'fire_exp': 1.1430983876313219, 'P_half': 220.3445560633069, 'pre_dampen_half': 502.5175192217655, 'gpp_af': 0.7539992074650279, 'gpp_b': 0.0021331409710300844, 'gpp_d': 4.25060659305504, 'ign_k': 0.0680787482656459, 'ign_c': 15.221840161091626, 'trop_agb_crit': 2.3949151201661625, 'trop_k_veg': 0.6673124511410327}.
[I 2026-08-06 10:25:42,217] Trial 747 finished with values: [10.2196857699403, 10.2196857699403] and parameters: {'k1': 0.00013787693098630266, 'D_low': 4.484744524732794, 'k2': 1.915468390724633e-05, 'D_high': 21.947742689197344, 'fire_exp': 1.0629462657398439, 'P_half': 220.3445560633069, 'pre_dampen_half': 502.5175192217655, 'gpp_af': 0.7539992074650279, 'gpp_b': 3.481277316673104e-05, 'gpp_d': 150.14555442537656, 'ign_k': 0.010167079878196114, 'ign_c': 15.221840161091626, 'trop_agb_crit': 24.584290528289387, 'trop_k_veg': 2.194427136482602}.
[I 2026-08-06 10:25:43,405] Trial 748 finished with values: [10.848028153903117, 10.848028153903117] and parameters: {'k1': 0.008912611835817005, 'D_low': 4.484744524732794, 'k2': 0.0003432139136241583, 'D_high': 15351.441568398131, 'fire_exp': 1.0629462657398439, 'P_half': 140.74279366401683, 'pre_dampen_half': 502.5175192217655, 'gpp_af': 1.9706963379095486, 'gpp_b': 0.0006978141787680361, 'gpp_d': 0.9568931772917477, 'ign_k': 0.0680787482656459, 'ign_c': 11.400863701127316, 'trop_agb_crit': 1.0903028125370984, 'trop_k_veg': 4.633503917129022}.
[I 2026-08-06 10:25:44,645] Trial 749 finished with values: [10.769230098361877, 10.769230098361877] and parameters: {'k1': 0.008912611835817005, 'D_low': 1112.9571947046009, 'k2': 0.09946147674311599, 'D_high': 8182.111518618414, 'fire_exp': 3.4606786740074256, 'P_half': 5.076307782729897, 'pre_dampen_half': 0.3601956766557959, 'gpp_af': 0.6403036652671171, 'gpp_b': 0.0021331409710300844, 'gpp_d': 150.14555442537656, 'ign_k': 0.0680787482656459, 'ign_c': 15.221840161091626, 'trop_agb_crit': 1.14876138417489, 'trop_k_veg': 3.1473758868965476}.
[I 2026-08-06 10:25:45,847] Trial 750 finished with values: [10.499676606197527, 10.499676606197527] and parameters: {'k1': 0.008912611835817005, 'D_low': 520.4862686958022, 'k2': 5.52207197313581e-05, 'D_high': 985.7545621889059, 'fire_exp': 1.0629462657398439, 'P_half': 220.3445560633069, 'pre_dampen_half': 552.4163637315892, 'gpp_af': 0.7539992074650279, 'gpp_b': 0.14577755664212386, 'gpp_d': 4.25060659305504, 'ign_k': 0.01364908766641695, 'ign_c': 11.400863701127316, 'trop_agb_crit': 1.0903028125370984, 'trop_k_veg': 2.194427136482602}.
[I 2026-08-06 10:25:47,101] Trial 751 finished with values: [-0.5431541994730635, 0.09272803372204674] and parameters: {'k1': 0.008912611835817005, 'D_low': 34.459310919273356, 'k2': 0.014344484793173472, 'D_high': 3712.591045287726, 'fire_exp': 1.5036604936020428, 'P_half': 220.3445560633069, 'pre_dampen_half': 552.4163637315892, 'gpp_af': 1.9706963379095486, 'gpp_b': 0.0021331409710300844, 'gpp_d': 4.25060659305504, 'ign_k': 0.0680787482656459, 'ign_c': 15.221840161091626, 'trop_agb_crit': 1.0903028125370984, 'trop_k_veg': 0.6673124511410327}.
[I 2026-08-06 10:25:48,338] Trial 752 finished with values: [11.990516999578352, 11.990516999578352] and parameters: {'k1': 0.008912611835817005, 'D_low': 4.484744524732794, 'k2': 0.0003432139136241583, 'D_high': 15351.441568398131, 'fire_exp': 1.1263716762638152, 'P_half': 276.27089412392087, 'pre_dampen_half': 552.4163637315892, 'gpp_af': 1.9706963379095486, 'gpp_b': 0.0021331409710300844, 'gpp_d': 10.369565216756202, 'ign_k': 0.0680787482656459, 'ign_c': 0.70689749506246, 'trop_agb_crit': 1.0903028125370984, 'trop_k_veg': 0.6673124511410327}.
[I 2026-08-06 10:25:49,551] Trial 753 finished with values: [10.397391941851248, 10.397391941851248] and parameters: {'k1': 0.004312951023617458, 'D_low': 34.459310919273356, 'k2': 8.923807143379776e-05, 'D_high': 7321.544340709298, 'fire_exp': 1.0629462657398439, 'P_half': 220.3445560633069, 'pre_dampen_half': 502.5175192217655, 'gpp_af': 0.7539992074650279, 'gpp_b': 3.481277316673104e-05, 'gpp_d': 0.23073846740741236, 'ign_k': 0.0680787482656459, 'ign_c': 0.70689749506246, 'trop_agb_crit': 1.0903028125370984, 'trop_k_veg': 2.194427136482602}.
[I 2026-08-06 10:25:50,765] Trial 754 finished with values: [10.167723904421791, 10.167723904421791] and parameters: {'k1': 3.23559867820537e-05, 'D_low': 4.484744524732794, 'k2': 0.014344484793173472, 'D_high': 3712.591045287726, 'fire_exp': 1.1430983876313219, 'P_half': 523.1053126909052, 'pre_dampen_half': 693.3733406812293, 'gpp_af': 0.7539992074650279, 'gpp_b': 0.0021331409710300844, 'gpp_d': 16.460426816350523, 'ign_k': 0.010167079878196114, 'ign_c': 2.8335389417624683, 'trop_agb_crit': 1.0455434848969813, 'trop_k_veg': 2.573214588078609}.
[I 2026-08-06 10:25:51,990] Trial 755 finished with values: [11.643757590196824, 11.643757590196824] and parameters: {'k1': 0.004312951023617458, 'D_low': 4.484744524732794, 'k2': 7.914423612155373e-05, 'D_high': 8182.111518618414, 'fire_exp': 1.0629462657398439, 'P_half': 220.3445560633069, 'pre_dampen_half': 502.5175192217655, 'gpp_af': 0.7539992074650279, 'gpp_b': 3.481277316673104e-05, 'gpp_d': 16.460426816350523, 'ign_k': 0.0680787482656459, 'ign_c': 0.557280750002996, 'trop_agb_crit': 4.0818981835727985, 'trop_k_veg': 1.4584243470991722}.
[I 2026-08-06 10:25:53,214] Trial 756 finished with values: [10.040367601276271, 10.040367601276271] and parameters: {'k1': 0.004312951023617458, 'D_low': 1112.9571947046009, 'k2': 8.923807143379776e-05, 'D_high': 8182.111518618414, 'fire_exp': 1.1430983876313219, 'P_half': 220.3445560633069, 'pre_dampen_half': 502.5175192217655, 'gpp_af': 0.7539992074650279, 'gpp_b': 3.481277316673104e-05, 'gpp_d': 150.14555442537656, 'ign_k': 0.0030728713149666426, 'ign_c': 0.557280750002996, 'trop_agb_crit': 1.0455434848969813, 'trop_k_veg': 1.4584243470991722}.
[I 2026-08-06 10:25:54,468] Trial 757 finished with values: [10.767419525554057, 10.767419525554057] and parameters: {'k1': 0.008912611835817005, 'D_low': 4.484744524732794, 'k2': 0.0001280298359290444, 'D_high': 3712.591045287726, 'fire_exp': 1.221575427404682, 'P_half': 220.3445560633069, 'pre_dampen_half': 0.08049089337224259, 'gpp_af': 0.7539992074650279, 'gpp_b': 0.0021331409710300844, 'gpp_d': 25.4442274895789, 'ign_k': 0.01364908766641695, 'ign_c': 15.221840161091626, 'trop_agb_crit': 1.0903028125370984, 'trop_k_veg': 4.345076509212382}.
[I 2026-08-06 10:25:55,730] Trial 758 finished with values: [-0.5359285115827326, 0.1542424102588329] and parameters: {'k1': 0.008912611835817005, 'D_low': 4.484744524732794, 'k2': 1.8205657658407255e-05, 'D_high': 3712.591045287726, 'fire_exp': 1.0629462657398439, 'P_half': 220.3445560633069, 'pre_dampen_half': 502.5175192217655, 'gpp_af': 0.7539992074650279, 'gpp_b': 0.0021331409710300844, 'gpp_d': 16.460426816350523, 'ign_k': 0.0680787482656459, 'ign_c': 15.221840161091626, 'trop_agb_crit': 1.0903028125370984, 'trop_k_veg': 0.983473833513531}.
[I 2026-08-06 10:25:56,900] Trial 759 finished with values: [10.728533903897969, 10.728533903897969] and parameters: {'k1': 0.012021930484915042, 'D_low': 4.484744524732794, 'k2': 0.0003432139136241583, 'D_high': 1493.5213816355397, 'fire_exp': 1.1263716762638152, 'P_half': 220.3445560633069, 'pre_dampen_half': 502.5175192217655, 'gpp_af': 0.008075914984851893, 'gpp_b': 0.14577755664212386, 'gpp_d': 0.9568931772917477, 'ign_k': 0.0680787482656459, 'ign_c': 15.221840161091626, 'trop_agb_crit': 1.0903028125370984, 'trop_k_veg': 2.144518162606203}.
[I 2026-08-06 10:25:58,334] Trial 760 finished with values: [10.575735762136105, 10.575735762136105] and parameters: {'k1': 0.008912611835817005, 'D_low': 355.00125258511594, 'k2': 0.03538758864779238, 'D_high': 11832.967057468773, 'fire_exp': 1.1263716762638152, 'P_half': 220.3445560633069, 'pre_dampen_half': 502.5175192217655, 'gpp_af': 24.725776073156705, 'gpp_b': 0.0021331409710300844, 'gpp_d': 16.460426816350523, 'ign_k': 0.21006485619596416, 'ign_c': 0.70689749506246, 'trop_agb_crit': 1.0903028125370984, 'trop_k_veg': 2.194427136482602}.
[I 2026-08-06 10:25:59,468] Trial 761 finished with values: [11.114728437221487, 11.114728437221487] and parameters: {'k1': 0.004312951023617458, 'D_low': 4.484744524732794, 'k2': 0.0006591123094840287, 'D_high': 15351.441568398131, 'fire_exp': 1.1430983876313219, 'P_half': 220.3445560633069, 'pre_dampen_half': 502.5175192217655, 'gpp_af': 0.7539992074650279, 'gpp_b': 0.14577755664212386, 'gpp_d': 150.14555442537656, 'ign_k': 2.1368329072358767, 'ign_c': 0.557280750002996, 'trop_agb_crit': 1.14876138417489, 'trop_k_veg': 1.4584243470991722}.
[I 2026-08-06 10:26:00,632] Trial 762 finished with values: [-0.5662954286199978, 0.07174928197926145] and parameters: {'k1': 0.008912611835817005, 'D_low': 685.7803657667797, 'k2': 0.03538758864779238, 'D_high': 11832.967057468773, 'fire_exp': 1.0629462657398439, 'P_half': 5.076307782729897, 'pre_dampen_half': 552.4163637315892, 'gpp_af': 0.7539992074650279, 'gpp_b': 4.377856668016338e-05, 'gpp_d': 16.460426816350523, 'ign_k': 0.21006485619596416, 'ign_c': 18.588694009815857, 'trop_agb_crit': 1.0903028125370984, 'trop_k_veg': 3.1473758868965476}.
[I 2026-08-06 10:26:01,770] Trial 763 finished with values: [-0.5188442360464494, 0.16079311507902727] and parameters: {'k1': 0.008912611835817005, 'D_low': 4.484744524732794, 'k2': 1.8205657658407255e-05, 'D_high': 15351.441568398131, 'fire_exp': 1.1263716762638152, 'P_half': 220.3445560633069, 'pre_dampen_half': 502.5175192217655, 'gpp_af': 0.7539992074650279, 'gpp_b': 0.14577755664212386, 'gpp_d': 16.460426816350523, 'ign_k': 0.0680787482656459, 'ign_c': 1.0623096700264116, 'trop_agb_crit': 1.0903028125370984, 'trop_k_veg': 3.4387132748252047}.
[I 2026-08-06 10:26:02,905] Trial 764 finished with values: [10.188469465749185, 10.188469465749185] and parameters: {'k1': 0.00488137519160367, 'D_low': 355.00125258511594, 'k2': 1.915468390724633e-05, 'D_high': 3712.591045287726, 'fire_exp': 1.1263716762638152, 'P_half': 220.3445560633069, 'pre_dampen_half': 502.5175192217655, 'gpp_af': 0.7539992074650279, 'gpp_b': 0.0021331409710300844, 'gpp_d': 2.944272359149677, 'ign_k': 0.0680787482656459, 'ign_c': 15.221840161091626, 'trop_agb_crit': 1.0903028125370984, 'trop_k_veg': 3.1473758868965476}.
[I 2026-08-06 10:26:04,073] Trial 765 finished with values: [10.769206992273283, 10.769206992273283] and parameters: {'k1': 0.008912611835817005, 'D_low': 4.484744524732794, 'k2': 5.52207197313581e-05, 'D_high': 985.7545621889059, 'fire_exp': 9.181779843422994, 'P_half': 140.74279366401683, 'pre_dampen_half': 552.4163637315892, 'gpp_af': 0.7539992074650279, 'gpp_b': 0.0325181766809307, 'gpp_d': 4.25060659305504, 'ign_k': 2.9818972317055166, 'ign_c': 15.221840161091626, 'trop_agb_crit': 1.0903028125370984, 'trop_k_veg': 0.983473833513531}.
[I 2026-08-06 10:26:05,221] Trial 766 finished with values: [10.331505912187174, 10.331505912187174] and parameters: {'k1': 0.008912611835817005, 'D_low': 355.00125258511594, 'k2': 0.03538758864779238, 'D_high': 1493.5213816355397, 'fire_exp': 1.1263716762638152, 'P_half': 220.3445560633069, 'pre_dampen_half': 63.6685916079943, 'gpp_af': 0.6403036652671171, 'gpp_b': 0.011051185074931393, 'gpp_d': 16.460426816350523, 'ign_k': 0.0680787482656459, 'ign_c': 15.221840161091626, 'trop_agb_crit': 1.6079844205915728, 'trop_k_veg': 3.1473758868965476}.
[I 2026-08-06 10:26:06,364] Trial 767 finished with values: [10.011058049140058, 10.011058049140058] and parameters: {'k1': 0.006642027816373391, 'D_low': 4.484744524732794, 'k2': 0.03538758864779238, 'D_high': 3712.591045287726, 'fire_exp': 1.0629462657398439, 'P_half': 220.3445560633069, 'pre_dampen_half': 552.4163637315892, 'gpp_af': 0.7539992074650279, 'gpp_b': 0.00796661592919428, 'gpp_d': 16.460426816350523, 'ign_k': 3.589155871450839, 'ign_c': 15.221840161091626, 'trop_agb_crit': 24.584290528289387, 'trop_k_veg': 0.6743482387129308}.
[I 2026-08-06 10:26:07,520] Trial 768 finished with values: [10.347485665325207, 10.347485665325207] and parameters: {'k1': 0.016748279468858224, 'D_low': 520.4862686958022, 'k2': 0.03538758864779238, 'D_high': 1588.2035726402378, 'fire_exp': 1.0629462657398439, 'P_half': 220.3445560633069, 'pre_dampen_half': 502.5175192217655, 'gpp_af': 0.7539992074650279, 'gpp_b': 0.0021331409710300844, 'gpp_d': 16.460426816350523, 'ign_k': 3.589155871450839, 'ign_c': 15.221840161091626, 'trop_agb_crit': 24.584290528289387, 'trop_k_veg': 0.6743482387129308}.
[I 2026-08-06 10:26:08,662] Trial 769 finished with values: [-0.49883337445790377, 0.09982381942553287] and parameters: {'k1': 0.008912611835817005, 'D_low': 4.484744524732794, 'k2': 7.914423612155373e-05, 'D_high': 985.7545621889059, 'fire_exp': 1.0629462657398439, 'P_half': 220.3445560633069, 'pre_dampen_half': 502.5175192217655, 'gpp_af': 0.7539992074650279, 'gpp_b': 0.14577755664212386, 'gpp_d': 0.986538195779616, 'ign_k': 2.9818972317055166, 'ign_c': 0.557280750002996, 'trop_agb_crit': 1.0455434848969813, 'trop_k_veg': 0.5639542873522186}.
[I 2026-08-06 10:26:09,822] Trial 770 finished with values: [-0.5477947173379578, 0.09375521522321983] and parameters: {'k1': 0.008912611835817005, 'D_low': 34.459310919273356, 'k2': 0.0003432139136241583, 'D_high': 21.947742689197344, 'fire_exp': 1.0629462657398439, 'P_half': 220.3445560633069, 'pre_dampen_half': 552.4163637315892, 'gpp_af': 24.725776073156705, 'gpp_b': 0.14577755664212386, 'gpp_d': 16.460426816350523, 'ign_k': 3.589155871450839, 'ign_c': 0.70689749506246, 'trop_agb_crit': 1.0903028125370984, 'trop_k_veg': 2.194427136482602}.
[I 2026-08-06 10:26:10,967] Trial 771 finished with values: [-0.5316767500671776, 0.13016338671423355] and parameters: {'k1': 0.012021930484915042, 'D_low': 2.4622754931226587, 'k2': 0.0003432139136241583, 'D_high': 15351.441568398131, 'fire_exp': 1.3170256885255098, 'P_half': 29.23116601611836, 'pre_dampen_half': 63.6685916079943, 'gpp_af': 0.7539992074650279, 'gpp_b': 0.14577755664212386, 'gpp_d': 2.944272359149677, 'ign_k': 0.21006485619596416, 'ign_c': 5.13055176058983, 'trop_agb_crit': 21.20801447986448, 'trop_k_veg': 3.1473758868965476}.
[I 2026-08-06 10:26:12,094] Trial 772 finished with values: [10.769230768838547, 10.769230768838547] and parameters: {'k1': 0.008912611835817005, 'D_low': 34.459310919273356, 'k2': 1.915468390724633e-05, 'D_high': 21.947742689197344, 'fire_exp': 1.0629462657398439, 'P_half': 5.076307782729897, 'pre_dampen_half': 502.5175192217655, 'gpp_af': 0.7539992074650279, 'gpp_b': 0.0021331409710300844, 'gpp_d': 16.460426816350523, 'ign_k': 0.34088312486613137, 'ign_c': 639.1655642276438, 'trop_agb_crit': 1.0903028125370984, 'trop_k_veg': 3.1473758868965476}.
[I 2026-08-06 10:26:13,243] Trial 773 finished with values: [10.238221640785403, 10.238221640785403] and parameters: {'k1': 0.008912611835817005, 'D_low': 355.00125258511594, 'k2': 0.03538758864779238, 'D_high': 11832.967057468773, 'fire_exp': 1.1430983876313219, 'P_half': 220.3445560633069, 'pre_dampen_half': 63.6685916079943, 'gpp_af': 0.7539992074650279, 'gpp_b': 0.0021331409710300844, 'gpp_d': 4.25060659305504, 'ign_k': 0.21006485619596416, 'ign_c': 15.221840161091626, 'trop_agb_crit': 1.0911298587990423, 'trop_k_veg': 0.6673124511410327}.
[I 2026-08-06 10:26:14,407] Trial 774 finished with values: [-0.5310410837354033, 0.13241666718187883] and parameters: {'k1': 0.002549454588329709, 'D_low': 4.484744524732794, 'k2': 0.03538758864779238, 'D_high': 15351.441568398131, 'fire_exp': 1.1174086754605184, 'P_half': 220.3445560633069, 'pre_dampen_half': 124.72235343584714, 'gpp_af': 0.6403036652671171, 'gpp_b': 0.14577755664212386, 'gpp_d': 2.944272359149677, 'ign_k': 0.21006485619596416, 'ign_c': 5.13055176058983, 'trop_agb_crit': 1.0455434848969813, 'trop_k_veg': 2.194427136482602}.
[I 2026-08-06 10:26:15,532] Trial 775 finished with values: [10.643813546138698, 10.643813546138698] and parameters: {'k1': 0.029385019583898195, 'D_low': 355.00125258511594, 'k2': 1.915468390724633e-05, 'D_high': 21.947742689197344, 'fire_exp': 1.3170256885255098, 'P_half': 220.3445560633069, 'pre_dampen_half': 63.6685916079943, 'gpp_af': 24.725776073156705, 'gpp_b': 0.14577755664212386, 'gpp_d': 2.944272359149677, 'ign_k': 0.010167079878196114, 'ign_c': 4.2425976091860935, 'trop_agb_crit': 24.584290528289387, 'trop_k_veg': 4.375785248100498}.
[I 2026-08-06 10:26:16,670] Trial 776 finished with values: [10.73014641323125, 10.73014641323125] and parameters: {'k1': 0.008912611835817005, 'D_low': 1112.9571947046009, 'k2': 8.923807143379776e-05, 'D_high': 15351.441568398131, 'fire_exp': 1.1263716762638152, 'P_half': 29.23116601611836, 'pre_dampen_half': 502.5175192217655, 'gpp_af': 0.7539992074650279, 'gpp_b': 2.0194763897972194, 'gpp_d': 150.14555442537656, 'ign_k': 0.0680787482656459, 'ign_c': 15.221840161091626, 'trop_agb_crit': 1.0455434848969813, 'trop_k_veg': 1.4584243470991722}.
[I 2026-08-06 10:26:17,827] Trial 777 finished with values: [10.60223054678304, 10.60223054678304] and parameters: {'k1': 0.008912611835817005, 'D_low': 4.484744524732794, 'k2': 7.914423612155373e-05, 'D_high': 81.71825567718662, 'fire_exp': 1.6294642623991613, 'P_half': 220.3445560633069, 'pre_dampen_half': 502.5175192217655, 'gpp_af': 1.9706963379095486, 'gpp_b': 0.14577755664212386, 'gpp_d': 0.986538195779616, 'ign_k': 2.9818972317055166, 'ign_c': 0.557280750002996, 'trop_agb_crit': 1.0455434848969813, 'trop_k_veg': 2.4978545597116653}.
[I 2026-08-06 10:26:19,221] Trial 778 finished with values: [10.220868405277537, 10.220868405277537] and parameters: {'k1': 0.008912611835817005, 'D_low': 1112.9571947046009, 'k2': 0.0027015957920129437, 'D_high': 8182.111518618414, 'fire_exp': 1.0629462657398439, 'P_half': 140.74279366401683, 'pre_dampen_half': 552.4163637315892, 'gpp_af': 24.725776073156705, 'gpp_b': 0.04633252119753636, 'gpp_d': 4.25060659305504, 'ign_k': 0.04406703994564747, 'ign_c': 11.400863701127316, 'trop_agb_crit': 1.0455434848969813, 'trop_k_veg': 3.1473758868965476}.
[I 2026-08-06 10:26:20,367] Trial 779 finished with values: [10.731413228634436, 10.731413228634436] and parameters: {'k1': 0.012021930484915042, 'D_low': 685.7803657667797, 'k2': 0.03538758864779238, 'D_high': 11832.967057468773, 'fire_exp': 1.1263716762638152, 'P_half': 2287.943057317364, 'pre_dampen_half': 552.4163637315892, 'gpp_af': 0.7539992074650279, 'gpp_b': 0.14577755664212386, 'gpp_d': 16.460426816350523, 'ign_k': 2.9818972317055166, 'ign_c': 18.588694009815857, 'trop_agb_crit': 7.628718523810018, 'trop_k_veg': 3.1473758868965476}.
