[I 2026-08-20 01:26:33,267] Trial 2336 finished with value: 0.4479196336401938 and parameters: {'k1': 9.134985945100438e-05, 'D_low': 1692.2085011110457, 'k2': 0.0827059831333435, 'D_high': 65605.05338603255, 'fire_exp': 3.9925374818036135, 'P_half': 314.3176340523377, 'pre_dampen_half': 105.87273264043478, 'gpp_af': 0.20190106437052138, 'gpp_b': 0.01403820559613827, 'gpp_d': 3.630246899329169, 'ign_k': 0.12019102743720225, 'ign_c': 0.1738631177722238, 'trop_agb_crit': 10.838513593302645, 'trop_k_veg': 3.7646701521396957, 'pop_amp': 9.031572795927872, 'pop_peak': 0.09393049830498984, 'pop_sig': 1.485523412603448}. Best is trial 1128 with value: -0.620386984093161.
[I 2026-08-20 01:26:36,051] Trial 2337 finished with value: 0.6546970531846201 and parameters: {'k1': 0.0003295793932349374, 'D_low': 218.04044416103412, 'k2': 0.003371215303518313, 'D_high': 3028682.6155213686, 'fire_exp': 1.67355037046101, 'P_half': 89.7849264957545, 'pre_dampen_half': 0.2131397449086347, 'gpp_af': 0.0016818634310733287, 'gpp_b': 0.00011729283191345452, 'gpp_d': 680.5601357260955, 'ign_k': 8.938664837154539, 'ign_c': 32.40151006576021, 'trop_agb_crit': 2.4048611604540895, 'trop_k_veg': 4.727511514312793, 'pop_amp': 5.831302038644846, 'pop_peak': 3.8089824368610423, 'pop_sig': 0.3922143160299813}. Best is trial 1128 with value: -0.620386984093161.
[I 2026-08-20 01:26:38,062] Trial 2338 finished with value: 0.6440125133816632 and parameters: {'k1': 0.000836616082674414, 'D_low': 180.53971365174627, 'k2': 1.309751618211981e-05, 'D_high': 61.3847066037372, 'fire_exp': 1.8710280632159262, 'P_half': 165.61583336822812, 'pre_dampen_half': 0.5908798124260733, 'gpp_af': 0.011688016020033108, 'gpp_b': 0.004257337312418346, 'gpp_d': 1.6731225487701482, 'ign_k': 0.09798756215768119, 'ign_c': 209.54725420323092, 'trop_agb_crit': 1.6055325608086157, 'trop_k_veg': 1.0459078850312946, 'pop_amp': 0.558277156018981, 'pop_peak': 0.05952711218993956, 'pop_sig': 0.7947646475336235}. Best is trial 1128 with value: -0.620386984093161.
[I 2026-08-20 01:26:40,128] Trial 2339 finished with value: 0.5162989035705933 and parameters: {'k1': 0.00019548290804676272, 'D_low': 9.949879445353874, 'k2': 0.00189644107631751, 'D_high': 1083146.0215573572, 'fire_exp': 1.867545641530487, 'P_half': 5.551832718025256, 'pre_dampen_half': 0.03101845971302207, 'gpp_af': 0.002587126223292088, 'gpp_b': 2.9779604666111138e-05, 'gpp_d': 746.2251501819482, 'ign_k': 6.3942832569236145, 'ign_c': 6.558350919295337, 'trop_agb_crit': 3.0144894210535997, 'trop_k_veg': 1.4341140438693396, 'pop_amp': 1.9159892444515432, 'pop_peak': 0.38673953647430237, 'pop_sig': 0.47682701994602933}. Best is trial 1128 with value: -0.620386984093161.
[I 2026-08-20 01:26:42,437] Trial 2340 finished with value: 0.6164021462359548 and parameters: {'k1': 1.261290776747251e-05, 'D_low': 4997.215336300014, 'k2': 0.011928248140629285, 'D_high': 18312.136829765983, 'fire_exp': 3.6269557405817126, 'P_half': 1583.5750820673397, 'pre_dampen_half': 133.82302307708537, 'gpp_af': 1.0829994612087201, 'gpp_b': 0.01296064616807341, 'gpp_d': 0.1889610509089255, 'ign_k': 0.002550233332351897, 'ign_c': 0.4087635507462925, 'trop_agb_crit': 4.129664320868144, 'trop_k_veg': 4.064050599777761, 'pop_amp': 4.50214264919014, 'pop_peak': 39.87983540864155, 'pop_sig': 0.362336314444347}. Best is trial 1128 with value: -0.620386984093161.
[I 2026-08-20 01:26:44,644] Trial 2341 finished with value: 0.4155944050505471 and parameters: {'k1': 6.380829089265687e-05, 'D_low': 50.4356675302345, 'k2': 0.000695304942222307, 'D_high': 2090686.956285625, 'fire_exp': 1.6495278967112323, 'P_half': 2.1636147351083874, 'pre_dampen_half': 7.356025139352114, 'gpp_af': 0.028521789048875586, 'gpp_b': 0.00019157568525633083, 'gpp_d': 294.8763589091946, 'ign_k': 4.564635242692471, 'ign_c': 2.341610526577987, 'trop_agb_crit': 4.571015884933116, 'trop_k_veg': 2.784349311057288, 'pop_amp': 0.006434929786565659, 'pop_peak': 0.08221204440199491, 'pop_sig': 0.2725651332926166}. Best is trial 1128 with value: -0.620386984093161.
[I 2026-08-20 01:26:46,792] Trial 2342 finished with value: -0.5781293848875635 and parameters: {'k1': 9.030465498031191e-05, 'D_low': 698.5419938975832, 'k2': 0.0014074278995886906, 'D_high': 2740041.6183958002, 'fire_exp': 1.9156037717401164, 'P_half': 45.247573538555315, 'pre_dampen_half': 2.975186991047074, 'gpp_af': 0.02153315613287301, 'gpp_b': 2.196215653031401e-05, 'gpp_d': 125.5786004410107, 'ign_k': 5.874898865918662, 'ign_c': 5.703862687174301, 'trop_agb_crit': 12.9315791113339, 'trop_k_veg': 4.048526999587837, 'pop_amp': 0.0037251334463282316, 'pop_peak': 0.38822782383977794, 'pop_sig': 0.5343117907018725}. Best is trial 1128 with value: -0.620386984093161.
[I 2026-08-20 01:26:48,999] Trial 2343 finished with value: 0.5500272455282951 and parameters: {'k1': 0.0008867597737280433, 'D_low': 13.209137377447819, 'k2': 0.00011788756836046643, 'D_high': 294717.6679339528, 'fire_exp': 1.6402234651820702, 'P_half': 2.746307042665506, 'pre_dampen_half': 0.7861647162011475, 'gpp_af': 0.0022028696079041178, 'gpp_b': 0.00010129807553859632, 'gpp_d': 3.2880186703020633, 'ign_k': 0.22202387250025318, 'ign_c': 25.250880397301906, 'trop_agb_crit': 3.0692436207694453, 'trop_k_veg': 7.612759687144667, 'pop_amp': 0.013357692984767482, 'pop_peak': 4.570955571350702, 'pop_sig': 0.25583415000914994}. Best is trial 1128 with value: -0.620386984093161.
[I 2026-08-20 01:26:51,160] Trial 2344 finished with value: 0.5772148283707811 and parameters: {'k1': 5.146434484785554e-05, 'D_low': 1.2055132826118489, 'k2': 0.07259896313398916, 'D_high': 168647.84196313692, 'fire_exp': 5.1485783220062125, 'P_half': 95.66790342450274, 'pre_dampen_half': 0.6346092851298186, 'gpp_af': 0.036583626004951034, 'gpp_b': 0.0017194944711417565, 'gpp_d': 16.12124005789508, 'ign_k': 0.07913787930909619, 'ign_c': 2.2917900059678344, 'trop_agb_crit': 10.190975239280364, 'trop_k_veg': 0.8305511503110695, 'pop_amp': 1.6299757188561992, 'pop_peak': 0.960497783575384, 'pop_sig': 1.671020575857132}. Best is trial 1128 with value: -0.620386984093161.
[I 2026-08-20 01:26:53,539] Trial 2345 finished with value: 0.48218402254247306 and parameters: {'k1': 0.0009639464280586485, 'D_low': 780.2837365650128, 'k2': 0.003277761286910863, 'D_high': 22378.50389673502, 'fire_exp': 1.1116491706883398, 'P_half': 112.76610109357111, 'pre_dampen_half': 351.20081455890187, 'gpp_af': 0.019520332489048796, 'gpp_b': 0.0002303195139931447, 'gpp_d': 7.7283400717626956, 'ign_k': 7.487284325984934, 'ign_c': 4.700616371937713, 'trop_agb_crit': 19.322946562744455, 'trop_k_veg': 1.1362568170752447, 'pop_amp': 0.011529999070431224, 'pop_peak': 20.480599002482062, 'pop_sig': 0.5713431370786072}. Best is trial 1128 with value: -0.620386984093161.
[I 2026-08-20 01:26:55,995] Trial 2346 finished with value: 0.6236181693645021 and parameters: {'k1': 0.00029690236195318816, 'D_low': 53.422652840535214, 'k2': 0.004893261651969115, 'D_high': 218524.21274833006, 'fire_exp': 1.343021793869593, 'P_half': 1.6464420158543112, 'pre_dampen_half': 2.026151027195403, 'gpp_af': 0.01136918390924534, 'gpp_b': 1.2498119793611997e-05, 'gpp_d': 542.5651864983089, 'ign_k': 9.082716888851689, 'ign_c': 30.52319473118586, 'trop_agb_crit': 2.8247112597553996, 'trop_k_veg': 2.339339719244431, 'pop_amp': 3.4337708248695673, 'pop_peak': 0.34770483609562397, 'pop_sig': 0.45229539293054094}. Best is trial 1128 with value: -0.620386984093161.
[I 2026-08-20 01:26:58,893] Trial 2347 finished with value: 0.6007139632755241 and parameters: {'k1': 0.003317743308042347, 'D_low': 125.98412456260654, 'k2': 0.0005396370759199979, 'D_high': 3941.6057557957824, 'fire_exp': 2.93054321922127, 'P_half': 107.40252716635533, 'pre_dampen_half': 0.30330178459469975, 'gpp_af': 0.18404602065124098, 'gpp_b': 0.06398598091853615, 'gpp_d': 19.808316873003317, 'ign_k': 2.5762114137066896, 'ign_c': 0.5846285764310162, 'trop_agb_crit': 14.684778083789798, 'trop_k_veg': 2.8379011127545772, 'pop_amp': 16.3166055973136, 'pop_peak': 0.1033999637865904, 'pop_sig': 0.5270151290154974}. Best is trial 1128 with value: -0.620386984093161.
[I 2026-08-20 01:27:01,083] Trial 2348 finished with value: 0.5849492674122041 and parameters: {'k1': 0.0007283665024001768, 'D_low': 9.425802205954431, 'k2': 7.914329607045407e-05, 'D_high': 579651.3914658702, 'fire_exp': 1.0644752139926028, 'P_half': 340.91116216200294, 'pre_dampen_half': 0.013133559765157002, 'gpp_af': 17.84568594833269, 'gpp_b': 0.0002815014056962877, 'gpp_d': 0.6076553950883922, 'ign_k': 0.20873782360089946, 'ign_c': 0.6654120866252466, 'trop_agb_crit': 5.4084429945174595, 'trop_k_veg': 0.7990012650577847, 'pop_amp': 0.0016394231535139193, 'pop_peak': 1.3288242429281758, 'pop_sig': 0.6044742710404004}. Best is trial 1128 with value: -0.620386984093161.
[I 2026-08-20 01:27:02,886] Trial 2349 finished with value: 0.4605149375083196 and parameters: {'k1': 0.01216700631205114, 'D_low': 10.433422594964734, 'k2': 0.002646301540061321, 'D_high': 528973.0016862393, 'fire_exp': 1.9965302083682184, 'P_half': 2.5791222241303964, 'pre_dampen_half': 17.614991741401152, 'gpp_af': 0.002719900313847292, 'gpp_b': 1.0877642643260057e-05, 'gpp_d': 83.3106887560655, 'ign_k': 1.336106151282817, 'ign_c': 2.6974658218976364, 'trop_agb_crit': 2.658573346810746, 'trop_k_veg': 7.328291107103684, 'pop_amp': 0.0014651026417577477, 'pop_peak': 2.150164071069312, 'pop_sig': 0.48113802789333093}. Best is trial 1128 with value: -0.620386984093161.
[I 2026-08-20 01:27:04,715] Trial 2350 finished with value: 0.6434549380472661 and parameters: {'k1': 1.018992467630628e-05, 'D_low': 600.229633030135, 'k2': 0.0013788499454403214, 'D_high': 395.15520739887086, 'fire_exp': 7.327923567917537, 'P_half': 8.027085795131653, 'pre_dampen_half': 0.14021084259449423, 'gpp_af': 28.35608714102053, 'gpp_b': 0.005865869458738785, 'gpp_d': 0.038138555011258284, 'ign_k': 0.06391506085509849, 'ign_c': 0.24149747235600233, 'trop_agb_crit': 3.3420611836011886, 'trop_k_veg': 5.948743206321884, 'pop_amp': 0.7387239184654008, 'pop_peak': 74.4110534574381, 'pop_sig': 0.5703180559971498}. Best is trial 1128 with value: -0.620386984093161.
[I 2026-08-20 01:27:07,119] Trial 2351 finished with value: 0.5960137396033234 and parameters: {'k1': 0.005067449906134162, 'D_low': 2981.7148197804054, 'k2': 1.9814696527487966e-05, 'D_high': 37454.20799000763, 'fire_exp': 6.099575659215895, 'P_half': 1586.4314049583768, 'pre_dampen_half': 0.09767909343762687, 'gpp_af': 0.00600881371393884, 'gpp_b': 0.0006969728262486393, 'gpp_d': 4.620804551970406, 'ign_k': 0.004661559028680419, 'ign_c': 61.28519822723687, 'trop_agb_crit': 19.08853001842364, 'trop_k_veg': 2.398275724611949, 'pop_amp': 14.605214223372057, 'pop_peak': 1.653822288512081, 'pop_sig': 2.338381646440788}. Best is trial 1128 with value: -0.620386984093161.
[I 2026-08-20 01:27:09,576] Trial 2352 finished with value: 0.6445374145881376 and parameters: {'k1': 0.03915281662748114, 'D_low': 368146.3575106973, 'k2': 2.6056328757429323e-05, 'D_high': 5507.578244312733, 'fire_exp': 5.018381198770363, 'P_half': 104.3451315699175, 'pre_dampen_half': 0.04578642546854958, 'gpp_af': 0.4628033225436453, 'gpp_b': 0.001112815185290898, 'gpp_d': 9.54074644630677, 'ign_k': 1.5963665676146128, 'ign_c': 765.4625498293572, 'trop_agb_crit': 17.526338548752644, 'trop_k_veg': 1.3625595799941594, 'pop_amp': 0.3824898011816431, 'pop_peak': 0.4041143843261495, 'pop_sig': 1.7020738968672156}. Best is trial 1128 with value: -0.620386984093161.
[I 2026-08-20 01:27:11,852] Trial 2353 finished with value: 0.5977102584886007 and parameters: {'k1': 0.00011420454259168575, 'D_low': 6939.878763805787, 'k2': 0.012244846012184825, 'D_high': 5973.230077084761, 'fire_exp': 1.6442929432298456, 'P_half': 1390.5654564821107, 'pre_dampen_half': 0.2634033961936068, 'gpp_af': 0.8785562539313561, 'gpp_b': 0.0016686781193143328, 'gpp_d': 54.65943376951554, 'ign_k': 0.011710030944511444, 'ign_c': 375.1390450446915, 'trop_agb_crit': 12.012634913591944, 'trop_k_veg': 3.030551577259185, 'pop_amp': 0.5432145372133566, 'pop_peak': 306.030087506674, 'pop_sig': 2.418399679648428}. Best is trial 1128 with value: -0.620386984093161.
[I 2026-08-20 01:27:13,665] Trial 2354 finished with value: 0.6445374145881376 and parameters: {'k1': 0.04363447473157965, 'D_low': 8404.040146511112, 'k2': 0.06529330159153507, 'D_high': 10.681625291569839, 'fire_exp': 5.692457167068767, 'P_half': 5.821753044810959, 'pre_dampen_half': 30.718527410145857, 'gpp_af': 0.0026166253561497143, 'gpp_b': 0.13291545725584514, 'gpp_d': 3.6604994510665922, 'ign_k': 0.03546508423871454, 'ign_c': 0.13297330957702905, 'trop_agb_crit': 26.296850387789167, 'trop_k_veg': 0.6340453060013288, 'pop_amp': 0.8060516337361898, 'pop_peak': 2.187065073710057, 'pop_sig': 0.9051818205351432}. Best is trial 1128 with value: -0.620386984093161.
[I 2026-08-20 01:27:15,562] Trial 2355 finished with value: 0.6135061363174314 and parameters: {'k1': 0.0009008573287802378, 'D_low': 787.5851294829858, 'k2': 0.008421854266235753, 'D_high': 6189212.37146656, 'fire_exp': 2.1109518982805726, 'P_half': 19.37985537539814, 'pre_dampen_half': 2.1830090960344206, 'gpp_af': 0.03782294574879522, 'gpp_b': 6.174988614191602e-05, 'gpp_d': 566.0458346476323, 'ign_k': 1.3643959965337942, 'ign_c': 32.948056213616546, 'trop_agb_crit': 2.7777024724967663, 'trop_k_veg': 6.84145869095511, 'pop_amp': 0.002177658872030235, 'pop_peak': 0.05883032263661587, 'pop_sig': 0.5960989540417958}. Best is trial 1128 with value: -0.620386984093161.
[I 2026-08-20 01:27:17,308] Trial 2356 finished with value: 0.6246811022140575 and parameters: {'k1': 0.001075731277291241, 'D_low': 133221.27191670847, 'k2': 0.006140058026341996, 'D_high': 6600510.967093925, 'fire_exp': 1.439198178038488, 'P_half': 19.737856462378822, 'pre_dampen_half': 1.8943142173233543, 'gpp_af': 0.002137072512271986, 'gpp_b': 0.0001175747091058891, 'gpp_d': 243.8782152184336, 'ign_k': 2.030511239822561, 'ign_c': 2.1817420680132535, 'trop_agb_crit': 2.0511578683826976, 'trop_k_veg': 3.694302934113714, 'pop_amp': 1.0130431821408028, 'pop_peak': 0.7156412531409149, 'pop_sig': 0.35217721102206917}. Best is trial 1128 with value: -0.620386984093161.
[I 2026-08-20 01:27:19,596] Trial 2357 finished with value: 0.6234615904199634 and parameters: {'k1': 4.8371477122647504e-05, 'D_low': 124.85857203496892, 'k2': 0.0018909786899248225, 'D_high': 276.23572978904343, 'fire_exp': 1.8758215323882315, 'P_half': 672.845132596177, 'pre_dampen_half': 5.840971842480668, 'gpp_af': 17.592223959949084, 'gpp_b': 1.367699006657442e-05, 'gpp_d': 38.58937309140892, 'ign_k': 0.0011884833926875215, 'ign_c': 112.50951388868334, 'trop_agb_crit': 9.30493684024098, 'trop_k_veg': 0.6867498560163472, 'pop_amp': 7.489990239296494, 'pop_peak': 17.619671556943658, 'pop_sig': 2.2506041443739893}. Best is trial 1128 with value: -0.620386984093161.
[I 2026-08-20 01:27:21,337] Trial 2358 finished with value: -0.5454656418815498 and parameters: {'k1': 0.0023828166321140124, 'D_low': 4536.080806238351, 'k2': 0.0003967106188962197, 'D_high': 461273.6666737866, 'fire_exp': 3.1731997694999174, 'P_half': 16.569025600699728, 'pre_dampen_half': 446.0826180320135, 'gpp_af': 0.0036884768619677133, 'gpp_b': 0.0008261249917695625, 'gpp_d': 344.1031070569937, 'ign_k': 1.5851407399268285, 'ign_c': 1.6860618038488204, 'trop_agb_crit': 10.343228654411286, 'trop_k_veg': 3.305118310712483, 'pop_amp': 0.010244066840731621, 'pop_peak': 0.08722761068590668, 'pop_sig': 0.3142840446442172}. Best is trial 1128 with value: -0.620386984093161.
[I 2026-08-20 01:27:23,087] Trial 2359 finished with value: 0.6199686065404317 and parameters: {'k1': 0.0006363640865468638, 'D_low': 21.1865941679302, 'k2': 0.030315713917461216, 'D_high': 53737.38602885764, 'fire_exp': 1.2079466221864377, 'P_half': 43.557431185772515, 'pre_dampen_half': 0.6304014861545099, 'gpp_af': 0.02843266823926393, 'gpp_b': 1.742224663112181e-05, 'gpp_d': 469.2057415044706, 'ign_k': 3.049287272539087, 'ign_c': 33.203094840093215, 'trop_agb_crit': 13.283105306367124, 'trop_k_veg': 1.7383361330345963, 'pop_amp': 0.01153015153568573, 'pop_peak': 0.46986165045140993, 'pop_sig': 0.2642606560084743}. Best is trial 1128 with value: -0.620386984093161.
[I 2026-08-20 01:27:24,843] Trial 2360 finished with value: 0.5081926687503799 and parameters: {'k1': 0.000521468100876071, 'D_low': 9.99074050151258, 'k2': 0.016313380481036182, 'D_high': 134635.6269817737, 'fire_exp': 1.1375958536628084, 'P_half': 43.582167491199876, 'pre_dampen_half': 0.24980756659972234, 'gpp_af': 0.013386730363117483, 'gpp_b': 0.0007317817802005121, 'gpp_d': 941.836436769022, 'ign_k': 0.8149237364071487, 'ign_c': 19.919354823403207, 'trop_agb_crit': 2.6251672027529884, 'trop_k_veg': 7.7850629697124205, 'pop_amp': 0.014925815660792909, 'pop_peak': 14.69283116836775, 'pop_sig': 0.33188949199753315}. Best is trial 1128 with value: -0.620386984093161.
[I 2026-08-20 01:27:26,614] Trial 2361 finished with value: 0.42803174031065516 and parameters: {'k1': 0.0004876983817483181, 'D_low': 1905.0260304464937, 'k2': 0.0004980388056568998, 'D_high': 85015.00861524747, 'fire_exp': 1.3119005563911388, 'P_half': 5.1293134153736535, 'pre_dampen_half': 3.880379344218236, 'gpp_af': 0.006196390158950655, 'gpp_b': 8.786867980858824e-05, 'gpp_d': 888.4207270128419, 'ign_k': 1.6401498921341018, 'ign_c': 2.0533079381359807, 'trop_agb_crit': 4.79471071151864, 'trop_k_veg': 1.8310290707341412, 'pop_amp': 0.0021576566916600708, 'pop_peak': 0.46906211764021705, 'pop_sig': 0.4114278718832256}. Best is trial 1128 with value: -0.620386984093161.
[I 2026-08-20 01:27:28,374] Trial 2362 finished with value: 0.5978933230474968 and parameters: {'k1': 0.0005312128163146667, 'D_low': 50.22232486337059, 'k2': 0.0017201808218032509, 'D_high': 6784030.205448053, 'fire_exp': 5.743149730528637, 'P_half': 13.50481782182342, 'pre_dampen_half': 18.257701909896767, 'gpp_af': 6.638566254572975, 'gpp_b': 0.00033153190264211246, 'gpp_d': 1.8201468693637066, 'ign_k': 0.515890773803363, 'ign_c': 10.267830560045406, 'trop_agb_crit': 3.38694061015229, 'trop_k_veg': 5.4986692599497875, 'pop_amp': 13.731831926293474, 'pop_peak': 8.761954610544674, 'pop_sig': 0.29310138690161064}. Best is trial 1128 with value: -0.620386984093161.
[I 2026-08-20 01:27:30,109] Trial 2363 finished with value: 0.4512094047432613 and parameters: {'k1': 0.001338837942197618, 'D_low': 387.4772805711507, 'k2': 0.0010673611686784386, 'D_high': 2878471.494660263, 'fire_exp': 1.7721411457871044, 'P_half': 9.03144962162062, 'pre_dampen_half': 0.4570503036212744, 'gpp_af': 0.001206409659969434, 'gpp_b': 1.796525918566606e-05, 'gpp_d': 60.840929769709376, 'ign_k': 1.0571410629893756, 'ign_c': 7.1406228515138475, 'trop_agb_crit': 6.064643734834265, 'trop_k_veg': 1.8758290487090432, 'pop_amp': 0.26251265277950486, 'pop_peak': 1.7874901839629278, 'pop_sig': 0.2655790089502693}. Best is trial 1128 with value: -0.620386984093161.
[I 2026-08-20 01:27:31,822] Trial 2364 finished with value: 0.6445374145881376 and parameters: {'k1': 7.825307116231486e-05, 'D_low': 18.73888463259046, 'k2': 0.00020548278733375575, 'D_high': 538978.7207525822, 'fire_exp': 2.6717127483408, 'P_half': 1.4811386344256734, 'pre_dampen_half': 6.864143503820051, 'gpp_af': 0.014253518196054108, 'gpp_b': 1.1283222003750473e-05, 'gpp_d': 12.634670721908524, 'ign_k': 7.258356798289431, 'ign_c': 124.32367151839802, 'trop_agb_crit': 5.196908770220522, 'trop_k_veg': 2.5829235119550416, 'pop_amp': 0.4160940173560382, 'pop_peak': 0.19268126868535843, 'pop_sig': 0.32176948793711746}. Best is trial 1128 with value: -0.620386984093161.
[I 2026-08-20 01:27:33,556] Trial 2365 finished with value: 0.5309380985179468 and parameters: {'k1': 6.941729631767953e-05, 'D_low': 75.47657989182267, 'k2': 0.0016490515837129138, 'D_high': 457448.2952683614, 'fire_exp': 2.397290118596695, 'P_half': 1368.350495193027, 'pre_dampen_half': 218.33256086781424, 'gpp_af': 0.23776651722846354, 'gpp_b': 0.0010051457337400694, 'gpp_d': 1.611910747539047, 'ign_k': 9.876690810745037, 'ign_c': 0.7623961843067918, 'trop_agb_crit': 2.8141141247562937, 'trop_k_veg': 7.945484541714197, 'pop_amp': 16.250617074553038, 'pop_peak': 4.309622045566141, 'pop_sig': 1.8882604045472098}. Best is trial 1128 with value: -0.620386984093161.
[I 2026-08-20 01:27:35,313] Trial 2366 finished with value: 0.4215334310834843 and parameters: {'k1': 0.0027030376856057945, 'D_low': 34.59957092207706, 'k2': 1.0815817743041734e-05, 'D_high': 448447.2820477591, 'fire_exp': 2.916818168375688, 'P_half': 13.251841179624707, 'pre_dampen_half': 2.2486987943296644, 'gpp_af': 0.10274552764750661, 'gpp_b': 1.377555860767516e-05, 'gpp_d': 11.734419785709363, 'ign_k': 3.8867142257854983, 'ign_c': 3.955653663761735, 'trop_agb_crit': 20.27742468869612, 'trop_k_veg': 7.036865366903345, 'pop_amp': 0.004876386835420919, 'pop_peak': 7.777371154092796, 'pop_sig': 1.0515128140173025}. Best is trial 1128 with value: -0.620386984093161.
[I 2026-08-20 01:27:37,090] Trial 2367 finished with value: 0.43119017091826484 and parameters: {'k1': 3.77609948469597e-05, 'D_low': 352.6446262592954, 'k2': 0.09721368513454098, 'D_high': 158085.15224010398, 'fire_exp': 1.1815689247087307, 'P_half': 161.79236250991812, 'pre_dampen_half': 1.6284098107269718, 'gpp_af': 0.021230811179538813, 'gpp_b': 0.01244436055588701, 'gpp_d': 7.356720664949495, 'ign_k': 9.716491422745099, 'ign_c': 0.14720444724426401, 'trop_agb_crit': 2.5024982003630476, 'trop_k_veg': 6.372826900032769, 'pop_amp': 4.372104979815275, 'pop_peak': 0.7910180445323169, 'pop_sig': 2.442384275897661}. Best is trial 1128 with value: -0.620386984093161.
