[I 2026-08-19 13:13:27,726] Trial 540 finished with values: [-0.42097867725284405, 2.856018864128007e-05] and parameters: {'k1': 4.929552311643645e-05, 'D_low': 50340.563942871704, 'k2': 0.09474524974021553, 'D_high': 1840060.4093141211, 'fire_exp': 5.433392060430592, 'P_half': 229.5739821454948, 'pre_dampen_half': 0.2571419084734534, 'gpp_af': 0.0028701881471957036, 'gpp_b': 9.67374839440457e-05, 'gpp_d': 118.26972885708257, 'ign_k': 9.162638829638215, 'ign_c': 12.366924205139131, 'trop_agb_crit': 9.497662537022913, 'trop_k_veg': 2.968382718115938, 'pop_amp': 0.25063586053692166, 'pop_peak': 1.884221947092994, 'pop_sig': 1.804482856986987, 'fuel_k': 0.022805907608636752, 'fuel_half': 17.890117928710357}.
[I 2026-08-19 13:13:30,114] Trial 541 finished with values: [-0.3554625854118624, 0.0] and parameters: {'k1': 5.7909642338812115e-05, 'D_low': 2.1309331861011747, 'k2': 0.0002001342062287998, 'D_high': 684782.1019182627, 'fire_exp': 1.1633452995374232, 'P_half': 1445.8450258664157, 'pre_dampen_half': 0.19674328025306115, 'gpp_af': 2.0540519425388455, 'gpp_b': 0.004411400434514031, 'gpp_d': 3.9841905944346854, 'ign_k': 7.107346698112278, 'ign_c': 89.12611835816996, 'trop_agb_crit': 5.179114975574383, 'trop_k_veg': 4.288672925586801, 'pop_amp': 0.008683934086503814, 'pop_peak': 2.016436598480055, 'pop_sig': 0.4663206866626952, 'fuel_k': 3.640039183945803, 'fuel_half': 2.01596048776016}.
[I 2026-08-19 13:13:32,790] Trial 542 finished with values: [-0.48467405515980716, 0.03186770822288354] and parameters: {'k1': 0.00020329778470902634, 'D_low': 1368.9795993592197, 'k2': 0.0021608491389795734, 'D_high': 1661855.441285105, 'fire_exp': 1.1633452995374232, 'P_half': 267.2146013620241, 'pre_dampen_half': 0.10189118197357125, 'gpp_af': 0.41874665092828456, 'gpp_b': 0.004411400434514031, 'gpp_d': 1.0088237648985734, 'ign_k': 0.3818468247973969, 'ign_c': 0.5110256715654393, 'trop_agb_crit': 2.818694656863287, 'trop_k_veg': 5.691473319778836, 'pop_amp': 0.0021433490423168255, 'pop_peak': 2.016436598480055, 'pop_sig': 0.4663206866626952, 'fuel_k': 1.3626356448811705, 'fuel_half': 1.683458881839943}.
[I 2026-08-19 13:13:35,468] Trial 543 finished with values: [-0.39710109492737755, 0.00023581028654040548] and parameters: {'k1': 2.9693357731296325e-05, 'D_low': 1.6569065206637925, 'k2': 0.015109330261674455, 'D_high': 1840060.4093141211, 'fire_exp': 1.1633452995374232, 'P_half': 1265.0580856641704, 'pre_dampen_half': 0.09467055845337147, 'gpp_af': 36.830088529547496, 'gpp_b': 4.038332634638232, 'gpp_d': 1.0088237648985734, 'ign_k': 0.3818468247973969, 'ign_c': 4.4716799012313055, 'trop_agb_crit': 24.500297851058132, 'trop_k_veg': 5.453348988480011, 'pop_amp': 0.0021433490423168255, 'pop_peak': 2.016436598480055, 'pop_sig': 0.4663206866626952, 'fuel_k': 0.15552861105540366, 'fuel_half': 17.890117928710357}.
[I 2026-08-19 13:13:37,982] Trial 544 finished with values: [-0.4035071302499464, 6.472600233564663e-13] and parameters: {'k1': 2.1070611138656e-05, 'D_low': 1.6569065206637925, 'k2': 0.0003856302813879373, 'D_high': 6543576.946931886, 'fire_exp': 6.464773756830049, 'P_half': 8894.151386481904, 'pre_dampen_half': 0.2571419084734534, 'gpp_af': 0.0028701881471957036, 'gpp_b': 0.0004837646996135023, 'gpp_d': 0.16294786031575217, 'ign_k': 0.04439802552990466, 'ign_c': 12.366924205139131, 'trop_agb_crit': 1.050713312531254, 'trop_k_veg': 1.5282925294110206, 'pop_amp': 0.024891633080683897, 'pop_peak': 1.884221947092994, 'pop_sig': 1.804482856986987, 'fuel_k': 3.250046746707412, 'fuel_half': 17.890117928710357}.
  trial  545/2500  pareto_size=33  best_ilamb=0.6094  (28.0 min)
[I 2026-08-19 13:13:40,756] Trial 545 finished with values: [-0.41091935934367, 2.256417275248168e-12] and parameters: {'k1': 4.929552311643645e-05, 'D_low': 437.4364439939077, 'k2': 3.077180271250682e-05, 'D_high': 109.93781215236433, 'fire_exp': 5.433392060430592, 'P_half': 8894.151386481904, 'pre_dampen_half': 0.19674328025306115, 'gpp_af': 0.9346598275601615, 'gpp_b': 0.0007417652034871827, 'gpp_d': 118.26972885708257, 'ign_k': 0.0023181776112903506, 'ign_c': 0.5488047000766043, 'trop_agb_crit': 3.544180417534903, 'trop_k_veg': 0.8084202024508578, 'pop_amp': 10.985330528057915, 'pop_peak': 503.7153440645595, 'pop_sig': 1.804482856986987, 'fuel_k': 0.022805907608636752, 'fuel_half': 0.18427970406864538}.
[I 2026-08-19 13:13:43,051] Trial 546 finished with values: [-0.4043763389211815, 5.4511950509095186e-14] and parameters: {'k1': 0.00020329778470902634, 'D_low': 1.6569065206637925, 'k2': 1.2748758606816134e-05, 'D_high': 24493.271671328574, 'fire_exp': 7.856097010829145, 'P_half': 267.2146013620241, 'pre_dampen_half': 0.2571419084734534, 'gpp_af': 0.9346598275601615, 'gpp_b': 0.004411400434514031, 'gpp_d': 108.18665579547857, 'ign_k': 0.009935023909063692, 'ign_c': 225.58738962142354, 'trop_agb_crit': 3.3887235042490564, 'trop_k_veg': 0.8084202024508578, 'pop_amp': 11.72926995754655, 'pop_peak': 13.10465149744836, 'pop_sig': 0.4663206866626952, 'fuel_k': 1.3626356448811705, 'fuel_half': 17.890117928710357}.
[I 2026-08-19 13:13:45,469] Trial 547 finished with values: [-0.41442536165383076, 0.0001900204789359039] and parameters: {'k1': 0.0008020503059027807, 'D_low': 6293.732112193172, 'k2': 3.077180271250682e-05, 'D_high': 24493.271671328574, 'fire_exp': 1.2460495533150313, 'P_half': 4337.920697490941, 'pre_dampen_half': 0.10189118197357125, 'gpp_af': 0.053663001820106804, 'gpp_b': 9.67374839440457e-05, 'gpp_d': 29.83701993880331, 'ign_k': 0.1537592023548176, 'ign_c': 25.49454588329708, 'trop_agb_crit': 3.24512374569104, 'trop_k_veg': 0.6719347333876377, 'pop_amp': 0.0034369873301918173, 'pop_peak': 456.60279198301936, 'pop_sig': 0.4663206866626952, 'fuel_k': 0.11148299766359336, 'fuel_half': 5.940545235233705}.
[I 2026-08-19 13:13:47,901] Trial 548 finished with values: [-0.42340398336666196, 2.6217251147042653e-05] and parameters: {'k1': 1.844951990812239e-05, 'D_low': 713939.1620209456, 'k2': 0.0019856031481305684, 'D_high': 1124534.1807254362, 'fire_exp': 1.3796609641485171, 'P_half': 1517.2922775770444, 'pre_dampen_half': 0.2571419084734534, 'gpp_af': 0.006580815488709274, 'gpp_b': 9.67374839440457e-05, 'gpp_d': 118.26972885708257, 'ign_k': 0.45791923103229365, 'ign_c': 6.0816733722841345, 'trop_agb_crit': 3.3887235042490564, 'trop_k_veg': 5.691473319778836, 'pop_amp': 0.04874366481145617, 'pop_peak': 1.884221947092994, 'pop_sig': 0.6871869718280653, 'fuel_k': 3.250046746707412, 'fuel_half': 2.44365199339694}.
[I 2026-08-19 13:13:50,366] Trial 549 finished with values: [-0.3950288342847971, 5.408957726160679e-10] and parameters: {'k1': 1.844951990812239e-05, 'D_low': 1.6569065206637925, 'k2': 0.0002001342062287998, 'D_high': 24493.271671328574, 'fire_exp': 1.3796609641485171, 'P_half': 1265.0580856641704, 'pre_dampen_half': 1.8469033699850426, 'gpp_af': 0.41874665092828456, 'gpp_b': 9.67374839440457e-05, 'gpp_d': 0.050654860639753524, 'ign_k': 0.17320535908244444, 'ign_c': 89.12611835816996, 'trop_agb_crit': 14.188434224699876, 'trop_k_veg': 2.956495967572026, 'pop_amp': 0.04874366481145617, 'pop_peak': 0.05281056279423359, 'pop_sig': 0.4663206866626952, 'fuel_k': 1.3626356448811705, 'fuel_half': 29.338755705149328}.
[I 2026-08-19 13:13:52,724] Trial 550 finished with values: [-0.4035293919684336, 1.583443520747352e-08] and parameters: {'k1': 0.0004846497679219079, 'D_low': 1368.9795993592197, 'k2': 0.0002001342062287998, 'D_high': 24493.271671328574, 'fire_exp': 4.3161213924316595, 'P_half': 4.937355303501834, 'pre_dampen_half': 0.2571419084734534, 'gpp_af': 0.9346598275601615, 'gpp_b': 4.038332634638232, 'gpp_d': 3.9841905944346854, 'ign_k': 0.009935023909063692, 'ign_c': 0.2806439011124269, 'trop_agb_crit': 27.05166881899929, 'trop_k_veg': 3.754644404143055, 'pop_amp': 0.004345387962878051, 'pop_peak': 1.421337820414783, 'pop_sig': 0.9904669476016459, 'fuel_k': 0.9666195090843235, 'fuel_half': 17.890117928710357}.
[I 2026-08-19 13:13:55,055] Trial 551 finished with values: [-0.4111780441232831, 0.0012467524384185413] and parameters: {'k1': 0.00020329778470902634, 'D_low': 286.06841726052676, 'k2': 0.0019856031481305684, 'D_high': 24493.271671328574, 'fire_exp': 1.1633452995374232, 'P_half': 267.2146013620241, 'pre_dampen_half': 0.10189118197357125, 'gpp_af': 0.41874665092828456, 'gpp_b': 1.624829724391053, 'gpp_d': 1.0088237648985734, 'ign_k': 9.946147674311604, 'ign_c': 0.5110256715654393, 'trop_agb_crit': 1.257433437731036, 'trop_k_veg': 5.691473319778836, 'pop_amp': 2.1219303004144856, 'pop_peak': 1.421337820414783, 'pop_sig': 0.4663206866626952, 'fuel_k': 0.02334390919957448, 'fuel_half': 1.683458881839943}.
[I 2026-08-19 13:13:57,628] Trial 552 finished with values: [-0.40902842585139415, 1.304001741031513e-07] and parameters: {'k1': 4.929552311643645e-05, 'D_low': 50340.563942871704, 'k2': 0.0019856031481305684, 'D_high': 1840060.4093141211, 'fire_exp': 7.278040739708488, 'P_half': 1265.0580856641704, 'pre_dampen_half': 0.7465571739720183, 'gpp_af': 0.0077125451401819246, 'gpp_b': 1.788789091682049e-05, 'gpp_d': 0.050654860639753524, 'ign_k': 0.17320535908244444, 'ign_c': 12.366924205139131, 'trop_agb_crit': 3.544180417534903, 'trop_k_veg': 2.968382718115938, 'pop_amp': 0.029228481237926353, 'pop_peak': 503.7153440645595, 'pop_sig': 2.0926528979230383, 'fuel_k': 0.022805907608636752, 'fuel_half': 17.890117928710357}.
[I 2026-08-19 13:14:00,103] Trial 553 finished with values: [-0.39842707324275634, 2.246507424530364e-10] and parameters: {'k1': 4.0873003903057456e-05, 'D_low': 2.400213216646464, 'k2': 0.09116768553735347, 'D_high': 9355.38060645217, 'fire_exp': 6.454675979546216, 'P_half': 10.436686039715203, 'pre_dampen_half': 0.19674328025306115, 'gpp_af': 0.18737227240512885, 'gpp_b': 1.624829724391053, 'gpp_d': 3.9841905944346854, 'ign_k': 0.08876620955487982, 'ign_c': 0.2806439011124269, 'trop_agb_crit': 27.05166881899929, 'trop_k_veg': 3.754644404143055, 'pop_amp': 5.27924855752961, 'pop_peak': 10.679600530994481, 'pop_sig': 0.9904669476016459, 'fuel_k': 4.04437775870989, 'fuel_half': 0.10355826161899183}.
  trial  554/2500  pareto_size=32  best_ilamb=0.6094  (28.3 min)
[I 2026-08-19 13:14:03,079] Trial 554 finished with values: [-0.4367593704179624, 0.007791452538482679] and parameters: {'k1': 5.7909642338812115e-05, 'D_low': 2.1309331861011747, 'k2': 0.015109330261674455, 'D_high': 1661855.441285105, 'fire_exp': 1.2460495533150313, 'P_half': 4337.920697490941, 'pre_dampen_half': 0.19674328025306115, 'gpp_af': 1.0746441744380335, 'gpp_b': 0.0007417652034871827, 'gpp_d': 3.032712462969173, 'ign_k': 0.3818468247973969, 'ign_c': 0.5488047000766043, 'trop_agb_crit': 24.500297851058132, 'trop_k_veg': 0.7137927523304675, 'pop_amp': 0.0021433490423168255, 'pop_peak': 0.14020023099408158, 'pop_sig': 0.4663206866626952, 'fuel_k': 1.3626356448811705, 'fuel_half': 0.18427970406864538}.
[I 2026-08-19 13:14:05,627] Trial 555 finished with values: [-0.41672462099250174, 4.891955436292506e-07] and parameters: {'k1': 4.0873003903057456e-05, 'D_low': 27972.024228472703, 'k2': 0.0019856031481305684, 'D_high': 1124534.1807254362, 'fire_exp': 1.3796609641485171, 'P_half': 1636.5290600718067, 'pre_dampen_half': 0.0399066504395798, 'gpp_af': 0.005018406982902927, 'gpp_b': 1.624829724391053, 'gpp_d': 3.9841905944346854, 'ign_k': 0.3699359899959751, 'ign_c': 0.2806439011124269, 'trop_agb_crit': 27.05166881899929, 'trop_k_veg': 3.754644404143055, 'pop_amp': 5.27924855752961, 'pop_peak': 10.679600530994481, 'pop_sig': 1.804482856986987, 'fuel_k': 0.11148299766359336, 'fuel_half': 17.890117928710357}.
[I 2026-08-19 13:14:07,877] Trial 556 finished with values: [-0.3798379076856716, 0.0] and parameters: {'k1': 0.0004846497679219079, 'D_low': 1.6569065206637925, 'k2': 6.340140860251457e-05, 'D_high': 1819372.4578178402, 'fire_exp': 1.8678802571070678, 'P_half': 1265.0580856641704, 'pre_dampen_half': 1.8469033699850426, 'gpp_af': 0.0028701881471957036, 'gpp_b': 1.624829724391053, 'gpp_d': 108.18665579547857, 'ign_k': 0.17320535908244444, 'ign_c': 89.12611835816996, 'trop_agb_crit': 1.4383685371489123, 'trop_k_veg': 0.5443513380244235, 'pop_amp': 0.024891633080683897, 'pop_peak': 1.884221947092994, 'pop_sig': 0.9904669476016459, 'fuel_k': 0.9199338799678547, 'fuel_half': 0.10355826161899183}.
[I 2026-08-19 13:14:10,403] Trial 557 finished with values: [-0.41335719998325027, 1.0261817577905674e-06] and parameters: {'k1': 1.844951990812239e-05, 'D_low': 2.400213216646464, 'k2': 0.09116768553735347, 'D_high': 6543576.946931886, 'fire_exp': 1.8713074096420792, 'P_half': 229.5739821454948, 'pre_dampen_half': 0.2571419084734534, 'gpp_af': 0.0028701881471957036, 'gpp_b': 0.3880241939505091, 'gpp_d': 8.347790852520644, 'ign_k': 6.32338195106678, 'ign_c': 6.0816733722841345, 'trop_agb_crit': 3.544180417534903, 'trop_k_veg': 6.972354563243685, 'pop_amp': 0.04874366481145617, 'pop_peak': 4.557885026195722, 'pop_sig': 1.0424917012813995, 'fuel_k': 4.04437775870989, 'fuel_half': 0.3497028715561063}.
[I 2026-08-19 13:14:13,044] Trial 558 finished with values: [-0.4082345068736992, 1.239309765921348e-10] and parameters: {'k1': 5.004428734228139e-05, 'D_low': 1.6569065206637925, 'k2': 9.861808369679773e-05, 'D_high': 290855.8180038407, 'fire_exp': 6.464773756830049, 'P_half': 6220.327170121322, 'pre_dampen_half': 65.77017096798056, 'gpp_af': 0.18737227240512885, 'gpp_b': 0.0004837646996135023, 'gpp_d': 650.4921701204659, 'ign_k': 0.0027703009300353663, 'ign_c': 243.11355106292382, 'trop_agb_crit': 3.3887235042490564, 'trop_k_veg': 0.8084202024508578, 'pop_amp': 0.004708042915737182, 'pop_peak': 4.557885026195722, 'pop_sig': 1.804482856986987, 'fuel_k': 1.0151421859083098, 'fuel_half': 14.458046248526905}.
[I 2026-08-19 13:14:15,537] Trial 559 finished with values: [-0.39888020545537395, 0.00036163728495841596] and parameters: {'k1': 0.0010239159443463301, 'D_low': 1.6569065206637925, 'k2': 0.0002001342062287998, 'D_high': 24493.271671328574, 'fire_exp': 1.1633452995374232, 'P_half': 1265.0580856641704, 'pre_dampen_half': 1.8469033699850426, 'gpp_af': 0.005018406982902927, 'gpp_b': 1.624829724391053, 'gpp_d': 1.0088237648985734, 'ign_k': 0.3818468247973969, 'ign_c': 0.5110256715654393, 'trop_agb_crit': 27.05166881899929, 'trop_k_veg': 5.453348988480011, 'pop_amp': 0.004345387962878051, 'pop_peak': 2.016436598480055, 'pop_sig': 0.9904669476016459, 'fuel_k': 3.640039183945803, 'fuel_half': 1.9255395572015603}.
[I 2026-08-19 13:14:17,815] Trial 560 finished with values: [-0.40685666083967914, 3.1846371095767267e-09] and parameters: {'k1': 0.0029070516815839368, 'D_low': 1.6569065206637925, 'k2': 0.0003856302813879373, 'D_high': 6543576.946931886, 'fire_exp': 6.464773756830049, 'P_half': 8894.151386481904, 'pre_dampen_half': 30.11226646948154, 'gpp_af': 0.18737227240512885, 'gpp_b': 0.0004837646996135023, 'gpp_d': 118.26972885708257, 'ign_k': 0.006418208309987481, 'ign_c': 89.12611835816996, 'trop_agb_crit': 3.3887235042490564, 'trop_k_veg': 6.972354563243685, 'pop_amp': 11.72926995754655, 'pop_peak': 4.557885026195722, 'pop_sig': 1.804482856986987, 'fuel_k': 4.04437775870989, 'fuel_half': 1.7895437790635824}.
[I 2026-08-19 13:14:20,133] Trial 561 finished with values: [-0.36826633001307474, 1.3685252930883962e-09] and parameters: {'k1': 0.08924795116437424, 'D_low': 1368.9795993592197, 'k2': 1.2748758606816134e-05, 'D_high': 1840060.4093141211, 'fire_exp': 7.856097010829145, 'P_half': 267.2146013620241, 'pre_dampen_half': 4.412509669839992, 'gpp_af': 49.583649914027546, 'gpp_b': 0.620439464939785, 'gpp_d': 0.9847253968456199, 'ign_k': 0.025284086172415596, 'ign_c': 0.19678273362633986, 'trop_agb_crit': 28.49245476864681, 'trop_k_veg': 0.8084202024508578, 'pop_amp': 0.0021433490423168255, 'pop_peak': 1.421337820414783, 'pop_sig': 1.0264911386548754, 'fuel_k': 0.27631890369709744, 'fuel_half': 1.7918446176734728}.
[I 2026-08-19 13:14:22,598] Trial 562 finished with values: [-0.45075297474293335, 0.0012620718916217522] and parameters: {'k1': 1.844951990812239e-05, 'D_low': 27972.024228472703, 'k2': 0.0019856031481305684, 'D_high': 1840060.4093141211, 'fire_exp': 1.3796609641485171, 'P_half': 1636.5290600718067, 'pre_dampen_half': 0.05393491030297468, 'gpp_af': 0.00301004353953023, 'gpp_b': 0.0007417652034871827, 'gpp_d': 118.26972885708257, 'ign_k': 9.162638829638215, 'ign_c': 12.366924205139131, 'trop_agb_crit': 17.69486533706496, 'trop_k_veg': 4.30392173391187, 'pop_amp': 10.985330528057915, 'pop_peak': 1.9043491615789352, 'pop_sig': 0.6871869718280653, 'fuel_k': 0.15552861105540366, 'fuel_half': 0.18427970406864538}.
  trial  563/2500  pareto_size=27  best_ilamb=0.6094  (28.7 min)
[I 2026-08-19 13:14:25,488] Trial 563 finished with values: [-0.5091231857271276, 0.002590049881281531] and parameters: {'k1': 0.0004846497679219079, 'D_low': 1.6569065206637925, 'k2': 4.392638796750218e-05, 'D_high': 1819372.4578178402, 'fire_exp': 2.5321117364280843, 'P_half': 1265.0580856641704, 'pre_dampen_half': 0.2571419084734534, 'gpp_af': 0.0028701881471957036, 'gpp_b': 9.67374839440457e-05, 'gpp_d': 0.050654860639753524, 'ign_k': 9.162638829638215, 'ign_c': 6.0816733722841345, 'trop_agb_crit': 1.050713312531254, 'trop_k_veg': 4.288672925586801, 'pop_amp': 5.27924855752961, 'pop_peak': 1.884221947092994, 'pop_sig': 1.804482856986987, 'fuel_k': 3.250046746707412, 'fuel_half': 1.7895437790635824}.
[I 2026-08-19 13:14:27,802] Trial 564 finished with values: [-0.4219709133745299, 3.038788697340422e-07] and parameters: {'k1': 4.929552311643645e-05, 'D_low': 286.06841726052676, 'k2': 0.0003856302813879373, 'D_high': 1840060.4093141211, 'fire_exp': 3.7695400350033266, 'P_half': 6281.776703992854, 'pre_dampen_half': 0.10189118197357125, 'gpp_af': 0.18737227240512885, 'gpp_b': 0.0004837646996135023, 'gpp_d': 1.0088237648985734, 'ign_k': 0.0018736533225205817, 'ign_c': 12.366924205139131, 'trop_agb_crit': 3.544180417534903, 'trop_k_veg': 2.968382718115938, 'pop_amp': 11.72926995754655, 'pop_peak': 4.557885026195722, 'pop_sig': 1.804482856986987, 'fuel_k': 2.8606142106392465, 'fuel_half': 17.890117928710357}.
[I 2026-08-19 13:14:30,149] Trial 565 finished with values: [-0.4144199990782493, 1.339121269428034e-07] and parameters: {'k1': 0.005456725485601475, 'D_low': 437.4364439939077, 'k2': 3.077180271250682e-05, 'D_high': 9355.38060645217, 'fire_exp': 4.3161213924316595, 'P_half': 4337.920697490941, 'pre_dampen_half': 0.0399066504395798, 'gpp_af': 2.0540519425388455, 'gpp_b': 0.0007417652034871827, 'gpp_d': 3.9841905944346854, 'ign_k': 0.1537592023548176, 'ign_c': 0.12683748668681236, 'trop_agb_crit': 17.69486533706496, 'trop_k_veg': 4.288672925586801, 'pop_amp': 5.27924855752961, 'pop_peak': 10.679600530994481, 'pop_sig': 0.9904669476016459, 'fuel_k': 3.640039183945803, 'fuel_half': 0.18427970406864538}.
[I 2026-08-19 13:14:32,918] Trial 566 finished with values: [-0.43163123733333836, 0.009069575374865857] and parameters: {'k1': 1.844951990812239e-05, 'D_low': 15150.361381456718, 'k2': 3.077180271250682e-05, 'D_high': 1124534.1807254362, 'fire_exp': 1.0824018381500955, 'P_half': 4337.920697490941, 'pre_dampen_half': 0.2571419084734534, 'gpp_af': 0.005018406982902927, 'gpp_b': 0.0007417652034871827, 'gpp_d': 3.9841905944346854, 'ign_k': 9.946147674311604, 'ign_c': 6.0816733722841345, 'trop_agb_crit': 1.257433437731036, 'trop_k_veg': 2.819496004876631, 'pop_amp': 10.985330528057915, 'pop_peak': 0.17274196344453516, 'pop_sig': 0.2777678917098414, 'fuel_k': 0.6763941362086655, 'fuel_half': 11.935199796901877}.
[I 2026-08-19 13:14:35,763] Trial 567 finished with values: [-0.4090610032181977, 1.1591542525835052e-07] and parameters: {'k1': 5.7909642338812115e-05, 'D_low': 2.1309331861011747, 'k2': 0.0002001342062287998, 'D_high': 24493.271671328574, 'fire_exp': 1.1633452995374232, 'P_half': 1.332700437360483, 'pre_dampen_half': 1.8469033699850426, 'gpp_af': 0.11134482360128048, 'gpp_b': 0.004411400434514031, 'gpp_d': 3.032712462969173, 'ign_k': 0.17320535908244444, 'ign_c': 89.12611835816996, 'trop_agb_crit': 13.763560673020894, 'trop_k_veg': 0.6719347333876377, 'pop_amp': 0.008683934086503814, 'pop_peak': 0.05281056279423359, 'pop_sig': 0.7824044734208029, 'fuel_k': 0.9199338799678547, 'fuel_half': 1.683458881839943}.
[I 2026-08-19 13:14:38,063] Trial 568 finished with values: [-0.4042705426831061, 3.96554311610231e-09] and parameters: {'k1': 0.08924795116437424, 'D_low': 1368.9795993592197, 'k2': 3.077180271250682e-05, 'D_high': 9355.38060645217, 'fire_exp': 7.856097010829145, 'P_half': 267.2146013620241, 'pre_dampen_half': 0.2571419084734534, 'gpp_af': 0.9346598275601615, 'gpp_b': 0.0007417652034871827, 'gpp_d': 3.9841905944346854, 'ign_k': 0.003472683124638334, 'ign_c': 0.5488047000766043, 'trop_agb_crit': 17.69486533706496, 'trop_k_veg': 0.8084202024508578, 'pop_amp': 0.004708042915737182, 'pop_peak': 352.89806695809773, 'pop_sig': 0.5314193463179775, 'fuel_k': 3.640039183945803, 'fuel_half': 17.890117928710357}.
[I 2026-08-19 13:14:40,323] Trial 569 finished with values: [-0.43127878601953007, 0.004473562464808456] and parameters: {'k1': 1.844951990812239e-05, 'D_low': 1.6569065206637925, 'k2': 0.0019856031481305684, 'D_high': 1907543.828944448, 'fire_exp': 1.3796609641485171, 'P_half': 1636.5290600718067, 'pre_dampen_half': 0.2571419084734534, 'gpp_af': 0.18737227240512885, 'gpp_b': 0.0004837646996135023, 'gpp_d': 118.26972885708257, 'ign_k': 0.04439802552990466, 'ign_c': 12.366924205139131, 'trop_agb_crit': 3.544180417534903, 'trop_k_veg': 6.972354563243685, 'pop_amp': 0.029228481237926353, 'pop_peak': 0.17274196344453516, 'pop_sig': 1.804482856986987, 'fuel_k': 0.11148299766359336, 'fuel_half': 17.890117928710357}.
