[I 2026-07-22 21:46:10,554] Trial 699 finished with values: [10.575140486015975, 10.575140486015975] and parameters: {'k1': 0.002971796631657383, 'D_low': 13.25142220631392, 'k2': 2.1698375693549493e-05, 'D_high': 887331.2884015184, 'fire_exp': 1.0482996836046896, 'P_half': 13.019246714361572, 'pre_dampen_half': 36.876350096202984, 'gpp_af': 0.00219210598059826, 'gpp_b': 0.0032930655419269924, 'gpp_d': 700.6693992445935, 'ign_k': 0.0013726318898045872, 'ign_c': 2.5923015361558552, 'trop_agb_crit': 1.0917603465078451, 'trop_k_veg': 0.9793402026070162, 'fuel_k': 1.8731335591844647, 'fuel_half': 57.882001937752385}.
[I 2026-07-22 21:46:10,986] Trial 700 finished with values: [10.399514155559764, 10.399514155559764] and parameters: {'k1': 0.002968335334246999, 'D_low': 9.497440085397416, 'k2': 1.915468390724633e-05, 'D_high': 145242.37928628005, 'fire_exp': 1.0341837609578937, 'P_half': 220.3445560633069, 'pre_dampen_half': 36.876350096202984, 'gpp_af': 1.1300566419249867, 'gpp_b': 0.00011277885258222645, 'gpp_d': 857.4284557962626, 'ign_k': 3.210808548911192, 'ign_c': 15.221840161091619, 'trop_agb_crit': 24.584290528289387, 'trop_k_veg': 0.9793402026070162, 'fuel_k': 2.5629765645018403, 'fuel_half': 16.371966573507315}.
[I 2026-07-22 21:46:11,439] Trial 701 finished with values: [-0.6719511127458802, 0.5325107314792427] and parameters: {'k1': 0.004312951023617458, 'D_low': 6.471392405728638, 'k2': 0.002342238625792905, 'D_high': 71534.52030884045, 'fire_exp': 1.2120759485719061, 'P_half': 10.226988730324324, 'pre_dampen_half': 26.373339933815235, 'gpp_af': 0.03924302839842014, 'gpp_b': 0.0032930655419269924, 'gpp_d': 16.460426816350534, 'ign_k': 5.985024829384178, 'ign_c': 2.5923015361558552, 'trop_agb_crit': 6.1198430581046965, 'trop_k_veg': 1.7570501127699656, 'fuel_k': 0.02929333925546488, 'fuel_half': 16.371966573507315}.
[I 2026-07-22 21:46:11,903] Trial 702 finished with values: [10.406947890217479, 10.406947890217479] and parameters: {'k1': 0.004312951023617458, 'D_low': 9.497440085397416, 'k2': 0.07119679541167409, 'D_high': 107013.64911724928, 'fire_exp': 1.024589524149873, 'P_half': 220.3445560633069, 'pre_dampen_half': 269.0845367054863, 'gpp_af': 0.7539992074650282, 'gpp_b': 0.0032930655419269924, 'gpp_d': 12.151631524283598, 'ign_k': 0.47637374845937214, 'ign_c': 0.19678273362633986, 'trop_agb_crit': 24.584290528289387, 'trop_k_veg': 1.140286245977296, 'fuel_k': 0.3362607422366849, 'fuel_half': 38.21129441691226}.
[I 2026-07-22 21:46:12,352] Trial 703 finished with values: [10.388095691446589, 10.388095691446589] and parameters: {'k1': 0.002971796631657383, 'D_low': 13.25142220631392, 'k2': 0.0001971137615017176, 'D_high': 107013.64911724928, 'fire_exp': 2.422921140069454, 'P_half': 1.4378290221680121, 'pre_dampen_half': 36.876350096202984, 'gpp_af': 0.003422824370263182, 'gpp_b': 3.228689523591491e-05, 'gpp_d': 16.460426816350534, 'ign_k': 0.018707420137660268, 'ign_c': 6.1609752947414345, 'trop_agb_crit': 19.28597237496244, 'trop_k_veg': 2.410360404052941, 'fuel_k': 0.08612665817296865, 'fuel_half': 16.371966573507315}.
[I 2026-07-22 21:46:12,866] Trial 704 finished with values: [10.257788573236747, 10.257788573236747] and parameters: {'k1': 0.007895056976009628, 'D_low': 102.19595065529477, 'k2': 0.017300724838654365, 'D_high': 580966.5602369158, 'fire_exp': 1.4863059263304896, 'P_half': 220.3445560633069, 'pre_dampen_half': 269.0845367054863, 'gpp_af': 0.008562341633595545, 'gpp_b': 0.0005392415140872105, 'gpp_d': 302.3127748796295, 'ign_k': 0.006039096247545781, 'ign_c': 4.1108484350212295, 'trop_agb_crit': 19.28597237496244, 'trop_k_veg': 1.6340262437673856, 'fuel_k': 1.312881567992459, 'fuel_half': 38.21129441691226}.
[I 2026-07-22 21:46:13,386] Trial 705 finished with values: [-0.5811577482813435, 0.5534946231867168] and parameters: {'k1': 0.00023352156626184448, 'D_low': 102.19595065529477, 'k2': 1.127217425995114e-05, 'D_high': 145242.37928628005, 'fire_exp': 1.0341837609578937, 'P_half': 10.226988730324324, 'pre_dampen_half': 347.79988160923324, 'gpp_af': 0.0025511964576171086, 'gpp_b': 3.228689523591491e-05, 'gpp_d': 302.3127748796295, 'ign_k': 0.018707420137660268, 'ign_c': 6.1609752947414345, 'trop_agb_crit': 2.082468072533112, 'trop_k_veg': 4.599337386928772, 'fuel_k': 0.04572914063536324, 'fuel_half': 0.32476735706274484}.
[I 2026-07-22 21:46:13,868] Trial 706 finished with values: [-0.5954192883251473, 0.45179980811998155] and parameters: {'k1': 0.002971796631657383, 'D_low': 163.4864778201543, 'k2': 7.67074891445376e-05, 'D_high': 1488557.802851245, 'fire_exp': 1.0482996836046896, 'P_half': 10.226988730324324, 'pre_dampen_half': 158.2364439052928, 'gpp_af': 29.925002022877816, 'gpp_b': 2.8457393813758034, 'gpp_d': 316.31196273374786, 'ign_k': 0.018707420137660268, 'ign_c': 6.1609752947414345, 'trop_agb_crit': 6.1198430581046965, 'trop_k_veg': 1.1869544174841766, 'fuel_k': 0.028970790717327534, 'fuel_half': 16.371966573507315}.
[I 2026-07-22 21:46:14,368] Trial 707 finished with values: [10.223545944605627, 10.223545944605627] and parameters: {'k1': 0.002968335334246999, 'D_low': 9.497440085397416, 'k2': 1.915468390724633e-05, 'D_high': 10885.570053913383, 'fire_exp': 1.024589524149873, 'P_half': 220.3445560633069, 'pre_dampen_half': 502.5175192217655, 'gpp_af': 0.7539992074650282, 'gpp_b': 0.0021331409710300844, 'gpp_d': 16.460426816350534, 'ign_k': 0.06807874826564587, 'ign_c': 15.221840161091619, 'trop_agb_crit': 24.584290528289387, 'trop_k_veg': 1.4584243470991722, 'fuel_k': 4.680936683972859, 'fuel_half': 52.005817291141206}.
[I 2026-07-22 21:46:14,833] Trial 708 finished with values: [-0.6267311711838027, 0.4977048886992784] and parameters: {'k1': 0.002968335334246999, 'D_low': 102.19595065529477, 'k2': 2.1698375693549493e-05, 'D_high': 71534.52030884045, 'fire_exp': 1.024589524149873, 'P_half': 13.019246714361572, 'pre_dampen_half': 269.0845367054863, 'gpp_af': 0.03924302839842014, 'gpp_b': 0.0032930655419269924, 'gpp_d': 0.3619181297408274, 'ign_k': 3.210808548911192, 'ign_c': 0.19678273362633986, 'trop_agb_crit': 6.1198430581046965, 'trop_k_veg': 0.6903814430415869, 'fuel_k': 0.08612665817296865, 'fuel_half': 16.371966573507315}.
[I 2026-07-22 21:46:15,274] Trial 709 finished with values: [10.398742934710903, 10.398742934710903] and parameters: {'k1': 0.002968335334246999, 'D_low': 102.19595065529477, 'k2': 0.0001971137615017176, 'D_high': 145242.37928628005, 'fire_exp': 1.0341837609578937, 'P_half': 10.226988730324324, 'pre_dampen_half': 269.0845367054863, 'gpp_af': 1.1300566419249867, 'gpp_b': 3.228689523591491e-05, 'gpp_d': 12.151631524283598, 'ign_k': 0.04732407125181112, 'ign_c': 4.1108484350212295, 'trop_agb_crit': 6.1198430581046965, 'trop_k_veg': 1.6340262437673856, 'fuel_k': 0.7156083490235493, 'fuel_half': 38.21129441691226}.
[I 2026-07-22 21:46:15,718] Trial 710 finished with values: [10.133367517377339, 10.133367517377339] and parameters: {'k1': 0.002968335334246999, 'D_low': 9.497440085397416, 'k2': 1.127217425995114e-05, 'D_high': 580966.5602369158, 'fire_exp': 2.3987174696212126, 'P_half': 10.226988730324324, 'pre_dampen_half': 1.5760080924500026, 'gpp_af': 0.4224904711663322, 'gpp_b': 0.0021331409710300844, 'gpp_d': 12.151631524283598, 'ign_k': 3.210808548911192, 'ign_c': 0.26464197991178373, 'trop_agb_crit': 24.584290528289387, 'trop_k_veg': 1.6340262437673856, 'fuel_k': 4.680936683972859, 'fuel_half': 38.21129441691226}.
[I 2026-07-22 21:46:16,164] Trial 711 finished with values: [10.15721807764577, 10.15721807764577] and parameters: {'k1': 0.0029707920514735983, 'D_low': 9.497440085397416, 'k2': 1.6559474674046002e-05, 'D_high': 1488557.802851245, 'fire_exp': 1.0862503061991866, 'P_half': 10.226988730324324, 'pre_dampen_half': 502.5175192217655, 'gpp_af': 0.0025511964576171086, 'gpp_b': 0.0005995821881487623, 'gpp_d': 857.4284557962626, 'ign_k': 0.03141110271934876, 'ign_c': 8.405439129313676, 'trop_agb_crit': 1.1195539271968775, 'trop_k_veg': 0.9369104721775232, 'fuel_k': 0.08612665817296865, 'fuel_half': 52.005817291141206}.
[I 2026-07-22 21:46:16,663] Trial 712 finished with values: [10.808112343814885, 10.808112343814885] and parameters: {'k1': 0.052334804885400876, 'D_low': 2.9612221068836555, 'k2': 0.017300724838654365, 'D_high': 580966.5602369158, 'fire_exp': 1.161749421319469, 'P_half': 220.3445560633069, 'pre_dampen_half': 269.0845367054863, 'gpp_af': 0.4224904711663322, 'gpp_b': 0.0005392415140872105, 'gpp_d': 12.151631524283598, 'ign_k': 3.210808548911192, 'ign_c': 0.19678273362633986, 'trop_agb_crit': 19.28597237496244, 'trop_k_veg': 1.6340262437673856, 'fuel_k': 1.312881567992459, 'fuel_half': 38.21129441691226}.
[I 2026-07-22 21:46:17,118] Trial 713 finished with values: [-0.6958924424311356, 0.3275660450919867] and parameters: {'k1': 0.004312951023617458, 'D_low': 102.19595065529477, 'k2': 0.003658518527736814, 'D_high': 1488557.802851245, 'fire_exp': 1.024589524149873, 'P_half': 220.3445560633069, 'pre_dampen_half': 502.5175192217655, 'gpp_af': 0.015769192447197523, 'gpp_b': 0.0054502936945582505, 'gpp_d': 16.460426816350534, 'ign_k': 3.210808548911192, 'ign_c': 8.405439129313676, 'trop_agb_crit': 9.836162684900028, 'trop_k_veg': 0.5695379443977426, 'fuel_k': 0.02929333925546488, 'fuel_half': 0.4447485568484281}.
[I 2026-07-22 21:46:17,557] Trial 714 finished with values: [10.759389682914268, 10.759389682914268] and parameters: {'k1': 0.002971796631657383, 'D_low': 102.19595065529477, 'k2': 2.1698375693549493e-05, 'D_high': 1693415.5410667954, 'fire_exp': 1.7642447597529367, 'P_half': 10.226988730324324, 'pre_dampen_half': 269.0845367054863, 'gpp_af': 0.03924302839842014, 'gpp_b': 3.228689523591491e-05, 'gpp_d': 4.576857873108685, 'ign_k': 8.761971101023699, 'ign_c': 4.1108484350212295, 'trop_agb_crit': 2.082468072533112, 'trop_k_veg': 0.9369104721775232, 'fuel_k': 0.7156083490235493, 'fuel_half': 16.371966573507315}.
  trial  715/1500  pareto_size=4  best_taylor=0.7888  best_ilamb=0.5645  (5.4 min)
[I 2026-07-22 21:46:18,166] Trial 715 finished with values: [10.76006116557822, 10.76006116557822] and parameters: {'k1': 0.002971796631657383, 'D_low': 102.19595065529477, 'k2': 1.6559474674046002e-05, 'D_high': 1488557.802851245, 'fire_exp': 1.0482996836046896, 'P_half': 10.226988730324324, 'pre_dampen_half': 269.0845367054863, 'gpp_af': 0.03924302839842014, 'gpp_b': 2.8457393813758034, 'gpp_d': 373.3014953695604, 'ign_k': 0.018707420137660268, 'ign_c': 4.1108484350212295, 'trop_agb_crit': 2.539877620672643, 'trop_k_veg': 0.9369104721775232, 'fuel_k': 1.8731335591844647, 'fuel_half': 16.371966573507315}.
[I 2026-07-22 21:46:18,645] Trial 716 finished with values: [-0.6591794513582874, 0.5573433350123442] and parameters: {'k1': 0.002968335334246999, 'D_low': 102.19595065529477, 'k2': 0.017300724838654365, 'D_high': 107013.64911724928, 'fire_exp': 2.3987174696212126, 'P_half': 220.3445560633069, 'pre_dampen_half': 502.5175192217655, 'gpp_af': 1.782401184029456, 'gpp_b': 8.168628001294799e-05, 'gpp_d': 16.460426816350534, 'ign_k': 3.210808548911192, 'ign_c': 4.1108484350212295, 'trop_agb_crit': 6.1198430581046965, 'trop_k_veg': 1.6340262437673856, 'fuel_k': 4.680936683972859, 'fuel_half': 38.21129441691226}.
[I 2026-07-22 21:46:19,097] Trial 717 finished with values: [10.34975779592539, 10.34975779592539] and parameters: {'k1': 0.002968335334246999, 'D_low': 9.497440085397416, 'k2': 1.759537424265476e-05, 'D_high': 71534.52030884045, 'fire_exp': 2.3987174696212126, 'P_half': 220.3445560633069, 'pre_dampen_half': 502.5175192217655, 'gpp_af': 1.1300566419249867, 'gpp_b': 0.0021331409710300844, 'gpp_d': 16.460426816350534, 'ign_k': 3.210808548911192, 'ign_c': 15.221840161091619, 'trop_agb_crit': 24.584290528289387, 'trop_k_veg': 1.4584243470991722, 'fuel_k': 4.680936683972859, 'fuel_half': 52.005817291141206}.
[I 2026-07-22 21:46:19,535] Trial 718 finished with values: [10.742296023806437, 10.742296023806437] and parameters: {'k1': 0.002971796631657383, 'D_low': 102.19595065529477, 'k2': 0.0034207303670092245, 'D_high': 1693415.5410667954, 'fire_exp': 2.4645237762603327, 'P_half': 1327.536113719196, 'pre_dampen_half': 347.79988160923324, 'gpp_af': 0.015769192447197523, 'gpp_b': 0.0032930655419269924, 'gpp_d': 1.99068305115693, 'ign_k': 0.006290644294586149, 'ign_c': 0.11650681118986138, 'trop_agb_crit': 6.1198430581046965, 'trop_k_veg': 0.9793402026070162, 'fuel_k': 0.08612665817296865, 'fuel_half': 0.32476735706274484}.
[I 2026-07-22 21:46:19,971] Trial 719 finished with values: [10.991197435528177, 10.991197435528177] and parameters: {'k1': 0.002971796631657383, 'D_low': 102.19595065529477, 'k2': 2.1698375693549493e-05, 'D_high': 1693415.5410667954, 'fire_exp': 1.0341837609578937, 'P_half': 13.019246714361572, 'pre_dampen_half': 269.0845367054863, 'gpp_af': 0.03924302839842014, 'gpp_b': 0.00012118589392553819, 'gpp_d': 4.576857873108685, 'ign_k': 8.761971101023699, 'ign_c': 4.1108484350212295, 'trop_agb_crit': 1.1195539271968775, 'trop_k_veg': 0.9793402026070162, 'fuel_k': 4.680936683972859, 'fuel_half': 16.371966573507315}.
[I 2026-07-22 21:46:20,413] Trial 720 finished with values: [10.712375115323665, 10.712375115323665] and parameters: {'k1': 0.003242143344038315, 'D_low': 163.4864778201543, 'k2': 0.011469197890812934, 'D_high': 1488557.802851245, 'fire_exp': 1.0341837609578937, 'P_half': 10.226988730324324, 'pre_dampen_half': 10.059683154936915, 'gpp_af': 29.925002022877816, 'gpp_b': 0.005135775987795958, 'gpp_d': 373.3014953695604, 'ign_k': 1.07907786430243, 'ign_c': 6.1609752947414345, 'trop_agb_crit': 2.539877620672643, 'trop_k_veg': 0.9369104721775232, 'fuel_k': 0.028970790717327534, 'fuel_half': 16.371966573507315}.
[I 2026-07-22 21:46:20,886] Trial 721 finished with values: [10.35295566774239, 10.35295566774239] and parameters: {'k1': 0.002971796631657383, 'D_low': 9.497440085397416, 'k2': 1.915468390724633e-05, 'D_high': 71534.52030884045, 'fire_exp': 1.024589524149873, 'P_half': 220.3445560633069, 'pre_dampen_half': 269.0845367054863, 'gpp_af': 0.7539992074650282, 'gpp_b': 0.0021331409710300844, 'gpp_d': 0.3619181297408274, 'ign_k': 0.06807874826564587, 'ign_c': 4.1108484350212295, 'trop_agb_crit': 2.539877620672643, 'trop_k_veg': 1.4584243470991722, 'fuel_k': 4.680936683972859, 'fuel_half': 16.371966573507315}.
[I 2026-07-22 21:46:21,331] Trial 722 finished with values: [10.364208659084452, 10.364208659084452] and parameters: {'k1': 0.00023352156626184448, 'D_low': 6.471392405728638, 'k2': 0.002342238625792905, 'D_high': 71534.52030884045, 'fire_exp': 1.2120759485719061, 'P_half': 13.019246714361572, 'pre_dampen_half': 26.373339933815235, 'gpp_af': 0.0025511964576171086, 'gpp_b': 0.0032930655419269924, 'gpp_d': 16.460426816350534, 'ign_k': 5.985024829384178, 'ign_c': 6.1609752947414345, 'trop_agb_crit': 5.881906289439389, 'trop_k_veg': 1.7570501127699656, 'fuel_k': 0.04572914063536324, 'fuel_half': 0.32476735706274484}.
[I 2026-07-22 21:46:21,784] Trial 723 finished with values: [-0.6484758320820091, 0.3967589795379258] and parameters: {'k1': 0.002971796631657383, 'D_low': 9.497440085397416, 'k2': 2.1698375693549493e-05, 'D_high': 71534.52030884045, 'fire_exp': 1.024589524149873, 'P_half': 10.226988730324324, 'pre_dampen_half': 36.876350096202984, 'gpp_af': 0.015769192447197523, 'gpp_b': 0.0032930655419269924, 'gpp_d': 316.31196273374786, 'ign_k': 5.985024829384178, 'ign_c': 6.3906950920732175, 'trop_agb_crit': 9.836162684900028, 'trop_k_veg': 1.7570501127699656, 'fuel_k': 0.029111707920759254, 'fuel_half': 42.6871254378718}.
[I 2026-07-22 21:46:22,238] Trial 724 finished with values: [-0.7583625987043217, 0.5402656539605097] and parameters: {'k1': 0.002971796631657383, 'D_low': 102.19595065529477, 'k2': 0.017300724838654365, 'D_high': 145242.37928628005, 'fire_exp': 1.4905138918021545, 'P_half': 220.3445560633069, 'pre_dampen_half': 36.876350096202984, 'gpp_af': 0.0025511964576171086, 'gpp_b': 2.2334836264661435e-05, 'gpp_d': 16.460426816350534, 'ign_k': 3.210808548911192, 'ign_c': 6.1609752947414345, 'trop_agb_crit': 6.1198430581046965, 'trop_k_veg': 0.9793402026070162, 'fuel_k': 4.680936683972859, 'fuel_half': 28.412055118924748}.
[I 2026-07-22 21:46:22,693] Trial 725 finished with values: [-0.4963657542659068, 0.5027345325082231] and parameters: {'k1': 0.003242143344038315, 'D_low': 163.4864778201543, 'k2': 2.1698375693549493e-05, 'D_high': 71534.52030884045, 'fire_exp': 1.0862503061991866, 'P_half': 10.226988730324324, 'pre_dampen_half': 502.5175192217655, 'gpp_af': 0.0025511964576171086, 'gpp_b': 3.228689523591491e-05, 'gpp_d': 9.00460602264307, 'ign_k': 0.03141110271934876, 'ign_c': 15.221840161091619, 'trop_agb_crit': 24.584290528289387, 'trop_k_veg': 0.9369104721775232, 'fuel_k': 4.680936683972859, 'fuel_half': 42.6871254378718}.
[I 2026-07-22 21:46:23,152] Trial 726 finished with values: [-0.7307350109765792, 0.4201460572424529] and parameters: {'k1': 0.09538174612713206, 'D_low': 2.9612221068836555, 'k2': 0.0034207303670092245, 'D_high': 580966.5602369158, 'fire_exp': 1.161749421319469, 'P_half': 136.0956887810302, 'pre_dampen_half': 33.97904243111269, 'gpp_af': 0.008562341633595545, 'gpp_b': 0.0005392415140872105, 'gpp_d': 302.3127748796295, 'ign_k': 0.006039096247545781, 'ign_c': 0.11650681118986138, 'trop_agb_crit': 3.5522713231614182, 'trop_k_veg': 1.6340262437673856, 'fuel_k': 1.312881567992459, 'fuel_half': 0.33988503110784557}.
[I 2026-07-22 21:46:23,598] Trial 727 finished with values: [10.027571878115053, 10.027571878115053] and parameters: {'k1': 0.002971796631657383, 'D_low': 163.4864778201543, 'k2': 0.015109086063191909, 'D_high': 145242.37928628005, 'fire_exp': 2.3987174696212126, 'P_half': 220.3445560633069, 'pre_dampen_half': 269.0845367054863, 'gpp_af': 1.1300566419249867, 'gpp_b': 0.00011277885258222645, 'gpp_d': 857.4284557962626, 'ign_k': 3.210808548911192, 'ign_c': 6.1609752947414345, 'trop_agb_crit': 24.584290528289387, 'trop_k_veg': 1.6340262437673856, 'fuel_k': 4.680936683972859, 'fuel_half': 38.21129441691226}.
[I 2026-07-22 21:46:24,075] Trial 728 finished with values: [-0.7039202814160589, 0.43195405235107265] and parameters: {'k1': 0.002971796631657383, 'D_low': 2.221689517798535, 'k2': 0.017300724838654365, 'D_high': 107013.64911724928, 'fire_exp': 2.3987174696212126, 'P_half': 48.464976792190825, 'pre_dampen_half': 36.876350096202984, 'gpp_af': 0.015769192447197523, 'gpp_b': 0.0007040113316769033, 'gpp_d': 12.151631524283598, 'ign_k': 0.602755130171958, 'ign_c': 6.1609752947414345, 'trop_agb_crit': 24.584290528289387, 'trop_k_veg': 0.9793402026070162, 'fuel_k': 1.8731335591844647, 'fuel_half': 38.21129441691226}.
[I 2026-07-22 21:46:24,557] Trial 729 finished with values: [10.192849863039712, 10.192849863039712] and parameters: {'k1': 0.00013783578294796384, 'D_low': 9.497440085397416, 'k2': 1.915468390724633e-05, 'D_high': 145242.37928628005, 'fire_exp': 1.0482996836046896, 'P_half': 220.3445560633069, 'pre_dampen_half': 502.5175192217655, 'gpp_af': 82.86948241023232, 'gpp_b': 0.00012118589392553819, 'gpp_d': 857.4284557962626, 'ign_k': 8.761971101023699, 'ign_c': 15.221840161091619, 'trop_agb_crit': 9.836162684900028, 'trop_k_veg': 1.6340262437673856, 'fuel_k': 4.680936683972859, 'fuel_half': 52.005817291141206}.
[I 2026-07-22 21:46:25,032] Trial 730 finished with values: [-0.682005208355273, 0.34575295425669716] and parameters: {'k1': 0.002968335334246999, 'D_low': 2.8627614274446977, 'k2': 0.020149789847008874, 'D_high': 107013.64911724928, 'fire_exp': 2.3987174696212126, 'P_half': 220.3445560633069, 'pre_dampen_half': 502.5175192217655, 'gpp_af': 0.4224904711663322, 'gpp_b': 0.0021331409710300844, 'gpp_d': 12.151631524283598, 'ign_k': 3.210808548911192, 'ign_c': 0.19678273362633986, 'trop_agb_crit': 1.7813653882411722, 'trop_k_veg': 1.6340262437673856, 'fuel_k': 0.04618261343082179, 'fuel_half': 38.21129441691226}.
[I 2026-07-22 21:46:25,492] Trial 731 finished with values: [-0.7585648948286473, 0.37887703045865273] and parameters: {'k1': 0.003663433473924883, 'D_low': 2.8627614274446977, 'k2': 0.017300724838654365, 'D_high': 107013.64911724928, 'fire_exp': 2.3987174696212126, 'P_half': 220.3445560633069, 'pre_dampen_half': 502.5175192217655, 'gpp_af': 0.4224904711663322, 'gpp_b': 0.0032930655419269924, 'gpp_d': 12.151631524283598, 'ign_k': 0.47637374845937214, 'ign_c': 0.3706785664265659, 'trop_agb_crit': 19.28597237496244, 'trop_k_veg': 1.140286245977296, 'fuel_k': 4.680936683972859, 'fuel_half': 38.21129441691226}.
[I 2026-07-22 21:46:25,943] Trial 732 finished with values: [-0.6914696199021633, 0.6085947679314803] and parameters: {'k1': 0.0029707920514735983, 'D_low': 9.497440085397416, 'k2': 0.0034207303670092245, 'D_high': 71534.52030884045, 'fire_exp': 1.024589524149873, 'P_half': 10.226988730324324, 'pre_dampen_half': 502.5175192217655, 'gpp_af': 0.03924302839842014, 'gpp_b': 0.0005995821881487623, 'gpp_d': 316.31196273374786, 'ign_k': 0.024287565087611766, 'ign_c': 2.5923015361558552, 'trop_agb_crit': 9.836162684900028, 'trop_k_veg': 6.911478238001162, 'fuel_k': 0.08612665817296865, 'fuel_half': 0.33988503110784557}.
[I 2026-07-22 21:46:26,400] Trial 733 finished with values: [-0.6969594720169926, 0.4300243241889634] and parameters: {'k1': 0.003663433473924883, 'D_low': 9.497440085397416, 'k2': 0.017300724838654365, 'D_high': 107013.64911724928, 'fire_exp': 1.024589524149873, 'P_half': 13.019246714361572, 'pre_dampen_half': 36.876350096202984, 'gpp_af': 0.015769192447197523, 'gpp_b': 0.0032930655419269924, 'gpp_d': 302.3127748796295, 'ign_k': 3.210808548911192, 'ign_c': 6.1609752947414345, 'trop_agb_crit': 1.1195539271968775, 'trop_k_veg': 1.140286245977296, 'fuel_k': 4.680936683972859, 'fuel_half': 38.21129441691226}.
