[I 2026-08-20 00:41:55,349] Trial 1242 finished with value: 0.5126687534603452 and parameters: {'k1': 0.00016984012478888646, 'D_low': 6.9408892139634535, 'k2': 0.011103926470484221, 'D_high': 4912714.175206802, 'fire_exp': 3.9587778700873173, 'P_half': 21.885840316558596, 'pre_dampen_half': 20.062564252051224, 'gpp_af': 1.0306740185865635, 'gpp_b': 8.172548543827617e-05, 'gpp_d': 337.68038420229476, 'ign_k': 8.3708022025022, 'ign_c': 26.967151199672657, 'trop_agb_crit': 8.163924234194683, 'trop_k_veg': 1.2023817005160728}. Best is trial 0 with value: -0.5989088506199346.
[I 2026-08-20 00:41:56,922] Trial 1243 finished with value: 0.6445374145881376 and parameters: {'k1': 1.2213231007288188e-05, 'D_low': 2823.7785347579397, 'k2': 0.0006703954493058094, 'D_high': 6837.8912699030425, 'fire_exp': 9.731442978365505, 'P_half': 34.691752071290516, 'pre_dampen_half': 448.98428280004083, 'gpp_af': 0.004823935409089377, 'gpp_b': 0.0938544179260111, 'gpp_d': 155.66327616862424, 'ign_k': 0.48195680256175866, 'ign_c': 0.773811528313837, 'trop_agb_crit': 2.1211066853322484, 'trop_k_veg': 0.8713918569431751}. Best is trial 0 with value: -0.5989088506199346.
[I 2026-08-20 00:41:58,372] Trial 1244 finished with value: 0.5052284526152473 and parameters: {'k1': 7.922867578206511e-05, 'D_low': 7.19130768816645, 'k2': 0.007292923011483099, 'D_high': 252758.01258275885, 'fire_exp': 4.233813790409133, 'P_half': 1.1339447656581625, 'pre_dampen_half': 11.491911901245937, 'gpp_af': 0.0792840531278198, 'gpp_b': 0.004325455431647336, 'gpp_d': 371.8911410503675, 'ign_k': 2.139934784602633, 'ign_c': 12.178206135099002, 'trop_agb_crit': 6.474240923955815, 'trop_k_veg': 2.984595874712983}. Best is trial 0 with value: -0.5989088506199346.
[I 2026-08-20 00:41:59,781] Trial 1245 finished with value: 0.41843475482126846 and parameters: {'k1': 0.00047623547750249234, 'D_low': 16.074419554752946, 'k2': 0.0002714415091946358, 'D_high': 1664520.466012095, 'fire_exp': 1.084903378184094, 'P_half': 12.831426079983773, 'pre_dampen_half': 2.451556297509156, 'gpp_af': 0.03694626947252451, 'gpp_b': 0.00387378799229465, 'gpp_d': 19.682643034893996, 'ign_k': 0.4773354467759701, 'ign_c': 5.560072505421542, 'trop_agb_crit': 2.7229601239382224, 'trop_k_veg': 5.636376322792699}. Best is trial 0 with value: -0.5989088506199346.
[I 2026-08-20 00:42:01,390] Trial 1246 finished with value: 0.6445374145881376 and parameters: {'k1': 0.004291026391335539, 'D_low': 15.722242015123664, 'k2': 0.03050132743163128, 'D_high': 4038842.7379123573, 'fire_exp': 1.5993014783170905, 'P_half': 443.16825583027594, 'pre_dampen_half': 691.6495556635043, 'gpp_af': 0.022275868827751667, 'gpp_b': 0.02613047202856456, 'gpp_d': 0.9380579733049716, 'ign_k': 8.495603990994168, 'ign_c': 175.20877949394128, 'trop_agb_crit': 1.2837135331326806, 'trop_k_veg': 3.156682985432531}. Best is trial 0 with value: -0.5989088506199346.
[I 2026-08-20 00:42:02,830] Trial 1247 finished with value: 0.4781196830326431 and parameters: {'k1': 0.0002614820230820789, 'D_low': 28653.707390952237, 'k2': 0.00023984561231994337, 'D_high': 7195053.610772296, 'fire_exp': 1.0869165700225367, 'P_half': 98.69870255943644, 'pre_dampen_half': 42.10586105563107, 'gpp_af': 0.01098476301989679, 'gpp_b': 0.0006914630049773125, 'gpp_d': 2.2421090508462407, 'ign_k': 1.9818043303054598, 'ign_c': 23.01868737041229, 'trop_agb_crit': 17.50737246828436, 'trop_k_veg': 2.585391866979572}. Best is trial 0 with value: -0.5989088506199346.
[I 2026-08-20 00:42:04,330] Trial 1248 finished with value: 0.6460758169193478 and parameters: {'k1': 0.0012905394225578713, 'D_low': 1.1098516237669538, 'k2': 6.781027467195338e-05, 'D_high': 8808117.646237204, 'fire_exp': 2.8874567262925686, 'P_half': 31.08340317933218, 'pre_dampen_half': 23.68693434954255, 'gpp_af': 0.18227325794878513, 'gpp_b': 0.26504678646401963, 'gpp_d': 47.22630774570491, 'ign_k': 1.3255046191699036, 'ign_c': 35.425753350175086, 'trop_agb_crit': 8.00401385822306, 'trop_k_veg': 2.55627647706105}. Best is trial 0 with value: -0.5989088506199346.
[I 2026-08-20 00:42:05,797] Trial 1249 finished with value: 0.6445374145881376 and parameters: {'k1': 3.3660396340647286e-05, 'D_low': 1.1585170788805341, 'k2': 0.00013893370302956075, 'D_high': 617283.4557773576, 'fire_exp': 4.5863860121404345, 'P_half': 2.255355220285424, 'pre_dampen_half': 91.96648389021026, 'gpp_af': 2.27848980772394, 'gpp_b': 0.0018659130323594277, 'gpp_d': 374.75529460592816, 'ign_k': 6.357872308745616, 'ign_c': 57.3833461660909, 'trop_agb_crit': 8.967186501900345, 'trop_k_veg': 1.331874596552269}. Best is trial 0 with value: -0.5989088506199346.
[I 2026-08-20 00:42:07,308] Trial 1250 finished with value: 0.5019310776314232 and parameters: {'k1': 2.1715178928915007e-05, 'D_low': 43.05936458656986, 'k2': 0.00019031499019870644, 'D_high': 4345028.697953386, 'fire_exp': 2.934782082380032, 'P_half': 1.4199134835898046, 'pre_dampen_half': 102.533272997177, 'gpp_af': 0.014080574661725511, 'gpp_b': 0.0008856614819437607, 'gpp_d': 19.172324367662895, 'ign_k': 7.061184161374131, 'ign_c': 8.618284698721906, 'trop_agb_crit': 10.16351805282209, 'trop_k_veg': 0.7703344531876469}. Best is trial 0 with value: -0.5989088506199346.
[I 2026-08-20 00:42:08,749] Trial 1251 finished with value: -0.5480316640529672 and parameters: {'k1': 5.007537089389e-05, 'D_low': 219.74948356643293, 'k2': 0.0018329683880351862, 'D_high': 2018093.9725012348, 'fire_exp': 5.145878782411683, 'P_half': 1.8736406273178638, 'pre_dampen_half': 43.85531663243398, 'gpp_af': 0.02297842761884098, 'gpp_b': 3.3426100168587897e-05, 'gpp_d': 0.15132472668128877, 'ign_k': 1.9904781217956877, 'ign_c': 1.1304674089923634, 'trop_agb_crit': 13.554621361912291, 'trop_k_veg': 4.681797842249603}. Best is trial 0 with value: -0.5989088506199346.
[I 2026-08-20 00:42:10,533] Trial 1252 finished with value: 0.5257582617202915 and parameters: {'k1': 0.0003493830009296997, 'D_low': 10.123151989985393, 'k2': 8.610518111032752e-05, 'D_high': 110235.08342049563, 'fire_exp': 3.5882155510670097, 'P_half': 60.582012292850735, 'pre_dampen_half': 1.7491603404617042, 'gpp_af': 4.574071578535755, 'gpp_b': 0.0280133971752105, 'gpp_d': 282.4098919902337, 'ign_k': 0.7411771835198384, 'ign_c': 0.7667483082967694, 'trop_agb_crit': 13.133298862977599, 'trop_k_veg': 0.6957248723020475}. Best is trial 0 with value: -0.5989088506199346.
[I 2026-08-20 00:42:11,992] Trial 1253 finished with value: 0.5128067071961666 and parameters: {'k1': 0.0012415916531111199, 'D_low': 1.0879066028662165, 'k2': 0.0009250227297050666, 'D_high': 1869951.8034532932, 'fire_exp': 3.847830670258526, 'P_half': 20.71865788966079, 'pre_dampen_half': 0.26935543903139114, 'gpp_af': 0.02900560487810802, 'gpp_b': 0.0001515678102317085, 'gpp_d': 29.060945575094173, 'ign_k': 1.3909832415326089, 'ign_c': 0.5404320724436351, 'trop_agb_crit': 3.0704751945515616, 'trop_k_veg': 2.210980738950261}. Best is trial 0 with value: -0.5989088506199346.
[I 2026-08-20 00:42:13,515] Trial 1254 finished with value: 0.46532878704967373 and parameters: {'k1': 0.0007100772261595817, 'D_low': 2.313510916928746, 'k2': 0.00018052555313905153, 'D_high': 1588296.6738868062, 'fire_exp': 1.9165262759905919, 'P_half': 7.334990730916558, 'pre_dampen_half': 31.083456199702237, 'gpp_af': 88.50848158639324, 'gpp_b': 0.08643489351098377, 'gpp_d': 573.7717578685767, 'ign_k': 0.3907347172882122, 'ign_c': 3.942591704053448, 'trop_agb_crit': 1.2260396452112574, 'trop_k_veg': 4.142319896564237}. Best is trial 0 with value: -0.5989088506199346.
[I 2026-08-20 00:42:14,996] Trial 1255 finished with value: 0.6120584029299376 and parameters: {'k1': 0.0006593327787914485, 'D_low': 26287.47074274981, 'k2': 1.9557359725955477e-05, 'D_high': 837314.8427258137, 'fire_exp': 3.527324181396778, 'P_half': 7.8050600317511165, 'pre_dampen_half': 0.07489925108724174, 'gpp_af': 0.44737601421456574, 'gpp_b': 0.1479156247775939, 'gpp_d': 6.076184369889484, 'ign_k': 0.0012119256968021119, 'ign_c': 0.9974999634546401, 'trop_agb_crit': 11.977550597580086, 'trop_k_veg': 4.520292188699694}. Best is trial 0 with value: -0.5989088506199346.
[I 2026-08-20 00:42:16,464] Trial 1256 finished with value: 0.6445374145881376 and parameters: {'k1': 0.00041535938878495575, 'D_low': 2.1637704576643495, 'k2': 0.003741302755847615, 'D_high': 296647.2602697824, 'fire_exp': 5.331183880323709, 'P_half': 5.591068157946089, 'pre_dampen_half': 347.6675236420634, 'gpp_af': 0.6212227777091537, 'gpp_b': 0.000514680517860368, 'gpp_d': 114.5753826075804, 'ign_k': 2.210123121455749, 'ign_c': 42.31140649045365, 'trop_agb_crit': 10.417501941314985, 'trop_k_veg': 3.116094622618813}. Best is trial 0 with value: -0.5989088506199346.
[I 2026-08-20 00:42:18,029] Trial 1257 finished with value: 0.6445374145881376 and parameters: {'k1': 6.768260028932374e-05, 'D_low': 2.2898769849458507, 'k2': 0.0005493784117365998, 'D_high': 4402355.335161849, 'fire_exp': 8.539913237754034, 'P_half': 3.045845926776014, 'pre_dampen_half': 78.36234895372752, 'gpp_af': 0.1684523104666158, 'gpp_b': 0.00032927682449661414, 'gpp_d': 187.22452016821907, 'ign_k': 1.9174539140969218, 'ign_c': 40.84624114905625, 'trop_agb_crit': 7.082142739526148, 'trop_k_veg': 1.5123369296306504}. Best is trial 0 with value: -0.5989088506199346.
[I 2026-08-20 00:42:19,428] Trial 1258 finished with value: 0.4871662044662781 and parameters: {'k1': 0.0004295135386453706, 'D_low': 6980.086343142435, 'k2': 0.02015997028759647, 'D_high': 6831679.390134698, 'fire_exp': 1.7062100766178308, 'P_half': 1.1698668358798674, 'pre_dampen_half': 3.7307559237842343, 'gpp_af': 11.405109204886674, 'gpp_b': 0.3551668195845489, 'gpp_d': 18.391514615356048, 'ign_k': 0.12538403066920156, 'ign_c': 0.14809036967657313, 'trop_agb_crit': 13.513767545862397, 'trop_k_veg': 5.348466878530719}. Best is trial 0 with value: -0.5989088506199346.
[I 2026-08-20 00:42:20,885] Trial 1259 finished with value: -0.5906449526854238 and parameters: {'k1': 0.004143239613097916, 'D_low': 9.972696246093058, 'k2': 1.2895941633369266e-05, 'D_high': 5670508.750340666, 'fire_exp': 3.8270944569953134, 'P_half': 2.8032587207892345, 'pre_dampen_half': 27.399648538877656, 'gpp_af': 3.547114483046477, 'gpp_b': 0.014872648342109662, 'gpp_d': 42.70833779397648, 'ign_k': 1.6956698013474543, 'ign_c': 17.276408832139182, 'trop_agb_crit': 3.955562662672717, 'trop_k_veg': 1.2063778545506176}. Best is trial 0 with value: -0.5989088506199346.
[I 2026-08-20 00:42:22,334] Trial 1260 finished with value: 0.6445374145881376 and parameters: {'k1': 0.0007276143921837289, 'D_low': 135163.46658338333, 'k2': 0.00022827303983810883, 'D_high': 104.90145698330944, 'fire_exp': 4.25365425983548, 'P_half': 25.86150589537879, 'pre_dampen_half': 1.7443924038991305, 'gpp_af': 0.6569242778876463, 'gpp_b': 0.0015131867910991195, 'gpp_d': 5.766011547931948, 'ign_k': 0.005141584118252151, 'ign_c': 702.7640842448367, 'trop_agb_crit': 8.35503342843129, 'trop_k_veg': 1.2864949780834223}. Best is trial 0 with value: -0.5989088506199346.
[I 2026-08-20 00:42:23,914] Trial 1261 finished with value: 0.6365752724296538 and parameters: {'k1': 0.0031840328886683375, 'D_low': 162047.7840851254, 'k2': 1.1865125817787916e-05, 'D_high': 3109881.779630897, 'fire_exp': 1.6765630319294464, 'P_half': 593.5117538725032, 'pre_dampen_half': 17.37231417316208, 'gpp_af': 5.07580817030863, 'gpp_b': 0.3457682708066321, 'gpp_d': 0.5161666121153022, 'ign_k': 0.009936940764003149, 'ign_c': 0.422999288082052, 'trop_agb_crit': 4.451290850419373, 'trop_k_veg': 1.8591155458272082}. Best is trial 0 with value: -0.5989088506199346.
[I 2026-08-20 00:42:25,430] Trial 1262 finished with value: 0.6445374145881376 and parameters: {'k1': 0.032946196483941585, 'D_low': 1.6634578675644138, 'k2': 1.027468661420826e-05, 'D_high': 1917761.6503024918, 'fire_exp': 4.021087016353334, 'P_half': 11.754492372295186, 'pre_dampen_half': 6.775269686907411, 'gpp_af': 8.926731741194514, 'gpp_b': 1.0992320194972631, 'gpp_d': 1.6088385992156593, 'ign_k': 0.9608834839834925, 'ign_c': 612.2745602100003, 'trop_agb_crit': 5.9953182579758835, 'trop_k_veg': 1.5641436216487663}. Best is trial 0 with value: -0.5989088506199346.
[I 2026-08-20 00:42:26,961] Trial 1263 finished with value: 0.6445374145881376 and parameters: {'k1': 0.0025609884538072307, 'D_low': 127009.81144536225, 'k2': 0.00010585847640994246, 'D_high': 1242.0698169493637, 'fire_exp': 4.114200645008526, 'P_half': 7.5730707718758135, 'pre_dampen_half': 776.2458045875933, 'gpp_af': 0.3584700601219054, 'gpp_b': 0.004365533183512887, 'gpp_d': 15.80761469569516, 'ign_k': 2.153274603565585, 'ign_c': 29.048541611933246, 'trop_agb_crit': 3.9033902048642672, 'trop_k_veg': 6.793375222335072}. Best is trial 0 with value: -0.5989088506199346.
[I 2026-08-20 00:42:28,693] Trial 1264 finished with value: 0.6445374145881376 and parameters: {'k1': 0.0023562128954997493, 'D_low': 48.241388750932686, 'k2': 2.6262248610984786e-05, 'D_high': 5468514.248268515, 'fire_exp': 3.4893368685284205, 'P_half': 5.939735390272701, 'pre_dampen_half': 12.126988176458202, 'gpp_af': 0.9993411880214521, 'gpp_b': 0.13986082776947117, 'gpp_d': 14.685157119298427, 'ign_k': 2.5974639671484705, 'ign_c': 102.51551199894435, 'trop_agb_crit': 7.660106730357366, 'trop_k_veg': 0.8246866302979456}. Best is trial 0 with value: -0.5989088506199346.
[I 2026-08-20 00:42:30,230] Trial 1265 finished with value: 0.6382893508813324 and parameters: {'k1': 0.030083522696870268, 'D_low': 3.4192214844931406, 'k2': 1.552152119044935e-05, 'D_high': 1006026.1432787483, 'fire_exp': 7.8413131231906075, 'P_half': 4.530722233480436, 'pre_dampen_half': 68.27598497623984, 'gpp_af': 2.035448395547514, 'gpp_b': 0.009841956877387405, 'gpp_d': 0.41692391408746726, 'ign_k': 0.09280063014747969, 'ign_c': 36.16670559941229, 'trop_agb_crit': 5.306255974162745, 'trop_k_veg': 1.0031945619234195}. Best is trial 0 with value: -0.5989088506199346.
[I 2026-08-20 00:42:32,086] Trial 1266 finished with value: 0.6445374145881376 and parameters: {'k1': 9.174374970207572e-05, 'D_low': 3381.6998861363545, 'k2': 0.0020079426338305982, 'D_high': 11.861231054973636, 'fire_exp': 9.833664129005099, 'P_half': 322.3723162327877, 'pre_dampen_half': 0.025961868606200617, 'gpp_af': 2.0025873841279593, 'gpp_b': 0.41420814291021474, 'gpp_d': 1.2207760583788474, 'ign_k': 0.011701755881255693, 'ign_c': 0.2199071974644325, 'trop_agb_crit': 9.045423102478013, 'trop_k_veg': 1.3521864607985992}. Best is trial 0 with value: -0.5989088506199346.
[I 2026-08-20 00:42:33,520] Trial 1267 finished with value: 0.5902967996238166 and parameters: {'k1': 1.156362932820151e-05, 'D_low': 148748.95699463115, 'k2': 0.003703869116893576, 'D_high': 35706.93563918471, 'fire_exp': 1.3605785278700655, 'P_half': 103.27129971336905, 'pre_dampen_half': 1.6685180947913891, 'gpp_af': 0.4104871105745568, 'gpp_b': 0.00045199384772048965, 'gpp_d': 378.1010750201293, 'ign_k': 0.008790610002911274, 'ign_c': 63.70565403981557, 'trop_agb_crit': 1.284766228900468, 'trop_k_veg': 6.637175692719857}. Best is trial 0 with value: -0.5989088506199346.
[I 2026-08-20 00:42:34,978] Trial 1268 finished with value: 0.6445374145881376 and parameters: {'k1': 0.00014907490997460458, 'D_low': 3.7885583663005495, 'k2': 5.0153254572891236e-05, 'D_high': 186041.3032196387, 'fire_exp': 6.61294474108361, 'P_half': 4638.795150745272, 'pre_dampen_half': 4.006551765907599, 'gpp_af': 4.145821338269564, 'gpp_b': 7.976270952723451, 'gpp_d': 3.3838094824326355, 'ign_k': 0.320958167289052, 'ign_c': 0.15788809577772053, 'trop_agb_crit': 13.35050292079816, 'trop_k_veg': 5.921759938981134}. Best is trial 0 with value: -0.5989088506199346.
[I 2026-08-20 00:42:36,385] Trial 1269 finished with value: 0.6096321694490797 and parameters: {'k1': 0.05280229144461698, 'D_low': 2.094516484194571, 'k2': 1.9167057661076788e-05, 'D_high': 1240.8261808557195, 'fire_exp': 2.145205261179861, 'P_half': 308.17235493699934, 'pre_dampen_half': 14.898999703134931, 'gpp_af': 50.019375449427436, 'gpp_b': 0.3488864001058385, 'gpp_d': 14.955981377478954, 'ign_k': 0.040865659706535155, 'ign_c': 12.355702236856564, 'trop_agb_crit': 1.1725848636751934, 'trop_k_veg': 1.716189215507295}. Best is trial 0 with value: -0.5989088506199346.
[I 2026-08-20 00:42:37,800] Trial 1270 finished with value: 0.46261315764698874 and parameters: {'k1': 0.00015011583526272225, 'D_low': 2024.2884760097359, 'k2': 0.0008998054580284725, 'D_high': 5483497.0459218705, 'fire_exp': 3.6795976420561027, 'P_half': 2.957563447769804, 'pre_dampen_half': 6.419660518683261, 'gpp_af': 32.32695406912657, 'gpp_b': 0.08489783704802631, 'gpp_d': 666.5769908456672, 'ign_k': 0.4442150517983364, 'ign_c': 11.422581939460377, 'trop_agb_crit': 6.923209364659791, 'trop_k_veg': 0.619782003122433}. Best is trial 0 with value: -0.5989088506199346.
[I 2026-08-20 00:42:39,250] Trial 1271 finished with value: 0.41819577013292286 and parameters: {'k1': 0.0030404961725283256, 'D_low': 2.533606460754032, 'k2': 0.0008205892635219361, 'D_high': 2986222.2978953337, 'fire_exp': 2.6148781855225125, 'P_half': 2.3591918178501836, 'pre_dampen_half': 5.401510618505615, 'gpp_af': 3.0949113440556957, 'gpp_b': 0.1063077572631094, 'gpp_d': 426.0293938972882, 'ign_k': 5.298522134690228, 'ign_c': 2.092863229834012, 'trop_agb_crit': 8.35144038829124, 'trop_k_veg': 2.8619191594207116}. Best is trial 0 with value: -0.5989088506199346.
[I 2026-08-20 00:42:40,679] Trial 1272 finished with value: -0.5669103132528235 and parameters: {'k1': 8.143554603513456e-05, 'D_low': 71.41479650051465, 'k2': 0.0009106808418073424, 'D_high': 1487877.6035080582, 'fire_exp': 5.850947687491577, 'P_half': 4.066199636798092, 'pre_dampen_half': 182.9329577735658, 'gpp_af': 0.07880465632224222, 'gpp_b': 0.0003235111047209467, 'gpp_d': 495.9698173072412, 'ign_k': 4.021593366922016, 'ign_c': 5.1160440710846515, 'trop_agb_crit': 4.862475057967612, 'trop_k_veg': 2.3994860203618713}. Best is trial 0 with value: -0.5989088506199346.
[I 2026-08-20 00:42:42,098] Trial 1273 finished with value: 0.49327910169849554 and parameters: {'k1': 0.02829820680122692, 'D_low': 1.072497902053267, 'k2': 0.0021787791978453834, 'D_high': 9194294.100968748, 'fire_exp': 4.0646687135362685, 'P_half': 100.5307661538715, 'pre_dampen_half': 1.3166919241845427, 'gpp_af': 0.44614611313283975, 'gpp_b': 0.00011123169756812782, 'gpp_d': 156.2536088064048, 'ign_k': 8.398153326031672, 'ign_c': 0.2113408585340245, 'trop_agb_crit': 1.756386843486508, 'trop_k_veg': 3.4499530549687902}. Best is trial 0 with value: -0.5989088506199346.
[I 2026-08-20 00:42:43,575] Trial 1274 finished with value: 0.6534059030357314 and parameters: {'k1': 0.0006190582526345869, 'D_low': 1.3581172407461093, 'k2': 0.0005740709685354159, 'D_high': 1156759.376798343, 'fire_exp': 2.712062853492337, 'P_half': 1.7459499723959988, 'pre_dampen_half': 1.7502337882804804, 'gpp_af': 0.8265591601192479, 'gpp_b': 0.00534281142886321, 'gpp_d': 354.37271838240457, 'ign_k': 3.009153163940376, 'ign_c': 31.600533601223102, 'trop_agb_crit': 4.305129949044862, 'trop_k_veg': 2.3023599598926587}. Best is trial 0 with value: -0.5989088506199346.
[I 2026-08-20 00:42:45,038] Trial 1275 finished with value: 0.6077864005863343 and parameters: {'k1': 0.004320556569766027, 'D_low': 51.40115379294538, 'k2': 3.571943275912536e-05, 'D_high': 5817935.351437618, 'fire_exp': 6.108858623711065, 'P_half': 1.1552063922585083, 'pre_dampen_half': 17.234423283142885, 'gpp_af': 0.32401373583343634, 'gpp_b': 0.2562765428081355, 'gpp_d': 26.606873431309644, 'ign_k': 2.404490976701724, 'ign_c': 18.64438667986122, 'trop_agb_crit': 1.9839136301985205, 'trop_k_veg': 0.8667367340857449}. Best is trial 0 with value: -0.5989088506199346.
[I 2026-08-20 00:42:46,538] Trial 1276 finished with value: 0.5532863479515309 and parameters: {'k1': 0.002061253080338752, 'D_low': 7.296276257314859, 'k2': 0.0001278156847864498, 'D_high': 88702.82633330779, 'fire_exp': 6.312504247915226, 'P_half': 93.74331277888935, 'pre_dampen_half': 94.09083119014312, 'gpp_af': 2.5622691546838, 'gpp_b': 0.028018535273598103, 'gpp_d': 61.03733155612296, 'ign_k': 4.2909263212533055, 'ign_c': 14.10514945028998, 'trop_agb_crit': 1.9797745184232025, 'trop_k_veg': 0.6383182853604205}. Best is trial 0 with value: -0.5989088506199346.
[I 2026-08-20 00:42:47,990] Trial 1277 finished with value: 0.6445374145881376 and parameters: {'k1': 0.007896281875656223, 'D_low': 2280.0809454108407, 'k2': 0.008615056406290456, 'D_high': 878132.493893729, 'fire_exp': 6.399841719108995, 'P_half': 10.664381301155672, 'pre_dampen_half': 0.014537965430950083, 'gpp_af': 1.2647710533443735, 'gpp_b': 8.738111846258061, 'gpp_d': 0.7972375476536906, 'ign_k': 0.21825280017142237, 'ign_c': 1.2525273433354798, 'trop_agb_crit': 1.7129478054950948, 'trop_k_veg': 1.6501080959367116}. Best is trial 0 with value: -0.5989088506199346.
[I 2026-08-20 00:42:49,431] Trial 1278 finished with value: 0.43271394474949665 and parameters: {'k1': 0.000621799636652739, 'D_low': 28.757497443226896, 'k2': 0.0006619624492764499, 'D_high': 1125820.0515427163, 'fire_exp': 3.256991258024294, 'P_half': 1.051818475570636, 'pre_dampen_half': 145.6251443430808, 'gpp_af': 0.025095653414539888, 'gpp_b': 0.0027966015387742233, 'gpp_d': 1.647774410353464, 'ign_k': 0.31897565136986866, 'ign_c': 5.069955331924208, 'trop_agb_crit': 12.484973657396832, 'trop_k_veg': 3.2960750675460933}. Best is trial 0 with value: -0.5989088506199346.
[I 2026-08-20 00:42:50,848] Trial 1279 finished with value: 0.6445374145881376 and parameters: {'k1': 0.04064617324749478, 'D_low': 1504.2097253150785, 'k2': 0.004688735413209399, 'D_high': 208.94671333889696, 'fire_exp': 5.653354548547881, 'P_half': 586.2496689074551, 'pre_dampen_half': 1.7176203700284989, 'gpp_af': 7.459885412839056, 'gpp_b': 3.0470465459163094, 'gpp_d': 0.01090999533378417, 'ign_k': 1.9640889612290224, 'ign_c': 0.44521571538840593, 'trop_agb_crit': 10.333397748569983, 'trop_k_veg': 3.188319549062648}. Best is trial 0 with value: -0.5989088506199346.
