[I 2026-08-06 02:35:21,665] Trial 1395 finished with values: [-0.5385318401790253, 0.024418566210814285] and parameters: {'k1': 0.021368329072358756, 'D_low': 18.522006003174383, 'k2': 4.763991596630584e-05, 'D_high': 12.728781576199358, 'fire_exp': 1.0473002272689056, 'P_half': 608.3019192425825, 'pre_dampen_half': 25.15960733455044, 'gpp_af': 35.16422330469638, 'gpp_b': 0.10123867001105968, 'gpp_d': 39.827466658711515, 'ign_k': 3.7173717478250508, 'ign_c': 14.367095138664217}.
[I 2026-08-06 02:35:22,694] Trial 1396 finished with values: [11.120786701226473, 11.120786701226473] and parameters: {'k1': 0.021368329072358756, 'D_low': 31.117676855667376, 'k2': 0.0499774937030317, 'D_high': 1687.3495104568947, 'fire_exp': 1.2680134752324452, 'P_half': 142.82597314566826, 'pre_dampen_half': 14.689898077648792, 'gpp_af': 4.582731702170249, 'gpp_b': 0.10123867001105968, 'gpp_d': 107.84642153666701, 'ign_k': 7.799059237255681, 'ign_c': 9.800540600083304}.
[I 2026-08-06 02:35:23,658] Trial 1397 finished with values: [10.365295359973349, 10.365295359973349] and parameters: {'k1': 0.021368329072358756, 'D_low': 616.4329525571076, 'k2': 0.0004381141781653133, 'D_high': 24939.838794891497, 'fire_exp': 1.3239942327296237, 'P_half': 664.2027816373393, 'pre_dampen_half': 14.689898077648792, 'gpp_af': 4.582731702170249, 'gpp_b': 0.6637926838138378, 'gpp_d': 300.3420512048734, 'ign_k': 3.7173717478250508, 'ign_c': 0.2641768757953155}.
[I 2026-08-06 02:35:24,622] Trial 1398 finished with values: [10.271812916679158, 10.271812916679158] and parameters: {'k1': 0.08926311370835228, 'D_low': 18.522006003174383, 'k2': 4.763991596630584e-05, 'D_high': 1687.3495104568947, 'fire_exp': 1.0473002272689056, 'P_half': 958.8659498594012, 'pre_dampen_half': 14.689898077648792, 'gpp_af': 4.582731702170249, 'gpp_b': 0.000832333943844274, 'gpp_d': 7.797126586048889, 'ign_k': 3.7173717478250508, 'ign_c': 19.19168994439752}.
[I 2026-08-06 02:35:25,588] Trial 1399 finished with values: [-0.5786986154232739, 0.011185823427994124] and parameters: {'k1': 0.021368329072358756, 'D_low': 18.522006003174383, 'k2': 0.006138509947844854, 'D_high': 6455.595882939566, 'fire_exp': 1.0473002272689056, 'P_half': 876.2992842289289, 'pre_dampen_half': 14.689898077648792, 'gpp_af': 1.9226512897582446, 'gpp_b': 0.10123867001105968, 'gpp_d': 39.827466658711515, 'ign_k': 3.7173717478250508, 'ign_c': 19.19168994439752}.
[I 2026-08-06 02:35:26,645] Trial 1400 finished with values: [10.76923073662488, 10.76923073662488] and parameters: {'k1': 0.021368329072358756, 'D_low': 1942.730875500185, 'k2': 0.0499774937030317, 'D_high': 1687.3495104568947, 'fire_exp': 1.7164931785633317, 'P_half': 276.27089412392087, 'pre_dampen_half': 0.798178522480916, 'gpp_af': 11.234842109991876, 'gpp_b': 0.1676789742547917, 'gpp_d': 39.827466658711515, 'ign_k': 3.7173717478250508, 'ign_c': 14.367095138664217}.
[I 2026-08-06 02:35:28,054] Trial 1401 finished with values: [-0.5611910099563464, 0.01636650130520345] and parameters: {'k1': 0.025383218374507292, 'D_low': 31.117676855667376, 'k2': 0.0004381141781653133, 'D_high': 400.9149428326862, 'fire_exp': 1.2680134752324452, 'P_half': 177.4954658911452, 'pre_dampen_half': 14.689898077648792, 'gpp_af': 22.766850248686247, 'gpp_b': 1.5938003265859821, 'gpp_d': 891.8036602897795, 'ign_k': 7.799059237255681, 'ign_c': 14.367095138664217}.
[I 2026-08-06 02:35:29,021] Trial 1402 finished with values: [10.756905235837174, 10.756905235837174] and parameters: {'k1': 0.03232155805617897, 'D_low': 51.9967392387832, 'k2': 0.01266039931354181, 'D_high': 72095.24393416548, 'fire_exp': 1.2680134752324452, 'P_half': 958.8659498594012, 'pre_dampen_half': 14.689898077648792, 'gpp_af': 0.004339536161007625, 'gpp_b': 0.09760461369620549, 'gpp_d': 300.3420512048734, 'ign_k': 0.6454459531371669, 'ign_c': 19.19168994439752}.
[I 2026-08-06 02:35:30,001] Trial 1403 finished with values: [11.707250194969015, 11.707250194969015] and parameters: {'k1': 0.021368329072358756, 'D_low': 31.117676855667376, 'k2': 0.0499774937030317, 'D_high': 1687.3495104568947, 'fire_exp': 1.0473002272689056, 'P_half': 6.532295709354627, 'pre_dampen_half': 14.689898077648792, 'gpp_af': 4.582731702170249, 'gpp_b': 0.10123867001105968, 'gpp_d': 891.8036602897795, 'ign_k': 3.7173717478250508, 'ign_c': 14.367095138664217}.
[I 2026-08-06 02:35:30,981] Trial 1404 finished with values: [11.314134607086784, 11.314134607086784] and parameters: {'k1': 0.025383218374507292, 'D_low': 18.522006003174383, 'k2': 0.0004381141781653133, 'D_high': 6455.595882939566, 'fire_exp': 1.0473002272689056, 'P_half': 608.3019192425825, 'pre_dampen_half': 25.15960733455044, 'gpp_af': 22.766850248686247, 'gpp_b': 0.6637926838138378, 'gpp_d': 891.8036602897795, 'ign_k': 3.7173717478250508, 'ign_c': 14.367095138664217}.
[I 2026-08-06 02:35:31,975] Trial 1405 finished with values: [10.178697643614097, 10.178697643614097] and parameters: {'k1': 0.03232155805617897, 'D_low': 18.522006003174383, 'k2': 4.763991596630584e-05, 'D_high': 6455.595882939566, 'fire_exp': 1.2680134752324452, 'P_half': 608.3019192425825, 'pre_dampen_half': 14.689898077648792, 'gpp_af': 1.6278996489926025, 'gpp_b': 0.09760461369620549, 'gpp_d': 300.3420512048734, 'ign_k': 0.12397054908843057, 'ign_c': 14.367095138664217}.
[I 2026-08-06 02:35:33,020] Trial 1406 finished with values: [11.348154213006506, 11.348154213006506] and parameters: {'k1': 0.025383218374507292, 'D_low': 18.522006003174383, 'k2': 0.00014078352411766088, 'D_high': 6455.595882939566, 'fire_exp': 1.7164931785633317, 'P_half': 3.4786948088723384, 'pre_dampen_half': 92.10264346077673, 'gpp_af': 22.766850248686247, 'gpp_b': 0.029211926233813405, 'gpp_d': 39.827466658711515, 'ign_k': 3.7173717478250508, 'ign_c': 14.367095138664217}.
[I 2026-08-06 02:35:33,968] Trial 1407 finished with values: [10.015974613526012, 10.015974613526012] and parameters: {'k1': 0.021368329072358756, 'D_low': 31.117676855667376, 'k2': 0.0499774937030317, 'D_high': 1687.3495104568947, 'fire_exp': 1.0473002272689056, 'P_half': 608.3019192425825, 'pre_dampen_half': 14.689898077648792, 'gpp_af': 4.582731702170249, 'gpp_b': 0.1676789742547917, 'gpp_d': 14.890596236621091, 'ign_k': 3.7173717478250508, 'ign_c': 14.367095138664217}.
[I 2026-08-06 02:35:34,995] Trial 1408 finished with values: [-0.5735908282371749, 0.030313565712453694] and parameters: {'k1': 0.0016608858962356998, 'D_low': 18.522006003174383, 'k2': 0.005695622647004589, 'D_high': 2969.087094484682, 'fire_exp': 1.010722707674549, 'P_half': 958.8659498594012, 'pre_dampen_half': 14.689898077648792, 'gpp_af': 22.766850248686247, 'gpp_b': 0.6637926838138378, 'gpp_d': 891.8036602897795, 'ign_k': 3.7173717478250508, 'ign_c': 14.367095138664217}.
[I 2026-08-06 02:35:35,960] Trial 1409 finished with values: [10.550423076940882, 10.550423076940882] and parameters: {'k1': 0.08926311370835228, 'D_low': 31.117676855667376, 'k2': 0.006138509947844854, 'D_high': 400.9149428326862, 'fire_exp': 1.0473002272689056, 'P_half': 608.3019192425825, 'pre_dampen_half': 97.62719199426238, 'gpp_af': 0.09546679952518865, 'gpp_b': 1.5938003265859821, 'gpp_d': 891.8036602897795, 'ign_k': 7.799059237255681, 'ign_c': 14.367095138664217}.
[I 2026-08-06 02:35:36,909] Trial 1410 finished with values: [10.108446988776592, 10.108446988776592] and parameters: {'k1': 0.025383218374507292, 'D_low': 18.522006003174383, 'k2': 4.763991596630584e-05, 'D_high': 400.9149428326862, 'fire_exp': 1.010722707674549, 'P_half': 664.2027816373393, 'pre_dampen_half': 14.689898077648792, 'gpp_af': 22.766850248686247, 'gpp_b': 1.5938003265859821, 'gpp_d': 39.827466658711515, 'ign_k': 3.7173717478250508, 'ign_c': 14.367095138664217}.
[I 2026-08-06 02:35:37,907] Trial 1411 finished with values: [10.340476956984181, 10.340476956984181] and parameters: {'k1': 0.03232155805617897, 'D_low': 31.117676855667376, 'k2': 0.0004381141781653133, 'D_high': 1578.0404945802954, 'fire_exp': 1.2680134752324452, 'P_half': 608.3019192425825, 'pre_dampen_half': 14.689898077648792, 'gpp_af': 4.582731702170249, 'gpp_b': 0.052183838897628114, 'gpp_d': 39.827466658711515, 'ign_k': 3.7173717478250508, 'ign_c': 19.19168994439752}.
[I 2026-08-06 02:35:38,888] Trial 1412 finished with values: [10.114529715041883, 10.114529715041883] and parameters: {'k1': 0.025383218374507292, 'D_low': 18.522006003174383, 'k2': 0.0004381141781653133, 'D_high': 2969.087094484682, 'fire_exp': 1.2680134752324452, 'P_half': 608.3019192425825, 'pre_dampen_half': 25.15960733455044, 'gpp_af': 22.766850248686247, 'gpp_b': 0.09760461369620549, 'gpp_d': 300.3420512048734, 'ign_k': 3.7173717478250508, 'ign_c': 14.367095138664217}.
[I 2026-08-06 02:35:39,853] Trial 1413 finished with values: [10.331091826967555, 10.331091826967555] and parameters: {'k1': 0.021368329072358756, 'D_low': 31.117676855667376, 'k2': 0.006138509947844854, 'D_high': 2969.087094484682, 'fire_exp': 1.0473002272689056, 'P_half': 608.3019192425825, 'pre_dampen_half': 14.689898077648792, 'gpp_af': 4.582731702170249, 'gpp_b': 0.000832333943844274, 'gpp_d': 376.2273313395826, 'ign_k': 0.13555497741705774, 'ign_c': 19.19168994439752}.
[I 2026-08-06 02:35:40,809] Trial 1414 finished with values: [10.724621959276858, 10.724621959276858] and parameters: {'k1': 0.021368329072358756, 'D_low': 18.522006003174383, 'k2': 4.763991596630584e-05, 'D_high': 6455.595882939566, 'fire_exp': 1.0473002272689056, 'P_half': 608.3019192425825, 'pre_dampen_half': 0.061627438103753165, 'gpp_af': 4.582731702170249, 'gpp_b': 0.10123867001105968, 'gpp_d': 39.827466658711515, 'ign_k': 3.7173717478250508, 'ign_c': 14.367095138664217}.
[I 2026-08-06 02:35:41,766] Trial 1415 finished with values: [10.650753753080679, 10.650753753080679] and parameters: {'k1': 0.021368329072358756, 'D_low': 18.522006003174383, 'k2': 0.0499774937030317, 'D_high': 6455.595882939566, 'fire_exp': 1.0473002272689056, 'P_half': 607.570211421418, 'pre_dampen_half': 14.689898077648792, 'gpp_af': 4.582731702170249, 'gpp_b': 0.10123867001105968, 'gpp_d': 39.827466658711515, 'ign_k': 3.7173717478250508, 'ign_c': 14.367095138664217}.
[I 2026-08-06 02:35:42,729] Trial 1416 finished with values: [10.021197303784176, 10.021197303784176] and parameters: {'k1': 0.025383218374507292, 'D_low': 9.330007965781027, 'k2': 0.0004381141781653133, 'D_high': 14895.167857414559, 'fire_exp': 1.2680134752324452, 'P_half': 608.3019192425825, 'pre_dampen_half': 14.689898077648792, 'gpp_af': 1.6278996489926025, 'gpp_b': 1.5938003265859821, 'gpp_d': 300.3420512048734, 'ign_k': 3.7173717478250508, 'ign_c': 14.367095138664217}.
[I 2026-08-06 02:35:43,775] Trial 1417 finished with values: [10.608990664129749, 10.608990664129749] and parameters: {'k1': 0.025383218374507292, 'D_low': 18.522006003174383, 'k2': 4.763991596630584e-05, 'D_high': 6455.595882939566, 'fire_exp': 1.7164931785633317, 'P_half': 664.2027816373393, 'pre_dampen_half': 14.689898077648792, 'gpp_af': 4.582731702170249, 'gpp_b': 1.5938003265859821, 'gpp_d': 39.827466658711515, 'ign_k': 3.7173717478250508, 'ign_c': 14.367095138664217}.
[I 2026-08-06 02:35:44,725] Trial 1418 finished with values: [-0.5638141419217921, 0.029448145962115535] and parameters: {'k1': 0.021368329072358756, 'D_low': 18.522006003174383, 'k2': 0.006138509947844854, 'D_high': 2969.087094484682, 'fire_exp': 1.0473002272689056, 'P_half': 958.8659498594012, 'pre_dampen_half': 14.689898077648792, 'gpp_af': 22.766850248686247, 'gpp_b': 0.000832333943844274, 'gpp_d': 39.827466658711515, 'ign_k': 3.7173717478250508, 'ign_c': 14.367095138664217}.
[I 2026-08-06 02:35:45,708] Trial 1419 finished with values: [11.544336264023032, 11.544336264023032] and parameters: {'k1': 0.025383218374507292, 'D_low': 31.117676855667376, 'k2': 0.006138509947844854, 'D_high': 2969.087094484682, 'fire_exp': 1.0473002272689056, 'P_half': 958.8659498594012, 'pre_dampen_half': 14.689898077648792, 'gpp_af': 4.582731702170249, 'gpp_b': 0.000832333943844274, 'gpp_d': 39.827466658711515, 'ign_k': 6.0644663134385235, 'ign_c': 1.8494675180817686}.
[I 2026-08-06 02:35:46,663] Trial 1420 finished with values: [11.76206456122919, 11.76206456122919] and parameters: {'k1': 0.025383218374507292, 'D_low': 31.117676855667376, 'k2': 0.006138509947844854, 'D_high': 26835.953334046168, 'fire_exp': 1.0473002272689056, 'P_half': 958.8659498594012, 'pre_dampen_half': 339.40346662065144, 'gpp_af': 0.004339536161007625, 'gpp_b': 0.000832333943844274, 'gpp_d': 300.3420512048734, 'ign_k': 0.6454459531371669, 'ign_c': 19.19168994439752}.
[I 2026-08-06 02:35:47,625] Trial 1421 finished with values: [13.442945303352722, 13.442945303352722] and parameters: {'k1': 0.00012812030076593395, 'D_low': 9.330007965781027, 'k2': 0.005695622647004589, 'D_high': 1687.3495104568947, 'fire_exp': 1.0473002272689056, 'P_half': 608.3019192425825, 'pre_dampen_half': 827.1939770346661, 'gpp_af': 22.766850248686247, 'gpp_b': 0.6637926838138378, 'gpp_d': 891.8036602897795, 'ign_k': 3.7173717478250508, 'ign_c': 14.367095138664217}.
[I 2026-08-06 02:35:49,051] Trial 1422 finished with values: [10.381826180902918, 10.381826180902918] and parameters: {'k1': 0.03232155805617897, 'D_low': 31.117676855667376, 'k2': 4.763991596630584e-05, 'D_high': 2969.087094484682, 'fire_exp': 1.0473002272689056, 'P_half': 3.654652697890419, 'pre_dampen_half': 14.689898077648792, 'gpp_af': 4.582731702170249, 'gpp_b': 0.6637926838138378, 'gpp_d': 39.827466658711515, 'ign_k': 0.006427804711224163, 'ign_c': 19.19168994439752}.
[I 2026-08-06 02:35:50,044] Trial 1423 finished with values: [-0.5654186339919702, 0.027086865662610093] and parameters: {'k1': 0.08926311370835228, 'D_low': 5.456314022643806, 'k2': 4.763991596630584e-05, 'D_high': 1687.3495104568947, 'fire_exp': 1.0473002272689056, 'P_half': 608.3019192425825, 'pre_dampen_half': 14.689898077648792, 'gpp_af': 4.582731702170249, 'gpp_b': 0.10123867001105968, 'gpp_d': 39.827466658711515, 'ign_k': 3.7173717478250508, 'ign_c': 14.367095138664217}.
[I 2026-08-06 02:35:51,082] Trial 1424 finished with values: [10.426246547798613, 10.426246547798613] and parameters: {'k1': 0.025383218374507292, 'D_low': 31.117676855667376, 'k2': 0.0499774937030317, 'D_high': 400.9149428326862, 'fire_exp': 1.2680134752324452, 'P_half': 3766.680988255313, 'pre_dampen_half': 25.15960733455044, 'gpp_af': 1.8683694679300018, 'gpp_b': 0.1676789742547917, 'gpp_d': 39.827466658711515, 'ign_k': 7.799059237255681, 'ign_c': 14.367095138664217}.
[I 2026-08-06 02:35:52,044] Trial 1425 finished with values: [10.780574382400824, 10.780574382400824] and parameters: {'k1': 0.021368329072358756, 'D_low': 18.522006003174383, 'k2': 0.0004381141781653133, 'D_high': 6455.595882939566, 'fire_exp': 1.0473002272689056, 'P_half': 608.3019192425825, 'pre_dampen_half': 14.689898077648792, 'gpp_af': 22.766850248686247, 'gpp_b': 0.09760461369620549, 'gpp_d': 300.3420512048734, 'ign_k': 3.7173717478250508, 'ign_c': 14.367095138664217}.
[I 2026-08-06 02:35:53,009] Trial 1426 finished with values: [-0.49804281970618486, 0.02771953523045123] and parameters: {'k1': 4.05898207003965e-05, 'D_low': 18.522006003174383, 'k2': 4.763991596630584e-05, 'D_high': 6455.595882939566, 'fire_exp': 1.010722707674549, 'P_half': 664.2027816373393, 'pre_dampen_half': 14.689898077648792, 'gpp_af': 22.766850248686247, 'gpp_b': 0.6637926838138378, 'gpp_d': 39.827466658711515, 'ign_k': 3.7173717478250508, 'ign_c': 5.771566094775099}.
[I 2026-08-06 02:35:54,141] Trial 1427 finished with values: [10.16879955113027, 10.16879955113027] and parameters: {'k1': 0.021368329072358756, 'D_low': 9.330007965781027, 'k2': 0.002891958791644794, 'D_high': 400.9149428326862, 'fire_exp': 1.7164931785633317, 'P_half': 2.1570307680573153, 'pre_dampen_half': 14.689898077648792, 'gpp_af': 4.077131237195135, 'gpp_b': 0.1676789742547917, 'gpp_d': 258.2746858912498, 'ign_k': 3.7173717478250508, 'ign_c': 14.367095138664217}.
[I 2026-08-06 02:35:55,530] Trial 1428 finished with values: [10.066269146031633, 10.066269146031633] and parameters: {'k1': 0.016383781286443064, 'D_low': 31.117676855667376, 'k2': 0.0004381141781653133, 'D_high': 2969.087094484682, 'fire_exp': 1.0473002272689056, 'P_half': 958.8659498594012, 'pre_dampen_half': 14.689898077648792, 'gpp_af': 1.6278996489926025, 'gpp_b': 0.000832333943844274, 'gpp_d': 39.827466658711515, 'ign_k': 6.0644663134385235, 'ign_c': 14.367095138664217}.
[I 2026-08-06 02:35:57,122] Trial 1429 finished with values: [-0.5836968925209012, 0.010261394748222852] and parameters: {'k1': 0.021368329072358756, 'D_low': 31.117676855667376, 'k2': 0.006138509947844854, 'D_high': 1049.1246574185643, 'fire_exp': 1.0473002272689056, 'P_half': 608.3019192425825, 'pre_dampen_half': 14.689898077648792, 'gpp_af': 4.582731702170249, 'gpp_b': 0.10123867001105968, 'gpp_d': 39.827466658711515, 'ign_k': 3.7173717478250508, 'ign_c': 19.19168994439752}.
[I 2026-08-06 02:35:58,266] Trial 1430 finished with values: [-0.5616234709140617, 0.011039742216842563] and parameters: {'k1': 0.021368329072358756, 'D_low': 31.117676855667376, 'k2': 0.0499774937030317, 'D_high': 6455.595882939566, 'fire_exp': 1.7164931785633317, 'P_half': 276.27089412392087, 'pre_dampen_half': 14.689898077648792, 'gpp_af': 4.582731702170249, 'gpp_b': 0.1676789742547917, 'gpp_d': 39.827466658711515, 'ign_k': 3.7173717478250508, 'ign_c': 14.367095138664217}.
[I 2026-08-06 02:35:59,286] Trial 1431 finished with values: [10.299614814340929, 10.299614814340929] and parameters: {'k1': 0.08926311370835228, 'D_low': 18.522006003174383, 'k2': 4.763991596630584e-05, 'D_high': 6455.595882939566, 'fire_exp': 1.0473002272689056, 'P_half': 876.2992842289289, 'pre_dampen_half': 14.689898077648792, 'gpp_af': 1.9226512897582446, 'gpp_b': 0.6637926838138378, 'gpp_d': 39.827466658711515, 'ign_k': 3.7173717478250508, 'ign_c': 19.19168994439752}.
[I 2026-08-06 02:36:00,235] Trial 1432 finished with values: [10.270873726479287, 10.270873726479287] and parameters: {'k1': 0.025383218374507292, 'D_low': 616.4329525571076, 'k2': 4.763991596630584e-05, 'D_high': 6455.595882939566, 'fire_exp': 1.0473002272689056, 'P_half': 39.03214299767183, 'pre_dampen_half': 25.15960733455044, 'gpp_af': 68.49093205085057, 'gpp_b': 0.10123867001105968, 'gpp_d': 39.827466658711515, 'ign_k': 0.0037322156377670697, 'ign_c': 19.19168994439752}.
[I 2026-08-06 02:36:01,370] Trial 1433 finished with values: [10.76923076805719, 10.76923076805719] and parameters: {'k1': 0.021368329072358756, 'D_low': 18.522006003174383, 'k2': 0.006138509947844854, 'D_high': 6455.595882939566, 'fire_exp': 1.7164931785633317, 'P_half': 276.27089412392087, 'pre_dampen_half': 1.2268879368890822, 'gpp_af': 4.582731702170249, 'gpp_b': 0.1676789742547917, 'gpp_d': 39.827466658711515, 'ign_k': 3.7173717478250508, 'ign_c': 863.8558450754007}.
[I 2026-08-06 02:36:02,384] Trial 1434 finished with values: [10.160214786666113, 10.160214786666113] and parameters: {'k1': 0.0016608858962356998, 'D_low': 18.522006003174383, 'k2': 0.005695622647004589, 'D_high': 4695.480001817503, 'fire_exp': 1.010722707674549, 'P_half': 958.8659498594012, 'pre_dampen_half': 14.689898077648792, 'gpp_af': 22.766850248686247, 'gpp_b': 0.10123867001105968, 'gpp_d': 39.827466658711515, 'ign_k': 3.7173717478250508, 'ign_c': 19.19168994439752}.
[I 2026-08-06 02:36:03,327] Trial 1435 finished with values: [-0.5631573234111894, 0.019822663231610305] and parameters: {'k1': 0.021368329072358756, 'D_low': 9.330007965781027, 'k2': 4.763991596630584e-05, 'D_high': 6455.595882939566, 'fire_exp': 1.0473002272689056, 'P_half': 664.2027816373393, 'pre_dampen_half': 14.689898077648792, 'gpp_af': 22.766850248686247, 'gpp_b': 1.5938003265859821, 'gpp_d': 107.84642153666701, 'ign_k': 3.7173717478250508, 'ign_c': 14.367095138664217}.
[I 2026-08-06 02:36:04,388] Trial 1436 finished with values: [10.76923076805719, 10.76923076805719] and parameters: {'k1': 0.003456886280594567, 'D_low': 31.117676855667376, 'k2': 0.006138509947844854, 'D_high': 1687.3495104568947, 'fire_exp': 1.0473002272689056, 'P_half': 664.2027816373393, 'pre_dampen_half': 14.689898077648792, 'gpp_af': 4.582731702170249, 'gpp_b': 0.6637926838138378, 'gpp_d': 0.06757319853660379, 'ign_k': 3.7173717478250508, 'ign_c': 337.06296224386006}.
[I 2026-08-06 02:36:05,400] Trial 1437 finished with values: [10.769115560476036, 10.769115560476036] and parameters: {'k1': 0.0005128126758785009, 'D_low': 31.117676855667376, 'k2': 4.455881402182094e-05, 'D_high': 11.231301345658464, 'fire_exp': 3.6287385930703477, 'P_half': 608.3019192425825, 'pre_dampen_half': 4.335089924140592, 'gpp_af': 22.766850248686247, 'gpp_b': 0.10123867001105968, 'gpp_d': 9.797752629207743, 'ign_k': 3.7173717478250508, 'ign_c': 14.367095138664217}.
[I 2026-08-06 02:36:06,330] Trial 1438 finished with values: [10.019781717832833, 10.019781717832833] and parameters: {'k1': 0.025383218374507292, 'D_low': 616.4329525571076, 'k2': 0.0499774937030317, 'D_high': 1687.3495104568947, 'fire_exp': 1.0473002272689056, 'P_half': 39.03214299767183, 'pre_dampen_half': 25.15960733455044, 'gpp_af': 22.766850248686247, 'gpp_b': 0.20707216977591905, 'gpp_d': 39.827466658711515, 'ign_k': 3.6394202908311692, 'ign_c': 0.20779081121680665}.
[I 2026-08-06 02:36:07,243] Trial 1439 finished with values: [-0.5454654979602179, 0.0181095045763221] and parameters: {'k1': 0.025383218374507292, 'D_low': 31.117676855667376, 'k2': 4.763991596630584e-05, 'D_high': 6455.595882939566, 'fire_exp': 1.0473002272689056, 'P_half': 608.3019192425825, 'pre_dampen_half': 14.689898077648792, 'gpp_af': 22.766850248686247, 'gpp_b': 0.24489444951824743, 'gpp_d': 39.827466658711515, 'ign_k': 3.7173717478250508, 'ign_c': 14.367095138664217}.
