[I 2026-08-19 18:03:23,310] Trial 2145 finished with value: -0.5924623472705302 and parameters: {'k1': 0.003089045069077233, 'D_low': 5845.747970348392, 'k2': 0.0001606925647881257, 'D_high': 4376470.032515906, 'fire_exp': 1.0447948722086222, 'P_half': 121.22667863317983, 'pre_dampen_half': 4.033546254099825, 'gpp_af': 0.03586140595518601, 'gpp_b': 0.0001982910280728545, 'gpp_d': 117.63586927132376, 'ign_k': 5.2182415318180695, 'ign_c': 9.044424465658548, 'trop_agb_crit': 19.051129181007976, 'trop_k_veg': 0.8168133807688625, 'pop_amp': 0.002676832124524764, 'pop_peak': 9.526341477961688, 'pop_sig': 0.7670901264448517, 'fuel_k': 0.11294051529037925, 'fuel_half': 10.504135067996483}. Best is trial 1622 with value: -0.6125870653324885.
[I 2026-08-19 18:03:25,127] Trial 2146 finished with value: -0.5735734062098308 and parameters: {'k1': 0.0026464079941746644, 'D_low': 547.3393241402023, 'k2': 3.0001458128866673e-05, 'D_high': 2958028.9804814598, 'fire_exp': 1.0391139564596394, 'P_half': 57.49135589182915, 'pre_dampen_half': 0.41440650830868453, 'gpp_af': 0.002679241895499679, 'gpp_b': 3.056600135931829e-05, 'gpp_d': 34.000769802140724, 'ign_k': 4.750791933991548, 'ign_c': 7.990757162752747, 'trop_agb_crit': 23.321276090484012, 'trop_k_veg': 0.7307011609610787, 'pop_amp': 0.004490984943037758, 'pop_peak': 25.49872429801784, 'pop_sig': 0.6469681403162486, 'fuel_k': 0.1905977435212775, 'fuel_half': 3.9382580440497468}. Best is trial 1622 with value: -0.6125870653324885.
[I 2026-08-19 18:03:26,929] Trial 2147 finished with value: 0.572387929624682 and parameters: {'k1': 0.0007022638559010546, 'D_low': 1494.9411096614858, 'k2': 0.0008479000047240213, 'D_high': 830090.2664200247, 'fire_exp': 1.5027060014653257, 'P_half': 5196.143934571655, 'pre_dampen_half': 1.7067332004748792, 'gpp_af': 0.038526269912499876, 'gpp_b': 1.0996278948103703e-05, 'gpp_d': 113.96680999483651, 'ign_k': 3.348214620865628, 'ign_c': 4.291377966608429, 'trop_agb_crit': 20.538722376941376, 'trop_k_veg': 0.7471867121333845, 'pop_amp': 0.008400638111328788, 'pop_peak': 265.2950285841651, 'pop_sig': 0.5145777893934398, 'fuel_k': 0.13476568931489974, 'fuel_half': 27.711859540698633}. Best is trial 1622 with value: -0.6125870653324885.
[I 2026-08-19 18:03:28,764] Trial 2148 finished with value: 0.5668313019701328 and parameters: {'k1': 0.06039548623940961, 'D_low': 2.4873648527549994, 'k2': 0.00017938013679280224, 'D_high': 1114494.8957590035, 'fire_exp': 5.3186786570419615, 'P_half': 70.35864915132375, 'pre_dampen_half': 822.9368738981916, 'gpp_af': 0.4285123188991568, 'gpp_b': 1.028065213297834e-05, 'gpp_d': 4.980843248860887, 'ign_k': 5.480612121487406, 'ign_c': 2.8196042095634994, 'trop_agb_crit': 3.9191174725173084, 'trop_k_veg': 4.2127164609061225, 'pop_amp': 0.01492723535370316, 'pop_peak': 110.06329522581686, 'pop_sig': 1.0272249695978017, 'fuel_k': 2.61623646138179, 'fuel_half': 0.4064059244942189}. Best is trial 1622 with value: -0.6125870653324885.
[I 2026-08-19 18:03:30,527] Trial 2149 finished with value: 0.5729808348673655 and parameters: {'k1': 0.07786225514617805, 'D_low': 4.814123284337488, 'k2': 0.006398032021297192, 'D_high': 1128346.70389238, 'fire_exp': 2.699713585966798, 'P_half': 66.78302637348133, 'pre_dampen_half': 7.300826376505508, 'gpp_af': 0.025901893247632923, 'gpp_b': 0.034565992259592976, 'gpp_d': 6.692061104527043, 'ign_k': 2.885422650686626, 'ign_c': 12.689153534834624, 'trop_agb_crit': 16.714664943472854, 'trop_k_veg': 7.540121836101565, 'pop_amp': 0.0021886448932564354, 'pop_peak': 0.06491627552982358, 'pop_sig': 0.8917746074787831, 'fuel_k': 0.0314421194021827, 'fuel_half': 2.1797745108014355}. Best is trial 1622 with value: -0.6125870653324885.
[I 2026-08-19 18:03:32,382] Trial 2150 finished with value: 0.5660656079620553 and parameters: {'k1': 0.011472155909379982, 'D_low': 1.188607784011577, 'k2': 0.001275311119170047, 'D_high': 4652.798991158512, 'fire_exp': 6.705570840577965, 'P_half': 1.8878326752871777, 'pre_dampen_half': 12.298165543141367, 'gpp_af': 0.04827655497984237, 'gpp_b': 0.0020157322473329763, 'gpp_d': 34.67253480848621, 'ign_k': 1.5735672686564128, 'ign_c': 2.114272811767412, 'trop_agb_crit': 25.763988232790666, 'trop_k_veg': 2.663281589345101, 'pop_amp': 0.0021801836990781222, 'pop_peak': 0.19141683550074978, 'pop_sig': 0.36385823466512046, 'fuel_k': 0.5642680679716742, 'fuel_half': 0.27356175018295725}. Best is trial 1622 with value: -0.6125870653324885.
[I 2026-08-19 18:03:34,252] Trial 2151 finished with value: 0.5629104247109362 and parameters: {'k1': 0.0007991370681812821, 'D_low': 2600.8564495614346, 'k2': 4.433332370136259e-05, 'D_high': 4782916.745543994, 'fire_exp': 1.0382750946787926, 'P_half': 9.074498720118436, 'pre_dampen_half': 5.706224849905302, 'gpp_af': 0.0035541065071557965, 'gpp_b': 0.012921633532814667, 'gpp_d': 67.75715150297297, 'ign_k': 2.8010904114187056, 'ign_c': 0.42212978619478186, 'trop_agb_crit': 16.585521375026573, 'trop_k_veg': 0.8852961635364053, 'pop_amp': 0.04012194514209904, 'pop_peak': 1.325162089160733, 'pop_sig': 0.7150486723867727, 'fuel_k': 0.20366177126799276, 'fuel_half': 8.995830385689004}. Best is trial 1622 with value: -0.6125870653324885.
[I 2026-08-19 18:03:36,021] Trial 2152 finished with value: -0.5726350831554129 and parameters: {'k1': 0.003677593564499563, 'D_low': 156.6710542849822, 'k2': 4.439454396005443e-05, 'D_high': 71988.909747694, 'fire_exp': 1.6105560854499361, 'P_half': 105.62393039036397, 'pre_dampen_half': 10.981606318373897, 'gpp_af': 0.8339344517816975, 'gpp_b': 0.003061244132225705, 'gpp_d': 16.24711827382, 'ign_k': 5.521028708386857, 'ign_c': 16.157314358809266, 'trop_agb_crit': 8.13029026838138, 'trop_k_veg': 2.1640821783480018, 'pop_amp': 0.0028717605050113558, 'pop_peak': 178.96364838132953, 'pop_sig': 0.5142633638175269, 'fuel_k': 0.09102467131011119, 'fuel_half': 1.0389983197098942}. Best is trial 1622 with value: -0.6125870653324885.
  trial 2153/2500  best_overall=0.6126  (65.2 min)
[I 2026-08-19 18:03:38,345] Trial 2153 finished with value: 0.6445374145881376 and parameters: {'k1': 0.00040371507466374873, 'D_low': 48.57689597765009, 'k2': 0.02746445838366538, 'D_high': 2330518.484041219, 'fire_exp': 5.161301510778041, 'P_half': 24.679864220071934, 'pre_dampen_half': 19.186656892720883, 'gpp_af': 0.02459037832805505, 'gpp_b': 0.00014562712178579757, 'gpp_d': 3.9920523537884858, 'ign_k': 2.5208469938142244, 'ign_c': 63.62053366489153, 'trop_agb_crit': 1.9525074724363745, 'trop_k_veg': 1.5019434689392452, 'pop_amp': 0.0031149811794795, 'pop_peak': 0.6959768470825874, 'pop_sig': 0.755554403076657, 'fuel_k': 0.18023369785175852, 'fuel_half': 2.103078229742351}. Best is trial 1622 with value: -0.6125870653324885.
[I 2026-08-19 18:03:40,143] Trial 2154 finished with value: 0.6218279364084208 and parameters: {'k1': 0.0097314994008455, 'D_low': 34.38216265796065, 'k2': 0.0012098910653746638, 'D_high': 6107900.906635916, 'fire_exp': 4.871340509425637, 'P_half': 8.138293784408518, 'pre_dampen_half': 647.5420475606443, 'gpp_af': 0.07864431346214558, 'gpp_b': 0.0005535725095102985, 'gpp_d': 355.96864627125575, 'ign_k': 0.09456273054132412, 'ign_c': 4.616203523337767, 'trop_agb_crit': 25.765677841787113, 'trop_k_veg': 6.779251193274331, 'pop_amp': 0.003038101788366286, 'pop_peak': 0.10075285235769996, 'pop_sig': 0.6000625747125451, 'fuel_k': 5.7005926986553535, 'fuel_half': 0.6327146715989016}. Best is trial 1622 with value: -0.6125870653324885.
[I 2026-08-19 18:03:42,017] Trial 2155 finished with value: 0.6445374145881376 and parameters: {'k1': 0.005036038104389723, 'D_low': 34.93119293695471, 'k2': 0.0006507021928889063, 'D_high': 265624.4261526627, 'fire_exp': 1.7747097702438261, 'P_half': 246.16061712539772, 'pre_dampen_half': 0.45076091731443785, 'gpp_af': 1.182123569577976, 'gpp_b': 3.052957526775416e-05, 'gpp_d': 51.25683586317877, 'ign_k': 2.520888003415648, 'ign_c': 149.35688339051413, 'trop_agb_crit': 17.901181183656252, 'trop_k_veg': 7.084139535145853, 'pop_amp': 0.006456899026329303, 'pop_peak': 0.0509862498816994, 'pop_sig': 0.3761899602645911, 'fuel_k': 1.062883003045781, 'fuel_half': 82.57986761256858}. Best is trial 1622 with value: -0.6125870653324885.
[I 2026-08-19 18:03:44,056] Trial 2156 finished with value: 0.6076228688071071 and parameters: {'k1': 0.013366201185681091, 'D_low': 1.2300785027494459, 'k2': 0.00014843654779614904, 'D_high': 4778561.182135979, 'fire_exp': 1.5703499219378965, 'P_half': 9.68179008158457, 'pre_dampen_half': 16.26036165269628, 'gpp_af': 0.0024823170632602433, 'gpp_b': 1.5350727858821463e-05, 'gpp_d': 0.2050834117290974, 'ign_k': 0.6493436751699087, 'ign_c': 35.01063491183619, 'trop_agb_crit': 10.070001090798318, 'trop_k_veg': 4.00408428799154, 'pop_amp': 0.0314725610734376, 'pop_peak': 0.08607443122940311, 'pop_sig': 0.5313588445489337, 'fuel_k': 1.2506155920066975, 'fuel_half': 16.91092030869986}. Best is trial 1622 with value: -0.6125870653324885.
[I 2026-08-19 18:03:45,929] Trial 2157 finished with value: -0.6093733422790846 and parameters: {'k1': 0.011718188929621476, 'D_low': 127.67945913138311, 'k2': 0.00010971822168774777, 'D_high': 1911210.241313029, 'fire_exp': 1.6046597767563913, 'P_half': 24.468941538570046, 'pre_dampen_half': 10.079115305485162, 'gpp_af': 0.003907121230095135, 'gpp_b': 0.00012630703654640296, 'gpp_d': 47.866950398584635, 'ign_k': 0.3806831011706353, 'ign_c': 16.961000767253473, 'trop_agb_crit': 18.185126592017806, 'trop_k_veg': 1.369378004881877, 'pop_amp': 0.006173728234755778, 'pop_peak': 1.0130885651893065, 'pop_sig': 1.1441669550520388, 'fuel_k': 0.06754966090793049, 'fuel_half': 42.74113997973368}. Best is trial 1622 with value: -0.6125870653324885.
[I 2026-08-19 18:03:48,067] Trial 2158 finished with value: 0.6445374145881376 and parameters: {'k1': 0.0003118096527930477, 'D_low': 107861.48388213883, 'k2': 9.294302035974573e-05, 'D_high': 3813578.709835104, 'fire_exp': 1.6622472460808844, 'P_half': 2809.5113543426382, 'pre_dampen_half': 0.4492307236658119, 'gpp_af': 0.7441812865424697, 'gpp_b': 1.6389192560900126e-05, 'gpp_d': 61.28826847269665, 'ign_k': 3.7538845109531223, 'ign_c': 47.23829255827628, 'trop_agb_crit': 17.551739063156813, 'trop_k_veg': 0.510543875095703, 'pop_amp': 0.0015898574215076802, 'pop_peak': 1.6607587284527126, 'pop_sig': 0.6557638751826473, 'fuel_k': 0.10182370657665515, 'fuel_half': 10.91196182769728}. Best is trial 1622 with value: -0.6125870653324885.
[I 2026-08-19 18:03:49,997] Trial 2159 finished with value: 0.6445374145881376 and parameters: {'k1': 0.0014529541720348545, 'D_low': 37.69175517410194, 'k2': 0.0002315356889439637, 'D_high': 77918.2890325776, 'fire_exp': 1.3947814495339328, 'P_half': 53.17420397412085, 'pre_dampen_half': 17.559754124020888, 'gpp_af': 0.08204514797302645, 'gpp_b': 0.0005148290549243561, 'gpp_d': 14.957073680317206, 'ign_k': 3.3887583195083657, 'ign_c': 670.1470527839193, 'trop_agb_crit': 18.991009985087267, 'trop_k_veg': 2.5102425239464674, 'pop_amp': 0.0018563800072361962, 'pop_peak': 0.08234090913460047, 'pop_sig': 1.3123113796213404, 'fuel_k': 0.018724609780972935, 'fuel_half': 18.065616824653517}. Best is trial 1622 with value: -0.6125870653324885.
[I 2026-08-19 18:03:51,777] Trial 2160 finished with value: -0.5697651476335946 and parameters: {'k1': 0.0008724907741894589, 'D_low': 15631.522176509718, 'k2': 0.00011179146664983562, 'D_high': 961861.4467514422, 'fire_exp': 1.085151252261775, 'P_half': 367.72367771371916, 'pre_dampen_half': 494.17217109271184, 'gpp_af': 0.027663624065280765, 'gpp_b': 0.00011064467840221291, 'gpp_d': 37.49874778435715, 'ign_k': 5.372558624734193, 'ign_c': 0.5974140055484347, 'trop_agb_crit': 11.68810674303238, 'trop_k_veg': 1.2960331380670589, 'pop_amp': 0.010771161259857484, 'pop_peak': 26.98362510793754, 'pop_sig': 0.4436464566923935, 'fuel_k': 0.022940640336652208, 'fuel_half': 1.001476192838439}. Best is trial 1622 with value: -0.6125870653324885.
[I 2026-08-19 18:03:53,685] Trial 2161 finished with value: 0.5813055682703725 and parameters: {'k1': 0.003510862564979879, 'D_low': 21.155803368335405, 'k2': 0.00023340786557169958, 'D_high': 9147625.6983531, 'fire_exp': 2.1347735321967893, 'P_half': 1.5406346769030241, 'pre_dampen_half': 2.2401739550180952, 'gpp_af': 0.036032598785421296, 'gpp_b': 2.9203893274453567e-05, 'gpp_d': 16.254697674156613, 'ign_k': 0.04308832233703282, 'ign_c': 79.99263035772374, 'trop_agb_crit': 19.990762592139042, 'trop_k_veg': 1.6877724320363356, 'pop_amp': 0.015327975903956894, 'pop_peak': 0.05228596488216757, 'pop_sig': 0.9460448083200825, 'fuel_k': 0.3771251255075438, 'fuel_half': 12.696374688443058}. Best is trial 1622 with value: -0.6125870653324885.
[I 2026-08-19 18:03:55,570] Trial 2162 finished with value: 0.4441031437114603 and parameters: {'k1': 0.004604510565468773, 'D_low': 10783.89277566367, 'k2': 0.0004912749174233237, 'D_high': 416370.8536848468, 'fire_exp': 2.4879648018465934, 'P_half': 87.62524324984469, 'pre_dampen_half': 11.295586272310846, 'gpp_af': 0.007911791795096724, 'gpp_b': 3.145633765004068e-05, 'gpp_d': 6.5543699322094975, 'ign_k': 2.7344580334651365, 'ign_c': 17.800504579333214, 'trop_agb_crit': 11.328503430825888, 'trop_k_veg': 1.2523604180692918, 'pop_amp': 0.0017232648471992387, 'pop_peak': 0.19829596181026887, 'pop_sig': 0.913622945863166, 'fuel_k': 0.02691960362376335, 'fuel_half': 15.2869947259522}. Best is trial 1622 with value: -0.6125870653324885.
[I 2026-08-19 18:03:57,332] Trial 2163 finished with value: 0.49620958363235446 and parameters: {'k1': 0.002183566013725588, 'D_low': 5430.975951467621, 'k2': 8.722607977659986e-05, 'D_high': 35021.41935025415, 'fire_exp': 1.120520453462115, 'P_half': 233.87929851530487, 'pre_dampen_half': 11.100860999683317, 'gpp_af': 0.009853137992151283, 'gpp_b': 0.0005511273912025983, 'gpp_d': 12.02183581118616, 'ign_k': 0.2902615244590035, 'ign_c': 7.945007452773044, 'trop_agb_crit': 17.778167750302476, 'trop_k_veg': 1.078192671835279, 'pop_amp': 0.004393997385665876, 'pop_peak': 0.5033967272328855, 'pop_sig': 1.148116133406783, 'fuel_k': 0.13705401802969708, 'fuel_half': 18.884365759432917}. Best is trial 1622 with value: -0.6125870653324885.
  trial 2164/2500  best_overall=0.6126  (65.6 min)
[I 2026-08-19 18:03:59,658] Trial 2164 finished with value: 0.5247831398655156 and parameters: {'k1': 0.0034541851588426754, 'D_low': 21.172061923453146, 'k2': 1.990919604674337e-05, 'D_high': 878217.3675421875, 'fire_exp': 1.421054886661697, 'P_half': 2.7159948732167107, 'pre_dampen_half': 0.6326688989545141, 'gpp_af': 0.0066174831720379875, 'gpp_b': 0.00038169797460127974, 'gpp_d': 207.58904583768174, 'ign_k': 0.024660659351420332, 'ign_c': 10.16736924953253, 'trop_agb_crit': 10.419463623119077, 'trop_k_veg': 1.7010081796774974, 'pop_amp': 0.008099860034579241, 'pop_peak': 1.0207295168830408, 'pop_sig': 1.3974047677504864, 'fuel_k': 0.02669184703477988, 'fuel_half': 13.048780360286685}. Best is trial 1622 with value: -0.6125870653324885.
[I 2026-08-19 18:04:01,602] Trial 2165 finished with value: -0.5972828529150307 and parameters: {'k1': 0.0010015394611212667, 'D_low': 25.292102826493903, 'k2': 0.0002140131161947809, 'D_high': 904378.7801761576, 'fire_exp': 1.3989734888789602, 'P_half': 3.98398640429339, 'pre_dampen_half': 1.4723409701449293, 'gpp_af': 0.019877707397700197, 'gpp_b': 0.000256297776828767, 'gpp_d': 0.678399555525806, 'ign_k': 0.4292256941725442, 'ign_c': 9.756181074178615, 'trop_agb_crit': 15.154167683807815, 'trop_k_veg': 1.523432350938811, 'pop_amp': 0.06846491307235886, 'pop_peak': 882.9650820383765, 'pop_sig': 0.8281900948844051, 'fuel_k': 0.035182027033837354, 'fuel_half': 16.92204400511358}. Best is trial 1622 with value: -0.6125870653324885.
[I 2026-08-19 18:04:03,387] Trial 2166 finished with value: 0.5897211933848461 and parameters: {'k1': 0.0014956105389788065, 'D_low': 8.565520921949537, 'k2': 2.1310342307207283e-05, 'D_high': 166384.83828634713, 'fire_exp': 1.1376395941093715, 'P_half': 4.013498782777993, 'pre_dampen_half': 6.494200619607313, 'gpp_af': 0.09163542183177863, 'gpp_b': 7.956729118935932e-05, 'gpp_d': 2.8235270531306242, 'ign_k': 0.0626828436073703, 'ign_c': 108.52146922488215, 'trop_agb_crit': 17.83576285914428, 'trop_k_veg': 1.310364419991897, 'pop_amp': 0.48860299391187306, 'pop_peak': 150.23164049492692, 'pop_sig': 0.9914354876861339, 'fuel_k': 0.02680383022785953, 'fuel_half': 29.609040122790713}. Best is trial 1622 with value: -0.6125870653324885.
[I 2026-08-19 18:04:05,310] Trial 2167 finished with value: 0.6442726857037208 and parameters: {'k1': 0.023737115286480613, 'D_low': 686605.1984514222, 'k2': 0.00022467361410673996, 'D_high': 1564447.676152343, 'fire_exp': 1.172198105548396, 'P_half': 172.69978041249027, 'pre_dampen_half': 34.38721202512168, 'gpp_af': 0.05420471950199991, 'gpp_b': 0.0010859007384551572, 'gpp_d': 10.425796863892991, 'ign_k': 0.44453504175189096, 'ign_c': 6.467926391761658, 'trop_agb_crit': 20.859755461596087, 'trop_k_veg': 0.7313304783044514, 'pop_amp': 0.002717274055817479, 'pop_peak': 29.536933165577572, 'pop_sig': 0.6723014447784366, 'fuel_k': 0.5292623554504714, 'fuel_half': 86.81929535425199}. Best is trial 1622 with value: -0.6125870653324885.
[I 2026-08-19 18:04:07,162] Trial 2168 finished with value: 0.5457977403371312 and parameters: {'k1': 0.005870173495258397, 'D_low': 508.0754995456023, 'k2': 0.00013853124475253321, 'D_high': 7511708.6730875475, 'fire_exp': 1.748556747063046, 'P_half': 4.962922868130232, 'pre_dampen_half': 2.2349831992320977, 'gpp_af': 0.008355617532805707, 'gpp_b': 0.004407369152177645, 'gpp_d': 6.414874759478559, 'ign_k': 0.07943963485764227, 'ign_c': 8.861044605775195, 'trop_agb_crit': 15.56795789591122, 'trop_k_veg': 0.8521796333442174, 'pop_amp': 0.05232308696909619, 'pop_peak': 1.1541557480137359, 'pop_sig': 1.54553933551115, 'fuel_k': 0.09285082361245471, 'fuel_half': 31.40191756509176}. Best is trial 1622 with value: -0.6125870653324885.
[I 2026-08-19 18:04:08,970] Trial 2169 finished with value: 0.5660799404377135 and parameters: {'k1': 0.0003299218514714161, 'D_low': 6.772771058686954, 'k2': 0.00010566120104426404, 'D_high': 765012.0832412498, 'fire_exp': 1.617625915005083, 'P_half': 1.011934374459984, 'pre_dampen_half': 0.5729931593087328, 'gpp_af': 0.0011492335769557626, 'gpp_b': 0.0013101526833796226, 'gpp_d': 5.348809459011801, 'ign_k': 0.3449209382623751, 'ign_c': 15.345652332451362, 'trop_agb_crit': 12.173072190362726, 'trop_k_veg': 0.7744245954275468, 'pop_amp': 0.007784058201383116, 'pop_peak': 124.79716601090394, 'pop_sig': 0.9809127810661845, 'fuel_k': 0.0765226639827683, 'fuel_half': 5.275319046413658}. Best is trial 1622 with value: -0.6125870653324885.
[I 2026-08-19 18:04:10,827] Trial 2170 finished with value: 0.5984013522156474 and parameters: {'k1': 0.00018263772774517183, 'D_low': 8695.042689106655, 'k2': 0.0017196634444475245, 'D_high': 4522785.129277447, 'fire_exp': 8.387053096704555, 'P_half': 2.593693508044368, 'pre_dampen_half': 112.94168556942448, 'gpp_af': 0.00380195400834312, 'gpp_b': 0.00019846803574006757, 'gpp_d': 110.14042375042425, 'ign_k': 0.013155186855918264, 'ign_c': 0.8664568441951361, 'trop_agb_crit': 19.176944835344084, 'trop_k_veg': 2.33332000594899, 'pop_amp': 0.0011095189238478625, 'pop_peak': 0.29745920422740785, 'pop_sig': 0.8386848467580847, 'fuel_k': 0.26461099585889014, 'fuel_half': 0.4496070533797815}. Best is trial 1622 with value: -0.6125870653324885.
[I 2026-08-19 18:04:12,670] Trial 2171 finished with value: 0.45616678440251557 and parameters: {'k1': 0.0018609713169108373, 'D_low': 1334.4131863162736, 'k2': 0.0028508085249631127, 'D_high': 153831.1920927011, 'fire_exp': 1.4725201620114468, 'P_half': 1.880421781668756, 'pre_dampen_half': 21.484700895792802, 'gpp_af': 0.01695101739209562, 'gpp_b': 2.8392248738207588e-05, 'gpp_d': 0.6187607631524961, 'ign_k': 0.4114879639977369, 'ign_c': 3.7233538926771996, 'trop_agb_crit': 8.028426613597457, 'trop_k_veg': 1.0930281009038147, 'pop_amp': 0.046480788555794066, 'pop_peak': 97.25613606986198, 'pop_sig': 0.5688065097431463, 'fuel_k': 0.019128774732245453, 'fuel_half': 22.81005205285857}. Best is trial 1622 with value: -0.6125870653324885.
[I 2026-08-19 18:04:14,573] Trial 2172 finished with value: 0.4705528960613403 and parameters: {'k1': 0.00018970885251541226, 'D_low': 63.89934021024866, 'k2': 0.0008011208341694686, 'D_high': 107567.49230180221, 'fire_exp': 1.144118902702295, 'P_half': 1.1149785860305228, 'pre_dampen_half': 0.4668626103984295, 'gpp_af': 0.011870935531633896, 'gpp_b': 0.001002568668945531, 'gpp_d': 5.22700110810035, 'ign_k': 1.159431332425027, 'ign_c': 13.05160572859482, 'trop_agb_crit': 21.635013314328546, 'trop_k_veg': 4.210483773958442, 'pop_amp': 0.11550259860321274, 'pop_peak': 105.28993983125507, 'pop_sig': 0.49299502040614174, 'fuel_k': 0.01996215752581047, 'fuel_half': 42.80400366675056}. Best is trial 1622 with value: -0.6125870653324885.
[I 2026-08-19 18:04:16,407] Trial 2173 finished with value: 0.6137924216928324 and parameters: {'k1': 0.004777935082448383, 'D_low': 1.2892833718289625, 'k2': 0.02093415985004094, 'D_high': 37116.75015738212, 'fire_exp': 7.755907127920167, 'P_half': 11.635140673588843, 'pre_dampen_half': 78.94337005534943, 'gpp_af': 0.04192555695923551, 'gpp_b': 4.223865999039676e-05, 'gpp_d': 6.902707190291924, 'ign_k': 0.3024100315140096, 'ign_c': 35.08865978828986, 'trop_agb_crit': 4.211454614892477, 'trop_k_veg': 2.510274702119877, 'pop_amp': 0.007168254589307961, 'pop_peak': 779.6513807760529, 'pop_sig': 2.494693934622156, 'fuel_k': 0.06412762373750844, 'fuel_half': 0.11176834807500269}. Best is trial 1622 with value: -0.6125870653324885.
