[I 2026-08-06 03:27:39,763] Trial 1499 finished with values: [10.606444454427812, 10.606444454427812] and parameters: {'k1': 0.0030285741098956273, 'D_low': 376.7022142229396, 'k2': 0.0007081721844034209, 'D_high': 35.11445258128688, 'fire_exp': 1.0881360604103363, 'P_half': 35.828811741825064, 'pre_dampen_half': 8.904067307938409, 'gpp_af': 0.05391752791214327, 'gpp_b': 0.004597283814159352, 'gpp_d': 10.931606102061748, 'ign_k': 0.37424230019851973, 'ign_c': 22.126836566118193, 'gdp_gamma': 0.4782736120512339}.
[setup] CRUJRA climate from data/crujra/, GPP from global_baseline_modelC_inputs_1997-2016.nc ...
[setup] loading GFED5 reference from burntArea.nc ...
[setup] land cells (GFED5 burnable): 13916 / 64800 (21.5%)
[gdp] GDP_TERM ON: pivot $9,242/cap, coverage 21% of grid, clip [0.15,6.0]x
[setup] GFED5 land-mean monthly frac: 0.005068
[opt] warm-start from params.nsga2.json
[warm] Overall=0.5993  bias=0.6793 rmse=0.3680 seas=0.8308 spatial=0.7505
[opt] sampler=NSGAIISampler seed=42
[opt] running 1500 trials against GFED5 ...
  trial   14/1500  pareto_size=1  best_ilamb=0.5993  (0.4 min)
  trial   28/1500  pareto_size=1  best_ilamb=0.5993  (0.7 min)
  trial   42/1500  pareto_size=1  best_ilamb=0.5993  (1.1 min)
  trial   56/1500  pareto_size=1  best_ilamb=0.5993  (1.4 min)
  trial   70/1500  pareto_size=1  best_ilamb=0.5993  (1.8 min)
  trial   84/1500  pareto_size=1  best_ilamb=0.5993  (2.1 min)
  trial   98/1500  pareto_size=1  best_ilamb=0.5993  (2.5 min)
  trial  112/1500  pareto_size=1  best_ilamb=0.5993  (2.8 min)
  trial  126/1500  pareto_size=1  best_ilamb=0.5993  (3.2 min)
  trial  139/1500  pareto_size=1  best_ilamb=0.5993  (3.5 min)
  trial  153/1500  pareto_size=1  best_ilamb=0.5993  (3.9 min)
  trial  167/1500  pareto_size=1  best_ilamb=0.5993  (4.2 min)
  trial  181/1500  pareto_size=1  best_ilamb=0.5993  (4.6 min)
  trial  195/1500  pareto_size=1  best_ilamb=0.5993  (4.9 min)
  trial  209/1500  pareto_size=1  best_ilamb=0.5993  (5.3 min)
  trial  223/1500  pareto_size=1  best_ilamb=0.5993  (5.6 min)
  trial  237/1500  pareto_size=1  best_ilamb=0.5993  (6.0 min)
  trial  251/1500  pareto_size=2  best_ilamb=0.5993  (6.3 min)
  trial  265/1500  pareto_size=2  best_ilamb=0.5993  (6.7 min)
  trial  279/1500  pareto_size=2  best_ilamb=0.5993  (7.0 min)
  trial  293/1500  pareto_size=2  best_ilamb=0.5993  (7.4 min)
  trial  307/1500  pareto_size=2  best_ilamb=0.5993  (7.7 min)
  trial  321/1500  pareto_size=2  best_ilamb=0.5993  (8.1 min)
  trial  331/1500  pareto_size=2  best_ilamb=0.5993  (8.4 min)
  trial  343/1500  pareto_size=2  best_ilamb=0.5993  (8.8 min)
  trial  355/1500  pareto_size=3  best_ilamb=0.6249  (9.1 min)
  trial  366/1500  pareto_size=3  best_ilamb=0.6249  (9.5 min)
  trial  377/1500  pareto_size=3  best_ilamb=0.6249  (9.8 min)
  trial  388/1500  pareto_size=3  best_ilamb=0.6249  (10.2 min)
  trial  398/1500  pareto_size=3  best_ilamb=0.6249  (10.6 min)
  trial  407/1500  pareto_size=3  best_ilamb=0.6249  (10.9 min)
  trial  416/1500  pareto_size=3  best_ilamb=0.6249  (11.3 min)
  trial  425/1500  pareto_size=3  best_ilamb=0.6249  (11.6 min)
  trial  434/1500  pareto_size=3  best_ilamb=0.6249  (11.9 min)
  trial  444/1500  pareto_size=3  best_ilamb=0.6249  (12.3 min)
  trial  454/1500  pareto_size=3  best_ilamb=0.6249  (12.7 min)
  trial  464/1500  pareto_size=3  best_ilamb=0.6249  (13.0 min)
  trial  474/1500  pareto_size=3  best_ilamb=0.6249  (13.4 min)
  trial  484/1500  pareto_size=4  best_ilamb=0.6249  (13.7 min)
  trial  496/1500  pareto_size=4  best_ilamb=0.6249  (14.1 min)
  trial  508/1500  pareto_size=4  best_ilamb=0.6249  (14.4 min)
  trial  520/1500  pareto_size=4  best_ilamb=0.6249  (14.8 min)
  trial  532/1500  pareto_size=4  best_ilamb=0.6249  (15.1 min)
  trial  545/1500  pareto_size=4  best_ilamb=0.6249  (15.5 min)
  trial  558/1500  pareto_size=5  best_ilamb=0.6249  (15.8 min)
  trial  571/1500  pareto_size=5  best_ilamb=0.6249  (16.2 min)
  trial  584/1500  pareto_size=5  best_ilamb=0.6249  (16.6 min)
  trial  597/1500  pareto_size=5  best_ilamb=0.6249  (16.9 min)
  trial  610/1500  pareto_size=4  best_ilamb=0.6249  (17.3 min)
  trial  623/1500  pareto_size=4  best_ilamb=0.6249  (17.6 min)
  trial  636/1500  pareto_size=4  best_ilamb=0.6249  (18.0 min)
  trial  649/1500  pareto_size=4  best_ilamb=0.6249  (18.4 min)
  trial  662/1500  pareto_size=4  best_ilamb=0.6249  (18.7 min)
  trial  674/1500  pareto_size=4  best_ilamb=0.6249  (19.1 min)
  trial  689/1500  pareto_size=4  best_ilamb=0.6249  (19.4 min)
  trial  706/1500  pareto_size=5  best_ilamb=0.6249  (19.8 min)
  trial  722/1500  pareto_size=5  best_ilamb=0.6249  (20.1 min)
  trial  738/1500  pareto_size=5  best_ilamb=0.6249  (20.5 min)
  trial  754/1500  pareto_size=5  best_ilamb=0.6249  (20.8 min)
  trial  771/1500  pareto_size=6  best_ilamb=0.6249  (21.2 min)
  trial  788/1500  pareto_size=6  best_ilamb=0.6249  (21.5 min)
  trial  805/1500  pareto_size=6  best_ilamb=0.6249  (21.9 min)
  trial  822/1500  pareto_size=6  best_ilamb=0.6249  (22.2 min)
  trial  839/1500  pareto_size=6  best_ilamb=0.6249  (22.5 min)
  trial  856/1500  pareto_size=6  best_ilamb=0.6249  (22.9 min)
  trial  873/1500  pareto_size=6  best_ilamb=0.6249  (23.2 min)
  trial  890/1500  pareto_size=6  best_ilamb=0.6249  (23.6 min)
  trial  907/1500  pareto_size=4  best_ilamb=0.6249  (24.0 min)
  trial  924/1500  pareto_size=4  best_ilamb=0.6249  (24.3 min)
  trial  941/1500  pareto_size=4  best_ilamb=0.6249  (24.7 min)
  trial  958/1500  pareto_size=4  best_ilamb=0.6249  (25.0 min)
  trial  975/1500  pareto_size=4  best_ilamb=0.6249  (25.4 min)
  trial  992/1500  pareto_size=4  best_ilamb=0.6249  (25.7 min)
  trial 1009/1500  pareto_size=4  best_ilamb=0.6249  (26.1 min)
  trial 1026/1500  pareto_size=2  best_ilamb=0.6304  (26.4 min)
  trial 1043/1500  pareto_size=3  best_ilamb=0.6304  (26.8 min)
  trial 1060/1500  pareto_size=3  best_ilamb=0.6304  (27.1 min)
  trial 1077/1500  pareto_size=4  best_ilamb=0.6304  (27.5 min)
  trial 1095/1500  pareto_size=4  best_ilamb=0.6304  (27.8 min)
  trial 1112/1500  pareto_size=4  best_ilamb=0.6304  (28.2 min)
  trial 1129/1500  pareto_size=4  best_ilamb=0.6304  (28.5 min)
  trial 1146/1500  pareto_size=4  best_ilamb=0.6304  (28.9 min)
  trial 1163/1500  pareto_size=5  best_ilamb=0.6304  (29.2 min)
  trial 1180/1500  pareto_size=6  best_ilamb=0.6304  (29.5 min)
  trial 1197/1500  pareto_size=6  best_ilamb=0.6304  (29.9 min)
  trial 1214/1500  pareto_size=6  best_ilamb=0.6304  (30.2 min)
  trial 1231/1500  pareto_size=7  best_ilamb=0.6320  (30.6 min)
  trial 1249/1500  pareto_size=5  best_ilamb=0.6320  (31.0 min)
  trial 1266/1500  pareto_size=5  best_ilamb=0.6320  (31.3 min)
  trial 1283/1500  pareto_size=5  best_ilamb=0.6320  (31.7 min)
  trial 1300/1500  pareto_size=5  best_ilamb=0.6320  (32.0 min)
  trial 1318/1500  pareto_size=5  best_ilamb=0.6320  (32.4 min)
  trial 1336/1500  pareto_size=5  best_ilamb=0.6320  (32.7 min)
  trial 1353/1500  pareto_size=6  best_ilamb=0.6320  (33.1 min)
  trial 1370/1500  pareto_size=6  best_ilamb=0.6320  (33.4 min)
  trial 1387/1500  pareto_size=6  best_ilamb=0.6320  (33.8 min)
  trial 1405/1500  pareto_size=6  best_ilamb=0.6320  (34.1 min)
  trial 1422/1500  pareto_size=6  best_ilamb=0.6320  (34.5 min)
  trial 1439/1500  pareto_size=8  best_ilamb=0.6320  (34.8 min)
  trial 1456/1500  pareto_size=7  best_ilamb=0.6320  (35.2 min)
  trial 1473/1500  pareto_size=7  best_ilamb=0.6320  (35.5 min)
  trial 1490/1500  pareto_size=5  best_ilamb=0.6338  (35.9 min)

[done] 1500 trials in 36.1 min
[pareto] 5 non-dominated trials, 5 with fp_score >= 0.8
[chosen] trial 1486: ILAMB=0.6338  fp_score=0.9256  ratio=1.05
[best] Bias=0.7098  RMSE=0.4089  Seas=0.8404  Spatial=0.8009  Overall=0.6338
[diag] raw rate land-mean (yr^-1): 0.03606  (target ~ 0.06082)
[write] D:\FIRE_OFFLINE\models\C\params.H.json
[write] D:\FIRE_OFFLINE\ilamb\MODELS\ED-ModelC-final\burntArea.H.nc  (15.0 MB)

[FIX2] dumping top-5 Pareto candidates -> D:\FIRE_OFFLINE\ilamb\MODELS_TOPK_H
  k1: trial 1486  internal_overall=0.6338  taylor=0.0000  sigma=0.000  fp=0.926  ratio=1.05  amp=1.00
  k2: trial 1476  internal_overall=0.6277  taylor=0.0000  sigma=0.000  fp=0.932  ratio=1.03  amp=1.00
  k3: trial 1448  internal_overall=0.6266  taylor=0.0000  sigma=0.000  fp=0.933  ratio=1.03  amp=1.00
  k4: trial 1243  internal_overall=0.6252  taylor=0.0000  sigma=0.000  fp=0.947  ratio=0.89  amp=1.00
  k5: trial 901  internal_overall=0.6127  taylor=0.0000  sigma=0.000  fp=0.952  ratio=0.81  amp=1.00
[FIX2] manifest -> D:\FIRE_OFFLINE\models\C\topk.H.json
[FIX2] re-score all candidates with official ILAMB (CLAUDE.md recipe; clean ._* first), e.g. --model_root "$PWD/ilamb/MODELS_TOPK_H"
[FIX2] promote the candidate with the best OFFICIAL Overall, NOT the internal one.
=== done Model H 03:28:00 ===
