[I 2026-08-06 11:22:16,781] Trial 119 finished with values: [10.769201005179891, 10.769201005179891] and parameters: {'k1': 0.037633129263701104, 'D_low': 37.35862630812753, 'k2': 4.042960692360327e-05, 'D_high': 176.55835392092538, 'fire_exp': 1.77210373046677, 'P_half': 945.7692079529039, 'pre_dampen_half': 0.014711676743602244, 'gpp_af': 0.29012721497386246, 'gpp_b': 0.37562294593204776, 'gpp_d': 40.950628944766926, 'ign_k': 0.013276678836047658, 'ign_c': 192.76545985682404, 'trop_agb_crit': 1.4568555410190271, 'trop_k_veg': 0.8170196702261714}.
[I 2026-08-06 11:22:18,229] Trial 120 finished with values: [10.769227655533534, 10.769227655533534] and parameters: {'k1': 0.04541457206426165, 'D_low': 125.61043700013555, 'k2': 0.00025255166452944054, 'D_high': 146.1896279370497, 'fire_exp': 4.091220574443785, 'P_half': 3.6138942712165267, 'pre_dampen_half': 0.2888838362365318, 'gpp_af': 0.0038793182938363898, 'gpp_b': 0.012132126638791128, 'gpp_d': 82.84476373292449, 'ign_k': 0.006290644294586149, 'ign_c': 20.2332618520664, 'trop_agb_crit': 7.500118950416987, 'trop_k_veg': 6.955154171468271}.
[I 2026-08-06 11:22:19,524] Trial 121 finished with values: [10.766128380599792, 10.766128380599792] and parameters: {'k1': 0.016780508579130986, 'D_low': 984.098934375832, 'k2': 5.471218729342035e-05, 'D_high': 91167.68553735342, 'fire_exp': 2.100650708889295, 'P_half': 1735.792403594532, 'pre_dampen_half': 0.1875872314533727, 'gpp_af': 2.555721998081808, 'gpp_b': 0.0004408910919257112, 'gpp_d': 54.620376657085984, 'ign_k': 0.1647069822172432, 'ign_c': 4.439802552990464, 'trop_agb_crit': 11.316283925181681, 'trop_k_veg': 5.982827017670783}.
[I 2026-08-06 11:22:20,863] Trial 122 finished with values: [10.76923076892712, 10.76923076892712] and parameters: {'k1': 3.0376902301221646e-05, 'D_low': 1812.5870836716226, 'k2': 6.688594595986188e-05, 'D_high': 1236.6924205139144, 'fire_exp': 3.187258374159921, 'P_half': 577.536337635295, 'pre_dampen_half': 18.075983730158487, 'gpp_af': 12.10590321196177, 'gpp_b': 0.0585332093505296, 'gpp_d': 0.7668707039273328, 'ign_k': 3.1211489608802356, 'ign_c': 482.49142811802585, 'trop_agb_crit': 1.2308908766048772, 'trop_k_veg': 1.0773676061600252}.
[I 2026-08-06 11:22:22,098] Trial 123 finished with values: [10.45295567459167, 10.45295567459167] and parameters: {'k1': 0.008287522363768155, 'D_low': 7.299348683062307, 'k2': 0.003101429427212743, 'D_high': 21.947742689197344, 'fire_exp': 1.1263716762638152, 'P_half': 712.8188058401365, 'pre_dampen_half': 63.6685916079943, 'gpp_af': 0.6403036652671171, 'gpp_b': 0.22727308251068193, 'gpp_d': 757.2868182332339, 'ign_k': 0.12329098365270515, 'ign_c': 1.9580595319750387, 'trop_agb_crit': 1.0903028125370984, 'trop_k_veg': 4.989748894578724}.
[I 2026-08-06 11:22:23,373] Trial 124 finished with values: [10.631084454092784, 10.631084454092784] and parameters: {'k1': 0.06994589881535453, 'D_low': 355.00125258511594, 'k2': 0.03538758864779238, 'D_high': 774.2116473996249, 'fire_exp': 1.2611826901294014, 'P_half': 1.1827346017839087, 'pre_dampen_half': 63.6685916079943, 'gpp_af': 2.6003623362924237, 'gpp_b': 0.42247700890263645, 'gpp_d': 2.944272359149677, 'ign_k': 0.12329098365270515, 'ign_c': 5.13055176058983, 'trop_agb_crit': 15.961316409649486, 'trop_k_veg': 0.6743482387129308}.
[I 2026-08-06 11:22:24,734] Trial 125 finished with values: [10.76921914600161, 10.76921914600161] and parameters: {'k1': 3.5917714215176105e-05, 'D_low': 3.4487261314487374, 'k2': 1.7926680648388784e-05, 'D_high': 91167.68553735342, 'fire_exp': 2.100650708889295, 'P_half': 78.6767770625783, 'pre_dampen_half': 0.1875872314533727, 'gpp_af': 0.010767288724535778, 'gpp_b': 0.36422282566934233, 'gpp_d': 9.510288748158525, 'ign_k': 0.07696703458159235, 'ign_c': 1.3012518385211496, 'trop_agb_crit': 3.275825291386224, 'trop_k_veg': 6.5801322358877785}.
[I 2026-08-06 11:22:26,121] Trial 126 finished with values: [10.68073312230182, 10.68073312230182] and parameters: {'k1': 0.00031134168041628584, 'D_low': 12.105387404469584, 'k2': 1.1065812688893481e-05, 'D_high': 431.45617043093523, 'fire_exp': 1.0601964743503993, 'P_half': 4.213183643253957, 'pre_dampen_half': 0.2888838362365318, 'gpp_af': 1.9706963379095486, 'gpp_b': 0.0054502936945582505, 'gpp_d': 84.31013932082456, 'ign_k': 0.0035281132746849977, 'ign_c': 11.400863701127316, 'trop_agb_crit': 7.500118950416987, 'trop_k_veg': 0.6673124511410327}.
[I 2026-08-06 11:22:27,452] Trial 127 finished with values: [10.769229864757241, 10.769229864757241] and parameters: {'k1': 0.035346441441965824, 'D_low': 3.4487261314487374, 'k2': 1.7926680648388784e-05, 'D_high': 21.705003488711135, 'fire_exp': 1.450870712623418, 'P_half': 1735.792403594532, 'pre_dampen_half': 10.768254179081206, 'gpp_af': 0.001111693990724459, 'gpp_b': 2.512533442757689, 'gpp_d': 9.510288748158525, 'ign_k': 0.001047722656409829, 'ign_c': 4.439802552990464, 'trop_agb_crit': 3.275825291386224, 'trop_k_veg': 3.4048253345625987}.
[I 2026-08-06 11:22:28,777] Trial 128 finished with values: [10.746556456884395, 10.746556456884395] and parameters: {'k1': 0.008287522363768155, 'D_low': 1.1433485956638711, 'k2': 0.03538758864779238, 'D_high': 774.2116473996249, 'fire_exp': 2.467425479508436, 'P_half': 56.22114524476698, 'pre_dampen_half': 331.7366635899375, 'gpp_af': 0.05511595477601767, 'gpp_b': 0.42247700890263645, 'gpp_d': 2.944272359149677, 'ign_k': 0.12329098365270515, 'ign_c': 5.13055176058983, 'trop_agb_crit': 18.785197416433792, 'trop_k_veg': 6.955154171468271}.
[I 2026-08-06 11:22:30,137] Trial 129 finished with values: [10.764698352518225, 10.764698352518225] and parameters: {'k1': 0.06994589881535453, 'D_low': 355.00125258511594, 'k2': 8.923807143379776e-05, 'D_high': 8182.111518618414, 'fire_exp': 1.2611826901294014, 'P_half': 338.23872019362165, 'pre_dampen_half': 234.12640025944248, 'gpp_af': 0.015520792944431105, 'gpp_b': 0.14577755664212386, 'gpp_d': 2.944272359149677, 'ign_k': 0.010167079878196114, 'ign_c': 5.13055176058983, 'trop_agb_crit': 7.628718523810018, 'trop_k_veg': 2.573214588078609}.
[I 2026-08-06 11:22:31,511] Trial 130 finished with values: [10.768848506231908, 10.768848506231908] and parameters: {'k1': 0.012840669372724958, 'D_low': 252.38726750780188, 'k2': 0.003419108473554454, 'D_high': 107.53522341516504, 'fire_exp': 1.695318866910499, 'P_half': 93.43302657318476, 'pre_dampen_half': 0.011396414164620812, 'gpp_af': 0.2204465010099918, 'gpp_b': 0.14577755664212386, 'gpp_d': 21.14381609520636, 'ign_k': 0.010167079878196114, 'ign_c': 2.414259639010457, 'trop_agb_crit': 1.0693376406863295, 'trop_k_veg': 0.6673124511410327}.
[I 2026-08-06 11:22:32,900] Trial 131 finished with values: [10.67134622966848, 10.67134622966848] and parameters: {'k1': 0.002367935204022389, 'D_low': 520.4862686958022, 'k2': 1.7926680648388784e-05, 'D_high': 91167.68553735342, 'fire_exp': 1.221575427404682, 'P_half': 140.74279366401683, 'pre_dampen_half': 0.1875872314533727, 'gpp_af': 5.335773317316405, 'gpp_b': 0.0038900687554386305, 'gpp_d': 9.510288748158525, 'ign_k': 0.07696703458159235, 'ign_c': 4.439802552990464, 'trop_agb_crit': 1.8157022975489, 'trop_k_veg': 6.5801322358877785}.
[I 2026-08-06 11:22:34,231] Trial 132 finished with values: [10.760510642755644, 10.760510642755644] and parameters: {'k1': 0.0007883068789768041, 'D_low': 2.4622754931226587, 'k2': 0.0009256855841989632, 'D_high': 783.2259769732478, 'fire_exp': 1.0601964743503993, 'P_half': 4.213183643253957, 'pre_dampen_half': 0.2888838362365318, 'gpp_af': 1.9706963379095486, 'gpp_b': 0.0054502936945582505, 'gpp_d': 0.016846901973653922, 'ign_k': 0.0035281132746849977, 'ign_c': 31.874227118134094, 'trop_agb_crit': 7.500118950416987, 'trop_k_veg': 0.6673124511410327}.
[I 2026-08-06 11:22:35,716] Trial 133 finished with values: [10.769230760531498, 10.769230760531498] and parameters: {'k1': 0.008912611835817005, 'D_low': 4546.192107824457, 'k2': 8.923807143379776e-05, 'D_high': 42210.21267871043, 'fire_exp': 2.332293128354265, 'P_half': 220.3445560633069, 'pre_dampen_half': 502.5175192217655, 'gpp_af': 0.7539992074650279, 'gpp_b': 3.083723329640506, 'gpp_d': 0.03927259340973166, 'ign_k': 0.0029519227433917453, 'ign_c': 33.81093273170848, 'trop_agb_crit': 15.190534371012383, 'trop_k_veg': 3.1473758868965476}.
[I 2026-08-06 11:22:37,280] Trial 134 finished with values: [10.76778202564569, 10.76778202564569] and parameters: {'k1': 0.00488137519160367, 'D_low': 1112.9571947046009, 'k2': 8.923807143379776e-05, 'D_high': 8182.111518618414, 'fire_exp': 1.695318866910499, 'P_half': 338.23872019362165, 'pre_dampen_half': 39.827466658711515, 'gpp_af': 0.47739011308437823, 'gpp_b': 0.14577755664212386, 'gpp_d': 5.1715677287580455, 'ign_k': 0.010167079878196114, 'ign_c': 0.557280750002996, 'trop_agb_crit': 1.14876138417489, 'trop_k_veg': 2.573214588078609}.
[I 2026-08-06 11:22:38,762] Trial 135 finished with values: [10.769043238404866, 10.769043238404866] and parameters: {'k1': 0.00047324071251811085, 'D_low': 4.075267974954964, 'k2': 0.0007047307383115598, 'D_high': 21.947742689197344, 'fire_exp': 2.6554044046291967, 'P_half': 221.2683656611821, 'pre_dampen_half': 3.3841016089580034, 'gpp_af': 5.335773317316405, 'gpp_b': 0.005070330027123044, 'gpp_d': 0.043441170039664925, 'ign_k': 5.351470428717437, 'ign_c': 18.219343937475102, 'trop_agb_crit': 10.691477813613638, 'trop_k_veg': 2.4336356947036335}.
[I 2026-08-06 11:22:40,135] Trial 136 finished with values: [10.764001233564649, 10.764001233564649] and parameters: {'k1': 0.06598741607403362, 'D_low': 34.08427910923046, 'k2': 0.0016497426799845453, 'D_high': 42210.21267871043, 'fire_exp': 2.627846918579106, 'P_half': 93.43302657318476, 'pre_dampen_half': 0.011396414164620812, 'gpp_af': 6.155035361040188, 'gpp_b': 1.220003093173824e-05, 'gpp_d': 0.03805074835058821, 'ign_k': 0.0015276032303600073, 'ign_c': 0.14551749476072262, 'trop_agb_crit': 18.3492792986878, 'trop_k_veg': 3.517697529584014}.
[I 2026-08-06 11:22:41,604] Trial 137 finished with values: [10.709024535099347, 10.709024535099347] and parameters: {'k1': 0.012021930484915042, 'D_low': 171.2446447678494, 'k2': 0.003101429427212743, 'D_high': 42210.21267871043, 'fire_exp': 1.2918065501148304, 'P_half': 93.43302657318476, 'pre_dampen_half': 0.011396414164620812, 'gpp_af': 0.0049748543504537545, 'gpp_b': 2.176805640408474e-05, 'gpp_d': 757.2868182332339, 'ign_k': 0.0029519227433917453, 'ign_c': 39.52220881906114, 'trop_agb_crit': 14.948114979829949, 'trop_k_veg': 1.0594599158279707}.
[I 2026-08-06 11:22:43,141] Trial 138 finished with values: [10.764770723394744, 10.764770723394744] and parameters: {'k1': 0.00031134168041628584, 'D_low': 7.299348683062307, 'k2': 0.0012040762895973265, 'D_high': 25628.666000163565, 'fire_exp': 1.1263716762638152, 'P_half': 4.213183643253957, 'pre_dampen_half': 0.012952289461753311, 'gpp_af': 0.10409127568994281, 'gpp_b': 0.22727308251068193, 'gpp_d': 0.2204889335659561, 'ign_k': 0.00840038491455979, 'ign_c': 1.9580595319750387, 'trop_agb_crit': 10.965064494899984, 'trop_k_veg': 4.989748894578724}.
[I 2026-08-06 11:22:44,524] Trial 139 finished with values: [10.767942257277468, 10.767942257277468] and parameters: {'k1': 0.0011135501184757278, 'D_low': 7.299348683062307, 'k2': 0.003101429427212743, 'D_high': 21.947742689197344, 'fire_exp': 3.408923587626441, 'P_half': 9.330007965781027, 'pre_dampen_half': 63.6685916079943, 'gpp_af': 0.07698760608299937, 'gpp_b': 1.319554058182653e-05, 'gpp_d': 757.2868182332339, 'ign_k': 0.007011194706512118, 'ign_c': 11.903394335305014, 'trop_agb_crit': 1.0903028125370984, 'trop_k_veg': 5.905704303105107}.
[I 2026-08-06 11:22:45,897] Trial 140 finished with values: [10.056270301971411, 10.056270301971411] and parameters: {'k1': 0.06598741607403362, 'D_low': 1.54121727098019, 'k2': 1.915468390724633e-05, 'D_high': 3712.591045287726, 'fire_exp': 1.4665043946307825, 'P_half': 9.324787201197319, 'pre_dampen_half': 502.5175192217655, 'gpp_af': 1.1300566419249864, 'gpp_b': 0.0005392415140872105, 'gpp_d': 16.460426816350523, 'ign_k': 0.0680787482656459, 'ign_c': 15.221840161091626, 'trop_agb_crit': 24.584290528289387, 'trop_k_veg': 3.869465953383845}.
[I 2026-08-06 11:22:47,337] Trial 141 finished with values: [10.205631854277332, 10.205631854277332] and parameters: {'k1': 0.008471801418819975, 'D_low': 2.143851363193517, 'k2': 0.0012040762895973265, 'D_high': 42.070539502879384, 'fire_exp': 1.1430983876313219, 'P_half': 175.2878790340412, 'pre_dampen_half': 10.129197956845726, 'gpp_af': 0.10409127568994281, 'gpp_b': 1.3289448722869181e-05, 'gpp_d': 10.369565216756202, 'ign_k': 2.1368329072358767, 'ign_c': 0.70689749506246, 'trop_agb_crit': 10.965064494899984, 'trop_k_veg': 0.83140195149031}.
[I 2026-08-06 11:22:48,714] Trial 142 finished with values: [10.687334971890794, 10.687334971890794] and parameters: {'k1': 0.004312951023617458, 'D_low': 1112.9571947046009, 'k2': 1.6991629902581918e-05, 'D_high': 1578.0309954142967, 'fire_exp': 1.0629462657398439, 'P_half': 2897.5337521324113, 'pre_dampen_half': 502.5175192217655, 'gpp_af': 0.7539992074650279, 'gpp_b': 3.481277316673104e-05, 'gpp_d': 150.14555442537656, 'ign_k': 0.3137585948728141, 'ign_c': 0.9580682294110432, 'trop_agb_crit': 1.14876138417489, 'trop_k_veg': 1.4584243470991722}.
[I 2026-08-06 11:22:50,047] Trial 143 finished with values: [10.76920895555161, 10.76920895555161] and parameters: {'k1': 0.012021930484915042, 'D_low': 436.4516946807792, 'k2': 0.003101429427212743, 'D_high': 360.73016145428437, 'fire_exp': 3.3857164090062235, 'P_half': 133.4807155996069, 'pre_dampen_half': 5.048653998722947, 'gpp_af': 1.5386842469144075, 'gpp_b': 0.22727308251068193, 'gpp_d': 757.2868182332339, 'ign_k': 0.0015276032303600073, 'ign_c': 2.4936660834465174, 'trop_agb_crit': 14.948114979829949, 'trop_k_veg': 1.0594599158279707}.
[I 2026-08-06 11:22:51,428] Trial 144 finished with values: [10.75670501409684, 10.75670501409684] and parameters: {'k1': 0.008912611835817005, 'D_low': 355.00125258511594, 'k2': 0.03538758864779238, 'D_high': 91167.68553735342, 'fire_exp': 2.100650708889295, 'P_half': 1735.792403594532, 'pre_dampen_half': 63.6685916079943, 'gpp_af': 2.555721998081808, 'gpp_b': 0.36422282566934233, 'gpp_d': 2.944272359149677, 'ign_k': 0.21006485619596416, 'ign_c': 5.13055176058983, 'trop_agb_crit': 1.0903028125370984, 'trop_k_veg': 6.5801322358877785}.
[I 2026-08-06 11:22:52,841] Trial 145 finished with values: [10.684720423048537, 10.684720423048537] and parameters: {'k1': 0.012840669372724958, 'D_low': 1112.9571947046009, 'k2': 2.683416249684868e-05, 'D_high': 783.2259769732478, 'fire_exp': 1.4900535273878766, 'P_half': 54.37591736923918, 'pre_dampen_half': 14.711215379121963, 'gpp_af': 1.200191344086032, 'gpp_b': 1.319554058182653e-05, 'gpp_d': 1.279742971294904, 'ign_k': 0.0315101491238403, 'ign_c': 0.557280750002996, 'trop_agb_crit': 20.824968728078442, 'trop_k_veg': 5.905704303105107}.
[I 2026-08-06 11:22:54,167] Trial 146 finished with values: [10.769227801367574, 10.769227801367574] and parameters: {'k1': 1.4002277211577026e-05, 'D_low': 77.31571570012609, 'k2': 0.003767022142229395, 'D_high': 3712.591045287726, 'fire_exp': 5.963862427044409, 'P_half': 14.281536924924877, 'pre_dampen_half': 502.5175192217655, 'gpp_af': 1.9706963379095486, 'gpp_b': 1.4540386644083135e-05, 'gpp_d': 6.283500537123675, 'ign_k': 0.0680787482656459, 'ign_c': 48.704711413416454, 'trop_agb_crit': 1.0693376406863295, 'trop_k_veg': 6.889798778165608}.
[I 2026-08-06 11:22:55,483] Trial 147 finished with values: [10.768877584380665, 10.768877584380665] and parameters: {'k1': 0.012021930484915042, 'D_low': 520.4862686958022, 'k2': 0.003101429427212743, 'D_high': 21.947742689197344, 'fire_exp': 1.1263716762638152, 'P_half': 140.74279366401683, 'pre_dampen_half': 5.048653998722947, 'gpp_af': 0.060029341913968644, 'gpp_b': 0.22727308251068193, 'gpp_d': 0.043441170039664925, 'ign_k': 0.11619873314872933, 'ign_c': 1.9580595319750387, 'trop_agb_crit': 14.948114979829949, 'trop_k_veg': 2.4336356947036335}.
[I 2026-08-06 11:22:56,819] Trial 148 finished with values: [10.735972621450545, 10.735972621450545] and parameters: {'k1': 0.0007883068789768041, 'D_low': 64.39790863101601, 'k2': 7.914423612155373e-05, 'D_high': 3712.591045287726, 'fire_exp': 1.0629462657398439, 'P_half': 220.3445560633069, 'pre_dampen_half': 502.5175192217655, 'gpp_af': 0.7539992074650279, 'gpp_b': 3.083723329640506, 'gpp_d': 1.279742971294904, 'ign_k': 0.0680787482656459, 'ign_c': 31.874227118134094, 'trop_agb_crit': 1.0455434848969813, 'trop_k_veg': 5.905704303105107}.
[I 2026-08-06 11:22:58,160] Trial 149 finished with values: [10.759595976648518, 10.759595976648518] and parameters: {'k1': 8.488887549001697e-05, 'D_low': 38.82837025280678, 'k2': 0.0154590023470884, 'D_high': 1493.5213816355397, 'fire_exp': 1.695318866910499, 'P_half': 751.9407491506673, 'pre_dampen_half': 39.827466658711515, 'gpp_af': 0.030592049838223532, 'gpp_b': 0.14577755664212386, 'gpp_d': 5.1715677287580455, 'ign_k': 0.010167079878196114, 'ign_c': 2.414259639010457, 'trop_agb_crit': 1.8545640943955186, 'trop_k_veg': 6.2065960186008615}.
[I 2026-08-06 11:22:59,468] Trial 150 finished with values: [10.76883356226098, 10.76883356226098] and parameters: {'k1': 0.002367935204022389, 'D_low': 37.35862630812753, 'k2': 0.03699867920489089, 'D_high': 985.7545621889059, 'fire_exp': 6.234638880169447, 'P_half': 140.74279366401683, 'pre_dampen_half': 7.665128204660195, 'gpp_af': 5.335773317316405, 'gpp_b': 0.0038900687554386305, 'gpp_d': 6.792399189485706, 'ign_k': 0.01364908766641695, 'ign_c': 0.12510188850164433, 'trop_agb_crit': 8.983402272488592, 'trop_k_veg': 0.8170196702261714}.
[I 2026-08-06 11:23:00,816] Trial 151 finished with values: [10.769182515038779, 10.769182515038779] and parameters: {'k1': 0.00012868405331151612, 'D_low': 6542.056762893129, 'k2': 0.0032930213963426706, 'D_high': 259.06510073644523, 'fire_exp': 3.83403534181858, 'P_half': 2.0461550877877857, 'pre_dampen_half': 8.347790852520644, 'gpp_af': 85.32056493640629, 'gpp_b': 1.873606058421592e-05, 'gpp_d': 4.79161407246161, 'ign_k': 0.0802050305902781, 'ign_c': 1.228087486213536, 'trop_agb_crit': 10.266702291253747, 'trop_k_veg': 3.1485436349029405}.
[I 2026-08-06 11:23:02,197] Trial 152 finished with values: [10.769230767957309, 10.769230767957309] and parameters: {'k1': 0.0011135501184757278, 'D_low': 248.10409748678117, 'k2': 2.683416249684868e-05, 'D_high': 42.070539502879384, 'fire_exp': 8.646288834805796, 'P_half': 2915.443189153754, 'pre_dampen_half': 10.129197956845726, 'gpp_af': 0.07698760608299937, 'gpp_b': 1.319554058182653e-05, 'gpp_d': 707.2114131472224, 'ign_k': 0.8517034154701657, 'ign_c': 0.70689749506246, 'trop_agb_crit': 1.5028069346088124, 'trop_k_veg': 5.905704303105107}.
[I 2026-08-06 11:23:03,527] Trial 153 finished with values: [10.767883283242448, 10.767883283242448] and parameters: {'k1': 0.00031134168041628584, 'D_low': 7.240382572465288, 'k2': 0.0012040762895973265, 'D_high': 1578.0309954142967, 'fire_exp': 2.763952030254024, 'P_half': 4.213183643253957, 'pre_dampen_half': 0.012952289461753311, 'gpp_af': 2.6003623362924237, 'gpp_b': 7.210246166617508e-05, 'gpp_d': 0.2204889335659561, 'ign_k': 0.00840038491455979, 'ign_c': 30.28574109895626, 'trop_agb_crit': 10.965064494899984, 'trop_k_veg': 1.0923378209074766}.
[I 2026-08-06 11:23:04,837] Trial 154 finished with values: [10.353655854279717, 10.353655854279717] and parameters: {'k1': 0.004312951023617458, 'D_low': 4.484744524732794, 'k2': 1.915468390724633e-05, 'D_high': 3712.591045287726, 'fire_exp': 1.0629462657398439, 'P_half': 140.74279366401683, 'pre_dampen_half': 8.594202650742222, 'gpp_af': 5.335773317316405, 'gpp_b': 0.0038900687554386305, 'gpp_d': 16.460426816350523, 'ign_k': 0.01364908766641695, 'ign_c': 2.8335389417624683, 'trop_agb_crit': 8.997007571451054, 'trop_k_veg': 2.4336356947036335}.
[I 2026-08-06 11:23:06,172] Trial 155 finished with values: [10.766948336322175, 10.766948336322175] and parameters: {'k1': 0.00488137519160367, 'D_low': 37.35862630812753, 'k2': 8.923807143379776e-05, 'D_high': 3346.220103048382, 'fire_exp': 1.695318866910499, 'P_half': 338.23872019362165, 'pre_dampen_half': 39.827466658711515, 'gpp_af': 0.015520792944431105, 'gpp_b': 0.14577755664212386, 'gpp_d': 40.950628944766926, 'ign_k': 0.013276678836047658, 'ign_c': 0.24989960578908887, 'trop_agb_crit': 1.14876138417489, 'trop_k_veg': 2.573214588078609}.
[I 2026-08-06 11:23:07,504] Trial 156 finished with values: [10.51403251518859, 10.51403251518859] and parameters: {'k1': 0.012021930484915042, 'D_low': 12.105387404469584, 'k2': 0.003767022142229395, 'D_high': 21.947742689197344, 'fire_exp': 1.1263716762638152, 'P_half': 6.784924519083139, 'pre_dampen_half': 5.048653998722947, 'gpp_af': 0.006359264168909611, 'gpp_b': 1.5385046399532158e-05, 'gpp_d': 757.2868182332339, 'ign_k': 0.11619873314872933, 'ign_c': 1.9580595319750387, 'trop_agb_crit': 1.0693376406863295, 'trop_k_veg': 1.0345878666211452}.
[I 2026-08-06 11:23:08,874] Trial 157 finished with values: [10.546439364599305, 10.546439364599305] and parameters: {'k1': 0.011966626407443505, 'D_low': 5.59983195169599, 'k2': 0.03538758864779238, 'D_high': 503.20593472868046, 'fire_exp': 3.936207012318799, 'P_half': 1.605843632310088, 'pre_dampen_half': 63.6685916079943, 'gpp_af': 0.6403036652671171, 'gpp_b': 0.0005392415140872105, 'gpp_d': 2.944272359149677, 'ign_k': 0.12329098365270515, 'ign_c': 8.40543912931368, 'trop_agb_crit': 6.119263728555865, 'trop_k_veg': 0.6743482387129308}.
