[I 2026-07-24 02:20:33,886] Trial 679 finished with value: 0.5412398315984859 and parameters: {'k1': 0.0001456696553217564, 'D_low': 32.218330690417766, 'k2': 0.0024816298132321886, 'D_high': 404596.50380686525, 'fire_exp': 3.7896792221037328, 'P_half': 6.786640090601127, 'pre_dampen_half': 3.60921583510488, 'gpp_af': 0.7801378983066151, 'gpp_b': 4.56989676611777e-05, 'gpp_d': 1.5781994810150233, 'ign_k': 0.05578515687435061, 'ign_c': 0.8993282271260328, 'trop_agb_crit': 1.752879960524543, 'trop_k_veg': 1.1223742460977237, 'fuel_k': 2.754361357844308, 'fuel_half': 3.7310327428359455}. Best is trial 0 with value: -0.6070628323553574.
[I 2026-07-24 02:20:34,301] Trial 680 finished with value: 0.4491839969064123 and parameters: {'k1': 0.0012895234911269814, 'D_low': 683.2305431410825, 'k2': 0.029753526979712806, 'D_high': 2156390.795568048, 'fire_exp': 2.9454846807981383, 'P_half': 217.6016275299962, 'pre_dampen_half': 10.674400427636035, 'gpp_af': 0.34784892643142823, 'gpp_b': 0.004097598560788531, 'gpp_d': 3.332131722358281, 'ign_k': 9.001779565352832, 'ign_c': 4.002904160917264, 'trop_agb_crit': 5.466276362780639, 'trop_k_veg': 0.5379153164854295, 'fuel_k': 1.1117604167560045, 'fuel_half': 0.10494598021919058}. Best is trial 0 with value: -0.6070628323553574.
[I 2026-07-24 02:20:34,716] Trial 681 finished with value: 0.6483899188689093 and parameters: {'k1': 4.981621871382218e-05, 'D_low': 7.4118421988437975, 'k2': 0.014782056867742017, 'D_high': 643403.579800432, 'fire_exp': 8.546030615168219, 'P_half': 207.35692548081855, 'pre_dampen_half': 17.377779953583897, 'gpp_af': 0.0075283140426217815, 'gpp_b': 4.2737804833947705e-05, 'gpp_d': 0.17418422494584118, 'ign_k': 0.03992515794182993, 'ign_c': 62.468143840859724, 'trop_agb_crit': 23.741263545033068, 'trop_k_veg': 0.6761723270812332, 'fuel_k': 3.0212929473667027, 'fuel_half': 0.9584918737386505}. Best is trial 0 with value: -0.6070628323553574.
[I 2026-07-24 02:20:35,128] Trial 682 finished with value: 0.4407320173963669 and parameters: {'k1': 0.09324419572216704, 'D_low': 244.4672422510446, 'k2': 1.7720248600301596e-05, 'D_high': 73532.20171935228, 'fire_exp': 1.1068301995960534, 'P_half': 3.7179899665254426, 'pre_dampen_half': 0.10052987503390229, 'gpp_af': 4.908503276301834, 'gpp_b': 0.29756616859924573, 'gpp_d': 486.04434300595665, 'ign_k': 0.38746184211177104, 'ign_c': 8.85457673086267, 'trop_agb_crit': 5.075408889546586, 'trop_k_veg': 0.7574092150857874, 'fuel_k': 2.708417217586238, 'fuel_half': 0.17087334675413376}. Best is trial 0 with value: -0.6070628323553574.
[I 2026-07-24 02:20:35,540] Trial 683 finished with value: 0.5064383662963274 and parameters: {'k1': 8.167861600088939e-05, 'D_low': 294.7768588988555, 'k2': 0.0007102265243036468, 'D_high': 31465.5502582213, 'fire_exp': 1.878561118871733, 'P_half': 3.838695006303175, 'pre_dampen_half': 2.852718596379621, 'gpp_af': 47.430943107006264, 'gpp_b': 0.11300773958353065, 'gpp_d': 160.20551790723513, 'ign_k': 0.26125030205078736, 'ign_c': 0.9139604360534748, 'trop_agb_crit': 2.677208690841926, 'trop_k_veg': 3.29816426012657, 'fuel_k': 1.8581904346278062, 'fuel_half': 0.513246312918696}. Best is trial 0 with value: -0.6070628323553574.
[I 2026-07-24 02:20:35,956] Trial 684 finished with value: 0.4393616210544564 and parameters: {'k1': 0.00036483093870571246, 'D_low': 22.893341589789653, 'k2': 0.008436229239198545, 'D_high': 4250641.880834694, 'fire_exp': 3.274694328831574, 'P_half': 3.6627761936763883, 'pre_dampen_half': 11.888777458452168, 'gpp_af': 36.06622938924873, 'gpp_b': 0.007866180397288817, 'gpp_d': 848.0461932248096, 'ign_k': 0.23479905035789922, 'ign_c': 0.6031494909018533, 'trop_agb_crit': 4.226645297890448, 'trop_k_veg': 2.357258012215444, 'fuel_k': 1.152824162667363, 'fuel_half': 0.26999856506698083}. Best is trial 0 with value: -0.6070628323553574.
[I 2026-07-24 02:20:36,367] Trial 685 finished with value: 0.4544439651559482 and parameters: {'k1': 0.05166604835439458, 'D_low': 1.9338592592319208, 'k2': 1.6853990272586245e-05, 'D_high': 2361471.9375873976, 'fire_exp': 1.2265568950808003, 'P_half': 1.5883593059682106, 'pre_dampen_half': 388.6035119547398, 'gpp_af': 0.742521427233782, 'gpp_b': 0.012888337441124597, 'gpp_d': 196.742880182511, 'ign_k': 0.061709443136782345, 'ign_c': 9.933521394095248, 'trop_agb_crit': 3.425030041093829, 'trop_k_veg': 1.2713222211807733, 'fuel_k': 0.05799444312830816, 'fuel_half': 0.46478488635730825}. Best is trial 0 with value: -0.6070628323553574.
[I 2026-07-24 02:20:36,784] Trial 686 finished with value: 0.471240651140567 and parameters: {'k1': 0.0024222979776086367, 'D_low': 22.287224035108473, 'k2': 1.404753492825612e-05, 'D_high': 116730.01856925517, 'fire_exp': 1.9009946058617735, 'P_half': 26.18374424086678, 'pre_dampen_half': 8.880359661964704, 'gpp_af': 23.929780885931958, 'gpp_b': 0.006494810878283512, 'gpp_d': 24.079987764387425, 'ign_k': 5.904370200704326, 'ign_c': 2.093770009013724, 'trop_agb_crit': 2.1962549872959936, 'trop_k_veg': 0.965195134114509, 'fuel_k': 2.0585991383210245, 'fuel_half': 0.19039697511854065}. Best is trial 0 with value: -0.6070628323553574.
[I 2026-07-24 02:20:37,202] Trial 687 finished with value: 0.4938335504807878 and parameters: {'k1': 5.254034799190985e-05, 'D_low': 92.38173544189459, 'k2': 0.024863763360201522, 'D_high': 2493326.183740585, 'fire_exp': 6.392364133102704, 'P_half': 21.798247115967904, 'pre_dampen_half': 11.52341459669451, 'gpp_af': 11.051119591193928, 'gpp_b': 0.002423183295342645, 'gpp_d': 87.6843093241206, 'ign_k': 0.4310878143865367, 'ign_c': 6.25379045946816, 'trop_agb_crit': 12.170850219348136, 'trop_k_veg': 0.8779697187432652, 'fuel_k': 0.24727314726035834, 'fuel_half': 0.20198410362329108}. Best is trial 0 with value: -0.6070628323553574.
[I 2026-07-24 02:20:37,616] Trial 688 finished with value: 0.5196727748268961 and parameters: {'k1': 0.016509880988672693, 'D_low': 873.7826245576272, 'k2': 0.021556466895205198, 'D_high': 348625.6432227885, 'fire_exp': 4.436028280503253, 'P_half': 18.016981663847346, 'pre_dampen_half': 1.0940815318886548, 'gpp_af': 0.01147478199499551, 'gpp_b': 0.00018539144039980975, 'gpp_d': 8.364420201587794, 'ign_k': 2.9946718384674913, 'ign_c': 0.343314433216411, 'trop_agb_crit': 22.462902142405795, 'trop_k_veg': 0.5061177290622676, 'fuel_k': 0.14140714382600464, 'fuel_half': 2.997773365978635}. Best is trial 0 with value: -0.6070628323553574.
[I 2026-07-24 02:20:38,026] Trial 689 finished with value: 0.43983101430152505 and parameters: {'k1': 0.004183469435576392, 'D_low': 2260.77696583565, 'k2': 4.406220528169855e-05, 'D_high': 225445.14486312613, 'fire_exp': 2.4286154850338573, 'P_half': 2.9812951242108747, 'pre_dampen_half': 0.28622246533877055, 'gpp_af': 0.8688069366505959, 'gpp_b': 0.07978452175465775, 'gpp_d': 29.04009355554035, 'ign_k': 0.23596157688472608, 'ign_c': 0.7038191532365686, 'trop_agb_crit': 11.477115568573225, 'trop_k_veg': 1.2603794150111076, 'fuel_k': 2.0884692123358315, 'fuel_half': 0.11393074898917523}. Best is trial 0 with value: -0.6070628323553574.
[I 2026-07-24 02:20:38,489] Trial 690 finished with value: 0.605072235622873 and parameters: {'k1': 0.002059004878300241, 'D_low': 17.716259271232367, 'k2': 0.0023527144980733748, 'D_high': 2291378.9216296473, 'fire_exp': 5.881980591031019, 'P_half': 2.3845104163678155, 'pre_dampen_half': 362.3608062100982, 'gpp_af': 6.532254459431494, 'gpp_b': 0.011833013946032879, 'gpp_d': 389.1133634066421, 'ign_k': 0.017770295125453146, 'ign_c': 108.82657131753274, 'trop_agb_crit': 22.993291105717773, 'trop_k_veg': 0.8115630218223949, 'fuel_k': 2.1258557092294863, 'fuel_half': 0.11095332659962893}. Best is trial 0 with value: -0.6070628323553574.
[I 2026-07-24 02:20:38,941] Trial 691 finished with value: 0.4679083657052734 and parameters: {'k1': 0.00014899742300876714, 'D_low': 1157.9349219656306, 'k2': 0.01178705338317671, 'D_high': 674370.1235463468, 'fire_exp': 2.1807938176595996, 'P_half': 1.753832192678879, 'pre_dampen_half': 0.7046110083643231, 'gpp_af': 58.41890803869086, 'gpp_b': 0.0006215733100017841, 'gpp_d': 352.74136212611677, 'ign_k': 1.0355341913336213, 'ign_c': 21.81755796435061, 'trop_agb_crit': 2.4512595601487264, 'trop_k_veg': 3.9132469447757563, 'fuel_k': 0.5363085637291061, 'fuel_half': 0.539827673391852}. Best is trial 0 with value: -0.6070628323553574.
[I 2026-07-24 02:20:39,389] Trial 692 finished with value: 0.46883859650641246 and parameters: {'k1': 0.0006289083084173526, 'D_low': 368.06839083267494, 'k2': 0.001639014599270685, 'D_high': 84369.68818196327, 'fire_exp': 1.7671596490634858, 'P_half': 1.1638861554365505, 'pre_dampen_half': 20.38857017672971, 'gpp_af': 18.24526955564077, 'gpp_b': 0.020485563449986886, 'gpp_d': 179.22840538501896, 'ign_k': 0.4952267151133071, 'ign_c': 11.671381728919478, 'trop_agb_crit': 3.3127301374507554, 'trop_k_veg': 2.102537010008993, 'fuel_k': 1.771493464747069, 'fuel_half': 0.976025261763749}. Best is trial 0 with value: -0.6070628323553574.
[I 2026-07-24 02:20:39,808] Trial 693 finished with value: 0.41532207745468086 and parameters: {'k1': 0.003089682941415437, 'D_low': 13.961548107000551, 'k2': 2.8063979361800806e-05, 'D_high': 948018.7745393293, 'fire_exp': 8.863689009842576, 'P_half': 2.0637569768778166, 'pre_dampen_half': 19.885719957723076, 'gpp_af': 0.04121527649653628, 'gpp_b': 4.687197921042392e-05, 'gpp_d': 278.66837444069273, 'ign_k': 2.5744182723325086, 'ign_c': 0.40992187865548074, 'trop_agb_crit': 28.269990343496698, 'trop_k_veg': 1.8465254329636556, 'fuel_k': 0.18412217649942994, 'fuel_half': 2.240984292869033}. Best is trial 0 with value: -0.6070628323553574.
[I 2026-07-24 02:20:40,220] Trial 694 finished with value: 0.5394530593480168 and parameters: {'k1': 0.002874736732701962, 'D_low': 90.60941287941904, 'k2': 0.01393029466084808, 'D_high': 1260352.5567932078, 'fire_exp': 8.208305969426734, 'P_half': 127.56038835256321, 'pre_dampen_half': 814.5009686610443, 'gpp_af': 0.950976284270564, 'gpp_b': 0.0005832304020752275, 'gpp_d': 2.4372701823296947, 'ign_k': 5.6506683304867735, 'ign_c': 0.21079237564336756, 'trop_agb_crit': 20.46986529136227, 'trop_k_veg': 1.9741088517981729, 'fuel_k': 2.697429196879785, 'fuel_half': 9.36401010017798}. Best is trial 0 with value: -0.6070628323553574.
[I 2026-07-24 02:20:40,638] Trial 695 finished with value: 0.5454548039965745 and parameters: {'k1': 0.0012795422097086739, 'D_low': 1145.9678414116056, 'k2': 0.08040080882688759, 'D_high': 535934.2063846634, 'fire_exp': 3.984555598945686, 'P_half': 1.241458456534674, 'pre_dampen_half': 0.09881352539251866, 'gpp_af': 43.21642640359243, 'gpp_b': 0.10967860946720115, 'gpp_d': 105.45217551608486, 'ign_k': 0.6438094542101156, 'ign_c': 3.5850357513298414, 'trop_agb_crit': 1.1273112772231906, 'trop_k_veg': 2.95784374385528, 'fuel_k': 0.948343750464545, 'fuel_half': 1.4631140542880865}. Best is trial 0 with value: -0.6070628323553574.
[I 2026-07-24 02:20:41,049] Trial 696 finished with value: 0.6135815496624517 and parameters: {'k1': 5.724786504864103e-05, 'D_low': 228.19310299497815, 'k2': 0.07188723577361812, 'D_high': 21979.354855501297, 'fire_exp': 8.443423512832556, 'P_half': 22.293390307168725, 'pre_dampen_half': 430.2680033150584, 'gpp_af': 0.8516958756348116, 'gpp_b': 0.3832508990026173, 'gpp_d': 251.97044046279214, 'ign_k': 4.602383989520517, 'ign_c': 0.8961392820196702, 'trop_agb_crit': 19.955043589306385, 'trop_k_veg': 1.4437398511994437, 'fuel_k': 0.05112069385715651, 'fuel_half': 0.10156657942315864}. Best is trial 0 with value: -0.6070628323553574.
[I 2026-07-24 02:20:41,461] Trial 697 finished with value: -0.5873275679671516 and parameters: {'k1': 0.0030133206058206774, 'D_low': 2110.1799754676153, 'k2': 0.00021324857731578744, 'D_high': 5429162.035821008, 'fire_exp': 1.4475384839691448, 'P_half': 1.0681031986067495, 'pre_dampen_half': 0.2574991825166918, 'gpp_af': 3.4146803095588014, 'gpp_b': 0.008665057253658959, 'gpp_d': 20.401105022190368, 'ign_k': 0.6026126167941783, 'ign_c': 0.22428401910650547, 'trop_agb_crit': 4.934355238194073, 'trop_k_veg': 1.7391215097060237, 'fuel_k': 1.371251253922416, 'fuel_half': 0.11985269653180548}. Best is trial 0 with value: -0.6070628323553574.
[I 2026-07-24 02:20:41,875] Trial 698 finished with value: 0.5551206411812663 and parameters: {'k1': 0.033208688289412924, 'D_low': 3.62890758113738, 'k2': 1.7562244366490285e-05, 'D_high': 1334228.0079485173, 'fire_exp': 1.017565927551286, 'P_half': 1.4105103166607023, 'pre_dampen_half': 0.17184345887282737, 'gpp_af': 0.017456283633953372, 'gpp_b': 0.024724606523123697, 'gpp_d': 449.0258445309388, 'ign_k': 0.20460872576719596, 'ign_c': 18.907769061489688, 'trop_agb_crit': 6.099759826018473, 'trop_k_veg': 0.879098644913528, 'fuel_k': 0.4535046573691875, 'fuel_half': 0.46265613407177464}. Best is trial 0 with value: -0.6070628323553574.
[I 2026-07-24 02:20:42,298] Trial 699 finished with value: 0.42017265521090175 and parameters: {'k1': 0.05807575004816695, 'D_low': 150.57588772298567, 'k2': 1.030924299167298e-05, 'D_high': 297252.31016389234, 'fire_exp': 1.3005970770206623, 'P_half': 311.8897060437347, 'pre_dampen_half': 2.32109198290846, 'gpp_af': 0.0058495967767208945, 'gpp_b': 0.0003252625923403133, 'gpp_d': 38.786954162422475, 'ign_k': 0.004836794849148563, 'ign_c': 2.181392552150196, 'trop_agb_crit': 1.463298247944345, 'trop_k_veg': 2.8512712246253793, 'fuel_k': 3.7165837940445736, 'fuel_half': 0.10059231384970603}. Best is trial 0 with value: -0.6070628323553574.
[I 2026-07-24 02:20:42,712] Trial 700 finished with value: 0.5042839358828448 and parameters: {'k1': 0.00011340833287640971, 'D_low': 40.928429719528786, 'k2': 0.000462099969983609, 'D_high': 1744781.8309809216, 'fire_exp': 5.115592245032219, 'P_half': 22.567991447710032, 'pre_dampen_half': 11.16781311246632, 'gpp_af': 1.0365547945870637, 'gpp_b': 0.008679177632813987, 'gpp_d': 394.2613468149811, 'ign_k': 0.11962552399572471, 'ign_c': 0.20912074243290163, 'trop_agb_crit': 26.3200695229673, 'trop_k_veg': 2.163493673210199, 'fuel_k': 0.01685727145227053, 'fuel_half': 0.15874150235044485}. Best is trial 0 with value: -0.6070628323553574.
[I 2026-07-24 02:20:43,126] Trial 701 finished with value: -0.4811004118574078 and parameters: {'k1': 0.0048506694305455915, 'D_low': 9639.56058388611, 'k2': 0.03849400052315635, 'D_high': 74678.02653830753, 'fire_exp': 4.657848522845282, 'P_half': 82.73311610769932, 'pre_dampen_half': 229.3923901330087, 'gpp_af': 0.8639674463282095, 'gpp_b': 2.4123141388669692e-05, 'gpp_d': 62.74007763458379, 'ign_k': 3.4496354614104403, 'ign_c': 25.709691923809466, 'trop_agb_crit': 12.713294644089293, 'trop_k_veg': 1.1826346329874595, 'fuel_k': 4.614573813780734, 'fuel_half': 0.3852292879461424}. Best is trial 0 with value: -0.6070628323553574.
[I 2026-07-24 02:20:43,538] Trial 702 finished with value: 0.627764164064847 and parameters: {'k1': 0.0008316399220366318, 'D_low': 76366.77552954417, 'k2': 0.0024447871455973305, 'D_high': 255306.39675070817, 'fire_exp': 4.903322555629107, 'P_half': 291.3224527529189, 'pre_dampen_half': 4.793416887027975, 'gpp_af': 0.07180995425968913, 'gpp_b': 0.007844685582439137, 'gpp_d': 418.7574244466429, 'ign_k': 6.26112289836311, 'ign_c': 0.9784047626737201, 'trop_agb_crit': 5.8768930488380535, 'trop_k_veg': 1.6819856647793034, 'fuel_k': 0.025422926220711555, 'fuel_half': 3.674413097240267}. Best is trial 0 with value: -0.6070628323553574.
[I 2026-07-24 02:20:43,966] Trial 703 finished with value: 0.5644915260642331 and parameters: {'k1': 0.0007535258434515405, 'D_low': 143.196804783463, 'k2': 0.007627962634026617, 'D_high': 6204942.290411908, 'fire_exp': 5.371669120084802, 'P_half': 200.69462981774325, 'pre_dampen_half': 7.8237901566561545, 'gpp_af': 0.01956405652265942, 'gpp_b': 0.0018793216638905836, 'gpp_d': 2.7042219012371604, 'ign_k': 5.879597709076599, 'ign_c': 0.4826245709987339, 'trop_agb_crit': 25.85563065775246, 'trop_k_veg': 0.7197643935050602, 'fuel_k': 0.42479595519354213, 'fuel_half': 24.541305771806382}. Best is trial 0 with value: -0.6070628323553574.
[I 2026-07-24 02:20:44,383] Trial 704 finished with value: 0.4822893072399945 and parameters: {'k1': 0.003139679626799294, 'D_low': 614.290305792892, 'k2': 0.020418411163693518, 'D_high': 3291134.9784481474, 'fire_exp': 6.779232598524388, 'P_half': 7.574284676099603, 'pre_dampen_half': 4.827104844028516, 'gpp_af': 0.2947800793010649, 'gpp_b': 0.00016393515272036317, 'gpp_d': 128.74023879880147, 'ign_k': 8.482933018945486, 'ign_c': 23.870323098328154, 'trop_agb_crit': 20.173917576225172, 'trop_k_veg': 1.4828961145714277, 'fuel_k': 1.1995311814028147, 'fuel_half': 5.771090743864159}. Best is trial 0 with value: -0.6070628323553574.
[I 2026-07-24 02:20:44,805] Trial 705 finished with value: 0.4600412869816133 and parameters: {'k1': 0.006130249117235082, 'D_low': 19.69582443597419, 'k2': 0.0036712727899644265, 'D_high': 5337779.01199233, 'fire_exp': 3.143198427368356, 'P_half': 8.059847044231198, 'pre_dampen_half': 31.639687259658036, 'gpp_af': 0.014046709212627087, 'gpp_b': 1.4588137435652484e-05, 'gpp_d': 112.62272806392333, 'ign_k': 3.377987834088421, 'ign_c': 0.30566033515220514, 'trop_agb_crit': 28.032658606028864, 'trop_k_veg': 0.6181290051067205, 'fuel_k': 1.0211540343884244, 'fuel_half': 3.497332961264658}. Best is trial 0 with value: -0.6070628323553574.
[I 2026-07-24 02:20:45,218] Trial 706 finished with value: 0.6210865228365012 and parameters: {'k1': 0.00019789752538553948, 'D_low': 6.294288806303475, 'k2': 5.193211831143583e-05, 'D_high': 79190.24060821014, 'fire_exp': 9.533954524539759, 'P_half': 6.082511106989567, 'pre_dampen_half': 141.86906637160624, 'gpp_af': 0.004321526478106399, 'gpp_b': 0.005085147422206712, 'gpp_d': 562.0705733351178, 'ign_k': 0.26390954638382735, 'ign_c': 0.464733281736915, 'trop_agb_crit': 15.16272622630002, 'trop_k_veg': 1.4780352440612075, 'fuel_k': 0.6961352270750667, 'fuel_half': 1.0355472273174382}. Best is trial 0 with value: -0.6070628323553574.
[I 2026-07-24 02:20:45,629] Trial 707 finished with value: 0.5195965738428016 and parameters: {'k1': 0.006694978161484871, 'D_low': 1.773852103151903, 'k2': 1.7545861154420253e-05, 'D_high': 3708280.3040656783, 'fire_exp': 2.026747030596853, 'P_half': 59.92157973802183, 'pre_dampen_half': 0.19489368650329653, 'gpp_af': 5.791343178378152, 'gpp_b': 0.18147314400658268, 'gpp_d': 107.66903920886585, 'ign_k': 0.6104578916900851, 'ign_c': 3.142977292741884, 'trop_agb_crit': 2.570572178203822, 'trop_k_veg': 0.9294816758900128, 'fuel_k': 0.18854335253310328, 'fuel_half': 0.1796053724888552}. Best is trial 0 with value: -0.6070628323553574.
[I 2026-07-24 02:20:46,053] Trial 708 finished with value: 0.42881650114661163 and parameters: {'k1': 0.00014920378821019317, 'D_low': 592.3575175778313, 'k2': 0.002353350422826979, 'D_high': 2390841.2815863, 'fire_exp': 2.171360302983062, 'P_half': 10.40071921082519, 'pre_dampen_half': 4.683511237974124, 'gpp_af': 8.32007442362174, 'gpp_b': 0.001732518995407085, 'gpp_d': 22.623455920302533, 'ign_k': 0.39966085145675256, 'ign_c': 4.725615439764848, 'trop_agb_crit': 8.755883784979984, 'trop_k_veg': 1.767543436873509, 'fuel_k': 0.9080111174216441, 'fuel_half': 1.404585593581088}. Best is trial 0 with value: -0.6070628323553574.
[I 2026-07-24 02:20:46,465] Trial 709 finished with value: -0.5685419274363865 and parameters: {'k1': 0.0005787151532892182, 'D_low': 129.26010706992875, 'k2': 0.0019668864267206308, 'D_high': 1021085.9177144866, 'fire_exp': 6.76853401026005, 'P_half': 23.11141450339848, 'pre_dampen_half': 75.15183072513543, 'gpp_af': 8.712081278125646, 'gpp_b': 0.010506059511850716, 'gpp_d': 64.56971090856725, 'ign_k': 0.2184161074337662, 'ign_c': 2.6540408257334938, 'trop_agb_crit': 6.180364502330209, 'trop_k_veg': 1.7594032128692856, 'fuel_k': 0.4128375994135801, 'fuel_half': 1.280601383198522}. Best is trial 0 with value: -0.6070628323553574.
[I 2026-07-24 02:20:46,879] Trial 710 finished with value: -0.539183726524684 and parameters: {'k1': 0.011240981000610861, 'D_low': 2574.34618077741, 'k2': 0.00010133082650824555, 'D_high': 113183.64311646887, 'fire_exp': 1.3435196738366397, 'P_half': 2.406001866183073, 'pre_dampen_half': 0.9572393707068588, 'gpp_af': 56.473649934494965, 'gpp_b': 0.04705143150598897, 'gpp_d': 84.41575627014555, 'ign_k': 0.8009594930877977, 'ign_c': 0.18961055552035858, 'trop_agb_crit': 4.76290237123327, 'trop_k_veg': 2.8448253105263785, 'fuel_k': 0.2763545347538897, 'fuel_half': 0.16566179320344437}. Best is trial 0 with value: -0.6070628323553574.
[I 2026-07-24 02:20:47,294] Trial 711 finished with value: 0.42539553419907405 and parameters: {'k1': 0.004335483731077564, 'D_low': 1953.616285732102, 'k2': 0.00012242652140657912, 'D_high': 1616572.2404538442, 'fire_exp': 2.091853243140643, 'P_half': 1.0449550206595404, 'pre_dampen_half': 0.14253429978324006, 'gpp_af': 0.6050999929025438, 'gpp_b': 0.008773226135562048, 'gpp_d': 5.759282105235939, 'ign_k': 0.09021423458372682, 'ign_c': 0.38979132096200936, 'trop_agb_crit': 2.2896380967963275, 'trop_k_veg': 1.953504890030571, 'fuel_k': 3.9030880811736686, 'fuel_half': 0.14622847171622388}. Best is trial 0 with value: -0.6070628323553574.
[I 2026-07-24 02:20:47,707] Trial 712 finished with value: 0.5437965933562096 and parameters: {'k1': 0.00035763833101820343, 'D_low': 1.8411226406262207, 'k2': 0.00010595185291716264, 'D_high': 203648.71117578124, 'fire_exp': 8.799436624971374, 'P_half': 82.24026986072302, 'pre_dampen_half': 4.473857890298514, 'gpp_af': 0.026503614139942743, 'gpp_b': 6.704316673186662e-05, 'gpp_d': 955.739144087722, 'ign_k': 0.8285903001469006, 'ign_c': 0.27616433218556596, 'trop_agb_crit': 18.067246074040337, 'trop_k_veg': 1.8868902822317093, 'fuel_k': 0.14175936493719984, 'fuel_half': 2.628428091934038}. Best is trial 0 with value: -0.6070628323553574.
