[I 2026-08-05 23:49:59,641] Trial 645 finished with values: [12.140676020262594, 12.140676020262594] and parameters: {'k1': 0.021368329072358756, 'D_low': 7.068974950624602, 'k2': 0.0001870742013766025, 'D_high': 75773.14388518519, 'fire_exp': 1.010722707674549, 'P_half': 125.61043700013555, 'pre_dampen_half': 59.66041614891413, 'gpp_af': 22.766850248686247, 'gpp_b': 0.03841303420847976, 'gpp_d': 891.8036602897795, 'ign_k': 0.01474275315991467, 'ign_c': 6.160975294741436}.
[I 2026-08-05 23:50:00,617] Trial 646 finished with values: [10.322935406167751, 10.322935406167751] and parameters: {'k1': 0.021368329072358756, 'D_low': 2.458603276328005, 'k2': 0.0004381141781653133, 'D_high': 48249.14281180252, 'fire_exp': 1.010722707674549, 'P_half': 12.808863354047988, 'pre_dampen_half': 36.876350096203005, 'gpp_af': 35.20481045526041, 'gpp_b': 0.7987896438549947, 'gpp_d': 3.7504792727317837, 'ign_k': 3.7173717478250508, 'ign_c': 6.160975294741436}.
[I 2026-08-05 23:50:01,627] Trial 647 finished with values: [12.187079866760133, 12.187079866760133] and parameters: {'k1': 0.04897760278488444, 'D_low': 29.89885508829526, 'k2': 4.763991596630584e-05, 'D_high': 1687.3495104568947, 'fire_exp': 1.0881360604103363, 'P_half': 10.226988730324324, 'pre_dampen_half': 703.6426675556048, 'gpp_af': 35.20481045526041, 'gpp_b': 0.011750724729953272, 'gpp_d': 891.8036602897795, 'ign_k': 5.9736167866478125, 'ign_c': 2.7348497877391993}.
[I 2026-08-05 23:50:02,603] Trial 648 finished with values: [10.395742349192702, 10.395742349192702] and parameters: {'k1': 0.0023539834531862073, 'D_low': 18.522006003174383, 'k2': 0.0001870742013766025, 'D_high': 1665.1532285161688, 'fire_exp': 1.4572158037266703, 'P_half': 10.226988730324324, 'pre_dampen_half': 59.66041614891413, 'gpp_af': 22.766850248686247, 'gpp_b': 0.03841303420847976, 'gpp_d': 4.25060659305504, 'ign_k': 0.01474275315991467, 'ign_c': 6.160975294741436}.
[I 2026-08-05 23:50:03,549] Trial 649 finished with values: [10.75578410561745, 10.75578410561745] and parameters: {'k1': 0.03232155805617897, 'D_low': 18.89739291279832, 'k2': 0.0004381141781653133, 'D_high': 6455.595882939566, 'fire_exp': 1.2943117749495199, 'P_half': 12.808863354047988, 'pre_dampen_half': 0.9024178626866605, 'gpp_af': 11.234842109991876, 'gpp_b': 0.7987896438549947, 'gpp_d': 34.37107943937136, 'ign_k': 0.017654048052495083, 'ign_c': 47.268615251255675}.
[I 2026-08-05 23:50:04,544] Trial 650 finished with values: [10.769230768838547, 10.769230768838547] and parameters: {'k1': 0.03232155805617897, 'D_low': 29.89885508829526, 'k2': 0.0499774937030317, 'D_high': 6455.595882939566, 'fire_exp': 9.319922958183149, 'P_half': 10.226988730324324, 'pre_dampen_half': 0.19528422543904064, 'gpp_af': 11.234842109991876, 'gpp_b': 1.5938003265859821, 'gpp_d': 368.30088529547436, 'ign_k': 0.4235909356730625, 'ign_c': 10.140635645866492}.
[I 2026-08-05 23:50:05,476] Trial 651 finished with values: [10.249855304477355, 10.249855304477355] and parameters: {'k1': 0.002971796631657383, 'D_low': 125.32726386250698, 'k2': 0.0001998758192761449, 'D_high': 75773.14388518519, 'fire_exp': 1.1670151053031461, 'P_half': 408.3047491580097, 'pre_dampen_half': 53.73093479067421, 'gpp_af': 29.925002022877802, 'gpp_b': 0.011750724729953272, 'gpp_d': 5.1715677287580455, 'ign_k': 0.11101191524846071, 'ign_c': 6.160975294741436}.
[I 2026-08-05 23:50:06,501] Trial 652 finished with values: [10.769227532757993, 10.769227532757993] and parameters: {'k1': 0.04897760278488444, 'D_low': 4.020051040432125, 'k2': 1.1184534120760473e-05, 'D_high': 3660.150802571655, 'fire_exp': 5.935716166097423, 'P_half': 10.226988730324324, 'pre_dampen_half': 53.73093479067421, 'gpp_af': 35.20481045526041, 'gpp_b': 0.7987896438549947, 'gpp_d': 4.25060659305504, 'ign_k': 0.0016058436323100884, 'ign_c': 0.11433485956638717}.
[I 2026-08-05 23:50:07,457] Trial 653 finished with values: [10.765370135709617, 10.765370135709617] and parameters: {'k1': 0.002971796631657383, 'D_low': 14.677440038495336, 'k2': 0.006024590664672947, 'D_high': 6366.1449945522045, 'fire_exp': 1.182396148413737, 'P_half': 10.226988730324324, 'pre_dampen_half': 0.04511991819672032, 'gpp_af': 70.6488708974061, 'gpp_b': 3.228689523591491e-05, 'gpp_d': 857.4284557962634, 'ign_k': 2.7573353505786358, 'ign_c': 3.0378658251922155}.
[I 2026-08-05 23:50:08,404] Trial 654 finished with values: [-0.49315216869357636, 0.19176311682434788] and parameters: {'k1': 0.015602015889668856, 'D_low': 2.458603276328005, 'k2': 0.034987345440353576, 'D_high': 85018.70149611714, 'fire_exp': 1.5201277403788451, 'P_half': 39.03214299767183, 'pre_dampen_half': 703.6426675556048, 'gpp_af': 0.18575807716793402, 'gpp_b': 0.10123867001105968, 'gpp_d': 34.37107943937136, 'ign_k': 0.01474275315991467, 'ign_c': 0.8794311679173451}.
[I 2026-08-05 23:50:09,332] Trial 655 finished with values: [10.369394998969483, 10.369394998969483] and parameters: {'k1': 0.016973078532467004, 'D_low': 1.9678273362633985, 'k2': 0.0007081721844034209, 'D_high': 85018.70149611714, 'fire_exp': 1.151006986743773, 'P_half': 12.808863354047988, 'pre_dampen_half': 703.6426675556048, 'gpp_af': 0.007059753305721968, 'gpp_b': 0.013141462234668097, 'gpp_d': 4.5768578731086835, 'ign_k': 5.9736167866478125, 'ign_c': 2.2285003453523857}.
[I 2026-08-05 23:50:10,281] Trial 656 finished with values: [10.215716617063451, 10.215716617063451] and parameters: {'k1': 0.04897760278488444, 'D_low': 7.068974950624602, 'k2': 2.678690610097712e-05, 'D_high': 85018.70149611714, 'fire_exp': 1.2943117749495199, 'P_half': 95.65499215943822, 'pre_dampen_half': 703.6426675556048, 'gpp_af': 35.20481045526041, 'gpp_b': 0.7987896438549947, 'gpp_d': 34.37107943937136, 'ign_k': 0.03141110271934876, 'ign_c': 47.268615251255675}.
[I 2026-08-05 23:50:11,466] Trial 657 finished with values: [10.213575475550034, 10.213575475550034] and parameters: {'k1': 0.016973078532467004, 'D_low': 2.458603276328005, 'k2': 0.005456725485601475, 'D_high': 85018.70149611714, 'fire_exp': 1.182396148413737, 'P_half': 12.808863354047988, 'pre_dampen_half': 33.9790424311127, 'gpp_af': 13.94494576100762, 'gpp_b': 0.0038487982105145655, 'gpp_d': 4.5768578731086835, 'ign_k': 5.9736167866478125, 'ign_c': 3.0378658251922155}.
[I 2026-08-05 23:50:12,421] Trial 658 finished with values: [10.738340615061322, 10.738340615061322] and parameters: {'k1': 0.0029707920514735983, 'D_low': 9.882278532808778, 'k2': 0.005456725485601475, 'D_high': 2941.5751391396584, 'fire_exp': 1.182396148413737, 'P_half': 95.65499215943822, 'pre_dampen_half': 33.9790424311127, 'gpp_af': 0.0025511964576171086, 'gpp_b': 0.03841303420847976, 'gpp_d': 368.30088529547436, 'ign_k': 0.03141110271934876, 'ign_c': 6.160975294741436}.
[I 2026-08-05 23:50:13,347] Trial 659 finished with values: [-0.49337130208956326, 0.14317846060466066] and parameters: {'k1': 0.016973078532467004, 'D_low': 2.458603276328005, 'k2': 4.763991596630584e-05, 'D_high': 1687.3495104568947, 'fire_exp': 1.0881360604103363, 'P_half': 12.808863354047988, 'pre_dampen_half': 14.689898077648792, 'gpp_af': 35.20481045526041, 'gpp_b': 0.011750724729953272, 'gpp_d': 891.8036602897795, 'ign_k': 0.0026834162496848666, 'ign_c': 0.11433485956638717}.
[I 2026-08-05 23:50:14,295] Trial 660 finished with values: [-0.5784314454550101, 0.08880474771875868] and parameters: {'k1': 0.016973078532467004, 'D_low': 4.051452710153359, 'k2': 0.0007081721844034209, 'D_high': 85018.70149611714, 'fire_exp': 1.151006986743773, 'P_half': 12.808863354047988, 'pre_dampen_half': 703.6426675556048, 'gpp_af': 35.20481045526041, 'gpp_b': 0.7987896438549947, 'gpp_d': 4.5768578731086835, 'ign_k': 5.9736167866478125, 'ign_c': 0.17036120617148395}.
[I 2026-08-05 23:50:15,279] Trial 661 finished with values: [10.769230127468846, 10.769230127468846] and parameters: {'k1': 0.0005486676498816061, 'D_low': 2.458603276328005, 'k2': 0.034987345440353576, 'D_high': 6715.971856456831, 'fire_exp': 1.2943117749495199, 'P_half': 39.03214299767183, 'pre_dampen_half': 0.0684241702326661, 'gpp_af': 0.0068880466766811635, 'gpp_b': 0.7987896438549947, 'gpp_d': 19.65797948502804, 'ign_k': 0.001401798877018328, 'ign_c': 47.268615251255675}.
[I 2026-08-05 23:50:16,236] Trial 662 finished with values: [-0.4765448906387541, 0.10286485877127916] and parameters: {'k1': 0.016973078532467004, 'D_low': 2.458603276328005, 'k2': 0.0007081721844034209, 'D_high': 6455.595882939566, 'fire_exp': 1.811096651915224, 'P_half': 12.808863354047988, 'pre_dampen_half': 48.08505037156744, 'gpp_af': 2.0845995424603503, 'gpp_b': 0.03841303420847976, 'gpp_d': 368.30088529547436, 'ign_k': 0.01474275315991467, 'ign_c': 7.916322947490362}.
[I 2026-08-05 23:50:17,228] Trial 663 finished with values: [-0.4926120831947137, 0.15652849970475458] and parameters: {'k1': 0.023805746020770402, 'D_low': 2.458603276328005, 'k2': 0.0004381141781653133, 'D_high': 7744.80118512745, 'fire_exp': 1.2943117749495199, 'P_half': 1669.8621151307725, 'pre_dampen_half': 703.6426675556048, 'gpp_af': 0.8448348528946281, 'gpp_b': 3.228689523591491e-05, 'gpp_d': 219.46051932475797, 'ign_k': 0.03141110271934876, 'ign_c': 0.11433485956638717}.
[I 2026-08-05 23:50:18,197] Trial 664 finished with values: [-0.5698807674627371, 0.11356055585053049] and parameters: {'k1': 0.0005486676498816061, 'D_low': 2.458603276328005, 'k2': 0.034987345440353576, 'D_high': 85018.70149611714, 'fire_exp': 1.151006986743773, 'P_half': 12.808863354047988, 'pre_dampen_half': 88.81627111957808, 'gpp_af': 35.20481045526041, 'gpp_b': 0.7987896438549947, 'gpp_d': 19.65797948502804, 'ign_k': 5.9736167866478125, 'ign_c': 0.11433485956638717}.
[I 2026-08-05 23:50:19,137] Trial 665 finished with values: [10.427341014011626, 10.427341014011626] and parameters: {'k1': 0.03232155805617897, 'D_low': 175.2878790340412, 'k2': 0.006138509947844854, 'D_high': 6455.595882939566, 'fire_exp': 1.3614924220931135, 'P_half': 5.342106255632175, 'pre_dampen_half': 111.37963167994629, 'gpp_af': 29.925002022877802, 'gpp_b': 1.5938003265859821, 'gpp_d': 5.878566318396007, 'ign_k': 0.0026834162496848666, 'ign_c': 0.11433485956638717}.
[I 2026-08-05 23:50:20,090] Trial 666 finished with values: [10.440782208291155, 10.440782208291155] and parameters: {'k1': 0.016973078532467004, 'D_low': 2.458603276328005, 'k2': 0.0007081721844034209, 'D_high': 85018.70149611714, 'fire_exp': 1.151006986743773, 'P_half': 12.808863354047988, 'pre_dampen_half': 14.689898077648792, 'gpp_af': 35.20481045526041, 'gpp_b': 0.7987896438549947, 'gpp_d': 4.5768578731086835, 'ign_k': 5.9736167866478125, 'ign_c': 0.11433485956638717}.
[I 2026-08-05 23:50:21,046] Trial 667 finished with values: [-0.527333682109707, 0.13707948495000044] and parameters: {'k1': 0.0005486676498816061, 'D_low': 2.458603276328005, 'k2': 0.034987345440353576, 'D_high': 75773.14388518519, 'fire_exp': 1.151006986743773, 'P_half': 12.808863354047988, 'pre_dampen_half': 88.81627111957808, 'gpp_af': 35.20481045526041, 'gpp_b': 0.7987896438549947, 'gpp_d': 19.65797948502804, 'ign_k': 0.01474275315991467, 'ign_c': 6.160975294741436}.
[I 2026-08-05 23:50:22,058] Trial 668 finished with values: [10.764936122297248, 10.764936122297248] and parameters: {'k1': 0.021368329072358756, 'D_low': 7.068974950624602, 'k2': 0.0001870742013766025, 'D_high': 75773.14388518519, 'fire_exp': 1.606353818654556, 'P_half': 941.9612235978199, 'pre_dampen_half': 36.876350096203005, 'gpp_af': 35.20481045526041, 'gpp_b': 0.03841303420847976, 'gpp_d': 0.03627422119926134, 'ign_k': 0.011994950112756754, 'ign_c': 6.160975294741436}.
[I 2026-08-05 23:50:23,006] Trial 669 finished with values: [10.414758567621373, 10.414758567621373] and parameters: {'k1': 0.04897760278488444, 'D_low': 74.92772870670282, 'k2': 0.00038791280730284417, 'D_high': 949.9072859745386, 'fire_exp': 1.1404778529537094, 'P_half': 39.03214299767183, 'pre_dampen_half': 703.6426675556048, 'gpp_af': 0.4527387214026172, 'gpp_b': 0.7987896438549947, 'gpp_d': 4.5768578731086835, 'ign_k': 0.05362153030688613, 'ign_c': 14.810800730363484}.
[I 2026-08-05 23:50:23,970] Trial 670 finished with values: [10.048462802862035, 10.048462802862035] and parameters: {'k1': 0.0017320535908244437, 'D_low': 2.458603276328005, 'k2': 0.0007081721844034209, 'D_high': 75773.14388518519, 'fire_exp': 1.1044852285094786, 'P_half': 12.808863354047988, 'pre_dampen_half': 36.876350096203005, 'gpp_af': 35.20481045526041, 'gpp_b': 0.03841303420847976, 'gpp_d': 4.25060659305504, 'ign_k': 0.01474275315991467, 'ign_c': 6.160975294741436}.
[I 2026-08-05 23:50:24,935] Trial 671 finished with values: [-0.5732178850585985, 0.07107502014955558] and parameters: {'k1': 0.03232155805617897, 'D_low': 29.89885508829526, 'k2': 0.0499774937030317, 'D_high': 55772.84121799238, 'fire_exp': 1.5201277403788451, 'P_half': 39.03214299767183, 'pre_dampen_half': 703.6426675556048, 'gpp_af': 35.20481045526041, 'gpp_b': 1.722111409234053e-05, 'gpp_d': 4.5768578731086835, 'ign_k': 0.4702627143647234, 'ign_c': 14.810800730363484}.
[I 2026-08-05 23:50:25,900] Trial 672 finished with values: [10.469062466192531, 10.469062466192531] and parameters: {'k1': 2.0937989739527727e-05, 'D_low': 7.068974950624602, 'k2': 2.678690610097712e-05, 'D_high': 6366.1449945522045, 'fire_exp': 1.182396148413737, 'P_half': 95.65499215943822, 'pre_dampen_half': 703.6426675556048, 'gpp_af': 35.20481045526041, 'gpp_b': 0.10123867001105968, 'gpp_d': 39.827466658711515, 'ign_k': 0.03141110271934876, 'ign_c': 47.268615251255675}.
[I 2026-08-05 23:50:26,881] Trial 673 finished with values: [-0.578353503175071, 0.09020989959667503] and parameters: {'k1': 0.016973078532467004, 'D_low': 2.458603276328005, 'k2': 0.0007081721844034209, 'D_high': 85018.70149611714, 'fire_exp': 1.151006986743773, 'P_half': 12.808863354047988, 'pre_dampen_half': 703.6426675556048, 'gpp_af': 35.20481045526041, 'gpp_b': 0.7987896438549947, 'gpp_d': 4.5768578731086835, 'ign_k': 5.9736167866478125, 'ign_c': 0.11433485956638717}.
[I 2026-08-05 23:50:27,909] Trial 674 finished with values: [10.758463390592942, 10.758463390592942] and parameters: {'k1': 0.005643426708406567, 'D_low': 2.458603276328005, 'k2': 0.0007081721844034209, 'D_high': 85018.70149611714, 'fire_exp': 1.151006986743773, 'P_half': 12.808863354047988, 'pre_dampen_half': 703.6426675556048, 'gpp_af': 35.20481045526041, 'gpp_b': 0.7987896438549947, 'gpp_d': 0.04078961160746153, 'ign_k': 5.9736167866478125, 'ign_c': 0.11433485956638717}.
[I 2026-08-05 23:50:28,894] Trial 675 finished with values: [10.737339260872877, 10.737339260872877] and parameters: {'k1': 0.016973078532467004, 'D_low': 2.458603276328005, 'k2': 0.0007081721844034209, 'D_high': 85018.70149611714, 'fire_exp': 1.151006986743773, 'P_half': 12.808863354047988, 'pre_dampen_half': 1.823875297964684, 'gpp_af': 35.20481045526041, 'gpp_b': 0.7987896438549947, 'gpp_d': 4.5768578731086835, 'ign_k': 5.9736167866478125, 'ign_c': 6.160975294741436}.
[I 2026-08-05 23:50:29,838] Trial 676 finished with values: [10.325641038576785, 10.325641038576785] and parameters: {'k1': 0.0002514786015817364, 'D_low': 7.068974950624602, 'k2': 0.0543876219522674, 'D_high': 85018.70149611714, 'fire_exp': 1.5201277403788451, 'P_half': 39.03214299767183, 'pre_dampen_half': 111.37963167994629, 'gpp_af': 29.925002022877802, 'gpp_b': 1.5938003265859821, 'gpp_d': 34.37107943937136, 'ign_k': 0.0029460000905108855, 'ign_c': 0.17036120617148395}.
[I 2026-08-05 23:50:30,803] Trial 677 finished with values: [10.76915214667298, 10.76915214667298] and parameters: {'k1': 0.016973078532467004, 'D_low': 2.458603276328005, 'k2': 0.0499774937030317, 'D_high': 183.91807805583133, 'fire_exp': 1.151006986743773, 'P_half': 12.808863354047988, 'pre_dampen_half': 3.4369565628226946, 'gpp_af': 0.0016138541942192133, 'gpp_b': 0.7987896438549947, 'gpp_d': 0.055171654110845424, 'ign_k': 5.9736167866478125, 'ign_c': 0.11433485956638717}.
[I 2026-08-05 23:50:31,988] Trial 678 finished with values: [10.710791731014357, 10.710791731014357] and parameters: {'k1': 0.04897760278488444, 'D_low': 125.32726386250698, 'k2': 0.08841388855976236, 'D_high': 233.52156626184438, 'fire_exp': 1.182396148413737, 'P_half': 12.808863354047988, 'pre_dampen_half': 33.9790424311127, 'gpp_af': 20.12115544906385, 'gpp_b': 0.7987896438549947, 'gpp_d': 4.5768578731086835, 'ign_k': 0.11101191524846071, 'ign_c': 0.11433485956638717}.
[I 2026-08-05 23:50:33,016] Trial 679 finished with values: [-0.49578250452084793, 0.09527094036423922] and parameters: {'k1': 0.002971796631657383, 'D_low': 7.068974950624602, 'k2': 0.0499774937030317, 'D_high': 6366.1449945522045, 'fire_exp': 1.811096651915224, 'P_half': 10.226988730324324, 'pre_dampen_half': 703.6426675556048, 'gpp_af': 11.234842109991876, 'gpp_b': 0.10123867001105968, 'gpp_d': 5.1715677287580455, 'ign_k': 0.0026834162496848666, 'ign_c': 3.0378658251922155}.
[I 2026-08-05 23:50:33,995] Trial 680 finished with values: [-0.5564802482691705, 0.07067914282729215] and parameters: {'k1': 0.03232155805617897, 'D_low': 29.89885508829526, 'k2': 0.0499774937030317, 'D_high': 6455.595882939566, 'fire_exp': 1.5201277403788451, 'P_half': 39.03214299767183, 'pre_dampen_half': 111.37963167994629, 'gpp_af': 11.234842109991876, 'gpp_b': 0.10123867001105968, 'gpp_d': 368.30088529547436, 'ign_k': 0.4702627143647234, 'ign_c': 14.810800730363484}.
[I 2026-08-05 23:50:34,976] Trial 681 finished with values: [10.369482942098005, 10.369482942098005] and parameters: {'k1': 0.0029707920514735983, 'D_low': 125.32726386250698, 'k2': 0.0001870742013766025, 'D_high': 72522.83715822162, 'fire_exp': 1.182396148413737, 'P_half': 941.9612235978199, 'pre_dampen_half': 33.9790424311127, 'gpp_af': 0.0025511964576171086, 'gpp_b': 3.228689523591491e-05, 'gpp_d': 891.8036602897795, 'ign_k': 0.03141110271934876, 'ign_c': 8.671454322584175}.
[I 2026-08-05 23:50:35,956] Trial 682 finished with values: [10.535827721652172, 10.535827721652172] and parameters: {'k1': 0.002971796631657383, 'D_low': 7.068974950624602, 'k2': 1.1184534120760473e-05, 'D_high': 6455.595882939566, 'fire_exp': 1.811096651915224, 'P_half': 12.808863354047988, 'pre_dampen_half': 111.37963167994629, 'gpp_af': 29.925002022877802, 'gpp_b': 1.5938003265859821, 'gpp_d': 368.30088529547436, 'ign_k': 0.001046549859517173, 'ign_c': 10.140635645866492}.
[I 2026-08-05 23:50:36,920] Trial 683 finished with values: [11.825861181092527, 11.825861181092527] and parameters: {'k1': 0.06415745702132086, 'D_low': 125.32726386250698, 'k2': 0.0036014695835220327, 'D_high': 6366.1449945522045, 'fire_exp': 1.1044852285094786, 'P_half': 12.808863354047988, 'pre_dampen_half': 719.4083432823455, 'gpp_af': 29.925002022877802, 'gpp_b': 0.7987896438549947, 'gpp_d': 857.4284557962634, 'ign_k': 0.03141110271934876, 'ign_c': 3.0378658251922155}.
[I 2026-08-05 23:50:37,932] Trial 684 finished with values: [10.39937615275266, 10.39937615275266] and parameters: {'k1': 0.021368329072358756, 'D_low': 7.068974950624602, 'k2': 1.1184534120760473e-05, 'D_high': 85018.70149611714, 'fire_exp': 1.151006986743773, 'P_half': 125.61043700013555, 'pre_dampen_half': 36.876350096203005, 'gpp_af': 35.20481045526041, 'gpp_b': 0.7987896438549947, 'gpp_d': 4.5768578731086835, 'ign_k': 0.01474275315991467, 'ign_c': 1.0939944910100017}.
[I 2026-08-05 23:50:38,958] Trial 685 finished with values: [10.76844161087086, 10.76844161087086] and parameters: {'k1': 0.016973078532467004, 'D_low': 2.458603276328005, 'k2': 0.0007081721844034209, 'D_high': 85018.70149611714, 'fire_exp': 7.377654184453313, 'P_half': 12.808863354047988, 'pre_dampen_half': 703.6426675556048, 'gpp_af': 35.20481045526041, 'gpp_b': 0.7987896438549947, 'gpp_d': 4.5768578731086835, 'ign_k': 0.0659112309484029, 'ign_c': 0.11433485956638717}.
[I 2026-08-05 23:50:39,906] Trial 686 finished with values: [11.491235743771515, 11.491235743771515] and parameters: {'k1': 0.0029707920514735983, 'D_low': 2.458603276328005, 'k2': 0.001154473887645231, 'D_high': 7744.80118512745, 'fire_exp': 1.182396148413737, 'P_half': 24.136213194527585, 'pre_dampen_half': 703.6426675556048, 'gpp_af': 0.001162712343304238, 'gpp_b': 3.228689523591491e-05, 'gpp_d': 857.4284557962634, 'ign_k': 5.9736167866478125, 'ign_c': 9.023734753282096}.
[I 2026-08-05 23:50:40,904] Trial 687 finished with values: [10.766133232906542, 10.766133232906542] and parameters: {'k1': 0.0017320535908244437, 'D_low': 2.1234210963705626, 'k2': 1.1184534120760473e-05, 'D_high': 85018.70149611714, 'fire_exp': 1.1044852285094786, 'P_half': 147.09699119495133, 'pre_dampen_half': 21.593412825402957, 'gpp_af': 35.20481045526041, 'gpp_b': 0.7987896438549947, 'gpp_d': 0.049917896217442304, 'ign_k': 0.03141110271934876, 'ign_c': 8.671454322584175}.
[I 2026-08-05 23:50:41,884] Trial 688 finished with values: [10.117981686779014, 10.117981686779014] and parameters: {'k1': 0.016973078532467004, 'D_low': 7.068974950624602, 'k2': 1.1184534120760473e-05, 'D_high': 85018.70149611714, 'fire_exp': 1.058246684404056, 'P_half': 10.226988730324324, 'pre_dampen_half': 36.876350096203005, 'gpp_af': 35.20481045526041, 'gpp_b': 0.7987896438549947, 'gpp_d': 5.878566318396007, 'ign_k': 0.01474275315991467, 'ign_c': 6.160975294741436}.
[I 2026-08-05 23:50:42,897] Trial 689 finished with values: [10.764509315767757, 10.764509315767757] and parameters: {'k1': 0.016973078532467004, 'D_low': 18.522006003174383, 'k2': 0.0007081721844034209, 'D_high': 85018.70149611714, 'fire_exp': 1.0714541464524414, 'P_half': 608.3019192425825, 'pre_dampen_half': 0.34645729315852974, 'gpp_af': 35.20481045526041, 'gpp_b': 0.7987896438549947, 'gpp_d': 4.5768578731086835, 'ign_k': 3.7173717478250508, 'ign_c': 0.11433485956638717}.
