[I 2026-07-22 21:56:05,504] Trial 527 finished with values: [10.58312849816843, 10.58312849816843] and parameters: {'k1': 6.693990428538841e-05, 'D_low': 8454.098152188677, 'k2': 0.07799059237255677, 'D_high': 30235.506416287044, 'fire_exp': 2.264545306066772, 'P_half': 28.15630081597223, 'pre_dampen_half': 33.97904243111269, 'gpp_af': 1.4498445474033743, 'gpp_b': 3.228689523591491e-05, 'gpp_d': 309.13825046274377, 'ign_k': 4.59148521674054, 'ign_c': 3.0378658251922155, 'trop_agb_crit': 2.419699259862185, 'trop_k_veg': 0.977663002683211, 'fuel_k': 3.6992394681929355, 'fuel_half': 0.5375846873770782}.
[I 2026-07-22 21:56:05,942] Trial 528 finished with values: [10.769230768838547, 10.769230768838547] and parameters: {'k1': 6.693990428538841e-05, 'D_low': 8454.098152188677, 'k2': 0.05438762195226743, 'D_high': 8433503.858791472, 'fire_exp': 2.3750840427797026, 'P_half': 2.1095259085905753, 'pre_dampen_half': 33.71909132517388, 'gpp_af': 1.4498445474033743, 'gpp_b': 1.2892705405728861e-05, 'gpp_d': 6.91394869865762, 'ign_k': 4.59148521674054, 'ign_c': 510.6674528526552, 'trop_agb_crit': 10.719494362768906, 'trop_k_veg': 0.5695379443977426, 'fuel_k': 3.6992394681929355, 'fuel_half': 81.87941582538087}.
[I 2026-07-22 21:56:06,379] Trial 529 finished with values: [10.618014141539259, 10.618014141539259] and parameters: {'k1': 0.0029707920514735983, 'D_low': 1.1640589436768796, 'k2': 1.742085881788942e-05, 'D_high': 2512533.442757688, 'fire_exp': 2.354233203623662, 'P_half': 9.324787201197319, 'pre_dampen_half': 33.97904243111269, 'gpp_af': 0.06789053271698488, 'gpp_b': 0.02048523887932671, 'gpp_d': 302.3127748796295, 'ign_k': 4.59148521674054, 'ign_c': 3.0378658251922155, 'trop_agb_crit': 15.870971677383487, 'trop_k_veg': 6.911478238001162, 'fuel_k': 5.486054129200971, 'fuel_half': 16.371966573507315}.
[I 2026-07-22 21:56:06,811] Trial 530 finished with values: [10.156086150936728, 10.156086150936728] and parameters: {'k1': 9.969469187531805e-05, 'D_low': 1.1640589436768796, 'k2': 0.030699709531122953, 'D_high': 2512533.442757688, 'fire_exp': 2.2271826002669806, 'P_half': 1.4378290221680121, 'pre_dampen_half': 33.97904243111269, 'gpp_af': 18.235072804314193, 'gpp_b': 0.00011277885258222645, 'gpp_d': 373.3014953695604, 'ign_k': 0.04732407125181112, 'ign_c': 16.626592254031866, 'trop_agb_crit': 10.719494362768906, 'trop_k_veg': 1.6340262437673856, 'fuel_k': 1.2528108647479208, 'fuel_half': 8.115041565366713}.
[I 2026-07-22 21:56:07,250] Trial 531 finished with values: [10.201712339925123, 10.201712339925123] and parameters: {'k1': 3.6595533391425955e-05, 'D_low': 13.25142220631392, 'k2': 0.0002549709775062065, 'D_high': 2512533.442757688, 'fire_exp': 2.264545306066772, 'P_half': 3.6138942712165267, 'pre_dampen_half': 94.20121790275627, 'gpp_af': 0.06789053271698488, 'gpp_b': 1.2892705405728861e-05, 'gpp_d': 0.032144312552187276, 'ign_k': 0.006039096247545781, 'ign_c': 4.1108484350212295, 'trop_agb_crit': 15.870971677383487, 'trop_k_veg': 1.7664838950757564, 'fuel_k': 1.8731335591844647, 'fuel_half': 38.21129441691226}.
[I 2026-07-22 21:56:07,720] Trial 532 finished with values: [-0.3254177255514125, 0.12332743022290649] and parameters: {'k1': 9.969469187531805e-05, 'D_low': 8454.098152188677, 'k2': 0.030699709531122953, 'D_high': 2512533.442757688, 'fire_exp': 1.4750777427176416, 'P_half': 334.62201030483817, 'pre_dampen_half': 33.71909132517388, 'gpp_af': 1.4498445474033743, 'gpp_b': 0.00011277885258222645, 'gpp_d': 373.3014953695604, 'ign_k': 4.59148521674054, 'ign_c': 2.4423775964038934, 'trop_agb_crit': 10.719494362768906, 'trop_k_veg': 1.140286245977296, 'fuel_k': 0.017262921159278164, 'fuel_half': 0.13122924251987642}.
[I 2026-07-22 21:56:08,156] Trial 533 finished with values: [10.402385846355724, 10.402385846355724] and parameters: {'k1': 9.969469187531805e-05, 'D_low': 4.043300846639722, 'k2': 3.5281132746849994e-05, 'D_high': 8226.792720717496, 'fire_exp': 2.2271826002669806, 'P_half': 1.4378290221680121, 'pre_dampen_half': 10.059683154936915, 'gpp_af': 2.114381609520638, 'gpp_b': 0.00011277885258222645, 'gpp_d': 373.3014953695604, 'ign_k': 4.59148521674054, 'ign_c': 3.0378658251922155, 'trop_agb_crit': 15.870971677383487, 'trop_k_veg': 6.911478238001162, 'fuel_k': 0.05168495502319155, 'fuel_half': 18.202647368248815}.
[I 2026-07-22 21:56:08,595] Trial 534 finished with values: [10.748515509981218, 10.748515509981218] and parameters: {'k1': 0.052334804885400876, 'D_low': 4.043300846639722, 'k2': 2.1698375693549493e-05, 'D_high': 1693415.5410667954, 'fire_exp': 2.3123511487896353, 'P_half': 3.6138942712165267, 'pre_dampen_half': 0.2656834547134191, 'gpp_af': 0.0025511964576171086, 'gpp_b': 1.2892705405728861e-05, 'gpp_d': 302.3127748796295, 'ign_k': 0.006290644294586149, 'ign_c': 0.19678273362633986, 'trop_agb_crit': 1.7813653882411722, 'trop_k_veg': 0.5687244174086067, 'fuel_k': 1.8731335591844647, 'fuel_half': 18.202647368248815}.
[I 2026-07-22 21:56:09,033] Trial 535 finished with values: [12.01556330614467, 12.01556330614467] and parameters: {'k1': 0.0029707920514735983, 'D_low': 4.043300846639722, 'k2': 0.07799059237255677, 'D_high': 160625.60954780428, 'fire_exp': 1.0689448798385355, 'P_half': 245.27450543222417, 'pre_dampen_half': 33.71909132517388, 'gpp_af': 0.0025511964576171086, 'gpp_b': 3.228689523591491e-05, 'gpp_d': 0.34391397565278453, 'ign_k': 0.04732407125181112, 'ign_c': 0.13229646467088635, 'trop_agb_crit': 15.870971677383487, 'trop_k_veg': 1.6340262437673856, 'fuel_k': 1.2528108647479208, 'fuel_half': 18.202647368248815}.
[I 2026-07-22 21:56:09,466] Trial 536 finished with values: [11.582605852629909, 11.582605852629909] and parameters: {'k1': 0.003242143344038315, 'D_low': 4.043300846639722, 'k2': 0.0007406380926311093, 'D_high': 2512533.442757688, 'fire_exp': 2.076733054409457, 'P_half': 3.6138942712165267, 'pre_dampen_half': 94.20121790275627, 'gpp_af': 18.235072804314193, 'gpp_b': 3.228689523591491e-05, 'gpp_d': 25.017068255320467, 'ign_k': 0.04732407125181112, 'ign_c': 0.19678273362633986, 'trop_agb_crit': 15.870971677383487, 'trop_k_veg': 1.6340262437673856, 'fuel_k': 0.6199941538390381, 'fuel_half': 0.253071961271088}.
[I 2026-07-22 21:56:09,901] Trial 537 finished with values: [11.529785192810728, 11.529785192810728] and parameters: {'k1': 0.09738633019266786, 'D_low': 4.043300846639722, 'k2': 0.002342238625792905, 'D_high': 1693415.5410667954, 'fire_exp': 2.3750840427797026, 'P_half': 119.9763911113096, 'pre_dampen_half': 33.97904243111269, 'gpp_af': 0.0025511964576171086, 'gpp_b': 1.2892705405728861e-05, 'gpp_d': 25.017068255320467, 'ign_k': 4.59148521674054, 'ign_c': 3.0378658251922155, 'trop_agb_crit': 15.35205868174982, 'trop_k_veg': 0.977663002683211, 'fuel_k': 3.6992394681929355, 'fuel_half': 42.6871254378718}.
[I 2026-07-22 21:56:10,335] Trial 538 finished with values: [10.580221159954606, 10.580221159954606] and parameters: {'k1': 0.0029707920514735983, 'D_low': 4.043300846639722, 'k2': 2.1698375693549493e-05, 'D_high': 1693415.5410667954, 'fire_exp': 1.63890523746622, 'P_half': 1938.3858782150498, 'pre_dampen_half': 33.97904243111269, 'gpp_af': 0.0025511964576171086, 'gpp_b': 3.228689523591491e-05, 'gpp_d': 302.3127748796295, 'ign_k': 0.018707420137660268, 'ign_c': 3.0378658251922155, 'trop_agb_crit': 15.870971677383487, 'trop_k_veg': 6.911478238001162, 'fuel_k': 5.486054129200971, 'fuel_half': 38.21129441691226}.
[I 2026-07-22 21:56:10,769] Trial 539 finished with values: [13.331637992820962, 13.331637992820962] and parameters: {'k1': 0.002968335334246999, 'D_low': 73.7642948170377, 'k2': 0.005259118659251229, 'D_high': 107013.64911724928, 'fire_exp': 1.034491242472073, 'P_half': 245.27450543222417, 'pre_dampen_half': 294.75617712568373, 'gpp_af': 2.114381609520638, 'gpp_b': 2.711380409817698e-05, 'gpp_d': 9.00460602264307, 'ign_k': 0.04732407125181112, 'ign_c': 0.11650681118986138, 'trop_agb_crit': 3.5522713231614182, 'trop_k_veg': 2.7157207393584746, 'fuel_k': 0.028970790717327534, 'fuel_half': 8.115041565366713}.
[I 2026-07-22 21:56:11,201] Trial 540 finished with values: [10.034602242796858, 10.034602242796858] and parameters: {'k1': 9.969469187531805e-05, 'D_low': 1.1640589436768796, 'k2': 0.007321544340709294, 'D_high': 2512533.442757688, 'fire_exp': 2.3750840427797026, 'P_half': 12.316746498627493, 'pre_dampen_half': 868.1843415114095, 'gpp_af': 0.3259758793317361, 'gpp_b': 0.00011277885258222645, 'gpp_d': 373.3014953695604, 'ign_k': 4.59148521674054, 'ign_c': 16.626592254031866, 'trop_agb_crit': 10.719494362768906, 'trop_k_veg': 0.5695379443977426, 'fuel_k': 0.017262921159278164, 'fuel_half': 16.371966573507315}.
[I 2026-07-22 21:56:11,628] Trial 541 finished with values: [10.007292224194314, 10.007292224194314] and parameters: {'k1': 0.00045102062878998736, 'D_low': 4.043300846639722, 'k2': 0.07799059237255677, 'D_high': 2512533.442757688, 'fire_exp': 2.264545306066772, 'P_half': 3.6138942712165267, 'pre_dampen_half': 868.1843415114095, 'gpp_af': 0.06789053271698488, 'gpp_b': 1.2892705405728861e-05, 'gpp_d': 0.4841900740994021, 'ign_k': 0.006039096247545781, 'ign_c': 16.626592254031866, 'trop_agb_crit': 10.719494362768906, 'trop_k_veg': 0.5695379443977426, 'fuel_k': 1.8731335591844647, 'fuel_half': 38.21129441691226}.
[I 2026-07-22 21:56:12,066] Trial 542 finished with values: [10.104485590973566, 10.104485590973566] and parameters: {'k1': 3.072871314966638e-05, 'D_low': 91.66403471455098, 'k2': 2.1698375693549493e-05, 'D_high': 160625.60954780428, 'fire_exp': 2.3123511487896353, 'P_half': 9.324787201197319, 'pre_dampen_half': 33.97904243111269, 'gpp_af': 1.1300566419249867, 'gpp_b': 1.56731783988398e-05, 'gpp_d': 8.057329182285729, 'ign_k': 0.04732407125181112, 'ign_c': 4.1108484350212295, 'trop_agb_crit': 15.870971677383487, 'trop_k_veg': 6.911478238001162, 'fuel_k': 0.7156083490235493, 'fuel_half': 18.202647368248815}.
[I 2026-07-22 21:56:12,506] Trial 543 finished with values: [16.687171899227963, 16.687171899227963] and parameters: {'k1': 0.052334804885400876, 'D_low': 4.043300846639722, 'k2': 5.30392529099666e-05, 'D_high': 1693415.5410667954, 'fire_exp': 2.3750840427797026, 'P_half': 1.4378290221680121, 'pre_dampen_half': 868.1843415114095, 'gpp_af': 1.4498445474033743, 'gpp_b': 0.00011277885258222645, 'gpp_d': 373.3014953695604, 'ign_k': 4.59148521674054, 'ign_c': 3.0378658251922155, 'trop_agb_crit': 10.719494362768906, 'trop_k_veg': 1.140286245977296, 'fuel_k': 0.017262921159278164, 'fuel_half': 18.202647368248815}.
[I 2026-07-22 21:56:12,938] Trial 544 finished with values: [-0.5437589732431796, 0.1393059103210501] and parameters: {'k1': 0.003242143344038315, 'D_low': 11.437258028094242, 'k2': 2.1698375693549493e-05, 'D_high': 580966.5602369158, 'fire_exp': 2.3123511487896353, 'P_half': 28.15630081597223, 'pre_dampen_half': 10.059683154936915, 'gpp_af': 1.4498445474033743, 'gpp_b': 1.7565109007473816e-05, 'gpp_d': 25.017068255320467, 'ign_k': 0.04732407125181112, 'ign_c': 3.0378658251922155, 'trop_agb_crit': 15.870971677383487, 'trop_k_veg': 0.9369104721775232, 'fuel_k': 0.028970790717327534, 'fuel_half': 18.202647368248815}.
[I 2026-07-22 21:56:13,361] Trial 545 finished with values: [10.769230768838547, 10.769230768838547] and parameters: {'k1': 0.0029707920514735983, 'D_low': 1.1640589436768796, 'k2': 3.5281132746849994e-05, 'D_high': 160625.60954780428, 'fire_exp': 1.0689448798385355, 'P_half': 1.4378290221680121, 'pre_dampen_half': 10.059683154936915, 'gpp_af': 0.0025511964576171086, 'gpp_b': 3.228689523591491e-05, 'gpp_d': 373.3014953695604, 'ign_k': 4.59148521674054, 'ign_c': 53.023869254073034, 'trop_agb_crit': 15.870971677383487, 'trop_k_veg': 6.911478238001162, 'fuel_k': 5.486054129200971, 'fuel_half': 0.35019911407938}.
[I 2026-07-22 21:56:13,781] Trial 546 finished with values: [10.735237253781667, 10.735237253781667] and parameters: {'k1': 9.969469187531805e-05, 'D_low': 4.043300846639722, 'k2': 7.67074891445376e-05, 'D_high': 8433503.858791472, 'fire_exp': 2.3750840427797026, 'P_half': 1938.3858782150498, 'pre_dampen_half': 33.97904243111269, 'gpp_af': 0.0025511964576171086, 'gpp_b': 0.00012118589392553819, 'gpp_d': 6.91394869865762, 'ign_k': 4.59148521674054, 'ign_c': 3.0378658251922155, 'trop_agb_crit': 10.719494362768906, 'trop_k_veg': 6.911478238001162, 'fuel_k': 3.6992394681929355, 'fuel_half': 18.202647368248815}.
[I 2026-07-22 21:56:14,203] Trial 547 finished with values: [-0.43599313043671006, 0.10799279448220533] and parameters: {'k1': 0.09738633019266786, 'D_low': 4.043300846639722, 'k2': 0.07799059237255677, 'D_high': 1693415.5410667954, 'fire_exp': 2.2271826002669806, 'P_half': 119.9763911113096, 'pre_dampen_half': 33.97904243111269, 'gpp_af': 0.4224904711663322, 'gpp_b': 3.228689523591491e-05, 'gpp_d': 0.4841900740994021, 'ign_k': 0.050667002161528835, 'ign_c': 3.0378658251922155, 'trop_agb_crit': 2.419699259862185, 'trop_k_veg': 6.911478238001162, 'fuel_k': 0.028970790717327534, 'fuel_half': 38.21129441691226}.
[I 2026-07-22 21:56:14,655] Trial 548 finished with values: [10.247148619239049, 10.247148619239049] and parameters: {'k1': 9.969469187531805e-05, 'D_low': 1.1640589436768796, 'k2': 2.1698375693549493e-05, 'D_high': 2512533.442757688, 'fire_exp': 1.9149519253972305, 'P_half': 9.324787201197319, 'pre_dampen_half': 33.97904243111269, 'gpp_af': 0.06789053271698488, 'gpp_b': 3.228689523591491e-05, 'gpp_d': 373.3014953695604, 'ign_k': 0.03141110271934876, 'ign_c': 3.0378658251922155, 'trop_agb_crit': 15.870971677383487, 'trop_k_veg': 1.140286245977296, 'fuel_k': 5.486054129200971, 'fuel_half': 18.202647368248815}.
[I 2026-07-22 21:56:15,137] Trial 549 finished with values: [10.084526809820183, 10.084526809820183] and parameters: {'k1': 9.969469187531805e-05, 'D_low': 4.043300846639722, 'k2': 0.030699709531122953, 'D_high': 1693415.5410667954, 'fire_exp': 2.3750840427797026, 'P_half': 1.4378290221680121, 'pre_dampen_half': 868.1843415114095, 'gpp_af': 0.003422824370263182, 'gpp_b': 0.00011277885258222645, 'gpp_d': 373.3014953695604, 'ign_k': 0.050667002161528835, 'ign_c': 3.0378658251922155, 'trop_agb_crit': 15.870971677383487, 'trop_k_veg': 2.410360404052941, 'fuel_k': 0.028970790717327534, 'fuel_half': 16.371966573507315}.
[I 2026-07-22 21:56:15,620] Trial 550 finished with values: [10.095345634210268, 10.095345634210268] and parameters: {'k1': 0.09738633019266786, 'D_low': 4.043300846639722, 'k2': 0.07799059237255677, 'D_high': 1693415.5410667954, 'fire_exp': 1.4750777427176416, 'P_half': 119.9763911113096, 'pre_dampen_half': 10.059683154936915, 'gpp_af': 0.0025511964576171086, 'gpp_b': 0.00011277885258222645, 'gpp_d': 373.3014953695604, 'ign_k': 0.006039096247545781, 'ign_c': 3.0378658251922155, 'trop_agb_crit': 1.4914219038863046, 'trop_k_veg': 6.911478238001162, 'fuel_k': 0.028970790717327534, 'fuel_half': 0.5884212538415389}.
[I 2026-07-22 21:56:16,053] Trial 551 finished with values: [10.008019181531909, 10.008019181531909] and parameters: {'k1': 9.969469187531805e-05, 'D_low': 864.0717009254879, 'k2': 2.1698375693549493e-05, 'D_high': 8433503.858791472, 'fire_exp': 2.3123511487896353, 'P_half': 1.4378290221680121, 'pre_dampen_half': 33.71909132517388, 'gpp_af': 0.0025511964576171086, 'gpp_b': 0.00012118589392553819, 'gpp_d': 6.91394869865762, 'ign_k': 7.107346698112276, 'ign_c': 0.13670484737132343, 'trop_agb_crit': 10.719494362768906, 'trop_k_veg': 1.140286245977296, 'fuel_k': 0.028970790717327534, 'fuel_half': 81.87941582538087}.
[I 2026-07-22 21:56:16,484] Trial 552 finished with values: [10.397316760364557, 10.397316760364557] and parameters: {'k1': 0.052334804885400876, 'D_low': 4.043300846639722, 'k2': 3.349496364344092e-05, 'D_high': 30235.506416287044, 'fire_exp': 2.264545306066772, 'P_half': 245.27450543222417, 'pre_dampen_half': 33.97904243111269, 'gpp_af': 0.06789053271698488, 'gpp_b': 3.228689523591491e-05, 'gpp_d': 302.3127748796295, 'ign_k': 0.04732407125181112, 'ign_c': 6.3906950920732175, 'trop_agb_crit': 24.181329527832204, 'trop_k_veg': 6.911478238001162, 'fuel_k': 1.2528108647479208, 'fuel_half': 8.115041565366713}.
[I 2026-07-22 21:56:16,916] Trial 553 finished with values: [10.769230768838547, 10.769230768838547] and parameters: {'k1': 6.693990428538841e-05, 'D_low': 796.6615929194281, 'k2': 0.002342238625792905, 'D_high': 2512533.442757688, 'fire_exp': 2.0928431561529806, 'P_half': 24.184227958471602, 'pre_dampen_half': 3.9885726374014694, 'gpp_af': 1.4498445474033743, 'gpp_b': 0.00011277885258222645, 'gpp_d': 6.91394869865762, 'ign_k': 4.59148521674054, 'ign_c': 98.40989343758308, 'trop_agb_crit': 6.49757528676979, 'trop_k_veg': 0.977663002683211, 'fuel_k': 3.6992394681929355, 'fuel_half': 81.87941582538087}.
[I 2026-07-22 21:56:17,346] Trial 554 finished with values: [10.525127887578796, 10.525127887578796] and parameters: {'k1': 1.4915922954285195e-05, 'D_low': 4.043300846639722, 'k2': 2.1698375693549493e-05, 'D_high': 160625.60954780428, 'fire_exp': 2.2271826002669806, 'P_half': 245.27450543222417, 'pre_dampen_half': 33.97904243111269, 'gpp_af': 0.0025511964576171086, 'gpp_b': 3.228689523591491e-05, 'gpp_d': 857.4284557962626, 'ign_k': 0.04732407125181112, 'ign_c': 3.0378658251922155, 'trop_agb_crit': 15.870971677383487, 'trop_k_veg': 1.6340262437673856, 'fuel_k': 1.8731335591844647, 'fuel_half': 18.202647368248815}.
[I 2026-07-22 21:56:17,768] Trial 555 finished with values: [10.060748043748811, 10.060748043748811] and parameters: {'k1': 0.0029707920514735983, 'D_low': 4.043300846639722, 'k2': 0.07799059237255677, 'D_high': 160625.60954780428, 'fire_exp': 2.2271826002669806, 'P_half': 245.27450543222417, 'pre_dampen_half': 33.97904243111269, 'gpp_af': 2.114381609520638, 'gpp_b': 0.02048523887932671, 'gpp_d': 373.3014953695604, 'ign_k': 0.04732407125181112, 'ign_c': 0.13229646467088635, 'trop_agb_crit': 10.719494362768906, 'trop_k_veg': 1.140286245977296, 'fuel_k': 1.2528108647479208, 'fuel_half': 8.115041565366713}.
[I 2026-07-22 21:56:18,196] Trial 556 finished with values: [-0.45938548868810364, 0.11302220616319925] and parameters: {'k1': 9.969469187531805e-05, 'D_low': 1.1640589436768796, 'k2': 1.6559474674046002e-05, 'D_high': 8433503.858791472, 'fire_exp': 2.3123511487896353, 'P_half': 27.59069025439785, 'pre_dampen_half': 10.059683154936915, 'gpp_af': 0.0025511964576171086, 'gpp_b': 3.228689523591491e-05, 'gpp_d': 6.91394869865762, 'ign_k': 4.59148521674054, 'ign_c': 0.19678273362633986, 'trop_agb_crit': 1.7813653882411722, 'trop_k_veg': 1.140286245977296, 'fuel_k': 0.028970790717327534, 'fuel_half': 2.276766792290519}.
[I 2026-07-22 21:56:18,623] Trial 557 finished with values: [13.362870928597331, 13.362870928597331] and parameters: {'k1': 0.003242143344038315, 'D_low': 4.043300846639722, 'k2': 2.1698375693549493e-05, 'D_high': 1693415.5410667954, 'fire_exp': 1.0689448798385355, 'P_half': 27.59069025439785, 'pre_dampen_half': 33.97904243111269, 'gpp_af': 0.0025511964576171086, 'gpp_b': 3.228689523591491e-05, 'gpp_d': 373.3014953695604, 'ign_k': 0.03141110271934876, 'ign_c': 0.19678273362633986, 'trop_agb_crit': 15.870971677383487, 'trop_k_veg': 1.6340262437673856, 'fuel_k': 0.028970790717327534, 'fuel_half': 18.202647368248815}.
[I 2026-07-22 21:56:19,047] Trial 558 finished with values: [-0.4250819358719731, 0.1366317303669461] and parameters: {'k1': 0.09738633019266786, 'D_low': 91.66403471455098, 'k2': 0.005259118659251229, 'D_high': 107013.64911724928, 'fire_exp': 2.3123511487896353, 'P_half': 9.324787201197319, 'pre_dampen_half': 10.059683154936915, 'gpp_af': 18.235072804314193, 'gpp_b': 1.7565109007473816e-05, 'gpp_d': 9.00460602264307, 'ign_k': 0.006039096247545781, 'ign_c': 0.11650681118986138, 'trop_agb_crit': 3.5522713231614182, 'trop_k_veg': 2.417028380770307, 'fuel_k': 0.7156083490235493, 'fuel_half': 0.33988503110784557}.
[I 2026-07-22 21:56:19,477] Trial 559 finished with values: [-0.3648958211605229, 0.1270956841112001] and parameters: {'k1': 0.0029707920514735983, 'D_low': 4.043300846639722, 'k2': 2.1698375693549493e-05, 'D_high': 160625.60954780428, 'fire_exp': 1.0689448798385355, 'P_half': 1938.3858782150498, 'pre_dampen_half': 33.97904243111269, 'gpp_af': 0.0025511964576171086, 'gpp_b': 3.228689523591491e-05, 'gpp_d': 857.4284557962626, 'ign_k': 0.03141110271934876, 'ign_c': 3.0378658251922155, 'trop_agb_crit': 15.870971677383487, 'trop_k_veg': 6.911478238001162, 'fuel_k': 5.486054129200971, 'fuel_half': 18.202647368248815}.
[I 2026-07-22 21:56:19,898] Trial 560 finished with values: [-0.2840770503628874, 0.1761999747160985] and parameters: {'k1': 0.0029707920514735983, 'D_low': 4.043300846639722, 'k2': 2.1698375693549493e-05, 'D_high': 1693415.5410667954, 'fire_exp': 1.0689448798385355, 'P_half': 1938.3858782150498, 'pre_dampen_half': 33.97904243111269, 'gpp_af': 2.114381609520638, 'gpp_b': 3.228689523591491e-05, 'gpp_d': 302.3127748796295, 'ign_k': 0.04732407125181112, 'ign_c': 3.0378658251922155, 'trop_agb_crit': 15.870971677383487, 'trop_k_veg': 6.911478238001162, 'fuel_k': 1.2528108647479208, 'fuel_half': 7.933304552450495}.
[I 2026-07-22 21:56:20,320] Trial 561 finished with values: [-0.6437171051214852, 0.10568738202426886] and parameters: {'k1': 9.969469187531805e-05, 'D_low': 1.1640589436768796, 'k2': 0.002342238625792905, 'D_high': 5109990.035268142, 'fire_exp': 2.2271826002669806, 'P_half': 1.4378290221680121, 'pre_dampen_half': 10.059683154936915, 'gpp_af': 42.29037995744429, 'gpp_b': 1.2892705405728861e-05, 'gpp_d': 25.017068255320467, 'ign_k': 0.254945458832971, 'ign_c': 2.4423775964038934, 'trop_agb_crit': 10.719494362768906, 'trop_k_veg': 1.140286245977296, 'fuel_k': 3.6992394681929355, 'fuel_half': 2.276766792290519}.
