[I 2026-08-19 17:05:34,678] Trial 260 finished with value: 0.46865027440030027 and parameters: {'k1': 0.00011863066074068308, 'D_low': 1647.007892481634, 'k2': 1.672028571945722e-05, 'D_high': 33846.59038050424, 'fire_exp': 1.083604522127222, 'P_half': 38.97832668688782, 'pre_dampen_half': 3.5205918770977163, 'gpp_af': 0.001785096959539772, 'gpp_b': 1.1006423585379874e-05, 'gpp_d': 2.7554744647461917, 'ign_k': 7.704699722019447, 'ign_c': 1.7590743659199792, 'trop_agb_crit': 15.32764908279627, 'trop_k_veg': 2.3619074749713134, 'pop_amp': 0.06908441079193003, 'pop_peak': 1.4362371879156561, 'pop_sig': 1.4837063724640007, 'fuel_k': 0.3235164169099141, 'fuel_half': 0.5086525408352015}. Best is trial 0 with value: -0.6094076133578652.
[I 2026-08-19 17:05:36,431] Trial 261 finished with value: -0.550966151757385 and parameters: {'k1': 0.024759117184077285, 'D_low': 6757.220499442996, 'k2': 0.01331913957143596, 'D_high': 1525808.6333118791, 'fire_exp': 1.1238421029565855, 'P_half': 43.091319633320225, 'pre_dampen_half': 15.51132857436139, 'gpp_af': 0.036635056664511605, 'gpp_b': 0.01223594686010629, 'gpp_d': 34.51060400763174, 'ign_k': 0.5226946866833219, 'ign_c': 0.6991571208300328, 'trop_agb_crit': 12.208535565598497, 'trop_k_veg': 1.6804953493177772, 'pop_amp': 0.05292462327670734, 'pop_peak': 0.11256278704404415, 'pop_sig': 0.859592593887618, 'fuel_k': 0.02355417797628615, 'fuel_half': 89.02922650174409}. Best is trial 0 with value: -0.6094076133578652.
[I 2026-08-19 17:05:38,191] Trial 262 finished with value: 0.5877163108326158 and parameters: {'k1': 0.0009017514896921374, 'D_low': 17263.56587353562, 'k2': 1.1167477642031168e-05, 'D_high': 66162.57809091662, 'fire_exp': 2.4362612943256083, 'P_half': 63.65893625471003, 'pre_dampen_half': 3.195392364292708, 'gpp_af': 0.003438176505629767, 'gpp_b': 1.558133870198735e-05, 'gpp_d': 0.8877561059424388, 'ign_k': 0.7087243158284883, 'ign_c': 11.831742830903918, 'trop_agb_crit': 2.5082038980599153, 'trop_k_veg': 1.5861912335544521, 'pop_amp': 0.0024429821594441807, 'pop_peak': 1.7567954294145096, 'pop_sig': 1.5359714020775403, 'fuel_k': 0.12173749567209412, 'fuel_half': 0.30416580122288295}. Best is trial 0 with value: -0.6094076133578652.
[I 2026-08-19 17:05:39,949] Trial 263 finished with value: -0.5342076492587473 and parameters: {'k1': 0.002412017249151495, 'D_low': 8828.364997672412, 'k2': 0.017028987336388902, 'D_high': 6249432.929784206, 'fire_exp': 1.543173337257116, 'P_half': 18.326715893713008, 'pre_dampen_half': 1.1518270476657757, 'gpp_af': 2.3321707492206203, 'gpp_b': 5.437119908542329e-05, 'gpp_d': 3.270162059494528, 'ign_k': 0.09353509298129764, 'ign_c': 0.15026999445330885, 'trop_agb_crit': 20.849913564606283, 'trop_k_veg': 1.5666834710729907, 'pop_amp': 0.027248763602279555, 'pop_peak': 0.05838778828045603, 'pop_sig': 1.1169047653716249, 'fuel_k': 0.11591900737441473, 'fuel_half': 80.72955759089643}. Best is trial 0 with value: -0.6094076133578652.
[I 2026-08-19 17:05:41,692] Trial 264 finished with value: 0.6195896242123593 and parameters: {'k1': 0.08728523195677917, 'D_low': 20369.298046089316, 'k2': 0.00011767116466731076, 'D_high': 700007.9433527596, 'fire_exp': 1.3539096326577655, 'P_half': 292.6688967032161, 'pre_dampen_half': 44.35363629735915, 'gpp_af': 0.0014125843287285166, 'gpp_b': 0.016244164567092514, 'gpp_d': 145.99393175790325, 'ign_k': 0.45564263694168294, 'ign_c': 0.35807860971633326, 'trop_agb_crit': 9.327805330370403, 'trop_k_veg': 2.0757987260325943, 'pop_amp': 0.05663885960350372, 'pop_peak': 0.06590201702725848, 'pop_sig': 0.5719530866325863, 'fuel_k': 0.04931518488564623, 'fuel_half': 63.21196289396637}. Best is trial 0 with value: -0.6094076133578652.
[I 2026-08-19 17:05:43,482] Trial 265 finished with value: 0.5750017457731281 and parameters: {'k1': 0.017509515045956808, 'D_low': 26693.225621713384, 'k2': 0.005250483688176456, 'D_high': 1395321.6958185167, 'fire_exp': 1.7505122773815458, 'P_half': 265.7905694882423, 'pre_dampen_half': 37.21561906224689, 'gpp_af': 0.017516515039453083, 'gpp_b': 0.0002962637325751181, 'gpp_d': 8.567404187704255, 'ign_k': 0.009722752640810338, 'ign_c': 0.2568006620881362, 'trop_agb_crit': 11.845568353438827, 'trop_k_veg': 1.2940312401983198, 'pop_amp': 0.33778596121148485, 'pop_peak': 0.15415201931991848, 'pop_sig': 0.9336701441672728, 'fuel_k': 0.013987792371186242, 'fuel_half': 36.16212048300718}. Best is trial 0 with value: -0.6094076133578652.
[I 2026-08-19 17:05:45,293] Trial 266 finished with value: 0.5720332483117637 and parameters: {'k1': 0.04783007267212135, 'D_low': 7397.561278099439, 'k2': 1.3659248797143455e-05, 'D_high': 94260.79989391497, 'fire_exp': 3.3609871905083004, 'P_half': 32.44215236711426, 'pre_dampen_half': 2.0517874519491115, 'gpp_af': 0.022417099146455646, 'gpp_b': 0.0008209005747431512, 'gpp_d': 128.9517171008238, 'ign_k': 0.22432420653072063, 'ign_c': 0.10323054319112629, 'trop_agb_crit': 1.1237314135926557, 'trop_k_veg': 1.1502720318989257, 'pop_amp': 1.7642906115916592, 'pop_peak': 0.05422687263066833, 'pop_sig': 1.9918499897422888, 'fuel_k': 0.4139862950456752, 'fuel_half': 38.946873727962654}. Best is trial 0 with value: -0.6094076133578652.
  trial  267/2500  best_overall=0.6094  (7.4 min)
[I 2026-08-19 17:05:46,992] Trial 267 finished with value: 0.5890846175155287 and parameters: {'k1': 0.012494638589683178, 'D_low': 30.380929219598357, 'k2': 0.00010711492365350513, 'D_high': 15853.844793586564, 'fire_exp': 2.655805306201893, 'P_half': 4.7349967009620215, 'pre_dampen_half': 0.14230943617951722, 'gpp_af': 0.08869462348511839, 'gpp_b': 0.00017456513744793943, 'gpp_d': 165.5498911981692, 'ign_k': 0.0526229987491028, 'ign_c': 0.33079697035131467, 'trop_agb_crit': 1.437720366234886, 'trop_k_veg': 1.8322788840031106, 'pop_amp': 0.5828030381488941, 'pop_peak': 0.08548004008093073, 'pop_sig': 0.9862793354038712, 'fuel_k': 0.07474200067343094, 'fuel_half': 17.76318774061963}. Best is trial 0 with value: -0.6094076133578652.
[I 2026-08-19 17:05:48,632] Trial 268 finished with value: 0.5156554450945702 and parameters: {'k1': 0.004047122715132264, 'D_low': 25351.711420031486, 'k2': 0.0070707969125894405, 'D_high': 567710.0373710912, 'fire_exp': 1.3647767346741615, 'P_half': 4.418795760040619, 'pre_dampen_half': 0.24459242885346094, 'gpp_af': 0.41328640216773443, 'gpp_b': 0.00018616267344576272, 'gpp_d': 41.256449735939654, 'ign_k': 0.11926761071997223, 'ign_c': 0.18075876026385296, 'trop_agb_crit': 23.475527867144738, 'trop_k_veg': 2.2317718794545627, 'pop_amp': 0.15817088579771285, 'pop_peak': 0.6790724978828472, 'pop_sig': 0.7906002154616522, 'fuel_k': 0.43965746015379453, 'fuel_half': 22.609503727021675}. Best is trial 0 with value: -0.6094076133578652.
[I 2026-08-19 17:05:50,245] Trial 269 finished with value: 0.6067869976384337 and parameters: {'k1': 0.007063314671872466, 'D_low': 7883.539764187079, 'k2': 0.040740346466104915, 'D_high': 9902965.002145454, 'fire_exp': 1.454070779915859, 'P_half': 25.21435121160147, 'pre_dampen_half': 0.15148680477273682, 'gpp_af': 6.6579480510926805, 'gpp_b': 0.00023583986481784104, 'gpp_d': 0.056684681789931315, 'ign_k': 0.03409978047913287, 'ign_c': 0.4788405779645984, 'trop_agb_crit': 17.266518347181805, 'trop_k_veg': 1.3146479445562789, 'pop_amp': 0.005467701320258339, 'pop_peak': 0.05986956675245943, 'pop_sig': 0.9317126401450023, 'fuel_k': 0.10771545118945695, 'fuel_half': 52.03993422696989}. Best is trial 0 with value: -0.6094076133578652.
[I 2026-08-19 17:05:51,858] Trial 270 finished with value: -0.556387999126067 and parameters: {'k1': 0.005194508218851296, 'D_low': 214.37146462433867, 'k2': 0.0003196131068980532, 'D_high': 386104.104615107, 'fire_exp': 2.4844398928310896, 'P_half': 2.6644302662282557, 'pre_dampen_half': 2.101553411273289, 'gpp_af': 0.003409329758516366, 'gpp_b': 3.880117258751646e-05, 'gpp_d': 3.7096931028534224, 'ign_k': 0.27700165488077394, 'ign_c': 0.727957870326235, 'trop_agb_crit': 1.2434135253088072, 'trop_k_veg': 0.8089523466783148, 'pop_amp': 0.24255930334506545, 'pop_peak': 0.1720057321912138, 'pop_sig': 1.9231631511834877, 'fuel_k': 0.020504087186967834, 'fuel_half': 14.723600862727542}. Best is trial 0 with value: -0.6094076133578652.
[I 2026-08-19 17:05:53,457] Trial 271 finished with value: -0.5292664448797899 and parameters: {'k1': 0.05110047306822177, 'D_low': 255.4980235335827, 'k2': 8.780957233722447e-05, 'D_high': 97149.73677807483, 'fire_exp': 3.4839557095977054, 'P_half': 1.345629440449477, 'pre_dampen_half': 0.2878319632349413, 'gpp_af': 0.6621911969418273, 'gpp_b': 9.041461021646303e-05, 'gpp_d': 31.61222035113151, 'ign_k': 8.480436010777925, 'ign_c': 0.12612020374311184, 'trop_agb_crit': 1.8508136836215014, 'trop_k_veg': 0.5997744111380564, 'pop_amp': 5.340953424674888, 'pop_peak': 1.1662358938771327, 'pop_sig': 1.0632179468036125, 'fuel_k': 0.08449752325776982, 'fuel_half': 11.11760964007669}. Best is trial 0 with value: -0.6094076133578652.
[I 2026-08-19 17:05:55,042] Trial 272 finished with value: -0.578345331143758 and parameters: {'k1': 0.0023222156468167597, 'D_low': 2707.1357286267844, 'k2': 0.011820604233733477, 'D_high': 300776.4445102179, 'fire_exp': 1.7626172343383737, 'P_half': 5.395580597970122, 'pre_dampen_half': 5.230276920158041, 'gpp_af': 0.07490398757339607, 'gpp_b': 0.004689856712665452, 'gpp_d': 80.39038813677261, 'ign_k': 2.568615545461738, 'ign_c': 0.4603072842733029, 'trop_agb_crit': 10.560025021688489, 'trop_k_veg': 1.2378689705306198, 'pop_amp': 0.0207118782983841, 'pop_peak': 0.18779986565191834, 'pop_sig': 1.1603032369298674, 'fuel_k': 0.011171956838493645, 'fuel_half': 6.580137554182543}. Best is trial 0 with value: -0.6094076133578652.
[I 2026-08-19 17:05:56,621] Trial 273 finished with value: 0.505192209398893 and parameters: {'k1': 0.010806764613792113, 'D_low': 14.8862702567027, 'k2': 4.6623034357243535e-05, 'D_high': 244025.46542082692, 'fire_exp': 7.249239546794269, 'P_half': 1.1447192268238233, 'pre_dampen_half': 0.9655816413202722, 'gpp_af': 0.37531459153341024, 'gpp_b': 0.0003244791570103825, 'gpp_d': 90.51321357835364, 'ign_k': 0.48704004887464897, 'ign_c': 0.2962060217319952, 'trop_agb_crit': 1.9914198010291981, 'trop_k_veg': 0.5449864230568602, 'pop_amp': 13.83078716485963, 'pop_peak': 0.17891980360761525, 'pop_sig': 1.6820475677189808, 'fuel_k': 0.24474359499044906, 'fuel_half': 45.64501066955786}. Best is trial 0 with value: -0.6094076133578652.
[I 2026-08-19 17:05:58,211] Trial 274 finished with value: 0.4508142583275332 and parameters: {'k1': 0.013753811696036171, 'D_low': 806.1462938833862, 'k2': 2.319905180614492e-05, 'D_high': 2253713.0836659847, 'fire_exp': 2.814513911587967, 'P_half': 35.372536178478356, 'pre_dampen_half': 4.6580554187701875, 'gpp_af': 0.08881701713249263, 'gpp_b': 3.63869561783348e-05, 'gpp_d': 0.45813809211559803, 'ign_k': 0.5854908139938041, 'ign_c': 17.275625380356345, 'trop_agb_crit': 3.83709474408619, 'trop_k_veg': 0.5731304732672123, 'pop_amp': 0.13828964748352374, 'pop_peak': 0.19869812914241974, 'pop_sig': 1.7823174352605835, 'fuel_k': 0.01646463088268983, 'fuel_half': 10.291140895765535}. Best is trial 0 with value: -0.6094076133578652.
[I 2026-08-19 17:05:59,811] Trial 275 finished with value: 0.5643665881740082 and parameters: {'k1': 0.08821599408692314, 'D_low': 32.18348373551292, 'k2': 7.362264990199409e-05, 'D_high': 118524.84914750514, 'fire_exp': 4.690800279778791, 'P_half': 4.4700974438017465, 'pre_dampen_half': 2.9288680744430695, 'gpp_af': 1.297076856251517, 'gpp_b': 0.0009554129156183077, 'gpp_d': 0.3928112733139111, 'ign_k': 3.415723358905719, 'ign_c': 0.23755128756017205, 'trop_agb_crit': 2.2919032875889327, 'trop_k_veg': 0.5856681743948766, 'pop_amp': 0.6991852936159269, 'pop_peak': 0.17240635675698163, 'pop_sig': 0.47927268734242495, 'fuel_k': 0.05007165771908686, 'fuel_half': 24.101561657222565}. Best is trial 0 with value: -0.6094076133578652.
[I 2026-08-19 17:06:01,407] Trial 276 finished with value: 0.6030300485797067 and parameters: {'k1': 0.010823222162262225, 'D_low': 633.862911073535, 'k2': 0.013403437304295345, 'D_high': 404709.5385867162, 'fire_exp': 1.6425121087041594, 'P_half': 92.88368754956039, 'pre_dampen_half': 16.17569373070122, 'gpp_af': 0.0052027970811105665, 'gpp_b': 0.02751982913998713, 'gpp_d': 2.5589093499262474, 'ign_k': 0.8262612855190261, 'ign_c': 0.6260823126253139, 'trop_agb_crit': 5.750530649094807, 'trop_k_veg': 0.847574487838997, 'pop_amp': 0.17714115057659585, 'pop_peak': 0.4643391600040693, 'pop_sig': 0.418351558770226, 'fuel_k': 0.015966967297316496, 'fuel_half': 73.1141859353092}. Best is trial 0 with value: -0.6094076133578652.
[I 2026-08-19 17:06:03,038] Trial 277 finished with value: 0.5921643352048449 and parameters: {'k1': 0.039478740575164074, 'D_low': 242.0099153361384, 'k2': 4.418178685140205e-05, 'D_high': 564.8713334398718, 'fire_exp': 3.8548971934953578, 'P_half': 1.6433969977066756, 'pre_dampen_half': 1.8326061711228814, 'gpp_af': 10.727517964976258, 'gpp_b': 0.00017390716094010277, 'gpp_d': 61.15617513379711, 'ign_k': 5.237959717824135, 'ign_c': 0.31831284748880645, 'trop_agb_crit': 2.641318749022603, 'trop_k_veg': 0.6625680523468624, 'pop_amp': 2.8195450265497755, 'pop_peak': 1.4854995024550537, 'pop_sig': 1.9450367427025141, 'fuel_k': 0.010143967092961706, 'fuel_half': 3.8808915684725647}. Best is trial 0 with value: -0.6094076133578652.
[I 2026-08-19 17:06:04,619] Trial 278 finished with value: 0.5027739056777387 and parameters: {'k1': 0.0007751769342374177, 'D_low': 11375.454754371844, 'k2': 0.05642232446322995, 'D_high': 213291.3435334978, 'fire_exp': 3.9970508709597263, 'P_half': 2.3609633736166202, 'pre_dampen_half': 14.890086141762113, 'gpp_af': 0.29596609621648534, 'gpp_b': 0.026736205199261044, 'gpp_d': 46.65097745525933, 'ign_k': 2.9678819452144953, 'ign_c': 0.9766028146260044, 'trop_agb_crit': 17.48776434846062, 'trop_k_veg': 0.6926738637046015, 'pop_amp': 0.16887881560690882, 'pop_peak': 0.43841657059132944, 'pop_sig': 2.187266292144522, 'fuel_k': 0.021042731164896165, 'fuel_half': 11.90597894627359}. Best is trial 0 with value: -0.6094076133578652.
[I 2026-08-19 17:06:06,270] Trial 279 finished with value: 0.6445374145881376 and parameters: {'k1': 0.0072787588503425, 'D_low': 596177.4206248124, 'k2': 0.016277225233048594, 'D_high': 9406.564447972984, 'fire_exp': 1.2829185797046985, 'P_half': 47.41541389282437, 'pre_dampen_half': 7.759120975211002, 'gpp_af': 0.02723893092683391, 'gpp_b': 0.12790367868491448, 'gpp_d': 1.5845675548214904, 'ign_k': 0.1284970269220414, 'ign_c': 1.251352188481265, 'trop_agb_crit': 9.81758635906648, 'trop_k_veg': 1.3423374393010945, 'pop_amp': 0.00926495831328705, 'pop_peak': 0.3905534538996396, 'pop_sig': 0.9671141246253286, 'fuel_k': 0.030602905551839286, 'fuel_half': 87.5133050972089}. Best is trial 0 with value: -0.6094076133578652.
  trial  280/2500  best_overall=0.6094  (7.7 min)
[I 2026-08-19 17:06:07,935] Trial 280 finished with value: 0.5731656078585387 and parameters: {'k1': 0.021713968227471195, 'D_low': 7139.379028101814, 'k2': 0.025332218835169857, 'D_high': 2577050.787247458, 'fire_exp': 1.204229857969668, 'P_half': 242.57367239601695, 'pre_dampen_half': 3.375907834049737, 'gpp_af': 0.04654208769235281, 'gpp_b': 0.0688726997308192, 'gpp_d': 17.03216425543043, 'ign_k': 0.3390078177862805, 'ign_c': 0.23014127170841137, 'trop_agb_crit': 9.813819894560785, 'trop_k_veg': 3.8435217642748767, 'pop_amp': 0.06166705698170682, 'pop_peak': 0.3160850702817358, 'pop_sig': 0.86973844241167, 'fuel_k': 0.030367843785567616, 'fuel_half': 64.08777735908136}. Best is trial 0 with value: -0.6094076133578652.
[I 2026-08-19 17:06:09,532] Trial 281 finished with value: -0.5660311627560018 and parameters: {'k1': 0.01128352702120909, 'D_low': 8.41865116382113, 'k2': 0.0011139689630617069, 'D_high': 5038280.517266632, 'fire_exp': 1.5917574964676817, 'P_half': 1.6739354199369703, 'pre_dampen_half': 1.9867272590748655, 'gpp_af': 0.015879159688332596, 'gpp_b': 9.384483171342517e-05, 'gpp_d': 8.418239875500273, 'ign_k': 0.03421368407899409, 'ign_c': 0.12671332599051882, 'trop_agb_crit': 2.09081055261535, 'trop_k_veg': 0.95562774588614, 'pop_amp': 0.7658177203829567, 'pop_peak': 0.26070114778120707, 'pop_sig': 1.5058924136394811, 'fuel_k': 0.01831930578963624, 'fuel_half': 10.3580796375891}. Best is trial 0 with value: -0.6094076133578652.
[I 2026-08-19 17:06:11,125] Trial 282 finished with value: 0.6019077428849702 and parameters: {'k1': 0.026343501021650433, 'D_low': 15.786347707151345, 'k2': 0.003774613722976221, 'D_high': 584310.4965542712, 'fire_exp': 1.6946217680249183, 'P_half': 1.8474888647719703, 'pre_dampen_half': 4.357536314020991, 'gpp_af': 0.00520826201576895, 'gpp_b': 1.910441697636208e-05, 'gpp_d': 265.5006754422447, 'ign_k': 0.3955739544160603, 'ign_c': 0.501715433497824, 'trop_agb_crit': 2.91015966080284, 'trop_k_veg': 1.1584477715290784, 'pop_amp': 3.7520204820490113, 'pop_peak': 0.050828166514906445, 'pop_sig': 2.4865540631504803, 'fuel_k': 0.0389735586582948, 'fuel_half': 10.596169136937455}. Best is trial 0 with value: -0.6094076133578652.
[I 2026-08-19 17:06:12,763] Trial 283 finished with value: -0.5703842537051618 and parameters: {'k1': 0.04517529863895359, 'D_low': 8.882621374220085, 'k2': 0.0025180769685564162, 'D_high': 8597015.99288787, 'fire_exp': 1.186814007129017, 'P_half': 3.7323031928524757, 'pre_dampen_half': 0.14155005485356995, 'gpp_af': 0.24735489019883003, 'gpp_b': 0.00010476252140561687, 'gpp_d': 0.6354102647325587, 'ign_k': 0.07195068328136942, 'ign_c': 0.11193959648650026, 'trop_agb_crit': 1.4025369719048946, 'trop_k_veg': 1.658914296226117, 'pop_amp': 1.1019363666041861, 'pop_peak': 0.3907484520391152, 'pop_sig': 2.353238917082773, 'fuel_k': 0.011428104917334675, 'fuel_half': 3.130327496289158}. Best is trial 0 with value: -0.6094076133578652.
[I 2026-08-19 17:06:14,334] Trial 284 finished with value: 0.5821779596668704 and parameters: {'k1': 0.01307300666135545, 'D_low': 140.08792393956742, 'k2': 0.0007153012004745639, 'D_high': 3544763.6428330843, 'fire_exp': 1.201122156151557, 'P_half': 27.47927348802075, 'pre_dampen_half': 0.011578994105521666, 'gpp_af': 0.4460931219625047, 'gpp_b': 5.055782423560632e-05, 'gpp_d': 0.041837072709002124, 'ign_k': 0.005534217689724229, 'ign_c': 0.3580711536310344, 'trop_agb_crit': 2.3419425257546203, 'trop_k_veg': 3.427263226013818, 'pop_amp': 0.11756966662827315, 'pop_peak': 0.1786043686879922, 'pop_sig': 1.7237240242455378, 'fuel_k': 0.017378866741453818, 'fuel_half': 0.4242495087867732}. Best is trial 0 with value: -0.6094076133578652.
[I 2026-08-19 17:06:15,926] Trial 285 finished with value: 0.43337416669900486 and parameters: {'k1': 0.013395186699071216, 'D_low': 10.662329701567533, 'k2': 0.0026762578315063955, 'D_high': 4077384.309680959, 'fire_exp': 1.1737050458709983, 'P_half': 24.1033839254062, 'pre_dampen_half': 0.5365699697231832, 'gpp_af': 0.25283538532901967, 'gpp_b': 9.953235161377454e-05, 'gpp_d': 7.997462597331237, 'ign_k': 0.05974245618616795, 'ign_c': 0.861220350624319, 'trop_agb_crit': 1.3694058735961558, 'trop_k_veg': 1.6623935660267295, 'pop_amp': 0.19563613067778662, 'pop_peak': 0.7536621204445642, 'pop_sig': 2.453374494352897, 'fuel_k': 0.011966341780192633, 'fuel_half': 6.420744008423581}. Best is trial 0 with value: -0.6094076133578652.
[I 2026-08-19 17:06:17,508] Trial 286 finished with value: 0.5339146739419434 and parameters: {'k1': 0.032092110148630046, 'D_low': 1.600363075893042, 'k2': 0.0017171119121632413, 'D_high': 41921.538735684706, 'fire_exp': 1.2670992693065892, 'P_half': 3.7088368949651613, 'pre_dampen_half': 280.3702038603463, 'gpp_af': 0.5813253603399245, 'gpp_b': 0.00288179603122811, 'gpp_d': 311.91482079618925, 'ign_k': 1.8115544181557048, 'ign_c': 2.8836223390564135, 'trop_agb_crit': 6.741988635550056, 'trop_k_veg': 0.6360924126364983, 'pop_amp': 0.16889791904317217, 'pop_peak': 5.006676286911491, 'pop_sig': 2.3430367742451903, 'fuel_k': 0.05414953472695076, 'fuel_half': 1.643200287285079}. Best is trial 0 with value: -0.6094076133578652.
[I 2026-08-19 17:06:19,364] Trial 287 finished with value: 0.4845535286727256 and parameters: {'k1': 0.003515928327571729, 'D_low': 4667.497361412271, 'k2': 0.07097144210814241, 'D_high': 921341.3217467036, 'fire_exp': 1.3882602705987641, 'P_half': 2.062797284469028, 'pre_dampen_half': 0.14748759268784628, 'gpp_af': 0.02197436834173792, 'gpp_b': 0.0002174095338074081, 'gpp_d': 123.82007442316355, 'ign_k': 7.277834240756887, 'ign_c': 0.15537252764097714, 'trop_agb_crit': 28.4785856339815, 'trop_k_veg': 1.324941901513304, 'pop_amp': 0.0012109070297643971, 'pop_peak': 0.07022249730755471, 'pop_sig': 2.1317906393422277, 'fuel_k': 0.015787051541703574, 'fuel_half': 6.945251699466076}. Best is trial 0 with value: -0.6094076133578652.
[I 2026-08-19 17:06:21,120] Trial 288 finished with value: 0.47475800524104295 and parameters: {'k1': 0.046868563642274715, 'D_low': 2.4936859421363886, 'k2': 0.006364128007510627, 'D_high': 130265.71186909106, 'fire_exp': 1.5983295316514061, 'P_half': 2.149498192688729, 'pre_dampen_half': 0.06549519382926243, 'gpp_af': 11.513252662229267, 'gpp_b': 0.0006276098225265317, 'gpp_d': 12.973398469669336, 'ign_k': 0.034012717182179845, 'ign_c': 0.2899048743168927, 'trop_agb_crit': 1.7800003939207396, 'trop_k_veg': 2.8942715468521056, 'pop_amp': 7.462214338757709, 'pop_peak': 0.3677765271968533, 'pop_sig': 2.2568624059352618, 'fuel_k': 0.02550981903314371, 'fuel_half': 1.6411499912468757}. Best is trial 0 with value: -0.6094076133578652.
