[I 2026-08-20 00:19:02,870] Trial 454 finished with value: 0.5693960483438527 and parameters: {'k1': 6.631699076802904e-05, 'D_low': 2.5588952458424306, 'k2': 0.0011417985345848112, 'D_high': 1007171.5207703623, 'fire_exp': 4.387517239478978, 'P_half': 1.9551752964687417, 'pre_dampen_half': 0.039428265740999884, 'gpp_af': 9.060701660777376, 'gpp_b': 0.015471945092160948, 'gpp_d': 860.0244070959508, 'ign_k': 0.8887784555990699, 'ign_c': 5.7048143251136265, 'trop_agb_crit': 1.114619032973004, 'trop_k_veg': 1.3087546387768938}. Best is trial 0 with value: -0.5989088506199346.
[I 2026-08-20 00:19:05,386] Trial 455 finished with value: 0.4518766976068962 and parameters: {'k1': 0.005477895428632386, 'D_low': 7.043780816749027, 'k2': 0.0001286844529787645, 'D_high': 9869680.233668014, 'fire_exp': 2.118138243481185, 'P_half': 6.409602494532656, 'pre_dampen_half': 37.547745919723674, 'gpp_af': 3.7544721980921696, 'gpp_b': 0.06625085379877083, 'gpp_d': 260.321631829917, 'ign_k': 0.5802048968482607, 'ign_c': 3.645102024454666, 'trop_agb_crit': 11.158213830301335, 'trop_k_veg': 1.3647215920083933}. Best is trial 0 with value: -0.5989088506199346.
[I 2026-08-20 00:19:07,896] Trial 456 finished with value: 0.46922333731920385 and parameters: {'k1': 4.5493552080643794e-05, 'D_low': 6.238533336432583, 'k2': 2.2483835691397086e-05, 'D_high': 956972.3358233232, 'fire_exp': 2.9304581228331625, 'P_half': 2.178733048750718, 'pre_dampen_half': 93.58844325880958, 'gpp_af': 12.810866662438405, 'gpp_b': 0.0008033857954258413, 'gpp_d': 236.22949783241648, 'ign_k': 1.5750216745752157, 'ign_c': 0.28996140094417266, 'trop_agb_crit': 1.466554803076409, 'trop_k_veg': 0.9190783830060041}. Best is trial 0 with value: -0.5989088506199346.
[I 2026-08-20 00:19:10,502] Trial 457 finished with value: 0.5669693175353892 and parameters: {'k1': 0.005759599337069312, 'D_low': 9.960813800336078, 'k2': 0.0026810568178931814, 'D_high': 1940302.500014465, 'fire_exp': 2.6952017012213383, 'P_half': 54.7807009182599, 'pre_dampen_half': 193.7810739510566, 'gpp_af': 13.490078509681927, 'gpp_b': 0.4368621097021873, 'gpp_d': 212.39917491468694, 'ign_k': 0.014309384679670165, 'ign_c': 38.42209507965086, 'trop_agb_crit': 8.38836902708584, 'trop_k_veg': 4.8745311382511325}. Best is trial 0 with value: -0.5989088506199346.
[I 2026-08-20 00:19:13,234] Trial 458 finished with value: 0.45161142696744005 and parameters: {'k1': 0.00014838953714478142, 'D_low': 4.366528680070902, 'k2': 0.0003026527785810934, 'D_high': 123344.86202069596, 'fire_exp': 2.0944799218436763, 'P_half': 1.734774023335839, 'pre_dampen_half': 3.7727364017602065, 'gpp_af': 36.705809783553335, 'gpp_b': 0.0027196224709090284, 'gpp_d': 658.6798725229044, 'ign_k': 0.7382778177654379, 'ign_c': 0.9498755477585773, 'trop_agb_crit': 3.067530273276028, 'trop_k_veg': 0.9181358671717934}. Best is trial 0 with value: -0.5989088506199346.
[I 2026-08-20 00:19:15,724] Trial 459 finished with value: 0.6172811670063342 and parameters: {'k1': 0.007950171974391343, 'D_low': 16736.409506796543, 'k2': 1.067624888491768e-05, 'D_high': 1483371.3792661652, 'fire_exp': 4.302423684023077, 'P_half': 1.0059777186206964, 'pre_dampen_half': 297.5985528581971, 'gpp_af': 0.07451324016473053, 'gpp_b': 0.056358855463270185, 'gpp_d': 353.6956524796775, 'ign_k': 0.3574083624647832, 'ign_c': 5.464226504019332, 'trop_agb_crit': 13.048158870712632, 'trop_k_veg': 0.9054899396693289}. Best is trial 0 with value: -0.5989088506199346.
[I 2026-08-20 00:19:18,425] Trial 460 finished with value: 0.5089983536245657 and parameters: {'k1': 0.00012051174049823833, 'D_low': 4.309245156641427, 'k2': 0.0001493643676068907, 'D_high': 2273460.5816839817, 'fire_exp': 4.513712350890063, 'P_half': 25.49050783805998, 'pre_dampen_half': 1.2439323407325378, 'gpp_af': 16.38255033375336, 'gpp_b': 0.008335966209818826, 'gpp_d': 467.70304040000394, 'ign_k': 0.21808583882317525, 'ign_c': 1.5129131827384765, 'trop_agb_crit': 1.1924597180597993, 'trop_k_veg': 2.656418762901559}. Best is trial 0 with value: -0.5989088506199346.
[I 2026-08-20 00:19:20,879] Trial 461 finished with value: -0.5274622443826276 and parameters: {'k1': 0.08925232615928382, 'D_low': 205.17512452220822, 'k2': 0.0010004050943670097, 'D_high': 5386986.416075646, 'fire_exp': 1.3003819484495838, 'P_half': 73.95957338811385, 'pre_dampen_half': 3.1394520770545737, 'gpp_af': 0.8105060585314351, 'gpp_b': 0.021691597602940243, 'gpp_d': 497.186439609121, 'ign_k': 0.01605689379459663, 'ign_c': 1.2877403552980649, 'trop_agb_crit': 26.106538141233305, 'trop_k_veg': 1.3879163180784944}. Best is trial 0 with value: -0.5989088506199346.
[I 2026-08-20 00:19:23,314] Trial 462 finished with value: 0.5602067806590914 and parameters: {'k1': 0.00028597351581294186, 'D_low': 1.2327846303669183, 'k2': 7.595364048776105e-05, 'D_high': 8011607.915628394, 'fire_exp': 3.2096209271981198, 'P_half': 4.772218085233017, 'pre_dampen_half': 4.806614802381751, 'gpp_af': 1.0520716852246217, 'gpp_b': 0.49712962586470344, 'gpp_d': 563.5884176398021, 'ign_k': 0.23524633584731228, 'ign_c': 2.863181545570186, 'trop_agb_crit': 3.547124615390918, 'trop_k_veg': 1.545040922361151}. Best is trial 0 with value: -0.5989088506199346.
[I 2026-08-20 00:19:25,720] Trial 463 finished with value: 0.505185383932007 and parameters: {'k1': 1.220765189384064e-05, 'D_low': 12.87308499561878, 'k2': 1.2902893304613094e-05, 'D_high': 2377422.5266224425, 'fire_exp': 3.354212840055604, 'P_half': 73.22442235516823, 'pre_dampen_half': 40.80055636542972, 'gpp_af': 0.14563080120226385, 'gpp_b': 5.4719688580192366e-05, 'gpp_d': 574.1802434527475, 'ign_k': 0.7392868850732391, 'ign_c': 0.21821410296278926, 'trop_agb_crit': 4.346545988312596, 'trop_k_veg': 2.4215030228436674}. Best is trial 0 with value: -0.5989088506199346.
[I 2026-08-20 00:19:28,321] Trial 464 finished with value: 0.6135664037709491 and parameters: {'k1': 0.0019990996268084756, 'D_low': 15.186428130271516, 'k2': 0.005515598033557608, 'D_high': 1681126.7963652795, 'fire_exp': 3.7600178067476095, 'P_half': 78.77651532616703, 'pre_dampen_half': 33.92810027903902, 'gpp_af': 1.7780550755103055, 'gpp_b': 0.023852390997829452, 'gpp_d': 0.1699108012421953, 'ign_k': 1.2907664696477497, 'ign_c': 2.439004538839849, 'trop_agb_crit': 1.2488039057936182, 'trop_k_veg': 1.375068005438807}. Best is trial 0 with value: -0.5989088506199346.
[I 2026-08-20 00:19:30,679] Trial 465 finished with value: 0.548383097540605 and parameters: {'k1': 7.250502769916455e-05, 'D_low': 6.66318401854849, 'k2': 0.0006163328954323637, 'D_high': 6732277.2186245145, 'fire_exp': 4.207245452716294, 'P_half': 68.57860794560092, 'pre_dampen_half': 2.810712960418219, 'gpp_af': 17.35482942397985, 'gpp_b': 0.06525193633620328, 'gpp_d': 35.367405460142784, 'ign_k': 7.714629801439937, 'ign_c': 0.3826347501227885, 'trop_agb_crit': 10.656590809926252, 'trop_k_veg': 1.145952054547369}. Best is trial 0 with value: -0.5989088506199346.
[I 2026-08-20 00:19:33,105] Trial 466 finished with value: 0.4925426694798496 and parameters: {'k1': 0.00010200575242912748, 'D_low': 10.724759370582927, 'k2': 0.00031369184831439085, 'D_high': 1359978.244415228, 'fire_exp': 2.054047326444896, 'P_half': 97.03560551987512, 'pre_dampen_half': 184.03536734339906, 'gpp_af': 2.986450420946298, 'gpp_b': 0.0015100937307635208, 'gpp_d': 9.167552870350715, 'ign_k': 0.2256658749419148, 'ign_c': 23.339261588274937, 'trop_agb_crit': 2.541986852630522, 'trop_k_veg': 1.7817831014486414}. Best is trial 0 with value: -0.5989088506199346.
[I 2026-08-20 00:19:35,435] Trial 467 finished with value: 0.5568267918651566 and parameters: {'k1': 0.00011408498376059645, 'D_low': 4.1074546543099615, 'k2': 1.6550780153786793e-05, 'D_high': 175352.88268458485, 'fire_exp': 2.924304414788399, 'P_half': 48.67276195839602, 'pre_dampen_half': 79.014475714112, 'gpp_af': 0.01200830439653174, 'gpp_b': 0.0062313851256968564, 'gpp_d': 107.65491591973971, 'ign_k': 0.44401839994960257, 'ign_c': 1.2328233405717026, 'trop_agb_crit': 19.766274027018024, 'trop_k_veg': 1.8020701626761044}. Best is trial 0 with value: -0.5989088506199346.
[I 2026-08-20 00:19:37,792] Trial 468 finished with value: -0.557576865446991 and parameters: {'k1': 0.015591243279674491, 'D_low': 193.16944371436298, 'k2': 3.485726695062101e-05, 'D_high': 965166.2768151303, 'fire_exp': 1.0825080058746486, 'P_half': 1.0455569891265213, 'pre_dampen_half': 0.9423706254827938, 'gpp_af': 5.778266111854277, 'gpp_b': 0.2281994683607845, 'gpp_d': 633.0691943534812, 'ign_k': 0.08382214796780448, 'ign_c': 0.12129813462212644, 'trop_agb_crit': 1.5829539337706937, 'trop_k_veg': 0.9462566911531967}. Best is trial 0 with value: -0.5989088506199346.
[I 2026-08-20 00:19:40,150] Trial 469 finished with value: 0.4265807521773627 and parameters: {'k1': 4.722187488904093e-05, 'D_low': 77.55915554024192, 'k2': 1.5086326986332578e-05, 'D_high': 3048450.657249337, 'fire_exp': 1.4365693125381358, 'P_half': 4.808110295275988, 'pre_dampen_half': 3.86236440837037, 'gpp_af': 1.2028445438524555, 'gpp_b': 0.00104300808341755, 'gpp_d': 15.417788279015808, 'ign_k': 0.08193940136169, 'ign_c': 2.6246308501179247, 'trop_agb_crit': 3.248213618907256, 'trop_k_veg': 2.9187562186551226}. Best is trial 0 with value: -0.5989088506199346.
[I 2026-08-20 00:19:43,082] Trial 470 finished with value: 0.581294394514294 and parameters: {'k1': 0.0047737139449741586, 'D_low': 10729.591202570484, 'k2': 3.594285345234699e-05, 'D_high': 813358.9205475642, 'fire_exp': 1.8295134889537672, 'P_half': 395.705882229818, 'pre_dampen_half': 0.054258994475553775, 'gpp_af': 0.042531529985337456, 'gpp_b': 0.00010913197426322323, 'gpp_d': 17.16168940224441, 'ign_k': 0.048366872394670406, 'ign_c': 0.34009324805327673, 'trop_agb_crit': 18.476403984579694, 'trop_k_veg': 6.404319516095123}. Best is trial 0 with value: -0.5989088506199346.
[I 2026-08-20 00:19:45,279] Trial 471 finished with value: 0.5973835599795395 and parameters: {'k1': 0.010212952788750111, 'D_low': 4.042191950097721, 'k2': 0.0006085291066178772, 'D_high': 4626979.866566535, 'fire_exp': 2.6185514232749023, 'P_half': 188.16447384660185, 'pre_dampen_half': 0.5918870321534219, 'gpp_af': 0.1742827079691209, 'gpp_b': 0.40247265255068043, 'gpp_d': 12.312098552256634, 'ign_k': 0.02130729065934381, 'ign_c': 3.5450145709417686, 'trop_agb_crit': 11.901288943204541, 'trop_k_veg': 6.996802375638808}. Best is trial 0 with value: -0.5989088506199346.
[I 2026-08-20 00:19:47,796] Trial 472 finished with value: 0.6445374145881376 and parameters: {'k1': 0.06820953058571759, 'D_low': 2497.7565690569318, 'k2': 0.0018011324303961295, 'D_high': 653209.7624632822, 'fire_exp': 1.6027147291886152, 'P_half': 545.1386682738836, 'pre_dampen_half': 0.31378766185319285, 'gpp_af': 94.09710497367108, 'gpp_b': 0.2111560576993662, 'gpp_d': 730.2307683065784, 'ign_k': 0.7522752276796588, 'ign_c': 54.643415969509185, 'trop_agb_crit': 28.18615034203946, 'trop_k_veg': 2.645233165468948}. Best is trial 0 with value: -0.5989088506199346.
[I 2026-08-20 00:19:50,088] Trial 473 finished with value: -0.4788346489177412 and parameters: {'k1': 8.289340670893008e-05, 'D_low': 112.93111713017088, 'k2': 0.08670385235915273, 'D_high': 14704.160893811804, 'fire_exp': 1.146322028009034, 'P_half': 7.322040898249796, 'pre_dampen_half': 4.216958579147029, 'gpp_af': 0.01511984711966126, 'gpp_b': 0.004353545833944546, 'gpp_d': 22.263883188805014, 'ign_k': 0.22554097890720234, 'ign_c': 0.14834988195981422, 'trop_agb_crit': 25.119887590500547, 'trop_k_veg': 6.977960686878448}. Best is trial 0 with value: -0.5989088506199346.
[I 2026-08-20 00:19:52,791] Trial 474 finished with value: 0.6445374145881376 and parameters: {'k1': 0.05341191249051181, 'D_low': 30.6294914078297, 'k2': 6.540514852358674e-05, 'D_high': 997393.9990527409, 'fire_exp': 3.1177218215271543, 'P_half': 5.076334148155807, 'pre_dampen_half': 284.57669498382523, 'gpp_af': 0.8339773727367664, 'gpp_b': 0.11744408603280647, 'gpp_d': 412.95910406538724, 'ign_k': 0.3699983592009448, 'ign_c': 66.29515158818886, 'trop_agb_crit': 12.67232372399219, 'trop_k_veg': 0.8673699282419158}. Best is trial 0 with value: -0.5989088506199346.
[I 2026-08-20 00:19:55,086] Trial 475 finished with value: 0.5851454483582281 and parameters: {'k1': 0.0011206040641274276, 'D_low': 402.71921131827287, 'k2': 0.001450682378228224, 'D_high': 62402.24090507773, 'fire_exp': 5.204454103276569, 'P_half': 31.110624038606897, 'pre_dampen_half': 3.3210181280434816, 'gpp_af': 4.8866422094102875, 'gpp_b': 0.0035341999473136815, 'gpp_d': 2.0279070482015134, 'ign_k': 0.27394898364907866, 'ign_c': 5.331365663486384, 'trop_agb_crit': 16.766852460258946, 'trop_k_veg': 6.340474015207708}. Best is trial 0 with value: -0.5989088506199346.
[I 2026-08-20 00:19:57,462] Trial 476 finished with value: 0.49919041059355895 and parameters: {'k1': 0.013138369277991014, 'D_low': 8.45391308826594, 'k2': 2.4219496763692816e-05, 'D_high': 9967793.954426808, 'fire_exp': 4.397594134759297, 'P_half': 13.830592217003801, 'pre_dampen_half': 1.1832990873381934, 'gpp_af': 0.345627124654732, 'gpp_b': 0.01614467738537885, 'gpp_d': 40.88975938318841, 'ign_k': 4.8944602501645385, 'ign_c': 0.2838034711660084, 'trop_agb_crit': 4.523559796413614, 'trop_k_veg': 2.807701183652027}. Best is trial 0 with value: -0.5989088506199346.
[I 2026-08-20 00:20:00,102] Trial 477 finished with value: 0.6575137396410351 and parameters: {'k1': 4.1873438258174614e-05, 'D_low': 324.31311544502324, 'k2': 0.0018907923449890784, 'D_high': 1808518.574519574, 'fire_exp': 2.327725499286418, 'P_half': 17.263208303397747, 'pre_dampen_half': 8.988928429161367, 'gpp_af': 0.25684331971868873, 'gpp_b': 0.0005708387860703083, 'gpp_d': 0.8801687727973708, 'ign_k': 2.758878318426433, 'ign_c': 33.26947429295871, 'trop_agb_crit': 15.80464678157329, 'trop_k_veg': 0.9111430574643835}. Best is trial 0 with value: -0.5989088506199346.
[I 2026-08-20 00:20:02,684] Trial 478 finished with value: 0.43272891558404347 and parameters: {'k1': 0.001303886616141521, 'D_low': 38.77087151130986, 'k2': 0.00028544060447440757, 'D_high': 8863619.41686098, 'fire_exp': 3.141667724135709, 'P_half': 1.2714847408143606, 'pre_dampen_half': 6.225454946729477, 'gpp_af': 2.511071478284534, 'gpp_b': 0.003330771185554347, 'gpp_d': 581.4487116671172, 'ign_k': 3.6463875733967424, 'ign_c': 2.2159148887900146, 'trop_agb_crit': 1.2168922210909616, 'trop_k_veg': 1.307120657546255}. Best is trial 0 with value: -0.5989088506199346.
[I 2026-08-20 00:20:05,088] Trial 479 finished with value: 0.4888027094157673 and parameters: {'k1': 3.4035826084227386e-05, 'D_low': 1.2097783991572522, 'k2': 0.00020524357534718594, 'D_high': 6241516.587039133, 'fire_exp': 3.1806272705010565, 'P_half': 7.450470139000822, 'pre_dampen_half': 2.6178246379898233, 'gpp_af': 53.738445473746005, 'gpp_b': 0.015858601173955433, 'gpp_d': 155.54158812067675, 'ign_k': 0.7419541278973656, 'ign_c': 5.833031543075092, 'trop_agb_crit': 1.1754686276381823, 'trop_k_veg': 0.9944606711704038}. Best is trial 0 with value: -0.5989088506199346.
[I 2026-08-20 00:20:07,456] Trial 480 finished with value: 0.4492816547042333 and parameters: {'k1': 9.57812476450024e-05, 'D_low': 6.627601890064308, 'k2': 0.00022842592284499485, 'D_high': 4832856.851075276, 'fire_exp': 2.4786678099890174, 'P_half': 2.02663090777832, 'pre_dampen_half': 1.975011120669486, 'gpp_af': 73.87261221891461, 'gpp_b': 0.138792397678489, 'gpp_d': 791.2422987612096, 'ign_k': 0.32170446036695743, 'ign_c': 0.11455867248068266, 'trop_agb_crit': 1.4623688272585282, 'trop_k_veg': 1.6962274708618466}. Best is trial 0 with value: -0.5989088506199346.
[I 2026-08-20 00:20:10,042] Trial 481 finished with value: 0.6445374145881376 and parameters: {'k1': 0.0009327782364507276, 'D_low': 27014.110598744828, 'k2': 0.0174331848773671, 'D_high': 20197.51222357048, 'fire_exp': 2.255649475366324, 'P_half': 4.030101480669871, 'pre_dampen_half': 22.8322648736724, 'gpp_af': 0.9138392751780604, 'gpp_b': 0.018889690777341393, 'gpp_d': 36.659886119731766, 'ign_k': 0.6162612300796438, 'ign_c': 0.16995040569413752, 'trop_agb_crit': 24.151309949424352, 'trop_k_veg': 4.845590034849089}. Best is trial 0 with value: -0.5989088506199346.
[I 2026-08-20 00:20:12,544] Trial 482 finished with value: -0.555623067669152 and parameters: {'k1': 0.0073942116099650805, 'D_low': 2565.6475683558797, 'k2': 0.0004759500235930485, 'D_high': 9044810.496594599, 'fire_exp': 1.4831102563256695, 'P_half': 221.0182051538553, 'pre_dampen_half': 1.9385576112257985, 'gpp_af': 97.3744860002127, 'gpp_b': 0.11688597675836997, 'gpp_d': 556.3231484764484, 'ign_k': 2.8092768308041687, 'ign_c': 0.47701012435599616, 'trop_agb_crit': 18.47405768525288, 'trop_k_veg': 2.6247025875976213}. Best is trial 0 with value: -0.5989088506199346.
[I 2026-08-20 00:20:15,003] Trial 483 finished with value: -0.5531004297918412 and parameters: {'k1': 0.0013177784293597384, 'D_low': 5.724652044630354, 'k2': 1.585893579693815e-05, 'D_high': 2711614.8871052205, 'fire_exp': 2.46432121475875, 'P_half': 48.714994834745674, 'pre_dampen_half': 39.53997030334209, 'gpp_af': 0.18159195432577727, 'gpp_b': 8.061437351593525e-05, 'gpp_d': 5.418180258266357, 'ign_k': 0.054268312559326216, 'ign_c': 9.646643079585036, 'trop_agb_crit': 25.716128919844948, 'trop_k_veg': 3.4156318086736692}. Best is trial 0 with value: -0.5989088506199346.
[I 2026-08-20 00:20:17,420] Trial 484 finished with value: 0.44214392210474984 and parameters: {'k1': 0.0005945919311909433, 'D_low': 1.095979809251, 'k2': 0.000623587700699609, 'D_high': 399433.9545225784, 'fire_exp': 2.279992853694506, 'P_half': 39.2282193945263, 'pre_dampen_half': 201.03770273936988, 'gpp_af': 11.312407099883988, 'gpp_b': 0.01482512173194265, 'gpp_d': 87.3024359434309, 'ign_k': 0.05611703656281696, 'ign_c': 1.6521903614066065, 'trop_agb_crit': 1.5921192443635532, 'trop_k_veg': 2.4522397465735533}. Best is trial 0 with value: -0.5989088506199346.
[I 2026-08-20 00:20:19,917] Trial 485 finished with value: 0.4282763312726695 and parameters: {'k1': 0.0006727707461232627, 'D_low': 1.180483264987475, 'k2': 0.00017699252708653813, 'D_high': 113464.29692041891, 'fire_exp': 1.4482336869198094, 'P_half': 4.051917590694554, 'pre_dampen_half': 3.5499554875308474, 'gpp_af': 0.5590241538480911, 'gpp_b': 0.00022376488296455417, 'gpp_d': 51.51640223087018, 'ign_k': 0.15974362062609201, 'ign_c': 10.1252157683331, 'trop_agb_crit': 1.5557313998268862, 'trop_k_veg': 2.2469225952892606}. Best is trial 0 with value: -0.5989088506199346.
[I 2026-08-20 00:20:22,387] Trial 486 finished with value: 0.5929646093439999 and parameters: {'k1': 0.0003222712893801435, 'D_low': 23.850347133010153, 'k2': 0.004690219390308454, 'D_high': 6855.00417378966, 'fire_exp': 1.2669924854192458, 'P_half': 5.731024362219342, 'pre_dampen_half': 0.1518935058052801, 'gpp_af': 0.5644037311171607, 'gpp_b': 0.002873339606008874, 'gpp_d': 36.19465293452147, 'ign_k': 0.030422623862058254, 'ign_c': 5.913806098699959, 'trop_agb_crit': 1.2838999664897952, 'trop_k_veg': 1.2298365726151783}. Best is trial 0 with value: -0.5989088506199346.
[I 2026-08-20 00:20:25,099] Trial 487 finished with value: 0.5830358031762133 and parameters: {'k1': 0.0004163228663453856, 'D_low': 1087.5666020811818, 'k2': 0.05510207303252177, 'D_high': 1373828.2264099382, 'fire_exp': 5.672210990607859, 'P_half': 14.87608011808577, 'pre_dampen_half': 1.9848349101649974, 'gpp_af': 0.04750369551752019, 'gpp_b': 1.274581394530109e-05, 'gpp_d': 187.1961848240181, 'ign_k': 0.01093010442961683, 'ign_c': 0.3320460793034587, 'trop_agb_crit': 14.508935915463967, 'trop_k_veg': 7.783334601948423}. Best is trial 0 with value: -0.5989088506199346.
[I 2026-08-20 00:20:27,584] Trial 488 finished with value: 0.5868669557141001 and parameters: {'k1': 0.0004480071574586522, 'D_low': 234.2751029282827, 'k2': 0.0009347830413882432, 'D_high': 35380.658987203715, 'fire_exp': 3.60254673046309, 'P_half': 17.415458599554942, 'pre_dampen_half': 0.4985936587505784, 'gpp_af': 0.8930474460140158, 'gpp_b': 0.0015250113202257408, 'gpp_d': 38.45381054268689, 'ign_k': 0.003980840271317504, 'ign_c': 0.21798410440633179, 'trop_agb_crit': 18.972560957113004, 'trop_k_veg': 3.629496133878547}. Best is trial 0 with value: -0.5989088506199346.
[I 2026-08-20 00:20:30,079] Trial 489 finished with value: 0.5992667174003012 and parameters: {'k1': 0.0014682399437970976, 'D_low': 7.392732505057111, 'k2': 0.0005032618583886723, 'D_high': 102586.93401211053, 'fire_exp': 1.8277829631026126, 'P_half': 2.0622886440632415, 'pre_dampen_half': 0.6068635043737348, 'gpp_af': 0.0074989441105803144, 'gpp_b': 0.03818011819984423, 'gpp_d': 25.18949494855764, 'ign_k': 0.03476128507712741, 'ign_c': 30.498108750225786, 'trop_agb_crit': 1.1404421545993504, 'trop_k_veg': 0.6309387655246151}. Best is trial 0 with value: -0.5989088506199346.
[I 2026-08-20 00:20:32,946] Trial 490 finished with value: 0.48142350687468904 and parameters: {'k1': 0.0001744832551339139, 'D_low': 70.33615432791771, 'k2': 1.1617851689669535e-05, 'D_high': 601523.2214034782, 'fire_exp': 1.9950040086462901, 'P_half': 1.1451782210699286, 'pre_dampen_half': 73.10871389126297, 'gpp_af': 6.378141797220466, 'gpp_b': 0.0013734625388493564, 'gpp_d': 56.97687602086531, 'ign_k': 9.939668532671293, 'ign_c': 9.75021169968329, 'trop_agb_crit': 8.496967730634486, 'trop_k_veg': 2.213931967027513}. Best is trial 0 with value: -0.5989088506199346.
[I 2026-08-20 00:20:35,592] Trial 491 finished with value: 0.6022701265440644 and parameters: {'k1': 0.010950243509488151, 'D_low': 1.6940157516921386, 'k2': 0.00034006039544131386, 'D_high': 8734699.406905314, 'fire_exp': 6.402209139189912, 'P_half': 2.066199976838164, 'pre_dampen_half': 103.73103005660992, 'gpp_af': 72.420409592221, 'gpp_b': 0.5080543713722869, 'gpp_d': 11.7290706041759, 'ign_k': 2.9037759834416152, 'ign_c': 1.139906396667424, 'trop_agb_crit': 3.5278863035499053, 'trop_k_veg': 1.074153167069943}. Best is trial 0 with value: -0.5989088506199346.
