[I 2026-08-14 14:05:55,546] Trial 141 finished with values: [-0.3960691510593795, 3.0596295171880783e-06] and parameters: {'k1': 0.00014001191914113747, 'D_low': 126.11058927054879, 'k2': 1.3243445838637965e-05, 'D_high': 16.752866684650684, 'fire_exp': 6.64661557126371, 'P_half': 1.7036120617148391, 'pre_dampen_half': 0.043181981126981975, 'gpp_af': 6.940121430516967, 'gpp_b': 0.4168322557207811, 'gpp_d': 700.6693992445935, 'ign_k': 0.31014294272127446, 'ign_c': 0.21947742689197342, 'trop_agb_crit': 20.205002815711154, 'trop_k_veg': 2.1816482703680733, 'fuel_k': 0.3176626387065175, 'fuel_half': 8.17127270071559}.
[I 2026-08-14 14:05:57,976] Trial 142 finished with values: [-0.3554625854118624, 0.0] and parameters: {'k1': 1.7926680648388784e-05, 'D_low': 177.51026696160926, 'k2': 2.5299503921303695e-05, 'D_high': 12.862664853393753, 'fire_exp': 1.2429193829348841, 'P_half': 539.5442811888478, 'pre_dampen_half': 63.26147292744763, 'gpp_af': 70.695884676536, 'gpp_b': 1.1728753685919104, 'gpp_d': 1.14605265271501, 'ign_k': 0.12906379659404604, 'ign_c': 514.0544615226304, 'trop_agb_crit': 16.86264052240002, 'trop_k_veg': 7.887845482514075, 'fuel_k': 0.5588539902953054, 'fuel_half': 42.89592532297351}.
[I 2026-08-14 14:06:00,577] Trial 143 finished with values: [-0.40039578524516795, 2.9203342011285827e-07] and parameters: {'k1': 6.069662445477729e-05, 'D_low': 2.0349553327469425, 'k2': 2.5299503921303695e-05, 'D_high': 12.862664853393753, 'fire_exp': 1.2429193829348841, 'P_half': 4.961134450191397, 'pre_dampen_half': 0.022695682239207024, 'gpp_af': 0.0023751383317256927, 'gpp_b': 1.1728753685919104, 'gpp_d': 3.0023172465753074, 'ign_k': 1.8108143621079664, 'ign_c': 1.3409701145872435, 'trop_agb_crit': 2.3118820898020997, 'trop_k_veg': 4.844706510617515, 'fuel_k': 1.6630228777630973, 'fuel_half': 42.89592532297351}.
[I 2026-08-14 14:06:02,833] Trial 144 finished with values: [-0.3546818965341041, 0.0] and parameters: {'k1': 0.0032930213963426706, 'D_low': 19389.89852278267, 'k2': 0.004373100990516265, 'D_high': 58257.048833920686, 'fire_exp': 3.8398504643167155, 'P_half': 894.5150807271528, 'pre_dampen_half': 0.37306104754535907, 'gpp_af': 0.34902252478382495, 'gpp_b': 2.788681037423117, 'gpp_d': 282.69551568161273, 'ign_k': 0.06647020392311619, 'ign_c': 30.236421525614126, 'trop_agb_crit': 2.1775224101934065, 'trop_k_veg': 0.6189606672462583, 'fuel_k': 0.013421538374693755, 'fuel_half': 1.1483034881881862}.
[I 2026-08-14 14:06:04,924] Trial 145 finished with values: [-0.3878688041837049, 1.6694865004884818e-06] and parameters: {'k1': 0.006551173063184816, 'D_low': 18.957670432509364, 'k2': 0.0009670857606743155, 'D_high': 12.22553839755208, 'fire_exp': 2.2417519634313736, 'P_half': 228.9131530683704, 'pre_dampen_half': 0.03411860497758073, 'gpp_af': 0.15394819813084212, 'gpp_b': 0.23395511097933275, 'gpp_d': 0.9576572359933988, 'ign_k': 0.1137517159258866, 'ign_c': 0.7464754881442118, 'trop_agb_crit': 3.8524922362032497, 'trop_k_veg': 2.8056728593013704, 'fuel_k': 1.6630228777630973, 'fuel_half': 12.136386887218588}.
[I 2026-08-14 14:06:06,942] Trial 146 finished with values: [-0.3554625854118624, 0.0] and parameters: {'k1': 3.6595533391425955e-05, 'D_low': 11.437258028094242, 'k2': 0.000985079068311927, 'D_high': 66.8537333582894, 'fire_exp': 2.1931399753552863, 'P_half': 28.15630081597223, 'pre_dampen_half': 420.2116526335304, 'gpp_af': 0.04130614451133169, 'gpp_b': 1.1983032564333187e-05, 'gpp_d': 61.829022221636144, 'ign_k': 1.857328833311487, 'ign_c': 698.6847592445656, 'trop_agb_crit': 26.402883285404346, 'trop_k_veg': 3.4439936249445045, 'fuel_k': 0.01814068034742312, 'fuel_half': 97.86395331218444}.
[I 2026-08-14 14:06:10,328] Trial 147 finished with values: [-0.44857319974900606, 0.04296204533643677] and parameters: {'k1': 0.0029707920514735983, 'D_low': 4.043300846639722, 'k2': 0.00019472216066157317, 'D_high': 160625.60954780428, 'fire_exp': 1.7973831035976209, 'P_half': 1938.3858782150498, 'pre_dampen_half': 33.9790424311127, 'gpp_af': 0.0025511964576171086, 'gpp_b': 3.228689523591491e-05, 'gpp_d': 857.4284557962634, 'ign_k': 0.03141110271934876, 'ign_c': 3.0378658251922155, 'trop_agb_crit': 16.86264052240002, 'trop_k_veg': 7.260694958828215, 'fuel_k': 5.486054129200969, 'fuel_half': 15.581254655530845}.
[I 2026-08-14 14:06:12,025] Trial 148 finished with values: [-0.3554625854118624, 0.0] and parameters: {'k1': 3.8751982355100445e-05, 'D_low': 18.957670432509364, 'k2': 3.511445258128687e-05, 'D_high': 354.3776548426163, 'fire_exp': 2.878298002135838, 'P_half': 8320.133621840185, 'pre_dampen_half': 0.9145768948268035, 'gpp_af': 0.04403094955951772, 'gpp_b': 2.660432024638607, 'gpp_d': 0.058813839452486964, 'ign_k': 0.002011190979341457, 'ign_c': 0.3277320296937064, 'trop_agb_crit': 16.035571745273074, 'trop_k_veg': 0.7618668427217097, 'fuel_k': 0.024304286905830974, 'fuel_half': 8.36804938192389}.
[I 2026-08-14 14:06:13,844] Trial 149 finished with values: [-0.3554625854118624, 0.0] and parameters: {'k1': 1.7926680648388784e-05, 'D_low': 177.51026696160926, 'k2': 0.00013894673469237192, 'D_high': 1627776.4805093438, 'fire_exp': 1.6733848721157607, 'P_half': 7126.727573532312, 'pre_dampen_half': 0.13249602803264168, 'gpp_af': 0.7539992074650279, 'gpp_b': 0.0021331409710300844, 'gpp_d': 1.14605265271501, 'ign_k': 0.0680787482656459, 'ign_c': 937.2580613581177, 'trop_agb_crit': 2.1409462099712546, 'trop_k_veg': 2.3220791324604515, 'fuel_k': 0.02214708063365415, 'fuel_half': 15.581254655530845}.
[I 2026-08-14 14:06:15,483] Trial 150 finished with values: [-0.3554625854118624, 0.0] and parameters: {'k1': 2.5852079056761296e-05, 'D_low': 260206.07998030365, 'k2': 0.0014057163351022498, 'D_high': 316055.11434645514, 'fire_exp': 3.916877009398767, 'P_half': 25.284086172415588, 'pre_dampen_half': 68.5395809221937, 'gpp_af': 0.008983355849178878, 'gpp_b': 1.6569065206637924e-05, 'gpp_d': 2.292633983096564, 'ign_k': 0.018934530915191535, 'ign_c': 631.3175583634933, 'trop_agb_crit': 25.360745838025757, 'trop_k_veg': 2.4516474838484386, 'fuel_k': 0.5692975843713445, 'fuel_half': 2.2148104601284695}.
[I 2026-08-14 14:06:17,212] Trial 151 finished with values: [-0.3554625854118624, 0.0] and parameters: {'k1': 0.00031489116479568613, 'D_low': 506157.68887523044, 'k2': 0.008471801418819975, 'D_high': 30235.506416287044, 'fire_exp': 1.4322493718230251, 'P_half': 4.2070539502879365, 'pre_dampen_half': 0.0195172246414495, 'gpp_af': 21.42302175774105, 'gpp_b': 0.040428727350273294, 'gpp_d': 34.70266988650411, 'ign_k': 0.0012087541473056963, 'ign_c': 757.9479953347999, 'trop_agb_crit': 16.967533607196547, 'trop_k_veg': 0.9008485225328876, 'fuel_k': 0.03199906289308566, 'fuel_half': 0.35498788321965025}.
[I 2026-08-14 14:06:18,997] Trial 152 finished with values: [-0.3554625854118624, 0.0] and parameters: {'k1': 0.00014879588507789985, 'D_low': 362681.79038790334, 'k2': 1.127217425995114e-05, 'D_high': 35.39329732028365, 'fire_exp': 2.878298002135838, 'P_half': 8320.133621840185, 'pre_dampen_half': 2.9046276683520458, 'gpp_af': 0.04403094955951772, 'gpp_b': 0.0005995821881487623, 'gpp_d': 290.642121800538, 'ign_k': 1.8611194462546792, 'ign_c': 0.3277320296937064, 'trop_agb_crit': 2.4165727141234647, 'trop_k_veg': 1.4327328555223249, 'fuel_k': 0.024304286905830974, 'fuel_half': 0.6370755274604819}.
[I 2026-08-14 14:06:20,498] Trial 153 finished with values: [-0.3554625854118624, 0.0] and parameters: {'k1': 0.006551173063184816, 'D_low': 18.957670432509364, 'k2': 3.511445258128687e-05, 'D_high': 12.22553839755208, 'fire_exp': 2.2417519634313736, 'P_half': 228.9131530683704, 'pre_dampen_half': 0.9145768948268035, 'gpp_af': 0.15394819813084212, 'gpp_b': 2.660432024638607, 'gpp_d': 0.5511595477601763, 'ign_k': 0.1137517159258866, 'ign_c': 136.33647183120036, 'trop_agb_crit': 3.8524922362032497, 'trop_k_veg': 2.8056728593013704, 'fuel_k': 2.487578621230957, 'fuel_half': 70.56053596739233}.
[I 2026-08-14 14:06:22,015] Trial 154 finished with values: [-0.3554625854118624, 0.0] and parameters: {'k1': 0.00014001191914113747, 'D_low': 10748.712866171665, 'k2': 0.0010495653625093638, 'D_high': 42.13582405709726, 'fire_exp': 6.64661557126371, 'P_half': 5.178197947282869, 'pre_dampen_half': 18.35399205020776, 'gpp_af': 0.4085228003668622, 'gpp_b': 2.705776113447921, 'gpp_d': 0.028604435659156362, 'ign_k': 0.7745825831079145, 'ign_c': 631.3175583634933, 'trop_agb_crit': 25.360745838025757, 'trop_k_veg': 1.5039265596561597, 'fuel_k': 0.7178629801075029, 'fuel_half': 42.892621277245716}.
[I 2026-08-14 14:06:23,553] Trial 155 finished with values: [-0.3778338260858818, 8.929459394124706e-10] and parameters: {'k1': 0.00014888230597983555, 'D_low': 93.75345303884801, 'k2': 0.08636422432723088, 'D_high': 39079.671568228776, 'fire_exp': 6.64661557126371, 'P_half': 1440.3650379563878, 'pre_dampen_half': 0.043181981126981975, 'gpp_af': 6.940121430516967, 'gpp_b': 0.040428727350273294, 'gpp_d': 34.70266988650411, 'ign_k': 0.0012087541473056963, 'ign_c': 0.21947742689197342, 'trop_agb_crit': 1.1921754348704765, 'trop_k_veg': 0.9008485225328876, 'fuel_k': 0.02496045629458217, 'fuel_half': 0.35498788321965025}.
[I 2026-08-14 14:06:25,273] Trial 156 finished with values: [-0.355483382087449, 0.0] and parameters: {'k1': 0.05554169083020911, 'D_low': 2.0349553327469425, 'k2': 0.001906534551939351, 'D_high': 392.2836933531829, 'fire_exp': 4.121043764940998, 'P_half': 9124.632886689908, 'pre_dampen_half': 0.03411860497758073, 'gpp_af': 0.3905244791300363, 'gpp_b': 1.8375468962060828, 'gpp_d': 3.0023172465753074, 'ign_k': 0.567034633562729, 'ign_c': 0.3296550135838091, 'trop_agb_crit': 2.3118820898020997, 'trop_k_veg': 1.128469461526162, 'fuel_k': 1.772261104101594, 'fuel_half': 26.9364391631794}.
[I 2026-08-14 14:06:26,867] Trial 157 finished with values: [-0.3554625854118624, 0.0] and parameters: {'k1': 0.000132965214572995, 'D_low': 1803.7506431281838, 'k2': 0.03589155871450837, 'D_high': 625838.668783032, 'fire_exp': 9.92285938457466, 'P_half': 2.1234210963705626, 'pre_dampen_half': 233.2883871089531, 'gpp_af': 0.009853225172032555, 'gpp_b': 1.2528074983135014, 'gpp_d': 0.17248070105409813, 'ign_k': 0.06341274324516308, 'ign_c': 0.32857737869796977, 'trop_agb_crit': 25.659550869174797, 'trop_k_veg': 0.6139438440498544, 'fuel_k': 0.04317221150048559, 'fuel_half': 10.353854394033835}.
[I 2026-08-14 14:06:28,410] Trial 158 finished with values: [-0.3554625854118624, 0.0] and parameters: {'k1': 0.0021608491389795734, 'D_low': 157174.9522208872, 'k2': 0.0789912944297869, 'D_high': 8265411.247641901, 'fire_exp': 4.990702868230404, 'P_half': 139.43938716215922, 'pre_dampen_half': 863.7352551163665, 'gpp_af': 0.005650468465378645, 'gpp_b': 0.12834738816570013, 'gpp_d': 0.8025170779205821, 'ign_k': 7.579797290136804, 'ign_c': 195.05135501755055, 'trop_agb_crit': 17.31064093621214, 'trop_k_veg': 3.7395846305448206, 'fuel_k': 0.5060112745891269, 'fuel_half': 1.7977492194881812}.
[I 2026-08-14 14:06:29,976] Trial 159 finished with values: [-0.3554625854118624, 0.0] and parameters: {'k1': 0.0015375920235481753, 'D_low': 529141.0588169728, 'k2': 0.07556810141274425, 'D_high': 447504.0191350906, 'fire_exp': 1.0362310858538248, 'P_half': 3795.8531426706395, 'pre_dampen_half': 868.1843415114087, 'gpp_af': 40.679084943595456, 'gpp_b': 3.395900933162749e-05, 'gpp_d': 0.24231943110844462, 'ign_k': 0.015058980408366392, 'ign_c': 98.40989343758308, 'trop_agb_crit': 1.8730954962803803, 'trop_k_veg': 0.8934118487032162, 'fuel_k': 4.517981047227402, 'fuel_half': 4.681702225035901}.
[I 2026-08-14 14:06:31,457] Trial 160 finished with values: [-0.38437548678751754, 0.16667922799022683] and parameters: {'k1': 0.0024005553432620355, 'D_low': 1.7887890916820506, 'k2': 7.67074891445376e-05, 'D_high': 1488557.8028512425, 'fire_exp': 8.26634592587193, 'P_half': 3.525936800597896, 'pre_dampen_half': 563.8801013171912, 'gpp_af': 42.29037995744429, 'gpp_b': 1.6569065206637924e-05, 'gpp_d': 0.012284844784580964, 'ign_k': 3.1030112026960985, 'ign_c': 0.18316165443932733, 'trop_agb_crit': 13.98132484257899, 'trop_k_veg': 1.7570501127699654, 'fuel_k': 1.6630228777630973, 'fuel_half': 35.2847426865637}.
[I 2026-08-14 14:06:33,016] Trial 161 finished with values: [-0.3554625854118624, 0.0] and parameters: {'k1': 0.0001226254315886001, 'D_low': 3478.435872358157, 'k2': 0.017300724838654365, 'D_high': 35.43989609792362, 'fire_exp': 1.1872731425335898, 'P_half': 3.525936800597896, 'pre_dampen_half': 72.64803074826723, 'gpp_af': 0.16983565276584273, 'gpp_b': 0.00012906175696809457, 'gpp_d': 119.48328168545434, 'ign_k': 3.1030112026960985, 'ign_c': 41.779950639915185, 'trop_agb_crit': 15.53776736258787, 'trop_k_veg': 0.6139438440498544, 'fuel_k': 0.8380096183572122, 'fuel_half': 0.22264204303769677}.
[I 2026-08-14 14:06:34,570] Trial 162 finished with values: [-0.3554625854118624, 0.0] and parameters: {'k1': 2.143851363193518e-05, 'D_low': 4158.269729781509, 'k2': 9.580682294110428e-05, 'D_high': 2166.5747840614713, 'fire_exp': 1.9439887028475722, 'P_half': 26.466155867114797, 'pre_dampen_half': 0.03411860497758073, 'gpp_af': 0.0023751383317256927, 'gpp_b': 0.23395511097933275, 'gpp_d': 3.0023172465753074, 'ign_k': 0.4515279736389136, 'ign_c': 558.8805005991976, 'trop_agb_crit': 2.3118820898020997, 'trop_k_veg': 0.907369149674874, 'fuel_k': 1.6630228777630973, 'fuel_half': 0.6120573715537153}.
[I 2026-08-14 14:06:36,025] Trial 163 finished with values: [-0.3554625854118624, 0.0] and parameters: {'k1': 0.0015974581244256687, 'D_low': 3.325987092445845, 'k2': 0.0011619873314872927, 'D_high': 866.4406862241786, 'fire_exp': 6.2400230621325194, 'P_half': 139.43938716215922, 'pre_dampen_half': 1.5662356447891177, 'gpp_af': 11.721281564387027, 'gpp_b': 1.4193988874743626e-05, 'gpp_d': 0.0650256491919448, 'ign_k': 4.402595019759702, 'ign_c': 195.05135501755055, 'trop_agb_crit': 4.018584329485901, 'trop_k_veg': 3.7395846305448206, 'fuel_k': 0.027202308755889835, 'fuel_half': 1.7977492194881812}.
[I 2026-08-14 14:06:37,400] Trial 164 finished with values: [-0.37649752223836863, 4.5399779713406474e-08] and parameters: {'k1': 0.0010204225357677778, 'D_low': 3735.16768760467, 'k2': 0.001906534551939351, 'D_high': 38.287672160557875, 'fire_exp': 1.6214575867079866, 'P_half': 3910.3637457741784, 'pre_dampen_half': 0.05016722470997861, 'gpp_af': 0.11022143612695982, 'gpp_b': 1.6569065206637924e-05, 'gpp_d': 2.292633983096564, 'ign_k': 0.6138509947844857, 'ign_c': 0.18316165443932733, 'trop_agb_crit': 3.5522713231614182, 'trop_k_veg': 1.7570501127699654, 'fuel_k': 0.28630931797361614, 'fuel_half': 26.9364391631794}.
[I 2026-08-14 14:06:38,623] Trial 165 finished with values: [-0.3554625854118624, 0.0] and parameters: {'k1': 0.0032930213963426706, 'D_low': 870485.2054190773, 'k2': 0.0006579066240690734, 'D_high': 58257.048833920686, 'fire_exp': 3.8398504643167155, 'P_half': 532.1216007763549, 'pre_dampen_half': 63.26147292744763, 'gpp_af': 0.02539896080949815, 'gpp_b': 5.040445281577146, 'gpp_d': 1.14605265271501, 'ign_k': 0.024858393940748243, 'ign_c': 522.5364338164354, 'trop_agb_crit': 16.86264052240002, 'trop_k_veg': 0.8423458720358215, 'fuel_k': 0.02214708063365415, 'fuel_half': 15.581254655530845}.
[I 2026-08-14 14:06:39,985] Trial 166 finished with values: [-0.3554625854118624, 0.0] and parameters: {'k1': 0.00014001191914113747, 'D_low': 3507.515213502105, 'k2': 1.3243445838637965e-05, 'D_high': 16.752866684650684, 'fire_exp': 7.7991371065266675, 'P_half': 3795.8531426706395, 'pre_dampen_half': 0.043181981126981975, 'gpp_af': 0.325975879331736, 'gpp_b': 0.4168322557207811, 'gpp_d': 0.11997897226934479, 'ign_k': 0.006039096247545781, 'ign_c': 0.21947742689197342, 'trop_agb_crit': 1.1921754348704765, 'trop_k_veg': 2.1816482703680733, 'fuel_k': 2.0061257262909367, 'fuel_half': 8.17127270071559}.
[I 2026-08-14 14:06:41,151] Trial 167 finished with values: [-0.4138544304685472, 0.001034135087419008] and parameters: {'k1': 2.27847364377152e-05, 'D_low': 6220.638781359816, 'k2': 1.3243445838637965e-05, 'D_high': 16392.60991832772, 'fire_exp': 1.2310899049053081, 'P_half': 7.890004262668578, 'pre_dampen_half': 0.043181981126981975, 'gpp_af': 0.4085228003668622, 'gpp_b': 0.4168322557207811, 'gpp_d': 9.004606022643067, 'ign_k': 0.31014294272127446, 'ign_c': 0.11650681118986138, 'trop_agb_crit': 1.1921754348704765, 'trop_k_veg': 2.417028380770307, 'fuel_k': 0.018207179480706392, 'fuel_half': 0.3335026483569958}.
[I 2026-08-14 14:06:42,468] Trial 168 finished with values: [-0.46945828136397677, 0.01288144456061624] and parameters: {'k1': 0.0010204225357677778, 'D_low': 4.043300846639722, 'k2': 0.00010939944910100016, 'D_high': 160625.60954780428, 'fire_exp': 1.182396148413737, 'P_half': 1938.3858782150498, 'pre_dampen_half': 0.10609580257119508, 'gpp_af': 0.008983355849178878, 'gpp_b': 3.228689523591491e-05, 'gpp_d': 2.292633983096564, 'ign_k': 0.18170401889219123, 'ign_c': 3.0378658251922155, 'trop_agb_crit': 13.98132484257899, 'trop_k_veg': 3.715819581962784, 'fuel_k': 5.486054129200969, 'fuel_half': 2.100333410321807}.
[I 2026-08-14 14:06:43,623] Trial 169 finished with values: [-0.3554625854118624, 0.0] and parameters: {'k1': 0.0003713474360443033, 'D_low': 79359.08226154797, 'k2': 0.0005708731724249573, 'D_high': 1663.2295851843426, 'fire_exp': 1.0362310858538248, 'P_half': 5167.425813322413, 'pre_dampen_half': 54.70750401264757, 'gpp_af': 0.326288637536534, 'gpp_b': 6.049505313715197, 'gpp_d': 314.6826989726468, 'ign_k': 0.034321391362415854, 'ign_c': 14.935213816355384, 'trop_agb_crit': 21.825752290961518, 'trop_k_veg': 2.8224577471047865, 'fuel_k': 0.021123235354472927, 'fuel_half': 65.99277195883643}.
[I 2026-08-14 14:06:44,855] Trial 170 finished with values: [-0.3554625854118624, 0.0] and parameters: {'k1': 1.7926680648388784e-05, 'D_low': 177.51026696160926, 'k2': 0.00013894673469237192, 'D_high': 1627776.4805093438, 'fire_exp': 3.1323893237815805, 'P_half': 882.6264591983529, 'pre_dampen_half': 469.71569713904756, 'gpp_af': 70.695884676536, 'gpp_b': 1.815346247026201e-05, 'gpp_d': 1.14605265271501, 'ign_k': 8.696906396418683, 'ign_c': 226.77352235512825, 'trop_agb_crit': 16.86264052240002, 'trop_k_veg': 6.423535314325734, 'fuel_k': 0.02214708063365415, 'fuel_half': 3.601755030193045}.
[I 2026-08-14 14:06:46,160] Trial 171 finished with values: [-0.3554625854118624, 0.0] and parameters: {'k1': 0.006551173063184816, 'D_low': 18.957670432509364, 'k2': 3.511445258128687e-05, 'D_high': 12.22553839755208, 'fire_exp': 2.2417519634313736, 'P_half': 228.9131530683704, 'pre_dampen_half': 0.9145768948268035, 'gpp_af': 0.15394819813084212, 'gpp_b': 2.660432024638607, 'gpp_d': 0.5511595477601763, 'ign_k': 0.1137517159258866, 'ign_c': 136.33647183120036, 'trop_agb_crit': 3.8524922362032497, 'trop_k_veg': 2.8056728593013704, 'fuel_k': 2.487578621230957, 'fuel_half': 70.56053596739233}.
[I 2026-08-14 14:06:47,339] Trial 172 finished with values: [-0.4016491833760932, 0.055636192067407] and parameters: {'k1': 0.0029707920514735983, 'D_low': 4.043300846639722, 'k2': 4.17792831163654e-05, 'D_high': 123.47208531015808, 'fire_exp': 1.182396148413737, 'P_half': 2.1095259085905753, 'pre_dampen_half': 33.9790424311127, 'gpp_af': 0.022579970267080786, 'gpp_b': 0.07311344697279921, 'gpp_d': 1.105785410092522, 'ign_k': 0.0075985864315887865, 'ign_c': 0.4213183643253957, 'trop_agb_crit': 15.870971677383487, 'trop_k_veg': 3.324264218444254, 'fuel_k': 5.486054129200969, 'fuel_half': 18.202647368248826}.
[I 2026-08-14 14:06:48,675] Trial 173 finished with values: [-0.3554625854118624, 0.0] and parameters: {'k1': 1.7926680648388784e-05, 'D_low': 2.8627614274446977, 'k2': 1.263794633808287e-05, 'D_high': 44.39648242927527, 'fire_exp': 1.6733848721157607, 'P_half': 48.464976792190825, 'pre_dampen_half': 0.011501973785501987, 'gpp_af': 70.695884676536, 'gpp_b': 2.788681037423117, 'gpp_d': 285.57196407381804, 'ign_k': 0.12906379659404604, 'ign_c': 937.2580613581177, 'trop_agb_crit': 16.86264052240002, 'trop_k_veg': 2.3220791324604515, 'fuel_k': 0.06382243375381637, 'fuel_half': 15.581254655530845}.
[I 2026-08-14 14:06:49,883] Trial 174 finished with values: [-0.3554625854118624, 0.0] and parameters: {'k1': 0.0001226254315886001, 'D_low': 66204.20614596555, 'k2': 0.00013431925993528124, 'D_high': 116.04789380012717, 'fire_exp': 5.6313789308320565, 'P_half': 3.525936800597896, 'pre_dampen_half': 563.8801013171912, 'gpp_af': 0.11563475499641605, 'gpp_b': 0.0017065087316216368, 'gpp_d': 76.2192732934521, 'ign_k': 0.02307884981527798, 'ign_c': 84.89840783024046, 'trop_agb_crit': 18.534450766991437, 'trop_k_veg': 1.6425942005223328, 'fuel_k': 1.2190833389450217, 'fuel_half': 35.2847426865637}.
[I 2026-08-14 14:06:51,157] Trial 175 finished with values: [-0.3554625854118624, 0.0] and parameters: {'k1': 1.7926680648388784e-05, 'D_low': 177.51026696160926, 'k2': 0.0006579066240690734, 'D_high': 1627776.4805093438, 'fire_exp': 1.6733848721157607, 'P_half': 4023.759749324184, 'pre_dampen_half': 0.016874538403502292, 'gpp_af': 70.695884676536, 'gpp_b': 5.040445281577146, 'gpp_d': 1.14605265271501, 'ign_k': 0.06647020392311619, 'ign_c': 937.2580613581177, 'trop_agb_crit': 16.86264052240002, 'trop_k_veg': 2.3220791324604515, 'fuel_k': 0.02214708063365415, 'fuel_half': 35.77838574843288}.
[I 2026-08-14 14:06:52,322] Trial 176 finished with values: [-0.3554625854118624, 0.0] and parameters: {'k1': 9.969469187531805e-05, 'D_low': 864.0717009254879, 'k2': 0.00027790450547968067, 'D_high': 8433503.858791472, 'fire_exp': 8.26634592587193, 'P_half': 3.525936800597896, 'pre_dampen_half': 563.8801013171912, 'gpp_af': 42.29037995744429, 'gpp_b': 0.00012906175696809457, 'gpp_d': 6.913948698657619, 'ign_k': 3.1030112026960985, 'ign_c': 84.89840783024046, 'trop_agb_crit': 15.53776736258787, 'trop_k_veg': 1.140286245977296, 'fuel_k': 0.8380096183572122, 'fuel_half': 35.2847426865637}.
