[I 2026-08-20 01:19:27,507] Trial 2112 finished with value: 0.5818121463242216 and parameters: {'k1': 5.728028250407474e-05, 'D_low': 1.1967566894036445, 'k2': 0.00011202921720953354, 'D_high': 5410309.530695238, 'fire_exp': 4.020118709588131, 'P_half': 3.1940579301456133, 'pre_dampen_half': 0.2464842509256316, 'gpp_af': 0.18663339264717488, 'gpp_b': 7.474959263691257e-05, 'gpp_d': 964.7148330824767, 'ign_k': 0.12546592268395082, 'ign_c': 43.25107373545864, 'trop_agb_crit': 5.179367343183263, 'trop_k_veg': 1.0950832162372077, 'pop_amp': 1.1050591675646229, 'pop_peak': 1.4754503058119455, 'pop_sig': 1.2589891363994878}. Best is trial 1128 with value: -0.620386984093161.
[I 2026-08-20 01:19:29,141] Trial 2113 finished with value: 0.4419589825217376 and parameters: {'k1': 0.00018169443887916113, 'D_low': 17.41598833564459, 'k2': 0.003707946540681739, 'D_high': 1883947.2944128336, 'fire_exp': 2.1176150892839036, 'P_half': 2.5762741951304466, 'pre_dampen_half': 9.950281938504679, 'gpp_af': 0.023366359061286215, 'gpp_b': 0.00014531812051228596, 'gpp_d': 15.811220053393468, 'ign_k': 2.4990335433662096, 'ign_c': 6.207329519317892, 'trop_agb_crit': 3.5456768350724626, 'trop_k_veg': 6.352910592390724, 'pop_amp': 1.0152491999846902, 'pop_peak': 6.203436854965, 'pop_sig': 0.5529724530695179}. Best is trial 1128 with value: -0.620386984093161.
[I 2026-08-20 01:19:30,741] Trial 2114 finished with value: 0.5340449142715695 and parameters: {'k1': 4.6619773426703374e-05, 'D_low': 4.720541196126509, 'k2': 0.080367110514848, 'D_high': 91818.3428711103, 'fire_exp': 6.43993659317316, 'P_half': 1.462163334854003, 'pre_dampen_half': 34.49060309774945, 'gpp_af': 64.40734607071064, 'gpp_b': 0.01989717211509662, 'gpp_d': 18.65090956640474, 'ign_k': 9.172921900446141, 'ign_c': 21.30768003126611, 'trop_agb_crit': 1.4474942744173764, 'trop_k_veg': 4.192237744373959, 'pop_amp': 8.015322048184572, 'pop_peak': 8.585411506303311, 'pop_sig': 0.28219583037134893}. Best is trial 1128 with value: -0.620386984093161.
[I 2026-08-20 01:19:32,314] Trial 2115 finished with value: 0.41945491685393455 and parameters: {'k1': 0.000933738046846384, 'D_low': 1439.1314197682896, 'k2': 0.003495340578184793, 'D_high': 7399280.502489776, 'fire_exp': 1.3760745193835642, 'P_half': 108.77637828439423, 'pre_dampen_half': 18.69286303724269, 'gpp_af': 0.13221832420390028, 'gpp_b': 0.00017197593445871884, 'gpp_d': 115.29294301860034, 'ign_k': 1.332309774956181, 'ign_c': 6.8856641143791055, 'trop_agb_crit': 28.49918299138541, 'trop_k_veg': 4.217634826268815, 'pop_amp': 0.0022649561693168126, 'pop_peak': 39.55310214601263, 'pop_sig': 0.7417578404726584}. Best is trial 1128 with value: -0.620386984093161.
[I 2026-08-20 01:19:34,137] Trial 2116 finished with value: 0.39968140279589637 and parameters: {'k1': 0.005275799206589221, 'D_low': 90.10526236103516, 'k2': 0.0005077368234426201, 'D_high': 135864.10493903822, 'fire_exp': 2.025022888144217, 'P_half': 227.77087993451687, 'pre_dampen_half': 1.986579418523871, 'gpp_af': 0.529674212721443, 'gpp_b': 0.00041284697997413306, 'gpp_d': 378.6551610743476, 'ign_k': 0.3699714676470597, 'ign_c': 0.45375496259978254, 'trop_agb_crit': 15.7285484063359, 'trop_k_veg': 1.6675135313060414, 'pop_amp': 2.6361256127266985, 'pop_peak': 24.017743633171317, 'pop_sig': 0.4333765817315748}. Best is trial 1128 with value: -0.620386984093161.
[I 2026-08-20 01:19:35,851] Trial 2117 finished with value: 0.6175560086496038 and parameters: {'k1': 0.006793093738350631, 'D_low': 21.82117179665206, 'k2': 0.0929136492594261, 'D_high': 710674.8822955568, 'fire_exp': 1.6606936856191832, 'P_half': 90.38000620566591, 'pre_dampen_half': 0.6894813425621743, 'gpp_af': 0.01798504278569741, 'gpp_b': 1.3551604876687181e-05, 'gpp_d': 938.1261449803343, 'ign_k': 1.2857508195382072, 'ign_c': 39.51098771633136, 'trop_agb_crit': 4.630618451443173, 'trop_k_veg': 6.49523468294962, 'pop_amp': 0.0010465398050987038, 'pop_peak': 13.690145433349869, 'pop_sig': 0.29574013050402065}. Best is trial 1128 with value: -0.620386984093161.
[I 2026-08-20 01:19:37,550] Trial 2118 finished with value: -0.5656402805200461 and parameters: {'k1': 0.0005771376308186705, 'D_low': 292.71310344817647, 'k2': 0.0026438616076255874, 'D_high': 215845.26529328836, 'fire_exp': 3.0228922353843894, 'P_half': 6.623659212255797, 'pre_dampen_half': 126.97598370417192, 'gpp_af': 0.001178552806859192, 'gpp_b': 8.312470309728937e-05, 'gpp_d': 4.917173595671278, 'ign_k': 0.18640200342744798, 'ign_c': 14.265662309441963, 'trop_agb_crit': 1.7819058999444672, 'trop_k_veg': 6.9313469419317455, 'pop_amp': 0.002921464011409247, 'pop_peak': 1.4391992259951931, 'pop_sig': 0.32357252748052306}. Best is trial 1128 with value: -0.620386984093161.
[I 2026-08-20 01:19:39,310] Trial 2119 finished with value: 0.5922303864920655 and parameters: {'k1': 9.991092791300012e-05, 'D_low': 9.161768786335218, 'k2': 0.0009585917889607589, 'D_high': 15710.41635200462, 'fire_exp': 2.61220912627402, 'P_half': 12.922198134729955, 'pre_dampen_half': 3.7216435557716605, 'gpp_af': 0.00441854989287302, 'gpp_b': 0.003340673574682718, 'gpp_d': 9.504058768616876, 'ign_k': 0.09639048010525782, 'ign_c': 2.7559431471525637, 'trop_agb_crit': 1.7859525522492725, 'trop_k_veg': 6.302633935758283, 'pop_amp': 0.0017548206575568183, 'pop_peak': 14.174927399773571, 'pop_sig': 0.2924698480196173}. Best is trial 1128 with value: -0.620386984093161.
[I 2026-08-20 01:19:41,077] Trial 2120 finished with value: 0.4515867564504287 and parameters: {'k1': 0.06479603204135927, 'D_low': 467.478655407399, 'k2': 0.00010164835559239601, 'D_high': 857844.4233705121, 'fire_exp': 1.0310219107777356, 'P_half': 9.718239531412614, 'pre_dampen_half': 26.730466034205527, 'gpp_af': 0.0071748957873881206, 'gpp_b': 2.206131528359437e-05, 'gpp_d': 388.55030249636985, 'ign_k': 4.1581333789162285, 'ign_c': 16.237865325807327, 'trop_agb_crit': 1.75985364594425, 'trop_k_veg': 2.852839320603442, 'pop_amp': 0.0011815430698615041, 'pop_peak': 7.159551336920078, 'pop_sig': 1.1378059511659995}. Best is trial 1128 with value: -0.620386984093161.
[I 2026-08-20 01:19:43,269] Trial 2121 finished with value: 0.6239035790801957 and parameters: {'k1': 6.0790327808195816e-05, 'D_low': 549.9098508926261, 'k2': 0.06233752599965264, 'D_high': 11.27663909692132, 'fire_exp': 3.1006827216471153, 'P_half': 7.56563877711977, 'pre_dampen_half': 0.014353739481115829, 'gpp_af': 2.906864397408522, 'gpp_b': 0.06911551851353323, 'gpp_d': 11.586226712006006, 'ign_k': 0.0036588513417147818, 'ign_c': 2.3950798121537544, 'trop_agb_crit': 7.492481154184847, 'trop_k_veg': 1.981197669040749, 'pop_amp': 0.008146026627704389, 'pop_peak': 0.08005770322934132, 'pop_sig': 2.4843566059978657}. Best is trial 1128 with value: -0.620386984093161.
[I 2026-08-20 01:19:45,060] Trial 2122 finished with value: 0.6187629659108232 and parameters: {'k1': 0.0009947313822460564, 'D_low': 1267.6942488038048, 'k2': 0.0071348672374489455, 'D_high': 85439.87423774338, 'fire_exp': 1.6386711717613016, 'P_half': 170.33972733494252, 'pre_dampen_half': 354.27116507080035, 'gpp_af': 0.10376109976867048, 'gpp_b': 7.234610852857925e-05, 'gpp_d': 291.58422013483727, 'ign_k': 0.3646647706004568, 'ign_c': 0.13055204059446773, 'trop_agb_crit': 1.9302468494956764, 'trop_k_veg': 3.031337274872202, 'pop_amp': 5.076951488947563, 'pop_peak': 0.07609332277295876, 'pop_sig': 1.282357404419408}. Best is trial 1128 with value: -0.620386984093161.
[I 2026-08-20 01:19:46,785] Trial 2123 finished with value: 0.6415705771798101 and parameters: {'k1': 0.024922197438762513, 'D_low': 1980.5220211049486, 'k2': 1.708309316994113e-05, 'D_high': 21931.16327021314, 'fire_exp': 6.674792052946887, 'P_half': 4762.557204913416, 'pre_dampen_half': 11.828116706024511, 'gpp_af': 2.496874298484931, 'gpp_b': 0.0007027773246677886, 'gpp_d': 0.05706214378956704, 'ign_k': 0.13959767760689468, 'ign_c': 23.584837366010014, 'trop_agb_crit': 4.902553302985992, 'trop_k_veg': 1.4693485169948224, 'pop_amp': 0.09356351120917715, 'pop_peak': 15.965011682941473, 'pop_sig': 0.48772299733219543}. Best is trial 1128 with value: -0.620386984093161.
[I 2026-08-20 01:19:48,478] Trial 2124 finished with value: 0.4918916107804855 and parameters: {'k1': 0.0006149899622176394, 'D_low': 455.0051630955728, 'k2': 0.00013931938728149726, 'D_high': 378201.03056905593, 'fire_exp': 3.8024378801832945, 'P_half': 153.48595759733172, 'pre_dampen_half': 5.683780882580619, 'gpp_af': 0.00648554730519927, 'gpp_b': 2.0023524212267674e-05, 'gpp_d': 401.41207991835876, 'ign_k': 0.2829467866944427, 'ign_c': 9.113394743906033, 'trop_agb_crit': 9.501355256892651, 'trop_k_veg': 0.9945274006550064, 'pop_amp': 0.01539050675188412, 'pop_peak': 34.79633666338146, 'pop_sig': 1.3317945560677535}. Best is trial 1128 with value: -0.620386984093161.
[I 2026-08-20 01:19:50,216] Trial 2125 finished with value: 0.6445374145881376 and parameters: {'k1': 0.020857971322701844, 'D_low': 30436.107507545767, 'k2': 0.018441754230422713, 'D_high': 2634419.9148150817, 'fire_exp': 6.111489501757991, 'P_half': 2.5973495733037235, 'pre_dampen_half': 0.9231449743953433, 'gpp_af': 45.174836789806875, 'gpp_b': 0.008040735778347557, 'gpp_d': 0.36728769301273384, 'ign_k': 1.9751906551599256, 'ign_c': 325.5915451063718, 'trop_agb_crit': 1.2538388477917286, 'trop_k_veg': 0.5577632178300921, 'pop_amp': 0.16960989090242876, 'pop_peak': 220.5655055637223, 'pop_sig': 1.7437482089187961}. Best is trial 1128 with value: -0.620386984093161.
[I 2026-08-20 01:19:51,905] Trial 2126 finished with value: 0.5963859128217935 and parameters: {'k1': 0.0005962358389578578, 'D_low': 1.3588259701969303, 'k2': 0.030025294222292755, 'D_high': 14805.110095328055, 'fire_exp': 2.1777934406201953, 'P_half': 9143.818892932084, 'pre_dampen_half': 0.12953087939807756, 'gpp_af': 0.013965203043282769, 'gpp_b': 0.04527581557310975, 'gpp_d': 331.33964079465187, 'ign_k': 0.33096361622325454, 'ign_c': 34.65364531012308, 'trop_agb_crit': 3.149293956870192, 'trop_k_veg': 7.659866490208014, 'pop_amp': 0.020231577786190183, 'pop_peak': 0.144656980936463, 'pop_sig': 2.0086148182899386}. Best is trial 1128 with value: -0.620386984093161.
[I 2026-08-20 01:19:53,635] Trial 2127 finished with value: 0.5710545585670966 and parameters: {'k1': 0.01893853648290827, 'D_low': 231.45704818413822, 'k2': 5.902702341859833e-05, 'D_high': 5793253.794523894, 'fire_exp': 3.8094170522040853, 'P_half': 502.8700296497512, 'pre_dampen_half': 118.15801948446219, 'gpp_af': 89.97512170016525, 'gpp_b': 0.0016888401742460417, 'gpp_d': 74.37696908400504, 'ign_k': 0.023893223425921605, 'ign_c': 1.6822911537460943, 'trop_agb_crit': 15.84619542023907, 'trop_k_veg': 1.9993907509994127, 'pop_amp': 16.837535549078073, 'pop_peak': 204.37235603823763, 'pop_sig': 0.4153897154345184}. Best is trial 1128 with value: -0.620386984093161.
[I 2026-08-20 01:19:55,427] Trial 2128 finished with value: 0.4569208880189226 and parameters: {'k1': 0.0008140856156780513, 'D_low': 20.820811872985203, 'k2': 0.004807360689278705, 'D_high': 2946549.595753292, 'fire_exp': 1.0525679692887289, 'P_half': 1.5869712494384831, 'pre_dampen_half': 0.221346265550589, 'gpp_af': 0.002160629080479298, 'gpp_b': 1.8161660224102244e-05, 'gpp_d': 140.3269523233577, 'ign_k': 0.1610782609462108, 'ign_c': 10.780366802201607, 'trop_agb_crit': 1.2575946405600609, 'trop_k_veg': 7.137890499617947, 'pop_amp': 0.004071649270615366, 'pop_peak': 0.503706824958749, 'pop_sig': 0.41654605312300386}. Best is trial 1128 with value: -0.620386984093161.
[I 2026-08-20 01:19:57,093] Trial 2129 finished with value: 0.5539675120053645 and parameters: {'k1': 3.248833449210784e-05, 'D_low': 243.5343766909774, 'k2': 0.003018129044948801, 'D_high': 6366895.3135424685, 'fire_exp': 3.859948876363565, 'P_half': 75.30204174506025, 'pre_dampen_half': 0.20843390887876445, 'gpp_af': 0.014499247252908942, 'gpp_b': 7.825151776324103e-05, 'gpp_d': 212.0854612870189, 'ign_k': 0.6546897460701274, 'ign_c': 3.219583183014329, 'trop_agb_crit': 3.0202435130454366, 'trop_k_veg': 0.8879361901830046, 'pop_amp': 1.0177453603263609, 'pop_peak': 357.8876486259962, 'pop_sig': 1.6330732305818245}. Best is trial 1128 with value: -0.620386984093161.
[I 2026-08-20 01:19:58,743] Trial 2130 finished with value: -0.5938292832041014 and parameters: {'k1': 0.0010999455670403539, 'D_low': 9.253944104101693, 'k2': 7.405219709084529e-05, 'D_high': 1622175.7930366043, 'fire_exp': 2.186494252417459, 'P_half': 68.01990245332111, 'pre_dampen_half': 2.951063020394258, 'gpp_af': 0.03476173326475808, 'gpp_b': 1.5702750472981874e-05, 'gpp_d': 40.482128017704554, 'ign_k': 8.478838126445257, 'ign_c': 10.965921943907055, 'trop_agb_crit': 14.223419009357814, 'trop_k_veg': 3.9226323478392016, 'pop_amp': 0.0014495645394247954, 'pop_peak': 1.2130223238636924, 'pop_sig': 0.5822402548793228}. Best is trial 1128 with value: -0.620386984093161.
[I 2026-08-20 01:20:00,361] Trial 2131 finished with value: -0.5471680677096519 and parameters: {'k1': 0.00223523672057544, 'D_low': 1439.9060539600364, 'k2': 0.00011822768041996384, 'D_high': 188601.49141865343, 'fire_exp': 5.800388098592837, 'P_half': 52.43805733989755, 'pre_dampen_half': 34.99714515045467, 'gpp_af': 0.028282490212794102, 'gpp_b': 0.00036349298557161383, 'gpp_d': 0.29073608723315175, 'ign_k': 0.34052120197445546, 'ign_c': 7.702588823601619, 'trop_agb_crit': 10.154945678510884, 'trop_k_veg': 2.4051693016956617, 'pop_amp': 7.365966263417054, 'pop_peak': 1.591213140903608, 'pop_sig': 0.3714882989207397}. Best is trial 1128 with value: -0.620386984093161.
[I 2026-08-20 01:20:01,896] Trial 2132 finished with value: 0.4011557946041968 and parameters: {'k1': 0.0015024767068778134, 'D_low': 1.3251876077757496, 'k2': 1.7804438420081158e-05, 'D_high': 2732256.5415179245, 'fire_exp': 2.1080455236017763, 'P_half': 180.30234561431863, 'pre_dampen_half': 27.194655689414883, 'gpp_af': 0.08968431305372636, 'gpp_b': 3.599403983773211e-05, 'gpp_d': 50.37306113533647, 'ign_k': 3.1660630448353806, 'ign_c': 7.524161931996973, 'trop_agb_crit': 8.162723735956364, 'trop_k_veg': 4.6497293530008905, 'pop_amp': 0.004009754345434091, 'pop_peak': 1.01195002090195, 'pop_sig': 1.2726927887086794}. Best is trial 1128 with value: -0.620386984093161.
[I 2026-08-20 01:20:03,944] Trial 2133 finished with value: 0.5605399079497011 and parameters: {'k1': 0.0004353741694617698, 'D_low': 2.573193030124502, 'k2': 0.007069785783466402, 'D_high': 8655768.59058845, 'fire_exp': 2.218459983484308, 'P_half': 399.6150291787135, 'pre_dampen_half': 48.221386886333406, 'gpp_af': 0.002480516701590383, 'gpp_b': 0.002261200039059857, 'gpp_d': 953.8940442996172, 'ign_k': 7.542716722489083, 'ign_c': 3.3888666371680576, 'trop_agb_crit': 3.7820945026580395, 'trop_k_veg': 7.8659698161833225, 'pop_amp': 0.0030426913334345796, 'pop_peak': 3.583650139009269, 'pop_sig': 0.5946923089013527}. Best is trial 1128 with value: -0.620386984093161.
[I 2026-08-20 01:20:05,544] Trial 2134 finished with value: -0.580595079914162 and parameters: {'k1': 0.0006579327097528768, 'D_low': 108.18719280154461, 'k2': 4.972096618096728e-05, 'D_high': 2698656.070689411, 'fire_exp': 2.2449805604221513, 'P_half': 14.730531621606355, 'pre_dampen_half': 1.5155429716297661, 'gpp_af': 0.03264148421533624, 'gpp_b': 3.617374866532214e-05, 'gpp_d': 2.9726097269298926, 'ign_k': 3.8781224786118567, 'ign_c': 1.6489807401323648, 'trop_agb_crit': 9.275973546942922, 'trop_k_veg': 2.025368986640544, 'pop_amp': 0.0013339115525168189, 'pop_peak': 0.5918437593190151, 'pop_sig': 0.6649609390145221}. Best is trial 1128 with value: -0.620386984093161.
[I 2026-08-20 01:20:07,079] Trial 2135 finished with value: 0.42640806025683964 and parameters: {'k1': 0.004372522749527907, 'D_low': 3.9275556134664065, 'k2': 4.0734307086832485e-05, 'D_high': 2515640.250109551, 'fire_exp': 1.5957573028802805, 'P_half': 12.417285692160956, 'pre_dampen_half': 7.3077274932280485, 'gpp_af': 0.01483182968522322, 'gpp_b': 1.3631814603945103e-05, 'gpp_d': 14.72916268002437, 'ign_k': 7.80148123871144, 'ign_c': 10.247407317488461, 'trop_agb_crit': 28.55914436896028, 'trop_k_veg': 3.1795550176615115, 'pop_amp': 0.007010910353717, 'pop_peak': 0.2582059670457768, 'pop_sig': 0.8211460978236834}. Best is trial 1128 with value: -0.620386984093161.
[I 2026-08-20 01:20:08,612] Trial 2136 finished with value: 0.44154570391476977 and parameters: {'k1': 1.2550397505040294e-05, 'D_low': 45.116227809605775, 'k2': 0.005461208940217055, 'D_high': 44835.33727207592, 'fire_exp': 1.3147846851042664, 'P_half': 14.089953989183652, 'pre_dampen_half': 2.4792417171359418, 'gpp_af': 0.14354152510412338, 'gpp_b': 0.00014669148927618024, 'gpp_d': 37.077959018990065, 'ign_k': 2.8912788933797904, 'ign_c': 10.140509049628916, 'trop_agb_crit': 3.057142844654412, 'trop_k_veg': 0.7430522194695875, 'pop_amp': 1.9138703003286062, 'pop_peak': 56.6603308026134, 'pop_sig': 1.7411654091052957}. Best is trial 1128 with value: -0.620386984093161.
[I 2026-08-20 01:20:10,154] Trial 2137 finished with value: 0.566057366960569 and parameters: {'k1': 6.113488985417708e-05, 'D_low': 2.7374540829239016, 'k2': 4.0103472046754636e-05, 'D_high': 223220.5772939397, 'fire_exp': 1.3916407250443117, 'P_half': 26.51782185184041, 'pre_dampen_half': 2.0974077267113667, 'gpp_af': 0.2742532341956054, 'gpp_b': 3.7262330068744475e-05, 'gpp_d': 9.614126508546681, 'ign_k': 3.670082732322208, 'ign_c': 28.34574338147844, 'trop_agb_crit': 22.50689608169878, 'trop_k_veg': 4.907104790353836, 'pop_amp': 0.0076355725082903735, 'pop_peak': 1.6906490041032938, 'pop_sig': 0.5438220625590005}. Best is trial 1128 with value: -0.620386984093161.
[I 2026-08-20 01:20:11,727] Trial 2138 finished with value: 0.5962726316570469 and parameters: {'k1': 0.0052666336083264514, 'D_low': 5.29398702746495, 'k2': 3.8010003087367876e-05, 'D_high': 728980.0789266233, 'fire_exp': 1.392722344459016, 'P_half': 34.43105813551978, 'pre_dampen_half': 4.328464470196127, 'gpp_af': 0.01093905264232406, 'gpp_b': 0.003402403821321024, 'gpp_d': 679.3395111863967, 'ign_k': 0.40899964461851196, 'ign_c': 42.017585654308846, 'trop_agb_crit': 3.3510178366324976, 'trop_k_veg': 1.570335585335287, 'pop_amp': 0.008858757592376297, 'pop_peak': 55.06603764001116, 'pop_sig': 1.183150868542026}. Best is trial 1128 with value: -0.620386984093161.
[I 2026-08-20 01:20:13,267] Trial 2139 finished with value: 0.5232661471145087 and parameters: {'k1': 0.0002795887936946047, 'D_low': 92.6323082301547, 'k2': 0.002684907941084433, 'D_high': 1450533.203270853, 'fire_exp': 3.8250328562476525, 'P_half': 4.290236829714058, 'pre_dampen_half': 0.020182070659725826, 'gpp_af': 0.02037652161359945, 'gpp_b': 3.89766854063538e-05, 'gpp_d': 268.0043112838696, 'ign_k': 4.005005075469611, 'ign_c': 9.244414385244268, 'trop_agb_crit': 3.660743631871428, 'trop_k_veg': 3.6452011701337703, 'pop_amp': 3.6507861721071913, 'pop_peak': 616.5124366142832, 'pop_sig': 0.2546907768894709}. Best is trial 1128 with value: -0.620386984093161.
[I 2026-08-20 01:20:14,812] Trial 2140 finished with value: 0.6023971193310502 and parameters: {'k1': 0.0004506359023124913, 'D_low': 21820.746181022263, 'k2': 0.0002860471149812661, 'D_high': 40823.151291262526, 'fire_exp': 4.947288548167368, 'P_half': 98.2596366396138, 'pre_dampen_half': 1.0393287603415238, 'gpp_af': 0.9792562018954214, 'gpp_b': 0.0013287159004167146, 'gpp_d': 319.5762296071715, 'ign_k': 2.1952917988749556, 'ign_c': 0.11094331977598833, 'trop_agb_crit': 25.098430000525806, 'trop_k_veg': 5.276336793392923, 'pop_amp': 0.20390082995160946, 'pop_peak': 1.4547702636623072, 'pop_sig': 0.8613474160334816}. Best is trial 1128 with value: -0.620386984093161.
[I 2026-08-20 01:20:16,380] Trial 2141 finished with value: 0.6445374145881376 and parameters: {'k1': 0.029104770064999334, 'D_low': 158.23337344643946, 'k2': 0.00044787242170547315, 'D_high': 187977.95003652747, 'fire_exp': 1.3657268843720558, 'P_half': 9.171735370533245, 'pre_dampen_half': 1.3800632308404202, 'gpp_af': 0.0021997957707335512, 'gpp_b': 1.595962729678386e-05, 'gpp_d': 10.148958031895436, 'ign_k': 3.706717204327644, 'ign_c': 78.11904324149897, 'trop_agb_crit': 12.547116425345013, 'trop_k_veg': 2.9187243617234917, 'pop_amp': 0.004440419831660416, 'pop_peak': 7.997159201646498, 'pop_sig': 0.5616979481399438}. Best is trial 1128 with value: -0.620386984093161.
[I 2026-08-20 01:20:17,917] Trial 2142 finished with value: 0.420865347800221 and parameters: {'k1': 0.0013924901613986012, 'D_low': 2.8307971353778933, 'k2': 0.00012181653481321921, 'D_high': 83796.63628107776, 'fire_exp': 1.4639584421122056, 'P_half': 23.562513379362052, 'pre_dampen_half': 3.1522159591889904, 'gpp_af': 0.024747117983511514, 'gpp_b': 5.6505298813003965e-05, 'gpp_d': 322.7430656813854, 'ign_k': 9.269670860782952, 'ign_c': 8.93534188751044, 'trop_agb_crit': 13.7031018923046, 'trop_k_veg': 7.852474460072556, 'pop_amp': 0.006317683409002768, 'pop_peak': 0.2309534969310986, 'pop_sig': 0.581640975313715}. Best is trial 1128 with value: -0.620386984093161.
[I 2026-08-20 01:20:19,473] Trial 2143 finished with value: 0.6142825940092063 and parameters: {'k1': 0.0008676038028186002, 'D_low': 24940.675073239854, 'k2': 4.2116143514011765e-05, 'D_high': 217533.0329178419, 'fire_exp': 1.3825132114019523, 'P_half': 329.37366205571146, 'pre_dampen_half': 0.04802086261975654, 'gpp_af': 0.0283779771219664, 'gpp_b': 0.00022319646920195, 'gpp_d': 14.02964683336853, 'ign_k': 7.250337963968442, 'ign_c': 27.689217543600773, 'trop_agb_crit': 2.3556321878770135, 'trop_k_veg': 0.5877262645990887, 'pop_amp': 0.026690766380882167, 'pop_peak': 3.4114550704942905, 'pop_sig': 0.3020265599166792}. Best is trial 1128 with value: -0.620386984093161.
