[I 2026-07-25 00:38:28,540] Trial 1177 finished with value: 0.6172811619750564 and parameters: {'k1': 0.0008499290162705026, 'D_low': 3.634880742594657, 'k2': 0.009594572976766086, 'D_high': 12506.76778446482, 'fire_exp': 2.35223833906678, 'P_half': 19.70931340729402, 'pre_dampen_half': 939.1890193923335, 'gpp_af': 0.0027669925333547733, 'gpp_b': 0.04616778294312174, 'gpp_d': 14.542251926746252, 'ign_k': 0.013801640040055024, 'ign_c': 1.4553852677681767, 'trop_agb_crit': 22.9685939072453, 'trop_k_veg': 1.4001006198076156, 'gdp_gamma': 0.33572652841496514, 'cure_k': 0.014784294339081138, 'cure_p_min': 376.61184872381307, 'cure_gpp_ref': 0.7737728169644842, 'cure_agb_crit': 6.542606169260194, 'fuel_k': 0.7099574523155212, 'fuel_half': 90.65454173737814}. Best is trial 1132 with value: -0.6317570269256394.
[I 2026-07-25 00:38:28,998] Trial 1178 finished with value: 0.43977144026226755 and parameters: {'k1': 2.765709136082134e-05, 'D_low': 1693.3103789500356, 'k2': 0.000440995628847683, 'D_high': 72999.13260672496, 'fire_exp': 1.2250590880992869, 'P_half': 162.88678415856035, 'pre_dampen_half': 0.8636547152013168, 'gpp_af': 0.03721446791359483, 'gpp_b': 0.0008648210429021132, 'gpp_d': 55.755753731698995, 'ign_k': 0.001552990662945852, 'ign_c': 24.032909634964724, 'trop_agb_crit': 27.632820532013966, 'trop_k_veg': 0.5094659939680736, 'gdp_gamma': 1.2861373709924577, 'cure_k': 0.0037409069129838456, 'cure_p_min': 92.17928830222345, 'cure_gpp_ref': 0.1059916239706761, 'cure_agb_crit': 1.3668044091480023, 'fuel_k': 0.1608998274767178, 'fuel_half': 51.49298971896871}. Best is trial 1132 with value: -0.6317570269256394.
[I 2026-07-25 00:38:29,458] Trial 1179 finished with value: -0.6040045062048868 and parameters: {'k1': 0.0692801871235759, 'D_low': 5219.73431022215, 'k2': 0.0001702827019486098, 'D_high': 2837531.5277157896, 'fire_exp': 1.9277871949590966, 'P_half': 135.35732502316787, 'pre_dampen_half': 0.36327797580856463, 'gpp_af': 0.9120661686564389, 'gpp_b': 0.3777992471159598, 'gpp_d': 621.5731475962774, 'ign_k': 0.3569698011389577, 'ign_c': 11.917390789120407, 'trop_agb_crit': 3.4489919810482395, 'trop_k_veg': 6.902775298850978, 'gdp_gamma': 1.474311390196037, 'cure_k': 0.0701403638524101, 'cure_p_min': 362.55461104085555, 'cure_gpp_ref': 1.5954489145783244, 'cure_agb_crit': 3.8313872680346908, 'fuel_k': 0.021646889267263235, 'fuel_half': 3.59646959398057}. Best is trial 1132 with value: -0.6317570269256394.
[I 2026-07-25 00:38:29,916] Trial 1180 finished with value: 0.5865834293304665 and parameters: {'k1': 0.012332733516795542, 'D_low': 9825.321667787484, 'k2': 6.593148993152768e-05, 'D_high': 28846.50930505308, 'fire_exp': 1.958176617080898, 'P_half': 82.86789119731633, 'pre_dampen_half': 0.024102434823126816, 'gpp_af': 0.28332280497536405, 'gpp_b': 0.030768492468525893, 'gpp_d': 52.71745540072295, 'ign_k': 0.2905045983336056, 'ign_c': 12.444046406535561, 'trop_agb_crit': 4.98823562847263, 'trop_k_veg': 7.57763969817274, 'gdp_gamma': 0.20804363584018232, 'cure_k': 0.01923064285698834, 'cure_p_min': 268.3692027718924, 'cure_gpp_ref': 1.3705562949148724, 'cure_agb_crit': 4.239698380503379, 'fuel_k': 0.011225619801220485, 'fuel_half': 6.5200842614826415}. Best is trial 1132 with value: -0.6317570269256394.
[I 2026-07-25 00:38:30,379] Trial 1181 finished with value: 0.5059114066932324 and parameters: {'k1': 0.00022320201808783728, 'D_low': 230.56063516698865, 'k2': 0.00014404228447435226, 'D_high': 9206378.892312186, 'fire_exp': 1.303160366223959, 'P_half': 265.84288520758713, 'pre_dampen_half': 2.281750764956599, 'gpp_af': 0.15872589922205765, 'gpp_b': 0.0007532607727366477, 'gpp_d': 15.518212829533564, 'ign_k': 2.588832532043493, 'ign_c': 1.2251677585979168, 'trop_agb_crit': 2.5233377942156165, 'trop_k_veg': 4.985434068042746, 'gdp_gamma': 0.4991962501218906, 'cure_k': 0.018180493284275765, 'cure_p_min': 300.43738324559536, 'cure_gpp_ref': 1.034660585844182, 'cure_agb_crit': 3.0236171291771092, 'fuel_k': 1.0329110442965115, 'fuel_half': 0.42906922452823476}. Best is trial 1132 with value: -0.6317570269256394.
[I 2026-07-25 00:38:30,838] Trial 1182 finished with value: -0.5914471085600053 and parameters: {'k1': 0.057443061454780134, 'D_low': 3571.461066518052, 'k2': 0.0005992873551988057, 'D_high': 4137488.8644823926, 'fire_exp': 1.1297444599545117, 'P_half': 3088.679840983699, 'pre_dampen_half': 0.02952256380918671, 'gpp_af': 0.36258752428893, 'gpp_b': 0.24279052861717987, 'gpp_d': 346.1251270355902, 'ign_k': 0.1453955319119588, 'ign_c': 1.1395901743847128, 'trop_agb_crit': 2.945407434812339, 'trop_k_veg': 1.8303187422628595, 'gdp_gamma': 1.2953469983854513, 'cure_k': 0.08555149668327929, 'cure_p_min': 344.44482331426065, 'cure_gpp_ref': 1.2633636468730123, 'cure_agb_crit': 2.4651695347049443, 'fuel_k': 0.01942808227827076, 'fuel_half': 10.290069964949666}. Best is trial 1132 with value: -0.6317570269256394.
[I 2026-07-25 00:38:31,302] Trial 1183 finished with value: 0.46892182471693866 and parameters: {'k1': 0.01024161219947371, 'D_low': 24505.56904411117, 'k2': 0.0007578988902537064, 'D_high': 644023.2727431176, 'fire_exp': 2.0882627150020086, 'P_half': 35.17341078267247, 'pre_dampen_half': 0.09237641476818556, 'gpp_af': 0.2611992407440843, 'gpp_b': 0.8605505106923859, 'gpp_d': 200.03427299518324, 'ign_k': 0.041191348403630264, 'ign_c': 22.411476637438934, 'trop_agb_crit': 2.598189514869709, 'trop_k_veg': 5.300360521394726, 'gdp_gamma': 0.9563700510801916, 'cure_k': 0.20046574509874795, 'cure_p_min': 338.01090258902343, 'cure_gpp_ref': 1.0741961468257286, 'cure_agb_crit': 2.241541308738727, 'fuel_k': 0.057817419362416224, 'fuel_half': 17.614897496382337}. Best is trial 1132 with value: -0.6317570269256394.
[I 2026-07-25 00:38:31,765] Trial 1184 finished with value: 0.5194091263055196 and parameters: {'k1': 1.4029403236334156e-05, 'D_low': 22.16727682196765, 'k2': 0.001315921735682063, 'D_high': 1368795.7103028137, 'fire_exp': 1.050909600364384, 'P_half': 101.22945850992608, 'pre_dampen_half': 0.2080958938591607, 'gpp_af': 0.1167005065890652, 'gpp_b': 0.22166242002429895, 'gpp_d': 43.31912041372623, 'ign_k': 0.0028102929149449772, 'ign_c': 2.100343867159119, 'trop_agb_crit': 17.328309120960196, 'trop_k_veg': 0.5563248985795399, 'gdp_gamma': 0.5125502021475724, 'cure_k': 0.06818224130879683, 'cure_p_min': 87.01562810608367, 'cure_gpp_ref': 0.10381083202467842, 'cure_agb_crit': 1.1556388284444878, 'fuel_k': 0.3640152236118174, 'fuel_half': 45.34107830962489}. Best is trial 1132 with value: -0.6317570269256394.
[I 2026-07-25 00:38:32,225] Trial 1185 finished with value: 0.40301292145345047 and parameters: {'k1': 0.015504598121289322, 'D_low': 23.478497204554117, 'k2': 0.04848842620406128, 'D_high': 1047118.7479785412, 'fire_exp': 1.9271282027747967, 'P_half': 199.88178086374293, 'pre_dampen_half': 445.49160891030374, 'gpp_af': 0.2592587538624853, 'gpp_b': 5.913662817736796e-05, 'gpp_d': 25.88570853638887, 'ign_k': 0.005377024159207974, 'ign_c': 2.4714829079688125, 'trop_agb_crit': 27.792190018010526, 'trop_k_veg': 0.7016693663764884, 'gdp_gamma': 0.41582859591721844, 'cure_k': 0.0027942381337122887, 'cure_p_min': 157.15092083584838, 'cure_gpp_ref': 0.5097022393689687, 'cure_agb_crit': 3.837863975347301, 'fuel_k': 0.5423940813914528, 'fuel_half': 23.354973342565245}. Best is trial 1132 with value: -0.6317570269256394.
[I 2026-07-25 00:38:32,685] Trial 1186 finished with value: 0.5807145792890537 and parameters: {'k1': 0.03537491782389034, 'D_low': 1.105259983100589, 'k2': 0.08342882053493296, 'D_high': 248353.30511535294, 'fire_exp': 3.2373650530220104, 'P_half': 208.57639708047924, 'pre_dampen_half': 557.5451378558041, 'gpp_af': 0.7731979904579535, 'gpp_b': 0.003011056649883564, 'gpp_d': 11.676783828142986, 'ign_k': 0.003180664880420413, 'ign_c': 32.008170754883984, 'trop_agb_crit': 25.801198529900486, 'trop_k_veg': 1.0779608214702643, 'gdp_gamma': 0.1317725251182662, 'cure_k': 0.024954617710375684, 'cure_p_min': 256.1967104847053, 'cure_gpp_ref': 1.8512264052405065, 'cure_agb_crit': 5.358239146934643, 'fuel_k': 0.3681844903045278, 'fuel_half': 63.18536245834526}. Best is trial 1132 with value: -0.6317570269256394.
[I 2026-07-25 00:38:33,181] Trial 1187 finished with value: 0.5961139818054415 and parameters: {'k1': 0.09736953165858367, 'D_low': 42397.09913472763, 'k2': 0.001832459032775197, 'D_high': 4939011.774521283, 'fire_exp': 1.569638890628135, 'P_half': 148.21973598977297, 'pre_dampen_half': 0.015192292384735689, 'gpp_af': 0.006715060970215067, 'gpp_b': 0.08135972839582487, 'gpp_d': 305.4445901784118, 'ign_k': 0.4620740007457202, 'ign_c': 300.10599915761526, 'trop_agb_crit': 6.374702362117368, 'trop_k_veg': 5.509856353528466, 'gdp_gamma': 1.9003846951260313, 'cure_k': 0.009089545807975894, 'cure_p_min': 320.6296246806484, 'cure_gpp_ref': 1.4495129480237685, 'cure_agb_crit': 4.127370996079264, 'fuel_k': 0.026039421713735536, 'fuel_half': 2.2727575176081807}. Best is trial 1132 with value: -0.6317570269256394.
[I 2026-07-25 00:38:33,667] Trial 1188 finished with value: 0.5478905358569257 and parameters: {'k1': 0.024184558912864328, 'D_low': 55034.37917312381, 'k2': 0.00021098169396794984, 'D_high': 5336874.729128846, 'fire_exp': 1.3268969099638157, 'P_half': 2765.9356286863294, 'pre_dampen_half': 0.9093552477065219, 'gpp_af': 0.8631651081859126, 'gpp_b': 0.05930043804888154, 'gpp_d': 695.6087885610306, 'ign_k': 0.12322784220908452, 'ign_c': 37.10707596900504, 'trop_agb_crit': 1.3281863349886778, 'trop_k_veg': 3.4026205529363587, 'gdp_gamma': 0.5073113609868989, 'cure_k': 0.048149798426492356, 'cure_p_min': 321.42014192485084, 'cure_gpp_ref': 1.4264269441080732, 'cure_agb_crit': 5.2883016660555375, 'fuel_k': 0.09450075427758911, 'fuel_half': 4.121267555844431}. Best is trial 1132 with value: -0.6317570269256394.
[I 2026-07-25 00:38:34,128] Trial 1189 finished with value: 0.5640750561737267 and parameters: {'k1': 0.04326322359823492, 'D_low': 93964.1146784703, 'k2': 0.00021014896906174167, 'D_high': 34932.44957277127, 'fire_exp': 3.3524360652995986, 'P_half': 126.83057151136903, 'pre_dampen_half': 0.6262613180048001, 'gpp_af': 0.3724641199358191, 'gpp_b': 0.16392833707426216, 'gpp_d': 553.712687953832, 'ign_k': 0.5350213018776777, 'ign_c': 11.103323731145625, 'trop_agb_crit': 3.1448880344843957, 'trop_k_veg': 6.755718495349424, 'gdp_gamma': 0.36407003203239935, 'cure_k': 0.06296968146954854, 'cure_p_min': 330.565321124154, 'cure_gpp_ref': 1.4272938215470699, 'cure_agb_crit': 5.2317866861262425, 'fuel_k': 0.05735249806060674, 'fuel_half': 0.8018945110740965}. Best is trial 1132 with value: -0.6317570269256394.
[I 2026-07-25 00:38:34,590] Trial 1190 finished with value: 0.5785728422732416 and parameters: {'k1': 1.322750930017302e-05, 'D_low': 452489.16542065976, 'k2': 0.0013222769565190088, 'D_high': 1788806.660785677, 'fire_exp': 1.1065211542220283, 'P_half': 1984.3921194983095, 'pre_dampen_half': 1.9731306566650213, 'gpp_af': 1.3564137861509742, 'gpp_b': 0.007388031886822995, 'gpp_d': 23.62934583851815, 'ign_k': 0.003971274372265547, 'ign_c': 2.461567618120878, 'trop_agb_crit': 28.968726632681655, 'trop_k_veg': 0.6963209307434914, 'gdp_gamma': 1.2434864115832533, 'cure_k': 0.007840539206101184, 'cure_p_min': 130.88424658110304, 'cure_gpp_ref': 0.07143779116905061, 'cure_agb_crit': 1.486520106425967, 'fuel_k': 1.0927542234776728, 'fuel_half': 31.181310719207623}. Best is trial 1132 with value: -0.6317570269256394.
[I 2026-07-25 00:38:35,050] Trial 1191 finished with value: 0.46428969365581585 and parameters: {'k1': 2.1087439779296713e-05, 'D_low': 3211.105210087085, 'k2': 0.0031465529755628895, 'D_high': 7596270.699945455, 'fire_exp': 1.889148935385563, 'P_half': 104.96062574602284, 'pre_dampen_half': 0.6500894364549039, 'gpp_af': 14.785517864489522, 'gpp_b': 0.0005210109439307566, 'gpp_d': 128.29709288590456, 'ign_k': 0.002147389789691289, 'ign_c': 11.255167780523458, 'trop_agb_crit': 17.634833903782894, 'trop_k_veg': 0.6307105419426196, 'gdp_gamma': 0.8922619417005142, 'cure_k': 0.005134912289726448, 'cure_p_min': 97.41935554608537, 'cure_gpp_ref': 0.10063768840338425, 'cure_agb_crit': 2.0793373667154746, 'fuel_k': 0.2487865652060904, 'fuel_half': 87.27127406352184}. Best is trial 1132 with value: -0.6317570269256394.
[I 2026-07-25 00:38:35,510] Trial 1192 finished with value: 0.5377974918222868 and parameters: {'k1': 0.034619500532511546, 'D_low': 3.1573332490293464, 'k2': 0.012455470757246243, 'D_high': 841874.3918304209, 'fire_exp': 2.5363176310298017, 'P_half': 4719.85932167445, 'pre_dampen_half': 52.602026536689536, 'gpp_af': 1.0236034352394547, 'gpp_b': 0.004862104802359032, 'gpp_d': 448.7039384851534, 'ign_k': 0.0014147685066205665, 'ign_c': 4.629338857056097, 'trop_agb_crit': 21.59181774746156, 'trop_k_veg': 0.5785065969408231, 'gdp_gamma': 0.33531833237924685, 'cure_k': 0.08266749709925715, 'cure_p_min': 267.8323960719553, 'cure_gpp_ref': 0.8105829364533028, 'cure_agb_crit': 2.8714466966428547, 'fuel_k': 0.13615254926918088, 'fuel_half': 92.42572035973264}. Best is trial 1132 with value: -0.6317570269256394.
[I 2026-07-25 00:38:35,969] Trial 1193 finished with value: 0.4953228437594912 and parameters: {'k1': 0.04994187125279695, 'D_low': 42966.57038148542, 'k2': 0.0007295462851024393, 'D_high': 1650746.125535043, 'fire_exp': 2.47580471296113, 'P_half': 33.159640762444106, 'pre_dampen_half': 57.79231349050903, 'gpp_af': 2.067622875677968, 'gpp_b': 0.26031803845907514, 'gpp_d': 113.28983151375306, 'ign_k': 0.028163644563979295, 'ign_c': 24.197703943533487, 'trop_agb_crit': 4.197088342204972, 'trop_k_veg': 6.9563651327958365, 'gdp_gamma': 0.31485976838299906, 'cure_k': 0.1255117529131835, 'cure_p_min': 273.88421802055024, 'cure_gpp_ref': 1.1321793667773614, 'cure_agb_crit': 3.9032298071160056, 'fuel_k': 0.06006765425319661, 'fuel_half': 7.174053647545431}. Best is trial 1132 with value: -0.6317570269256394.
[I 2026-07-25 00:38:36,431] Trial 1194 finished with value: 0.47931851778438606 and parameters: {'k1': 1.0886334186800408e-05, 'D_low': 11788.487186468345, 'k2': 0.0006039792765653441, 'D_high': 3160602.5323781935, 'fire_exp': 1.0117471642631433, 'P_half': 86.30355729340651, 'pre_dampen_half': 0.036971416942580534, 'gpp_af': 73.31249923239137, 'gpp_b': 0.08133436276513817, 'gpp_d': 908.6435533837348, 'ign_k': 0.001037581429767853, 'ign_c': 900.5047710276699, 'trop_agb_crit': 13.698762707932012, 'trop_k_veg': 0.6218895777258242, 'gdp_gamma': 1.9767666580428942, 'cure_k': 0.004007048307830244, 'cure_p_min': 128.64703539728416, 'cure_gpp_ref': 0.050296602194173375, 'cure_agb_crit': 1.2337184728638746, 'fuel_k': 1.9971274430712953, 'fuel_half': 32.97812646999367}. Best is trial 1132 with value: -0.6317570269256394.
[I 2026-07-25 00:38:36,891] Trial 1195 finished with value: -0.5766600803426463 and parameters: {'k1': 0.020063428642039447, 'D_low': 2443.402802365707, 'k2': 0.00041762322455048237, 'D_high': 5622580.885475521, 'fire_exp': 2.301589365472744, 'P_half': 166.19515004683416, 'pre_dampen_half': 0.016641269295306658, 'gpp_af': 55.846898202871095, 'gpp_b': 0.0022776400144204805, 'gpp_d': 523.2669578439138, 'ign_k': 0.0015020259869730067, 'ign_c': 2.164413152359441, 'trop_agb_crit': 3.4273417178600893, 'trop_k_veg': 5.27799984438808, 'gdp_gamma': 0.9432914215471179, 'cure_k': 0.08007369411546472, 'cure_p_min': 325.3984921904627, 'cure_gpp_ref': 0.9435151209518213, 'cure_agb_crit': 2.605582535278945, 'fuel_k': 0.019353249861697334, 'fuel_half': 2.4875352996580715}. Best is trial 1132 with value: -0.6317570269256394.
[I 2026-07-25 00:38:37,351] Trial 1196 finished with value: 0.408806323825296 and parameters: {'k1': 7.498313442621817e-05, 'D_low': 11.913627459750689, 'k2': 0.033185134991802964, 'D_high': 9523807.034987684, 'fire_exp': 1.7912878808724877, 'P_half': 25.2812366407487, 'pre_dampen_half': 7.767259814220751, 'gpp_af': 0.820353366891016, 'gpp_b': 0.0003148277934156597, 'gpp_d': 340.9746299836198, 'ign_k': 0.004307695700935912, 'ign_c': 52.15832159921062, 'trop_agb_crit': 8.633640805893565, 'trop_k_veg': 1.1277417576663704, 'gdp_gamma': 1.1226191229326659, 'cure_k': 0.0011023277432229044, 'cure_p_min': 206.0652411332994, 'cure_gpp_ref': 0.33619329705082107, 'cure_agb_crit': 2.1631361918939547, 'fuel_k': 0.029967591153760586, 'fuel_half': 5.590845949354352}. Best is trial 1132 with value: -0.6317570269256394.
[I 2026-07-25 00:38:37,809] Trial 1197 finished with value: 0.4461840486248674 and parameters: {'k1': 9.1800876707999e-05, 'D_low': 10.472091439374028, 'k2': 0.00022749329430780157, 'D_high': 3238362.233347717, 'fire_exp': 1.2511462477052475, 'P_half': 5.32429956218605, 'pre_dampen_half': 7.8601983944456695, 'gpp_af': 0.011115064565932607, 'gpp_b': 0.008198734078541573, 'gpp_d': 0.2463406010105813, 'ign_k': 0.002333264859608182, 'ign_c': 0.6380726376411712, 'trop_agb_crit': 1.9554048897652683, 'trop_k_veg': 1.7776132599289187, 'gdp_gamma': 0.7327439516481957, 'cure_k': 0.25871727781367493, 'cure_p_min': 296.3408882192211, 'cure_gpp_ref': 0.12719637433512845, 'cure_agb_crit': 1.0475206030124928, 'fuel_k': 0.465714947034862, 'fuel_half': 34.07288949502279}. Best is trial 1132 with value: -0.6317570269256394.
[I 2026-07-25 00:38:38,268] Trial 1198 finished with value: -0.5165671615717938 and parameters: {'k1': 0.009515146817697889, 'D_low': 19.077497968084494, 'k2': 0.008803300920694002, 'D_high': 4384564.171486634, 'fire_exp': 4.032362252289556, 'P_half': 43.75056435504415, 'pre_dampen_half': 953.9656617207751, 'gpp_af': 13.558033405252388, 'gpp_b': 0.00035755078412928303, 'gpp_d': 34.734497421379984, 'ign_k': 0.002268504807504679, 'ign_c': 5.9887503160069055, 'trop_agb_crit': 24.037292232752993, 'trop_k_veg': 0.7508296260142718, 'gdp_gamma': 1.6050035910551996, 'cure_k': 0.03376811246312998, 'cure_p_min': 319.10646263430607, 'cure_gpp_ref': 0.24730825569024256, 'cure_agb_crit': 2.483325932517955, 'fuel_k': 0.6116107398903597, 'fuel_half': 87.19234934793586}. Best is trial 1132 with value: -0.6317570269256394.
[I 2026-07-25 00:38:38,849] Trial 1199 finished with value: 0.5703753103645285 and parameters: {'k1': 0.05581797539116208, 'D_low': 8.58587062569467, 'k2': 0.0024676966939270175, 'D_high': 369370.3761535615, 'fire_exp': 2.2460684175846524, 'P_half': 935.6674433692453, 'pre_dampen_half': 5.833302533170379, 'gpp_af': 0.0010626972022297742, 'gpp_b': 0.009520870665084181, 'gpp_d': 814.1303466067563, 'ign_k': 0.1826256844950644, 'ign_c': 10.364906971270985, 'trop_agb_crit': 9.668555701404161, 'trop_k_veg': 1.9016033146754499, 'gdp_gamma': 0.1205849654310403, 'cure_k': 0.08794388178215988, 'cure_p_min': 285.26640129010286, 'cure_gpp_ref': 0.4981431854000773, 'cure_agb_crit': 3.0373207688108264, 'fuel_k': 1.609385102154585, 'fuel_half': 23.565082356198722}. Best is trial 1132 with value: -0.6317570269256394.
[I 2026-07-25 00:38:39,310] Trial 1200 finished with value: -0.5913116400112445 and parameters: {'k1': 0.03305399491789053, 'D_low': 6331.853258720881, 'k2': 5.145749941471059e-05, 'D_high': 8782927.909342457, 'fire_exp': 1.219172453238199, 'P_half': 55.25338280601151, 'pre_dampen_half': 1.8280849189211545, 'gpp_af': 0.9098981900321795, 'gpp_b': 0.712711193891656, 'gpp_d': 69.12397821828928, 'ign_k': 2.311331544979707, 'ign_c': 12.566686498096708, 'trop_agb_crit': 2.5786289794415738, 'trop_k_veg': 4.194104429099825, 'gdp_gamma': 0.3194670159230025, 'cure_k': 0.1403279463078581, 'cure_p_min': 236.8268743323541, 'cure_gpp_ref': 1.3865820526605601, 'cure_agb_crit': 4.890967498951161, 'fuel_k': 0.03210255964957684, 'fuel_half': 0.9782086566105226}. Best is trial 1132 with value: -0.6317570269256394.
[I 2026-07-25 00:38:39,768] Trial 1201 finished with value: 0.44661955150141786 and parameters: {'k1': 0.012936694862812426, 'D_low': 2150.667813786503, 'k2': 0.00020047045136361257, 'D_high': 2735046.5322225313, 'fire_exp': 2.6066779091810197, 'P_half': 811.3851319165276, 'pre_dampen_half': 0.8839088452687787, 'gpp_af': 0.23160282410753316, 'gpp_b': 1.7051264087474272, 'gpp_d': 370.2692729220163, 'ign_k': 1.8365017539083706, 'ign_c': 44.29311979297554, 'trop_agb_crit': 5.781267841363892, 'trop_k_veg': 4.351686544069117, 'gdp_gamma': 0.39781811285544355, 'cure_k': 0.356031942415288, 'cure_p_min': 358.7824828958879, 'cure_gpp_ref': 1.4481628856337339, 'cure_agb_crit': 1.8315030707086517, 'fuel_k': 0.01205739827752029, 'fuel_half': 0.501972062788055}. Best is trial 1132 with value: -0.6317570269256394.
[I 2026-07-25 00:38:40,225] Trial 1202 finished with value: 0.6081110408777677 and parameters: {'k1': 0.03778616337363328, 'D_low': 60597.860802829775, 'k2': 6.26616179689741e-05, 'D_high': 9621252.468788609, 'fire_exp': 2.7627327702186752, 'P_half': 864.46253503112, 'pre_dampen_half': 0.2537778865116148, 'gpp_af': 76.87208960132273, 'gpp_b': 0.12335852115632435, 'gpp_d': 46.74417470331441, 'ign_k': 0.1836663171514791, 'ign_c': 28.287855491488227, 'trop_agb_crit': 3.1275885424308196, 'trop_k_veg': 7.293071673489237, 'gdp_gamma': 1.2151196365503085, 'cure_k': 0.6270680408548159, 'cure_p_min': 390.0472243159226, 'cure_gpp_ref': 0.7147207229244096, 'cure_agb_crit': 6.663197865222872, 'fuel_k': 0.03289861395164323, 'fuel_half': 1.8347577140364977}. Best is trial 1132 with value: -0.6317570269256394.
