[I 2026-08-06 09:06:05,907] Trial 989 finished with values: [10.769230769178105, 10.769230769178105] and parameters: {'k1': 0.01889771394135163, 'D_low': 5.59983195169599, 'k2': 0.005082220961627801, 'D_high': 2940.51756322311, 'fire_exp': 1.0629462657398439, 'P_half': 12.808863354047988, 'pre_dampen_half': 84.1555415726906, 'gpp_af': 0.1476584299248268, 'gpp_b': 0.0005752434266899163, 'gpp_d': 84.31013932082456, 'ign_k': 8.708806168038567, 'ign_c': 370.11676346027537, 'trop_agb_crit': 7.500118950416987, 'trop_k_veg': 7.068179831629663}.
[I 2026-08-06 09:06:07,015] Trial 990 finished with values: [-0.6281440087340804, 0.4332953616929385] and parameters: {'k1': 0.03635503353478365, 'D_low': 70.18267183720735, 'k2': 0.03538758864779238, 'D_high': 2940.51756322311, 'fire_exp': 1.0362310858538248, 'P_half': 12.808863354047988, 'pre_dampen_half': 502.5175192217655, 'gpp_af': 0.1476584299248268, 'gpp_b': 0.0005752434266899163, 'gpp_d': 229.41380323183625, 'ign_k': 0.7895056976009632, 'ign_c': 8.40543912931368, 'trop_agb_crit': 25.382873076016292, 'trop_k_veg': 4.345076509212382}.
[I 2026-08-06 09:06:08,153] Trial 991 finished with values: [-0.60368020775073, 0.2679300737410891] and parameters: {'k1': 0.029626010885972713, 'D_low': 5.59983195169599, 'k2': 0.03538758864779238, 'D_high': 2940.51756322311, 'fire_exp': 1.0601964743503993, 'P_half': 4.213183643253957, 'pre_dampen_half': 552.4163637315892, 'gpp_af': 0.00515795696727661, 'gpp_b': 0.0005752434266899163, 'gpp_d': 8.571213555597648, 'ign_k': 0.12329098365270515, 'ign_c': 0.9580682294110432, 'trop_agb_crit': 10.965064494899984, 'trop_k_veg': 0.6743482387129308}.
[I 2026-08-06 09:06:09,260] Trial 992 finished with values: [-0.6017375048440374, 0.25199139236663026] and parameters: {'k1': 0.01889771394135163, 'D_low': 12.105387404469584, 'k2': 0.032845299795769424, 'D_high': 1177.190025324204, 'fire_exp': 1.1430983876313219, 'P_half': 97.0660675687761, 'pre_dampen_half': 552.4163637315892, 'gpp_af': 0.1476584299248268, 'gpp_b': 0.0005752434266899163, 'gpp_d': 1.493264336549928, 'ign_k': 1.4047969156119493, 'ign_c': 0.9580682294110432, 'trop_agb_crit': 25.382873076016292, 'trop_k_veg': 1.9938441068366917}.
[I 2026-08-06 09:06:10,432] Trial 993 finished with values: [10.365953842466508, 10.365953842466508] and parameters: {'k1': 0.01889771394135163, 'D_low': 70.18267183720735, 'k2': 0.012758211164590085, 'D_high': 2940.51756322311, 'fire_exp': 2.0673161422190134, 'P_half': 565.6383208363872, 'pre_dampen_half': 552.4163637315892, 'gpp_af': 0.1476584299248268, 'gpp_b': 0.0005752434266899163, 'gpp_d': 150.14555442537656, 'ign_k': 8.708806168038567, 'ign_c': 5.628756950174209, 'trop_agb_crit': 7.500118950416987, 'trop_k_veg': 2.520089655463604}.
[I 2026-08-06 09:06:11,539] Trial 994 finished with values: [10.018208203806697, 10.018208203806697] and parameters: {'k1': 0.008471801418819975, 'D_low': 5.59983195169599, 'k2': 0.00010439567055209041, 'D_high': 972.4201099820957, 'fire_exp': 1.0629462657398439, 'P_half': 12.808863354047988, 'pre_dampen_half': 552.4163637315892, 'gpp_af': 0.1476584299248268, 'gpp_b': 0.0005752434266899163, 'gpp_d': 150.14555442537656, 'ign_k': 5.351470428717437, 'ign_c': 20.03995359361212, 'trop_agb_crit': 25.382873076016292, 'trop_k_veg': 1.4584243470991722}.
[I 2026-08-06 09:06:12,710] Trial 995 finished with values: [10.193758387924317, 10.193758387924317] and parameters: {'k1': 0.029626010885972713, 'D_low': 5.59983195169599, 'k2': 0.032845299795769424, 'D_high': 2940.51756322311, 'fire_exp': 6.93220790804393, 'P_half': 5.232779509048979, 'pre_dampen_half': 552.4163637315892, 'gpp_af': 0.1476584299248268, 'gpp_b': 0.0005752434266899163, 'gpp_d': 2.944272359149677, 'ign_k': 5.351470428717437, 'ign_c': 8.40543912931368, 'trop_agb_crit': 25.382873076016292, 'trop_k_veg': 2.4855199240230106}.
[I 2026-08-06 09:06:13,819] Trial 996 finished with values: [-0.6220991179817117, 0.31591726319990254] and parameters: {'k1': 0.03635503353478365, 'D_low': 70.18267183720735, 'k2': 0.012758211164590085, 'D_high': 1537.4098204111451, 'fire_exp': 1.0629462657398439, 'P_half': 1.4246408590160289, 'pre_dampen_half': 552.4163637315892, 'gpp_af': 0.1476584299248268, 'gpp_b': 0.0005752434266899163, 'gpp_d': 150.14555442537656, 'ign_k': 5.351470428717437, 'ign_c': 0.21208987108343724, 'trop_agb_crit': 29.480726565384675, 'trop_k_veg': 2.520089655463604}.
[I 2026-08-06 09:06:14,942] Trial 997 finished with values: [-0.6191477413679006, 0.21706916409294286] and parameters: {'k1': 0.01889771394135163, 'D_low': 12.105387404469584, 'k2': 0.012758211164590085, 'D_high': 2940.51756322311, 'fire_exp': 1.0629462657398439, 'P_half': 97.0660675687761, 'pre_dampen_half': 107.40052367919465, 'gpp_af': 0.1476584299248268, 'gpp_b': 0.004821867175721073, 'gpp_d': 84.31013932082456, 'ign_k': 5.351470428717437, 'ign_c': 0.557280750002996, 'trop_agb_crit': 7.500118950416987, 'trop_k_veg': 6.092557528471241}.
[I 2026-08-06 09:06:16,051] Trial 998 finished with values: [-0.5953747464653973, 0.3333802108938648] and parameters: {'k1': 0.029626010885972713, 'D_low': 5.59983195169599, 'k2': 0.012758211164590085, 'D_high': 2940.51756322311, 'fire_exp': 1.165368636520435, 'P_half': 115.44738876452311, 'pre_dampen_half': 552.4163637315892, 'gpp_af': 0.1476584299248268, 'gpp_b': 0.0005752434266899163, 'gpp_d': 2.944272359149677, 'ign_k': 0.12329098365270515, 'ign_c': 7.013097205353069, 'trop_agb_crit': 25.382873076016292, 'trop_k_veg': 0.6673124511410327}.
[I 2026-08-06 09:06:17,173] Trial 999 finished with values: [-0.589220508266672, 0.3261704704445151] and parameters: {'k1': 0.0035383916966944323, 'D_low': 12.105387404469584, 'k2': 0.005082220961627801, 'D_high': 1177.190025324204, 'fire_exp': 1.0629462657398439, 'P_half': 12.808863354047988, 'pre_dampen_half': 552.4163637315892, 'gpp_af': 1.9804761238874737, 'gpp_b': 0.0005752434266899163, 'gpp_d': 298.943216845222, 'ign_k': 8.708806168038567, 'ign_c': 0.557280750002996, 'trop_agb_crit': 25.382873076016292, 'trop_k_veg': 0.6673124511410327}.
[I 2026-08-06 09:06:18,678] Trial 1000 finished with values: [10.768094393475886, 10.768094393475886] and parameters: {'k1': 0.01889771394135163, 'D_low': 70.18267183720735, 'k2': 0.012758211164590085, 'D_high': 2940.51756322311, 'fire_exp': 1.0629462657398439, 'P_half': 1.605843632310088, 'pre_dampen_half': 552.4163637315892, 'gpp_af': 0.1476584299248268, 'gpp_b': 0.0005752434266899163, 'gpp_d': 84.31013932082456, 'ign_k': 8.708806168038567, 'ign_c': 35.21102994688835, 'trop_agb_crit': 1.14876138417489, 'trop_k_veg': 2.520089655463604}.
[I 2026-08-06 09:06:19,783] Trial 1001 finished with values: [-0.6244418993023277, 0.2431336604299077] and parameters: {'k1': 0.01889771394135163, 'D_low': 5.59983195169599, 'k2': 0.032845299795769424, 'D_high': 1588.2035726402378, 'fire_exp': 1.0629462657398439, 'P_half': 12.808863354047988, 'pre_dampen_half': 552.4163637315892, 'gpp_af': 0.1476584299248268, 'gpp_b': 0.0005752434266899163, 'gpp_d': 229.41380323183625, 'ign_k': 8.708806168038567, 'ign_c': 0.557280750002996, 'trop_agb_crit': 1.14876138417489, 'trop_k_veg': 1.4584243470991722}.
[I 2026-08-06 09:06:20,905] Trial 1002 finished with values: [-0.6266733209809258, 0.3233967943868894] and parameters: {'k1': 0.01889771394135163, 'D_low': 12.105387404469584, 'k2': 0.03538758864779238, 'D_high': 1177.190025324204, 'fire_exp': 1.0629462657398439, 'P_half': 4.213183643253957, 'pre_dampen_half': 552.4163637315892, 'gpp_af': 0.18069041761817034, 'gpp_b': 0.0005752434266899163, 'gpp_d': 84.31013932082456, 'ign_k': 9.226223582279749, 'ign_c': 0.8916132699546893, 'trop_agb_crit': 25.382873076016292, 'trop_k_veg': 2.520089655463604}.
[I 2026-08-06 09:06:22,026] Trial 1003 finished with values: [10.028791443463662, 10.028791443463662] and parameters: {'k1': 0.004312951023617458, 'D_low': 12.105387404469584, 'k2': 0.032845299795769424, 'D_high': 1177.190025324204, 'fire_exp': 1.1430983876313219, 'P_half': 285.5843069859748, 'pre_dampen_half': 552.4163637315892, 'gpp_af': 0.1476584299248268, 'gpp_b': 0.0005752434266899163, 'gpp_d': 229.41380323183625, 'ign_k': 5.351470428717437, 'ign_c': 0.557280750002996, 'trop_agb_crit': 25.382873076016292, 'trop_k_veg': 0.6014881258938517}.
[I 2026-08-06 09:06:23,180] Trial 1004 finished with values: [10.098845229340665, 10.098845229340665] and parameters: {'k1': 0.01889771394135163, 'D_low': 118.47646505012496, 'k2': 3.987273288095245e-05, 'D_high': 1177.190025324204, 'fire_exp': 1.1430983876313219, 'P_half': 5.232779509048979, 'pre_dampen_half': 552.4163637315892, 'gpp_af': 0.1476584299248268, 'gpp_b': 0.0005752434266899163, 'gpp_d': 229.41380323183625, 'ign_k': 5.351470428717437, 'ign_c': 8.40543912931368, 'trop_agb_crit': 25.382873076016292, 'trop_k_veg': 0.6673124511410327}.
[I 2026-08-06 09:06:24,350] Trial 1005 finished with values: [10.330909842862937, 10.330909842862937] and parameters: {'k1': 0.01889771394135163, 'D_low': 12.105387404469584, 'k2': 0.012758211164590085, 'D_high': 1177.190025324204, 'fire_exp': 1.0629462657398439, 'P_half': 890.7074296057181, 'pre_dampen_half': 502.5175192217655, 'gpp_af': 0.1476584299248268, 'gpp_b': 0.0005752434266899163, 'gpp_d': 431.69073113052116, 'ign_k': 5.351470428717437, 'ign_c': 20.03995359361212, 'trop_agb_crit': 1.14876138417489, 'trop_k_veg': 2.0689340860325034}.
[I 2026-08-06 09:06:25,473] Trial 1006 finished with values: [10.769036223121558, 10.769036223121558] and parameters: {'k1': 0.01889771394135163, 'D_low': 525.9096221580008, 'k2': 0.012758211164590085, 'D_high': 14.678835461874492, 'fire_exp': 1.0629462657398439, 'P_half': 12.808863354047988, 'pre_dampen_half': 107.40052367919465, 'gpp_af': 0.1476584299248268, 'gpp_b': 0.0005752434266899163, 'gpp_d': 84.31013932082456, 'ign_k': 8.708806168038567, 'ign_c': 0.557280750002996, 'trop_agb_crit': 7.500118950416987, 'trop_k_veg': 2.520089655463604}.
[I 2026-08-06 09:06:26,614] Trial 1007 finished with values: [10.275208568531703, 10.275208568531703] and parameters: {'k1': 0.016748279468858224, 'D_low': 12.105387404469584, 'k2': 2.1835747526693533e-05, 'D_high': 2940.51756322311, 'fire_exp': 1.0629462657398439, 'P_half': 12.808863354047988, 'pre_dampen_half': 38.160753400791386, 'gpp_af': 0.1476584299248268, 'gpp_b': 0.0005752434266899163, 'gpp_d': 229.41380323183625, 'ign_k': 8.708806168038567, 'ign_c': 8.40543912931368, 'trop_agb_crit': 3.5747129226002423, 'trop_k_veg': 0.6743482387129308}.
[I 2026-08-06 09:06:27,815] Trial 1008 finished with values: [-0.625010666349065, 0.3159583820393934] and parameters: {'k1': 0.008471801418819975, 'D_low': 4.484744524732794, 'k2': 0.03538758864779238, 'D_high': 2940.51756322311, 'fire_exp': 1.0629462657398439, 'P_half': 4.213183643253957, 'pre_dampen_half': 552.4163637315892, 'gpp_af': 0.1476584299248268, 'gpp_b': 0.0005752434266899163, 'gpp_d': 229.41380323183625, 'ign_k': 8.708806168038567, 'ign_c': 20.03995359361212, 'trop_agb_crit': 7.500118950416987, 'trop_k_veg': 1.9938441068366917}.
[I 2026-08-06 09:06:29,027] Trial 1009 finished with values: [10.30947946034069, 10.30947946034069] and parameters: {'k1': 0.01889771394135163, 'D_low': 5.59983195169599, 'k2': 0.032845299795769424, 'D_high': 2940.51756322311, 'fire_exp': 1.165368636520435, 'P_half': 24.563265188276052, 'pre_dampen_half': 107.40052367919465, 'gpp_af': 0.0014188461251885575, 'gpp_b': 0.0005752434266899163, 'gpp_d': 84.31013932082456, 'ign_k': 8.708806168038567, 'ign_c': 20.03995359361212, 'trop_agb_crit': 7.500118950416987, 'trop_k_veg': 2.520089655463604}.
[I 2026-08-06 09:06:30,167] Trial 1010 finished with values: [10.07220520574891, 10.07220520574891] and parameters: {'k1': 0.01889771394135163, 'D_low': 70.18267183720735, 'k2': 0.032845299795769424, 'D_high': 1177.190025324204, 'fire_exp': 1.0629462657398439, 'P_half': 4.213183643253957, 'pre_dampen_half': 107.40052367919465, 'gpp_af': 0.1476584299248268, 'gpp_b': 1.284284091405877e-05, 'gpp_d': 84.31013932082456, 'ign_k': 8.708806168038567, 'ign_c': 20.03995359361212, 'trop_agb_crit': 7.500118950416987, 'trop_k_veg': 1.4584243470991722}.
[I 2026-08-06 09:06:31,287] Trial 1011 finished with values: [10.343992227469784, 10.343992227469784] and parameters: {'k1': 0.01889771394135163, 'D_low': 1.7026376946063253, 'k2': 1.9423940721007243e-05, 'D_high': 2940.51756322311, 'fire_exp': 1.0629462657398439, 'P_half': 12.808863354047988, 'pre_dampen_half': 552.4163637315892, 'gpp_af': 0.002271347790571442, 'gpp_b': 0.0005752434266899163, 'gpp_d': 229.41380323183625, 'ign_k': 8.604303107293026, 'ign_c': 20.03995359361212, 'trop_agb_crit': 7.500118950416987, 'trop_k_veg': 0.6673124511410327}.
[I 2026-08-06 09:06:32,420] Trial 1012 finished with values: [-0.624012490109522, 0.2793030803709281] and parameters: {'k1': 0.01889771394135163, 'D_low': 5.59983195169599, 'k2': 0.012758211164590085, 'D_high': 2940.51756322311, 'fire_exp': 1.0629462657398439, 'P_half': 4.213183643253957, 'pre_dampen_half': 107.40052367919465, 'gpp_af': 0.1476584299248268, 'gpp_b': 0.0005752434266899163, 'gpp_d': 431.69073113052116, 'ign_k': 8.708806168038567, 'ign_c': 20.03995359361212, 'trop_agb_crit': 7.500118950416987, 'trop_k_veg': 2.520089655463604}.
[I 2026-08-06 09:06:33,537] Trial 1013 finished with values: [10.760912135612783, 10.760912135612783] and parameters: {'k1': 0.029626010885972713, 'D_low': 5.59983195169599, 'k2': 0.0006591123094840287, 'D_high': 11.179796565719341, 'fire_exp': 1.0629462657398439, 'P_half': 12.808863354047988, 'pre_dampen_half': 107.40052367919465, 'gpp_af': 0.1476584299248268, 'gpp_b': 5.482875567588648, 'gpp_d': 84.31013932082456, 'ign_k': 8.708806168038567, 'ign_c': 8.40543912931368, 'trop_agb_crit': 7.500118950416987, 'trop_k_veg': 0.6673124511410327}.
[I 2026-08-06 09:06:34,694] Trial 1014 finished with values: [-0.6134452064501216, 0.3169632632383296] and parameters: {'k1': 0.03635503353478365, 'D_low': 12.105387404469584, 'k2': 0.012758211164590085, 'D_high': 2940.51756322311, 'fire_exp': 1.0629462657398439, 'P_half': 4.213183643253957, 'pre_dampen_half': 502.5175192217655, 'gpp_af': 0.00515795696727661, 'gpp_b': 0.0005752434266899163, 'gpp_d': 1.493264336549928, 'ign_k': 0.7895056976009632, 'ign_c': 0.21208987108343724, 'trop_agb_crit': 25.382873076016292, 'trop_k_veg': 1.9938441068366917}.
[I 2026-08-06 09:06:35,835] Trial 1015 finished with values: [-0.5899313913336278, 0.31866479507842926] and parameters: {'k1': 0.004312951023617458, 'D_low': 5.59983195169599, 'k2': 0.012758211164590085, 'D_high': 2940.51756322311, 'fire_exp': 1.1174086754605184, 'P_half': 12.808863354047988, 'pre_dampen_half': 552.4163637315892, 'gpp_af': 0.1476584299248268, 'gpp_b': 0.0005752434266899163, 'gpp_d': 2.944272359149677, 'ign_k': 8.708806168038567, 'ign_c': 20.03995359361212, 'trop_agb_crit': 25.382873076016292, 'trop_k_veg': 0.6673124511410327}.
[I 2026-08-06 09:06:36,941] Trial 1016 finished with values: [10.706540988884976, 10.706540988884976] and parameters: {'k1': 0.01889771394135163, 'D_low': 12.105387404469584, 'k2': 0.005082220961627801, 'D_high': 2940.51756322311, 'fire_exp': 5.463970670311958, 'P_half': 4.213183643253957, 'pre_dampen_half': 552.4163637315892, 'gpp_af': 0.1476584299248268, 'gpp_b': 0.0005752434266899163, 'gpp_d': 1.493264336549928, 'ign_k': 0.025882464916964908, 'ign_c': 0.9580682294110432, 'trop_agb_crit': 7.500118950416987, 'trop_k_veg': 1.9938441068366917}.
[I 2026-08-06 09:06:38,084] Trial 1017 finished with values: [10.248652298579453, 10.248652298579453] and parameters: {'k1': 0.016748279468858224, 'D_low': 5.59983195169599, 'k2': 0.032845299795769424, 'D_high': 2940.51756322311, 'fire_exp': 1.1174086754605184, 'P_half': 12.808863354047988, 'pre_dampen_half': 552.4163637315892, 'gpp_af': 0.1476584299248268, 'gpp_b': 0.0005752434266899163, 'gpp_d': 2.944272359149677, 'ign_k': 0.01535119983401854, 'ign_c': 20.03995359361212, 'trop_agb_crit': 1.14876138417489, 'trop_k_veg': 0.6673124511410327}.
[I 2026-08-06 09:06:39,589] Trial 1018 finished with values: [10.245084361968361, 10.245084361968361] and parameters: {'k1': 0.016748279468858224, 'D_low': 5.59983195169599, 'k2': 0.0002505029928936293, 'D_high': 1177.190025324204, 'fire_exp': 1.423480109671474, 'P_half': 4.213183643253957, 'pre_dampen_half': 552.4163637315892, 'gpp_af': 0.1476584299248268, 'gpp_b': 0.0005752434266899163, 'gpp_d': 431.69073113052116, 'ign_k': 8.708806168038567, 'ign_c': 20.03995359361212, 'trop_agb_crit': 7.500118950416987, 'trop_k_veg': 2.5879386297557976}.
[I 2026-08-06 09:06:40,699] Trial 1019 finished with values: [-0.6142108127387242, 0.26266928628025954] and parameters: {'k1': 0.01889771394135163, 'D_low': 70.18267183720735, 'k2': 0.012758211164590085, 'D_high': 2940.51756322311, 'fire_exp': 1.0629462657398439, 'P_half': 12.808863354047988, 'pre_dampen_half': 107.40052367919465, 'gpp_af': 0.1476584299248268, 'gpp_b': 0.0005752434266899163, 'gpp_d': 84.31013932082456, 'ign_k': 8.708806168038567, 'ign_c': 20.03995359361212, 'trop_agb_crit': 7.500118950416987, 'trop_k_veg': 4.282977578566486}.
[I 2026-08-06 09:06:41,834] Trial 1020 finished with values: [10.20330920756813, 10.20330920756813] and parameters: {'k1': 0.01889771394135163, 'D_low': 5.59983195169599, 'k2': 0.012758211164590085, 'D_high': 2940.51756322311, 'fire_exp': 1.0601964743503993, 'P_half': 442.0612468360114, 'pre_dampen_half': 107.40052367919465, 'gpp_af': 0.00515795696727661, 'gpp_b': 0.0005752434266899163, 'gpp_d': 84.31013932082456, 'ign_k': 8.708806168038567, 'ign_c': 12.129193069150809, 'trop_agb_crit': 7.500118950416987, 'trop_k_veg': 2.520089655463604}.
[I 2026-08-06 09:06:42,982] Trial 1021 finished with values: [-0.6206961590420719, 0.33026528722438553] and parameters: {'k1': 0.01889771394135163, 'D_low': 1.9623826481168343, 'k2': 0.032845299795769424, 'D_high': 2940.51756322311, 'fire_exp': 1.0629462657398439, 'P_half': 5.505316245273476, 'pre_dampen_half': 552.4163637315892, 'gpp_af': 0.1476584299248268, 'gpp_b': 0.0005752434266899163, 'gpp_d': 2.944272359149677, 'ign_k': 8.708806168038567, 'ign_c': 20.03995359361212, 'trop_agb_crit': 7.500118950416987, 'trop_k_veg': 0.808936329875387}.
[I 2026-08-06 09:06:44,105] Trial 1022 finished with values: [10.408422438729035, 10.408422438729035] and parameters: {'k1': 0.01889771394135163, 'D_low': 4.484744524732794, 'k2': 0.005082220961627801, 'D_high': 1177.190025324204, 'fire_exp': 1.423480109671474, 'P_half': 4.213183643253957, 'pre_dampen_half': 552.4163637315892, 'gpp_af': 0.1476584299248268, 'gpp_b': 1.284284091405877e-05, 'gpp_d': 0.07422439676110873, 'ign_k': 5.595401979134829, 'ign_c': 20.03995359361212, 'trop_agb_crit': 7.500118950416987, 'trop_k_veg': 0.6568257529739655}.
[I 2026-08-06 09:06:45,286] Trial 1023 finished with values: [10.046053167112145, 10.046053167112145] and parameters: {'k1': 0.004312951023617458, 'D_low': 12.105387404469584, 'k2': 0.03538758864779238, 'D_high': 1177.190025324204, 'fire_exp': 1.0629462657398439, 'P_half': 4.213183643253957, 'pre_dampen_half': 552.4163637315892, 'gpp_af': 0.00515795696727661, 'gpp_b': 0.0005752434266899163, 'gpp_d': 229.41380323183625, 'ign_k': 0.12329098365270515, 'ign_c': 0.9580682294110432, 'trop_agb_crit': 10.965064494899984, 'trop_k_veg': 0.6673124511410327}.
[I 2026-08-06 09:06:46,403] Trial 1024 finished with values: [-0.6086412461118992, 0.23964821976822737] and parameters: {'k1': 0.029626010885972713, 'D_low': 5.59983195169599, 'k2': 0.03538758864779238, 'D_high': 1177.190025324204, 'fire_exp': 1.0601964743503993, 'P_half': 4.213183643253957, 'pre_dampen_half': 552.4163637315892, 'gpp_af': 0.00515795696727661, 'gpp_b': 0.0005752434266899163, 'gpp_d': 84.31013932082456, 'ign_k': 9.226223582279749, 'ign_c': 0.9580682294110432, 'trop_agb_crit': 25.382873076016292, 'trop_k_veg': 2.520089655463604}.
[I 2026-08-06 09:06:47,558] Trial 1025 finished with values: [10.044481865134003, 10.044481865134003] and parameters: {'k1': 0.004377346027756646, 'D_low': 4.484744524732794, 'k2': 0.005082220961627801, 'D_high': 1588.2035726402378, 'fire_exp': 1.0629462657398439, 'P_half': 12.808863354047988, 'pre_dampen_half': 552.4163637315892, 'gpp_af': 0.1476584299248268, 'gpp_b': 0.0005752434266899163, 'gpp_d': 66.3534198237528, 'ign_k': 8.708806168038567, 'ign_c': 20.03995359361212, 'trop_agb_crit': 1.14876138417489, 'trop_k_veg': 1.4584243470991722}.
[I 2026-08-06 09:06:48,698] Trial 1026 finished with values: [10.148436400729455, 10.148436400729455] and parameters: {'k1': 0.01889771394135163, 'D_low': 5.59983195169599, 'k2': 0.032845299795769424, 'D_high': 1177.190025324204, 'fire_exp': 1.0629462657398439, 'P_half': 12.808863354047988, 'pre_dampen_half': 552.4163637315892, 'gpp_af': 0.1476584299248268, 'gpp_b': 0.0005752434266899163, 'gpp_d': 431.69073113052116, 'ign_k': 0.011486447007152062, 'ign_c': 20.03995359361212, 'trop_agb_crit': 7.500118950416987, 'trop_k_veg': 1.4584243470991722}.
[I 2026-08-06 09:06:49,868] Trial 1027 finished with values: [-0.6187617198884067, 0.4432948139973364] and parameters: {'k1': 0.008471801418819975, 'D_low': 1.212773905999145, 'k2': 0.03538758864779238, 'D_high': 2940.51756322311, 'fire_exp': 1.0629462657398439, 'P_half': 4.213183643253957, 'pre_dampen_half': 552.4163637315892, 'gpp_af': 0.1476584299248268, 'gpp_b': 3.111931329093809e-05, 'gpp_d': 229.41380323183625, 'ign_k': 8.708806168038567, 'ign_c': 20.03995359361212, 'trop_agb_crit': 7.500118950416987, 'trop_k_veg': 1.9938441068366917}.
[I 2026-08-06 09:06:51,038] Trial 1028 finished with values: [-0.6093161267965984, 0.2734488999233833] and parameters: {'k1': 0.01889771394135163, 'D_low': 70.18267183720735, 'k2': 0.004013372552381595, 'D_high': 2940.51756322311, 'fire_exp': 1.0629462657398439, 'P_half': 12.808863354047988, 'pre_dampen_half': 107.40052367919465, 'gpp_af': 0.1476584299248268, 'gpp_b': 0.0005752434266899163, 'gpp_d': 84.31013932082456, 'ign_k': 7.437725385707939, 'ign_c': 20.03995359361212, 'trop_agb_crit': 7.500118950416987, 'trop_k_veg': 1.4584243470991722}.
