[I 2026-07-25 00:34:38,776] Trial 682 finished with value: 0.4767427227356904 and parameters: {'k1': 0.010854465146702942, 'D_low': 29802.149826948717, 'k2': 0.00192944073621192, 'D_high': 3493471.32237089, 'fire_exp': 2.1367508892366307, 'P_half': 6.645122307281759, 'pre_dampen_half': 1.1644744810987386, 'gpp_af': 1.3965783804383194, 'gpp_b': 0.009839356581124437, 'gpp_d': 0.31725591505524453, 'ign_k': 0.06736961601063876, 'ign_c': 1.471326402693631, 'trop_agb_crit': 19.162426929364926, 'trop_k_veg': 3.748189743670555, 'gdp_gamma': 1.3419067954895236, 'cure_k': 0.009840652113193488, 'cure_p_min': 329.96170186987933, 'cure_gpp_ref': 1.30858785090386, 'cure_agb_crit': 1.8758915238257343, 'fuel_k': 0.025840318707066528, 'fuel_half': 1.0574995698520702}. Best is trial 577 with value: -0.629883323094065.
[I 2026-07-25 00:34:39,227] Trial 683 finished with value: 0.6039619665897168 and parameters: {'k1': 0.010470169735155292, 'D_low': 5.014282970050841, 'k2': 0.0007636084221433567, 'D_high': 3013247.7144704256, 'fire_exp': 1.194825188298358, 'P_half': 2603.4116861962393, 'pre_dampen_half': 117.80489352168799, 'gpp_af': 0.0039004921233190223, 'gpp_b': 0.005069402139202493, 'gpp_d': 134.3678358447069, 'ign_k': 0.005333620984205727, 'ign_c': 18.078158455291067, 'trop_agb_crit': 13.399755933418913, 'trop_k_veg': 0.6271383280584912, 'gdp_gamma': 0.04197744699764317, 'cure_k': 0.0017906169944121968, 'cure_p_min': 82.20364607961308, 'cure_gpp_ref': 0.39399821538745894, 'cure_agb_crit': 3.7810758444627854, 'fuel_k': 0.026585454815526256, 'fuel_half': 25.249589964511802}. Best is trial 577 with value: -0.629883323094065.
[I 2026-07-25 00:34:39,680] Trial 684 finished with value: 0.5414402053419973 and parameters: {'k1': 1.542863192469017e-05, 'D_low': 539.7120564275197, 'k2': 0.013924510579265663, 'D_high': 4069030.9988454115, 'fire_exp': 5.062120401676281, 'P_half': 238.80154037487736, 'pre_dampen_half': 0.739686903187118, 'gpp_af': 0.21339500455450827, 'gpp_b': 0.0012415810919455563, 'gpp_d': 13.707122572860749, 'ign_k': 0.5382827284242815, 'ign_c': 10.529196306096722, 'trop_agb_crit': 6.549300886071083, 'trop_k_veg': 2.4319979903669084, 'gdp_gamma': 1.7987078826135854, 'cure_k': 0.015396504164414168, 'cure_p_min': 199.97595172538686, 'cure_gpp_ref': 0.09114921921528638, 'cure_agb_crit': 1.0149126698589794, 'fuel_k': 0.26147344343312345, 'fuel_half': 54.654980422117596}. Best is trial 577 with value: -0.629883323094065.
[I 2026-07-25 00:34:40,133] Trial 685 finished with value: 0.4021710943638107 and parameters: {'k1': 0.0029343448821914637, 'D_low': 8.793708588633239, 'k2': 0.041660900112705936, 'D_high': 1238972.2273303173, 'fire_exp': 1.3087515663890912, 'P_half': 1014.0783198300344, 'pre_dampen_half': 1.5433938533828224, 'gpp_af': 0.0012302494992375453, 'gpp_b': 3.850452281874885e-05, 'gpp_d': 106.06195271331727, 'ign_k': 0.008930630768640502, 'ign_c': 9.09616514279113, 'trop_agb_crit': 24.64753143163881, 'trop_k_veg': 2.718654725128368, 'gdp_gamma': 0.7785538457878983, 'cure_k': 0.0027550423748431514, 'cure_p_min': 134.58768606850953, 'cure_gpp_ref': 0.21760075031441228, 'cure_agb_crit': 7.9250073205876355, 'fuel_k': 0.016012705293722503, 'fuel_half': 4.275872757251938}. Best is trial 577 with value: -0.629883323094065.
[I 2026-07-25 00:34:40,588] Trial 686 finished with value: 0.573479459103679 and parameters: {'k1': 0.007009623465160331, 'D_low': 5.924143002701399, 'k2': 5.474105719893967e-05, 'D_high': 6338281.299193143, 'fire_exp': 1.2153426286356184, 'P_half': 10.207968408948776, 'pre_dampen_half': 3.8173334762113393, 'gpp_af': 1.0166624511828894, 'gpp_b': 0.010042144326854267, 'gpp_d': 681.3427917143031, 'ign_k': 0.02856111522967724, 'ign_c': 2.1123456484431187, 'trop_agb_crit': 7.075612714265372, 'trop_k_veg': 5.321578151159294, 'gdp_gamma': 1.6108852302830923, 'cure_k': 0.004010800959169021, 'cure_p_min': 254.33832854477157, 'cure_gpp_ref': 1.5122905673989906, 'cure_agb_crit': 2.8487463308906316, 'fuel_k': 0.07250110195727602, 'fuel_half': 0.20479404729670564}. Best is trial 577 with value: -0.629883323094065.
[I 2026-07-25 00:34:41,040] Trial 687 finished with value: 0.4191380661335231 and parameters: {'k1': 0.0074061431968371035, 'D_low': 577.582720888616, 'k2': 2.6094734691535854e-05, 'D_high': 289310.0750327394, 'fire_exp': 1.2480872442464164, 'P_half': 395.86361175226, 'pre_dampen_half': 0.023061045254045596, 'gpp_af': 0.03756958974859321, 'gpp_b': 0.004628923074895079, 'gpp_d': 4.313202511258313, 'ign_k': 0.2164760474628846, 'ign_c': 1.952553929861439, 'trop_agb_crit': 17.74295185086084, 'trop_k_veg': 5.095223461544777, 'gdp_gamma': 1.995545260844537, 'cure_k': 0.012653380765330678, 'cure_p_min': 284.6140970713268, 'cure_gpp_ref': 1.2759390835486766, 'cure_agb_crit': 4.0057588122937124, 'fuel_k': 0.07987177348347699, 'fuel_half': 3.5975745042445335}. Best is trial 577 with value: -0.629883323094065.
[I 2026-07-25 00:34:41,496] Trial 688 finished with value: 0.5282014662216823 and parameters: {'k1': 0.012966009740937399, 'D_low': 10773.028189920042, 'k2': 0.00010853259681844278, 'D_high': 9168413.195507064, 'fire_exp': 1.2452376961839875, 'P_half': 14.446200641284971, 'pre_dampen_half': 0.14095431637792674, 'gpp_af': 13.177675067687488, 'gpp_b': 0.002165720711330132, 'gpp_d': 138.7749041500215, 'ign_k': 0.23600217256992156, 'ign_c': 10.44225664510663, 'trop_agb_crit': 8.118854906408355, 'trop_k_veg': 5.63873018081083, 'gdp_gamma': 0.8672351388735806, 'cure_k': 0.001479844165042014, 'cure_p_min': 317.99182447484134, 'cure_gpp_ref': 1.9153750210782967, 'cure_agb_crit': 2.854028701457146, 'fuel_k': 0.14394515754176848, 'fuel_half': 4.509030820358563}. Best is trial 577 with value: -0.629883323094065.
[I 2026-07-25 00:34:41,950] Trial 689 finished with value: 0.5207599552534663 and parameters: {'k1': 5.68186065112789e-05, 'D_low': 660.909657969526, 'k2': 5.314951002500201e-05, 'D_high': 6807075.688066411, 'fire_exp': 3.097423328931623, 'P_half': 4.306101991248305, 'pre_dampen_half': 0.3688649326204882, 'gpp_af': 1.8213535833950392, 'gpp_b': 2.048919952524133e-05, 'gpp_d': 502.59493007480705, 'ign_k': 0.0018473215059139644, 'ign_c': 21.581012436781354, 'trop_agb_crit': 28.87822541223739, 'trop_k_veg': 1.2376949831561506, 'gdp_gamma': 1.4663550791003566, 'cure_k': 0.00234895017251616, 'cure_p_min': 314.95115302352866, 'cure_gpp_ref': 0.5707018435350664, 'cure_agb_crit': 4.067314321509536, 'fuel_k': 0.05431721940266533, 'fuel_half': 10.240379065875093}. Best is trial 577 with value: -0.629883323094065.
[I 2026-07-25 00:34:42,410] Trial 690 finished with value: 0.6071147205921262 and parameters: {'k1': 3.268590731070067e-05, 'D_low': 155822.14822823083, 'k2': 0.0013384605906262494, 'D_high': 81193.79164063129, 'fire_exp': 1.127788461773451, 'P_half': 19.115314094588914, 'pre_dampen_half': 37.04206350915445, 'gpp_af': 0.3194993896432906, 'gpp_b': 0.023631293505386154, 'gpp_d': 0.13180567311739674, 'ign_k': 0.11911791553993882, 'ign_c': 0.8142844502159301, 'trop_agb_crit': 27.79572474502299, 'trop_k_veg': 2.110863128989996, 'gdp_gamma': 0.29778521352684256, 'cure_k': 0.004862775486635111, 'cure_p_min': 325.6768084153254, 'cure_gpp_ref': 0.7130497923294291, 'cure_agb_crit': 4.777448793647408, 'fuel_k': 0.0379316905359324, 'fuel_half': 0.22693165797192227}. Best is trial 577 with value: -0.629883323094065.
[I 2026-07-25 00:34:42,864] Trial 691 finished with value: 0.5558169147232025 and parameters: {'k1': 2.3925940374945108e-05, 'D_low': 5624.61234237364, 'k2': 8.91387115622764e-05, 'D_high': 207852.54829565817, 'fire_exp': 2.6231706736704314, 'P_half': 2.496851131306689, 'pre_dampen_half': 0.9711047592500384, 'gpp_af': 0.14823740400821173, 'gpp_b': 4.8877827950944315e-05, 'gpp_d': 61.79982653764703, 'ign_k': 0.09074435656721042, 'ign_c': 1.4774618848043835, 'trop_agb_crit': 1.2338801791359544, 'trop_k_veg': 0.9069012756942043, 'gdp_gamma': 1.5477217839969217, 'cure_k': 0.4879189424918176, 'cure_p_min': 390.94514630792787, 'cure_gpp_ref': 0.15099113941145023, 'cure_agb_crit': 1.5016308735915884, 'fuel_k': 0.05365577106574652, 'fuel_half': 50.67796745152634}. Best is trial 577 with value: -0.629883323094065.
[I 2026-07-25 00:34:43,319] Trial 692 finished with value: 0.43884247255835773 and parameters: {'k1': 0.0005853727057660027, 'D_low': 3266.667298279776, 'k2': 0.0005053101626807307, 'D_high': 3541130.82808405, 'fire_exp': 1.9337111164493157, 'P_half': 9.986447511703656, 'pre_dampen_half': 3.4737391433403473, 'gpp_af': 41.87799941898947, 'gpp_b': 6.869528871076705e-05, 'gpp_d': 269.3504136719241, 'ign_k': 0.14314474626449014, 'ign_c': 0.45096695580456564, 'trop_agb_crit': 5.41985474196817, 'trop_k_veg': 1.507802115304487, 'gdp_gamma': 0.13608911903001872, 'cure_k': 0.009494700097666264, 'cure_p_min': 339.2280795377355, 'cure_gpp_ref': 1.1894417423943138, 'cure_agb_crit': 4.559266172044839, 'fuel_k': 0.12489619512586692, 'fuel_half': 6.542030604542543}. Best is trial 577 with value: -0.629883323094065.
[I 2026-07-25 00:34:43,773] Trial 693 finished with value: 0.6046809725522144 and parameters: {'k1': 0.005991765068622153, 'D_low': 198.01941477567132, 'k2': 0.006348463179220089, 'D_high': 4381867.619005305, 'fire_exp': 3.8453277864607194, 'P_half': 151.51768680230344, 'pre_dampen_half': 272.40425827780194, 'gpp_af': 0.010285364805010133, 'gpp_b': 0.0008705234052064212, 'gpp_d': 46.99464278588541, 'ign_k': 0.052571110924065224, 'ign_c': 761.8400736920222, 'trop_agb_crit': 15.349321148973383, 'trop_k_veg': 0.9757575022344447, 'gdp_gamma': 1.145089479987052, 'cure_k': 0.0015340671531397566, 'cure_p_min': 203.47480439391504, 'cure_gpp_ref': 0.14770514942914453, 'cure_agb_crit': 2.0266773435475347, 'fuel_k': 0.12383267852843424, 'fuel_half': 78.1530360243918}. Best is trial 577 with value: -0.629883323094065.
[I 2026-07-25 00:34:44,226] Trial 694 finished with value: 0.5513432302581079 and parameters: {'k1': 0.00016598332897682465, 'D_low': 50822.337358550365, 'k2': 0.00020684374490919312, 'D_high': 82922.88273130257, 'fire_exp': 1.2740702606589267, 'P_half': 25.36508370567159, 'pre_dampen_half': 0.0849681903801418, 'gpp_af': 10.408347926799014, 'gpp_b': 0.0017637999482792235, 'gpp_d': 928.361653329785, 'ign_k': 0.7152919012336076, 'ign_c': 14.861098293008286, 'trop_agb_crit': 23.561537130989922, 'trop_k_veg': 3.8377181808761813, 'gdp_gamma': 1.5508183225049315, 'cure_k': 0.0022443762350998616, 'cure_p_min': 239.2501624575596, 'cure_gpp_ref': 0.4102676067682062, 'cure_agb_crit': 6.157775356904028, 'fuel_k': 0.032366243874141984, 'fuel_half': 41.53224049469937}. Best is trial 577 with value: -0.629883323094065.
[I 2026-07-25 00:34:44,680] Trial 695 finished with value: 0.579265276369637 and parameters: {'k1': 3.956534653022903e-05, 'D_low': 603.3986401539706, 'k2': 1.085522090741061e-05, 'D_high': 642636.9126380746, 'fire_exp': 2.932512650586134, 'P_half': 3.6623403555721143, 'pre_dampen_half': 2.7938539235695914, 'gpp_af': 0.08639145439021743, 'gpp_b': 0.0022950177711889273, 'gpp_d': 0.5843687727872408, 'ign_k': 1.1217540318791748, 'ign_c': 2.0699195262487624, 'trop_agb_crit': 2.0982314709056333, 'trop_k_veg': 0.6712339392289154, 'gdp_gamma': 1.137493872761262, 'cure_k': 0.9787969688152426, 'cure_p_min': 292.63108274467317, 'cure_gpp_ref': 0.08498756632899912, 'cure_agb_crit': 2.002220950764068, 'fuel_k': 0.12978720618901476, 'fuel_half': 25.56220741165038}. Best is trial 577 with value: -0.629883323094065.
[I 2026-07-25 00:34:45,135] Trial 696 finished with value: 0.5917946419464661 and parameters: {'k1': 0.05741017898213031, 'D_low': 124612.6425203716, 'k2': 0.003327230899124647, 'D_high': 55503.33104519936, 'fire_exp': 2.0904792190759967, 'P_half': 1.9974621721859858, 'pre_dampen_half': 0.07207240718945233, 'gpp_af': 14.067047731129698, 'gpp_b': 0.0037396833983090348, 'gpp_d': 20.244535110387822, 'ign_k': 0.004285118557404513, 'ign_c': 0.7125511743838717, 'trop_agb_crit': 4.5348677875494365, 'trop_k_veg': 6.666237864377913, 'gdp_gamma': 0.4547775092666573, 'cure_k': 0.7904178963857416, 'cure_p_min': 310.5905377160717, 'cure_gpp_ref': 1.578725295934854, 'cure_agb_crit': 3.094267900506275, 'fuel_k': 0.9366329245660275, 'fuel_half': 6.311021304631027}. Best is trial 577 with value: -0.629883323094065.
[I 2026-07-25 00:34:45,605] Trial 697 finished with value: 0.4284691503016198 and parameters: {'k1': 0.0007077145479797157, 'D_low': 7266.806250276719, 'k2': 0.0009042157575591403, 'D_high': 83333.84894119766, 'fire_exp': 1.3092505880601686, 'P_half': 15.872321085697852, 'pre_dampen_half': 4.183955270885738, 'gpp_af': 0.0632039152846449, 'gpp_b': 0.0254119281500512, 'gpp_d': 3.9097175557012926, 'ign_k': 0.8204051624062796, 'ign_c': 0.612409617016602, 'trop_agb_crit': 27.00899879209554, 'trop_k_veg': 2.292635894992113, 'gdp_gamma': 0.3221667708232192, 'cure_k': 0.006952552962376323, 'cure_p_min': 339.0724948780815, 'cure_gpp_ref': 1.9695821842206986, 'cure_agb_crit': 3.069319105535542, 'fuel_k': 0.05845381829641796, 'fuel_half': 0.5153392835542986}. Best is trial 577 with value: -0.629883323094065.
[I 2026-07-25 00:34:46,099] Trial 698 finished with value: 0.4835193578873057 and parameters: {'k1': 0.0019227554794565063, 'D_low': 431.8883528099587, 'k2': 0.0002536651604407398, 'D_high': 8618.034759579687, 'fire_exp': 1.144552826644855, 'P_half': 79.15845110651493, 'pre_dampen_half': 0.687786426271045, 'gpp_af': 0.5275617422318164, 'gpp_b': 0.002071977569371755, 'gpp_d': 13.515420153112867, 'ign_k': 0.009635028330788597, 'ign_c': 13.813543817838896, 'trop_agb_crit': 18.702264225090975, 'trop_k_veg': 3.243988143019804, 'gdp_gamma': 1.7408142361063408, 'cure_k': 0.0047277124369402195, 'cure_p_min': 312.6862727544747, 'cure_gpp_ref': 0.6009286955141303, 'cure_agb_crit': 3.732058677531889, 'fuel_k': 0.020901734629534853, 'fuel_half': 0.20104290470897426}. Best is trial 577 with value: -0.629883323094065.
[I 2026-07-25 00:34:46,552] Trial 699 finished with value: 0.47184011884970845 and parameters: {'k1': 2.4575325727413925e-05, 'D_low': 287.0867337007166, 'k2': 2.945107533929492e-05, 'D_high': 3373240.870821908, 'fire_exp': 1.232970266681716, 'P_half': 2.3757206855691013, 'pre_dampen_half': 6.639247937182963, 'gpp_af': 0.004478642978804852, 'gpp_b': 0.0010624669234386732, 'gpp_d': 1.6464153159253794, 'ign_k': 0.060877347642912215, 'ign_c': 1.264904716909008, 'trop_agb_crit': 1.0941637238017727, 'trop_k_veg': 1.0546116441602869, 'gdp_gamma': 1.435226967676527, 'cure_k': 0.17359023817529495, 'cure_p_min': 398.46593510970064, 'cure_gpp_ref': 0.19534297616154522, 'cure_agb_crit': 1.3444275349434558, 'fuel_k': 0.03004017946384799, 'fuel_half': 35.927943476223795}. Best is trial 577 with value: -0.629883323094065.
[I 2026-07-25 00:34:47,008] Trial 700 finished with value: 0.5989254430228649 and parameters: {'k1': 0.0005030488144571128, 'D_low': 502.02959922545267, 'k2': 0.0002696544622834108, 'D_high': 3430.372250421365, 'fire_exp': 1.068508083272419, 'P_half': 373.12792459783884, 'pre_dampen_half': 0.952486331667276, 'gpp_af': 44.14430674741399, 'gpp_b': 1.2229169173377353e-05, 'gpp_d': 12.49021775979972, 'ign_k': 0.48674364504831025, 'ign_c': 37.76368797142189, 'trop_agb_crit': 18.76869352880767, 'trop_k_veg': 2.8226832517234164, 'gdp_gamma': 0.23538625612436387, 'cure_k': 0.00847176003693943, 'cure_p_min': 375.44133996292794, 'cure_gpp_ref': 0.4443985318288452, 'cure_agb_crit': 7.917222943929738, 'fuel_k': 0.1006782557960889, 'fuel_half': 0.17101653122631458}. Best is trial 577 with value: -0.629883323094065.
[I 2026-07-25 00:34:47,463] Trial 701 finished with value: 0.4883012066644977 and parameters: {'k1': 0.0057047433914752, 'D_low': 129.68276775887827, 'k2': 0.0006535249966711396, 'D_high': 939312.3338681011, 'fire_exp': 1.339231335625322, 'P_half': 6.535810938564148, 'pre_dampen_half': 0.043228754374662004, 'gpp_af': 15.83311188290114, 'gpp_b': 0.001777030485426452, 'gpp_d': 999.1864643195845, 'ign_k': 0.022914176015892285, 'ign_c': 7.08435991121179, 'trop_agb_crit': 10.157035013211331, 'trop_k_veg': 2.972519538196769, 'gdp_gamma': 0.20743427293351746, 'cure_k': 0.003994617838662596, 'cure_p_min': 353.21804249681816, 'cure_gpp_ref': 1.7712872282192187, 'cure_agb_crit': 6.797707260703421, 'fuel_k': 0.35877483983744296, 'fuel_half': 0.616267437215705}. Best is trial 577 with value: -0.629883323094065.
[I 2026-07-25 00:34:47,917] Trial 702 finished with value: 0.5130780082346693 and parameters: {'k1': 3.1336129618946e-05, 'D_low': 40.84671612173625, 'k2': 5.079390336774909e-05, 'D_high': 5581382.9052659655, 'fire_exp': 1.0770098442010179, 'P_half': 2.600147994261697, 'pre_dampen_half': 0.15631081591076332, 'gpp_af': 0.42897774643983916, 'gpp_b': 5.2622019811824604e-05, 'gpp_d': 0.1834056986657226, 'ign_k': 0.10867703478202269, 'ign_c': 8.313891131631168, 'trop_agb_crit': 2.7876371811114753, 'trop_k_veg': 2.908536329328574, 'gdp_gamma': 0.8986719531901894, 'cure_k': 0.01117021574184777, 'cure_p_min': 323.3880191209325, 'cure_gpp_ref': 0.05105418790101151, 'cure_agb_crit': 1.3074402871611635, 'fuel_k': 0.01890534498257549, 'fuel_half': 25.552523040028966}. Best is trial 577 with value: -0.629883323094065.
[I 2026-07-25 00:34:48,369] Trial 703 finished with value: 0.4323166558384328 and parameters: {'k1': 0.00014164331881849867, 'D_low': 576.3928124989019, 'k2': 3.605538723702789e-05, 'D_high': 956907.2840417662, 'fire_exp': 1.4485080986623382, 'P_half': 1.0167624496036423, 'pre_dampen_half': 0.5183680982961847, 'gpp_af': 0.0022136823014877235, 'gpp_b': 0.0010957594732802364, 'gpp_d': 8.938990447136868, 'ign_k': 0.025003979655729893, 'ign_c': 9.432282832737108, 'trop_agb_crit': 1.589996065172377, 'trop_k_veg': 2.718216855115435, 'gdp_gamma': 0.9673787319623522, 'cure_k': 0.19429609500204323, 'cure_p_min': 220.490940464542, 'cure_gpp_ref': 0.051870047322893804, 'cure_agb_crit': 1.4060127411411145, 'fuel_k': 0.04561830055682822, 'fuel_half': 68.79949464498094}. Best is trial 577 with value: -0.629883323094065.
[I 2026-07-25 00:34:48,830] Trial 704 finished with value: 0.5663373923818888 and parameters: {'k1': 0.0005974202320943989, 'D_low': 266.05816685754326, 'k2': 0.02842682109062972, 'D_high': 2452325.688166639, 'fire_exp': 1.534351206410723, 'P_half': 12.238318992017774, 'pre_dampen_half': 2.0802950769227007, 'gpp_af': 1.9418033072395362, 'gpp_b': 0.0022077143785628017, 'gpp_d': 0.13515660271379595, 'ign_k': 0.0030529716158396196, 'ign_c': 0.38620939889806205, 'trop_agb_crit': 5.1981567930278825, 'trop_k_veg': 6.2981164500230395, 'gdp_gamma': 0.10437194238012998, 'cure_k': 0.0454385199584371, 'cure_p_min': 356.94036459164494, 'cure_gpp_ref': 0.7647633052012177, 'cure_agb_crit': 3.011275477017579, 'fuel_k': 1.6662585951991913, 'fuel_half': 15.006949849467787}. Best is trial 577 with value: -0.629883323094065.
[I 2026-07-25 00:34:49,288] Trial 705 finished with value: 0.5514988455695014 and parameters: {'k1': 0.00015500955080322395, 'D_low': 33.91053292517572, 'k2': 2.2990728364881333e-05, 'D_high': 186800.86802145047, 'fire_exp': 2.1120876789063483, 'P_half': 2.574517910006831, 'pre_dampen_half': 3.1889258289752163, 'gpp_af': 0.01777488687893162, 'gpp_b': 0.11552908878453326, 'gpp_d': 0.2519972648722341, 'ign_k': 0.23122244635443834, 'ign_c': 0.3476072824647906, 'trop_agb_crit': 2.463653150787816, 'trop_k_veg': 0.6214246004454086, 'gdp_gamma': 1.151723133414648, 'cure_k': 0.04724666918482828, 'cure_p_min': 386.1145710845834, 'cure_gpp_ref': 0.06136410035089801, 'cure_agb_crit': 1.9420132732304012, 'fuel_k': 0.030547578547156333, 'fuel_half': 24.706270209478838}. Best is trial 577 with value: -0.629883323094065.
[I 2026-07-25 00:34:49,739] Trial 706 finished with value: 0.5067984815029558 and parameters: {'k1': 0.0010634838851445064, 'D_low': 1343.6352088085273, 'k2': 0.014951322968605551, 'D_high': 4507379.31023682, 'fire_exp': 4.115011690887614, 'P_half': 5.666166754470948, 'pre_dampen_half': 22.103443230910948, 'gpp_af': 0.002218098114217735, 'gpp_b': 0.00016778053963959532, 'gpp_d': 4.742046882640597, 'ign_k': 1.406072152517425, 'ign_c': 2.03002041596752, 'trop_agb_crit': 10.527181495478755, 'trop_k_veg': 1.455801208751256, 'gdp_gamma': 0.5481171486738776, 'cure_k': 0.002700288230255474, 'cure_p_min': 102.71993400155704, 'cure_gpp_ref': 0.08306889412337086, 'cure_agb_crit': 2.548604186351922, 'fuel_k': 0.4386430395799743, 'fuel_half': 28.33998568840672}. Best is trial 577 with value: -0.629883323094065.
[I 2026-07-25 00:34:50,192] Trial 707 finished with value: 0.4310177106216315 and parameters: {'k1': 0.00035940146355119897, 'D_low': 35.336898902734234, 'k2': 0.0005810967208537853, 'D_high': 341294.3030479676, 'fire_exp': 1.126125772801927, 'P_half': 30.46861103629754, 'pre_dampen_half': 0.2055485681841923, 'gpp_af': 57.468537727282886, 'gpp_b': 1.9594283464015375e-05, 'gpp_d': 74.62446966358304, 'ign_k': 0.28179738705541607, 'ign_c': 10.605736315674617, 'trop_agb_crit': 6.967543758617847, 'trop_k_veg': 2.4356146790724513, 'gdp_gamma': 0.41835861812325364, 'cure_k': 0.00391062882448882, 'cure_p_min': 269.4613427497477, 'cure_gpp_ref': 0.5267994606379882, 'cure_agb_crit': 5.873045256214954, 'fuel_k': 0.09793703809150606, 'fuel_half': 0.1538154693283947}. Best is trial 577 with value: -0.629883323094065.
