[I 2026-07-22 20:38:35,906] Trial 419 finished with values: [-0.33686137532544136, 0.2787950991959308] and parameters: {'k1': 0.028401063201780267, 'D_low': 16.00237013173313, 'k2': 0.0004976087827261435, 'D_high': 2742371.6496047364, 'fire_exp': 1.5191397119156032, 'P_half': 157.80309954142965, 'pre_dampen_half': 8.259599205585763, 'gpp_af': 0.2901272149738624, 'gpp_b': 0.0001484082099455773, 'gpp_d': 0.15144408538724474, 'ign_k': 0.0029519227433917453, 'ign_c': 39.52220881906112, 'trop_agb_crit': 1.2839958132831188, 'trop_k_veg': 6.863422129054256, 'fuel_k': 4.0632364973692425, 'fuel_half': 0.30817917005205625}.
[I 2026-07-22 20:38:36,321] Trial 420 finished with values: [10.015899597570565, 10.015899597570565] and parameters: {'k1': 0.004898620823554844, 'D_low': 16.00237013173313, 'k2': 0.00033271381912662167, 'D_high': 34634.27660734638, 'fire_exp': 1.1682975399753406, 'P_half': 157.80309954142965, 'pre_dampen_half': 70.78932406899753, 'gpp_af': 0.03522602097143089, 'gpp_b': 2.176805640408474e-05, 'gpp_d': 274.48645214004335, 'ign_k': 0.038563028138793747, 'ign_c': 30.785541778315018, 'trop_agb_crit': 6.289029460848807, 'trop_k_veg': 4.129715873342729, 'fuel_k': 0.025620781631399487, 'fuel_half': 1.3323297901105766}.
[I 2026-07-22 20:38:36,732] Trial 421 finished with values: [10.579727149678835, 10.579727149678835] and parameters: {'k1': 0.008471801418819975, 'D_low': 2.4063018320720926, 'k2': 2.296989871634208e-05, 'D_high': 2742371.6496047364, 'fire_exp': 1.6100480958219507, 'P_half': 355.00125258511594, 'pre_dampen_half': 24.551654436784784, 'gpp_af': 0.8057329182285735, 'gpp_b': 0.0028993292583566945, 'gpp_d': 10.931606102061748, 'ign_k': 0.13500744867919376, 'ign_c': 0.8053471030316095, 'trop_agb_crit': 12.647327018493208, 'trop_k_veg': 1.9658897090912955, 'fuel_k': 0.07002142869039267, 'fuel_half': 1.0256744313631188}.
[I 2026-07-22 20:38:37,144] Trial 422 finished with values: [10.021005756554635, 10.021005756554635] and parameters: {'k1': 0.012840669372724958, 'D_low': 2240.9155921647994, 'k2': 0.014666151770108535, 'D_high': 2007776.2367162877, 'fire_exp': 1.8719045352638064, 'P_half': 60.759029110813756, 'pre_dampen_half': 13.472769577631588, 'gpp_af': 0.2991469302130216, 'gpp_b': 0.0004382884213732982, 'gpp_d': 352.0481045526035, 'ign_k': 0.013276678836047658, 'ign_c': 0.12510188850164433, 'trop_agb_crit': 2.679156169946616, 'trop_k_veg': 2.1144348148283285, 'fuel_k': 4.710433409437071, 'fuel_half': 1.3323297901105766}.
[I 2026-07-22 20:38:37,558] Trial 423 finished with values: [10.84121414605897, 10.84121414605897] and parameters: {'k1': 0.028401063201780267, 'D_low': 3907.96715682288, 'k2': 0.00033271381912662167, 'D_high': 940373.095557937, 'fire_exp': 1.4284956407464617, 'P_half': 52.911502562008664, 'pre_dampen_half': 10.129197956845726, 'gpp_af': 3.470266988650414, 'gpp_b': 0.0008239138919814073, 'gpp_d': 12.338826503601998, 'ign_k': 4.59148521674054, 'ign_c': 0.7068974950624601, 'trop_agb_crit': 1.8559980846490576, 'trop_k_veg': 2.724170387400844, 'fuel_k': 0.10978148458640455, 'fuel_half': 3.75205585512428}.
[I 2026-07-22 20:38:37,972] Trial 424 finished with values: [-0.6170061468048472, 0.07293505829015634] and parameters: {'k1': 0.012840669372724958, 'D_low': 3103.3332277537256, 'k2': 0.014666151770108535, 'D_high': 2742371.6496047364, 'fire_exp': 1.8719045352638064, 'P_half': 93.43302657318476, 'pre_dampen_half': 13.472769577631588, 'gpp_af': 0.2991469302130216, 'gpp_b': 0.0028993292583566945, 'gpp_d': 352.0481045526035, 'ign_k': 0.0029519227433917453, 'ign_c': 0.2939463458625969, 'trop_agb_crit': 2.679156169946616, 'trop_k_veg': 2.1144348148283285, 'fuel_k': 4.710433409437071, 'fuel_half': 1.3323297901105766}.
[I 2026-07-22 20:38:38,398] Trial 425 finished with values: [10.596552963178091, 10.596552963178091] and parameters: {'k1': 0.012840669372724958, 'D_low': 2240.9155921647994, 'k2': 0.0009562822793888481, 'D_high': 2413579.2291304003, 'fire_exp': 1.8719045352638064, 'P_half': 355.00125258511594, 'pre_dampen_half': 0.17521503225602403, 'gpp_af': 3.470266988650414, 'gpp_b': 0.0028993292583566945, 'gpp_d': 352.0481045526035, 'ign_k': 2.136832907235876, 'ign_c': 17.583640270008498, 'trop_agb_crit': 2.7395739167173065, 'trop_k_veg': 0.8170196702261714, 'fuel_k': 0.07002142869039267, 'fuel_half': 0.3036855685244964}.
[I 2026-07-22 20:38:38,817] Trial 426 finished with values: [10.623542540177548, 10.623542540177548] and parameters: {'k1': 0.0011101191524846067, 'D_low': 35.437765484261625, 'k2': 0.0006863458703786212, 'D_high': 693439.2750387826, 'fire_exp': 1.9025702662542903, 'P_half': 56.22114524476698, 'pre_dampen_half': 0.7245868181143029, 'gpp_af': 0.05511595477601764, 'gpp_b': 0.004458440839692221, 'gpp_d': 274.48645214004335, 'ign_k': 0.003252245757497283, 'ign_c': 5.199673923878318, 'trop_agb_crit': 1.6034837661963206, 'trop_k_veg': 4.129715873342729, 'fuel_k': 0.5182294818798785, 'fuel_half': 1.3323297901105766}.
[I 2026-07-22 20:38:39,233] Trial 427 finished with values: [-0.534222126868922, 0.2047525723937147] and parameters: {'k1': 0.007926237587961899, 'D_low': 35.437765484261625, 'k2': 0.002173988526401145, 'D_high': 693439.2750387826, 'fire_exp': 1.5704801393982246, 'P_half': 44.71679901231308, 'pre_dampen_half': 565.0116730717867, 'gpp_af': 0.015875524914818664, 'gpp_b': 0.005419266601560437, 'gpp_d': 450.59526947401275, 'ign_k': 0.012868405331151606, 'ign_c': 0.29126651668813763, 'trop_agb_crit': 1.1693687409928537, 'trop_k_veg': 4.050700716504253, 'fuel_k': 0.41829719944607047, 'fuel_half': 1.0889347318773486}.
[I 2026-07-22 20:38:39,646] Trial 428 finished with values: [10.573068286133891, 10.573068286133891] and parameters: {'k1': 0.0007883068789768041, 'D_low': 3.86371393182755, 'k2': 0.0195165137832656, 'D_high': 34634.27660734638, 'fire_exp': 1.8650480821905064, 'P_half': 102.4585893986732, 'pre_dampen_half': 70.78932406899753, 'gpp_af': 0.05511595477601764, 'gpp_b': 0.0001484082099455773, 'gpp_d': 274.48645214004335, 'ign_k': 0.013276678836047658, 'ign_c': 0.12510188850164433, 'trop_agb_crit': 2.679156169946616, 'trop_k_veg': 4.129715873342729, 'fuel_k': 4.0632364973692425, 'fuel_half': 1.3323297901105766}.
[I 2026-07-22 20:38:40,059] Trial 429 finished with values: [10.291937054948859, 10.291937054948859] and parameters: {'k1': 8.31416087354964e-05, 'D_low': 86.64406862241785, 'k2': 7.118997101275657e-05, 'D_high': 7589190.453000005, 'fire_exp': 1.9109746757368442, 'P_half': 2.0598022365449626, 'pre_dampen_half': 13.472769577631588, 'gpp_af': 0.015875524914818664, 'gpp_b': 0.0001005197610186807, 'gpp_d': 0.04409594046630608, 'ign_k': 0.0029519227433917453, 'ign_c': 0.4051452710153359, 'trop_agb_crit': 1.6034837661963206, 'trop_k_veg': 2.9556982260250564, 'fuel_k': 0.03201034713747641, 'fuel_half': 1.0889347318773486}.
  trial  430/2500  pareto_size=4  best_taylor=0.7649  best_ilamb=0.6064  (3.0 min)
[I 2026-07-22 20:38:40,550] Trial 430 finished with values: [-0.29725715016281223, 0.39142998859898026] and parameters: {'k1': 0.0001971137615017176, 'D_low': 35.437765484261625, 'k2': 0.0004976087827261435, 'D_high': 7589190.453000005, 'fire_exp': 1.1234725391720877, 'P_half': 20.654107883022302, 'pre_dampen_half': 14.689407256107613, 'gpp_af': 0.2901272149738624, 'gpp_b': 2.852199954727099e-05, 'gpp_d': 0.04409594046630608, 'ign_k': 0.0029519227433917453, 'ign_c': 183.3717796770994, 'trop_agb_crit': 1.7684545676288064, 'trop_k_veg': 6.863422129054256, 'fuel_k': 0.03201034713747641, 'fuel_half': 1.0889347318773486}.
[I 2026-07-22 20:38:40,966] Trial 431 finished with values: [-0.4250150191681365, 0.1850201036487279] and parameters: {'k1': 0.0007883068789768041, 'D_low': 3.86371393182755, 'k2': 0.0006863458703786212, 'D_high': 693439.2750387826, 'fire_exp': 1.6236231976277165, 'P_half': 44.71679901231308, 'pre_dampen_half': 0.7245868181143029, 'gpp_af': 0.2901272149738624, 'gpp_b': 2.852199954727099e-05, 'gpp_d': 40.95062894476691, 'ign_k': 0.013276678836047658, 'ign_c': 5.199673923878318, 'trop_agb_crit': 12.856643861355176, 'trop_k_veg': 0.8170196702261714, 'fuel_k': 4.0632364973692425, 'fuel_half': 1.0889347318773486}.
[I 2026-07-22 20:38:41,378] Trial 432 finished with values: [-0.738043456140425, 0.15300325583166252] and parameters: {'k1': 0.028401063201780267, 'D_low': 1.6752866684650682, 'k2': 0.015109086063191909, 'D_high': 2413579.2291304003, 'fire_exp': 1.5191397119156032, 'P_half': 50.34696988263488, 'pre_dampen_half': 16.224010950061366, 'gpp_af': 3.470266988650414, 'gpp_b': 0.004458440839692221, 'gpp_d': 12.338826503601998, 'ign_k': 2.136832907235876, 'ign_c': 22.126836566118193, 'trop_agb_crit': 2.7395739167173065, 'trop_k_veg': 1.3987664054208562, 'fuel_k': 0.025620781631399487, 'fuel_half': 0.6603566884894324}.
[I 2026-07-22 20:38:41,794] Trial 433 finished with values: [11.77308187855448, 11.77308187855448] and parameters: {'k1': 0.0011101191524846067, 'D_low': 47.81931841485258, 'k2': 0.015602015889668856, 'D_high': 2742371.6496047364, 'fire_exp': 1.9025702662542903, 'P_half': 13.30003421978439, 'pre_dampen_half': 13.472769577631588, 'gpp_af': 0.2991469302130216, 'gpp_b': 2.176805640408474e-05, 'gpp_d': 352.0481045526035, 'ign_k': 0.0029519227433917453, 'ign_c': 44.67752817973901, 'trop_agb_crit': 1.1693687409928537, 'trop_k_veg': 2.1144348148283285, 'fuel_k': 4.710433409437071, 'fuel_half': 0.12882919135887003}.
[I 2026-07-22 20:38:42,212] Trial 434 finished with values: [10.114341513045995, 10.114341513045995] and parameters: {'k1': 0.012840669372724958, 'D_low': 1.6752866684650682, 'k2': 0.014666151770108535, 'D_high': 2742371.6496047364, 'fire_exp': 1.8719045352638064, 'P_half': 60.759029110813756, 'pre_dampen_half': 8.259599205585763, 'gpp_af': 0.053663001820106804, 'gpp_b': 0.0004382884213732982, 'gpp_d': 12.338826503601998, 'ign_k': 0.0029519227433917453, 'ign_c': 22.126836566118193, 'trop_agb_crit': 2.679156169946616, 'trop_k_veg': 1.3987664054208562, 'fuel_k': 0.025620781631399487, 'fuel_half': 1.3323297901105766}.
[I 2026-07-22 20:38:42,629] Trial 435 finished with values: [10.580563859875813, 10.580563859875813] and parameters: {'k1': 0.004898620823554844, 'D_low': 1.6752866684650682, 'k2': 0.014666151770108535, 'D_high': 2742371.6496047364, 'fire_exp': 1.8719045352638064, 'P_half': 882.2833027501578, 'pre_dampen_half': 70.78932406899753, 'gpp_af': 0.2991469302130216, 'gpp_b': 0.004458440839692221, 'gpp_d': 274.48645214004335, 'ign_k': 0.038563028138793747, 'ign_c': 30.785541778315018, 'trop_agb_crit': 2.679156169946616, 'trop_k_veg': 2.1144348148283285, 'fuel_k': 4.710433409437071, 'fuel_half': 84.6362160256194}.
[I 2026-07-22 20:38:43,042] Trial 436 finished with values: [10.108299919280087, 10.108299919280087] and parameters: {'k1': 0.0009299619346742016, 'D_low': 86.64406862241785, 'k2': 0.00018245734513362482, 'D_high': 693439.2750387826, 'fire_exp': 1.8371912971425937, 'P_half': 19.625093208439857, 'pre_dampen_half': 0.1261583527429052, 'gpp_af': 3.470266988650414, 'gpp_b': 1.3289448722869181e-05, 'gpp_d': 722.6207258080483, 'ign_k': 2.5383218374507304, 'ign_c': 5.199673923878318, 'trop_agb_crit': 10.215415653610627, 'trop_k_veg': 1.1514990646668624, 'fuel_k': 0.07002142869039267, 'fuel_half': 3.75205585512428}.
[I 2026-07-22 20:38:43,460] Trial 437 finished with values: [11.015133695781666, 11.015133695781666] and parameters: {'k1': 0.007926237587961899, 'D_low': 356.959242804259, 'k2': 0.0007916322947490366, 'D_high': 6525529.853354094, 'fire_exp': 1.1109593465084138, 'P_half': 157.80309954142965, 'pre_dampen_half': 565.0116730717867, 'gpp_af': 0.03522602097143089, 'gpp_b': 0.00012118589392553798, 'gpp_d': 10.931606102061748, 'ign_k': 0.012868405331151606, 'ign_c': 0.8053471030316095, 'trop_agb_crit': 1.1693687409928537, 'trop_k_veg': 2.724170387400844, 'fuel_k': 0.41829719944607047, 'fuel_half': 0.1614670469622492}.
[I 2026-07-22 20:38:43,874] Trial 438 finished with values: [10.13467401021174, 10.13467401021174] and parameters: {'k1': 0.008471801418819975, 'D_low': 35.437765484261625, 'k2': 0.0006863458703786212, 'D_high': 25566.506194206, 'fire_exp': 1.5704801393982246, 'P_half': 44.71679901231308, 'pre_dampen_half': 0.7245868181143029, 'gpp_af': 0.015875524914818664, 'gpp_b': 2.852199954727099e-05, 'gpp_d': 707.2114131472224, 'ign_k': 2.7142572552186843, 'ign_c': 5.199673923878318, 'trop_agb_crit': 12.856643861355176, 'trop_k_veg': 4.050700716504253, 'fuel_k': 0.07002142869039267, 'fuel_half': 1.0889347318773486}.
[I 2026-07-22 20:38:44,291] Trial 439 finished with values: [11.888264909296097, 11.888264909296097] and parameters: {'k1': 0.012840669372724958, 'D_low': 35.437765484261625, 'k2': 0.0006863458703786212, 'D_high': 2742371.6496047364, 'fire_exp': 2.167350726900978, 'P_half': 44.71679901231308, 'pre_dampen_half': 106.74579222939717, 'gpp_af': 0.2991469302130216, 'gpp_b': 2.176805640408474e-05, 'gpp_d': 40.95062894476691, 'ign_k': 0.008226074946221037, 'ign_c': 0.12510188850164433, 'trop_agb_crit': 8.983402272488592, 'trop_k_veg': 4.050700716504253, 'fuel_k': 4.710433409437071, 'fuel_half': 1.0889347318773486}.
[I 2026-07-22 20:38:44,705] Trial 440 finished with values: [10.276826416969703, 10.276826416969703] and parameters: {'k1': 0.0011101191524846067, 'D_low': 2240.9155921647994, 'k2': 0.0195165137832656, 'D_high': 2742371.6496047364, 'fire_exp': 1.9025702662542903, 'P_half': 93.43302657318476, 'pre_dampen_half': 13.472769577631588, 'gpp_af': 0.015875524914818664, 'gpp_b': 0.004458440839692221, 'gpp_d': 352.0481045526035, 'ign_k': 0.0029519227433917453, 'ign_c': 44.67752817973901, 'trop_agb_crit': 6.289029460848807, 'trop_k_veg': 2.1144348148283285, 'fuel_k': 4.710433409437071, 'fuel_half': 1.0889347318773486}.
[I 2026-07-22 20:38:45,128] Trial 441 finished with values: [-0.5073353646623234, 0.14483170212920637] and parameters: {'k1': 0.012840669372724958, 'D_low': 3.86371393182755, 'k2': 0.06598741607403362, 'D_high': 2742371.6496047364, 'fire_exp': 1.8719045352638064, 'P_half': 93.43302657318476, 'pre_dampen_half': 0.9829324480069707, 'gpp_af': 0.2991469302130216, 'gpp_b': 0.0001484082099455773, 'gpp_d': 483.22422323215085, 'ign_k': 0.0011417577140741143, 'ign_c': 39.52220881906112, 'trop_agb_crit': 8.983402272488592, 'trop_k_veg': 0.8170196702261714, 'fuel_k': 4.710433409437071, 'fuel_half': 0.17108183937377372}.
[I 2026-07-22 20:38:45,542] Trial 442 finished with values: [10.00298816981864, 10.00298816981864] and parameters: {'k1': 0.0021949137421473017, 'D_low': 1.6752866684650682, 'k2': 0.029722485376535667, 'D_high': 693439.2750387826, 'fire_exp': 1.2075703829393736, 'P_half': 56.22114524476698, 'pre_dampen_half': 0.7245868181143029, 'gpp_af': 0.05511595477601764, 'gpp_b': 0.00012118589392553798, 'gpp_d': 274.48645214004335, 'ign_k': 2.7142572552186843, 'ign_c': 5.199673923878318, 'trop_agb_crit': 5.526463318565575, 'trop_k_veg': 2.724170387400844, 'fuel_k': 0.025620781631399487, 'fuel_half': 1.0889347318773486}.
[I 2026-07-22 20:38:45,958] Trial 443 finished with values: [-0.6537947632177721, 0.16406867546231196] and parameters: {'k1': 0.00022704877557909215, 'D_low': 216.6574784061471, 'k2': 0.0009562822793888481, 'D_high': 2413579.2291304003, 'fire_exp': 1.5532616753672623, 'P_half': 355.00125258511594, 'pre_dampen_half': 16.224010950061366, 'gpp_af': 3.470266988650414, 'gpp_b': 1.3289448722869181e-05, 'gpp_d': 36.831884165358964, 'ign_k': 2.136832907235876, 'ign_c': 17.583640270008498, 'trop_agb_crit': 2.7395739167173065, 'trop_k_veg': 0.681921925779883, 'fuel_k': 0.07002142869039267, 'fuel_half': 0.3036855685244964}.
[I 2026-07-22 20:38:46,373] Trial 444 finished with values: [-0.37088941966475303, 0.4696530455205876] and parameters: {'k1': 0.0001971137615017176, 'D_low': 356.959242804259, 'k2': 0.015109086063191909, 'D_high': 284.74649993162916, 'fire_exp': 1.1109593465084138, 'P_half': 56.22114524476698, 'pre_dampen_half': 233.5530649297829, 'gpp_af': 0.05511595477601764, 'gpp_b': 0.0001484082099455773, 'gpp_d': 10.931606102061748, 'ign_k': 2.7142572552186843, 'ign_c': 0.8053471030316095, 'trop_agb_crit': 3.1419938725278875, 'trop_k_veg': 0.7258074184598352, 'fuel_k': 0.025620781631399487, 'fuel_half': 72.7420826493834}.
[I 2026-07-22 20:38:46,785] Trial 445 finished with values: [10.750207998850792, 10.750207998850792] and parameters: {'k1': 0.028401063201780267, 'D_low': 16.00237013173313, 'k2': 0.00033271381912662167, 'D_high': 6525529.853354094, 'fire_exp': 1.1234725391720877, 'P_half': 56.22114524476698, 'pre_dampen_half': 8.259599205585763, 'gpp_af': 0.03522602097143089, 'gpp_b': 0.004458440839692221, 'gpp_d': 12.338826503601998, 'ign_k': 3.965503094323014, 'ign_c': 30.785541778315018, 'trop_agb_crit': 5.526463318565575, 'trop_k_veg': 2.724170387400844, 'fuel_k': 0.10978148458640455, 'fuel_half': 1.0889347318773486}.
[I 2026-07-22 20:38:47,203] Trial 446 finished with values: [10.151389763348996, 10.151389763348996] and parameters: {'k1': 0.00022704877557909215, 'D_low': 890.3633614906976, 'k2': 0.0009562822793888481, 'D_high': 2007776.2367162877, 'fire_exp': 1.5532616753672623, 'P_half': 93.43302657318476, 'pre_dampen_half': 13.472769577631588, 'gpp_af': 0.04897515106470033, 'gpp_b': 0.0001484082099455773, 'gpp_d': 40.95062894476691, 'ign_k': 0.013276678836047658, 'ign_c': 44.67752817973901, 'trop_agb_crit': 8.983402272488592, 'trop_k_veg': 2.1144348148283285, 'fuel_k': 4.710433409437071, 'fuel_half': 1.3323297901105766}.
[I 2026-07-22 20:38:47,618] Trial 447 finished with values: [11.017603396495707, 11.017603396495707] and parameters: {'k1': 0.0006579066240690734, 'D_low': 2240.9155921647994, 'k2': 0.00016536937182824412, 'D_high': 7589190.453000005, 'fire_exp': 1.280395569626612, 'P_half': 2.0598022365449626, 'pre_dampen_half': 272.9378165037472, 'gpp_af': 0.2991469302130216, 'gpp_b': 2.176805640408474e-05, 'gpp_d': 12.151631524283598, 'ign_k': 0.003252245757497283, 'ign_c': 0.13035590385085064, 'trop_agb_crit': 2.116824560533658, 'trop_k_veg': 0.5857461307917441, 'fuel_k': 0.2989986919437383, 'fuel_half': 0.43540407017515786}.
[I 2026-07-22 20:38:48,035] Trial 448 finished with values: [10.542376146799686, 10.542376146799686] and parameters: {'k1': 0.012840669372724958, 'D_low': 1.6752866684650682, 'k2': 0.0195165137832656, 'D_high': 2742371.6496047364, 'fire_exp': 1.8650480821905064, 'P_half': 102.4585893986732, 'pre_dampen_half': 70.78932406899753, 'gpp_af': 0.007914355321045717, 'gpp_b': 2.176805640408474e-05, 'gpp_d': 274.48645214004335, 'ign_k': 0.038563028138793747, 'ign_c': 0.12510188850164433, 'trop_agb_crit': 2.679156169946616, 'trop_k_veg': 4.129715873342729, 'fuel_k': 0.025620781631399487, 'fuel_half': 1.3323297901105766}.
[I 2026-07-22 20:38:48,450] Trial 449 finished with values: [10.380447244965515, 10.380447244965515] and parameters: {'k1': 0.007926237587961899, 'D_low': 16.00237013173313, 'k2': 0.00033271381912662167, 'D_high': 6525529.853354094, 'fire_exp': 1.5704801393982246, 'P_half': 44.71679901231308, 'pre_dampen_half': 8.259599205585763, 'gpp_af': 0.015875524914818664, 'gpp_b': 0.005419266601560437, 'gpp_d': 450.59526947401275, 'ign_k': 3.965503094323014, 'ign_c': 22.126836566118193, 'trop_agb_crit': 1.1693687409928537, 'trop_k_veg': 4.050700716504253, 'fuel_k': 0.10978148458640455, 'fuel_half': 71.14476009343416}.
[I 2026-07-22 20:38:48,867] Trial 450 finished with values: [10.033259982471574, 10.033259982471574] and parameters: {'k1': 0.0006579066240690734, 'D_low': 216.6574784061471, 'k2': 0.0009562822793888481, 'D_high': 2413579.2291304003, 'fire_exp': 1.0425212905832526, 'P_half': 8.318314747941244, 'pre_dampen_half': 1.2531420756075002, 'gpp_af': 0.017324270154949098, 'gpp_b': 1.3289448722869181e-05, 'gpp_d': 36.831884165358964, 'ign_k': 0.0011417577140741143, 'ign_c': 17.583640270008498, 'trop_agb_crit': 2.7395739167173065, 'trop_k_veg': 6.710511644250377, 'fuel_k': 0.07002142869039267, 'fuel_half': 0.17108183937377372}.
[I 2026-07-22 20:38:49,280] Trial 451 finished with values: [-0.45816471570005973, 0.21239496575355943] and parameters: {'k1': 1.263794633808287e-05, 'D_low': 2240.9155921647994, 'k2': 0.0004976087827261435, 'D_high': 3714594.1935037985, 'fire_exp': 1.0871627347485018, 'P_half': 94.99072859745384, 'pre_dampen_half': 0.2774295811500811, 'gpp_af': 0.2901272149738624, 'gpp_b': 0.0001484082099455773, 'gpp_d': 450.59526947401275, 'ign_k': 0.0029519227433917453, 'ign_c': 39.52220881906112, 'trop_agb_crit': 3.1419938725278875, 'trop_k_veg': 3.345591145807529, 'fuel_k': 4.0632364973692425, 'fuel_half': 0.13122924251987642}.
[I 2026-07-22 20:38:49,696] Trial 452 finished with values: [11.180290943096951, 11.180290943096951] and parameters: {'k1': 0.028401063201780267, 'D_low': 2240.9155921647994, 'k2': 0.014666151770108535, 'D_high': 693439.2750387826, 'fire_exp': 1.118387798300113, 'P_half': 50.34696988263488, 'pre_dampen_half': 8.259599205585763, 'gpp_af': 0.2991469302130216, 'gpp_b': 0.0004382884213732982, 'gpp_d': 352.0481045526035, 'ign_k': 3.965503094323014, 'ign_c': 0.2939463458625969, 'trop_agb_crit': 4.655354911933648, 'trop_k_veg': 1.3987664054208562, 'fuel_k': 0.025620781631399487, 'fuel_half': 63.33226970652634}.
[I 2026-07-22 20:38:50,117] Trial 453 finished with values: [10.515233421053507, 10.515233421053507] and parameters: {'k1': 0.004898620823554844, 'D_low': 1.6752866684650682, 'k2': 0.0195165137832656, 'D_high': 34634.27660734638, 'fire_exp': 1.5191397119156032, 'P_half': 56.22114524476698, 'pre_dampen_half': 13.472769577631588, 'gpp_af': 0.05511595477601764, 'gpp_b': 0.004458440839692221, 'gpp_d': 0.04409594046630608, 'ign_k': 0.0029519227433917453, 'ign_c': 30.785541778315018, 'trop_agb_crit': 1.6034837661963206, 'trop_k_veg': 2.9556982260250564, 'fuel_k': 0.025620781631399487, 'fuel_half': 0.6603566884894324}.
