[I 2026-06-10 21:57:40,004] Trial 261 finished with values: [10.436515060809503, 10.436515060809503] and parameters: {'k1': 0.08409006963311547, 'D_low': 2186.356344942016, 'k2': 0.003767022142229395, 'D_high': 16780.50857913099, 'fire_exp': 1.111738490499784, 'P_half': 1.4551749476072258, 'pre_dampen_half': 16.009350908593582, 'gpp_af': 37.28155624293858, 'gpp_b': 1.4540386644083135e-05, 'gpp_d': 0.12878367369717508, 'ign_k': 0.00840038491455979, 'ign_c': 7.081721844034206, 'trop_agb_crit': 1.0693376406863295, 'trop_k_veg': 6.825463866194253, 'fire_amp': 3.102033517490054}.
[I 2026-06-10 21:57:41,958] Trial 262 finished with values: [10.517165857749925, 10.517165857749925] and parameters: {'k1': 0.0326979063339169, 'D_low': 12.105387404469584, 'k2': 0.003767022142229395, 'D_high': 32311.521854410956, 'fire_exp': 1.0601964743503993, 'P_half': 10.94496366796197, 'pre_dampen_half': 121.93011993958949, 'gpp_af': 0.07118041471054574, 'gpp_b': 0.6089142387470042, 'gpp_d': 0.12878367369717508, 'ign_k': 0.4303356629825978, 'ign_c': 7.081721844034206, 'trop_agb_crit': 12.708819454040446, 'trop_k_veg': 6.825463866194253, 'fire_amp': 1.5719333351012774}.
[I 2026-06-10 21:57:43,695] Trial 263 finished with values: [10.20598930741217, 10.20598930741217] and parameters: {'k1': 0.006079905434073396, 'D_low': 12.105387404469584, 'k2': 2.316457903103837e-05, 'D_high': 2295.7398214549485, 'fire_exp': 1.0601964743503993, 'P_half': 12.262543158860007, 'pre_dampen_half': 189.36639872354493, 'gpp_af': 3.298293484806585, 'gpp_b': 0.006999112505425414, 'gpp_d': 0.030844007727232167, 'ign_k': 0.00840038491455979, 'ign_c': 48.704711413416454, 'trop_agb_crit': 8.639792249596399, 'trop_k_veg': 1.6648666152166967, 'fire_amp': 5.869450070968175}.
[I 2026-06-10 21:57:45,318] Trial 264 finished with values: [10.652681395806486, 10.652681395806486] and parameters: {'k1': 0.006079905434073396, 'D_low': 43.2326421037033, 'k2': 0.003767022142229395, 'D_high': 30227.031291375773, 'fire_exp': 1.0420149135640993, 'P_half': 12.262543158860007, 'pre_dampen_half': 189.36639872354493, 'gpp_af': 1.9706963379095486, 'gpp_b': 1.3415796596713932e-05, 'gpp_d': 0.12878367369717508, 'ign_k': 0.02779045054796808, 'ign_c': 7.081721844034206, 'trop_agb_crit': 1.0693376406863295, 'trop_k_veg': 1.6648666152166967, 'fire_amp': 1.5719333351012774}.
[I 2026-06-10 21:57:47,008] Trial 265 finished with values: [10.609362692623174, 10.609362692623174] and parameters: {'k1': 0.0014452451441203328, 'D_low': 1074.940539517341, 'k2': 5.5686900831970225e-05, 'D_high': 29.126651668813768, 'fire_exp': 1.9783727454920947, 'P_half': 1.4551749476072258, 'pre_dampen_half': 79.2915624488668, 'gpp_af': 1.3954498518315706, 'gpp_b': 0.006999112505425414, 'gpp_d': 79.05373031352391, 'ign_k': 0.09256855841989636, 'ign_c': 7.832259769732471, 'trop_agb_crit': 1.8023542850487386, 'trop_k_veg': 1.6648666152166967, 'fire_amp': 4.2446263054164195}.
[I 2026-06-10 21:57:48,864] Trial 266 finished with values: [25.036777237143163, 25.036777237143163] and parameters: {'k1': 0.012840669372724958, 'D_low': 43.2326421037033, 'k2': 0.003767022142229395, 'D_high': 42210.21267871043, 'fire_exp': 1.41873960828944, 'P_half': 12.262543158860007, 'pre_dampen_half': 189.36639872354493, 'gpp_af': 3.298293484806585, 'gpp_b': 1.3415796596713932e-05, 'gpp_d': 700.6693992445935, 'ign_k': 0.02779045054796808, 'ign_c': 1.9423015749984096, 'trop_agb_crit': 8.188098178380693, 'trop_k_veg': 2.520089655463604, 'fire_amp': 5.869450070968175}.
[I 2026-06-10 21:57:50,721] Trial 267 finished with values: [10.622952588828676, 10.622952588828676] and parameters: {'k1': 0.00023134781612225627, 'D_low': 12.105387404469584, 'k2': 3.152468275632564e-05, 'D_high': 267.3088310781672, 'fire_exp': 1.0601964743503993, 'P_half': 69.68111190775313, 'pre_dampen_half': 11.669626228257902, 'gpp_af': 0.0662749342026412, 'gpp_b': 2.800940363375676e-05, 'gpp_d': 28.312234265202243, 'ign_k': 0.00840038491455979, 'ign_c': 0.6235377135673155, 'trop_agb_crit': 1.438876022196885, 'trop_k_veg': 1.508040082046931, 'fire_amp': 4.783836175730692}.
[I 2026-06-10 21:57:52,360] Trial 268 finished with values: [10.094982178895036, 10.094982178895036] and parameters: {'k1': 0.012840669372724958, 'D_low': 12.105387404469584, 'k2': 0.003767022142229395, 'D_high': 36998.679204890876, 'fire_exp': 1.0601964743503993, 'P_half': 2834.090429514774, 'pre_dampen_half': 33.71909132517384, 'gpp_af': 0.016306190741524337, 'gpp_b': 0.0004125336560355494, 'gpp_d': 0.7698760608299932, 'ign_k': 0.00840038491455979, 'ign_c': 157.63098727399432, 'trop_agb_crit': 1.0693376406863295, 'trop_k_veg': 2.520089655463604, 'fire_amp': 4.783836175730692}.
[I 2026-06-10 21:57:54,082] Trial 269 finished with values: [10.409496689623142, 10.409496689623142] and parameters: {'k1': 0.016973078532467004, 'D_low': 12.105387404469584, 'k2': 0.003767022142229395, 'D_high': 2427.054417940131, 'fire_exp': 1.0601964743503993, 'P_half': 8.318314747941244, 'pre_dampen_half': 0.011396414164620812, 'gpp_af': 6.384685545228285, 'gpp_b': 1.1008110571039521e-05, 'gpp_d': 46.010874324515754, 'ign_k': 0.00840038491455979, 'ign_c': 48.704711413416454, 'trop_agb_crit': 1.5033346993841157, 'trop_k_veg': 0.6673124511410327, 'fire_amp': 4.19233232783727}.
[I 2026-06-10 21:57:55,833] Trial 270 finished with values: [10.12701029238357, 10.12701029238357] and parameters: {'k1': 0.012840669372724958, 'D_low': 148.21691630007544, 'k2': 0.02065142557895925, 'D_high': 42210.21267871043, 'fire_exp': 1.2344878997299724, 'P_half': 61.6097529474144, 'pre_dampen_half': 4.603480758878793, 'gpp_af': 0.10098504976210308, 'gpp_b': 2.800940363375676e-05, 'gpp_d': 0.7698760608299932, 'ign_k': 0.002357279455676982, 'ign_c': 1.9423015749984096, 'trop_agb_crit': 1.2489332852689512, 'trop_k_veg': 2.520089655463604, 'fire_amp': 1.5180207449214471}.
[I 2026-06-10 21:57:57,588] Trial 271 finished with values: [11.343229935526674, 11.343229935526674] and parameters: {'k1': 0.016973078532467004, 'D_low': 146.24004590125713, 'k2': 0.003767022142229395, 'D_high': 2427.054417940131, 'fire_exp': 1.0601964743503993, 'P_half': 24.617096698415132, 'pre_dampen_half': 16.009350908593582, 'gpp_af': 0.0662749342026412, 'gpp_b': 1.1008110571039521e-05, 'gpp_d': 46.010874324515754, 'ign_k': 0.00840038491455979, 'ign_c': 51.53053011412483, 'trop_agb_crit': 1.0693376406863295, 'trop_k_veg': 0.6673124511410327, 'fire_amp': 4.19233232783727}.
[I 2026-06-10 21:57:59,209] Trial 272 finished with values: [10.797336715977359, 10.797336715977359] and parameters: {'k1': 0.003968136435370146, 'D_low': 1.7551403048208316, 'k2': 0.0001280886335404798, 'D_high': 32311.521854410956, 'fire_exp': 1.811096651915224, 'P_half': 5.4712187293420325, 'pre_dampen_half': 10.931606102061748, 'gpp_af': 0.07118041471054574, 'gpp_b': 0.00031478066835753096, 'gpp_d': 0.1619054449471649, 'ign_k': 0.09256855841989636, 'ign_c': 7.081721844034206, 'trop_agb_crit': 1.8023542850487386, 'trop_k_veg': 0.5535297685306277, 'fire_amp': 5.615047466686494}.
[I 2026-06-10 21:58:00,984] Trial 273 finished with values: [10.269960943911258, 10.269960943911258] and parameters: {'k1': 0.00031134168041628584, 'D_low': 12.105387404469584, 'k2': 0.0004976087827261435, 'D_high': 22.636544662054543, 'fire_exp': 1.14171776851287, 'P_half': 69.68111190775313, 'pre_dampen_half': 33.71909132517384, 'gpp_af': 0.0662749342026412, 'gpp_b': 0.0012611058927054877, 'gpp_d': 28.312234265202243, 'ign_k': 0.00840038491455979, 'ign_c': 157.63098727399432, 'trop_agb_crit': 1.0693376406863295, 'trop_k_veg': 0.6673124511410327, 'fire_amp': 4.783836175730692}.
[I 2026-06-10 21:58:02,662] Trial 274 finished with values: [10.832970581190578, 10.832970581190578] and parameters: {'k1': 5.7909642338812115e-05, 'D_low': 23.307122788234057, 'k2': 0.0002442377596403892, 'D_high': 8912.611835817017, 'fire_exp': 4.291626251159958, 'P_half': 774.5825831079144, 'pre_dampen_half': 4.603480758878793, 'gpp_af': 0.005061568304359487, 'gpp_b': 1.4540386644083135e-05, 'gpp_d': 0.12878367369717508, 'ign_k': 0.002357279455676982, 'ign_c': 7.081721844034206, 'trop_agb_crit': 1.2489332852689512, 'trop_k_veg': 2.520089655463604, 'fire_amp': 3.1045399027418377}.
[I 2026-06-10 21:58:04,490] Trial 275 finished with values: [10.833333333029685, 10.833333333029685] and parameters: {'k1': 0.05347027553411487, 'D_low': 1074.940539517341, 'k2': 0.02065142557895925, 'D_high': 262.11304189124235, 'fire_exp': 1.0812994412809738, 'P_half': 61.6097529474144, 'pre_dampen_half': 4.603480758878793, 'gpp_af': 3.298293484806585, 'gpp_b': 0.00012118589392553798, 'gpp_d': 0.7698760608299932, 'ign_k': 0.0029519227433917453, 'ign_c': 1.9423015749984096, 'trop_agb_crit': 1.8023542850487386, 'trop_k_veg': 6.172643383211297, 'fire_amp': 1.5180207449214471}.
[I 2026-06-10 21:58:06,148] Trial 276 finished with values: [10.607964105811082, 10.607964105811082] and parameters: {'k1': 2.570626095678496e-05, 'D_low': 12.105387404469584, 'k2': 0.0004976087827261435, 'D_high': 42210.21267871043, 'fire_exp': 1.2918065501148304, 'P_half': 93.43302657318476, 'pre_dampen_half': 16.009350908593582, 'gpp_af': 1.9706963379095486, 'gpp_b': 0.0003601974223479835, 'gpp_d': 0.12878367369717508, 'ign_k': 0.00840038491455979, 'ign_c': 39.52220881906114, 'trop_agb_crit': 1.0693376406863295, 'trop_k_veg': 2.520089655463604, 'fire_amp': 1.5719333351012774}.
[I 2026-06-10 21:58:07,922] Trial 277 finished with values: [10.833333333029685, 10.833333333029685] and parameters: {'k1': 0.00031134168041628584, 'D_low': 12.105387404469584, 'k2': 0.003767022142229395, 'D_high': 30227.031291375773, 'fire_exp': 1.41873960828944, 'P_half': 69.68111190775313, 'pre_dampen_half': 33.71909132517384, 'gpp_af': 0.060029341913968644, 'gpp_b': 1.4540386644083135e-05, 'gpp_d': 1.4397852866783676, 'ign_k': 0.07867677706257832, 'ign_c': 342.8810943862522, 'trop_agb_crit': 12.9667438075127, 'trop_k_veg': 0.6673124511410327, 'fire_amp': 4.783836175730692}.
[I 2026-06-10 21:58:09,725] Trial 278 finished with values: [10.833333333029685, 10.833333333029685] and parameters: {'k1': 0.00031134168041628584, 'D_low': 2396.0796124300746, 'k2': 0.003767022142229395, 'D_high': 21.095259085905752, 'fire_exp': 8.654231079054446, 'P_half': 7.598586431588784, 'pre_dampen_half': 189.36639872354493, 'gpp_af': 1.3954498518315706, 'gpp_b': 1.4540386644083135e-05, 'gpp_d': 7.631016235941559, 'ign_k': 0.00840038491455979, 'ign_c': 7.832259769732471, 'trop_agb_crit': 1.0693376406863295, 'trop_k_veg': 1.6648666152166967, 'fire_amp': 1.4475279918261055}.
[I 2026-06-10 21:58:11,812] Trial 279 finished with values: [11.043043736040593, 11.043043736040593] and parameters: {'k1': 0.00031134168041628584, 'D_low': 408.3047491580097, 'k2': 0.0002442377596403892, 'D_high': 30227.031291375773, 'fire_exp': 1.0601964743503993, 'P_half': 24.617096698415132, 'pre_dampen_half': 16.009350908593582, 'gpp_af': 0.9219336658511308, 'gpp_b': 5.0875243087016374e-05, 'gpp_d': 7.631016235941559, 'ign_k': 0.09256855841989636, 'ign_c': 7.832259769732471, 'trop_agb_crit': 18.081400596781233, 'trop_k_veg': 5.453348988480011, 'fire_amp': 1.4475279918261055}.
[I 2026-06-10 21:58:13,806] Trial 280 finished with values: [10.35205514452861, 10.35205514452861] and parameters: {'k1': 0.03648456083047798, 'D_low': 236.79352040223893, 'k2': 0.019383858782150494, 'D_high': 431.45617043093523, 'fire_exp': 1.0601964743503993, 'P_half': 564.3426708406568, 'pre_dampen_half': 38.00678588560607, 'gpp_af': 0.060029341913968644, 'gpp_b': 0.001674375583895437, 'gpp_d': 1.4397852866783676, 'ign_k': 0.00840038491455979, 'ign_c': 48.704711413416454, 'trop_agb_crit': 12.9667438075127, 'trop_k_veg': 2.99731137426955, 'fire_amp': 2.7806853670293616}.
[I 2026-06-10 21:58:15,672] Trial 281 finished with values: [10.698224269292044, 10.698224269292044] and parameters: {'k1': 0.014666151770108535, 'D_low': 1440.3650379563878, 'k2': 1.8678768363332442e-05, 'D_high': 42210.21267871043, 'fire_exp': 1.5315561686017187, 'P_half': 157.80309954142965, 'pre_dampen_half': 189.36639872354493, 'gpp_af': 0.9219336658511308, 'gpp_b': 2.176805640408474e-05, 'gpp_d': 236.32429088389833, 'ign_k': 0.0029519227433917453, 'ign_c': 13.054148118849394, 'trop_agb_crit': 18.081400596781233, 'trop_k_veg': 2.520089655463604, 'fire_amp': 1.4475279918261055}.
[I 2026-06-10 21:58:17,385] Trial 282 finished with values: [10.084505296430317, 10.084505296430317] and parameters: {'k1': 0.0001599021369655865, 'D_low': 12.105387404469584, 'k2': 0.006802810205786726, 'D_high': 431.45617043093523, 'fire_exp': 1.0601964743503993, 'P_half': 4.213183643253957, 'pre_dampen_half': 4.603480758878793, 'gpp_af': 0.016306190741524337, 'gpp_b': 2.800940363375676e-05, 'gpp_d': 0.7698760608299932, 'ign_k': 0.0029519227433917453, 'ign_c': 1.9423015749984096, 'trop_agb_crit': 1.0693376406863295, 'trop_k_veg': 2.520089655463604, 'fire_amp': 4.19233232783727}.
[I 2026-06-10 21:58:19,184] Trial 283 finished with values: [10.829915854483255, 10.829915854483255] and parameters: {'k1': 0.00031134168041628584, 'D_low': 12.105387404469584, 'k2': 0.01183296705746878, 'D_high': 42210.21267871043, 'fire_exp': 1.2918065501148304, 'P_half': 148.17820606039086, 'pre_dampen_half': 16.009350908593582, 'gpp_af': 0.0662749342026412, 'gpp_b': 2.800940363375676e-05, 'gpp_d': 28.312234265202243, 'ign_k': 0.22970993031159073, 'ign_c': 51.53053011412483, 'trop_agb_crit': 4.140875693557523, 'trop_k_veg': 2.520089655463604, 'fire_amp': 3.713485315741754}.
[I 2026-06-10 21:58:21,099] Trial 284 finished with values: [11.947881429549037, 11.947881429549037] and parameters: {'k1': 0.012840669372724958, 'D_low': 12.105387404469584, 'k2': 0.02065142557895925, 'D_high': 36998.679204890876, 'fire_exp': 1.0601964743503993, 'P_half': 61.6097529474144, 'pre_dampen_half': 33.71909132517384, 'gpp_af': 0.016306190741524337, 'gpp_b': 2.176805640408474e-05, 'gpp_d': 28.312234265202243, 'ign_k': 0.00840038491455979, 'ign_c': 1.9423015749984096, 'trop_agb_crit': 8.0091368834625, 'trop_k_veg': 6.778288138489648, 'fire_amp': 1.5180207449214471}.
[I 2026-06-10 21:58:22,929] Trial 285 finished with values: [10.447512132617028, 10.447512132617028] and parameters: {'k1': 5.7909642338812115e-05, 'D_low': 12.105387404469584, 'k2': 0.02065142557895925, 'D_high': 42210.21267871043, 'fire_exp': 1.0812994412809738, 'P_half': 1.859526645713404, 'pre_dampen_half': 16.009350908593582, 'gpp_af': 0.8144272585223832, 'gpp_b': 9.497440085397415e-05, 'gpp_d': 0.02253428262837267, 'ign_k': 0.00840038491455979, 'ign_c': 48.704711413416454, 'trop_agb_crit': 1.0693376406863295, 'trop_k_veg': 0.6673124511410327, 'fire_amp': 1.5719333351012774}.
[I 2026-06-10 21:58:24,638] Trial 286 finished with values: [10.277897995186343, 10.277897995186343] and parameters: {'k1': 0.0002418422795847161, 'D_low': 1.4002277211577039, 'k2': 2.316457903103837e-05, 'D_high': 2295.7398214549485, 'fire_exp': 1.1633452995374232, 'P_half': 12.262543158860007, 'pre_dampen_half': 1.8469033699850426, 'gpp_af': 3.298293484806585, 'gpp_b': 0.006999112505425414, 'gpp_d': 1.0088237648985734, 'ign_k': 0.02779045054796808, 'ign_c': 0.4177928311636542, 'trop_agb_crit': 1.8566494291193822, 'trop_k_veg': 5.453348988480011, 'fire_amp': 5.44779717154213}.
[I 2026-06-10 21:58:26,470] Trial 287 finished with values: [10.71646236104685, 10.71646236104685] and parameters: {'k1': 0.016973078532467004, 'D_low': 12.105387404469584, 'k2': 1.1417577140741129e-05, 'D_high': 2427.054417940131, 'fire_exp': 1.0601964743503993, 'P_half': 8.318314747941244, 'pre_dampen_half': 189.36639872354493, 'gpp_af': 3.298293484806585, 'gpp_b': 0.05314875633348467, 'gpp_d': 0.030844007727232167, 'ign_k': 0.09256855841989636, 'ign_c': 7.832259769732471, 'trop_agb_crit': 1.1683326952092081, 'trop_k_veg': 0.6673124511410327, 'fire_amp': 2.042193818779288}.
[I 2026-06-10 21:58:28,294] Trial 288 finished with values: [10.833333333029685, 10.833333333029685] and parameters: {'k1': 5.7909642338812115e-05, 'D_low': 3063.001606653078, 'k2': 0.02065142557895925, 'D_high': 42210.21267871043, 'fire_exp': 1.2918065501148304, 'P_half': 148.17820606039086, 'pre_dampen_half': 4.603480758878793, 'gpp_af': 0.2204465010099918, 'gpp_b': 9.497440085397415e-05, 'gpp_d': 0.03927259340973166, 'ign_k': 0.22970993031159073, 'ign_c': 783.3500522138154, 'trop_agb_crit': 8.0091368834625, 'trop_k_veg': 2.520089655463604, 'fire_amp': 3.713485315741754}.
[I 2026-06-10 21:58:30,081] Trial 289 finished with values: [10.564693982481144, 10.564693982481144] and parameters: {'k1': 0.0018697387216131526, 'D_low': 12.105387404469584, 'k2': 0.003767022142229395, 'D_high': 30227.031291375773, 'fire_exp': 1.41873960828944, 'P_half': 3.591771421517613, 'pre_dampen_half': 16.009350908593582, 'gpp_af': 0.008117091133892173, 'gpp_b': 0.00807491410172472, 'gpp_d': 12.338826503601998, 'ign_k': 0.00840038491455979, 'ign_c': 7.081721844034206, 'trop_agb_crit': 12.708819454040446, 'trop_k_veg': 0.6673124511410327, 'fire_amp': 1.5719333351012774}.
[I 2026-06-10 21:58:31,947] Trial 290 finished with values: [10.801656830929042, 10.801656830929042] and parameters: {'k1': 0.00026539376439360527, 'D_low': 7507.777979297807, 'k2': 0.0001016707987819611, 'D_high': 262.11304189124235, 'fire_exp': 1.7792742686803427, 'P_half': 12.262543158860007, 'pre_dampen_half': 8.259599205585761, 'gpp_af': 1.9998014714101113, 'gpp_b': 0.00012118589392553798, 'gpp_d': 594.7389794988394, 'ign_k': 3.965503094323014, 'ign_c': 1.4091459170104739, 'trop_agb_crit': 1.8023542850487386, 'trop_k_veg': 1.6003641872536711, 'fire_amp': 1.5587346124822492}.
[I 2026-06-10 21:58:33,688] Trial 291 finished with values: [10.775080134339358, 10.775080134339358] and parameters: {'k1': 0.0001887567630782227, 'D_low': 1.7551403048208316, 'k2': 0.08661811390647982, 'D_high': 21.095259085905752, 'fire_exp': 1.41873960828944, 'P_half': 996.7983879709292, 'pre_dampen_half': 16.009350908593582, 'gpp_af': 1.3954498518315706, 'gpp_b': 5.0875243087016374e-05, 'gpp_d': 7.631016235941559, 'ign_k': 0.07867677706257832, 'ign_c': 0.33139424373451987, 'trop_agb_crit': 12.708819454040446, 'trop_k_veg': 1.6648666152166967, 'fire_amp': 1.5719333351012774}.
[I 2026-06-10 21:58:35,511] Trial 292 finished with values: [10.310934325348793, 10.310934325348793] and parameters: {'k1': 0.012840669372724958, 'D_low': 12.105387404469584, 'k2': 0.003767022142229395, 'D_high': 22.636544662054543, 'fire_exp': 1.0601964743503993, 'P_half': 69.68111190775313, 'pre_dampen_half': 16.009350908593582, 'gpp_af': 0.016306190741524337, 'gpp_b': 1.4540386644083135e-05, 'gpp_d': 28.312234265202243, 'ign_k': 0.0029519227433917453, 'ign_c': 1.9423015749984096, 'trop_agb_crit': 1.0693376406863295, 'trop_k_veg': 2.520089655463604, 'fire_amp': 4.783836175730692}.
[I 2026-06-10 21:58:37,319] Trial 293 finished with values: [14.480871663380574, 14.480871663380574] and parameters: {'k1': 0.014666151770108535, 'D_low': 1079.0778643024298, 'k2': 0.0004976087827261435, 'D_high': 42210.21267871043, 'fire_exp': 1.14171776851287, 'P_half': 1.4551749476072258, 'pre_dampen_half': 189.36639872354493, 'gpp_af': 37.28155624293858, 'gpp_b': 2.176805640408474e-05, 'gpp_d': 236.32429088389833, 'ign_k': 0.09256855841989636, 'ign_c': 7.832259769732471, 'trop_agb_crit': 12.647327018493208, 'trop_k_veg': 2.520089655463604, 'fire_amp': 5.606809127618709}.
[I 2026-06-10 21:58:38,971] Trial 294 finished with values: [10.393729160185481, 10.393729160185481] and parameters: {'k1': 0.012840669372724958, 'D_low': 1.2768174677433957, 'k2': 0.0007731571570012607, 'D_high': 42210.21267871043, 'fire_exp': 1.2918065501148304, 'P_half': 1265.0580856641704, 'pre_dampen_half': 4.603480758878793, 'gpp_af': 0.41874665092828456, 'gpp_b': 0.0004125336560355494, 'gpp_d': 0.7698760608299932, 'ign_k': 0.17320535908244444, 'ign_c': 1.9423015749984096, 'trop_agb_crit': 2.0527418919564324, 'trop_k_veg': 5.453348988480011, 'fire_amp': 1.2393473789150806}.
[I 2026-06-10 21:58:40,638] Trial 295 finished with values: [10.078029182740178, 10.078029182740178] and parameters: {'k1': 5.7909642338812115e-05, 'D_low': 408.3047491580097, 'k2': 0.0002442377596403892, 'D_high': 12.541447539026084, 'fire_exp': 1.5315561686017187, 'P_half': 1.226010546471291, 'pre_dampen_half': 189.36639872354493, 'gpp_af': 0.9219336658511308, 'gpp_b': 5.0875243087016374e-05, 'gpp_d': 7.631016235941559, 'ign_k': 0.09256855841989636, 'ign_c': 7.832259769732471, 'trop_agb_crit': 18.081400596781233, 'trop_k_veg': 1.6648666152166967, 'fire_amp': 1.4475279918261055}.
[I 2026-06-10 21:58:42,250] Trial 296 finished with values: [10.743887593176533, 10.743887593176533] and parameters: {'k1': 0.0001969885015387913, 'D_low': 1.4002277211577039, 'k2': 1.1417577140741129e-05, 'D_high': 900.6846506533042, 'fire_exp': 1.9783727454920947, 'P_half': 157.3644610977214, 'pre_dampen_half': 30.456909077772018, 'gpp_af': 0.41874665092828456, 'gpp_b': 0.006999112505425414, 'gpp_d': 594.7389794988394, 'ign_k': 0.09256855841989636, 'ign_c': 7.832259769732471, 'trop_agb_crit': 1.8023542850487386, 'trop_k_veg': 1.6003641872536711, 'fire_amp': 1.5587346124822492}.
[I 2026-06-10 21:58:44,058] Trial 297 finished with values: [10.157625741826338, 10.157625741826338] and parameters: {'k1': 5.7909642338812115e-05, 'D_low': 148.21691630007544, 'k2': 0.02065142557895925, 'D_high': 42210.21267871043, 'fire_exp': 1.0601964743503993, 'P_half': 69.68111190775313, 'pre_dampen_half': 4.603480758878793, 'gpp_af': 0.060029341913968644, 'gpp_b': 9.497440085397415e-05, 'gpp_d': 1.4397852866783676, 'ign_k': 0.0032383308053152635, 'ign_c': 120.67843549291506, 'trop_agb_crit': 10.2166878366619, 'trop_k_veg': 2.99731137426955, 'fire_amp': 1.5180207449214471}.
