[I 2026-07-25 00:36:15,004] Trial 890 finished with value: -0.49076441306205265 and parameters: {'k1': 0.00021107321877427077, 'D_low': 44.60526732387409, 'k2': 5.657919271323498e-05, 'D_high': 74933.33498774495, 'fire_exp': 1.2730481983737776, 'P_half': 9.879359269198167, 'pre_dampen_half': 5.670442771498439, 'gpp_af': 0.7653615996499913, 'gpp_b': 0.028655700596938807, 'gpp_d': 54.96239053145915, 'ign_k': 0.0035362483573217842, 'ign_c': 6.755554770569616, 'trop_agb_crit': 29.756702329847844, 'trop_k_veg': 1.0754481550660495, 'gdp_gamma': 0.036351510397834005, 'cure_k': 0.044072110982677624, 'cure_p_min': 102.07970291219078, 'cure_gpp_ref': 0.1281565414932993, 'cure_agb_crit': 2.4197370843806163, 'fuel_k': 0.039906365694377145, 'fuel_half': 0.6929155949078138}. Best is trial 577 with value: -0.629883323094065.
[I 2026-07-25 00:36:15,549] Trial 891 finished with value: 0.5849359054792087 and parameters: {'k1': 0.0005972026976096173, 'D_low': 489.61223204116214, 'k2': 0.006788970835963136, 'D_high': 182669.0751752043, 'fire_exp': 1.959555832268812, 'P_half': 19.04308689899056, 'pre_dampen_half': 0.6011882370680045, 'gpp_af': 0.0011175531905575375, 'gpp_b': 0.0013800734034074733, 'gpp_d': 593.0738794709558, 'ign_k': 0.0011959315421733554, 'ign_c': 23.79663196652721, 'trop_agb_crit': 25.503541765766613, 'trop_k_veg': 1.1965762156263096, 'gdp_gamma': 0.29353843293286025, 'cure_k': 0.011905931919334768, 'cure_p_min': 81.01662581746812, 'cure_gpp_ref': 0.11549418193628691, 'cure_agb_crit': 1.7993526342219643, 'fuel_k': 0.09928965195610172, 'fuel_half': 11.521993189472898}. Best is trial 577 with value: -0.629883323094065.
[I 2026-07-25 00:36:16,016] Trial 892 finished with value: -0.5873551168093032 and parameters: {'k1': 0.00025608619185668607, 'D_low': 860.8707171840209, 'k2': 0.009500640683768708, 'D_high': 2373147.4609202617, 'fire_exp': 1.2166141676279834, 'P_half': 3.4722778400314134, 'pre_dampen_half': 9.132132513178243, 'gpp_af': 0.004663830195940435, 'gpp_b': 0.007008602824494843, 'gpp_d': 86.60966205448642, 'ign_k': 0.004630980672427079, 'ign_c': 1.4563373791218266, 'trop_agb_crit': 11.37148391644707, 'trop_k_veg': 1.3203403043304225, 'gdp_gamma': 0.81908537166317, 'cure_k': 0.025402959152206663, 'cure_p_min': 103.556817538031, 'cure_gpp_ref': 0.05641877965976653, 'cure_agb_crit': 1.5316250114549377, 'fuel_k': 0.04509206478839669, 'fuel_half': 73.09589785968447}. Best is trial 577 with value: -0.629883323094065.
[I 2026-07-25 00:36:16,481] Trial 893 finished with value: 0.5746488002155206 and parameters: {'k1': 0.0021324912328795874, 'D_low': 26609.933274204857, 'k2': 0.014735659369716882, 'D_high': 1024041.1353955813, 'fire_exp': 1.1467397933536898, 'P_half': 16.793447273238534, 'pre_dampen_half': 3.7978638323792078, 'gpp_af': 0.06243744671599814, 'gpp_b': 0.11897216373366597, 'gpp_d': 39.52651106735412, 'ign_k': 0.024753685901767918, 'ign_c': 30.452033341254946, 'trop_agb_crit': 24.46863234099532, 'trop_k_veg': 2.0686466189283372, 'gdp_gamma': 1.3811126336272215, 'cure_k': 0.011806956665396866, 'cure_p_min': 95.87239692388431, 'cure_gpp_ref': 0.07436648806641062, 'cure_agb_crit': 1.6749488715256136, 'fuel_k': 0.032234143954098037, 'fuel_half': 24.322179920606708}. Best is trial 577 with value: -0.629883323094065.
[I 2026-07-25 00:36:16,949] Trial 894 finished with value: 0.5937244173769063 and parameters: {'k1': 0.00022970325510372516, 'D_low': 822.995618468578, 'k2': 0.000983837362775, 'D_high': 423338.53912966937, 'fire_exp': 2.299575464627575, 'P_half': 1.4502849190184792, 'pre_dampen_half': 10.442204629038935, 'gpp_af': 0.004590772041997522, 'gpp_b': 0.022442418638278658, 'gpp_d': 54.097981031041456, 'ign_k': 0.008600201974230472, 'ign_c': 5.4827637238667215, 'trop_agb_crit': 6.109908654277799, 'trop_k_veg': 2.681145201734713, 'gdp_gamma': 0.4593054745378214, 'cure_k': 0.010631991279908475, 'cure_p_min': 84.91909514180185, 'cure_gpp_ref': 0.05355635189911453, 'cure_agb_crit': 1.3496140548720437, 'fuel_k': 0.014524484486365065, 'fuel_half': 38.828646305582865}. Best is trial 577 with value: -0.629883323094065.
[I 2026-07-25 00:36:17,413] Trial 895 finished with value: 0.5869329751074764 and parameters: {'k1': 1.575047776529131e-05, 'D_low': 1703.510196000699, 'k2': 0.0031708413489446707, 'D_high': 3658068.824890674, 'fire_exp': 1.2973514052554798, 'P_half': 12.86829048375935, 'pre_dampen_half': 5.813154826030057, 'gpp_af': 0.0028753442430549383, 'gpp_b': 0.026712264452357862, 'gpp_d': 2.2100421504595995, 'ign_k': 0.003906289709078278, 'ign_c': 0.4412996256170754, 'trop_agb_crit': 16.644894524979186, 'trop_k_veg': 1.1741917089410763, 'gdp_gamma': 0.11751998697420254, 'cure_k': 0.03741715254683854, 'cure_p_min': 92.76866295130097, 'cure_gpp_ref': 0.10005826566038695, 'cure_agb_crit': 1.8222998119160303, 'fuel_k': 0.04721701837659143, 'fuel_half': 78.96032903076345}. Best is trial 577 with value: -0.629883323094065.
[I 2026-07-25 00:36:17,884] Trial 896 finished with value: -0.5501983838913427 and parameters: {'k1': 0.0001507768194004864, 'D_low': 33.7028171218355, 'k2': 0.008454868808142906, 'D_high': 67619.33028179433, 'fire_exp': 1.993544590772065, 'P_half': 208.8826772083734, 'pre_dampen_half': 0.11936979241448868, 'gpp_af': 0.2975320783233779, 'gpp_b': 0.003010267227638335, 'gpp_d': 257.3254660464654, 'ign_k': 0.021385177563893444, 'ign_c': 0.11183110201769715, 'trop_agb_crit': 16.115873284319356, 'trop_k_veg': 1.4520436449513352, 'gdp_gamma': 0.6939168052210306, 'cure_k': 0.10842667532293755, 'cure_p_min': 85.20313062344562, 'cure_gpp_ref': 0.05926399340238227, 'cure_agb_crit': 1.6783359093213477, 'fuel_k': 0.12586217785617365, 'fuel_half': 24.82608420712858}. Best is trial 577 with value: -0.629883323094065.
[I 2026-07-25 00:36:18,363] Trial 897 finished with value: 0.5080134497122106 and parameters: {'k1': 0.001184891252832441, 'D_low': 1468.78268898495, 'k2': 0.00641093176142523, 'D_high': 5934677.637548205, 'fire_exp': 1.3848108953054972, 'P_half': 56.01046551287916, 'pre_dampen_half': 0.5364337491483532, 'gpp_af': 7.072632817442076, 'gpp_b': 0.0031825781390978705, 'gpp_d': 58.245356300277315, 'ign_k': 0.003199683405132355, 'ign_c': 0.17877705080307713, 'trop_agb_crit': 4.826372541626091, 'trop_k_veg': 3.8061394790862026, 'gdp_gamma': 0.09900505385187205, 'cure_k': 0.023230860379373643, 'cure_p_min': 393.62487712247844, 'cure_gpp_ref': 0.23378373537719976, 'cure_agb_crit': 3.9936146530172367, 'fuel_k': 0.8610190567275174, 'fuel_half': 56.99054352240066}. Best is trial 577 with value: -0.629883323094065.
[I 2026-07-25 00:36:18,842] Trial 898 finished with value: 0.5957091803039033 and parameters: {'k1': 0.0008828376792522125, 'D_low': 541.8906436914472, 'k2': 0.00012178088331920499, 'D_high': 5198679.46749163, 'fire_exp': 1.6339945851089726, 'P_half': 140.66362883663993, 'pre_dampen_half': 0.04384885579336522, 'gpp_af': 50.42047112373457, 'gpp_b': 6.217788013343617e-05, 'gpp_d': 630.1691588242436, 'ign_k': 0.23199442630505407, 'ign_c': 114.51063921267232, 'trop_agb_crit': 10.757783426455266, 'trop_k_veg': 1.7601738475172226, 'gdp_gamma': 0.540742265544222, 'cure_k': 0.025225998437676297, 'cure_p_min': 280.5671595369062, 'cure_gpp_ref': 0.1086552135357976, 'cure_agb_crit': 5.467051550836707, 'fuel_k': 0.1924096471001994, 'fuel_half': 0.12043914066715686}. Best is trial 577 with value: -0.629883323094065.
[I 2026-07-25 00:36:19,303] Trial 899 finished with value: -0.5676334997196808 and parameters: {'k1': 0.001644616577389822, 'D_low': 1.7791824386225494, 'k2': 0.005344320890677556, 'D_high': 6612693.597301896, 'fire_exp': 2.0599839120062837, 'P_half': 87.26555342922136, 'pre_dampen_half': 6.908643150330281, 'gpp_af': 0.10411169872901856, 'gpp_b': 0.0001891967620883399, 'gpp_d': 597.2113015879622, 'ign_k': 0.0013155907424170098, 'ign_c': 13.114923667781197, 'trop_agb_crit': 29.03838892357796, 'trop_k_veg': 2.0472538176925594, 'gdp_gamma': 0.3697801566669885, 'cure_k': 0.03695453663467838, 'cure_p_min': 106.66133066137536, 'cure_gpp_ref': 0.13186126995384154, 'cure_agb_crit': 2.8061469770641234, 'fuel_k': 0.1487524996409629, 'fuel_half': 1.1323073382463487}. Best is trial 577 with value: -0.629883323094065.
[I 2026-07-25 00:36:19,764] Trial 900 finished with value: 0.576549777717533 and parameters: {'k1': 0.0003930735709739408, 'D_low': 1536.791812265012, 'k2': 0.06363508105800678, 'D_high': 7641463.828626366, 'fire_exp': 2.9413165113505895, 'P_half': 396.5584790944361, 'pre_dampen_half': 3.294995472940922, 'gpp_af': 0.010752785825576134, 'gpp_b': 2.5620490832795644e-05, 'gpp_d': 973.3669611175193, 'ign_k': 0.0036785117853211204, 'ign_c': 38.97800395495496, 'trop_agb_crit': 11.054001909744708, 'trop_k_veg': 1.170368344393299, 'gdp_gamma': 0.2598169957895311, 'cure_k': 0.005678667906443401, 'cure_p_min': 84.46148059834358, 'cure_gpp_ref': 0.13400447225856382, 'cure_agb_crit': 3.147226561326236, 'fuel_k': 0.7606424073193732, 'fuel_half': 19.524899079979992}. Best is trial 577 with value: -0.629883323094065.
[I 2026-07-25 00:36:20,222] Trial 901 finished with value: 0.5395207072311097 and parameters: {'k1': 0.01608584489358313, 'D_low': 494.00443219261797, 'k2': 0.006198557045784258, 'D_high': 2105439.557889884, 'fire_exp': 1.0148374145729637, 'P_half': 25.531204559442184, 'pre_dampen_half': 5.045010169843961, 'gpp_af': 0.0010034694596706502, 'gpp_b': 0.014610804356787181, 'gpp_d': 155.7602357562789, 'ign_k': 0.047622445898614266, 'ign_c': 0.10727912398187363, 'trop_agb_crit': 17.659568044207514, 'trop_k_veg': 1.9678431108092778, 'gdp_gamma': 0.4351196378992698, 'cure_k': 0.07464493720626057, 'cure_p_min': 102.24751760752095, 'cure_gpp_ref': 0.08324880544807226, 'cure_agb_crit': 1.3053807508764224, 'fuel_k': 0.08300186860185445, 'fuel_half': 46.44767657442929}. Best is trial 577 with value: -0.629883323094065.
[I 2026-07-25 00:36:20,679] Trial 902 finished with value: 0.3979237824255708 and parameters: {'k1': 0.00033440171353521264, 'D_low': 372.0128368236884, 'k2': 0.0021783258325559353, 'D_high': 640452.0142374891, 'fire_exp': 1.9698636950455846, 'P_half': 7.3455889322094565, 'pre_dampen_half': 60.79216217592706, 'gpp_af': 0.0021180322955556253, 'gpp_b': 0.00023239560068415713, 'gpp_d': 52.60162333510055, 'ign_k': 0.0017877167263770188, 'ign_c': 0.1775226809805839, 'trop_agb_crit': 16.70045917334582, 'trop_k_veg': 2.7106239168591877, 'gdp_gamma': 0.5395162187786076, 'cure_k': 0.024120984104428894, 'cure_p_min': 125.17609442858951, 'cure_gpp_ref': 0.061585663041608764, 'cure_agb_crit': 1.9859618273998971, 'fuel_k': 0.01709153013037341, 'fuel_half': 34.768515677191075}. Best is trial 577 with value: -0.629883323094065.
[I 2026-07-25 00:36:21,136] Trial 903 finished with value: 0.5654403317938854 and parameters: {'k1': 0.018431416572827652, 'D_low': 475.8759889706842, 'k2': 0.0002473705458504958, 'D_high': 8800819.073653389, 'fire_exp': 1.4957760346219395, 'P_half': 1.3480820735684849, 'pre_dampen_half': 5.666539871686503, 'gpp_af': 0.0023343807863687198, 'gpp_b': 0.054355478539185, 'gpp_d': 28.233068246514243, 'ign_k': 0.22831388257345334, 'ign_c': 0.10928884716849478, 'trop_agb_crit': 8.500057589933993, 'trop_k_veg': 1.055834681310755, 'gdp_gamma': 0.7332984550992523, 'cure_k': 0.026422673053891354, 'cure_p_min': 262.28424512548344, 'cure_gpp_ref': 0.538291703692989, 'cure_agb_crit': 1.1380849955130543, 'fuel_k': 0.11332351265254136, 'fuel_half': 23.162231529037022}. Best is trial 577 with value: -0.629883323094065.
[I 2026-07-25 00:36:21,594] Trial 904 finished with value: -0.5326427575444297 and parameters: {'k1': 0.0006478284640691722, 'D_low': 3725.7684617369105, 'k2': 0.005230537675317498, 'D_high': 490893.66880702757, 'fire_exp': 1.2050632232974596, 'P_half': 2.2084734899827705, 'pre_dampen_half': 0.5462193306174439, 'gpp_af': 7.272887537434571, 'gpp_b': 0.0027290711835065103, 'gpp_d': 1.1292952180451987, 'ign_k': 0.010732708914973762, 'ign_c': 0.6672690730245676, 'trop_agb_crit': 15.266545696613829, 'trop_k_veg': 3.566531188601909, 'gdp_gamma': 0.48679635013018957, 'cure_k': 0.05248284052311056, 'cure_p_min': 382.6930433238269, 'cure_gpp_ref': 1.229674448166279, 'cure_agb_crit': 3.428397119997106, 'fuel_k': 0.014013638039653595, 'fuel_half': 0.31525833324461655}. Best is trial 577 with value: -0.629883323094065.
[I 2026-07-25 00:36:22,047] Trial 905 finished with value: 0.4923935983772534 and parameters: {'k1': 0.00015211203061058626, 'D_low': 111407.78985160418, 'k2': 0.01587607493289623, 'D_high': 244515.82882474439, 'fire_exp': 1.6124320887840191, 'P_half': 1.161123433876163, 'pre_dampen_half': 20.47195973807437, 'gpp_af': 0.0026952113173858644, 'gpp_b': 0.012957395912671373, 'gpp_d': 4.789745928636139, 'ign_k': 0.026950948690046644, 'ign_c': 2.0353965739462723, 'trop_agb_crit': 6.081757133963003, 'trop_k_veg': 1.2056994003944317, 'gdp_gamma': 0.9800709838728322, 'cure_k': 0.0891141578625974, 'cure_p_min': 127.5099814878847, 'cure_gpp_ref': 0.10259229339026155, 'cure_agb_crit': 3.0971531598789093, 'fuel_k': 0.024287564986167503, 'fuel_half': 33.1328183265635}. Best is trial 577 with value: -0.629883323094065.
[I 2026-07-25 00:36:22,510] Trial 906 finished with value: 0.4164262909738152 and parameters: {'k1': 0.021072157251073576, 'D_low': 5858.517087306805, 'k2': 0.01199462474954962, 'D_high': 2960713.415660079, 'fire_exp': 1.4755608403274152, 'P_half': 397.0871477076779, 'pre_dampen_half': 41.73275896119827, 'gpp_af': 0.05260857196702578, 'gpp_b': 4.317054983245874e-05, 'gpp_d': 638.8012514922328, 'ign_k': 0.006161786575196898, 'ign_c': 186.4864972392053, 'trop_agb_crit': 10.361236789141193, 'trop_k_veg': 2.1646925227818237, 'gdp_gamma': 1.1554694822180933, 'cure_k': 0.004377496972866548, 'cure_p_min': 189.77188071158082, 'cure_gpp_ref': 0.1726252640920847, 'cure_agb_crit': 1.104771875827828, 'fuel_k': 0.08896864875282713, 'fuel_half': 16.32687872415527}. Best is trial 577 with value: -0.629883323094065.
[I 2026-07-25 00:36:22,974] Trial 907 finished with value: -0.543446602991919 and parameters: {'k1': 0.0009294891160857511, 'D_low': 7390.467737785921, 'k2': 0.04837485129718316, 'D_high': 2164219.4133209633, 'fire_exp': 1.0566680847106407, 'P_half': 4.088894262913601, 'pre_dampen_half': 0.8520735961891022, 'gpp_af': 0.006374961144347469, 'gpp_b': 0.11507015659639581, 'gpp_d': 104.97120949924971, 'ign_k': 0.001092956384308059, 'ign_c': 1.0437971718968775, 'trop_agb_crit': 13.696000917358704, 'trop_k_veg': 0.6150973036866908, 'gdp_gamma': 0.9262754531685058, 'cure_k': 0.1235193889297398, 'cure_p_min': 188.15225514397346, 'cure_gpp_ref': 0.10250037253784648, 'cure_agb_crit': 1.4440280016595775, 'fuel_k': 0.27094985607662303, 'fuel_half': 4.691374692607862}. Best is trial 577 with value: -0.629883323094065.
[I 2026-07-25 00:36:23,473] Trial 908 finished with value: 0.5243282678369325 and parameters: {'k1': 0.0010051737051981183, 'D_low': 2.205679897505869, 'k2': 6.96645590731562e-05, 'D_high': 284525.1264001945, 'fire_exp': 2.12397825606253, 'P_half': 28.645059312401923, 'pre_dampen_half': 0.43791548466698554, 'gpp_af': 1.511275634626821, 'gpp_b': 0.02497596102573364, 'gpp_d': 452.88919543275443, 'ign_k': 0.020990050899270765, 'ign_c': 4.6282774398287865, 'trop_agb_crit': 15.990752435552531, 'trop_k_veg': 0.7293252034019997, 'gdp_gamma': 0.2949824120450722, 'cure_k': 0.031174459972377205, 'cure_p_min': 171.43381874633104, 'cure_gpp_ref': 0.127767093466372, 'cure_agb_crit': 1.3812290604348583, 'fuel_k': 0.04815415305098839, 'fuel_half': 2.8719433010362736}. Best is trial 577 with value: -0.629883323094065.
[I 2026-07-25 00:36:23,938] Trial 909 finished with value: 0.49739405457677655 and parameters: {'k1': 4.156658911808696e-05, 'D_low': 3521.090795020002, 'k2': 0.0038540994873283775, 'D_high': 454005.99044341006, 'fire_exp': 7.191345992551648, 'P_half': 59.81761938393319, 'pre_dampen_half': 0.8983783839244873, 'gpp_af': 12.067490897836251, 'gpp_b': 0.006437384762070794, 'gpp_d': 49.46308317272462, 'ign_k': 0.2639972887509187, 'ign_c': 16.351020630774542, 'trop_agb_crit': 20.09169627371947, 'trop_k_veg': 3.317787948500482, 'gdp_gamma': 1.0566858653765552, 'cure_k': 0.005472786835198884, 'cure_p_min': 279.25295473664323, 'cure_gpp_ref': 1.1120143918664085, 'cure_agb_crit': 3.3252597784157545, 'fuel_k': 0.40475058517709783, 'fuel_half': 0.11240874655908253}. Best is trial 577 with value: -0.629883323094065.
[I 2026-07-25 00:36:24,394] Trial 910 finished with value: 0.5291468005512705 and parameters: {'k1': 1.1775676562773897e-05, 'D_low': 83.16672999426206, 'k2': 0.002154944593494498, 'D_high': 229576.79719067048, 'fire_exp': 1.0196119521376998, 'P_half': 1.7323810570146865, 'pre_dampen_half': 0.13469382309947672, 'gpp_af': 0.013129704200234418, 'gpp_b': 0.13727510280978777, 'gpp_d': 996.2269366116626, 'ign_k': 0.004474201953150585, 'ign_c': 67.84455196965706, 'trop_agb_crit': 17.759184404294597, 'trop_k_veg': 1.4865065084446096, 'gdp_gamma': 1.5261099879312987, 'cure_k': 0.03553009263863283, 'cure_p_min': 84.15733651729806, 'cure_gpp_ref': 0.23473018667708065, 'cure_agb_crit': 2.157574505766844, 'fuel_k': 0.02971673431914962, 'fuel_half': 5.342982947972302}. Best is trial 577 with value: -0.629883323094065.
[I 2026-07-25 00:36:24,854] Trial 911 finished with value: 0.4991856912707152 and parameters: {'k1': 0.0003520980819281967, 'D_low': 37.38459328374998, 'k2': 0.00018406134261030993, 'D_high': 490318.8817495701, 'fire_exp': 1.0539817104900682, 'P_half': 41.034015607039585, 'pre_dampen_half': 0.7522554946091473, 'gpp_af': 0.02483641223647281, 'gpp_b': 8.717209016670667e-05, 'gpp_d': 11.801682377131002, 'ign_k': 0.0011716672997740154, 'ign_c': 99.30247381048463, 'trop_agb_crit': 11.589092341514004, 'trop_k_veg': 1.7091978662184528, 'gdp_gamma': 1.2838485956750163, 'cure_k': 0.150770309776723, 'cure_p_min': 111.64021284036657, 'cure_gpp_ref': 0.12580614770486342, 'cure_agb_crit': 1.8312708410531122, 'fuel_k': 0.0774401889283579, 'fuel_half': 2.933202969722876}. Best is trial 577 with value: -0.629883323094065.
[I 2026-07-25 00:36:25,309] Trial 912 finished with value: 0.5666607517637906 and parameters: {'k1': 0.0026286341193747973, 'D_low': 68.10731066504266, 'k2': 0.003023595762954178, 'D_high': 170392.92309176104, 'fire_exp': 1.6211974206671516, 'P_half': 4.97705460106931, 'pre_dampen_half': 1.1887721095341848, 'gpp_af': 0.00588317991276232, 'gpp_b': 0.06033253488877227, 'gpp_d': 73.19934788373357, 'ign_k': 0.003789364637965885, 'ign_c': 13.774030542272458, 'trop_agb_crit': 7.69043317858179, 'trop_k_veg': 1.1603379017579671, 'gdp_gamma': 0.3034403808229584, 'cure_k': 0.07653251010595913, 'cure_p_min': 140.0429956525663, 'cure_gpp_ref': 0.13812985682504367, 'cure_agb_crit': 1.3748083243809366, 'fuel_k': 0.09489721785916902, 'fuel_half': 97.49470334524341}. Best is trial 577 with value: -0.629883323094065.
[I 2026-07-25 00:36:25,766] Trial 913 finished with value: 0.5319682279594921 and parameters: {'k1': 0.02692003691285467, 'D_low': 159.89423455314483, 'k2': 0.0024104780081539777, 'D_high': 25480.707950289536, 'fire_exp': 3.0941361153476383, 'P_half': 1.1878833271917375, 'pre_dampen_half': 0.7484513818168304, 'gpp_af': 0.5798307636669536, 'gpp_b': 0.003407336237172405, 'gpp_d': 583.6609738037994, 'ign_k': 0.02052092633602867, 'ign_c': 118.32832432995441, 'trop_agb_crit': 20.621531857726964, 'trop_k_veg': 1.769233242397637, 'gdp_gamma': 0.7009565036389928, 'cure_k': 0.053375123334589776, 'cure_p_min': 153.32411838846656, 'cure_gpp_ref': 0.18549826078601203, 'cure_agb_crit': 2.439243593509547, 'fuel_k': 0.14147374566725396, 'fuel_half': 0.20824264823714167}. Best is trial 577 with value: -0.629883323094065.
[I 2026-07-25 00:36:26,227] Trial 914 finished with value: 0.43773955405598497 and parameters: {'k1': 0.0008436823230843488, 'D_low': 408.68672775370254, 'k2': 0.051903456846501946, 'D_high': 2709269.539088588, 'fire_exp': 1.3125513210615627, 'P_half': 166.36280825324718, 'pre_dampen_half': 388.60127660010374, 'gpp_af': 0.1142712016673693, 'gpp_b': 0.0008876444216357365, 'gpp_d': 16.068643683769828, 'ign_k': 0.032352893275496196, 'ign_c': 27.378649660459814, 'trop_agb_crit': 3.4293924276016865, 'trop_k_veg': 0.5864845423233068, 'gdp_gamma': 0.5300821037649817, 'cure_k': 0.0014655700949410076, 'cure_p_min': 112.08615929813527, 'cure_gpp_ref': 0.20214936809835574, 'cure_agb_crit': 2.452988401050009, 'fuel_k': 0.01754432846424833, 'fuel_half': 76.08272036823027}. Best is trial 577 with value: -0.629883323094065.
[I 2026-07-25 00:36:26,684] Trial 915 finished with value: 0.4107158417602813 and parameters: {'k1': 7.833015147046032e-05, 'D_low': 919.6107059728588, 'k2': 0.04039638153977009, 'D_high': 675185.0151942694, 'fire_exp': 1.1204021301488098, 'P_half': 100.4550564813042, 'pre_dampen_half': 0.05596002561533719, 'gpp_af': 0.022902727812235773, 'gpp_b': 0.000654610055579643, 'gpp_d': 874.1319271097179, 'ign_k': 0.005799599068133806, 'ign_c': 11.69504429689623, 'trop_agb_crit': 11.585487131688117, 'trop_k_veg': 1.5010028645382887, 'gdp_gamma': 1.0049100537873388, 'cure_k': 0.04277631475594038, 'cure_p_min': 140.5475150543901, 'cure_gpp_ref': 0.08190873443183773, 'cure_agb_crit': 1.3965974738681342, 'fuel_k': 0.023394379134492157, 'fuel_half': 30.063053608412513}. Best is trial 577 with value: -0.629883323094065.
