[I 2026-07-22 21:41:56,146] Trial 139 finished with values: [10.656709096444551, 10.656709096444551] and parameters: {'k1': 0.00016480446427978953, 'D_low': 1407.7923139972395, 'k2': 0.01567230746060024, 'D_high': 558.9524205217922, 'fire_exp': 1.0482996836046896, 'P_half': 9.324787201197319, 'pre_dampen_half': 347.79988160923324, 'gpp_af': 1.1300566419249867, 'gpp_b': 0.0005995821881487623, 'gpp_d': 2.8006820077310226, 'ign_k': 0.006290644294586149, 'ign_c': 11.40086370112731, 'trop_agb_crit': 29.789943908227905, 'trop_k_veg': 4.341934294871134, 'fuel_k': 0.08612665817296865, 'fuel_half': 18.202647368248815}.
[I 2026-07-22 21:41:56,561] Trial 140 finished with values: [10.028557962289895, 10.028557962289895] and parameters: {'k1': 0.00023352156626184448, 'D_low': 247.75146043208053, 'k2': 1.127217425995114e-05, 'D_high': 1026.0852623190942, 'fire_exp': 1.1239133746826044, 'P_half': 38.82837025280678, 'pre_dampen_half': 347.79988160923324, 'gpp_af': 0.005618069878716736, 'gpp_b': 7.402343469704414e-05, 'gpp_d': 397.44595568350155, 'ign_k': 0.7588328899786276, 'ign_c': 2.329535895346768, 'trop_agb_crit': 12.285102065067687, 'trop_k_veg': 4.130963924640279, 'fuel_k': 0.04572914063536324, 'fuel_half': 2.276766792290519}.
[I 2026-07-22 21:41:56,991] Trial 141 finished with values: [10.236463033536554, 10.236463033536554] and parameters: {'k1': 1.8205657658407255e-05, 'D_low': 126.11058927054879, 'k2': 0.0001971137615017176, 'D_high': 708572.1663941594, 'fire_exp': 1.3219590610242518, 'P_half': 1.7036120617148391, 'pre_dampen_half': 26.373339933815235, 'gpp_af': 0.15876781526923997, 'gpp_b': 0.0005392415140872105, 'gpp_d': 700.6693992445935, 'ign_k': 0.0013726318898045872, 'ign_c': 8.405439129313676, 'trop_agb_crit': 20.205002815711154, 'trop_k_veg': 0.5772603928610088, 'fuel_k': 0.08612665817296865, 'fuel_half': 0.253071961271088}.
[I 2026-07-22 21:41:57,407] Trial 142 finished with values: [10.769230769178105, 10.769230769178105] and parameters: {'k1': 0.00023352156626184448, 'D_low': 247.75146043208053, 'k2': 3.606519549370447e-05, 'D_high': 580966.5602369158, 'fire_exp': 1.7650286443463072, 'P_half': 136.0956887810302, 'pre_dampen_half': 0.46504594134732663, 'gpp_af': 0.005618069878716736, 'gpp_b': 8.129227514069975e-05, 'gpp_d': 397.44595568350155, 'ign_k': 0.7588328899786276, 'ign_c': 514.0544615226299, 'trop_agb_crit': 12.285102065067687, 'trop_k_veg': 7.887845482514079, 'fuel_k': 1.312881567992459, 'fuel_half': 42.6871254378718}.
[I 2026-07-22 21:41:57,823] Trial 143 finished with values: [-0.5891323435083444, 0.7762423106975311] and parameters: {'k1': 0.002968335334246999, 'D_low': 102.19595065529477, 'k2': 0.004373100990516265, 'D_high': 107013.64911724928, 'fire_exp': 2.3987174696212126, 'P_half': 4.961134450191397, 'pre_dampen_half': 269.0845367054863, 'gpp_af': 0.7539992074650282, 'gpp_b': 0.0032930655419269924, 'gpp_d': 0.3619181297408274, 'ign_k': 3.210808548911192, 'ign_c': 4.1108484350212295, 'trop_agb_crit': 19.28597237496244, 'trop_k_veg': 2.42764713875812, 'fuel_k': 1.312881567992459, 'fuel_half': 0.13249100882689224}.
[I 2026-07-22 21:41:58,241] Trial 144 finished with values: [-0.3920066740282648, 0.9275287901936523] and parameters: {'k1': 0.002971796631657383, 'D_low': 864.0717009254879, 'k2': 0.0001971137615017176, 'D_high': 305369.47947832284, 'fire_exp': 1.0341837609578937, 'P_half': 1.4378290221680121, 'pre_dampen_half': 33.71909132517388, 'gpp_af': 1.1300566419249867, 'gpp_b': 0.00012118589392553819, 'gpp_d': 4.576857873108685, 'ign_k': 0.0026834162496848666, 'ign_c': 6.1609752947414345, 'trop_agb_crit': 10.719494362768906, 'trop_k_veg': 1.140286245977296, 'fuel_k': 0.08612665817296865, 'fuel_half': 1.3547291924247347}.
[I 2026-07-22 21:41:58,659] Trial 145 finished with values: [10.719978053644704, 10.719978053644704] and parameters: {'k1': 0.003419108473554454, 'D_low': 35.26355664053754, 'k2': 0.0001971137615017176, 'D_high': 1022307.2030625104, 'fire_exp': 2.4645237762603327, 'P_half': 126.69536563782302, 'pre_dampen_half': 0.10609580257119508, 'gpp_af': 0.02298987619936072, 'gpp_b': 1.6569065206637924e-05, 'gpp_d': 0.9576572359933986, 'ign_k': 0.0029580419692843236, 'ign_c': 0.1831616544393274, 'trop_agb_crit': 2.539877620672643, 'trop_k_veg': 2.3241642204298145, 'fuel_k': 0.08612665817296865, 'fuel_half': 2.1003334103218068}.
[I 2026-07-22 21:41:59,073] Trial 146 finished with values: [10.672396284465504, 10.672396284465504] and parameters: {'k1': 0.002968335334246999, 'D_low': 140.92119204434155, 'k2': 2.8459703343413838e-05, 'D_high': 1693415.5410667954, 'fire_exp': 2.088398022232781, 'P_half': 1228.2126524008484, 'pre_dampen_half': 290.26521418263894, 'gpp_af': 0.49740621749684094, 'gpp_b': 0.02048523887932671, 'gpp_d': 61.82902222163609, 'ign_k': 0.018707420137660268, 'ign_c': 4.1108484350212295, 'trop_agb_crit': 2.171140223187998, 'trop_k_veg': 3.4439936249445045, 'fuel_k': 1.1820218758583807, 'fuel_half': 7.259866824755671}.
[I 2026-07-22 21:41:59,508] Trial 147 finished with values: [10.76149737992857, 10.76149737992857] and parameters: {'k1': 0.05667112411430846, 'D_low': 12.22920983745865, 'k2': 0.0004381141781653137, 'D_high': 279720.24228472734, 'fire_exp': 1.1081148161781469, 'P_half': 2329.781042267055, 'pre_dampen_half': 0.04998755363568286, 'gpp_af': 9.469707381426533, 'gpp_b': 0.00016209287312965247, 'gpp_d': 0.06580815488709273, 'ign_k': 0.004540076719227357, 'ign_c': 181.25870836716206, 'trop_agb_crit': 1.886175574962432, 'trop_k_veg': 2.3408809609838257, 'fuel_k': 0.09928539275637607, 'fuel_half': 49.011305842597835}.
[I 2026-07-22 21:41:59,927] Trial 148 finished with values: [10.767971850193481, 10.767971850193481] and parameters: {'k1': 0.003419108473554454, 'D_low': 70586.60227368641, 'k2': 0.0007081721844034209, 'D_high': 1022307.2030625104, 'fire_exp': 2.4645237762603327, 'P_half': 126.69536563782302, 'pre_dampen_half': 36.876350096202984, 'gpp_af': 0.02298987619936072, 'gpp_b': 0.011750724729953272, 'gpp_d': 0.058813839452486937, 'ign_k': 0.0029580419692843236, 'ign_c': 20.23326185206641, 'trop_agb_crit': 16.035571745273074, 'trop_k_veg': 2.3241642204298145, 'fuel_k': 0.6452742971240902, 'fuel_half': 30.847886273764168}.
[I 2026-07-22 21:42:00,351] Trial 149 finished with values: [10.72977723224278, 10.72977723224278] and parameters: {'k1': 0.002968335334246999, 'D_low': 140.92119204434155, 'k2': 2.8459703343413838e-05, 'D_high': 107013.64911724928, 'fire_exp': 1.034491242472073, 'P_half': 1228.2126524008484, 'pre_dampen_half': 0.13249602803264168, 'gpp_af': 29.925002022877816, 'gpp_b': 0.011750724729953272, 'gpp_d': 6.378078463802852, 'ign_k': 0.0026834162496848666, 'ign_c': 4.1108484350212295, 'trop_agb_crit': 2.1409462099712546, 'trop_k_veg': 3.107373729897127, 'fuel_k': 1.2528108647479208, 'fuel_half': 7.259866824755671}.
[I 2026-07-22 21:42:00,769] Trial 150 finished with values: [10.653849835004518, 10.653849835004518] and parameters: {'k1': 0.052334804885400876, 'D_low': 70586.60227368641, 'k2': 0.0014057163351022498, 'D_high': 1693415.5410667954, 'fire_exp': 1.7216882787979422, 'P_half': 5.575453980775371, 'pre_dampen_half': 36.876350096202984, 'gpp_af': 0.0025511964576171086, 'gpp_b': 3.228689523591491e-05, 'gpp_d': 302.3127748796295, 'ign_k': 0.0026834162496848666, 'ign_c': 6.1609752947414345, 'trop_agb_crit': 2.171140223187998, 'trop_k_veg': 1.6340262437673856, 'fuel_k': 1.8731335591844647, 'fuel_half': 1.3547291924247347}.
[I 2026-07-22 21:42:01,186] Trial 151 finished with values: [10.728285537940518, 10.728285537940518] and parameters: {'k1': 0.00016480446427978953, 'D_low': 1407.7923139972395, 'k2': 0.0005342937261279771, 'D_high': 30235.506416287044, 'fire_exp': 1.751784769842796, 'P_half': 3.6138942712165267, 'pre_dampen_half': 0.2888838362365318, 'gpp_af': 0.06789053271698488, 'gpp_b': 0.0054502936945582505, 'gpp_d': 84.31013932082456, 'ign_k': 0.006290644294586149, 'ign_c': 11.40086370112731, 'trop_agb_crit': 7.500118950416987, 'trop_k_veg': 0.5687244174086067, 'fuel_k': 0.48736180483849406, 'fuel_half': 0.32476735706274484}.
[I 2026-07-22 21:42:01,603] Trial 152 finished with values: [10.714972833401752, 10.714972833401752] and parameters: {'k1': 0.003242143344038315, 'D_low': 102.19595065529477, 'k2': 1.915468390724633e-05, 'D_high': 35.39329732028365, 'fire_exp': 1.7650286443463072, 'P_half': 220.3445560633069, 'pre_dampen_half': 294.75617712568373, 'gpp_af': 8.769726637617675, 'gpp_b': 8.129227514069975e-05, 'gpp_d': 16.460426816350534, 'ign_k': 0.06807874826564587, 'ign_c': 15.221840161091619, 'trop_agb_crit': 1.1208086449693282, 'trop_k_veg': 1.4584243470991722, 'fuel_k': 1.312881567992459, 'fuel_half': 42.6871254378718}.
[I 2026-07-22 21:42:02,043] Trial 153 finished with values: [10.724657128616958, 10.724657128616958] and parameters: {'k1': 0.003419108473554454, 'D_low': 35.26355664053754, 'k2': 3.609310926766545e-05, 'D_high': 1022307.2030625104, 'fire_exp': 2.4645237762603327, 'P_half': 126.69536563782302, 'pre_dampen_half': 0.07217660153019874, 'gpp_af': 0.02298987619936072, 'gpp_b': 1.2892705405728861e-05, 'gpp_d': 372.8155624293852, 'ign_k': 0.0029580419692843236, 'ign_c': 20.23326185206641, 'trop_agb_crit': 2.539877620672643, 'trop_k_veg': 2.3241642204298145, 'fuel_k': 0.6452742971240902, 'fuel_half': 30.847886273764168}.
[I 2026-07-22 21:42:02,463] Trial 154 finished with values: [10.10013424997507, 10.10013424997507] and parameters: {'k1': 2.27847364377152e-05, 'D_low': 1.6646452049870526, 'k2': 0.001566517163094646, 'D_high': 10377.055497115112, 'fire_exp': 1.0862503061991866, 'P_half': 13.019246714361572, 'pre_dampen_half': 347.79988160923324, 'gpp_af': 0.12243451886824051, 'gpp_b': 1.7565109007473816e-05, 'gpp_d': 9.00460602264307, 'ign_k': 8.761971101023699, 'ign_c': 0.11650681118986138, 'trop_agb_crit': 9.362115196011851, 'trop_k_veg': 4.130963924640279, 'fuel_k': 0.04572914063536324, 'fuel_half': 42.892621277245716}.
[I 2026-07-22 21:42:02,885] Trial 155 finished with values: [10.70305381542263, 10.70305381542263] and parameters: {'k1': 0.00016480446427978953, 'D_low': 1407.7923139972395, 'k2': 0.01567230746060024, 'D_high': 558.9524205217922, 'fire_exp': 1.3219590610242518, 'P_half': 13.019246714361572, 'pre_dampen_half': 26.373339933815235, 'gpp_af': 0.15876781526923997, 'gpp_b': 0.0054502936945582505, 'gpp_d': 2.8006820077310226, 'ign_k': 0.006290644294586149, 'ign_c': 8.405439129313676, 'trop_agb_crit': 6.119263728555865, 'trop_k_veg': 4.130963924640279, 'fuel_k': 0.48736180483849406, 'fuel_half': 0.32476735706274484}.
[I 2026-07-22 21:42:03,310] Trial 156 finished with values: [10.762482778850087, 10.762482778850087] and parameters: {'k1': 0.00013649087666416944, 'D_low': 102.19595065529477, 'k2': 0.0038341488164556755, 'D_high': 392.28369335318325, 'fire_exp': 1.3858146055494713, 'P_half': 8832.039346746853, 'pre_dampen_half': 502.5175192217655, 'gpp_af': 0.008562341633595545, 'gpp_b': 4.0803257466853524e-05, 'gpp_d': 0.3619181297408274, 'ign_k': 0.009861808369679786, 'ign_c': 0.3296550135838091, 'trop_agb_crit': 19.28597237496244, 'trop_k_veg': 1.1021959069423406, 'fuel_k': 0.6199941538390381, 'fuel_half': 0.3335026483569958}.
[I 2026-07-22 21:42:03,738] Trial 157 finished with values: [10.350038721782216, 10.350038721782216] and parameters: {'k1': 0.0058043147174140705, 'D_low': 11.437258028094242, 'k2': 0.035891558714508394, 'D_high': 3262.5163516684925, 'fire_exp': 1.024589524149873, 'P_half': 28.15630081597223, 'pre_dampen_half': 868.1843415114095, 'gpp_af': 1.4498445474033743, 'gpp_b': 0.0021331409710300844, 'gpp_d': 16.460426816350534, 'ign_k': 0.06807874826564587, 'ign_c': 15.221840161091619, 'trop_agb_crit': 24.584290528289387, 'trop_k_veg': 0.977663002683211, 'fuel_k': 4.680936683972859, 'fuel_half': 52.005817291141206}.
[I 2026-07-22 21:42:04,188] Trial 158 finished with values: [10.691904734313823, 10.691904734313823] and parameters: {'k1': 0.002971796631657383, 'D_low': 3735.16768760467, 'k2': 0.0007081721844034209, 'D_high': 305369.47947832284, 'fire_exp': 1.0341837609578937, 'P_half': 10.226988730324324, 'pre_dampen_half': 0.10609580257119508, 'gpp_af': 0.008983355849178878, 'gpp_b': 0.011750724729953272, 'gpp_d': 2.2926339830965645, 'ign_k': 0.18170401889219115, 'ign_c': 6.1609752947414345, 'trop_agb_crit': 13.98132484257899, 'trop_k_veg': 0.9793402026070162, 'fuel_k': 0.05597555634027867, 'fuel_half': 1.3547291924247347}.
[I 2026-07-22 21:42:04,613] Trial 159 finished with values: [10.751749247861573, 10.751749247861573] and parameters: {'k1': 0.00016480446427978953, 'D_low': 247.75146043208053, 'k2': 0.01567230746060024, 'D_high': 558.9524205217922, 'fire_exp': 1.3858146055494713, 'P_half': 13.019246714361572, 'pre_dampen_half': 10.687450020671585, 'gpp_af': 0.06789053271698488, 'gpp_b': 0.0054502936945582505, 'gpp_d': 0.05811599743439243, 'ign_k': 0.024287565087611766, 'ign_c': 0.4392638796750216, 'trop_agb_crit': 1.886175574962432, 'trop_k_veg': 1.1021959069423406, 'fuel_k': 4.517981047227404, 'fuel_half': 2.276766792290519}.
[I 2026-07-22 21:42:05,052] Trial 160 finished with values: [-0.47307105860246046, 0.6255046688425632] and parameters: {'k1': 0.0029707920514735983, 'D_low': 13.25142220631392, 'k2': 1.6559474674046002e-05, 'D_high': 1488557.802851245, 'fire_exp': 1.3219590610242518, 'P_half': 48.464976792190825, 'pre_dampen_half': 26.373339933815235, 'gpp_af': 0.09791370130598968, 'gpp_b': 0.0005995821881487623, 'gpp_d': 857.4284557962626, 'ign_k': 0.024287565087611766, 'ign_c': 8.405439129313676, 'trop_agb_crit': 15.870971677383487, 'trop_k_veg': 6.911478238001162, 'fuel_k': 0.08612665817296865, 'fuel_half': 3.632486956676605}.
[I 2026-07-22 21:42:05,486] Trial 161 finished with values: [10.708222118293307, 10.708222118293307] and parameters: {'k1': 0.004312951023617458, 'D_low': 9.497440085397416, 'k2': 0.017300724838654365, 'D_high': 71534.52030884045, 'fire_exp': 2.088398022232781, 'P_half': 220.3445560633069, 'pre_dampen_half': 290.26521418263894, 'gpp_af': 0.7539992074650282, 'gpp_b': 0.0021331409710300844, 'gpp_d': 302.3127748796295, 'ign_k': 0.06807874826564587, 'ign_c': 41.779950639915185, 'trop_agb_crit': 24.584290528289387, 'trop_k_veg': 1.6340262437673856, 'fuel_k': 4.680936683972859, 'fuel_half': 38.21129441691226}.
[I 2026-07-22 21:42:05,908] Trial 162 finished with values: [10.65712814147039, 10.65712814147039] and parameters: {'k1': 0.002968335334246999, 'D_low': 19389.89852278267, 'k2': 0.004373100990516265, 'D_high': 107013.64911724928, 'fire_exp': 2.3987174696212126, 'P_half': 894.5150807271528, 'pre_dampen_half': 33.97904243111269, 'gpp_af': 0.008983355849178878, 'gpp_b': 1.6569065206637924e-05, 'gpp_d': 2.2926339830965645, 'ign_k': 3.210808548911192, 'ign_c': 4.1108484350212295, 'trop_agb_crit': 13.98132484257899, 'trop_k_veg': 0.6898193780989617, 'fuel_k': 0.046063721952885314, 'fuel_half': 0.13249100882689224}.
[I 2026-07-22 21:42:06,331] Trial 163 finished with values: [10.255371673876924, 10.255371673876924] and parameters: {'k1': 0.0015974581244256687, 'D_low': 3.325987092445845, 'k2': 0.0038341488164556755, 'D_high': 26587.030147082678, 'fire_exp': 1.3858146055494713, 'P_half': 136.0956887810302, 'pre_dampen_half': 10.687450020671585, 'gpp_af': 0.008562341633595545, 'gpp_b': 4.0803257466853524e-05, 'gpp_d': 9.00460602264307, 'ign_k': 0.5131654955148324, 'ign_c': 0.11650681118986138, 'trop_agb_crit': 1.886175574962432, 'trop_k_veg': 0.9369104721775232, 'fuel_k': 0.030315034760496764, 'fuel_half': 42.6871254378718}.
[I 2026-07-22 21:42:06,773] Trial 164 finished with values: [10.66449983082062, 10.66449983082062] and parameters: {'k1': 1.8205657658407255e-05, 'D_low': 13.25142220631392, 'k2': 0.07799059237255677, 'D_high': 2283.4228779494524, 'fire_exp': 1.3219590610242518, 'P_half': 2.458603276328005, 'pre_dampen_half': 94.20121790275627, 'gpp_af': 0.11022143612695977, 'gpp_b': 0.0005392415140872105, 'gpp_d': 8.057329182285729, 'ign_k': 0.006039096247545781, 'ign_c': 8.405439129313676, 'trop_agb_crit': 3.5522713231614182, 'trop_k_veg': 0.5772603928610088, 'fuel_k': 0.08612665817296865, 'fuel_half': 0.33988503110784557}.
[I 2026-07-22 21:42:07,217] Trial 165 finished with values: [10.64635219627586, 10.64635219627586] and parameters: {'k1': 0.011966626407443505, 'D_low': 150.83210025074274, 'k2': 0.0001971137615017176, 'D_high': 316055.11434645456, 'fire_exp': 1.2120759485719061, 'P_half': 8832.039346746853, 'pre_dampen_half': 10.687450020671585, 'gpp_af': 0.008983355849178878, 'gpp_b': 1.6569065206637924e-05, 'gpp_d': 9.00460602264307, 'ign_k': 5.985024829384178, 'ign_c': 0.11650681118986138, 'trop_agb_crit': 5.707205898008383, 'trop_k_veg': 1.7570501127699656, 'fuel_k': 0.6199941538390381, 'fuel_half': 0.3335026483569958}.
[I 2026-07-22 21:42:07,678] Trial 166 finished with values: [10.325065559400475, 10.325065559400475] and parameters: {'k1': 0.0029707920514735983, 'D_low': 4.043300846639722, 'k2': 2.1698375693549493e-05, 'D_high': 160625.60954780428, 'fire_exp': 2.2271826002669806, 'P_half': 245.27450543222417, 'pre_dampen_half': 33.97904243111269, 'gpp_af': 2.114381609520638, 'gpp_b': 3.228689523591491e-05, 'gpp_d': 857.4284557962626, 'ign_k': 0.04732407125181112, 'ign_c': 3.0378658251922155, 'trop_agb_crit': 15.870971677383487, 'trop_k_veg': 6.911478238001162, 'fuel_k': 0.028970790717327534, 'fuel_half': 18.202647368248815}.
[I 2026-07-22 21:42:08,095] Trial 167 finished with values: [10.021382222439701, 10.021382222439701] and parameters: {'k1': 0.003242143344038315, 'D_low': 6220.638781359816, 'k2': 2.1698375693549493e-05, 'D_high': 580966.5602369158, 'fire_exp': 1.0862503061991866, 'P_half': 136.0956887810302, 'pre_dampen_half': 33.97904243111269, 'gpp_af': 0.0025511964576171086, 'gpp_b': 3.228689523591491e-05, 'gpp_d': 9.00460602264307, 'ign_k': 0.03141110271934876, 'ign_c': 0.11650681118986138, 'trop_agb_crit': 15.870971677383487, 'trop_k_veg': 0.9369104721775232, 'fuel_k': 1.312881567992459, 'fuel_half': 42.6871254378718}.
[I 2026-07-22 21:42:08,523] Trial 168 finished with values: [10.767306893955368, 10.767306893955368] and parameters: {'k1': 0.002968335334246999, 'D_low': 4.043300846639722, 'k2': 0.00010939944910100016, 'D_high': 160625.60954780428, 'fire_exp': 2.4645237762603327, 'P_half': 1938.3858782150498, 'pre_dampen_half': 0.7354388726789677, 'gpp_af': 18.235072804314193, 'gpp_b': 1.2892705405728861e-05, 'gpp_d': 6.378078463802852, 'ign_k': 0.0012634132366522116, 'ign_c': 3.0378658251922155, 'trop_agb_crit': 11.41767816030627, 'trop_k_veg': 3.715819581962785, 'fuel_k': 0.548050918645616, 'fuel_half': 7.259866824755671}.
[I 2026-07-22 21:42:08,950] Trial 169 finished with values: [10.729380536488513, 10.729380536488513] and parameters: {'k1': 0.0029707920514735983, 'D_low': 4.043300846639722, 'k2': 2.1698375693549493e-05, 'D_high': 160625.60954780428, 'fire_exp': 1.9656831165940098, 'P_half': 3910.3637457741784, 'pre_dampen_half': 33.97904243111269, 'gpp_af': 0.0025511964576171086, 'gpp_b': 1.6569065206637924e-05, 'gpp_d': 857.4284557962626, 'ign_k': 0.03141110271934876, 'ign_c': 3.0378658251922155, 'trop_agb_crit': 15.870971677383487, 'trop_k_veg': 6.911478238001162, 'fuel_k': 5.486054129200971, 'fuel_half': 18.202647368248815}.
[I 2026-07-22 21:42:09,376] Trial 170 finished with values: [10.716546869070944, 10.716546869070944] and parameters: {'k1': 0.0003199177539819797, 'D_low': 3.169598846855015, 'k2': 0.012840669372724958, 'D_high': 22409.155921648, 'fire_exp': 1.5751749417148029, 'P_half': 1938.3858782150498, 'pre_dampen_half': 33.97904243111269, 'gpp_af': 0.290486210751816, 'gpp_b': 1.1698276136056565e-05, 'gpp_d': 2.2044650100999164, 'ign_k': 0.03141110271934876, 'ign_c': 3.0378658251922155, 'trop_agb_crit': 1.4914219038863046, 'trop_k_veg': 6.911478238001162, 'fuel_k': 1.1820218758583807, 'fuel_half': 18.202647368248815}.
[I 2026-07-22 21:42:09,804] Trial 171 finished with values: [10.724657128616958, 10.724657128616958] and parameters: {'k1': 0.003419108473554454, 'D_low': 35.26355664053754, 'k2': 3.609310926766545e-05, 'D_high': 1022307.2030625104, 'fire_exp': 2.4645237762603327, 'P_half': 126.69536563782302, 'pre_dampen_half': 0.07217660153019874, 'gpp_af': 0.02298987619936072, 'gpp_b': 1.2892705405728861e-05, 'gpp_d': 372.8155624293852, 'ign_k': 0.0029580419692843236, 'ign_c': 20.23326185206641, 'trop_agb_crit': 2.539877620672643, 'trop_k_veg': 2.3241642204298145, 'fuel_k': 0.6452742971240902, 'fuel_half': 30.847886273764168}.
[I 2026-07-22 21:42:10,222] Trial 172 finished with values: [10.739972476387466, 10.739972476387466] and parameters: {'k1': 0.003242143344038315, 'D_low': 102.19595065529477, 'k2': 0.07799059237255677, 'D_high': 2283.4228779494524, 'fire_exp': 1.7650286443463072, 'P_half': 2.1095259085905753, 'pre_dampen_half': 294.75617712568373, 'gpp_af': 0.3259758793317361, 'gpp_b': 0.02893498807797731, 'gpp_d': 2.901272149738622, 'ign_k': 0.0075985864315887865, 'ign_c': 77.59048401667629, 'trop_agb_crit': 1.1208086449693282, 'trop_k_veg': 3.324264218444254, 'fuel_k': 1.312881567992459, 'fuel_half': 42.6871254378718}.
[I 2026-07-22 21:42:10,652] Trial 173 finished with values: [10.464617854159473, 10.464617854159473] and parameters: {'k1': 0.003419108473554454, 'D_low': 2.8627614274446977, 'k2': 7.67074891445376e-05, 'D_high': 8433503.858791472, 'fire_exp': 2.4645237762603327, 'P_half': 1.4378290221680121, 'pre_dampen_half': 33.71909132517388, 'gpp_af': 0.03924302839842014, 'gpp_b': 0.00012118589392553819, 'gpp_d': 6.91394869865762, 'ign_k': 0.0029580419692843236, 'ign_c': 3.0378658251922155, 'trop_agb_crit': 2.539877620672643, 'trop_k_veg': 1.140286245977296, 'fuel_k': 3.6992394681929355, 'fuel_half': 18.202647368248815}.
