[I 2026-08-06 08:55:57,794] Trial 471 finished with values: [10.157392702613517, 10.157392702613517] and parameters: {'k1': 0.004312951023617458, 'D_low': 40.12413353131991, 'k2': 0.0009562822793888481, 'D_high': 2940.51756322311, 'fire_exp': 1.695318866910499, 'P_half': 4.213183643253957, 'pre_dampen_half': 502.5175192217655, 'gpp_af': 0.6403036652671171, 'gpp_b': 0.0005752434266899163, 'gpp_d': 229.41380323183625, 'ign_k': 5.351470428717437, 'ign_c': 0.24989960578908887, 'trop_agb_crit': 1.6878075072665546, 'trop_k_veg': 0.6673124511410327}.
[I 2026-08-06 08:55:58,971] Trial 472 finished with values: [-0.45645772626031667, 0.7120035997487937] and parameters: {'k1': 0.004312951023617458, 'D_low': 12.105387404469584, 'k2': 0.0007047307383115598, 'D_high': 61536.58035691648, 'fire_exp': 1.0629462657398439, 'P_half': 338.23872019362165, 'pre_dampen_half': 552.4163637315892, 'gpp_af': 1.1409619915696267, 'gpp_b': 3.481277316673104e-05, 'gpp_d': 229.41380323183625, 'ign_k': 0.0018256829646330853, 'ign_c': 8.40543912931368, 'trop_agb_crit': 28.66951114938682, 'trop_k_veg': 1.4584243470991722}.
[I 2026-08-06 08:56:00,128] Trial 473 finished with values: [-0.5972061357187055, 0.8657141492231071] and parameters: {'k1': 0.01889771394135163, 'D_low': 70.18267183720735, 'k2': 0.0007047307383115598, 'D_high': 63233.81951066786, 'fire_exp': 1.221575427404682, 'P_half': 4.213183643253957, 'pre_dampen_half': 107.40052367919465, 'gpp_af': 0.00515795696727661, 'gpp_b': 1.3575045977280317e-05, 'gpp_d': 0.41500286580679413, 'ign_k': 8.708806168038567, 'ign_c': 0.9580682294110432, 'trop_agb_crit': 1.14876138417489, 'trop_k_veg': 1.9938441068366917}.
[I 2026-08-06 08:56:01,288] Trial 474 finished with values: [10.671148695963002, 10.671148695963002] and parameters: {'k1': 0.03635503353478365, 'D_low': 70.18267183720735, 'k2': 0.012758211164590085, 'D_high': 2940.51756322311, 'fire_exp': 1.165368636520435, 'P_half': 221.2683656611821, 'pre_dampen_half': 107.40052367919465, 'gpp_af': 1.1409619915696267, 'gpp_b': 2.6738182964551835e-05, 'gpp_d': 660.9129108295722, 'ign_k': 8.708806168038567, 'ign_c': 29.690870944846793, 'trop_agb_crit': 3.5747129226002423, 'trop_k_veg': 6.9782110227926815}.
[I 2026-08-06 08:56:02,460] Trial 475 finished with values: [-0.4960611325821748, 0.8884622660136899] and parameters: {'k1': 0.037704815040649445, 'D_low': 34.459310919273356, 'k2': 1.915468390724633e-05, 'D_high': 5254.8834372681695, 'fire_exp': 1.0629462657398439, 'P_half': 1.605843632310088, 'pre_dampen_half': 502.5175192217655, 'gpp_af': 0.7539992074650279, 'gpp_b': 1.284284091405877e-05, 'gpp_d': 418.77522137884927, 'ign_k': 0.0680787482656459, 'ign_c': 0.70689749506246, 'trop_agb_crit': 10.905006748783771, 'trop_k_veg': 1.4584243470991722}.
[I 2026-08-06 08:56:03,603] Trial 476 finished with values: [-0.4928298327987055, 0.9064957018161559] and parameters: {'k1': 0.007828534228218626, 'D_low': 173.2186836611753, 'k2': 0.0007047307383115598, 'D_high': 61536.58035691648, 'fire_exp': 1.0629462657398439, 'P_half': 220.3445560633069, 'pre_dampen_half': 502.5175192217655, 'gpp_af': 0.7539992074650279, 'gpp_b': 1.5385046399532158e-05, 'gpp_d': 2.944272359149677, 'ign_k': 0.07696703458159235, 'ign_c': 0.1254144753902608, 'trop_agb_crit': 24.584290528289387, 'trop_k_veg': 0.6743482387129308}.
[I 2026-08-06 08:56:04,749] Trial 477 finished with values: [10.316026744984846, 10.316026744984846] and parameters: {'k1': 0.011966626407443505, 'D_low': 34.459310919273356, 'k2': 0.0007047307383115598, 'D_high': 3712.591045287726, 'fire_exp': 1.1430983876313219, 'P_half': 220.3445560633069, 'pre_dampen_half': 63.6685916079943, 'gpp_af': 0.00111906222790675, 'gpp_b': 1.5385046399532158e-05, 'gpp_d': 2.944272359149677, 'ign_k': 2.1368329072358767, 'ign_c': 8.40543912931368, 'trop_agb_crit': 1.0903028125370984, 'trop_k_veg': 1.0345878666211452}.
[I 2026-08-06 08:56:05,879] Trial 478 finished with values: [-0.5110642044883209, 0.7377083589263089] and parameters: {'k1': 0.00488137519160367, 'D_low': 20.22298375423134, 'k2': 0.032845299795769424, 'D_high': 61536.58035691648, 'fire_exp': 1.423480109671474, 'P_half': 338.23872019362165, 'pre_dampen_half': 552.4163637315892, 'gpp_af': 0.1476584299248268, 'gpp_b': 1.284284091405877e-05, 'gpp_d': 229.41380323183625, 'ign_k': 0.07696703458159235, 'ign_c': 0.557280750002996, 'trop_agb_crit': 3.5747129226002423, 'trop_k_veg': 4.345076509212382}.
[I 2026-08-06 08:56:07,040] Trial 479 finished with values: [-0.5900311063021237, 0.2559051891014247] and parameters: {'k1': 0.004312951023617458, 'D_low': 12.105387404469584, 'k2': 0.032845299795769424, 'D_high': 1177.190025324204, 'fire_exp': 1.1430983876313219, 'P_half': 4.213183643253957, 'pre_dampen_half': 552.4163637315892, 'gpp_af': 0.1476584299248268, 'gpp_b': 0.0005752434266899163, 'gpp_d': 229.41380323183625, 'ign_k': 5.351470428717437, 'ign_c': 0.557280750002996, 'trop_agb_crit': 25.382873076016292, 'trop_k_veg': 0.6673124511410327}.
[I 2026-08-06 08:56:08,213] Trial 480 finished with values: [10.156544143710667, 10.156544143710667] and parameters: {'k1': 0.01889771394135163, 'D_low': 40.12413353131991, 'k2': 2.246290894032394e-05, 'D_high': 61536.58035691648, 'fire_exp': 1.0601964743503993, 'P_half': 221.2683656611821, 'pre_dampen_half': 502.5175192217655, 'gpp_af': 0.10409127568994281, 'gpp_b': 3.481277316673104e-05, 'gpp_d': 84.31013932082456, 'ign_k': 0.0018256829646330853, 'ign_c': 0.9580682294110432, 'trop_agb_crit': 3.2954785755570537, 'trop_k_veg': 1.4584243470991722}.
[I 2026-08-06 08:56:09,389] Trial 481 finished with values: [-0.5443970135205903, 0.7265281449619313] and parameters: {'k1': 0.01889771394135163, 'D_low': 70.18267183720735, 'k2': 0.0012040762895973265, 'D_high': 25628.666000163565, 'fire_exp': 1.1430983876313219, 'P_half': 221.2683656611821, 'pre_dampen_half': 107.40052367919465, 'gpp_af': 1.1409619915696267, 'gpp_b': 0.0005752434266899163, 'gpp_d': 229.41380323183625, 'ign_k': 0.12329098365270515, 'ign_c': 8.40543912931368, 'trop_agb_crit': 10.965064494899984, 'trop_k_veg': 0.5772603928610088}.
[I 2026-08-06 08:56:10,533] Trial 482 finished with values: [10.192735300652904, 10.192735300652904] and parameters: {'k1': 0.03635503353478365, 'D_low': 1.3577269394141454, 'k2': 0.0012040762895973265, 'D_high': 2940.51756322311, 'fire_exp': 1.423480109671474, 'P_half': 12.808863354047988, 'pre_dampen_half': 107.40052367919465, 'gpp_af': 1.1409619915696267, 'gpp_b': 1.284284091405877e-05, 'gpp_d': 2.944272359149677, 'ign_k': 0.12329098365270515, 'ign_c': 8.40543912931368, 'trop_agb_crit': 3.5747129226002423, 'trop_k_veg': 0.6743482387129308}.
[I 2026-08-06 08:56:11,679] Trial 483 finished with values: [10.075649054672539, 10.075649054672539] and parameters: {'k1': 0.004312951023617458, 'D_low': 40.12413353131991, 'k2': 0.0009562822793888481, 'D_high': 8182.111518618414, 'fire_exp': 1.0629462657398439, 'P_half': 2.062120257534816, 'pre_dampen_half': 502.5175192217655, 'gpp_af': 0.2204465010099918, 'gpp_b': 1.5385046399532158e-05, 'gpp_d': 229.41380323183625, 'ign_k': 5.351470428717437, 'ign_c': 0.24989960578908887, 'trop_agb_crit': 1.6878075072665546, 'trop_k_veg': 2.520089655463604}.
[I 2026-08-06 08:56:13,013] Trial 484 finished with values: [10.672099264899659, 10.672099264899659] and parameters: {'k1': 0.004312951023617458, 'D_low': 40.12413353131991, 'k2': 0.0007047307383115598, 'D_high': 61536.58035691648, 'fire_exp': 2.494154063094566, 'P_half': 338.23872019362165, 'pre_dampen_half': 502.5175192217655, 'gpp_af': 0.18069041761817034, 'gpp_b': 3.481277316673104e-05, 'gpp_d': 229.41380323183625, 'ign_k': 0.0018256829646330853, 'ign_c': 8.40543912931368, 'trop_agb_crit': 10.965064494899984, 'trop_k_veg': 0.6673124511410327}.
[I 2026-08-06 08:56:14,144] Trial 485 finished with values: [-0.5234638688524127, 0.6990295490895171] and parameters: {'k1': 0.002155595057104387, 'D_low': 2.143851363193517, 'k2': 0.0005262881356087174, 'D_high': 5254.8834372681695, 'fire_exp': 1.0629462657398439, 'P_half': 1.605843632310088, 'pre_dampen_half': 502.5175192217655, 'gpp_af': 1.1409619915696267, 'gpp_b': 1.3289448722869181e-05, 'gpp_d': 229.41380323183625, 'ign_k': 0.0680787482656459, 'ign_c': 0.70689749506246, 'trop_agb_crit': 1.14876138417489, 'trop_k_veg': 1.0594599158279707}.
[I 2026-08-06 08:56:15,319] Trial 486 finished with values: [-0.550248590030615, 0.6006031920131407] and parameters: {'k1': 0.004312951023617458, 'D_low': 3.525936800597896, 'k2': 0.0007047307383115598, 'D_high': 61536.58035691648, 'fire_exp': 1.423480109671474, 'P_half': 220.3445560633069, 'pre_dampen_half': 502.5175192217655, 'gpp_af': 0.1476584299248268, 'gpp_b': 0.0005752434266899163, 'gpp_d': 229.41380323183625, 'ign_k': 8.708806168038567, 'ign_c': 0.557280750002996, 'trop_agb_crit': 3.5747129226002423, 'trop_k_veg': 0.6673124511410327}.
[I 2026-08-06 08:56:16,434] Trial 487 finished with values: [10.154436390771863, 10.154436390771863] and parameters: {'k1': 3.23559867820537e-05, 'D_low': 3.525936800597896, 'k2': 0.0007047307383115598, 'D_high': 3712.591045287726, 'fire_exp': 1.0629462657398439, 'P_half': 220.3445560633069, 'pre_dampen_half': 502.5175192217655, 'gpp_af': 0.7539992074650279, 'gpp_b': 6.255968081638362e-05, 'gpp_d': 16.460426816350523, 'ign_k': 0.07696703458159235, 'ign_c': 0.557280750002996, 'trop_agb_crit': 6.891704535458281, 'trop_k_veg': 3.3819606566552936}.
[I 2026-08-06 08:56:17,563] Trial 488 finished with values: [10.27131463449179, 10.27131463449179] and parameters: {'k1': 0.002367935204022389, 'D_low': 64.39790863101601, 'k2': 0.0007047307383115598, 'D_high': 61536.58035691648, 'fire_exp': 1.423480109671474, 'P_half': 220.3445560633069, 'pre_dampen_half': 502.5175192217655, 'gpp_af': 0.7539992074650279, 'gpp_b': 1.284284091405877e-05, 'gpp_d': 229.41380323183625, 'ign_k': 0.0020161527752598613, 'ign_c': 0.557280750002996, 'trop_agb_crit': 6.275146677376727, 'trop_k_veg': 4.345076509212382}.
[I 2026-08-06 08:56:18,719] Trial 489 finished with values: [10.302113345856922, 10.302113345856922] and parameters: {'k1': 0.01889771394135163, 'D_low': 64.39790863101601, 'k2': 0.0012040762895973265, 'D_high': 8182.111518618414, 'fire_exp': 1.0629462657398439, 'P_half': 1593.4806585556198, 'pre_dampen_half': 107.40052367919465, 'gpp_af': 0.10409127568994281, 'gpp_b': 1.284284091405877e-05, 'gpp_d': 16.460426816350523, 'ign_k': 8.708806168038567, 'ign_c': 0.6318310680434649, 'trop_agb_crit': 7.500118950416987, 'trop_k_veg': 0.83140195149031}.
[I 2026-08-06 08:56:19,895] Trial 490 finished with values: [10.355981823677018, 10.355981823677018] and parameters: {'k1': 0.008471801418819975, 'D_low': 3.34949636434409, 'k2': 0.032845299795769424, 'D_high': 8182.111518618414, 'fire_exp': 1.4705594362141987, 'P_half': 220.3445560633069, 'pre_dampen_half': 502.5175192217655, 'gpp_af': 1.1409619915696267, 'gpp_b': 1.284284091405877e-05, 'gpp_d': 16.460426816350523, 'ign_k': 0.0013492881864712073, 'ign_c': 4.439802552990464, 'trop_agb_crit': 1.14876138417489, 'trop_k_veg': 6.5801322358877785}.
[I 2026-08-06 08:56:21,036] Trial 491 finished with values: [10.052309637289692, 10.052309637289692] and parameters: {'k1': 0.004312951023617458, 'D_low': 64.39790863101601, 'k2': 1.915468390724633e-05, 'D_high': 8182.111518618414, 'fire_exp': 1.2722364682603622, 'P_half': 1.309149162209817, 'pre_dampen_half': 502.5175192217655, 'gpp_af': 1.1409619915696267, 'gpp_b': 3.481277316673104e-05, 'gpp_d': 15.210771689632104, 'ign_k': 0.0680787482656459, 'ign_c': 0.557280750002996, 'trop_agb_crit': 10.965064494899984, 'trop_k_veg': 0.83140195149031}.
[I 2026-08-06 08:56:22,208] Trial 492 finished with values: [-0.538530818252543, 0.4627550453254544] and parameters: {'k1': 0.004312951023617458, 'D_low': 70.18267183720735, 'k2': 0.0007047307383115598, 'D_high': 2940.51756322311, 'fire_exp': 1.0629462657398439, 'P_half': 12.808863354047988, 'pre_dampen_half': 502.5175192217655, 'gpp_af': 1.1409619915696267, 'gpp_b': 3.481277316673104e-05, 'gpp_d': 5.1715677287580455, 'ign_k': 0.6697348618512097, 'ign_c': 20.03995359361212, 'trop_agb_crit': 2.9222815721218716, 'trop_k_veg': 6.45312300188076}.
[I 2026-08-06 08:56:23,402] Trial 493 finished with values: [10.769178469789436, 10.769178469789436] and parameters: {'k1': 0.004312951023617458, 'D_low': 4.484744524732794, 'k2': 8.923807143379776e-05, 'D_high': 8182.111518618414, 'fire_exp': 1.0629462657398439, 'P_half': 221.2683656611821, 'pre_dampen_half': 502.5175192217655, 'gpp_af': 0.0014385690886336343, 'gpp_b': 4.1426045463636205, 'gpp_d': 229.41380323183625, 'ign_k': 0.0018256829646330853, 'ign_c': 0.557280750002996, 'trop_agb_crit': 2.9222815721218716, 'trop_k_veg': 1.4584243470991722}.
[I 2026-08-06 08:56:24,538] Trial 494 finished with values: [-0.541559062903834, 0.3956044874447112] and parameters: {'k1': 0.004312951023617458, 'D_low': 12.105387404469584, 'k2': 0.0009562822793888481, 'D_high': 8182.111518618414, 'fire_exp': 1.1430983876313219, 'P_half': 338.23872019362165, 'pre_dampen_half': 552.4163637315892, 'gpp_af': 0.18069041761817034, 'gpp_b': 0.0005752434266899163, 'gpp_d': 229.41380323183625, 'ign_k': 0.12329098365270515, 'ign_c': 8.40543912931368, 'trop_agb_crit': 10.965064494899984, 'trop_k_veg': 0.6673124511410327}.
[I 2026-08-06 08:56:25,691] Trial 495 finished with values: [10.266917496937737, 10.266917496937737] and parameters: {'k1': 0.004312951023617458, 'D_low': 3.525936800597896, 'k2': 0.0007047307383115598, 'D_high': 61536.58035691648, 'fire_exp': 1.423480109671474, 'P_half': 220.3445560633069, 'pre_dampen_half': 502.5175192217655, 'gpp_af': 0.6403036652671171, 'gpp_b': 3.481277316673104e-05, 'gpp_d': 16.460426816350523, 'ign_k': 0.0018256829646330853, 'ign_c': 0.9580682294110432, 'trop_agb_crit': 2.9222815721218716, 'trop_k_veg': 1.4584243470991722}.
[I 2026-08-06 08:56:26,837] Trial 496 finished with values: [10.465438877049063, 10.465438877049063] and parameters: {'k1': 0.04669327135003539, 'D_low': 2.6786906100977124, 'k2': 0.0007047307383115598, 'D_high': 16.139316358793206, 'fire_exp': 1.0629462657398439, 'P_half': 4.213183643253957, 'pre_dampen_half': 107.40052367919465, 'gpp_af': 56.20900787064881, 'gpp_b': 3.481277316673104e-05, 'gpp_d': 84.31013932082456, 'ign_k': 8.708806168038567, 'ign_c': 20.03995359361212, 'trop_agb_crit': 1.14876138417489, 'trop_k_veg': 6.9782110227926815}.
[I 2026-08-06 08:56:27,987] Trial 497 finished with values: [10.184235860505241, 10.184235860505241] and parameters: {'k1': 0.0014628013120517715, 'D_low': 70.18267183720735, 'k2': 0.0007047307383115598, 'D_high': 63233.81951066786, 'fire_exp': 1.0629462657398439, 'P_half': 4.213183643253957, 'pre_dampen_half': 502.5175192217655, 'gpp_af': 3.509963475591817, 'gpp_b': 1.3289448722869181e-05, 'gpp_d': 150.14555442537656, 'ign_k': 8.708806168038567, 'ign_c': 0.557280750002996, 'trop_agb_crit': 1.14876138417489, 'trop_k_veg': 0.6743482387129308}.
[I 2026-08-06 08:56:29,142] Trial 498 finished with values: [10.259034482493188, 10.259034482493188] and parameters: {'k1': 0.04669327135003539, 'D_low': 2.143851363193517, 'k2': 0.0007047307383115598, 'D_high': 30470.283500219237, 'fire_exp': 1.1430983876313219, 'P_half': 221.2683656611821, 'pre_dampen_half': 552.4163637315892, 'gpp_af': 0.10409127568994281, 'gpp_b': 1.284284091405877e-05, 'gpp_d': 150.14555442537656, 'ign_k': 2.1368329072358767, 'ign_c': 0.70689749506246, 'trop_agb_crit': 11.344699198303248, 'trop_k_veg': 4.61686111043599}.
[I 2026-08-06 08:56:30,281] Trial 499 finished with values: [10.740367400447251, 10.740367400447251] and parameters: {'k1': 0.000227929621949939, 'D_low': 3.525936800597896, 'k2': 0.0007047307383115598, 'D_high': 3712.591045287726, 'fire_exp': 1.423480109671474, 'P_half': 220.3445560633069, 'pre_dampen_half': 502.5175192217655, 'gpp_af': 11.861116422456565, 'gpp_b': 1.3289448722869181e-05, 'gpp_d': 0.025152098893118636, 'ign_k': 0.07696703458159235, 'ign_c': 0.557280750002996, 'trop_agb_crit': 6.275146677376727, 'trop_k_veg': 4.345076509212382}.
[I 2026-08-06 08:56:31,443] Trial 500 finished with values: [10.06258142949917, 10.06258142949917] and parameters: {'k1': 0.002155595057104387, 'D_low': 2.6786906100977124, 'k2': 0.012758211164590085, 'D_high': 37954.79274251299, 'fire_exp': 1.0629462657398439, 'P_half': 12.808863354047988, 'pre_dampen_half': 107.40052367919465, 'gpp_af': 0.1476584299248268, 'gpp_b': 0.0005752434266899163, 'gpp_d': 229.41380323183625, 'ign_k': 0.1550134937334847, 'ign_c': 20.03995359361212, 'trop_agb_crit': 2.1861040860339416, 'trop_k_veg': 1.4584243470991722}.
[I 2026-08-06 08:56:32,595] Trial 501 finished with values: [10.454040812983106, 10.454040812983106] and parameters: {'k1': 0.002367935204022389, 'D_low': 34.459310919273356, 'k2': 0.0007047307383115598, 'D_high': 61536.58035691648, 'fire_exp': 1.1430983876313219, 'P_half': 12.498583886387651, 'pre_dampen_half': 552.4163637315892, 'gpp_af': 0.7539992074650279, 'gpp_b': 1.284284091405877e-05, 'gpp_d': 16.460426816350523, 'ign_k': 2.1368329072358767, 'ign_c': 0.70689749506246, 'trop_agb_crit': 10.965064494899984, 'trop_k_veg': 6.5801322358877785}.
[I 2026-08-06 08:56:33,908] Trial 502 finished with values: [-0.5795452972095361, 0.8218371757675711] and parameters: {'k1': 0.04669327135003539, 'D_low': 12.105387404469584, 'k2': 0.018586220273069057, 'D_high': 15351.441568398131, 'fire_exp': 1.0362310858538248, 'P_half': 221.2683656611821, 'pre_dampen_half': 502.5175192217655, 'gpp_af': 0.25562996323356024, 'gpp_b': 1.284284091405877e-05, 'gpp_d': 150.14555442537656, 'ign_k': 5.351470428717437, 'ign_c': 0.557280750002996, 'trop_agb_crit': 1.14876138417489, 'trop_k_veg': 0.6673124511410327}.
[I 2026-08-06 08:56:35,050] Trial 503 finished with values: [10.125947834256628, 10.125947834256628] and parameters: {'k1': 3.23559867820537e-05, 'D_low': 40.12413353131991, 'k2': 0.03538758864779238, 'D_high': 3712.591045287726, 'fire_exp': 1.0629462657398439, 'P_half': 1.605843632310088, 'pre_dampen_half': 502.5175192217655, 'gpp_af': 0.10409127568994281, 'gpp_b': 0.0054502936945582505, 'gpp_d': 229.41380323183625, 'ign_k': 8.708806168038567, 'ign_c': 1.2389052918551067, 'trop_agb_crit': 2.9222815721218716, 'trop_k_veg': 1.7523283580965605}.
[I 2026-08-06 08:56:36,237] Trial 504 finished with values: [-0.6122177808432404, 0.26698431790910515] and parameters: {'k1': 0.01889771394135163, 'D_low': 70.18267183720735, 'k2': 0.012758211164590085, 'D_high': 2940.51756322311, 'fire_exp': 1.0629462657398439, 'P_half': 12.808863354047988, 'pre_dampen_half': 107.40052367919465, 'gpp_af': 0.1476584299248268, 'gpp_b': 0.0005752434266899163, 'gpp_d': 84.31013932082456, 'ign_k': 8.708806168038567, 'ign_c': 20.03995359361212, 'trop_agb_crit': 7.500118950416987, 'trop_k_veg': 2.520089655463604}.
[I 2026-08-06 08:56:37,377] Trial 505 finished with values: [10.578030544312407, 10.578030544312407] and parameters: {'k1': 0.04669327135003539, 'D_low': 2.6786906100977124, 'k2': 0.0007047307383115598, 'D_high': 61536.58035691648, 'fire_exp': 1.0629462657398439, 'P_half': 4.213183643253957, 'pre_dampen_half': 502.5175192217655, 'gpp_af': 1.6515376395739698, 'gpp_b': 3.481277316673104e-05, 'gpp_d': 229.41380323183625, 'ign_k': 8.708806168038567, 'ign_c': 0.557280750002996, 'trop_agb_crit': 3.5747129226002423, 'trop_k_veg': 0.6673124511410327}.
[I 2026-08-06 08:56:38,489] Trial 506 finished with values: [10.500921389767525, 10.500921389767525] and parameters: {'k1': 0.002367935204022389, 'D_low': 40.12413353131991, 'k2': 0.03538758864779238, 'D_high': 61536.58035691648, 'fire_exp': 1.0629462657398439, 'P_half': 220.3445560633069, 'pre_dampen_half': 4.285616492506616, 'gpp_af': 0.6403036652671171, 'gpp_b': 1.284284091405877e-05, 'gpp_d': 229.41380323183625, 'ign_k': 0.0018256829646330853, 'ign_c': 4.439802552990464, 'trop_agb_crit': 2.9222815721218716, 'trop_k_veg': 6.5801322358877785}.
[I 2026-08-06 08:56:39,671] Trial 507 finished with values: [-0.5264539607028994, 0.9029632819670947] and parameters: {'k1': 0.002367935204022389, 'D_low': 64.39790863101601, 'k2': 0.03538758864779238, 'D_high': 61536.58035691648, 'fire_exp': 1.0629462657398439, 'P_half': 221.2683656611821, 'pre_dampen_half': 502.5175192217655, 'gpp_af': 9.419931479490897, 'gpp_b': 1.284284091405877e-05, 'gpp_d': 229.41380323183625, 'ign_k': 8.708806168038567, 'ign_c': 20.03995359361212, 'trop_agb_crit': 7.500118950416987, 'trop_k_veg': 3.8009448355772393}.
[I 2026-08-06 08:56:40,820] Trial 508 finished with values: [-0.5249520546432622, 0.5321236498453383] and parameters: {'k1': 0.004312951023617458, 'D_low': 3.525936800597896, 'k2': 0.0007047307383115598, 'D_high': 8182.111518618414, 'fire_exp': 1.423480109671474, 'P_half': 220.3445560633069, 'pre_dampen_half': 502.5175192217655, 'gpp_af': 0.7539992074650279, 'gpp_b': 1.284284091405877e-05, 'gpp_d': 16.460426816350523, 'ign_k': 0.07696703458159235, 'ign_c': 0.21208987108343724, 'trop_agb_crit': 6.275146677376727, 'trop_k_veg': 4.345076509212382}.
[I 2026-08-06 08:56:41,970] Trial 509 finished with values: [10.247152622611237, 10.247152622611237] and parameters: {'k1': 0.004312951023617458, 'D_low': 40.12413353131991, 'k2': 0.03538758864779238, 'D_high': 61536.58035691648, 'fire_exp': 1.1490848108902036, 'P_half': 338.23872019362165, 'pre_dampen_half': 552.4163637315892, 'gpp_af': 0.6403036652671171, 'gpp_b': 0.0005752434266899163, 'gpp_d': 229.41380323183625, 'ign_k': 0.0018256829646330853, 'ign_c': 0.557280750002996, 'trop_agb_crit': 3.5747129226002423, 'trop_k_veg': 0.6673124511410327}.
