[I 2026-08-20 01:06:26,748] Trial 1728 finished with value: 0.47744361112538525 and parameters: {'k1': 0.0016000261785385451, 'D_low': 1.143362766840687, 'k2': 0.03203382817134593, 'D_high': 248648.32112319625, 'fire_exp': 3.3045578097925037, 'P_half': 1.480479189751442, 'pre_dampen_half': 0.7437833995400407, 'gpp_af': 0.15056407328650726, 'gpp_b': 0.0007172095531554351, 'gpp_d': 15.126056535566555, 'ign_k': 0.008569564596155993, 'ign_c': 1.375421644190646, 'trop_agb_crit': 6.007071999931557, 'trop_k_veg': 2.503347011928622, 'pop_amp': 6.118634932063361, 'pop_peak': 10.182051495308363, 'pop_sig': 1.9246559031106052}. Best is trial 1128 with value: -0.620386984093161.
[I 2026-08-20 01:06:28,593] Trial 1729 finished with value: 0.5617078049552358 and parameters: {'k1': 0.03942818871543601, 'D_low': 1183.4580451391605, 'k2': 0.0011477528814021834, 'D_high': 58067.121767623015, 'fire_exp': 1.813094454244288, 'P_half': 303.9432566171017, 'pre_dampen_half': 0.10264846703074736, 'gpp_af': 0.002430979653627031, 'gpp_b': 5.176248809813614e-05, 'gpp_d': 383.1485666859934, 'ign_k': 1.3117752269165441, 'ign_c': 5.567298477016968, 'trop_agb_crit': 19.644520680389483, 'trop_k_veg': 4.7197996434272484, 'pop_amp': 0.004614163226433199, 'pop_peak': 16.25580800483574, 'pop_sig': 0.5952322813855547}. Best is trial 1128 with value: -0.620386984093161.
[I 2026-08-20 01:06:30,546] Trial 1730 finished with value: 0.4469450644642239 and parameters: {'k1': 0.00019109725477176032, 'D_low': 7.3159840309942705, 'k2': 0.010658539871181236, 'D_high': 7967822.863246647, 'fire_exp': 1.867731765316139, 'P_half': 1.037648077116907, 'pre_dampen_half': 0.1247712207169328, 'gpp_af': 0.7084420201685867, 'gpp_b': 0.002373252267967258, 'gpp_d': 24.988614107371596, 'ign_k': 0.02513365496492627, 'ign_c': 0.11142526279796333, 'trop_agb_crit': 28.252128328778177, 'trop_k_veg': 0.7587142135230134, 'pop_amp': 3.7520370127791325, 'pop_peak': 4.2213119074294365, 'pop_sig': 0.778109462486281}. Best is trial 1128 with value: -0.620386984093161.
[I 2026-08-20 01:06:32,516] Trial 1731 finished with value: 0.5988317495318985 and parameters: {'k1': 0.0002966404171647676, 'D_low': 1.8974848324151747, 'k2': 0.009433391665649715, 'D_high': 15250.197245064946, 'fire_exp': 4.072726721730753, 'P_half': 106.01210897227783, 'pre_dampen_half': 2.2445999269613464, 'gpp_af': 0.014069605664535167, 'gpp_b': 0.0362646641467709, 'gpp_d': 170.01838088808134, 'ign_k': 0.004373522700436658, 'ign_c': 1.9404273162877275, 'trop_agb_crit': 8.699595830103721, 'trop_k_veg': 3.2427256900802806, 'pop_amp': 9.988405249292574, 'pop_peak': 236.56522721727086, 'pop_sig': 2.0337176969973365}. Best is trial 1128 with value: -0.620386984093161.
[I 2026-08-20 01:06:34,973] Trial 1732 finished with value: 0.5853670931654198 and parameters: {'k1': 0.00046209751987904744, 'D_low': 43.14787143676749, 'k2': 0.001114773533405658, 'D_high': 972320.3136943135, 'fire_exp': 3.435384515841702, 'P_half': 4353.224074409776, 'pre_dampen_half': 12.350160342230923, 'gpp_af': 0.10170586532821704, 'gpp_b': 0.0038237572269114646, 'gpp_d': 817.1727018651147, 'ign_k': 2.67424058825718, 'ign_c': 3.156385277385542, 'trop_agb_crit': 15.256110220636295, 'trop_k_veg': 6.955222450494344, 'pop_amp': 0.2170529609237988, 'pop_peak': 2.2483053743074275, 'pop_sig': 0.49961126290047864}. Best is trial 1128 with value: -0.620386984093161.
[I 2026-08-20 01:06:36,928] Trial 1733 finished with value: 0.5892710002575715 and parameters: {'k1': 0.00020131290927840955, 'D_low': 187.33789284215305, 'k2': 0.010915910236548466, 'D_high': 21095.43079762634, 'fire_exp': 5.344429443178366, 'P_half': 172.65390722613773, 'pre_dampen_half': 161.9505355128845, 'gpp_af': 0.23863269650248323, 'gpp_b': 0.011958512487078292, 'gpp_d': 215.3001308412438, 'ign_k': 0.053319552842234934, 'ign_c': 5.137366781866193, 'trop_agb_crit': 9.250464786791072, 'trop_k_veg': 7.2794786222150805, 'pop_amp': 0.48361628393705514, 'pop_peak': 92.89323993368218, 'pop_sig': 1.3641414324849563}. Best is trial 1128 with value: -0.620386984093161.
[I 2026-08-20 01:06:38,788] Trial 1734 finished with value: -0.5942026003140871 and parameters: {'k1': 0.0017438017418593078, 'D_low': 31.283332902400524, 'k2': 0.027117597675469486, 'D_high': 3046197.3605179056, 'fire_exp': 2.397976006172817, 'P_half': 3.750989981841749, 'pre_dampen_half': 0.4173206688821583, 'gpp_af': 0.15219940770865434, 'gpp_b': 0.0006450230432392235, 'gpp_d': 173.40055481708606, 'ign_k': 0.08851528913008519, 'ign_c': 3.61438531258634, 'trop_agb_crit': 9.303454900474385, 'trop_k_veg': 3.4845049568418136, 'pop_amp': 2.046345355544083, 'pop_peak': 55.244733282188996, 'pop_sig': 1.0896999339150706}. Best is trial 1128 with value: -0.620386984093161.
[I 2026-08-20 01:06:40,611] Trial 1735 finished with value: 0.5732384622752963 and parameters: {'k1': 6.54010366371418e-05, 'D_low': 13231.637015975299, 'k2': 0.007505575331675913, 'D_high': 242146.30575549533, 'fire_exp': 4.232494305939918, 'P_half': 104.00661504468209, 'pre_dampen_half': 4.6435772862331355, 'gpp_af': 2.5106371048478997, 'gpp_b': 0.000692479170903638, 'gpp_d': 190.08971984797364, 'ign_k': 0.06289755865218595, 'ign_c': 0.31005747631821245, 'trop_agb_crit': 10.087072469966833, 'trop_k_veg': 2.242462133315135, 'pop_amp': 0.06811763472893201, 'pop_peak': 0.45636611429279716, 'pop_sig': 0.9885146023809157}. Best is trial 1128 with value: -0.620386984093161.
[I 2026-08-20 01:06:42,385] Trial 1736 finished with value: 0.5683519970131772 and parameters: {'k1': 9.32349677599653e-05, 'D_low': 6589.094540505384, 'k2': 0.00017806836938950193, 'D_high': 8411032.671998221, 'fire_exp': 1.595384286416371, 'P_half': 6286.88656427177, 'pre_dampen_half': 0.05834263598220946, 'gpp_af': 0.00877282603123426, 'gpp_b': 0.0010823075914381665, 'gpp_d': 0.1751248960991172, 'ign_k': 1.469077716157163, 'ign_c': 0.30742718269895397, 'trop_agb_crit': 2.172159190055883, 'trop_k_veg': 7.729555703767182, 'pop_amp': 15.667279830117378, 'pop_peak': 0.9083018871394869, 'pop_sig': 1.7801650013531227}. Best is trial 1128 with value: -0.620386984093161.
[I 2026-08-20 01:06:44,167] Trial 1737 finished with value: 0.5818422006608835 and parameters: {'k1': 0.0002561722320917413, 'D_low': 13.681675507109501, 'k2': 0.005248125932277939, 'D_high': 6633996.204462366, 'fire_exp': 1.8580811618727717, 'P_half': 13.851274458578134, 'pre_dampen_half': 2.945066192356539, 'gpp_af': 0.0729464359055356, 'gpp_b': 0.022068748604036643, 'gpp_d': 45.418003927287494, 'ign_k': 0.36732111077914703, 'ign_c': 32.5235037653579, 'trop_agb_crit': 14.919597048189036, 'trop_k_veg': 4.83123268145409, 'pop_amp': 7.03533728303125, 'pop_peak': 575.7714331039567, 'pop_sig': 1.7423135767227103}. Best is trial 1128 with value: -0.620386984093161.
[I 2026-08-20 01:06:45,973] Trial 1738 finished with value: 0.525731946468855 and parameters: {'k1': 0.0005108189025937533, 'D_low': 20.30244248272619, 'k2': 0.0054336459614591805, 'D_high': 143233.31758688283, 'fire_exp': 3.606131037113692, 'P_half': 13.727670383366943, 'pre_dampen_half': 5.446318591691122, 'gpp_af': 0.24281357309463025, 'gpp_b': 7.592744215650202e-05, 'gpp_d': 820.9996196522835, 'ign_k': 0.020249509300140734, 'ign_c': 6.017259571204868, 'trop_agb_crit': 4.657170703310818, 'trop_k_veg': 2.6125939849743527, 'pop_amp': 2.5835755745310527, 'pop_peak': 36.54810728860565, 'pop_sig': 0.6165677313070832}. Best is trial 1128 with value: -0.620386984093161.
[I 2026-08-20 01:06:47,781] Trial 1739 finished with value: 0.5068488730315224 and parameters: {'k1': 0.0025433636217083028, 'D_low': 183.42927362853706, 'k2': 0.0031198461020882887, 'D_high': 1299391.9061010606, 'fire_exp': 3.04200725897431, 'P_half': 2.4580384626263427, 'pre_dampen_half': 2.9497181589610575, 'gpp_af': 0.051842011944415026, 'gpp_b': 0.00047496309275402637, 'gpp_d': 76.7084679536491, 'ign_k': 0.21277350003904463, 'ign_c': 4.573940587515438, 'trop_agb_crit': 15.998316905796553, 'trop_k_veg': 4.768638782105523, 'pop_amp': 3.6140076355663995, 'pop_peak': 34.643515272506264, 'pop_sig': 0.9247139701160975}. Best is trial 1128 with value: -0.620386984093161.
[I 2026-08-20 01:06:49,615] Trial 1740 finished with value: 0.42006215281644077 and parameters: {'k1': 0.03228465417200577, 'D_low': 1.7973400505452968, 'k2': 1.341879627836823e-05, 'D_high': 1501956.0566316848, 'fire_exp': 1.5062731562594733, 'P_half': 19.738256093643432, 'pre_dampen_half': 3.3590148938739963, 'gpp_af': 0.0025091317919456956, 'gpp_b': 7.213977800196151e-05, 'gpp_d': 90.60088880926612, 'ign_k': 5.809923790103711, 'ign_c': 4.793593177186848, 'trop_agb_crit': 1.7225568858120013, 'trop_k_veg': 2.06399648389401, 'pop_amp': 0.0034168448260694234, 'pop_peak': 21.30352729173966, 'pop_sig': 0.6819143533315418}. Best is trial 1128 with value: -0.620386984093161.
[I 2026-08-20 01:06:51,449] Trial 1741 finished with value: 0.5465928436743537 and parameters: {'k1': 0.013909069051063058, 'D_low': 9.129786603804332, 'k2': 9.503446488977609e-05, 'D_high': 212894.27933027776, 'fire_exp': 1.6466023402280916, 'P_half': 4.3887479224524215, 'pre_dampen_half': 2.210000180631728, 'gpp_af': 0.023921293071526805, 'gpp_b': 0.000670427331131733, 'gpp_d': 467.63433989197193, 'ign_k': 7.6459133984497685, 'ign_c': 26.65148113453144, 'trop_agb_crit': 5.848751868835487, 'trop_k_veg': 2.8782832842408657, 'pop_amp': 0.0047445363336913165, 'pop_peak': 3.2109965776324776, 'pop_sig': 0.7910170268898365}. Best is trial 1128 with value: -0.620386984093161.
[I 2026-08-20 01:06:53,257] Trial 1742 finished with value: 0.57225157743118 and parameters: {'k1': 0.004984735006557286, 'D_low': 1.7160307537628194, 'k2': 0.018778022600448415, 'D_high': 111303.18099375271, 'fire_exp': 2.2385090943352663, 'P_half': 6.452320548304033, 'pre_dampen_half': 0.12332921527763847, 'gpp_af': 0.011167749180104138, 'gpp_b': 0.0033463169578767014, 'gpp_d': 247.5211378578572, 'ign_k': 0.04541559097334062, 'ign_c': 1.280399925666791, 'trop_agb_crit': 6.462184679387208, 'trop_k_veg': 6.380591660238128, 'pop_amp': 1.6108875260773123, 'pop_peak': 183.0423177681734, 'pop_sig': 0.32066119982540564}. Best is trial 1128 with value: -0.620386984093161.
[I 2026-08-20 01:06:55,524] Trial 1743 finished with value: 0.4612722034215089 and parameters: {'k1': 0.00145188537020634, 'D_low': 1.2150351290979455, 'k2': 0.016182119873800034, 'D_high': 5704936.011443319, 'fire_exp': 2.238404511532233, 'P_half': 11.215793317196956, 'pre_dampen_half': 0.06946267854077992, 'gpp_af': 0.061683251522971626, 'gpp_b': 0.013065960075034471, 'gpp_d': 94.68183329136906, 'ign_k': 0.06022658260544961, 'ign_c': 0.5349270359153033, 'trop_agb_crit': 20.607675852009837, 'trop_k_veg': 3.585294228110563, 'pop_amp': 5.290090713884638, 'pop_peak': 13.211929195255237, 'pop_sig': 1.2124491864489135}. Best is trial 1128 with value: -0.620386984093161.
[I 2026-08-20 01:06:57,313] Trial 1744 finished with value: 0.43985204294638736 and parameters: {'k1': 0.03257072244880031, 'D_low': 205.01384027046603, 'k2': 0.07569719025182824, 'D_high': 571593.220719256, 'fire_exp': 1.4216323586240478, 'P_half': 6.042647460458133, 'pre_dampen_half': 0.045948832893860585, 'gpp_af': 0.035580574102063674, 'gpp_b': 0.005245706082101402, 'gpp_d': 347.6512998264854, 'ign_k': 0.2208775407955098, 'ign_c': 26.781021777863444, 'trop_agb_crit': 6.8582327180371845, 'trop_k_veg': 7.9656498424493005, 'pop_amp': 12.558020281815436, 'pop_peak': 11.744193470007056, 'pop_sig': 1.2990589563155388}. Best is trial 1128 with value: -0.620386984093161.
[I 2026-08-20 01:06:59,116] Trial 1745 finished with value: 0.4469930634702237 and parameters: {'k1': 0.0009884071415413324, 'D_low': 512.129623329154, 'k2': 0.0016839007770220232, 'D_high': 1284213.9725550292, 'fire_exp': 5.357988859191943, 'P_half': 110.82658894634238, 'pre_dampen_half': 50.64304536374505, 'gpp_af': 0.03616157135483146, 'gpp_b': 0.00015263291364810637, 'gpp_d': 711.2514514815881, 'ign_k': 3.1839011589256527, 'ign_c': 0.1636628858637439, 'trop_agb_crit': 3.8150756785270565, 'trop_k_veg': 0.9672408350121294, 'pop_amp': 0.17882261076531966, 'pop_peak': 0.08342061614204295, 'pop_sig': 1.9423109840308337}. Best is trial 1128 with value: -0.620386984093161.
[I 2026-08-20 01:07:01,091] Trial 1746 finished with value: -0.5796414659423395 and parameters: {'k1': 0.007669661154847885, 'D_low': 808.3359243328257, 'k2': 0.000483658550988668, 'D_high': 7554337.264551907, 'fire_exp': 2.589272669705643, 'P_half': 13.312956649141638, 'pre_dampen_half': 0.5255028793724917, 'gpp_af': 7.890685130827313, 'gpp_b': 0.0008480818896992958, 'gpp_d': 238.88201841502558, 'ign_k': 0.3003106404286901, 'ign_c': 1.3292610631764077, 'trop_agb_crit': 15.974913070764982, 'trop_k_veg': 6.72477469715143, 'pop_amp': 1.252989897293727, 'pop_peak': 22.508097630138906, 'pop_sig': 0.3231117520700686}. Best is trial 1128 with value: -0.620386984093161.
[I 2026-08-20 01:07:03,001] Trial 1747 finished with value: 0.5849737911218428 and parameters: {'k1': 1.1693560112112529e-05, 'D_low': 8906.36899690131, 'k2': 0.04690110488218811, 'D_high': 107972.68238486433, 'fire_exp': 2.604692660115924, 'P_half': 647.8034952014419, 'pre_dampen_half': 4.506043474207241, 'gpp_af': 0.738443464952478, 'gpp_b': 0.019203999419520446, 'gpp_d': 444.40788245441576, 'ign_k': 0.03145800285726852, 'ign_c': 0.25745060957399196, 'trop_agb_crit': 3.2165247869293805, 'trop_k_veg': 0.7800608521856703, 'pop_amp': 0.12682173272848513, 'pop_peak': 152.37380490616982, 'pop_sig': 1.460913737617897}. Best is trial 1128 with value: -0.620386984093161.
[I 2026-08-20 01:07:04,796] Trial 1748 finished with value: 0.4518485621223338 and parameters: {'k1': 2.923686515203694e-05, 'D_low': 3.153510181828187, 'k2': 0.007298489902860523, 'D_high': 4987392.3025013255, 'fire_exp': 1.5061784752567982, 'P_half': 15.06932017940742, 'pre_dampen_half': 0.03152608840731833, 'gpp_af': 0.019568710493732395, 'gpp_b': 0.0007740034324219006, 'gpp_d': 50.96028019825204, 'ign_k': 0.0363863791573744, 'ign_c': 25.157245535472622, 'trop_agb_crit': 7.953522297933398, 'trop_k_veg': 5.146713358417003, 'pop_amp': 11.818305586549974, 'pop_peak': 30.149082645743146, 'pop_sig': 1.423513313008934}. Best is trial 1128 with value: -0.620386984093161.
[I 2026-08-20 01:07:06,660] Trial 1749 finished with value: 0.5924346827523226 and parameters: {'k1': 0.0014306207790829775, 'D_low': 212.80686775857237, 'k2': 0.0002603225137295294, 'D_high': 1453723.6818970712, 'fire_exp': 7.59631411474731, 'P_half': 80.86954252544474, 'pre_dampen_half': 21.319829773883065, 'gpp_af': 0.14841537619906955, 'gpp_b': 1.604687221027068e-05, 'gpp_d': 0.9372326596002254, 'ign_k': 0.0031609485510663404, 'ign_c': 1.252191501754973, 'trop_agb_crit': 4.328981051264621, 'trop_k_veg': 2.818671992608745, 'pop_amp': 1.0889395369114745, 'pop_peak': 0.5047146773335468, 'pop_sig': 0.686390761344054}. Best is trial 1128 with value: -0.620386984093161.
[I 2026-08-20 01:07:08,501] Trial 1750 finished with value: 0.6043511830963293 and parameters: {'k1': 0.00015373201357810932, 'D_low': 36758.761077857496, 'k2': 0.04005852698749159, 'D_high': 1288363.5269866847, 'fire_exp': 2.9075031046897424, 'P_half': 711.5173762317802, 'pre_dampen_half': 298.4728556578284, 'gpp_af': 0.21173907390655472, 'gpp_b': 0.008862771649198022, 'gpp_d': 502.23906800923857, 'ign_k': 0.05186718826041243, 'ign_c': 0.1604385982430433, 'trop_agb_crit': 16.403406683876305, 'trop_k_veg': 3.2744833524076737, 'pop_amp': 0.3525171507640447, 'pop_peak': 0.13007410047655893, 'pop_sig': 1.4671753239700875}. Best is trial 1128 with value: -0.620386984093161.
[I 2026-08-20 01:07:10,407] Trial 1751 finished with value: 0.592376904751068 and parameters: {'k1': 6.389887232849545e-05, 'D_low': 126.8649882594746, 'k2': 0.005650751222342197, 'D_high': 1270095.9163661576, 'fire_exp': 1.7340836029571463, 'P_half': 269.1713902535176, 'pre_dampen_half': 6.6040098825256495, 'gpp_af': 0.002837448545621097, 'gpp_b': 0.03184812467297882, 'gpp_d': 3.1254105414117395, 'ign_k': 1.6041696284327496, 'ign_c': 0.20070632690512938, 'trop_agb_crit': 2.6597055277487294, 'trop_k_veg': 6.849958500994215, 'pop_amp': 1.344888356702257, 'pop_peak': 2.929220721562061, 'pop_sig': 0.6836194528870139}. Best is trial 1128 with value: -0.620386984093161.
[I 2026-08-20 01:07:12,220] Trial 1752 finished with value: 0.4096738470667626 and parameters: {'k1': 0.0017261878566820542, 'D_low': 1678.4105462093103, 'k2': 0.007289057335131717, 'D_high': 446558.68074483133, 'fire_exp': 5.35107063924773, 'P_half': 58.20294432259642, 'pre_dampen_half': 52.52745447596752, 'gpp_af': 1.0720752889364877, 'gpp_b': 0.0014449712400415502, 'gpp_d': 142.3817285119918, 'ign_k': 0.696400870442701, 'ign_c': 0.7755517691329227, 'trop_agb_crit': 5.111814832947712, 'trop_k_veg': 2.2429038400214476, 'pop_amp': 0.47372910741284796, 'pop_peak': 0.4480027788242201, 'pop_sig': 1.8912883707340273}. Best is trial 1128 with value: -0.620386984093161.
[I 2026-08-20 01:07:14,080] Trial 1753 finished with value: 0.42371276072902353 and parameters: {'k1': 0.0011755799983030248, 'D_low': 237.45943248949092, 'k2': 0.02487342434998584, 'D_high': 5730307.1931671435, 'fire_exp': 2.3768302496334153, 'P_half': 799.1511925306924, 'pre_dampen_half': 688.6710400199644, 'gpp_af': 0.2838703273304897, 'gpp_b': 0.0010309613632392297, 'gpp_d': 988.1426360628402, 'ign_k': 2.4541510700897677, 'ign_c': 0.3059267780153868, 'trop_agb_crit': 8.828279312671382, 'trop_k_veg': 2.7089318078008757, 'pop_amp': 3.6318077659773604, 'pop_peak': 0.1976216630337841, 'pop_sig': 0.7809181801544227}. Best is trial 1128 with value: -0.620386984093161.
[I 2026-08-20 01:07:16,354] Trial 1754 finished with value: 0.6445374145881376 and parameters: {'k1': 0.0012000521626821035, 'D_low': 67170.72958460925, 'k2': 0.0009994964661813536, 'D_high': 2914.062202984776, 'fire_exp': 6.997810730085236, 'P_half': 1130.8574620890704, 'pre_dampen_half': 101.70022774600803, 'gpp_af': 1.1823960151257826, 'gpp_b': 0.00806616303352403, 'gpp_d': 317.6898786113974, 'ign_k': 9.096049899745013, 'ign_c': 0.1320048363302268, 'trop_agb_crit': 7.233970507422589, 'trop_k_veg': 1.6017420670202358, 'pop_amp': 14.950954659912966, 'pop_peak': 0.07732775105766768, 'pop_sig': 1.9158950635658434}. Best is trial 1128 with value: -0.620386984093161.
[I 2026-08-20 01:07:18,236] Trial 1755 finished with value: 0.40832199883305476 and parameters: {'k1': 0.002093120635356968, 'D_low': 2.8409623664851935, 'k2': 0.006738186788194273, 'D_high': 1620735.0264172622, 'fire_exp': 1.8639452058999593, 'P_half': 1.4712372377779654, 'pre_dampen_half': 0.7279325279936499, 'gpp_af': 0.024610379861553233, 'gpp_b': 0.0007571734131978791, 'gpp_d': 257.937998597454, 'ign_k': 0.06687292385414993, 'ign_c': 21.322653827750763, 'trop_agb_crit': 13.524678233696314, 'trop_k_veg': 1.2970089518492054, 'pop_amp': 3.8201268710306397, 'pop_peak': 26.812747809070768, 'pop_sig': 1.1918972783883552}. Best is trial 1128 with value: -0.620386984093161.
[I 2026-08-20 01:07:20,097] Trial 1756 finished with value: 0.41480248826388877 and parameters: {'k1': 0.005372966147014394, 'D_low': 20.912827084397332, 'k2': 4.703148100029234e-05, 'D_high': 325519.02884841186, 'fire_exp': 3.956052059287772, 'P_half': 23.06450862247833, 'pre_dampen_half': 13.88307270118889, 'gpp_af': 0.004797792260876507, 'gpp_b': 3.435773976176281e-05, 'gpp_d': 272.08390796981485, 'ign_k': 1.416781546073213, 'ign_c': 3.9134556482481324, 'trop_agb_crit': 3.8529753929769894, 'trop_k_veg': 6.623442026074736, 'pop_amp': 0.0010609425534501872, 'pop_peak': 0.05799262034557812, 'pop_sig': 0.6243487704457061}. Best is trial 1128 with value: -0.620386984093161.
[I 2026-08-20 01:07:21,947] Trial 1757 finished with value: 0.5156875002291168 and parameters: {'k1': 0.0004302552791790031, 'D_low': 1.8085025016279617, 'k2': 0.007216640577258513, 'D_high': 152890.36175862068, 'fire_exp': 1.638552294286488, 'P_half': 23.133724050782593, 'pre_dampen_half': 0.1951105316088395, 'gpp_af': 0.05442515677482516, 'gpp_b': 0.0017721905819600863, 'gpp_d': 58.42768432755622, 'ign_k': 0.03668323888797152, 'ign_c': 7.644199555072954, 'trop_agb_crit': 4.126349143772465, 'trop_k_veg': 1.4444016554120809, 'pop_amp': 1.1503545969253295, 'pop_peak': 14.714494990526692, 'pop_sig': 1.3062622298032813}. Best is trial 1128 with value: -0.620386984093161.
[I 2026-08-20 01:07:23,791] Trial 1758 finished with value: 0.5773442956647872 and parameters: {'k1': 6.109805414635253e-05, 'D_low': 28.568439122947698, 'k2': 0.05319025008082761, 'D_high': 470514.8665804334, 'fire_exp': 3.9360979518136947, 'P_half': 1349.0468598305433, 'pre_dampen_half': 1.9572332734793843, 'gpp_af': 0.12008961419347179, 'gpp_b': 0.00015638798891604876, 'gpp_d': 0.36887163934440076, 'ign_k': 2.796910260323867, 'ign_c': 0.24982105915481706, 'trop_agb_crit': 1.0672792848877855, 'trop_k_veg': 4.509339247453969, 'pop_amp': 2.2192976192074783, 'pop_peak': 8.746919076107169, 'pop_sig': 2.413294921434364}. Best is trial 1128 with value: -0.620386984093161.
[I 2026-08-20 01:07:25,633] Trial 1759 finished with value: 0.5793275428292399 and parameters: {'k1': 0.00014134112471363546, 'D_low': 16079.216176537866, 'k2': 0.031010082559528192, 'D_high': 253248.45769386698, 'fire_exp': 5.502468653107428, 'P_half': 208.02998270959498, 'pre_dampen_half': 0.28806421652235054, 'gpp_af': 3.011720842179965, 'gpp_b': 3.761838413587274e-05, 'gpp_d': 564.8564383285187, 'ign_k': 9.364889242063995, 'ign_c': 9.972299625938813, 'trop_agb_crit': 11.891781733136767, 'trop_k_veg': 0.7213656649060635, 'pop_amp': 0.057770043224310896, 'pop_peak': 0.09972340991701761, 'pop_sig': 0.37315307170951284}. Best is trial 1128 with value: -0.620386984093161.
