[I 2026-08-06 10:37:18,488] Trial 1329 finished with values: [-0.5660340332644649, 0.05479203234484176] and parameters: {'k1': 0.008912611835817005, 'D_low': 355.00125258511594, 'k2': 0.03538758864779238, 'D_high': 39819.19662051714, 'fire_exp': 1.0629462657398439, 'P_half': 5.076307782729897, 'pre_dampen_half': 84.7731049939918, 'gpp_af': 0.05849340411085125, 'gpp_b': 5.128816316792448e-05, 'gpp_d': 2.944272359149677, 'ign_k': 0.21006485619596416, 'ign_c': 18.588694009815857, 'trop_agb_crit': 1.0903028125370984, 'trop_k_veg': 0.7621249294873298}.
[I 2026-08-06 10:37:19,627] Trial 1330 finished with values: [10.135536451522183, 10.135536451522183] and parameters: {'k1': 0.008912611835817005, 'D_low': 355.00125258511594, 'k2': 0.03538758864779238, 'D_high': 11832.967057468773, 'fire_exp': 1.0629462657398439, 'P_half': 220.3445560633069, 'pre_dampen_half': 832.8208611404456, 'gpp_af': 0.7539992074650279, 'gpp_b': 5.128816316792448e-05, 'gpp_d': 2.944272359149677, 'ign_k': 0.0680787482656459, 'ign_c': 18.588694009815857, 'trop_agb_crit': 1.0911298587990423, 'trop_k_veg': 2.7863130345574474}.
[I 2026-08-06 10:37:20,733] Trial 1331 finished with values: [10.529199531047729, 10.529199531047729] and parameters: {'k1': 0.008912611835817005, 'D_low': 355.00125258511594, 'k2': 1.7807904329970765e-05, 'D_high': 4695.480001817503, 'fire_exp': 1.1174086754605184, 'P_half': 5.076307782729897, 'pre_dampen_half': 14.905836948373004, 'gpp_af': 0.7539992074650279, 'gpp_b': 9.902147057333172e-05, 'gpp_d': 2.944272359149677, 'ign_k': 2.9818972317055166, 'ign_c': 15.221840161091626, 'trop_agb_crit': 1.0903028125370984, 'trop_k_veg': 4.375785248100498}.
[I 2026-08-06 10:37:21,859] Trial 1332 finished with values: [10.597903737104824, 10.597903737104824] and parameters: {'k1': 0.008912611835817005, 'D_low': 4.484744524732794, 'k2': 0.03538758864779238, 'D_high': 11832.967057468773, 'fire_exp': 1.0629462657398439, 'P_half': 3370.629622438604, 'pre_dampen_half': 552.4163637315892, 'gpp_af': 4.4416173741744, 'gpp_b': 0.0021331409710300844, 'gpp_d': 2.944272359149677, 'ign_k': 0.21006485619596416, 'ign_c': 15.221840161091626, 'trop_agb_crit': 1.0455434848969813, 'trop_k_veg': 0.6673124511410327}.
[I 2026-08-06 10:37:22,956] Trial 1333 finished with values: [-0.5648241218703816, 0.05352842828423554] and parameters: {'k1': 0.001761725951418538, 'D_low': 355.00125258511594, 'k2': 0.0017483983085324361, 'D_high': 11832.967057468773, 'fire_exp': 1.1174086754605184, 'P_half': 5.076307782729897, 'pre_dampen_half': 502.5175192217655, 'gpp_af': 0.7539992074650279, 'gpp_b': 0.0021331409710300844, 'gpp_d': 2.944272359149677, 'ign_k': 8.103949702339497, 'ign_c': 15.221840161091626, 'trop_agb_crit': 19.3289574092866, 'trop_k_veg': 2.194427136482602}.
[I 2026-08-06 10:37:24,027] Trial 1334 finished with values: [-0.5780109232067987, 0.06091397375485419] and parameters: {'k1': 0.03974965675011386, 'D_low': 355.00125258511594, 'k2': 0.03538758864779238, 'D_high': 11832.967057468773, 'fire_exp': 1.051534186853412, 'P_half': 5.076307782729897, 'pre_dampen_half': 63.6685916079943, 'gpp_af': 4.4416173741744, 'gpp_b': 0.0021331409710300844, 'gpp_d': 2.944272359149677, 'ign_k': 0.21006485619596416, 'ign_c': 15.221840161091626, 'trop_agb_crit': 1.0903028125370984, 'trop_k_veg': 3.1473758868965476}.
[I 2026-08-06 10:37:25,135] Trial 1335 finished with values: [-0.5545145207403891, 0.027887973458038506] and parameters: {'k1': 0.008912611835817005, 'D_low': 355.00125258511594, 'k2': 0.0005128126758785009, 'D_high': 39819.19662051714, 'fire_exp': 1.0629462657398439, 'P_half': 5.076307782729897, 'pre_dampen_half': 552.4163637315892, 'gpp_af': 0.6403036652671171, 'gpp_b': 0.0325181766809307, 'gpp_d': 2.944272359149677, 'ign_k': 2.9818972317055166, 'ign_c': 15.221840161091626, 'trop_agb_crit': 1.0903028125370984, 'trop_k_veg': 3.1473758868965476}.
[I 2026-08-06 10:37:26,211] Trial 1336 finished with values: [-0.5618533715297525, 0.018813403587395805] and parameters: {'k1': 0.008912611835817005, 'D_low': 355.00125258511594, 'k2': 5.52207197313581e-05, 'D_high': 39819.19662051714, 'fire_exp': 1.0629462657398439, 'P_half': 4.455881402182092, 'pre_dampen_half': 552.4163637315892, 'gpp_af': 1.9706963379095486, 'gpp_b': 0.0325181766809307, 'gpp_d': 2.944272359149677, 'ign_k': 2.9818972317055166, 'ign_c': 15.221840161091626, 'trop_agb_crit': 19.3289574092866, 'trop_k_veg': 2.7863130345574474}.
[I 2026-08-06 10:37:27,340] Trial 1337 finished with values: [-0.5667252134781157, 0.03830986311201201] and parameters: {'k1': 0.008912611835817005, 'D_low': 398.8451998135321, 'k2': 0.03538758864779238, 'D_high': 15351.441568398131, 'fire_exp': 1.1174086754605184, 'P_half': 220.3445560633069, 'pre_dampen_half': 502.5175192217655, 'gpp_af': 1.9706963379095486, 'gpp_b': 1.190268992068981e-05, 'gpp_d': 2.944272359149677, 'ign_k': 2.9818972317055166, 'ign_c': 15.221840161091626, 'trop_agb_crit': 1.0903028125370984, 'trop_k_veg': 2.194427136482602}.
[I 2026-08-06 10:37:28,416] Trial 1338 finished with values: [-0.582273274068958, 0.05822365078871983] and parameters: {'k1': 0.008912611835817005, 'D_low': 355.00125258511594, 'k2': 0.03538758864779238, 'D_high': 11832.967057468773, 'fire_exp': 1.1263716762638152, 'P_half': 140.74279366401683, 'pre_dampen_half': 502.5175192217655, 'gpp_af': 4.4416173741744, 'gpp_b': 0.0021331409710300844, 'gpp_d': 2.944272359149677, 'ign_k': 0.21006485619596416, 'ign_c': 15.221840161091626, 'trop_agb_crit': 1.0903028125370984, 'trop_k_veg': 3.1473758868965476}.
[I 2026-08-06 10:37:30,001] Trial 1339 finished with values: [10.651651345172475, 10.651651345172475] and parameters: {'k1': 0.008912611835817005, 'D_low': 355.00125258511594, 'k2': 0.03538758864779238, 'D_high': 3712.591045287726, 'fire_exp': 1.0629462657398439, 'P_half': 140.74279366401683, 'pre_dampen_half': 552.4163637315892, 'gpp_af': 0.7539992074650279, 'gpp_b': 0.006906522645653115, 'gpp_d': 16.460426816350523, 'ign_k': 0.21006485619596416, 'ign_c': 4.2425976091860935, 'trop_agb_crit': 1.0911298587990423, 'trop_k_veg': 2.360385882264582}.
[I 2026-08-06 10:37:31,092] Trial 1340 finished with values: [-0.5695006260530653, 0.06230817464340277] and parameters: {'k1': 0.008912611835817005, 'D_low': 355.00125258511594, 'k2': 0.03538758864779238, 'D_high': 11832.967057468773, 'fire_exp': 1.0629462657398439, 'P_half': 5.076307782729897, 'pre_dampen_half': 502.5175192217655, 'gpp_af': 0.43350899241405944, 'gpp_b': 0.006906522645653115, 'gpp_d': 2.944272359149677, 'ign_k': 0.21006485619596416, 'ign_c': 15.221840161091626, 'trop_agb_crit': 1.0903028125370984, 'trop_k_veg': 3.1473758868965476}.
[I 2026-08-06 10:37:32,200] Trial 1341 finished with values: [-0.5717844964086531, 0.06361980545263757] and parameters: {'k1': 0.008912611835817005, 'D_low': 355.00125258511594, 'k2': 0.03538758864779238, 'D_high': 11832.967057468773, 'fire_exp': 1.0629462657398439, 'P_half': 5.076307782729897, 'pre_dampen_half': 552.4163637315892, 'gpp_af': 0.6403036652671171, 'gpp_b': 0.006906522645653115, 'gpp_d': 2.944272359149677, 'ign_k': 0.21006485619596416, 'ign_c': 15.221840161091626, 'trop_agb_crit': 1.0911298587990423, 'trop_k_veg': 2.7863130345574474}.
[I 2026-08-06 10:37:33,323] Trial 1342 finished with values: [-0.5496894314038172, 0.02405193871483957] and parameters: {'k1': 0.008912611835817005, 'D_low': 355.00125258511594, 'k2': 0.03538758864779238, 'D_high': 7540.749074574753, 'fire_exp': 1.1174086754605184, 'P_half': 5.076307782729897, 'pre_dampen_half': 63.6685916079943, 'gpp_af': 0.6403036652671171, 'gpp_b': 0.006906522645653115, 'gpp_d': 16.460426816350523, 'ign_k': 3.589155871450839, 'ign_c': 15.221840161091626, 'trop_agb_crit': 6.383676143682316, 'trop_k_veg': 3.1473758868965476}.
[I 2026-08-06 10:37:34,398] Trial 1343 finished with values: [-0.5532022352903692, 0.020381438588748302] and parameters: {'k1': 0.036394202908311676, 'D_low': 355.00125258511594, 'k2': 0.03538758864779238, 'D_high': 11832.967057468773, 'fire_exp': 1.2006227951069504, 'P_half': 140.74279366401683, 'pre_dampen_half': 502.5175192217655, 'gpp_af': 0.6403036652671171, 'gpp_b': 0.0021331409710300844, 'gpp_d': 2.944272359149677, 'ign_k': 2.9818972317055166, 'ign_c': 15.221840161091626, 'trop_agb_crit': 1.0911298587990423, 'trop_k_veg': 3.1473758868965476}.
[I 2026-08-06 10:37:35,506] Trial 1344 finished with values: [-0.5869904339525119, 0.07363179766830463] and parameters: {'k1': 0.004312951023617458, 'D_low': 355.00125258511594, 'k2': 0.008433074972740243, 'D_high': 37954.79274251299, 'fire_exp': 1.1263716762638152, 'P_half': 220.3445560633069, 'pre_dampen_half': 63.6685916079943, 'gpp_af': 1.9706963379095486, 'gpp_b': 0.006906522645653115, 'gpp_d': 2.944272359149677, 'ign_k': 0.21006485619596416, 'ign_c': 5.13055176058983, 'trop_agb_crit': 1.0903028125370984, 'trop_k_veg': 4.5046583040732875}.
[I 2026-08-06 10:37:36,599] Trial 1345 finished with values: [10.154038919088745, 10.154038919088745] and parameters: {'k1': 5.618854373041685e-05, 'D_low': 4.484744524732794, 'k2': 0.03538758864779238, 'D_high': 11832.967057468773, 'fire_exp': 1.0629462657398439, 'P_half': 140.74279366401683, 'pre_dampen_half': 502.5175192217655, 'gpp_af': 1.9706963379095486, 'gpp_b': 0.0325181766809307, 'gpp_d': 2.944272359149677, 'ign_k': 2.9818972317055166, 'ign_c': 5.13055176058983, 'trop_agb_crit': 1.0903028125370984, 'trop_k_veg': 4.375785248100498}.
[I 2026-08-06 10:37:37,740] Trial 1346 finished with values: [-0.5498167442661971, 0.02740797233845793] and parameters: {'k1': 0.008912611835817005, 'D_low': 355.00125258511594, 'k2': 0.03538758864779238, 'D_high': 39819.19662051714, 'fire_exp': 1.3170256885255098, 'P_half': 5.076307782729897, 'pre_dampen_half': 502.5175192217655, 'gpp_af': 0.05849340411085125, 'gpp_b': 0.0021331409710300844, 'gpp_d': 2.944272359149677, 'ign_k': 2.7083713598654877, 'ign_c': 15.221840161091626, 'trop_agb_crit': 1.0903028125370984, 'trop_k_veg': 3.1473758868965476}.
[I 2026-08-06 10:37:38,833] Trial 1347 finished with values: [10.171786082246438, 10.171786082246438] and parameters: {'k1': 0.018890961174687686, 'D_low': 355.00125258511594, 'k2': 5.52207197313581e-05, 'D_high': 11832.967057468773, 'fire_exp': 1.0629462657398439, 'P_half': 5.076307782729897, 'pre_dampen_half': 552.4163637315892, 'gpp_af': 0.6403036652671171, 'gpp_b': 0.0325181766809307, 'gpp_d': 2.944272359149677, 'ign_k': 8.103949702339497, 'ign_c': 15.221840161091626, 'trop_agb_crit': 6.292423580875266, 'trop_k_veg': 2.7863130345574474}.
[I 2026-08-06 10:37:39,939] Trial 1348 finished with values: [10.100752365059652, 10.100752365059652] and parameters: {'k1': 0.008912611835817005, 'D_low': 693.3798145979342, 'k2': 5.52207197313581e-05, 'D_high': 39819.19662051714, 'fire_exp': 1.0629462657398439, 'P_half': 1.2432381951316052, 'pre_dampen_half': 552.4163637315892, 'gpp_af': 24.725776073156705, 'gpp_b': 0.0007693087624665233, 'gpp_d': 2.944272359149677, 'ign_k': 2.9818972317055166, 'ign_c': 15.221840161091626, 'trop_agb_crit': 24.584290528289387, 'trop_k_veg': 2.7863130345574474}.
[I 2026-08-06 10:37:41,089] Trial 1349 finished with values: [10.274989970750019, 10.274989970750019] and parameters: {'k1': 0.008912611835817005, 'D_low': 4.484744524732794, 'k2': 5.52207197313581e-05, 'D_high': 3712.591045287726, 'fire_exp': 1.0629462657398439, 'P_half': 140.74279366401683, 'pre_dampen_half': 502.5175192217655, 'gpp_af': 1.9706963379095486, 'gpp_b': 0.0325181766809307, 'gpp_d': 2.2690261165997048, 'ign_k': 2.9818972317055166, 'ign_c': 15.221840161091626, 'trop_agb_crit': 1.0903028125370984, 'trop_k_veg': 4.167664671344212}.
[I 2026-08-06 10:37:42,221] Trial 1350 finished with values: [10.619693624525247, 10.619693624525247] and parameters: {'k1': 0.001761725951418538, 'D_low': 355.00125258511594, 'k2': 0.0017483983085324361, 'D_high': 11832.967057468773, 'fire_exp': 1.3170256885255098, 'P_half': 1934.4058229928303, 'pre_dampen_half': 502.5175192217655, 'gpp_af': 0.6403036652671171, 'gpp_b': 0.0021331409710300844, 'gpp_d': 2.944272359149677, 'ign_k': 8.103949702339497, 'ign_c': 15.221840161091626, 'trop_agb_crit': 1.0903028125370984, 'trop_k_veg': 3.1473758868965476}.
[I 2026-08-06 10:37:43,348] Trial 1351 finished with values: [10.15822322179157, 10.15822322179157] and parameters: {'k1': 0.008912611835817005, 'D_low': 355.00125258511594, 'k2': 0.03538758864779238, 'D_high': 39819.19662051714, 'fire_exp': 1.0629462657398439, 'P_half': 220.3445560633069, 'pre_dampen_half': 502.5175192217655, 'gpp_af': 1.9706963379095486, 'gpp_b': 0.0325181766809307, 'gpp_d': 2.944272359149677, 'ign_k': 2.9818972317055166, 'ign_c': 15.221840161091626, 'trop_agb_crit': 19.3289574092866, 'trop_k_veg': 2.7863130345574474}.
[I 2026-08-06 10:37:44,471] Trial 1352 finished with values: [10.474384140406364, 10.474384140406364] and parameters: {'k1': 0.008912611835817005, 'D_low': 520.4862686958022, 'k2': 0.014344484793173472, 'D_high': 687.1646164964683, 'fire_exp': 1.3170256885255098, 'P_half': 5.076307782729897, 'pre_dampen_half': 502.5175192217655, 'gpp_af': 0.05849340411085125, 'gpp_b': 0.006906522645653115, 'gpp_d': 4.25060659305504, 'ign_k': 8.103949702339497, 'ign_c': 2.8335389417624683, 'trop_agb_crit': 1.0911298587990423, 'trop_k_veg': 3.1473758868965476}.
[I 2026-08-06 10:37:45,596] Trial 1353 finished with values: [10.492678226929897, 10.492678226929897] and parameters: {'k1': 0.008912611835817005, 'D_low': 355.00125258511594, 'k2': 0.03538758864779238, 'D_high': 11832.967057468773, 'fire_exp': 1.0629462657398439, 'P_half': 5.076307782729897, 'pre_dampen_half': 502.5175192217655, 'gpp_af': 4.4416173741744, 'gpp_b': 0.0325181766809307, 'gpp_d': 2.944272359149677, 'ign_k': 0.21006485619596416, 'ign_c': 2.69893895233343, 'trop_agb_crit': 24.584290528289387, 'trop_k_veg': 3.1473758868965476}.
[I 2026-08-06 10:37:46,719] Trial 1354 finished with values: [10.529851600324541, 10.529851600324541] and parameters: {'k1': 0.008912611835817005, 'D_low': 355.00125258511594, 'k2': 5.52207197313581e-05, 'D_high': 39819.19662051714, 'fire_exp': 3.1204156490905843, 'P_half': 5.076307782729897, 'pre_dampen_half': 552.4163637315892, 'gpp_af': 1.9706963379095486, 'gpp_b': 0.0325181766809307, 'gpp_d': 2.944272359149677, 'ign_k': 2.0558764405935905, 'ign_c': 15.221840161091626, 'trop_agb_crit': 24.584290528289387, 'trop_k_veg': 3.1473758868965476}.
[I 2026-08-06 10:37:47,857] Trial 1355 finished with values: [10.398902981005348, 10.398902981005348] and parameters: {'k1': 0.008912611835817005, 'D_low': 355.00125258511594, 'k2': 0.0008941619307827924, 'D_high': 219.19578035982653, 'fire_exp': 1.0629462657398439, 'P_half': 2.1570307680573153, 'pre_dampen_half': 552.4163637315892, 'gpp_af': 0.7539992074650279, 'gpp_b': 0.006906522645653115, 'gpp_d': 2.944272359149677, 'ign_k': 8.103949702339497, 'ign_c': 15.221840161091626, 'trop_agb_crit': 1.805788747581499, 'trop_k_veg': 5.774377687181984}.
[I 2026-08-06 10:37:49,001] Trial 1356 finished with values: [10.120823794328425, 10.120823794328425] and parameters: {'k1': 0.008912611835817005, 'D_low': 704.7840732813086, 'k2': 0.03538758864779238, 'D_high': 11832.967057468773, 'fire_exp': 1.1174086754605184, 'P_half': 5.076307782729897, 'pre_dampen_half': 63.6685916079943, 'gpp_af': 0.6403036652671171, 'gpp_b': 0.0021331409710300844, 'gpp_d': 134.86245572895348, 'ign_k': 0.21006485619596416, 'ign_c': 15.221840161091626, 'trop_agb_crit': 19.3289574092866, 'trop_k_veg': 3.1473758868965476}.
[I 2026-08-06 10:37:50,566] Trial 1357 finished with values: [10.630359993358994, 10.630359993358994] and parameters: {'k1': 0.008912611835817005, 'D_low': 4.484744524732794, 'k2': 0.014344484793173472, 'D_high': 3712.591045287726, 'fire_exp': 1.0629462657398439, 'P_half': 220.3445560633069, 'pre_dampen_half': 552.4163637315892, 'gpp_af': 0.0031855717594504725, 'gpp_b': 0.0325181766809307, 'gpp_d': 4.25060659305504, 'ign_k': 2.9818972317055166, 'ign_c': 15.221840161091626, 'trop_agb_crit': 1.0903028125370984, 'trop_k_veg': 4.167664671344212}.
[I 2026-08-06 10:37:51,691] Trial 1358 finished with values: [10.178927410595907, 10.178927410595907] and parameters: {'k1': 0.008912611835817005, 'D_low': 355.00125258511594, 'k2': 0.03538758864779238, 'D_high': 6075.702114214176, 'fire_exp': 1.7372971722152386, 'P_half': 3.6973278239412215, 'pre_dampen_half': 502.5175192217655, 'gpp_af': 0.054917032028877606, 'gpp_b': 0.0021331409710300844, 'gpp_d': 2.944272359149677, 'ign_k': 0.21006485619596416, 'ign_c': 15.221840161091626, 'trop_agb_crit': 1.0903028125370984, 'trop_k_veg': 2.194427136482602}.
[I 2026-08-06 10:37:52,781] Trial 1359 finished with values: [10.12894842551529, 10.12894842551529] and parameters: {'k1': 0.004312951023617458, 'D_low': 398.8451998135321, 'k2': 0.03538758864779238, 'D_high': 37954.79274251299, 'fire_exp': 1.1174086754605184, 'P_half': 5.076307782729897, 'pre_dampen_half': 63.6685916079943, 'gpp_af': 1.9706963379095486, 'gpp_b': 0.006906522645653115, 'gpp_d': 2.944272359149677, 'ign_k': 0.21006485619596416, 'ign_c': 5.13055176058983, 'trop_agb_crit': 1.0903028125370984, 'trop_k_veg': 4.5046583040732875}.
[I 2026-08-06 10:37:53,941] Trial 1360 finished with values: [-0.570677691745116, 0.060765282812280774] and parameters: {'k1': 0.008912611835817005, 'D_low': 118.47646505012496, 'k2': 0.0008941619307827924, 'D_high': 11832.967057468773, 'fire_exp': 1.0629462657398439, 'P_half': 1.2432381951316052, 'pre_dampen_half': 502.5175192217655, 'gpp_af': 24.725776073156705, 'gpp_b': 0.0021331409710300844, 'gpp_d': 2.944272359149677, 'ign_k': 2.9818972317055166, 'ign_c': 15.221840161091626, 'trop_agb_crit': 3.4281962070490852, 'trop_k_veg': 5.774377687181984}.
[I 2026-08-06 10:37:55,032] Trial 1361 finished with values: [-0.5380333700566118, 0.04080495022485553] and parameters: {'k1': 0.000633000299675808, 'D_low': 355.00125258511594, 'k2': 0.0003432139136241583, 'D_high': 3712.591045287726, 'fire_exp': 1.1174086754605184, 'P_half': 5.076307782729897, 'pre_dampen_half': 502.5175192217655, 'gpp_af': 0.6403036652671171, 'gpp_b': 0.0021331409710300844, 'gpp_d': 2.944272359149677, 'ign_k': 8.103949702339497, 'ign_c': 15.221840161091626, 'trop_agb_crit': 1.0903028125370984, 'trop_k_veg': 3.1473758868965476}.
[I 2026-08-06 10:37:56,141] Trial 1362 finished with values: [-0.5762853090818423, 0.03554055451164817] and parameters: {'k1': 0.03974965675011386, 'D_low': 355.00125258511594, 'k2': 0.03538758864779238, 'D_high': 11832.967057468773, 'fire_exp': 1.051534186853412, 'P_half': 5.076307782729897, 'pre_dampen_half': 502.5175192217655, 'gpp_af': 4.4416173741744, 'gpp_b': 0.0325181766809307, 'gpp_d': 2.944272359149677, 'ign_k': 0.21006485619596416, 'ign_c': 15.221840161091626, 'trop_agb_crit': 24.584290528289387, 'trop_k_veg': 3.1473758868965476}.
[I 2026-08-06 10:37:57,236] Trial 1363 finished with values: [10.26190210432586, 10.26190210432586] and parameters: {'k1': 0.008912611835817005, 'D_low': 355.00125258511594, 'k2': 7.914423612155373e-05, 'D_high': 11832.967057468773, 'fire_exp': 1.1174086754605184, 'P_half': 5.076307782729897, 'pre_dampen_half': 502.5175192217655, 'gpp_af': 0.7539992074650279, 'gpp_b': 0.0021331409710300844, 'gpp_d': 16.460426816350523, 'ign_k': 0.9892483802693092, 'ign_c': 18.588694009815857, 'trop_agb_crit': 1.0903028125370984, 'trop_k_veg': 3.0410938500575915}.
[I 2026-08-06 10:37:58,343] Trial 1364 finished with values: [-0.5650598776414921, 0.05749489864170687] and parameters: {'k1': 0.008912611835817005, 'D_low': 355.00125258511594, 'k2': 5.52207197313581e-05, 'D_high': 11832.967057468773, 'fire_exp': 1.0629462657398439, 'P_half': 140.74279366401683, 'pre_dampen_half': 552.4163637315892, 'gpp_af': 1.9706963379095486, 'gpp_b': 0.0325181766809307, 'gpp_d': 2.944272359149677, 'ign_k': 2.9818972317055166, 'ign_c': 4.2425976091860935, 'trop_agb_crit': 19.3289574092866, 'trop_k_veg': 4.167664671344212}.
[I 2026-08-06 10:37:59,453] Trial 1365 finished with values: [10.657766258244225, 10.657766258244225] and parameters: {'k1': 0.001761725951418538, 'D_low': 355.00125258511594, 'k2': 5.52207197313581e-05, 'D_high': 39819.19662051714, 'fire_exp': 4.17761647785404, 'P_half': 5.076307782729897, 'pre_dampen_half': 502.5175192217655, 'gpp_af': 0.6403036652671171, 'gpp_b': 0.0325181766809307, 'gpp_d': 2.944272359149677, 'ign_k': 8.103949702339497, 'ign_c': 15.221840161091626, 'trop_agb_crit': 24.584290528289387, 'trop_k_veg': 3.1473758868965476}.
[I 2026-08-06 10:38:00,561] Trial 1366 finished with values: [-0.5829596840935847, 0.07602974295613063] and parameters: {'k1': 0.008912611835817005, 'D_low': 4.484744524732794, 'k2': 0.03538758864779238, 'D_high': 11832.967057468773, 'fire_exp': 1.1174086754605184, 'P_half': 5.076307782729897, 'pre_dampen_half': 63.6685916079943, 'gpp_af': 1.9706963379095486, 'gpp_b': 0.006906522645653115, 'gpp_d': 2.944272359149677, 'ign_k': 0.21006485619596416, 'ign_c': 15.221840161091626, 'trop_agb_crit': 19.3289574092866, 'trop_k_veg': 3.1473758868965476}.
[I 2026-08-06 10:38:01,639] Trial 1367 finished with values: [10.188475404755955, 10.188475404755955] and parameters: {'k1': 0.008912611835817005, 'D_low': 355.00125258511594, 'k2': 5.52207197313581e-05, 'D_high': 39819.19662051714, 'fire_exp': 1.051534186853412, 'P_half': 63.82008477114845, 'pre_dampen_half': 63.6685916079943, 'gpp_af': 4.4416173741744, 'gpp_b': 0.0021331409710300844, 'gpp_d': 2.944272359149677, 'ign_k': 3.589155871450839, 'ign_c': 15.221840161091626, 'trop_agb_crit': 1.0903028125370984, 'trop_k_veg': 3.1473758868965476}.
