[I 2026-08-06 00:09:06,699] Trial 165 finished with values: [10.33205872354647, 10.33205872354647] and parameters: {'k1': 0.00012105387404469581, 'D_low': 2.458603276328005, 'k2': 3.5917714215176105e-05, 'D_high': 3660.150802571655, 'fire_exp': 1.5201277403788451, 'P_half': 2.157758652553991, 'pre_dampen_half': 76.86605275420082, 'gpp_af': 1.6595781802652418, 'gpp_b': 0.10123867001105968, 'gpp_d': 39.827466658711515, 'ign_k': 0.017654048052495083, 'ign_c': 14.810800730363484}.
[I 2026-08-06 00:09:07,634] Trial 166 finished with values: [10.749622603477505, 10.749622603477505] and parameters: {'k1': 3.8751982355100445e-05, 'D_low': 3840.3004190988563, 'k2': 4.763991596630584e-05, 'D_high': 1687.3495104568947, 'fire_exp': 1.010722707674549, 'P_half': 608.3019192425825, 'pre_dampen_half': 2.9046276683520458, 'gpp_af': 22.766850248686247, 'gpp_b': 0.6637926838138378, 'gpp_d': 3.57879245350232, 'ign_k': 0.0467351899956275, 'ign_c': 0.3277320296937064}.
[I 2026-08-06 00:09:08,578] Trial 167 finished with values: [10.648269001243078, 10.648269001243078] and parameters: {'k1': 7.841214856323651e-05, 'D_low': 29.89885508829526, 'k2': 1.1184534120760473e-05, 'D_high': 75773.14388518519, 'fire_exp': 1.1044852285094786, 'P_half': 10.226988730324324, 'pre_dampen_half': 4.350163152436989, 'gpp_af': 29.925002022877802, 'gpp_b': 2.7719116797094715e-05, 'gpp_d': 1.105785410092522, 'ign_k': 7.537201787998428, 'ign_c': 6.160975294741436}.
[I 2026-08-06 00:09:09,509] Trial 168 finished with values: [10.741526142863549, 10.741526142863549] and parameters: {'k1': 0.02714257255218683, 'D_low': 51.9967392387832, 'k2': 0.010080550999930625, 'D_high': 10427.291060979045, 'fire_exp': 1.324458134009935, 'P_half': 95.65499215943822, 'pre_dampen_half': 0.014857392806279237, 'gpp_af': 0.001339466259146302, 'gpp_b': 0.000832333943844274, 'gpp_d': 20.54051942538844, 'ign_k': 0.03604182012888638, 'ign_c': 12.03017887115466}.
[I 2026-08-06 00:09:10,634] Trial 169 finished with values: [10.763658494020186, 10.763658494020186] and parameters: {'k1': 0.002971796631657383, 'D_low': 29.89885508829526, 'k2': 0.08790311296857814, 'D_high': 42.13183643253958, 'fire_exp': 2.3782613909771353, 'P_half': 10.226988730324324, 'pre_dampen_half': 36.876350096203005, 'gpp_af': 29.925002022877802, 'gpp_b': 0.003510201564752293, 'gpp_d': 34.37107943937136, 'ign_k': 0.017654048052495083, 'ign_c': 6.160975294741436}.
[I 2026-08-06 00:09:11,583] Trial 170 finished with values: [10.728072791563894, 10.728072791563894] and parameters: {'k1': 0.021368329072358756, 'D_low': 730.952095351094, 'k2': 0.08790311296857814, 'D_high': 75773.14388518519, 'fire_exp': 1.1044852285094786, 'P_half': 3669.20903969591, 'pre_dampen_half': 4.350163152436989, 'gpp_af': 0.6194713831445294, 'gpp_b': 0.003510201564752293, 'gpp_d': 5.878566318396007, 'ign_k': 0.0027847738314446878, 'ign_c': 9.34330265731847}.
[I 2026-08-06 00:09:12,517] Trial 171 finished with values: [10.743890072128137, 10.743890072128137] and parameters: {'k1': 0.02714257255218683, 'D_low': 432.21095215763245, 'k2': 0.010080550999930625, 'D_high': 10427.291060979045, 'fire_exp': 1.2680134752324452, 'P_half': 4075.7883791361783, 'pre_dampen_half': 3.3594011166738142, 'gpp_af': 13.560863064135962, 'gpp_b': 5.9297350775555, 'gpp_d': 368.30088529547436, 'ign_k': 0.03604182012888638, 'ign_c': 10.140635645866492}.
[I 2026-08-06 00:09:13,433] Trial 172 finished with values: [10.526532543316634, 10.526532543316634] and parameters: {'k1': 0.014666151770108535, 'D_low': 1.2834648227562822, 'k2': 8.923807143379776e-05, 'D_high': 949.9072859745386, 'fire_exp': 1.0473002272689056, 'P_half': 338.23872019362165, 'pre_dampen_half': 1.6130673726933187, 'gpp_af': 0.04339970334001348, 'gpp_b': 5.2308563179361105e-05, 'gpp_d': 150.14555442537656, 'ign_k': 0.0037322156377670697, 'ign_c': 0.7724824966785973}.
[I 2026-08-06 00:09:14,379] Trial 173 finished with values: [10.768538575869435, 10.768538575869435] and parameters: {'k1': 0.04897760278488444, 'D_low': 2.458603276328005, 'k2': 8.400384914559786e-05, 'D_high': 4870.47114134165, 'fire_exp': 2.3782613909771353, 'P_half': 2.157758652553991, 'pre_dampen_half': 76.86605275420082, 'gpp_af': 35.20481045526041, 'gpp_b': 0.003510201564752293, 'gpp_d': 0.012547369537891036, 'ign_k': 0.017654048052495083, 'ign_c': 9.34330265731847}.
[I 2026-08-06 00:09:15,343] Trial 174 finished with values: [10.647997097695782, 10.647997097695782] and parameters: {'k1': 0.02714257255218683, 'D_low': 51.9967392387832, 'k2': 0.010080550999930625, 'D_high': 10427.291060979045, 'fire_exp': 1.2680134752324452, 'P_half': 4075.7883791361783, 'pre_dampen_half': 3.3594011166738142, 'gpp_af': 13.560863064135962, 'gpp_b': 0.000832333943844274, 'gpp_d': 300.3420512048734, 'ign_k': 0.03604182012888638, 'ign_c': 0.11049703024154134}.
[I 2026-08-06 00:09:16,292] Trial 175 finished with values: [10.760975094801978, 10.760975094801978] and parameters: {'k1': 0.004579192310322934, 'D_low': 123.66924205139141, 'k2': 0.00027247203571621986, 'D_high': 22.636544662054543, 'fire_exp': 1.3201882743050743, 'P_half': 1846.7059900514498, 'pre_dampen_half': 0.4742269251269962, 'gpp_af': 0.07668707039273334, 'gpp_b': 0.010483435442445016, 'gpp_d': 0.32128420171885896, 'ign_k': 0.0014363112408604436, 'ign_c': 10.253722513378378}.
[I 2026-08-06 00:09:17,209] Trial 176 finished with values: [10.76920393358623, 10.76920393358623] and parameters: {'k1': 0.014344484793173472, 'D_low': 12.172958098369968, 'k2': 0.02065142557895925, 'D_high': 267.3088310781672, 'fire_exp': 1.264103030891254, 'P_half': 338.23872019362165, 'pre_dampen_half': 0.16974173693738634, 'gpp_af': 0.003315453261146913, 'gpp_b': 0.6302262847075769, 'gpp_d': 150.14555442537656, 'ign_k': 0.019192001101561888, 'ign_c': 19.19168994439752}.
[I 2026-08-06 00:09:18,136] Trial 177 finished with values: [10.422290876918629, 10.422290876918629] and parameters: {'k1': 2.0937989739527727e-05, 'D_low': 7.068974950624602, 'k2': 0.02065142557895925, 'D_high': 75773.14388518519, 'fire_exp': 1.1044852285094786, 'P_half': 63.585411411994926, 'pre_dampen_half': 1.4445251022763053, 'gpp_af': 0.028585493941961918, 'gpp_b': 2.800940363375676e-05, 'gpp_d': 5.878566318396007, 'ign_k': 0.01474275315991467, 'ign_c': 0.6235377135673155}.
[I 2026-08-06 00:09:19,059] Trial 178 finished with values: [10.55179350835426, 10.55179350835426] and parameters: {'k1': 0.002971796631657383, 'D_low': 29.89885508829526, 'k2': 2.316457903103837e-05, 'D_high': 949.9072859745386, 'fire_exp': 1.0881360604103363, 'P_half': 157.80309954142965, 'pre_dampen_half': 36.876350096203005, 'gpp_af': 29.925002022877802, 'gpp_b': 0.00011783328148730701, 'gpp_d': 4.5768578731086835, 'ign_k': 0.0026834162496848666, 'ign_c': 6.160975294741436}.
[I 2026-08-06 00:09:19,981] Trial 179 finished with values: [10.712032654406901, 10.712032654406901] and parameters: {'k1': 0.014666151770108535, 'D_low': 918.4900818511542, 'k2': 1.1184534120760473e-05, 'D_high': 6455.595882939566, 'fire_exp': 1.1044852285094786, 'P_half': 215.55950571043874, 'pre_dampen_half': 1.6130673726933187, 'gpp_af': 0.04339970334001348, 'gpp_b': 0.0025416076006960116, 'gpp_d': 368.30088529547436, 'ign_k': 0.0037322156377670697, 'ign_c': 10.140635645866492}.
[I 2026-08-06 00:09:20,927] Trial 180 finished with values: [-0.5217047046232288, 0.17310185112634857] and parameters: {'k1': 0.002971796631657383, 'D_low': 7.068974950624602, 'k2': 1.1184534120760473e-05, 'D_high': 9769.756791866093, 'fire_exp': 1.0881360604103363, 'P_half': 125.61043700013555, 'pre_dampen_half': 53.73093479067421, 'gpp_af': 0.028585493941961918, 'gpp_b': 0.011750724729953272, 'gpp_d': 5.878566318396007, 'ign_k': 0.0026834162496848666, 'ign_c': 2.92043384718141}.
[I 2026-08-06 00:09:21,846] Trial 181 finished with values: [-0.5308931827106758, 0.1656542371111428] and parameters: {'k1': 0.021368329072358756, 'D_low': 7.068974950624602, 'k2': 1.1184534120760473e-05, 'D_high': 75773.14388518519, 'fire_exp': 1.1044852285094786, 'P_half': 408.3047491580097, 'pre_dampen_half': 36.876350096203005, 'gpp_af': 0.028585493941961918, 'gpp_b': 0.011750724729953272, 'gpp_d': 4.5768578731086835, 'ign_k': 0.0026834162496848666, 'ign_c': 2.92043384718141}.
[I 2026-08-06 00:09:22,795] Trial 182 finished with values: [10.763366099719603, 10.763366099719603] and parameters: {'k1': 4.739584301027366e-05, 'D_low': 4.051452710153359, 'k2': 0.00022704877557909215, 'D_high': 3660.150802571655, 'fire_exp': 1.3201882743050743, 'P_half': 8.968733598183245, 'pre_dampen_half': 0.031420056654638935, 'gpp_af': 0.0662749342026412, 'gpp_b': 0.010483435442445016, 'gpp_d': 0.07271087249685712, 'ign_k': 0.0014363112408604436, 'ign_c': 157.63098727399432}.
[I 2026-08-06 00:09:23,760] Trial 183 finished with values: [10.768937305057381, 10.768937305057381] and parameters: {'k1': 0.016973078532467004, 'D_low': 3840.3004190988563, 'k2': 0.0001870742013766025, 'D_high': 10427.291060979045, 'fire_exp': 1.2680134752324452, 'P_half': 4075.7883791361783, 'pre_dampen_half': 0.1643845340580847, 'gpp_af': 20.12115544906385, 'gpp_b': 1.1008110571039521e-05, 'gpp_d': 3.57879245350232, 'ign_k': 0.03604182012888638, 'ign_c': 0.773448215664679}.
[I 2026-08-06 00:09:24,679] Trial 184 finished with values: [10.541251181857666, 10.541251181857666] and parameters: {'k1': 0.00488137519160367, 'D_low': 1112.9571947046009, 'k2': 8.923807143379776e-05, 'D_high': 8182.111518618414, 'fire_exp': 1.1044852285094786, 'P_half': 338.23872019362165, 'pre_dampen_half': 14.711215379121963, 'gpp_af': 0.47739011308437823, 'gpp_b': 2.7719116797094715e-05, 'gpp_d': 40.863415094409035, 'ign_k': 0.019192001101561888, 'ign_c': 12.37061744238074}.
[I 2026-08-06 00:09:25,628] Trial 185 finished with values: [10.76922088997682, 10.76922088997682] and parameters: {'k1': 0.002971796631657383, 'D_low': 2647.194625525941, 'k2': 2.1698375693549493e-05, 'D_high': 6366.1449945522045, 'fire_exp': 1.182396148413737, 'P_half': 1938.3858782150498, 'pre_dampen_half': 36.876350096203005, 'gpp_af': 0.0025511964576171086, 'gpp_b': 0.9578978255503134, 'gpp_d': 4.5768578731086835, 'ign_k': 0.0026834162496848666, 'ign_c': 6.160975294741436}.
[I 2026-08-06 00:09:26,582] Trial 186 finished with values: [10.146328417667156, 10.146328417667156] and parameters: {'k1': 0.015602015889668856, 'D_low': 4.051452710153359, 'k2': 0.00038791280730284417, 'D_high': 10316.033434719713, 'fire_exp': 1.5201277403788451, 'P_half': 2.157758652553991, 'pre_dampen_half': 76.86605275420082, 'gpp_af': 35.20481045526041, 'gpp_b': 0.10123867001105968, 'gpp_d': 34.37107943937136, 'ign_k': 0.4702627143647234, 'ign_c': 14.810800730363484}.
[I 2026-08-06 00:09:27,542] Trial 187 finished with values: [10.768357022189672, 10.768357022189672] and parameters: {'k1': 0.03232155805617897, 'D_low': 98.57545621889057, 'k2': 0.006138509947844854, 'D_high': 6455.595882939566, 'fire_exp': 1.9095652801045373, 'P_half': 958.8659498594012, 'pre_dampen_half': 0.050654860639753524, 'gpp_af': 10.25616274847308, 'gpp_b': 0.0035057749039614167, 'gpp_d': 0.6537496690081765, 'ign_k': 0.8826264591983531, 'ign_c': 19.19168994439752}.
[I 2026-08-06 00:09:28,445] Trial 188 finished with values: [11.825979458521491, 11.825979458521491] and parameters: {'k1': 0.00324789183891923, 'D_low': 2.1234210963705626, 'k2': 0.031211489608802344, 'D_high': 1687.3495104568947, 'fire_exp': 1.151006986743773, 'P_half': 12.808863354047988, 'pre_dampen_half': 107.40052367919465, 'gpp_af': 0.010590622233713298, 'gpp_b': 0.00012797528816608022, 'gpp_d': 891.8036602897795, 'ign_k': 0.014879588507790004, 'ign_c': 8.671454322584175}.
[I 2026-08-06 00:09:29,378] Trial 189 finished with values: [10.769134515123728, 10.769134515123728] and parameters: {'k1': 0.016973078532467004, 'D_low': 125.32726386250698, 'k2': 0.0004381141781653133, 'D_high': 233.52156626184438, 'fire_exp': 1.3614924220931135, 'P_half': 39.03214299767183, 'pre_dampen_half': 303.1650219733388, 'gpp_af': 0.0025511964576171086, 'gpp_b': 4.038332634638232, 'gpp_d': 0.19476644406315288, 'ign_k': 0.03141110271934876, 'ign_c': 0.11433485956638717}.
[I 2026-08-06 00:09:30,310] Trial 190 finished with values: [10.175434177539268, 10.175434177539268] and parameters: {'k1': 0.002971796631657383, 'D_low': 74.92772870670282, 'k2': 0.0007081721844034209, 'D_high': 9769.756791866093, 'fire_exp': 1.0881360604103363, 'P_half': 10.226988730324324, 'pre_dampen_half': 36.876350096203005, 'gpp_af': 29.925002022877802, 'gpp_b': 0.011750724729953272, 'gpp_d': 4.5768578731086835, 'ign_k': 0.0026834162496848666, 'ign_c': 6.160975294741436}.
[I 2026-08-06 00:09:31,341] Trial 191 finished with values: [10.37700902906715, 10.37700902906715] and parameters: {'k1': 1.1102341430568339e-05, 'D_low': 918.4900818511542, 'k2': 0.006138509947844854, 'D_high': 43033.06161410616, 'fire_exp': 2.2881850891698634, 'P_half': 395.22208819061166, 'pre_dampen_half': 111.37963167994629, 'gpp_af': 11.234842109991876, 'gpp_b': 5.9297350775555, 'gpp_d': 368.30088529547436, 'ign_k': 0.11101191524846071, 'ign_c': 0.11272174259951144}.
[I 2026-08-06 00:09:32,321] Trial 192 finished with values: [10.766836700024612, 10.766836700024612] and parameters: {'k1': 0.004579192310322934, 'D_low': 2.843767489444367, 'k2': 0.0499774937030317, 'D_high': 32270.237615157977, 'fire_exp': 1.811096651915224, 'P_half': 436.4516946807792, 'pre_dampen_half': 1.5691864266263484, 'gpp_af': 0.5970408652384318, 'gpp_b': 0.015062722325200045, 'gpp_d': 0.1619054449471649, 'ign_k': 0.002357279455676982, 'ign_c': 388.02797007866826}.
[I 2026-08-06 00:09:33,303] Trial 193 finished with values: [10.719424800928287, 10.719424800928287] and parameters: {'k1': 0.0017320535908244437, 'D_low': 51.9967392387832, 'k2': 3.5917714215176105e-05, 'D_high': 10427.291060979045, 'fire_exp': 1.2680134752324452, 'P_half': 22.4895428439145, 'pre_dampen_half': 304.7488318185732, 'gpp_af': 13.560863064135962, 'gpp_b': 0.000832333943844274, 'gpp_d': 0.026763484380985716, 'ign_k': 0.0067849245190831405, 'ign_c': 0.11049703024154134}.
[I 2026-08-06 00:09:34,221] Trial 194 finished with values: [10.700168728728547, 10.700168728728547] and parameters: {'k1': 0.021368329072358756, 'D_low': 918.4900818511542, 'k2': 0.006138509947844854, 'D_high': 75773.14388518519, 'fire_exp': 2.2881850891698634, 'P_half': 408.3047491580097, 'pre_dampen_half': 36.876350096203005, 'gpp_af': 11.234842109991876, 'gpp_b': 1.4427571100855582e-05, 'gpp_d': 368.30088529547436, 'ign_k': 0.0026834162496848666, 'ign_c': 2.92043384718141}.
[I 2026-08-06 00:09:35,139] Trial 195 finished with values: [10.690596609083888, 10.690596609083888] and parameters: {'k1': 0.02714257255218683, 'D_low': 51.9967392387832, 'k2': 4.763991596630584e-05, 'D_high': 1687.3495104568947, 'fire_exp': 1.2680134752324452, 'P_half': 4075.7883791361783, 'pre_dampen_half': 3.3594011166738142, 'gpp_af': 13.560863064135962, 'gpp_b': 0.6637926838138378, 'gpp_d': 891.8036602897795, 'ign_k': 3.7173717478250508, 'ign_c': 0.11049703024154134}.
[I 2026-08-06 00:09:36,089] Trial 196 finished with values: [10.046908764423506, 10.046908764423506] and parameters: {'k1': 0.0029707920514735983, 'D_low': 2.5379946629058443, 'k2': 0.010080550999930625, 'D_high': 10427.291060979045, 'fire_exp': 1.2680134752324452, 'P_half': 1938.3858782150498, 'pre_dampen_half': 33.9790424311127, 'gpp_af': 13.560863064135962, 'gpp_b': 3.228689523591491e-05, 'gpp_d': 857.4284557962634, 'ign_k': 0.03141110271934876, 'ign_c': 0.11049703024154134}.
[I 2026-08-06 00:09:37,056] Trial 197 finished with values: [10.041272895041288, 10.041272895041288] and parameters: {'k1': 0.021368329072358756, 'D_low': 7.068974950624602, 'k2': 1.1184534120760473e-05, 'D_high': 75773.14388518519, 'fire_exp': 1.1044852285094786, 'P_half': 5.317919272807934, 'pre_dampen_half': 8.226361776146092, 'gpp_af': 0.028585493941961918, 'gpp_b': 0.011750724729953272, 'gpp_d': 4.5768578731086835, 'ign_k': 0.0026834162496848666, 'ign_c': 2.92043384718141}.
[I 2026-08-06 00:09:38,053] Trial 198 finished with values: [10.769230768877819, 10.769230768877819] and parameters: {'k1': 0.002971796631657383, 'D_low': 74.92772870670282, 'k2': 0.0007081721844034209, 'D_high': 75773.14388518519, 'fire_exp': 1.1044852285094786, 'P_half': 1627.0983114897251, 'pre_dampen_half': 4.350163152436989, 'gpp_af': 92.21975850381763, 'gpp_b': 0.011750724729953272, 'gpp_d': 5.878566318396007, 'ign_k': 7.537201787998428, 'ign_c': 298.123706972088}.
[I 2026-08-06 00:09:38,971] Trial 199 finished with values: [10.768782090591856, 10.768782090591856] and parameters: {'k1': 0.02714257255218683, 'D_low': 48.495138318533286, 'k2': 2.1698375693549493e-05, 'D_high': 6366.1449945522045, 'fire_exp': 1.2680134752324452, 'P_half': 4075.7883791361783, 'pre_dampen_half': 290.642121800538, 'gpp_af': 13.560863064135962, 'gpp_b': 3.228689523591491e-05, 'gpp_d': 300.3420512048734, 'ign_k': 0.03604182012888638, 'ign_c': 186.11194462546783}.
[I 2026-08-06 00:09:39,920] Trial 200 finished with values: [-0.5783479105514326, 0.2497079319946156] and parameters: {'k1': 0.0017320535908244437, 'D_low': 125.32726386250698, 'k2': 0.0010204225357677778, 'D_high': 75773.14388518519, 'fire_exp': 2.196935728020977, 'P_half': 22.4895428439145, 'pre_dampen_half': 304.7488318185732, 'gpp_af': 0.47739011308437823, 'gpp_b': 8.539677611488478e-05, 'gpp_d': 150.14555442537656, 'ign_k': 0.005877005203443299, 'ign_c': 14.810800730363484}.
[I 2026-08-06 00:09:40,869] Trial 201 finished with values: [10.766841271377753, 10.766841271377753] and parameters: {'k1': 0.00010906709195141875, 'D_low': 918.4900818511542, 'k2': 0.015109330261674455, 'D_high': 1687.3495104568947, 'fire_exp': 5.463881201328881, 'P_half': 14.94057723907974, 'pre_dampen_half': 0.7915202694013532, 'gpp_af': 22.766850248686247, 'gpp_b': 0.6637926838138378, 'gpp_d': 891.8036602897795, 'ign_k': 3.7173717478250508, 'ign_c': 14.367095138664217}.
[I 2026-08-06 00:09:41,836] Trial 202 finished with values: [10.685804013281482, 10.685804013281482] and parameters: {'k1': 0.02714257255218683, 'D_low': 51.9967392387832, 'k2': 0.010080550999930625, 'D_high': 10427.291060979045, 'fire_exp': 1.2680134752324452, 'P_half': 4075.7883791361783, 'pre_dampen_half': 3.3594011166738142, 'gpp_af': 0.8942824595236101, 'gpp_b': 0.011750724729953272, 'gpp_d': 300.3420512048734, 'ign_k': 0.0026834162496848666, 'ign_c': 0.11049703024154134}.
[I 2026-08-06 00:09:42,787] Trial 203 finished with values: [11.910081888210861, 11.910081888210861] and parameters: {'k1': 6.615437365561391e-05, 'D_low': 532.1216007763549, 'k2': 0.006138509947844854, 'D_high': 6455.595882939566, 'fire_exp': 1.182396148413737, 'P_half': 4.397766894483963, 'pre_dampen_half': 111.37963167994629, 'gpp_af': 0.0025511964576171086, 'gpp_b': 3.228689523591491e-05, 'gpp_d': 13.076473382928533, 'ign_k': 0.03141110271934876, 'ign_c': 0.8891936446296247}.
[I 2026-08-06 00:09:43,720] Trial 204 finished with values: [11.778870795786464, 11.778870795786464] and parameters: {'k1': 0.0017320535908244437, 'D_low': 98.57545621889057, 'k2': 0.006138509947844854, 'D_high': 3660.150802571655, 'fire_exp': 1.5201277403788451, 'P_half': 22.4895428439145, 'pre_dampen_half': 111.37963167994629, 'gpp_af': 0.47739011308437823, 'gpp_b': 0.0035057749039614167, 'gpp_d': 150.14555442537656, 'ign_k': 0.8826264591983531, 'ign_c': 14.810800730363484}.
[I 2026-08-06 00:09:44,652] Trial 205 finished with values: [10.491479243887047, 10.491479243887047] and parameters: {'k1': 0.015602015889668856, 'D_low': 4.051452710153359, 'k2': 2.1698375693549493e-05, 'D_high': 10316.033434719713, 'fire_exp': 1.182396148413737, 'P_half': 9716.212563514906, 'pre_dampen_half': 76.86605275420082, 'gpp_af': 35.20481045526041, 'gpp_b': 0.00040586522768905076, 'gpp_d': 857.4284557962634, 'ign_k': 0.4702627143647234, 'ign_c': 14.810800730363484}.
[I 2026-08-06 00:09:45,586] Trial 206 finished with values: [10.494879079860825, 10.494879079860825] and parameters: {'k1': 0.04897760278488444, 'D_low': 2.458603276328005, 'k2': 0.08790311296857814, 'D_high': 9769.756791866093, 'fire_exp': 2.3782613909771353, 'P_half': 2.157758652553991, 'pre_dampen_half': 76.86605275420082, 'gpp_af': 35.20481045526041, 'gpp_b': 0.011750724729953272, 'gpp_d': 13.205186500450395, 'ign_k': 0.0026834162496848666, 'ign_c': 9.34330265731847}.
[I 2026-08-06 00:09:46,489] Trial 207 finished with values: [10.456465673888093, 10.456465673888093] and parameters: {'k1': 0.025383218374507292, 'D_low': 18.522006003174383, 'k2': 4.763991596630584e-05, 'D_high': 85018.70149611714, 'fire_exp': 1.010722707674549, 'P_half': 608.3019192425825, 'pre_dampen_half': 703.6426675556048, 'gpp_af': 0.1114444027132275, 'gpp_b': 0.6637926838138378, 'gpp_d': 0.19476644406315288, 'ign_k': 0.0048255892187380085, 'ign_c': 47.268615251255675}.
[I 2026-08-06 00:09:47,455] Trial 208 finished with values: [10.441717587259866, 10.441717587259866] and parameters: {'k1': 3.252245757497282e-05, 'D_low': 1112.9571947046009, 'k2': 3.5917714215176105e-05, 'D_high': 8182.111518618414, 'fire_exp': 1.0881360604103363, 'P_half': 10.226988730324324, 'pre_dampen_half': 3.3594011166738142, 'gpp_af': 5.620854611217178, 'gpp_b': 3.481277316673104e-05, 'gpp_d': 150.14555442537656, 'ign_k': 0.006912296717033066, 'ign_c': 16.150602315370207}.
[I 2026-08-06 00:09:48,403] Trial 209 finished with values: [-0.5036196492030178, 0.17603707377953026] and parameters: {'k1': 3.252245757497282e-05, 'D_low': 1112.9571947046009, 'k2': 3.5917714215176105e-05, 'D_high': 8182.111518618414, 'fire_exp': 1.182396148413737, 'P_half': 24.136213194527585, 'pre_dampen_half': 33.9790424311127, 'gpp_af': 0.0025511964576171086, 'gpp_b': 3.481277316673104e-05, 'gpp_d': 150.14555442537656, 'ign_k': 0.019192001101561888, 'ign_c': 0.8891936446296247}.
