[I 2026-08-19 13:27:16,303] Trial 840 finished with values: [-0.4106078510648968, 1.0569283559469511e-08] and parameters: {'k1': 4.0873003903057456e-05, 'D_low': 2.400213216646464, 'k2': 3.077180271250682e-05, 'D_high': 109.93781215236433, 'fire_exp': 4.3161213924316595, 'P_half': 8894.151386481904, 'pre_dampen_half': 0.19674328025306115, 'gpp_af': 0.005018406982902927, 'gpp_b': 0.0007417652034871827, 'gpp_d': 0.12678263202877108, 'ign_k': 0.3699359899959751, 'ign_c': 0.2806439011124269, 'trop_agb_crit': 3.544180417534903, 'trop_k_veg': 0.8084202024508578, 'pop_amp': 6.746076139939917, 'pop_peak': 503.7153440645595, 'pop_sig': 1.804482856986987, 'fuel_k': 5.706437033023268, 'fuel_half': 0.10355826161899183}.
[I 2026-08-19 13:27:20,162] Trial 841 finished with values: [-0.4421059571353972, 0.0027271043459879962] and parameters: {'k1': 9.67404566214593e-05, 'D_low': 2048.523887932672, 'k2': 6.340140860251457e-05, 'D_high': 1819372.4578178402, 'fire_exp': 2.5321117364280843, 'P_half': 229.5739821454948, 'pre_dampen_half': 0.2571419084734534, 'gpp_af': 0.0028701881471957036, 'gpp_b': 9.67374839440457e-05, 'gpp_d': 108.18665579547857, 'ign_k': 9.162638829638215, 'ign_c': 6.0816733722841345, 'trop_agb_crit': 1.050713312531254, 'trop_k_veg': 2.246382792334124, 'pop_amp': 0.024891633080683897, 'pop_peak': 1.884221947092994, 'pop_sig': 1.804482856986987, 'fuel_k': 3.250046746707412, 'fuel_half': 17.890117928710357}.
[I 2026-08-19 13:27:23,432] Trial 842 finished with values: [-0.39588670077888644, 4.5630166312093934e-14] and parameters: {'k1': 4.0873003903057456e-05, 'D_low': 27972.024228472703, 'k2': 0.0019856031481305684, 'D_high': 9355.38060645217, 'fire_exp': 4.3161213924316595, 'P_half': 8894.151386481904, 'pre_dampen_half': 0.0399066504395798, 'gpp_af': 0.18737227240512885, 'gpp_b': 1.624829724391053, 'gpp_d': 118.26972885708257, 'ign_k': 0.3699359899959751, 'ign_c': 0.2806439011124269, 'trop_agb_crit': 28.49245476864681, 'trop_k_veg': 6.972354563243685, 'pop_amp': 5.27924855752961, 'pop_peak': 0.17274196344453516, 'pop_sig': 0.9904669476016459, 'fuel_k': 3.640039183945803, 'fuel_half': 17.890117928710357}.
[I 2026-08-19 13:27:26,344] Trial 843 finished with values: [-0.39413325030105767, 3.186340080674199e-14] and parameters: {'k1': 0.0024711617679707186, 'D_low': 286.06841726052676, 'k2': 0.0014455983984872978, 'D_high': 1840060.4093141211, 'fire_exp': 6.464773756830049, 'P_half': 8894.151386481904, 'pre_dampen_half': 0.2571419084734534, 'gpp_af': 0.18737227240512885, 'gpp_b': 1.1645080536732737, 'gpp_d': 118.26972885708257, 'ign_k': 0.45791923103229365, 'ign_c': 13.909474988024083, 'trop_agb_crit': 14.188434224699876, 'trop_k_veg': 6.972354563243685, 'pop_amp': 0.0034369873301918173, 'pop_peak': 456.60279198301936, 'pop_sig': 1.8528333992769594, 'fuel_k': 2.8606142106392465, 'fuel_half': 0.27968176455765076}.
[I 2026-08-19 13:27:29,204] Trial 844 finished with values: [-0.4436942479621491, 0.003048651479031772] and parameters: {'k1': 9.67404566214593e-05, 'D_low': 1368.9795993592197, 'k2': 0.0019856031481305684, 'D_high': 6543576.946931886, 'fire_exp': 3.7695400350033266, 'P_half': 267.2146013620241, 'pre_dampen_half': 0.7465571739720183, 'gpp_af': 0.07258303421052695, 'gpp_b': 0.0001605469768042801, 'gpp_d': 118.26972885708257, 'ign_k': 0.45791923103229365, 'ign_c': 12.366924205139131, 'trop_agb_crit': 28.49245476864681, 'trop_k_veg': 5.691473319778836, 'pop_amp': 0.002417279427070676, 'pop_peak': 4.557885026195722, 'pop_sig': 1.804482856986987, 'fuel_k': 4.04437775870989, 'fuel_half': 17.890117928710357}.
[I 2026-08-19 13:27:32,007] Trial 845 finished with values: [-0.3554625854118624, 0.0] and parameters: {'k1': 4.0873003903057456e-05, 'D_low': 437.4364439939077, 'k2': 0.0019856031481305684, 'D_high': 1840060.4093141211, 'fire_exp': 3.7695400350033266, 'P_half': 267.2146013620241, 'pre_dampen_half': 0.19674328025306115, 'gpp_af': 0.9346598275601615, 'gpp_b': 5.349456206882108e-05, 'gpp_d': 3.9841905944346854, 'ign_k': 1.996170534716646, 'ign_c': 225.58738962142354, 'trop_agb_crit': 3.544180417534903, 'trop_k_veg': 2.968382718115938, 'pop_amp': 1.4591808487206117, 'pop_peak': 13.10465149744836, 'pop_sig': 0.7874005085282932, 'fuel_k': 5.706437033023268, 'fuel_half': 0.18427970406864538}.
[I 2026-08-19 13:27:34,758] Trial 846 finished with values: [-0.4080564617423123, 2.6063595726100175e-12] and parameters: {'k1': 2.9693357731296325e-05, 'D_low': 286.06841726052676, 'k2': 0.0019856031481305684, 'D_high': 1840060.4093141211, 'fire_exp': 7.856097010829145, 'P_half': 8894.151386481904, 'pre_dampen_half': 0.2571419084734534, 'gpp_af': 36.830088529547496, 'gpp_b': 0.14222241542049918, 'gpp_d': 118.26972885708257, 'ign_k': 0.43129510236174595, 'ign_c': 4.4716799012313055, 'trop_agb_crit': 2.6689615974393592, 'trop_k_veg': 6.972354563243685, 'pop_amp': 0.0021433490423168255, 'pop_peak': 4.557885026195722, 'pop_sig': 0.28855712799307187, 'fuel_k': 2.8606142106392465, 'fuel_half': 17.890117928710357}.
  trial  847/2500  pareto_size=28  best_ilamb=0.6094  (41.9 min)
[I 2026-08-19 13:27:39,178] Trial 847 finished with values: [-0.40909053653843525, 2.086120350164311e-05] and parameters: {'k1': 4.0873003903057456e-05, 'D_low': 4177.591776484708, 'k2': 4.392638796750218e-05, 'D_high': 9355.38060645217, 'fire_exp': 4.3161213924316595, 'P_half': 4.937355303501834, 'pre_dampen_half': 0.19674328025306115, 'gpp_af': 0.005018406982902927, 'gpp_b': 0.0004837646996135023, 'gpp_d': 981.1548544891915, 'ign_k': 0.04439802552990466, 'ign_c': 12.366924205139131, 'trop_agb_crit': 27.05166881899929, 'trop_k_veg': 6.972354563243685, 'pop_amp': 5.27924855752961, 'pop_peak': 4.557885026195722, 'pop_sig': 0.9904669476016459, 'fuel_k': 5.706437033023268, 'fuel_half': 0.10355826161899183}.
[I 2026-08-19 13:27:43,360] Trial 848 finished with values: [-0.3625180886119731, 0.0] and parameters: {'k1': 1.844951990812239e-05, 'D_low': 6293.732112193172, 'k2': 0.0067445742055710165, 'D_high': 5109990.03526815, 'fire_exp': 6.464773756830049, 'P_half': 8894.151386481904, 'pre_dampen_half': 0.0971297898952573, 'gpp_af': 0.18737227240512885, 'gpp_b': 3.968989848037233, 'gpp_d': 118.26972885708257, 'ign_k': 0.45791923103229365, 'ign_c': 12.366924205139131, 'trop_agb_crit': 28.49245476864681, 'trop_k_veg': 3.754644404143055, 'pop_amp': 0.0034369873301918173, 'pop_peak': 456.60279198301936, 'pop_sig': 1.8528333992769594, 'fuel_k': 0.11148299766359336, 'fuel_half': 0.10355826161899183}.
[I 2026-08-19 13:27:46,588] Trial 849 finished with values: [-0.41573687066151094, 4.6610265843738397e-05] and parameters: {'k1': 4.0873003903057456e-05, 'D_low': 2.400213216646464, 'k2': 4.392638796750218e-05, 'D_high': 1840060.4093141211, 'fire_exp': 4.4758690202162805, 'P_half': 10.436686039715203, 'pre_dampen_half': 0.19674328025306115, 'gpp_af': 1.6323977882639344, 'gpp_b': 1.624829724391053, 'gpp_d': 118.26972885708257, 'ign_k': 0.009935023909063692, 'ign_c': 0.2806439011124269, 'trop_agb_crit': 27.05166881899929, 'trop_k_veg': 6.972354563243685, 'pop_amp': 10.985330528057915, 'pop_peak': 1.9043491615789352, 'pop_sig': 0.9904669476016459, 'fuel_k': 5.706437033023268, 'fuel_half': 0.10355826161899183}.
[I 2026-08-19 13:27:50,599] Trial 850 finished with values: [-0.40767102739426664, 1.723315464818853e-05] and parameters: {'k1': 9.67404566214593e-05, 'D_low': 2048.523887932672, 'k2': 6.340140860251457e-05, 'D_high': 3368.9015504776635, 'fire_exp': 3.7695400350033266, 'P_half': 1.332700437360483, 'pre_dampen_half': 0.2571419084734534, 'gpp_af': 0.00301004353953023, 'gpp_b': 0.0007417652034871827, 'gpp_d': 3.032712462969173, 'ign_k': 9.162638829638215, 'ign_c': 6.0816733722841345, 'trop_agb_crit': 17.69486533706496, 'trop_k_veg': 2.246382792334124, 'pop_amp': 0.024891633080683897, 'pop_peak': 1.9043491615789352, 'pop_sig': 0.6871869718280653, 'fuel_k': 0.9199338799678547, 'fuel_half': 17.890117928710357}.
[I 2026-08-19 13:27:54,225] Trial 851 finished with values: [-0.3937844581194918, 5.551115123125783e-15] and parameters: {'k1': 1.844951990812239e-05, 'D_low': 1.6569065206637925, 'k2': 4.392638796750218e-05, 'D_high': 1907543.828944448, 'fire_exp': 4.326905046042272, 'P_half': 4.937355303501834, 'pre_dampen_half': 0.2571419084734534, 'gpp_af': 0.005018406982902927, 'gpp_b': 1.624829724391053, 'gpp_d': 1.0088237648985734, 'ign_k': 0.3699359899959751, 'ign_c': 0.2806439011124269, 'trop_agb_crit': 3.544180417534903, 'trop_k_veg': 5.691473319778836, 'pop_amp': 0.04874366481145617, 'pop_peak': 10.679600530994481, 'pop_sig': 0.9904669476016459, 'fuel_k': 0.11148299766359336, 'fuel_half': 0.10355826161899183}.
[I 2026-08-19 13:27:57,331] Trial 852 finished with values: [-0.35830995035473323, 4.141131881851834e-13] and parameters: {'k1': 2.9693357731296325e-05, 'D_low': 437.4364439939077, 'k2': 0.0019856031481305684, 'D_high': 1840060.4093141211, 'fire_exp': 6.454675979546216, 'P_half': 8894.151386481904, 'pre_dampen_half': 0.2571419084734534, 'gpp_af': 8.477310499399193, 'gpp_b': 0.0001605469768042801, 'gpp_d': 0.039055387811874696, 'ign_k': 0.010439567055209046, 'ign_c': 13.909474988024083, 'trop_agb_crit': 3.544180417534903, 'trop_k_veg': 0.8084202024508578, 'pop_amp': 0.0013002472438361158, 'pop_peak': 0.5393162598439744, 'pop_sig': 1.804482856986987, 'fuel_k': 4.04437775870989, 'fuel_half': 0.18427970406864538}.
  trial  853/2500  pareto_size=28  best_ilamb=0.6094  (42.3 min)
[I 2026-08-19 13:28:02,297] Trial 853 finished with values: [-0.3554625854118624, 0.0] and parameters: {'k1': 0.00043613361256259695, 'D_low': 393.5385399037397, 'k2': 0.0014455983984872978, 'D_high': 6543576.946931886, 'fire_exp': 1.8678802571070678, 'P_half': 6281.776703992854, 'pre_dampen_half': 0.19674328025306115, 'gpp_af': 0.11134482360128048, 'gpp_b': 1.788789091682049e-05, 'gpp_d': 3.9841905944346854, 'ign_k': 0.3818468247973969, 'ign_c': 89.12611835816996, 'trop_agb_crit': 14.188434224699876, 'trop_k_veg': 6.972354563243685, 'pop_amp': 10.985330528057915, 'pop_peak': 0.17274196344453516, 'pop_sig': 1.804482856986987, 'fuel_k': 2.8606142106392465, 'fuel_half': 1.7895437790635824}.
[I 2026-08-19 13:28:06,022] Trial 854 finished with values: [-0.422247231673914, 7.605801677357249e-08] and parameters: {'k1': 4.929552311643645e-05, 'D_low': 286.06841726052676, 'k2': 0.0019856031481305684, 'D_high': 1907543.828944448, 'fire_exp': 3.7695400350033266, 'P_half': 8894.151386481904, 'pre_dampen_half': 0.7465571739720183, 'gpp_af': 15.812896493361498, 'gpp_b': 5.349456206882108e-05, 'gpp_d': 118.26972885708257, 'ign_k': 0.0023181776112903506, 'ign_c': 3.4302976652689012, 'trop_agb_crit': 3.544180417534903, 'trop_k_veg': 2.968382718115938, 'pop_amp': 0.0013002472438361158, 'pop_peak': 503.7153440645595, 'pop_sig': 1.804482856986987, 'fuel_k': 0.11148299766359336, 'fuel_half': 17.890117928710357}.
[I 2026-08-19 13:28:10,102] Trial 855 finished with values: [-0.40638813939126284, 1.473410282670784e-11] and parameters: {'k1': 4.0873003903057456e-05, 'D_low': 286.06841726052676, 'k2': 4.392638796750218e-05, 'D_high': 5109990.03526815, 'fire_exp': 4.3161213924316595, 'P_half': 8894.151386481904, 'pre_dampen_half': 0.19674328025306115, 'gpp_af': 0.18737227240512885, 'gpp_b': 1.1645080536732737, 'gpp_d': 3.9841905944346854, 'ign_k': 0.3699359899959751, 'ign_c': 0.2806439011124269, 'trop_agb_crit': 28.49245476864681, 'trop_k_veg': 6.972354563243685, 'pop_amp': 5.27924855752961, 'pop_peak': 0.17274196344453516, 'pop_sig': 0.6871869718280653, 'fuel_k': 0.023074547684106324, 'fuel_half': 17.890117928710357}.
[I 2026-08-19 13:28:13,305] Trial 856 finished with values: [-0.4029334567410533, 6.046768641354561e-10] and parameters: {'k1': 0.0019386039125504583, 'D_low': 6293.732112193172, 'k2': 0.0067445742055710165, 'D_high': 1661855.441285105, 'fire_exp': 3.8705204005973206, 'P_half': 8894.151386481904, 'pre_dampen_half': 0.2571419084734534, 'gpp_af': 0.18737227240512885, 'gpp_b': 0.7652822088380072, 'gpp_d': 3.9841905944346854, 'ign_k': 9.162638829638215, 'ign_c': 12.366924205139131, 'trop_agb_crit': 28.49245476864681, 'trop_k_veg': 3.754644404143055, 'pop_amp': 0.0034369873301918173, 'pop_peak': 456.60279198301936, 'pop_sig': 1.804482856986987, 'fuel_k': 0.11148299766359336, 'fuel_half': 0.10355826161899183}.
[I 2026-08-19 13:28:16,797] Trial 857 finished with values: [-0.4008130152729318, 0.0015878083874745208] and parameters: {'k1': 4.0873003903057456e-05, 'D_low': 27972.024228472703, 'k2': 4.392638796750218e-05, 'D_high': 9355.38060645217, 'fire_exp': 1.1633452995374232, 'P_half': 8894.151386481904, 'pre_dampen_half': 0.19674328025306115, 'gpp_af': 2.0540519425388455, 'gpp_b': 0.0004837646996135023, 'gpp_d': 0.16294786031575217, 'ign_k': 7.107346698112278, 'ign_c': 12.366924205139131, 'trop_agb_crit': 27.05166881899929, 'trop_k_veg': 6.972354563243685, 'pop_amp': 10.985330528057915, 'pop_peak': 4.557885026195722, 'pop_sig': 0.9904669476016459, 'fuel_k': 5.706437033023268, 'fuel_half': 0.18427970406864538}.
[I 2026-08-19 13:28:20,914] Trial 858 finished with values: [-0.42743715114300873, 0.00561143787701035] and parameters: {'k1': 2.9693357731296325e-05, 'D_low': 286.06841726052676, 'k2': 0.0019856031481305684, 'D_high': 1840060.4093141211, 'fire_exp': 1.0824018381500955, 'P_half': 8683.183082509351, 'pre_dampen_half': 0.19674328025306115, 'gpp_af': 36.830088529547496, 'gpp_b': 0.0007417652034871827, 'gpp_d': 118.26972885708257, 'ign_k': 0.009935023909063692, 'ign_c': 4.4716799012313055, 'trop_agb_crit': 9.561362341798622, 'trop_k_veg': 0.8084202024508578, 'pop_amp': 0.0013002472438361158, 'pop_peak': 4.557885026195722, 'pop_sig': 0.5314193463179775, 'fuel_k': 2.8606142106392465, 'fuel_half': 17.890117928710357}.
  trial  859/2500  pareto_size=28  best_ilamb=0.6094  (42.7 min)
[I 2026-08-19 13:28:30,686] Trial 859 finished with values: [-0.4155316431815275, 2.733323944958954e-08] and parameters: {'k1': 0.005456725485601475, 'D_low': 1.6569065206637925, 'k2': 0.0003856302813879373, 'D_high': 1661855.441285105, 'fire_exp': 1.8678802571070678, 'P_half': 229.5739821454948, 'pre_dampen_half': 0.10189118197357125, 'gpp_af': 0.0025186552636979184, 'gpp_b': 0.7652822088380072, 'gpp_d': 117.2128156438701, 'ign_k': 0.17320535908244444, 'ign_c': 12.366924205139131, 'trop_agb_crit': 27.05166881899929, 'trop_k_veg': 5.847012197090854, 'pop_amp': 0.006214953708893593, 'pop_peak': 0.05281056279423359, 'pop_sig': 0.9904669476016459, 'fuel_k': 0.622529758569628, 'fuel_half': 17.890117928710357}.
[I 2026-08-19 13:28:36,480] Trial 860 finished with values: [-0.4377657302422816, 0.01551282589462366] and parameters: {'k1': 2.9693357731296325e-05, 'D_low': 1.6569065206637925, 'k2': 0.0002001342062287998, 'D_high': 1661855.441285105, 'fire_exp': 7.856097010829145, 'P_half': 10.436686039715203, 'pre_dampen_half': 0.2571419084734534, 'gpp_af': 0.18737227240512885, 'gpp_b': 9.67374839440457e-05, 'gpp_d': 118.26972885708257, 'ign_k': 0.45791923103229365, 'ign_c': 2.8115238153798137, 'trop_agb_crit': 3.544180417534903, 'trop_k_veg': 1.264042661153671, 'pop_amp': 0.0021433490423168255, 'pop_peak': 1.884221947092994, 'pop_sig': 1.804482856986987, 'fuel_k': 3.250046746707412, 'fuel_half': 1.7895437790635824}.
[I 2026-08-19 13:28:40,907] Trial 861 finished with values: [-0.43764032859459084, 0.005853906196684133] and parameters: {'k1': 1.844951990812239e-05, 'D_low': 286.06841726052676, 'k2': 0.0019856031481305684, 'D_high': 1840060.4093141211, 'fire_exp': 1.3796609641485171, 'P_half': 1636.5290600718067, 'pre_dampen_half': 0.2571419084734534, 'gpp_af': 36.830088529547496, 'gpp_b': 0.14222241542049918, 'gpp_d': 118.26972885708257, 'ign_k': 0.43129510236174595, 'ign_c': 4.4716799012313055, 'trop_agb_crit': 2.6689615974393592, 'trop_k_veg': 6.972354563243685, 'pop_amp': 0.0013002472438361158, 'pop_peak': 1.9043491615789352, 'pop_sig': 0.6871869718280653, 'fuel_k': 0.15552861105540366, 'fuel_half': 17.890117928710357}.
[I 2026-08-19 13:28:44,288] Trial 862 finished with values: [-0.4089984362292721, 4.923786722788037e-08] and parameters: {'k1': 0.005456725485601475, 'D_low': 6293.732112193172, 'k2': 0.0003856302813879373, 'D_high': 1661855.441285105, 'fire_exp': 2.5321117364280843, 'P_half': 8894.151386481904, 'pre_dampen_half': 0.10189118197357125, 'gpp_af': 0.18737227240512885, 'gpp_b': 0.7652822088380072, 'gpp_d': 3.9841905944346854, 'ign_k': 9.162638829638215, 'ign_c': 12.366924205139131, 'trop_agb_crit': 28.49245476864681, 'trop_k_veg': 5.847012197090854, 'pop_amp': 0.0034369873301918173, 'pop_peak': 1.884221947092994, 'pop_sig': 1.804482856986987, 'fuel_k': 0.11148299766359336, 'fuel_half': 17.890117928710357}.
  trial  863/2500  pareto_size=28  best_ilamb=0.6094  (43.1 min)
[I 2026-08-19 13:28:48,529] Trial 863 finished with values: [-0.37294553904464955, 0.0] and parameters: {'k1': 1.844951990812239e-05, 'D_low': 27972.024228472703, 'k2': 4.392638796750218e-05, 'D_high': 1124534.1807254362, 'fire_exp': 4.3161213924316595, 'P_half': 1517.2922775770444, 'pre_dampen_half': 0.19674328025306115, 'gpp_af': 0.0013520213281526933, 'gpp_b': 1.624829724391053, 'gpp_d': 118.26972885708257, 'ign_k': 7.107346698112278, 'ign_c': 0.12495886031183844, 'trop_agb_crit': 27.05166881899929, 'trop_k_veg': 6.972354563243685, 'pop_amp': 6.746076139939917, 'pop_peak': 4.557885026195722, 'pop_sig': 0.9904669476016459, 'fuel_k': 0.11148299766359336, 'fuel_half': 0.10355826161899183}.
[I 2026-08-19 13:28:52,427] Trial 864 finished with values: [-0.47545018003163364, 0.003852235106895696] and parameters: {'k1': 9.67404566214593e-05, 'D_low': 2048.523887932672, 'k2': 6.340140860251457e-05, 'D_high': 1819372.4578178402, 'fire_exp': 2.5321117364280843, 'P_half': 229.5739821454948, 'pre_dampen_half': 0.2571419084734534, 'gpp_af': 0.0028701881471957036, 'gpp_b': 9.67374839440457e-05, 'gpp_d': 108.18665579547857, 'ign_k': 0.0629707107611051, 'ign_c': 12.366924205139131, 'trop_agb_crit': 1.050713312531254, 'trop_k_veg': 3.754644404143055, 'pop_amp': 5.27924855752961, 'pop_peak': 188.8530210220455, 'pop_sig': 1.804482856986987, 'fuel_k': 3.250046746707412, 'fuel_half': 17.890117928710357}.
[I 2026-08-19 13:28:56,416] Trial 865 finished with values: [-0.4181120330015734, 1.447608910853937e-06] and parameters: {'k1': 9.67404566214593e-05, 'D_low': 1368.9795993592197, 'k2': 0.0019856031481305684, 'D_high': 1124534.1807254362, 'fire_exp': 1.3796609641485171, 'P_half': 6281.776703992854, 'pre_dampen_half': 0.19674328025306115, 'gpp_af': 0.005018406982902927, 'gpp_b': 1.624829724391053, 'gpp_d': 1.0088237648985734, 'ign_k': 0.45791923103229365, 'ign_c': 12.366924205139131, 'trop_agb_crit': 27.05166881899929, 'trop_k_veg': 6.972354563243685, 'pop_amp': 0.002417279427070676, 'pop_peak': 4.557885026195722, 'pop_sig': 0.4688250608307361, 'fuel_k': 4.04437775870989, 'fuel_half': 0.10355826161899183}.
[I 2026-08-19 13:29:01,007] Trial 866 finished with values: [-0.3554625854118624, 0.0] and parameters: {'k1': 0.0004846497679219079, 'D_low': 286.06841726052676, 'k2': 0.0067445742055710165, 'D_high': 5109990.03526815, 'fire_exp': 6.464773756830049, 'P_half': 8894.151386481904, 'pre_dampen_half': 0.2571419084734534, 'gpp_af': 0.00301004353953023, 'gpp_b': 1.1645080536732737, 'gpp_d': 3.8939810275168565, 'ign_k': 0.3699359899959751, 'ign_c': 0.15590073239763044, 'trop_agb_crit': 28.49245476864681, 'trop_k_veg': 1.1446466374756983, 'pop_amp': 0.0034369873301918173, 'pop_peak': 1.9043491615789352, 'pop_sig': 0.6871869718280653, 'fuel_k': 0.11148299766359336, 'fuel_half': 2.01596048776016}.
[I 2026-08-19 13:29:07,440] Trial 867 finished with values: [-0.3554625854118624, 0.0] and parameters: {'k1': 5.025876001070713e-05, 'D_low': 27972.024228472703, 'k2': 0.0019856031481305684, 'D_high': 1840060.4093141211, 'fire_exp': 4.4758690202162805, 'P_half': 6281.776703992854, 'pre_dampen_half': 0.2571419084734534, 'gpp_af': 69.07170464178779, 'gpp_b': 0.05825704883392061, 'gpp_d': 0.050654860639753524, 'ign_k': 0.3818468247973969, 'ign_c': 89.12611835816996, 'trop_agb_crit': 14.188434224699876, 'trop_k_veg': 4.30392173391187, 'pop_amp': 0.008683934086503814, 'pop_peak': 1.9043491615789352, 'pop_sig': 0.6871869718280653, 'fuel_k': 4.105340853253455, 'fuel_half': 1.7895437790635824}.
  trial  868/2500  pareto_size=28  best_ilamb=0.6094  (43.5 min)
[I 2026-08-19 13:29:15,901] Trial 868 finished with values: [-0.4239562288300066, 8.827158016644354e-06] and parameters: {'k1': 1.844951990812239e-05, 'D_low': 35.956760155444215, 'k2': 3.077180271250682e-05, 'D_high': 6543576.946931886, 'fire_exp': 5.433392060430592, 'P_half': 1517.2922775770444, 'pre_dampen_half': 0.19674328025306115, 'gpp_af': 2.0540519425388455, 'gpp_b': 9.67374839440457e-05, 'gpp_d': 118.26972885708257, 'ign_k': 7.107346698112278, 'ign_c': 0.5488047000766043, 'trop_agb_crit': 3.3887235042490564, 'trop_k_veg': 0.8084202024508578, 'pop_amp': 0.07046392641604575, 'pop_peak': 162.62551614461097, 'pop_sig': 0.9904669476016459, 'fuel_k': 0.022805907608636752, 'fuel_half': 0.18427970406864538}.
[I 2026-08-19 13:29:22,979] Trial 869 finished with values: [-0.39349649283374094, 2.006361743411844e-11] and parameters: {'k1': 0.005456725485601475, 'D_low': 26554.765116336614, 'k2': 0.0014455983984872978, 'D_high': 1907543.828944448, 'fire_exp': 1.8678802571070678, 'P_half': 1265.0580856641704, 'pre_dampen_half': 0.19674328025306115, 'gpp_af': 0.41874665092828456, 'gpp_b': 1.788789091682049e-05, 'gpp_d': 1.0088237648985734, 'ign_k': 0.17320535908244444, 'ign_c': 89.12611835816996, 'trop_agb_crit': 24.500297851058132, 'trop_k_veg': 5.621366981612899, 'pop_amp': 0.008683934086503814, 'pop_peak': 2.016436598480055, 'pop_sig': 1.804482856986987, 'fuel_k': 3.640039183945803, 'fuel_half': 1.9255395572015603}.
