[I 2026-08-06 02:19:34,811] Trial 450 finished with values: [10.769223353715903, 10.769223353715903] and parameters: {'k1': 0.00488137519160367, 'D_low': 7.068974950624602, 'k2': 0.006138509947844854, 'D_high': 109.44963667961977, 'fire_exp': 4.305322641492379, 'P_half': 958.8659498594012, 'pre_dampen_half': 14.711215379121963, 'gpp_af': 0.028585493941961918, 'gpp_b': 0.000832333943844274, 'gpp_d': 5.878566318396007, 'ign_k': 0.031134168041628628, 'ign_c': 19.19168994439752}.
[I 2026-08-06 02:19:35,729] Trial 451 finished with values: [-0.4887631392033742, 0.06660924583328398] and parameters: {'k1': 0.0014452451441203328, 'D_low': 7.068974950624602, 'k2': 4.763991596630584e-05, 'D_high': 31030.112026960956, 'fire_exp': 1.010722707674549, 'P_half': 63.585411411994926, 'pre_dampen_half': 3.3594011166738142, 'gpp_af': 22.766850248686247, 'gpp_b': 3.228689523591491e-05, 'gpp_d': 5.878566318396007, 'ign_k': 0.03141110271934876, 'ign_c': 34.19108473554449}.
[I 2026-08-06 02:19:36,643] Trial 452 finished with values: [10.146977175299156, 10.146977175299156] and parameters: {'k1': 0.003381093273170853, 'D_low': 1.2299210465793122, 'k2': 1.1184534120760473e-05, 'D_high': 75773.14388518519, 'fire_exp': 1.2680134752324452, 'P_half': 125.61043700013555, 'pre_dampen_half': 3.3594011166738142, 'gpp_af': 0.5107061330406066, 'gpp_b': 5.2308563179361105e-05, 'gpp_d': 79.2915624488668, 'ign_k': 7.799059237255681, 'ign_c': 0.7724824966785973}.
[I 2026-08-06 02:19:37,611] Trial 453 finished with values: [11.603836930092056, 11.603836930092056] and parameters: {'k1': 0.03232155805617897, 'D_low': 9.330007965781027, 'k2': 2.678690610097712e-05, 'D_high': 75773.14388518519, 'fire_exp': 1.1044852285094786, 'P_half': 125.61043700013555, 'pre_dampen_half': 14.689898077648792, 'gpp_af': 22.766850248686247, 'gpp_b': 1.5938003265859821, 'gpp_d': 368.30088529547436, 'ign_k': 0.01474275315991467, 'ign_c': 2.92043384718141}.
[I 2026-08-06 02:19:38,510] Trial 454 finished with values: [12.003119969392294, 12.003119969392294] and parameters: {'k1': 0.025383218374507292, 'D_low': 7.068974950624602, 'k2': 4.763991596630584e-05, 'D_high': 11069.082134755383, 'fire_exp': 1.1044852285094786, 'P_half': 63.585411411994926, 'pre_dampen_half': 14.689898077648792, 'gpp_af': 0.028585493941961918, 'gpp_b': 2.800940363375676e-05, 'gpp_d': 5.085491038878331, 'ign_k': 0.01474275315991467, 'ign_c': 14.367095138664217}.
[I 2026-08-06 02:19:39,443] Trial 455 finished with values: [10.77495574684621, 10.77495574684621] and parameters: {'k1': 0.025383218374507292, 'D_low': 18.522006003174383, 'k2': 0.08894151386481904, 'D_high': 400.9149428326862, 'fire_exp': 1.0473002272689056, 'P_half': 63.585411411994926, 'pre_dampen_half': 14.689898077648792, 'gpp_af': 22.766850248686247, 'gpp_b': 0.1676789742547917, 'gpp_d': 653.070428885499, 'ign_k': 3.7173717478250508, 'ign_c': 14.367095138664217}.
[I 2026-08-06 02:19:40,360] Trial 456 finished with values: [10.769177061312103, 10.769177061312103] and parameters: {'k1': 0.025383218374507292, 'D_low': 1.0883991813938128, 'k2': 4.763991596630584e-05, 'D_high': 4508.240502480678, 'fire_exp': 2.197213031069217, 'P_half': 339.2247823857358, 'pre_dampen_half': 5.542030950268268, 'gpp_af': 2.8805537835688413, 'gpp_b': 0.10123867001105968, 'gpp_d': 0.02375138331725693, 'ign_k': 5.347027553411489, 'ign_c': 14.367095138664217}.
[I 2026-08-06 02:19:41,292] Trial 457 finished with values: [10.429619049678143, 10.429619049678143] and parameters: {'k1': 2.0937989739527727e-05, 'D_low': 9.330007965781027, 'k2': 0.08894151386481904, 'D_high': 949.9072859745386, 'fire_exp': 1.1044852285094786, 'P_half': 63.585411411994926, 'pre_dampen_half': 3.3594011166738142, 'gpp_af': 10.25616274847308, 'gpp_b': 0.1676789742547917, 'gpp_d': 5.878566318396007, 'ign_k': 0.04563289369649656, 'ign_c': 0.7724824966785973}.
[I 2026-08-06 02:19:42,207] Trial 458 finished with values: [10.711754033155694, 10.711754033155694] and parameters: {'k1': 2.0937989739527727e-05, 'D_low': 7.068974950624602, 'k2': 2.1698375693549493e-05, 'D_high': 75773.14388518519, 'fire_exp': 1.1044852285094786, 'P_half': 1938.3858782150498, 'pre_dampen_half': 1.4445251022763053, 'gpp_af': 0.04339970334001348, 'gpp_b': 0.0006082667040432242, 'gpp_d': 0.03254982364882648, 'ign_k': 0.01474275315991467, 'ign_c': 0.6235377135673155}.
[I 2026-08-06 02:19:43,174] Trial 459 finished with values: [10.930351316843659, 10.930351316843659] and parameters: {'k1': 0.014666151770108535, 'D_low': 51.9967392387832, 'k2': 4.763991596630584e-05, 'D_high': 1687.3495104568947, 'fire_exp': 1.264103030891254, 'P_half': 958.8659498594012, 'pre_dampen_half': 485.44768702840923, 'gpp_af': 22.766850248686247, 'gpp_b': 3.228689523591491e-05, 'gpp_d': 300.3420512048734, 'ign_k': 0.0037322156377670697, 'ign_c': 0.17036120617148395}.
[I 2026-08-06 02:19:44,092] Trial 460 finished with values: [10.843978340896278, 10.843978340896278] and parameters: {'k1': 0.005643426708406567, 'D_low': 164.70698221724317, 'k2': 0.0004381141781653133, 'D_high': 75773.14388518519, 'fire_exp': 2.1589564941849333, 'P_half': 403.3495283157659, 'pre_dampen_half': 59.66041614891413, 'gpp_af': 11.234842109991876, 'gpp_b': 0.0004837646996135023, 'gpp_d': 300.3420512048734, 'ign_k': 7.799059237255681, 'ign_c': 3.735862630812751}.
[I 2026-08-06 02:19:44,993] Trial 461 finished with values: [-0.512521704651573, 0.048584071904632875] and parameters: {'k1': 0.0016129739560722712, 'D_low': 9.330007965781027, 'k2': 0.0499774937030317, 'D_high': 949.9072859745386, 'fire_exp': 1.1044852285094786, 'P_half': 11.877073321543955, 'pre_dampen_half': 3.3594011166738142, 'gpp_af': 0.028585493941961918, 'gpp_b': 2.800940363375676e-05, 'gpp_d': 4.982605027348069, 'ign_k': 0.01474275315991467, 'ign_c': 0.7724824966785973}.
[I 2026-08-06 02:19:45,908] Trial 462 finished with values: [10.426084199703572, 10.426084199703572] and parameters: {'k1': 0.025383218374507292, 'D_low': 164.70698221724317, 'k2': 0.0043033566298259765, 'D_high': 75773.14388518519, 'fire_exp': 1.0473002272689056, 'P_half': 2525.3810447657925, 'pre_dampen_half': 5.542030950268268, 'gpp_af': 0.0021836613912815635, 'gpp_b': 3.228689523591491e-05, 'gpp_d': 0.13223503889537183, 'ign_k': 0.01474275315991467, 'ign_c': 14.367095138664217}.
[I 2026-08-06 02:19:46,810] Trial 463 finished with values: [10.12758416997881, 10.12758416997881] and parameters: {'k1': 2.0937989739527727e-05, 'D_low': 26.21130418912424, 'k2': 0.0001599021369655865, 'D_high': 6802.810205786723, 'fire_exp': 1.1044852285094786, 'P_half': 403.3495283157659, 'pre_dampen_half': 5.542030950268268, 'gpp_af': 0.028585493941961918, 'gpp_b': 0.0005995821881487623, 'gpp_d': 5.878566318396007, 'ign_k': 0.01474275315991467, 'ign_c': 0.6235377135673155}.
[I 2026-08-06 02:19:47,718] Trial 464 finished with values: [10.626246111882867, 10.626246111882867] and parameters: {'k1': 0.021368329072358756, 'D_low': 1.0883991813938128, 'k2': 0.00014091459170104733, 'D_high': 17300.724838654387, 'fire_exp': 1.1044852285094786, 'P_half': 4.397766894483963, 'pre_dampen_half': 5.542030950268268, 'gpp_af': 2.8805537835688413, 'gpp_b': 0.0005995821881487623, 'gpp_d': 0.13274681648778813, 'ign_k': 0.7058572590901792, 'ign_c': 2.92043384718141}.
[I 2026-08-06 02:19:48,661] Trial 465 finished with values: [-0.4597306713798547, 0.09359060886187598] and parameters: {'k1': 0.0026651167490553537, 'D_low': 1.0883991813938128, 'k2': 0.08894151386481904, 'D_high': 18.595266457134045, 'fire_exp': 1.5201277403788451, 'P_half': 4.397766894483963, 'pre_dampen_half': 703.6426675556048, 'gpp_af': 2.8805537835688413, 'gpp_b': 0.1676789742547917, 'gpp_d': 5.878566318396007, 'ign_k': 0.04563289369649656, 'ign_c': 0.6235377135673155}.
[I 2026-08-06 02:19:49,578] Trial 466 finished with values: [-0.49202281949088256, 0.05421784779888439] and parameters: {'k1': 2.0937989739527727e-05, 'D_low': 18.522006003174383, 'k2': 3.5917714215176105e-05, 'D_high': 1687.3495104568947, 'fire_exp': 1.010722707674549, 'P_half': 2.157758652553991, 'pre_dampen_half': 5.542030950268268, 'gpp_af': 0.028585493941961918, 'gpp_b': 2.800940363375676e-05, 'gpp_d': 0.6380717024176037, 'ign_k': 0.04563289369649656, 'ign_c': 14.367095138664217}.
[I 2026-08-06 02:19:50,623] Trial 467 finished with values: [10.007803646444588, 10.007803646444588] and parameters: {'k1': 2.0937989739527727e-05, 'D_low': 7.068974950624602, 'k2': 4.763991596630584e-05, 'D_high': 75773.14388518519, 'fire_exp': 1.1044852285094786, 'P_half': 63.585411411994926, 'pre_dampen_half': 247.25776073156666, 'gpp_af': 10.25616274847308, 'gpp_b': 3.228689523591491e-05, 'gpp_d': 5.878566318396007, 'ign_k': 0.13054148118849407, 'ign_c': 34.19108473554449}.
[I 2026-08-06 02:19:51,523] Trial 468 finished with values: [-0.517056177873879, 0.03929142020873011] and parameters: {'k1': 0.014666151770108535, 'D_low': 9.330007965781027, 'k2': 0.034987345440353576, 'D_high': 949.9072859745386, 'fire_exp': 1.010722707674549, 'P_half': 39.03214299767183, 'pre_dampen_half': 1.6130673726933187, 'gpp_af': 0.028585493941961918, 'gpp_b': 3.228689523591491e-05, 'gpp_d': 5.878566318396007, 'ign_k': 0.0037322156377670697, 'ign_c': 2.4287565087611744}.
[I 2026-08-06 02:19:52,439] Trial 469 finished with values: [-0.5221357088240184, 0.03379801547486394] and parameters: {'k1': 0.021368329072358756, 'D_low': 7.068974950624602, 'k2': 1.1184534120760473e-05, 'D_high': 75773.14388518519, 'fire_exp': 1.1044852285094786, 'P_half': 125.61043700013555, 'pre_dampen_half': 1.4445251022763053, 'gpp_af': 0.028585493941961918, 'gpp_b': 2.7719116797094715e-05, 'gpp_d': 8.144272585223819, 'ign_k': 7.799059237255681, 'ign_c': 2.41842279584716}.
[I 2026-08-06 02:19:53,390] Trial 470 finished with values: [10.161878022953905, 10.161878022953905] and parameters: {'k1': 0.03232155805617897, 'D_low': 9.330007965781027, 'k2': 4.763991596630584e-05, 'D_high': 400.9149428326862, 'fire_exp': 1.0473002272689056, 'P_half': 664.2027816373393, 'pre_dampen_half': 14.689898077648792, 'gpp_af': 22.766850248686247, 'gpp_b': 1.5938003265859821, 'gpp_d': 39.827466658711515, 'ign_k': 3.7173717478250508, 'ign_c': 14.367095138664217}.
[I 2026-08-06 02:19:54,308] Trial 471 finished with values: [10.538469531255517, 10.538469531255517] and parameters: {'k1': 0.003381093273170853, 'D_low': 18.522006003174383, 'k2': 3.5917714215176105e-05, 'D_high': 24939.838794891497, 'fire_exp': 1.2680134752324452, 'P_half': 187.6006822030065, 'pre_dampen_half': 3.3594011166738142, 'gpp_af': 13.560863064135962, 'gpp_b': 0.05314875633348467, 'gpp_d': 0.6380717024176037, 'ign_k': 7.799059237255681, 'ign_c': 0.15239409361703363}.
[I 2026-08-06 02:19:55,231] Trial 472 finished with values: [10.625725928362995, 10.625725928362995] and parameters: {'k1': 0.021368329072358756, 'D_low': 1.54121727098019, 'k2': 4.763991596630584e-05, 'D_high': 75773.14388518519, 'fire_exp': 1.1044852285094786, 'P_half': 39.03214299767183, 'pre_dampen_half': 1.4445251022763053, 'gpp_af': 0.028585493941961918, 'gpp_b': 0.10123867001105968, 'gpp_d': 227.8683621488816, 'ign_k': 0.03141110271934876, 'ign_c': 0.6235377135673155}.
[I 2026-08-06 02:19:56,157] Trial 473 finished with values: [10.301908620666929, 10.301908620666929] and parameters: {'k1': 0.025383218374507292, 'D_low': 9.330007965781027, 'k2': 0.0783350052213816, 'D_high': 949.9072859745386, 'fire_exp': 1.010722707674549, 'P_half': 63.585411411994926, 'pre_dampen_half': 703.6426675556048, 'gpp_af': 69.88585397513438, 'gpp_b': 3.228689523591491e-05, 'gpp_d': 0.19476644406315288, 'ign_k': 0.0037322156377670697, 'ign_c': 99.67983879709281}.
[I 2026-08-06 02:19:57,058] Trial 474 finished with values: [10.128995253627373, 10.128995253627373] and parameters: {'k1': 0.025383218374507292, 'D_low': 9.330007965781027, 'k2': 0.0001870742013766025, 'D_high': 33.139424373451995, 'fire_exp': 1.0473002272689056, 'P_half': 608.3019192425825, 'pre_dampen_half': 7.6110013825922485, 'gpp_af': 0.04339970334001348, 'gpp_b': 5.2308563179361105e-05, 'gpp_d': 891.8036602897795, 'ign_k': 3.7173717478250508, 'ign_c': 0.773448215664679}.
[I 2026-08-06 02:19:58,006] Trial 475 finished with values: [-0.5665833100742811, 0.029729489633408046] and parameters: {'k1': 0.03232155805617897, 'D_low': 9.330007965781027, 'k2': 4.763991596630584e-05, 'D_high': 6455.595882939566, 'fire_exp': 1.0473002272689056, 'P_half': 664.2027816373393, 'pre_dampen_half': 14.689898077648792, 'gpp_af': 22.766850248686247, 'gpp_b': 0.35446974723746, 'gpp_d': 368.30088529547436, 'ign_k': 3.7173717478250508, 'ign_c': 14.367095138664217}.
[I 2026-08-06 02:19:59,036] Trial 476 finished with values: [10.143164632553413, 10.143164632553413] and parameters: {'k1': 0.014666151770108535, 'D_low': 7.068974950624602, 'k2': 1.1184534120760473e-05, 'D_high': 949.9072859745386, 'fire_exp': 1.058246684404056, 'P_half': 125.61043700013555, 'pre_dampen_half': 1.4445251022763053, 'gpp_af': 0.028585493941961918, 'gpp_b': 3.228689523591491e-05, 'gpp_d': 5.878566318396007, 'ign_k': 0.01474275315991467, 'ign_c': 2.4287565087611744}.
[I 2026-08-06 02:19:59,984] Trial 477 finished with values: [-0.47939095628590656, 0.07399327549091439] and parameters: {'k1': 0.014666151770108535, 'D_low': 9.330007965781027, 'k2': 4.763991596630584e-05, 'D_high': 20.31481195045495, 'fire_exp': 1.010722707674549, 'P_half': 63.585411411994926, 'pre_dampen_half': 3.3594011166738142, 'gpp_af': 10.25616274847308, 'gpp_b': 3.228689523591491e-05, 'gpp_d': 5.878566318396007, 'ign_k': 0.0037322156377670697, 'ign_c': 34.19108473554449}.
[I 2026-08-06 02:20:00,918] Trial 478 finished with values: [10.435646891873521, 10.435646891873521] and parameters: {'k1': 1.226010546471291e-05, 'D_low': 9.330007965781027, 'k2': 0.0022957398214549472, 'D_high': 949.9072859745386, 'fire_exp': 1.2943117749495199, 'P_half': 5.15399351160314, 'pre_dampen_half': 703.6426675556048, 'gpp_af': 10.25616274847308, 'gpp_b': 2.800940363375676e-05, 'gpp_d': 0.6380717024176037, 'ign_k': 0.04563289369649656, 'ign_c': 0.6235377135673155}.
[I 2026-08-06 02:20:01,841] Trial 479 finished with values: [10.752362524402873, 10.752362524402873] and parameters: {'k1': 0.025383218374507292, 'D_low': 7.068974950624602, 'k2': 0.0001969885015387913, 'D_high': 400.9149428326862, 'fire_exp': 1.1044852285094786, 'P_half': 664.2027816373393, 'pre_dampen_half': 2.7746994751929965, 'gpp_af': 0.028585493941961918, 'gpp_b': 0.4192224259816183, 'gpp_d': 5.878566318396007, 'ign_k': 3.7173717478250508, 'ign_c': 14.367095138664217}.
[I 2026-08-06 02:20:02,768] Trial 480 finished with values: [10.15924944240613, 10.15924944240613] and parameters: {'k1': 0.021368329072358756, 'D_low': 9.330007965781027, 'k2': 4.763991596630584e-05, 'D_high': 6455.595882939566, 'fire_exp': 1.0473002272689056, 'P_half': 664.2027816373393, 'pre_dampen_half': 1.4445251022763053, 'gpp_af': 22.766850248686247, 'gpp_b': 2.7719116797094715e-05, 'gpp_d': 368.30088529547436, 'ign_k': 3.7173717478250508, 'ign_c': 2.92043384718141}.
[I 2026-08-06 02:20:03,703] Trial 481 finished with values: [10.486205973812345, 10.486205973812345] and parameters: {'k1': 0.08926311370835228, 'D_low': 18.522006003174383, 'k2': 1.4378290221680118e-05, 'D_high': 1687.3495104568947, 'fire_exp': 1.1044852285094786, 'P_half': 540.9803697908727, 'pre_dampen_half': 2.292633983096564, 'gpp_af': 0.16963424566072005, 'gpp_b': 2.800940363375676e-05, 'gpp_d': 0.2334174560017147, 'ign_k': 0.18170401889219123, 'ign_c': 14.367095138664217}.
[I 2026-08-06 02:20:04,635] Trial 482 finished with values: [-0.5393582875615783, 0.03291132149487619] and parameters: {'k1': 0.025383218374507292, 'D_low': 9.330007965781027, 'k2': 4.763991596630584e-05, 'D_high': 24939.838794891497, 'fire_exp': 1.0473002272689056, 'P_half': 664.2027816373393, 'pre_dampen_half': 3.3594011166738142, 'gpp_af': 22.766850248686247, 'gpp_b': 0.10123867001105968, 'gpp_d': 967.4365715402611, 'ign_k': 7.799059237255681, 'ign_c': 3.735862630812751}.
[I 2026-08-06 02:20:05,546] Trial 483 finished with values: [10.134068474753992, 10.134068474753992] and parameters: {'k1': 0.03232155805617897, 'D_low': 9.330007965781027, 'k2': 4.763991596630584e-05, 'D_high': 400.9149428326862, 'fire_exp': 1.0473002272689056, 'P_half': 664.2027816373393, 'pre_dampen_half': 14.689898077648792, 'gpp_af': 22.766850248686247, 'gpp_b': 1.5938003265859821, 'gpp_d': 39.827466658711515, 'ign_k': 0.050667002161528835, 'ign_c': 14.367095138664217}.
[I 2026-08-06 02:20:06,455] Trial 484 finished with values: [10.411821972105784, 10.411821972105784] and parameters: {'k1': 2.0937989739527727e-05, 'D_low': 18.522006003174383, 'k2': 0.00014091459170104733, 'D_high': 639.0695092073224, 'fire_exp': 1.1044852285094786, 'P_half': 608.3019192425825, 'pre_dampen_half': 5.542030950268268, 'gpp_af': 22.766850248686247, 'gpp_b': 9.58832899519661e-05, 'gpp_d': 891.8036602897795, 'ign_k': 3.7173717478250508, 'ign_c': 14.367095138664217}.
[I 2026-08-06 02:20:07,372] Trial 485 finished with values: [10.762348424048442, 10.762348424048442] and parameters: {'k1': 2.0937989739527727e-05, 'D_low': 1510.9086063191912, 'k2': 0.02065142557895925, 'D_high': 75773.14388518519, 'fire_exp': 1.0473002272689056, 'P_half': 63.585411411994926, 'pre_dampen_half': 1.4445251022763053, 'gpp_af': 0.028585493941961918, 'gpp_b': 1.5938003265859821, 'gpp_d': 5.878566318396007, 'ign_k': 3.7173717478250508, 'ign_c': 14.367095138664217}.
[I 2026-08-06 02:20:08,336] Trial 486 finished with values: [10.0138880960465, 10.0138880960465] and parameters: {'k1': 3.252245757497282e-05, 'D_low': 175.2878790340412, 'k2': 0.08894151386481904, 'D_high': 3660.150802571655, 'fire_exp': 1.5201277403788451, 'P_half': 1.3035590385085063, 'pre_dampen_half': 59.66041614891413, 'gpp_af': 0.2343193755572473, 'gpp_b': 0.1676789742547917, 'gpp_d': 5.878566318396007, 'ign_k': 0.04563289369649656, 'ign_c': 0.1457050032975653}.
[I 2026-08-06 02:20:09,287] Trial 487 finished with values: [10.221639706646075, 10.221639706646075] and parameters: {'k1': 0.021368329072358756, 'D_low': 968.2012086882471, 'k2': 1.1184534120760473e-05, 'D_high': 75773.14388518519, 'fire_exp': 1.2680134752324452, 'P_half': 125.61043700013555, 'pre_dampen_half': 3.3594011166738142, 'gpp_af': 13.560863064135962, 'gpp_b': 2.7719116797094715e-05, 'gpp_d': 300.3420512048734, 'ign_k': 0.01474275315991467, 'ign_c': 3.735862630812751}.
[I 2026-08-06 02:20:10,220] Trial 488 finished with values: [10.005935505974367, 10.005935505974367] and parameters: {'k1': 0.0016129739560722712, 'D_low': 595.2904331761849, 'k2': 0.0022957398214549472, 'D_high': 3660.150802571655, 'fire_exp': 1.1044852285094786, 'P_half': 7.639737756882015, 'pre_dampen_half': 5.542030950268268, 'gpp_af': 0.028585493941961918, 'gpp_b': 0.0004837646996135023, 'gpp_d': 0.6380717024176037, 'ign_k': 0.01474275315991467, 'ign_c': 0.21356209987689076}.
[I 2026-08-06 02:20:11,295] Trial 489 finished with values: [-0.47170726392773166, 0.061287829164486496] and parameters: {'k1': 2.0937989739527727e-05, 'D_low': 7.068974950624602, 'k2': 1.4378290221680118e-05, 'D_high': 75773.14388518519, 'fire_exp': 1.1044852285094786, 'P_half': 958.8659498594012, 'pre_dampen_half': 25.2636741027941, 'gpp_af': 0.004339536161007625, 'gpp_b': 2.800940363375676e-05, 'gpp_d': 300.3420512048734, 'ign_k': 0.01474275315991467, 'ign_c': 19.19168994439752}.
[I 2026-08-06 02:20:12,213] Trial 490 finished with values: [10.124913303512237, 10.124913303512237] and parameters: {'k1': 0.0029707920514735983, 'D_low': 2.5379946629058443, 'k2': 2.1698375693549493e-05, 'D_high': 6366.1449945522045, 'fire_exp': 1.182396148413737, 'P_half': 1938.3858782150498, 'pre_dampen_half': 33.9790424311127, 'gpp_af': 0.0025511964576171086, 'gpp_b': 3.228689523591491e-05, 'gpp_d': 857.4284557962634, 'ign_k': 0.03141110271934876, 'ign_c': 3.0378658251922155}.
[I 2026-08-06 02:20:13,129] Trial 491 finished with values: [10.769222334301014, 10.769222334301014] and parameters: {'k1': 2.0937989739527727e-05, 'D_low': 7.068974950624602, 'k2': 4.860905111373887e-05, 'D_high': 75773.14388518519, 'fire_exp': 4.513476798165099, 'P_half': 63.585411411994926, 'pre_dampen_half': 1.4445251022763053, 'gpp_af': 0.023243291829111983, 'gpp_b': 2.800940363375676e-05, 'gpp_d': 5.878566318396007, 'ign_k': 0.01474275315991467, 'ign_c': 111.18405953132105}.
[I 2026-08-06 02:20:14,061] Trial 492 finished with values: [14.217465654935143, 14.217465654935143] and parameters: {'k1': 2.0937989739527727e-05, 'D_low': 164.70698221724317, 'k2': 0.0004381141781653133, 'D_high': 1687.3495104568947, 'fire_exp': 1.010722707674549, 'P_half': 403.3495283157659, 'pre_dampen_half': 567.9600794296686, 'gpp_af': 0.0025511964576171086, 'gpp_b': 3.228689523591491e-05, 'gpp_d': 0.19476644406315288, 'ign_k': 0.01474275315991467, 'ign_c': 0.6235377135673155}.
[I 2026-08-06 02:20:15,026] Trial 493 finished with values: [10.564112453661554, 10.564112453661554] and parameters: {'k1': 0.003381093273170853, 'D_low': 4.020051040432125, 'k2': 0.0004381141781653133, 'D_high': 24939.838794891497, 'fire_exp': 1.2680134752324452, 'P_half': 403.3495283157659, 'pre_dampen_half': 25.15960733455044, 'gpp_af': 11.234842109991876, 'gpp_b': 1.5938003265859821, 'gpp_d': 300.3420512048734, 'ign_k': 0.05362153030688613, 'ign_c': 3.735862630812751}.
[I 2026-08-06 02:20:15,944] Trial 494 finished with values: [10.414218134327372, 10.414218134327372] and parameters: {'k1': 0.025383218374507292, 'D_low': 18.522006003174383, 'k2': 4.860905111373887e-05, 'D_high': 75773.14388518519, 'fire_exp': 1.1044852285094786, 'P_half': 608.3019192425825, 'pre_dampen_half': 14.689898077648792, 'gpp_af': 0.028585493941961918, 'gpp_b': 0.10123867001105968, 'gpp_d': 5.878566318396007, 'ign_k': 0.01474275315991467, 'ign_c': 0.6235377135673155}.
