[I 2026-08-19 15:07:54,185] Trial 811 finished with value: -0.4273536099085595 and parameters: {'k1': 1.0953550150981103e-05, 'D_low': 134.12094907453755, 'k2': 2.3829240228737715e-05, 'D_high': 4060456.42160665, 'fire_exp': 2.612054806464161, 'P_half': 1.2138764173142038, 'pre_dampen_half': 2.685385240923812, 'gpp_af': 0.16294871113359052, 'gpp_b': 0.0029972460953851007, 'gpp_d': 218.7562373425184, 'ign_k': 0.002473083969600566, 'ign_c': 2.885235642991946, 'trop_agb_crit': 17.39941253095797, 'trop_k_veg': 2.1925952826997, 'pop_amp': 0.01022567858574504, 'pop_peak': 815.4895201929844, 'pop_sig': 0.30631751303919447, 'fuel_k': 1.0874403192219408, 'fuel_half': 1.9158468347984277}. Best is trial 421 with value: -0.6216386034937503.
[I 2026-08-19 15:07:56,805] Trial 812 finished with value: -0.598564590962698 and parameters: {'k1': 0.005108263796982612, 'D_low': 2.1417268049073477, 'k2': 4.582964862742738e-05, 'D_high': 1295027.820891413, 'fire_exp': 1.3087430581053825, 'P_half': 1.6939025621740187, 'pre_dampen_half': 1.395539770080779, 'gpp_af': 0.06488892996923676, 'gpp_b': 0.0001559966813987531, 'gpp_d': 1.663137352922813, 'ign_k': 0.1156682979332805, 'ign_c': 7.728095775748699, 'trop_agb_crit': 8.763330015924275, 'trop_k_veg': 2.436019754580785, 'pop_amp': 0.01858785281536415, 'pop_peak': 7.074113635189406, 'pop_sig': 0.4469254870642705, 'fuel_k': 0.3838571003392512, 'fuel_half': 0.739488391754905}. Best is trial 421 with value: -0.6216386034937503.
[I 2026-08-19 15:07:59,206] Trial 813 finished with value: -0.5960676868238308 and parameters: {'k1': 0.004559813251183843, 'D_low': 2.615414524805112, 'k2': 9.877793411489159e-05, 'D_high': 5194663.793959109, 'fire_exp': 1.4430320137259922, 'P_half': 2.0807779328112463, 'pre_dampen_half': 1.6377341794869962, 'gpp_af': 0.015443823296750363, 'gpp_b': 1.680900465312204e-05, 'gpp_d': 27.929283040082975, 'ign_k': 0.15496797116954053, 'ign_c': 3.9102011251170796, 'trop_agb_crit': 17.205310201524323, 'trop_k_veg': 2.294861854921572, 'pop_amp': 0.042107841275006365, 'pop_peak': 1.4380947007603833, 'pop_sig': 0.4291998276584979, 'fuel_k': 0.527738700908172, 'fuel_half': 0.10062746279439459}. Best is trial 421 with value: -0.6216386034937503.
[I 2026-08-19 15:08:01,731] Trial 814 finished with value: -0.48578065715723084 and parameters: {'k1': 0.0039893013216880805, 'D_low': 305.80665521486515, 'k2': 1.1130907914621587e-05, 'D_high': 3422595.660705306, 'fire_exp': 2.8618241795865473, 'P_half': 250.92534518401894, 'pre_dampen_half': 0.7866024999151244, 'gpp_af': 0.06137623292547821, 'gpp_b': 9.800768631294171e-05, 'gpp_d': 3.270070768404434, 'ign_k': 3.5418188378534805, 'ign_c': 11.918575350758225, 'trop_agb_crit': 16.111457092437412, 'trop_k_veg': 6.8416628451013075, 'pop_amp': 0.006705348121506579, 'pop_peak': 2.1411633884756345, 'pop_sig': 0.7920396071031768, 'fuel_k': 0.09853547810139517, 'fuel_half': 0.5339562104846596}. Best is trial 421 with value: -0.6216386034937503.
[I 2026-08-19 15:08:04,365] Trial 815 finished with value: -0.3554625854118624 and parameters: {'k1': 0.05737983070818287, 'D_low': 10.416932217949562, 'k2': 0.0013852718147241636, 'D_high': 8679414.468675481, 'fire_exp': 3.0463334561635125, 'P_half': 3.8577164727209547, 'pre_dampen_half': 0.7182930219243318, 'gpp_af': 0.03947056773360054, 'gpp_b': 4.2122192425822456e-05, 'gpp_d': 6.020384987086939, 'ign_k': 8.308497412794889, 'ign_c': 60.76634868604564, 'trop_agb_crit': 28.13508437088686, 'trop_k_veg': 1.8404668331006973, 'pop_amp': 6.695013981625316, 'pop_peak': 53.63218799412566, 'pop_sig': 0.6788056469495548, 'fuel_k': 0.023868477958135566, 'fuel_half': 0.12114436875786005}. Best is trial 421 with value: -0.6216386034937503.
[I 2026-08-19 15:08:06,892] Trial 816 finished with value: -0.3554625854118624 and parameters: {'k1': 1.494806684769193e-05, 'D_low': 521.7177828472212, 'k2': 1.2766944757675796e-05, 'D_high': 34771.252848775955, 'fire_exp': 1.0867951546569987, 'P_half': 21.642993910829976, 'pre_dampen_half': 0.1770232092718077, 'gpp_af': 0.0016481925026281645, 'gpp_b': 1.5016419949035134e-05, 'gpp_d': 0.1669243123566232, 'ign_k': 1.621337642339432, 'ign_c': 113.9304653510203, 'trop_agb_crit': 3.805641409235346, 'trop_k_veg': 0.8355006741447996, 'pop_amp': 0.842832141118634, 'pop_peak': 2.3000325268974846, 'pop_sig': 2.0643194642327707, 'fuel_k': 0.2670493447442371, 'fuel_half': 0.8855434430125341}. Best is trial 421 with value: -0.6216386034937503.
  trial  817/2500  best_overall=0.6216  (44.1 min)
[I 2026-08-19 15:08:10,208] Trial 817 finished with value: -0.45973087974512594 and parameters: {'k1': 0.08143790679193437, 'D_low': 79.7908877648056, 'k2': 0.00010787732802513968, 'D_high': 370324.51902540517, 'fire_exp': 1.8202907482442323, 'P_half': 4.065853711461903, 'pre_dampen_half': 0.1231277343797273, 'gpp_af': 0.1617944837482117, 'gpp_b': 2.0366007105708794e-05, 'gpp_d': 2.0806901663255206, 'ign_k': 0.027200893767362334, 'ign_c': 3.413441614999651, 'trop_agb_crit': 7.089608316583635, 'trop_k_veg': 2.690891429301207, 'pop_amp': 0.003551907563211477, 'pop_peak': 5.148539991408687, 'pop_sig': 0.5426089307168076, 'fuel_k': 0.1457238056917864, 'fuel_half': 0.578794266466526}. Best is trial 421 with value: -0.6216386034937503.
[I 2026-08-19 15:08:13,439] Trial 818 finished with value: -0.45614007562771625 and parameters: {'k1': 0.010424039790052601, 'D_low': 1.100866966819106, 'k2': 0.000626273520539595, 'D_high': 27148.403948632564, 'fire_exp': 1.5112359532726176, 'P_half': 1.4060749255981044, 'pre_dampen_half': 0.8066662718725728, 'gpp_af': 0.04069110695770123, 'gpp_b': 2.941901151089595e-05, 'gpp_d': 22.437251740339672, 'ign_k': 0.037547831813667935, 'ign_c': 16.05211403810782, 'trop_agb_crit': 9.420468911717592, 'trop_k_veg': 2.127987626334309, 'pop_amp': 0.07316050786151213, 'pop_peak': 24.199119534420504, 'pop_sig': 0.8084919264459288, 'fuel_k': 0.6273633252723728, 'fuel_half': 0.7588030888202125}. Best is trial 421 with value: -0.6216386034937503.
[I 2026-08-19 15:08:16,025] Trial 819 finished with value: -0.5648743142366222 and parameters: {'k1': 0.04010684765922465, 'D_low': 1.025379760372873, 'k2': 1.9245402540092967e-05, 'D_high': 167108.5444891168, 'fire_exp': 2.353489485773437, 'P_half': 3.970218880474381, 'pre_dampen_half': 17.956077793127797, 'gpp_af': 0.3612310325981034, 'gpp_b': 0.00481333737728221, 'gpp_d': 22.46060819083817, 'ign_k': 0.4318187686512497, 'ign_c': 23.11180432492108, 'trop_agb_crit': 8.59013884271173, 'trop_k_veg': 3.4469239458855343, 'pop_amp': 0.005645659862146623, 'pop_peak': 1.0236614324660973, 'pop_sig': 0.7873755692755299, 'fuel_k': 0.742031924289503, 'fuel_half': 0.14558853165498623}. Best is trial 421 with value: -0.6216386034937503.
[I 2026-08-19 15:08:18,659] Trial 820 finished with value: -0.40843902750253713 and parameters: {'k1': 0.004963478077287527, 'D_low': 26.237374390301174, 'k2': 0.00011875794236440335, 'D_high': 247862.62758468246, 'fire_exp': 2.2012586638127787, 'P_half': 1.9775717763586094, 'pre_dampen_half': 14.407085101962869, 'gpp_af': 0.21840772647049567, 'gpp_b': 0.007099048551409927, 'gpp_d': 0.20002626114970803, 'ign_k': 0.17086659105302845, 'ign_c': 28.913164435583695, 'trop_agb_crit': 8.870686473666966, 'trop_k_veg': 1.15508659299971, 'pop_amp': 0.030001153370210896, 'pop_peak': 0.4654480322028519, 'pop_sig': 0.4646585768146438, 'fuel_k': 0.1591607892546248, 'fuel_half': 3.277427508428321}. Best is trial 421 with value: -0.6216386034937503.
[I 2026-08-19 15:08:21,240] Trial 821 finished with value: -0.5524707300388872 and parameters: {'k1': 0.0002682974225888156, 'D_low': 23.268012949097436, 'k2': 7.618232288870076e-05, 'D_high': 475022.0279393383, 'fire_exp': 1.1396990342095414, 'P_half': 3.633077660296847, 'pre_dampen_half': 2.6410430649524863, 'gpp_af': 4.350887760617834, 'gpp_b': 0.0002740465605793241, 'gpp_d': 5.432323607545872, 'ign_k': 0.1771301281274753, 'ign_c': 1.3223431625813322, 'trop_agb_crit': 9.484692765388317, 'trop_k_veg': 3.6470602854289207, 'pop_amp': 0.007879292439838434, 'pop_peak': 0.41723946615599133, 'pop_sig': 0.6332776464706334, 'fuel_k': 0.3047370452556842, 'fuel_half': 0.9145783012912302}. Best is trial 421 with value: -0.6216386034937503.
[I 2026-08-19 15:08:23,715] Trial 822 finished with value: -0.5924967995984552 and parameters: {'k1': 0.0008048243670360373, 'D_low': 4.129956296242943, 'k2': 1.2196175529655443e-05, 'D_high': 5090451.349571049, 'fire_exp': 1.023217563744001, 'P_half': 1.6057381479288118, 'pre_dampen_half': 0.13435567074500232, 'gpp_af': 1.3385582502210502, 'gpp_b': 0.00040755995601772033, 'gpp_d': 386.2491438297685, 'ign_k': 0.35418195543391323, 'ign_c': 2.240782034875399, 'trop_agb_crit': 16.793160298718718, 'trop_k_veg': 3.668312068456608, 'pop_amp': 0.13208966565786595, 'pop_peak': 13.776155286321004, 'pop_sig': 0.39196615975800364, 'fuel_k': 1.4879142713035582, 'fuel_half': 0.18743745377859794}. Best is trial 421 with value: -0.6216386034937503.
[I 2026-08-19 15:08:26,280] Trial 823 finished with value: -0.4172195578507153 and parameters: {'k1': 1.7173802686765373e-05, 'D_low': 932.2470025629832, 'k2': 9.833078232528798e-05, 'D_high': 1396.0494056909245, 'fire_exp': 1.6178563559134742, 'P_half': 130.75644831982993, 'pre_dampen_half': 0.17127026387934985, 'gpp_af': 0.02159461916085216, 'gpp_b': 0.00019267084932018895, 'gpp_d': 0.020048786299226865, 'ign_k': 3.6846406588394944, 'ign_c': 10.509972422466392, 'trop_agb_crit': 20.49601073790287, 'trop_k_veg': 1.0667398504115144, 'pop_amp': 7.448620199213325, 'pop_peak': 4.083437797656122, 'pop_sig': 1.4083319599746138, 'fuel_k': 0.9390053694207616, 'fuel_half': 0.4004175938973844}. Best is trial 421 with value: -0.6216386034937503.
[I 2026-08-19 15:08:28,780] Trial 824 finished with value: -0.41054655448235666 and parameters: {'k1': 5.0215595136371045e-05, 'D_low': 1.1128414685037302, 'k2': 3.630840957099771e-05, 'D_high': 145886.6886965136, 'fire_exp': 1.1331122223500265, 'P_half': 4.574750392576803, 'pre_dampen_half': 0.15123975507636753, 'gpp_af': 1.0345703304519098, 'gpp_b': 0.01660917410665983, 'gpp_d': 746.4074104619856, 'ign_k': 0.5079618641507695, 'ign_c': 47.83255668523372, 'trop_agb_crit': 17.291023174108613, 'trop_k_veg': 3.058882200908674, 'pop_amp': 0.36894884939899386, 'pop_peak': 47.688482867366545, 'pop_sig': 0.34566203105478754, 'fuel_k': 2.0875506913657005, 'fuel_half': 1.7333407957504618}. Best is trial 421 with value: -0.6216386034937503.
  trial  825/2500  best_overall=0.6216  (44.4 min)
[I 2026-08-19 15:08:31,728] Trial 825 finished with value: -0.4158448600827261 and parameters: {'k1': 3.5229556667408944e-05, 'D_low': 186223.52191446855, 'k2': 5.0304662882257736e-05, 'D_high': 105888.4177379974, 'fire_exp': 1.0713676547431068, 'P_half': 10.63697995114666, 'pre_dampen_half': 0.5071945856538065, 'gpp_af': 0.003710839488677435, 'gpp_b': 1.7796220729024218e-05, 'gpp_d': 1.819426441641251, 'ign_k': 0.14873043292748694, 'ign_c': 14.727772407971754, 'trop_agb_crit': 4.383548719714176, 'trop_k_veg': 1.5203076824041242, 'pop_amp': 2.3294752630699342, 'pop_peak': 10.873602572693109, 'pop_sig': 1.166818738874427, 'fuel_k': 1.7929549261486089, 'fuel_half': 0.5079858143816667}. Best is trial 421 with value: -0.6216386034937503.
[I 2026-08-19 15:08:34,142] Trial 826 finished with value: -0.41436764295532846 and parameters: {'k1': 7.23370142904611e-05, 'D_low': 178376.2153679115, 'k2': 0.00013070915354240913, 'D_high': 27154.328007083655, 'fire_exp': 1.1869523219200886, 'P_half': 10.059732713143287, 'pre_dampen_half': 0.033241129557061364, 'gpp_af': 0.0012590180883533034, 'gpp_b': 3.0946522997406563e-05, 'gpp_d': 0.2180993510329537, 'ign_k': 8.658782964093266, 'ign_c': 10.444551881365875, 'trop_agb_crit': 8.027302513631014, 'trop_k_veg': 1.1702586679364118, 'pop_amp': 0.08156523372727491, 'pop_peak': 10.332183201934173, 'pop_sig': 1.8759336567151907, 'fuel_k': 0.6458191599895546, 'fuel_half': 2.0284107111265905}. Best is trial 421 with value: -0.6216386034937503.
[I 2026-08-19 15:08:36,707] Trial 827 finished with value: -0.3554625854118624 and parameters: {'k1': 0.008677413965807384, 'D_low': 121.67671155955173, 'k2': 1.3872490927740278e-05, 'D_high': 7143057.439630563, 'fire_exp': 1.2229873182712931, 'P_half': 260.21284978326315, 'pre_dampen_half': 1.344306676979255, 'gpp_af': 0.0038374955599733314, 'gpp_b': 0.00011119792965902739, 'gpp_d': 1.5051542204747625, 'ign_k': 4.143294838400541, 'ign_c': 44.970538427847636, 'trop_agb_crit': 2.824644152421561, 'trop_k_veg': 6.809586758812684, 'pop_amp': 0.5897380772422466, 'pop_peak': 1.8866927782810514, 'pop_sig': 0.7761386258807234, 'fuel_k': 0.31565678203717995, 'fuel_half': 0.4723396936489514}. Best is trial 421 with value: -0.6216386034937503.
[I 2026-08-19 15:08:39,087] Trial 828 finished with value: -0.518316852179934 and parameters: {'k1': 0.014614454002772477, 'D_low': 42.62484300531282, 'k2': 1.896438854734719e-05, 'D_high': 65804.0121750924, 'fire_exp': 1.0574568732575929, 'P_half': 122.59973121058374, 'pre_dampen_half': 0.36114643895082765, 'gpp_af': 0.043972396590705586, 'gpp_b': 9.162521838335276e-05, 'gpp_d': 0.16317995268207663, 'ign_k': 0.9429870957246519, 'ign_c': 4.606505478572885, 'trop_agb_crit': 26.414284984989923, 'trop_k_veg': 3.934206882785647, 'pop_amp': 0.21791099428633984, 'pop_peak': 0.23206069236141857, 'pop_sig': 0.625456577709992, 'fuel_k': 0.8910258771928824, 'fuel_half': 0.5739918948147104}. Best is trial 421 with value: -0.6216386034937503.
[I 2026-08-19 15:08:41,507] Trial 829 finished with value: -0.4168910647042705 and parameters: {'k1': 1.833547072620115e-05, 'D_low': 32199.265285324494, 'k2': 2.067763098580659e-05, 'D_high': 29318.84561373865, 'fire_exp': 1.878085470495363, 'P_half': 25.707151469571556, 'pre_dampen_half': 0.07209187708025155, 'gpp_af': 0.009938151166296306, 'gpp_b': 0.004011810125647959, 'gpp_d': 16.140490968674772, 'ign_k': 2.7743338595043823, 'ign_c': 3.8288353340158934, 'trop_agb_crit': 15.339804413254887, 'trop_k_veg': 0.7540786035048562, 'pop_amp': 2.0562180755853556, 'pop_peak': 12.997230152090035, 'pop_sig': 2.0007068622558117, 'fuel_k': 0.5172122499003778, 'fuel_half': 1.10394901704033}. Best is trial 421 with value: -0.6216386034937503.
[I 2026-08-19 15:08:44,002] Trial 830 finished with value: -0.4103117378118384 and parameters: {'k1': 0.004368420853239149, 'D_low': 4.975769397010343, 'k2': 1.8004488110852432e-05, 'D_high': 860577.2804853739, 'fire_exp': 1.1252242387302893, 'P_half': 5.3525128404431435, 'pre_dampen_half': 1.7196815224264057, 'gpp_af': 0.0012049568776308524, 'gpp_b': 0.007988055404298339, 'gpp_d': 2.9992241903721673, 'ign_k': 0.023899149002345865, 'ign_c': 7.980948467407509, 'trop_agb_crit': 10.343062963522591, 'trop_k_veg': 3.040593306334524, 'pop_amp': 0.02063857532331058, 'pop_peak': 1.2435039806216495, 'pop_sig': 0.470850285209387, 'fuel_k': 0.16005132935657385, 'fuel_half': 0.9768551835816145}. Best is trial 421 with value: -0.6216386034937503.
[I 2026-08-19 15:08:46,455] Trial 831 finished with value: -0.3850810896437747 and parameters: {'k1': 0.00015441220927998753, 'D_low': 130173.46484198458, 'k2': 0.00013424147985130588, 'D_high': 1811903.0245749762, 'fire_exp': 2.229284880592028, 'P_half': 92.88758045367028, 'pre_dampen_half': 3.025503317229529, 'gpp_af': 0.00231914929563588, 'gpp_b': 0.0007398856444104915, 'gpp_d': 0.2939800436349605, 'ign_k': 1.0514224245434762, 'ign_c': 4.373159518025455, 'trop_agb_crit': 6.084979538691961, 'trop_k_veg': 0.7981285543501372, 'pop_amp': 1.7694898338325806, 'pop_peak': 1.7213097433939868, 'pop_sig': 0.8882022428749042, 'fuel_k': 0.14976541920163564, 'fuel_half': 0.3880885113802938}. Best is trial 421 with value: -0.6216386034937503.
[I 2026-08-19 15:08:49,018] Trial 832 finished with value: -0.5335668850577039 and parameters: {'k1': 0.00018006981746560846, 'D_low': 7.024855942594893, 'k2': 0.00044780441112087535, 'D_high': 8863755.635998052, 'fire_exp': 1.7105832459220602, 'P_half': 1.0747070651095345, 'pre_dampen_half': 0.09503565307454162, 'gpp_af': 0.5817836569668212, 'gpp_b': 1.1683412429803816e-05, 'gpp_d': 2.207181215818565, 'ign_k': 0.04723173836936474, 'ign_c': 5.979179437146709, 'trop_agb_crit': 2.7451964100281807, 'trop_k_veg': 4.51898942469252, 'pop_amp': 1.6763570722035992, 'pop_peak': 29.33890076304181, 'pop_sig': 0.3670503147848209, 'fuel_k': 0.16708942789855707, 'fuel_half': 0.26501252633120775}. Best is trial 421 with value: -0.6216386034937503.
  trial  833/2500  best_overall=0.6216  (44.8 min)
[I 2026-08-19 15:08:52,132] Trial 833 finished with value: -0.3990698505768681 and parameters: {'k1': 6.250220954438824e-05, 'D_low': 20.749590777951493, 'k2': 0.0010944649828617706, 'D_high': 465051.58166281984, 'fire_exp': 8.62139521233239, 'P_half': 44.292218782071934, 'pre_dampen_half': 56.91535573973316, 'gpp_af': 0.2322011966188897, 'gpp_b': 4.646235039344258e-05, 'gpp_d': 3.835102510522133, 'ign_k': 0.4524572467614868, 'ign_c': 0.1804376041138239, 'trop_agb_crit': 17.6466886801409, 'trop_k_veg': 2.098093253559094, 'pop_amp': 11.617773173438863, 'pop_peak': 72.84746427925866, 'pop_sig': 1.1260167458639805, 'fuel_k': 1.0229205138377826, 'fuel_half': 0.5498200169775072}. Best is trial 421 with value: -0.6216386034937503.
[I 2026-08-19 15:08:55,042] Trial 834 finished with value: -0.5576249173194141 and parameters: {'k1': 3.976126647393186e-05, 'D_low': 756.5082074363178, 'k2': 6.082726047362542e-05, 'D_high': 148162.98468009385, 'fire_exp': 1.4920177356257915, 'P_half': 2032.6542490381091, 'pre_dampen_half': 0.2812466582350694, 'gpp_af': 0.0024423011500738587, 'gpp_b': 3.267264148217339e-05, 'gpp_d': 1.8289155035842164, 'ign_k': 0.6102687813216028, 'ign_c': 7.665609773409186, 'trop_agb_crit': 2.7853339761873235, 'trop_k_veg': 0.7327287655282785, 'pop_amp': 8.330920792698727, 'pop_peak': 4.01378050870402, 'pop_sig': 2.2433460046334024, 'fuel_k': 0.9153461712817609, 'fuel_half': 0.2974678552522526}. Best is trial 421 with value: -0.6216386034937503.
[I 2026-08-19 15:08:58,548] Trial 835 finished with value: -0.5948265301820302 and parameters: {'k1': 6.420571033377062e-05, 'D_low': 288.4621451190643, 'k2': 1.5200573957711965e-05, 'D_high': 3607550.168671154, 'fire_exp': 1.400208854299965, 'P_half': 21.707219273451926, 'pre_dampen_half': 4.419080787596431, 'gpp_af': 0.3644062049828432, 'gpp_b': 0.013578866270487105, 'gpp_d': 132.92116660981378, 'ign_k': 0.19765604735603126, 'ign_c': 2.8716836521953955, 'trop_agb_crit': 7.12633671021207, 'trop_k_veg': 4.2679739231706115, 'pop_amp': 0.10126357302923694, 'pop_peak': 350.084451476837, 'pop_sig': 0.6198865306981394, 'fuel_k': 0.8720772142218799, 'fuel_half': 1.5660302867264415}. Best is trial 421 with value: -0.6216386034937503.
[I 2026-08-19 15:09:01,308] Trial 836 finished with value: -0.40789032605746317 and parameters: {'k1': 0.001965972752733837, 'D_low': 7.779057175113184, 'k2': 6.431120833873155e-05, 'D_high': 18523.37580282988, 'fire_exp': 2.48564946341474, 'P_half': 27.34863941918288, 'pre_dampen_half': 0.19742950135401474, 'gpp_af': 0.04006162114140139, 'gpp_b': 0.010899924300009425, 'gpp_d': 0.3393147563871786, 'ign_k': 0.026511154675081774, 'ign_c': 3.1510232590240275, 'trop_agb_crit': 10.390077194973378, 'trop_k_veg': 1.5282111748317915, 'pop_amp': 0.006135300842143036, 'pop_peak': 18.45448916721768, 'pop_sig': 0.3137995729452564, 'fuel_k': 0.6988225332124823, 'fuel_half': 0.7985774546174454}. Best is trial 421 with value: -0.6216386034937503.
[I 2026-08-19 15:09:04,249] Trial 837 finished with value: -0.3554625854118624 and parameters: {'k1': 0.0071956738395133986, 'D_low': 16.407121147781158, 'k2': 0.00012256904936633459, 'D_high': 2847564.1657586233, 'fire_exp': 1.063945733466824, 'P_half': 8.068080687596368, 'pre_dampen_half': 0.18886301252882112, 'gpp_af': 0.0249868281684629, 'gpp_b': 3.81447245431649e-05, 'gpp_d': 14.855242064117194, 'ign_k': 0.46921119169133196, 'ign_c': 156.37440043019166, 'trop_agb_crit': 9.372523959832037, 'trop_k_veg': 1.98381589056525, 'pop_amp': 0.041960240964588676, 'pop_peak': 2.0359437378689367, 'pop_sig': 0.26236090814653196, 'fuel_k': 2.0471756825619813, 'fuel_half': 2.2853737569013224}. Best is trial 421 with value: -0.6216386034937503.
[I 2026-08-19 15:09:06,833] Trial 838 finished with value: -0.6009115888103604 and parameters: {'k1': 0.0009295987431693783, 'D_low': 489.992010899593, 'k2': 0.006347305194393662, 'D_high': 298728.9244151056, 'fire_exp': 1.0055502623838395, 'P_half': 1.9410423911384431, 'pre_dampen_half': 0.5463515097721763, 'gpp_af': 0.03168200623450629, 'gpp_b': 0.00022435717644324481, 'gpp_d': 29.47420502788762, 'ign_k': 0.14142730510302992, 'ign_c': 12.169788064147259, 'trop_agb_crit': 11.578668768071987, 'trop_k_veg': 0.9826315170356366, 'pop_amp': 0.5825290023311188, 'pop_peak': 132.18490128166107, 'pop_sig': 0.34171716301924054, 'fuel_k': 0.48354799560133965, 'fuel_half': 0.1815605732251844}. Best is trial 421 with value: -0.6216386034937503.
[I 2026-08-19 15:09:09,216] Trial 839 finished with value: -0.4502329764418791 and parameters: {'k1': 0.015801668556330292, 'D_low': 390.3797892281673, 'k2': 6.62794988385073e-05, 'D_high': 253302.74969644702, 'fire_exp': 3.7721402898641414, 'P_half': 83.65326335887886, 'pre_dampen_half': 13.209868182498104, 'gpp_af': 0.013708709427614534, 'gpp_b': 1.3530177819863054e-05, 'gpp_d': 0.1248532066052852, 'ign_k': 0.06689995869857718, 'ign_c': 7.102238001322517, 'trop_agb_crit': 2.149704081591159, 'trop_k_veg': 0.870352820667524, 'pop_amp': 0.04931451873788044, 'pop_peak': 19.701668845020478, 'pop_sig': 1.5874876593305862, 'fuel_k': 0.03076577965888607, 'fuel_half': 6.011035045564707}. Best is trial 421 with value: -0.6216386034937503.
