[I 2026-06-10 21:55:23,236] Trial 187 finished with values: [10.833333333029685, 10.833333333029685] and parameters: {'k1': 0.017276056747028225, 'D_low': 1739.6167422846984, 'k2': 0.02939607009739149, 'D_high': 22.636544662054543, 'fire_exp': 1.3201882743050743, 'P_half': 101.40635645866499, 'pre_dampen_half': 98.05638874011484, 'gpp_af': 1.7775411110039254, 'gpp_b': 0.010483435442445016, 'gpp_d': 28.312234265202243, 'ign_k': 3.6309591863459096, 'ign_c': 157.63098727399432, 'trop_agb_crit': 8.462233625364036, 'trop_k_veg': 0.6272168087516332, 'fire_amp': 2.818314238665462}.
[I 2026-06-10 21:55:25,352] Trial 188 finished with values: [10.484459713975209, 10.484459713975209] and parameters: {'k1': 6.784924519083143e-05, 'D_low': 1.2768174677433957, 'k2': 0.0004976087827261435, 'D_high': 42210.21267871043, 'fire_exp': 1.2918065501148304, 'P_half': 61.6097529474144, 'pre_dampen_half': 4.603480758878793, 'gpp_af': 0.2204465010099918, 'gpp_b': 0.0003601974223479835, 'gpp_d': 0.03927259340973166, 'ign_k': 0.22970993031159073, 'ign_c': 1.9423015749984096, 'trop_agb_crit': 2.0527418919564324, 'trop_k_veg': 2.520089655463604, 'fire_amp': 1.2393473789150806}.
[I 2026-06-10 21:55:27,248] Trial 189 finished with values: [10.572422927426539, 10.572422927426539] and parameters: {'k1': 0.00023134781612225627, 'D_low': 2.843767489444367, 'k2': 3.152468275632564e-05, 'D_high': 267.3088310781672, 'fire_exp': 1.9095652801045373, 'P_half': 118.94665366442581, 'pre_dampen_half': 11.669626228257902, 'gpp_af': 0.09885838682552685, 'gpp_b': 2.800940363375676e-05, 'gpp_d': 0.4742269251269962, 'ign_k': 1.6270983114897255, 'ign_c': 0.6235377135673155, 'trop_agb_crit': 3.108985631683375, 'trop_k_veg': 1.508040082046931, 'fire_amp': 2.6192385880432525}.
[I 2026-06-10 21:55:29,042] Trial 190 finished with values: [10.884071102592733, 10.884071102592733] and parameters: {'k1': 0.006079905434073396, 'D_low': 43.2326421037033, 'k2': 0.045914852167405346, 'D_high': 16780.50857913099, 'fire_exp': 1.4690410989404576, 'P_half': 3.591771421517613, 'pre_dampen_half': 903.3231300044874, 'gpp_af': 0.008117091133892173, 'gpp_b': 0.00807491410172472, 'gpp_d': 12.338826503601998, 'ign_k': 0.8945150807271531, 'ign_c': 7.081721844034206, 'trop_agb_crit': 2.1989086830950257, 'trop_k_veg': 0.5535297685306277, 'fire_amp': 1.5719333351012774}.
[I 2026-06-10 21:55:30,689] Trial 191 finished with values: [10.389981168649506, 10.389981168649506] and parameters: {'k1': 0.0018697387216131526, 'D_low': 12.105387404469584, 'k2': 0.003767022142229395, 'D_high': 16780.50857913099, 'fire_exp': 1.0601964743503993, 'P_half': 3.591771421517613, 'pre_dampen_half': 16.009350908593582, 'gpp_af': 0.008117091133892173, 'gpp_b': 1.4540386644083135e-05, 'gpp_d': 0.12878367369717508, 'ign_k': 0.00840038491455979, 'ign_c': 7.081721844034206, 'trop_agb_crit': 1.0693376406863295, 'trop_k_veg': 6.825463866194253, 'fire_amp': 1.5719333351012774}.
[I 2026-06-10 21:55:32,659] Trial 192 finished with values: [10.744299268914778, 10.744299268914778] and parameters: {'k1': 0.016973078532467004, 'D_low': 2.011190979341456, 'k2': 3.277320296937061e-05, 'D_high': 27.55546207779663, 'fire_exp': 1.41873960828944, 'P_half': 51.10120656497163, 'pre_dampen_half': 123.04779330083686, 'gpp_af': 0.008117091133892173, 'gpp_b': 0.015062722325200045, 'gpp_d': 20.81401325574021, 'ign_k': 0.002357279455676982, 'ign_c': 388.02797007866826, 'trop_agb_crit': 24.199763404822136, 'trop_k_veg': 1.2749676887479542, 'fire_amp': 1.0759744651553196}.
[I 2026-06-10 21:55:34,455] Trial 193 finished with values: [10.348571723392833, 10.348571723392833] and parameters: {'k1': 0.003968136435370146, 'D_low': 1.7551403048208316, 'k2': 0.0001280886335404798, 'D_high': 29.126651668813768, 'fire_exp': 1.811096651915224, 'P_half': 5.4712187293420325, 'pre_dampen_half': 10.931606102061748, 'gpp_af': 1.3954498518315706, 'gpp_b': 0.006999112505425414, 'gpp_d': 47.35384181058586, 'ign_k': 0.09256855841989636, 'ign_c': 7.832259769732471, 'trop_agb_crit': 1.8023542850487386, 'trop_k_veg': 0.5535297685306277, 'fire_amp': 4.2446263054164195}.
[I 2026-06-10 21:55:36,205] Trial 194 finished with values: [10.503972022096967, 10.503972022096967] and parameters: {'k1': 5.7909642338812115e-05, 'D_low': 2267.735223551285, 'k2': 0.0011239682517242113, 'D_high': 262.11304189124235, 'fire_exp': 1.1633452995374232, 'P_half': 12.262543158860007, 'pre_dampen_half': 9.044346216330972, 'gpp_af': 0.41874665092828456, 'gpp_b': 2.1309331861011757e-05, 'gpp_d': 0.1423472425072452, 'ign_k': 0.17320535908244444, 'ign_c': 0.4177928311636542, 'trop_agb_crit': 1.8023542850487386, 'trop_k_veg': 6.172643383211297, 'fire_amp': 2.042193818779288}.
[I 2026-06-10 21:55:37,999] Trial 195 finished with values: [10.649111196951102, 10.649111196951102] and parameters: {'k1': 5.7909642338812115e-05, 'D_low': 5.08290658294838, 'k2': 0.0002442377596403892, 'D_high': 8912.611835817017, 'fire_exp': 1.5315561686017187, 'P_half': 774.5825831079144, 'pre_dampen_half': 1.8469033699850426, 'gpp_af': 0.005061568304359487, 'gpp_b': 0.002416023630607169, 'gpp_d': 1.0088237648985734, 'ign_k': 0.17320535908244444, 'ign_c': 2.2882309479728957, 'trop_agb_crit': 18.081400596781233, 'trop_k_veg': 5.453348988480011, 'fire_amp': 3.1045399027418377}.
[I 2026-06-10 21:55:39,914] Trial 196 finished with values: [10.777506387057887, 10.777506387057887] and parameters: {'k1': 1.1281785190969807e-05, 'D_low': 15.0613200804335, 'k2': 5.153993511603138e-05, 'D_high': 69868.4759244566, 'fire_exp': 1.3807440352456883, 'P_half': 2.226799690893868, 'pre_dampen_half': 0.050654860639753524, 'gpp_af': 3.030008727251782, 'gpp_b': 0.010307896803108956, 'gpp_d': 1.336803341156552, 'ign_k': 0.001229921046579313, 'ign_c': 0.7619822175388142, 'trop_agb_crit': 2.0420012944047587, 'trop_k_veg': 6.030247256556128, 'fire_amp': 1.5873607039193782}.
[I 2026-06-10 21:55:41,848] Trial 197 finished with values: [10.532021048078688, 10.532021048078688] and parameters: {'k1': 0.00026539376439360527, 'D_low': 1074.940539517341, 'k2': 5.5686900831970225e-05, 'D_high': 29.126651668813768, 'fire_exp': 1.9783727454920947, 'P_half': 1.4551749476072258, 'pre_dampen_half': 30.456909077772018, 'gpp_af': 1.3954498518315706, 'gpp_b': 0.006999112505425414, 'gpp_d': 79.05373031352391, 'ign_k': 0.09256855841989636, 'ign_c': 7.832259769732471, 'trop_agb_crit': 1.8023542850487386, 'trop_k_veg': 1.6648666152166967, 'fire_amp': 4.2446263054164195}.
[I 2026-06-10 21:55:43,742] Trial 198 finished with values: [10.594713141864204, 10.594713141864204] and parameters: {'k1': 0.00031134168041628584, 'D_low': 12.105387404469584, 'k2': 0.0004976087827261435, 'D_high': 42210.21267871043, 'fire_exp': 1.0601964743503993, 'P_half': 93.43302657318476, 'pre_dampen_half': 0.011396414164620812, 'gpp_af': 1.9706963379095486, 'gpp_b': 1.4540386644083135e-05, 'gpp_d': 0.12878367369717508, 'ign_k': 0.0029519227433917453, 'ign_c': 48.704711413416454, 'trop_agb_crit': 12.647327018493208, 'trop_k_veg': 2.520089655463604, 'fire_amp': 4.19233232783727}.
[I 2026-06-10 21:55:45,667] Trial 199 finished with values: [10.533701942168129, 10.533701942168129] and parameters: {'k1': 0.00031134168041628584, 'D_low': 12.105387404469584, 'k2': 0.0004976087827261435, 'D_high': 22.636544662054543, 'fire_exp': 1.14171776851287, 'P_half': 69.68111190775313, 'pre_dampen_half': 1.6130673726933187, 'gpp_af': 27.448645214004376, 'gpp_b': 0.0012611058927054877, 'gpp_d': 28.312234265202243, 'ign_k': 0.00840038491455979, 'ign_c': 13.054148118849394, 'trop_agb_crit': 1.0693376406863295, 'trop_k_veg': 0.6673124511410327, 'fire_amp': 4.783836175730692}.
[I 2026-06-10 21:55:47,595] Trial 200 finished with values: [10.823693927210785, 10.823693927210785] and parameters: {'k1': 5.7909642338812115e-05, 'D_low': 37.13474360443033, 'k2': 0.018467059900514494, 'D_high': 570.8731724249576, 'fire_exp': 2.3820146568432237, 'P_half': 774.5825831079144, 'pre_dampen_half': 1.8469033699850426, 'gpp_af': 0.005061568304359487, 'gpp_b': 0.010382987724364481, 'gpp_d': 0.1448983619020909, 'ign_k': 0.17320535908244444, 'ign_c': 0.17036120617148395, 'trop_agb_crit': 6.351751286408562, 'trop_k_veg': 5.453348988480011, 'fire_amp': 3.1045399027418377}.
[I 2026-06-10 21:55:49,540] Trial 201 finished with values: [-0.46159266158301243, 0.17148468219993385] and parameters: {'k1': 0.012840669372724958, 'D_low': 12.105387404469584, 'k2': 0.003767022142229395, 'D_high': 42210.21267871043, 'fire_exp': 1.41873960828944, 'P_half': 4.213183643253957, 'pre_dampen_half': 16.009350908593582, 'gpp_af': 0.016306190741524337, 'gpp_b': 1.3415796596713932e-05, 'gpp_d': 700.6693992445935, 'ign_k': 0.0029519227433917453, 'ign_c': 1.9423015749984096, 'trop_agb_crit': 2.0527418919564324, 'trop_k_veg': 2.520089655463604, 'fire_amp': 1.2393473789150806}.
[I 2026-06-10 21:55:51,484] Trial 202 finished with values: [10.193562205139418, 10.193562205139418] and parameters: {'k1': 0.03648456083047798, 'D_low': 12.105387404469584, 'k2': 0.003767022142229395, 'D_high': 22.636544662054543, 'fire_exp': 1.0601964743503993, 'P_half': 69.68111190775313, 'pre_dampen_half': 33.71909132517384, 'gpp_af': 0.060029341913968644, 'gpp_b': 1.4540386644083135e-05, 'gpp_d': 1.4397852866783676, 'ign_k': 0.0032383308053152635, 'ign_c': 342.8810943862522, 'trop_agb_crit': 12.9667438075127, 'trop_k_veg': 2.99731137426955, 'fire_amp': 4.783836175730692}.
[I 2026-06-10 21:55:53,357] Trial 203 finished with values: [10.737683411675468, 10.737683411675468] and parameters: {'k1': 0.00031134168041628584, 'D_low': 1.7551403048208316, 'k2': 0.045914852167405346, 'D_high': 22.636544662054543, 'fire_exp': 1.41873960828944, 'P_half': 69.68111190775313, 'pre_dampen_half': 16.009350908593582, 'gpp_af': 0.008117091133892173, 'gpp_b': 1.4540386644083135e-05, 'gpp_d': 12.338826503601998, 'ign_k': 0.00840038491455979, 'ign_c': 7.081721844034206, 'trop_agb_crit': 12.708819454040446, 'trop_k_veg': 0.5535297685306277, 'fire_amp': 1.5719333351012774}.
[I 2026-06-10 21:55:55,335] Trial 204 finished with values: [10.755253761108996, 10.755253761108996] and parameters: {'k1': 0.00031134168041628584, 'D_low': 1440.3650379563878, 'k2': 0.003767022142229395, 'D_high': 431.45617043093523, 'fire_exp': 1.0601964743503993, 'P_half': 157.80309954142965, 'pre_dampen_half': 435.2726865811943, 'gpp_af': 94.30595410350193, 'gpp_b': 1.4540386644083135e-05, 'gpp_d': 0.12878367369717508, 'ign_k': 0.00840038491455979, 'ign_c': 48.704711413416454, 'trop_agb_crit': 1.0693376406863295, 'trop_k_veg': 0.8097682578073301, 'fire_amp': 5.606809127618709}.
[I 2026-06-10 21:55:57,385] Trial 205 finished with values: [10.814185447456948, 10.814185447456948] and parameters: {'k1': 0.00026539376439360527, 'D_low': 12.105387404469584, 'k2': 0.003767022142229395, 'D_high': 24.9899605789089, 'fire_exp': 1.111738490499784, 'P_half': 8.318314747941244, 'pre_dampen_half': 0.011396414164620812, 'gpp_af': 37.28155624293858, 'gpp_b': 0.002416023630607169, 'gpp_d': 21.899070557043984, 'ign_k': 0.03845635122720663, 'ign_c': 48.704711413416454, 'trop_agb_crit': 1.5033346993841157, 'trop_k_veg': 1.6648666152166967, 'fire_amp': 3.890668402773863}.
[I 2026-06-10 21:55:59,235] Trial 206 finished with values: [11.080531416973983, 11.080531416973983] and parameters: {'k1': 0.03648456083047798, 'D_low': 12.172958098369968, 'k2': 0.0004976087827261435, 'D_high': 267.3088310781672, 'fire_exp': 1.14171776851287, 'P_half': 2.226799690893868, 'pre_dampen_half': 1.6130673726933187, 'gpp_af': 27.448645214004376, 'gpp_b': 2.800940363375676e-05, 'gpp_d': 236.32429088389833, 'ign_k': 0.8945150807271531, 'ign_c': 16.497426799845446, 'trop_agb_crit': 12.9667438075127, 'trop_k_veg': 3.4439936249445045, 'fire_amp': 5.606809127618709}.
[I 2026-06-10 21:56:01,001] Trial 207 finished with values: [10.593526898452964, 10.593526898452964] and parameters: {'k1': 5.7909642338812115e-05, 'D_low': 12.105387404469584, 'k2': 0.0002442377596403892, 'D_high': 8912.611835817017, 'fire_exp': 1.0601964743503993, 'P_half': 774.5825831079144, 'pre_dampen_half': 0.058813839452486964, 'gpp_af': 0.005061568304359487, 'gpp_b': 1.4540386644083135e-05, 'gpp_d': 0.12878367369717508, 'ign_k': 0.17320535908244444, 'ign_c': 7.081721844034206, 'trop_agb_crit': 1.0693376406863295, 'trop_k_veg': 6.825463866194253, 'fire_amp': 3.1045399027418377}.
[I 2026-06-10 21:56:02,622] Trial 208 finished with values: [10.30278317242023, 10.30278317242023] and parameters: {'k1': 0.00031134168041628584, 'D_low': 12.105387404469584, 'k2': 0.003767022142229395, 'D_high': 18337.177967709995, 'fire_exp': 1.0601964743503993, 'P_half': 4.213183643253957, 'pre_dampen_half': 0.13249602803264168, 'gpp_af': 0.0662749342026412, 'gpp_b': 1.4540386644083135e-05, 'gpp_d': 28.312234265202243, 'ign_k': 0.00840038491455979, 'ign_c': 48.704711413416454, 'trop_agb_crit': 1.0693376406863295, 'trop_k_veg': 0.6673124511410327, 'fire_amp': 4.19233232783727}.
[I 2026-06-10 21:56:04,499] Trial 209 finished with values: [10.538940229855337, 10.538940229855337] and parameters: {'k1': 5.7909642338812115e-05, 'D_low': 24.28756508761176, 'k2': 7.857247967427128e-05, 'D_high': 42.242359735170886, 'fire_exp': 1.1633452995374232, 'P_half': 7.914423612155368, 'pre_dampen_half': 1.8469033699850426, 'gpp_af': 0.41874665092828456, 'gpp_b': 0.01666658176842624, 'gpp_d': 594.7389794988394, 'ign_k': 0.17320535908244444, 'ign_c': 16.497426799845446, 'trop_agb_crit': 1.8566494291193822, 'trop_k_veg': 1.6003641872536711, 'fire_amp': 3.1045399027418377}.
[I 2026-06-10 21:56:06,600] Trial 210 finished with values: [10.739251474159545, 10.739251474159545] and parameters: {'k1': 0.012840669372724958, 'D_low': 148.21691630007544, 'k2': 0.0001016707987819611, 'D_high': 570.8731724249576, 'fire_exp': 2.3820146568432237, 'P_half': 70.91190338709636, 'pre_dampen_half': 8.259599205585761, 'gpp_af': 0.04513257622008944, 'gpp_b': 2.176805640408474e-05, 'gpp_d': 545.0253444559129, 'ign_k': 0.01998634077852888, 'ign_c': 0.4177928311636542, 'trop_agb_crit': 5.588032458772675, 'trop_k_veg': 5.85168037586392, 'fire_amp': 2.330529660087218}.
[I 2026-06-10 21:56:08,870] Trial 211 finished with values: [-0.2141770463290414, 0.08611581254992073] and parameters: {'k1': 5.7909642338812115e-05, 'D_low': 408.3047491580097, 'k2': 0.0002442377596403892, 'D_high': 1266.9536563782303, 'fire_exp': 1.5315561686017187, 'P_half': 1.4551749476072258, 'pre_dampen_half': 189.36639872354493, 'gpp_af': 0.9219336658511308, 'gpp_b': 5.0875243087016374e-05, 'gpp_d': 7.631016235941559, 'ign_k': 0.09256855841989636, 'ign_c': 7.832259769732471, 'trop_agb_crit': 18.081400596781233, 'trop_k_veg': 5.453348988480011, 'fire_amp': 1.4475279918261055}.
[I 2026-06-10 21:56:10,658] Trial 212 finished with values: [10.833034237475816, 10.833034237475816] and parameters: {'k1': 0.012840669372724958, 'D_low': 2267.735223551285, 'k2': 0.002090955698118952, 'D_high': 949.9072859745386, 'fire_exp': 1.14171776851287, 'P_half': 93.43302657318476, 'pre_dampen_half': 0.011396414164620812, 'gpp_af': 0.09885838682552685, 'gpp_b': 2.176805640408474e-05, 'gpp_d': 0.03927259340973166, 'ign_k': 1.6270983114897255, 'ign_c': 0.10435856341129002, 'trop_agb_crit': 8.188098178380693, 'trop_k_veg': 0.6618107836658104, 'fire_amp': 2.6192385880432525}.
[I 2026-06-10 21:56:12,494] Trial 213 finished with values: [10.12701029238357, 10.12701029238357] and parameters: {'k1': 0.012840669372724958, 'D_low': 148.21691630007544, 'k2': 0.02065142557895925, 'D_high': 42210.21267871043, 'fire_exp': 1.2344878997299724, 'P_half': 61.6097529474144, 'pre_dampen_half': 4.603480758878793, 'gpp_af': 0.10098504976210308, 'gpp_b': 2.800940363375676e-05, 'gpp_d': 0.7698760608299932, 'ign_k': 0.002357279455676982, 'ign_c': 1.9423015749984096, 'trop_agb_crit': 1.2489332852689512, 'trop_k_veg': 2.520089655463604, 'fire_amp': 1.5180207449214471}.
[I 2026-06-10 21:56:14,317] Trial 214 finished with values: [10.604863404564114, 10.604863404564114] and parameters: {'k1': 0.00026539376439360527, 'D_low': 2186.356344942016, 'k2': 0.08661811390647982, 'D_high': 1266.9536563782303, 'fire_exp': 1.111738490499784, 'P_half': 1.4551749476072258, 'pre_dampen_half': 8.259599205585761, 'gpp_af': 0.10098504976210308, 'gpp_b': 0.004411400434514031, 'gpp_d': 0.39400557434451433, 'ign_k': 0.17320535908244444, 'ign_c': 7.832259769732471, 'trop_agb_crit': 1.8566494291193822, 'trop_k_veg': 1.6648666152166967, 'fire_amp': 5.44779717154213}.
[I 2026-06-10 21:56:16,242] Trial 215 finished with values: [10.833326022061117, 10.833326022061117] and parameters: {'k1': 0.00031134168041628584, 'D_low': 12.105387404469584, 'k2': 0.003767022142229395, 'D_high': 2427.054417940131, 'fire_exp': 7.541554304668537, 'P_half': 8.318314747941244, 'pre_dampen_half': 0.011396414164620812, 'gpp_af': 1.9706963379095486, 'gpp_b': 1.1008110571039521e-05, 'gpp_d': 0.21281400894533783, 'ign_k': 0.003296550135838091, 'ign_c': 48.704711413416454, 'trop_agb_crit': 1.0693376406863295, 'trop_k_veg': 0.6673124511410327, 'fire_amp': 4.19233232783727}.
[I 2026-06-10 21:56:17,934] Trial 216 finished with values: [10.705234870165958, 10.705234870165958] and parameters: {'k1': 6.784924519083143e-05, 'D_low': 1.2768174677433957, 'k2': 0.0011135501184757278, 'D_high': 42210.21267871043, 'fire_exp': 1.2918065501148304, 'P_half': 61.6097529474144, 'pre_dampen_half': 231.59500020699807, 'gpp_af': 27.78052183438328, 'gpp_b': 0.0003601974223479835, 'gpp_d': 0.7698760608299932, 'ign_k': 0.22970993031159073, 'ign_c': 39.52220881906114, 'trop_agb_crit': 2.0527418919564324, 'trop_k_veg': 2.520089655463604, 'fire_amp': 3.713485315741754}.
[I 2026-06-10 21:56:19,787] Trial 217 finished with values: [10.833333333029685, 10.833333333029685] and parameters: {'k1': 0.00035868164986275477, 'D_low': 2.843767489444367, 'k2': 3.152468275632564e-05, 'D_high': 267.3088310781672, 'fire_exp': 1.9095652801045373, 'P_half': 148.17820606039086, 'pre_dampen_half': 11.669626228257902, 'gpp_af': 0.09885838682552685, 'gpp_b': 2.800940363375676e-05, 'gpp_d': 0.4742269251269962, 'ign_k': 1.6270983114897255, 'ign_c': 664.6698709242512, 'trop_agb_crit': 4.140875693557523, 'trop_k_veg': 1.508040082046931, 'fire_amp': 2.6192385880432525}.
[I 2026-06-10 21:56:21,728] Trial 218 finished with values: [10.833333333029685, 10.833333333029685] and parameters: {'k1': 0.006079905434073396, 'D_low': 2808.7330790064375, 'k2': 0.08661811390647982, 'D_high': 24.9899605789089, 'fire_exp': 1.1633452995374232, 'P_half': 157.3644610977214, 'pre_dampen_half': 1.8469033699850426, 'gpp_af': 37.28155624293858, 'gpp_b': 0.7196087713577951, 'gpp_d': 594.7389794988394, 'ign_k': 0.8945150807271531, 'ign_c': 16.497426799845446, 'trop_agb_crit': 21.086120736447015, 'trop_k_veg': 0.5183533149347164, 'fire_amp': 1.4475279918261055}.
[I 2026-06-10 21:56:23,545] Trial 219 finished with values: [10.490728936139316, 10.490728936139316] and parameters: {'k1': 0.006079905434073396, 'D_low': 1.7551403048208316, 'k2': 0.0001280886335404798, 'D_high': 32311.521854410956, 'fire_exp': 1.7792742686803427, 'P_half': 157.3644610977214, 'pre_dampen_half': 121.93011993958949, 'gpp_af': 1.9998014714101113, 'gpp_b': 0.00047819318414852577, 'gpp_d': 0.1619054449471649, 'ign_k': 0.002357279455676982, 'ign_c': 7.081721844034206, 'trop_agb_crit': 8.0091368834625, 'trop_k_veg': 1.6003641872536711, 'fire_amp': 1.5587346124822492}.
[I 2026-06-10 21:56:25,365] Trial 220 finished with values: [10.334066544691915, 10.334066544691915] and parameters: {'k1': 0.012840669372724958, 'D_low': 1.2768174677433957, 'k2': 0.0004976087827261435, 'D_high': 42210.21267871043, 'fire_exp': 1.2918065501148304, 'P_half': 61.6097529474144, 'pre_dampen_half': 4.603480758878793, 'gpp_af': 0.016306190741524337, 'gpp_b': 0.0004125336560355494, 'gpp_d': 0.7698760608299932, 'ign_k': 0.0029519227433917453, 'ign_c': 1.9423015749984096, 'trop_agb_crit': 2.0527418919564324, 'trop_k_veg': 2.520089655463604, 'fire_amp': 1.2393473789150806}.
[I 2026-06-10 21:56:27,172] Trial 221 finished with values: [10.799896409246635, 10.799896409246635] and parameters: {'k1': 0.00026539376439360527, 'D_low': 171.2446447678494, 'k2': 0.0004976087827261435, 'D_high': 431.45617043093523, 'fire_exp': 1.111738490499784, 'P_half': 93.43302657318476, 'pre_dampen_half': 189.36639872354493, 'gpp_af': 3.298293484806585, 'gpp_b': 0.006999112505425414, 'gpp_d': 0.12878367369717508, 'ign_k': 0.09256855841989636, 'ign_c': 48.704711413416454, 'trop_agb_crit': 1.8023542850487386, 'trop_k_veg': 1.6648666152166967, 'fire_amp': 2.042193818779288}.
[I 2026-06-10 21:56:29,044] Trial 222 finished with values: [11.044875868449605, 11.044875868449605] and parameters: {'k1': 0.004177995063991521, 'D_low': 2.843767489444367, 'k2': 1.1417577140741129e-05, 'D_high': 29.126651668813768, 'fire_exp': 1.9783727454920947, 'P_half': 1.4551749476072258, 'pre_dampen_half': 123.04779330083686, 'gpp_af': 20.12115544906385, 'gpp_b': 0.015062722325200045, 'gpp_d': 47.35384181058586, 'ign_k': 0.15974581244256694, 'ign_c': 7.832259769732471, 'trop_agb_crit': 24.199763404822136, 'trop_k_veg': 1.2749676887479542, 'fire_amp': 5.416595007374148}.
[I 2026-06-10 21:56:31,017] Trial 223 finished with values: [10.729289420428325, 10.729289420428325] and parameters: {'k1': 5.7909642338812115e-05, 'D_low': 171.2446447678494, 'k2': 0.00037358626308127543, 'D_high': 36998.679204890876, 'fire_exp': 1.305777134899723, 'P_half': 2834.090429514774, 'pre_dampen_half': 1.8469033699850426, 'gpp_af': 0.04513257622008944, 'gpp_b': 2.176805640408474e-05, 'gpp_d': 0.3588488911386258, 'ign_k': 0.01998634077852888, 'ign_c': 0.4177928311636542, 'trop_agb_crit': 8.74479618932312, 'trop_k_veg': 0.6363741063482814, 'fire_amp': 2.330529660087218}.
