[I 2026-08-20 00:06:36,880] Trial 128 finished with value: 0.5874211619858714 and parameters: {'k1': 0.001596446982154021, 'D_low': 2.5695261557766766, 'k2': 0.00039567753505883446, 'D_high': 14347.151365197857, 'fire_exp': 1.6276555690318764, 'P_half': 2316.552581952776, 'pre_dampen_half': 87.08480078196668, 'gpp_af': 0.006323020754695694, 'gpp_b': 8.607004053969171e-05, 'gpp_d': 381.9555308574271, 'ign_k': 0.023406281057440206, 'ign_c': 10.356077571121324, 'trop_agb_crit': 27.39288839308127, 'trop_k_veg': 1.0812700494979695, 'pop_amp': 0.027121162626013093, 'pop_peak': 7.759033854196232, 'pop_sig': 1.858161960107297}. Best is trial 0 with value: -0.6002194417466498.
[I 2026-08-20 00:06:39,743] Trial 129 finished with value: 0.5280726720329121 and parameters: {'k1': 0.01924893229441605, 'D_low': 118.60103895569588, 'k2': 0.0003878657575302801, 'D_high': 106735.06952320723, 'fire_exp': 1.2129162081004763, 'P_half': 58.20833673425402, 'pre_dampen_half': 1.2210180815466092, 'gpp_af': 0.055785944449966235, 'gpp_b': 0.0003503457587286978, 'gpp_d': 12.229923956641898, 'ign_k': 0.004417181015914711, 'ign_c': 62.05793670422222, 'trop_agb_crit': 21.456085844515343, 'trop_k_veg': 0.746030005798299, 'pop_amp': 0.009810344698049402, 'pop_peak': 321.9543417033157, 'pop_sig': 1.8346678443799012}. Best is trial 0 with value: -0.6002194417466498.
[I 2026-08-20 00:06:42,494] Trial 130 finished with value: 0.5003499041607375 and parameters: {'k1': 0.05462035863169218, 'D_low': 3.632109521572005, 'k2': 0.0013964284574846336, 'D_high': 456317.6223582186, 'fire_exp': 1.3225874521961267, 'P_half': 214.74155730095177, 'pre_dampen_half': 1.0020271271669687, 'gpp_af': 18.202669822578542, 'gpp_b': 0.0012210488232574893, 'gpp_d': 418.19739478177445, 'ign_k': 0.032616190511497806, 'ign_c': 6.714325775187711, 'trop_agb_crit': 2.0163925204274626, 'trop_k_veg': 0.8081448757120571, 'pop_amp': 0.3766065456878583, 'pop_peak': 0.8684366917504678, 'pop_sig': 0.7510014342115492}. Best is trial 0 with value: -0.6002194417466498.
[I 2026-08-20 00:06:45,236] Trial 131 finished with value: 0.5306665275851496 and parameters: {'k1': 0.0002563916484983282, 'D_low': 69.04177092192239, 'k2': 0.0005752110066864959, 'D_high': 7032275.181587321, 'fire_exp': 1.0459080647473422, 'P_half': 44.73508620894199, 'pre_dampen_half': 0.26900254652952243, 'gpp_af': 0.39341091744437207, 'gpp_b': 0.0009569465063743324, 'gpp_d': 3.50776773715165, 'ign_k': 0.2634793590372599, 'ign_c': 26.91755821176875, 'trop_agb_crit': 19.752347477209334, 'trop_k_veg': 0.8763418937479988, 'pop_amp': 0.0010145081942957363, 'pop_peak': 25.125564567868036, 'pop_sig': 0.9910134225039782}. Best is trial 0 with value: -0.6002194417466498.
[I 2026-08-20 00:06:48,117] Trial 132 finished with value: 0.5802420062124776 and parameters: {'k1': 0.0004343023631611975, 'D_low': 7.394263047145918, 'k2': 0.005829007001007344, 'D_high': 100240.87941476546, 'fire_exp': 2.1040536439904796, 'P_half': 772.7485697965247, 'pre_dampen_half': 1.089212605381091, 'gpp_af': 6.957244837144477, 'gpp_b': 8.860287196448432e-05, 'gpp_d': 506.4651023518585, 'ign_k': 0.0038500974277853963, 'ign_c': 2.0453029114146, 'trop_agb_crit': 4.099581912090132, 'trop_k_veg': 0.5359738502957017, 'pop_amp': 0.6927563747399503, 'pop_peak': 31.243528507437823, 'pop_sig': 1.7866155519686553}. Best is trial 0 with value: -0.6002194417466498.
[I 2026-08-20 00:06:50,996] Trial 133 finished with value: 0.4132970324379548 and parameters: {'k1': 0.0005522098783767342, 'D_low': 327.89772650756936, 'k2': 0.003717103420209343, 'D_high': 816061.7313638593, 'fire_exp': 1.3381835602793297, 'P_half': 89.81396457840754, 'pre_dampen_half': 12.300465130090716, 'gpp_af': 0.002801888016338136, 'gpp_b': 2.2004752951043296e-05, 'gpp_d': 7.787769619676471, 'ign_k': 0.045917358203685935, 'ign_c': 1.702870820187402, 'trop_agb_crit': 8.41149057240281, 'trop_k_veg': 1.1660316556967951, 'pop_amp': 0.02727526326876504, 'pop_peak': 25.750141923715297, 'pop_sig': 0.6489802928564741}. Best is trial 0 with value: -0.6002194417466498.
[I 2026-08-20 00:06:53,890] Trial 134 finished with value: -0.4803582516839807 and parameters: {'k1': 0.0008120177651541189, 'D_low': 17.27389575551806, 'k2': 0.00010093659580586425, 'D_high': 1938666.1692162156, 'fire_exp': 1.8367300532099144, 'P_half': 26.86042965199754, 'pre_dampen_half': 33.698335324061254, 'gpp_af': 0.042777611148108054, 'gpp_b': 1.071912521620171e-05, 'gpp_d': 53.006220717401916, 'ign_k': 0.006935325082765736, 'ign_c': 68.69410933583471, 'trop_agb_crit': 10.872518298103154, 'trop_k_veg': 0.839420251537503, 'pop_amp': 0.02658316899080089, 'pop_peak': 58.83281413042266, 'pop_sig': 1.6109919664630188}. Best is trial 0 with value: -0.6002194417466498.
[I 2026-08-20 00:06:56,742] Trial 135 finished with value: 0.4673562863192908 and parameters: {'k1': 0.0003280350790143564, 'D_low': 7.2335305480908305, 'k2': 0.0005262944125734491, 'D_high': 6741672.052965183, 'fire_exp': 1.7145118791345728, 'P_half': 8.127251010983153, 'pre_dampen_half': 188.33298497291273, 'gpp_af': 0.013924182640198336, 'gpp_b': 4.8763744719007714e-05, 'gpp_d': 2.2701488693323553, 'ign_k': 0.007275042776334207, 'ign_c': 25.43766042233787, 'trop_agb_crit': 26.381668641244563, 'trop_k_veg': 1.359610930083315, 'pop_amp': 0.040392743631504836, 'pop_peak': 15.624745408537903, 'pop_sig': 1.5322848988305906}. Best is trial 0 with value: -0.6002194417466498.
[I 2026-08-20 00:06:59,801] Trial 136 finished with value: 0.5499149017062139 and parameters: {'k1': 0.005152174592731489, 'D_low': 313.3087782556168, 'k2': 2.481852785554537e-05, 'D_high': 3540471.178494798, 'fire_exp': 2.708729147830135, 'P_half': 124.32744245967199, 'pre_dampen_half': 427.9428130500668, 'gpp_af': 0.02724740150600713, 'gpp_b': 1.7632609150265145e-05, 'gpp_d': 59.32553220561642, 'ign_k': 0.004191465781603644, 'ign_c': 7.314739343043188, 'trop_agb_crit': 12.006740004021049, 'trop_k_veg': 0.8661309104832867, 'pop_amp': 0.012841378545833409, 'pop_peak': 194.37967079847138, 'pop_sig': 2.024480597797525}. Best is trial 0 with value: -0.6002194417466498.
[I 2026-08-20 00:07:03,204] Trial 137 finished with value: 0.5943855181915574 and parameters: {'k1': 0.0004624833095206653, 'D_low': 3.824872432733531, 'k2': 3.9478228915407406e-05, 'D_high': 9227513.14426713, 'fire_exp': 1.2244221718497195, 'P_half': 621.9929899114638, 'pre_dampen_half': 91.01345877851821, 'gpp_af': 0.09943849446816456, 'gpp_b': 0.0002731069393657771, 'gpp_d': 22.037867230358867, 'ign_k': 0.01951281042034275, 'ign_c': 666.9657174211626, 'trop_agb_crit': 13.386693264407983, 'trop_k_veg': 0.6322540673341867, 'pop_amp': 0.054816280107396996, 'pop_peak': 613.9996826520348, 'pop_sig': 1.8288617054140963}. Best is trial 0 with value: -0.6002194417466498.
[I 2026-08-20 00:07:06,238] Trial 138 finished with value: 0.6226821934357756 and parameters: {'k1': 0.00019724331702789717, 'D_low': 51.527499459012574, 'k2': 0.008378753489051883, 'D_high': 2788.662798413376, 'fire_exp': 1.5665089667187653, 'P_half': 126.14940664373634, 'pre_dampen_half': 189.56772006475126, 'gpp_af': 21.42207180476373, 'gpp_b': 9.033344273693947e-05, 'gpp_d': 0.8533092504751189, 'ign_k': 0.03501770251693147, 'ign_c': 3.9575616921359376, 'trop_agb_crit': 8.191756232442728, 'trop_k_veg': 0.6670947004317035, 'pop_amp': 4.272569417380565, 'pop_peak': 54.1582260628791, 'pop_sig': 0.9098682291229897}. Best is trial 0 with value: -0.6002194417466498.
[I 2026-08-20 00:07:09,291] Trial 139 finished with value: -0.4569159591008959 and parameters: {'k1': 4.7726988141932594e-05, 'D_low': 2918.9362371124917, 'k2': 0.009423483733801448, 'D_high': 21409.895212237963, 'fire_exp': 1.1130308535429834, 'P_half': 25.248570887796642, 'pre_dampen_half': 3.4289373093956153, 'gpp_af': 0.0011790031929149968, 'gpp_b': 1.4100177823624046e-05, 'gpp_d': 162.96668984517126, 'ign_k': 0.0035110108144353813, 'ign_c': 0.5690225396368518, 'trop_agb_crit': 8.741997416157323, 'trop_k_veg': 0.6045477697961774, 'pop_amp': 0.43938716121206506, 'pop_peak': 20.49862716130312, 'pop_sig': 0.7092330497018784}. Best is trial 0 with value: -0.6002194417466498.
[I 2026-08-20 00:07:12,264] Trial 140 finished with value: 0.4356293210923802 and parameters: {'k1': 2.0658718837766995e-05, 'D_low': 550.5504439271764, 'k2': 0.003023546366446217, 'D_high': 356433.2439912067, 'fire_exp': 1.0863281534607172, 'P_half': 20.024533775782352, 'pre_dampen_half': 6.889161788903621, 'gpp_af': 0.0014402820642027518, 'gpp_b': 2.6164100793686744e-05, 'gpp_d': 620.3100003880811, 'ign_k': 0.0028284304829831694, 'ign_c': 0.7290166226281097, 'trop_agb_crit': 5.2451369091677815, 'trop_k_veg': 1.0004559616737176, 'pop_amp': 1.8118119687714516, 'pop_peak': 101.63788015399358, 'pop_sig': 0.565741334642866}. Best is trial 0 with value: -0.6002194417466498.
[I 2026-08-20 00:07:15,329] Trial 141 finished with value: 0.4728890784741303 and parameters: {'k1': 0.0783781688837458, 'D_low': 32.94404638927516, 'k2': 2.628009703414195e-05, 'D_high': 2595847.9443863467, 'fire_exp': 1.2783827349416144, 'P_half': 97.70132808179893, 'pre_dampen_half': 3.3267114794241985, 'gpp_af': 37.9716742268117, 'gpp_b': 0.0008829877208411229, 'gpp_d': 153.366436932769, 'ign_k': 0.05797661261152012, 'ign_c': 1.2999954599235515, 'trop_agb_crit': 2.9900124045390117, 'trop_k_veg': 0.5680079417212888, 'pop_amp': 1.6656433307717013, 'pop_peak': 10.1358933370003, 'pop_sig': 1.7695966169481756}. Best is trial 0 with value: -0.6002194417466498.
[I 2026-08-20 00:07:18,320] Trial 142 finished with value: 0.5784613621197476 and parameters: {'k1': 0.0012361453387404382, 'D_low': 124.96620757302848, 'k2': 0.0010539860416253564, 'D_high': 343887.8614728831, 'fire_exp': 2.4604443429754226, 'P_half': 1223.164769883095, 'pre_dampen_half': 3.2125906681287497, 'gpp_af': 0.012671317770588306, 'gpp_b': 1.6312598277043296e-05, 'gpp_d': 43.83932962895375, 'ign_k': 0.02072981572812193, 'ign_c': 1.3592929574607209, 'trop_agb_crit': 11.375946708730016, 'trop_k_veg': 2.638769356192753, 'pop_amp': 0.0047984217587924705, 'pop_peak': 201.09157655979686, 'pop_sig': 0.3139413326867468}. Best is trial 0 with value: -0.6002194417466498.
[I 2026-08-20 00:07:21,412] Trial 143 finished with value: 0.6008141565187958 and parameters: {'k1': 0.0004768834127359888, 'D_low': 39164.33930649593, 'k2': 0.006240685252585748, 'D_high': 362274.27276726696, 'fire_exp': 1.890888255124394, 'P_half': 6.9236443533334215, 'pre_dampen_half': 2.2093362929087, 'gpp_af': 0.002672964558018822, 'gpp_b': 5.023486511709724e-05, 'gpp_d': 0.41780534230238986, 'ign_k': 0.0241953606873864, 'ign_c': 296.52160990319186, 'trop_agb_crit': 3.9461900283380102, 'trop_k_veg': 1.5779809690676387, 'pop_amp': 0.0011231990114089364, 'pop_peak': 0.9245478803611329, 'pop_sig': 0.2987193644484941}. Best is trial 0 with value: -0.6002194417466498.
[I 2026-08-20 00:07:24,518] Trial 144 finished with value: 0.591896762579397 and parameters: {'k1': 2.2247024590238925e-05, 'D_low': 2997.453357400774, 'k2': 0.020251971008016553, 'D_high': 11122.659447680671, 'fire_exp': 1.0225687496398916, 'P_half': 65.81366723907502, 'pre_dampen_half': 3.721340746865482, 'gpp_af': 0.0025764987271673988, 'gpp_b': 0.003941421203510066, 'gpp_d': 27.842707579906037, 'ign_k': 0.010124023700972396, 'ign_c': 0.27455712913534736, 'trop_agb_crit': 2.550249745506483, 'trop_k_veg': 1.5423906718384535, 'pop_amp': 0.06334986267619531, 'pop_peak': 1.1324989963565226, 'pop_sig': 0.7573960617175566}. Best is trial 0 with value: -0.6002194417466498.
[I 2026-08-20 00:07:27,566] Trial 145 finished with value: 0.5078087502862064 and parameters: {'k1': 0.0002110132788421062, 'D_low': 1547.160168190636, 'k2': 0.020127263100597058, 'D_high': 229612.69744706404, 'fire_exp': 1.0814638668937127, 'P_half': 4.733982919369475, 'pre_dampen_half': 1.731160574899918, 'gpp_af': 0.0010851558870012452, 'gpp_b': 0.00010956725498314022, 'gpp_d': 4.8257471674231605, 'ign_k': 0.010220681140260618, 'ign_c': 9.971919280028912, 'trop_agb_crit': 3.0284340321530316, 'trop_k_veg': 3.6232850865200175, 'pop_amp': 0.0010574729925967104, 'pop_peak': 0.13209380548264116, 'pop_sig': 0.6056457550793604}. Best is trial 0 with value: -0.6002194417466498.
[I 2026-08-20 00:07:30,771] Trial 146 finished with value: 0.5779716942687159 and parameters: {'k1': 0.0004715012978637487, 'D_low': 2.951220298343017, 'k2': 0.0007333872157868028, 'D_high': 186581.3519902946, 'fire_exp': 2.6421572271651965, 'P_half': 53.98322198227544, 'pre_dampen_half': 10.144151919140098, 'gpp_af': 0.001344658895987591, 'gpp_b': 0.00013318955926543147, 'gpp_d': 251.13765629979983, 'ign_k': 0.002999588151398882, 'ign_c': 11.230723961984276, 'trop_agb_crit': 10.044019846893704, 'trop_k_veg': 0.5917838565470395, 'pop_amp': 0.042224614531550415, 'pop_peak': 501.42700499093024, 'pop_sig': 1.6747832042806585}. Best is trial 0 with value: -0.6002194417466498.
[I 2026-08-20 00:07:33,908] Trial 147 finished with value: 0.5705246766283615 and parameters: {'k1': 3.368464691739794e-05, 'D_low': 51631.68882286996, 'k2': 0.016991657182035675, 'D_high': 40611.152639984255, 'fire_exp': 1.1988474115379135, 'P_half': 6.323594273294986, 'pre_dampen_half': 0.13817015163691104, 'gpp_af': 0.002527566022345041, 'gpp_b': 3.7245802827235206e-05, 'gpp_d': 69.83218803928395, 'ign_k': 0.028924353661308487, 'ign_c': 0.340452892856086, 'trop_agb_crit': 19.739136826836212, 'trop_k_veg': 1.2303312384559086, 'pop_amp': 2.8403254962658013, 'pop_peak': 3.1431048621951425, 'pop_sig': 1.2191583804511044}. Best is trial 0 with value: -0.6002194417466498.
[I 2026-08-20 00:07:37,080] Trial 148 finished with value: 0.47447020595880285 and parameters: {'k1': 0.03453382353028029, 'D_low': 2.6123174228082533, 'k2': 0.011459069744680625, 'D_high': 1913070.3686580746, 'fire_exp': 1.4991742372581713, 'P_half': 3.049063676731824, 'pre_dampen_half': 3.4528471185023584, 'gpp_af': 0.16121752124143263, 'gpp_b': 6.468753150258928e-05, 'gpp_d': 485.0411256392878, 'ign_k': 0.009614920895940115, 'ign_c': 0.19863975966231504, 'trop_agb_crit': 7.552260802885886, 'trop_k_veg': 0.5547704469611947, 'pop_amp': 0.10440808073989748, 'pop_peak': 27.49205350866196, 'pop_sig': 1.0186512600286386}. Best is trial 0 with value: -0.6002194417466498.
[I 2026-08-20 00:07:40,214] Trial 149 finished with value: 0.5508993654015447 and parameters: {'k1': 0.0025999387439436953, 'D_low': 1.2726559246122768, 'k2': 1.1106718937011308e-05, 'D_high': 84024.69256264379, 'fire_exp': 1.368675028473537, 'P_half': 13.366132829944386, 'pre_dampen_half': 3.484843037055597, 'gpp_af': 0.4384636304728429, 'gpp_b': 0.0010391983105373904, 'gpp_d': 739.30274303794, 'ign_k': 0.0036676381375340163, 'ign_c': 33.188032316527256, 'trop_agb_crit': 5.857513226969108, 'trop_k_veg': 1.1270504043058396, 'pop_amp': 0.0031641893347652866, 'pop_peak': 15.207150552808002, 'pop_sig': 1.2052729891021052}. Best is trial 0 with value: -0.6002194417466498.
[I 2026-08-20 00:07:43,514] Trial 150 finished with value: 0.6445374145881376 and parameters: {'k1': 0.0010873601945849039, 'D_low': 61089.56884910972, 'k2': 0.013586020050484428, 'D_high': 71.71497097767312, 'fire_exp': 2.1125323380545176, 'P_half': 15.743239449631826, 'pre_dampen_half': 3.6303987663263353, 'gpp_af': 0.001139120771825973, 'gpp_b': 2.5956050490750446e-05, 'gpp_d': 20.000316979047025, 'ign_k': 0.0014205590114421181, 'ign_c': 0.260149958003857, 'trop_agb_crit': 6.090472076677393, 'trop_k_veg': 0.789367924423911, 'pop_amp': 1.8054426223085773, 'pop_peak': 56.564049886267995, 'pop_sig': 0.927049206200884}. Best is trial 0 with value: -0.6002194417466498.
[I 2026-08-20 00:07:46,669] Trial 151 finished with value: 0.5961258740174364 and parameters: {'k1': 0.0012359932116195213, 'D_low': 2129.0471557059136, 'k2': 0.025350515648208238, 'D_high': 5117.744372326983, 'fire_exp': 1.34158272345511, 'P_half': 33.532291677782275, 'pre_dampen_half': 2.8326456047008044, 'gpp_af': 0.0029236105914438714, 'gpp_b': 3.944115810301752e-05, 'gpp_d': 587.3532327253245, 'ign_k': 0.032905175956079405, 'ign_c': 0.41270420097894056, 'trop_agb_crit': 8.276416663853933, 'trop_k_veg': 0.5789171296771488, 'pop_amp': 0.027813889302983594, 'pop_peak': 10.063694451826107, 'pop_sig': 0.6070346475734195}. Best is trial 0 with value: -0.6002194417466498.
[I 2026-08-20 00:07:49,760] Trial 152 finished with value: 0.5310114615257384 and parameters: {'k1': 5.076763290677195e-05, 'D_low': 394.11765846731095, 'k2': 0.0014128958985254994, 'D_high': 6769182.974980512, 'fire_exp': 1.4257861976004709, 'P_half': 441.81452812977426, 'pre_dampen_half': 46.894672902465544, 'gpp_af': 0.0033593058220769264, 'gpp_b': 4.152971274714256e-05, 'gpp_d': 8.367320850491783, 'ign_k': 0.006099262109576138, 'ign_c': 22.48205024105785, 'trop_agb_crit': 4.536730378114959, 'trop_k_veg': 1.0125461845097805, 'pop_amp': 0.09902294423143378, 'pop_peak': 33.04496212426751, 'pop_sig': 0.8835015739033703}. Best is trial 0 with value: -0.6002194417466498.
[I 2026-08-20 00:07:52,849] Trial 153 finished with value: 0.5742333389379379 and parameters: {'k1': 0.0741508447220238, 'D_low': 103.85909193193203, 'k2': 3.452371924108126e-05, 'D_high': 5263.852179198806, 'fire_exp': 1.6984684518641762, 'P_half': 252.6056802966649, 'pre_dampen_half': 0.02996536187681055, 'gpp_af': 19.20631869421796, 'gpp_b': 0.0038120055634944306, 'gpp_d': 352.00836286075116, 'ign_k': 1.3365625161944434, 'ign_c': 0.2592227303890144, 'trop_agb_crit': 19.314414337339617, 'trop_k_veg': 0.8732551081681607, 'pop_amp': 5.098631244033626, 'pop_peak': 1.8622160256419134, 'pop_sig': 0.5105732577950808}. Best is trial 0 with value: -0.6002194417466498.
[I 2026-08-20 00:07:55,998] Trial 154 finished with value: 0.47342896186324934 and parameters: {'k1': 0.0295256342475176, 'D_low': 45.70425411577686, 'k2': 0.0010025395337833463, 'D_high': 6798677.504274836, 'fire_exp': 1.7383176582756719, 'P_half': 67.79542832994848, 'pre_dampen_half': 0.23890195405953948, 'gpp_af': 0.2467403158311707, 'gpp_b': 0.00029153863416702633, 'gpp_d': 50.05496270641138, 'ign_k': 1.9679004697042637, 'ign_c': 0.7241649450133122, 'trop_agb_crit': 8.468026055644657, 'trop_k_veg': 0.8207800004330763, 'pop_amp': 0.009436029238298067, 'pop_peak': 1.8981074955633306, 'pop_sig': 0.9559470879761174}. Best is trial 0 with value: -0.6002194417466498.
[I 2026-08-20 00:07:59,073] Trial 155 finished with value: 0.5636159034249472 and parameters: {'k1': 2.313933513020383e-05, 'D_low': 9825.83194682157, 'k2': 0.007070880817073349, 'D_high': 432149.6321724175, 'fire_exp': 1.4868900304474546, 'P_half': 11.231314965896074, 'pre_dampen_half': 0.4370559222036446, 'gpp_af': 0.0024988538826873088, 'gpp_b': 2.7632615118077634e-05, 'gpp_d': 297.462772618689, 'ign_k': 0.0017729679617932328, 'ign_c': 0.2134968913744754, 'trop_agb_crit': 7.28483261993113, 'trop_k_veg': 0.5598754526574494, 'pop_amp': 0.0085674498832932, 'pop_peak': 515.2063971679981, 'pop_sig': 1.6027674054275096}. Best is trial 0 with value: -0.6002194417466498.
[I 2026-08-20 00:08:02,209] Trial 156 finished with value: 0.5969281275808576 and parameters: {'k1': 1.9737038359023173e-05, 'D_low': 320.08303476984776, 'k2': 0.011147737681497032, 'D_high': 15532.781466855884, 'fire_exp': 1.0063163721178607, 'P_half': 283.95547415161656, 'pre_dampen_half': 25.432127818742313, 'gpp_af': 0.0013328978435597299, 'gpp_b': 2.264312099405541e-05, 'gpp_d': 0.8929781090928786, 'ign_k': 0.047501186191031504, 'ign_c': 147.7829280810475, 'trop_agb_crit': 7.256406222894999, 'trop_k_veg': 3.6088227287903907, 'pop_amp': 0.001341632475041823, 'pop_peak': 0.3143955776379008, 'pop_sig': 0.25351340237437586}. Best is trial 0 with value: -0.6002194417466498.
[I 2026-08-20 00:08:05,295] Trial 157 finished with value: -0.5547807417937294 and parameters: {'k1': 0.009103418973566604, 'D_low': 65.43201379077944, 'k2': 0.001658747322274061, 'D_high': 2000691.087855026, 'fire_exp': 1.8194174213500518, 'P_half': 59.70082387009743, 'pre_dampen_half': 4.22770341491176, 'gpp_af': 0.0013473663936550298, 'gpp_b': 1.049889732986632e-05, 'gpp_d': 506.6520601224595, 'ign_k': 0.081019143362106, 'ign_c': 10.472730218530957, 'trop_agb_crit': 12.767813308326556, 'trop_k_veg': 2.898450571382451, 'pop_amp': 0.008912324503724766, 'pop_peak': 11.066909328338582, 'pop_sig': 1.6823515592216023}. Best is trial 0 with value: -0.6002194417466498.
[I 2026-08-20 00:08:08,386] Trial 158 finished with value: 0.585514961206691 and parameters: {'k1': 0.011937243135224202, 'D_low': 982.8645029784088, 'k2': 0.0007592062134399091, 'D_high': 1956647.8837618118, 'fire_exp': 3.4035131011110513, 'P_half': 5.319869037018723, 'pre_dampen_half': 0.7582038548455767, 'gpp_af': 0.0013475134040507883, 'gpp_b': 0.0006565037290002652, 'gpp_d': 173.705576995557, 'ign_k': 0.069286481793404, 'ign_c': 29.484411066479616, 'trop_agb_crit': 22.188474135885514, 'trop_k_veg': 2.1183565074670927, 'pop_amp': 0.014079768535065004, 'pop_peak': 13.7004562615637, 'pop_sig': 1.8335367100293727}. Best is trial 0 with value: -0.6002194417466498.
[I 2026-08-20 00:08:11,560] Trial 159 finished with value: 0.533676523361968 and parameters: {'k1': 0.03304931964520596, 'D_low': 19.65292597047991, 'k2': 0.0018162196806760986, 'D_high': 835606.7699787922, 'fire_exp': 2.4392945322219384, 'P_half': 7.335879955507537, 'pre_dampen_half': 4.7518437107533185, 'gpp_af': 0.004199848580071183, 'gpp_b': 1.0367048345887898e-05, 'gpp_d': 567.5768463617798, 'ign_k': 0.011532425580928188, 'ign_c': 8.185589507753836, 'trop_agb_crit': 17.017983031995847, 'trop_k_veg': 2.341400407832459, 'pop_amp': 0.0648536512343168, 'pop_peak': 0.11809218598184215, 'pop_sig': 1.4479216533643755}. Best is trial 0 with value: -0.6002194417466498.
