[I 2026-08-06 03:01:32,327] Trial 1187 finished with values: [10.70172499069974, 10.70172499069974] and parameters: {'k1': 0.04897760278488444, 'D_low': 2.458603276328005, 'k2': 0.0018200694976756812, 'D_high': 10316.033434719713, 'fire_exp': 3.9178186942813955, 'P_half': 12.808863354047988, 'pre_dampen_half': 107.40052367919465, 'gpp_af': 0.010590622233713298, 'gpp_b': 0.00031478066835753096, 'gpp_d': 0.06669205177379639, 'ign_k': 0.02456326518827606, 'ign_c': 10.140635645866492}.
[I 2026-08-06 03:01:34,710] Trial 1188 finished with values: [-0.4977764786657516, 0.1294288620959172] and parameters: {'k1': 0.00324789183891923, 'D_low': 29.89885508829526, 'k2': 0.0022957398214549472, 'D_high': 2969.087094484682, 'fire_exp': 1.0881360604103363, 'P_half': 215.55950571043874, 'pre_dampen_half': 304.7488318185732, 'gpp_af': 5.620854611217178, 'gpp_b': 0.011750724729953272, 'gpp_d': 29.83701993880331, 'ign_k': 0.6454459531371669, 'ign_c': 10.140635645866492}.
[I 2026-08-06 03:01:36,428] Trial 1189 finished with values: [10.603438192714197, 10.603438192714197] and parameters: {'k1': 0.00324789183891923, 'D_low': 29.89885508829526, 'k2': 0.0022957398214549472, 'D_high': 3121.3520322039926, 'fire_exp': 2.463347595720777, 'P_half': 215.55950571043874, 'pre_dampen_half': 304.7488318185732, 'gpp_af': 0.8942824595236101, 'gpp_b': 0.011750724729953272, 'gpp_d': 4.5768578731086835, 'ign_k': 0.08876620955487982, 'ign_c': 10.140635645866492}.
[I 2026-08-06 03:01:38,116] Trial 1190 finished with values: [-0.46045888517322897, 0.054796089636712786] and parameters: {'k1': 0.00324789183891923, 'D_low': 29.89885508829526, 'k2': 0.002935672965826306, 'D_high': 9769.756791866093, 'fire_exp': 1.0881360604103363, 'P_half': 44.718513991627965, 'pre_dampen_half': 805.2502904451399, 'gpp_af': 0.18148402127631746, 'gpp_b': 0.03308649623479659, 'gpp_d': 4.5768578731086835, 'ign_k': 0.6454459531371669, 'ign_c': 10.140635645866492}.
[I 2026-08-06 03:01:39,817] Trial 1191 finished with values: [10.278665982466812, 10.278665982466812] and parameters: {'k1': 0.00324789183891923, 'D_low': 29.89885508829526, 'k2': 7.361379380357782e-05, 'D_high': 9769.756791866093, 'fire_exp': 1.0881360604103363, 'P_half': 605.9999467262207, 'pre_dampen_half': 805.2502904451399, 'gpp_af': 0.0010377465972769557, 'gpp_b': 0.00012797528816608022, 'gpp_d': 3.57879245350232, 'ign_k': 0.6454459531371669, 'ign_c': 10.140635645866492}.
[I 2026-08-06 03:01:41,509] Trial 1192 finished with values: [-0.4977427111623312, 0.09992099718502634] and parameters: {'k1': 0.00324789183891923, 'D_low': 29.89885508829526, 'k2': 0.0022957398214549472, 'D_high': 2969.087094484682, 'fire_exp': 1.0881360604103363, 'P_half': 215.55950571043874, 'pre_dampen_half': 107.40052367919465, 'gpp_af': 1.3725472882585024, 'gpp_b': 0.008226792720717493, 'gpp_d': 4.5768578731086835, 'ign_k': 0.6454459531371669, 'ign_c': 0.1457050032975653}.
[I 2026-08-06 03:01:43,344] Trial 1193 finished with values: [-0.48460909471903557, 0.07082070680464558] and parameters: {'k1': 0.00324789183891923, 'D_low': 29.89885508829526, 'k2': 0.002935672965826306, 'D_high': 9769.756791866093, 'fire_exp': 1.0881360604103363, 'P_half': 215.55950571043874, 'pre_dampen_half': 76.86605275420082, 'gpp_af': 0.18148402127631746, 'gpp_b': 0.008226792720717493, 'gpp_d': 26.07917317941345, 'ign_k': 0.6454459531371669, 'ign_c': 10.140635645866492}.
[I 2026-08-06 03:01:45,176] Trial 1194 finished with values: [-0.48881505063739394, 0.2156772137012073] and parameters: {'k1': 0.00324789183891923, 'D_low': 4.075267974954964, 'k2': 0.0007081721844034209, 'D_high': 7744.80118512745, 'fire_exp': 1.0881360604103363, 'P_half': 147.09699119495133, 'pre_dampen_half': 76.86605275420082, 'gpp_af': 5.620854611217178, 'gpp_b': 0.011750724729953272, 'gpp_d': 29.749683811098393, 'ign_k': 0.03033111747878116, 'ign_c': 10.140635645866492}.
[I 2026-08-06 03:01:46,849] Trial 1195 finished with values: [-0.4722908383238333, 0.04162543709099864] and parameters: {'k1': 0.00324789183891923, 'D_low': 29.89885508829526, 'k2': 0.002935672965826306, 'D_high': 9769.756791866093, 'fire_exp': 1.0881360604103363, 'P_half': 215.55950571043874, 'pre_dampen_half': 805.2502904451399, 'gpp_af': 0.18148402127631746, 'gpp_b': 0.03308649623479659, 'gpp_d': 4.5768578731086835, 'ign_k': 0.6454459531371669, 'ign_c': 10.140635645866492}.
[I 2026-08-06 03:01:48,555] Trial 1196 finished with values: [10.035085085530456, 10.035085085530456] and parameters: {'k1': 0.007333200379637282, 'D_low': 57.285769939950555, 'k2': 0.002935672965826306, 'D_high': 2969.087094484682, 'fire_exp': 1.0881360604103363, 'P_half': 215.55950571043874, 'pre_dampen_half': 304.7488318185732, 'gpp_af': 5.620854611217178, 'gpp_b': 0.008226792720717493, 'gpp_d': 368.30088529547436, 'ign_k': 0.6454459531371669, 'ign_c': 10.140635645866492}.
[I 2026-08-06 03:01:50,370] Trial 1197 finished with values: [-0.48179937188272237, 0.0873147431718444] and parameters: {'k1': 0.00324789183891923, 'D_low': 2.458603276328005, 'k2': 0.0007081721844034209, 'D_high': 10316.033434719713, 'fire_exp': 1.0881360604103363, 'P_half': 215.55950571043874, 'pre_dampen_half': 76.86605275420082, 'gpp_af': 1.3725472882585024, 'gpp_b': 0.052183838897628114, 'gpp_d': 34.37107943937136, 'ign_k': 0.6454459531371669, 'ign_c': 6.160975294741436}.
[I 2026-08-06 03:01:52,074] Trial 1198 finished with values: [-0.4726054901924301, 0.09255484749478515] and parameters: {'k1': 0.00324789183891923, 'D_low': 29.89885508829526, 'k2': 0.002935672965826306, 'D_high': 8182.111518618414, 'fire_exp': 1.0881360604103363, 'P_half': 215.55950571043874, 'pre_dampen_half': 805.2502904451399, 'gpp_af': 0.18148402127631746, 'gpp_b': 0.0037084949295141927, 'gpp_d': 4.5768578731086835, 'ign_k': 0.0026834162496848666, 'ign_c': 74.19780584302272}.
[I 2026-08-06 03:01:53,788] Trial 1199 finished with values: [-0.4883783678804061, 0.08453608161156267] and parameters: {'k1': 0.01889771394135163, 'D_low': 29.89885508829526, 'k2': 0.0007081721844034209, 'D_high': 6455.595882939566, 'fire_exp': 1.0881360604103363, 'P_half': 215.55950571043874, 'pre_dampen_half': 76.86605275420082, 'gpp_af': 0.8942824595236101, 'gpp_b': 0.011750724729953272, 'gpp_d': 4.5768578731086835, 'ign_k': 0.08876620955487982, 'ign_c': 10.140635645866492}.
[I 2026-08-06 03:01:56,614] Trial 1200 finished with values: [-0.4782844285299614, 0.0947734604362227] and parameters: {'k1': 0.00324789183891923, 'D_low': 2.458603276328005, 'k2': 0.0007081721844034209, 'D_high': 6455.595882939566, 'fire_exp': 1.0881360604103363, 'P_half': 147.09699119495133, 'pre_dampen_half': 76.86605275420082, 'gpp_af': 0.8942824595236101, 'gpp_b': 0.011750724729953272, 'gpp_d': 34.37107943937136, 'ign_k': 0.03033111747878116, 'ign_c': 7.916322947490362}.
[I 2026-08-06 03:01:58,529] Trial 1201 finished with values: [10.081404499119415, 10.081404499119415] and parameters: {'k1': 0.00324789183891923, 'D_low': 2.458603276328005, 'k2': 0.0002642238654525265, 'D_high': 2969.087094484682, 'fire_exp': 1.0881360604103363, 'P_half': 215.55950571043874, 'pre_dampen_half': 304.7488318185732, 'gpp_af': 0.0048478428004036025, 'gpp_b': 0.00031478066835753096, 'gpp_d': 0.6380717024176037, 'ign_k': 0.6454459531371669, 'ign_c': 8.671454322584175}.
[I 2026-08-06 03:02:00,314] Trial 1202 finished with values: [-0.4974609865144476, 0.08857622095754825] and parameters: {'k1': 0.00324789183891923, 'D_low': 4.075267974954964, 'k2': 0.0022957398214549472, 'D_high': 2969.087094484682, 'fire_exp': 1.0881360604103363, 'P_half': 215.55950571043874, 'pre_dampen_half': 93.53769344293097, 'gpp_af': 1.3725472882585024, 'gpp_b': 0.008226792720717493, 'gpp_d': 4.5768578731086835, 'ign_k': 8.315365004960604, 'ign_c': 0.1457050032975653}.
[I 2026-08-06 03:02:02,445] Trial 1203 finished with values: [-0.49273438476046216, 0.21630325569448072] and parameters: {'k1': 0.00324789183891923, 'D_low': 2.3548462628715368, 'k2': 0.0007081721844034209, 'D_high': 6455.595882939566, 'fire_exp': 1.0881360604103363, 'P_half': 147.09699119495133, 'pre_dampen_half': 76.86605275420082, 'gpp_af': 5.620854611217178, 'gpp_b': 0.011750724729953272, 'gpp_d': 5.878566318396007, 'ign_k': 0.0486276976221284, 'ign_c': 0.6004682478324445}.
[I 2026-08-06 03:02:04,557] Trial 1204 finished with values: [-0.48419695228912196, 0.20096002279073732] and parameters: {'k1': 0.00324789183891923, 'D_low': 57.22950094567826, 'k2': 0.002935672965826306, 'D_high': 8182.111518618414, 'fire_exp': 1.0559384059137513, 'P_half': 2.157758652553991, 'pre_dampen_half': 76.86605275420082, 'gpp_af': 0.8729941525466279, 'gpp_b': 0.011750724729953272, 'gpp_d': 2.8006820077310213, 'ign_k': 0.11101191524846071, 'ign_c': 8.392504050877111}.
[I 2026-08-06 03:02:06,951] Trial 1205 finished with values: [-0.49215405198418816, 0.16164675906784431] and parameters: {'k1': 0.00324789183891923, 'D_low': 29.89885508829526, 'k2': 0.0007081721844034209, 'D_high': 2969.087094484682, 'fire_exp': 1.0881360604103363, 'P_half': 3.364457865463594, 'pre_dampen_half': 76.86605275420082, 'gpp_af': 1.6278996489926025, 'gpp_b': 0.008226792720717493, 'gpp_d': 26.07917317941345, 'ign_k': 0.6454459531371669, 'ign_c': 6.160975294741436}.
[I 2026-08-06 03:02:08,944] Trial 1206 finished with values: [-0.506676473293432, 0.3528954547774832] and parameters: {'k1': 0.00324789183891923, 'D_low': 29.89885508829526, 'k2': 0.03210808548911189, 'D_high': 2969.087094484682, 'fire_exp': 1.0881360604103363, 'P_half': 12.808863354047988, 'pre_dampen_half': 107.40052367919465, 'gpp_af': 5.620854611217178, 'gpp_b': 2.4497488749956643e-05, 'gpp_d': 1.826381177000974, 'ign_k': 0.6454459531371669, 'ign_c': 10.140635645866492}.
[I 2026-08-06 03:02:11,026] Trial 1207 finished with values: [-0.48873023171747787, 0.03878094425760692] and parameters: {'k1': 0.00324789183891923, 'D_low': 70.18267183720735, 'k2': 0.0022957398214549472, 'D_high': 2088.984173542034, 'fire_exp': 1.0881360604103363, 'P_half': 3.364457865463594, 'pre_dampen_half': 76.86605275420082, 'gpp_af': 0.6418343258142463, 'gpp_b': 0.024796579879439486, 'gpp_d': 26.07917317941345, 'ign_k': 0.6454459531371669, 'ign_c': 6.160975294741436}.
[I 2026-08-06 03:02:12,877] Trial 1208 finished with values: [10.124232447796004, 10.124232447796004] and parameters: {'k1': 0.00324789183891923, 'D_low': 29.89885508829526, 'k2': 0.002935672965826306, 'D_high': 9769.756791866093, 'fire_exp': 1.0881360604103363, 'P_half': 147.09699119495133, 'pre_dampen_half': 76.86605275420082, 'gpp_af': 0.8942824595236101, 'gpp_b': 0.008226792720717493, 'gpp_d': 29.83701993880331, 'ign_k': 0.6454459531371669, 'ign_c': 7.916322947490362}.
[I 2026-08-06 03:02:14,785] Trial 1209 finished with values: [-0.5018140206581918, 0.162226463131676] and parameters: {'k1': 0.00324789183891923, 'D_low': 174.83983085324363, 'k2': 0.002935672965826306, 'D_high': 2969.087094484682, 'fire_exp': 1.0881360604103363, 'P_half': 147.09699119495133, 'pre_dampen_half': 48.08505037156744, 'gpp_af': 0.8942824595236101, 'gpp_b': 0.00044548820847973626, 'gpp_d': 10.409702860563906, 'ign_k': 0.5080094006294851, 'ign_c': 7.916322947490362}.
[I 2026-08-06 03:02:17,883] Trial 1210 finished with values: [-0.5054601008588702, 0.11553365247450609] and parameters: {'k1': 0.00324789183891923, 'D_low': 29.89885508829526, 'k2': 0.0022957398214549472, 'D_high': 2969.087094484682, 'fire_exp': 1.0881360604103363, 'P_half': 215.55950571043874, 'pre_dampen_half': 107.40052367919465, 'gpp_af': 5.620854611217178, 'gpp_b': 0.011750724729953272, 'gpp_d': 29.83701993880331, 'ign_k': 0.6454459531371669, 'ign_c': 10.140635645866492}.
[I 2026-08-06 03:02:20,112] Trial 1211 finished with values: [10.04684380129891, 10.04684380129891] and parameters: {'k1': 0.00324789183891923, 'D_low': 29.89885508829526, 'k2': 0.03210808548911189, 'D_high': 9769.756791866093, 'fire_exp': 1.3239942327296237, 'P_half': 2.157758652553991, 'pre_dampen_half': 107.40052367919465, 'gpp_af': 5.620854611217178, 'gpp_b': 0.008226792720717493, 'gpp_d': 29.83701993880331, 'ign_k': 0.03141110271934876, 'ign_c': 7.916322947490362}.
[I 2026-08-06 03:02:22,179] Trial 1212 finished with values: [-0.490112037083214, 0.09920018049153412] and parameters: {'k1': 0.016594187721123744, 'D_low': 29.89885508829526, 'k2': 0.0022957398214549472, 'D_high': 2969.087094484682, 'fire_exp': 1.0881360604103363, 'P_half': 215.55950571043874, 'pre_dampen_half': 107.40052367919465, 'gpp_af': 1.3725472882585024, 'gpp_b': 0.008226792720717493, 'gpp_d': 4.5768578731086835, 'ign_k': 0.6454459531371669, 'ign_c': 0.1457050032975653}.
[I 2026-08-06 03:02:24,406] Trial 1213 finished with values: [10.70226815528045, 10.70226815528045] and parameters: {'k1': 0.00324789183891923, 'D_low': 29.89885508829526, 'k2': 0.0007081721844034209, 'D_high': 2969.087094484682, 'fire_exp': 1.0881360604103363, 'P_half': 215.55950571043874, 'pre_dampen_half': 0.22341051034589954, 'gpp_af': 5.620854611217178, 'gpp_b': 0.00031478066835753096, 'gpp_d': 0.6380717024176037, 'ign_k': 1.8669871096222272, 'ign_c': 10.140635645866492}.
[I 2026-08-06 03:02:26,651] Trial 1214 finished with values: [10.375645837641025, 10.375645837641025] and parameters: {'k1': 0.00324789183891923, 'D_low': 1996.1705347166455, 'k2': 0.0022957398214549472, 'D_high': 6455.595882939566, 'fire_exp': 1.0881360604103363, 'P_half': 147.09699119495133, 'pre_dampen_half': 76.86605275420082, 'gpp_af': 0.8942824595236101, 'gpp_b': 0.008226792720717493, 'gpp_d': 0.6380717024176037, 'ign_k': 0.6454459531371669, 'ign_c': 7.916322947490362}.
[I 2026-08-06 03:02:28,840] Trial 1215 finished with values: [10.440005359675055, 10.440005359675055] and parameters: {'k1': 0.00324789183891923, 'D_low': 29.89885508829526, 'k2': 0.0022957398214549472, 'D_high': 984.0626059011972, 'fire_exp': 1.3239942327296237, 'P_half': 215.55950571043874, 'pre_dampen_half': 48.08505037156744, 'gpp_af': 1.3725472882585024, 'gpp_b': 0.008226792720717493, 'gpp_d': 29.83701993880331, 'ign_k': 0.6454459531371669, 'ign_c': 6.160975294741436}.
[I 2026-08-06 03:02:30,583] Trial 1216 finished with values: [10.174088574012593, 10.174088574012593] and parameters: {'k1': 0.00324789183891923, 'D_low': 29.89885508829526, 'k2': 0.002935672965826306, 'D_high': 2969.087094484682, 'fire_exp': 1.0881360604103363, 'P_half': 3.364457865463594, 'pre_dampen_half': 76.86605275420082, 'gpp_af': 0.47739011308437823, 'gpp_b': 0.008226792720717493, 'gpp_d': 2.8006820077310213, 'ign_k': 0.0020334482133945423, 'ign_c': 9.34330265731847}.
[I 2026-08-06 03:02:32,522] Trial 1217 finished with values: [10.444578338731533, 10.444578338731533] and parameters: {'k1': 0.00324789183891923, 'D_low': 29.89885508829526, 'k2': 0.0022957398214549472, 'D_high': 2969.087094484682, 'fire_exp': 1.144329066180296, 'P_half': 215.55950571043874, 'pre_dampen_half': 76.86605275420082, 'gpp_af': 1.3725472882585024, 'gpp_b': 0.008226792720717493, 'gpp_d': 0.4690202496211708, 'ign_k': 0.03033111747878116, 'ign_c': 0.1457050032975653}.
[I 2026-08-06 03:02:34,703] Trial 1218 finished with values: [10.769230769045793, 10.769230769045793] and parameters: {'k1': 0.00324789183891923, 'D_low': 2.458603276328005, 'k2': 0.0007081721844034209, 'D_high': 10316.033434719713, 'fire_exp': 1.0881360604103363, 'P_half': 215.55950571043874, 'pre_dampen_half': 304.7488318185732, 'gpp_af': 0.010590622233713298, 'gpp_b': 0.00031478066835753096, 'gpp_d': 0.06669205177379639, 'ign_k': 0.6454459531371669, 'ign_c': 137.90750725122015}.
[I 2026-08-06 03:02:36,595] Trial 1219 finished with values: [10.105022201973844, 10.105022201973844] and parameters: {'k1': 0.00324789183891923, 'D_low': 29.89885508829526, 'k2': 0.0018200694976756812, 'D_high': 8182.111518618414, 'fire_exp': 1.0881360604103363, 'P_half': 215.55950571043874, 'pre_dampen_half': 107.40052367919465, 'gpp_af': 5.620854611217178, 'gpp_b': 0.00031478066835753096, 'gpp_d': 1.826381177000974, 'ign_k': 0.6454459531371669, 'ign_c': 8.671454322584175}.
[I 2026-08-06 03:02:39,563] Trial 1220 finished with values: [-0.48432362795942535, 0.04344180501065009] and parameters: {'k1': 0.00324789183891923, 'D_low': 4.075267974954964, 'k2': 0.0022957398214549472, 'D_high': 2969.087094484682, 'fire_exp': 1.0881360604103363, 'P_half': 215.55950571043874, 'pre_dampen_half': 304.7488318185732, 'gpp_af': 0.6418343258142463, 'gpp_b': 0.024796579879439486, 'gpp_d': 29.83701993880331, 'ign_k': 0.6454459531371669, 'ign_c': 10.140635645866492}.
[I 2026-08-06 03:02:41,474] Trial 1221 finished with values: [10.197158100286702, 10.197158100286702] and parameters: {'k1': 0.00324789183891923, 'D_low': 2.458603276328005, 'k2': 0.002935672965826306, 'D_high': 2969.087094484682, 'fire_exp': 1.0881360604103363, 'P_half': 147.09699119495133, 'pre_dampen_half': 805.2502904451399, 'gpp_af': 3.4546549264812216, 'gpp_b': 0.539125393369549, 'gpp_d': 150.14555442537656, 'ign_k': 0.019192001101561888, 'ign_c': 9.34330265731847}.
[I 2026-08-06 03:02:43,608] Trial 1222 finished with values: [-0.49267317330419685, 0.23881304342359644] and parameters: {'k1': 0.01889771394135163, 'D_low': 117.2401123013763, 'k2': 0.004940031671739378, 'D_high': 6455.595882939566, 'fire_exp': 1.0881360604103363, 'P_half': 215.55950571043874, 'pre_dampen_half': 107.40052367919465, 'gpp_af': 0.1588528422491509, 'gpp_b': 1.1008110571039521e-05, 'gpp_d': 4.5768578731086835, 'ign_k': 0.0035114452581286888, 'ign_c': 10.140635645866492}.
[I 2026-08-06 03:02:45,563] Trial 1223 finished with values: [10.128993685655306, 10.128993685655306] and parameters: {'k1': 0.00324789183891923, 'D_low': 29.89885508829526, 'k2': 0.0007081721844034209, 'D_high': 2969.087094484682, 'fire_exp': 1.404276171936119, 'P_half': 215.55950571043874, 'pre_dampen_half': 107.40052367919465, 'gpp_af': 1.3725472882585024, 'gpp_b': 0.008226792720717493, 'gpp_d': 29.83701993880331, 'ign_k': 0.6454459531371669, 'ign_c': 6.160975294741436}.
[I 2026-08-06 03:02:47,391] Trial 1224 finished with values: [-0.49270919018093834, 0.2520319699446564] and parameters: {'k1': 0.00324789183891923, 'D_low': 29.89885508829526, 'k2': 0.0022957398214549472, 'D_high': 8182.111518618414, 'fire_exp': 1.0881360604103363, 'P_half': 215.55950571043874, 'pre_dampen_half': 304.7488318185732, 'gpp_af': 5.620854611217178, 'gpp_b': 0.008226792720717493, 'gpp_d': 29.83701993880331, 'ign_k': 0.03033111747878116, 'ign_c': 8.671454322584175}.
[I 2026-08-06 03:02:49,280] Trial 1225 finished with values: [10.463202876468708, 10.463202876468708] and parameters: {'k1': 0.00324789183891923, 'D_low': 135.4662616810925, 'k2': 0.0007081721844034209, 'D_high': 10316.033434719713, 'fire_exp': 1.518582349269638, 'P_half': 215.55950571043874, 'pre_dampen_half': 76.86605275420082, 'gpp_af': 0.47739011308437823, 'gpp_b': 0.011750724729953272, 'gpp_d': 0.43748560545593573, 'ign_k': 0.11101191524846071, 'ign_c': 9.34330265731847}.
[I 2026-08-06 03:02:51,380] Trial 1226 finished with values: [10.273065278391506, 10.273065278391506] and parameters: {'k1': 0.00324789183891923, 'D_low': 29.89885508829526, 'k2': 0.0007081721844034209, 'D_high': 2969.087094484682, 'fire_exp': 1.0881360604103363, 'P_half': 215.55950571043874, 'pre_dampen_half': 304.7488318185732, 'gpp_af': 5.620854611217178, 'gpp_b': 0.011750724729953272, 'gpp_d': 1.4794382088887477, 'ign_k': 0.08876620955487982, 'ign_c': 10.140635645866492}.
[I 2026-08-06 03:02:53,303] Trial 1227 finished with values: [-0.47739892656906724, 0.08557153876185508] and parameters: {'k1': 0.00324789183891923, 'D_low': 29.89885508829526, 'k2': 0.0022957398214549472, 'D_high': 8182.111518618414, 'fire_exp': 1.0881360604103363, 'P_half': 215.55950571043874, 'pre_dampen_half': 304.7488318185732, 'gpp_af': 0.010590622233713298, 'gpp_b': 0.00031478066835753096, 'gpp_d': 368.30088529547436, 'ign_k': 0.03033111747878116, 'ign_c': 8.671454322584175}.
[I 2026-08-06 03:02:55,236] Trial 1228 finished with values: [10.35157712313647, 10.35157712313647] and parameters: {'k1': 0.00324789183891923, 'D_low': 174.83983085324363, 'k2': 2.2615266960724332e-05, 'D_high': 2969.087094484682, 'fire_exp': 1.0881360604103363, 'P_half': 147.09699119495133, 'pre_dampen_half': 805.2502904451399, 'gpp_af': 5.620854611217178, 'gpp_b': 0.00021070348375919418, 'gpp_d': 29.749683811098393, 'ign_k': 0.5080094006294851, 'ign_c': 9.34330265731847}.
[I 2026-08-06 03:02:57,471] Trial 1229 finished with values: [-0.488299021532726, 0.08380312783098309] and parameters: {'k1': 0.00324789183891923, 'D_low': 2.458603276328005, 'k2': 0.0022957398214549472, 'D_high': 2969.087094484682, 'fire_exp': 1.0881360604103363, 'P_half': 215.55950571043874, 'pre_dampen_half': 304.7488318185732, 'gpp_af': 1.3725472882585024, 'gpp_b': 0.008226792720717493, 'gpp_d': 29.83701993880331, 'ign_k': 0.029732958317875816, 'ign_c': 10.140635645866492}.
[I 2026-08-06 03:03:00,378] Trial 1230 finished with values: [10.139108142535532, 10.139108142535532] and parameters: {'k1': 0.016594187721123744, 'D_low': 29.89885508829526, 'k2': 0.002935672965826306, 'D_high': 9769.756791866093, 'fire_exp': 1.0881360604103363, 'P_half': 215.55950571043874, 'pre_dampen_half': 107.40052367919465, 'gpp_af': 1.3725472882585024, 'gpp_b': 0.008226792720717493, 'gpp_d': 4.5768578731086835, 'ign_k': 0.6454459531371669, 'ign_c': 10.140635645866492}.
[I 2026-08-06 03:03:02,545] Trial 1231 finished with values: [-0.4820229447783502, 0.27492434935471355] and parameters: {'k1': 0.04897760278488444, 'D_low': 2.458603276328005, 'k2': 0.0007081721844034209, 'D_high': 10316.033434719713, 'fire_exp': 1.0881360604103363, 'P_half': 215.55950571043874, 'pre_dampen_half': 304.7488318185732, 'gpp_af': 5.620854611217178, 'gpp_b': 0.011750724729953272, 'gpp_d': 9.797752629207743, 'ign_k': 0.02456326518827606, 'ign_c': 8.671454322584175}.
