[I 2026-08-20 01:04:40,977] Trial 2131 finished with value: 0.588606665984998 and parameters: {'k1': 9.332402597444275e-05, 'D_low': 4.389626962900337, 'k2': 0.08299071169347406, 'D_high': 7743216.824936221, 'fire_exp': 1.102520867199529, 'P_half': 9411.862255915381, 'pre_dampen_half': 0.43802703576852214, 'gpp_af': 0.001020592388268133, 'gpp_b': 0.010896039119072784, 'gpp_d': 0.932338056293191, 'ign_k': 0.024375127885812538, 'ign_c': 5.887030094673069, 'trop_agb_crit': 5.049583940895322, 'trop_k_veg': 7.461475235043325}. Best is trial 1285 with value: -0.6015874360929447.
[I 2026-08-20 01:04:42,730] Trial 2132 finished with value: 0.4558516361280386 and parameters: {'k1': 0.039038370488897765, 'D_low': 336.12119616658174, 'k2': 0.0007208336677539792, 'D_high': 7110858.076294892, 'fire_exp': 1.3161627031110703, 'P_half': 19.619907612527786, 'pre_dampen_half': 64.80892004498074, 'gpp_af': 0.34625366659425255, 'gpp_b': 0.07238738913548236, 'gpp_d': 625.8669852110279, 'ign_k': 1.037520298617516, 'ign_c': 11.15298968531602, 'trop_agb_crit': 9.406477300814027, 'trop_k_veg': 1.734083863447461}. Best is trial 1285 with value: -0.6015874360929447.
[I 2026-08-20 01:04:44,425] Trial 2133 finished with value: 0.4383431641479383 and parameters: {'k1': 0.010613441275269404, 'D_low': 1.4418667523954385, 'k2': 0.04155140054657607, 'D_high': 4414053.805708578, 'fire_exp': 1.841749437309043, 'P_half': 11.446972173102047, 'pre_dampen_half': 15.405292681082921, 'gpp_af': 25.217502240980863, 'gpp_b': 0.03124967964434954, 'gpp_d': 715.1003057150539, 'ign_k': 0.2082828239815587, 'ign_c': 0.23432338366019528, 'trop_agb_crit': 8.948737900199271, 'trop_k_veg': 1.1453774809568578}. Best is trial 1285 with value: -0.6015874360929447.
[I 2026-08-20 01:04:46,120] Trial 2134 finished with value: 0.6352546012065429 and parameters: {'k1': 0.00152980333827314, 'D_low': 1.1785118923085516, 'k2': 0.009198287246389008, 'D_high': 3578435.3630783837, 'fire_exp': 2.6102083999889274, 'P_half': 115.77835903943709, 'pre_dampen_half': 0.014148860377859732, 'gpp_af': 29.046377284575485, 'gpp_b': 0.00021234834920570115, 'gpp_d': 0.4388818626863739, 'ign_k': 0.0011178592583329864, 'ign_c': 1.1648825946299106, 'trop_agb_crit': 4.324887509239478, 'trop_k_veg': 3.4217636117948316}. Best is trial 1285 with value: -0.6015874360929447.
[I 2026-08-20 01:04:47,803] Trial 2135 finished with value: 0.4526687530405742 and parameters: {'k1': 0.037230842016202054, 'D_low': 1118.091405320179, 'k2': 0.010402444503002739, 'D_high': 3334598.563648808, 'fire_exp': 3.1411317742984544, 'P_half': 3.44138275673561, 'pre_dampen_half': 0.70719736468814, 'gpp_af': 0.5584012469819086, 'gpp_b': 0.0002674578549699554, 'gpp_d': 68.71572109520791, 'ign_k': 0.16762221105203579, 'ign_c': 0.10623834599787328, 'trop_agb_crit': 14.509009177309522, 'trop_k_veg': 2.953546658572894}. Best is trial 1285 with value: -0.6015874360929447.
[I 2026-08-20 01:04:49,603] Trial 2136 finished with value: 0.6383554161065319 and parameters: {'k1': 0.005372803563850689, 'D_low': 396.3459091615082, 'k2': 3.327064143393105e-05, 'D_high': 2209894.3035217477, 'fire_exp': 4.311423320607512, 'P_half': 339.052666640671, 'pre_dampen_half': 504.7502108874225, 'gpp_af': 0.003334101270982177, 'gpp_b': 0.017724467499457733, 'gpp_d': 397.8713577647215, 'ign_k': 3.030202415731625, 'ign_c': 24.964501228691258, 'trop_agb_crit': 5.459863341415453, 'trop_k_veg': 6.8398079003652335}. Best is trial 1285 with value: -0.6015874360929447.
[I 2026-08-20 01:04:51,279] Trial 2137 finished with value: 0.6445374145881376 and parameters: {'k1': 1.9689657299413036e-05, 'D_low': 7222.974161941278, 'k2': 0.0011732522667261408, 'D_high': 369.87891080111615, 'fire_exp': 7.047892572133797, 'P_half': 9083.510898453653, 'pre_dampen_half': 39.7443164205477, 'gpp_af': 0.1389602806683424, 'gpp_b': 0.0018855954461212338, 'gpp_d': 1.0277725314910022, 'ign_k': 3.7919606308430347, 'ign_c': 757.7304837344014, 'trop_agb_crit': 13.838389355942265, 'trop_k_veg': 3.0438832103311904}. Best is trial 1285 with value: -0.6015874360929447.
[I 2026-08-20 01:04:53,197] Trial 2138 finished with value: 0.5248404464725556 and parameters: {'k1': 0.056293899666331894, 'D_low': 358.2773677869964, 'k2': 0.0002854965784067335, 'D_high': 8014934.823214692, 'fire_exp': 1.390105644418226, 'P_half': 417.3824220760005, 'pre_dampen_half': 4.30356299106217, 'gpp_af': 20.59259284586223, 'gpp_b': 0.029527646457135185, 'gpp_d': 640.5256862022069, 'ign_k': 0.0026266335412967567, 'ign_c': 0.4491943903818891, 'trop_agb_crit': 6.729588552933648, 'trop_k_veg': 3.5035455719121846}. Best is trial 1285 with value: -0.6015874360929447.
[I 2026-08-20 01:04:54,983] Trial 2139 finished with value: 0.6445374145881376 and parameters: {'k1': 0.013971223183095025, 'D_low': 48.48272292775961, 'k2': 0.008100930677814921, 'D_high': 32.61316006966434, 'fire_exp': 4.186814699963263, 'P_half': 1.3176269404302077, 'pre_dampen_half': 13.538818933819632, 'gpp_af': 0.028941289714903982, 'gpp_b': 0.05131532666585173, 'gpp_d': 0.15901647079415734, 'ign_k': 0.27314889902013256, 'ign_c': 65.1404500681149, 'trop_agb_crit': 2.381466493060112, 'trop_k_veg': 1.8350394085956785}. Best is trial 1285 with value: -0.6015874360929447.
[I 2026-08-20 01:04:56,702] Trial 2140 finished with value: 0.6445374145881376 and parameters: {'k1': 0.0010730495874608052, 'D_low': 2.267114462692426, 'k2': 0.007793731716301054, 'D_high': 55591.904389793155, 'fire_exp': 7.5926605967178045, 'P_half': 1.4170211675262765, 'pre_dampen_half': 58.2468135639841, 'gpp_af': 0.03307165265009688, 'gpp_b': 0.060087989428962804, 'gpp_d': 865.3065463065094, 'ign_k': 1.9062983860374332, 'ign_c': 228.0518221562589, 'trop_agb_crit': 5.467046851430419, 'trop_k_veg': 1.0305787778565834}. Best is trial 1285 with value: -0.6015874360929447.
[I 2026-08-20 01:04:58,359] Trial 2141 finished with value: 0.6245918519982219 and parameters: {'k1': 0.0022299970969841135, 'D_low': 9.442593413027481, 'k2': 0.0004883853608469909, 'D_high': 292.437768941743, 'fire_exp': 1.0434957798799946, 'P_half': 49.48333981092812, 'pre_dampen_half': 0.05202573308323821, 'gpp_af': 0.11954409461825208, 'gpp_b': 0.7768986086621569, 'gpp_d': 0.015399274670986276, 'ign_k': 0.41019955039280886, 'ign_c': 0.10078242938736298, 'trop_agb_crit': 2.582377242447878, 'trop_k_veg': 4.431158328036116}. Best is trial 1285 with value: -0.6015874360929447.
[I 2026-08-20 01:05:00,118] Trial 2142 finished with value: 0.6445374145881376 and parameters: {'k1': 1.9923670945312345e-05, 'D_low': 79112.18529979418, 'k2': 0.008135418191984333, 'D_high': 6062540.936919005, 'fire_exp': 3.054280038829959, 'P_half': 453.9146021632515, 'pre_dampen_half': 0.034945356195117294, 'gpp_af': 0.0010551517225735115, 'gpp_b': 1.13103996813142, 'gpp_d': 0.062131937728254864, 'ign_k': 0.1050167942068367, 'ign_c': 6.154571568579334, 'trop_agb_crit': 3.29730764631692, 'trop_k_veg': 1.7912142929280768}. Best is trial 1285 with value: -0.6015874360929447.
[I 2026-08-20 01:05:02,319] Trial 2143 finished with value: 0.5749686771258334 and parameters: {'k1': 0.03155949644836186, 'D_low': 40.53874976605583, 'k2': 7.129810299644733e-05, 'D_high': 7490915.53913726, 'fire_exp': 4.06443799575584, 'P_half': 964.3634092248391, 'pre_dampen_half': 12.604471187210242, 'gpp_af': 12.285610309342248, 'gpp_b': 0.02357162970970512, 'gpp_d': 634.3973268644356, 'ign_k': 0.12061198258146083, 'ign_c': 8.322304434233544, 'trop_agb_crit': 5.672480359470375, 'trop_k_veg': 1.9327097673106892}. Best is trial 1285 with value: -0.6015874360929447.
[I 2026-08-20 01:05:04,001] Trial 2144 finished with value: 0.5431096542580217 and parameters: {'k1': 6.623933114927592e-05, 'D_low': 8.912508047701321, 'k2': 0.00019428767591434516, 'D_high': 282914.8486610805, 'fire_exp': 2.0576580156784776, 'P_half': 165.59384846505642, 'pre_dampen_half': 0.20056080500550688, 'gpp_af': 0.032845669988479154, 'gpp_b': 1.6010938627672644e-05, 'gpp_d': 30.457993607029824, 'ign_k': 0.16707455704252602, 'ign_c': 2.504758055928855, 'trop_agb_crit': 3.0348782118957387, 'trop_k_veg': 5.982407227871337}. Best is trial 1285 with value: -0.6015874360929447.
[I 2026-08-20 01:05:05,706] Trial 2145 finished with value: 0.6051371528877196 and parameters: {'k1': 0.034832370233251114, 'D_low': 3.255193315932163, 'k2': 0.00029178963446112544, 'D_high': 783460.9176648123, 'fire_exp': 7.891823243924597, 'P_half': 112.47226187739696, 'pre_dampen_half': 122.95616682731755, 'gpp_af': 33.36794517013381, 'gpp_b': 0.0007546583202239521, 'gpp_d': 643.1632283140871, 'ign_k': 0.21753500502442724, 'ign_c': 24.08987329075605, 'trop_agb_crit': 26.39545050643871, 'trop_k_veg': 2.380155713653375}. Best is trial 1285 with value: -0.6015874360929447.
[I 2026-08-20 01:05:07,416] Trial 2146 finished with value: -0.5592300858503861 and parameters: {'k1': 0.0002172262484209023, 'D_low': 1.1190008108331142, 'k2': 3.179516274196647e-05, 'D_high': 5280268.41726196, 'fire_exp': 4.899455415150889, 'P_half': 51.31597019275037, 'pre_dampen_half': 439.31475063700543, 'gpp_af': 0.002672007174690872, 'gpp_b': 9.517131707416169e-05, 'gpp_d': 11.044316012773885, 'ign_k': 2.9710392846418507, 'ign_c': 5.5841914641643315, 'trop_agb_crit': 2.949445929023211, 'trop_k_veg': 1.415507133395809}. Best is trial 1285 with value: -0.6015874360929447.
[I 2026-08-20 01:05:09,152] Trial 2147 finished with value: 0.5970340790669573 and parameters: {'k1': 0.0028579475307671494, 'D_low': 18345.759415843848, 'k2': 0.00023742855236587977, 'D_high': 1021745.6775564605, 'fire_exp': 3.606080602331568, 'P_half': 330.02393712057534, 'pre_dampen_half': 2.567920054351912, 'gpp_af': 0.007402620808991509, 'gpp_b': 0.0008890299475383059, 'gpp_d': 213.49962937747293, 'ign_k': 0.08029258778507826, 'ign_c': 0.3107949439524818, 'trop_agb_crit': 18.43294379527156, 'trop_k_veg': 7.22745919010773}. Best is trial 1285 with value: -0.6015874360929447.
[I 2026-08-20 01:05:10,911] Trial 2148 finished with value: 0.4010435304389579 and parameters: {'k1': 0.00019961960738987692, 'D_low': 26.45629682540044, 'k2': 0.0007100391061645092, 'D_high': 872570.6439025716, 'fire_exp': 3.609926278641106, 'P_half': 82.78719741500323, 'pre_dampen_half': 44.06246333063367, 'gpp_af': 0.3219329279548979, 'gpp_b': 0.0003290313307071245, 'gpp_d': 42.06300328864081, 'ign_k': 0.3207424231996244, 'ign_c': 2.2695146460291777, 'trop_agb_crit': 23.32940754163817, 'trop_k_veg': 5.831592173174632}. Best is trial 1285 with value: -0.6015874360929447.
[I 2026-08-20 01:05:12,739] Trial 2149 finished with value: 0.6138788398818971 and parameters: {'k1': 0.03366941461067997, 'D_low': 10033.178485562026, 'k2': 0.002126248739923665, 'D_high': 4502314.257535498, 'fire_exp': 1.7285180717565736, 'P_half': 2.3331657670487598, 'pre_dampen_half': 0.15588257352998383, 'gpp_af': 15.062362244268606, 'gpp_b': 0.003944490776551841, 'gpp_d': 0.08651198877989709, 'ign_k': 0.1726427360368723, 'ign_c': 0.1609209899985018, 'trop_agb_crit': 1.2434912913945064, 'trop_k_veg': 0.7115815409039669}. Best is trial 1285 with value: -0.6015874360929447.
[I 2026-08-20 01:05:14,422] Trial 2150 finished with value: 0.5066187980228134 and parameters: {'k1': 1.809054799732178e-05, 'D_low': 14.48188309495099, 'k2': 0.0007782387610998897, 'D_high': 4188030.6655556187, 'fire_exp': 3.061551585628503, 'P_half': 2.8584385552721443, 'pre_dampen_half': 1.0748292299583098, 'gpp_af': 9.84600684914801, 'gpp_b': 0.001224573022670211, 'gpp_d': 183.2302693352295, 'ign_k': 0.27914189816832496, 'ign_c': 8.402506443575815, 'trop_agb_crit': 15.855518052477494, 'trop_k_veg': 3.42967256516078}. Best is trial 1285 with value: -0.6015874360929447.
[I 2026-08-20 01:05:16,270] Trial 2151 finished with value: 0.5989508141500071 and parameters: {'k1': 0.00208445903682123, 'D_low': 2869.3241666939352, 'k2': 0.00046931186496162303, 'D_high': 2180846.3566073473, 'fire_exp': 5.656210597744127, 'P_half': 311.90513687892724, 'pre_dampen_half': 359.46473476326247, 'gpp_af': 0.013148396030863015, 'gpp_b': 0.004553093482819535, 'gpp_d': 4.233973741140658, 'ign_k': 4.310298919363079, 'ign_c': 22.32588511189089, 'trop_agb_crit': 8.841837406998813, 'trop_k_veg': 4.3819365422522605}. Best is trial 1285 with value: -0.6015874360929447.
[I 2026-08-20 01:05:18,030] Trial 2152 finished with value: -0.5353215983670853 and parameters: {'k1': 0.0008223015434225807, 'D_low': 7431.46009141067, 'k2': 0.03136385047655286, 'D_high': 32969.137575556255, 'fire_exp': 1.2827425722377406, 'P_half': 1.1475081076004696, 'pre_dampen_half': 197.58045718046586, 'gpp_af': 0.06960613251092442, 'gpp_b': 0.008057314755501423, 'gpp_d': 14.971459884975237, 'ign_k': 0.1455492160687234, 'ign_c': 0.2204238872458759, 'trop_agb_crit': 10.49090409606019, 'trop_k_veg': 2.2868947498968724}. Best is trial 1285 with value: -0.6015874360929447.
[I 2026-08-20 01:05:19,846] Trial 2153 finished with value: -0.5704256514839287 and parameters: {'k1': 0.033217720371443216, 'D_low': 80.39519711132499, 'k2': 0.00028964700371774494, 'D_high': 1482715.4738643183, 'fire_exp': 4.414957603571953, 'P_half': 307.95186287002457, 'pre_dampen_half': 786.696993591893, 'gpp_af': 0.022888033678993672, 'gpp_b': 6.63180302828988e-05, 'gpp_d': 499.6917572434595, 'ign_k': 2.9648510088232207, 'ign_c': 1.2791589640406666, 'trop_agb_crit': 6.628398012633803, 'trop_k_veg': 7.503489553509025}. Best is trial 1285 with value: -0.6015874360929447.
[I 2026-08-20 01:05:21,786] Trial 2154 finished with value: 0.646511404556262 and parameters: {'k1': 0.051862297006183986, 'D_low': 10.87475279753335, 'k2': 1.263357845211278e-05, 'D_high': 6464205.450940799, 'fire_exp': 3.3128454692482006, 'P_half': 20.643583205529378, 'pre_dampen_half': 0.7432880204535616, 'gpp_af': 0.14424906405392907, 'gpp_b': 0.3763708502520468, 'gpp_d': 3.6511781054238885, 'ign_k': 3.6423252635553545, 'ign_c': 30.34429037569254, 'trop_agb_crit': 4.3761225451428185, 'trop_k_veg': 1.248424180656891}. Best is trial 1285 with value: -0.6015874360929447.
[I 2026-08-20 01:05:24,149] Trial 2155 finished with value: 0.4316475322297899 and parameters: {'k1': 0.023207950067787992, 'D_low': 1.0145000055911684, 'k2': 0.05985224243085696, 'D_high': 371161.90017176396, 'fire_exp': 1.2699202984504523, 'P_half': 1.7515157080669421, 'pre_dampen_half': 5.222843245677651, 'gpp_af': 0.858106235162175, 'gpp_b': 0.04067545809790599, 'gpp_d': 522.2895864563972, 'ign_k': 0.49739288539227067, 'ign_c': 0.11402138699590153, 'trop_agb_crit': 10.40608319894992, 'trop_k_veg': 2.883138863713854}. Best is trial 1285 with value: -0.6015874360929447.
[I 2026-08-20 01:05:25,964] Trial 2156 finished with value: 0.5628546317315347 and parameters: {'k1': 0.0013525098846442554, 'D_low': 2.8647821118268637, 'k2': 0.03137765960454432, 'D_high': 58426.08188829432, 'fire_exp': 2.3803958967683285, 'P_half': 2.0519786270639115, 'pre_dampen_half': 0.7319254378997668, 'gpp_af': 2.0292751691893165, 'gpp_b': 0.41098725764248817, 'gpp_d': 4.574454738415562, 'ign_k': 1.453163046681111, 'ign_c': 5.065072715872494, 'trop_agb_crit': 22.723211302543614, 'trop_k_veg': 1.4890014546749164}. Best is trial 1285 with value: -0.6015874360929447.
[I 2026-08-20 01:05:27,868] Trial 2157 finished with value: 0.6445374145881376 and parameters: {'k1': 4.3869465916116536e-05, 'D_low': 3.424185217824396, 'k2': 7.139678738776212e-05, 'D_high': 695.9126747995764, 'fire_exp': 1.5131516791437143, 'P_half': 942.0821540309149, 'pre_dampen_half': 81.47098432973276, 'gpp_af': 19.1959997363634, 'gpp_b': 0.14018798044075784, 'gpp_d': 0.34552110804160346, 'ign_k': 3.1759941405203964, 'ign_c': 132.90137986785282, 'trop_agb_crit': 4.488463402027757, 'trop_k_veg': 4.553741663496835}. Best is trial 1285 with value: -0.6015874360929447.
[I 2026-08-20 01:05:29,660] Trial 2158 finished with value: 0.47513164946685427 and parameters: {'k1': 0.0038265967948069458, 'D_low': 1.0639412810188735, 'k2': 0.0008294463681654339, 'D_high': 1019873.0568526963, 'fire_exp': 4.001257130906532, 'P_half': 32.07253888684481, 'pre_dampen_half': 242.2691905986414, 'gpp_af': 0.05023343787121392, 'gpp_b': 1.0585488457064548e-05, 'gpp_d': 382.27134163737554, 'ign_k': 5.900267977064446, 'ign_c': 2.1409616851322237, 'trop_agb_crit': 6.34641318468792, 'trop_k_veg': 2.114129012218416}. Best is trial 1285 with value: -0.6015874360929447.
[I 2026-08-20 01:05:31,428] Trial 2159 finished with value: 0.5918415829768058 and parameters: {'k1': 0.00028201635131192855, 'D_low': 13.066951940534196, 'k2': 0.00010581309701123562, 'D_high': 8393407.214449488, 'fire_exp': 1.4197024527293183, 'P_half': 74.7288686414008, 'pre_dampen_half': 0.13449408867989307, 'gpp_af': 0.14846720194149796, 'gpp_b': 0.0005155583890341198, 'gpp_d': 169.82798977031328, 'ign_k': 0.10150405763686778, 'ign_c': 82.61141818301972, 'trop_agb_crit': 1.216024858101314, 'trop_k_veg': 6.492386059244205}. Best is trial 1285 with value: -0.6015874360929447.
[I 2026-08-20 01:05:33,188] Trial 2160 finished with value: 0.6445374145881376 and parameters: {'k1': 0.0025170669772075047, 'D_low': 16793.380041724064, 'k2': 0.0013811387132974331, 'D_high': 16.03602246283085, 'fire_exp': 4.646668251122822, 'P_half': 17.378238120023855, 'pre_dampen_half': 1.2247055010815437, 'gpp_af': 0.0067088198887394436, 'gpp_b': 0.021255350227448705, 'gpp_d': 0.016312957350436405, 'ign_k': 0.475677246236629, 'ign_c': 1.0370186264825734, 'trop_agb_crit': 2.534963240883017, 'trop_k_veg': 3.250859230173536}. Best is trial 1285 with value: -0.6015874360929447.
[I 2026-08-20 01:05:34,897] Trial 2161 finished with value: 0.40872317240747935 and parameters: {'k1': 0.0024168305500111694, 'D_low': 648.7422225555365, 'k2': 0.0011903300724904206, 'D_high': 3035257.298382752, 'fire_exp': 1.68635563766228, 'P_half': 26.193423348554884, 'pre_dampen_half': 11.384512578122067, 'gpp_af': 0.01583506045920229, 'gpp_b': 0.0008335603194516996, 'gpp_d': 3.292430003996419, 'ign_k': 0.7534759005509905, 'ign_c': 8.795528447006792, 'trop_agb_crit': 26.902350407783413, 'trop_k_veg': 3.2267681934493013}. Best is trial 1285 with value: -0.6015874360929447.
[I 2026-08-20 01:05:36,863] Trial 2162 finished with value: 0.6445374145881376 and parameters: {'k1': 1.8736924773680757e-05, 'D_low': 147625.20898254163, 'k2': 0.027500916227245237, 'D_high': 407.4613102244407, 'fire_exp': 1.6314009500476794, 'P_half': 5.893812687674327, 'pre_dampen_half': 26.06430112099345, 'gpp_af': 0.26343195057090896, 'gpp_b': 1.2200481938827203e-05, 'gpp_d': 0.016575826107644475, 'ign_k': 0.0630386885539217, 'ign_c': 596.3742672965776, 'trop_agb_crit': 20.30566302110371, 'trop_k_veg': 1.6936984764660914}. Best is trial 1285 with value: -0.6015874360929447.
[I 2026-08-20 01:05:38,657] Trial 2163 finished with value: 0.6445374145881376 and parameters: {'k1': 0.00660327327432503, 'D_low': 28005.36667532326, 'k2': 0.0009245809426695466, 'D_high': 2332.9518406332513, 'fire_exp': 5.733626860482474, 'P_half': 136.0490611746265, 'pre_dampen_half': 188.07259934902976, 'gpp_af': 0.9046633082761903, 'gpp_b': 0.6365968057573681, 'gpp_d': 0.45650655026510345, 'ign_k': 0.0013066315094518073, 'ign_c': 0.19738784695515205, 'trop_agb_crit': 6.4926232913108075, 'trop_k_veg': 1.0662001734630624}. Best is trial 1285 with value: -0.6015874360929447.
[I 2026-08-20 01:05:40,465] Trial 2164 finished with value: 0.6445374145881376 and parameters: {'k1': 0.0019008126444195843, 'D_low': 2305.912820101745, 'k2': 0.00033348515725106813, 'D_high': 529843.8227894257, 'fire_exp': 2.479458861795848, 'P_half': 1313.6924621980916, 'pre_dampen_half': 17.188397364492715, 'gpp_af': 0.0364155527800777, 'gpp_b': 0.00658090898556186, 'gpp_d': 13.619764180584081, 'ign_k': 0.30523442320828664, 'ign_c': 82.30743515377986, 'trop_agb_crit': 29.15465861660126, 'trop_k_veg': 1.2024442009419476}. Best is trial 1285 with value: -0.6015874360929447.
[I 2026-08-20 01:05:42,387] Trial 2165 finished with value: 0.6445374145881376 and parameters: {'k1': 0.0036637973621457304, 'D_low': 6.432316359265567, 'k2': 4.754408541622408e-05, 'D_high': 514688.6838866508, 'fire_exp': 3.057679752125444, 'P_half': 1.5431399271268442, 'pre_dampen_half': 164.33228395810127, 'gpp_af': 8.597998734779164, 'gpp_b': 0.5045136025709968, 'gpp_d': 796.5416939384257, 'ign_k': 1.352672134187024, 'ign_c': 159.99042324477807, 'trop_agb_crit': 4.207086112929613, 'trop_k_veg': 0.9004040714354015}. Best is trial 1285 with value: -0.6015874360929447.
[I 2026-08-20 01:05:45,541] Trial 2166 finished with value: 0.44888120036819046 and parameters: {'k1': 0.006345526746221398, 'D_low': 3.1271632474668056, 'k2': 1.9866489762545172e-05, 'D_high': 5665761.381483808, 'fire_exp': 5.196908984770219, 'P_half': 2.6190467086791682, 'pre_dampen_half': 94.95748225645309, 'gpp_af': 1.229048523725241, 'gpp_b': 0.14085351178835692, 'gpp_d': 374.5820134699029, 'ign_k': 0.3885808806353335, 'ign_c': 3.0639569116564878, 'trop_agb_crit': 3.9935198316656084, 'trop_k_veg': 1.3003799585192128}. Best is trial 1285 with value: -0.6015874360929447.
[I 2026-08-20 01:05:48,269] Trial 2167 finished with value: 0.5236805241433906 and parameters: {'k1': 0.0079858206608293, 'D_low': 6.849478936339139, 'k2': 0.029802410395353713, 'D_high': 82467.95458261516, 'fire_exp': 1.836371479690012, 'P_half': 1.0613735106021478, 'pre_dampen_half': 0.15007873152363435, 'gpp_af': 22.61603971833661, 'gpp_b': 0.21581635019434708, 'gpp_d': 87.88434674001795, 'ign_k': 1.5494022199664061, 'ign_c': 3.368351594269993, 'trop_agb_crit': 16.173352881984997, 'trop_k_veg': 2.2004051496510666}. Best is trial 1285 with value: -0.6015874360929447.
