[I 2026-08-20 00:11:27,746] Trial 224 finished with value: -0.4807617282891087 and parameters: {'k1': 0.02823541989095758, 'D_low': 8945.654776634568, 'k2': 0.06581003042683706, 'D_high': 1464458.4568792207, 'fire_exp': 2.242117148243187, 'P_half': 173.14965847072494, 'pre_dampen_half': 87.33350081684375, 'gpp_af': 0.30296294043986716, 'gpp_b': 0.00026581039793272004, 'gpp_d': 0.03318849974142193, 'ign_k': 1.4706885493604327, 'ign_c': 0.15946847477681633, 'trop_agb_crit': 6.6605895445867755, 'trop_k_veg': 5.433316772069149, 'pop_amp': 2.520249932424385, 'pop_peak': 0.7351689446911032, 'pop_sig': 1.196951110785722}. Best is trial 0 with value: -0.6002194417466498.
[I 2026-08-20 00:11:30,884] Trial 225 finished with value: 0.5700099245411213 and parameters: {'k1': 0.021873365279291936, 'D_low': 21096.03349756988, 'k2': 0.04894035504493727, 'D_high': 173995.9395492582, 'fire_exp': 1.9599514355754275, 'P_half': 43.21531110718856, 'pre_dampen_half': 102.13904038454602, 'gpp_af': 0.3989307538177118, 'gpp_b': 0.0002430296685165971, 'gpp_d': 0.1342603011444746, 'ign_k': 0.1488669449029158, 'ign_c': 0.8195699244709483, 'trop_agb_crit': 10.99565842003008, 'trop_k_veg': 4.338300317594428, 'pop_amp': 2.323800898655603, 'pop_peak': 0.5281509861978236, 'pop_sig': 2.275833441525515}. Best is trial 0 with value: -0.6002194417466498.
[I 2026-08-20 00:11:34,008] Trial 226 finished with value: 0.5689851488953254 and parameters: {'k1': 0.0009129392123177084, 'D_low': 7.8146710482906085, 'k2': 0.025625794401524005, 'D_high': 397601.87767029874, 'fire_exp': 1.6807602253549594, 'P_half': 1561.8547584140886, 'pre_dampen_half': 261.1862692552868, 'gpp_af': 0.002631738655234179, 'gpp_b': 5.3588119561702284e-05, 'gpp_d': 172.53095868187663, 'ign_k': 0.007078113599226729, 'ign_c': 2.498893249070478, 'trop_agb_crit': 3.550423224725107, 'trop_k_veg': 3.8263676874274957, 'pop_amp': 0.0035702334857480255, 'pop_peak': 413.57123353743026, 'pop_sig': 1.5784036236595465}. Best is trial 0 with value: -0.6002194417466498.
[I 2026-08-20 00:11:37,040] Trial 227 finished with value: 0.578098167772114 and parameters: {'k1': 0.03071640981104921, 'D_low': 6.189745219481608, 'k2': 0.0026395618722403983, 'D_high': 7810512.653590224, 'fire_exp': 2.428331416018979, 'P_half': 59.43467032098392, 'pre_dampen_half': 13.160141751770485, 'gpp_af': 0.025902926692296758, 'gpp_b': 0.012375129743790136, 'gpp_d': 35.41729088582337, 'ign_k': 0.04045908970269815, 'ign_c': 14.842281608622917, 'trop_agb_crit': 3.64406613863539, 'trop_k_veg': 4.7332849050397705, 'pop_amp': 0.002692159075777784, 'pop_peak': 25.862878273077186, 'pop_sig': 0.8129656495035762}. Best is trial 0 with value: -0.6002194417466498.
[I 2026-08-20 00:11:40,123] Trial 228 finished with value: 0.5230951297289022 and parameters: {'k1': 0.019053679256967253, 'D_low': 267.4206828474244, 'k2': 0.05430947167707509, 'D_high': 236654.3601536162, 'fire_exp': 2.844808735189149, 'P_half': 591.9451762371681, 'pre_dampen_half': 11.22263968917226, 'gpp_af': 0.10954149340229073, 'gpp_b': 0.00011754221275359494, 'gpp_d': 0.016696623324804212, 'ign_k': 7.307344960503448, 'ign_c': 0.28095672810474204, 'trop_agb_crit': 9.288761038032902, 'trop_k_veg': 4.723037752928048, 'pop_amp': 6.289555866539588, 'pop_peak': 2.4410331225057806, 'pop_sig': 1.3926325149283039}. Best is trial 0 with value: -0.6002194417466498.
[I 2026-08-20 00:11:43,242] Trial 229 finished with value: 0.538878564348592 and parameters: {'k1': 0.026283983793320753, 'D_low': 6.956047951102476, 'k2': 0.017197609298472687, 'D_high': 708556.3318931825, 'fire_exp': 1.6853309540879033, 'P_half': 297.20096251350384, 'pre_dampen_half': 210.3267888333179, 'gpp_af': 0.0022599172506722978, 'gpp_b': 0.001013532616100757, 'gpp_d': 453.00010832790326, 'ign_k': 0.01764760547790647, 'ign_c': 3.455317163527891, 'trop_agb_crit': 7.542345891504834, 'trop_k_veg': 4.998123491371955, 'pop_amp': 0.002621326114499421, 'pop_peak': 131.7268078620262, 'pop_sig': 1.3678091804800696}. Best is trial 0 with value: -0.6002194417466498.
[I 2026-08-20 00:11:46,250] Trial 230 finished with value: 0.5215459895793353 and parameters: {'k1': 2.2432171897272568e-05, 'D_low': 14087.232498283594, 'k2': 0.00400030109543602, 'D_high': 254429.6756270144, 'fire_exp': 1.039636342227513, 'P_half': 93.27866518016864, 'pre_dampen_half': 1.396007716371732, 'gpp_af': 0.016918811810974977, 'gpp_b': 0.006647819555593958, 'gpp_d': 35.7903721468132, 'ign_k': 1.2043441795450665, 'ign_c': 1.6056705454076967, 'trop_agb_crit': 8.36473310408885, 'trop_k_veg': 1.338860043451648, 'pop_amp': 0.00667945139827315, 'pop_peak': 13.048389313311764, 'pop_sig': 0.6403022205858017}. Best is trial 0 with value: -0.6002194417466498.
[I 2026-08-20 00:11:49,419] Trial 231 finished with value: 0.6431812804918104 and parameters: {'k1': 0.035000953956341105, 'D_low': 295134.0565990753, 'k2': 0.0020648009549154842, 'D_high': 292616.4540637188, 'fire_exp': 1.2629428195019352, 'P_half': 676.3352981515847, 'pre_dampen_half': 298.8732520169068, 'gpp_af': 0.00339357088946573, 'gpp_b': 0.00036196768489675193, 'gpp_d': 12.16935361252276, 'ign_k': 0.0029614139898523177, 'ign_c': 18.872427776829834, 'trop_agb_crit': 8.782290003780966, 'trop_k_veg': 6.000441263964509, 'pop_amp': 0.0012017034709234345, 'pop_peak': 25.77590688733103, 'pop_sig': 0.6316765218430754}. Best is trial 0 with value: -0.6002194417466498.
[I 2026-08-20 00:11:52,459] Trial 232 finished with value: 0.6010074838564758 and parameters: {'k1': 0.00942993887757426, 'D_low': 214.07641041887672, 'k2': 5.293844663454097e-05, 'D_high': 6954.3728119515745, 'fire_exp': 1.9085068124141142, 'P_half': 1.1555744279812623, 'pre_dampen_half': 24.81649057844531, 'gpp_af': 4.298657169042136, 'gpp_b': 0.00020201933751205154, 'gpp_d': 50.24260081108183, 'ign_k': 0.0029385468082477155, 'ign_c': 531.8498135630242, 'trop_agb_crit': 15.267332005364146, 'trop_k_veg': 1.0721385830154204, 'pop_amp': 0.06893561747068815, 'pop_peak': 5.745944791812706, 'pop_sig': 0.5069380099525685}. Best is trial 0 with value: -0.6002194417466498.
[I 2026-08-20 00:11:55,436] Trial 233 finished with value: 0.6445374145881376 and parameters: {'k1': 0.020885617802874984, 'D_low': 5033.357635061453, 'k2': 0.011562869413419144, 'D_high': 303.6619185259605, 'fire_exp': 1.1546830999618436, 'P_half': 3538.7780731365333, 'pre_dampen_half': 557.4237692199177, 'gpp_af': 0.35323560627330197, 'gpp_b': 0.15063879697592272, 'gpp_d': 594.0385994958391, 'ign_k': 0.21456818171665734, 'ign_c': 22.71208505616172, 'trop_agb_crit': 11.85844134521712, 'trop_k_veg': 2.0085487657148176, 'pop_amp': 0.0032824209313968068, 'pop_peak': 0.6824735977820566, 'pop_sig': 0.9779470446665383}. Best is trial 0 with value: -0.6002194417466498.
[I 2026-08-20 00:11:58,320] Trial 234 finished with value: 0.507932992595906 and parameters: {'k1': 0.00016969891101494653, 'D_low': 622.7940730753869, 'k2': 0.009583001613879602, 'D_high': 7976.928553073928, 'fire_exp': 1.1452780229051998, 'P_half': 33.38582241468299, 'pre_dampen_half': 0.6692032559721156, 'gpp_af': 0.0013954194857650304, 'gpp_b': 1.5842552397327477e-05, 'gpp_d': 363.5044413870003, 'ign_k': 0.0030393063437138355, 'ign_c': 12.70282609936133, 'trop_agb_crit': 5.843159713375184, 'trop_k_veg': 0.5718256747404562, 'pop_amp': 17.522229192356356, 'pop_peak': 0.32467454539614043, 'pop_sig': 1.6016779201811882}. Best is trial 0 with value: -0.6002194417466498.
[I 2026-08-20 00:12:01,299] Trial 235 finished with value: 0.5818970998163668 and parameters: {'k1': 0.08013137451401262, 'D_low': 2247.3728284139606, 'k2': 0.0027602973890581296, 'D_high': 100221.26137824534, 'fire_exp': 1.167779140643099, 'P_half': 55.07101819673684, 'pre_dampen_half': 7.320203068522741, 'gpp_af': 10.34067904428496, 'gpp_b': 0.00044284018493146067, 'gpp_d': 48.30427713694928, 'ign_k': 0.08285856504587422, 'ign_c': 46.95571539176166, 'trop_agb_crit': 13.135882895140663, 'trop_k_veg': 0.8392270600155107, 'pop_amp': 0.29291439192404845, 'pop_peak': 0.0501874246655773, 'pop_sig': 1.39191374265025}. Best is trial 0 with value: -0.6002194417466498.
[I 2026-08-20 00:12:04,355] Trial 236 finished with value: 0.4363151698353809 and parameters: {'k1': 0.01870543664848814, 'D_low': 446.74652512767784, 'k2': 0.00012329017140856895, 'D_high': 6064547.894301438, 'fire_exp': 1.3552148355294495, 'P_half': 303.9562599018169, 'pre_dampen_half': 0.219368867832072, 'gpp_af': 7.65845494200885, 'gpp_b': 0.03221693007656187, 'gpp_d': 431.29013792499586, 'ign_k': 1.009525646946279, 'ign_c': 0.2491460987352948, 'trop_agb_crit': 7.380996328602969, 'trop_k_veg': 0.54347721840676, 'pop_amp': 1.1297819073285846, 'pop_peak': 10.431157043989828, 'pop_sig': 1.0708445236972772}. Best is trial 0 with value: -0.6002194417466498.
[I 2026-08-20 00:12:07,253] Trial 237 finished with value: -0.5330212317395817 and parameters: {'k1': 0.06221589807180652, 'D_low': 27071.53381677173, 'k2': 0.0029834408491843495, 'D_high': 336755.4440067165, 'fire_exp': 1.0540519977552214, 'P_half': 10.635770411429512, 'pre_dampen_half': 18.779631850189052, 'gpp_af': 0.00876142871421062, 'gpp_b': 3.062730973062563e-05, 'gpp_d': 0.7406186193031356, 'ign_k': 0.041792278613629455, 'ign_c': 0.9556109472811842, 'trop_agb_crit': 9.842839787413869, 'trop_k_veg': 4.4967246208045974, 'pop_amp': 0.01940878835124637, 'pop_peak': 11.269918282447657, 'pop_sig': 1.2860953611982233}. Best is trial 0 with value: -0.6002194417466498.
[I 2026-08-20 00:12:10,537] Trial 238 finished with value: 0.5623466620466581 and parameters: {'k1': 0.059054770536906845, 'D_low': 101529.03555497693, 'k2': 0.02218532433492125, 'D_high': 2006709.5046544815, 'fire_exp': 2.806844196567538, 'P_half': 89.62108336366963, 'pre_dampen_half': 0.8181996092578482, 'gpp_af': 0.15453902130019131, 'gpp_b': 0.00013368311988794864, 'gpp_d': 0.30865133873210476, 'ign_k': 0.9824339430833869, 'ign_c': 0.3010425996216306, 'trop_agb_crit': 5.224644018551526, 'trop_k_veg': 5.608737420702171, 'pop_amp': 6.750792549803749, 'pop_peak': 0.18243066579105421, 'pop_sig': 0.8842594682924468}. Best is trial 0 with value: -0.6002194417466498.
[I 2026-08-20 00:12:13,631] Trial 239 finished with value: 0.5275565304071961 and parameters: {'k1': 0.0022424390382169714, 'D_low': 196.40136153810113, 'k2': 0.008216986656548447, 'D_high': 2824262.458030073, 'fire_exp': 1.2627350574207026, 'P_half': 603.2860784098904, 'pre_dampen_half': 8.141534434250842, 'gpp_af': 0.0901185370487683, 'gpp_b': 0.00013432144359169798, 'gpp_d': 621.1478059624899, 'ign_k': 0.011767941863840581, 'ign_c': 48.425185902631505, 'trop_agb_crit': 11.783217363076293, 'trop_k_veg': 6.917054500620967, 'pop_amp': 0.012184608335016316, 'pop_peak': 402.0738311817097, 'pop_sig': 2.259571034741906}. Best is trial 0 with value: -0.6002194417466498.
[I 2026-08-20 00:12:16,776] Trial 240 finished with value: 0.5935038044638187 and parameters: {'k1': 0.01401427659039023, 'D_low': 5.018744576334875, 'k2': 0.003996809274771515, 'D_high': 576662.0722941365, 'fire_exp': 2.3724073678656534, 'P_half': 1820.8584309954535, 'pre_dampen_half': 56.64526533281774, 'gpp_af': 53.54217696727707, 'gpp_b': 0.000503427473823735, 'gpp_d': 313.62488263605286, 'ign_k': 0.017039352682771607, 'ign_c': 3.8420028276315077, 'trop_agb_crit': 3.35432834018573, 'trop_k_veg': 0.5633031166210728, 'pop_amp': 0.025156201720076387, 'pop_peak': 117.43940307785468, 'pop_sig': 0.2549662698753283}. Best is trial 0 with value: -0.6002194417466498.
[I 2026-08-20 00:12:19,807] Trial 241 finished with value: 0.6353177378261882 and parameters: {'k1': 0.06343221798340828, 'D_low': 206923.01040324112, 'k2': 0.004628125031314116, 'D_high': 414280.1901921535, 'fire_exp': 1.1502608078751881, 'P_half': 29.955645379476415, 'pre_dampen_half': 1.4747882101520384, 'gpp_af': 0.010932749145681132, 'gpp_b': 5.4432188749162143e-05, 'gpp_d': 11.981829152303284, 'ign_k': 0.022403896422317018, 'ign_c': 2.865417711259576, 'trop_agb_crit': 7.8626422954687305, 'trop_k_veg': 2.287571313819626, 'pop_amp': 0.022135387989127283, 'pop_peak': 55.399039865648746, 'pop_sig': 1.4113990177006204}. Best is trial 0 with value: -0.6002194417466498.
[I 2026-08-20 00:12:22,948] Trial 242 finished with value: 0.5054082899315592 and parameters: {'k1': 0.013513606235223444, 'D_low': 5908.141280790133, 'k2': 0.036743138743729614, 'D_high': 806996.6563048178, 'fire_exp': 1.2862919061217029, 'P_half': 19.297313974854895, 'pre_dampen_half': 106.70120343130571, 'gpp_af': 0.030851008315777237, 'gpp_b': 1.4208826498175807e-05, 'gpp_d': 0.3199498973303112, 'ign_k': 0.3223275315250628, 'ign_c': 4.297909862634382, 'trop_agb_crit': 7.130818780394896, 'trop_k_veg': 4.380405646066091, 'pop_amp': 0.022014058988875866, 'pop_peak': 8.636956637533748, 'pop_sig': 1.4491760789408548}. Best is trial 0 with value: -0.6002194417466498.
[I 2026-08-20 00:12:26,090] Trial 243 finished with value: 0.5744924956816395 and parameters: {'k1': 0.06079595426565511, 'D_low': 178.25888153291706, 'k2': 0.05619367357292783, 'D_high': 693.8973509124565, 'fire_exp': 1.263653991011405, 'P_half': 108.49723868453633, 'pre_dampen_half': 228.1401996281115, 'gpp_af': 0.016083709485058988, 'gpp_b': 0.0016770395677889326, 'gpp_d': 236.31612704315796, 'ign_k': 0.16436583060937124, 'ign_c': 0.9986138636788108, 'trop_agb_crit': 18.94741213600313, 'trop_k_veg': 3.704981989290151, 'pop_amp': 1.2517953379451887, 'pop_peak': 0.20143358727525493, 'pop_sig': 0.4312472526445835}. Best is trial 0 with value: -0.6002194417466498.
[I 2026-08-20 00:12:29,359] Trial 244 finished with value: 0.5607096056133672 and parameters: {'k1': 0.0545835478611086, 'D_low': 3611.7048107448736, 'k2': 0.08385696404794941, 'D_high': 6275583.407897331, 'fire_exp': 1.8314660725169065, 'P_half': 13.250628972588686, 'pre_dampen_half': 543.1606064476767, 'gpp_af': 2.7387431107928797, 'gpp_b': 0.00020701343092936126, 'gpp_d': 0.031954324435527905, 'ign_k': 1.568241784956775, 'ign_c': 0.3209446902226374, 'trop_agb_crit': 2.4304798368907305, 'trop_k_veg': 3.7973481022177635, 'pop_amp': 0.5322135158805228, 'pop_peak': 0.0750225112810066, 'pop_sig': 1.0129608195665794}. Best is trial 0 with value: -0.6002194417466498.
[I 2026-08-20 00:12:32,671] Trial 245 finished with value: 0.48750906127194193 and parameters: {'k1': 0.08991253273505502, 'D_low': 11.06591179923085, 'k2': 0.06882366895593903, 'D_high': 16804.739553479754, 'fire_exp': 1.5397343953610998, 'P_half': 205.91044887358441, 'pre_dampen_half': 57.501509934003195, 'gpp_af': 1.8804406931097075, 'gpp_b': 0.00010229900304751233, 'gpp_d': 181.9743463843963, 'ign_k': 1.029743140263061, 'ign_c': 0.16800648483548766, 'trop_agb_crit': 26.604012762088892, 'trop_k_veg': 5.19635934182211, 'pop_amp': 0.010217094366288936, 'pop_peak': 0.0674881952864992, 'pop_sig': 1.0026103308355825}. Best is trial 0 with value: -0.6002194417466498.
[I 2026-08-20 00:12:35,891] Trial 246 finished with value: -0.5591714327804131 and parameters: {'k1': 0.0056896011794524805, 'D_low': 16.989458161104658, 'k2': 0.003869918884706464, 'D_high': 2199952.524357248, 'fire_exp': 2.7970228093408145, 'P_half': 39.33215151088757, 'pre_dampen_half': 13.809092693462958, 'gpp_af': 0.001792548584623313, 'gpp_b': 2.3391013543855792e-05, 'gpp_d': 244.35638798346622, 'ign_k': 0.0794256638434891, 'ign_c': 5.997536370933592, 'trop_agb_crit': 16.543656701125364, 'trop_k_veg': 3.094004727402598, 'pop_amp': 0.0038251830725981794, 'pop_peak': 3.7697279198569937, 'pop_sig': 1.3642202149588356}. Best is trial 0 with value: -0.6002194417466498.
[I 2026-08-20 00:12:39,113] Trial 247 finished with value: 0.6060300948551711 and parameters: {'k1': 0.00025635373789423705, 'D_low': 16064.828794174718, 'k2': 0.02166361329024946, 'D_high': 1147071.524173087, 'fire_exp': 1.3353995898930724, 'P_half': 4720.003879425667, 'pre_dampen_half': 6.921943509243128, 'gpp_af': 0.316790110834763, 'gpp_b': 0.0006260789424681915, 'gpp_d': 189.07529081792, 'ign_k': 0.5337032927168092, 'ign_c': 41.0445249893828, 'trop_agb_crit': 24.343541312627845, 'trop_k_veg': 3.477046713379749, 'pop_amp': 0.001104468388490183, 'pop_peak': 56.04335467991813, 'pop_sig': 0.5578580796790398}. Best is trial 0 with value: -0.6002194417466498.
[I 2026-08-20 00:12:42,472] Trial 248 finished with value: 0.5958220540830491 and parameters: {'k1': 0.02506755328720119, 'D_low': 2966.0361377383624, 'k2': 0.037798507559535795, 'D_high': 83434.85069931959, 'fire_exp': 1.7277843286815733, 'P_half': 1247.0787126944701, 'pre_dampen_half': 102.07450951894127, 'gpp_af': 2.0375805614514872, 'gpp_b': 4.3108275578982195e-05, 'gpp_d': 1.0117966842333848, 'ign_k': 3.0883405021779615, 'ign_c': 1.3166633591918975, 'trop_agb_crit': 7.181290149912089, 'trop_k_veg': 7.533834184187439, 'pop_amp': 0.10891572405959377, 'pop_peak': 0.7612700653891051, 'pop_sig': 1.2961076109777974}. Best is trial 0 with value: -0.6002194417466498.
[I 2026-08-20 00:12:45,479] Trial 249 finished with value: 0.4461655575044672 and parameters: {'k1': 0.05386178398896608, 'D_low': 1122.184259347532, 'k2': 0.0115083892025944, 'D_high': 621660.1802207251, 'fire_exp': 1.1559777203212909, 'P_half': 167.9505834748952, 'pre_dampen_half': 485.1373838063936, 'gpp_af': 0.03095030621737124, 'gpp_b': 2.7423672176405517e-05, 'gpp_d': 16.00278399558626, 'ign_k': 0.03802481447532369, 'ign_c': 0.8861680007245953, 'trop_agb_crit': 22.898669037716438, 'trop_k_veg': 2.745993856607682, 'pop_amp': 0.0025307560152673394, 'pop_peak': 56.865441180653505, 'pop_sig': 0.9235042609006535}. Best is trial 0 with value: -0.6002194417466498.
[I 2026-08-20 00:12:48,685] Trial 250 finished with value: 0.6329044028666926 and parameters: {'k1': 0.028461789469254362, 'D_low': 182.29751839770103, 'k2': 0.034665469221047476, 'D_high': 482640.23942600936, 'fire_exp': 3.4042357755243633, 'P_half': 1771.6587607699141, 'pre_dampen_half': 331.70488844391383, 'gpp_af': 0.252761213158364, 'gpp_b': 0.00012458984927570034, 'gpp_d': 0.010918328283173791, 'ign_k': 0.0668328705624673, 'ign_c': 0.2893039052926631, 'trop_agb_crit': 2.4630224165260035, 'trop_k_veg': 3.4139408982771258, 'pop_amp': 1.6684708778851407, 'pop_peak': 1.5630522120363866, 'pop_sig': 1.2181249557214044}. Best is trial 0 with value: -0.6002194417466498.
[I 2026-08-20 00:12:51,801] Trial 251 finished with value: 0.43069008024726263 and parameters: {'k1': 0.019060139051357256, 'D_low': 22.85184017093726, 'k2': 0.013611647095407476, 'D_high': 1947602.0814521986, 'fire_exp': 1.1226884320252066, 'P_half': 169.61459750843864, 'pre_dampen_half': 3.283445482185178, 'gpp_af': 55.905978198820556, 'gpp_b': 0.00010971838071050111, 'gpp_d': 847.9464931869193, 'ign_k': 0.018799624820644737, 'ign_c': 13.209474369060718, 'trop_agb_crit': 3.9126120263303497, 'trop_k_veg': 0.8276001826187331, 'pop_amp': 2.93846542762611, 'pop_peak': 27.63419477104884, 'pop_sig': 0.3172055012716473}. Best is trial 0 with value: -0.6002194417466498.
[I 2026-08-20 00:12:54,987] Trial 252 finished with value: 0.4944223623662952 and parameters: {'k1': 0.06295230862343223, 'D_low': 22983.792790662486, 'k2': 0.0006440500912425964, 'D_high': 4468831.035240811, 'fire_exp': 1.408457940577792, 'P_half': 14.906758377964195, 'pre_dampen_half': 33.810085295524345, 'gpp_af': 0.0027730672309772175, 'gpp_b': 2.844595591014726e-05, 'gpp_d': 0.01303910754874876, 'ign_k': 0.029977850758752318, 'ign_c': 0.28669207325879636, 'trop_agb_crit': 8.65383219020098, 'trop_k_veg': 1.2945830697500917, 'pop_amp': 0.002667804822209599, 'pop_peak': 4.289102245877205, 'pop_sig': 1.1560709347562854}. Best is trial 0 with value: -0.6002194417466498.
[I 2026-08-20 00:12:58,082] Trial 253 finished with value: 0.578862624672688 and parameters: {'k1': 0.005412695343518449, 'D_low': 2.074167894718933, 'k2': 0.020807820697073473, 'D_high': 2211557.7596110688, 'fire_exp': 3.783245048182077, 'P_half': 110.94690960057285, 'pre_dampen_half': 1.5718933620791726, 'gpp_af': 0.009454240485297982, 'gpp_b': 4.034150824775881e-05, 'gpp_d': 24.686551054118162, 'ign_k': 0.023257764803917877, 'ign_c': 32.268870934883914, 'trop_agb_crit': 11.820994539743943, 'trop_k_veg': 3.80218823231559, 'pop_amp': 0.0013028030743000435, 'pop_peak': 0.20940255771492533, 'pop_sig': 0.8159322639287002}. Best is trial 0 with value: -0.6002194417466498.
[I 2026-08-20 00:13:01,176] Trial 254 finished with value: 0.5834830653183234 and parameters: {'k1': 0.03743884954059318, 'D_low': 1694.538235201123, 'k2': 0.019630701421486988, 'D_high': 4245.4057438757745, 'fire_exp': 1.0225838582783175, 'P_half': 14.954603522220534, 'pre_dampen_half': 396.8766583309891, 'gpp_af': 0.1978210851484116, 'gpp_b': 0.00014444216680397352, 'gpp_d': 0.6195130561118494, 'ign_k': 0.04088497490536037, 'ign_c': 5.8066103987660895, 'trop_agb_crit': 14.194248861218453, 'trop_k_veg': 1.8664840309037019, 'pop_amp': 0.05182465636956075, 'pop_peak': 32.54395022691432, 'pop_sig': 0.7285632059833398}. Best is trial 0 with value: -0.6002194417466498.
[I 2026-08-20 00:13:04,317] Trial 255 finished with value: 0.5493412507575657 and parameters: {'k1': 0.008082598632920105, 'D_low': 423.7287253330724, 'k2': 0.056449218232930906, 'D_high': 7023918.152951302, 'fire_exp': 1.7561384401092193, 'P_half': 1012.8740436446927, 'pre_dampen_half': 188.67730559697895, 'gpp_af': 0.0015404233676898492, 'gpp_b': 1.598091051008021e-05, 'gpp_d': 13.685415762667601, 'ign_k': 0.013748961439440014, 'ign_c': 12.073608831045702, 'trop_agb_crit': 10.303681073981833, 'trop_k_veg': 7.7471063870775465, 'pop_amp': 0.005896469100876194, 'pop_peak': 191.98645170498295, 'pop_sig': 2.1119959746052874}. Best is trial 0 with value: -0.6002194417466498.
