[I 2026-06-10 21:16:24,900] Trial 70 finished with values: [10.766848972466637, 10.766848972466637] and parameters: {'k1': 0.0007081721844034209, 'D_low': 976.9756791866082, 'k2': 1.4019509251727777e-05, 'D_high': 102.26988730324331, 'fire_exp': 1.5155677145630615, 'P_half': 3809.1436474916286, 'pre_dampen_half': 0.015231698662987011, 'gpp_af': 0.457685787310869, 'gpp_b': 4.395740721198845e-05, 'gpp_d': 1.7260836313776784, 'ign_k': 1.2650580856641707, 'ign_c': 0.9330007965781025, 'trop_agb_crit': 5.950973448740583, 'trop_k_veg': 1.69707578043331, 'fuel_k': 0.011370009386071307, 'fuel_half': 0.925203989413795}.
[I 2026-06-10 21:16:26,362] Trial 71 finished with values: [10.719070048773908, 10.719070048773908] and parameters: {'k1': 0.0010495653625093638, 'D_low': 1022.1111307208341, 'k2': 0.014666151770108535, 'D_high': 38202.59936390114, 'fire_exp': 1.2336901664320323, 'P_half': 94.99072859745384, 'pre_dampen_half': 0.01939964577577238, 'gpp_af': 0.5592994749372486, 'gpp_b': 0.004458440839692221, 'gpp_d': 562.7426550259207, 'ign_k': 6.344955605329754, 'ign_c': 0.2939463458625969, 'trop_agb_crit': 1.626357634890109, 'trop_k_veg': 1.733613253381165, 'fuel_k': 0.06525050422102326, 'fuel_half': 0.9682636678036001}.
[I 2026-06-10 21:16:27,683] Trial 72 finished with values: [10.66568579094532, 10.66568579094532] and parameters: {'k1': 0.008471801418819975, 'D_low': 248.10409748678117, 'k2': 4.207988669606632e-05, 'D_high': 1869.7387216131533, 'fire_exp': 1.3806513288500464, 'P_half': 118.39097834757698, 'pre_dampen_half': 10.129197956845726, 'gpp_af': 3.4702669886504163, 'gpp_b': 0.15208782389892764, 'gpp_d': 707.2114131472224, 'ign_k': 4.591485216740537, 'ign_c': 0.70689749506246, 'trop_agb_crit': 1.8559980846490576, 'trop_k_veg': 4.7254560805090735, 'fuel_k': 0.07002142869039264, 'fuel_half': 3.752055855124281}.
[I 2026-06-10 21:16:29,151] Trial 73 finished with values: [10.758411933205695, 10.758411933205695] and parameters: {'k1': 0.03865036856259725, 'D_low': 1.3670484737132342, 'k2': 0.004679839449773939, 'D_high': 48.8966926691675, 'fire_exp': 1.5570014564238306, 'P_half': 1.457050032975653, 'pre_dampen_half': 30.697381831179275, 'gpp_af': 0.024714492403026287, 'gpp_b': 0.00011536203425923768, 'gpp_d': 0.027765958408796157, 'ign_k': 0.0030376902301221657, 'ign_c': 6.968111190775309, 'trop_agb_crit': 2.017343814481252, 'trop_k_veg': 1.372760022287972, 'fuel_k': 0.2503625235956924, 'fuel_half': 11.781063202742125}.
[I 2026-06-10 21:16:30,612] Trial 74 finished with values: [10.769209560231975, 10.769209560231975] and parameters: {'k1': 0.028401063201780267, 'D_low': 15.466641867531402, 'k2': 0.00033271381912662167, 'D_high': 49840.77439553209, 'fire_exp': 5.80237501195484, 'P_half': 3.6345672005817913, 'pre_dampen_half': 716.623797158149, 'gpp_af': 0.27362513651284637, 'gpp_b': 2.3297716776136532, 'gpp_d': 99.833496022928, 'ign_k': 3.965503094323014, 'ign_c': 0.12299210465793126, 'trop_agb_crit': 5.526463318565575, 'trop_k_veg': 2.724170387400844, 'fuel_k': 0.10978148458640455, 'fuel_half': 0.5938312608859317}.
[I 2026-06-10 21:16:32,007] Trial 75 finished with values: [10.768576788407026, 10.768576788407026] and parameters: {'k1': 3.661819220392426e-05, 'D_low': 16.00237013173313, 'k2': 0.00033271381912662167, 'D_high': 2427.054417940131, 'fire_exp': 1.5191397119156032, 'P_half': 5985.024829384179, 'pre_dampen_half': 0.010656401760606449, 'gpp_af': 11.948328168545453, 'gpp_b': 0.00012118589392553798, 'gpp_d': 2.350017429221424, 'ign_k': 1.2164139351417065, 'ign_c': 22.126836566118193, 'trop_agb_crit': 3.384522041201139, 'trop_k_veg': 2.724170387400844, 'fuel_k': 2.4993775341055975, 'fuel_half': 7.41129978108324}.
[I 2026-06-10 21:16:33,482] Trial 76 finished with values: [10.768166949063048, 10.768166949063048] and parameters: {'k1': 0.0009299619346742016, 'D_low': 10.788909575795403, 'k2': 0.0012056765208549535, 'D_high': 83201.33621840179, 'fire_exp': 7.278512815051397, 'P_half': 20.654107883022302, 'pre_dampen_half': 14.689407256107613, 'gpp_af': 0.6378078463802858, 'gpp_b': 2.852199954727099e-05, 'gpp_d': 0.04409594046630608, 'ign_k': 0.003252245757497283, 'ign_c': 0.13035590385085064, 'trop_agb_crit': 1.6034837661963206, 'trop_k_veg': 2.9556982260250573, 'fuel_k': 0.03201034713747641, 'fuel_half': 0.4354040701751578}.
[I 2026-06-10 21:16:34,894] Trial 77 finished with values: [10.76921432573946, 10.76921432573946] and parameters: {'k1': 0.03865036856259725, 'D_low': 78.6767770625783, 'k2': 0.045643990286224165, 'D_high': 48.8966926691675, 'fire_exp': 1.5570014564238306, 'P_half': 338.10932731708533, 'pre_dampen_half': 0.06993189798526715, 'gpp_af': 0.024714492403026287, 'gpp_b': 0.00011536203425923768, 'gpp_d': 638.780407852287, 'ign_k': 0.0030376902301221657, 'ign_c': 4.555085098454081, 'trop_agb_crit': 1.3368165353768515, 'trop_k_veg': 7.930968248290507, 'fuel_k': 0.2503625235956924, 'fuel_half': 6.111601825712038}.
[I 2026-06-10 21:16:36,338] Trial 78 finished with values: [10.769230769178105, 10.769230769178105] and parameters: {'k1': 0.0009670857606743155, 'D_low': 2431.135510629241, 'k2': 0.02388897930076986, 'D_high': 388.28370252806803, 'fire_exp': 1.2781983515972553, 'P_half': 3.978045163053008, 'pre_dampen_half': 43.74654720293286, 'gpp_af': 0.3002317246575309, 'gpp_b': 0.20903510132454275, 'gpp_d': 16.059727222314248, 'ign_k': 0.5967518552547519, 'ign_c': 188.97713941351608, 'trop_agb_crit': 2.3547117006289287, 'trop_k_veg': 3.431372819108535, 'fuel_k': 0.057024351269772615, 'fuel_half': 5.89782661016595}.
[I 2026-06-10 21:16:37,792] Trial 79 finished with values: [10.640857141299975, 10.640857141299975] and parameters: {'k1': 1.263794633808287e-05, 'D_low': 1022.1111307208341, 'k2': 0.014666151770108535, 'D_high': 14403.650379563867, 'fire_exp': 2.0623196560647115, 'P_half': 94.99072859745384, 'pre_dampen_half': 345.01054536130147, 'gpp_af': 0.03940055743445144, 'gpp_b': 0.0028993292583566945, 'gpp_d': 59.94537656798816, 'ign_k': 0.008226074946221037, 'ign_c': 0.2939463458625969, 'trop_agb_crit': 2.679156169946616, 'trop_k_veg': 0.7818074020304813, 'fuel_k': 2.008410859639995, 'fuel_half': 0.2010796072862617}.
[I 2026-06-10 21:16:39,223] Trial 80 finished with values: [10.764917892754214, 10.764917892754214] and parameters: {'k1': 0.0009670857606743155, 'D_low': 16.00237013173313, 'k2': 0.00033271381912662167, 'D_high': 12124.080603355414, 'fire_exp': 1.5191397119156032, 'P_half': 157.80309954142965, 'pre_dampen_half': 0.015312220469853682, 'gpp_af': 0.03522602097143089, 'gpp_b': 0.00012118589392553798, 'gpp_d': 12.338826503601998, 'ign_k': 0.009674045662145934, 'ign_c': 188.97713941351608, 'trop_agb_crit': 15.16471267552962, 'trop_k_veg': 2.724170387400844, 'fuel_k': 0.10978148458640455, 'fuel_half': 71.14476009343416}.
[I 2026-06-10 21:16:40,511] Trial 81 finished with values: [10.754165597376732, 10.754165597376732] and parameters: {'k1': 0.0009299619346742016, 'D_low': 242.70544179401307, 'k2': 0.0006863458703786212, 'D_high': 83201.33621840179, 'fire_exp': 3.1089811865357015, 'P_half': 20.654107883022302, 'pre_dampen_half': 3.3841016089580034, 'gpp_af': 0.015875524914818664, 'gpp_b': 1.284284091405877e-05, 'gpp_d': 0.04409594046630608, 'ign_k': 0.003252245757497283, 'ign_c': 18.219343937475102, 'trop_agb_crit': 1.6034837661963206, 'trop_k_veg': 2.9556982260250573, 'fuel_k': 0.03201034713747641, 'fuel_half': 0.28682508353628944}.
[I 2026-06-10 21:16:41,867] Trial 82 finished with values: [10.721311354614006, 10.721311354614006] and parameters: {'k1': 0.0006579066240690734, 'D_low': 36.07301614542843, 'k2': 0.002173988526401145, 'D_high': 40237.59749324181, 'fire_exp': 1.1103154430776774, 'P_half': 8.318314747941244, 'pre_dampen_half': 0.040071391969561214, 'gpp_af': 0.24002253099641147, 'gpp_b': 0.005419266601560437, 'gpp_d': 483.22422323215085, 'ign_k': 0.012868405331151606, 'ign_c': 0.5655677524618509, 'trop_agb_crit': 1.111888584843313, 'trop_k_veg': 1.0345878666211452, 'fuel_k': 0.45000412754978936, 'fuel_half': 0.17108183937377372}.
[I 2026-06-10 21:16:43,243] Trial 83 finished with values: [10.767743104887565, 10.767743104887565] and parameters: {'k1': 0.0007883068789768041, 'D_low': 32.19420593085823, 'k2': 0.0009256855841989632, 'D_high': 783.2259769732478, 'fire_exp': 1.4900535273878766, 'P_half': 54.37591736923918, 'pre_dampen_half': 0.9829324480069708, 'gpp_af': 1.200191344086032, 'gpp_b': 0.002010700232947343, 'gpp_d': 5.221127581184657, 'ign_k': 4.225600583742911, 'ign_c': 31.874227118134094, 'trop_agb_crit': 1.2991796513958451, 'trop_k_veg': 6.770810276976083, 'fuel_k': 0.5544570532617323, 'fuel_half': 0.30817917005205625}.
[I 2026-06-10 21:16:44,617] Trial 84 finished with values: [10.757132983665503, 10.757132983665503] and parameters: {'k1': 0.07286653737491042, 'D_low': 2981.237069720883, 'k2': 7.841214856323651e-05, 'D_high': 24.58603276328006, 'fire_exp': 1.0283820194309468, 'P_half': 57.62487216478601, 'pre_dampen_half': 0.0407559644007287, 'gpp_af': 28.55719640738185, 'gpp_b': 0.014662453726154785, 'gpp_d': 922.1975850381748, 'ign_k': 0.001973268844408891, 'ign_c': 16.42166308203217, 'trop_agb_crit': 27.025726513675966, 'trop_k_veg': 2.132271839889451, 'fuel_k': 0.3302507755382605, 'fuel_half': 0.35856126103453967}.
[I 2026-06-10 21:16:46,089] Trial 85 finished with values: [10.769230769178105, 10.769230769178105] and parameters: {'k1': 3.661819220392426e-05, 'D_low': 102.49816559563212, 'k2': 1.6066267921727703e-05, 'D_high': 130.1924671436157, 'fire_exp': 8.095913996298554, 'P_half': 6.235377135673156, 'pre_dampen_half': 0.053024228766843526, 'gpp_af': 11.948328168545453, 'gpp_b': 0.17423847570785803, 'gpp_d': 44.16068895118583, 'ign_k': 0.4881375191603672, 'ign_c': 111.29571947045997, 'trop_agb_crit': 3.384522041201139, 'trop_k_veg': 3.7655625092973986, 'fuel_k': 0.8597962237158666, 'fuel_half': 7.41129978108324}.
[I 2026-06-10 21:16:47,654] Trial 86 finished with values: [10.704165879884895, 10.704165879884895] and parameters: {'k1': 1.263794633808287e-05, 'D_low': 2.7012557725439073, 'k2': 0.002884223471687844, 'D_high': 3512.7047262708465, 'fire_exp': 2.0623196560647115, 'P_half': 108.21382910613987, 'pre_dampen_half': 243.70551632385417, 'gpp_af': 5.056419398267455, 'gpp_b': 0.15208782389892764, 'gpp_d': 59.94537656798816, 'ign_k': 0.02741350741975827, 'ign_c': 1.4940577239079738, 'trop_agb_crit': 2.679156169946616, 'trop_k_veg': 0.7818074020304813, 'fuel_k': 3.826843441487287, 'fuel_half': 54.91887821601532}.
[I 2026-06-10 21:16:49,058] Trial 87 finished with values: [10.76651232131999, 10.76651232131999] and parameters: {'k1': 1.6559474674046002e-05, 'D_low': 21.917396611576006, 'k2': 0.0010726091927327822, 'D_high': 10.435856341129002, 'fire_exp': 1.3026772381867355, 'P_half': 277.00025557434554, 'pre_dampen_half': 0.2774295811500811, 'gpp_af': 39.744595568350256, 'gpp_b': 0.0011969498818304998, 'gpp_d': 0.542957716240429, 'ign_k': 0.022882309479728975, 'ign_c': 6.439790863101602, 'trop_agb_crit': 3.1419938725278875, 'trop_k_veg': 0.7258074184598352, 'fuel_k': 0.014999101825504624, 'fuel_half': 0.33819015402720176}.
[I 2026-06-10 21:16:50,412] Trial 88 finished with values: [10.768562824024327, 10.768562824024327] and parameters: {'k1': 0.007926237587961899, 'D_low': 13.174543864342764, 'k2': 1.2765717873951678e-05, 'D_high': 8945.150807271531, 'fire_exp': 3.583884892516702, 'P_half': 279.82272717049284, 'pre_dampen_half': 0.8726691654212084, 'gpp_af': 0.0021221774916927918, 'gpp_b': 0.0013672126623075966, 'gpp_d': 5.346676975436889, 'ign_k': 5.83256026854689, 'ign_c': 0.29126651668813763, 'trop_agb_crit': 1.1693687409928537, 'trop_k_veg': 0.559773544096922, 'fuel_k': 2.3801202050712633, 'fuel_half': 0.1614670469622492}.
[I 2026-06-10 21:16:51,746] Trial 89 finished with values: [10.549103853923485, 10.549103853923485] and parameters: {'k1': 0.00021066486017042195, 'D_low': 2.4474057445796826, 'k2': 0.002884223471687844, 'D_high': 199.86340778528879, 'fire_exp': 1.3806513288500464, 'P_half': 118.39097834757698, 'pre_dampen_half': 272.9378165037474, 'gpp_af': 0.22965432344634354, 'gpp_b': 5.2187377767381904e-05, 'gpp_d': 36.831884165358986, 'ign_k': 1.1044350847124695, 'ign_c': 1.4940577239079738, 'trop_agb_crit': 15.68644624233575, 'trop_k_veg': 4.7254560805090735, 'fuel_k': 0.28328975157735103, 'fuel_half': 1.9170041589170652}.
[I 2026-06-10 21:16:53,308] Trial 90 finished with values: [10.653559398896284, 10.653559398896284] and parameters: {'k1': 0.028401063201780267, 'D_low': 1.7956984225677628, 'k2': 0.00033271381912662167, 'D_high': 2427.054417940131, 'fire_exp': 1.5191397119156032, 'P_half': 355.00125258511594, 'pre_dampen_half': 8.259599205585761, 'gpp_af': 0.03522602097143089, 'gpp_b': 0.00012118589392553798, 'gpp_d': 12.338826503601998, 'ign_k': 3.965503094323014, 'ign_c': 22.126836566118193, 'trop_agb_crit': 5.526463318565575, 'trop_k_veg': 2.724170387400844, 'fuel_k': 0.28328975157735103, 'fuel_half': 71.14476009343416}.
[I 2026-06-10 21:16:54,827] Trial 91 finished with values: [10.641243785451719, 10.641243785451719] and parameters: {'k1': 1.3243445838637965e-05, 'D_low': 1.4105638677535268, 'k2': 0.0006863458703786212, 'D_high': 83201.33621840179, 'fire_exp': 1.3398633649925373, 'P_half': 20.654107883022302, 'pre_dampen_half': 14.689407256107613, 'gpp_af': 0.011997897226934482, 'gpp_b': 2.852199954727099e-05, 'gpp_d': 0.04409594046630608, 'ign_k': 0.001609633064821938, 'ign_c': 13.34807155996068, 'trop_agb_crit': 1.6034837661963206, 'trop_k_veg': 2.9276023444448636, 'fuel_k': 0.03201034713747641, 'fuel_half': 1.0889347318773483}.
[I 2026-06-10 21:16:56,204] Trial 92 finished with values: [10.768135336750314, 10.768135336750314] and parameters: {'k1': 0.0010495653625093638, 'D_low': 2022.2268128429641, 'k2': 0.0001906331412032436, 'D_high': 40237.59749324181, 'fire_exp': 2.450200807937923, 'P_half': 13.30003421978439, 'pre_dampen_half': 565.0116730717873, 'gpp_af': 0.0028604435659156367, 'gpp_b': 0.005419266601560437, 'gpp_d': 562.7426550259207, 'ign_k': 0.012868405331151606, 'ign_c': 19.66760839944308, 'trop_agb_crit': 8.576304173303555, 'trop_k_veg': 1.331829048405031, 'fuel_k': 0.4182971994460706, 'fuel_half': 0.17108183937377372}.
[I 2026-06-10 21:16:57,552] Trial 93 finished with values: [10.769119747309846, 10.769119747309846] and parameters: {'k1': 0.008471801418819975, 'D_low': 248.10409748678117, 'k2': 0.00018245734513362482, 'D_high': 42.070539502879384, 'fire_exp': 8.76818498976553, 'P_half': 19.625093208439857, 'pre_dampen_half': 3.926025433552808, 'gpp_af': 3.4702669886504163, 'gpp_b': 1.3289448722869181e-05, 'gpp_d': 722.6207258080483, 'ign_k': 2.1368329072358767, 'ign_c': 0.70689749506246, 'trop_agb_crit': 6.264610220794367, 'trop_k_veg': 1.1514990646668621, 'fuel_k': 0.07002142869039264, 'fuel_half': 3.752055855124281}.
[I 2026-06-10 21:16:58,933] Trial 94 finished with values: [10.769230722711045, 10.769230722711045] and parameters: {'k1': 0.00013431925993528124, 'D_low': 5.125758907937937, 'k2': 0.010056781316817115, 'D_high': 16878.698558795608, 'fire_exp': 9.783745385669455, 'P_half': 1455.0993923603367, 'pre_dampen_half': 0.3924302839842014, 'gpp_af': 7.6219273293452225, 'gpp_b': 0.0011087183655158347, 'gpp_d': 450.59526947401275, 'ign_k': 2.7142572552186843, 'ign_c': 5.199673923878316, 'trop_agb_crit': 12.856643861355176, 'trop_k_veg': 4.050700716504252, 'fuel_k': 0.019341658237934812, 'fuel_half': 51.01039893789341}.
[I 2026-06-10 21:17:00,391] Trial 95 finished with values: [10.765992105520532, 10.765992105520532] and parameters: {'k1': 0.0005342937261279777, 'D_low': 10.788909575795403, 'k2': 0.0006863458703786212, 'D_high': 36.13894271216527, 'fire_exp': 1.9594972058679163, 'P_half': 29.204338471814108, 'pre_dampen_half': 1.9069966103000422, 'gpp_af': 8.43101393208247, 'gpp_b': 2.852199954727099e-05, 'gpp_d': 0.04409594046630608, 'ign_k': 0.23423849847112907, 'ign_c': 0.4051452710153359, 'trop_agb_crit': 1.6034837661963206, 'trop_k_veg': 2.9556982260250573, 'fuel_k': 0.03201034713747641, 'fuel_half': 1.0889347318773483}.
[I 2026-06-10 21:17:01,933] Trial 96 finished with values: [10.259838234358988, 10.259838234358988] and parameters: {'k1': 0.012840669372724958, 'D_low': 171.2446447678494, 'k2': 0.002884223471687844, 'D_high': 42210.21267871043, 'fire_exp': 1.3806513288500464, 'P_half': 93.43302657318476, 'pre_dampen_half': 13.472769577631583, 'gpp_af': 5.056419398267455, 'gpp_b': 2.176805640408474e-05, 'gpp_d': 32.54021513867688, 'ign_k': 0.0029519227433917453, 'ign_c': 1.4940577239079738, 'trop_agb_crit': 12.647327018493208, 'trop_k_veg': 4.7254560805090735, 'fuel_k': 4.710433409437072, 'fuel_half': 1.3323297901105768}.
[I 2026-06-10 21:17:03,399] Trial 97 finished with values: [10.769228377376612, 10.769228377376612] and parameters: {'k1': 1.127217425995114e-05, 'D_low': 2.1980325699763847, 'k2': 6.784924519083143e-05, 'D_high': 12.76817467743396, 'fire_exp': 1.5185721648966928, 'P_half': 214.86528009914124, 'pre_dampen_half': 1.279742971294904, 'gpp_af': 29.064212180053847, 'gpp_b': 0.8028998382627327, 'gpp_d': 0.5117840638194651, 'ign_k': 0.010906709195141879, 'ign_c': 349.87345440353545, 'trop_agb_crit': 7.446243022338457, 'trop_k_veg': 1.0513584047313387, 'fuel_k': 0.5419760167299904, 'fuel_half': 1.6913557203040608}.
[I 2026-06-10 21:17:04,766] Trial 98 finished with values: [10.769209348995012, 10.769209348995012] and parameters: {'k1': 0.0038341488164556755, 'D_low': 191.91689944397532, 'k2': 0.0002656971546588439, 'D_high': 21938.654178115055, 'fire_exp': 2.0930522257520923, 'P_half': 8.890110660871555, 'pre_dampen_half': 0.01599100311121483, 'gpp_af': 0.005811599743439244, 'gpp_b': 0.11624818236139055, 'gpp_d': 0.06359264168909612, 'ign_k': 0.11178209200698727, 'ign_c': 1.3815947516319929, 'trop_agb_crit': 1.8034072970800916, 'trop_k_veg': 6.008736672774419, 'fuel_k': 0.8308632327396432, 'fuel_half': 1.4461256820152137}.
[I 2026-06-10 21:17:06,190] Trial 99 finished with values: [10.769230769178105, 10.769230769178105] and parameters: {'k1': 0.0038341488164556755, 'D_low': 55.527243744195495, 'k2': 0.0002656971546588439, 'D_high': 2907.0516815839383, 'fire_exp': 5.80237501195484, 'P_half': 8.890110660871555, 'pre_dampen_half': 219.95805943313192, 'gpp_af': 0.005811599743439244, 'gpp_b': 2.3297716776136532, 'gpp_d': 99.833496022928, 'ign_k': 0.005575298138639647, 'ign_c': 1.3815947516319929, 'trop_agb_crit': 1.8034072970800916, 'trop_k_veg': 6.008736672774419, 'fuel_k': 0.5753052119333704, 'fuel_half': 0.4998945756579641}.
[I 2026-06-10 21:17:07,661] Trial 100 finished with values: [10.765493441225516, 10.765493441225516] and parameters: {'k1': 0.0010495653625093638, 'D_low': 2022.2268128429641, 'k2': 1.2519965329664594e-05, 'D_high': 2427.054417940131, 'fire_exp': 2.450200807937923, 'P_half': 1.104970302415413, 'pre_dampen_half': 8.259599205585761, 'gpp_af': 0.0028604435659156367, 'gpp_b': 0.00012118589392553798, 'gpp_d': 12.338826503601998, 'ign_k': 3.965503094323014, 'ign_c': 19.66760839944308, 'trop_agb_crit': 5.526463318565575, 'trop_k_veg': 2.724170387400844, 'fuel_k': 0.06525050422102326, 'fuel_half': 71.14476009343416}.
[I 2026-06-10 21:17:09,107] Trial 101 finished with values: [10.769225918986121, 10.769225918986121] and parameters: {'k1': 0.0011101191524846067, 'D_low': 101.40635645866499, 'k2': 0.015602015889668856, 'D_high': 3979.749374103118, 'fire_exp': 5.034622093017273, 'P_half': 1524.6518242848613, 'pre_dampen_half': 281.855626699674, 'gpp_af': 22.412709881999554, 'gpp_b': 0.0017926591238975052, 'gpp_d': 0.029505956594932957, 'ign_k': 0.20564614086027933, 'ign_c': 0.13924162890248676, 'trop_agb_crit': 4.872420129560893, 'trop_k_veg': 2.251019475487767, 'fuel_k': 0.06252517815977368, 'fuel_half': 5.922427891922456}.
[I 2026-06-10 21:17:10,531] Trial 102 finished with values: [10.766759738301198, 10.766759738301198] and parameters: {'k1': 1.2164034504723764e-05, 'D_low': 1.7956984225677628, 'k2': 0.00017535949529764417, 'D_high': 199.86340778528879, 'fire_exp': 1.2918065501148304, 'P_half': 3153.600608518471, 'pre_dampen_half': 0.011396414164620812, 'gpp_af': 0.22965432344634354, 'gpp_b': 5.2187377767381904e-05, 'gpp_d': 0.03927259340973166, 'ign_k': 1.1044350847124695, 'ign_c': 17.583640270008505, 'trop_agb_crit': 13.766134492174427, 'trop_k_veg': 2.520089655463604, 'fuel_k': 0.28328975157735103, 'fuel_half': 1.3323297901105768}.
[I 2026-06-10 21:17:11,975] Trial 103 finished with values: [10.76786554692546, 10.76786554692546] and parameters: {'k1': 0.0007883068789768041, 'D_low': 2.4622754931226587, 'k2': 0.0009256855841989632, 'D_high': 783.2259769732478, 'fire_exp': 3.3801590342525687, 'P_half': 102.4585893986732, 'pre_dampen_half': 0.9829324480069708, 'gpp_af': 0.29012721497386246, 'gpp_b': 0.0001484082099455773, 'gpp_d': 40.950628944766926, 'ign_k': 0.013276678836047658, 'ign_c': 0.12510188850164433, 'trop_agb_crit': 8.983402272488592, 'trop_k_veg': 0.8170196702261714, 'fuel_k': 4.063236497369241, 'fuel_half': 0.30817917005205625}.
[I 2026-06-10 21:17:13,367] Trial 104 finished with values: [10.767567505900171, 10.767567505900171] and parameters: {'k1': 0.0005342937261279777, 'D_low': 14.61896279370496, 'k2': 0.0028016351587162596, 'D_high': 36.13894271216527, 'fire_exp': 1.2781983515972553, 'P_half': 1.9977959434035766, 'pre_dampen_half': 43.74654720293286, 'gpp_af': 8.43101393208247, 'gpp_b': 0.620439464939785, 'gpp_d': 3.725393839578884, 'ign_k': 0.009674045662145934, 'ign_c': 188.97713941351608, 'trop_agb_crit': 7.896186801026689, 'trop_k_veg': 0.8022348220849581, 'fuel_k': 0.057024351269772615, 'fuel_half': 5.89782661016595}.
