[I 2026-08-19 13:01:35,445] Trial 330 finished with values: [-0.384420584765591, 0.025259270400250555] and parameters: {'k1': 0.006117912981900519, 'D_low': 49466.69606757249, 'k2': 3.077180271250682e-05, 'D_high': 577.4987726789047, 'fire_exp': 1.0824018381500955, 'P_half': 185.3809246193148, 'pre_dampen_half': 1.3202414283299975, 'gpp_af': 36.830088529547496, 'gpp_b': 0.0007417652034871827, 'gpp_d': 49.231837594186814, 'ign_k': 0.1537592023548176, 'ign_c': 0.8916066514644356, 'trop_agb_crit': 17.69486533706496, 'trop_k_veg': 4.288672925586801, 'pop_amp': 10.985330528057915, 'pop_peak': 352.89806695809773, 'pop_sig': 0.9904669476016459, 'fuel_k': 0.27631890369709744, 'fuel_half': 0.18427970406864538}.
[I 2026-08-19 13:01:38,315] Trial 331 finished with values: [-0.3554625854118624, 0.0] and parameters: {'k1': 0.0004846497679219079, 'D_low': 2.400213216646464, 'k2': 0.09116768553735347, 'D_high': 6543576.946931886, 'fire_exp': 6.454675979546216, 'P_half': 1265.0580856641704, 'pre_dampen_half': 1.8469033699850426, 'gpp_af': 0.11134482360128048, 'gpp_b': 0.05825704883392061, 'gpp_d': 8.347790852520644, 'ign_k': 0.17320535908244444, 'ign_c': 89.12611835816996, 'trop_agb_crit': 14.188434224699876, 'trop_k_veg': 6.972354563243685, 'pop_amp': 0.008683934086503814, 'pop_peak': 0.05281056279423359, 'pop_sig': 1.0424917012813995, 'fuel_k': 0.9199338799678547, 'fuel_half': 1.7895437790635824}.
[I 2026-08-19 13:01:41,007] Trial 332 finished with values: [-0.5150314330848319, 0.11337465489523102] and parameters: {'k1': 0.0029070516815839368, 'D_low': 24.989458677225585, 'k2': 0.0019856031481305684, 'D_high': 24493.271671328574, 'fire_exp': 1.1633452995374232, 'P_half': 3153.600608518471, 'pre_dampen_half': 4.412509669839992, 'gpp_af': 0.41874665092828456, 'gpp_b': 0.620439464939785, 'gpp_d': 976.4961889396907, 'ign_k': 0.3818468247973969, 'ign_c': 0.5110256715654393, 'trop_agb_crit': 3.923744278402932, 'trop_k_veg': 5.712262369489803, 'pop_amp': 11.72926995754655, 'pop_peak': 286.20780896012474, 'pop_sig': 0.6339869673360993, 'fuel_k': 1.3626356448811705, 'fuel_half': 1.7918446176734728}.
  trial  333/2500  pareto_size=21  best_ilamb=0.6094  (16.0 min)
[I 2026-08-19 13:01:44,009] Trial 333 finished with values: [-0.48527709469243596, 0.0324200629969168] and parameters: {'k1': 0.00020329778470902634, 'D_low': 1368.9795993592197, 'k2': 0.0021608491389795734, 'D_high': 1661855.441285105, 'fire_exp': 1.1633452995374232, 'P_half': 267.2146013620241, 'pre_dampen_half': 0.10189118197357125, 'gpp_af': 0.41874665092828456, 'gpp_b': 0.004411400434514031, 'gpp_d': 1.0088237648985734, 'ign_k': 0.3818468247973969, 'ign_c': 0.5110256715654393, 'trop_agb_crit': 28.49245476864681, 'trop_k_veg': 5.691473319778836, 'pop_amp': 0.0021433490423168255, 'pop_peak': 2.016436598480055, 'pop_sig': 0.4663206866626952, 'fuel_k': 1.3626356448811705, 'fuel_half': 1.683458881839943}.
[I 2026-08-19 13:01:47,006] Trial 334 finished with values: [-0.358432783995808, 7.083204234259455e-08] and parameters: {'k1': 0.006117912981900519, 'D_low': 286.06841726052676, 'k2': 0.0003856302813879373, 'D_high': 577.4987726789047, 'fire_exp': 3.7695400350033266, 'P_half': 267.2146013620241, 'pre_dampen_half': 1.3202414283299975, 'gpp_af': 36.830088529547496, 'gpp_b': 0.010442814210473004, 'gpp_d': 0.19553384550454228, 'ign_k': 0.06358541141199495, 'ign_c': 17.321868366117503, 'trop_agb_crit': 1.271272336700571, 'trop_k_veg': 4.541505658710469, 'pop_amp': 0.0013002472438361158, 'pop_peak': 1.421337820414783, 'pop_sig': 1.8528333992769594, 'fuel_k': 0.022805907608636752, 'fuel_half': 1.4605276344629996}.
[I 2026-08-19 13:01:49,638] Trial 335 finished with values: [-0.3796322200172925, 7.958300685118047e-12] and parameters: {'k1': 0.09372580613581186, 'D_low': 2.400213216646464, 'k2': 0.0002191739661157602, 'D_high': 6543576.946931886, 'fire_exp': 6.454675979546216, 'P_half': 6220.327170121322, 'pre_dampen_half': 1.8469033699850426, 'gpp_af': 0.005018406982902927, 'gpp_b': 0.05825704883392061, 'gpp_d': 1.0088237648985734, 'ign_k': 0.17320535908244444, 'ign_c': 0.13492881864712067, 'trop_agb_crit': 1.257433437731036, 'trop_k_veg': 6.972354563243685, 'pop_amp': 2.1219303004144856, 'pop_peak': 1.421337820414783, 'pop_sig': 1.162875964667613, 'fuel_k': 4.04437775870989, 'fuel_half': 0.3497028715561063}.
[I 2026-08-19 13:01:52,863] Trial 336 finished with values: [-0.388710925384875, 3.3306690738754696e-16] and parameters: {'k1': 4.929552311643645e-05, 'D_low': 50340.563942871704, 'k2': 0.0019856031481305684, 'D_high': 4137.7016715719255, 'fire_exp': 5.433392060430592, 'P_half': 8894.151386481904, 'pre_dampen_half': 0.7465571739720183, 'gpp_af': 0.9346598275601615, 'gpp_b': 0.262066851092946, 'gpp_d': 118.26972885708257, 'ign_k': 0.0023181776112903506, 'ign_c': 12.366924205139131, 'trop_agb_crit': 3.544180417534903, 'trop_k_veg': 0.8084202024508578, 'pop_amp': 0.029228481237926353, 'pop_peak': 503.7153440645595, 'pop_sig': 1.804482856986987, 'fuel_k': 0.022805907608636752, 'fuel_half': 17.890117928710357}.
[I 2026-08-19 13:01:56,283] Trial 337 finished with values: [-0.3940155810836691, 1.446620601086579e-13] and parameters: {'k1': 0.01703663299029594, 'D_low': 16402.29067110099, 'k2': 0.00027413507419758244, 'D_high': 577.4987726789047, 'fire_exp': 3.7695400350033266, 'P_half': 1636.5290600718067, 'pre_dampen_half': 1.3202414283299975, 'gpp_af': 36.830088529547496, 'gpp_b': 0.010442814210473004, 'gpp_d': 64.77772237567407, 'ign_k': 0.43129510236174595, 'ign_c': 0.4484744524732794, 'trop_agb_crit': 3.544180417534903, 'trop_k_veg': 4.541505658710469, 'pop_amp': 0.0013002472438361158, 'pop_peak': 1.421337820414783, 'pop_sig': 1.804482856986987, 'fuel_k': 0.27631890369709744, 'fuel_half': 17.890117928710357}.
[I 2026-08-19 13:01:59,812] Trial 338 finished with values: [-0.3554625854118624, 0.0] and parameters: {'k1': 0.025628666000163555, 'D_low': 2048.523887932672, 'k2': 0.0019856031481305684, 'D_high': 1661855.441285105, 'fire_exp': 2.5321117364280843, 'P_half': 6281.776703992854, 'pre_dampen_half': 0.05437101051096082, 'gpp_af': 3.3373658194339484, 'gpp_b': 0.008968044580295738, 'gpp_d': 33.14353601232754, 'ign_k': 9.162638829638215, 'ign_c': 155.32973289514206, 'trop_agb_crit': 1.050713312531254, 'trop_k_veg': 4.30392173391187, 'pop_amp': 1.1784449905844594, 'pop_peak': 0.17274196344453516, 'pop_sig': 2.4100357112052566, 'fuel_k': 3.250046746707412, 'fuel_half': 1.7918446176734728}.
[I 2026-08-19 13:02:02,882] Trial 339 finished with values: [-0.3554625854118624, 0.0] and parameters: {'k1': 2.9693357731296325e-05, 'D_low': 15150.361381456718, 'k2': 0.0032792262899971644, 'D_high': 1840060.4093141211, 'fire_exp': 5.433392060430592, 'P_half': 1636.5290600718067, 'pre_dampen_half': 0.2571419084734534, 'gpp_af': 0.15063176818232543, 'gpp_b': 0.0011284712324279547, 'gpp_d': 127.72812100441641, 'ign_k': 1.8678279278246273, 'ign_c': 243.11355106292382, 'trop_agb_crit': 3.544180417534903, 'trop_k_veg': 4.30392173391187, 'pop_amp': 2.6865274575771596, 'pop_peak': 0.22068324240460466, 'pop_sig': 0.42382971672762476, 'fuel_k': 1.0151421859083098, 'fuel_half': 14.458046248526905}.
  trial  340/2500  pareto_size=21  best_ilamb=0.6094  (16.4 min)
[I 2026-08-19 13:02:06,501] Trial 340 finished with values: [-0.39536027975605864, 1.7763568394002505e-15] and parameters: {'k1': 4.0873003903057456e-05, 'D_low': 286.06841726052676, 'k2': 4.392638796750218e-05, 'D_high': 9355.38060645217, 'fire_exp': 4.3161213924316595, 'P_half': 4.937355303501834, 'pre_dampen_half': 0.0399066504395798, 'gpp_af': 0.005018406982902927, 'gpp_b': 1.624829724391053, 'gpp_d': 3.9841905944346854, 'ign_k': 0.3699359899959751, 'ign_c': 0.2806439011124269, 'trop_agb_crit': 27.05166881899929, 'trop_k_veg': 3.754644404143055, 'pop_amp': 5.27924855752961, 'pop_peak': 10.679600530994481, 'pop_sig': 0.9904669476016459, 'fuel_k': 3.640039183945803, 'fuel_half': 0.10355826161899183}.
[I 2026-08-19 13:02:09,792] Trial 341 finished with values: [-0.38650420868774055, 4.2299497238218464e-14] and parameters: {'k1': 0.006117912981900519, 'D_low': 2.400213216646464, 'k2': 0.00027413507419758244, 'D_high': 577.4987726789047, 'fire_exp': 6.454675979546216, 'P_half': 267.2146013620241, 'pre_dampen_half': 1.3202414283299975, 'gpp_af': 0.18737227240512885, 'gpp_b': 4.038332634638232, 'gpp_d': 8.347790852520644, 'ign_k': 0.04439802552990466, 'ign_c': 0.13492881864712067, 'trop_agb_crit': 23.606263788786194, 'trop_k_veg': 4.541505658710469, 'pop_amp': 0.0034369873301918173, 'pop_peak': 4.557885026195722, 'pop_sig': 1.0424917012813995, 'fuel_k': 0.27631890369709744, 'fuel_half': 0.3497028715561063}.
[I 2026-08-19 13:02:12,112] Trial 342 finished with values: [-0.414336645398296, 0.002969835504733731] and parameters: {'k1': 1.8064907756357243e-05, 'D_low': 16402.29067110099, 'k2': 0.0003856302813879373, 'D_high': 24493.271671328574, 'fire_exp': 1.3796609641485171, 'P_half': 6281.776703992854, 'pre_dampen_half': 1.8469033699850426, 'gpp_af': 0.5277709597877517, 'gpp_b': 1.0828092646426677e-05, 'gpp_d': 1.0088237648985734, 'ign_k': 0.006418208309987481, 'ign_c': 12.366924205139131, 'trop_agb_crit': 8.711333668367427, 'trop_k_veg': 4.30392173391187, 'pop_amp': 0.0034369873301918173, 'pop_peak': 0.5393162598439744, 'pop_sig': 1.8528333992769594, 'fuel_k': 0.27631890369709744, 'fuel_half': 1.7918446176734728}.
[I 2026-08-19 13:02:14,894] Trial 343 finished with values: [-0.4421059571353972, 0.0027271043459879962] and parameters: {'k1': 9.67404566214593e-05, 'D_low': 2048.523887932672, 'k2': 6.340140860251457e-05, 'D_high': 1819372.4578178402, 'fire_exp': 2.5321117364280843, 'P_half': 229.5739821454948, 'pre_dampen_half': 0.2571419084734534, 'gpp_af': 0.0028701881471957036, 'gpp_b': 9.67374839440457e-05, 'gpp_d': 108.18665579547857, 'ign_k': 9.162638829638215, 'ign_c': 6.0816733722841345, 'trop_agb_crit': 1.050713312531254, 'trop_k_veg': 2.246382792334124, 'pop_amp': 0.024891633080683897, 'pop_peak': 1.884221947092994, 'pop_sig': 1.804482856986987, 'fuel_k': 3.250046746707412, 'fuel_half': 17.890117928710357}.
[I 2026-08-19 13:02:17,718] Trial 344 finished with values: [-0.421731422601073, 0.005197778594209113] and parameters: {'k1': 0.0003944671255903532, 'D_low': 2.1309331861011747, 'k2': 0.0002191739661157602, 'D_high': 147291.8866762514, 'fire_exp': 3.7695400350033266, 'P_half': 21.577279477693462, 'pre_dampen_half': 0.9791370130598966, 'gpp_af': 0.37842528170684203, 'gpp_b': 0.0023825177763049862, 'gpp_d': 1.0088237648985734, 'ign_k': 0.02442377596403895, 'ign_c': 0.4177928311636542, 'trop_agb_crit': 10.648523482737417, 'trop_k_veg': 2.246382792334124, 'pop_amp': 0.08829902947227952, 'pop_peak': 70.5165740192732, 'pop_sig': 0.6116431410666088, 'fuel_k': 0.24240470828760216, 'fuel_half': 1.8062437132536941}.
[I 2026-08-19 13:02:20,210] Trial 345 finished with values: [-0.40683899278481217, 1.6714289445940445e-05] and parameters: {'k1': 0.0006234110422257378, 'D_low': 27972.024228472703, 'k2': 0.0019856031481305684, 'D_high': 24493.271671328574, 'fire_exp': 1.1633452995374232, 'P_half': 1265.0580856641704, 'pre_dampen_half': 0.09467055845337147, 'gpp_af': 0.41874665092828456, 'gpp_b': 0.0004837646996135023, 'gpp_d': 118.26972885708257, 'ign_k': 9.162638829638215, 'ign_c': 0.8916132699546893, 'trop_agb_crit': 24.500297851058132, 'trop_k_veg': 1.4073753663766309, 'pop_amp': 0.04874366481145617, 'pop_peak': 0.17274196344453516, 'pop_sig': 1.804482856986987, 'fuel_k': 0.6153584041797165, 'fuel_half': 1.9255395572015603}.
[I 2026-08-19 13:02:22,808] Trial 346 finished with values: [-0.3554625854118624, 0.0] and parameters: {'k1': 0.08924795116437424, 'D_low': 30595.410256046172, 'k2': 0.0019856031481305684, 'D_high': 1814.597053180889, 'fire_exp': 1.3796609641485171, 'P_half': 1636.5290600718067, 'pre_dampen_half': 0.13688256550323696, 'gpp_af': 0.0077125451401819246, 'gpp_b': 9.67374839440457e-05, 'gpp_d': 2.3230017312141893, 'ign_k': 9.162638829638215, 'ign_c': 12.366924205139131, 'trop_agb_crit': 25.313763881721908, 'trop_k_veg': 0.7356483920677926, 'pop_amp': 0.029228481237926353, 'pop_peak': 0.17274196344453516, 'pop_sig': 0.7020782687730053, 'fuel_k': 3.0434684030233257, 'fuel_half': 23.216226582091146}.
[I 2026-08-19 13:02:25,068] Trial 347 finished with values: [-0.3956913978185644, 9.593435057464461e-08] and parameters: {'k1': 0.005456725485601475, 'D_low': 16402.29067110099, 'k2': 3.077180271250682e-05, 'D_high': 9355.38060645217, 'fire_exp': 3.7695400350033266, 'P_half': 4337.920697490941, 'pre_dampen_half': 0.19674328025306115, 'gpp_af': 0.37842528170684203, 'gpp_b': 2.7490050813656284e-05, 'gpp_d': 3.9841905944346854, 'ign_k': 6.32338195106678, 'ign_c': 0.4177928311636542, 'trop_agb_crit': 1.8566494291193822, 'trop_k_veg': 2.246382792334124, 'pop_amp': 0.39395852338017867, 'pop_peak': 70.5165740192732, 'pop_sig': 0.9904669476016459, 'fuel_k': 3.640039183945803, 'fuel_half': 1.683458881839943}.
  trial  348/2500  pareto_size=21  best_ilamb=0.6094  (16.8 min)
[I 2026-08-19 13:02:27,692] Trial 348 finished with values: [-0.3994302219195233, 1.2381762282132058e-11] and parameters: {'k1': 0.0004846497679219079, 'D_low': 1.6569065206637925, 'k2': 0.0002001342062287998, 'D_high': 102159.03721716054, 'fire_exp': 1.8678802571070678, 'P_half': 1265.0580856641704, 'pre_dampen_half': 1.8469033699850426, 'gpp_af': 0.11134482360128048, 'gpp_b': 1.788789091682049e-05, 'gpp_d': 0.050654860639753524, 'ign_k': 0.17320535908244444, 'ign_c': 89.12611835816996, 'trop_agb_crit': 14.188434224699876, 'trop_k_veg': 0.5443513380244235, 'pop_amp': 0.008683934086503814, 'pop_peak': 0.05281056279423359, 'pop_sig': 0.4663206866626952, 'fuel_k': 0.5260631478628153, 'fuel_half': 1.7895437790635824}.
[I 2026-08-19 13:02:30,140] Trial 349 finished with values: [-0.4121248908297475, 0.00019694686902549385] and parameters: {'k1': 1.844951990812239e-05, 'D_low': 1.6569065206637925, 'k2': 0.0003856302813879373, 'D_high': 1840060.4093141211, 'fire_exp': 1.8713074096420792, 'P_half': 267.2146013620241, 'pre_dampen_half': 0.6380717024176037, 'gpp_af': 0.2077161282926346, 'gpp_b': 3.1906667956153174, 'gpp_d': 118.26972885708257, 'ign_k': 6.32338195106678, 'ign_c': 6.0816733722841345, 'trop_agb_crit': 28.49245476864681, 'trop_k_veg': 1.43310381255285, 'pop_amp': 5.166827032056834, 'pop_peak': 70.5165740192732, 'pop_sig': 0.4663206866626952, 'fuel_k': 1.3626356448811705, 'fuel_half': 1.9255395572015603}.
[I 2026-08-19 13:02:32,555] Trial 350 finished with values: [-0.4051301329799776, 0.0005158975608114957] and parameters: {'k1': 4.929552311643645e-05, 'D_low': 286.06841726052676, 'k2': 0.00039266205721678855, 'D_high': 13016.394743409102, 'fire_exp': 4.3161213924316595, 'P_half': 4.937355303501834, 'pre_dampen_half': 0.19674328025306115, 'gpp_af': 30.588015371390597, 'gpp_b': 1.624829724391053, 'gpp_d': 79.3190911385705, 'ign_k': 0.3699359899959751, 'ign_c': 0.2806439011124269, 'trop_agb_crit': 1.7327871113349946, 'trop_k_veg': 6.038611061948211, 'pop_amp': 0.40576032137265017, 'pop_peak': 5.753679061323669, 'pop_sig': 0.9904669476016459, 'fuel_k': 3.640039183945803, 'fuel_half': 0.10355826161899183}.
[I 2026-08-19 13:02:34,912] Trial 351 finished with values: [-0.39359860408617553, 0.0009164505276256785] and parameters: {'k1': 0.08924795116437424, 'D_low': 2.400213216646464, 'k2': 0.09116768553735347, 'D_high': 4137.7016715719255, 'fire_exp': 6.464773756830049, 'P_half': 10.436686039715203, 'pre_dampen_half': 30.11226646948154, 'gpp_af': 0.9346598275601615, 'gpp_b': 1.4251231497686529e-05, 'gpp_d': 2.3230017312141893, 'ign_k': 0.0023181776112903506, 'ign_c': 225.58738962142354, 'trop_agb_crit': 9.561362341798622, 'trop_k_veg': 6.972354563243685, 'pop_amp': 0.004708042915737182, 'pop_peak': 4.557885026195722, 'pop_sig': 1.0424917012813995, 'fuel_k': 4.04437775870989, 'fuel_half': 0.3497028715561063}.
[I 2026-08-19 13:02:37,469] Trial 352 finished with values: [-0.3859079961421147, 1.2449692166072168e-08] and parameters: {'k1': 1.844951990812239e-05, 'D_low': 15150.361381456718, 'k2': 0.0032792262899971644, 'D_high': 1115.5446706155772, 'fire_exp': 3.7695400350033266, 'P_half': 33.17282633684987, 'pre_dampen_half': 0.2571419084734534, 'gpp_af': 0.053663001820106804, 'gpp_b': 0.3189249600851242, 'gpp_d': 108.18665579547857, 'ign_k': 0.45791923103229365, 'ign_c': 12.366924205139131, 'trop_agb_crit': 3.544180417534903, 'trop_k_veg': 4.30392173391187, 'pop_amp': 0.029228481237926353, 'pop_peak': 503.7153440645595, 'pop_sig': 1.8528333992769594, 'fuel_k': 0.15552861105540366, 'fuel_half': 17.890117928710357}.
[I 2026-08-19 13:02:39,704] Trial 353 finished with values: [-0.3909924048124803, 0.001350578115691503] and parameters: {'k1': 1.844951990812239e-05, 'D_low': 27972.024228472703, 'k2': 0.0019856031481305684, 'D_high': 1814.597053180889, 'fire_exp': 1.3796609641485171, 'P_half': 1636.5290600718067, 'pre_dampen_half': 0.2571419084734534, 'gpp_af': 0.9346598275601615, 'gpp_b': 9.67374839440457e-05, 'gpp_d': 2.3230017312141893, 'ign_k': 0.0023181776112903506, 'ign_c': 12.366924205139131, 'trop_agb_crit': 3.544180417534903, 'trop_k_veg': 5.691473319778836, 'pop_amp': 0.29266686632819644, 'pop_peak': 0.08738617022933418, 'pop_sig': 1.804482856986987, 'fuel_k': 0.06525050422102326, 'fuel_half': 99.80516566417303}.
[I 2026-08-19 13:02:42,038] Trial 354 finished with values: [-0.4015652172977755, 0.0028675599242448113] and parameters: {'k1': 2.9693357731296325e-05, 'D_low': 27972.024228472703, 'k2': 0.0002001342062287998, 'D_high': 1840060.4093141211, 'fire_exp': 1.3796609641485171, 'P_half': 6281.776703992854, 'pre_dampen_half': 1.8469033699850426, 'gpp_af': 0.41874665092828456, 'gpp_b': 9.67374839440457e-05, 'gpp_d': 0.050654860639753524, 'ign_k': 0.3818468247973969, 'ign_c': 12.366924205139131, 'trop_agb_crit': 3.544180417534903, 'trop_k_veg': 5.691473319778836, 'pop_amp': 0.029228481237926353, 'pop_peak': 0.17274196344453516, 'pop_sig': 0.4663206866626952, 'fuel_k': 0.15552861105540366, 'fuel_half': 1.683458881839943}.
[I 2026-08-19 13:02:45,003] Trial 355 finished with values: [-0.3554625854118624, 0.0] and parameters: {'k1': 2.9693357731296325e-05, 'D_low': 286.06841726052676, 'k2': 0.0032792262899971644, 'D_high': 24493.271671328574, 'fire_exp': 5.433392060430592, 'P_half': 6281.776703992854, 'pre_dampen_half': 0.2571419084734534, 'gpp_af': 0.41874665092828456, 'gpp_b': 0.3189249600851242, 'gpp_d': 0.02183661391281564, 'ign_k': 0.3818468247973969, 'ign_c': 68.0281020578672, 'trop_agb_crit': 1.257433437731036, 'trop_k_veg': 2.5117307861546383, 'pop_amp': 11.72926995754655, 'pop_peak': 503.7153440645595, 'pop_sig': 1.804482856986987, 'fuel_k': 0.15552861105540366, 'fuel_half': 17.890117928710357}.
[I 2026-08-19 13:02:47,425] Trial 356 finished with values: [-0.4091949934240414, 3.120017311863954e-05] and parameters: {'k1': 0.0029070516815839368, 'D_low': 1.6569065206637925, 'k2': 0.0002001342062287998, 'D_high': 49556.49568746661, 'fire_exp': 4.3161213924316595, 'P_half': 6281.776703992854, 'pre_dampen_half': 42.63619053601748, 'gpp_af': 0.41874665092828456, 'gpp_b': 0.004411400434514031, 'gpp_d': 79.3190911385705, 'ign_k': 0.3818468247973969, 'ign_c': 0.2170500348871113, 'trop_agb_crit': 3.3887235042490564, 'trop_k_veg': 5.691473319778836, 'pop_amp': 0.40576032137265017, 'pop_peak': 16.535158037880507, 'pop_sig': 0.3157995825149297, 'fuel_k': 0.69712116678509, 'fuel_half': 1.683458881839943}.
  trial  357/2500  pareto_size=21  best_ilamb=0.6094  (17.1 min)
[I 2026-08-19 13:02:50,079] Trial 357 finished with values: [-0.554245364418305, 0.035578251824661566] and parameters: {'k1': 0.005456725485601475, 'D_low': 437.4364439939077, 'k2': 0.0021608491389795734, 'D_high': 1661855.441285105, 'fire_exp': 1.0501937052663004, 'P_half': 4337.920697490941, 'pre_dampen_half': 0.19674328025306115, 'gpp_af': 49.583649914027546, 'gpp_b': 0.620439464939785, 'gpp_d': 117.2128156438701, 'ign_k': 0.1537592023548176, 'ign_c': 0.5488047000766043, 'trop_agb_crit': 28.49245476864681, 'trop_k_veg': 4.891066132801691, 'pop_amp': 10.985330528057915, 'pop_peak': 352.89806695809773, 'pop_sig': 0.9904669476016459, 'fuel_k': 0.27631890369709744, 'fuel_half': 0.18427970406864538}.
[I 2026-08-19 13:02:52,796] Trial 358 finished with values: [-0.5105431038976918, 0.07897238924616923] and parameters: {'k1': 2.9693357731296325e-05, 'D_low': 74.18778535608804, 'k2': 0.0019856031481305684, 'D_high': 290855.8180038407, 'fire_exp': 1.0802702964942565, 'P_half': 190.35256770834567, 'pre_dampen_half': 0.2571419084734534, 'gpp_af': 0.09865381957796165, 'gpp_b': 9.67374839440457e-05, 'gpp_d': 118.26972885708257, 'ign_k': 9.162638829638215, 'ign_c': 12.366924205139131, 'trop_agb_crit': 3.544180417534903, 'trop_k_veg': 1.504359281141135, 'pop_amp': 0.029228481237926353, 'pop_peak': 15.642593769621268, 'pop_sig': 1.804482856986987, 'fuel_k': 1.0151421859083098, 'fuel_half': 17.890117928710357}.
[I 2026-08-19 13:02:55,171] Trial 359 finished with values: [-0.41476797228988377, 0.009054834860493965] and parameters: {'k1': 0.0004846497679219079, 'D_low': 286.06841726052676, 'k2': 3.077180271250682e-05, 'D_high': 49556.49568746661, 'fire_exp': 1.8678802571070678, 'P_half': 4337.920697490941, 'pre_dampen_half': 42.63619053601748, 'gpp_af': 0.11134482360128048, 'gpp_b': 0.0007417652034871827, 'gpp_d': 79.3190911385705, 'ign_k': 0.3699359899959751, 'ign_c': 5.141531903173451, 'trop_agb_crit': 1.7327871113349946, 'trop_k_veg': 3.291143953379188, 'pop_amp': 0.008683934086503814, 'pop_peak': 10.679600530994481, 'pop_sig': 0.3157995825149297, 'fuel_k': 0.69712116678509, 'fuel_half': 0.10355826161899183}.
