[I 2026-06-10 21:47:47,016] Trial 1184 finished with values: [10.624175425348056, 10.624175425348056] and parameters: {'k1': 0.017276056747028225, 'D_low': 1739.6167422846984, 'k2': 0.0011135501184757278, 'D_high': 44974.07193749848, 'fire_exp': 1.2918065501148304, 'P_half': 51.10120656497163, 'pre_dampen_half': 98.05638874011484, 'gpp_af': 1.7775411110039254, 'gpp_b': 0.16285506249643175, 'gpp_d': 95.2715755007094, 'ign_k': 3.6309591863459096, 'ign_c': 2.2489542843914485, 'trop_agb_crit': 2.0527418919564324, 'trop_k_veg': 0.6488368931910606, 'fire_amp': 1.2393473789150806}.
[I 2026-06-10 21:47:49,215] Trial 1185 finished with values: [10.833333332159754, 10.833333332159754] and parameters: {'k1': 0.0031213520322039886, 'D_low': 171.2446447678494, 'k2': 0.0011135501184757278, 'D_high': 8912.611835817017, 'fire_exp': 1.2918065501148304, 'P_half': 10.94496366796197, 'pre_dampen_half': 4.603480758878793, 'gpp_af': 0.00474057962703787, 'gpp_b': 0.006075587233670254, 'gpp_d': 0.7698760608299932, 'ign_k': 0.02779045054796808, 'ign_c': 433.39193318653685, 'trop_agb_crit': 2.0527418919564324, 'trop_k_veg': 0.828441460847982, 'fire_amp': 1.2393473789150806}.
[I 2026-06-10 21:47:51,254] Trial 1186 finished with values: [10.334841389025131, 10.334841389025131] and parameters: {'k1': 0.012840669372724958, 'D_low': 171.2446447678494, 'k2': 0.0011135501184757278, 'D_high': 42210.21267871043, 'fire_exp': 1.2918065501148304, 'P_half': 157.3644610977214, 'pre_dampen_half': 4.603480758878793, 'gpp_af': 0.016306190741524337, 'gpp_b': 0.00047819318414852577, 'gpp_d': 0.7698760608299932, 'ign_k': 0.8945150807271531, 'ign_c': 1.9423015749984096, 'trop_agb_crit': 3.285141446715206, 'trop_k_veg': 0.828441460847982, 'fire_amp': 1.2393473789150806}.
[I 2026-06-10 21:47:54,318] Trial 1187 finished with values: [-0.4973280376841472, 0.02523922328181505] and parameters: {'k1': 0.012840669372724958, 'D_low': 142.82597314566826, 'k2': 0.0002442377596403892, 'D_high': 10994.090116844662, 'fire_exp': 1.6901885781909627, 'P_half': 51.10120656497163, 'pre_dampen_half': 1.8469033699850426, 'gpp_af': 20.12115544906385, 'gpp_b': 0.05719024141066792, 'gpp_d': 20.81401325574021, 'ign_k': 0.02779045054796808, 'ign_c': 1.9423015749984096, 'trop_agb_crit': 5.436625733722961, 'trop_k_veg': 5.453348988480011, 'fire_amp': 5.416595007374148}.
[I 2026-06-10 21:47:57,199] Trial 1188 finished with values: [-0.3345227464517151, 0.010038196678736733] and parameters: {'k1': 0.017276056747028225, 'D_low': 1739.6167422846984, 'k2': 0.01567230746060024, 'D_high': 44974.07193749848, 'fire_exp': 3.2459542834651627, 'P_half': 101.40635645866499, 'pre_dampen_half': 98.05638874011484, 'gpp_af': 1.7775411110039254, 'gpp_b': 0.16285506249643175, 'gpp_d': 29.9035514860849, 'ign_k': 3.6309591863459096, 'ign_c': 2.2489542843914485, 'trop_agb_crit': 3.5874145253515306, 'trop_k_veg': 0.6488368931910606, 'fire_amp': 2.818314238665462}.
[I 2026-06-10 21:47:59,538] Trial 1189 finished with values: [10.44789980067578, 10.44789980067578] and parameters: {'k1': 0.016973078532467004, 'D_low': 24.28756508761176, 'k2': 2.091507303847255e-05, 'D_high': 26.41768757953156, 'fire_exp': 1.2918065501148304, 'P_half': 101.40635645866499, 'pre_dampen_half': 1.8469033699850426, 'gpp_af': 0.016306190741524337, 'gpp_b': 0.015062722325200045, 'gpp_d': 20.81401325574021, 'ign_k': 0.00660597889201953, 'ign_c': 3.4321391362415827, 'trop_agb_crit': 4.8179978195501425, 'trop_k_veg': 0.6363741063482814, 'fire_amp': 5.416595007374148}.
[I 2026-06-10 21:48:01,796] Trial 1190 finished with values: [10.760251149509713, 10.760251149509713] and parameters: {'k1': 0.004467752817973905, 'D_low': 1074.940539517341, 'k2': 1.1417577140741129e-05, 'D_high': 949.9072859745386, 'fire_exp': 1.4690410989404576, 'P_half': 277.00025557434554, 'pre_dampen_half': 1.8469033699850426, 'gpp_af': 1.9226512897582446, 'gpp_b': 0.006999112505425414, 'gpp_d': 942.6090081952854, 'ign_k': 0.09256855841989636, 'ign_c': 14.709699119495124, 'trop_agb_crit': 24.199763404822136, 'trop_k_veg': 0.6618107836658104, 'fire_amp': 1.7912500010961188}.
[I 2026-06-10 21:48:03,987] Trial 1191 finished with values: [10.721307247126598, 10.721307247126598] and parameters: {'k1': 0.012840669372724958, 'D_low': 235.39834531862078, 'k2': 0.0011135501184757278, 'D_high': 19427.30875500187, 'fire_exp': 4.164740583255681, 'P_half': 101.40635645866499, 'pre_dampen_half': 4.603480758878793, 'gpp_af': 0.5310489989160803, 'gpp_b': 0.002416023630607169, 'gpp_d': 95.2715755007094, 'ign_k': 0.09256855841989636, 'ign_c': 0.12495886031183844, 'trop_agb_crit': 2.0527418919564324, 'trop_k_veg': 2.520089655463604, 'fire_amp': 1.2393473789150806}.
[I 2026-06-10 21:48:05,976] Trial 1192 finished with values: [-0.5799185430396809, 0.025655186415188158] and parameters: {'k1': 0.006079905434073396, 'D_low': 43.2326421037033, 'k2': 4.933751600448335e-05, 'D_high': 42.242359735170886, 'fire_exp': 1.7792742686803427, 'P_half': 157.3644610977214, 'pre_dampen_half': 37.40930273158252, 'gpp_af': 1.9998014714101113, 'gpp_b': 0.00047819318414852577, 'gpp_d': 594.7389794988394, 'ign_k': 0.8945150807271531, 'ign_c': 16.497426799845446, 'trop_agb_crit': 5.335241529707116, 'trop_k_veg': 0.9923523017201868, 'fire_amp': 1.5587346124822492}.
[I 2026-06-10 21:48:07,947] Trial 1193 finished with values: [12.159745785389728, 12.159745785389728] and parameters: {'k1': 0.00033241455394308477, 'D_low': 43.2326421037033, 'k2': 0.0011135501184757278, 'D_high': 42210.21267871043, 'fire_exp': 1.2918065501148304, 'P_half': 157.3644610977214, 'pre_dampen_half': 30.456909077772018, 'gpp_af': 0.00474057962703787, 'gpp_b': 0.0004125336560355494, 'gpp_d': 0.7698760608299932, 'ign_k': 0.09256855841989636, 'ign_c': 2.226297338331262, 'trop_agb_crit': 13.985331027461328, 'trop_k_veg': 0.828441460847982, 'fire_amp': 1.2393473789150806}.
[I 2026-06-10 21:48:09,996] Trial 1194 finished with values: [11.401346779995004, 11.401346779995004] and parameters: {'k1': 0.012840669372724958, 'D_low': 24.28756508761176, 'k2': 0.0011135501184757278, 'D_high': 8912.611835817017, 'fire_exp': 1.2918065501148304, 'P_half': 51.10120656497163, 'pre_dampen_half': 4.603480758878793, 'gpp_af': 66.43290892740877, 'gpp_b': 0.0004125336560355494, 'gpp_d': 462.98471849924937, 'ign_k': 0.0029519227433917453, 'ign_c': 14.709699119495124, 'trop_agb_crit': 2.0527418919564324, 'trop_k_veg': 0.8796892190889679, 'fire_amp': 1.2393473789150806}.
[I 2026-06-10 21:48:12,064] Trial 1195 finished with values: [10.815142898983536, 10.815142898983536] and parameters: {'k1': 0.0012397054908843052, 'D_low': 171.2446447678494, 'k2': 0.00014078352411766088, 'D_high': 8912.611835817017, 'fire_exp': 6.206609460089607, 'P_half': 101.40635645866499, 'pre_dampen_half': 7.72621571462232, 'gpp_af': 1.7775411110039254, 'gpp_b': 0.0004125336560355494, 'gpp_d': 20.81401325574021, 'ign_k': 0.17320535908244444, 'ign_c': 3.4321391362415827, 'trop_agb_crit': 4.8179978195501425, 'trop_k_veg': 0.6488368931910606, 'fire_amp': 5.416595007374148}.
[I 2026-06-10 21:48:14,923] Trial 1196 finished with values: [10.800807448429111, 10.800807448429111] and parameters: {'k1': 0.017276056747028225, 'D_low': 171.2446447678494, 'k2': 0.02939607009739149, 'D_high': 3454.0583523593405, 'fire_exp': 3.2459542834651627, 'P_half': 1554.7359415440887, 'pre_dampen_half': 98.05638874011484, 'gpp_af': 0.00474057962703787, 'gpp_b': 0.0004125336560355494, 'gpp_d': 0.7698760608299932, 'ign_k': 0.0029519227433917453, 'ign_c': 3.8360290787481075, 'trop_agb_crit': 2.0527418919564324, 'trop_k_veg': 0.6488368931910606, 'fire_amp': 5.1532175947535155}.
[I 2026-06-10 21:48:17,043] Trial 1197 finished with values: [10.833324392024403, 10.833324392024403] and parameters: {'k1': 0.05705198955850472, 'D_low': 1739.6167422846984, 'k2': 0.0011135501184757278, 'D_high': 42210.21267871043, 'fire_exp': 3.2459542834651627, 'P_half': 61.6097529474144, 'pre_dampen_half': 4.603480758878793, 'gpp_af': 0.016306190741524337, 'gpp_b': 0.16285506249643175, 'gpp_d': 29.9035514860849, 'ign_k': 3.6309591863459096, 'ign_c': 2.2489542843914485, 'trop_agb_crit': 6.128416443551616, 'trop_k_veg': 2.520089655463604, 'fire_amp': 1.2393473789150806}.
[I 2026-06-10 21:48:19,291] Trial 1198 finished with values: [10.597293089330337, 10.597293089330337] and parameters: {'k1': 0.016973078532467004, 'D_low': 1739.6167422846984, 'k2': 0.02939607009739149, 'D_high': 44974.07193749848, 'fire_exp': 3.2459542834651627, 'P_half': 101.40635645866499, 'pre_dampen_half': 98.05638874011484, 'gpp_af': 1.7775411110039254, 'gpp_b': 0.16285506249643175, 'gpp_d': 95.2715755007094, 'ign_k': 3.6309591863459096, 'ign_c': 1.1698039424426816, 'trop_agb_crit': 3.5874145253515306, 'trop_k_veg': 0.6488368931910606, 'fire_amp': 5.416595007374148}.
[I 2026-06-10 21:48:21,412] Trial 1199 finished with values: [-0.3126882353802195, 0.010567357363649221] and parameters: {'k1': 0.017276056747028225, 'D_low': 1739.6167422846984, 'k2': 0.02939607009739149, 'D_high': 44974.07193749848, 'fire_exp': 3.2459542834651627, 'P_half': 101.40635645866499, 'pre_dampen_half': 98.05638874011484, 'gpp_af': 1.7775411110039254, 'gpp_b': 0.16285506249643175, 'gpp_d': 95.2715755007094, 'ign_k': 3.6309591863459096, 'ign_c': 2.2489542843914485, 'trop_agb_crit': 3.5874145253515306, 'trop_k_veg': 0.6488368931910606, 'fire_amp': 2.818314238665462}.
[setup] CRUJRA climate from data/crujra/, GPP from global_baseline_modelC_inputs_1997-2016.nc ...
[setup] loading GFED5 reference from burntArea.nc ...
[setup] land cells (GFED5 burnable): 13916 / 64800 (21.5%)
[setup] GFED5 land-mean monthly frac: 0.005068
[opt] REGION=N.America: fitting 2666 land cells only
[opt] warm-start from params.spatial.k1.json
[warm] Overall=0.6084  bias=0.6696 rmse=0.3818 seas=0.8232 spatial=0.7854
[opt] sampler=NSGAIISampler seed=42
[opt] running 1200 trials against GFED5 ...
  trial   15/1200  pareto_size=1  best_taylor=0.5001  best_ilamb=0.6084  (0.3 min)
  trial   27/1200  pareto_size=2  best_taylor=0.6258  best_ilamb=0.6084  (0.7 min)
  trial   42/1200  pareto_size=2  best_taylor=0.6258  best_ilamb=0.6084  (1.0 min)
  trial   56/1200  pareto_size=2  best_taylor=0.6258  best_ilamb=0.6084  (1.4 min)
  trial   70/1200  pareto_size=2  best_taylor=0.6258  best_ilamb=0.6084  (1.7 min)
  trial   84/1200  pareto_size=3  best_taylor=0.6258  best_ilamb=0.6084  (2.1 min)
  trial   97/1200  pareto_size=3  best_taylor=0.6258  best_ilamb=0.6084  (2.4 min)
  trial  110/1200  pareto_size=3  best_taylor=0.6258  best_ilamb=0.6084  (2.8 min)
  trial  123/1200  pareto_size=3  best_taylor=0.6258  best_ilamb=0.6084  (3.1 min)
  trial  132/1200  pareto_size=3  best_taylor=0.6258  best_ilamb=0.6084  (3.5 min)
  trial  144/1200  pareto_size=3  best_taylor=0.6258  best_ilamb=0.6084  (3.8 min)
  trial  156/1200  pareto_size=3  best_taylor=0.6258  best_ilamb=0.6084  (4.2 min)
  trial  165/1200  pareto_size=3  best_taylor=0.6258  best_ilamb=0.6084  (4.5 min)
  trial  175/1200  pareto_size=3  best_taylor=0.6258  best_ilamb=0.6084  (4.9 min)
  trial  185/1200  pareto_size=3  best_taylor=0.6258  best_ilamb=0.6084  (5.2 min)
  trial  195/1200  pareto_size=3  best_taylor=0.6258  best_ilamb=0.6084  (5.6 min)
  trial  205/1200  pareto_size=3  best_taylor=0.6258  best_ilamb=0.6084  (5.9 min)
  trial  215/1200  pareto_size=3  best_taylor=0.6258  best_ilamb=0.6084  (6.3 min)
  trial  226/1200  pareto_size=3  best_taylor=0.6258  best_ilamb=0.6084  (6.6 min)
  trial  236/1200  pareto_size=3  best_taylor=0.6258  best_ilamb=0.6084  (7.0 min)
  trial  250/1200  pareto_size=3  best_taylor=0.6258  best_ilamb=0.6084  (7.3 min)
  trial  264/1200  pareto_size=3  best_taylor=0.6258  best_ilamb=0.6084  (7.6 min)
  trial  278/1200  pareto_size=3  best_taylor=0.6258  best_ilamb=0.6084  (8.0 min)
  trial  291/1200  pareto_size=3  best_taylor=0.6258  best_ilamb=0.6084  (8.3 min)
  trial  305/1200  pareto_size=3  best_taylor=0.6258  best_ilamb=0.6084  (8.7 min)
  trial  319/1200  pareto_size=3  best_taylor=0.6258  best_ilamb=0.6084  (9.0 min)
  trial  333/1200  pareto_size=3  best_taylor=0.6258  best_ilamb=0.6084  (9.4 min)
  trial  346/1200  pareto_size=3  best_taylor=0.6258  best_ilamb=0.6084  (9.7 min)
  trial  359/1200  pareto_size=3  best_taylor=0.6258  best_ilamb=0.6084  (10.1 min)
  trial  372/1200  pareto_size=3  best_taylor=0.6258  best_ilamb=0.6084  (10.4 min)
  trial  385/1200  pareto_size=3  best_taylor=0.6258  best_ilamb=0.6084  (10.8 min)
  trial  397/1200  pareto_size=3  best_taylor=0.6258  best_ilamb=0.6084  (11.1 min)
  trial  409/1200  pareto_size=4  best_taylor=0.6258  best_ilamb=0.6084  (11.5 min)
  trial  420/1200  pareto_size=5  best_taylor=0.6258  best_ilamb=0.6084  (11.8 min)
  trial  430/1200  pareto_size=5  best_taylor=0.6258  best_ilamb=0.6084  (12.2 min)
  trial  441/1200  pareto_size=5  best_taylor=0.6258  best_ilamb=0.6084  (12.5 min)
  trial  451/1200  pareto_size=5  best_taylor=0.6258  best_ilamb=0.6084  (12.9 min)
  trial  461/1200  pareto_size=5  best_taylor=0.6258  best_ilamb=0.6084  (13.2 min)
  trial  471/1200  pareto_size=5  best_taylor=0.6258  best_ilamb=0.6084  (13.6 min)
  trial  482/1200  pareto_size=6  best_taylor=0.6258  best_ilamb=0.6084  (14.0 min)
  trial  493/1200  pareto_size=6  best_taylor=0.6258  best_ilamb=0.6084  (14.3 min)
  trial  502/1200  pareto_size=6  best_taylor=0.6258  best_ilamb=0.6084  (14.7 min)
  trial  513/1200  pareto_size=6  best_taylor=0.6258  best_ilamb=0.6084  (15.0 min)
  trial  523/1200  pareto_size=6  best_taylor=0.6258  best_ilamb=0.6084  (15.4 min)
  trial  534/1200  pareto_size=6  best_taylor=0.6258  best_ilamb=0.6084  (15.8 min)
  trial  545/1200  pareto_size=6  best_taylor=0.6258  best_ilamb=0.6084  (16.1 min)
  trial  556/1200  pareto_size=6  best_taylor=0.6258  best_ilamb=0.6084  (16.5 min)
  trial  567/1200  pareto_size=6  best_taylor=0.6258  best_ilamb=0.6084  (16.9 min)
  trial  578/1200  pareto_size=6  best_taylor=0.6258  best_ilamb=0.6084  (17.2 min)
  trial  589/1200  pareto_size=6  best_taylor=0.6258  best_ilamb=0.6084  (17.5 min)
  trial  600/1200  pareto_size=6  best_taylor=0.6258  best_ilamb=0.6084  (17.9 min)
  trial  611/1200  pareto_size=6  best_taylor=0.6258  best_ilamb=0.6084  (18.2 min)
  trial  622/1200  pareto_size=6  best_taylor=0.6258  best_ilamb=0.6084  (18.6 min)
  trial  634/1200  pareto_size=6  best_taylor=0.6258  best_ilamb=0.6084  (18.9 min)
  trial  645/1200  pareto_size=6  best_taylor=0.6258  best_ilamb=0.6084  (19.3 min)
  trial  656/1200  pareto_size=6  best_taylor=0.6258  best_ilamb=0.6084  (19.6 min)
  trial  667/1200  pareto_size=6  best_taylor=0.6258  best_ilamb=0.6084  (20.0 min)
  trial  678/1200  pareto_size=6  best_taylor=0.6258  best_ilamb=0.6084  (20.3 min)
  trial  689/1200  pareto_size=6  best_taylor=0.6258  best_ilamb=0.6084  (20.7 min)
  trial  699/1200  pareto_size=6  best_taylor=0.6258  best_ilamb=0.6084  (21.1 min)
  trial  709/1200  pareto_size=6  best_taylor=0.6258  best_ilamb=0.6084  (21.4 min)
  trial  720/1200  pareto_size=6  best_taylor=0.6258  best_ilamb=0.6084  (21.8 min)
  trial  732/1200  pareto_size=6  best_taylor=0.6258  best_ilamb=0.6084  (22.1 min)
  trial  744/1200  pareto_size=6  best_taylor=0.6258  best_ilamb=0.6084  (22.5 min)
  trial  755/1200  pareto_size=6  best_taylor=0.6258  best_ilamb=0.6084  (22.8 min)
  trial  764/1200  pareto_size=6  best_taylor=0.6258  best_ilamb=0.6084  (23.2 min)
  trial  771/1200  pareto_size=6  best_taylor=0.6258  best_ilamb=0.6084  (23.6 min)
  trial  779/1200  pareto_size=6  best_taylor=0.6258  best_ilamb=0.6084  (23.9 min)
  trial  786/1200  pareto_size=6  best_taylor=0.6258  best_ilamb=0.6084  (24.3 min)
  trial  794/1200  pareto_size=6  best_taylor=0.6258  best_ilamb=0.6084  (24.7 min)
  trial  804/1200  pareto_size=6  best_taylor=0.6258  best_ilamb=0.6084  (25.0 min)
  trial  814/1200  pareto_size=6  best_taylor=0.6449  best_ilamb=0.6084  (25.4 min)
  trial  824/1200  pareto_size=7  best_taylor=0.6449  best_ilamb=0.6084  (25.8 min)
  trial  834/1200  pareto_size=7  best_taylor=0.6449  best_ilamb=0.6084  (26.1 min)
  trial  842/1200  pareto_size=7  best_taylor=0.6449  best_ilamb=0.6084  (26.5 min)
  trial  853/1200  pareto_size=7  best_taylor=0.6449  best_ilamb=0.6084  (26.8 min)
  trial  863/1200  pareto_size=7  best_taylor=0.6449  best_ilamb=0.6084  (27.2 min)
  trial  874/1200  pareto_size=7  best_taylor=0.6449  best_ilamb=0.6084  (27.5 min)
  trial  885/1200  pareto_size=7  best_taylor=0.6449  best_ilamb=0.6084  (27.9 min)
  trial  895/1200  pareto_size=7  best_taylor=0.6449  best_ilamb=0.6084  (28.3 min)
  trial  904/1200  pareto_size=4  best_taylor=0.6449  best_ilamb=0.6084  (28.6 min)
  trial  914/1200  pareto_size=4  best_taylor=0.6449  best_ilamb=0.6084  (29.0 min)
  trial  924/1200  pareto_size=4  best_taylor=0.6449  best_ilamb=0.6084  (29.3 min)
  trial  934/1200  pareto_size=4  best_taylor=0.6449  best_ilamb=0.6084  (29.7 min)
  trial  944/1200  pareto_size=4  best_taylor=0.6449  best_ilamb=0.6084  (30.1 min)
  trial  953/1200  pareto_size=4  best_taylor=0.6449  best_ilamb=0.6084  (30.4 min)
  trial  962/1200  pareto_size=4  best_taylor=0.6449  best_ilamb=0.6084  (30.8 min)
  trial  972/1200  pareto_size=4  best_taylor=0.6449  best_ilamb=0.6084  (31.1 min)
  trial  982/1200  pareto_size=5  best_taylor=0.6449  best_ilamb=0.6084  (31.5 min)
  trial  993/1200  pareto_size=5  best_taylor=0.6449  best_ilamb=0.6084  (31.9 min)
  trial 1004/1200  pareto_size=6  best_taylor=0.6449  best_ilamb=0.6084  (32.2 min)
  trial 1015/1200  pareto_size=6  best_taylor=0.6449  best_ilamb=0.6084  (32.6 min)
  trial 1026/1200  pareto_size=6  best_taylor=0.6449  best_ilamb=0.6084  (33.0 min)
  trial 1038/1200  pareto_size=6  best_taylor=0.6644  best_ilamb=0.6084  (33.3 min)
  trial 1051/1200  pareto_size=6  best_taylor=0.6644  best_ilamb=0.6084  (33.7 min)
  trial 1063/1200  pareto_size=6  best_taylor=0.6644  best_ilamb=0.6084  (34.0 min)
  trial 1076/1200  pareto_size=7  best_taylor=0.6644  best_ilamb=0.6084  (34.4 min)
  trial 1088/1200  pareto_size=7  best_taylor=0.6644  best_ilamb=0.5293  (34.7 min)
  trial 1098/1200  pareto_size=7  best_taylor=0.6644  best_ilamb=0.5293  (35.1 min)
  trial 1106/1200  pareto_size=8  best_taylor=0.6644  best_ilamb=0.5293  (35.5 min)
  trial 1115/1200  pareto_size=8  best_taylor=0.6644  best_ilamb=0.5293  (35.8 min)
  trial 1126/1200  pareto_size=8  best_taylor=0.6644  best_ilamb=0.5293  (36.2 min)
  trial 1137/1200  pareto_size=8  best_taylor=0.6644  best_ilamb=0.5293  (36.6 min)
  trial 1147/1200  pareto_size=8  best_taylor=0.6644  best_ilamb=0.5293  (36.9 min)
  trial 1158/1200  pareto_size=8  best_taylor=0.6644  best_ilamb=0.5293  (37.3 min)
  trial 1168/1200  pareto_size=8  best_taylor=0.6644  best_ilamb=0.5293  (37.7 min)
  trial 1178/1200  pareto_size=8  best_taylor=0.6644  best_ilamb=0.5293  (38.0 min)
  trial 1187/1200  pareto_size=8  best_taylor=0.6644  best_ilamb=0.5293  (38.4 min)
  trial 1196/1200  pareto_size=8  best_taylor=0.6644  best_ilamb=0.5293  (38.7 min)

[done] 1200 trials in 38.9 min
[pareto] 8 non-dominated trials, 8 with fp_score >= 0.85
[chosen] trial 1032: ILAMB=0.4517  fp_score=0.9805  ratio=1.00
[best] Bias=0.6067  RMSE=0.3818  Seas=0.7972  Spatial=0.0911  Overall=0.4517
[diag] raw rate land-mean (yr^-1): 0.01549  (target ~ 0.06082)
[write] D:\FIRE_OFFLINE\models\C\params.namerica.json
[write] D:\FIRE_OFFLINE\ilamb\MODELS\ED-ModelC-final\burntArea.namerica.nc  (10.9 MB)

[FIX2] dumping top-6 Pareto candidates -> D:\FIRE_OFFLINE\ilamb\MODELS_TOPK_namerica
  k1: trial 1032  internal_overall=0.4517  taylor=0.6644  sigma=0.805  fp=0.981  ratio=1.00  amp=1.28
  k2: trial 910  internal_overall=0.5293  taylor=0.6170  sigma=1.354  fp=0.988  ratio=0.96  amp=1.24
  k3: trial 974  internal_overall=0.5293  taylor=0.6170  sigma=1.354  fp=0.988  ratio=0.96  amp=1.24
  k4: trial 993  internal_overall=0.4764  taylor=0.6098  sigma=1.104  fp=0.991  ratio=1.09  amp=4.24
  k5: trial 1098  internal_overall=0.4689  taylor=0.6006  sigma=1.061  fp=0.991  ratio=1.06  amp=4.24
  k6: trial 1070  internal_overall=0.4568  taylor=0.5591  sigma=1.030  fp=0.992  ratio=0.85  amp=1.05
[FIX2] manifest -> D:\FIRE_OFFLINE\models\C\topk.namerica.json
[FIX2] re-score all candidates with official ILAMB (CLAUDE.md recipe; clean ._* first), e.g. --model_root "$PWD/ilamb/MODELS_TOPK_namerica"
[FIX2] promote the candidate with the best OFFICIAL Overall, NOT the internal one.
=== done N.America exit=0 ===
=== fitting SEAsia (TAG=seasia) ===
[I 2026-06-10 21:49:20,402] A new study created in memory with name: no-name-d459bbbd-3bee-40fb-a432-046af64729fc
[I 2026-06-10 21:49:22,645] Trial 0 finished with values: [10.882201889316475, 10.882201889316475] and parameters: {'k1': 0.028401063201780267, 'D_low': 16.00237013173313, 'k2': 0.00033271381912662167, 'D_high': 2427.054417940131, 'fire_exp': 1.5191397119156032, 'P_half': 157.80309954142965, 'pre_dampen_half': 8.259599205585761, 'gpp_af': 0.03522602097143089, 'gpp_b': 0.00012118589392553798, 'gpp_d': 12.338826503601998, 'ign_k': 3.965503094323014, 'ign_c': 22.126836566118193, 'trop_agb_crit': 5.526463318565575, 'trop_k_veg': 2.724170387400844, 'fire_amp': 5.44779717154213}.
[I 2026-06-10 21:49:24,781] Trial 1 finished with values: [10.83024404599055, 10.83024404599055] and parameters: {'k1': 0.00031489116479568613, 'D_low': 6351.221010640702, 'k2': 0.008471801418819975, 'D_high': 2481.0409748678126, 'fire_exp': 1.4322493718230251, 'P_half': 4.2070539502879365, 'pre_dampen_half': 0.0195172246414495, 'gpp_af': 21.42302175774105, 'gpp_b': 0.040428727350273294, 'gpp_d': 34.70266988650411, 'ign_k': 0.0012087541473056963, 'ign_c': 757.9479953347999, 'trop_agb_crit': 16.967533607196547, 'trop_k_veg': 0.9008485225328876, 'fire_amp': 1.3851197621057665}.
