[I 2026-06-11 01:31:52,735] Trial 603 finished with values: [-0.6084490274482066, 0.06111096280988204] and parameters: {'k1': 0.0869690639641868, 'D_low': 236.79352040223893, 'k2': 0.0001870742013766025, 'D_high': 1266.9536563782303, 'fire_exp': 1.2060040899560858, 'P_half': 5.4712187293420325, 'pre_dampen_half': 9.044346216330972, 'gpp_af': 0.060029341913968644, 'gpp_b': 0.0004360709560327289, 'gpp_d': 0.1619054449471649, 'ign_k': 0.002357279455676982, 'ign_c': 22.126836566118193, 'trop_agb_crit': 12.708819454040446, 'trop_k_veg': 2.8926781829782864, 'fire_amp': 5.44779717154213}.
[I 2026-06-11 01:31:54,141] Trial 604 finished with values: [10.691282735893171, 10.691282735893171] and parameters: {'k1': 5.7909642338812115e-05, 'D_low': 1.7551403048208316, 'k2': 0.0007731571570012607, 'D_high': 55.22071973135807, 'fire_exp': 1.1633452995374232, 'P_half': 3.591771421517613, 'pre_dampen_half': 4.847666216751353, 'gpp_af': 0.005061568304359487, 'gpp_b': 0.001674375583895437, 'gpp_d': 0.7961191926812561, 'ign_k': 0.0032383308053152635, 'ign_c': 16.497426799845446, 'trop_agb_crit': 2.100813292597435, 'trop_k_veg': 5.453348988480011, 'fire_amp': 2.0433579207802377}.
[I 2026-06-11 01:31:55,623] Trial 605 finished with values: [10.76859126266467, 10.76859126266467] and parameters: {'k1': 0.0869690639641868, 'D_low': 236.79352040223893, 'k2': 2.091507303847255e-05, 'D_high': 6682.9607218310075, 'fire_exp': 3.803403214687732, 'P_half': 3.591771421517613, 'pre_dampen_half': 4.847666216751353, 'gpp_af': 0.5970408652384318, 'gpp_b': 0.001674375583895437, 'gpp_d': 1.4397852866783676, 'ign_k': 0.004105873950290761, 'ign_c': 1.364908766641693, 'trop_agb_crit': 12.9667438075127, 'trop_k_veg': 5.636143940068465, 'fire_amp': 2.6014979556220936}.
[I 2026-06-11 01:31:57,083] Trial 606 finished with values: [10.300068063439346, 10.300068063439346] and parameters: {'k1': 0.03648456083047798, 'D_low': 270.15957920129443, 'k2': 7.531057256501231e-05, 'D_high': 6682.9607218310075, 'fire_exp': 1.2060040899560858, 'P_half': 157.80309954142965, 'pre_dampen_half': 9.044346216330972, 'gpp_af': 0.060029341913968644, 'gpp_b': 1.4008921101492135e-05, 'gpp_d': 0.4742269251269962, 'ign_k': 0.004105873950290761, 'ign_c': 22.126836566118193, 'trop_agb_crit': 1.8023542850487386, 'trop_k_veg': 2.724170387400844, 'fire_amp': 5.44779717154213}.
[I 2026-06-11 01:31:58,656] Trial 607 finished with values: [10.76922865877651, 10.76922865877651] and parameters: {'k1': 9.132348475718357e-05, 'D_low': 148.21691630007544, 'k2': 0.0001280886335404798, 'D_high': 1817.0401889219124, 'fire_exp': 5.8194676931800995, 'P_half': 5.4712187293420325, 'pre_dampen_half': 9.044346216330972, 'gpp_af': 11.612579322936512, 'gpp_b': 2.1309331861011757e-05, 'gpp_d': 0.4742269251269962, 'ign_k': 0.004105873950290761, 'ign_c': 72.99613382801451, 'trop_agb_crit': 12.708819454040446, 'trop_k_veg': 3.6616459585256997, 'fire_amp': 5.540410692872822}.
[I 2026-06-11 01:31:59,995] Trial 608 finished with values: [-0.4829619642331337, 0.1893470631236378] and parameters: {'k1': 5.178197947282869e-05, 'D_low': 408.3047491580097, 'k2': 0.0002442377596403892, 'D_high': 31301.15118850836, 'fire_exp': 1.7505406131449859, 'P_half': 7.914423612155368, 'pre_dampen_half': 903.3231300044874, 'gpp_af': 0.007531064950403672, 'gpp_b': 0.004411400434514031, 'gpp_d': 21.899070557043984, 'ign_k': 0.00660597889201953, 'ign_c': 14.709699119495124, 'trop_agb_crit': 21.086120736447015, 'trop_k_veg': 5.453348988480011, 'fire_amp': 3.1045399027418377}.
[I 2026-06-11 01:32:01,369] Trial 609 finished with values: [-0.6129643534058542, 0.10492907610745261] and parameters: {'k1': 0.030699709531122967, 'D_low': 148.21691630007544, 'k2': 4.933751600448335e-05, 'D_high': 6682.9607218310075, 'fire_exp': 1.5191397119156032, 'P_half': 5.4712187293420325, 'pre_dampen_half': 9.044346216330972, 'gpp_af': 0.10098504976210308, 'gpp_b': 2.1309331861011757e-05, 'gpp_d': 0.4742269251269962, 'ign_k': 0.004105873950290761, 'ign_c': 22.126836566118193, 'trop_agb_crit': 2.100813292597435, 'trop_k_veg': 2.724170387400844, 'fire_amp': 5.44779717154213}.
[I 2026-06-11 01:32:02,721] Trial 610 finished with values: [-0.687929225499823, 0.11666698685227872] and parameters: {'k1': 0.0869690639641868, 'D_low': 148.21691630007544, 'k2': 0.0007731571570012607, 'D_high': 6682.9607218310075, 'fire_exp': 1.2060040899560858, 'P_half': 3.591771421517613, 'pre_dampen_half': 4.847666216751353, 'gpp_af': 0.9219336658511308, 'gpp_b': 0.001674375583895437, 'gpp_d': 0.1619054449471649, 'ign_k': 7.544827057709847, 'ign_c': 1.9423015749984096, 'trop_agb_crit': 24.199763404822136, 'trop_k_veg': 0.5535297685306277, 'fire_amp': 5.44779717154213}.
[I 2026-06-11 01:32:04,173] Trial 611 finished with values: [12.057512987595159, 12.057512987595159] and parameters: {'k1': 0.0002418422795847161, 'D_low': 146.24004590125713, 'k2': 0.0001280886335404798, 'D_high': 48235.58283024493, 'fire_exp': 1.1633452995374232, 'P_half': 3.591771421517613, 'pre_dampen_half': 9.044346216330972, 'gpp_af': 2.5017068255320485, 'gpp_b': 1.2864576564815137e-05, 'gpp_d': 364.60005353173506, 'ign_k': 0.0032383308053152635, 'ign_c': 1.4879588507789996, 'trop_agb_crit': 19.102873436429586, 'trop_k_veg': 5.453348988480011, 'fire_amp': 2.7806853670293616}.
[I 2026-06-11 01:32:05,769] Trial 612 finished with values: [-0.5566006399687462, 0.23970129786629124] and parameters: {'k1': 9.132348475718357e-05, 'D_low': 1.7551403048208316, 'k2': 0.0499774937030317, 'D_high': 55.22071973135807, 'fire_exp': 1.2060040899560858, 'P_half': 51.10120656497163, 'pre_dampen_half': 121.93011993958949, 'gpp_af': 0.009525547092124444, 'gpp_b': 0.00031478066835753096, 'gpp_d': 20.81401325574021, 'ign_k': 0.002357279455676982, 'ign_c': 7.081721844034206, 'trop_agb_crit': 24.199763404822136, 'trop_k_veg': 1.6648666152166967, 'fire_amp': 2.7806853670293616}.
[I 2026-06-11 01:32:07,203] Trial 613 finished with values: [10.446377351937548, 10.446377351937548] and parameters: {'k1': 0.0005525012427854533, 'D_low': 408.3047491580097, 'k2': 0.0002442377596403892, 'D_high': 20103.283734409175, 'fire_exp': 1.7505406131449859, 'P_half': 3.591771421517613, 'pre_dampen_half': 121.93011993958949, 'gpp_af': 0.005061568304359487, 'gpp_b': 0.004411400434514031, 'gpp_d': 0.1619054449471649, 'ign_k': 0.002357279455676982, 'ign_c': 0.10721400017185365, 'trop_agb_crit': 12.708819454040446, 'trop_k_veg': 5.453348988480011, 'fire_amp': 2.042193818779288}.
[I 2026-06-11 01:32:08,831] Trial 614 finished with values: [-0.5098646376729041, 0.13568367761082423] and parameters: {'k1': 0.0001599021369655865, 'D_low': 235.39834531862078, 'k2': 0.006802810205786726, 'D_high': 6682.9607218310075, 'fire_exp': 1.2060040899560858, 'P_half': 157.80309954142965, 'pre_dampen_half': 4.847666216751353, 'gpp_af': 0.005061568304359487, 'gpp_b': 5.0875243087016374e-05, 'gpp_d': 0.4742269251269962, 'ign_k': 0.0032383308053152635, 'ign_c': 1.364908766641693, 'trop_agb_crit': 2.100813292597435, 'trop_k_veg': 6.963655030926962, 'fire_amp': 5.44779717154213}.
[I 2026-06-11 01:32:10,148] Trial 615 finished with values: [10.494055892630168, 10.494055892630168] and parameters: {'k1': 9.132348475718357e-05, 'D_low': 1.7551403048208316, 'k2': 0.0007731571570012607, 'D_high': 6682.9607218310075, 'fire_exp': 1.4690410989404576, 'P_half': 3.591771421517613, 'pre_dampen_half': 4.847666216751353, 'gpp_af': 2.5017068255320485, 'gpp_b': 0.00031478066835753096, 'gpp_d': 17.273230592904202, 'ign_k': 3.909508806930522, 'ign_c': 1.364908766641693, 'trop_agb_crit': 3.108985631683375, 'trop_k_veg': 5.453348988480011, 'fire_amp': 1.5719333351012774}.
[I 2026-06-11 01:32:11,536] Trial 616 finished with values: [-0.5826280391443216, 0.08159650035974475] and parameters: {'k1': 0.00023134781612225627, 'D_low': 2267.735223551285, 'k2': 0.0001280886335404798, 'D_high': 32311.521854410956, 'fire_exp': 1.811096651915224, 'P_half': 5.4712187293420325, 'pre_dampen_half': 121.93011993958949, 'gpp_af': 0.07118041471054574, 'gpp_b': 0.00031478066835753096, 'gpp_d': 0.1619054449471649, 'ign_k': 0.17320535908244444, 'ign_c': 1.4879588507789996, 'trop_agb_crit': 19.102873436429586, 'trop_k_veg': 0.9923523017201868, 'fire_amp': 1.5719333351012774}.
[I 2026-06-11 01:32:13,107] Trial 617 finished with values: [10.762613695627072, 10.762613695627072] and parameters: {'k1': 0.00026539376439360527, 'D_low': 1.7551403048208316, 'k2': 2.091507303847255e-05, 'D_high': 32311.521854410956, 'fire_exp': 1.7517910233753213, 'P_half': 5106.674528526557, 'pre_dampen_half': 350.88322284755304, 'gpp_af': 0.5970408652384318, 'gpp_b': 0.006999112505425414, 'gpp_d': 0.1619054449471649, 'ign_k': 0.002357279455676982, 'ign_c': 0.5232779509048977, 'trop_agb_crit': 5.588032458772675, 'trop_k_veg': 0.9660523662864217, 'fire_amp': 2.042193818779288}.
[I 2026-06-11 01:32:14,687] Trial 618 finished with values: [-0.4299791295066788, 0.15821594401021333] and parameters: {'k1': 0.00023134781612225627, 'D_low': 1.7551403048208316, 'k2': 0.0001280886335404798, 'D_high': 32311.521854410956, 'fire_exp': 1.7505406131449859, 'P_half': 5.4712187293420325, 'pre_dampen_half': 189.88136301569827, 'gpp_af': 0.005061568304359487, 'gpp_b': 0.002416023630607169, 'gpp_d': 76.38081075786287, 'ign_k': 0.0017420858817889426, 'ign_c': 7.081721844034206, 'trop_agb_crit': 12.708819454040446, 'trop_k_veg': 0.5183533149347164, 'fire_amp': 3.1045399027418377}.
[I 2026-06-11 01:32:16,046] Trial 619 finished with values: [-0.3927452748188909, 0.13820649173762667] and parameters: {'k1': 0.00023134781612225627, 'D_low': 2186.356344942016, 'k2': 4.933751600448335e-05, 'D_high': 1266.9536563782303, 'fire_exp': 1.111738490499784, 'P_half': 5.4712187293420325, 'pre_dampen_half': 28.01075698398644, 'gpp_af': 0.10098504976210308, 'gpp_b': 5.0875243087016374e-05, 'gpp_d': 7.631016235941559, 'ign_k': 0.0032383308053152635, 'ign_c': 342.8810943862522, 'trop_agb_crit': 1.8023542850487386, 'trop_k_veg': 1.6648666152166967, 'fire_amp': 3.1045399027418377}.
[I 2026-06-11 01:32:17,363] Trial 620 finished with values: [10.135158041766472, 10.135158041766472] and parameters: {'k1': 5.7909642338812115e-05, 'D_low': 148.21691630007544, 'k2': 0.0001870742013766025, 'D_high': 1817.0401889219124, 'fire_exp': 1.2918065501148304, 'P_half': 51.10120656497163, 'pre_dampen_half': 9.044346216330972, 'gpp_af': 0.5970408652384318, 'gpp_b': 2.1309331861011757e-05, 'gpp_d': 1.0088237648985734, 'ign_k': 0.002357279455676982, 'ign_c': 0.4177928311636542, 'trop_agb_crit': 3.108985631683375, 'trop_k_veg': 2.8926781829782864, 'fire_amp': 5.44779717154213}.
[I 2026-06-11 01:32:18,760] Trial 621 finished with values: [10.177847208071698, 10.177847208071698] and parameters: {'k1': 0.00023134781612225627, 'D_low': 236.79352040223893, 'k2': 0.0007731571570012607, 'D_high': 1266.9536563782303, 'fire_exp': 1.2060040899560858, 'P_half': 5.4712187293420325, 'pre_dampen_half': 121.93011993958949, 'gpp_af': 14.161176080022173, 'gpp_b': 0.00031478066835753096, 'gpp_d': 0.1619054449471649, 'ign_k': 0.17320535908244444, 'ign_c': 1.4879588507789996, 'trop_agb_crit': 19.102873436429586, 'trop_k_veg': 0.5183533149347164, 'fire_amp': 1.5719333351012774}.
[I 2026-06-11 01:32:20,222] Trial 622 finished with values: [-0.5196616748287506, 0.09585629720742861] and parameters: {'k1': 0.0869690639641868, 'D_low': 148.21691630007544, 'k2': 2.091507303847255e-05, 'D_high': 1817.0401889219124, 'fire_exp': 1.5191397119156032, 'P_half': 61.6097529474144, 'pre_dampen_half': 9.044346216330972, 'gpp_af': 0.5970408652384318, 'gpp_b': 2.1309331861011757e-05, 'gpp_d': 0.1619054449471649, 'ign_k': 0.004105873950290761, 'ign_c': 1.9423015749984096, 'trop_agb_crit': 5.588032458772675, 'trop_k_veg': 5.636143940068465, 'fire_amp': 5.44779717154213}.
[I 2026-06-11 01:32:21,763] Trial 623 finished with values: [-0.5795716928594723, 0.11808653791255463] and parameters: {'k1': 9.132348475718357e-05, 'D_low': 2186.356344942016, 'k2': 0.0001280886335404798, 'D_high': 20103.283734409175, 'fire_exp': 1.811096651915224, 'P_half': 3.591771421517613, 'pre_dampen_half': 121.93011993958949, 'gpp_af': 0.07118041471054574, 'gpp_b': 5.0875243087016374e-05, 'gpp_d': 0.47379914349407487, 'ign_k': 0.9419612235978201, 'ign_c': 7.081721844034206, 'trop_agb_crit': 1.8023542850487386, 'trop_k_veg': 0.7808079158649266, 'fire_amp': 1.4475279918261055}.
[I 2026-06-11 01:32:23,134] Trial 624 finished with values: [10.359240295489, 10.359240295489] and parameters: {'k1': 0.05466937478766084, 'D_low': 83.56564873457052, 'k2': 0.0001280886335404798, 'D_high': 8912.611835817017, 'fire_exp': 1.811096651915224, 'P_half': 7.914423612155368, 'pre_dampen_half': 121.93011993958949, 'gpp_af': 0.05729456628445246, 'gpp_b': 5.0875243087016374e-05, 'gpp_d': 0.47379914349407487, 'ign_k': 0.0029519227433917453, 'ign_c': 7.081721844034206, 'trop_agb_crit': 21.086120736447015, 'trop_k_veg': 0.5535297685306277, 'fire_amp': 1.4475279918261055}.
[I 2026-06-11 01:32:24,502] Trial 625 finished with values: [11.34203149868756, 11.34203149868756] and parameters: {'k1': 0.030699709531122967, 'D_low': 2.5449737887285035, 'k2': 0.006802810205786726, 'D_high': 6682.9607218310075, 'fire_exp': 1.5191397119156032, 'P_half': 157.80309954142965, 'pre_dampen_half': 9.044346216330972, 'gpp_af': 2.5017068255320485, 'gpp_b': 2.1309331861011757e-05, 'gpp_d': 0.7698760608299932, 'ign_k': 0.004105873950290761, 'ign_c': 1.364908766641693, 'trop_agb_crit': 1.8023542850487386, 'trop_k_veg': 2.724170387400844, 'fire_amp': 5.44779717154213}.
[I 2026-06-11 01:32:25,826] Trial 626 finished with values: [10.538480266350021, 10.538480266350021] and parameters: {'k1': 0.0008779848797373387, 'D_low': 2267.735223551285, 'k2': 0.019383858782150494, 'D_high': 6682.9607218310075, 'fire_exp': 1.1633452995374232, 'P_half': 5.4712187293420325, 'pre_dampen_half': 4.847666216751353, 'gpp_af': 2.5017068255320485, 'gpp_b': 0.002416023630607169, 'gpp_d': 0.1619054449471649, 'ign_k': 0.004105873950290761, 'ign_c': 1.364908766641693, 'trop_agb_crit': 1.8023542850487386, 'trop_k_veg': 0.5183533149347164, 'fire_amp': 2.042193818779288}.
[I 2026-06-11 01:32:27,201] Trial 627 finished with values: [10.470590043404762, 10.470590043404762] and parameters: {'k1': 5.178197947282869e-05, 'D_low': 2186.356344942016, 'k2': 0.0007731571570012607, 'D_high': 6682.9607218310075, 'fire_exp': 1.4690410989404576, 'P_half': 3.591771421517613, 'pre_dampen_half': 4.847666216751353, 'gpp_af': 0.9219336658511308, 'gpp_b': 0.004411400434514031, 'gpp_d': 1.4397852866783676, 'ign_k': 0.00660597889201953, 'ign_c': 2.226297338331262, 'trop_agb_crit': 12.9667438075127, 'trop_k_veg': 0.828441460847982, 'fire_amp': 2.7806853670293616}.
[I 2026-06-11 01:32:28,756] Trial 628 finished with values: [-0.41568099429655175, 0.12101787978731804] and parameters: {'k1': 5.7909642338812115e-05, 'D_low': 2267.735223551285, 'k2': 0.0007731571570012607, 'D_high': 48235.58283024493, 'fire_exp': 1.1633452995374232, 'P_half': 318.834644588275, 'pre_dampen_half': 9.044346216330972, 'gpp_af': 0.9219336658511308, 'gpp_b': 0.001674375583895437, 'gpp_d': 304.7488318185732, 'ign_k': 0.0032383308053152635, 'ign_c': 1.364908766641693, 'trop_agb_crit': 3.108985631683375, 'trop_k_veg': 5.453348988480011, 'fire_amp': 2.6192385880432525}.
[I 2026-06-11 01:32:30,572] Trial 629 finished with values: [11.428107331001002, 11.428107331001002] and parameters: {'k1': 0.0005525012427854533, 'D_low': 1.3376564232104105, 'k2': 0.0001280886335404798, 'D_high': 32311.521854410956, 'fire_exp': 1.111738490499784, 'P_half': 12.262543158860007, 'pre_dampen_half': 121.93011993958949, 'gpp_af': 1.8730788990929563, 'gpp_b': 0.0004360709560327289, 'gpp_d': 0.030844007727232167, 'ign_k': 0.002357279455676982, 'ign_c': 7.081721844034206, 'trop_agb_crit': 1.8023542850487386, 'trop_k_veg': 0.5535297685306277, 'fire_amp': 2.042193818779288}.
[I 2026-06-11 01:32:31,924] Trial 630 finished with values: [10.423204114308062, 10.423204114308062] and parameters: {'k1': 5.178197947282869e-05, 'D_low': 408.3047491580097, 'k2': 0.0001280886335404798, 'D_high': 20103.283734409175, 'fire_exp': 1.811096651915224, 'P_half': 3.591771421517613, 'pre_dampen_half': 903.3231300044874, 'gpp_af': 0.005061568304359487, 'gpp_b': 0.004411400434514031, 'gpp_d': 0.47379914349407487, 'ign_k': 0.00660597889201953, 'ign_c': 7.081721844034206, 'trop_agb_crit': 2.1989086830950257, 'trop_k_veg': 0.7808079158649266, 'fire_amp': 1.4475279918261055}.
[I 2026-06-11 01:32:33,320] Trial 631 finished with values: [10.274081001790275, 10.274081001790275] and parameters: {'k1': 0.030699709531122967, 'D_low': 236.79352040223893, 'k2': 7.531057256501231e-05, 'D_high': 8912.611835817017, 'fire_exp': 1.5191397119156032, 'P_half': 5.4712187293420325, 'pre_dampen_half': 9.044346216330972, 'gpp_af': 6.384685545228285, 'gpp_b': 5.0875243087016374e-05, 'gpp_d': 0.47379914349407487, 'ign_k': 0.00660597889201953, 'ign_c': 7.081721844034206, 'trop_agb_crit': 1.8023542850487386, 'trop_k_veg': 2.724170387400844, 'fire_amp': 2.042193818779288}.
[I 2026-06-11 01:32:34,770] Trial 632 finished with values: [13.507984211824724, 13.507984211824724] and parameters: {'k1': 0.0001599021369655865, 'D_low': 236.79352040223893, 'k2': 0.006802810205786726, 'D_high': 1266.9536563782303, 'fire_exp': 1.5191397119156032, 'P_half': 1.4551749476072258, 'pre_dampen_half': 903.3231300044874, 'gpp_af': 3.030008727251782, 'gpp_b': 2.1309331861011757e-05, 'gpp_d': 0.1922572998567411, 'ign_k': 0.00660597889201953, 'ign_c': 14.709699119495124, 'trop_agb_crit': 5.588032458772675, 'trop_k_veg': 6.030247256556128, 'fire_amp': 5.44779717154213}.
[I 2026-06-11 01:32:36,248] Trial 633 finished with values: [-0.5589346555601518, 0.11590868657692133] and parameters: {'k1': 9.132348475718357e-05, 'D_low': 1.7551403048208316, 'k2': 0.0001280886335404798, 'D_high': 1266.9536563782303, 'fire_exp': 1.2060040899560858, 'P_half': 5.4712187293420325, 'pre_dampen_half': 121.93011993958949, 'gpp_af': 0.060029341913968644, 'gpp_b': 0.0004360709560327289, 'gpp_d': 0.1619054449471649, 'ign_k': 2.3805746020770413, 'ign_c': 7.081721844034206, 'trop_agb_crit': 12.708819454040446, 'trop_k_veg': 0.5535297685306277, 'fire_amp': 1.5719333351012774}.
[I 2026-06-11 01:32:37,753] Trial 634 finished with values: [10.650880393770729, 10.650880393770729] and parameters: {'k1': 5.178197947282869e-05, 'D_low': 2186.356344942016, 'k2': 0.0002442377596403892, 'D_high': 1266.9536563782303, 'fire_exp': 1.7505406131449859, 'P_half': 5.4712187293420325, 'pre_dampen_half': 28.01075698398644, 'gpp_af': 0.007531064950403672, 'gpp_b': 0.004411400434514031, 'gpp_d': 7.631016235941559, 'ign_k': 0.09256855841989636, 'ign_c': 1.4879588507789996, 'trop_agb_crit': 1.8023542850487386, 'trop_k_veg': 5.453348988480011, 'fire_amp': 3.1045399027418377}.
[I 2026-06-11 01:32:39,168] Trial 635 finished with values: [10.767681317309222, 10.767681317309222] and parameters: {'k1': 5.178197947282869e-05, 'D_low': 1.3376564232104105, 'k2': 0.0001280886335404798, 'D_high': 8912.611835817017, 'fire_exp': 1.811096651915224, 'P_half': 5.4712187293420325, 'pre_dampen_half': 0.26568345471341914, 'gpp_af': 6.384685545228285, 'gpp_b': 5.0875243087016374e-05, 'gpp_d': 0.47379914349407487, 'ign_k': 0.00660597889201953, 'ign_c': 7.081721844034206, 'trop_agb_crit': 1.8023542850487386, 'trop_k_veg': 0.7808079158649266, 'fire_amp': 1.734275426324203}.
[I 2026-06-11 01:32:40,518] Trial 636 finished with values: [10.036623017818812, 10.036623017818812] and parameters: {'k1': 0.030699709531122967, 'D_low': 1.7551403048208316, 'k2': 0.0001280886335404798, 'D_high': 55.22071973135807, 'fire_exp': 1.5191397119156032, 'P_half': 5.4712187293420325, 'pre_dampen_half': 9.044346216330972, 'gpp_af': 2.5017068255320485, 'gpp_b': 2.1309331861011757e-05, 'gpp_d': 0.47379914349407487, 'ign_k': 0.004105873950290761, 'ign_c': 1.364908766641693, 'trop_agb_crit': 2.100813292597435, 'trop_k_veg': 2.724170387400844, 'fire_amp': 5.44779717154213}.
[I 2026-06-11 01:32:41,821] Trial 637 finished with values: [10.34458936281487, 10.34458936281487] and parameters: {'k1': 0.00023134781612225627, 'D_low': 2267.735223551285, 'k2': 0.0007731571570012607, 'D_high': 48235.58283024493, 'fire_exp': 1.1633452995374232, 'P_half': 318.834644588275, 'pre_dampen_half': 9.044346216330972, 'gpp_af': 0.41874665092828456, 'gpp_b': 2.1309331861011757e-05, 'gpp_d': 1.0088237648985734, 'ign_k': 0.17320535908244444, 'ign_c': 1.4879588507789996, 'trop_agb_crit': 19.102873436429586, 'trop_k_veg': 5.453348988480011, 'fire_amp': 1.5719333351012774}.
[I 2026-06-11 01:32:43,272] Trial 638 finished with values: [14.99414104544481, 14.99414104544481] and parameters: {'k1': 0.030699709531122967, 'D_low': 148.21691630007544, 'k2': 0.0001870742013766025, 'D_high': 6682.9607218310075, 'fire_exp': 1.5191397119156032, 'P_half': 51.10120656497163, 'pre_dampen_half': 103.54508504947606, 'gpp_af': 0.5970408652384318, 'gpp_b': 2.1309331861011757e-05, 'gpp_d': 0.4742269251269962, 'ign_k': 0.004105873950290761, 'ign_c': 22.126836566118193, 'trop_agb_crit': 2.100813292597435, 'trop_k_veg': 2.724170387400844, 'fire_amp': 5.44779717154213}.
[I 2026-06-11 01:32:44,857] Trial 639 finished with values: [-0.4572103149298846, 0.16480494559189385] and parameters: {'k1': 9.132348475718357e-05, 'D_low': 148.21691630007544, 'k2': 2.091507303847255e-05, 'D_high': 1817.0401889219124, 'fire_exp': 1.4690410989404576, 'P_half': 5.4712187293420325, 'pre_dampen_half': 220.35141300841897, 'gpp_af': 0.10098504976210308, 'gpp_b': 0.00031478066835753096, 'gpp_d': 76.38081075786287, 'ign_k': 0.0032383308053152635, 'ign_c': 14.343168707118846, 'trop_agb_crit': 1.8023542850487386, 'trop_k_veg': 1.6648666152166967, 'fire_amp': 1.746805197047088}.
