[I 2026-07-22 21:47:14,963] Trial 839 finished with values: [-0.5636755035849773, 0.6108956739082061] and parameters: {'k1': 0.09538174612713206, 'D_low': 2.9612221068836555, 'k2': 1.6559474674046002e-05, 'D_high': 580966.5602369158, 'fire_exp': 1.024589524149873, 'P_half': 136.0956887810302, 'pre_dampen_half': 33.97904243111269, 'gpp_af': 0.09791370130598968, 'gpp_b': 0.0005995821881487623, 'gpp_d': 302.3127748796295, 'ign_k': 0.006039096247545781, 'ign_c': 0.11650681118986138, 'trop_agb_crit': 3.5522713231614182, 'trop_k_veg': 6.911478238001162, 'fuel_k': 1.312881567992459, 'fuel_half': 52.005817291141206}.
[I 2026-07-22 21:47:15,412] Trial 840 finished with values: [-0.7286593830336277, 0.4481590063494323] and parameters: {'k1': 0.002968335334246999, 'D_low': 102.19595065529477, 'k2': 1.6559474674046002e-05, 'D_high': 1488557.802851245, 'fire_exp': 1.024589524149873, 'P_half': 220.3445560633069, 'pre_dampen_half': 269.0845367054863, 'gpp_af': 0.02114619056336667, 'gpp_b': 0.0005995821881487623, 'gpp_d': 857.4284557962626, 'ign_k': 0.024287565087611766, 'ign_c': 0.7257841640690941, 'trop_agb_crit': 1.1195539271968775, 'trop_k_veg': 6.911478238001162, 'fuel_k': 4.680936683972859, 'fuel_half': 52.005817291141206}.
[I 2026-07-22 21:47:15,847] Trial 841 finished with values: [10.70802193178794, 10.70802193178794] and parameters: {'k1': 0.002968335334246999, 'D_low': 102.19595065529477, 'k2': 0.017300724838654365, 'D_high': 13.355795670407744, 'fire_exp': 1.0341837609578937, 'P_half': 220.3445560633069, 'pre_dampen_half': 36.876350096202984, 'gpp_af': 0.7539992074650282, 'gpp_b': 0.00011277885258222645, 'gpp_d': 12.151631524283598, 'ign_k': 3.210808548911192, 'ign_c': 4.1108484350212295, 'trop_agb_crit': 1.3224446882783567, 'trop_k_veg': 1.6340262437673856, 'fuel_k': 2.5629765645018403, 'fuel_half': 38.21129441691226}.
[I 2026-07-22 21:47:16,287] Trial 842 finished with values: [10.692024067563157, 10.692024067563157] and parameters: {'k1': 0.002968335334246999, 'D_low': 2.9612221068836555, 'k2': 0.017300724838654365, 'D_high': 107013.64911724928, 'fire_exp': 1.5234641924368266, 'P_half': 7437.725385707937, 'pre_dampen_half': 269.0845367054863, 'gpp_af': 1.1300566419249867, 'gpp_b': 0.0054502936945582505, 'gpp_d': 12.151631524283598, 'ign_k': 3.210808548911192, 'ign_c': 0.19678273362633986, 'trop_agb_crit': 24.584290528289387, 'trop_k_veg': 1.6340262437673856, 'fuel_k': 0.33290041721916025, 'fuel_half': 38.21129441691226}.
[I 2026-07-22 21:47:16,722] Trial 843 finished with values: [10.324149648327706, 10.324149648327706] and parameters: {'k1': 0.007895056976009628, 'D_low': 102.19595065529477, 'k2': 0.002342238625792905, 'D_high': 145242.37928628005, 'fire_exp': 2.3987174696212126, 'P_half': 220.3445560633069, 'pre_dampen_half': 269.0845367054863, 'gpp_af': 0.030007090451279302, 'gpp_b': 0.029533947738179488, 'gpp_d': 11.91508626986522, 'ign_k': 3.210808548911192, 'ign_c': 4.1108484350212295, 'trop_agb_crit': 19.28597237496244, 'trop_k_veg': 7.151800917825274, 'fuel_k': 4.680936683972859, 'fuel_half': 16.371966573507315}.
[I 2026-07-22 21:47:17,162] Trial 844 finished with values: [-0.7998704903190755, 0.38698062729547444] and parameters: {'k1': 0.002968335334246999, 'D_low': 9.497440085397416, 'k2': 0.002342238625792905, 'D_high': 145242.37928628005, 'fire_exp': 2.3987174696212126, 'P_half': 220.3445560633069, 'pre_dampen_half': 502.5175192217655, 'gpp_af': 0.4224904711663322, 'gpp_b': 0.0021331409710300844, 'gpp_d': 12.151631524283598, 'ign_k': 3.210808548911192, 'ign_c': 15.221840161091619, 'trop_agb_crit': 6.1198430581046965, 'trop_k_veg': 1.6340262437673856, 'fuel_k': 4.680936683972859, 'fuel_half': 38.21129441691226}.
[I 2026-07-22 21:47:17,602] Trial 845 finished with values: [10.061299637424819, 10.061299637424819] and parameters: {'k1': 0.002968335334246999, 'D_low': 247.75146043208053, 'k2': 0.002342238625792905, 'D_high': 412419.210970374, 'fire_exp': 2.3987174696212126, 'P_half': 220.3445560633069, 'pre_dampen_half': 347.79988160923324, 'gpp_af': 0.03924302839842014, 'gpp_b': 0.0054502936945582505, 'gpp_d': 302.3127748796295, 'ign_k': 3.210808548911192, 'ign_c': 6.1609752947414345, 'trop_agb_crit': 9.836162684900028, 'trop_k_veg': 1.6340262437673856, 'fuel_k': 0.33290041721916025, 'fuel_half': 16.371966573507315}.
[I 2026-07-22 21:47:18,044] Trial 846 finished with values: [10.059826352136309, 10.059826352136309] and parameters: {'k1': 0.002968335334246999, 'D_low': 2.8627614274446977, 'k2': 0.002342238625792905, 'D_high': 107013.64911724928, 'fire_exp': 2.3987174696212126, 'P_half': 10.226988730324324, 'pre_dampen_half': 26.373339933815235, 'gpp_af': 1.3283662848372841, 'gpp_b': 0.0032930655419269924, 'gpp_d': 11.91508626986522, 'ign_k': 0.47637374845937214, 'ign_c': 2.5923015361558552, 'trop_agb_crit': 19.28597237496244, 'trop_k_veg': 1.6340262437673856, 'fuel_k': 4.680936683972859, 'fuel_half': 16.371966573507315}.
[I 2026-07-22 21:47:18,476] Trial 847 finished with values: [10.542454748632851, 10.542454748632851] and parameters: {'k1': 0.003129228656360861, 'D_low': 195.72118561834387, 'k2': 0.011469197890812934, 'D_high': 71534.52030884045, 'fire_exp': 2.3987174696212126, 'P_half': 220.3445560633069, 'pre_dampen_half': 36.876350096202984, 'gpp_af': 0.015769192447197523, 'gpp_b': 0.005135775987795958, 'gpp_d': 302.3127748796295, 'ign_k': 3.210808548911192, 'ign_c': 4.1108484350212295, 'trop_agb_crit': 1.1195539271968775, 'trop_k_veg': 1.4584243470991722, 'fuel_k': 1.8731335591844647, 'fuel_half': 42.6871254378718}.
  trial  848/1500  pareto_size=5  best_taylor=0.7999  best_ilamb=0.5675  (6.4 min)
[I 2026-07-22 21:47:19,058] Trial 848 finished with values: [10.24703379109998, 10.24703379109998] and parameters: {'k1': 0.004312951023617458, 'D_low': 9.497440085397416, 'k2': 0.017300724838654365, 'D_high': 71534.52030884045, 'fire_exp': 1.024589524149873, 'P_half': 220.3445560633069, 'pre_dampen_half': 502.5175192217655, 'gpp_af': 0.7539992074650282, 'gpp_b': 0.0032930655419269924, 'gpp_d': 12.151631524283598, 'ign_k': 0.47637374845937214, 'ign_c': 15.221840161091619, 'trop_agb_crit': 19.28597237496244, 'trop_k_veg': 1.4584243470991722, 'fuel_k': 4.680936683972859, 'fuel_half': 38.21129441691226}.
[I 2026-07-22 21:47:19,499] Trial 849 finished with values: [10.172215266027825, 10.172215266027825] and parameters: {'k1': 0.002971796631657383, 'D_low': 102.19595065529477, 'k2': 0.017300724838654365, 'D_high': 107013.64911724928, 'fire_exp': 1.2074000538912952, 'P_half': 220.3445560633069, 'pre_dampen_half': 36.876350096202984, 'gpp_af': 0.0025511964576171086, 'gpp_b': 2.2334836264661435e-05, 'gpp_d': 16.460426816350534, 'ign_k': 0.0030587619047039204, 'ign_c': 6.1609752947414345, 'trop_agb_crit': 6.1198430581046965, 'trop_k_veg': 0.9793402026070162, 'fuel_k': 4.680936683972859, 'fuel_half': 38.21129441691226}.
[I 2026-07-22 21:47:19,967] Trial 850 finished with values: [-0.6526712971239126, 0.41946114820060465] and parameters: {'k1': 0.002968335334246999, 'D_low': 102.19595065529477, 'k2': 0.011469197890812934, 'D_high': 71534.52030884045, 'fire_exp': 1.024589524149873, 'P_half': 13.019246714361572, 'pre_dampen_half': 269.0845367054863, 'gpp_af': 0.03924302839842014, 'gpp_b': 0.0032930655419269924, 'gpp_d': 0.3619181297408274, 'ign_k': 0.006039096247545781, 'ign_c': 2.5923015361558552, 'trop_agb_crit': 1.1195539271968775, 'trop_k_veg': 0.6903814430415869, 'fuel_k': 1.312881567992459, 'fuel_half': 0.33988503110784557}.
[I 2026-07-22 21:47:20,420] Trial 851 finished with values: [10.217335345121377, 10.217335345121377] and parameters: {'k1': 0.002968335334246999, 'D_low': 102.19595065529477, 'k2': 0.020149789847008874, 'D_high': 107013.64911724928, 'fire_exp': 2.3987174696212126, 'P_half': 220.3445560633069, 'pre_dampen_half': 11.88679684143525, 'gpp_af': 0.7539992074650282, 'gpp_b': 0.0032930655419269924, 'gpp_d': 12.151631524283598, 'ign_k': 3.210808548911192, 'ign_c': 15.221840161091619, 'trop_agb_crit': 19.28597237496244, 'trop_k_veg': 1.6340262437673856, 'fuel_k': 4.680936683972859, 'fuel_half': 38.21129441691226}.
[I 2026-07-22 21:47:20,860] Trial 852 finished with values: [-0.7289955798510703, 0.3995015588979267] and parameters: {'k1': 0.002968335334246999, 'D_low': 2.8627614274446977, 'k2': 0.017300724838654365, 'D_high': 107013.64911724928, 'fire_exp': 2.3987174696212126, 'P_half': 220.3445560633069, 'pre_dampen_half': 269.0845367054863, 'gpp_af': 0.7539992074650282, 'gpp_b': 0.0032930655419269924, 'gpp_d': 12.151631524283598, 'ign_k': 3.210808548911192, 'ign_c': 4.1108484350212295, 'trop_agb_crit': 19.28597237496244, 'trop_k_veg': 1.140286245977296, 'fuel_k': 4.680936683972859, 'fuel_half': 38.21129441691226}.
[I 2026-07-22 21:47:21,312] Trial 853 finished with values: [10.472309330588514, 10.472309330588514] and parameters: {'k1': 0.002968335334246999, 'D_low': 2.8627614274446977, 'k2': 0.017300724838654365, 'D_high': 107013.64911724928, 'fire_exp': 2.3987174696212126, 'P_half': 1254.6862035691902, 'pre_dampen_half': 269.0845367054863, 'gpp_af': 0.4224904711663322, 'gpp_b': 0.0054502936945582505, 'gpp_d': 12.151631524283598, 'ign_k': 0.47637374845937214, 'ign_c': 0.19678273362633986, 'trop_agb_crit': 19.28597237496244, 'trop_k_veg': 1.6340262437673856, 'fuel_k': 4.680936683972859, 'fuel_half': 18.202647368248815}.
[I 2026-07-22 21:47:21,748] Trial 854 finished with values: [-0.4737599197807254, 0.3865909854390014] and parameters: {'k1': 0.004312951023617458, 'D_low': 9.497440085397416, 'k2': 1.915468390724633e-05, 'D_high': 71534.52030884045, 'fire_exp': 1.024589524149873, 'P_half': 220.3445560633069, 'pre_dampen_half': 502.5175192217655, 'gpp_af': 0.7539992074650282, 'gpp_b': 0.009563154080872067, 'gpp_d': 16.460426816350534, 'ign_k': 0.06807874826564587, 'ign_c': 15.221840161091619, 'trop_agb_crit': 24.584290528289387, 'trop_k_veg': 1.4584243470991722, 'fuel_k': 4.680936683972859, 'fuel_half': 91.90868674438059}.
[I 2026-07-22 21:47:22,181] Trial 855 finished with values: [10.763396896340161, 10.763396896340161] and parameters: {'k1': 0.002971796631657383, 'D_low': 102.19595065529477, 'k2': 0.017300724838654365, 'D_high': 15907.988939621297, 'fire_exp': 1.4905138918021545, 'P_half': 220.3445560633069, 'pre_dampen_half': 502.5175192217655, 'gpp_af': 0.0025511964576171086, 'gpp_b': 0.07301725821619504, 'gpp_d': 16.460426816350534, 'ign_k': 3.210808548911192, 'ign_c': 4.1108484350212295, 'trop_agb_crit': 6.1198430581046965, 'trop_k_veg': 0.9793402026070162, 'fuel_k': 0.08612665817296865, 'fuel_half': 52.005817291141206}.
[I 2026-07-22 21:47:22,616] Trial 856 finished with values: [10.604609921217309, 10.604609921217309] and parameters: {'k1': 0.002968335334246999, 'D_low': 2.8627614274446977, 'k2': 0.0013219302264066773, 'D_high': 107013.64911724928, 'fire_exp': 2.3987174696212126, 'P_half': 10.226988730324324, 'pre_dampen_half': 26.373339933815235, 'gpp_af': 0.03924302839842014, 'gpp_b': 0.0032930655419269924, 'gpp_d': 12.151631524283598, 'ign_k': 0.0014716512163645843, 'ign_c': 2.5923015361558552, 'trop_agb_crit': 19.28597237496244, 'trop_k_veg': 0.6778062263834121, 'fuel_k': 0.02929333925546488, 'fuel_half': 16.371966573507315}.
[I 2026-07-22 21:47:23,048] Trial 857 finished with values: [12.484055836538117, 12.484055836538117] and parameters: {'k1': 0.09538174612713206, 'D_low': 2.9612221068836555, 'k2': 0.0034207303670092245, 'D_high': 71534.52030884045, 'fire_exp': 1.161749421319469, 'P_half': 220.3445560633069, 'pre_dampen_half': 502.5175192217655, 'gpp_af': 0.7539992074650282, 'gpp_b': 0.0005392415140872105, 'gpp_d': 302.3127748796295, 'ign_k': 0.06807874826564587, 'ign_c': 0.11650681118986138, 'trop_agb_crit': 3.5522713231614182, 'trop_k_veg': 1.6340262437673856, 'fuel_k': 4.680936683972859, 'fuel_half': 0.33988503110784557}.
[I 2026-07-22 21:47:23,482] Trial 858 finished with values: [10.769230769178105, 10.769230769178105] and parameters: {'k1': 0.003129228656360861, 'D_low': 647042.288423371, 'k2': 0.011469197890812934, 'D_high': 71534.52030884045, 'fire_exp': 1.024589524149873, 'P_half': 10.226988730324324, 'pre_dampen_half': 36.876350096202984, 'gpp_af': 0.015769192447197523, 'gpp_b': 0.005135775987795958, 'gpp_d': 302.3127748796295, 'ign_k': 2.9663798365255736, 'ign_c': 6.3906950920732175, 'trop_agb_crit': 1.1195539271968775, 'trop_k_veg': 1.4584243470991722, 'fuel_k': 1.8731335591844647, 'fuel_half': 42.6871254378718}.
[I 2026-07-22 21:47:23,911] Trial 859 finished with values: [10.089496130385312, 10.089496130385312] and parameters: {'k1': 0.003663433473924883, 'D_low': 9.497440085397416, 'k2': 1.915468390724633e-05, 'D_high': 145242.37928628005, 'fire_exp': 2.3987174696212126, 'P_half': 220.3445560633069, 'pre_dampen_half': 269.0845367054863, 'gpp_af': 1.1300566419249867, 'gpp_b': 0.0021331409710300844, 'gpp_d': 12.151631524283598, 'ign_k': 0.47637374845937214, 'ign_c': 15.221840161091619, 'trop_agb_crit': 19.28597237496244, 'trop_k_veg': 1.140286245977296, 'fuel_k': 4.680936683972859, 'fuel_half': 38.21129441691226}.
[I 2026-07-22 21:47:24,344] Trial 860 finished with values: [10.505581160477414, 10.505581160477414] and parameters: {'k1': 0.003663433473924883, 'D_low': 2.8627614274446977, 'k2': 0.017300724838654365, 'D_high': 619847.9224692386, 'fire_exp': 2.3987174696212126, 'P_half': 220.3445560633069, 'pre_dampen_half': 36.876350096202984, 'gpp_af': 0.4224904711663322, 'gpp_b': 0.0032930655419269924, 'gpp_d': 0.29114556807561554, 'ign_k': 3.210808548911192, 'ign_c': 6.1609752947414345, 'trop_agb_crit': 1.1195539271968775, 'trop_k_veg': 1.140286245977296, 'fuel_k': 4.680936683972859, 'fuel_half': 38.21129441691226}.
[I 2026-07-22 21:47:24,775] Trial 861 finished with values: [10.386722113687426, 10.386722113687426] and parameters: {'k1': 0.00023352156626184448, 'D_low': 9.497440085397416, 'k2': 1.127217425995114e-05, 'D_high': 145242.37928628005, 'fire_exp': 1.024589524149873, 'P_half': 220.3445560633069, 'pre_dampen_half': 794.0569418107997, 'gpp_af': 1.1300566419249867, 'gpp_b': 0.00012118589392553819, 'gpp_d': 302.3127748796295, 'ign_k': 0.47637374845937214, 'ign_c': 6.1609752947414345, 'trop_agb_crit': 19.28597237496244, 'trop_k_veg': 1.140286245977296, 'fuel_k': 4.680936683972859, 'fuel_half': 38.21129441691226}.
[I 2026-07-22 21:47:25,201] Trial 862 finished with values: [11.306797521322046, 11.306797521322046] and parameters: {'k1': 0.004312951023617458, 'D_low': 163.4864778201543, 'k2': 0.0001971137615017176, 'D_high': 145242.37928628005, 'fire_exp': 1.0341837609578937, 'P_half': 10.226988730324324, 'pre_dampen_half': 269.0845367054863, 'gpp_af': 0.0025511964576171086, 'gpp_b': 7.402343469704414e-05, 'gpp_d': 857.4284557962626, 'ign_k': 8.761971101023699, 'ign_c': 6.1609752947414345, 'trop_agb_crit': 6.1198430581046965, 'trop_k_veg': 0.9793402026070162, 'fuel_k': 4.680936683972859, 'fuel_half': 6.392117784388238}.
[I 2026-07-22 21:47:25,641] Trial 863 finished with values: [10.314208595761869, 10.314208595761869] and parameters: {'k1': 0.002136439666839362, 'D_low': 102.19595065529477, 'k2': 0.017300724838654365, 'D_high': 15907.988939621297, 'fire_exp': 1.9846697372449584, 'P_half': 220.3445560633069, 'pre_dampen_half': 502.5175192217655, 'gpp_af': 0.7539992074650282, 'gpp_b': 0.0054502936945582505, 'gpp_d': 11.91508626986522, 'ign_k': 3.210808548911192, 'ign_c': 4.1108484350212295, 'trop_agb_crit': 6.1198430581046965, 'trop_k_veg': 1.6340262437673856, 'fuel_k': 0.08612665817296865, 'fuel_half': 16.371966573507315}.
[I 2026-07-22 21:47:26,090] Trial 864 finished with values: [10.065007722732375, 10.065007722732375] and parameters: {'k1': 0.004312951023617458, 'D_low': 102.19595065529477, 'k2': 0.003658518527736814, 'D_high': 1488557.802851245, 'fire_exp': 2.1039512684884714, 'P_half': 220.3445560633069, 'pre_dampen_half': 502.5175192217655, 'gpp_af': 0.015769192447197523, 'gpp_b': 0.0054502936945582505, 'gpp_d': 857.4284557962626, 'ign_k': 0.4225853424839538, 'ign_c': 0.7257841640690941, 'trop_agb_crit': 9.836162684900028, 'trop_k_veg': 6.911478238001162, 'fuel_k': 0.08612665817296865, 'fuel_half': 0.24226308267532445}.
[I 2026-07-22 21:47:26,536] Trial 865 finished with values: [-0.6622628760679201, 0.5999929465505526] and parameters: {'k1': 0.004312951023617458, 'D_low': 102.19595065529477, 'k2': 0.002342238625792905, 'D_high': 107013.64911724928, 'fire_exp': 1.3633588268829893, 'P_half': 220.3445560633069, 'pre_dampen_half': 26.373339933815235, 'gpp_af': 1.1300566419249867, 'gpp_b': 0.0032930655419269924, 'gpp_d': 16.460426816350534, 'ign_k': 3.210808548911192, 'ign_c': 2.5923015361558552, 'trop_agb_crit': 6.1198430581046965, 'trop_k_veg': 1.6340262437673856, 'fuel_k': 0.02929333925546488, 'fuel_half': 38.21129441691226}.
[I 2026-07-22 21:47:26,980] Trial 866 finished with values: [10.620021310514549, 10.620021310514549] and parameters: {'k1': 0.007895056976009628, 'D_low': 9.497440085397416, 'k2': 0.0034207303670092245, 'D_high': 107013.64911724928, 'fire_exp': 2.3987174696212126, 'P_half': 10.226988730324324, 'pre_dampen_half': 36.876350096202984, 'gpp_af': 0.015769192447197523, 'gpp_b': 0.029533947738179488, 'gpp_d': 316.31196273374786, 'ign_k': 3.210808548911192, 'ign_c': 6.3906950920732175, 'trop_agb_crit': 9.836162684900028, 'trop_k_veg': 1.7570501127699656, 'fuel_k': 3.7875356197077763, 'fuel_half': 38.21129441691226}.
[I 2026-07-22 21:47:27,432] Trial 867 finished with values: [10.599269903211237, 10.599269903211237] and parameters: {'k1': 0.003663433473924883, 'D_low': 2.8627614274446977, 'k2': 2.1698375693549493e-05, 'D_high': 107013.64911724928, 'fire_exp': 2.4645237762603327, 'P_half': 220.3445560633069, 'pre_dampen_half': 502.5175192217655, 'gpp_af': 0.4224904711663322, 'gpp_b': 0.0032930655419269924, 'gpp_d': 0.3619181297408274, 'ign_k': 0.47637374845937214, 'ign_c': 4.1108484350212295, 'trop_agb_crit': 2.539877620672643, 'trop_k_veg': 0.9793402026070162, 'fuel_k': 4.680936683972859, 'fuel_half': 38.21129441691226}.
[I 2026-07-22 21:47:27,967] Trial 868 finished with values: [10.686231649108741, 10.686231649108741] and parameters: {'k1': 0.00013783578294796384, 'D_low': 1.6646452049870526, 'k2': 0.002342238625792905, 'D_high': 222.6863880217266, 'fire_exp': 2.3987174696212126, 'P_half': 13.019246714361572, 'pre_dampen_half': 269.0845367054863, 'gpp_af': 1.1300566419249867, 'gpp_b': 0.0032930655419269924, 'gpp_d': 599.2644014925409, 'ign_k': 3.210808548911192, 'ign_c': 6.1609752947414345, 'trop_agb_crit': 9.836162684900028, 'trop_k_veg': 1.6340262437673856, 'fuel_k': 4.680936683972859, 'fuel_half': 1.3547291924247347}.
[I 2026-07-22 21:47:28,441] Trial 869 finished with values: [11.253883784701305, 11.253883784701305] and parameters: {'k1': 0.002968335334246999, 'D_low': 1.6646452049870526, 'k2': 1.915468390724633e-05, 'D_high': 580966.5602369158, 'fire_exp': 2.2355331213137215, 'P_half': 13.019246714361572, 'pre_dampen_half': 502.5175192217655, 'gpp_af': 0.03924302839842014, 'gpp_b': 7.402343469704414e-05, 'gpp_d': 16.460426816350534, 'ign_k': 3.210808548911192, 'ign_c': 2.5923015361558552, 'trop_agb_crit': 9.836162684900028, 'trop_k_veg': 1.7570501127699656, 'fuel_k': 4.680936683972859, 'fuel_half': 16.371966573507315}.
[I 2026-07-22 21:47:28,905] Trial 870 finished with values: [-0.7445899495893882, 0.4614355887825373] and parameters: {'k1': 0.002968335334246999, 'D_low': 9.497440085397416, 'k2': 0.017300724838654365, 'D_high': 145242.37928628005, 'fire_exp': 2.3987174696212126, 'P_half': 220.3445560633069, 'pre_dampen_half': 502.5175192217655, 'gpp_af': 1.1300566419249867, 'gpp_b': 0.0032930655419269924, 'gpp_d': 12.151631524283598, 'ign_k': 3.210808548911192, 'ign_c': 3.080832558855941, 'trop_agb_crit': 24.584290528289387, 'trop_k_veg': 1.6340262437673856, 'fuel_k': 4.680936683972859, 'fuel_half': 38.21129441691226}.
[I 2026-07-22 21:47:29,356] Trial 871 finished with values: [-0.701243284653031, 0.37838722558356164] and parameters: {'k1': 0.002968335334246999, 'D_low': 2.8627614274446977, 'k2': 0.002342238625792905, 'D_high': 145242.37928628005, 'fire_exp': 2.3987174696212126, 'P_half': 220.3445560633069, 'pre_dampen_half': 269.0845367054863, 'gpp_af': 1.1300566419249867, 'gpp_b': 0.0054502936945582505, 'gpp_d': 11.91508626986522, 'ign_k': 3.210808548911192, 'ign_c': 0.19678273362633986, 'trop_agb_crit': 1.7813653882411722, 'trop_k_veg': 7.151800917825274, 'fuel_k': 0.04618261343082179, 'fuel_half': 16.371966573507315}.
[I 2026-07-22 21:47:29,796] Trial 872 finished with values: [10.043167781279603, 10.043167781279603] and parameters: {'k1': 0.007895056976009628, 'D_low': 1.6646452049870526, 'k2': 0.007455766613295631, 'D_high': 580966.5602369158, 'fire_exp': 2.3987174696212126, 'P_half': 136.0956887810302, 'pre_dampen_half': 269.0845367054863, 'gpp_af': 1.1300566419249867, 'gpp_b': 0.0032930655419269924, 'gpp_d': 302.3127748796295, 'ign_k': 3.210808548911192, 'ign_c': 6.1609752947414345, 'trop_agb_crit': 4.347403467878529, 'trop_k_veg': 1.6906991445093917, 'fuel_k': 0.04572914063536324, 'fuel_half': 38.21129441691226}.
[I 2026-07-22 21:47:30,222] Trial 873 finished with values: [10.190880413333542, 10.190880413333542] and parameters: {'k1': 0.002971796631657383, 'D_low': 163.4864778201543, 'k2': 0.015109086063191909, 'D_high': 145242.37928628005, 'fire_exp': 1.0341837609578937, 'P_half': 220.3445560633069, 'pre_dampen_half': 36.876350096202984, 'gpp_af': 0.0025511964576171086, 'gpp_b': 0.00011277885258222645, 'gpp_d': 857.4284557962626, 'ign_k': 0.28298168613109503, 'ign_c': 6.1609752947414345, 'trop_agb_crit': 24.584290528289387, 'trop_k_veg': 0.9793402026070162, 'fuel_k': 2.5629765645018403, 'fuel_half': 16.371966573507315}.
