[I 2026-07-22 18:47:15,010] Trial 769 finished with values: [-0.3400097228339171, 0.2994573467202577] and parameters: {'k1': 0.0029282035181080004, 'D_low': 126.11058927054879, 'k2': 0.001566517163094646, 'D_high': 316055.11434645456, 'fire_exp': 1.1258453832483524, 'P_half': 7.890004262668578, 'pre_dampen_half': 0.4016986062226068, 'gpp_af': 0.25562996323356013, 'gpp_b': 1.7565109007473816e-05, 'gpp_d': 9.00460602264307, 'ign_k': 0.006290644294586149, 'ign_c': 11.40086370112731, 'trop_agb_crit': 20.205002815711154, 'trop_k_veg': 2.417028380770307, 'fuel_k': 0.48736180483849406, 'fuel_half': 0.32476735706274484}.
[I 2026-07-22 18:47:15,456] Trial 770 finished with values: [-0.18859287611676653, 0.20367109495914337] and parameters: {'k1': 1.118106310430073e-05, 'D_low': 4.043300846639722, 'k2': 2.1698375693549493e-05, 'D_high': 580966.5602369158, 'fire_exp': 1.182396148413737, 'P_half': 1938.3858782150498, 'pre_dampen_half': 294.75617712568373, 'gpp_af': 0.06789053271698488, 'gpp_b': 3.228689523591491e-05, 'gpp_d': 857.4284557962626, 'ign_k': 0.009861808369679786, 'ign_c': 3.0378658251922155, 'trop_agb_crit': 15.870971677383487, 'trop_k_veg': 2.417028380770307, 'fuel_k': 5.486054129200971, 'fuel_half': 18.202647368248815}.
[I 2026-07-22 18:47:15,903] Trial 771 finished with values: [10.67032821427912, 10.67032821427912] and parameters: {'k1': 0.0029707920514735983, 'D_low': 4.043300846639722, 'k2': 2.1698375693549493e-05, 'D_high': 160625.60954780428, 'fire_exp': 1.182396148413737, 'P_half': 1938.3858782150498, 'pre_dampen_half': 0.16069682196977472, 'gpp_af': 0.0025511964576171086, 'gpp_b': 3.228689523591491e-05, 'gpp_d': 857.4284557962626, 'ign_k': 0.03141110271934876, 'ign_c': 3.0378658251922155, 'trop_agb_crit': 15.870971677383487, 'trop_k_veg': 6.911478238001162, 'fuel_k': 5.486054129200971, 'fuel_half': 18.202647368248815}.
[I 2026-07-22 18:47:16,363] Trial 772 finished with values: [-0.2841437408269807, 0.1714650614954234] and parameters: {'k1': 0.003242143344038315, 'D_low': 102.19595065529477, 'k2': 0.001566517163094646, 'D_high': 580966.5602369158, 'fire_exp': 1.182396148413737, 'P_half': 1938.3858782150498, 'pre_dampen_half': 294.75617712568373, 'gpp_af': 0.06789053271698488, 'gpp_b': 8.129227514069975e-05, 'gpp_d': 757.4758210832024, 'ign_k': 0.009861808369679786, 'ign_c': 3.0378658251922155, 'trop_agb_crit': 15.870971677383487, 'trop_k_veg': 2.417028380770307, 'fuel_k': 5.486054129200971, 'fuel_half': 91.90868674438059}.
[I 2026-07-22 18:47:16,802] Trial 773 finished with values: [14.318935478156568, 14.318935478156568] and parameters: {'k1': 9.969469187531805e-05, 'D_low': 864.0717009254879, 'k2': 0.0009562822793888481, 'D_high': 1681956.433827372, 'fire_exp': 1.3411849220480432, 'P_half': 7.890004262668578, 'pre_dampen_half': 26.373339933815235, 'gpp_af': 0.49740621749684094, 'gpp_b': 1.7565109007473816e-05, 'gpp_d': 9.00460602264307, 'ign_k': 1.60749062042773, 'ign_c': 8.405439129313676, 'trop_agb_crit': 9.362115196011851, 'trop_k_veg': 7.26254292602904, 'fuel_k': 1.2528108647479208, 'fuel_half': 0.3335026483569958}.
[I 2026-07-22 18:47:17,234] Trial 774 finished with values: [10.047527730540562, 10.047527730540562] and parameters: {'k1': 0.0003199177539819797, 'D_low': 126.11058927054879, 'k2': 1.895375973243287e-05, 'D_high': 887331.2884015184, 'fire_exp': 1.2242398136753672, 'P_half': 7.890004262668578, 'pre_dampen_half': 0.46504594134732663, 'gpp_af': 0.0025511964576171086, 'gpp_b': 1.7565109007473816e-05, 'gpp_d': 700.6693992445935, 'ign_k': 0.03141110271934876, 'ign_c': 3.0378658251922155, 'trop_agb_crit': 20.205002815711154, 'trop_k_veg': 1.7518409078083697, 'fuel_k': 0.48736180483849406, 'fuel_half': 0.3335026483569958}.
[I 2026-07-22 18:47:17,657] Trial 775 finished with values: [10.10807010710185, 10.10807010710185] and parameters: {'k1': 0.0029282035181080004, 'D_low': 4.043300846639722, 'k2': 0.0001971137615017176, 'D_high': 160625.60954780428, 'fire_exp': 1.182396148413737, 'P_half': 1535.1441568398143, 'pre_dampen_half': 347.79988160923324, 'gpp_af': 0.0025511964576171086, 'gpp_b': 0.0005392415140872105, 'gpp_d': 857.4284557962626, 'ign_k': 0.006290644294586149, 'ign_c': 3.0378658251922155, 'trop_agb_crit': 2.171140223187998, 'trop_k_veg': 6.911478238001162, 'fuel_k': 5.486054129200971, 'fuel_half': 18.202647368248815}.
[I 2026-07-22 18:47:18,229] Trial 776 finished with values: [-0.5393760604122848, 0.18355813802054854] and parameters: {'k1': 0.0029707920514735983, 'D_low': 4.043300846639722, 'k2': 2.1698375693549493e-05, 'D_high': 160625.60954780428, 'fire_exp': 1.182396148413737, 'P_half': 1938.3858782150498, 'pre_dampen_half': 33.97904243111269, 'gpp_af': 0.0025511964576171086, 'gpp_b': 1.1698276136056565e-05, 'gpp_d': 6.91394869865762, 'ign_k': 4.59148521674054, 'ign_c': 3.0378658251922155, 'trop_agb_crit': 10.719494362768906, 'trop_k_veg': 6.911478238001162, 'fuel_k': 5.486054129200971, 'fuel_half': 81.87941582538087}.
[I 2026-07-22 18:47:18,864] Trial 777 finished with values: [10.668132114779757, 10.668132114779757] and parameters: {'k1': 0.052334804885400876, 'D_low': 8454.098152188677, 'k2': 0.002342238625792905, 'D_high': 8433503.858791472, 'fire_exp': 2.0165721691808587, 'P_half': 1.4378290221680121, 'pre_dampen_half': 33.71909132517388, 'gpp_af': 0.015350904103515228, 'gpp_b': 1.1698276136056565e-05, 'gpp_d': 1.050978521342778, 'ign_k': 4.59148521674054, 'ign_c': 14.452451441203314, 'trop_agb_crit': 5.707205898008383, 'trop_k_veg': 7.151800917825274, 'fuel_k': 3.6992394681929355, 'fuel_half': 81.87941582538087}.
[I 2026-07-22 18:47:19,350] Trial 778 finished with values: [10.024756749627219, 10.024756749627219] and parameters: {'k1': 0.011966626407443505, 'D_low': 126.11058927054879, 'k2': 0.001566517163094646, 'D_high': 580966.5602369158, 'fire_exp': 1.182396148413737, 'P_half': 1938.3858782150498, 'pre_dampen_half': 33.97904243111269, 'gpp_af': 0.06789053271698488, 'gpp_b': 0.01736771891291939, 'gpp_d': 857.4284557962626, 'ign_k': 4.59148521674054, 'ign_c': 11.40086370112731, 'trop_agb_crit': 17.530135633155123, 'trop_k_veg': 2.417028380770307, 'fuel_k': 5.486054129200971, 'fuel_half': 91.90868674438059}.
[I 2026-07-22 18:47:19,823] Trial 779 finished with values: [-0.3482975467452981, 0.1664869884449216] and parameters: {'k1': 0.011966626407443505, 'D_low': 1.7887890916820506, 'k2': 0.0007081721844034209, 'D_high': 160625.60954780428, 'fire_exp': 1.182396148413737, 'P_half': 1938.3858782150498, 'pre_dampen_half': 33.97904243111269, 'gpp_af': 0.0025511964576171086, 'gpp_b': 3.228689523591491e-05, 'gpp_d': 302.3127748796295, 'ign_k': 0.03141110271934876, 'ign_c': 6.1609752947414345, 'trop_agb_crit': 9.362115196011851, 'trop_k_veg': 1.140286245977296, 'fuel_k': 5.486054129200971, 'fuel_half': 18.202647368248815}.
[I 2026-07-22 18:47:20,259] Trial 780 finished with values: [-0.4797442643042363, 0.20547464671810534] and parameters: {'k1': 0.011966626407443505, 'D_low': 4.043300846639722, 'k2': 0.0007081721844034209, 'D_high': 160625.60954780428, 'fire_exp': 1.182396148413737, 'P_half': 1938.3858782150498, 'pre_dampen_half': 33.97904243111269, 'gpp_af': 0.25562996323356013, 'gpp_b': 0.00845520737216933, 'gpp_d': 857.4284557962626, 'ign_k': 3.284529979576942, 'ign_c': 3.0378658251922155, 'trop_agb_crit': 20.205002815711154, 'trop_k_veg': 0.6921865222804094, 'fuel_k': 0.0500651901928747, 'fuel_half': 0.3335026483569958}.
[I 2026-07-22 18:47:20,695] Trial 781 finished with values: [10.626437638681661, 10.626437638681661] and parameters: {'k1': 0.0029282035181080004, 'D_low': 126.11058927054879, 'k2': 2.1698375693549493e-05, 'D_high': 316055.11434645456, 'fire_exp': 1.1258453832483524, 'P_half': 1535.1441568398143, 'pre_dampen_half': 0.4016986062226068, 'gpp_af': 0.4224904711663322, 'gpp_b': 0.0054502936945582505, 'gpp_d': 700.6693992445935, 'ign_k': 0.006290644294586149, 'ign_c': 11.40086370112731, 'trop_agb_crit': 20.205002815711154, 'trop_k_veg': 0.6921865222804094, 'fuel_k': 0.48736180483849406, 'fuel_half': 38.21129441691226}.
[I 2026-07-22 18:47:21,127] Trial 782 finished with values: [13.301673214412688, 13.301673214412688] and parameters: {'k1': 0.011966626407443505, 'D_low': 126.11058927054879, 'k2': 0.001566517163094646, 'D_high': 316055.11434645456, 'fire_exp': 1.2242398136753672, 'P_half': 7.890004262668578, 'pre_dampen_half': 33.71909132517388, 'gpp_af': 0.12243451886824051, 'gpp_b': 1.7565109007473816e-05, 'gpp_d': 700.6693992445935, 'ign_k': 3.284529979576942, 'ign_c': 11.40086370112731, 'trop_agb_crit': 9.362115196011851, 'trop_k_veg': 7.26254292602904, 'fuel_k': 0.08612665817296865, 'fuel_half': 0.32476735706274484}.
[I 2026-07-22 18:47:21,568] Trial 783 finished with values: [10.814882638326141, 10.814882638326141] and parameters: {'k1': 0.006033623633620595, 'D_low': 864.0717009254879, 'k2': 0.001566517163094646, 'D_high': 316055.11434645456, 'fire_exp': 1.2242398136753672, 'P_half': 2.843767489444367, 'pre_dampen_half': 3.9885726374014694, 'gpp_af': 0.06789053271698488, 'gpp_b': 1.7565109007473816e-05, 'gpp_d': 11.91508626986522, 'ign_k': 4.59148521674054, 'ign_c': 14.452451441203314, 'trop_agb_crit': 12.324775650896964, 'trop_k_veg': 0.6778062263834121, 'fuel_k': 0.08612665817296865, 'fuel_half': 0.3335026483569958}.
[I 2026-07-22 18:47:22,007] Trial 784 finished with values: [10.052329125577572, 10.052329125577572] and parameters: {'k1': 0.0003199177539819797, 'D_low': 13.25142220631392, 'k2': 0.002342238625792905, 'D_high': 8433503.858791472, 'fire_exp': 8.791426299948917, 'P_half': 1.4378290221680121, 'pre_dampen_half': 33.71909132517388, 'gpp_af': 0.015350904103515228, 'gpp_b': 1.1698276136056565e-05, 'gpp_d': 6.91394869865762, 'ign_k': 4.59148521674054, 'ign_c': 3.0378658251922155, 'trop_agb_crit': 1.886175574962432, 'trop_k_veg': 2.3408809609838257, 'fuel_k': 0.33290041721916025, 'fuel_half': 38.21129441691226}.
[I 2026-07-22 18:47:22,477] Trial 785 finished with values: [-0.44879194617716295, 0.17951576568383465] and parameters: {'k1': 0.011966626407443505, 'D_low': 4.043300846639722, 'k2': 0.0007081721844034209, 'D_high': 160625.60954780428, 'fire_exp': 1.182396148413737, 'P_half': 1938.3858782150498, 'pre_dampen_half': 33.97904243111269, 'gpp_af': 0.06789053271698488, 'gpp_b': 0.009563154080872067, 'gpp_d': 857.4284557962626, 'ign_k': 3.284529979576942, 'ign_c': 3.0378658251922155, 'trop_agb_crit': 15.870971677383487, 'trop_k_veg': 1.140286245977296, 'fuel_k': 0.18294854512033598, 'fuel_half': 91.90868674438059}.
[I 2026-07-22 18:47:22,913] Trial 786 finished with values: [10.016071943075165, 10.016071943075165] and parameters: {'k1': 0.0029707920514735983, 'D_low': 13.25142220631392, 'k2': 2.1698375693549493e-05, 'D_high': 887331.2884015184, 'fire_exp': 1.182396148413737, 'P_half': 38.82837025280678, 'pre_dampen_half': 0.46504594134732663, 'gpp_af': 0.015350904103515228, 'gpp_b': 1.1698276136056565e-05, 'gpp_d': 2.2044650100999164, 'ign_k': 0.5131654955148324, 'ign_c': 3.0378658251922155, 'trop_agb_crit': 17.66923689636204, 'trop_k_veg': 1.7518409078083697, 'fuel_k': 0.0500651901928747, 'fuel_half': 18.202647368248815}.
[I 2026-07-22 18:47:23,344] Trial 787 finished with values: [11.54531829058603, 11.54531829058603] and parameters: {'k1': 0.011966626407443505, 'D_low': 1.7887890916820506, 'k2': 0.001566517163094646, 'D_high': 316055.11434645456, 'fire_exp': 1.3411849220480432, 'P_half': 2.467915713171983, 'pre_dampen_half': 3.9885726374014694, 'gpp_af': 0.06789053271698488, 'gpp_b': 1.7565109007473816e-05, 'gpp_d': 9.00460602264307, 'ign_k': 3.284529979576942, 'ign_c': 11.40086370112731, 'trop_agb_crit': 9.362115196011851, 'trop_k_veg': 2.417028380770307, 'fuel_k': 0.08612665817296865, 'fuel_half': 0.3335026483569958}.
[I 2026-07-22 18:47:23,774] Trial 788 finished with values: [10.485648524234136, 10.485648524234136] and parameters: {'k1': 0.0029282035181080004, 'D_low': 126.11058927054879, 'k2': 0.001566517163094646, 'D_high': 8500.546005452046, 'fire_exp': 1.1258453832483524, 'P_half': 9.324787201197319, 'pre_dampen_half': 0.4016986062226068, 'gpp_af': 0.49740621749684094, 'gpp_b': 0.0054502936945582505, 'gpp_d': 700.6693992445935, 'ign_k': 0.009861808369679786, 'ign_c': 11.40086370112731, 'trop_agb_crit': 15.870971677383487, 'trop_k_veg': 6.911478238001162, 'fuel_k': 5.486054129200971, 'fuel_half': 38.21129441691226}.
[I 2026-07-22 18:47:24,237] Trial 789 finished with values: [10.095527210544804, 10.095527210544804] and parameters: {'k1': 0.0029707920514735983, 'D_low': 4.043300846639722, 'k2': 2.1698375693549493e-05, 'D_high': 79.48624630829244, 'fire_exp': 1.182396148413737, 'P_half': 1938.3858782150498, 'pre_dampen_half': 33.97904243111269, 'gpp_af': 0.0025511964576171086, 'gpp_b': 3.228689523591491e-05, 'gpp_d': 857.4284557962626, 'ign_k': 0.03141110271934876, 'ign_c': 3.0378658251922155, 'trop_agb_crit': 15.870971677383487, 'trop_k_veg': 6.911478238001162, 'fuel_k': 5.486054129200971, 'fuel_half': 0.3335026483569958}.
[I 2026-07-22 18:47:24,669] Trial 790 finished with values: [10.566713048046596, 10.566713048046596] and parameters: {'k1': 0.006033623633620595, 'D_low': 4.043300846639722, 'k2': 2.1698375693549493e-05, 'D_high': 160625.60954780428, 'fire_exp': 1.2242398136753672, 'P_half': 1938.3858782150498, 'pre_dampen_half': 0.46504594134732663, 'gpp_af': 0.0025511964576171086, 'gpp_b': 1.7565109007473816e-05, 'gpp_d': 857.4284557962626, 'ign_k': 0.5131654955148324, 'ign_c': 3.0378658251922155, 'trop_agb_crit': 3.017072264804548, 'trop_k_veg': 6.911478238001162, 'fuel_k': 5.486054129200971, 'fuel_half': 81.87941582538087}.
[I 2026-07-22 18:47:25,103] Trial 791 finished with values: [10.738163018044142, 10.738163018044142] and parameters: {'k1': 0.011966626407443505, 'D_low': 1.7887890916820506, 'k2': 0.0007081721844034209, 'D_high': 316055.11434645456, 'fire_exp': 1.7124099831271415, 'P_half': 7.890004262668578, 'pre_dampen_half': 0.4016986062226068, 'gpp_af': 0.06789053271698488, 'gpp_b': 0.26554765116336587, 'gpp_d': 9.00460602264307, 'ign_k': 3.284529979576942, 'ign_c': 6.1609752947414345, 'trop_agb_crit': 15.870971677383487, 'trop_k_veg': 1.140286245977296, 'fuel_k': 0.08612665817296865, 'fuel_half': 7.259866824755671}.
[I 2026-07-22 18:47:25,539] Trial 792 finished with values: [-0.6090161630713103, 0.22428735880188733] and parameters: {'k1': 0.006033623633620595, 'D_low': 864.0717009254879, 'k2': 0.001566517163094646, 'D_high': 316055.11434645456, 'fire_exp': 1.2242398136753672, 'P_half': 38.82837025280678, 'pre_dampen_half': 0.4016986062226068, 'gpp_af': 0.015350904103515228, 'gpp_b': 1.1698276136056565e-05, 'gpp_d': 9.00460602264307, 'ign_k': 3.284529979576942, 'ign_c': 3.0378658251922155, 'trop_agb_crit': 12.324775650896964, 'trop_k_veg': 2.417028380770307, 'fuel_k': 0.0500651901928747, 'fuel_half': 2.6795038667664253}.
[I 2026-07-22 18:47:25,971] Trial 793 finished with values: [10.605920285623451, 10.605920285623451] and parameters: {'k1': 0.011966626407443505, 'D_low': 13.25142220631392, 'k2': 0.0007081721844034209, 'D_high': 316055.11434645456, 'fire_exp': 1.7124099831271415, 'P_half': 1327.536113719196, 'pre_dampen_half': 0.4016986062226068, 'gpp_af': 0.015350904103515228, 'gpp_b': 0.0054502936945582505, 'gpp_d': 1.99068305115693, 'ign_k': 4.59148521674054, 'ign_c': 11.40086370112731, 'trop_agb_crit': 10.719494362768906, 'trop_k_veg': 3.028464701337094, 'fuel_k': 1.8731335591844647, 'fuel_half': 0.3335026483569958}.
[I 2026-07-22 18:47:26,397] Trial 794 finished with values: [10.445325664633598, 10.445325664633598] and parameters: {'k1': 0.0029282035181080004, 'D_low': 140.92119204434155, 'k2': 2.8459703343413838e-05, 'D_high': 316055.11434645456, 'fire_exp': 2.376228963596799, 'P_half': 9.324787201197319, 'pre_dampen_half': 3.9885726374014694, 'gpp_af': 0.12243451886824051, 'gpp_b': 0.0054502936945582505, 'gpp_d': 700.6693992445935, 'ign_k': 0.0013726318898045872, 'ign_c': 3.783599106879793, 'trop_agb_crit': 17.530135633155123, 'trop_k_veg': 2.417028380770307, 'fuel_k': 0.48736180483849406, 'fuel_half': 0.33988503110784557}.
[I 2026-07-22 18:47:26,824] Trial 795 finished with values: [11.119730676791418, 11.119730676791418] and parameters: {'k1': 0.011966626407443505, 'D_low': 1.7887890916820506, 'k2': 0.0007081721844034209, 'D_high': 316055.11434645456, 'fire_exp': 1.7124099831271415, 'P_half': 7.890004262668578, 'pre_dampen_half': 33.71909132517388, 'gpp_af': 0.12243451886824051, 'gpp_b': 0.01736771891291939, 'gpp_d': 700.6693992445935, 'ign_k': 4.59148521674054, 'ign_c': 11.40086370112731, 'trop_agb_crit': 17.530135633155123, 'trop_k_veg': 1.140286245977296, 'fuel_k': 0.08612665817296865, 'fuel_half': 7.259866824755671}.
[I 2026-07-22 18:47:27,288] Trial 796 finished with values: [-0.3186999523548585, 0.1756845462036919] and parameters: {'k1': 0.0003199177539819797, 'D_low': 2.9612221068836555, 'k2': 0.035891558714508394, 'D_high': 2283.4228779494524, 'fire_exp': 1.182396148413737, 'P_half': 334.62201030483817, 'pre_dampen_half': 420.2116526335304, 'gpp_af': 0.3259758793317361, 'gpp_b': 0.0054502936945582505, 'gpp_d': 2.2044650100999164, 'ign_k': 0.5670346335627292, 'ign_c': 11.40086370112731, 'trop_agb_crit': 15.870971677383487, 'trop_k_veg': 3.024803048559367, 'fuel_k': 0.6137000782082781, 'fuel_half': 18.202647368248815}.
[I 2026-07-22 18:47:28,068] Trial 797 finished with values: [10.503097250379886, 10.503097250379886] and parameters: {'k1': 0.0029282035181080004, 'D_low': 126.11058927054879, 'k2': 0.001566517163094646, 'D_high': 580966.5602369158, 'fire_exp': 2.8803599816230356, 'P_half': 7.890004262668578, 'pre_dampen_half': 0.4016986062226068, 'gpp_af': 0.25562996323356013, 'gpp_b': 0.0054502936945582505, 'gpp_d': 9.00460602264307, 'ign_k': 3.284529979576942, 'ign_c': 11.40086370112731, 'trop_agb_crit': 20.205002815711154, 'trop_k_veg': 0.6921865222804094, 'fuel_k': 0.0500651901928747, 'fuel_half': 81.87941582538087}.
[I 2026-07-22 18:47:28,615] Trial 798 finished with values: [11.666486502242602, 11.666486502242602] and parameters: {'k1': 0.052334804885400876, 'D_low': 102.19595065529477, 'k2': 1.895375973243287e-05, 'D_high': 580966.5602369158, 'fire_exp': 1.1258453832483524, 'P_half': 7.890004262668578, 'pre_dampen_half': 3.9885726374014694, 'gpp_af': 0.06789053271698488, 'gpp_b': 1.1698276136056565e-05, 'gpp_d': 1.050978521342778, 'ign_k': 0.03141110271934876, 'ign_c': 3.0378658251922155, 'trop_agb_crit': 2.8338296020180445, 'trop_k_veg': 2.1085323608231485, 'fuel_k': 1.1820218758583807, 'fuel_half': 0.3335026483569958}.
[I 2026-07-22 18:47:29,135] Trial 799 finished with values: [10.768228070820037, 10.768228070820037] and parameters: {'k1': 0.0029707920514735983, 'D_low': 126.11058927054879, 'k2': 2.1698375693549493e-05, 'D_high': 512978.61778411875, 'fire_exp': 1.2242398136753672, 'P_half': 38.82837025280678, 'pre_dampen_half': 33.97904243111269, 'gpp_af': 0.0025511964576171086, 'gpp_b': 2.251687586858802, 'gpp_d': 857.4284557962626, 'ign_k': 0.5131654955148324, 'ign_c': 3.0378658251922155, 'trop_agb_crit': 15.870971677383487, 'trop_k_veg': 2.1085323608231485, 'fuel_k': 0.48736180483849406, 'fuel_half': 81.87941582538087}.
[I 2026-07-22 18:47:29,615] Trial 800 finished with values: [10.50649982881024, 10.50649982881024] and parameters: {'k1': 0.006033623633620595, 'D_low': 864.0717009254879, 'k2': 0.030699709531122953, 'D_high': 580966.5602369158, 'fire_exp': 1.4439251473259103, 'P_half': 1025.3368317956683, 'pre_dampen_half': 0.46504594134732663, 'gpp_af': 0.3259758793317361, 'gpp_b': 1.7565109007473816e-05, 'gpp_d': 9.00460602264307, 'ign_k': 0.5131654955148324, 'ign_c': 11.40086370112731, 'trop_agb_crit': 12.324775650896964, 'trop_k_veg': 2.417028380770307, 'fuel_k': 0.0500651901928747, 'fuel_half': 81.87941582538087}.
[I 2026-07-22 18:47:30,073] Trial 801 finished with values: [10.61407803106159, 10.61407803106159] and parameters: {'k1': 0.011966626407443505, 'D_low': 8454.098152188677, 'k2': 0.001566517163094646, 'D_high': 708572.1663941594, 'fire_exp': 2.0165721691808587, 'P_half': 540.9803697908727, 'pre_dampen_half': 3.9885726374014694, 'gpp_af': 0.015350904103515228, 'gpp_b': 6.586254606637078e-05, 'gpp_d': 9.00460602264307, 'ign_k': 0.03141110271934876, 'ign_c': 14.452451441203314, 'trop_agb_crit': 6.119263728555865, 'trop_k_veg': 2.417028380770307, 'fuel_k': 1.1820218758583807, 'fuel_half': 0.3335026483569958}.
[I 2026-07-22 18:47:30,515] Trial 802 finished with values: [-0.2760013032203668, 0.18746975582007563] and parameters: {'k1': 0.011966626407443505, 'D_low': 4.043300846639722, 'k2': 0.001566517163094646, 'D_high': 316055.11434645456, 'fire_exp': 1.2310899049053081, 'P_half': 540.9803697908727, 'pre_dampen_half': 3.9885726374014694, 'gpp_af': 0.06789053271698488, 'gpp_b': 1.7565109007473816e-05, 'gpp_d': 597.9617889501159, 'ign_k': 0.03141110271934876, 'ign_c': 11.462237838612072, 'trop_agb_crit': 6.119263728555865, 'trop_k_veg': 2.417028380770307, 'fuel_k': 0.0500651901928747, 'fuel_half': 0.3335026483569958}.
[I 2026-07-22 18:47:30,951] Trial 803 finished with values: [10.566245765345734, 10.566245765345734] and parameters: {'k1': 0.0003199177539819797, 'D_low': 1.7887890916820506, 'k2': 1.6559474674046002e-05, 'D_high': 316055.11434645456, 'fire_exp': 6.122141825699288, 'P_half': 38.82837025280678, 'pre_dampen_half': 0.4016986062226068, 'gpp_af': 0.06789053271698488, 'gpp_b': 1.7565109007473816e-05, 'gpp_d': 9.00460602264307, 'ign_k': 0.5131654955148324, 'ign_c': 3.0378658251922155, 'trop_agb_crit': 9.362115196011851, 'trop_k_veg': 1.7518409078083697, 'fuel_k': 0.0500651901928747, 'fuel_half': 0.3335026483569958}.
