[I 2026-07-25 00:36:02,565] Trial 864 finished with value: 0.5247167721827608 and parameters: {'k1': 0.0001589599518252018, 'D_low': 7.300596931617877, 'k2': 0.005569024388893225, 'D_high': 1068470.78200684, 'fire_exp': 2.882375877977963, 'P_half': 26.69610860426007, 'pre_dampen_half': 0.2742639090707912, 'gpp_af': 0.008226423503256468, 'gpp_b': 0.0034410174817617136, 'gpp_d': 330.6077316212907, 'ign_k': 0.004591047518784518, 'ign_c': 0.9534178634799054, 'trop_agb_crit': 9.728913971132588, 'trop_k_veg': 1.3858028775696112, 'gdp_gamma': 1.3065400596614647, 'cure_k': 0.034197225966697234, 'cure_p_min': 120.23393678343949, 'cure_gpp_ref': 0.30431526287245597, 'cure_agb_crit': 2.478302393887722, 'fuel_k': 0.044404603547902675, 'fuel_half': 14.838381592609037}. Best is trial 577 with value: -0.629883323094065.
[I 2026-07-25 00:36:03,030] Trial 865 finished with value: 0.5343549927247836 and parameters: {'k1': 0.00016922696027197424, 'D_low': 1067.7934756941074, 'k2': 0.0014684764159563733, 'D_high': 3868003.260552942, 'fire_exp': 2.367876534279666, 'P_half': 18.795848234365007, 'pre_dampen_half': 0.23539019494722643, 'gpp_af': 0.019457509048467516, 'gpp_b': 0.04680311430326505, 'gpp_d': 28.050371335577715, 'ign_k': 0.008676699338944426, 'ign_c': 33.25862721284493, 'trop_agb_crit': 8.486899707368039, 'trop_k_veg': 0.9136305921201319, 'gdp_gamma': 0.5011286653396876, 'cure_k': 0.07870149046053117, 'cure_p_min': 90.89897200135101, 'cure_gpp_ref': 0.08668505442162362, 'cure_agb_crit': 1.9098197695217707, 'fuel_k': 0.03077847622528522, 'fuel_half': 45.493291347375376}. Best is trial 577 with value: -0.629883323094065.
[I 2026-07-25 00:36:03,489] Trial 866 finished with value: 0.5481636946796444 and parameters: {'k1': 0.00010743258270320685, 'D_low': 1884.4603195439875, 'k2': 0.00022442151834721794, 'D_high': 202625.4018325949, 'fire_exp': 1.1034261611939922, 'P_half': 5.025776918157228, 'pre_dampen_half': 0.03772789605222311, 'gpp_af': 0.6533333746835877, 'gpp_b': 0.0007641366228352673, 'gpp_d': 2.622859480007528, 'ign_k': 0.001751951698049365, 'ign_c': 15.253960754329528, 'trop_agb_crit': 4.334310669178886, 'trop_k_veg': 1.9401034024087702, 'gdp_gamma': 0.14694642180901432, 'cure_k': 0.008259747332825071, 'cure_p_min': 92.9027653777107, 'cure_gpp_ref': 0.0672816066918095, 'cure_agb_crit': 3.628116767604906, 'fuel_k': 0.046328305696008015, 'fuel_half': 84.57957157371509}. Best is trial 577 with value: -0.629883323094065.
[I 2026-07-25 00:36:03,945] Trial 867 finished with value: 0.4865475864296931 and parameters: {'k1': 0.0003597834215328395, 'D_low': 61.83004928304062, 'k2': 0.0001258769564777024, 'D_high': 2503053.6443006597, 'fire_exp': 3.4971580064161647, 'P_half': 120.35837333298733, 'pre_dampen_half': 3.356290476998723, 'gpp_af': 0.9677468461736108, 'gpp_b': 0.6373890881419005, 'gpp_d': 130.76208758361244, 'ign_k': 0.001417818821952587, 'ign_c': 77.84505399929532, 'trop_agb_crit': 11.953610504489987, 'trop_k_veg': 0.8860425458593028, 'gdp_gamma': 0.9322899592233291, 'cure_k': 0.0717800623360961, 'cure_p_min': 102.66102025352319, 'cure_gpp_ref': 0.1446622612606086, 'cure_agb_crit': 1.214322922189148, 'fuel_k': 0.1736888278357863, 'fuel_half': 9.6550519440801}. Best is trial 577 with value: -0.629883323094065.
[I 2026-07-25 00:36:04,400] Trial 868 finished with value: 0.5597740004236658 and parameters: {'k1': 6.924753031039149e-05, 'D_low': 104.86302360207257, 'k2': 0.00034626531246257644, 'D_high': 5699.894756499249, 'fire_exp': 2.056132434082827, 'P_half': 461.7064682674845, 'pre_dampen_half': 1.0805951693385565, 'gpp_af': 0.017669923430168794, 'gpp_b': 0.004753455516891029, 'gpp_d': 491.1267183370941, 'ign_k': 0.07471342973370233, 'ign_c': 4.255202032177905, 'trop_agb_crit': 12.956808974179122, 'trop_k_veg': 0.6909519422249263, 'gdp_gamma': 0.9731441791570103, 'cure_k': 0.03260408870149256, 'cure_p_min': 83.38313453250517, 'cure_gpp_ref': 0.10357707579100722, 'cure_agb_crit': 2.558762791370592, 'fuel_k': 0.15630521140956405, 'fuel_half': 37.37666490536873}. Best is trial 577 with value: -0.629883323094065.
[I 2026-07-25 00:36:04,856] Trial 869 finished with value: 0.580267774797855 and parameters: {'k1': 0.0007860740984437216, 'D_low': 782.1882926060857, 'k2': 0.027936204016026638, 'D_high': 658426.1426261337, 'fire_exp': 2.602612246272558, 'P_half': 1218.8807720670832, 'pre_dampen_half': 10.742882997006092, 'gpp_af': 0.030537663941149082, 'gpp_b': 0.00034986973466834693, 'gpp_d': 44.7714444449036, 'ign_k': 0.0012038570469875918, 'ign_c': 10.840094972326892, 'trop_agb_crit': 8.412208961683689, 'trop_k_veg': 1.1106336489934014, 'gdp_gamma': 0.25798272482139606, 'cure_k': 0.003503203570079902, 'cure_p_min': 278.3387626084027, 'cure_gpp_ref': 0.28016298724899946, 'cure_agb_crit': 4.915180776068299, 'fuel_k': 0.03517098956337854, 'fuel_half': 87.85839182362612}. Best is trial 577 with value: -0.629883323094065.
[I 2026-07-25 00:36:05,364] Trial 870 finished with value: 0.44883040181077527 and parameters: {'k1': 0.0031564902804348456, 'D_low': 3.990746197402198, 'k2': 0.0011488015650019346, 'D_high': 601083.7360184803, 'fire_exp': 1.5387581664817425, 'P_half': 27.444045298469668, 'pre_dampen_half': 1.2884646055178959, 'gpp_af': 0.010699347422891057, 'gpp_b': 0.00065599998444907, 'gpp_d': 405.7864726477673, 'ign_k': 0.002662270101008089, 'ign_c': 5.186631718222611, 'trop_agb_crit': 7.26235868351517, 'trop_k_veg': 0.5384469465173708, 'gdp_gamma': 1.2267501815920248, 'cure_k': 0.1807496222292402, 'cure_p_min': 83.28364422180458, 'cure_gpp_ref': 0.09008483869229399, 'cure_agb_crit': 2.101129874024609, 'fuel_k': 0.7177002394822161, 'fuel_half': 18.278634983551818}. Best is trial 577 with value: -0.629883323094065.
[I 2026-07-25 00:36:05,837] Trial 871 finished with value: 0.45492165791023587 and parameters: {'k1': 8.106765401441688e-05, 'D_low': 273.93154197262055, 'k2': 0.008896368866928298, 'D_high': 8701810.513146777, 'fire_exp': 2.3661772529254548, 'P_half': 42.42675086603191, 'pre_dampen_half': 48.97234448929065, 'gpp_af': 0.011648792970258774, 'gpp_b': 1.5847895608958804e-05, 'gpp_d': 830.7784459208538, 'ign_k': 0.02307313904909111, 'ign_c': 1.7991696993246162, 'trop_agb_crit': 5.453767497978655, 'trop_k_veg': 0.6222065765606652, 'gdp_gamma': 1.3125035691244615, 'cure_k': 0.0038274063917597212, 'cure_p_min': 111.72843272844047, 'cure_gpp_ref': 0.14136430362887223, 'cure_agb_crit': 2.8371933928721322, 'fuel_k': 0.13402952390050993, 'fuel_half': 48.09611457475708}. Best is trial 577 with value: -0.629883323094065.
[I 2026-07-25 00:36:06,297] Trial 872 finished with value: 0.42225688479622236 and parameters: {'k1': 7.187349876340255e-05, 'D_low': 84.94707852764226, 'k2': 0.06491213331676801, 'D_high': 433988.34586553654, 'fire_exp': 1.3352444717828902, 'P_half': 65.59580768703218, 'pre_dampen_half': 17.494852361123023, 'gpp_af': 0.019209001523480904, 'gpp_b': 0.00152499118391221, 'gpp_d': 466.9431417246046, 'ign_k': 0.01583061181237555, 'ign_c': 8.453858509533035, 'trop_agb_crit': 28.786125259230836, 'trop_k_veg': 0.8356762662749895, 'gdp_gamma': 0.6421138505647598, 'cure_k': 0.014660470778909893, 'cure_p_min': 117.87512401855318, 'cure_gpp_ref': 0.1235851572183964, 'cure_agb_crit': 3.081173765275522, 'fuel_k': 0.16423365996868156, 'fuel_half': 95.61082313010144}. Best is trial 577 with value: -0.629883323094065.
[I 2026-07-25 00:36:06,753] Trial 873 finished with value: 0.5089902033853655 and parameters: {'k1': 0.00024977431474387785, 'D_low': 1.5432797318441818, 'k2': 0.0035228778312016273, 'D_high': 9042450.681306725, 'fire_exp': 2.2899105694172377, 'P_half': 138.19353384772145, 'pre_dampen_half': 0.016118534426560083, 'gpp_af': 0.6874378302050441, 'gpp_b': 0.00020725248302338824, 'gpp_d': 463.0505948027819, 'ign_k': 0.03880693954429951, 'ign_c': 19.67749331479778, 'trop_agb_crit': 19.7587446989125, 'trop_k_veg': 0.746716099383721, 'gdp_gamma': 0.9208626850660075, 'cure_k': 0.011667157249697696, 'cure_p_min': 107.7952019353388, 'cure_gpp_ref': 0.0966809245999901, 'cure_agb_crit': 1.5400705242309642, 'fuel_k': 0.08180608868888137, 'fuel_half': 29.321060715322915}. Best is trial 577 with value: -0.629883323094065.
[I 2026-07-25 00:36:07,327] Trial 874 finished with value: 0.5496878592399091 and parameters: {'k1': 0.000604775511668505, 'D_low': 83.9743114757652, 'k2': 3.319858448444715e-05, 'D_high': 4935.938953991128, 'fire_exp': 1.8253827234774966, 'P_half': 209.52143678388634, 'pre_dampen_half': 0.8532226694440784, 'gpp_af': 0.009278122479389542, 'gpp_b': 0.05894143935503667, 'gpp_d': 44.76301736237597, 'ign_k': 0.0035208789898792496, 'ign_c': 14.039296124292239, 'trop_agb_crit': 22.2703391708088, 'trop_k_veg': 1.6240224404776955, 'gdp_gamma': 0.9049907593354042, 'cure_k': 0.04600292852371182, 'cure_p_min': 162.3162996619946, 'cure_gpp_ref': 0.054336665630223414, 'cure_agb_crit': 2.9136235392311773, 'fuel_k': 0.27965613847399173, 'fuel_half': 0.3684911476375682}. Best is trial 577 with value: -0.629883323094065.
[I 2026-07-25 00:36:07,821] Trial 875 finished with value: 0.37871740531702347 and parameters: {'k1': 0.0017376726444128104, 'D_low': 13.22135313789528, 'k2': 0.0036143799627174015, 'D_high': 8465309.73326219, 'fire_exp': 2.5391507565370572, 'P_half': 78.70527772593523, 'pre_dampen_half': 2.971559536301865, 'gpp_af': 0.015459824750758702, 'gpp_b': 0.0010479247385722392, 'gpp_d': 7.986803744435233, 'ign_k': 0.04354729414557957, 'ign_c': 5.942097486264156, 'trop_agb_crit': 15.470128332639744, 'trop_k_veg': 0.9514217872879611, 'gdp_gamma': 1.0054057486267571, 'cure_k': 0.0010930363299040365, 'cure_p_min': 102.31006166219443, 'cure_gpp_ref': 0.05184720100626915, 'cure_agb_crit': 4.557743565891691, 'fuel_k': 0.014926322706478246, 'fuel_half': 3.6095705976134242}. Best is trial 577 with value: -0.629883323094065.
[I 2026-07-25 00:36:08,300] Trial 876 finished with value: 0.5423011461162648 and parameters: {'k1': 0.004995151652643261, 'D_low': 63.45854240166106, 'k2': 0.006673322020393244, 'D_high': 1217047.12817864, 'fire_exp': 1.6999889530692, 'P_half': 93.75880876269335, 'pre_dampen_half': 0.3417084498081605, 'gpp_af': 0.04792692952398947, 'gpp_b': 2.5185186484775085e-05, 'gpp_d': 992.0401558816292, 'ign_k': 0.005231943232349965, 'ign_c': 115.10387987613247, 'trop_agb_crit': 16.199638007300646, 'trop_k_veg': 2.3019612703572228, 'gdp_gamma': 0.3463951920671335, 'cure_k': 0.001058996666892212, 'cure_p_min': 184.88962353996718, 'cure_gpp_ref': 0.4339675765846844, 'cure_agb_crit': 7.440180256901758, 'fuel_k': 0.010554798275786505, 'fuel_half': 50.86959444962454}. Best is trial 577 with value: -0.629883323094065.
[I 2026-07-25 00:36:08,773] Trial 877 finished with value: 0.564856231654183 and parameters: {'k1': 1.2878201415913529e-05, 'D_low': 8890.265504159657, 'k2': 8.749120690606388e-05, 'D_high': 4131360.388440517, 'fire_exp': 1.1211333738653066, 'P_half': 4.560044257278284, 'pre_dampen_half': 18.161814741538915, 'gpp_af': 0.0029196858283408456, 'gpp_b': 0.029988684969920926, 'gpp_d': 0.024743259657135936, 'ign_k': 0.007924193550546956, 'ign_c': 5.51456289598356, 'trop_agb_crit': 1.9392417282446643, 'trop_k_veg': 2.011310797968613, 'gdp_gamma': 1.0631572116897026, 'cure_k': 0.03460330783340408, 'cure_p_min': 379.3299788849805, 'cure_gpp_ref': 0.05675289857804431, 'cure_agb_crit': 1.032737411987111, 'fuel_k': 0.02839512180203949, 'fuel_half': 16.601329066369917}. Best is trial 577 with value: -0.629883323094065.
[I 2026-07-25 00:36:09,247] Trial 878 finished with value: 0.5731168172923762 and parameters: {'k1': 0.00014453917722111304, 'D_low': 164802.81821716565, 'k2': 0.09642021497053584, 'D_high': 1200187.5169719185, 'fire_exp': 2.6568700307740385, 'P_half': 413.9758601285166, 'pre_dampen_half': 132.29646141245976, 'gpp_af': 0.0117589314172548, 'gpp_b': 0.0010626319005375838, 'gpp_d': 912.0142765927477, 'ign_k': 0.0057259192142922, 'ign_c': 1.5640063506809632, 'trop_agb_crit': 15.615016389733201, 'trop_k_veg': 0.6902119053036535, 'gdp_gamma': 1.3475419707802236, 'cure_k': 0.027800345640604924, 'cure_p_min': 172.66186153454544, 'cure_gpp_ref': 0.08074799687603483, 'cure_agb_crit': 2.35057895227232, 'fuel_k': 0.2497828475140779, 'fuel_half': 5.562853255874167}. Best is trial 577 with value: -0.629883323094065.
[I 2026-07-25 00:36:09,725] Trial 879 finished with value: 0.5224990715891168 and parameters: {'k1': 7.099378758511811e-05, 'D_low': 24.228022768748506, 'k2': 0.004188092887222439, 'D_high': 154165.23938450852, 'fire_exp': 1.2883557565209247, 'P_half': 11.108223011016685, 'pre_dampen_half': 0.2512970371364062, 'gpp_af': 0.02830167733077492, 'gpp_b': 0.02330003145528673, 'gpp_d': 180.78203502649097, 'ign_k': 0.007809537049573567, 'ign_c': 1.4941094221776008, 'trop_agb_crit': 8.241444842878982, 'trop_k_veg': 0.74450818735616, 'gdp_gamma': 0.9558245140503646, 'cure_k': 0.005198077751473203, 'cure_p_min': 83.66992732608877, 'cure_gpp_ref': 0.08243142466149442, 'cure_agb_crit': 1.9535384210317894, 'fuel_k': 1.526495648655397, 'fuel_half': 19.847262314191003}. Best is trial 577 with value: -0.629883323094065.
[I 2026-07-25 00:36:10,203] Trial 880 finished with value: 0.41962390486345225 and parameters: {'k1': 0.0004153971288796449, 'D_low': 1730.1910294880227, 'k2': 0.00020127794122911223, 'D_high': 1475233.1369163105, 'fire_exp': 1.6756541474800293, 'P_half': 1.4094758411432131, 'pre_dampen_half': 0.6108556918192343, 'gpp_af': 0.18475585406202916, 'gpp_b': 0.0002807435414431417, 'gpp_d': 405.90381063281774, 'ign_k': 0.020308299821779188, 'ign_c': 5.614275184168443, 'trop_agb_crit': 13.481305119833568, 'trop_k_veg': 0.7333295160949818, 'gdp_gamma': 1.009210982176661, 'cure_k': 0.01281117660459874, 'cure_p_min': 93.17931139816585, 'cure_gpp_ref': 0.11135457741896625, 'cure_agb_crit': 2.0459187407772528, 'fuel_k': 0.08355635476372011, 'fuel_half': 8.483673972157993}. Best is trial 577 with value: -0.629883323094065.
[I 2026-07-25 00:36:10,676] Trial 881 finished with value: 0.6050491198897054 and parameters: {'k1': 6.450182324956263e-05, 'D_low': 69.20798608712374, 'k2': 0.0050450506669215064, 'D_high': 14431.86323851434, 'fire_exp': 3.493134646150805, 'P_half': 5.055368660844255, 'pre_dampen_half': 7.085632023046789, 'gpp_af': 0.07446407753593753, 'gpp_b': 0.043483199611078535, 'gpp_d': 12.055169148743612, 'ign_k': 0.29255099044815136, 'ign_c': 70.41652588007086, 'trop_agb_crit': 25.418514219687662, 'trop_k_veg': 2.1084920384731385, 'gdp_gamma': 0.8439723799640614, 'cure_k': 0.0020278879142448113, 'cure_p_min': 95.99451642928629, 'cure_gpp_ref': 0.09064318694634002, 'cure_agb_crit': 2.614321407959619, 'fuel_k': 0.20519512552751235, 'fuel_half': 21.902764251970595}. Best is trial 577 with value: -0.629883323094065.
[I 2026-07-25 00:36:11,157] Trial 882 finished with value: 0.4733960392827721 and parameters: {'k1': 0.005087210986665536, 'D_low': 1519.0878378986604, 'k2': 0.010698816350691339, 'D_high': 184781.73440503216, 'fire_exp': 1.616891683024341, 'P_half': 233.42601512703635, 'pre_dampen_half': 119.29833887093542, 'gpp_af': 0.002165182606269259, 'gpp_b': 2.695718030478489e-05, 'gpp_d': 709.7036729676682, 'ign_k': 0.0016365647782597777, 'ign_c': 111.11106999485712, 'trop_agb_crit': 13.369453089089504, 'trop_k_veg': 1.9244556175428096, 'gdp_gamma': 1.8554004179093209, 'cure_k': 0.014659379976055056, 'cure_p_min': 135.97148150338256, 'cure_gpp_ref': 0.5979927036951999, 'cure_agb_crit': 2.4390233488920305, 'fuel_k': 0.41656291951544094, 'fuel_half': 55.403781368713716}. Best is trial 577 with value: -0.629883323094065.
[I 2026-07-25 00:36:11,639] Trial 883 finished with value: 0.5676195271129283 and parameters: {'k1': 0.0018911621632907104, 'D_low': 3288.7045652539246, 'k2': 0.0011758105829413868, 'D_high': 111082.97488949241, 'fire_exp': 1.4783622153934879, 'P_half': 6.900376299684335, 'pre_dampen_half': 0.1018872336865688, 'gpp_af': 0.06319547011593783, 'gpp_b': 0.024143938298646483, 'gpp_d': 1.334635969354806, 'ign_k': 0.0020689021671900345, 'ign_c': 1.6935562845233338, 'trop_agb_crit': 3.2095566995121563, 'trop_k_veg': 5.782804495719097, 'gdp_gamma': 0.1845129864226886, 'cure_k': 0.04046956126700618, 'cure_p_min': 288.29778754166415, 'cure_gpp_ref': 0.5428910058188121, 'cure_agb_crit': 7.097240167330464, 'fuel_k': 0.10763090055522125, 'fuel_half': 10.59095180363714}. Best is trial 577 with value: -0.629883323094065.
[I 2026-07-25 00:36:12,129] Trial 884 finished with value: 0.5888784465739385 and parameters: {'k1': 6.450992497412351e-05, 'D_low': 130.01464293540326, 'k2': 0.010214521553472331, 'D_high': 31062.916224458408, 'fire_exp': 6.30937719330383, 'P_half': 16.06969101716705, 'pre_dampen_half': 6.53443991884073, 'gpp_af': 0.0011232058938248914, 'gpp_b': 0.0001773096493164937, 'gpp_d': 8.363541400237553, 'ign_k': 0.07499887327693783, 'ign_c': 10.7849325627941, 'trop_agb_crit': 10.8675520575595, 'trop_k_veg': 1.2394007655183408, 'gdp_gamma': 1.4032905243978546, 'cure_k': 0.0017489607360421642, 'cure_p_min': 123.2239592615114, 'cure_gpp_ref': 0.060436183065037445, 'cure_agb_crit': 3.624683795694903, 'fuel_k': 0.6988220438510199, 'fuel_half': 19.12462774491298}. Best is trial 577 with value: -0.629883323094065.
[I 2026-07-25 00:36:12,646] Trial 885 finished with value: 0.5052418144037126 and parameters: {'k1': 5.116704833851314e-05, 'D_low': 7.429171403988361, 'k2': 0.00041269945953189397, 'D_high': 48797.188795061345, 'fire_exp': 1.1859940003857645, 'P_half': 7.956197987934894, 'pre_dampen_half': 27.94827537149818, 'gpp_af': 0.010628778126310153, 'gpp_b': 0.0001042672503644594, 'gpp_d': 64.524204235002, 'ign_k': 0.0014044683366236008, 'ign_c': 21.97597763487729, 'trop_agb_crit': 29.614968765616172, 'trop_k_veg': 0.5213943976666986, 'gdp_gamma': 1.9201818579881413, 'cure_k': 0.012113574762903876, 'cure_p_min': 148.65019556203288, 'cure_gpp_ref': 0.061649081438325495, 'cure_agb_crit': 1.015292327206555, 'fuel_k': 0.1878579363374709, 'fuel_half': 53.76687731954617}. Best is trial 577 with value: -0.629883323094065.
[I 2026-07-25 00:36:13,125] Trial 886 finished with value: 0.39106603495626413 and parameters: {'k1': 0.00028930038328775016, 'D_low': 376.2785326815571, 'k2': 0.0015323594731866692, 'D_high': 181960.29745697902, 'fire_exp': 1.0215523713975614, 'P_half': 149.84976640353617, 'pre_dampen_half': 12.181560324349764, 'gpp_af': 0.0660205336100806, 'gpp_b': 0.00022513893740547803, 'gpp_d': 334.05167335867884, 'ign_k': 0.0187600082784751, 'ign_c': 84.16412291096051, 'trop_agb_crit': 10.797945154135997, 'trop_k_veg': 1.7074227065213916, 'gdp_gamma': 0.4653768487803786, 'cure_k': 0.0403638661280276, 'cure_p_min': 81.7491174880449, 'cure_gpp_ref': 0.16875504872978297, 'cure_agb_crit': 2.0325834603849415, 'fuel_k': 0.020989465886213157, 'fuel_half': 60.653804582717264}. Best is trial 577 with value: -0.629883323094065.
[I 2026-07-25 00:36:13,596] Trial 887 finished with value: 0.4346025850562403 and parameters: {'k1': 0.0008819657399104897, 'D_low': 2.5226289067204033, 'k2': 5.3311702311438055e-05, 'D_high': 3825374.098869124, 'fire_exp': 2.5699438687081515, 'P_half': 50.022080108961504, 'pre_dampen_half': 8.335549313242577, 'gpp_af': 0.041869879610414974, 'gpp_b': 0.0035436465798861835, 'gpp_d': 10.342431640175484, 'ign_k': 0.026682694486235, 'ign_c': 48.08809941133574, 'trop_agb_crit': 25.32308953555085, 'trop_k_veg': 0.920249539773881, 'gdp_gamma': 1.179088543180759, 'cure_k': 0.14000791963510348, 'cure_p_min': 107.18722031107164, 'cure_gpp_ref': 0.09210890485942648, 'cure_agb_crit': 1.237716135989071, 'fuel_k': 0.8403433662523981, 'fuel_half': 4.336646349171589}. Best is trial 577 with value: -0.629883323094065.
[I 2026-07-25 00:36:14,068] Trial 888 finished with value: 0.5024652771450048 and parameters: {'k1': 0.002389860364399802, 'D_low': 2652.754159286571, 'k2': 0.01138096586506199, 'D_high': 13372.5690702699, 'fire_exp': 1.0047001772931277, 'P_half': 76.83151116862028, 'pre_dampen_half': 1.864053375956608, 'gpp_af': 15.289878302024292, 'gpp_b': 0.1653419591351361, 'gpp_d': 12.247570853729695, 'ign_k': 0.00391660541617283, 'ign_c': 0.30041109904140356, 'trop_agb_crit': 9.132142580208948, 'trop_k_veg': 7.934992169654323, 'gdp_gamma': 0.5792602628702278, 'cure_k': 0.3216291339526533, 'cure_p_min': 244.82704658146145, 'cure_gpp_ref': 0.966579894150215, 'cure_agb_crit': 2.1269259363686217, 'fuel_k': 0.520354712864966, 'fuel_half': 3.3193001288631425}. Best is trial 577 with value: -0.629883323094065.
[I 2026-07-25 00:36:14,538] Trial 889 finished with value: 0.509424972157227 and parameters: {'k1': 1.0933418946028795e-05, 'D_low': 919.8822828109755, 'k2': 0.003420751477628894, 'D_high': 755584.4834781601, 'fire_exp': 1.196225852303414, 'P_half': 98.85868303241949, 'pre_dampen_half': 0.8803923004901812, 'gpp_af': 0.004580849605457845, 'gpp_b': 0.00038185336671984625, 'gpp_d': 39.16999592371451, 'ign_k': 0.018088016628210718, 'ign_c': 2.1498022178363225, 'trop_agb_crit': 4.251671251682163, 'trop_k_veg': 1.2077036413668447, 'gdp_gamma': 0.232309150581925, 'cure_k': 0.054957270060027485, 'cure_p_min': 107.91550114734233, 'cure_gpp_ref': 0.22296347217524587, 'cure_agb_crit': 2.921382454793137, 'fuel_k': 0.026527218195204313, 'fuel_half': 16.56809443683002}. Best is trial 577 with value: -0.629883323094065.
