[I 2026-08-06 03:10:16,864] Trial 1499 finished with values: [-0.5005454654729394, 0.11499744950624646] and parameters: {'k1': 0.00324789183891923, 'D_low': 1.2299210465793122, 'k2': 0.002935672965826306, 'D_high': 2969.087094484682, 'fire_exp': 1.0881360604103363, 'P_half': 215.55950571043874, 'pre_dampen_half': 107.40052367919465, 'gpp_af': 5.620854611217178, 'gpp_b': 0.011750724729953272, 'gpp_d': 4.5768578731086835, 'ign_k': 0.9614686563869651, 'ign_c': 7.916322947490362}.
[setup] CRUJRA climate from data/crujra/, GPP from global_baseline_modelC_inputs_1997-2016.nc ...
[setup] loading GFED5 reference from burntArea.nc ...
[setup] land cells (GFED5 burnable): 13916 / 64800 (21.5%)
[setup] GFED5 land-mean monthly frac: 0.005068
[opt] REGION=Australia: fitting 809 land cells only
[opt] warm-start from params.nsga2.json
[warm] Overall=0.5053  bias=0.6373 rmse=0.3429 seas=0.5559 spatial=0.6477
[opt] sampler=NSGAIISampler seed=42
[opt] running 1500 trials against GFED5 ...
  trial   18/1500  pareto_size=1  best_ilamb=0.5053  (0.3 min)
  trial   36/1500  pareto_size=1  best_ilamb=0.5053  (0.7 min)
  trial   54/1500  pareto_size=1  best_ilamb=0.5053  (1.0 min)
  trial   72/1500  pareto_size=1  best_ilamb=0.5053  (1.3 min)
  trial   91/1500  pareto_size=1  best_ilamb=0.5053  (1.7 min)
  trial  109/1500  pareto_size=1  best_ilamb=0.5053  (2.0 min)
  trial  127/1500  pareto_size=1  best_ilamb=0.5053  (2.4 min)
  trial  145/1500  pareto_size=1  best_ilamb=0.5053  (2.7 min)
  trial  163/1500  pareto_size=1  best_ilamb=0.5053  (3.1 min)
  trial  181/1500  pareto_size=1  best_ilamb=0.5053  (3.4 min)
  trial  199/1500  pareto_size=1  best_ilamb=0.5053  (3.7 min)
  trial  217/1500  pareto_size=1  best_ilamb=0.5053  (4.1 min)
  trial  235/1500  pareto_size=1  best_ilamb=0.5053  (4.4 min)
  trial  252/1500  pareto_size=1  best_ilamb=0.5053  (4.8 min)
  trial  272/1500  pareto_size=1  best_ilamb=0.5053  (5.1 min)
  trial  291/1500  pareto_size=1  best_ilamb=0.5053  (5.5 min)
  trial  310/1500  pareto_size=1  best_ilamb=0.5053  (5.8 min)
  trial  329/1500  pareto_size=1  best_ilamb=0.5053  (6.2 min)
  trial  348/1500  pareto_size=1  best_ilamb=0.5053  (6.5 min)
  trial  367/1500  pareto_size=1  best_ilamb=0.5053  (6.9 min)
  trial  386/1500  pareto_size=1  best_ilamb=0.5053  (7.2 min)
  trial  403/1500  pareto_size=1  best_ilamb=0.5053  (7.5 min)
  trial  421/1500  pareto_size=1  best_ilamb=0.5053  (7.9 min)
  trial  440/1500  pareto_size=1  best_ilamb=0.5053  (8.3 min)
  trial  458/1500  pareto_size=1  best_ilamb=0.5053  (8.6 min)
  trial  476/1500  pareto_size=1  best_ilamb=0.5053  (8.9 min)
  trial  494/1500  pareto_size=1  best_ilamb=0.5053  (9.3 min)
  trial  511/1500  pareto_size=1  best_ilamb=0.5053  (9.6 min)
  trial  529/1500  pareto_size=1  best_ilamb=0.5053  (10.0 min)
  trial  548/1500  pareto_size=1  best_ilamb=0.5053  (10.3 min)
  trial  568/1500  pareto_size=1  best_ilamb=0.5053  (10.6 min)
  trial  588/1500  pareto_size=1  best_ilamb=0.5053  (11.0 min)
  trial  608/1500  pareto_size=1  best_ilamb=0.5053  (11.3 min)
  trial  628/1500  pareto_size=1  best_ilamb=0.5053  (11.7 min)
  trial  648/1500  pareto_size=1  best_ilamb=0.5053  (12.0 min)
  trial  668/1500  pareto_size=1  best_ilamb=0.5053  (12.4 min)
  trial  688/1500  pareto_size=1  best_ilamb=0.5053  (12.8 min)
  trial  707/1500  pareto_size=1  best_ilamb=0.5053  (13.1 min)
  trial  726/1500  pareto_size=1  best_ilamb=0.5053  (13.4 min)
  trial  745/1500  pareto_size=1  best_ilamb=0.5053  (13.8 min)
  trial  761/1500  pareto_size=1  best_ilamb=0.5053  (14.1 min)
  trial  777/1500  pareto_size=1  best_ilamb=0.5053  (14.5 min)
  trial  793/1500  pareto_size=1  best_ilamb=0.5053  (14.8 min)
  trial  809/1500  pareto_size=1  best_ilamb=0.5053  (15.2 min)
  trial  825/1500  pareto_size=2  best_ilamb=0.5053  (15.6 min)
  trial  841/1500  pareto_size=2  best_ilamb=0.5053  (15.9 min)
  trial  857/1500  pareto_size=2  best_ilamb=0.5053  (16.3 min)
  trial  873/1500  pareto_size=2  best_ilamb=0.5053  (16.6 min)
  trial  889/1500  pareto_size=2  best_ilamb=0.5053  (17.0 min)
  trial  905/1500  pareto_size=2  best_ilamb=0.5053  (17.3 min)
  trial  920/1500  pareto_size=2  best_ilamb=0.5053  (17.7 min)
  trial  935/1500  pareto_size=2  best_ilamb=0.5053  (18.0 min)
  trial  951/1500  pareto_size=2  best_ilamb=0.5053  (18.4 min)
  trial  967/1500  pareto_size=2  best_ilamb=0.5053  (18.7 min)
  trial  983/1500  pareto_size=3  best_ilamb=0.5054  (19.1 min)
  trial  999/1500  pareto_size=3  best_ilamb=0.5054  (19.5 min)
  trial 1014/1500  pareto_size=4  best_ilamb=0.5054  (19.8 min)
  trial 1030/1500  pareto_size=4  best_ilamb=0.5054  (20.2 min)
  trial 1046/1500  pareto_size=4  best_ilamb=0.5054  (20.5 min)
  trial 1061/1500  pareto_size=4  best_ilamb=0.5054  (20.8 min)
  trial 1077/1500  pareto_size=5  best_ilamb=0.5054  (21.2 min)
  trial 1094/1500  pareto_size=4  best_ilamb=0.5054  (21.6 min)
  trial 1110/1500  pareto_size=5  best_ilamb=0.5054  (21.9 min)
  trial 1123/1500  pareto_size=5  best_ilamb=0.5054  (22.3 min)
  trial 1137/1500  pareto_size=4  best_ilamb=0.5054  (22.6 min)
  trial 1151/1500  pareto_size=6  best_ilamb=0.5079  (23.0 min)
  trial 1164/1500  pareto_size=6  best_ilamb=0.5079  (23.3 min)
  trial 1176/1500  pareto_size=6  best_ilamb=0.5079  (23.7 min)
  trial 1188/1500  pareto_size=6  best_ilamb=0.5079  (24.0 min)
  trial 1200/1500  pareto_size=6  best_ilamb=0.5079  (24.4 min)
  trial 1210/1500  pareto_size=8  best_ilamb=0.5079  (24.7 min)
  trial 1220/1500  pareto_size=8  best_ilamb=0.5079  (25.1 min)
  trial 1230/1500  pareto_size=8  best_ilamb=0.5079  (25.4 min)
  trial 1240/1500  pareto_size=8  best_ilamb=0.5079  (25.8 min)
  trial 1251/1500  pareto_size=8  best_ilamb=0.5079  (26.2 min)
  trial 1262/1500  pareto_size=8  best_ilamb=0.5079  (26.5 min)
  trial 1273/1500  pareto_size=8  best_ilamb=0.5079  (26.9 min)
  trial 1284/1500  pareto_size=8  best_ilamb=0.5196  (27.2 min)
  trial 1295/1500  pareto_size=9  best_ilamb=0.5196  (27.6 min)
  trial 1308/1500  pareto_size=9  best_ilamb=0.5196  (28.0 min)
  trial 1322/1500  pareto_size=9  best_ilamb=0.5196  (28.3 min)
  trial 1336/1500  pareto_size=10  best_ilamb=0.5196  (28.7 min)
  trial 1350/1500  pareto_size=10  best_ilamb=0.5196  (29.0 min)
  trial 1364/1500  pareto_size=12  best_ilamb=0.5196  (29.4 min)
  trial 1378/1500  pareto_size=13  best_ilamb=0.5196  (29.7 min)
  trial 1393/1500  pareto_size=11  best_ilamb=0.5196  (30.1 min)
  trial 1407/1500  pareto_size=11  best_ilamb=0.5196  (30.5 min)
  trial 1421/1500  pareto_size=12  best_ilamb=0.5196  (30.8 min)
  trial 1435/1500  pareto_size=10  best_ilamb=0.5196  (31.1 min)
  trial 1449/1500  pareto_size=10  best_ilamb=0.5196  (31.5 min)
  trial 1463/1500  pareto_size=11  best_ilamb=0.5196  (31.8 min)
  trial 1477/1500  pareto_size=12  best_ilamb=0.5196  (32.2 min)
  trial 1491/1500  pareto_size=12  best_ilamb=0.5196  (32.5 min)

[done] 1500 trials in 32.8 min
[pareto] 13 non-dominated trials, 11 with fp_score >= 0.8
[chosen] trial 1390: ILAMB=0.5132  fp_score=0.8524  ratio=0.85
[best] Bias=0.6523  RMSE=0.3544  Seas=0.5900  Spatial=0.6147  Overall=0.5132
[diag] raw rate land-mean (yr^-1): 0.0601  (target ~ 0.06082)
[write] D:\FIRE_OFFLINE\models\C\params.G_Australia.json
[write] D:\FIRE_OFFLINE\ilamb\MODELS\ED-ModelC-final\burntArea.G_Australia.nc  (13.3 MB)

[FIX2] dumping top-5 Pareto candidates -> D:\FIRE_OFFLINE\ilamb\MODELS_TOPK_G_Australia
  k1: trial 1390  internal_overall=0.5132  taylor=0.0000  sigma=0.000  fp=0.852  ratio=0.85  amp=1.00
  k2: trial 1423  internal_overall=0.5129  taylor=0.0000  sigma=0.000  fp=0.897  ratio=0.98  amp=1.00
  k3: trial 0  internal_overall=0.5053  taylor=0.0000  sigma=0.000  fp=0.924  ratio=0.81  amp=1.00
  k4: trial 1474  internal_overall=0.5006  taylor=0.0000  sigma=0.000  fp=0.926  ratio=0.89  amp=1.00
  k5: trial 1485  internal_overall=0.4990  taylor=0.0000  sigma=0.000  fp=0.935  ratio=0.86  amp=1.00
[FIX2] manifest -> D:\FIRE_OFFLINE\models\C\topk.G_Australia.json
[FIX2] re-score all candidates with official ILAMB (CLAUDE.md recipe; clean ._* first), e.g. --model_root "$PWD/ilamb/MODELS_TOPK_G_Australia"
[FIX2] promote the candidate with the best OFFICIAL Overall, NOT the internal one.
=== done Australia  03:10:47 ===
=== ALL REGIONS COMPLETE 03:10:47 ===
