[I 2026-08-05 23:52:37,241] Trial 780 finished with values: [-0.5687184148432846, 0.06983693437359906] and parameters: {'k1': 0.03232155805617897, 'D_low': 2.458603276328005, 'k2': 0.0007081721844034209, 'D_high': 6455.595882939566, 'fire_exp': 2.5914873994986967, 'P_half': 39.03214299767183, 'pre_dampen_half': 703.6426675556048, 'gpp_af': 35.20481045526041, 'gpp_b': 1.722111409234053e-05, 'gpp_d': 368.30088529547436, 'ign_k': 0.4702627143647234, 'ign_c': 14.810800730363484}.
[I 2026-08-05 23:52:38,866] Trial 781 finished with values: [-0.5793372420518776, 0.104404805373698] and parameters: {'k1': 0.002971796631657383, 'D_low': 2.458603276328005, 'k2': 0.034987345440353576, 'D_high': 85018.70149611714, 'fire_exp': 1.3239942327296237, 'P_half': 5.342106255632175, 'pre_dampen_half': 88.81627111957808, 'gpp_af': 35.20481045526041, 'gpp_b': 0.7987896438549947, 'gpp_d': 19.65797948502804, 'ign_k': 5.294132201721568, 'ign_c': 0.11433485956638717}.
[I 2026-08-05 23:52:40,292] Trial 782 finished with values: [-0.578353503175071, 0.09020989959667503] and parameters: {'k1': 0.016973078532467004, 'D_low': 2.458603276328005, 'k2': 0.034987345440353576, 'D_high': 85018.70149611714, 'fire_exp': 1.151006986743773, 'P_half': 12.808863354047988, 'pre_dampen_half': 703.6426675556048, 'gpp_af': 35.20481045526041, 'gpp_b': 0.7987896438549947, 'gpp_d': 4.5768578731086835, 'ign_k': 5.9736167866478125, 'ign_c': 0.11433485956638717}.
[I 2026-08-05 23:52:41,653] Trial 783 finished with values: [10.575679018556311, 10.575679018556311] and parameters: {'k1': 0.015602015889668856, 'D_low': 4.051452710153359, 'k2': 0.00038791280730284417, 'D_high': 6366.1449945522045, 'fire_exp': 1.5201277403788451, 'P_half': 39.03214299767183, 'pre_dampen_half': 703.6426675556048, 'gpp_af': 35.20481045526041, 'gpp_b': 0.10123867001105968, 'gpp_d': 34.37107943937136, 'ign_k': 0.03141110271934876, 'ign_c': 3.0378658251922155}.
[I 2026-08-05 23:52:43,235] Trial 784 finished with values: [-0.5656641886125445, 0.04663860648018503] and parameters: {'k1': 0.005643426708406567, 'D_low': 31.117676855667376, 'k2': 0.00038791280730284417, 'D_high': 85018.70149611714, 'fire_exp': 1.5201277403788451, 'P_half': 39.03214299767183, 'pre_dampen_half': 703.6426675556048, 'gpp_af': 11.234842109991876, 'gpp_b': 0.10123867001105968, 'gpp_d': 34.37107943937136, 'ign_k': 5.9736167866478125, 'ign_c': 14.810800730363484}.
[I 2026-08-05 23:52:45,045] Trial 785 finished with values: [-0.5745617956861759, 0.07376514789687882] and parameters: {'k1': 0.016973078532467004, 'D_low': 2.458603276328005, 'k2': 0.0007081721844034209, 'D_high': 85018.70149611714, 'fire_exp': 1.2943117749495199, 'P_half': 12.808863354047988, 'pre_dampen_half': 703.6426675556048, 'gpp_af': 35.20481045526041, 'gpp_b': 0.7987896438549947, 'gpp_d': 4.5768578731086835, 'ign_k': 5.9736167866478125, 'ign_c': 0.11433485956638717}.
[I 2026-08-05 23:52:46,658] Trial 786 finished with values: [10.056608851642812, 10.056608851642812] and parameters: {'k1': 0.015602015889668856, 'D_low': 5.303925290996657, 'k2': 0.0007081721844034209, 'D_high': 54669.374787660905, 'fire_exp': 1.5201277403788451, 'P_half': 12.808863354047988, 'pre_dampen_half': 25.4442274895789, 'gpp_af': 35.20481045526041, 'gpp_b': 0.10123867001105968, 'gpp_d': 34.37107943937136, 'ign_k': 5.9736167866478125, 'ign_c': 6.160975294741436}.
[I 2026-08-05 23:52:48,544] Trial 787 finished with values: [-0.565744955385167, 0.09179239855741506] and parameters: {'k1': 0.016973078532467004, 'D_low': 2.458603276328005, 'k2': 0.0499774937030317, 'D_high': 85018.70149611714, 'fire_exp': 1.518582349269638, 'P_half': 12.808863354047988, 'pre_dampen_half': 703.6426675556048, 'gpp_af': 11.234842109991876, 'gpp_b': 0.7987896438549947, 'gpp_d': 4.5768578731086835, 'ign_k': 5.9736167866478125, 'ign_c': 0.11433485956638717}.
[I 2026-08-05 23:52:50,217] Trial 788 finished with values: [-0.578353503175071, 0.09020989959667503] and parameters: {'k1': 0.016973078532467004, 'D_low': 2.458603276328005, 'k2': 0.0007081721844034209, 'D_high': 85018.70149611714, 'fire_exp': 1.151006986743773, 'P_half': 12.808863354047988, 'pre_dampen_half': 703.6426675556048, 'gpp_af': 35.20481045526041, 'gpp_b': 0.7987896438549947, 'gpp_d': 4.5768578731086835, 'ign_k': 5.9736167866478125, 'ign_c': 0.11433485956638717}.
[I 2026-08-05 23:52:51,962] Trial 789 finished with values: [-0.5784057946526089, 0.0898506240515835] and parameters: {'k1': 0.016973078532467004, 'D_low': 4.051452710153359, 'k2': 0.0007081721844034209, 'D_high': 85018.70149611714, 'fire_exp': 1.151006986743773, 'P_half': 12.808863354047988, 'pre_dampen_half': 703.6426675556048, 'gpp_af': 35.20481045526041, 'gpp_b': 0.7987896438549947, 'gpp_d': 4.5768578731086835, 'ign_k': 5.9736167866478125, 'ign_c': 0.11433485956638717}.
[I 2026-08-05 23:52:53,324] Trial 790 finished with values: [12.588744569049727, 12.588744569049727] and parameters: {'k1': 0.03232155805617897, 'D_low': 9.330007965781027, 'k2': 0.0007081721844034209, 'D_high': 85018.70149611714, 'fire_exp': 1.151006986743773, 'P_half': 12.808863354047988, 'pre_dampen_half': 703.6426675556048, 'gpp_af': 22.766850248686247, 'gpp_b': 0.7987896438549947, 'gpp_d': 891.8036602897795, 'ign_k': 0.01474275315991467, 'ign_c': 6.160975294741436}.
[I 2026-08-05 23:52:54,542] Trial 791 finished with values: [10.036354700663237, 10.036354700663237] and parameters: {'k1': 0.001260821293027586, 'D_low': 29.89885508829526, 'k2': 0.0499774937030317, 'D_high': 3660.150802571655, 'fire_exp': 1.1044852285094786, 'P_half': 685.7803657667797, 'pre_dampen_half': 703.6426675556048, 'gpp_af': 35.20481045526041, 'gpp_b': 0.10123867001105968, 'gpp_d': 4.5768578731086835, 'ign_k': 0.002676132993402929, 'ign_c': 0.11433485956638717}.
[I 2026-08-05 23:52:55,793] Trial 792 finished with values: [10.524908919053198, 10.524908919053198] and parameters: {'k1': 0.0018588694009815867, 'D_low': 18.522006003174383, 'k2': 0.00010623096700264125, 'D_high': 6455.595882939566, 'fire_exp': 1.010722707674549, 'P_half': 12.808863354047988, 'pre_dampen_half': 703.6426675556048, 'gpp_af': 35.20481045526041, 'gpp_b': 5.991854397410505, 'gpp_d': 4.5768578731086835, 'ign_k': 0.01474275315991467, 'ign_c': 14.810800730363484}.
[I 2026-08-05 23:52:58,201] Trial 793 finished with values: [10.769206602498546, 10.769206602498546] and parameters: {'k1': 0.03232155805617897, 'D_low': 29.89885508829526, 'k2': 1.1184534120760473e-05, 'D_high': 859.3747454677427, 'fire_exp': 6.397238610685558, 'P_half': 125.61043700013555, 'pre_dampen_half': 111.37963167994629, 'gpp_af': 35.20481045526041, 'gpp_b': 0.10123867001105968, 'gpp_d': 368.30088529547436, 'ign_k': 0.01474275315991467, 'ign_c': 14.810800730363484}.
[I 2026-08-05 23:52:59,576] Trial 794 finished with values: [-0.5744797302905835, 0.07229257451608684] and parameters: {'k1': 0.016973078532467004, 'D_low': 158.82035726402376, 'k2': 0.0499774937030317, 'D_high': 85018.70149611714, 'fire_exp': 1.151006986743773, 'P_half': 12.808863354047988, 'pre_dampen_half': 703.6426675556048, 'gpp_af': 11.234842109991876, 'gpp_b': 0.7987896438549947, 'gpp_d': 4.5768578731086835, 'ign_k': 5.9736167866478125, 'ign_c': 0.11433485956638717}.
[I 2026-08-05 23:53:00,573] Trial 795 finished with values: [10.99626527113586, 10.99626527113586] and parameters: {'k1': 0.016973078532467004, 'D_low': 2.458603276328005, 'k2': 0.0005262881356087174, 'D_high': 6455.595882939566, 'fire_exp': 1.3614924220931135, 'P_half': 12.808863354047988, 'pre_dampen_half': 111.37963167994629, 'gpp_af': 29.925002022877802, 'gpp_b': 1.821693031918062e-05, 'gpp_d': 4.5768578731086835, 'ign_k': 5.9736167866478125, 'ign_c': 0.11433485956638717}.
[I 2026-08-05 23:53:01,483] Trial 796 finished with values: [10.769230768838547, 10.769230768838547] and parameters: {'k1': 0.016973078532467004, 'D_low': 2.458603276328005, 'k2': 0.0005262881356087174, 'D_high': 85018.70149611714, 'fire_exp': 1.151006986743773, 'P_half': 12.808863354047988, 'pre_dampen_half': 14.689898077648792, 'gpp_af': 29.925002022877802, 'gpp_b': 0.011750724729953272, 'gpp_d': 4.5768578731086835, 'ign_k': 5.9736167866478125, 'ign_c': 34.088312486613106}.
[I 2026-08-05 23:53:02,371] Trial 797 finished with values: [10.50996490418358, 10.50996490418358] and parameters: {'k1': 0.03232155805617897, 'D_low': 2.458603276328005, 'k2': 0.0499774937030317, 'D_high': 6455.595882939566, 'fire_exp': 1.151006986743773, 'P_half': 39.03214299767183, 'pre_dampen_half': 111.37963167994629, 'gpp_af': 11.234842109991876, 'gpp_b': 1.5938003265859821, 'gpp_d': 4.5768578731086835, 'ign_k': 0.4702627143647234, 'ign_c': 14.810800730363484}.
[I 2026-08-05 23:53:03,261] Trial 798 finished with values: [10.763143882502344, 10.763143882502344] and parameters: {'k1': 0.03232155805617897, 'D_low': 6391.655642276445, 'k2': 0.00038791280730284417, 'D_high': 85018.70149611714, 'fire_exp': 1.151006986743773, 'P_half': 39.03214299767183, 'pre_dampen_half': 703.6426675556048, 'gpp_af': 35.20481045526041, 'gpp_b': 0.04070717093750775, 'gpp_d': 34.37107943937136, 'ign_k': 0.4702627143647234, 'ign_c': 14.810800730363484}.
[I 2026-08-05 23:53:04,145] Trial 799 finished with values: [-0.4796443865651979, 0.08094292678249837] and parameters: {'k1': 0.03232155805617897, 'D_low': 125.32726386250698, 'k2': 0.0499774937030317, 'D_high': 6366.1449945522045, 'fire_exp': 1.010722707674549, 'P_half': 608.3019192425825, 'pre_dampen_half': 33.9790424311127, 'gpp_af': 29.925002022877802, 'gpp_b': 0.7987896438549947, 'gpp_d': 368.30088529547436, 'ign_k': 0.03141110271934876, 'ign_c': 3.0378658251922155}.
[I 2026-08-05 23:53:05,013] Trial 800 finished with values: [10.209334132391287, 10.209334132391287] and parameters: {'k1': 0.0005486676498816061, 'D_low': 2.458603276328005, 'k2': 0.0007081721844034209, 'D_high': 85018.70149611714, 'fire_exp': 1.151006986743773, 'P_half': 12.808863354047988, 'pre_dampen_half': 88.81627111957808, 'gpp_af': 35.20481045526041, 'gpp_b': 0.7987896438549947, 'gpp_d': 4.5768578731086835, 'ign_k': 5.9736167866478125, 'ign_c': 0.17036120617148395}.
[I 2026-08-05 23:53:05,898] Trial 801 finished with values: [12.228289455636318, 12.228289455636318] and parameters: {'k1': 0.04897760278488444, 'D_low': 4.020051040432125, 'k2': 0.0007081721844034209, 'D_high': 85018.70149611714, 'fire_exp': 1.2943117749495199, 'P_half': 12.808863354047988, 'pre_dampen_half': 703.6426675556048, 'gpp_af': 35.20481045526041, 'gpp_b': 0.7987896438549947, 'gpp_d': 124.72235343584714, 'ign_k': 0.05362153030688613, 'ign_c': 0.11433485956638717}.
[I 2026-08-05 23:53:06,799] Trial 802 finished with values: [10.054057837415138, 10.054057837415138] and parameters: {'k1': 0.016973078532467004, 'D_low': 2.458603276328005, 'k2': 1.1184534120760473e-05, 'D_high': 6455.595882939566, 'fire_exp': 1.0133481068971741, 'P_half': 12.808863354047988, 'pre_dampen_half': 703.6426675556048, 'gpp_af': 11.234842109991876, 'gpp_b': 0.10123867001105968, 'gpp_d': 263.6527567943319, 'ign_k': 0.4702627143647234, 'ign_c': 14.810800730363484}.
[I 2026-08-05 23:53:07,746] Trial 803 finished with values: [11.131043728031566, 11.131043728031566] and parameters: {'k1': 0.016973078532467004, 'D_low': 29.89885508829526, 'k2': 0.0499774937030317, 'D_high': 85018.70149611714, 'fire_exp': 1.5201277403788451, 'P_half': 12.808863354047988, 'pre_dampen_half': 703.6426675556048, 'gpp_af': 11.234842109991876, 'gpp_b': 0.7987896438549947, 'gpp_d': 368.30088529547436, 'ign_k': 0.030956657914928524, 'ign_c': 1.0939944910100017}.
[I 2026-08-05 23:53:08,711] Trial 804 finished with values: [10.658536264649111, 10.658536264649111] and parameters: {'k1': 0.03232155805617897, 'D_low': 125.32726386250698, 'k2': 8.17182556771865e-05, 'D_high': 6366.1449945522045, 'fire_exp': 1.6294642623991613, 'P_half': 39.03214299767183, 'pre_dampen_half': 111.37963167994629, 'gpp_af': 29.925002022877802, 'gpp_b': 0.7987896438549947, 'gpp_d': 4.5768578731086835, 'ign_k': 0.03141110271934876, 'ign_c': 3.0378658251922155}.
[I 2026-08-05 23:53:09,612] Trial 805 finished with values: [11.407371455050761, 11.407371455050761] and parameters: {'k1': 0.016973078532467004, 'D_low': 2.458603276328005, 'k2': 0.0007081721844034209, 'D_high': 85018.70149611714, 'fire_exp': 1.182396148413737, 'P_half': 39.03214299767183, 'pre_dampen_half': 703.6426675556048, 'gpp_af': 35.20481045526041, 'gpp_b': 3.228689523591491e-05, 'gpp_d': 11.347624185662207, 'ign_k': 0.10712009151798696, 'ign_c': 8.671454322584175}.
[I 2026-08-05 23:53:10,576] Trial 806 finished with values: [10.009328891428249, 10.009328891428249] and parameters: {'k1': 0.016973078532467004, 'D_low': 2.458603276328005, 'k2': 0.0007081721844034209, 'D_high': 85018.70149611714, 'fire_exp': 1.151006986743773, 'P_half': 12.808863354047988, 'pre_dampen_half': 111.37963167994629, 'gpp_af': 0.11353829000087724, 'gpp_b': 0.10123867001105968, 'gpp_d': 158.2364439052928, 'ign_k': 0.4702627143647234, 'ign_c': 14.810800730363484}.
[I 2026-08-05 23:53:11,539] Trial 807 finished with values: [10.769117396264527, 10.769117396264527] and parameters: {'k1': 0.016973078532467004, 'D_low': 2.458603276328005, 'k2': 0.0007081721844034209, 'D_high': 85018.70149611714, 'fire_exp': 7.943705287383083, 'P_half': 10.226988730324324, 'pre_dampen_half': 36.876350096203005, 'gpp_af': 35.20481045526041, 'gpp_b': 0.7987896438549947, 'gpp_d': 4.5768578731086835, 'ign_k': 1.786252932834922, 'ign_c': 6.160975294741436}.
[I 2026-08-05 23:53:12,455] Trial 808 finished with values: [-0.5775983389293048, 0.0662008049623749] and parameters: {'k1': 0.005643426708406567, 'D_low': 2.458603276328005, 'k2': 0.0007081721844034209, 'D_high': 85018.70149611714, 'fire_exp': 1.151006986743773, 'P_half': 12.808863354047988, 'pre_dampen_half': 703.6426675556048, 'gpp_af': 35.20481045526041, 'gpp_b': 0.7987896438549947, 'gpp_d': 4.5768578731086835, 'ign_k': 5.9736167866478125, 'ign_c': 2.592301536155855}.
[I 2026-08-05 23:53:13,355] Trial 809 finished with values: [-0.5231493735538955, 0.11185580795427608] and parameters: {'k1': 0.03232155805617897, 'D_low': 2.458603276328005, 'k2': 0.0499774937030317, 'D_high': 6455.595882939566, 'fire_exp': 1.811096651915224, 'P_half': 39.03214299767183, 'pre_dampen_half': 36.876350096203005, 'gpp_af': 29.925002022877802, 'gpp_b': 0.03841303420847976, 'gpp_d': 368.30088529547436, 'ign_k': 0.03141110271934876, 'ign_c': 3.0378658251922155}.
[I 2026-08-05 23:53:14,256] Trial 810 finished with values: [11.440202580664913, 11.440202580664913] and parameters: {'k1': 0.016973078532467004, 'D_low': 2.458603276328005, 'k2': 0.0007081721844034209, 'D_high': 85018.70149611714, 'fire_exp': 1.7253235844223638, 'P_half': 39.03214299767183, 'pre_dampen_half': 703.6426675556048, 'gpp_af': 35.20481045526041, 'gpp_b': 0.7987896438549947, 'gpp_d': 79.91486611862103, 'ign_k': 5.9736167866478125, 'ign_c': 0.11433485956638717}.
[I 2026-08-05 23:53:15,157] Trial 811 finished with values: [10.590060255529007, 10.590060255529007] and parameters: {'k1': 0.016973078532467004, 'D_low': 125.32726386250698, 'k2': 0.0007081721844034209, 'D_high': 6455.595882939566, 'fire_exp': 1.811096651915224, 'P_half': 24.136213194527585, 'pre_dampen_half': 33.9790424311127, 'gpp_af': 0.001162712343304238, 'gpp_b': 0.00044548820847973626, 'gpp_d': 368.30088529547436, 'ign_k': 0.01474275315991467, 'ign_c': 8.671454322584175}.
[I 2026-08-05 23:53:16,058] Trial 812 finished with values: [-0.569840982260916, 0.13905028718922507] and parameters: {'k1': 0.016973078532467004, 'D_low': 4.051452710153359, 'k2': 0.0007081721844034209, 'D_high': 949.9072859745386, 'fire_exp': 1.5201277403788451, 'P_half': 39.03214299767183, 'pre_dampen_half': 703.6426675556048, 'gpp_af': 29.925002022877802, 'gpp_b': 0.10123867001105968, 'gpp_d': 34.37107943937136, 'ign_k': 0.4702627143647234, 'ign_c': 0.17036120617148395}.
[I 2026-08-05 23:53:16,958] Trial 813 finished with values: [10.769230768838547, 10.769230768838547] and parameters: {'k1': 0.04897760278488444, 'D_low': 74.92772870670282, 'k2': 1.1184534120760473e-05, 'D_high': 85018.70149611714, 'fire_exp': 1.1670151053031461, 'P_half': 242.70544179401307, 'pre_dampen_half': 703.6426675556048, 'gpp_af': 35.20481045526041, 'gpp_b': 0.7987896438549947, 'gpp_d': 4.5768578731086835, 'ign_k': 5.9736167866478125, 'ign_c': 195.18986965599527}.
[I 2026-08-05 23:53:17,859] Trial 814 finished with values: [10.545543647932694, 10.545543647932694] and parameters: {'k1': 0.0002514786015817364, 'D_low': 7.068974950624602, 'k2': 0.0007081721844034209, 'D_high': 85018.70149611714, 'fire_exp': 1.5201277403788451, 'P_half': 49.539659199197295, 'pre_dampen_half': 703.6426675556048, 'gpp_af': 11.234842109991876, 'gpp_b': 0.7987896438549947, 'gpp_d': 4.5768578731086835, 'ign_k': 0.4702627143647234, 'ign_c': 10.140635645866492}.
[I 2026-08-05 23:53:18,758] Trial 815 finished with values: [10.956378626585067, 10.956378626585067] and parameters: {'k1': 0.016973078532467004, 'D_low': 2.458603276328005, 'k2': 0.0007081721844034209, 'D_high': 85018.70149611714, 'fire_exp': 1.151006986743773, 'P_half': 12.808863354047988, 'pre_dampen_half': 703.6426675556048, 'gpp_af': 35.20481045526041, 'gpp_b': 0.7987896438549947, 'gpp_d': 21.76454019090988, 'ign_k': 0.01474275315991467, 'ign_c': 6.160975294741436}.
[I 2026-08-05 23:53:20,007] Trial 816 finished with values: [-0.5842905729609058, 0.14950670317841386] and parameters: {'k1': 0.016973078532467004, 'D_low': 2.458603276328005, 'k2': 0.0007081721844034209, 'D_high': 75773.14388518519, 'fire_exp': 1.151006986743773, 'P_half': 2.4106893837852787, 'pre_dampen_half': 36.876350096203005, 'gpp_af': 35.20481045526041, 'gpp_b': 0.03841303420847976, 'gpp_d': 4.5768578731086835, 'ign_k': 5.9736167866478125, 'ign_c': 0.11433485956638717}.
[I 2026-08-05 23:53:20,955] Trial 817 finished with values: [10.102167672155387, 10.102167672155387] and parameters: {'k1': 0.016973078532467004, 'D_low': 74.92772870670282, 'k2': 0.0007081721844034209, 'D_high': 75773.14388518519, 'fire_exp': 1.1670151053031461, 'P_half': 12.808863354047988, 'pre_dampen_half': 53.73093479067421, 'gpp_af': 29.925002022877802, 'gpp_b': 0.7987896438549947, 'gpp_d': 4.5768578731086835, 'ign_k': 0.0026834162496848666, 'ign_c': 0.11433485956638717}.
[I 2026-08-05 23:53:21,847] Trial 818 finished with values: [-0.5793044051992274, 0.09937615498264707] and parameters: {'k1': 0.006697348618512094, 'D_low': 2.458603276328005, 'k2': 0.00038791280730284417, 'D_high': 85018.70149611714, 'fire_exp': 1.0473002272689056, 'P_half': 12.808863354047988, 'pre_dampen_half': 703.6426675556048, 'gpp_af': 35.20481045526041, 'gpp_b': 0.7987896438549947, 'gpp_d': 4.5768578731086835, 'ign_k': 5.9736167866478125, 'ign_c': 0.11433485956638717}.
[I 2026-08-05 23:53:22,755] Trial 819 finished with values: [10.524875284426791, 10.524875284426791] and parameters: {'k1': 0.016973078532467004, 'D_low': 29.89885508829526, 'k2': 0.0007081721844034209, 'D_high': 85018.70149611714, 'fire_exp': 1.2943117749495199, 'P_half': 39.03214299767183, 'pre_dampen_half': 303.1650219733388, 'gpp_af': 29.925002022877802, 'gpp_b': 0.7987896438549947, 'gpp_d': 34.37107943937136, 'ign_k': 0.0026834162496848666, 'ign_c': 0.11433485956638717}.
[I 2026-08-05 23:53:23,676] Trial 820 finished with values: [-0.576533968010112, 0.04728686032177065] and parameters: {'k1': 0.03232155805617897, 'D_low': 312.92286563608616, 'k2': 0.0499774937030317, 'D_high': 6455.595882939566, 'fire_exp': 1.5201277403788451, 'P_half': 39.03214299767183, 'pre_dampen_half': 111.37963167994629, 'gpp_af': 11.234842109991876, 'gpp_b': 0.10123867001105968, 'gpp_d': 4.5768578731086835, 'ign_k': 5.9736167866478125, 'ign_c': 0.11433485956638717}.
[I 2026-08-05 23:53:24,572] Trial 821 finished with values: [-0.47592163126090126, 0.1665615617952353] and parameters: {'k1': 0.0005486676498816061, 'D_low': 29.89885508829526, 'k2': 2.678690610097712e-05, 'D_high': 85018.70149611714, 'fire_exp': 1.151006986743773, 'P_half': 12.808863354047988, 'pre_dampen_half': 111.37963167994629, 'gpp_af': 0.18148402127631746, 'gpp_b': 0.03308649623479659, 'gpp_d': 4.5768578731086835, 'ign_k': 0.01474275315991467, 'ign_c': 0.11433485956638717}.
[I 2026-08-05 23:53:25,475] Trial 822 finished with values: [-0.5612613999616931, 0.1521002567899905] and parameters: {'k1': 0.04897760278488444, 'D_low': 2.458603276328005, 'k2': 0.0004381141781653133, 'D_high': 85018.70149611714, 'fire_exp': 1.2943117749495199, 'P_half': 39.03214299767183, 'pre_dampen_half': 703.6426675556048, 'gpp_af': 35.20481045526041, 'gpp_b': 0.7987896438549947, 'gpp_d': 34.37107943937136, 'ign_k': 0.017654048052495083, 'ign_c': 47.268615251255675}.
[I 2026-08-05 23:53:26,417] Trial 823 finished with values: [-0.5279049099401691, 0.12718889076875706] and parameters: {'k1': 0.0005486676498816061, 'D_low': 2.458603276328005, 'k2': 0.0007081721844034209, 'D_high': 75773.14388518519, 'fire_exp': 1.151006986743773, 'P_half': 12.808863354047988, 'pre_dampen_half': 703.6426675556048, 'gpp_af': 35.20481045526041, 'gpp_b': 0.7987896438549947, 'gpp_d': 7.129330255115469, 'ign_k': 0.01474275315991467, 'ign_c': 6.160975294741436}.
[I 2026-08-05 23:53:27,352] Trial 824 finished with values: [10.258212001360302, 10.258212001360302] and parameters: {'k1': 0.03232155805617897, 'D_low': 4.699556021099095, 'k2': 0.0499774937030317, 'D_high': 6455.595882939566, 'fire_exp': 1.5201277403788451, 'P_half': 39.03214299767183, 'pre_dampen_half': 48.34691027981356, 'gpp_af': 11.234842109991876, 'gpp_b': 1.5023892424595373, 'gpp_d': 368.30088529547436, 'ign_k': 0.4702627143647234, 'ign_c': 14.810800730363484}.
