[I 2026-07-22 21:53:20,033] Trial 142 finished with values: [10.769230768838547, 10.769230768838547] and parameters: {'k1': 0.00014001191914113747, 'D_low': 247.75146043208053, 'k2': 3.606519549370447e-05, 'D_high': 580966.5602369158, 'fire_exp': 1.7650286443463072, 'P_half': 136.0956887810302, 'pre_dampen_half': 0.46504594134732663, 'gpp_af': 0.40852280036686234, 'gpp_b': 8.129227514069975e-05, 'gpp_d': 397.44595568350155, 'ign_k': 0.31014294272127435, 'ign_c': 514.0544615226299, 'trop_agb_crit': 12.285102065067687, 'trop_k_veg': 7.887845482514079, 'fuel_k': 1.312881567992459, 'fuel_half': 42.6871254378718}.
[I 2026-07-22 21:53:20,468] Trial 143 finished with values: [10.088905364114957, 10.088905364114957] and parameters: {'k1': 5.3397427849512415e-05, 'D_low': 6220.638781359816, 'k2': 0.038650368562597265, 'D_high': 6978.624673182437, 'fire_exp': 1.8435203341118644, 'P_half': 4.961134450191397, 'pre_dampen_half': 233.2883871089529, 'gpp_af': 0.008562341633595545, 'gpp_b': 2.325239859823921e-05, 'gpp_d': 9.00460602264307, 'ign_k': 0.005105542986365654, 'ign_c': 98.40989343758308, 'trop_agb_crit': 5.707205898008383, 'trop_k_veg': 0.9369104721775232, 'fuel_k': 1.312881567992459, 'fuel_half': 2.84163933350535}.
[I 2026-07-22 21:53:20,882] Trial 144 finished with values: [10.763770826496154, 10.763770826496154] and parameters: {'k1': 0.0023179376139410863, 'D_low': 247.75146043208053, 'k2': 1.6559474674046002e-05, 'D_high': 1026.0852623190942, 'fire_exp': 2.0868320990652838, 'P_half': 27.59069025439785, 'pre_dampen_half': 0.46504594134732663, 'gpp_af': 0.40852280036686234, 'gpp_b': 0.016763844265536048, 'gpp_d': 397.44595568350155, 'ign_k': 0.024287565087611766, 'ign_c': 2.4423775964038934, 'trop_agb_crit': 12.285102065067687, 'trop_k_veg': 1.7518409078083697, 'fuel_k': 0.31766263870651756, 'fuel_half': 2.276766792290519}.
[I 2026-07-22 21:53:21,316] Trial 145 finished with values: [10.644909128374596, 10.644909128374596] and parameters: {'k1': 6.693990428538841e-05, 'D_low': 1.1640589436768796, 'k2': 0.05583672722754823, 'D_high': 2512533.442757688, 'fire_exp': 2.2271826002669806, 'P_half': 245.27450543222417, 'pre_dampen_half': 868.1843415114095, 'gpp_af': 2.114381609520638, 'gpp_b': 1.1983032564333187e-05, 'gpp_d': 0.9576572359933986, 'ign_k': 0.04732407125181112, 'ign_c': 16.626592254031866, 'trop_agb_crit': 5.841230872704112, 'trop_k_veg': 0.5695379443977426, 'fuel_k': 0.017262921159278164, 'fuel_half': 97.86395331218435}.
[I 2026-07-22 21:53:21,772] Trial 146 finished with values: [10.436517399051457, 10.436517399051457] and parameters: {'k1': 0.002968335334246999, 'D_low': 140.92119204434155, 'k2': 2.8459703343413838e-05, 'D_high': 558.9524205217922, 'fire_exp': 1.0482996836046896, 'P_half': 1228.2126524008484, 'pre_dampen_half': 347.79988160923324, 'gpp_af': 0.06789053271698488, 'gpp_b': 0.02048523887932671, 'gpp_d': 61.82902222163609, 'ign_k': 0.006290644294586149, 'ign_c': 4.1108484350212295, 'trop_agb_crit': 29.789943908227905, 'trop_k_veg': 3.4439936249445045, 'fuel_k': 0.48736180483849406, 'fuel_half': 7.259866824755671}.
[I 2026-07-22 21:53:22,249] Trial 147 finished with values: [10.745014245168973, 10.745014245168973] and parameters: {'k1': 0.00016480446427978953, 'D_low': 1407.7923139972395, 'k2': 0.07799059237255677, 'D_high': 558.9524205217922, 'fire_exp': 1.4750777427176416, 'P_half': 3.6138942712165267, 'pre_dampen_half': 0.2888838362365318, 'gpp_af': 0.06789053271698488, 'gpp_b': 0.0054502936945582505, 'gpp_d': 84.31013932082456, 'ign_k': 0.006290644294586149, 'ign_c': 11.40086370112731, 'trop_agb_crit': 1.4914219038863046, 'trop_k_veg': 3.024803048559367, 'fuel_k': 0.48736180483849406, 'fuel_half': 0.33988503110784557}.
[I 2026-07-22 21:53:22,701] Trial 148 finished with values: [10.177460506063467, 10.177460506063467] and parameters: {'k1': 0.028340904295147747, 'D_low': 1.1640589436768796, 'k2': 3.5281132746849994e-05, 'D_high': 24.063018320720932, 'fire_exp': 1.3296958331046895, 'P_half': 19.986340778528874, 'pre_dampen_half': 10.059683154936915, 'gpp_af': 1.540945776288155, 'gpp_b': 0.00011277885258222645, 'gpp_d': 0.058813839452486937, 'ign_k': 0.003008686821445843, 'ign_c': 71.28188058401358, 'trop_agb_crit': 16.035571745273074, 'trop_k_veg': 2.3703642788018935, 'fuel_k': 1.3863198285285168, 'fuel_half': 3.0296104428212485}.
[I 2026-07-22 21:53:23,125] Trial 149 finished with values: [10.769212871502969, 10.769212871502969] and parameters: {'k1': 0.0015375920235481753, 'D_low': 12.856617791467924, 'k2': 0.07799059237255677, 'D_high': 2283.4228779494524, 'fire_exp': 2.264545306066772, 'P_half': 3795.8531426706395, 'pre_dampen_half': 0.13249602803264168, 'gpp_af': 0.0025511964576171086, 'gpp_b': 3.228689523591491e-05, 'gpp_d': 0.09548041810464164, 'ign_k': 0.018707420137660268, 'ign_c': 2.0013420622879967, 'trop_agb_crit': 2.1409462099712546, 'trop_k_veg': 1.0609790190334525, 'fuel_k': 2.006125726290936, 'fuel_half': 1.1756010900231848}.
[I 2026-07-22 21:53:23,541] Trial 150 finished with values: [10.762606903771113, 10.762606903771113] and parameters: {'k1': 0.00013649087666416944, 'D_low': 150.83210025074274, 'k2': 0.0014057163351022498, 'D_high': 1693415.5410667954, 'fire_exp': 1.7216882787979422, 'P_half': 8832.039346746853, 'pre_dampen_half': 10.687450020671585, 'gpp_af': 0.0025511964576171086, 'gpp_b': 3.228689523591491e-05, 'gpp_d': 302.3127748796295, 'ign_k': 0.009634538433595985, 'ign_c': 0.4392638796750216, 'trop_agb_crit': 1.886175574962432, 'trop_k_veg': 1.1021959069423406, 'fuel_k': 0.030315034760496764, 'fuel_half': 49.011305842597835}.
[I 2026-07-22 21:53:23,960] Trial 151 finished with values: [10.750526633041959, 10.750526633041959] and parameters: {'k1': 0.00016480446427978953, 'D_low': 1407.7923139972395, 'k2': 0.0005342937261279771, 'D_high': 30235.506416287044, 'fire_exp': 1.751784769842796, 'P_half': 3.6138942712165267, 'pre_dampen_half': 0.2888838362365318, 'gpp_af': 0.06789053271698488, 'gpp_b': 0.0054502936945582505, 'gpp_d': 84.31013932082456, 'ign_k': 0.006290644294586149, 'ign_c': 11.40086370112731, 'trop_agb_crit': 7.500118950416987, 'trop_k_veg': 0.5687244174086067, 'fuel_k': 0.48736180483849406, 'fuel_half': 0.32476735706274484}.
[I 2026-07-22 21:53:24,378] Trial 152 finished with values: [10.766944486441789, 10.766944486441789] and parameters: {'k1': 0.0029707920514735983, 'D_low': 13.25142220631392, 'k2': 2.1698375693549493e-05, 'D_high': 35.39329732028365, 'fire_exp': 1.5922031489278718, 'P_half': 9.324787201197319, 'pre_dampen_half': 0.03751320096826995, 'gpp_af': 1.1300566419249867, 'gpp_b': 0.0005995821881487623, 'gpp_d': 857.4284557962626, 'ign_k': 0.03141110271934876, 'ign_c': 8.405439129313676, 'trop_agb_crit': 15.870971677383487, 'trop_k_veg': 6.911478238001162, 'fuel_k': 0.08612665817296865, 'fuel_half': 18.202647368248815}.
[I 2026-07-22 21:53:24,796] Trial 153 finished with values: [10.5232228785918, 10.5232228785918] and parameters: {'k1': 6.693990428538841e-05, 'D_low': 1.1640589436768796, 'k2': 3.5281132746849994e-05, 'D_high': 2512533.442757688, 'fire_exp': 2.2271826002669806, 'P_half': 245.27450543222417, 'pre_dampen_half': 10.059683154936915, 'gpp_af': 2.114381609520638, 'gpp_b': 0.00011277885258222645, 'gpp_d': 373.3014953695604, 'ign_k': 0.04732407125181112, 'ign_c': 3.4084279109230433, 'trop_agb_crit': 5.841230872704112, 'trop_k_veg': 0.5695379443977426, 'fuel_k': 0.028970790717327534, 'fuel_half': 16.371966573507315}.
[I 2026-07-22 21:53:25,216] Trial 154 finished with values: [10.76952494608552, 10.76952494608552] and parameters: {'k1': 2.27847364377152e-05, 'D_low': 4158.269729781509, 'k2': 0.001566517163094646, 'D_high': 2283.4228779494524, 'fire_exp': 1.0862503061991866, 'P_half': 334.62201030483817, 'pre_dampen_half': 94.20121790275627, 'gpp_af': 0.12243451886824051, 'gpp_b': 1.7565109007473816e-05, 'gpp_d': 9.00460602264307, 'ign_k': 0.006039096247545781, 'ign_c': 0.11650681118986138, 'trop_agb_crit': 9.362115196011851, 'trop_k_veg': 0.907369149674874, 'fuel_k': 0.6211831489538813, 'fuel_half': 42.892621277245716}.
[I 2026-07-22 21:53:25,634] Trial 155 finished with values: [10.769230768838547, 10.769230768838547] and parameters: {'k1': 0.0031375859487281395, 'D_low': 286.06841726052676, 'k2': 0.0016150602315370215, 'D_high': 4137.7016715719255, 'fire_exp': 2.4645237762603327, 'P_half': 6220.327170121322, 'pre_dampen_half': 0.07217660153019874, 'gpp_af': 21.25864743764987, 'gpp_b': 1.6248297243910514, 'gpp_d': 2.7362513651284632, 'ign_k': 3.7862466978704616, 'ign_c': 47.268615251255675, 'trop_agb_crit': 23.59397023337466, 'trop_k_veg': 0.5321398066473183, 'fuel_k': 0.05577330003793969, 'fuel_half': 4.216019821013409}.
[I 2026-07-22 21:53:26,052] Trial 156 finished with values: [10.630704258723291, 10.630704258723291] and parameters: {'k1': 0.00011502956321912731, 'D_low': 6220.638781359816, 'k2': 0.07799059237255677, 'D_high': 392.28369335318325, 'fire_exp': 2.264545306066772, 'P_half': 334.62201030483817, 'pre_dampen_half': 294.75617712568373, 'gpp_af': 0.3259758793317361, 'gpp_b': 0.02893498807797731, 'gpp_d': 9.00460602264307, 'ign_k': 0.5131654955148324, 'ign_c': 0.3296550135838091, 'trop_agb_crit': 5.707205898008383, 'trop_k_veg': 0.5348713617837559, 'fuel_k': 0.6211831489538813, 'fuel_half': 0.33988503110784557}.
[I 2026-07-22 21:53:26,473] Trial 157 finished with values: [10.595366999097084, 10.595366999097084] and parameters: {'k1': 6.693990428538841e-05, 'D_low': 1.1640589436768796, 'k2': 0.035891558714508394, 'D_high': 2512533.442757688, 'fire_exp': 2.4645237762603327, 'P_half': 245.27450543222417, 'pre_dampen_half': 10.059683154936915, 'gpp_af': 2.114381609520638, 'gpp_b': 1.2892705405728861e-05, 'gpp_d': 372.8155624293852, 'ign_k': 0.0029580419692843236, 'ign_c': 20.23326185206641, 'trop_agb_crit': 2.539877620672643, 'trop_k_veg': 0.5695379443977426, 'fuel_k': 0.6452742971240902, 'fuel_half': 30.847886273764168}.
[I 2026-07-22 21:53:26,891] Trial 158 finished with values: [10.273620302026309, 10.273620302026309] and parameters: {'k1': 5.3397427849512415e-05, 'D_low': 140.92119204434155, 'k2': 0.038650368562597265, 'D_high': 6978.624673182437, 'fire_exp': 1.8435203341118644, 'P_half': 4.889669266916749, 'pre_dampen_half': 3.9885726374014694, 'gpp_af': 18.235072804314193, 'gpp_b': 0.00010318352929732131, 'gpp_d': 6.378078463802852, 'ign_k': 3.210808548911192, 'ign_c': 0.22636544662054536, 'trop_agb_crit': 1.5774541406529003, 'trop_k_veg': 1.793919400078986, 'fuel_k': 0.03743055596010634, 'fuel_half': 1.2382535539666997}.
[I 2026-07-22 21:53:27,310] Trial 159 finished with values: [10.769230768838547, 10.769230768838547] and parameters: {'k1': 0.0031375859487281395, 'D_low': 864.0717009254879, 'k2': 0.0016150602315370215, 'D_high': 4137.7016715719255, 'fire_exp': 2.3750840427797026, 'P_half': 6220.327170121322, 'pre_dampen_half': 33.71909132517388, 'gpp_af': 0.005018406982902927, 'gpp_b': 1.6248297243910514, 'gpp_d': 6.91394869865762, 'ign_k': 0.004144296901136395, 'ign_c': 238.8897930076982, 'trop_agb_crit': 10.719494362768906, 'trop_k_veg': 1.140286245977296, 'fuel_k': 4.517981047227404, 'fuel_half': 0.253071961271088}.
[I 2026-07-22 21:53:27,733] Trial 160 finished with values: [10.749902545613486, 10.749902545613486] and parameters: {'k1': 3.6595533391425955e-05, 'D_low': 15056.799083945913, 'k2': 2.8459703343413838e-05, 'D_high': 1488557.802851245, 'fire_exp': 1.2386878293405026, 'P_half': 2193.8654178115053, 'pre_dampen_half': 3.9885726374014694, 'gpp_af': 18.235072804314193, 'gpp_b': 1.2892705405728861e-05, 'gpp_d': 372.8155624293852, 'ign_k': 0.5131654955148324, 'ign_c': 20.23326185206641, 'trop_agb_crit': 1.6580318731537693, 'trop_k_veg': 1.578436797869987, 'fuel_k': 0.017262921159278164, 'fuel_half': 7.259866824755671}.
[I 2026-07-22 21:53:28,152] Trial 161 finished with values: [11.464114548087897, 11.464114548087897] and parameters: {'k1': 5.3397427849512415e-05, 'D_low': 4956.545863307493, 'k2': 0.017300724838654365, 'D_high': 6978.624673182437, 'fire_exp': 1.0482996836046896, 'P_half': 4.889669266916749, 'pre_dampen_half': 347.79988160923324, 'gpp_af': 0.0016008221370480654, 'gpp_b': 2.325239859823921e-05, 'gpp_d': 2.8006820077310226, 'ign_k': 0.005105542986365654, 'ign_c': 41.779950639915185, 'trop_agb_crit': 1.5072795582679794, 'trop_k_veg': 4.130963924640279, 'fuel_k': 0.03743055596010634, 'fuel_half': 0.32476735706274484}.
[I 2026-07-22 21:53:28,574] Trial 162 finished with values: [-0.09355716787839542, 0.1427922513926282] and parameters: {'k1': 5.3397427849512415e-05, 'D_low': 4956.545863307493, 'k2': 0.038650368562597265, 'D_high': 6978.624673182437, 'fire_exp': 1.8435203341118644, 'P_half': 4.889669266916749, 'pre_dampen_half': 868.1843415114095, 'gpp_af': 1.4498445474033743, 'gpp_b': 1.1983032564333187e-05, 'gpp_d': 19.948958651882567, 'ign_k': 0.005105542986365654, 'ign_c': 98.40989343758308, 'trop_agb_crit': 6.058402553512053, 'trop_k_veg': 1.793919400078986, 'fuel_k': 0.017262921159278164, 'fuel_half': 2.84163933350535}.
[I 2026-07-22 21:53:28,994] Trial 163 finished with values: [12.124342914125812, 12.124342914125812] and parameters: {'k1': 0.0015974581244256687, 'D_low': 3.325987092445845, 'k2': 0.0038341488164556755, 'D_high': 26587.030147082678, 'fire_exp': 1.3858146055494713, 'P_half': 19.986340778528874, 'pre_dampen_half': 10.687450020671585, 'gpp_af': 1.540945776288155, 'gpp_b': 4.0803257466853524e-05, 'gpp_d': 2.2965432344634333, 'ign_k': 0.5131654955148324, 'ign_c': 0.11650681118986138, 'trop_agb_crit': 1.886175574962432, 'trop_k_veg': 0.9369104721775232, 'fuel_k': 0.030315034760496764, 'fuel_half': 3.0296104428212485}.
[I 2026-07-22 21:53:29,414] Trial 164 finished with values: [10.688708492416671, 10.688708492416671] and parameters: {'k1': 0.052334804885400876, 'D_low': 4.043300846639722, 'k2': 0.07799059237255677, 'D_high': 2283.4228779494524, 'fire_exp': 1.0689448798385355, 'P_half': 1938.3858782150498, 'pre_dampen_half': 94.20121790275627, 'gpp_af': 0.11022143612695977, 'gpp_b': 3.228689523591491e-05, 'gpp_d': 302.3127748796295, 'ign_k': 0.006039096247545781, 'ign_c': 3.0378658251922155, 'trop_agb_crit': 3.5522713231614182, 'trop_k_veg': 1.6340262437673856, 'fuel_k': 1.8731335591844647, 'fuel_half': 0.33988503110784557}.
[I 2026-07-22 21:53:29,835] Trial 165 finished with values: [10.764569927348022, 10.764569927348022] and parameters: {'k1': 0.0058043147174140705, 'D_low': 1407.7923139972395, 'k2': 0.05583672722754823, 'D_high': 3262.5163516684925, 'fire_exp': 2.3123511487896353, 'P_half': 3.6138942712165267, 'pre_dampen_half': 0.2888838362365318, 'gpp_af': 1.4498445474033743, 'gpp_b': 1.1983032564333187e-05, 'gpp_d': 84.31013932082456, 'ign_k': 0.006290644294586149, 'ign_c': 11.40086370112731, 'trop_agb_crit': 7.500118950416987, 'trop_k_veg': 0.977663002683211, 'fuel_k': 0.48736180483849406, 'fuel_half': 0.32476735706274484}.
[I 2026-07-22 21:53:30,257] Trial 166 finished with values: [-0.2101567534651559, 0.09085547095704682] and parameters: {'k1': 0.0029707920514735983, 'D_low': 4.043300846639722, 'k2': 2.1698375693549493e-05, 'D_high': 160625.60954780428, 'fire_exp': 2.2271826002669806, 'P_half': 245.27450543222417, 'pre_dampen_half': 33.97904243111269, 'gpp_af': 2.114381609520638, 'gpp_b': 3.228689523591491e-05, 'gpp_d': 857.4284557962626, 'ign_k': 0.04732407125181112, 'ign_c': 3.0378658251922155, 'trop_agb_crit': 15.870971677383487, 'trop_k_veg': 6.911478238001162, 'fuel_k': 0.028970790717327534, 'fuel_half': 18.202647368248815}.
[I 2026-07-22 21:53:30,677] Trial 167 finished with values: [10.769230768838547, 10.769230768838547] and parameters: {'k1': 0.00011502956321912731, 'D_low': 4158.269729781509, 'k2': 2.1698375693549493e-05, 'D_high': 2283.4228779494524, 'fire_exp': 1.3028151137833979, 'P_half': 334.62201030483817, 'pre_dampen_half': 33.97904243111269, 'gpp_af': 0.0025511964576171086, 'gpp_b': 3.228689523591491e-05, 'gpp_d': 2.4002253099641138, 'ign_k': 0.03141110271934876, 'ign_c': 558.880500599197, 'trop_agb_crit': 15.870971677383487, 'trop_k_veg': 0.907369149674874, 'fuel_k': 0.6211831489538813, 'fuel_half': 0.33988503110784557}.
[I 2026-07-22 21:53:31,098] Trial 168 finished with values: [10.76892236654879, 10.76892236654879] and parameters: {'k1': 0.002968335334246999, 'D_low': 19389.89852278267, 'k2': 0.00010939944910100016, 'D_high': 107013.64911724928, 'fire_exp': 2.3987174696212126, 'P_half': 894.5150807271528, 'pre_dampen_half': 0.7354388726789677, 'gpp_af': 18.235072804314193, 'gpp_b': 0.0032930655419269924, 'gpp_d': 6.378078463802852, 'ign_k': 0.0012634132366522116, 'ign_c': 4.1108484350212295, 'trop_agb_crit': 11.41767816030627, 'trop_k_veg': 3.715819581962785, 'fuel_k': 0.013421538374693755, 'fuel_half': 7.259866824755671}.
[I 2026-07-22 21:53:31,525] Trial 169 finished with values: [10.261722524157815, 10.261722524157815] and parameters: {'k1': 0.0029707920514735983, 'D_low': 4.043300846639722, 'k2': 2.1698375693549493e-05, 'D_high': 107013.64911724928, 'fire_exp': 1.2386878293405026, 'P_half': 2193.8654178115053, 'pre_dampen_half': 33.97904243111269, 'gpp_af': 0.0025511964576171086, 'gpp_b': 1.7565109007473816e-05, 'gpp_d': 857.4284557962626, 'ign_k': 0.03141110271934876, 'ign_c': 3.0378658251922155, 'trop_agb_crit': 15.870971677383487, 'trop_k_veg': 6.911478238001162, 'fuel_k': 5.486054129200971, 'fuel_half': 18.202647368248815}.
[I 2026-07-22 21:53:31,939] Trial 170 finished with values: [10.752426334375544, 10.752426334375544] and parameters: {'k1': 0.0015375920235481753, 'D_low': 12.856617791467924, 'k2': 0.07799059237255677, 'D_high': 2283.4228779494524, 'fire_exp': 1.5751749417148029, 'P_half': 1938.3858782150498, 'pre_dampen_half': 33.97904243111269, 'gpp_af': 0.3259758793317361, 'gpp_b': 0.02893498807797731, 'gpp_d': 0.09548041810464164, 'ign_k': 0.03141110271934876, 'ign_c': 3.0378658251922155, 'trop_agb_crit': 2.598572417333811, 'trop_k_veg': 6.911478238001162, 'fuel_k': 2.006125726290936, 'fuel_half': 18.202647368248815}.
[I 2026-07-22 21:53:32,361] Trial 171 finished with values: [10.5232228785918, 10.5232228785918] and parameters: {'k1': 6.693990428538841e-05, 'D_low': 1.1640589436768796, 'k2': 3.5281132746849994e-05, 'D_high': 2512533.442757688, 'fire_exp': 2.2271826002669806, 'P_half': 245.27450543222417, 'pre_dampen_half': 10.059683154936915, 'gpp_af': 2.114381609520638, 'gpp_b': 0.00011277885258222645, 'gpp_d': 373.3014953695604, 'ign_k': 0.04732407125181112, 'ign_c': 3.4084279109230433, 'trop_agb_crit': 5.841230872704112, 'trop_k_veg': 0.5695379443977426, 'fuel_k': 0.028970790717327534, 'fuel_half': 16.371966573507315}.
[I 2026-07-22 21:53:32,782] Trial 172 finished with values: [10.234182707070794, 10.234182707070794] and parameters: {'k1': 0.003242143344038315, 'D_low': 102.19595065529477, 'k2': 0.07799059237255677, 'D_high': 2283.4228779494524, 'fire_exp': 1.7650286443463072, 'P_half': 2.1095259085905753, 'pre_dampen_half': 294.75617712568373, 'gpp_af': 0.3259758793317361, 'gpp_b': 0.02893498807797731, 'gpp_d': 2.901272149738622, 'ign_k': 0.0075985864315887865, 'ign_c': 77.59048401667629, 'trop_agb_crit': 1.1208086449693282, 'trop_k_veg': 3.324264218444254, 'fuel_k': 1.312881567992459, 'fuel_half': 42.6871254378718}.
[I 2026-07-22 21:53:33,201] Trial 173 finished with values: [17.400611786985003, 17.400611786985003] and parameters: {'k1': 0.002968335334246999, 'D_low': 2.8627614274446977, 'k2': 7.67074891445376e-05, 'D_high': 8433503.858791472, 'fire_exp': 2.3987174696212126, 'P_half': 1.4378290221680121, 'pre_dampen_half': 33.71909132517388, 'gpp_af': 1.1444682032324742, 'gpp_b': 0.00012118589392553819, 'gpp_d': 6.91394869865762, 'ign_k': 3.210808548911192, 'ign_c': 4.1108484350212295, 'trop_agb_crit': 1.5774541406529003, 'trop_k_veg': 1.140286245977296, 'fuel_k': 3.6992394681929355, 'fuel_half': 0.13249100882689224}.
[I 2026-07-22 21:53:33,618] Trial 174 finished with values: [10.749420295242052, 10.749420295242052] and parameters: {'k1': 2.0937989739527727e-05, 'D_low': 150.83210025074274, 'k2': 0.0038341488164556755, 'D_high': 26587.030147082678, 'fire_exp': 1.3858146055494713, 'P_half': 8832.039346746853, 'pre_dampen_half': 10.687450020671585, 'gpp_af': 0.015350904103515228, 'gpp_b': 4.0803257466853524e-05, 'gpp_d': 0.05811599743439243, 'ign_k': 0.009634538433595985, 'ign_c': 47.268615251255675, 'trop_agb_crit': 1.886175574962432, 'trop_k_veg': 1.1021959069423406, 'fuel_k': 0.030315034760496764, 'fuel_half': 49.011305842597835}.
[I 2026-07-22 21:53:34,035] Trial 175 finished with values: [10.614755421986233, 10.614755421986233] and parameters: {'k1': 0.002968335334246999, 'D_low': 140.92119204434155, 'k2': 7.011194706512109e-05, 'D_high': 107013.64911724928, 'fire_exp': 1.034491242472073, 'P_half': 3648.4560830477985, 'pre_dampen_half': 9.288856801351132, 'gpp_af': 18.235072804314193, 'gpp_b': 0.5432846462741858, 'gpp_d': 6.378078463802852, 'ign_k': 0.0022267996908938684, 'ign_c': 4.1108484350212295, 'trop_agb_crit': 11.41767816030627, 'trop_k_veg': 3.107373729897127, 'fuel_k': 1.2528108647479208, 'fuel_half': 35.77838574843286}.
[I 2026-07-22 21:53:34,469] Trial 176 finished with values: [10.769230768838547, 10.769230768838547] and parameters: {'k1': 0.002968335334246999, 'D_low': 19389.89852278267, 'k2': 0.002155595057104387, 'D_high': 107013.64911724928, 'fire_exp': 2.3987174696212126, 'P_half': 894.5150807271528, 'pre_dampen_half': 269.0845367054863, 'gpp_af': 1.1444682032324742, 'gpp_b': 0.010847560307977218, 'gpp_d': 0.173242701549491, 'ign_k': 3.210808548911192, 'ign_c': 307.96093943652426, 'trop_agb_crit': 2.539877620672643, 'trop_k_veg': 0.6898193780989617, 'fuel_k': 0.013421538374693755, 'fuel_half': 0.13249100882689224}.
