[I 2026-08-20 00:47:29,026] Trial 1152 finished with value: 0.4533180172401693 and parameters: {'k1': 4.3743528240943586e-05, 'D_low': 1.4989022510320344, 'k2': 0.0075110914520926135, 'D_high': 1191911.6674748084, 'fire_exp': 1.6610490823237503, 'P_half': 367.9691179016913, 'pre_dampen_half': 0.23723686739386984, 'gpp_af': 0.0024269229362589313, 'gpp_b': 2.9276374833363772e-05, 'gpp_d': 0.020138117041077763, 'ign_k': 0.834752041764507, 'ign_c': 0.32592890942831654, 'trop_agb_crit': 2.850988386480951, 'trop_k_veg': 3.36113686877389, 'pop_amp': 17.27341569407086, 'pop_peak': 0.903824148585936, 'pop_sig': 1.5896312994712511}. Best is trial 1128 with value: -0.620386984093161.
[I 2026-08-20 00:47:30,910] Trial 1153 finished with value: -0.5625975495110499 and parameters: {'k1': 0.009367196267584135, 'D_low': 39.13543283006503, 'k2': 0.00016806741472484332, 'D_high': 101022.33077956089, 'fire_exp': 1.0566952188478833, 'P_half': 326.45188190609974, 'pre_dampen_half': 0.09558839543690575, 'gpp_af': 0.012384571004027869, 'gpp_b': 0.00012556480833892755, 'gpp_d': 0.3271647704922216, 'ign_k': 0.05252283232374571, 'ign_c': 9.960358277166653, 'trop_agb_crit': 2.3872264293502763, 'trop_k_veg': 4.392786492325972, 'pop_amp': 10.201332506787894, 'pop_peak': 171.56212389769766, 'pop_sig': 0.7407133940871424}. Best is trial 1128 with value: -0.620386984093161.
[I 2026-08-20 00:47:32,750] Trial 1154 finished with value: 0.5803417489063856 and parameters: {'k1': 0.023707386076521432, 'D_low': 2623.0092807219007, 'k2': 0.09972018023741051, 'D_high': 98821.77666710276, 'fire_exp': 1.7287724526370174, 'P_half': 80.0813392186599, 'pre_dampen_half': 611.573495366736, 'gpp_af': 0.22512774473242764, 'gpp_b': 0.0010447635131168838, 'gpp_d': 49.09622180322066, 'ign_k': 1.0799150912608495, 'ign_c': 1.657253543604682, 'trop_agb_crit': 11.957939279214315, 'trop_k_veg': 3.143869448110006, 'pop_amp': 3.1703093564961202, 'pop_peak': 0.06769317765666731, 'pop_sig': 1.0622273043067358}. Best is trial 1128 with value: -0.620386984093161.
[I 2026-08-20 00:47:34,670] Trial 1155 finished with value: 0.4845960806651062 and parameters: {'k1': 0.0002178760646138901, 'D_low': 80.82801706082627, 'k2': 0.08580780300215247, 'D_high': 2107212.0147014353, 'fire_exp': 1.0294174129310347, 'P_half': 2.3461791912140133, 'pre_dampen_half': 22.964616684078287, 'gpp_af': 0.0055462504629885095, 'gpp_b': 2.0822371586145495e-05, 'gpp_d': 0.02452662905433617, 'ign_k': 0.19811849486135624, 'ign_c': 2.7893915995731096, 'trop_agb_crit': 2.423386257163799, 'trop_k_veg': 3.1994203611147607, 'pop_amp': 0.2927160943220587, 'pop_peak': 1.4186280539318397, 'pop_sig': 1.483519305419285}. Best is trial 1128 with value: -0.620386984093161.
[I 2026-08-20 00:47:36,590] Trial 1156 finished with value: 0.502525782583924 and parameters: {'k1': 0.02114593229891799, 'D_low': 15242.298240339442, 'k2': 0.06404172832753775, 'D_high': 8472358.218232755, 'fire_exp': 3.338155234365182, 'P_half': 117.98310305160066, 'pre_dampen_half': 101.39804468756267, 'gpp_af': 0.014553823807863497, 'gpp_b': 0.0006528583509375452, 'gpp_d': 3.375925572773475, 'ign_k': 0.0764699303917551, 'ign_c': 0.1837308212416138, 'trop_agb_crit': 4.729246451423628, 'trop_k_veg': 3.3089811387615193, 'pop_amp': 0.7812121217370968, 'pop_peak': 2.161718536033788, 'pop_sig': 0.5561280021348448}. Best is trial 1128 with value: -0.620386984093161.
[I 2026-08-20 00:47:38,409] Trial 1157 finished with value: 0.5305624860060061 and parameters: {'k1': 0.00789560497594318, 'D_low': 60.471666789072835, 'k2': 0.011907003413308016, 'D_high': 3424473.774811154, 'fire_exp': 1.052417474635266, 'P_half': 478.0517725525204, 'pre_dampen_half': 0.1099925642643295, 'gpp_af': 0.006353135902898979, 'gpp_b': 0.000917816039999787, 'gpp_d': 0.16500443474472165, 'ign_k': 0.11347759104603, 'ign_c': 3.26142328076816, 'trop_agb_crit': 2.8685795353418855, 'trop_k_veg': 6.12288064488064, 'pop_amp': 0.24413671630023084, 'pop_peak': 8.099491429181663, 'pop_sig': 1.521860212550638}. Best is trial 1128 with value: -0.620386984093161.
[I 2026-08-20 00:47:40,249] Trial 1158 finished with value: 0.6445374145881376 and parameters: {'k1': 0.05607679401669715, 'D_low': 101234.45572140963, 'k2': 0.0007347683942168531, 'D_high': 121521.7651910805, 'fire_exp': 1.7836223185918827, 'P_half': 838.561683141665, 'pre_dampen_half': 53.28548998353546, 'gpp_af': 0.025008998231220762, 'gpp_b': 0.0004913282621556045, 'gpp_d': 2.9460843895626545, 'ign_k': 1.5038201060087586, 'ign_c': 87.90133761591287, 'trop_agb_crit': 25.998600382386368, 'trop_k_veg': 3.2563030372444843, 'pop_amp': 0.0010602347639246063, 'pop_peak': 9.840491529141783, 'pop_sig': 0.31401714523618157}. Best is trial 1128 with value: -0.620386984093161.
[I 2026-08-20 00:47:42,175] Trial 1159 finished with value: 0.5395747412070295 and parameters: {'k1': 6.153313137379599e-05, 'D_low': 19.7628290468755, 'k2': 0.001468855070262381, 'D_high': 928018.6613178517, 'fire_exp': 3.855551420395655, 'P_half': 79.50544127626755, 'pre_dampen_half': 0.8663555041301321, 'gpp_af': 0.005513264929679123, 'gpp_b': 0.003907094245032105, 'gpp_d': 16.39228344054641, 'ign_k': 0.7025068810720013, 'ign_c': 0.32162993313602545, 'trop_agb_crit': 3.306482328738238, 'trop_k_veg': 5.18480530944195, 'pop_amp': 12.411720999658705, 'pop_peak': 1.6524814696351602, 'pop_sig': 1.8571448511050639}. Best is trial 1128 with value: -0.620386984093161.
[I 2026-08-20 00:47:44,054] Trial 1160 finished with value: 0.5443405605484241 and parameters: {'k1': 0.006671939337081445, 'D_low': 3.9369012919160626, 'k2': 0.03438927712003503, 'D_high': 4407500.614977662, 'fire_exp': 1.0848216948716571, 'P_half': 2.331739837226156, 'pre_dampen_half': 0.011728291470283663, 'gpp_af': 0.0037595568200701514, 'gpp_b': 0.002202703404933378, 'gpp_d': 0.4538662394434225, 'ign_k': 0.002879961989053262, 'ign_c': 0.3795845294072792, 'trop_agb_crit': 1.426569288586445, 'trop_k_veg': 0.628592588397869, 'pop_amp': 5.7023278648117595, 'pop_peak': 3.2903798730518234, 'pop_sig': 0.6978637421125111}. Best is trial 1128 with value: -0.620386984093161.
[I 2026-08-20 00:47:45,926] Trial 1161 finished with value: 0.5825641640993493 and parameters: {'k1': 0.00029668123873653735, 'D_low': 367.9392396224227, 'k2': 0.0006545447603479935, 'D_high': 169824.2062726799, 'fire_exp': 1.6964606578308703, 'P_half': 3589.9440114575546, 'pre_dampen_half': 6.160001759574352, 'gpp_af': 0.07444729646333717, 'gpp_b': 4.4735546002752327e-05, 'gpp_d': 2.2130981412907658, 'ign_k': 0.007210496219473944, 'ign_c': 6.222682800608805, 'trop_agb_crit': 2.285414652986295, 'trop_k_veg': 6.059734079734714, 'pop_amp': 0.7064876813428497, 'pop_peak': 34.440326871510855, 'pop_sig': 0.8997944880141917}. Best is trial 1128 with value: -0.620386984093161.
[I 2026-08-20 00:47:48,118] Trial 1162 finished with value: 0.503398738455244 and parameters: {'k1': 0.003842464893398619, 'D_low': 248.56266167319535, 'k2': 0.000490100919272451, 'D_high': 441599.11538934737, 'fire_exp': 1.3257837072546397, 'P_half': 352.56305037574697, 'pre_dampen_half': 2.3303317677404833, 'gpp_af': 0.0057141966167391, 'gpp_b': 3.325978952212919e-05, 'gpp_d': 0.0169120884518276, 'ign_k': 0.10475767990712227, 'ign_c': 27.20290985357054, 'trop_agb_crit': 6.073630786038621, 'trop_k_veg': 3.4681867554148837, 'pop_amp': 18.497364387843298, 'pop_peak': 409.56765746791007, 'pop_sig': 1.8101577228623984}. Best is trial 1128 with value: -0.620386984093161.
[I 2026-08-20 00:47:49,915] Trial 1163 finished with value: 0.6180877924124292 and parameters: {'k1': 0.002010341399794135, 'D_low': 1664.9764531121953, 'k2': 0.002375648946596806, 'D_high': 8187463.17345094, 'fire_exp': 1.6134352273565893, 'P_half': 824.043475929674, 'pre_dampen_half': 262.3927654864549, 'gpp_af': 0.005844898415839881, 'gpp_b': 0.0013725333419333907, 'gpp_d': 2.156752550124236, 'ign_k': 1.4682952973550871, 'ign_c': 36.27729980257869, 'trop_agb_crit': 16.46721123226153, 'trop_k_veg': 0.8229934533306019, 'pop_amp': 0.0017505687096399669, 'pop_peak': 20.532458496053277, 'pop_sig': 0.7414905819035115}. Best is trial 1128 with value: -0.620386984093161.
[I 2026-08-20 00:47:51,865] Trial 1164 finished with value: 0.6445374145881376 and parameters: {'k1': 0.0002188186191501354, 'D_low': 9646.820431185854, 'k2': 0.0012612610323302089, 'D_high': 6675507.803610359, 'fire_exp': 2.5845371263356194, 'P_half': 248.5789365999411, 'pre_dampen_half': 1.9568826044797432, 'gpp_af': 0.02692048555298871, 'gpp_b': 6.691187453419036e-05, 'gpp_d': 58.95955894035933, 'ign_k': 8.435854281357713, 'ign_c': 387.4142439205147, 'trop_agb_crit': 27.602482936826068, 'trop_k_veg': 3.0830980252048907, 'pop_amp': 0.001210481394929206, 'pop_peak': 0.516992603011647, 'pop_sig': 0.6890694059788747}. Best is trial 1128 with value: -0.620386984093161.
[I 2026-08-20 00:47:53,804] Trial 1165 finished with value: 0.6445374145881376 and parameters: {'k1': 0.003030557206242164, 'D_low': 30363.491077096296, 'k2': 0.014201509885800271, 'D_high': 1864283.1297742506, 'fire_exp': 4.043928841984616, 'P_half': 5.019882856223079, 'pre_dampen_half': 523.7408256225717, 'gpp_af': 0.04941621318453795, 'gpp_b': 0.0001797377046261653, 'gpp_d': 945.276282340832, 'ign_k': 0.20173834388433334, 'ign_c': 988.2226594751949, 'trop_agb_crit': 9.701883462070253, 'trop_k_veg': 3.18883022007134, 'pop_amp': 3.9874861643555355, 'pop_peak': 0.09729100082253601, 'pop_sig': 1.0107099206093235}. Best is trial 1128 with value: -0.620386984093161.
[I 2026-08-20 00:47:55,686] Trial 1166 finished with value: -0.541023520337397 and parameters: {'k1': 0.00033770704097445167, 'D_low': 8.1889057660293, 'k2': 0.012281588646335561, 'D_high': 5982743.876789508, 'fire_exp': 1.1621332869352399, 'P_half': 2.0707047746779295, 'pre_dampen_half': 0.6143155416951777, 'gpp_af': 0.2127124351951548, 'gpp_b': 0.00020271177536048229, 'gpp_d': 5.374758445629785, 'ign_k': 0.0020366282530746823, 'ign_c': 6.2363199297253855, 'trop_agb_crit': 16.62286208732951, 'trop_k_veg': 0.694089327569859, 'pop_amp': 0.6176279155549761, 'pop_peak': 31.645186116401288, 'pop_sig': 0.9770322199307253}. Best is trial 1128 with value: -0.620386984093161.
[I 2026-08-20 00:47:57,534] Trial 1167 finished with value: 0.43407911460745185 and parameters: {'k1': 0.004076500270144772, 'D_low': 5818.787686393414, 'k2': 0.009608892826708437, 'D_high': 7476010.73615327, 'fire_exp': 2.4873592177984514, 'P_half': 221.23616828557618, 'pre_dampen_half': 7.396852640551964, 'gpp_af': 0.0130739874917221, 'gpp_b': 0.0067520312257979935, 'gpp_d': 522.6144128834862, 'ign_k': 0.3127696198868999, 'ign_c': 1.125021144387421, 'trop_agb_crit': 7.727383215340047, 'trop_k_veg': 3.891047070024713, 'pop_amp': 4.972988157682983, 'pop_peak': 6.403178272907118, 'pop_sig': 1.2320896690431489}. Best is trial 1128 with value: -0.620386984093161.
[I 2026-08-20 00:47:59,357] Trial 1168 finished with value: 0.5753283808900307 and parameters: {'k1': 0.006449623666574203, 'D_low': 2824.5187727535326, 'k2': 0.03175320297668258, 'D_high': 187988.53140313513, 'fire_exp': 3.1872785530207635, 'P_half': 6.2365855657575375, 'pre_dampen_half': 0.8082172323665862, 'gpp_af': 0.03431945796769692, 'gpp_b': 8.330557864225713e-05, 'gpp_d': 162.30196812201922, 'ign_k': 0.002850086876912785, 'ign_c': 0.26883735947062454, 'trop_agb_crit': 1.8694279377285563, 'trop_k_veg': 1.2284958075037944, 'pop_amp': 0.8578652071605426, 'pop_peak': 16.302133908376504, 'pop_sig': 2.47674333537791}. Best is trial 1128 with value: -0.620386984093161.
[I 2026-08-20 00:48:01,228] Trial 1169 finished with value: 0.5606184378470844 and parameters: {'k1': 0.004679167191178885, 'D_low': 8.976281575724435, 'k2': 0.000972189791275081, 'D_high': 5652969.78509023, 'fire_exp': 1.4628145790752374, 'P_half': 37.95082999064379, 'pre_dampen_half': 0.02452510840394887, 'gpp_af': 0.02061364587775682, 'gpp_b': 0.003988554450101282, 'gpp_d': 0.018186209369941225, 'ign_k': 0.0015897585872804414, 'ign_c': 0.12393041252184037, 'trop_agb_crit': 8.812710513169662, 'trop_k_veg': 0.7336423664525739, 'pop_amp': 18.248501928477562, 'pop_peak': 1.3778482056938848, 'pop_sig': 0.397072259545509}. Best is trial 1128 with value: -0.620386984093161.
[I 2026-08-20 00:48:03,159] Trial 1170 finished with value: -0.5142646667222888 and parameters: {'k1': 5.487254060529442e-05, 'D_low': 1.0715910836674347, 'k2': 0.0007221861737046633, 'D_high': 4710009.794088095, 'fire_exp': 1.7464487011062473, 'P_half': 2.5711243612434775, 'pre_dampen_half': 0.016640360760562026, 'gpp_af': 0.24430220104144412, 'gpp_b': 0.0002423251468424951, 'gpp_d': 2.6737148079134925, 'ign_k': 0.02083671924292838, 'ign_c': 0.2562477975340179, 'trop_agb_crit': 1.3577217609795658, 'trop_k_veg': 1.5237320950673818, 'pop_amp': 19.124439661163994, 'pop_peak': 8.417061599729896, 'pop_sig': 1.3714679980265496}. Best is trial 1128 with value: -0.620386984093161.
[I 2026-08-20 00:48:04,990] Trial 1171 finished with value: 0.4429688600684514 and parameters: {'k1': 0.00912139504022842, 'D_low': 365.8014720007659, 'k2': 0.00030908339753811043, 'D_high': 6291912.603185662, 'fire_exp': 2.700527255357359, 'P_half': 24.216310627014895, 'pre_dampen_half': 2.713605910921946, 'gpp_af': 0.1726646221853193, 'gpp_b': 0.0010025764207366743, 'gpp_d': 873.4320506319427, 'ign_k': 0.09760600239644511, 'ign_c': 1.1072419212187012, 'trop_agb_crit': 13.994321803399291, 'trop_k_veg': 1.94383729376229, 'pop_amp': 0.5657511060837386, 'pop_peak': 0.09183334688115445, 'pop_sig': 0.4051201122535732}. Best is trial 1128 with value: -0.620386984093161.
[I 2026-08-20 00:48:06,861] Trial 1172 finished with value: 0.42380193440095204 and parameters: {'k1': 0.00014639640952060292, 'D_low': 1636.4830202770552, 'k2': 0.017380756476886673, 'D_high': 1056947.488693207, 'fire_exp': 2.3214170349766308, 'P_half': 41.460554306914915, 'pre_dampen_half': 17.468362243593656, 'gpp_af': 0.05007220387895123, 'gpp_b': 0.0001255472139681151, 'gpp_d': 0.9703924564008439, 'ign_k': 0.39755408947014925, 'ign_c': 1.6007795666327909, 'trop_agb_crit': 3.8212763265119873, 'trop_k_veg': 4.210051252358123, 'pop_amp': 1.22799374300223, 'pop_peak': 0.08341387027385366, 'pop_sig': 0.5582274517305574}. Best is trial 1128 with value: -0.620386984093161.
[I 2026-08-20 00:48:09,016] Trial 1173 finished with value: 0.6044198248480444 and parameters: {'k1': 0.023444345709421683, 'D_low': 2165.965563421463, 'k2': 0.03152589974873998, 'D_high': 3372.935160843777, 'fire_exp': 1.9924038919752172, 'P_half': 1169.6341668358261, 'pre_dampen_half': 209.81924393889418, 'gpp_af': 0.0010649797264023475, 'gpp_b': 0.00015027139019538666, 'gpp_d': 45.444476283173394, 'ign_k': 2.1855162257867944, 'ign_c': 0.22620719274630988, 'trop_agb_crit': 12.560551971866827, 'trop_k_veg': 5.420382158620815, 'pop_amp': 1.1244246873617032, 'pop_peak': 0.42913734846352763, 'pop_sig': 0.7901601867868235}. Best is trial 1128 with value: -0.620386984093161.
[I 2026-08-20 00:48:10,838] Trial 1174 finished with value: 0.6447358920892535 and parameters: {'k1': 0.0010966232982790262, 'D_low': 713.0512687548315, 'k2': 0.009273219379148046, 'D_high': 40439.9149373286, 'fire_exp': 3.7129989732349062, 'P_half': 25.770978853728447, 'pre_dampen_half': 2.260613167085918, 'gpp_af': 0.005236740859249226, 'gpp_b': 1.8383035826626056e-05, 'gpp_d': 65.63955470461312, 'ign_k': 4.9462021916820404, 'ign_c': 35.19192417349743, 'trop_agb_crit': 11.532495978434966, 'trop_k_veg': 4.881327386861253, 'pop_amp': 0.00940944811265402, 'pop_peak': 3.22916970452719, 'pop_sig': 1.3883521623853927}. Best is trial 1128 with value: -0.620386984093161.
[I 2026-08-20 00:48:12,679] Trial 1175 finished with value: -0.5851854174353638 and parameters: {'k1': 0.0011064201283616858, 'D_low': 13.379443859557352, 'k2': 0.0015914099044873058, 'D_high': 973165.8409460874, 'fire_exp': 1.5353952963443147, 'P_half': 238.4980916248191, 'pre_dampen_half': 8.809764913035563, 'gpp_af': 0.020133033919454608, 'gpp_b': 0.0001405027843034654, 'gpp_d': 0.09481200708705992, 'ign_k': 1.7503551862246316, 'ign_c': 10.203177859861313, 'trop_agb_crit': 1.6168642649188563, 'trop_k_veg': 2.9457230262064464, 'pop_amp': 0.6288441580154913, 'pop_peak': 0.060087923648729544, 'pop_sig': 0.3477798568685295}. Best is trial 1128 with value: -0.620386984093161.
[I 2026-08-20 00:48:14,568] Trial 1176 finished with value: 0.5802351814635077 and parameters: {'k1': 0.0002271539378235138, 'D_low': 170.11298362669552, 'k2': 0.04563863732663095, 'D_high': 8620683.02395593, 'fire_exp': 1.096303730324922, 'P_half': 5.780374357126657, 'pre_dampen_half': 0.042244311563640384, 'gpp_af': 0.0036682502608692933, 'gpp_b': 0.018461702723860343, 'gpp_d': 0.12479647644040634, 'ign_k': 0.014330123091095525, 'ign_c': 0.10756496028177237, 'trop_agb_crit': 2.894637496449529, 'trop_k_veg': 0.9570417435855881, 'pop_amp': 4.581414568330576, 'pop_peak': 60.341484117483404, 'pop_sig': 0.4680255780753067}. Best is trial 1128 with value: -0.620386984093161.
[I 2026-08-20 00:48:16,364] Trial 1177 finished with value: -0.5619737179821224 and parameters: {'k1': 6.056807544124944e-05, 'D_low': 3.2786845790202093, 'k2': 0.0015047992949433738, 'D_high': 4409122.155795164, 'fire_exp': 2.115627317030003, 'P_half': 6.346756542378676, 'pre_dampen_half': 7.437352479802727, 'gpp_af': 0.014534355783622471, 'gpp_b': 0.017500353035639928, 'gpp_d': 12.280099740772942, 'ign_k': 5.78742014542068, 'ign_c': 2.988797810042911, 'trop_agb_crit': 10.414027507964423, 'trop_k_veg': 4.929729445040332, 'pop_amp': 5.783416191952717, 'pop_peak': 4.044726622945345, 'pop_sig': 1.6982802670091073}. Best is trial 1128 with value: -0.620386984093161.
[I 2026-08-20 00:48:18,224] Trial 1178 finished with value: 0.5652055363454951 and parameters: {'k1': 3.0197151309252903e-05, 'D_low': 4728.546413763934, 'k2': 0.06511232156444305, 'D_high': 2152734.739876703, 'fire_exp': 1.8942523833272693, 'P_half': 47.81813681963241, 'pre_dampen_half': 4.047494060441589, 'gpp_af': 0.004674844991416603, 'gpp_b': 0.003353062204894693, 'gpp_d': 4.13096862048712, 'ign_k': 0.5593360063095768, 'ign_c': 0.7887274277827461, 'trop_agb_crit': 3.1072873337298934, 'trop_k_veg': 6.423368476875845, 'pop_amp': 0.06886441677160524, 'pop_peak': 1.4824957460977743, 'pop_sig': 0.9938627067671257}. Best is trial 1128 with value: -0.620386984093161.
[I 2026-08-20 00:48:20,071] Trial 1179 finished with value: 0.5946310701000014 and parameters: {'k1': 0.00010805803803651175, 'D_low': 46596.970871559985, 'k2': 0.08999122547063503, 'D_high': 75158.02003079295, 'fire_exp': 3.336552882550722, 'P_half': 1.4336380185842736, 'pre_dampen_half': 87.81037011694166, 'gpp_af': 0.03906706437074832, 'gpp_b': 0.0005252483557024547, 'gpp_d': 0.19615062825202154, 'ign_k': 7.717367758537129, 'ign_c': 5.110228852784761, 'trop_agb_crit': 2.3694025082602974, 'trop_k_veg': 1.853849916334188, 'pop_amp': 0.09383146679997108, 'pop_peak': 0.24802024165055167, 'pop_sig': 1.0898841305137628}. Best is trial 1128 with value: -0.620386984093161.
[I 2026-08-20 00:48:21,898] Trial 1180 finished with value: 0.693387431196314 and parameters: {'k1': 0.0034487670596751877, 'D_low': 617.4542791943047, 'k2': 0.0016258139642523757, 'D_high': 4731744.615284095, 'fire_exp': 1.043725757419451, 'P_half': 109.5549742448536, 'pre_dampen_half': 1.1058579481622148, 'gpp_af': 0.011301032626200178, 'gpp_b': 1.3117079645897347e-05, 'gpp_d': 0.32473101346280464, 'ign_k': 4.9757916171654255, 'ign_c': 9.63001650658697, 'trop_agb_crit': 2.705697927735956, 'trop_k_veg': 6.101897010350761, 'pop_amp': 12.534272386715617, 'pop_peak': 16.052362729049115, 'pop_sig': 1.4304348589507747}. Best is trial 1128 with value: -0.620386984093161.
[I 2026-08-20 00:48:23,757] Trial 1181 finished with value: 0.6445374145881376 and parameters: {'k1': 0.000476483917589868, 'D_low': 26.85191785697442, 'k2': 0.00027732104886139455, 'D_high': 48922.213996356644, 'fire_exp': 3.0527263876834594, 'P_half': 19.536340273583995, 'pre_dampen_half': 17.120685675711126, 'gpp_af': 0.051462813698261375, 'gpp_b': 0.00022582803229924387, 'gpp_d': 0.015511065024492864, 'ign_k': 3.473949209526788, 'ign_c': 113.70981124709607, 'trop_agb_crit': 2.87845043267434, 'trop_k_veg': 3.5249117269222983, 'pop_amp': 1.7662074506845307, 'pop_peak': 0.478875572151824, 'pop_sig': 0.34178210343634685}. Best is trial 1128 with value: -0.620386984093161.
[I 2026-08-20 00:48:25,643] Trial 1182 finished with value: 0.41822337101696205 and parameters: {'k1': 0.003958886383227279, 'D_low': 16.14820842396071, 'k2': 0.0011700424862996915, 'D_high': 642721.3945905997, 'fire_exp': 2.0597899633118515, 'P_half': 113.04820201396706, 'pre_dampen_half': 20.1708967748127, 'gpp_af': 0.06260545469872825, 'gpp_b': 0.0001118593628366727, 'gpp_d': 0.7577219397010806, 'ign_k': 1.8209477421436562, 'ign_c': 5.076826965185415, 'trop_agb_crit': 1.0017015592334846, 'trop_k_veg': 5.061977549897254, 'pop_amp': 0.20529970605430736, 'pop_peak': 0.461673814552464, 'pop_sig': 0.41061864850175894}. Best is trial 1128 with value: -0.620386984093161.
[I 2026-08-20 00:48:27,507] Trial 1183 finished with value: 0.45395471682810173 and parameters: {'k1': 0.0005426213570849044, 'D_low': 3.946042411035825, 'k2': 0.0593815987475292, 'D_high': 2274275.3829901433, 'fire_exp': 1.0519595831429445, 'P_half': 3.0639625783947713, 'pre_dampen_half': 22.24233082222289, 'gpp_af': 0.009706546858863883, 'gpp_b': 0.004304910149744373, 'gpp_d': 24.658597971395952, 'ign_k': 0.0011112549976279814, 'ign_c': 0.13894788352252663, 'trop_agb_crit': 1.7319482286684669, 'trop_k_veg': 2.505003769417357, 'pop_amp': 1.5780285495539104, 'pop_peak': 0.21869099603339365, 'pop_sig': 1.492220097655037}. Best is trial 1128 with value: -0.620386984093161.
