[I 2026-08-06 08:56:43,107] Trial 510 finished with values: [10.039692174907806, 10.039692174907806] and parameters: {'k1': 0.002367935204022389, 'D_low': 70.18267183720735, 'k2': 0.0007047307383115598, 'D_high': 25628.666000163565, 'fire_exp': 1.0629462657398439, 'P_half': 4.213183643253957, 'pre_dampen_half': 107.40052367919465, 'gpp_af': 0.017199513788543352, 'gpp_b': 3.481277316673104e-05, 'gpp_d': 84.31013932082456, 'ign_k': 0.07696703458159235, 'ign_c': 20.03995359361212, 'trop_agb_crit': 7.500118950416987, 'trop_k_veg': 2.520089655463604}.
[I 2026-08-06 08:56:44,228] Trial 511 finished with values: [10.024269874359753, 10.024269874359753] and parameters: {'k1': 0.005272264723319183, 'D_low': 2.143851363193517, 'k2': 0.004149969043497543, 'D_high': 5254.8834372681695, 'fire_exp': 1.0629462657398439, 'P_half': 4.346890702031289, 'pre_dampen_half': 552.4163637315892, 'gpp_af': 22.851664167592126, 'gpp_b': 0.0005752434266899163, 'gpp_d': 229.41380323183625, 'ign_k': 0.12329098365270515, 'ign_c': 0.70689749506246, 'trop_agb_crit': 10.965064494899984, 'trop_k_veg': 0.6743482387129308}.
[I 2026-08-06 08:56:45,391] Trial 512 finished with values: [10.769230769178105, 10.769230769178105] and parameters: {'k1': 0.005272264723319183, 'D_low': 2.143851363193517, 'k2': 0.004149969043497543, 'D_high': 61536.58035691648, 'fire_exp': 1.0629462657398439, 'P_half': 221.2683656611821, 'pre_dampen_half': 0.12475844033340494, 'gpp_af': 22.851664167592126, 'gpp_b': 3.481277316673104e-05, 'gpp_d': 229.41380323183625, 'ign_k': 0.12329098365270515, 'ign_c': 800.6837661379559, 'trop_agb_crit': 2.9222815721218716, 'trop_k_veg': 0.6743482387129308}.
[I 2026-08-06 08:56:46,539] Trial 513 finished with values: [10.101283926988621, 10.101283926988621] and parameters: {'k1': 0.00488137519160367, 'D_low': 12.105387404469584, 'k2': 0.0007047307383115598, 'D_high': 61536.58035691648, 'fire_exp': 1.0629462657398439, 'P_half': 221.2683656611821, 'pre_dampen_half': 502.5175192217655, 'gpp_af': 1.1409619915696267, 'gpp_b': 3.481277316673104e-05, 'gpp_d': 229.41380323183625, 'ign_k': 8.708806168038567, 'ign_c': 0.557280750002996, 'trop_agb_crit': 2.9222815721218716, 'trop_k_veg': 2.520089655463604}.
[I 2026-08-06 08:56:47,678] Trial 514 finished with values: [10.512690941232721, 10.512690941232721] and parameters: {'k1': 0.01889771394135163, 'D_low': 70.18267183720735, 'k2': 0.0007047307383115598, 'D_high': 61536.58035691648, 'fire_exp': 1.423480109671474, 'P_half': 220.3445560633069, 'pre_dampen_half': 0.48359183418131724, 'gpp_af': 1.1409619915696267, 'gpp_b': 1.284284091405877e-05, 'gpp_d': 229.41380323183625, 'ign_k': 8.708806168038567, 'ign_c': 4.439802552990464, 'trop_agb_crit': 2.9222815721218716, 'trop_k_veg': 2.520089655463604}.
[I 2026-08-06 08:56:48,804] Trial 515 finished with values: [10.053369614905076, 10.053369614905076] and parameters: {'k1': 0.002367935204022389, 'D_low': 70.18267183720735, 'k2': 0.004149969043497543, 'D_high': 8182.111518618414, 'fire_exp': 1.0629462657398439, 'P_half': 4.213183643253957, 'pre_dampen_half': 63.6685916079943, 'gpp_af': 0.017199513788543352, 'gpp_b': 0.00012379625135997558, 'gpp_d': 2.944272359149677, 'ign_k': 0.0680787482656459, 'ign_c': 0.70689749506246, 'trop_agb_crit': 10.965064494899984, 'trop_k_veg': 4.345076509212382}.
[I 2026-08-06 08:56:49,943] Trial 516 finished with values: [10.769230554776332, 10.769230554776332] and parameters: {'k1': 0.01889771394135163, 'D_low': 2.143851363193517, 'k2': 0.0012040762895973265, 'D_high': 25628.666000163565, 'fire_exp': 1.0629462657398439, 'P_half': 221.2683656611821, 'pre_dampen_half': 107.40052367919465, 'gpp_af': 1.1409619915696267, 'gpp_b': 0.0005752434266899163, 'gpp_d': 229.41380323183625, 'ign_k': 0.12329098365270515, 'ign_c': 144.1431566333022, 'trop_agb_crit': 10.965064494899984, 'trop_k_veg': 0.6743482387129308}.
[I 2026-08-06 08:56:51,066] Trial 517 finished with values: [-0.44402713919003284, 0.9713692464248465] and parameters: {'k1': 0.00488137519160367, 'D_low': 70.18267183720735, 'k2': 0.032845299795769424, 'D_high': 63233.81951066786, 'fire_exp': 1.423480109671474, 'P_half': 4.213183643253957, 'pre_dampen_half': 552.4163637315892, 'gpp_af': 1.965797948502807, 'gpp_b': 1.284284091405877e-05, 'gpp_d': 0.41500286580679413, 'ign_k': 0.07696703458159235, 'ign_c': 0.557280750002996, 'trop_agb_crit': 3.5747129226002423, 'trop_k_veg': 1.9938441068366917}.
[I 2026-08-06 08:56:52,255] Trial 518 finished with values: [-0.518641261600535, 0.8785500080826334] and parameters: {'k1': 0.01889771394135163, 'D_low': 40.12413353131991, 'k2': 0.0007047307383115598, 'D_high': 61536.58035691648, 'fire_exp': 1.0601964743503993, 'P_half': 98.3519252750597, 'pre_dampen_half': 502.5175192217655, 'gpp_af': 0.7539992074650279, 'gpp_b': 3.481277316673104e-05, 'gpp_d': 84.31013932082456, 'ign_k': 0.010167079878196114, 'ign_c': 4.439802552990464, 'trop_agb_crit': 7.500118950416987, 'trop_k_veg': 6.5801322358877785}.
[I 2026-08-06 08:56:53,409] Trial 519 finished with values: [10.441683176236369, 10.441683176236369] and parameters: {'k1': 0.01889771394135163, 'D_low': 70.18267183720735, 'k2': 7.639737756882014e-05, 'D_high': 21.356209987689077, 'fire_exp': 1.423480109671474, 'P_half': 221.2683656611821, 'pre_dampen_half': 107.40052367919465, 'gpp_af': 0.5981605330890939, 'gpp_b': 2.6738182964551835e-05, 'gpp_d': 150.14555442537656, 'ign_k': 8.708806168038567, 'ign_c': 0.557280750002996, 'trop_agb_crit': 6.119263728555865, 'trop_k_veg': 0.6673124511410327}.
[I 2026-08-06 08:56:54,737] Trial 520 finished with values: [-0.5249516470229458, 0.8635999587388141] and parameters: {'k1': 0.00488137519160367, 'D_low': 12.105387404469584, 'k2': 0.032845299795769424, 'D_high': 61536.58035691648, 'fire_exp': 1.1430983876313219, 'P_half': 338.23872019362165, 'pre_dampen_half': 502.5175192217655, 'gpp_af': 0.1476584299248268, 'gpp_b': 1.3289448722869181e-05, 'gpp_d': 150.14555442537656, 'ign_k': 8.708806168038567, 'ign_c': 0.557280750002996, 'trop_agb_crit': 10.965064494899984, 'trop_k_veg': 0.6673124511410327}.
[I 2026-08-06 08:56:55,912] Trial 521 finished with values: [10.036461903134041, 10.036461903134041] and parameters: {'k1': 0.007530210437963516, 'D_low': 12.105387404469584, 'k2': 0.0007047307383115598, 'D_high': 61536.58035691648, 'fire_exp': 1.0629462657398439, 'P_half': 338.23872019362165, 'pre_dampen_half': 552.4163637315892, 'gpp_af': 1.1409619915696267, 'gpp_b': 0.0005752434266899163, 'gpp_d': 229.41380323183625, 'ign_k': 0.0018256829646330853, 'ign_c': 8.40543912931368, 'trop_agb_crit': 10.965064494899984, 'trop_k_veg': 1.4584243470991722}.
[I 2026-08-06 08:56:57,124] Trial 522 finished with values: [-0.5392522436117859, 0.8294118454617011] and parameters: {'k1': 0.004312951023617458, 'D_low': 2.143851363193517, 'k2': 0.0005262881356087174, 'D_high': 8182.111518618414, 'fire_exp': 1.0629462657398439, 'P_half': 1.605843632310088, 'pre_dampen_half': 502.5175192217655, 'gpp_af': 1.1409619915696267, 'gpp_b': 1.3289448722869181e-05, 'gpp_d': 16.460426816350523, 'ign_k': 0.0680787482656459, 'ign_c': 0.70689749506246, 'trop_agb_crit': 6.275146677376727, 'trop_k_veg': 1.0594599158279707}.
[I 2026-08-06 08:56:58,308] Trial 523 finished with values: [10.245520489440052, 10.245520489440052] and parameters: {'k1': 0.007828534228218626, 'D_low': 173.2186836611753, 'k2': 0.0007047307383115598, 'D_high': 61536.58035691648, 'fire_exp': 1.0629462657398439, 'P_half': 1.605843632310088, 'pre_dampen_half': 502.5175192217655, 'gpp_af': 0.7539992074650279, 'gpp_b': 1.5385046399532158e-05, 'gpp_d': 418.77522137884927, 'ign_k': 0.07696703458159235, 'ign_c': 0.9580682294110432, 'trop_agb_crit': 24.584290528289387, 'trop_k_veg': 0.6743482387129308}.
[I 2026-08-06 08:56:59,486] Trial 524 finished with values: [10.769230769178105, 10.769230769178105] and parameters: {'k1': 0.01889771394135163, 'D_low': 40.12413353131991, 'k2': 0.0012040762895973265, 'D_high': 25628.666000163565, 'fire_exp': 1.0601964743503993, 'P_half': 221.2683656611821, 'pre_dampen_half': 107.40052367919465, 'gpp_af': 0.10409127568994281, 'gpp_b': 0.00023481641213549971, 'gpp_d': 229.41380323183625, 'ign_k': 8.708806168038567, 'ign_c': 966.7978239320698, 'trop_agb_crit': 7.500118950416987, 'trop_k_veg': 2.520089655463604}.
[I 2026-08-06 08:57:00,646] Trial 525 finished with values: [-0.5735382550603537, 0.3647326775105201] and parameters: {'k1': 0.004312951023617458, 'D_low': 5.59983195169599, 'k2': 0.032845299795769424, 'D_high': 2940.51756322311, 'fire_exp': 1.165368636520435, 'P_half': 12.808863354047988, 'pre_dampen_half': 552.4163637315892, 'gpp_af': 0.1476584299248268, 'gpp_b': 0.0005752434266899163, 'gpp_d': 2.944272359149677, 'ign_k': 0.12329098365270515, 'ign_c': 8.40543912931368, 'trop_agb_crit': 25.382873076016292, 'trop_k_veg': 0.6673124511410327}.
[I 2026-08-06 08:57:01,809] Trial 526 finished with values: [10.221342359517037, 10.221342359517037] and parameters: {'k1': 0.00488137519160367, 'D_low': 70.18267183720735, 'k2': 0.032845299795769424, 'D_high': 61536.58035691648, 'fire_exp': 1.423480109671474, 'P_half': 338.23872019362165, 'pre_dampen_half': 748.1106041623153, 'gpp_af': 0.1476584299248268, 'gpp_b': 1.284284091405877e-05, 'gpp_d': 229.41380323183625, 'ign_k': 0.07696703458159235, 'ign_c': 20.03995359361212, 'trop_agb_crit': 3.5747129226002423, 'trop_k_veg': 4.345076509212382}.
[I 2026-08-06 08:57:02,956] Trial 527 finished with values: [-0.6152718188147726, 0.5329929932222257] and parameters: {'k1': 0.01889771394135163, 'D_low': 34.459310919273356, 'k2': 0.012758211164590085, 'D_high': 2940.51756322311, 'fire_exp': 1.0629462657398439, 'P_half': 1.605843632310088, 'pre_dampen_half': 107.40052367919465, 'gpp_af': 0.1476584299248268, 'gpp_b': 1.284284091405877e-05, 'gpp_d': 84.31013932082456, 'ign_k': 8.708806168038567, 'ign_c': 0.70689749506246, 'trop_agb_crit': 10.905006748783771, 'trop_k_veg': 2.520089655463604}.
[I 2026-08-06 08:57:04,093] Trial 528 finished with values: [10.038924730834438, 10.038924730834438] and parameters: {'k1': 0.004312951023617458, 'D_low': 70.18267183720735, 'k2': 0.0009562822793888481, 'D_high': 2940.51756322311, 'fire_exp': 1.0629462657398439, 'P_half': 338.23872019362165, 'pre_dampen_half': 502.5175192217655, 'gpp_af': 0.18069041761817034, 'gpp_b': 3.481277316673104e-05, 'gpp_d': 229.41380323183625, 'ign_k': 0.3993031584056687, 'ign_c': 20.03995359361212, 'trop_agb_crit': 10.965064494899984, 'trop_k_veg': 6.45312300188076}.
[I 2026-08-06 08:57:05,216] Trial 529 finished with values: [10.043380640716052, 10.043380640716052] and parameters: {'k1': 3.23559867820537e-05, 'D_low': 6.28303969797272, 'k2': 0.03538758864779238, 'D_high': 3712.591045287726, 'fire_exp': 1.0629462657398439, 'P_half': 1.605843632310088, 'pre_dampen_half': 502.5175192217655, 'gpp_af': 0.6403036652671171, 'gpp_b': 1.3289448722869181e-05, 'gpp_d': 5.1715677287580455, 'ign_k': 0.0680787482656459, 'ign_c': 0.9580682294110432, 'trop_agb_crit': 2.9222815721218716, 'trop_k_veg': 4.030242248006271}.
[I 2026-08-06 08:57:06,354] Trial 530 finished with values: [10.101338065999025, 10.101338065999025] and parameters: {'k1': 0.004312951023617458, 'D_low': 3.525936800597896, 'k2': 0.0007047307383115598, 'D_high': 8182.111518618414, 'fire_exp': 1.0362310858538248, 'P_half': 525.911865925123, 'pre_dampen_half': 107.40052367919465, 'gpp_af': 0.0022961065892443786, 'gpp_b': 1.284284091405877e-05, 'gpp_d': 16.460426816350523, 'ign_k': 0.07696703458159235, 'ign_c': 0.557280750002996, 'trop_agb_crit': 25.382873076016292, 'trop_k_veg': 4.345076509212382}.
[I 2026-08-06 08:57:07,542] Trial 531 finished with values: [-0.5370947149060895, 0.9191915365547335] and parameters: {'k1': 0.004312951023617458, 'D_low': 2.143851363193517, 'k2': 0.032845299795769424, 'D_high': 61536.58035691648, 'fire_exp': 1.0362310858538248, 'P_half': 1.605843632310088, 'pre_dampen_half': 63.6685916079943, 'gpp_af': 0.7539992074650279, 'gpp_b': 0.0005752434266899163, 'gpp_d': 229.41380323183625, 'ign_k': 0.0680787482656459, 'ign_c': 0.70689749506246, 'trop_agb_crit': 25.382873076016292, 'trop_k_veg': 0.5443513380244235}.
[I 2026-08-06 08:57:08,681] Trial 532 finished with values: [10.270589109705853, 10.270589109705853] and parameters: {'k1': 0.005272264723319183, 'D_low': 2.143851363193517, 'k2': 0.004149969043497543, 'D_high': 5254.8834372681695, 'fire_exp': 1.8100179779646608, 'P_half': 221.2683656611821, 'pre_dampen_half': 552.4163637315892, 'gpp_af': 0.10409127568994281, 'gpp_b': 0.0005752434266899163, 'gpp_d': 84.31013932082456, 'ign_k': 0.07087479683081002, 'ign_c': 0.9580682294110432, 'trop_agb_crit': 10.965064494899984, 'trop_k_veg': 0.6743482387129308}.
[I 2026-08-06 08:57:09,831] Trial 533 finished with values: [10.178698138065739, 10.178698138065739] and parameters: {'k1': 0.01889771394135163, 'D_low': 70.18267183720735, 'k2': 0.0012040762895973265, 'D_high': 25628.666000163565, 'fire_exp': 1.0629462657398439, 'P_half': 1.605843632310088, 'pre_dampen_half': 502.5175192217655, 'gpp_af': 1.1409619915696267, 'gpp_b': 3.481277316673104e-05, 'gpp_d': 418.77522137884927, 'ign_k': 0.0680787482656459, 'ign_c': 0.9580682294110432, 'trop_agb_crit': 2.9222815721218716, 'trop_k_veg': 1.4584243470991722}.
[I 2026-08-06 08:57:11,006] Trial 534 finished with values: [10.756201898474796, 10.756201898474796] and parameters: {'k1': 0.00488137519160367, 'D_low': 70.18267183720735, 'k2': 0.012758211164590085, 'D_high': 2940.51756322311, 'fire_exp': 1.423480109671474, 'P_half': 338.23872019362165, 'pre_dampen_half': 552.4163637315892, 'gpp_af': 0.1476584299248268, 'gpp_b': 1.6204477512064799, 'gpp_d': 660.9129108295722, 'ign_k': 8.708806168038567, 'ign_c': 20.03995359361212, 'trop_agb_crit': 3.5747129226002423, 'trop_k_veg': 6.9782110227926815}.
[I 2026-08-06 08:57:12,154] Trial 535 finished with values: [-0.5776267466183016, 0.8029609100981026] and parameters: {'k1': 0.00810356796771759, 'D_low': 70.18267183720735, 'k2': 0.0007047307383115598, 'D_high': 63233.81951066786, 'fire_exp': 1.695318866910499, 'P_half': 4.213183643253957, 'pre_dampen_half': 107.40052367919465, 'gpp_af': 0.00515795696727661, 'gpp_b': 1.5385046399532158e-05, 'gpp_d': 229.41380323183625, 'ign_k': 5.351470428717437, 'ign_c': 0.9580682294110432, 'trop_agb_crit': 1.6878075072665546, 'trop_k_veg': 1.9938441068366917}.
[I 2026-08-06 08:57:13,329] Trial 536 finished with values: [10.646280913926836, 10.646280913926836] and parameters: {'k1': 0.00488137519160367, 'D_low': 3.525936800597896, 'k2': 0.0007047307383115598, 'D_high': 8182.111518618414, 'fire_exp': 1.423480109671474, 'P_half': 220.3445560633069, 'pre_dampen_half': 552.4163637315892, 'gpp_af': 0.1476584299248268, 'gpp_b': 0.2859164396628517, 'gpp_d': 16.460426816350523, 'ign_k': 0.07696703458159235, 'ign_c': 5.034696988263485, 'trop_agb_crit': 6.275146677376727, 'trop_k_veg': 4.345076509212382}.
[I 2026-08-06 08:57:14,446] Trial 537 finished with values: [-0.49808332750926515, 0.8816048282204844] and parameters: {'k1': 0.037704815040649445, 'D_low': 2.6786906100977124, 'k2': 1.915468390724633e-05, 'D_high': 63233.81951066786, 'fire_exp': 1.0629462657398439, 'P_half': 4.213183643253957, 'pre_dampen_half': 502.5175192217655, 'gpp_af': 1.1409619915696267, 'gpp_b': 1.284284091405877e-05, 'gpp_d': 229.41380323183625, 'ign_k': 0.0018256829646330853, 'ign_c': 0.557280750002996, 'trop_agb_crit': 10.905006748783771, 'trop_k_veg': 1.4584243470991722}.
[I 2026-08-06 08:57:15,800] Trial 538 finished with values: [10.053599691147909, 10.053599691147909] and parameters: {'k1': 0.01889771394135163, 'D_low': 70.18267183720735, 'k2': 0.0012040762895973265, 'D_high': 5254.8834372681695, 'fire_exp': 1.423480109671474, 'P_half': 221.2683656611821, 'pre_dampen_half': 107.40052367919465, 'gpp_af': 1.1409619915696267, 'gpp_b': 2.6738182964551835e-05, 'gpp_d': 418.77522137884927, 'ign_k': 8.708806168038567, 'ign_c': 8.40543912931368, 'trop_agb_crit': 10.965064494899984, 'trop_k_veg': 0.5772603928610088}.
[I 2026-08-06 08:57:16,971] Trial 539 finished with values: [10.227959236280235, 10.227959236280235] and parameters: {'k1': 0.004312951023617458, 'D_low': 12.105387404469584, 'k2': 0.012758211164590085, 'D_high': 1177.190025324204, 'fire_exp': 1.1430983876313219, 'P_half': 12.808863354047988, 'pre_dampen_half': 107.40052367919465, 'gpp_af': 0.053663001820106804, 'gpp_b': 0.001683575425554734, 'gpp_d': 84.31013932082456, 'ign_k': 8.708806168038567, 'ign_c': 20.03995359361212, 'trop_agb_crit': 7.500118950416987, 'trop_k_veg': 2.520089655463604}.
[I 2026-08-06 08:57:18,172] Trial 540 finished with values: [10.020132084114088, 10.020132084114088] and parameters: {'k1': 0.01889771394135163, 'D_low': 70.18267183720735, 'k2': 0.08924795116437424, 'D_high': 61536.58035691648, 'fire_exp': 1.0629462657398439, 'P_half': 12.808863354047988, 'pre_dampen_half': 107.40052367919465, 'gpp_af': 0.1476584299248268, 'gpp_b': 1.284284091405877e-05, 'gpp_d': 229.41380323183625, 'ign_k': 8.708806168038567, 'ign_c': 20.03995359361212, 'trop_agb_crit': 7.500118950416987, 'trop_k_veg': 2.520089655463604}.
[I 2026-08-06 08:57:19,359] Trial 541 finished with values: [10.033152383893205, 10.033152383893205] and parameters: {'k1': 0.04669327135003539, 'D_low': 2.143851363193517, 'k2': 8.923807143379776e-05, 'D_high': 14.468941663899356, 'fire_exp': 1.0362310858538248, 'P_half': 1.605843632310088, 'pre_dampen_half': 502.5175192217655, 'gpp_af': 0.7539992074650279, 'gpp_b': 1.284284091405877e-05, 'gpp_d': 150.14555442537656, 'ign_k': 0.0680787482656459, 'ign_c': 0.557280750002996, 'trop_agb_crit': 1.14876138417489, 'trop_k_veg': 0.6743482387129308}.
[I 2026-08-06 08:57:20,526] Trial 542 finished with values: [-0.5497848780288113, 0.7328832495181086] and parameters: {'k1': 0.03635503353478365, 'D_low': 34.459310919273356, 'k2': 1.915468390724633e-05, 'D_high': 2940.51756322311, 'fire_exp': 1.0629462657398439, 'P_half': 12.808863354047988, 'pre_dampen_half': 502.5175192217655, 'gpp_af': 0.7539992074650279, 'gpp_b': 0.0005752434266899163, 'gpp_d': 418.77522137884927, 'ign_k': 8.708806168038567, 'ign_c': 20.03995359361212, 'trop_agb_crit': 10.905006748783771, 'trop_k_veg': 6.9782110227926815}.
[I 2026-08-06 08:57:21,638] Trial 543 finished with values: [-0.4926651295642306, 0.8858079333337553] and parameters: {'k1': 0.002367935204022389, 'D_low': 2.143851363193517, 'k2': 0.0007047307383115598, 'D_high': 61536.58035691648, 'fire_exp': 1.0629462657398439, 'P_half': 221.2683656611821, 'pre_dampen_half': 502.5175192217655, 'gpp_af': 0.25562996323356024, 'gpp_b': 1.284284091405877e-05, 'gpp_d': 150.14555442537656, 'ign_k': 0.07696703458159235, 'ign_c': 4.439802552990464, 'trop_agb_crit': 1.14876138417489, 'trop_k_veg': 0.6673124511410327}.
[I 2026-08-06 08:57:22,756] Trial 544 finished with values: [-0.506893049227185, 0.9335851753513863] and parameters: {'k1': 0.029385019583898195, 'D_low': 2.6786906100977124, 'k2': 0.0005262881356087174, 'D_high': 63233.81951066786, 'fire_exp': 1.5868092618912009, 'P_half': 4.213183643253957, 'pre_dampen_half': 502.5175192217655, 'gpp_af': 1.1409619915696267, 'gpp_b': 3.481277316673104e-05, 'gpp_d': 229.41380323183625, 'ign_k': 0.09255037589041182, 'ign_c': 18.219343937475102, 'trop_agb_crit': 1.14876138417489, 'trop_k_veg': 1.0594599158279707}.
[I 2026-08-06 08:57:23,897] Trial 545 finished with values: [10.114079191116007, 10.114079191116007] and parameters: {'k1': 0.004312951023617458, 'D_low': 12.105387404469584, 'k2': 0.019894080167856886, 'D_high': 61536.58035691648, 'fire_exp': 1.1430983876313219, 'P_half': 338.23872019362165, 'pre_dampen_half': 552.4163637315892, 'gpp_af': 0.18069041761817034, 'gpp_b': 3.481277316673104e-05, 'gpp_d': 229.41380323183625, 'ign_k': 0.0018256829646330853, 'ign_c': 8.40543912931368, 'trop_agb_crit': 28.66951114938682, 'trop_k_veg': 0.6673124511410327}.
[I 2026-08-06 08:57:25,019] Trial 546 finished with values: [10.085556145529454, 10.085556145529454] and parameters: {'k1': 0.004312951023617458, 'D_low': 12.105387404469584, 'k2': 0.032845299795769424, 'D_high': 15351.441568398131, 'fire_exp': 1.423480109671474, 'P_half': 221.2683656611821, 'pre_dampen_half': 502.5175192217655, 'gpp_af': 0.1476584299248268, 'gpp_b': 0.0005752434266899163, 'gpp_d': 150.14555442537656, 'ign_k': 0.20639617012599235, 'ign_c': 0.557280750002996, 'trop_agb_crit': 1.14876138417489, 'trop_k_veg': 0.6673124511410327}.
[I 2026-08-06 08:57:26,127] Trial 547 finished with values: [-0.5259526188778543, 0.7875938244033032] and parameters: {'k1': 0.008471801418819975, 'D_low': 4.484744524732794, 'k2': 0.0007047307383115598, 'D_high': 61536.58035691648, 'fire_exp': 1.0629462657398439, 'P_half': 220.3445560633069, 'pre_dampen_half': 502.5175192217655, 'gpp_af': 0.7539992074650279, 'gpp_b': 0.0005752434266899163, 'gpp_d': 1.493264336549928, 'ign_k': 8.708806168038567, 'ign_c': 20.03995359361212, 'trop_agb_crit': 1.14876138417489, 'trop_k_veg': 1.4584243470991722}.
[I 2026-08-06 08:57:27,299] Trial 548 finished with values: [10.76542587081272, 10.76542587081272] and parameters: {'k1': 0.04669327135003539, 'D_low': 12.105387404469584, 'k2': 0.0007047307383115598, 'D_high': 568.1482545113266, 'fire_exp': 5.311995034756393, 'P_half': 221.2683656611821, 'pre_dampen_half': 502.5175192217655, 'gpp_af': 0.1476584299248268, 'gpp_b': 1.284284091405877e-05, 'gpp_d': 229.41380323183625, 'ign_k': 5.351470428717437, 'ign_c': 0.557280750002996, 'trop_agb_crit': 1.14876138417489, 'trop_k_veg': 0.6673124511410327}.
