[I 2026-08-06 02:50:21,190] Trial 692 finished with values: [-0.47177779647058093, 0.15499155407447918] and parameters: {'k1': 0.04897760278488444, 'D_low': 4.075267974954964, 'k2': 0.004940031671739378, 'D_high': 10316.033434719713, 'fire_exp': 1.151006986743773, 'P_half': 2.157758652553991, 'pre_dampen_half': 107.40052367919465, 'gpp_af': 0.47739011308437823, 'gpp_b': 0.011750724729953272, 'gpp_d': 2.8006820077310213, 'ign_k': 0.03141110271934876, 'ign_c': 0.11272174259951144}.
[I 2026-08-06 02:50:22,236] Trial 693 finished with values: [10.221841202623242, 10.221841202623242] and parameters: {'k1': 0.00324789183891923, 'D_low': 29.89885508829526, 'k2': 0.031211489608802344, 'D_high': 8182.111518618414, 'fire_exp': 1.151006986743773, 'P_half': 215.55950571043874, 'pre_dampen_half': 107.40052367919465, 'gpp_af': 20.12115544906385, 'gpp_b': 0.011750724729953272, 'gpp_d': 1.826381177000974, 'ign_k': 0.03033111747878116, 'ign_c': 10.140635645866492}.
[I 2026-08-06 02:50:23,320] Trial 694 finished with values: [10.55403448771896, 10.55403448771896] and parameters: {'k1': 0.04897760278488444, 'D_low': 7579.633113316125, 'k2': 0.031211489608802344, 'D_high': 10316.033434719713, 'fire_exp': 1.151006986743773, 'P_half': 12.808863354047988, 'pre_dampen_half': 107.40052367919465, 'gpp_af': 5.620854611217178, 'gpp_b': 0.00012797528816608022, 'gpp_d': 34.37107943937136, 'ign_k': 0.0023746677989874045, 'ign_c': 10.140635645866492}.
[I 2026-08-06 02:50:24,393] Trial 695 finished with values: [10.177716226568915, 10.177716226568915] and parameters: {'k1': 0.01889771394135163, 'D_low': 4.075267974954964, 'k2': 0.0007081721844034209, 'D_high': 6455.595882939566, 'fire_exp': 1.0881360604103363, 'P_half': 147.09699119495133, 'pre_dampen_half': 304.7488318185732, 'gpp_af': 5.620854611217178, 'gpp_b': 0.011750724729953272, 'gpp_d': 3.57879245350232, 'ign_k': 0.4902396944106615, 'ign_c': 6.160975294741436}.
[I 2026-08-06 02:50:25,493] Trial 696 finished with values: [-0.45413486799031927, 0.38475405726847156] and parameters: {'k1': 0.00324789183891923, 'D_low': 1112.9571947046009, 'k2': 0.0007081721844034209, 'D_high': 8182.111518618414, 'fire_exp': 1.0881360604103363, 'P_half': 215.55950571043874, 'pre_dampen_half': 107.40052367919465, 'gpp_af': 20.12115544906385, 'gpp_b': 0.00031478066835753096, 'gpp_d': 4.5768578731086835, 'ign_k': 0.11101191524846071, 'ign_c': 8.671454322584175}.
[I 2026-08-06 02:50:26,563] Trial 697 finished with values: [-0.4786751612307401, 0.0822857994834284] and parameters: {'k1': 0.01889771394135163, 'D_low': 2.458603276328005, 'k2': 0.0007081721844034209, 'D_high': 6455.595882939566, 'fire_exp': 1.0881360604103363, 'P_half': 147.09699119495133, 'pre_dampen_half': 76.86605275420082, 'gpp_af': 1.3725472882585024, 'gpp_b': 0.024796579879439486, 'gpp_d': 150.14555442537656, 'ign_k': 0.019192001101561888, 'ign_c': 6.160975294741436}.
[I 2026-08-06 02:50:27,673] Trial 698 finished with values: [10.911294639779586, 10.911294639779586] and parameters: {'k1': 0.01889771394135163, 'D_low': 2.458603276328005, 'k2': 0.0007081721844034209, 'D_high': 10316.033434719713, 'fire_exp': 1.0881360604103363, 'P_half': 12.808863354047988, 'pre_dampen_half': 107.40052367919465, 'gpp_af': 1.3725472882585024, 'gpp_b': 0.00012797528816608022, 'gpp_d': 34.37107943937136, 'ign_k': 0.03033111747878116, 'ign_c': 6.160975294741436}.
[I 2026-08-06 02:50:28,780] Trial 699 finished with values: [10.412896977699358, 10.412896977699358] and parameters: {'k1': 0.00324789183891923, 'D_low': 4.075267974954964, 'k2': 0.0022957398214549472, 'D_high': 8182.111518618414, 'fire_exp': 1.0881360604103363, 'P_half': 408.3047491580097, 'pre_dampen_half': 107.40052367919465, 'gpp_af': 5.620854611217178, 'gpp_b': 1.1008110571039521e-05, 'gpp_d': 368.30088529547436, 'ign_k': 0.3818468247973969, 'ign_c': 6.160975294741436}.
[I 2026-08-06 02:50:29,857] Trial 700 finished with values: [-0.4778596287804577, 0.1896755534977811] and parameters: {'k1': 0.0005956633466901681, 'D_low': 29.89885508829526, 'k2': 0.002935672965826306, 'D_high': 7744.80118512745, 'fire_exp': 1.0881360604103363, 'P_half': 215.55950571043874, 'pre_dampen_half': 107.40052367919465, 'gpp_af': 1.3725472882585024, 'gpp_b': 0.0024605285374226047, 'gpp_d': 4.5768578731086835, 'ign_k': 0.0486276976221284, 'ign_c': 10.140635645866492}.
[I 2026-08-06 02:50:30,953] Trial 701 finished with values: [10.765985872023133, 10.765985872023133] and parameters: {'k1': 0.00324789183891923, 'D_low': 2.1234210963705626, 'k2': 0.031211489608802344, 'D_high': 12775.77960461496, 'fire_exp': 1.0881360604103363, 'P_half': 2968.718490830258, 'pre_dampen_half': 0.07686859572675554, 'gpp_af': 11.234842109991876, 'gpp_b': 0.14313825333079222, 'gpp_d': 368.30088529547436, 'ign_k': 0.0035114452581286888, 'ign_c': 225.1444048387014}.
[I 2026-08-06 02:50:32,002] Trial 702 finished with values: [-0.4740922624019849, 0.1721528371371901] and parameters: {'k1': 0.04897760278488444, 'D_low': 29.89885508829526, 'k2': 3.5917714215176105e-05, 'D_high': 10316.033434719713, 'fire_exp': 1.0881360604103363, 'P_half': 147.09699119495133, 'pre_dampen_half': 107.40052367919465, 'gpp_af': 0.8942824595236101, 'gpp_b': 0.011750724729953272, 'gpp_d': 5.878566318396007, 'ign_k': 6.00422388619554, 'ign_c': 6.160975294741436}.
[I 2026-08-06 02:50:33,063] Trial 703 finished with values: [-0.4786285146930777, 0.09631337790136507] and parameters: {'k1': 0.00324789183891923, 'D_low': 2.1234210963705626, 'k2': 0.0007081721844034209, 'D_high': 8182.111518618414, 'fire_exp': 1.151006986743773, 'P_half': 12.808863354047988, 'pre_dampen_half': 107.40052367919465, 'gpp_af': 0.010590622233713298, 'gpp_b': 0.00031478066835753096, 'gpp_d': 368.30088529547436, 'ign_k': 0.014879588507790004, 'ign_c': 8.671454322584175}.
[I 2026-08-06 02:50:34,142] Trial 704 finished with values: [10.1617486783288, 10.1617486783288] and parameters: {'k1': 0.00324789183891923, 'D_low': 1112.9571947046009, 'k2': 0.031211489608802344, 'D_high': 8182.111518618414, 'fire_exp': 1.151006986743773, 'P_half': 1.4061463985176637, 'pre_dampen_half': 107.40052367919465, 'gpp_af': 0.010590622233713298, 'gpp_b': 0.00012797528816608022, 'gpp_d': 368.30088529547436, 'ign_k': 0.0227929621949939, 'ign_c': 8.671454322584175}.
[I 2026-08-06 02:50:35,221] Trial 705 finished with values: [10.110251656603342, 10.110251656603342] and parameters: {'k1': 0.04897760278488444, 'D_low': 540.7445028694731, 'k2': 0.031211489608802344, 'D_high': 9769.756791866093, 'fire_exp': 1.151006986743773, 'P_half': 12.808863354047988, 'pre_dampen_half': 88.81627111957808, 'gpp_af': 0.8942824595236101, 'gpp_b': 0.011750724729953272, 'gpp_d': 4.5768578731086835, 'ign_k': 0.014879588507790004, 'ign_c': 9.743142535650213}.
[I 2026-08-06 02:50:36,294] Trial 706 finished with values: [10.583212711394907, 10.583212711394907] and parameters: {'k1': 0.016973078532467004, 'D_low': 29.89885508829526, 'k2': 0.0029606628946299667, 'D_high': 8182.111518618414, 'fire_exp': 1.151006986743773, 'P_half': 2989.6471756156616, 'pre_dampen_half': 107.40052367919465, 'gpp_af': 5.620854611217178, 'gpp_b': 0.011750724729953272, 'gpp_d': 150.14555442537656, 'ign_k': 0.0035114452581286888, 'ign_c': 10.140635645866492}.
[I 2026-08-06 02:50:37,583] Trial 707 finished with values: [10.143335944195593, 10.143335944195593] and parameters: {'k1': 0.00324789183891923, 'D_low': 29.89885508829526, 'k2': 0.002935672965826306, 'D_high': 8182.111518618414, 'fire_exp': 1.0881360604103363, 'P_half': 215.55950571043874, 'pre_dampen_half': 805.2502904451399, 'gpp_af': 0.8942824595236101, 'gpp_b': 0.011750724729953272, 'gpp_d': 0.6380717024176037, 'ign_k': 0.0035114452581286888, 'ign_c': 9.34330265731847}.
[I 2026-08-06 02:50:38,614] Trial 708 finished with values: [10.499702565137614, 10.499702565137614] and parameters: {'k1': 0.04897760278488444, 'D_low': 29.89885508829526, 'k2': 0.031211489608802344, 'D_high': 10316.033434719713, 'fire_exp': 1.0881360604103363, 'P_half': 12.808863354047988, 'pre_dampen_half': 107.40052367919465, 'gpp_af': 0.010590622233713298, 'gpp_b': 0.011750724729953272, 'gpp_d': 7.129330255115469, 'ign_k': 0.0026834162496848666, 'ign_c': 6.160975294741436}.
[I 2026-08-06 02:50:39,675] Trial 709 finished with values: [-0.4775712966192286, 0.3523238858726334] and parameters: {'k1': 0.00324789183891923, 'D_low': 29.89885508829526, 'k2': 1.3229646467088637e-05, 'D_high': 8182.111518618414, 'fire_exp': 1.0881360604103363, 'P_half': 215.55950571043874, 'pre_dampen_half': 304.7488318185732, 'gpp_af': 5.620854611217178, 'gpp_b': 0.011750724729953272, 'gpp_d': 4.5768578731086835, 'ign_k': 5.294132201721568, 'ign_c': 0.1457050032975653}.
[I 2026-08-06 02:50:40,725] Trial 710 finished with values: [10.041146007726471, 10.041146007726471] and parameters: {'k1': 0.01889771394135163, 'D_low': 1112.9571947046009, 'k2': 0.031211489608802344, 'D_high': 8182.111518618414, 'fire_exp': 1.0881360604103363, 'P_half': 1.4061463985176637, 'pre_dampen_half': 107.40052367919465, 'gpp_af': 1.3725472882585024, 'gpp_b': 3.481277316673104e-05, 'gpp_d': 368.30088529547436, 'ign_k': 0.019192001101561888, 'ign_c': 57.29371773569626}.
[I 2026-08-06 02:50:41,769] Trial 711 finished with values: [10.518247798872215, 10.518247798872215] and parameters: {'k1': 0.0029707920514735983, 'D_low': 4.075267974954964, 'k2': 0.03210808548911189, 'D_high': 2969.087094484682, 'fire_exp': 1.0881360604103363, 'P_half': 12.808863354047988, 'pre_dampen_half': 304.7488318185732, 'gpp_af': 5.620854611217178, 'gpp_b': 0.011750724729953272, 'gpp_d': 857.4284557962634, 'ign_k': 0.6454459531371669, 'ign_c': 0.11433485956638717}.
[I 2026-08-06 02:50:42,814] Trial 712 finished with values: [10.232504113794521, 10.232504113794521] and parameters: {'k1': 0.04897760278488444, 'D_low': 2.458603276328005, 'k2': 0.0007081721844034209, 'D_high': 9769.756791866093, 'fire_exp': 1.151006986743773, 'P_half': 2.157758652553991, 'pre_dampen_half': 304.7488318185732, 'gpp_af': 2.4130533782812034, 'gpp_b': 0.011750724729953272, 'gpp_d': 2.8006820077310213, 'ign_k': 0.03141110271934876, 'ign_c': 0.11272174259951144}.
[I 2026-08-06 02:50:43,862] Trial 713 finished with values: [10.285056531297935, 10.285056531297935] and parameters: {'k1': 7.289548160413637e-05, 'D_low': 918.4900818511542, 'k2': 0.031211489608802344, 'D_high': 8182.111518618414, 'fire_exp': 1.1044852285094786, 'P_half': 13.019246714361572, 'pre_dampen_half': 347.79988160923324, 'gpp_af': 0.010590622233713298, 'gpp_b': 7.402343469704428e-05, 'gpp_d': 2.8006820077310213, 'ign_k': 0.4320578308497379, 'ign_c': 0.1457050032975653}.
[I 2026-08-06 02:50:44,920] Trial 714 finished with values: [-0.4691915356344191, 0.376895178312871] and parameters: {'k1': 0.0003762336385269675, 'D_low': 2.458603276328005, 'k2': 0.0007081721844034209, 'D_high': 10316.033434719713, 'fire_exp': 1.0881360604103363, 'P_half': 12.808863354047988, 'pre_dampen_half': 304.7488318185732, 'gpp_af': 35.20481045526041, 'gpp_b': 0.024796579879439486, 'gpp_d': 150.14555442537656, 'ign_k': 0.03033111747878116, 'ign_c': 34.19108473554449}.
[I 2026-08-06 02:50:45,966] Trial 715 finished with values: [10.629708719903581, 10.629708719903581] and parameters: {'k1': 0.0040265389838192705, 'D_low': 2.458603276328005, 'k2': 1.1184534120760473e-05, 'D_high': 10316.033434719713, 'fire_exp': 1.2781829800753024, 'P_half': 12.808863354047988, 'pre_dampen_half': 107.40052367919465, 'gpp_af': 11.234842109991876, 'gpp_b': 0.08852620105022933, 'gpp_d': 368.30088529547436, 'ign_k': 0.11101191524846071, 'ign_c': 34.19108473554449}.
[I 2026-08-06 02:50:47,078] Trial 716 finished with values: [10.769230736428828, 10.769230736428828] and parameters: {'k1': 0.04897760278488444, 'D_low': 29.89885508829526, 'k2': 0.08790311296857814, 'D_high': 10316.033434719713, 'fire_exp': 9.986509644667628, 'P_half': 235.37467825486968, 'pre_dampen_half': 304.7488318185732, 'gpp_af': 0.0017420483089176104, 'gpp_b': 0.011750724729953272, 'gpp_d': 4.5768578731086835, 'ign_k': 8.103949702339497, 'ign_c': 6.160975294741436}.
[I 2026-08-06 02:50:48,124] Trial 717 finished with values: [10.769133384609303, 10.769133384609303] and parameters: {'k1': 3.252245757497282e-05, 'D_low': 2.458603276328005, 'k2': 0.00042425976091860955, 'D_high': 9769.756791866093, 'fire_exp': 1.151006986743773, 'P_half': 2.157758652553991, 'pre_dampen_half': 304.7488318185732, 'gpp_af': 20.12115544906385, 'gpp_b': 0.00031478066835753096, 'gpp_d': 150.14555442537656, 'ign_k': 0.03141110271934876, 'ign_c': 304.0981662829698}.
[I 2026-08-06 02:50:49,181] Trial 718 finished with values: [-0.4800284713866277, 0.24248207385812348] and parameters: {'k1': 0.00324789183891923, 'D_low': 29.89885508829526, 'k2': 0.002935672965826306, 'D_high': 9769.756791866093, 'fire_exp': 1.0881360604103363, 'P_half': 215.55950571043874, 'pre_dampen_half': 805.2502904451399, 'gpp_af': 5.620854611217178, 'gpp_b': 0.011750724729953272, 'gpp_d': 4.5768578731086835, 'ign_k': 0.0035114452581286888, 'ign_c': 10.140635645866492}.
[I 2026-08-06 02:50:50,299] Trial 719 finished with values: [10.669641341767495, 10.669641341767495] and parameters: {'k1': 0.00324789183891923, 'D_low': 1347.5408399574635, 'k2': 0.0022957398214549472, 'D_high': 9769.756791866093, 'fire_exp': 1.0881360604103363, 'P_half': 12.808863354047988, 'pre_dampen_half': 6.84039695411256, 'gpp_af': 35.20481045526041, 'gpp_b': 0.00012797528816608022, 'gpp_d': 34.37107943937136, 'ign_k': 0.03033111747878116, 'ign_c': 89.90768948930027}.
[I 2026-08-06 02:50:51,351] Trial 720 finished with values: [10.003640316185328, 10.003640316185328] and parameters: {'k1': 3.252245757497282e-05, 'D_low': 4.075267974954964, 'k2': 0.004940031671739378, 'D_high': 9769.756791866093, 'fire_exp': 1.151006986743773, 'P_half': 2.157758652553991, 'pre_dampen_half': 246.93224594675561, 'gpp_af': 20.12115544906385, 'gpp_b': 0.00031478066835753096, 'gpp_d': 150.14555442537656, 'ign_k': 0.04135816738916687, 'ign_c': 14.367095138664217}.
[I 2026-08-06 02:50:52,407] Trial 721 finished with values: [10.72682581483173, 10.72682581483173] and parameters: {'k1': 0.0014057163351022498, 'D_low': 4.051452710153359, 'k2': 3.5917714215176105e-05, 'D_high': 203.29778470902625, 'fire_exp': 1.2680134752324452, 'P_half': 235.37467825486968, 'pre_dampen_half': 304.7488318185732, 'gpp_af': 13.560863064135962, 'gpp_b': 3.228689523591491e-05, 'gpp_d': 857.4284557962634, 'ign_k': 0.11101191524846071, 'ign_c': 46.813761934505536}.
[I 2026-08-06 02:50:53,455] Trial 722 finished with values: [10.02330091661468, 10.02330091661468] and parameters: {'k1': 0.00324789183891923, 'D_low': 4.075267974954964, 'k2': 0.031211489608802344, 'D_high': 48249.14281180252, 'fire_exp': 1.0881360604103363, 'P_half': 12.808863354047988, 'pre_dampen_half': 304.7488318185732, 'gpp_af': 20.12115544906385, 'gpp_b': 0.011750724729953272, 'gpp_d': 0.11136446029400991, 'ign_k': 0.03033111747878116, 'ign_c': 8.671454322584175}.
[I 2026-08-06 02:50:54,516] Trial 723 finished with values: [10.657553219374895, 10.657553219374895] and parameters: {'k1': 0.002971796631657383, 'D_low': 29.89885508829526, 'k2': 0.0007081721844034209, 'D_high': 9769.756791866093, 'fire_exp': 1.0881360604103363, 'P_half': 10.226988730324324, 'pre_dampen_half': 109.45351414473369, 'gpp_af': 5.620854611217178, 'gpp_b': 0.011750724729953272, 'gpp_d': 2.893272120738162, 'ign_k': 0.03033111747878116, 'ign_c': 111.98001958256879}.
[I 2026-08-06 02:50:55,579] Trial 724 finished with values: [10.384728438914347, 10.384728438914347] and parameters: {'k1': 0.00324789183891923, 'D_low': 29.89885508829526, 'k2': 0.031211489608802344, 'D_high': 9769.756791866093, 'fire_exp': 1.0881360604103363, 'P_half': 1553.2973289514223, 'pre_dampen_half': 107.40052367919465, 'gpp_af': 20.12115544906385, 'gpp_b': 1.1008110571039521e-05, 'gpp_d': 8.144272585223819, 'ign_k': 0.03033111747878116, 'ign_c': 7.916322947490362}.
[I 2026-08-06 02:50:56,691] Trial 725 finished with values: [10.560751642225833, 10.560751642225833] and parameters: {'k1': 0.0005525012427854533, 'D_low': 29.89885508829526, 'k2': 0.002935672965826306, 'D_high': 7744.80118512745, 'fire_exp': 1.0881360604103363, 'P_half': 1867.8279278246268, 'pre_dampen_half': 107.40052367919465, 'gpp_af': 5.620854611217178, 'gpp_b': 0.011750724729953272, 'gpp_d': 4.5768578731086835, 'ign_k': 0.0486276976221284, 'ign_c': 10.140635645866492}.
[I 2026-08-06 02:50:58,026] Trial 726 finished with values: [10.889590277065349, 10.889590277065349] and parameters: {'k1': 7.841214856323651e-05, 'D_low': 29.89885508829526, 'k2': 0.0007081721844034209, 'D_high': 8182.111518618414, 'fire_exp': 1.0881360604103363, 'P_half': 10.226988730324324, 'pre_dampen_half': 304.7488318185732, 'gpp_af': 11.234842109991876, 'gpp_b': 3.228689523591491e-05, 'gpp_d': 368.30088529547436, 'ign_k': 0.11101191524846071, 'ign_c': 0.1457050032975653}.
[I 2026-08-06 02:50:59,077] Trial 727 finished with values: [-0.46513737089807494, 0.2833697836540683] and parameters: {'k1': 3.252245757497282e-05, 'D_low': 2.458603276328005, 'k2': 0.08790311296857814, 'D_high': 8182.111518618414, 'fire_exp': 1.151006986743773, 'P_half': 2.157758652553991, 'pre_dampen_half': 76.86605275420082, 'gpp_af': 20.12115544906385, 'gpp_b': 0.011750724729953272, 'gpp_d': 150.14555442537656, 'ign_k': 0.019192001101561888, 'ign_c': 0.11433485956638717}.
[I 2026-08-06 02:51:00,123] Trial 728 finished with values: [10.128334436853981, 10.128334436853981] and parameters: {'k1': 7.841214856323651e-05, 'D_low': 1112.9571947046009, 'k2': 0.08790311296857814, 'D_high': 6455.595882939566, 'fire_exp': 1.3188914576304807, 'P_half': 24.136213194527585, 'pre_dampen_half': 107.40052367919465, 'gpp_af': 29.925002022877802, 'gpp_b': 0.00031478066835753096, 'gpp_d': 4.5768578731086835, 'ign_k': 0.11101191524846071, 'ign_c': 8.671454322584175}.
[I 2026-08-06 02:51:01,168] Trial 729 finished with values: [10.037278448829383, 10.037278448829383] and parameters: {'k1': 0.00324789183891923, 'D_low': 4.075267974954964, 'k2': 0.002935672965826306, 'D_high': 2969.087094484682, 'fire_exp': 1.0881360604103363, 'P_half': 12.808863354047988, 'pre_dampen_half': 805.2502904451399, 'gpp_af': 5.620854611217178, 'gpp_b': 0.011750724729953272, 'gpp_d': 5.277709597877513, 'ign_k': 0.6454459531371669, 'ign_c': 9.34330265731847}.
[I 2026-08-06 02:51:02,213] Trial 730 finished with values: [-0.460085337955954, 0.1322851867459207] and parameters: {'k1': 0.04897760278488444, 'D_low': 29.89885508829526, 'k2': 3.5917714215176105e-05, 'D_high': 10316.033434719713, 'fire_exp': 1.0881360604103363, 'P_half': 147.09699119495133, 'pre_dampen_half': 304.7488318185732, 'gpp_af': 0.8942824595236101, 'gpp_b': 0.011750724729953272, 'gpp_d': 5.878566318396007, 'ign_k': 0.0486276976221284, 'ign_c': 6.160975294741436}.
[I 2026-08-06 02:51:03,309] Trial 731 finished with values: [10.02888441767837, 10.02888441767837] and parameters: {'k1': 7.841214856323651e-05, 'D_low': 1112.9571947046009, 'k2': 0.002935672965826306, 'D_high': 9769.756791866093, 'fire_exp': 1.0133481068971741, 'P_half': 12.808863354047988, 'pre_dampen_half': 88.81627111957808, 'gpp_af': 5.620854611217178, 'gpp_b': 0.011750724729953272, 'gpp_d': 19.65797948502804, 'ign_k': 0.11101191524846071, 'ign_c': 6.160975294741436}.
[I 2026-08-06 02:51:04,372] Trial 732 finished with values: [10.213796630639449, 10.213796630639449] and parameters: {'k1': 0.04897760278488444, 'D_low': 2.458603276328005, 'k2': 0.08790311296857814, 'D_high': 10316.033434719713, 'fire_exp': 1.0881360604103363, 'P_half': 2.157758652553991, 'pre_dampen_half': 76.86605275420082, 'gpp_af': 0.04196905103888626, 'gpp_b': 0.011750724729953272, 'gpp_d': 29.749683811098393, 'ign_k': 0.0026834162496848666, 'ign_c': 9.34330265731847}.
[I 2026-08-06 02:51:05,433] Trial 733 finished with values: [-0.4827868153677869, 0.5302510577705584] and parameters: {'k1': 0.00324789183891923, 'D_low': 2.1234210963705626, 'k2': 0.0007081721844034209, 'D_high': 8182.111518618414, 'fire_exp': 1.151006986743773, 'P_half': 12.808863354047988, 'pre_dampen_half': 107.40052367919465, 'gpp_af': 20.12115544906385, 'gpp_b': 0.00031478066835753096, 'gpp_d': 0.679684982462508, 'ign_k': 0.03033111747878116, 'ign_c': 3.843180360935464}.
[I 2026-08-06 02:51:06,526] Trial 734 finished with values: [10.692835337918906, 10.692835337918906] and parameters: {'k1': 0.02714257255218683, 'D_low': 29.89885508829526, 'k2': 0.031211489608802344, 'D_high': 41.05873950290761, 'fire_exp': 1.0881360604103363, 'P_half': 147.09699119495133, 'pre_dampen_half': 107.40052367919465, 'gpp_af': 0.09172078901566363, 'gpp_b': 0.00031478066835753096, 'gpp_d': 19.65797948502804, 'ign_k': 0.08312953263874531, 'ign_c': 6.160975294741436}.
[I 2026-08-06 02:51:07,620] Trial 735 finished with values: [10.375351563176348, 10.375351563176348] and parameters: {'k1': 0.002971796631657383, 'D_low': 29.89885508829526, 'k2': 0.0001870742013766025, 'D_high': 7744.80118512745, 'fire_exp': 1.0881360604103363, 'P_half': 605.1580666890613, 'pre_dampen_half': 304.7488318185732, 'gpp_af': 5.620854611217178, 'gpp_b': 0.011750724729953272, 'gpp_d': 3.57879245350232, 'ign_k': 0.0026834162496848666, 'ign_c': 10.140635645866492}.
[I 2026-08-06 02:51:08,762] Trial 736 finished with values: [10.59791154004262, 10.59791154004262] and parameters: {'k1': 0.00324789183891923, 'D_low': 4.075267974954964, 'k2': 0.002935672965826306, 'D_high': 2969.087094484682, 'fire_exp': 2.446572564266435, 'P_half': 12.808863354047988, 'pre_dampen_half': 805.2502904451399, 'gpp_af': 5.620854611217178, 'gpp_b': 0.011750724729953272, 'gpp_d': 0.11136446029400991, 'ign_k': 0.6454459531371669, 'ign_c': 0.11433485956638717}.
