[I 2026-08-20 01:02:42,999] Trial 2057 finished with value: 0.41758700706184027 and parameters: {'k1': 0.017708732970529686, 'D_low': 5.812156201286602, 'k2': 0.00016950320431732155, 'D_high': 7815427.170741405, 'fire_exp': 3.802680410671149, 'P_half': 107.4601357431127, 'pre_dampen_half': 191.58522421426758, 'gpp_af': 0.04447018148795311, 'gpp_b': 0.00019992919354684847, 'gpp_d': 6.352340994458079, 'ign_k': 8.794003033976743, 'ign_c': 11.53604593733301, 'trop_agb_crit': 6.853351207843559, 'trop_k_veg': 5.527310877367151}. Best is trial 1285 with value: -0.6015874360929447.
[I 2026-08-20 01:02:44,386] Trial 2058 finished with value: 0.49724039226035954 and parameters: {'k1': 9.28610447020318e-05, 'D_low': 370.1582328280663, 'k2': 4.672509817102167e-05, 'D_high': 3600707.987580588, 'fire_exp': 5.286054777489645, 'P_half': 32.32582941608154, 'pre_dampen_half': 16.073101490598795, 'gpp_af': 0.20422804450061127, 'gpp_b': 0.00012899636191384677, 'gpp_d': 1.080831604393097, 'ign_k': 0.20447664464037668, 'ign_c': 9.239241212049327, 'trop_agb_crit': 20.703575964769257, 'trop_k_veg': 6.567755519982241}. Best is trial 1285 with value: -0.6015874360929447.
[I 2026-08-20 01:02:45,794] Trial 2059 finished with value: 0.6445374145881376 and parameters: {'k1': 0.06959276366598342, 'D_low': 146520.90647318528, 'k2': 6.241033266656071e-05, 'D_high': 208.32397216044512, 'fire_exp': 2.8630623676150373, 'P_half': 538.5443289845035, 'pre_dampen_half': 0.016054679048997874, 'gpp_af': 2.0602066905821528, 'gpp_b': 0.025773455216602202, 'gpp_d': 0.15742963659133594, 'ign_k': 0.26744451779496314, 'ign_c': 177.80911929546957, 'trop_agb_crit': 2.415996685573971, 'trop_k_veg': 1.6692187344587612}. Best is trial 1285 with value: -0.6015874360929447.
[I 2026-08-20 01:02:47,247] Trial 2060 finished with value: 0.5075475636783736 and parameters: {'k1': 5.2140016784666924e-05, 'D_low': 1482.966460945968, 'k2': 0.0005736556200534417, 'D_high': 3267927.741769602, 'fire_exp': 4.704788903936085, 'P_half': 2.1861024534238647, 'pre_dampen_half': 0.7577300441823411, 'gpp_af': 85.41717662386884, 'gpp_b': 0.00731002695818365, 'gpp_d': 372.1645067807, 'ign_k': 0.8527240928290205, 'ign_c': 12.333190920138875, 'trop_agb_crit': 12.08979985680693, 'trop_k_veg': 2.8529943944981118}. Best is trial 1285 with value: -0.6015874360929447.
[I 2026-08-20 01:02:48,640] Trial 2061 finished with value: -0.5570871224841509 and parameters: {'k1': 3.790334272158273e-05, 'D_low': 99.44552901837396, 'k2': 0.00017989874132450214, 'D_high': 4914564.101817224, 'fire_exp': 3.0937381208697086, 'P_half': 8.633173443581063, 'pre_dampen_half': 27.063083220099596, 'gpp_af': 20.551931764650508, 'gpp_b': 0.01071630132873023, 'gpp_d': 86.02229665247566, 'ign_k': 0.16792076790266888, 'ign_c': 2.1101093610381465, 'trop_agb_crit': 5.60477275510164, 'trop_k_veg': 5.309020337771419}. Best is trial 1285 with value: -0.6015874360929447.
[I 2026-08-20 01:02:50,226] Trial 2062 finished with value: 0.5385783476041263 and parameters: {'k1': 0.014008841375185058, 'D_low': 14.134617050552663, 'k2': 0.03996114950260667, 'D_high': 8279792.081113038, 'fire_exp': 1.070394950235808, 'P_half': 4.446538897477604, 'pre_dampen_half': 0.05330989733697048, 'gpp_af': 0.010779880936673585, 'gpp_b': 0.0032644797880542883, 'gpp_d': 133.28659183585268, 'ign_k': 0.11771015542277416, 'ign_c': 0.2869817440679121, 'trop_agb_crit': 13.123981650530837, 'trop_k_veg': 2.947483584064386}. Best is trial 1285 with value: -0.6015874360929447.
[I 2026-08-20 01:02:51,931] Trial 2063 finished with value: 0.5335612701693142 and parameters: {'k1': 2.0958933265665166e-05, 'D_low': 522.0815462720703, 'k2': 0.00024801408323380555, 'D_high': 7914526.754055486, 'fire_exp': 2.0195577484801106, 'P_half': 2.1021937598072027, 'pre_dampen_half': 7.634787081463286, 'gpp_af': 0.5062589436954829, 'gpp_b': 0.12403433942677665, 'gpp_d': 60.44992038337736, 'ign_k': 0.14379867133284932, 'ign_c': 4.2963314782819015, 'trop_agb_crit': 15.837553783456837, 'trop_k_veg': 2.51972515531131}. Best is trial 1285 with value: -0.6015874360929447.
[I 2026-08-20 01:02:53,790] Trial 2064 finished with value: 0.6445374145881376 and parameters: {'k1': 9.348344315082112e-05, 'D_low': 5.959154814811804, 'k2': 5.6851592990856324e-05, 'D_high': 185.25868301371224, 'fire_exp': 4.526590479732568, 'P_half': 15.458266365661743, 'pre_dampen_half': 1.1671786331059488, 'gpp_af': 0.018084336584261142, 'gpp_b': 3.9640964715221667, 'gpp_d': 0.09077616804701932, 'ign_k': 0.024914719385867347, 'ign_c': 2.9871356507707385, 'trop_agb_crit': 6.805080049097201, 'trop_k_veg': 0.7165259608783672}. Best is trial 1285 with value: -0.6015874360929447.
[I 2026-08-20 01:02:55,704] Trial 2065 finished with value: 0.6419535132113225 and parameters: {'k1': 0.009055396156493263, 'D_low': 361319.2019081062, 'k2': 0.0001978135259236099, 'D_high': 1826517.0579324656, 'fire_exp': 1.6585605885961463, 'P_half': 1045.1898160475869, 'pre_dampen_half': 0.20156722973350014, 'gpp_af': 1.036153347458621, 'gpp_b': 0.000126640482081021, 'gpp_d': 0.028443288297054357, 'ign_k': 0.617911468348682, 'ign_c': 0.12359280776861571, 'trop_agb_crit': 2.0324394518377344, 'trop_k_veg': 1.2946550903988172}. Best is trial 1285 with value: -0.6015874360929447.
[I 2026-08-20 01:02:57,132] Trial 2066 finished with value: 0.5729330090530035 and parameters: {'k1': 0.033044920136628624, 'D_low': 578.0829813200777, 'k2': 0.023953213012152634, 'D_high': 36633.2680862846, 'fire_exp': 1.6090679833498638, 'P_half': 3.152892143520869, 'pre_dampen_half': 0.2096990741307215, 'gpp_af': 54.32501799272376, 'gpp_b': 0.3206493643962724, 'gpp_d': 23.885765522134616, 'ign_k': 3.1929681725763284, 'ign_c': 0.38565879335052855, 'trop_agb_crit': 8.948869042323082, 'trop_k_veg': 2.237027710460195}. Best is trial 1285 with value: -0.6015874360929447.
[I 2026-08-20 01:02:58,555] Trial 2067 finished with value: 0.6445374145881376 and parameters: {'k1': 0.0053809947737554036, 'D_low': 23602.357742134645, 'k2': 0.010885434528764499, 'D_high': 2013.3488737016341, 'fire_exp': 1.2087994899776606, 'P_half': 1.850375104569234, 'pre_dampen_half': 13.221428154304498, 'gpp_af': 0.0036176529124828482, 'gpp_b': 0.0028852733889612697, 'gpp_d': 1.49366816127262, 'ign_k': 0.7737928263759644, 'ign_c': 0.21315715666483456, 'trop_agb_crit': 9.873425375897272, 'trop_k_veg': 7.597957098053571}. Best is trial 1285 with value: -0.6015874360929447.
[I 2026-08-20 01:02:59,948] Trial 2068 finished with value: 0.5617194309093765 and parameters: {'k1': 0.022763778146422078, 'D_low': 9.075965413873032, 'k2': 4.105207902526089e-05, 'D_high': 6690092.695919725, 'fire_exp': 2.150005907591533, 'P_half': 4.1451875313882045, 'pre_dampen_half': 4.106496602124106, 'gpp_af': 0.5865928506878484, 'gpp_b': 0.02684018864491424, 'gpp_d': 1.064527040532041, 'ign_k': 0.05112271095606166, 'ign_c': 18.564834347693246, 'trop_agb_crit': 4.852890221962753, 'trop_k_veg': 0.7313434613060262}. Best is trial 1285 with value: -0.6015874360929447.
[I 2026-08-20 01:03:01,372] Trial 2069 finished with value: 0.63403571835424 and parameters: {'k1': 0.08255098938047802, 'D_low': 130.67205433053147, 'k2': 9.152541639747592e-05, 'D_high': 334.3917398514678, 'fire_exp': 6.031551615906348, 'P_half': 962.3685621228063, 'pre_dampen_half': 0.050793260041231574, 'gpp_af': 1.0365619294768584, 'gpp_b': 1.26728996076715e-05, 'gpp_d': 110.38486931056968, 'ign_k': 0.04871979597756237, 'ign_c': 26.169037252952858, 'trop_agb_crit': 18.469673420546567, 'trop_k_veg': 2.0539651747749956}. Best is trial 1285 with value: -0.6015874360929447.
[I 2026-08-20 01:03:02,800] Trial 2070 finished with value: 0.6368802843888466 and parameters: {'k1': 1.730728451645509e-05, 'D_low': 284.0063329256908, 'k2': 0.0011447932189299075, 'D_high': 13.369437374572147, 'fire_exp': 2.611259712949624, 'P_half': 1.420374363945023, 'pre_dampen_half': 512.8474866764799, 'gpp_af': 4.004130601673649, 'gpp_b': 3.4939125101899026e-05, 'gpp_d': 0.6368952726971479, 'ign_k': 0.4129807710700713, 'ign_c': 0.338357163461852, 'trop_agb_crit': 8.836059751744331, 'trop_k_veg': 4.378311571985991}. Best is trial 1285 with value: -0.6015874360929447.
[I 2026-08-20 01:03:04,234] Trial 2071 finished with value: 0.6445374145881376 and parameters: {'k1': 0.002361066060308908, 'D_low': 11.139656885892146, 'k2': 0.000836664300108258, 'D_high': 30.418999836189546, 'fire_exp': 8.769614157616298, 'P_half': 2688.3188140141174, 'pre_dampen_half': 0.279393674067298, 'gpp_af': 0.32181881397422984, 'gpp_b': 0.0034986692925215697, 'gpp_d': 0.034844047286240756, 'ign_k': 0.001388477288445268, 'ign_c': 327.3429642508601, 'trop_agb_crit': 11.791751816498076, 'trop_k_veg': 1.1483424963889173}. Best is trial 1285 with value: -0.6015874360929447.
[I 2026-08-20 01:03:05,627] Trial 2072 finished with value: 0.5565030836827951 and parameters: {'k1': 0.017962203851331498, 'D_low': 2.6875419724077503, 'k2': 0.005555811317765183, 'D_high': 883923.4549414205, 'fire_exp': 1.6160897862423662, 'P_half': 1.2413549957273118, 'pre_dampen_half': 0.1321551072233038, 'gpp_af': 0.33375479989792656, 'gpp_b': 0.20908907779840122, 'gpp_d': 260.6406983268537, 'ign_k': 0.9909040968770483, 'ign_c': 7.298219689185632, 'trop_agb_crit': 9.454480226047918, 'trop_k_veg': 2.1840143299789063}. Best is trial 1285 with value: -0.6015874360929447.
[I 2026-08-20 01:03:07,149] Trial 2073 finished with value: 0.6257580905561234 and parameters: {'k1': 0.0027189419729193253, 'D_low': 103.4782617435507, 'k2': 0.004836023794111129, 'D_high': 500.9067975236902, 'fire_exp': 1.8280703559099145, 'P_half': 37.03399378695416, 'pre_dampen_half': 3.5514394144670125, 'gpp_af': 9.418790971005084, 'gpp_b': 2.3881882800452257, 'gpp_d': 24.229028791172137, 'ign_k': 0.0068111113734925935, 'ign_c': 20.448602642563966, 'trop_agb_crit': 1.0010457547859222, 'trop_k_veg': 4.140529444436576}. Best is trial 1285 with value: -0.6015874360929447.
[I 2026-08-20 01:03:08,716] Trial 2074 finished with value: 0.5084624874650966 and parameters: {'k1': 0.00045608534166668497, 'D_low': 289.7964655161844, 'k2': 9.354996215351446e-05, 'D_high': 28253.936773519312, 'fire_exp': 2.608786968477872, 'P_half': 41.283013282005896, 'pre_dampen_half': 33.110941888654, 'gpp_af': 0.10983747988393971, 'gpp_b': 0.004029024033395185, 'gpp_d': 549.7983193584327, 'ign_k': 0.18396161039332207, 'ign_c': 2.205951535733227, 'trop_agb_crit': 13.851355754664716, 'trop_k_veg': 4.935468356921405}. Best is trial 1285 with value: -0.6015874360929447.
[I 2026-08-20 01:03:10,172] Trial 2075 finished with value: 0.4869947802435577 and parameters: {'k1': 0.06273056788597305, 'D_low': 3.6899206354148775, 'k2': 0.03306297797199633, 'D_high': 8271813.799000259, 'fire_exp': 3.2547169930912467, 'P_half': 6.171128635975951, 'pre_dampen_half': 0.4578971044490244, 'gpp_af': 3.5477773961453365, 'gpp_b': 0.054475519300863535, 'gpp_d': 815.015622659415, 'ign_k': 0.48744072307226777, 'ign_c': 1.006429529804924, 'trop_agb_crit': 18.622078526619905, 'trop_k_veg': 1.8101867741312834}. Best is trial 1285 with value: -0.6015874360929447.
[I 2026-08-20 01:03:11,564] Trial 2076 finished with value: -0.5559548285522997 and parameters: {'k1': 0.024424969696341576, 'D_low': 38.65202657573014, 'k2': 0.023554645416528987, 'D_high': 291735.375121974, 'fire_exp': 1.524601596901923, 'P_half': 5.329047531253383, 'pre_dampen_half': 0.37501129477039213, 'gpp_af': 0.4974419990071634, 'gpp_b': 0.003594698224564754, 'gpp_d': 66.09137759101105, 'ign_k': 3.2131657160092115, 'ign_c': 0.10483682391613952, 'trop_agb_crit': 6.924860130452889, 'trop_k_veg': 3.540815936483211}. Best is trial 1285 with value: -0.6015874360929447.
[I 2026-08-20 01:03:12,976] Trial 2077 finished with value: 0.6445374145881376 and parameters: {'k1': 0.0004262240795181364, 'D_low': 18.69746715116142, 'k2': 0.0002044800862900115, 'D_high': 9487.353595779989, 'fire_exp': 1.9272627762798882, 'P_half': 182.8382094567011, 'pre_dampen_half': 24.23389688788348, 'gpp_af': 0.0013107085650463446, 'gpp_b': 5.2044329719084194e-05, 'gpp_d': 0.010005644419494255, 'ign_k': 0.08963784056945041, 'ign_c': 145.20425117528765, 'trop_agb_crit': 1.5200361203577533, 'trop_k_veg': 1.0223915618516228}. Best is trial 1285 with value: -0.6015874360929447.
[I 2026-08-20 01:03:14,866] Trial 2078 finished with value: 0.6445374145881376 and parameters: {'k1': 0.004691732820437774, 'D_low': 215.86441561920245, 'k2': 1.6526271412767004e-05, 'D_high': 747537.8029052472, 'fire_exp': 3.1279854842717065, 'P_half': 18.54001757775414, 'pre_dampen_half': 4.54643220244787, 'gpp_af': 22.039892827758422, 'gpp_b': 0.00019535900913984045, 'gpp_d': 551.5037056036441, 'ign_k': 1.5723267875936362, 'ign_c': 187.87813474050694, 'trop_agb_crit': 20.79630048962023, 'trop_k_veg': 1.2186865890206255}. Best is trial 1285 with value: -0.6015874360929447.
[I 2026-08-20 01:03:16,418] Trial 2079 finished with value: 0.6444712456378091 and parameters: {'k1': 0.0033190604513448517, 'D_low': 213.96898484523004, 'k2': 0.012475330428535039, 'D_high': 7102.056624412793, 'fire_exp': 8.032267279817619, 'P_half': 9198.739002422826, 'pre_dampen_half': 0.20142174227663118, 'gpp_af': 22.55762269264589, 'gpp_b': 0.014707189935317961, 'gpp_d': 57.81319658697307, 'ign_k': 2.4751639416055116, 'ign_c': 17.453093557975567, 'trop_agb_crit': 23.539570839030016, 'trop_k_veg': 0.7908346433031395}. Best is trial 1285 with value: -0.6015874360929447.
[I 2026-08-20 01:03:17,937] Trial 2080 finished with value: 0.5796880137105405 and parameters: {'k1': 0.005278588054472285, 'D_low': 13.72636156989723, 'k2': 3.0256322067934957e-05, 'D_high': 674495.3287319783, 'fire_exp': 5.353789506696695, 'P_half': 17.075824674024144, 'pre_dampen_half': 6.729929763680856, 'gpp_af': 0.0020746070497476986, 'gpp_b': 0.0009375534873089072, 'gpp_d': 987.2360799371072, 'ign_k': 9.070070238260243, 'ign_c': 4.807888079646701, 'trop_agb_crit': 1.9748869447136663, 'trop_k_veg': 1.2546836981691853}. Best is trial 1285 with value: -0.6015874360929447.
[I 2026-08-20 01:03:19,459] Trial 2081 finished with value: 0.5370745866261546 and parameters: {'k1': 0.0008137152928453786, 'D_low': 36.403927338857635, 'k2': 0.00024563252234685584, 'D_high': 465684.5957540315, 'fire_exp': 5.549947793710522, 'P_half': 133.12436166551976, 'pre_dampen_half': 34.42603454169338, 'gpp_af': 2.293268343178375, 'gpp_b': 0.00206981201043189, 'gpp_d': 4.946159511580261, 'ign_k': 7.160304790685106, 'ign_c': 6.75585287058717, 'trop_agb_crit': 4.035163783439477, 'trop_k_veg': 1.716467770808613}. Best is trial 1285 with value: -0.6015874360929447.
[I 2026-08-20 01:03:20,948] Trial 2082 finished with value: 0.6445374145881376 and parameters: {'k1': 0.0005713449081632832, 'D_low': 3.566544275656643, 'k2': 4.8633214616738315e-05, 'D_high': 1451261.9442245967, 'fire_exp': 5.5630365180632815, 'P_half': 1.9679737424356598, 'pre_dampen_half': 1.03761433877969, 'gpp_af': 0.35345601452909, 'gpp_b': 3.056714479219866e-05, 'gpp_d': 35.757707084227405, 'ign_k': 7.744236828023174, 'ign_c': 148.62043236786008, 'trop_agb_crit': 2.2696348587863806, 'trop_k_veg': 2.727396442868234}. Best is trial 1285 with value: -0.6015874360929447.
[I 2026-08-20 01:03:22,362] Trial 2083 finished with value: 0.46276438034241607 and parameters: {'k1': 0.013131488436560212, 'D_low': 2.0253074158777937, 'k2': 0.0009804693916297897, 'D_high': 1229727.4384987284, 'fire_exp': 3.1942140721059817, 'P_half': 1.0387136341666916, 'pre_dampen_half': 1.666358717323608, 'gpp_af': 1.2235245484057997, 'gpp_b': 0.03820173216302529, 'gpp_d': 605.1667901078508, 'ign_k': 3.4839541001327006, 'ign_c': 7.582647309704501, 'trop_agb_crit': 2.1373472884349014, 'trop_k_veg': 1.4876376930825748}. Best is trial 1285 with value: -0.6015874360929447.
[I 2026-08-20 01:03:23,793] Trial 2084 finished with value: 0.5448954826766503 and parameters: {'k1': 0.011567493283712803, 'D_low': 441.84957879302607, 'k2': 0.001187846514317242, 'D_high': 5747109.877514705, 'fire_exp': 6.206195908780163, 'P_half': 265.20931301718883, 'pre_dampen_half': 405.9828811892154, 'gpp_af': 0.6223911724127899, 'gpp_b': 1.2985626916828e-05, 'gpp_d': 3.6043599706426086, 'ign_k': 3.1537076695679622, 'ign_c': 7.597610722207857, 'trop_agb_crit': 24.815256970768687, 'trop_k_veg': 5.011514047635541}. Best is trial 1285 with value: -0.6015874360929447.
[I 2026-08-20 01:03:25,370] Trial 2085 finished with value: 0.6445374145881376 and parameters: {'k1': 0.00558145316598915, 'D_low': 71.61937803121324, 'k2': 2.7632647538632522e-05, 'D_high': 6680239.979618755, 'fire_exp': 5.123188217496032, 'P_half': 115.92477348716493, 'pre_dampen_half': 266.32596720742276, 'gpp_af': 0.76464278650126, 'gpp_b': 2.311877865751566e-05, 'gpp_d': 10.146893672011162, 'ign_k': 0.8375319974873517, 'ign_c': 207.66463367062397, 'trop_agb_crit': 6.4623166876281575, 'trop_k_veg': 1.7063524095075484}. Best is trial 1285 with value: -0.6015874360929447.
[I 2026-08-20 01:03:26,948] Trial 2086 finished with value: 0.6114133778108827 and parameters: {'k1': 2.559737800710845e-05, 'D_low': 1.776383447456251, 'k2': 0.010605459917925514, 'D_high': 1090511.7439140053, 'fire_exp': 2.8458061271547073, 'P_half': 9682.429012817825, 'pre_dampen_half': 48.15603871199741, 'gpp_af': 0.06759766235148809, 'gpp_b': 0.002226788032069381, 'gpp_d': 0.01932704702055365, 'ign_k': 0.15695903424949922, 'ign_c': 4.954912287195258, 'trop_agb_crit': 3.219583994640561, 'trop_k_veg': 3.410593246972309}. Best is trial 1285 with value: -0.6015874360929447.
[I 2026-08-20 01:03:28,556] Trial 2087 finished with value: 0.6445374145881376 and parameters: {'k1': 0.001089092084982776, 'D_low': 90090.76315607115, 'k2': 0.0035235774369208007, 'D_high': 585.3982009295332, 'fire_exp': 5.555454544756552, 'P_half': 7.623758806523904, 'pre_dampen_half': 0.12988802284944917, 'gpp_af': 35.54617684596555, 'gpp_b': 0.016090432531581468, 'gpp_d': 604.1480721397298, 'ign_k': 5.097854453604575, 'ign_c': 0.36371250228211144, 'trop_agb_crit': 28.922937118402324, 'trop_k_veg': 1.344434855318404}. Best is trial 1285 with value: -0.6015874360929447.
[I 2026-08-20 01:03:30,109] Trial 2088 finished with value: -0.5555140373110745 and parameters: {'k1': 0.00013219642290771046, 'D_low': 7.639908114885943, 'k2': 0.0009948545526475496, 'D_high': 4976503.939456082, 'fire_exp': 2.6331469425495704, 'P_half': 1.533691734631366, 'pre_dampen_half': 111.68452124202044, 'gpp_af': 0.6754909547000653, 'gpp_b': 0.10987722994281303, 'gpp_d': 55.69185409231927, 'ign_k': 8.715786205810584, 'ign_c': 2.2240727064118864, 'trop_agb_crit': 3.829876887285825, 'trop_k_veg': 2.424800541234916}. Best is trial 1285 with value: -0.6015874360929447.
[I 2026-08-20 01:03:31,712] Trial 2089 finished with value: 0.5984266052887574 and parameters: {'k1': 0.0002559308806824876, 'D_low': 14.376903264642754, 'k2': 0.0006634131759731098, 'D_high': 371891.2741392315, 'fire_exp': 3.596663390768441, 'P_half': 1.2204449950756218, 'pre_dampen_half': 9.610347409582852, 'gpp_af': 3.526493026280667, 'gpp_b': 0.0001658821503954211, 'gpp_d': 300.66803252100294, 'ign_k': 1.3578768469452347, 'ign_c': 29.29989614822197, 'trop_agb_crit': 2.950454881706644, 'trop_k_veg': 2.2081770723986596}. Best is trial 1285 with value: -0.6015874360929447.
[I 2026-08-20 01:03:33,243] Trial 2090 finished with value: 0.6445374145881376 and parameters: {'k1': 0.00039595953851651776, 'D_low': 6.4095402273671676, 'k2': 0.0006545476104192915, 'D_high': 727.8356493933215, 'fire_exp': 4.034989336450633, 'P_half': 1.6545473889558073, 'pre_dampen_half': 3.24855445724783, 'gpp_af': 0.0049661678117503515, 'gpp_b': 0.005823143411941376, 'gpp_d': 866.3039773215207, 'ign_k': 0.17404949243734116, 'ign_c': 586.3637036720297, 'trop_agb_crit': 3.4633061191406926, 'trop_k_veg': 4.559059860718877}. Best is trial 1285 with value: -0.6015874360929447.
[I 2026-08-20 01:03:34,815] Trial 2091 finished with value: 0.5141407986667146 and parameters: {'k1': 0.038653569930145945, 'D_low': 217.81959194738857, 'k2': 0.0043920242922428935, 'D_high': 705349.17481238, 'fire_exp': 1.7325036973202295, 'P_half': 4.256442652126856, 'pre_dampen_half': 0.22251597595910402, 'gpp_af': 1.6597123090474952, 'gpp_b': 0.1890885310116698, 'gpp_d': 100.09502646343724, 'ign_k': 0.17957400562681772, 'ign_c': 2.36433378191713, 'trop_agb_crit': 18.364146896375825, 'trop_k_veg': 2.07087357437008}. Best is trial 1285 with value: -0.6015874360929447.
[I 2026-08-20 01:03:36,916] Trial 2092 finished with value: 0.6445374145881376 and parameters: {'k1': 0.0008160776301591571, 'D_low': 3966.125380236533, 'k2': 0.0008169596962146035, 'D_high': 12.571005582661497, 'fire_exp': 4.7921208686218915, 'P_half': 2.6255824945221686, 'pre_dampen_half': 0.4188136898823048, 'gpp_af': 0.00369171286888311, 'gpp_b': 0.0021084811658696415, 'gpp_d': 0.06886340952542729, 'ign_k': 0.0041372792180399695, 'ign_c': 38.675593503879895, 'trop_agb_crit': 1.431752263859897, 'trop_k_veg': 1.0453934957717075}. Best is trial 1285 with value: -0.6015874360929447.
[I 2026-08-20 01:03:38,534] Trial 2093 finished with value: -0.5655137596651472 and parameters: {'k1': 0.0085373198821918, 'D_low': 857.9037897260346, 'k2': 0.00048323409797573714, 'D_high': 632028.2503462001, 'fire_exp': 2.2789125045776313, 'P_half': 170.93327962834465, 'pre_dampen_half': 672.6773019896522, 'gpp_af': 0.05313269480389195, 'gpp_b': 0.00041125776600854793, 'gpp_d': 1.1822855085905712, 'ign_k': 8.155704758148975, 'ign_c': 21.561271000370173, 'trop_agb_crit': 9.837247626287544, 'trop_k_veg': 4.517097640701234}. Best is trial 1285 with value: -0.6015874360929447.
