[I 2026-07-25 00:38:04,391] Trial 1125 finished with value: 0.5825477251976164 and parameters: {'k1': 0.0061603522670687656, 'D_low': 75.88513482739168, 'k2': 0.0003108555055133105, 'D_high': 74455.41104712369, 'fire_exp': 1.1795922238581564, 'P_half': 707.4580350261076, 'pre_dampen_half': 0.5172539118638293, 'gpp_af': 0.004165715195730874, 'gpp_b': 0.00039478347131351524, 'gpp_d': 38.9385461599582, 'ign_k': 0.8720425442319494, 'ign_c': 267.73674356309766, 'trop_agb_crit': 18.14751573460497, 'trop_k_veg': 1.1227854099861472, 'gdp_gamma': 0.5588221904597381, 'cure_k': 0.02628213576470336, 'cure_p_min': 166.32401042056125, 'cure_gpp_ref': 1.1377634419369629, 'cure_agb_crit': 5.791083230894095, 'fuel_k': 5.817131502115779, 'fuel_half': 15.829295734688417}. Best is trial 1122 with value: -0.6306327113836951.
[I 2026-07-25 00:38:04,847] Trial 1126 finished with value: 0.5415957345313782 and parameters: {'k1': 0.014129178845711122, 'D_low': 21.52255164263839, 'k2': 1.714883057215804e-05, 'D_high': 2457178.1239405167, 'fire_exp': 1.171851712536623, 'P_half': 102.87023380270243, 'pre_dampen_half': 4.233507443123237, 'gpp_af': 0.27109090553232507, 'gpp_b': 0.053221449860790915, 'gpp_d': 1.2907252487602974, 'ign_k': 1.4478112524220696, 'ign_c': 3.46047256489633, 'trop_agb_crit': 3.3465215730669566, 'trop_k_veg': 6.663564638744464, 'gdp_gamma': 1.0159661999072054, 'cure_k': 0.018365723547747483, 'cure_p_min': 349.8231023280365, 'cure_gpp_ref': 0.38095994344934797, 'cure_agb_crit': 5.6393155161244755, 'fuel_k': 0.02848941959055301, 'fuel_half': 2.772537844516479}. Best is trial 1122 with value: -0.6306327113836951.
[I 2026-07-25 00:38:05,307] Trial 1127 finished with value: 0.513862008648825 and parameters: {'k1': 0.06923115838822347, 'D_low': 59.581697538479304, 'k2': 0.0010848817699042315, 'D_high': 104710.40463528686, 'fire_exp': 1.6656126248307788, 'P_half': 24.524150684253726, 'pre_dampen_half': 2.046378081351809, 'gpp_af': 0.004716480682012414, 'gpp_b': 0.004473728759295916, 'gpp_d': 31.453767041023692, 'ign_k': 0.6164393979425015, 'ign_c': 9.611088711948794, 'trop_agb_crit': 24.369617435971865, 'trop_k_veg': 1.5798421258167479, 'gdp_gamma': 1.0289555112653728, 'cure_k': 0.009731948517736287, 'cure_p_min': 200.58615446404502, 'cure_gpp_ref': 0.9352145969219104, 'cure_agb_crit': 2.574642245449357, 'fuel_k': 2.183943018866178, 'fuel_half': 1.858615075020105}. Best is trial 1122 with value: -0.6306327113836951.
[I 2026-07-25 00:38:05,766] Trial 1128 finished with value: 0.46099299095837054 and parameters: {'k1': 0.015425946702466888, 'D_low': 59.67354559126335, 'k2': 0.001028803704858164, 'D_high': 546544.3258737666, 'fire_exp': 1.752185114176496, 'P_half': 326.78279230206243, 'pre_dampen_half': 0.35533111154966557, 'gpp_af': 0.022165688235595046, 'gpp_b': 0.0009493239441725472, 'gpp_d': 993.6433608550403, 'ign_k': 0.014273393399734522, 'ign_c': 11.502065122387659, 'trop_agb_crit': 18.22866718738082, 'trop_k_veg': 0.6128275845502943, 'gdp_gamma': 0.8337255537818006, 'cure_k': 0.004288622446959995, 'cure_p_min': 142.73361767367822, 'cure_gpp_ref': 0.3993993166240938, 'cure_agb_crit': 6.1622117427565914, 'fuel_k': 2.8582164973172137, 'fuel_half': 12.01390323167914}. Best is trial 1122 with value: -0.6306327113836951.
[I 2026-07-25 00:38:06,229] Trial 1129 finished with value: 0.38009907556328515 and parameters: {'k1': 8.644424999228237e-05, 'D_low': 5180.396040220821, 'k2': 0.00021211125645474618, 'D_high': 1058907.555660282, 'fire_exp': 1.5476479518954016, 'P_half': 171.98758112081114, 'pre_dampen_half': 0.9052827415961213, 'gpp_af': 0.04558374630457749, 'gpp_b': 0.023063254888510538, 'gpp_d': 3.1259506800876045, 'ign_k': 0.24656569056909303, 'ign_c': 20.074660825056355, 'trop_agb_crit': 14.923536981126693, 'trop_k_veg': 1.7774022550370971, 'gdp_gamma': 1.867773011866393, 'cure_k': 0.016556092560441143, 'cure_p_min': 396.3433987525485, 'cure_gpp_ref': 0.744785810430558, 'cure_agb_crit': 4.241209233475319, 'fuel_k': 1.1835958694671977, 'fuel_half': 0.6127755966457072}. Best is trial 1122 with value: -0.6306327113836951.
[I 2026-07-25 00:38:06,688] Trial 1130 finished with value: 0.5862492953992617 and parameters: {'k1': 0.0049136656066691795, 'D_low': 6.4760304611865465, 'k2': 0.06206131401259017, 'D_high': 6415060.192755005, 'fire_exp': 1.2081362502843536, 'P_half': 3234.2245165228233, 'pre_dampen_half': 65.42700662536117, 'gpp_af': 0.1599302831751769, 'gpp_b': 3.7426131677920355e-05, 'gpp_d': 1.5992250460699529, 'ign_k': 0.01258312871954351, 'ign_c': 168.9981431245324, 'trop_agb_crit': 12.486879160009195, 'trop_k_veg': 1.0667228114174816, 'gdp_gamma': 0.3414960729414569, 'cure_k': 0.0010655583351233836, 'cure_p_min': 273.5411913087041, 'cure_gpp_ref': 0.7209465138561385, 'cure_agb_crit': 7.0165309889696665, 'fuel_k': 0.011533896756630475, 'fuel_half': 54.58519199379204}. Best is trial 1122 with value: -0.6306327113836951.
[I 2026-07-25 00:38:07,147] Trial 1131 finished with value: 0.6047125823697395 and parameters: {'k1': 0.0001717239998355114, 'D_low': 104.66035384741683, 'k2': 6.94148714889615e-05, 'D_high': 47530.07241335039, 'fire_exp': 1.11632371528813, 'P_half': 12.584190094053845, 'pre_dampen_half': 1.287217248294643, 'gpp_af': 0.1828167177343256, 'gpp_b': 0.772513310416967, 'gpp_d': 23.5809067219946, 'ign_k': 0.27568495077089555, 'ign_c': 212.03683512428384, 'trop_agb_crit': 27.507085471966157, 'trop_k_veg': 2.153274902117914, 'gdp_gamma': 0.08122486553105089, 'cure_k': 0.003886643057969895, 'cure_p_min': 239.66574690133217, 'cure_gpp_ref': 1.791964186024288, 'cure_agb_crit': 3.974668473246502, 'fuel_k': 0.06558532698202776, 'fuel_half': 1.5877693910802897}. Best is trial 1122 with value: -0.6306327113836951.
[I 2026-07-25 00:38:07,604] Trial 1132 finished with value: -0.6317570269256394 and parameters: {'k1': 0.04273818172399105, 'D_low': 4.320885007869933, 'k2': 0.0023924093874476762, 'D_high': 4549852.919364442, 'fire_exp': 2.196583774567065, 'P_half': 89.49035597421144, 'pre_dampen_half': 12.939805163952583, 'gpp_af': 0.004724502097133033, 'gpp_b': 0.00013460389517841776, 'gpp_d': 43.62720325323989, 'ign_k': 0.07023709452887816, 'ign_c': 30.46589091117382, 'trop_agb_crit': 14.613013116303044, 'trop_k_veg': 1.3684158919670415, 'gdp_gamma': 1.144086191174736, 'cure_k': 0.04549262521563547, 'cure_p_min': 211.59562766158433, 'cure_gpp_ref': 0.770570016104128, 'cure_agb_crit': 3.4525824531816687, 'fuel_k': 2.316271439838252, 'fuel_half': 17.238335504751962}. Best is trial 1132 with value: -0.6317570269256394.
[I 2026-07-25 00:38:08,065] Trial 1133 finished with value: 0.5785935812827311 and parameters: {'k1': 0.02417287815726544, 'D_low': 7.551119446467539, 'k2': 0.011295900316817382, 'D_high': 848103.4026499282, 'fire_exp': 1.8077270421066587, 'P_half': 291.6993631599952, 'pre_dampen_half': 109.35407905572696, 'gpp_af': 0.01593937394651496, 'gpp_b': 6.268881292470718e-05, 'gpp_d': 1.5913238860727545, 'ign_k': 0.03745882583072404, 'ign_c': 73.70372013781841, 'trop_agb_crit': 18.949361856274344, 'trop_k_veg': 0.6755541700662758, 'gdp_gamma': 1.847289973439909, 'cure_k': 0.342343605806178, 'cure_p_min': 170.89901930963936, 'cure_gpp_ref': 1.215889126820029, 'cure_agb_crit': 3.9089773073309124, 'fuel_k': 1.861910213302838, 'fuel_half': 56.19706434992268}. Best is trial 1132 with value: -0.6317570269256394.
[I 2026-07-25 00:38:08,523] Trial 1134 finished with value: 0.577699950353785 and parameters: {'k1': 0.0043628587022382, 'D_low': 4.348089008692061, 'k2': 0.0023185793938568246, 'D_high': 303053.1700962919, 'fire_exp': 4.211197144866269, 'P_half': 134.80582028116692, 'pre_dampen_half': 10.435586078899366, 'gpp_af': 0.0013810476016969683, 'gpp_b': 0.00032905654125572355, 'gpp_d': 173.601715599758, 'ign_k': 0.09186985286005293, 'ign_c': 29.285689633113204, 'trop_agb_crit': 22.364722380565897, 'trop_k_veg': 1.0988378285669531, 'gdp_gamma': 0.9956325135781218, 'cure_k': 0.00856718297387443, 'cure_p_min': 151.19561186367088, 'cure_gpp_ref': 0.37814241984721614, 'cure_agb_crit': 7.889317405180815, 'fuel_k': 0.7771305622866321, 'fuel_half': 9.216943483754651}. Best is trial 1132 with value: -0.6317570269256394.
[I 2026-07-25 00:38:08,983] Trial 1135 finished with value: 0.45211777570585643 and parameters: {'k1': 0.0037951577701771785, 'D_low': 1.6339695569168977, 'k2': 0.00018885922205080693, 'D_high': 3326872.803735014, 'fire_exp': 1.1688554799192437, 'P_half': 212.2479109451192, 'pre_dampen_half': 0.14703448837743152, 'gpp_af': 0.018311927660412685, 'gpp_b': 0.002605273110650538, 'gpp_d': 125.63816636008438, 'ign_k': 0.0042786066301568415, 'ign_c': 108.70180718398738, 'trop_agb_crit': 14.07483723627402, 'trop_k_veg': 0.6523645341432329, 'gdp_gamma': 1.5789499317069307, 'cure_k': 0.0011405516383832018, 'cure_p_min': 94.8163845641819, 'cure_gpp_ref': 0.6875686898970065, 'cure_agb_crit': 4.918507496427503, 'fuel_k': 0.01804500138487254, 'fuel_half': 23.676973279947823}. Best is trial 1132 with value: -0.6317570269256394.
[I 2026-07-25 00:38:09,443] Trial 1136 finished with value: 0.5757493763475832 and parameters: {'k1': 0.008364858184562538, 'D_low': 11.228193992803277, 'k2': 0.04095745618451242, 'D_high': 6448834.285320483, 'fire_exp': 1.343014924457345, 'P_half': 55.89739240731179, 'pre_dampen_half': 3.094387724361333, 'gpp_af': 0.03165467524824738, 'gpp_b': 3.048772736052796e-05, 'gpp_d': 71.32439724884428, 'ign_k': 0.018378037661202246, 'ign_c': 179.17877196539186, 'trop_agb_crit': 5.341227880801672, 'trop_k_veg': 1.842692656170366, 'gdp_gamma': 0.3666193068226244, 'cure_k': 0.0046102280718364275, 'cure_p_min': 184.98784266153083, 'cure_gpp_ref': 0.48495525089842506, 'cure_agb_crit': 5.104836902099389, 'fuel_k': 1.2022573995174701, 'fuel_half': 69.6777298242779}. Best is trial 1132 with value: -0.6317570269256394.
[I 2026-07-25 00:38:09,901] Trial 1137 finished with value: 0.40552591017452766 and parameters: {'k1': 0.07759032549240871, 'D_low': 1.1406417070112362, 'k2': 0.0006767517926568335, 'D_high': 642125.0355666705, 'fire_exp': 1.4810307433311445, 'P_half': 84.79376684528481, 'pre_dampen_half': 4.936368476442341, 'gpp_af': 0.0027261772810914385, 'gpp_b': 0.00012863514981231944, 'gpp_d': 28.408570036469484, 'ign_k': 0.05997850888786198, 'ign_c': 13.345653969618088, 'trop_agb_crit': 6.4964995403617625, 'trop_k_veg': 1.1532880650731647, 'gdp_gamma': 0.08097528169014917, 'cure_k': 0.324869011156859, 'cure_p_min': 149.4744817913028, 'cure_gpp_ref': 0.4276070397404516, 'cure_agb_crit': 4.767588010892311, 'fuel_k': 0.536234517177306, 'fuel_half': 38.96365048699086}. Best is trial 1132 with value: -0.6317570269256394.
[I 2026-07-25 00:38:10,358] Trial 1138 finished with value: 0.45987215077097066 and parameters: {'k1': 5.063629921064319e-05, 'D_low': 3531.547491452929, 'k2': 0.001037955967377209, 'D_high': 3721955.5413371925, 'fire_exp': 1.9231311003173575, 'P_half': 50.33601396092318, 'pre_dampen_half': 0.27441635066137043, 'gpp_af': 0.6488927453992749, 'gpp_b': 0.32389578734693153, 'gpp_d': 373.7599186809125, 'ign_k': 0.35214791317849387, 'ign_c': 3.603817875092965, 'trop_agb_crit': 16.83144928269288, 'trop_k_veg': 3.6315627378132675, 'gdp_gamma': 1.3505868484224204, 'cure_k': 0.008286225539141287, 'cure_p_min': 369.7722838854805, 'cure_gpp_ref': 1.8846041703919105, 'cure_agb_crit': 3.0966119739106706, 'fuel_k': 0.08703148615155058, 'fuel_half': 1.0299816249318614}. Best is trial 1132 with value: -0.6317570269256394.
[I 2026-07-25 00:38:10,818] Trial 1139 finished with value: 0.5928304220811889 and parameters: {'k1': 0.0658402143685377, 'D_low': 55.098622681110974, 'k2': 0.005516767809123349, 'D_high': 4581947.399032121, 'fire_exp': 2.4405875602464895, 'P_half': 137.87225316484245, 'pre_dampen_half': 502.2294182236572, 'gpp_af': 0.0014074105323295969, 'gpp_b': 6.02838410538254e-05, 'gpp_d': 228.97136125553965, 'ign_k': 1.3052979461947336, 'ign_c': 302.5793143487797, 'trop_agb_crit': 29.76848425252087, 'trop_k_veg': 4.954385655060928, 'gdp_gamma': 0.5429694361801896, 'cure_k': 0.018695948698781203, 'cure_p_min': 142.35743875659423, 'cure_gpp_ref': 1.017346888034081, 'cure_agb_crit': 3.138769851326044, 'fuel_k': 2.57280309198035, 'fuel_half': 5.416505502398907}. Best is trial 1132 with value: -0.6317570269256394.
[I 2026-07-25 00:38:11,302] Trial 1140 finished with value: 0.4464671982924854 and parameters: {'k1': 0.008433042268464662, 'D_low': 2.6312411304648458, 'k2': 0.000908479265007619, 'D_high': 8614898.73370939, 'fire_exp': 1.90708057252369, 'P_half': 2048.628090082237, 'pre_dampen_half': 13.061397351312268, 'gpp_af': 0.0021934702813919773, 'gpp_b': 0.0004265276894813565, 'gpp_d': 3.517110581814605, 'ign_k': 0.04343433099405784, 'ign_c': 15.544530447078033, 'trop_agb_crit': 18.27070665713763, 'trop_k_veg': 2.1027945684339264, 'gdp_gamma': 1.71809817365791, 'cure_k': 0.028068326192655736, 'cure_p_min': 222.46380318143227, 'cure_gpp_ref': 1.598041622172194, 'cure_agb_crit': 4.2698737016953325, 'fuel_k': 1.84164599598825, 'fuel_half': 13.173148773353978}. Best is trial 1132 with value: -0.6317570269256394.
[I 2026-07-25 00:38:11,802] Trial 1141 finished with value: -0.5454436309734298 and parameters: {'k1': 0.03993418976268828, 'D_low': 75.29531982553164, 'k2': 0.02174014964643523, 'D_high': 58454.36875182224, 'fire_exp': 1.8277454393033585, 'P_half': 59.83676512037429, 'pre_dampen_half': 229.57432487764189, 'gpp_af': 0.806900702891853, 'gpp_b': 0.00015074323957853564, 'gpp_d': 3.2115273974374623, 'ign_k': 0.009066164578796814, 'ign_c': 76.90193512306614, 'trop_agb_crit': 15.369064602181997, 'trop_k_veg': 1.3866077300159432, 'gdp_gamma': 0.6050398651185606, 'cure_k': 0.0014556707513186102, 'cure_p_min': 170.94761986440233, 'cure_gpp_ref': 1.1307060846497026, 'cure_agb_crit': 2.6936318116993045, 'fuel_k': 0.13837325343860643, 'fuel_half': 83.62433117249206}. Best is trial 1132 with value: -0.6317570269256394.
[I 2026-07-25 00:38:12,263] Trial 1142 finished with value: 0.5795373606982709 and parameters: {'k1': 0.03209311826675405, 'D_low': 4.817783575707137, 'k2': 0.00014492558405193592, 'D_high': 3096364.518542207, 'fire_exp': 2.7221236968779516, 'P_half': 5.167567535049378, 'pre_dampen_half': 103.20299748832859, 'gpp_af': 0.03408231560228654, 'gpp_b': 0.0014116295597735174, 'gpp_d': 134.7450861099, 'ign_k': 0.022573602950137144, 'ign_c': 72.31482388674576, 'trop_agb_crit': 9.315729989129045, 'trop_k_veg': 2.55961427088982, 'gdp_gamma': 0.12751837257372842, 'cure_k': 0.004279746905779385, 'cure_p_min': 127.19607170158268, 'cure_gpp_ref': 1.4976780969351842, 'cure_agb_crit': 4.294484639320993, 'fuel_k': 5.477247396961228, 'fuel_half': 43.52594050385539}. Best is trial 1132 with value: -0.6317570269256394.
[I 2026-07-25 00:38:12,725] Trial 1143 finished with value: 0.5328206773797841 and parameters: {'k1': 0.003428000100121407, 'D_low': 42.78429998284276, 'k2': 0.0031784599042407836, 'D_high': 8407978.993608762, 'fire_exp': 1.769467841700142, 'P_half': 14.699079967456903, 'pre_dampen_half': 66.0039990521394, 'gpp_af': 0.353136154382076, 'gpp_b': 0.009208278002736126, 'gpp_d': 968.1871464615643, 'ign_k': 0.01920533212037316, 'ign_c': 22.00623339976621, 'trop_agb_crit': 11.477201909656763, 'trop_k_veg': 1.9476688558018793, 'gdp_gamma': 1.5512869114245025, 'cure_k': 0.0037841699413255865, 'cure_p_min': 163.08752445031442, 'cure_gpp_ref': 0.5935358909479851, 'cure_agb_crit': 5.220584543470953, 'fuel_k': 2.1967633671977183, 'fuel_half': 26.141161807162327}. Best is trial 1132 with value: -0.6317570269256394.
[I 2026-07-25 00:38:13,188] Trial 1144 finished with value: 0.5985945751383888 and parameters: {'k1': 0.043542725699394706, 'D_low': 14.330370873122167, 'k2': 0.00045695835838117205, 'D_high': 5482060.808046145, 'fire_exp': 2.395881910463634, 'P_half': 18.424145311589257, 'pre_dampen_half': 78.06656600056063, 'gpp_af': 0.008402007529517702, 'gpp_b': 0.00035273531939258813, 'gpp_d': 16.709825473324937, 'ign_k': 0.050885288615643946, 'ign_c': 5.563368432572701, 'trop_agb_crit': 17.25858750843238, 'trop_k_veg': 2.078743990488568, 'gdp_gamma': 1.656688293995528, 'cure_k': 0.010498426154231848, 'cure_p_min': 148.47291605050376, 'cure_gpp_ref': 0.6041993800185634, 'cure_agb_crit': 2.948605297577977, 'fuel_k': 1.1677853281722095, 'fuel_half': 10.815100156034754}. Best is trial 1132 with value: -0.6317570269256394.
[I 2026-07-25 00:38:13,654] Trial 1145 finished with value: 0.5877081148774924 and parameters: {'k1': 0.035791330763084966, 'D_low': 1.1734752996407551, 'k2': 0.011869590338157559, 'D_high': 31722.82805379327, 'fire_exp': 2.4609946301629817, 'P_half': 187.01882569954088, 'pre_dampen_half': 1.5098590034026014, 'gpp_af': 0.009423589861857177, 'gpp_b': 2.320978466904342e-05, 'gpp_d': 130.49432410123623, 'ign_k': 0.024806693166727057, 'ign_c': 104.74724216245367, 'trop_agb_crit': 14.591260499369998, 'trop_k_veg': 1.3106436641112893, 'gdp_gamma': 1.2662885828281332, 'cure_k': 0.0011196781223526957, 'cure_p_min': 216.49447401489192, 'cure_gpp_ref': 0.9977129332250504, 'cure_agb_crit': 5.932384124284397, 'fuel_k': 1.2180031758999117, 'fuel_half': 18.548290764447056}. Best is trial 1132 with value: -0.6317570269256394.
[I 2026-07-25 00:38:14,117] Trial 1146 finished with value: 0.5996345795117604 and parameters: {'k1': 0.09920442989490162, 'D_low': 1.2078333479481609, 'k2': 0.010887545193680735, 'D_high': 2106421.366772794, 'fire_exp': 2.627992841596099, 'P_half': 5.204885156749632, 'pre_dampen_half': 4.93698646923321, 'gpp_af': 0.004956331851307844, 'gpp_b': 0.00022547599051221244, 'gpp_d': 12.45668465135022, 'ign_k': 2.632459153242795, 'ign_c': 39.51123361910254, 'trop_agb_crit': 15.652306916301166, 'trop_k_veg': 0.8937728556052366, 'gdp_gamma': 0.7819675527014407, 'cure_k': 0.007326030541197507, 'cure_p_min': 313.09205201933986, 'cure_gpp_ref': 1.912062038183274, 'cure_agb_crit': 4.722514706328439, 'fuel_k': 0.6906551830892275, 'fuel_half': 26.766883176461658}. Best is trial 1132 with value: -0.6317570269256394.
[I 2026-07-25 00:38:14,583] Trial 1147 finished with value: 0.4889183539050046 and parameters: {'k1': 0.014070715061722422, 'D_low': 71.33490492597957, 'k2': 0.0003517374923305537, 'D_high': 1509374.4299855332, 'fire_exp': 2.1115029510872665, 'P_half': 178.2203165340732, 'pre_dampen_half': 0.19304782625577188, 'gpp_af': 0.0011060945817383007, 'gpp_b': 0.00013467167866430422, 'gpp_d': 280.12155415018293, 'ign_k': 0.04057652962107956, 'ign_c': 14.548611890572694, 'trop_agb_crit': 6.1540857074379876, 'trop_k_veg': 2.191658407799153, 'gdp_gamma': 1.5967335203051751, 'cure_k': 0.0032402070837797337, 'cure_p_min': 160.89510468462282, 'cure_gpp_ref': 0.8101982557127869, 'cure_agb_crit': 3.799884350082125, 'fuel_k': 1.9037705043951472, 'fuel_half': 19.991966074421917}. Best is trial 1132 with value: -0.6317570269256394.
[I 2026-07-25 00:38:15,044] Trial 1148 finished with value: 0.5718623704660591 and parameters: {'k1': 0.03536663669412382, 'D_low': 5.414264315099245, 'k2': 1.8018159597030977e-05, 'D_high': 6957124.102623307, 'fire_exp': 1.6154965618607384, 'P_half': 272.3535566240232, 'pre_dampen_half': 3.82724652231523, 'gpp_af': 0.8372536689579629, 'gpp_b': 0.0003191992424605589, 'gpp_d': 109.13953843793942, 'ign_k': 0.03355621035076787, 'ign_c': 97.0021474660114, 'trop_agb_crit': 25.820118474370034, 'trop_k_veg': 4.226260909566787, 'gdp_gamma': 1.406151363978575, 'cure_k': 0.0011642273492455037, 'cure_p_min': 163.99582912678244, 'cure_gpp_ref': 0.4340911552434723, 'cure_agb_crit': 5.6135246547531, 'fuel_k': 0.9148059699057788, 'fuel_half': 25.77845845285549}. Best is trial 1132 with value: -0.6317570269256394.
[I 2026-07-25 00:38:15,503] Trial 1149 finished with value: 0.4071631846186985 and parameters: {'k1': 0.019434171762012, 'D_low': 646.8065845563909, 'k2': 0.0003815813662230269, 'D_high': 2498913.57732937, 'fire_exp': 1.684967090098916, 'P_half': 177.80564321282566, 'pre_dampen_half': 0.7272450385848976, 'gpp_af': 0.07086258376898634, 'gpp_b': 0.005201247456431971, 'gpp_d': 726.3681200901852, 'ign_k': 0.0026719003802651055, 'ign_c': 20.760730034738515, 'trop_agb_crit': 25.665195553386578, 'trop_k_veg': 1.9283917528642043, 'gdp_gamma': 1.7774564635761205, 'cure_k': 0.001810954915636976, 'cure_p_min': 318.43666741759336, 'cure_gpp_ref': 0.5630273792495462, 'cure_agb_crit': 4.3441485405081135, 'fuel_k': 2.398194296350306, 'fuel_half': 25.75962461985207}. Best is trial 1132 with value: -0.6317570269256394.
[I 2026-07-25 00:38:15,961] Trial 1150 finished with value: 0.6663524339161986 and parameters: {'k1': 0.005899194354499442, 'D_low': 1.9490383782025453, 'k2': 0.011045353690794027, 'D_high': 4107663.513341343, 'fire_exp': 2.727192306596761, 'P_half': 24.977528540902203, 'pre_dampen_half': 10.716924330895527, 'gpp_af': 0.012963573908639553, 'gpp_b': 5.7061152735167424e-05, 'gpp_d': 499.210003553648, 'ign_k': 0.1944300409632796, 'ign_c': 0.9797562913849812, 'trop_agb_crit': 10.169468483274024, 'trop_k_veg': 1.8930840246955574, 'gdp_gamma': 1.4377501944094466, 'cure_k': 0.06597005010511386, 'cure_p_min': 145.05873354739532, 'cure_gpp_ref': 1.7366129465528501, 'cure_agb_crit': 6.330209551918091, 'fuel_k': 3.152535783730037, 'fuel_half': 5.493005571337623}. Best is trial 1132 with value: -0.6317570269256394.
