[I 2026-08-20 00:37:55,946] Trial 864 finished with value: 0.5532794945077495 and parameters: {'k1': 0.00040517726088778517, 'D_low': 2.3590423772381013, 'k2': 0.0015301698073969222, 'D_high': 371198.99043518596, 'fire_exp': 1.2382871281513355, 'P_half': 128.45253519156333, 'pre_dampen_half': 0.02702198011346398, 'gpp_af': 0.1522812467798154, 'gpp_b': 0.0018081225670519964, 'gpp_d': 0.12203444241066103, 'ign_k': 1.0359767153224617, 'ign_c': 18.625466893150925, 'trop_agb_crit': 1.0982487527913907, 'trop_k_veg': 2.837478927634577, 'pop_amp': 0.11243632822580354, 'pop_peak': 0.07033724236089232, 'pop_sig': 0.7374214224389053}. Best is trial 274 with value: -0.604910391627968.
[I 2026-08-20 00:37:57,722] Trial 865 finished with value: 0.5491426517252791 and parameters: {'k1': 0.07471617249835281, 'D_low': 811.7998353395244, 'k2': 0.08372248692888364, 'D_high': 379881.75767057843, 'fire_exp': 3.4585950396248615, 'P_half': 589.0277054756641, 'pre_dampen_half': 401.2517238615825, 'gpp_af': 1.124054086538331, 'gpp_b': 0.0001431817918892868, 'gpp_d': 3.204757725928906, 'ign_k': 0.525612362199149, 'ign_c': 0.3248650195914709, 'trop_agb_crit': 10.878750620708873, 'trop_k_veg': 5.782020474216042, 'pop_amp': 0.6768707799359405, 'pop_peak': 2.6940460038396226, 'pop_sig': 0.3856039307564962}. Best is trial 274 with value: -0.604910391627968.
[I 2026-08-20 00:37:59,537] Trial 866 finished with value: 0.438675388849438 and parameters: {'k1': 0.0017396658250597018, 'D_low': 49.86683078574436, 'k2': 0.06550445346428706, 'D_high': 596662.4715875625, 'fire_exp': 1.1961755552765572, 'P_half': 3.0199040533662176, 'pre_dampen_half': 0.017803301207815817, 'gpp_af': 0.010002982575993111, 'gpp_b': 0.00043135176582809426, 'gpp_d': 209.68738023922026, 'ign_k': 0.004207127679825626, 'ign_c': 0.265993486362756, 'trop_agb_crit': 2.4752269503809528, 'trop_k_veg': 2.770726339923982, 'pop_amp': 6.288662278979984, 'pop_peak': 279.07714412283946, 'pop_sig': 2.249911891511823}. Best is trial 274 with value: -0.604910391627968.
[I 2026-08-20 00:38:01,328] Trial 867 finished with value: 0.5725369463259413 and parameters: {'k1': 9.310507205137478e-05, 'D_low': 3435.4931000419947, 'k2': 0.0007820420536963649, 'D_high': 369169.3325135676, 'fire_exp': 1.3173974003148834, 'P_half': 37.074804257785644, 'pre_dampen_half': 1.8736697943490612, 'gpp_af': 0.09031722119608766, 'gpp_b': 0.122596958114392, 'gpp_d': 0.1663466121005855, 'ign_k': 5.188968047623475, 'ign_c': 0.7197485285139134, 'trop_agb_crit': 3.3490660592118693, 'trop_k_veg': 5.714499364482981, 'pop_amp': 0.07322660533430289, 'pop_peak': 0.057237781868328085, 'pop_sig': 0.4173749054899547}. Best is trial 274 with value: -0.604910391627968.
[I 2026-08-20 00:38:03,127] Trial 868 finished with value: 0.5325610217736252 and parameters: {'k1': 0.0005412102845607811, 'D_low': 1435.0703402660013, 'k2': 0.01587584900348512, 'D_high': 4660988.127177654, 'fire_exp': 1.9024807849886627, 'P_half': 645.7216629432629, 'pre_dampen_half': 1.1948624446957166, 'gpp_af': 0.02722533945662997, 'gpp_b': 4.73470330616929e-05, 'gpp_d': 0.18131234140350921, 'ign_k': 2.0135590243126433, 'ign_c': 2.1410960151591376, 'trop_agb_crit': 2.554798494792709, 'trop_k_veg': 2.8035224726602253, 'pop_amp': 0.3679402885568363, 'pop_peak': 0.5468269269681177, 'pop_sig': 0.3799399418431682}. Best is trial 274 with value: -0.604910391627968.
[I 2026-08-20 00:38:04,936] Trial 869 finished with value: 0.5903615629382392 and parameters: {'k1': 0.004338732721123415, 'D_low': 59.61262583306054, 'k2': 0.08239984477970874, 'D_high': 4896481.104176946, 'fire_exp': 1.0186777075655153, 'P_half': 9.628948115945505, 'pre_dampen_half': 0.061731013218787906, 'gpp_af': 0.25565799297944786, 'gpp_b': 2.732434268665962e-05, 'gpp_d': 21.82505611077499, 'ign_k': 0.0013209846643390205, 'ign_c': 0.4824643133048832, 'trop_agb_crit': 4.879648546274798, 'trop_k_veg': 0.9923718607988982, 'pop_amp': 16.529040964073832, 'pop_peak': 136.43294775132458, 'pop_sig': 2.36466029826844}. Best is trial 274 with value: -0.604910391627968.
[I 2026-08-20 00:38:06,736] Trial 870 finished with value: -0.5137785110457613 and parameters: {'k1': 0.001873000489218589, 'D_low': 14006.360548562783, 'k2': 0.08198748527857476, 'D_high': 42599.98771927809, 'fire_exp': 2.0444303015863765, 'P_half': 1.0905123336283034, 'pre_dampen_half': 4.554882459771615, 'gpp_af': 0.012855180533333416, 'gpp_b': 1.78479035668245e-05, 'gpp_d': 0.09307207161689926, 'ign_k': 0.3997791877308939, 'ign_c': 1.5026113424617538, 'trop_agb_crit': 4.108823759736447, 'trop_k_veg': 3.1359681481638892, 'pop_amp': 8.821508152065844, 'pop_peak': 0.05319310435531766, 'pop_sig': 0.8165685004467941}. Best is trial 274 with value: -0.604910391627968.
[I 2026-08-20 00:38:08,528] Trial 871 finished with value: -0.5765026519923957 and parameters: {'k1': 0.00015954824356348814, 'D_low': 8618.48200579594, 'k2': 0.00907572554487697, 'D_high': 3696466.503929234, 'fire_exp': 2.8664188481016164, 'P_half': 30.46932076491544, 'pre_dampen_half': 16.634435765290124, 'gpp_af': 0.01417196130384184, 'gpp_b': 0.0004695830411664362, 'gpp_d': 62.295902910385855, 'ign_k': 2.372381093627233, 'ign_c': 2.346883378864569, 'trop_agb_crit': 4.690937590064572, 'trop_k_veg': 3.4316903624834065, 'pop_amp': 1.2676689163374513, 'pop_peak': 1.1750286244508423, 'pop_sig': 0.7512435705387293}. Best is trial 274 with value: -0.604910391627968.
[I 2026-08-20 00:38:10,328] Trial 872 finished with value: 0.5386673574357074 and parameters: {'k1': 0.000396708614347128, 'D_low': 3621.002518724706, 'k2': 0.013222283188297358, 'D_high': 1177243.751296998, 'fire_exp': 5.121079729480543, 'P_half': 146.39877708099266, 'pre_dampen_half': 789.6671204680551, 'gpp_af': 0.021323504909009666, 'gpp_b': 0.022834315338011404, 'gpp_d': 55.49500987828121, 'ign_k': 2.4358290478413185, 'ign_c': 0.9258339659636579, 'trop_agb_crit': 5.993883413975423, 'trop_k_veg': 6.010448378467672, 'pop_amp': 9.609154754961237, 'pop_peak': 0.3538153555175263, 'pop_sig': 1.0234072497873614}. Best is trial 274 with value: -0.604910391627968.
[I 2026-08-20 00:38:12,267] Trial 873 finished with value: 0.4836706391435752 and parameters: {'k1': 0.0013547338356683794, 'D_low': 246.34835976834833, 'k2': 0.013260134492065824, 'D_high': 218120.0707499154, 'fire_exp': 1.1631556386801338, 'P_half': 170.68940663410623, 'pre_dampen_half': 0.47695006585856253, 'gpp_af': 0.006444616632419342, 'gpp_b': 0.004163954169476345, 'gpp_d': 0.12440116914438462, 'ign_k': 0.6494638797516177, 'ign_c': 6.829300547318322, 'trop_agb_crit': 3.966250122741314, 'trop_k_veg': 3.5580287054236193, 'pop_amp': 4.175515713823747, 'pop_peak': 0.3984327509841389, 'pop_sig': 0.5552216961191009}. Best is trial 274 with value: -0.604910391627968.
[I 2026-08-20 00:38:14,041] Trial 874 finished with value: 0.4702018375788677 and parameters: {'k1': 0.0007425539157509226, 'D_low': 163.73294822788654, 'k2': 0.004300571509966496, 'D_high': 8267471.939523291, 'fire_exp': 2.7412618865967824, 'P_half': 193.02058286727134, 'pre_dampen_half': 0.01590324684873236, 'gpp_af': 0.03603905603797941, 'gpp_b': 0.0003955934138791503, 'gpp_d': 3.8270931433005417, 'ign_k': 9.642248336937048, 'ign_c': 3.133287393575546, 'trop_agb_crit': 5.651370671132778, 'trop_k_veg': 1.7644030262762436, 'pop_amp': 10.600283990091475, 'pop_peak': 2.4828167341957843, 'pop_sig': 0.4114130000153928}. Best is trial 274 with value: -0.604910391627968.
[I 2026-08-20 00:38:15,855] Trial 875 finished with value: 0.5030577862806618 and parameters: {'k1': 0.00044973687705729637, 'D_low': 403.59718108535, 'k2': 0.07329056495652196, 'D_high': 4691711.810958849, 'fire_exp': 1.7739203745596877, 'P_half': 1.4460478140107522, 'pre_dampen_half': 0.05033118357919086, 'gpp_af': 1.0184596102524923, 'gpp_b': 1.8953910044835723e-05, 'gpp_d': 149.60961582741137, 'ign_k': 0.0014637132970815015, 'ign_c': 0.5018487009208957, 'trop_agb_crit': 8.371790126124589, 'trop_k_veg': 1.4326828608127484, 'pop_amp': 13.569276570862188, 'pop_peak': 2.8601311303638473, 'pop_sig': 1.1872464233715734}. Best is trial 274 with value: -0.604910391627968.
[I 2026-08-20 00:38:17,637] Trial 876 finished with value: 0.453740037874946 and parameters: {'k1': 0.00022259524976265033, 'D_low': 25.401399210900674, 'k2': 0.02663899935423887, 'D_high': 298249.9305461135, 'fire_exp': 1.1987456491487087, 'P_half': 5.3340731561334485, 'pre_dampen_half': 0.07973509299686227, 'gpp_af': 0.2920949673747652, 'gpp_b': 0.0004341167399412782, 'gpp_d': 20.391379190294174, 'ign_k': 0.017967816979220484, 'ign_c': 0.11772455291228515, 'trop_agb_crit': 7.44185963241491, 'trop_k_veg': 0.9603250490632895, 'pop_amp': 1.5905143751053001, 'pop_peak': 54.016231549220194, 'pop_sig': 1.5576282288182801}. Best is trial 274 with value: -0.604910391627968.
[I 2026-08-20 00:38:19,417] Trial 877 finished with value: 0.5629629006989497 and parameters: {'k1': 4.9005923955701326e-05, 'D_low': 1195.6015599786597, 'k2': 0.025559784890053103, 'D_high': 309815.99446758965, 'fire_exp': 1.8195702855377494, 'P_half': 5.289810268515891, 'pre_dampen_half': 0.33766860614662175, 'gpp_af': 0.38250154706513495, 'gpp_b': 1.456517705172507e-05, 'gpp_d': 19.531160081863078, 'ign_k': 0.0014353489400895129, 'ign_c': 6.547759489898172, 'trop_agb_crit': 1.695295162043783, 'trop_k_veg': 0.5800693355531035, 'pop_amp': 0.1429778422573934, 'pop_peak': 2.7606591307177806, 'pop_sig': 2.3518267136816586}. Best is trial 274 with value: -0.604910391627968.
[I 2026-08-20 00:38:21,220] Trial 878 finished with value: 0.4942387336108819 and parameters: {'k1': 0.0006163126044695141, 'D_low': 212.283521665765, 'k2': 0.038656246675889204, 'D_high': 4249863.054960009, 'fire_exp': 2.810579315588921, 'P_half': 3.347755081095817, 'pre_dampen_half': 8.345107118869493, 'gpp_af': 0.034817136344725635, 'gpp_b': 0.00017467504032889452, 'gpp_d': 112.45400444414041, 'ign_k': 1.2511800900262153, 'ign_c': 5.637906621512972, 'trop_agb_crit': 5.612423011003981, 'trop_k_veg': 5.180280252442225, 'pop_amp': 3.3350914882366514, 'pop_peak': 0.345892281382306, 'pop_sig': 0.7571092391433807}. Best is trial 274 with value: -0.604910391627968.
[I 2026-08-20 00:38:23,037] Trial 879 finished with value: 0.5126430021985118 and parameters: {'k1': 0.059067250717885725, 'D_low': 34.893748802326044, 'k2': 1.482435134727189e-05, 'D_high': 17416.730687206422, 'fire_exp': 1.439456582668282, 'P_half': 185.80099815526216, 'pre_dampen_half': 0.7456308984708298, 'gpp_af': 10.347388870138303, 'gpp_b': 0.0010677566506732265, 'gpp_d': 134.03509323845972, 'ign_k': 0.08766056804825073, 'ign_c': 0.865485847490103, 'trop_agb_crit': 12.919370385372137, 'trop_k_veg': 0.6341421170622298, 'pop_amp': 2.0120791622417236, 'pop_peak': 18.613293529455053, 'pop_sig': 1.8086928181365245}. Best is trial 274 with value: -0.604910391627968.
[I 2026-08-20 00:38:24,804] Trial 880 finished with value: 0.6445374145881376 and parameters: {'k1': 0.00040152944300012115, 'D_low': 95.70428410202929, 'k2': 0.01943717648865762, 'D_high': 3946990.4303920926, 'fire_exp': 1.3160982515248931, 'P_half': 486.51288156585207, 'pre_dampen_half': 0.227504726148122, 'gpp_af': 0.02098299841243891, 'gpp_b': 0.00012485105170036387, 'gpp_d': 0.061142817562210655, 'ign_k': 7.285148780165447, 'ign_c': 70.9186179906429, 'trop_agb_crit': 4.446865002947277, 'trop_k_veg': 3.3865900091531485, 'pop_amp': 8.471022491977369, 'pop_peak': 0.36547906476760345, 'pop_sig': 0.9591086149457974}. Best is trial 274 with value: -0.604910391627968.
[I 2026-08-20 00:38:26,645] Trial 881 finished with value: -0.5863622990277847 and parameters: {'k1': 0.0036211122017963194, 'D_low': 2894.014484230329, 'k2': 0.011909049544661663, 'D_high': 3479390.511585517, 'fire_exp': 3.590549893164836, 'P_half': 100.53231091561173, 'pre_dampen_half': 28.896599666480768, 'gpp_af': 0.10191874273595683, 'gpp_b': 0.002876434883249304, 'gpp_d': 760.7605110516525, 'ign_k': 0.5832494792208095, 'ign_c': 0.44817161753418977, 'trop_agb_crit': 10.233088951466197, 'trop_k_veg': 2.514441074666016, 'pop_amp': 1.512284931862203, 'pop_peak': 0.9005685872168899, 'pop_sig': 0.797468515533603}. Best is trial 274 with value: -0.604910391627968.
[I 2026-08-20 00:38:28,439] Trial 882 finished with value: 0.6065769032821857 and parameters: {'k1': 0.004962261057666197, 'D_low': 31922.770763191776, 'k2': 0.0011399386488808907, 'D_high': 849020.8677910869, 'fire_exp': 1.5413383027574978, 'P_half': 5028.388855779907, 'pre_dampen_half': 34.196478647188215, 'gpp_af': 0.04904316109986424, 'gpp_b': 1.4445170226501562e-05, 'gpp_d': 0.36657889002140437, 'ign_k': 1.2638990489250719, 'ign_c': 8.486929031609925, 'trop_agb_crit': 21.72390405561185, 'trop_k_veg': 2.170357856650082, 'pop_amp': 0.0020339374330368156, 'pop_peak': 96.08076354044313, 'pop_sig': 0.9837660694638388}. Best is trial 274 with value: -0.604910391627968.
[I 2026-08-20 00:38:30,210] Trial 883 finished with value: 0.5263648415580336 and parameters: {'k1': 0.00026377964421712865, 'D_low': 11.723309942940839, 'k2': 0.028784216594006064, 'D_high': 4383726.79341859, 'fire_exp': 1.425865665005205, 'P_half': 277.3581526743873, 'pre_dampen_half': 0.048759487525251596, 'gpp_af': 0.013390126829477803, 'gpp_b': 0.000183705739609824, 'gpp_d': 84.0486293661528, 'ign_k': 9.025493012964501, 'ign_c': 0.4399499404077094, 'trop_agb_crit': 7.084793360631743, 'trop_k_veg': 4.077703609446985, 'pop_amp': 1.9692817995466545, 'pop_peak': 0.09039314123686376, 'pop_sig': 0.734157937144628}. Best is trial 274 with value: -0.604910391627968.
[I 2026-08-20 00:38:31,977] Trial 884 finished with value: 0.6071579551099252 and parameters: {'k1': 0.001027383039187452, 'D_low': 6268.434639350939, 'k2': 0.003581241999340721, 'D_high': 345958.544374303, 'fire_exp': 3.5764699168101446, 'P_half': 231.15433604334314, 'pre_dampen_half': 33.771155860878295, 'gpp_af': 0.0011747287682865575, 'gpp_b': 0.004308903289874269, 'gpp_d': 511.40215055289843, 'ign_k': 0.20280158697601097, 'ign_c': 4.658101216734963, 'trop_agb_crit': 2.7412903937135225, 'trop_k_veg': 1.5800903389928442, 'pop_amp': 6.5900755044793815, 'pop_peak': 0.3780965579213204, 'pop_sig': 0.7443147926449514}. Best is trial 274 with value: -0.604910391627968.
[I 2026-08-20 00:38:34,010] Trial 885 finished with value: -0.5611013895175904 and parameters: {'k1': 8.06263198209996e-05, 'D_low': 3847.850399114987, 'k2': 0.002322596483730775, 'D_high': 3821005.1058512204, 'fire_exp': 3.196213334269598, 'P_half': 18.171105047845366, 'pre_dampen_half': 49.652468935138, 'gpp_af': 0.02146256336516031, 'gpp_b': 0.0004729366851622198, 'gpp_d': 105.83476853610253, 'ign_k': 7.313195217942506, 'ign_c': 0.4549402148247518, 'trop_agb_crit': 3.2970942400882226, 'trop_k_veg': 0.8289032741345717, 'pop_amp': 0.7991364537195517, 'pop_peak': 0.13331218260514632, 'pop_sig': 0.9941733219263357}. Best is trial 274 with value: -0.604910391627968.
[I 2026-08-20 00:38:35,815] Trial 886 finished with value: 0.5842840305857063 and parameters: {'k1': 0.001028001111222685, 'D_low': 958.6902560682538, 'k2': 0.07581443480587541, 'D_high': 426131.96093346074, 'fire_exp': 3.2723107002512117, 'P_half': 328.8678660132269, 'pre_dampen_half': 1.5760701772007342, 'gpp_af': 0.033718873119940214, 'gpp_b': 0.023986340945832522, 'gpp_d': 900.5924922733271, 'ign_k': 1.1975887376842995, 'ign_c': 8.287476892330083, 'trop_agb_crit': 8.087809084989996, 'trop_k_veg': 1.1911732300519549, 'pop_amp': 0.04294899065915666, 'pop_peak': 1.423984283439141, 'pop_sig': 0.43191393347887974}. Best is trial 274 with value: -0.604910391627968.
[I 2026-08-20 00:38:37,580] Trial 887 finished with value: 0.557096900393025 and parameters: {'k1': 0.03367787893696009, 'D_low': 247.54350624529877, 'k2': 0.07371444394527157, 'D_high': 434455.8686265801, 'fire_exp': 2.7338203527794667, 'P_half': 2167.4837438512145, 'pre_dampen_half': 203.76111852059745, 'gpp_af': 0.044114115410830906, 'gpp_b': 0.001076216850634896, 'gpp_d': 13.342321479634704, 'ign_k': 0.3159026184654886, 'ign_c': 1.858604550762598, 'trop_agb_crit': 10.815418062086334, 'trop_k_veg': 5.499183977091245, 'pop_amp': 0.5069558764353734, 'pop_peak': 2.348604927230644, 'pop_sig': 1.0102955680366075}. Best is trial 274 with value: -0.604910391627968.
[I 2026-08-20 00:38:39,373] Trial 888 finished with value: 0.46987181707709846 and parameters: {'k1': 0.048202785670488135, 'D_low': 89.13587128986151, 'k2': 0.010301159378507814, 'D_high': 1672591.7218756508, 'fire_exp': 3.201924666603853, 'P_half': 275.41165362190895, 'pre_dampen_half': 5.198175776469488, 'gpp_af': 0.3806687444650761, 'gpp_b': 0.0003195507463243705, 'gpp_d': 618.4767842027128, 'ign_k': 1.342593310627752, 'ign_c': 0.5189496241416984, 'trop_agb_crit': 6.312821018734463, 'trop_k_veg': 4.625474395130573, 'pop_amp': 9.063438128220005, 'pop_peak': 1.7455520661086246, 'pop_sig': 0.6826472395760205}. Best is trial 274 with value: -0.604910391627968.
[I 2026-08-20 00:38:41,196] Trial 889 finished with value: 0.5821789286917076 and parameters: {'k1': 0.0013348808062065257, 'D_low': 88189.17799391045, 'k2': 0.019935516647279303, 'D_high': 9756609.493479732, 'fire_exp': 2.5557512945545544, 'P_half': 48.27437357027232, 'pre_dampen_half': 8.693117043664255, 'gpp_af': 0.08500029833172053, 'gpp_b': 0.0013764428240070974, 'gpp_d': 535.0789413305811, 'ign_k': 4.731277187906293, 'ign_c': 3.919258038429753, 'trop_agb_crit': 22.198376975327918, 'trop_k_veg': 2.7380840845776886, 'pop_amp': 0.7607642921839874, 'pop_peak': 1.6985377507373174, 'pop_sig': 1.6269272591504085}. Best is trial 274 with value: -0.604910391627968.
[I 2026-08-20 00:38:42,959] Trial 890 finished with value: 0.5633366236107651 and parameters: {'k1': 0.0247929708568583, 'D_low': 28.50425162220313, 'k2': 2.2953502574049423e-05, 'D_high': 738589.5287155894, 'fire_exp': 1.928968932547432, 'P_half': 2466.6877004266153, 'pre_dampen_half': 0.7101047257670904, 'gpp_af': 16.89446534790413, 'gpp_b': 0.0016408738735128026, 'gpp_d': 222.65228322197513, 'ign_k': 0.4843180450952211, 'ign_c': 0.151652063028436, 'trop_agb_crit': 4.224334856362102, 'trop_k_veg': 0.6131731595639697, 'pop_amp': 1.267074674959207, 'pop_peak': 69.25883891223296, 'pop_sig': 1.5305409136329655}. Best is trial 274 with value: -0.604910391627968.
[I 2026-08-20 00:38:44,741] Trial 891 finished with value: 0.4852193299230616 and parameters: {'k1': 0.00046850552888907536, 'D_low': 18646.913909806408, 'k2': 0.009276423705703276, 'D_high': 981798.2874364738, 'fire_exp': 4.818834499388044, 'P_half': 20.778451301976776, 'pre_dampen_half': 420.4928542715698, 'gpp_af': 0.6261331332138871, 'gpp_b': 0.137106562493512, 'gpp_d': 25.25025389529767, 'ign_k': 0.39074824520350016, 'ign_c': 0.27658067351208787, 'trop_agb_crit': 23.68348161604672, 'trop_k_veg': 2.407501328676414, 'pop_amp': 5.734690855600316, 'pop_peak': 1.2609845266359325, 'pop_sig': 0.8102354267561209}. Best is trial 274 with value: -0.604910391627968.
[I 2026-08-20 00:38:46,573] Trial 892 finished with value: 0.5492249593482257 and parameters: {'k1': 4.153409632888773e-05, 'D_low': 49.31904347655213, 'k2': 0.00015561795493625457, 'D_high': 633663.7753130082, 'fire_exp': 2.9062866781556176, 'P_half': 22.723112743918367, 'pre_dampen_half': 0.3181741153388255, 'gpp_af': 0.013926556210190162, 'gpp_b': 0.00029468126284727284, 'gpp_d': 4.523305095017218, 'ign_k': 2.8134917840859583, 'ign_c': 6.189228414608617, 'trop_agb_crit': 2.6513265565246256, 'trop_k_veg': 5.282643913463344, 'pop_amp': 0.1044920287137928, 'pop_peak': 0.2471924588352439, 'pop_sig': 1.049177887305873}. Best is trial 274 with value: -0.604910391627968.
[I 2026-08-20 00:38:48,346] Trial 893 finished with value: 0.4737577603332629 and parameters: {'k1': 0.00025785593241277343, 'D_low': 16731.950626185215, 'k2': 0.0015647638255099664, 'D_high': 6206734.923125535, 'fire_exp': 2.353528620119007, 'P_half': 10.782830375920966, 'pre_dampen_half': 145.54327520143974, 'gpp_af': 0.08548458888040278, 'gpp_b': 9.06394129707607e-05, 'gpp_d': 500.23259661501754, 'ign_k': 0.6731967169844902, 'ign_c': 4.698504714241319, 'trop_agb_crit': 7.808225412746979, 'trop_k_veg': 3.1366513336618493, 'pop_amp': 0.5747025580563759, 'pop_peak': 0.4815543455903613, 'pop_sig': 0.5060438550815151}. Best is trial 274 with value: -0.604910391627968.
[I 2026-08-20 00:38:50,150] Trial 894 finished with value: 0.47039838659676925 and parameters: {'k1': 0.0010119348782974878, 'D_low': 1526.4833671920337, 'k2': 0.023269232481510416, 'D_high': 114688.12022251384, 'fire_exp': 1.1428665342713977, 'P_half': 25.486308303979595, 'pre_dampen_half': 0.04200175188831039, 'gpp_af': 0.015067085337580766, 'gpp_b': 0.0001820649259192554, 'gpp_d': 618.5459559485105, 'ign_k': 0.0031891279917912727, 'ign_c': 0.42355410598901627, 'trop_agb_crit': 2.9705489804990894, 'trop_k_veg': 0.6833982756868427, 'pop_amp': 14.918682192816918, 'pop_peak': 25.395670602794137, 'pop_sig': 1.4592593151741216}. Best is trial 274 with value: -0.604910391627968.
[I 2026-08-20 00:38:51,953] Trial 895 finished with value: 0.5113117311106002 and parameters: {'k1': 0.0014203415985049935, 'D_low': 3440.6063652349467, 'k2': 0.00943134500073747, 'D_high': 1615347.8363379159, 'fire_exp': 1.0393163200060829, 'P_half': 182.46052025318107, 'pre_dampen_half': 5.539569939781692, 'gpp_af': 0.009419115191437517, 'gpp_b': 4.5440098945363484e-05, 'gpp_d': 3.9604228859428323, 'ign_k': 0.6037695658091861, 'ign_c': 27.96741208987644, 'trop_agb_crit': 26.762471604683647, 'trop_k_veg': 3.1445669659495525, 'pop_amp': 0.0010042483824261946, 'pop_peak': 12.759541872762059, 'pop_sig': 0.7286732276095935}. Best is trial 274 with value: -0.604910391627968.
