[I 2026-06-10 21:23:25,058] Trial 481 finished with values: [60.99867813780868, 60.99867813780868] and parameters: {'k1': 0.05705198955850472, 'D_low': 50.32059347286801, 'k2': 0.0010726091927327822, 'D_high': 44974.07193749848, 'fire_exp': 3.150954985759691, 'P_half': 2.226799690893868, 'pre_dampen_half': 189.88136301569827, 'gpp_af': 1.7775411110039254, 'gpp_b': 1.1008110571039521e-05, 'gpp_d': 95.2715755007094, 'ign_k': 3.6309591863459096, 'ign_c': 0.1611736893633666, 'trop_agb_crit': 21.086120736447015, 'trop_k_veg': 0.6488368931910606, 'fire_amp': 2.818314238665462}.
[I 2026-06-10 21:23:27,304] Trial 482 finished with values: [11.322377989207277, 11.322377989207277] and parameters: {'k1': 0.004467752817973905, 'D_low': 43.03411264066069, 'k2': 0.02939607009739149, 'D_high': 44974.07193749848, 'fire_exp': 1.2918065501148304, 'P_half': 9.580682294110435, 'pre_dampen_half': 4.603480758878793, 'gpp_af': 1.7775411110039254, 'gpp_b': 0.16285506249643175, 'gpp_d': 9.761125443110442, 'ign_k': 7.544827057709847, 'ign_c': 0.1611736893633666, 'trop_agb_crit': 3.1419938725278875, 'trop_k_veg': 0.5667990147757791, 'fire_amp': 1.7912500010961188}.
[I 2026-06-10 21:23:29,330] Trial 483 finished with values: [10.529922754994773, 10.529922754994773] and parameters: {'k1': 0.00010777889602079265, 'D_low': 1074.940539517341, 'k2': 1.1417577140741129e-05, 'D_high': 29.126651668813768, 'fire_exp': 1.2918065501148304, 'P_half': 45.55085098454082, 'pre_dampen_half': 189.36639872354493, 'gpp_af': 27.448645214004376, 'gpp_b': 0.22467045378719658, 'gpp_d': 0.7698760608299932, 'ign_k': 0.02779045054796808, 'ign_c': 7.832259769732471, 'trop_agb_crit': 5.588032458772675, 'trop_k_veg': 0.5450786550840475, 'fire_amp': 1.2393473789150806}.
[I 2026-06-10 21:23:31,153] Trial 484 finished with values: [12.440829395681902, 12.440829395681902] and parameters: {'k1': 0.016973078532467004, 'D_low': 602.4590664672947, 'k2': 8.968733598183248e-05, 'D_high': 44974.07193749848, 'fire_exp': 1.6901885781909627, 'P_half': 51.10120656497163, 'pre_dampen_half': 19.21689966904807, 'gpp_af': 20.12115544906385, 'gpp_b': 0.16285506249643175, 'gpp_d': 95.2715755007094, 'ign_k': 0.17320535908244444, 'ign_c': 14.709699119495124, 'trop_agb_crit': 21.086120736447015, 'trop_k_veg': 0.5183533149347164, 'fire_amp': 5.416595007374148}.
[I 2026-06-10 21:23:33,534] Trial 485 finished with values: [10.149613226539879, 10.149613226539879] and parameters: {'k1': 0.012840669372724958, 'D_low': 24.28756508761176, 'k2': 2.091507303847255e-05, 'D_high': 42210.21267871043, 'fire_exp': 1.2918065501148304, 'P_half': 101.40635645866499, 'pre_dampen_half': 1.8469033699850426, 'gpp_af': 27.448645214004376, 'gpp_b': 0.015062722325200045, 'gpp_d': 95.2715755007094, 'ign_k': 0.02779045054796808, 'ign_c': 1.9423015749984096, 'trop_agb_crit': 24.199763404822136, 'trop_k_veg': 0.6488368931910606, 'fire_amp': 1.2393473789150806}.
[I 2026-06-10 21:23:35,497] Trial 486 finished with values: [13.405880232857708, 13.405880232857708] and parameters: {'k1': 0.016973078532467004, 'D_low': 1074.940539517341, 'k2': 1.1417577140741129e-05, 'D_high': 8912.611835817017, 'fire_exp': 1.6901885781909627, 'P_half': 19.987581927614485, 'pre_dampen_half': 189.36639872354493, 'gpp_af': 3.298293484806585, 'gpp_b': 0.006999112505425414, 'gpp_d': 20.81401325574021, 'ign_k': 0.17320535908244444, 'ign_c': 14.709699119495124, 'trop_agb_crit': 1.8023542850487386, 'trop_k_veg': 5.453348988480011, 'fire_amp': 5.416595007374148}.
[I 2026-06-10 21:23:37,450] Trial 487 finished with values: [10.83328880067177, 10.83328880067177] and parameters: {'k1': 0.00026539376439360527, 'D_low': 1074.940539517341, 'k2': 1.1417577140741129e-05, 'D_high': 29.126651668813768, 'fire_exp': 1.4690410989404576, 'P_half': 1241.3450098922583, 'pre_dampen_half': 30.456909077772018, 'gpp_af': 0.004511991819672033, 'gpp_b': 2.3386439256208704, 'gpp_d': 47.35384181058586, 'ign_k': 0.8945150807271531, 'ign_c': 0.1611736893633666, 'trop_agb_crit': 3.1419938725278875, 'trop_k_veg': 1.6648666152166967, 'fire_amp': 1.7912500010961188}.
[I 2026-06-10 21:23:39,338] Trial 488 finished with values: [10.827222254275982, 10.827222254275982] and parameters: {'k1': 0.012840669372724958, 'D_low': 171.2446447678494, 'k2': 8.968733598183248e-05, 'D_high': 42210.21267871043, 'fire_exp': 1.7505406131449859, 'P_half': 9.580682294110435, 'pre_dampen_half': 189.88136301569827, 'gpp_af': 27.448645214004376, 'gpp_b': 6.590619977704117, 'gpp_d': 0.7698760608299932, 'ign_k': 0.02779045054796808, 'ign_c': 1.9423015749984096, 'trop_agb_crit': 21.086120736447015, 'trop_k_veg': 2.520089655463604, 'fire_amp': 1.1655705619308396}.
[I 2026-06-10 21:23:41,335] Trial 489 finished with values: [10.726334991833124, 10.726334991833124] and parameters: {'k1': 0.003968136435370146, 'D_low': 1074.940539517341, 'k2': 1.1417577140741129e-05, 'D_high': 8912.611835817017, 'fire_exp': 1.4690410989404576, 'P_half': 277.00025557434554, 'pre_dampen_half': 1.8575807716793389, 'gpp_af': 20.12115544906385, 'gpp_b': 0.015062722325200045, 'gpp_d': 0.1619054449471649, 'ign_k': 0.8945150807271531, 'ign_c': 0.13577269394141456, 'trop_agb_crit': 24.199763404822136, 'trop_k_veg': 5.453348988480011, 'fire_amp': 2.804180410489304}.
[I 2026-06-10 21:23:43,178] Trial 490 finished with values: [10.234871434439249, 10.234871434439249] and parameters: {'k1': 0.003968136435370146, 'D_low': 1074.940539517341, 'k2': 1.1417577140741129e-05, 'D_high': 315.101491238403, 'fire_exp': 1.7220686611084326, 'P_half': 277.00025557434554, 'pre_dampen_half': 10.931606102061748, 'gpp_af': 0.5970408652384318, 'gpp_b': 9.497440085397415e-05, 'gpp_d': 0.1619054449471649, 'ign_k': 0.8945150807271531, 'ign_c': 0.13577269394141456, 'trop_agb_crit': 1.3063813396521713, 'trop_k_veg': 1.6648666152166967, 'fire_amp': 2.804180410489304}.
[I 2026-06-10 21:23:45,016] Trial 491 finished with values: [10.791230335318048, 10.791230335318048] and parameters: {'k1': 0.0001887567630782227, 'D_low': 1739.6167422846984, 'k2': 5.153993511603138e-05, 'D_high': 42.242359735170886, 'fire_exp': 3.2459542834651627, 'P_half': 1.9678273362633985, 'pre_dampen_half': 98.05638874011484, 'gpp_af': 0.07118041471054574, 'gpp_b': 0.004411400434514031, 'gpp_d': 545.0253444559129, 'ign_k': 0.004105873950290761, 'ign_c': 1.1698039424426816, 'trop_agb_crit': 8.0091368834625, 'trop_k_veg': 2.724170387400844, 'fire_amp': 4.2446263054164195}.
[I 2026-06-10 21:23:47,236] Trial 492 finished with values: [10.833333332159754, 10.833333332159754] and parameters: {'k1': 0.017276056747028225, 'D_low': 1739.6167422846984, 'k2': 0.02939607009739149, 'D_high': 315.101491238403, 'fire_exp': 1.2918065501148304, 'P_half': 9.580682294110435, 'pre_dampen_half': 10.931606102061748, 'gpp_af': 0.5970408652384318, 'gpp_b': 0.16285506249643175, 'gpp_d': 95.2715755007094, 'ign_k': 0.004775640431359605, 'ign_c': 0.13577269394141456, 'trop_agb_crit': 1.3063813396521713, 'trop_k_veg': 0.6488368931910606, 'fire_amp': 2.818314238665462}.
[I 2026-06-10 21:23:49,480] Trial 493 finished with values: [11.345064544517264, 11.345064544517264] and parameters: {'k1': 0.006079905434073396, 'D_low': 37.13474360443033, 'k2': 2.091507303847255e-05, 'D_high': 8912.611835817017, 'fire_exp': 1.7792742686803427, 'P_half': 157.3644610977214, 'pre_dampen_half': 37.40930273158252, 'gpp_af': 1.7775411110039254, 'gpp_b': 0.00047819318414852577, 'gpp_d': 95.2715755007094, 'ign_k': 0.17320535908244444, 'ign_c': 1.1698039424426816, 'trop_agb_crit': 24.199763404822136, 'trop_k_veg': 6.172643383211297, 'fire_amp': 1.5587346124822492}.
[I 2026-06-10 21:23:51,659] Trial 494 finished with values: [10.085265160620132, 10.085265160620132] and parameters: {'k1': 0.0001969885015387913, 'D_low': 1074.940539517341, 'k2': 1.1417577140741129e-05, 'D_high': 8912.611835817017, 'fire_exp': 1.4690410989404576, 'P_half': 51.10120656497163, 'pre_dampen_half': 3.970724383334912, 'gpp_af': 20.12115544906385, 'gpp_b': 0.0010520080391520565, 'gpp_d': 20.81401325574021, 'ign_k': 0.8945150807271531, 'ign_c': 14.709699119495124, 'trop_agb_crit': 2.1989086830950257, 'trop_k_veg': 5.453348988480011, 'fire_amp': 5.416595007374148}.
[I 2026-06-10 21:23:53,593] Trial 495 finished with values: [10.816281413479716, 10.816281413479716] and parameters: {'k1': 0.016973078532467004, 'D_low': 2067.91871434888, 'k2': 0.0002442377596403892, 'D_high': 29.126651668813768, 'fire_exp': 1.6901885781909627, 'P_half': 51.10120656497163, 'pre_dampen_half': 1.4270448359329697, 'gpp_af': 20.12115544906385, 'gpp_b': 0.015062722325200045, 'gpp_d': 0.7698760608299932, 'ign_k': 0.09256855841989636, 'ign_c': 14.709699119495124, 'trop_agb_crit': 24.199763404822136, 'trop_k_veg': 0.5450786550840475, 'fire_amp': 2.804180410489304}.
[I 2026-06-10 21:23:55,875] Trial 496 finished with values: [10.413229237223444, 10.413229237223444] and parameters: {'k1': 0.012840669372724958, 'D_low': 9.882278532808778, 'k2': 2.316457903103837e-05, 'D_high': 42210.21267871043, 'fire_exp': 1.2918065501148304, 'P_half': 10.94496366796197, 'pre_dampen_half': 4.603480758878793, 'gpp_af': 27.448645214004376, 'gpp_b': 0.00047819318414852577, 'gpp_d': 0.7698760608299932, 'ign_k': 0.29415751391396583, 'ign_c': 1.9423015749984096, 'trop_agb_crit': 2.0527418919564324, 'trop_k_veg': 2.520089655463604, 'fire_amp': 1.2393473789150806}.
[I 2026-06-10 21:23:58,081] Trial 497 finished with values: [10.129566711230215, 10.129566711230215] and parameters: {'k1': 0.016973078532467004, 'D_low': 24.28756508761176, 'k2': 0.0002442377596403892, 'D_high': 8912.611835817017, 'fire_exp': 1.6901885781909627, 'P_half': 51.10120656497163, 'pre_dampen_half': 1.8469033699850426, 'gpp_af': 20.12115544906385, 'gpp_b': 0.015062722325200045, 'gpp_d': 34.18897529667503, 'ign_k': 0.17320535908244444, 'ign_c': 14.709699119495124, 'trop_agb_crit': 24.199763404822136, 'trop_k_veg': 5.453348988480011, 'fire_amp': 5.416595007374148}.
[I 2026-06-10 21:24:00,391] Trial 498 finished with values: [-0.400368149129117, 0.060418369990610454] and parameters: {'k1': 0.006079905434073396, 'D_low': 43.2326421037033, 'k2': 1.1417577140741129e-05, 'D_high': 29.126651668813768, 'fire_exp': 1.5305744365500176, 'P_half': 102.93072560417136, 'pre_dampen_half': 191.62369310763663, 'gpp_af': 1.9654778690222015, 'gpp_b': 0.0004360709560327289, 'gpp_d': 0.030844007727232167, 'ign_k': 0.02779045054796808, 'ign_c': 0.17036120617148395, 'trop_agb_crit': 1.8023542850487386, 'trop_k_veg': 6.778288138489648, 'fire_amp': 1.348912780545359}.
[I 2026-06-10 21:24:02,487] Trial 499 finished with values: [10.833332695463456, 10.833332695463456] and parameters: {'k1': 0.012840669372724958, 'D_low': 1739.6167422846984, 'k2': 0.02939607009739149, 'D_high': 1537.592023548176, 'fire_exp': 3.2459542834651627, 'P_half': 101.40635645866499, 'pre_dampen_half': 98.05638874011484, 'gpp_af': 1.7775411110039254, 'gpp_b': 2.176805640408474e-05, 'gpp_d': 0.03927259340973166, 'ign_k': 3.6309591863459096, 'ign_c': 2.2489542843914485, 'trop_agb_crit': 3.1419938725278875, 'trop_k_veg': 0.6488368931910606, 'fire_amp': 1.3503088148200095}.
[I 2026-06-10 21:24:04,851] Trial 500 finished with values: [10.43051879373822, 10.43051879373822] and parameters: {'k1': 0.0012752949611679993, 'D_low': 171.2446447678494, 'k2': 0.0010726091927327822, 'D_high': 42.242359735170886, 'fire_exp': 1.633445707733642, 'P_half': 277.00025557434554, 'pre_dampen_half': 28.01075698398644, 'gpp_af': 1.9998014714101113, 'gpp_b': 2.176805640408474e-05, 'gpp_d': 594.7389794988394, 'ign_k': 0.09256855841989636, 'ign_c': 0.1611736893633666, 'trop_agb_crit': 3.1419938725278875, 'trop_k_veg': 1.6648666152166967, 'fire_amp': 1.2393473789150806}.
[I 2026-06-10 21:24:08,002] Trial 501 finished with values: [11.304199204972644, 11.304199204972644] and parameters: {'k1': 0.0001969885015387913, 'D_low': 1074.940539517341, 'k2': 1.1417577140741129e-05, 'D_high': 315.101491238403, 'fire_exp': 1.0881065558452814, 'P_half': 12.262543158860007, 'pre_dampen_half': 10.931606102061748, 'gpp_af': 0.5970408652384318, 'gpp_b': 9.497440085397415e-05, 'gpp_d': 0.1619054449471649, 'ign_k': 0.8945150807271531, 'ign_c': 7.832259769732471, 'trop_agb_crit': 2.1989086830950257, 'trop_k_veg': 1.6648666152166967, 'fire_amp': 2.042193818779288}.
[I 2026-06-10 21:24:10,263] Trial 502 finished with values: [14.688383418545135, 14.688383418545135] and parameters: {'k1': 0.016973078532467004, 'D_low': 24.28756508761176, 'k2': 2.091507303847255e-05, 'D_high': 2427.054417940131, 'fire_exp': 1.6901885781909627, 'P_half': 101.40635645866499, 'pre_dampen_half': 189.88136301569827, 'gpp_af': 0.8594202650742228, 'gpp_b': 1.1008110571039521e-05, 'gpp_d': 95.2715755007094, 'ign_k': 0.17320535908244444, 'ign_c': 0.1611736893633666, 'trop_agb_crit': 1.5033346993841157, 'trop_k_veg': 3.4439936249445045, 'fire_amp': 1.1655705619308396}.
[I 2026-06-10 21:24:12,099] Trial 503 finished with values: [22.83293616913037, 22.83293616913037] and parameters: {'k1': 0.00026539376439360527, 'D_low': 1074.940539517341, 'k2': 1.1417577140741129e-05, 'D_high': 29.126651668813768, 'fire_exp': 1.111738490499784, 'P_half': 12.262543158860007, 'pre_dampen_half': 189.36639872354493, 'gpp_af': 3.298293484806585, 'gpp_b': 0.16285506249643175, 'gpp_d': 95.2715755007094, 'ign_k': 3.6309591863459096, 'ign_c': 1.1698039424426816, 'trop_agb_crit': 1.8023542850487386, 'trop_k_veg': 0.6488368931910606, 'fire_amp': 2.818314238665462}.
[I 2026-06-10 21:24:14,058] Trial 504 finished with values: [10.282956527843833, 10.282956527843833] and parameters: {'k1': 0.006079905434073396, 'D_low': 2808.7330790064375, 'k2': 1.1417577140741129e-05, 'D_high': 42210.21267871043, 'fire_exp': 3.150954985759691, 'P_half': 61.6097529474144, 'pre_dampen_half': 189.88136301569827, 'gpp_af': 3.298293484806585, 'gpp_b': 1.1008110571039521e-05, 'gpp_d': 0.7698760608299932, 'ign_k': 0.8945150807271531, 'ign_c': 7.832259769732471, 'trop_agb_crit': 1.5033346993841157, 'trop_k_veg': 6.172643383211297, 'fire_amp': 1.5587346124822492}.
[I 2026-06-10 21:24:16,333] Trial 505 finished with values: [10.75461404565335, 10.75461404565335] and parameters: {'k1': 9.293516267059069e-05, 'D_low': 171.2446447678494, 'k2': 0.00037358626308127543, 'D_high': 42210.21267871043, 'fire_exp': 1.6901885781909627, 'P_half': 882.2833027501578, 'pre_dampen_half': 20.84599542460349, 'gpp_af': 20.12115544906385, 'gpp_b': 0.0004125336560355494, 'gpp_d': 0.7698760608299932, 'ign_k': 0.17320535908244444, 'ign_c': 14.709699119495124, 'trop_agb_crit': 24.199763404822136, 'trop_k_veg': 5.453348988480011, 'fire_amp': 1.2393473789150806}.
[I 2026-06-10 21:24:18,123] Trial 506 finished with values: [10.303413617756233, 10.303413617756233] and parameters: {'k1': 0.012840669372724958, 'D_low': 1074.940539517341, 'k2': 0.0011135501184757278, 'D_high': 42210.21267871043, 'fire_exp': 1.2918065501148304, 'P_half': 61.6097529474144, 'pre_dampen_half': 4.603480758878793, 'gpp_af': 3.298293484806585, 'gpp_b': 0.0004125336560355494, 'gpp_d': 0.030844007727232167, 'ign_k': 0.0029519227433917453, 'ign_c': 1.9423015749984096, 'trop_agb_crit': 2.0527418919564324, 'trop_k_veg': 2.520089655463604, 'fire_amp': 1.2393473789150806}.
[I 2026-06-10 21:24:19,944] Trial 507 finished with values: [10.247610070093973, 10.247610070093973] and parameters: {'k1': 0.0007916322947490366, 'D_low': 408.3047491580097, 'k2': 2.091507303847255e-05, 'D_high': 8912.611835817017, 'fire_exp': 1.6901885781909627, 'P_half': 9.580682294110435, 'pre_dampen_half': 1.8469033699850426, 'gpp_af': 0.3097266550170567, 'gpp_b': 0.015062722325200045, 'gpp_d': 21.899070557043984, 'ign_k': 0.17320535908244444, 'ign_c': 1.4879588507789996, 'trop_agb_crit': 21.086120736447015, 'trop_k_veg': 0.5183533149347164, 'fire_amp': 5.416595007374148}.
[I 2026-06-10 21:24:21,791] Trial 508 finished with values: [11.579745666704914, 11.579745666704914] and parameters: {'k1': 5.7909642338812115e-05, 'D_low': 171.2446447678494, 'k2': 0.0001016707987819611, 'D_high': 42210.21267871043, 'fire_exp': 1.2918065501148304, 'P_half': 45.55085098454082, 'pre_dampen_half': 2.736251365128462, 'gpp_af': 0.016306190741524337, 'gpp_b': 0.004411400434514031, 'gpp_d': 545.0253444559129, 'ign_k': 2.3805746020770413, 'ign_c': 0.7619822175388142, 'trop_agb_crit': 5.588032458772675, 'trop_k_veg': 2.520089655463604, 'fire_amp': 5.44779717154213}.
[I 2026-06-10 21:24:24,053] Trial 509 finished with values: [24.71920321275354, 24.71920321275354] and parameters: {'k1': 0.016973078532467004, 'D_low': 408.3047491580097, 'k2': 0.0001016707987819611, 'D_high': 24.9899605789089, 'fire_exp': 1.5191397119156032, 'P_half': 9.580682294110435, 'pre_dampen_half': 189.88136301569827, 'gpp_af': 20.12115544906385, 'gpp_b': 0.015062722325200045, 'gpp_d': 545.0253444559129, 'ign_k': 0.17320535908244444, 'ign_c': 1.4879588507789996, 'trop_agb_crit': 21.086120736447015, 'trop_k_veg': 5.453348988480011, 'fire_amp': 5.44779717154213}.
[I 2026-06-10 21:24:26,301] Trial 510 finished with values: [14.656609515662684, 14.656609515662684] and parameters: {'k1': 0.004467752817973905, 'D_low': 2.843767489444367, 'k2': 1.1417577140741129e-05, 'D_high': 27.55546207779663, 'fire_exp': 1.6901885781909627, 'P_half': 51.10120656497163, 'pre_dampen_half': 123.04779330083686, 'gpp_af': 20.12115544906385, 'gpp_b': 0.015062722325200045, 'gpp_d': 9.761125443110442, 'ign_k': 0.002357279455676982, 'ign_c': 0.1611736893633666, 'trop_agb_crit': 24.199763404822136, 'trop_k_veg': 4.667598965682156, 'fire_amp': 5.416595007374148}.
[I 2026-06-10 21:24:28,075] Trial 511 finished with values: [10.568875730979041, 10.568875730979041] and parameters: {'k1': 0.016973078532467004, 'D_low': 24.28756508761176, 'k2': 2.091507303847255e-05, 'D_high': 8912.611835817017, 'fire_exp': 1.6901885781909627, 'P_half': 9.580682294110435, 'pre_dampen_half': 4.603480758878793, 'gpp_af': 1.7775411110039254, 'gpp_b': 0.015062722325200045, 'gpp_d': 95.2715755007094, 'ign_k': 0.02779045054796808, 'ign_c': 1.1698039424426816, 'trop_agb_crit': 24.199763404822136, 'trop_k_veg': 2.520089655463604, 'fire_amp': 5.416595007374148}.
[I 2026-06-10 21:24:29,837] Trial 512 finished with values: [12.931872463380248, 12.931872463380248] and parameters: {'k1': 0.0021949137421473017, 'D_low': 1074.940539517341, 'k2': 1.1417577140741129e-05, 'D_high': 29.126651668813768, 'fire_exp': 1.633445707733642, 'P_half': 61.6097529474144, 'pre_dampen_half': 189.36639872354493, 'gpp_af': 0.5970408652384318, 'gpp_b': 0.0004125336560355494, 'gpp_d': 0.7698760608299932, 'ign_k': 0.8945150807271531, 'ign_c': 7.832259769732471, 'trop_agb_crit': 2.0527418919564324, 'trop_k_veg': 0.5450786550840475, 'fire_amp': 2.804180410489304}.
[I 2026-06-10 21:24:31,998] Trial 513 finished with values: [10.41974097264602, 10.41974097264602] and parameters: {'k1': 0.003968136435370146, 'D_low': 4006.89033223865, 'k2': 1.1417577140741129e-05, 'D_high': 315.101491238403, 'fire_exp': 1.4690410989404576, 'P_half': 277.00025557434554, 'pre_dampen_half': 10.931606102061748, 'gpp_af': 0.5970408652384318, 'gpp_b': 9.497440085397415e-05, 'gpp_d': 0.1619054449471649, 'ign_k': 0.8945150807271531, 'ign_c': 7.832259769732471, 'trop_agb_crit': 1.3063813396521713, 'trop_k_veg': 1.6648666152166967, 'fire_amp': 2.804180410489304}.
[I 2026-06-10 21:24:34,394] Trial 514 finished with values: [-0.3126882353802195, 0.010567357363649221] and parameters: {'k1': 0.017276056747028225, 'D_low': 1739.6167422846984, 'k2': 0.02939607009739149, 'D_high': 44974.07193749848, 'fire_exp': 3.2459542834651627, 'P_half': 101.40635645866499, 'pre_dampen_half': 98.05638874011484, 'gpp_af': 1.7775411110039254, 'gpp_b': 0.16285506249643175, 'gpp_d': 95.2715755007094, 'ign_k': 3.6309591863459096, 'ign_c': 2.2489542843914485, 'trop_agb_crit': 3.5874145253515306, 'trop_k_veg': 0.6488368931910606, 'fire_amp': 2.818314238665462}.
[I 2026-06-10 21:24:37,103] Trial 515 finished with values: [11.906733032376545, 11.906733032376545] and parameters: {'k1': 0.003968136435370146, 'D_low': 2972.248537653567, 'k2': 1.1417577140741129e-05, 'D_high': 8912.611835817017, 'fire_exp': 1.4690410989404576, 'P_half': 51.10120656497163, 'pre_dampen_half': 10.931606102061748, 'gpp_af': 20.12115544906385, 'gpp_b': 9.497440085397415e-05, 'gpp_d': 20.81401325574021, 'ign_k': 0.17320535908244444, 'ign_c': 0.6658322706867178, 'trop_agb_crit': 24.199763404822136, 'trop_k_veg': 1.6648666152166967, 'fire_amp': 5.416595007374148}.
[I 2026-06-10 21:24:39,563] Trial 516 finished with values: [10.829215109937817, 10.829215109937817] and parameters: {'k1': 0.017276056747028225, 'D_low': 37.13474360443033, 'k2': 0.02939607009739149, 'D_high': 42.242359735170886, 'fire_exp': 3.2459542834651627, 'P_half': 157.3644610977214, 'pre_dampen_half': 37.40930273158252, 'gpp_af': 20.12115544906385, 'gpp_b': 0.00047819318414852577, 'gpp_d': 95.2715755007094, 'ign_k': 0.002803357452303278, 'ign_c': 1.1698039424426816, 'trop_agb_crit': 24.199763404822136, 'trop_k_veg': 0.6363741063482814, 'fire_amp': 2.818314238665462}.
[I 2026-06-10 21:24:41,983] Trial 517 finished with values: [-0.42698326280677845, 0.0563012560119408] and parameters: {'k1': 0.012840669372724958, 'D_low': 408.3047491580097, 'k2': 8.968733598183248e-05, 'D_high': 29.126651668813768, 'fire_exp': 1.111738490499784, 'P_half': 9.580682294110435, 'pre_dampen_half': 189.36639872354493, 'gpp_af': 3.298293484806585, 'gpp_b': 0.002416023630607169, 'gpp_d': 0.030844007727232167, 'ign_k': 0.00660597889201953, 'ign_c': 7.832259769732471, 'trop_agb_crit': 21.086120736447015, 'trop_k_veg': 1.056284487623406, 'fire_amp': 1.1655705619308396}.
