[I 2026-08-19 17:35:46,013] Trial 1333 finished with value: -0.5970526992750221 and parameters: {'k1': 0.009683325177581904, 'D_low': 1.1066936869265747, 'k2': 0.0015158175233215528, 'D_high': 616206.8481727034, 'fire_exp': 8.670845867895423, 'P_half': 2.347348808414749, 'pre_dampen_half': 2.896488550688319, 'gpp_af': 0.0352615222662395, 'gpp_b': 0.0003183385876323027, 'gpp_d': 238.78078602362848, 'ign_k': 0.23252504525262496, 'ign_c': 1.0545850148585454, 'trop_agb_crit': 27.909204558866232, 'trop_k_veg': 2.3611988272182467, 'pop_amp': 0.0013179708747910969, 'pop_peak': 0.20662023442335195, 'pop_sig': 0.3303431676370365, 'fuel_k': 1.9701522788436217, 'fuel_half': 0.10969570477185495}. Best is trial 0 with value: -0.6094076133578652.
[I 2026-08-19 17:35:47,866] Trial 1334 finished with value: 0.590198911909573 and parameters: {'k1': 0.005523171665552884, 'D_low': 5.0571087578628005, 'k2': 0.0013533899581134202, 'D_high': 615500.3932260491, 'fire_exp': 4.78716083756687, 'P_half': 2.9932032937122, 'pre_dampen_half': 24.79443316285182, 'gpp_af': 0.1756752569653023, 'gpp_b': 0.0022654809244235935, 'gpp_d': 455.3016114698137, 'ign_k': 5.502350141569534, 'ign_c': 1.3366952018443319, 'trop_agb_crit': 22.208858901527936, 'trop_k_veg': 0.8105567971989928, 'pop_amp': 0.0032003881433311267, 'pop_peak': 0.14495377410583, 'pop_sig': 0.29929915252099354, 'fuel_k': 3.855160536723252, 'fuel_half': 0.22147858922641012}. Best is trial 0 with value: -0.6094076133578652.
[I 2026-08-19 17:35:49,924] Trial 1335 finished with value: 0.5105197403233593 and parameters: {'k1': 0.07729381113562313, 'D_low': 5.8551790257597425, 'k2': 0.008640164032213326, 'D_high': 28300.7886761984, 'fire_exp': 6.306516200002312, 'P_half': 1.0535817385960096, 'pre_dampen_half': 246.08637489077958, 'gpp_af': 0.06860479548223493, 'gpp_b': 0.001918674245721527, 'gpp_d': 18.78532951475379, 'ign_k': 0.06671574618671416, 'ign_c': 0.4307222192174705, 'trop_agb_crit': 12.849972353039462, 'trop_k_veg': 3.5911607972872797, 'pop_amp': 0.004215956106180526, 'pop_peak': 0.4632327401452431, 'pop_sig': 0.6077297975801198, 'fuel_k': 5.058427400335034, 'fuel_half': 0.331399995745928}. Best is trial 0 with value: -0.6094076133578652.
[I 2026-08-19 17:35:51,948] Trial 1336 finished with value: 0.5797324811308586 and parameters: {'k1': 0.0009124282569905614, 'D_low': 5.275218171258993, 'k2': 0.000614678090188073, 'D_high': 7703197.84899953, 'fire_exp': 4.589398304894347, 'P_half': 2.4382517810463256, 'pre_dampen_half': 0.6940872824447591, 'gpp_af': 0.003990630326462333, 'gpp_b': 0.00028627337572204644, 'gpp_d': 86.27391052423846, 'ign_k': 0.01789681074759039, 'ign_c': 6.491258790757586, 'trop_agb_crit': 18.099251769658146, 'trop_k_veg': 1.9817663707020785, 'pop_amp': 0.012365039672610155, 'pop_peak': 1.4198445167437352, 'pop_sig': 0.5948104003189431, 'fuel_k': 0.4833981550662713, 'fuel_half': 0.29220196870540327}. Best is trial 0 with value: -0.6094076133578652.
[I 2026-08-19 17:35:54,283] Trial 1337 finished with value: 0.5855604619983785 and parameters: {'k1': 0.017818665907348652, 'D_low': 15.836043508584854, 'k2': 0.038437555594883384, 'D_high': 801860.7548667239, 'fire_exp': 1.5980102472020585, 'P_half': 3.196525546375214, 'pre_dampen_half': 0.04057308711809616, 'gpp_af': 0.0022503802897416146, 'gpp_b': 0.03304127346556764, 'gpp_d': 0.36363247686100736, 'ign_k': 0.017087206918020084, 'ign_c': 0.12157923513847403, 'trop_agb_crit': 5.498163650994112, 'trop_k_veg': 5.49982271987555, 'pop_amp': 3.173486457575738, 'pop_peak': 2.415784859899867, 'pop_sig': 0.953486503142436, 'fuel_k': 0.02161691336739329, 'fuel_half': 1.7543282359190933}. Best is trial 0 with value: -0.6094076133578652.
  trial 1338/2500  best_overall=0.6094  (37.5 min)
[I 2026-08-19 17:35:56,688] Trial 1338 finished with value: 0.5011493574287262 and parameters: {'k1': 0.007309465120200132, 'D_low': 9.046203711221322, 'k2': 0.049056353076619645, 'D_high': 50853.12437943852, 'fire_exp': 6.734694706434446, 'P_half': 4.219647212318752, 'pre_dampen_half': 0.9449491170557526, 'gpp_af': 0.08837704000392756, 'gpp_b': 0.00023937022031311677, 'gpp_d': 20.110705157857733, 'ign_k': 0.38273847924893956, 'ign_c': 1.1067074819575877, 'trop_agb_crit': 17.944124582623594, 'trop_k_veg': 0.9432270223615898, 'pop_amp': 0.002918114471510493, 'pop_peak': 0.06218543826398061, 'pop_sig': 0.42140250264007084, 'fuel_k': 2.8307736210711494, 'fuel_half': 3.919433179119897}. Best is trial 0 with value: -0.6094076133578652.
[I 2026-08-19 17:35:58,498] Trial 1339 finished with value: 0.4299660108862988 and parameters: {'k1': 0.009082130873358888, 'D_low': 180.3570029024166, 'k2': 0.0006751225046175362, 'D_high': 2124486.500072996, 'fire_exp': 5.197270679617895, 'P_half': 3.1310538610932044, 'pre_dampen_half': 0.9576793670030204, 'gpp_af': 0.11713574011570341, 'gpp_b': 3.930087853971492e-05, 'gpp_d': 43.79078018887208, 'ign_k': 0.22279283827350954, 'ign_c': 2.1500122867328164, 'trop_agb_crit': 20.94300904799653, 'trop_k_veg': 1.6242152078016694, 'pop_amp': 0.011447167603446304, 'pop_peak': 0.6068876315328846, 'pop_sig': 0.7369829598754792, 'fuel_k': 2.2628319877066447, 'fuel_half': 2.792852155744524}. Best is trial 0 with value: -0.6094076133578652.
[I 2026-08-19 17:36:00,420] Trial 1340 finished with value: 0.5886488621889908 and parameters: {'k1': 0.0005050157220550667, 'D_low': 2.7785583647429055, 'k2': 0.000821251379808178, 'D_high': 10753.564045760246, 'fire_exp': 9.567766784038342, 'P_half': 2.3885255597565047, 'pre_dampen_half': 8.773721446516006, 'gpp_af': 0.5721679293965363, 'gpp_b': 0.008846426033889063, 'gpp_d': 698.4436547294216, 'ign_k': 0.23507004818960373, 'ign_c': 8.747011130878617, 'trop_agb_crit': 14.671082486687595, 'trop_k_veg': 1.8985389744659003, 'pop_amp': 0.013660904699540809, 'pop_peak': 0.10268495755901519, 'pop_sig': 0.276586728644783, 'fuel_k': 1.088112418380248, 'fuel_half': 0.10474869782119756}. Best is trial 0 with value: -0.6094076133578652.
[I 2026-08-19 17:36:02,415] Trial 1341 finished with value: 0.5349467179485353 and parameters: {'k1': 0.029864024039362832, 'D_low': 13.105370823670619, 'k2': 0.0009897406400415356, 'D_high': 80950.79972164506, 'fire_exp': 3.075043184114494, 'P_half': 5.72083080173613, 'pre_dampen_half': 0.976017616599835, 'gpp_af': 1.0676397830994828, 'gpp_b': 0.005645975958944111, 'gpp_d': 1.6272845630128958, 'ign_k': 0.2582238734438588, 'ign_c': 0.670365292716244, 'trop_agb_crit': 13.727975210917505, 'trop_k_veg': 6.8679112817356165, 'pop_amp': 0.003048178626621663, 'pop_peak': 0.20824359665079833, 'pop_sig': 1.3802177370423294, 'fuel_k': 0.36467370759945705, 'fuel_half': 1.1375270192295408}. Best is trial 0 with value: -0.6094076133578652.
[I 2026-08-19 17:36:04,264] Trial 1342 finished with value: -0.5737501241892528 and parameters: {'k1': 0.02190164377465196, 'D_low': 1.2873467046847014, 'k2': 0.001491755051797077, 'D_high': 315662.43572485395, 'fire_exp': 2.8007449564580944, 'P_half': 148.28995299475858, 'pre_dampen_half': 7.372209790072643, 'gpp_af': 0.3162224522705543, 'gpp_b': 0.003602154532038623, 'gpp_d': 250.36769678464063, 'ign_k': 0.05907095677335554, 'ign_c': 4.4245261097649555, 'trop_agb_crit': 5.691270745679151, 'trop_k_veg': 5.530182146527166, 'pop_amp': 0.016242773477224092, 'pop_peak': 0.4162268886594448, 'pop_sig': 0.5379138776134628, 'fuel_k': 1.9390345229991057, 'fuel_half': 0.38954812446002135}. Best is trial 0 with value: -0.6094076133578652.
[I 2026-08-19 17:36:06,055] Trial 1343 finished with value: 0.5999755152475487 and parameters: {'k1': 0.002329000586867479, 'D_low': 6.168915603517726, 'k2': 0.0006962206685331494, 'D_high': 3078.516172216386, 'fire_exp': 3.939300093980956, 'P_half': 107.84125459148805, 'pre_dampen_half': 2.7050694778207744, 'gpp_af': 1.8315873888132914, 'gpp_b': 0.02346981911869334, 'gpp_d': 25.80531844010617, 'ign_k': 1.1939315316245036, 'ign_c': 0.31423414630656415, 'trop_agb_crit': 9.099650206073433, 'trop_k_veg': 0.5704617033866761, 'pop_amp': 11.523027594495323, 'pop_peak': 0.5655446399771715, 'pop_sig': 0.8846041644141228, 'fuel_k': 0.06581945704478004, 'fuel_half': 3.1256770991666913}. Best is trial 0 with value: -0.6094076133578652.
[I 2026-08-19 17:36:07,997] Trial 1344 finished with value: 0.5174775338888966 and parameters: {'k1': 0.0035587297478602634, 'D_low': 9.712045773941906, 'k2': 0.0009837163511663464, 'D_high': 6520308.302745516, 'fire_exp': 2.688578180416438, 'P_half': 103.8985010679433, 'pre_dampen_half': 2.086064688800466, 'gpp_af': 0.07427870309575724, 'gpp_b': 0.020277739167741993, 'gpp_d': 34.869001786984285, 'ign_k': 0.3481429059400068, 'ign_c': 0.45007573466010803, 'trop_agb_crit': 5.93478461160493, 'trop_k_veg': 0.6660244779633975, 'pop_amp': 0.3920115218106657, 'pop_peak': 3.5469020200742776, 'pop_sig': 0.6875238870313253, 'fuel_k': 0.8762497900542139, 'fuel_half': 4.72909653600479}. Best is trial 0 with value: -0.6094076133578652.
[I 2026-08-19 17:36:09,871] Trial 1345 finished with value: 0.6028926620353215 and parameters: {'k1': 0.003919255615104768, 'D_low': 1.5682497436849687, 'k2': 0.0018071579700721782, 'D_high': 48088.70643943629, 'fire_exp': 7.771588270270141, 'P_half': 4.516386593110443, 'pre_dampen_half': 4.349489153579616, 'gpp_af': 0.04788809909344971, 'gpp_b': 0.04993343746306305, 'gpp_d': 48.03267490713182, 'ign_k': 0.09504379024393002, 'ign_c': 1.691789376858511, 'trop_agb_crit': 26.5175770111378, 'trop_k_veg': 1.361197747381799, 'pop_amp': 0.003312238713630221, 'pop_peak': 6.7911517793374925, 'pop_sig': 0.3309686111631098, 'fuel_k': 2.1285533054134405, 'fuel_half': 0.8801082471020734}. Best is trial 0 with value: -0.6094076133578652.
[I 2026-08-19 17:36:11,701] Trial 1346 finished with value: 0.5796646681316837 and parameters: {'k1': 0.00743090367637368, 'D_low': 1.0631988827427281, 'k2': 0.00026499441745273287, 'D_high': 3070198.118871987, 'fire_exp': 6.154784341329046, 'P_half': 5.575365065626487, 'pre_dampen_half': 1.026903965917516, 'gpp_af': 0.02030714129837584, 'gpp_b': 0.010127894646198895, 'gpp_d': 326.76866499489245, 'ign_k': 0.19886740048722515, 'ign_c': 17.27156759683293, 'trop_agb_crit': 18.10298882900899, 'trop_k_veg': 2.162186870810692, 'pop_amp': 0.0051064390141356076, 'pop_peak': 0.5830251138223871, 'pop_sig': 0.44330519019214687, 'fuel_k': 3.307243054352224, 'fuel_half': 0.24149041994313536}. Best is trial 0 with value: -0.6094076133578652.
[I 2026-08-19 17:36:13,708] Trial 1347 finished with value: 0.5878057690654603 and parameters: {'k1': 0.008474460855224946, 'D_low': 1.8675947517281988, 'k2': 0.0004698299539272634, 'D_high': 872168.7307274127, 'fire_exp': 9.482731996454945, 'P_half': 1.267633403266538, 'pre_dampen_half': 3.0693276394444258, 'gpp_af': 0.001169382222913811, 'gpp_b': 0.00017797305199371055, 'gpp_d': 164.40138357600563, 'ign_k': 0.030430861728872792, 'ign_c': 0.4442092325687143, 'trop_agb_crit': 29.485743773221596, 'trop_k_veg': 1.5977327607382792, 'pop_amp': 0.010802872712392483, 'pop_peak': 0.1613504214260657, 'pop_sig': 0.3762426443379805, 'fuel_k': 1.613958494457623, 'fuel_half': 0.31735044357406383}. Best is trial 0 with value: -0.6094076133578652.
[I 2026-08-19 17:36:15,722] Trial 1348 finished with value: 0.5735616212753951 and parameters: {'k1': 3.5612310173531144e-05, 'D_low': 1297.3420438902256, 'k2': 2.899960939007903e-05, 'D_high': 1886304.6062081465, 'fire_exp': 3.2314059442062115, 'P_half': 30.858113219707672, 'pre_dampen_half': 0.1047762333548229, 'gpp_af': 0.11022910720536808, 'gpp_b': 0.0004877725268177142, 'gpp_d': 67.08829666635536, 'ign_k': 0.002978323146746686, 'ign_c': 0.4093972743102206, 'trop_agb_crit': 15.95357702288079, 'trop_k_veg': 4.11074540990638, 'pop_amp': 1.9561320779241314, 'pop_peak': 4.4785752230589155, 'pop_sig': 0.9653190446835332, 'fuel_k': 0.8542436293355439, 'fuel_half': 0.4787675676235629}. Best is trial 0 with value: -0.6094076133578652.
  trial 1349/2500  best_overall=0.6094  (37.9 min)
[I 2026-08-19 17:36:18,003] Trial 1349 finished with value: 0.5794633785836327 and parameters: {'k1': 0.0022169276382163145, 'D_low': 1.190180225275357, 'k2': 0.003730098168415049, 'D_high': 197217.865699395, 'fire_exp': 4.7247537793163925, 'P_half': 33.55199491983231, 'pre_dampen_half': 0.9182751428569483, 'gpp_af': 0.026370322112048112, 'gpp_b': 1.8280543765970197e-05, 'gpp_d': 4.7803185382839954, 'ign_k': 0.009394631491692246, 'ign_c': 2.5249080740647116, 'trop_agb_crit': 26.159987075355914, 'trop_k_veg': 1.6381786167746113, 'pop_amp': 0.04637610778651702, 'pop_peak': 0.15548375994825328, 'pop_sig': 1.1185053812029433, 'fuel_k': 3.7216883628248634, 'fuel_half': 1.228933566964715}. Best is trial 0 with value: -0.6094076133578652.
[I 2026-08-19 17:36:19,881] Trial 1350 finished with value: 0.4327042163580259 and parameters: {'k1': 0.0031161703300331134, 'D_low': 6.7899348476798576, 'k2': 0.0021222666577195076, 'D_high': 371129.28655604663, 'fire_exp': 2.1627742412517863, 'P_half': 4.772535019145186, 'pre_dampen_half': 11.822477624550592, 'gpp_af': 0.1409075229735094, 'gpp_b': 0.005161378249146454, 'gpp_d': 414.7750095454546, 'ign_k': 2.8353168922966563, 'ign_c': 7.341006913132337, 'trop_agb_crit': 3.530313707928975, 'trop_k_veg': 7.888851327611704, 'pop_amp': 0.0012394704444740592, 'pop_peak': 0.12921175452049324, 'pop_sig': 0.73772271874432, 'fuel_k': 0.5436335148966993, 'fuel_half': 1.9404956087270735}. Best is trial 0 with value: -0.6094076133578652.
[I 2026-08-19 17:36:21,735] Trial 1351 finished with value: 0.6448403258511709 and parameters: {'k1': 1.2502395006030446e-05, 'D_low': 15.807572574302998, 'k2': 0.0028498265949981885, 'D_high': 1430376.0097444053, 'fire_exp': 6.39292649200832, 'P_half': 93.04904238812412, 'pre_dampen_half': 0.2475420092957943, 'gpp_af': 0.01806724002469483, 'gpp_b': 7.5734486700729455, 'gpp_d': 2.405671893560825, 'ign_k': 0.19264345282849818, 'ign_c': 0.13628345029826727, 'trop_agb_crit': 7.2352263567257875, 'trop_k_veg': 0.6323856398104718, 'pop_amp': 5.567978070376704, 'pop_peak': 24.59340450431376, 'pop_sig': 0.6031064626754198, 'fuel_k': 0.5779654764190851, 'fuel_half': 0.5980876041836477}. Best is trial 0 with value: -0.6094076133578652.
[I 2026-08-19 17:36:23,557] Trial 1352 finished with value: 0.5605366497258031 and parameters: {'k1': 0.010667314326813357, 'D_low': 5.677903398608007, 'k2': 0.0023189868348208937, 'D_high': 652821.7695826478, 'fire_exp': 6.2840251295149425, 'P_half': 5.262051585459425, 'pre_dampen_half': 1.8199961783225307, 'gpp_af': 0.008178204248810085, 'gpp_b': 0.01303748285601211, 'gpp_d': 2.9213777405474928, 'ign_k': 0.14223980520228507, 'ign_c': 0.13475705784014994, 'trop_agb_crit': 6.2594885328961105, 'trop_k_veg': 0.9795974539936332, 'pop_amp': 9.401119089534188, 'pop_peak': 7.8565631495103005, 'pop_sig': 2.1073364752501065, 'fuel_k': 4.559040195160267, 'fuel_half': 0.5448759174815763}. Best is trial 0 with value: -0.6094076133578652.
[I 2026-08-19 17:36:25,400] Trial 1353 finished with value: 0.5294126864883174 and parameters: {'k1': 0.03810651749002589, 'D_low': 1.0275510980653748, 'k2': 3.550193996139808e-05, 'D_high': 587327.8029994573, 'fire_exp': 2.7123097819255526, 'P_half': 3.472430753723726, 'pre_dampen_half': 0.4836410161712938, 'gpp_af': 0.009409490891709728, 'gpp_b': 0.00048807841653299844, 'gpp_d': 11.97840240727671, 'ign_k': 0.03633423879151678, 'ign_c': 3.8773458088504453, 'trop_agb_crit': 5.662816274198404, 'trop_k_veg': 5.329161034407697, 'pop_amp': 0.009605136048912435, 'pop_peak': 0.05544380269229746, 'pop_sig': 0.6246939776028211, 'fuel_k': 1.5049872337682872, 'fuel_half': 0.2638310026155796}. Best is trial 0 with value: -0.6094076133578652.
[I 2026-08-19 17:36:27,285] Trial 1354 finished with value: 0.6021292661661157 and parameters: {'k1': 0.007587222633813525, 'D_low': 3683.1718009146766, 'k2': 0.006173957365087091, 'D_high': 411719.69208874064, 'fire_exp': 4.44318968661152, 'P_half': 1.7474547862231915, 'pre_dampen_half': 6.235400929409872, 'gpp_af': 0.0015852275258400462, 'gpp_b': 0.0035001855450869017, 'gpp_d': 35.712394533814496, 'ign_k': 0.018773825298586906, 'ign_c': 0.6301456784561275, 'trop_agb_crit': 24.039774963593512, 'trop_k_veg': 0.8189687200236601, 'pop_amp': 0.008004236362727865, 'pop_peak': 0.17341303636590918, 'pop_sig': 1.2574106271761547, 'fuel_k': 3.3822728808649862, 'fuel_half': 2.144108719802662}. Best is trial 0 with value: -0.6094076133578652.
[I 2026-08-19 17:36:29,425] Trial 1355 finished with value: 0.5850608361025187 and parameters: {'k1': 0.0006809894128441184, 'D_low': 1.0346895854840064, 'k2': 0.00034985966248171597, 'D_high': 115349.38472918139, 'fire_exp': 6.127139986144468, 'P_half': 1.9559806712474241, 'pre_dampen_half': 26.142853078478907, 'gpp_af': 0.004834299970013869, 'gpp_b': 0.00015246013328889515, 'gpp_d': 87.99978675935044, 'ign_k': 0.009839967435546437, 'ign_c': 5.593203167714668, 'trop_agb_crit': 23.743642131254898, 'trop_k_veg': 1.1422513636596507, 'pop_amp': 0.0073849134894622215, 'pop_peak': 0.072014549666368, 'pop_sig': 0.809249231533628, 'fuel_k': 3.0700075635633715, 'fuel_half': 0.8378703504217317}. Best is trial 0 with value: -0.6094076133578652.
[I 2026-08-19 17:36:31,541] Trial 1356 finished with value: 0.4885523579427964 and parameters: {'k1': 0.0037759290515446985, 'D_low': 95.98905040934903, 'k2': 0.001449381101552475, 'D_high': 85261.59505393263, 'fire_exp': 8.422129004903429, 'P_half': 3.3554345514996493, 'pre_dampen_half': 2.7889921157941013, 'gpp_af': 0.02362151288389053, 'gpp_b': 7.523262815153147e-05, 'gpp_d': 34.512827122810286, 'ign_k': 0.14685409632439517, 'ign_c': 0.5868913036783246, 'trop_agb_crit': 20.6741003313219, 'trop_k_veg': 5.809841926611594, 'pop_amp': 0.002712185107428158, 'pop_peak': 0.078109198969295, 'pop_sig': 0.30505603103618006, 'fuel_k': 0.5096156398208952, 'fuel_half': 0.20993820069239685}. Best is trial 0 with value: -0.6094076133578652.
[I 2026-08-19 17:36:33,669] Trial 1357 finished with value: -0.5848903760443642 and parameters: {'k1': 0.00039109410936490367, 'D_low': 572.2350086001753, 'k2': 0.001478745773470272, 'D_high': 5671807.154785501, 'fire_exp': 2.872142488017043, 'P_half': 31.67502311048041, 'pre_dampen_half': 1.96385494659989, 'gpp_af': 0.4823001063006653, 'gpp_b': 0.0005171048051811994, 'gpp_d': 412.7982103911491, 'ign_k': 0.14539624579633317, 'ign_c': 0.10350938907356386, 'trop_agb_crit': 19.129741681908467, 'trop_k_veg': 1.3752849622232526, 'pop_amp': 0.5522946511008096, 'pop_peak': 1.1218255281573175, 'pop_sig': 0.880505947818474, 'fuel_k': 0.05094926116816866, 'fuel_half': 0.1173300516996162}. Best is trial 0 with value: -0.6094076133578652.
[I 2026-08-19 17:36:35,426] Trial 1358 finished with value: 0.5184112698834177 and parameters: {'k1': 0.0006592239903955258, 'D_low': 10738.749438512958, 'k2': 6.65413619510846e-05, 'D_high': 2386569.824095877, 'fire_exp': 4.501991172834038, 'P_half': 96.08655996697777, 'pre_dampen_half': 4.531839225720972, 'gpp_af': 3.2786626663452743, 'gpp_b': 0.0006377949379554479, 'gpp_d': 17.86677734374717, 'ign_k': 0.495719810516297, 'ign_c': 0.2844010308692987, 'trop_agb_crit': 29.373835629137016, 'trop_k_veg': 1.13090923351757, 'pop_amp': 0.05067682121453236, 'pop_peak': 0.46164026033595035, 'pop_sig': 0.8395765543326561, 'fuel_k': 0.01064578428800229, 'fuel_half': 0.8580276424593899}. Best is trial 0 with value: -0.6094076133578652.
[I 2026-08-19 17:36:37,110] Trial 1359 finished with value: -0.5666546285854979 and parameters: {'k1': 0.00040280432979307977, 'D_low': 265.0894978526932, 'k2': 0.0013393482641812433, 'D_high': 1372930.2600648147, 'fire_exp': 3.3710500007358726, 'P_half': 97.67116556302561, 'pre_dampen_half': 3.7083830767139556, 'gpp_af': 0.2240497640581923, 'gpp_b': 8.442089848499819e-05, 'gpp_d': 119.17809494061044, 'ign_k': 0.9841700756592984, 'ign_c': 1.5008855237845111, 'trop_agb_crit': 16.29572158810151, 'trop_k_veg': 1.0372719779025346, 'pop_amp': 0.5460926537438227, 'pop_peak': 0.35345836505887596, 'pop_sig': 0.501865556709559, 'fuel_k': 0.15526184885437683, 'fuel_half': 0.11970271504180742}. Best is trial 0 with value: -0.6094076133578652.
  trial 1360/2500  best_overall=0.6094  (38.2 min)
[I 2026-08-19 17:36:39,212] Trial 1360 finished with value: 0.43775618122699067 and parameters: {'k1': 8.83828498054256e-05, 'D_low': 176.44170750426218, 'k2': 0.002458777270941877, 'D_high': 954475.710752335, 'fire_exp': 3.893305509329997, 'P_half': 2.333985292210327, 'pre_dampen_half': 14.764029651045837, 'gpp_af': 0.021916315066060947, 'gpp_b': 8.75203659151822e-05, 'gpp_d': 879.1230131420591, 'ign_k': 0.07197237749698526, 'ign_c': 3.7100279753672267, 'trop_agb_crit': 11.171190867775323, 'trop_k_veg': 5.3380199817510245, 'pop_amp': 0.0017147270690512834, 'pop_peak': 0.12303339740222555, 'pop_sig': 0.7369869581625471, 'fuel_k': 2.424572263841602, 'fuel_half': 0.43029115659736267}. Best is trial 0 with value: -0.6094076133578652.
[I 2026-08-19 17:36:40,880] Trial 1361 finished with value: 0.4290853978612248 and parameters: {'k1': 0.0008170688752752505, 'D_low': 15.383063452297623, 'k2': 0.0005437806775663092, 'D_high': 3353178.116610147, 'fire_exp': 1.554605797663364, 'P_half': 25.687873301506123, 'pre_dampen_half': 5.971725518500522, 'gpp_af': 0.5642300662367995, 'gpp_b': 0.00019871668539464535, 'gpp_d': 58.22526010350446, 'ign_k': 0.2810557208791312, 'ign_c': 0.36140697703828056, 'trop_agb_crit': 14.945349925146163, 'trop_k_veg': 1.0051223700086402, 'pop_amp': 0.10162311491295616, 'pop_peak': 0.34635032730282334, 'pop_sig': 1.1016274065247191, 'fuel_k': 0.0582561355606201, 'fuel_half': 0.40936686406006284}. Best is trial 0 with value: -0.6094076133578652.
