[I 2026-07-22 21:56:20,741] Trial 562 finished with values: [-0.3213575459022699, 0.1182148650270537] and parameters: {'k1': 0.0029707920514735983, 'D_low': 4.043300846639722, 'k2': 0.020679187143488792, 'D_high': 822494.7917407941, 'fire_exp': 1.0689448798385355, 'P_half': 1938.3858782150498, 'pre_dampen_half': 33.97904243111269, 'gpp_af': 0.0025511964576171086, 'gpp_b': 3.228689523591491e-05, 'gpp_d': 302.3127748796295, 'ign_k': 0.018707420137660268, 'ign_c': 3.0378658251922155, 'trop_agb_crit': 15.870971677383487, 'trop_k_veg': 6.911478238001162, 'fuel_k': 2.860614210639247, 'fuel_half': 38.21129441691226}.
[I 2026-07-22 21:56:21,163] Trial 563 finished with values: [11.101320055682622, 11.101320055682622] and parameters: {'k1': 8.17182556771865e-05, 'D_low': 864.0717009254879, 'k2': 7.67074891445376e-05, 'D_high': 8433503.858791472, 'fire_exp': 1.2144541560280293, 'P_half': 277.92265849300054, 'pre_dampen_half': 10.059683154936915, 'gpp_af': 42.29037995744429, 'gpp_b': 3.228689523591491e-05, 'gpp_d': 25.017068255320467, 'ign_k': 0.04732407125181112, 'ign_c': 4.406703994564745, 'trop_agb_crit': 1.7813653882411722, 'trop_k_veg': 1.140286245977296, 'fuel_k': 3.6992394681929355, 'fuel_half': 0.33988503110784557}.
[I 2026-07-22 21:56:21,584] Trial 564 finished with values: [-0.5115487084966438, 0.06776872797268618] and parameters: {'k1': 0.09738633019266786, 'D_low': 864.0717009254879, 'k2': 2.1698375693549493e-05, 'D_high': 8433503.858791472, 'fire_exp': 2.3750840427797026, 'P_half': 119.9763911113096, 'pre_dampen_half': 33.71909132517388, 'gpp_af': 42.29037995744429, 'gpp_b': 0.00012118589392553819, 'gpp_d': 373.3014953695604, 'ign_k': 0.050667002161528835, 'ign_c': 0.13670484737132343, 'trop_agb_crit': 10.719494362768906, 'trop_k_veg': 6.911478238001162, 'fuel_k': 3.6992394681929355, 'fuel_half': 18.202647368248815}.
[I 2026-07-22 21:56:22,037] Trial 565 finished with values: [10.118807777857766, 10.118807777857766] and parameters: {'k1': 0.003198020818004832, 'D_low': 4.043300846639722, 'k2': 3.349496364344092e-05, 'D_high': 3390.98259947779, 'fire_exp': 1.288726787994845, 'P_half': 245.27450543222417, 'pre_dampen_half': 158.2364439052928, 'gpp_af': 2.114381609520638, 'gpp_b': 0.00012118589392553819, 'gpp_d': 316.31196273374786, 'ign_k': 0.006039096247545781, 'ign_c': 2.5923015361558552, 'trop_agb_crit': 2.419699259862185, 'trop_k_veg': 2.3703642788018935, 'fuel_k': 0.028970790717327534, 'fuel_half': 18.202647368248815}.
  trial  566/1500  pareto_size=3  best_taylor=0.7070  best_ilamb=0.5392  (4.1 min)
[I 2026-07-22 21:56:22,577] Trial 566 finished with values: [-0.627868397935755, 0.11623011141653738] and parameters: {'k1': 6.693990428538841e-05, 'D_low': 8454.098152188677, 'k2': 2.8459703343413838e-05, 'D_high': 8433503.858791472, 'fire_exp': 2.3750840427797026, 'P_half': 1.4378290221680121, 'pre_dampen_half': 33.71909132517388, 'gpp_af': 1.4498445474033743, 'gpp_b': 0.0002637687576667052, 'gpp_d': 6.91394869865762, 'ign_k': 4.59148521674054, 'ign_c': 0.13670484737132343, 'trop_agb_crit': 10.719494362768906, 'trop_k_veg': 1.140286245977296, 'fuel_k': 3.6992394681929355, 'fuel_half': 81.87941582538087}.
[I 2026-07-22 21:56:23,022] Trial 567 finished with values: [-0.34708287098651913, 0.11737710075300878] and parameters: {'k1': 0.09738633019266786, 'D_low': 13.25142220631392, 'k2': 2.1698375693549493e-05, 'D_high': 2512533.442757688, 'fire_exp': 2.0445716298761494, 'P_half': 24.184227958471602, 'pre_dampen_half': 3.9885726374014694, 'gpp_af': 1.1300566419249867, 'gpp_b': 1.7565109007473816e-05, 'gpp_d': 8.057329182285729, 'ign_k': 0.012566783761977915, 'ign_c': 4.1108484350212295, 'trop_agb_crit': 15.870971677383487, 'trop_k_veg': 0.5415365826598848, 'fuel_k': 1.312881567992459, 'fuel_half': 81.87941582538087}.
[I 2026-07-22 21:56:23,453] Trial 568 finished with values: [-0.5905365327458291, 0.1399486356496189] and parameters: {'k1': 0.0003199177539819797, 'D_low': 1.1640589436768796, 'k2': 0.07799059237255677, 'D_high': 2512533.442757688, 'fire_exp': 1.7650286443463072, 'P_half': 27.59069025439785, 'pre_dampen_half': 10.059683154936915, 'gpp_af': 0.0025511964576171086, 'gpp_b': 1.2892705405728861e-05, 'gpp_d': 129.7393125993744, 'ign_k': 0.050667002161528835, 'ign_c': 0.19678273362633986, 'trop_agb_crit': 1.4914219038863046, 'trop_k_veg': 1.618831710447345, 'fuel_k': 0.6211831489538813, 'fuel_half': 10.06119804781128}.
[I 2026-07-22 21:56:23,886] Trial 569 finished with values: [10.058245635163482, 10.058245635163482] and parameters: {'k1': 0.052334804885400876, 'D_low': 4.043300846639722, 'k2': 2.1698375693549493e-05, 'D_high': 1693415.5410667954, 'fire_exp': 1.0689448798385355, 'P_half': 1938.3858782150498, 'pre_dampen_half': 33.97904243111269, 'gpp_af': 2.114381609520638, 'gpp_b': 3.228689523591491e-05, 'gpp_d': 857.4284557962626, 'ign_k': 0.03141110271934876, 'ign_c': 3.0378658251922155, 'trop_agb_crit': 1.3839399385754507, 'trop_k_veg': 6.911478238001162, 'fuel_k': 1.8731335591844647, 'fuel_half': 18.202647368248815}.
[I 2026-07-22 21:56:24,328] Trial 570 finished with values: [-0.6164765277814074, 0.13285030819620658] and parameters: {'k1': 0.09738633019266786, 'D_low': 91.66403471455098, 'k2': 2.8459703343413838e-05, 'D_high': 1693415.5410667954, 'fire_exp': 2.3123511487896353, 'P_half': 9.324787201197319, 'pre_dampen_half': 10.059683154936915, 'gpp_af': 1.1300566419249867, 'gpp_b': 1.7565109007473816e-05, 'gpp_d': 8.057329182285729, 'ign_k': 0.050667002161528835, 'ign_c': 4.1108484350212295, 'trop_agb_crit': 15.870971677383487, 'trop_k_veg': 6.911478238001162, 'fuel_k': 0.7156083490235493, 'fuel_half': 18.202647368248815}.
[I 2026-07-22 21:56:24,766] Trial 571 finished with values: [10.575347194320784, 10.575347194320784] and parameters: {'k1': 9.969469187531805e-05, 'D_low': 8454.098152188677, 'k2': 0.030699709531122953, 'D_high': 160625.60954780428, 'fire_exp': 2.2271826002669806, 'P_half': 245.27450543222417, 'pre_dampen_half': 33.71909132517388, 'gpp_af': 2.114381609520638, 'gpp_b': 0.00011277885258222645, 'gpp_d': 373.3014953695604, 'ign_k': 0.04732407125181112, 'ign_c': 0.13670484737132343, 'trop_agb_crit': 10.719494362768906, 'trop_k_veg': 6.911478238001162, 'fuel_k': 0.017262921159278164, 'fuel_half': 16.371966573507315}.
[I 2026-07-22 21:56:25,198] Trial 572 finished with values: [10.676685933996533, 10.676685933996533] and parameters: {'k1': 0.003129228656360861, 'D_low': 4.043300846639722, 'k2': 0.05438762195226743, 'D_high': 1693415.5410667954, 'fire_exp': 2.2271826002669806, 'P_half': 119.9763911113096, 'pre_dampen_half': 33.97904243111269, 'gpp_af': 0.0025511964576171086, 'gpp_b': 0.005135775987795958, 'gpp_d': 373.3014953695604, 'ign_k': 0.050667002161528835, 'ign_c': 4.1108484350212295, 'trop_agb_crit': 15.870971677383487, 'trop_k_veg': 3.024803048559367, 'fuel_k': 0.028970790717327534, 'fuel_half': 18.202647368248815}.
[I 2026-07-22 21:56:25,638] Trial 573 finished with values: [13.903502087145839, 13.903502087145839] and parameters: {'k1': 0.0029707920514735983, 'D_low': 91.66403471455098, 'k2': 2.1698375693549493e-05, 'D_high': 1693415.5410667954, 'fire_exp': 1.0689448798385355, 'P_half': 9.324787201197319, 'pre_dampen_half': 10.059683154936915, 'gpp_af': 0.8571213555597654, 'gpp_b': 3.228689523591491e-05, 'gpp_d': 8.057329182285729, 'ign_k': 0.018707420137660268, 'ign_c': 3.0378658251922155, 'trop_agb_crit': 15.870971677383487, 'trop_k_veg': 6.911478238001162, 'fuel_k': 0.02929333925546488, 'fuel_half': 38.21129441691226}.
[I 2026-07-22 21:56:26,079] Trial 574 finished with values: [10.769011309622009, 10.769011309622009] and parameters: {'k1': 0.0029707920514735983, 'D_low': 26378.036791458417, 'k2': 2.8459703343413838e-05, 'D_high': 3569.592428042591, 'fire_exp': 1.5922031489278718, 'P_half': 1938.3858782150498, 'pre_dampen_half': 3.9885726374014694, 'gpp_af': 0.0025511964576171086, 'gpp_b': 3.228689523591491e-05, 'gpp_d': 8.057329182285729, 'ign_k': 0.004144296901136395, 'ign_c': 4.1108484350212295, 'trop_agb_crit': 15.870971677383487, 'trop_k_veg': 0.5415365826598848, 'fuel_k': 5.486054129200971, 'fuel_half': 0.253071961271088}.
[I 2026-07-22 21:56:26,514] Trial 575 finished with values: [10.759722535652887, 10.759722535652887] and parameters: {'k1': 6.693990428538841e-05, 'D_low': 150238.92424595376, 'k2': 2.1698375693549493e-05, 'D_high': 8433503.858791472, 'fire_exp': 1.219689929203564, 'P_half': 119.9763911113096, 'pre_dampen_half': 19.21689966904806, 'gpp_af': 1.4498445474033743, 'gpp_b': 3.228689523591491e-05, 'gpp_d': 25.017068255320467, 'ign_k': 0.050667002161528835, 'ign_c': 3.0378658251922155, 'trop_agb_crit': 6.058402553512053, 'trop_k_veg': 6.911478238001162, 'fuel_k': 3.6992394681929355, 'fuel_half': 18.202647368248815}.
[I 2026-07-22 21:56:26,941] Trial 576 finished with values: [11.111989687073994, 11.111989687073994] and parameters: {'k1': 3.6595533391425955e-05, 'D_low': 13.25142220631392, 'k2': 2.1698375693549493e-05, 'D_high': 107013.64911724928, 'fire_exp': 1.0916631511885018, 'P_half': 119.9763911113096, 'pre_dampen_half': 33.97904243111269, 'gpp_af': 0.06789053271698488, 'gpp_b': 1.3862179439161665e-05, 'gpp_d': 373.3014953695604, 'ign_k': 0.050667002161528835, 'ign_c': 11.40086370112731, 'trop_agb_crit': 15.870971677383487, 'trop_k_veg': 2.96469974704069, 'fuel_k': 0.028970790717327534, 'fuel_half': 6.626468049070087}.
[I 2026-07-22 21:56:27,379] Trial 577 finished with values: [10.585047530902909, 10.585047530902909] and parameters: {'k1': 0.052334804885400876, 'D_low': 4.043300846639722, 'k2': 2.8459703343413838e-05, 'D_high': 19062.702769029394, 'fire_exp': 1.0482996836046896, 'P_half': 9.324787201197319, 'pre_dampen_half': 868.1843415114095, 'gpp_af': 0.06789053271698488, 'gpp_b': 0.02048523887932671, 'gpp_d': 8.057329182285729, 'ign_k': 0.008468146923166088, 'ign_c': 3.661204467448704, 'trop_agb_crit': 6.119263728555865, 'trop_k_veg': 0.5415365826598848, 'fuel_k': 1.8731335591844647, 'fuel_half': 38.21129441691226}.
[I 2026-07-22 21:56:27,802] Trial 578 finished with values: [-0.5894399696069784, 0.12676900268234226] and parameters: {'k1': 0.003242143344038315, 'D_low': 4.043300846639722, 'k2': 1.6559474674046002e-05, 'D_high': 2512533.442757688, 'fire_exp': 2.2271826002669806, 'P_half': 119.9763911113096, 'pre_dampen_half': 33.97904243111269, 'gpp_af': 2.114381609520638, 'gpp_b': 3.228689523591491e-05, 'gpp_d': 0.4841900740994021, 'ign_k': 0.23872908899163253, 'ign_c': 3.4084279109230433, 'trop_agb_crit': 5.707205898008383, 'trop_k_veg': 6.911478238001162, 'fuel_k': 0.09252659617259135, 'fuel_half': 38.21129441691226}.
[I 2026-07-22 21:56:28,232] Trial 579 finished with values: [10.567244572147617, 10.567244572147617] and parameters: {'k1': 0.09738633019266786, 'D_low': 8454.098152188677, 'k2': 2.1698375693549493e-05, 'D_high': 8433503.858791472, 'fire_exp': 2.3750840427797026, 'P_half': 28.15630081597223, 'pre_dampen_half': 19.21689966904806, 'gpp_af': 42.29037995744429, 'gpp_b': 0.009563154080872067, 'gpp_d': 25.017068255320467, 'ign_k': 0.050667002161528835, 'ign_c': 2.4423775964038934, 'trop_agb_crit': 10.719494362768906, 'trop_k_veg': 6.911478238001162, 'fuel_k': 3.6992394681929355, 'fuel_half': 91.90868674438059}.
[I 2026-07-22 21:56:28,658] Trial 580 finished with values: [10.089169395324449, 10.089169395324449] and parameters: {'k1': 0.003242143344038315, 'D_low': 11.437258028094242, 'k2': 0.0034207303670092245, 'D_high': 580966.5602369158, 'fire_exp': 2.3123511487896353, 'P_half': 9.324787201197319, 'pre_dampen_half': 868.1843415114095, 'gpp_af': 0.06789053271698488, 'gpp_b': 0.02048523887932671, 'gpp_d': 373.3014953695604, 'ign_k': 0.04732407125181112, 'ign_c': 8.356564873457042, 'trop_agb_crit': 10.719494362768906, 'trop_k_veg': 1.140286245977296, 'fuel_k': 0.028970790717327534, 'fuel_half': 42.6871254378718}.
[I 2026-07-22 21:56:29,088] Trial 581 finished with values: [10.310792606665302, 10.310792606665302] and parameters: {'k1': 0.003242143344038315, 'D_low': 13.25142220631392, 'k2': 1.6559474674046002e-05, 'D_high': 1693415.5410667954, 'fire_exp': 1.5922031489278718, 'P_half': 9.324787201197319, 'pre_dampen_half': 10.059683154936915, 'gpp_af': 0.0025511964576171086, 'gpp_b': 0.002022832315155261, 'gpp_d': 8.057329182285729, 'ign_k': 0.004144296901136395, 'ign_c': 4.1108484350212295, 'trop_agb_crit': 5.707205898008383, 'trop_k_veg': 2.2426202441332554, 'fuel_k': 0.09252659617259135, 'fuel_half': 2.276766792290519}.
[I 2026-07-22 21:56:29,512] Trial 582 finished with values: [10.344235030037945, 10.344235030037945] and parameters: {'k1': 9.969469187531805e-05, 'D_low': 11.437258028094242, 'k2': 2.1698375693549493e-05, 'D_high': 2512533.442757688, 'fire_exp': 2.3123511487896353, 'P_half': 60.42560675552672, 'pre_dampen_half': 868.1843415114095, 'gpp_af': 0.3259758793317361, 'gpp_b': 6.586254606637078e-05, 'gpp_d': 25.017068255320467, 'ign_k': 0.04732407125181112, 'ign_c': 16.626592254031866, 'trop_agb_crit': 10.719494362768906, 'trop_k_veg': 0.5695379443977426, 'fuel_k': 0.017262921159278164, 'fuel_half': 42.6871254378718}.
[I 2026-07-22 21:56:29,943] Trial 583 finished with values: [10.570547440728813, 10.570547440728813] and parameters: {'k1': 0.006033623633620595, 'D_low': 13.25142220631392, 'k2': 0.030699709531122953, 'D_high': 2512533.442757688, 'fire_exp': 2.3750840427797026, 'P_half': 270.15957920129443, 'pre_dampen_half': 3.9885726374014694, 'gpp_af': 1.4498445474033743, 'gpp_b': 0.00011277885258222645, 'gpp_d': 373.3014953695604, 'ign_k': 0.004144296901136395, 'ign_c': 16.626592254031866, 'trop_agb_crit': 15.870971677383487, 'trop_k_veg': 1.140286245977296, 'fuel_k': 0.028970790717327534, 'fuel_half': 81.87941582538087}.
[I 2026-07-22 21:56:30,380] Trial 584 finished with values: [-0.5371420591958703, 0.12295258105436468] and parameters: {'k1': 0.0029707920514735983, 'D_low': 4.043300846639722, 'k2': 2.8459703343413838e-05, 'D_high': 1693415.5410667954, 'fire_exp': 1.5922031489278718, 'P_half': 9.324787201197319, 'pre_dampen_half': 3.9885726374014694, 'gpp_af': 0.0025511964576171086, 'gpp_b': 3.228689523591491e-05, 'gpp_d': 1.050978521342778, 'ign_k': 0.004144296901136395, 'ign_c': 4.1108484350212295, 'trop_agb_crit': 15.870971677383487, 'trop_k_veg': 6.911478238001162, 'fuel_k': 0.6199941538390381, 'fuel_half': 18.202647368248815}.
[I 2026-07-22 21:56:30,808] Trial 585 finished with values: [10.34555701787543, 10.34555701787543] and parameters: {'k1': 0.09738633019266786, 'D_low': 864.0717009254879, 'k2': 2.1698375693549493e-05, 'D_high': 8433503.858791472, 'fire_exp': 2.2271826002669806, 'P_half': 119.9763911113096, 'pre_dampen_half': 33.97904243111269, 'gpp_af': 0.0025511964576171086, 'gpp_b': 0.00012118589392553819, 'gpp_d': 373.3014953695604, 'ign_k': 0.050667002161528835, 'ign_c': 3.0378658251922155, 'trop_agb_crit': 15.870971677383487, 'trop_k_veg': 6.911478238001162, 'fuel_k': 3.6992394681929355, 'fuel_half': 18.202647368248815}.
[I 2026-07-22 21:56:31,240] Trial 586 finished with values: [10.353208485316182, 10.353208485316182] and parameters: {'k1': 9.969469187531805e-05, 'D_low': 1.1640589436768796, 'k2': 1.6559474674046002e-05, 'D_high': 2512533.442757688, 'fire_exp': 2.3750840427797026, 'P_half': 1.4378290221680121, 'pre_dampen_half': 10.059683154936915, 'gpp_af': 42.29037995744429, 'gpp_b': 0.002022832315155261, 'gpp_d': 373.3014953695604, 'ign_k': 4.59148521674054, 'ign_c': 16.626592254031866, 'trop_agb_crit': 10.719494362768906, 'trop_k_veg': 1.140286245977296, 'fuel_k': 3.6992394681929355, 'fuel_half': 16.371966573507315}.
[I 2026-07-22 21:56:31,668] Trial 587 finished with values: [10.309512345197506, 10.309512345197506] and parameters: {'k1': 0.02806535913298299, 'D_low': 4.043300846639722, 'k2': 0.0007406380926311093, 'D_high': 30235.506416287044, 'fire_exp': 2.264545306066772, 'P_half': 51.61767747867285, 'pre_dampen_half': 6.881834772031151, 'gpp_af': 0.06789053271698488, 'gpp_b': 0.00012118589392553819, 'gpp_d': 6.91394869865762, 'ign_k': 0.006290644294586149, 'ign_c': 71.28188058401358, 'trop_agb_crit': 2.419699259862185, 'trop_k_veg': 2.3703642788018935, 'fuel_k': 1.3863198285285168, 'fuel_half': 14.216519889545312}.
[I 2026-07-22 21:56:32,098] Trial 588 finished with values: [10.78984553938804, 10.78984553938804] and parameters: {'k1': 0.003242143344038315, 'D_low': 4.043300846639722, 'k2': 0.07799059237255677, 'D_high': 2512533.442757688, 'fire_exp': 2.3123511487896353, 'P_half': 27.59069025439785, 'pre_dampen_half': 33.97904243111269, 'gpp_af': 18.235072804314193, 'gpp_b': 3.228689523591491e-05, 'gpp_d': 302.3127748796295, 'ign_k': 0.04732407125181112, 'ign_c': 3.0378658251922155, 'trop_agb_crit': 5.707205898008383, 'trop_k_veg': 1.6340262437673856, 'fuel_k': 1.2528108647479208, 'fuel_half': 2.276766792290519}.
[I 2026-07-22 21:56:32,523] Trial 589 finished with values: [10.515808888934176, 10.515808888934176] and parameters: {'k1': 0.003242143344038315, 'D_low': 8454.098152188677, 'k2': 0.002342238625792905, 'D_high': 2512533.442757688, 'fire_exp': 2.3123511487896353, 'P_half': 27.59069025439785, 'pre_dampen_half': 33.71909132517388, 'gpp_af': 18.235072804314193, 'gpp_b': 0.002022832315155261, 'gpp_d': 6.91394869865762, 'ign_k': 0.04732407125181112, 'ign_c': 0.13670484737132343, 'trop_agb_crit': 10.719494362768906, 'trop_k_veg': 1.6340262437673856, 'fuel_k': 0.09252659617259135, 'fuel_half': 81.87941582538087}.
[I 2026-07-22 21:56:32,953] Trial 590 finished with values: [-0.36142628529731935, 0.1054275030089955] and parameters: {'k1': 9.969469187531805e-05, 'D_low': 8454.098152188677, 'k2': 0.0007406380926311093, 'D_high': 30235.506416287044, 'fire_exp': 2.264545306066772, 'P_half': 1.4378290221680121, 'pre_dampen_half': 33.71909132517388, 'gpp_af': 0.06789053271698488, 'gpp_b': 1.2892705405728861e-05, 'gpp_d': 373.3014953695604, 'ign_k': 0.5884974770225297, 'ign_c': 0.13670484737132343, 'trop_agb_crit': 15.870971677383487, 'trop_k_veg': 0.5687244174086067, 'fuel_k': 0.017262921159278164, 'fuel_half': 38.21129441691226}.
[I 2026-07-22 21:56:33,384] Trial 591 finished with values: [10.769115307255783, 10.769115307255783] and parameters: {'k1': 0.052334804885400876, 'D_low': 4.043300846639722, 'k2': 2.1698375693549493e-05, 'D_high': 1693415.5410667954, 'fire_exp': 1.0689448798385355, 'P_half': 1938.3858782150498, 'pre_dampen_half': 33.97904243111269, 'gpp_af': 0.0025511964576171086, 'gpp_b': 8.862086040604613, 'gpp_d': 302.3127748796295, 'ign_k': 0.018707420137660268, 'ign_c': 3.0378658251922155, 'trop_agb_crit': 15.870971677383487, 'trop_k_veg': 1.6340262437673856, 'fuel_k': 1.8731335591844647, 'fuel_half': 38.21129441691226}.
[I 2026-07-22 21:56:33,814] Trial 592 finished with values: [-0.48811741118082863, 0.08983796198421956] and parameters: {'k1': 0.008822833027501576, 'D_low': 4.043300846639722, 'k2': 2.1698375693549493e-05, 'D_high': 8433503.858791472, 'fire_exp': 2.3750840427797026, 'P_half': 119.9763911113096, 'pre_dampen_half': 33.71909132517388, 'gpp_af': 0.004385018674829579, 'gpp_b': 1.56731783988398e-05, 'gpp_d': 373.3014953695604, 'ign_k': 0.050667002161528835, 'ign_c': 3.0378658251922155, 'trop_agb_crit': 15.870971677383487, 'trop_k_veg': 6.911478238001162, 'fuel_k': 0.028970790717327534, 'fuel_half': 8.115041565366713}.
[I 2026-07-22 21:56:34,248] Trial 593 finished with values: [10.539440043858711, 10.539440043858711] and parameters: {'k1': 0.09738633019266786, 'D_low': 8454.098152188677, 'k2': 0.002342238625792905, 'D_high': 1693415.5410667954, 'fire_exp': 2.3123511487896353, 'P_half': 1.4378290221680121, 'pre_dampen_half': 10.059683154936915, 'gpp_af': 0.07961191926812566, 'gpp_b': 1.7565109007473816e-05, 'gpp_d': 0.03315494004644147, 'ign_k': 0.050667002161528835, 'ign_c': 0.13670484737132343, 'trop_agb_crit': 10.719494362768906, 'trop_k_veg': 0.977663002683211, 'fuel_k': 3.6992394681929355, 'fuel_half': 81.87941582538087}.
[I 2026-07-22 21:56:34,701] Trial 594 finished with values: [10.613831826825123, 10.613831826825123] and parameters: {'k1': 0.007895056976009628, 'D_low': 3.169598846855015, 'k2': 0.002342238625792905, 'D_high': 8433503.858791472, 'fire_exp': 2.3750840427797026, 'P_half': 334.62201030483817, 'pre_dampen_half': 10.059683154936915, 'gpp_af': 2.114381609520638, 'gpp_b': 0.029533947738179488, 'gpp_d': 6.91394869865762, 'ign_k': 0.006039096247545781, 'ign_c': 0.13670484737132343, 'trop_agb_crit': 10.719494362768906, 'trop_k_veg': 0.977663002683211, 'fuel_k': 0.028970790717327534, 'fuel_half': 81.87941582538087}.
[I 2026-07-22 21:56:35,152] Trial 595 finished with values: [10.564277137252532, 10.564277137252532] and parameters: {'k1': 6.693990428538841e-05, 'D_low': 8454.098152188677, 'k2': 0.002342238625792905, 'D_high': 8433503.858791472, 'fire_exp': 2.3123511487896353, 'P_half': 1.4378290221680121, 'pre_dampen_half': 33.71909132517388, 'gpp_af': 1.4498445474033743, 'gpp_b': 0.002022832315155261, 'gpp_d': 0.23485690470339216, 'ign_k': 0.04732407125181112, 'ign_c': 0.13670484737132343, 'trop_agb_crit': 1.310122900330372, 'trop_k_veg': 0.977663002683211, 'fuel_k': 3.6992394681929355, 'fuel_half': 2.276766792290519}.
[I 2026-07-22 21:56:35,583] Trial 596 finished with values: [10.19928638944757, 10.19928638944757] and parameters: {'k1': 6.693990428538841e-05, 'D_low': 4.043300846639722, 'k2': 0.002342238625792905, 'D_high': 30235.506416287044, 'fire_exp': 2.264545306066772, 'P_half': 1.4378290221680121, 'pre_dampen_half': 33.71909132517388, 'gpp_af': 1.4498445474033743, 'gpp_b': 3.228689523591491e-05, 'gpp_d': 0.4841900740994021, 'ign_k': 0.04732407125181112, 'ign_c': 0.13670484737132343, 'trop_agb_crit': 2.419699259862185, 'trop_k_veg': 6.911478238001162, 'fuel_k': 3.6992394681929355, 'fuel_half': 38.21129441691226}.
