[I 2026-08-06 10:19:18,871] Trial 429 finished with values: [-0.5718637880188545, 0.06050208016181846] and parameters: {'k1': 0.008912611835817005, 'D_low': 355.00125258511594, 'k2': 0.03538758864779238, 'D_high': 11832.967057468773, 'fire_exp': 1.3170256885255098, 'P_half': 5.076307782729897, 'pre_dampen_half': 63.6685916079943, 'gpp_af': 0.6403036652671171, 'gpp_b': 0.006906522645653115, 'gpp_d': 2.944272359149677, 'ign_k': 0.21006485619596416, 'ign_c': 5.13055176058983, 'trop_agb_crit': 1.0903028125370984, 'trop_k_veg': 3.1473758868965476}.
[I 2026-08-06 10:19:20,042] Trial 430 finished with values: [-0.5326083920910811, 0.1758256193071106] and parameters: {'k1': 3.23559867820537e-05, 'D_low': 4.484744524732794, 'k2': 1.915468390724633e-05, 'D_high': 3712.591045287726, 'fire_exp': 1.0629462657398439, 'P_half': 220.3445560633069, 'pre_dampen_half': 693.3733406812293, 'gpp_af': 0.7539992074650279, 'gpp_b': 0.0021331409710300844, 'gpp_d': 16.460426816350523, 'ign_k': 0.010167079878196114, 'ign_c': 15.221840161091626, 'trop_agb_crit': 24.584290528289387, 'trop_k_veg': 1.4584243470991722}.
[I 2026-08-06 10:19:21,216] Trial 431 finished with values: [-0.5225946532426026, 0.06363537307165734] and parameters: {'k1': 0.008912611835817005, 'D_low': 4.484744524732794, 'k2': 5.52207197313581e-05, 'D_high': 985.7545621889059, 'fire_exp': 1.0629462657398439, 'P_half': 140.74279366401683, 'pre_dampen_half': 552.4163637315892, 'gpp_af': 1.9706963379095486, 'gpp_b': 0.14577755664212386, 'gpp_d': 4.25060659305504, 'ign_k': 2.9818972317055166, 'ign_c': 11.400863701127316, 'trop_agb_crit': 1.0903028125370984, 'trop_k_veg': 0.6673124511410327}.
[I 2026-08-06 10:19:22,376] Trial 432 finished with values: [-0.5368546029744012, 0.15516880771371977] and parameters: {'k1': 0.00488137519160367, 'D_low': 2.143851363193517, 'k2': 7.914423612155373e-05, 'D_high': 3712.591045287726, 'fire_exp': 1.0629462657398439, 'P_half': 220.3445560633069, 'pre_dampen_half': 502.5175192217655, 'gpp_af': 0.7539992074650279, 'gpp_b': 0.0021331409710300844, 'gpp_d': 16.460426816350523, 'ign_k': 0.0680787482656459, 'ign_c': 15.221840161091626, 'trop_agb_crit': 1.0455434848969813, 'trop_k_veg': 2.573214588078609}.
[I 2026-08-06 10:19:23,715] Trial 433 finished with values: [10.769174840668404, 10.769174840668404] and parameters: {'k1': 2.316457903103837e-05, 'D_low': 1397.5908789482219, 'k2': 0.014344484793173472, 'D_high': 1578.0309954142967, 'fire_exp': 5.97856358842259, 'P_half': 4.213183643253957, 'pre_dampen_half': 552.4163637315892, 'gpp_af': 0.7539992074650279, 'gpp_b': 7.210246166617508e-05, 'gpp_d': 16.460426816350523, 'ign_k': 0.00840038491455979, 'ign_c': 121.2515722046017, 'trop_agb_crit': 8.997007571451054, 'trop_k_veg': 6.2065960186008615}.
[I 2026-08-06 10:19:24,854] Trial 434 finished with values: [10.01310325488804, 10.01310325488804] and parameters: {'k1': 0.04669327135003539, 'D_low': 4.484744524732794, 'k2': 1.915468390724633e-05, 'D_high': 3712.591045287726, 'fire_exp': 1.0629462657398439, 'P_half': 220.3445560633069, 'pre_dampen_half': 63.6685916079943, 'gpp_af': 16.746194867675783, 'gpp_b': 3.43926796010005e-05, 'gpp_d': 16.460426816350523, 'ign_k': 0.12329098365270515, 'ign_c': 2.414259639010457, 'trop_agb_crit': 24.584290528289387, 'trop_k_veg': 2.4336356947036335}.
[I 2026-08-06 10:19:25,994] Trial 435 finished with values: [10.578469903775153, 10.578469903775153] and parameters: {'k1': 3.23559867820537e-05, 'D_low': 1112.9571947046009, 'k2': 8.923807143379776e-05, 'D_high': 8182.111518618414, 'fire_exp': 1.695318866910499, 'P_half': 220.3445560633069, 'pre_dampen_half': 502.5175192217655, 'gpp_af': 0.7539992074650279, 'gpp_b': 0.3682510091559943, 'gpp_d': 150.14555442537656, 'ign_k': 0.0680787482656459, 'ign_c': 0.557280750002996, 'trop_agb_crit': 24.584290528289387, 'trop_k_veg': 1.6081790145072552}.
[I 2026-08-06 10:19:27,121] Trial 436 finished with values: [10.109077255152679, 10.109077255152679] and parameters: {'k1': 0.008912611835817005, 'D_low': 34.459310919273356, 'k2': 1.8205657658407255e-05, 'D_high': 3198.0208180048303, 'fire_exp': 1.1430983876313219, 'P_half': 523.1053126909052, 'pre_dampen_half': 502.5175192217655, 'gpp_af': 0.7539992074650279, 'gpp_b': 0.14577755664212386, 'gpp_d': 16.460426816350523, 'ign_k': 0.0680787482656459, 'ign_c': 0.70689749506246, 'trop_agb_crit': 1.0455434848969813, 'trop_k_veg': 2.194427136482602}.
[I 2026-08-06 10:19:28,313] Trial 437 finished with values: [10.536011478013299, 10.536011478013299] and parameters: {'k1': 0.07111611367121734, 'D_low': 34.459310919273356, 'k2': 0.03538758864779238, 'D_high': 1493.5213816355397, 'fire_exp': 1.0629462657398439, 'P_half': 523.1053126909052, 'pre_dampen_half': 552.4163637315892, 'gpp_af': 0.7539992074650279, 'gpp_b': 0.14577755664212386, 'gpp_d': 16.460426816350523, 'ign_k': 3.589155871450839, 'ign_c': 2.414259639010457, 'trop_agb_crit': 1.0455434848969813, 'trop_k_veg': 0.983473833513531}.
[I 2026-08-06 10:19:29,501] Trial 438 finished with values: [10.50156348349041, 10.50156348349041] and parameters: {'k1': 0.006642027816373391, 'D_low': 3.34949636434409, 'k2': 0.03538758864779238, 'D_high': 3712.591045287726, 'fire_exp': 1.0629462657398439, 'P_half': 220.3445560633069, 'pre_dampen_half': 552.4163637315892, 'gpp_af': 0.7539992074650279, 'gpp_b': 0.14577755664212386, 'gpp_d': 16.460426816350523, 'ign_k': 0.0013492881864712073, 'ign_c': 15.221840161091626, 'trop_agb_crit': 24.584290528289387, 'trop_k_veg': 6.2065960186008615}.
[I 2026-08-06 10:19:30,669] Trial 439 finished with values: [-0.5220106756132851, 0.13393862325283945] and parameters: {'k1': 0.004312951023617458, 'D_low': 1397.5908789482219, 'k2': 8.923807143379776e-05, 'D_high': 8182.111518618414, 'fire_exp': 1.1430983876313219, 'P_half': 4.213183643253957, 'pre_dampen_half': 502.5175192217655, 'gpp_af': 5.335773317316405, 'gpp_b': 3.481277316673104e-05, 'gpp_d': 84.31013932082456, 'ign_k': 0.00840038491455979, 'ign_c': 2.8335389417624683, 'trop_agb_crit': 8.997007571451054, 'trop_k_veg': 6.423641554321892}.
[I 2026-08-06 10:19:31,842] Trial 440 finished with values: [10.471628419071488, 10.471628419071488] and parameters: {'k1': 0.0029282035181080004, 'D_low': 3.525936800597896, 'k2': 0.014344484793173472, 'D_high': 63233.81951066786, 'fire_exp': 1.0629462657398439, 'P_half': 220.3445560633069, 'pre_dampen_half': 8.594202650742222, 'gpp_af': 0.7539992074650279, 'gpp_b': 0.14577755664212386, 'gpp_d': 16.460426816350523, 'ign_k': 0.010167079878196114, 'ign_c': 0.557280750002996, 'trop_agb_crit': 24.584290528289387, 'trop_k_veg': 2.4336356947036335}.
[I 2026-08-06 10:19:33,020] Trial 441 finished with values: [-0.506088252840885, 0.06055538103507785] and parameters: {'k1': 0.008912611835817005, 'D_low': 4.484744524732794, 'k2': 0.0003432139136241583, 'D_high': 15351.441568398131, 'fire_exp': 1.1430983876313219, 'P_half': 220.3445560633069, 'pre_dampen_half': 502.5175192217655, 'gpp_af': 0.25562996323356024, 'gpp_b': 0.14577755664212386, 'gpp_d': 10.369565216756202, 'ign_k': 2.1368329072358767, 'ign_c': 15.221840161091626, 'trop_agb_crit': 1.0455434848969813, 'trop_k_veg': 2.194427136482602}.
[I 2026-08-06 10:19:34,257] Trial 442 finished with values: [10.769230768838547, 10.769230768838547] and parameters: {'k1': 0.00031134168041628584, 'D_low': 2.946000090510885, 'k2': 0.003767022142229395, 'D_high': 431.45617043093523, 'fire_exp': 1.3340920378182823, 'P_half': 4.213183643253957, 'pre_dampen_half': 38.00678588560607, 'gpp_af': 1.9706963379095486, 'gpp_b': 1.4540386644083135e-05, 'gpp_d': 0.12878367369717508, 'ign_k': 0.5524095129928631, 'ign_c': 48.704711413416454, 'trop_agb_crit': 1.0693376406863295, 'trop_k_veg': 0.6673124511410327}.
[I 2026-08-06 10:19:35,492] Trial 443 finished with values: [10.15452372054359, 10.15452372054359] and parameters: {'k1': 0.04669327135003539, 'D_low': 70.18267183720735, 'k2': 0.0005262881356087174, 'D_high': 431.45617043093523, 'fire_exp': 1.5868092618912009, 'P_half': 2.0314811950454943, 'pre_dampen_half': 107.40052367919465, 'gpp_af': 1.9706963379095486, 'gpp_b': 0.1500112079985056, 'gpp_d': 84.31013932082456, 'ign_k': 0.09255037589041182, 'ign_c': 0.557280750002996, 'trop_agb_crit': 1.6878075072665546, 'trop_k_veg': 2.4336356947036335}.
[I 2026-08-06 10:19:36,667] Trial 444 finished with values: [10.193755606819854, 10.193755606819854] and parameters: {'k1': 0.004312951023617458, 'D_low': 4.484744524732794, 'k2': 1.915468390724633e-05, 'D_high': 18.064907756357265, 'fire_exp': 1.0629462657398439, 'P_half': 220.3445560633069, 'pre_dampen_half': 552.4163637315892, 'gpp_af': 1.9706963379095486, 'gpp_b': 0.14577755664212386, 'gpp_d': 4.25060659305504, 'ign_k': 0.0680787482656459, 'ign_c': 15.221840161091626, 'trop_agb_crit': 1.0903028125370984, 'trop_k_veg': 2.4336356947036335}.
[I 2026-08-06 10:19:37,855] Trial 445 finished with values: [-0.4836964570653559, 0.169197394695785] and parameters: {'k1': 0.008912611835817005, 'D_low': 34.459310919273356, 'k2': 8.923807143379776e-05, 'D_high': 21.947742689197344, 'fire_exp': 1.1263716762638152, 'P_half': 220.3445560633069, 'pre_dampen_half': 502.5175192217655, 'gpp_af': 0.7539992074650279, 'gpp_b': 0.14577755664212386, 'gpp_d': 16.460426816350523, 'ign_k': 2.1368329072358767, 'ign_c': 0.557280750002996, 'trop_agb_crit': 24.584290528289387, 'trop_k_veg': 2.194427136482602}.
[I 2026-08-06 10:19:39,012] Trial 446 finished with values: [10.430558665101168, 10.430558665101168] and parameters: {'k1': 2.316457903103837e-05, 'D_low': 34.459310919273356, 'k2': 0.003101429427212743, 'D_high': 1578.0309954142967, 'fire_exp': 1.0629462657398439, 'P_half': 4.213183643253957, 'pre_dampen_half': 8.594202650742222, 'gpp_af': 0.7539992074650279, 'gpp_b': 0.07904599925873733, 'gpp_d': 757.2868182332339, 'ign_k': 0.010167079878196114, 'ign_c': 2.8335389417624683, 'trop_agb_crit': 6.275146677376727, 'trop_k_veg': 4.345076509212382}.
[I 2026-08-06 10:19:40,218] Trial 447 finished with values: [10.57017188106834, 10.57017188106834] and parameters: {'k1': 0.006642027816373391, 'D_low': 2.4622754931226587, 'k2': 0.00021901578520649233, 'D_high': 9419.6122359782, 'fire_exp': 1.221575427404682, 'P_half': 54.37591736923918, 'pre_dampen_half': 8.594202650742222, 'gpp_af': 0.7539992074650279, 'gpp_b': 1.5385046399532158e-05, 'gpp_d': 5.1715677287580455, 'ign_k': 0.11619873314872933, 'ign_c': 21.275785720135406, 'trop_agb_crit': 24.584290528289387, 'trop_k_veg': 0.983473833513531}.
[I 2026-08-06 10:19:41,419] Trial 448 finished with values: [10.386794713444697, 10.386794713444697] and parameters: {'k1': 0.012840669372724958, 'D_low': 70.18267183720735, 'k2': 1.915468390724633e-05, 'D_high': 8182.111518618414, 'fire_exp': 1.0629462657398439, 'P_half': 2.0314811950454943, 'pre_dampen_half': 502.5175192217655, 'gpp_af': 0.022129266663052607, 'gpp_b': 0.08128322984179755, 'gpp_d': 0.6960360257735198, 'ign_k': 0.0680787482656459, 'ign_c': 2.414259639010457, 'trop_agb_crit': 7.599113148200974, 'trop_k_veg': 5.492385920002873}.
[I 2026-08-06 10:19:42,623] Trial 449 finished with values: [10.660690715753983, 10.660690715753983] and parameters: {'k1': 0.01549659926581634, 'D_low': 4.484744524732794, 'k2': 1.915468390724633e-05, 'D_high': 3712.591045287726, 'fire_exp': 1.0629462657398439, 'P_half': 220.3445560633069, 'pre_dampen_half': 552.4163637315892, 'gpp_af': 0.7539992074650279, 'gpp_b': 0.0021331409710300844, 'gpp_d': 16.460426816350523, 'ign_k': 0.010167079878196114, 'ign_c': 15.221840161091626, 'trop_agb_crit': 7.901343398678964, 'trop_k_veg': 1.4584243470991722}.
[I 2026-08-06 10:19:43,955] Trial 450 finished with values: [10.040938539737946, 10.040938539737946] and parameters: {'k1': 0.004312951023617458, 'D_low': 4.484744524732794, 'k2': 1.915468390724633e-05, 'D_high': 11832.967057468773, 'fire_exp': 1.0629462657398439, 'P_half': 220.3445560633069, 'pre_dampen_half': 502.5175192217655, 'gpp_af': 0.7539992074650279, 'gpp_b': 0.0007280676817361986, 'gpp_d': 16.460426816350523, 'ign_k': 0.0680787482656459, 'ign_c': 15.221840161091626, 'trop_agb_crit': 1.0903028125370984, 'trop_k_veg': 1.7664838950757566}.
[I 2026-08-06 10:19:45,147] Trial 451 finished with values: [12.281104644535905, 12.281104644535905] and parameters: {'k1': 0.005952904331761848, 'D_low': 64.39790863101601, 'k2': 1.8205657658407255e-05, 'D_high': 3712.591045287726, 'fire_exp': 1.0271184723288342, 'P_half': 4.213183643253957, 'pre_dampen_half': 502.5175192217655, 'gpp_af': 1.9706963379095486, 'gpp_b': 7.210246166617508e-05, 'gpp_d': 16.460426816350523, 'ign_k': 0.00840038491455979, 'ign_c': 2.957080941494347, 'trop_agb_crit': 8.997007571451054, 'trop_k_veg': 0.983473833513531}.
[I 2026-08-06 10:19:46,332] Trial 452 finished with values: [10.02789758689918, 10.02789758689918] and parameters: {'k1': 0.012840669372724958, 'D_low': 70.18267183720735, 'k2': 0.0003432139136241583, 'D_high': 42210.21267871043, 'fire_exp': 1.0629462657398439, 'P_half': 523.1053126909052, 'pre_dampen_half': 63.6685916079943, 'gpp_af': 0.7539992074650279, 'gpp_b': 0.14577755664212386, 'gpp_d': 10.369565216756202, 'ign_k': 0.0029519227433917453, 'ign_c': 2.957080941494347, 'trop_agb_crit': 1.0455434848969813, 'trop_k_veg': 5.492385920002873}.
[I 2026-08-06 10:19:47,512] Trial 453 finished with values: [11.240038249712594, 11.240038249712594] and parameters: {'k1': 0.012021930484915042, 'D_low': 7.299348683062307, 'k2': 1.915468390724633e-05, 'D_high': 21.947742689197344, 'fire_exp': 1.1263716762638152, 'P_half': 220.3445560633069, 'pre_dampen_half': 502.5175192217655, 'gpp_af': 1.200191344086032, 'gpp_b': 1.4540386644083135e-05, 'gpp_d': 19.600139992927435, 'ign_k': 2.5253810447657927, 'ign_c': 0.1948891005130867, 'trop_agb_crit': 3.799798565960999, 'trop_k_veg': 2.194427136482602}.
[I 2026-08-06 10:19:48,706] Trial 454 finished with values: [-0.45476616973339723, 0.1279736319837036] and parameters: {'k1': 0.012021930484915042, 'D_low': 7.299348683062307, 'k2': 1.915468390724633e-05, 'D_high': 1493.5213816355397, 'fire_exp': 1.1263716762638152, 'P_half': 314.0161493033586, 'pre_dampen_half': 234.12640025944248, 'gpp_af': 1.6059727222314273, 'gpp_b': 0.14577755664212386, 'gpp_d': 757.2868182332339, 'ign_k': 0.010167079878196114, 'ign_c': 1.9580595319750387, 'trop_agb_crit': 24.584290528289387, 'trop_k_veg': 2.194427136482602}.
[I 2026-08-06 10:19:49,876] Trial 455 finished with values: [10.151529001649727, 10.151529001649727] and parameters: {'k1': 0.012021930484915042, 'D_low': 7.299348683062307, 'k2': 0.0009562822793888481, 'D_high': 8182.111518618414, 'fire_exp': 1.7008648718913113, 'P_half': 83.12953263874529, 'pre_dampen_half': 234.12640025944248, 'gpp_af': 0.12269699058825158, 'gpp_b': 0.14577755664212386, 'gpp_d': 757.2868182332339, 'ign_k': 0.0680787482656459, 'ign_c': 0.70689749506246, 'trop_agb_crit': 1.14876138417489, 'trop_k_veg': 1.4584243470991722}.
[I 2026-08-06 10:19:51,141] Trial 456 finished with values: [10.683157444410806, 10.683157444410806] and parameters: {'k1': 0.004312951023617458, 'D_low': 4.484744524732794, 'k2': 8.923807143379776e-05, 'D_high': 5670.3463356272905, 'fire_exp': 1.3170256885255098, 'P_half': 220.3445560633069, 'pre_dampen_half': 10.00236596950633, 'gpp_af': 0.6403036652671171, 'gpp_b': 0.0005623095666134974, 'gpp_d': 150.14555442537656, 'ign_k': 0.602459066467295, 'ign_c': 15.221840161091626, 'trop_agb_crit': 2.1861040860339416, 'trop_k_veg': 1.4584243470991722}.
[I 2026-08-06 10:19:52,362] Trial 457 finished with values: [10.768779355825952, 10.768779355825952] and parameters: {'k1': 0.006642027816373391, 'D_low': 4.484744524732794, 'k2': 0.03538758864779238, 'D_high': 3712.591045287726, 'fire_exp': 7.2464015659352805, 'P_half': 220.3445560633069, 'pre_dampen_half': 552.4163637315892, 'gpp_af': 0.7539992074650279, 'gpp_b': 0.14577755664212386, 'gpp_d': 79.2966690166476, 'ign_k': 0.0680787482656459, 'ign_c': 15.221840161091626, 'trop_agb_crit': 24.584290528289387, 'trop_k_veg': 0.6743482387129308}.
[I 2026-08-06 10:19:53,568] Trial 458 finished with values: [10.052485089103993, 10.052485089103993] and parameters: {'k1': 2.316457903103837e-05, 'D_low': 1397.5908789482219, 'k2': 0.003101429427212743, 'D_high': 1578.0309954142967, 'fire_exp': 1.0601964743503993, 'P_half': 140.74279366401683, 'pre_dampen_half': 8.594202650742222, 'gpp_af': 5.335773317316405, 'gpp_b': 7.210246166617508e-05, 'gpp_d': 757.2868182332339, 'ign_k': 0.01364908766641695, 'ign_c': 2.8335389417624683, 'trop_agb_crit': 8.997007571451054, 'trop_k_veg': 3.49157152291552}.
[I 2026-08-06 10:19:54,762] Trial 459 finished with values: [10.132461111482844, 10.132461111482844] and parameters: {'k1': 0.004312951023617458, 'D_low': 1112.9571947046009, 'k2': 1.915468390724633e-05, 'D_high': 3712.591045287726, 'fire_exp': 1.1263716762638152, 'P_half': 220.3445560633069, 'pre_dampen_half': 502.5175192217655, 'gpp_af': 0.7539992074650279, 'gpp_b': 3.481277316673104e-05, 'gpp_d': 16.460426816350523, 'ign_k': 0.0680787482656459, 'ign_c': 0.557280750002996, 'trop_agb_crit': 24.584290528289387, 'trop_k_veg': 1.4584243470991722}.
[I 2026-08-06 10:19:55,944] Trial 460 finished with values: [-0.5254388780521989, 0.10286145479248798] and parameters: {'k1': 0.012021930484915042, 'D_low': 2.4622754931226587, 'k2': 1.4403740929157842e-05, 'D_high': 985.7545621889059, 'fire_exp': 1.0629462657398439, 'P_half': 140.74279366401683, 'pre_dampen_half': 552.4163637315892, 'gpp_af': 1.9706963379095486, 'gpp_b': 0.14577755664212386, 'gpp_d': 16.460426816350523, 'ign_k': 2.9818972317055166, 'ign_c': 11.400863701127316, 'trop_agb_crit': 1.0903028125370984, 'trop_k_veg': 0.983473833513531}.
[I 2026-08-06 10:19:57,124] Trial 461 finished with values: [-0.5400098545221387, 0.15087322199726372] and parameters: {'k1': 0.00488137519160367, 'D_low': 34.459310919273356, 'k2': 0.014344484793173472, 'D_high': 3712.591045287726, 'fire_exp': 1.1430983876313219, 'P_half': 523.1053126909052, 'pre_dampen_half': 63.6685916079943, 'gpp_af': 0.7539992074650279, 'gpp_b': 0.0021331409710300844, 'gpp_d': 16.460426816350523, 'ign_k': 0.0680787482656459, 'ign_c': 2.8335389417624683, 'trop_agb_crit': 1.0455434848969813, 'trop_k_veg': 2.573214588078609}.
[I 2026-08-06 10:19:58,255] Trial 462 finished with values: [10.528998583934285, 10.528998583934285] and parameters: {'k1': 0.004312951023617458, 'D_low': 1112.9571947046009, 'k2': 0.014344484793173472, 'D_high': 8182.111518618414, 'fire_exp': 1.0629462657398439, 'P_half': 220.3445560633069, 'pre_dampen_half': 5.048653998722947, 'gpp_af': 0.18069041761817034, 'gpp_b': 1.5385046399532158e-05, 'gpp_d': 150.14555442537656, 'ign_k': 0.0680787482656459, 'ign_c': 0.557280750002996, 'trop_agb_crit': 8.997007571451054, 'trop_k_veg': 1.4584243470991722}.
[I 2026-08-06 10:19:59,408] Trial 463 finished with values: [10.38861771729752, 10.38861771729752] and parameters: {'k1': 2.316457903103837e-05, 'D_low': 1397.5908789482219, 'k2': 0.014344484793173472, 'D_high': 1578.0309954142967, 'fire_exp': 1.0601964743503993, 'P_half': 4.213183643253957, 'pre_dampen_half': 2.5265897869422167, 'gpp_af': 5.335773317316405, 'gpp_b': 7.210246166617508e-05, 'gpp_d': 84.31013932082456, 'ign_k': 0.00840038491455979, 'ign_c': 2.8335389417624683, 'trop_agb_crit': 8.997007571451054, 'trop_k_veg': 3.49157152291552}.
[I 2026-08-06 10:20:00,586] Trial 464 finished with values: [10.665464638661105, 10.665464638661105] and parameters: {'k1': 2.6285770615112825e-05, 'D_low': 2.4622754931226587, 'k2': 1.8205657658407255e-05, 'D_high': 9419.6122359782, 'fire_exp': 1.0629462657398439, 'P_half': 54.37591736923918, 'pre_dampen_half': 5.048653998722947, 'gpp_af': 0.7539992074650279, 'gpp_b': 0.12746711578215045, 'gpp_d': 16.460426816350523, 'ign_k': 0.11619873314872933, 'ign_c': 2.957080941494347, 'trop_agb_crit': 1.0455434848969813, 'trop_k_veg': 0.983473833513531}.
[I 2026-08-06 10:20:01,787] Trial 465 finished with values: [10.382838764029197, 10.382838764029197] and parameters: {'k1': 2.316457903103837e-05, 'D_low': 64.39790863101601, 'k2': 1.8205657658407255e-05, 'D_high': 42210.21267871043, 'fire_exp': 1.221575427404682, 'P_half': 220.3445560633069, 'pre_dampen_half': 17.707795393478506, 'gpp_af': 0.7539992074650279, 'gpp_b': 7.210246166617508e-05, 'gpp_d': 16.460426816350523, 'ign_k': 0.0680787482656459, 'ign_c': 2.8335389417624683, 'trop_agb_crit': 1.0455434848969813, 'trop_k_veg': 0.983473833513531}.
[I 2026-08-06 10:20:02,953] Trial 466 finished with values: [-0.5199395472341413, 0.1761439551223215] and parameters: {'k1': 0.004312951023617458, 'D_low': 4.484744524732794, 'k2': 1.8205657658407255e-05, 'D_high': 8182.111518618414, 'fire_exp': 1.1263716762638152, 'P_half': 220.3445560633069, 'pre_dampen_half': 502.5175192217655, 'gpp_af': 0.7539992074650279, 'gpp_b': 3.481277316673104e-05, 'gpp_d': 16.460426816350523, 'ign_k': 0.0680787482656459, 'ign_c': 15.221840161091626, 'trop_agb_crit': 1.0903028125370984, 'trop_k_veg': 0.983473833513531}.
[I 2026-08-06 10:20:04,273] Trial 467 finished with values: [10.56280028314046, 10.56280028314046] and parameters: {'k1': 3.23559867820537e-05, 'D_low': 34.459310919273356, 'k2': 0.001462400459012571, 'D_high': 15351.441568398131, 'fire_exp': 1.695318866910499, 'P_half': 220.3445560633069, 'pre_dampen_half': 63.6685916079943, 'gpp_af': 0.7539992074650279, 'gpp_b': 3.481277316673104e-05, 'gpp_d': 10.369565216756202, 'ign_k': 2.1368329072358767, 'ign_c': 15.221840161091626, 'trop_agb_crit': 24.584290528289387, 'trop_k_veg': 0.9781855536301391}.
