[I 2026-07-25 00:33:14,540] Trial 498 finished with value: 0.5385244168842275 and parameters: {'k1': 0.023162402715183075, 'D_low': 1.2749475940616888, 'k2': 0.0674787998958239, 'D_high': 2096067.4528396758, 'fire_exp': 1.296009864039264, 'P_half': 2568.8769217569074, 'pre_dampen_half': 202.36029660192384, 'gpp_af': 0.024515142113331688, 'gpp_b': 2.5184952678534878e-05, 'gpp_d': 362.27181433013396, 'ign_k': 0.04462614754256374, 'ign_c': 13.913148671979645, 'trop_agb_crit': 28.588921576512018, 'trop_k_veg': 1.289717895124693, 'gdp_gamma': 0.012446420282077193, 'cure_k': 0.001198114454387566, 'cure_p_min': 141.37509507698428, 'cure_gpp_ref': 0.559068466554706, 'cure_agb_crit': 5.799369664956557, 'fuel_k': 0.04911177452008309, 'fuel_half': 27.265823420158494}. Best is trial 0 with value: -0.6232552202351066.
[I 2026-07-25 00:33:14,988] Trial 499 finished with value: 0.5424740487030115 and parameters: {'k1': 0.00966399477167926, 'D_low': 675.3288893733117, 'k2': 0.09490423144764422, 'D_high': 8968178.997681828, 'fire_exp': 2.1724824067469517, 'P_half': 364.1320049269228, 'pre_dampen_half': 262.50495549265406, 'gpp_af': 0.008127815854790967, 'gpp_b': 0.0002453683843823073, 'gpp_d': 46.91071784557635, 'ign_k': 0.0029130139062545717, 'ign_c': 365.2841775699503, 'trop_agb_crit': 16.850860927949906, 'trop_k_veg': 1.1243330198851582, 'gdp_gamma': 0.7633680642630583, 'cure_k': 0.004241292906574617, 'cure_p_min': 97.6329780660845, 'cure_gpp_ref': 0.2112071436681259, 'cure_agb_crit': 1.0617674129500108, 'fuel_k': 0.03338582269835419, 'fuel_half': 8.027672705137435}. Best is trial 0 with value: -0.6232552202351066.
[I 2026-07-25 00:33:15,440] Trial 500 finished with value: 0.4781296179360134 and parameters: {'k1': 0.0007259246220061816, 'D_low': 8.741070641038112, 'k2': 0.00041640298329387434, 'D_high': 1330.8489612820565, 'fire_exp': 1.191107857445847, 'P_half': 3.4447001898837764, 'pre_dampen_half': 0.26596418987228726, 'gpp_af': 0.001393337186009712, 'gpp_b': 0.00020854615856173277, 'gpp_d': 3.9597402509247592, 'ign_k': 0.13748687084258174, 'ign_c': 1.9267435316723387, 'trop_agb_crit': 1.6003574860630814, 'trop_k_veg': 5.627245102746815, 'gdp_gamma': 0.848951369380336, 'cure_k': 0.09398141496593632, 'cure_p_min': 328.53412742266505, 'cure_gpp_ref': 0.09400359702042554, 'cure_agb_crit': 1.2080120219671011, 'fuel_k': 0.034848893310006346, 'fuel_half': 1.7992457936232251}. Best is trial 0 with value: -0.6232552202351066.
[I 2026-07-25 00:33:15,887] Trial 501 finished with value: 0.5729301712321039 and parameters: {'k1': 0.0002573215460753327, 'D_low': 638.7665128630673, 'k2': 3.551253561220653e-05, 'D_high': 403.2555706460949, 'fire_exp': 1.2371837457985448, 'P_half': 167.93550064023714, 'pre_dampen_half': 0.014878009618973122, 'gpp_af': 0.004113335451580268, 'gpp_b': 0.01729422235599907, 'gpp_d': 16.947631403586872, 'ign_k': 0.268211353685842, 'ign_c': 15.752628926659051, 'trop_agb_crit': 1.3308757556539088, 'trop_k_veg': 5.905772883483225, 'gdp_gamma': 0.14171770787411964, 'cure_k': 0.08178918735420444, 'cure_p_min': 393.72689163806257, 'cure_gpp_ref': 0.8815907772847165, 'cure_agb_crit': 2.8314087200657663, 'fuel_k': 0.2826129406179035, 'fuel_half': 4.7817019074674985}. Best is trial 0 with value: -0.6232552202351066.
[I 2026-07-25 00:33:16,336] Trial 502 finished with value: 0.5128438741300714 and parameters: {'k1': 0.0037838629054838015, 'D_low': 258788.83294389173, 'k2': 0.04107169328092325, 'D_high': 4076843.836462068, 'fire_exp': 1.2955307244483847, 'P_half': 34.977854668578715, 'pre_dampen_half': 0.14675670521638454, 'gpp_af': 5.0251651226165395, 'gpp_b': 0.0004234496485651696, 'gpp_d': 183.07549781441654, 'ign_k': 0.013600265252549863, 'ign_c': 0.26259274613680056, 'trop_agb_crit': 22.385421915298135, 'trop_k_veg': 1.0552349560387788, 'gdp_gamma': 0.31849912309082673, 'cure_k': 0.1871195947561319, 'cure_p_min': 364.4189018599776, 'cure_gpp_ref': 0.050090796042954425, 'cure_agb_crit': 6.847527281413476, 'fuel_k': 0.010624276892212936, 'fuel_half': 1.8443756579921982}. Best is trial 0 with value: -0.6232552202351066.
[I 2026-07-25 00:33:16,785] Trial 503 finished with value: 0.5900445076965284 and parameters: {'k1': 0.03707591782811331, 'D_low': 509.21608311303044, 'k2': 0.05718412591141324, 'D_high': 366723.4016268303, 'fire_exp': 1.3250190388129246, 'P_half': 187.97160993867774, 'pre_dampen_half': 46.859085219048566, 'gpp_af': 0.0018162567018702239, 'gpp_b': 4.5036551948977836e-05, 'gpp_d': 194.14072431205594, 'ign_k': 0.022096788078178727, 'ign_c': 274.18874434650684, 'trop_agb_crit': 24.275877222881512, 'trop_k_veg': 0.5030098552436812, 'gdp_gamma': 1.6112436602506635, 'cure_k': 0.0010541857268056391, 'cure_p_min': 166.86894017835635, 'cure_gpp_ref': 0.19902203243452746, 'cure_agb_crit': 6.303676848025559, 'fuel_k': 0.026361773190389886, 'fuel_half': 48.54293116059867}. Best is trial 0 with value: -0.6232552202351066.
[I 2026-07-25 00:33:17,236] Trial 504 finished with value: 0.6023770527184449 and parameters: {'k1': 0.00040210029215876264, 'D_low': 2703.511588230918, 'k2': 0.07978822694489333, 'D_high': 721151.2477679716, 'fire_exp': 5.012725006166106, 'P_half': 20.528763401924095, 'pre_dampen_half': 36.43360695702502, 'gpp_af': 0.0012142121975346853, 'gpp_b': 0.0008770133590738755, 'gpp_d': 18.873777583484546, 'ign_k': 0.2600032525973315, 'ign_c': 168.74996951052273, 'trop_agb_crit': 25.928139001039195, 'trop_k_veg': 1.3146417175273246, 'gdp_gamma': 1.5446475592715767, 'cure_k': 0.006418358274312268, 'cure_p_min': 124.01749689075645, 'cure_gpp_ref': 0.055707733518635505, 'cure_agb_crit': 2.1072895189400644, 'fuel_k': 1.0642128971557987, 'fuel_half': 6.769240702392338}. Best is trial 0 with value: -0.6232552202351066.
[I 2026-07-25 00:33:17,690] Trial 505 finished with value: -0.590392692655791 and parameters: {'k1': 0.003606312891614738, 'D_low': 2432.5777434418865, 'k2': 6.627345837499025e-05, 'D_high': 3018872.0426063403, 'fire_exp': 1.9564692158338002, 'P_half': 7.206888703477872, 'pre_dampen_half': 3.636186874440092, 'gpp_af': 0.04902165351562916, 'gpp_b': 0.0019102506054638352, 'gpp_d': 8.798186361553855, 'ign_k': 0.07750693339455698, 'ign_c': 0.1983607243186052, 'trop_agb_crit': 1.3980044248825934, 'trop_k_veg': 0.9362007185263138, 'gdp_gamma': 0.546619422045095, 'cure_k': 0.027987873483796884, 'cure_p_min': 332.6333217974283, 'cure_gpp_ref': 0.07395195666406826, 'cure_agb_crit': 2.1040231284634943, 'fuel_k': 0.041756894554723686, 'fuel_half': 19.82593395312433}. Best is trial 0 with value: -0.6232552202351066.
[I 2026-07-25 00:33:18,143] Trial 506 finished with value: 0.5684089703393552 and parameters: {'k1': 0.010449300862843208, 'D_low': 74.2965124469122, 'k2': 0.04029364623452831, 'D_high': 787008.3001120593, 'fire_exp': 2.094835890300583, 'P_half': 2349.395778835483, 'pre_dampen_half': 40.05033958274743, 'gpp_af': 0.07530071768957415, 'gpp_b': 0.007903071452059979, 'gpp_d': 232.52109807513042, 'ign_k': 0.003306737279031959, 'ign_c': 2.2600165461571238, 'trop_agb_crit': 3.152981685613899, 'trop_k_veg': 0.6013625559631884, 'gdp_gamma': 1.469485532343426, 'cure_k': 0.007068762005983734, 'cure_p_min': 174.80682002306958, 'cure_gpp_ref': 0.19700078617977457, 'cure_agb_crit': 2.43791431866053, 'fuel_k': 0.06556077413735603, 'fuel_half': 1.0341624361413877}. Best is trial 0 with value: -0.6232552202351066.
[I 2026-07-25 00:33:18,594] Trial 507 finished with value: 0.5485945820579405 and parameters: {'k1': 0.014651984560351657, 'D_low': 4999.503054911847, 'k2': 6.716329178648716e-05, 'D_high': 389211.87081312225, 'fire_exp': 1.3040113849614614, 'P_half': 5.091495282487582, 'pre_dampen_half': 20.208121185516404, 'gpp_af': 0.004663274765295957, 'gpp_b': 0.00010048117391402652, 'gpp_d': 1.3285409640174393, 'ign_k': 0.015931768754747087, 'ign_c': 0.8078502614180497, 'trop_agb_crit': 1.5924302531875005, 'trop_k_veg': 1.3276004653038709, 'gdp_gamma': 1.8652007129686508, 'cure_k': 0.0014100562324914714, 'cure_p_min': 353.50093168964344, 'cure_gpp_ref': 0.2667437156610914, 'cure_agb_crit': 2.302908101989241, 'fuel_k': 0.057630029880878474, 'fuel_half': 1.8193348288203206}. Best is trial 0 with value: -0.6232552202351066.
[I 2026-07-25 00:33:19,061] Trial 508 finished with value: 0.5970789921857107 and parameters: {'k1': 0.0002771698581512466, 'D_low': 7.520072823699916, 'k2': 0.0009438523776648203, 'D_high': 1085996.6772236328, 'fire_exp': 2.0180187938286895, 'P_half': 590.5209463959458, 'pre_dampen_half': 0.5103071948839584, 'gpp_af': 0.002615828142774015, 'gpp_b': 2.5565709472731374e-05, 'gpp_d': 661.1215002678337, 'ign_k': 0.03817825571118434, 'ign_c': 246.81073952901565, 'trop_agb_crit': 22.400645594963994, 'trop_k_veg': 1.5086794879440373, 'gdp_gamma': 0.10708385795846738, 'cure_k': 0.0016877547261675793, 'cure_p_min': 118.05901627777496, 'cure_gpp_ref': 0.08695122777061118, 'cure_agb_crit': 5.678124987268698, 'fuel_k': 0.01766513263557964, 'fuel_half': 43.60095896467955}. Best is trial 0 with value: -0.6232552202351066.
[I 2026-07-25 00:33:19,552] Trial 509 finished with value: -0.5723564211844637 and parameters: {'k1': 4.281436092876432e-05, 'D_low': 7.040211627396092, 'k2': 0.00026073133943712857, 'D_high': 8610.922621995744, 'fire_exp': 1.0984825829092437, 'P_half': 4.374240464027583, 'pre_dampen_half': 0.745212519853947, 'gpp_af': 0.004861891137577335, 'gpp_b': 0.0008163191259754788, 'gpp_d': 0.03804570353019603, 'ign_k': 0.012275494666511335, 'ign_c': 0.2621241420165091, 'trop_agb_crit': 1.1938951877532293, 'trop_k_veg': 7.1279202071460475, 'gdp_gamma': 0.5086098142642348, 'cure_k': 0.22016139252875744, 'cure_p_min': 344.2178333020936, 'cure_gpp_ref': 0.45014600644208974, 'cure_agb_crit': 1.0122201896771268, 'fuel_k': 0.012255394951103305, 'fuel_half': 9.935940299304878}. Best is trial 0 with value: -0.6232552202351066.
[I 2026-07-25 00:33:20,003] Trial 510 finished with value: 0.4858701852411901 and parameters: {'k1': 0.00024315476103005395, 'D_low': 64.73836358630604, 'k2': 1.2994680922548887e-05, 'D_high': 641414.0737937497, 'fire_exp': 3.1813492712203466, 'P_half': 4.931959246249764, 'pre_dampen_half': 60.9285143664835, 'gpp_af': 0.013021611135064044, 'gpp_b': 0.010470573233208578, 'gpp_d': 17.068814954504795, 'ign_k': 0.06641138733737403, 'ign_c': 0.11542256572041078, 'trop_agb_crit': 1.7923183267291933, 'trop_k_veg': 1.3841802620939523, 'gdp_gamma': 0.5747698532469117, 'cure_k': 0.06662471042642101, 'cure_p_min': 268.52571157672804, 'cure_gpp_ref': 0.12890897143447158, 'cure_agb_crit': 2.289268797128331, 'fuel_k': 0.04832229833018409, 'fuel_half': 7.530892788883304}. Best is trial 0 with value: -0.6232552202351066.
[I 2026-07-25 00:33:20,457] Trial 511 finished with value: 0.5176688323018253 and parameters: {'k1': 0.00022733785934729488, 'D_low': 4.61217470670066, 'k2': 2.667368583023792e-05, 'D_high': 49716.78352657374, 'fire_exp': 1.1621925684262848, 'P_half': 2.7847437342191097, 'pre_dampen_half': 0.11914664347557319, 'gpp_af': 0.018466462953640104, 'gpp_b': 0.00011617047836038751, 'gpp_d': 0.06100666184836877, 'ign_k': 0.00537565113691942, 'ign_c': 0.10017900202789758, 'trop_agb_crit': 1.5764922557780432, 'trop_k_veg': 7.985321089161834, 'gdp_gamma': 0.16048941578891784, 'cure_k': 0.10340275787725936, 'cure_p_min': 324.60942460763977, 'cure_gpp_ref': 1.0551511017768849, 'cure_agb_crit': 1.6006541054084908, 'fuel_k': 0.021709245352597124, 'fuel_half': 1.9262150031468777}. Best is trial 0 with value: -0.6232552202351066.
[I 2026-07-25 00:33:20,906] Trial 512 finished with value: 0.5247078868019953 and parameters: {'k1': 8.432867859764182e-05, 'D_low': 130.8301461092662, 'k2': 0.00010087567767588154, 'D_high': 104505.80011161797, 'fire_exp': 1.7023352974059023, 'P_half': 1.062866223061605, 'pre_dampen_half': 0.48267233348969335, 'gpp_af': 0.0022226055192961524, 'gpp_b': 0.005060246694315014, 'gpp_d': 0.76169566008002, 'ign_k': 0.03685282526407056, 'ign_c': 1.7041780515266711, 'trop_agb_crit': 2.282419692540792, 'trop_k_veg': 4.636075134425756, 'gdp_gamma': 0.8177039287122031, 'cure_k': 0.04219411490329093, 'cure_p_min': 214.50815645133682, 'cure_gpp_ref': 0.2574915601050419, 'cure_agb_crit': 1.4608103143302242, 'fuel_k': 0.052938268962544464, 'fuel_half': 3.919741829065558}. Best is trial 0 with value: -0.6232552202351066.
[I 2026-07-25 00:33:21,352] Trial 513 finished with value: 0.5070404290491606 and parameters: {'k1': 4.326178036266314e-05, 'D_low': 7.920769202023496, 'k2': 5.6978583431817624e-05, 'D_high': 3693.4388514345515, 'fire_exp': 1.4435864363820083, 'P_half': 1.7825556290201987, 'pre_dampen_half': 3.4943410206056575, 'gpp_af': 0.001140835989140847, 'gpp_b': 0.005151818404540537, 'gpp_d': 0.04164350705348145, 'ign_k': 0.19379089256958285, 'ign_c': 0.444401147907335, 'trop_agb_crit': 2.567767542009824, 'trop_k_veg': 7.608233043586378, 'gdp_gamma': 0.5468053662047287, 'cure_k': 0.4410389848019228, 'cure_p_min': 332.23361850405325, 'cure_gpp_ref': 0.5993544435840664, 'cure_agb_crit': 1.0518563189837018, 'fuel_k': 0.025739311137870084, 'fuel_half': 7.532333726906579}. Best is trial 0 with value: -0.6232552202351066.
[I 2026-07-25 00:33:21,807] Trial 514 finished with value: 0.4922284112780856 and parameters: {'k1': 0.02003252127254202, 'D_low': 1.2743991233569059, 'k2': 0.0016668634959912207, 'D_high': 343121.0980259229, 'fire_exp': 1.269415684601426, 'P_half': 121.8665089157533, 'pre_dampen_half': 1.1053589021225492, 'gpp_af': 0.016090570618979852, 'gpp_b': 9.601268921786377e-05, 'gpp_d': 780.7980598431764, 'ign_k': 0.002913628004114906, 'ign_c': 2.6641187810998535, 'trop_agb_crit': 19.42754044219324, 'trop_k_veg': 1.0579797946765377, 'gdp_gamma': 0.12350696499492504, 'cure_k': 0.005013750127011953, 'cure_p_min': 127.71072440972604, 'cure_gpp_ref': 0.1714988747429681, 'cure_agb_crit': 6.473785245040272, 'fuel_k': 0.010348158411261322, 'fuel_half': 89.00900547125097}. Best is trial 0 with value: -0.6232552202351066.
[I 2026-07-25 00:33:22,257] Trial 515 finished with value: 0.4380372127237633 and parameters: {'k1': 0.0006140624755859765, 'D_low': 89.0130100418395, 'k2': 3.764266472054401e-05, 'D_high': 8060042.804998305, 'fire_exp': 1.8274344654788754, 'P_half': 7.098994661923408, 'pre_dampen_half': 9.232202546637435, 'gpp_af': 33.290924034855834, 'gpp_b': 7.839533710668543e-05, 'gpp_d': 423.88406103715187, 'ign_k': 0.006266225859600824, 'ign_c': 20.46752320998681, 'trop_agb_crit': 24.617073598604325, 'trop_k_veg': 1.2140257048726981, 'gdp_gamma': 0.2211572426088652, 'cure_k': 0.05087170085413419, 'cure_p_min': 327.87320470973526, 'cure_gpp_ref': 0.10945835621154718, 'cure_agb_crit': 7.004446894530207, 'fuel_k': 0.026273943961942044, 'fuel_half': 0.35235037661293706}. Best is trial 0 with value: -0.6232552202351066.
[I 2026-07-25 00:33:22,705] Trial 516 finished with value: 0.5496216813805216 and parameters: {'k1': 0.009433560527368979, 'D_low': 304.8672161197037, 'k2': 1.3237997679071446e-05, 'D_high': 2783007.2442315654, 'fire_exp': 5.716193202835056, 'P_half': 65.32571090789773, 'pre_dampen_half': 1.2700500634622311, 'gpp_af': 0.08296993375720127, 'gpp_b': 0.00202348633810433, 'gpp_d': 3.419851864090781, 'ign_k': 0.1150114466907304, 'ign_c': 0.2948757180684007, 'trop_agb_crit': 2.398675090695956, 'trop_k_veg': 1.1356015299986357, 'gdp_gamma': 0.16572064325261315, 'cure_k': 0.008606639570881867, 'cure_p_min': 286.6396332996059, 'cure_gpp_ref': 0.15536678452665426, 'cure_agb_crit': 1.7626548474909454, 'fuel_k': 0.0198811770405864, 'fuel_half': 25.607547315953955}. Best is trial 0 with value: -0.6232552202351066.
[I 2026-07-25 00:33:23,159] Trial 517 finished with value: -0.5614919665017138 and parameters: {'k1': 0.0016239201380031543, 'D_low': 4598.561428451107, 'k2': 0.0008164904706562185, 'D_high': 5961925.23116083, 'fire_exp': 2.231695100936584, 'P_half': 11.541718846524798, 'pre_dampen_half': 0.08576253525839442, 'gpp_af': 0.14713297412954063, 'gpp_b': 8.017598178665135e-05, 'gpp_d': 1.0659945800975152, 'ign_k': 0.3930062524337057, 'ign_c': 0.12560842147076964, 'trop_agb_crit': 1.3272371465441521, 'trop_k_veg': 0.9318201976163943, 'gdp_gamma': 0.32820112604253526, 'cure_k': 0.19020972293392124, 'cure_p_min': 381.56991448273675, 'cure_gpp_ref': 0.08262946102244173, 'cure_agb_crit': 2.1229185986966175, 'fuel_k': 0.09481827049898492, 'fuel_half': 23.764612691131124}. Best is trial 0 with value: -0.6232552202351066.
[I 2026-07-25 00:33:23,610] Trial 518 finished with value: 0.3920807981513834 and parameters: {'k1': 0.03944012207983991, 'D_low': 1.1878190772004644, 'k2': 0.06748401166652042, 'D_high': 2707628.9597595204, 'fire_exp': 2.452650770877075, 'P_half': 77.83765817421761, 'pre_dampen_half': 26.85565937429851, 'gpp_af': 0.03651590503266978, 'gpp_b': 0.00011237277068736697, 'gpp_d': 697.2261406215791, 'ign_k': 0.0060866719394968224, 'ign_c': 4.227844270618318, 'trop_agb_crit': 6.5103414250261045, 'trop_k_veg': 1.24050974280225, 'gdp_gamma': 1.2518715594786385, 'cure_k': 0.002911058226511129, 'cure_p_min': 162.4294082376851, 'cure_gpp_ref': 0.2717834831522576, 'cure_agb_crit': 2.4864726937876114, 'fuel_k': 0.0699145822483848, 'fuel_half': 35.20859626112529}. Best is trial 0 with value: -0.6232552202351066.
[I 2026-07-25 00:33:24,058] Trial 519 finished with value: 0.5442699077880265 and parameters: {'k1': 0.021244747527277345, 'D_low': 86.98985757813305, 'k2': 1.980357740811471e-05, 'D_high': 557301.2741163847, 'fire_exp': 1.5065417247693378, 'P_half': 1.105848696492191, 'pre_dampen_half': 1.520592321663422, 'gpp_af': 0.03464703864725913, 'gpp_b': 0.058662352621005075, 'gpp_d': 247.08532546287387, 'ign_k': 0.05979230404949221, 'ign_c': 0.1736447808038823, 'trop_agb_crit': 1.3199654038690527, 'trop_k_veg': 0.7670413228763032, 'gdp_gamma': 0.4727661163018332, 'cure_k': 0.026698252974578233, 'cure_p_min': 346.0942475382687, 'cure_gpp_ref': 0.05525428399354463, 'cure_agb_crit': 2.8599439829098827, 'fuel_k': 0.0260462341062441, 'fuel_half': 70.76722013673769}. Best is trial 0 with value: -0.6232552202351066.
[I 2026-07-25 00:33:24,513] Trial 520 finished with value: 0.5737593201259936 and parameters: {'k1': 0.0011978173979242937, 'D_low': 3932.0581055511007, 'k2': 3.2265340117572205e-05, 'D_high': 47300.150077472324, 'fire_exp': 1.124832571623045, 'P_half': 378.41789322976115, 'pre_dampen_half': 0.04801427768633474, 'gpp_af': 8.050895231035486, 'gpp_b': 0.0006630707852880656, 'gpp_d': 62.41173565162817, 'ign_k': 0.01699253891109269, 'ign_c': 1.4043370205836858, 'trop_agb_crit': 24.622693818928493, 'trop_k_veg': 3.201162077307042, 'gdp_gamma': 0.19888372607295166, 'cure_k': 0.0013394381245258732, 'cure_p_min': 332.92669922698855, 'cure_gpp_ref': 0.21528989038490404, 'cure_agb_crit': 5.661573280975538, 'fuel_k': 0.08064520708522618, 'fuel_half': 7.930629900897548}. Best is trial 0 with value: -0.6232552202351066.
[I 2026-07-25 00:33:24,976] Trial 521 finished with value: 0.5681774179254041 and parameters: {'k1': 0.09066900160649156, 'D_low': 75287.56014747753, 'k2': 0.00023805091056263515, 'D_high': 988214.3476743177, 'fire_exp': 2.3333726015797254, 'P_half': 5.844130695157374, 'pre_dampen_half': 6.296816506611007, 'gpp_af': 0.0474616494027777, 'gpp_b': 7.598715052889079e-05, 'gpp_d': 2.2446972744134617, 'ign_k': 0.04000109230775861, 'ign_c': 1.379375672908506, 'trop_agb_crit': 3.7419206642514795, 'trop_k_veg': 0.6921463107226993, 'gdp_gamma': 0.026327534504219933, 'cure_k': 0.019627076637711613, 'cure_p_min': 322.653920837852, 'cure_gpp_ref': 0.0681765836822466, 'cure_agb_crit': 4.867273610401905, 'fuel_k': 0.11776515865958428, 'fuel_half': 10.688744266859976}. Best is trial 0 with value: -0.6232552202351066.
[I 2026-07-25 00:33:25,426] Trial 522 finished with value: -0.5283414167258079 and parameters: {'k1': 2.3418361144802918e-05, 'D_low': 76.43304106296947, 'k2': 0.0019068205036221015, 'D_high': 606.9781400582044, 'fire_exp': 1.0503669822495896, 'P_half': 4.2456996581070845, 'pre_dampen_half': 0.20098999416018104, 'gpp_af': 0.0017381765404764814, 'gpp_b': 3.026655749895677e-05, 'gpp_d': 0.09079915176680133, 'ign_k': 0.012073369833543209, 'ign_c': 0.2516055678967962, 'trop_agb_crit': 2.2237367953134903, 'trop_k_veg': 6.154152211622711, 'gdp_gamma': 0.2619854339582528, 'cure_k': 0.21245234619534165, 'cure_p_min': 322.89301915461266, 'cure_gpp_ref': 0.8056910133254025, 'cure_agb_crit': 1.3086786065452243, 'fuel_k': 0.02664930493681511, 'fuel_half': 5.167122226253408}. Best is trial 0 with value: -0.6232552202351066.
[I 2026-07-25 00:33:25,879] Trial 523 finished with value: 0.555794415335866 and parameters: {'k1': 0.0026160827851606813, 'D_low': 2.2322478815994455, 'k2': 7.688963905856619e-05, 'D_high': 73797.51473156048, 'fire_exp': 1.4934212885307485, 'P_half': 28.589305688853305, 'pre_dampen_half': 0.3891106129642078, 'gpp_af': 58.33693713278251, 'gpp_b': 0.0012734210282205295, 'gpp_d': 186.9962552431993, 'ign_k': 0.003268654891402937, 'ign_c': 3.677255966967536, 'trop_agb_crit': 5.9061093103387226, 'trop_k_veg': 2.3520629829506268, 'gdp_gamma': 0.08643185608766346, 'cure_k': 0.010149555006299032, 'cure_p_min': 317.94159717403153, 'cure_gpp_ref': 0.2873023733210356, 'cure_agb_crit': 6.320253093031423, 'fuel_k': 0.014811325962531124, 'fuel_half': 0.3872479590287418}. Best is trial 0 with value: -0.6232552202351066.
