[I 2026-08-19 17:39:12,928] Trial 1449 finished with value: 0.6223571839288444 and parameters: {'k1': 0.0113949987474169, 'D_low': 2.6123485183462143, 'k2': 0.0023779171723939704, 'D_high': 41748.957744033345, 'fire_exp': 1.9339655927006743, 'P_half': 3045.5459192555936, 'pre_dampen_half': 80.39722876472408, 'gpp_af': 0.04023043946362235, 'gpp_b': 1.0205488659343154, 'gpp_d': 2.2698121757011136, 'ign_k': 0.9324510081545355, 'ign_c': 0.7453933054868879, 'trop_agb_crit': 16.921393292275692, 'trop_k_veg': 1.7166491046712549, 'pop_amp': 3.8180648736584795, 'pop_peak': 32.49674225946098, 'pop_sig': 0.3320170919830288, 'fuel_k': 0.017057097186637955, 'fuel_half': 0.11045450933447681}. Best is trial 0 with value: -0.6094076133578652.
[I 2026-08-19 17:39:14,575] Trial 1450 finished with value: -0.5682107987082932 and parameters: {'k1': 0.0008463726141679636, 'D_low': 452.6403464182071, 'k2': 0.00031515505335118926, 'D_high': 6446470.462546459, 'fire_exp': 3.0034672887846288, 'P_half': 9.941039178222617, 'pre_dampen_half': 1.2988208873405651, 'gpp_af': 46.93297369665003, 'gpp_b': 3.8272745984261805e-05, 'gpp_d': 366.9318310422384, 'ign_k': 0.10809452358972034, 'ign_c': 0.14384027407041539, 'trop_agb_crit': 11.292760317704635, 'trop_k_veg': 1.012212857396815, 'pop_amp': 0.6614635435832845, 'pop_peak': 1.6922316402337358, 'pop_sig': 1.130646003789742, 'fuel_k': 0.029386032301396504, 'fuel_half': 0.3448726226831442}. Best is trial 0 with value: -0.6094076133578652.
[I 2026-08-19 17:39:16,286] Trial 1451 finished with value: 0.5506705574326668 and parameters: {'k1': 1.6761175451320808e-05, 'D_low': 2533.5631318883934, 'k2': 0.00014088799453692612, 'D_high': 800419.7151294951, 'fire_exp': 4.349655312833464, 'P_half': 11.278117389490474, 'pre_dampen_half': 0.6137408285348396, 'gpp_af': 12.529531106731882, 'gpp_b': 0.0064338051665058125, 'gpp_d': 927.8229893204173, 'ign_k': 0.4438421769042074, 'ign_c': 0.31515609660738464, 'trop_agb_crit': 17.57338456836957, 'trop_k_veg': 2.4137147029111947, 'pop_amp': 0.03221375957216213, 'pop_peak': 3.216539524564514, 'pop_sig': 0.9506928764306627, 'fuel_k': 0.03111703328741107, 'fuel_half': 0.1259366654283337}. Best is trial 0 with value: -0.6094076133578652.
[I 2026-08-19 17:39:17,965] Trial 1452 finished with value: 0.534996000151998 and parameters: {'k1': 0.010971936083196786, 'D_low': 395.62163846519314, 'k2': 0.0005194067008846365, 'D_high': 10449.107628740921, 'fire_exp': 2.389530722525653, 'P_half': 9.964042077370195, 'pre_dampen_half': 3.2370505856469256, 'gpp_af': 0.055716065757312604, 'gpp_b': 0.00025900310572622584, 'gpp_d': 779.6628612096706, 'ign_k': 6.486033904902064, 'ign_c': 2.1185798643459277, 'trop_agb_crit': 29.944108614169092, 'trop_k_veg': 2.8264077716247122, 'pop_amp': 0.0075261473060511406, 'pop_peak': 0.3576019845971733, 'pop_sig': 0.39982136127905676, 'fuel_k': 1.855769748119732, 'fuel_half': 11.770421325944891}. Best is trial 0 with value: -0.6094076133578652.
[I 2026-08-19 17:39:20,171] Trial 1453 finished with value: 0.5380564986477662 and parameters: {'k1': 0.005519664138831995, 'D_low': 76.58308363399556, 'k2': 0.0005222814133207431, 'D_high': 23721.527597270353, 'fire_exp': 3.580016964622423, 'P_half': 105.84789025597438, 'pre_dampen_half': 0.3425702759090518, 'gpp_af': 0.04644845545377696, 'gpp_b': 0.00946564703172762, 'gpp_d': 471.16680728312093, 'ign_k': 0.7494441476992667, 'ign_c': 0.11791414199181448, 'trop_agb_crit': 27.700047031509584, 'trop_k_veg': 4.888744377036876, 'pop_amp': 0.03093065995122662, 'pop_peak': 0.3132206639917298, 'pop_sig': 0.3427040401434112, 'fuel_k': 2.8656823600498544, 'fuel_half': 0.8505978684890769}. Best is trial 0 with value: -0.6094076133578652.
[I 2026-08-19 17:39:22,241] Trial 1454 finished with value: 0.5122289970410969 and parameters: {'k1': 8.529266986821928e-05, 'D_low': 4.598036712124115, 'k2': 0.005565825649622318, 'D_high': 7062534.607428884, 'fire_exp': 2.4399031707514456, 'P_half': 36.05969751240849, 'pre_dampen_half': 26.327929334907033, 'gpp_af': 0.22712620333762482, 'gpp_b': 0.015461044781575149, 'gpp_d': 4.166997089943296, 'ign_k': 0.07447782226275755, 'ign_c': 1.2467793419748878, 'trop_agb_crit': 2.8313378389251365, 'trop_k_veg': 0.6069311156174182, 'pop_amp': 7.896110135827989, 'pop_peak': 28.58378153303672, 'pop_sig': 0.383545689789285, 'fuel_k': 1.8316175633589475, 'fuel_half': 1.2751640181640258}. Best is trial 0 with value: -0.6094076133578652.
[I 2026-08-19 17:39:24,234] Trial 1455 finished with value: 0.4708495340580532 and parameters: {'k1': 0.002660663404470651, 'D_low': 4653.988183839393, 'k2': 0.0033256041561388924, 'D_high': 6590802.7017973, 'fire_exp': 5.179495086678061, 'P_half': 1.0402948973259014, 'pre_dampen_half': 10.693814120745262, 'gpp_af': 0.01768034498638805, 'gpp_b': 0.0024581737786218906, 'gpp_d': 293.4202117215625, 'ign_k': 0.2861119189300921, 'ign_c': 0.478293064817622, 'trop_agb_crit': 14.272486251201554, 'trop_k_veg': 4.255338656593112, 'pop_amp': 0.05718250149146346, 'pop_peak': 2.00356246565386, 'pop_sig': 0.699848749748411, 'fuel_k': 0.3226588938676943, 'fuel_half': 0.2342216435793238}. Best is trial 0 with value: -0.6094076133578652.
[I 2026-08-19 17:39:26,237] Trial 1456 finished with value: 0.40535035802813124 and parameters: {'k1': 0.0004411654320803937, 'D_low': 4652.090131223213, 'k2': 0.0005456885231870707, 'D_high': 1746936.3804780943, 'fire_exp': 1.1279019254409515, 'P_half': 243.6482170039747, 'pre_dampen_half': 14.57344208822309, 'gpp_af': 0.05713924717430032, 'gpp_b': 0.00029444523676757435, 'gpp_d': 5.047343452028966, 'ign_k': 0.24655886201259827, 'ign_c': 1.3490077158293934, 'trop_agb_crit': 28.907012003236975, 'trop_k_veg': 2.8990077720949734, 'pop_amp': 0.00230547554090018, 'pop_peak': 7.360233248866241, 'pop_sig': 0.8565818822818608, 'fuel_k': 0.9648267562852993, 'fuel_half': 1.3238994993290059}. Best is trial 0 with value: -0.6094076133578652.
  trial 1457/2500  best_overall=0.6094  (41.0 min)
[I 2026-08-19 17:39:28,579] Trial 1457 finished with value: 0.5778395624758181 and parameters: {'k1': 3.8882820159785245e-05, 'D_low': 388.0798831795286, 'k2': 2.46875295185795e-05, 'D_high': 2853852.2838840256, 'fire_exp': 1.381368763416782, 'P_half': 986.062173219964, 'pre_dampen_half': 0.8084012136554308, 'gpp_af': 0.9432414326424121, 'gpp_b': 0.07635394238282525, 'gpp_d': 0.40146513826571595, 'ign_k': 0.0012598560042265956, 'ign_c': 14.25568043404271, 'trop_agb_crit': 21.90380711622134, 'trop_k_veg': 1.7046913327859252, 'pop_amp': 3.535064796233725, 'pop_peak': 12.289092892967917, 'pop_sig': 0.4248135622305568, 'fuel_k': 0.49848996443849686, 'fuel_half': 0.2783216080762055}. Best is trial 0 with value: -0.6094076133578652.
[I 2026-08-19 17:39:30,341] Trial 1458 finished with value: 0.4447165191945761 and parameters: {'k1': 0.00019590720611986217, 'D_low': 3.3648601592555725, 'k2': 0.027310293329424022, 'D_high': 25530.627908970087, 'fire_exp': 1.1392660713863598, 'P_half': 122.23091735479254, 'pre_dampen_half': 42.18125952888605, 'gpp_af': 0.010858922511741777, 'gpp_b': 8.149408121564357e-05, 'gpp_d': 26.745824570252232, 'ign_k': 0.19568676333173918, 'ign_c': 17.545385383598347, 'trop_agb_crit': 4.625382328119749, 'trop_k_veg': 1.9587677032073392, 'pop_amp': 0.02718023982881378, 'pop_peak': 82.77063039592441, 'pop_sig': 1.9017690191852206, 'fuel_k': 0.5124000733068527, 'fuel_half': 0.15624601786894088}. Best is trial 0 with value: -0.6094076133578652.
[I 2026-08-19 17:39:32,076] Trial 1459 finished with value: 0.5923825114713914 and parameters: {'k1': 0.0005578786537619316, 'D_low': 1928.330865096903, 'k2': 0.004080192683368401, 'D_high': 4470571.59069034, 'fire_exp': 4.024946323787068, 'P_half': 1.9658835125486929, 'pre_dampen_half': 1.241719587210949, 'gpp_af': 0.002675878659413489, 'gpp_b': 0.008677328952631597, 'gpp_d': 697.3963922601272, 'ign_k': 0.79386898873721, 'ign_c': 0.12076083694268287, 'trop_agb_crit': 18.83079218839318, 'trop_k_veg': 4.515601829107734, 'pop_amp': 0.001566545173728665, 'pop_peak': 0.3757178845702281, 'pop_sig': 0.9215592655216942, 'fuel_k': 2.280315404392675, 'fuel_half': 0.17534850285848755}. Best is trial 0 with value: -0.6094076133578652.
[I 2026-08-19 17:39:33,856] Trial 1460 finished with value: 0.6445374145881376 and parameters: {'k1': 0.005446343334096656, 'D_low': 3189.485812489033, 'k2': 0.004362813969250627, 'D_high': 684110.3280949185, 'fire_exp': 4.852025904310376, 'P_half': 19.14864965932762, 'pre_dampen_half': 2.2065309847700783, 'gpp_af': 0.17987024649647343, 'gpp_b': 2.589498962594622e-05, 'gpp_d': 152.8348759806773, 'ign_k': 2.3164870565287017, 'ign_c': 52.12104482431207, 'trop_agb_crit': 2.094387580454482, 'trop_k_veg': 2.170171971000091, 'pop_amp': 0.01402687908112917, 'pop_peak': 850.8013901309592, 'pop_sig': 1.8637833472665428, 'fuel_k': 0.06724740413012466, 'fuel_half': 0.21176063150916094}. Best is trial 0 with value: -0.6094076133578652.
[I 2026-08-19 17:39:35,560] Trial 1461 finished with value: 0.45357216333429096 and parameters: {'k1': 0.0006691130477161721, 'D_low': 8.562044816725074, 'k2': 0.003336954318597251, 'D_high': 951969.5307660148, 'fire_exp': 2.3578883562065225, 'P_half': 52.96557837862209, 'pre_dampen_half': 0.1436529292940194, 'gpp_af': 0.02446197449433519, 'gpp_b': 0.004480969700834038, 'gpp_d': 1.0056488546599434, 'ign_k': 0.03673423402168187, 'ign_c': 0.12069654555938018, 'trop_agb_crit': 6.36717381660419, 'trop_k_veg': 1.8874730137583786, 'pop_amp': 8.03167184852518, 'pop_peak': 4.154673932363947, 'pop_sig': 0.9981064245034582, 'fuel_k': 0.17597791668421048, 'fuel_half': 0.759899240705723}. Best is trial 0 with value: -0.6094076133578652.
[I 2026-08-19 17:39:37,252] Trial 1462 finished with value: 0.5393526074838788 and parameters: {'k1': 0.005853771737920435, 'D_low': 1.5965453600308297, 'k2': 0.0013732728992374315, 'D_high': 204248.23806015815, 'fire_exp': 1.9063183372654626, 'P_half': 76.49464742231872, 'pre_dampen_half': 9.062103092210318, 'gpp_af': 0.35613042580125487, 'gpp_b': 0.051237536639119056, 'gpp_d': 3.28961064790776, 'ign_k': 5.691800230693543, 'ign_c': 1.1601352289902516, 'trop_agb_crit': 4.67977805362735, 'trop_k_veg': 0.5969463450553787, 'pop_amp': 7.614112331661727, 'pop_peak': 75.07503602904828, 'pop_sig': 0.3241548164073449, 'fuel_k': 0.04592598516598373, 'fuel_half': 0.38774002765971416}. Best is trial 0 with value: -0.6094076133578652.
[I 2026-08-19 17:39:38,967] Trial 1463 finished with value: 0.5090816739672287 and parameters: {'k1': 0.005244396756178004, 'D_low': 1.9431392437226163, 'k2': 1.1148403576601732e-05, 'D_high': 2064338.2338506917, 'fire_exp': 2.607797732269969, 'P_half': 2.3701595648850877, 'pre_dampen_half': 2.2592624443791838, 'gpp_af': 0.10980268068576338, 'gpp_b': 0.0005856462987787501, 'gpp_d': 177.3404888268879, 'ign_k': 0.016698673457972203, 'ign_c': 9.393790997201075, 'trop_agb_crit': 3.4796172932537544, 'trop_k_veg': 3.170848347444015, 'pop_amp': 0.006517071495830045, 'pop_peak': 0.509548601917083, 'pop_sig': 0.41760418280911793, 'fuel_k': 5.478602986986968, 'fuel_half': 2.449735575591836}. Best is trial 0 with value: -0.6094076133578652.
[I 2026-08-19 17:39:40,668] Trial 1464 finished with value: -0.5695751527386583 and parameters: {'k1': 0.00013403425290670578, 'D_low': 183.94634646463987, 'k2': 0.007206527064752678, 'D_high': 560632.2660003124, 'fire_exp': 1.4671148067310074, 'P_half': 12.52836542292507, 'pre_dampen_half': 0.1248391628153642, 'gpp_af': 1.557913196204477, 'gpp_b': 0.00026895327835180693, 'gpp_d': 229.53869690835648, 'ign_k': 0.8290143173477819, 'ign_c': 0.55069149109513, 'trop_agb_crit': 18.670904938091354, 'trop_k_veg': 0.9521179258625874, 'pop_amp': 0.5984357461344307, 'pop_peak': 2.4704127824075885, 'pop_sig': 0.8666501211273984, 'fuel_k': 0.17504000664398842, 'fuel_half': 0.11433143342593573}. Best is trial 0 with value: -0.6094076133578652.
[I 2026-08-19 17:39:42,374] Trial 1465 finished with value: 0.5846790180198 and parameters: {'k1': 0.003996467383304988, 'D_low': 21.963588462327706, 'k2': 1.8123854979429464e-05, 'D_high': 38604.90719823673, 'fire_exp': 3.1989768709100312, 'P_half': 6.215133928272543, 'pre_dampen_half': 6.402416905355812, 'gpp_af': 0.06296689177945075, 'gpp_b': 2.7003658614978363e-05, 'gpp_d': 46.297128782963355, 'ign_k': 0.024108680866920196, 'ign_c': 0.7139406624804999, 'trop_agb_crit': 10.408319573703906, 'trop_k_veg': 4.150774253430567, 'pop_amp': 0.009971908683705573, 'pop_peak': 16.161024646806407, 'pop_sig': 0.7372849226626909, 'fuel_k': 2.0848690770472467, 'fuel_half': 0.7326148120393889}. Best is trial 0 with value: -0.6094076133578652.
[I 2026-08-19 17:39:44,017] Trial 1466 finished with value: 0.5998055155779667 and parameters: {'k1': 0.024384204591774254, 'D_low': 2.108546425503348, 'k2': 0.0018397575470568896, 'D_high': 1859166.7371575509, 'fire_exp': 4.273276642124712, 'P_half': 11.458820887255005, 'pre_dampen_half': 0.6292507750765243, 'gpp_af': 0.0028356843316132228, 'gpp_b': 0.05768443620533549, 'gpp_d': 284.72777660317394, 'ign_k': 0.2819458989484134, 'ign_c': 1.1003246361974293, 'trop_agb_crit': 9.811986364396452, 'trop_k_veg': 6.0663204570168325, 'pop_amp': 0.0010519537946341482, 'pop_peak': 0.83615323443195, 'pop_sig': 0.9355149902105492, 'fuel_k': 0.27571534639173984, 'fuel_half': 2.8548286109677647}. Best is trial 0 with value: -0.6094076133578652.
[I 2026-08-19 17:39:45,721] Trial 1467 finished with value: 0.4635496028078172 and parameters: {'k1': 0.0007759916368315731, 'D_low': 87.53113653613354, 'k2': 0.00015674701294494936, 'D_high': 1035750.8814826483, 'fire_exp': 5.114040746682713, 'P_half': 7.287261209174731, 'pre_dampen_half': 3.4904796467178367, 'gpp_af': 0.2804800001760075, 'gpp_b': 0.003292235194005833, 'gpp_d': 29.60568831708756, 'ign_k': 1.931967170037537, 'ign_c': 0.36721594713145594, 'trop_agb_crit': 17.615576981524384, 'trop_k_veg': 0.624431983402919, 'pop_amp': 0.04154322155441822, 'pop_peak': 35.55334824085486, 'pop_sig': 0.5851222816024547, 'fuel_k': 0.14286308908450984, 'fuel_half': 0.1052251830704806}. Best is trial 0 with value: -0.6094076133578652.
[I 2026-08-19 17:39:48,522] Trial 1468 finished with value: 0.6445374145881376 and parameters: {'k1': 0.0029719623192704676, 'D_low': 57.485101226157894, 'k2': 0.02480635111474167, 'D_high': 86661.0409469163, 'fire_exp': 9.986989938776505, 'P_half': 21.080338794237335, 'pre_dampen_half': 200.44617044164548, 'gpp_af': 0.004485488145164574, 'gpp_b': 0.0005049891561446865, 'gpp_d': 49.79563444844027, 'ign_k': 4.352462496426872, 'ign_c': 197.76706985640118, 'trop_agb_crit': 2.3685709376928386, 'trop_k_veg': 2.0656118377980213, 'pop_amp': 0.09497963697915347, 'pop_peak': 445.6437724169261, 'pop_sig': 2.3173752686780764, 'fuel_k': 0.046443563882989924, 'fuel_half': 0.2979061076353632}. Best is trial 0 with value: -0.6094076133578652.
  trial 1469/2500  best_overall=0.6094  (41.4 min)
[I 2026-08-19 17:39:52,148] Trial 1469 finished with value: 0.5774253806909162 and parameters: {'k1': 0.0004796187384159006, 'D_low': 18.647517858697306, 'k2': 0.00035557507156169863, 'D_high': 738067.1605883214, 'fire_exp': 5.245382960114108, 'P_half': 2.041502090594811, 'pre_dampen_half': 166.03915856683307, 'gpp_af': 0.1498410478326573, 'gpp_b': 0.00042732410691125825, 'gpp_d': 105.93242032902805, 'ign_k': 0.011314038715482089, 'ign_c': 15.117489639963015, 'trop_agb_crit': 24.675894319419072, 'trop_k_veg': 3.094666476175308, 'pop_amp': 0.006089513239639134, 'pop_peak': 0.20886387393072883, 'pop_sig': 0.7646318300993172, 'fuel_k': 2.092721637747411, 'fuel_half': 0.38648626410231884}. Best is trial 0 with value: -0.6094076133578652.
[I 2026-08-19 17:39:55,108] Trial 1470 finished with value: 0.4733345090702572 and parameters: {'k1': 0.0001686833990048428, 'D_low': 2686.289741929137, 'k2': 0.04148876450170935, 'D_high': 3201901.2156526223, 'fire_exp': 1.0101600490485827, 'P_half': 502.6187987444629, 'pre_dampen_half': 1.4516884828405738, 'gpp_af': 0.08463622308042973, 'gpp_b': 0.0019172081743597752, 'gpp_d': 21.45993057843843, 'ign_k': 0.14897850930970058, 'ign_c': 0.27285380478666454, 'trop_agb_crit': 3.0754855415427844, 'trop_k_veg': 0.7085299319432964, 'pop_amp': 0.07608259752294888, 'pop_peak': 0.13800057261611073, 'pop_sig': 1.1717854275538826, 'fuel_k': 0.14770481509969, 'fuel_half': 9.006392364919646}. Best is trial 0 with value: -0.6094076133578652.
[I 2026-08-19 17:39:56,935] Trial 1471 finished with value: 0.5105091470068827 and parameters: {'k1': 0.00018912857387519392, 'D_low': 9.687404088093926, 'k2': 0.03345688854692838, 'D_high': 3662962.2726096204, 'fire_exp': 2.3124096134350793, 'P_half': 8.343427195167722, 'pre_dampen_half': 2.204519135971793, 'gpp_af': 0.07313504243616609, 'gpp_b': 1.3382369937075718e-05, 'gpp_d': 248.6989886091087, 'ign_k': 0.057862062907614364, 'ign_c': 12.496311098088935, 'trop_agb_crit': 22.388435431451967, 'trop_k_veg': 1.354375749481056, 'pop_amp': 0.0013036907485970857, 'pop_peak': 3.3556076680944407, 'pop_sig': 0.8095621607707556, 'fuel_k': 0.1790340695822716, 'fuel_half': 17.87381797465689}. Best is trial 0 with value: -0.6094076133578652.
[I 2026-08-19 17:39:58,713] Trial 1472 finished with value: 0.4911231885088736 and parameters: {'k1': 4.0483663899693316e-05, 'D_low': 143.6981469713817, 'k2': 0.06487593451726958, 'D_high': 167809.1933230988, 'fire_exp': 1.745863926109121, 'P_half': 48.436541886271485, 'pre_dampen_half': 1.1046582788757728, 'gpp_af': 0.0027250033954776716, 'gpp_b': 0.00016042998755162323, 'gpp_d': 930.1974057689649, 'ign_k': 0.9738956405275146, 'ign_c': 0.714059727506191, 'trop_agb_crit': 6.103979901255416, 'trop_k_veg': 1.8050610546994714, 'pop_amp': 0.061589457850582806, 'pop_peak': 5.7086864119568235, 'pop_sig': 1.6853443848950345, 'fuel_k': 0.3807855169259543, 'fuel_half': 0.13758921669176638}. Best is trial 0 with value: -0.6094076133578652.
[I 2026-08-19 17:40:00,455] Trial 1473 finished with value: -0.5924181644660439 and parameters: {'k1': 0.001387998657947317, 'D_low': 3314.7573892030205, 'k2': 0.0026574690434844755, 'D_high': 1716083.2776301885, 'fire_exp': 2.568071048232195, 'P_half': 61.631412341149804, 'pre_dampen_half': 2.763828194309473, 'gpp_af': 0.121009407617812, 'gpp_b': 8.127540956077705e-05, 'gpp_d': 58.53402109354332, 'ign_k': 0.44945206815684996, 'ign_c': 0.11540737538834346, 'trop_agb_crit': 11.163922964947101, 'trop_k_veg': 2.57701052048426, 'pop_amp': 0.5916163368800696, 'pop_peak': 4.512063590690238, 'pop_sig': 0.4564590464280828, 'fuel_k': 0.03153181242521222, 'fuel_half': 0.26432789522177386}. Best is trial 0 with value: -0.6094076133578652.
[I 2026-08-19 17:40:02,262] Trial 1474 finished with value: 0.5898088767950828 and parameters: {'k1': 0.00036552022640437933, 'D_low': 1292.8744600919933, 'k2': 0.001434749752980464, 'D_high': 9683065.603713019, 'fire_exp': 4.795687310988183, 'P_half': 66.31922939629158, 'pre_dampen_half': 0.8107180948611417, 'gpp_af': 0.2092394267755973, 'gpp_b': 0.20067515609585673, 'gpp_d': 3.4407551044267164, 'ign_k': 0.0023017270451712673, 'ign_c': 0.7591506567007621, 'trop_agb_crit': 5.497500111469964, 'trop_k_veg': 2.3458157197175207, 'pop_amp': 9.238690602543308, 'pop_peak': 18.05160437785041, 'pop_sig': 1.4828170907029181, 'fuel_k': 1.2563496728693297, 'fuel_half': 0.3831231288583852}. Best is trial 0 with value: -0.6094076133578652.
[I 2026-08-19 17:40:04,145] Trial 1475 finished with value: 0.6445374145881376 and parameters: {'k1': 0.0019510024098659384, 'D_low': 7.296211703486237, 'k2': 9.461227759150239e-05, 'D_high': 5695882.700036638, 'fire_exp': 7.011413538903307, 'P_half': 22.9465432051232, 'pre_dampen_half': 7.747299511773152, 'gpp_af': 0.7910597281334112, 'gpp_b': 0.0007583009414328231, 'gpp_d': 1.4662567082931648, 'ign_k': 1.5592874883111345, 'ign_c': 178.6525016512737, 'trop_agb_crit': 5.058964909452527, 'trop_k_veg': 1.6020080393554386, 'pop_amp': 0.05016298758730591, 'pop_peak': 59.57072788640932, 'pop_sig': 1.3362286510430994, 'fuel_k': 0.2381063606684108, 'fuel_half': 0.7074440463990462}. Best is trial 0 with value: -0.6094076133578652.
[I 2026-08-19 17:40:05,935] Trial 1476 finished with value: 0.4352764200734087 and parameters: {'k1': 0.0005217111022884359, 'D_low': 2154.1531604865027, 'k2': 0.044861331253335995, 'D_high': 4981826.1564130355, 'fire_exp': 5.010651366460617, 'P_half': 35.78724207109307, 'pre_dampen_half': 8.562566720138255, 'gpp_af': 2.0579943415600215, 'gpp_b': 0.0001078864540131466, 'gpp_d': 24.293527954471234, 'ign_k': 0.9914879011218535, 'ign_c': 5.2425191027516105, 'trop_agb_crit': 20.474763347384513, 'trop_k_veg': 2.4107856548875026, 'pop_amp': 1.787061672153434, 'pop_peak': 186.50432763466318, 'pop_sig': 0.42811719640216406, 'fuel_k': 0.01738830320769205, 'fuel_half': 0.793014694975213}. Best is trial 0 with value: -0.6094076133578652.
[I 2026-08-19 17:40:07,726] Trial 1477 finished with value: 0.5429453106469216 and parameters: {'k1': 0.0011139012222681052, 'D_low': 1391.950373282512, 'k2': 0.0016662986091034392, 'D_high': 2807410.088970542, 'fire_exp': 1.1286745110812806, 'P_half': 2758.8063350627617, 'pre_dampen_half': 0.7877126288181378, 'gpp_af': 0.15069675984458467, 'gpp_b': 0.00015502820430416756, 'gpp_d': 18.645534871451108, 'ign_k': 7.820180978893089, 'ign_c': 0.22661616786186234, 'trop_agb_crit': 6.554155178195388, 'trop_k_veg': 1.8208494394423913, 'pop_amp': 0.19184782771477876, 'pop_peak': 19.4398352882266, 'pop_sig': 0.398306204644816, 'fuel_k': 0.01665953522036206, 'fuel_half': 0.18227052203469946}. Best is trial 0 with value: -0.6094076133578652.
