[I 2026-07-22 18:52:56,177] Trial 1539 finished with values: [-0.5358405955152593, 0.12247321440318903] and parameters: {'k1': 0.003454058352359339, 'D_low': 1.7887890916820506, 'k2': 0.0007081721844034209, 'D_high': 1681956.433827372, 'fire_exp': 8.791426299948917, 'P_half': 7.890004262668578, 'pre_dampen_half': 26.373339933815235, 'gpp_af': 0.015350904103515228, 'gpp_b': 4.220353378826744e-05, 'gpp_d': 700.6693992445935, 'ign_k': 3.284529979576942, 'ign_c': 11.40086370112731, 'trop_agb_crit': 15.35205868174982, 'trop_k_veg': 0.5415365826598848, 'fuel_k': 3.6992394681929355, 'fuel_half': 81.87941582538087}.
[I 2026-07-22 18:52:56,608] Trial 1540 finished with values: [10.063843537487033, 10.063843537487033] and parameters: {'k1': 0.003242143344038315, 'D_low': 8454.098152188677, 'k2': 0.001566517163094646, 'D_high': 887331.2884015184, 'fire_exp': 2.0165721691808587, 'P_half': 7.890004262668578, 'pre_dampen_half': 3.9885726374014694, 'gpp_af': 0.25562996323356013, 'gpp_b': 0.0056942858615488725, 'gpp_d': 700.6693992445935, 'ign_k': 0.5131654955148324, 'ign_c': 14.452451441203314, 'trop_agb_crit': 10.719494362768906, 'trop_k_veg': 2.417028380770307, 'fuel_k': 0.5400268568058665, 'fuel_half': 0.3335026483569958}.
[I 2026-07-22 18:52:57,033] Trial 1541 finished with values: [10.764970237341231, 10.764970237341231] and parameters: {'k1': 0.052334804885400876, 'D_low': 8454.098152188677, 'k2': 0.001566517163094646, 'D_high': 887331.2884015184, 'fire_exp': 7.089507362101403, 'P_half': 7.890004262668578, 'pre_dampen_half': 3.9885726374014694, 'gpp_af': 0.015350904103515228, 'gpp_b': 0.01736771891291939, 'gpp_d': 700.6693992445935, 'ign_k': 0.14683150478891635, 'ign_c': 14.452451441203314, 'trop_agb_crit': 10.719494362768906, 'trop_k_veg': 1.7428926895756522, 'fuel_k': 3.6992394681929355, 'fuel_half': 0.3335026483569958}.
[I 2026-07-22 18:52:57,465] Trial 1542 finished with values: [10.185031377900323, 10.185031377900323] and parameters: {'k1': 0.00016480446427978953, 'D_low': 126.11058927054879, 'k2': 0.0009562822793888481, 'D_high': 708572.1663941594, 'fire_exp': 3.2181803496180783, 'P_half': 7.890004262668578, 'pre_dampen_half': 64.49247782660952, 'gpp_af': 0.12243451886824051, 'gpp_b': 0.0054502936945582505, 'gpp_d': 9.00460602264307, 'ign_k': 0.5131654955148324, 'ign_c': 14.452451441203314, 'trop_agb_crit': 1.7638950866389151, 'trop_k_veg': 0.6921865222804094, 'fuel_k': 0.15706362619551986, 'fuel_half': 0.3335026483569958}.
[I 2026-07-22 18:52:57,898] Trial 1543 finished with values: [10.171176595035444, 10.171176595035444] and parameters: {'k1': 0.00016480446427978953, 'D_low': 8454.098152188677, 'k2': 0.00021153782194224395, 'D_high': 708572.1663941594, 'fire_exp': 9.728277853041872, 'P_half': 7.890004262668578, 'pre_dampen_half': 3.9885726374014694, 'gpp_af': 0.015350904103515228, 'gpp_b': 1.1698276136056565e-05, 'gpp_d': 700.6693992445935, 'ign_k': 4.59148521674054, 'ign_c': 6.1609752947414345, 'trop_agb_crit': 5.707205898008383, 'trop_k_veg': 1.7428926895756522, 'fuel_k': 3.7875356197077763, 'fuel_half': 0.32476735706274484}.
[I 2026-07-22 18:52:58,347] Trial 1544 finished with values: [11.993902045259016, 11.993902045259016] and parameters: {'k1': 0.0003199177539819797, 'D_low': 195.72118561834387, 'k2': 0.001566517163094646, 'D_high': 1004383.9674167719, 'fire_exp': 1.2242398136753672, 'P_half': 7.890004262668578, 'pre_dampen_half': 33.71909132517388, 'gpp_af': 0.0025511964576171086, 'gpp_b': 4.220353378826744e-05, 'gpp_d': 700.6693992445935, 'ign_k': 3.284529979576942, 'ign_c': 11.40086370112731, 'trop_agb_crit': 12.324775650896964, 'trop_k_veg': 7.26254292602904, 'fuel_k': 3.6992394681929355, 'fuel_half': 81.87941582538087}.
[I 2026-07-22 18:52:58,869] Trial 1545 finished with values: [10.06658334929347, 10.06658334929347] and parameters: {'k1': 0.0029282035181080004, 'D_low': 1.7887890916820506, 'k2': 0.00017277896632650726, 'D_high': 580966.5602369158, 'fire_exp': 1.1258453832483524, 'P_half': 7.890004262668578, 'pre_dampen_half': 0.4016986062226068, 'gpp_af': 0.12243451886824051, 'gpp_b': 0.0054502936945582505, 'gpp_d': 6.91394869865762, 'ign_k': 0.5131654955148324, 'ign_c': 11.40086370112731, 'trop_agb_crit': 10.719494362768906, 'trop_k_veg': 0.6921865222804094, 'fuel_k': 0.16734497966461861, 'fuel_half': 0.32476735706274484}.
[I 2026-07-22 18:52:59,413] Trial 1546 finished with values: [-0.7179004133446234, 0.10447213633983432] and parameters: {'k1': 0.00016193211841474111, 'D_low': 35.97571084278466, 'k2': 0.0007081721844034209, 'D_high': 316055.11434645456, 'fire_exp': 8.791426299948917, 'P_half': 7.890004262668578, 'pre_dampen_half': 33.71909132517388, 'gpp_af': 0.015350904103515228, 'gpp_b': 3.936122422430193e-05, 'gpp_d': 6.91394869865762, 'ign_k': 3.284529979576942, 'ign_c': 14.452451441203314, 'trop_agb_crit': 10.719494362768906, 'trop_k_veg': 0.6921865222804094, 'fuel_k': 3.6992394681929355, 'fuel_half': 0.3335026483569958}.
[I 2026-07-22 18:52:59,869] Trial 1547 finished with values: [-0.6805695140613331, 0.09532123104431722] and parameters: {'k1': 0.0003199177539819797, 'D_low': 1.7887890916820506, 'k2': 0.001566517163094646, 'D_high': 708572.1663941594, 'fire_exp': 8.791426299948917, 'P_half': 2.843767489444367, 'pre_dampen_half': 33.71909132517388, 'gpp_af': 0.015350904103515228, 'gpp_b': 3.936122422430193e-05, 'gpp_d': 6.91394869865762, 'ign_k': 0.8015297379101401, 'ign_c': 14.452451441203314, 'trop_agb_crit': 9.362115196011851, 'trop_k_veg': 1.7428926895756522, 'fuel_k': 3.6992394681929355, 'fuel_half': 81.87941582538087}.
  trial 1548/2500  pareto_size=2  best_taylor=0.7647  best_ilamb=0.6040  (11.2 min)
[I 2026-07-22 18:53:00,554] Trial 1548 finished with values: [-0.7488397906944048, 0.06460459193067647] and parameters: {'k1': 0.0003199177539819797, 'D_low': 1.7887890916820506, 'k2': 0.0001997174727159274, 'D_high': 316055.11434645456, 'fire_exp': 7.089507362101403, 'P_half': 7.890004262668578, 'pre_dampen_half': 3.9885726374014694, 'gpp_af': 0.015350904103515228, 'gpp_b': 3.936122422430193e-05, 'gpp_d': 6.91394869865762, 'ign_k': 3.284529979576942, 'ign_c': 14.452451441203314, 'trop_agb_crit': 20.205002815711154, 'trop_k_veg': 0.6921865222804094, 'fuel_k': 3.6992394681929355, 'fuel_half': 0.3335026483569958}.
[I 2026-07-22 18:53:00,980] Trial 1549 finished with values: [10.117211147037429, 10.117211147037429] and parameters: {'k1': 0.0003199177539819797, 'D_low': 8454.098152188677, 'k2': 0.0007081721844034209, 'D_high': 580966.5602369158, 'fire_exp': 2.0165721691808587, 'P_half': 7.890004262668578, 'pre_dampen_half': 3.9885726374014694, 'gpp_af': 0.25562996323356013, 'gpp_b': 0.0054502936945582505, 'gpp_d': 700.6693992445935, 'ign_k': 3.284529979576942, 'ign_c': 14.452451441203314, 'trop_agb_crit': 28.412323986638135, 'trop_k_veg': 0.6921865222804094, 'fuel_k': 0.48736180483849406, 'fuel_half': 0.32476735706274484}.
[I 2026-07-22 18:53:01,412] Trial 1550 finished with values: [10.219320615930107, 10.219320615930107] and parameters: {'k1': 0.052334804885400876, 'D_low': 8454.098152188677, 'k2': 6.0047557517115444e-05, 'D_high': 580966.5602369158, 'fire_exp': 1.1258453832483524, 'P_half': 7.890004262668578, 'pre_dampen_half': 0.4016986062226068, 'gpp_af': 0.015350904103515228, 'gpp_b': 2.2176116435355843e-05, 'gpp_d': 700.6693992445935, 'ign_k': 4.59148521674054, 'ign_c': 6.1609752947414345, 'trop_agb_crit': 5.707205898008383, 'trop_k_veg': 0.6921865222804094, 'fuel_k': 3.7875356197077763, 'fuel_half': 0.32476735706274484}.
[I 2026-07-22 18:53:01,843] Trial 1551 finished with values: [10.484545893271807, 10.484545893271807] and parameters: {'k1': 0.003454058352359339, 'D_low': 864.0717009254879, 'k2': 0.0007081721844034209, 'D_high': 316055.11434645456, 'fire_exp': 2.2001281555508063, 'P_half': 7.890004262668578, 'pre_dampen_half': 33.71909132517388, 'gpp_af': 0.015350904103515228, 'gpp_b': 0.002407352334224724, 'gpp_d': 9.00460602264307, 'ign_k': 3.284529979576942, 'ign_c': 11.40086370112731, 'trop_agb_crit': 15.35205868174982, 'trop_k_veg': 7.26254292602904, 'fuel_k': 0.4748757752313696, 'fuel_half': 0.3335026483569958}.
[I 2026-07-22 18:53:02,276] Trial 1552 finished with values: [10.393778758029526, 10.393778758029526] and parameters: {'k1': 0.0029282035181080004, 'D_low': 126.11058927054879, 'k2': 0.0007081721844034209, 'D_high': 580966.5602369158, 'fire_exp': 8.791426299948917, 'P_half': 7.890004262668578, 'pre_dampen_half': 0.4016986062226068, 'gpp_af': 0.12243451886824051, 'gpp_b': 0.0004182983512504611, 'gpp_d': 9.00460602264307, 'ign_k': 3.284529979576942, 'ign_c': 11.40086370112731, 'trop_agb_crit': 26.761821003465073, 'trop_k_veg': 0.6921865222804094, 'fuel_k': 3.6992394681929355, 'fuel_half': 0.32476735706274484}.
[I 2026-07-22 18:53:02,713] Trial 1553 finished with values: [10.209192207868957, 10.209192207868957] and parameters: {'k1': 0.0003199177539819797, 'D_low': 126.11058927054879, 'k2': 2.1698375693549493e-05, 'D_high': 316055.11434645456, 'fire_exp': 2.0165721691808587, 'P_half': 7.890004262668578, 'pre_dampen_half': 0.4016986062226068, 'gpp_af': 0.25562996323356013, 'gpp_b': 0.0054502936945582505, 'gpp_d': 700.6693992445935, 'ign_k': 3.284529979576942, 'ign_c': 11.40086370112731, 'trop_agb_crit': 20.205002815711154, 'trop_k_veg': 2.3470284094935847, 'fuel_k': 1.1820218758583807, 'fuel_half': 0.3335026483569958}.
[I 2026-07-22 18:53:03,139] Trial 1554 finished with values: [10.64974544141013, 10.64974544141013] and parameters: {'k1': 0.003454058352359339, 'D_low': 126.11058927054879, 'k2': 0.0011649050119023644, 'D_high': 1681956.433827372, 'fire_exp': 3.313658135010505, 'P_half': 7.890004262668578, 'pre_dampen_half': 26.373339933815235, 'gpp_af': 0.015350904103515228, 'gpp_b': 0.002407352334224724, 'gpp_d': 9.00460602264307, 'ign_k': 3.284529979576942, 'ign_c': 2.449673229259854, 'trop_agb_crit': 15.35205868174982, 'trop_k_veg': 0.5415365826598848, 'fuel_k': 1.2528108647479208, 'fuel_half': 0.3335026483569958}.
[I 2026-07-22 18:53:03,572] Trial 1555 finished with values: [10.06136959124249, 10.06136959124249] and parameters: {'k1': 0.0003199177539819797, 'D_low': 8454.098152188677, 'k2': 0.001566517163094646, 'D_high': 708572.1663941594, 'fire_exp': 8.824663358577489, 'P_half': 7.890004262668578, 'pre_dampen_half': 3.9885726374014694, 'gpp_af': 0.015350904103515228, 'gpp_b': 3.936122422430193e-05, 'gpp_d': 6.91394869865762, 'ign_k': 4.59148521674054, 'ign_c': 11.40086370112731, 'trop_agb_crit': 5.707205898008383, 'trop_k_veg': 1.7428926895756522, 'fuel_k': 3.7875356197077763, 'fuel_half': 0.22120706380461633}.
[I 2026-07-22 18:53:04,002] Trial 1556 finished with values: [14.950329930489392, 14.950329930489392] and parameters: {'k1': 0.0003199177539819797, 'D_low': 3039.5242033182176, 'k2': 0.0007081721844034209, 'D_high': 708572.1663941594, 'fire_exp': 1.3778333780716638, 'P_half': 7.890004262668578, 'pre_dampen_half': 33.71909132517388, 'gpp_af': 0.015350904103515228, 'gpp_b': 1.7565109007473816e-05, 'gpp_d': 9.00460602264307, 'ign_k': 0.8015297379101401, 'ign_c': 14.452451441203314, 'trop_agb_crit': 9.362115196011851, 'trop_k_veg': 1.7125842904765074, 'fuel_k': 3.6992394681929355, 'fuel_half': 0.32476735706274484}.
[I 2026-07-22 18:53:04,433] Trial 1557 finished with values: [10.70241022213596, 10.70241022213596] and parameters: {'k1': 0.052334804885400876, 'D_low': 8454.098152188677, 'k2': 0.0007081721844034209, 'D_high': 708572.1663941594, 'fire_exp': 8.791426299948917, 'P_half': 7.890004262668578, 'pre_dampen_half': 33.71909132517388, 'gpp_af': 0.015350904103515228, 'gpp_b': 1.1698276136056565e-05, 'gpp_d': 6.91394869865762, 'ign_k': 4.59148521674054, 'ign_c': 14.452451441203314, 'trop_agb_crit': 5.707205898008383, 'trop_k_veg': 1.7428926895756522, 'fuel_k': 3.7875356197077763, 'fuel_half': 0.3335026483569958}.
[I 2026-07-22 18:53:04,868] Trial 1558 finished with values: [10.459505805089982, 10.459505805089982] and parameters: {'k1': 0.0029282035181080004, 'D_low': 126.11058927054879, 'k2': 0.001566517163094646, 'D_high': 887331.2884015184, 'fire_exp': 4.2289672454012965, 'P_half': 7.890004262668578, 'pre_dampen_half': 3.9885726374014694, 'gpp_af': 0.12243451886824051, 'gpp_b': 0.0054502936945582505, 'gpp_d': 1.050978521342778, 'ign_k': 0.26012483143946924, 'ign_c': 11.40086370112731, 'trop_agb_crit': 17.530135633155123, 'trop_k_veg': 0.6921865222804094, 'fuel_k': 0.48736180483849406, 'fuel_half': 0.3335026483569958}.
[I 2026-07-22 18:53:05,304] Trial 1559 finished with values: [11.26726195493871, 11.26726195493871] and parameters: {'k1': 0.011966626407443505, 'D_low': 8454.098152188677, 'k2': 0.0008392504050877116, 'D_high': 887331.2884015184, 'fire_exp': 1.1258453832483524, 'P_half': 7.890004262668578, 'pre_dampen_half': 3.9885726374014694, 'gpp_af': 0.27828459064398026, 'gpp_b': 1.1698276136056565e-05, 'gpp_d': 1.050978521342778, 'ign_k': 0.5131654955148324, 'ign_c': 4.046832252829309, 'trop_agb_crit': 9.362115196011851, 'trop_k_veg': 0.6921865222804094, 'fuel_k': 1.1820218758583807, 'fuel_half': 0.3335026483569958}.
[I 2026-07-22 18:53:05,739] Trial 1560 finished with values: [10.544415836585287, 10.544415836585287] and parameters: {'k1': 0.0029282035181080004, 'D_low': 8454.098152188677, 'k2': 0.00021153782194224395, 'D_high': 316055.11434645456, 'fire_exp': 1.1258453832483524, 'P_half': 7.890004262668578, 'pre_dampen_half': 0.4016986062226068, 'gpp_af': 0.25562996323356013, 'gpp_b': 1.1698276136056565e-05, 'gpp_d': 700.6693992445935, 'ign_k': 3.284529979576942, 'ign_c': 6.1609752947414345, 'trop_agb_crit': 20.205002815711154, 'trop_k_veg': 1.7428926895756522, 'fuel_k': 3.7875356197077763, 'fuel_half': 0.3335026483569958}.
[I 2026-07-22 18:53:06,188] Trial 1561 finished with values: [10.70926557581971, 10.70926557581971] and parameters: {'k1': 0.0029282035181080004, 'D_low': 102.62384545413329, 'k2': 7.966502922679658e-05, 'D_high': 316055.11434645456, 'fire_exp': 1.1258453832483524, 'P_half': 9449.16767516203, 'pre_dampen_half': 0.4016986062226068, 'gpp_af': 0.12243451886824051, 'gpp_b': 0.01736771891291939, 'gpp_d': 700.6693992445935, 'ign_k': 3.284529979576942, 'ign_c': 11.40086370112731, 'trop_agb_crit': 17.530135633155123, 'trop_k_veg': 1.7428926895756522, 'fuel_k': 0.5400268568058665, 'fuel_half': 0.32476735706274484}.
[I 2026-07-22 18:53:06,631] Trial 1562 finished with values: [10.067679499760938, 10.067679499760938] and parameters: {'k1': 0.052334804885400876, 'D_low': 8454.098152188677, 'k2': 0.0007081721844034209, 'D_high': 316055.11434645456, 'fire_exp': 1.2242398136753672, 'P_half': 2.2010656610055808, 'pre_dampen_half': 33.97904243111269, 'gpp_af': 0.015350904103515228, 'gpp_b': 0.0054502936945582505, 'gpp_d': 6.91394869865762, 'ign_k': 4.59148521674054, 'ign_c': 11.40086370112731, 'trop_agb_crit': 5.707205898008383, 'trop_k_veg': 1.7428926895756522, 'fuel_k': 3.7875356197077763, 'fuel_half': 81.87941582538087}.
[I 2026-07-22 18:53:07,069] Trial 1563 finished with values: [-0.7590807959478304, 0.11819343811841632] and parameters: {'k1': 0.052334804885400876, 'D_low': 1.7887890916820506, 'k2': 0.033209248548898895, 'D_high': 580966.5602369158, 'fire_exp': 8.791426299948917, 'P_half': 2.843767489444367, 'pre_dampen_half': 3.9885726374014694, 'gpp_af': 0.015350904103515228, 'gpp_b': 1.7565109007473816e-05, 'gpp_d': 6.91394869865762, 'ign_k': 4.59148521674054, 'ign_c': 11.40086370112731, 'trop_agb_crit': 10.719494362768906, 'trop_k_veg': 1.7428926895756522, 'fuel_k': 3.7875356197077763, 'fuel_half': 1.329409142251229}.
[I 2026-07-22 18:53:07,506] Trial 1564 finished with values: [10.572764085267204, 10.572764085267204] and parameters: {'k1': 0.052334804885400876, 'D_low': 5500.925318788574, 'k2': 0.0007081721844034209, 'D_high': 887331.2884015184, 'fire_exp': 8.791426299948917, 'P_half': 7.890004262668578, 'pre_dampen_half': 3.9885726374014694, 'gpp_af': 0.25562996323356013, 'gpp_b': 0.0054502936945582505, 'gpp_d': 700.6693992445935, 'ign_k': 0.18945647155616227, 'ign_c': 14.452451441203314, 'trop_agb_crit': 3.18503092820536, 'trop_k_veg': 1.7428926895756522, 'fuel_k': 3.6992394681929355, 'fuel_half': 0.3335026483569958}.
[I 2026-07-22 18:53:07,938] Trial 1565 finished with values: [12.652296404463554, 12.652296404463554] and parameters: {'k1': 0.052334804885400876, 'D_low': 8454.098152188677, 'k2': 0.0001997174727159274, 'D_high': 8433503.858791472, 'fire_exp': 1.1258453832483524, 'P_half': 7.890004262668578, 'pre_dampen_half': 33.71909132517388, 'gpp_af': 1.2685348388589315, 'gpp_b': 0.0054502936945582505, 'gpp_d': 6.91394869865762, 'ign_k': 0.26012483143946924, 'ign_c': 11.40086370112731, 'trop_agb_crit': 20.205002815711154, 'trop_k_veg': 1.7428926895756522, 'fuel_k': 3.7875356197077763, 'fuel_half': 0.3335026483569958}.
[I 2026-07-22 18:53:08,386] Trial 1566 finished with values: [-0.664310674305099, 0.10919203425235924] and parameters: {'k1': 0.0003199177539819797, 'D_low': 16.138852296760657, 'k2': 0.0008392504050877116, 'D_high': 316055.11434645456, 'fire_exp': 8.791426299948917, 'P_half': 7.890004262668578, 'pre_dampen_half': 33.71909132517388, 'gpp_af': 0.015350904103515228, 'gpp_b': 1.1698276136056565e-05, 'gpp_d': 700.6693992445935, 'ign_k': 0.5131654955148324, 'ign_c': 14.452451441203314, 'trop_agb_crit': 9.362115196011851, 'trop_k_veg': 1.4954202486939592, 'fuel_k': 0.08612665817296865, 'fuel_half': 0.13133443154614802}.
[I 2026-07-22 18:53:08,846] Trial 1567 finished with values: [-0.7269783046703983, 0.1477185908634685] and parameters: {'k1': 0.0029282035181080004, 'D_low': 8454.098152188677, 'k2': 0.001566517163094646, 'D_high': 887331.2884015184, 'fire_exp': 3.9865235442286613, 'P_half': 7.890004262668578, 'pre_dampen_half': 1.2857036969656743, 'gpp_af': 0.23863282767311558, 'gpp_b': 3.936122422430193e-05, 'gpp_d': 700.6693992445935, 'ign_k': 0.5131654955148324, 'ign_c': 14.862721357628129, 'trop_agb_crit': 20.205002815711154, 'trop_k_veg': 0.6921865222804094, 'fuel_k': 3.6992394681929355, 'fuel_half': 0.32476735706274484}.
[I 2026-07-22 18:53:09,288] Trial 1568 finished with values: [10.769218412640573, 10.769218412640573] and parameters: {'k1': 0.052334804885400876, 'D_low': 8454.098152188677, 'k2': 2.1698375693549493e-05, 'D_high': 887331.2884015184, 'fire_exp': 2.0165721691808587, 'P_half': 7.890004262668578, 'pre_dampen_half': 3.9885726374014694, 'gpp_af': 0.25562996323356013, 'gpp_b': 0.0054502936945582505, 'gpp_d': 700.6693992445935, 'ign_k': 0.008147023038199086, 'ign_c': 717.9850289628322, 'trop_agb_crit': 20.205002815711154, 'trop_k_veg': 0.6921865222804094, 'fuel_k': 1.1820218758583807, 'fuel_half': 0.3335026483569958}.
[I 2026-07-22 18:53:09,727] Trial 1569 finished with values: [10.615502858213345, 10.615502858213345] and parameters: {'k1': 0.006642681820760164, 'D_low': 8454.098152188677, 'k2': 2.1698375693549493e-05, 'D_high': 708572.1663941594, 'fire_exp': 8.791426299948917, 'P_half': 7.890004262668578, 'pre_dampen_half': 3.9885726374014694, 'gpp_af': 0.25562996323356013, 'gpp_b': 0.0054502936945582505, 'gpp_d': 1.050978521342778, 'ign_k': 4.59148521674054, 'ign_c': 14.452451441203314, 'trop_agb_crit': 20.205002815711154, 'trop_k_veg': 1.7428926895756522, 'fuel_k': 1.1820218758583807, 'fuel_half': 0.3335026483569958}.
[I 2026-07-22 18:53:10,160] Trial 1570 finished with values: [12.970789187349812, 12.970789187349812] and parameters: {'k1': 0.00016480446427978953, 'D_low': 126.11058927054879, 'k2': 0.002342238625792905, 'D_high': 8433503.858791472, 'fire_exp': 3.2181803496180783, 'P_half': 7.890004262668578, 'pre_dampen_half': 33.71909132517388, 'gpp_af': 0.12243451886824051, 'gpp_b': 3.936122422430193e-05, 'gpp_d': 6.91394869865762, 'ign_k': 0.5131654955148324, 'ign_c': 11.40086370112731, 'trop_agb_crit': 17.530135633155123, 'trop_k_veg': 6.223898115432298, 'fuel_k': 3.7875356197077763, 'fuel_half': 0.32476735706274484}.
[I 2026-07-22 18:53:10,591] Trial 1571 finished with values: [10.167259870437107, 10.167259870437107] and parameters: {'k1': 0.052334804885400876, 'D_low': 8454.098152188677, 'k2': 0.00017277896632650726, 'D_high': 316055.11434645456, 'fire_exp': 8.791426299948917, 'P_half': 7.890004262668578, 'pre_dampen_half': 3.9885726374014694, 'gpp_af': 0.12243451886824051, 'gpp_b': 0.0054502936945582505, 'gpp_d': 6.91394869865762, 'ign_k': 3.284529979576942, 'ign_c': 6.1609752947414345, 'trop_agb_crit': 5.707205898008383, 'trop_k_veg': 1.7428926895756522, 'fuel_k': 3.7875356197077763, 'fuel_half': 0.32476735706274484}.
[I 2026-07-22 18:53:11,019] Trial 1572 finished with values: [-0.6107457466582595, 0.0585664639749266] and parameters: {'k1': 0.00016480446427978953, 'D_low': 126.11058927054879, 'k2': 0.001566517163094646, 'D_high': 580966.5602369158, 'fire_exp': 3.2181803496180783, 'P_half': 9.324787201197319, 'pre_dampen_half': 33.71909132517388, 'gpp_af': 0.12243451886824051, 'gpp_b': 0.01736771891291939, 'gpp_d': 700.6693992445935, 'ign_k': 4.59148521674054, 'ign_c': 11.40086370112731, 'trop_agb_crit': 11.659854259018239, 'trop_k_veg': 2.417028380770307, 'fuel_k': 0.08612665817296865, 'fuel_half': 0.32476735706274484}.
[I 2026-07-22 18:53:11,442] Trial 1573 finished with values: [-0.6982076540574444, 0.10966512251554295] and parameters: {'k1': 0.0013600238206818325, 'D_low': 1.7887890916820506, 'k2': 0.00021153782194224395, 'D_high': 708572.1663941594, 'fire_exp': 8.791426299948917, 'P_half': 7.890004262668578, 'pre_dampen_half': 3.9885726374014694, 'gpp_af': 0.015350904103515228, 'gpp_b': 3.936122422430193e-05, 'gpp_d': 9.00460602264307, 'ign_k': 4.59148521674054, 'ign_c': 6.1609752947414345, 'trop_agb_crit': 5.707205898008383, 'trop_k_veg': 1.7428926895756522, 'fuel_k': 3.7875356197077763, 'fuel_half': 0.3335026483569958}.
