[I 2026-08-19 17:38:24,118] Trial 1420 finished with value: 0.5288569605772168 and parameters: {'k1': 0.002756200432562, 'D_low': 2.8549419558847364, 'k2': 0.002908280921468919, 'D_high': 5684280.786924194, 'fire_exp': 1.612975116404414, 'P_half': 556.4015999171153, 'pre_dampen_half': 0.3007463055010902, 'gpp_af': 0.766293230911586, 'gpp_b': 0.006711761997095705, 'gpp_d': 30.74528104161228, 'ign_k': 0.28732432394160007, 'ign_c': 1.861675783288418, 'trop_agb_crit': 3.674100773440967, 'trop_k_veg': 0.7814589483267027, 'pop_amp': 0.5142576678089888, 'pop_peak': 5.272719556742827, 'pop_sig': 0.32791597710042225, 'fuel_k': 0.020886866351622062, 'fuel_half': 0.17513313534265737}. Best is trial 0 with value: -0.6094076133578652.
[I 2026-08-19 17:38:25,801] Trial 1421 finished with value: 0.4957029985368866 and parameters: {'k1': 0.0003477890188029263, 'D_low': 482.1050379047319, 'k2': 0.004520950243839494, 'D_high': 1070522.6200184717, 'fire_exp': 2.393590149692766, 'P_half': 6.410705435870971, 'pre_dampen_half': 0.11682974077703273, 'gpp_af': 0.05453379808704583, 'gpp_b': 0.0005798317255413227, 'gpp_d': 206.55643575356436, 'ign_k': 0.17784108563191003, 'ign_c': 0.1594833906065503, 'trop_agb_crit': 8.57456836639056, 'trop_k_veg': 1.8852604891402696, 'pop_amp': 0.3260502612356593, 'pop_peak': 1.534163110718399, 'pop_sig': 2.349545009292156, 'fuel_k': 0.0349447020352038, 'fuel_half': 0.15218328962815156}. Best is trial 0 with value: -0.6094076133578652.
[I 2026-08-19 17:38:27,477] Trial 1422 finished with value: 0.5440858394055244 and parameters: {'k1': 0.0005804164141406187, 'D_low': 1667.1747385340548, 'k2': 0.08461375787088403, 'D_high': 52247.25708723654, 'fire_exp': 3.2012052471372603, 'P_half': 49.44094616032999, 'pre_dampen_half': 32.81610248533496, 'gpp_af': 0.06536236797967847, 'gpp_b': 8.353007339808115e-05, 'gpp_d': 69.88855269207785, 'ign_k': 0.029630442590193727, 'ign_c': 4.817785225159081, 'trop_agb_crit': 2.7963285917081206, 'trop_k_veg': 1.7851893121636417, 'pop_amp': 0.007936305510869775, 'pop_peak': 0.9876643815965144, 'pop_sig': 1.8878019802053232, 'fuel_k': 0.7278950840808758, 'fuel_half': 0.11818858608341613}. Best is trial 0 with value: -0.6094076133578652.
[I 2026-08-19 17:38:29,166] Trial 1423 finished with value: 0.5247806219342075 and parameters: {'k1': 0.0003721152160637443, 'D_low': 2370.58409174998, 'k2': 0.07376213903173372, 'D_high': 183847.74928645452, 'fire_exp': 1.1331910338917095, 'P_half': 63.6593191862556, 'pre_dampen_half': 0.16003794236797914, 'gpp_af': 0.18087416807440643, 'gpp_b': 0.008855531785867963, 'gpp_d': 0.5098099989383003, 'ign_k': 0.7551198578497417, 'ign_c': 0.1888391878849601, 'trop_agb_crit': 4.075426679891171, 'trop_k_veg': 0.7810870494844946, 'pop_amp': 0.29500608624380154, 'pop_peak': 0.1745458477347052, 'pop_sig': 0.5754456800781621, 'fuel_k': 0.09319982167337364, 'fuel_half': 10.177393611402227}. Best is trial 0 with value: -0.6094076133578652.
[I 2026-08-19 17:38:30,888] Trial 1424 finished with value: 0.5895562150393954 and parameters: {'k1': 0.059769544704836114, 'D_low': 10.91309363241051, 'k2': 0.00022213626207024634, 'D_high': 6260824.41201248, 'fire_exp': 2.354839040789923, 'P_half': 216.34156589890347, 'pre_dampen_half': 0.3115823887810533, 'gpp_af': 3.0479393285334964, 'gpp_b': 0.5039387677699295, 'gpp_d': 0.4120809808739552, 'ign_k': 0.9046214301352197, 'ign_c': 1.4567590555126129, 'trop_agb_crit': 14.881235630420694, 'trop_k_veg': 0.7903905260685938, 'pop_amp': 1.4499275826602416, 'pop_peak': 18.917125115251466, 'pop_sig': 0.3948745535191697, 'fuel_k': 0.0978239740174987, 'fuel_half': 0.19105366949487634}. Best is trial 0 with value: -0.6094076133578652.
[I 2026-08-19 17:38:32,508] Trial 1425 finished with value: 0.5558683115099392 and parameters: {'k1': 0.012552977642081941, 'D_low': 79.0498315983969, 'k2': 0.0003653378560733454, 'D_high': 3229988.959729424, 'fire_exp': 3.9462096119503807, 'P_half': 58.21842724650558, 'pre_dampen_half': 0.3960899225631361, 'gpp_af': 0.8125018798949852, 'gpp_b': 0.05746226666480842, 'gpp_d': 440.1484795870205, 'ign_k': 0.047561049325804676, 'ign_c': 1.9438522780572436, 'trop_agb_crit': 29.431886042382047, 'trop_k_veg': 5.5596535314224935, 'pop_amp': 0.045464946677842566, 'pop_peak': 0.221145596109004, 'pop_sig': 0.37242252510224355, 'fuel_k': 1.7817384056876553, 'fuel_half': 0.2024777437638844}. Best is trial 0 with value: -0.6094076133578652.
[I 2026-08-19 17:38:34,171] Trial 1426 finished with value: 0.5789347315382102 and parameters: {'k1': 0.01219654039170315, 'D_low': 16.590204763059376, 'k2': 0.004719065212830991, 'D_high': 7462453.461379563, 'fire_exp': 1.8064045891705873, 'P_half': 231.42961896630217, 'pre_dampen_half': 0.29268982778481495, 'gpp_af': 0.12918283286112445, 'gpp_b': 0.3029268908814789, 'gpp_d': 35.908453099048664, 'ign_k': 6.6126780842106365, 'ign_c': 3.7599972211273562, 'trop_agb_crit': 10.156164575977467, 'trop_k_veg': 0.812612533919017, 'pop_amp': 2.7354364600241152, 'pop_peak': 33.98564052733318, 'pop_sig': 0.3017359772843056, 'fuel_k': 0.028873954696053167, 'fuel_half': 0.522770905428121}. Best is trial 0 with value: -0.6094076133578652.
[I 2026-08-19 17:38:35,818] Trial 1427 finished with value: 0.4622264227918066 and parameters: {'k1': 0.004680098987225608, 'D_low': 1.3532051024269054, 'k2': 0.007240925142343239, 'D_high': 8258145.470196973, 'fire_exp': 8.139206074698265, 'P_half': 2.8559551835875845, 'pre_dampen_half': 32.00568966092994, 'gpp_af': 0.032206561916408936, 'gpp_b': 0.004538406207113302, 'gpp_d': 105.92405856209398, 'ign_k': 3.7586210851462236, 'ign_c': 3.7784441525836097, 'trop_agb_crit': 12.696383091270693, 'trop_k_veg': 2.0699665136819654, 'pop_amp': 0.0013255104783703728, 'pop_peak': 0.057455820834684604, 'pop_sig': 0.3509568315149895, 'fuel_k': 1.720478977205024, 'fuel_half': 0.3639126435651952}. Best is trial 0 with value: -0.6094076133578652.
[I 2026-08-19 17:38:37,452] Trial 1428 finished with value: 0.5172207828712363 and parameters: {'k1': 0.0010437062310197124, 'D_low': 30.744437643925735, 'k2': 0.06789453760890721, 'D_high': 4313306.246194186, 'fire_exp': 2.908575316706347, 'P_half': 17.277057959340326, 'pre_dampen_half': 19.629308652836574, 'gpp_af': 0.0010015827061488696, 'gpp_b': 0.00022382667298917136, 'gpp_d': 21.159190393185636, 'ign_k': 0.04018291795896698, 'ign_c': 1.468084523417255, 'trop_agb_crit': 3.9056952638210585, 'trop_k_veg': 2.2168697264017956, 'pop_amp': 0.07321547213527797, 'pop_peak': 58.60470060698237, 'pop_sig': 1.5808769107019676, 'fuel_k': 0.40712120826272596, 'fuel_half': 0.1102781138155124}. Best is trial 0 with value: -0.6094076133578652.
[I 2026-08-19 17:38:39,129] Trial 1429 finished with value: 0.48023674080723944 and parameters: {'k1': 0.01295383388682085, 'D_low': 1.7727525342254216, 'k2': 0.0034697189054117656, 'D_high': 96931.47187894247, 'fire_exp': 5.298639128325005, 'P_half': 4.555539041880169, 'pre_dampen_half': 5.098613722473531, 'gpp_af': 0.006340579724750042, 'gpp_b': 0.005636441437526143, 'gpp_d': 204.27289365016492, 'ign_k': 0.2530274248506057, 'ign_c': 0.5002464499829994, 'trop_agb_crit': 20.31488250765765, 'trop_k_veg': 3.828638504237367, 'pop_amp': 0.007806313592312886, 'pop_peak': 0.12862780789670974, 'pop_sig': 0.2992873878630182, 'fuel_k': 4.322506592238614, 'fuel_half': 0.1253595589860492}. Best is trial 0 with value: -0.6094076133578652.
[I 2026-08-19 17:38:40,805] Trial 1430 finished with value: 0.4631370404691646 and parameters: {'k1': 0.0007369064737207881, 'D_low': 210.81618404601895, 'k2': 0.0014594658904775709, 'D_high': 9684979.589566965, 'fire_exp': 3.0175419016758736, 'P_half': 1.1285723980605988, 'pre_dampen_half': 0.3337213140472762, 'gpp_af': 0.3534878005181273, 'gpp_b': 0.00018355218849401488, 'gpp_d': 139.27600217978647, 'ign_k': 0.1134593217422493, 'ign_c': 0.21761438715942855, 'trop_agb_crit': 29.304946158464062, 'trop_k_veg': 0.5460490001260355, 'pop_amp': 0.4461291517145395, 'pop_peak': 1.0742944766641143, 'pop_sig': 1.1728552243896206, 'fuel_k': 0.14903824695209705, 'fuel_half': 0.18908414927591385}. Best is trial 0 with value: -0.6094076133578652.
[I 2026-08-19 17:38:42,454] Trial 1431 finished with value: 0.37656213356172863 and parameters: {'k1': 5.676593345365183e-05, 'D_low': 4677.186075046197, 'k2': 1.6730084567182427e-05, 'D_high': 1204968.6236401373, 'fire_exp': 1.649322380176077, 'P_half': 177.3044546939112, 'pre_dampen_half': 1.6523314754947236, 'gpp_af': 0.5980348809788755, 'gpp_b': 0.0007900862808705313, 'gpp_d': 336.4212747922904, 'ign_k': 0.03346174794201301, 'ign_c': 6.841019681184358, 'trop_agb_crit': 18.95076542497991, 'trop_k_veg': 5.8014395409392865, 'pop_amp': 1.5025902739092694, 'pop_peak': 11.263564328991695, 'pop_sig': 0.9125526550939713, 'fuel_k': 3.6944296894211113, 'fuel_half': 0.40300623846255684}. Best is trial 0 with value: -0.6094076133578652.
  trial 1432/2500  best_overall=0.6094  (40.3 min)
[I 2026-08-19 17:38:44,516] Trial 1432 finished with value: 0.5379946089497165 and parameters: {'k1': 4.9245064004487996e-05, 'D_low': 13.172811492421479, 'k2': 0.0006736272291820882, 'D_high': 2973061.1832642136, 'fire_exp': 2.2109281701784176, 'P_half': 7.9855937661830385, 'pre_dampen_half': 2.562725775714353, 'gpp_af': 0.9261625776273233, 'gpp_b': 0.026976915145949625, 'gpp_d': 171.9502379241901, 'ign_k': 0.12242999057472555, 'ign_c': 17.923982626172176, 'trop_agb_crit': 12.2365710141595, 'trop_k_veg': 2.4595415506154144, 'pop_amp': 0.02406686452223332, 'pop_peak': 0.6725216481790451, 'pop_sig': 0.5173412988927293, 'fuel_k': 0.1265552707943863, 'fuel_half': 0.13083515163001647}. Best is trial 0 with value: -0.6094076133578652.
[I 2026-08-19 17:38:46,229] Trial 1433 finished with value: 0.6423585260010121 and parameters: {'k1': 0.0005944970592987134, 'D_low': 445127.2966785335, 'k2': 0.0020391722788424002, 'D_high': 9879155.889864942, 'fire_exp': 2.1897221948301673, 'P_half': 406.7407414567649, 'pre_dampen_half': 15.253071432691147, 'gpp_af': 0.021988367026166574, 'gpp_b': 5.9838791706418345e-05, 'gpp_d': 0.032279141243074426, 'ign_k': 2.5167363117463277, 'ign_c': 12.439461812328563, 'trop_agb_crit': 27.704171336239295, 'trop_k_veg': 2.0542258089007235, 'pop_amp': 0.0010685338384811046, 'pop_peak': 31.229036877174405, 'pop_sig': 0.48856035235518785, 'fuel_k': 0.7523066636830468, 'fuel_half': 0.18299271902594005}. Best is trial 0 with value: -0.6094076133578652.
[I 2026-08-19 17:38:47,863] Trial 1434 finished with value: 0.5912189913215066 and parameters: {'k1': 0.05348169479217915, 'D_low': 598.6773978775343, 'k2': 0.00030093169818402475, 'D_high': 3354391.2310095564, 'fire_exp': 2.738162821751864, 'P_half': 166.03692966131948, 'pre_dampen_half': 0.7594426577406275, 'gpp_af': 0.005981114493013149, 'gpp_b': 0.009121334914978178, 'gpp_d': 184.0712826511736, 'ign_k': 0.04778517335998442, 'ign_c': 0.15704970776139207, 'trop_agb_crit': 23.72182870816071, 'trop_k_veg': 1.232555637216257, 'pop_amp': 0.04678608524504689, 'pop_peak': 0.46595917313957586, 'pop_sig': 1.0080551627830137, 'fuel_k': 0.37992844886033816, 'fuel_half': 0.34778518226482064}. Best is trial 0 with value: -0.6094076133578652.
[I 2026-08-19 17:38:49,539] Trial 1435 finished with value: 0.6445374145881376 and parameters: {'k1': 0.004903617186764993, 'D_low': 223.72284485364813, 'k2': 0.001707447938652037, 'D_high': 1666284.5862817427, 'fire_exp': 3.6062222939031763, 'P_half': 2.442218276284082, 'pre_dampen_half': 0.14993831063289798, 'gpp_af': 0.010659848461112877, 'gpp_b': 1.383732664518928e-05, 'gpp_d': 317.35266763119347, 'ign_k': 1.7662253691053817, 'ign_c': 159.69108829356605, 'trop_agb_crit': 14.86938165527486, 'trop_k_veg': 2.3195730813407285, 'pop_amp': 0.021181153715734737, 'pop_peak': 3.4131156785211565, 'pop_sig': 0.8491364531775727, 'fuel_k': 1.6781137896756984, 'fuel_half': 0.2573201425712082}. Best is trial 0 with value: -0.6094076133578652.
[I 2026-08-19 17:38:51,207] Trial 1436 finished with value: 0.5123536994107921 and parameters: {'k1': 0.008547877265237301, 'D_low': 6.110667184670493, 'k2': 0.004274567880957949, 'D_high': 134038.80478575124, 'fire_exp': 6.214078634780876, 'P_half': 1.50659720078457, 'pre_dampen_half': 48.163159284261816, 'gpp_af': 0.003274505966434011, 'gpp_b': 0.0019312855737297113, 'gpp_d': 418.00781986896453, 'ign_k': 0.2976870512444519, 'ign_c': 0.23977901017003134, 'trop_agb_crit': 25.201550943513652, 'trop_k_veg': 2.283669338786943, 'pop_amp': 0.012853216178200882, 'pop_peak': 5.4223531127195175, 'pop_sig': 0.4752833958368272, 'fuel_k': 0.31438604657369573, 'fuel_half': 0.42402443703635334}. Best is trial 0 with value: -0.6094076133578652.
[I 2026-08-19 17:38:52,849] Trial 1437 finished with value: 0.5149720337749594 and parameters: {'k1': 0.006349176516218701, 'D_low': 1.5261803094931834, 'k2': 0.0058324385516313115, 'D_high': 57139.198841374855, 'fire_exp': 8.031857713587806, 'P_half': 16.885923466634928, 'pre_dampen_half': 0.3728432812335595, 'gpp_af': 0.019295390201427173, 'gpp_b': 0.0001222574613476346, 'gpp_d': 73.77259312963254, 'ign_k': 0.22883452323820555, 'ign_c': 0.2672516445187352, 'trop_agb_crit': 24.856074771990006, 'trop_k_veg': 2.0988985505251816, 'pop_amp': 0.003117113089131362, 'pop_peak': 2.9934930831474786, 'pop_sig': 0.3014543737265579, 'fuel_k': 1.3860270517932733, 'fuel_half': 0.28715852061678276}. Best is trial 0 with value: -0.6094076133578652.
[I 2026-08-19 17:38:54,496] Trial 1438 finished with value: 0.5439122778736294 and parameters: {'k1': 0.0012430010314513492, 'D_low': 17.187146193320945, 'k2': 0.00023662570263473535, 'D_high': 7173153.233523667, 'fire_exp': 4.262438910128034, 'P_half': 118.84946611349322, 'pre_dampen_half': 0.563427002106904, 'gpp_af': 0.27158619808873496, 'gpp_b': 0.009605206089715991, 'gpp_d': 701.3571733635413, 'ign_k': 0.42510921335683627, 'ign_c': 0.1876183085606813, 'trop_agb_crit': 9.367082791062263, 'trop_k_veg': 1.0021157957651994, 'pop_amp': 0.04562897248053163, 'pop_peak': 1.029862758377658, 'pop_sig': 1.52556426010788, 'fuel_k': 0.07338857869877224, 'fuel_half': 0.19753454231263343}. Best is trial 0 with value: -0.6094076133578652.
[I 2026-08-19 17:38:56,118] Trial 1439 finished with value: 0.48790886497857433 and parameters: {'k1': 0.025715442130037375, 'D_low': 98.78063905922593, 'k2': 0.021769976779115907, 'D_high': 322366.40974935505, 'fire_exp': 3.8525613331139894, 'P_half': 8.777376706557282, 'pre_dampen_half': 326.4718485854015, 'gpp_af': 0.007192242653771313, 'gpp_b': 0.00015960938625068615, 'gpp_d': 210.87750347425165, 'ign_k': 4.8289413183855965, 'ign_c': 15.99676344846038, 'trop_agb_crit': 2.5222524350716733, 'trop_k_veg': 4.8223846662426135, 'pop_amp': 0.04247045365684421, 'pop_peak': 659.4126318467162, 'pop_sig': 1.6711433701847234, 'fuel_k': 0.20391097138749004, 'fuel_half': 0.1294532357194992}. Best is trial 0 with value: -0.6094076133578652.
[I 2026-08-19 17:38:57,767] Trial 1440 finished with value: -0.5693492815994254 and parameters: {'k1': 0.0009632069554755559, 'D_low': 17.047152546368988, 'k2': 7.760024633642588e-05, 'D_high': 984147.0402079124, 'fire_exp': 2.293267712688516, 'P_half': 2.0738273659081172, 'pre_dampen_half': 2.9152713190602055, 'gpp_af': 17.69662648286014, 'gpp_b': 0.010020449537774524, 'gpp_d': 642.2548968820865, 'ign_k': 0.03628275702829586, 'ign_c': 0.48681895411354076, 'trop_agb_crit': 5.244649769771409, 'trop_k_veg': 0.6528869256787997, 'pop_amp': 1.032386808518898, 'pop_peak': 0.8309849028038567, 'pop_sig': 0.8403597322232358, 'fuel_k': 0.6685920418016467, 'fuel_half': 0.12039292207385123}. Best is trial 0 with value: -0.6094076133578652.
[I 2026-08-19 17:38:59,383] Trial 1441 finished with value: 0.5626243247220456 and parameters: {'k1': 0.0008881239641308757, 'D_low': 6.930525927841694, 'k2': 0.005524693876380673, 'D_high': 601174.0441294959, 'fire_exp': 4.143687205079906, 'P_half': 1.1979701707288684, 'pre_dampen_half': 12.6793780975265, 'gpp_af': 0.11500516628849064, 'gpp_b': 0.0003399462024117756, 'gpp_d': 241.550091238923, 'ign_k': 0.05111922002126404, 'ign_c': 17.31998706515316, 'trop_agb_crit': 7.474227781804365, 'trop_k_veg': 1.2757598714041665, 'pop_amp': 0.02523834479546454, 'pop_peak': 0.06749982129963786, 'pop_sig': 0.3325927405914396, 'fuel_k': 0.21447224039050936, 'fuel_half': 0.43427369020444523}. Best is trial 0 with value: -0.6094076133578652.
[I 2026-08-19 17:39:01,043] Trial 1442 finished with value: 0.509437473978259 and parameters: {'k1': 0.0006126522801490811, 'D_low': 1158.670918336612, 'k2': 0.00015803237731360945, 'D_high': 2244410.1967879296, 'fire_exp': 3.138686634302247, 'P_half': 45.147844251570596, 'pre_dampen_half': 1.352339327027001, 'gpp_af': 0.4483446861847304, 'gpp_b': 0.0001789947975347749, 'gpp_d': 354.70796500171747, 'ign_k': 0.06858911907213318, 'ign_c': 0.2257658965623022, 'trop_agb_crit': 17.19203300904015, 'trop_k_veg': 3.7132626338571715, 'pop_amp': 0.08678053296006873, 'pop_peak': 0.08238070646612303, 'pop_sig': 0.4455215464645676, 'fuel_k': 0.012909883591738103, 'fuel_half': 0.161497071500602}. Best is trial 0 with value: -0.6094076133578652.
[I 2026-08-19 17:39:02,672] Trial 1443 finished with value: 0.41941982069879336 and parameters: {'k1': 0.002837499594698648, 'D_low': 98.04484462933904, 'k2': 0.0007587368450165209, 'D_high': 1330704.837310337, 'fire_exp': 4.539952109239763, 'P_half': 21.296611486361286, 'pre_dampen_half': 1.2627551575273943, 'gpp_af': 0.21219407234336185, 'gpp_b': 0.004035399025099999, 'gpp_d': 32.54219417131587, 'ign_k': 0.07833818308798368, 'ign_c': 0.48930219348654325, 'trop_agb_crit': 3.7318261883173998, 'trop_k_veg': 1.6023906321256822, 'pop_amp': 11.483833203008365, 'pop_peak': 1.2808020193295446, 'pop_sig': 0.5140903355407968, 'fuel_k': 0.21482189751377015, 'fuel_half': 0.24013547615726122}. Best is trial 0 with value: -0.6094076133578652.
[I 2026-08-19 17:39:04,307] Trial 1444 finished with value: 0.6371128545876118 and parameters: {'k1': 0.0017939486006388874, 'D_low': 4.24762349645838, 'k2': 0.006951644795130107, 'D_high': 356851.5324999273, 'fire_exp': 1.938612209958963, 'P_half': 253.43450533861068, 'pre_dampen_half': 28.623812771873343, 'gpp_af': 0.0072937093094589045, 'gpp_b': 0.0005436593688112383, 'gpp_d': 931.4139373445547, 'ign_k': 1.1986112716230626, 'ign_c': 40.961166385126006, 'trop_agb_crit': 4.377579566545064, 'trop_k_veg': 1.8701611534908944, 'pop_amp': 0.3767799768001883, 'pop_peak': 0.3863232455735281, 'pop_sig': 0.7398390027144484, 'fuel_k': 0.036303432815261195, 'fuel_half': 0.21397003810212037}. Best is trial 0 with value: -0.6094076133578652.
  trial 1445/2500  best_overall=0.6094  (40.7 min)
[I 2026-08-19 17:39:06,335] Trial 1445 finished with value: 0.5775590911398065 and parameters: {'k1': 0.011078323149420696, 'D_low': 1.1033886492393299, 'k2': 0.0001038517511997049, 'D_high': 3050789.316902125, 'fire_exp': 8.635808106367385, 'P_half': 8.716863761683564, 'pre_dampen_half': 25.23351213785071, 'gpp_af': 0.02859758052333242, 'gpp_b': 0.0020638850369896562, 'gpp_d': 223.80912031904225, 'ign_k': 0.03651258504862733, 'ign_c': 1.5657668734146732, 'trop_agb_crit': 10.173167955872925, 'trop_k_veg': 3.2486677370600336, 'pop_amp': 0.0011981690303532642, 'pop_peak': 0.09910839509941237, 'pop_sig': 0.32364439618722, 'fuel_k': 1.373730869875043, 'fuel_half': 0.13816416500195944}. Best is trial 0 with value: -0.6094076133578652.
[I 2026-08-19 17:39:08,001] Trial 1446 finished with value: 0.5130928496385806 and parameters: {'k1': 0.0002941174252061938, 'D_low': 321.68180294702466, 'k2': 0.0048816516353489174, 'D_high': 3583967.832015825, 'fire_exp': 3.48115422252243, 'P_half': 48.09077149505836, 'pre_dampen_half': 5.1598721507388365, 'gpp_af': 0.019293190733707766, 'gpp_b': 0.001165498867714616, 'gpp_d': 540.363853901496, 'ign_k': 0.22378824051943375, 'ign_c': 0.1089496262401585, 'trop_agb_crit': 15.225633761117777, 'trop_k_veg': 1.3086474729854796, 'pop_amp': 12.202809922608997, 'pop_peak': 1.601680355908647, 'pop_sig': 0.6915723144631368, 'fuel_k': 0.1467901501161835, 'fuel_half': 0.2153218403555587}. Best is trial 0 with value: -0.6094076133578652.
[I 2026-08-19 17:39:09,644] Trial 1447 finished with value: 0.6298464220395708 and parameters: {'k1': 6.444947929333848e-05, 'D_low': 1.735801281243455, 'k2': 0.02148197127223645, 'D_high': 19341.159755776556, 'fire_exp': 1.1278774676968513, 'P_half': 32.35712341757671, 'pre_dampen_half': 20.608538746515393, 'gpp_af': 0.0011368842623534553, 'gpp_b': 0.02606974052744158, 'gpp_d': 158.76959021902965, 'ign_k': 9.145396198326722, 'ign_c': 26.798442252676374, 'trop_agb_crit': 9.296432884244597, 'trop_k_veg': 1.6807681940270283, 'pop_amp': 0.1162225112900163, 'pop_peak': 7.514903647955388, 'pop_sig': 0.9466790035358617, 'fuel_k': 1.0154144900014168, 'fuel_half': 0.24364614840068222}. Best is trial 0 with value: -0.6094076133578652.
[I 2026-08-19 17:39:11,283] Trial 1448 finished with value: 0.5257932297843713 and parameters: {'k1': 0.06293290639175841, 'D_low': 3.50642433444534, 'k2': 0.002571637740502085, 'D_high': 467287.45811232884, 'fire_exp': 5.49823830597116, 'P_half': 1.115643856260663, 'pre_dampen_half': 57.44196872409026, 'gpp_af': 0.0017662985436474017, 'gpp_b': 0.00040217221916739003, 'gpp_d': 593.0896346326715, 'ign_k': 0.08418878903408206, 'ign_c': 0.2848005015459067, 'trop_agb_crit': 5.977630251953304, 'trop_k_veg': 0.7334735570642251, 'pop_amp': 0.011361950729513452, 'pop_peak': 0.060091538413537426, 'pop_sig': 0.7318014847736097, 'fuel_k': 0.813834051743678, 'fuel_half': 0.17695801375254053}. Best is trial 0 with value: -0.6094076133578652.
