[I 2026-06-10 22:12:06,813] Trial 779 finished with values: [11.282037053384277, 11.282037053384277] and parameters: {'k1': 0.006079905434073396, 'D_low': 12.105387404469584, 'k2': 0.0001280886335404798, 'D_high': 22.636544662054543, 'fire_exp': 1.14171776851287, 'P_half': 69.68111190775313, 'pre_dampen_half': 33.71909132517384, 'gpp_af': 0.0662749342026412, 'gpp_b': 0.0012611058927054877, 'gpp_d': 6.284104775086881, 'ign_k': 0.0029519227433917453, 'ign_c': 48.704711413416454, 'trop_agb_crit': 3.937772188016226, 'trop_k_veg': 0.6673124511410327, 'fire_amp': 5.869450070968175}.
[I 2026-06-10 22:12:08,149] Trial 780 finished with values: [10.833333333029685, 10.833333333029685] and parameters: {'k1': 4.944223106753944e-05, 'D_low': 12.105387404469584, 'k2': 0.02065142557895925, 'D_high': 83.14160873549643, 'fire_exp': 1.1633452995374232, 'P_half': 2834.090429514774, 'pre_dampen_half': 33.71909132517384, 'gpp_af': 0.0662749342026412, 'gpp_b': 1.3415796596713932e-05, 'gpp_d': 28.312234265202243, 'ign_k': 0.29415751391396583, 'ign_c': 157.63098727399432, 'trop_agb_crit': 1.0693376406863295, 'trop_k_veg': 2.520089655463604, 'fire_amp': 5.44779717154213}.
[I 2026-06-10 22:12:09,494] Trial 781 finished with values: [10.662603212252336, 10.662603212252336] and parameters: {'k1': 0.012840669372724958, 'D_low': 1.4002277211577039, 'k2': 0.02065142557895925, 'D_high': 83.14160873549643, 'fire_exp': 1.7220686611084326, 'P_half': 4.213183643253957, 'pre_dampen_half': 35.09387368811639, 'gpp_af': 0.016306190741524337, 'gpp_b': 0.0012611058927054877, 'gpp_d': 0.7698760608299932, 'ign_k': 0.0029519227433917453, 'ign_c': 0.14665316366397016, 'trop_agb_crit': 1.8023542850487386, 'trop_k_veg': 1.5030844497004798, 'fire_amp': 2.042193818779288}.
[I 2026-06-10 22:12:10,752] Trial 782 finished with values: [-0.6605453011647726, 0.024867274029344855] and parameters: {'k1': 0.012840669372724958, 'D_low': 1.4002277211577039, 'k2': 0.0004976087827261435, 'D_high': 42210.21267871043, 'fire_exp': 1.2344878997299724, 'P_half': 3.591771421517613, 'pre_dampen_half': 1.8469033699850426, 'gpp_af': 0.008117091133892173, 'gpp_b': 0.001674375583895437, 'gpp_d': 0.7698760608299932, 'ign_k': 0.29415751391396583, 'ign_c': 1.9423015749984096, 'trop_agb_crit': 8.0091368834625, 'trop_k_veg': 3.4337960558650757, 'fire_amp': 1.85916500023103}.
[I 2026-06-10 22:12:12,148] Trial 783 finished with values: [11.76458176310239, 11.76458176310239] and parameters: {'k1': 0.00031134168041628584, 'D_low': 1.4002277211577039, 'k2': 0.0002442377596403892, 'D_high': 83.14160873549643, 'fire_exp': 1.14171776851287, 'P_half': 3.591771421517613, 'pre_dampen_half': 33.71909132517384, 'gpp_af': 0.016306190741524337, 'gpp_b': 1.3415796596713932e-05, 'gpp_d': 34.18897529667503, 'ign_k': 0.0029519227433917453, 'ign_c': 7.081721844034206, 'trop_agb_crit': 18.081400596781233, 'trop_k_veg': 2.520089655463604, 'fire_amp': 5.44779717154213}.
[I 2026-06-10 22:12:13,803] Trial 784 finished with values: [10.239445490642042, 10.239445490642042] and parameters: {'k1': 0.012840669372724958, 'D_low': 171.2446447678494, 'k2': 0.02065142557895925, 'D_high': 42210.21267871043, 'fire_exp': 1.1633452995374232, 'P_half': 61.6097529474144, 'pre_dampen_half': 16.009350908593582, 'gpp_af': 0.008117091133892173, 'gpp_b': 0.0008861657881839811, 'gpp_d': 28.312234265202243, 'ign_k': 0.00840038491455979, 'ign_c': 1.9423015749984096, 'trop_agb_crit': 1.8566494291193822, 'trop_k_veg': 5.453348988480011, 'fire_amp': 1.5180207449214471}.
[I 2026-06-10 22:12:15,308] Trial 785 finished with values: [10.833333333029685, 10.833333333029685] and parameters: {'k1': 0.012840669372724958, 'D_low': 7988.050530300041, 'k2': 0.003767022142229395, 'D_high': 83.14160873549643, 'fire_exp': 1.1633452995374232, 'P_half': 366.3433473924884, 'pre_dampen_half': 0.14445596525544369, 'gpp_af': 0.008117091133892173, 'gpp_b': 0.0006809980431188124, 'gpp_d': 28.312234265202243, 'ign_k': 0.8861249804463233, 'ign_c': 1.4091459170104739, 'trop_agb_crit': 1.0693376406863295, 'trop_k_veg': 5.453348988480011, 'fire_amp': 4.783836175730692}.
[I 2026-06-10 22:12:16,944] Trial 786 finished with values: [-0.5088834407593936, 0.15726940873072903] and parameters: {'k1': 0.012840669372724958, 'D_low': 270.15957920129443, 'k2': 0.003767022142229395, 'D_high': 42210.21267871043, 'fire_exp': 1.2344878997299724, 'P_half': 4.213183643253957, 'pre_dampen_half': 4.847666216751353, 'gpp_af': 0.016306190741524337, 'gpp_b': 5.0875243087016374e-05, 'gpp_d': 0.7698760608299932, 'ign_k': 0.002357279455676982, 'ign_c': 0.4177928311636542, 'trop_agb_crit': 8.188098178380693, 'trop_k_veg': 2.520089655463604, 'fire_amp': 2.7806853670293616}.
[I 2026-06-10 22:12:18,238] Trial 787 finished with values: [10.531719112572176, 10.531719112572176] and parameters: {'k1': 0.00031134168041628584, 'D_low': 171.2446447678494, 'k2': 0.02065142557895925, 'D_high': 12.541447539026084, 'fire_exp': 1.0812994412809738, 'P_half': 1.4551749476072258, 'pre_dampen_half': 129.5396794881549, 'gpp_af': 0.8571213555597653, 'gpp_b': 2.800940363375676e-05, 'gpp_d': 0.7698760608299932, 'ign_k': 0.00840038491455979, 'ign_c': 1.9423015749984096, 'trop_agb_crit': 8.0091368834625, 'trop_k_veg': 0.7220139871468583, 'fire_amp': 1.5180207449214471}.
[I 2026-06-10 22:12:19,489] Trial 788 finished with values: [-0.45191366379612785, 0.19726586008661773] and parameters: {'k1': 0.012840669372724958, 'D_low': 148.21691630007544, 'k2': 0.02065142557895925, 'D_high': 42210.21267871043, 'fire_exp': 1.0601964743503993, 'P_half': 1.859526645713404, 'pre_dampen_half': 4.603480758878793, 'gpp_af': 0.10098504976210308, 'gpp_b': 9.497440085397415e-05, 'gpp_d': 46.010874324515754, 'ign_k': 0.002357279455676982, 'ign_c': 1.9423015749984096, 'trop_agb_crit': 1.0693376406863295, 'trop_k_veg': 0.6673124511410327, 'fire_amp': 1.5180207449214471}.
[I 2026-06-10 22:12:20,990] Trial 789 finished with values: [14.995234237331687, 14.995234237331687] and parameters: {'k1': 0.00031134168041628584, 'D_low': 148.21691630007544, 'k2': 0.0007731571570012607, 'D_high': 30227.031291375773, 'fire_exp': 1.2344878997299724, 'P_half': 3.591771421517613, 'pre_dampen_half': 16.009350908593582, 'gpp_af': 0.016306190741524337, 'gpp_b': 1.3415796596713932e-05, 'gpp_d': 0.7698760608299932, 'ign_k': 0.29415751391396583, 'ign_c': 7.081721844034206, 'trop_agb_crit': 1.0693376406863295, 'trop_k_veg': 2.520089655463604, 'fire_amp': 5.44779717154213}.
[I 2026-06-10 22:12:22,506] Trial 790 finished with values: [-0.4743508426813292, 0.13019565119322507] and parameters: {'k1': 0.012840669372724958, 'D_low': 171.2446447678494, 'k2': 0.02065142557895925, 'D_high': 28058.07870333385, 'fire_exp': 1.2344878997299724, 'P_half': 1.859526645713404, 'pre_dampen_half': 4.603480758878793, 'gpp_af': 0.016306190741524337, 'gpp_b': 2.800940363375676e-05, 'gpp_d': 28.312234265202243, 'ign_k': 0.00840038491455979, 'ign_c': 1.9423015749984096, 'trop_agb_crit': 8.0091368834625, 'trop_k_veg': 2.520089655463604, 'fire_amp': 1.5180207449214471}.
[I 2026-06-10 22:12:23,811] Trial 791 finished with values: [10.833333333029685, 10.833333333029685] and parameters: {'k1': 0.012840669372724958, 'D_low': 1.4002277211577039, 'k2': 0.049094038862232466, 'D_high': 83.14160873549643, 'fire_exp': 1.0601964743503993, 'P_half': 2834.090429514774, 'pre_dampen_half': 35.09387368811639, 'gpp_af': 0.2204465010099918, 'gpp_b': 0.0006809980431188124, 'gpp_d': 28.312234265202243, 'ign_k': 0.8861249804463233, 'ign_c': 157.63098727399432, 'trop_agb_crit': 1.8023542850487386, 'trop_k_veg': 2.520089655463604, 'fire_amp': 2.042193818779288}.
[I 2026-06-10 22:12:25,112] Trial 792 finished with values: [10.833005324952637, 10.833005324952637] and parameters: {'k1': 5.7909642338812115e-05, 'D_low': 12.105387404469584, 'k2': 0.02065142557895925, 'D_high': 42210.21267871043, 'fire_exp': 1.0812994412809738, 'P_half': 1.859526645713404, 'pre_dampen_half': 16.009350908593582, 'gpp_af': 0.008117091133892173, 'gpp_b': 9.497440085397415e-05, 'gpp_d': 0.02253428262837267, 'ign_k': 0.371259104528773, 'ign_c': 48.704711413416454, 'trop_agb_crit': 8.0091368834625, 'trop_k_veg': 6.778288138489648, 'fire_amp': 1.5180207449214471}.
[I 2026-06-10 22:12:26,434] Trial 793 finished with values: [-0.4755717470624208, 0.22950727259950687] and parameters: {'k1': 0.00031134168041628584, 'D_low': 12.105387404469584, 'k2': 0.0002442377596403892, 'D_high': 42210.21267871043, 'fire_exp': 1.5036604936020428, 'P_half': 12.262543158860007, 'pre_dampen_half': 2.7246429232774694, 'gpp_af': 0.008117091133892173, 'gpp_b': 1.3415796596713932e-05, 'gpp_d': 594.7389794988394, 'ign_k': 0.012566783761977915, 'ign_c': 7.832259769732471, 'trop_agb_crit': 1.0693376406863295, 'trop_k_veg': 0.6673124511410327, 'fire_amp': 5.869450070968175}.
[I 2026-06-10 22:12:27,760] Trial 794 finished with values: [10.466245340784013, 10.466245340784013] and parameters: {'k1': 0.006079905434073396, 'D_low': 171.2446447678494, 'k2': 0.0002442377596403892, 'D_high': 12.541447539026084, 'fire_exp': 1.0812994412809738, 'P_half': 12.262543158860007, 'pre_dampen_half': 4.603480758878793, 'gpp_af': 3.298293484806585, 'gpp_b': 1.4540386644083135e-05, 'gpp_d': 6.284104775086881, 'ign_k': 0.0029519227433917453, 'ign_c': 1.9423015749984096, 'trop_agb_crit': 18.081400596781233, 'trop_k_veg': 1.6648666152166967, 'fire_amp': 1.5180207449214471}.
[I 2026-06-10 22:12:29,336] Trial 795 finished with values: [10.240953308705166, 10.240953308705166] and parameters: {'k1': 0.00031134168041628584, 'D_low': 266.07970538371484, 'k2': 0.0007731571570012607, 'D_high': 83.14160873549643, 'fire_exp': 1.1633452995374232, 'P_half': 61.6097529474144, 'pre_dampen_half': 35.09387368811639, 'gpp_af': 0.2204465010099918, 'gpp_b': 1.3415796596713932e-05, 'gpp_d': 594.7389794988394, 'ign_k': 0.012566783761977915, 'ign_c': 1.9423015749984096, 'trop_agb_crit': 1.8566494291193822, 'trop_k_veg': 4.167664671344212, 'fire_amp': 1.5180207449214471}.
[I 2026-06-10 22:12:30,823] Trial 796 finished with values: [10.78989004240969, 10.78989004240969] and parameters: {'k1': 0.012840669372724958, 'D_low': 5.004428734228137, 'k2': 0.003767022142229395, 'D_high': 42210.21267871043, 'fire_exp': 1.14171776851287, 'P_half': 4.213183643253957, 'pre_dampen_half': 33.71909132517384, 'gpp_af': 0.0662749342026412, 'gpp_b': 2.176805640408474e-05, 'gpp_d': 545.0253444559129, 'ign_k': 0.0029519227433917453, 'ign_c': 228.79430573173593, 'trop_agb_crit': 8.0091368834625, 'trop_k_veg': 2.520089655463604, 'fire_amp': 1.5180207449214471}.
[I 2026-06-10 22:12:32,182] Trial 797 finished with values: [11.69310033433176, 11.69310033433176] and parameters: {'k1': 0.012840669372724958, 'D_low': 12.105387404469584, 'k2': 0.02065142557895925, 'D_high': 42210.21267871043, 'fire_exp': 1.7220686611084326, 'P_half': 4.213183643253957, 'pre_dampen_half': 16.009350908593582, 'gpp_af': 0.0662749342026412, 'gpp_b': 1.4540386644083135e-05, 'gpp_d': 545.0253444559129, 'ign_k': 0.00840038491455979, 'ign_c': 1.9423015749984096, 'trop_agb_crit': 1.8023542850487386, 'trop_k_veg': 0.6673124511410327, 'fire_amp': 4.783836175730692}.
[I 2026-06-10 22:12:33,509] Trial 798 finished with values: [10.791803520531607, 10.791803520531607] and parameters: {'k1': 5.7909642338812115e-05, 'D_low': 1.3376564232104105, 'k2': 0.0004976087827261435, 'D_high': 55.22071973135807, 'fire_exp': 1.9095652801045373, 'P_half': 61.6097529474144, 'pre_dampen_half': 4.847666216751353, 'gpp_af': 0.016306190741524337, 'gpp_b': 0.001674375583895437, 'gpp_d': 76.38081075786287, 'ign_k': 0.002357279455676982, 'ign_c': 0.4177928311636542, 'trop_agb_crit': 18.081400596781233, 'trop_k_veg': 5.453348988480011, 'fire_amp': 2.7806853670293616}.
[I 2026-06-10 22:12:34,753] Trial 799 finished with values: [-0.49737789922437065, 0.0808923718887421] and parameters: {'k1': 0.00031134168041628584, 'D_low': 1.4002277211577039, 'k2': 0.0002442377596403892, 'D_high': 83.14160873549643, 'fire_exp': 1.1633452995374232, 'P_half': 3.591771421517613, 'pre_dampen_half': 1.8469033699850426, 'gpp_af': 0.008117091133892173, 'gpp_b': 1.3415796596713932e-05, 'gpp_d': 12.338826503601998, 'ign_k': 0.07867677706257832, 'ign_c': 7.081721844034206, 'trop_agb_crit': 1.8566494291193822, 'trop_k_veg': 5.453348988480011, 'fire_amp': 5.44779717154213}.
[I 2026-06-10 22:12:36,190] Trial 800 finished with values: [-0.6284348751748652, 0.047014690048053254] and parameters: {'k1': 0.012840669372724958, 'D_low': 1.3376564232104105, 'k2': 0.0004976087827261435, 'D_high': 42210.21267871043, 'fire_exp': 1.2344878997299724, 'P_half': 61.6097529474144, 'pre_dampen_half': 4.847666216751353, 'gpp_af': 0.016306190741524337, 'gpp_b': 0.001674375583895437, 'gpp_d': 3.257094673454639, 'ign_k': 0.002357279455676982, 'ign_c': 1.9423015749984096, 'trop_agb_crit': 8.0091368834625, 'trop_k_veg': 2.99731137426955, 'fire_amp': 2.7806853670293616}.
[I 2026-06-10 22:12:38,116] Trial 801 finished with values: [10.413126983129725, 10.413126983129725] and parameters: {'k1': 0.012840669372724958, 'D_low': 148.21691630007544, 'k2': 0.02065142557895925, 'D_high': 393.2349508311775, 'fire_exp': 1.0601964743503993, 'P_half': 69.68111190775313, 'pre_dampen_half': 4.603480758878793, 'gpp_af': 0.10098504976210308, 'gpp_b': 9.497440085397415e-05, 'gpp_d': 1.4397852866783676, 'ign_k': 0.002357279455676982, 'ign_c': 1.9423015749984096, 'trop_agb_crit': 1.2489332852689512, 'trop_k_veg': 2.520089655463604, 'fire_amp': 1.5180207449214471}.
[I 2026-06-10 22:12:39,395] Trial 802 finished with values: [-0.5048102496443257, 0.13425135155732726] and parameters: {'k1': 0.012840669372724958, 'D_low': 171.2446447678494, 'k2': 0.02065142557895925, 'D_high': 42210.21267871043, 'fire_exp': 1.14171776851287, 'P_half': 1.859526645713404, 'pre_dampen_half': 16.009350908593582, 'gpp_af': 0.016306190741524337, 'gpp_b': 7.555164990945509e-05, 'gpp_d': 0.7698760608299932, 'ign_k': 0.010733257635049785, 'ign_c': 1.9423015749984096, 'trop_agb_crit': 1.2489332852689512, 'trop_k_veg': 2.520089655463604, 'fire_amp': 1.5180207449214471}.
[I 2026-06-10 22:12:40,666] Trial 803 finished with values: [10.013779036260411, 10.013779036260411] and parameters: {'k1': 0.08006837661379566, 'D_low': 29.52145029390025, 'k2': 0.00037358626308127543, 'D_high': 36998.679204890876, 'fire_exp': 1.14171776851287, 'P_half': 93.43302657318476, 'pre_dampen_half': 33.71909132517384, 'gpp_af': 0.2204465010099918, 'gpp_b': 0.0012611058927054877, 'gpp_d': 0.7698760608299932, 'ign_k': 0.0029519227433917453, 'ign_c': 1.9423015749984096, 'trop_agb_crit': 8.0091368834625, 'trop_k_veg': 0.828441460847982, 'fire_amp': 1.1655705619308396}.
[I 2026-06-10 22:12:41,964] Trial 804 finished with values: [10.470133517768682, 10.470133517768682] and parameters: {'k1': 0.08006837661379566, 'D_low': 12.105387404469584, 'k2': 0.02065142557895925, 'D_high': 36998.679204890876, 'fire_exp': 1.0601964743503993, 'P_half': 2834.090429514774, 'pre_dampen_half': 4.603480758878793, 'gpp_af': 0.0662749342026412, 'gpp_b': 2.176805640408474e-05, 'gpp_d': 28.312234265202243, 'ign_k': 0.002676132993402929, 'ign_c': 157.63098727399432, 'trop_agb_crit': 8.0091368834625, 'trop_k_veg': 0.828441460847982, 'fire_amp': 1.746805197047088}.
[I 2026-06-10 22:12:43,466] Trial 805 finished with values: [10.77441446515813, 10.77441446515813] and parameters: {'k1': 0.006079905434073396, 'D_low': 12.105387404469584, 'k2': 2.316457903103837e-05, 'D_high': 2295.7398214549485, 'fire_exp': 1.0420149135640993, 'P_half': 12.262543158860007, 'pre_dampen_half': 189.36639872354493, 'gpp_af': 3.298293484806585, 'gpp_b': 0.16397960021659272, 'gpp_d': 0.030844007727232167, 'ign_k': 0.02779045054796808, 'ign_c': 48.704711413416454, 'trop_agb_crit': 18.081400596781233, 'trop_k_veg': 1.6648666152166967, 'fire_amp': 5.869450070968175}.
[I 2026-06-10 22:12:45,152] Trial 806 finished with values: [10.400129831599614, 10.400129831599614] and parameters: {'k1': 0.012840669372724958, 'D_low': 171.2446447678494, 'k2': 0.02065142557895925, 'D_high': 42210.21267871043, 'fire_exp': 1.14171776851287, 'P_half': 61.6097529474144, 'pre_dampen_half': 4.603480758878793, 'gpp_af': 0.016306190741524337, 'gpp_b': 0.0012611058927054877, 'gpp_d': 0.7698760608299932, 'ign_k': 0.0029519227433917453, 'ign_c': 1.9423015749984096, 'trop_agb_crit': 8.0091368834625, 'trop_k_veg': 2.520089655463604, 'fire_amp': 1.5180207449214471}.
[I 2026-06-10 22:12:46,809] Trial 807 finished with values: [10.181789725277278, 10.181789725277278] and parameters: {'k1': 0.012840669372724958, 'D_low': 1.873653322520581, 'k2': 0.02065142557895925, 'D_high': 42210.21267871043, 'fire_exp': 1.0601964743503993, 'P_half': 1.859526645713404, 'pre_dampen_half': 4.603480758878793, 'gpp_af': 0.09885838682552685, 'gpp_b': 9.497440085397415e-05, 'gpp_d': 46.010874324515754, 'ign_k': 0.002357279455676982, 'ign_c': 0.4177928311636542, 'trop_agb_crit': 1.0693376406863295, 'trop_k_veg': 5.453348988480011, 'fire_amp': 1.5180207449214471}.
[I 2026-06-10 22:12:48,156] Trial 808 finished with values: [10.654169689545723, 10.654169689545723] and parameters: {'k1': 0.012840669372724958, 'D_low': 2.843767489444367, 'k2': 0.02065142557895925, 'D_high': 42210.21267871043, 'fire_exp': 1.1633452995374232, 'P_half': 1.859526645713404, 'pre_dampen_half': 0.013460448623833698, 'gpp_af': 0.37842528170684203, 'gpp_b': 0.0003601974223479835, 'gpp_d': 0.7698760608299932, 'ign_k': 0.00840038491455979, 'ign_c': 0.4177928311636542, 'trop_agb_crit': 1.0693376406863295, 'trop_k_veg': 0.5588127200017643, 'fire_amp': 1.5180207449214471}.
[I 2026-06-10 22:12:49,427] Trial 809 finished with values: [11.818193871813941, 11.818193871813941] and parameters: {'k1': 0.001260821293027586, 'D_low': 171.2446447678494, 'k2': 0.02065142557895925, 'D_high': 42210.21267871043, 'fire_exp': 1.1633452995374232, 'P_half': 61.6097529474144, 'pre_dampen_half': 35.09387368811639, 'gpp_af': 0.00474057962703787, 'gpp_b': 1.3415796596713932e-05, 'gpp_d': 0.7698760608299932, 'ign_k': 0.29415751391396583, 'ign_c': 1.9423015749984096, 'trop_agb_crit': 8.0091368834625, 'trop_k_veg': 1.056284487623406, 'fire_amp': 1.5180207449214471}.
[I 2026-06-10 22:12:50,737] Trial 810 finished with values: [10.133413283189292, 10.133413283189292] and parameters: {'k1': 0.006079905434073396, 'D_low': 270.15957920129443, 'k2': 0.02065142557895925, 'D_high': 42210.21267871043, 'fire_exp': 1.14171776851287, 'P_half': 61.6097529474144, 'pre_dampen_half': 33.71909132517384, 'gpp_af': 3.298293484806585, 'gpp_b': 0.006999112505425414, 'gpp_d': 700.6693992445935, 'ign_k': 0.0029519227433917453, 'ign_c': 1.9423015749984096, 'trop_agb_crit': 8.188098178380693, 'trop_k_veg': 2.520089655463604, 'fire_amp': 1.5180207449214471}.
[I 2026-06-10 22:12:52,420] Trial 811 finished with values: [10.312340138029278, 10.312340138029278] and parameters: {'k1': 0.07119679541167405, 'D_low': 408.3047491580097, 'k2': 0.0002442377596403892, 'D_high': 1266.9536563782303, 'fire_exp': 1.1633452995374232, 'P_half': 3.591771421517613, 'pre_dampen_half': 5.593036834117395, 'gpp_af': 0.008117091133892173, 'gpp_b': 1.0828092646426677e-05, 'gpp_d': 34.18897529667503, 'ign_k': 7.299424898595565, 'ign_c': 7.832259769732471, 'trop_agb_crit': 18.081400596781233, 'trop_k_veg': 5.453348988480011, 'fire_amp': 2.170444898566564}.
[I 2026-06-10 22:12:53,938] Trial 812 finished with values: [10.419685113667853, 10.419685113667853] and parameters: {'k1': 0.012840669372724958, 'D_low': 171.2446447678494, 'k2': 0.00037358626308127543, 'D_high': 42210.21267871043, 'fire_exp': 1.7505406131449859, 'P_half': 93.43302657318476, 'pre_dampen_half': 16.009350908593582, 'gpp_af': 0.0900595929114129, 'gpp_b': 2.176805640408474e-05, 'gpp_d': 21.899070557043984, 'ign_k': 0.0029519227433917453, 'ign_c': 2.226297338331262, 'trop_agb_crit': 8.0091368834625, 'trop_k_veg': 0.828441460847982, 'fire_amp': 1.2393473789150806}.
[I 2026-06-10 22:12:55,244] Trial 813 finished with values: [10.828129658073083, 10.828129658073083] and parameters: {'k1': 0.006079905434073396, 'D_low': 1.4002277211577039, 'k2': 0.0007731571570012607, 'D_high': 12.541447539026084, 'fire_exp': 1.5315561686017187, 'P_half': 17.671138565264357, 'pre_dampen_half': 1.8469033699850426, 'gpp_af': 3.298293484806585, 'gpp_b': 0.16397960021659272, 'gpp_d': 6.284104775086881, 'ign_k': 0.10581992548039146, 'ign_c': 48.704711413416454, 'trop_agb_crit': 1.8566494291193822, 'trop_k_veg': 1.6911993818705504, 'fire_amp': 5.869450070968175}.
[I 2026-06-10 22:12:56,546] Trial 814 finished with values: [10.423606103060564, 10.423606103060564] and parameters: {'k1': 0.012840669372724958, 'D_low': 1.4002277211577039, 'k2': 0.0007731571570012607, 'D_high': 83.14160873549643, 'fire_exp': 1.1633452995374232, 'P_half': 3.591771421517613, 'pre_dampen_half': 1.8469033699850426, 'gpp_af': 0.003375385817830422, 'gpp_b': 1.3415796596713932e-05, 'gpp_d': 545.0253444559129, 'ign_k': 0.07867677706257832, 'ign_c': 36.58518527736812, 'trop_agb_crit': 1.8023542850487386, 'trop_k_veg': 5.453348988480011, 'fire_amp': 5.44779717154213}.
[I 2026-06-10 22:12:57,874] Trial 815 finished with values: [10.833333333029685, 10.833333333029685] and parameters: {'k1': 0.00031134168041628584, 'D_low': 1.4002277211577039, 'k2': 0.0007731571570012607, 'D_high': 262.11304189124235, 'fire_exp': 1.0601964743503993, 'P_half': 7.914423612155368, 'pre_dampen_half': 1.8469033699850426, 'gpp_af': 0.008117091133892173, 'gpp_b': 2.176805640408474e-05, 'gpp_d': 545.0253444559129, 'ign_k': 0.29415751391396583, 'ign_c': 228.79430573173593, 'trop_agb_crit': 1.8023542850487386, 'trop_k_veg': 0.6673124511410327, 'fire_amp': 5.44779717154213}.
