[I 2026-06-10 20:32:55,481] Trial 530 finished with values: [10.833333332980382, 10.833333332980382] and parameters: {'k1': 0.08006837661379566, 'D_low': 2962.601088597272, 'k2': 0.003767022142229395, 'D_high': 252.84086172415604, 'fire_exp': 1.811096651915224, 'P_half': 93.43302657318476, 'pre_dampen_half': 170.71098124594695, 'gpp_af': 0.2204465010099918, 'gpp_b': 0.00031478066835753096, 'gpp_d': 96.93415502195788, 'ign_k': 0.012480180965117606, 'ign_c': 342.8810943862522, 'trop_agb_crit': 2.0527418919564324, 'trop_k_veg': 0.828441460847982, 'fire_amp': 2.2586887422726973}.
[I 2026-06-10 20:32:56,840] Trial 531 finished with values: [10.14342097586731, 10.14342097586731] and parameters: {'k1': 3.609310926766545e-05, 'D_low': 236.79352040223893, 'k2': 0.0004976087827261435, 'D_high': 32311.521854410956, 'fire_exp': 1.4848387260494937, 'P_half': 5.4712187293420325, 'pre_dampen_half': 16.009350908593582, 'gpp_af': 0.008117091133892173, 'gpp_b': 0.00031478066835753096, 'gpp_d': 12.338826503601998, 'ign_k': 0.012480180965117606, 'ign_c': 0.13577269394141456, 'trop_agb_crit': 1.3063813396521713, 'trop_k_veg': 6.030247256556128, 'fire_amp': 1.5719333351012774}.
[I 2026-06-10 20:32:58,257] Trial 532 finished with values: [10.411703163822603, 10.411703163822603] and parameters: {'k1': 0.006079905434073396, 'D_low': 171.2446447678494, 'k2': 4.933751600448335e-05, 'D_high': 708.7479683081002, 'fire_exp': 1.7792742686803427, 'P_half': 51.10120656497163, 'pre_dampen_half': 123.04779330083686, 'gpp_af': 1.9998014714101113, 'gpp_b': 0.0004125336560355494, 'gpp_d': 594.7389794988394, 'ign_k': 0.002357279455676982, 'ign_c': 153.51441568398127, 'trop_agb_crit': 11.664190932505923, 'trop_k_veg': 2.520089655463604, 'fire_amp': 1.5587346124822492}.
[I 2026-06-10 20:32:59,867] Trial 533 finished with values: [10.31709100824856, 10.31709100824856] and parameters: {'k1': 5.178197947282869e-05, 'D_low': 236.79352040223893, 'k2': 0.045914852167405346, 'D_high': 24.9899605789089, 'fire_exp': 1.2344878997299724, 'P_half': 9.580682294110435, 'pre_dampen_half': 189.88136301569827, 'gpp_af': 0.060029341913968644, 'gpp_b': 0.002416023630607169, 'gpp_d': 1.0088237648985734, 'ign_k': 0.0032383308053152635, 'ign_c': 7.081721844034206, 'trop_agb_crit': 12.708819454040446, 'trop_k_veg': 2.520089655463604, 'fire_amp': 1.1655705619308396}.
[I 2026-06-10 20:33:01,405] Trial 534 finished with values: [10.829067973410854, 10.829067973410854] and parameters: {'k1': 3.609310926766545e-05, 'D_low': 1.7551403048208316, 'k2': 0.0001280886335404798, 'D_high': 32311.521854410956, 'fire_exp': 1.811096651915224, 'P_half': 1265.0580856641704, 'pre_dampen_half': 170.71098124594695, 'gpp_af': 0.37842528170684203, 'gpp_b': 0.00031478066835753096, 'gpp_d': 0.1619054449471649, 'ign_k': 0.17320535908244444, 'ign_c': 39.52220881906114, 'trop_agb_crit': 11.664190932505923, 'trop_k_veg': 4.989748894578724, 'fire_amp': 3.1543496524370136}.
[I 2026-06-10 20:33:02,843] Trial 535 finished with values: [10.758728945422643, 10.758728945422643] and parameters: {'k1': 3.609310926766545e-05, 'D_low': 1121.5915868662764, 'k2': 0.003767022142229395, 'D_high': 252.84086172415604, 'fire_exp': 3.0820989694255045, 'P_half': 12.280874862135363, 'pre_dampen_half': 170.71098124594695, 'gpp_af': 1.9706963379095486, 'gpp_b': 0.00047819318414852577, 'gpp_d': 594.7389794988394, 'ign_k': 0.8945150807271531, 'ign_c': 16.497426799845446, 'trop_agb_crit': 11.664190932505923, 'trop_k_veg': 1.6003641872536711, 'fire_amp': 1.5587346124822492}.
[I 2026-06-10 20:33:04,307] Trial 536 finished with values: [12.250133664448663, 12.250133664448663] and parameters: {'k1': 0.00023134781612225627, 'D_low': 1.7551403048208316, 'k2': 0.045914852167405346, 'D_high': 36998.679204890876, 'fire_exp': 1.41873960828944, 'P_half': 5.4712187293420325, 'pre_dampen_half': 21.593412825402957, 'gpp_af': 0.2204465010099918, 'gpp_b': 2.176805640408474e-05, 'gpp_d': 1.0088237648985734, 'ign_k': 0.002357279455676982, 'ign_c': 7.081721844034206, 'trop_agb_crit': 1.8285200278523417, 'trop_k_veg': 0.5535297685306277, 'fire_amp': 5.44779717154213}.
[I 2026-06-10 20:33:05,677] Trial 537 finished with values: [10.833333332980382, 10.833333332980382] and parameters: {'k1': 0.08006837661379566, 'D_low': 83.56564873457052, 'k2': 0.045914852167405346, 'D_high': 1266.9536563782303, 'fire_exp': 1.811096651915224, 'P_half': 93.43302657318476, 'pre_dampen_half': 16.009350908593582, 'gpp_af': 0.2204465010099918, 'gpp_b': 0.00807491410172472, 'gpp_d': 20.81401325574021, 'ign_k': 0.07867677706257832, 'ign_c': 342.8810943862522, 'trop_agb_crit': 2.0527418919564324, 'trop_k_veg': 0.5183533149347164, 'fire_amp': 5.44779717154213}.
[I 2026-06-10 20:33:07,288] Trial 538 finished with values: [10.830968838920684, 10.830968838920684] and parameters: {'k1': 5.7909642338812115e-05, 'D_low': 43.03411264066069, 'k2': 0.00037358626308127543, 'D_high': 252.84086172415604, 'fire_exp': 1.3792762394455726, 'P_half': 1265.0580856641704, 'pre_dampen_half': 30.456909077772018, 'gpp_af': 0.2204465010099918, 'gpp_b': 0.00012118589392553798, 'gpp_d': 0.014121081168145975, 'ign_k': 0.17320535908244444, 'ign_c': 39.52220881906114, 'trop_agb_crit': 1.8285200278523417, 'trop_k_veg': 2.520089655463604, 'fire_amp': 5.44779717154213}.
[I 2026-06-10 20:33:08,882] Trial 539 finished with values: [10.406705819619937, 10.406705819619937] and parameters: {'k1': 3.609310926766545e-05, 'D_low': 1121.5915868662764, 'k2': 0.00037358626308127543, 'D_high': 1817.0401889219124, 'fire_exp': 1.4848387260494937, 'P_half': 93.43302657318476, 'pre_dampen_half': 170.71098124594695, 'gpp_af': 0.015627364027979502, 'gpp_b': 0.002416023630607169, 'gpp_d': 0.09467055845337147, 'ign_k': 0.012480180965117606, 'ign_c': 39.52220881906114, 'trop_agb_crit': 11.664190932505923, 'trop_k_veg': 0.5183533149347164, 'fire_amp': 1.7362652332618447}.
[I 2026-06-10 20:33:10,312] Trial 540 finished with values: [10.21057333961712, 10.21057333961712] and parameters: {'k1': 5.7909642338812115e-05, 'D_low': 1121.5915868662764, 'k2': 0.00037358626308127543, 'D_high': 252.84086172415604, 'fire_exp': 1.1633452995374232, 'P_half': 114.62237838612074, 'pre_dampen_half': 170.71098124594695, 'gpp_af': 0.2204465010099918, 'gpp_b': 2.176805640408474e-05, 'gpp_d': 1.0088237648985734, 'ign_k': 0.012480180965117606, 'ign_c': 65.87536748686888, 'trop_agb_crit': 11.664190932505923, 'trop_k_veg': 4.989748894578724, 'fire_amp': 3.1543496524370136}.
[I 2026-06-10 20:33:11,707] Trial 541 finished with values: [10.659331346452221, 10.659331346452221] and parameters: {'k1': 5.178197947282869e-05, 'D_low': 171.2446447678494, 'k2': 0.0004976087827261435, 'D_high': 1266.9536563782303, 'fire_exp': 1.4848387260494937, 'P_half': 51.10120656497163, 'pre_dampen_half': 189.88136301569827, 'gpp_af': 42.29037995744429, 'gpp_b': 0.0004125336560355494, 'gpp_d': 21.899070557043984, 'ign_k': 0.002357279455676982, 'ign_c': 1.4879588507789996, 'trop_agb_crit': 2.0527418919564324, 'trop_k_veg': 2.520089655463604, 'fire_amp': 1.4357291436937847}.
[I 2026-06-10 20:33:13,131] Trial 542 finished with values: [10.448236979726396, 10.448236979726396] and parameters: {'k1': 0.0018697387216131526, 'D_low': 1121.5915868662764, 'k2': 0.00037358626308127543, 'D_high': 1266.9536563782303, 'fire_exp': 1.811096651915224, 'P_half': 93.43302657318476, 'pre_dampen_half': 170.71098124594695, 'gpp_af': 0.015627364027979502, 'gpp_b': 2.176805640408474e-05, 'gpp_d': 21.899070557043984, 'ign_k': 0.0029519227433917453, 'ign_c': 7.081721844034206, 'trop_agb_crit': 12.647327018493208, 'trop_k_veg': 0.5089315327929785, 'fire_amp': 5.44779717154213}.
[I 2026-06-10 20:33:14,610] Trial 543 finished with values: [10.83313933650208, 10.83313933650208] and parameters: {'k1': 5.7909642338812115e-05, 'D_low': 83.56564873457052, 'k2': 8.968733598183248e-05, 'D_high': 1817.0401889219124, 'fire_exp': 4.7144651891518725, 'P_half': 114.62237838612074, 'pre_dampen_half': 170.71098124594695, 'gpp_af': 0.060029341913968644, 'gpp_b': 2.176805640408474e-05, 'gpp_d': 1.0088237648985734, 'ign_k': 0.0029519227433917453, 'ign_c': 1.4879588507789996, 'trop_agb_crit': 8.0091368834625, 'trop_k_veg': 2.520089655463604, 'fire_amp': 1.1655705619308396}.
[I 2026-06-10 20:33:16,456] Trial 544 finished with values: [10.83332002513596, 10.83332002513596] and parameters: {'k1': 3.609310926766545e-05, 'D_low': 1.7551403048208316, 'k2': 0.0001280886335404798, 'D_high': 1266.9536563782303, 'fire_exp': 1.811096651915224, 'P_half': 93.43302657318476, 'pre_dampen_half': 170.71098124594695, 'gpp_af': 0.07118041471054574, 'gpp_b': 6.598911085146508, 'gpp_d': 0.1619054449471649, 'ign_k': 0.010733257635049785, 'ign_c': 39.52220881906114, 'trop_agb_crit': 4.902399583903479, 'trop_k_veg': 4.989748894578724, 'fire_amp': 1.1832294197682733}.
[I 2026-06-10 20:33:17,969] Trial 545 finished with values: [10.502448082899152, 10.502448082899152] and parameters: {'k1': 0.004902396944106613, 'D_low': 171.2446447678494, 'k2': 2.091507303847255e-05, 'D_high': 32311.521854410956, 'fire_exp': 1.1633452995374232, 'P_half': 93.43302657318476, 'pre_dampen_half': 1.8469033699850426, 'gpp_af': 0.060029341913968644, 'gpp_b': 0.00031478066835753096, 'gpp_d': 21.899070557043984, 'ign_k': 0.002357279455676982, 'ign_c': 1.4879588507789996, 'trop_agb_crit': 1.8285200278523417, 'trop_k_veg': 0.5183533149347164, 'fire_amp': 1.5719333351012774}.
[I 2026-06-10 20:33:19,391] Trial 546 finished with values: [10.588289651331545, 10.588289651331545] and parameters: {'k1': 0.00023134781612225627, 'D_low': 1.7551403048208316, 'k2': 0.045914852167405346, 'D_high': 595.6633466901683, 'fire_exp': 1.4848387260494937, 'P_half': 5.4712187293420325, 'pre_dampen_half': 30.456909077772018, 'gpp_af': 0.008117091133892173, 'gpp_b': 0.05719024141066792, 'gpp_d': 12.338826503601998, 'ign_k': 0.17320535908244444, 'ign_c': 7.081721844034206, 'trop_agb_crit': 12.708819454040446, 'trop_k_veg': 5.453348988480011, 'fire_amp': 3.1543496524370136}.
[I 2026-06-10 20:33:20,840] Trial 547 finished with values: [10.626637819450934, 10.626637819450934] and parameters: {'k1': 5.7909642338812115e-05, 'D_low': 1121.5915868662764, 'k2': 0.045914852167405346, 'D_high': 1266.9536563782303, 'fire_exp': 1.9136159174067866, 'P_half': 3.591771421517613, 'pre_dampen_half': 30.456909077772018, 'gpp_af': 0.2204465010099918, 'gpp_b': 2.176805640408474e-05, 'gpp_d': 0.09467055845337147, 'ign_k': 0.05681482545113266, 'ign_c': 7.081721844034206, 'trop_agb_crit': 12.708819454040446, 'trop_k_veg': 4.989748894578724, 'fire_amp': 3.1543496524370136}.
[I 2026-06-10 20:33:22,297] Trial 548 finished with values: [10.310960661316452, 10.310960661316452] and parameters: {'k1': 5.178197947282869e-05, 'D_low': 43.2326421037033, 'k2': 0.029687184908302574, 'D_high': 16780.50857913099, 'fire_exp': 1.7792742686803427, 'P_half': 9.580682294110435, 'pre_dampen_half': 16.009350908593582, 'gpp_af': 1.9998014714101113, 'gpp_b': 0.00047819318414852577, 'gpp_d': 594.7389794988394, 'ign_k': 0.07867677706257832, 'ign_c': 16.497426799845446, 'trop_agb_crit': 12.708819454040446, 'trop_k_veg': 0.5183533149347164, 'fire_amp': 1.5719333351012774}.
[I 2026-06-10 20:33:23,888] Trial 549 finished with values: [-0.5022759859270631, 0.1842360557495094] and parameters: {'k1': 5.7909642338812115e-05, 'D_low': 1.7551403048208316, 'k2': 0.045914852167405346, 'D_high': 16780.50857913099, 'fire_exp': 1.5036604936020428, 'P_half': 93.43302657318476, 'pre_dampen_half': 16.009350908593582, 'gpp_af': 0.060029341913968644, 'gpp_b': 2.176805640408474e-05, 'gpp_d': 21.899070557043984, 'ign_k': 0.002357279455676982, 'ign_c': 39.52220881906114, 'trop_agb_crit': 1.8285200278523417, 'trop_k_veg': 0.5183533149347164, 'fire_amp': 3.1543496524370136}.
[I 2026-06-10 20:33:25,389] Trial 550 finished with values: [10.474123727084528, 10.474123727084528] and parameters: {'k1': 3.609310926766545e-05, 'D_low': 171.2446447678494, 'k2': 0.0004976087827261435, 'D_high': 27.55546207779663, 'fire_exp': 1.2344878997299724, 'P_half': 589.5271473887282, 'pre_dampen_half': 16.009350908593582, 'gpp_af': 0.2204465010099918, 'gpp_b': 2.176805640408474e-05, 'gpp_d': 20.81401325574021, 'ign_k': 0.0029519227433917453, 'ign_c': 342.8810943862522, 'trop_agb_crit': 8.0091368834625, 'trop_k_veg': 1.2749676887479542, 'fire_amp': 5.606809127618709}.
[I 2026-06-10 20:33:26,757] Trial 551 finished with values: [10.830208497181813, 10.830208497181813] and parameters: {'k1': 0.0001599021369655865, 'D_low': 1121.5915868662764, 'k2': 0.0004976087827261435, 'D_high': 252.84086172415604, 'fire_exp': 1.4848387260494937, 'P_half': 12.280874862135363, 'pre_dampen_half': 155.08737608723771, 'gpp_af': 0.2204465010099918, 'gpp_b': 0.05719024141066792, 'gpp_d': 34.18897529667503, 'ign_k': 0.17320535908244444, 'ign_c': 48.704711413416454, 'trop_agb_crit': 1.3063813396521713, 'trop_k_veg': 5.453348988480011, 'fire_amp': 3.1543496524370136}.
[I 2026-06-10 20:33:28,121] Trial 552 finished with values: [10.586442273449858, 10.586442273449858] and parameters: {'k1': 0.0009898117700885534, 'D_low': 236.79352040223893, 'k2': 0.02939607009739149, 'D_high': 24.9899605789089, 'fire_exp': 1.2344878997299724, 'P_half': 6004.223886195538, 'pre_dampen_half': 189.88136301569827, 'gpp_af': 1.7775411110039254, 'gpp_b': 0.002416023630607169, 'gpp_d': 21.899070557043984, 'ign_k': 0.5407445028694732, 'ign_c': 2.2489542843914485, 'trop_agb_crit': 8.0091368834625, 'trop_k_veg': 0.5183533149347164, 'fire_amp': 2.818314238665462}.
[I 2026-06-10 20:33:29,751] Trial 553 finished with values: [10.833333332980382, 10.833333332980382] and parameters: {'k1': 0.017276056747028225, 'D_low': 97.43142535650219, 'k2': 0.02939607009739149, 'D_high': 32311.521854410956, 'fire_exp': 1.811096651915224, 'P_half': 101.40635645866499, 'pre_dampen_half': 30.456909077772018, 'gpp_af': 0.2204465010099918, 'gpp_b': 0.16285506249643175, 'gpp_d': 12.281069836814826, 'ign_k': 3.6309591863459096, 'ign_c': 342.8810943862522, 'trop_agb_crit': 3.5874145253515306, 'trop_k_veg': 0.828441460847982, 'fire_amp': 5.44779717154213}.
[I 2026-06-10 20:33:31,323] Trial 554 finished with values: [12.258730061069485, 12.258730061069485] and parameters: {'k1': 0.012840669372724958, 'D_low': 171.2446447678494, 'k2': 0.00037358626308127543, 'D_high': 30227.031291375773, 'fire_exp': 1.1633452995374232, 'P_half': 93.43302657318476, 'pre_dampen_half': 1.8469033699850426, 'gpp_af': 0.016306190741524337, 'gpp_b': 0.00036184510553922684, 'gpp_d': 0.7698760608299932, 'ign_k': 0.17320535908244444, 'ign_c': 7.081721844034206, 'trop_agb_crit': 1.8566494291193822, 'trop_k_veg': 5.453348988480011, 'fire_amp': 5.44779717154213}.
[I 2026-06-10 20:33:32,889] Trial 555 finished with values: [10.817079194734648, 10.817079194734648] and parameters: {'k1': 0.0018697387216131526, 'D_low': 171.2446447678494, 'k2': 0.00037358626308127543, 'D_high': 36998.679204890876, 'fire_exp': 7.394434809371433, 'P_half': 191.61918406231337, 'pre_dampen_half': 3.4461856429915305, 'gpp_af': 0.016306190741524337, 'gpp_b': 1.5216765859697215e-05, 'gpp_d': 21.899070557043984, 'ign_k': 0.17320535908244444, 'ign_c': 7.081721844034206, 'trop_agb_crit': 8.0091368834625, 'trop_k_veg': 0.5089315327929785, 'fire_amp': 5.44779717154213}.
[I 2026-06-10 20:33:34,410] Trial 556 finished with values: [10.833317167145145, 10.833317167145145] and parameters: {'k1': 0.0009898117700885534, 'D_low': 1.4002277211577039, 'k2': 4.933751600448335e-05, 'D_high': 42.242359735170886, 'fire_exp': 8.529993407276715, 'P_half': 101.40635645866499, 'pre_dampen_half': 37.40930273158252, 'gpp_af': 1.7775411110039254, 'gpp_b': 0.00047819318414852577, 'gpp_d': 1.0088237648985734, 'ign_k': 0.8945150807271531, 'ign_c': 2.2489542843914485, 'trop_agb_crit': 1.0189592979395135, 'trop_k_veg': 0.6488368931910606, 'fire_amp': 1.5587346124822492}.
[I 2026-06-10 20:33:35,786] Trial 557 finished with values: [12.278885999152383, 12.278885999152383] and parameters: {'k1': 0.08006837661379566, 'D_low': 236.79352040223893, 'k2': 0.0004976087827261435, 'D_high': 32311.521854410956, 'fire_exp': 1.811096651915224, 'P_half': 12.280874862135363, 'pre_dampen_half': 30.456909077772018, 'gpp_af': 1.9706963379095486, 'gpp_b': 0.00031478066835753096, 'gpp_d': 20.81401325574021, 'ign_k': 0.0029519227433917453, 'ign_c': 48.704711413416454, 'trop_agb_crit': 2.0527418919564324, 'trop_k_veg': 0.828441460847982, 'fire_amp': 5.44779717154213}.
[I 2026-06-10 20:33:37,381] Trial 558 finished with values: [12.20714861726142, 12.20714861726142] and parameters: {'k1': 0.0057293717735696316, 'D_low': 1.7551403048208316, 'k2': 0.00037358626308127543, 'D_high': 16780.50857913099, 'fire_exp': 1.4848387260494937, 'P_half': 93.43302657318476, 'pre_dampen_half': 170.71098124594695, 'gpp_af': 0.008117091133892173, 'gpp_b': 2.176805640408474e-05, 'gpp_d': 0.09467055845337147, 'ign_k': 0.0029519227433917453, 'ign_c': 7.081721844034206, 'trop_agb_crit': 12.708819454040446, 'trop_k_veg': 4.989748894578724, 'fire_amp': 1.5719333351012774}.
[I 2026-06-10 20:33:38,995] Trial 559 finished with values: [10.60712888503273, 10.60712888503273] and parameters: {'k1': 3.609310926766545e-05, 'D_low': 43.2326421037033, 'k2': 4.933751600448335e-05, 'D_high': 42.242359735170886, 'fire_exp': 1.7792742686803427, 'P_half': 157.3644610977214, 'pre_dampen_half': 123.04779330083686, 'gpp_af': 0.004511991819672033, 'gpp_b': 2.176805640408474e-05, 'gpp_d': 96.93415502195788, 'ign_k': 0.0029519227433917453, 'ign_c': 7.081721844034206, 'trop_agb_crit': 8.0091368834625, 'trop_k_veg': 1.6003641872536711, 'fire_amp': 1.5587346124822492}.
[I 2026-06-10 20:33:40,619] Trial 560 finished with values: [10.83203515379833, 10.83203515379833] and parameters: {'k1': 0.05705198955850472, 'D_low': 1739.6167422846984, 'k2': 0.005082220961627801, 'D_high': 44974.07193749848, 'fire_exp': 3.2459542834651627, 'P_half': 101.40635645866499, 'pre_dampen_half': 98.05638874011484, 'gpp_af': 1.7775411110039254, 'gpp_b': 0.16285506249643175, 'gpp_d': 0.1197776427957647, 'ign_k': 0.4320578308497379, 'ign_c': 2.2489542843914485, 'trop_agb_crit': 3.5874145253515306, 'trop_k_veg': 0.6488368931910606, 'fire_amp': 2.818314238665462}.
[I 2026-06-10 20:33:42,006] Trial 561 finished with values: [10.025786837226464, 10.025786837226464] and parameters: {'k1': 0.006079905434073396, 'D_low': 43.2326421037033, 'k2': 4.933751600448335e-05, 'D_high': 32311.521854410956, 'fire_exp': 1.1633452995374232, 'P_half': 5.4712187293420325, 'pre_dampen_half': 37.40930273158252, 'gpp_af': 1.9998014714101113, 'gpp_b': 0.00047819318414852577, 'gpp_d': 1.3411170141333262, 'ign_k': 0.0029519227433917453, 'ign_c': 16.497426799845446, 'trop_agb_crit': 8.0091368834625, 'trop_k_veg': 1.6003641872536711, 'fire_amp': 1.2393473789150806}.
[I 2026-06-10 20:33:43,342] Trial 562 finished with values: [10.477867983360964, 10.477867983360964] and parameters: {'k1': 0.0018697387216131526, 'D_low': 1.7551403048208316, 'k2': 0.045914852167405346, 'D_high': 16780.50857913099, 'fire_exp': 1.811096651915224, 'P_half': 93.43302657318476, 'pre_dampen_half': 30.456909077772018, 'gpp_af': 0.008117091133892173, 'gpp_b': 0.00807491410172472, 'gpp_d': 20.81401325574021, 'ign_k': 0.0029519227433917453, 'ign_c': 3.7623363852696734, 'trop_agb_crit': 2.0527418919564324, 'trop_k_veg': 0.828441460847982, 'fire_amp': 3.211868494428654}.
[I 2026-06-10 20:33:44,699] Trial 563 finished with values: [10.283020406968548, 10.283020406968548] and parameters: {'k1': 3.609310926766545e-05, 'D_low': 171.2446447678494, 'k2': 0.0004976087827261435, 'D_high': 1266.9536563782303, 'fire_exp': 1.2344878997299724, 'P_half': 9.580682294110435, 'pre_dampen_half': 123.04779330083686, 'gpp_af': 42.29037995744429, 'gpp_b': 0.0004125336560355494, 'gpp_d': 21.899070557043984, 'ign_k': 0.002357279455676982, 'ign_c': 0.9736725715035878, 'trop_agb_crit': 8.0091368834625, 'trop_k_veg': 2.520089655463604, 'fire_amp': 5.606809127618709}.
[I 2026-06-10 20:33:46,126] Trial 564 finished with values: [15.342561666783244, 15.342561666783244] and parameters: {'k1': 3.609310926766545e-05, 'D_low': 171.2446447678494, 'k2': 0.00037358626308127543, 'D_high': 252.84086172415604, 'fire_exp': 1.1633452995374232, 'P_half': 2.6691447170887805, 'pre_dampen_half': 170.71098124594695, 'gpp_af': 1.9706963379095486, 'gpp_b': 2.176805640408474e-05, 'gpp_d': 96.93415502195788, 'ign_k': 0.17320535908244444, 'ign_c': 0.4177928311636542, 'trop_agb_crit': 11.664190932505923, 'trop_k_veg': 2.520089655463604, 'fire_amp': 3.1543496524370136}.
[I 2026-06-10 20:33:47,666] Trial 565 finished with values: [-0.5235819623549529, 0.11085130383459507] and parameters: {'k1': 0.00023134781612225627, 'D_low': 171.2446447678494, 'k2': 0.0004976087827261435, 'D_high': 1817.0401889219124, 'fire_exp': 1.2344878997299724, 'P_half': 93.43302657318476, 'pre_dampen_half': 16.009350908593582, 'gpp_af': 0.060029341913968644, 'gpp_b': 0.00031478066835753096, 'gpp_d': 12.338826503601998, 'ign_k': 0.17320535908244444, 'ign_c': 1.4879588507789996, 'trop_agb_crit': 1.3063813396521713, 'trop_k_veg': 0.5183533149347164, 'fire_amp': 1.5719333351012774}.
[I 2026-06-10 20:33:49,112] Trial 566 finished with values: [11.365921573075267, 11.365921573075267] and parameters: {'k1': 0.0009898117700885534, 'D_low': 1.4002277211577039, 'k2': 0.02939607009739149, 'D_high': 36998.679204890876, 'fire_exp': 1.1633452995374232, 'P_half': 93.43302657318476, 'pre_dampen_half': 9.044346216330972, 'gpp_af': 0.016306190741524337, 'gpp_b': 2.176805640408474e-05, 'gpp_d': 1.3411170141333262, 'ign_k': 0.002357279455676982, 'ign_c': 39.52220881906114, 'trop_agb_crit': 4.902399583903479, 'trop_k_veg': 2.520089655463604, 'fire_amp': 3.1543496524370136}.
