[I 2026-08-19 13:33:16,427] Trial 899 finished with values: [-0.42615099398550244, 8.748427934301972e-07] and parameters: {'k1': 1.844951990812239e-05, 'D_low': 6293.732112193172, 'k2': 3.6056327059001404e-05, 'D_high': 1840060.4093141211, 'fire_exp': 3.7695400350033266, 'P_half': 6281.776703992854, 'pre_dampen_half': 0.2571419084734534, 'gpp_af': 0.45930736709853937, 'gpp_b': 0.0001605469768042801, 'gpp_d': 118.26972885708257, 'ign_k': 0.17320535908244444, 'ign_c': 13.909474988024083, 'trop_agb_crit': 14.188434224699876, 'trop_k_veg': 3.754644404143055, 'pop_amp': 0.0013002472438361158, 'pop_peak': 456.60279198301936, 'pop_sig': 1.8528333992769594, 'fuel_k': 2.8606142106392465, 'fuel_half': 0.10355826161899183}.
  trial  900/2500  pareto_size=27  best_ilamb=0.6094  (47.6 min)
[I 2026-08-19 13:33:25,776] Trial 900 finished with values: [-0.41417347025662093, 2.3446578012453756e-10] and parameters: {'k1': 4.0873003903057456e-05, 'D_low': 6293.732112193172, 'k2': 0.0067445742055710165, 'D_high': 5109990.03526815, 'fire_exp': 6.464773756830049, 'P_half': 8894.151386481904, 'pre_dampen_half': 0.2571419084734534, 'gpp_af': 0.006580815488709274, 'gpp_b': 9.67374839440457e-05, 'gpp_d': 3.9841905944346854, 'ign_k': 0.45791923103229365, 'ign_c': 6.0816733722841345, 'trop_agb_crit': 3.544180417534903, 'trop_k_veg': 3.754644404143055, 'pop_amp': 0.0034369873301918173, 'pop_peak': 456.60279198301936, 'pop_sig': 1.8528333992769594, 'fuel_k': 0.11148299766359336, 'fuel_half': 0.10355826161899183}.
[I 2026-08-19 13:33:33,088] Trial 901 finished with values: [-0.4224691904854283, 6.793505313851256e-07] and parameters: {'k1': 0.00044094295721828597, 'D_low': 121.35563792999149, 'k2': 6.340140860251457e-05, 'D_high': 1840060.4093141211, 'fire_exp': 3.7695400350033266, 'P_half': 8894.151386481904, 'pre_dampen_half': 0.2571419084734534, 'gpp_af': 49.583649914027546, 'gpp_b': 2.5061096807647916, 'gpp_d': 118.26972885708257, 'ign_k': 9.162638829638215, 'ign_c': 0.7313962512403624, 'trop_agb_crit': 3.544180417534903, 'trop_k_veg': 2.968382718115938, 'pop_amp': 0.0013002472438361158, 'pop_peak': 162.62551614461097, 'pop_sig': 1.804482856986987, 'fuel_k': 3.250046746707412, 'fuel_half': 0.18427970406864538}.
[I 2026-08-19 13:33:39,423] Trial 902 finished with values: [-0.4145412938777865, 5.2799813965442866e-08] and parameters: {'k1': 4.0873003903057456e-05, 'D_low': 1.6569065206637925, 'k2': 1.2748758606816134e-05, 'D_high': 9355.38060645217, 'fire_exp': 6.454675979546216, 'P_half': 267.2146013620241, 'pre_dampen_half': 0.2571419084734534, 'gpp_af': 0.9346598275601615, 'gpp_b': 0.0004837646996135023, 'gpp_d': 3.9841905944346854, 'ign_k': 0.009935023909063692, 'ign_c': 0.38887507405855737, 'trop_agb_crit': 27.05166881899929, 'trop_k_veg': 1.8972260195556925, 'pop_amp': 6.746076139939917, 'pop_peak': 4.557885026195722, 'pop_sig': 0.9904669476016459, 'fuel_k': 5.706437033023268, 'fuel_half': 17.890117928710357}.
  trial  903/2500  pareto_size=27  best_ilamb=0.6094  (48.0 min)
[I 2026-08-19 13:33:46,591] Trial 903 finished with values: [-0.4281701373163479, 0.0036502136360879733] and parameters: {'k1': 9.67404566214593e-05, 'D_low': 417.9306435491205, 'k2': 6.340140860251457e-05, 'D_high': 1840060.4093141211, 'fire_exp': 3.7695400350033266, 'P_half': 229.5739821454948, 'pre_dampen_half': 0.2571419084734534, 'gpp_af': 3.3373658194339484, 'gpp_b': 9.67374839440457e-05, 'gpp_d': 44.416173741743926, 'ign_k': 0.0629707107611051, 'ign_c': 12.366924205139131, 'trop_agb_crit': 3.544180417534903, 'trop_k_veg': 2.968382718115938, 'pop_amp': 0.0013002472438361158, 'pop_peak': 1.884221947092994, 'pop_sig': 1.804482856986987, 'fuel_k': 3.250046746707412, 'fuel_half': 0.11627067408760197}.
[I 2026-08-19 13:33:52,638] Trial 904 finished with values: [-0.4200320562908687, 7.948378009103862e-06] and parameters: {'k1': 1.844951990812239e-05, 'D_low': 1.6569065206637925, 'k2': 0.0014455983984872978, 'D_high': 1907543.828944448, 'fire_exp': 3.7695400350033266, 'P_half': 267.2146013620241, 'pre_dampen_half': 0.2571419084734534, 'gpp_af': 0.0077125451401819246, 'gpp_b': 0.007179740972016222, 'gpp_d': 1.0088237648985734, 'ign_k': 0.45791923103229365, 'ign_c': 13.909474988024083, 'trop_agb_crit': 28.49245476864681, 'trop_k_veg': 5.691473319778836, 'pop_amp': 0.0034369873301918173, 'pop_peak': 456.60279198301936, 'pop_sig': 1.804482856986987, 'fuel_k': 0.11148299766359336, 'fuel_half': 17.890117928710357}.
[I 2026-08-19 13:33:57,143] Trial 905 finished with values: [-0.42495478749643656, 8.080390544451532e-07] and parameters: {'k1': 4.929552311643645e-05, 'D_low': 286.06841726052676, 'k2': 0.0019856031481305684, 'D_high': 1840060.4093141211, 'fire_exp': 3.7695400350033266, 'P_half': 8894.151386481904, 'pre_dampen_half': 0.7465571739720183, 'gpp_af': 3.3373658194339484, 'gpp_b': 5.349456206882108e-05, 'gpp_d': 118.26972885708257, 'ign_k': 0.4520211383882609, 'ign_c': 12.366924205139131, 'trop_agb_crit': 26.488074879299933, 'trop_k_veg': 2.968382718115938, 'pop_amp': 0.0013002472438361158, 'pop_peak': 503.7153440645595, 'pop_sig': 1.804482856986987, 'fuel_k': 0.11148299766359336, 'fuel_half': 17.890117928710357}.
[I 2026-08-19 13:34:04,339] Trial 906 finished with values: [-0.411258157773558, 5.761371379975344e-10] and parameters: {'k1': 4.929552311643645e-05, 'D_low': 1.6569065206637925, 'k2': 4.392638796750218e-05, 'D_high': 1661855.441285105, 'fire_exp': 2.5321117364280843, 'P_half': 1265.0580856641704, 'pre_dampen_half': 0.10189118197357125, 'gpp_af': 0.0028701881471957036, 'gpp_b': 0.3918116941393868, 'gpp_d': 108.18665579547857, 'ign_k': 0.04439802552990466, 'ign_c': 6.0816733722841345, 'trop_agb_crit': 1.050713312531254, 'trop_k_veg': 4.288672925586801, 'pop_amp': 5.27924855752961, 'pop_peak': 1.884221947092994, 'pop_sig': 1.804482856986987, 'fuel_k': 3.250046746707412, 'fuel_half': 1.7895437790635824}.
  trial  907/2500  pareto_size=27  best_ilamb=0.6094  (48.4 min)
[I 2026-08-19 13:34:17,746] Trial 907 finished with values: [-0.42938823554253414, 0.0005188524725046051] and parameters: {'k1': 0.0017404948150194378, 'D_low': 1368.9795993592197, 'k2': 6.340140860251457e-05, 'D_high': 1124534.1807254362, 'fire_exp': 1.8678802571070678, 'P_half': 1517.2922775770444, 'pre_dampen_half': 0.2571419084734534, 'gpp_af': 0.006580815488709274, 'gpp_b': 0.007179740972016222, 'gpp_d': 1.0088237648985734, 'ign_k': 0.45791923103229365, 'ign_c': 12.366924205139131, 'trop_agb_crit': 1.050713312531254, 'trop_k_veg': 5.691473319778836, 'pop_amp': 5.27924855752961, 'pop_peak': 162.62551614461097, 'pop_sig': 1.804482856986987, 'fuel_k': 0.11148299766359336, 'fuel_half': 17.890117928710357}.
[I 2026-08-19 13:34:25,541] Trial 908 finished with values: [-0.5364174501115265, 0.01406371689007746] and parameters: {'k1': 1.844951990812239e-05, 'D_low': 4177.591776484708, 'k2': 0.0019856031481305684, 'D_high': 1840060.4093141211, 'fire_exp': 1.3796609641485171, 'P_half': 267.2146013620241, 'pre_dampen_half': 0.05393491030297468, 'gpp_af': 0.005018406982902927, 'gpp_b': 0.0007417652034871827, 'gpp_d': 118.26972885708257, 'ign_k': 0.04439802552990466, 'ign_c': 12.366924205139131, 'trop_agb_crit': 27.05166881899929, 'trop_k_veg': 4.30392173391187, 'pop_amp': 5.27924855752961, 'pop_peak': 456.60279198301936, 'pop_sig': 0.9904669476016459, 'fuel_k': 3.640039183945803, 'fuel_half': 0.18427970406864538}.
[I 2026-08-19 13:34:31,192] Trial 909 finished with values: [-0.40208984892386423, 4.596323321948148e-14] and parameters: {'k1': 4.0873003903057456e-05, 'D_low': 286.06841726052676, 'k2': 0.0019856031481305684, 'D_high': 1124534.1807254362, 'fire_exp': 4.3161213924316595, 'P_half': 4.937355303501834, 'pre_dampen_half': 0.19674328025306115, 'gpp_af': 0.006580815488709274, 'gpp_b': 1.624829724391053, 'gpp_d': 3.032712462969173, 'ign_k': 0.45791923103229365, 'ign_c': 6.0816733722841345, 'trop_agb_crit': 27.05166881899929, 'trop_k_veg': 3.754644404143055, 'pop_amp': 0.06945433987275948, 'pop_peak': 352.89806695809773, 'pop_sig': 2.1615359884401224, 'fuel_k': 3.640039183945803, 'fuel_half': 1.7895437790635824}.
  trial  910/2500  pareto_size=27  best_ilamb=0.6094  (48.9 min)
[I 2026-08-19 13:34:38,300] Trial 910 finished with values: [-0.49512702748648074, 0.002158705359620483] and parameters: {'k1': 9.67404566214593e-05, 'D_low': 2048.523887932672, 'k2': 6.340140860251457e-05, 'D_high': 1819372.4578178402, 'fire_exp': 4.3161213924316595, 'P_half': 229.5739821454948, 'pre_dampen_half': 0.2571419084734534, 'gpp_af': 0.0028701881471957036, 'gpp_b': 9.67374839440457e-05, 'gpp_d': 3.9841905944346854, 'ign_k': 9.162638829638215, 'ign_c': 0.2806439011124269, 'trop_agb_crit': 27.05166881899929, 'trop_k_veg': 2.246382792334124, 'pop_amp': 6.746076139939917, 'pop_peak': 1.884221947092994, 'pop_sig': 0.9904669476016459, 'fuel_k': 5.706437033023268, 'fuel_half': 17.890117928710357}.
[I 2026-08-19 13:34:43,839] Trial 911 finished with values: [-0.3973417823419464, 1.7541523789077473e-14] and parameters: {'k1': 4.929552311643645e-05, 'D_low': 286.06841726052676, 'k2': 3.077180271250682e-05, 'D_high': 6543576.946931886, 'fire_exp': 5.433392060430592, 'P_half': 6281.776703992854, 'pre_dampen_half': 0.19674328025306115, 'gpp_af': 0.18737227240512885, 'gpp_b': 1.624829724391053, 'gpp_d': 118.26972885708257, 'ign_k': 0.04439802552990466, 'ign_c': 0.2806439011124269, 'trop_agb_crit': 2.7072829880258475, 'trop_k_veg': 0.8084202024508578, 'pop_amp': 0.0013002472438361158, 'pop_peak': 0.05281056279423359, 'pop_sig': 1.804482856986987, 'fuel_k': 0.022805907608636752, 'fuel_half': 1.7895437790635824}.
[I 2026-08-19 13:34:50,150] Trial 912 finished with values: [-0.43442341185229616, 0.010994638010220048] and parameters: {'k1': 4.0873003903057456e-05, 'D_low': 437.4364439939077, 'k2': 3.077180271250682e-05, 'D_high': 9355.38060645217, 'fire_exp': 1.0824018381500955, 'P_half': 4337.920697490941, 'pre_dampen_half': 0.19674328025306115, 'gpp_af': 2.0540519425388455, 'gpp_b': 1.624829724391053, 'gpp_d': 3.9841905944346854, 'ign_k': 0.3699359899959751, 'ign_c': 0.5488047000766043, 'trop_agb_crit': 1.1945139451702542, 'trop_k_veg': 4.891066132801691, 'pop_amp': 6.746076139939917, 'pop_peak': 352.89806695809773, 'pop_sig': 0.9904669476016459, 'fuel_k': 5.706437033023268, 'fuel_half': 0.18427970406864538}.
[I 2026-08-19 13:34:56,828] Trial 913 finished with values: [-0.42418144210322073, 8.193977052428636e-08] and parameters: {'k1': 1.844951990812239e-05, 'D_low': 437.4364439939077, 'k2': 0.0014455983984872978, 'D_high': 1907543.828944448, 'fire_exp': 3.7695400350033266, 'P_half': 8894.151386481904, 'pre_dampen_half': 0.7465571739720183, 'gpp_af': 0.18737227240512885, 'gpp_b': 9.67374839440457e-05, 'gpp_d': 15.3464307516782, 'ign_k': 0.04439802552990466, 'ign_c': 12.366924205139131, 'trop_agb_crit': 3.544180417534903, 'trop_k_veg': 2.968382718115938, 'pop_amp': 0.04874366481145617, 'pop_peak': 3.1638262982473893, 'pop_sig': 0.7874005085282932, 'fuel_k': 0.11148299766359336, 'fuel_half': 17.890117928710357}.
  trial  914/2500  pareto_size=27  best_ilamb=0.6094  (49.3 min)
[I 2026-08-19 13:35:08,485] Trial 914 finished with values: [-0.4253504734363901, 0.00012842351157216214] and parameters: {'k1': 1.844951990812239e-05, 'D_low': 1.6569065206637925, 'k2': 0.0019856031481305684, 'D_high': 1907543.828944448, 'fire_exp': 1.8678802571070678, 'P_half': 8894.151386481904, 'pre_dampen_half': 0.1998890273833792, 'gpp_af': 0.006580815488709274, 'gpp_b': 9.67374839440457e-05, 'gpp_d': 118.26972885708257, 'ign_k': 0.8380768799422993, 'ign_c': 6.0816733722841345, 'trop_agb_crit': 3.544180417534903, 'trop_k_veg': 5.691473319778836, 'pop_amp': 5.27924855752961, 'pop_peak': 1.884221947092994, 'pop_sig': 0.6871869718280653, 'fuel_k': 3.250046746707412, 'fuel_half': 17.890117928710357}.
[I 2026-08-19 13:35:13,711] Trial 915 finished with values: [-0.4115190303611387, 1.1420736023559641e-08] and parameters: {'k1': 9.67404566214593e-05, 'D_low': 2.400213216646464, 'k2': 1.2748758606816134e-05, 'D_high': 9355.38060645217, 'fire_exp': 3.7695400350033266, 'P_half': 8894.151386481904, 'pre_dampen_half': 0.19674328025306115, 'gpp_af': 3.3373658194339484, 'gpp_b': 1.624829724391053, 'gpp_d': 806.2791930582829, 'ign_k': 1.996170534716646, 'ign_c': 12.366924205139131, 'trop_agb_crit': 3.544180417534903, 'trop_k_veg': 1.8972260195556925, 'pop_amp': 11.72926995754655, 'pop_peak': 1.884221947092994, 'pop_sig': 0.9904669476016459, 'fuel_k': 5.706437033023268, 'fuel_half': 17.890117928710357}.
[I 2026-08-19 13:35:17,593] Trial 916 finished with values: [-0.4047429008406828, 4.707345624410664e-14] and parameters: {'k1': 2.9693357731296325e-05, 'D_low': 34.60830859824834, 'k2': 3.077180271250682e-05, 'D_high': 1840060.4093141211, 'fire_exp': 7.856097010829145, 'P_half': 8894.151386481904, 'pre_dampen_half': 0.19674328025306115, 'gpp_af': 36.830088529547496, 'gpp_b': 0.0004837646996135023, 'gpp_d': 108.18665579547857, 'ign_k': 0.009935023909063692, 'ign_c': 4.4716799012313055, 'trop_agb_crit': 2.6689615974393592, 'trop_k_veg': 6.972354563243685, 'pop_amp': 0.0021433490423168255, 'pop_peak': 32.553267554975, 'pop_sig': 0.28855712799307187, 'fuel_k': 2.8606142106392465, 'fuel_half': 17.890117928710357}.
[I 2026-08-19 13:35:23,179] Trial 917 finished with values: [-0.3824329601938914, 3.7462914082020404e-07] and parameters: {'k1': 9.67404566214593e-05, 'D_low': 417.9306435491205, 'k2': 6.340140860251457e-05, 'D_high': 1840060.4093141211, 'fire_exp': 3.7695400350033266, 'P_half': 8894.151386481904, 'pre_dampen_half': 0.2571419084734534, 'gpp_af': 3.3373658194339484, 'gpp_b': 5.349456206882108e-05, 'gpp_d': 0.09783362909802892, 'ign_k': 1.996170534716646, 'ign_c': 12.366924205139131, 'trop_agb_crit': 6.840082422420671, 'trop_k_veg': 2.968382718115938, 'pop_amp': 0.008683934086503814, 'pop_peak': 0.5393162598439744, 'pop_sig': 1.804482856986987, 'fuel_k': 4.04437775870989, 'fuel_half': 17.890117928710357}.
  trial  918/2500  pareto_size=27  best_ilamb=0.6094  (49.7 min)
[I 2026-08-19 13:35:30,317] Trial 918 finished with values: [-0.40939657613452596, 5.3407278599593155e-12] and parameters: {'k1': 2.9693357731296325e-05, 'D_low': 437.4364439939077, 'k2': 3.077180271250682e-05, 'D_high': 1840060.4093141211, 'fire_exp': 7.856097010829145, 'P_half': 8894.151386481904, 'pre_dampen_half': 0.19674328025306115, 'gpp_af': 36.830088529547496, 'gpp_b': 0.0004837646996135023, 'gpp_d': 118.26972885708257, 'ign_k': 7.107346698112278, 'ign_c': 0.7313962512403624, 'trop_agb_crit': 2.6689615974393592, 'trop_k_veg': 6.972354563243685, 'pop_amp': 0.0021433490423168255, 'pop_peak': 162.62551614461097, 'pop_sig': 0.28855712799307187, 'fuel_k': 2.8606142106392465, 'fuel_half': 17.890117928710357}.
[I 2026-08-19 13:35:35,569] Trial 919 finished with values: [-0.39989049058572956, 1.6483370224307237e-11] and parameters: {'k1': 4.929552311643645e-05, 'D_low': 286.06841726052676, 'k2': 0.0003856302813879373, 'D_high': 1840060.4093141211, 'fire_exp': 3.7695400350033266, 'P_half': 8683.183082509351, 'pre_dampen_half': 0.7465571739720183, 'gpp_af': 0.0077125451401819246, 'gpp_b': 0.14222241542049918, 'gpp_d': 118.26972885708257, 'ign_k': 0.43129510236174595, 'ign_c': 4.4716799012313055, 'trop_agb_crit': 2.6689615974393592, 'trop_k_veg': 6.972354563243685, 'pop_amp': 0.0013002472438361158, 'pop_peak': 503.7153440645595, 'pop_sig': 1.804482856986987, 'fuel_k': 2.8606142106392465, 'fuel_half': 17.890117928710357}.
[I 2026-08-19 13:35:41,122] Trial 920 finished with values: [-0.3617370324345626, 0.0] and parameters: {'k1': 4.0873003903057456e-05, 'D_low': 607.5680394423478, 'k2': 0.0019856031481305684, 'D_high': 1124534.1807254362, 'fire_exp': 4.3161213924316595, 'P_half': 8894.151386481904, 'pre_dampen_half': 0.19674328025306115, 'gpp_af': 0.006580815488709274, 'gpp_b': 1.624829724391053, 'gpp_d': 118.26972885708257, 'ign_k': 0.009935023909063692, 'ign_c': 6.0816733722841345, 'trop_agb_crit': 27.275312311047355, 'trop_k_veg': 0.5993475037413647, 'pop_amp': 5.27924855752961, 'pop_peak': 352.89806695809773, 'pop_sig': 0.9904669476016459, 'fuel_k': 3.250046746707412, 'fuel_half': 17.890117928710357}.
[I 2026-08-19 13:35:45,485] Trial 921 finished with values: [-0.5830535136809278, 0.009707479715199141] and parameters: {'k1': 0.0004846497679219079, 'D_low': 1.6569065206637925, 'k2': 0.0019856031481305684, 'D_high': 1124534.1807254362, 'fire_exp': 1.8678802571070678, 'P_half': 1265.0580856641704, 'pre_dampen_half': 0.2571419084734534, 'gpp_af': 0.006580815488709274, 'gpp_b': 9.67374839440457e-05, 'gpp_d': 118.26972885708257, 'ign_k': 0.45791923103229365, 'ign_c': 6.0816733722841345, 'trop_agb_crit': 3.3887235042490564, 'trop_k_veg': 5.691473319778836, 'pop_amp': 5.27924855752961, 'pop_peak': 1.884221947092994, 'pop_sig': 0.9904669476016459, 'fuel_k': 3.250046746707412, 'fuel_half': 1.7895437790635824}.
  trial  922/2500  pareto_size=28  best_ilamb=0.6094  (50.1 min)
[I 2026-08-19 13:35:52,038] Trial 922 finished with values: [-0.39546549306925727, 9.880984919163893e-15] and parameters: {'k1': 0.09372580613581186, 'D_low': 1.6569065206637925, 'k2': 0.0002001342062287998, 'D_high': 6543576.946931886, 'fire_exp': 6.454675979546216, 'P_half': 10.436686039715203, 'pre_dampen_half': 30.11226646948154, 'gpp_af': 0.18737227240512885, 'gpp_b': 0.05825704883392061, 'gpp_d': 0.050654860639753524, 'ign_k': 0.04439802552990466, 'ign_c': 89.12611835816996, 'trop_agb_crit': 14.188434224699876, 'trop_k_veg': 0.5443513380244235, 'pop_amp': 0.008683934086503814, 'pop_peak': 0.05281056279423359, 'pop_sig': 0.4663206866626952, 'fuel_k': 4.04437775870989, 'fuel_half': 1.7895437790635824}.
[I 2026-08-19 13:35:58,780] Trial 923 finished with values: [-0.39294389863705137, 2.220446049250313e-16] and parameters: {'k1': 0.09372580613581186, 'D_low': 4478.820281670047, 'k2': 0.0002001342062287998, 'D_high': 6543576.946931886, 'fire_exp': 6.454675979546216, 'P_half': 8894.151386481904, 'pre_dampen_half': 30.11226646948154, 'gpp_af': 0.18737227240512885, 'gpp_b': 0.05825704883392061, 'gpp_d': 118.26972885708257, 'ign_k': 0.04439802552990466, 'ign_c': 89.12611835816996, 'trop_agb_crit': 14.188434224699876, 'trop_k_veg': 6.972354563243685, 'pop_amp': 0.008683934086503814, 'pop_peak': 1.9043491615789352, 'pop_sig': 0.6871869718280653, 'fuel_k': 4.04437775870989, 'fuel_half': 0.18427970406864538}.
[I 2026-08-19 13:36:05,600] Trial 924 finished with values: [-0.4701435109780613, 0.00379120543412792] and parameters: {'k1': 9.67404566214593e-05, 'D_low': 2048.523887932672, 'k2': 0.0019856031481305684, 'D_high': 1840060.4093141211, 'fire_exp': 2.5321117364280843, 'P_half': 229.5739821454948, 'pre_dampen_half': 0.2571419084734534, 'gpp_af': 0.0028701881471957036, 'gpp_b': 9.67374839440457e-05, 'gpp_d': 108.18665579547857, 'ign_k': 0.0629707107611051, 'ign_c': 12.366924205139131, 'trop_agb_crit': 28.49245476864681, 'trop_k_veg': 1.3177032316234705, 'pop_amp': 5.27924855752961, 'pop_peak': 456.60279198301936, 'pop_sig': 1.804482856986987, 'fuel_k': 3.250046746707412, 'fuel_half': 17.890117928710357}.
[I 2026-08-19 13:36:09,516] Trial 925 finished with values: [-0.41954317485923187, 0.000898112580744348] and parameters: {'k1': 0.005456725485601475, 'D_low': 6293.732112193172, 'k2': 2.860112654741163e-05, 'D_high': 5109990.03526815, 'fire_exp': 1.0824018381500955, 'P_half': 4337.920697490941, 'pre_dampen_half': 0.2571419084734534, 'gpp_af': 0.18737227240512885, 'gpp_b': 0.620439464939785, 'gpp_d': 3.9841905944346854, 'ign_k': 0.3699359899959751, 'ign_c': 12.366924205139131, 'trop_agb_crit': 28.49245476864681, 'trop_k_veg': 3.754644404143055, 'pop_amp': 10.985330528057915, 'pop_peak': 352.89806695809773, 'pop_sig': 0.9904669476016459, 'fuel_k': 0.11148299766359336, 'fuel_half': 0.10355826161899183}.
  trial  926/2500  pareto_size=27  best_ilamb=0.6094  (50.5 min)
[I 2026-08-19 13:36:15,452] Trial 926 finished with values: [-0.42769589472573044, 2.0312214934481432e-05] and parameters: {'k1': 2.9693357731296325e-05, 'D_low': 1.6569065206637925, 'k2': 4.0270527176466894e-05, 'D_high': 1661855.441285105, 'fire_exp': 2.5321117364280843, 'P_half': 8894.151386481904, 'pre_dampen_half': 0.10189118197357125, 'gpp_af': 49.583649914027546, 'gpp_b': 9.67374839440457e-05, 'gpp_d': 108.18665579547857, 'ign_k': 9.162638829638215, 'ign_c': 4.4716799012313055, 'trop_agb_crit': 28.49245476864681, 'trop_k_veg': 6.972354563243685, 'pop_amp': 0.0021433490423168255, 'pop_peak': 1.884221947092994, 'pop_sig': 1.804482856986987, 'fuel_k': 0.622529758569628, 'fuel_half': 17.890117928710357}.
[I 2026-08-19 13:36:20,868] Trial 927 finished with values: [-0.36052261811469544, 0.0] and parameters: {'k1': 0.005456725485601475, 'D_low': 1.6569065206637925, 'k2': 4.392638796750218e-05, 'D_high': 1840060.4093141211, 'fire_exp': 6.464773756830049, 'P_half': 8894.151386481904, 'pre_dampen_half': 0.2571419084734534, 'gpp_af': 0.013383960608804066, 'gpp_b': 0.7652822088380072, 'gpp_d': 117.2128156438701, 'ign_k': 1.327536113719196, 'ign_c': 12.366924205139131, 'trop_agb_crit': 28.49245476864681, 'trop_k_veg': 4.30392173391187, 'pop_amp': 0.020758979942636296, 'pop_peak': 4.557885026195722, 'pop_sig': 1.804482856986987, 'fuel_k': 2.8606142106392465, 'fuel_half': 17.890117928710357}.
[I 2026-08-19 13:36:24,487] Trial 928 finished with values: [-0.42325857532186245, 3.514558644113208e-10] and parameters: {'k1': 1.844951990812239e-05, 'D_low': 32.04792887019892, 'k2': 3.077180271250682e-05, 'D_high': 1269686.0471076458, 'fire_exp': 2.8938596518938504, 'P_half': 8894.151386481904, 'pre_dampen_half': 0.2571419084734534, 'gpp_af': 0.18737227240512885, 'gpp_b': 0.0007417652034871827, 'gpp_d': 15.3464307516782, 'ign_k': 0.04439802552990466, 'ign_c': 89.12611835816996, 'trop_agb_crit': 3.544180417534903, 'trop_k_veg': 5.691473319778836, 'pop_amp': 0.04874366481145617, 'pop_peak': 0.17274196344453516, 'pop_sig': 0.6871869718280653, 'fuel_k': 0.9199338799678547, 'fuel_half': 17.890117928710357}.
