[I 2026-07-22 21:55:19,621] Trial 422 finished with values: [10.231393778154276, 10.231393778154276] and parameters: {'k1': 0.002968335334246999, 'D_low': 12.856617791467924, 'k2': 0.07799059237255677, 'D_high': 2283.4228779494524, 'fire_exp': 2.0922250022913893, 'P_half': 21.901578520649217, 'pre_dampen_half': 233.2883871089529, 'gpp_af': 0.06789053271698488, 'gpp_b': 2.325239859823921e-05, 'gpp_d': 0.09548041810464164, 'ign_k': 0.005105542986365654, 'ign_c': 94.19612235978188, 'trop_agb_crit': 12.285102065067687, 'trop_k_veg': 0.7808079158649266, 'fuel_k': 0.017262921159278164, 'fuel_half': 5.7024711030333775}.
[I 2026-07-22 21:55:20,041] Trial 423 finished with values: [-0.25866945199977776, 0.09959166516921503] and parameters: {'k1': 0.003198020818004832, 'D_low': 4.043300846639722, 'k2': 3.349496364344092e-05, 'D_high': 2512533.442757688, 'fire_exp': 2.2271826002669806, 'P_half': 245.27450543222417, 'pre_dampen_half': 33.97904243111269, 'gpp_af': 2.114381609520638, 'gpp_b': 1.56731783988398e-05, 'gpp_d': 373.3014953695604, 'ign_k': 0.050667002161528835, 'ign_c': 3.0378658251922155, 'trop_agb_crit': 15.870971677383487, 'trop_k_veg': 6.911478238001162, 'fuel_k': 0.028970790717327534, 'fuel_half': 18.202647368248815}.
[I 2026-07-22 21:55:20,477] Trial 424 finished with values: [10.68203219422057, 10.68203219422057] and parameters: {'k1': 0.011966626407443505, 'D_low': 864.0717009254879, 'k2': 2.8459703343413838e-05, 'D_high': 1620420.3293280003, 'fire_exp': 2.3750840427797026, 'P_half': 6.658322706867178, 'pre_dampen_half': 33.71909132517388, 'gpp_af': 42.29037995744429, 'gpp_b': 0.00012118589392553819, 'gpp_d': 8.057329182285729, 'ign_k': 4.59148521674054, 'ign_c': 0.13670484737132343, 'trop_agb_crit': 10.719494362768906, 'trop_k_veg': 0.5415365826598848, 'fuel_k': 0.6199941538390381, 'fuel_half': 81.87941582538087}.
[I 2026-07-22 21:55:20,894] Trial 425 finished with values: [-0.5705392448538804, 0.1334387145009206] and parameters: {'k1': 0.0029707920514735983, 'D_low': 13.25142220631392, 'k2': 2.8459703343413838e-05, 'D_high': 1693415.5410667954, 'fire_exp': 1.5922031489278718, 'P_half': 9.324787201197319, 'pre_dampen_half': 3.9885726374014694, 'gpp_af': 0.0025511964576171086, 'gpp_b': 1.7565109007473816e-05, 'gpp_d': 8.057329182285729, 'ign_k': 0.004144296901136395, 'ign_c': 4.1108484350212295, 'trop_agb_crit': 15.870971677383487, 'trop_k_veg': 2.2426202441332554, 'fuel_k': 0.6199941538390381, 'fuel_half': 13.402368611128821}.
  trial  426/1500  pareto_size=1  best_taylor=0.6948  best_ilamb=0.5192  (3.0 min)
[I 2026-07-22 21:55:21,378] Trial 426 finished with values: [10.769204900507715, 10.769204900507715] and parameters: {'k1': 6.693990428538841e-05, 'D_low': 8454.098152188677, 'k2': 2.1698375693549493e-05, 'D_high': 160625.60954780428, 'fire_exp': 2.3750840427797026, 'P_half': 245.27450543222417, 'pre_dampen_half': 0.036274221199261325, 'gpp_af': 2.114381609520638, 'gpp_b': 0.002022832315155261, 'gpp_d': 6.91394869865762, 'ign_k': 0.04732407125181112, 'ign_c': 3.0378658251922155, 'trop_agb_crit': 15.870971677383487, 'trop_k_veg': 0.977663002683211, 'fuel_k': 0.028970790717327534, 'fuel_half': 18.202647368248815}.
[I 2026-07-22 21:55:21,797] Trial 427 finished with values: [10.746226379891944, 10.746226379891944] and parameters: {'k1': 5.3397427849512415e-05, 'D_low': 13.25142220631392, 'k2': 2.8459703343413838e-05, 'D_high': 107013.64911724928, 'fire_exp': 1.8435203341118644, 'P_half': 3648.4560830477985, 'pre_dampen_half': 294.75617712568373, 'gpp_af': 18.235072804314193, 'gpp_b': 1.7565109007473816e-05, 'gpp_d': 9.00460602264307, 'ign_k': 0.005105542986365654, 'ign_c': 0.11650681118986138, 'trop_agb_crit': 6.119263728555865, 'trop_k_veg': 2.417028380770307, 'fuel_k': 0.0561571708805531, 'fuel_half': 7.259866824755671}.
[I 2026-07-22 21:55:22,214] Trial 428 finished with values: [10.358541869380858, 10.358541869380858] and parameters: {'k1': 6.693990428538841e-05, 'D_low': 4.043300846639722, 'k2': 3.5281132746849994e-05, 'D_high': 1693415.5410667954, 'fire_exp': 1.0689448798385355, 'P_half': 1938.3858782150498, 'pre_dampen_half': 294.75617712568373, 'gpp_af': 0.0025511964576171086, 'gpp_b': 0.00011277885258222645, 'gpp_d': 302.3127748796295, 'ign_k': 0.0029580419692843236, 'ign_c': 201.0328373440913, 'trop_agb_crit': 5.115968405120539, 'trop_k_veg': 6.911478238001162, 'fuel_k': 0.028970790717327534, 'fuel_half': 38.21129441691226}.
[I 2026-07-22 21:55:22,631] Trial 429 finished with values: [11.475746465680777, 11.475746465680777] and parameters: {'k1': 9.969469187531805e-05, 'D_low': 864.0717009254879, 'k2': 0.07799059237255677, 'D_high': 6978.624673182437, 'fire_exp': 1.7650286443463072, 'P_half': 1.4378290221680121, 'pre_dampen_half': 294.75617712568373, 'gpp_af': 0.3259758793317361, 'gpp_b': 0.00012118589392553819, 'gpp_d': 2.901272149738622, 'ign_k': 4.59148521674054, 'ign_c': 0.13670484737132343, 'trop_agb_crit': 1.1208086449693282, 'trop_k_veg': 1.793919400078986, 'fuel_k': 3.6992394681929355, 'fuel_half': 42.6871254378718}.
[I 2026-07-22 21:55:23,051] Trial 430 finished with values: [-0.5372843312998993, 0.18639626100821216] and parameters: {'k1': 0.052334804885400876, 'D_low': 12.856617791467924, 'k2': 0.0007406380926311093, 'D_high': 2283.4228779494524, 'fire_exp': 1.0537003977961952, 'P_half': 21.901578520649217, 'pre_dampen_half': 6.881834772031151, 'gpp_af': 0.09791370130598968, 'gpp_b': 0.015382154459808445, 'gpp_d': 302.3127748796295, 'ign_k': 0.006290644294586149, 'ign_c': 6.3906950920732175, 'trop_agb_crit': 12.285102065067687, 'trop_k_veg': 0.5687244174086067, 'fuel_k': 0.017262921159278164, 'fuel_half': 38.21129441691226}.
[I 2026-07-22 21:55:23,466] Trial 431 finished with values: [-0.21978091551662546, 0.09622114912161228] and parameters: {'k1': 0.003198020818004832, 'D_low': 4.043300846639722, 'k2': 3.349496364344092e-05, 'D_high': 107013.64911724928, 'fire_exp': 2.2271826002669806, 'P_half': 245.27450543222417, 'pre_dampen_half': 33.97904243111269, 'gpp_af': 2.114381609520638, 'gpp_b': 3.228689523591491e-05, 'gpp_d': 302.3127748796295, 'ign_k': 0.04732407125181112, 'ign_c': 3.0378658251922155, 'trop_agb_crit': 24.181329527832204, 'trop_k_veg': 6.911478238001162, 'fuel_k': 1.2528108647479208, 'fuel_half': 8.115041565366713}.
[I 2026-07-22 21:55:23,883] Trial 432 finished with values: [10.764208317066828, 10.764208317066828] and parameters: {'k1': 9.969469187531805e-05, 'D_low': 864.0717009254879, 'k2': 0.07799059237255677, 'D_high': 107013.64911724928, 'fire_exp': 2.3750840427797026, 'P_half': 3648.4560830477985, 'pre_dampen_half': 94.20121790275627, 'gpp_af': 42.29037995744429, 'gpp_b': 3.228689523591491e-05, 'gpp_d': 6.91394869865762, 'ign_k': 4.59148521674054, 'ign_c': 3.0378658251922155, 'trop_agb_crit': 3.5522713231614182, 'trop_k_veg': 1.140286245977296, 'fuel_k': 3.6992394681929355, 'fuel_half': 0.33988503110784557}.
[I 2026-07-22 21:55:24,306] Trial 433 finished with values: [10.15483692965805, 10.15483692965805] and parameters: {'k1': 0.0029707920514735983, 'D_low': 4.043300846639722, 'k2': 2.1698375693549493e-05, 'D_high': 2512533.442757688, 'fire_exp': 1.0689448798385355, 'P_half': 1938.3858782150498, 'pre_dampen_half': 294.75617712568373, 'gpp_af': 0.3259758793317361, 'gpp_b': 3.228689523591491e-05, 'gpp_d': 857.4284557962626, 'ign_k': 0.0029580419692843236, 'ign_c': 3.0378658251922155, 'trop_agb_crit': 5.115968405120539, 'trop_k_veg': 6.911478238001162, 'fuel_k': 5.486054129200971, 'fuel_half': 18.202647368248815}.
[I 2026-07-22 21:55:24,730] Trial 434 finished with values: [-0.14706684702290854, 0.11442827591964833] and parameters: {'k1': 0.0003199177539819797, 'D_low': 3.169598846855015, 'k2': 0.07799059237255677, 'D_high': 2512533.442757688, 'fire_exp': 1.4750777427176416, 'P_half': 334.62201030483817, 'pre_dampen_half': 10.059683154936915, 'gpp_af': 2.114381609520638, 'gpp_b': 0.00011277885258222645, 'gpp_d': 373.3014953695604, 'ign_k': 0.006039096247545781, 'ign_c': 77.59048401667629, 'trop_agb_crit': 1.4914219038863046, 'trop_k_veg': 0.5695379443977426, 'fuel_k': 0.028970790717327534, 'fuel_half': 0.13122924251987642}.
[I 2026-07-22 21:55:25,168] Trial 435 finished with values: [10.649602377648707, 10.649602377648707] and parameters: {'k1': 0.0029707920514735983, 'D_low': 3.169598846855015, 'k2': 2.1698375693549493e-05, 'D_high': 160625.60954780428, 'fire_exp': 1.0689448798385355, 'P_half': 1938.3858782150498, 'pre_dampen_half': 3.9885726374014694, 'gpp_af': 0.06789053271698488, 'gpp_b': 3.228689523591491e-05, 'gpp_d': 6.91394869865762, 'ign_k': 0.03141110271934876, 'ign_c': 71.28188058401358, 'trop_agb_crit': 15.870971677383487, 'trop_k_veg': 2.3703642788018935, 'fuel_k': 1.3863198285285168, 'fuel_half': 18.202647368248815}.
[I 2026-07-22 21:55:25,594] Trial 436 finished with values: [10.232878923366826, 10.232878923366826] and parameters: {'k1': 0.002968335334246999, 'D_low': 4.043300846639722, 'k2': 0.05583672722754823, 'D_high': 3262.5163516684925, 'fire_exp': 2.3123511487896353, 'P_half': 3.079212464127044, 'pre_dampen_half': 94.20121790275627, 'gpp_af': 1.4498445474033743, 'gpp_b': 3.228689523591491e-05, 'gpp_d': 302.3127748796295, 'ign_k': 0.006039096247545781, 'ign_c': 3.0378658251922155, 'trop_agb_crit': 6.058402553512053, 'trop_k_veg': 0.977663002683211, 'fuel_k': 0.017262921159278164, 'fuel_half': 0.33988503110784557}.
[I 2026-07-22 21:55:26,015] Trial 437 finished with values: [10.545925424073578, 10.545925424073578] and parameters: {'k1': 0.011966626407443505, 'D_low': 1.1640589436768796, 'k2': 2.8459703343413838e-05, 'D_high': 3569.592428042591, 'fire_exp': 1.5133803309225309, 'P_half': 9.324787201197319, 'pre_dampen_half': 3.9885726374014694, 'gpp_af': 0.06789053271698488, 'gpp_b': 0.02048523887932671, 'gpp_d': 61.82902222163609, 'ign_k': 0.006290644294586149, 'ign_c': 4.1108484350212295, 'trop_agb_crit': 6.119263728555865, 'trop_k_veg': 3.4439936249445045, 'fuel_k': 0.48736180483849406, 'fuel_half': 7.259866824755671}.
[I 2026-07-22 21:55:26,435] Trial 438 finished with values: [-0.7069571920571408, 0.0320805284670479] and parameters: {'k1': 9.969469187531805e-05, 'D_low': 1.1640589436768796, 'k2': 0.05438762195226743, 'D_high': 2512533.442757688, 'fire_exp': 2.3750840427797026, 'P_half': 2.1095259085905753, 'pre_dampen_half': 868.1843415114095, 'gpp_af': 0.3259758793317361, 'gpp_b': 1.2892705405728861e-05, 'gpp_d': 373.3014953695604, 'ign_k': 4.59148521674054, 'ign_c': 16.626592254031866, 'trop_agb_crit': 10.719494362768906, 'trop_k_veg': 0.5695379443977426, 'fuel_k': 0.017262921159278164, 'fuel_half': 16.371966573507315}.
[I 2026-07-22 21:55:26,858] Trial 439 finished with values: [12.663397298854786, 12.663397298854786] and parameters: {'k1': 0.0029707920514735983, 'D_low': 13.25142220631392, 'k2': 2.8459703343413838e-05, 'D_high': 1693415.5410667954, 'fire_exp': 1.5922031489278718, 'P_half': 24.184227958471602, 'pre_dampen_half': 3.9885726374014694, 'gpp_af': 1.1300566419249867, 'gpp_b': 2.325239859823921e-05, 'gpp_d': 302.3127748796295, 'ign_k': 0.004144296901136395, 'ign_c': 98.40989343758308, 'trop_agb_crit': 6.119263728555865, 'trop_k_veg': 0.5415365826598848, 'fuel_k': 5.486054129200971, 'fuel_half': 0.253071961271088}.
[I 2026-07-22 21:55:27,280] Trial 440 finished with values: [10.830686452556902, 10.830686452556902] and parameters: {'k1': 0.003242143344038315, 'D_low': 1.1640589436768796, 'k2': 0.035891558714508394, 'D_high': 580966.5602369158, 'fire_exp': 1.3360144739031725, 'P_half': 2.1095259085905753, 'pre_dampen_half': 3.4369565628226955, 'gpp_af': 0.008562341633595545, 'gpp_b': 1.7565109007473816e-05, 'gpp_d': 2.901272149738622, 'ign_k': 0.0029580419692843236, 'ign_c': 2.4423775964038934, 'trop_agb_crit': 6.058402553512053, 'trop_k_veg': 0.5695379443977426, 'fuel_k': 1.312881567992459, 'fuel_half': 42.6871254378718}.
[I 2026-07-22 21:55:27,702] Trial 441 finished with values: [-0.41326811406846603, 0.16250383564160897] and parameters: {'k1': 0.011966626407443505, 'D_low': 13.25142220631392, 'k2': 3.5281132746849994e-05, 'D_high': 2512533.442757688, 'fire_exp': 1.5922031489278718, 'P_half': 24.184227958471602, 'pre_dampen_half': 3.9885726374014694, 'gpp_af': 1.4498445474033743, 'gpp_b': 0.00011277885258222645, 'gpp_d': 9.00460602264307, 'ign_k': 0.004144296901136395, 'ign_c': 98.40989343758308, 'trop_agb_crit': 5.115968405120539, 'trop_k_veg': 0.5415365826598848, 'fuel_k': 1.312881567992459, 'fuel_half': 81.87941582538087}.
[I 2026-07-22 21:55:28,127] Trial 442 finished with values: [-0.3776045672506974, 0.12787758765706725] and parameters: {'k1': 0.052334804885400876, 'D_low': 4.043300846639722, 'k2': 2.1698375693549493e-05, 'D_high': 1693415.5410667954, 'fire_exp': 1.0689448798385355, 'P_half': 1938.3858782150498, 'pre_dampen_half': 33.97904243111269, 'gpp_af': 0.0025511964576171086, 'gpp_b': 3.228689523591491e-05, 'gpp_d': 857.4284557962626, 'ign_k': 0.03141110271934876, 'ign_c': 3.0378658251922155, 'trop_agb_crit': 15.870971677383487, 'trop_k_veg': 1.6340262437673856, 'fuel_k': 1.8731335591844647, 'fuel_half': 18.202647368248815}.
[I 2026-07-22 21:55:28,548] Trial 443 finished with values: [10.766857544260846, 10.766857544260846] and parameters: {'k1': 1.4665316366397004e-05, 'D_low': 4.043300846639722, 'k2': 3.9207829763785736e-05, 'D_high': 107013.64911724928, 'fire_exp': 2.469560099610647, 'P_half': 3648.4560830477985, 'pre_dampen_half': 294.75617712568373, 'gpp_af': 18.235072804314193, 'gpp_b': 1.7565109007473816e-05, 'gpp_d': 9.00460602264307, 'ign_k': 0.006039096247545781, 'ign_c': 0.11650681118986138, 'trop_agb_crit': 15.870971677383487, 'trop_k_veg': 2.2426202441332554, 'fuel_k': 0.018207179480706392, 'fuel_half': 0.33988503110784557}.
[I 2026-07-22 21:55:28,969] Trial 444 finished with values: [-0.30434640030117766, 0.15631560162675184] and parameters: {'k1': 6.693990428538841e-05, 'D_low': 1.1640589436768796, 'k2': 3.5281132746849994e-05, 'D_high': 2512533.442757688, 'fire_exp': 1.7650286443463072, 'P_half': 2.1095259085905753, 'pre_dampen_half': 294.75617712568373, 'gpp_af': 0.3259758793317361, 'gpp_b': 0.00011277885258222645, 'gpp_d': 373.3014953695604, 'ign_k': 0.0029580419692843236, 'ign_c': 201.0328373440913, 'trop_agb_crit': 5.115968405120539, 'trop_k_veg': 7.26254292602904, 'fuel_k': 0.028970790717327534, 'fuel_half': 0.7498730336620313}.
[I 2026-07-22 21:55:29,390] Trial 445 finished with values: [10.148564782999857, 10.148564782999857] and parameters: {'k1': 0.002968335334246999, 'D_low': 4.043300846639722, 'k2': 0.07799059237255677, 'D_high': 107013.64911724928, 'fire_exp': 1.034491242472073, 'P_half': 3648.4560830477985, 'pre_dampen_half': 294.75617712568373, 'gpp_af': 18.235072804314193, 'gpp_b': 2.711380409817698e-05, 'gpp_d': 9.00460602264307, 'ign_k': 0.006039096247545781, 'ign_c': 0.11650681118986138, 'trop_agb_crit': 3.5522713231614182, 'trop_k_veg': 2.417028380770307, 'fuel_k': 0.018207179480706392, 'fuel_half': 0.33988503110784557}.
[I 2026-07-22 21:55:29,812] Trial 446 finished with values: [10.666551011273388, 10.666551011273388] and parameters: {'k1': 0.011966626407443505, 'D_low': 13.25142220631392, 'k2': 2.8459703343413838e-05, 'D_high': 3569.592428042591, 'fire_exp': 2.3123511487896353, 'P_half': 27.59069025439785, 'pre_dampen_half': 3.9885726374014694, 'gpp_af': 1.1300566419249867, 'gpp_b': 0.002022832315155261, 'gpp_d': 8.057329182285729, 'ign_k': 0.004144296901136395, 'ign_c': 3.4084279109230433, 'trop_agb_crit': 6.119263728555865, 'trop_k_veg': 0.5415365826598848, 'fuel_k': 0.6199941538390381, 'fuel_half': 2.276766792290519}.
[I 2026-07-22 21:55:30,234] Trial 447 finished with values: [-0.34110463805781316, 0.1343776552946223] and parameters: {'k1': 3.6595533391425955e-05, 'D_low': 13.25142220631392, 'k2': 0.0007406380926311093, 'D_high': 107013.64911724928, 'fire_exp': 2.076733054409457, 'P_half': 3.6138942712165267, 'pre_dampen_half': 94.20121790275627, 'gpp_af': 0.06789053271698488, 'gpp_b': 3.228689523591491e-05, 'gpp_d': 302.3127748796295, 'ign_k': 0.04732407125181112, 'ign_c': 11.40086370112731, 'trop_agb_crit': 15.870971677383487, 'trop_k_veg': 1.7664838950757564, 'fuel_k': 0.6199941538390381, 'fuel_half': 0.253071961271088}.
[I 2026-07-22 21:55:30,656] Trial 448 finished with values: [12.419013803188893, 12.419013803188893] and parameters: {'k1': 5.3397427849512415e-05, 'D_low': 13.25142220631392, 'k2': 0.002342238625792905, 'D_high': 3569.592428042591, 'fire_exp': 1.0045367186347036, 'P_half': 4.889669266916749, 'pre_dampen_half': 3.9885726374014694, 'gpp_af': 1.1300566419249867, 'gpp_b': 1.7565109007473816e-05, 'gpp_d': 8.057329182285729, 'ign_k': 0.006039096247545781, 'ign_c': 4.1108484350212295, 'trop_agb_crit': 1.5774541406529003, 'trop_k_veg': 6.999477065942703, 'fuel_k': 0.5964469943278033, 'fuel_half': 0.253071961271088}.
[I 2026-07-22 21:55:31,078] Trial 449 finished with values: [10.108315779237742, 10.108315779237742] and parameters: {'k1': 3.277022851928565e-05, 'D_low': 975.3810162817546, 'k2': 0.07799059237255677, 'D_high': 1693415.5410667954, 'fire_exp': 1.4750777427176416, 'P_half': 119.9763911113096, 'pre_dampen_half': 233.2883871089529, 'gpp_af': 0.0025511964576171086, 'gpp_b': 3.228689523591491e-05, 'gpp_d': 0.09548041810464164, 'ign_k': 0.005105542986365654, 'ign_c': 3.0378658251922155, 'trop_agb_crit': 12.285102065067687, 'trop_k_veg': 0.5687244174086067, 'fuel_k': 0.017262921159278164, 'fuel_half': 18.202647368248815}.
[I 2026-07-22 21:55:31,498] Trial 450 finished with values: [10.066780911485298, 10.066780911485298] and parameters: {'k1': 0.0003199177539819797, 'D_low': 1.1640589436768796, 'k2': 2.8459703343413838e-05, 'D_high': 2512533.442757688, 'fire_exp': 1.4750777427176416, 'P_half': 334.62201030483817, 'pre_dampen_half': 868.1843415114095, 'gpp_af': 2.114381609520638, 'gpp_b': 0.00011277885258222645, 'gpp_d': 373.3014953695604, 'ign_k': 4.59148521674054, 'ign_c': 16.626592254031866, 'trop_agb_crit': 1.4914219038863046, 'trop_k_veg': 0.5695379443977426, 'fuel_k': 0.48736180483849406, 'fuel_half': 16.371966573507315}.
[I 2026-07-22 21:55:31,918] Trial 451 finished with values: [-0.30082712218368374, 0.15503751372590513] and parameters: {'k1': 6.693990428538841e-05, 'D_low': 1.1640589436768796, 'k2': 3.5281132746849994e-05, 'D_high': 2512533.442757688, 'fire_exp': 1.7650286443463072, 'P_half': 2.1095259085905753, 'pre_dampen_half': 294.75617712568373, 'gpp_af': 0.3259758793317361, 'gpp_b': 0.00011277885258222645, 'gpp_d': 373.3014953695604, 'ign_k': 0.0029580419692843236, 'ign_c': 201.0328373440913, 'trop_agb_crit': 5.115968405120539, 'trop_k_veg': 5.546867170791755, 'fuel_k': 0.028970790717327534, 'fuel_half': 42.6871254378718}.
[I 2026-07-22 21:55:32,335] Trial 452 finished with values: [14.202360810091427, 14.202360810091427] and parameters: {'k1': 9.969469187531805e-05, 'D_low': 4.043300846639722, 'k2': 3.349496364344092e-05, 'D_high': 2512533.442757688, 'fire_exp': 1.0482996836046896, 'P_half': 9.324787201197319, 'pre_dampen_half': 33.97904243111269, 'gpp_af': 2.114381609520638, 'gpp_b': 1.56731783988398e-05, 'gpp_d': 373.3014953695604, 'ign_k': 0.050667002161528835, 'ign_c': 3.0378658251922155, 'trop_agb_crit': 15.870971677383487, 'trop_k_veg': 1.140286245977296, 'fuel_k': 0.028970790717327534, 'fuel_half': 2.313233999715264}.
[I 2026-07-22 21:55:32,757] Trial 453 finished with values: [10.467629933544435, 10.467629933544435] and parameters: {'k1': 0.052334804885400876, 'D_low': 11.437258028094242, 'k2': 0.0034207303670092245, 'D_high': 1693415.5410667954, 'fire_exp': 1.6038963094577627, 'P_half': 1938.3858782150498, 'pre_dampen_half': 33.97904243111269, 'gpp_af': 1.4498445474033743, 'gpp_b': 1.7565109007473816e-05, 'gpp_d': 25.017068255320467, 'ign_k': 0.018707420137660268, 'ign_c': 3.4084279109230433, 'trop_agb_crit': 5.273338791937182, 'trop_k_veg': 1.6340262437673856, 'fuel_k': 1.8731335591844647, 'fuel_half': 10.013658413533488}.
[I 2026-07-22 21:55:33,175] Trial 454 finished with values: [-0.3098759162652313, 0.12534922479644373] and parameters: {'k1': 0.02806535913298299, 'D_low': 3.169598846855015, 'k2': 0.07799059237255677, 'D_high': 558.9524205217922, 'fire_exp': 2.2271826002669806, 'P_half': 4.889669266916749, 'pre_dampen_half': 33.97904243111269, 'gpp_af': 0.06789053271698488, 'gpp_b': 0.00012118589392553819, 'gpp_d': 373.3014953695604, 'ign_k': 0.050667002161528835, 'ign_c': 4.1108484350212295, 'trop_agb_crit': 15.870971677383487, 'trop_k_veg': 6.911478238001162, 'fuel_k': 0.028970790717327534, 'fuel_half': 18.202647368248815}.
[I 2026-07-22 21:55:33,595] Trial 455 finished with values: [-0.16689816078686492, 0.14074861304080621] and parameters: {'k1': 3.619136963999883e-05, 'D_low': 3.169598846855015, 'k2': 0.002342238625792905, 'D_high': 2512533.442757688, 'fire_exp': 1.4750777427176416, 'P_half': 334.62201030483817, 'pre_dampen_half': 10.059683154936915, 'gpp_af': 2.114381609520638, 'gpp_b': 0.00011277885258222645, 'gpp_d': 25.017068255320467, 'ign_k': 0.006039096247545781, 'ign_c': 2.4423775964038934, 'trop_agb_crit': 1.1073237802669997, 'trop_k_veg': 0.977663002683211, 'fuel_k': 0.028970790717327534, 'fuel_half': 0.13122924251987642}.
[I 2026-07-22 21:55:34,014] Trial 456 finished with values: [10.38108830400822, 10.38108830400822] and parameters: {'k1': 6.693990428538841e-05, 'D_low': 8454.098152188677, 'k2': 0.002342238625792905, 'D_high': 580966.5602369158, 'fire_exp': 2.3750840427797026, 'P_half': 28.15630081597223, 'pre_dampen_half': 33.71909132517388, 'gpp_af': 1.4498445474033743, 'gpp_b': 0.0007040113316769033, 'gpp_d': 25.017068255320467, 'ign_k': 0.04732407125181112, 'ign_c': 0.13670484737132343, 'trop_agb_crit': 10.719494362768906, 'trop_k_veg': 0.977663002683211, 'fuel_k': 3.6992394681929355, 'fuel_half': 81.87941582538087}.
