[I 2026-06-10 21:46:25,161] Trial 1147 finished with values: [10.743753459474172, 10.743753459474172] and parameters: {'k1': 0.017276056747028225, 'D_low': 1739.6167422846984, 'k2': 0.0011135501184757278, 'D_high': 44974.07193749848, 'fire_exp': 3.2459542834651627, 'P_half': 10.94496366796197, 'pre_dampen_half': 4.603480758878793, 'gpp_af': 0.19566052191165012, 'gpp_b': 0.00047819318414852577, 'gpp_d': 95.2715755007094, 'ign_k': 0.02779045054796808, 'ign_c': 2.2489542843914485, 'trop_agb_crit': 3.5874145253515306, 'trop_k_veg': 0.828441460847982, 'fire_amp': 1.2393473789150806}.
[I 2026-06-10 21:46:27,134] Trial 1148 finished with values: [10.243981067343391, 10.243981067343391] and parameters: {'k1': 0.012840669372724958, 'D_low': 24.28756508761176, 'k2': 0.0002442377596403892, 'D_high': 8912.611835817017, 'fire_exp': 2.4022781627753544, 'P_half': 51.10120656497163, 'pre_dampen_half': 37.40930273158252, 'gpp_af': 0.00474057962703787, 'gpp_b': 0.0004125336560355494, 'gpp_d': 20.81401325574021, 'ign_k': 0.0029519227433917453, 'ign_c': 14.709699119495124, 'trop_agb_crit': 5.199423440889516, 'trop_k_veg': 0.7917397338359289, 'fire_amp': 1.2784745553082768}.
[I 2026-06-10 21:46:29,124] Trial 1149 finished with values: [10.512375428269356, 10.512375428269356] and parameters: {'k1': 0.012840669372724958, 'D_low': 1739.6167422846984, 'k2': 0.06064466313438521, 'D_high': 44974.07193749848, 'fire_exp': 1.2918065501148304, 'P_half': 61.6097529474144, 'pre_dampen_half': 4.603480758878793, 'gpp_af': 0.016306190741524337, 'gpp_b': 0.0004125336560355494, 'gpp_d': 0.7698760608299932, 'ign_k': 0.0029519227433917453, 'ign_c': 1.9423015749984096, 'trop_agb_crit': 2.0527418919564324, 'trop_k_veg': 0.6488368931910606, 'fire_amp': 1.2393473789150806}.
[I 2026-06-10 21:46:31,073] Trial 1150 finished with values: [10.660276930438505, 10.660276930438505] and parameters: {'k1': 0.012840669372724958, 'D_low': 24.28756508761176, 'k2': 0.02939607009739149, 'D_high': 44974.07193749848, 'fire_exp': 1.2918065501148304, 'P_half': 101.40635645866499, 'pre_dampen_half': 177.77752569573363, 'gpp_af': 0.00474057962703787, 'gpp_b': 0.16285506249643175, 'gpp_d': 95.2715755007094, 'ign_k': 0.0029519227433917453, 'ign_c': 14.709699119495124, 'trop_agb_crit': 2.0527418919564324, 'trop_k_veg': 2.520089655463604, 'fire_amp': 2.818314238665462}.
[I 2026-06-10 21:46:32,936] Trial 1151 finished with values: [10.82366849227952, 10.82366849227952] and parameters: {'k1': 0.012840669372724958, 'D_low': 171.2446447678494, 'k2': 0.01567230746060024, 'D_high': 44974.07193749848, 'fire_exp': 3.2459542834651627, 'P_half': 101.40635645866499, 'pre_dampen_half': 22.136639199454336, 'gpp_af': 1.7775411110039254, 'gpp_b': 0.16285506249643175, 'gpp_d': 0.4690202496211708, 'ign_k': 0.0029519227433917453, 'ign_c': 2.2489542843914485, 'trop_agb_crit': 3.5874145253515306, 'trop_k_veg': 0.828441460847982, 'fire_amp': 2.818314238665462}.
[I 2026-06-10 21:46:34,920] Trial 1152 finished with values: [-0.5048771377259091, 0.014282089226285155] and parameters: {'k1': 0.016973078532467004, 'D_low': 24.28756508761176, 'k2': 2.091507303847255e-05, 'D_high': 8912.611835817017, 'fire_exp': 1.6901885781909627, 'P_half': 101.40635645866499, 'pre_dampen_half': 1.8469033699850426, 'gpp_af': 1.7775411110039254, 'gpp_b': 0.015062722325200045, 'gpp_d': 20.81401325574021, 'ign_k': 0.17320535908244444, 'ign_c': 1.1698039424426816, 'trop_agb_crit': 4.8179978195501425, 'trop_k_veg': 0.6488368931910606, 'fire_amp': 5.416595007374148}.
[I 2026-06-10 21:46:36,800] Trial 1153 finished with values: [11.176401904277322, 11.176401904277322] and parameters: {'k1': 0.012840669372724958, 'D_low': 43.2326421037033, 'k2': 0.0011135501184757278, 'D_high': 42210.21267871043, 'fire_exp': 1.2918065501148304, 'P_half': 61.6097529474144, 'pre_dampen_half': 4.603480758878793, 'gpp_af': 0.016306190741524337, 'gpp_b': 0.00047819318414852577, 'gpp_d': 0.7698760608299932, 'ign_k': 0.8945150807271531, 'ign_c': 1.9423015749984096, 'trop_agb_crit': 2.0527418919564324, 'trop_k_veg': 2.520089655463604, 'fire_amp': 1.2393473789150806}.
[I 2026-06-10 21:46:38,812] Trial 1154 finished with values: [10.904323600408874, 10.904323600408874] and parameters: {'k1': 0.012840669372724958, 'D_low': 24.28756508761176, 'k2': 0.0002442377596403892, 'D_high': 10994.090116844662, 'fire_exp': 1.7505406131449859, 'P_half': 182.00694976756813, 'pre_dampen_half': 37.40930273158252, 'gpp_af': 0.013816526035853764, 'gpp_b': 0.00047819318414852577, 'gpp_d': 20.81401325574021, 'ign_k': 0.02779045054796808, 'ign_c': 2.226297338331262, 'trop_agb_crit': 4.057211365759544, 'trop_k_veg': 2.520089655463604, 'fire_amp': 1.2784745553082768}.
[I 2026-06-10 21:46:40,713] Trial 1155 finished with values: [10.826924028299612, 10.826924028299612] and parameters: {'k1': 0.012840669372724958, 'D_low': 171.2446447678494, 'k2': 0.0002442377596403892, 'D_high': 8912.611835817017, 'fire_exp': 1.6901885781909627, 'P_half': 51.10120656497163, 'pre_dampen_half': 1.8469033699850426, 'gpp_af': 0.00474057962703787, 'gpp_b': 0.05719024141066792, 'gpp_d': 20.81401325574021, 'ign_k': 0.0029519227433917453, 'ign_c': 14.709699119495124, 'trop_agb_crit': 24.199763404822136, 'trop_k_veg': 5.453348988480011, 'fire_amp': 5.416595007374148}.
[I 2026-06-10 21:46:42,726] Trial 1156 finished with values: [10.306760519968304, 10.306760519968304] and parameters: {'k1': 0.004420612468360113, 'D_low': 24.28756508761176, 'k2': 0.0011135501184757278, 'D_high': 8912.611835817017, 'fire_exp': 1.6901885781909627, 'P_half': 51.10120656497163, 'pre_dampen_half': 4.603480758878793, 'gpp_af': 20.12115544906385, 'gpp_b': 0.05719024141066792, 'gpp_d': 20.81401325574021, 'ign_k': 0.0029519227433917453, 'ign_c': 14.709699119495124, 'trop_agb_crit': 24.199763404822136, 'trop_k_veg': 2.520089655463604, 'fire_amp': 1.2393473789150806}.
[I 2026-06-10 21:46:44,967] Trial 1157 finished with values: [10.56992448447614, 10.56992448447614] and parameters: {'k1': 0.017276056747028225, 'D_low': 1739.6167422846984, 'k2': 0.02939607009739149, 'D_high': 44974.07193749848, 'fire_exp': 3.2459542834651627, 'P_half': 9.580682294110435, 'pre_dampen_half': 4.603480758878793, 'gpp_af': 1.7775411110039254, 'gpp_b': 0.16285506249643175, 'gpp_d': 95.2715755007094, 'ign_k': 3.6309591863459096, 'ign_c': 1.1698039424426816, 'trop_agb_crit': 3.5874145253515306, 'trop_k_veg': 0.6488368931910606, 'fire_amp': 2.818314238665462}.
[I 2026-06-10 21:46:47,751] Trial 1158 finished with values: [11.13874189509335, 11.13874189509335] and parameters: {'k1': 0.006079905434073396, 'D_low': 235.39834531862078, 'k2': 4.933751600448335e-05, 'D_high': 154.95079374286178, 'fire_exp': 1.7505406131449859, 'P_half': 182.00694976756813, 'pre_dampen_half': 30.456909077772018, 'gpp_af': 0.013816526035853764, 'gpp_b': 0.00047819318414852577, 'gpp_d': 594.7389794988394, 'ign_k': 0.8945150807271531, 'ign_c': 2.226297338331262, 'trop_agb_crit': 8.0091368834625, 'trop_k_veg': 0.9916584379003145, 'fire_amp': 4.2446263054164195}.
[I 2026-06-10 21:46:50,014] Trial 1159 finished with values: [12.285355859728153, 12.285355859728153] and parameters: {'k1': 0.0031213520322039886, 'D_low': 171.2446447678494, 'k2': 0.0002442377596403892, 'D_high': 42210.21267871043, 'fire_exp': 1.2918065501148304, 'P_half': 10.94496366796197, 'pre_dampen_half': 37.40930273158252, 'gpp_af': 0.002790115363936195, 'gpp_b': 0.0004125336560355494, 'gpp_d': 0.7698760608299932, 'ign_k': 0.0029519227433917453, 'ign_c': 1.9423015749984096, 'trop_agb_crit': 2.0527418919564324, 'trop_k_veg': 0.828441460847982, 'fire_amp': 1.2784745553082768}.
[I 2026-06-10 21:46:52,846] Trial 1160 finished with values: [10.603121523737835, 10.603121523737835] and parameters: {'k1': 0.012840669372724958, 'D_low': 24.28756508761176, 'k2': 0.0011135501184757278, 'D_high': 154.95079374286178, 'fire_exp': 1.2918065501148304, 'P_half': 182.00694976756813, 'pre_dampen_half': 4.603480758878793, 'gpp_af': 0.013816526035853764, 'gpp_b': 0.002416023630607169, 'gpp_d': 21.899070557043984, 'ign_k': 0.0029519227433917453, 'ign_c': 2.226297338331262, 'trop_agb_crit': 1.8023542850487386, 'trop_k_veg': 1.6648666152166967, 'fire_amp': 1.2393473789150806}.
[I 2026-06-10 21:46:54,973] Trial 1161 finished with values: [24.917244209967567, 24.917244209967567] and parameters: {'k1': 0.004016926345849037, 'D_low': 24.28756508761176, 'k2': 0.0011135501184757278, 'D_high': 8912.611835817017, 'fire_exp': 1.2918065501148304, 'P_half': 51.10120656497163, 'pre_dampen_half': 98.05638874011484, 'gpp_af': 0.00474057962703787, 'gpp_b': 0.0004125336560355494, 'gpp_d': 462.98471849924937, 'ign_k': 0.0029519227433917453, 'ign_c': 2.2489542843914485, 'trop_agb_crit': 6.392474544595698, 'trop_k_veg': 2.520089655463604, 'fire_amp': 2.818314238665462}.
[I 2026-06-10 21:46:56,979] Trial 1162 finished with values: [10.426911534071273, 10.426911534071273] and parameters: {'k1': 0.017276056747028225, 'D_low': 43.2326421037033, 'k2': 0.0011135501184757278, 'D_high': 42210.21267871043, 'fire_exp': 3.2459542834651627, 'P_half': 157.3644610977214, 'pre_dampen_half': 4.603480758878793, 'gpp_af': 0.016306190741524337, 'gpp_b': 0.00047819318414852577, 'gpp_d': 0.7698760608299932, 'ign_k': 3.6309591863459096, 'ign_c': 16.497426799845446, 'trop_agb_crit': 3.5874145253515306, 'trop_k_veg': 0.6488368931910606, 'fire_amp': 2.818314238665462}.
[I 2026-06-10 21:46:59,150] Trial 1163 finished with values: [17.491492088997607, 17.491492088997607] and parameters: {'k1': 0.012840669372724958, 'D_low': 171.2446447678494, 'k2': 8.968733598183248e-05, 'D_high': 42210.21267871043, 'fire_exp': 1.154178834478323, 'P_half': 61.6097529474144, 'pre_dampen_half': 189.88136301569827, 'gpp_af': 0.016306190741524337, 'gpp_b': 0.0004125336560355494, 'gpp_d': 0.7698760608299932, 'ign_k': 0.00660597889201953, 'ign_c': 0.12495886031183844, 'trop_agb_crit': 2.0527418919564324, 'trop_k_veg': 2.520089655463604, 'fire_amp': 1.2393473789150806}.
[I 2026-06-10 21:47:01,321] Trial 1164 finished with values: [10.436249193090127, 10.436249193090127] and parameters: {'k1': 0.012840669372724958, 'D_low': 171.2446447678494, 'k2': 0.0011135501184757278, 'D_high': 42210.21267871043, 'fire_exp': 1.2918065501148304, 'P_half': 157.3644610977214, 'pre_dampen_half': 4.603480758878793, 'gpp_af': 0.016306190741524337, 'gpp_b': 0.00047819318414852577, 'gpp_d': 0.7698760608299932, 'ign_k': 0.8945150807271531, 'ign_c': 16.497426799845446, 'trop_agb_crit': 3.285141446715206, 'trop_k_veg': 2.520089655463604, 'fire_amp': 2.5049818122677205}.
[I 2026-06-10 21:47:03,189] Trial 1165 finished with values: [10.013722773103456, 10.013722773103456] and parameters: {'k1': 0.012840669372724958, 'D_low': 171.2446447678494, 'k2': 0.0011135501184757278, 'D_high': 42210.21267871043, 'fire_exp': 1.2918065501148304, 'P_half': 51.10120656497163, 'pre_dampen_half': 4.603480758878793, 'gpp_af': 0.00474057962703787, 'gpp_b': 0.0004125336560355494, 'gpp_d': 0.7698760608299932, 'ign_k': 0.0029519227433917453, 'ign_c': 14.709699119495124, 'trop_agb_crit': 2.0527418919564324, 'trop_k_veg': 0.828441460847982, 'fire_amp': 1.2393473789150806}.
[I 2026-06-10 21:47:05,077] Trial 1166 finished with values: [10.832389430646638, 10.832389430646638] and parameters: {'k1': 0.05705198955850472, 'D_low': 235.39834531862078, 'k2': 8.968733598183248e-05, 'D_high': 42210.21267871043, 'fire_exp': 4.164740583255681, 'P_half': 1.4551749476072258, 'pre_dampen_half': 98.05638874011484, 'gpp_af': 0.016306190741524337, 'gpp_b': 0.16285506249643175, 'gpp_d': 17.82401184029455, 'ign_k': 3.6309591863459096, 'ign_c': 2.226297338331262, 'trop_agb_crit': 15.529444569149527, 'trop_k_veg': 1.7862815715443634, 'fire_amp': 4.2446263054164195}.
[I 2026-06-10 21:47:07,352] Trial 1167 finished with values: [10.537489686832055, 10.537489686832055] and parameters: {'k1': 0.012840669372724958, 'D_low': 24.28756508761176, 'k2': 0.0011135501184757278, 'D_high': 16.137130466116883, 'fire_exp': 1.2918065501148304, 'P_half': 51.10120656497163, 'pre_dampen_half': 4.603480758878793, 'gpp_af': 0.00474057962703787, 'gpp_b': 0.0004125336560355494, 'gpp_d': 20.81401325574021, 'ign_k': 0.0029519227433917453, 'ign_c': 14.709699119495124, 'trop_agb_crit': 2.0527418919564324, 'trop_k_veg': 2.520089655463604, 'fire_amp': 1.2393473789150806}.
[I 2026-06-10 21:47:10,650] Trial 1168 finished with values: [10.803327021830578, 10.803327021830578] and parameters: {'k1': 0.006079905434073396, 'D_low': 1739.6167422846984, 'k2': 4.933751600448335e-05, 'D_high': 42.242359735170886, 'fire_exp': 3.2459542834651627, 'P_half': 157.3644610977214, 'pre_dampen_half': 98.05638874011484, 'gpp_af': 1.9998014714101113, 'gpp_b': 0.16285506249643175, 'gpp_d': 594.7389794988394, 'ign_k': 3.6309591863459096, 'ign_c': 2.2489542843914485, 'trop_agb_crit': 3.5874145253515306, 'trop_k_veg': 0.9923523017201868, 'fire_amp': 1.5587346124822492}.
[I 2026-06-10 21:47:12,830] Trial 1169 finished with values: [10.758713501580653, 10.758713501580653] and parameters: {'k1': 0.012840669372724958, 'D_low': 171.2446447678494, 'k2': 0.0011135501184757278, 'D_high': 42210.21267871043, 'fire_exp': 6.113335061497508, 'P_half': 9.580682294110435, 'pre_dampen_half': 189.88136301569827, 'gpp_af': 0.016306190741524337, 'gpp_b': 0.0004125336560355494, 'gpp_d': 0.7698760608299932, 'ign_k': 0.0029519227433917453, 'ign_c': 1.9423015749984096, 'trop_agb_crit': 1.9835297677785664, 'trop_k_veg': 2.520089655463604, 'fire_amp': 1.2393473789150806}.
[I 2026-06-10 21:47:15,072] Trial 1170 finished with values: [-0.5118845893454601, 0.023687513979358643] and parameters: {'k1': 0.00010826381820576977, 'D_low': 171.2446447678494, 'k2': 0.0002442377596403892, 'D_high': 42.242359735170886, 'fire_exp': 1.2918065501148304, 'P_half': 157.3644610977214, 'pre_dampen_half': 37.40930273158252, 'gpp_af': 1.9998014714101113, 'gpp_b': 0.00047819318414852577, 'gpp_d': 20.81401325574021, 'ign_k': 0.8945150807271531, 'ign_c': 16.497426799845446, 'trop_agb_crit': 8.0091368834625, 'trop_k_veg': 1.6003641872536711, 'fire_amp': 1.2393473789150806}.
[I 2026-06-10 21:47:17,016] Trial 1171 finished with values: [10.803685380002527, 10.803685380002527] and parameters: {'k1': 0.012840669372724958, 'D_low': 4.558536260712559, 'k2': 0.0002442377596403892, 'D_high': 209.34387533543727, 'fire_exp': 2.4022781627753544, 'P_half': 1064.1577757607392, 'pre_dampen_half': 37.40930273158252, 'gpp_af': 0.002790115363936195, 'gpp_b': 0.00047819318414852577, 'gpp_d': 20.81401325574021, 'ign_k': 0.02779045054796808, 'ign_c': 1.9423015749984096, 'trop_agb_crit': 24.199763404822136, 'trop_k_veg': 2.520089655463604, 'fire_amp': 1.2784745553082768}.
[I 2026-06-10 21:47:19,295] Trial 1172 finished with values: [-0.3126882353802195, 0.010567357363649221] and parameters: {'k1': 0.017276056747028225, 'D_low': 1739.6167422846984, 'k2': 0.02939607009739149, 'D_high': 44974.07193749848, 'fire_exp': 3.2459542834651627, 'P_half': 101.40635645866499, 'pre_dampen_half': 98.05638874011484, 'gpp_af': 1.7775411110039254, 'gpp_b': 0.16285506249643175, 'gpp_d': 95.2715755007094, 'ign_k': 3.6309591863459096, 'ign_c': 2.2489542843914485, 'trop_agb_crit': 3.5874145253515306, 'trop_k_veg': 0.6488368931910606, 'fire_amp': 2.818314238665462}.
[I 2026-06-10 21:47:21,436] Trial 1173 finished with values: [10.208301586432396, 10.208301586432396] and parameters: {'k1': 0.012840669372724958, 'D_low': 24.28756508761176, 'k2': 0.0002442377596403892, 'D_high': 10994.090116844662, 'fire_exp': 2.4022781627753544, 'P_half': 157.3644610977214, 'pre_dampen_half': 37.40930273158252, 'gpp_af': 1.9998014714101113, 'gpp_b': 0.00047819318414852577, 'gpp_d': 20.81401325574021, 'ign_k': 0.02779045054796808, 'ign_c': 1.9423015749984096, 'trop_agb_crit': 24.199763404822136, 'trop_k_veg': 1.6003641872536711, 'fire_amp': 1.5587346124822492}.
[I 2026-06-10 21:47:23,731] Trial 1174 finished with values: [10.785652657307532, 10.785652657307532] and parameters: {'k1': 0.006079905434073396, 'D_low': 43.2326421037033, 'k2': 4.933751600448335e-05, 'D_high': 42.242359735170886, 'fire_exp': 3.2459542834651627, 'P_half': 157.3644610977214, 'pre_dampen_half': 37.40930273158252, 'gpp_af': 1.9998014714101113, 'gpp_b': 0.16285506249643175, 'gpp_d': 594.7389794988394, 'ign_k': 0.8945150807271531, 'ign_c': 16.497426799845446, 'trop_agb_crit': 3.5874145253515306, 'trop_k_veg': 2.1104394500982346, 'fire_amp': 1.5587346124822492}.
[I 2026-06-10 21:47:25,593] Trial 1175 finished with values: [10.479066580716657, 10.479066580716657] and parameters: {'k1': 0.012840669372724958, 'D_low': 24.28756508761176, 'k2': 0.0011135501184757278, 'D_high': 65.99713709692433, 'fire_exp': 1.2918065501148304, 'P_half': 51.10120656497163, 'pre_dampen_half': 4.603480758878793, 'gpp_af': 0.00474057962703787, 'gpp_b': 0.0004125336560355494, 'gpp_d': 20.81401325574021, 'ign_k': 3.2457892131111143, 'ign_c': 14.709699119495124, 'trop_agb_crit': 2.0527418919564324, 'trop_k_veg': 2.520089655463604, 'fire_amp': 1.2393473789150806}.
[I 2026-06-10 21:47:27,663] Trial 1176 finished with values: [10.83225864371563, 10.83225864371563] and parameters: {'k1': 0.017276056747028225, 'D_low': 3298.583025790192, 'k2': 0.01567230746060024, 'D_high': 8912.611835817017, 'fire_exp': 1.2918065501148304, 'P_half': 101.40635645866499, 'pre_dampen_half': 4.603480758878793, 'gpp_af': 0.00474057962703787, 'gpp_b': 0.16285506249643175, 'gpp_d': 462.98471849924937, 'ign_k': 3.6309591863459096, 'ign_c': 2.2489542843914485, 'trop_agb_crit': 2.0527418919564324, 'trop_k_veg': 2.520089655463604, 'fire_amp': 2.818314238665462}.
[I 2026-06-10 21:47:30,112] Trial 1177 finished with values: [10.534544255820022, 10.534544255820022] and parameters: {'k1': 0.016973078532467004, 'D_low': 1739.6167422846984, 'k2': 0.02939607009739149, 'D_high': 44974.07193749848, 'fire_exp': 3.2459542834651627, 'P_half': 9.580682294110435, 'pre_dampen_half': 1.8469033699850426, 'gpp_af': 1.7775411110039254, 'gpp_b': 0.16285506249643175, 'gpp_d': 95.2715755007094, 'ign_k': 3.6309591863459096, 'ign_c': 2.2489542843914485, 'trop_agb_crit': 24.199763404822136, 'trop_k_veg': 5.453348988480011, 'fire_amp': 5.416595007374148}.
[I 2026-06-10 21:47:33,595] Trial 1178 finished with values: [10.487672341204352, 10.487672341204352] and parameters: {'k1': 0.03036083420277184, 'D_low': 171.2446447678494, 'k2': 0.0011135501184757278, 'D_high': 42210.21267871043, 'fire_exp': 1.7329906173157859, 'P_half': 9.580682294110435, 'pre_dampen_half': 4.603480758878793, 'gpp_af': 0.00474057962703787, 'gpp_b': 0.0004125336560355494, 'gpp_d': 0.7698760608299932, 'ign_k': 0.0029519227433917453, 'ign_c': 1.9423015749984096, 'trop_agb_crit': 2.0527418919564324, 'trop_k_veg': 1.7470941745648625, 'fire_amp': 1.0480572377435322}.
[I 2026-06-10 21:47:36,100] Trial 1179 finished with values: [10.022462084125205, 10.022462084125205] and parameters: {'k1': 0.012840669372724958, 'D_low': 24.28756508761176, 'k2': 0.0011135501184757278, 'D_high': 42210.21267871043, 'fire_exp': 1.2918065501148304, 'P_half': 157.3644610977214, 'pre_dampen_half': 4.603480758878793, 'gpp_af': 0.016306190741524337, 'gpp_b': 0.0004125336560355494, 'gpp_d': 20.81401325574021, 'ign_k': 0.8945150807271531, 'ign_c': 14.709699119495124, 'trop_agb_crit': 3.285141446715206, 'trop_k_veg': 0.828441460847982, 'fire_amp': 1.2393473789150806}.
[I 2026-06-10 21:47:38,748] Trial 1180 finished with values: [10.52711895002089, 10.52711895002089] and parameters: {'k1': 0.08006837661379566, 'D_low': 171.2446447678494, 'k2': 1.1417577140741129e-05, 'D_high': 42210.21267871043, 'fire_exp': 1.4690410989404576, 'P_half': 61.6097529474144, 'pre_dampen_half': 4.603480758878793, 'gpp_af': 0.8057329182285734, 'gpp_b': 0.006999112505425414, 'gpp_d': 0.7698760608299932, 'ign_k': 0.0029519227433917453, 'ign_c': 2.226297338331262, 'trop_agb_crit': 8.188098178380693, 'trop_k_veg': 0.6618107836658104, 'fire_amp': 1.2393473789150806}.
[I 2026-06-10 21:47:40,996] Trial 1181 finished with values: [10.831725813628399, 10.831725813628399] and parameters: {'k1': 0.016973078532467004, 'D_low': 171.2446447678494, 'k2': 8.968733598183248e-05, 'D_high': 42210.21267871043, 'fire_exp': 1.2918065501148304, 'P_half': 61.6097529474144, 'pre_dampen_half': 4.603480758878793, 'gpp_af': 0.016306190741524337, 'gpp_b': 0.0004125336560355494, 'gpp_d': 20.81401325574021, 'ign_k': 0.00660597889201953, 'ign_c': 870.8806168038552, 'trop_agb_crit': 2.0527418919564324, 'trop_k_veg': 0.6363741063482814, 'fire_amp': 1.2393473789150806}.
[I 2026-06-10 21:47:42,876] Trial 1182 finished with values: [10.833244221061335, 10.833244221061335] and parameters: {'k1': 0.016973078532467004, 'D_low': 24.28756508761176, 'k2': 0.0002442377596403892, 'D_high': 8912.611835817017, 'fire_exp': 2.4022781627753544, 'P_half': 9.580682294110435, 'pre_dampen_half': 37.40930273158252, 'gpp_af': 0.00474057962703787, 'gpp_b': 0.42862239421208276, 'gpp_d': 20.81401325574021, 'ign_k': 0.0029519227433917453, 'ign_c': 14.709699119495124, 'trop_agb_crit': 24.199763404822136, 'trop_k_veg': 2.520089655463604, 'fire_amp': 5.416595007374148}.
[I 2026-06-10 21:47:44,894] Trial 1183 finished with values: [10.827170092007488, 10.827170092007488] and parameters: {'k1': 0.0008779848797373387, 'D_low': 171.2446447678494, 'k2': 0.0011135501184757278, 'D_high': 12.843094700513468, 'fire_exp': 1.2918065501148304, 'P_half': 51.10120656497163, 'pre_dampen_half': 0.021184731123199272, 'gpp_af': 0.00474057962703787, 'gpp_b': 0.0004125336560355494, 'gpp_d': 20.81401325574021, 'ign_k': 0.00660597889201953, 'ign_c': 14.709699119495124, 'trop_agb_crit': 2.0527418919564324, 'trop_k_veg': 2.520089655463604, 'fire_amp': 1.2393473789150806}.
