[I 2026-08-14 14:20:05,890] Trial 633 finished with values: [-0.426121627039704, 0.019471372245361662] and parameters: {'k1': 0.0012329098365270509, 'D_low': 34433.405211547644, 'k2': 1.854837679096716e-05, 'D_high': 1620420.329328003, 'fire_exp': 1.6214575867079866, 'P_half': 6.658322706867178, 'pre_dampen_half': 502.5175192217655, 'gpp_af': 0.34902252478382495, 'gpp_b': 0.03103333227753725, 'gpp_d': 2.292633983096564, 'ign_k': 0.0680787482656459, 'ign_c': 15.221840161091626, 'trop_agb_crit': 13.98132484257899, 'trop_k_veg': 1.0540721475196824, 'fuel_k': 0.28630931797361614, 'fuel_half': 52.00581729114123}.
[I 2026-08-14 14:20:07,959] Trial 634 finished with values: [-0.3554625854118624, 0.0] and parameters: {'k1': 0.0010204225357677778, 'D_low': 9.222492453004657, 'k2': 0.0009670857606743155, 'D_high': 1217.3883613532487, 'fire_exp': 4.487053621524983, 'P_half': 1212.4080603355412, 'pre_dampen_half': 0.03411860497758073, 'gpp_af': 0.008983355849178878, 'gpp_b': 0.23395511097933275, 'gpp_d': 3.0023172465753074, 'ign_k': 0.45671670623352345, 'ign_c': 5.486676498816058, 'trop_agb_crit': 2.3118820898020997, 'trop_k_veg': 3.715819581962784, 'fuel_k': 5.486054129200969, 'fuel_half': 8.115041565366717}.
[I 2026-08-14 14:20:09,820] Trial 635 finished with values: [-0.43187601336532555, 0.0027835867486588617] and parameters: {'k1': 0.0010204225357677778, 'D_low': 4.043300846639722, 'k2': 0.00010939944910100016, 'D_high': 592515.5667350343, 'fire_exp': 1.7973831035976209, 'P_half': 1938.3858782150498, 'pre_dampen_half': 0.10609580257119508, 'gpp_af': 0.16983565276584273, 'gpp_b': 3.228689523591491e-05, 'gpp_d': 2.292633983096564, 'ign_k': 0.03141110271934876, 'ign_c': 3.0378658251922155, 'trop_agb_crit': 13.98132484257899, 'trop_k_veg': 7.260694958828215, 'fuel_k': 5.486054129200969, 'fuel_half': 0.30455368715396786}.
[I 2026-08-14 14:20:12,012] Trial 636 finished with values: [-0.4034320881991259, 0.002908229833409437] and parameters: {'k1': 0.00040091494283268605, 'D_low': 2.0349553327469425, 'k2': 0.0009670857606743155, 'D_high': 316055.11434645514, 'fire_exp': 1.182396148413737, 'P_half': 220.3445560633069, 'pre_dampen_half': 39.37581228093823, 'gpp_af': 0.030592049838223532, 'gpp_b': 0.015382154459808445, 'gpp_d': 432.4033972449838, 'ign_k': 0.04380580767905655, 'ign_c': 105.24574681335613, 'trop_agb_crit': 2.3118820898020997, 'trop_k_veg': 2.417028380770307, 'fuel_k': 0.011892598727815663, 'fuel_half': 0.3995528014939306}.
[I 2026-08-14 14:20:13,865] Trial 637 finished with values: [-0.38888581123568544, 3.839667572780314e-08] and parameters: {'k1': 0.0012329098365270509, 'D_low': 14787.382840410779, 'k2': 1.854837679096716e-05, 'D_high': 316055.11434645514, 'fire_exp': 1.7164931785633317, 'P_half': 7683.876502998063, 'pre_dampen_half': 0.0195172246414495, 'gpp_af': 0.0023751383317256927, 'gpp_b': 3.228689523591491e-05, 'gpp_d': 2.292633983096564, 'ign_k': 0.04380580767905655, 'ign_c': 105.24574681335613, 'trop_agb_crit': 2.3118820898020997, 'trop_k_veg': 2.8224577471047865, 'fuel_k': 0.021123235354472927, 'fuel_half': 0.14319038307687884}.
[I 2026-08-14 14:20:15,766] Trial 638 finished with values: [-0.4000046426805068, 2.6981944715176454e-05] and parameters: {'k1': 0.07573282902008706, 'D_low': 3507.515213502105, 'k2': 1.854837679096716e-05, 'D_high': 160625.60954780428, 'fire_exp': 4.487053621524983, 'P_half': 1212.4080603355412, 'pre_dampen_half': 0.03333029838740256, 'gpp_af': 0.008983355849178878, 'gpp_b': 1.3862179439161665e-05, 'gpp_d': 0.9921551226341601, 'ign_k': 0.47081597932501906, 'ign_c': 0.18316165443932733, 'trop_agb_crit': 2.3118820898020997, 'trop_k_veg': 3.715819581962784, 'fuel_k': 5.486054129200969, 'fuel_half': 8.115041565366717}.
[I 2026-08-14 14:20:17,634] Trial 639 finished with values: [-0.38272296239938786, 9.230453068553857e-10] and parameters: {'k1': 1.0477226564098276e-05, 'D_low': 367.4904945305323, 'k2': 1.3243445838637965e-05, 'D_high': 16.752866684650684, 'fire_exp': 1.6733848721157607, 'P_half': 48.464976792190825, 'pre_dampen_half': 0.03333029838740256, 'gpp_af': 0.005782026351795939, 'gpp_b': 2.788681037423117, 'gpp_d': 285.57196407381804, 'ign_k': 0.04380580767905655, 'ign_c': 0.1254144753902608, 'trop_agb_crit': 2.1775224101934065, 'trop_k_veg': 0.6921865222804094, 'fuel_k': 1.6630228777630973, 'fuel_half': 3.7093134348291836}.
[I 2026-08-14 14:20:19,498] Trial 640 finished with values: [-0.3978756744587998, 1.3554719124897474e-08] and parameters: {'k1': 0.0024005553432620355, 'D_low': 105.0448464633852, 'k2': 0.0009670857606743155, 'D_high': 316055.11434645514, 'fire_exp': 1.6214575867079866, 'P_half': 9331.125028918148, 'pre_dampen_half': 0.10609580257119508, 'gpp_af': 0.008983355849178878, 'gpp_b': 1.1728753685919104, 'gpp_d': 0.08139347272614299, 'ign_k': 0.567034633562729, 'ign_c': 0.7464754881442118, 'trop_agb_crit': 3.8524922362032497, 'trop_k_veg': 1.7570501127699654, 'fuel_k': 0.5588539902953054, 'fuel_half': 12.136386887218588}.
[I 2026-08-14 14:20:21,428] Trial 641 finished with values: [-0.4097212913818574, 8.860793977438775e-06] and parameters: {'k1': 0.05554169083020911, 'D_low': 105.0448464633852, 'k2': 0.0009670857606743155, 'D_high': 316055.11434645514, 'fire_exp': 1.6214575867079866, 'P_half': 9331.125028918148, 'pre_dampen_half': 0.03411860497758073, 'gpp_af': 0.34902252478382495, 'gpp_b': 0.03103333227753725, 'gpp_d': 0.08139347272614299, 'ign_k': 0.567034633562729, 'ign_c': 0.19678273362633986, 'trop_agb_crit': 3.8524922362032497, 'trop_k_veg': 1.7570501127699654, 'fuel_k': 0.5588539902953054, 'fuel_half': 60.39526675016393}.
[I 2026-08-14 14:20:23,301] Trial 642 finished with values: [-0.40829157074308275, 3.6067828413921532e-06] and parameters: {'k1': 1.0477226564098276e-05, 'D_low': 9.222492453004657, 'k2': 1.3243445838637965e-05, 'D_high': 16.752866684650684, 'fire_exp': 1.182396148413737, 'P_half': 7683.876502998063, 'pre_dampen_half': 0.0195172246414495, 'gpp_af': 0.0023751383317256927, 'gpp_b': 0.01736771891291939, 'gpp_d': 285.57196407381804, 'ign_k': 0.04380580767905655, 'ign_c': 0.1254144753902608, 'trop_agb_crit': 17.530135633155123, 'trop_k_veg': 0.6921865222804094, 'fuel_k': 0.06382243375381637, 'fuel_half': 12.136386887218588}.
[I 2026-08-14 14:20:25,140] Trial 643 finished with values: [-0.37184960502906134, 2.006617094707508e-11] and parameters: {'k1': 0.0004688858519834985, 'D_low': 367.4904945305323, 'k2': 1.263794633808287e-05, 'D_high': 44.39648242927527, 'fire_exp': 1.2429193829348841, 'P_half': 48.464976792190825, 'pre_dampen_half': 0.011501973785501987, 'gpp_af': 0.0023751383317256927, 'gpp_b': 2.788681037423117, 'gpp_d': 8.144272585223819, 'ign_k': 0.04380580767905655, 'ign_c': 105.24574681335613, 'trop_agb_crit': 5.881906289439389, 'trop_k_veg': 2.8224577471047865, 'fuel_k': 0.06382243375381637, 'fuel_half': 3.7093134348291836}.
[I 2026-08-14 14:20:26,946] Trial 644 finished with values: [-0.35545732429322624, 0.0] and parameters: {'k1': 1.0477226564098276e-05, 'D_low': 9.222492453004657, 'k2': 1.3243445838637965e-05, 'D_high': 39079.671568228776, 'fire_exp': 1.6733848721157607, 'P_half': 1938.3858782150498, 'pre_dampen_half': 0.043181981126981975, 'gpp_af': 0.0023751383317256927, 'gpp_b': 2.788681037423117, 'gpp_d': 285.57196407381804, 'ign_k': 0.04380580767905655, 'ign_c': 15.221840161091626, 'trop_agb_crit': 2.1775224101934065, 'trop_k_veg': 0.6921865222804094, 'fuel_k': 0.5400268568058665, 'fuel_half': 12.136386887218588}.
[I 2026-08-14 14:20:28,839] Trial 645 finished with values: [-0.37851052898434656, 6.621846404541998e-10] and parameters: {'k1': 6.069662445477729e-05, 'D_low': 2.0349553327469425, 'k2': 2.5299503921303695e-05, 'D_high': 15766.91474499966, 'fire_exp': 1.7973831035976209, 'P_half': 9331.125028918148, 'pre_dampen_half': 0.03426913908389044, 'gpp_af': 0.16983565276584273, 'gpp_b': 1.1728753685919104, 'gpp_d': 0.08139347272614299, 'ign_k': 0.03141110271934876, 'ign_c': 3.0378658251922155, 'trop_agb_crit': 15.53776736258787, 'trop_k_veg': 0.6401570224141748, 'fuel_k': 0.029111707920759254, 'fuel_half': 12.136386887218588}.
[I 2026-08-14 14:20:30,740] Trial 646 finished with values: [-0.4128619117312661, 0.0002696136339669364] and parameters: {'k1': 0.0024005553432620355, 'D_low': 2.0349553327469425, 'k2': 0.00010939944910100016, 'D_high': 38111.59226078823, 'fire_exp': 2.1589564941849333, 'P_half': 1212.4080603355412, 'pre_dampen_half': 0.03333029838740256, 'gpp_af': 0.008983355849178878, 'gpp_b': 0.00012906175696809457, 'gpp_d': 3.0023172465753074, 'ign_k': 0.567034633562729, 'ign_c': 5.486676498816058, 'trop_agb_crit': 2.3118820898020997, 'trop_k_veg': 4.844706510617515, 'fuel_k': 1.6630228777630973, 'fuel_half': 8.115041565366717}.
[I 2026-08-14 14:20:33,042] Trial 647 finished with values: [-0.4298447415257649, 0.0045633892343666105] and parameters: {'k1': 0.0010204225357677778, 'D_low': 9.222492453004657, 'k2': 0.00010939944910100016, 'D_high': 160625.60954780428, 'fire_exp': 1.2465639280699068, 'P_half': 351.2704726270846, 'pre_dampen_half': 0.03411860497758073, 'gpp_af': 5.975195267844334, 'gpp_b': 0.23395511097933275, 'gpp_d': 3.0023172465753074, 'ign_k': 0.567034633562729, 'ign_c': 3.0378658251922155, 'trop_agb_crit': 2.3118820898020997, 'trop_k_veg': 3.715819581962784, 'fuel_k': 5.486054129200969, 'fuel_half': 8.115041565366717}.
[I 2026-08-14 14:20:34,894] Trial 648 finished with values: [-0.3740404770506292, 2.1069512801119572e-10] and parameters: {'k1': 6.069662445477729e-05, 'D_low': 2.607160725470918, 'k2': 2.5299503921303695e-05, 'D_high': 316055.11434645514, 'fire_exp': 2.1589564941849333, 'P_half': 539.5442811888478, 'pre_dampen_half': 0.022695682239207024, 'gpp_af': 0.03934396739328546, 'gpp_b': 1.1728753685919104, 'gpp_d': 0.01307253094873642, 'ign_k': 0.567034633562729, 'ign_c': 0.13229646467088635, 'trop_agb_crit': 2.3118820898020997, 'trop_k_veg': 2.417028380770307, 'fuel_k': 0.5588539902953054, 'fuel_half': 42.89592532297351}.
[I 2026-08-14 14:20:36,750] Trial 649 finished with values: [-0.40740876397570663, 5.29205790744669e-07] and parameters: {'k1': 1.0477226564098276e-05, 'D_low': 3507.515213502105, 'k2': 1.3243445838637965e-05, 'D_high': 625838.668783032, 'fire_exp': 1.6733848721157607, 'P_half': 351.2704726270846, 'pre_dampen_half': 0.03333029838740256, 'gpp_af': 0.0023751383317256927, 'gpp_b': 0.07311344697279921, 'gpp_d': 3.0023172465753074, 'ign_k': 0.04380580767905655, 'ign_c': 0.1254144753902608, 'trop_agb_crit': 13.365572767895445, 'trop_k_veg': 0.7124466718584425, 'fuel_k': 1.6630228777630973, 'fuel_half': 12.136386887218588}.
[I 2026-08-14 14:20:38,726] Trial 650 finished with values: [-0.3645572514358223, 0.0] and parameters: {'k1': 0.0012329098365270509, 'D_low': 9.222492453004657, 'k2': 0.0005708731724249573, 'D_high': 160625.60954780428, 'fire_exp': 3.27790247797386, 'P_half': 65.33684593224972, 'pre_dampen_half': 0.03411860497758073, 'gpp_af': 0.0025511964576171086, 'gpp_b': 0.23395511097933275, 'gpp_d': 2.292633983096564, 'ign_k': 0.04380580767905655, 'ign_c': 3.0378658251922155, 'trop_agb_crit': 5.273338791937182, 'trop_k_veg': 3.715819581962784, 'fuel_k': 5.486054129200969, 'fuel_half': 8.115041565366717}.
[I 2026-08-14 14:20:40,713] Trial 651 finished with values: [-0.4144959120620467, 0.0004018260779442562] and parameters: {'k1': 0.00014888230597983555, 'D_low': 1.7887890916820506, 'k2': 0.020149789847008874, 'D_high': 39079.671568228776, 'fire_exp': 1.6214575867079866, 'P_half': 1440.3650379563878, 'pre_dampen_half': 0.10609580257119508, 'gpp_af': 6.940121430516967, 'gpp_b': 2.788681037423117, 'gpp_d': 34.70266988650411, 'ign_k': 0.567034633562729, 'ign_c': 0.18316165443932733, 'trop_agb_crit': 13.98132484257899, 'trop_k_veg': 2.8224577471047865, 'fuel_k': 0.02496045629458217, 'fuel_half': 0.35498788321965025}.
[I 2026-08-14 14:20:43,355] Trial 652 finished with values: [-0.4194043653201086, 0.0020005924912886996] and parameters: {'k1': 0.00014888230597983555, 'D_low': 93.75345303884801, 'k2': 0.08636422432723088, 'D_high': 39079.671568228776, 'fire_exp': 1.6214575867079866, 'P_half': 351.2704726270846, 'pre_dampen_half': 0.043181981126981975, 'gpp_af': 6.940121430516967, 'gpp_b': 0.03103333227753725, 'gpp_d': 34.70266988650411, 'ign_k': 0.0012087541473056963, 'ign_c': 0.3296550135838091, 'trop_agb_crit': 2.3118820898020997, 'trop_k_veg': 0.9008485225328876, 'fuel_k': 1.772261104101594, 'fuel_half': 0.30455368715396786}.
[I 2026-08-14 14:20:45,973] Trial 653 finished with values: [-0.3913105732852993, 1.7147570974263004e-07] and parameters: {'k1': 5.325873749322162e-05, 'D_low': 35.16392386455341, 'k2': 1.4363112408604443e-05, 'D_high': 316055.11434645514, 'fire_exp': 6.053800259876899, 'P_half': 1938.3858782150498, 'pre_dampen_half': 0.03411860497758073, 'gpp_af': 0.34902252478382495, 'gpp_b': 0.015382154459808445, 'gpp_d': 3.0023172465753074, 'ign_k': 0.567034633562729, 'ign_c': 3.0378658251922155, 'trop_agb_crit': 15.53776736258787, 'trop_k_veg': 3.1061628445647007, 'fuel_k': 0.013421538374693755, 'fuel_half': 0.30455368715396786}.
[I 2026-08-14 14:20:48,024] Trial 654 finished with values: [-0.40498130910793984, 1.9149174201871233e-07] and parameters: {'k1': 6.069662445477729e-05, 'D_low': 2.0349553327469425, 'k2': 1.3243445838637965e-05, 'D_high': 12.862664853393753, 'fire_exp': 1.2429193829348841, 'P_half': 1212.4080603355412, 'pre_dampen_half': 0.043181981126981975, 'gpp_af': 0.0023751383317256927, 'gpp_b': 0.9407903301838397, 'gpp_d': 700.6693992445935, 'ign_k': 0.567034633562729, 'ign_c': 0.21947742689197342, 'trop_agb_crit': 20.205002815711154, 'trop_k_veg': 2.1816482703680733, 'fuel_k': 1.6630228777630973, 'fuel_half': 12.136386887218588}.
[I 2026-08-14 14:20:49,955] Trial 655 finished with values: [-0.3945826318113886, 2.572486990093381e-08] and parameters: {'k1': 1.0477226564098276e-05, 'D_low': 9.222492453004657, 'k2': 0.00010939944910100016, 'D_high': 16.752866684650684, 'fire_exp': 1.6733848721157607, 'P_half': 1535.1441568398143, 'pre_dampen_half': 0.03333029838740256, 'gpp_af': 0.0023751383317256927, 'gpp_b': 0.07311344697279921, 'gpp_d': 285.57196407381804, 'ign_k': 0.04380580767905655, 'ign_c': 0.1254144753902608, 'trop_agb_crit': 2.1775224101934065, 'trop_k_veg': 0.6921865222804094, 'fuel_k': 5.486054129200969, 'fuel_half': 12.136386887218588}.
[I 2026-08-14 14:20:51,842] Trial 656 finished with values: [-0.406270760770298, 1.875749849256092e-05] and parameters: {'k1': 0.0012329098365270509, 'D_low': 126.11058927054879, 'k2': 1.854837679096716e-05, 'D_high': 316055.11434645514, 'fire_exp': 1.075051292556307, 'P_half': 3910.3637457741784, 'pre_dampen_half': 0.15144408538724474, 'gpp_af': 0.008983355849178878, 'gpp_b': 2.788681037423117, 'gpp_d': 34.97224310873812, 'ign_k': 0.31014294272127446, 'ign_c': 0.4213183643253957, 'trop_agb_crit': 1.8730954962803803, 'trop_k_veg': 0.6189606672462583, 'fuel_k': 1.6630228777630973, 'fuel_half': 0.30455368715396786}.
[I 2026-08-14 14:20:54,071] Trial 657 finished with values: [-0.42303578842332384, 0.0003797335796220658] and parameters: {'k1': 1.0477226564098276e-05, 'D_low': 367.4904945305323, 'k2': 1.3243445838637965e-05, 'D_high': 316055.11434645514, 'fire_exp': 1.182396148413737, 'P_half': 48.464976792190825, 'pre_dampen_half': 0.03333029838740256, 'gpp_af': 0.005782026351795939, 'gpp_b': 3.228689523591491e-05, 'gpp_d': 0.015163585438685893, 'ign_k': 0.04380580767905655, 'ign_c': 105.24574681335613, 'trop_agb_crit': 2.3118820898020997, 'trop_k_veg': 0.6921865222804094, 'fuel_k': 1.6630228777630973, 'fuel_half': 0.14319038307687884}.
[I 2026-08-14 14:20:55,901] Trial 658 finished with values: [-0.3856143473969272, 1.1939389477078066e-09] and parameters: {'k1': 0.00016312233285809254, 'D_low': 367.4904945305323, 'k2': 1.263794633808287e-05, 'D_high': 16.752866684650684, 'fire_exp': 1.6733848721157607, 'P_half': 48.464976792190825, 'pre_dampen_half': 0.03333029838740256, 'gpp_af': 0.005782026351795939, 'gpp_b': 2.788681037423117, 'gpp_d': 285.57196407381804, 'ign_k': 0.04380580767905655, 'ign_c': 0.1254144753902608, 'trop_agb_crit': 2.447085645036977, 'trop_k_veg': 0.6189606672462583, 'fuel_k': 0.06382243375381637, 'fuel_half': 0.30455368715396786}.
[I 2026-08-14 14:20:57,820] Trial 659 finished with values: [-0.46301823939032055, 0.008568795976051202] and parameters: {'k1': 0.07573282902008706, 'D_low': 4.043300846639722, 'k2': 0.0005708731724249573, 'D_high': 625838.668783032, 'fire_exp': 1.7973831035976209, 'P_half': 65.33684593224972, 'pre_dampen_half': 0.03333029838740256, 'gpp_af': 0.008983355849178878, 'gpp_b': 0.00024732964314480056, 'gpp_d': 314.6826989726468, 'ign_k': 0.31014294272127446, 'ign_c': 3.0378658251922155, 'trop_agb_crit': 5.273338791937182, 'trop_k_veg': 4.844706510617515, 'fuel_k': 1.6630228777630973, 'fuel_half': 10.013658413533488}.
[I 2026-08-14 14:20:59,654] Trial 660 finished with values: [-0.3964765972160685, 8.835148102015467e-08] and parameters: {'k1': 0.05554169083020911, 'D_low': 1.7887890916820506, 'k2': 1.854837679096716e-05, 'D_high': 316055.11434645514, 'fire_exp': 1.6214575867079866, 'P_half': 351.2704726270846, 'pre_dampen_half': 0.03411860497758073, 'gpp_af': 0.008983355849178878, 'gpp_b': 2.788681037423117, 'gpp_d': 3.0023172465753074, 'ign_k': 0.567034633562729, 'ign_c': 0.18316165443932733, 'trop_agb_crit': 1.7813653882411722, 'trop_k_veg': 3.715819581962784, 'fuel_k': 1.772261104101594, 'fuel_half': 3.7093134348291836}.
[I 2026-08-14 14:21:01,944] Trial 661 finished with values: [-0.4666453030800094, 0.01871754337338205] and parameters: {'k1': 0.05554169083020911, 'D_low': 3735.16768760467, 'k2': 1.915468390724633e-05, 'D_high': 316055.11434645514, 'fire_exp': 1.6214575867079866, 'P_half': 351.2704726270846, 'pre_dampen_half': 0.03411860497758073, 'gpp_af': 0.34902252478382495, 'gpp_b': 6.0327793441162e-05, 'gpp_d': 3.0023172465753074, 'ign_k': 0.567034633562729, 'ign_c': 14.935213816355384, 'trop_agb_crit': 2.3118820898020997, 'trop_k_veg': 2.8224577471047865, 'fuel_k': 1.772261104101594, 'fuel_half': 0.3995528014939306}.
[I 2026-08-14 14:21:03,822] Trial 662 finished with values: [-0.40814649721220286, 5.3626980233145716e-06] and parameters: {'k1': 1.0477226564098276e-05, 'D_low': 9.222492453004657, 'k2': 1.3243445838637965e-05, 'D_high': 16.752866684650684, 'fire_exp': 1.6733848721157607, 'P_half': 1535.1441568398143, 'pre_dampen_half': 0.03333029838740256, 'gpp_af': 0.06319490093197187, 'gpp_b': 0.07311344697279921, 'gpp_d': 285.57196407381804, 'ign_k': 0.04380580767905655, 'ign_c': 0.1254144753902608, 'trop_agb_crit': 2.1775224101934065, 'trop_k_veg': 0.6921865222804094, 'fuel_k': 1.6630228777630973, 'fuel_half': 12.136386887218588}.
[I 2026-08-14 14:21:05,686] Trial 663 finished with values: [-0.41843015367793734, 0.00011361700615331038] and parameters: {'k1': 6.069662445477729e-05, 'D_low': 2.607160725470918, 'k2': 0.0005708731724249573, 'D_high': 316055.11434645514, 'fire_exp': 1.223609236884634, 'P_half': 5595.401979134827, 'pre_dampen_half': 0.15144408538724474, 'gpp_af': 0.03934396739328546, 'gpp_b': 0.021028749338578137, 'gpp_d': 0.01307253094873642, 'ign_k': 0.567034633562729, 'ign_c': 0.13229646467088635, 'trop_agb_crit': 2.3118820898020997, 'trop_k_veg': 2.417028380770307, 'fuel_k': 0.5588539902953054, 'fuel_half': 10.013658413533488}.
[I 2026-08-14 14:21:07,599] Trial 664 finished with values: [-0.4059945636175111, 8.248509695274464e-07] and parameters: {'k1': 0.0012329098365270509, 'D_low': 4.043300846639722, 'k2': 1.263794633808287e-05, 'D_high': 680.9980431188127, 'fire_exp': 1.7973831035976209, 'P_half': 1938.3858782150498, 'pre_dampen_half': 0.9658453324337261, 'gpp_af': 0.008983355849178878, 'gpp_b': 0.00012906175696809457, 'gpp_d': 5.1227685768715014, 'ign_k': 0.04380580767905655, 'ign_c': 105.24574681335613, 'trop_agb_crit': 2.3118820898020997, 'trop_k_veg': 3.1061628445647007, 'fuel_k': 0.06382243375381637, 'fuel_half': 0.30455368715396786}.
[I 2026-08-14 14:21:09,578] Trial 665 finished with values: [-0.3847304530885932, 2.949731570112135e-09] and parameters: {'k1': 0.0004688858519834985, 'D_low': 14787.382840410779, 'k2': 1.263794633808287e-05, 'D_high': 1826.6972566585878, 'fire_exp': 1.2429193829348841, 'P_half': 3910.3637457741784, 'pre_dampen_half': 0.10609580257119508, 'gpp_af': 0.0023751383317256927, 'gpp_b': 2.788681037423117, 'gpp_d': 0.012284844784580964, 'ign_k': 0.567034633562729, 'ign_c': 0.18316165443932733, 'trop_agb_crit': 4.576910054440526, 'trop_k_veg': 2.8224577471047865, 'fuel_k': 0.06382243375381637, 'fuel_half': 3.7093134348291836}.
[I 2026-08-14 14:21:11,804] Trial 666 finished with values: [-0.39998883427091064, 7.593449068421521e-07] and parameters: {'k1': 6.069662445477729e-05, 'D_low': 2.607160725470918, 'k2': 1.854837679096716e-05, 'D_high': 160625.60954780428, 'fire_exp': 3.9865235442286613, 'P_half': 1938.3858782150498, 'pre_dampen_half': 0.03627422119926134, 'gpp_af': 0.34902252478382495, 'gpp_b': 0.03103333227753725, 'gpp_d': 3.0023172465753074, 'ign_k': 0.03141110271934876, 'ign_c': 3.0378658251922155, 'trop_agb_crit': 13.365572767895445, 'trop_k_veg': 3.4508425771776365, 'fuel_k': 1.6460650207153917, 'fuel_half': 0.30455368715396786}.
[I 2026-08-14 14:21:13,781] Trial 667 finished with values: [-0.417879705993298, 0.00017284281494189813] and parameters: {'k1': 0.0012329098365270509, 'D_low': 4.043300846639722, 'k2': 1.263794633808287e-05, 'D_high': 316055.11434645514, 'fire_exp': 1.6214575867079866, 'P_half': 351.2704726270846, 'pre_dampen_half': 0.37306104754535907, 'gpp_af': 0.34902252478382495, 'gpp_b': 3.228689523591491e-05, 'gpp_d': 2.292633983096564, 'ign_k': 0.04380580767905655, 'ign_c': 105.24574681335613, 'trop_agb_crit': 13.98132484257899, 'trop_k_veg': 1.7428926895756525, 'fuel_k': 0.06382243375381637, 'fuel_half': 0.14319038307687884}.
