[I 2026-07-24 02:07:13,582] Trial 160 finished with value: 0.4235495326424792 and parameters: {'k1': 1.6019549399923945e-05, 'D_low': 209.3781090301466, 'k2': 0.09210732508386212, 'D_high': 8099227.62180428, 'fire_exp': 1.7705920215462714, 'P_half': 4.184440012274775, 'pre_dampen_half': 149.00334553997428, 'gpp_af': 0.3149872630022474, 'gpp_b': 0.0028352176040477048, 'gpp_d': 96.32414565886997, 'ign_k': 0.029833167453678904, 'ign_c': 19.69028975355832, 'trop_agb_crit': 19.2706470828149, 'trop_k_veg': 1.828207670636489, 'gdp_gamma': 0.8087771396364982, 'fuel_k': 0.04221972019985604, 'fuel_half': 27.948481186579336}. Best is trial 0 with value: -0.6086958580586874.
[I 2026-07-24 02:07:14,014] Trial 161 finished with value: 0.5001406783053 and parameters: {'k1': 0.07849357045341021, 'D_low': 38088.52193712264, 'k2': 0.007783745003848555, 'D_high': 1149539.18130242, 'fire_exp': 1.2969764478318568, 'P_half': 3.9423181213679754, 'pre_dampen_half': 2.2249353236262848, 'gpp_af': 5.315708737404067, 'gpp_b': 0.0014312137219524388, 'gpp_d': 467.81689179178886, 'ign_k': 0.0012001574684328395, 'ign_c': 4.2410398788898975, 'trop_agb_crit': 17.982191707558407, 'trop_k_veg': 0.7273879528238516, 'gdp_gamma': 0.33870137960185825, 'fuel_k': 0.8294977537245617, 'fuel_half': 9.338878820445844}. Best is trial 0 with value: -0.6086958580586874.
[I 2026-07-24 02:07:14,443] Trial 162 finished with value: 0.5676993165741466 and parameters: {'k1': 1.029039205415326e-05, 'D_low': 42.3536416322841, 'k2': 0.0019966491552815594, 'D_high': 2819278.981720671, 'fire_exp': 1.4524338541042063, 'P_half': 2.3731675600173183, 'pre_dampen_half': 93.17208274181567, 'gpp_af': 0.0012460805839731317, 'gpp_b': 0.0021072406283514865, 'gpp_d': 316.7505693331286, 'ign_k': 0.01074929889126169, 'ign_c': 60.087775137848816, 'trop_agb_crit': 11.05386202158804, 'trop_k_veg': 0.5901262441657714, 'gdp_gamma': 0.9294748986700434, 'fuel_k': 0.04204189520786462, 'fuel_half': 20.52839167965168}. Best is trial 0 with value: -0.6086958580586874.
[I 2026-07-24 02:07:14,873] Trial 163 finished with value: 0.6279657070288822 and parameters: {'k1': 0.0003462830191951853, 'D_low': 1739.5188258798419, 'k2': 0.037287360457065266, 'D_high': 1237950.5567596639, 'fire_exp': 3.11498165562384, 'P_half': 8.091285758770082, 'pre_dampen_half': 309.25876083575963, 'gpp_af': 0.002892626419696458, 'gpp_b': 0.018253425043313662, 'gpp_d': 91.1330190393963, 'ign_k': 0.3255914243335653, 'ign_c': 6.51627761632837, 'trop_agb_crit': 20.071295883911922, 'trop_k_veg': 0.815194487349623, 'gdp_gamma': 0.7122112226176668, 'fuel_k': 0.21914705483042268, 'fuel_half': 30.31815896877904}. Best is trial 0 with value: -0.6086958580586874.
[I 2026-07-24 02:07:15,303] Trial 164 finished with value: 0.6445374145881376 and parameters: {'k1': 0.03358385580683912, 'D_low': 174655.14684286353, 'k2': 0.0027137136788385613, 'D_high': 115066.58111349308, 'fire_exp': 1.5780011444727864, 'P_half': 8.923565841473117, 'pre_dampen_half': 111.91495646513822, 'gpp_af': 0.711756610373003, 'gpp_b': 0.013271209409374131, 'gpp_d': 22.540122413251126, 'ign_k': 0.0037686759374405314, 'ign_c': 1.880271252498763, 'trop_agb_crit': 11.325707235340758, 'trop_k_veg': 2.095683767221638, 'gdp_gamma': 0.012890294663864151, 'fuel_k': 0.010293045639885003, 'fuel_half': 28.10961782864261}. Best is trial 0 with value: -0.6086958580586874.
[I 2026-07-24 02:07:15,737] Trial 165 finished with value: 0.491206286255396 and parameters: {'k1': 0.036234703753770886, 'D_low': 8157.666049562243, 'k2': 1.2276549314291015e-05, 'D_high': 2809555.2451818134, 'fire_exp': 1.1209155522805956, 'P_half': 19.302895479207674, 'pre_dampen_half': 312.55070793800064, 'gpp_af': 4.279940909369951, 'gpp_b': 0.021888908299972643, 'gpp_d': 166.88591299582842, 'ign_k': 0.006873865989860962, 'ign_c': 9.517359906382723, 'trop_agb_crit': 6.500049413403837, 'trop_k_veg': 1.1287060229603576, 'gdp_gamma': 0.39852050301047837, 'fuel_k': 0.06980561273314967, 'fuel_half': 0.9920801811918528}. Best is trial 0 with value: -0.6086958580586874.
[I 2026-07-24 02:07:16,170] Trial 166 finished with value: 0.6445374145881376 and parameters: {'k1': 0.014445001479585502, 'D_low': 564290.4281168529, 'k2': 0.0009736929785604279, 'D_high': 319711.1638019963, 'fire_exp': 1.3014481674634988, 'P_half': 4.47759192491094, 'pre_dampen_half': 118.37775909319313, 'gpp_af': 0.16258658575334906, 'gpp_b': 0.01751161966672099, 'gpp_d': 267.51429622941765, 'ign_k': 0.00110271368683557, 'ign_c': 64.1356368115766, 'trop_agb_crit': 9.821068576843086, 'trop_k_veg': 0.8061079346825365, 'gdp_gamma': 0.23517115443821995, 'fuel_k': 0.0976946323758172, 'fuel_half': 3.9691744390404993}. Best is trial 0 with value: -0.6086958580586874.
[I 2026-07-24 02:07:16,602] Trial 167 finished with value: 0.6445374145881376 and parameters: {'k1': 0.0004571215046935937, 'D_low': 29.220074431628003, 'k2': 0.0032898136539417297, 'D_high': 4173.942255009801, 'fire_exp': 3.4013629176652014, 'P_half': 1.5337723137412609, 'pre_dampen_half': 46.994291057236694, 'gpp_af': 0.012775573318631646, 'gpp_b': 1.984741087726118e-05, 'gpp_d': 0.9972363038260857, 'ign_k': 0.4006203812693351, 'ign_c': 116.78678878367711, 'trop_agb_crit': 19.213774030278945, 'trop_k_veg': 1.521091629625756, 'gdp_gamma': 1.9738065864460415, 'fuel_k': 0.37036486250335315, 'fuel_half': 97.72144133742822}. Best is trial 0 with value: -0.6086958580586874.
[I 2026-07-24 02:07:17,029] Trial 168 finished with value: 0.5100474121034446 and parameters: {'k1': 0.09609466359446393, 'D_low': 319.3087216831148, 'k2': 0.017512048894516682, 'D_high': 511510.3074314933, 'fire_exp': 1.2467630301231345, 'P_half': 65.55235694567443, 'pre_dampen_half': 1.567000462717801, 'gpp_af': 0.5280621203893529, 'gpp_b': 0.028433230840477525, 'gpp_d': 26.48935332156406, 'ign_k': 0.005489968968245979, 'ign_c': 9.675329471923789, 'trop_agb_crit': 19.680734827696803, 'trop_k_veg': 0.8200556506581395, 'gdp_gamma': 0.029848662353952424, 'fuel_k': 0.12457977148811565, 'fuel_half': 52.67048914024116}. Best is trial 0 with value: -0.6086958580586874.
[I 2026-07-24 02:07:17,455] Trial 169 finished with value: 0.5321059361249525 and parameters: {'k1': 0.0920500771987235, 'D_low': 1250.9247612948875, 'k2': 0.00019462769997936644, 'D_high': 247515.6164675012, 'fire_exp': 1.1475979487289856, 'P_half': 1.1130628503302877, 'pre_dampen_half': 916.7046592298, 'gpp_af': 0.06471834550806771, 'gpp_b': 0.09981411731457951, 'gpp_d': 390.460529177388, 'ign_k': 0.040177556127675214, 'ign_c': 2.1283828581004207, 'trop_agb_crit': 29.830320923125896, 'trop_k_veg': 1.4347678498633627, 'gdp_gamma': 0.00720400021463841, 'fuel_k': 0.03626784408554934, 'fuel_half': 26.878950976744584}. Best is trial 0 with value: -0.6086958580586874.
[I 2026-07-24 02:07:17,882] Trial 170 finished with value: 0.578649257089401 and parameters: {'k1': 0.0002498455234758514, 'D_low': 2.917848659448434, 'k2': 0.028546420329379957, 'D_high': 649344.9035874422, 'fire_exp': 3.9748641612802182, 'P_half': 168.9949567312209, 'pre_dampen_half': 4.278573949933457, 'gpp_af': 5.48850976918721, 'gpp_b': 0.00026722463104428024, 'gpp_d': 1.0904231851030526, 'ign_k': 0.19865203893667419, 'ign_c': 0.5759009494261642, 'trop_agb_crit': 11.959947636013796, 'trop_k_veg': 1.3070662664558894, 'gdp_gamma': 0.003973366607149941, 'fuel_k': 1.1496859775540758, 'fuel_half': 0.23675521310015735}. Best is trial 0 with value: -0.6086958580586874.
[I 2026-07-24 02:07:18,313] Trial 171 finished with value: 0.5352282309387502 and parameters: {'k1': 0.0019382527514878016, 'D_low': 80120.0463595824, 'k2': 0.0022488194161698464, 'D_high': 439352.8793924174, 'fire_exp': 1.0108759728632162, 'P_half': 10.904211428490207, 'pre_dampen_half': 32.40102163629344, 'gpp_af': 5.158506989426069, 'gpp_b': 0.0009529880412647212, 'gpp_d': 995.612192768232, 'ign_k': 0.0016526062213474341, 'ign_c': 3.082053908600713, 'trop_agb_crit': 6.284880133843515, 'trop_k_veg': 0.5631209418855492, 'gdp_gamma': 0.08970818571733902, 'fuel_k': 0.05625329819932411, 'fuel_half': 15.06566794065813}. Best is trial 0 with value: -0.6086958580586874.
[I 2026-07-24 02:07:18,742] Trial 172 finished with value: -0.5520237522777534 and parameters: {'k1': 0.03138665050004895, 'D_low': 13575.454497672752, 'k2': 0.0004800618733005702, 'D_high': 161987.5016185593, 'fire_exp': 1.3670682615440202, 'P_half': 2.7039485546556494, 'pre_dampen_half': 49.987014006088714, 'gpp_af': 0.23797144021769964, 'gpp_b': 0.0012907685153478131, 'gpp_d': 18.716652774209464, 'ign_k': 0.03581921736092668, 'ign_c': 2.837617800571329, 'trop_agb_crit': 17.993974985514235, 'trop_k_veg': 1.480776284030458, 'gdp_gamma': 0.24172513222943245, 'fuel_k': 0.05239013863064701, 'fuel_half': 26.33349551956159}. Best is trial 0 with value: -0.6086958580586874.
[I 2026-07-24 02:07:19,170] Trial 173 finished with value: 0.4934384842356925 and parameters: {'k1': 0.04373140582317951, 'D_low': 9269.488744486936, 'k2': 0.002354253456136373, 'D_high': 33857.56956425749, 'fire_exp': 1.134133586651565, 'P_half': 1.513430382229299, 'pre_dampen_half': 11.550555712445577, 'gpp_af': 0.07529375766265023, 'gpp_b': 0.0005253964281962175, 'gpp_d': 46.57291827368414, 'ign_k': 0.004514448667696871, 'ign_c': 0.7381509800062779, 'trop_agb_crit': 13.191756439556016, 'trop_k_veg': 1.583469507083407, 'gdp_gamma': 0.3024465169167852, 'fuel_k': 0.07282410499313388, 'fuel_half': 68.71769125877891}. Best is trial 0 with value: -0.6086958580586874.
[I 2026-07-24 02:07:19,618] Trial 174 finished with value: 0.4299920122290535 and parameters: {'k1': 0.0001245464100846469, 'D_low': 1.1165828119582053, 'k2': 0.000686738689016728, 'D_high': 3602772.8408678756, 'fire_exp': 8.614590628639819, 'P_half': 42.16245379146404, 'pre_dampen_half': 18.939707825846796, 'gpp_af': 0.0023077569013460423, 'gpp_b': 1.2060702053068816e-05, 'gpp_d': 14.92733875027156, 'ign_k': 0.4220329097063262, 'ign_c': 1.5340759325101312, 'trop_agb_crit': 17.016403272725864, 'trop_k_veg': 1.3901074395685524, 'gdp_gamma': 0.005261099107034101, 'fuel_k': 3.7319669824016737, 'fuel_half': 0.7476204286188386}. Best is trial 0 with value: -0.6086958580586874.
[I 2026-07-24 02:07:20,085] Trial 175 finished with value: 0.43764824233345334 and parameters: {'k1': 0.031182803125222484, 'D_low': 4160.001351681997, 'k2': 0.0004731207718248742, 'D_high': 182435.39076513617, 'fire_exp': 1.4526168994997848, 'P_half': 5.541379181134635, 'pre_dampen_half': 2.3441567607339544, 'gpp_af': 0.14391452181923695, 'gpp_b': 0.008192342020902677, 'gpp_d': 5.71078678815782, 'ign_k': 0.001176358502289543, 'ign_c': 4.024346570962942, 'trop_agb_crit': 24.71691605907111, 'trop_k_veg': 1.5674854444774036, 'gdp_gamma': 0.4467666732754179, 'fuel_k': 0.06996049097451303, 'fuel_half': 0.9653082670186495}. Best is trial 0 with value: -0.6086958580586874.
[I 2026-07-24 02:07:20,517] Trial 176 finished with value: 0.6243404938969159 and parameters: {'k1': 0.04719962796070528, 'D_low': 46373.4224376757, 'k2': 7.23848576846064e-05, 'D_high': 41144.01581143545, 'fire_exp': 1.7447352994341303, 'P_half': 4.354176913886076, 'pre_dampen_half': 109.81928444408145, 'gpp_af': 1.7023625256314594, 'gpp_b': 0.00019878401304273093, 'gpp_d': 52.518458641259606, 'ign_k': 0.2697555147877781, 'ign_c': 1.5738468177271765, 'trop_agb_crit': 9.600387916274348, 'trop_k_veg': 1.769247884442796, 'gdp_gamma': 0.23115322712098568, 'fuel_k': 0.013884675561970747, 'fuel_half': 6.130435293904192}. Best is trial 0 with value: -0.6086958580586874.
[I 2026-07-24 02:07:20,953] Trial 177 finished with value: 0.5420279817716438 and parameters: {'k1': 0.03208528400012471, 'D_low': 1168.4536730639222, 'k2': 0.024797442482520863, 'D_high': 616691.1163214318, 'fire_exp': 1.354446361623392, 'P_half': 5.992190733887803, 'pre_dampen_half': 0.5996348940156297, 'gpp_af': 13.566731776859891, 'gpp_b': 0.0013563891592425403, 'gpp_d': 6.718937819092231, 'ign_k': 0.0020632757812460655, 'ign_c': 0.6717890974476254, 'trop_agb_crit': 5.071264164388633, 'trop_k_veg': 0.6150314776707627, 'gdp_gamma': 0.04399288085730225, 'fuel_k': 0.15370241472137192, 'fuel_half': 19.562774733714942}. Best is trial 0 with value: -0.6086958580586874.
[I 2026-07-24 02:07:21,382] Trial 178 finished with value: 0.5252856998219613 and parameters: {'k1': 0.026349781611673045, 'D_low': 10325.413791943627, 'k2': 4.4771006343663546e-05, 'D_high': 1764926.4835116675, 'fire_exp': 1.002565466103215, 'P_half': 1.6957801696989696, 'pre_dampen_half': 503.12220768900477, 'gpp_af': 0.19687171828776806, 'gpp_b': 0.18779772942747183, 'gpp_d': 70.9538185874072, 'ign_k': 0.0016986631697525135, 'ign_c': 4.685334114090204, 'trop_agb_crit': 21.454887281786707, 'trop_k_veg': 0.890149634507135, 'gdp_gamma': 0.24971783613678292, 'fuel_k': 0.047216084713884096, 'fuel_half': 24.867049517573527}. Best is trial 0 with value: -0.6086958580586874.
[I 2026-07-24 02:07:21,815] Trial 179 finished with value: -0.5429664776187973 and parameters: {'k1': 0.033916090409955205, 'D_low': 107.49906556760145, 'k2': 0.06903976612794381, 'D_high': 8596282.088438967, 'fire_exp': 1.3494526136497627, 'P_half': 2229.4360124472028, 'pre_dampen_half': 672.5487051796896, 'gpp_af': 1.428515964714601, 'gpp_b': 6.077158622335133e-05, 'gpp_d': 25.037713966362578, 'ign_k': 0.018136839440119304, 'ign_c': 2.6045919081925852, 'trop_agb_crit': 13.197231518766163, 'trop_k_veg': 0.9310113570272386, 'gdp_gamma': 0.4417066563852366, 'fuel_k': 0.07910993386617889, 'fuel_half': 85.37045015625286}. Best is trial 0 with value: -0.6086958580586874.
[I 2026-07-24 02:07:22,242] Trial 180 finished with value: 0.47981187732320973 and parameters: {'k1': 0.00015367401153493378, 'D_low': 32.374954667441166, 'k2': 0.0547630564993966, 'D_high': 511020.4242998733, 'fire_exp': 1.7426558630403353, 'P_half': 1.89803027877971, 'pre_dampen_half': 312.39566255687606, 'gpp_af': 0.0011024820505716744, 'gpp_b': 6.65375601943884e-05, 'gpp_d': 682.2851596240594, 'ign_k': 0.0013108585650491245, 'ign_c': 89.87943157836051, 'trop_agb_crit': 19.263405243103367, 'trop_k_veg': 0.5802926730498075, 'gdp_gamma': 1.1494828582204977, 'fuel_k': 0.3518061464398642, 'fuel_half': 1.6059196677881107}. Best is trial 0 with value: -0.6086958580586874.
[I 2026-07-24 02:07:22,694] Trial 181 finished with value: 0.5868446541724474 and parameters: {'k1': 0.01339057320671705, 'D_low': 187.842036925128, 'k2': 0.014393547465855172, 'D_high': 1649255.2897692355, 'fire_exp': 1.9828805397637952, 'P_half': 8034.636517438855, 'pre_dampen_half': 205.58315235603212, 'gpp_af': 0.5580109437606354, 'gpp_b': 0.0005232386276760764, 'gpp_d': 763.5581217655139, 'ign_k': 0.03936538458185564, 'ign_c': 3.9131650738695685, 'trop_agb_crit': 21.313794863225407, 'trop_k_veg': 0.6167932325857864, 'gdp_gamma': 0.7580746114515469, 'fuel_k': 0.08839835312673133, 'fuel_half': 92.66667714964446}. Best is trial 0 with value: -0.6086958580586874.
[I 2026-07-24 02:07:23,127] Trial 182 finished with value: -0.5247226452112612 and parameters: {'k1': 0.044997946141832876, 'D_low': 31562.48154201939, 'k2': 0.0005576681546935931, 'D_high': 1584089.2315609884, 'fire_exp': 1.2176039982298386, 'P_half': 9.932459595081527, 'pre_dampen_half': 55.518268225689376, 'gpp_af': 6.398615206446928, 'gpp_b': 0.002122419699478851, 'gpp_d': 222.52939302068154, 'ign_k': 0.00336746083623256, 'ign_c': 7.469968998685342, 'trop_agb_crit': 23.392600059750652, 'trop_k_veg': 1.1319131878615951, 'gdp_gamma': 0.18428029747004604, 'fuel_k': 0.011234825034524689, 'fuel_half': 4.239949426240023}. Best is trial 0 with value: -0.6086958580586874.
[I 2026-07-24 02:07:23,568] Trial 183 finished with value: -0.46618133451795785 and parameters: {'k1': 0.001587713945522979, 'D_low': 187.0736739267776, 'k2': 0.0005139753005474102, 'D_high': 43321.02479069597, 'fire_exp': 1.088985341362309, 'P_half': 8.130418615616987, 'pre_dampen_half': 37.862199367999224, 'gpp_af': 56.085369454798396, 'gpp_b': 0.17293358856243649, 'gpp_d': 242.55224316411275, 'ign_k': 0.018324342737518262, 'ign_c': 86.35634484175937, 'trop_agb_crit': 19.484895793235125, 'trop_k_veg': 1.3879083977150057, 'gdp_gamma': 0.10911713279680778, 'fuel_k': 0.17613924710858525, 'fuel_half': 6.790939829360598}. Best is trial 0 with value: -0.6086958580586874.
[I 2026-07-24 02:07:23,995] Trial 184 finished with value: 0.4911640005789183 and parameters: {'k1': 0.007503994057598575, 'D_low': 11891.38301435791, 'k2': 0.0014744237520915107, 'D_high': 89041.54121153502, 'fire_exp': 1.154078995785754, 'P_half': 8.097333085869264, 'pre_dampen_half': 355.87447188095126, 'gpp_af': 80.62118376737327, 'gpp_b': 0.033182705261320125, 'gpp_d': 56.1565985992675, 'ign_k': 0.0027398383616244605, 'ign_c': 6.220303407777862, 'trop_agb_crit': 25.28137476885861, 'trop_k_veg': 0.6735492003986204, 'gdp_gamma': 0.5797884074611677, 'fuel_k': 0.10511567845273727, 'fuel_half': 5.249280213434447}. Best is trial 0 with value: -0.6086958580586874.
[I 2026-07-24 02:07:24,438] Trial 185 finished with value: 0.580695015855512 and parameters: {'k1': 0.0026947849197345233, 'D_low': 133189.13226291392, 'k2': 0.00011248322606003103, 'D_high': 8434407.076156503, 'fire_exp': 1.5844700249507861, 'P_half': 13.839284432823263, 'pre_dampen_half': 26.710840778289473, 'gpp_af': 6.8962467167233035, 'gpp_b': 5.907334177960578e-05, 'gpp_d': 103.86638417777985, 'ign_k': 0.010469606921839385, 'ign_c': 6.473379906531552, 'trop_agb_crit': 18.2445250556373, 'trop_k_veg': 1.5649959059416336, 'gdp_gamma': 0.1455809780134301, 'fuel_k': 0.024450086034388255, 'fuel_half': 0.35522484559575246}. Best is trial 0 with value: -0.6086958580586874.
[I 2026-07-24 02:07:24,875] Trial 186 finished with value: 0.5860973425573263 and parameters: {'k1': 0.0036931831416517386, 'D_low': 23.40067094336913, 'k2': 0.012662897259849652, 'D_high': 6201431.723421593, 'fire_exp': 1.7993458884717017, 'P_half': 2239.042877947023, 'pre_dampen_half': 38.082298432231774, 'gpp_af': 2.6237777516872796, 'gpp_b': 4.628804816062916e-05, 'gpp_d': 9.437118866773549, 'ign_k': 0.0017429068924948669, 'ign_c': 24.53380057884272, 'trop_agb_crit': 25.25250850339656, 'trop_k_veg': 0.7879274465311539, 'gdp_gamma': 0.3688759170376548, 'fuel_k': 0.06890995384750616, 'fuel_half': 8.216760694276694}. Best is trial 0 with value: -0.6086958580586874.
[I 2026-07-24 02:07:25,302] Trial 187 finished with value: 0.4462478523820579 and parameters: {'k1': 0.00013222327485161084, 'D_low': 22.771162434384465, 'k2': 0.05742209152169362, 'D_high': 41660.08245828393, 'fire_exp': 1.78662500583859, 'P_half': 2.0450771878196883, 'pre_dampen_half': 247.62328949725205, 'gpp_af': 0.013947152723513562, 'gpp_b': 0.001808685582863566, 'gpp_d': 20.09331526509487, 'ign_k': 0.008726857910972427, 'ign_c': 9.240097751338942, 'trop_agb_crit': 6.354441302355612, 'trop_k_veg': 0.8670632736763755, 'gdp_gamma': 1.337666166300032, 'fuel_k': 0.034794956117216835, 'fuel_half': 23.194419849516823}. Best is trial 0 with value: -0.6086958580586874.
[I 2026-07-24 02:07:25,737] Trial 188 finished with value: 0.48776243045029 and parameters: {'k1': 0.012275065690071038, 'D_low': 5919.814054743997, 'k2': 0.08410041997296556, 'D_high': 77380.3623071755, 'fire_exp': 1.4167021948284948, 'P_half': 978.9155066691899, 'pre_dampen_half': 263.79389914391766, 'gpp_af': 0.15186598095122114, 'gpp_b': 8.48841742396596e-05, 'gpp_d': 5.929256208416229, 'ign_k': 0.024834050354533913, 'ign_c': 17.425660357630168, 'trop_agb_crit': 13.75563077291552, 'trop_k_veg': 0.6858990951902665, 'gdp_gamma': 0.4055691529675002, 'fuel_k': 0.0820807063983147, 'fuel_half': 40.070631954647986}. Best is trial 0 with value: -0.6086958580586874.
[I 2026-07-24 02:07:26,181] Trial 189 finished with value: 0.5651897634093179 and parameters: {'k1': 0.06060349081465933, 'D_low': 132385.13950236418, 'k2': 0.002465322977026498, 'D_high': 1774502.8878457774, 'fire_exp': 1.1214548155416542, 'P_half': 56.32782438849807, 'pre_dampen_half': 1.8150816662158262, 'gpp_af': 1.0108271972172307, 'gpp_b': 0.009228115601247264, 'gpp_d': 281.8887557762162, 'ign_k': 0.00276575714353042, 'ign_c': 4.8486623826816695, 'trop_agb_crit': 18.610243680956664, 'trop_k_veg': 0.9768309443093874, 'gdp_gamma': 1.2866741685716543, 'fuel_k': 0.011141680763295893, 'fuel_half': 3.052985638306722}. Best is trial 0 with value: -0.6086958580586874.
[I 2026-07-24 02:07:26,613] Trial 190 finished with value: 0.5814553087160961 and parameters: {'k1': 0.06173064339961273, 'D_low': 92.20016042990717, 'k2': 0.042772237705804204, 'D_high': 855077.1748053896, 'fire_exp': 1.8377371156515356, 'P_half': 2088.0297434168133, 'pre_dampen_half': 94.50889107778723, 'gpp_af': 16.361578593455267, 'gpp_b': 1.6951343459710624e-05, 'gpp_d': 10.45519011205152, 'ign_k': 0.12421414485075216, 'ign_c': 7.064148060838292, 'trop_agb_crit': 9.064756532990835, 'trop_k_veg': 0.8705250577869617, 'gdp_gamma': 0.29867466746241556, 'fuel_k': 0.7232410369324236, 'fuel_half': 21.856512654504666}. Best is trial 0 with value: -0.6086958580586874.
[I 2026-07-24 02:07:27,042] Trial 191 finished with value: -0.6056905990668641 and parameters: {'k1': 6.717766752801885e-05, 'D_low': 10.097491638535294, 'k2': 0.0002420167522626813, 'D_high': 180642.43348506975, 'fire_exp': 1.3052303155283411, 'P_half': 4.606403370722077, 'pre_dampen_half': 10.494228823626987, 'gpp_af': 0.001991548223824238, 'gpp_b': 9.091493303004563e-05, 'gpp_d': 1.5782936615123317, 'ign_k': 0.005966144827334542, 'ign_c': 136.17268149161953, 'trop_agb_crit': 6.43366904492762, 'trop_k_veg': 1.2236340031849606, 'gdp_gamma': 0.7366241380426, 'fuel_k': 0.0915064831459966, 'fuel_half': 26.343234098804572}. Best is trial 0 with value: -0.6086958580586874.
