[I 2026-06-10 19:23:17,442] Trial 148 finished with values: [10.813214698461879, 10.813214698461879] and parameters: {'k1': 0.00031134168041628584, 'D_low': 450.9719064153485, 'k2': 0.003767022142229395, 'D_high': 69868.4759244566, 'fire_exp': 1.0601964743503993, 'P_half': 318.834644588275, 'pre_dampen_half': 0.02671457936585047, 'gpp_af': 1.9706963379095486, 'gpp_b': 0.010307896803108956, 'gpp_d': 0.12878367369717508, 'ign_k': 0.00840038491455979, 'ign_c': 48.704711413416454, 'trop_agb_crit': 2.0420012944047587, 'trop_k_veg': 0.6673124511410327, 'fire_amp': 1.4442077384959786}.
[I 2026-06-10 19:23:18,779] Trial 149 finished with values: [10.018230727131384, 10.018230727131384] and parameters: {'k1': 0.0001887567630782227, 'D_low': 37.13474360443033, 'k2': 0.018467059900514494, 'D_high': 18108.14362107968, 'fire_exp': 1.9136159174067866, 'P_half': 70.91190338709636, 'pre_dampen_half': 269.0845367054866, 'gpp_af': 5.470750401264765, 'gpp_b': 0.049565458633074926, 'gpp_d': 47.35384181058586, 'ign_k': 3.965503094323014, 'ign_c': 1.3431925993528124, 'trop_agb_crit': 6.351751286408562, 'trop_k_veg': 4.0068236274914755, 'fire_amp': 3.0602124456299986}.
[I 2026-06-10 19:23:20,190] Trial 150 finished with values: [10.821954879309521, 10.821954879309521] and parameters: {'k1': 0.00031134168041628584, 'D_low': 12.105387404469584, 'k2': 0.045914852167405346, 'D_high': 431.45617043093523, 'fire_exp': 1.41873960828944, 'P_half': 4.213183643253957, 'pre_dampen_half': 0.011396414164620812, 'gpp_af': 1.9706963379095486, 'gpp_b': 0.00807491410172472, 'gpp_d': 46.010874324515754, 'ign_k': 0.00840038491455979, 'ign_c': 48.704711413416454, 'trop_agb_crit': 12.708819454040446, 'trop_k_veg': 0.6673124511410327, 'fire_amp': 1.5180207449214471}.
[I 2026-06-10 19:23:21,498] Trial 151 finished with values: [10.571889967276093, 10.571889967276093] and parameters: {'k1': 0.00023134781612225627, 'D_low': 1.7551403048208316, 'k2': 0.0001280886335404798, 'D_high': 42210.21267871043, 'fire_exp': 1.811096651915224, 'P_half': 61.6097529474144, 'pre_dampen_half': 121.93011993958949, 'gpp_af': 0.07118041471054574, 'gpp_b': 1.4008921101492135e-05, 'gpp_d': 0.1619054449471649, 'ign_k': 0.002357279455676982, 'ign_c': 7.081721844034206, 'trop_agb_crit': 2.0527418919564324, 'trop_k_veg': 2.520089655463604, 'fire_amp': 1.5719333351012774}.
[I 2026-06-10 19:23:22,781] Trial 152 finished with values: [10.829887663986947, 10.829887663986947] and parameters: {'k1': 5.178197947282869e-05, 'D_low': 408.3047491580097, 'k2': 8.968733598183248e-05, 'D_high': 30227.031291375773, 'fire_exp': 2.3820146568432237, 'P_half': 774.5825831079144, 'pre_dampen_half': 8.259599205585761, 'gpp_af': 14.161176080022173, 'gpp_b': 1.3415796596713932e-05, 'gpp_d': 21.899070557043984, 'ign_k': 0.00660597889201953, 'ign_c': 3.4321391362415827, 'trop_agb_crit': 21.086120736447015, 'trop_k_veg': 0.5183533149347164, 'fire_amp': 1.032981306188127}.
[I 2026-06-10 19:23:24,052] Trial 153 finished with values: [10.825971562031562, 10.825971562031562] and parameters: {'k1': 5.7909642338812115e-05, 'D_low': 24.28756508761176, 'k2': 1.1417577140741129e-05, 'D_high': 29.126651668813768, 'fire_exp': 1.5315561686017187, 'P_half': 7.914423612155368, 'pre_dampen_half': 1.8469033699850426, 'gpp_af': 0.005061568304359487, 'gpp_b': 0.006999112505425414, 'gpp_d': 236.32429088389833, 'ign_k': 0.09256855841989636, 'ign_c': 13.054148118849394, 'trop_agb_crit': 1.8023542850487386, 'trop_k_veg': 1.6648666152166967, 'fire_amp': 2.042193818779288}.
[I 2026-06-10 19:23:25,304] Trial 154 finished with values: [10.74698818399217, 10.74698818399217] and parameters: {'k1': 0.05705198955850472, 'D_low': 1739.6167422846984, 'k2': 0.01567230746060024, 'D_high': 44974.07193749848, 'fire_exp': 3.2459542834651627, 'P_half': 101.40635645866499, 'pre_dampen_half': 98.05638874011484, 'gpp_af': 1.7775411110039254, 'gpp_b': 0.16285506249643175, 'gpp_d': 95.2715755007094, 'ign_k': 3.6309591863459096, 'ign_c': 2.2489542843914485, 'trop_agb_crit': 3.5874145253515306, 'trop_k_veg': 0.6488368931910606, 'fire_amp': 2.818314238665462}.
[I 2026-06-10 19:23:26,614] Trial 155 finished with values: [10.75078738589806, 10.75078738589806] and parameters: {'k1': 0.00035868164986275477, 'D_low': 12.172958098369968, 'k2': 0.02065142557895925, 'D_high': 267.3088310781672, 'fire_exp': 1.1633452995374232, 'P_half': 1265.0580856641704, 'pre_dampen_half': 1.8469033699850426, 'gpp_af': 0.41874665092828456, 'gpp_b': 2.800940363375676e-05, 'gpp_d': 1.0088237648985734, 'ign_k': 0.17320535908244444, 'ign_c': 0.4177928311636542, 'trop_agb_crit': 8.0091368834625, 'trop_k_veg': 5.453348988480011, 'fire_amp': 5.44779717154213}.
[I 2026-06-10 19:23:27,996] Trial 156 finished with values: [10.779601610194534, 10.779601610194534] and parameters: {'k1': 5.7909642338812115e-05, 'D_low': 1216.4139351417061, 'k2': 1.97778285124627e-05, 'D_high': 271.55819552829405, 'fire_exp': 1.3807440352456883, 'P_half': 45.55085098454082, 'pre_dampen_half': 2.736251365128462, 'gpp_af': 29.700320404259642, 'gpp_b': 2.4063018320720924e-05, 'gpp_d': 1.336803341156552, 'ign_k': 0.001229921046579313, 'ign_c': 99.96359851911319, 'trop_agb_crit': 2.0420012944047587, 'trop_k_veg': 6.030247256556128, 'fire_amp': 2.330529660087218}.
[I 2026-06-10 19:23:29,338] Trial 157 finished with values: [10.6782076123582, 10.6782076123582] and parameters: {'k1': 0.00035868164986275477, 'D_low': 12.172958098369968, 'k2': 1.1049703024154134e-05, 'D_high': 267.3088310781672, 'fire_exp': 1.0812994412809738, 'P_half': 157.3644610977214, 'pre_dampen_half': 562.7426550259207, 'gpp_af': 97.64961889396923, 'gpp_b': 0.027582100003239053, 'gpp_d': 14.427333163005196, 'ign_k': 0.002357279455676982, 'ign_c': 388.02797007866826, 'trop_agb_crit': 8.0091368834625, 'trop_k_veg': 2.8926781829782864, 'fire_amp': 1.8357623383234334}.
[I 2026-06-10 19:23:30,757] Trial 158 finished with values: [10.83333333328067, 10.83333333328067] and parameters: {'k1': 0.03820259936390116, 'D_low': 8832.039346746853, 'k2': 0.08661811390647982, 'D_high': 252.84086172415604, 'fire_exp': 1.264103030891254, 'P_half': 18.93453091519153, 'pre_dampen_half': 0.16974173693738634, 'gpp_af': 37.28155624293858, 'gpp_b': 0.00013164432569139702, 'gpp_d': 0.26636419343091605, 'ign_k': 0.06219881174029358, 'ign_c': 16.470698221724305, 'trop_agb_crit': 1.3137567821944718, 'trop_k_veg': 2.1406449943451844, 'fire_amp': 3.8500040010232275}.
[I 2026-06-10 19:23:32,147] Trial 159 finished with values: [10.833294344623582, 10.833294344623582] and parameters: {'k1': 1.1281785190969807e-05, 'D_low': 450.9719064153485, 'k2': 5.153993511603138e-05, 'D_high': 69868.4759244566, 'fire_exp': 5.850436756059748, 'P_half': 45.55085098454082, 'pre_dampen_half': 0.02671457936585047, 'gpp_af': 96.4653310890222, 'gpp_b': 0.010307896803108956, 'gpp_d': 9.482548804624958, 'ign_k': 0.0018548376790967168, 'ign_c': 99.96359851911319, 'trop_agb_crit': 2.0420012944047587, 'trop_k_veg': 6.030247256556128, 'fire_amp': 2.054769179924021}.
[I 2026-06-10 19:23:33,426] Trial 160 finished with values: [10.658994081352724, 10.658994081352724] and parameters: {'k1': 0.00035868164986275477, 'D_low': 171.2446447678494, 'k2': 0.02065142557895925, 'D_high': 42210.21267871043, 'fire_exp': 1.9095652801045373, 'P_half': 148.17820606039086, 'pre_dampen_half': 4.603480758878793, 'gpp_af': 10.25616274847308, 'gpp_b': 0.0004125336560355494, 'gpp_d': 0.7698760608299932, 'ign_k': 1.2273800987852967, 'ign_c': 0.6235377135673155, 'trop_agb_crit': 1.0189592979395135, 'trop_k_veg': 4.796046723963646, 'fire_amp': 1.2393473789150806}.
[I 2026-06-10 19:23:34,806] Trial 161 finished with values: [10.833333174731994, 10.833333174731994] and parameters: {'k1': 0.0009071933427331367, 'D_low': 50.32059347286801, 'k2': 2.316457903103837e-05, 'D_high': 949.9072859745386, 'fire_exp': 1.14171776851287, 'P_half': 83.08114652888392, 'pre_dampen_half': 0.2774295811500811, 'gpp_af': 27.448645214004376, 'gpp_b': 0.0012749409641020352, 'gpp_d': 2.5450745565416026, 'ign_k': 0.13500744867919376, 'ign_c': 111.18405953132105, 'trop_agb_crit': 8.188098178380693, 'trop_k_veg': 0.6618107836658104, 'fire_amp': 1.1202509284327942}.
[I 2026-06-10 19:23:36,271] Trial 162 finished with values: [10.821596523236034, 10.821596523236034] and parameters: {'k1': 5.178197947282869e-05, 'D_low': 408.3047491580097, 'k2': 8.968733598183248e-05, 'D_high': 24.9899605789089, 'fire_exp': 1.7505406131449859, 'P_half': 774.5825831079144, 'pre_dampen_half': 189.88136301569827, 'gpp_af': 14.161176080022173, 'gpp_b': 0.002416023630607169, 'gpp_d': 21.899070557043984, 'ign_k': 0.00660597889201953, 'ign_c': 1.4879588507789996, 'trop_agb_crit': 21.086120736447015, 'trop_k_veg': 0.5183533149347164, 'fire_amp': 1.1655705619308396}.
[I 2026-06-10 19:23:37,585] Trial 163 finished with values: [10.235969623048508, 10.235969623048508] and parameters: {'k1': 0.0032360993995751053, 'D_low': 1.605843632310088, 'k2': 2.316457903103837e-05, 'D_high': 24.9899605789089, 'fire_exp': 1.233919071594971, 'P_half': 774.5825831079144, 'pre_dampen_half': 189.88136301569827, 'gpp_af': 14.161176080022173, 'gpp_b': 0.0012749409641020352, 'gpp_d': 14.427333163005196, 'ign_k': 0.00660597889201953, 'ign_c': 1.4879588507789996, 'trop_agb_crit': 3.058280993112277, 'trop_k_veg': 5.636143940068465, 'fire_amp': 5.831305332032283}.
[I 2026-06-10 19:23:38,922] Trial 164 finished with values: [10.731324518559239, 10.731324518559239] and parameters: {'k1': 0.00026539376439360527, 'D_low': 2.843767489444367, 'k2': 0.01183296705746878, 'D_high': 32311.521854410956, 'fire_exp': 1.811096651915224, 'P_half': 12.262543158860007, 'pre_dampen_half': 189.36639872354493, 'gpp_af': 0.5970408652384318, 'gpp_b': 0.006999112505425414, 'gpp_d': 0.1619054449471649, 'ign_k': 0.002357279455676982, 'ign_c': 7.832259769732471, 'trop_agb_crit': 4.140875693557523, 'trop_k_veg': 2.8926781829782864, 'fire_amp': 1.8357623383234334}.
[I 2026-06-10 19:23:40,195] Trial 165 finished with values: [10.792470925667567, 10.792470925667567] and parameters: {'k1': 0.0004846497679219079, 'D_low': 1.2768174677433957, 'k2': 0.0499774937030317, 'D_high': 42210.21267871043, 'fire_exp': 1.6901885781909627, 'P_half': 93.43302657318476, 'pre_dampen_half': 231.59500020699807, 'gpp_af': 0.2204465010099918, 'gpp_b': 0.0003601974223479835, 'gpp_d': 20.81401325574021, 'ign_k': 0.22970993031159073, 'ign_c': 39.52220881906114, 'trop_agb_crit': 24.199763404822136, 'trop_k_veg': 2.520089655463604, 'fire_amp': 5.416595007374148}.
[I 2026-06-10 19:23:41,529] Trial 166 finished with values: [10.793754270759182, 10.793754270759182] and parameters: {'k1': 5.7909642338812115e-05, 'D_low': 12.172958098369968, 'k2': 0.008919267853250165, 'D_high': 1817.0401889219124, 'fire_exp': 1.0812994412809738, 'P_half': 4303.306161410612, 'pre_dampen_half': 8.259599205585761, 'gpp_af': 1.9998014714101113, 'gpp_b': 0.004411400434514031, 'gpp_d': 859.8737339212263, 'ign_k': 0.004105873950290761, 'ign_c': 22.126836566118193, 'trop_agb_crit': 8.0091368834625, 'trop_k_veg': 2.724170387400844, 'fire_amp': 1.5587346124822492}.
[I 2026-06-10 19:23:42,916] Trial 167 finished with values: [10.831272751691897, 10.831272751691897] and parameters: {'k1': 0.0869690639641868, 'D_low': 2267.735223551285, 'k2': 1.1049703024154134e-05, 'D_high': 949.9072859745386, 'fire_exp': 1.14171776851287, 'P_half': 18.93453091519153, 'pre_dampen_half': 9.044346216330972, 'gpp_af': 0.015627364027979502, 'gpp_b': 0.027582100003239053, 'gpp_d': 14.427333163005196, 'ign_k': 0.002357279455676982, 'ign_c': 388.02797007866826, 'trop_agb_crit': 3.058280993112277, 'trop_k_veg': 0.6618107836658104, 'fire_amp': 2.6192385880432525}.
[I 2026-06-10 19:23:44,232] Trial 168 finished with values: [10.351224494853897, 10.351224494853897] and parameters: {'k1': 0.03648456083047798, 'D_low': 236.79352040223893, 'k2': 0.005204862686958021, 'D_high': 6682.9607218310075, 'fire_exp': 1.2060040899560858, 'P_half': 2.226799690893868, 'pre_dampen_half': 4.847666216751353, 'gpp_af': 0.8594202650742228, 'gpp_b': 0.001674375583895437, 'gpp_d': 1.4397852866783676, 'ign_k': 0.0032383308053152635, 'ign_c': 1.364908766641693, 'trop_agb_crit': 1.456074715900995, 'trop_k_veg': 2.99731137426955, 'fire_amp': 2.7806853670293616}.
[I 2026-06-10 19:23:45,556] Trial 169 finished with values: [10.812943964245415, 10.812943964245415] and parameters: {'k1': 0.012840669372724958, 'D_low': 171.2446447678494, 'k2': 0.00037358626308127543, 'D_high': 48235.58283024493, 'fire_exp': 4.2769938521987285, 'P_half': 93.43302657318476, 'pre_dampen_half': 9.044346216330972, 'gpp_af': 0.2204465010099918, 'gpp_b': 2.176805640408474e-05, 'gpp_d': 0.09467055845337147, 'ign_k': 0.0029519227433917453, 'ign_c': 39.52220881906114, 'trop_agb_crit': 12.647327018493208, 'trop_k_veg': 4.796046723963646, 'fire_amp': 2.6192385880432525}.
[I 2026-06-10 19:23:46,877] Trial 170 finished with values: [10.747777203248488, 10.747777203248488] and parameters: {'k1': 0.00026539376439360527, 'D_low': 2186.356344942016, 'k2': 1.1049703024154134e-05, 'D_high': 262.11304189124235, 'fire_exp': 1.111738490499784, 'P_half': 1.4551749476072258, 'pre_dampen_half': 0.16974173693738634, 'gpp_af': 37.28155624293858, 'gpp_b': 0.00013164432569139702, 'gpp_d': 0.26636419343091605, 'ign_k': 0.06219881174029358, 'ign_c': 1.4091459170104739, 'trop_agb_crit': 1.8023542850487386, 'trop_k_veg': 2.1406449943451844, 'fire_amp': 1.4475279918261055}.
[I 2026-06-10 19:23:48,165] Trial 171 finished with values: [-0.6853784571027425, 0.15636194878110932] and parameters: {'k1': 0.00026539376439360527, 'D_low': 133.4807155996069, 'k2': 0.02065142557895925, 'D_high': 267.3088310781672, 'fire_exp': 1.111738490499784, 'P_half': 157.3644610977214, 'pre_dampen_half': 189.36639872354493, 'gpp_af': 1.9998014714101113, 'gpp_b': 0.5903603324157484, 'gpp_d': 525.1661172395181, 'ign_k': 0.8945150807271531, 'ign_c': 16.497426799845446, 'trop_agb_crit': 8.0091368834625, 'trop_k_veg': 1.6003641872536711, 'fire_amp': 4.472176921013167}.
[I 2026-06-10 19:23:49,466] Trial 172 finished with values: [10.717332709713343, 10.717332709713343] and parameters: {'k1': 0.00026539376439360527, 'D_low': 1074.940539517341, 'k2': 1.1417577140741129e-05, 'D_high': 29.126651668813768, 'fire_exp': 1.9783727454920947, 'P_half': 1.4551749476072258, 'pre_dampen_half': 189.36639872354493, 'gpp_af': 37.28155624293858, 'gpp_b': 0.006999112505425414, 'gpp_d': 7.631016235941559, 'ign_k': 0.09256855841989636, 'ign_c': 7.832259769732471, 'trop_agb_crit': 1.8023542850487386, 'trop_k_veg': 1.6648666152166967, 'fire_amp': 1.4475279918261055}.
[I 2026-06-10 19:23:50,838] Trial 173 finished with values: [10.696789575387637, 10.696789575387637] and parameters: {'k1': 0.00035868164986275477, 'D_low': 171.2446447678494, 'k2': 0.0011135501184757278, 'D_high': 42210.21267871043, 'fire_exp': 1.0812994412809738, 'P_half': 61.6097529474144, 'pre_dampen_half': 4.603480758878793, 'gpp_af': 0.014724438934285355, 'gpp_b': 0.0004125336560355494, 'gpp_d': 0.7698760608299932, 'ign_k': 0.0029519227433917453, 'ign_c': 16.497426799845446, 'trop_agb_crit': 2.0527418919564324, 'trop_k_veg': 0.5618951132741115, 'fire_amp': 1.2393473789150806}.
[I 2026-06-10 19:23:52,225] Trial 174 finished with values: [10.067736179628218, 10.067736179628218] and parameters: {'k1': 0.0869690639641868, 'D_low': 1.605843632310088, 'k2': 0.02065142557895925, 'D_high': 48235.58283024493, 'fire_exp': 1.9095652801045373, 'P_half': 96.70857606743157, 'pre_dampen_half': 1.6130673726933187, 'gpp_af': 27.448645214004376, 'gpp_b': 2.800940363375676e-05, 'gpp_d': 14.427333163005196, 'ign_k': 1.6270983114897255, 'ign_c': 0.6235377135673155, 'trop_agb_crit': 3.058280993112277, 'trop_k_veg': 0.6618107836658104, 'fire_amp': 2.6192385880432525}.
[I 2026-06-10 19:23:53,535] Trial 175 finished with values: [10.802652408719258, 10.802652408719258] and parameters: {'k1': 0.00035868164986275477, 'D_low': 12.172958098369968, 'k2': 0.02065142557895925, 'D_high': 267.3088310781672, 'fire_exp': 1.0812994412809738, 'P_half': 157.3644610977214, 'pre_dampen_half': 0.050654860639753524, 'gpp_af': 1.9998014714101113, 'gpp_b': 2.800940363375676e-05, 'gpp_d': 859.8737339212263, 'ign_k': 0.8945150807271531, 'ign_c': 16.497426799845446, 'trop_agb_crit': 8.0091368834625, 'trop_k_veg': 1.6003641872536711, 'fire_amp': 1.5587346124822492}.
[I 2026-06-10 19:23:54,797] Trial 176 finished with values: [12.52762973116083, 12.52762973116083] and parameters: {'k1': 5.7909642338812115e-05, 'D_low': 24.28756508761176, 'k2': 0.0002442377596403892, 'D_high': 8912.611835817017, 'fire_exp': 1.0420149135640993, 'P_half': 9.580682294110435, 'pre_dampen_half': 189.88136301569827, 'gpp_af': 14.161176080022173, 'gpp_b': 0.002416023630607169, 'gpp_d': 21.899070557043984, 'ign_k': 0.17320535908244444, 'ign_c': 1.4879588507789996, 'trop_agb_crit': 3.430044314610246, 'trop_k_veg': 0.5183533149347164, 'fire_amp': 5.869450070968175}.
[I 2026-06-10 19:23:56,094] Trial 177 finished with values: [10.629789077670647, 10.629789077670647] and parameters: {'k1': 0.006079905434073396, 'D_low': 1.4002277211577039, 'k2': 4.933751600448335e-05, 'D_high': 42.242359735170886, 'fire_exp': 1.7792742686803427, 'P_half': 157.3644610977214, 'pre_dampen_half': 37.40930273158252, 'gpp_af': 0.41874665092828456, 'gpp_b': 0.00047819318414852577, 'gpp_d': 1.0088237648985734, 'ign_k': 0.17320535908244444, 'ign_c': 0.4177928311636542, 'trop_agb_crit': 8.0091368834625, 'trop_k_veg': 5.453348988480011, 'fire_amp': 1.5587346124822492}.
[I 2026-06-10 19:23:57,616] Trial 178 finished with values: [10.820018244387693, 10.820018244387693] and parameters: {'k1': 0.017276056747028225, 'D_low': 1739.6167422846984, 'k2': 0.02939607009739149, 'D_high': 44974.07193749848, 'fire_exp': 3.2459542834651627, 'P_half': 101.40635645866499, 'pre_dampen_half': 1.3767835510755015, 'gpp_af': 1.7775411110039254, 'gpp_b': 0.001674375583895437, 'gpp_d': 95.2715755007094, 'ign_k': 0.0032383308053152635, 'ign_c': 2.2489542843914485, 'trop_agb_crit': 3.5874145253515306, 'trop_k_veg': 2.99731137426955, 'fire_amp': 2.7806853670293616}.
[I 2026-06-10 19:23:58,975] Trial 179 finished with values: [10.82851075187613, 10.82851075187613] and parameters: {'k1': 0.0869690639641868, 'D_low': 2267.735223551285, 'k2': 0.0004976087827261435, 'D_high': 949.9072859745386, 'fire_exp': 1.14171776851287, 'P_half': 93.43302657318476, 'pre_dampen_half': 231.59500020699807, 'gpp_af': 0.09885838682552685, 'gpp_b': 2.1309331861011757e-05, 'gpp_d': 0.03927259340973166, 'ign_k': 0.22970993031159073, 'ign_c': 39.52220881906114, 'trop_agb_crit': 8.188098178380693, 'trop_k_veg': 2.520089655463604, 'fire_amp': 2.6192385880432525}.
[I 2026-06-10 19:24:00,239] Trial 180 finished with values: [10.804237480011817, 10.804237480011817] and parameters: {'k1': 0.0003445931091927334, 'D_low': 171.2446447678494, 'k2': 0.0011135501184757278, 'D_high': 267.3088310781672, 'fire_exp': 1.2918065501148304, 'P_half': 61.6097529474144, 'pre_dampen_half': 0.050654860639753524, 'gpp_af': 10.25616274847308, 'gpp_b': 0.0004125336560355494, 'gpp_d': 14.427333163005196, 'ign_k': 1.2273800987852967, 'ign_c': 1.488823059798356, 'trop_agb_crit': 2.0527418919564324, 'trop_k_veg': 2.520089655463604, 'fire_amp': 1.2393473789150806}.
[I 2026-06-10 19:24:01,596] Trial 181 finished with values: [10.757628900033277, 10.757628900033277] and parameters: {'k1': 0.012840669372724958, 'D_low': 16.480446427978972, 'k2': 1.1049703024154134e-05, 'D_high': 41833.85682146036, 'fire_exp': 1.9553708662745248, 'P_half': 93.43302657318476, 'pre_dampen_half': 0.04982752357076448, 'gpp_af': 2.5017068255320485, 'gpp_b': 0.0015782327810795573, 'gpp_d': 0.03927259340973166, 'ign_k': 0.0802050305902781, 'ign_c': 1.488823059798356, 'trop_agb_crit': 2.100813292597435, 'trop_k_veg': 6.963655030926962, 'fire_amp': 3.8500040010232275}.
[I 2026-06-10 19:24:02,890] Trial 182 finished with values: [10.833300822167466, 10.833300822167466] and parameters: {'k1': 0.006079905434073396, 'D_low': 43.2326421037033, 'k2': 0.0004976087827261435, 'D_high': 42.242359735170886, 'fire_exp': 1.7792742686803427, 'P_half': 157.3644610977214, 'pre_dampen_half': 37.40930273158252, 'gpp_af': 0.2204465010099918, 'gpp_b': 0.5224805001589191, 'gpp_d': 0.027993358856978585, 'ign_k': 0.8945150807271531, 'ign_c': 16.497426799845446, 'trop_agb_crit': 4.1382568201479, 'trop_k_veg': 1.6003641872536711, 'fire_amp': 1.5587346124822492}.
[I 2026-06-10 19:24:04,238] Trial 183 finished with values: [10.764185268439102, 10.764185268439102] and parameters: {'k1': 0.0001971137615017176, 'D_low': 1.7551403048208316, 'k2': 0.032845299795769424, 'D_high': 16780.50857913099, 'fire_exp': 1.41873960828944, 'P_half': 277.00025557434554, 'pre_dampen_half': 16.009350908593582, 'gpp_af': 0.008117091133892173, 'gpp_b': 0.00807491410172472, 'gpp_d': 2.5450745565416026, 'ign_k': 0.07867677706257832, 'ign_c': 0.1611736893633666, 'trop_agb_crit': 12.708819454040446, 'trop_k_veg': 0.5535297685306277, 'fire_amp': 1.5719333351012774}.
[I 2026-06-10 19:24:05,607] Trial 184 finished with values: [10.160538801832525, 10.160538801832525] and parameters: {'k1': 0.00026539376439360527, 'D_low': 1074.940539517341, 'k2': 1.1417577140741129e-05, 'D_high': 431.45617043093523, 'fire_exp': 1.0601964743503993, 'P_half': 12.262543158860007, 'pre_dampen_half': 189.36639872354493, 'gpp_af': 1.9706963379095486, 'gpp_b': 1.4540386644083135e-05, 'gpp_d': 0.12878367369717508, 'ign_k': 0.00840038491455979, 'ign_c': 48.704711413416454, 'trop_agb_crit': 1.0693376406863295, 'trop_k_veg': 1.6648666152166967, 'fire_amp': 4.19233232783727}.
