########## REGION=Africa TAG=coupledE_af ##########
[setup] COUPLING-READY: climate (D_bar/T_air/P_*) + GPP all from global_baseline_modelC_inputs_1997-2016.nc ...
[setup] loading GFED5 reference from burntArea.nc ...
[setup] land cells (GFED5 burnable): 13916 / 64800 (21.5%)
[setup] GFED5 land-mean monthly frac: 0.005068
[opt] REGION=Africa: fitting 1816 land cells only
[opt] warm-start from params.coupledE_fx.json
[warm] Overall=0.6071  bias=0.6953 rmse=0.3646 seas=0.8005 spatial=0.8107
[opt] sampler=NSGAIISampler seed=42
[I 2026-07-22 21:40:53,486] A new study created in memory with name: no-name-45cb251d-9fcd-41df-8224-8fbb265eab7f
[opt] running 1500 trials against GFED5 ...
[I 2026-07-22 21:40:53,914] Trial 0 finished with values: [-0.7827842128671596, 0.49444438612623776] and parameters: {'k1': 0.0008685306488754917, 'D_low': 2240.9155921647994, 'k2': 0.0010532624798722347, 'D_high': 6525529.853354094, 'fire_exp': 1.2585476857229763, 'P_half': 355.00125258511594, 'pre_dampen_half': 16.224010950061366, 'gpp_af': 0.03522602097143089, 'gpp_b': 0.00012118589392553798, 'gpp_d': 12.338826503601998, 'ign_k': 2.136832907235876, 'ign_c': 22.126836566118193, 'trop_agb_crit': 26.951029433343408, 'trop_k_veg': 2.724170387400844, 'fuel_k': 0.6149834196910364, 'fuel_half': 0.6603566884894324}.
[I 2026-07-22 21:40:54,346] Trial 1 finished with values: [10.769230769178105, 10.769230769178105] and parameters: {'k1': 0.00031489116479568613, 'D_low': 506157.68887523044, 'k2': 0.008471801418819975, 'D_high': 39079.671568228776, 'fire_exp': 1.1536818470031638, 'P_half': 4.2070539502879365, 'pre_dampen_half': 0.0195172246414495, 'gpp_af': 21.42302175774107, 'gpp_b': 0.040428727350273294, 'gpp_d': 34.70266988650409, 'ign_k': 0.0012087541473056963, 'ign_c': 757.9479953347992, 'trop_agb_crit': 16.967533607196547, 'trop_k_veg': 0.9008485225328876, 'fuel_k': 0.03199906289308566, 'fuel_half': 0.35498788321965025}.
[I 2026-07-22 21:40:54,799] Trial 2 finished with values: [10.768463020921867, 10.768463020921867] and parameters: {'k1': 0.00016480446427978953, 'D_low': 1407.7923139972395, 'k2': 0.0005342937261279771, 'D_high': 558.9524205217922, 'fire_exp': 1.751784769842796, 'P_half': 3.6138942712165267, 'pre_dampen_half': 0.2888838362365318, 'gpp_af': 0.06789053271698488, 'gpp_b': 0.0054502936945582505, 'gpp_d': 84.31013932082456, 'ign_k': 0.006290644294586149, 'ign_c': 11.40086370112731, 'trop_agb_crit': 7.500118950416987, 'trop_k_veg': 0.5687244174086067, 'fuel_k': 0.48736180483849406, 'fuel_half': 0.32476735706274484}.
[I 2026-07-22 21:40:55,238] Trial 3 finished with values: [10.763650435797166, 10.763650435797166] and parameters: {'k1': 1.8205657658407255e-05, 'D_low': 493529.62094020995, 'k2': 0.07286653737491042, 'D_high': 708572.1663941594, 'fire_exp': 1.3219590610242518, 'P_half': 2.458603276328005, 'pre_dampen_half': 26.373339933815235, 'gpp_af': 0.15876781526923997, 'gpp_b': 5.397956855996442e-05, 'gpp_d': 2.9914693021302137, 'ign_k': 0.0013726318898045872, 'ign_c': 433.79206974909323, 'trop_agb_crit': 2.411289811529197, 'trop_k_veg': 3.1385303007850824, 'fuel_k': 0.0734480915638841, 'fuel_half': 3.632486956676605}.
[I 2026-07-22 21:40:55,659] Trial 4 finished with values: [10.769020849687884, 10.769020849687884] and parameters: {'k1': 0.0015375920235481753, 'D_low': 12.856617791467924, 'k2': 0.0755681014127443, 'D_high': 447504.0191350906, 'fire_exp': 2.3651801035395126, 'P_half': 3795.8531426706395, 'pre_dampen_half': 9.761125443110448, 'gpp_af': 40.67908494359547, 'gpp_b': 3.395900933162749e-05, 'gpp_d': 0.09548041810464164, 'ign_k': 0.0015167330688076208, 'ign_c': 2.0013420622879967, 'trop_agb_crit': 3.7507963596256046, 'trop_k_veg': 1.0609790190334525, 'fuel_k': 2.006125726290936, 'fuel_half': 1.1756010900231848}.
[I 2026-07-22 21:40:56,072] Trial 5 finished with values: [10.769230769178105, 10.769230769178105] and parameters: {'k1': 0.000132965214572995, 'D_low': 1803.7506431281838, 'k2': 3.661819220392426e-05, 'D_high': 650402.0246676564, 'fire_exp': 1.0706972415344522, 'P_half': 8862.32650857625, 'pre_dampen_half': 72.64803074826723, 'gpp_af': 0.009853225172032555, 'gpp_b': 1.0792764548678445e-05, 'gpp_d': 119.48328168545423, 'ign_k': 0.6720930050156115, 'ign_c': 82.41925264876441, 'trop_agb_crit': 13.780336485751999, 'trop_k_veg': 0.6139438440498544, 'fuel_k': 0.09905399864531553, 'fuel_half': 0.22264204303769677}.
[I 2026-07-22 21:40:56,483] Trial 6 finished with values: [10.767962330938582, 10.767962330938582] and parameters: {'k1': 0.028340904295147747, 'D_low': 5492.736444508447, 'k2': 0.00021066486017042195, 'D_high': 24.063018320720932, 'fire_exp': 1.3296958331046895, 'P_half': 19.986340778528874, 'pre_dampen_half': 44.466289554754454, 'gpp_af': 1.540945776288155, 'gpp_b': 2.1051180519608694, 'gpp_d': 2.2965432344634333, 'ign_k': 0.003008686821445843, 'ign_c': 71.28188058401358, 'trop_agb_crit': 13.297554090738672, 'trop_k_veg': 2.3703642788018935, 'fuel_k': 1.3863198285285168, 'fuel_half': 3.0296104428212485}.
[I 2026-07-22 21:40:56,901] Trial 7 finished with values: [10.769195256116113, 10.769195256116113] and parameters: {'k1': 0.0012329098365270509, 'D_low': 367.4904945305323, 'k2': 1.263794633808287e-05, 'D_high': 44.39648242927527, 'fire_exp': 1.0292169511970342, 'P_half': 351.2704726270846, 'pre_dampen_half': 0.37306104754535907, 'gpp_af': 0.349022524783825, 'gpp_b': 2.7886810374231183, 'gpp_d': 0.17638479543546873, 'ign_k': 0.04380580767905655, 'ign_c': 105.24574681335622, 'trop_agb_crit': 2.1775224101934065, 'trop_k_veg': 0.6189606672462583, 'fuel_k': 0.06382243375381637, 'fuel_half': 0.30455368715396786}.
[I 2026-07-22 21:40:57,307] Trial 8 finished with values: [10.76714700709263, 10.76714700709263] and parameters: {'k1': 0.052334804885400876, 'D_low': 70586.60227368641, 'k2': 0.0034167643418329683, 'D_high': 1693415.5410667954, 'fire_exp': 2.088398022232781, 'P_half': 5.575453980775371, 'pre_dampen_half': 290.26521418263894, 'gpp_af': 0.49740621749684094, 'gpp_b': 0.6992636148959314, 'gpp_d': 302.3127748796295, 'ign_k': 0.018707420137660268, 'ign_c': 0.2755546207779662, 'trop_agb_crit': 2.171140223187998, 'trop_k_veg': 1.6340262437673856, 'fuel_k': 1.8731335591844647, 'fuel_half': 38.21129441691226}.
[I 2026-07-22 21:40:57,723] Trial 9 finished with values: [10.769230769178105, 10.769230769178105] and parameters: {'k1': 1.0661259689433896e-05, 'D_low': 1160.0689839007139, 'k2': 0.0004673518999562748, 'D_high': 215.10319582575772, 'fire_exp': 1.1160900215313645, 'P_half': 22.41097161910951, 'pre_dampen_half': 518.2609891091992, 'gpp_af': 0.04130614451133169, 'gpp_b': 0.012964140540905063, 'gpp_d': 32.74121520988881, 'ign_k': 0.02847858516856297, 'ign_c': 771.13129913311, 'trop_agb_crit': 26.402883285404346, 'trop_k_veg': 1.0049538030148353, 'fuel_k': 0.2406753202628103, 'fuel_half': 0.7991621920384354}.
[I 2026-07-22 21:40:58,137] Trial 10 finished with values: [10.022057559501695, 10.022057559501695] and parameters: {'k1': 0.00013783578294796384, 'D_low': 1.6646452049870526, 'k2': 0.0027431991397796683, 'D_high': 10377.055497115112, 'fire_exp': 1.0482996836046896, 'P_half': 13.019246714361572, 'pre_dampen_half': 347.79988160923324, 'gpp_af': 0.015769192447197523, 'gpp_b': 7.402343469704414e-05, 'gpp_d': 2.8006820077310226, 'ign_k': 8.761971101023699, 'ign_c': 0.9294394155644988, 'trop_agb_crit': 9.836162684900028, 'trop_k_veg': 4.130963924640279, 'fuel_k': 0.04572914063536324, 'fuel_half': 15.298506868937444}.
[I 2026-07-22 21:40:58,540] Trial 11 finished with values: [10.719159962617354, 10.719159962617354] and parameters: {'k1': 0.00029589152820953097, 'D_low': 6220.638781359816, 'k2': 0.0034207303670092245, 'D_high': 16392.60991832772, 'fire_exp': 1.0862503061991866, 'P_half': 2193.8654178115053, 'pre_dampen_half': 0.4016986062226068, 'gpp_af': 0.008562341633595545, 'gpp_b': 1.7565109007473816e-05, 'gpp_d': 9.00460602264307, 'ign_k': 0.5131654955148324, 'ign_c': 0.11650681118986138, 'trop_agb_crit': 5.707205898008383, 'trop_k_veg': 0.9369104721775232, 'fuel_k': 0.6199941538390381, 'fuel_half': 0.3335026483569958}.
[I 2026-07-22 21:40:58,989] Trial 12 finished with values: [10.748214531650225, 10.748214531650225] and parameters: {'k1': 0.0058043147174140705, 'D_low': 209.12794881839662, 'k2': 0.05583672722754823, 'D_high': 66.8537333582894, 'fire_exp': 1.3668597238529023, 'P_half': 2.843767489444367, 'pre_dampen_half': 420.2116526335304, 'gpp_af': 24.361092841799906, 'gpp_b': 0.0003528984625415794, 'gpp_d': 19.948958651882567, 'ign_k': 1.8573288333114872, 'ign_c': 16.626592254031866, 'trop_agb_crit': 6.058402553512053, 'trop_k_veg': 0.977663002683211, 'fuel_k': 0.01814068034742312, 'fuel_half': 49.16400722913764}.
[I 2026-07-22 21:40:59,436] Trial 13 finished with values: [10.769230768574444, 10.769230768574444] and parameters: {'k1': 0.039964301676942544, 'D_low': 6289.393154519743, 'k2': 0.00022704877557909215, 'D_high': 1245.2525727440518, 'fire_exp': 1.9448531254277797, 'P_half': 3876.511170911631, 'pre_dampen_half': 272.54117335304034, 'gpp_af': 7.931909113857066, 'gpp_b': 0.07115245297181685, 'gpp_d': 0.026345098397336078, 'ign_k': 0.004431133722857619, 'ign_c': 392.8409513479224, 'trop_agb_crit': 7.866277327549696, 'trop_k_veg': 0.5129137693018292, 'fuel_k': 0.019138297164869797, 'fuel_half': 9.783749110062345}.
[I 2026-07-22 21:40:59,851] Trial 14 finished with values: [10.769230769178105, 10.769230769178105] and parameters: {'k1': 1.0477226564098276e-05, 'D_low': 9.222492453004657, 'k2': 0.001566517163094646, 'D_high': 141700.435876028, 'fire_exp': 1.81736211004779, 'P_half': 7.890004262668578, 'pre_dampen_half': 36.382798966464456, 'gpp_af': 0.015354845024150165, 'gpp_b': 0.0008961860696827889, 'gpp_d': 54.0078670128653, 'ign_k': 0.3967633935744862, 'ign_c': 249.39838794891463, 'trop_agb_crit': 9.362115196011851, 'trop_k_veg': 2.417028380770307, 'fuel_k': 0.018207179480706392, 'fuel_half': 1.2680822080429408}.
[I 2026-07-22 21:41:00,282] Trial 15 finished with values: [10.764425883942163, 10.764425883942163] and parameters: {'k1': 0.00011502956321912731, 'D_low': 29.10300676616922, 'k2': 0.07799059237255677, 'D_high': 2283.4228779494524, 'fire_exp': 2.264545306066772, 'P_half': 334.62201030483817, 'pre_dampen_half': 94.20121790275627, 'gpp_af': 0.3259758793317361, 'gpp_b': 0.02893498807797731, 'gpp_d': 2.901272149738622, 'ign_k': 0.006039096247545781, 'ign_c': 77.59048401667629, 'trop_agb_crit': 2.598572417333811, 'trop_k_veg': 0.5348713617837559, 'fuel_k': 0.6211831489538813, 'fuel_half': 0.33988503110784557}.
[I 2026-07-22 21:41:00,689] Trial 16 finished with values: [10.769230769178105, 10.769230769178105] and parameters: {'k1': 0.05778755734457457, 'D_low': 529141.0588169728, 'k2': 0.045651763726463325, 'D_high': 1663.2295851843426, 'fire_exp': 1.0142635214292253, 'P_half': 5167.425813322413, 'pre_dampen_half': 1.3833139021965037, 'gpp_af': 68.11991466118579, 'gpp_b': 6.0495053137151995, 'gpp_d': 184.09723989839054, 'ign_k': 0.015058980408366392, 'ign_c': 3.470490935437501, 'trop_agb_crit': 18.081400596781233, 'trop_k_veg': 1.2038770175361675, 'fuel_k': 0.029571713239325698, 'fuel_half': 4.681702225035901}.
[I 2026-07-22 21:41:01,097] Trial 17 finished with values: [10.769230769178105, 10.769230769178105] and parameters: {'k1': 0.05554169083020913, 'D_low': 15003.023172658528, 'k2': 0.001906534551939351, 'D_high': 38.28767216055789, 'fire_exp': 1.7568552513978481, 'P_half': 9124.632886689908, 'pre_dampen_half': 0.05016722470997861, 'gpp_af': 0.39052447913003624, 'gpp_b': 1.8375468962060835, 'gpp_d': 50.56419398267449, 'ign_k': 0.6138509947844858, 'ign_c': 64.55595882939558, 'trop_agb_crit': 3.3963467282786945, 'trop_k_veg': 1.128469461526162, 'fuel_k': 1.7722611041015948, 'fuel_half': 26.9364391631794}.
[I 2026-07-22 21:41:01,502] Trial 18 finished with values: [10.769230769178105, 10.769230769178105] and parameters: {'k1': 0.0293960700973915, 'D_low': 301608.31845055183, 'k2': 0.0011101191524846067, 'D_high': 10211.693428871276, 'fire_exp': 2.0781342038801354, 'P_half': 397.9749374103113, 'pre_dampen_half': 32.34702813589569, 'gpp_af': 9.527157550070955, 'gpp_b': 2.1879230865774315, 'gpp_d': 0.4897515106470031, 'ign_k': 0.03179302199939539, 'ign_c': 0.23764449553865352, 'trop_agb_crit': 7.148087950435349, 'trop_k_veg': 0.5523938241293617, 'fuel_k': 0.19656297483673962, 'fuel_half': 4.245549454254903}.
[I 2026-07-22 21:41:01,916] Trial 19 finished with values: [10.769197968769811, 10.769197968769811] and parameters: {'k1': 0.00014001191914113747, 'D_low': 3507.515213502105, 'k2': 1.3243445838637965e-05, 'D_high': 16.752866684650684, 'fire_exp': 2.1249351191954107, 'P_half': 27.59069025439785, 'pre_dampen_half': 0.043181981126981975, 'gpp_af': 0.40852280036686234, 'gpp_b': 0.4168322557207809, 'gpp_d': 0.11997897226934479, 'ign_k': 0.31014294272127435, 'ign_c': 0.21947742689197342, 'trop_agb_crit': 1.1921754348704765, 'trop_k_veg': 2.1816482703680733, 'fuel_k': 0.31766263870651756, 'fuel_half': 8.17127270071559}.
[I 2026-07-22 21:41:02,322] Trial 20 finished with values: [10.769230769178105, 10.769230769178105] and parameters: {'k1': 0.008023527304678842, 'D_low': 716328.9063135319, 'k2': 0.0011619873314872927, 'D_high': 866.4406862241786, 'fire_exp': 2.0722225778720227, 'P_half': 12.115155843077673, 'pre_dampen_half': 1.5662356447891175, 'gpp_af': 0.0024676405980083274, 'gpp_b': 1.4193988874743626e-05, 'gpp_d': 650.4921701204659, 'ign_k': 2.2076004913185185, 'ign_c': 60.79905434073391, 'trop_agb_crit': 4.018584329485901, 'trop_k_veg': 0.8084202024508578, 'fuel_k': 0.027202308755889835, 'fuel_half': 0.5632856590781126}.
[I 2026-07-22 21:41:02,747] Trial 21 finished with values: [10.769230769178105, 10.769230769178105] and parameters: {'k1': 0.0015736446109772138, 'D_low': 19389.89852278267, 'k2': 0.004373100990516265, 'D_high': 478.193184148526, 'fire_exp': 2.3987174696212126, 'P_half': 894.5150807271528, 'pre_dampen_half': 5.91248786733662, 'gpp_af': 1.1444682032324742, 'gpp_b': 0.0032930655419269924, 'gpp_d': 0.173242701549491, 'ign_k': 0.026539376439360548, 'ign_c': 107.49405395173397, 'trop_agb_crit': 1.0501731925367062, 'trop_k_veg': 0.6898193780989617, 'fuel_k': 0.013421538374693755, 'fuel_half': 0.13249100882689224}.
[I 2026-07-22 21:41:03,169] Trial 22 finished with values: [10.769230769178105, 10.769230769178105] and parameters: {'k1': 0.02641449645424224, 'D_low': 16670.443589841223, 'k2': 0.0007883068789768041, 'D_high': 38.6371393182755, 'fire_exp': 1.569038592007897, 'P_half': 78.32259769732477, 'pre_dampen_half': 0.07345296810407673, 'gpp_af': 0.1476584299248268, 'gpp_b': 0.0024605285374226047, 'gpp_d': 12.00191344086031, 'ign_k': 0.34703605955441535, 'ign_c': 0.15178052094448866, 'trop_agb_crit': 3.575594457014808, 'trop_k_veg': 2.835178685110773, 'fuel_k': 0.24991287225033346, 'fuel_half': 37.108168807575375}.
[I 2026-07-22 21:41:03,579] Trial 23 finished with values: [-0.46255854094445903, 0.4753374593539339] and parameters: {'k1': 0.004312951023617458, 'D_low': 9.497440085397416, 'k2': 1.915468390724633e-05, 'D_high': 71534.52030884045, 'fire_exp': 1.024589524149873, 'P_half': 220.3445560633069, 'pre_dampen_half': 502.5175192217655, 'gpp_af': 0.7539992074650282, 'gpp_b': 0.0021331409710300844, 'gpp_d': 16.460426816350534, 'ign_k': 0.06807874826564587, 'ign_c': 15.221840161091619, 'trop_agb_crit': 24.584290528289387, 'trop_k_veg': 1.4584243470991722, 'fuel_k': 4.680936683972859, 'fuel_half': 52.005817291141206}.
[I 2026-07-22 21:41:04,003] Trial 24 finished with values: [10.769198519483995, 10.769198519483995] and parameters: {'k1': 6.069662445477729e-05, 'D_low': 2.607160725470918, 'k2': 2.5299503921303695e-05, 'D_high': 12.862664853393753, 'fire_exp': 1.0903919400451174, 'P_half': 539.5442811888478, 'pre_dampen_half': 0.022695682239207024, 'gpp_af': 0.03934396739328546, 'gpp_b': 1.172875368591911, 'gpp_d': 0.01307253094873642, 'ign_k': 1.810814362107967, 'ign_c': 1.3409701145872435, 'trop_agb_crit': 1.4946647023314867, 'trop_k_veg': 3.4508425771776365, 'fuel_k': 0.5588539902953052, 'fuel_half': 42.89592532297351}.
[I 2026-07-22 21:41:04,412] Trial 25 finished with values: [10.769230769178105, 10.769230769178105] and parameters: {'k1': 0.008715336806899437, 'D_low': 66204.20614596555, 'k2': 0.00013431925993528124, 'D_high': 116.04789380012717, 'fire_exp': 1.9892970599674515, 'P_half': 1687.869855879562, 'pre_dampen_half': 896.4492537002844, 'gpp_af': 0.11563475499641611, 'gpp_b': 0.0017065087316216368, 'gpp_d': 76.2192732934521, 'ign_k': 0.02307884981527798, 'ign_c': 528.4809078673592, 'trop_agb_crit': 18.534450766991437, 'trop_k_veg': 1.6425942005223326, 'fuel_k': 1.2190833389450217, 'fuel_half': 18.349685376940496}.
[I 2026-07-22 21:41:04,828] Trial 26 finished with values: [10.769230769178105, 10.769230769178105] and parameters: {'k1': 2.5852079056761296e-05, 'D_low': 260206.07998030365, 'k2': 0.0010495653625093638, 'D_high': 909378.7396959377, 'fire_exp': 1.3407893171095366, 'P_half': 3820.259936390117, 'pre_dampen_half': 0.8830969679935063, 'gpp_af': 0.0011328913410639256, 'gpp_b': 2.705776113447921, 'gpp_d': 0.028604435659156362, 'ign_k': 0.018934530915191535, 'ign_c': 631.3175583634927, 'trop_agb_crit': 25.360745838025757, 'trop_k_veg': 2.4516474838484386, 'fuel_k': 0.5692975843713446, 'fuel_half': 2.2148104601284695}.
[I 2026-07-22 21:41:05,240] Trial 27 finished with values: [10.769230769178105, 10.769230769178105] and parameters: {'k1': 0.00014888230597983555, 'D_low': 93.75345303884801, 'k2': 0.004898620823554844, 'D_high': 326773.76097937283, 'fire_exp': 2.0653847761096813, 'P_half': 1440.3650379563878, 'pre_dampen_half': 0.02857791336012968, 'gpp_af': 0.29655245488781967, 'gpp_b': 2.2148920285054975e-05, 'gpp_d': 5.59299474937248, 'ign_k': 0.058360903338292344, 'ign_c': 355.4812765190887, 'trop_agb_crit': 3.2987091387776, 'trop_k_veg': 0.6917238310727143, 'fuel_k': 0.02496045629458217, 'fuel_half': 19.254484473270928}.
[I 2026-07-22 21:41:05,678] Trial 28 finished with values: [10.279018000835157, 10.279018000835157] and parameters: {'k1': 0.0029707920514735983, 'D_low': 4.043300846639722, 'k2': 2.1698375693549493e-05, 'D_high': 160625.60954780428, 'fire_exp': 1.0689448798385355, 'P_half': 1938.3858782150498, 'pre_dampen_half': 33.97904243111269, 'gpp_af': 0.0025511964576171086, 'gpp_b': 3.228689523591491e-05, 'gpp_d': 857.4284557962626, 'ign_k': 0.03141110271934876, 'ign_c': 3.0378658251922155, 'trop_agb_crit': 15.870971677383487, 'trop_k_veg': 6.911478238001162, 'fuel_k': 5.486054129200971, 'fuel_half': 18.202647368248815}.
[I 2026-07-22 21:41:06,142] Trial 29 finished with values: [10.765676431758436, 10.765676431758436] and parameters: {'k1': 0.0003199177539819797, 'D_low': 3.169598846855015, 'k2': 0.012840669372724958, 'D_high': 22409.155921648, 'fire_exp': 1.4750777427176416, 'P_half': 4221.021267871046, 'pre_dampen_half': 0.03597389076048619, 'gpp_af': 0.290486210751816, 'gpp_b': 1.1698276136056565e-05, 'gpp_d': 2.2044650100999164, 'ign_k': 0.001679627987843051, 'ign_c': 0.2987250655313649, 'trop_agb_crit': 1.4914219038863046, 'trop_k_veg': 3.024803048559367, 'fuel_k': 1.1820218758583807, 'fuel_half': 5.624789772977319}.
[I 2026-07-22 21:41:06,616] Trial 30 finished with values: [10.769230769178105, 10.769230769178105] and parameters: {'k1': 0.07058138788373684, 'D_low': 177.51026696160926, 'k2': 0.00013894673469237216, 'D_high': 1627776.4805093466, 'fire_exp': 1.227376291215979, 'P_half': 7126.727573532312, 'pre_dampen_half': 0.011501973785501987, 'gpp_af': 70.695884676536, 'gpp_b': 1.815346247026201e-05, 'gpp_d': 285.57196407381804, 'ign_k': 0.12906379659404604, 'ign_c': 937.2580613581177, 'trop_agb_crit': 1.285305820648146, 'trop_k_veg': 2.3220791324604515, 'fuel_k': 4.930251243812929, 'fuel_half': 3.7093134348291836}.
[I 2026-07-22 21:41:07,049] Trial 31 finished with values: [10.769230748497725, 10.769230748497725] and parameters: {'k1': 0.0032930213963426706, 'D_low': 14944.869734548733, 'k2': 0.0006579066240690734, 'D_high': 58257.048833920686, 'fire_exp': 1.7081344131891414, 'P_half': 4023.759749324184, 'pre_dampen_half': 0.016874538403502292, 'gpp_af': 0.02539896080949815, 'gpp_b': 5.040445281577143, 'gpp_d': 282.69551568161273, 'ign_k': 0.06647020392311619, 'ign_c': 30.236421525614126, 'trop_agb_crit': 2.5687724869754125, 'trop_k_veg': 0.8423458720358215, 'fuel_k': 0.194188856108826, 'fuel_half': 1.1483034881881862}.
[I 2026-07-22 21:41:07,472] Trial 32 finished with values: [10.769230769178105, 10.769230769178105] and parameters: {'k1': 0.0021608491389795734, 'D_low': 2.9268995763513703, 'k2': 0.07899129442978683, 'D_high': 8265411.247641915, 'fire_exp': 1.8959482476284164, 'P_half': 139.43938716215922, 'pre_dampen_half': 0.3528889678010765, 'gpp_af': 11.721281564387024, 'gpp_b': 0.12834738816570018, 'gpp_d': 0.0650256491919448, 'ign_k': 4.402595019759701, 'ign_c': 195.05135501755055, 'trop_agb_crit': 25.291211862851277, 'trop_k_veg': 3.7395846305448206, 'fuel_k': 0.5060112745891268, 'fuel_half': 1.7977492194881812}.
[I 2026-07-22 21:41:07,882] Trial 33 finished with values: [10.769230769178105, 10.769230769178105] and parameters: {'k1': 0.05381631211304983, 'D_low': 157174.9522208872, 'k2': 1.5166126720973775e-05, 'D_high': 14.39467443885119, 'fire_exp': 1.411919172217418, 'P_half': 1746.6799020707338, 'pre_dampen_half': 863.7352551163657, 'gpp_af': 0.005650468465378645, 'gpp_b': 0.03670999219036884, 'gpp_d': 0.8025170779205821, 'ign_k': 7.579797290136804, 'ign_c': 233.60153518074975, 'trop_agb_crit': 17.31064093621214, 'trop_k_veg': 1.8337190795745402, 'fuel_k': 0.1420467557229587, 'fuel_half': 0.6610300699552029}.
