[I 2026-07-25 00:40:18,055] Trial 1411 finished with value: -0.6039680668121612 and parameters: {'k1': 0.003688053949890658, 'D_low': 68.98461257069198, 'k2': 0.00021950141689044815, 'D_high': 1456841.63905792, 'fire_exp': 1.1804698726961484, 'P_half': 28.49153864368506, 'pre_dampen_half': 0.02108646152848953, 'gpp_af': 11.27487708882302, 'gpp_b': 0.5641236943228048, 'gpp_d': 668.9362027939225, 'ign_k': 0.019298094762391093, 'ign_c': 11.447804582708851, 'trop_agb_crit': 5.072757189478807, 'trop_k_veg': 3.7671262250990663, 'gdp_gamma': 1.8494670036265946, 'cure_k': 0.04711892424630153, 'cure_p_min': 393.8476432667066, 'cure_gpp_ref': 1.1442594303665918, 'cure_agb_crit': 3.450632081160976, 'fuel_k': 0.021179385636173362, 'fuel_half': 0.10232644119869709}. Best is trial 1132 with value: -0.6317570269256394.
[I 2026-07-25 00:40:18,521] Trial 1412 finished with value: 0.4405435155748041 and parameters: {'k1': 1.642652400180951e-05, 'D_low': 3925.4799888179086, 'k2': 4.867040235288839e-05, 'D_high': 62220.71830606778, 'fire_exp': 1.8039193275168184, 'P_half': 1.6684156864698567, 'pre_dampen_half': 0.13320762442975542, 'gpp_af': 0.002560477910496552, 'gpp_b': 0.000753592839405617, 'gpp_d': 10.169314116246435, 'ign_k': 0.15187668836375567, 'ign_c': 0.38997129372855593, 'trop_agb_crit': 10.012436368536735, 'trop_k_veg': 1.982054204520058, 'gdp_gamma': 0.6881091516333365, 'cure_k': 0.0036043060390529374, 'cure_p_min': 363.01410286555205, 'cure_gpp_ref': 1.1966018491664463, 'cure_agb_crit': 2.4174467800135226, 'fuel_k': 3.416451262176842, 'fuel_half': 0.40167575468746464}. Best is trial 1132 with value: -0.6317570269256394.
[I 2026-07-25 00:40:18,992] Trial 1413 finished with value: 0.4980104224376912 and parameters: {'k1': 0.012958398243538668, 'D_low': 312.7332796902483, 'k2': 0.0012951189458122352, 'D_high': 3440678.4731968963, 'fire_exp': 1.7381368794922722, 'P_half': 121.42758284424202, 'pre_dampen_half': 1.4821643558622344, 'gpp_af': 0.12233400355055439, 'gpp_b': 1.7213804697172438e-05, 'gpp_d': 531.6019414717084, 'ign_k': 0.0016681135556427125, 'ign_c': 20.157917475833575, 'trop_agb_crit': 28.373552258196217, 'trop_k_veg': 1.4894493406945397, 'gdp_gamma': 0.202490347818517, 'cure_k': 0.02139453248816624, 'cure_p_min': 244.97028299456503, 'cure_gpp_ref': 0.8640339736111933, 'cure_agb_crit': 6.015809633539657, 'fuel_k': 0.4022488976483376, 'fuel_half': 70.58732407811645}. Best is trial 1132 with value: -0.6317570269256394.
[I 2026-07-25 00:40:19,459] Trial 1414 finished with value: 0.4037872310358337 and parameters: {'k1': 0.009222161758228568, 'D_low': 173.67257312610988, 'k2': 0.007050160814377834, 'D_high': 2961439.4795879954, 'fire_exp': 1.3736753045325705, 'P_half': 38.2393789127281, 'pre_dampen_half': 5.488004010049105, 'gpp_af': 0.008305518276996892, 'gpp_b': 0.0001514334017983897, 'gpp_d': 4.655189380828943, 'ign_k': 0.0034414511310862333, 'ign_c': 9.601056712280599, 'trop_agb_crit': 24.720132417955558, 'trop_k_veg': 1.39001396126479, 'gdp_gamma': 0.5508028880886994, 'cure_k': 0.009519928489414744, 'cure_p_min': 297.4056251841667, 'cure_gpp_ref': 0.20140952650061306, 'cure_agb_crit': 1.2786067630202829, 'fuel_k': 0.04813008343470973, 'fuel_half': 48.24700725692515}. Best is trial 1132 with value: -0.6317570269256394.
[I 2026-07-25 00:40:19,926] Trial 1415 finished with value: 0.5053153330608142 and parameters: {'k1': 0.00540597556232555, 'D_low': 3.3919929556639685, 'k2': 2.3529821238677093e-05, 'D_high': 7655393.501599871, 'fire_exp': 1.0332882415560338, 'P_half': 1.7923897561983198, 'pre_dampen_half': 3.1504609186944106, 'gpp_af': 0.1517963708409234, 'gpp_b': 6.072441472481577, 'gpp_d': 157.56618916612894, 'ign_k': 0.015404074526781693, 'ign_c': 1.485424226777994, 'trop_agb_crit': 19.68028185358352, 'trop_k_veg': 2.978160238596061, 'gdp_gamma': 1.7188790945122168, 'cure_k': 0.05397994731286947, 'cure_p_min': 288.7853991469346, 'cure_gpp_ref': 0.15346553104889532, 'cure_agb_crit': 6.197724102358318, 'fuel_k': 0.3200591380765647, 'fuel_half': 0.33102763931035734}. Best is trial 1132 with value: -0.6317570269256394.
[I 2026-07-25 00:40:20,534] Trial 1416 finished with value: -0.6023464274158623 and parameters: {'k1': 1.5227389155193821e-05, 'D_low': 1.4596161622126282, 'k2': 7.715942274841114e-05, 'D_high': 208285.66100355666, 'fire_exp': 1.6042047282080774, 'P_half': 21.81334203463032, 'pre_dampen_half': 1.3167619161678408, 'gpp_af': 0.04034891740432826, 'gpp_b': 0.0011295545355733503, 'gpp_d': 24.712330612179944, 'ign_k': 1.8699420232753754, 'ign_c': 17.813899256772974, 'trop_agb_crit': 2.0084248054414546, 'trop_k_veg': 0.9731047886943784, 'gdp_gamma': 1.7348516473176203, 'cure_k': 0.05424582472561518, 'cure_p_min': 316.5982606971331, 'cure_gpp_ref': 0.08330549278014192, 'cure_agb_crit': 2.304863646582726, 'fuel_k': 0.5162975299322422, 'fuel_half': 27.70795011825691}. Best is trial 1132 with value: -0.6317570269256394.
[I 2026-07-25 00:40:21,001] Trial 1417 finished with value: -0.5440480368321754 and parameters: {'k1': 0.012602373088740045, 'D_low': 222.76728733572156, 'k2': 0.005755051617955754, 'D_high': 7695015.655256674, 'fire_exp': 1.1941727657857095, 'P_half': 848.4867654738521, 'pre_dampen_half': 1.669047206672131, 'gpp_af': 0.09309947923246743, 'gpp_b': 1.0295112678001062e-05, 'gpp_d': 0.0327235520787147, 'ign_k': 0.02079044502398523, 'ign_c': 14.23674761080591, 'trop_agb_crit': 8.565144621578016, 'trop_k_veg': 0.859525718243897, 'gdp_gamma': 1.6254266469143548, 'cure_k': 0.0014557114444237876, 'cure_p_min': 338.7315481502372, 'cure_gpp_ref': 0.6510496306834463, 'cure_agb_crit': 1.645541202187445, 'fuel_k': 0.07363083291852893, 'fuel_half': 56.82621419922376}. Best is trial 1132 with value: -0.6317570269256394.
[I 2026-07-25 00:40:21,498] Trial 1418 finished with value: 0.525976749004785 and parameters: {'k1': 1.0992643238818918e-05, 'D_low': 19.362141322703966, 'k2': 2.716314579213386e-05, 'D_high': 2568235.527839335, 'fire_exp': 1.0155169823916135, 'P_half': 6.70698880482338, 'pre_dampen_half': 3.3856522063009478, 'gpp_af': 0.007987399443435907, 'gpp_b': 0.0008517130905795116, 'gpp_d': 1.522105236755102, 'ign_k': 0.006511875569808074, 'ign_c': 0.5698234489813097, 'trop_agb_crit': 4.779380366579989, 'trop_k_veg': 2.1129630534067307, 'gdp_gamma': 1.0458403732153447, 'cure_k': 0.46483173611956263, 'cure_p_min': 317.2691786898408, 'cure_gpp_ref': 0.06611341348307043, 'cure_agb_crit': 1.0774140828350134, 'fuel_k': 0.09296274394056867, 'fuel_half': 43.39007470161345}. Best is trial 1132 with value: -0.6317570269256394.
[I 2026-07-25 00:40:21,988] Trial 1419 finished with value: 0.5849878941881943 and parameters: {'k1': 0.00012535026019258458, 'D_low': 1.121722537071791, 'k2': 1.4293345534317937e-05, 'D_high': 234376.31554439454, 'fire_exp': 1.1227876450784327, 'P_half': 3676.2664551161142, 'pre_dampen_half': 4.427536069974421, 'gpp_af': 0.004041327125301929, 'gpp_b': 0.020193040457724677, 'gpp_d': 622.5817008264119, 'ign_k': 0.0135218218344867, 'ign_c': 1.891950248571935, 'trop_agb_crit': 6.9794012730541235, 'trop_k_veg': 2.6551778995635846, 'gdp_gamma': 1.9053678880003582, 'cure_k': 0.0020845216154563393, 'cure_p_min': 327.25713729691296, 'cure_gpp_ref': 0.1939065377264006, 'cure_agb_crit': 6.210640359474109, 'fuel_k': 0.022221124388099176, 'fuel_half': 0.12708312429268762}. Best is trial 1132 with value: -0.6317570269256394.
[I 2026-07-25 00:40:22,456] Trial 1420 finished with value: 0.5032974771995828 and parameters: {'k1': 0.012015873613819443, 'D_low': 6.417302659557874, 'k2': 0.036284249663733975, 'D_high': 6411053.455730063, 'fire_exp': 1.7996598415003104, 'P_half': 34.04379394331609, 'pre_dampen_half': 8.926724535668129, 'gpp_af': 0.010219170389586705, 'gpp_b': 0.0004580286645209912, 'gpp_d': 0.02332845426807678, 'ign_k': 0.02113213673580582, 'ign_c': 3.8081616391239983, 'trop_agb_crit': 7.836342723146616, 'trop_k_veg': 1.483456726005783, 'gdp_gamma': 0.15441206636977758, 'cure_k': 0.0029609769991212963, 'cure_p_min': 267.2194328364255, 'cure_gpp_ref': 1.0171463556552574, 'cure_agb_crit': 1.4516552606569846, 'fuel_k': 0.02972526616156759, 'fuel_half': 43.74354332572035}. Best is trial 1132 with value: -0.6317570269256394.
[I 2026-07-25 00:40:22,925] Trial 1421 finished with value: -0.605909546025899 and parameters: {'k1': 0.028543492766375085, 'D_low': 22.27295158141663, 'k2': 0.03516595200961717, 'D_high': 1957752.2198193674, 'fire_exp': 1.3009220432407227, 'P_half': 305.76175663712957, 'pre_dampen_half': 3.224370499184826, 'gpp_af': 0.014384949600895685, 'gpp_b': 0.005247741256946928, 'gpp_d': 6.386385147443794, 'ign_k': 0.0049035050441237115, 'ign_c': 1.633022864855941, 'trop_agb_crit': 29.460538096790955, 'trop_k_veg': 1.0076388468335693, 'gdp_gamma': 0.73043189244821, 'cure_k': 0.0013139529312498409, 'cure_p_min': 372.22494462862414, 'cure_gpp_ref': 0.1811266479729449, 'cure_agb_crit': 1.8729010450257455, 'fuel_k': 0.032896963535837626, 'fuel_half': 94.6849649483902}. Best is trial 1132 with value: -0.6317570269256394.
[I 2026-07-25 00:40:23,394] Trial 1422 finished with value: 0.5247745247215401 and parameters: {'k1': 0.00038269271013987883, 'D_low': 6.949748413941532, 'k2': 1.2995330342152887e-05, 'D_high': 4940580.592075676, 'fire_exp': 1.3129739586747602, 'P_half': 709.2385318125304, 'pre_dampen_half': 0.15564624833501772, 'gpp_af': 1.6656381195150904, 'gpp_b': 0.12239890257677263, 'gpp_d': 674.3621390101846, 'ign_k': 0.10734085474816418, 'ign_c': 0.2704458970114057, 'trop_agb_crit': 2.687518700121941, 'trop_k_veg': 4.551040167559583, 'gdp_gamma': 0.11227219409184419, 'cure_k': 1.0923719389447952, 'cure_p_min': 272.9819294692837, 'cure_gpp_ref': 1.1929865613649913, 'cure_agb_crit': 1.8917885008253559, 'fuel_k': 0.03126424302458718, 'fuel_half': 0.9189264488032893}. Best is trial 1132 with value: -0.6317570269256394.
[I 2026-07-25 00:40:23,860] Trial 1423 finished with value: 0.5314300930353026 and parameters: {'k1': 0.0005243525396046108, 'D_low': 1.1013374588768652, 'k2': 2.1175777127634277e-05, 'D_high': 5365.110800472915, 'fire_exp': 1.147227987771531, 'P_half': 728.3537545802891, 'pre_dampen_half': 5.209434562873456, 'gpp_af': 5.472511535322276, 'gpp_b': 8.614589847147242, 'gpp_d': 485.0359429330866, 'ign_k': 0.0027492677997863735, 'ign_c': 1.8394986450549797, 'trop_agb_crit': 11.305442074626548, 'trop_k_veg': 2.4190864730391706, 'gdp_gamma': 0.00649579345286483, 'cure_k': 0.18663263200630542, 'cure_p_min': 237.78503184855248, 'cure_gpp_ref': 0.5294106440252537, 'cure_agb_crit': 3.1318040702089704, 'fuel_k': 0.0234548846917381, 'fuel_half': 0.2984347848886915}. Best is trial 1132 with value: -0.6317570269256394.
[I 2026-07-25 00:40:24,324] Trial 1424 finished with value: 0.5560020655895934 and parameters: {'k1': 1.7506257408536883e-05, 'D_low': 18.390475552310324, 'k2': 6.984662429622157e-05, 'D_high': 4088619.9772488833, 'fire_exp': 1.8817601760938922, 'P_half': 2.320215454702222, 'pre_dampen_half': 0.24061175989538688, 'gpp_af': 0.01738998122054048, 'gpp_b': 0.00688572995728157, 'gpp_d': 533.1495911692986, 'ign_k': 0.9556596073044421, 'ign_c': 8.075430787857472, 'trop_agb_crit': 1.471041818847432, 'trop_k_veg': 0.8315230463662808, 'gdp_gamma': 0.422841761487531, 'cure_k': 0.0058081458502279625, 'cure_p_min': 254.1288359025349, 'cure_gpp_ref': 0.05594912475839533, 'cure_agb_crit': 1.231342940167378, 'fuel_k': 1.3548632512393741, 'fuel_half': 52.137418730485905}. Best is trial 1132 with value: -0.6317570269256394.
[I 2026-07-25 00:40:24,796] Trial 1425 finished with value: 0.6384683859376159 and parameters: {'k1': 0.00019607985295597022, 'D_low': 15.605137017712002, 'k2': 1.3306083779162118e-05, 'D_high': 7012482.644394386, 'fire_exp': 1.0662357559897673, 'P_half': 17.680498568341203, 'pre_dampen_half': 36.854888547423414, 'gpp_af': 0.4302821941942434, 'gpp_b': 0.0025350911103518086, 'gpp_d': 644.3411838251136, 'ign_k': 0.013793322785137162, 'ign_c': 0.6408612713738799, 'trop_agb_crit': 11.377337464709493, 'trop_k_veg': 3.3654705074083515, 'gdp_gamma': 1.0839968140082754, 'cure_k': 0.12280348967715306, 'cure_p_min': 202.26202190595313, 'cure_gpp_ref': 0.6364606922418198, 'cure_agb_crit': 7.084718699454336, 'fuel_k': 0.08444651327340427, 'fuel_half': 0.5722779975660325}. Best is trial 1132 with value: -0.6317570269256394.
[I 2026-07-25 00:40:25,256] Trial 1426 finished with value: 0.5253196270940552 and parameters: {'k1': 0.004895692172905089, 'D_low': 1750.359787727657, 'k2': 0.0002333482475281367, 'D_high': 2037632.7632042537, 'fire_exp': 2.6641469509513263, 'P_half': 1020.8067521513983, 'pre_dampen_half': 5.871701863074426, 'gpp_af': 0.00946441505043562, 'gpp_b': 0.0017591345439652798, 'gpp_d': 60.408531684513605, 'ign_k': 4.3070738226733205, 'ign_c': 143.4764815246233, 'trop_agb_crit': 2.1609674111608905, 'trop_k_veg': 1.282465387134154, 'gdp_gamma': 0.3825372585525393, 'cure_k': 0.10290521026851182, 'cure_p_min': 255.26496368895906, 'cure_gpp_ref': 0.805005188780285, 'cure_agb_crit': 3.4124761585684937, 'fuel_k': 1.7850626446476254, 'fuel_half': 1.4062052995216385}. Best is trial 1132 with value: -0.6317570269256394.
[I 2026-07-25 00:40:25,722] Trial 1427 finished with value: 0.5894400874860766 and parameters: {'k1': 0.00011932936469312292, 'D_low': 14.710128644095521, 'k2': 0.00026571601836692055, 'D_high': 792921.2207204166, 'fire_exp': 1.4551517710533781, 'P_half': 211.49209301975992, 'pre_dampen_half': 0.5584108093822867, 'gpp_af': 0.017378622083252672, 'gpp_b': 5.046532951998339e-05, 'gpp_d': 855.4622497912308, 'ign_k': 0.3131813951772691, 'ign_c': 69.98563484871121, 'trop_agb_crit': 4.900436307045345, 'trop_k_veg': 3.699180484223329, 'gdp_gamma': 0.4473703504521229, 'cure_k': 0.032608000185469166, 'cure_p_min': 287.6435593547523, 'cure_gpp_ref': 1.0829430486200242, 'cure_agb_crit': 4.72817995125614, 'fuel_k': 0.16847317377307175, 'fuel_half': 40.39686120658815}. Best is trial 1132 with value: -0.6317570269256394.
[I 2026-07-25 00:40:26,191] Trial 1428 finished with value: 0.5789883276473521 and parameters: {'k1': 0.000124425707012278, 'D_low': 21.335768520393348, 'k2': 0.0009574567724477205, 'D_high': 1821272.0210922186, 'fire_exp': 1.7537964484481618, 'P_half': 615.822360323739, 'pre_dampen_half': 1.4938709568888133, 'gpp_af': 0.04698650461854781, 'gpp_b': 0.0012153711115562443, 'gpp_d': 559.6781916019567, 'ign_k': 4.245566885425161, 'ign_c': 12.762218979971953, 'trop_agb_crit': 2.809107042854149, 'trop_k_veg': 1.8242225834500014, 'gdp_gamma': 1.7970800280941852, 'cure_k': 0.653597086662598, 'cure_p_min': 357.7039745843879, 'cure_gpp_ref': 0.23995043086890144, 'cure_agb_crit': 2.047661777295616, 'fuel_k': 5.41652262552156, 'fuel_half': 72.45148506955289}. Best is trial 1132 with value: -0.6317570269256394.
[I 2026-07-25 00:40:26,654] Trial 1429 finished with value: 0.47136278144724675 and parameters: {'k1': 0.048450550426576214, 'D_low': 2.752099485757518, 'k2': 0.0010724585959769161, 'D_high': 7758424.876726623, 'fire_exp': 1.3867697429159127, 'P_half': 59.49667163236602, 'pre_dampen_half': 1.648065345916568, 'gpp_af': 0.008068556705574874, 'gpp_b': 0.0014346171355091504, 'gpp_d': 26.79926079442919, 'ign_k': 0.2732611635766061, 'ign_c': 4.4365344006055745, 'trop_agb_crit': 13.202415277913529, 'trop_k_veg': 4.442317399885051, 'gdp_gamma': 0.3128668850916535, 'cure_k': 0.002722545237172073, 'cure_p_min': 260.4110594852319, 'cure_gpp_ref': 0.5270284942732992, 'cure_agb_crit': 5.97078816935568, 'fuel_k': 4.688964831365269, 'fuel_half': 4.9182795777741015}. Best is trial 1132 with value: -0.6317570269256394.
[I 2026-07-25 00:40:27,123] Trial 1430 finished with value: 0.4318731239603185 and parameters: {'k1': 0.0032077931042963845, 'D_low': 2.831659798176605, 'k2': 0.0034955662659617503, 'D_high': 3128628.8901685225, 'fire_exp': 1.4645854165623673, 'P_half': 158.30088486469597, 'pre_dampen_half': 6.263744448384432, 'gpp_af': 0.008298750851872514, 'gpp_b': 7.795161985168761e-05, 'gpp_d': 221.02987812982872, 'ign_k': 0.006517367916545973, 'ign_c': 36.13445360178426, 'trop_agb_crit': 13.341884912969192, 'trop_k_veg': 1.571951079232555, 'gdp_gamma': 1.7992655328812472, 'cure_k': 0.0015509458163214152, 'cure_p_min': 189.4486353043372, 'cure_gpp_ref': 0.7818543685748423, 'cure_agb_crit': 5.404463210273369, 'fuel_k': 2.827412252442711, 'fuel_half': 22.59652769124514}. Best is trial 1132 with value: -0.6317570269256394.
[I 2026-07-25 00:40:27,589] Trial 1431 finished with value: 0.4642142298713625 and parameters: {'k1': 7.11126897621729e-05, 'D_low': 16.740633364079592, 'k2': 0.000356620291712603, 'D_high': 760461.8403369763, 'fire_exp': 1.0889385129905784, 'P_half': 234.86203176033786, 'pre_dampen_half': 0.059515429228880555, 'gpp_af': 0.13417828798574172, 'gpp_b': 0.006124395280002802, 'gpp_d': 7.383573397752931, 'ign_k': 1.790578058003663, 'ign_c': 24.246979277334887, 'trop_agb_crit': 1.2877383200291772, 'trop_k_veg': 2.9791556141885955, 'gdp_gamma': 0.6115294326263772, 'cure_k': 0.0018127970608378618, 'cure_p_min': 213.32116297641346, 'cure_gpp_ref': 0.5570201114513678, 'cure_agb_crit': 4.1165634057485185, 'fuel_k': 4.676998175171406, 'fuel_half': 13.407794974112443}. Best is trial 1132 with value: -0.6317570269256394.
[I 2026-07-25 00:40:28,057] Trial 1432 finished with value: 0.4421011016285755 and parameters: {'k1': 1.712012946598154e-05, 'D_low': 92.59818687111654, 'k2': 0.00046132368644184393, 'D_high': 842701.4056181083, 'fire_exp': 1.1215500954234376, 'P_half': 1134.1687786876996, 'pre_dampen_half': 0.6104883392880287, 'gpp_af': 5.73999713759103, 'gpp_b': 0.0003958114722570227, 'gpp_d': 8.901902348320524, 'ign_k': 0.0017838767050113971, 'ign_c': 147.37415112649194, 'trop_agb_crit': 24.44277510476819, 'trop_k_veg': 0.8468524362456407, 'gdp_gamma': 0.8990868399514204, 'cure_k': 0.036556450275842645, 'cure_p_min': 137.730467030845, 'cure_gpp_ref': 0.06398457287079323, 'cure_agb_crit': 2.0716723548105436, 'fuel_k': 0.12413454808131878, 'fuel_half': 61.655172951521315}. Best is trial 1132 with value: -0.6317570269256394.
[I 2026-07-25 00:40:28,525] Trial 1433 finished with value: 0.4209531783485485 and parameters: {'k1': 0.03353155238819976, 'D_low': 11.452444713204224, 'k2': 0.004764372242920369, 'D_high': 8813537.873275558, 'fire_exp': 1.578295242998988, 'P_half': 878.8736323485126, 'pre_dampen_half': 3.5851535373805024, 'gpp_af': 0.051980247052686245, 'gpp_b': 0.0004809721909795589, 'gpp_d': 0.0463881174159882, 'ign_k': 0.8462111445569007, 'ign_c': 14.142618088825056, 'trop_agb_crit': 15.277139924122752, 'trop_k_veg': 2.390545071886405, 'gdp_gamma': 0.6081458810873203, 'cure_k': 0.004172749906627459, 'cure_p_min': 246.4711903910666, 'cure_gpp_ref': 0.36803412978301775, 'cure_agb_crit': 1.4774497883195603, 'fuel_k': 0.16556287545132695, 'fuel_half': 67.26871802851109}. Best is trial 1132 with value: -0.6317570269256394.
[I 2026-07-25 00:40:28,990] Trial 1434 finished with value: 0.5709609038011554 and parameters: {'k1': 1.5870382738178108e-05, 'D_low': 41.15073630894578, 'k2': 1.0915637422908765e-05, 'D_high': 904896.919707698, 'fire_exp': 1.146131445370406, 'P_half': 1.6775688356108458, 'pre_dampen_half': 0.3287544588126593, 'gpp_af': 0.001323647773547416, 'gpp_b': 0.0016034886945152987, 'gpp_d': 6.856817247978371, 'ign_k': 0.023022065977246105, 'ign_c': 4.390787642032269, 'trop_agb_crit': 3.4083970423632293, 'trop_k_veg': 1.90990713314029, 'gdp_gamma': 0.1538555251938298, 'cure_k': 0.01287153331580444, 'cure_p_min': 294.5436058639132, 'cure_gpp_ref': 0.2801866121013037, 'cure_agb_crit': 1.0212123363889558, 'fuel_k': 0.10771221219241675, 'fuel_half': 29.131559758743645}. Best is trial 1132 with value: -0.6317570269256394.
[I 2026-07-25 00:40:29,454] Trial 1435 finished with value: 0.5488498603604441 and parameters: {'k1': 0.0015237816915326767, 'D_low': 797.1558539963676, 'k2': 0.06490904566651563, 'D_high': 113834.04606484034, 'fire_exp': 4.371699606275975, 'P_half': 31.611342703062427, 'pre_dampen_half': 0.7656327427178652, 'gpp_af': 0.002292465458464441, 'gpp_b': 0.00018860450951543943, 'gpp_d': 4.055843033049202, 'ign_k': 0.031292922269121955, 'ign_c': 1.600631298013527, 'trop_agb_crit': 16.942680587785674, 'trop_k_veg': 0.93615334725019, 'gdp_gamma': 1.5052346773425094, 'cure_k': 0.001626304905180844, 'cure_p_min': 343.2823855395844, 'cure_gpp_ref': 0.10417295473370966, 'cure_agb_crit': 1.9660875809360887, 'fuel_k': 0.010566729283528005, 'fuel_half': 61.35359870970703}. Best is trial 1132 with value: -0.6317570269256394.
[I 2026-07-25 00:40:29,926] Trial 1436 finished with value: 0.5849218559690097 and parameters: {'k1': 0.0016993286610969167, 'D_low': 109.9563394536553, 'k2': 7.04706357107948e-05, 'D_high': 2718591.6595955417, 'fire_exp': 2.8069209994625868, 'P_half': 58.64796611398183, 'pre_dampen_half': 0.14720403289950665, 'gpp_af': 0.1491283927944965, 'gpp_b': 1.9981818678239483e-05, 'gpp_d': 39.011727553681446, 'ign_k': 0.012177976511714268, 'ign_c': 122.21757104952088, 'trop_agb_crit': 24.25343163618404, 'trop_k_veg': 0.5193414149102371, 'gdp_gamma': 0.14614528859438689, 'cure_k': 0.001874831035624342, 'cure_p_min': 202.22314423770337, 'cure_gpp_ref': 0.5208705219522752, 'cure_agb_crit': 3.579138308432224, 'fuel_k': 0.7199806835330557, 'fuel_half': 54.18093834702145}. Best is trial 1132 with value: -0.6317570269256394.
