[I 2026-08-06 02:34:37,194] Trial 1350 finished with values: [10.303654794925405, 10.303654794925405] and parameters: {'k1': 0.03232155805617897, 'D_low': 2.8778985970624857, 'k2': 0.001347977766751687, 'D_high': 1578.0404945802954, 'fire_exp': 1.0473002272689056, 'P_half': 608.3019192425825, 'pre_dampen_half': 14.689898077648792, 'gpp_af': 1.6278996489926025, 'gpp_b': 0.09760461369620549, 'gpp_d': 39.827466658711515, 'ign_k': 3.7173717478250508, 'ign_c': 14.367095138664217}.
[I 2026-08-06 02:34:38,156] Trial 1351 finished with values: [10.728947054283712, 10.728947054283712] and parameters: {'k1': 0.021368329072358756, 'D_low': 31.117676855667376, 'k2': 0.006138509947844854, 'D_high': 1687.3495104568947, 'fire_exp': 1.010722707674549, 'P_half': 276.27089412392087, 'pre_dampen_half': 14.689898077648792, 'gpp_af': 0.004339536161007625, 'gpp_b': 0.1676789742547917, 'gpp_d': 7.797126586048889, 'ign_k': 3.7173717478250508, 'ign_c': 19.19168994439752}.
[I 2026-08-06 02:34:39,091] Trial 1352 finished with values: [10.02479485892171, 10.02479485892171] and parameters: {'k1': 0.021368329072358756, 'D_low': 9.330007965781027, 'k2': 4.763991596630584e-05, 'D_high': 6455.595882939566, 'fire_exp': 1.0473002272689056, 'P_half': 608.3019192425825, 'pre_dampen_half': 14.689898077648792, 'gpp_af': 4.582731702170249, 'gpp_b': 0.10123867001105968, 'gpp_d': 107.84642153666701, 'ign_k': 3.7173717478250508, 'ign_c': 19.19168994439752}.
[I 2026-08-06 02:34:40,086] Trial 1353 finished with values: [-0.48900787979845006, 0.020149006439440398] and parameters: {'k1': 0.025383218374507292, 'D_low': 616.4329525571076, 'k2': 4.763991596630584e-05, 'D_high': 400.9149428326862, 'fire_exp': 1.0473002272689056, 'P_half': 39.03214299767183, 'pre_dampen_half': 199.84738355074384, 'gpp_af': 22.766850248686247, 'gpp_b': 1.5938003265859821, 'gpp_d': 300.3420512048734, 'ign_k': 0.0037322156377670697, 'ign_c': 77.84974831204799}.
[I 2026-08-06 02:34:41,053] Trial 1354 finished with values: [-0.523699177057847, 0.02777684822652715] and parameters: {'k1': 0.021368329072358756, 'D_low': 9.330007965781027, 'k2': 4.763991596630584e-05, 'D_high': 1578.0404945802954, 'fire_exp': 1.3239942327296237, 'P_half': 664.2027816373393, 'pre_dampen_half': 25.15960733455044, 'gpp_af': 22.766850248686247, 'gpp_b': 1.5938003265859821, 'gpp_d': 107.84642153666701, 'ign_k': 3.7173717478250508, 'ign_c': 3.735862630812751}.
[I 2026-08-06 02:34:42,014] Trial 1355 finished with values: [-0.5291549454120954, 0.019771482766974935] and parameters: {'k1': 1.8649768600018216e-05, 'D_low': 18.522006003174383, 'k2': 4.763991596630584e-05, 'D_high': 24939.838794891497, 'fire_exp': 1.3239942327296237, 'P_half': 39.03214299767183, 'pre_dampen_half': 25.15960733455044, 'gpp_af': 4.582731702170249, 'gpp_b': 1.5938003265859821, 'gpp_d': 34.607919041513284, 'ign_k': 3.7173717478250508, 'ign_c': 14.367095138664217}.
[I 2026-08-06 02:34:42,945] Trial 1356 finished with values: [10.05996714168288, 10.05996714168288] and parameters: {'k1': 0.08926311370835228, 'D_low': 31.117676855667376, 'k2': 0.006138509947844854, 'D_high': 1687.3495104568947, 'fire_exp': 1.0473002272689056, 'P_half': 177.4954658911452, 'pre_dampen_half': 14.689898077648792, 'gpp_af': 4.5092553051828705, 'gpp_b': 0.10123867001105968, 'gpp_d': 39.827466658711515, 'ign_k': 7.799059237255681, 'ign_c': 19.19168994439752}.
[I 2026-08-06 02:34:43,907] Trial 1357 finished with values: [10.346878154806456, 10.346878154806456] and parameters: {'k1': 0.025383218374507292, 'D_low': 31.117676855667376, 'k2': 0.0004381141781653133, 'D_high': 6455.595882939566, 'fire_exp': 1.2680134752324452, 'P_half': 664.2027816373393, 'pre_dampen_half': 5.220247411657379, 'gpp_af': 22.766850248686247, 'gpp_b': 0.1676789742547917, 'gpp_d': 39.827466658711515, 'ign_k': 3.7173717478250508, 'ign_c': 14.367095138664217}.
[I 2026-08-06 02:34:44,859] Trial 1358 finished with values: [13.24139493842438, 13.24139493842438] and parameters: {'k1': 0.025383218374507292, 'D_low': 2.122762382987707, 'k2': 0.0002642238654525265, 'D_high': 24939.838794891497, 'fire_exp': 1.2680134752324452, 'P_half': 39.03214299767183, 'pre_dampen_half': 25.15960733455044, 'gpp_af': 4.582731702170249, 'gpp_b': 1.5938003265859821, 'gpp_d': 300.3420512048734, 'ign_k': 3.7173717478250508, 'ign_c': 3.735862630812751}.
[I 2026-08-06 02:34:46,219] Trial 1359 finished with values: [-0.5642879395574086, 0.018163063317454875] and parameters: {'k1': 0.021368329072358756, 'D_low': 68.10869610924271, 'k2': 4.763991596630584e-05, 'D_high': 6455.595882939566, 'fire_exp': 1.0473002272689056, 'P_half': 664.2027816373393, 'pre_dampen_half': 14.689898077648792, 'gpp_af': 4.582731702170249, 'gpp_b': 0.6637926838138378, 'gpp_d': 891.8036602897795, 'ign_k': 3.7173717478250508, 'ign_c': 14.367095138664217}.
[I 2026-08-06 02:34:47,177] Trial 1360 finished with values: [10.059130656587827, 10.059130656587827] and parameters: {'k1': 0.025383218374507292, 'D_low': 31.117676855667376, 'k2': 4.763991596630584e-05, 'D_high': 6455.595882939566, 'fire_exp': 1.2680134752324452, 'P_half': 276.27089412392087, 'pre_dampen_half': 14.689898077648792, 'gpp_af': 0.2651437752241816, 'gpp_b': 0.10123867001105968, 'gpp_d': 39.827466658711515, 'ign_k': 3.7173717478250508, 'ign_c': 14.367095138664217}.
[I 2026-08-06 02:34:48,109] Trial 1361 finished with values: [-0.5607214905700557, 0.019248947194753785] and parameters: {'k1': 0.08926311370835228, 'D_low': 4.603606140283045, 'k2': 0.0004381141781653133, 'D_high': 1578.0404945802954, 'fire_exp': 1.2680134752324452, 'P_half': 608.3019192425825, 'pre_dampen_half': 14.689898077648792, 'gpp_af': 1.6278996489926025, 'gpp_b': 0.09760461369620549, 'gpp_d': 300.3420512048734, 'ign_k': 3.7173717478250508, 'ign_c': 14.367095138664217}.
[I 2026-08-06 02:34:49,067] Trial 1362 finished with values: [-0.572331152227594, 0.014812905529858256] and parameters: {'k1': 0.025383218374507292, 'D_low': 31.117676855667376, 'k2': 0.006138509947844854, 'D_high': 2969.087094484682, 'fire_exp': 1.0473002272689056, 'P_half': 958.8659498594012, 'pre_dampen_half': 14.689898077648792, 'gpp_af': 4.582731702170249, 'gpp_b': 0.000832333943844274, 'gpp_d': 39.827466658711515, 'ign_k': 6.0644663134385235, 'ign_c': 19.19168994439752}.
[I 2026-08-06 02:34:50,030] Trial 1363 finished with values: [10.769164115661779, 10.769164115661779] and parameters: {'k1': 0.08926311370835228, 'D_low': 18.522006003174383, 'k2': 0.0004381141781653133, 'D_high': 400.9149428326862, 'fire_exp': 7.079056384398646, 'P_half': 474.3395631897005, 'pre_dampen_half': 14.689898077648792, 'gpp_af': 4.582731702170249, 'gpp_b': 0.052183838897628114, 'gpp_d': 39.827466658711515, 'ign_k': 3.7173717478250508, 'ign_c': 19.19168994439752}.
[I 2026-08-06 02:34:51,024] Trial 1364 finished with values: [10.081854766078841, 10.081854766078841] and parameters: {'k1': 0.021368329072358756, 'D_low': 31.117676855667376, 'k2': 0.0499774937030317, 'D_high': 6455.595882939566, 'fire_exp': 1.0473002272689056, 'P_half': 70.66140101361141, 'pre_dampen_half': 1.145058586925208, 'gpp_af': 4.582731702170249, 'gpp_b': 0.10123867001105968, 'gpp_d': 39.827466658711515, 'ign_k': 3.7173717478250508, 'ign_c': 14.367095138664217}.
[I 2026-08-06 02:34:52,006] Trial 1365 finished with values: [10.763832161435882, 10.763832161435882] and parameters: {'k1': 0.0016608858962356998, 'D_low': 31.117676855667376, 'k2': 0.005695622647004589, 'D_high': 4016.926345849039, 'fire_exp': 1.2680134752324452, 'P_half': 608.3019192425825, 'pre_dampen_half': 14.689898077648792, 'gpp_af': 0.533530617354796, 'gpp_b': 0.10123867001105968, 'gpp_d': 0.020481677776252226, 'ign_k': 7.799059237255681, 'ign_c': 14.367095138664217}.
[I 2026-08-06 02:34:52,944] Trial 1366 finished with values: [-0.5546017388963934, 0.018515036575400323] and parameters: {'k1': 0.08926311370835228, 'D_low': 31.117676855667376, 'k2': 4.763991596630584e-05, 'D_high': 1687.3495104568947, 'fire_exp': 1.0473002272689056, 'P_half': 664.2027816373393, 'pre_dampen_half': 14.689898077648792, 'gpp_af': 4.582731702170249, 'gpp_b': 0.6637926838138378, 'gpp_d': 39.827466658711515, 'ign_k': 3.7173717478250508, 'ign_c': 14.367095138664217}.
[I 2026-08-06 02:34:53,878] Trial 1367 finished with values: [-0.5715114406643871, 0.011700924052244543] and parameters: {'k1': 0.021368329072358756, 'D_low': 18.522006003174383, 'k2': 0.006138509947844854, 'D_high': 6455.595882939566, 'fire_exp': 1.0473002272689056, 'P_half': 876.2992842289289, 'pre_dampen_half': 14.689898077648792, 'gpp_af': 4.582731702170249, 'gpp_b': 0.10123867001105968, 'gpp_d': 39.827466658711515, 'ign_k': 9.848952560187115, 'ign_c': 19.19168994439752}.
[I 2026-08-06 02:34:54,858] Trial 1368 finished with values: [10.032186523824713, 10.032186523824713] and parameters: {'k1': 0.08926311370835228, 'D_low': 18.522006003174383, 'k2': 0.0011220458274837075, 'D_high': 1687.3495104568947, 'fire_exp': 1.2680134752324452, 'P_half': 276.27089412392087, 'pre_dampen_half': 14.689898077648792, 'gpp_af': 4.582731702170249, 'gpp_b': 0.052183838897628114, 'gpp_d': 39.827466658711515, 'ign_k': 3.7173717478250508, 'ign_c': 14.367095138664217}.
[I 2026-08-06 02:34:55,891] Trial 1369 finished with values: [-0.5626843478092165, 0.021281930518902592] and parameters: {'k1': 0.021368329072358756, 'D_low': 9.330007965781027, 'k2': 4.763991596630584e-05, 'D_high': 308.0832558855944, 'fire_exp': 1.0473002272689056, 'P_half': 664.2027816373393, 'pre_dampen_half': 14.689898077648792, 'gpp_af': 22.766850248686247, 'gpp_b': 1.5938003265859821, 'gpp_d': 368.30088529547436, 'ign_k': 3.7173717478250508, 'ign_c': 14.367095138664217}.
[I 2026-08-06 02:34:56,903] Trial 1370 finished with values: [10.301662493046557, 10.301662493046557] and parameters: {'k1': 0.021368329072358756, 'D_low': 18.522006003174383, 'k2': 0.006138509947844854, 'D_high': 1687.3495104568947, 'fire_exp': 1.2680134752324452, 'P_half': 1681.1809836782468, 'pre_dampen_half': 25.15960733455044, 'gpp_af': 4.582731702170249, 'gpp_b': 0.6637926838138378, 'gpp_d': 39.827466658711515, 'ign_k': 3.7173717478250508, 'ign_c': 19.19168994439752}.
[I 2026-08-06 02:34:57,917] Trial 1371 finished with values: [10.388209771219378, 10.388209771219378] and parameters: {'k1': 0.03232155805617897, 'D_low': 9.330007965781027, 'k2': 4.763991596630584e-05, 'D_high': 6455.595882939566, 'fire_exp': 1.0473002272689056, 'P_half': 608.3019192425825, 'pre_dampen_half': 1.977877490681658, 'gpp_af': 22.766850248686247, 'gpp_b': 0.10123867001105968, 'gpp_d': 107.84642153666701, 'ign_k': 3.7173717478250508, 'ign_c': 14.367095138664217}.
[I 2026-08-06 02:34:58,905] Trial 1372 finished with values: [-0.5316473080456622, 0.017719259319440517] and parameters: {'k1': 0.03232155805617897, 'D_low': 18.522006003174383, 'k2': 4.763991596630584e-05, 'D_high': 6455.595882939566, 'fire_exp': 1.127084760238533, 'P_half': 608.3019192425825, 'pre_dampen_half': 14.689898077648792, 'gpp_af': 22.766850248686247, 'gpp_b': 0.10123867001105968, 'gpp_d': 39.827466658711515, 'ign_k': 3.7173717478250508, 'ign_c': 14.367095138664217}.
[I 2026-08-06 02:34:59,932] Trial 1373 finished with values: [-0.5689504369381227, 0.025356127289253183] and parameters: {'k1': 0.025383218374507292, 'D_low': 18.522006003174383, 'k2': 4.763991596630584e-05, 'D_high': 6455.595882939566, 'fire_exp': 1.0473002272689056, 'P_half': 664.2027816373393, 'pre_dampen_half': 14.689898077648792, 'gpp_af': 22.766850248686247, 'gpp_b': 1.5938003265859821, 'gpp_d': 891.8036602897795, 'ign_k': 3.7173717478250508, 'ign_c': 14.367095138664217}.
[I 2026-08-06 02:35:00,969] Trial 1374 finished with values: [10.765228044529838, 10.765228044529838] and parameters: {'k1': 0.025383218374507292, 'D_low': 18.522006003174383, 'k2': 0.013967310812223448, 'D_high': 1687.3495104568947, 'fire_exp': 1.0473002272689056, 'P_half': 958.8659498594012, 'pre_dampen_half': 14.689898077648792, 'gpp_af': 0.004339536161007625, 'gpp_b': 1.5938003265859821, 'gpp_d': 891.8036602897795, 'ign_k': 1.193692846763647, 'ign_c': 14.367095138664217}.
[I 2026-08-06 02:35:01,995] Trial 1375 finished with values: [10.261721683394274, 10.261721683394274] and parameters: {'k1': 0.03232155805617897, 'D_low': 9.330007965781027, 'k2': 0.001347977766751687, 'D_high': 6455.595882939566, 'fire_exp': 1.0473002272689056, 'P_half': 664.2027816373393, 'pre_dampen_half': 14.689898077648792, 'gpp_af': 22.766850248686247, 'gpp_b': 0.10123867001105968, 'gpp_d': 39.827466658711515, 'ign_k': 3.7173717478250508, 'ign_c': 14.367095138664217}.
[I 2026-08-06 02:35:03,034] Trial 1376 finished with values: [-0.5723855338210253, 0.02670242305454662] and parameters: {'k1': 0.025383218374507292, 'D_low': 18.522006003174383, 'k2': 0.0004381141781653133, 'D_high': 1687.3495104568947, 'fire_exp': 1.2680134752324452, 'P_half': 608.3019192425825, 'pre_dampen_half': 25.15960733455044, 'gpp_af': 22.766850248686247, 'gpp_b': 0.09760461369620549, 'gpp_d': 300.3420512048734, 'ign_k': 3.7173717478250508, 'ign_c': 14.367095138664217}.
[I 2026-08-06 02:35:04,077] Trial 1377 finished with values: [10.61328834274913, 10.61328834274913] and parameters: {'k1': 0.021368329072358756, 'D_low': 9.330007965781027, 'k2': 6.389327191882587e-05, 'D_high': 6455.595882939566, 'fire_exp': 1.0473002272689056, 'P_half': 10.826381820576978, 'pre_dampen_half': 14.689898077648792, 'gpp_af': 4.5092553051828705, 'gpp_b': 0.6637926838138378, 'gpp_d': 107.84642153666701, 'ign_k': 3.529389593576794, 'ign_c': 14.367095138664217}.
[I 2026-08-06 02:35:05,073] Trial 1378 finished with values: [11.967350222766743, 11.967350222766743] and parameters: {'k1': 0.03232155805617897, 'D_low': 18.522006003174383, 'k2': 0.01153590300936118, 'D_high': 6455.595882939566, 'fire_exp': 1.0473002272689056, 'P_half': 608.3019192425825, 'pre_dampen_half': 14.689898077648792, 'gpp_af': 22.766850248686247, 'gpp_b': 1.5938003265859821, 'gpp_d': 368.30088529547436, 'ign_k': 3.7173717478250508, 'ign_c': 0.4558536260712558}.
[I 2026-08-06 02:35:06,030] Trial 1379 finished with values: [-0.5349404029865268, 0.024074111381113816] and parameters: {'k1': 0.025383218374507292, 'D_low': 51.9967392387832, 'k2': 0.006138509947844854, 'D_high': 209.34387533543727, 'fire_exp': 1.010722707674549, 'P_half': 608.3019192425825, 'pre_dampen_half': 14.689898077648792, 'gpp_af': 4.582731702170249, 'gpp_b': 0.3471434970420557, 'gpp_d': 300.3420512048734, 'ign_k': 7.799059237255681, 'ign_c': 14.367095138664217}.
[I 2026-08-06 02:35:07,413] Trial 1380 finished with values: [10.6340065179481, 10.6340065179481] and parameters: {'k1': 0.025383218374507292, 'D_low': 18.522006003174383, 'k2': 0.0499774937030317, 'D_high': 1687.3495104568947, 'fire_exp': 3.306631963306035, 'P_half': 276.27089412392087, 'pre_dampen_half': 25.15960733455044, 'gpp_af': 22.766850248686247, 'gpp_b': 0.1676789742547917, 'gpp_d': 39.827466658711515, 'ign_k': 7.799059237255681, 'ign_c': 14.367095138664217}.
[I 2026-08-06 02:35:08,345] Trial 1381 finished with values: [-0.5662778498116673, 0.02860208333252412] and parameters: {'k1': 6.59971370969243e-05, 'D_low': 18.522006003174383, 'k2': 0.03245789213111113, 'D_high': 6455.595882939566, 'fire_exp': 1.0473002272689056, 'P_half': 608.3019192425825, 'pre_dampen_half': 14.689898077648792, 'gpp_af': 4.582731702170249, 'gpp_b': 0.10123867001105968, 'gpp_d': 39.827466658711515, 'ign_k': 3.7173717478250508, 'ign_c': 14.367095138664217}.
[I 2026-08-06 02:35:09,291] Trial 1382 finished with values: [12.427788489539488, 12.427788489539488] and parameters: {'k1': 0.025383218374507292, 'D_low': 18.522006003174383, 'k2': 0.032985830257901916, 'D_high': 400.9149428326862, 'fire_exp': 1.0473002272689056, 'P_half': 664.2027816373393, 'pre_dampen_half': 225.3679349322475, 'gpp_af': 4.582731702170249, 'gpp_b': 0.6637926838138378, 'gpp_d': 39.827466658711515, 'ign_k': 3.7173717478250508, 'ign_c': 14.367095138664217}.
[I 2026-08-06 02:35:10,237] Trial 1383 finished with values: [10.095846442704934, 10.095846442704934] and parameters: {'k1': 0.08926311370835228, 'D_low': 31.117676855667376, 'k2': 4.763991596630584e-05, 'D_high': 6455.595882939566, 'fire_exp': 1.0473002272689056, 'P_half': 664.2027816373393, 'pre_dampen_half': 14.689898077648792, 'gpp_af': 22.766850248686247, 'gpp_b': 1.5938003265859821, 'gpp_d': 39.827466658711515, 'ign_k': 3.7173717478250508, 'ign_c': 14.367095138664217}.
[I 2026-08-06 02:35:11,169] Trial 1384 finished with values: [10.06192074748416, 10.06192074748416] and parameters: {'k1': 0.025383218374507292, 'D_low': 9.330007965781027, 'k2': 0.0004381141781653133, 'D_high': 1687.3495104568947, 'fire_exp': 1.0473002272689056, 'P_half': 177.4954658911452, 'pre_dampen_half': 14.689898077648792, 'gpp_af': 11.234842109991876, 'gpp_b': 0.00027088020428497265, 'gpp_d': 1.8038346327156136, 'ign_k': 8.708806168038564, 'ign_c': 14.367095138664217}.
[I 2026-08-06 02:35:12,201] Trial 1385 finished with values: [10.743463461605641, 10.743463461605641] and parameters: {'k1': 0.025383218374507292, 'D_low': 1224.75692929812, 'k2': 0.005695622647004589, 'D_high': 1687.3495104568947, 'fire_exp': 1.0473002272689056, 'P_half': 958.8659498594012, 'pre_dampen_half': 14.689898077648792, 'gpp_af': 0.0013672159181644784, 'gpp_b': 0.000832333943844274, 'gpp_d': 7.797126586048889, 'ign_k': 3.7173717478250508, 'ign_c': 14.367095138664217}.
[I 2026-08-06 02:35:13,144] Trial 1386 finished with values: [10.706530567368874, 10.706530567368874] and parameters: {'k1': 0.0016608858962356998, 'D_low': 18.522006003174383, 'k2': 0.005695622647004589, 'D_high': 1687.3495104568947, 'fire_exp': 1.2680134752324452, 'P_half': 958.8659498594012, 'pre_dampen_half': 14.689898077648792, 'gpp_af': 22.766850248686247, 'gpp_b': 0.6637926838138378, 'gpp_d': 7.797126586048889, 'ign_k': 3.7173717478250508, 'ign_c': 19.19168994439752}.
[I 2026-08-06 02:35:14,071] Trial 1387 finished with values: [10.028863929732832, 10.028863929732832] and parameters: {'k1': 0.08926311370835228, 'D_low': 31.117676855667376, 'k2': 0.006138509947844854, 'D_high': 1687.3495104568947, 'fire_exp': 1.0473002272689056, 'P_half': 664.2027816373393, 'pre_dampen_half': 14.689898077648792, 'gpp_af': 4.582731702170249, 'gpp_b': 0.6637926838138378, 'gpp_d': 39.827466658711515, 'ign_k': 0.0018231330540095124, 'ign_c': 19.19168994439752}.
[I 2026-08-06 02:35:14,994] Trial 1388 finished with values: [10.370958250488155, 10.370958250488155] and parameters: {'k1': 0.0016608858962356998, 'D_low': 18.522006003174383, 'k2': 0.005695622647004589, 'D_high': 1687.3495104568947, 'fire_exp': 1.0473002272689056, 'P_half': 276.27089412392087, 'pre_dampen_half': 14.689898077648792, 'gpp_af': 22.766850248686247, 'gpp_b': 0.6637926838138378, 'gpp_d': 891.8036602897795, 'ign_k': 3.7173717478250508, 'ign_c': 14.367095138664217}.
[I 2026-08-06 02:35:15,954] Trial 1389 finished with values: [10.077562785579808, 10.077562785579808] and parameters: {'k1': 0.08926311370835228, 'D_low': 31.117676855667376, 'k2': 0.0499774937030317, 'D_high': 1687.3495104568947, 'fire_exp': 1.0473002272689056, 'P_half': 664.2027816373393, 'pre_dampen_half': 14.689898077648792, 'gpp_af': 22.766850248686247, 'gpp_b': 0.1676789742547917, 'gpp_d': 39.827466658711515, 'ign_k': 7.799059237255681, 'ign_c': 19.19168994439752}.
[I 2026-08-06 02:35:16,904] Trial 1390 finished with values: [-0.5685163341433983, 0.013537935960666547] and parameters: {'k1': 0.08926311370835228, 'D_low': 31.117676855667376, 'k2': 0.0499774937030317, 'D_high': 6455.595882939566, 'fire_exp': 1.0473002272689056, 'P_half': 608.3019192425825, 'pre_dampen_half': 14.689898077648792, 'gpp_af': 4.5092553051828705, 'gpp_b': 0.1676789742547917, 'gpp_d': 39.827466658711515, 'ign_k': 3.529389593576794, 'ign_c': 19.19168994439752}.
[I 2026-08-06 02:35:17,857] Trial 1391 finished with values: [-0.5697107682142993, 0.010042583449886733] and parameters: {'k1': 0.021368329072358756, 'D_low': 18.522006003174383, 'k2': 0.006138509947844854, 'D_high': 6455.595882939566, 'fire_exp': 1.0473002272689056, 'P_half': 664.2027816373393, 'pre_dampen_half': 14.689898077648792, 'gpp_af': 4.582731702170249, 'gpp_b': 0.6637926838138378, 'gpp_d': 39.827466658711515, 'ign_k': 9.848952560187115, 'ign_c': 19.19168994439752}.
[I 2026-08-06 02:35:18,791] Trial 1392 finished with values: [10.247812094326694, 10.247812094326694] and parameters: {'k1': 0.021368329072358756, 'D_low': 31.117676855667376, 'k2': 0.0004381141781653133, 'D_high': 12.728781576199358, 'fire_exp': 1.2680134752324452, 'P_half': 177.4954658911452, 'pre_dampen_half': 14.689898077648792, 'gpp_af': 22.766850248686247, 'gpp_b': 0.10123867001105968, 'gpp_d': 39.827466658711515, 'ign_k': 3.7173717478250508, 'ign_c': 14.367095138664217}.
[I 2026-08-06 02:35:19,738] Trial 1393 finished with values: [-0.5619201394476774, 0.027826183933529314] and parameters: {'k1': 0.021368329072358756, 'D_low': 31.117676855667376, 'k2': 0.0499774937030317, 'D_high': 6455.595882939566, 'fire_exp': 1.0473002272689056, 'P_half': 876.2992842289289, 'pre_dampen_half': 14.689898077648792, 'gpp_af': 22.766850248686247, 'gpp_b': 0.10123867001105968, 'gpp_d': 39.827466658711515, 'ign_k': 9.848952560187115, 'ign_c': 14.367095138664217}.
[I 2026-08-06 02:35:20,713] Trial 1394 finished with values: [10.690503972947063, 10.690503972947063] and parameters: {'k1': 0.08926311370835228, 'D_low': 31.117676855667376, 'k2': 0.006138509947844854, 'D_high': 6455.595882939566, 'fire_exp': 2.9102572298675855, 'P_half': 608.3019192425825, 'pre_dampen_half': 14.689898077648792, 'gpp_af': 4.5092553051828705, 'gpp_b': 0.6637926838138378, 'gpp_d': 39.827466658711515, 'ign_k': 3.7173717478250508, 'ign_c': 19.19168994439752}.
