[I 2026-08-19 17:26:27,430] Trial 1014 finished with value: 0.5280588494496163 and parameters: {'k1': 1.589999388511336e-05, 'D_low': 33638.17542512373, 'k2': 1.1239539760378265e-05, 'D_high': 777868.1681263904, 'fire_exp': 2.023485207112638, 'P_half': 11.889402709963724, 'pre_dampen_half': 1.1362120519979786, 'gpp_af': 0.10120693743151354, 'gpp_b': 0.0015874326613452366, 'gpp_d': 406.29532582648767, 'ign_k': 0.0536506416720709, 'ign_c': 5.042507087077651, 'trop_agb_crit': 16.667898902998598, 'trop_k_veg': 2.001492331872167, 'pop_amp': 1.0138622585205963, 'pop_peak': 35.98086419016413, 'pop_sig': 0.416526300064245, 'fuel_k': 4.507403340303979, 'fuel_half': 2.846192444434664}. Best is trial 0 with value: -0.6094076133578652.
[I 2026-08-19 17:26:29,227] Trial 1015 finished with value: 0.5124825175685025 and parameters: {'k1': 4.915921382125014e-05, 'D_low': 2044.9022551880669, 'k2': 0.00018309655886319736, 'D_high': 2464299.649810852, 'fire_exp': 1.0521534917808713, 'P_half': 126.60434368296654, 'pre_dampen_half': 0.48686881550887046, 'gpp_af': 0.07934317448859239, 'gpp_b': 0.32750898360671105, 'gpp_d': 702.5003334106597, 'ign_k': 0.7731429172843279, 'ign_c': 0.44065682623731733, 'trop_agb_crit': 9.042123673457223, 'trop_k_veg': 6.360817649779508, 'pop_amp': 0.43210143187669287, 'pop_peak': 189.66412136310126, 'pop_sig': 0.9517852505097297, 'fuel_k': 5.257948205567385, 'fuel_half': 0.5675783144608874}. Best is trial 0 with value: -0.6094076133578652.
[I 2026-08-19 17:26:30,896] Trial 1016 finished with value: 0.4644085648150963 and parameters: {'k1': 0.0002891327355329827, 'D_low': 344.5746162831971, 'k2': 0.05198333449983513, 'D_high': 147113.00690864466, 'fire_exp': 2.4991921087309956, 'P_half': 3.38911555614591, 'pre_dampen_half': 1.0721943821902988, 'gpp_af': 0.08714887669960612, 'gpp_b': 0.0006249054767739421, 'gpp_d': 43.325742540610506, 'ign_k': 0.5574236139824221, 'ign_c': 1.383504344444799, 'trop_agb_crit': 7.586230323153892, 'trop_k_veg': 2.341544504318473, 'pop_amp': 0.037711812049366085, 'pop_peak': 0.3631560633335284, 'pop_sig': 1.3843679682071668, 'fuel_k': 0.017161372927221162, 'fuel_half': 6.308238871725367}. Best is trial 0 with value: -0.6094076133578652.
[I 2026-08-19 17:26:32,535] Trial 1017 finished with value: 0.5688679351868313 and parameters: {'k1': 1.149331585797773e-05, 'D_low': 1.2302913993730187, 'k2': 0.010792166712270856, 'D_high': 127562.61595825055, 'fire_exp': 1.2570015015878715, 'P_half': 104.4303986430863, 'pre_dampen_half': 0.6561619223379167, 'gpp_af': 0.16947737271468527, 'gpp_b': 0.0017196612836261895, 'gpp_d': 3.591973913020547, 'ign_k': 0.03686097144845992, 'ign_c': 33.490110700861585, 'trop_agb_crit': 11.7178651981612, 'trop_k_veg': 1.311810113981171, 'pop_amp': 0.0029333169938637513, 'pop_peak': 1.7335154396888643, 'pop_sig': 0.6297551549516979, 'fuel_k': 0.05926579076303035, 'fuel_half': 48.94295048366188}. Best is trial 0 with value: -0.6094076133578652.
[I 2026-08-19 17:26:34,257] Trial 1018 finished with value: -0.548749675711808 and parameters: {'k1': 0.00018142607459402916, 'D_low': 3.600834117148358, 'k2': 0.07406248400311956, 'D_high': 8674056.558446255, 'fire_exp': 4.052836412359829, 'P_half': 11.83763926957442, 'pre_dampen_half': 0.3428342848753277, 'gpp_af': 1.8585303528656636, 'gpp_b': 0.00011085330104774746, 'gpp_d': 12.06632260491439, 'ign_k': 0.1540265111886827, 'ign_c': 1.5979895159086501, 'trop_agb_crit': 17.438414566464704, 'trop_k_veg': 7.831783563618315, 'pop_amp': 3.1530172598746162, 'pop_peak': 79.58848680904381, 'pop_sig': 0.7952580660006775, 'fuel_k': 0.3047826013498845, 'fuel_half': 56.874362021463256}. Best is trial 0 with value: -0.6094076133578652.
[I 2026-08-19 17:26:35,917] Trial 1019 finished with value: 0.4274962867414096 and parameters: {'k1': 0.001246378440223734, 'D_low': 40.32767829595706, 'k2': 0.011290388774304468, 'D_high': 2143208.874662982, 'fire_exp': 1.4817154443852827, 'P_half': 22.701044398701878, 'pre_dampen_half': 2.251836503733007, 'gpp_af': 19.140450586378883, 'gpp_b': 7.384790536313879e-05, 'gpp_d': 627.5135943906816, 'ign_k': 0.2498788801053284, 'ign_c': 1.775863818876801, 'trop_agb_crit': 12.90386346027793, 'trop_k_veg': 3.1670564763999165, 'pop_amp': 0.20142841456140056, 'pop_peak': 0.5868427698357936, 'pop_sig': 0.8649822377725751, 'fuel_k': 3.7224681626035587, 'fuel_half': 65.62521497792535}. Best is trial 0 with value: -0.6094076133578652.
[I 2026-08-19 17:26:37,579] Trial 1020 finished with value: 0.6209991394786973 and parameters: {'k1': 0.002146810771016504, 'D_low': 49.02414263353557, 'k2': 0.09267544422599083, 'D_high': 2085174.0483444664, 'fire_exp': 6.989214309237759, 'P_half': 1.4421579420614747, 'pre_dampen_half': 291.27409007541297, 'gpp_af': 0.209288082234623, 'gpp_b': 4.088117733337059e-05, 'gpp_d': 40.27049882242328, 'ign_k': 0.39296887322273155, 'ign_c': 35.79602360868408, 'trop_agb_crit': 6.128259954440708, 'trop_k_veg': 1.8571412933395939, 'pop_amp': 0.011803567172950207, 'pop_peak': 962.2322205799247, 'pop_sig': 1.236121444993991, 'fuel_k': 0.18861921672386878, 'fuel_half': 0.4502592937649439}. Best is trial 0 with value: -0.6094076133578652.
[I 2026-08-19 17:26:39,252] Trial 1021 finished with value: 0.4415835191015349 and parameters: {'k1': 0.0031156979627170365, 'D_low': 1393.3294955393144, 'k2': 0.004525374255199485, 'D_high': 9544349.95861216, 'fire_exp': 7.395487176400378, 'P_half': 1.2157905582552975, 'pre_dampen_half': 891.1645214737381, 'gpp_af': 0.2737129059243274, 'gpp_b': 0.006850562107678996, 'gpp_d': 291.4285162940434, 'ign_k': 0.05820449795712085, 'ign_c': 0.6859318348610753, 'trop_agb_crit': 28.13899647049159, 'trop_k_veg': 2.9955167131466798, 'pop_amp': 0.004482080151664126, 'pop_peak': 2.7650445232074747, 'pop_sig': 0.4244783331626821, 'fuel_k': 4.3041131109000865, 'fuel_half': 0.3303571651367942}. Best is trial 0 with value: -0.6094076133578652.
[I 2026-08-19 17:26:40,931] Trial 1022 finished with value: 0.5011707287340399 and parameters: {'k1': 0.004379463352910758, 'D_low': 34.307732930557485, 'k2': 0.026109080595755, 'D_high': 33415.19897677837, 'fire_exp': 1.483624264951713, 'P_half': 3.7422123009487134, 'pre_dampen_half': 1.3644016100154395, 'gpp_af': 0.0023663029611369086, 'gpp_b': 1.8569144056993556e-05, 'gpp_d': 4.0991566611088, 'ign_k': 0.0426536137394841, 'ign_c': 1.3831021736560138, 'trop_agb_crit': 3.0946463136715545, 'trop_k_veg': 7.337736842897041, 'pop_amp': 5.665727369750502, 'pop_peak': 33.5209120223792, 'pop_sig': 0.874272879185223, 'fuel_k': 0.02234345643906943, 'fuel_half': 3.980632872213575}. Best is trial 0 with value: -0.6094076133578652.
[I 2026-08-19 17:26:42,623] Trial 1023 finished with value: 0.42184914986729116 and parameters: {'k1': 3.275367858913721e-05, 'D_low': 11.21292725082319, 'k2': 0.006208965208910583, 'D_high': 570791.3584621453, 'fire_exp': 1.3168909113800753, 'P_half': 4.614413779638635, 'pre_dampen_half': 1.8734072482358621, 'gpp_af': 0.16920499573294656, 'gpp_b': 0.0003832649652916648, 'gpp_d': 51.6092584306616, 'ign_k': 0.2047915249350535, 'ign_c': 0.60504656503866, 'trop_agb_crit': 21.44534980372419, 'trop_k_veg': 1.16235097177957, 'pop_amp': 0.0016331890600701931, 'pop_peak': 0.6230276959999751, 'pop_sig': 0.6598633258047202, 'fuel_k': 0.08945171063999234, 'fuel_half': 2.641284235670396}. Best is trial 0 with value: -0.6094076133578652.
[I 2026-08-19 17:26:44,368] Trial 1024 finished with value: 0.6550937951891429 and parameters: {'k1': 0.017081975519654097, 'D_low': 5.554154504609248, 'k2': 0.0006044374919244442, 'D_high': 9170096.354040965, 'fire_exp': 4.955557845066908, 'P_half': 34.47215539531905, 'pre_dampen_half': 440.7648573666453, 'gpp_af': 0.07801773890514764, 'gpp_b': 0.00024110541788498907, 'gpp_d': 4.818604598703264, 'ign_k': 0.669353423281636, 'ign_c': 43.258800445421954, 'trop_agb_crit': 2.66100276806406, 'trop_k_veg': 1.399733369299875, 'pop_amp': 0.522796966861016, 'pop_peak': 130.71652087951014, 'pop_sig': 0.9618031515221735, 'fuel_k': 1.2027419494474458, 'fuel_half': 0.14788833094378193}. Best is trial 0 with value: -0.6094076133578652.
[I 2026-08-19 17:26:45,993] Trial 1025 finished with value: 0.5444001599774003 and parameters: {'k1': 0.01084464662746303, 'D_low': 100.04108185765946, 'k2': 0.018652210042566238, 'D_high': 6836443.980050203, 'fire_exp': 7.884895416387979, 'P_half': 29.123988751290366, 'pre_dampen_half': 14.43915028895973, 'gpp_af': 0.0072139171697230995, 'gpp_b': 1.4290075412067465e-05, 'gpp_d': 0.010013847548241913, 'ign_k': 0.2796252805592664, 'ign_c': 7.980301796841963, 'trop_agb_crit': 1.0039109717617307, 'trop_k_veg': 3.18161115975059, 'pop_amp': 0.07533141048372104, 'pop_peak': 133.04087945696907, 'pop_sig': 1.235278134364626, 'fuel_k': 0.2493381623880958, 'fuel_half': 0.42786723412640776}. Best is trial 0 with value: -0.6094076133578652.
  trial 1026/2500  best_overall=0.6094  (28.4 min)
[I 2026-08-19 17:26:47,905] Trial 1026 finished with value: 0.545007140700083 and parameters: {'k1': 0.00035270919509247493, 'D_low': 6.722644880501337, 'k2': 0.015337157621334432, 'D_high': 21741.744308036006, 'fire_exp': 2.8378688635437386, 'P_half': 23.742307995455842, 'pre_dampen_half': 1.9851828418682942, 'gpp_af': 0.0019706495404757706, 'gpp_b': 1.6054726921086543e-05, 'gpp_d': 193.2351285086517, 'ign_k': 0.3950139539698343, 'ign_c': 13.005471838051498, 'trop_agb_crit': 2.3386223257611514, 'trop_k_veg': 1.359155834984409, 'pop_amp': 0.33375044949338006, 'pop_peak': 3.5749751188416714, 'pop_sig': 2.318578072976833, 'fuel_k': 0.04481570386465325, 'fuel_half': 1.168380198382853}. Best is trial 0 with value: -0.6094076133578652.
[I 2026-08-19 17:26:49,562] Trial 1027 finished with value: 0.4336852051867831 and parameters: {'k1': 0.00028728940818198103, 'D_low': 84.2704833854017, 'k2': 0.05224690572036109, 'D_high': 603181.8365843253, 'fire_exp': 4.022680459707126, 'P_half': 7.911172192539328, 'pre_dampen_half': 133.78498972276333, 'gpp_af': 0.0033814970019328235, 'gpp_b': 1.6102060549714872e-05, 'gpp_d': 914.8295970213037, 'ign_k': 0.13816355070406175, 'ign_c': 4.61282639748963, 'trop_agb_crit': 15.71007411359744, 'trop_k_veg': 1.7594543363020805, 'pop_amp': 0.002662177056908832, 'pop_peak': 15.746363895989623, 'pop_sig': 0.4792082717329326, 'fuel_k': 0.7624259126536714, 'fuel_half': 0.39437328441516756}. Best is trial 0 with value: -0.6094076133578652.
[I 2026-08-19 17:26:51,194] Trial 1028 finished with value: -0.587276027186298 and parameters: {'k1': 0.0016084791337021094, 'D_low': 329.2910913166647, 'k2': 0.0031545212762842793, 'D_high': 8376386.628388563, 'fire_exp': 4.177964908266213, 'P_half': 2.2153592309021715, 'pre_dampen_half': 9.54215368175336, 'gpp_af': 0.014628312636411941, 'gpp_b': 0.001093567833449329, 'gpp_d': 549.0584207128867, 'ign_k': 0.3784171752275018, 'ign_c': 0.353292845256497, 'trop_agb_crit': 26.975778716678427, 'trop_k_veg': 2.7075254559111945, 'pop_amp': 0.006020740878557639, 'pop_peak': 0.29197992742294326, 'pop_sig': 0.6127550894963583, 'fuel_k': 0.6242357396085295, 'fuel_half': 0.22134984127526142}. Best is trial 0 with value: -0.6094076133578652.
[I 2026-08-19 17:26:52,832] Trial 1029 finished with value: 0.48123307522358894 and parameters: {'k1': 0.012197263218411676, 'D_low': 2030.2661365534195, 'k2': 0.0009358704964873422, 'D_high': 5485262.950060161, 'fire_exp': 1.4085417461651606, 'P_half': 1.1252940625797745, 'pre_dampen_half': 174.94657857977074, 'gpp_af': 0.0018064478437069362, 'gpp_b': 0.001096005216711744, 'gpp_d': 442.47949293346, 'ign_k': 0.7074064554756063, 'ign_c': 0.2659394467939085, 'trop_agb_crit': 19.902792001871664, 'trop_k_veg': 1.5233419989940646, 'pop_amp': 0.008480120646613909, 'pop_peak': 1.12567329764961, 'pop_sig': 0.9514926034554679, 'fuel_k': 0.6599751289842127, 'fuel_half': 0.35417877538912745}. Best is trial 0 with value: -0.6094076133578652.
[I 2026-08-19 17:26:54,472] Trial 1030 finished with value: 0.566595753192882 and parameters: {'k1': 0.011589109561714864, 'D_low': 356.3106369252351, 'k2': 0.0009231840830078137, 'D_high': 5469305.840768172, 'fire_exp': 4.196388012750773, 'P_half': 134.84367656044697, 'pre_dampen_half': 26.767688364263268, 'gpp_af': 0.016761063837465284, 'gpp_b': 8.86217486374197e-05, 'gpp_d': 48.88767861766941, 'ign_k': 1.575339281802187, 'ign_c': 27.610335833983726, 'trop_agb_crit': 20.58104369977759, 'trop_k_veg': 3.352337547920995, 'pop_amp': 0.0010629603636088524, 'pop_peak': 0.14794054602898898, 'pop_sig': 1.9738719346899296, 'fuel_k': 0.8299619874570167, 'fuel_half': 0.4080907624166097}. Best is trial 0 with value: -0.6094076133578652.
[I 2026-08-19 17:26:56,094] Trial 1031 finished with value: 0.5948314795261623 and parameters: {'k1': 0.00036882097660421195, 'D_low': 558.3080107463798, 'k2': 0.00020478553269825963, 'D_high': 223464.42545078797, 'fire_exp': 5.367318471740363, 'P_half': 2.748444211916699, 'pre_dampen_half': 2.1946740910848774, 'gpp_af': 0.013709833907913072, 'gpp_b': 0.023263161745818196, 'gpp_d': 395.36111205484843, 'ign_k': 0.5261801227355315, 'ign_c': 0.22764291371028617, 'trop_agb_crit': 26.28917755532069, 'trop_k_veg': 1.9188112166517877, 'pop_amp': 0.0025799986714828914, 'pop_peak': 0.11493772776394885, 'pop_sig': 0.4550784904064037, 'fuel_k': 1.4056415423745605, 'fuel_half': 0.16251980184341006}. Best is trial 0 with value: -0.6094076133578652.
[I 2026-08-19 17:26:57,739] Trial 1032 finished with value: 0.5302463268274961 and parameters: {'k1': 1.3365089503164342e-05, 'D_low': 4124.256469283434, 'k2': 2.2965209940876384e-05, 'D_high': 5727762.103796961, 'fire_exp': 1.1710700728694186, 'P_half': 1043.8343861449669, 'pre_dampen_half': 0.49910768408823974, 'gpp_af': 0.001251122238066177, 'gpp_b': 0.000124557525302892, 'gpp_d': 970.5816371325071, 'ign_k': 0.06702869185736454, 'ign_c': 8.46206583943398, 'trop_agb_crit': 21.195194900410836, 'trop_k_veg': 6.1422529777829595, 'pop_amp': 15.995628768401689, 'pop_peak': 8.923816930683877, 'pop_sig': 0.8962669278669324, 'fuel_k': 2.2059070619545764, 'fuel_half': 0.1524875204053875}. Best is trial 0 with value: -0.6094076133578652.
[I 2026-08-19 17:26:59,354] Trial 1033 finished with value: -0.5787164243439736 and parameters: {'k1': 0.0001225838753677892, 'D_low': 2751.43744247848, 'k2': 0.05027171678909097, 'D_high': 7727546.283009345, 'fire_exp': 2.924507211891584, 'P_half': 6.242743073656971, 'pre_dampen_half': 9.303034590253299, 'gpp_af': 0.04338062670359095, 'gpp_b': 0.0015231131433431939, 'gpp_d': 188.54707820031737, 'ign_k': 0.06708673103569775, 'ign_c': 0.11869717539486413, 'trop_agb_crit': 18.124243059633418, 'trop_k_veg': 1.4350933193839148, 'pop_amp': 0.006531054180224938, 'pop_peak': 1.3660161439332548, 'pop_sig': 0.5301524645043644, 'fuel_k': 3.187978350531245, 'fuel_half': 0.8992880968187235}. Best is trial 0 with value: -0.6094076133578652.
[I 2026-08-19 17:27:00,984] Trial 1034 finished with value: 0.573468982023703 and parameters: {'k1': 1.3868098657738078e-05, 'D_low': 32238.633107070014, 'k2': 0.04629631397535992, 'D_high': 6647170.767488025, 'fire_exp': 2.559670017394521, 'P_half': 2.8546717536283857, 'pre_dampen_half': 0.526045294803198, 'gpp_af': 0.0486395022389034, 'gpp_b': 0.0003515682129174857, 'gpp_d': 268.56427406755074, 'ign_k': 0.013161366430831954, 'ign_c': 0.42390574579877854, 'trop_agb_crit': 13.614526192491008, 'trop_k_veg': 1.0448976114917474, 'pop_amp': 0.17296452600922146, 'pop_peak': 1.8288497228991514, 'pop_sig': 0.8583307338163089, 'fuel_k': 0.7108827075405321, 'fuel_half': 4.036662422991772}. Best is trial 0 with value: -0.6094076133578652.
[I 2026-08-19 17:27:02,605] Trial 1035 finished with value: 0.5726116584524636 and parameters: {'k1': 1.1438997793984824e-05, 'D_low': 952.9714322773513, 'k2': 0.00012657457471448231, 'D_high': 1291363.6065977071, 'fire_exp': 2.1175107987590205, 'P_half': 7.201687966737305, 'pre_dampen_half': 13.22214720682492, 'gpp_af': 0.27629171675323716, 'gpp_b': 0.00308815628877281, 'gpp_d': 842.0352289783062, 'ign_k': 0.06393798492369536, 'ign_c': 42.08996851883017, 'trop_agb_crit': 3.91952646361644, 'trop_k_veg': 4.391479393914608, 'pop_amp': 0.006636733455879786, 'pop_peak': 0.14558557350596163, 'pop_sig': 0.8272171216686591, 'fuel_k': 0.10901215312106122, 'fuel_half': 0.3178780457312499}. Best is trial 0 with value: -0.6094076133578652.
[I 2026-08-19 17:27:04,236] Trial 1036 finished with value: 0.5232180601731335 and parameters: {'k1': 0.027090921068793405, 'D_low': 45.00644225259602, 'k2': 0.008418407649063831, 'D_high': 1415736.5321242833, 'fire_exp': 1.4013524945636413, 'P_half': 1.168419100874451, 'pre_dampen_half': 1.1595723852773272, 'gpp_af': 0.022451801876975697, 'gpp_b': 0.018729648486972034, 'gpp_d': 1.6807812725061437, 'ign_k': 4.541629559128638, 'ign_c': 1.2629047165824783, 'trop_agb_crit': 7.138560168809042, 'trop_k_veg': 1.1601918858958213, 'pop_amp': 0.06733400834406796, 'pop_peak': 0.4868444431383953, 'pop_sig': 0.9525839311285923, 'fuel_k': 0.029858949130125014, 'fuel_half': 0.9011475972653341}. Best is trial 0 with value: -0.6094076133578652.
[I 2026-08-19 17:27:05,918] Trial 1037 finished with value: 0.5892630266963771 and parameters: {'k1': 0.0006032600743512978, 'D_low': 3678.183496599616, 'k2': 0.05606638868293276, 'D_high': 2831454.3454686515, 'fire_exp': 3.9226816201608252, 'P_half': 30.27843575619871, 'pre_dampen_half': 37.0920771384005, 'gpp_af': 0.0054064604515721305, 'gpp_b': 0.007681232007173362, 'gpp_d': 855.8410181737598, 'ign_k': 0.3905205353643355, 'ign_c': 0.33969524320698025, 'trop_agb_crit': 24.851053956488, 'trop_k_veg': 2.862986428361734, 'pop_amp': 0.05928499238309311, 'pop_peak': 7.167324948872737, 'pop_sig': 0.49692098542986113, 'fuel_k': 0.8703610840468176, 'fuel_half': 0.5132411352200195}. Best is trial 0 with value: -0.6094076133578652.
[I 2026-08-19 17:27:07,557] Trial 1038 finished with value: 0.48363173317323194 and parameters: {'k1': 3.517207982901276e-05, 'D_low': 33400.92436128908, 'k2': 5.791279778040871e-05, 'D_high': 269725.83620135323, 'fire_exp': 1.2572079591795071, 'P_half': 471.6182393876513, 'pre_dampen_half': 0.03585718190104502, 'gpp_af': 0.014499351314795262, 'gpp_b': 0.012745431013547028, 'gpp_d': 156.61187990734868, 'ign_k': 0.21439529628914109, 'ign_c': 0.8664139986200176, 'trop_agb_crit': 19.59558747830995, 'trop_k_veg': 4.873709948219526, 'pop_amp': 8.563886972974567, 'pop_peak': 147.07779177081508, 'pop_sig': 0.7272897471689128, 'fuel_k': 5.9919959425882565, 'fuel_half': 0.5621119134314718}. Best is trial 0 with value: -0.6094076133578652.
  trial 1039/2500  best_overall=0.6094  (28.7 min)
[I 2026-08-19 17:27:09,478] Trial 1039 finished with value: 0.6136874017401714 and parameters: {'k1': 0.007181173822717498, 'D_low': 350.33799066461967, 'k2': 0.0022648900287025454, 'D_high': 8319591.630253861, 'fire_exp': 2.3878891404727107, 'P_half': 2.3349211856280854, 'pre_dampen_half': 136.6482532758811, 'gpp_af': 0.012837753288962982, 'gpp_b': 0.0003091136791286443, 'gpp_d': 54.86469568350852, 'ign_k': 4.51982757593881, 'ign_c': 0.5922468536230984, 'trop_agb_crit': 15.770432775507635, 'trop_k_veg': 2.2592521358025404, 'pop_amp': 0.004686993939431707, 'pop_peak': 0.15823659413081162, 'pop_sig': 0.3408679638745393, 'fuel_k': 1.312956549960111, 'fuel_half': 0.13464436995165846}. Best is trial 0 with value: -0.6094076133578652.
[I 2026-08-19 17:27:11,081] Trial 1040 finished with value: -0.5732651894207639 and parameters: {'k1': 0.0017607185962670647, 'D_low': 677.8200254174709, 'k2': 0.009526833528232921, 'D_high': 9466053.05802427, 'fire_exp': 4.027371856900611, 'P_half': 13.48436399381659, 'pre_dampen_half': 130.4228285802397, 'gpp_af': 0.0542516865433114, 'gpp_b': 0.00014619359431375167, 'gpp_d': 42.72510692478907, 'ign_k': 0.08783633603289843, 'ign_c': 10.349923676274035, 'trop_agb_crit': 26.828204029414337, 'trop_k_veg': 4.754172176124901, 'pop_amp': 0.002323121261455135, 'pop_peak': 0.29706641397033534, 'pop_sig': 0.6442650684269668, 'fuel_k': 0.2473430297110722, 'fuel_half': 0.13639978591932284}. Best is trial 0 with value: -0.6094076133578652.
[I 2026-08-19 17:27:12,714] Trial 1041 finished with value: 0.5013284079119853 and parameters: {'k1': 0.0001607138412257878, 'D_low': 4209.562427155765, 'k2': 0.009652343563316195, 'D_high': 7573020.285938094, 'fire_exp': 3.1501429839048654, 'P_half': 278.81974199599347, 'pre_dampen_half': 43.111663821071666, 'gpp_af': 0.15662110127943704, 'gpp_b': 0.0005653163101758389, 'gpp_d': 36.661120070126906, 'ign_k': 0.044307671271501266, 'ign_c': 1.0010708566299868, 'trop_agb_crit': 4.617828189625661, 'trop_k_veg': 1.321874571099544, 'pop_amp': 0.040195874884932495, 'pop_peak': 12.795630935127216, 'pop_sig': 0.820479682620341, 'fuel_k': 2.9413288014201773, 'fuel_half': 0.6203102147073949}. Best is trial 0 with value: -0.6094076133578652.
[I 2026-08-19 17:27:14,392] Trial 1042 finished with value: 0.43476909494781246 and parameters: {'k1': 9.594919532423487e-05, 'D_low': 1397.97045866542, 'k2': 0.03144733164277345, 'D_high': 4316392.300003025, 'fire_exp': 4.990116968781865, 'P_half': 7.559047721011194, 'pre_dampen_half': 11.875640579379297, 'gpp_af': 0.11167603333800098, 'gpp_b': 0.0047599602291267425, 'gpp_d': 9.803179830803822, 'ign_k': 2.4906410833358987, 'ign_c': 0.43898796244570654, 'trop_agb_crit': 4.057239737790039, 'trop_k_veg': 1.727580543588248, 'pop_amp': 0.026694079108667345, 'pop_peak': 2.7647522046060486, 'pop_sig': 0.46951254634798745, 'fuel_k': 5.716816944482505, 'fuel_half': 2.211499470625293}. Best is trial 0 with value: -0.6094076133578652.
