[I 2026-07-22 21:45:37,052] Trial 629 finished with values: [10.483661971979082, 10.483661971979082] and parameters: {'k1': 0.002968335334246999, 'D_low': 102.19595065529477, 'k2': 1.915468390724633e-05, 'D_high': 71534.52030884045, 'fire_exp': 2.3987174696212126, 'P_half': 220.3445560633069, 'pre_dampen_half': 502.5175192217655, 'gpp_af': 0.7539992074650282, 'gpp_b': 0.0032930655419269924, 'gpp_d': 0.3619181297408274, 'ign_k': 8.761971101023699, 'ign_c': 15.221840161091619, 'trop_agb_crit': 19.28597237496244, 'trop_k_veg': 1.4584243470991722, 'fuel_k': 4.680936683972859, 'fuel_half': 0.13249100882689224}.
  trial  630/1500  pareto_size=4  best_taylor=0.7828  best_ilamb=0.6071  (4.7 min)
[I 2026-07-22 21:45:37,704] Trial 630 finished with values: [11.298120270790868, 11.298120270790868] and parameters: {'k1': 0.004312951023617458, 'D_low': 9.497440085397416, 'k2': 1.127217425995114e-05, 'D_high': 1488557.802851245, 'fire_exp': 1.024589524149873, 'P_half': 220.3445560633069, 'pre_dampen_half': 347.79988160923324, 'gpp_af': 0.015769192447197523, 'gpp_b': 0.0032930655419269924, 'gpp_d': 12.151631524283598, 'ign_k': 0.006290644294586149, 'ign_c': 4.1108484350212295, 'trop_agb_crit': 6.1198430581046965, 'trop_k_veg': 1.6340262437673856, 'fuel_k': 4.680936683972859, 'fuel_half': 0.32476735706274484}.
[I 2026-07-22 21:45:38,162] Trial 631 finished with values: [10.146010532959874, 10.146010532959874] and parameters: {'k1': 1.8595266457134027e-05, 'D_low': 3.8024078499986187, 'k2': 2.1698375693549493e-05, 'D_high': 580966.5602369158, 'fire_exp': 1.0341837609578937, 'P_half': 38.82837025280678, 'pre_dampen_half': 33.97904243111269, 'gpp_af': 0.0025511964576171086, 'gpp_b': 0.00012118589392553819, 'gpp_d': 302.3127748796295, 'ign_k': 0.018707420137660268, 'ign_c': 6.1609752947414345, 'trop_agb_crit': 6.1198430581046965, 'trop_k_veg': 0.9793402026070162, 'fuel_k': 0.08612665817296865, 'fuel_half': 42.6871254378718}.
[I 2026-07-22 21:45:38,613] Trial 632 finished with values: [10.143154410776717, 10.143154410776717] and parameters: {'k1': 0.052334804885400876, 'D_low': 9.497440085397416, 'k2': 1.915468390724633e-05, 'D_high': 71534.52030884045, 'fire_exp': 1.161749421319469, 'P_half': 220.3445560633069, 'pre_dampen_half': 33.97904243111269, 'gpp_af': 0.008562341633595545, 'gpp_b': 0.0021331409710300844, 'gpp_d': 302.3127748796295, 'ign_k': 0.06807874826564587, 'ign_c': 15.221840161091619, 'trop_agb_crit': 3.5522713231614182, 'trop_k_veg': 1.7428926895756522, 'fuel_k': 1.312881567992459, 'fuel_half': 0.33988503110784557}.
[I 2026-07-22 21:45:39,072] Trial 633 finished with values: [10.562228141064251, 10.562228141064251] and parameters: {'k1': 0.004312951023617458, 'D_low': 34433.405211547644, 'k2': 1.915468390724633e-05, 'D_high': 71534.52030884045, 'fire_exp': 1.024589524149873, 'P_half': 220.3445560633069, 'pre_dampen_half': 502.5175192217655, 'gpp_af': 0.7539992074650282, 'gpp_b': 0.0021331409710300844, 'gpp_d': 16.460426816350534, 'ign_k': 0.06807874826564587, 'ign_c': 15.221840161091619, 'trop_agb_crit': 24.584290528289387, 'trop_k_veg': 1.4584243470991722, 'fuel_k': 4.680936683972859, 'fuel_half': 52.005817291141206}.
[I 2026-07-22 21:45:39,586] Trial 634 finished with values: [10.354042747597276, 10.354042747597276] and parameters: {'k1': 0.004312951023617458, 'D_low': 102.19595065529477, 'k2': 1.915468390724633e-05, 'D_high': 1217.3883613532487, 'fire_exp': 1.024589524149873, 'P_half': 220.3445560633069, 'pre_dampen_half': 26.373339933815235, 'gpp_af': 0.8571213555597654, 'gpp_b': 0.0032930655419269924, 'gpp_d': 12.151631524283598, 'ign_k': 0.45671670623352323, 'ign_c': 4.1108484350212295, 'trop_agb_crit': 1.1195539271968775, 'trop_k_veg': 1.6340262437673856, 'fuel_k': 0.02929333925546488, 'fuel_half': 52.005817291141206}.
[I 2026-07-22 21:45:40,077] Trial 635 finished with values: [10.220071706386872, 10.220071706386872] and parameters: {'k1': 0.004312951023617458, 'D_low': 102.19595065529477, 'k2': 1.915468390724633e-05, 'D_high': 592515.5667350343, 'fire_exp': 2.4645237762603327, 'P_half': 13.019246714361572, 'pre_dampen_half': 502.5175192217655, 'gpp_af': 0.03924302839842014, 'gpp_b': 0.0021331409710300844, 'gpp_d': 16.460426816350534, 'ign_k': 8.761971101023699, 'ign_c': 4.1108484350212295, 'trop_agb_crit': 24.584290528289387, 'trop_k_veg': 0.9793402026070162, 'fuel_k': 4.680936683972859, 'fuel_half': 52.005817291141206}.
[I 2026-07-22 21:45:40,599] Trial 636 finished with values: [10.248818327652012, 10.248818327652012] and parameters: {'k1': 0.004312951023617458, 'D_low': 24520.940895977496, 'k2': 0.011469197890812934, 'D_high': 1488557.802851245, 'fire_exp': 1.024589524149873, 'P_half': 13.019246714361572, 'pre_dampen_half': 502.5175192217655, 'gpp_af': 0.015769192447197523, 'gpp_b': 0.0032930655419269924, 'gpp_d': 432.4033972449834, 'ign_k': 3.210808548911192, 'ign_c': 6.1609752947414345, 'trop_agb_crit': 9.836162684900028, 'trop_k_veg': 1.6340262437673856, 'fuel_k': 4.680936683972859, 'fuel_half': 15.298506868937444}.
[I 2026-07-22 21:45:41,077] Trial 637 finished with values: [10.22790493034794, 10.22790493034794] and parameters: {'k1': 0.002968335334246999, 'D_low': 247.75146043208053, 'k2': 0.002342238625792905, 'D_high': 10377.055497115112, 'fire_exp': 1.239862349406392, 'P_half': 220.3445560633069, 'pre_dampen_half': 269.0845367054863, 'gpp_af': 0.03924302839842014, 'gpp_b': 0.00012118589392553819, 'gpp_d': 129.7393125993744, 'ign_k': 8.761971101023699, 'ign_c': 4.1108484350212295, 'trop_agb_crit': 2.082468072533112, 'trop_k_veg': 1.618831710447345, 'fuel_k': 4.680936683972859, 'fuel_half': 16.371966573507315}.
[I 2026-07-22 21:45:41,528] Trial 638 finished with values: [-0.6404772947051572, 0.5581614236665483] and parameters: {'k1': 0.052334804885400876, 'D_low': 2.9612221068836555, 'k2': 0.0034207303670092245, 'D_high': 1488557.802851245, 'fire_exp': 1.0482996836046896, 'P_half': 38.82837025280678, 'pre_dampen_half': 347.79988160923324, 'gpp_af': 0.015769192447197523, 'gpp_b': 0.0005392415140872105, 'gpp_d': 0.9921551226341596, 'ign_k': 0.006290644294586149, 'ign_c': 0.11650681118986138, 'trop_agb_crit': 6.1198430581046965, 'trop_k_veg': 1.140286245977296, 'fuel_k': 0.08612665817296865, 'fuel_half': 0.32476735706274484}.
[I 2026-07-22 21:45:42,008] Trial 639 finished with values: [10.521398249810494, 10.521398249810494] and parameters: {'k1': 0.004312951023617458, 'D_low': 102.19595065529477, 'k2': 1.915468390724633e-05, 'D_high': 71534.52030884045, 'fire_exp': 2.3987174696212126, 'P_half': 220.3445560633069, 'pre_dampen_half': 502.5175192217655, 'gpp_af': 0.005782026351795939, 'gpp_b': 0.0032930655419269924, 'gpp_d': 16.460426816350534, 'ign_k': 3.210808548911192, 'ign_c': 15.221840161091619, 'trop_agb_crit': 19.28597237496244, 'trop_k_veg': 1.4584243470991722, 'fuel_k': 4.680936683972859, 'fuel_half': 38.21129441691226}.
[I 2026-07-22 21:45:42,520] Trial 640 finished with values: [10.732983021878175, 10.732983021878175] and parameters: {'k1': 0.00013783578294796384, 'D_low': 9.497440085397416, 'k2': 1.915468390724633e-05, 'D_high': 10377.055497115112, 'fire_exp': 1.0341837609578937, 'P_half': 9331.125028918148, 'pre_dampen_half': 347.79988160923324, 'gpp_af': 0.008983355849178878, 'gpp_b': 0.0032930655419269924, 'gpp_d': 12.151631524283598, 'ign_k': 5.985024829384178, 'ign_c': 4.1108484350212295, 'trop_agb_crit': 1.1195539271968775, 'trop_k_veg': 1.7570501127699656, 'fuel_k': 4.680936683972859, 'fuel_half': 52.005817291141206}.
[I 2026-07-22 21:45:43,000] Trial 641 finished with values: [-0.4426990369812112, 0.8636392117986016] and parameters: {'k1': 0.004312951023617458, 'D_low': 2.9612221068836555, 'k2': 0.0034207303670092245, 'D_high': 580966.5602369158, 'fire_exp': 1.0341837609578937, 'P_half': 136.0956887810302, 'pre_dampen_half': 347.79988160923324, 'gpp_af': 1.1300566419249867, 'gpp_b': 0.00012118589392553819, 'gpp_d': 302.3127748796295, 'ign_k': 0.0026834162496848666, 'ign_c': 4.1108484350212295, 'trop_agb_crit': 3.5522713231614182, 'trop_k_veg': 1.6340262437673856, 'fuel_k': 1.312881567992459, 'fuel_half': 60.39526675016392}.
[I 2026-07-22 21:45:43,452] Trial 642 finished with values: [10.469311197488137, 10.469311197488137] and parameters: {'k1': 0.00013783578294796384, 'D_low': 1.6646452049870526, 'k2': 2.1698375693549493e-05, 'D_high': 580966.5602369158, 'fire_exp': 2.4645237762603327, 'P_half': 13.019246714361572, 'pre_dampen_half': 269.0845367054863, 'gpp_af': 0.008983355849178878, 'gpp_b': 0.01736771891291939, 'gpp_d': 302.3127748796295, 'ign_k': 8.761971101023699, 'ign_c': 6.1609752947414345, 'trop_agb_crit': 17.530135633155123, 'trop_k_veg': 0.9793402026070162, 'fuel_k': 4.680936683972859, 'fuel_half': 1.3547291924247347}.
[I 2026-07-22 21:45:43,908] Trial 643 finished with values: [-0.7060681399003578, 0.5476352829899627] and parameters: {'k1': 0.00023352156626184448, 'D_low': 247.75146043208053, 'k2': 1.127217425995114e-05, 'D_high': 887331.2884015184, 'fire_exp': 1.024589524149873, 'P_half': 13.019246714361572, 'pre_dampen_half': 347.79988160923324, 'gpp_af': 0.0025511964576171086, 'gpp_b': 0.00012118589392553819, 'gpp_d': 302.3127748796295, 'ign_k': 0.018707420137660268, 'ign_c': 6.1609752947414345, 'trop_agb_crit': 5.881906289439389, 'trop_k_veg': 4.599337386928772, 'fuel_k': 0.04572914063536324, 'fuel_half': 0.32476735706274484}.
[I 2026-07-22 21:45:44,385] Trial 644 finished with values: [10.47186991736146, 10.47186991736146] and parameters: {'k1': 0.00013783578294796384, 'D_low': 1.6646452049870526, 'k2': 2.1698375693549493e-05, 'D_high': 107013.64911724928, 'fire_exp': 2.3987174696212126, 'P_half': 220.3445560633069, 'pre_dampen_half': 269.0845367054863, 'gpp_af': 0.008983355849178878, 'gpp_b': 0.0032930655419269924, 'gpp_d': 302.3127748796295, 'ign_k': 3.210808548911192, 'ign_c': 0.19678273362633986, 'trop_agb_crit': 19.28597237496244, 'trop_k_veg': 1.140286245977296, 'fuel_k': 0.5400268568058665, 'fuel_half': 1.3547291924247347}.
[I 2026-07-22 21:45:44,867] Trial 645 finished with values: [11.041252588637567, 11.041252588637567] and parameters: {'k1': 0.002968335334246999, 'D_low': 102.19595065529477, 'k2': 0.002342238625792905, 'D_high': 145242.37928628005, 'fire_exp': 1.0341837609578937, 'P_half': 38.82837025280678, 'pre_dampen_half': 269.0845367054863, 'gpp_af': 1.1300566419249867, 'gpp_b': 0.0005392415140872105, 'gpp_d': 0.9921551226341596, 'ign_k': 0.03141110271934876, 'ign_c': 0.11650681118986138, 'trop_agb_crit': 15.870971677383487, 'trop_k_veg': 0.6401570224141748, 'fuel_k': 4.680936683972859, 'fuel_half': 0.32476735706274484}.
[I 2026-07-22 21:45:45,342] Trial 646 finished with values: [-0.5962169609698692, 0.6417783429078235] and parameters: {'k1': 0.0029707920514735983, 'D_low': 13.25142220631392, 'k2': 0.017300724838654365, 'D_high': 1488557.802851245, 'fire_exp': 1.3219590610242518, 'P_half': 48.464976792190825, 'pre_dampen_half': 269.0845367054863, 'gpp_af': 0.4224904711663322, 'gpp_b': 0.0032930655419269924, 'gpp_d': 857.4284557962626, 'ign_k': 0.024287565087611766, 'ign_c': 8.405439129313676, 'trop_agb_crit': 19.28597237496244, 'trop_k_veg': 6.911478238001162, 'fuel_k': 0.08612665817296865, 'fuel_half': 38.21129441691226}.
[I 2026-07-22 21:45:45,847] Trial 647 finished with values: [10.701246726240095, 10.701246726240095] and parameters: {'k1': 0.052334804885400876, 'D_low': 2.9612221068836555, 'k2': 0.0034207303670092245, 'D_high': 580966.5602369158, 'fire_exp': 1.0341837609578937, 'P_half': 10.226988730324324, 'pre_dampen_half': 33.97904243111269, 'gpp_af': 5.975195267844335, 'gpp_b': 0.0005392415140872105, 'gpp_d': 857.4284557962626, 'ign_k': 0.0026834162496848666, 'ign_c': 0.11650681118986138, 'trop_agb_crit': 3.5522713231614182, 'trop_k_veg': 1.6340262437673856, 'fuel_k': 1.312881567992459, 'fuel_half': 0.33988503110784557}.
[I 2026-07-22 21:45:46,350] Trial 648 finished with values: [-0.6552456156680938, 0.698087001650985] and parameters: {'k1': 0.002971796631657383, 'D_low': 102.19595065529477, 'k2': 0.0001971137615017176, 'D_high': 145242.37928628005, 'fire_exp': 1.0341837609578937, 'P_half': 10.226988730324324, 'pre_dampen_half': 36.876350096202984, 'gpp_af': 0.0025511964576171086, 'gpp_b': 3.228689523591491e-05, 'gpp_d': 16.460426816350534, 'ign_k': 0.03141110271934876, 'ign_c': 6.1609752947414345, 'trop_agb_crit': 15.870971677383487, 'trop_k_veg': 0.9369104721775232, 'fuel_k': 0.7156083490235493, 'fuel_half': 16.371966573507315}.
[I 2026-07-22 21:45:46,848] Trial 649 finished with values: [10.219717044040163, 10.219717044040163] and parameters: {'k1': 0.003242143344038315, 'D_low': 9.497440085397416, 'k2': 1.6559474674046002e-05, 'D_high': 71534.52030884045, 'fire_exp': 1.0482996836046896, 'P_half': 13.019246714361572, 'pre_dampen_half': 36.876350096202984, 'gpp_af': 29.925002022877816, 'gpp_b': 2.8457393813758034, 'gpp_d': 302.3127748796295, 'ign_k': 0.018707420137660268, 'ign_c': 6.1609752947414345, 'trop_agb_crit': 9.836162684900028, 'trop_k_veg': 0.7124466718584425, 'fuel_k': 1.8731335591844647, 'fuel_half': 16.371966573507315}.
[I 2026-07-22 21:45:47,343] Trial 650 finished with values: [10.383842423789359, 10.383842423789359] and parameters: {'k1': 0.004312951023617458, 'D_low': 2.9612221068836555, 'k2': 1.915468390724633e-05, 'D_high': 580966.5602369158, 'fire_exp': 1.0482996836046896, 'P_half': 1.4378290221680121, 'pre_dampen_half': 33.97904243111269, 'gpp_af': 0.003422824370263182, 'gpp_b': 0.0005392415140872105, 'gpp_d': 6.91394869865762, 'ign_k': 0.018707420137660268, 'ign_c': 0.11650681118986138, 'trop_agb_crit': 19.28597237496244, 'trop_k_veg': 1.6340262437673856, 'fuel_k': 1.312881567992459, 'fuel_half': 0.33988503110784557}.
[I 2026-07-22 21:45:47,818] Trial 651 finished with values: [-0.7887961844544928, 0.38282197979648347] and parameters: {'k1': 0.002968335334246999, 'D_low': 9.497440085397416, 'k2': 0.020149789847008874, 'D_high': 107013.64911724928, 'fire_exp': 2.3987174696212126, 'P_half': 220.3445560633069, 'pre_dampen_half': 502.5175192217655, 'gpp_af': 0.4224904711663322, 'gpp_b': 0.0021331409710300844, 'gpp_d': 12.151631524283598, 'ign_k': 3.210808548911192, 'ign_c': 15.221840161091619, 'trop_agb_crit': 24.584290528289387, 'trop_k_veg': 1.6340262437673856, 'fuel_k': 4.680936683972859, 'fuel_half': 38.21129441691226}.
[I 2026-07-22 21:45:48,305] Trial 652 finished with values: [10.142870208796419, 10.142870208796419] and parameters: {'k1': 0.002971796631657383, 'D_low': 102.19595065529477, 'k2': 2.1698375693549493e-05, 'D_high': 1693415.5410667954, 'fire_exp': 1.024589524149873, 'P_half': 220.3445560633069, 'pre_dampen_half': 269.0845367054863, 'gpp_af': 0.03924302839842014, 'gpp_b': 0.0021331409710300844, 'gpp_d': 0.3619181297408274, 'ign_k': 8.761971101023699, 'ign_c': 15.221840161091619, 'trop_agb_crit': 24.584290528289387, 'trop_k_veg': 0.9793402026070162, 'fuel_k': 4.680936683972859, 'fuel_half': 52.005817291141206}.
[I 2026-07-22 21:45:48,771] Trial 653 finished with values: [10.329772818042956, 10.329772818042956] and parameters: {'k1': 0.004312951023617458, 'D_low': 9.497440085397416, 'k2': 0.011469197890812934, 'D_high': 145242.37928628005, 'fire_exp': 2.0473885208625417, 'P_half': 13.019246714361572, 'pre_dampen_half': 33.71909132517388, 'gpp_af': 0.0025511964576171086, 'gpp_b': 3.228689523591491e-05, 'gpp_d': 16.460426816350534, 'ign_k': 0.03141110271934876, 'ign_c': 6.1609752947414345, 'trop_agb_crit': 1.1195539271968775, 'trop_k_veg': 1.6340262437673856, 'fuel_k': 1.8731335591844647, 'fuel_half': 27.47623461877469}.
[I 2026-07-22 21:45:49,237] Trial 654 finished with values: [-0.6056138891333123, 0.5465951356390194] and parameters: {'k1': 0.004312951023617458, 'D_low': 102.19595065529477, 'k2': 1.915468390724633e-05, 'D_high': 71534.52030884045, 'fire_exp': 1.024589524149873, 'P_half': 220.3445560633069, 'pre_dampen_half': 502.5175192217655, 'gpp_af': 0.7539992074650282, 'gpp_b': 0.0032930655419269924, 'gpp_d': 12.151631524283598, 'ign_k': 3.210808548911192, 'ign_c': 4.1108484350212295, 'trop_agb_crit': 1.1195539271968775, 'trop_k_veg': 1.6340262437673856, 'fuel_k': 0.08612665817296865, 'fuel_half': 52.005817291141206}.
[I 2026-07-22 21:45:49,706] Trial 655 finished with values: [-0.5245292780136149, 0.4383698331903426] and parameters: {'k1': 0.003242143344038315, 'D_low': 13.25142220631392, 'k2': 7.67074891445376e-05, 'D_high': 1488557.802851245, 'fire_exp': 1.0482996836046896, 'P_half': 10.226988730324324, 'pre_dampen_half': 36.876350096202984, 'gpp_af': 29.925002022877816, 'gpp_b': 2.8457393813758034, 'gpp_d': 373.3014953695604, 'ign_k': 0.018707420137660268, 'ign_c': 6.1609752947414345, 'trop_agb_crit': 6.1198430581046965, 'trop_k_veg': 0.9369104721775232, 'fuel_k': 0.028970790717327534, 'fuel_half': 16.371966573507315}.
[I 2026-07-22 21:45:50,195] Trial 656 finished with values: [10.014879107167932, 10.014879107167932] and parameters: {'k1': 0.003242143344038315, 'D_low': 9.497440085397416, 'k2': 1.127217425995114e-05, 'D_high': 580966.5602369158, 'fire_exp': 1.0862503061991866, 'P_half': 10.226988730324324, 'pre_dampen_half': 219.13475969641993, 'gpp_af': 29.925002022877816, 'gpp_b': 3.228689523591491e-05, 'gpp_d': 34.972243108738105, 'ign_k': 0.018707420137660268, 'ign_c': 6.1609752947414345, 'trop_agb_crit': 6.1198430581046965, 'trop_k_veg': 0.9369104721775232, 'fuel_k': 4.680936683972859, 'fuel_half': 42.6871254378718}.
[I 2026-07-22 21:45:50,690] Trial 657 finished with values: [10.740102135811899, 10.740102135811899] and parameters: {'k1': 0.004312951023617458, 'D_low': 102.19595065529477, 'k2': 0.002342238625792905, 'D_high': 1693415.5410667954, 'fire_exp': 2.4645237762603327, 'P_half': 220.3445560633069, 'pre_dampen_half': 26.373339933815235, 'gpp_af': 1.1300566419249867, 'gpp_b': 0.0032930655419269924, 'gpp_d': 0.015163585438685893, 'ign_k': 8.761971101023699, 'ign_c': 4.1108484350212295, 'trop_agb_crit': 2.539877620672643, 'trop_k_veg': 0.5695379443977426, 'fuel_k': 0.02929333925546488, 'fuel_half': 16.371966573507315}.
[I 2026-07-22 21:45:51,181] Trial 658 finished with values: [10.392060953680398, 10.392060953680398] and parameters: {'k1': 0.00016312233285809254, 'D_low': 102.19595065529477, 'k2': 0.017300724838654365, 'D_high': 71534.52030884045, 'fire_exp': 1.024589524149873, 'P_half': 13.019246714361572, 'pre_dampen_half': 36.876350096202984, 'gpp_af': 0.015769192447197523, 'gpp_b': 0.029533947738179488, 'gpp_d': 302.3127748796295, 'ign_k': 3.210808548911192, 'ign_c': 6.1609752947414345, 'trop_agb_crit': 2.447085645036977, 'trop_k_veg': 1.6340262437673856, 'fuel_k': 4.680936683972859, 'fuel_half': 38.21129441691226}.
[I 2026-07-22 21:45:51,683] Trial 659 finished with values: [10.35522585764647, 10.35522585764647] and parameters: {'k1': 0.004312951023617458, 'D_low': 2.8627614274446977, 'k2': 0.017300724838654365, 'D_high': 15907.988939621297, 'fire_exp': 2.3987174696212126, 'P_half': 220.3445560633069, 'pre_dampen_half': 269.0845367054863, 'gpp_af': 0.8571213555597654, 'gpp_b': 0.0032930655419269924, 'gpp_d': 16.460426816350534, 'ign_k': 3.210808548911192, 'ign_c': 0.19678273362633986, 'trop_agb_crit': 6.1198430581046965, 'trop_k_veg': 1.6340262437673856, 'fuel_k': 0.08612665817296865, 'fuel_half': 52.005817291141206}.
[I 2026-07-22 21:45:52,165] Trial 660 finished with values: [-0.6877319589138219, 0.27404762792969684] and parameters: {'k1': 0.002968335334246999, 'D_low': 102.19595065529477, 'k2': 0.002342238625792905, 'D_high': 107013.64911724928, 'fire_exp': 2.3987174696212126, 'P_half': 220.3445560633069, 'pre_dampen_half': 269.0845367054863, 'gpp_af': 1.1300566419249867, 'gpp_b': 0.029533947738179488, 'gpp_d': 12.151631524283598, 'ign_k': 3.210808548911192, 'ign_c': 4.1108484350212295, 'trop_agb_crit': 6.1198430581046965, 'trop_k_veg': 1.6340262437673856, 'fuel_k': 4.680936683972859, 'fuel_half': 38.21129441691226}.
[I 2026-07-22 21:45:52,611] Trial 661 finished with values: [-0.5030684399043234, 0.6538805252662746] and parameters: {'k1': 0.004312951023617458, 'D_low': 163.4864778201543, 'k2': 2.1698375693549493e-05, 'D_high': 71534.52030884045, 'fire_exp': 1.024589524149873, 'P_half': 220.3445560633069, 'pre_dampen_half': 502.5175192217655, 'gpp_af': 0.7539992074650282, 'gpp_b': 7.402343469704414e-05, 'gpp_d': 16.460426816350534, 'ign_k': 0.06807874826564587, 'ign_c': 6.1609752947414345, 'trop_agb_crit': 24.584290528289387, 'trop_k_veg': 0.9793402026070162, 'fuel_k': 4.680936683972859, 'fuel_half': 38.21129441691226}.
[I 2026-07-22 21:45:53,073] Trial 662 finished with values: [10.753246024052615, 10.753246024052615] and parameters: {'k1': 0.003242143344038315, 'D_low': 13.25142220631392, 'k2': 1.6559474674046002e-05, 'D_high': 1488557.802851245, 'fire_exp': 1.0482996836046896, 'P_half': 10.226988730324324, 'pre_dampen_half': 36.876350096202984, 'gpp_af': 0.06319490093197187, 'gpp_b': 2.8457393813758034, 'gpp_d': 373.3014953695604, 'ign_k': 0.018707420137660268, 'ign_c': 6.1609752947414345, 'trop_agb_crit': 6.1198430581046965, 'trop_k_veg': 0.9369104721775232, 'fuel_k': 1.8731335591844647, 'fuel_half': 16.371966573507315}.
[I 2026-07-22 21:45:53,517] Trial 663 finished with values: [10.501306105016734, 10.501306105016734] and parameters: {'k1': 0.007895056976009628, 'D_low': 102.19595065529477, 'k2': 2.1698375693549493e-05, 'D_high': 107013.64911724928, 'fire_exp': 1.0836188605980335, 'P_half': 5595.401979134827, 'pre_dampen_half': 269.0845367054863, 'gpp_af': 1.1300566419249867, 'gpp_b': 0.021028749338578148, 'gpp_d': 12.151631524283598, 'ign_k': 3.210808548911192, 'ign_c': 4.1108484350212295, 'trop_agb_crit': 19.28597237496244, 'trop_k_veg': 1.6340262437673856, 'fuel_k': 4.680936683972859, 'fuel_half': 16.371966573507315}.
