[I 2026-06-10 21:45:09,194] Trial 1110 finished with values: [18.09505930679827, 18.09505930679827] and parameters: {'k1': 0.05705198955850472, 'D_low': 171.2446447678494, 'k2': 0.01567230746060024, 'D_high': 8912.611835817017, 'fire_exp': 1.2918065501148304, 'P_half': 51.10120656497163, 'pre_dampen_half': 98.05638874011484, 'gpp_af': 1.7775411110039254, 'gpp_b': 0.0004125336560355494, 'gpp_d': 29.9035514860849, 'ign_k': 0.0029519227433917453, 'ign_c': 2.2489542843914485, 'trop_agb_crit': 24.199763404822136, 'trop_k_veg': 2.520089655463604, 'fire_amp': 1.2393473789150806}.
[I 2026-06-10 21:45:11,234] Trial 1111 finished with values: [10.656889438416796, 10.656889438416796] and parameters: {'k1': 0.012840669372724958, 'D_low': 171.2446447678494, 'k2': 0.0011135501184757278, 'D_high': 42210.21267871043, 'fire_exp': 2.2250681963525234, 'P_half': 61.6097529474144, 'pre_dampen_half': 4.603480758878793, 'gpp_af': 0.016306190741524337, 'gpp_b': 0.0004125336560355494, 'gpp_d': 0.7698760608299932, 'ign_k': 0.0029519227433917453, 'ign_c': 2.226297338331262, 'trop_agb_crit': 2.0527418919564324, 'trop_k_veg': 0.828441460847982, 'fire_amp': 1.2393473789150806}.
[I 2026-06-10 21:45:13,360] Trial 1112 finished with values: [-0.42542165582480623, 0.015522440742506638] and parameters: {'k1': 0.05705198955850472, 'D_low': 1739.6167422846984, 'k2': 0.01567230746060024, 'D_high': 44974.07193749848, 'fire_exp': 3.2459542834651627, 'P_half': 9.580682294110435, 'pre_dampen_half': 98.05638874011484, 'gpp_af': 0.016306190741524337, 'gpp_b': 0.0004125336560355494, 'gpp_d': 95.2715755007094, 'ign_k': 0.0029519227433917453, 'ign_c': 1.9423015749984096, 'trop_agb_crit': 3.5874145253515306, 'trop_k_veg': 0.6488368931910606, 'fire_amp': 5.014255309984818}.
[I 2026-06-10 21:45:15,397] Trial 1113 finished with values: [10.77385319052685, 10.77385319052685] and parameters: {'k1': 0.017276056747028225, 'D_low': 1739.6167422846984, 'k2': 0.02939607009739149, 'D_high': 44974.07193749848, 'fire_exp': 1.2918065501148304, 'P_half': 9.580682294110435, 'pre_dampen_half': 0.012856329182448098, 'gpp_af': 1.7775411110039254, 'gpp_b': 0.16285506249643175, 'gpp_d': 95.2715755007094, 'ign_k': 3.6309591863459096, 'ign_c': 1.1698039424426816, 'trop_agb_crit': 3.5874145253515306, 'trop_k_veg': 0.6488368931910606, 'fire_amp': 2.818314238665462}.
[I 2026-06-10 21:45:17,334] Trial 1114 finished with values: [11.20152904047188, 11.20152904047188] and parameters: {'k1': 0.017276056747028225, 'D_low': 43.2326421037033, 'k2': 4.933751600448335e-05, 'D_high': 42.242359735170886, 'fire_exp': 1.7792742686803427, 'P_half': 101.40635645866499, 'pre_dampen_half': 98.05638874011484, 'gpp_af': 1.7775411110039254, 'gpp_b': 0.16285506249643175, 'gpp_d': 95.2715755007094, 'ign_k': 3.6309591863459096, 'ign_c': 16.497426799845446, 'trop_agb_crit': 8.0091368834625, 'trop_k_veg': 0.6488368931910606, 'fire_amp': 2.818314238665462}.
[I 2026-06-10 21:45:19,749] Trial 1115 finished with values: [10.826494650964332, 10.826494650964332] and parameters: {'k1': 0.004467752817973905, 'D_low': 1074.940539517341, 'k2': 0.02939607009739149, 'D_high': 949.9072859745386, 'fire_exp': 1.4690410989404576, 'P_half': 277.00025557434554, 'pre_dampen_half': 903.3231300044874, 'gpp_af': 1.7775411110039254, 'gpp_b': 0.006999112505425414, 'gpp_d': 942.6090081952854, 'ign_k': 0.09256855841989636, 'ign_c': 45.20211383882605, 'trop_agb_crit': 3.5874145253515306, 'trop_k_veg': 0.6618107836658104, 'fire_amp': 1.7912500010961188}.
[I 2026-06-10 21:45:21,754] Trial 1116 finished with values: [11.286498123841367, 11.286498123841367] and parameters: {'k1': 0.012840669372724958, 'D_low': 5.004428734228137, 'k2': 0.0011135501184757278, 'D_high': 42210.21267871043, 'fire_exp': 1.2918065501148304, 'P_half': 1.4551749476072258, 'pre_dampen_half': 30.456909077772018, 'gpp_af': 65.61032228556527, 'gpp_b': 0.006999112505425414, 'gpp_d': 0.47049655051630496, 'ign_k': 0.0029519227433917453, 'ign_c': 7.832259769732471, 'trop_agb_crit': 2.0527418919564324, 'trop_k_veg': 0.828441460847982, 'fire_amp': 1.2393473789150806}.
[I 2026-06-10 21:45:23,614] Trial 1117 finished with values: [10.827560960791322, 10.827560960791322] and parameters: {'k1': 0.016973078532467004, 'D_low': 174.04948150194383, 'k2': 2.091507303847255e-05, 'D_high': 8912.611835817017, 'fire_exp': 1.6901885781909627, 'P_half': 101.40635645866499, 'pre_dampen_half': 1.8469033699850426, 'gpp_af': 0.002790115363936195, 'gpp_b': 0.015062722325200045, 'gpp_d': 20.81401325574021, 'ign_k': 0.17320535908244444, 'ign_c': 1.9423015749984096, 'trop_agb_crit': 24.199763404822136, 'trop_k_veg': 5.453348988480011, 'fire_amp': 1.2784745553082768}.
[I 2026-06-10 21:45:25,288] Trial 1118 finished with values: [10.633233869730484, 10.633233869730484] and parameters: {'k1': 0.08006837661379566, 'D_low': 171.2446447678494, 'k2': 0.0002442377596403892, 'D_high': 8912.611835817017, 'fire_exp': 1.6901885781909627, 'P_half': 51.10120656497163, 'pre_dampen_half': 1.8469033699850426, 'gpp_af': 0.016306190741524337, 'gpp_b': 0.0004125336560355494, 'gpp_d': 0.7698760608299932, 'ign_k': 0.0029519227433917453, 'ign_c': 14.709699119495124, 'trop_agb_crit': 24.199763404822136, 'trop_k_veg': 5.453348988480011, 'fire_amp': 1.2393473789150806}.
[I 2026-06-10 21:45:27,066] Trial 1119 finished with values: [10.833333332159754, 10.833333332159754] and parameters: {'k1': 0.012840669372724958, 'D_low': 1739.6167422846984, 'k2': 0.0011135501184757278, 'D_high': 44974.07193749848, 'fire_exp': 3.2459542834651627, 'P_half': 5588.430421438936, 'pre_dampen_half': 4.603480758878793, 'gpp_af': 0.016306190741524337, 'gpp_b': 0.16285506249643175, 'gpp_d': 0.7698760608299932, 'ign_k': 0.0029519227433917453, 'ign_c': 2.2489542843914485, 'trop_agb_crit': 3.5874145253515306, 'trop_k_veg': 0.6488368931910606, 'fire_amp': 2.818314238665462}.
[I 2026-06-10 21:45:28,921] Trial 1120 finished with values: [-0.632051811173613, 0.02851792665806252] and parameters: {'k1': 0.012840669372724958, 'D_low': 24.28756508761176, 'k2': 0.0011135501184757278, 'D_high': 8912.611835817017, 'fire_exp': 1.2918065501148304, 'P_half': 51.10120656497163, 'pre_dampen_half': 4.603480758878793, 'gpp_af': 0.00474057962703787, 'gpp_b': 0.0004125336560355494, 'gpp_d': 20.81401325574021, 'ign_k': 0.0029519227433917453, 'ign_c': 14.709699119495124, 'trop_agb_crit': 2.0527418919564324, 'trop_k_veg': 2.520089655463604, 'fire_amp': 1.2393473789150806}.
[I 2026-06-10 21:45:31,036] Trial 1121 finished with values: [10.585093794126355, 10.585093794126355] and parameters: {'k1': 0.05705198955850472, 'D_low': 1739.6167422846984, 'k2': 0.01567230746060024, 'D_high': 44974.07193749848, 'fire_exp': 1.2918065501148304, 'P_half': 101.40635645866499, 'pre_dampen_half': 98.05638874011484, 'gpp_af': 1.7775411110039254, 'gpp_b': 0.16285506249643175, 'gpp_d': 617.1168441372629, 'ign_k': 0.0029519227433917453, 'ign_c': 1.9423015749984096, 'trop_agb_crit': 1.1945139451702542, 'trop_k_veg': 0.6488368931910606, 'fire_amp': 2.818314238665462}.
[I 2026-06-10 21:45:33,138] Trial 1122 finished with values: [10.833333332159754, 10.833333332159754] and parameters: {'k1': 0.017276056747028225, 'D_low': 1739.6167422846984, 'k2': 0.02939607009739149, 'D_high': 473.3400761327905, 'fire_exp': 1.2918065501148304, 'P_half': 51.10120656497163, 'pre_dampen_half': 4.603480758878793, 'gpp_af': 0.00474057962703787, 'gpp_b': 0.16285506249643175, 'gpp_d': 95.2715755007094, 'ign_k': 0.0029519227433917453, 'ign_c': 1.1698039424426816, 'trop_agb_crit': 2.0527418919564324, 'trop_k_veg': 2.520089655463604, 'fire_amp': 2.818314238665462}.
[I 2026-06-10 21:45:35,138] Trial 1123 finished with values: [10.69990751691502, 10.69990751691502] and parameters: {'k1': 0.017276056747028225, 'D_low': 24.28756508761176, 'k2': 0.00010980728756907093, 'D_high': 8912.611835817017, 'fire_exp': 1.2918065501148304, 'P_half': 51.10120656497163, 'pre_dampen_half': 98.05638874011484, 'gpp_af': 0.00474057962703787, 'gpp_b': 0.16285506249643175, 'gpp_d': 20.81401325574021, 'ign_k': 3.6309591863459096, 'ign_c': 14.709699119495124, 'trop_agb_crit': 2.0527418919564324, 'trop_k_veg': 2.520089655463604, 'fire_amp': 2.818314238665462}.
[I 2026-06-10 21:45:37,206] Trial 1124 finished with values: [11.524396785267443, 11.524396785267443] and parameters: {'k1': 0.008380768799422988, 'D_low': 24.28756508761176, 'k2': 0.0011135501184757278, 'D_high': 44974.07193749848, 'fire_exp': 1.2918065501148304, 'P_half': 9.580682294110435, 'pre_dampen_half': 4.603480758878793, 'gpp_af': 0.00474057962703787, 'gpp_b': 0.0004125336560355494, 'gpp_d': 0.7698760608299932, 'ign_k': 0.0029519227433917453, 'ign_c': 14.709699119495124, 'trop_agb_crit': 3.5874145253515306, 'trop_k_veg': 0.6488368931910606, 'fire_amp': 2.818314238665462}.
[I 2026-06-10 21:45:39,388] Trial 1125 finished with values: [10.832428250523925, 10.832428250523925] and parameters: {'k1': 0.012840669372724958, 'D_low': 8417.601502819636, 'k2': 0.0002442377596403892, 'D_high': 10994.090116844662, 'fire_exp': 2.4022781627753544, 'P_half': 61.6097529474144, 'pre_dampen_half': 4.603480758878793, 'gpp_af': 0.016306190741524337, 'gpp_b': 0.0004125336560355494, 'gpp_d': 0.7698760608299932, 'ign_k': 0.02779045054796808, 'ign_c': 1.9423015749984096, 'trop_agb_crit': 24.199763404822136, 'trop_k_veg': 2.520089655463604, 'fire_amp': 1.2393473789150806}.
[I 2026-06-10 21:45:41,854] Trial 1126 finished with values: [10.639725672736187, 10.639725672736187] and parameters: {'k1': 0.0008779848797373387, 'D_low': 171.2446447678494, 'k2': 0.0011135501184757278, 'D_high': 42210.21267871043, 'fire_exp': 1.2918065501148304, 'P_half': 101.40635645866499, 'pre_dampen_half': 98.05638874011484, 'gpp_af': 0.016306190741524337, 'gpp_b': 0.16285506249643175, 'gpp_d': 95.2715755007094, 'ign_k': 0.0029519227433917453, 'ign_c': 1.9423015749984096, 'trop_agb_crit': 3.5874145253515306, 'trop_k_veg': 0.6488368931910606, 'fire_amp': 1.2393473789150806}.
[I 2026-06-10 21:45:43,598] Trial 1127 finished with values: [10.205160649328079, 10.205160649328079] and parameters: {'k1': 0.00010619895658396983, 'D_low': 171.2446447678494, 'k2': 0.0002442377596403892, 'D_high': 42210.21267871043, 'fire_exp': 1.2918065501148304, 'P_half': 9.580682294110435, 'pre_dampen_half': 4.603480758878793, 'gpp_af': 1.7775411110039254, 'gpp_b': 0.08414873833102533, 'gpp_d': 95.2715755007094, 'ign_k': 0.17320535908244444, 'ign_c': 1.1698039424426816, 'trop_agb_crit': 21.086120736447015, 'trop_k_veg': 5.453348988480011, 'fire_amp': 1.2393473789150806}.
[I 2026-06-10 21:45:45,498] Trial 1128 finished with values: [11.793343816008989, 11.793343816008989] and parameters: {'k1': 0.017276056747028225, 'D_low': 235.39834531862078, 'k2': 0.01567230746060024, 'D_high': 10994.090116844662, 'fire_exp': 2.4022781627753544, 'P_half': 9.580682294110435, 'pre_dampen_half': 30.456909077772018, 'gpp_af': 0.002790115363936195, 'gpp_b': 0.00047819318414852577, 'gpp_d': 95.2715755007094, 'ign_k': 0.09256855841989636, 'ign_c': 2.2489542843914485, 'trop_agb_crit': 3.5874145253515306, 'trop_k_veg': 0.6488368931910606, 'fire_amp': 4.2446263054164195}.
[I 2026-06-10 21:45:47,489] Trial 1129 finished with values: [10.392949819456899, 10.392949819456899] and parameters: {'k1': 0.017276056747028225, 'D_low': 235.39834531862078, 'k2': 0.01567230746060024, 'D_high': 42210.21267871043, 'fire_exp': 3.2459542834651627, 'P_half': 101.40635645866499, 'pre_dampen_half': 30.456909077772018, 'gpp_af': 1.7775411110039254, 'gpp_b': 0.16285506249643175, 'gpp_d': 95.2715755007094, 'ign_k': 3.6309591863459096, 'ign_c': 2.2489542843914485, 'trop_agb_crit': 3.5874145253515306, 'trop_k_veg': 0.6488368931910606, 'fire_amp': 2.818314238665462}.
[I 2026-06-10 21:45:49,265] Trial 1130 finished with values: [10.820981304552108, 10.820981304552108] and parameters: {'k1': 6.199983461825241e-05, 'D_low': 24.28756508761176, 'k2': 0.02939607009739149, 'D_high': 8912.611835817017, 'fire_exp': 3.2459542834651627, 'P_half': 51.10120656497163, 'pre_dampen_half': 4.603480758878793, 'gpp_af': 1.7775411110039254, 'gpp_b': 0.16285506249643175, 'gpp_d': 20.81401325574021, 'ign_k': 0.0029519227433917453, 'ign_c': 18.25244373197921, 'trop_agb_crit': 2.0527418919564324, 'trop_k_veg': 0.6488368931910606, 'fire_amp': 2.818314238665462}.
[I 2026-06-10 21:45:51,026] Trial 1131 finished with values: [11.281433338526261, 11.281433338526261] and parameters: {'k1': 0.016973078532467004, 'D_low': 171.2446447678494, 'k2': 8.968733598183248e-05, 'D_high': 42.242359735170886, 'fire_exp': 1.7792742686803427, 'P_half': 71.73480907515082, 'pre_dampen_half': 189.88136301569827, 'gpp_af': 0.016306190741524337, 'gpp_b': 0.0004125336560355494, 'gpp_d': 20.81401325574021, 'ign_k': 0.00660597889201953, 'ign_c': 3.4321391362415827, 'trop_agb_crit': 24.199763404822136, 'trop_k_veg': 7.402544809983538, 'fire_amp': 2.9752691429896863}.
[I 2026-06-10 21:45:53,050] Trial 1132 finished with values: [10.335040620191334, 10.335040620191334] and parameters: {'k1': 0.016973078532467004, 'D_low': 25.004921089927873, 'k2': 0.0011135501184757278, 'D_high': 28.601126547411667, 'fire_exp': 1.4165986667962924, 'P_half': 51.10120656497163, 'pre_dampen_half': 1.8469033699850426, 'gpp_af': 0.016306190741524337, 'gpp_b': 0.0004125336560355494, 'gpp_d': 0.7698760608299932, 'ign_k': 0.00796650292267966, 'ign_c': 14.709699119495124, 'trop_agb_crit': 2.0527418919564324, 'trop_k_veg': 5.453348988480011, 'fire_amp': 5.416595007374148}.
[I 2026-06-10 21:45:55,278] Trial 1133 finished with values: [18.345488930586868, 18.345488930586868] and parameters: {'k1': 0.00010089430320527378, 'D_low': 1739.6167422846984, 'k2': 0.0011135501184757278, 'D_high': 8912.611835817017, 'fire_exp': 1.2918065501148304, 'P_half': 51.10120656497163, 'pre_dampen_half': 98.05638874011484, 'gpp_af': 0.00474057962703787, 'gpp_b': 0.0004125336560355494, 'gpp_d': 95.2715755007094, 'ign_k': 0.0029519227433917453, 'ign_c': 14.709699119495124, 'trop_agb_crit': 2.0527418919564324, 'trop_k_veg': 0.6488368931910606, 'fire_amp': 2.818314238665462}.
[I 2026-06-10 21:45:57,316] Trial 1134 finished with values: [-0.6320774209938684, 0.02852403611796206] and parameters: {'k1': 0.012840669372724958, 'D_low': 24.28756508761176, 'k2': 0.0011135501184757278, 'D_high': 8912.611835817017, 'fire_exp': 1.2918065501148304, 'P_half': 51.10120656497163, 'pre_dampen_half': 4.603480758878793, 'gpp_af': 0.00474057962703787, 'gpp_b': 0.0004125336560355494, 'gpp_d': 462.98471849924937, 'ign_k': 0.0029519227433917453, 'ign_c': 14.709699119495124, 'trop_agb_crit': 2.0527418919564324, 'trop_k_veg': 2.520089655463604, 'fire_amp': 1.2393473789150806}.
[I 2026-06-10 21:45:59,206] Trial 1135 finished with values: [10.833194447542425, 10.833194447542425] and parameters: {'k1': 0.08006837661379566, 'D_low': 1739.6167422846984, 'k2': 0.02939607009739149, 'D_high': 44974.07193749848, 'fire_exp': 3.2459542834651627, 'P_half': 2526.1796445828068, 'pre_dampen_half': 4.603480758878793, 'gpp_af': 1.7775411110039254, 'gpp_b': 0.0004125336560355494, 'gpp_d': 0.7698760608299932, 'ign_k': 0.0029519227433917453, 'ign_c': 2.226297338331262, 'trop_agb_crit': 2.0527418919564324, 'trop_k_veg': 0.6488368931910606, 'fire_amp': 2.818314238665462}.
[I 2026-06-10 21:46:01,207] Trial 1136 finished with values: [10.17532180827146, 10.17532180827146] and parameters: {'k1': 0.0031213520322039886, 'D_low': 175.74830822120956, 'k2': 0.0011135501184757278, 'D_high': 42210.21267871043, 'fire_exp': 1.2918065501148304, 'P_half': 10.94496366796197, 'pre_dampen_half': 4.603480758878793, 'gpp_af': 1.7775411110039254, 'gpp_b': 0.013814827557709835, 'gpp_d': 0.7698760608299932, 'ign_k': 3.6309591863459096, 'ign_c': 2.2489542843914485, 'trop_agb_crit': 3.5874145253515306, 'trop_k_veg': 0.828441460847982, 'fire_amp': 1.2393473789150806}.
[I 2026-06-10 21:46:03,876] Trial 1137 finished with values: [10.769536648200624, 10.769536648200624] and parameters: {'k1': 0.012840669372724958, 'D_low': 171.2446447678494, 'k2': 0.02939607009739149, 'D_high': 44974.07193749848, 'fire_exp': 3.2459542834651627, 'P_half': 101.40635645866499, 'pre_dampen_half': 4.603480758878793, 'gpp_af': 1.7775411110039254, 'gpp_b': 0.16285506249643175, 'gpp_d': 95.2715755007094, 'ign_k': 0.0028778985970624874, 'ign_c': 14.709699119495124, 'trop_agb_crit': 24.199763404822136, 'trop_k_veg': 2.520089655463604, 'fire_amp': 2.818314238665462}.
[I 2026-06-10 21:46:05,637] Trial 1138 finished with values: [13.492220206897576, 13.492220206897576] and parameters: {'k1': 0.004420612468360113, 'D_low': 24.28756508761176, 'k2': 0.0002442377596403892, 'D_high': 8912.611835817017, 'fire_exp': 1.2918065501148304, 'P_half': 9.580682294110435, 'pre_dampen_half': 4.603480758878793, 'gpp_af': 20.12115544906385, 'gpp_b': 0.0004125336560355494, 'gpp_d': 0.7698760608299932, 'ign_k': 0.0029519227433917453, 'ign_c': 14.709699119495124, 'trop_agb_crit': 3.5874145253515306, 'trop_k_veg': 0.6488368931910606, 'fire_amp': 5.416595007374148}.
[I 2026-06-10 21:46:07,499] Trial 1139 finished with values: [10.656463466839343, 10.656463466839343] and parameters: {'k1': 0.027577746388028138, 'D_low': 1739.6167422846984, 'k2': 0.02939607009739149, 'D_high': 10994.090116844662, 'fire_exp': 3.2459542834651627, 'P_half': 101.40635645866499, 'pre_dampen_half': 37.40930273158252, 'gpp_af': 0.002790115363936195, 'gpp_b': 0.00047819318414852577, 'gpp_d': 20.81401325574021, 'ign_k': 3.6309591863459096, 'ign_c': 2.2489542843914485, 'trop_agb_crit': 24.199763404822136, 'trop_k_veg': 2.520089655463604, 'fire_amp': 1.2784745553082768}.
[I 2026-06-10 21:46:09,565] Trial 1140 finished with values: [12.907848163000569, 12.907848163000569] and parameters: {'k1': 0.08006837661379566, 'D_low': 778.4974831204808, 'k2': 0.02939607009739149, 'D_high': 42210.21267871043, 'fire_exp': 3.2459542834651627, 'P_half': 101.40635645866499, 'pre_dampen_half': 30.456909077772018, 'gpp_af': 1.7775411110039254, 'gpp_b': 0.002416023630607169, 'gpp_d': 17.82401184029455, 'ign_k': 3.6309591863459096, 'ign_c': 2.2489542843914485, 'trop_agb_crit': 2.0527418919564324, 'trop_k_veg': 0.828441460847982, 'fire_amp': 4.2446263054164195}.
[I 2026-06-10 21:46:11,507] Trial 1141 finished with values: [10.806055847766523, 10.806055847766523] and parameters: {'k1': 0.012840669372724958, 'D_low': 235.39834531862078, 'k2': 0.0011135501184757278, 'D_high': 42210.21267871043, 'fire_exp': 4.164740583255681, 'P_half': 61.6097529474144, 'pre_dampen_half': 30.456909077772018, 'gpp_af': 0.016306190741524337, 'gpp_b': 0.002416023630607169, 'gpp_d': 0.7698760608299932, 'ign_k': 0.0029519227433917453, 'ign_c': 1.9423015749984096, 'trop_agb_crit': 2.0527418919564324, 'trop_k_veg': 0.828441460847982, 'fire_amp': 1.2393473789150806}.
[I 2026-06-10 21:46:13,634] Trial 1142 finished with values: [13.140389499204163, 13.140389499204163] and parameters: {'k1': 0.08006837661379566, 'D_low': 24.28756508761176, 'k2': 0.0002442377596403892, 'D_high': 8912.611835817017, 'fire_exp': 1.6901885781909627, 'P_half': 51.10120656497163, 'pre_dampen_half': 30.456909077772018, 'gpp_af': 20.12115544906385, 'gpp_b': 0.05719024141066792, 'gpp_d': 20.81401325574021, 'ign_k': 0.09256855841989636, 'ign_c': 14.709699119495124, 'trop_agb_crit': 2.0527418919564324, 'trop_k_veg': 5.453348988480011, 'fire_amp': 4.2446263054164195}.
[I 2026-06-10 21:46:15,754] Trial 1143 finished with values: [10.832722020636822, 10.832722020636822] and parameters: {'k1': 0.017276056747028225, 'D_low': 235.39834531862078, 'k2': 8.968733598183248e-05, 'D_high': 42210.21267871043, 'fire_exp': 3.2459542834651627, 'P_half': 1.4551749476072258, 'pre_dampen_half': 98.05638874011484, 'gpp_af': 0.016306190741524337, 'gpp_b': 0.16285506249643175, 'gpp_d': 95.2715755007094, 'ign_k': 0.09256855841989636, 'ign_c': 2.226297338331262, 'trop_agb_crit': 3.5874145253515306, 'trop_k_veg': 0.6488368931910606, 'fire_amp': 1.1289019427438733}.
[I 2026-06-10 21:46:18,525] Trial 1144 finished with values: [10.428286944187704, 10.428286944187704] and parameters: {'k1': 0.08006837661379566, 'D_low': 235.39834531862078, 'k2': 8.968733598183248e-05, 'D_high': 42210.21267871043, 'fire_exp': 4.164740583255681, 'P_half': 1.4551749476072258, 'pre_dampen_half': 4.603480758878793, 'gpp_af': 0.016306190741524337, 'gpp_b': 0.0004125336560355494, 'gpp_d': 0.7698760608299932, 'ign_k': 0.6781728339039853, 'ign_c': 2.226297338331262, 'trop_agb_crit': 2.0527418919564324, 'trop_k_veg': 2.9806294141302545, 'fire_amp': 1.2393473789150806}.
[I 2026-06-10 21:46:20,492] Trial 1145 finished with values: [10.795784405183257, 10.795784405183257] and parameters: {'k1': 0.016973078532467004, 'D_low': 24.28756508761176, 'k2': 0.0014933199578396213, 'D_high': 8912.611835817017, 'fire_exp': 1.2918065501148304, 'P_half': 51.10120656497163, 'pre_dampen_half': 4.603480758878793, 'gpp_af': 0.00474057962703787, 'gpp_b': 0.05719024141066792, 'gpp_d': 20.81401325574021, 'ign_k': 0.17320535908244444, 'ign_c': 14.709699119495124, 'trop_agb_crit': 2.0527418919564324, 'trop_k_veg': 5.453348988480011, 'fire_amp': 1.2393473789150806}.
[I 2026-06-10 21:46:22,527] Trial 1146 finished with values: [10.022071597754072, 10.022071597754072] and parameters: {'k1': 0.017276056747028225, 'D_low': 235.39834531862078, 'k2': 0.01567230746060024, 'D_high': 42210.21267871043, 'fire_exp': 4.164740583255681, 'P_half': 101.40635645866499, 'pre_dampen_half': 30.456909077772018, 'gpp_af': 0.5310489989160803, 'gpp_b': 0.002416023630607169, 'gpp_d': 95.2715755007094, 'ign_k': 0.09256855841989636, 'ign_c': 0.21227623829877074, 'trop_agb_crit': 3.5874145253515306, 'trop_k_veg': 0.6488368931910606, 'fire_amp': 4.2446263054164195}.
