[I 2026-06-10 17:43:20,918] Trial 851 finished with values: [11.224081541170484, 11.224081541170484] and parameters: {'k1': 0.0869690639641868, 'D_low': 12.105387404469584, 'k2': 0.02939607009739149, 'D_high': 44974.07193749848, 'fire_exp': 3.2459542834651627, 'P_half': 101.40635645866499, 'pre_dampen_half': 98.05638874011484, 'gpp_af': 0.09885838682552685, 'gpp_b': 0.0004125336560355494, 'gpp_d': 28.312234265202243, 'ign_k': 3.965503094323014, 'ign_c': 4.619723604324942, 'trop_agb_crit': 3.1419938725278875, 'trop_k_veg': 0.6618107836658104, 'fire_amp': 2.6192385880432525}.
[I 2026-06-10 17:43:22,263] Trial 852 finished with values: [10.223201990903243, 10.223201990903243] and parameters: {'k1': 0.0869690639641868, 'D_low': 2.414672422128219, 'k2': 1.2432381951316053e-05, 'D_high': 44974.07193749848, 'fire_exp': 3.2459542834651627, 'P_half': 157.80309954142965, 'pre_dampen_half': 98.05638874011484, 'gpp_af': 0.09885838682552685, 'gpp_b': 2.1309331861011757e-05, 'gpp_d': 545.0253444559129, 'ign_k': 3.965503094323014, 'ign_c': 7.081721844034206, 'trop_agb_crit': 3.5874145253515306, 'trop_k_veg': 6.172643383211297, 'fire_amp': 2.6192385880432525}.
[I 2026-06-10 17:43:23,597] Trial 853 finished with values: [10.716343085321501, 10.716343085321501] and parameters: {'k1': 0.08006837661379566, 'D_low': 1739.6167422846984, 'k2': 0.003767022142229395, 'D_high': 44974.07193749848, 'fire_exp': 1.1490848108902036, 'P_half': 101.40635645866499, 'pre_dampen_half': 98.05638874011484, 'gpp_af': 0.0662749342026412, 'gpp_b': 0.00012118589392553798, 'gpp_d': 545.0253444559129, 'ign_k': 1.6270983114897255, 'ign_c': 2.226297338331262, 'trop_agb_crit': 1.0693376406863295, 'trop_k_veg': 0.6618107836658104, 'fire_amp': 2.368964504291618}.
[I 2026-06-10 17:43:25,152] Trial 854 finished with values: [10.116542528530523, 10.116542528530523] and parameters: {'k1': 1.193353489272344e-05, 'D_low': 43.2326421037033, 'k2': 3.152468275632564e-05, 'D_high': 22.636544662054543, 'fire_exp': 1.5191397119156032, 'P_half': 8.318314747941244, 'pre_dampen_half': 33.71909132517384, 'gpp_af': 0.0662749342026412, 'gpp_b': 1.4540386644083135e-05, 'gpp_d': 545.0253444559129, 'ign_k': 0.004105873950290761, 'ign_c': 22.126836566118193, 'trop_agb_crit': 2.41977849576758, 'trop_k_veg': 0.6618107836658104, 'fire_amp': 5.44779717154213}.
[I 2026-06-10 17:43:26,665] Trial 855 finished with values: [-0.7181852620016641, 0.1560887478893911] and parameters: {'k1': 0.07119679541167405, 'D_low': 1.873653322520581, 'k2': 0.0001016707987819611, 'D_high': 35.136541394511, 'fire_exp': 1.4690410989404576, 'P_half': 1.4551749476072258, 'pre_dampen_half': 5.593036834117395, 'gpp_af': 0.10098504976210308, 'gpp_b': 2.1309331861011757e-05, 'gpp_d': 545.0253444559129, 'ign_k': 7.299424898595565, 'ign_c': 22.126836566118193, 'trop_agb_crit': 1.5033346993841157, 'trop_k_veg': 2.724170387400844, 'fire_amp': 5.44779717154213}.
[I 2026-06-10 17:43:28,321] Trial 856 finished with values: [10.159623671944077, 10.159623671944077] and parameters: {'k1': 0.016973078532467004, 'D_low': 2.414672422128219, 'k2': 1.2432381951316053e-05, 'D_high': 10994.090116844662, 'fire_exp': 1.5191397119156032, 'P_half': 8.318314747941244, 'pre_dampen_half': 8.259599205585761, 'gpp_af': 27.448645214004376, 'gpp_b': 0.00012118589392553798, 'gpp_d': 545.0253444559129, 'ign_k': 3.965503094323014, 'ign_c': 7.081721844034206, 'trop_agb_crit': 8.188098178380693, 'trop_k_veg': 6.172643383211297, 'fire_amp': 1.2784745553082768}.
[I 2026-06-10 17:43:29,677] Trial 857 finished with values: [10.08052232122866, 10.08052232122866] and parameters: {'k1': 0.028401063201780267, 'D_low': 24.28756508761176, 'k2': 3.152468275632564e-05, 'D_high': 2427.054417940131, 'fire_exp': 1.5191397119156032, 'P_half': 157.80309954142965, 'pre_dampen_half': 8.259599205585761, 'gpp_af': 6.384685545228285, 'gpp_b': 0.0004125336560355494, 'gpp_d': 0.7698760608299932, 'ign_k': 5.276924233362289, 'ign_c': 0.10435856341129002, 'trop_agb_crit': 1.5033346993841157, 'trop_k_veg': 2.2057060303254308, 'fire_amp': 5.44779717154213}.
[I 2026-06-10 17:43:31,186] Trial 858 finished with values: [10.884134891073748, 10.884134891073748] and parameters: {'k1': 0.028401063201780267, 'D_low': 1739.6167422846984, 'k2': 0.0001016707987819611, 'D_high': 2427.054417940131, 'fire_exp': 3.2459542834651627, 'P_half': 157.80309954142965, 'pre_dampen_half': 8.259599205585761, 'gpp_af': 0.09885838682552685, 'gpp_b': 0.00019552902383918484, 'gpp_d': 95.2715755007094, 'ign_k': 1.6270983114897255, 'ign_c': 0.10435856341129002, 'trop_agb_crit': 8.188098178380693, 'trop_k_veg': 0.6618107836658104, 'fire_amp': 2.6192385880432525}.
[I 2026-06-10 17:43:32,785] Trial 859 finished with values: [10.508387546467919, 10.508387546467919] and parameters: {'k1': 0.006079905434073396, 'D_low': 43.2326421037033, 'k2': 0.0001016707987819611, 'D_high': 2427.054417940131, 'fire_exp': 1.5191397119156032, 'P_half': 8.318314747941244, 'pre_dampen_half': 28.01075698398644, 'gpp_af': 27.448645214004376, 'gpp_b': 0.0004125336560355494, 'gpp_d': 545.0253444559129, 'ign_k': 3.965503094323014, 'ign_c': 22.126836566118193, 'trop_agb_crit': 8.188098178380693, 'trop_k_veg': 0.6618107836658104, 'fire_amp': 1.1202509284327942}.
[I 2026-06-10 17:43:34,312] Trial 860 finished with values: [10.844833424316084, 10.844833424316084] and parameters: {'k1': 0.00031134168041628584, 'D_low': 43.2326421037033, 'k2': 0.0001016707987819611, 'D_high': 18108.14362107968, 'fire_exp': 1.4690410989404576, 'P_half': 157.80309954142965, 'pre_dampen_half': 0.011497512044959184, 'gpp_af': 0.0662749342026412, 'gpp_b': 0.00043225896016820903, 'gpp_d': 545.0253444559129, 'ign_k': 3.965503094323014, 'ign_c': 7.081721844034206, 'trop_agb_crit': 2.1989086830950257, 'trop_k_veg': 0.975900407343733, 'fire_amp': 1.5719333351012774}.
[I 2026-06-10 17:43:35,634] Trial 861 finished with values: [10.852989382763587, 10.852989382763587] and parameters: {'k1': 0.006079905434073396, 'D_low': 24.28756508761176, 'k2': 0.0001016707987819611, 'D_high': 35.136541394511, 'fire_exp': 1.4690410989404576, 'P_half': 8007.464457322735, 'pre_dampen_half': 8.259599205585761, 'gpp_af': 0.10098504976210308, 'gpp_b': 1.1008110571039521e-05, 'gpp_d': 12.338826503601998, 'ign_k': 1.6074906204277295, 'ign_c': 22.126836566118193, 'trop_agb_crit': 26.146349182924812, 'trop_k_veg': 6.172643383211297, 'fire_amp': 5.44779717154213}.
[I 2026-06-10 17:43:36,923] Trial 862 finished with values: [13.778231175324724, 13.778231175324724] and parameters: {'k1': 0.006079905434073396, 'D_low': 43.2326421037033, 'k2': 0.0001016707987819611, 'D_high': 42210.21267871043, 'fire_exp': 1.5191397119156032, 'P_half': 118.94665366442581, 'pre_dampen_half': 9.044346216330972, 'gpp_af': 0.3939208112794227, 'gpp_b': 2.800940363375676e-05, 'gpp_d': 95.2715755007094, 'ign_k': 0.4303356629825978, 'ign_c': 0.10435856341129002, 'trop_agb_crit': 8.188098178380693, 'trop_k_veg': 2.724170387400844, 'fire_amp': 5.44779717154213}.
[I 2026-06-10 17:43:38,293] Trial 863 finished with values: [10.599198227617554, 10.599198227617554] and parameters: {'k1': 0.00031134168041628584, 'D_low': 43.2326421037033, 'k2': 3.152468275632564e-05, 'D_high': 22.636544662054543, 'fire_exp': 1.0601964743503993, 'P_half': 69.68111190775313, 'pre_dampen_half': 2.7496044350174866, 'gpp_af': 0.0662749342026412, 'gpp_b': 1.4540386644083135e-05, 'gpp_d': 545.0253444559129, 'ign_k': 0.00840038491455979, 'ign_c': 0.2747544877072544, 'trop_agb_crit': 8.188098178380693, 'trop_k_veg': 0.6618107836658104, 'fire_amp': 1.5587346124822492}.
[I 2026-06-10 17:43:39,853] Trial 864 finished with values: [16.511090528293156, 16.511090528293156] and parameters: {'k1': 0.016973078532467004, 'D_low': 43.2326421037033, 'k2': 0.0001016707987819611, 'D_high': 2427.054417940131, 'fire_exp': 1.069663761954776, 'P_half': 157.80309954142965, 'pre_dampen_half': 103.54508504947606, 'gpp_af': 0.10098504976210308, 'gpp_b': 1.1008110571039521e-05, 'gpp_d': 95.2715755007094, 'ign_k': 3.965503094323014, 'ign_c': 7.081721844034206, 'trop_agb_crit': 1.5033346993841157, 'trop_k_veg': 1.5030844497004798, 'fire_amp': 5.44779717154213}.
[I 2026-06-10 17:43:41,354] Trial 865 finished with values: [10.892857142659844, 10.892857142659844] and parameters: {'k1': 0.016973078532467004, 'D_low': 155.5385177474217, 'k2': 0.0001016707987819611, 'D_high': 76838.76502998071, 'fire_exp': 1.4690410989404576, 'P_half': 8.318314747941244, 'pre_dampen_half': 1.8469033699850426, 'gpp_af': 27.448645214004376, 'gpp_b': 0.005324318259022292, 'gpp_d': 545.0253444559129, 'ign_k': 3.965503094323014, 'ign_c': 238.46702350126745, 'trop_agb_crit': 1.5033346993841157, 'trop_k_veg': 0.5535297685306277, 'fire_amp': 1.5587346124822492}.
[I 2026-06-10 17:43:42,719] Trial 866 finished with values: [10.938353383101008, 10.938353383101008] and parameters: {'k1': 0.0869690639641868, 'D_low': 43.2326421037033, 'k2': 0.045914852167405346, 'D_high': 42210.21267871043, 'fire_exp': 1.9365919987098117, 'P_half': 118.94665366442581, 'pre_dampen_half': 9.044346216330972, 'gpp_af': 27.448645214004376, 'gpp_b': 2.800940363375676e-05, 'gpp_d': 545.0253444559129, 'ign_k': 0.4303356629825978, 'ign_c': 0.24679157131719837, 'trop_agb_crit': 8.188098178380693, 'trop_k_veg': 4.796046723963646, 'fire_amp': 2.3984211831442845}.
[I 2026-06-10 17:43:44,102] Trial 867 finished with values: [-0.47876459104959085, 0.3753818010879595] and parameters: {'k1': 0.0326979063339169, 'D_low': 1739.6167422846984, 'k2': 0.0001016707987819611, 'D_high': 44974.07193749848, 'fire_exp': 1.4572158037266703, 'P_half': 101.40635645866499, 'pre_dampen_half': 155.08737608723771, 'gpp_af': 0.09885838682552685, 'gpp_b': 2.1309331861011757e-05, 'gpp_d': 95.2715755007094, 'ign_k': 1.6270983114897255, 'ign_c': 1.4091459170104739, 'trop_agb_crit': 2.1989086830950257, 'trop_k_veg': 2.724170387400844, 'fire_amp': 1.1202509284327942}.
[I 2026-06-10 17:43:45,482] Trial 868 finished with values: [11.459510350954908, 11.459510350954908] and parameters: {'k1': 0.0869690639641868, 'D_low': 43.2326421037033, 'k2': 0.0001016707987819611, 'D_high': 2427.054417940131, 'fire_exp': 1.4126958348191876, 'P_half': 101.40635645866499, 'pre_dampen_half': 98.05638874011484, 'gpp_af': 0.10098504976210308, 'gpp_b': 2.1309331861011757e-05, 'gpp_d': 95.2715755007094, 'ign_k': 5.276924233362289, 'ign_c': 22.126836566118193, 'trop_agb_crit': 1.5033346993841157, 'trop_k_veg': 2.724170387400844, 'fire_amp': 5.44779717154213}.
[I 2026-06-10 17:43:47,021] Trial 869 finished with values: [10.514498928591967, 10.514498928591967] and parameters: {'k1': 0.006079905434073396, 'D_low': 43.2326421037033, 'k2': 0.0001016707987819611, 'D_high': 2427.054417940131, 'fire_exp': 1.14171776851287, 'P_half': 8.318314747941244, 'pre_dampen_half': 8.259599205585761, 'gpp_af': 0.10098504976210308, 'gpp_b': 0.0004125336560355494, 'gpp_d': 545.0253444559129, 'ign_k': 0.004105873950290761, 'ign_c': 0.10435856341129002, 'trop_agb_crit': 3.1419938725278875, 'trop_k_veg': 0.6618107836658104, 'fire_amp': 5.44779717154213}.
[I 2026-06-10 17:43:48,447] Trial 870 finished with values: [-0.38810853315999927, 0.27483125361456495] and parameters: {'k1': 0.006079905434073396, 'D_low': 43.2326421037033, 'k2': 0.0001016707987819611, 'D_high': 198.3056154955596, 'fire_exp': 1.4690410989404576, 'P_half': 157.80309954142965, 'pre_dampen_half': 903.3231300044874, 'gpp_af': 27.448645214004376, 'gpp_b': 0.00012118589392553798, 'gpp_d': 12.338826503601998, 'ign_k': 3.965503094323014, 'ign_c': 1.4091459170104739, 'trop_agb_crit': 2.1989086830950257, 'trop_k_veg': 6.172643383211297, 'fire_amp': 1.5719333351012774}.
[I 2026-06-10 17:43:50,147] Trial 871 finished with values: [20.4711405523792, 20.4711405523792] and parameters: {'k1': 0.016973078532467004, 'D_low': 19.89315688058566, 'k2': 0.0001016707987819611, 'D_high': 44974.07193749848, 'fire_exp': 3.2459542834651627, 'P_half': 1.4551749476072258, 'pre_dampen_half': 98.05638874011484, 'gpp_af': 0.10098504976210308, 'gpp_b': 2.1309331861011757e-05, 'gpp_d': 95.2715755007094, 'ign_k': 3.965503094323014, 'ign_c': 2.226297338331262, 'trop_agb_crit': 12.279079504118675, 'trop_k_veg': 2.724170387400844, 'fire_amp': 5.44779717154213}.
[I 2026-06-10 17:43:51,509] Trial 872 finished with values: [10.07965909287931, 10.07965909287931] and parameters: {'k1': 0.028401063201780267, 'D_low': 80.1811936889058, 'k2': 0.0001016707987819611, 'D_high': 2427.054417940131, 'fire_exp': 1.5191397119156032, 'P_half': 101.40635645866499, 'pre_dampen_half': 8.259599205585761, 'gpp_af': 0.07576025464197739, 'gpp_b': 2.1309331861011757e-05, 'gpp_d': 12.338826503601998, 'ign_k': 0.4303356629825978, 'ign_c': 22.126836566118193, 'trop_agb_crit': 2.1989086830950257, 'trop_k_veg': 2.724170387400844, 'fire_amp': 5.44779717154213}.
[I 2026-06-10 17:43:53,010] Trial 873 finished with values: [-0.5233929967981987, 0.3384378399476493] and parameters: {'k1': 0.0869690639641868, 'D_low': 1739.6167422846984, 'k2': 3.152468275632564e-05, 'D_high': 44974.07193749848, 'fire_exp': 1.14171776851287, 'P_half': 101.40635645866499, 'pre_dampen_half': 98.05638874011484, 'gpp_af': 0.10098504976210308, 'gpp_b': 2.1309331861011757e-05, 'gpp_d': 0.7698760608299932, 'ign_k': 1.6270983114897255, 'ign_c': 22.126836566118193, 'trop_agb_crit': 1.1683326952092081, 'trop_k_veg': 0.6618107836658104, 'fire_amp': 2.6192385880432525}.
[I 2026-06-10 17:43:54,556] Trial 874 finished with values: [11.907652847406244, 11.907652847406244] and parameters: {'k1': 0.006079905434073396, 'D_low': 43.2326421037033, 'k2': 0.0001016707987819611, 'D_high': 42210.21267871043, 'fire_exp': 1.14171776851287, 'P_half': 157.80309954142965, 'pre_dampen_half': 103.54508504947606, 'gpp_af': 0.8057329182285734, 'gpp_b': 0.0004125336560355494, 'gpp_d': 95.2715755007094, 'ign_k': 0.4303356629825978, 'ign_c': 7.081721844034206, 'trop_agb_crit': 8.188098178380693, 'trop_k_veg': 4.796046723963646, 'fire_amp': 1.1202509284327942}.
[I 2026-06-10 17:43:56,097] Trial 875 finished with values: [18.176138807769263, 18.176138807769263] and parameters: {'k1': 0.0003783599106879794, 'D_low': 427.93836042014675, 'k2': 0.02939607009739149, 'D_high': 76838.76502998071, 'fire_exp': 1.4690410989404576, 'P_half': 157.80309954142965, 'pre_dampen_half': 103.54508504947606, 'gpp_af': 27.448645214004376, 'gpp_b': 2.1309331861011757e-05, 'gpp_d': 545.0253444559129, 'ign_k': 0.4303356629825978, 'ign_c': 0.10435856341129002, 'trop_agb_crit': 8.188098178380693, 'trop_k_veg': 4.796046723963646, 'fire_amp': 5.606809127618709}.
[I 2026-06-10 17:43:57,524] Trial 876 finished with values: [10.231077103892172, 10.231077103892172] and parameters: {'k1': 0.0006883147458933808, 'D_low': 1739.6167422846984, 'k2': 0.02939607009739149, 'D_high': 44974.07193749848, 'fire_exp': 3.2459542834651627, 'P_half': 101.40635645866499, 'pre_dampen_half': 98.05638874011484, 'gpp_af': 0.09885838682552685, 'gpp_b': 2.1309331861011757e-05, 'gpp_d': 95.2715755007094, 'ign_k': 1.6270983114897255, 'ign_c': 0.10435856341129002, 'trop_agb_crit': 3.5874145253515306, 'trop_k_veg': 0.6618107836658104, 'fire_amp': 2.6192385880432525}.
[I 2026-06-10 17:43:58,835] Trial 877 finished with values: [10.887764762521165, 10.887764762521165] and parameters: {'k1': 0.0869690639641868, 'D_low': 12.105387404469584, 'k2': 0.045914852167405346, 'D_high': 42210.21267871043, 'fire_exp': 1.069663761954776, 'P_half': 118.94665366442581, 'pre_dampen_half': 1.8469033699850426, 'gpp_af': 0.8057329182285734, 'gpp_b': 2.800940363375676e-05, 'gpp_d': 12.151631524283598, 'ign_k': 0.0467351899956275, 'ign_c': 138.05946158117075, 'trop_agb_crit': 8.188098178380693, 'trop_k_veg': 4.796046723963646, 'fire_amp': 1.7362652332618447}.
[I 2026-06-10 17:44:00,191] Trial 878 finished with values: [10.892857142659844, 10.892857142659844] and parameters: {'k1': 0.006079905434073396, 'D_low': 12.105387404469584, 'k2': 0.0001016707987819611, 'D_high': 76838.76502998071, 'fire_exp': 7.7998219494546595, 'P_half': 69.68111190775313, 'pre_dampen_half': 33.71909132517384, 'gpp_af': 0.0662749342026412, 'gpp_b': 0.0006809980431188124, 'gpp_d': 95.2715755007094, 'ign_k': 3.965503094323014, 'ign_c': 48.704711413416454, 'trop_agb_crit': 8.188098178380693, 'trop_k_veg': 0.9923523017201868, 'fire_amp': 5.538534697983617}.
[I 2026-06-10 17:44:01,755] Trial 879 finished with values: [12.552368306095058, 12.552368306095058] and parameters: {'k1': 0.006079905434073396, 'D_low': 12.105387404469584, 'k2': 0.045914852167405346, 'D_high': 42210.21267871043, 'fire_exp': 1.069663761954776, 'P_half': 69.68111190775313, 'pre_dampen_half': 28.01075698398644, 'gpp_af': 27.448645214004376, 'gpp_b': 2.800940363375676e-05, 'gpp_d': 28.312234265202243, 'ign_k': 3.965503094323014, 'ign_c': 1.4091459170104739, 'trop_agb_crit': 3.1419938725278875, 'trop_k_veg': 0.6618107836658104, 'fire_amp': 1.7362652332618447}.
[I 2026-06-10 17:44:03,341] Trial 880 finished with values: [10.89206961115454, 10.89206961115454] and parameters: {'k1': 0.00031134168041628584, 'D_low': 43.2326421037033, 'k2': 0.0001016707987819611, 'D_high': 18108.14362107968, 'fire_exp': 6.122141825699288, 'P_half': 8.318314747941244, 'pre_dampen_half': 8.259599205585761, 'gpp_af': 27.448645214004376, 'gpp_b': 1.1008110571039521e-05, 'gpp_d': 0.37760216765950283, 'ign_k': 0.004105873950290761, 'ign_c': 22.126836566118193, 'trop_agb_crit': 8.188098178380693, 'trop_k_veg': 0.5535297685306277, 'fire_amp': 5.606809127618709}.
[I 2026-06-10 17:44:04,696] Trial 881 finished with values: [10.812909842844856, 10.812909842844856] and parameters: {'k1': 0.016973078532467004, 'D_low': 43.2326421037033, 'k2': 0.0001016707987819611, 'D_high': 2427.054417940131, 'fire_exp': 1.5191397119156032, 'P_half': 8.318314747941244, 'pre_dampen_half': 27.58503443495818, 'gpp_af': 0.10098504976210308, 'gpp_b': 0.004222977274601172, 'gpp_d': 545.0253444559129, 'ign_k': 0.010439567055209046, 'ign_c': 230.93317030826512, 'trop_agb_crit': 1.139620825053645, 'trop_k_veg': 2.724170387400844, 'fire_amp': 5.44779717154213}.
[I 2026-06-10 17:44:06,005] Trial 882 finished with values: [10.010297923886544, 10.010297923886544] and parameters: {'k1': 0.04046205802397579, 'D_low': 43.2326421037033, 'k2': 2.091507303847255e-05, 'D_high': 42210.21267871043, 'fire_exp': 1.14171776851287, 'P_half': 118.94665366442581, 'pre_dampen_half': 9.044346216330972, 'gpp_af': 0.8057329182285734, 'gpp_b': 2.800940363375676e-05, 'gpp_d': 12.151631524283598, 'ign_k': 0.4303356629825978, 'ign_c': 0.10435856341129002, 'trop_agb_crit': 3.1419938725278875, 'trop_k_veg': 4.796046723963646, 'fire_amp': 1.1202509284327942}.
[I 2026-06-10 17:44:07,335] Trial 883 finished with values: [10.892144205894201, 10.892144205894201] and parameters: {'k1': 0.006079905434073396, 'D_low': 1739.6167422846984, 'k2': 0.02939607009739149, 'D_high': 1266.9536563782303, 'fire_exp': 1.4690410989404576, 'P_half': 70.13097205353067, 'pre_dampen_half': 98.05638874011484, 'gpp_af': 0.008117091133892173, 'gpp_b': 0.00012118589392553798, 'gpp_d': 7.631016235941559, 'ign_k': 1.6270983114897255, 'ign_c': 7.832259769732471, 'trop_agb_crit': 1.8023542850487386, 'trop_k_veg': 1.6648666152166967, 'fire_amp': 1.5719333351012774}.
[I 2026-06-10 17:44:08,760] Trial 884 finished with values: [10.892839732550877, 10.892839732550877] and parameters: {'k1': 0.006079905434073396, 'D_low': 43.2326421037033, 'k2': 0.0001016707987819611, 'D_high': 76838.76502998071, 'fire_exp': 1.9365919987098117, 'P_half': 353.8391696694433, 'pre_dampen_half': 9.044346216330972, 'gpp_af': 0.3939208112794227, 'gpp_b': 2.800940363375676e-05, 'gpp_d': 95.2715755007094, 'ign_k': 0.4303356629825978, 'ign_c': 43.39260158221387, 'trop_agb_crit': 3.5874145253515306, 'trop_k_veg': 4.796046723963646, 'fire_amp': 1.5587346124822492}.
[I 2026-06-10 17:44:10,425] Trial 885 finished with values: [10.813902075909207, 10.813902075909207] and parameters: {'k1': 0.016973078532467004, 'D_low': 1739.6167422846984, 'k2': 0.0001016707987819611, 'D_high': 44974.07193749848, 'fire_exp': 3.2459542834651627, 'P_half': 101.40635645866499, 'pre_dampen_half': 8.259599205585761, 'gpp_af': 0.10098504976210308, 'gpp_b': 1.1008110571039521e-05, 'gpp_d': 95.2715755007094, 'ign_k': 0.004105873950290761, 'ign_c': 0.10435856341129002, 'trop_agb_crit': 1.5033346993841157, 'trop_k_veg': 0.6618107836658104, 'fire_amp': 5.44779717154213}.
[I 2026-06-10 17:44:12,408] Trial 886 finished with values: [10.166503595133692, 10.166503595133692] and parameters: {'k1': 0.07119679541167405, 'D_low': 1739.6167422846984, 'k2': 0.02939607009739149, 'D_high': 44974.07193749848, 'fire_exp': 3.2459542834651627, 'P_half': 1.4551749476072258, 'pre_dampen_half': 5.593036834117395, 'gpp_af': 0.10098504976210308, 'gpp_b': 2.1309331861011757e-05, 'gpp_d': 545.0253444559129, 'ign_k': 1.6270983114897255, 'ign_c': 0.10435856341129002, 'trop_agb_crit': 25.429516249301212, 'trop_k_veg': 2.724170387400844, 'fire_amp': 2.6192385880432525}.
[I 2026-06-10 17:44:13,937] Trial 887 finished with values: [10.023957964193865, 10.023957964193865] and parameters: {'k1': 0.016973078532467004, 'D_low': 2.414672422128219, 'k2': 1.2432381951316053e-05, 'D_high': 2427.054417940131, 'fire_exp': 1.069663761954776, 'P_half': 8.318314747941244, 'pre_dampen_half': 8.259599205585761, 'gpp_af': 0.10098504976210308, 'gpp_b': 1.1008110571039521e-05, 'gpp_d': 298.943216845222, 'ign_k': 0.004105873950290761, 'ign_c': 7.081721844034206, 'trop_agb_crit': 1.5033346993841157, 'trop_k_veg': 2.9214381145106936, 'fire_amp': 1.5587346124822492}.
