[I 2026-06-10 22:46:22,174] Trial 968 finished with values: [10.818713804305657, 10.818713804305657] and parameters: {'k1': 0.006079905434073396, 'D_low': 171.2446447678494, 'k2': 0.00024195799118138832, 'D_high': 27.55546207779663, 'fire_exp': 1.3807440352456883, 'P_half': 4.213183643253957, 'pre_dampen_half': 20.84599542460349, 'gpp_af': 0.41874665092828456, 'gpp_b': 1.1271749208350375, 'gpp_d': 47.35384181058586, 'ign_k': 7.544827057709847, 'ign_c': 23.422386257929038, 'trop_agb_crit': 1.0189592979395135, 'trop_k_veg': 4.796046723963646, 'fire_amp': 5.3557573266024745}.
[I 2026-06-10 22:46:23,553] Trial 969 finished with values: [10.684566591333692, 10.684566591333692] and parameters: {'k1': 0.005754658592592073, 'D_low': 146.24004590125713, 'k2': 0.0012030178871154666, 'D_high': 27.55546207779663, 'fire_exp': 1.1633452995374232, 'P_half': 1265.0580856641704, 'pre_dampen_half': 37.40930273158252, 'gpp_af': 0.07118041471054574, 'gpp_b': 2.800940363375676e-05, 'gpp_d': 46.010874324515754, 'ign_k': 0.09256855841989636, 'ign_c': 16.497426799845446, 'trop_agb_crit': 12.279079504118675, 'trop_k_veg': 4.796046723963646, 'fire_amp': 2.6192385880432525}.
[I 2026-06-10 22:46:25,117] Trial 970 finished with values: [10.83316711111663, 10.83316711111663] and parameters: {'k1': 0.0869690639641868, 'D_low': 1.4002277211577039, 'k2': 0.0012030178871154666, 'D_high': 27.55546207779663, 'fire_exp': 5.351686653809503, 'P_half': 1265.0580856641704, 'pre_dampen_half': 189.36639872354493, 'gpp_af': 0.41874665092828456, 'gpp_b': 0.00047819318414852577, 'gpp_d': 46.010874324515754, 'ign_k': 0.13500744867919376, 'ign_c': 1.3431925993528124, 'trop_agb_crit': 1.0189592979395135, 'trop_k_veg': 5.636143940068465, 'fire_amp': 2.6192385880432525}.
[I 2026-06-10 22:46:26,608] Trial 971 finished with values: [10.050252824199047, 10.050252824199047] and parameters: {'k1': 0.005754658592592073, 'D_low': 50.32059347286801, 'k2': 0.0010726091927327822, 'D_high': 18701.140647651915, 'fire_exp': 1.9136159174067866, 'P_half': 1265.0580856641704, 'pre_dampen_half': 123.04779330083686, 'gpp_af': 7.6249540788973835, 'gpp_b': 0.00047819318414852577, 'gpp_d': 594.7389794988394, 'ign_k': 0.13500744867919376, 'ign_c': 0.4177928311636542, 'trop_agb_crit': 12.279079504118675, 'trop_k_veg': 5.022956259243681, 'fire_amp': 2.6192385880432525}.
[I 2026-06-10 22:46:28,005] Trial 972 finished with values: [16.21392151154351, 16.21392151154351] and parameters: {'k1': 0.005754658592592073, 'D_low': 1.4002277211577039, 'k2': 0.0007731571570012607, 'D_high': 4213.54222759551, 'fire_exp': 1.1633452995374232, 'P_half': 157.3644610977214, 'pre_dampen_half': 37.40930273158252, 'gpp_af': 0.09885838682552685, 'gpp_b': 1.4540386644083135e-05, 'gpp_d': 7.631016235941559, 'ign_k': 7.544827057709847, 'ign_c': 0.4177928311636542, 'trop_agb_crit': 1.0693376406863295, 'trop_k_veg': 6.825463866194253, 'fire_amp': 5.831305332032283}.
[I 2026-06-10 22:46:29,376] Trial 973 finished with values: [15.092103937779349, 15.092103937779349] and parameters: {'k1': 0.0032360993995751053, 'D_low': 43.2326421037033, 'k2': 5.12525027816961e-05, 'D_high': 35.136541394511, 'fire_exp': 1.2732983562135975, 'P_half': 157.3644610977214, 'pre_dampen_half': 189.36639872354493, 'gpp_af': 0.09885838682552685, 'gpp_b': 5.349456206882108e-05, 'gpp_d': 46.010874324515754, 'ign_k': 0.8945150807271531, 'ign_c': 0.4177928311636542, 'trop_agb_crit': 8.188098178380693, 'trop_k_veg': 4.796046723963646, 'fire_amp': 5.831305332032283}.
[I 2026-06-10 22:46:30,739] Trial 974 finished with values: [-0.6122176884580831, 0.2566193344704699] and parameters: {'k1': 0.006079905434073396, 'D_low': 50.32059347286801, 'k2': 0.0010726091927327822, 'D_high': 1266.9536563782303, 'fire_exp': 1.1633452995374232, 'P_half': 1.4551749476072258, 'pre_dampen_half': 269.0845367054866, 'gpp_af': 37.28155624293858, 'gpp_b': 0.004411400434514031, 'gpp_d': 7.631016235941559, 'ign_k': 0.13500744867919376, 'ign_c': 7.832259769732471, 'trop_agb_crit': 1.0189592979395135, 'trop_k_veg': 5.022956259243681, 'fire_amp': 1.4475279918261055}.
[I 2026-06-10 22:46:32,249] Trial 975 finished with values: [13.942310927230542, 13.942310927230542] and parameters: {'k1': 0.0869690639641868, 'D_low': 1.4002277211577039, 'k2': 0.011415387250465888, 'D_high': 44974.07193749848, 'fire_exp': 1.2732983562135975, 'P_half': 101.40635645866499, 'pre_dampen_half': 189.36639872354493, 'gpp_af': 37.28155624293858, 'gpp_b': 0.004411400434514031, 'gpp_d': 47.35384181058586, 'ign_k': 0.09256855841989636, 'ign_c': 16.497426799845446, 'trop_agb_crit': 1.8566494291193822, 'trop_k_veg': 5.593985425286908, 'fire_amp': 2.6192385880432525}.
[I 2026-06-10 22:46:34,337] Trial 976 finished with values: [14.219851597661192, 14.219851597661192] and parameters: {'k1': 0.0869690639641868, 'D_low': 266.07970538371484, 'k2': 0.003767022142229395, 'D_high': 44974.07193749848, 'fire_exp': 5.117531439790398, 'P_half': 5.4712187293420325, 'pre_dampen_half': 189.36639872354493, 'gpp_af': 0.5310489989160803, 'gpp_b': 0.00047819318414852577, 'gpp_d': 7.631016235941559, 'ign_k': 0.8945150807271531, 'ign_c': 0.7619822175388142, 'trop_agb_crit': 1.8566494291193822, 'trop_k_veg': 6.825463866194253, 'fire_amp': 2.6192385880432525}.
[I 2026-06-10 22:46:35,716] Trial 977 finished with values: [11.821742352628753, 11.821742352628753] and parameters: {'k1': 0.0032360993995751053, 'D_low': 1.4002277211577039, 'k2': 0.0012030178871154666, 'D_high': 35.136541394511, 'fire_exp': 1.0601964743503993, 'P_half': 1.4551749476072258, 'pre_dampen_half': 189.36639872354493, 'gpp_af': 37.28155624293858, 'gpp_b': 5.349456206882108e-05, 'gpp_d': 46.010874324515754, 'ign_k': 0.8945150807271531, 'ign_c': 7.832259769732471, 'trop_agb_crit': 2.8052667649738585, 'trop_k_veg': 6.825463866194253, 'fire_amp': 5.831305332032283}.
[I 2026-06-10 22:46:37,047] Trial 978 finished with values: [10.229652868227975, 10.229652868227975] and parameters: {'k1': 0.0868318308250935, 'D_low': 146.24004590125713, 'k2': 0.0007731571570012607, 'D_high': 1266.9536563782303, 'fire_exp': 1.0601964743503993, 'P_half': 1265.0580856641704, 'pre_dampen_half': 189.36639872354493, 'gpp_af': 0.41874665092828456, 'gpp_b': 5.349456206882108e-05, 'gpp_d': 46.010874324515754, 'ign_k': 0.8945150807271531, 'ign_c': 0.4177928311636542, 'trop_agb_crit': 1.8566494291193822, 'trop_k_veg': 4.796046723963646, 'fire_amp': 1.4475279918261055}.
[I 2026-06-10 22:46:38,397] Trial 979 finished with values: [10.722600909794254, 10.722600909794254] and parameters: {'k1': 0.0869690639641868, 'D_low': 1.4002277211577039, 'k2': 0.0007731571570012607, 'D_high': 35.136541394511, 'fire_exp': 1.0601964743503993, 'P_half': 5617.618805806643, 'pre_dampen_half': 189.36639872354493, 'gpp_af': 0.41874665092828456, 'gpp_b': 0.00047819318414852577, 'gpp_d': 46.010874324515754, 'ign_k': 0.8945150807271531, 'ign_c': 0.4177928311636542, 'trop_agb_crit': 1.8566494291193822, 'trop_k_veg': 4.796046723963646, 'fire_amp': 1.0804276661569383}.
[I 2026-06-10 22:46:39,916] Trial 980 finished with values: [10.387570647311842, 10.387570647311842] and parameters: {'k1': 0.006079905434073396, 'D_low': 146.24004590125713, 'k2': 0.0007731571570012607, 'D_high': 431.45617043093523, 'fire_exp': 1.2732983562135975, 'P_half': 157.3644610977214, 'pre_dampen_half': 37.40930273158252, 'gpp_af': 0.41874665092828456, 'gpp_b': 0.0002637687576667052, 'gpp_d': 7.631016235941559, 'ign_k': 0.17320535908244444, 'ign_c': 0.29205563600251844, 'trop_agb_crit': 1.8566494291193822, 'trop_k_veg': 4.796046723963646, 'fire_amp': 1.4475279918261055}.
[I 2026-06-10 22:46:41,518] Trial 981 finished with values: [10.484650945908095, 10.484650945908095] and parameters: {'k1': 0.0869690639641868, 'D_low': 1.4002277211577039, 'k2': 0.011415387250465888, 'D_high': 949.9072859745386, 'fire_exp': 1.2732983562135975, 'P_half': 1.4551749476072258, 'pre_dampen_half': 189.36639872354493, 'gpp_af': 37.28155624293858, 'gpp_b': 0.004411400434514031, 'gpp_d': 47.35384181058586, 'ign_k': 0.17320535908244444, 'ign_c': 0.45630923983425714, 'trop_agb_crit': 1.8566494291193822, 'trop_k_veg': 6.825463866194253, 'fire_amp': 1.4475279918261055}.
[I 2026-06-10 22:46:42,910] Trial 982 finished with values: [10.833301092077704, 10.833301092077704] and parameters: {'k1': 0.0032360993995751053, 'D_low': 50.32059347286801, 'k2': 0.0012030178871154666, 'D_high': 27.55546207779663, 'fire_exp': 1.1633452995374232, 'P_half': 1265.0580856641704, 'pre_dampen_half': 0.045566310715226425, 'gpp_af': 0.41874665092828456, 'gpp_b': 1.4540386644083135e-05, 'gpp_d': 46.010874324515754, 'ign_k': 0.09256855841989636, 'ign_c': 80.15297379101396, 'trop_agb_crit': 1.0693376406863295, 'trop_k_veg': 5.636143940068465, 'fire_amp': 2.6192385880432525}.
[I 2026-06-10 22:46:44,429] Trial 983 finished with values: [10.833333333148357, 10.833333333148357] and parameters: {'k1': 0.00031134168041628584, 'D_low': 43.2326421037033, 'k2': 0.0007731571570012607, 'D_high': 949.9072859745386, 'fire_exp': 1.9365919987098117, 'P_half': 157.3644610977214, 'pre_dampen_half': 37.40930273158252, 'gpp_af': 1.3954498518315706, 'gpp_b': 0.16285506249643175, 'gpp_d': 12.151631524283598, 'ign_k': 1.6270983114897255, 'ign_c': 186.69871096222246, 'trop_agb_crit': 1.0693376406863295, 'trop_k_veg': 0.6488368931910606, 'fire_amp': 2.6192385880432525}.
[I 2026-06-10 22:46:45,803] Trial 984 finished with values: [11.627785810245113, 11.627785810245113] and parameters: {'k1': 0.005754658592592073, 'D_low': 1.4002277211577039, 'k2': 0.0012030178871154666, 'D_high': 27.55546207779663, 'fire_exp': 1.1633452995374232, 'P_half': 51.10120656497163, 'pre_dampen_half': 189.36639872354493, 'gpp_af': 0.07118041471054574, 'gpp_b': 1.4540386644083135e-05, 'gpp_d': 46.010874324515754, 'ign_k': 0.09256855841989636, 'ign_c': 0.4177928311636542, 'trop_agb_crit': 4.902399583903479, 'trop_k_veg': 2.1406449943451844, 'fire_amp': 5.831305332032283}.
