[I 2026-06-11 13:13:57,046] Trial 657 finished with values: [10.549168391387068, 10.549168391387068] and parameters: {'k1': 0.08006837661379566, 'D_low': 236.79352040223893, 'k2': 1.1417577140741129e-05, 'D_high': 1266.9536563782303, 'fire_exp': 1.811096651915224, 'P_half': 5.4712187293420325, 'pre_dampen_half': 28.01075698398644, 'gpp_af': 0.013816526035853764, 'gpp_b': 0.006999112505425414, 'gpp_d': 5.981605330890935, 'ign_k': 0.0029519227433917453, 'ign_c': 65.87536748686888, 'trop_agb_crit': 12.9667438075127, 'trop_k_veg': 4.989748894578724, 'fire_amp': 2.7806853670293616}.
[I 2026-06-11 13:13:57,954] Trial 658 finished with values: [-0.6246711139414554, 0.11501661867437474] and parameters: {'k1': 0.0008362695993649681, 'D_low': 236.79352040223893, 'k2': 0.00037358626308127543, 'D_high': 1266.9536563782303, 'fire_exp': 1.2060040899560858, 'P_half': 93.43302657318476, 'pre_dampen_half': 28.01075698398644, 'gpp_af': 0.015627364027979502, 'gpp_b': 0.0010881810414580882, 'gpp_d': 0.09467055845337147, 'ign_k': 0.0029519227433917453, 'ign_c': 23.422386257929038, 'trop_agb_crit': 12.9667438075127, 'trop_k_veg': 2.99731137426955, 'fire_amp': 2.7806853670293616}.
[I 2026-06-11 13:13:58,859] Trial 659 finished with values: [-0.6185220583342803, 0.20453497858933056] and parameters: {'k1': 0.03648456083047798, 'D_low': 148.21691630007544, 'k2': 0.005204862686958021, 'D_high': 6682.9607218310075, 'fire_exp': 1.2060040899560858, 'P_half': 2.226799690893868, 'pre_dampen_half': 4.847666216751353, 'gpp_af': 0.060029341913968644, 'gpp_b': 0.001674375583895437, 'gpp_d': 47.35384181058586, 'ign_k': 0.0032383308053152635, 'ign_c': 0.17036120617148395, 'trop_agb_crit': 5.588032458772675, 'trop_k_veg': 2.99731137426955, 'fire_amp': 1.5180207449214471}.
[I 2026-06-11 13:13:59,742] Trial 660 finished with values: [10.295627729764572, 10.295627729764572] and parameters: {'k1': 6.784924519083143e-05, 'D_low': 1074.940539517341, 'k2': 7.639737756882014e-05, 'D_high': 99461.47674311613, 'fire_exp': 1.4848387260494937, 'P_half': 1.4551749476072258, 'pre_dampen_half': 30.456909077772018, 'gpp_af': 0.0065783822580709386, 'gpp_b': 0.001674375583895437, 'gpp_d': 0.03927259340973166, 'ign_k': 0.0032383308053152635, 'ign_c': 7.832259769732471, 'trop_agb_crit': 5.588032458772675, 'trop_k_veg': 4.989748894578724, 'fire_amp': 1.4621871311312478}.
[I 2026-06-11 13:14:00,645] Trial 661 finished with values: [10.646555478876099, 10.646555478876099] and parameters: {'k1': 0.0027792265849300047, 'D_low': 427.93836042014675, 'k2': 0.0004976087827261435, 'D_high': 99461.47674311613, 'fire_exp': 1.4848387260494937, 'P_half': 93.43302657318476, 'pre_dampen_half': 1.1353829000087716, 'gpp_af': 0.060029341913968644, 'gpp_b': 0.007579368252801536, 'gpp_d': 545.0253444559129, 'ign_k': 0.0032383308053152635, 'ign_c': 0.17036120617148395, 'trop_agb_crit': 5.588032458772675, 'trop_k_veg': 0.5588127200017643, 'fire_amp': 1.5719333351012774}.
[I 2026-06-11 13:14:01,612] Trial 662 finished with values: [18.49182011259017, 18.49182011259017] and parameters: {'k1': 0.03648456083047798, 'D_low': 148.21691630007544, 'k2': 0.019383858782150494, 'D_high': 6682.9607218310075, 'fire_exp': 1.2060040899560858, 'P_half': 2.226799690893868, 'pre_dampen_half': 79.2915624488668, 'gpp_af': 0.060029341913968644, 'gpp_b': 0.010307896803108956, 'gpp_d': 1.336803341156552, 'ign_k': 3.6309591863459096, 'ign_c': 2.2489542843914485, 'trop_agb_crit': 8.0091368834625, 'trop_k_veg': 6.030247256556128, 'fire_amp': 2.818314238665462}.
[I 2026-06-11 13:14:02,648] Trial 663 finished with values: [10.7692307688997, 10.7692307688997] and parameters: {'k1': 0.0008362695993649681, 'D_low': 1074.940539517341, 'k2': 0.00037358626308127543, 'D_high': 69868.4759244566, 'fire_exp': 3.2459542834651627, 'P_half': 2.226799690893868, 'pre_dampen_half': 28.01075698398644, 'gpp_af': 0.015627364027979502, 'gpp_b': 0.015382154459808445, 'gpp_d': 0.09467055845337147, 'ign_k': 3.6309591863459096, 'ign_c': 228.79430573173593, 'trop_agb_crit': 12.9667438075127, 'trop_k_veg': 2.99731137426955, 'fire_amp': 3.1543496524370136}.
[I 2026-06-11 13:14:03,701] Trial 664 finished with values: [12.069959128485905, 12.069959128485905] and parameters: {'k1': 0.0008362695993649681, 'D_low': 148.21691630007544, 'k2': 0.00037358626308127543, 'D_high': 6682.9607218310075, 'fire_exp': 1.2060040899560858, 'P_half': 93.43302657318476, 'pre_dampen_half': 28.01075698398644, 'gpp_af': 0.015627364027979502, 'gpp_b': 0.0010881810414580882, 'gpp_d': 0.09467055845337147, 'ign_k': 0.0029519227433917453, 'ign_c': 23.422386257929038, 'trop_agb_crit': 12.9667438075127, 'trop_k_veg': 0.9660523662864217, 'fire_amp': 5.015960627273085}.
[I 2026-06-11 13:14:04,699] Trial 665 finished with values: [-0.4580235630477484, 0.46237215441779445] and parameters: {'k1': 0.0008362695993649681, 'D_low': 236.79352040223893, 'k2': 0.00025923015361558547, 'D_high': 69868.4759244566, 'fire_exp': 1.2060040899560858, 'P_half': 2.226799690893868, 'pre_dampen_half': 28.01075698398644, 'gpp_af': 29.700320404259642, 'gpp_b': 0.0002637687576667052, 'gpp_d': 1.336803341156552, 'ign_k': 0.001229921046579313, 'ign_c': 23.422386257929038, 'trop_agb_crit': 12.9667438075127, 'trop_k_veg': 2.99731137426955, 'fire_amp': 2.7806853670293616}.
[I 2026-06-11 13:14:05,731] Trial 666 finished with values: [10.142763972717221, 10.142763972717221] and parameters: {'k1': 0.0008362695993649681, 'D_low': 236.79352040223893, 'k2': 0.02065142557895925, 'D_high': 1266.9536563782303, 'fire_exp': 1.41873960828944, 'P_half': 2.226799690893868, 'pre_dampen_half': 28.01075698398644, 'gpp_af': 0.060029341913968644, 'gpp_b': 0.0036065155862388338, 'gpp_d': 0.1619054449471649, 'ign_k': 0.0032383308053152635, 'ign_c': 132.46527974321125, 'trop_agb_crit': 8.0091368834625, 'trop_k_veg': 2.99731137426955, 'fire_amp': 2.7806853670293616}.
[I 2026-06-11 13:14:06,683] Trial 667 finished with values: [10.252394996338545, 10.252394996338545] and parameters: {'k1': 0.08409006963311547, 'D_low': 12.105387404469584, 'k2': 0.045914852167405346, 'D_high': 32311.521854410956, 'fire_exp': 1.41873960828944, 'P_half': 5.4712187293420325, 'pre_dampen_half': 10.931606102061748, 'gpp_af': 0.060029341913968644, 'gpp_b': 0.0036065155862388338, 'gpp_d': 47.35384181058586, 'ign_k': 0.09256855841989636, 'ign_c': 29.690870944846793, 'trop_agb_crit': 12.708819454040446, 'trop_k_veg': 4.667598965682156, 'fire_amp': 3.102033517490054}.
[I 2026-06-11 13:14:07,634] Trial 668 finished with values: [-0.6899444318900974, 0.09019561339807924] and parameters: {'k1': 0.00026539376439360527, 'D_low': 236.79352040223893, 'k2': 0.045914852167405346, 'D_high': 32311.521854410956, 'fire_exp': 1.41873960828944, 'P_half': 1.4551749476072258, 'pre_dampen_half': 30.456909077772018, 'gpp_af': 0.008117091133892173, 'gpp_b': 0.006999112505425414, 'gpp_d': 47.35384181058586, 'ign_k': 0.012566783761977915, 'ign_c': 29.690870944846793, 'trop_agb_crit': 8.0091368834625, 'trop_k_veg': 3.4439936249445045, 'fire_amp': 4.2446263054164195}.
[I 2026-06-11 13:14:08,624] Trial 669 finished with values: [-0.6306450480583217, 0.1684458997251076] and parameters: {'k1': 0.019518986965599543, 'D_low': 236.79352040223893, 'k2': 0.0001280886335404798, 'D_high': 32311.521854410956, 'fire_exp': 1.41873960828944, 'P_half': 5.4712187293420325, 'pre_dampen_half': 16.009350908593582, 'gpp_af': 0.07118041471054574, 'gpp_b': 0.0036065155862388338, 'gpp_d': 0.1619054449471649, 'ign_k': 0.002357279455676982, 'ign_c': 7.081721844034206, 'trop_agb_crit': 12.708819454040446, 'trop_k_veg': 0.828441460847982, 'fire_amp': 1.5719333351012774}.
[I 2026-06-11 13:14:09,653] Trial 670 finished with values: [10.641558150184634, 10.641558150184634] and parameters: {'k1': 0.0008362695993649681, 'D_low': 49.539659199197295, 'k2': 0.004679501568332817, 'D_high': 252.84086172415604, 'fire_exp': 1.2060040899560858, 'P_half': 2.226799690893868, 'pre_dampen_half': 1.8575807716793389, 'gpp_af': 0.07118041471054574, 'gpp_b': 0.001674375583895437, 'gpp_d': 47.35384181058586, 'ign_k': 0.012480180965117606, 'ign_c': 7.081721844034206, 'trop_agb_crit': 12.9667438075127, 'trop_k_veg': 2.724170387400844, 'fire_amp': 1.5719333351012774}.
[I 2026-06-11 13:14:10,667] Trial 671 finished with values: [10.397444022122542, 10.397444022122542] and parameters: {'k1': 0.0008362695993649681, 'D_low': 1.4002277211577039, 'k2': 0.045914852167405346, 'D_high': 32311.521854410956, 'fire_exp': 1.41873960828944, 'P_half': 2.4106893837852787, 'pre_dampen_half': 13.161234383542856, 'gpp_af': 0.015627364027979502, 'gpp_b': 0.015382154459808445, 'gpp_d': 1.8148402127631733, 'ign_k': 0.09256855841989636, 'ign_c': 29.690870944846793, 'trop_agb_crit': 8.0091368834625, 'trop_k_veg': 1.6648666152166967, 'fire_amp': 3.1543496524370136}.
[I 2026-06-11 13:14:12,002] Trial 672 finished with values: [10.7692307688997, 10.7692307688997] and parameters: {'k1': 0.05347027553411487, 'D_low': 1121.5915868662764, 'k2': 0.032141234030334316, 'D_high': 252.84086172415604, 'fire_exp': 1.0812994412809738, 'P_half': 2.226799690893868, 'pre_dampen_half': 4.847666216751353, 'gpp_af': 42.29037995744429, 'gpp_b': 0.00012118589392553798, 'gpp_d': 1.4397852866783676, 'ign_k': 0.0032383308053152635, 'ign_c': 16.470698221724305, 'trop_agb_crit': 11.664190932505923, 'trop_k_veg': 4.989748894578724, 'fire_amp': 3.1543496524370136}.
[I 2026-06-11 13:14:13,019] Trial 673 finished with values: [11.604230033844434, 11.604230033844434] and parameters: {'k1': 0.03648456083047798, 'D_low': 148.21691630007544, 'k2': 0.02939607009739149, 'D_high': 6682.9607218310075, 'fire_exp': 1.41873960828944, 'P_half': 2.226799690893868, 'pre_dampen_half': 4.847666216751353, 'gpp_af': 0.8571213555597653, 'gpp_b': 0.12105864607844925, 'gpp_d': 47.35384181058586, 'ign_k': 3.6309591863459096, 'ign_c': 2.2489542843914485, 'trop_agb_crit': 5.588032458772675, 'trop_k_veg': 1.6648666152166967, 'fire_amp': 2.818314238665462}.
[I 2026-06-11 13:14:14,019] Trial 674 finished with values: [-0.6358110224172417, 0.17679886320418603] and parameters: {'k1': 0.05347027553411487, 'D_low': 1.4002277211577039, 'k2': 0.02065142557895925, 'D_high': 6682.9607218310075, 'fire_exp': 1.2060040899560858, 'P_half': 2.226799690893868, 'pre_dampen_half': 4.847666216751353, 'gpp_af': 0.060029341913968644, 'gpp_b': 0.004411400434514031, 'gpp_d': 1.4397852866783676, 'ign_k': 0.0032383308053152635, 'ign_c': 1.364908766641693, 'trop_agb_crit': 12.9667438075127, 'trop_k_veg': 2.99731137426955, 'fire_amp': 1.5180207449214471}.
[I 2026-06-11 13:14:15,052] Trial 675 finished with values: [10.201265207373144, 10.201265207373144] and parameters: {'k1': 0.03648456083047798, 'D_low': 148.21691630007544, 'k2': 1.1417577140741129e-05, 'D_high': 6682.9607218310075, 'fire_exp': 1.0420149135640993, 'P_half': 2.226799690893868, 'pre_dampen_half': 4.847666216751353, 'gpp_af': 0.060029341913968644, 'gpp_b': 0.006999112505425414, 'gpp_d': 12.338826503601998, 'ign_k': 0.0032383308053152635, 'ign_c': 1.364908766641693, 'trop_agb_crit': 1.8023542850487386, 'trop_k_veg': 1.6648666152166967, 'fire_amp': 1.5180207449214471}.
[I 2026-06-11 13:14:16,028] Trial 676 finished with values: [12.866773425807377, 12.866773425807377] and parameters: {'k1': 6.784924519083143e-05, 'D_low': 13.012518385211498, 'k2': 4.69955602109909e-05, 'D_high': 22.636544662054543, 'fire_exp': 1.0420149135640993, 'P_half': 2.226799690893868, 'pre_dampen_half': 231.59500020699807, 'gpp_af': 0.060029341913968644, 'gpp_b': 0.001674375583895437, 'gpp_d': 364.60005353173506, 'ign_k': 0.8861249804463233, 'ign_c': 0.17036120617148395, 'trop_agb_crit': 8.462233625364036, 'trop_k_veg': 0.5667990147757791, 'fire_amp': 1.5180207449214471}.
[I 2026-06-11 13:14:17,064] Trial 677 finished with values: [10.768111802959453, 10.768111802959453] and parameters: {'k1': 0.08409006963311547, 'D_low': 236.79352040223893, 'k2': 0.045914852167405346, 'D_high': 32311.521854410956, 'fire_exp': 7.2911675360216615, 'P_half': 5.4712187293420325, 'pre_dampen_half': 30.456909077772018, 'gpp_af': 0.008117091133892173, 'gpp_b': 0.0036065155862388338, 'gpp_d': 47.35384181058586, 'ign_k': 0.002357279455676982, 'ign_c': 75.30210437963517, 'trop_agb_crit': 2.090022519022788, 'trop_k_veg': 4.0068236274914755, 'fire_amp': 1.505817508996859}.
[I 2026-06-11 13:14:18,043] Trial 678 finished with values: [10.090359892909834, 10.090359892909834] and parameters: {'k1': 0.03648456083047798, 'D_low': 2.414672422128219, 'k2': 1.2432381951316053e-05, 'D_high': 252.84086172415604, 'fire_exp': 1.41873960828944, 'P_half': 5.4712187293420325, 'pre_dampen_half': 121.93011993958949, 'gpp_af': 0.07118041471054574, 'gpp_b': 0.001674375583895437, 'gpp_d': 47.35384181058586, 'ign_k': 0.012480180965117606, 'ign_c': 7.081721844034206, 'trop_agb_crit': 2.0527418919564324, 'trop_k_veg': 2.724170387400844, 'fire_amp': 1.5719333351012774}.
[I 2026-06-11 13:14:19,039] Trial 679 finished with values: [10.209949137692037, 10.209949137692037] and parameters: {'k1': 0.0008362695993649681, 'D_low': 1121.5915868662764, 'k2': 0.00037358626308127543, 'D_high': 69868.4759244566, 'fire_exp': 1.2060040899560858, 'P_half': 369.7311160925241, 'pre_dampen_half': 28.01075698398644, 'gpp_af': 0.015627364027979502, 'gpp_b': 0.015382154459808445, 'gpp_d': 0.09467055845337147, 'ign_k': 0.0029519227433917453, 'ign_c': 39.52220881906114, 'trop_agb_crit': 12.9667438075127, 'trop_k_veg': 2.99731137426955, 'fire_amp': 3.1543496524370136}.
[I 2026-06-11 13:14:20,037] Trial 680 finished with values: [10.769228103216323, 10.769228103216323] and parameters: {'k1': 0.012840669372724958, 'D_low': 236.79352040223893, 'k2': 0.045914852167405346, 'D_high': 32311.521854410956, 'fire_exp': 1.1593349727271403, 'P_half': 1265.0580856641704, 'pre_dampen_half': 30.456909077772018, 'gpp_af': 0.060029341913968644, 'gpp_b': 0.0004125336560355494, 'gpp_d': 0.1619054449471649, 'ign_k': 0.09256855841989636, 'ign_c': 153.51441568398127, 'trop_agb_crit': 8.0091368834625, 'trop_k_veg': 2.6914360459288678, 'fire_amp': 5.615047466686494}.
[I 2026-06-11 13:14:21,013] Trial 681 finished with values: [10.694786562436597, 10.694786562436597] and parameters: {'k1': 0.03648456083047798, 'D_low': 153.74098204111448, 'k2': 0.01567230746060024, 'D_high': 44974.07193749848, 'fire_exp': 1.2060040899560858, 'P_half': 2.226799690893868, 'pre_dampen_half': 0.14445596525544369, 'gpp_af': 0.060029341913968644, 'gpp_b': 0.12105864607844925, 'gpp_d': 94.19931479490882, 'ign_k': 0.0032383308053152635, 'ign_c': 1.364908766641693, 'trop_agb_crit': 11.664190932505923, 'trop_k_veg': 0.6673124511410327, 'fire_amp': 2.818314238665462}.
[I 2026-06-11 13:14:22,007] Trial 682 finished with values: [10.231641064057154, 10.231641064057154] and parameters: {'k1': 0.0008362695993649681, 'D_low': 1074.940539517341, 'k2': 0.02939607009739149, 'D_high': 6682.9607218310075, 'fire_exp': 1.0601964743503993, 'P_half': 2.226799690893868, 'pre_dampen_half': 4.847666216751353, 'gpp_af': 0.0900595929114129, 'gpp_b': 0.001674375583895437, 'gpp_d': 1.4397852866783676, 'ign_k': 0.0032383308053152635, 'ign_c': 35.133466168692735, 'trop_agb_crit': 12.9667438075127, 'trop_k_veg': 2.99731137426955, 'fire_amp': 2.7806853670293616}.
[I 2026-06-11 13:14:23,019] Trial 683 finished with values: [12.657193391141696, 12.657193391141696] and parameters: {'k1': 0.03648456083047798, 'D_low': 148.21691630007544, 'k2': 0.003767022142229395, 'D_high': 6682.9607218310075, 'fire_exp': 1.2060040899560858, 'P_half': 2.226799690893868, 'pre_dampen_half': 16.009350908593582, 'gpp_af': 1.9706963379095486, 'gpp_b': 0.001674375583895437, 'gpp_d': 545.0253444559129, 'ign_k': 0.0032383308053152635, 'ign_c': 1.364908766641693, 'trop_agb_crit': 8.0091368834625, 'trop_k_veg': 0.6673124511410327, 'fire_amp': 2.901299101737137}.
[I 2026-06-11 13:14:24,014] Trial 684 finished with values: [10.009722915188558, 10.009722915188558] and parameters: {'k1': 0.00026539376439360527, 'D_low': 1121.5915868662764, 'k2': 0.045914852167405346, 'D_high': 970.6606756877612, 'fire_exp': 1.2060040899560858, 'P_half': 1.4551749476072258, 'pre_dampen_half': 28.01075698398644, 'gpp_af': 0.008117091133892173, 'gpp_b': 0.015382154459808445, 'gpp_d': 0.09467055845337147, 'ign_k': 0.0032383308053152635, 'ign_c': 39.52220881906114, 'trop_agb_crit': 8.0091368834625, 'trop_k_veg': 2.99731137426955, 'fire_amp': 4.2446263054164195}.
[I 2026-06-11 13:14:25,007] Trial 685 finished with values: [15.48102210585332, 15.48102210585332] and parameters: {'k1': 3.609310926766545e-05, 'D_low': 1121.5915868662764, 'k2': 0.032141234030334316, 'D_high': 252.84086172415604, 'fire_exp': 1.0420149135640993, 'P_half': 1265.0580856641704, 'pre_dampen_half': 170.71098124594695, 'gpp_af': 0.060029341913968644, 'gpp_b': 0.00012118589392553798, 'gpp_d': 47.35384181058586, 'ign_k': 0.012480180965117606, 'ign_c': 0.22592797420156951, 'trop_agb_crit': 28.779217872092953, 'trop_k_veg': 1.6648666152166967, 'fire_amp': 5.869450070968175}.
[I 2026-06-11 13:14:26,002] Trial 686 finished with values: [10.7692307688997, 10.7692307688997] and parameters: {'k1': 0.08409006963311547, 'D_low': 1074.940539517341, 'k2': 0.045914852167405346, 'D_high': 35.136541394511, 'fire_exp': 3.2459542834651627, 'P_half': 5.4712187293420325, 'pre_dampen_half': 30.456909077772018, 'gpp_af': 0.41874665092828456, 'gpp_b': 0.0036065155862388338, 'gpp_d': 47.35384181058586, 'ign_k': 3.6309591863459096, 'ign_c': 29.690870944846793, 'trop_agb_crit': 8.0091368834625, 'trop_k_veg': 1.6648666152166967, 'fire_amp': 3.102033517490054}.
[I 2026-06-11 13:14:27,003] Trial 687 finished with values: [10.111392867622682, 10.111392867622682] and parameters: {'k1': 0.03648456083047798, 'D_low': 236.79352040223893, 'k2': 0.045914852167405346, 'D_high': 6682.9607218310075, 'fire_exp': 1.1593349727271403, 'P_half': 1265.0580856641704, 'pre_dampen_half': 30.456909077772018, 'gpp_af': 0.3939208112794227, 'gpp_b': 0.05719024141066792, 'gpp_d': 29.9035514860849, 'ign_k': 0.00840038491455979, 'ign_c': 1.364908766641693, 'trop_agb_crit': 8.0091368834625, 'trop_k_veg': 3.4439936249445045, 'fire_amp': 1.5719333351012774}.
[I 2026-06-11 13:14:28,009] Trial 688 finished with values: [10.017971235700355, 10.017971235700355] and parameters: {'k1': 0.003968136435370146, 'D_low': 236.79352040223893, 'k2': 0.005204862686958021, 'D_high': 32311.521854410956, 'fire_exp': 1.1593349727271403, 'P_half': 2.226799690893868, 'pre_dampen_half': 4.847666216751353, 'gpp_af': 0.060029341913968644, 'gpp_b': 0.049565458633074926, 'gpp_d': 47.35384181058586, 'ign_k': 0.09256855841989636, 'ign_c': 4.142619760188259, 'trop_agb_crit': 8.0091368834625, 'trop_k_veg': 4.0068236274914755, 'fire_amp': 2.7556562114998226}.
[I 2026-06-11 13:14:29,036] Trial 689 finished with values: [10.70020201976053, 10.70020201976053] and parameters: {'k1': 0.08409006963311547, 'D_low': 1121.5915868662764, 'k2': 0.045914852167405346, 'D_high': 1266.9536563782303, 'fire_exp': 1.41873960828944, 'P_half': 93.43302657318476, 'pre_dampen_half': 170.71098124594695, 'gpp_af': 0.015627364027979502, 'gpp_b': 0.0036065155862388338, 'gpp_d': 0.09467055845337147, 'ign_k': 0.0029519227433917453, 'ign_c': 29.690870944846793, 'trop_agb_crit': 8.0091368834625, 'trop_k_veg': 4.989748894578724, 'fire_amp': 3.1543496524370136}.
[I 2026-06-11 13:14:29,996] Trial 690 finished with values: [10.609163573203663, 10.609163573203663] and parameters: {'k1': 0.00038698408508416947, 'D_low': 51.61767747867285, 'k2': 0.0004976087827261435, 'D_high': 22.636544662054543, 'fire_exp': 1.2060040899560858, 'P_half': 2.226799690893868, 'pre_dampen_half': 4.847666216751353, 'gpp_af': 0.060029341913968644, 'gpp_b': 0.0003601974223479835, 'gpp_d': 0.03927259340973166, 'ign_k': 3.6309591863459096, 'ign_c': 23.422386257929038, 'trop_agb_crit': 8.462233625364036, 'trop_k_veg': 2.99731137426955, 'fire_amp': 3.617425524369146}.
[I 2026-06-11 13:14:30,986] Trial 691 finished with values: [-0.6048919899570342, 0.14797651912462773] and parameters: {'k1': 0.0008362695993649681, 'D_low': 13.012518385211498, 'k2': 0.00037358626308127543, 'D_high': 714.4571308652828, 'fire_exp': 1.2060040899560858, 'P_half': 5.4712187293420325, 'pre_dampen_half': 28.01075698398644, 'gpp_af': 0.060029341913968644, 'gpp_b': 0.0036065155862388338, 'gpp_d': 0.09467055845337147, 'ign_k': 0.0029519227433917453, 'ign_c': 7.081721844034206, 'trop_agb_crit': 12.9667438075127, 'trop_k_veg': 0.5667990147757791, 'fire_amp': 3.1543496524370136}.
[I 2026-06-11 13:14:32,180] Trial 692 finished with values: [11.44964477710582, 11.44964477710582] and parameters: {'k1': 0.03648456083047798, 'D_low': 1.4002277211577039, 'k2': 0.003767022142229395, 'D_high': 6682.9607218310075, 'fire_exp': 1.2060040899560858, 'P_half': 2.226799690893868, 'pre_dampen_half': 4.847666216751353, 'gpp_af': 0.060029341913968644, 'gpp_b': 0.004411400434514031, 'gpp_d': 1.4397852866783676, 'ign_k': 0.0032383308053152635, 'ign_c': 1.364908766641693, 'trop_agb_crit': 8.0091368834625, 'trop_k_veg': 5.453348988480011, 'fire_amp': 3.457960730172751}.
[I 2026-06-11 13:14:33,126] Trial 693 finished with values: [10.59303553133098, 10.59303553133098] and parameters: {'k1': 6.784924519083143e-05, 'D_low': 13.012518385211498, 'k2': 0.0004976087827261435, 'D_high': 6682.9607218310075, 'fire_exp': 1.0420149135640993, 'P_half': 2.226799690893868, 'pre_dampen_half': 4.847666216751353, 'gpp_af': 90.42322003557416, 'gpp_b': 0.0003601974223479835, 'gpp_d': 0.03927259340973166, 'ign_k': 0.0032383308053152635, 'ign_c': 0.32627001117104587, 'trop_agb_crit': 8.0091368834625, 'trop_k_veg': 0.6673124511410327, 'fire_amp': 5.869450070968175}.
