[I 2026-08-19 15:25:28,879] Trial 1072 finished with value: -0.40313880606892355 and parameters: {'k1': 0.002565127124713552, 'D_low': 1.7153126620663206, 'k2': 4.360604616285606e-05, 'D_high': 9525015.469308173, 'fire_exp': 4.702802931715447, 'P_half': 3144.6050433446644, 'pre_dampen_half': 333.17749854512385, 'gpp_af': 0.004730996415442391, 'gpp_b': 2.3467195398560787e-05, 'gpp_d': 9.857180401077763, 'ign_k': 0.07643618890494094, 'ign_c': 8.256172582863215, 'trop_agb_crit': 9.607850773899234, 'trop_k_veg': 2.6519670961980997, 'pop_amp': 17.73383488237294, 'pop_peak': 0.4643775004727928, 'pop_sig': 0.35988657090610193, 'fuel_k': 0.677255132973225, 'fuel_half': 1.4144505726655277}. Best is trial 421 with value: -0.6216386034937503.
[I 2026-08-19 15:25:33,637] Trial 1073 finished with value: -0.5307450651312744 and parameters: {'k1': 0.0003716947976031902, 'D_low': 3.983050971459674, 'k2': 1.0127650234379595e-05, 'D_high': 1351616.2104343371, 'fire_exp': 1.1393962568099234, 'P_half': 14.713885892714133, 'pre_dampen_half': 13.651381449902953, 'gpp_af': 0.005786627876189397, 'gpp_b': 2.4911325587732657e-05, 'gpp_d': 398.5330229595126, 'ign_k': 1.8894744060834874, 'ign_c': 2.749673065805041, 'trop_agb_crit': 24.2267489524036, 'trop_k_veg': 3.5905014959947885, 'pop_amp': 0.03639192331244115, 'pop_peak': 997.9888674004552, 'pop_sig': 0.500595145284308, 'fuel_k': 1.1281799315955074, 'fuel_half': 2.835313964367415}. Best is trial 421 with value: -0.6216386034937503.
[I 2026-08-19 15:25:38,385] Trial 1074 finished with value: -0.47219687569065716 and parameters: {'k1': 0.021965449471594782, 'D_low': 4775.897773592182, 'k2': 8.530267216244283e-05, 'D_high': 37649.75665280765, 'fire_exp': 1.1877193078461863, 'P_half': 31.4433098386789, 'pre_dampen_half': 88.69981617439397, 'gpp_af': 0.002141728506657554, 'gpp_b': 3.353669548078308e-05, 'gpp_d': 13.032962926437358, 'ign_k': 4.8889233362418025, 'ign_c': 0.48931366281010846, 'trop_agb_crit': 19.95388981212355, 'trop_k_veg': 2.037322791477434, 'pop_amp': 0.335250412900976, 'pop_peak': 1.8758460152343688, 'pop_sig': 2.069347236227759, 'fuel_k': 1.7118260177977753, 'fuel_half': 1.2113109877130326}. Best is trial 421 with value: -0.6216386034937503.
[I 2026-08-19 15:25:42,772] Trial 1075 finished with value: -0.3897236333483156 and parameters: {'k1': 0.0031969965391714867, 'D_low': 3660.156396525386, 'k2': 0.001230400749220671, 'D_high': 6540234.961500515, 'fire_exp': 5.892684447073785, 'P_half': 2.296097522634684, 'pre_dampen_half': 100.93410946010245, 'gpp_af': 0.004759855573389071, 'gpp_b': 3.0817892678861176e-05, 'gpp_d': 0.33534119716760497, 'ign_k': 0.14273750568197974, 'ign_c': 40.48186447886635, 'trop_agb_crit': 1.2012325056651918, 'trop_k_veg': 2.338029427654801, 'pop_amp': 0.030468067259937025, 'pop_peak': 2.812233314652145, 'pop_sig': 0.8568300847430713, 'fuel_k': 0.06673154023804286, 'fuel_half': 0.19887047144150752}. Best is trial 421 with value: -0.6216386034937503.
[I 2026-08-19 15:25:46,788] Trial 1076 finished with value: -0.4212372881504326 and parameters: {'k1': 0.008809603763400746, 'D_low': 5.564518447462807, 'k2': 0.002466433189167478, 'D_high': 767429.8755133842, 'fire_exp': 3.7763149482539125, 'P_half': 2225.8763701073226, 'pre_dampen_half': 4.128386002555537, 'gpp_af': 0.0023180016690555745, 'gpp_b': 6.506132790051354e-05, 'gpp_d': 39.16307083712136, 'ign_k': 0.04616371458676729, 'ign_c': 0.6764988304476887, 'trop_agb_crit': 12.147776676541103, 'trop_k_veg': 1.9116776815552443, 'pop_amp': 6.210556667273076, 'pop_peak': 18.622294372265348, 'pop_sig': 0.4674252189306477, 'fuel_k': 1.2565170407439512, 'fuel_half': 6.527227594499577}. Best is trial 421 with value: -0.6216386034937503.
  trial 1077/2500  best_overall=0.6216  (61.7 min)
[I 2026-08-19 15:25:52,352] Trial 1077 finished with value: -0.570169413402992 and parameters: {'k1': 0.0016491344990205877, 'D_low': 1046.159153634731, 'k2': 0.0010134072420657607, 'D_high': 297661.5385506909, 'fire_exp': 3.406353809643028, 'P_half': 377.5507043931462, 'pre_dampen_half': 115.2260777447206, 'gpp_af': 0.03254884519478099, 'gpp_b': 3.599381329153496e-05, 'gpp_d': 1.3644703073998474, 'ign_k': 0.15858425111600324, 'ign_c': 0.9475320392687718, 'trop_agb_crit': 2.517751734042553, 'trop_k_veg': 4.206576393821319, 'pop_amp': 0.41683298411758163, 'pop_peak': 3.300025633574248, 'pop_sig': 1.0842599254466132, 'fuel_k': 0.13614936098780753, 'fuel_half': 1.2738072948935335}. Best is trial 421 with value: -0.6216386034937503.
[I 2026-08-19 15:25:58,089] Trial 1078 finished with value: -0.3554625854118624 and parameters: {'k1': 0.002315329239825851, 'D_low': 1.2080812524598297, 'k2': 2.1897854868534035e-05, 'D_high': 3121009.585744774, 'fire_exp': 1.0295862693465474, 'P_half': 1.4580377532982294, 'pre_dampen_half': 0.3175640344903636, 'gpp_af': 0.250248246619707, 'gpp_b': 0.0002456876025398507, 'gpp_d': 0.2726658314251461, 'ign_k': 0.9632583421543386, 'ign_c': 128.3148084634628, 'trop_agb_crit': 6.371083572389431, 'trop_k_veg': 1.8146580948645445, 'pop_amp': 0.0033701087657534096, 'pop_peak': 3.4696976670745556, 'pop_sig': 0.3166944652703251, 'fuel_k': 0.1251143750328089, 'fuel_half': 0.335527190170272}. Best is trial 421 with value: -0.6216386034937503.
[I 2026-08-19 15:26:02,984] Trial 1079 finished with value: -0.4227058395272539 and parameters: {'k1': 0.00019726313627042768, 'D_low': 42.88891446936751, 'k2': 0.0001368261993456503, 'D_high': 331419.3559128615, 'fire_exp': 2.958029364727193, 'P_half': 32.481218786669146, 'pre_dampen_half': 6.411909592233534, 'gpp_af': 0.0095152997331993, 'gpp_b': 0.005347444487332419, 'gpp_d': 2.196972775075725, 'ign_k': 0.288564497042908, 'ign_c': 23.13481476592485, 'trop_agb_crit': 1.1253373731330698, 'trop_k_veg': 7.615733290749369, 'pop_amp': 0.00973334275805057, 'pop_peak': 24.863936461212205, 'pop_sig': 0.43923341590775405, 'fuel_k': 1.5503804869347475, 'fuel_half': 0.15863708688225192}. Best is trial 421 with value: -0.6216386034937503.
[I 2026-08-19 15:26:07,303] Trial 1080 finished with value: -0.5155373389867942 and parameters: {'k1': 1.618720463572499e-05, 'D_low': 5.992244888002298, 'k2': 0.00015324795962826684, 'D_high': 7749462.5558961425, 'fire_exp': 2.6910102832218636, 'P_half': 2.2077043809121037, 'pre_dampen_half': 3.102427871482752, 'gpp_af': 2.9174852118971506, 'gpp_b': 8.262394865727437e-05, 'gpp_d': 2.8961195824994883, 'ign_k': 2.242714077752224, 'ign_c': 11.504066432368527, 'trop_agb_crit': 2.431798549692379, 'trop_k_veg': 6.527484971964662, 'pop_amp': 0.02428931153526723, 'pop_peak': 4.087246325865405, 'pop_sig': 0.30857404163726054, 'fuel_k': 0.9703498567263954, 'fuel_half': 0.9667098599409182}. Best is trial 421 with value: -0.6216386034937503.
[I 2026-08-19 15:26:11,725] Trial 1081 finished with value: -0.5771855659781674 and parameters: {'k1': 2.4232147703949245e-05, 'D_low': 109912.60459310205, 'k2': 1.064337909259325e-05, 'D_high': 612855.5462537264, 'fire_exp': 1.3008980142241444, 'P_half': 17.257838702099534, 'pre_dampen_half': 0.11161448092597454, 'gpp_af': 0.002302015514111541, 'gpp_b': 3.164072334328248e-05, 'gpp_d': 3.8107311668160775, 'ign_k': 1.9668579518192075, 'ign_c': 1.853863542746831, 'trop_agb_crit': 12.120503257275884, 'trop_k_veg': 0.8809703439947262, 'pop_amp': 17.689559842559145, 'pop_peak': 10.438558201748018, 'pop_sig': 1.4809361924757236, 'fuel_k': 0.20799277316214118, 'fuel_half': 0.12094633469183115}. Best is trial 421 with value: -0.6216386034937503.
  trial 1082/2500  best_overall=0.6216  (62.1 min)
[I 2026-08-19 15:26:16,977] Trial 1082 finished with value: -0.5709968736092592 and parameters: {'k1': 0.0040980562199518684, 'D_low': 1.4304869546050467, 'k2': 0.00013538746431502883, 'D_high': 2241736.8265127926, 'fire_exp': 1.1891630319711775, 'P_half': 2.849925660017097, 'pre_dampen_half': 16.950971446822262, 'gpp_af': 0.578402452604642, 'gpp_b': 0.0001795958559992572, 'gpp_d': 18.38566049629656, 'ign_k': 0.04118577290580904, 'ign_c': 29.21903044649914, 'trop_agb_crit': 6.348077553510013, 'trop_k_veg': 2.133642767888282, 'pop_amp': 0.02266414451087713, 'pop_peak': 101.16812203295568, 'pop_sig': 0.41934351696943706, 'fuel_k': 0.3661748909403872, 'fuel_half': 0.37610293944439865}. Best is trial 421 with value: -0.6216386034937503.
[I 2026-08-19 15:26:21,826] Trial 1083 finished with value: -0.5369624587668989 and parameters: {'k1': 0.0014517712279061856, 'D_low': 2340.737536421107, 'k2': 9.428430022339468e-05, 'D_high': 3416216.8820929313, 'fire_exp': 1.0663548360658492, 'P_half': 1059.844246640769, 'pre_dampen_half': 4.382277449483365, 'gpp_af': 0.009088203780888855, 'gpp_b': 3.61277530316847e-05, 'gpp_d': 0.20945489385911809, 'ign_k': 0.1546659107200863, 'ign_c': 0.5737582579043052, 'trop_agb_crit': 12.830752595539515, 'trop_k_veg': 0.5976827479275607, 'pop_amp': 0.011209652430238212, 'pop_peak': 2.974083875155363, 'pop_sig': 2.4210416244714086, 'fuel_k': 0.11609453962412347, 'fuel_half': 4.257468399872847}. Best is trial 421 with value: -0.6216386034937503.
[I 2026-08-19 15:26:26,400] Trial 1084 finished with value: -0.42541184420822764 and parameters: {'k1': 1.1535540250729973e-05, 'D_low': 776051.3885648845, 'k2': 1.5437308219987373e-05, 'D_high': 481970.8043814873, 'fire_exp': 1.3535885084896941, 'P_half': 61.13757530115092, 'pre_dampen_half': 0.32055274765495373, 'gpp_af': 0.00514678833234526, 'gpp_b': 4.3601435192157435e-05, 'gpp_d': 0.61770292379731, 'ign_k': 0.3232379248412782, 'ign_c': 9.306181341763333, 'trop_agb_crit': 20.388343368213476, 'trop_k_veg': 1.2501620336100578, 'pop_amp': 5.326477629495723, 'pop_peak': 0.1701560884794174, 'pop_sig': 2.2426861500536126, 'fuel_k': 1.964975118453991, 'fuel_half': 0.1745083993636006}. Best is trial 421 with value: -0.6216386034937503.
[I 2026-08-19 15:26:31,150] Trial 1085 finished with value: -0.4280274855448857 and parameters: {'k1': 4.229008195677874e-05, 'D_low': 985.677069098204, 'k2': 0.0064566999821541295, 'D_high': 51274.568881643325, 'fire_exp': 1.0375122700015167, 'P_half': 13.607926703029436, 'pre_dampen_half': 0.010585818861236652, 'gpp_af': 0.1049669420279043, 'gpp_b': 0.010253370103863763, 'gpp_d': 0.12430731614790755, 'ign_k': 0.020412874681270645, 'ign_c': 0.8150547662536181, 'trop_agb_crit': 20.082535636462406, 'trop_k_veg': 0.715114693764911, 'pop_amp': 0.011495246185391375, 'pop_peak': 9.780847942608688, 'pop_sig': 0.31808185611075646, 'fuel_k': 2.2674927449156472, 'fuel_half': 0.1647834194248102}. Best is trial 421 with value: -0.6216386034937503.
[I 2026-08-19 15:26:35,955] Trial 1086 finished with value: -0.5581750372572916 and parameters: {'k1': 0.0024308468926455057, 'D_low': 1715.3315865435245, 'k2': 0.00030279608203650257, 'D_high': 2190968.846611802, 'fire_exp': 5.538839158152964, 'P_half': 24.451653381349608, 'pre_dampen_half': 3.694892988397139, 'gpp_af': 0.01603782740781283, 'gpp_b': 1.680523763203445e-05, 'gpp_d': 0.1949873040216102, 'ign_k': 3.1697767872253655, 'ign_c': 10.25603663189106, 'trop_agb_crit': 1.0850188740934075, 'trop_k_veg': 2.266200614606367, 'pop_amp': 3.59026090575065, 'pop_peak': 101.28369466923344, 'pop_sig': 0.5948298778639864, 'fuel_k': 0.05788621762139108, 'fuel_half': 7.302803410080375}. Best is trial 421 with value: -0.6216386034937503.
  trial 1087/2500  best_overall=0.6216  (62.5 min)
[I 2026-08-19 15:26:41,785] Trial 1087 finished with value: -0.5672706852471208 and parameters: {'k1': 0.0004223175386644972, 'D_low': 20.37766001845378, 'k2': 0.00138100476477776, 'D_high': 774105.9418963604, 'fire_exp': 2.08892526097051, 'P_half': 4.910350816186039, 'pre_dampen_half': 0.17434126941577474, 'gpp_af': 17.069039936075786, 'gpp_b': 0.08598433823476645, 'gpp_d': 447.0009058523716, 'ign_k': 1.0598116241232736, 'ign_c': 0.5115117908809015, 'trop_agb_crit': 24.05990200197873, 'trop_k_veg': 6.757584701483671, 'pop_amp': 0.4251848023849442, 'pop_peak': 0.22445919938305725, 'pop_sig': 0.5352625558960149, 'fuel_k': 1.3727067633185053, 'fuel_half': 0.2855802813978383}. Best is trial 421 with value: -0.6216386034937503.
[I 2026-08-19 15:26:46,946] Trial 1088 finished with value: -0.3554625854118624 and parameters: {'k1': 1.2848362173365942e-05, 'D_low': 915441.6938814213, 'k2': 1.2047575155014949e-05, 'D_high': 438838.8601360304, 'fire_exp': 1.7108237171973153, 'P_half': 16.459255845389173, 'pre_dampen_half': 0.1260526307836363, 'gpp_af': 0.0014610528384553132, 'gpp_b': 3.427462575269401e-05, 'gpp_d': 4.5919429980382676, 'ign_k': 3.0159935043587964, 'ign_c': 56.843182033522055, 'trop_agb_crit': 4.762489194941838, 'trop_k_veg': 0.8619655526541393, 'pop_amp': 0.1995350463785487, 'pop_peak': 2.118361893999644, 'pop_sig': 2.399338036648909, 'fuel_k': 1.2528943973328883, 'fuel_half': 2.148079384769162}. Best is trial 421 with value: -0.6216386034937503.
[I 2026-08-19 15:26:51,935] Trial 1089 finished with value: -0.5320836270155783 and parameters: {'k1': 6.742451142578437e-05, 'D_low': 2.4188094291542486, 'k2': 1.946209702391781e-05, 'D_high': 8273905.820512078, 'fire_exp': 1.9809841511426465, 'P_half': 73.97652067196046, 'pre_dampen_half': 3.4245746491341023, 'gpp_af': 0.20697359080880895, 'gpp_b': 0.0006306648749929283, 'gpp_d': 27.193134036106226, 'ign_k': 0.08799203281007029, 'ign_c': 7.596960768920472, 'trop_agb_crit': 23.3990845054351, 'trop_k_veg': 2.763479848213755, 'pop_amp': 1.0349158823003959, 'pop_peak': 826.6055225530877, 'pop_sig': 0.4381963486189197, 'fuel_k': 0.8062005206913618, 'fuel_half': 2.9157393234318394}. Best is trial 421 with value: -0.6216386034937503.
[I 2026-08-19 15:26:56,906] Trial 1090 finished with value: -0.4940555955535181 and parameters: {'k1': 9.653306999449993e-05, 'D_low': 14634.792975429295, 'k2': 1.3884495508625984e-05, 'D_high': 4358261.279399823, 'fire_exp': 1.0607855945178453, 'P_half': 611.3678216164541, 'pre_dampen_half': 0.7455797746456688, 'gpp_af': 0.01549624681790179, 'gpp_b': 0.0004026830511964981, 'gpp_d': 3.71251129165321, 'ign_k': 0.9621144581580607, 'ign_c': 3.42580243576161, 'trop_agb_crit': 7.33568702719765, 'trop_k_veg': 1.0843455170300638, 'pop_amp': 0.04871173610581605, 'pop_peak': 100.03121634726293, 'pop_sig': 2.2957242975041097, 'fuel_k': 0.5525272316837783, 'fuel_half': 0.9452588087869022}. Best is trial 421 with value: -0.6216386034937503.
  trial 1091/2500  best_overall=0.6216  (62.9 min)
[I 2026-08-19 15:27:05,150] Trial 1091 finished with value: -0.5008795728736058 and parameters: {'k1': 1.7998592311028247e-05, 'D_low': 105263.43710822816, 'k2': 1.1956754667800611e-05, 'D_high': 273047.71504396515, 'fire_exp': 1.2548608685350373, 'P_half': 103.5992778187456, 'pre_dampen_half': 0.5241542610306661, 'gpp_af': 0.022389209661263162, 'gpp_b': 0.00010828512776508987, 'gpp_d': 0.050007153019954176, 'ign_k': 2.381270437215636, 'ign_c': 15.642613211501445, 'trop_agb_crit': 2.918810637008676, 'trop_k_veg': 0.689730338047936, 'pop_amp': 3.8656895154533664, 'pop_peak': 0.2253578176147084, 'pop_sig': 1.8336774238486861, 'fuel_k': 0.9746076834036683, 'fuel_half': 3.131191225228283}. Best is trial 421 with value: -0.6216386034937503.
[I 2026-08-19 15:27:09,956] Trial 1092 finished with value: -0.4351450954013568 and parameters: {'k1': 0.0009750074125489259, 'D_low': 7.346498223922413, 'k2': 9.793749203891361e-05, 'D_high': 62496.70327483643, 'fire_exp': 9.88275468732874, 'P_half': 69.35268021655239, 'pre_dampen_half': 212.43779770317207, 'gpp_af': 2.154395209790183, 'gpp_b': 0.00027922220865468563, 'gpp_d': 4.92312120023424, 'ign_k': 0.279694304183601, 'ign_c': 0.11150683360672396, 'trop_agb_crit': 7.591512515911756, 'trop_k_veg': 2.207428553437229, 'pop_amp': 0.8285543624824894, 'pop_peak': 3.9109203477398053, 'pop_sig': 1.9140475293339028, 'fuel_k': 0.4305827392739472, 'fuel_half': 0.7022894048802515}. Best is trial 421 with value: -0.6216386034937503.
[I 2026-08-19 15:27:14,447] Trial 1093 finished with value: -0.4250279019521067 and parameters: {'k1': 0.01430771943906469, 'D_low': 498.53076160954504, 'k2': 2.3367848784367e-05, 'D_high': 398335.7978421695, 'fire_exp': 6.515114868298259, 'P_half': 752.6580991072975, 'pre_dampen_half': 75.91139904939338, 'gpp_af': 0.006669936428741232, 'gpp_b': 1.6168192305928385e-05, 'gpp_d': 1.0924586013701483, 'ign_k': 2.189260418247333, 'ign_c': 0.1405801445645121, 'trop_agb_crit': 26.273073193918712, 'trop_k_veg': 3.9309075490558274, 'pop_amp': 0.021811323294322657, 'pop_peak': 659.44311040898, 'pop_sig': 1.2097124045219796, 'fuel_k': 0.05917558899103018, 'fuel_half': 0.7961138766019874}. Best is trial 421 with value: -0.6216386034937503.
[I 2026-08-19 15:27:19,921] Trial 1094 finished with value: -0.5899297106748201 and parameters: {'k1': 3.6668427637009126e-05, 'D_low': 1.6469001910097365, 'k2': 0.002165234811051325, 'D_high': 7021976.192692796, 'fire_exp': 1.5127321334744233, 'P_half': 3.976145124513962, 'pre_dampen_half': 0.7739389471326406, 'gpp_af': 0.0634542205776753, 'gpp_b': 0.001894402264553138, 'gpp_d': 2.0199404909467784, 'ign_k': 1.2491005930535422, 'ign_c': 7.604931287734497, 'trop_agb_crit': 6.818464335686195, 'trop_k_veg': 4.960122503298988, 'pop_amp': 0.5508488604609892, 'pop_peak': 21.48293289529978, 'pop_sig': 0.784310760046952, 'fuel_k': 4.126048102133886, 'fuel_half': 5.930239462331362}. Best is trial 421 with value: -0.6216386034937503.
  trial 1095/2500  best_overall=0.6216  (63.3 min)
[I 2026-08-19 15:27:25,657] Trial 1095 finished with value: -0.48948489910734905 and parameters: {'k1': 1.9245973396347222e-05, 'D_low': 12572.93032768345, 'k2': 5.2095493045934946e-05, 'D_high': 223921.99167336163, 'fire_exp': 1.0018499804583034, 'P_half': 22.88532346467562, 'pre_dampen_half': 2.253292609093092, 'gpp_af': 0.006941876418449733, 'gpp_b': 2.0609755248533894e-05, 'gpp_d': 0.16137221256364462, 'ign_k': 3.8437296449647604, 'ign_c': 0.647892083412733, 'trop_agb_crit': 14.616841275333783, 'trop_k_veg': 0.653127335911889, 'pop_amp': 2.194760358389148, 'pop_peak': 2.6699463665457857, 'pop_sig': 2.2684797057502184, 'fuel_k': 3.6481505989653886, 'fuel_half': 7.406053107421572}. Best is trial 421 with value: -0.6216386034937503.
[I 2026-08-19 15:27:31,348] Trial 1096 finished with value: -0.5305308325384972 and parameters: {'k1': 8.21664765029953e-05, 'D_low': 2.488763995047029, 'k2': 2.4321527556905235e-05, 'D_high': 347697.0948862736, 'fire_exp': 1.129565697896977, 'P_half': 1.0289192304557677, 'pre_dampen_half': 0.04795271711181522, 'gpp_af': 1.2364237645596958, 'gpp_b': 0.00013155403207893947, 'gpp_d': 85.60417070158272, 'ign_k': 0.1739921869659181, 'ign_c': 0.47137346481331516, 'trop_agb_crit': 12.83967175108177, 'trop_k_veg': 2.062731612141466, 'pop_amp': 0.008959871221199634, 'pop_peak': 39.94721874625226, 'pop_sig': 0.35539045384711593, 'fuel_k': 3.617553115687481, 'fuel_half': 5.372247477486822}. Best is trial 421 with value: -0.6216386034937503.
[I 2026-08-19 15:27:36,522] Trial 1097 finished with value: -0.45381411571083596 and parameters: {'k1': 0.001832294263891331, 'D_low': 274.8322887816187, 'k2': 0.00016009815090278344, 'D_high': 29257.797873670253, 'fire_exp': 1.0246436603480893, 'P_half': 65.62898435032334, 'pre_dampen_half': 0.13014320494981263, 'gpp_af': 0.0025150062917732997, 'gpp_b': 0.00017859095779188417, 'gpp_d': 0.05112327243364334, 'ign_k': 0.10798841764012328, 'ign_c': 5.3744305382300395, 'trop_agb_crit': 11.337188182843754, 'trop_k_veg': 3.395755311160067, 'pop_amp': 0.00520174449938552, 'pop_peak': 0.12983585535315223, 'pop_sig': 0.27508405211761633, 'fuel_k': 0.7858472653143302, 'fuel_half': 4.8644675575216025}. Best is trial 421 with value: -0.6216386034937503.
[I 2026-08-19 15:27:40,851] Trial 1098 finished with value: -0.3554625854118624 and parameters: {'k1': 0.0009125276225344943, 'D_low': 2395.9197321811844, 'k2': 5.039230424717704e-05, 'D_high': 1391518.8331997278, 'fire_exp': 3.673793517093651, 'P_half': 2101.5174395195477, 'pre_dampen_half': 239.2003791596253, 'gpp_af': 0.04724200739072178, 'gpp_b': 1.4203050417063552e-05, 'gpp_d': 0.7414200463207558, 'ign_k': 0.9264461038169147, 'ign_c': 51.253157410057604, 'trop_agb_crit': 13.09281851170028, 'trop_k_veg': 2.937865047527156, 'pop_amp': 1.5396770683434835, 'pop_peak': 17.133676559568702, 'pop_sig': 2.198504064533994, 'fuel_k': 0.0524446733581803, 'fuel_half': 3.701284026437391}. Best is trial 421 with value: -0.6216386034937503.
  trial 1099/2500  best_overall=0.6216  (63.6 min)
[I 2026-08-19 15:27:45,853] Trial 1099 finished with value: -0.3554625854118624 and parameters: {'k1': 1.3511577846668174e-05, 'D_low': 32541.733377179986, 'k2': 1.524748582399741e-05, 'D_high': 169019.62857511945, 'fire_exp': 1.0986196994037585, 'P_half': 347.77264361851684, 'pre_dampen_half': 0.06458265093385601, 'gpp_af': 0.002089507723964515, 'gpp_b': 8.243229985582764e-05, 'gpp_d': 0.20483898257208472, 'ign_k': 2.3719315469634648, 'ign_c': 176.2065143992797, 'trop_agb_crit': 14.082164076765372, 'trop_k_veg': 2.2597071207664223, 'pop_amp': 1.176389207809928, 'pop_peak': 4.009975159342003, 'pop_sig': 2.0827192019848852, 'fuel_k': 2.624829108994734, 'fuel_half': 0.978599653875766}. Best is trial 421 with value: -0.6216386034937503.
[I 2026-08-19 15:27:50,290] Trial 1100 finished with value: -0.4641951742276502 and parameters: {'k1': 0.008365728133154036, 'D_low': 22.807535935582777, 'k2': 0.00034082145768204926, 'D_high': 318950.4968693577, 'fire_exp': 1.1070662963979616, 'P_half': 3.080857951952135, 'pre_dampen_half': 4.883255826613816, 'gpp_af': 0.38611803195385924, 'gpp_b': 2.3947820611641403e-05, 'gpp_d': 0.5059633340217109, 'ign_k': 0.029743833041878824, 'ign_c': 64.29363967355175, 'trop_agb_crit': 14.81109847248799, 'trop_k_veg': 2.150239762822699, 'pop_amp': 0.22624268522206428, 'pop_peak': 3.1193762532537015, 'pop_sig': 0.6214982326756763, 'fuel_k': 0.09139283775255058, 'fuel_half': 0.29861867322513364}. Best is trial 421 with value: -0.6216386034937503.
