[I 2026-08-05 23:12:16,234] Trial 135 finished with values: [10.76182201430609, 10.76182201430609] and parameters: {'k1': 7.841214856323651e-05, 'D_low': 7126.727573532312, 'k2': 1.1184534120760473e-05, 'D_high': 75773.14388518519, 'fire_exp': 1.1044852285094786, 'P_half': 5.15399351160314, 'pre_dampen_half': 0.09467055845337147, 'gpp_af': 4.095062894476692, 'gpp_b': 1.0714507872203791, 'gpp_d': 5.878566318396007, 'ign_k': 0.04563289369649656, 'ign_c': 12.37061744238074}.
[I 2026-08-05 23:12:17,442] Trial 136 finished with values: [10.769230769178105, 10.769230769178105] and parameters: {'k1': 0.03232155805617897, 'D_low': 6986.847592445664, 'k2': 0.006138509947844854, 'D_high': 3660.150802571655, 'fire_exp': 1.5201277403788451, 'P_half': 14.94057723907974, 'pre_dampen_half': 111.37963167994629, 'gpp_af': 11.234842109991876, 'gpp_b': 1.5938003265859821, 'gpp_d': 39.827466658711515, 'ign_k': 0.005877005203443299, 'ign_c': 0.9294394155644988}.
[I 2026-08-05 23:12:18,543] Trial 137 finished with values: [10.501649042289461, 10.501649042289461] and parameters: {'k1': 0.002971796631657383, 'D_low': 29.89885508829526, 'k2': 0.0007081721844034209, 'D_high': 9769.756791866093, 'fire_exp': 1.0881360604103363, 'P_half': 10.226988730324324, 'pre_dampen_half': 53.73093479067421, 'gpp_af': 29.925002022877802, 'gpp_b': 0.011750724729953272, 'gpp_d': 4.5768578731086835, 'ign_k': 0.0026834162496848666, 'ign_c': 6.160975294741436}.
[I 2026-08-05 23:12:19,698] Trial 138 finished with values: [10.380580892630803, 10.380580892630803] and parameters: {'k1': 0.00324789183891923, 'D_low': 2.1234210963705626, 'k2': 0.031211489608802344, 'D_high': 48249.14281180252, 'fire_exp': 1.151006986743773, 'P_half': 12.808863354047988, 'pre_dampen_half': 107.40052367919465, 'gpp_af': 5.511863475708366, 'gpp_b': 0.00012797528816608022, 'gpp_d': 0.11136446029400991, 'ign_k': 0.03033111747878116, 'ign_c': 8.671454322584175}.
[I 2026-08-05 23:12:20,788] Trial 139 finished with values: [10.55942604448331, 10.55942604448331] and parameters: {'k1': 7.841214856323651e-05, 'D_low': 29.89885508829526, 'k2': 0.02065142557895925, 'D_high': 75773.14388518519, 'fire_exp': 1.1044852285094786, 'P_half': 10.226988730324324, 'pre_dampen_half': 36.876350096203005, 'gpp_af': 92.21975850381763, 'gpp_b': 0.011750724729953272, 'gpp_d': 4.5768578731086835, 'ign_k': 0.0026834162496848666, 'ign_c': 6.160975294741436}.
[I 2026-08-05 23:12:21,926] Trial 140 finished with values: [10.249952119843842, 10.249952119843842] and parameters: {'k1': 0.025383218374507292, 'D_low': 2.1234210963705626, 'k2': 4.763991596630584e-05, 'D_high': 39.323386421481615, 'fire_exp': 1.010722707674549, 'P_half': 45.55085098454082, 'pre_dampen_half': 107.40052367919465, 'gpp_af': 5.511863475708366, 'gpp_b': 0.6637926838138378, 'gpp_d': 891.8036602897795, 'ign_k': 0.34703605955441524, 'ign_c': 8.671454322584175}.
[I 2026-08-05 23:12:23,083] Trial 141 finished with values: [10.75018742062697, 10.75018742062697] and parameters: {'k1': 0.002971796631657383, 'D_low': 7126.727573532312, 'k2': 0.08894151386481904, 'D_high': 75773.14388518519, 'fire_exp': 1.0881360604103363, 'P_half': 1627.0983114897251, 'pre_dampen_half': 4.350163152436989, 'gpp_af': 92.21975850381763, 'gpp_b': 3.251606690398149e-05, 'gpp_d': 5.878566318396007, 'ign_k': 0.04563289369649656, 'ign_c': 12.37061744238074}.
[I 2026-08-05 23:12:24,215] Trial 142 finished with values: [10.769117858637298, 10.769117858637298] and parameters: {'k1': 0.014666151770108535, 'D_low': 1440.3650379563878, 'k2': 2.316457903103837e-05, 'D_high': 949.9072859745386, 'fire_exp': 1.14171776851287, 'P_half': 9716.212563514906, 'pre_dampen_half': 1.6130673726933187, 'gpp_af': 0.0025511964576171086, 'gpp_b': 0.0012749409641020352, 'gpp_d': 0.03848886303127135, 'ign_k': 0.0037322156377670697, 'ign_c': 47.268615251255675}.
[I 2026-08-05 23:12:25,344] Trial 143 finished with values: [10.218144107682244, 10.218144107682244] and parameters: {'k1': 2.0937989739527727e-05, 'D_low': 125.32726386250698, 'k2': 0.0010204225357677778, 'D_high': 43033.06161410616, 'fire_exp': 1.2943117749495199, 'P_half': 63.585411411994926, 'pre_dampen_half': 703.6426675556048, 'gpp_af': 10.25616274847308, 'gpp_b': 2.800940363375676e-05, 'gpp_d': 368.30088529547436, 'ign_k': 0.0048255892187380085, 'ign_c': 0.6235377135673155}.
[I 2026-08-05 23:12:26,476] Trial 144 finished with values: [10.103930945335842, 10.103930945335842] and parameters: {'k1': 0.002407354618388189, 'D_low': 1.4045842344024697, 'k2': 0.08894151386481904, 'D_high': 75773.14388518519, 'fire_exp': 1.1044852285094786, 'P_half': 13.019246714361572, 'pre_dampen_half': 347.79988160923324, 'gpp_af': 92.21975850381763, 'gpp_b': 7.402343469704428e-05, 'gpp_d': 5.878566318396007, 'ign_k': 0.04563289369649656, 'ign_c': 0.9294394155644988}.
[I 2026-08-05 23:12:27,628] Trial 145 finished with values: [10.646780108610693, 10.646780108610693] and parameters: {'k1': 0.00324789183891923, 'D_low': 2.1234210963705626, 'k2': 0.031211489608802344, 'D_high': 10316.033434719713, 'fire_exp': 2.3782613909771353, 'P_half': 12.808863354047988, 'pre_dampen_half': 76.86605275420082, 'gpp_af': 0.6194713831445294, 'gpp_b': 0.003510201564752293, 'gpp_d': 340.229467527258, 'ign_k': 0.0027847738314446878, 'ign_c': 8.671454322584175}.
[I 2026-08-05 23:12:28,778] Trial 146 finished with values: [10.757255058708843, 10.757255058708843] and parameters: {'k1': 2.0937989739527727e-05, 'D_low': 125.32726386250698, 'k2': 0.0004381141781653133, 'D_high': 233.52156626184438, 'fire_exp': 1.3201882743050743, 'P_half': 69.68111190775313, 'pre_dampen_half': 703.6426675556048, 'gpp_af': 0.0025511964576171086, 'gpp_b': 0.010483435442445016, 'gpp_d': 28.312234265202243, 'ign_k': 0.03141110271934876, 'ign_c': 47.268615251255675}.
[I 2026-08-05 23:12:29,901] Trial 147 finished with values: [10.480534806453734, 10.480534806453734] and parameters: {'k1': 7.841214856323651e-05, 'D_low': 334.62201030483817, 'k2': 1.1184534120760473e-05, 'D_high': 75773.14388518519, 'fire_exp': 1.1670151053031461, 'P_half': 215.55950571043874, 'pre_dampen_half': 111.37963167994629, 'gpp_af': 11.234842109991876, 'gpp_b': 0.0025416076006960116, 'gpp_d': 5.878566318396007, 'ign_k': 0.3818468247973969, 'ign_c': 10.140635645866492}.
[I 2026-08-05 23:12:31,042] Trial 148 finished with values: [10.717513712069643, 10.717513712069643] and parameters: {'k1': 0.0029707920514735983, 'D_low': 2.5379946629058443, 'k2': 2.1698375693549493e-05, 'D_high': 6366.1449945522045, 'fire_exp': 1.182396148413737, 'P_half': 95.65499215943822, 'pre_dampen_half': 0.014857392806279237, 'gpp_af': 35.20481045526041, 'gpp_b': 0.0003570095960030948, 'gpp_d': 20.54051942538844, 'ign_k': 0.017654048052495083, 'ign_c': 3.0378658251922155}.
[I 2026-08-05 23:12:32,261] Trial 149 finished with values: [10.617681964491046, 10.617681964491046] and parameters: {'k1': 0.00324789183891923, 'D_low': 2.1234210963705626, 'k2': 0.031211489608802344, 'D_high': 8241.92526487646, 'fire_exp': 1.151006986743773, 'P_half': 12.808863354047988, 'pre_dampen_half': 0.6199100007802261, 'gpp_af': 5.620854611217178, 'gpp_b': 0.00012797528816608022, 'gpp_d': 13.076473382928533, 'ign_k': 0.006912296717033066, 'ign_c': 8.671454322584175}.
[I 2026-08-05 23:12:33,464] Trial 150 finished with values: [10.765390180244731, 10.765390180244731] and parameters: {'k1': 4.739584301027366e-05, 'D_low': 13.012518385211498, 'k2': 0.0027431991397796683, 'D_high': 22.636544662054543, 'fire_exp': 1.3201882743050743, 'P_half': 69.68111190775313, 'pre_dampen_half': 0.4742269251269962, 'gpp_af': 0.0662749342026412, 'gpp_b': 0.010483435442445016, 'gpp_d': 309.22275645044783, 'ign_k': 0.0014363112408604436, 'ign_c': 157.63098727399432}.
[I 2026-08-05 23:12:34,696] Trial 151 finished with values: [10.769115029261414, 10.769115029261414] and parameters: {'k1': 6.615437365561391e-05, 'D_low': 532.1216007763549, 'k2': 0.0010293072560417134, 'D_high': 57.90964233881214, 'fire_exp': 4.557153230489669, 'P_half': 4.397766894483963, 'pre_dampen_half': 0.02253428262837267, 'gpp_af': 1.6296576926690896, 'gpp_b': 1.4423407153852965e-05, 'gpp_d': 668.5510162938966, 'ign_k': 5.766615111348428, 'ign_c': 0.8891936446296247}.
[I 2026-08-05 23:12:35,897] Trial 152 finished with values: [10.767052745395118, 10.767052745395118] and parameters: {'k1': 0.03232155805617897, 'D_low': 1.4002277211577039, 'k2': 4.763991596630584e-05, 'D_high': 6455.595882939566, 'fire_exp': 5.463881201328881, 'P_half': 14.94057723907974, 'pre_dampen_half': 2.292633983096564, 'gpp_af': 22.766850248686247, 'gpp_b': 0.6637926838138378, 'gpp_d': 891.8036602897795, 'ign_k': 0.18170401889219123, 'ign_c': 14.367095138664217}.
[I 2026-08-05 23:12:37,077] Trial 153 finished with values: [10.754235289590374, 10.754235289590374] and parameters: {'k1': 4.739584301027366e-05, 'D_low': 2.458603276328005, 'k2': 5.105542986365652e-05, 'D_high': 22.636544662054543, 'fire_exp': 1.3201882743050743, 'P_half': 69.68111190775313, 'pre_dampen_half': 0.10756440816904224, 'gpp_af': 35.20481045526041, 'gpp_b': 0.003510201564752293, 'gpp_d': 28.312234265202243, 'ign_k': 0.0014363112408604436, 'ign_c': 157.63098727399432}.
[I 2026-08-05 23:12:38,266] Trial 154 finished with values: [10.524216726818215, 10.524216726818215] and parameters: {'k1': 0.00013783578294796384, 'D_low': 29.89885508829526, 'k2': 1.831616544393272e-05, 'D_high': 1024.9816559563214, 'fire_exp': 1.0881360604103363, 'P_half': 10.226988730324324, 'pre_dampen_half': 75.44632385121258, 'gpp_af': 29.925002022877802, 'gpp_b': 0.011750724729953272, 'gpp_d': 4.5768578731086835, 'ign_k': 8.761971101023693, 'ign_c': 0.9294394155644988}.
[I 2026-08-05 23:12:39,439] Trial 155 finished with values: [10.768359584264696, 10.768359584264696] and parameters: {'k1': 0.00016536937182824412, 'D_low': 918.4900818511542, 'k2': 0.005456725485601475, 'D_high': 53514.70428717441, 'fire_exp': 5.463881201328881, 'P_half': 14.94057723907974, 'pre_dampen_half': 111.37963167994629, 'gpp_af': 35.20481045526041, 'gpp_b': 1.5938003265859821, 'gpp_d': 20.54051942538844, 'ign_k': 0.11101191524846071, 'ign_c': 12.03017887115466}.
[I 2026-08-05 23:12:40,563] Trial 156 finished with values: [10.7674379438633, 10.7674379438633] and parameters: {'k1': 0.006117912981900519, 'D_low': 29.89885508829526, 'k2': 2.316457903103837e-05, 'D_high': 267.3088310781672, 'fire_exp': 2.8398070613229245, 'P_half': 148.17820606039086, 'pre_dampen_half': 4.187466509282843, 'gpp_af': 0.15988721385117122, 'gpp_b': 0.011750724729953272, 'gpp_d': 859.8737339212263, 'ign_k': 0.0026834162496848666, 'ign_c': 19.19168994439752}.
[I 2026-08-05 23:12:41,688] Trial 157 finished with values: [10.768376935600898, 10.768376935600898] and parameters: {'k1': 7.841214856323651e-05, 'D_low': 12.172958098369968, 'k2': 0.02065142557895925, 'D_high': 400.9149428326862, 'fire_exp': 1.9095652801045373, 'P_half': 3669.20903969591, 'pre_dampen_half': 0.050654860639753524, 'gpp_af': 92.21975850381763, 'gpp_b': 2.800940363375676e-05, 'gpp_d': 859.8737339212263, 'ign_k': 1.2273800987852967, 'ign_c': 12.37061744238074}.
[I 2026-08-05 23:12:42,810] Trial 158 finished with values: [10.526758365313546, 10.526758365313546] and parameters: {'k1': 0.0017320535908244437, 'D_low': 4.051452710153359, 'k2': 3.5917714215176105e-05, 'D_high': 3660.150802571655, 'fire_exp': 1.5201277403788451, 'P_half': 13.019246714361572, 'pre_dampen_half': 304.7488318185732, 'gpp_af': 0.47739011308437823, 'gpp_b': 8.539677611488478e-05, 'gpp_d': 150.14555442537656, 'ign_k': 0.005877005203443299, 'ign_c': 0.9294394155644988}.
[I 2026-08-05 23:12:43,989] Trial 159 finished with values: [10.70598184193362, 10.70598184193362] and parameters: {'k1': 0.00488137519160367, 'D_low': 918.4900818511542, 'k2': 8.923807143379776e-05, 'D_high': 8182.111518618414, 'fire_exp': 2.2881850891698634, 'P_half': 5.342106255632175, 'pre_dampen_half': 14.711215379121963, 'gpp_af': 0.47739011308437823, 'gpp_b': 3.481277316673104e-05, 'gpp_d': 150.14555442537656, 'ign_k': 0.11101191524846071, 'ign_c': 10.140635645866492}.
[I 2026-08-05 23:12:45,107] Trial 160 finished with values: [10.708502923445108, 10.708502923445108] and parameters: {'k1': 0.03699867920489089, 'D_low': 2.1234210963705626, 'k2': 0.031211489608802344, 'D_high': 75773.14388518519, 'fire_exp': 1.151006986743773, 'P_half': 2799.899764723165, 'pre_dampen_half': 0.6199100007802261, 'gpp_af': 4.095062894476692, 'gpp_b': 0.0024194895091734425, 'gpp_d': 5.878566318396007, 'ign_k': 0.3818468247973969, 'ign_c': 0.5110256715654393}.
[I 2026-08-05 23:12:46,253] Trial 161 finished with values: [10.755988783815607, 10.755988783815607] and parameters: {'k1': 0.03232155805617897, 'D_low': 918.4900818511542, 'k2': 0.006138509947844854, 'D_high': 43033.06161410616, 'fire_exp': 2.2881850891698634, 'P_half': 395.22208819061166, 'pre_dampen_half': 53.73093479067421, 'gpp_af': 4.095062894476692, 'gpp_b': 1.5938003265859821, 'gpp_d': 368.30088529547436, 'ign_k': 0.11101191524846071, 'ign_c': 0.5110256715654393}.
[I 2026-08-05 23:12:47,381] Trial 162 finished with values: [10.574929635375174, 10.574929635375174] and parameters: {'k1': 3.252245757497282e-05, 'D_low': 1112.9571947046009, 'k2': 3.5917714215176105e-05, 'D_high': 8182.111518618414, 'fire_exp': 1.5201277403788451, 'P_half': 24.136213194527585, 'pre_dampen_half': 304.7488318185732, 'gpp_af': 0.47739011308437823, 'gpp_b': 3.481277316673104e-05, 'gpp_d': 150.14555442537656, 'ign_k': 0.019192001101561888, 'ign_c': 0.1457050032975653}.
[I 2026-08-05 23:12:48,489] Trial 163 finished with values: [10.769230769178105, 10.769230769178105] and parameters: {'k1': 0.0002656971546588439, 'D_low': 98.57545621889057, 'k2': 0.0026491056409715568, 'D_high': 6455.595882939566, 'fire_exp': 2.2881850891698634, 'P_half': 2431.135510629241, 'pre_dampen_half': 3.3594011166738142, 'gpp_af': 0.004339536161007625, 'gpp_b': 4.749990847441259, 'gpp_d': 0.6537496690081765, 'ign_k': 0.004937355303501836, 'ign_c': 386.4218705871767}.
[I 2026-08-05 23:12:49,662] Trial 164 finished with values: [10.595801675341075, 10.595801675341075] and parameters: {'k1': 0.025383218374507292, 'D_low': 18.522006003174383, 'k2': 0.0001870742013766025, 'D_high': 27.55546207779663, 'fire_exp': 1.010722707674549, 'P_half': 51.10120656497163, 'pre_dampen_half': 7.6110013825922485, 'gpp_af': 22.766850248686247, 'gpp_b': 0.6637926838138378, 'gpp_d': 891.8036602897795, 'ign_k': 0.031134168041628628, 'ign_c': 0.773448215664679}.
[I 2026-08-05 23:12:50,772] Trial 165 finished with values: [10.698084232535694, 10.698084232535694] and parameters: {'k1': 0.00012105387404469581, 'D_low': 2.458603276328005, 'k2': 3.5917714215176105e-05, 'D_high': 3660.150802571655, 'fire_exp': 1.5201277403788451, 'P_half': 2.157758652553991, 'pre_dampen_half': 76.86605275420082, 'gpp_af': 1.6595781802652418, 'gpp_b': 0.10123867001105968, 'gpp_d': 39.827466658711515, 'ign_k': 0.017654048052495083, 'ign_c': 0.9294394155644988}.
[I 2026-08-05 23:12:51,909] Trial 166 finished with values: [-0.509833325999111, 0.7419773508092805] and parameters: {'k1': 0.0029707920514735983, 'D_low': 4.051452710153359, 'k2': 0.0007081721844034209, 'D_high': 9769.756791866093, 'fire_exp': 1.0881360604103363, 'P_half': 10.226988730324324, 'pre_dampen_half': 304.7488318185732, 'gpp_af': 29.925002022877802, 'gpp_b': 0.011750724729953272, 'gpp_d': 857.4284557962634, 'ign_k': 0.03141110271934876, 'ign_c': 3.0378658251922155}.
[I 2026-08-05 23:12:53,093] Trial 167 finished with values: [10.688488945928666, 10.688488945928666] and parameters: {'k1': 0.01783192664937594, 'D_low': 2.1234210963705626, 'k2': 0.08790311296857814, 'D_high': 10316.033434719713, 'fire_exp': 2.3782613909771353, 'P_half': 12.808863354047988, 'pre_dampen_half': 76.86605275420082, 'gpp_af': 5.511863475708366, 'gpp_b': 0.003510201564752293, 'gpp_d': 1.105785410092522, 'ign_k': 0.0027847738314446878, 'ign_c': 8.671454322584175}.
[I 2026-08-05 23:12:54,231] Trial 168 finished with values: [10.702128077038344, 10.702128077038344] and parameters: {'k1': 0.00031510149123840285, 'D_low': 318.74227118134144, 'k2': 0.0010293072560417134, 'D_high': 26666.09148594752, 'fire_exp': 1.2680134752324452, 'P_half': 351.2704726270846, 'pre_dampen_half': 0.37306104754535907, 'gpp_af': 0.001339466259146302, 'gpp_b': 1.4423407153852965e-05, 'gpp_d': 300.3420512048734, 'ign_k': 5.766615111348428, 'ign_c': 0.11049703024154134}.
[I 2026-08-05 23:12:55,387] Trial 169 finished with values: [10.765340229347887, 10.765340229347887] and parameters: {'k1': 0.00324789183891923, 'D_low': 2.1234210963705626, 'k2': 0.08790311296857814, 'D_high': 42.13183643253958, 'fire_exp': 2.3782613909771353, 'P_half': 12.808863354047988, 'pre_dampen_half': 107.40052367919465, 'gpp_af': 5.511863475708366, 'gpp_b': 0.003510201564752293, 'gpp_d': 34.37107943937136, 'ign_k': 0.017654048052495083, 'ign_c': 8.671454322584175}.
[I 2026-08-05 23:12:56,559] Trial 170 finished with values: [10.596276392217833, 10.596276392217833] and parameters: {'k1': 0.021368329072358756, 'D_low': 730.952095351094, 'k2': 0.0001870742013766025, 'D_high': 10316.033434719713, 'fire_exp': 2.3782613909771353, 'P_half': 2.157758652553991, 'pre_dampen_half': 76.86605275420082, 'gpp_af': 20.12115544906385, 'gpp_b': 1.1008110571039521e-05, 'gpp_d': 340.229467527258, 'ign_k': 0.0467351899956275, 'ign_c': 0.773448215664679}.
[I 2026-08-05 23:12:57,756] Trial 171 finished with values: [10.716643534524788, 10.716643534524788] and parameters: {'k1': 0.00031510149123840285, 'D_low': 432.21095215763245, 'k2': 0.0010293072560417134, 'D_high': 26666.09148594752, 'fire_exp': 4.557153230489669, 'P_half': 4.484744524732794, 'pre_dampen_half': 0.02253428262837267, 'gpp_af': 1.6296576926690896, 'gpp_b': 0.00012797528816608022, 'gpp_d': 223.60515435267138, 'ign_k': 5.766615111348428, 'ign_c': 8.671454322584175}.
[I 2026-08-05 23:12:58,924] Trial 172 finished with values: [10.463682969311755, 10.463682969311755] and parameters: {'k1': 2.0937989739527727e-05, 'D_low': 1.2834648227562822, 'k2': 2.5461628161276896e-05, 'D_high': 233.52156626184438, 'fire_exp': 1.182396148413737, 'P_half': 4.397766894483963, 'pre_dampen_half': 703.6426675556048, 'gpp_af': 0.0025511964576171086, 'gpp_b': 3.228689523591491e-05, 'gpp_d': 0.13223503889537183, 'ign_k': 0.03141110271934876, 'ign_c': 0.7724824966785973}.
[I 2026-08-05 23:13:00,142] Trial 173 finished with values: [10.768014632503473, 10.768014632503473] and parameters: {'k1': 0.04897760278488444, 'D_low': 2.458603276328005, 'k2': 8.400384914559786e-05, 'D_high': 4870.47114134165, 'fire_exp': 2.3782613909771353, 'P_half': 2.157758652553991, 'pre_dampen_half': 76.86605275420082, 'gpp_af': 35.20481045526041, 'gpp_b': 0.003510201564752293, 'gpp_d': 0.012547369537891036, 'ign_k': 0.017654048052495083, 'ign_c': 9.34330265731847}.
[I 2026-08-05 23:13:01,312] Trial 174 finished with values: [10.714373686392284, 10.714373686392284] and parameters: {'k1': 0.00031510149123840285, 'D_low': 318.74227118134144, 'k2': 0.0010293072560417134, 'D_high': 26666.09148594752, 'fire_exp': 4.557153230489669, 'P_half': 4.484744524732794, 'pre_dampen_half': 0.02253428262837267, 'gpp_af': 1.6296576926690896, 'gpp_b': 1.4423407153852965e-05, 'gpp_d': 8.489417776525737, 'ign_k': 5.766615111348428, 'ign_c': 20.03995359361213}.
[I 2026-08-05 23:13:02,418] Trial 175 finished with values: [10.761358390173292, 10.761358390173292] and parameters: {'k1': 7.841214856323651e-05, 'D_low': 7126.727573532312, 'k2': 1.1184534120760473e-05, 'D_high': 75773.14388518519, 'fire_exp': 1.1044852285094786, 'P_half': 3669.20903969591, 'pre_dampen_half': 0.050654860639753524, 'gpp_af': 92.21975850381763, 'gpp_b': 2.800940363375676e-05, 'gpp_d': 5.878566318396007, 'ign_k': 1.2273800987852967, 'ign_c': 12.37061744238074}.
[I 2026-08-05 23:13:03,571] Trial 176 finished with values: [10.769086599547709, 10.769086599547709] and parameters: {'k1': 0.002971796631657383, 'D_low': 29.89885508829526, 'k2': 0.0007081721844034209, 'D_high': 9769.756791866093, 'fire_exp': 1.1044852285094786, 'P_half': 93.34064019986363, 'pre_dampen_half': 0.09467055845337147, 'gpp_af': 0.003315453261146913, 'gpp_b': 0.6302262847075769, 'gpp_d': 5.878566318396007, 'ign_k': 0.3818468247973969, 'ign_c': 6.160975294741436}.
[I 2026-08-05 23:13:04,739] Trial 177 finished with values: [10.714367422051401, 10.714367422051401] and parameters: {'k1': 2.0937989739527727e-05, 'D_low': 9.330007965781027, 'k2': 0.02065142557895925, 'D_high': 949.9072859745386, 'fire_exp': 1.0473002272689056, 'P_half': 63.585411411994926, 'pre_dampen_half': 1.6130673726933187, 'gpp_af': 0.04339970334001348, 'gpp_b': 2.800940363375676e-05, 'gpp_d': 0.03848886303127135, 'ign_k': 0.0037322156377670697, 'ign_c': 0.6235377135673155}.
[I 2026-08-05 23:13:05,957] Trial 178 finished with values: [10.726949938282285, 10.726949938282285] and parameters: {'k1': 0.00035868164986275477, 'D_low': 12.172958098369968, 'k2': 0.031211489608802344, 'D_high': 8241.92526487646, 'fire_exp': 1.9095652801045373, 'P_half': 12.808863354047988, 'pre_dampen_half': 0.050654860639753524, 'gpp_af': 5.511863475708366, 'gpp_b': 0.00011783328148730701, 'gpp_d': 859.8737339212263, 'ign_k': 0.03033111747878116, 'ign_c': 8.671454322584175}.
[I 2026-08-05 23:13:07,094] Trial 179 finished with values: [10.4998431703031, 10.4998431703031] and parameters: {'k1': 0.03232155805617897, 'D_low': 2.458603276328005, 'k2': 0.005456725485601475, 'D_high': 576.2487216478603, 'fire_exp': 1.324458134009935, 'P_half': 95.65499215943822, 'pre_dampen_half': 111.37963167994629, 'gpp_af': 11.234842109991876, 'gpp_b': 0.0003570095960030948, 'gpp_d': 20.54051942538844, 'ign_k': 0.11101191524846071, 'ign_c': 12.03017887115466}.
