[I 2026-06-11 13:05:26,037] Trial 139 finished with values: [10.735479188914743, 10.735479188914743] and parameters: {'k1': 5.7909642338812115e-05, 'D_low': 148.21691630007544, 'k2': 1.5178052094448868e-05, 'D_high': 30.357607606785333, 'fire_exp': 1.5191397119156032, 'P_half': 102.93072560417136, 'pre_dampen_half': 191.62369310763663, 'gpp_af': 1.9654778690222015, 'gpp_b': 9.497440085397415e-05, 'gpp_d': 0.02253428262837267, 'ign_k': 0.371259104528773, 'ign_c': 22.126836566118193, 'trop_agb_crit': 7.332660227137139, 'trop_k_veg': 6.778288138489648, 'fire_amp': 1.147839669817869}.
[I 2026-06-11 13:05:27,002] Trial 140 finished with values: [10.766452667849984, 10.766452667849984] and parameters: {'k1': 5.7909642338812115e-05, 'D_low': 1216.4139351417061, 'k2': 1.97778285124627e-05, 'D_high': 271.55819552829405, 'fire_exp': 1.9553708662745248, 'P_half': 2834.090429514774, 'pre_dampen_half': 1.8469033699850426, 'gpp_af': 0.028888383623653185, 'gpp_b': 0.0015782327810795573, 'gpp_d': 1.9069966103000422, 'ign_k': 0.01998634077852888, 'ign_c': 0.4177928311636542, 'trop_agb_crit': 8.74479618932312, 'trop_k_veg': 5.85168037586392, 'fire_amp': 2.330529660087218}.
[I 2026-06-11 13:05:27,935] Trial 141 finished with values: [10.75521792366288, 10.75521792366288] and parameters: {'k1': 0.00026539376439360527, 'D_low': 12.172958098369968, 'k2': 0.08661811390647982, 'D_high': 267.3088310781672, 'fire_exp': 1.0812994412809738, 'P_half': 1.4551749476072258, 'pre_dampen_half': 0.050654860639753524, 'gpp_af': 3.030008727251782, 'gpp_b': 2.800940363375676e-05, 'gpp_d': 859.8737339212263, 'ign_k': 0.8945150807271531, 'ign_c': 16.497426799845446, 'trop_agb_crit': 1.8023542850487386, 'trop_k_veg': 1.6003641872536711, 'fire_amp': 1.4475279918261055}.
[I 2026-06-11 13:05:28,866] Trial 142 finished with values: [10.769173513078842, 10.769173513078842] and parameters: {'k1': 5.7909642338812115e-05, 'D_low': 1.4002277211577039, 'k2': 0.0002442377596403892, 'D_high': 8912.611835817017, 'fire_exp': 1.5315561686017187, 'P_half': 2.969335773129636, 'pre_dampen_half': 1.8469033699850426, 'gpp_af': 0.005061568304359487, 'gpp_b': 1.8400604093141188, 'gpp_d': 1.0088237648985734, 'ign_k': 0.17320535908244444, 'ign_c': 2.2882309479728957, 'trop_agb_crit': 1.8285200278523417, 'trop_k_veg': 5.453348988480011, 'fire_amp': 3.1045399027418377}.
[I 2026-06-11 13:05:29,768] Trial 143 finished with values: [10.720044974869822, 10.720044974869822] and parameters: {'k1': 5.7909642338812115e-05, 'D_low': 1216.4139351417061, 'k2': 0.0007731571570012607, 'D_high': 271.55819552829405, 'fire_exp': 1.305777134899723, 'P_half': 2.969335773129636, 'pre_dampen_half': 1.8469033699850426, 'gpp_af': 1.3954498518315706, 'gpp_b': 2.4063018320720924e-05, 'gpp_d': 0.3588488911386258, 'ign_k': 0.01998634077852888, 'ign_c': 1.3431925993528124, 'trop_agb_crit': 1.8285200278523417, 'trop_k_veg': 5.85168037586392, 'fire_amp': 2.330529660087218}.
[I 2026-06-11 13:05:30,697] Trial 144 finished with values: [10.331244817761243, 10.331244817761243] and parameters: {'k1': 0.00023134781612225627, 'D_low': 148.21691630007544, 'k2': 0.0001280886335404798, 'D_high': 32311.521854410956, 'fire_exp': 1.5191397119156032, 'P_half': 5.4712187293420325, 'pre_dampen_half': 42.05657072871069, 'gpp_af': 0.10098504976210308, 'gpp_b': 0.004411400434514031, 'gpp_d': 0.1619054449471649, 'ign_k': 0.002357279455676982, 'ign_c': 22.126836566118193, 'trop_agb_crit': 1.2489332852689512, 'trop_k_veg': 0.5535297685306277, 'fire_amp': 1.5719333351012774}.
[I 2026-06-11 13:05:31,622] Trial 145 finished with values: [10.727883166367706, 10.727883166367706] and parameters: {'k1': 5.7909642338812115e-05, 'D_low': 1739.6167422846984, 'k2': 0.00018245734513362482, 'D_high': 44974.07193749848, 'fire_exp': 1.5191397119156032, 'P_half': 4303.306161410612, 'pre_dampen_half': 8.259599205585761, 'gpp_af': 0.10098504976210308, 'gpp_b': 0.0172563028569556, 'gpp_d': 89.87022400646487, 'ign_k': 0.004105873950290761, 'ign_c': 22.126836566118193, 'trop_agb_crit': 3.5874145253515306, 'trop_k_veg': 2.724170387400844, 'fire_amp': 2.818314238665462}.
[I 2026-06-11 13:05:32,553] Trial 146 finished with values: [10.765681129009831, 10.765681129009831] and parameters: {'k1': 0.03648456083047798, 'D_low': 450.9719064153485, 'k2': 0.019383858782150494, 'D_high': 6682.9607218310075, 'fire_exp': 1.2060040899560858, 'P_half': 2.226799690893868, 'pre_dampen_half': 0.3924302839842014, 'gpp_af': 0.060029341913968644, 'gpp_b': 2.3386439256208704, 'gpp_d': 9.482548804624958, 'ign_k': 0.0018548376790967168, 'ign_c': 99.96359851911319, 'trop_agb_crit': 1.9475582306295418, 'trop_k_veg': 2.99731137426955, 'fire_amp': 5.696789701683185}.
[I 2026-06-11 13:05:33,568] Trial 147 finished with values: [10.768527098457458, 10.768527098457458] and parameters: {'k1': 0.032270237615157994, 'D_low': 13.012518385211498, 'k2': 8.968733598183248e-05, 'D_high': 22.636544662054543, 'fire_exp': 2.3820146568432237, 'P_half': 70.91190338709636, 'pre_dampen_half': 0.10756440816904224, 'gpp_af': 5.470750401264765, 'gpp_b': 0.002416023630607169, 'gpp_d': 0.1448983619020909, 'ign_k': 3.965503094323014, 'ign_c': 3.4321391362415827, 'trop_agb_crit': 8.462233625364036, 'trop_k_veg': 0.5183533149347164, 'fire_amp': 1.1655705619308396}.
[I 2026-06-11 13:05:34,471] Trial 148 finished with values: [10.765509311664626, 10.765509311664626] and parameters: {'k1': 5.7909642338812115e-05, 'D_low': 13.012518385211498, 'k2': 0.0007731571570012607, 'D_high': 22.636544662054543, 'fire_exp': 1.9136159174067866, 'P_half': 318.834644588275, 'pre_dampen_half': 0.10756440816904224, 'gpp_af': 1.3954498518315706, 'gpp_b': 0.010483435442445016, 'gpp_d': 1.0088237648985734, 'ign_k': 1.636529060071807, 'ign_c': 1.3431925993528124, 'trop_agb_crit': 8.462233625364036, 'trop_k_veg': 5.453348988480011, 'fire_amp': 4.783836175730692}.
[I 2026-06-11 13:05:35,372] Trial 149 finished with values: [10.415828496542774, 10.415828496542774] and parameters: {'k1': 0.0001887567630782227, 'D_low': 236.79352040223893, 'k2': 0.005204862686958021, 'D_high': 18108.14362107968, 'fire_exp': 1.9136159174067866, 'P_half': 2.226799690893868, 'pre_dampen_half': 269.0845367054866, 'gpp_af': 0.8594202650742228, 'gpp_b': 0.049565458633074926, 'gpp_d': 47.35384181058586, 'ign_k': 0.0032383308053152635, 'ign_c': 1.3431925993528124, 'trop_agb_crit': 3.438084743887884, 'trop_k_veg': 4.0068236274914755, 'fire_amp': 2.7806853670293616}.
[I 2026-06-11 13:05:36,275] Trial 150 finished with values: [10.147523511443733, 10.147523511443733] and parameters: {'k1': 0.03648456083047798, 'D_low': 236.79352040223893, 'k2': 0.02065142557895925, 'D_high': 6682.9607218310075, 'fire_exp': 1.0812994412809738, 'P_half': 2.226799690893868, 'pre_dampen_half': 4.847666216751353, 'gpp_af': 0.060029341913968644, 'gpp_b': 2.800940363375676e-05, 'gpp_d': 1.4397852866783676, 'ign_k': 0.0032383308053152635, 'ign_c': 1.364908766641693, 'trop_agb_crit': 8.0091368834625, 'trop_k_veg': 2.99731137426955, 'fire_amp': 1.5180207449214471}.
[I 2026-06-11 13:05:37,224] Trial 151 finished with values: [10.590420918419296, 10.590420918419296] and parameters: {'k1': 0.00023134781612225627, 'D_low': 1.7551403048208316, 'k2': 0.0001280886335404798, 'D_high': 24.9899605789089, 'fire_exp': 1.811096651915224, 'P_half': 9.580682294110435, 'pre_dampen_half': 121.93011993958949, 'gpp_af': 0.07118041471054574, 'gpp_b': 1.4008921101492135e-05, 'gpp_d': 0.1619054449471649, 'ign_k': 0.002357279455676982, 'ign_c': 7.081721844034206, 'trop_agb_crit': 21.086120736447015, 'trop_k_veg': 0.5183533149347164, 'fire_amp': 1.5719333351012774}.
[I 2026-06-11 13:05:38,127] Trial 152 finished with values: [10.50966662242486, 10.50966662242486] and parameters: {'k1': 5.7909642338812115e-05, 'D_low': 1.4002277211577039, 'k2': 0.0007731571570012607, 'D_high': 30227.031291375773, 'fire_exp': 1.41873960828944, 'P_half': 1265.0580856641704, 'pre_dampen_half': 16.009350908593582, 'gpp_af': 0.41874665092828456, 'gpp_b': 1.3415796596713932e-05, 'gpp_d': 1.0088237648985734, 'ign_k': 0.17320535908244444, 'ign_c': 7.081721844034206, 'trop_agb_crit': 1.8566494291193822, 'trop_k_veg': 5.453348988480011, 'fire_amp': 1.5719333351012774}.
[I 2026-06-11 13:05:39,033] Trial 153 finished with values: [10.646377894385795, 10.646377894385795] and parameters: {'k1': 0.014666151770108535, 'D_low': 1440.3650379563878, 'k2': 1.1417577140741129e-05, 'D_high': 29.126651668813768, 'fire_exp': 1.14171776851287, 'P_half': 157.80309954142965, 'pre_dampen_half': 1.6130673726933187, 'gpp_af': 27.448645214004376, 'gpp_b': 0.006999112505425414, 'gpp_d': 236.32429088389833, 'ign_k': 0.09256855841989636, 'ign_c': 13.054148118849394, 'trop_agb_crit': 1.8023542850487386, 'trop_k_veg': 1.6648666152166967, 'fire_amp': 2.042193818779288}.
[I 2026-06-11 13:05:39,966] Trial 154 finished with values: [10.235095275579093, 10.235095275579093] and parameters: {'k1': 0.05705198955850472, 'D_low': 1739.6167422846984, 'k2': 0.01567230746060024, 'D_high': 44974.07193749848, 'fire_exp': 3.2459542834651627, 'P_half': 101.40635645866499, 'pre_dampen_half': 98.05638874011484, 'gpp_af': 1.7775411110039254, 'gpp_b': 0.16285506249643175, 'gpp_d': 95.2715755007094, 'ign_k': 3.6309591863459096, 'ign_c': 2.2489542843914485, 'trop_agb_crit': 3.5874145253515306, 'trop_k_veg': 0.6488368931910606, 'fire_amp': 2.818314238665462}.
[I 2026-06-11 13:05:40,867] Trial 155 finished with values: [10.617483561631797, 10.617483561631797] and parameters: {'k1': 0.012840669372724958, 'D_low': 171.2446447678494, 'k2': 0.00037358626308127543, 'D_high': 36998.679204890876, 'fire_exp': 1.305777134899723, 'P_half': 2834.090429514774, 'pre_dampen_half': 1.8469033699850426, 'gpp_af': 0.04513257622008944, 'gpp_b': 2.176805640408474e-05, 'gpp_d': 0.3588488911386258, 'ign_k': 0.01998634077852888, 'ign_c': 0.4177928311636542, 'trop_agb_crit': 12.647327018493208, 'trop_k_veg': 5.85168037586392, 'fire_amp': 2.330529660087218}.
[I 2026-06-11 13:05:41,784] Trial 156 finished with values: [10.722632532946504, 10.722632532946504] and parameters: {'k1': 0.0029067012153229104, 'D_low': 347.03605955441515, 'k2': 1.5178052094448868e-05, 'D_high': 315.101491238403, 'fire_exp': 1.305777134899723, 'P_half': 2834.090429514774, 'pre_dampen_half': 1.8469033699850426, 'gpp_af': 0.04513257622008944, 'gpp_b': 9.497440085397415e-05, 'gpp_d': 0.3588488911386258, 'ign_k': 0.01998634077852888, 'ign_c': 0.4177928311636542, 'trop_agb_crit': 8.74479618932312, 'trop_k_veg': 5.85168037586392, 'fire_amp': 2.804180410489304}.
[I 2026-06-11 13:05:42,733] Trial 157 finished with values: [10.72291898866317, 10.72291898866317] and parameters: {'k1': 0.012840669372724958, 'D_low': 171.2446447678494, 'k2': 0.0499774937030317, 'D_high': 42210.21267871043, 'fire_exp': 1.2918065501148304, 'P_half': 61.6097529474144, 'pre_dampen_half': 1.8469033699850426, 'gpp_af': 97.64961889396923, 'gpp_b': 0.03719354588132657, 'gpp_d': 0.1619054449471649, 'ign_k': 0.17320535908244444, 'ign_c': 0.4177928311636542, 'trop_agb_crit': 2.0527418919564324, 'trop_k_veg': 5.453348988480011, 'fire_amp': 1.8357623383234334}.
[I 2026-06-11 13:05:43,638] Trial 158 finished with values: [-0.49428465742364114, 0.11187455217645548] and parameters: {'k1': 3.609310926766545e-05, 'D_low': 1121.5915868662764, 'k2': 0.003767022142229395, 'D_high': 252.84086172415604, 'fire_exp': 1.4848387260494937, 'P_half': 12.280874862135363, 'pre_dampen_half': 170.71098124594695, 'gpp_af': 1.9706963379095486, 'gpp_b': 0.00012118589392553798, 'gpp_d': 96.93415502195788, 'ign_k': 0.012480180965117606, 'ign_c': 48.704711413416454, 'trop_agb_crit': 11.664190932505923, 'trop_k_veg': 4.989748894578724, 'fire_amp': 3.1543496524370136}.
[I 2026-06-11 13:05:44,557] Trial 159 finished with values: [10.769230767309447, 10.769230767309447] and parameters: {'k1': 0.005967518552547517, 'D_low': 148.21691630007544, 'k2': 0.0001016707987819611, 'D_high': 241.42596390104578, 'fire_exp': 5.850436756059748, 'P_half': 4303.306161410612, 'pre_dampen_half': 8.259599205585761, 'gpp_af': 0.10098504976210308, 'gpp_b': 0.005916090676703775, 'gpp_d': 545.0253444559129, 'ign_k': 0.004105873950290761, 'ign_c': 22.126836566118193, 'trop_agb_crit': 5.588032458772675, 'trop_k_veg': 2.724170387400844, 'fire_amp': 2.054769179924021}.
[I 2026-06-11 13:05:45,513] Trial 160 finished with values: [10.731831548826149, 10.731831548826149] and parameters: {'k1': 5.178197947282869e-05, 'D_low': 171.2446447678494, 'k2': 8.968733598183248e-05, 'D_high': 42210.21267871043, 'fire_exp': 1.7505406131449859, 'P_half': 9.580682294110435, 'pre_dampen_half': 4.603480758878793, 'gpp_af': 14.161176080022173, 'gpp_b': 0.0004125336560355494, 'gpp_d': 0.7698760608299932, 'ign_k': 0.00660597889201953, 'ign_c': 1.4879588507789996, 'trop_agb_crit': 21.086120736447015, 'trop_k_veg': 0.5183533149347164, 'fire_amp': 1.2393473789150806}.
[I 2026-06-11 13:05:46,448] Trial 161 finished with values: [10.768763491051834, 10.768763491051834] and parameters: {'k1': 9.132348475718357e-05, 'D_low': 50.32059347286801, 'k2': 3.277320296937061e-05, 'D_high': 32.52245757497283, 'fire_exp': 1.41873960828944, 'P_half': 83.08114652888392, 'pre_dampen_half': 0.2774295811500811, 'gpp_af': 0.008117091133892173, 'gpp_b': 0.0011857788502887916, 'gpp_d': 2.5450745565416026, 'ign_k': 0.13500744867919376, 'ign_c': 46.798394497739366, 'trop_agb_crit': 1.7969555911761859, 'trop_k_veg': 0.8521362768401355, 'fire_amp': 1.1202509284327942}.
[I 2026-06-11 13:05:47,397] Trial 162 finished with values: [10.407001322065542, 10.407001322065542] and parameters: {'k1': 5.7909642338812115e-05, 'D_low': 1.4002277211577039, 'k2': 0.0007731571570012607, 'D_high': 1817.0401889219124, 'fire_exp': 1.1633452995374232, 'P_half': 1265.0580856641704, 'pre_dampen_half': 1.8469033699850426, 'gpp_af': 0.41874665092828456, 'gpp_b': 0.004411400434514031, 'gpp_d': 1.0088237648985734, 'ign_k': 0.17320535908244444, 'ign_c': 0.4177928311636542, 'trop_agb_crit': 1.8566494291193822, 'trop_k_veg': 5.453348988480011, 'fire_amp': 5.44779717154213}.
[I 2026-06-11 13:05:48,345] Trial 163 finished with values: [10.240744523767674, 10.240744523767674] and parameters: {'k1': 0.0032360993995751053, 'D_low': 12.105387404469584, 'k2': 0.003767022142229395, 'D_high': 1817.0401889219124, 'fire_exp': 1.0601964743503993, 'P_half': 1265.0580856641704, 'pre_dampen_half': 1.8469033699850426, 'gpp_af': 0.41874665092828456, 'gpp_b': 1.4540386644083135e-05, 'gpp_d': 46.010874324515754, 'ign_k': 0.17320535908244444, 'ign_c': 0.4177928311636542, 'trop_agb_crit': 1.0693376406863295, 'trop_k_veg': 5.636143940068465, 'fire_amp': 5.831305332032283}.
[I 2026-06-11 13:05:49,278] Trial 164 finished with values: [10.758854287428406, 10.758854287428406] and parameters: {'k1': 0.00035868164986275477, 'D_low': 1739.6167422846984, 'k2': 0.01183296705746878, 'D_high': 44974.07193749848, 'fire_exp': 3.2459542834651627, 'P_half': 148.17820606039086, 'pre_dampen_half': 0.050654860639753524, 'gpp_af': 1.7775411110039254, 'gpp_b': 2.800940363375676e-05, 'gpp_d': 95.2715755007094, 'ign_k': 3.6309591863459096, 'ign_c': 0.6235377135673155, 'trop_agb_crit': 4.140875693557523, 'trop_k_veg': 0.6488368931910606, 'fire_amp': 2.818314238665462}.
[I 2026-06-11 13:05:50,227] Trial 165 finished with values: [10.519957089745255, 10.519957089745255] and parameters: {'k1': 0.0004846497679219079, 'D_low': 15.0613200804335, 'k2': 0.08661811390647982, 'D_high': 69868.4759244566, 'fire_exp': 1.111738490499784, 'P_half': 45.55085098454082, 'pre_dampen_half': 2.736251365128462, 'gpp_af': 29.700320404259642, 'gpp_b': 0.010307896803108956, 'gpp_d': 7.631016235941559, 'ign_k': 0.001229921046579313, 'ign_c': 99.96359851911319, 'trop_agb_crit': 1.8023542850487386, 'trop_k_veg': 6.030247256556128, 'fire_amp': 1.4475279918261055}.
[I 2026-06-11 13:05:51,142] Trial 166 finished with values: [10.756806566420536, 10.756806566420536] and parameters: {'k1': 0.012840669372724958, 'D_low': 171.2446447678494, 'k2': 0.008919267853250165, 'D_high': 42210.21267871043, 'fire_exp': 4.2769938521987285, 'P_half': 61.6097529474144, 'pre_dampen_half': 4.603480758878793, 'gpp_af': 0.2204465010099918, 'gpp_b': 0.0004125336560355494, 'gpp_d': 0.09467055845337147, 'ign_k': 0.0029519227433917453, 'ign_c': 1.9423015749984096, 'trop_agb_crit': 12.647327018493208, 'trop_k_veg': 2.520089655463604, 'fire_amp': 5.606809127618709}.
[I 2026-06-11 13:05:52,075] Trial 167 finished with values: [-0.5968171872828322, 0.13172575942546794] and parameters: {'k1': 3.609310926766545e-05, 'D_low': 1121.5915868662764, 'k2': 0.00037358626308127543, 'D_high': 1266.9536563782303, 'fire_exp': 1.4848387260494937, 'P_half': 93.43302657318476, 'pre_dampen_half': 170.71098124594695, 'gpp_af': 0.015627364027979502, 'gpp_b': 2.176805640408474e-05, 'gpp_d': 0.09467055845337147, 'ign_k': 0.0029519227433917453, 'ign_c': 39.52220881906114, 'trop_agb_crit': 12.647327018493208, 'trop_k_veg': 4.989748894578724, 'fire_amp': 3.1543496524370136}.
[I 2026-06-11 13:05:53,012] Trial 168 finished with values: [10.741777345252661, 10.741777345252661] and parameters: {'k1': 0.0071350717305711155, 'D_low': 3809.1436474916286, 'k2': 0.0001016707987819611, 'D_high': 1266.9536563782303, 'fire_exp': 1.4848387260494937, 'P_half': 61.6097529474144, 'pre_dampen_half': 8.259599205585761, 'gpp_af': 0.016306190741524337, 'gpp_b': 5.0875243087016374e-05, 'gpp_d': 7.631016235941559, 'ign_k': 0.004105873950290761, 'ign_c': 1.9423015749984096, 'trop_agb_crit': 1.456074715900995, 'trop_k_veg': 1.2396985988794134, 'fire_amp': 1.4475279918261055}.
[I 2026-06-11 13:05:54,044] Trial 169 finished with values: [10.76916604787865, 10.76916604787865] and parameters: {'k1': 6.784924519083143e-05, 'D_low': 1.2768174677433957, 'k2': 5.3179192728079285e-05, 'D_high': 22.636544662054543, 'fire_exp': 2.638909828216385, 'P_half': 3721.2328343722993, 'pre_dampen_half': 0.10756440816904224, 'gpp_af': 0.05117840638194652, 'gpp_b': 0.0003601974223479835, 'gpp_d': 0.7915202694013532, 'ign_k': 0.22970993031159073, 'ign_c': 1.181012687693568, 'trop_agb_crit': 8.354945434478699, 'trop_k_veg': 0.5183533149347164, 'fire_amp': 1.1655705619308396}.
[I 2026-06-11 13:05:54,972] Trial 170 finished with values: [10.309675902871643, 10.309675902871643] and parameters: {'k1': 0.00026539376439360527, 'D_low': 1074.940539517341, 'k2': 0.032141234030334316, 'D_high': 262.11304189124235, 'fire_exp': 1.111738490499784, 'P_half': 12.262543158860007, 'pre_dampen_half': 170.71098124594695, 'gpp_af': 3.298293484806585, 'gpp_b': 0.00012118589392553798, 'gpp_d': 96.93415502195788, 'ign_k': 0.012480180965117606, 'ign_c': 1.4091459170104739, 'trop_agb_crit': 1.8023542850487386, 'trop_k_veg': 4.989748894578724, 'fire_amp': 2.042193818779288}.
[I 2026-06-11 13:05:55,904] Trial 171 finished with values: [10.76246434525319, 10.76246434525319] and parameters: {'k1': 0.012840669372724958, 'D_low': 171.2446447678494, 'k2': 0.08661811390647982, 'D_high': 1266.9536563782303, 'fire_exp': 1.2918065501148304, 'P_half': 1.4551749476072258, 'pre_dampen_half': 0.011396414164620812, 'gpp_af': 37.28155624293858, 'gpp_b': 2.176805640408474e-05, 'gpp_d': 0.03927259340973166, 'ign_k': 0.09256855841989636, 'ign_c': 7.832259769732471, 'trop_agb_crit': 1.8023542850487386, 'trop_k_veg': 1.6648666152166967, 'fire_amp': 5.606809127618709}.
[I 2026-06-11 13:05:56,837] Trial 172 finished with values: [10.28262366157295, 10.28262366157295] and parameters: {'k1': 0.00026539376439360527, 'D_low': 1074.940539517341, 'k2': 1.1417577140741129e-05, 'D_high': 29.126651668813768, 'fire_exp': 1.9783727454920947, 'P_half': 1.4551749476072258, 'pre_dampen_half': 30.456909077772018, 'gpp_af': 1.3954498518315706, 'gpp_b': 0.006999112505425414, 'gpp_d': 47.35384181058586, 'ign_k': 0.09256855841989636, 'ign_c': 7.832259769732471, 'trop_agb_crit': 1.8023542850487386, 'trop_k_veg': 1.6648666152166967, 'fire_amp': 4.2446263054164195}.
[I 2026-06-11 13:05:57,754] Trial 173 finished with values: [10.74137087471272, 10.74137087471272] and parameters: {'k1': 0.012840669372724958, 'D_low': 236.79352040223893, 'k2': 0.019383858782150494, 'D_high': 6682.9607218310075, 'fire_exp': 4.2769938521987285, 'P_half': 2.226799690893868, 'pre_dampen_half': 4.847666216751353, 'gpp_af': 0.014724438934285355, 'gpp_b': 0.001674375583895437, 'gpp_d': 1.4397852866783676, 'ign_k': 0.0032383308053152635, 'ign_c': 39.52220881906114, 'trop_agb_crit': 12.9667438075127, 'trop_k_veg': 0.5618951132741115, 'fire_amp': 2.7806853670293616}.
[I 2026-06-11 13:05:58,737] Trial 174 finished with values: [10.475124474959223, 10.475124474959223] and parameters: {'k1': 0.03648456083047798, 'D_low': 148.21691630007544, 'k2': 0.019383858782150494, 'D_high': 6682.9607218310075, 'fire_exp': 1.2060040899560858, 'P_half': 4303.306161410612, 'pre_dampen_half': 8.259599205585761, 'gpp_af': 0.10098504976210308, 'gpp_b': 0.001674375583895437, 'gpp_d': 545.0253444559129, 'ign_k': 0.0032383308053152635, 'ign_c': 1.364908766641693, 'trop_agb_crit': 5.588032458772675, 'trop_k_veg': 2.724170387400844, 'fire_amp': 2.7806853670293616}.
[I 2026-06-11 13:05:59,669] Trial 175 finished with values: [10.729746497451597, 10.729746497451597] and parameters: {'k1': 0.012840669372724958, 'D_low': 171.2446447678494, 'k2': 0.00037358626308127543, 'D_high': 36998.679204890876, 'fire_exp': 4.2769938521987285, 'P_half': 93.43302657318476, 'pre_dampen_half': 30.697381831179275, 'gpp_af': 0.2204465010099918, 'gpp_b': 2.176805640408474e-05, 'gpp_d': 0.09467055845337147, 'ign_k': 0.0029519227433917453, 'ign_c': 39.52220881906114, 'trop_agb_crit': 12.647327018493208, 'trop_k_veg': 2.520089655463604, 'fire_amp': 5.606809127618709}.
