[I 2026-08-06 10:53:30,228] Trial 563 finished with values: [-0.5629382416707615, 0.09931254658473687] and parameters: {'k1': 0.008912611835817005, 'D_low': 1.3577269394141454, 'k2': 1.1065812688893481e-05, 'D_high': 21.947742689197344, 'fire_exp': 1.3170256885255098, 'P_half': 221.2683656611821, 'pre_dampen_half': 63.6685916079943, 'gpp_af': 1.6059727222314273, 'gpp_b': 3.481277316673104e-05, 'gpp_d': 229.41380323183625, 'ign_k': 0.01364908766641695, 'ign_c': 3.470490935437501, 'trop_agb_crit': 10.691477813613638, 'trop_k_veg': 2.520089655463604}.
[I 2026-08-06 10:53:31,276] Trial 564 finished with values: [10.58371318852981, 10.58371318852981] and parameters: {'k1': 0.01889771394135163, 'D_low': 7.299348683062307, 'k2': 0.003767022142229395, 'D_high': 21.947742689197344, 'fire_exp': 1.0601964743503993, 'P_half': 221.2683656611821, 'pre_dampen_half': 5.048653998722947, 'gpp_af': 1.2389588752305056, 'gpp_b': 0.0054502936945582505, 'gpp_d': 84.31013932082456, 'ign_k': 3.589155871450839, 'ign_c': 5.13055176058983, 'trop_agb_crit': 1.0903028125370984, 'trop_k_veg': 5.580504276549027}.
[I 2026-08-06 10:53:32,353] Trial 565 finished with values: [10.446053535615132, 10.446053535615132] and parameters: {'k1': 0.008912611835817005, 'D_low': 8.916066514644358, 'k2': 8.923807143379776e-05, 'D_high': 8182.111518618414, 'fire_exp': 1.221575427404682, 'P_half': 56.22114524476698, 'pre_dampen_half': 63.6685916079943, 'gpp_af': 1.2389588752305056, 'gpp_b': 0.0005739662837359252, 'gpp_d': 84.31013932082456, 'ign_k': 0.019192001101561888, 'ign_c': 1.9580595319750387, 'trop_agb_crit': 8.997007571451054, 'trop_k_veg': 1.0594599158279707}.
[I 2026-08-06 10:53:33,430] Trial 566 finished with values: [-0.5956481309059345, 0.07986812352672268] and parameters: {'k1': 0.00488137519160367, 'D_low': 520.4862686958022, 'k2': 8.923807143379776e-05, 'D_high': 8182.111518618414, 'fire_exp': 1.221575427404682, 'P_half': 712.8188058401365, 'pre_dampen_half': 719.4083432823455, 'gpp_af': 5.335773317316405, 'gpp_b': 0.01666658176842624, 'gpp_d': 82.84476373292449, 'ign_k': 2.5253810447657927, 'ign_c': 5.13055176058983, 'trop_agb_crit': 7.628718523810018, 'trop_k_veg': 2.4336356947036335}.
[I 2026-08-06 10:53:34,523] Trial 567 finished with values: [10.412229755425159, 10.412229755425159] and parameters: {'k1': 0.002155595057104387, 'D_low': 40.52505887227999, 'k2': 1.1065812688893481e-05, 'D_high': 1236.6924205139144, 'fire_exp': 1.2611826901294014, 'P_half': 5.29551022369202, 'pre_dampen_half': 63.6685916079943, 'gpp_af': 1.9706963379095486, 'gpp_b': 0.0054502936945582505, 'gpp_d': 757.2868182332339, 'ign_k': 0.1550134937334847, 'ign_c': 1.9580595319750387, 'trop_agb_crit': 6.119263728555865, 'trop_k_veg': 0.6673124511410327}.
[I 2026-08-06 10:53:35,567] Trial 568 finished with values: [10.579132016342877, 10.579132016342877] and parameters: {'k1': 2.316457903103837e-05, 'D_low': 7.299348683062307, 'k2': 8.923807143379776e-05, 'D_high': 774.2116473996249, 'fire_exp': 1.1263716762638152, 'P_half': 140.74279366401683, 'pre_dampen_half': 63.6685916079943, 'gpp_af': 5.335773317316405, 'gpp_b': 0.22727308251068193, 'gpp_d': 2.944272359149677, 'ign_k': 0.019192001101561888, 'ign_c': 1.9580595319750387, 'trop_agb_crit': 7.628718523810018, 'trop_k_veg': 2.5878603012249104}.
[I 2026-08-06 10:53:36,645] Trial 569 finished with values: [10.260490517789401, 10.260490517789401] and parameters: {'k1': 0.01889771394135163, 'D_low': 40.52505887227999, 'k2': 0.003767022142229395, 'D_high': 3346.220103048382, 'fire_exp': 1.1263716762638152, 'P_half': 221.2683656611821, 'pre_dampen_half': 5.048653998722947, 'gpp_af': 1.2389588752305056, 'gpp_b': 0.0005739662837359252, 'gpp_d': 757.2868182332339, 'ign_k': 0.0036065195493704487, 'ign_c': 5.13055176058983, 'trop_agb_crit': 1.0903028125370984, 'trop_k_veg': 5.580504276549027}.
[I 2026-08-06 10:53:37,722] Trial 570 finished with values: [10.515962889810638, 10.515962889810638] and parameters: {'k1': 0.01889771394135163, 'D_low': 7.299348683062307, 'k2': 1.1065812688893481e-05, 'D_high': 21.947742689197344, 'fire_exp': 1.5185721648966928, 'P_half': 102.4585893986732, 'pre_dampen_half': 5.048653998722947, 'gpp_af': 1.9706963379095486, 'gpp_b': 0.0054502936945582505, 'gpp_d': 14.792055086678463, 'ign_k': 0.07091190338709638, 'ign_c': 1.9580595319750387, 'trop_agb_crit': 7.500118950416987, 'trop_k_veg': 1.0594599158279707}.
[I 2026-08-06 10:53:38,798] Trial 571 finished with values: [10.100925335503435, 10.100925335503435] and parameters: {'k1': 0.00488137519160367, 'D_low': 520.4862686958022, 'k2': 8.923807143379776e-05, 'D_high': 78.57247967427125, 'fire_exp': 1.221575427404682, 'P_half': 712.8188058401365, 'pre_dampen_half': 331.7366635899375, 'gpp_af': 1.9706963379095486, 'gpp_b': 0.01666658176842624, 'gpp_d': 82.84476373292449, 'ign_k': 2.615413574494962, 'ign_c': 5.13055176058983, 'trop_agb_crit': 7.628718523810018, 'trop_k_veg': 2.4336356947036335}.
[I 2026-08-06 10:53:39,877] Trial 572 finished with values: [-0.5851438499786633, 0.11835330259407628] and parameters: {'k1': 0.008912611835817005, 'D_low': 40.52505887227999, 'k2': 8.923807143379776e-05, 'D_high': 8182.111518618414, 'fire_exp': 1.2611826901294014, 'P_half': 4.213183643253957, 'pre_dampen_half': 234.12640025944248, 'gpp_af': 1.6059727222314273, 'gpp_b': 0.0005739662837359252, 'gpp_d': 2.944272359149677, 'ign_k': 0.060759029110813774, 'ign_c': 30.785541778315018, 'trop_agb_crit': 8.997007571451054, 'trop_k_veg': 4.030242248006271}.
[I 2026-08-06 10:53:40,934] Trial 573 finished with values: [10.632200717461197, 10.632200717461197] and parameters: {'k1': 0.012021930484915042, 'D_low': 7.299348683062307, 'k2': 8.923807143379776e-05, 'D_high': 774.2116473996249, 'fire_exp': 1.221575427404682, 'P_half': 140.74279366401683, 'pre_dampen_half': 2.893272120738162, 'gpp_af': 5.335773317316405, 'gpp_b': 0.01666658176842624, 'gpp_d': 757.2868182332339, 'ign_k': 0.019192001101561888, 'ign_c': 54.079797238871784, 'trop_agb_crit': 7.628718523810018, 'trop_k_veg': 2.5878603012249104}.
[I 2026-08-06 10:53:42,099] Trial 574 finished with values: [10.693785038530837, 10.693785038530837] and parameters: {'k1': 0.008912611835817005, 'D_low': 40.52505887227999, 'k2': 1.1065812688893481e-05, 'D_high': 645.2946500764235, 'fire_exp': 1.3170256885255098, 'P_half': 4.213183643253957, 'pre_dampen_half': 0.17224846962214357, 'gpp_af': 0.6403036652671171, 'gpp_b': 0.0005739662837359252, 'gpp_d': 0.6960360257735198, 'ign_k': 0.21006485619596416, 'ign_c': 5.13055176058983, 'trop_agb_crit': 1.0903028125370984, 'trop_k_veg': 5.492385920002873}.
[I 2026-08-06 10:53:43,435] Trial 575 finished with values: [10.640238053283182, 10.640238053283182] and parameters: {'k1': 0.002155595057104387, 'D_low': 436.4516946807792, 'k2': 0.019894080167856886, 'D_high': 21.947742689197344, 'fire_exp': 1.2611826901294014, 'P_half': 221.2683656611821, 'pre_dampen_half': 63.6685916079943, 'gpp_af': 0.6403036652671171, 'gpp_b': 0.0012213924959062798, 'gpp_d': 757.2868182332339, 'ign_k': 0.12329098365270515, 'ign_c': 1.9580595319750387, 'trop_agb_crit': 6.119263728555865, 'trop_k_veg': 0.6673124511410327}.
[I 2026-08-06 10:53:44,535] Trial 576 finished with values: [10.23642302006257, 10.23642302006257] and parameters: {'k1': 0.03040882260558898, 'D_low': 60.42560675552672, 'k2': 0.0154776166709383, 'D_high': 645.2946500764235, 'fire_exp': 1.3170256885255098, 'P_half': 712.8188058401365, 'pre_dampen_half': 63.6685916079943, 'gpp_af': 0.6403036652671171, 'gpp_b': 0.3682510091559943, 'gpp_d': 19.600139992927435, 'ign_k': 0.21006485619596416, 'ign_c': 1.9580595319750387, 'trop_agb_crit': 1.0903028125370984, 'trop_k_veg': 3.1473758868965476}.
[I 2026-08-06 10:53:45,619] Trial 577 finished with values: [10.117887443851572, 10.117887443851572] and parameters: {'k1': 0.0011462237838612073, 'D_low': 38.82837025280678, 'k2': 0.014344484793173472, 'D_high': 42210.21267871043, 'fire_exp': 1.7329145403564932, 'P_half': 4.213183643253957, 'pre_dampen_half': 63.6685916079943, 'gpp_af': 1.6059727222314273, 'gpp_b': 2.176805640408474e-05, 'gpp_d': 8.057329182285729, 'ign_k': 0.01364908766641695, 'ign_c': 48.704711413416454, 'trop_agb_crit': 8.997007571451054, 'trop_k_veg': 1.3537238576571817}.
[I 2026-08-06 10:53:46,705] Trial 578 finished with values: [10.058668921742552, 10.058668921742552] and parameters: {'k1': 0.008287522363768155, 'D_low': 12.105387404469584, 'k2': 8.923807143379776e-05, 'D_high': 8182.111518618414, 'fire_exp': 1.2611826901294014, 'P_half': 4.213183643253957, 'pre_dampen_half': 63.6685916079943, 'gpp_af': 0.6403036652671171, 'gpp_b': 3.481277316673104e-05, 'gpp_d': 8.057329182285729, 'ign_k': 0.0049611344501914005, 'ign_c': 48.704711413416454, 'trop_agb_crit': 8.997007571451054, 'trop_k_veg': 2.4336356947036335}.
[I 2026-08-06 10:53:47,796] Trial 579 finished with values: [10.218339061209731, 10.218339061209731] and parameters: {'k1': 0.05778755734457457, 'D_low': 38.82837025280678, 'k2': 8.923807143379776e-05, 'D_high': 42210.21267871043, 'fire_exp': 1.7329145403564932, 'P_half': 221.2683656611821, 'pre_dampen_half': 38.00678588560607, 'gpp_af': 0.6403036652671171, 'gpp_b': 2.176805640408474e-05, 'gpp_d': 1.493264336549928, 'ign_k': 0.01364908766641695, 'ign_c': 3.470490935437501, 'trop_agb_crit': 8.997007571451054, 'trop_k_veg': 2.5879386297557976}.
[I 2026-08-06 10:53:48,870] Trial 580 finished with values: [10.536524916440118, 10.536524916440118] and parameters: {'k1': 0.01889771394135163, 'D_low': 7.299348683062307, 'k2': 0.014344484793173472, 'D_high': 61536.58035691648, 'fire_exp': 1.7329145403564932, 'P_half': 221.2683656611821, 'pre_dampen_half': 3.3841016089580034, 'gpp_af': 1.6059727222314273, 'gpp_b': 0.0005739662837359252, 'gpp_d': 229.41380323183625, 'ign_k': 0.01364908766641695, 'ign_c': 1.9580595319750387, 'trop_agb_crit': 1.7439923992959638, 'trop_k_veg': 2.520089655463604}.
[I 2026-08-06 10:53:49,956] Trial 581 finished with values: [-0.5922507615868179, 0.16058418377883354] and parameters: {'k1': 0.00488137519160367, 'D_low': 12.105387404469584, 'k2': 8.923807143379776e-05, 'D_high': 8182.111518618414, 'fire_exp': 1.221575427404682, 'P_half': 140.74279366401683, 'pre_dampen_half': 63.6685916079943, 'gpp_af': 5.335773317316405, 'gpp_b': 0.01666658176842624, 'gpp_d': 82.84476373292449, 'ign_k': 0.0049611344501914005, 'ign_c': 5.13055176058983, 'trop_agb_crit': 7.628718523810018, 'trop_k_veg': 0.9781855536301391}.
[I 2026-08-06 10:53:51,027] Trial 582 finished with values: [10.390858116991266, 10.390858116991266] and parameters: {'k1': 0.0003667128654092894, 'D_low': 40.52505887227999, 'k2': 0.031536006085184705, 'D_high': 5670.3463356272905, 'fire_exp': 1.3170256885255098, 'P_half': 221.2683656611821, 'pre_dampen_half': 3.3841016089580034, 'gpp_af': 0.6403036652671171, 'gpp_b': 0.08128322984179755, 'gpp_d': 14.792055086678463, 'ign_k': 3.589155871450839, 'ign_c': 5.13055176058983, 'trop_agb_crit': 10.691477813613638, 'trop_k_veg': 7.349516226591225}.
[I 2026-08-06 10:53:52,171] Trial 583 finished with values: [10.709106384600783, 10.709106384600783] and parameters: {'k1': 0.05778755734457457, 'D_low': 38.82837025280678, 'k2': 0.014344484793173472, 'D_high': 107.7788960207926, 'fire_exp': 1.7329145403564932, 'P_half': 221.2683656611821, 'pre_dampen_half': 38.00678588560607, 'gpp_af': 1.6059727222314273, 'gpp_b': 2.176805640408474e-05, 'gpp_d': 229.41380323183625, 'ign_k': 0.01364908766641695, 'ign_c': 3.470490935437501, 'trop_agb_crit': 8.997007571451054, 'trop_k_veg': 2.520089655463604}.
[I 2026-08-06 10:53:53,268] Trial 584 finished with values: [10.190996872556438, 10.190996872556438] and parameters: {'k1': 2.316457903103837e-05, 'D_low': 38.82837025280678, 'k2': 1.1065812688893481e-05, 'D_high': 60107.420288647554, 'fire_exp': 1.3170256885255098, 'P_half': 221.2683656611821, 'pre_dampen_half': 63.6685916079943, 'gpp_af': 0.6403036652671171, 'gpp_b': 3.481277316673104e-05, 'gpp_d': 1.493264336549928, 'ign_k': 0.060759029110813774, 'ign_c': 1.2431017136067033, 'trop_agb_crit': 8.997007571451054, 'trop_k_veg': 7.936472946233041}.
[I 2026-08-06 10:53:54,330] Trial 585 finished with values: [-0.5749358920576882, 0.08509199595551553] and parameters: {'k1': 0.05778755734457457, 'D_low': 38.82837025280678, 'k2': 0.014344484793173472, 'D_high': 42210.21267871043, 'fire_exp': 1.7329145403564932, 'P_half': 221.2683656611821, 'pre_dampen_half': 38.00678588560607, 'gpp_af': 1.6059727222314273, 'gpp_b': 2.176805640408474e-05, 'gpp_d': 229.41380323183625, 'ign_k': 0.01364908766641695, 'ign_c': 3.470490935437501, 'trop_agb_crit': 8.997007571451054, 'trop_k_veg': 2.520089655463604}.
[I 2026-08-06 10:53:55,410] Trial 586 finished with values: [-0.587506201709815, 0.10567033165480344] and parameters: {'k1': 0.00488137519160367, 'D_low': 38.82837025280678, 'k2': 8.923807143379776e-05, 'D_high': 42210.21267871043, 'fire_exp': 1.7329145403564932, 'P_half': 221.2683656611821, 'pre_dampen_half': 38.00678588560607, 'gpp_af': 1.6059727222314273, 'gpp_b': 2.176805640408474e-05, 'gpp_d': 229.41380323183625, 'ign_k': 0.060759029110813774, 'ign_c': 0.1948891005130867, 'trop_agb_crit': 3.799798565960999, 'trop_k_veg': 7.936472946233041}.
[I 2026-08-06 10:53:56,490] Trial 587 finished with values: [-0.5736056924889075, 0.07962328077678293] and parameters: {'k1': 0.005272264723319183, 'D_low': 520.4862686958022, 'k2': 0.004149969043497543, 'D_high': 8182.111518618414, 'fire_exp': 1.5185721648966928, 'P_half': 102.4585893986732, 'pre_dampen_half': 63.6685916079943, 'gpp_af': 1.921689966904808, 'gpp_b': 0.22727308251068193, 'gpp_d': 19.600139992927435, 'ign_k': 0.07091190338709638, 'ign_c': 2.4936660834465174, 'trop_agb_crit': 10.691477813613638, 'trop_k_veg': 1.9938441068366917}.
[I 2026-08-06 10:53:57,572] Trial 588 finished with values: [10.590474063710513, 10.590474063710513] and parameters: {'k1': 0.0001998758192761449, 'D_low': 40.52505887227999, 'k2': 0.031536006085184705, 'D_high': 5670.3463356272905, 'fire_exp': 3.3801590342525687, 'P_half': 4.213183643253957, 'pre_dampen_half': 63.6685916079943, 'gpp_af': 7.368271642921844, 'gpp_b': 0.00431329787498825, 'gpp_d': 757.2868182332339, 'ign_k': 0.07091190338709638, 'ign_c': 5.13055176058983, 'trop_agb_crit': 8.997007571451054, 'trop_k_veg': 4.030242248006271}.
[I 2026-08-06 10:53:58,653] Trial 589 finished with values: [10.430999434203859, 10.430999434203859] and parameters: {'k1': 0.012021930484915042, 'D_low': 7.46475488144212, 'k2': 0.003101429427212743, 'D_high': 78.57247967427125, 'fire_exp': 1.221575427404682, 'P_half': 3.3380638755873893, 'pre_dampen_half': 331.7366635899375, 'gpp_af': 0.0049748543504537545, 'gpp_b': 0.01666658176842624, 'gpp_d': 14.792055086678463, 'ign_k': 0.019192001101561888, 'ign_c': 5.13055176058983, 'trop_agb_crit': 10.691477813613638, 'trop_k_veg': 2.5878603012249104}.
[I 2026-08-06 10:53:59,748] Trial 590 finished with values: [10.769230768877819, 10.769230768877819] and parameters: {'k1': 2.316457903103837e-05, 'D_low': 7.299348683062307, 'k2': 8.923807143379776e-05, 'D_high': 774.2116473996249, 'fire_exp': 9.328698242431635, 'P_half': 4.213183643253957, 'pre_dampen_half': 63.6685916079943, 'gpp_af': 0.6403036652671171, 'gpp_b': 0.01666658176842624, 'gpp_d': 757.2868182332339, 'ign_k': 0.019192001101561888, 'ign_c': 6.533684593224968, 'trop_agb_crit': 7.628718523810018, 'trop_k_veg': 3.49157152291552}.
[I 2026-08-06 10:54:00,898] Trial 591 finished with values: [11.063060319623078, 11.063060319623078] and parameters: {'k1': 0.00488137519160367, 'D_low': 355.00125258511594, 'k2': 8.923807143379776e-05, 'D_high': 8182.111518618414, 'fire_exp': 1.221575427404682, 'P_half': 140.74279366401683, 'pre_dampen_half': 719.4083432823455, 'gpp_af': 5.335773317316405, 'gpp_b': 0.01666658176842624, 'gpp_d': 82.84476373292449, 'ign_k': 2.5253810447657927, 'ign_c': 5.13055176058983, 'trop_agb_crit': 7.628718523810018, 'trop_k_veg': 2.5878603012249104}.
[I 2026-08-06 10:54:02,042] Trial 592 finished with values: [10.483410445656062, 10.483410445656062] and parameters: {'k1': 0.00488137519160367, 'D_low': 355.00125258511594, 'k2': 8.923807143379776e-05, 'D_high': 78.57247967427125, 'fire_exp': 1.221575427404682, 'P_half': 140.74279366401683, 'pre_dampen_half': 331.7366635899375, 'gpp_af': 0.015144408538724483, 'gpp_b': 0.01666658176842624, 'gpp_d': 82.84476373292449, 'ign_k': 0.0019678273362633988, 'ign_c': 5.13055176058983, 'trop_agb_crit': 7.628718523810018, 'trop_k_veg': 2.5878603012249104}.
[I 2026-08-06 10:54:03,171] Trial 593 finished with values: [10.478019508977441, 10.478019508977441] and parameters: {'k1': 0.00488137519160367, 'D_low': 520.4862686958022, 'k2': 8.923807143379776e-05, 'D_high': 42210.21267871043, 'fire_exp': 1.221575427404682, 'P_half': 712.8188058401365, 'pre_dampen_half': 38.00678588560607, 'gpp_af': 1.9706963379095486, 'gpp_b': 0.22727308251068193, 'gpp_d': 1.493264336549928, 'ign_k': 0.20639617012599235, 'ign_c': 1.9580595319750387, 'trop_agb_crit': 8.997007571451054, 'trop_k_veg': 7.936472946233041}.
[I 2026-08-06 10:54:04,490] Trial 594 finished with values: [10.764030518245951, 10.764030518245951] and parameters: {'k1': 2.316457903103837e-05, 'D_low': 4.775640431359602, 'k2': 1.1065812688893481e-05, 'D_high': 78.57247967427125, 'fire_exp': 3.3095881169246266, 'P_half': 140.74279366401683, 'pre_dampen_half': 331.7366635899375, 'gpp_af': 0.6403036652671171, 'gpp_b': 0.22727308251068193, 'gpp_d': 82.84476373292449, 'ign_k': 0.019192001101561888, 'ign_c': 5.13055176058983, 'trop_agb_crit': 7.500118950416987, 'trop_k_veg': 4.989748894578724}.
[I 2026-08-06 10:54:05,599] Trial 595 finished with values: [-0.601596566875443, 0.07858915727073301] and parameters: {'k1': 0.008912611835817005, 'D_low': 355.00125258511594, 'k2': 0.0002228500345352386, 'D_high': 78.57247967427125, 'fire_exp': 1.3170256885255098, 'P_half': 140.74279366401683, 'pre_dampen_half': 331.7366635899375, 'gpp_af': 5.335773317316405, 'gpp_b': 0.01666658176842624, 'gpp_d': 82.84476373292449, 'ign_k': 0.21006485619596416, 'ign_c': 5.13055176058983, 'trop_agb_crit': 7.628718523810018, 'trop_k_veg': 2.5878603012249104}.
[I 2026-08-06 10:54:06,727] Trial 596 finished with values: [10.707302511249457, 10.707302511249457] and parameters: {'k1': 2.316457903103837e-05, 'D_low': 2067.91871434888, 'k2': 0.003101429427212743, 'D_high': 60107.420288647554, 'fire_exp': 1.5185721648966928, 'P_half': 102.4585893986732, 'pre_dampen_half': 1.4270448359329697, 'gpp_af': 0.6403036652671171, 'gpp_b': 0.22727308251068193, 'gpp_d': 2.944272359149677, 'ign_k': 0.07091190338709638, 'ign_c': 3.470490935437501, 'trop_agb_crit': 1.0903028125370984, 'trop_k_veg': 4.989748894578724}.
[I 2026-08-06 10:54:07,819] Trial 597 finished with values: [-0.590589151367983, 0.0900376711359735] and parameters: {'k1': 0.05778755734457457, 'D_low': 38.82837025280678, 'k2': 0.014344484793173472, 'D_high': 42210.21267871043, 'fire_exp': 1.2611826901294014, 'P_half': 523.1053126909052, 'pre_dampen_half': 38.00678588560607, 'gpp_af': 0.6403036652671171, 'gpp_b': 0.0012213924959062798, 'gpp_d': 350.88322284755304, 'ign_k': 0.010939944910100021, 'ign_c': 2.4936660834465174, 'trop_agb_crit': 6.119263728555865, 'trop_k_veg': 2.520089655463604}.
[I 2026-08-06 10:54:08,916] Trial 598 finished with values: [-0.5503769508769257, 0.06350243866001148] and parameters: {'k1': 2.316457903103837e-05, 'D_low': 40.52505887227999, 'k2': 2.246290894032394e-05, 'D_high': 8182.111518618414, 'fire_exp': 1.1263716762638152, 'P_half': 3.313942437345199, 'pre_dampen_half': 63.6685916079943, 'gpp_af': 0.6403036652671171, 'gpp_b': 0.3682510091559943, 'gpp_d': 2.944272359149677, 'ign_k': 0.21006485619596416, 'ign_c': 1.9580595319750387, 'trop_agb_crit': 8.997007571451054, 'trop_k_veg': 4.989748894578724}.
[I 2026-08-06 10:54:10,013] Trial 599 finished with values: [10.768413716949237, 10.768413716949237] and parameters: {'k1': 0.012021930484915042, 'D_low': 12.105387404469584, 'k2': 1.1065812688893481e-05, 'D_high': 42210.21267871043, 'fire_exp': 1.5185721648966928, 'P_half': 102.4585893986732, 'pre_dampen_half': 5.048653998722947, 'gpp_af': 0.0049748543504537545, 'gpp_b': 0.2859164396628517, 'gpp_d': 757.2868182332339, 'ign_k': 0.07091190338709638, 'ign_c': 5.034696988263485, 'trop_agb_crit': 10.691477813613638, 'trop_k_veg': 3.49157152291552}.
[I 2026-08-06 10:54:11,076] Trial 600 finished with values: [-0.5854677454433906, 0.09636281162492255] and parameters: {'k1': 2.316457903103837e-05, 'D_low': 40.52505887227999, 'k2': 1.1065812688893481e-05, 'D_high': 60107.420288647554, 'fire_exp': 1.1263716762638152, 'P_half': 3.313942437345199, 'pre_dampen_half': 63.6685916079943, 'gpp_af': 0.6403036652671171, 'gpp_b': 0.22727308251068193, 'gpp_d': 2.944272359149677, 'ign_k': 0.21006485619596416, 'ign_c': 1.9580595319750387, 'trop_agb_crit': 7.500118950416987, 'trop_k_veg': 4.989748894578724}.
[I 2026-08-06 10:54:12,171] Trial 601 finished with values: [12.596684482026069, 12.596684482026069] and parameters: {'k1': 0.05778755734457457, 'D_low': 38.82837025280678, 'k2': 0.0154776166709383, 'D_high': 42210.21267871043, 'fire_exp': 1.221575427404682, 'P_half': 221.2683656611821, 'pre_dampen_half': 63.6685916079943, 'gpp_af': 1.6059727222314273, 'gpp_b': 2.176805640408474e-05, 'gpp_d': 229.41380323183625, 'ign_k': 2.5253810447657927, 'ign_c': 3.470490935437501, 'trop_agb_crit': 8.997007571451054, 'trop_k_veg': 2.4336356947036335}.
[I 2026-08-06 10:54:13,267] Trial 602 finished with values: [10.107767722908054, 10.107767722908054] and parameters: {'k1': 9.882278532808775e-05, 'D_low': 355.00125258511594, 'k2': 0.014344484793173472, 'D_high': 60107.420288647554, 'fire_exp': 1.1263716762638152, 'P_half': 221.2683656611821, 'pre_dampen_half': 63.6685916079943, 'gpp_af': 0.6403036652671171, 'gpp_b': 0.01666658176842624, 'gpp_d': 2.944272359149677, 'ign_k': 0.21006485619596416, 'ign_c': 3.470490935437501, 'trop_agb_crit': 1.0693376406863295, 'trop_k_veg': 5.580504276549027}.
