[I 2026-06-10 20:02:39,777] Trial 525 finished with values: [10.558210519259628, 10.558210519259628] and parameters: {'k1': 0.0003445931091927334, 'D_low': 1.7551403048208316, 'k2': 0.0001280886335404798, 'D_high': 32311.521854410956, 'fire_exp': 1.1633452995374232, 'P_half': 3.9207829763785726, 'pre_dampen_half': 857.3351203969089, 'gpp_af': 3.298293484806585, 'gpp_b': 5.0875243087016374e-05, 'gpp_d': 0.03927259340973166, 'ign_k': 7.252283715822169, 'ign_c': 7.081721844034206, 'trop_agb_crit': 12.708819454040446, 'trop_k_veg': 0.7808079158649266, 'fire_amp': 1.5719333351012774}.
[I 2026-06-10 20:02:41,206] Trial 526 finished with values: [10.748355055387254, 10.748355055387254] and parameters: {'k1': 1.0465498595171737e-05, 'D_low': 236.79352040223893, 'k2': 0.019383858782150494, 'D_high': 1266.9536563782303, 'fire_exp': 1.1633452995374232, 'P_half': 5.4712187293420325, 'pre_dampen_half': 4.847666216751353, 'gpp_af': 0.9219336658511308, 'gpp_b': 0.00031478066835753096, 'gpp_d': 0.1619054449471649, 'ign_k': 6.415745702132089, 'ign_c': 7.081721844034206, 'trop_agb_crit': 3.108985631683375, 'trop_k_veg': 5.453348988480011, 'fire_amp': 1.5719333351012774}.
[I 2026-06-10 20:02:42,598] Trial 527 finished with values: [12.186743157431835, 12.186743157431835] and parameters: {'k1': 0.00026539376439360527, 'D_low': 408.3047491580097, 'k2': 0.0002442377596403892, 'D_high': 42210.21267871043, 'fire_exp': 1.1633452995374232, 'P_half': 7.914423612155368, 'pre_dampen_half': 903.3231300044874, 'gpp_af': 0.007531064950403672, 'gpp_b': 0.004411400434514031, 'gpp_d': 1.0088237648985734, 'ign_k': 0.00660597889201953, 'ign_c': 7.832259769732471, 'trop_agb_crit': 21.086120736447015, 'trop_k_veg': 5.453348988480011, 'fire_amp': 3.1045399027418377}.
[I 2026-06-10 20:02:44,146] Trial 528 finished with values: [-0.3614410392833886, 0.09217838497221831] and parameters: {'k1': 5.7909642338812115e-05, 'D_low': 2267.735223551285, 'k2': 0.0007731571570012607, 'D_high': 20103.283734409175, 'fire_exp': 1.1633452995374232, 'P_half': 5.4712187293420325, 'pre_dampen_half': 4.847666216751353, 'gpp_af': 0.9219336658511308, 'gpp_b': 0.001674375583895437, 'gpp_d': 0.47379914349407487, 'ign_k': 0.0032383308053152635, 'ign_c': 7.081721844034206, 'trop_agb_crit': 1.8023542850487386, 'trop_k_veg': 5.453348988480011, 'fire_amp': 2.7806853670293616}.
[I 2026-06-10 20:02:45,565] Trial 529 finished with values: [10.266517118553766, 10.266517118553766] and parameters: {'k1': 9.132348475718357e-05, 'D_low': 236.79352040223893, 'k2': 0.0036014695835220327, 'D_high': 1266.9536563782303, 'fire_exp': 1.2060040899560858, 'P_half': 1.4551749476072258, 'pre_dampen_half': 4.847666216751353, 'gpp_af': 27.78052183438328, 'gpp_b': 2.1309331861011757e-05, 'gpp_d': 0.4742269251269962, 'ign_k': 0.0032383308053152635, 'ign_c': 22.126836566118193, 'trop_agb_crit': 5.588032458772675, 'trop_k_veg': 2.724170387400844, 'fire_amp': 2.6192385880432525}.
[I 2026-06-10 20:02:47,024] Trial 530 finished with values: [10.296648121133678, 10.296648121133678] and parameters: {'k1': 0.0869690639641868, 'D_low': 2962.601088597272, 'k2': 0.08661811390647982, 'D_high': 32311.521854410956, 'fire_exp': 1.5191397119156032, 'P_half': 1.4551749476072258, 'pre_dampen_half': 121.93011993958949, 'gpp_af': 0.10098504976210308, 'gpp_b': 1.4008921101492135e-05, 'gpp_d': 0.030844007727232167, 'ign_k': 0.002357279455676982, 'ign_c': 22.126836566118193, 'trop_agb_crit': 1.850652607502099, 'trop_k_veg': 2.724170387400844, 'fire_amp': 2.2586887422726973}.
[I 2026-06-10 20:02:48,336] Trial 531 finished with values: [10.701666999021159, 10.701666999021159] and parameters: {'k1': 0.00023134781612225627, 'D_low': 236.79352040223893, 'k2': 0.0007731571570012607, 'D_high': 32311.521854410956, 'fire_exp': 1.811096651915224, 'P_half': 3.591771421517613, 'pre_dampen_half': 4.847666216751353, 'gpp_af': 0.9219336658511308, 'gpp_b': 0.00031478066835753096, 'gpp_d': 0.03848886303127135, 'ign_k': 0.002357279455676982, 'ign_c': 1.364908766641693, 'trop_agb_crit': 21.086120736447015, 'trop_k_veg': 0.6618107836658104, 'fire_amp': 2.7806853670293616}.
[I 2026-06-10 20:02:49,837] Trial 532 finished with values: [-0.23812142796040972, 0.11586168683503273] and parameters: {'k1': 0.0003445931091927334, 'D_low': 146.24004590125713, 'k2': 0.0001280886335404798, 'D_high': 24.9899605789089, 'fire_exp': 1.2918065501148304, 'P_half': 5.4712187293420325, 'pre_dampen_half': 121.93011993958949, 'gpp_af': 0.07118041471054574, 'gpp_b': 5.0875243087016374e-05, 'gpp_d': 0.03927259340973166, 'ign_k': 0.012802983592904445, 'ign_c': 22.126836566118193, 'trop_agb_crit': 1.8023542850487386, 'trop_k_veg': 0.5183533149347164, 'fire_amp': 1.5719333351012774}.
[I 2026-06-10 20:02:51,197] Trial 533 finished with values: [10.097953837452398, 10.097953837452398] and parameters: {'k1': 5.178197947282869e-05, 'D_low': 236.79352040223893, 'k2': 0.0007731571570012607, 'D_high': 83.14160873549643, 'fire_exp': 1.2060040899560858, 'P_half': 61.6097529474144, 'pre_dampen_half': 189.36639872354493, 'gpp_af': 0.5970408652384318, 'gpp_b': 0.005916090676703775, 'gpp_d': 0.47379914349407487, 'ign_k': 0.002357279455676982, 'ign_c': 7.081721844034206, 'trop_agb_crit': 1.8023542850487386, 'trop_k_veg': 0.7808079158649266, 'fire_amp': 2.7806853670293616}.
[I 2026-06-10 20:02:52,694] Trial 534 finished with values: [10.279885390152838, 10.279885390152838] and parameters: {'k1': 5.7909642338812115e-05, 'D_low': 236.79352040223893, 'k2': 7.531057256501231e-05, 'D_high': 6682.9607218310075, 'fire_exp': 1.5191397119156032, 'P_half': 5.4712187293420325, 'pre_dampen_half': 4.847666216751353, 'gpp_af': 0.37842528170684203, 'gpp_b': 2.1309331861011757e-05, 'gpp_d': 304.7488318185732, 'ign_k': 0.0032383308053152635, 'ign_c': 1.364908766641693, 'trop_agb_crit': 1.8023542850487386, 'trop_k_veg': 0.7808079158649266, 'fire_amp': 5.44779717154213}.
[I 2026-06-10 20:02:54,202] Trial 535 finished with values: [10.820422291611429, 10.820422291611429] and parameters: {'k1': 5.178197947282869e-05, 'D_low': 408.3047491580097, 'k2': 0.0007731571570012607, 'D_high': 27.55546207779663, 'fire_exp': 3.0820989694255045, 'P_half': 51.10120656497163, 'pre_dampen_half': 220.35141300841897, 'gpp_af': 0.005061568304359487, 'gpp_b': 0.00031478066835753096, 'gpp_d': 1.0088237648985734, 'ign_k': 0.0032383308053152635, 'ign_c': 14.709699119495124, 'trop_agb_crit': 2.100813292597435, 'trop_k_veg': 5.453348988480011, 'fire_amp': 3.1045399027418377}.
[I 2026-06-10 20:02:55,541] Trial 536 finished with values: [10.495124294427168, 10.495124294427168] and parameters: {'k1': 5.7909642338812115e-05, 'D_low': 408.3047491580097, 'k2': 1.1417577140741129e-05, 'D_high': 6682.9607218310075, 'fire_exp': 1.1633452995374232, 'P_half': 12.262543158860007, 'pre_dampen_half': 21.593412825402957, 'gpp_af': 2.5017068255320485, 'gpp_b': 0.001674375583895437, 'gpp_d': 304.7488318185732, 'ign_k': 0.17320535908244444, 'ign_c': 0.4177928311636542, 'trop_agb_crit': 2.100813292597435, 'trop_k_veg': 5.453348988480011, 'fire_amp': 2.7806853670293616}.
[I 2026-06-10 20:02:57,269] Trial 537 finished with values: [15.00180327714349, 15.00180327714349] and parameters: {'k1': 0.0869690639641868, 'D_low': 1.7551403048208316, 'k2': 0.019383858782150494, 'D_high': 6682.9607218310075, 'fire_exp': 1.5191397119156032, 'P_half': 1.4551749476072258, 'pre_dampen_half': 121.93011993958949, 'gpp_af': 0.10098504976210308, 'gpp_b': 0.001674375583895437, 'gpp_d': 0.4742269251269962, 'ign_k': 0.002357279455676982, 'ign_c': 22.126836566118193, 'trop_agb_crit': 1.850652607502099, 'trop_k_veg': 2.99731137426955, 'fire_amp': 2.7806853670293616}.
[I 2026-06-10 20:02:59,008] Trial 538 finished with values: [10.771780857563156, 10.771780857563156] and parameters: {'k1': 9.132348475718357e-05, 'D_low': 1.7551403048208316, 'k2': 0.019383858782150494, 'D_high': 32311.521854410956, 'fire_exp': 1.3792762394455726, 'P_half': 12.262543158860007, 'pre_dampen_half': 4.847666216751353, 'gpp_af': 2.5017068255320485, 'gpp_b': 0.006999112505425414, 'gpp_d': 0.014121081168145975, 'ign_k': 0.002357279455676982, 'ign_c': 1.364908766641693, 'trop_agb_crit': 2.100813292597435, 'trop_k_veg': 6.963655030926962, 'fire_amp': 2.7806853670293616}.
[I 2026-06-10 20:03:00,858] Trial 539 finished with values: [10.17081424788111, 10.17081424788111] and parameters: {'k1': 5.7909642338812115e-05, 'D_low': 236.79352040223893, 'k2': 0.0007731571570012607, 'D_high': 1817.0401889219124, 'fire_exp': 1.1633452995374232, 'P_half': 3.591771421517613, 'pre_dampen_half': 4.847666216751353, 'gpp_af': 0.9219336658511308, 'gpp_b': 5.0875243087016374e-05, 'gpp_d': 304.7488318185732, 'ign_k': 0.0032383308053152635, 'ign_c': 1.364908766641693, 'trop_agb_crit': 1.8023542850487386, 'trop_k_veg': 1.6648666152166967, 'fire_amp': 1.7362652332618447}.
[I 2026-06-10 20:03:02,323] Trial 540 finished with values: [10.654506272089659, 10.654506272089659] and parameters: {'k1': 0.0869690639641868, 'D_low': 2267.735223551285, 'k2': 0.019383858782150494, 'D_high': 6682.9607218310075, 'fire_exp': 1.2060040899560858, 'P_half': 84.3508388778244, 'pre_dampen_half': 4.847666216751353, 'gpp_af': 20.12115544906385, 'gpp_b': 0.006999112505425414, 'gpp_d': 20.81401325574021, 'ign_k': 0.0032383308053152635, 'ign_c': 65.87536748686888, 'trop_agb_crit': 3.108985631683375, 'trop_k_veg': 5.453348988480011, 'fire_amp': 2.7806853670293616}.
[I 2026-06-10 20:03:04,098] Trial 541 finished with values: [10.83333333294111, 10.83333333294111] and parameters: {'k1': 9.132348475718357e-05, 'D_low': 2267.735223551285, 'k2': 0.0002442377596403892, 'D_high': 42210.21267871043, 'fire_exp': 1.1633452995374232, 'P_half': 318.834644588275, 'pre_dampen_half': 121.93011993958949, 'gpp_af': 21.94636142065287, 'gpp_b': 2.1309331861011757e-05, 'gpp_d': 1.0088237648985734, 'ign_k': 0.17320535908244444, 'ign_c': 342.8810943862522, 'trop_agb_crit': 3.108985631683375, 'trop_k_veg': 1.6648666152166967, 'fire_amp': 1.4357291436937847}.
[I 2026-06-10 20:03:05,936] Trial 542 finished with values: [10.790689983503903, 10.790689983503903] and parameters: {'k1': 9.132348475718357e-05, 'D_low': 148.21691630007544, 'k2': 0.0001280886335404798, 'D_high': 1817.0401889219124, 'fire_exp': 1.811096651915224, 'P_half': 157.80309954142965, 'pre_dampen_half': 9.044346216330972, 'gpp_af': 0.10098504976210308, 'gpp_b': 2.1309331861011757e-05, 'gpp_d': 0.47379914349407487, 'ign_k': 0.004105873950290761, 'ign_c': 7.081721844034206, 'trop_agb_crit': 5.588032458772675, 'trop_k_veg': 0.7808079158649266, 'fire_amp': 1.4475279918261055}.
[I 2026-06-10 20:03:08,098] Trial 543 finished with values: [10.833265526757497, 10.833265526757497] and parameters: {'k1': 0.0869690639641868, 'D_low': 408.3047491580097, 'k2': 0.0007731571570012607, 'D_high': 1266.9536563782303, 'fire_exp': 4.7144651891518725, 'P_half': 84.3508388778244, 'pre_dampen_half': 9.044346216330972, 'gpp_af': 0.035629505481532577, 'gpp_b': 0.006999112505425414, 'gpp_d': 20.81401325574021, 'ign_k': 0.17320535908244444, 'ign_c': 0.4177928311636542, 'trop_agb_crit': 1.8023542850487386, 'trop_k_veg': 0.6618107836658104, 'fire_amp': 2.6192385880432525}.
[I 2026-06-10 20:03:09,684] Trial 544 finished with values: [10.83333333294111, 10.83333333294111] and parameters: {'k1': 0.0869690639641868, 'D_low': 2186.356344942016, 'k2': 0.08661811390647982, 'D_high': 1817.0401889219124, 'fire_exp': 1.111738490499784, 'P_half': 157.80309954142965, 'pre_dampen_half': 9.044346216330972, 'gpp_af': 0.060029341913968644, 'gpp_b': 6.598911085146508, 'gpp_d': 7.631016235941559, 'ign_k': 0.004105873950290761, 'ign_c': 22.126836566118193, 'trop_agb_crit': 1.8023542850487386, 'trop_k_veg': 2.724170387400844, 'fire_amp': 1.1832294197682733}.
[I 2026-06-10 20:03:11,186] Trial 545 finished with values: [10.173067677756526, 10.173067677756526] and parameters: {'k1': 0.004902396944106613, 'D_low': 2267.735223551285, 'k2': 4.933751600448335e-05, 'D_high': 48235.58283024493, 'fire_exp': 1.1633452995374232, 'P_half': 318.834644588275, 'pre_dampen_half': 189.36639872354493, 'gpp_af': 21.94636142065287, 'gpp_b': 2.1309331861011757e-05, 'gpp_d': 1.0088237648985734, 'ign_k': 0.17320535908244444, 'ign_c': 7.832259769732471, 'trop_agb_crit': 3.108985631683375, 'trop_k_veg': 1.6648666152166967, 'fire_amp': 2.6192385880432525}.
[I 2026-06-10 20:03:12,749] Trial 546 finished with values: [-0.401352505571551, 0.13656246086223955] and parameters: {'k1': 0.00023134781612225627, 'D_low': 1.7551403048208316, 'k2': 0.0001280886335404798, 'D_high': 595.6633466901683, 'fire_exp': 1.1633452995374232, 'P_half': 5.4712187293420325, 'pre_dampen_half': 121.93011993958949, 'gpp_af': 6.384685545228285, 'gpp_b': 0.006999112505425414, 'gpp_d': 0.1619054449471649, 'ign_k': 0.0032383308053152635, 'ign_c': 7.081721844034206, 'trop_agb_crit': 12.708819454040446, 'trop_k_veg': 0.7808079158649266, 'fire_amp': 2.7806853670293616}.
[I 2026-06-10 20:03:14,272] Trial 547 finished with values: [-0.4830463704194651, 0.13614696018816697] and parameters: {'k1': 5.7909642338812115e-05, 'D_low': 236.79352040223893, 'k2': 0.0007731571570012607, 'D_high': 6682.9607218310075, 'fire_exp': 1.1633452995374232, 'P_half': 5.4712187293420325, 'pre_dampen_half': 4.847666216751353, 'gpp_af': 0.9219336658511308, 'gpp_b': 0.001674375583895437, 'gpp_d': 304.7488318185732, 'ign_k': 0.0032383308053152635, 'ign_c': 7.081721844034206, 'trop_agb_crit': 1.8023542850487386, 'trop_k_veg': 0.7808079158649266, 'fire_amp': 2.7806853670293616}.
[I 2026-06-10 20:03:15,899] Trial 548 finished with values: [-0.4330185190567907, 0.14183713089684458] and parameters: {'k1': 0.00023134781612225627, 'D_low': 1.7551403048208316, 'k2': 0.029687184908302574, 'D_high': 32311.521854410956, 'fire_exp': 1.811096651915224, 'P_half': 7.914423612155368, 'pre_dampen_half': 121.93011993958949, 'gpp_af': 0.07118041471054574, 'gpp_b': 0.00031478066835753096, 'gpp_d': 0.1619054449471649, 'ign_k': 0.002357279455676982, 'ign_c': 7.081721844034206, 'trop_agb_crit': 12.708819454040446, 'trop_k_veg': 2.9779319378885387, 'fire_amp': 1.5719333351012774}.
[I 2026-06-10 20:03:17,232] Trial 549 finished with values: [-0.43732982882042565, 0.1616740040696334] and parameters: {'k1': 5.178197947282869e-05, 'D_low': 408.3047491580097, 'k2': 0.0001280886335404798, 'D_high': 32311.521854410956, 'fire_exp': 1.5036604936020428, 'P_half': 5.4712187293420325, 'pre_dampen_half': 121.93011993958949, 'gpp_af': 0.007531064950403672, 'gpp_b': 0.00031478066835753096, 'gpp_d': 21.899070557043984, 'ign_k': 0.0029519227433917453, 'ign_c': 7.081721844034206, 'trop_agb_crit': 2.100813292597435, 'trop_k_veg': 5.453348988480011, 'fire_amp': 1.1655705619308396}.
[I 2026-06-10 20:03:18,613] Trial 550 finished with values: [10.67117904550997, 10.67117904550997] and parameters: {'k1': 0.00026539376439360527, 'D_low': 1.7551403048208316, 'k2': 0.0001280886335404798, 'D_high': 32311.521854410956, 'fire_exp': 1.811096651915224, 'P_half': 589.5271473887282, 'pre_dampen_half': 121.93011993958949, 'gpp_af': 6.384685545228285, 'gpp_b': 0.00031478066835753096, 'gpp_d': 0.1619054449471649, 'ign_k': 0.002357279455676982, 'ign_c': 7.081721844034206, 'trop_agb_crit': 21.086120736447015, 'trop_k_veg': 0.5535297685306277, 'fire_amp': 1.5719333351012774}.
[I 2026-06-10 20:03:20,316] Trial 551 finished with values: [10.62025018806768, 10.62025018806768] and parameters: {'k1': 5.7909642338812115e-05, 'D_low': 1.7551403048208316, 'k2': 0.0001280886335404798, 'D_high': 32311.521854410956, 'fire_exp': 1.811096651915224, 'P_half': 12.262543158860007, 'pre_dampen_half': 155.08737608723771, 'gpp_af': 3.298293484806585, 'gpp_b': 0.006999112505425414, 'gpp_d': 0.030844007727232167, 'ign_k': 0.0032383308053152635, 'ign_c': 7.081721844034206, 'trop_agb_crit': 21.086120736447015, 'trop_k_veg': 0.7808079158649266, 'fire_amp': 2.7806853670293616}.
[I 2026-06-10 20:03:21,991] Trial 552 finished with values: [10.79300049270177, 10.79300049270177] and parameters: {'k1': 9.132348475718357e-05, 'D_low': 408.3047491580097, 'k2': 0.019383858782150494, 'D_high': 31301.15118850836, 'fire_exp': 1.7505406131449859, 'P_half': 6004.223886195538, 'pre_dampen_half': 903.3231300044874, 'gpp_af': 27.78052183438328, 'gpp_b': 0.004411400434514031, 'gpp_d': 21.899070557043984, 'ign_k': 0.5407445028694732, 'ign_c': 0.10435856341129002, 'trop_agb_crit': 21.086120736447015, 'trop_k_veg': 5.453348988480011, 'fire_amp': 2.6192385880432525}.
[I 2026-06-10 20:03:23,546] Trial 553 finished with values: [10.450355111345358, 10.450355111345358] and parameters: {'k1': 0.0003445931091927334, 'D_low': 97.43142535650219, 'k2': 0.0001280886335404798, 'D_high': 1817.0401889219124, 'fire_exp': 1.5191397119156032, 'P_half': 1.4551749476072258, 'pre_dampen_half': 9.044346216330972, 'gpp_af': 0.10098504976210308, 'gpp_b': 5.0875243087016374e-05, 'gpp_d': 12.281069836814826, 'ign_k': 0.002357279455676982, 'ign_c': 22.126836566118193, 'trop_agb_crit': 12.708819454040446, 'trop_k_veg': 2.724170387400844, 'fire_amp': 2.7806853670293616}.
[I 2026-06-10 20:03:24,884] Trial 554 finished with values: [10.61287887980853, 10.61287887980853] and parameters: {'k1': 0.00023134781612225627, 'D_low': 1.7551403048208316, 'k2': 2.316457903103837e-05, 'D_high': 8912.611835817017, 'fire_exp': 1.4690410989404576, 'P_half': 157.80309954142965, 'pre_dampen_half': 903.3231300044874, 'gpp_af': 0.07118041471054574, 'gpp_b': 0.004411400434514031, 'gpp_d': 0.03848886303127135, 'ign_k': 0.00660597889201953, 'ign_c': 14.709699119495124, 'trop_agb_crit': 2.1989086830950257, 'trop_k_veg': 5.453348988480011, 'fire_amp': 1.5719333351012774}.
[I 2026-06-10 20:03:26,599] Trial 555 finished with values: [10.833245063837401, 10.833245063837401] and parameters: {'k1': 5.178197947282869e-05, 'D_low': 236.79352040223893, 'k2': 0.019383858782150494, 'D_high': 1817.0401889219124, 'fire_exp': 7.394434809371433, 'P_half': 191.61918406231337, 'pre_dampen_half': 903.3231300044874, 'gpp_af': 0.007531064950403672, 'gpp_b': 1.5216765859697215e-05, 'gpp_d': 21.899070557043984, 'ign_k': 0.0032383308053152635, 'ign_c': 29.690870944846793, 'trop_agb_crit': 2.100813292597435, 'trop_k_veg': 5.453348988480011, 'fire_amp': 3.1045399027418377}.
[I 2026-06-10 20:03:28,531] Trial 556 finished with values: [10.833330663976723, 10.833330663976723] and parameters: {'k1': 0.00026539376439360527, 'D_low': 2186.356344942016, 'k2': 0.0001280886335404798, 'D_high': 32311.521854410956, 'fire_exp': 8.529993407276715, 'P_half': 12.262543158860007, 'pre_dampen_half': 121.93011993958949, 'gpp_af': 3.298293484806585, 'gpp_b': 0.00031478066835753096, 'gpp_d': 0.030844007727232167, 'ign_k': 0.002357279455676982, 'ign_c': 22.126836566118193, 'trop_agb_crit': 1.8023542850487386, 'trop_k_veg': 1.6648666152166967, 'fire_amp': 1.5719333351012774}.
[I 2026-06-10 20:03:30,206] Trial 557 finished with values: [10.459992810262897, 10.459992810262897] and parameters: {'k1': 0.0869690639641868, 'D_low': 2267.735223551285, 'k2': 0.019383858782150494, 'D_high': 76838.76502998071, 'fire_exp': 1.5191397119156032, 'P_half': 3.591771421517613, 'pre_dampen_half': 9.044346216330972, 'gpp_af': 0.41874665092828456, 'gpp_b': 1.4008921101492135e-05, 'gpp_d': 0.4742269251269962, 'ign_k': 0.0032383308053152635, 'ign_c': 1.364908766641693, 'trop_agb_crit': 1.850652607502099, 'trop_k_veg': 2.724170387400844, 'fire_amp': 2.7806853670293616}.
[I 2026-06-10 20:03:31,676] Trial 558 finished with values: [10.528536110219303, 10.528536110219303] and parameters: {'k1': 0.0057293717735696316, 'D_low': 408.3047491580097, 'k2': 0.002090955698118952, 'D_high': 32311.521854410956, 'fire_exp': 1.5191397119156032, 'P_half': 157.80309954142965, 'pre_dampen_half': 9.044346216330972, 'gpp_af': 3.030008727251782, 'gpp_b': 2.1309331861011757e-05, 'gpp_d': 0.4742269251269962, 'ign_k': 0.004105873950290761, 'ign_c': 7.081721844034206, 'trop_agb_crit': 21.086120736447015, 'trop_k_veg': 2.724170387400844, 'fire_amp': 1.1655705619308396}.
[I 2026-06-10 20:03:33,210] Trial 559 finished with values: [-0.3841511644496134, 0.12113172631429125] and parameters: {'k1': 0.030699709531122967, 'D_low': 1.7551403048208316, 'k2': 0.0001280886335404798, 'D_high': 32311.521854410956, 'fire_exp': 1.811096651915224, 'P_half': 5.4712187293420325, 'pre_dampen_half': 9.044346216330972, 'gpp_af': 2.5017068255320485, 'gpp_b': 2.1309331861011757e-05, 'gpp_d': 304.7488318185732, 'ign_k': 0.004105873950290761, 'ign_c': 1.364908766641693, 'trop_agb_crit': 12.708819454040446, 'trop_k_veg': 0.5535297685306277, 'fire_amp': 1.5719333351012774}.
[I 2026-06-10 20:03:34,490] Trial 560 finished with values: [-0.606705997443791, 0.11497963688736168] and parameters: {'k1': 5.178197947282869e-05, 'D_low': 408.3047491580097, 'k2': 0.005082220961627801, 'D_high': 8912.611835817017, 'fire_exp': 1.4690410989404576, 'P_half': 7.914423612155368, 'pre_dampen_half': 903.3231300044874, 'gpp_af': 0.005061568304359487, 'gpp_b': 0.004411400434514031, 'gpp_d': 0.1197776427957647, 'ign_k': 0.4320578308497379, 'ign_c': 14.709699119495124, 'trop_agb_crit': 2.1989086830950257, 'trop_k_veg': 5.453348988480011, 'fire_amp': 3.1045399027418377}.
[I 2026-06-10 20:03:35,793] Trial 561 finished with values: [11.78408643975388, 11.78408643975388] and parameters: {'k1': 0.00023134781612225627, 'D_low': 1.7551403048208316, 'k2': 0.0001280886335404798, 'D_high': 42210.21267871043, 'fire_exp': 1.1633452995374232, 'P_half': 318.834644588275, 'pre_dampen_half': 121.93011993958949, 'gpp_af': 0.07118041471054574, 'gpp_b': 0.00031478066835753096, 'gpp_d': 1.0088237648985734, 'ign_k': 0.17320535908244444, 'ign_c': 7.081721844034206, 'trop_agb_crit': 12.708819454040446, 'trop_k_veg': 0.5535297685306277, 'fire_amp': 2.6192385880432525}.
