[I 2026-07-24 02:09:07,279] Trial 416 finished with value: 0.6357784663442776 and parameters: {'k1': 0.05404695282654072, 'D_low': 119528.47161629905, 'k2': 0.0395690100105737, 'D_high': 148582.46992551934, 'fire_exp': 2.1184313977175835, 'P_half': 22.66888701523097, 'pre_dampen_half': 0.473282754605772, 'gpp_af': 0.5646420655092329, 'gpp_b': 0.23155307858390317, 'gpp_d': 51.91080645376729, 'ign_k': 0.0011270562031308617, 'ign_c': 35.43847351844493, 'trop_agb_crit': 1.6507337283838475, 'trop_k_veg': 0.8158711589443057, 'gdp_gamma': 1.756964444762519, 'fuel_k': 0.5917574818145467, 'fuel_half': 81.6676729517558}. Best is trial 335 with value: -0.6233152110406992.
[I 2026-07-24 02:09:07,762] Trial 417 finished with value: 0.5429337782297288 and parameters: {'k1': 2.7348182872040258e-05, 'D_low': 185.98962221069667, 'k2': 0.022104493227836867, 'D_high': 5496185.511371057, 'fire_exp': 1.3398077342335764, 'P_half': 190.89853465490725, 'pre_dampen_half': 1.264723774269286, 'gpp_af': 4.955572599152757, 'gpp_b': 0.000966846739295479, 'gpp_d': 15.221744111138932, 'ign_k': 0.02899658951072393, 'ign_c': 27.351324469701257, 'trop_agb_crit': 10.44407397830628, 'trop_k_veg': 0.5126109916566941, 'gdp_gamma': 0.030912384641476578, 'fuel_k': 1.888594494926828, 'fuel_half': 11.016572138233293}. Best is trial 335 with value: -0.6233152110406992.
[I 2026-07-24 02:09:08,224] Trial 418 finished with value: 0.4898994352600573 and parameters: {'k1': 0.020343772424630462, 'D_low': 28.183124887581336, 'k2': 0.003269079221056956, 'D_high': 134807.1718235053, 'fire_exp': 1.1327097449566421, 'P_half': 2.9189800672764377, 'pre_dampen_half': 20.316344630030372, 'gpp_af': 2.348239537876095, 'gpp_b': 0.06890843472381551, 'gpp_d': 25.359116175430692, 'ign_k': 0.002912725426551722, 'ign_c': 562.7774214623626, 'trop_agb_crit': 4.048750800171788, 'trop_k_veg': 0.5848600583354856, 'gdp_gamma': 0.42938430880342654, 'fuel_k': 0.13845840210050864, 'fuel_half': 14.850834850030157}. Best is trial 335 with value: -0.6233152110406992.
[I 2026-07-24 02:09:08,681] Trial 419 finished with value: 0.5575714402705356 and parameters: {'k1': 1.3274441505365283e-05, 'D_low': 13.771078498362854, 'k2': 0.0009972901123319667, 'D_high': 50113.3069749743, 'fire_exp': 1.5106003844752367, 'P_half': 163.1446255913331, 'pre_dampen_half': 186.87941835458898, 'gpp_af': 0.038809173159097536, 'gpp_b': 0.0014071581614810505, 'gpp_d': 0.08929591269751279, 'ign_k': 0.03336834141771741, 'ign_c': 2.0251612385354667, 'trop_agb_crit': 6.140600662581104, 'trop_k_veg': 0.6535200471741837, 'gdp_gamma': 0.21660396509718843, 'fuel_k': 0.10697897492223359, 'fuel_half': 95.42904016055236}. Best is trial 335 with value: -0.6233152110406992.
[I 2026-07-24 02:09:09,148] Trial 420 finished with value: 0.579642461321528 and parameters: {'k1': 0.00010205436464871836, 'D_low': 57723.245301033814, 'k2': 0.0011145051195579749, 'D_high': 1069079.1078358965, 'fire_exp': 1.9119781765968429, 'P_half': 69.57451289144299, 'pre_dampen_half': 0.6140766415973767, 'gpp_af': 0.0044269716777361, 'gpp_b': 7.892443278241465e-05, 'gpp_d': 0.0254963259667684, 'ign_k': 0.004000324596820065, 'ign_c': 5.45677110273627, 'trop_agb_crit': 24.349761590579718, 'trop_k_veg': 1.8587673341384352, 'gdp_gamma': 0.3676244373510493, 'fuel_k': 0.33904158820439395, 'fuel_half': 76.59187460862164}. Best is trial 335 with value: -0.6233152110406992.
[I 2026-07-24 02:09:09,593] Trial 421 finished with value: 0.4316296361425712 and parameters: {'k1': 0.018105933514245814, 'D_low': 6386.714875405849, 'k2': 0.022197184780556944, 'D_high': 9506626.676040106, 'fire_exp': 1.8798639433847624, 'P_half': 387.5810556755904, 'pre_dampen_half': 293.35538250181946, 'gpp_af': 0.015979863873102976, 'gpp_b': 0.0025768865813302123, 'gpp_d': 300.6184979488913, 'ign_k': 0.004776539924716768, 'ign_c': 2.423887680556138, 'trop_agb_crit': 6.520515333887905, 'trop_k_veg': 4.417812367795349, 'gdp_gamma': 0.8074075537833614, 'fuel_k': 0.09730586397599716, 'fuel_half': 74.7192933218002}. Best is trial 335 with value: -0.6233152110406992.
[I 2026-07-24 02:09:10,041] Trial 422 finished with value: 0.5884333909882768 and parameters: {'k1': 0.00553955439793975, 'D_low': 194.3894963016341, 'k2': 0.015502888574817818, 'D_high': 794742.7993423387, 'fire_exp': 1.07295323109498, 'P_half': 261.3204379978436, 'pre_dampen_half': 11.590726647298082, 'gpp_af': 0.001041653006544696, 'gpp_b': 0.008789959317630639, 'gpp_d': 987.5139367673702, 'ign_k': 0.0020794495535203608, 'ign_c': 33.78724135068077, 'trop_agb_crit': 6.492317383063795, 'trop_k_veg': 1.8464885669828515, 'gdp_gamma': 0.41659022976666676, 'fuel_k': 0.1478552968887242, 'fuel_half': 1.9941114512682716}. Best is trial 335 with value: -0.6233152110406992.
[I 2026-07-24 02:09:10,490] Trial 423 finished with value: 0.3832834510221286 and parameters: {'k1': 0.0012106302808087466, 'D_low': 1153.5871493581542, 'k2': 0.017660030985002104, 'D_high': 3671557.419566883, 'fire_exp': 1.531638538409778, 'P_half': 254.23383154581828, 'pre_dampen_half': 3.287322883705078, 'gpp_af': 0.009742537811387099, 'gpp_b': 1.8080545809515727e-05, 'gpp_d': 817.2350779403683, 'ign_k': 0.014424552539712308, 'ign_c': 14.713642046245113, 'trop_agb_crit': 6.380121009232638, 'trop_k_veg': 1.7989165784510979, 'gdp_gamma': 1.0273615499365227, 'fuel_k': 0.012065800933749548, 'fuel_half': 29.746219449276204}. Best is trial 335 with value: -0.6233152110406992.
[I 2026-07-24 02:09:10,943] Trial 424 finished with value: 0.5155642536357916 and parameters: {'k1': 3.6297811416122994e-05, 'D_low': 1348.3511033920474, 'k2': 0.0056400340901638256, 'D_high': 135201.08127660313, 'fire_exp': 3.6855491713639505, 'P_half': 17.561453196022693, 'pre_dampen_half': 16.02284735420196, 'gpp_af': 0.14629062763562745, 'gpp_b': 7.279732020930207e-05, 'gpp_d': 0.5351834440573164, 'ign_k': 0.28846983461603815, 'ign_c': 1.7544326249442697, 'trop_agb_crit': 10.771692099574716, 'trop_k_veg': 1.0473434339057484, 'gdp_gamma': 0.001341942481811766, 'fuel_k': 0.4032838564493406, 'fuel_half': 0.23875874211222495}. Best is trial 335 with value: -0.6233152110406992.
[I 2026-07-24 02:09:11,387] Trial 425 finished with value: 0.5910848812835349 and parameters: {'k1': 0.008744712656972678, 'D_low': 18.283319321695082, 'k2': 0.021532768299418643, 'D_high': 62294.626380568036, 'fire_exp': 2.9069886125619777, 'P_half': 3392.113583149615, 'pre_dampen_half': 111.92129844792579, 'gpp_af': 0.005433848363022138, 'gpp_b': 4.5705775978925895e-05, 'gpp_d': 143.6052178443697, 'ign_k': 0.0016161233588485588, 'ign_c': 56.41687464909536, 'trop_agb_crit': 5.485031658715919, 'trop_k_veg': 1.2876790067949782, 'gdp_gamma': 0.3225500461965522, 'fuel_k': 0.11058056530558791, 'fuel_half': 16.580345672080735}. Best is trial 335 with value: -0.6233152110406992.
[I 2026-07-24 02:09:11,835] Trial 426 finished with value: 0.45656846913388105 and parameters: {'k1': 0.0001553894765868234, 'D_low': 6.327937253823596, 'k2': 0.002116545015217124, 'D_high': 2861585.5265915976, 'fire_exp': 1.4997386389235692, 'P_half': 13.233417508743331, 'pre_dampen_half': 661.7137099253995, 'gpp_af': 0.05389456866692753, 'gpp_b': 0.0025816181674320313, 'gpp_d': 28.328892247395302, 'ign_k': 0.002041920509902817, 'ign_c': 3.148340529385137, 'trop_agb_crit': 20.41272826542962, 'trop_k_veg': 3.830667079954781, 'gdp_gamma': 0.08999347363635972, 'fuel_k': 0.019265249808971797, 'fuel_half': 70.528901884548}. Best is trial 335 with value: -0.6233152110406992.
[I 2026-07-24 02:09:12,287] Trial 427 finished with value: -0.5406746693188942 and parameters: {'k1': 0.012980740616359551, 'D_low': 46.42110084617658, 'k2': 0.022341776333107365, 'D_high': 39066.59941036859, 'fire_exp': 1.1237226050405915, 'P_half': 1773.0544061421263, 'pre_dampen_half': 107.35570329249262, 'gpp_af': 0.43451890651680486, 'gpp_b': 5.920968410312312e-05, 'gpp_d': 42.401477153332294, 'ign_k': 0.0027139864448975856, 'ign_c': 4.6585722476334075, 'trop_agb_crit': 7.2019292857711426, 'trop_k_veg': 1.272038559923772, 'gdp_gamma': 0.37897403495163656, 'fuel_k': 0.04698467415778086, 'fuel_half': 79.14403343550295}. Best is trial 335 with value: -0.6233152110406992.
[I 2026-07-24 02:09:12,739] Trial 428 finished with value: 0.44368972798174244 and parameters: {'k1': 0.0010598659504476133, 'D_low': 1.6092156805370883, 'k2': 0.09084606889221399, 'D_high': 3938969.0953796464, 'fire_exp': 1.8652523249317439, 'P_half': 21.282677941247858, 'pre_dampen_half': 564.4634746199436, 'gpp_af': 0.07817313538255151, 'gpp_b': 0.0011276926549029162, 'gpp_d': 226.01781983256407, 'ign_k': 0.021950791481394664, 'ign_c': 2.0941007472287647, 'trop_agb_crit': 1.584661064479107, 'trop_k_veg': 0.974647070665811, 'gdp_gamma': 0.11707995251352898, 'fuel_k': 0.32450453843090576, 'fuel_half': 54.621553084429046}. Best is trial 335 with value: -0.6233152110406992.
[I 2026-07-24 02:09:13,185] Trial 429 finished with value: 0.535790761234778 and parameters: {'k1': 0.010586200754761431, 'D_low': 929.7613612288823, 'k2': 0.0038560852376419755, 'D_high': 48039.09891566893, 'fire_exp': 1.10458583881904, 'P_half': 5.157726263115773, 'pre_dampen_half': 0.22591599689093544, 'gpp_af': 11.272528324903993, 'gpp_b': 0.10304192161954472, 'gpp_d': 19.859558574612795, 'ign_k': 0.0012307571458998116, 'ign_c': 33.761537383311605, 'trop_agb_crit': 1.2178719375012574, 'trop_k_veg': 0.9474174239814573, 'gdp_gamma': 0.39508954166607685, 'fuel_k': 0.24659803443339187, 'fuel_half': 45.009079560509704}. Best is trial 335 with value: -0.6233152110406992.
[I 2026-07-24 02:09:13,636] Trial 430 finished with value: 0.5759317030224416 and parameters: {'k1': 0.00018126961461743677, 'D_low': 342.0971308714676, 'k2': 0.08446261157510199, 'D_high': 9858521.867895842, 'fire_exp': 1.746082773305074, 'P_half': 3585.2182458311167, 'pre_dampen_half': 196.0497826880869, 'gpp_af': 0.05038297708716623, 'gpp_b': 0.01108816625591636, 'gpp_d': 132.97314985647898, 'ign_k': 0.0042949502315923075, 'ign_c': 0.26491861420386276, 'trop_agb_crit': 9.707182821982524, 'trop_k_veg': 6.897146437541589, 'gdp_gamma': 0.755434970008908, 'fuel_k': 0.06770315406175514, 'fuel_half': 11.867540192284643}. Best is trial 335 with value: -0.6233152110406992.
[I 2026-07-24 02:09:14,081] Trial 431 finished with value: 0.5214037144765801 and parameters: {'k1': 0.06775029520370507, 'D_low': 16167.251946244618, 'k2': 3.164444896493621e-05, 'D_high': 180963.30347871798, 'fire_exp': 1.4415484225187971, 'P_half': 248.35030453295226, 'pre_dampen_half': 2.2584648982984925, 'gpp_af': 0.003600698111269008, 'gpp_b': 1.3264721186807903e-05, 'gpp_d': 0.7695340377469674, 'ign_k': 0.43635597607143284, 'ign_c': 16.61946555091578, 'trop_agb_crit': 14.33866189414454, 'trop_k_veg': 0.6498698963758307, 'gdp_gamma': 0.08749512203290565, 'fuel_k': 0.020642948863121086, 'fuel_half': 10.727685594930843}. Best is trial 335 with value: -0.6233152110406992.
[I 2026-07-24 02:09:14,527] Trial 432 finished with value: 0.5141827982229606 and parameters: {'k1': 0.047994291640317335, 'D_low': 730.8194685766546, 'k2': 0.0017780698210327717, 'D_high': 5960998.933307776, 'fire_exp': 1.1195842378697483, 'P_half': 3.8853707487278815, 'pre_dampen_half': 0.2760768838869712, 'gpp_af': 2.8153228479302386, 'gpp_b': 0.0011772942542474423, 'gpp_d': 1.273076360964918, 'ign_k': 0.009241411085092532, 'ign_c': 23.01803324332328, 'trop_agb_crit': 2.6078088043123917, 'trop_k_veg': 0.5091787811300205, 'gdp_gamma': 0.2205905336829265, 'fuel_k': 0.989441917154219, 'fuel_half': 17.335820688930752}. Best is trial 335 with value: -0.6233152110406992.
[I 2026-07-24 02:09:14,977] Trial 433 finished with value: 0.5718044920902061 and parameters: {'k1': 0.023923445311380957, 'D_low': 5860.920805073637, 'k2': 0.0002417743634591859, 'D_high': 81300.59701279584, 'fire_exp': 1.451418980181844, 'P_half': 22.514636616347715, 'pre_dampen_half': 0.2919748811008495, 'gpp_af': 22.550049671655607, 'gpp_b': 0.0020091980065860553, 'gpp_d': 278.30538927322453, 'ign_k': 0.00478694754893858, 'ign_c': 355.2403366888159, 'trop_agb_crit': 1.915656439680252, 'trop_k_veg': 0.7874713694287768, 'gdp_gamma': 1.843112186440626, 'fuel_k': 1.1053871149918573, 'fuel_half': 43.75203645157776}. Best is trial 335 with value: -0.6233152110406992.
[I 2026-07-24 02:09:15,420] Trial 434 finished with value: -0.5033212758447188 and parameters: {'k1': 1.0512305439158712e-05, 'D_low': 4611.50433024425, 'k2': 0.003303836558725597, 'D_high': 6309033.116320347, 'fire_exp': 1.568429850073337, 'P_half': 2.740971859112903, 'pre_dampen_half': 27.112944605672766, 'gpp_af': 0.05610164842916867, 'gpp_b': 2.3171306058744868e-05, 'gpp_d': 0.37549583618725196, 'ign_k': 0.0024637356547428176, 'ign_c': 0.3405887474653865, 'trop_agb_crit': 10.440018818190708, 'trop_k_veg': 3.1910782375428712, 'gdp_gamma': 0.13615933332652735, 'fuel_k': 0.1503896128043199, 'fuel_half': 63.688834496159394}. Best is trial 335 with value: -0.6233152110406992.
[I 2026-07-24 02:09:15,871] Trial 435 finished with value: 0.5526075610320816 and parameters: {'k1': 0.010299350200285284, 'D_low': 28855.392825295523, 'k2': 0.05798666989865689, 'D_high': 199453.1406552598, 'fire_exp': 1.0394468284622214, 'P_half': 12.617051842114702, 'pre_dampen_half': 4.971195947743326, 'gpp_af': 0.12653628364905328, 'gpp_b': 0.1308516289192278, 'gpp_d': 13.687425326358653, 'ign_k': 0.011972524809408334, 'ign_c': 30.181242457306507, 'trop_agb_crit': 8.981909114170803, 'trop_k_veg': 0.5978470622678879, 'gdp_gamma': 1.9846102028313808, 'fuel_k': 0.587839262603815, 'fuel_half': 6.7860741803220055}. Best is trial 335 with value: -0.6233152110406992.
[I 2026-07-24 02:09:16,330] Trial 436 finished with value: -0.4951253233062044 and parameters: {'k1': 4.115780411444678e-05, 'D_low': 6.280705140467578, 'k2': 0.00017397626426963192, 'D_high': 11698.890762532108, 'fire_exp': 1.3232308371867179, 'P_half': 1.8056741162222014, 'pre_dampen_half': 26.739003190122197, 'gpp_af': 0.0027462238552308197, 'gpp_b': 1.025685085870004e-05, 'gpp_d': 0.5201156341884133, 'ign_k': 0.0028029938781048884, 'ign_c': 91.90287539066183, 'trop_agb_crit': 6.7738054285786236, 'trop_k_veg': 0.8954919688083929, 'gdp_gamma': 0.5883182994955647, 'fuel_k': 0.1506140329434735, 'fuel_half': 27.847999329676213}. Best is trial 335 with value: -0.6233152110406992.
[I 2026-07-24 02:09:16,780] Trial 437 finished with value: 0.5212725067998328 and parameters: {'k1': 0.0396865198490736, 'D_low': 641.811750737976, 'k2': 0.0031787862828909184, 'D_high': 451775.164722846, 'fire_exp': 1.4988962170325204, 'P_half': 224.1009463712682, 'pre_dampen_half': 2.6580795514042164, 'gpp_af': 7.929819098366423, 'gpp_b': 1.3523845262724954, 'gpp_d': 316.14691538164226, 'ign_k': 0.0013178819965690473, 'ign_c': 7.794107434066865, 'trop_agb_crit': 2.0691779455802966, 'trop_k_veg': 0.9712250900402511, 'gdp_gamma': 0.35338853847280866, 'fuel_k': 1.516331425152898, 'fuel_half': 59.33814878944228}. Best is trial 335 with value: -0.6233152110406992.
[I 2026-07-24 02:09:17,230] Trial 438 finished with value: 0.48278804255414454 and parameters: {'k1': 0.0003145748616516723, 'D_low': 1.6747971307739615, 'k2': 0.004967559472661893, 'D_high': 721836.5810890438, 'fire_exp': 1.654194992835398, 'P_half': 118.68884889915664, 'pre_dampen_half': 136.78241551959584, 'gpp_af': 0.6346969540100151, 'gpp_b': 0.010294729333758731, 'gpp_d': 0.9899200913131653, 'ign_k': 0.013421621547402196, 'ign_c': 0.2850676749324209, 'trop_agb_crit': 5.580366357718998, 'trop_k_veg': 0.860722969984691, 'gdp_gamma': 1.8316138839966043, 'fuel_k': 0.14387443209021303, 'fuel_half': 13.153989206534733}. Best is trial 335 with value: -0.6233152110406992.
[I 2026-07-24 02:09:17,677] Trial 439 finished with value: 0.600511426858468 and parameters: {'k1': 2.3064739458705627e-05, 'D_low': 3.5421169297755535, 'k2': 0.0013601888858299357, 'D_high': 30587.779179751262, 'fire_exp': 6.310966721081744, 'P_half': 10.078174490204349, 'pre_dampen_half': 208.42158875575996, 'gpp_af': 0.23704821522111896, 'gpp_b': 0.00012393342186655287, 'gpp_d': 0.21992655270052364, 'ign_k': 0.07029322861026431, 'ign_c': 7.068040681471539, 'trop_agb_crit': 8.727047798103907, 'trop_k_veg': 0.8768763597817505, 'gdp_gamma': 0.0019604767297373093, 'fuel_k': 5.31192948149916, 'fuel_half': 0.17589464285649997}. Best is trial 335 with value: -0.6233152110406992.
[I 2026-07-24 02:09:18,129] Trial 440 finished with value: 0.6036297178420835 and parameters: {'k1': 0.0031777125523565035, 'D_low': 5073.428000120123, 'k2': 0.001826563994834813, 'D_high': 6769.419080388621, 'fire_exp': 1.494807469729409, 'P_half': 77.43084137244036, 'pre_dampen_half': 16.718668136835657, 'gpp_af': 0.0063525967362590115, 'gpp_b': 0.008431708575496303, 'gpp_d': 526.9110581149164, 'ign_k': 0.002929507893318345, 'ign_c': 88.84167358473083, 'trop_agb_crit': 5.669906320635025, 'trop_k_veg': 1.3909546424808719, 'gdp_gamma': 0.16183858287888378, 'fuel_k': 0.012952469948397015, 'fuel_half': 24.05660901676218}. Best is trial 335 with value: -0.6233152110406992.
[I 2026-07-24 02:09:18,576] Trial 441 finished with value: 0.4939738097190498 and parameters: {'k1': 0.0010090736404028055, 'D_low': 1.165121997400627, 'k2': 0.051784078565404214, 'D_high': 3121057.2761355913, 'fire_exp': 1.870427956153074, 'P_half': 8.103848997266168, 'pre_dampen_half': 437.2154913724052, 'gpp_af': 0.07165833112275571, 'gpp_b': 0.008168956618975768, 'gpp_d': 141.7292697055787, 'ign_k': 0.001056381605914039, 'ign_c': 3.0863477766746263, 'trop_agb_crit': 10.311716178975189, 'trop_k_veg': 1.0220649248916749, 'gdp_gamma': 1.0229368212719707, 'fuel_k': 0.08334963948607133, 'fuel_half': 5.270474456758176}. Best is trial 335 with value: -0.6233152110406992.
[I 2026-07-24 02:09:19,022] Trial 442 finished with value: 0.5850699183938358 and parameters: {'k1': 0.0002772596118033475, 'D_low': 17.864000665356457, 'k2': 0.01900517653540577, 'D_high': 25572.927979472337, 'fire_exp': 2.84916401027135, 'P_half': 912.0710158370174, 'pre_dampen_half': 0.21488323398656012, 'gpp_af': 0.07770858494446543, 'gpp_b': 0.00015012145479742546, 'gpp_d': 951.9511114592997, 'ign_k': 0.1628895785184179, 'ign_c': 27.463908306010815, 'trop_agb_crit': 9.312762103115691, 'trop_k_veg': 0.7725464508916781, 'gdp_gamma': 0.16944459394577455, 'fuel_k': 0.08173496292908891, 'fuel_half': 39.10870957592201}. Best is trial 335 with value: -0.6233152110406992.
[I 2026-07-24 02:09:19,471] Trial 443 finished with value: -0.5776069673198048 and parameters: {'k1': 0.04786438788791561, 'D_low': 3838.691474387102, 'k2': 0.007831071680140623, 'D_high': 822115.1267812052, 'fire_exp': 1.46708622517775, 'P_half': 3.0605738985523043, 'pre_dampen_half': 3.4501513293214137, 'gpp_af': 84.93204718693688, 'gpp_b': 0.11499793901499157, 'gpp_d': 226.29297716712585, 'ign_k': 0.0125894282235016, 'ign_c': 22.373687275069216, 'trop_agb_crit': 2.7041077664673985, 'trop_k_veg': 1.0504306126607421, 'gdp_gamma': 0.4613996588868858, 'fuel_k': 2.2434171133199055, 'fuel_half': 37.024518113124316}. Best is trial 335 with value: -0.6233152110406992.
[I 2026-07-24 02:09:19,924] Trial 444 finished with value: 0.6445374145881376 and parameters: {'k1': 0.04362995570480405, 'D_low': 29000.52296930461, 'k2': 0.01648149503269701, 'D_high': 2594.456491608482, 'fire_exp': 2.1801082919989847, 'P_half': 1.4125278569958228, 'pre_dampen_half': 29.337053794766177, 'gpp_af': 35.614835642252885, 'gpp_b': 0.1137986406907036, 'gpp_d': 169.53288631422328, 'ign_k': 0.0075227884577683014, 'ign_c': 17.61662373236354, 'trop_agb_crit': 4.136146431794196, 'trop_k_veg': 0.8853655627958242, 'gdp_gamma': 0.2705032820407803, 'fuel_k': 1.19683667409303, 'fuel_half': 30.906984178556762}. Best is trial 335 with value: -0.6233152110406992.
[I 2026-07-24 02:09:20,371] Trial 445 finished with value: 0.5806905518575383 and parameters: {'k1': 0.0008225380808970944, 'D_low': 10.009533348285318, 'k2': 0.08253494180969098, 'D_high': 1470093.1516716352, 'fire_exp': 1.9168671016990066, 'P_half': 5.8402512242754705, 'pre_dampen_half': 12.11990962214218, 'gpp_af': 0.0456729718131463, 'gpp_b': 0.00045332841968309667, 'gpp_d': 12.20760567570417, 'ign_k': 0.009958706209740322, 'ign_c': 282.0142092922873, 'trop_agb_crit': 5.714257815116378, 'trop_k_veg': 2.772701724639866, 'gdp_gamma': 0.9914172943622465, 'fuel_k': 0.9159617543485264, 'fuel_half': 67.21607236740901}. Best is trial 335 with value: -0.6233152110406992.
[I 2026-07-24 02:09:20,827] Trial 446 finished with value: 0.4853901093352653 and parameters: {'k1': 0.04153999103187386, 'D_low': 1224.4239805559494, 'k2': 0.009968475153198304, 'D_high': 243980.58811790866, 'fire_exp': 1.1419216687960145, 'P_half': 16.280630647817652, 'pre_dampen_half': 0.4736352384289026, 'gpp_af': 83.33450831033088, 'gpp_b': 0.006248773460667423, 'gpp_d': 36.958642399929175, 'ign_k': 0.0013409637406077719, 'ign_c': 33.109583589023174, 'trop_agb_crit': 3.740067120340266, 'trop_k_veg': 1.1309308260732733, 'gdp_gamma': 1.9919825189303717, 'fuel_k': 0.7082179707585726, 'fuel_half': 33.93507117004352}. Best is trial 335 with value: -0.6233152110406992.
[I 2026-07-24 02:09:21,275] Trial 447 finished with value: 0.524123490661165 and parameters: {'k1': 0.06104285278818322, 'D_low': 53559.90885549227, 'k2': 0.0034838757517002147, 'D_high': 277290.1833727517, 'fire_exp': 2.1254570904471017, 'P_half': 3.043832374635365, 'pre_dampen_half': 21.587726973880006, 'gpp_af': 52.56791237014921, 'gpp_b': 0.09006087142410531, 'gpp_d': 161.20127388253917, 'ign_k': 0.036486227093871566, 'ign_c': 5.353872167401965, 'trop_agb_crit': 1.2212731594818649, 'trop_k_veg': 1.7016579108593968, 'gdp_gamma': 0.29601215708368367, 'fuel_k': 5.061412877622432, 'fuel_half': 16.547845170393735}. Best is trial 335 with value: -0.6233152110406992.
