[I 2026-08-19 17:51:46,846] Trial 1797 finished with value: -0.5793396328059728 and parameters: {'k1': 0.0061102275597157965, 'D_low': 660.2394479611568, 'k2': 0.011542950758583758, 'D_high': 622820.2634574859, 'fire_exp': 3.928924902454694, 'P_half': 27.023001045725557, 'pre_dampen_half': 4.3243314751523565, 'gpp_af': 0.0014320882782140527, 'gpp_b': 1.4650275985736994e-05, 'gpp_d': 3.1105284666132142, 'ign_k': 0.6375821670202021, 'ign_c': 0.6284308880972562, 'trop_agb_crit': 6.661278010285606, 'trop_k_veg': 3.713222243245936, 'pop_amp': 0.22893111851189074, 'pop_peak': 2.123653291491749, 'pop_sig': 0.2954383512081084, 'fuel_k': 0.07193796616051311, 'fuel_half': 0.14601915138644989}. Best is trial 1622 with value: -0.6125870653324885.
[I 2026-08-19 17:51:48,967] Trial 1798 finished with value: 0.6445374145881376 and parameters: {'k1': 0.0003469800217869861, 'D_low': 2.0004838949976116, 'k2': 0.013746874798795106, 'D_high': 1993340.1961499404, 'fire_exp': 1.033905435952625, 'P_half': 3276.5800681531946, 'pre_dampen_half': 1.4921129504578743, 'gpp_af': 0.002054508864891596, 'gpp_b': 3.227458378818798e-05, 'gpp_d': 3.5517259129936365, 'ign_k': 1.2512792138649158, 'ign_c': 250.04268398177223, 'trop_agb_crit': 2.969702135747716, 'trop_k_veg': 7.791030768919579, 'pop_amp': 0.0013397809508094052, 'pop_peak': 0.22806379658843948, 'pop_sig': 0.46243207879011256, 'fuel_k': 4.57346681560989, 'fuel_half': 10.014786339578258}. Best is trial 1622 with value: -0.6125870653324885.
  trial 1799/2500  best_overall=0.6126  (53.4 min)
[I 2026-08-19 17:51:51,502] Trial 1799 finished with value: -0.569849402131782 and parameters: {'k1': 0.002565639493012588, 'D_low': 84.02384026656193, 'k2': 0.007681111556212155, 'D_high': 954144.8811883527, 'fire_exp': 2.1598609486815046, 'P_half': 34.95376043629839, 'pre_dampen_half': 5.066134931322406, 'gpp_af': 0.0038916143332179045, 'gpp_b': 6.320355742435056e-05, 'gpp_d': 41.23007456917176, 'ign_k': 9.805202841674676, 'ign_c': 0.32408164581433696, 'trop_agb_crit': 1.3237527844055923, 'trop_k_veg': 1.1351129867445275, 'pop_amp': 0.03987223634629544, 'pop_peak': 1.651070691691917, 'pop_sig': 1.2317126887837457, 'fuel_k': 0.06925386795540871, 'fuel_half': 1.8812087918021723}. Best is trial 1622 with value: -0.6125870653324885.
[I 2026-08-19 17:51:53,560] Trial 1800 finished with value: 0.5928961691288868 and parameters: {'k1': 0.00032200758071144976, 'D_low': 3.5886751736030997, 'k2': 7.212066720725705e-05, 'D_high': 172573.60583907296, 'fire_exp': 2.6982254389700566, 'P_half': 568.7666431640105, 'pre_dampen_half': 32.07667806631621, 'gpp_af': 0.035029930123799624, 'gpp_b': 0.07563923287684039, 'gpp_d': 0.04114037820760024, 'ign_k': 0.0018043824887290405, 'ign_c': 51.579934591275986, 'trop_agb_crit': 15.502544896595523, 'trop_k_veg': 5.5679736980972985, 'pop_amp': 4.553884436397714, 'pop_peak': 0.5786572115264398, 'pop_sig': 2.2896340085691045, 'fuel_k': 0.21662241298940416, 'fuel_half': 4.626983071325782}. Best is trial 1622 with value: -0.6125870653324885.
[I 2026-08-19 17:51:55,719] Trial 1801 finished with value: 0.5941934245186452 and parameters: {'k1': 0.00013634699571515334, 'D_low': 2.0281776732327983, 'k2': 0.00024408750150568906, 'D_high': 5105.5600543446135, 'fire_exp': 2.323238658914454, 'P_half': 12.565488172592262, 'pre_dampen_half': 0.4074757932069941, 'gpp_af': 0.27703475183201226, 'gpp_b': 0.0370600282134074, 'gpp_d': 14.218903932617595, 'ign_k': 0.1682080301302718, 'ign_c': 0.447908856343901, 'trop_agb_crit': 8.076302486186249, 'trop_k_veg': 0.7229694045035229, 'pop_amp': 4.881342224538058, 'pop_peak': 6.0691279787209815, 'pop_sig': 0.5593893685586624, 'fuel_k': 0.21986508901229523, 'fuel_half': 1.3262517338970294}. Best is trial 1622 with value: -0.6125870653324885.
[I 2026-08-19 17:51:57,765] Trial 1802 finished with value: 0.4454602106523532 and parameters: {'k1': 0.012018476005948622, 'D_low': 656.4088144868836, 'k2': 0.000530495048113993, 'D_high': 104701.6356613349, 'fire_exp': 1.5837606283225818, 'P_half': 188.17066977937247, 'pre_dampen_half': 75.08166227989287, 'gpp_af': 0.020252019646015883, 'gpp_b': 0.0016345729936262368, 'gpp_d': 42.791885548404814, 'ign_k': 0.956295401848688, 'ign_c': 0.10415862563061308, 'trop_agb_crit': 10.405444307107803, 'trop_k_veg': 1.086215588832226, 'pop_amp': 0.023980651780306284, 'pop_peak': 0.3581290693636551, 'pop_sig': 0.4563197172129744, 'fuel_k': 0.1109275610419929, 'fuel_half': 0.12245971534593773}. Best is trial 1622 with value: -0.6125870653324885.
[I 2026-08-19 17:52:00,096] Trial 1803 finished with value: 0.5688011648166869 and parameters: {'k1': 0.02525491846390062, 'D_low': 306.96973345538055, 'k2': 9.165852095221908e-05, 'D_high': 4694576.746378273, 'fire_exp': 3.564106315579741, 'P_half': 22.366307544362325, 'pre_dampen_half': 1.733422584387992, 'gpp_af': 0.1416156064398502, 'gpp_b': 0.0160699051423814, 'gpp_d': 1.1383770207594284, 'ign_k': 0.027555573572253026, 'ign_c': 0.22308252566028322, 'trop_agb_crit': 3.775951005520863, 'trop_k_veg': 1.025398761905215, 'pop_amp': 3.3598153594291786, 'pop_peak': 252.63493815211731, 'pop_sig': 0.48257731992286756, 'fuel_k': 0.10046291501657027, 'fuel_half': 0.1535928596467417}. Best is trial 1622 with value: -0.6125870653324885.
[I 2026-08-19 17:52:02,608] Trial 1804 finished with value: -0.5571089890844757 and parameters: {'k1': 0.07645295795701595, 'D_low': 341.79035873593574, 'k2': 3.574937168097577e-05, 'D_high': 377454.7024963482, 'fire_exp': 2.591997224387316, 'P_half': 1.2905970940834246, 'pre_dampen_half': 12.834773416021122, 'gpp_af': 0.01451194332931003, 'gpp_b': 0.005309446634037829, 'gpp_d': 197.38837009064454, 'ign_k': 0.6746702801967936, 'ign_c': 3.0575192876997437, 'trop_agb_crit': 6.6476002714528155, 'trop_k_veg': 2.5340574394159834, 'pop_amp': 0.15563481157769973, 'pop_peak': 1.9823030846124572, 'pop_sig': 0.6756043222230785, 'fuel_k': 1.0174951624843687, 'fuel_half': 2.001020931984898}. Best is trial 1622 with value: -0.6125870653324885.
[I 2026-08-19 17:52:05,006] Trial 1805 finished with value: -0.5726680750838614 and parameters: {'k1': 0.004845089454218349, 'D_low': 4.992655990051164, 'k2': 0.0022683495323892492, 'D_high': 3669184.1172162965, 'fire_exp': 7.714477855744876, 'P_half': 1.9685453704071592, 'pre_dampen_half': 1.547700082629855, 'gpp_af': 0.022652265192467762, 'gpp_b': 1.3940176190383245e-05, 'gpp_d': 183.135672257419, 'ign_k': 0.5503723148344315, 'ign_c': 3.9350939891945598, 'trop_agb_crit': 15.744351685331882, 'trop_k_veg': 0.9468185343347533, 'pop_amp': 0.003617855482635666, 'pop_peak': 0.11437291081147556, 'pop_sig': 0.33013456331533936, 'fuel_k': 5.026030575126721, 'fuel_half': 0.4183276654630226}. Best is trial 1622 with value: -0.6125870653324885.
[I 2026-08-19 17:52:07,346] Trial 1806 finished with value: 0.4890041053876253 and parameters: {'k1': 0.03336152750981618, 'D_low': 29.098552923193225, 'k2': 0.0029109230051766813, 'D_high': 39853.81262047496, 'fire_exp': 4.437549355478075, 'P_half': 208.9481363069969, 'pre_dampen_half': 8.378041327531436, 'gpp_af': 0.1905821967625088, 'gpp_b': 3.678412095018086e-05, 'gpp_d': 12.082740599526876, 'ign_k': 0.36476823099573263, 'ign_c': 4.225108134382732, 'trop_agb_crit': 3.434499243058179, 'trop_k_veg': 4.1032073278443715, 'pop_amp': 0.004544824840235186, 'pop_peak': 0.13113960649785847, 'pop_sig': 0.8811669345751819, 'fuel_k': 1.0234962080040124, 'fuel_half': 0.4183023095708827}. Best is trial 1622 with value: -0.6125870653324885.
[I 2026-08-19 17:52:09,548] Trial 1807 finished with value: 0.4758840365081983 and parameters: {'k1': 8.696426861777253e-05, 'D_low': 2.217347535893637, 'k2': 0.011386298956421119, 'D_high': 3837585.3402838763, 'fire_exp': 2.743752865483423, 'P_half': 2.665398908298029, 'pre_dampen_half': 0.44672856255504795, 'gpp_af': 1.3574141931084827, 'gpp_b': 0.00031317978576551187, 'gpp_d': 19.176877049671184, 'ign_k': 2.653787965899547, 'ign_c': 11.915098369312052, 'trop_agb_crit': 18.259786466374063, 'trop_k_veg': 0.9575290225679802, 'pop_amp': 0.00489365609442528, 'pop_peak': 1.0996178091538948, 'pop_sig': 0.742659120906253, 'fuel_k': 0.15156208079592653, 'fuel_half': 6.035213628296567}. Best is trial 1622 with value: -0.6125870653324885.
  trial 1808/2500  best_overall=0.6126  (53.8 min)
[I 2026-08-19 17:52:12,187] Trial 1808 finished with value: 0.43595220136537005 and parameters: {'k1': 0.06941057234449323, 'D_low': 8.137575586207086, 'k2': 0.00027912004390185025, 'D_high': 852837.1810319286, 'fire_exp': 3.8239265960898416, 'P_half': 8.385521617996622, 'pre_dampen_half': 547.8189867743431, 'gpp_af': 0.0700760509093934, 'gpp_b': 2.5068010432473293e-05, 'gpp_d': 102.8459546505647, 'ign_k': 0.07493075872575707, 'ign_c': 8.46815278498681, 'trop_agb_crit': 14.28234872113475, 'trop_k_veg': 2.983738419232161, 'pop_amp': 0.0017336421018983854, 'pop_peak': 0.15677746306759913, 'pop_sig': 0.41305259948260953, 'fuel_k': 0.15645281059213278, 'fuel_half': 3.572317094446457}. Best is trial 1622 with value: -0.6125870653324885.
[I 2026-08-19 17:52:14,046] Trial 1809 finished with value: 0.5498028644587298 and parameters: {'k1': 0.00239837285059545, 'D_low': 1.0103668083927073, 'k2': 0.0010139029121104999, 'D_high': 647150.7396677983, 'fire_exp': 1.2019681601746983, 'P_half': 23.894707776997965, 'pre_dampen_half': 58.358400801496586, 'gpp_af': 0.003211927780369725, 'gpp_b': 1.0296386709625279e-05, 'gpp_d': 62.31106274041092, 'ign_k': 6.305742202986415, 'ign_c': 29.671078847198007, 'trop_agb_crit': 4.516215836776865, 'trop_k_veg': 7.532398775543193, 'pop_amp': 0.010669278302244439, 'pop_peak': 0.06651191684725057, 'pop_sig': 0.5013961620149849, 'fuel_k': 0.8772010018184224, 'fuel_half': 0.5247193012734535}. Best is trial 1622 with value: -0.6125870653324885.
[I 2026-08-19 17:52:16,130] Trial 1810 finished with value: 0.590406219953595 and parameters: {'k1': 0.008168308986706011, 'D_low': 1.3384602393102913, 'k2': 1.9549469843974472e-05, 'D_high': 13882.219398388695, 'fire_exp': 4.377405649548986, 'P_half': 4.075878449378312, 'pre_dampen_half': 0.032196196121295886, 'gpp_af': 0.1285474178435798, 'gpp_b': 0.018130142606838675, 'gpp_d': 10.423547403019402, 'ign_k': 0.0033588298678755694, 'ign_c': 1.3835144742052412, 'trop_agb_crit': 10.735204193736719, 'trop_k_veg': 6.760719210947877, 'pop_amp': 0.019641709501311444, 'pop_peak': 5.582608323248197, 'pop_sig': 0.46295603905561244, 'fuel_k': 2.6000076509932284, 'fuel_half': 1.2544488585788967}. Best is trial 1622 with value: -0.6125870653324885.
[I 2026-08-19 17:52:18,231] Trial 1811 finished with value: 0.5917605546762089 and parameters: {'k1': 0.0003075544556012681, 'D_low': 2.435040376293797, 'k2': 0.00011283758915199786, 'D_high': 215386.06031576177, 'fire_exp': 2.415048392685633, 'P_half': 65.61135582683386, 'pre_dampen_half': 0.8971071880716461, 'gpp_af': 0.009208987888583738, 'gpp_b': 0.0472661179335518, 'gpp_d': 1.3174273734694144, 'ign_k': 0.03294071708792437, 'ign_c': 0.11173575443125766, 'trop_agb_crit': 2.413933906208163, 'trop_k_veg': 0.5923790393858215, 'pop_amp': 1.5942118410858905, 'pop_peak': 50.909043610020156, 'pop_sig': 0.5786504379883142, 'fuel_k': 0.14446845087737276, 'fuel_half': 0.8339750629244838}. Best is trial 1622 with value: -0.6125870653324885.
[I 2026-08-19 17:52:20,356] Trial 1812 finished with value: 0.485570652077127 and parameters: {'k1': 0.0006165578088408283, 'D_low': 2241.4651464741055, 'k2': 0.025735152059405807, 'D_high': 3559535.03898706, 'fire_exp': 2.457806528032722, 'P_half': 32.0326534708141, 'pre_dampen_half': 13.989871811654913, 'gpp_af': 1.5537828926447812, 'gpp_b': 0.00014733508333702357, 'gpp_d': 2.620992269681187, 'ign_k': 1.236436659141563, 'ign_c': 0.2588760966915442, 'trop_agb_crit': 7.433273252832812, 'trop_k_veg': 2.834614245277477, 'pop_amp': 0.8365490037978033, 'pop_peak': 2.620073417956624, 'pop_sig': 0.5919635592152063, 'fuel_k': 0.05367796477368207, 'fuel_half': 0.4022345026892571}. Best is trial 1622 with value: -0.6125870653324885.
[I 2026-08-19 17:52:22,456] Trial 1813 finished with value: 0.5612599283223888 and parameters: {'k1': 0.0028393328446603724, 'D_low': 2.695941657807545, 'k2': 2.7050089360646317e-05, 'D_high': 385677.9526228309, 'fire_exp': 2.140663005692269, 'P_half': 317.00508044168475, 'pre_dampen_half': 0.5700625417762355, 'gpp_af': 0.055050273171839324, 'gpp_b': 0.0003178269859089827, 'gpp_d': 1.2829637254406792, 'ign_k': 0.027349307730643695, 'ign_c': 0.45349924524821833, 'trop_agb_crit': 8.08277535876655, 'trop_k_veg': 0.8800959200188757, 'pop_amp': 0.16388744088665558, 'pop_peak': 3.839363267238396, 'pop_sig': 1.0271488833495541, 'fuel_k': 0.23212413497361434, 'fuel_half': 0.939871585430521}. Best is trial 1622 with value: -0.6125870653324885.
[I 2026-08-19 17:52:24,554] Trial 1814 finished with value: -0.5783505137949689 and parameters: {'k1': 0.007856747434873279, 'D_low': 23.639375726363948, 'k2': 0.0027616997378856734, 'D_high': 3694667.3564368985, 'fire_exp': 3.2278248858077316, 'P_half': 112.51885368111337, 'pre_dampen_half': 5.696263932820161, 'gpp_af': 2.82006264152411, 'gpp_b': 0.008879916215581563, 'gpp_d': 5.937608379552686, 'ign_k': 0.3745741986492717, 'ign_c': 7.117569362196089, 'trop_agb_crit': 2.278738341301554, 'trop_k_veg': 2.1536888433821035, 'pop_amp': 3.1560721947755783, 'pop_peak': 72.65170218731599, 'pop_sig': 0.6749665400131818, 'fuel_k': 0.11698431397814815, 'fuel_half': 0.6408763650183054}. Best is trial 1622 with value: -0.6125870653324885.
[I 2026-08-19 17:52:26,656] Trial 1815 finished with value: 0.5933706011691432 and parameters: {'k1': 0.003953605317798411, 'D_low': 46.09815820459758, 'k2': 2.293592139178973e-05, 'D_high': 2348871.440075731, 'fire_exp': 2.9598320698727276, 'P_half': 17.13987692334466, 'pre_dampen_half': 0.9888669199215994, 'gpp_af': 0.01884020002860606, 'gpp_b': 0.04986058198520552, 'gpp_d': 538.7641617269159, 'ign_k': 7.312915839738644, 'ign_c': 0.28968616699637406, 'trop_agb_crit': 15.209659516007667, 'trop_k_veg': 0.6014916276312812, 'pop_amp': 0.01991659928354522, 'pop_peak': 0.44937124124455685, 'pop_sig': 0.6647484365343449, 'fuel_k': 0.28683141676004764, 'fuel_half': 1.355878698198599}. Best is trial 1622 with value: -0.6125870653324885.
[I 2026-08-19 17:52:28,793] Trial 1816 finished with value: 0.44164919140650505 and parameters: {'k1': 0.06189649474335423, 'D_low': 1.7493397467141667, 'k2': 0.0005895301057639838, 'D_high': 2471353.0449964115, 'fire_exp': 6.726373380757306, 'P_half': 4.475655757455479, 'pre_dampen_half': 74.02922203699237, 'gpp_af': 0.22156982924011398, 'gpp_b': 4.5595890151863664e-05, 'gpp_d': 60.39474692510392, 'ign_k': 0.2939593165544673, 'ign_c': 7.8058008133589665, 'trop_agb_crit': 1.8117307197165236, 'trop_k_veg': 3.0676128179863102, 'pop_amp': 0.030145796420157314, 'pop_peak': 490.5435493444033, 'pop_sig': 0.9599163292189458, 'fuel_k': 0.27550224408037877, 'fuel_half': 0.27873493839557106}. Best is trial 1622 with value: -0.6125870653324885.
[I 2026-08-19 17:52:30,871] Trial 1817 finished with value: 0.5003150575025315 and parameters: {'k1': 0.002607917935733018, 'D_low': 2.9614604789692334, 'k2': 0.019179720964947928, 'D_high': 333995.4561884116, 'fire_exp': 6.818590128490827, 'P_half': 1.0770545313072022, 'pre_dampen_half': 0.428562107834542, 'gpp_af': 0.0031386699569907867, 'gpp_b': 0.00017960912111233227, 'gpp_d': 49.3068081404274, 'ign_k': 1.7723785802874514, 'ign_c': 0.10266673331596335, 'trop_agb_crit': 28.560733883354544, 'trop_k_veg': 1.9130958369879063, 'pop_amp': 0.003048758284464466, 'pop_peak': 0.08448155146841367, 'pop_sig': 0.38508753810918356, 'fuel_k': 0.7214587616313972, 'fuel_half': 0.18481253742199627}. Best is trial 1622 with value: -0.6125870653324885.
  trial 1818/2500  best_overall=0.6126  (54.1 min)
[I 2026-08-19 17:52:33,632] Trial 1818 finished with value: 0.5801397288659984 and parameters: {'k1': 0.00016571122362872827, 'D_low': 56165.35257539038, 'k2': 2.0361045744509563e-05, 'D_high': 788834.2300412732, 'fire_exp': 1.3979397341743702, 'P_half': 166.2529650781913, 'pre_dampen_half': 0.037308993467968794, 'gpp_af': 0.03329008973368926, 'gpp_b': 0.00014862719371690506, 'gpp_d': 93.21407607395186, 'ign_k': 0.007364465323259311, 'ign_c': 0.17482589202856183, 'trop_agb_crit': 11.051250742113824, 'trop_k_veg': 4.972447782579268, 'pop_amp': 0.3386455470611491, 'pop_peak': 4.059729390268312, 'pop_sig': 0.6868800752872339, 'fuel_k': 2.106539054612944, 'fuel_half': 0.5131597171396902}. Best is trial 1622 with value: -0.6125870653324885.
[I 2026-08-19 17:52:35,747] Trial 1819 finished with value: -0.5645768764363481 and parameters: {'k1': 0.0012707186583269063, 'D_low': 460.4598267090142, 'k2': 0.008894365265946438, 'D_high': 41605.88988323703, 'fire_exp': 3.229307351754747, 'P_half': 42.055466030174706, 'pre_dampen_half': 5.89258895730797, 'gpp_af': 0.9565153085917859, 'gpp_b': 0.05045485717428212, 'gpp_d': 896.6897258579813, 'ign_k': 0.8217337432547759, 'ign_c': 2.1673238002908364, 'trop_agb_crit': 29.312760985813668, 'trop_k_veg': 3.8218842453772752, 'pop_amp': 0.04180503783289083, 'pop_peak': 0.08517332102742951, 'pop_sig': 0.2956757706482596, 'fuel_k': 1.1997531137007427, 'fuel_half': 1.2024708633838816}. Best is trial 1622 with value: -0.6125870653324885.
[I 2026-08-19 17:52:37,887] Trial 1820 finished with value: 0.5980640992309059 and parameters: {'k1': 0.0008272236375721229, 'D_low': 3.071395653834231, 'k2': 9.064313069107799e-05, 'D_high': 2310220.3556696805, 'fire_exp': 4.108203027735129, 'P_half': 187.71004633852172, 'pre_dampen_half': 3.5909002878888923, 'gpp_af': 0.1401488662820157, 'gpp_b': 0.5309152255857091, 'gpp_d': 0.8238465586337763, 'ign_k': 0.27769372887982813, 'ign_c': 0.20031563564724045, 'trop_agb_crit': 11.512276326170907, 'trop_k_veg': 0.6201803559064865, 'pop_amp': 0.30936564595374444, 'pop_peak': 13.436229890711495, 'pop_sig': 0.6272257068911529, 'fuel_k': 0.09251630511973999, 'fuel_half': 1.2704495005614418}. Best is trial 1622 with value: -0.6125870653324885.
[I 2026-08-19 17:52:39,974] Trial 1821 finished with value: 0.5533743902150696 and parameters: {'k1': 0.09752404881532516, 'D_low': 9.080254117236437, 'k2': 0.09162811804489474, 'D_high': 3145298.068365613, 'fire_exp': 9.008610413564538, 'P_half': 31.005707319706303, 'pre_dampen_half': 1.644138936367089, 'gpp_af': 0.4792619309187065, 'gpp_b': 5.332575447909661e-05, 'gpp_d': 0.42635228332481756, 'ign_k': 0.5889601369418636, 'ign_c': 13.598661120389753, 'trop_agb_crit': 1.5937558134544447, 'trop_k_veg': 1.9528215251634442, 'pop_amp': 0.0023320354751513507, 'pop_peak': 370.24373270125227, 'pop_sig': 1.706343960442626, 'fuel_k': 0.04326987167847434, 'fuel_half': 0.1878179447247302}. Best is trial 1622 with value: -0.6125870653324885.
[I 2026-08-19 17:52:42,099] Trial 1822 finished with value: -0.5151242288905113 and parameters: {'k1': 1.4085882484705198e-05, 'D_low': 568.7720806020691, 'k2': 0.03636102164488522, 'D_high': 8382308.857188685, 'fire_exp': 1.2475806672177379, 'P_half': 307.9384899839282, 'pre_dampen_half': 18.954309269024215, 'gpp_af': 0.37756501077690535, 'gpp_b': 0.0022827873739062754, 'gpp_d': 7.800735860481222, 'ign_k': 0.03130319456207578, 'ign_c': 0.17125827196829943, 'trop_agb_crit': 22.54572546297625, 'trop_k_veg': 0.9600013055687757, 'pop_amp': 0.026999862852493194, 'pop_peak': 0.08652685595211851, 'pop_sig': 1.588790383551569, 'fuel_k': 0.07300519873293336, 'fuel_half': 15.18649764724824}. Best is trial 1622 with value: -0.6125870653324885.
[I 2026-08-19 17:52:44,080] Trial 1823 finished with value: 0.4599963885769043 and parameters: {'k1': 0.00024853074658534813, 'D_low': 182.78405920948592, 'k2': 0.03528462353358876, 'D_high': 1327027.7215881129, 'fire_exp': 1.6673840066221959, 'P_half': 64.024460731148, 'pre_dampen_half': 58.323421585935534, 'gpp_af': 0.010253684919396853, 'gpp_b': 3.645713042140924e-05, 'gpp_d': 13.051318979551418, 'ign_k': 1.936307190087423, 'ign_c': 4.980495475657465, 'trop_agb_crit': 3.504121347887497, 'trop_k_veg': 2.0992058346439473, 'pop_amp': 0.003018987027225853, 'pop_peak': 21.029797114447543, 'pop_sig': 1.56868698190226, 'fuel_k': 0.27451139847377554, 'fuel_half': 0.17739202785826388}. Best is trial 1622 with value: -0.6125870653324885.
[I 2026-08-19 17:52:46,174] Trial 1824 finished with value: 0.6430543204436658 and parameters: {'k1': 0.041936046896181134, 'D_low': 12681.213173433938, 'k2': 0.00034425620246192204, 'D_high': 18159.48564472689, 'fire_exp': 1.5355361942775516, 'P_half': 8.40099959874901, 'pre_dampen_half': 0.06442501105099033, 'gpp_af': 91.16533223957762, 'gpp_b': 1.1251585888520004, 'gpp_d': 0.028136639944005865, 'ign_k': 0.0029273159107726164, 'ign_c': 2.5638750701549102, 'trop_agb_crit': 1.0651286805010112, 'trop_k_veg': 0.9011863709461028, 'pop_amp': 0.005490048887299421, 'pop_peak': 0.27782849076587696, 'pop_sig': 2.0043509931245804, 'fuel_k': 0.28031427283233123, 'fuel_half': 25.99139733555452}. Best is trial 1622 with value: -0.6125870653324885.
[I 2026-08-19 17:52:48,293] Trial 1825 finished with value: 0.4930129654571933 and parameters: {'k1': 0.07577363382382163, 'D_low': 2.088936800825942, 'k2': 0.00036118468167056284, 'D_high': 798554.6668186384, 'fire_exp': 1.211806195671639, 'P_half': 219.3604066910314, 'pre_dampen_half': 0.5755095082539307, 'gpp_af': 0.002310190532597035, 'gpp_b': 0.001632185611653992, 'gpp_d': 59.15207976610501, 'ign_k': 0.14083986185952205, 'ign_c': 3.361850835835197, 'trop_agb_crit': 3.99253844595118, 'trop_k_veg': 6.526611823520161, 'pop_amp': 0.019550113404564095, 'pop_peak': 0.42312641368802484, 'pop_sig': 0.3586200436516387, 'fuel_k': 1.576861259494289, 'fuel_half': 1.3061353564965554}. Best is trial 1622 with value: -0.6125870653324885.
