[I 2026-06-08 12:16:29,492] Trial 392 finished with values: [10.224638005654246, 10.224638005654246] and parameters: {'k1': 0.004312951023617458, 'D_low': 38.82837025280678, 'k2': 8.923807143379776e-05, 'D_high': 42.070539502879384, 'fire_exp': 1.165368636520435, 'P_half': 93.43302657318476, 'pre_dampen_half': 107.40052367919465, 'gpp_af': 6.184662139590329, 'gpp_b': 0.0005752434266899163, 'gpp_d': 229.41380323183625, 'ign_k': 0.0680787482656459, 'ign_c': 20.03995359361212, 'trop_agb_crit': 24.584290528289387, 'trop_k_veg': 3.49157152291552}.
[I 2026-06-08 12:16:30,632] Trial 393 finished with values: [10.28491936505215, 10.28491936505215] and parameters: {'k1': 0.008287522363768155, 'D_low': 77.31571570012609, 'k2': 0.0012040762895973265, 'D_high': 783.2259769732478, 'fire_exp': 1.3170256885255098, 'P_half': 54.37591736923918, 'pre_dampen_half': 502.5175192217655, 'gpp_af': 1.200191344086032, 'gpp_b': 0.0021331409710300844, 'gpp_d': 2.944272359149677, 'ign_k': 0.0315101491238403, 'ign_c': 5.13055176058983, 'trop_agb_crit': 20.824968728078442, 'trop_k_veg': 1.0345878666211452}.
[I 2026-06-08 12:16:31,754] Trial 394 finished with values: [11.013737155319987, 11.013737155319987] and parameters: {'k1': 0.008912611835817005, 'D_low': 34.459310919273356, 'k2': 1.915468390724633e-05, 'D_high': 3712.591045287726, 'fire_exp': 1.0601964743503993, 'P_half': 4.213183643253957, 'pre_dampen_half': 502.5175192217655, 'gpp_af': 0.7539992074650279, 'gpp_b': 0.0021331409710300844, 'gpp_d': 5.1715677287580455, 'ign_k': 8.708806168038567, 'ign_c': 0.70689749506246, 'trop_agb_crit': 18.785197416433792, 'trop_k_veg': 6.2065960186008615}.
[I 2026-06-08 12:16:33,082] Trial 395 finished with values: [10.172933205390787, 10.172933205390787] and parameters: {'k1': 0.008287522363768155, 'D_low': 4.484744524732794, 'k2': 0.03538758864779238, 'D_high': 42210.21267871043, 'fire_exp': 1.3170256885255098, 'P_half': 220.3445560633069, 'pre_dampen_half': 63.6685916079943, 'gpp_af': 0.7539992074650279, 'gpp_b': 0.0021331409710300844, 'gpp_d': 5.1715677287580455, 'ign_k': 0.0680787482656459, 'ign_c': 0.1254144753902608, 'trop_agb_crit': 24.584290528289387, 'trop_k_veg': 1.4584243470991722}.
[I 2026-06-08 12:16:34,399] Trial 396 finished with values: [-0.5021435825847289, 0.2850719596266654] and parameters: {'k1': 0.004312951023617458, 'D_low': 77.31571570012609, 'k2': 0.012758211164590085, 'D_high': 783.2259769732478, 'fire_exp': 1.0629462657398439, 'P_half': 220.3445560633069, 'pre_dampen_half': 107.40052367919465, 'gpp_af': 0.7539992074650279, 'gpp_b': 3.43926796010005e-05, 'gpp_d': 16.460426816350523, 'ign_k': 0.0315101491238403, 'ign_c': 7.4063809263110905, 'trop_agb_crit': 24.584290528289387, 'trop_k_veg': 1.4584243470991722}.
[I 2026-06-08 12:16:35,618] Trial 397 finished with values: [10.116741231168142, 10.116741231168142] and parameters: {'k1': 0.03635503353478365, 'D_low': 38.82837025280678, 'k2': 1.915468390724633e-05, 'D_high': 645.2946500764235, 'fire_exp': 1.165368636520435, 'P_half': 93.43302657318476, 'pre_dampen_half': 107.40052367919465, 'gpp_af': 0.10409127568994281, 'gpp_b': 1.3575045977280317e-05, 'gpp_d': 0.41500286580679413, 'ign_k': 0.010167079878196114, 'ign_c': 15.221840161091626, 'trop_agb_crit': 24.584290528289387, 'trop_k_veg': 2.573214588078609}.
[I 2026-06-08 12:16:36,772] Trial 398 finished with values: [11.0336005366456, 11.0336005366456] and parameters: {'k1': 0.008912611835817005, 'D_low': 355.00125258511594, 'k2': 0.0007047307383115598, 'D_high': 61536.58035691648, 'fire_exp': 1.0601964743503993, 'P_half': 4.213183643253957, 'pre_dampen_half': 63.6685916079943, 'gpp_af': 6.155035361040188, 'gpp_b': 1.220003093173824e-05, 'gpp_d': 229.41380323183625, 'ign_k': 0.0680787482656459, 'ign_c': 5.13055176058983, 'trop_agb_crit': 24.80219492452611, 'trop_k_veg': 3.517697529584014}.
[I 2026-06-08 12:16:38,054] Trial 399 finished with values: [10.886138462117723, 10.886138462117723] and parameters: {'k1': 0.008912611835817005, 'D_low': 34.459310919273356, 'k2': 1.915468390724633e-05, 'D_high': 900.6846506533042, 'fire_exp': 1.1430983876313219, 'P_half': 523.1053126909052, 'pre_dampen_half': 502.5175192217655, 'gpp_af': 0.05511595477601767, 'gpp_b': 0.4192224259816183, 'gpp_d': 418.77522137884927, 'ign_k': 0.0680787482656459, 'ign_c': 54.09803697908719, 'trop_agb_crit': 10.965064494899984, 'trop_k_veg': 0.5349971555643298}.
[I 2026-06-08 12:16:39,175] Trial 400 finished with values: [10.008662317175945, 10.008662317175945] and parameters: {'k1': 0.004312951023617458, 'D_low': 4.484744524732794, 'k2': 8.923807143379776e-05, 'D_high': 3712.591045287726, 'fire_exp': 1.3170256885255098, 'P_half': 220.3445560633069, 'pre_dampen_half': 552.4163637315892, 'gpp_af': 0.7539992074650279, 'gpp_b': 3.481277316673104e-05, 'gpp_d': 5.1715677287580455, 'ign_k': 0.0680787482656459, 'ign_c': 0.70689749506246, 'trop_agb_crit': 24.584290528289387, 'trop_k_veg': 1.4584243470991722}.
[I 2026-06-08 12:16:40,331] Trial 401 finished with values: [10.046371893993115, 10.046371893993115] and parameters: {'k1': 0.008287522363768155, 'D_low': 2.143851363193517, 'k2': 0.0012040762895973265, 'D_high': 2940.51756322311, 'fire_exp': 1.1430983876313219, 'P_half': 56.22114524476698, 'pre_dampen_half': 10.129197956845726, 'gpp_af': 0.2204465010099918, 'gpp_b': 1.3289448722869181e-05, 'gpp_d': 2.944272359149677, 'ign_k': 0.060759029110813774, 'ign_c': 1.2431017136067033, 'trop_agb_crit': 24.584290528289387, 'trop_k_veg': 7.936472946233041}.
[I 2026-06-08 12:16:41,549] Trial 402 finished with values: [10.990024988381663, 10.990024988381663] and parameters: {'k1': 0.004312951023617458, 'D_low': 4.484744524732794, 'k2': 0.0012040762895973265, 'D_high': 25628.666000163565, 'fire_exp': 1.0601964743503993, 'P_half': 220.3445560633069, 'pre_dampen_half': 502.5175192217655, 'gpp_af': 0.7539992074650279, 'gpp_b': 0.0021331409710300844, 'gpp_d': 418.77522137884927, 'ign_k': 0.0680787482656459, 'ign_c': 15.221840161091626, 'trop_agb_crit': 24.584290528289387, 'trop_k_veg': 1.4584243470991722}.
[I 2026-06-08 12:16:42,799] Trial 403 finished with values: [10.86769930145368, 10.86769930145368] and parameters: {'k1': 0.00031134168041628584, 'D_low': 4.484744524732794, 'k2': 8.923807143379776e-05, 'D_high': 783.2259769732478, 'fire_exp': 2.667972213959779, 'P_half': 220.3445560633069, 'pre_dampen_half': 502.5175192217655, 'gpp_af': 1.9706963379095486, 'gpp_b': 0.0021331409710300844, 'gpp_d': 150.14555442537656, 'ign_k': 0.0315101491238403, 'ign_c': 7.4063809263110905, 'trop_agb_crit': 24.584290528289387, 'trop_k_veg': 1.4584243470991722}.
[I 2026-06-08 12:16:43,920] Trial 404 finished with values: [10.287463652061632, 10.287463652061632] and parameters: {'k1': 0.008471801418819975, 'D_low': 4.484744524732794, 'k2': 0.012758211164590085, 'D_high': 2940.51756322311, 'fire_exp': 1.1430983876313219, 'P_half': 220.3445560633069, 'pre_dampen_half': 502.5175192217655, 'gpp_af': 0.18069041761817034, 'gpp_b': 0.0021331409710300844, 'gpp_d': 84.31013932082456, 'ign_k': 0.0049611344501914005, 'ign_c': 18.219343937475102, 'trop_agb_crit': 3.5747129226002423, 'trop_k_veg': 1.4584243470991722}.
[I 2026-06-08 12:16:45,045] Trial 405 finished with values: [10.532330395936942, 10.532330395936942] and parameters: {'k1': 0.004312951023617458, 'D_low': 4.513311251103462, 'k2': 0.012758211164590085, 'D_high': 2940.51756322311, 'fire_exp': 1.1430983876313219, 'P_half': 220.3445560633069, 'pre_dampen_half': 10.129197956845726, 'gpp_af': 9.419931479490897, 'gpp_b': 0.0021331409710300844, 'gpp_d': 29.749683811098393, 'ign_k': 8.708806168038567, 'ign_c': 20.03995359361212, 'trop_agb_crit': 3.5747129226002423, 'trop_k_veg': 0.83140195149031}.
[I 2026-06-08 12:16:46,169] Trial 406 finished with values: [10.559562616145907, 10.559562616145907] and parameters: {'k1': 0.005952904331761848, 'D_low': 4.484744524732794, 'k2': 8.923807143379776e-05, 'D_high': 3712.591045287726, 'fire_exp': 1.3170256885255098, 'P_half': 220.3445560633069, 'pre_dampen_half': 552.4163637315892, 'gpp_af': 3.4702669886504163, 'gpp_b': 3.481277316673104e-05, 'gpp_d': 229.41380323183625, 'ign_k': 8.926311370835233, 'ign_c': 0.70689749506246, 'trop_agb_crit': 24.584290528289387, 'trop_k_veg': 1.4584243470991722}.
[I 2026-06-08 12:16:47,355] Trial 407 finished with values: [10.218803349635433, 10.218803349635433] and parameters: {'k1': 0.03635503353478365, 'D_low': 38.82837025280678, 'k2': 7.639737756882014e-05, 'D_high': 21.356209987689077, 'fire_exp': 1.0601964743503993, 'P_half': 12.808863354047988, 'pre_dampen_half': 107.40052367919465, 'gpp_af': 0.10409127568994281, 'gpp_b': 1.220003093173824e-05, 'gpp_d': 5.1715677287580455, 'ign_k': 0.0680787482656459, 'ign_c': 30.28574109895626, 'trop_agb_crit': 10.965064494899984, 'trop_k_veg': 2.573214588078609}.
[I 2026-06-08 12:16:48,590] Trial 408 finished with values: [10.204564518689374, 10.204564518689374] and parameters: {'k1': 0.06598741607403362, 'D_low': 38.82837025280678, 'k2': 1.1065812688893481e-05, 'D_high': 4316.517111160399, 'fire_exp': 1.3170256885255098, 'P_half': 220.3445560633069, 'pre_dampen_half': 241.69519319206728, 'gpp_af': 1.9706963379095486, 'gpp_b': 1.4540386644083135e-05, 'gpp_d': 84.31013932082456, 'ign_k': 0.0043958167971197126, 'ign_c': 15.221840161091626, 'trop_agb_crit': 24.584290528289387, 'trop_k_veg': 3.1473758868965476}.
[I 2026-06-08 12:16:49,777] Trial 409 finished with values: [10.147060006310038, 10.147060006310038] and parameters: {'k1': 0.012840669372724958, 'D_low': 77.31571570012609, 'k2': 0.0007047307383115598, 'D_high': 783.2259769732478, 'fire_exp': 1.4665043946307825, 'P_half': 54.37591736923918, 'pre_dampen_half': 502.5175192217655, 'gpp_af': 0.2204465010099918, 'gpp_b': 1.5385046399532158e-05, 'gpp_d': 16.460426816350523, 'ign_k': 0.0315101491238403, 'ign_c': 1.9580595319750387, 'trop_agb_crit': 24.584290528289387, 'trop_k_veg': 1.0345878666211452}.
[I 2026-06-08 12:16:50,899] Trial 410 finished with values: [10.0386033873406, 10.0386033873406] and parameters: {'k1': 0.03635503353478365, 'D_low': 4.484744524732794, 'k2': 0.0012040762895973265, 'D_high': 3712.591045287726, 'fire_exp': 1.3170256885255098, 'P_half': 12.808863354047988, 'pre_dampen_half': 107.40052367919465, 'gpp_af': 0.7539992074650279, 'gpp_b': 0.14577755664212386, 'gpp_d': 29.749683811098393, 'ign_k': 0.010939944910100021, 'ign_c': 30.28574109895626, 'trop_agb_crit': 24.584290528289387, 'trop_k_veg': 2.573214588078609}.
[I 2026-06-08 12:16:52,055] Trial 411 finished with values: [10.598221530672925, 10.598221530672925] and parameters: {'k1': 0.06598741607403362, 'D_low': 64.39790863101601, 'k2': 0.015763894361785387, 'D_high': 3712.591045287726, 'fire_exp': 1.695318866910499, 'P_half': 587.6331101080223, 'pre_dampen_half': 241.69519319206728, 'gpp_af': 6.155035361040188, 'gpp_b': 0.0021331409710300844, 'gpp_d': 16.460426816350523, 'ign_k': 0.010167079878196114, 'ign_c': 15.221840161091626, 'trop_agb_crit': 3.5747129226002423, 'trop_k_veg': 1.4584243470991722}.
[I 2026-06-08 12:16:53,366] Trial 412 finished with values: [10.027472310781148, 10.027472310781148] and parameters: {'k1': 0.005272264723319183, 'D_low': 83.62695993649682, 'k2': 0.004149969043497543, 'D_high': 3712.591045287726, 'fire_exp': 1.0629462657398439, 'P_half': 5.076307782729897, 'pre_dampen_half': 63.6685916079943, 'gpp_af': 0.7539992074650279, 'gpp_b': 0.14577755664212386, 'gpp_d': 5.1715677287580455, 'ign_k': 8.926311370835233, 'ign_c': 5.13055176058983, 'trop_agb_crit': 7.499945891579917, 'trop_k_veg': 0.83140195149031}.
[I 2026-06-08 12:16:54,646] Trial 413 finished with values: [-0.5402073781197526, 0.13851830265712972] and parameters: {'k1': 0.008471801418819975, 'D_low': 2.143851363193517, 'k2': 0.012758211164590085, 'D_high': 3712.591045287726, 'fire_exp': 1.1430983876313219, 'P_half': 56.22114524476698, 'pre_dampen_half': 10.129197956845726, 'gpp_af': 0.7539992074650279, 'gpp_b': 0.0054502936945582505, 'gpp_d': 10.369565216756202, 'ign_k': 8.708806168038567, 'ign_c': 1.2389052918551067, 'trop_agb_crit': 24.584290528289387, 'trop_k_veg': 6.2065960186008615}.
[I 2026-06-08 12:16:56,070] Trial 414 finished with values: [10.679225006904904, 10.679225006904904] and parameters: {'k1': 0.008912611835817005, 'D_low': 34.459310919273356, 'k2': 8.923807143379776e-05, 'D_high': 3712.591045287726, 'fire_exp': 1.1430983876313219, 'P_half': 220.3445560633069, 'pre_dampen_half': 502.5175192217655, 'gpp_af': 0.7539992074650279, 'gpp_b': 3.481277316673104e-05, 'gpp_d': 5.1715677287580455, 'ign_k': 2.1368329072358767, 'ign_c': 0.70689749506246, 'trop_agb_crit': 24.584290528289387, 'trop_k_veg': 1.4584243470991722}.
[I 2026-06-08 12:16:57,307] Trial 415 finished with values: [10.004852071766635, 10.004852071766635] and parameters: {'k1': 0.03635503353478365, 'D_low': 38.82837025280678, 'k2': 7.914423612155373e-05, 'D_high': 2940.51756322311, 'fire_exp': 1.165368636520435, 'P_half': 4.213183643253957, 'pre_dampen_half': 241.69519319206728, 'gpp_af': 6.155035361040188, 'gpp_b': 1.4540386644083135e-05, 'gpp_d': 5.1715677287580455, 'ign_k': 0.010939944910100021, 'ign_c': 30.28574109895626, 'trop_agb_crit': 25.382873076016292, 'trop_k_veg': 3.1473758868965476}.
[I 2026-06-08 12:16:58,573] Trial 416 finished with values: [10.503785240005962, 10.503785240005962] and parameters: {'k1': 0.007828534228218626, 'D_low': 4.484744524732794, 'k2': 0.012758211164590085, 'D_high': 3712.591045287726, 'fire_exp': 1.7329145403564932, 'P_half': 5.076307782729897, 'pre_dampen_half': 107.40052367919465, 'gpp_af': 0.7539992074650279, 'gpp_b': 3.43926796010005e-05, 'gpp_d': 0.05692321998383699, 'ign_k': 0.0315101491238403, 'ign_c': 7.4063809263110905, 'trop_agb_crit': 3.5747129226002423, 'trop_k_veg': 0.83140195149031}.
[I 2026-06-08 12:16:59,805] Trial 417 finished with values: [10.410244434037887, 10.410244434037887] and parameters: {'k1': 0.03635503353478365, 'D_low': 4.484744524732794, 'k2': 0.015763894361785387, 'D_high': 536.2153030688613, 'fire_exp': 1.695318866910499, 'P_half': 220.3445560633069, 'pre_dampen_half': 502.5175192217655, 'gpp_af': 0.7539992074650279, 'gpp_b': 0.0021331409710300844, 'gpp_d': 5.1715677287580455, 'ign_k': 0.010167079878196114, 'ign_c': 15.221840161091626, 'trop_agb_crit': 3.5747129226002423, 'trop_k_veg': 6.842216150864676}.
[I 2026-06-08 12:17:00,960] Trial 418 finished with values: [-0.48411193471840086, 0.2403667805641616] and parameters: {'k1': 0.012840669372724958, 'D_low': 355.00125258511594, 'k2': 1.1065812688893481e-05, 'D_high': 42210.21267871043, 'fire_exp': 1.3170256885255098, 'P_half': 93.43302657318476, 'pre_dampen_half': 502.5175192217655, 'gpp_af': 0.2204465010099918, 'gpp_b': 1.3289448722869181e-05, 'gpp_d': 1.493264336549928, 'ign_k': 0.0680787482656459, 'ign_c': 5.13055176058983, 'trop_agb_crit': 7.500118950416987, 'trop_k_veg': 3.869465953383845}.
[I 2026-06-08 12:17:02,083] Trial 419 finished with values: [10.733618249592244, 10.733618249592244] and parameters: {'k1': 0.012840669372724958, 'D_low': 4.484744524732794, 'k2': 1.1065812688893481e-05, 'D_high': 645.2946500764235, 'fire_exp': 1.0601964743503993, 'P_half': 93.43302657318476, 'pre_dampen_half': 1.254979363966895, 'gpp_af': 1.9706963379095486, 'gpp_b': 0.0021331409710300844, 'gpp_d': 84.31013932082456, 'ign_k': 0.0043958167971197126, 'ign_c': 15.221840161091626, 'trop_agb_crit': 24.584290528289387, 'trop_k_veg': 3.1473758868965476}.
[I 2026-06-08 12:17:03,316] Trial 420 finished with values: [10.192074721433272, 10.192074721433272] and parameters: {'k1': 0.03635503353478365, 'D_low': 38.82837025280678, 'k2': 0.0012040762895973265, 'D_high': 2940.51756322311, 'fire_exp': 1.165368636520435, 'P_half': 358.182027657807, 'pre_dampen_half': 107.40052367919465, 'gpp_af': 0.10409127568994281, 'gpp_b': 0.0005752434266899163, 'gpp_d': 0.9726844876539025, 'ign_k': 0.010167079878196114, 'ign_c': 30.28574109895626, 'trop_agb_crit': 3.5747129226002423, 'trop_k_veg': 2.573214588078609}.
[I 2026-06-08 12:17:04,487] Trial 421 finished with values: [10.671033148478358, 10.671033148478358] and parameters: {'k1': 0.002155595057104387, 'D_low': 1112.9571947046009, 'k2': 8.923807143379776e-05, 'D_high': 61536.58035691648, 'fire_exp': 1.0629462657398439, 'P_half': 12.498583886387651, 'pre_dampen_half': 502.5175192217655, 'gpp_af': 0.7539992074650279, 'gpp_b': 3.481277316673104e-05, 'gpp_d': 150.14555442537656, 'ign_k': 0.0680787482656459, 'ign_c': 5.13055176058983, 'trop_agb_crit': 1.14876138417489, 'trop_k_veg': 0.83140195149031}.
[I 2026-06-08 12:17:05,625] Trial 422 finished with values: [10.810875879039584, 10.810875879039584] and parameters: {'k1': 0.004312951023617458, 'D_low': 70.18267183720735, 'k2': 1.915468390724633e-05, 'D_high': 3712.591045287726, 'fire_exp': 1.1430983876313219, 'P_half': 8628.009047476773, 'pre_dampen_half': 107.40052367919465, 'gpp_af': 1.9706963379095486, 'gpp_b': 0.0021331409710300844, 'gpp_d': 84.31013932082456, 'ign_k': 2.1368329072358767, 'ign_c': 15.221840161091626, 'trop_agb_crit': 18.785197416433792, 'trop_k_veg': 1.555454318160094}.
[I 2026-06-08 12:17:06,764] Trial 423 finished with values: [-0.5294635389635869, 0.21098599869488077] and parameters: {'k1': 0.037704815040649445, 'D_low': 38.82837025280678, 'k2': 0.012758211164590085, 'D_high': 3712.591045287726, 'fire_exp': 1.0601964743503993, 'P_half': 93.43302657318476, 'pre_dampen_half': 107.40052367919465, 'gpp_af': 0.1476584299248268, 'gpp_b': 0.0005752434266899163, 'gpp_d': 10.369565216756202, 'ign_k': 0.0315101491238403, 'ign_c': 30.28574109895626, 'trop_agb_crit': 3.5747129226002423, 'trop_k_veg': 3.49157152291552}.
[I 2026-06-08 12:17:07,933] Trial 424 finished with values: [-0.4968646965833739, 0.22442829047103385] and parameters: {'k1': 0.004312951023617458, 'D_low': 70.18267183720735, 'k2': 0.012758211164590085, 'D_high': 2940.51756322311, 'fire_exp': 1.3170256885255098, 'P_half': 12.808863354047988, 'pre_dampen_half': 107.40052367919465, 'gpp_af': 0.1476584299248268, 'gpp_b': 0.0005752434266899163, 'gpp_d': 29.749683811098393, 'ign_k': 0.010167079878196114, 'ign_c': 20.03995359361212, 'trop_agb_crit': 2.1861040860339416, 'trop_k_veg': 1.4584243470991722}.
[I 2026-06-08 12:17:09,043] Trial 425 finished with values: [-0.4881030462194138, 0.3367083950632537] and parameters: {'k1': 7.118997101275657e-05, 'D_low': 38.82837025280678, 'k2': 0.0012040762895973265, 'D_high': 61536.58035691648, 'fire_exp': 1.165368636520435, 'P_half': 12.808863354047988, 'pre_dampen_half': 107.40052367919465, 'gpp_af': 3.4702669886504163, 'gpp_b': 0.01777482313117792, 'gpp_d': 229.41380323183625, 'ign_k': 0.010939944910100021, 'ign_c': 5.13055176058983, 'trop_agb_crit': 3.5747129226002423, 'trop_k_veg': 0.83140195149031}.
[I 2026-06-08 12:17:10,164] Trial 426 finished with values: [10.45407003529949, 10.45407003529949] and parameters: {'k1': 0.008912611835817005, 'D_low': 38.82837025280678, 'k2': 0.0012040762895973265, 'D_high': 61536.58035691648, 'fire_exp': 1.165368636520435, 'P_half': 93.43302657318476, 'pre_dampen_half': 107.40052367919465, 'gpp_af': 3.4702669886504163, 'gpp_b': 0.01777482313117792, 'gpp_d': 229.41380323183625, 'ign_k': 0.01364908766641695, 'ign_c': 5.13055176058983, 'trop_agb_crit': 24.80219492452611, 'trop_k_veg': 0.83140195149031}.
[I 2026-06-08 12:17:11,337] Trial 427 finished with values: [10.06991132254621, 10.06991132254621] and parameters: {'k1': 0.008471801418819975, 'D_low': 2.143851363193517, 'k2': 0.012758211164590085, 'D_high': 2940.51756322311, 'fire_exp': 1.1430983876313219, 'P_half': 4.213183643253957, 'pre_dampen_half': 10.129197956845726, 'gpp_af': 1.9706963379095486, 'gpp_b': 1.3289448722869181e-05, 'gpp_d': 84.31013932082456, 'ign_k': 0.0013320984762921239, 'ign_c': 0.70689749506246, 'trop_agb_crit': 24.584290528289387, 'trop_k_veg': 1.4584243470991722}.
[I 2026-06-08 12:17:12,570] Trial 428 finished with values: [10.812213517845386, 10.812213517845386] and parameters: {'k1': 0.004312951023617458, 'D_low': 70.18267183720735, 'k2': 0.0009562822793888481, 'D_high': 645.2946500764235, 'fire_exp': 1.4665043946307825, 'P_half': 220.3445560633069, 'pre_dampen_half': 107.40052367919465, 'gpp_af': 0.2204465010099918, 'gpp_b': 0.08128322984179755, 'gpp_d': 0.6960360257735198, 'ign_k': 0.0680787482656459, 'ign_c': 20.03995359361212, 'trop_agb_crit': 24.584290528289387, 'trop_k_veg': 5.492385920002873}.
[I 2026-06-08 12:17:13,707] Trial 429 finished with values: [10.376480042035311, 10.376480042035311] and parameters: {'k1': 0.004312951023617458, 'D_low': 792.6237587961899, 'k2': 0.015763894361785387, 'D_high': 3712.591045287726, 'fire_exp': 1.0629462657398439, 'P_half': 220.3445560633069, 'pre_dampen_half': 502.5175192217655, 'gpp_af': 0.7539992074650279, 'gpp_b': 0.006906522645653115, 'gpp_d': 29.749683811098393, 'ign_k': 0.0680787482656459, 'ign_c': 15.221840161091626, 'trop_agb_crit': 24.584290528289387, 'trop_k_veg': 1.4584243470991722}.
[I 2026-06-08 12:17:14,809] Trial 430 finished with values: [10.179469783324254, 10.179469783324254] and parameters: {'k1': 0.008912611835817005, 'D_low': 77.31571570012609, 'k2': 8.923807143379776e-05, 'D_high': 3712.591045287726, 'fire_exp': 1.0629462657398439, 'P_half': 523.1053126909052, 'pre_dampen_half': 693.3733406812293, 'gpp_af': 0.05511595477601767, 'gpp_b': 0.0021331409710300844, 'gpp_d': 10.369565216756202, 'ign_k': 0.0315101491238403, 'ign_c': 15.221840161091626, 'trop_agb_crit': 18.785197416433792, 'trop_k_veg': 1.4584243470991722}.
