[I 2026-08-06 03:05:52,297] Trial 1322 finished with values: [-0.4989954813225051, 0.14243613103698216] and parameters: {'k1': 0.00324789183891923, 'D_low': 29.89885508829526, 'k2': 0.0022957398214549472, 'D_high': 2969.087094484682, 'fire_exp': 1.0881360604103363, 'P_half': 215.55950571043874, 'pre_dampen_half': 304.7488318185732, 'gpp_af': 5.620854611217178, 'gpp_b': 0.008226792720717493, 'gpp_d': 29.83701993880331, 'ign_k': 0.6454459531371669, 'ign_c': 10.140635645866492}.
[I 2026-08-06 03:05:53,918] Trial 1323 finished with values: [10.009367293989335, 10.009367293989335] and parameters: {'k1': 0.00324789183891923, 'D_low': 29.89885508829526, 'k2': 0.05588430421438935, 'D_high': 2969.087094484682, 'fire_exp': 1.0881360604103363, 'P_half': 12.808863354047988, 'pre_dampen_half': 107.40052367919465, 'gpp_af': 1.3725472882585024, 'gpp_b': 0.00031478066835753096, 'gpp_d': 1.826381177000974, 'ign_k': 0.6454459531371669, 'ign_c': 10.140635645866492}.
[I 2026-08-06 03:05:55,459] Trial 1324 finished with values: [-0.46144797356520184, 0.2576899342413389] and parameters: {'k1': 0.00324789183891923, 'D_low': 29.89885508829526, 'k2': 1.61819746743859e-05, 'D_high': 2969.087094484682, 'fire_exp': 1.0881360604103363, 'P_half': 215.55950571043874, 'pre_dampen_half': 304.7488318185732, 'gpp_af': 5.620854611217178, 'gpp_b': 0.008226792720717493, 'gpp_d': 29.83701993880331, 'ign_k': 0.04733400761327903, 'ign_c': 10.140635645866492}.
[I 2026-08-06 03:05:56,922] Trial 1325 finished with values: [-0.5078490757232184, 0.19540253768678983] and parameters: {'k1': 0.00324789183891923, 'D_low': 10.980728756907085, 'k2': 0.012758211164590085, 'D_high': 2969.087094484682, 'fire_exp': 1.0881360604103363, 'P_half': 215.55950571043874, 'pre_dampen_half': 107.40052367919465, 'gpp_af': 4.5092553051828705, 'gpp_b': 0.00031478066835753096, 'gpp_d': 29.83701993880331, 'ign_k': 1.8669871096222272, 'ign_c': 10.140635645866492}.
[I 2026-08-06 03:05:58,402] Trial 1326 finished with values: [10.762127431322392, 10.762127431322392] and parameters: {'k1': 0.00324789183891923, 'D_low': 1.2299210465793122, 'k2': 0.03210808548911189, 'D_high': 2969.087094484682, 'fire_exp': 1.0881360604103363, 'P_half': 8417.601502819636, 'pre_dampen_half': 0.19171244775105253, 'gpp_af': 5.620854611217178, 'gpp_b': 0.008226792720717493, 'gpp_d': 29.83701993880331, 'ign_k': 0.9614686563869651, 'ign_c': 10.140635645866492}.
[I 2026-08-06 03:05:59,836] Trial 1327 finished with values: [10.672987203441416, 10.672987203441416] and parameters: {'k1': 0.00324789183891923, 'D_low': 70.18267183720735, 'k2': 0.0022957398214549472, 'D_high': 2969.087094484682, 'fire_exp': 1.0881360604103363, 'P_half': 1.0897490003652053, 'pre_dampen_half': 18.65834020040025, 'gpp_af': 0.009783362909802898, 'gpp_b': 0.024796579879439486, 'gpp_d': 4.5768578731086835, 'ign_k': 0.6454459531371669, 'ign_c': 6.160975294741436}.
[I 2026-08-06 03:06:01,277] Trial 1328 finished with values: [10.63783612473182, 10.63783612473182] and parameters: {'k1': 0.00324789183891923, 'D_low': 29.89885508829526, 'k2': 0.0007081721844034209, 'D_high': 7744.80118512745, 'fire_exp': 3.675617025971904, 'P_half': 215.55950571043874, 'pre_dampen_half': 107.40052367919465, 'gpp_af': 1.3725472882585024, 'gpp_b': 0.00013080022982604522, 'gpp_d': 0.6380717024176037, 'ign_k': 0.1384332853353327, 'ign_c': 6.160975294741436}.
[I 2026-08-06 03:06:02,738] Trial 1329 finished with values: [-0.48299637012479424, 0.06869665722377216] and parameters: {'k1': 0.00324789183891923, 'D_low': 2.458603276328005, 'k2': 0.0007081721844034209, 'D_high': 7744.80118512745, 'fire_exp': 1.151006986743773, 'P_half': 10.226988730324324, 'pre_dampen_half': 107.40052367919465, 'gpp_af': 0.0048478428004036025, 'gpp_b': 0.00031478066835753096, 'gpp_d': 34.37107943937136, 'ign_k': 0.1384332853353327, 'ign_c': 8.671454322584175}.
[I 2026-08-06 03:06:04,276] Trial 1330 finished with values: [-0.48432362795942535, 0.04344180501065009] and parameters: {'k1': 0.00324789183891923, 'D_low': 4.075267974954964, 'k2': 0.0022957398214549472, 'D_high': 2969.087094484682, 'fire_exp': 1.0881360604103363, 'P_half': 215.55950571043874, 'pre_dampen_half': 304.7488318185732, 'gpp_af': 0.6418343258142463, 'gpp_b': 0.024796579879439486, 'gpp_d': 29.83701993880331, 'ign_k': 0.6454459531371669, 'ign_c': 10.140635645866492}.
[I 2026-08-06 03:06:05,756] Trial 1331 finished with values: [-0.49666470745957325, 0.08127750012985757] and parameters: {'k1': 0.00324789183891923, 'D_low': 29.89885508829526, 'k2': 0.0007081721844034209, 'D_high': 2969.087094484682, 'fire_exp': 1.0881360604103363, 'P_half': 215.55950571043874, 'pre_dampen_half': 76.86605275420082, 'gpp_af': 1.3725472882585024, 'gpp_b': 0.008226792720717493, 'gpp_d': 29.83701993880331, 'ign_k': 0.6454459531371669, 'ign_c': 6.160975294741436}.
[I 2026-08-06 03:06:07,174] Trial 1332 finished with values: [-0.49993179320501235, 0.08872751182447236] and parameters: {'k1': 0.0035051730090894812, 'D_low': 71.73480907515082, 'k2': 0.013886937225450393, 'D_high': 2969.087094484682, 'fire_exp': 1.518582349269638, 'P_half': 215.55950571043874, 'pre_dampen_half': 724.4804125761929, 'gpp_af': 5.620854611217178, 'gpp_b': 0.011750724729953272, 'gpp_d': 29.749683811098393, 'ign_k': 0.6454459531371669, 'ign_c': 9.34330265731847}.
[I 2026-08-06 03:06:08,775] Trial 1333 finished with values: [-0.47265482172194195, 0.08826471933220115] and parameters: {'k1': 0.00324789183891923, 'D_low': 29.89885508829526, 'k2': 0.002935672965826306, 'D_high': 9769.756791866093, 'fire_exp': 1.0881360604103363, 'P_half': 215.55950571043874, 'pre_dampen_half': 304.7488318185732, 'gpp_af': 0.18148402127631746, 'gpp_b': 0.008226792720717493, 'gpp_d': 4.5768578731086835, 'ign_k': 0.6454459531371669, 'ign_c': 10.140635645866492}.
[I 2026-08-06 03:06:10,280] Trial 1334 finished with values: [10.287707600804872, 10.287707600804872] and parameters: {'k1': 0.00324789183891923, 'D_low': 4.075267974954964, 'k2': 0.0007081721844034209, 'D_high': 7744.80118512745, 'fire_exp': 1.151006986743773, 'P_half': 271.7121699145744, 'pre_dampen_half': 93.53769344293097, 'gpp_af': 1.3725472882585024, 'gpp_b': 0.00031478066835753096, 'gpp_d': 34.37107943937136, 'ign_k': 8.315365004960604, 'ign_c': 8.671454322584175}.
[I 2026-08-06 03:06:11,773] Trial 1335 finished with values: [10.088667468564498, 10.088667468564498] and parameters: {'k1': 0.0002500492108992787, 'D_low': 29.89885508829526, 'k2': 0.0022957398214549472, 'D_high': 2969.087094484682, 'fire_exp': 1.0881360604103363, 'P_half': 215.55950571043874, 'pre_dampen_half': 805.2502904451399, 'gpp_af': 0.18148402127631746, 'gpp_b': 0.011750724729953272, 'gpp_d': 29.83701993880331, 'ign_k': 0.6454459531371669, 'ign_c': 10.140635645866492}.
[I 2026-08-06 03:06:13,838] Trial 1336 finished with values: [10.767766592610077, 10.767766592610077] and parameters: {'k1': 0.00324789183891923, 'D_low': 29.89885508829526, 'k2': 0.002935672965826306, 'D_high': 6455.595882939566, 'fire_exp': 1.0881360604103363, 'P_half': 10.226988730324324, 'pre_dampen_half': 0.03719451708679172, 'gpp_af': 0.0048478428004036025, 'gpp_b': 0.011750724729953272, 'gpp_d': 34.37107943937136, 'ign_k': 0.0486276976221284, 'ign_c': 8.018119368890574}.
[I 2026-08-06 03:06:15,303] Trial 1337 finished with values: [10.752137652558675, 10.752137652558675] and parameters: {'k1': 0.00324789183891923, 'D_low': 70.18267183720735, 'k2': 0.0018200694976756812, 'D_high': 2088.984173542034, 'fire_exp': 1.0881360604103363, 'P_half': 12.808863354047988, 'pre_dampen_half': 0.05704717510936691, 'gpp_af': 0.6418343258142463, 'gpp_b': 0.024796579879439486, 'gpp_d': 1.826381177000974, 'ign_k': 0.6454459531371669, 'ign_c': 10.140635645866492}.
[I 2026-08-06 03:06:16,724] Trial 1338 finished with values: [10.327615130136472, 10.327615130136472] and parameters: {'k1': 0.00324789183891923, 'D_low': 2.458603276328005, 'k2': 0.0022957398214549472, 'D_high': 2969.087094484682, 'fire_exp': 1.0881360604103363, 'P_half': 29.632139204027364, 'pre_dampen_half': 304.7488318185732, 'gpp_af': 5.620854611217178, 'gpp_b': 0.008226792720717493, 'gpp_d': 368.30088529547436, 'ign_k': 0.6454459531371669, 'ign_c': 10.140635645866492}.
[I 2026-08-06 03:06:18,097] Trial 1339 finished with values: [-0.46963131852292594, 0.0695973267566754] and parameters: {'k1': 0.00324789183891923, 'D_low': 29.89885508829526, 'k2': 0.0022957398214549472, 'D_high': 2969.087094484682, 'fire_exp': 1.0881360604103363, 'P_half': 215.55950571043874, 'pre_dampen_half': 805.2502904451399, 'gpp_af': 0.18148402127631746, 'gpp_b': 0.008226792720717493, 'gpp_d': 29.83701993880331, 'ign_k': 0.6454459531371669, 'ign_c': 0.796650292267966}.
[I 2026-08-06 03:06:19,467] Trial 1340 finished with values: [-0.4986169437111444, 0.08889509694381725] and parameters: {'k1': 0.00324789183891923, 'D_low': 4.075267974954964, 'k2': 0.0022957398214549472, 'D_high': 2969.087094484682, 'fire_exp': 1.0881360604103363, 'P_half': 215.55950571043874, 'pre_dampen_half': 76.86605275420082, 'gpp_af': 0.017981805950824024, 'gpp_b': 0.00013080022982604522, 'gpp_d': 34.37107943937136, 'ign_k': 0.1384332853353327, 'ign_c': 0.1457050032975653}.
[I 2026-08-06 03:06:20,959] Trial 1341 finished with values: [-0.5054091917612602, 0.12641122300392416] and parameters: {'k1': 0.00324789183891923, 'D_low': 29.89885508829526, 'k2': 0.012758211164590085, 'D_high': 2969.087094484682, 'fire_exp': 1.0881360604103363, 'P_half': 215.55950571043874, 'pre_dampen_half': 107.40052367919465, 'gpp_af': 5.620854611217178, 'gpp_b': 0.008226792720717493, 'gpp_d': 29.83701993880331, 'ign_k': 0.6454459531371669, 'ign_c': 10.140635645866492}.
[I 2026-08-06 03:06:22,493] Trial 1342 finished with values: [-0.5039402367231006, 0.31174416380684633] and parameters: {'k1': 0.00324789183891923, 'D_low': 2.458603276328005, 'k2': 0.03210808548911189, 'D_high': 2969.087094484682, 'fire_exp': 1.151006986743773, 'P_half': 12.808863354047988, 'pre_dampen_half': 107.40052367919465, 'gpp_af': 5.620854611217178, 'gpp_b': 0.00031478066835753096, 'gpp_d': 1.826381177000974, 'ign_k': 0.6454459531371669, 'ign_c': 10.140635645866492}.
[I 2026-08-06 03:06:24,066] Trial 1343 finished with values: [-0.5123191199513429, 0.2348294946165309] and parameters: {'k1': 0.00324789183891923, 'D_low': 29.89885508829526, 'k2': 0.0022957398214549472, 'D_high': 2969.087094484682, 'fire_exp': 1.0881360604103363, 'P_half': 215.55950571043874, 'pre_dampen_half': 304.7488318185732, 'gpp_af': 5.620854611217178, 'gpp_b': 2.4497488749956643e-05, 'gpp_d': 1.826381177000974, 'ign_k': 4.006890332238651, 'ign_c': 10.140635645866492}.
[I 2026-08-06 03:06:25,620] Trial 1344 finished with values: [-0.48810084857756547, 0.09730940424894119] and parameters: {'k1': 0.00324789183891923, 'D_low': 29.89885508829526, 'k2': 0.002935672965826306, 'D_high': 2969.087094484682, 'fire_exp': 1.0881360604103363, 'P_half': 215.55950571043874, 'pre_dampen_half': 805.2502904451399, 'gpp_af': 1.3725472882585024, 'gpp_b': 0.008226792720717493, 'gpp_d': 2.893272120738162, 'ign_k': 8.315365004960604, 'ign_c': 10.140635645866492}.
[I 2026-08-06 03:06:27,124] Trial 1345 finished with values: [10.508801746289059, 10.508801746289059] and parameters: {'k1': 0.00324789183891923, 'D_low': 29.89885508829526, 'k2': 0.0022957398214549472, 'D_high': 25261.796445828073, 'fire_exp': 1.0881360604103363, 'P_half': 44.718513991627965, 'pre_dampen_half': 805.2502904451399, 'gpp_af': 1.3725472882585024, 'gpp_b': 0.03308649623479659, 'gpp_d': 4.5768578731086835, 'ign_k': 0.6454459531371669, 'ign_c': 6.160975294741436}.
[I 2026-08-06 03:06:28,646] Trial 1346 finished with values: [10.308052295541994, 10.308052295541994] and parameters: {'k1': 0.00324789183891923, 'D_low': 29.89885508829526, 'k2': 0.05790512193308814, 'D_high': 2969.087094484682, 'fire_exp': 1.518582349269638, 'P_half': 215.55950571043874, 'pre_dampen_half': 76.86605275420082, 'gpp_af': 0.18148402127631746, 'gpp_b': 0.008226792720717493, 'gpp_d': 26.07917317941345, 'ign_k': 0.6454459531371669, 'ign_c': 9.34330265731847}.
[I 2026-08-06 03:06:30,045] Trial 1347 finished with values: [10.440980504617606, 10.440980504617606] and parameters: {'k1': 0.00324789183891923, 'D_low': 2.458603276328005, 'k2': 0.002935672965826306, 'D_high': 9769.756791866093, 'fire_exp': 1.0881360604103363, 'P_half': 215.55950571043874, 'pre_dampen_half': 805.2502904451399, 'gpp_af': 5.620854611217178, 'gpp_b': 0.03308649623479659, 'gpp_d': 29.749683811098393, 'ign_k': 0.9614686563869651, 'ign_c': 10.140635645866492}.
[I 2026-08-06 03:06:31,597] Trial 1348 finished with values: [10.30802088386495, 10.30802088386495] and parameters: {'k1': 0.00324789183891923, 'D_low': 1.3628699025451325, 'k2': 0.03210808548911189, 'D_high': 1757.483082212096, 'fire_exp': 1.518582349269638, 'P_half': 124.04053921849349, 'pre_dampen_half': 805.2502904451399, 'gpp_af': 5.620854611217178, 'gpp_b': 0.09610325935041866, 'gpp_d': 4.5768578731086835, 'ign_k': 0.6454459531371669, 'ign_c': 0.1457050032975653}.
[I 2026-08-06 03:06:33,031] Trial 1349 finished with values: [-0.5024345383073784, 0.11097800280858472] and parameters: {'k1': 0.00324789183891923, 'D_low': 29.89885508829526, 'k2': 0.0022957398214549472, 'D_high': 2969.087094484682, 'fire_exp': 1.0881360604103363, 'P_half': 215.55950571043874, 'pre_dampen_half': 107.40052367919465, 'gpp_af': 5.620854611217178, 'gpp_b': 0.011750724729953272, 'gpp_d': 4.5768578731086835, 'ign_k': 0.6454459531371669, 'ign_c': 10.140635645866492}.
[I 2026-08-06 03:06:35,134] Trial 1350 finished with values: [10.1248071034834, 10.1248071034834] and parameters: {'k1': 0.00324789183891923, 'D_low': 2.8778985970624857, 'k2': 0.0022957398214549472, 'D_high': 2969.087094484682, 'fire_exp': 1.0881360604103363, 'P_half': 215.55950571043874, 'pre_dampen_half': 76.86605275420082, 'gpp_af': 0.18148402127631746, 'gpp_b': 0.011750724729953272, 'gpp_d': 29.749683811098393, 'ign_k': 0.6454459531371669, 'ign_c': 10.140635645866492}.
[I 2026-08-06 03:06:36,655] Trial 1351 finished with values: [-0.5062612484885143, 0.12907176457638525] and parameters: {'k1': 0.00324789183891923, 'D_low': 4.075267974954964, 'k2': 0.002935672965826306, 'D_high': 2969.087094484682, 'fire_exp': 1.518582349269638, 'P_half': 215.55950571043874, 'pre_dampen_half': 76.86605275420082, 'gpp_af': 5.620854611217178, 'gpp_b': 0.00013080022982604522, 'gpp_d': 29.749683811098393, 'ign_k': 0.6454459531371669, 'ign_c': 9.34330265731847}.
[I 2026-08-06 03:06:38,152] Trial 1352 finished with values: [-0.47451297019417094, 0.05294268462637519] and parameters: {'k1': 0.00324789183891923, 'D_low': 29.89885508829526, 'k2': 0.0022957398214549472, 'D_high': 2088.984173542034, 'fire_exp': 1.0881360604103363, 'P_half': 3.364457865463594, 'pre_dampen_half': 304.7488318185732, 'gpp_af': 0.6418343258142463, 'gpp_b': 0.024796579879439486, 'gpp_d': 29.83701993880331, 'ign_k': 0.6454459531371669, 'ign_c': 6.160975294741436}.
[I 2026-08-06 03:06:39,571] Trial 1353 finished with values: [10.769230769045793, 10.769230769045793] and parameters: {'k1': 0.004244442212210019, 'D_low': 29.89885508829526, 'k2': 0.002935672965826306, 'D_high': 2969.087094484682, 'fire_exp': 1.0881360604103363, 'P_half': 215.55950571043874, 'pre_dampen_half': 199.84738355074384, 'gpp_af': 0.18148402127631746, 'gpp_b': 0.011750724729953272, 'gpp_d': 29.749683811098393, 'ign_k': 0.6454459531371669, 'ign_c': 77.84974831204799}.
[I 2026-08-06 03:06:41,008] Trial 1354 finished with values: [10.017138831603729, 10.017138831603729] and parameters: {'k1': 0.00324789183891923, 'D_low': 29.89885508829526, 'k2': 0.0022957398214549472, 'D_high': 2969.087094484682, 'fire_exp': 1.151006986743773, 'P_half': 215.55950571043874, 'pre_dampen_half': 107.40052367919465, 'gpp_af': 5.620854611217178, 'gpp_b': 0.00031478066835753096, 'gpp_d': 1.826381177000974, 'ign_k': 4.006890332238651, 'ign_c': 8.671454322584175}.
[I 2026-08-06 03:06:42,469] Trial 1355 finished with values: [10.210860407233623, 10.210860407233623] and parameters: {'k1': 1.8649768600018216e-05, 'D_low': 29.89885508829526, 'k2': 0.0018200694976756812, 'D_high': 7744.80118512745, 'fire_exp': 1.151006986743773, 'P_half': 10.226988730324324, 'pre_dampen_half': 107.40052367919465, 'gpp_af': 5.620854611217178, 'gpp_b': 0.00031478066835753096, 'gpp_d': 34.607919041513284, 'ign_k': 0.6454459531371669, 'ign_c': 10.140635645866492}.
[I 2026-08-06 03:06:43,895] Trial 1356 finished with values: [10.016192928024951, 10.016192928024951] and parameters: {'k1': 0.0035051730090894812, 'D_low': 1.2299210465793122, 'k2': 0.013886937225450393, 'D_high': 2969.087094484682, 'fire_exp': 1.518582349269638, 'P_half': 215.55950571043874, 'pre_dampen_half': 107.40052367919465, 'gpp_af': 5.620854611217178, 'gpp_b': 0.011750724729953272, 'gpp_d': 29.83701993880331, 'ign_k': 0.9614686563869651, 'ign_c': 9.34330265731847}.
[I 2026-08-06 03:06:45,323] Trial 1357 finished with values: [10.753864789891756, 10.753864789891756] and parameters: {'k1': 0.00324789183891923, 'D_low': 4.075267974954964, 'k2': 0.0007081721844034209, 'D_high': 7744.80118512745, 'fire_exp': 1.0881360604103363, 'P_half': 215.55950571043874, 'pre_dampen_half': 5.220247411657379, 'gpp_af': 0.0048478428004036025, 'gpp_b': 0.024796579879439486, 'gpp_d': 29.83701993880331, 'ign_k': 0.1384332853353327, 'ign_c': 10.140635645866492}.
[I 2026-08-06 03:06:46,761] Trial 1358 finished with values: [10.975056595289283, 10.975056595289283] and parameters: {'k1': 0.0035051730090894812, 'D_low': 2.122762382987707, 'k2': 0.013886937225450393, 'D_high': 7744.80118512745, 'fire_exp': 1.518582349269638, 'P_half': 10.226988730324324, 'pre_dampen_half': 107.40052367919465, 'gpp_af': 5.620854611217178, 'gpp_b': 0.00031478066835753096, 'gpp_d': 34.37107943937136, 'ign_k': 0.6454459531371669, 'ign_c': 8.671454322584175}.
[I 2026-08-06 03:06:48,273] Trial 1359 finished with values: [-0.49619693393762077, 0.08075080234739496] and parameters: {'k1': 0.00324789183891923, 'D_low': 68.10869610924271, 'k2': 0.03210808548911189, 'D_high': 2969.087094484682, 'fire_exp': 1.0881360604103363, 'P_half': 215.55950571043874, 'pre_dampen_half': 107.40052367919465, 'gpp_af': 1.3725472882585024, 'gpp_b': 0.008226792720717493, 'gpp_d': 29.83701993880331, 'ign_k': 0.6454459531371669, 'ign_c': 6.160975294741436}.
[I 2026-08-06 03:06:49,653] Trial 1360 finished with values: [10.252651216538988, 10.252651216538988] and parameters: {'k1': 0.016594187721123744, 'D_low': 2.458603276328005, 'k2': 0.0022957398214549472, 'D_high': 2969.087094484682, 'fire_exp': 1.0881360604103363, 'P_half': 12.808863354047988, 'pre_dampen_half': 107.40052367919465, 'gpp_af': 0.2651437752241816, 'gpp_b': 0.09610325935041866, 'gpp_d': 0.6380717024176037, 'ign_k': 0.6454459531371669, 'ign_c': 8.671454322584175}.
[I 2026-08-06 03:06:51,058] Trial 1361 finished with values: [-0.5057726921998349, 0.127183343282679] and parameters: {'k1': 0.00324789183891923, 'D_low': 4.603606140283045, 'k2': 0.012758211164590085, 'D_high': 2969.087094484682, 'fire_exp': 1.0881360604103363, 'P_half': 215.55950571043874, 'pre_dampen_half': 107.40052367919465, 'gpp_af': 5.620854611217178, 'gpp_b': 0.008226792720717493, 'gpp_d': 29.83701993880331, 'ign_k': 0.6454459531371669, 'ign_c': 10.140635645866492}.
[I 2026-08-06 03:06:52,580] Trial 1362 finished with values: [10.443864242534962, 10.443864242534962] and parameters: {'k1': 0.00324789183891923, 'D_low': 29.89885508829526, 'k2': 0.002935672965826306, 'D_high': 9769.756791866093, 'fire_exp': 1.0881360604103363, 'P_half': 215.55950571043874, 'pre_dampen_half': 805.2502904451399, 'gpp_af': 5.620854611217178, 'gpp_b': 0.03308649623479659, 'gpp_d': 29.83701993880331, 'ign_k': 6.0644663134385235, 'ign_c': 10.140635645866492}.
[I 2026-08-06 03:06:54,067] Trial 1363 finished with values: [10.765360264871134, 10.765360264871134] and parameters: {'k1': 0.00324789183891923, 'D_low': 4.075267974954964, 'k2': 0.0022957398214549472, 'D_high': 2969.087094484682, 'fire_exp': 7.079056384398646, 'P_half': 474.3395631897005, 'pre_dampen_half': 805.2502904451399, 'gpp_af': 0.6418343258142463, 'gpp_b': 0.03308649623479659, 'gpp_d': 2.893272120738162, 'ign_k': 0.6454459531371669, 'ign_c': 6.160975294741436}.
[I 2026-08-06 03:06:56,112] Trial 1364 finished with values: [10.75212703059029, 10.75212703059029] and parameters: {'k1': 0.00324789183891923, 'D_low': 2.458603276328005, 'k2': 0.0007081721844034209, 'D_high': 2969.087094484682, 'fire_exp': 1.0881360604103363, 'P_half': 70.66140101361141, 'pre_dampen_half': 1.145058586925208, 'gpp_af': 0.0048478428004036025, 'gpp_b': 0.008226792720717493, 'gpp_d': 29.83701993880331, 'ign_k': 0.6454459531371669, 'ign_c': 8.671454322584175}.
[I 2026-08-06 03:06:57,592] Trial 1365 finished with values: [10.033939186622648, 10.033939186622648] and parameters: {'k1': 0.00324789183891923, 'D_low': 29.89885508829526, 'k2': 0.002935672965826306, 'D_high': 4016.926345849039, 'fire_exp': 1.0881360604103363, 'P_half': 215.55950571043874, 'pre_dampen_half': 805.2502904451399, 'gpp_af': 0.533530617354796, 'gpp_b': 2.4497488749956643e-05, 'gpp_d': 0.020481677776252226, 'ign_k': 4.006890332238651, 'ign_c': 10.140635645866492}.
[I 2026-08-06 03:06:59,112] Trial 1366 finished with values: [-0.4972952165331562, 0.06704434600238851] and parameters: {'k1': 0.00324789183891923, 'D_low': 2.458603276328005, 'k2': 0.0022957398214549472, 'D_high': 2969.087094484682, 'fire_exp': 1.0881360604103363, 'P_half': 215.55950571043874, 'pre_dampen_half': 76.86605275420082, 'gpp_af': 1.3725472882585024, 'gpp_b': 0.011750724729953272, 'gpp_d': 29.749683811098393, 'ign_k': 0.9614686563869651, 'ign_c': 7.916322947490362}.
