[I 2026-07-25 00:40:30,393] Trial 1437 finished with value: 0.4814905391354516 and parameters: {'k1': 0.07643254634219399, 'D_low': 72.86536966337276, 'k2': 0.0017591565285944614, 'D_high': 24094.823266682673, 'fire_exp': 1.8723652735186669, 'P_half': 193.675000627042, 'pre_dampen_half': 76.29612350095634, 'gpp_af': 0.029436684092676173, 'gpp_b': 0.00022038030686750485, 'gpp_d': 0.04807814204460862, 'ign_k': 0.25734374205632987, 'ign_c': 12.0818719158233, 'trop_agb_crit': 16.30675003786872, 'trop_k_veg': 1.1598792904134472, 'gdp_gamma': 1.765048086285664, 'cure_k': 0.0012113914849824078, 'cure_p_min': 330.78917339966284, 'cure_gpp_ref': 0.38365063711128505, 'cure_agb_crit': 1.330456041436553, 'fuel_k': 0.020584751177837837, 'fuel_half': 55.85010743556277}. Best is trial 1132 with value: -0.6317570269256394.
[I 2026-07-25 00:40:30,857] Trial 1438 finished with value: 0.47769312268644115 and parameters: {'k1': 0.00016124021504938517, 'D_low': 5.632910933972314, 'k2': 0.008535879354397815, 'D_high': 34576.038049466544, 'fire_exp': 1.325404060826767, 'P_half': 71.33028795752546, 'pre_dampen_half': 0.06287061129355967, 'gpp_af': 0.07277074490437865, 'gpp_b': 0.07185894338653225, 'gpp_d': 8.366685343085587, 'ign_k': 0.5743404535765979, 'ign_c': 6.314741409556267, 'trop_agb_crit': 2.5140009296010515, 'trop_k_veg': 2.094429648243832, 'gdp_gamma': 0.8664273977460092, 'cure_k': 0.03501089667705485, 'cure_p_min': 378.1200170389891, 'cure_gpp_ref': 0.3827989397497585, 'cure_agb_crit': 3.3144588068045415, 'fuel_k': 0.13611451663846696, 'fuel_half': 32.51586577761002}. Best is trial 1132 with value: -0.6317570269256394.
[I 2026-07-25 00:40:31,324] Trial 1439 finished with value: -0.5884231641531648 and parameters: {'k1': 0.026186971678770928, 'D_low': 4.695896577076682, 'k2': 1.7393685840294134e-05, 'D_high': 39517.97687865842, 'fire_exp': 1.5330574845830118, 'P_half': 19.10322910882936, 'pre_dampen_half': 0.48881153606960953, 'gpp_af': 4.539401475300247, 'gpp_b': 1.33559842532091, 'gpp_d': 442.55710519698073, 'ign_k': 1.1157576624203294, 'ign_c': 0.5931467368476001, 'trop_agb_crit': 4.3290359858369385, 'trop_k_veg': 5.556345944190329, 'gdp_gamma': 1.5914901431936044, 'cure_k': 0.010224638156936874, 'cure_p_min': 185.09399586766017, 'cure_gpp_ref': 1.2022269055183008, 'cure_agb_crit': 2.4239487536139563, 'fuel_k': 0.03452024186617554, 'fuel_half': 0.11947046646553228}. Best is trial 1132 with value: -0.6317570269256394.
[I 2026-07-25 00:40:31,789] Trial 1440 finished with value: 0.4527519031076259 and parameters: {'k1': 2.1159821998489053e-05, 'D_low': 19.094364613135873, 'k2': 1.3121701392803767e-05, 'D_high': 640700.9854586659, 'fire_exp': 1.7686037928232623, 'P_half': 1.235478735958952, 'pre_dampen_half': 0.5089617534096471, 'gpp_af': 0.14757308948141712, 'gpp_b': 0.00013751271465485844, 'gpp_d': 224.16342761566406, 'ign_k': 0.11679668920614816, 'ign_c': 1.9477757557268829, 'trop_agb_crit': 3.78979480270289, 'trop_k_veg': 0.9483567343427727, 'gdp_gamma': 1.1202910975599325, 'cure_k': 0.012818817877009097, 'cure_p_min': 273.2628825638291, 'cure_gpp_ref': 0.2859243527294031, 'cure_agb_crit': 2.129445676336805, 'fuel_k': 2.409672057749319, 'fuel_half': 30.042345486464583}. Best is trial 1132 with value: -0.6317570269256394.
[I 2026-07-25 00:40:32,284] Trial 1441 finished with value: -0.5383312790906928 and parameters: {'k1': 1.7982778151842412e-05, 'D_low': 2514.7968265601107, 'k2': 1.5826907760949275e-05, 'D_high': 252449.00622787417, 'fire_exp': 1.226043983967316, 'P_half': 2.0496287061530714, 'pre_dampen_half': 0.23273752945211876, 'gpp_af': 0.5463437751752881, 'gpp_b': 0.001999365227364574, 'gpp_d': 281.0195397803574, 'ign_k': 0.06409363157868178, 'ign_c': 74.83426448390132, 'trop_agb_crit': 1.4911464569144288, 'trop_k_veg': 0.703421372971899, 'gdp_gamma': 1.627828981422331, 'cure_k': 0.18401062388182912, 'cure_p_min': 296.85625767054245, 'cure_gpp_ref': 0.11635544261373497, 'cure_agb_crit': 3.0222996269116944, 'fuel_k': 0.08393745758555728, 'fuel_half': 20.750950858415795}. Best is trial 1132 with value: -0.6317570269256394.
[I 2026-07-25 00:40:32,774] Trial 1442 finished with value: 0.5020224717539911 and parameters: {'k1': 6.344722768322139e-05, 'D_low': 1.3856440881601013, 'k2': 0.0004246551586563401, 'D_high': 4349798.777704203, 'fire_exp': 2.1075359335689194, 'P_half': 9.632073471763714, 'pre_dampen_half': 2.816368720220597, 'gpp_af': 0.38291224119494227, 'gpp_b': 0.00969866747790141, 'gpp_d': 15.059812412091988, 'ign_k': 3.0024030842890888, 'ign_c': 11.172917202861846, 'trop_agb_crit': 4.72726842163784, 'trop_k_veg': 0.7349603438507981, 'gdp_gamma': 1.1155462308076791, 'cure_k': 0.09576323289381894, 'cure_p_min': 324.48682004961154, 'cure_gpp_ref': 0.7119688623713396, 'cure_agb_crit': 5.541305321819198, 'fuel_k': 1.3230253865701744, 'fuel_half': 2.4738212749454935}. Best is trial 1132 with value: -0.6317570269256394.
[I 2026-07-25 00:40:33,250] Trial 1443 finished with value: 0.5381704427104974 and parameters: {'k1': 0.035222780311501646, 'D_low': 11.918877888272126, 'k2': 0.008343931270007404, 'D_high': 451494.25715425925, 'fire_exp': 2.7787165071952007, 'P_half': 308.26438009579766, 'pre_dampen_half': 0.3369751112826678, 'gpp_af': 0.012662281439538283, 'gpp_b': 1.4993293001664686e-05, 'gpp_d': 264.01025102956834, 'ign_k': 0.012471527713915954, 'ign_c': 16.867316505099144, 'trop_agb_crit': 14.9810045513842, 'trop_k_veg': 3.1057649387472535, 'gdp_gamma': 0.1618727842204582, 'cure_k': 0.09321882318963544, 'cure_p_min': 210.36309607537152, 'cure_gpp_ref': 0.5801999432457081, 'cure_agb_crit': 3.500067401439781, 'fuel_k': 2.808900039866081, 'fuel_half': 7.868793227688606}. Best is trial 1132 with value: -0.6317570269256394.
[I 2026-07-25 00:40:33,716] Trial 1444 finished with value: 0.5175427531216025 and parameters: {'k1': 0.007077560874498915, 'D_low': 11.27169579701955, 'k2': 0.0045869458812988866, 'D_high': 6253888.113768989, 'fire_exp': 1.4674721317171755, 'P_half': 7.626378148171016, 'pre_dampen_half': 0.49461249327435747, 'gpp_af': 0.30230690343746797, 'gpp_b': 0.00010547653901072209, 'gpp_d': 432.1452251764184, 'ign_k': 0.0013704009662144428, 'ign_c': 300.76682140689996, 'trop_agb_crit': 11.431888381561697, 'trop_k_veg': 2.2004254273484696, 'gdp_gamma': 0.19623553444020087, 'cure_k': 0.0014167314395640957, 'cure_p_min': 336.0870054581445, 'cure_gpp_ref': 0.526781957936972, 'cure_agb_crit': 4.428496051929623, 'fuel_k': 0.17952167209065967, 'fuel_half': 13.774088995946375}. Best is trial 1132 with value: -0.6317570269256394.
[I 2026-07-25 00:40:34,175] Trial 1445 finished with value: 0.4145328584111253 and parameters: {'k1': 0.0010842569459365784, 'D_low': 1.4625019043259917, 'k2': 9.686749032303705e-05, 'D_high': 1117556.3374001808, 'fire_exp': 1.6106248681912465, 'P_half': 51.6475145921123, 'pre_dampen_half': 30.802587288560165, 'gpp_af': 0.008216138854906697, 'gpp_b': 0.013116057099457899, 'gpp_d': 414.66038635287265, 'ign_k': 0.002799681075449314, 'ign_c': 7.004110495395773, 'trop_agb_crit': 20.71348544044266, 'trop_k_veg': 4.8670207385670095, 'gdp_gamma': 1.0183417958122805, 'cure_k': 0.0806509411467443, 'cure_p_min': 250.55310990116126, 'cure_gpp_ref': 0.18939032292345365, 'cure_agb_crit': 3.800013838550281, 'fuel_k': 0.16659919021258218, 'fuel_half': 0.34982377105633883}. Best is trial 1132 with value: -0.6317570269256394.
[I 2026-07-25 00:40:34,641] Trial 1446 finished with value: 0.6048915065602477 and parameters: {'k1': 0.00026594156810686565, 'D_low': 2095.1475005278335, 'k2': 4.136131998026263e-05, 'D_high': 977474.2880410369, 'fire_exp': 1.5486531336845146, 'P_half': 81.533750310388, 'pre_dampen_half': 2.0901625846352605, 'gpp_af': 63.228621747482926, 'gpp_b': 0.001173143544221739, 'gpp_d': 157.2342411188824, 'ign_k': 0.18633315296504221, 'ign_c': 285.8254734527054, 'trop_agb_crit': 15.217007836116684, 'trop_k_veg': 1.609391826401904, 'gdp_gamma': 1.3891479998871226, 'cure_k': 0.0015255761332025005, 'cure_p_min': 256.53094468222093, 'cure_gpp_ref': 1.124165952136432, 'cure_agb_crit': 2.048217335300493, 'fuel_k': 0.0343427134887441, 'fuel_half': 0.4752881910356489}. Best is trial 1132 with value: -0.6317570269256394.
[I 2026-07-25 00:40:35,102] Trial 1447 finished with value: -0.6221509769594855 and parameters: {'k1': 0.00024688970650715755, 'D_low': 16.073636770178364, 'k2': 0.00048044438713485684, 'D_high': 396375.8074789781, 'fire_exp': 1.4741821505966328, 'P_half': 278.90063824639265, 'pre_dampen_half': 1.2563575979964399, 'gpp_af': 0.05910846374772689, 'gpp_b': 0.0034478907014999388, 'gpp_d': 45.67917932299306, 'ign_k': 1.0167129972501747, 'ign_c': 7.836834406684894, 'trop_agb_crit': 1.9611616642186878, 'trop_k_veg': 2.32252375435788, 'gdp_gamma': 0.38840804719837474, 'cure_k': 0.0219364734159415, 'cure_p_min': 250.05165060716516, 'cure_gpp_ref': 0.8629660388783542, 'cure_agb_crit': 3.3853506613687214, 'fuel_k': 0.8354335119790423, 'fuel_half': 3.3643195112782927}. Best is trial 1132 with value: -0.6317570269256394.
[I 2026-07-25 00:40:35,562] Trial 1448 finished with value: 0.5468075108322148 and parameters: {'k1': 0.09432718438578627, 'D_low': 1286.4919360447557, 'k2': 0.00031032245008708476, 'D_high': 5733795.730758267, 'fire_exp': 1.2840838493369415, 'P_half': 304.4039931597177, 'pre_dampen_half': 2.330757767042834, 'gpp_af': 0.005221180344342009, 'gpp_b': 0.010519457297242636, 'gpp_d': 68.4147384999896, 'ign_k': 0.1323665700699989, 'ign_c': 53.59408575001651, 'trop_agb_crit': 9.512598868677953, 'trop_k_veg': 1.271373538087375, 'gdp_gamma': 1.0038897768466173, 'cure_k': 0.029330389892149613, 'cure_p_min': 181.0015151897249, 'cure_gpp_ref': 0.44368694450192514, 'cure_agb_crit': 7.738781547759007, 'fuel_k': 1.2507589137395758, 'fuel_half': 4.887960337524462}. Best is trial 1132 with value: -0.6317570269256394.
[I 2026-07-25 00:40:36,022] Trial 1449 finished with value: 0.4346046364894848 and parameters: {'k1': 2.008786285630043e-05, 'D_low': 42.946105792526154, 'k2': 1.992369998000272e-05, 'D_high': 67639.88855443324, 'fire_exp': 1.7129592964899434, 'P_half': 123.46924859662877, 'pre_dampen_half': 2.5504070302973014, 'gpp_af': 0.05566072988556132, 'gpp_b': 0.007071783768531536, 'gpp_d': 31.232855577726035, 'ign_k': 0.6372638499580303, 'ign_c': 1.2171793078748725, 'trop_agb_crit': 3.130933928310954, 'trop_k_veg': 2.3376007889006907, 'gdp_gamma': 0.8125791432065426, 'cure_k': 0.004155721872228731, 'cure_p_min': 303.006422080534, 'cure_gpp_ref': 1.3201152252256616, 'cure_agb_crit': 5.226263330719814, 'fuel_k': 0.18631631578503322, 'fuel_half': 1.80958536726789}. Best is trial 1132 with value: -0.6317570269256394.
[I 2026-07-25 00:40:36,487] Trial 1450 finished with value: 0.582798074048662 and parameters: {'k1': 8.455782265908362e-05, 'D_low': 2.9149871827279212, 'k2': 0.001200375382729531, 'D_high': 1186.1261577054172, 'fire_exp': 1.4119141241369821, 'P_half': 583.6348048071314, 'pre_dampen_half': 4.064172121400913, 'gpp_af': 0.18362419423582124, 'gpp_b': 0.002862262884154691, 'gpp_d': 425.37017530102173, 'ign_k': 8.901770873233176, 'ign_c': 2.8842905909344774, 'trop_agb_crit': 3.379204870585242, 'trop_k_veg': 2.546078522042429, 'gdp_gamma': 0.543250869933689, 'cure_k': 0.025571240094119138, 'cure_p_min': 287.57421184955496, 'cure_gpp_ref': 0.6488979270481668, 'cure_agb_crit': 3.0592475853420336, 'fuel_k': 0.7333900107983639, 'fuel_half': 3.3418002351005356}. Best is trial 1132 with value: -0.6317570269256394.
[I 2026-07-25 00:40:36,948] Trial 1451 finished with value: -0.5388798510434146 and parameters: {'k1': 0.0005690849653793616, 'D_low': 56.14537636295178, 'k2': 0.0028828542446888675, 'D_high': 12899.36685242873, 'fire_exp': 1.7808187895732406, 'P_half': 509.6525767013902, 'pre_dampen_half': 40.989909549874994, 'gpp_af': 0.008078398442315966, 'gpp_b': 0.00023077831847735203, 'gpp_d': 1.226563522601799, 'ign_k': 0.8884362358172533, 'ign_c': 9.020609744604982, 'trop_agb_crit': 5.173095359977217, 'trop_k_veg': 1.2744458569492219, 'gdp_gamma': 0.1695757796343671, 'cure_k': 0.01644563304572286, 'cure_p_min': 174.38721412843745, 'cure_gpp_ref': 0.5182409089321214, 'cure_agb_crit': 2.105892319508607, 'fuel_k': 1.7478005066010192, 'fuel_half': 2.2091174552585353}. Best is trial 1132 with value: -0.6317570269256394.
[I 2026-07-25 00:40:37,409] Trial 1452 finished with value: -0.6084634520880956 and parameters: {'k1': 0.004907245889203166, 'D_low': 2281.474765031414, 'k2': 3.578724504539837e-05, 'D_high': 917144.7127331538, 'fire_exp': 1.1298086733737196, 'P_half': 254.2438102766005, 'pre_dampen_half': 0.3152448959859527, 'gpp_af': 17.191131864589384, 'gpp_b': 6.969566002203568, 'gpp_d': 491.94675059903454, 'ign_k': 0.0839311143375258, 'ign_c': 1.2013307007548488, 'trop_agb_crit': 3.1110593308510888, 'trop_k_veg': 7.476836600624323, 'gdp_gamma': 1.477640865175323, 'cure_k': 0.021081832308034832, 'cure_p_min': 239.47324124079583, 'cure_gpp_ref': 0.8095791397925686, 'cure_agb_crit': 3.68109798866844, 'fuel_k': 0.06751323460059405, 'fuel_half': 0.7299587163858237}. Best is trial 1132 with value: -0.6317570269256394.
[I 2026-07-25 00:40:37,870] Trial 1453 finished with value: -0.6000214219226649 and parameters: {'k1': 0.04654933662260219, 'D_low': 7681.408169832429, 'k2': 5.7826108704851434e-05, 'D_high': 5277710.167492254, 'fire_exp': 1.33673150899692, 'P_half': 248.34735524614578, 'pre_dampen_half': 1.1613741800243167, 'gpp_af': 59.170574893731896, 'gpp_b': 3.9602881102935537, 'gpp_d': 516.3581926795852, 'ign_k': 0.048067665705100175, 'ign_c': 3.3981478397083, 'trop_agb_crit': 6.973680951694708, 'trop_k_veg': 3.0925606188183483, 'gdp_gamma': 1.34751491485847, 'cure_k': 0.001105520137119031, 'cure_p_min': 359.40465567656884, 'cure_gpp_ref': 1.0607720909945855, 'cure_agb_crit': 1.9243902033182376, 'fuel_k': 0.1479471319410893, 'fuel_half': 0.2663799379247716}. Best is trial 1132 with value: -0.6317570269256394.
[I 2026-07-25 00:40:38,334] Trial 1454 finished with value: 0.4397099416226108 and parameters: {'k1': 8.457525861220131e-05, 'D_low': 139.49592603629992, 'k2': 0.0029953953245493064, 'D_high': 6169.326800662804, 'fire_exp': 1.9243425427452119, 'P_half': 554.5101012235579, 'pre_dampen_half': 0.882931232427437, 'gpp_af': 0.015975722453080154, 'gpp_b': 0.00011229087488145638, 'gpp_d': 1.0193722730603296, 'ign_k': 2.3185550068016623, 'ign_c': 3.081934508067689, 'trop_agb_crit': 1.8619461394123995, 'trop_k_veg': 1.5586711607890733, 'gdp_gamma': 0.036573914118187084, 'cure_k': 0.6049729499718044, 'cure_p_min': 354.22526201251014, 'cure_gpp_ref': 1.9650323569847865, 'cure_agb_crit': 3.643471613050584, 'fuel_k': 1.6134725782968535, 'fuel_half': 3.8561959274603423}. Best is trial 1132 with value: -0.6317570269256394.
[I 2026-07-25 00:40:38,802] Trial 1455 finished with value: 0.5568876782638138 and parameters: {'k1': 1.8742811047064637e-05, 'D_low': 1.4028170171180678, 'k2': 1.216202464435969e-05, 'D_high': 264625.3728646695, 'fire_exp': 2.367197937302115, 'P_half': 215.11462881793972, 'pre_dampen_half': 87.39333655652916, 'gpp_af': 0.03488556989617696, 'gpp_b': 0.49682811976612673, 'gpp_d': 210.7551136093482, 'ign_k': 0.0017030077692758896, 'ign_c': 3.286728490952445, 'trop_agb_crit': 6.0126300200035905, 'trop_k_veg': 5.706657915615341, 'gdp_gamma': 1.0003731474838862, 'cure_k': 0.04499135989598966, 'cure_p_min': 277.2562175236023, 'cure_gpp_ref': 0.29944644586847563, 'cure_agb_crit': 4.393863665109323, 'fuel_k': 0.029643769357844615, 'fuel_half': 0.12605896342255024}. Best is trial 1132 with value: -0.6317570269256394.
[I 2026-07-25 00:40:39,269] Trial 1456 finished with value: -0.5048089197248835 and parameters: {'k1': 0.045157955627912305, 'D_low': 2077.0465277153125, 'k2': 0.003201947977375871, 'D_high': 701877.9239583786, 'fire_exp': 2.7101481213439116, 'P_half': 17.93343240646483, 'pre_dampen_half': 199.54000717736065, 'gpp_af': 0.09962046884247777, 'gpp_b': 0.00037487363216147, 'gpp_d': 116.52792078974403, 'ign_k': 0.2265170635978964, 'ign_c': 462.60875283026917, 'trop_agb_crit': 7.86298801828784, 'trop_k_veg': 0.8649030279854892, 'gdp_gamma': 0.15157359836366296, 'cure_k': 0.22124995256745203, 'cure_p_min': 262.71756112156123, 'cure_gpp_ref': 0.8749071209723202, 'cure_agb_crit': 4.50490118753121, 'fuel_k': 0.49317205807437287, 'fuel_half': 5.367425562915301}. Best is trial 1132 with value: -0.6317570269256394.
[I 2026-07-25 00:40:39,731] Trial 1457 finished with value: 0.5348786993714854 and parameters: {'k1': 0.019675543640635375, 'D_low': 58.83609691785817, 'k2': 4.9958580711395866e-05, 'D_high': 118325.41547645621, 'fire_exp': 1.0557524281561776, 'P_half': 123.93391576810582, 'pre_dampen_half': 0.02273043867492068, 'gpp_af': 0.39954760781639115, 'gpp_b': 0.7376230154044071, 'gpp_d': 7.501952217966616, 'ign_k': 0.014665702883788411, 'ign_c': 0.22456658148248076, 'trop_agb_crit': 1.8274802602315687, 'trop_k_veg': 4.899400074944186, 'gdp_gamma': 1.5437650392735203, 'cure_k': 0.013132232606078478, 'cure_p_min': 237.64626775055433, 'cure_gpp_ref': 1.2328945597816996, 'cure_agb_crit': 6.792036491375878, 'fuel_k': 0.09529305532438456, 'fuel_half': 0.2158859095959836}. Best is trial 1132 with value: -0.6317570269256394.
[I 2026-07-25 00:40:40,194] Trial 1458 finished with value: 0.5697034611235962 and parameters: {'k1': 0.06622796582997072, 'D_low': 32.367642029475036, 'k2': 0.0026376173896349156, 'D_high': 8114009.818453821, 'fire_exp': 2.3639132204317623, 'P_half': 932.7338932472742, 'pre_dampen_half': 20.754870470941274, 'gpp_af': 0.0028388284632483276, 'gpp_b': 6.591658638896534e-05, 'gpp_d': 0.030857844681414094, 'ign_k': 0.004293869546602773, 'ign_c': 6.70314835727549, 'trop_agb_crit': 14.678456570009782, 'trop_k_veg': 1.930752314146001, 'gdp_gamma': 0.22081785008578084, 'cure_k': 0.011926151279095921, 'cure_p_min': 262.15048267454273, 'cure_gpp_ref': 0.43614846558998044, 'cure_agb_crit': 1.179113922304753, 'fuel_k': 0.014477722766740206, 'fuel_half': 47.45920489426261}. Best is trial 1132 with value: -0.6317570269256394.
[I 2026-07-25 00:40:40,803] Trial 1459 finished with value: 0.4876269655300637 and parameters: {'k1': 0.0002864230075383141, 'D_low': 1209.0342624823147, 'k2': 5.8879618799148346e-05, 'D_high': 2565118.137419135, 'fire_exp': 1.0019291400040398, 'P_half': 25.969612553822138, 'pre_dampen_half': 0.5436863855398291, 'gpp_af': 37.440726311673586, 'gpp_b': 6.252473920813154, 'gpp_d': 169.70875461033387, 'ign_k': 0.04152067888635765, 'ign_c': 4.645295271422915, 'trop_agb_crit': 2.763371330942219, 'trop_k_veg': 4.631170023353329, 'gdp_gamma': 0.11644230880544953, 'cure_k': 0.026720928589574616, 'cure_p_min': 300.85012080075444, 'cure_gpp_ref': 0.46989340170587723, 'cure_agb_crit': 4.657647351608979, 'fuel_k': 0.0778739914925136, 'fuel_half': 1.2282145788381411}. Best is trial 1132 with value: -0.6317570269256394.
[I 2026-07-25 00:40:41,269] Trial 1460 finished with value: 0.5472921370199965 and parameters: {'k1': 1.1213836437338463e-05, 'D_low': 4082.9455046919093, 'k2': 9.692479286975196e-05, 'D_high': 4854848.052282507, 'fire_exp': 1.1921981405118327, 'P_half': 1074.136952699716, 'pre_dampen_half': 0.2923610817671204, 'gpp_af': 0.43720761436985295, 'gpp_b': 0.016744335857783763, 'gpp_d': 2.06508430479048, 'ign_k': 0.00908088422304225, 'ign_c': 4.823708803850578, 'trop_agb_crit': 28.232412479974307, 'trop_k_veg': 0.5462935675258394, 'gdp_gamma': 0.5664877677279337, 'cure_k': 0.007316406978126783, 'cure_p_min': 94.83763396461251, 'cure_gpp_ref': 0.05402131795482912, 'cure_agb_crit': 1.993980548406726, 'fuel_k': 0.12561865460541075, 'fuel_half': 12.855651278310482}. Best is trial 1132 with value: -0.6317570269256394.
[I 2026-07-25 00:40:41,733] Trial 1461 finished with value: 0.4971448745964673 and parameters: {'k1': 0.004224780310115008, 'D_low': 4629.628803914031, 'k2': 1.2496951408854923e-05, 'D_high': 473885.1817416945, 'fire_exp': 1.682363599868679, 'P_half': 26.954548775060182, 'pre_dampen_half': 0.025963212553068965, 'gpp_af': 40.3137628406228, 'gpp_b': 2.0935140636071603, 'gpp_d': 498.94812959345455, 'ign_k': 0.012529251604758512, 'ign_c': 2.265280288816231, 'trop_agb_crit': 6.341132220897818, 'trop_k_veg': 5.367432453878129, 'gdp_gamma': 1.6752766885427026, 'cure_k': 0.006298851986195292, 'cure_p_min': 166.312936774572, 'cure_gpp_ref': 0.7507307083279817, 'cure_agb_crit': 3.2587179030415405, 'fuel_k': 0.04254792843100638, 'fuel_half': 0.889106048020229}. Best is trial 1132 with value: -0.6317570269256394.
[I 2026-07-25 00:40:42,196] Trial 1462 finished with value: 0.513240878139078 and parameters: {'k1': 0.06163234571791511, 'D_low': 31.862270815352478, 'k2': 0.012741271989102711, 'D_high': 47399.05783383081, 'fire_exp': 2.237371782271198, 'P_half': 142.00297701803044, 'pre_dampen_half': 76.83526484948925, 'gpp_af': 0.0017140505674541288, 'gpp_b': 0.0003008578654736525, 'gpp_d': 34.56774290406466, 'ign_k': 0.036932294226875405, 'ign_c': 14.708068622607659, 'trop_agb_crit': 5.893862745434206, 'trop_k_veg': 0.5152009710579657, 'gdp_gamma': 0.31619564187448185, 'cure_k': 0.0237026238648839, 'cure_p_min': 250.3284195536457, 'cure_gpp_ref': 0.6404533671885415, 'cure_agb_crit': 5.662211888738255, 'fuel_k': 0.052879568428053095, 'fuel_half': 0.922787621350828}. Best is trial 1132 with value: -0.6317570269256394.
