[I 2026-08-20 00:46:50,419] Trial 1428 finished with value: 0.6445374145881376 and parameters: {'k1': 0.07282670353123125, 'D_low': 14.10844170797215, 'k2': 1.9330198686420015e-05, 'D_high': 4267589.735232158, 'fire_exp': 4.552545977557685, 'P_half': 2.6389455984926617, 'pre_dampen_half': 3.032313599093285, 'gpp_af': 8.460401312200215, 'gpp_b': 2.671853457895952e-05, 'gpp_d': 501.12127555011995, 'ign_k': 1.7520665635687278, 'ign_c': 46.43707162910759, 'trop_agb_crit': 13.981218611279749, 'trop_k_veg': 2.5176008498572013}. Best is trial 1285 with value: -0.6015874360929447.
[I 2026-08-20 00:46:51,923] Trial 1429 finished with value: 0.6445374145881376 and parameters: {'k1': 0.04447043471533557, 'D_low': 6.198533182571471, 'k2': 1.7176661592528028e-05, 'D_high': 509765.4912543157, 'fire_exp': 7.558533549962697, 'P_half': 2.05861767365124, 'pre_dampen_half': 11.159818768869838, 'gpp_af': 4.423378754917285, 'gpp_b': 1.722213511511444e-05, 'gpp_d': 658.7608039787184, 'ign_k': 0.2728734578659592, 'ign_c': 77.99244993443094, 'trop_agb_crit': 14.105045211731882, 'trop_k_veg': 0.892984199791968}. Best is trial 1285 with value: -0.6015874360929447.
[I 2026-08-20 00:46:53,417] Trial 1430 finished with value: 0.4074973125176955 and parameters: {'k1': 8.605263924863704e-05, 'D_low': 9696.592024219524, 'k2': 0.0022640951052722126, 'D_high': 445912.80876330246, 'fire_exp': 1.0724309915435808, 'P_half': 397.09108593135704, 'pre_dampen_half': 12.969133646919323, 'gpp_af': 0.17542549486131237, 'gpp_b': 0.0007630012861541074, 'gpp_d': 280.1264941656214, 'ign_k': 1.9041900749119467, 'ign_c': 10.14782891992675, 'trop_agb_crit': 22.796504706725113, 'trop_k_veg': 1.846820000685745}. Best is trial 1285 with value: -0.6015874360929447.
[I 2026-08-20 00:46:54,920] Trial 1431 finished with value: 0.5794785960912505 and parameters: {'k1': 0.02185677023488174, 'D_low': 2.773366577652522, 'k2': 6.220262962831085e-05, 'D_high': 467943.66022452194, 'fire_exp': 5.1857998296783805, 'P_half': 55.74264831510432, 'pre_dampen_half': 37.75096595518973, 'gpp_af': 30.623771547360064, 'gpp_b': 0.00018670259113859878, 'gpp_d': 471.0951979411241, 'ign_k': 0.010013178754643302, 'ign_c': 1.6509835715649763, 'trop_agb_crit': 28.383794483343355, 'trop_k_veg': 1.4897715951794357}. Best is trial 1285 with value: -0.6015874360929447.
[I 2026-08-20 00:46:56,385] Trial 1432 finished with value: 0.5912077758072205 and parameters: {'k1': 0.018966330036147446, 'D_low': 1.6709982848170277, 'k2': 1.1697197362575825e-05, 'D_high': 16091.65348001193, 'fire_exp': 8.736598756365982, 'P_half': 50.384616351615826, 'pre_dampen_half': 4.105292283127019, 'gpp_af': 16.123754085536106, 'gpp_b': 0.007095602869140231, 'gpp_d': 387.85042316101294, 'ign_k': 0.1454084185965327, 'ign_c': 7.026325530271689, 'trop_agb_crit': 20.941353104832835, 'trop_k_veg': 2.152904710886243}. Best is trial 1285 with value: -0.6015874360929447.
[I 2026-08-20 00:46:57,829] Trial 1433 finished with value: 0.6445374145881376 and parameters: {'k1': 7.848875071525542e-05, 'D_low': 16160.496205207168, 'k2': 3.0776485905812234e-05, 'D_high': 10.045313154590973, 'fire_exp': 7.496927883633464, 'P_half': 299.3395317542461, 'pre_dampen_half': 0.015435724182116957, 'gpp_af': 0.6343921949022644, 'gpp_b': 1.2161957353216009e-05, 'gpp_d': 9.811710737598803, 'ign_k': 0.2206209492770515, 'ign_c': 824.0022290604877, 'trop_agb_crit': 26.064030340311696, 'trop_k_veg': 5.3695787214852855}. Best is trial 1285 with value: -0.6015874360929447.
[I 2026-08-20 00:46:59,282] Trial 1434 finished with value: 0.5401767831794809 and parameters: {'k1': 0.005839487095024042, 'D_low': 1084.6026218463537, 'k2': 1.1694296747809939e-05, 'D_high': 2037150.1875709621, 'fire_exp': 5.142030967490123, 'P_half': 6.520684012954106, 'pre_dampen_half': 378.0732267802307, 'gpp_af': 37.14438003218425, 'gpp_b': 1.501115856318192e-05, 'gpp_d': 78.73319107247666, 'ign_k': 0.7847294559233634, 'ign_c': 1.8301432403601705, 'trop_agb_crit': 26.034380315733753, 'trop_k_veg': 4.491753462678209}. Best is trial 1285 with value: -0.6015874360929447.
[I 2026-08-20 00:47:00,704] Trial 1435 finished with value: 0.5792170764684473 and parameters: {'k1': 1.8339373704564613e-05, 'D_low': 1074.2495205663079, 'k2': 0.03558161159729107, 'D_high': 16305.5054684564, 'fire_exp': 1.2690751139405807, 'P_half': 1.3143311287498014, 'pre_dampen_half': 0.04843475393951602, 'gpp_af': 2.6778121249525535, 'gpp_b': 0.0015812007295123473, 'gpp_d': 30.731632166963355, 'ign_k': 0.46972774009490387, 'ign_c': 1.7636129038877624, 'trop_agb_crit': 17.164064063119685, 'trop_k_veg': 1.9742314999493202}. Best is trial 1285 with value: -0.6015874360929447.
[I 2026-08-20 00:47:02,218] Trial 1436 finished with value: 0.6176551418730262 and parameters: {'k1': 0.00015633687559215255, 'D_low': 2279.4490662309076, 'k2': 0.0011669178764626654, 'D_high': 4661.0807464116915, 'fire_exp': 3.07884823885876, 'P_half': 4.107803636653966, 'pre_dampen_half': 4.802359686827632, 'gpp_af': 2.9099547733857736, 'gpp_b': 0.004343056512326007, 'gpp_d': 1.333395695112325, 'ign_k': 0.051010577735142, 'ign_c': 0.10045043159098566, 'trop_agb_crit': 16.408842249853166, 'trop_k_veg': 7.463976465704939}. Best is trial 1285 with value: -0.6015874360929447.
[I 2026-08-20 00:47:03,632] Trial 1437 finished with value: 0.521453867235758 and parameters: {'k1': 0.0015203682489499147, 'D_low': 11.896177271482586, 'k2': 0.0002122477875691618, 'D_high': 2634927.817951175, 'fire_exp': 1.5414193253841157, 'P_half': 812.6107238909481, 'pre_dampen_half': 1.0643186610656137, 'gpp_af': 4.819714109584174, 'gpp_b': 0.11763541635447805, 'gpp_d': 520.1072134829428, 'ign_k': 0.6219532144169123, 'ign_c': 3.6083213529561946, 'trop_agb_crit': 23.843915338010707, 'trop_k_veg': 2.83589541174618}. Best is trial 1285 with value: -0.6015874360929447.
[I 2026-08-20 00:47:05,380] Trial 1438 finished with value: 0.543820431572066 and parameters: {'k1': 4.033164509845382e-05, 'D_low': 2490.4253320303374, 'k2': 0.006433157684979572, 'D_high': 3454450.8378373208, 'fire_exp': 2.0275168157006154, 'P_half': 2.199084474582208, 'pre_dampen_half': 52.21093447228817, 'gpp_af': 0.0022813496402094824, 'gpp_b': 0.0011043155549792935, 'gpp_d': 69.76014908815974, 'ign_k': 0.05702765354893894, 'ign_c': 0.6063359514363421, 'trop_agb_crit': 17.676539162579843, 'trop_k_veg': 3.9137742074601607}. Best is trial 1285 with value: -0.6015874360929447.
[I 2026-08-20 00:47:07,612] Trial 1439 finished with value: 0.6415569123740602 and parameters: {'k1': 0.0003015133786952552, 'D_low': 40.41738842934945, 'k2': 0.0003631403447421338, 'D_high': 1326.5585059759753, 'fire_exp': 2.240687627840314, 'P_half': 1.1173798250102134, 'pre_dampen_half': 1.676925628583005, 'gpp_af': 31.471088141836663, 'gpp_b': 0.0005880296072414598, 'gpp_d': 0.033232818843417875, 'ign_k': 0.17352258062231712, 'ign_c': 6.884525555741147, 'trop_agb_crit': 25.208012275716705, 'trop_k_veg': 1.312149959906551}. Best is trial 1285 with value: -0.6015874360929447.
[I 2026-08-20 00:47:09,235] Trial 1440 finished with value: -0.5519489513714221 and parameters: {'k1': 0.0001151810740716865, 'D_low': 1.6913700000935181, 'k2': 0.0037885213457025304, 'D_high': 3862755.2368723312, 'fire_exp': 3.6891760277073864, 'P_half': 41.604039186495946, 'pre_dampen_half': 6.097556675893351, 'gpp_af': 9.150716663064593, 'gpp_b': 0.0005053225562471129, 'gpp_d': 83.19501223750109, 'ign_k': 1.0232435427706703, 'ign_c': 0.9041798129242217, 'trop_agb_crit': 4.0613186532876675, 'trop_k_veg': 2.977233595793792}. Best is trial 1285 with value: -0.6015874360929447.
[I 2026-08-20 00:47:10,915] Trial 1441 finished with value: 0.4322301245297572 and parameters: {'k1': 0.007936010380532533, 'D_low': 7.474168819230311, 'k2': 1.857041791515017e-05, 'D_high': 3755826.0264441413, 'fire_exp': 7.987503820087249, 'P_half': 16.730888319815616, 'pre_dampen_half': 782.909330003697, 'gpp_af': 2.250951151845144, 'gpp_b': 0.01136006224860124, 'gpp_d': 441.812531210967, 'ign_k': 1.1944227471172313, 'ign_c': 12.769207108970452, 'trop_agb_crit': 12.710043111130933, 'trop_k_veg': 0.6364576811115606}. Best is trial 1285 with value: -0.6015874360929447.
[I 2026-08-20 00:47:12,570] Trial 1442 finished with value: 0.5005567352929742 and parameters: {'k1': 0.005483674511878409, 'D_low': 2.0488744488138755, 'k2': 1.7551848475671218e-05, 'D_high': 7955650.197376085, 'fire_exp': 2.5802293898460835, 'P_half': 4.233445782211295, 'pre_dampen_half': 33.72894184755392, 'gpp_af': 0.8778439669055637, 'gpp_b': 0.01531293521134202, 'gpp_d': 81.84832349311618, 'ign_k': 1.2284818958582449, 'ign_c': 25.26027457082124, 'trop_agb_crit': 1.4517616890125686, 'trop_k_veg': 0.8000820999820697}. Best is trial 1285 with value: -0.6015874360929447.
[I 2026-08-20 00:47:14,113] Trial 1443 finished with value: 0.6174238428241906 and parameters: {'k1': 0.0006548211834611514, 'D_low': 9949.42974499874, 'k2': 0.016822075721057473, 'D_high': 8069.803787172231, 'fire_exp': 2.207456157473617, 'P_half': 5.297673963504355, 'pre_dampen_half': 0.36485718928029987, 'gpp_af': 0.00499601416365008, 'gpp_b': 0.12794108169657303, 'gpp_d': 0.22267392682318948, 'ign_k': 2.5956226268378844, 'ign_c': 2.0159065231818745, 'trop_agb_crit': 1.6500491799578103, 'trop_k_veg': 1.0317834407256574}. Best is trial 1285 with value: -0.6015874360929447.
[I 2026-08-20 00:47:15,718] Trial 1444 finished with value: 0.4814794232993066 and parameters: {'k1': 9.354553089937233e-05, 'D_low': 4.370490297481977, 'k2': 0.0009088100846629356, 'D_high': 4033851.9155830396, 'fire_exp': 2.0328069439564285, 'P_half': 1.566515451888179, 'pre_dampen_half': 226.1799794490418, 'gpp_af': 0.0624900311762639, 'gpp_b': 4.640553740820654e-05, 'gpp_d': 258.9240377898338, 'ign_k': 9.47873829268547, 'ign_c': 4.92113970758494, 'trop_agb_crit': 3.46101943576474, 'trop_k_veg': 2.414819673875771}. Best is trial 1285 with value: -0.6015874360929447.
[I 2026-08-20 00:47:17,456] Trial 1445 finished with value: 0.5366259948771072 and parameters: {'k1': 0.0005597560682044975, 'D_low': 1.3473889516326512, 'k2': 8.064628763030485e-05, 'D_high': 4274358.142422017, 'fire_exp': 8.843972679113348, 'P_half': 1.3879211376996576, 'pre_dampen_half': 200.60768786399393, 'gpp_af': 2.3584974436124173, 'gpp_b': 0.0003476753378325969, 'gpp_d': 954.6099643249621, 'ign_k': 5.6197025673223, 'ign_c': 28.418288353507176, 'trop_agb_crit': 3.4136243811461626, 'trop_k_veg': 2.8120925773348993}. Best is trial 1285 with value: -0.6015874360929447.
[I 2026-08-20 00:47:19,162] Trial 1446 finished with value: 0.6445374145881376 and parameters: {'k1': 3.8795879389026676e-05, 'D_low': 105020.60821931648, 'k2': 0.00317379840239362, 'D_high': 17.05897853446044, 'fire_exp': 1.460070853593966, 'P_half': 3.009398284701003, 'pre_dampen_half': 0.03117623966664094, 'gpp_af': 0.4854630546775273, 'gpp_b': 0.021183481178353745, 'gpp_d': 2.3038338424950595, 'ign_k': 0.4813559562049165, 'ign_c': 477.6993399099827, 'trop_agb_crit': 1.7472996513219896, 'trop_k_veg': 1.586757567983569}. Best is trial 1285 with value: -0.6015874360929447.
[I 2026-08-20 00:47:20,752] Trial 1447 finished with value: 0.6445374145881376 and parameters: {'k1': 0.00565162527454626, 'D_low': 437.58920158426633, 'k2': 0.00048480754265653594, 'D_high': 9840469.383793969, 'fire_exp': 2.0863785764097735, 'P_half': 539.9219972986474, 'pre_dampen_half': 53.00469612854193, 'gpp_af': 0.7131887785875839, 'gpp_b': 0.18365343877375717, 'gpp_d': 972.8319047525721, 'ign_k': 0.3563870863729901, 'ign_c': 99.76507342751978, 'trop_agb_crit': 14.413307171832802, 'trop_k_veg': 2.091720259925145}. Best is trial 1285 with value: -0.6015874360929447.
[I 2026-08-20 00:47:22,211] Trial 1448 finished with value: 0.538193632477999 and parameters: {'k1': 0.024658384499642142, 'D_low': 30.94563228267392, 'k2': 1.129291522862536e-05, 'D_high': 1748818.3686010118, 'fire_exp': 3.8206919173047917, 'P_half': 4.369379037163558, 'pre_dampen_half': 71.23053893066525, 'gpp_af': 12.16135638901018, 'gpp_b': 6.28397080466356e-05, 'gpp_d': 101.5564578046629, 'ign_k': 0.04468980424615445, 'ign_c': 12.949633423656469, 'trop_agb_crit': 12.241462796261338, 'trop_k_veg': 1.0490628542239133}. Best is trial 1285 with value: -0.6015874360929447.
[I 2026-08-20 00:47:23,635] Trial 1449 finished with value: 0.5470339378896324 and parameters: {'k1': 0.0015897219301444743, 'D_low': 24.840732179143625, 'k2': 0.0002679797235793339, 'D_high': 5958509.0016161455, 'fire_exp': 3.755583531801552, 'P_half': 13.353865906599305, 'pre_dampen_half': 0.06416316541210075, 'gpp_af': 8.505066667146695, 'gpp_b': 0.05956066400450436, 'gpp_d': 138.0566631442184, 'ign_k': 3.2685213020763175, 'ign_c': 0.7431600135752451, 'trop_agb_crit': 2.1081160838808373, 'trop_k_veg': 2.7924788437108288}. Best is trial 1285 with value: -0.6015874360929447.
[I 2026-08-20 00:47:25,044] Trial 1450 finished with value: 0.5346108218297116 and parameters: {'k1': 0.00016840814944903284, 'D_low': 6874.264109817806, 'k2': 0.00040981985947936486, 'D_high': 1420515.2240996622, 'fire_exp': 7.706200098992764, 'P_half': 1.8140787192772843, 'pre_dampen_half': 233.95519180121687, 'gpp_af': 0.16733010729374195, 'gpp_b': 0.01709933157465776, 'gpp_d': 3.0746710649920073, 'ign_k': 2.368706194228036, 'ign_c': 0.3265830993840628, 'trop_agb_crit': 21.83900080145176, 'trop_k_veg': 4.573466931427681}. Best is trial 1285 with value: -0.6015874360929447.
[I 2026-08-20 00:47:26,735] Trial 1451 finished with value: 0.41038907751322173 and parameters: {'k1': 0.0021161686936407346, 'D_low': 40.446841592360244, 'k2': 0.006022878445948417, 'D_high': 860802.1706042897, 'fire_exp': 1.6158060915960597, 'P_half': 23.82513807039166, 'pre_dampen_half': 7.983948407552181, 'gpp_af': 5.731974635277029, 'gpp_b': 0.08909935619949502, 'gpp_d': 112.92788042970508, 'ign_k': 0.13613952633203802, 'ign_c': 1.8059578034280106, 'trop_agb_crit': 2.228208777529673, 'trop_k_veg': 2.268781238534094}. Best is trial 1285 with value: -0.6015874360929447.
[I 2026-08-20 00:47:28,569] Trial 1452 finished with value: 0.5602458222871297 and parameters: {'k1': 0.04650712235131642, 'D_low': 1.1211101092438425, 'k2': 1.1995945452075924e-05, 'D_high': 5027776.674746381, 'fire_exp': 3.518752726747746, 'P_half': 71.7545830767155, 'pre_dampen_half': 127.85964423160188, 'gpp_af': 1.0380633991647694, 'gpp_b': 8.495506299835179e-05, 'gpp_d': 34.0524133781499, 'ign_k': 0.05957549211098498, 'ign_c': 21.195839066304558, 'trop_agb_crit': 14.732797295756471, 'trop_k_veg': 2.980526097819821}. Best is trial 1285 with value: -0.6015874360929447.
[I 2026-08-20 00:47:29,990] Trial 1453 finished with value: -0.5863397116494495 and parameters: {'k1': 9.077003192883661e-05, 'D_low': 116.59401504085245, 'k2': 0.00028842591157249655, 'D_high': 1496317.560067705, 'fire_exp': 2.4377539785863283, 'P_half': 2.106241369772594, 'pre_dampen_half': 9.098372348914761, 'gpp_af': 7.901001752462131, 'gpp_b': 0.02309809213613964, 'gpp_d': 521.5454675051773, 'ign_k': 0.15930006850624445, 'ign_c': 3.8309619197430087, 'trop_agb_crit': 10.43080906477227, 'trop_k_veg': 2.471927620323127}. Best is trial 1285 with value: -0.6015874360929447.
[I 2026-08-20 00:47:31,491] Trial 1454 finished with value: 0.6009342220243531 and parameters: {'k1': 1.062434806245248e-05, 'D_low': 8454.641950204776, 'k2': 0.08196298847230342, 'D_high': 4702.800377658283, 'fire_exp': 4.487868589053062, 'P_half': 6.638501465509328, 'pre_dampen_half': 16.954023166338793, 'gpp_af': 0.003092046633789711, 'gpp_b': 2.1097980414564568e-05, 'gpp_d': 7.086730452397971, 'ign_k': 0.7437391180444062, 'ign_c': 2.560725787799891, 'trop_agb_crit': 23.940807022278403, 'trop_k_veg': 0.56581495277553}. Best is trial 1285 with value: -0.6015874360929447.
[I 2026-08-20 00:47:32,901] Trial 1455 finished with value: 0.6013937652753385 and parameters: {'k1': 0.0006066016627056165, 'D_low': 4320.423956383876, 'k2': 0.00034337616942982965, 'D_high': 7893.870084914933, 'fire_exp': 4.8764686844795655, 'P_half': 29.3284906339219, 'pre_dampen_half': 231.41820404633495, 'gpp_af': 0.002431246210553528, 'gpp_b': 0.00022662880572140457, 'gpp_d': 0.42918049204202824, 'ign_k': 2.3958049000311594, 'ign_c': 2.2132905377671044, 'trop_agb_crit': 26.256846767606692, 'trop_k_veg': 7.311628381299916}. Best is trial 1285 with value: -0.6015874360929447.
[I 2026-08-20 00:47:34,334] Trial 1456 finished with value: 0.41298857237766784 and parameters: {'k1': 0.00010927832912657233, 'D_low': 2846.9065947648382, 'k2': 0.00043522631095662025, 'D_high': 690741.5337028033, 'fire_exp': 1.6864867030147976, 'P_half': 1.7917951213633536, 'pre_dampen_half': 24.081203849561724, 'gpp_af': 0.8070177712178317, 'gpp_b': 0.01196673253871379, 'gpp_d': 340.1697622189483, 'ign_k': 0.07068126721072428, 'ign_c': 1.034531498295979, 'trop_agb_crit': 8.786852099652119, 'trop_k_veg': 2.617626557825296}. Best is trial 1285 with value: -0.6015874360929447.
[I 2026-08-20 00:47:35,766] Trial 1457 finished with value: 0.5884457492044707 and parameters: {'k1': 1.7200564712498878e-05, 'D_low': 203.73720923314073, 'k2': 0.0016004150232869338, 'D_high': 232578.02934151373, 'fire_exp': 1.3569018190191986, 'P_half': 3016.9895292113124, 'pre_dampen_half': 0.6338475401297036, 'gpp_af': 0.21600241813157314, 'gpp_b': 0.03847604310153936, 'gpp_d': 0.057636114700349406, 'ign_k': 0.01714955478532719, 'ign_c': 0.49441114351793414, 'trop_agb_crit': 7.866066979068078, 'trop_k_veg': 0.6520609913127109}. Best is trial 1285 with value: -0.6015874360929447.
[I 2026-08-20 00:47:37,206] Trial 1458 finished with value: 0.48828029268600603 and parameters: {'k1': 6.374044046693052e-05, 'D_low': 54.1069992595247, 'k2': 0.0008899459552005353, 'D_high': 3147679.1536738747, 'fire_exp': 2.7386897357029016, 'P_half': 15.175019918100329, 'pre_dampen_half': 2.7251128404649925, 'gpp_af': 2.416500356569829, 'gpp_b': 0.011103225160616183, 'gpp_d': 20.73782079475081, 'ign_k': 0.17113140977330432, 'ign_c': 5.4258448147661, 'trop_agb_crit': 6.482553625011761, 'trop_k_veg': 2.103244521086094}. Best is trial 1285 with value: -0.6015874360929447.
[I 2026-08-20 00:47:38,646] Trial 1459 finished with value: 0.6445374145881376 and parameters: {'k1': 0.0004196093783626772, 'D_low': 154616.84147597512, 'k2': 0.008100677318033093, 'D_high': 4880898.664494491, 'fire_exp': 1.705528413990385, 'P_half': 2259.720563975822, 'pre_dampen_half': 53.41481243347898, 'gpp_af': 0.001083367122884292, 'gpp_b': 0.00023282243731928976, 'gpp_d': 27.693335243627846, 'ign_k': 2.8635066129157787, 'ign_c': 180.91222125619828, 'trop_agb_crit': 21.720596042470902, 'trop_k_veg': 1.9117273638620214}. Best is trial 1285 with value: -0.6015874360929447.
[I 2026-08-20 00:47:40,042] Trial 1460 finished with value: 0.43123454698202257 and parameters: {'k1': 0.0003944135929100897, 'D_low': 282.8227868200175, 'k2': 0.0002140252152928898, 'D_high': 9170876.333525995, 'fire_exp': 2.2199225071392514, 'P_half': 2.980983650313926, 'pre_dampen_half': 15.386975480505454, 'gpp_af': 47.06962583786803, 'gpp_b': 0.04758892289155473, 'gpp_d': 479.83500539771626, 'ign_k': 0.6503346896170865, 'ign_c': 5.643199533882167, 'trop_agb_crit': 10.19154298905938, 'trop_k_veg': 2.500050756957495}. Best is trial 1285 with value: -0.6015874360929447.
[I 2026-08-20 00:47:41,462] Trial 1461 finished with value: 0.4137772080562624 and parameters: {'k1': 2.0837284678871856e-05, 'D_low': 91.28879343230619, 'k2': 7.643783215171059e-05, 'D_high': 892017.9862612049, 'fire_exp': 1.210364001547536, 'P_half': 1.2282869124216438, 'pre_dampen_half': 10.341813598879723, 'gpp_af': 4.916304855828589, 'gpp_b': 0.01369585668775128, 'gpp_d': 790.6593008335007, 'ign_k': 0.4300659853228625, 'ign_c': 5.846684265999319, 'trop_agb_crit': 10.361537710210447, 'trop_k_veg': 5.1153728420516}. Best is trial 1285 with value: -0.6015874360929447.
[I 2026-08-20 00:47:42,901] Trial 1462 finished with value: 0.5218151819899747 and parameters: {'k1': 0.06994563232674028, 'D_low': 6.989802641069044, 'k2': 5.218919715919535e-05, 'D_high': 718571.2369666803, 'fire_exp': 3.6546204259534254, 'P_half': 79.18864651800455, 'pre_dampen_half': 1.5530955151070565, 'gpp_af': 5.9860863990432165, 'gpp_b': 0.000990654711770047, 'gpp_d': 79.76778898618943, 'ign_k': 0.49247862321112185, 'ign_c': 20.905106995961873, 'trop_agb_crit': 11.391221445337314, 'trop_k_veg': 1.5734084468440923}. Best is trial 1285 with value: -0.6015874360929447.
[I 2026-08-20 00:47:44,330] Trial 1463 finished with value: 0.6445374145881376 and parameters: {'k1': 1.6301915983570357e-05, 'D_low': 34320.343072699005, 'k2': 7.500685338539933e-05, 'D_high': 755.0759371074439, 'fire_exp': 6.858067211392218, 'P_half': 2.700923977804154, 'pre_dampen_half': 0.6997990314858544, 'gpp_af': 0.04426773021939863, 'gpp_b': 0.00014225771830363103, 'gpp_d': 0.08042702427003648, 'ign_k': 0.012171778743032052, 'ign_c': 190.46790366873512, 'trop_agb_crit': 2.500676801730291, 'trop_k_veg': 4.9493915166643045}. Best is trial 1285 with value: -0.6015874360929447.
[I 2026-08-20 00:47:45,794] Trial 1464 finished with value: 0.5444818217763654 and parameters: {'k1': 0.0005406523885943241, 'D_low': 13.83782866856866, 'k2': 0.00032800289865359255, 'D_high': 32228.90589207653, 'fire_exp': 5.309528986598011, 'P_half': 3.582568085349902, 'pre_dampen_half': 1.7964120456601567, 'gpp_af': 0.7316677933082835, 'gpp_b': 9.141590695739926e-05, 'gpp_d': 577.7803828421145, 'ign_k': 9.031377360016231, 'ign_c': 1.394474060168095, 'trop_agb_crit': 3.593882158883821, 'trop_k_veg': 2.201375216774751}. Best is trial 1285 with value: -0.6015874360929447.
