[I 2026-06-11 12:50:33,816] Trial 229 finished with values: [10.683095631073163, 10.683095631073163] and parameters: {'k1': 5.178197947282869e-05, 'D_low': 408.3047491580097, 'k2': 8.968733598183248e-05, 'D_high': 24.9899605789089, 'fire_exp': 1.2060040899560858, 'P_half': 1.4551749476072258, 'pre_dampen_half': 4.847666216751353, 'gpp_af': 0.060029341913968644, 'gpp_b': 0.002416023630607169, 'gpp_d': 21.899070557043984, 'ign_k': 0.0032383308053152635, 'ign_c': 1.4879588507789996, 'trop_agb_crit': 1.8023542850487386, 'trop_k_veg': 1.6648666152166967, 'fire_amp': 1.1655705619308396}.
[I 2026-06-11 12:50:34,727] Trial 230 finished with values: [10.745315929830243, 10.745315929830243] and parameters: {'k1': 1.1281785190969807e-05, 'D_low': 15.0613200804335, 'k2': 0.019383858782150494, 'D_high': 69868.4759244566, 'fire_exp': 1.5191397119156032, 'P_half': 782.8534228218628, 'pre_dampen_half': 4.847666216751353, 'gpp_af': 0.3015634307185767, 'gpp_b': 0.005916090676703775, 'gpp_d': 1.336803341156552, 'ign_k': 0.0032383308053152635, 'ign_c': 1.364908766641693, 'trop_agb_crit': 5.588032458772675, 'trop_k_veg': 2.99731137426955, 'fire_amp': 1.5180207449214471}.
[I 2026-06-11 12:50:35,658] Trial 231 finished with values: [10.655070389533222, 10.655070389533222] and parameters: {'k1': 0.012840669372724958, 'D_low': 408.3047491580097, 'k2': 8.968733598183248e-05, 'D_high': 24.9899605789089, 'fire_exp': 1.41873960828944, 'P_half': 51.10120656497163, 'pre_dampen_half': 123.04779330083686, 'gpp_af': 0.008117091133892173, 'gpp_b': 0.002416023630607169, 'gpp_d': 20.81401325574021, 'ign_k': 0.002357279455676982, 'ign_c': 39.52220881906114, 'trop_agb_crit': 21.086120736447015, 'trop_k_veg': 0.5183533149347164, 'fire_amp': 1.1655705619308396}.
[I 2026-06-11 12:50:36,576] Trial 232 finished with values: [10.10571858925846, 10.10571858925846] and parameters: {'k1': 0.006079905434073396, 'D_low': 43.2326421037033, 'k2': 8.968733598183248e-05, 'D_high': 21.095259085905752, 'fire_exp': 1.7505406131449859, 'P_half': 7.598586431588784, 'pre_dampen_half': 189.88136301569827, 'gpp_af': 1.9998014714101113, 'gpp_b': 0.002416023630607169, 'gpp_d': 21.899070557043984, 'ign_k': 0.00660597889201953, 'ign_c': 1.4879588507789996, 'trop_agb_crit': 8.0091368834625, 'trop_k_veg': 0.5183533149347164, 'fire_amp': 1.1655705619308396}.
[I 2026-06-11 12:50:37,545] Trial 233 finished with values: [10.718443073795436, 10.718443073795436] and parameters: {'k1': 0.00023134781612225627, 'D_low': 2.843767489444367, 'k2': 0.0001870742013766025, 'D_high': 36998.679204890876, 'fire_exp': 1.811096651915224, 'P_half': 93.43302657318476, 'pre_dampen_half': 30.697381831179275, 'gpp_af': 0.5970408652384318, 'gpp_b': 2.176805640408474e-05, 'gpp_d': 26.07917317941345, 'ign_k': 0.002357279455676982, 'ign_c': 39.52220881906114, 'trop_agb_crit': 21.380932890222198, 'trop_k_veg': 0.6175053058034194, 'fire_amp': 5.416595007374148}.
[I 2026-06-11 12:50:38,520] Trial 234 finished with values: [10.656121393136775, 10.656121393136775] and parameters: {'k1': 1.1281785190969807e-05, 'D_low': 1.4002277211577039, 'k2': 5.153993511603138e-05, 'D_high': 69868.4759244566, 'fire_exp': 1.1633452995374232, 'P_half': 45.55085098454082, 'pre_dampen_half': 1.8469033699850426, 'gpp_af': 96.4653310890222, 'gpp_b': 0.015062722325200045, 'gpp_d': 1.336803341156552, 'ign_k': 0.0018548376790967168, 'ign_c': 99.96359851911319, 'trop_agb_crit': 1.8566494291193822, 'trop_k_veg': 6.030247256556128, 'fire_amp': 1.5873607039193782}.
[I 2026-06-11 12:50:39,439] Trial 235 finished with values: [11.305500562789248, 11.305500562789248] and parameters: {'k1': 0.0003445931091927334, 'D_low': 2186.356344942016, 'k2': 0.08661811390647982, 'D_high': 1537.592023548176, 'fire_exp': 1.111738490499784, 'P_half': 1.4551749476072258, 'pre_dampen_half': 75.10418138777538, 'gpp_af': 0.10098504976210308, 'gpp_b': 5.0875243087016374e-05, 'gpp_d': 9.761125443110442, 'ign_k': 0.004105873950290761, 'ign_c': 22.126836566118193, 'trop_agb_crit': 1.9475582306295418, 'trop_k_veg': 0.5667990147757791, 'fire_amp': 1.7912500010961188}.
[I 2026-06-11 12:50:40,326] Trial 236 finished with values: [10.75139635942838, 10.75139635942838] and parameters: {'k1': 5.7909642338812115e-05, 'D_low': 236.79352040223893, 'k2': 0.019383858782150494, 'D_high': 6682.9607218310075, 'fire_exp': 1.2060040899560858, 'P_half': 2539.9645554516837, 'pre_dampen_half': 1.8469033699850426, 'gpp_af': 0.060029341913968644, 'gpp_b': 0.004411400434514031, 'gpp_d': 2.990423074145505, 'ign_k': 0.17320535908244444, 'ign_c': 1.364908766641693, 'trop_agb_crit': 3.430044314610246, 'trop_k_veg': 5.453348988480011, 'fire_amp': 2.7806853670293616}.
[I 2026-06-11 12:50:41,207] Trial 237 finished with values: [10.659676411814367, 10.659676411814367] and parameters: {'k1': 0.0008362695993649681, 'D_low': 408.3047491580097, 'k2': 0.0001870742013766025, 'D_high': 24.9899605789089, 'fire_exp': 1.7505406131449859, 'P_half': 9.580682294110435, 'pre_dampen_half': 189.88136301569827, 'gpp_af': 20.12115544906385, 'gpp_b': 0.002416023630607169, 'gpp_d': 21.899070557043984, 'ign_k': 0.0467351899956275, 'ign_c': 23.422386257929038, 'trop_agb_crit': 21.086120736447015, 'trop_k_veg': 0.5183533149347164, 'fire_amp': 1.1655705619308396}.
[I 2026-06-11 12:50:42,109] Trial 238 finished with values: [10.769121751060458, 10.769121751060458] and parameters: {'k1': 9.132348475718357e-05, 'D_low': 236.79352040223893, 'k2': 0.00037358626308127543, 'D_high': 36998.679204890876, 'fire_exp': 6.678531303406035, 'P_half': 3.591771421517613, 'pre_dampen_half': 30.697381831179275, 'gpp_af': 2.5017068255320485, 'gpp_b': 0.001674375583895437, 'gpp_d': 304.7488318185732, 'ign_k': 0.0032383308053152635, 'ign_c': 39.52220881906114, 'trop_agb_crit': 12.647327018493208, 'trop_k_veg': 6.963655030926962, 'fire_amp': 2.7806853670293616}.
[I 2026-06-11 12:50:43,768] Trial 239 finished with values: [-0.42337117420609793, 0.14938737637890087] and parameters: {'k1': 9.132348475718357e-05, 'D_low': 236.79352040223893, 'k2': 0.019383858782150494, 'D_high': 1266.9536563782303, 'fire_exp': 1.2060040899560858, 'P_half': 1.4551749476072258, 'pre_dampen_half': 4.847666216751353, 'gpp_af': 0.060029341913968644, 'gpp_b': 1.4008921101492135e-05, 'gpp_d': 1.4397852866783676, 'ign_k': 0.0032383308053152635, 'ign_c': 1.364908766641693, 'trop_agb_crit': 2.100813292597435, 'trop_k_veg': 6.963655030926962, 'fire_amp': 2.7806853670293616}.
[I 2026-06-11 12:50:44,914] Trial 240 finished with values: [10.76923076888676, 10.76923076888676] and parameters: {'k1': 1.1281785190969807e-05, 'D_low': 15.0613200804335, 'k2': 3.152468275632564e-05, 'D_high': 69868.4759244566, 'fire_exp': 1.14171776851287, 'P_half': 24.617096698415132, 'pre_dampen_half': 2.736251365128462, 'gpp_af': 0.09885838682552685, 'gpp_b': 2.1309331861011757e-05, 'gpp_d': 0.4742269251269962, 'ign_k': 1.6270983114897255, 'ign_c': 51.53053011412483, 'trop_agb_crit': 8.188098178380693, 'trop_k_veg': 6.030247256556128, 'fire_amp': 1.5180207449214471}.
[I 2026-06-11 12:50:45,970] Trial 241 finished with values: [10.614208625329551, 10.614208625329551] and parameters: {'k1': 0.00023134781612225627, 'D_low': 2.843767489444367, 'k2': 0.0001870742013766025, 'D_high': 32311.521854410956, 'fire_exp': 1.811096651915224, 'P_half': 51.10120656497163, 'pre_dampen_half': 121.93011993958949, 'gpp_af': 0.5970408652384318, 'gpp_b': 0.015062722325200045, 'gpp_d': 0.1619054449471649, 'ign_k': 0.002357279455676982, 'ign_c': 388.02797007866826, 'trop_agb_crit': 21.380932890222198, 'trop_k_veg': 2.8926781829782864, 'fire_amp': 2.7556562114998226}.
[I 2026-06-11 12:50:47,074] Trial 242 finished with values: [10.339787133889839, 10.339787133889839] and parameters: {'k1': 0.006079905434073396, 'D_low': 43.2326421037033, 'k2': 4.933751600448335e-05, 'D_high': 42.242359735170886, 'fire_exp': 1.7792742686803427, 'P_half': 157.3644610977214, 'pre_dampen_half': 37.40930273158252, 'gpp_af': 1.9998014714101113, 'gpp_b': 0.00047819318414852577, 'gpp_d': 594.7389794988394, 'ign_k': 0.8945150807271531, 'ign_c': 1.1698039424426816, 'trop_agb_crit': 8.0091368834625, 'trop_k_veg': 1.6003641872536711, 'fire_amp': 1.5587346124822492}.
[I 2026-06-11 12:50:48,246] Trial 243 finished with values: [10.76923076888676, 10.76923076888676] and parameters: {'k1': 0.0326979063339169, 'D_low': 2.843767489444367, 'k2': 5.153993511603138e-05, 'D_high': 32311.521854410956, 'fire_exp': 1.811096651915224, 'P_half': 45.55085098454082, 'pre_dampen_half': 121.93011993958949, 'gpp_af': 0.5970408652384318, 'gpp_b': 0.6089142387470042, 'gpp_d': 9.482548804624958, 'ign_k': 0.4303356629825978, 'ign_c': 388.02797007866826, 'trop_agb_crit': 21.380932890222198, 'trop_k_veg': 6.030247256556128, 'fire_amp': 5.416595007374148}.
[I 2026-06-11 12:50:49,227] Trial 244 finished with values: [10.75283932124731, 10.75283932124731] and parameters: {'k1': 0.0869690639641868, 'D_low': 2267.735223551285, 'k2': 3.152468275632564e-05, 'D_high': 949.9072859745386, 'fire_exp': 1.14171776851287, 'P_half': 157.80309954142965, 'pre_dampen_half': 9.044346216330972, 'gpp_af': 14.161176080022173, 'gpp_b': 1.2690840169394997, 'gpp_d': 21.899070557043984, 'ign_k': 1.6270983114897255, 'ign_c': 1.4879588507789996, 'trop_agb_crit': 19.102873436429586, 'trop_k_veg': 0.5183533149347164, 'fire_amp': 2.6192385880432525}.
[I 2026-06-11 12:50:50,179] Trial 245 finished with values: [10.257664596702272, 10.257664596702272] and parameters: {'k1': 0.03648456083047798, 'D_low': 236.79352040223893, 'k2': 0.019383858782150494, 'D_high': 1266.9536563782303, 'fire_exp': 1.2060040899560858, 'P_half': 12.262543158860007, 'pre_dampen_half': 189.36639872354493, 'gpp_af': 3.298293484806585, 'gpp_b': 0.006999112505425414, 'gpp_d': 0.030844007727232167, 'ign_k': 0.09256855841989636, 'ign_c': 1.364908766641693, 'trop_agb_crit': 1.8023542850487386, 'trop_k_veg': 1.6648666152166967, 'fire_amp': 2.7806853670293616}.
[I 2026-06-11 12:50:51,323] Trial 246 finished with values: [10.750877513692433, 10.750877513692433] and parameters: {'k1': 0.006814781046529926, 'D_low': 2396.0796124300746, 'k2': 0.02939607009739149, 'D_high': 18108.14362107968, 'fire_exp': 3.2459542834651627, 'P_half': 101.40635645866499, 'pre_dampen_half': 189.88136301569827, 'gpp_af': 1.7775411110039254, 'gpp_b': 0.16285506249643175, 'gpp_d': 95.2715755007094, 'ign_k': 1.636529060071807, 'ign_c': 2.2489542843914485, 'trop_agb_crit': 3.5874145253515306, 'trop_k_veg': 0.6488368931910606, 'fire_amp': 2.818314238665462}.
[I 2026-06-11 12:50:52,287] Trial 247 finished with values: [10.737358210567718, 10.737358210567718] and parameters: {'k1': 5.7909642338812115e-05, 'D_low': 2228.7087260110166, 'k2': 0.0001016707987819611, 'D_high': 24.9899605789089, 'fire_exp': 1.5191397119156032, 'P_half': 774.5825831079144, 'pre_dampen_half': 8.259599205585761, 'gpp_af': 0.10098504976210308, 'gpp_b': 0.004411400434514031, 'gpp_d': 0.39400557434451433, 'ign_k': 0.00660597889201953, 'ign_c': 22.126836566118193, 'trop_agb_crit': 21.086120736447015, 'trop_k_veg': 0.5183533149347164, 'fire_amp': 5.44779717154213}.
[I 2026-06-11 12:50:53,678] Trial 248 finished with values: [10.767954847191039, 10.767954847191039] and parameters: {'k1': 0.006164329525571074, 'D_low': 3840.3004190988563, 'k2': 0.0001870742013766025, 'D_high': 27.55546207779663, 'fire_exp': 1.305777134899723, 'P_half': 45.55085098454082, 'pre_dampen_half': 121.93011993958949, 'gpp_af': 20.12115544906385, 'gpp_b': 0.12046049142392454, 'gpp_d': 0.3588488911386258, 'ign_k': 0.01998634077852888, 'ign_c': 99.96359851911319, 'trop_agb_crit': 2.0420012944047587, 'trop_k_veg': 5.85168037586392, 'fire_amp': 5.416595007374148}.
[I 2026-06-11 12:50:54,886] Trial 249 finished with values: [10.467131267672828, 10.467131267672828] and parameters: {'k1': 0.012840669372724958, 'D_low': 15.0613200804335, 'k2': 0.002981573452453104, 'D_high': 69868.4759244566, 'fire_exp': 1.5191397119156032, 'P_half': 1025.3368317956683, 'pre_dampen_half': 189.88136301569827, 'gpp_af': 29.700320404259642, 'gpp_b': 0.002416023630607169, 'gpp_d': 1.336803341156552, 'ign_k': 0.0029519227433917453, 'ign_c': 39.52220881906114, 'trop_agb_crit': 5.588032458772675, 'trop_k_veg': 6.030247256556128, 'fire_amp': 1.3286749923230772}.
[I 2026-06-11 12:50:55,925] Trial 250 finished with values: [10.063196851923795, 10.063196851923795] and parameters: {'k1': 0.012840669372724958, 'D_low': 171.2446447678494, 'k2': 1.1417577140741129e-05, 'D_high': 29.126651668813768, 'fire_exp': 1.111738490499784, 'P_half': 93.43302657318476, 'pre_dampen_half': 253.71947027764784, 'gpp_af': 0.2204465010099918, 'gpp_b': 2.176805640408474e-05, 'gpp_d': 0.030844007727232167, 'ign_k': 0.09256855841989636, 'ign_c': 7.832259769732471, 'trop_agb_crit': 1.8023542850487386, 'trop_k_veg': 2.520089655463604, 'fire_amp': 2.042193818779288}.
[I 2026-06-11 12:50:56,954] Trial 251 finished with values: [10.693157244765914, 10.693157244765914] and parameters: {'k1': 1.1281785190969807e-05, 'D_low': 2267.735223551285, 'k2': 5.153993511603138e-05, 'D_high': 949.9072859745386, 'fire_exp': 1.7505406131449859, 'P_half': 45.55085098454082, 'pre_dampen_half': 9.044346216330972, 'gpp_af': 0.09885838682552685, 'gpp_b': 0.002416023630607169, 'gpp_d': 21.899070557043984, 'ign_k': 1.6270983114897255, 'ign_c': 0.10435856341129002, 'trop_agb_crit': 8.188098178380693, 'trop_k_veg': 6.030247256556128, 'fire_amp': 2.6192385880432525}.
[I 2026-06-11 12:50:58,005] Trial 252 finished with values: [11.780341584914343, 11.780341584914343] and parameters: {'k1': 0.006079905434073396, 'D_low': 43.2326421037033, 'k2': 0.004053638704742309, 'D_high': 78.90004262668583, 'fire_exp': 1.0420149135640993, 'P_half': 8.89193644629625, 'pre_dampen_half': 189.36639872354493, 'gpp_af': 3.298293484806585, 'gpp_b': 0.006999112505425414, 'gpp_d': 176.24510039685507, 'ign_k': 0.0802050305902781, 'ign_c': 18.760068220300635, 'trop_agb_crit': 1.3752099014456878, 'trop_k_veg': 5.163952365038207, 'fire_amp': 5.869450070968175}.
[I 2026-06-11 12:50:59,035] Trial 253 finished with values: [10.480246519835912, 10.480246519835912] and parameters: {'k1': 0.006079905434073396, 'D_low': 1.7551403048208316, 'k2': 0.03071666851587867, 'D_high': 32311.521854410956, 'fire_exp': 1.069663761954776, 'P_half': 157.3644610977214, 'pre_dampen_half': 37.40930273158252, 'gpp_af': 0.07118041471054574, 'gpp_b': 0.00047819318414852577, 'gpp_d': 0.1619054449471649, 'ign_k': 0.8945150807271531, 'ign_c': 7.081721844034206, 'trop_agb_crit': 8.0091368834625, 'trop_k_veg': 1.6003641872536711, 'fire_amp': 1.5587346124822492}.
[I 2026-06-11 12:51:00,036] Trial 254 finished with values: [-0.48132030508009926, 0.12177647199759167] and parameters: {'k1': 0.0029067012153229104, 'D_low': 1.4002277211577039, 'k2': 3.152468275632564e-05, 'D_high': 20103.283734409175, 'fire_exp': 1.14171776851287, 'P_half': 157.80309954142965, 'pre_dampen_half': 9.044346216330972, 'gpp_af': 0.004409093791567215, 'gpp_b': 9.497440085397415e-05, 'gpp_d': 0.47379914349407487, 'ign_k': 0.9419612235978201, 'ign_c': 0.10435856341129002, 'trop_agb_crit': 7.332660227137139, 'trop_k_veg': 0.7808079158649266, 'fire_amp': 2.804180410489304}.
[I 2026-06-11 12:51:01,006] Trial 255 finished with values: [10.739148633721582, 10.739148633721582] and parameters: {'k1': 0.00023134781612225627, 'D_low': 2.011190979341456, 'k2': 3.277320296937061e-05, 'D_high': 32311.521854410956, 'fire_exp': 1.811096651915224, 'P_half': 51.10120656497163, 'pre_dampen_half': 123.04779330083686, 'gpp_af': 0.07118041471054574, 'gpp_b': 0.015062722325200045, 'gpp_d': 0.1619054449471649, 'ign_k': 0.002357279455676982, 'ign_c': 388.02797007866826, 'trop_agb_crit': 12.708819454040446, 'trop_k_veg': 1.2749676887479542, 'fire_amp': 1.0759744651553196}.
[I 2026-06-11 12:51:01,972] Trial 256 finished with values: [10.62786772197618, 10.62786772197618] and parameters: {'k1': 5.178197947282869e-05, 'D_low': 408.3047491580097, 'k2': 1.1417577140741129e-05, 'D_high': 29.126651668813768, 'fire_exp': 1.111738490499784, 'P_half': 12.262543158860007, 'pre_dampen_half': 1.8469033699850426, 'gpp_af': 0.41874665092828456, 'gpp_b': 0.006999112505425414, 'gpp_d': 1.0088237648985734, 'ign_k': 0.17320535908244444, 'ign_c': 7.832259769732471, 'trop_agb_crit': 21.086120736447015, 'trop_k_veg': 1.6648666152166967, 'fire_amp': 5.44779717154213}.
[I 2026-06-11 12:51:02,923] Trial 257 finished with values: [10.194281836402878, 10.194281836402878] and parameters: {'k1': 5.178197947282869e-05, 'D_low': 1074.940539517341, 'k2': 1.1417577140741129e-05, 'D_high': 18701.140647651915, 'fire_exp': 1.111738490499784, 'P_half': 12.262543158860007, 'pre_dampen_half': 189.36639872354493, 'gpp_af': 0.5970408652384318, 'gpp_b': 0.006999112505425414, 'gpp_d': 0.030844007727232167, 'ign_k': 0.09256855841989636, 'ign_c': 7.832259769732471, 'trop_agb_crit': 1.8023542850487386, 'trop_k_veg': 5.022956259243681, 'fire_amp': 3.7523365308330816}.
[I 2026-06-11 12:51:03,947] Trial 258 finished with values: [10.755680232502561, 10.755680232502561] and parameters: {'k1': 0.003968136435370146, 'D_low': 2186.356344942016, 'k2': 0.08661811390647982, 'D_high': 31301.15118850836, 'fire_exp': 1.6901885781909627, 'P_half': 51.10120656497163, 'pre_dampen_half': 3.4461856429915305, 'gpp_af': 37.28155624293858, 'gpp_b': 0.002416023630607169, 'gpp_d': 7.631016235941559, 'ign_k': 0.09256855841989636, 'ign_c': 11.903394335305014, 'trop_agb_crit': 1.8023542850487386, 'trop_k_veg': 0.5089315327929785, 'fire_amp': 1.4475279918261055}.
[I 2026-06-11 12:51:05,010] Trial 259 finished with values: [10.105523455024901, 10.105523455024901] and parameters: {'k1': 0.0003445931091927334, 'D_low': 2186.356344942016, 'k2': 0.08661811390647982, 'D_high': 1817.0401889219124, 'fire_exp': 1.111738490499784, 'P_half': 1.4551749476072258, 'pre_dampen_half': 8.259599205585761, 'gpp_af': 0.10098504976210308, 'gpp_b': 5.0875243087016374e-05, 'gpp_d': 545.0253444559129, 'ign_k': 0.004105873950290761, 'ign_c': 22.126836566118193, 'trop_agb_crit': 1.8023542850487386, 'trop_k_veg': 1.6648666152166967, 'fire_amp': 1.4475279918261055}.
[I 2026-06-11 12:51:06,040] Trial 260 finished with values: [10.311214895181438, 10.311214895181438] and parameters: {'k1': 0.012840669372724958, 'D_low': 2.011190979341456, 'k2': 1.1417577140741129e-05, 'D_high': 29.126651668813768, 'fire_exp': 1.9365919987098117, 'P_half': 93.43302657318476, 'pre_dampen_half': 253.71947027764784, 'gpp_af': 0.016306190741524337, 'gpp_b': 2.176805640408474e-05, 'gpp_d': 12.151631524283598, 'ign_k': 0.0029519227433917453, 'ign_c': 7.832259769732471, 'trop_agb_crit': 2.0527418919564324, 'trop_k_veg': 2.520089655463604, 'fire_amp': 1.0759744651553196}.
[I 2026-06-11 12:51:07,088] Trial 261 finished with values: [10.76923076888676, 10.76923076888676] and parameters: {'k1': 0.08409006963311547, 'D_low': 2186.356344942016, 'k2': 0.08661811390647982, 'D_high': 1817.0401889219124, 'fire_exp': 1.111738490499784, 'P_half': 1.4551749476072258, 'pre_dampen_half': 8.259599205585761, 'gpp_af': 37.28155624293858, 'gpp_b': 5.0875243087016374e-05, 'gpp_d': 545.0253444559129, 'ign_k': 0.004105873950290761, 'ign_c': 22.126836566118193, 'trop_agb_crit': 1.8023542850487386, 'trop_k_veg': 1.6648666152166967, 'fire_amp': 3.102033517490054}.
[I 2026-06-11 12:51:08,229] Trial 262 finished with values: [10.75866421429732, 10.75866421429732] and parameters: {'k1': 0.012840669372724958, 'D_low': 15.0613200804335, 'k2': 0.002981573452453104, 'D_high': 69868.4759244566, 'fire_exp': 1.5191397119156032, 'P_half': 10.94496366796197, 'pre_dampen_half': 189.88136301569827, 'gpp_af': 29.700320404259642, 'gpp_b': 0.002416023630607169, 'gpp_d': 1.336803341156552, 'ign_k': 0.0029519227433917453, 'ign_c': 39.52220881906114, 'trop_agb_crit': 5.588032458772675, 'trop_k_veg': 6.030247256556128, 'fire_amp': 1.3286749923230772}.
[I 2026-06-11 12:51:09,267] Trial 263 finished with values: [10.23089350334931, 10.23089350334931] and parameters: {'k1': 9.132348475718357e-05, 'D_low': 1.7551403048208316, 'k2': 0.0011135501184757278, 'D_high': 42210.21267871043, 'fire_exp': 1.069663761954776, 'P_half': 61.6097529474144, 'pre_dampen_half': 16.009350908593582, 'gpp_af': 0.016306190741524337, 'gpp_b': 0.0011857788502887916, 'gpp_d': 304.7488318185732, 'ign_k': 0.8945150807271531, 'ign_c': 7.081721844034206, 'trop_agb_crit': 8.639792249596399, 'trop_k_veg': 2.520089655463604, 'fire_amp': 1.0759744651553196}.
[I 2026-06-11 12:51:10,330] Trial 264 finished with values: [10.769230728841215, 10.769230728841215] and parameters: {'k1': 0.0029067012153229104, 'D_low': 1.4002277211577039, 'k2': 0.002981573452453104, 'D_high': 69868.4759244566, 'fire_exp': 1.14171776851287, 'P_half': 157.80309954142965, 'pre_dampen_half': 9.044346216330972, 'gpp_af': 29.700320404259642, 'gpp_b': 0.002416023630607169, 'gpp_d': 1.336803341156552, 'ign_k': 0.9419612235978201, 'ign_c': 39.52220881906114, 'trop_agb_crit': 5.588032458772675, 'trop_k_veg': 0.7808079158649266, 'fire_amp': 1.3286749923230772}.
[I 2026-06-11 12:51:11,297] Trial 265 finished with values: [-0.4679369003438175, 0.16755560460096464] and parameters: {'k1': 0.0014452451441203328, 'D_low': 2.843767489444367, 'k2': 0.0499774937030317, 'D_high': 31301.15118850836, 'fire_exp': 1.6901885781909627, 'P_half': 51.10120656497163, 'pre_dampen_half': 79.2915624488668, 'gpp_af': 0.007531064950403672, 'gpp_b': 0.002416023630607169, 'gpp_d': 21.899070557043984, 'ign_k': 0.00660597889201953, 'ign_c': 11.903394335305014, 'trop_agb_crit': 21.086120736447015, 'trop_k_veg': 1.2749676887479542, 'fire_amp': 3.7523365308330816}.
