[I 2026-08-06 02:36:08,172] Trial 1440 finished with values: [10.743691194797387, 10.743691194797387] and parameters: {'k1': 0.021368329072358756, 'D_low': 18.522006003174383, 'k2': 4.763991596630584e-05, 'D_high': 6455.595882939566, 'fire_exp': 1.2680134752324452, 'P_half': 608.3019192425825, 'pre_dampen_half': 0.08650868699945563, 'gpp_af': 19.538232162315648, 'gpp_b': 0.10123867001105968, 'gpp_d': 39.827466658711515, 'ign_k': 3.7173717478250508, 'ign_c': 14.367095138664217}.
[I 2026-08-06 02:36:09,551] Trial 1441 finished with values: [10.257573622725412, 10.257573622725412] and parameters: {'k1': 0.025383218374507292, 'D_low': 31.117676855667376, 'k2': 0.006138509947844854, 'D_high': 1687.3495104568947, 'fire_exp': 1.0473002272689056, 'P_half': 608.3019192425825, 'pre_dampen_half': 25.15960733455044, 'gpp_af': 22.766850248686247, 'gpp_b': 0.10123867001105968, 'gpp_d': 39.827466658711515, 'ign_k': 3.7173717478250508, 'ign_c': 14.367095138664217}.
[I 2026-08-06 02:36:10,457] Trial 1442 finished with values: [-0.568035912389699, 0.0240803889364547] and parameters: {'k1': 0.021368329072358756, 'D_low': 18.522006003174383, 'k2': 4.763991596630584e-05, 'D_high': 6455.595882939566, 'fire_exp': 1.0473002272689056, 'P_half': 664.2027816373393, 'pre_dampen_half': 14.689898077648792, 'gpp_af': 4.582731702170249, 'gpp_b': 0.6637926838138378, 'gpp_d': 891.8036602897795, 'ign_k': 3.7173717478250508, 'ign_c': 14.367095138664217}.
[I 2026-08-06 02:36:11,350] Trial 1443 finished with values: [-0.5734689936338795, 0.007812356675431675] and parameters: {'k1': 0.08926311370835228, 'D_low': 31.117676855667376, 'k2': 0.006138509947844854, 'D_high': 1687.3495104568947, 'fire_exp': 1.2680134752324452, 'P_half': 276.27089412392087, 'pre_dampen_half': 14.689898077648792, 'gpp_af': 4.582731702170249, 'gpp_b': 0.6637926838138378, 'gpp_d': 39.827466658711515, 'ign_k': 3.7173717478250508, 'ign_c': 19.19168994439752}.
[I 2026-08-06 02:36:12,252] Trial 1444 finished with values: [10.088508953660163, 10.088508953660163] and parameters: {'k1': 0.03232155805617897, 'D_low': 18.522006003174383, 'k2': 0.018890961174687686, 'D_high': 1578.0404945802954, 'fire_exp': 1.2680134752324452, 'P_half': 608.3019192425825, 'pre_dampen_half': 14.689898077648792, 'gpp_af': 0.505788295333708, 'gpp_b': 0.09760461369620549, 'gpp_d': 300.3420512048734, 'ign_k': 3.7173717478250508, 'ign_c': 19.19168994439752}.
[I 2026-08-06 02:36:13,138] Trial 1445 finished with values: [-0.5811669756294873, 0.00940313187825459] and parameters: {'k1': 0.00693379814597934, 'D_low': 18.522006003174383, 'k2': 0.006138509947844854, 'D_high': 6455.595882939566, 'fire_exp': 1.0473002272689056, 'P_half': 876.2992842289289, 'pre_dampen_half': 14.689898077648792, 'gpp_af': 1.9226512897582446, 'gpp_b': 0.10123867001105968, 'gpp_d': 39.827466658711515, 'ign_k': 3.7173717478250508, 'ign_c': 19.19168994439752}.
[I 2026-08-06 02:36:14,037] Trial 1446 finished with values: [10.613685252771402, 10.613685252771402] and parameters: {'k1': 0.03232155805617897, 'D_low': 18.522006003174383, 'k2': 0.00018088412472889515, 'D_high': 6455.595882939566, 'fire_exp': 1.0473002272689056, 'P_half': 664.2027816373393, 'pre_dampen_half': 14.689898077648792, 'gpp_af': 22.766850248686247, 'gpp_b': 0.6637926838138378, 'gpp_d': 2.2690261165997048, 'ign_k': 9.848952560187115, 'ign_c': 14.367095138664217}.
[I 2026-08-06 02:36:14,987] Trial 1447 finished with values: [10.604707825472978, 10.604707825472978] and parameters: {'k1': 0.021368329072358756, 'D_low': 1934.4058229928303, 'k2': 4.763991596630584e-05, 'D_high': 6455.595882939566, 'fire_exp': 1.0473002272689056, 'P_half': 608.3019192425825, 'pre_dampen_half': 14.689898077648792, 'gpp_af': 4.582731702170249, 'gpp_b': 0.10123867001105968, 'gpp_d': 39.827466658711515, 'ign_k': 3.7173717478250508, 'ign_c': 14.367095138664217}.
[I 2026-08-06 02:36:15,919] Trial 1448 finished with values: [11.056633160741054, 11.056633160741054] and parameters: {'k1': 0.025383218374507292, 'D_low': 31.117676855667376, 'k2': 0.006138509947844854, 'D_high': 1687.3495104568947, 'fire_exp': 1.010722707674549, 'P_half': 177.4954658911452, 'pre_dampen_half': 14.689898077648792, 'gpp_af': 0.004339536161007625, 'gpp_b': 0.000832333943844274, 'gpp_d': 891.8036602897795, 'ign_k': 3.7173717478250508, 'ign_c': 14.367095138664217}.
[I 2026-08-06 02:36:16,820] Trial 1449 finished with values: [10.725905345411697, 10.725905345411697] and parameters: {'k1': 0.08926311370835228, 'D_low': 616.4329525571076, 'k2': 0.0499774937030317, 'D_high': 1687.3495104568947, 'fire_exp': 1.2680134752324452, 'P_half': 276.27089412392087, 'pre_dampen_half': 1.978454130747598, 'gpp_af': 22.766850248686247, 'gpp_b': 1.5938003265859821, 'gpp_d': 39.827466658711515, 'ign_k': 7.799059237255681, 'ign_c': 14.367095138664217}.
[I 2026-08-06 02:36:17,703] Trial 1450 finished with values: [10.739503779136834, 10.739503779136834] and parameters: {'k1': 0.025383218374507292, 'D_low': 26.989389523334307, 'k2': 0.006138509947844854, 'D_high': 2969.087094484682, 'fire_exp': 3.1204156490905843, 'P_half': 958.8659498594012, 'pre_dampen_half': 14.689898077648792, 'gpp_af': 0.004339536161007625, 'gpp_b': 0.000832333943844274, 'gpp_d': 7.797126586048889, 'ign_k': 0.6454459531371669, 'ign_c': 19.19168994439752}.
[I 2026-08-06 02:36:18,587] Trial 1451 finished with values: [-0.5770668931934527, 0.010823091934738849] and parameters: {'k1': 0.021368329072358756, 'D_low': 18.522006003174383, 'k2': 0.006138509947844854, 'D_high': 1687.3495104568947, 'fire_exp': 1.0473002272689056, 'P_half': 664.2027816373393, 'pre_dampen_half': 14.689898077648792, 'gpp_af': 4.582731702170249, 'gpp_b': 0.9321708428673128, 'gpp_d': 891.8036602897795, 'ign_k': 3.7173717478250508, 'ign_c': 19.19168994439752}.
[I 2026-08-06 02:36:19,531] Trial 1452 finished with values: [10.51839405513712, 10.51839405513712] and parameters: {'k1': 0.021368329072358756, 'D_low': 31.117676855667376, 'k2': 0.0499774937030317, 'D_high': 6455.595882939566, 'fire_exp': 1.7164931785633317, 'P_half': 958.8659498594012, 'pre_dampen_half': 14.689898077648792, 'gpp_af': 0.004339536161007625, 'gpp_b': 0.000832333943844274, 'gpp_d': 39.827466658711515, 'ign_k': 3.7173717478250508, 'ign_c': 19.19168994439752}.
[I 2026-08-06 02:36:20,431] Trial 1453 finished with values: [10.068172884409924, 10.068172884409924] and parameters: {'k1': 0.025383218374507292, 'D_low': 21.91957803598265, 'k2': 4.763991596630584e-05, 'D_high': 6455.595882939566, 'fire_exp': 1.0473002272689056, 'P_half': 608.3019192425825, 'pre_dampen_half': 14.689898077648792, 'gpp_af': 22.766850248686247, 'gpp_b': 1.5938003265859821, 'gpp_d': 39.827466658711515, 'ign_k': 3.7173717478250508, 'ign_c': 14.367095138664217}.
[I 2026-08-06 02:36:21,331] Trial 1454 finished with values: [10.42389121709118, 10.42389121709118] and parameters: {'k1': 0.03232155805617897, 'D_low': 18.522006003174383, 'k2': 4.763991596630584e-05, 'D_high': 6455.595882939566, 'fire_exp': 1.2680134752324452, 'P_half': 664.2027816373393, 'pre_dampen_half': 14.689898077648792, 'gpp_af': 22.766850248686247, 'gpp_b': 0.6637926838138378, 'gpp_d': 39.827466658711515, 'ign_k': 0.004955030961786305, 'ign_c': 70.47840732813077}.
[I 2026-08-06 02:36:22,258] Trial 1455 finished with values: [10.762172522921816, 10.762172522921816] and parameters: {'k1': 0.021368329072358756, 'D_low': 18.522006003174383, 'k2': 0.006138509947844854, 'D_high': 1687.3495104568947, 'fire_exp': 1.010722707674549, 'P_half': 2013.3201996321875, 'pre_dampen_half': 14.689898077648792, 'gpp_af': 4.582731702170249, 'gpp_b': 0.10123867001105968, 'gpp_d': 0.0318557175945047, 'ign_k': 3.7173717478250508, 'ign_c': 14.367095138664217}.
[I 2026-08-06 02:36:23,130] Trial 1456 finished with values: [-0.5771441385831829, 0.010496409808902984] and parameters: {'k1': 0.021368329072358756, 'D_low': 18.522006003174383, 'k2': 0.006138509947844854, 'D_high': 6455.595882939566, 'fire_exp': 1.0473002272689056, 'P_half': 608.3019192425825, 'pre_dampen_half': 14.689898077648792, 'gpp_af': 4.582731702170249, 'gpp_b': 0.6637926838138378, 'gpp_d': 39.827466658711515, 'ign_k': 3.7173717478250508, 'ign_c': 19.19168994439752}.
[I 2026-08-06 02:36:24,015] Trial 1457 finished with values: [10.002251673676692, 10.002251673676692] and parameters: {'k1': 9.109540080835495e-05, 'D_low': 18.522006003174383, 'k2': 0.006138509947844854, 'D_high': 6455.595882939566, 'fire_exp': 1.0473002272689056, 'P_half': 608.3019192425825, 'pre_dampen_half': 14.689898077648792, 'gpp_af': 4.582731702170249, 'gpp_b': 0.10123867001105968, 'gpp_d': 368.30088529547436, 'ign_k': 3.7173717478250508, 'ign_c': 19.19168994439752}.
[I 2026-08-06 02:36:24,979] Trial 1458 finished with values: [10.333822465489094, 10.333822465489094] and parameters: {'k1': 0.021368329072358756, 'D_low': 31.117676855667376, 'k2': 0.0499774937030317, 'D_high': 6455.595882939566, 'fire_exp': 1.7164931785633317, 'P_half': 276.27089412392087, 'pre_dampen_half': 14.689898077648792, 'gpp_af': 4.582731702170249, 'gpp_b': 0.6637926838138378, 'gpp_d': 39.827466658711515, 'ign_k': 3.7173717478250508, 'ign_c': 19.19168994439752}.
[I 2026-08-06 02:36:25,884] Trial 1459 finished with values: [12.3190967827307, 12.3190967827307] and parameters: {'k1': 0.025383218374507292, 'D_low': 18.522006003174383, 'k2': 0.0006229347004284254, 'D_high': 2969.087094484682, 'fire_exp': 1.0473002272689056, 'P_half': 3.6973278239412215, 'pre_dampen_half': 25.15960733455044, 'gpp_af': 4.582731702170249, 'gpp_b': 0.10123867001105968, 'gpp_d': 39.827466658711515, 'ign_k': 3.7173717478250508, 'ign_c': 14.367095138664217}.
[I 2026-08-06 02:36:26,786] Trial 1460 finished with values: [10.216368409949068, 10.216368409949068] and parameters: {'k1': 0.08926311370835228, 'D_low': 31.117676855667376, 'k2': 0.0499774937030317, 'D_high': 1687.3495104568947, 'fire_exp': 1.2680134752324452, 'P_half': 24.647089738642787, 'pre_dampen_half': 1.7854796082315108, 'gpp_af': 22.766850248686247, 'gpp_b': 1.5938003265859821, 'gpp_d': 891.8036602897795, 'ign_k': 7.799059237255681, 'ign_c': 14.367095138664217}.
[I 2026-08-06 02:36:27,731] Trial 1461 finished with values: [10.479102175349663, 10.479102175349663] and parameters: {'k1': 0.08926311370835228, 'D_low': 989.2483802693089, 'k2': 0.0499774937030317, 'D_high': 4023.373392740452, 'fire_exp': 1.2680134752324452, 'P_half': 304.58903846531524, 'pre_dampen_half': 14.689898077648792, 'gpp_af': 4.582731702170249, 'gpp_b': 0.1676789742547917, 'gpp_d': 39.827466658711515, 'ign_k': 3.7173717478250508, 'ign_c': 14.367095138664217}.
[I 2026-08-06 02:36:28,615] Trial 1462 finished with values: [10.252233197300347, 10.252233197300347] and parameters: {'k1': 0.08926311370835228, 'D_low': 31.117676855667376, 'k2': 4.763991596630584e-05, 'D_high': 1687.3495104568947, 'fire_exp': 1.0473002272689056, 'P_half': 608.3019192425825, 'pre_dampen_half': 14.689898077648792, 'gpp_af': 4.582731702170249, 'gpp_b': 0.6637926838138378, 'gpp_d': 39.827466658711515, 'ign_k': 3.7173717478250508, 'ign_c': 19.19168994439752}.
[I 2026-08-06 02:36:29,515] Trial 1463 finished with values: [10.014230155609813, 10.014230155609813] and parameters: {'k1': 0.021368329072358756, 'D_low': 31.117676855667376, 'k2': 0.006138509947844854, 'D_high': 2969.087094484682, 'fire_exp': 1.0473002272689056, 'P_half': 958.8659498594012, 'pre_dampen_half': 14.689898077648792, 'gpp_af': 4.582731702170249, 'gpp_b': 0.6637926838138378, 'gpp_d': 39.827466658711515, 'ign_k': 3.7173717478250508, 'ign_c': 19.19168994439752}.
[I 2026-08-06 02:36:30,843] Trial 1464 finished with values: [10.125966162753926, 10.125966162753926] and parameters: {'k1': 0.021368329072358756, 'D_low': 18.522006003174383, 'k2': 4.763991596630584e-05, 'D_high': 24939.838794891497, 'fire_exp': 1.3239942327296237, 'P_half': 664.2027816373393, 'pre_dampen_half': 14.689898077648792, 'gpp_af': 22.766850248686247, 'gpp_b': 1.5938003265859821, 'gpp_d': 300.3420512048734, 'ign_k': 0.0037322156377670697, 'ign_c': 14.367095138664217}.
[I 2026-08-06 02:36:31,754] Trial 1465 finished with values: [10.540069850203658, 10.540069850203658] and parameters: {'k1': 0.08926311370835228, 'D_low': 18.522006003174383, 'k2': 0.006138509947844854, 'D_high': 6455.595882939566, 'fire_exp': 1.0473002272689056, 'P_half': 608.3019192425825, 'pre_dampen_half': 14.689898077648792, 'gpp_af': 4.582731702170249, 'gpp_b': 0.052183838897628114, 'gpp_d': 0.5779293266899784, 'ign_k': 3.7173717478250508, 'ign_c': 19.19168994439752}.
[I 2026-08-06 02:36:32,633] Trial 1466 finished with values: [-0.5708994287538137, 0.026383573325511667] and parameters: {'k1': 0.03232155805617897, 'D_low': 18.522006003174383, 'k2': 0.0004381141781653133, 'D_high': 1578.0404945802954, 'fire_exp': 1.2680134752324452, 'P_half': 608.3019192425825, 'pre_dampen_half': 25.15960733455044, 'gpp_af': 1.6278996489926025, 'gpp_b': 0.09760461369620549, 'gpp_d': 300.3420512048734, 'ign_k': 3.7173717478250508, 'ign_c': 14.367095138664217}.
[I 2026-08-06 02:36:33,566] Trial 1467 finished with values: [10.691128071637493, 10.691128071637493] and parameters: {'k1': 0.021368329072358756, 'D_low': 31.117676855667376, 'k2': 0.006138509947844854, 'D_high': 6455.595882939566, 'fire_exp': 6.941407697937204, 'P_half': 76.7624220881052, 'pre_dampen_half': 14.689898077648792, 'gpp_af': 4.582731702170249, 'gpp_b': 0.6637926838138378, 'gpp_d': 39.827466658711515, 'ign_k': 3.7173717478250508, 'ign_c': 14.367095138664217}.
[I 2026-08-06 02:36:34,451] Trial 1468 finished with values: [-0.5688572115299992, 0.02633645937780771] and parameters: {'k1': 0.025383218374507292, 'D_low': 18.522006003174383, 'k2': 4.763991596630584e-05, 'D_high': 6455.595882939566, 'fire_exp': 1.0473002272689056, 'P_half': 608.3019192425825, 'pre_dampen_half': 14.689898077648792, 'gpp_af': 22.766850248686247, 'gpp_b': 1.5938003265859821, 'gpp_d': 891.8036602897795, 'ign_k': 3.7173717478250508, 'ign_c': 14.367095138664217}.
[I 2026-08-06 02:36:35,343] Trial 1469 finished with values: [10.077493519625419, 10.077493519625419] and parameters: {'k1': 0.025383218374507292, 'D_low': 31.117676855667376, 'k2': 0.0004381141781653133, 'D_high': 82493.50417880772, 'fire_exp': 1.2680134752324452, 'P_half': 177.4954658911452, 'pre_dampen_half': 14.689898077648792, 'gpp_af': 11.234842109991876, 'gpp_b': 0.1676789742547917, 'gpp_d': 14.815308234941392, 'ign_k': 7.799059237255681, 'ign_c': 14.367095138664217}.
[I 2026-08-06 02:36:36,307] Trial 1470 finished with values: [10.553086550476282, 10.553086550476282] and parameters: {'k1': 0.021368329072358756, 'D_low': 18.522006003174383, 'k2': 4.763991596630584e-05, 'D_high': 2969.087094484682, 'fire_exp': 1.3374105401704135, 'P_half': 958.8659498594012, 'pre_dampen_half': 14.689898077648792, 'gpp_af': 4.582731702170249, 'gpp_b': 0.10123867001105968, 'gpp_d': 39.827466658711515, 'ign_k': 0.5066525680701905, 'ign_c': 19.19168994439752}.
[I 2026-08-06 02:36:37,233] Trial 1471 finished with values: [10.134092974277861, 10.134092974277861] and parameters: {'k1': 0.08926311370835228, 'D_low': 31.117676855667376, 'k2': 4.763991596630584e-05, 'D_high': 6455.595882939566, 'fire_exp': 1.0473002272689056, 'P_half': 664.2027816373393, 'pre_dampen_half': 14.689898077648792, 'gpp_af': 22.766850248686247, 'gpp_b': 1.5938003265859821, 'gpp_d': 368.30088529547436, 'ign_k': 3.529389593576794, 'ign_c': 19.19168994439752}.
[I 2026-08-06 02:36:38,148] Trial 1472 finished with values: [10.022442630718665, 10.022442630718665] and parameters: {'k1': 0.08926311370835228, 'D_low': 9.330007965781027, 'k2': 0.0001997174727159274, 'D_high': 5562.99650055119, 'fire_exp': 1.0473002272689056, 'P_half': 608.3019192425825, 'pre_dampen_half': 14.689898077648792, 'gpp_af': 4.582731702170249, 'gpp_b': 1.5938003265859821, 'gpp_d': 9.797752629207743, 'ign_k': 0.0018991732852766694, 'ign_c': 14.367095138664217}.
[I 2026-08-06 02:36:39,126] Trial 1473 finished with values: [10.434691272305534, 10.434691272305534] and parameters: {'k1': 0.021368329072358756, 'D_low': 31.117676855667376, 'k2': 0.0499774937030317, 'D_high': 6455.595882939566, 'fire_exp': 1.7164931785633317, 'P_half': 664.2027816373393, 'pre_dampen_half': 14.689898077648792, 'gpp_af': 4.582731702170249, 'gpp_b': 0.1676789742547917, 'gpp_d': 39.827466658711515, 'ign_k': 3.7173717478250508, 'ign_c': 19.19168994439752}.
[I 2026-08-06 02:36:40,008] Trial 1474 finished with values: [-0.5708980115465146, 0.011752549315828476] and parameters: {'k1': 0.08926311370835228, 'D_low': 18.522006003174383, 'k2': 0.006138509947844854, 'D_high': 1687.3495104568947, 'fire_exp': 1.010722707674549, 'P_half': 664.2027816373393, 'pre_dampen_half': 14.689898077648792, 'gpp_af': 4.582731702170249, 'gpp_b': 0.000832333943844274, 'gpp_d': 7.797126586048889, 'ign_k': 3.7173717478250508, 'ign_c': 19.19168994439752}.
[I 2026-08-06 02:36:40,969] Trial 1475 finished with values: [10.03629788016951, 10.03629788016951] and parameters: {'k1': 0.021368329072358756, 'D_low': 18.522006003174383, 'k2': 0.0499774937030317, 'D_high': 6455.595882939566, 'fire_exp': 1.7164931785633317, 'P_half': 608.3019192425825, 'pre_dampen_half': 14.689898077648792, 'gpp_af': 4.582731702170249, 'gpp_b': 0.09760461369620549, 'gpp_d': 300.3420512048734, 'ign_k': 3.7173717478250508, 'ign_c': 14.367095138664217}.
[I 2026-08-06 02:36:41,885] Trial 1476 finished with values: [10.651135043150719, 10.651135043150719] and parameters: {'k1': 0.021368329072358756, 'D_low': 31.117676855667376, 'k2': 0.0499774937030317, 'D_high': 50.064023389829906, 'fire_exp': 1.2680134752324452, 'P_half': 177.4954658911452, 'pre_dampen_half': 14.689898077648792, 'gpp_af': 4.582731702170249, 'gpp_b': 0.1676789742547917, 'gpp_d': 39.827466658711515, 'ign_k': 2.648189355842456, 'ign_c': 14.367095138664217}.
[I 2026-08-06 02:36:42,801] Trial 1477 finished with values: [-0.5812555205057282, 0.011504705008014371] and parameters: {'k1': 0.021368329072358756, 'D_low': 8.1043507389441, 'k2': 0.006138509947844854, 'D_high': 1687.3495104568947, 'fire_exp': 1.0473002272689056, 'P_half': 664.2027816373393, 'pre_dampen_half': 14.689898077648792, 'gpp_af': 4.582731702170249, 'gpp_b': 0.9321708428673128, 'gpp_d': 891.8036602897795, 'ign_k': 2.2292793902120662, 'ign_c': 19.19168994439752}.
[I 2026-08-06 02:36:43,693] Trial 1478 finished with values: [10.135547658750284, 10.135547658750284] and parameters: {'k1': 0.00013094965356693928, 'D_low': 18.522006003174383, 'k2': 0.0004381141781653133, 'D_high': 6455.595882939566, 'fire_exp': 1.0473002272689056, 'P_half': 664.2027816373393, 'pre_dampen_half': 14.689898077648792, 'gpp_af': 22.766850248686247, 'gpp_b': 1.5938003265859821, 'gpp_d': 39.827466658711515, 'ign_k': 3.7173717478250508, 'ign_c': 14.367095138664217}.
[I 2026-08-06 02:36:44,586] Trial 1479 finished with values: [10.7167411390932, 10.7167411390932] and parameters: {'k1': 0.021368329072358756, 'D_low': 31.117676855667376, 'k2': 0.006138509947844854, 'D_high': 1687.3495104568947, 'fire_exp': 1.0473002272689056, 'P_half': 276.27089412392087, 'pre_dampen_half': 14.689898077648792, 'gpp_af': 4.582731702170249, 'gpp_b': 0.1676789742547917, 'gpp_d': 39.827466658711515, 'ign_k': 3.7173717478250508, 'ign_c': 14.367095138664217}.
[I 2026-08-06 02:36:45,502] Trial 1480 finished with values: [10.72709266040092, 10.72709266040092] and parameters: {'k1': 0.021368329072358756, 'D_low': 31.117676855667376, 'k2': 0.003728444134949849, 'D_high': 6455.595882939566, 'fire_exp': 4.944820983274038, 'P_half': 608.3019192425825, 'pre_dampen_half': 14.689898077648792, 'gpp_af': 4.582731702170249, 'gpp_b': 0.09760461369620549, 'gpp_d': 300.3420512048734, 'ign_k': 3.7173717478250508, 'ign_c': 14.367095138664217}.
[I 2026-08-06 02:36:46,386] Trial 1481 finished with values: [-0.5799900913555776, 0.011694837461969865] and parameters: {'k1': 0.021368329072358756, 'D_low': 18.522006003174383, 'k2': 0.001123618840167381, 'D_high': 6455.595882939566, 'fire_exp': 1.0473002272689056, 'P_half': 876.2992842289289, 'pre_dampen_half': 14.689898077648792, 'gpp_af': 4.582731702170249, 'gpp_b': 0.10123867001105968, 'gpp_d': 39.827466658711515, 'ign_k': 3.7173717478250508, 'ign_c': 19.19168994439752}.
[I 2026-08-06 02:36:47,327] Trial 1482 finished with values: [-0.5636325458871005, 0.021172255311209698] and parameters: {'k1': 0.021368329072358756, 'D_low': 18.522006003174383, 'k2': 4.763991596630584e-05, 'D_high': 1687.3495104568947, 'fire_exp': 1.0473002272689056, 'P_half': 664.2027816373393, 'pre_dampen_half': 14.689898077648792, 'gpp_af': 22.766850248686247, 'gpp_b': 1.5938003265859821, 'gpp_d': 368.30088529547436, 'ign_k': 3.7173717478250508, 'ign_c': 14.367095138664217}.
[I 2026-08-06 02:36:48,214] Trial 1483 finished with values: [12.617825083342424, 12.617825083342424] and parameters: {'k1': 0.021368329072358756, 'D_low': 18.522006003174383, 'k2': 0.006138509947844854, 'D_high': 1687.3495104568947, 'fire_exp': 1.2680134752324452, 'P_half': 276.27089412392087, 'pre_dampen_half': 25.15960733455044, 'gpp_af': 4.077131237195135, 'gpp_b': 0.10123867001105968, 'gpp_d': 269.7608381628704, 'ign_k': 3.7173717478250508, 'ign_c': 1.6643425133733851}.
[I 2026-08-06 02:36:49,189] Trial 1484 finished with values: [10.76916167709141, 10.76916167709141] and parameters: {'k1': 7.088878053884099e-05, 'D_low': 18.522006003174383, 'k2': 0.006138509947844854, 'D_high': 6455.595882939566, 'fire_exp': 1.7164931785633317, 'P_half': 608.3019192425825, 'pre_dampen_half': 14.689898077648792, 'gpp_af': 0.0014653682342295232, 'gpp_b': 0.1676789742547917, 'gpp_d': 39.827466658711515, 'ign_k': 3.7173717478250508, 'ign_c': 19.19168994439752}.
