[I 2026-06-08 12:14:55,491] Trial 312 finished with values: [10.733032992005505, 10.733032992005505] and parameters: {'k1': 0.00031134168041628584, 'D_low': 40.12413353131991, 'k2': 0.0012040762895973265, 'D_high': 11832.967057468773, 'fire_exp': 1.0601964743503993, 'P_half': 220.3445560633069, 'pre_dampen_half': 3.3841016089580034, 'gpp_af': 1.5386842469144075, 'gpp_b': 0.1500112079985056, 'gpp_d': 229.41380323183625, 'ign_k': 5.351470428717437, 'ign_c': 18.219343937475102, 'trop_agb_crit': 1.6878075072665546, 'trop_k_veg': 1.4584243470991722}.
[I 2026-06-08 12:14:56,711] Trial 313 finished with values: [10.892857063434677, 10.892857063434677] and parameters: {'k1': 2.316457903103837e-05, 'D_low': 40.12413353131991, 'k2': 0.014344484793173472, 'D_high': 42.070539502879384, 'fire_exp': 6.543846824249409, 'P_half': 140.74279366401683, 'pre_dampen_half': 8.594202650742222, 'gpp_af': 5.335773317316405, 'gpp_b': 1.3289448722869181e-05, 'gpp_d': 10.369565216756202, 'ign_k': 2.1368329072358767, 'ign_c': 0.7902459656172902, 'trop_agb_crit': 8.997007571451054, 'trop_k_veg': 0.83140195149031}.
[I 2026-06-08 12:14:57,965] Trial 314 finished with values: [10.559807374712946, 10.559807374712946] and parameters: {'k1': 0.00031134168041628584, 'D_low': 1112.9571947046009, 'k2': 1.915468390724633e-05, 'D_high': 78.57247967427125, 'fire_exp': 1.4665043946307825, 'P_half': 4.213183643253957, 'pre_dampen_half': 502.5175192217655, 'gpp_af': 0.2204465010099918, 'gpp_b': 0.01666658176842624, 'gpp_d': 84.31013932082456, 'ign_k': 0.0680787482656459, 'ign_c': 0.9580682294110432, 'trop_agb_crit': 1.14876138417489, 'trop_k_veg': 2.5878603012249104}.
[I 2026-06-08 12:14:59,105] Trial 315 finished with values: [10.797054196984032, 10.797054196984032] and parameters: {'k1': 0.05778755734457457, 'D_low': 78.86001704920405, 'k2': 1.6991629902581918e-05, 'D_high': 1578.0309954142967, 'fire_exp': 1.0629462657398439, 'P_half': 3227.0237615158, 'pre_dampen_half': 502.5175192217655, 'gpp_af': 0.7539992074650279, 'gpp_b': 1.4868114807380364, 'gpp_d': 150.14555442537656, 'ign_k': 0.3137585948728141, 'ign_c': 0.557280750002996, 'trop_agb_crit': 7.444615346113405, 'trop_k_veg': 1.4584243470991722}.
[I 2026-06-08 12:15:00,260] Trial 316 finished with values: [10.857389175421577, 10.857389175421577] and parameters: {'k1': 0.008471801418819975, 'D_low': 2.143851363193517, 'k2': 0.015763894361785387, 'D_high': 42.070539502879384, 'fire_exp': 1.1430983876313219, 'P_half': 220.3445560633069, 'pre_dampen_half': 10.129197956845726, 'gpp_af': 0.7951170003631387, 'gpp_b': 0.0021331409710300844, 'gpp_d': 10.369565216756202, 'ign_k': 0.0023224552232891564, 'ign_c': 323.47703263192955, 'trop_agb_crit': 18.785197416433792, 'trop_k_veg': 1.4584243470991722}.
[I 2026-06-08 12:15:01,383] Trial 317 finished with values: [10.381631855718904, 10.381631855718904] and parameters: {'k1': 0.008912611835817005, 'D_low': 355.00125258511594, 'k2': 1.915468390724633e-05, 'D_high': 3712.591045287726, 'fire_exp': 1.0629462657398439, 'P_half': 220.3445560633069, 'pre_dampen_half': 63.6685916079943, 'gpp_af': 0.7539992074650279, 'gpp_b': 0.01777482313117792, 'gpp_d': 229.41380323183625, 'ign_k': 8.926311370835233, 'ign_c': 5.13055176058983, 'trop_agb_crit': 24.584290528289387, 'trop_k_veg': 0.83140195149031}.
[I 2026-06-08 12:15:02,555] Trial 318 finished with values: [10.6439620484422, 10.6439620484422] and parameters: {'k1': 0.002155595057104387, 'D_low': 70.18267183720735, 'k2': 0.012758211164590085, 'D_high': 61536.58035691648, 'fire_exp': 1.165368636520435, 'P_half': 12.808863354047988, 'pre_dampen_half': 0.21281400894533783, 'gpp_af': 1.1409619915696267, 'gpp_b': 1.284284091405877e-05, 'gpp_d': 660.9129108295722, 'ign_k': 5.351470428717437, 'ign_c': 20.03995359361212, 'trop_agb_crit': 1.553492793799819, 'trop_k_veg': 6.45312300188076}.
[I 2026-06-08 12:15:03,740] Trial 319 finished with values: [10.738627948163339, 10.738627948163339] and parameters: {'k1': 0.05778755734457457, 'D_low': 38.82837025280678, 'k2': 0.0007047307383115598, 'D_high': 8182.111518618414, 'fire_exp': 1.695318866910499, 'P_half': 14.281536924924877, 'pre_dampen_half': 1.3833139021965035, 'gpp_af': 0.10409127568994281, 'gpp_b': 0.01777482313117792, 'gpp_d': 5.1715677287580455, 'ign_k': 3.589155871450839, 'ign_c': 3.470490935437501, 'trop_agb_crit': 10.965064494899984, 'trop_k_veg': 6.45312300188076}.
[I 2026-06-08 12:15:04,946] Trial 320 finished with values: [10.186686803085747, 10.186686803085747] and parameters: {'k1': 0.06598741607403362, 'D_low': 2.143851363193517, 'k2': 1.1065812688893481e-05, 'D_high': 4316.517111160399, 'fire_exp': 1.0629462657398439, 'P_half': 587.6331101080223, 'pre_dampen_half': 241.69519319206728, 'gpp_af': 1.9706963379095486, 'gpp_b': 1.220003093173824e-05, 'gpp_d': 84.31013932082456, 'ign_k': 8.708806168038567, 'ign_c': 0.14551749476072262, 'trop_agb_crit': 1.0455434848969813, 'trop_k_veg': 3.517697529584014}.
[I 2026-06-08 12:15:06,187] Trial 321 finished with values: [10.754113386778666, 10.754113386778666] and parameters: {'k1': 0.06646698709242517, 'D_low': 2.143851363193517, 'k2': 0.0003432139136241583, 'D_high': 2940.51756322311, 'fire_exp': 1.0601964743503993, 'P_half': 2808.7330790064375, 'pre_dampen_half': 10.129197956845726, 'gpp_af': 1.9706963379095486, 'gpp_b': 0.0054502936945582505, 'gpp_d': 84.31013932082456, 'ign_k': 8.708806168038567, 'ign_c': 20.03995359361212, 'trop_agb_crit': 7.500118950416987, 'trop_k_veg': 6.9782110227926815}.
[I 2026-06-08 12:15:07,392] Trial 322 finished with values: [10.540320126620104, 10.540320126620104] and parameters: {'k1': 0.004312951023617458, 'D_low': 1112.9571947046009, 'k2': 8.923807143379776e-05, 'D_high': 8182.111518618414, 'fire_exp': 1.423480109671474, 'P_half': 220.3445560633069, 'pre_dampen_half': 502.5175192217655, 'gpp_af': 0.1476584299248268, 'gpp_b': 3.481277316673104e-05, 'gpp_d': 150.14555442537656, 'ign_k': 0.0680787482656459, 'ign_c': 0.557280750002996, 'trop_agb_crit': 3.5747129226002423, 'trop_k_veg': 1.4584243470991722}.
[I 2026-06-08 12:15:08,645] Trial 323 finished with values: [10.5656818160643, 10.5656818160643] and parameters: {'k1': 0.01889771394135163, 'D_low': 1730.0724838654367, 'k2': 1.915468390724633e-05, 'D_high': 2940.51756322311, 'fire_exp': 1.0629462657398439, 'P_half': 25.14786015817362, 'pre_dampen_half': 502.5175192217655, 'gpp_af': 1.9706963379095486, 'gpp_b': 0.0021331409710300844, 'gpp_d': 16.460426816350523, 'ign_k': 8.708806168038567, 'ign_c': 20.03995359361212, 'trop_agb_crit': 9.286923253577127, 'trop_k_veg': 6.9782110227926815}.
[I 2026-06-08 12:15:09,787] Trial 324 finished with values: [10.258604998481118, 10.258604998481118] and parameters: {'k1': 0.012840669372724958, 'D_low': 159.7458124425669, 'k2': 1.915468390724633e-05, 'D_high': 22.281634177046417, 'fire_exp': 1.3170256885255098, 'P_half': 221.2683656611821, 'pre_dampen_half': 502.5175192217655, 'gpp_af': 3.4702669886504163, 'gpp_b': 2.176805640408474e-05, 'gpp_d': 229.41380323183625, 'ign_k': 0.0680787482656459, 'ign_c': 15.221840161091626, 'trop_agb_crit': 24.80219492452611, 'trop_k_veg': 3.869465953383845}.
[I 2026-06-08 12:15:10,917] Trial 325 finished with values: [10.633457218762905, 10.633457218762905] and parameters: {'k1': 0.004312951023617458, 'D_low': 2.143851363193517, 'k2': 1.1065812688893481e-05, 'D_high': 42.070539502879384, 'fire_exp': 2.561257322703973, 'P_half': 56.22114524476698, 'pre_dampen_half': 502.5175192217655, 'gpp_af': 0.07302012718529301, 'gpp_b': 0.0054502936945582505, 'gpp_d': 84.31013932082456, 'ign_k': 8.708806168038567, 'ign_c': 0.70689749506246, 'trop_agb_crit': 7.500118950416987, 'trop_k_veg': 6.9782110227926815}.
[I 2026-06-08 12:15:12,173] Trial 326 finished with values: [10.016690943000095, 10.016690943000095] and parameters: {'k1': 0.03635503353478365, 'D_low': 38.82837025280678, 'k2': 0.0012040762895973265, 'D_high': 2940.51756322311, 'fire_exp': 1.165368636520435, 'P_half': 12.808863354047988, 'pre_dampen_half': 107.40052367919465, 'gpp_af': 0.10409127568994281, 'gpp_b': 0.0005752434266899163, 'gpp_d': 5.1715677287580455, 'ign_k': 0.010939944910100021, 'ign_c': 30.28574109895626, 'trop_agb_crit': 3.5747129226002423, 'trop_k_veg': 2.573214588078609}.
[I 2026-06-08 12:15:13,336] Trial 327 finished with values: [10.020383804266968, 10.020383804266968] and parameters: {'k1': 0.007828534228218626, 'D_low': 77.31571570012609, 'k2': 0.012758211164590085, 'D_high': 783.2259769732478, 'fire_exp': 1.0601964743503993, 'P_half': 56.22114524476698, 'pre_dampen_half': 107.40052367919465, 'gpp_af': 0.1476584299248268, 'gpp_b': 3.43926796010005e-05, 'gpp_d': 10.369565216756202, 'ign_k': 0.0315101491238403, 'ign_c': 7.4063809263110905, 'trop_agb_crit': 3.5747129226002423, 'trop_k_veg': 0.83140195149031}.
[I 2026-06-08 12:15:14,578] Trial 328 finished with values: [10.292257620873777, 10.292257620873777] and parameters: {'k1': 0.008471801418819975, 'D_low': 40.12413353131991, 'k2': 0.012758211164590085, 'D_high': 2940.51756322311, 'fire_exp': 1.1430983876313219, 'P_half': 56.22114524476698, 'pre_dampen_half': 10.129197956845726, 'gpp_af': 0.1476584299248268, 'gpp_b': 1.3289448722869181e-05, 'gpp_d': 4.25060659305504, 'ign_k': 0.0049611344501914005, 'ign_c': 18.219343937475102, 'trop_agb_crit': 3.5747129226002423, 'trop_k_veg': 1.0594599158279707}.
[I 2026-06-08 12:15:15,693] Trial 329 finished with values: [10.782276128592818, 10.782276128592818] and parameters: {'k1': 1.4002277211577026e-05, 'D_low': 355.00125258511594, 'k2': 0.0007047307383115598, 'D_high': 61536.58035691648, 'fire_exp': 1.3170256885255098, 'P_half': 54.37591736923918, 'pre_dampen_half': 3.0156343071857648, 'gpp_af': 1.200191344086032, 'gpp_b': 0.01777482313117792, 'gpp_d': 150.14555442537656, 'ign_k': 0.002109525908590576, 'ign_c': 15.221840161091626, 'trop_agb_crit': 20.824968728078442, 'trop_k_veg': 0.83140195149031}.
[I 2026-06-08 12:15:16,804] Trial 330 finished with values: [-0.5114934061088616, 0.18452821321681534] and parameters: {'k1': 0.004312951023617458, 'D_low': 64.39790863101601, 'k2': 0.03538758864779238, 'D_high': 3712.591045287726, 'fire_exp': 1.3170256885255098, 'P_half': 220.3445560633069, 'pre_dampen_half': 502.5175192217655, 'gpp_af': 0.7539992074650279, 'gpp_b': 0.0021331409710300844, 'gpp_d': 5.1715677287580455, 'ign_k': 0.0680787482656459, 'ign_c': 15.221840161091626, 'trop_agb_crit': 24.584290528289387, 'trop_k_veg': 1.4584243470991722}.
[I 2026-06-08 12:15:17,982] Trial 331 finished with values: [10.799446874431474, 10.799446874431474] and parameters: {'k1': 0.012840669372724958, 'D_low': 4.484744524732794, 'k2': 0.0012040762895973265, 'D_high': 75.98586431588787, 'fire_exp': 1.423480109671474, 'P_half': 93.43302657318476, 'pre_dampen_half': 8.594202650742222, 'gpp_af': 0.7539992074650279, 'gpp_b': 1.284284091405877e-05, 'gpp_d': 229.41380323183625, 'ign_k': 0.0680787482656459, 'ign_c': 18.219343937475102, 'trop_agb_crit': 24.584290528289387, 'trop_k_veg': 1.4584243470991722}.
[I 2026-06-08 12:15:19,184] Trial 332 finished with values: [10.519904163335442, 10.519904163335442] and parameters: {'k1': 0.004312951023617458, 'D_low': 70.18267183720735, 'k2': 0.015763894361785387, 'D_high': 2940.51756322311, 'fire_exp': 1.695318866910499, 'P_half': 220.3445560633069, 'pre_dampen_half': 502.5175192217655, 'gpp_af': 0.1476584299248268, 'gpp_b': 0.0021331409710300844, 'gpp_d': 84.31013932082456, 'ign_k': 0.010167079878196114, 'ign_c': 54.079797238871784, 'trop_agb_crit': 3.5747129226002423, 'trop_k_veg': 1.4584243470991722}.
[I 2026-06-08 12:15:20,366] Trial 333 finished with values: [10.044782022635642, 10.044782022635642] and parameters: {'k1': 0.06598741607403362, 'D_low': 64.39790863101601, 'k2': 0.0007047307383115598, 'D_high': 61536.58035691648, 'fire_exp': 1.3170256885255098, 'P_half': 587.6331101080223, 'pre_dampen_half': 241.69519319206728, 'gpp_af': 6.155035361040188, 'gpp_b': 1.220003093173824e-05, 'gpp_d': 229.41380323183625, 'ign_k': 0.0020161527752598613, 'ign_c': 0.14551749476072262, 'trop_agb_crit': 1.0455434848969813, 'trop_k_veg': 3.517697529584014}.
[I 2026-06-08 12:15:21,522] Trial 334 finished with values: [10.592032273129993, 10.592032273129993] and parameters: {'k1': 0.012840669372724958, 'D_low': 38.82837025280678, 'k2': 1.915468390724633e-05, 'D_high': 3712.591045287726, 'fire_exp': 1.4665043946307825, 'P_half': 5.076307782729897, 'pre_dampen_half': 38.00678588560607, 'gpp_af': 0.6403036652671171, 'gpp_b': 0.14577755664212386, 'gpp_d': 16.460426816350523, 'ign_k': 2.539964555451684, 'ign_c': 15.221840161091626, 'trop_agb_crit': 24.584290528289387, 'trop_k_veg': 3.1473758868965476}.
[I 2026-06-08 12:15:22,711] Trial 335 finished with values: [-0.49534435148965733, 0.25340584681324374] and parameters: {'k1': 0.004312951023617458, 'D_low': 70.18267183720735, 'k2': 0.0009562822793888481, 'D_high': 2940.51756322311, 'fire_exp': 1.0601964743503993, 'P_half': 220.3445560633069, 'pre_dampen_half': 107.40052367919465, 'gpp_af': 1.9706963379095486, 'gpp_b': 0.0021331409710300844, 'gpp_d': 29.749683811098393, 'ign_k': 0.010167079878196114, 'ign_c': 20.03995359361212, 'trop_agb_crit': 3.5747129226002423, 'trop_k_veg': 1.4584243470991722}.
[I 2026-06-08 12:15:23,833] Trial 336 finished with values: [10.457417993168475, 10.457417993168475] and parameters: {'k1': 0.004312951023617458, 'D_low': 34.459310919273356, 'k2': 0.03538758864779238, 'D_high': 3712.591045287726, 'fire_exp': 1.1430983876313219, 'P_half': 523.1053126909052, 'pre_dampen_half': 502.5175192217655, 'gpp_af': 0.05511595477601767, 'gpp_b': 0.14577755664212386, 'gpp_d': 10.369565216756202, 'ign_k': 2.1368329072358767, 'ign_c': 15.221840161091626, 'trop_agb_crit': 18.785197416433792, 'trop_k_veg': 1.4584243470991722}.
[I 2026-06-08 12:15:24,943] Trial 337 finished with values: [10.207821523111013, 10.207821523111013] and parameters: {'k1': 0.008912611835817005, 'D_low': 83.62695993649682, 'k2': 1.915468390724633e-05, 'D_high': 3712.591045287726, 'fire_exp': 1.0629462657398439, 'P_half': 5.076307782729897, 'pre_dampen_half': 63.6685916079943, 'gpp_af': 0.7539992074650279, 'gpp_b': 0.14577755664212386, 'gpp_d': 5.1715677287580455, 'ign_k': 8.926311370835233, 'ign_c': 5.13055176058983, 'trop_agb_crit': 7.499945891579917, 'trop_k_veg': 0.83140195149031}.
[I 2026-06-08 12:15:26,126] Trial 338 finished with values: [10.131857018738193, 10.131857018738193] and parameters: {'k1': 0.008471801418819975, 'D_low': 78.86001704920405, 'k2': 0.019894080167856886, 'D_high': 61536.58035691648, 'fire_exp': 1.1430983876313219, 'P_half': 4.213183643253957, 'pre_dampen_half': 10.129197956845726, 'gpp_af': 3.4702669886504163, 'gpp_b': 0.0012213924959062798, 'gpp_d': 150.14555442537656, 'ign_k': 0.0680787482656459, 'ign_c': 0.557280750002996, 'trop_agb_crit': 7.500118950416987, 'trop_k_veg': 1.3602724017812755}.
[I 2026-06-08 12:15:27,380] Trial 339 finished with values: [10.129021716821137, 10.129021716821137] and parameters: {'k1': 0.008287522363768155, 'D_low': 4.484744524732794, 'k2': 1.915468390724633e-05, 'D_high': 3712.591045287726, 'fire_exp': 1.0629462657398439, 'P_half': 4.213183643253957, 'pre_dampen_half': 24.551654436784773, 'gpp_af': 0.2204465010099918, 'gpp_b': 0.0021331409710300844, 'gpp_d': 2.944272359149677, 'ign_k': 0.0680787482656459, 'ign_c': 5.13055176058983, 'trop_agb_crit': 24.584290528289387, 'trop_k_veg': 2.520089655463604}.
[I 2026-06-08 12:15:28,553] Trial 340 finished with values: [10.024456925059134, 10.024456925059134] and parameters: {'k1': 0.03635503353478365, 'D_low': 38.82837025280678, 'k2': 0.0012040762895973265, 'D_high': 2940.51756322311, 'fire_exp': 1.165368636520435, 'P_half': 12.808863354047988, 'pre_dampen_half': 107.40052367919465, 'gpp_af': 0.10409127568994281, 'gpp_b': 0.0005752434266899163, 'gpp_d': 5.1715677287580455, 'ign_k': 0.010167079878196114, 'ign_c': 30.28574109895626, 'trop_agb_crit': 3.5747129226002423, 'trop_k_veg': 2.573214588078609}.
[I 2026-06-08 12:15:29,671] Trial 341 finished with values: [10.024345844501362, 10.024345844501362] and parameters: {'k1': 0.06598741607403362, 'D_low': 38.82837025280678, 'k2': 0.001832010067724639, 'D_high': 3712.591045287726, 'fire_exp': 1.8493890000580158, 'P_half': 4.213183643253957, 'pre_dampen_half': 241.69519319206728, 'gpp_af': 0.7539992074650279, 'gpp_b': 1.4540386644083135e-05, 'gpp_d': 16.460426816350523, 'ign_k': 0.010167079878196114, 'ign_c': 15.221840161091626, 'trop_agb_crit': 24.584290528289387, 'trop_k_veg': 3.1473758868965476}.
[I 2026-06-08 12:15:30,842] Trial 342 finished with values: [10.71761332523284, 10.71761332523284] and parameters: {'k1': 2.316457903103837e-05, 'D_low': 40.12413353131991, 'k2': 0.032845299795769424, 'D_high': 2940.51756322311, 'fire_exp': 1.1430983876313219, 'P_half': 56.22114524476698, 'pre_dampen_half': 10.129197956845726, 'gpp_af': 24.725776073156705, 'gpp_b': 0.0005752434266899163, 'gpp_d': 10.369565216756202, 'ign_k': 8.708806168038567, 'ign_c': 20.03995359361212, 'trop_agb_crit': 3.5747129226002423, 'trop_k_veg': 3.49157152291552}.
[I 2026-06-08 12:15:31,984] Trial 343 finished with values: [10.463708400135111, 10.463708400135111] and parameters: {'k1': 0.012840669372724958, 'D_low': 1.54121727098019, 'k2': 0.0154776166709383, 'D_high': 3712.591045287726, 'fire_exp': 1.4665043946307825, 'P_half': 56.22114524476698, 'pre_dampen_half': 10.129197956845726, 'gpp_af': 1.9706963379095486, 'gpp_b': 0.0054502936945582505, 'gpp_d': 19.600139992927435, 'ign_k': 2.5253810447657927, 'ign_c': 20.03995359361212, 'trop_agb_crit': 24.584290528289387, 'trop_k_veg': 3.869465953383845}.
[I 2026-06-08 12:15:33,155] Trial 344 finished with values: [10.115778491637524, 10.115778491637524] and parameters: {'k1': 0.03635503353478365, 'D_low': 38.82837025280678, 'k2': 0.0012040762895973265, 'D_high': 3712.591045287726, 'fire_exp': 1.165368636520435, 'P_half': 93.43302657318476, 'pre_dampen_half': 107.40052367919465, 'gpp_af': 0.2204465010099918, 'gpp_b': 0.0005752434266899163, 'gpp_d': 229.41380323183625, 'ign_k': 0.01364908766641695, 'ign_c': 30.28574109895626, 'trop_agb_crit': 24.584290528289387, 'trop_k_veg': 3.49157152291552}.
[I 2026-06-08 12:15:34,360] Trial 345 finished with values: [10.776098062776898, 10.776098062776898] and parameters: {'k1': 0.06598741607403362, 'D_low': 2945.620569202742, 'k2': 7.914423612155373e-05, 'D_high': 4316.517111160399, 'fire_exp': 1.0629462657398439, 'P_half': 587.6331101080223, 'pre_dampen_half': 241.69519319206728, 'gpp_af': 3.4818886917676246, 'gpp_b': 2.176805640408474e-05, 'gpp_d': 16.460426816350523, 'ign_k': 0.0680787482656459, 'ign_c': 15.221840161091626, 'trop_agb_crit': 1.0455434848969813, 'trop_k_veg': 3.517697529584014}.
[I 2026-06-08 12:15:35,645] Trial 346 finished with values: [10.263956537412442, 10.263956537412442] and parameters: {'k1': 0.004312951023617458, 'D_low': 4.484744524732794, 'k2': 8.923807143379776e-05, 'D_high': 42.070539502879384, 'fire_exp': 1.0629462657398439, 'P_half': 220.3445560633069, 'pre_dampen_half': 107.40052367919465, 'gpp_af': 0.7539992074650279, 'gpp_b': 3.481277316673104e-05, 'gpp_d': 660.9129108295722, 'ign_k': 0.0680787482656459, 'ign_c': 20.03995359361212, 'trop_agb_crit': 1.14876138417489, 'trop_k_veg': 6.9782110227926815}.
[I 2026-06-08 12:15:36,770] Trial 347 finished with values: [10.892857142659844, 10.892857142659844] and parameters: {'k1': 0.01889771394135163, 'D_low': 64.39790863101601, 'k2': 1.915468390724633e-05, 'D_high': 3712.591045287726, 'fire_exp': 1.0629462657398439, 'P_half': 56.22114524476698, 'pre_dampen_half': 10.129197956845726, 'gpp_af': 0.7539992074650279, 'gpp_b': 0.0021331409710300844, 'gpp_d': 84.31013932082456, 'ign_k': 8.708806168038567, 'ign_c': 222.87087260110138, 'trop_agb_crit': 7.500118950416987, 'trop_k_veg': 0.5349971555643298}.
[I 2026-06-08 12:15:37,942] Trial 348 finished with values: [10.892857142659844, 10.892857142659844] and parameters: {'k1': 0.008912611835817005, 'D_low': 38.82837025280678, 'k2': 1.915468390724633e-05, 'D_high': 8182.111518618414, 'fire_exp': 1.0629462657398439, 'P_half': 220.3445560633069, 'pre_dampen_half': 63.6685916079943, 'gpp_af': 0.7539992074650279, 'gpp_b': 0.01777482313117792, 'gpp_d': 229.41380323183625, 'ign_k': 8.926311370835233, 'ign_c': 61.64329525571068, 'trop_agb_crit': 10.965064494899984, 'trop_k_veg': 0.83140195149031}.
[I 2026-06-08 12:15:39,050] Trial 349 finished with values: [11.321894659589994, 11.321894659589994] and parameters: {'k1': 0.012840669372724958, 'D_low': 7.46475488144212, 'k2': 1.1065812688893481e-05, 'D_high': 5670.3463356272905, 'fire_exp': 1.0629462657398439, 'P_half': 93.43302657318476, 'pre_dampen_half': 502.5175192217655, 'gpp_af': 0.7539992074650279, 'gpp_b': 1.3289448722869181e-05, 'gpp_d': 16.460426816350523, 'ign_k': 2.1368329072358767, 'ign_c': 0.70689749506246, 'trop_agb_crit': 7.500118950416987, 'trop_k_veg': 1.4584243470991722}.
[I 2026-06-08 12:15:40,156] Trial 350 finished with values: [10.588501539241285, 10.588501539241285] and parameters: {'k1': 0.008912611835817005, 'D_low': 1313.2212275639863, 'k2': 1.915468390724633e-05, 'D_high': 3712.591045287726, 'fire_exp': 1.423480109671474, 'P_half': 221.2683656611821, 'pre_dampen_half': 502.5175192217655, 'gpp_af': 1.1409619915696267, 'gpp_b': 1.284284091405877e-05, 'gpp_d': 229.41380323183625, 'ign_k': 0.0680787482656459, 'ign_c': 0.8547476176667198, 'trop_agb_crit': 24.584290528289387, 'trop_k_veg': 0.586974895308737}.
[I 2026-06-08 12:15:41,328] Trial 351 finished with values: [10.790759604894822, 10.790759604894822] and parameters: {'k1': 0.008912611835817005, 'D_low': 64.39790863101601, 'k2': 7.914423612155373e-05, 'D_high': 5254.8834372681695, 'fire_exp': 1.0629462657398439, 'P_half': 4.213183643253957, 'pre_dampen_half': 241.69519319206728, 'gpp_af': 1.2389588752305056, 'gpp_b': 0.0021331409710300844, 'gpp_d': 16.460426816350523, 'ign_k': 0.0680787482656459, 'ign_c': 0.8547476176667198, 'trop_agb_crit': 24.584290528289387, 'trop_k_veg': 3.1473758868965476}.
