[I 2026-08-19 15:36:39,395] Trial 1246 finished with value: -0.5176473653668745 and parameters: {'k1': 0.00018474173804402494, 'D_low': 3529.860766307519, 'k2': 0.0005000473858640834, 'D_high': 6620638.1997418, 'fire_exp': 1.4275759246427198, 'P_half': 394.88110832814186, 'pre_dampen_half': 33.9690815133995, 'gpp_af': 0.15542310017309746, 'gpp_b': 3.8418984064985685e-05, 'gpp_d': 21.3898027847036, 'ign_k': 1.8874414884023076, 'ign_c': 14.989247712497985, 'trop_agb_crit': 18.953937252680287, 'trop_k_veg': 2.7444760168164004, 'pop_amp': 0.0029783004374882172, 'pop_peak': 40.39231047609253, 'pop_sig': 0.8677462978222958, 'fuel_k': 4.247242321398718, 'fuel_half': 1.1988919735252506}. Best is trial 421 with value: -0.6216386034937503.
[I 2026-08-19 15:36:42,445] Trial 1247 finished with value: -0.5434411621314847 and parameters: {'k1': 0.0032110755252987345, 'D_low': 72.0701808087648, 'k2': 0.000896313290899602, 'D_high': 103869.895136229, 'fire_exp': 1.3243346018373756, 'P_half': 1.3541716657766492, 'pre_dampen_half': 5.2151699006159165, 'gpp_af': 0.002305384215315882, 'gpp_b': 0.0010393763213534198, 'gpp_d': 39.84269330227751, 'ign_k': 0.00622691705701719, 'ign_c': 0.35203508499742914, 'trop_agb_crit': 16.316793722422805, 'trop_k_veg': 5.4304668899267945, 'pop_amp': 0.006321682589674633, 'pop_peak': 0.19036307157298168, 'pop_sig': 0.4900745238327008, 'fuel_k': 3.33156811162195, 'fuel_half': 0.17818255371002012}. Best is trial 421 with value: -0.6216386034937503.
[I 2026-08-19 15:36:46,247] Trial 1248 finished with value: -0.587622380334776 and parameters: {'k1': 3.753831640428705e-05, 'D_low': 68.41281746264261, 'k2': 0.0002483092016747781, 'D_high': 6167330.583370881, 'fire_exp': 1.0107717875776707, 'P_half': 5.8132033288994664, 'pre_dampen_half': 0.6336344918065981, 'gpp_af': 0.10017983427688351, 'gpp_b': 0.0008813100967005331, 'gpp_d': 0.34513756762012543, 'ign_k': 0.40725455198627636, 'ign_c': 1.6164395759577994, 'trop_agb_crit': 4.592831364453369, 'trop_k_veg': 4.481637692009776, 'pop_amp': 0.5246241990197529, 'pop_peak': 604.3423110179916, 'pop_sig': 0.44044382614563865, 'fuel_k': 0.8085529322353193, 'fuel_half': 0.27631941174878555}. Best is trial 421 with value: -0.6216386034937503.
[I 2026-08-19 15:36:49,670] Trial 1249 finished with value: -0.47125150327718257 and parameters: {'k1': 0.001340688042884733, 'D_low': 139.53639610324532, 'k2': 0.006212730160461956, 'D_high': 3952274.0301426435, 'fire_exp': 1.4599102550119187, 'P_half': 238.6451537234233, 'pre_dampen_half': 0.36759867502743665, 'gpp_af': 0.1596736670773758, 'gpp_b': 0.021225486396561338, 'gpp_d': 24.018947890610537, 'ign_k': 0.06725862213137564, 'ign_c': 10.991449855515725, 'trop_agb_crit': 26.509642693514728, 'trop_k_veg': 2.6574618069224933, 'pop_amp': 0.0028081823777828495, 'pop_peak': 25.475282657355795, 'pop_sig': 0.9439963173264162, 'fuel_k': 1.382554715692496, 'fuel_half': 1.6647961053898488}. Best is trial 421 with value: -0.6216386034937503.
[I 2026-08-19 15:36:53,726] Trial 1250 finished with value: -0.40936924798628416 and parameters: {'k1': 0.002461203060557273, 'D_low': 1315.9381322972044, 'k2': 0.0011660245744814432, 'D_high': 4937667.349625013, 'fire_exp': 1.3167730173828776, 'P_half': 2733.5902000070623, 'pre_dampen_half': 1.351730313343126, 'gpp_af': 0.061461749516864894, 'gpp_b': 3.180839861986449e-05, 'gpp_d': 2.3087807513086873, 'ign_k': 0.28530848107208123, 'ign_c': 69.64669940751935, 'trop_agb_crit': 27.260045728277333, 'trop_k_veg': 4.9605520027856445, 'pop_amp': 0.007846091468872276, 'pop_peak': 3.1582445510367974, 'pop_sig': 2.0692744462345027, 'fuel_k': 4.7648681407437605, 'fuel_half': 0.1542093596593215}. Best is trial 421 with value: -0.6216386034937503.
[I 2026-08-19 15:36:57,415] Trial 1251 finished with value: -0.42044928456056496 and parameters: {'k1': 0.00015865020773484138, 'D_low': 39.04664034247133, 'k2': 0.04601871650183714, 'D_high': 947617.0954866317, 'fire_exp': 1.750142917543461, 'P_half': 40.82076831724673, 'pre_dampen_half': 1.5942029360968248, 'gpp_af': 0.08132039670311167, 'gpp_b': 0.008474515680018615, 'gpp_d': 3.8945072495291524, 'ign_k': 0.03219239126922961, 'ign_c': 160.93116930388078, 'trop_agb_crit': 16.609320444383112, 'trop_k_veg': 1.8765887274267719, 'pop_amp': 0.008429431997571317, 'pop_peak': 123.75520430873168, 'pop_sig': 1.517081104230495, 'fuel_k': 4.129605751604077, 'fuel_half': 1.3144277763090086}. Best is trial 421 with value: -0.6216386034937503.
  trial 1252/2500  best_overall=0.6216  (72.9 min)
[I 2026-08-19 15:37:01,114] Trial 1252 finished with value: -0.441007206803013 and parameters: {'k1': 8.313621419719568e-05, 'D_low': 47.96070128364773, 'k2': 0.00040182716090057894, 'D_high': 232715.41784554184, 'fire_exp': 2.583784271313985, 'P_half': 2.6913985420716, 'pre_dampen_half': 0.18993311816740596, 'gpp_af': 0.08314817394757, 'gpp_b': 1.4629963532463357e-05, 'gpp_d': 1.2146818946586595, 'ign_k': 0.034019570099124284, 'ign_c': 1.25861268435888, 'trop_agb_crit': 17.25414190723799, 'trop_k_veg': 4.5160495198646915, 'pop_amp': 0.0661409247432321, 'pop_peak': 3.2082200595913863, 'pop_sig': 0.3627958860571783, 'fuel_k': 0.9675622407387522, 'fuel_half': 0.3134524578639675}. Best is trial 421 with value: -0.6216386034937503.
[I 2026-08-19 15:37:04,453] Trial 1253 finished with value: -0.46748018858103135 and parameters: {'k1': 0.0010092195600760647, 'D_low': 149.65527573373652, 'k2': 0.005125208223324367, 'D_high': 31267.346205814636, 'fire_exp': 3.8129706923009787, 'P_half': 144.21676467817647, 'pre_dampen_half': 3.2397717217755844, 'gpp_af': 0.08131461348565003, 'gpp_b': 0.0016150553614504798, 'gpp_d': 5.027389700527459, 'ign_k': 2.704379156403151, 'ign_c': 0.16453461187665808, 'trop_agb_crit': 24.85590580539684, 'trop_k_veg': 1.7883935902890555, 'pop_amp': 0.01682364639891992, 'pop_peak': 0.39840022408574394, 'pop_sig': 0.41532217964808477, 'fuel_k': 0.8772859080423635, 'fuel_half': 2.307805412038399}. Best is trial 421 with value: -0.6216386034937503.
[I 2026-08-19 15:37:07,800] Trial 1254 finished with value: -0.3563798292361949 and parameters: {'k1': 0.0005179704076583373, 'D_low': 618494.9790939082, 'k2': 0.007239015635186426, 'D_high': 2312397.8401718894, 'fire_exp': 1.1529558660158252, 'P_half': 175.6870928517826, 'pre_dampen_half': 280.45630799325784, 'gpp_af': 0.006366997186242298, 'gpp_b': 4.4035389053265936e-05, 'gpp_d': 0.4967329429629425, 'ign_k': 5.048779849586531, 'ign_c': 2.940586030661268, 'trop_agb_crit': 25.444230886063604, 'trop_k_veg': 3.2752984839236485, 'pop_amp': 0.03779083591940075, 'pop_peak': 23.132452431507517, 'pop_sig': 1.4626576739648536, 'fuel_k': 3.762951168250724, 'fuel_half': 0.1792102418778251}. Best is trial 421 with value: -0.6216386034937503.
[I 2026-08-19 15:37:10,676] Trial 1255 finished with value: -0.5607936705277224 and parameters: {'k1': 0.00037872569571311993, 'D_low': 10175.007861704811, 'k2': 0.002883975637855651, 'D_high': 285961.1642672394, 'fire_exp': 1.6112495773966353, 'P_half': 1.4289745059747305, 'pre_dampen_half': 2.443730972037302, 'gpp_af': 0.09658005360065033, 'gpp_b': 2.5551393666543635e-05, 'gpp_d': 50.31018155716274, 'ign_k': 4.773174340319311, 'ign_c': 1.02221419696776, 'trop_agb_crit': 24.567388714884594, 'trop_k_veg': 2.5883154864440407, 'pop_amp': 0.0023759370343194174, 'pop_peak': 0.8899435429265766, 'pop_sig': 0.5369039429971341, 'fuel_k': 0.3417389139401038, 'fuel_half': 4.711699469925074}. Best is trial 421 with value: -0.6216386034937503.
[I 2026-08-19 15:37:13,368] Trial 1256 finished with value: -0.40552697375011804 and parameters: {'k1': 8.581197051182781e-05, 'D_low': 4.936320184193215, 'k2': 0.00017546824349854, 'D_high': 8068893.366359743, 'fire_exp': 1.7317469222618982, 'P_half': 3.5808803700493423, 'pre_dampen_half': 38.24777015963618, 'gpp_af': 0.0021770194036354797, 'gpp_b': 0.009478878965128978, 'gpp_d': 0.12315913996771062, 'ign_k': 0.03574455233661964, 'ign_c': 0.2712280797198584, 'trop_agb_crit': 17.484986847880183, 'trop_k_veg': 5.8809379629331415, 'pop_amp': 0.004024841518341692, 'pop_peak': 4.733586754064112, 'pop_sig': 0.7140902788279782, 'fuel_k': 0.41081698054436533, 'fuel_half': 0.24634344621407242}. Best is trial 421 with value: -0.6216386034937503.
[I 2026-08-19 15:37:16,378] Trial 1257 finished with value: -0.4492130963991993 and parameters: {'k1': 8.866368767995514e-05, 'D_low': 55.16941052619451, 'k2': 7.663797726007015e-05, 'D_high': 1701823.771039453, 'fire_exp': 2.828800670239367, 'P_half': 4.1007408634283715, 'pre_dampen_half': 1.4747359987255124, 'gpp_af': 0.4638729113900074, 'gpp_b': 0.010800560060456087, 'gpp_d': 105.49194223755642, 'ign_k': 0.11751771584897723, 'ign_c': 21.415168652468488, 'trop_agb_crit': 2.348310481059679, 'trop_k_veg': 7.566626471522513, 'pop_amp': 0.004385561062031694, 'pop_peak': 7.217418592038422, 'pop_sig': 0.4066795351080765, 'fuel_k': 1.6728350760104178, 'fuel_half': 0.3132562340235445}. Best is trial 421 with value: -0.6216386034937503.
[I 2026-08-19 15:37:19,212] Trial 1258 finished with value: -0.5526437747227514 and parameters: {'k1': 0.0008485530036960664, 'D_low': 3168.044132103239, 'k2': 0.0006898044789420812, 'D_high': 25838.530510341974, 'fire_exp': 2.926073446824764, 'P_half': 92.46977204324091, 'pre_dampen_half': 5.12587180082282, 'gpp_af': 0.0040233900498815, 'gpp_b': 3.217400357960104e-05, 'gpp_d': 5.153133568241555, 'ign_k': 0.23587620305568707, 'ign_c': 0.16438343552882237, 'trop_agb_crit': 22.542895306352282, 'trop_k_veg': 1.7277224080579907, 'pop_amp': 0.0016169278323355251, 'pop_peak': 2.1338360053662924, 'pop_sig': 0.8377523695681689, 'fuel_k': 5.273979367719837, 'fuel_half': 0.2189942888981399}. Best is trial 421 with value: -0.6216386034937503.
  trial 1259/2500  best_overall=0.6216  (73.3 min)
[I 2026-08-19 15:37:23,146] Trial 1259 finished with value: -0.35609922821789375 and parameters: {'k1': 0.0006562917063410686, 'D_low': 632461.7063721705, 'k2': 0.0031534963331149033, 'D_high': 882321.3797877268, 'fire_exp': 1.7099892912971086, 'P_half': 1007.7234156381526, 'pre_dampen_half': 0.7319634818458686, 'gpp_af': 0.023713266225828526, 'gpp_b': 6.93441607553881e-05, 'gpp_d': 8.27219589329691, 'ign_k': 0.9838775525522991, 'ign_c': 20.63649178456555, 'trop_agb_crit': 17.63710945847888, 'trop_k_veg': 7.940115389559066, 'pop_amp': 0.0015149171530117204, 'pop_peak': 30.69935504338902, 'pop_sig': 0.5996387270745533, 'fuel_k': 1.6104656845755518, 'fuel_half': 0.14547495094293814}. Best is trial 421 with value: -0.6216386034937503.
[I 2026-08-19 15:37:25,838] Trial 1260 finished with value: -0.46587855558278707 and parameters: {'k1': 2.1594597655025184e-05, 'D_low': 15134.933491281921, 'k2': 0.004737970506683052, 'D_high': 1106017.6405996492, 'fire_exp': 1.2102119569726653, 'P_half': 17.179516299868, 'pre_dampen_half': 601.6308221879627, 'gpp_af': 0.009424583346379797, 'gpp_b': 0.0008596685100324387, 'gpp_d': 553.3418114114149, 'ign_k': 0.018626699892646096, 'ign_c': 2.1173473340027376, 'trop_agb_crit': 22.752343763501635, 'trop_k_veg': 3.5441946779685214, 'pop_amp': 0.0020450410816616987, 'pop_peak': 1.8021684772676432, 'pop_sig': 1.2602997216723804, 'fuel_k': 5.94074603082804, 'fuel_half': 1.5116372451412303}. Best is trial 421 with value: -0.6216386034937503.
[I 2026-08-19 15:37:28,517] Trial 1261 finished with value: -0.3913421746269597 and parameters: {'k1': 0.0017416682093285966, 'D_low': 518.3664694555847, 'k2': 0.03361050017209997, 'D_high': 448018.0447726407, 'fire_exp': 1.124763450587977, 'P_half': 21.712359056067815, 'pre_dampen_half': 307.37553559139155, 'gpp_af': 0.6718589450206034, 'gpp_b': 0.00047057500933453996, 'gpp_d': 48.40877227020621, 'ign_k': 0.10886098219745068, 'ign_c': 69.07691841755081, 'trop_agb_crit': 23.271395726961075, 'trop_k_veg': 7.168041162211305, 'pop_amp': 0.0019637664969109794, 'pop_peak': 31.290481580812262, 'pop_sig': 1.2594926766805605, 'fuel_k': 1.0642798640992819, 'fuel_half': 0.35710933656882576}. Best is trial 421 with value: -0.6216386034937503.
[I 2026-08-19 15:37:31,848] Trial 1262 finished with value: -0.4150902979783077 and parameters: {'k1': 4.788120906535667e-05, 'D_low': 115513.69207961719, 'k2': 0.00013076497312045107, 'D_high': 159281.19119675006, 'fire_exp': 1.6286646539581218, 'P_half': 14.313942295639306, 'pre_dampen_half': 0.2089118161549149, 'gpp_af': 0.027199755184218, 'gpp_b': 0.00012713202450523282, 'gpp_d': 78.84920638602384, 'ign_k': 0.3835255588504435, 'ign_c': 5.655437989432305, 'trop_agb_crit': 26.898750608335188, 'trop_k_veg': 4.191810105799984, 'pop_amp': 0.005531798593128846, 'pop_peak': 6.861183250502028, 'pop_sig': 1.1829907099909873, 'fuel_k': 2.031411624277426, 'fuel_half': 0.5250443383276054}. Best is trial 421 with value: -0.6216386034937503.
[I 2026-08-19 15:37:34,573] Trial 1263 finished with value: -0.5662886020097445 and parameters: {'k1': 0.021655788098814074, 'D_low': 96.60273650316614, 'k2': 0.0016477348458621163, 'D_high': 2203152.7367271045, 'fire_exp': 1.7240242936917338, 'P_half': 24.81017179522359, 'pre_dampen_half': 1.2987340629521538, 'gpp_af': 0.009911728542772877, 'gpp_b': 0.0011768181938908424, 'gpp_d': 513.3309231792018, 'ign_k': 8.493825017343736, 'ign_c': 1.084777653633152, 'trop_agb_crit': 27.618007675167366, 'trop_k_veg': 2.7192908131986178, 'pop_amp': 0.003744848114309033, 'pop_peak': 34.31328559409671, 'pop_sig': 0.3871199740352069, 'fuel_k': 0.8941598035600418, 'fuel_half': 4.375301638018147}. Best is trial 421 with value: -0.6216386034937503.
[I 2026-08-19 15:37:37,297] Trial 1264 finished with value: -0.39840887725069496 and parameters: {'k1': 0.0005391806214640936, 'D_low': 1761.5476704967732, 'k2': 1.3991281820173193e-05, 'D_high': 1721401.1128028631, 'fire_exp': 4.848312201504878, 'P_half': 479.90098922759205, 'pre_dampen_half': 31.424537902877272, 'gpp_af': 0.0014797585002433544, 'gpp_b': 0.0018805890589764184, 'gpp_d': 2.323604809392356, 'ign_k': 0.4628198223024666, 'ign_c': 0.5789277804353057, 'trop_agb_crit': 12.757223804400867, 'trop_k_veg': 1.5534187072656864, 'pop_amp': 0.12340147775772883, 'pop_peak': 228.38709044580818, 'pop_sig': 0.6231233455686713, 'fuel_k': 0.046650181932394494, 'fuel_half': 0.3160449228451569}. Best is trial 421 with value: -0.6216386034937503.
[I 2026-08-19 15:37:39,861] Trial 1265 finished with value: -0.46641829273548635 and parameters: {'k1': 0.0008344854786145408, 'D_low': 90.53895618374762, 'k2': 0.0025840843765478723, 'D_high': 3419.5925392340228, 'fire_exp': 1.188616485351858, 'P_half': 28.9913470496808, 'pre_dampen_half': 2.1953318588500794, 'gpp_af': 0.0014358651312700872, 'gpp_b': 3.738538645512078e-05, 'gpp_d': 0.05582797669496318, 'ign_k': 0.08627526156239743, 'ign_c': 0.46851113293789026, 'trop_agb_crit': 12.693958661603856, 'trop_k_veg': 1.0702645983131653, 'pop_amp': 0.39187868316200664, 'pop_peak': 15.357551760877694, 'pop_sig': 0.3592299697556483, 'fuel_k': 1.8121055672559727, 'fuel_half': 0.529376741816967}. Best is trial 421 with value: -0.6216386034937503.
  trial 1266/2500  best_overall=0.6216  (73.6 min)
[I 2026-08-19 15:37:43,820] Trial 1266 finished with value: -0.5248774587108009 and parameters: {'k1': 2.244430794471846e-05, 'D_low': 11070.728399069323, 'k2': 0.0009914423119076288, 'D_high': 4421759.469883458, 'fire_exp': 1.6980748230056069, 'P_half': 39.37448580253843, 'pre_dampen_half': 2.238695120150867, 'gpp_af': 0.1386320236063841, 'gpp_b': 0.0012707190845723845, 'gpp_d': 3.2459772581112594, 'ign_k': 5.615708568663655, 'ign_c': 16.431029651516095, 'trop_agb_crit': 28.049808610867544, 'trop_k_veg': 4.223730400540549, 'pop_amp': 0.0019150289336483293, 'pop_peak': 88.71369838827538, 'pop_sig': 1.9429577271340917, 'fuel_k': 0.37491018860633574, 'fuel_half': 0.4171598041905801}. Best is trial 421 with value: -0.6216386034937503.
[I 2026-08-19 15:37:46,719] Trial 1267 finished with value: -0.35431289771702784 and parameters: {'k1': 0.0005430156196914797, 'D_low': 26293.78071476934, 'k2': 0.015505457998024259, 'D_high': 1239272.9430048568, 'fire_exp': 2.398984678161075, 'P_half': 712.5129030614639, 'pre_dampen_half': 2.3445998951341633, 'gpp_af': 0.0034540001331889543, 'gpp_b': 0.0005985300602418218, 'gpp_d': 6.469645411866028, 'ign_k': 0.2832554285661692, 'ign_c': 76.65582246169951, 'trop_agb_crit': 21.86941909502759, 'trop_k_veg': 3.38399118944687, 'pop_amp': 0.003470482898220757, 'pop_peak': 15.297579569759288, 'pop_sig': 1.7814064606651472, 'fuel_k': 0.9885553950608602, 'fuel_half': 2.70525472232039}. Best is trial 421 with value: -0.6216386034937503.
[I 2026-08-19 15:37:49,886] Trial 1268 finished with value: -0.4492135569551009 and parameters: {'k1': 0.0008865581595256086, 'D_low': 3244.7164549994714, 'k2': 0.001435045378303329, 'D_high': 1579783.1860576146, 'fire_exp': 3.40942145099463, 'P_half': 3.702557179724814, 'pre_dampen_half': 7.351247778962633, 'gpp_af': 0.002583730438696032, 'gpp_b': 0.001948081622753214, 'gpp_d': 784.3846668842153, 'ign_k': 0.7435835862993376, 'ign_c': 0.646441985202285, 'trop_agb_crit': 27.044448616659995, 'trop_k_veg': 1.018426091806382, 'pop_amp': 0.0034541966699782062, 'pop_peak': 10.822360600814331, 'pop_sig': 0.5754795852783278, 'fuel_k': 2.745375040427304, 'fuel_half': 3.1029496680353037}. Best is trial 421 with value: -0.6216386034937503.
[I 2026-08-19 15:37:52,992] Trial 1269 finished with value: -0.4705544322863287 and parameters: {'k1': 0.0001827639305913994, 'D_low': 12.700617650641682, 'k2': 0.019886918906840387, 'D_high': 109041.98379880899, 'fire_exp': 1.0707044408624045, 'P_half': 1.7034485475827899, 'pre_dampen_half': 3.480494701819622, 'gpp_af': 0.0012763421154641955, 'gpp_b': 1.5315440445668234e-05, 'gpp_d': 2.015859550444776, 'ign_k': 0.5257392893319215, 'ign_c': 4.062251639671887, 'trop_agb_crit': 7.090100713574496, 'trop_k_veg': 3.9843300473712655, 'pop_amp': 0.0011120288700060623, 'pop_peak': 1.2872740281754738, 'pop_sig': 0.4734336943393467, 'fuel_k': 2.73799891242903, 'fuel_half': 0.4176345318597175}. Best is trial 421 with value: -0.6216386034937503.
[I 2026-08-19 15:37:56,629] Trial 1270 finished with value: -0.5856779672777915 and parameters: {'k1': 0.012886733856381265, 'D_low': 6.543288315198182, 'k2': 0.00034017571397843493, 'D_high': 239529.1894675908, 'fire_exp': 2.7935363842229104, 'P_half': 7.129842858762014, 'pre_dampen_half': 1.3310142151065263, 'gpp_af': 0.006038962711166233, 'gpp_b': 4.711185071563737e-05, 'gpp_d': 31.675643735007178, 'ign_k': 0.6005284650547611, 'ign_c': 0.3426389428423499, 'trop_agb_crit': 22.124276424675585, 'trop_k_veg': 1.8771878560015294, 'pop_amp': 0.004925275664313808, 'pop_peak': 6.106903750054502, 'pop_sig': 0.4462204869774021, 'fuel_k': 3.700544371800939, 'fuel_half': 1.274403294264122}. Best is trial 421 with value: -0.6216386034937503.
[I 2026-08-19 15:37:59,421] Trial 1271 finished with value: -0.30480616611031985 and parameters: {'k1': 0.0037317482292357376, 'D_low': 296.5201841028925, 'k2': 0.01946577872824369, 'D_high': 8679558.325106168, 'fire_exp': 1.2503344508005962, 'P_half': 106.7623394935101, 'pre_dampen_half': 209.67859676710964, 'gpp_af': 0.6143276756366501, 'gpp_b': 0.00039548704114334825, 'gpp_d': 13.66197335367867, 'ign_k': 0.516299081713848, 'ign_c': 5.3473967072859985, 'trop_agb_crit': 6.913296038028775, 'trop_k_veg': 1.7759806055707457, 'pop_amp': 0.001530478093795293, 'pop_peak': 4.619350238953297, 'pop_sig': 1.121346192182268, 'fuel_k': 5.288311414740363, 'fuel_half': 0.3374240111372415}. Best is trial 421 with value: -0.6216386034937503.
[I 2026-08-19 15:38:02,662] Trial 1272 finished with value: -0.5155282745770113 and parameters: {'k1': 0.0015705939336243039, 'D_low': 267.05575559735195, 'k2': 0.0014055627411063282, 'D_high': 3485218.187621288, 'fire_exp': 1.1524918353938742, 'P_half': 171.4972754227115, 'pre_dampen_half': 0.23705579671464183, 'gpp_af': 0.001972830702647687, 'gpp_b': 3.080594949934054e-05, 'gpp_d': 0.9340124914612975, 'ign_k': 0.051086709523233506, 'ign_c': 0.41607969804275774, 'trop_agb_crit': 18.34713054645352, 'trop_k_veg': 0.9540758798579678, 'pop_amp': 0.3390844525705173, 'pop_peak': 1.5063503535797196, 'pop_sig': 0.7503890628757266, 'fuel_k': 0.5327488659080091, 'fuel_half': 1.7647248213520275}. Best is trial 421 with value: -0.6216386034937503.
  trial 1273/2500  best_overall=0.6216  (74.0 min)
[I 2026-08-19 15:38:06,342] Trial 1273 finished with value: -0.4165201797128325 and parameters: {'k1': 0.0009122528736816094, 'D_low': 3000.0119034594604, 'k2': 0.003734468581862082, 'D_high': 2449045.1602529828, 'fire_exp': 1.6710660472197876, 'P_half': 1.6770948168198514, 'pre_dampen_half': 0.16493953415192522, 'gpp_af': 0.006847131248756676, 'gpp_b': 0.05099535699796822, 'gpp_d': 95.57789660163303, 'ign_k': 1.5602193642753666, 'ign_c': 11.668875024803134, 'trop_agb_crit': 20.79936104505477, 'trop_k_veg': 0.6617669699335913, 'pop_amp': 1.0202014542244444, 'pop_peak': 677.9789413831188, 'pop_sig': 0.606089319109462, 'fuel_k': 0.2353430239653159, 'fuel_half': 0.13649952024488374}. Best is trial 421 with value: -0.6216386034937503.
[I 2026-08-19 15:38:09,912] Trial 1274 finished with value: -0.3962308020491631 and parameters: {'k1': 0.002779856581062486, 'D_low': 16263.522954570803, 'k2': 0.009208647003955744, 'D_high': 18545.742050170255, 'fire_exp': 2.8695018840056488, 'P_half': 10.797562380572073, 'pre_dampen_half': 4.2570405877849415, 'gpp_af': 0.0021979236401125568, 'gpp_b': 2.085564132981009e-05, 'gpp_d': 143.61073343154135, 'ign_k': 1.2491671604187957, 'ign_c': 1.4871556133441644, 'trop_agb_crit': 29.87098856176527, 'trop_k_veg': 1.2277412924312692, 'pop_amp': 0.0038515859245141764, 'pop_peak': 13.993950608621589, 'pop_sig': 0.6473569786002003, 'fuel_k': 0.9259866397517876, 'fuel_half': 0.1296672502685746}. Best is trial 421 with value: -0.6216386034937503.
