[I 2026-08-06 02:15:51,181] Trial 225 finished with values: [10.75779611138795, 10.75779611138795] and parameters: {'k1': 0.01783192664937594, 'D_low': 175.2878790340412, 'k2': 0.08790311296857814, 'D_high': 411.0848435021235, 'fire_exp': 1.3614924220931135, 'P_half': 10.753522341516506, 'pre_dampen_half': 59.66041614891413, 'gpp_af': 0.6194713831445294, 'gpp_b': 0.1676789742547917, 'gpp_d': 0.04974854350453755, 'ign_k': 0.0035114452581286888, 'ign_c': 0.11433485956638717}.
[I 2026-08-06 02:15:52,179] Trial 226 finished with values: [12.700909311337469, 12.700909311337469] and parameters: {'k1': 0.016973078532467004, 'D_low': 18.522006003174383, 'k2': 0.0001870742013766025, 'D_high': 411.0848435021235, 'fire_exp': 1.010722707674549, 'P_half': 608.3019192425825, 'pre_dampen_half': 59.66041614891413, 'gpp_af': 22.766850248686247, 'gpp_b': 0.6637926838138378, 'gpp_d': 891.8036602897795, 'ign_k': 3.7173717478250508, 'ign_c': 0.11433485956638717}.
[I 2026-08-06 02:15:53,177] Trial 227 finished with values: [10.30282104679757, 10.30282104679757] and parameters: {'k1': 0.0029707920514735983, 'D_low': 4.075267974954964, 'k2': 0.0001870742013766025, 'D_high': 6366.1449945522045, 'fire_exp': 1.182396148413737, 'P_half': 1938.3858782150498, 'pre_dampen_half': 7.6110013825922485, 'gpp_af': 20.12115544906385, 'gpp_b': 1.1008110571039521e-05, 'gpp_d': 149.50343942182866, 'ign_k': 0.03141110271934876, 'ign_c': 0.773448215664679}.
[I 2026-08-06 02:15:54,218] Trial 228 finished with values: [10.342969951297622, 10.342969951297622] and parameters: {'k1': 0.01783192664937594, 'D_low': 18.522006003174383, 'k2': 3.5917714215176105e-05, 'D_high': 10316.033434719713, 'fire_exp': 2.3782613909771353, 'P_half': 45.55085098454082, 'pre_dampen_half': 14.689898077648792, 'gpp_af': 83.56239973758213, 'gpp_b': 0.0004837646996135023, 'gpp_d': 4.25060659305504, 'ign_k': 3.7173717478250508, 'ign_c': 0.5110256715654393}.
[I 2026-08-06 02:15:55,237] Trial 229 finished with values: [10.044777896651865, 10.044777896651865] and parameters: {'k1': 2.0937989739527727e-05, 'D_low': 7.068974950624602, 'k2': 4.860905111373887e-05, 'D_high': 75773.14388518519, 'fire_exp': 1.1044852285094786, 'P_half': 63.585411411994926, 'pre_dampen_half': 1.4445251022763053, 'gpp_af': 0.028585493941961918, 'gpp_b': 2.800940363375676e-05, 'gpp_d': 5.878566318396007, 'ign_k': 0.01474275315991467, 'ign_c': 0.6235377135673155}.
[I 2026-08-06 02:15:56,215] Trial 230 finished with values: [10.6879553749907, 10.6879553749907] and parameters: {'k1': 0.016973078532467004, 'D_low': 175.2878790340412, 'k2': 0.00012280874862135373, 'D_high': 411.0848435021235, 'fire_exp': 1.3614924220931135, 'P_half': 51.10120656497163, 'pre_dampen_half': 59.66041614891413, 'gpp_af': 20.12115544906385, 'gpp_b': 4.038332634638232, 'gpp_d': 3.57879245350232, 'ign_k': 0.0035114452581286888, 'ign_c': 0.11433485956638717}.
[I 2026-08-06 02:15:57,181] Trial 231 finished with values: [10.055910623001214, 10.055910623001214] and parameters: {'k1': 0.0026651167490553537, 'D_low': 1.0883991813938128, 'k2': 0.08790311296857814, 'D_high': 4508.240502480678, 'fire_exp': 1.0117229084672894, 'P_half': 4.397766894483963, 'pre_dampen_half': 76.86605275420082, 'gpp_af': 2.8805537835688413, 'gpp_b': 0.1676789742547917, 'gpp_d': 0.13274681648778813, 'ign_k': 0.7058572590901792, 'ign_c': 0.11433485956638717}.
[I 2026-08-06 02:15:58,162] Trial 232 finished with values: [10.70072389530699, 10.70072389530699] and parameters: {'k1': 1.1845753911529365e-05, 'D_low': 3840.3004190988563, 'k2': 0.0001870742013766025, 'D_high': 10427.291060979045, 'fire_exp': 1.2680134752324452, 'P_half': 4075.7883791361783, 'pre_dampen_half': 3.3594011166738142, 'gpp_af': 37.28155624293858, 'gpp_b': 1.1008110571039521e-05, 'gpp_d': 300.3420512048734, 'ign_k': 0.0467351899956275, 'ign_c': 0.11049703024154134}.
[I 2026-08-06 02:15:59,155] Trial 233 finished with values: [10.730233508480811, 10.730233508480811] and parameters: {'k1': 0.015602015889668856, 'D_low': 18.522006003174383, 'k2': 0.006138509947844854, 'D_high': 29.580419692843236, 'fire_exp': 2.2881850891698634, 'P_half': 395.22208819061166, 'pre_dampen_half': 53.73093479067421, 'gpp_af': 11.234842109991876, 'gpp_b': 0.028780534359197463, 'gpp_d': 39.827466658711515, 'ign_k': 0.11101191524846071, 'ign_c': 1.24801809651176}.
[I 2026-08-06 02:16:00,122] Trial 234 finished with values: [-0.4840548167947759, 0.04208126476966978] and parameters: {'k1': 2.0937989739527727e-05, 'D_low': 164.70698221724317, 'k2': 0.0004381141781653133, 'D_high': 75773.14388518519, 'fire_exp': 1.1044852285094786, 'P_half': 403.3495283157659, 'pre_dampen_half': 5.542030950268268, 'gpp_af': 0.0025511964576171086, 'gpp_b': 2.800940363375676e-05, 'gpp_d': 0.13223503889537183, 'ign_k': 0.01474275315991467, 'ign_c': 0.6235377135673155}.
[I 2026-08-06 02:16:01,134] Trial 235 finished with values: [10.605154634280154, 10.605154634280154] and parameters: {'k1': 0.03232155805617897, 'D_low': 2084.3335294724207, 'k2': 2.316457903103837e-05, 'D_high': 949.9072859745386, 'fire_exp': 1.14171776851287, 'P_half': 157.80309954142965, 'pre_dampen_half': 1.6130673726933187, 'gpp_af': 4.095062894476692, 'gpp_b': 0.00017319192149311345, 'gpp_d': 368.30088529547436, 'ign_k': 0.0037322156377670697, 'ign_c': 0.5110256715654393}.
[I 2026-08-06 02:16:02,131] Trial 236 finished with values: [10.719096021674824, 10.719096021674824] and parameters: {'k1': 0.0026651167490553537, 'D_low': 1.1065812688893482, 'k2': 2.5461628161276896e-05, 'D_high': 4508.240502480678, 'fire_exp': 1.3614924220931135, 'P_half': 5.342106255632175, 'pre_dampen_half': 5.542030950268268, 'gpp_af': 2.8805537835688413, 'gpp_b': 0.08161454372835547, 'gpp_d': 0.13223503889537183, 'ign_k': 0.0035114452581286888, 'ign_c': 0.3528113274684997}.
[I 2026-08-06 02:16:03,188] Trial 237 finished with values: [10.201470980108017, 10.201470980108017] and parameters: {'k1': 0.025383218374507292, 'D_low': 7.068974950624602, 'k2': 0.02065142557895925, 'D_high': 400.9149428326862, 'fire_exp': 1.1044852285094786, 'P_half': 63.585411411994926, 'pre_dampen_half': 1.6130673726933187, 'gpp_af': 22.766850248686247, 'gpp_b': 5.2308563179361105e-05, 'gpp_d': 891.8036602897795, 'ign_k': 0.01474275315991467, 'ign_c': 14.367095138664217}.
[I 2026-08-06 02:16:04,190] Trial 238 finished with values: [10.76923076805719, 10.76923076805719] and parameters: {'k1': 0.021368329072358756, 'D_low': 730.952095351094, 'k2': 0.0001870742013766025, 'D_high': 267.3088310781672, 'fire_exp': 7.943623315519552, 'P_half': 63.585411411994926, 'pre_dampen_half': 703.6426675556048, 'gpp_af': 10.25616274847308, 'gpp_b': 1.1008110571039521e-05, 'gpp_d': 0.19476644406315288, 'ign_k': 0.0467351899956275, 'ign_c': 313.01151188508345}.
[I 2026-08-06 02:16:05,188] Trial 239 finished with values: [10.32204003742939, 10.32204003742939] and parameters: {'k1': 2.0937989739527727e-05, 'D_low': 125.32726386250698, 'k2': 2.316457903103837e-05, 'D_high': 267.3088310781672, 'fire_exp': 1.14171776851287, 'P_half': 63.585411411994926, 'pre_dampen_half': 703.6426675556048, 'gpp_af': 11.234842109991876, 'gpp_b': 2.800940363375676e-05, 'gpp_d': 0.19476644406315288, 'ign_k': 0.0037322156377670697, 'ign_c': 10.140635645866492}.
[I 2026-08-06 02:16:06,214] Trial 240 finished with values: [10.695147167369846, 10.695147167369846] and parameters: {'k1': 0.021368329072358756, 'D_low': 7.068974950624602, 'k2': 1.1184534120760473e-05, 'D_high': 75773.14388518519, 'fire_exp': 1.1044852285094786, 'P_half': 125.61043700013555, 'pre_dampen_half': 1.4445251022763053, 'gpp_af': 0.14765842992482675, 'gpp_b': 0.03841303420847976, 'gpp_d': 0.05061568304359488, 'ign_k': 0.01474275315991467, 'ign_c': 0.11049703024154134}.
[I 2026-08-06 02:16:07,221] Trial 241 finished with values: [10.753337452695261, 10.753337452695261] and parameters: {'k1': 0.0029707920514735983, 'D_low': 2.5379946629058443, 'k2': 0.002523872675078018, 'D_high': 6366.1449945522045, 'fire_exp': 1.182396148413737, 'P_half': 1938.3858782150498, 'pre_dampen_half': 33.9790424311127, 'gpp_af': 0.0025511964576171086, 'gpp_b': 0.09777324906074064, 'gpp_d': 3.57879245350232, 'ign_k': 0.0467351899956275, 'ign_c': 3.0378658251922155}.
[I 2026-08-06 02:16:08,231] Trial 242 finished with values: [11.351489983446362, 11.351489983446362] and parameters: {'k1': 2.0937989739527727e-05, 'D_low': 125.32726386250698, 'k2': 0.0001870742013766025, 'D_high': 233.52156626184438, 'fire_exp': 1.182396148413737, 'P_half': 39.03214299767183, 'pre_dampen_half': 53.73093479067421, 'gpp_af': 0.0025511964576171086, 'gpp_b': 1.1008110571039521e-05, 'gpp_d': 0.19476644406315288, 'ign_k': 0.0467351899956275, 'ign_c': 0.773448215664679}.
[I 2026-08-06 02:16:09,270] Trial 243 finished with values: [10.902413235012459, 10.902413235012459] and parameters: {'k1': 2.0937989739527727e-05, 'D_low': 125.32726386250698, 'k2': 0.0004381141781653133, 'D_high': 85018.70149611714, 'fire_exp': 1.2943117749495199, 'P_half': 39.03214299767183, 'pre_dampen_half': 703.6426675556048, 'gpp_af': 21.258647437649888, 'gpp_b': 0.00011277885258222645, 'gpp_d': 0.19476644406315288, 'ign_k': 0.0048255892187380085, 'ign_c': 47.268615251255675}.
[I 2026-08-06 02:16:10,270] Trial 244 finished with values: [10.70039490541184, 10.70039490541184] and parameters: {'k1': 0.03232155805617897, 'D_low': 4.051452710153359, 'k2': 0.08894151386481904, 'D_high': 42.13183643253958, 'fire_exp': 1.1044852285094786, 'P_half': 4546.192107824457, 'pre_dampen_half': 111.37963167994629, 'gpp_af': 11.234842109991876, 'gpp_b': 1.5938003265859821, 'gpp_d': 5.878566318396007, 'ign_k': 0.11101191524846071, 'ign_c': 10.140635645866492}.
[I 2026-08-06 02:16:11,249] Trial 245 finished with values: [10.712391081320812, 10.712391081320812] and parameters: {'k1': 1.1102341430568339e-05, 'D_low': 918.4900818511542, 'k2': 4.763991596630584e-05, 'D_high': 43033.06161410616, 'fire_exp': 2.2881850891698634, 'P_half': 608.3019192425825, 'pre_dampen_half': 53.73093479067421, 'gpp_af': 11.234842109991876, 'gpp_b': 5.9297350775555, 'gpp_d': 891.8036602897795, 'ign_k': 0.11101191524846071, 'ign_c': 14.367095138664217}.
[I 2026-08-06 02:16:12,213] Trial 246 finished with values: [11.628661930484766, 11.628661930484766] and parameters: {'k1': 0.002407354618388189, 'D_low': 4.051452710153359, 'k2': 3.5917714215176105e-05, 'D_high': 3660.150802571655, 'fire_exp': 1.1044852285094786, 'P_half': 1.3035590385085063, 'pre_dampen_half': 304.7488318185732, 'gpp_af': 0.2343193755572473, 'gpp_b': 0.1676789742547917, 'gpp_d': 39.827466658711515, 'ign_k': 0.005877005203443299, 'ign_c': 0.1457050032975653}.
[I 2026-08-06 02:16:13,193] Trial 247 finished with values: [10.623870836298552, 10.623870836298552] and parameters: {'k1': 2.0937989739527727e-05, 'D_low': 7.068974950624602, 'k2': 1.1184534120760473e-05, 'D_high': 75773.14388518519, 'fire_exp': 1.182396148413737, 'P_half': 39.03214299767183, 'pre_dampen_half': 1.241231030920016, 'gpp_af': 0.028585493941961918, 'gpp_b': 3.228689523591491e-05, 'gpp_d': 5.878566318396007, 'ign_k': 0.03141110271934876, 'ign_c': 47.268615251255675}.
[I 2026-08-06 02:16:14,175] Trial 248 finished with values: [10.76923076805719, 10.76923076805719] and parameters: {'k1': 0.021368329072358756, 'D_low': 4.075267974954964, 'k2': 0.0499774937030317, 'D_high': 32311.521854410956, 'fire_exp': 1.6901885781909627, 'P_half': 436.4516946807792, 'pre_dampen_half': 7.6110013825922485, 'gpp_af': 0.08235550625917108, 'gpp_b': 0.010483435442445016, 'gpp_d': 28.312234265202243, 'ign_k': 0.11903394335305037, 'ign_c': 157.63098727399432}.
[I 2026-08-06 02:16:15,155] Trial 249 finished with values: [10.060334893476382, 10.060334893476382] and parameters: {'k1': 0.015602015889668856, 'D_low': 1.54121727098019, 'k2': 3.5917714215176105e-05, 'D_high': 24939.838794891497, 'fire_exp': 1.4665043946307825, 'P_half': 45.55085098454082, 'pre_dampen_half': 3.3594011166738142, 'gpp_af': 13.560863064135962, 'gpp_b': 0.10123867001105968, 'gpp_d': 39.827466658711515, 'ign_k': 7.799059237255681, 'ign_c': 3.735862630812751}.
[I 2026-08-06 02:16:16,158] Trial 250 finished with values: [10.479401497234107, 10.479401497234107] and parameters: {'k1': 0.008956420301712053, 'D_low': 7.068974950624602, 'k2': 0.02065142557895925, 'D_high': 233.52156626184438, 'fire_exp': 1.0117229084672894, 'P_half': 39.03214299767183, 'pre_dampen_half': 1.4445251022763053, 'gpp_af': 0.028585493941961918, 'gpp_b': 3.139005000572696e-05, 'gpp_d': 0.13223503889537183, 'ign_k': 0.01474275315991467, 'ign_c': 47.268615251255675}.
[I 2026-08-06 02:16:17,104] Trial 251 finished with values: [10.76923076805719, 10.76923076805719] and parameters: {'k1': 3.252245757497282e-05, 'D_low': 918.4900818511542, 'k2': 3.5917714215176105e-05, 'D_high': 6455.595882939566, 'fire_exp': 4.010071437770751, 'P_half': 24.136213194527585, 'pre_dampen_half': 111.37963167994629, 'gpp_af': 0.010590622233713298, 'gpp_b': 1.5938003265859821, 'gpp_d': 857.4284557962634, 'ign_k': 0.009580682294110432, 'ign_c': 0.1457050032975653}.
[I 2026-08-06 02:16:18,079] Trial 252 finished with values: [10.0138880960465, 10.0138880960465] and parameters: {'k1': 3.252245757497282e-05, 'D_low': 175.2878790340412, 'k2': 0.08894151386481904, 'D_high': 3660.150802571655, 'fire_exp': 1.5201277403788451, 'P_half': 1.3035590385085063, 'pre_dampen_half': 59.66041614891413, 'gpp_af': 0.2343193755572473, 'gpp_b': 0.1676789742547917, 'gpp_d': 5.878566318396007, 'ign_k': 0.04563289369649656, 'ign_c': 0.1457050032975653}.
[I 2026-08-06 02:16:19,064] Trial 253 finished with values: [10.080198486468, 10.080198486468] and parameters: {'k1': 2.0937989739527727e-05, 'D_low': 9.330007965781027, 'k2': 0.0003607301614542842, 'D_high': 949.9072859745386, 'fire_exp': 1.2943117749495199, 'P_half': 63.585411411994926, 'pre_dampen_half': 703.6426675556048, 'gpp_af': 10.25616274847308, 'gpp_b': 2.800940363375676e-05, 'gpp_d': 0.03848886303127135, 'ign_k': 0.0037322156377670697, 'ign_c': 0.6235377135673155}.
[I 2026-08-06 02:16:20,030] Trial 254 finished with values: [10.7487612171706, 10.7487612171706] and parameters: {'k1': 0.00014281536924924868, 'D_low': 175.2878790340412, 'k2': 3.5917714215176105e-05, 'D_high': 3660.150802571655, 'fire_exp': 1.5201277403788451, 'P_half': 1.3035590385085063, 'pre_dampen_half': 0.7549440440422736, 'gpp_af': 0.2343193755572473, 'gpp_b': 0.10123867001105968, 'gpp_d': 150.14555442537656, 'ign_k': 0.005877005203443299, 'ign_c': 0.557280750002996}.
[I 2026-08-06 02:16:21,033] Trial 255 finished with values: [10.730955229858036, 10.730955229858036] and parameters: {'k1': 0.025383218374507292, 'D_low': 125.32726386250698, 'k2': 0.08894151386481904, 'D_high': 1687.3495104568947, 'fire_exp': 1.010722707674549, 'P_half': 39.03214299767183, 'pre_dampen_half': 703.6426675556048, 'gpp_af': 22.766850248686247, 'gpp_b': 1.0714507872203791, 'gpp_d': 0.19476644406315288, 'ign_k': 0.03141110271934876, 'ign_c': 47.268615251255675}.
[I 2026-08-06 02:16:22,043] Trial 256 finished with values: [10.741683353381184, 10.741683353381184] and parameters: {'k1': 0.0026651167490553537, 'D_low': 1112.9571947046009, 'k2': 2.5461628161276896e-05, 'D_high': 8182.111518618414, 'fire_exp': 1.0117229084672894, 'P_half': 338.23872019362165, 'pre_dampen_half': 14.711215379121963, 'gpp_af': 2.8805537835688413, 'gpp_b': 0.08161454372835547, 'gpp_d': 0.13223503889537183, 'ign_k': 0.019192001101561888, 'ign_c': 111.18405953132105}.
[I 2026-08-06 02:16:23,054] Trial 257 finished with values: [10.63628326417176, 10.63628326417176] and parameters: {'k1': 0.003381093273170853, 'D_low': 968.2012086882471, 'k2': 0.003967633935744858, 'D_high': 24939.838794891497, 'fire_exp': 1.2680134752324452, 'P_half': 26.466155867114797, 'pre_dampen_half': 3.3594011166738142, 'gpp_af': 13.560863064135962, 'gpp_b': 0.20619371865867875, 'gpp_d': 0.30592049838223523, 'ign_k': 7.799059237255681, 'ign_c': 3.735862630812751}.
[I 2026-08-06 02:16:24,127] Trial 258 finished with values: [10.293478792257348, 10.293478792257348] and parameters: {'k1': 2.0937989739527727e-05, 'D_low': 125.32726386250698, 'k2': 0.0004381141781653133, 'D_high': 2798.2272717049286, 'fire_exp': 1.3614924220931135, 'P_half': 51.10120656497163, 'pre_dampen_half': 703.6426675556048, 'gpp_af': 10.25616274847308, 'gpp_b': 0.02502809770894037, 'gpp_d': 2.400225309964113, 'ign_k': 0.0015276032303600073, 'ign_c': 0.14551749476072262}.
[I 2026-08-06 02:16:25,110] Trial 259 finished with values: [10.713781992032159, 10.713781992032159] and parameters: {'k1': 0.025383218374507292, 'D_low': 18.522006003174383, 'k2': 4.763991596630584e-05, 'D_high': 1687.3495104568947, 'fire_exp': 1.0117229084672894, 'P_half': 4.397766894483963, 'pre_dampen_half': 5.542030950268268, 'gpp_af': 22.766850248686247, 'gpp_b': 0.6637926838138378, 'gpp_d': 0.13223503889537183, 'ign_k': 0.7058572590901792, 'ign_c': 0.8891936446296247}.
[I 2026-08-06 02:16:26,108] Trial 260 finished with values: [10.71631958106971, 10.71631958106971] and parameters: {'k1': 0.0026651167490553537, 'D_low': 334.62201030483817, 'k2': 2.5461628161276896e-05, 'D_high': 411.0848435021235, 'fire_exp': 1.3614924220931135, 'P_half': 5.15399351160314, 'pre_dampen_half': 5.542030950268268, 'gpp_af': 2.8805537835688413, 'gpp_b': 0.09594602618277148, 'gpp_d': 0.13223503889537183, 'ign_k': 0.3818468247973969, 'ign_c': 0.8891936446296247}.
[I 2026-08-06 02:16:27,122] Trial 261 finished with values: [10.767654702559897, 10.767654702559897] and parameters: {'k1': 0.014666151770108535, 'D_low': 1.2834648227562822, 'k2': 2.1698375693549493e-05, 'D_high': 949.9072859745386, 'fire_exp': 1.0473002272689056, 'P_half': 436.4516946807792, 'pre_dampen_half': 1.6130673726933187, 'gpp_af': 0.04339970334001348, 'gpp_b': 4.178096206039848, 'gpp_d': 0.1619054449471649, 'ign_k': 0.03141110271934876, 'ign_c': 3.0378658251922155}.
[I 2026-08-06 02:16:28,136] Trial 262 finished with values: [10.094325620555146, 10.094325620555146] and parameters: {'k1': 0.0026651167490553537, 'D_low': 175.2878790340412, 'k2': 0.08894151386481904, 'D_high': 4508.240502480678, 'fire_exp': 1.0117229084672894, 'P_half': 4.397766894483963, 'pre_dampen_half': 59.66041614891413, 'gpp_af': 0.2343193755572473, 'gpp_b': 0.1676789742547917, 'gpp_d': 0.13274681648778813, 'ign_k': 0.7058572590901792, 'ign_c': 0.11433485956638717}.
[I 2026-08-06 02:16:29,141] Trial 263 finished with values: [13.310298175817692, 13.310298175817692] and parameters: {'k1': 0.014666151770108535, 'D_low': 125.32726386250698, 'k2': 0.0004381141781653133, 'D_high': 233.52156626184438, 'fire_exp': 1.0473002272689056, 'P_half': 39.03214299767183, 'pre_dampen_half': 703.6426675556048, 'gpp_af': 0.04339970334001348, 'gpp_b': 3.228689523591491e-05, 'gpp_d': 0.1619054449471649, 'ign_k': 0.0037322156377670697, 'ign_c': 47.268615251255675}.
[I 2026-08-06 02:16:30,144] Trial 264 finished with values: [10.269945351734421, 10.269945351734421] and parameters: {'k1': 0.025383218374507292, 'D_low': 7.068974950624602, 'k2': 0.02065142557895925, 'D_high': 75773.14388518519, 'fire_exp': 1.1044852285094786, 'P_half': 851.7034154701655, 'pre_dampen_half': 1.6130673726933187, 'gpp_af': 0.028585493941961918, 'gpp_b': 2.800940363375676e-05, 'gpp_d': 0.1187686699420959, 'ign_k': 0.01474275315991467, 'ign_c': 0.6235377135673155}.
[I 2026-08-06 02:16:31,109] Trial 265 finished with values: [10.688121101626015, 10.688121101626015] and parameters: {'k1': 0.021368329072358756, 'D_low': 7.068974950624602, 'k2': 4.763991596630584e-05, 'D_high': 75773.14388518519, 'fire_exp': 1.1044852285094786, 'P_half': 39.03214299767183, 'pre_dampen_half': 0.01431909845816693, 'gpp_af': 0.028585493941961918, 'gpp_b': 3.228689523591491e-05, 'gpp_d': 5.878566318396007, 'ign_k': 0.01474275315991467, 'ign_c': 0.6235377135673155}.
[I 2026-08-06 02:16:32,123] Trial 266 finished with values: [10.530688040469252, 10.530688040469252] and parameters: {'k1': 0.00023134781612225627, 'D_low': 9.330007965781027, 'k2': 0.0003607301614542842, 'D_high': 32311.521854410956, 'fire_exp': 1.811096651915224, 'P_half': 436.4516946807792, 'pre_dampen_half': 703.6426675556048, 'gpp_af': 10.25616274847308, 'gpp_b': 0.0003746142260732423, 'gpp_d': 0.03848886303127135, 'ign_k': 0.0037322156377670697, 'ign_c': 0.6235377135673155}.
[I 2026-08-06 02:16:33,079] Trial 267 finished with values: [-0.48701092169221827, 0.026531549866190773] and parameters: {'k1': 0.021368329072358756, 'D_low': 7.068974950624602, 'k2': 1.1184534120760473e-05, 'D_high': 75773.14388518519, 'fire_exp': 1.1044852285094786, 'P_half': 125.61043700013555, 'pre_dampen_half': 1.4445251022763053, 'gpp_af': 0.028585493941961918, 'gpp_b': 2.7719116797094715e-05, 'gpp_d': 5.878566318396007, 'ign_k': 0.01474275315991467, 'ign_c': 2.92043384718141}.
[I 2026-08-06 02:16:34,052] Trial 268 finished with values: [10.407641397106403, 10.407641397106403] and parameters: {'k1': 0.014666151770108535, 'D_low': 7.068974950624602, 'k2': 4.763991596630584e-05, 'D_high': 75773.14388518519, 'fire_exp': 1.010722707674549, 'P_half': 39.03214299767183, 'pre_dampen_half': 1.6130673726933187, 'gpp_af': 0.028585493941961918, 'gpp_b': 0.03719354588132657, 'gpp_d': 5.878566318396007, 'ign_k': 0.0016058436323100884, 'ign_c': 34.19108473554449}.
[I 2026-08-06 02:16:35,037] Trial 269 finished with values: [11.347835146258069, 11.347835146258069] and parameters: {'k1': 0.015602015889668856, 'D_low': 1.54121727098019, 'k2': 0.0499774937030317, 'D_high': 24939.838794891497, 'fire_exp': 1.2680134752324452, 'P_half': 45.55085098454082, 'pre_dampen_half': 3.3594011166738142, 'gpp_af': 0.5107061330406066, 'gpp_b': 5.2308563179361105e-05, 'gpp_d': 3.032712462969173, 'ign_k': 7.799059237255681, 'ign_c': 3.735862630812751}.
