[I 2026-08-06 02:43:44,941] Trial 332 finished with values: [10.197239117201944, 10.197239117201944] and parameters: {'k1': 0.002971796631657383, 'D_low': 29.89885508829526, 'k2': 0.0001870742013766025, 'D_high': 9769.756791866093, 'fire_exp': 1.0881360604103363, 'P_half': 10.226988730324324, 'pre_dampen_half': 304.7488318185732, 'gpp_af': 13.560863064135962, 'gpp_b': 0.011750724729953272, 'gpp_d': 4.5768578731086835, 'ign_k': 0.11101191524846071, 'ign_c': 10.140635645866492}.
[I 2026-08-06 02:43:46,023] Trial 333 finished with values: [-0.46715448989356734, 0.35047582920288767] and parameters: {'k1': 3.252245757497282e-05, 'D_low': 2.458603276328005, 'k2': 0.08790311296857814, 'D_high': 10316.033434719713, 'fire_exp': 1.0881360604103363, 'P_half': 2.157758652553991, 'pre_dampen_half': 76.86605275420082, 'gpp_af': 20.12115544906385, 'gpp_b': 0.011750724729953272, 'gpp_d': 150.14555442537656, 'ign_k': 0.019192001101561888, 'ign_c': 9.34330265731847}.
[I 2026-08-06 02:43:47,126] Trial 334 finished with values: [-0.4737069752563127, 0.5800982682955826] and parameters: {'k1': 7.841214856323651e-05, 'D_low': 1112.9571947046009, 'k2': 0.0007081721844034209, 'D_high': 75773.14388518519, 'fire_exp': 1.5201277403788451, 'P_half': 24.136213194527585, 'pre_dampen_half': 304.7488318185732, 'gpp_af': 13.560863064135962, 'gpp_b': 0.00031478066835753096, 'gpp_d': 5.878566318396007, 'ign_k': 0.03141110271934876, 'ign_c': 0.11272174259951144}.
[I 2026-08-06 02:43:48,231] Trial 335 finished with values: [10.100953864112912, 10.100953864112912] and parameters: {'k1': 7.841214856323651e-05, 'D_low': 918.4900818511542, 'k2': 1.1184534120760473e-05, 'D_high': 9769.756791866093, 'fire_exp': 1.1044852285094786, 'P_half': 215.55950571043874, 'pre_dampen_half': 111.37963167994629, 'gpp_af': 11.234842109991876, 'gpp_b': 0.0006082667040432242, 'gpp_d': 368.30088529547436, 'ign_k': 0.11101191524846071, 'ign_c': 10.140635645866492}.
[I 2026-08-06 02:43:49,341] Trial 336 finished with values: [10.21068434780513, 10.21068434780513] and parameters: {'k1': 0.00324789183891923, 'D_low': 29.89885508829526, 'k2': 0.031211489608802344, 'D_high': 30227.031291375773, 'fire_exp': 1.0501937052663004, 'P_half': 10.226988730324324, 'pre_dampen_half': 36.876350096203005, 'gpp_af': 23.63242908838987, 'gpp_b': 0.00012797528816608022, 'gpp_d': 4.5768578731086835, 'ign_k': 0.0026834162496848666, 'ign_c': 8.671454322584175}.
[I 2026-08-06 02:43:50,455] Trial 337 finished with values: [10.287043941718267, 10.287043941718267] and parameters: {'k1': 0.03699867920489089, 'D_low': 2.458603276328005, 'k2': 0.08790311296857814, 'D_high': 7744.80118512745, 'fire_exp': 1.0881360604103363, 'P_half': 2799.899764723165, 'pre_dampen_half': 304.7488318185732, 'gpp_af': 5.620854611217178, 'gpp_b': 0.003510201564752293, 'gpp_d': 149.50343942182866, 'ign_k': 0.13054148118849407, 'ign_c': 9.34330265731847}.
[I 2026-08-06 02:43:51,540] Trial 338 finished with values: [10.616527934202468, 10.616527934202468] and parameters: {'k1': 0.05705198955850472, 'D_low': 29.89885508829526, 'k2': 0.0007081721844034209, 'D_high': 15672.307460600232, 'fire_exp': 1.0881360604103363, 'P_half': 10.226988730324324, 'pre_dampen_half': 36.876350096203005, 'gpp_af': 29.925002022877802, 'gpp_b': 9.71862138171112, 'gpp_d': 13.205186500450395, 'ign_k': 0.03141110271934876, 'ign_c': 6.160975294741436}.
[I 2026-08-06 02:43:52,637] Trial 339 finished with values: [10.656144314039757, 10.656144314039757] and parameters: {'k1': 0.002407354618388189, 'D_low': 18.522006003174383, 'k2': 1.1184534120760473e-05, 'D_high': 6455.595882939566, 'fire_exp': 1.0881360604103363, 'P_half': 24.136213194527585, 'pre_dampen_half': 0.5669686912640489, 'gpp_af': 11.234842109991876, 'gpp_b': 0.011750724729953272, 'gpp_d': 368.30088529547436, 'ign_k': 0.019192001101561888, 'ign_c': 0.1457050032975653}.
[I 2026-08-06 02:43:53,728] Trial 340 finished with values: [10.075594091305732, 10.075594091305732] and parameters: {'k1': 1.1845753911529365e-05, 'D_low': 1171.5293025123642, 'k2': 0.00040525058872279963, 'D_high': 8241.92526487646, 'fire_exp': 1.151006986743773, 'P_half': 19.4230157499841, 'pre_dampen_half': 304.7488318185732, 'gpp_af': 0.47739011308437823, 'gpp_b': 1.1008110571039521e-05, 'gpp_d': 0.11136446029400991, 'ign_k': 0.019192001101561888, 'ign_c': 8.671454322584175}.
[I 2026-08-06 02:43:54,824] Trial 341 finished with values: [10.53957712661217, 10.53957712661217] and parameters: {'k1': 1.1845753911529365e-05, 'D_low': 29.89885508829526, 'k2': 0.0007081721844034209, 'D_high': 830.8114652888394, 'fire_exp': 1.0881360604103363, 'P_half': 19.4230157499841, 'pre_dampen_half': 304.7488318185732, 'gpp_af': 29.925002022877802, 'gpp_b': 1.1008110571039521e-05, 'gpp_d': 4.5768578731086835, 'ign_k': 0.0026834162496848666, 'ign_c': 2.4287565087611744}.
[I 2026-08-06 02:43:55,885] Trial 342 finished with values: [10.143594068882992, 10.143594068882992] and parameters: {'k1': 0.002971796631657383, 'D_low': 2.458603276328005, 'k2': 0.0007081721844034209, 'D_high': 10316.033434719713, 'fire_exp': 1.0881360604103363, 'P_half': 10.226988730324324, 'pre_dampen_half': 36.876350096203005, 'gpp_af': 29.925002022877802, 'gpp_b': 0.00012797528816608022, 'gpp_d': 13.205186500450395, 'ign_k': 0.03141110271934876, 'ign_c': 6.160975294741436}.
[I 2026-08-06 02:43:56,964] Trial 343 finished with values: [-0.4675081650201164, 0.4257675122045762] and parameters: {'k1': 0.00324789183891923, 'D_low': 4.075267974954964, 'k2': 3.5917714215176105e-05, 'D_high': 6455.595882939566, 'fire_exp': 1.0881360604103363, 'P_half': 147.09699119495133, 'pre_dampen_half': 107.40052367919465, 'gpp_af': 1.3725472882585024, 'gpp_b': 1.1008110571039521e-05, 'gpp_d': 5.878566318396007, 'ign_k': 0.03033111747878116, 'ign_c': 8.671454322584175}.
[I 2026-08-06 02:43:58,075] Trial 344 finished with values: [10.262403598448763, 10.262403598448763] and parameters: {'k1': 7.841214856323651e-05, 'D_low': 1112.9571947046009, 'k2': 1.1184534120760473e-05, 'D_high': 31239.815244140624, 'fire_exp': 1.0881360604103363, 'P_half': 215.55950571043874, 'pre_dampen_half': 111.37963167994629, 'gpp_af': 83.25634591966735, 'gpp_b': 0.00031478066835753096, 'gpp_d': 4.5768578731086835, 'ign_k': 0.11101191524846071, 'ign_c': 10.140635645866492}.
[I 2026-08-06 02:43:59,172] Trial 345 finished with values: [10.624525219933513, 10.624525219933513] and parameters: {'k1': 0.02714257255218683, 'D_low': 18.522006003174383, 'k2': 4.763991596630584e-05, 'D_high': 6455.595882939566, 'fire_exp': 1.1044852285094786, 'P_half': 125.61043700013555, 'pre_dampen_half': 111.37963167994629, 'gpp_af': 13.560863064135962, 'gpp_b': 0.40704318060211087, 'gpp_d': 1.226969905882515, 'ign_k': 0.11101191524846071, 'ign_c': 14.367095138664217}.
[I 2026-08-06 02:44:00,287] Trial 346 finished with values: [10.296663731027918, 10.296663731027918] and parameters: {'k1': 0.0004846497679219079, 'D_low': 4.051452710153359, 'k2': 3.5917714215176105e-05, 'D_high': 7744.80118512745, 'fire_exp': 1.182396148413737, 'P_half': 24.136213194527585, 'pre_dampen_half': 304.7488318185732, 'gpp_af': 0.0025511964576171086, 'gpp_b': 0.00011277885258222645, 'gpp_d': 857.4284557962634, 'ign_k': 0.03141110271934876, 'ign_c': 3.0378658251922155}.
[I 2026-08-06 02:44:01,396] Trial 347 finished with values: [10.738683702055429, 10.738683702055429] and parameters: {'k1': 1.1845753911529365e-05, 'D_low': 3840.3004190988563, 'k2': 0.008919267853250165, 'D_high': 75773.14388518519, 'fire_exp': 1.151006986743773, 'P_half': 12.808863354047988, 'pre_dampen_half': 0.1562736402797949, 'gpp_af': 0.47739011308437823, 'gpp_b': 1.1008110571039521e-05, 'gpp_d': 4.5768578731086835, 'ign_k': 0.09071933427331372, 'ign_c': 34.19108473554449}.
[I 2026-08-06 02:44:02,634] Trial 348 finished with values: [10.213940181149875, 10.213940181149875] and parameters: {'k1': 0.002971796631657383, 'D_low': 29.89885508829526, 'k2': 2.5461628161276896e-05, 'D_high': 27.662820108131335, 'fire_exp': 1.0117229084672894, 'P_half': 10.226988730324324, 'pre_dampen_half': 36.876350096203005, 'gpp_af': 2.8805537835688413, 'gpp_b': 0.011750724729953272, 'gpp_d': 4.5768578731086835, 'ign_k': 0.0026834162496848666, 'ign_c': 0.8891936446296247}.
[I 2026-08-06 02:44:03,740] Trial 349 finished with values: [-0.4719032950917973, 0.2804946114248523] and parameters: {'k1': 7.841214856323651e-05, 'D_low': 3840.3004190988563, 'k2': 0.0001870742013766025, 'D_high': 8182.111518618414, 'fire_exp': 1.0881360604103363, 'P_half': 408.3047491580097, 'pre_dampen_half': 304.7488318185732, 'gpp_af': 11.234842109991876, 'gpp_b': 3.228689523591491e-05, 'gpp_d': 368.30088529547436, 'ign_k': 0.3818468247973969, 'ign_c': 6.160975294741436}.
[I 2026-08-06 02:44:04,839] Trial 350 finished with values: [10.357560051223288, 10.357560051223288] and parameters: {'k1': 0.00324789183891923, 'D_low': 26.21130418912424, 'k2': 0.00014091459170104733, 'D_high': 8182.111518618414, 'fire_exp': 1.0881360604103363, 'P_half': 10.226988730324324, 'pre_dampen_half': 36.876350096203005, 'gpp_af': 0.010590622233713298, 'gpp_b': 0.0005995821881487623, 'gpp_d': 368.30088529547436, 'ign_k': 0.0026834162496848666, 'ign_c': 6.160975294741436}.
[I 2026-08-06 02:44:05,949] Trial 351 finished with values: [-0.4434529628257959, 0.45683120164517566] and parameters: {'k1': 7.841214856323651e-05, 'D_low': 1112.9571947046009, 'k2': 1.1184534120760473e-05, 'D_high': 41.05873950290761, 'fire_exp': 1.1044852285094786, 'P_half': 24.136213194527585, 'pre_dampen_half': 347.79988160923324, 'gpp_af': 13.560863064135962, 'gpp_b': 3.228689523591491e-05, 'gpp_d': 857.4284557962634, 'ign_k': 0.03141110271934876, 'ign_c': 10.140635645866492}.
[I 2026-08-06 02:44:07,052] Trial 352 finished with values: [-0.4706266375811866, 0.5811019759627624] and parameters: {'k1': 0.00013783578294796384, 'D_low': 918.4900818511542, 'k2': 1.4378290221680118e-05, 'D_high': 1024.9816559563214, 'fire_exp': 1.1044852285094786, 'P_half': 13.019246714361572, 'pre_dampen_half': 347.79988160923324, 'gpp_af': 11.234842109991876, 'gpp_b': 7.402343469704428e-05, 'gpp_d': 2.8006820077310213, 'ign_k': 0.11101191524846071, 'ign_c': 10.140635645866492}.
[I 2026-08-06 02:44:08,142] Trial 353 finished with values: [10.078524304942137, 10.078524304942137] and parameters: {'k1': 0.08926311370835228, 'D_low': 175.2878790340412, 'k2': 1.1184534120760473e-05, 'D_high': 9769.756791866093, 'fire_exp': 1.0881360604103363, 'P_half': 1.3035590385085063, 'pre_dampen_half': 36.876350096203005, 'gpp_af': 1.6595781802652418, 'gpp_b': 0.0025416076006960116, 'gpp_d': 368.30088529547436, 'ign_k': 0.0026834162496848666, 'ign_c': 0.11433485956638717}.
[I 2026-08-06 02:44:09,271] Trial 354 finished with values: [10.744138249753455, 10.744138249753455] and parameters: {'k1': 0.016973078532467004, 'D_low': 29.89885508829526, 'k2': 8.598664501707758e-05, 'D_high': 8182.111518618414, 'fire_exp': 1.0881360604103363, 'P_half': 10.226988730324324, 'pre_dampen_half': 0.016235510473855456, 'gpp_af': 5.620854611217178, 'gpp_b': 0.011750724729953272, 'gpp_d': 3.57879245350232, 'ign_k': 0.0035114452581286888, 'ign_c': 10.140635645866492}.
[I 2026-08-06 02:44:10,351] Trial 355 finished with values: [10.769230769045793, 10.769230769045793] and parameters: {'k1': 0.02714257255218683, 'D_low': 51.9967392387832, 'k2': 1.1184534120760473e-05, 'D_high': 11.789509559476436, 'fire_exp': 1.1044852285094786, 'P_half': 215.55950571043874, 'pre_dampen_half': 111.37963167994629, 'gpp_af': 13.560863064135962, 'gpp_b': 0.000832333943844274, 'gpp_d': 368.30088529547436, 'ign_k': 0.11101191524846071, 'ign_c': 893.0783450941816}.
[I 2026-08-06 02:44:11,475] Trial 356 finished with values: [10.186617774634868, 10.186617774634868] and parameters: {'k1': 0.002407354618388189, 'D_low': 50.217376233895635, 'k2': 0.0007081721844034209, 'D_high': 6455.595882939566, 'fire_exp': 1.0881360604103363, 'P_half': 51.41531903173455, 'pre_dampen_half': 36.876350096203005, 'gpp_af': 29.925002022877802, 'gpp_b': 0.011750724729953272, 'gpp_d': 0.834897644537872, 'ign_k': 0.11101191524846071, 'ign_c': 10.140635645866492}.
[I 2026-08-06 02:44:12,572] Trial 357 finished with values: [-0.455042109760359, 0.4328208151828803] and parameters: {'k1': 0.002407354618388189, 'D_low': 523.1053126909052, 'k2': 1.1184534120760473e-05, 'D_high': 6455.595882939566, 'fire_exp': 1.6529278148136084, 'P_half': 12.808863354047988, 'pre_dampen_half': 107.40052367919465, 'gpp_af': 11.234842109991876, 'gpp_b': 0.0024605285374226047, 'gpp_d': 368.30088529547436, 'ign_k': 6.3073181184917315, 'ign_c': 14.367095138664217}.
[I 2026-08-06 02:44:13,629] Trial 358 finished with values: [10.078524304942137, 10.078524304942137] and parameters: {'k1': 0.08926311370835228, 'D_low': 175.2878790340412, 'k2': 1.1184534120760473e-05, 'D_high': 9769.756791866093, 'fire_exp': 1.0881360604103363, 'P_half': 1.3035590385085063, 'pre_dampen_half': 36.876350096203005, 'gpp_af': 1.6595781802652418, 'gpp_b': 0.0025416076006960116, 'gpp_d': 368.30088529547436, 'ign_k': 0.0026834162496848666, 'ign_c': 0.11433485956638717}.
[I 2026-08-06 02:44:14,724] Trial 359 finished with values: [10.045742296389015, 10.045742296389015] and parameters: {'k1': 0.002971796631657383, 'D_low': 29.89885508829526, 'k2': 0.013975908789482218, 'D_high': 6455.595882939566, 'fire_exp': 1.0117229084672894, 'P_half': 10.226988730324324, 'pre_dampen_half': 36.876350096203005, 'gpp_af': 29.925002022877802, 'gpp_b': 0.011750724729953272, 'gpp_d': 4.5768578731086835, 'ign_k': 0.002278473643771521, 'ign_c': 6.160975294741436}.
[I 2026-08-06 02:44:15,805] Trial 360 finished with values: [10.28320413834466, 10.28320413834466] and parameters: {'k1': 7.841214856323651e-05, 'D_low': 918.4900818511542, 'k2': 1.1184534120760473e-05, 'D_high': 6455.595882939566, 'fire_exp': 1.1044852285094786, 'P_half': 408.3047491580097, 'pre_dampen_half': 304.7488318185732, 'gpp_af': 11.234842109991876, 'gpp_b': 3.228689523591491e-05, 'gpp_d': 857.4284557962634, 'ign_k': 0.03141110271934876, 'ign_c': 10.140635645866492}.
[I 2026-08-06 02:44:16,917] Trial 361 finished with values: [10.76887906672254, 10.76887906672254] and parameters: {'k1': 0.002971796631657383, 'D_low': 29.89885508829526, 'k2': 1.1184534120760473e-05, 'D_high': 9769.756791866093, 'fire_exp': 2.61565689708108, 'P_half': 351.2704726270846, 'pre_dampen_half': 111.37963167994629, 'gpp_af': 29.925002022877802, 'gpp_b': 1.8823910330650002, 'gpp_d': 4.5768578731086835, 'ign_k': 0.0026834162496848666, 'ign_c': 6.160975294741436}.
[I 2026-08-06 02:44:17,994] Trial 362 finished with values: [10.267871880751876, 10.267871880751876] and parameters: {'k1': 0.04897760278488444, 'D_low': 2.458603276328005, 'k2': 0.031211489608802344, 'D_high': 10316.033434719713, 'fire_exp': 1.151006986743773, 'P_half': 12.808863354047988, 'pre_dampen_half': 76.86605275420082, 'gpp_af': 52.92490796395662, 'gpp_b': 0.006373956092838178, 'gpp_d': 34.37107943937136, 'ign_k': 0.03033111747878116, 'ign_c': 8.671454322584175}.
[I 2026-08-06 02:44:19,072] Trial 363 finished with values: [-0.45403882291562186, 0.5547827252469095] and parameters: {'k1': 0.0028421405887320826, 'D_low': 1112.9571947046009, 'k2': 0.031211489608802344, 'D_high': 75773.14388518519, 'fire_exp': 1.4690410989404576, 'P_half': 408.3047491580097, 'pre_dampen_half': 304.7488318185732, 'gpp_af': 90.33231300044888, 'gpp_b': 3.228689523591491e-05, 'gpp_d': 368.30088529547436, 'ign_k': 0.3818468247973969, 'ign_c': 0.1457050032975653}.
[I 2026-08-06 02:44:20,163] Trial 364 finished with values: [10.619032490759823, 10.619032490759823] and parameters: {'k1': 0.016973078532467004, 'D_low': 50.217376233895635, 'k2': 0.0001870742013766025, 'D_high': 7744.80118512745, 'fire_exp': 1.1044852285094786, 'P_half': 10.226988730324324, 'pre_dampen_half': 0.14399867863160215, 'gpp_af': 51.72004221341863, 'gpp_b': 3.228689523591491e-05, 'gpp_d': 3.57879245350232, 'ign_k': 0.3818468247973969, 'ign_c': 0.5110256715654393}.
[I 2026-08-06 02:44:21,263] Trial 365 finished with values: [-0.4595711659195225, 0.476133937560973] and parameters: {'k1': 0.002971796631657383, 'D_low': 29.89885508829526, 'k2': 1.1184534120760473e-05, 'D_high': 41.05873950290761, 'fire_exp': 1.0881360604103363, 'P_half': 10.226988730324324, 'pre_dampen_half': 111.37963167994629, 'gpp_af': 5.620854611217178, 'gpp_b': 0.000832333943844274, 'gpp_d': 3.57879245350232, 'ign_k': 0.0035114452581286888, 'ign_c': 6.160975294741436}.
[I 2026-08-06 02:44:22,321] Trial 366 finished with values: [-0.46527829355554884, 0.43528996493411687] and parameters: {'k1': 0.03699867920489089, 'D_low': 396.8136435370147, 'k2': 1.1184534120760473e-05, 'D_high': 6455.595882939566, 'fire_exp': 1.0881360604103363, 'P_half': 215.55950571043874, 'pre_dampen_half': 111.37963167994629, 'gpp_af': 29.925002022877802, 'gpp_b': 0.0006082667040432242, 'gpp_d': 10.931606102061748, 'ign_k': 0.11101191524846071, 'ign_c': 10.140635645866492}.
[I 2026-08-06 02:44:23,554] Trial 367 finished with values: [10.48258566593562, 10.48258566593562] and parameters: {'k1': 0.002971796631657383, 'D_low': 29.89885508829526, 'k2': 0.0007081721844034209, 'D_high': 1123.9682517242118, 'fire_exp': 1.1044852285094786, 'P_half': 8.369109437186466, 'pre_dampen_half': 36.876350096203005, 'gpp_af': 29.925002022877802, 'gpp_b': 0.011750724729953272, 'gpp_d': 1.105785410092522, 'ign_k': 7.537201787998428, 'ign_c': 6.160975294741436}.
[I 2026-08-06 02:44:24,666] Trial 368 finished with values: [10.309677225021536, 10.309677225021536] and parameters: {'k1': 0.02714257255218683, 'D_low': 1112.9571947046009, 'k2': 3.5917714215176105e-05, 'D_high': 8182.111518618414, 'fire_exp': 1.151006986743773, 'P_half': 24.136213194527585, 'pre_dampen_half': 304.7488318185732, 'gpp_af': 13.560863064135962, 'gpp_b': 3.481277316673104e-05, 'gpp_d': 0.0763203160273735, 'ign_k': 0.019192001101561888, 'ign_c': 8.671454322584175}.
[I 2026-08-06 02:44:25,770] Trial 369 finished with values: [10.35573018015667, 10.35573018015667] and parameters: {'k1': 0.01889771394135163, 'D_low': 1112.9571947046009, 'k2': 0.0007081721844034209, 'D_high': 75773.14388518519, 'fire_exp': 1.0881360604103363, 'P_half': 10.226988730324324, 'pre_dampen_half': 36.876350096203005, 'gpp_af': 29.925002022877802, 'gpp_b': 0.011750724729953272, 'gpp_d': 0.12659922449669828, 'ign_k': 0.005568690083197025, 'ign_c': 6.160975294741436}.
[I 2026-08-06 02:44:26,870] Trial 370 finished with values: [10.276571679213268, 10.276571679213268] and parameters: {'k1': 0.04897760278488444, 'D_low': 4.051452710153359, 'k2': 3.5917714215176105e-05, 'D_high': 1024.9816559563214, 'fire_exp': 1.151006986743773, 'P_half': 12.808863354047988, 'pre_dampen_half': 304.7488318185732, 'gpp_af': 1.6595781802652418, 'gpp_b': 7.402343469704428e-05, 'gpp_d': 5.878566318396007, 'ign_k': 0.09071933427331372, 'ign_c': 10.140635645866492}.
[I 2026-08-06 02:44:27,965] Trial 371 finished with values: [-0.45613345587028975, 0.507830185338424] and parameters: {'k1': 7.841214856323651e-05, 'D_low': 918.4900818511542, 'k2': 1.1184534120760473e-05, 'D_high': 1024.9816559563214, 'fire_exp': 1.1044852285094786, 'P_half': 13.019246714361572, 'pre_dampen_half': 347.79988160923324, 'gpp_af': 11.234842109991876, 'gpp_b': 7.402343469704428e-05, 'gpp_d': 79.05373031352391, 'ign_k': 0.03141110271934876, 'ign_c': 0.9294394155644988}.
[I 2026-08-06 02:44:29,053] Trial 372 finished with values: [10.032862513999278, 10.032862513999278] and parameters: {'k1': 0.0002514786015817364, 'D_low': 2.1234210963705626, 'k2': 0.03210808548911189, 'D_high': 9769.756791866093, 'fire_exp': 1.151006986743773, 'P_half': 12.808863354047988, 'pre_dampen_half': 107.40052367919465, 'gpp_af': 0.5107061330406066, 'gpp_b': 0.011750724729953272, 'gpp_d': 368.30088529547436, 'ign_k': 0.014879588507790004, 'ign_c': 0.17036120617148395}.
[I 2026-08-06 02:44:30,114] Trial 373 finished with values: [10.025141579853214, 10.025141579853214] and parameters: {'k1': 0.04897760278488444, 'D_low': 4.075267974954964, 'k2': 0.0022957398214549472, 'D_high': 10316.033434719713, 'fire_exp': 2.3782613909771353, 'P_half': 2.157758652553991, 'pre_dampen_half': 107.40052367919465, 'gpp_af': 35.20481045526041, 'gpp_b': 1.1008110571039521e-05, 'gpp_d': 34.37107943937136, 'ign_k': 0.017654048052495083, 'ign_c': 9.34330265731847}.
[I 2026-08-06 02:44:31,210] Trial 374 finished with values: [11.93104986250237, 11.93104986250237] and parameters: {'k1': 0.03699867920489089, 'D_low': 4.051452710153359, 'k2': 3.5917714215176105e-05, 'D_high': 48249.14281180252, 'fire_exp': 1.151006986743773, 'P_half': 12.808863354047988, 'pre_dampen_half': 700.6693992445935, 'gpp_af': 20.12115544906385, 'gpp_b': 3.228689523591491e-05, 'gpp_d': 5.878566318396007, 'ign_k': 0.3818468247973969, 'ign_c': 3.0378658251922155}.
[I 2026-08-06 02:44:32,317] Trial 375 finished with values: [-0.4566124085016255, 0.5511346012402398] and parameters: {'k1': 0.00324789183891923, 'D_low': 1112.9571947046009, 'k2': 0.0007081721844034209, 'D_high': 8182.111518618414, 'fire_exp': 1.0881360604103363, 'P_half': 12.808863354047988, 'pre_dampen_half': 304.7488318185732, 'gpp_af': 29.925002022877802, 'gpp_b': 0.00031478066835753096, 'gpp_d': 4.5768578731086835, 'ign_k': 0.019192001101561888, 'ign_c': 0.1457050032975653}.
[I 2026-08-06 02:44:33,414] Trial 376 finished with values: [10.107098283513158, 10.107098283513158] and parameters: {'k1': 0.00324789183891923, 'D_low': 4.075267974954964, 'k2': 0.031211489608802344, 'D_high': 10316.033434719713, 'fire_exp': 2.3782613909771353, 'P_half': 12.808863354047988, 'pre_dampen_half': 107.40052367919465, 'gpp_af': 20.12115544906385, 'gpp_b': 1.1008110571039521e-05, 'gpp_d': 34.37107943937136, 'ign_k': 0.017654048052495083, 'ign_c': 8.671454322584175}.
