[I 2026-08-06 03:03:01,971] Trial 420 finished with values: [10.223693191340846, 10.223693191340846] and parameters: {'k1': 2.9394634586259703e-05, 'D_low': 19.063314120324364, 'k2': 0.03820259936390116, 'D_high': 5409.803697908728, 'fire_exp': 1.0881360604103363, 'P_half': 10.226988730324324, 'pre_dampen_half': 36.876350096203005, 'gpp_af': 0.09145768948268033, 'gpp_b': 0.004215504256370331, 'gpp_d': 33.9790424311127, 'ign_k': 0.37424230019851973, 'ign_c': 1.317454386434276, 'gdp_gamma': 0.3862443158940324}.
[I 2026-08-06 03:03:04,052] Trial 421 finished with values: [10.097307508066638, 10.097307508066638] and parameters: {'k1': 0.0007284371265166888, 'D_low': 29.89885508829526, 'k2': 0.00014001191914113747, 'D_high': 25037.41931228843, 'fire_exp': 1.8108717155566076, 'P_half': 4.933751600448339, 'pre_dampen_half': 36.876350096203005, 'gpp_af': 0.09145768948268033, 'gpp_b': 0.004215504256370331, 'gpp_d': 37.40930273158252, 'ign_k': 1.2021930484915047, 'ign_c': 0.36093109267665474, 'gdp_gamma': 0.1138099269777268}.
[I 2026-08-06 03:03:06,186] Trial 422 finished with values: [10.091111680021177, 10.091111680021177] and parameters: {'k1': 3.29655013583809e-05, 'D_low': 29.89885508829526, 'k2': 4.484744524732793e-05, 'D_high': 13.670484737132345, 'fire_exp': 1.0881360604103363, 'P_half': 60.759029110813756, 'pre_dampen_half': 36.876350096203005, 'gpp_af': 0.05391752791214327, 'gpp_b': 0.004215504256370331, 'gpp_d': 331.7366635899375, 'ign_k': 0.37424230019851973, 'ign_c': 6.807874826564585, 'gdp_gamma': 0.3862443158940324}.
[I 2026-08-06 03:03:08,552] Trial 423 finished with values: [10.762320336718616, 10.762320336718616] and parameters: {'k1': 2.9394634586259703e-05, 'D_low': 19.063314120324364, 'k2': 0.03820259936390116, 'D_high': 2970.7920514735997, 'fire_exp': 1.0881360604103363, 'P_half': 10.755022125844455, 'pre_dampen_half': 36.876350096203005, 'gpp_af': 0.023341745600171476, 'gpp_b': 0.0030742893625766146, 'gpp_d': 33.9790424311127, 'ign_k': 0.37424230019851973, 'ign_c': 0.9580682294110432, 'gdp_gamma': 1.8068697350278546}.
[I 2026-08-06 03:03:11,043] Trial 424 finished with values: [11.057500400348662, 11.057500400348662] and parameters: {'k1': 0.09738633019266786, 'D_low': 50.66700216152882, 'k2': 4.484744524732793e-05, 'D_high': 13.670484737132345, 'fire_exp': 1.0881360604103363, 'P_half': 25.255166452944085, 'pre_dampen_half': 397.4459556835019, 'gpp_af': 0.05391752791214327, 'gpp_b': 0.0012070331879029856, 'gpp_d': 48.69745226446181, 'ign_k': 0.37424230019851973, 'ign_c': 0.3525936800597896, 'gdp_gamma': 0.7366679513906507}.
[I 2026-08-06 03:03:14,117] Trial 425 finished with values: [10.451702001682586, 10.451702001682586] and parameters: {'k1': 0.00031489116479568613, 'D_low': 19.063314120324364, 'k2': 0.03820259936390116, 'D_high': 2308.5168151108014, 'fire_exp': 1.314673522286271, 'P_half': 10.226988730324324, 'pre_dampen_half': 36.876350096203005, 'gpp_af': 0.18069041761817034, 'gpp_b': 0.028369067932328344, 'gpp_d': 33.9790424311127, 'ign_k': 1.833717796770998, 'ign_c': 22.126836566118193, 'gdp_gamma': 0.0034683837416167812}.
[I 2026-08-06 03:03:16,437] Trial 426 finished with values: [10.30661065904486, 10.30661065904486] and parameters: {'k1': 2.9394634586259703e-05, 'D_low': 148.10800730363493, 'k2': 0.00014001191914113747, 'D_high': 21863.563449420166, 'fire_exp': 1.0881360604103363, 'P_half': 4.933751600448339, 'pre_dampen_half': 36.876350096203005, 'gpp_af': 0.002311080279955305, 'gpp_b': 0.004215504256370331, 'gpp_d': 94.19931479490882, 'ign_k': 0.37424230019851973, 'ign_c': 6.807874826564585, 'gdp_gamma': 0.1949242333395496}.
[I 2026-08-06 03:03:18,920] Trial 427 finished with values: [-0.5603340810453739, 0.12597641211799537] and parameters: {'k1': 2.9394634586259703e-05, 'D_low': 1.1102341430568343, 'k2': 7.639737756882014e-05, 'D_high': 2970.7920514735997, 'fire_exp': 1.0881360604103363, 'P_half': 141.1179996668461, 'pre_dampen_half': 36.876350096203005, 'gpp_af': 0.002311080279955305, 'gpp_b': 3.481277316673104e-05, 'gpp_d': 33.9790424311127, 'ign_k': 0.0026834162496848666, 'ign_c': 6.160975294741436, 'gdp_gamma': 1.351676663316814}.
[I 2026-08-06 03:03:20,826] Trial 428 finished with values: [10.237237155303237, 10.237237155303237] and parameters: {'k1': 0.0030285741098956273, 'D_low': 57.949672745830284, 'k2': 3.277320296937061e-05, 'D_high': 1453.919918756155, 'fire_exp': 1.0340574447037933, 'P_half': 141.1179996668461, 'pre_dampen_half': 36.876350096203005, 'gpp_af': 0.09145768948268033, 'gpp_b': 3.120946138849641e-05, 'gpp_d': 33.9790424311127, 'ign_k': 0.37424230019851973, 'ign_c': 0.21948188038908775, 'gdp_gamma': 0.3862443158940324}.
[I 2026-08-06 03:03:23,134] Trial 429 finished with values: [10.76923076903347, 10.76923076903347] and parameters: {'k1': 2.9394634586259703e-05, 'D_low': 29.89885508829526, 'k2': 0.00014001191914113747, 'D_high': 21863.563449420166, 'fire_exp': 1.5191397119156032, 'P_half': 616.1423618045311, 'pre_dampen_half': 129.7187644086357, 'gpp_af': 0.05391752791214327, 'gpp_b': 0.004215504256370331, 'gpp_d': 1.2434469102435366, 'ign_k': 1.2021930484915047, 'ign_c': 52.7226472331918, 'gdp_gamma': 1.8068697350278546}.
[I 2026-08-06 03:03:25,380] Trial 430 finished with values: [10.22842418709715, 10.22842418709715] and parameters: {'k1': 0.00031489116479568613, 'D_low': 1.1102341430568343, 'k2': 0.007519407491506672, 'D_high': 2842.140588732084, 'fire_exp': 1.4322493718230251, 'P_half': 414.99690434975446, 'pre_dampen_half': 36.876350096203005, 'gpp_af': 0.05391752791214327, 'gpp_b': 0.0030742893625766146, 'gpp_d': 33.9790424311127, 'ign_k': 0.002115412774188856, 'ign_c': 0.21948188038908775, 'gdp_gamma': 1.8068697350278546}.
[I 2026-08-06 03:03:27,516] Trial 431 finished with values: [10.612455077761707, 10.612455077761707] and parameters: {'k1': 0.00031489116479568613, 'D_low': 29.89885508829526, 'k2': 0.007519407491506672, 'D_high': 123.89052918551072, 'fire_exp': 1.5191397119156032, 'P_half': 10.226988730324324, 'pre_dampen_half': 36.876350096203005, 'gpp_af': 21.42302175774105, 'gpp_b': 0.011750724729953272, 'gpp_d': 34.70266988650411, 'ign_k': 6.359958019698484, 'ign_c': 6.807874826564585, 'gdp_gamma': 1.8068697350278546}.
[I 2026-08-06 03:03:29,556] Trial 432 finished with values: [10.22159602919462, 10.22159602919462] and parameters: {'k1': 2.9394634586259703e-05, 'D_low': 29.89885508829526, 'k2': 0.0007081721844034209, 'D_high': 40.200510404321264, 'fire_exp': 1.0881360604103363, 'P_half': 10.226988730324324, 'pre_dampen_half': 36.876350096203005, 'gpp_af': 0.002311080279955305, 'gpp_b': 3.481277316673104e-05, 'gpp_d': 4.5768578731086835, 'ign_k': 1.2021930484915047, 'ign_c': 0.6693990428538836, 'gdp_gamma': 0.057304083737274164}.
[I 2026-08-06 03:03:31,811] Trial 433 finished with values: [-0.5659852175993504, 0.16202852676086554] and parameters: {'k1': 0.0030285741098956273, 'D_low': 148.10800730363493, 'k2': 4.484744524732793e-05, 'D_high': 35.11445258128688, 'fire_exp': 1.0881360604103363, 'P_half': 25.255166452944085, 'pre_dampen_half': 36.876350096203005, 'gpp_af': 0.09145768948268033, 'gpp_b': 0.0039265289720170965, 'gpp_d': 4.08522800366862, 'ign_k': 0.37424230019851973, 'ign_c': 0.3525936800597896, 'gdp_gamma': 0.3862443158940324}.
[I 2026-08-06 03:03:34,246] Trial 434 finished with values: [10.117477653561497, 10.117477653561497] and parameters: {'k1': 0.05949270019168344, 'D_low': 1.1102341430568343, 'k2': 4.484744524732793e-05, 'D_high': 21863.563449420166, 'fire_exp': 1.5191397119156032, 'P_half': 2.951922743391744, 'pre_dampen_half': 36.876350096203005, 'gpp_af': 0.09145768948268033, 'gpp_b': 5.7857954539842234e-05, 'gpp_d': 189.88136301569827, 'ign_k': 1.2021930484915047, 'ign_c': 8.308114652888387, 'gdp_gamma': 0.1138099269777268}.
[I 2026-08-06 03:03:36,388] Trial 435 finished with values: [-0.4997203171900975, 0.13518991326081764] and parameters: {'k1': 0.0007284371265166888, 'D_low': 1.1102341430568343, 'k2': 4.484744524732793e-05, 'D_high': 21863.563449420166, 'fire_exp': 1.5191397119156032, 'P_half': 25.255166452944085, 'pre_dampen_half': 129.7187644086357, 'gpp_af': 0.017832592720985762, 'gpp_b': 0.0025797966927081192, 'gpp_d': 189.88136301569827, 'ign_k': 1.2021930484915047, 'ign_c': 8.308114652888387, 'gdp_gamma': 0.11787300531243229}.
[I 2026-08-06 03:03:38,462] Trial 436 finished with values: [10.28889414099428, 10.28889414099428] and parameters: {'k1': 0.0030285741098956273, 'D_low': 1.1102341430568343, 'k2': 0.00014001191914113747, 'D_high': 21863.563449420166, 'fire_exp': 1.5191397119156032, 'P_half': 616.1423618045311, 'pre_dampen_half': 129.7187644086357, 'gpp_af': 0.1241231030920017, 'gpp_b': 0.0025797966927081192, 'gpp_d': 1.2434469102435366, 'ign_k': 0.04774295192206774, 'ign_c': 8.308114652888387, 'gdp_gamma': 0.1138099269777268}.
[I 2026-08-06 03:03:40,797] Trial 437 finished with values: [10.724485624195099, 10.724485624195099] and parameters: {'k1': 2.9394634586259703e-05, 'D_low': 318.834644588275, 'k2': 0.03820259936390116, 'D_high': 2970.7920514735997, 'fire_exp': 1.0881360604103363, 'P_half': 10.226988730324324, 'pre_dampen_half': 17.62185042369633, 'gpp_af': 0.002311080279955305, 'gpp_b': 0.06778844722386397, 'gpp_d': 646.9381203459446, 'ign_k': 0.031585104499228, 'ign_c': 1.3894673469237204, 'gdp_gamma': 1.8068697350278546}.
[I 2026-08-06 03:03:42,748] Trial 438 finished with values: [-0.5334283112602203, 0.2420217113462526] and parameters: {'k1': 0.0030285741098956273, 'D_low': 1.1102341430568343, 'k2': 0.0007081721844034209, 'D_high': 9769.756791866093, 'fire_exp': 1.0881360604103363, 'P_half': 10.226988730324324, 'pre_dampen_half': 36.876350096203005, 'gpp_af': 0.05391752791214327, 'gpp_b': 0.004215504256370331, 'gpp_d': 48.69745226446181, 'ign_k': 0.03893835424674704, 'ign_c': 1.3894673469237204, 'gdp_gamma': 0.057304083737274164}.
[I 2026-08-06 03:03:45,035] Trial 439 finished with values: [10.74690391512893, 10.74690391512893] and parameters: {'k1': 2.9394634586259703e-05, 'D_low': 1.1102341430568343, 'k2': 0.0007492772870670282, 'D_high': 13.670484737132345, 'fire_exp': 1.314673522286271, 'P_half': 10.755022125844455, 'pre_dampen_half': 0.23500440978155998, 'gpp_af': 0.05391752791214327, 'gpp_b': 0.0030742893625766146, 'gpp_d': 331.7366635899375, 'ign_k': 0.031585104499228, 'ign_c': 1.317454386434276, 'gdp_gamma': 0.3862443158940324}.
[I 2026-08-06 03:03:47,322] Trial 440 finished with values: [-0.5740506154386085, 0.09054582968953484] and parameters: {'k1': 2.9394634586259703e-05, 'D_low': 29.89885508829526, 'k2': 0.03820259936390116, 'D_high': 21863.563449420166, 'fire_exp': 1.5191397119156032, 'P_half': 616.1423618045311, 'pre_dampen_half': 129.7187644086357, 'gpp_af': 0.017832592720985762, 'gpp_b': 0.0030742893625766146, 'gpp_d': 10.931606102061748, 'ign_k': 1.2021930484915047, 'ign_c': 22.126836566118193, 'gdp_gamma': 1.8068697350278546}.
[I 2026-08-06 03:03:49,436] Trial 441 finished with values: [10.087905292166568, 10.087905292166568] and parameters: {'k1': 2.80643901112427e-05, 'D_low': 57.949672745830284, 'k2': 0.00014001191914113747, 'D_high': 1453.919918756155, 'fire_exp': 1.0340574447037933, 'P_half': 2.951922743391744, 'pre_dampen_half': 129.7187644086357, 'gpp_af': 1.036956521675621, 'gpp_b': 0.028369067932328344, 'gpp_d': 304.7488318185732, 'ign_k': 0.07867677706257832, 'ign_c': 0.9580682294110432, 'gdp_gamma': 0.3862443158940324}.
[I 2026-08-06 03:03:51,503] Trial 442 finished with values: [-0.567239727155542, 0.09937373852868037] and parameters: {'k1': 0.00031489116479568613, 'D_low': 1.1102341430568343, 'k2': 0.007519407491506672, 'D_high': 2842.140588732084, 'fire_exp': 1.4322493718230251, 'P_half': 1.2765717873951687, 'pre_dampen_half': 36.876350096203005, 'gpp_af': 0.05391752791214327, 'gpp_b': 0.0030742893625766146, 'gpp_d': 34.70266988650411, 'ign_k': 0.002115412774188856, 'ign_c': 6.807874826564585, 'gdp_gamma': 1.8068697350278546}.
[I 2026-08-06 03:03:53,678] Trial 443 finished with values: [10.746530493653498, 10.746530493653498] and parameters: {'k1': 3.29655013583809e-05, 'D_low': 29.89885508829526, 'k2': 0.007519407491506672, 'D_high': 13.670484737132345, 'fire_exp': 1.314673522286271, 'P_half': 25.255166452944085, 'pre_dampen_half': 36.876350096203005, 'gpp_af': 83.15497547376708, 'gpp_b': 0.0030742893625766146, 'gpp_d': 34.70266988650411, 'ign_k': 0.37424230019851973, 'ign_c': 6.807874826564585, 'gdp_gamma': 0.022450387067961586}.
[I 2026-08-06 03:03:55,990] Trial 444 finished with values: [10.385438826164304, 10.385438826164304] and parameters: {'k1': 0.0030285741098956273, 'D_low': 29.89885508829526, 'k2': 0.0007081721844034209, 'D_high': 8182.111518618414, 'fire_exp': 1.0881360604103363, 'P_half': 616.1423618045311, 'pre_dampen_half': 36.876350096203005, 'gpp_af': 29.925002022877802, 'gpp_b': 0.004215504256370331, 'gpp_d': 1.2434469102435366, 'ign_k': 1.2021930484915047, 'ign_c': 6.807874826564585, 'gdp_gamma': 0.3862443158940324}.
[I 2026-08-06 03:03:58,179] Trial 445 finished with values: [10.285296083772748, 10.285296083772748] and parameters: {'k1': 0.00031489116479568613, 'D_low': 3770.481504064945, 'k2': 2.143851363193518e-05, 'D_high': 28975.337521324145, 'fire_exp': 1.5191397119156032, 'P_half': 4.933751600448339, 'pre_dampen_half': 14.711215379121963, 'gpp_af': 1.036956521675621, 'gpp_b': 0.00023973289798891726, 'gpp_d': 34.70266988650411, 'ign_k': 0.37424230019851973, 'ign_c': 0.9580682294110432, 'gdp_gamma': 0.559652086128564}.
[I 2026-08-06 03:04:00,202] Trial 446 finished with values: [10.12584670292559, 10.12584670292559] and parameters: {'k1': 7.118997101275657e-05, 'D_low': 655.1173063184817, 'k2': 2.143851363193518e-05, 'D_high': 28975.337521324145, 'fire_exp': 1.0340574447037933, 'P_half': 25.255166452944085, 'pre_dampen_half': 397.4459556835019, 'gpp_af': 0.001431101425855574, 'gpp_b': 0.004215504256370331, 'gpp_d': 304.7488318185732, 'ign_k': 0.07867677706257832, 'ign_c': 0.9580682294110432, 'gdp_gamma': 0.3862443158940324}.
[I 2026-08-06 03:04:02,198] Trial 447 finished with values: [-0.5782956309687487, 0.28366505495756844] and parameters: {'k1': 0.0009343302657318475, 'D_low': 19.063314120324364, 'k2': 0.00014001191914113747, 'D_high': 4042.6607830428875, 'fire_exp': 1.0727542652117925, 'P_half': 10.226988730324324, 'pre_dampen_half': 31.977584652685227, 'gpp_af': 26.90845367054865, 'gpp_b': 0.028369067932328344, 'gpp_d': 33.9790424311127, 'ign_k': 1.2021930484915047, 'ign_c': 1.3894673469237204, 'gdp_gamma': 0.5013415300044294}.
[I 2026-08-06 03:04:04,362] Trial 448 finished with values: [10.089994197907282, 10.089994197907282] and parameters: {'k1': 3.29655013583809e-05, 'D_low': 3.7322156377670694, 'k2': 4.484744524732793e-05, 'D_high': 21863.563449420166, 'fire_exp': 1.314673522286271, 'P_half': 25.255166452944085, 'pre_dampen_half': 31.977584652685227, 'gpp_af': 0.06960360257735196, 'gpp_b': 0.004215504256370331, 'gpp_d': 189.88136301569827, 'ign_k': 2.867035030554071, 'ign_c': 6.807874826564585, 'gdp_gamma': 0.3862443158940324}.
[I 2026-08-06 03:04:06,470] Trial 449 finished with values: [10.199902164247552, 10.199902164247552] and parameters: {'k1': 2.80643901112427e-05, 'D_low': 19.063314120324364, 'k2': 4.484744524732793e-05, 'D_high': 28975.337521324145, 'fire_exp': 1.0881360604103363, 'P_half': 78.13392238162733, 'pre_dampen_half': 9.16302609334724, 'gpp_af': 69.33733406812303, 'gpp_b': 0.004215504256370331, 'gpp_d': 331.7366635899375, 'ign_k': 0.005522071973135812, 'ign_c': 1.317454386434276, 'gdp_gamma': 0.3862443158940324}.
[I 2026-08-06 03:04:08,416] Trial 450 finished with values: [-0.5136351986419828, 0.19841666881366227] and parameters: {'k1': 0.0007284371265166888, 'D_low': 148.10800730363493, 'k2': 0.0007081721844034209, 'D_high': 9769.756791866093, 'fire_exp': 1.0727542652117925, 'P_half': 2.951922743391744, 'pre_dampen_half': 36.876350096203005, 'gpp_af': 0.06323437159998231, 'gpp_b': 0.028369067932328344, 'gpp_d': 189.88136301569827, 'ign_k': 1.2021930484915047, 'ign_c': 0.6693990428538836, 'gdp_gamma': 0.1138099269777268}.
[I 2026-08-06 03:04:10,533] Trial 451 finished with values: [10.179288316761037, 10.179288316761037] and parameters: {'k1': 0.029818972317055152, 'D_low': 19.063314120324364, 'k2': 0.0007081721844034209, 'D_high': 9769.756791866093, 'fire_exp': 1.0252685873887095, 'P_half': 10.226988730324324, 'pre_dampen_half': 36.876350096203005, 'gpp_af': 0.002311080279955305, 'gpp_b': 3.481277316673104e-05, 'gpp_d': 33.9790424311127, 'ign_k': 0.002115412774188856, 'ign_c': 1.317454386434276, 'gdp_gamma': 0.057304083737274164}.
[I 2026-08-06 03:04:12,645] Trial 452 finished with values: [-0.5164271292048754, 0.2726753293523648] and parameters: {'k1': 2.80643901112427e-05, 'D_low': 1.1102341430568343, 'k2': 0.0007492772870670282, 'D_high': 9769.756791866093, 'fire_exp': 1.0881360604103363, 'P_half': 10.755022125844455, 'pre_dampen_half': 76.38081075786287, 'gpp_af': 0.09145768948268033, 'gpp_b': 0.03163825999019024, 'gpp_d': 646.9381203459446, 'ign_k': 1.2125157220460185, 'ign_c': 1.3894673469237204, 'gdp_gamma': 0.057304083737274164}.
[I 2026-08-06 03:04:14,679] Trial 453 finished with values: [10.250823477507826, 10.250823477507826] and parameters: {'k1': 2.9394634586259703e-05, 'D_low': 3.7322156377670694, 'k2': 0.06994589881535453, 'D_high': 2970.7920514735997, 'fire_exp': 1.0881360604103363, 'P_half': 2.1698375693549488, 'pre_dampen_half': 36.876350096203005, 'gpp_af': 0.002311080279955305, 'gpp_b': 3.481277316673104e-05, 'gpp_d': 26.003623362924223, 'ign_k': 0.0019264360371306567, 'ign_c': 6.160975294741436, 'gdp_gamma': 1.351676663316814}.
[I 2026-08-06 03:04:16,871] Trial 454 finished with values: [-0.5249221594653621, 0.24249635996226804] and parameters: {'k1': 0.0009343302657318475, 'D_low': 1.1102341430568343, 'k2': 0.023940483242764706, 'D_high': 9769.756791866093, 'fire_exp': 1.0727542652117925, 'P_half': 141.1179996668461, 'pre_dampen_half': 31.977584652685227, 'gpp_af': 26.90845367054865, 'gpp_b': 0.011750724729953272, 'gpp_d': 33.9790424311127, 'ign_k': 1.2021930484915047, 'ign_c': 6.807874826564585, 'gdp_gamma': 0.014064640247968179}.
[I 2026-08-06 03:04:19,065] Trial 455 finished with values: [-0.52911105262784, 0.4159618827492291] and parameters: {'k1': 0.000985079068311927, 'D_low': 29.89885508829526, 'k2': 0.00014001191914113747, 'D_high': 21863.563449420166, 'fire_exp': 1.8108717155566076, 'P_half': 4.933751600448339, 'pre_dampen_half': 36.876350096203005, 'gpp_af': 29.925002022877802, 'gpp_b': 5.7857954539842234e-05, 'gpp_d': 189.88136301569827, 'ign_k': 1.1068683358440707, 'ign_c': 6.807874826564585, 'gdp_gamma': 0.015216188354081242}.
[I 2026-08-06 03:04:21,303] Trial 456 finished with values: [-0.5207666634779141, 0.19936295998664422] and parameters: {'k1': 0.0007284371265166888, 'D_low': 29.89885508829526, 'k2': 0.00014001191914113747, 'D_high': 35.11445258128688, 'fire_exp': 1.0727542652117925, 'P_half': 25.255166452944085, 'pre_dampen_half': 129.7187644086357, 'gpp_af': 0.09145768948268033, 'gpp_b': 0.004215504256370331, 'gpp_d': 331.7366635899375, 'ign_k': 1.2021930484915047, 'ign_c': 6.807874826564585, 'gdp_gamma': 0.11672719935859303}.
[I 2026-08-06 03:04:23,437] Trial 457 finished with values: [10.151759425163624, 10.151759425163624] and parameters: {'k1': 0.000985079068311927, 'D_low': 29.89885508829526, 'k2': 0.00014001191914113747, 'D_high': 21863.563449420166, 'fire_exp': 1.3528351465807738, 'P_half': 4.933751600448339, 'pre_dampen_half': 36.876350096203005, 'gpp_af': 0.09145768948268033, 'gpp_b': 5.7857954539842234e-05, 'gpp_d': 189.88136301569827, 'ign_k': 0.37424230019851973, 'ign_c': 6.807874826564585, 'gdp_gamma': 0.015216188354081242}.
[I 2026-08-06 03:04:25,333] Trial 458 finished with values: [10.740643567990473, 10.740643567990473] and parameters: {'k1': 0.0007284371265166888, 'D_low': 19.063314120324364, 'k2': 0.03820259936390116, 'D_high': 2970.7920514735997, 'fire_exp': 1.0340574447037933, 'P_half': 10.755022125844455, 'pre_dampen_half': 129.7187644086357, 'gpp_af': 0.017832592720985762, 'gpp_b': 5.7857954539842234e-05, 'gpp_d': 331.7366635899375, 'ign_k': 0.038791280730284435, 'ign_c': 1.317454386434276, 'gdp_gamma': 0.1138099269777268}.
[I 2026-08-06 03:04:27,390] Trial 459 finished with values: [10.460385800378, 10.460385800378] and parameters: {'k1': 0.0002191739661157602, 'D_low': 148.10800730363493, 'k2': 0.0007492772870670282, 'D_high': 2308.5168151108014, 'fire_exp': 1.314673522286271, 'P_half': 141.1179996668461, 'pre_dampen_half': 397.4459556835019, 'gpp_af': 0.06323437159998231, 'gpp_b': 1.56731783988398e-05, 'gpp_d': 4.08522800366862, 'ign_k': 0.031585104499228, 'ign_c': 0.7299348683062306, 'gdp_gamma': 0.6423856065991593}.
[I 2026-08-06 03:04:29,511] Trial 460 finished with values: [10.725847770466709, 10.725847770466709] and parameters: {'k1': 0.0030285741098956273, 'D_low': 4823.823303865259, 'k2': 4.484744524732793e-05, 'D_high': 35.11445258128688, 'fire_exp': 1.0881360604103363, 'P_half': 25.255166452944085, 'pre_dampen_half': 9.16302609334724, 'gpp_af': 1.036956521675621, 'gpp_b': 0.050107402158164165, 'gpp_d': 331.7366635899375, 'ign_k': 0.37424230019851973, 'ign_c': 1.317454386434276, 'gdp_gamma': 0.3862443158940324}.
[I 2026-08-06 03:04:31,885] Trial 461 finished with values: [10.701031262784353, 10.701031262784353] and parameters: {'k1': 0.0030285741098956273, 'D_low': 1535.1441568398143, 'k2': 0.0007492772870670282, 'D_high': 843.5083887782442, 'fire_exp': 1.314673522286271, 'P_half': 25.255166452944085, 'pre_dampen_half': 36.876350096203005, 'gpp_af': 0.05391752791214327, 'gpp_b': 0.004215504256370331, 'gpp_d': 52.18447053446689, 'ign_k': 0.37424230019851973, 'ign_c': 0.2946000090510885, 'gdp_gamma': 0.7366679513906507}.
