[I 2026-08-20 01:09:24,718] Trial 2316 finished with value: 0.6445374145881376 and parameters: {'k1': 0.0007048647213877129, 'D_low': 1.7884994462006076, 'k2': 1.9842030918654566e-05, 'D_high': 9169297.408764873, 'fire_exp': 4.0246292108457435, 'P_half': 2.0981484331247326, 'pre_dampen_half': 33.12889755919915, 'gpp_af': 2.3187951519697068, 'gpp_b': 0.1151522856576109, 'gpp_d': 1.2054525477826026, 'ign_k': 2.6140375196090377, 'ign_c': 166.22325542555996, 'trop_agb_crit': 4.219525808083279, 'trop_k_veg': 1.5840462741799144}. Best is trial 1285 with value: -0.6015874360929447.
[I 2026-08-20 01:09:26,158] Trial 2317 finished with value: 0.6445374145881376 and parameters: {'k1': 0.03642555297766105, 'D_low': 5014.28299762198, 'k2': 0.00028347187800095583, 'D_high': 9650.547883313899, 'fire_exp': 3.237455148340692, 'P_half': 80.42199397279526, 'pre_dampen_half': 4.976513882768347, 'gpp_af': 23.465189766783432, 'gpp_b': 0.0016252852997354877, 'gpp_d': 33.39656888804393, 'ign_k': 0.4088073458696216, 'ign_c': 109.41993496254675, 'trop_agb_crit': 7.3266950905674815, 'trop_k_veg': 3.9412620329819354}. Best is trial 1285 with value: -0.6015874360929447.
[I 2026-08-20 01:09:27,619] Trial 2318 finished with value: 0.6445374145881376 and parameters: {'k1': 0.002380495842325313, 'D_low': 6.048728856629524, 'k2': 0.0005094006769522901, 'D_high': 24470.21802977444, 'fire_exp': 7.20140686994854, 'P_half': 3716.903882719797, 'pre_dampen_half': 829.6138552309988, 'gpp_af': 0.008216417515409781, 'gpp_b': 0.7237832404337561, 'gpp_d': 0.7646699375693675, 'ign_k': 0.001268805219761353, 'ign_c': 16.79018918596239, 'trop_agb_crit': 1.2630329582538409, 'trop_k_veg': 4.855062901309082}. Best is trial 1285 with value: -0.6015874360929447.
[I 2026-08-20 01:09:29,019] Trial 2319 finished with value: -0.5517414806404312 and parameters: {'k1': 0.0006201150981566181, 'D_low': 15496.189389333127, 'k2': 0.016422589935103857, 'D_high': 124045.16576716922, 'fire_exp': 1.3674901115328129, 'P_half': 5.01471919803819, 'pre_dampen_half': 27.754526891472008, 'gpp_af': 1.5636072489545194, 'gpp_b': 0.017910545420205363, 'gpp_d': 26.27245066823663, 'ign_k': 0.47358650809323527, 'ign_c': 0.2952442538808343, 'trop_agb_crit': 7.821570262823818, 'trop_k_veg': 4.481247222231642}. Best is trial 1285 with value: -0.6015874360929447.
[I 2026-08-20 01:09:30,431] Trial 2320 finished with value: 0.5825801539534091 and parameters: {'k1': 0.0022135129901133615, 'D_low': 34344.33247049517, 'k2': 0.00020526148697741622, 'D_high': 673003.1271255981, 'fire_exp': 1.093896107277696, 'P_half': 542.2637640642323, 'pre_dampen_half': 1.437306440355975, 'gpp_af': 0.19753303216767884, 'gpp_b': 0.015344933748304824, 'gpp_d': 84.0314082652928, 'ign_k': 4.319195824999515, 'ign_c': 4.733984781692037, 'trop_agb_crit': 8.847974016214728, 'trop_k_veg': 3.814394097999019}. Best is trial 1285 with value: -0.6015874360929447.
[I 2026-08-20 01:09:31,823] Trial 2321 finished with value: 0.6445374145881376 and parameters: {'k1': 0.00035197214525851494, 'D_low': 259235.94195405464, 'k2': 0.036097787365276926, 'D_high': 5294800.14806553, 'fire_exp': 1.0460198411975852, 'P_half': 856.236788671858, 'pre_dampen_half': 0.07671214620449944, 'gpp_af': 0.0017644832585339016, 'gpp_b': 0.00022371250405333373, 'gpp_d': 5.053830235063883, 'ign_k': 0.44009265171477174, 'ign_c': 334.23183863714803, 'trop_agb_crit': 1.9034726326752323, 'trop_k_veg': 0.5907120257205117}. Best is trial 1285 with value: -0.6015874360929447.
[I 2026-08-20 01:09:33,232] Trial 2322 finished with value: 0.6388022319761124 and parameters: {'k1': 0.000691847838825053, 'D_low': 163323.6563238201, 'k2': 0.0596025056248729, 'D_high': 921054.2959811877, 'fire_exp': 2.802239074277339, 'P_half': 11.48780420505984, 'pre_dampen_half': 3.228310812870797, 'gpp_af': 0.4449215671275223, 'gpp_b': 0.14185993328995336, 'gpp_d': 254.68123561306757, 'ign_k': 0.05895263515611385, 'ign_c': 0.1282004389659919, 'trop_agb_crit': 19.527851629725408, 'trop_k_veg': 5.004868857124958}. Best is trial 1285 with value: -0.6015874360929447.
[I 2026-08-20 01:09:34,616] Trial 2323 finished with value: 0.4969582041938707 and parameters: {'k1': 0.013279000708959153, 'D_low': 2.027475039584634, 'k2': 0.00032794261943681473, 'D_high': 20276.6349798626, 'fire_exp': 1.5015108840396045, 'P_half': 1.7747327334663476, 'pre_dampen_half': 47.53237130235153, 'gpp_af': 23.486005666305136, 'gpp_b': 0.01863645259532586, 'gpp_d': 392.94262842526416, 'ign_k': 0.029348560260378825, 'ign_c': 2.032230834462936, 'trop_agb_crit': 10.854122759293984, 'trop_k_veg': 1.597754053741464}. Best is trial 1285 with value: -0.6015874360929447.
[I 2026-08-20 01:09:36,044] Trial 2324 finished with value: 0.4674615388146569 and parameters: {'k1': 0.01732436819540104, 'D_low': 2798.0228468040063, 'k2': 0.00041741570865700864, 'D_high': 91875.45546837116, 'fire_exp': 2.625976742841724, 'P_half': 5.292029744752268, 'pre_dampen_half': 2.0504920423226127, 'gpp_af': 0.28012665660943015, 'gpp_b': 0.0011534164728417898, 'gpp_d': 959.2528499469233, 'ign_k': 1.2736855136251957, 'ign_c': 16.947696871769043, 'trop_agb_crit': 17.931574197812406, 'trop_k_veg': 3.732384889962496}. Best is trial 1285 with value: -0.6015874360929447.
[I 2026-08-20 01:09:37,434] Trial 2325 finished with value: 0.5112531380437886 and parameters: {'k1': 0.05396711789197812, 'D_low': 143.62288992270572, 'k2': 2.6595786876885565e-05, 'D_high': 49049.5769342919, 'fire_exp': 1.9757165454168184, 'P_half': 12.566857456607716, 'pre_dampen_half': 3.4386561739258066, 'gpp_af': 7.287785464690521, 'gpp_b': 0.0798566280273741, 'gpp_d': 443.3602307610693, 'ign_k': 0.3171563729863721, 'ign_c': 4.490565507384974, 'trop_agb_crit': 20.336302516013465, 'trop_k_veg': 3.0472581000952874}. Best is trial 1285 with value: -0.6015874360929447.
[I 2026-08-20 01:09:38,957] Trial 2326 finished with value: 0.6423039766554428 and parameters: {'k1': 0.057407218009487886, 'D_low': 381585.83039123635, 'k2': 0.0191998050867315, 'D_high': 2576565.8754724558, 'fire_exp': 1.8991129294630913, 'P_half': 1214.9719332141717, 'pre_dampen_half': 2.060457061973048, 'gpp_af': 9.721947244873911, 'gpp_b': 0.025574236261473086, 'gpp_d': 917.9918822515002, 'ign_k': 0.1149733287405079, 'ign_c': 7.42743532504914, 'trop_agb_crit': 24.80430357254981, 'trop_k_veg': 2.8058115091369014}. Best is trial 1285 with value: -0.6015874360929447.
[I 2026-08-20 01:09:40,333] Trial 2327 finished with value: 0.5302860086836161 and parameters: {'k1': 0.03043472082146842, 'D_low': 2516.17768279231, 'k2': 2.2047556471766694e-05, 'D_high': 172323.18523782148, 'fire_exp': 3.40758261202148, 'P_half': 8.402997316911977, 'pre_dampen_half': 0.7941868586590349, 'gpp_af': 1.6882806823467835, 'gpp_b': 0.09330349337973176, 'gpp_d': 946.8990771446926, 'ign_k': 1.2728021986501281, 'ign_c': 5.604911902543023, 'trop_agb_crit': 6.695617903166246, 'trop_k_veg': 1.9055022801771209}. Best is trial 1285 with value: -0.6015874360929447.
[I 2026-08-20 01:09:41,716] Trial 2328 finished with value: 0.566715612107654 and parameters: {'k1': 0.00012924291796109324, 'D_low': 596.9984813083561, 'k2': 0.08803196554348085, 'D_high': 154639.7553873196, 'fire_exp': 1.4259434617614672, 'P_half': 1.1966147278364174, 'pre_dampen_half': 3.189002173315907, 'gpp_af': 0.04129431093973761, 'gpp_b': 0.07273709841582134, 'gpp_d': 138.6427168585206, 'ign_k': 1.3468448083447908, 'ign_c': 0.26623093096853295, 'trop_agb_crit': 9.744196207231843, 'trop_k_veg': 1.5796276923082715}. Best is trial 1285 with value: -0.6015874360929447.
[I 2026-08-20 01:09:43,583] Trial 2329 finished with value: 0.6355868798321318 and parameters: {'k1': 4.3415584001998314e-05, 'D_low': 1.1613392710482517, 'k2': 0.08331428347297397, 'D_high': 783.3872495612783, 'fire_exp': 2.0325808640132976, 'P_half': 7.855509643662845, 'pre_dampen_half': 1.3497629282923245, 'gpp_af': 0.006604286398318059, 'gpp_b': 0.7055726925976308, 'gpp_d': 5.673132132659811, 'ign_k': 0.012009171617922637, 'ign_c': 56.07359145689972, 'trop_agb_crit': 1.0224380317710249, 'trop_k_veg': 3.7368752135752588}. Best is trial 1285 with value: -0.6015874360929447.
[I 2026-08-20 01:09:45,149] Trial 2330 finished with value: 0.6263368894754441 and parameters: {'k1': 0.0026964239465176606, 'D_low': 54612.29279873325, 'k2': 0.0001265042567722743, 'D_high': 18406.62975970829, 'fire_exp': 1.6862487794619212, 'P_half': 60.51228807297416, 'pre_dampen_half': 3.0293015389272147, 'gpp_af': 2.4907369066935017, 'gpp_b': 0.05559141338975174, 'gpp_d': 514.5617027343062, 'ign_k': 0.10278044093889607, 'ign_c': 2.8582759138972014, 'trop_agb_crit': 8.355529550346594, 'trop_k_veg': 2.1219709071700916}. Best is trial 1285 with value: -0.6015874360929447.
[I 2026-08-20 01:09:46,574] Trial 2331 finished with value: 0.6445374145881376 and parameters: {'k1': 0.001758929890965018, 'D_low': 1.1940470385068878, 'k2': 0.000897227810167046, 'D_high': 101910.53463113165, 'fire_exp': 7.519761391098824, 'P_half': 1.328939977229524, 'pre_dampen_half': 13.860963011504252, 'gpp_af': 1.3622541541155964, 'gpp_b': 0.00016501839141138365, 'gpp_d': 619.6594326303359, 'ign_k': 4.226767508986476, 'ign_c': 222.73322157821715, 'trop_agb_crit': 3.068022077540712, 'trop_k_veg': 1.5677727806022752}. Best is trial 1285 with value: -0.6015874360929447.
[I 2026-08-20 01:09:47,988] Trial 2332 finished with value: 0.6445374145881376 and parameters: {'k1': 5.430316401993536e-05, 'D_low': 1.5735021877044475, 'k2': 0.00025554324745713064, 'D_high': 3423091.3473737496, 'fire_exp': 5.614918140039052, 'P_half': 1.524504300099176, 'pre_dampen_half': 323.9703540906688, 'gpp_af': 1.0033161637796506, 'gpp_b': 6.133392189215328e-05, 'gpp_d': 757.8491445499446, 'ign_k': 3.417213823430706, 'ign_c': 129.89315837716018, 'trop_agb_crit': 6.883881536049419, 'trop_k_veg': 2.7949596963149697}. Best is trial 1285 with value: -0.6015874360929447.
[I 2026-08-20 01:09:49,416] Trial 2333 finished with value: -0.5385246813190874 and parameters: {'k1': 0.00018263530520289863, 'D_low': 178.99142513262447, 'k2': 0.0003635801894393934, 'D_high': 2867947.348735299, 'fire_exp': 6.009854164362727, 'P_half': 1.454401996702594, 'pre_dampen_half': 34.861418185855534, 'gpp_af': 2.0230329229722925, 'gpp_b': 0.0010938939744850424, 'gpp_d': 6.711042539820009, 'ign_k': 5.681727172816082, 'ign_c': 2.4056283819944446, 'trop_agb_crit': 29.76139814299459, 'trop_k_veg': 5.429746532118885}. Best is trial 1285 with value: -0.6015874360929447.
[I 2026-08-20 01:09:50,937] Trial 2334 finished with value: 0.521650777007277 and parameters: {'k1': 0.0107364493699239, 'D_low': 2442.125803161098, 'k2': 0.00018671120551808535, 'D_high': 2761738.2267857073, 'fire_exp': 3.4817404036191104, 'P_half': 299.58142966876267, 'pre_dampen_half': 12.09798667580947, 'gpp_af': 0.12550550889099993, 'gpp_b': 0.002553913919279966, 'gpp_d': 18.948260675768495, 'ign_k': 0.14620435875234525, 'ign_c': 1.375584306960862, 'trop_agb_crit': 13.875872210705927, 'trop_k_veg': 2.6240273332746193}. Best is trial 1285 with value: -0.6015874360929447.
[I 2026-08-20 01:09:52,308] Trial 2335 finished with value: -0.5507606953972084 and parameters: {'k1': 0.07256447881612216, 'D_low': 183.03956019416722, 'k2': 0.054192638569142165, 'D_high': 473945.65233801963, 'fire_exp': 2.1211772995113654, 'P_half': 1.8833016773486886, 'pre_dampen_half': 1.3129627083837547, 'gpp_af': 6.296122188044207, 'gpp_b': 0.002111152576612306, 'gpp_d': 958.9206192196284, 'ign_k': 0.06930414094751504, 'ign_c': 0.5239144135059923, 'trop_agb_crit': 7.51071404064912, 'trop_k_veg': 2.1384516461307395}. Best is trial 1285 with value: -0.6015874360929447.
[I 2026-08-20 01:09:53,754] Trial 2336 finished with value: 0.6476890675925581 and parameters: {'k1': 0.0032615228221568406, 'D_low': 273.41106158448514, 'k2': 4.165585534865653e-05, 'D_high': 2410581.856024656, 'fire_exp': 6.610958224107154, 'P_half': 232.3740561612792, 'pre_dampen_half': 257.5023736893841, 'gpp_af': 0.14216182903361613, 'gpp_b': 2.8091758971403164e-05, 'gpp_d': 55.04361312079316, 'ign_k': 7.507223344242911, 'ign_c': 29.845650469161676, 'trop_agb_crit': 7.710872652476638, 'trop_k_veg': 4.843967576556114}. Best is trial 1285 with value: -0.6015874360929447.
[I 2026-08-20 01:09:55,153] Trial 2337 finished with value: 0.3999033779792527 and parameters: {'k1': 0.011499724569587528, 'D_low': 1.5237722679143502, 'k2': 0.001117035385418245, 'D_high': 2839944.427262416, 'fire_exp': 2.0995743847588737, 'P_half': 144.52407644126086, 'pre_dampen_half': 10.143232624034393, 'gpp_af': 4.409341587138258, 'gpp_b': 0.009548530936527484, 'gpp_d': 179.18150394171263, 'ign_k': 0.42246041127667083, 'ign_c': 2.2696214788059206, 'trop_agb_crit': 16.182584442613408, 'trop_k_veg': 2.451466341538979}. Best is trial 1285 with value: -0.6015874360929447.
[I 2026-08-20 01:09:56,548] Trial 2338 finished with value: 0.43623661653474655 and parameters: {'k1': 0.00035602097191916605, 'D_low': 1.0268782507980991, 'k2': 0.0005391601438437734, 'D_high': 6487363.974453142, 'fire_exp': 4.846242186145036, 'P_half': 11.034448244422034, 'pre_dampen_half': 39.27503629856562, 'gpp_af': 0.5546496225738186, 'gpp_b': 0.00012029640035399861, 'gpp_d': 95.08507987581334, 'ign_k': 2.7593443055447344, 'ign_c': 4.105598721315707, 'trop_agb_crit': 4.803465733584293, 'trop_k_veg': 1.9866565922115849}. Best is trial 1285 with value: -0.6015874360929447.
[I 2026-08-20 01:09:57,975] Trial 2339 finished with value: -0.5043761296177024 and parameters: {'k1': 0.001991448438520171, 'D_low': 6295.619127830686, 'k2': 0.07244910829288219, 'D_high': 36838.714879753876, 'fire_exp': 1.7830043441645258, 'P_half': 4.098326073343129, 'pre_dampen_half': 26.727830131019658, 'gpp_af': 8.884253091099263, 'gpp_b': 0.0008299958595391752, 'gpp_d': 85.982220447363, 'ign_k': 0.07095478768875323, 'ign_c': 0.41636318027690705, 'trop_agb_crit': 24.476746985826804, 'trop_k_veg': 3.4049519792270444}. Best is trial 1285 with value: -0.6015874360929447.
[I 2026-08-20 01:09:59,403] Trial 2340 finished with value: 0.6440326495755924 and parameters: {'k1': 0.013652544465689314, 'D_low': 1.1124671082752946, 'k2': 0.00039466869778204757, 'D_high': 313543.91628193896, 'fire_exp': 5.909319688852463, 'P_half': 2.366137649247605, 'pre_dampen_half': 2.3480225532585197, 'gpp_af': 1.3090872166862215, 'gpp_b': 0.0007958891280430222, 'gpp_d': 364.41921546381843, 'ign_k': 0.9173584282519858, 'ign_c': 30.27381878149985, 'trop_agb_crit': 5.530016024107721, 'trop_k_veg': 2.875895220937217}. Best is trial 1285 with value: -0.6015874360929447.
[I 2026-08-20 01:10:00,830] Trial 2341 finished with value: -0.5555703502060603 and parameters: {'k1': 0.0004081071317477032, 'D_low': 54.480078056005254, 'k2': 4.6797278291780285e-05, 'D_high': 5583060.163914705, 'fire_exp': 2.547863966554053, 'P_half': 4.4746529223119715, 'pre_dampen_half': 15.831543172421199, 'gpp_af': 1.4336995745724999, 'gpp_b': 0.0006292224409766688, 'gpp_d': 155.73387081777472, 'ign_k': 2.5000404433707915, 'ign_c': 24.509977750816255, 'trop_agb_crit': 9.3879154630785, 'trop_k_veg': 0.594480207015576}. Best is trial 1285 with value: -0.6015874360929447.
[I 2026-08-20 01:10:02,234] Trial 2342 finished with value: -0.49439330875680854 and parameters: {'k1': 8.298746534026855e-05, 'D_low': 10371.886968989507, 'k2': 0.09476762328000314, 'D_high': 118371.28928766024, 'fire_exp': 1.0225718701821178, 'P_half': 12.890633086699895, 'pre_dampen_half': 1.9646941728259275, 'gpp_af': 1.0217444973843148, 'gpp_b': 0.004173193490228636, 'gpp_d': 308.5518179168725, 'ign_k': 0.013417361689272619, 'ign_c': 0.1460949584216429, 'trop_agb_crit': 25.543030783483605, 'trop_k_veg': 2.586734073720141}. Best is trial 1285 with value: -0.6015874360929447.
[I 2026-08-20 01:10:04,120] Trial 2343 finished with value: 0.4841939045261864 and parameters: {'k1': 0.045777758526879396, 'D_low': 11.774729751006301, 'k2': 9.487035025908278e-05, 'D_high': 2650510.458427878, 'fire_exp': 3.5907754836670724, 'P_half': 20.6031454200866, 'pre_dampen_half': 16.06111510680691, 'gpp_af': 12.923962478313227, 'gpp_b': 0.03144605597826687, 'gpp_d': 378.42533735872263, 'ign_k': 0.07555166350845686, 'ign_c': 8.989243367119666, 'trop_agb_crit': 10.771207515079734, 'trop_k_veg': 2.3705165121108123}. Best is trial 1285 with value: -0.6015874360929447.
[I 2026-08-20 01:10:05,562] Trial 2344 finished with value: 0.6445374145881376 and parameters: {'k1': 0.006255739242368311, 'D_low': 2.279937375372209, 'k2': 9.104134585010825e-05, 'D_high': 7251723.913610213, 'fire_exp': 6.538733019027943, 'P_half': 1.7500958870296468, 'pre_dampen_half': 7.968774514767984, 'gpp_af': 0.13348017928260278, 'gpp_b': 0.0034722886335726458, 'gpp_d': 344.2149117070502, 'ign_k': 1.1742611682027453, 'ign_c': 91.74860796883151, 'trop_agb_crit': 1.966314240466425, 'trop_k_veg': 4.008490422499136}. Best is trial 1285 with value: -0.6015874360929447.
[I 2026-08-20 01:10:07,000] Trial 2345 finished with value: 0.6445374145881376 and parameters: {'k1': 0.0012721085557942375, 'D_low': 72.69514455610141, 'k2': 0.001522724310085376, 'D_high': 1039855.1947879115, 'fire_exp': 5.330959706254513, 'P_half': 43.04518050745803, 'pre_dampen_half': 14.659593999500341, 'gpp_af': 0.25282764785776923, 'gpp_b': 0.001960606786776898, 'gpp_d': 18.54426644173584, 'ign_k': 8.515860912615127, 'ign_c': 50.71661053571103, 'trop_agb_crit': 4.175180084376016, 'trop_k_veg': 2.3110693045897905}. Best is trial 1285 with value: -0.6015874360929447.
[I 2026-08-20 01:10:08,407] Trial 2346 finished with value: 0.6445374145881376 and parameters: {'k1': 1.0231234658769606e-05, 'D_low': 1020.5407373552687, 'k2': 0.06586757347119214, 'D_high': 15.158850945656653, 'fire_exp': 1.033187878807222, 'P_half': 253.74981084469673, 'pre_dampen_half': 30.866203534153488, 'gpp_af': 0.004170975324208107, 'gpp_b': 0.014147789974127417, 'gpp_d': 2.3223920073309827, 'ign_k': 3.3638882341935425, 'ign_c': 50.744403811825464, 'trop_agb_crit': 1.7452121278190198, 'trop_k_veg': 1.217400577949357}. Best is trial 1285 with value: -0.6015874360929447.
[I 2026-08-20 01:10:09,802] Trial 2347 finished with value: -0.5792502668941635 and parameters: {'k1': 0.00018513478070125028, 'D_low': 1.495244791025367, 'k2': 5.310145297759009e-05, 'D_high': 8859015.596777786, 'fire_exp': 4.882946400019812, 'P_half': 1.7133415985304397, 'pre_dampen_half': 21.745987274690393, 'gpp_af': 6.720259024999312, 'gpp_b': 0.021064780393661983, 'gpp_d': 108.46704392856499, 'ign_k': 2.079243797097177, 'ign_c': 15.054764252095506, 'trop_agb_crit': 6.729858639160718, 'trop_k_veg': 3.0292110108973094}. Best is trial 1285 with value: -0.6015874360929447.
[I 2026-08-20 01:10:11,206] Trial 2348 finished with value: 0.6445374145881376 and parameters: {'k1': 0.051410087280521474, 'D_low': 25021.08124373923, 'k2': 0.022258475372649692, 'D_high': 9607441.447317861, 'fire_exp': 3.318566224804086, 'P_half': 4.349704045235575, 'pre_dampen_half': 0.4056053046139908, 'gpp_af': 1.0331629056542702, 'gpp_b': 0.0009352869945286982, 'gpp_d': 563.715141250415, 'ign_k': 0.11836684141326029, 'ign_c': 191.60183267682362, 'trop_agb_crit': 13.099317439248738, 'trop_k_veg': 4.197344464471891}. Best is trial 1285 with value: -0.6015874360929447.
[I 2026-08-20 01:10:12,630] Trial 2349 finished with value: 0.6445374145881376 and parameters: {'k1': 0.03989385382724243, 'D_low': 199328.28895377368, 'k2': 0.018481770698302417, 'D_high': 3725.460359623952, 'fire_exp': 1.4137083042441012, 'P_half': 16.104992105418166, 'pre_dampen_half': 3.5377959950418045, 'gpp_af': 0.004279876880424258, 'gpp_b': 0.0018015686746640758, 'gpp_d': 0.06828870636556515, 'ign_k': 1.0326201418286947, 'ign_c': 90.54508726021795, 'trop_agb_crit': 2.10938122089603, 'trop_k_veg': 2.3273909786408375}. Best is trial 1285 with value: -0.6015874360929447.
[I 2026-08-20 01:10:14,067] Trial 2350 finished with value: 0.6445374145881376 and parameters: {'k1': 0.00014805366899280282, 'D_low': 918629.9436110957, 'k2': 0.0006854296140069768, 'D_high': 574483.9124205504, 'fire_exp': 2.0749247238805983, 'P_half': 1107.0382712055941, 'pre_dampen_half': 1.4216968482418368, 'gpp_af': 1.0457029303194738, 'gpp_b': 6.5288027275480305, 'gpp_d': 0.12811887884318265, 'ign_k': 0.16749850880152592, 'ign_c': 153.82483665512083, 'trop_agb_crit': 2.2137400255985877, 'trop_k_veg': 1.0117182383341516}. Best is trial 1285 with value: -0.6015874360929447.
[I 2026-08-20 01:10:15,444] Trial 2351 finished with value: 0.41827047486021895 and parameters: {'k1': 0.004210855081319633, 'D_low': 15.116937607604024, 'k2': 0.0003503185079810423, 'D_high': 171935.12406645252, 'fire_exp': 2.5605976613759323, 'P_half': 1.1847267120216711, 'pre_dampen_half': 5.722543360356902, 'gpp_af': 1.3861735279900267, 'gpp_b': 0.003513674301133955, 'gpp_d': 160.02099671264065, 'ign_k': 2.2507874424100223, 'ign_c': 6.783098770533659, 'trop_agb_crit': 7.8568380672343645, 'trop_k_veg': 1.515934733721115}. Best is trial 1285 with value: -0.6015874360929447.
[I 2026-08-20 01:10:16,834] Trial 2352 finished with value: 0.6074069300160444 and parameters: {'k1': 5.933334508058478e-05, 'D_low': 20.230225480173157, 'k2': 4.952951142411085e-05, 'D_high': 691450.0073327572, 'fire_exp': 1.4226421945080192, 'P_half': 12.784508076375646, 'pre_dampen_half': 0.739911886603116, 'gpp_af': 0.017721952363716688, 'gpp_b': 2.078305671397121e-05, 'gpp_d': 48.705259141486714, 'ign_k': 0.804005925918308, 'ign_c': 33.07157448768631, 'trop_agb_crit': 4.613071044420595, 'trop_k_veg': 5.084322629372565}. Best is trial 1285 with value: -0.6015874360929447.
