[I 2026-07-24 02:06:59,756] Trial 128 finished with value: 0.5943211020172255 and parameters: {'k1': 2.1717031923428174e-05, 'D_low': 1.65487525980908, 'k2': 0.04679497118831537, 'D_high': 3009.338621736997, 'fire_exp': 2.541043716633712, 'P_half': 85.60043689796605, 'pre_dampen_half': 735.3188752601862, 'gpp_af': 0.003912261884542687, 'gpp_b': 0.0003156584751695302, 'gpp_d': 36.89729180748561, 'ign_k': 0.00958783269273802, 'ign_c': 5.6534442819902475, 'trop_agb_crit': 26.138675792059843, 'trop_k_veg': 0.8999928527114349, 'gdp_gamma': 1.1457889563933088, 'fuel_k': 0.07788811582605512, 'fuel_half': 20.90674498194361}. Best is trial 0 with value: -0.6086958580586874.
[I 2026-07-24 02:07:00,183] Trial 129 finished with value: -0.514929091980213 and parameters: {'k1': 0.0019386851273271212, 'D_low': 5268.975789680952, 'k2': 0.0021493847373701583, 'D_high': 3045980.862750118, 'fire_exp': 1.0912662100916626, 'P_half': 9.27845618379955, 'pre_dampen_half': 4.257606710959852, 'gpp_af': 0.9513100430050154, 'gpp_b': 0.00013100091994154166, 'gpp_d': 8.48237138918593, 'ign_k': 0.002021639295101361, 'ign_c': 405.06254718034916, 'trop_agb_crit': 15.353913129342748, 'trop_k_veg': 1.0562092698464565, 'gdp_gamma': 0.12028855886495898, 'fuel_k': 0.10270162967011451, 'fuel_half': 72.87675744910636}. Best is trial 0 with value: -0.6086958580586874.
[I 2026-07-24 02:07:00,612] Trial 130 finished with value: 0.6331090919497124 and parameters: {'k1': 0.0002127909197235237, 'D_low': 12.2895290260648, 'k2': 0.05160964902906733, 'D_high': 292103.95892215107, 'fire_exp': 4.942214229349273, 'P_half': 5.83752773358855, 'pre_dampen_half': 303.2120696555181, 'gpp_af': 0.003027952897386308, 'gpp_b': 0.005018393004282252, 'gpp_d': 63.118941414879416, 'ign_k': 0.0016053935419313196, 'ign_c': 0.3484380246685794, 'trop_agb_crit': 8.086481998876534, 'trop_k_veg': 0.5243539270800214, 'gdp_gamma': 0.17651063607421696, 'fuel_k': 0.043339078238737096, 'fuel_half': 0.4964815671918143}. Best is trial 0 with value: -0.6086958580586874.
[I 2026-07-24 02:07:01,036] Trial 131 finished with value: 0.43425140425395803 and parameters: {'k1': 8.395798608028663e-05, 'D_low': 135.42229965245087, 'k2': 0.023212390058606654, 'D_high': 334538.21504338126, 'fire_exp': 2.7815248457781836, 'P_half': 49.663628801958204, 'pre_dampen_half': 312.12269455450075, 'gpp_af': 0.20254538142810988, 'gpp_b': 0.0001182634472590786, 'gpp_d': 9.080099663321121, 'ign_k': 0.021020288854309628, 'ign_c': 0.1626138847831364, 'trop_agb_crit': 24.3191132019731, 'trop_k_veg': 1.200898062087285, 'gdp_gamma': 0.001057779482988714, 'fuel_k': 4.502734292644839, 'fuel_half': 0.12241314524642478}. Best is trial 0 with value: -0.6086958580586874.
[I 2026-07-24 02:07:01,463] Trial 132 finished with value: -0.593076897884265 and parameters: {'k1': 8.351108350070702e-05, 'D_low': 11.682138006447131, 'k2': 0.006355441823154132, 'D_high': 443097.75348363107, 'fire_exp': 4.0240160241033855, 'P_half': 41.076996149862666, 'pre_dampen_half': 12.167596304624835, 'gpp_af': 0.4276414837931638, 'gpp_b': 0.00011521390183274601, 'gpp_d': 11.229041306411922, 'ign_k': 0.14653745197495605, 'ign_c': 4.600155754332769, 'trop_agb_crit': 16.038549838695346, 'trop_k_veg': 1.1052864401115445, 'gdp_gamma': 0.0010954624068161328, 'fuel_k': 2.0121445681138534, 'fuel_half': 0.15656074040543583}. Best is trial 0 with value: -0.6086958580586874.
[I 2026-07-24 02:07:01,889] Trial 133 finished with value: 0.6066732954538567 and parameters: {'k1': 0.0034126270797590614, 'D_low': 25644.922569477512, 'k2': 0.01411767001126146, 'D_high': 1083413.498511268, 'fire_exp': 1.3561811311804344, 'P_half': 9.055207474954535, 'pre_dampen_half': 4.172028043862571, 'gpp_af': 0.5949242183182716, 'gpp_b': 3.418297170915147e-05, 'gpp_d': 5.006809961412704, 'ign_k': 0.020777814938344553, 'ign_c': 805.6128304357986, 'trop_agb_crit': 12.39980717463267, 'trop_k_veg': 1.2352054100473544, 'gdp_gamma': 0.7510703597172149, 'fuel_k': 0.07301034418319108, 'fuel_half': 90.07280839576043}. Best is trial 0 with value: -0.6086958580586874.
[I 2026-07-24 02:07:02,311] Trial 134 finished with value: 0.4338397431195078 and parameters: {'k1': 0.002080615497404023, 'D_low': 1330.9291609484706, 'k2': 0.018108525562290343, 'D_high': 250324.0677356435, 'fire_exp': 2.3826399275541577, 'P_half': 1.4840501063814613, 'pre_dampen_half': 126.41263031254122, 'gpp_af': 0.004480764771385682, 'gpp_b': 0.0010345749466949934, 'gpp_d': 2.5230455775632374, 'ign_k': 0.003775200725183712, 'ign_c': 1.4105141265238303, 'trop_agb_crit': 9.876353723626316, 'trop_k_veg': 0.5377694335489746, 'gdp_gamma': 0.9055553488220631, 'fuel_k': 0.0940792774901026, 'fuel_half': 5.444994280537976}. Best is trial 0 with value: -0.6086958580586874.
[I 2026-07-24 02:07:02,736] Trial 135 finished with value: 0.49668319509591663 and parameters: {'k1': 3.720911397302794e-05, 'D_low': 5.77423122617717, 'k2': 0.006370438028155314, 'D_high': 4738717.099588739, 'fire_exp': 3.5814842651268814, 'P_half': 11.894514038937746, 'pre_dampen_half': 83.8155905805591, 'gpp_af': 0.13454176616861865, 'gpp_b': 0.00014234530261853407, 'gpp_d': 3.496000333966899, 'ign_k': 0.20324739657873225, 'ign_c': 22.172497894875505, 'trop_agb_crit': 28.424276550724322, 'trop_k_veg': 1.7308221443295595, 'gdp_gamma': 0.0011225212517047393, 'fuel_k': 1.5040334847795076, 'fuel_half': 0.17058186228969488}. Best is trial 0 with value: -0.6086958580586874.
[I 2026-07-24 02:07:03,174] Trial 136 finished with value: 0.5731175840153375 and parameters: {'k1': 0.0033630247951861765, 'D_low': 2541.9223082775343, 'k2': 0.007774268709060087, 'D_high': 904431.9686449721, 'fire_exp': 1.3425321231561183, 'P_half': 1.500070450330578, 'pre_dampen_half': 0.19725182975113167, 'gpp_af': 2.12678129370715, 'gpp_b': 0.012426314881055375, 'gpp_d': 1.1356640402270919, 'ign_k': 0.0026109950675089234, 'ign_c': 232.8375570874747, 'trop_agb_crit': 3.1018843028281684, 'trop_k_veg': 2.6488263384094983, 'gdp_gamma': 0.08346638070329668, 'fuel_k': 0.0709145903540824, 'fuel_half': 3.1442014638725277}. Best is trial 0 with value: -0.6086958580586874.
[I 2026-07-24 02:07:03,604] Trial 137 finished with value: 0.5459193805515374 and parameters: {'k1': 3.891090367992133e-05, 'D_low': 1252.3931364299276, 'k2': 0.0005138301931481704, 'D_high': 1825515.6460039031, 'fire_exp': 1.0762375321455324, 'P_half': 76.1207602472419, 'pre_dampen_half': 0.29418332995527474, 'gpp_af': 0.29945072896477753, 'gpp_b': 0.004815085217670473, 'gpp_d': 14.806809765739306, 'ign_k': 0.006094334984706745, 'ign_c': 103.25734128328436, 'trop_agb_crit': 10.155112955525714, 'trop_k_veg': 0.7162113323045292, 'gdp_gamma': 0.15182634785163135, 'fuel_k': 0.08359735772132747, 'fuel_half': 4.011499933146662}. Best is trial 0 with value: -0.6086958580586874.
[I 2026-07-24 02:07:04,036] Trial 138 finished with value: 0.5856793162554009 and parameters: {'k1': 1.4988335812332905e-05, 'D_low': 2.9792692362697557, 'k2': 0.012445100612921575, 'D_high': 376743.55534407764, 'fire_exp': 4.154943448552481, 'P_half': 3.593045885221946, 'pre_dampen_half': 339.00826667672754, 'gpp_af': 0.031621953493255035, 'gpp_b': 0.00026013291352199893, 'gpp_d': 625.2765442030405, 'ign_k': 0.0012010932523897776, 'ign_c': 6.959409641258901, 'trop_agb_crit': 4.549729194880567, 'trop_k_veg': 0.7484540555446284, 'gdp_gamma': 0.9315431520601059, 'fuel_k': 0.12910839949672678, 'fuel_half': 6.352523461465757}. Best is trial 0 with value: -0.6086958580586874.
[I 2026-07-24 02:07:04,466] Trial 139 finished with value: 0.5734575345337646 and parameters: {'k1': 4.223423690159241e-05, 'D_low': 26.90198778943985, 'k2': 0.003767286753475975, 'D_high': 476723.33728807, 'fire_exp': 3.6090460849599624, 'P_half': 325.78078282532925, 'pre_dampen_half': 7.7299920614447855, 'gpp_af': 0.00535107897716983, 'gpp_b': 1.1518704265011601e-05, 'gpp_d': 52.26696658765408, 'ign_k': 0.047671223317543185, 'ign_c': 17.70876546912237, 'trop_agb_crit': 21.1238973449924, 'trop_k_veg': 0.9873150290439433, 'gdp_gamma': 0.0013811632764757832, 'fuel_k': 2.986641756415754, 'fuel_half': 0.12832059185618616}. Best is trial 0 with value: -0.6086958580586874.
[I 2026-07-24 02:07:04,900] Trial 140 finished with value: -0.601484031709691 and parameters: {'k1': 0.01929456330336227, 'D_low': 39.78569028952901, 'k2': 0.04821110249855812, 'D_high': 114196.37444052182, 'fire_exp': 1.3196854835226899, 'P_half': 1712.5833341543278, 'pre_dampen_half': 18.211129158789923, 'gpp_af': 0.0607759433903866, 'gpp_b': 3.511579757312656e-05, 'gpp_d': 120.83135737558261, 'ign_k': 0.0020727094844348076, 'ign_c': 6.700342050144449, 'trop_agb_crit': 4.897904039749469, 'trop_k_veg': 0.7054947511275818, 'gdp_gamma': 1.2637527510400455, 'fuel_k': 0.018024515133876404, 'fuel_half': 63.63444978544017}. Best is trial 0 with value: -0.6086958580586874.
[I 2026-07-24 02:07:05,330] Trial 141 finished with value: -0.5500058546046962 and parameters: {'k1': 0.02293139634299574, 'D_low': 2839.8560454038998, 'k2': 0.011670797851503795, 'D_high': 7174466.06734833, 'fire_exp': 1.1535532617072755, 'P_half': 7.503373544502083, 'pre_dampen_half': 3.931359641379908, 'gpp_af': 1.0846881535355566, 'gpp_b': 0.0011493035284008764, 'gpp_d': 12.213775635037948, 'ign_k': 0.0016676756626128038, 'ign_c': 15.441098014693392, 'trop_agb_crit': 8.217529741246977, 'trop_k_veg': 0.5546689384238845, 'gdp_gamma': 0.09777075117087067, 'fuel_k': 0.18410258427036186, 'fuel_half': 31.69731358207432}. Best is trial 0 with value: -0.6086958580586874.
[I 2026-07-24 02:07:05,786] Trial 142 finished with value: 0.439500678561323 and parameters: {'k1': 0.014647192330320231, 'D_low': 400.1104071514472, 'k2': 0.001921863831127698, 'D_high': 22877.728482756018, 'fire_exp': 1.226018481500139, 'P_half': 1421.5325999866473, 'pre_dampen_half': 15.259949635177934, 'gpp_af': 0.011878556209989528, 'gpp_b': 7.990126326970898e-05, 'gpp_d': 109.79045201540116, 'ign_k': 0.0037949339460305424, 'ign_c': 27.297652470515523, 'trop_agb_crit': 7.229565852596107, 'trop_k_veg': 1.1788633563264381, 'gdp_gamma': 1.0244725550435616, 'fuel_k': 0.059778933597946934, 'fuel_half': 66.84824194244035}. Best is trial 0 with value: -0.6086958580586874.
[I 2026-07-24 02:07:06,218] Trial 143 finished with value: 0.551242507040188 and parameters: {'k1': 0.06645663686916839, 'D_low': 12999.988269312651, 'k2': 0.016422988360678185, 'D_high': 378973.98800133326, 'fire_exp': 1.1017628127737118, 'P_half': 1.8365989352678718, 'pre_dampen_half': 2.68160230175394, 'gpp_af': 6.69824768322661, 'gpp_b': 0.030649265308444442, 'gpp_d': 75.43992766878645, 'ign_k': 0.17056681186237724, 'ign_c': 16.49239714906891, 'trop_agb_crit': 6.580368283058112, 'trop_k_veg': 0.7887513618339007, 'gdp_gamma': 0.8414187571730802, 'fuel_k': 0.10048055841237083, 'fuel_half': 5.620596566594949}. Best is trial 0 with value: -0.6086958580586874.
[I 2026-07-24 02:07:06,651] Trial 144 finished with value: -0.47322806214604174 and parameters: {'k1': 0.014523583238959232, 'D_low': 3664.0809707362923, 'k2': 0.0020980174544274867, 'D_high': 1017843.476819019, 'fire_exp': 1.1973103577022002, 'P_half': 14.035774095935007, 'pre_dampen_half': 6.507186296652096, 'gpp_af': 3.225483744430664, 'gpp_b': 0.00010830472556435907, 'gpp_d': 0.3799266190825781, 'ign_k': 0.005799518665624691, 'ign_c': 26.193908607259328, 'trop_agb_crit': 5.218790206037451, 'trop_k_veg': 0.8369656293550933, 'gdp_gamma': 0.09392287114237818, 'fuel_k': 0.9285295627606027, 'fuel_half': 12.648202273096855}. Best is trial 0 with value: -0.6086958580586874.
[I 2026-07-24 02:07:07,083] Trial 145 finished with value: 0.5014399895635554 and parameters: {'k1': 0.01706174574527086, 'D_low': 17863.237871574423, 'k2': 0.07024680014861735, 'D_high': 7039039.848628605, 'fire_exp': 1.0954647996668583, 'P_half': 4.5150197476650265, 'pre_dampen_half': 4.3447644881721805, 'gpp_af': 1.3909568485570667, 'gpp_b': 0.0007336163119417649, 'gpp_d': 259.9286222860574, 'ign_k': 0.007457677774000532, 'ign_c': 34.293527951818156, 'trop_agb_crit': 3.7462152629708445, 'trop_k_veg': 0.8642155473129655, 'gdp_gamma': 0.009081671264813039, 'fuel_k': 0.30859512613395806, 'fuel_half': 19.209155799843245}. Best is trial 0 with value: -0.6086958580586874.
[I 2026-07-24 02:07:07,515] Trial 146 finished with value: -0.5539042614807517 and parameters: {'k1': 0.04789046396236598, 'D_low': 16602.88074645939, 'k2': 0.0012033512443331352, 'D_high': 1808086.6285053769, 'fire_exp': 1.0386500754000136, 'P_half': 10.559030656860456, 'pre_dampen_half': 73.30285544996983, 'gpp_af': 5.039230635256234, 'gpp_b': 0.007814870152622383, 'gpp_d': 361.9979189531599, 'ign_k': 0.002010893401579332, 'ign_c': 5.260156910997104, 'trop_agb_crit': 18.223838406595444, 'trop_k_veg': 0.6430377484309706, 'gdp_gamma': 0.17137579693127405, 'fuel_k': 0.0598560432650726, 'fuel_half': 6.433210729984336}. Best is trial 0 with value: -0.6086958580586874.
[I 2026-07-24 02:07:07,947] Trial 147 finished with value: 0.5194950034339171 and parameters: {'k1': 0.018661253651794097, 'D_low': 16723.50126971537, 'k2': 0.0005296299446214893, 'D_high': 6433283.907554109, 'fire_exp': 1.572864381911347, 'P_half': 19.643445810515157, 'pre_dampen_half': 197.01007647615688, 'gpp_af': 3.573527185498878, 'gpp_b': 0.02745505263747214, 'gpp_d': 60.39504035380515, 'ign_k': 0.002695192912447578, 'ign_c': 1.2268687864639234, 'trop_agb_crit': 28.92194435839661, 'trop_k_veg': 0.5099853121412979, 'gdp_gamma': 0.02039955616931529, 'fuel_k': 0.04740857420822572, 'fuel_half': 3.7628021521318655}. Best is trial 0 with value: -0.6086958580586874.
[I 2026-07-24 02:07:08,381] Trial 148 finished with value: 0.5710354527212993 and parameters: {'k1': 0.004977863742868524, 'D_low': 3.7910371578202433, 'k2': 0.014840140747675798, 'D_high': 29347.59478865091, 'fire_exp': 1.0778982211499537, 'P_half': 6483.660098172886, 'pre_dampen_half': 3.8623319628233963, 'gpp_af': 0.08526536212562887, 'gpp_b': 4.744235862212768e-05, 'gpp_d': 8.226326220695245, 'ign_k': 0.002132527021847718, 'ign_c': 1.063202298582797, 'trop_agb_crit': 4.01276972818932, 'trop_k_veg': 1.9851922601316156, 'gdp_gamma': 0.4220260820163216, 'fuel_k': 0.045095268455710345, 'fuel_half': 29.294074796647042}. Best is trial 0 with value: -0.6086958580586874.
[I 2026-07-24 02:07:08,815] Trial 149 finished with value: 0.5225270999948225 and parameters: {'k1': 0.03191568132214245, 'D_low': 42.27155476656763, 'k2': 0.09911608065566306, 'D_high': 94371.91808241658, 'fire_exp': 1.4442776742020316, 'P_half': 1017.3004802942555, 'pre_dampen_half': 0.30540593800370175, 'gpp_af': 0.27464998299113125, 'gpp_b': 4.1189496071574126e-05, 'gpp_d': 99.46767802954604, 'ign_k': 0.001959298205644231, 'ign_c': 4.575387615090293, 'trop_agb_crit': 8.064655596865652, 'trop_k_veg': 0.5156116555627577, 'gdp_gamma': 1.1459578458747073, 'fuel_k': 0.07377045779308994, 'fuel_half': 23.200121239479042}. Best is trial 0 with value: -0.6086958580586874.
[I 2026-07-24 02:07:09,253] Trial 150 finished with value: -0.5621757424917194 and parameters: {'k1': 3.720902046892743e-05, 'D_low': 80.58826692041791, 'k2': 0.09821194742830852, 'D_high': 7869790.654281458, 'fire_exp': 2.089484083045928, 'P_half': 1.810696662527962, 'pre_dampen_half': 336.1251621310859, 'gpp_af': 0.010617042406948518, 'gpp_b': 0.0014548294690291703, 'gpp_d': 288.93780409090664, 'ign_k': 0.023625542938905283, 'ign_c': 18.869466918826383, 'trop_agb_crit': 15.203825405835806, 'trop_k_veg': 0.651710900550688, 'gdp_gamma': 0.6627458655976135, 'fuel_k': 0.04937252737886621, 'fuel_half': 27.43500874902719}. Best is trial 0 with value: -0.6086958580586874.
[I 2026-07-24 02:07:09,691] Trial 151 finished with value: 0.6134035784677364 and parameters: {'k1': 3.359112891510019e-05, 'D_low': 39211.95622547736, 'k2': 0.006291770964841437, 'D_high': 533007.4113649151, 'fire_exp': 2.027794513740795, 'P_half': 7.206621254804441, 'pre_dampen_half': 59.125757918323416, 'gpp_af': 0.19907594793517353, 'gpp_b': 0.0026051286081236855, 'gpp_d': 330.1472645264965, 'ign_k': 0.5130448702988747, 'ign_c': 38.29185968417492, 'trop_agb_crit': 17.64046297282661, 'trop_k_veg': 0.7641610528700904, 'gdp_gamma': 0.8503436849555479, 'fuel_k': 0.03516772378625065, 'fuel_half': 19.897613059084556}. Best is trial 0 with value: -0.6086958580586874.
[I 2026-07-24 02:07:10,122] Trial 152 finished with value: 0.5974563119086996 and parameters: {'k1': 0.0019913013339399057, 'D_low': 64.80521557498436, 'k2': 0.00014167319352826962, 'D_high': 643114.525206108, 'fire_exp': 4.504451856551282, 'P_half': 35.337093529440594, 'pre_dampen_half': 592.7882445791939, 'gpp_af': 0.02705958080375732, 'gpp_b': 0.00032171005526223127, 'gpp_d': 55.203814404075665, 'ign_k': 0.23549499721251385, 'ign_c': 2.182991071186339, 'trop_agb_crit': 27.509564535934484, 'trop_k_veg': 0.8523854188454681, 'gdp_gamma': 0.005403789492987187, 'fuel_k': 2.2376266635149182, 'fuel_half': 0.1990452746412464}. Best is trial 0 with value: -0.6086958580586874.
[I 2026-07-24 02:07:10,551] Trial 153 finished with value: 0.48620455968558207 and parameters: {'k1': 8.522456695842332e-05, 'D_low': 2.1733000869019183, 'k2': 0.07166882510930822, 'D_high': 2694035.1568984413, 'fire_exp': 2.1612439731281943, 'P_half': 1.2603349543583526, 'pre_dampen_half': 67.46755004030791, 'gpp_af': 0.0012016010605903, 'gpp_b': 0.0003577109429801655, 'gpp_d': 163.76099187584882, 'ign_k': 0.03235040368171339, 'ign_c': 2.613871230709662, 'trop_agb_crit': 23.37686719553444, 'trop_k_veg': 0.8026871834710952, 'gdp_gamma': 0.2908059489677139, 'fuel_k': 0.012928565019951321, 'fuel_half': 18.47353496501603}. Best is trial 0 with value: -0.6086958580586874.
[I 2026-07-24 02:07:10,985] Trial 154 finished with value: 0.5544648476642472 and parameters: {'k1': 0.04658162532774378, 'D_low': 6301.834760896687, 'k2': 0.0030882026146457258, 'D_high': 52270.646792664746, 'fire_exp': 1.8686500608511447, 'P_half': 14.824283573246653, 'pre_dampen_half': 103.94134721167042, 'gpp_af': 6.55019465445744, 'gpp_b': 0.00017481058537136026, 'gpp_d': 563.7719465200219, 'ign_k': 0.015876830431908892, 'ign_c': 37.26553653833225, 'trop_agb_crit': 24.224196728437295, 'trop_k_veg': 0.6248541391932935, 'gdp_gamma': 0.08937714197775201, 'fuel_k': 0.0636679500499363, 'fuel_half': 2.5134011921115347}. Best is trial 0 with value: -0.6086958580586874.
[I 2026-07-24 02:07:11,414] Trial 155 finished with value: 0.6014289798147148 and parameters: {'k1': 3.090776721829452e-05, 'D_low': 403.73541805452356, 'k2': 0.019102713358689346, 'D_high': 2902245.3370023477, 'fire_exp': 2.67046780896178, 'P_half': 3.6543205549871525, 'pre_dampen_half': 139.88176224352225, 'gpp_af': 0.014257103261350558, 'gpp_b': 0.00010053202507083853, 'gpp_d': 68.44066004721294, 'ign_k': 0.06100165646809431, 'ign_c': 95.68603123089134, 'trop_agb_crit': 12.919871097685194, 'trop_k_veg': 0.697781463189999, 'gdp_gamma': 0.19294325246287566, 'fuel_k': 0.03134058698735625, 'fuel_half': 24.987608552358186}. Best is trial 0 with value: -0.6086958580586874.
[I 2026-07-24 02:07:11,848] Trial 156 finished with value: 0.5332408805631444 and parameters: {'k1': 0.05158744183362641, 'D_low': 16818.720176448056, 'k2': 0.0029768312844997685, 'D_high': 8818053.611129904, 'fire_exp': 1.0434014138083858, 'P_half': 1.114881135072842, 'pre_dampen_half': 0.9627355519796381, 'gpp_af': 4.37058849388018, 'gpp_b': 0.001868251543671526, 'gpp_d': 0.41609640910005985, 'ign_k': 0.0013748695706730517, 'ign_c': 12.465380699100123, 'trop_agb_crit': 5.792911131519654, 'trop_k_veg': 1.135942908986956, 'gdp_gamma': 1.8503619434200833, 'fuel_k': 0.10851178798294703, 'fuel_half': 54.63690938708495}. Best is trial 0 with value: -0.6086958580586874.
[I 2026-07-24 02:07:12,277] Trial 157 finished with value: -0.5447026709204704 and parameters: {'k1': 0.0450970476703361, 'D_low': 20992.51260065575, 'k2': 0.0008958809103757759, 'D_high': 867836.6026026745, 'fire_exp': 1.0022313514527321, 'P_half': 1.6078775744266813, 'pre_dampen_half': 29.182541412680898, 'gpp_af': 0.553011941471113, 'gpp_b': 0.0033976528685633746, 'gpp_d': 83.83517799431152, 'ign_k': 0.0041375007864611875, 'ign_c': 2.992057812422331, 'trop_agb_crit': 21.244747143706235, 'trop_k_veg': 1.002926680907567, 'gdp_gamma': 0.10783727553814271, 'fuel_k': 0.02886766601986201, 'fuel_half': 7.720292116506025}. Best is trial 0 with value: -0.6086958580586874.
[I 2026-07-24 02:07:12,709] Trial 158 finished with value: 0.641978096251914 and parameters: {'k1': 0.07038081457417086, 'D_low': 364154.8191157154, 'k2': 0.0027789675012080935, 'D_high': 558871.4384985506, 'fire_exp': 1.0552140744783762, 'P_half': 1.0186839086939228, 'pre_dampen_half': 329.36099003290684, 'gpp_af': 0.006668501208630506, 'gpp_b': 0.01172199591990629, 'gpp_d': 4.036908619340925, 'ign_k': 0.10683925876298309, 'ign_c': 0.7867575499196683, 'trop_agb_crit': 11.680041531745402, 'trop_k_veg': 0.711960749532797, 'gdp_gamma': 0.01729363662106436, 'fuel_k': 0.024858752658266477, 'fuel_half': 4.126509391516131}. Best is trial 0 with value: -0.6086958580586874.
[I 2026-07-24 02:07:13,151] Trial 159 finished with value: 0.5874383150594318 and parameters: {'k1': 0.033779395944748124, 'D_low': 1.2979204981714685, 'k2': 0.030124597493325293, 'D_high': 66522.91990462103, 'fire_exp': 2.0461185547068723, 'P_half': 6114.667693876495, 'pre_dampen_half': 32.450343506798774, 'gpp_af': 0.2689654194447885, 'gpp_b': 2.2408184179388344e-05, 'gpp_d': 157.91968224330662, 'ign_k': 0.001128199137909626, 'ign_c': 2.773774346244678, 'trop_agb_crit': 2.5314598622671287, 'trop_k_veg': 0.5646964250593045, 'gdp_gamma': 1.0798618593947273, 'fuel_k': 0.015595390079607953, 'fuel_half': 86.76295398965718}. Best is trial 0 with value: -0.6086958580586874.
