[I 2026-07-25 00:34:14,440] Trial 629 finished with value: 0.5970888128962347 and parameters: {'k1': 0.000536399754925247, 'D_low': 828.5276276886243, 'k2': 0.00021244794976885172, 'D_high': 11187.442425100398, 'fire_exp': 1.4740707168306275, 'P_half': 88.44184518968417, 'pre_dampen_half': 0.15173947155999082, 'gpp_af': 0.10466500651581474, 'gpp_b': 0.5737117077806976, 'gpp_d': 0.018208666982814998, 'ign_k': 0.009532374059811206, 'ign_c': 0.19943033575990812, 'trop_agb_crit': 15.357251901442254, 'trop_k_veg': 3.809426894732338, 'gdp_gamma': 1.1227167646668779, 'cure_k': 0.005101746890659794, 'cure_p_min': 372.74624687270864, 'cure_gpp_ref': 0.5419076538903128, 'cure_agb_crit': 2.3819579215456836, 'fuel_k': 0.02373741744320261, 'fuel_half': 0.11201597314562971}. Best is trial 577 with value: -0.629883323094065.
[I 2026-07-25 00:34:14,899] Trial 630 finished with value: 0.5482310703804574 and parameters: {'k1': 0.018109818634432413, 'D_low': 1841.2737432893605, 'k2': 6.673083028660541e-05, 'D_high': 4829.628684570222, 'fire_exp': 2.608690617073946, 'P_half': 17.126131607644524, 'pre_dampen_half': 0.050802928772410993, 'gpp_af': 0.20395215893407312, 'gpp_b': 0.017424653763745995, 'gpp_d': 1.6557158022149858, 'ign_k': 0.1750153112813158, 'ign_c': 1.6149650038423147, 'trop_agb_crit': 10.674453006703207, 'trop_k_veg': 3.6761075733532755, 'gdp_gamma': 0.07794000445433912, 'cure_k': 0.12049167524583386, 'cure_p_min': 238.645066376807, 'cure_gpp_ref': 1.6473167614257946, 'cure_agb_crit': 2.662328314866125, 'fuel_k': 0.019566224925847663, 'fuel_half': 0.2446811775125403}. Best is trial 577 with value: -0.629883323094065.
[I 2026-07-25 00:34:15,351] Trial 631 finished with value: 0.5611680846847964 and parameters: {'k1': 6.002775796794748e-05, 'D_low': 6431.742965566271, 'k2': 3.2179079585534165e-05, 'D_high': 7609508.288853379, 'fire_exp': 4.03382351270407, 'P_half': 15.743662933489702, 'pre_dampen_half': 0.08989729193425058, 'gpp_af': 0.002601988512987289, 'gpp_b': 0.005039000565752052, 'gpp_d': 17.887722441915123, 'ign_k': 0.07890817501256311, 'ign_c': 2.2040164120355183, 'trop_agb_crit': 2.1540414778914303, 'trop_k_veg': 0.5790167174792977, 'gdp_gamma': 1.6817013093301192, 'cure_k': 0.5478335404318382, 'cure_p_min': 361.7308051075829, 'cure_gpp_ref': 0.07115760760156263, 'cure_agb_crit': 3.1193737911321846, 'fuel_k': 0.01940256789503019, 'fuel_half': 2.2735860366770613}. Best is trial 577 with value: -0.629883323094065.
[I 2026-07-25 00:34:15,810] Trial 632 finished with value: 0.5852504339301452 and parameters: {'k1': 0.00020208879969823242, 'D_low': 279.3533378939964, 'k2': 0.0009758866398867818, 'D_high': 802804.7247136651, 'fire_exp': 1.2085694512324465, 'P_half': 2351.1789630426565, 'pre_dampen_half': 0.029335319567852312, 'gpp_af': 99.98002666708126, 'gpp_b': 2.826006526340068e-05, 'gpp_d': 21.23988316251794, 'ign_k': 0.1650309636575849, 'ign_c': 0.8977002316232252, 'trop_agb_crit': 11.452450626903738, 'trop_k_veg': 1.21134667382811, 'gdp_gamma': 0.11313013026049876, 'cure_k': 0.008784724712450254, 'cure_p_min': 381.3040019718163, 'cure_gpp_ref': 0.19924953640413193, 'cure_agb_crit': 6.740195040094195, 'fuel_k': 0.041104285790255234, 'fuel_half': 0.1327368273210255}. Best is trial 577 with value: -0.629883323094065.
[I 2026-07-25 00:34:16,272] Trial 633 finished with value: 0.5086787920380326 and parameters: {'k1': 0.002861587440376953, 'D_low': 79485.03484662325, 'k2': 6.388603499378094e-05, 'D_high': 1098845.2018092212, 'fire_exp': 1.3671108559667227, 'P_half': 979.0575624132492, 'pre_dampen_half': 0.24745455367603242, 'gpp_af': 1.3409943901482986, 'gpp_b': 0.0014590293677382757, 'gpp_d': 0.09560527163318049, 'ign_k': 0.037466092536764604, 'ign_c': 0.9819410311010024, 'trop_agb_crit': 14.592211859816063, 'trop_k_veg': 3.7117540657430284, 'gdp_gamma': 1.6692241267783592, 'cure_k': 0.032409673972961454, 'cure_p_min': 360.9662010280498, 'cure_gpp_ref': 1.4879952753044392, 'cure_agb_crit': 3.105088621848971, 'fuel_k': 0.09469298829520773, 'fuel_half': 0.4327972001918301}. Best is trial 577 with value: -0.629883323094065.
[I 2026-07-25 00:34:16,724] Trial 634 finished with value: 0.5657631173351685 and parameters: {'k1': 0.0164062115945018, 'D_low': 4725.420352673331, 'k2': 0.008040044205513505, 'D_high': 39238.040475498994, 'fire_exp': 1.3784726559897862, 'P_half': 31.329962117978866, 'pre_dampen_half': 3.1031444877711816, 'gpp_af': 0.11797715481985353, 'gpp_b': 0.08258851339044906, 'gpp_d': 2.2105917073512926, 'ign_k': 0.005349046427089245, 'ign_c': 0.10835212219325319, 'trop_agb_crit': 26.159419218878984, 'trop_k_veg': 2.8742271928310896, 'gdp_gamma': 0.16433587504314537, 'cure_k': 0.030296211431133868, 'cure_p_min': 308.3186064666381, 'cure_gpp_ref': 0.9665853842004962, 'cure_agb_crit': 3.088686640867708, 'fuel_k': 0.030476350022371933, 'fuel_half': 0.7489231137291821}. Best is trial 577 with value: -0.629883323094065.
[I 2026-07-25 00:34:17,187] Trial 635 finished with value: 0.3987629003775994 and parameters: {'k1': 0.0005233209660949139, 'D_low': 479.2551567447947, 'k2': 0.09839805293332501, 'D_high': 1468025.5076422167, 'fire_exp': 7.763455652443514, 'P_half': 165.73779076443336, 'pre_dampen_half': 2.820770975658969, 'gpp_af': 0.07559621071126633, 'gpp_b': 9.722372018468668e-05, 'gpp_d': 9.559576929962686, 'ign_k': 0.31437256444259243, 'ign_c': 4.458660494166209, 'trop_agb_crit': 20.198654072544283, 'trop_k_veg': 1.4836952021442094, 'gdp_gamma': 1.6400080949682312, 'cure_k': 0.001036936364514614, 'cure_p_min': 135.5365311126486, 'cure_gpp_ref': 0.27758670860099766, 'cure_agb_crit': 4.080529006652426, 'fuel_k': 0.6918497083109735, 'fuel_half': 64.88482218205135}. Best is trial 577 with value: -0.629883323094065.
[I 2026-07-25 00:34:17,649] Trial 636 finished with value: 0.42923721425537376 and parameters: {'k1': 0.002054460808642569, 'D_low': 17.476068941222458, 'k2': 0.00017398161083244162, 'D_high': 270260.76172531943, 'fire_exp': 1.0632434997092743, 'P_half': 22.381888826124587, 'pre_dampen_half': 0.12284275709709298, 'gpp_af': 15.08253291106466, 'gpp_b': 5.033887577996166e-05, 'gpp_d': 971.5835944550021, 'ign_k': 2.0199814781773076, 'ign_c': 20.585276497481583, 'trop_agb_crit': 16.388562087972918, 'trop_k_veg': 4.147175946261441, 'gdp_gamma': 0.4946281061201039, 'cure_k': 0.026533804180407995, 'cure_p_min': 378.4058230606528, 'cure_gpp_ref': 0.25462820377949613, 'cure_agb_crit': 6.917853782571471, 'fuel_k': 0.027558908365610892, 'fuel_half': 0.19306216475318425}. Best is trial 577 with value: -0.629883323094065.
[I 2026-07-25 00:34:18,108] Trial 637 finished with value: 0.5317753860475734 and parameters: {'k1': 0.0038781526896447685, 'D_low': 553.4753984116428, 'k2': 0.0004965357331414345, 'D_high': 921261.5223150874, 'fire_exp': 1.3225445937890352, 'P_half': 171.2392664477891, 'pre_dampen_half': 0.4444932116396306, 'gpp_af': 5.000444023640263, 'gpp_b': 0.15295752547553437, 'gpp_d': 0.6105368424775625, 'ign_k': 0.007569446619029191, 'ign_c': 2.075249963284409, 'trop_agb_crit': 14.69254060187864, 'trop_k_veg': 2.3693272048730116, 'gdp_gamma': 1.7283442635449386, 'cure_k': 0.014488874308958328, 'cure_p_min': 275.8467149427646, 'cure_gpp_ref': 1.6885856446903742, 'cure_agb_crit': 3.9010050821097964, 'fuel_k': 0.01721317566332057, 'fuel_half': 0.9133562103462458}. Best is trial 577 with value: -0.629883323094065.
[I 2026-07-25 00:34:18,579] Trial 638 finished with value: 0.42937326842131607 and parameters: {'k1': 0.025812592416727207, 'D_low': 20.86461275068057, 'k2': 0.020921830464659782, 'D_high': 1033334.0631205043, 'fire_exp': 1.365913767397518, 'P_half': 1258.2079288904956, 'pre_dampen_half': 566.811137556034, 'gpp_af': 0.04474534398902868, 'gpp_b': 0.00015226062349339, 'gpp_d': 4.484770463658237, 'ign_k': 0.31474415059416655, 'ign_c': 0.6609262573626938, 'trop_agb_crit': 12.153535194156033, 'trop_k_veg': 1.6771302063488494, 'gdp_gamma': 0.32053278509329025, 'cure_k': 0.003942570293710207, 'cure_p_min': 90.22948067916333, 'cure_gpp_ref': 0.24188172492552346, 'cure_agb_crit': 7.4880172954052, 'fuel_k': 0.04114952753318642, 'fuel_half': 26.00515910712686}. Best is trial 577 with value: -0.629883323094065.
[I 2026-07-25 00:34:19,034] Trial 639 finished with value: 0.5047255577137754 and parameters: {'k1': 0.015440642407958815, 'D_low': 1825.640402942391, 'k2': 0.0011354429907452965, 'D_high': 9153539.30442036, 'fire_exp': 3.4968158257135524, 'P_half': 3.469572458366417, 'pre_dampen_half': 3.3882994858117272, 'gpp_af': 0.0015084034277251827, 'gpp_b': 1.0964450446063406e-05, 'gpp_d': 131.98679765308015, 'ign_k': 0.008513426842496724, 'ign_c': 23.88820851883675, 'trop_agb_crit': 24.741767123643502, 'trop_k_veg': 2.3642417457564395, 'gdp_gamma': 1.2386459234563247, 'cure_k': 0.004338062221059269, 'cure_p_min': 82.16384042513697, 'cure_gpp_ref': 0.20359203524892155, 'cure_agb_crit': 6.2119310353774795, 'fuel_k': 0.014267757664537993, 'fuel_half': 8.3662582121306}. Best is trial 577 with value: -0.629883323094065.
[I 2026-07-25 00:34:19,491] Trial 640 finished with value: 0.5751967997098439 and parameters: {'k1': 0.005316946011448264, 'D_low': 277860.3108012887, 'k2': 7.363446479185921e-05, 'D_high': 270690.21486551693, 'fire_exp': 1.43237213597753, 'P_half': 4.4491628123749045, 'pre_dampen_half': 0.8742764099179, 'gpp_af': 0.4310647842577844, 'gpp_b': 0.013375967378326848, 'gpp_d': 0.16094888073142588, 'ign_k': 0.009754218756565122, 'ign_c': 0.657652760466588, 'trop_agb_crit': 22.061852413243987, 'trop_k_veg': 1.1638288558672427, 'gdp_gamma': 0.6149389515402973, 'cure_k': 0.02779427313117352, 'cure_p_min': 343.81749104115875, 'cure_gpp_ref': 0.6757750181204432, 'cure_agb_crit': 6.063075491046307, 'fuel_k': 0.14596069433491293, 'fuel_half': 0.1134636174751941}. Best is trial 577 with value: -0.629883323094065.
[I 2026-07-25 00:34:19,948] Trial 641 finished with value: 0.44385966421924583 and parameters: {'k1': 0.000499286983046809, 'D_low': 1473.0275486778999, 'k2': 0.03929060618504734, 'D_high': 10998.86099649365, 'fire_exp': 1.5271316961418917, 'P_half': 34.2344056623031, 'pre_dampen_half': 8.436693296236367, 'gpp_af': 0.9441828786332342, 'gpp_b': 0.08753591363424769, 'gpp_d': 10.413346471910742, 'ign_k': 0.0044681036622830515, 'ign_c': 2.500046900279119, 'trop_agb_crit': 6.241149698570054, 'trop_k_veg': 1.6451960991480374, 'gdp_gamma': 1.5067929984492, 'cure_k': 0.1390486758159724, 'cure_p_min': 249.11898462661358, 'cure_gpp_ref': 0.3798550506806578, 'cure_agb_crit': 3.2292165087477533, 'fuel_k': 0.2193130524784614, 'fuel_half': 11.81531230244091}. Best is trial 577 with value: -0.629883323094065.
[I 2026-07-25 00:34:20,403] Trial 642 finished with value: 0.584287037803552 and parameters: {'k1': 0.004556885033155328, 'D_low': 379.23568954829517, 'k2': 1.6606260055542164e-05, 'D_high': 3356.9857842171864, 'fire_exp': 1.251216223849335, 'P_half': 1455.4862119138993, 'pre_dampen_half': 4.268399205773108, 'gpp_af': 54.134484554341476, 'gpp_b': 6.0251569044960705e-05, 'gpp_d': 30.091011212641874, 'ign_k': 0.48202740916446224, 'ign_c': 12.949289385692513, 'trop_agb_crit': 7.357281727389169, 'trop_k_veg': 2.233824292321617, 'gdp_gamma': 0.19400199214234756, 'cure_k': 0.002144284714393004, 'cure_p_min': 294.94015187618356, 'cure_gpp_ref': 0.18506442618312877, 'cure_agb_crit': 6.259900829787471, 'fuel_k': 0.35030614402517224, 'fuel_half': 0.47336428919873513}. Best is trial 577 with value: -0.629883323094065.
[I 2026-07-25 00:34:20,869] Trial 643 finished with value: 0.546835332405783 and parameters: {'k1': 0.0012601452450847958, 'D_low': 2102.456691041521, 'k2': 0.024974182675638366, 'D_high': 254595.59027102942, 'fire_exp': 1.0227742677195706, 'P_half': 4.577272534528433, 'pre_dampen_half': 0.020468936877145117, 'gpp_af': 1.7674753289914273, 'gpp_b': 0.0030016258327374653, 'gpp_d': 1.2614881837594594, 'ign_k': 0.002170237362766159, 'ign_c': 16.042572093632142, 'trop_agb_crit': 4.76287713167955, 'trop_k_veg': 4.6015764413095015, 'gdp_gamma': 0.02199943648233972, 'cure_k': 0.052518342373099554, 'cure_p_min': 253.58649499154564, 'cure_gpp_ref': 1.129934748029914, 'cure_agb_crit': 3.0076275121376304, 'fuel_k': 0.1902748897571653, 'fuel_half': 45.366310521480244}. Best is trial 577 with value: -0.629883323094065.
[I 2026-07-25 00:34:21,320] Trial 644 finished with value: 0.515624675178576 and parameters: {'k1': 0.013789531316073975, 'D_low': 1160.3991767329696, 'k2': 3.962299942805244e-05, 'D_high': 79317.69101524283, 'fire_exp': 1.1662405830829619, 'P_half': 28.281060381477005, 'pre_dampen_half': 10.696303654170098, 'gpp_af': 0.7243339633404108, 'gpp_b': 0.012926407982838261, 'gpp_d': 36.947103439633516, 'ign_k': 0.049149903580164515, 'ign_c': 56.8856826256243, 'trop_agb_crit': 6.168474777016419, 'trop_k_veg': 6.342411407940132, 'gdp_gamma': 0.3805311403667586, 'cure_k': 0.018267163679006243, 'cure_p_min': 370.8148680667944, 'cure_gpp_ref': 1.2896789703710005, 'cure_agb_crit': 3.5918631480519583, 'fuel_k': 0.04145584387465944, 'fuel_half': 12.511527743657886}. Best is trial 577 with value: -0.629883323094065.
[I 2026-07-25 00:34:21,778] Trial 645 finished with value: 0.5957833453126591 and parameters: {'k1': 0.023382210385186147, 'D_low': 135786.58571705606, 'k2': 3.034227376472209e-05, 'D_high': 1708.6462010617342, 'fire_exp': 1.0457941935908774, 'P_half': 79.89787744744798, 'pre_dampen_half': 0.1348642019850205, 'gpp_af': 4.226128185920739, 'gpp_b': 0.01067700902196914, 'gpp_d': 3.8272059436590196, 'ign_k': 0.016187008593373967, 'ign_c': 21.321534656599802, 'trop_agb_crit': 23.601157793713334, 'trop_k_veg': 1.9481767765445432, 'gdp_gamma': 1.547119427360923, 'cure_k': 0.004121906547547136, 'cure_p_min': 322.38765416341425, 'cure_gpp_ref': 0.7677018027004721, 'cure_agb_crit': 3.860299929559516, 'fuel_k': 0.10718470690895852, 'fuel_half': 0.6919819141341184}. Best is trial 577 with value: -0.629883323094065.
[I 2026-07-25 00:34:22,239] Trial 646 finished with value: 0.6043757242299611 and parameters: {'k1': 0.001252225378858789, 'D_low': 2568.059317843767, 'k2': 0.00039694303244706025, 'D_high': 3297.45057421696, 'fire_exp': 2.0428144996483204, 'P_half': 467.2809839097932, 'pre_dampen_half': 0.04715790679615939, 'gpp_af': 0.05059961422322135, 'gpp_b': 2.972470377214487, 'gpp_d': 11.410932174769929, 'ign_k': 0.05608943146904635, 'ign_c': 56.71046742317227, 'trop_agb_crit': 20.17951909031799, 'trop_k_veg': 3.0406642017638013, 'gdp_gamma': 0.7413183365231334, 'cure_k': 0.0035474423197905847, 'cure_p_min': 380.1278299670643, 'cure_gpp_ref': 1.278911317976327, 'cure_agb_crit': 4.236775230294235, 'fuel_k': 0.14961992163262297, 'fuel_half': 3.0810327017758627}. Best is trial 577 with value: -0.629883323094065.
[I 2026-07-25 00:34:22,693] Trial 647 finished with value: 0.5815544382660677 and parameters: {'k1': 0.008789100222218566, 'D_low': 3.549446662246074, 'k2': 0.0015322711486394159, 'D_high': 4858.488423764114, 'fire_exp': 3.4703644607510884, 'P_half': 21.77088704427379, 'pre_dampen_half': 3.042075661168612, 'gpp_af': 0.7266661281127038, 'gpp_b': 0.010855185349667494, 'gpp_d': 886.4451438609195, 'ign_k': 0.0044894297499584, 'ign_c': 2.9569214815995357, 'trop_agb_crit': 8.939161206618392, 'trop_k_veg': 6.918136317691059, 'gdp_gamma': 0.07500248333076986, 'cure_k': 0.07404458474245713, 'cure_p_min': 397.6286878597909, 'cure_gpp_ref': 1.1990702860489937, 'cure_agb_crit': 4.452816511288374, 'fuel_k': 0.3632664568607246, 'fuel_half': 4.282025177928342}. Best is trial 577 with value: -0.629883323094065.
[I 2026-07-25 00:34:23,160] Trial 648 finished with value: -0.5781727571130212 and parameters: {'k1': 6.569134361799866e-05, 'D_low': 11670.627991543526, 'k2': 4.691256778842653e-05, 'D_high': 135431.927363845, 'fire_exp': 1.160221024485727, 'P_half': 13.505019844898879, 'pre_dampen_half': 0.3376658446341389, 'gpp_af': 49.9852200378303, 'gpp_b': 1.6213687244687993e-05, 'gpp_d': 328.551726709646, 'ign_k': 0.005384553896074058, 'ign_c': 0.7645658355492873, 'trop_agb_crit': 20.290159909395758, 'trop_k_veg': 1.3034406123701716, 'gdp_gamma': 0.8176874090580581, 'cure_k': 0.0034018764364534943, 'cure_p_min': 398.2485944054752, 'cure_gpp_ref': 1.5223259365032213, 'cure_agb_crit': 7.1320912411709, 'fuel_k': 0.2551324207127368, 'fuel_half': 31.612403355085565}. Best is trial 577 with value: -0.629883323094065.
[I 2026-07-25 00:34:23,614] Trial 649 finished with value: 0.5840287238375488 and parameters: {'k1': 0.0016803663020480617, 'D_low': 32577.39646400107, 'k2': 0.0002907131662918988, 'D_high': 184532.14103941983, 'fire_exp': 1.0569445832461084, 'P_half': 6.795484463903757, 'pre_dampen_half': 0.026947036976498414, 'gpp_af': 0.5967122762363029, 'gpp_b': 0.008071373398133234, 'gpp_d': 20.78466489906196, 'ign_k': 0.046224785144131385, 'ign_c': 0.71999336335305, 'trop_agb_crit': 4.1828381755787625, 'trop_k_veg': 2.079990638104778, 'gdp_gamma': 0.1297708476560822, 'cure_k': 0.0035666419043283793, 'cure_p_min': 340.2343423243409, 'cure_gpp_ref': 0.8000529400756097, 'cure_agb_crit': 2.601562782289627, 'fuel_k': 0.35186485683511093, 'fuel_half': 5.82981723832246}. Best is trial 577 with value: -0.629883323094065.
[I 2026-07-25 00:34:24,095] Trial 650 finished with value: -0.5687541028566722 and parameters: {'k1': 0.0014234484647837257, 'D_low': 8670.861196932445, 'k2': 0.0029543592520825538, 'D_high': 466338.9946801227, 'fire_exp': 1.0162563513717884, 'P_half': 43.20944549866945, 'pre_dampen_half': 0.5172987966175857, 'gpp_af': 8.318348875787942, 'gpp_b': 0.0005182997899401853, 'gpp_d': 83.52237255195706, 'ign_k': 1.4677061703690508, 'ign_c': 8.047750106534712, 'trop_agb_crit': 5.50638416598353, 'trop_k_veg': 4.6537829598039755, 'gdp_gamma': 0.034861379350732045, 'cure_k': 0.01804151141338351, 'cure_p_min': 290.11467706193855, 'cure_gpp_ref': 1.1928026337234123, 'cure_agb_crit': 3.875159312529285, 'fuel_k': 0.6768658532879257, 'fuel_half': 3.2433954019967586}. Best is trial 577 with value: -0.629883323094065.
[I 2026-07-25 00:34:24,575] Trial 651 finished with value: 0.5154731840652369 and parameters: {'k1': 0.0004232407787859425, 'D_low': 11213.649082942056, 'k2': 5.384756546333978e-05, 'D_high': 8928967.142975293, 'fire_exp': 1.1362400949592035, 'P_half': 48.93839523856218, 'pre_dampen_half': 0.2646170837768418, 'gpp_af': 0.7544179121750713, 'gpp_b': 0.20459744310962072, 'gpp_d': 119.86870469988979, 'ign_k': 0.07033222487984181, 'ign_c': 4.04768933620493, 'trop_agb_crit': 7.054663078804235, 'trop_k_veg': 3.2516147926537857, 'gdp_gamma': 0.2935223380471003, 'cure_k': 0.007522759400585583, 'cure_p_min': 379.07105172300885, 'cure_gpp_ref': 1.0939253651501402, 'cure_agb_crit': 6.631431147439553, 'fuel_k': 0.4293810908871463, 'fuel_half': 4.451416860009936}. Best is trial 577 with value: -0.629883323094065.
[I 2026-07-25 00:34:25,033] Trial 652 finished with value: 0.6048016130000242 and parameters: {'k1': 0.01234111464321896, 'D_low': 29.06506076227191, 'k2': 0.013811832496637463, 'D_high': 971970.2741430041, 'fire_exp': 1.1133306277432435, 'P_half': 2227.406459300955, 'pre_dampen_half': 97.5613266580533, 'gpp_af': 0.003609505909769396, 'gpp_b': 1.0073243981302269e-05, 'gpp_d': 220.62186476449008, 'ign_k': 0.10378578977830578, 'ign_c': 78.69763984411722, 'trop_agb_crit': 6.570617904622291, 'trop_k_veg': 1.5320010699851507, 'gdp_gamma': 1.2869902701765923, 'cure_k': 0.004252726087989325, 'cure_p_min': 139.77932745341482, 'cure_gpp_ref': 0.3504992156789635, 'cure_agb_crit': 7.524489319726604, 'fuel_k': 0.025564312994271515, 'fuel_half': 39.8895611579527}. Best is trial 577 with value: -0.629883323094065.
[I 2026-07-25 00:34:25,487] Trial 653 finished with value: 0.586585222772114 and parameters: {'k1': 0.0006431524912192574, 'D_low': 2.6522352714325335, 'k2': 0.0021627073685896287, 'D_high': 33036.44193284305, 'fire_exp': 1.0220381860126204, 'P_half': 3744.9062963100437, 'pre_dampen_half': 0.04972782664335743, 'gpp_af': 5.1937625657256765, 'gpp_b': 3.762163335584976e-05, 'gpp_d': 85.16667365140783, 'ign_k': 0.06483345251746508, 'ign_c': 73.89487514327882, 'trop_agb_crit': 8.47529056992593, 'trop_k_veg': 2.27610477048868, 'gdp_gamma': 0.9706021403501773, 'cure_k': 0.0013513415936244869, 'cure_p_min': 383.45607094340374, 'cure_gpp_ref': 0.14751530577585653, 'cure_agb_crit': 7.196276621104408, 'fuel_k': 0.024474638850480065, 'fuel_half': 0.19167900493696768}. Best is trial 577 with value: -0.629883323094065.
[I 2026-07-25 00:34:25,941] Trial 654 finished with value: 0.41438443147394544 and parameters: {'k1': 0.03986193906007198, 'D_low': 445.3695932028489, 'k2': 0.00017326709886342185, 'D_high': 251445.8330467773, 'fire_exp': 1.6802344572920205, 'P_half': 217.6812961893858, 'pre_dampen_half': 1.5371401653396675, 'gpp_af': 0.39370300360351734, 'gpp_b': 0.002174603070191206, 'gpp_d': 1.8330524172027467, 'ign_k': 0.052696017434235895, 'ign_c': 0.6537933167684918, 'trop_agb_crit': 20.084247975944358, 'trop_k_veg': 2.292424750526238, 'gdp_gamma': 1.6107482215782274, 'cure_k': 0.007148474662407411, 'cure_p_min': 335.6185112940197, 'cure_gpp_ref': 0.9437319146656076, 'cure_agb_crit': 4.466274133654426, 'fuel_k': 0.059151918231920494, 'fuel_half': 0.12238957845985879}. Best is trial 577 with value: -0.629883323094065.
[I 2026-07-25 00:34:26,394] Trial 655 finished with value: 0.6005993918305161 and parameters: {'k1': 0.0002758666774629497, 'D_low': 225.9667536017961, 'k2': 0.035236953692464844, 'D_high': 6750.148168740624, 'fire_exp': 5.189829224527018, 'P_half': 15.1472719341362, 'pre_dampen_half': 0.6677511350562686, 'gpp_af': 19.71429981978305, 'gpp_b': 0.0014717339009557564, 'gpp_d': 254.3733408948526, 'ign_k': 0.09433331668966263, 'ign_c': 0.5373181077672495, 'trop_agb_crit': 16.103298215149696, 'trop_k_veg': 2.52122403458788, 'gdp_gamma': 0.2770491222076773, 'cure_k': 0.00330264140293979, 'cure_p_min': 219.96488622686675, 'cure_gpp_ref': 1.0056779072213884, 'cure_agb_crit': 3.468242917934055, 'fuel_k': 0.18458878326900044, 'fuel_half': 0.3484269681879092}. Best is trial 577 with value: -0.629883323094065.
