[I 2026-08-06 03:10:37,350] Trial 672 finished with values: [10.62741757059969, 10.62741757059969] and parameters: {'k1': 0.00031489116479568613, 'D_low': 29.89885508829526, 'k2': 7.289548160413637e-05, 'D_high': 4320.5783084973755, 'fire_exp': 1.5191397119156032, 'P_half': 10.226988730324324, 'pre_dampen_half': 36.876350096203005, 'gpp_af': 0.05391752791214327, 'gpp_b': 0.0030742893625766146, 'gpp_d': 34.70266988650411, 'ign_k': 1.833717796770998, 'ign_c': 22.126836566118193, 'gdp_gamma': 0.019959893389522657}.
[I 2026-08-06 03:10:39,033] Trial 673 finished with values: [10.182620541905921, 10.182620541905921] and parameters: {'k1': 0.0030285741098956273, 'D_low': 402.6538983819271, 'k2': 0.00020222983754231334, 'D_high': 35.11445258128688, 'fire_exp': 1.0881360604103363, 'P_half': 25.255166452944085, 'pre_dampen_half': 36.876350096203005, 'gpp_af': 0.09145768948268033, 'gpp_b': 0.0030742893625766146, 'gpp_d': 10.931606102061748, 'ign_k': 0.37424230019851973, 'ign_c': 11.77190025324203, 'gdp_gamma': 0.3862443158940324}.
[I 2026-08-06 03:10:41,000] Trial 674 finished with values: [10.778835096718298, 10.778835096718298] and parameters: {'k1': 0.0002191739661157602, 'D_low': 29.89885508829526, 'k2': 0.00014001191914113747, 'D_high': 21863.563449420166, 'fire_exp': 1.4322493718230251, 'P_half': 1.2765717873951687, 'pre_dampen_half': 397.4459556835019, 'gpp_af': 0.05391752791214327, 'gpp_b': 0.0012070331879029856, 'gpp_d': 10.931606102061748, 'ign_k': 0.37424230019851973, 'ign_c': 22.126836566118193, 'gdp_gamma': 1.8068697350278546}.
[I 2026-08-06 03:10:42,486] Trial 675 finished with values: [-0.5809086759329237, 0.15006225990527344] and parameters: {'k1': 0.0030285741098956273, 'D_low': 29.89885508829526, 'k2': 2.6691447170887788e-05, 'D_high': 35.11445258128688, 'fire_exp': 1.0881360604103363, 'P_half': 25.255166452944085, 'pre_dampen_half': 36.876350096203005, 'gpp_af': 0.09145768948268033, 'gpp_b': 0.004215504256370331, 'gpp_d': 331.7366635899375, 'ign_k': 0.37424230019851973, 'ign_c': 6.807874826564585, 'gdp_gamma': 0.3862443158940324}.
[I 2026-08-06 03:10:44,167] Trial 676 finished with values: [-0.5549247096348191, 0.18160633335393406] and parameters: {'k1': 0.0030285741098956273, 'D_low': 1.1102341430568343, 'k2': 4.484744524732793e-05, 'D_high': 21863.563449420166, 'fire_exp': 1.5191397119156032, 'P_half': 25.255166452944085, 'pre_dampen_half': 129.7187644086357, 'gpp_af': 0.09145768948268033, 'gpp_b': 0.0025797966927081192, 'gpp_d': 10.931606102061748, 'ign_k': 0.37424230019851973, 'ign_c': 8.308114652888387, 'gdp_gamma': 0.11787300531243229}.
[I 2026-08-06 03:10:45,863] Trial 677 finished with values: [10.174156844730856, 10.174156844730856] and parameters: {'k1': 0.0030285741098956273, 'D_low': 29.89885508829526, 'k2': 0.0007492772870670282, 'D_high': 13.670484737132345, 'fire_exp': 1.4322493718230251, 'P_half': 1.2765717873951687, 'pre_dampen_half': 36.876350096203005, 'gpp_af': 0.05391752791214327, 'gpp_b': 0.0012070331879029856, 'gpp_d': 0.48359183418131724, 'ign_k': 0.37424230019851973, 'ign_c': 0.5351452349843333, 'gdp_gamma': 0.7366679513906507}.
[I 2026-08-06 03:10:47,500] Trial 678 finished with values: [10.553468644030286, 10.553468644030286] and parameters: {'k1': 0.0030285741098956273, 'D_low': 29.89885508829526, 'k2': 0.0007081721844034209, 'D_high': 2970.7920514735997, 'fire_exp': 1.5191397119156032, 'P_half': 10.226988730324324, 'pre_dampen_half': 129.7187644086357, 'gpp_af': 0.017832592720985762, 'gpp_b': 0.08852620105022933, 'gpp_d': 10.931606102061748, 'ign_k': 1.2021930484915047, 'ign_c': 22.126836566118193, 'gdp_gamma': 1.8068697350278546}.
[I 2026-08-06 03:10:48,842] Trial 679 finished with values: [-0.515249395416187, 0.1387921874970669] and parameters: {'k1': 0.0030285741098956273, 'D_low': 1.1102341430568343, 'k2': 0.03820259936390116, 'D_high': 3103.604223881661, 'fire_exp': 1.2621840161507252, 'P_half': 1.2765717873951687, 'pre_dampen_half': 36.876350096203005, 'gpp_af': 0.05391752791214327, 'gpp_b': 0.0030742893625766146, 'gpp_d': 993.2729967680125, 'ign_k': 0.002115412774188856, 'ign_c': 6.807874826564585, 'gdp_gamma': 0.2630438044620524}.
[I 2026-08-06 03:10:50,044] Trial 680 finished with values: [10.554188352694657, 10.554188352694657] and parameters: {'k1': 0.0002191739661157602, 'D_low': 1.1102341430568343, 'k2': 0.007519407491506672, 'D_high': 13.670484737132345, 'fire_exp': 1.4322493718230251, 'P_half': 8.794311679173452, 'pre_dampen_half': 129.7187644086357, 'gpp_af': 0.05391752791214327, 'gpp_b': 0.0030742893625766146, 'gpp_d': 34.70266988650411, 'ign_k': 0.002115412774188856, 'ign_c': 0.15590073239763044, 'gdp_gamma': 0.7366679513906507}.
[I 2026-08-06 03:10:51,291] Trial 681 finished with values: [-0.5764744104478374, 0.09710216415861839] and parameters: {'k1': 0.0030285741098956273, 'D_low': 29.89885508829526, 'k2': 0.00020222983754231334, 'D_high': 35.11445258128688, 'fire_exp': 1.0881360604103363, 'P_half': 25.255166452944085, 'pre_dampen_half': 36.876350096203005, 'gpp_af': 0.09145768948268033, 'gpp_b': 0.0030742893625766146, 'gpp_d': 10.931606102061748, 'ign_k': 0.37424230019851973, 'ign_c': 11.77190025324203, 'gdp_gamma': 0.3862443158940324}.
[I 2026-08-06 03:10:52,511] Trial 682 finished with values: [-0.5687502111926832, 0.1778257886347382] and parameters: {'k1': 0.0002191739661157602, 'D_low': 8103.949702339495, 'k2': 0.0007492772870670282, 'D_high': 2842.140588732084, 'fire_exp': 1.0340574447037933, 'P_half': 8.794311679173452, 'pre_dampen_half': 129.7187644086357, 'gpp_af': 0.05391752791214327, 'gpp_b': 2.760453806101824e-05, 'gpp_d': 331.7366635899375, 'ign_k': 0.038791280730284435, 'ign_c': 0.9580682294110432, 'gdp_gamma': 0.7366679513906507}.
[I 2026-08-06 03:10:53,709] Trial 683 finished with values: [10.200399780250303, 10.200399780250303] and parameters: {'k1': 2.9394634586259703e-05, 'D_low': 3.7322156377670694, 'k2': 4.484744524732793e-05, 'D_high': 2970.7920514735997, 'fire_exp': 1.0881360604103363, 'P_half': 25.255166452944085, 'pre_dampen_half': 36.876350096203005, 'gpp_af': 0.002311080279955305, 'gpp_b': 0.004215504256370331, 'gpp_d': 331.7366635899375, 'ign_k': 0.37424230019851973, 'ign_c': 6.807874826564585, 'gdp_gamma': 1.8068697350278546}.
[I 2026-08-06 03:10:54,931] Trial 684 finished with values: [10.34979450427371, 10.34979450427371] and parameters: {'k1': 0.0030285741098956273, 'D_low': 376.7022142229396, 'k2': 0.00042425976091860955, 'D_high': 35.11445258128688, 'fire_exp': 1.0881360604103363, 'P_half': 4.933751600448339, 'pre_dampen_half': 36.876350096203005, 'gpp_af': 0.09145768948268033, 'gpp_b': 0.004215504256370331, 'gpp_d': 331.7366635899375, 'ign_k': 0.37424230019851973, 'ign_c': 22.126836566118193, 'gdp_gamma': 0.559652086128564}.
[I 2026-08-06 03:10:56,149] Trial 685 finished with values: [-0.5838515156535713, 0.15696020601876604] and parameters: {'k1': 0.0030285741098956273, 'D_low': 1.1102341430568343, 'k2': 4.484744524732793e-05, 'D_high': 35.11445258128688, 'fire_exp': 1.0881360604103363, 'P_half': 4.933751600448339, 'pre_dampen_half': 36.876350096203005, 'gpp_af': 0.09145768948268033, 'gpp_b': 0.004215504256370331, 'gpp_d': 331.7366635899375, 'ign_k': 0.37424230019851973, 'ign_c': 6.807874826564585, 'gdp_gamma': 0.3862443158940324}.
[I 2026-08-06 03:10:57,606] Trial 686 finished with values: [10.450083304948867, 10.450083304948867] and parameters: {'k1': 2.9394634586259703e-05, 'D_low': 3040.9816628297017, 'k2': 0.06994589881535453, 'D_high': 2970.7920514735997, 'fire_exp': 1.2621840161507252, 'P_half': 2.1698375693549488, 'pre_dampen_half': 31.977584652685227, 'gpp_af': 1.036956521675621, 'gpp_b': 3.686869490609954e-05, 'gpp_d': 331.7366635899375, 'ign_k': 0.038791280730284435, 'ign_c': 0.6615437365561385, 'gdp_gamma': 1.8068697350278546}.
[I 2026-08-06 03:10:58,839] Trial 687 finished with values: [10.76923076903347, 10.76923076903347] and parameters: {'k1': 0.0030285741098956273, 'D_low': 1.1102341430568343, 'k2': 0.007519407491506672, 'D_high': 35.11445258128688, 'fire_exp': 1.0881360604103363, 'P_half': 1.2765717873951687, 'pre_dampen_half': 36.876350096203005, 'gpp_af': 0.05391752791214327, 'gpp_b': 0.00030435920877449653, 'gpp_d': 34.70266988650411, 'ign_k': 3.040882260558899, 'ign_c': 134.7540839957462, 'gdp_gamma': 0.3862443158940324}.
[I 2026-08-06 03:11:00,042] Trial 688 finished with values: [-0.5945184684175195, 0.21353895984498827] and parameters: {'k1': 2.9394634586259703e-05, 'D_low': 2068.53034640896, 'k2': 0.0007081721844034209, 'D_high': 21863.563449420166, 'fire_exp': 1.5191397119156032, 'P_half': 2.1698375693549488, 'pre_dampen_half': 129.7187644086357, 'gpp_af': 0.002311080279955305, 'gpp_b': 3.481277316673104e-05, 'gpp_d': 10.931606102061748, 'ign_k': 0.0026834162496848666, 'ign_c': 22.126836566118193, 'gdp_gamma': 1.351676663316814}.
[I 2026-08-06 03:11:01,514] Trial 689 finished with values: [10.197639460418403, 10.197639460418403] and parameters: {'k1': 0.0030285741098956273, 'D_low': 30.956657914928517, 'k2': 0.00015466641867531393, 'D_high': 35.11445258128688, 'fire_exp': 1.0881360604103363, 'P_half': 185.3809246193148, 'pre_dampen_half': 14.381397836784883, 'gpp_af': 0.09145768948268033, 'gpp_b': 0.004215504256370331, 'gpp_d': 26.003623362924223, 'ign_k': 0.37424230019851973, 'ign_c': 0.21948188038908775, 'gdp_gamma': 0.3862443158940324}.
[I 2026-08-06 03:11:02,807] Trial 690 finished with values: [10.171028801617934, 10.171028801617934] and parameters: {'k1': 0.0030285741098956273, 'D_low': 899.0768948930038, 'k2': 0.00014001191914113747, 'D_high': 8182.111518618414, 'fire_exp': 1.0881360604103363, 'P_half': 294.1575139139658, 'pre_dampen_half': 36.876350096203005, 'gpp_af': 0.09145768948268033, 'gpp_b': 0.004215504256370331, 'gpp_d': 331.7366635899375, 'ign_k': 1.2021930484915047, 'ign_c': 6.807874826564585, 'gdp_gamma': 0.7943396103475608}.
[I 2026-08-06 03:11:04,021] Trial 691 finished with values: [-0.6033520169302479, 0.2179187709205328] and parameters: {'k1': 2.9394634586259703e-05, 'D_low': 1.1102341430568343, 'k2': 0.007519407491506672, 'D_high': 21863.563449420166, 'fire_exp': 1.2621840161507252, 'P_half': 2.1698375693549488, 'pre_dampen_half': 36.876350096203005, 'gpp_af': 0.002311080279955305, 'gpp_b': 3.481277316673104e-05, 'gpp_d': 10.931606102061748, 'ign_k': 0.002115412774188856, 'ign_c': 4.135816738916683, 'gdp_gamma': 1.351676663316814}.
[I 2026-08-06 03:11:05,225] Trial 692 finished with values: [10.183162995635785, 10.183162995635785] and parameters: {'k1': 0.00031489116479568613, 'D_low': 1.1102341430568343, 'k2': 0.0001599021369655865, 'D_high': 28975.337521324145, 'fire_exp': 1.4322493718230251, 'P_half': 2.1698375693549488, 'pre_dampen_half': 36.876350096203005, 'gpp_af': 0.09145768948268033, 'gpp_b': 0.0030742893625766146, 'gpp_d': 26.003623362924223, 'ign_k': 0.020329778470902636, 'ign_c': 6.807874826564585, 'gdp_gamma': 0.2630438044620524}.
[I 2026-08-06 03:11:06,456] Trial 693 finished with values: [10.769228920701433, 10.769228920701433] and parameters: {'k1': 2.9394634586259703e-05, 'D_low': 21.901578520649217, 'k2': 0.004681376193450555, 'D_high': 35.11445258128688, 'fire_exp': 6.424597759843661, 'P_half': 25.255166452944085, 'pre_dampen_half': 36.876350096203005, 'gpp_af': 6.477772237567406, 'gpp_b': 0.0030742893625766146, 'gpp_d': 10.931606102061748, 'ign_k': 1.833717796770998, 'ign_c': 1.3894673469237204, 'gdp_gamma': 0.3862443158940324}.
[I 2026-08-06 03:11:07,786] Trial 694 finished with values: [-0.5707103175640932, 0.14984931132387136] and parameters: {'k1': 2.9394634586259703e-05, 'D_low': 1.1102341430568343, 'k2': 0.03820259936390116, 'D_high': 21863.563449420166, 'fire_exp': 1.4322493718230251, 'P_half': 1.2765717873951687, 'pre_dampen_half': 97.51428579619797, 'gpp_af': 0.017832592720985762, 'gpp_b': 0.0030742893625766146, 'gpp_d': 1.506317681823253, 'ign_k': 0.002115412774188856, 'ign_c': 22.126836566118193, 'gdp_gamma': 1.8068697350278546}.
[I 2026-08-06 03:11:09,049] Trial 695 finished with values: [10.416765848922095, 10.416765848922095] and parameters: {'k1': 0.00031489116479568613, 'D_low': 1.1102341430568343, 'k2': 0.018678279278246265, 'D_high': 13.670484737132345, 'fire_exp': 1.4322493718230251, 'P_half': 141.1179996668461, 'pre_dampen_half': 397.4459556835019, 'gpp_af': 0.05391752791214327, 'gpp_b': 0.0012070331879029856, 'gpp_d': 48.69745226446181, 'ign_k': 0.031585104499228, 'ign_c': 1.3894673469237204, 'gdp_gamma': 0.7366679513906507}.
[I 2026-08-06 03:11:10,295] Trial 696 finished with values: [10.096190456853131, 10.096190456853131] and parameters: {'k1': 2.9394634586259703e-05, 'D_low': 1.1102341430568343, 'k2': 4.484744524732793e-05, 'D_high': 28975.337521324145, 'fire_exp': 1.3188914576304807, 'P_half': 10.755022125844455, 'pre_dampen_half': 14.711215379121963, 'gpp_af': 1.036956521675621, 'gpp_b': 0.004215504256370331, 'gpp_d': 331.7366635899375, 'ign_k': 0.37424230019851973, 'ign_c': 6.807874826564585, 'gdp_gamma': 0.3862443158940324}.
[I 2026-08-06 03:11:11,517] Trial 697 finished with values: [-0.5675598509015372, 0.07985083786961589] and parameters: {'k1': 0.0030285741098956273, 'D_low': 1.1102341430568343, 'k2': 0.0007492772870670282, 'D_high': 35.11445258128688, 'fire_exp': 1.0881360604103363, 'P_half': 25.255166452944085, 'pre_dampen_half': 36.876350096203005, 'gpp_af': 0.09145768948268033, 'gpp_b': 0.0012070331879029856, 'gpp_d': 48.69745226446181, 'ign_k': 0.37424230019851973, 'ign_c': 11.77190025324203, 'gdp_gamma': 0.3862443158940324}.
[I 2026-08-06 03:11:12,769] Trial 698 finished with values: [10.270804042040716, 10.270804042040716] and parameters: {'k1': 0.0015064557931192917, 'D_low': 29.89885508829526, 'k2': 1.0544710041137253e-05, 'D_high': 2970.7920514735997, 'fire_exp': 1.0881360604103363, 'P_half': 25.255166452944085, 'pre_dampen_half': 36.876350096203005, 'gpp_af': 0.002311080279955305, 'gpp_b': 0.0030742893625766146, 'gpp_d': 33.9790424311127, 'ign_k': 0.019876655910112253, 'ign_c': 1.317454386434276, 'gdp_gamma': 1.8068697350278546}.
[I 2026-08-06 03:11:14,066] Trial 699 finished with values: [-0.5706529070262916, 0.1260091460152184] and parameters: {'k1': 0.0002923116601611837, 'D_low': 30.956657914928517, 'k2': 0.0007492772870670282, 'D_high': 13.670484737132345, 'fire_exp': 1.4322493718230251, 'P_half': 141.1179996668461, 'pre_dampen_half': 397.4459556835019, 'gpp_af': 0.09145768948268033, 'gpp_b': 0.0012070331879029856, 'gpp_d': 33.9790424311127, 'ign_k': 0.37424230019851973, 'ign_c': 3.843180360935464, 'gdp_gamma': 0.7366679513906507}.
[I 2026-08-06 03:11:15,331] Trial 700 finished with values: [10.039386092532254, 10.039386092532254] and parameters: {'k1': 2.9394634586259703e-05, 'D_low': 21.901578520649217, 'k2': 0.006051580666890612, 'D_high': 21863.563449420166, 'fire_exp': 1.0881360604103363, 'P_half': 25.255166452944085, 'pre_dampen_half': 36.876350096203005, 'gpp_af': 0.017832592720985762, 'gpp_b': 0.0030742893625766146, 'gpp_d': 52.18447053446689, 'ign_k': 1.2021930484915047, 'ign_c': 1.3894673469237204, 'gdp_gamma': 0.3862443158940324}.
[I 2026-08-06 03:11:16,551] Trial 701 finished with values: [-0.6111935623306992, 0.09689836934877238] and parameters: {'k1': 0.0030285741098956273, 'D_low': 30.956657914928517, 'k2': 0.0007081721844034209, 'D_high': 2970.7920514735997, 'fire_exp': 1.0881360604103363, 'P_half': 35.828811741825064, 'pre_dampen_half': 8.904067307938409, 'gpp_af': 0.09145768948268033, 'gpp_b': 0.02052499618703749, 'gpp_d': 33.9790424311127, 'ign_k': 0.37424230019851973, 'ign_c': 0.6615437365561385, 'gdp_gamma': 1.8068697350278546}.
[I 2026-08-06 03:11:17,769] Trial 702 finished with values: [10.482515254194867, 10.482515254194867] and parameters: {'k1': 0.0030285741098956273, 'D_low': 29.89885508829526, 'k2': 4.484744524732793e-05, 'D_high': 21863.563449420166, 'fire_exp': 1.5191397119156032, 'P_half': 10.226988730324324, 'pre_dampen_half': 36.876350096203005, 'gpp_af': 0.05391752791214327, 'gpp_b': 0.011750724729953272, 'gpp_d': 1.7517338132112281, 'ign_k': 0.0026834162496848666, 'ign_c': 0.8916132699546893, 'gdp_gamma': 0.3862443158940324}.
[I 2026-08-06 03:11:19,026] Trial 703 finished with values: [10.17489836336561, 10.17489836336561] and parameters: {'k1': 2.9394634586259703e-05, 'D_low': 3.7322156377670694, 'k2': 0.00014001191914113747, 'D_high': 21863.563449420166, 'fire_exp': 2.066761381010117, 'P_half': 2.1698375693549488, 'pre_dampen_half': 129.7187644086357, 'gpp_af': 0.05391752791214327, 'gpp_b': 0.011750724729953272, 'gpp_d': 189.88136301569827, 'ign_k': 0.031117676855667385, 'ign_c': 0.21948188038908775, 'gdp_gamma': 1.8068697350278546}.
[I 2026-08-06 03:11:20,244] Trial 704 finished with values: [10.326191970316872, 10.326191970316872] and parameters: {'k1': 0.0030285741098956273, 'D_low': 148.10800730363493, 'k2': 4.484744524732793e-05, 'D_high': 21863.563449420166, 'fire_exp': 1.5191397119156032, 'P_half': 4.933751600448339, 'pre_dampen_half': 129.7187644086357, 'gpp_af': 0.09145768948268033, 'gpp_b': 0.0039265289720170965, 'gpp_d': 189.88136301569827, 'ign_k': 0.37424230019851973, 'ign_c': 22.126836566118193, 'gdp_gamma': 0.1138099269777268}.
[I 2026-08-06 03:11:21,494] Trial 705 finished with values: [10.21920188200529, 10.21920188200529] and parameters: {'k1': 8.111076715965557e-05, 'D_low': 1.1102341430568343, 'k2': 0.0007492772870670282, 'D_high': 35.11445258128688, 'fire_exp': 1.0881360604103363, 'P_half': 2380.5746020770407, 'pre_dampen_half': 129.7187644086357, 'gpp_af': 0.05391752791214327, 'gpp_b': 0.0012070331879029856, 'gpp_d': 331.7366635899375, 'ign_k': 0.37424230019851973, 'ign_c': 1.3894673469237204, 'gdp_gamma': 0.7366679513906507}.
[I 2026-08-06 03:11:23,050] Trial 706 finished with values: [-0.5697719783389651, 0.11718281933637809] and parameters: {'k1': 1.962382648116833e-05, 'D_low': 376.7022142229396, 'k2': 0.03820259936390116, 'D_high': 2970.7920514735997, 'fire_exp': 1.0881360604103363, 'P_half': 25.255166452944085, 'pre_dampen_half': 8.904067307938409, 'gpp_af': 0.09145768948268033, 'gpp_b': 0.0005623095666134974, 'gpp_d': 48.69745226446181, 'ign_k': 0.37424230019851973, 'ign_c': 0.6615437365561385, 'gdp_gamma': 0.3862443158940324}.
[I 2026-08-06 03:11:24,456] Trial 707 finished with values: [10.220278958907516, 10.220278958907516] and parameters: {'k1': 0.0002191739661157602, 'D_low': 29.89885508829526, 'k2': 0.0007492772870670282, 'D_high': 21863.563449420166, 'fire_exp': 2.066761381010117, 'P_half': 1.2765717873951687, 'pre_dampen_half': 397.4459556835019, 'gpp_af': 0.05391752791214327, 'gpp_b': 0.011750724729953272, 'gpp_d': 48.69745226446181, 'ign_k': 0.37424230019851973, 'ign_c': 6.807874826564585, 'gdp_gamma': 0.7366679513906507}.
[I 2026-08-06 03:11:25,670] Trial 708 finished with values: [10.006060990365992, 10.006060990365992] and parameters: {'k1': 0.0030285741098956273, 'D_low': 148.10800730363493, 'k2': 0.00014001191914113747, 'D_high': 21863.563449420166, 'fire_exp': 1.0881360604103363, 'P_half': 4.933751600448339, 'pre_dampen_half': 36.876350096203005, 'gpp_af': 0.09145768948268033, 'gpp_b': 0.004215504256370331, 'gpp_d': 331.7366635899375, 'ign_k': 0.0026834162496848666, 'ign_c': 6.807874826564585, 'gdp_gamma': 0.559652086128564}.
[I 2026-08-06 03:11:26,869] Trial 709 finished with values: [10.369599634573978, 10.369599634573978] and parameters: {'k1': 3.29655013583809e-05, 'D_low': 2.6285770615112845, 'k2': 4.484744524732793e-05, 'D_high': 2842.140588732084, 'fire_exp': 1.0881360604103363, 'P_half': 10.755022125844455, 'pre_dampen_half': 14.711215379121963, 'gpp_af': 0.05391752791214327, 'gpp_b': 0.004215504256370331, 'gpp_d': 331.7366635899375, 'ign_k': 0.038791280730284435, 'ign_c': 0.9580682294110432, 'gdp_gamma': 0.3862443158940324}.
[I 2026-08-06 03:11:28,114] Trial 710 finished with values: [-0.5747987871218679, 0.0870738562110196] and parameters: {'k1': 0.002592951380378533, 'D_low': 3.7322156377670694, 'k2': 0.007519407491506672, 'D_high': 2970.7920514735997, 'fire_exp': 1.0881360604103363, 'P_half': 470.815979325019, 'pre_dampen_half': 36.876350096203005, 'gpp_af': 0.002311080279955305, 'gpp_b': 0.0030742893625766146, 'gpp_d': 331.7366635899375, 'ign_k': 0.37424230019851973, 'ign_c': 6.807874826564585, 'gdp_gamma': 0.8585865290142173}.
[I 2026-08-06 03:11:29,428] Trial 711 finished with values: [10.285012426101106, 10.285012426101106] and parameters: {'k1': 0.0002191739661157602, 'D_low': 29.89885508829526, 'k2': 7.639737756882014e-05, 'D_high': 35.11445258128688, 'fire_exp': 1.0881360604103363, 'P_half': 25.255166452944085, 'pre_dampen_half': 36.876350096203005, 'gpp_af': 0.09145768948268033, 'gpp_b': 0.004215504256370331, 'gpp_d': 48.69745226446181, 'ign_k': 0.0026834162496848666, 'ign_c': 6.807874826564585, 'gdp_gamma': 0.3862443158940324}.
[I 2026-08-06 03:11:30,660] Trial 712 finished with values: [-0.5813788251848623, 0.1113330352796007] and parameters: {'k1': 0.07928164425547335, 'D_low': 1.1102341430568343, 'k2': 0.00300580902461514, 'D_high': 35.11445258128688, 'fire_exp': 1.0881360604103363, 'P_half': 71.44571308652827, 'pre_dampen_half': 36.876350096203005, 'gpp_af': 0.05391752791214327, 'gpp_b': 0.004215504256370331, 'gpp_d': 33.9790424311127, 'ign_k': 0.37424230019851973, 'ign_c': 6.807874826564585, 'gdp_gamma': 1.8068697350278546}.
[I 2026-08-06 03:11:31,898] Trial 713 finished with values: [10.085331993033883, 10.085331993033883] and parameters: {'k1': 0.07928164425547335, 'D_low': 33.04784314771566, 'k2': 0.00015466641867531393, 'D_high': 35.11445258128688, 'fire_exp': 1.0881360604103363, 'P_half': 4.933751600448339, 'pre_dampen_half': 36.876350096203005, 'gpp_af': 0.05391752791214327, 'gpp_b': 0.004215504256370331, 'gpp_d': 10.931606102061748, 'ign_k': 1.833717796770998, 'ign_c': 0.21948188038908775, 'gdp_gamma': 0.70776694122094}.
