[I 2026-07-22 21:42:56,346] Trial 279 finished with values: [10.261808860514076, 10.261808860514076] and parameters: {'k1': 0.004312951023617458, 'D_low': 102.19595065529477, 'k2': 1.915468390724633e-05, 'D_high': 71534.52030884045, 'fire_exp': 1.024589524149873, 'P_half': 220.3445560633069, 'pre_dampen_half': 502.5175192217655, 'gpp_af': 0.004225994826142428, 'gpp_b': 8.129227514069975e-05, 'gpp_d': 0.3619181297408274, 'ign_k': 0.009861808369679786, 'ign_c': 55.24095129928624, 'trop_agb_crit': 19.28597237496244, 'trop_k_veg': 1.6485796363788798, 'fuel_k': 1.312881567992459, 'fuel_half': 52.005817291141206}.
[I 2026-07-22 21:42:56,762] Trial 280 finished with values: [10.637399974333821, 10.637399974333821] and parameters: {'k1': 0.00016480446427978953, 'D_low': 102.19595065529477, 'k2': 1.915468390724633e-05, 'D_high': 71534.52030884045, 'fire_exp': 2.3987174696212126, 'P_half': 1.7036120617148391, 'pre_dampen_half': 12.389588752305043, 'gpp_af': 0.7539992074650282, 'gpp_b': 0.0005392415140872105, 'gpp_d': 16.460426816350534, 'ign_k': 0.06807874826564587, 'ign_c': 15.221840161091619, 'trop_agb_crit': 29.789943908227905, 'trop_k_veg': 3.028464701337094, 'fuel_k': 4.680936683972859, 'fuel_half': 52.005817291141206}.
[I 2026-07-22 21:42:57,188] Trial 281 finished with values: [10.316845407021935, 10.316845407021935] and parameters: {'k1': 0.004312951023617458, 'D_low': 102.19595065529477, 'k2': 0.017300724838654365, 'D_high': 145242.37928628005, 'fire_exp': 2.3987174696212126, 'P_half': 220.3445560633069, 'pre_dampen_half': 269.0845367054863, 'gpp_af': 0.7539992074650282, 'gpp_b': 0.00011277885258222645, 'gpp_d': 16.460426816350534, 'ign_k': 0.04732407125181112, 'ign_c': 4.1108484350212295, 'trop_agb_crit': 24.584290528289387, 'trop_k_veg': 0.5695379443977426, 'fuel_k': 0.028970790717327534, 'fuel_half': 0.39955280149393063}.
[I 2026-07-22 21:42:57,643] Trial 282 finished with values: [-0.40482314089205057, 0.5896992516601401] and parameters: {'k1': 1.8595266457134027e-05, 'D_low': 1.6646452049870526, 'k2': 2.1698375693549493e-05, 'D_high': 580966.5602369158, 'fire_exp': 1.0341837609578937, 'P_half': 10.226988730324324, 'pre_dampen_half': 33.97904243111269, 'gpp_af': 0.0025511964576171086, 'gpp_b': 3.228689523591491e-05, 'gpp_d': 302.3127748796295, 'ign_k': 0.018707420137660268, 'ign_c': 6.1609752947414345, 'trop_agb_crit': 6.1198430581046965, 'trop_k_veg': 0.9793402026070162, 'fuel_k': 1.8731335591844647, 'fuel_half': 42.6871254378718}.
[I 2026-07-22 21:42:58,146] Trial 283 finished with values: [10.249651452242949, 10.249651452242949] and parameters: {'k1': 0.00023352156626184448, 'D_low': 890.3633614906976, 'k2': 0.002342238625792905, 'D_high': 305369.47947832284, 'fire_exp': 1.0341837609578937, 'P_half': 38.82837025280678, 'pre_dampen_half': 347.79988160923324, 'gpp_af': 29.925002022877816, 'gpp_b': 0.0054502936945582505, 'gpp_d': 2.8006820077310226, 'ign_k': 0.0026834162496848666, 'ign_c': 6.1609752947414345, 'trop_agb_crit': 1.2440687631821843, 'trop_k_veg': 1.4584243470991722, 'fuel_k': 0.08612665817296865, 'fuel_half': 1.3547291924247347}.
[I 2026-07-22 21:42:58,633] Trial 284 finished with values: [10.496557403953656, 10.496557403953656] and parameters: {'k1': 0.00013783578294796384, 'D_low': 6220.638781359816, 'k2': 0.0034207303670092245, 'D_high': 580966.5602369158, 'fire_exp': 1.161749421319469, 'P_half': 13.019246714361572, 'pre_dampen_half': 347.79988160923324, 'gpp_af': 0.015769192447197523, 'gpp_b': 0.031033332277537237, 'gpp_d': 8.057329182285729, 'ign_k': 8.761971101023699, 'ign_c': 0.9294394155644988, 'trop_agb_crit': 3.5522713231614182, 'trop_k_veg': 1.0540721475196824, 'fuel_k': 1.312881567992459, 'fuel_half': 15.298506868937444}.
[I 2026-07-22 21:42:59,166] Trial 285 finished with values: [10.688537805213397, 10.688537805213397] and parameters: {'k1': 0.002971796631657383, 'D_low': 247.75146043208053, 'k2': 0.0001971137615017176, 'D_high': 305369.47947832284, 'fire_exp': 2.076733054409457, 'P_half': 10.226988730324324, 'pre_dampen_half': 36.876350096202984, 'gpp_af': 29.925002022877816, 'gpp_b': 0.011750724729953272, 'gpp_d': 0.3562950548153257, 'ign_k': 0.0026834162496848666, 'ign_c': 6.1609752947414345, 'trop_agb_crit': 12.285102065067687, 'trop_k_veg': 1.7664838950757564, 'fuel_k': 0.08612665817296865, 'fuel_half': 1.3547291924247347}.
[I 2026-07-22 21:42:59,621] Trial 286 finished with values: [10.769230769178105, 10.769230769178105] and parameters: {'k1': 0.003242143344038315, 'D_low': 6220.638781359816, 'k2': 0.0034207303670092245, 'D_high': 11.741490726941782, 'fire_exp': 1.0862503061991866, 'P_half': 13.019246714361572, 'pre_dampen_half': 294.75617712568373, 'gpp_af': 0.015769192447197523, 'gpp_b': 1.7565109007473816e-05, 'gpp_d': 2.8006820077310226, 'ign_k': 8.761971101023699, 'ign_c': 0.11650681118986138, 'trop_agb_crit': 9.836162684900028, 'trop_k_veg': 0.6112301235084354, 'fuel_k': 0.04572914063536324, 'fuel_half': 15.298506868937444}.
[I 2026-07-22 21:43:00,068] Trial 287 finished with values: [-0.24405055677441043, 0.6395197513923006] and parameters: {'k1': 0.002971796631657383, 'D_low': 102.19595065529477, 'k2': 0.015109086063191909, 'D_high': 145242.37928628005, 'fire_exp': 1.0341837609578937, 'P_half': 220.3445560633069, 'pre_dampen_half': 33.71909132517388, 'gpp_af': 1.1300566419249867, 'gpp_b': 0.00011277885258222645, 'gpp_d': 16.460426816350534, 'ign_k': 0.0026834162496848666, 'ign_c': 6.1609752947414345, 'trop_agb_crit': 24.584290528289387, 'trop_k_veg': 0.5695379443977426, 'fuel_k': 0.028970790717327534, 'fuel_half': 16.371966573507315}.
[I 2026-07-22 21:43:00,568] Trial 288 finished with values: [10.363672877438315, 10.363672877438315] and parameters: {'k1': 1.0605801312906204e-05, 'D_low': 1407.7923139972395, 'k2': 0.000140654144219877, 'D_high': 1488557.802851245, 'fire_exp': 1.3219590610242518, 'P_half': 48.464976792190825, 'pre_dampen_half': 26.373339933815235, 'gpp_af': 0.09791370130598968, 'gpp_b': 0.0054502936945582505, 'gpp_d': 857.4284557962626, 'ign_k': 0.006290644294586149, 'ign_c': 3.7151317999473266, 'trop_agb_crit': 29.789943908227905, 'trop_k_veg': 6.911478238001162, 'fuel_k': 0.48736180483849406, 'fuel_half': 3.632486956676605}.
[I 2026-07-22 21:43:01,011] Trial 289 finished with values: [10.466194654983315, 10.466194654983315] and parameters: {'k1': 0.052334804885400876, 'D_low': 4.043300846639722, 'k2': 0.015109086063191909, 'D_high': 1693415.5410667954, 'fire_exp': 1.0689448798385355, 'P_half': 1938.3858782150498, 'pre_dampen_half': 33.97904243111269, 'gpp_af': 0.0025511964576171086, 'gpp_b': 0.00011277885258222645, 'gpp_d': 16.460426816350534, 'ign_k': 0.018707420137660268, 'ign_c': 3.0378658251922155, 'trop_agb_crit': 5.115968405120539, 'trop_k_veg': 2.6391661744759056, 'fuel_k': 0.028970790717327534, 'fuel_half': 0.7498730336620313}.
[I 2026-07-22 21:43:01,449] Trial 290 finished with values: [10.206078295359848, 10.206078295359848] and parameters: {'k1': 0.002968335334246999, 'D_low': 140.92119204434155, 'k2': 2.8459703343413838e-05, 'D_high': 305369.47947832284, 'fire_exp': 1.034491242472073, 'P_half': 10.226988730324324, 'pre_dampen_half': 36.876350096202984, 'gpp_af': 18.235072804314193, 'gpp_b': 0.02048523887932671, 'gpp_d': 4.576857873108685, 'ign_k': 0.0026834162496848666, 'ign_c': 6.1609752947414345, 'trop_agb_crit': 6.1198430581046965, 'trop_k_veg': 0.9793402026070162, 'fuel_k': 1.2528108647479208, 'fuel_half': 7.259866824755671}.
[I 2026-07-22 21:43:01,942] Trial 291 finished with values: [10.540729088408073, 10.540729088408073] and parameters: {'k1': 0.00016480446427978953, 'D_low': 14787.382840410779, 'k2': 1.6559474674046002e-05, 'D_high': 708572.1663941594, 'fire_exp': 2.3987174696212126, 'P_half': 48.464976792190825, 'pre_dampen_half': 26.373339933815235, 'gpp_af': 0.09791370130598968, 'gpp_b': 0.0005995821881487623, 'gpp_d': 857.4284557962626, 'ign_k': 0.024287565087611766, 'ign_c': 8.405439129313676, 'trop_agb_crit': 29.789943908227905, 'trop_k_veg': 3.028464701337094, 'fuel_k': 0.48736180483849406, 'fuel_half': 0.32476735706274484}.
[I 2026-07-22 21:43:02,533] Trial 292 finished with values: [10.613413459416668, 10.613413459416668] and parameters: {'k1': 0.003419108473554454, 'D_low': 144788.6047717001, 'k2': 2.1698375693549493e-05, 'D_high': 8433503.858791472, 'fire_exp': 2.4645237762603327, 'P_half': 28.15630081597223, 'pre_dampen_half': 868.1843415114095, 'gpp_af': 1.4498445474033743, 'gpp_b': 0.0005995821881487623, 'gpp_d': 79.29666901664753, 'ign_k': 0.06807874826564587, 'ign_c': 15.221840161091619, 'trop_agb_crit': 24.584290528289387, 'trop_k_veg': 0.977663002683211, 'fuel_k': 4.680936683972859, 'fuel_half': 52.005817291141206}.
[I 2026-07-22 21:43:02,990] Trial 293 finished with values: [10.442082879449226, 10.442082879449226] and parameters: {'k1': 0.004312951023617458, 'D_low': 9.497440085397416, 'k2': 1.127217425995114e-05, 'D_high': 71534.52030884045, 'fire_exp': 1.6394009014957145, 'P_half': 220.3445560633069, 'pre_dampen_half': 347.79988160923324, 'gpp_af': 0.8226361776146098, 'gpp_b': 0.0021331409710300844, 'gpp_d': 16.460426816350534, 'ign_k': 0.06807874826564587, 'ign_c': 15.221840161091619, 'trop_agb_crit': 24.584290528289387, 'trop_k_veg': 1.4584243470991722, 'fuel_k': 0.04572914063536324, 'fuel_half': 0.6370755274604819}.
[I 2026-07-22 21:43:03,412] Trial 294 finished with values: [10.601967019902297, 10.601967019902297] and parameters: {'k1': 0.00013783578294796384, 'D_low': 1.7286734109794883, 'k2': 1.127217425995114e-05, 'D_high': 10377.055497115112, 'fire_exp': 1.2120759485719061, 'P_half': 48.464976792190825, 'pre_dampen_half': 347.79988160923324, 'gpp_af': 0.008983355849178878, 'gpp_b': 0.0054502936945582505, 'gpp_d': 2.8006820077310226, 'ign_k': 0.006290644294586149, 'ign_c': 8.405439129313676, 'trop_agb_crit': 9.836162684900028, 'trop_k_veg': 1.7570501127699656, 'fuel_k': 0.48736180483849406, 'fuel_half': 3.632486956676605}.
[I 2026-07-22 21:43:03,854] Trial 295 finished with values: [10.463420354444091, 10.463420354444091] and parameters: {'k1': 0.004312951023617458, 'D_low': 102.19595065529477, 'k2': 0.001566517163094646, 'D_high': 10377.055497115112, 'fire_exp': 1.0862503061991866, 'P_half': 13.019246714361572, 'pre_dampen_half': 10.059683154936915, 'gpp_af': 2.114381609520638, 'gpp_b': 4.0803257466853524e-05, 'gpp_d': 16.460426816350534, 'ign_k': 0.04732407125181112, 'ign_c': 15.221840161091619, 'trop_agb_crit': 24.584290528289387, 'trop_k_veg': 0.5695379443977426, 'fuel_k': 0.04572914063536324, 'fuel_half': 16.371966573507315}.
[I 2026-07-22 21:43:04,303] Trial 296 finished with values: [11.027458033443027, 11.027458033443027] and parameters: {'k1': 0.002968335334246999, 'D_low': 4.043300846639722, 'k2': 2.1698375693549493e-05, 'D_high': 160625.60954780428, 'fire_exp': 1.0689448798385355, 'P_half': 4.961134450191397, 'pre_dampen_half': 33.97904243111269, 'gpp_af': 0.0025511964576171086, 'gpp_b': 3.228689523591491e-05, 'gpp_d': 857.4284557962626, 'ign_k': 3.210808548911192, 'ign_c': 8.356564873457042, 'trop_agb_crit': 19.28597237496244, 'trop_k_veg': 6.911478238001162, 'fuel_k': 5.486054129200971, 'fuel_half': 18.202647368248815}.
[I 2026-07-22 21:43:04,749] Trial 297 finished with values: [10.680201937033072, 10.680201937033072] and parameters: {'k1': 0.002968335334246999, 'D_low': 102.19595065529477, 'k2': 0.004373100990516265, 'D_high': 107013.64911724928, 'fire_exp': 2.3987174696212126, 'P_half': 4.961134450191397, 'pre_dampen_half': 33.71909132517388, 'gpp_af': 0.7539992074650282, 'gpp_b': 0.0032930655419269924, 'gpp_d': 4.576857873108685, 'ign_k': 3.210808548911192, 'ign_c': 6.1609752947414345, 'trop_agb_crit': 10.719494362768906, 'trop_k_veg': 2.42764713875812, 'fuel_k': 1.312881567992459, 'fuel_half': 0.13249100882689224}.
[I 2026-07-22 21:43:05,227] Trial 298 finished with values: [10.147380904969848, 10.147380904969848] and parameters: {'k1': 2.6285770615112825e-05, 'D_low': 28.33153434644107, 'k2': 0.0007081721844034209, 'D_high': 887331.2884015184, 'fire_exp': 1.0341837609578937, 'P_half': 10.226988730324324, 'pre_dampen_half': 347.79988160923324, 'gpp_af': 29.925002022877816, 'gpp_b': 0.0054502936945582505, 'gpp_d': 2.8006820077310226, 'ign_k': 0.0026834162496848666, 'ign_c': 15.221840161091619, 'trop_agb_crit': 6.1198430581046965, 'trop_k_veg': 0.9793402026070162, 'fuel_k': 4.680936683972859, 'fuel_half': 1.3547291924247347}.
[I 2026-07-22 21:43:05,716] Trial 299 finished with values: [-0.5802207187700383, 0.7819543850513208] and parameters: {'k1': 0.00016480446427978953, 'D_low': 102.19595065529477, 'k2': 1.915468390724633e-05, 'D_high': 887331.2884015184, 'fire_exp': 1.024589524149873, 'P_half': 10.226988730324324, 'pre_dampen_half': 12.389588752305043, 'gpp_af': 0.7539992074650282, 'gpp_b': 0.0054502936945582505, 'gpp_d': 16.460426816350534, 'ign_k': 0.06807874826564587, 'ign_c': 11.40086370112731, 'trop_agb_crit': 24.584290528289387, 'trop_k_veg': 0.9793402026070162, 'fuel_k': 0.48736180483849406, 'fuel_half': 52.005817291141206}.
[I 2026-07-22 21:43:06,209] Trial 300 finished with values: [10.769230769178105, 10.769230769178105] and parameters: {'k1': 0.00013783578294796384, 'D_low': 1.6646452049870526, 'k2': 2.1698375693549493e-05, 'D_high': 160625.60954780428, 'fire_exp': 2.4572720237054373, 'P_half': 10.226988730324324, 'pre_dampen_half': 347.79988160923324, 'gpp_af': 5.600917281261383, 'gpp_b': 3.228689523591491e-05, 'gpp_d': 857.4284557962626, 'ign_k': 0.03141110271934876, 'ign_c': 884.4033380058659, 'trop_agb_crit': 15.870971677383487, 'trop_k_veg': 0.9369104721775232, 'fuel_k': 0.04572914063536324, 'fuel_half': 0.2676003201684378}.
[I 2026-07-22 21:43:06,697] Trial 301 finished with values: [10.468361611422887, 10.468361611422887] and parameters: {'k1': 1.8595266457134027e-05, 'D_low': 1.6646452049870526, 'k2': 0.001566517163094646, 'D_high': 580966.5602369158, 'fire_exp': 1.0862503061991866, 'P_half': 136.0956887810302, 'pre_dampen_half': 347.79988160923324, 'gpp_af': 0.12243451886824051, 'gpp_b': 3.228689523591491e-05, 'gpp_d': 2.8006820077310226, 'ign_k': 8.761971101023699, 'ign_c': 0.11650681118986138, 'trop_agb_crit': 15.870971677383487, 'trop_k_veg': 0.9369104721775232, 'fuel_k': 0.48736180483849406, 'fuel_half': 42.6871254378718}.
[I 2026-07-22 21:43:07,188] Trial 302 finished with values: [10.388974461304116, 10.388974461304116] and parameters: {'k1': 0.004312951023617458, 'D_low': 984.7566464935828, 'k2': 1.915468390724633e-05, 'D_high': 708572.1663941594, 'fire_exp': 1.024589524149873, 'P_half': 220.3445560633069, 'pre_dampen_half': 502.5175192217655, 'gpp_af': 0.15876781526923997, 'gpp_b': 0.0005392415140872105, 'gpp_d': 12.32476569204167, 'ign_k': 0.645445953137167, 'ign_c': 15.221840161091619, 'trop_agb_crit': 24.584290528289387, 'trop_k_veg': 1.4584243470991722, 'fuel_k': 4.680936683972859, 'fuel_half': 52.005817291141206}.
[I 2026-07-22 21:43:07,660] Trial 303 finished with values: [10.348720615393967, 10.348720615393967] and parameters: {'k1': 9.969469187531805e-05, 'D_low': 6220.638781359816, 'k2': 7.67074891445376e-05, 'D_high': 580966.5602369158, 'fire_exp': 2.3750840427797026, 'P_half': 1.4378290221680121, 'pre_dampen_half': 94.20121790275627, 'gpp_af': 0.008562341633595545, 'gpp_b': 0.0005392415140872105, 'gpp_d': 6.284104775086878, 'ign_k': 0.006039096247545781, 'ign_c': 0.11650681118986138, 'trop_agb_crit': 3.5522713231614182, 'trop_k_veg': 1.140286245977296, 'fuel_k': 3.6992394681929355, 'fuel_half': 0.33988503110784557}.
[I 2026-07-22 21:43:08,118] Trial 304 finished with values: [-0.43951556962024335, 0.6828132236146818] and parameters: {'k1': 0.004312951023617458, 'D_low': 9.497440085397416, 'k2': 1.915468390724633e-05, 'D_high': 10377.055497115112, 'fire_exp': 1.0482996836046896, 'P_half': 13.019246714361572, 'pre_dampen_half': 502.5175192217655, 'gpp_af': 0.7539992074650282, 'gpp_b': 7.402343469704414e-05, 'gpp_d': 2.8006820077310226, 'ign_k': 8.761971101023699, 'ign_c': 15.221840161091619, 'trop_agb_crit': 9.836162684900028, 'trop_k_veg': 1.4584243470991722, 'fuel_k': 4.680936683972859, 'fuel_half': 15.298506868937444}.
[I 2026-07-22 21:43:08,575] Trial 305 finished with values: [10.15265522568157, 10.15265522568157] and parameters: {'k1': 0.0029707920514735983, 'D_low': 1.1445244757026578, 'k2': 1.6559474674046002e-05, 'D_high': 71534.52030884045, 'fire_exp': 1.3219590610242518, 'P_half': 220.3445560633069, 'pre_dampen_half': 26.373339933815235, 'gpp_af': 0.7539992074650282, 'gpp_b': 0.0021331409710300844, 'gpp_d': 857.4284557962626, 'ign_k': 0.06807874826564587, 'ign_c': 8.405439129313676, 'trop_agb_crit': 24.584290528289387, 'trop_k_veg': 6.911478238001162, 'fuel_k': 4.680936683972859, 'fuel_half': 52.005817291141206}.
[I 2026-07-22 21:43:09,014] Trial 306 finished with values: [10.899398452188164, 10.899398452188164] and parameters: {'k1': 0.00016480446427978953, 'D_low': 6220.638781359816, 'k2': 0.002342238625792905, 'D_high': 708572.1663941594, 'fire_exp': 1.0862503061991866, 'P_half': 2.458603276328005, 'pre_dampen_half': 294.75617712568373, 'gpp_af': 0.008562341633595545, 'gpp_b': 1.7565109007473816e-05, 'gpp_d': 0.42885111268165776, 'ign_k': 0.5131654955148324, 'ign_c': 0.11650681118986138, 'trop_agb_crit': 5.707205898008383, 'trop_k_veg': 0.9793402026070162, 'fuel_k': 1.312881567992459, 'fuel_half': 3.5738385583821746}.
[I 2026-07-22 21:43:09,519] Trial 307 finished with values: [-0.3893071418702097, 0.7784216060057837] and parameters: {'k1': 1.8595266457134027e-05, 'D_low': 1.6646452049870526, 'k2': 1.127217425995114e-05, 'D_high': 580966.5602369158, 'fire_exp': 1.0838410493325266, 'P_half': 38.82837025280678, 'pre_dampen_half': 347.79988160923324, 'gpp_af': 0.12243451886824051, 'gpp_b': 0.00012118589392553819, 'gpp_d': 4.576857873108685, 'ign_k': 0.0026834162496848666, 'ign_c': 0.11650681118986138, 'trop_agb_crit': 12.285102065067687, 'trop_k_veg': 1.140286245977296, 'fuel_k': 1.312881567992459, 'fuel_half': 1.3547291924247347}.
[I 2026-07-22 21:43:09,996] Trial 308 finished with values: [-0.36403018899729594, 0.9556709003936147] and parameters: {'k1': 0.0002526432647626936, 'D_low': 13.25142220631392, 'k2': 0.002342238625792905, 'D_high': 708572.1663941594, 'fire_exp': 1.0341837609578937, 'P_half': 2.458603276328005, 'pre_dampen_half': 347.79988160923324, 'gpp_af': 29.925002022877816, 'gpp_b': 0.0005392415140872105, 'gpp_d': 8.057329182285729, 'ign_k': 0.0013726318898045872, 'ign_c': 11.40086370112731, 'trop_agb_crit': 6.1198430581046965, 'trop_k_veg': 0.5772603928610088, 'fuel_k': 0.48736180483849406, 'fuel_half': 0.32476735706274484}.
[I 2026-07-22 21:43:10,473] Trial 309 finished with values: [-0.6478993793142036, 0.5528010610695925] and parameters: {'k1': 0.004312951023617458, 'D_low': 9.497440085397416, 'k2': 1.915468390724633e-05, 'D_high': 71534.52030884045, 'fire_exp': 1.024589524149873, 'P_half': 220.3445560633069, 'pre_dampen_half': 502.5175192217655, 'gpp_af': 0.7539992074650282, 'gpp_b': 0.0032930655419269924, 'gpp_d': 12.151631524283598, 'ign_k': 3.210808548911192, 'ign_c': 4.1108484350212295, 'trop_agb_crit': 1.1195539271968775, 'trop_k_veg': 1.6340262437673856, 'fuel_k': 4.680936683972859, 'fuel_half': 52.005817291141206}.
[I 2026-07-22 21:43:10,941] Trial 310 finished with values: [10.136410207154809, 10.136410207154809] and parameters: {'k1': 0.052334804885400876, 'D_low': 2.9612221068836555, 'k2': 0.0034207303670092245, 'D_high': 1693415.5410667954, 'fire_exp': 1.161749421319469, 'P_half': 136.0956887810302, 'pre_dampen_half': 33.97904243111269, 'gpp_af': 0.008562341633595545, 'gpp_b': 0.0005392415140872105, 'gpp_d': 302.3127748796295, 'ign_k': 0.006039096247545781, 'ign_c': 0.11650681118986138, 'trop_agb_crit': 3.5522713231614182, 'trop_k_veg': 1.6340262437673856, 'fuel_k': 1.8731335591844647, 'fuel_half': 38.21129441691226}.
[I 2026-07-22 21:43:11,411] Trial 311 finished with values: [10.403534102600913, 10.403534102600913] and parameters: {'k1': 0.00016480446427978953, 'D_low': 163.4864778201543, 'k2': 1.127217425995114e-05, 'D_high': 305369.47947832284, 'fire_exp': 1.0341837609578937, 'P_half': 38.82837025280678, 'pre_dampen_half': 347.79988160923324, 'gpp_af': 1.1300566419249867, 'gpp_b': 0.002407352334224724, 'gpp_d': 2.8006820077310226, 'ign_k': 4.59148521674054, 'ign_c': 6.1609752947414345, 'trop_agb_crit': 12.285102065067687, 'trop_k_veg': 1.140286245977296, 'fuel_k': 0.08612665817296865, 'fuel_half': 2.9236782115513154}.
[I 2026-07-22 21:43:11,895] Trial 312 finished with values: [10.71811657063887, 10.71811657063887] and parameters: {'k1': 0.00013783578294796384, 'D_low': 1.6646452049870526, 'k2': 0.002342238625792905, 'D_high': 10377.055497115112, 'fire_exp': 1.6394009014957145, 'P_half': 13.019246714361572, 'pre_dampen_half': 0.046087035152705666, 'gpp_af': 0.8226361776146098, 'gpp_b': 7.402343469704414e-05, 'gpp_d': 2.8006820077310226, 'ign_k': 4.59148521674054, 'ign_c': 11.40086370112731, 'trop_agb_crit': 9.836162684900028, 'trop_k_veg': 4.130963924640279, 'fuel_k': 3.6992394681929355, 'fuel_half': 0.6370755274604819}.
[I 2026-07-22 21:43:12,368] Trial 313 finished with values: [10.403650788531616, 10.403650788531616] and parameters: {'k1': 0.002971796631657383, 'D_low': 864.0717009254879, 'k2': 2.1698375693549493e-05, 'D_high': 8433503.858791472, 'fire_exp': 2.4645237762603327, 'P_half': 1.4378290221680121, 'pre_dampen_half': 6.881834772031151, 'gpp_af': 1.1300566419249867, 'gpp_b': 0.0005995821881487623, 'gpp_d': 4.576857873108685, 'ign_k': 0.03141110271934876, 'ign_c': 6.1609752947414345, 'trop_agb_crit': 10.719494362768906, 'trop_k_veg': 1.140286245977296, 'fuel_k': 0.08612665817296865, 'fuel_half': 1.3547291924247347}.
