[I 2026-07-24 02:24:07,853] Trial 1189 finished with value: 0.5915712690540332 and parameters: {'k1': 4.92630129110144e-05, 'D_low': 3141.9763327021287, 'k2': 0.00045934491787629655, 'D_high': 13999.21340055719, 'fire_exp': 6.5594844860816455, 'P_half': 63.57760213594148, 'pre_dampen_half': 66.30197963046069, 'gpp_af': 0.3612945279912736, 'gpp_b': 0.00011709882239211053, 'gpp_d': 9.129157924058886, 'ign_k': 0.022606311010013116, 'ign_c': 3.538122269430637, 'trop_agb_crit': 23.72234053007738, 'trop_k_veg': 4.973397448569079, 'fuel_k': 2.1663671950130983, 'fuel_half': 0.10340321117485592}. Best is trial 1159 with value: -0.6104113392330761.
[I 2026-07-24 02:24:08,273] Trial 1190 finished with value: 0.42024997704463407 and parameters: {'k1': 0.0011291604311392733, 'D_low': 124.13425077837869, 'k2': 3.152532136995538e-05, 'D_high': 371814.5423060808, 'fire_exp': 2.979837663062023, 'P_half': 105.3299659124217, 'pre_dampen_half': 32.03176753877604, 'gpp_af': 0.9819790151435845, 'gpp_b': 0.0006131428224748, 'gpp_d': 5.544760761804265, 'ign_k': 0.17117761878705834, 'ign_c': 1.5664338904586042, 'trop_agb_crit': 21.992455562018115, 'trop_k_veg': 5.647119266070641, 'fuel_k': 1.5419680077881543, 'fuel_half': 0.23579003966538034}. Best is trial 1159 with value: -0.6104113392330761.
[I 2026-07-24 02:24:08,691] Trial 1191 finished with value: 0.6287789543903061 and parameters: {'k1': 0.0010310585840295748, 'D_low': 126997.25269211245, 'k2': 0.00040314624555133985, 'D_high': 3254272.8893935727, 'fire_exp': 2.1321252672347772, 'P_half': 144.96302382209578, 'pre_dampen_half': 0.22100681217282403, 'gpp_af': 0.8251131899439237, 'gpp_b': 0.008312636990621961, 'gpp_d': 18.058794640209413, 'ign_k': 0.12956091149679066, 'ign_c': 2.1721673245574054, 'trop_agb_crit': 7.0207385589487155, 'trop_k_veg': 2.0508419857827582, 'fuel_k': 1.3850460315622901, 'fuel_half': 53.21031550469668}. Best is trial 1159 with value: -0.6104113392330761.
[I 2026-07-24 02:24:09,117] Trial 1192 finished with value: 0.48301872709875526 and parameters: {'k1': 0.02161540055402288, 'D_low': 10.082197970650856, 'k2': 4.001486868938936e-05, 'D_high': 1731801.5632298782, 'fire_exp': 1.5193343513772637, 'P_half': 55.28639893241489, 'pre_dampen_half': 0.4000622136856905, 'gpp_af': 5.8967278948892154, 'gpp_b': 2.2552972461023235, 'gpp_d': 410.0793013709598, 'ign_k': 0.19056493767167804, 'ign_c': 0.2013981032986783, 'trop_agb_crit': 21.12291302707023, 'trop_k_veg': 1.499686763372112, 'fuel_k': 5.334079717168664, 'fuel_half': 9.162709184707442}. Best is trial 1159 with value: -0.6104113392330761.
[I 2026-07-24 02:24:09,534] Trial 1193 finished with value: 0.5802224986171 and parameters: {'k1': 0.00015241507760296242, 'D_low': 18510.197101159134, 'k2': 0.0005950377815424131, 'D_high': 1046982.6284322044, 'fire_exp': 4.315682366826452, 'P_half': 248.7220418303331, 'pre_dampen_half': 0.12166349739094527, 'gpp_af': 0.013090891945516296, 'gpp_b': 4.659784413303297e-05, 'gpp_d': 9.296657049060359, 'ign_k': 0.11847959501009622, 'ign_c': 1.483785785889369, 'trop_agb_crit': 28.036949191102927, 'trop_k_veg': 5.786650701457932, 'fuel_k': 2.5140015372858504, 'fuel_half': 0.12480915478032917}. Best is trial 1159 with value: -0.6104113392330761.
[I 2026-07-24 02:24:09,956] Trial 1194 finished with value: 0.4587705316742946 and parameters: {'k1': 0.00586109641013748, 'D_low': 4.522917993538488, 'k2': 0.000389660567813246, 'D_high': 119276.94541216799, 'fire_exp': 2.0868462258737197, 'P_half': 91.25435504188947, 'pre_dampen_half': 52.1382536926316, 'gpp_af': 0.002578967811027092, 'gpp_b': 1.364261279588797e-05, 'gpp_d': 18.50311314178566, 'ign_k': 6.493448462198017, 'ign_c': 1.0008308019745717, 'trop_agb_crit': 27.18669572249217, 'trop_k_veg': 2.6600459896604938, 'fuel_k': 0.08300464915693802, 'fuel_half': 0.356856436142449}. Best is trial 1159 with value: -0.6104113392330761.
[I 2026-07-24 02:24:10,374] Trial 1195 finished with value: 0.48130049171276557 and parameters: {'k1': 0.0005167282288931707, 'D_low': 1211.6140105442996, 'k2': 1.5993893848563645e-05, 'D_high': 413179.38342105085, 'fire_exp': 2.1028035615240683, 'P_half': 550.8899557232976, 'pre_dampen_half': 14.212569610352695, 'gpp_af': 0.00375485161347537, 'gpp_b': 4.5918352099468894e-05, 'gpp_d': 14.505031171536938, 'ign_k': 0.06321409674623374, 'ign_c': 1.1081317945294613, 'trop_agb_crit': 25.62594493002855, 'trop_k_veg': 3.066942309216121, 'fuel_k': 1.0611826314028776, 'fuel_half': 0.8090224193698818}. Best is trial 1159 with value: -0.6104113392330761.
[I 2026-07-24 02:24:10,793] Trial 1196 finished with value: 0.5833681395454053 and parameters: {'k1': 0.00010071861003339806, 'D_low': 304.0447657816552, 'k2': 2.4627992113847608e-05, 'D_high': 317094.81775609293, 'fire_exp': 3.3521183640108076, 'P_half': 2016.0960038105832, 'pre_dampen_half': 2.796430851160302, 'gpp_af': 0.05099034319655092, 'gpp_b': 0.00038088133433674857, 'gpp_d': 2.6339943248106072, 'ign_k': 0.06930708805695297, 'ign_c': 1.9310846411913603, 'trop_agb_crit': 21.34174277349049, 'trop_k_veg': 3.4495791856269684, 'fuel_k': 1.1154187484767364, 'fuel_half': 0.1973587710491162}. Best is trial 1159 with value: -0.6104113392330761.
[I 2026-07-24 02:24:11,213] Trial 1197 finished with value: 0.592971497460588 and parameters: {'k1': 3.198332082938762e-05, 'D_low': 326.6369412621159, 'k2': 0.0013473490581494929, 'D_high': 28905.441899899804, 'fire_exp': 3.3117501833510485, 'P_half': 31.318543309995153, 'pre_dampen_half': 448.12393166754026, 'gpp_af': 1.1332237376932168, 'gpp_b': 0.03651349162599072, 'gpp_d': 18.67541054400362, 'ign_k': 0.04712071823459168, 'ign_c': 11.06495830016564, 'trop_agb_crit': 9.528417045819088, 'trop_k_veg': 1.0590264129647418, 'fuel_k': 0.33322143313095925, 'fuel_half': 0.3403822192762492}. Best is trial 1159 with value: -0.6104113392330761.
[I 2026-07-24 02:24:11,628] Trial 1198 finished with value: 0.43296059605054604 and parameters: {'k1': 0.0002515491795171174, 'D_low': 214.82594035928454, 'k2': 0.000253298256063966, 'D_high': 1316995.6617089163, 'fire_exp': 4.438580337322955, 'P_half': 60.60021434870491, 'pre_dampen_half': 58.737338804537195, 'gpp_af': 0.0017168502383547574, 'gpp_b': 0.0003318695262088318, 'gpp_d': 59.18611165186534, 'ign_k': 0.7648495796826901, 'ign_c': 10.506407007413037, 'trop_agb_crit': 12.375570901073901, 'trop_k_veg': 1.529177576434124, 'fuel_k': 1.1232625902119004, 'fuel_half': 0.3404119755155479}. Best is trial 1159 with value: -0.6104113392330761.
[I 2026-07-24 02:24:12,046] Trial 1199 finished with value: 0.49527881797573914 and parameters: {'k1': 0.0005202560786275254, 'D_low': 338.9317874409775, 'k2': 0.0029840685157228306, 'D_high': 4313574.1802328145, 'fire_exp': 5.326846892754888, 'P_half': 97.20291800986263, 'pre_dampen_half': 13.179911684630243, 'gpp_af': 0.37265861837054776, 'gpp_b': 0.001478884061745206, 'gpp_d': 196.30923611567096, 'ign_k': 0.41885919764486423, 'ign_c': 20.539869614598313, 'trop_agb_crit': 9.641532082526153, 'trop_k_veg': 1.2464129535720265, 'fuel_k': 1.0719509163017988, 'fuel_half': 0.13584149422844205}. Best is trial 1159 with value: -0.6104113392330761.
[setup] COUPLING-READY: climate (D_bar/T_air/P_*) + GPP all from global_baseline_modelC_inputs_1997-2016.nc ...
[setup] loading GFED5 reference from burntArea.nc ...
[setup] land cells (GFED5 burnable): 13916 / 64800 (21.5%)
[setup] GFED5 land-mean monthly frac: 0.005068
[opt] warm-start from params.coupledE.k2.json
[warm] Overall=0.6071  bias=0.6782 rmse=0.3836 seas=0.7963 spatial=0.7936
[opt] sampler=TPESampler seed=42
[opt] running 1200 trials against GFED5 ...
  trial   50/1200  best_overall=0.6071  (0.3 min)
  trial  100/1200  best_overall=0.6071  (0.7 min)
  trial  150/1200  best_overall=0.6071  (1.0 min)
  trial  200/1200  best_overall=0.6071  (1.4 min)
  trial  250/1200  best_overall=0.6071  (1.7 min)
  trial  300/1200  best_overall=0.6071  (2.0 min)
  trial  349/1200  best_overall=0.6071  (2.4 min)
  trial  396/1200  best_overall=0.6071  (2.7 min)
  trial  445/1200  best_overall=0.6071  (3.0 min)
  trial  494/1200  best_overall=0.6071  (3.4 min)
  trial  543/1200  best_overall=0.6071  (3.7 min)
  trial  592/1200  best_overall=0.6071  (4.1 min)
  trial  641/1200  best_overall=0.6071  (4.4 min)
  trial  690/1200  best_overall=0.6071  (4.7 min)
  trial  738/1200  best_overall=0.6071  (5.1 min)
  trial  787/1200  best_overall=0.6071  (5.4 min)
  trial  835/1200  best_overall=0.6071  (5.8 min)
  trial  883/1200  best_overall=0.6071  (6.1 min)
  trial  931/1200  best_overall=0.6071  (6.4 min)
  trial  979/1200  best_overall=0.6071  (6.8 min)
  trial 1027/1200  best_overall=0.6071  (7.1 min)
  trial 1075/1200  best_overall=0.6071  (7.4 min)
  trial 1123/1200  best_overall=0.6071  (7.8 min)
  trial 1171/1200  best_overall=0.6104  (8.1 min)

[done] 1200 trials in 8.3 min
       best Overall = 0.6104
[best] Bias=0.6958  RMSE=0.3857  Seas=0.7915  Spatial=0.7933  Overall=0.6104
[diag] raw rate land-mean (yr^-1): 0.0729  (target ~ 0.06082)
[write] /Volumes/RICHIE - T7/FIRE_OFFLINE/models/C/params.coupledE_nogdp.json
[write] /Volumes/RICHIE - T7/FIRE_OFFLINE/ilamb/MODELS/ED-ModelC-final/burntArea.coupledE_nogdp.nc  (11.8 MB)
