[I 2026-08-06 02:21:00,276] Trial 540 finished with values: [-0.48620100203056776, 0.0629474981229301] and parameters: {'k1': 0.003381093273170853, 'D_low': 14.677440038495336, 'k2': 0.006024590664672947, 'D_high': 10316.033434719713, 'fire_exp': 1.6901885781909627, 'P_half': 11.877073321543955, 'pre_dampen_half': 3.3594011166738142, 'gpp_af': 83.56239973758213, 'gpp_b': 0.0004837646996135023, 'gpp_d': 4.25060659305504, 'ign_k': 2.7573353505786358, 'ign_c': 0.773448215664679}.
[I 2026-08-06 02:21:01,176] Trial 541 finished with values: [12.254852857406554, 12.254852857406554] and parameters: {'k1': 0.013164487472745685, 'D_low': 7.068974950624602, 'k2': 0.021307706784814803, 'D_high': 14.403740929157834, 'fire_exp': 1.1044852285094786, 'P_half': 63.585411411994926, 'pre_dampen_half': 703.6426675556048, 'gpp_af': 0.028585493941961918, 'gpp_b': 2.800940363375676e-05, 'gpp_d': 5.878566318396007, 'ign_k': 0.08356564873457054, 'ign_c': 0.6235377135673155}.
[I 2026-08-06 02:21:02,094] Trial 542 finished with values: [10.356324785021258, 10.356324785021258] and parameters: {'k1': 0.0016129739560722712, 'D_low': 9.330007965781027, 'k2': 4.763991596630584e-05, 'D_high': 24939.838794891497, 'fire_exp': 1.1044852285094786, 'P_half': 11.877073321543955, 'pre_dampen_half': 3.3594011166738142, 'gpp_af': 22.766850248686247, 'gpp_b': 2.800940363375676e-05, 'gpp_d': 4.982605027348069, 'ign_k': 7.799059237255681, 'ign_c': 3.735862630812751}.
[I 2026-08-06 02:21:02,996] Trial 543 finished with values: [-0.517056177873879, 0.03929142020873011] and parameters: {'k1': 0.014666151770108535, 'D_low': 9.330007965781027, 'k2': 0.034987345440353576, 'D_high': 949.9072859745386, 'fire_exp': 1.010722707674549, 'P_half': 39.03214299767183, 'pre_dampen_half': 1.6130673726933187, 'gpp_af': 0.028585493941961918, 'gpp_b': 3.228689523591491e-05, 'gpp_d': 5.878566318396007, 'ign_k': 0.0037322156377670697, 'ign_c': 2.4287565087611744}.
[I 2026-08-06 02:21:03,901] Trial 544 finished with values: [10.583525935454247, 10.583525935454247] and parameters: {'k1': 0.003381093273170853, 'D_low': 18.522006003174383, 'k2': 0.0499774937030317, 'D_high': 949.9072859745386, 'fire_exp': 1.010722707674549, 'P_half': 11.877073321543955, 'pre_dampen_half': 3.3594011166738142, 'gpp_af': 0.5107061330406066, 'gpp_b': 5.2308563179361105e-05, 'gpp_d': 39.827466658711515, 'ign_k': 3.7173717478250508, 'ign_c': 0.7724824966785973}.
[I 2026-08-06 02:21:04,794] Trial 545 finished with values: [10.608044398493721, 10.608044398493721] and parameters: {'k1': 0.0002514786015817364, 'D_low': 7.068974950624602, 'k2': 2.6285770615112825e-05, 'D_high': 75773.14388518519, 'fire_exp': 1.7460031217480432, 'P_half': 958.8659498594012, 'pre_dampen_half': 25.2636741027941, 'gpp_af': 0.004339536161007625, 'gpp_b': 2.800940363375676e-05, 'gpp_d': 300.3420512048734, 'ign_k': 0.031134168041628628, 'ign_c': 19.19168994439752}.
[I 2026-08-06 02:21:05,690] Trial 546 finished with values: [11.302516824101607, 11.302516824101607] and parameters: {'k1': 0.0016129739560722712, 'D_low': 9.330007965781027, 'k2': 0.0499774937030317, 'D_high': 31030.112026960956, 'fire_exp': 1.010722707674549, 'P_half': 39.03214299767183, 'pre_dampen_half': 3.3594011166738142, 'gpp_af': 4.582731702170249, 'gpp_b': 2.800940363375676e-05, 'gpp_d': 107.84642153666701, 'ign_k': 0.01474275315991467, 'ign_c': 34.19108473554449}.
[I 2026-08-06 02:21:06,590] Trial 547 finished with values: [10.551349777604045, 10.551349777604045] and parameters: {'k1': 0.03232155805617897, 'D_low': 7.068974950624602, 'k2': 0.0499774937030317, 'D_high': 949.9072859745386, 'fire_exp': 1.0473002272689056, 'P_half': 664.2027816373393, 'pre_dampen_half': 14.689898077648792, 'gpp_af': 0.028585493941961918, 'gpp_b': 3.228689523591491e-05, 'gpp_d': 368.30088529547436, 'ign_k': 3.7173717478250508, 'ign_c': 14.367095138664217}.
[I 2026-08-06 02:21:07,538] Trial 548 finished with values: [10.525908508694044, 10.525908508694044] and parameters: {'k1': 2.0937989739527727e-05, 'D_low': 7.068974950624602, 'k2': 0.08894151386481904, 'D_high': 75773.14388518519, 'fire_exp': 1.1044852285094786, 'P_half': 63.585411411994926, 'pre_dampen_half': 857.6556763881457, 'gpp_af': 0.00515795696727661, 'gpp_b': 0.1676789742547917, 'gpp_d': 300.3420512048734, 'ign_k': 0.04563289369649656, 'ign_c': 0.6235377135673155}.
[I 2026-08-06 02:21:08,440] Trial 549 finished with values: [10.74315352383736, 10.74315352383736] and parameters: {'k1': 2.0937989739527727e-05, 'D_low': 7.068974950624602, 'k2': 1.4378290221680118e-05, 'D_high': 75773.14388518519, 'fire_exp': 1.1044852285094786, 'P_half': 958.8659498594012, 'pre_dampen_half': 25.2636741027941, 'gpp_af': 0.004339536161007625, 'gpp_b': 0.10123867001105968, 'gpp_d': 39.827466658711515, 'ign_k': 0.01474275315991467, 'ign_c': 14.367095138664217}.
[I 2026-08-06 02:21:09,337] Trial 550 finished with values: [10.049557229556406, 10.049557229556406] and parameters: {'k1': 0.08926311370835228, 'D_low': 18.522006003174383, 'k2': 3.5917714215176105e-05, 'D_high': 1687.3495104568947, 'fire_exp': 1.010722707674549, 'P_half': 608.3019192425825, 'pre_dampen_half': 14.689898077648792, 'gpp_af': 0.2343193755572473, 'gpp_b': 0.1676789742547917, 'gpp_d': 3.1220565647859098, 'ign_k': 3.7173717478250508, 'ign_c': 14.367095138664217}.
[I 2026-08-06 02:21:10,227] Trial 551 finished with values: [-0.5905371188443145, 0.011619838525493642] and parameters: {'k1': 0.025383218374507292, 'D_low': 51.9967392387832, 'k2': 0.006138509947844854, 'D_high': 2969.087094484682, 'fire_exp': 1.010722707674549, 'P_half': 958.8659498594012, 'pre_dampen_half': 14.689898077648792, 'gpp_af': 0.004339536161007625, 'gpp_b': 0.000832333943844274, 'gpp_d': 300.3420512048734, 'ign_k': 0.6454459531371669, 'ign_c': 19.19168994439752}.
[I 2026-08-06 02:21:11,136] Trial 552 finished with values: [10.761459582019254, 10.761459582019254] and parameters: {'k1': 3.252245757497282e-05, 'D_low': 175.2878790340412, 'k2': 1.4378290221680118e-05, 'D_high': 24939.838794891497, 'fire_exp': 3.627844665636024, 'P_half': 1.3035590385085063, 'pre_dampen_half': 2.292633983096564, 'gpp_af': 0.028585493941961918, 'gpp_b': 2.800940363375676e-05, 'gpp_d': 5.878566318396007, 'ign_k': 0.18170401889219123, 'ign_c': 0.1457050032975653}.
[I 2026-08-06 02:21:12,008] Trial 553 finished with values: [-0.5032359277022204, 0.0496807946281449] and parameters: {'k1': 0.003381093273170853, 'D_low': 1.2299210465793122, 'k2': 4.763991596630584e-05, 'D_high': 400.9149428326862, 'fire_exp': 1.2680134752324452, 'P_half': 664.2027816373393, 'pre_dampen_half': 14.689898077648792, 'gpp_af': 22.766850248686247, 'gpp_b': 5.2308563179361105e-05, 'gpp_d': 300.3420512048734, 'ign_k': 3.7173717478250508, 'ign_c': 0.7724824966785973}.
[I 2026-08-06 02:21:13,069] Trial 554 finished with values: [10.412084615489494, 10.412084615489494] and parameters: {'k1': 0.014666151770108535, 'D_low': 51.9967392387832, 'k2': 0.034987345440353576, 'D_high': 949.9072859745386, 'fire_exp': 1.010722707674549, 'P_half': 958.8659498594012, 'pre_dampen_half': 1.6130673726933187, 'gpp_af': 0.004339536161007625, 'gpp_b': 3.228689523591491e-05, 'gpp_d': 5.878566318396007, 'ign_k': 0.0037322156377670697, 'ign_c': 19.19168994439752}.
[I 2026-08-06 02:21:13,970] Trial 555 finished with values: [11.583236353017995, 11.583236353017995] and parameters: {'k1': 1.0941664389997354e-05, 'D_low': 616.4329525571076, 'k2': 0.0004381141781653133, 'D_high': 24939.838794891497, 'fire_exp': 1.2680134752324452, 'P_half': 403.3495283157659, 'pre_dampen_half': 25.15960733455044, 'gpp_af': 11.234842109991876, 'gpp_b': 0.000832333943844274, 'gpp_d': 300.3420512048734, 'ign_k': 7.799059237255681, 'ign_c': 3.735862630812751}.
[I 2026-08-06 02:21:14,857] Trial 556 finished with values: [10.702703723209558, 10.702703723209558] and parameters: {'k1': 0.00020222983754231334, 'D_low': 1.2299210465793122, 'k2': 0.0499774937030317, 'D_high': 1177.190025324204, 'fire_exp': 1.2680134752324452, 'P_half': 11.877073321543955, 'pre_dampen_half': 3.3594011166738142, 'gpp_af': 0.5107061330406066, 'gpp_b': 1.5938003265859821, 'gpp_d': 300.3420512048734, 'ign_k': 0.0022462908940323947, 'ign_c': 2.5264326476269368}.
[I 2026-08-06 02:21:15,743] Trial 557 finished with values: [12.511746007761493, 12.511746007761493] and parameters: {'k1': 0.025383218374507292, 'D_low': 51.9967392387832, 'k2': 0.006138509947844854, 'D_high': 6455.595882939566, 'fire_exp': 1.1044852285094786, 'P_half': 63.585411411994926, 'pre_dampen_half': 14.689898077648792, 'gpp_af': 0.004339536161007625, 'gpp_b': 2.800940363375676e-05, 'gpp_d': 368.30088529547436, 'ign_k': 0.01474275315991467, 'ign_c': 19.19168994439752}.
[I 2026-08-06 02:21:16,644] Trial 558 finished with values: [-0.5069715937248643, 0.05482109195108964] and parameters: {'k1': 0.0014452451441203328, 'D_low': 968.2012086882471, 'k2': 1.3577269394141447e-05, 'D_high': 24939.838794891497, 'fire_exp': 1.010722707674549, 'P_half': 187.6006822030065, 'pre_dampen_half': 3.3594011166738142, 'gpp_af': 13.560863064135962, 'gpp_b': 2.9612221068836557e-05, 'gpp_d': 300.3420512048734, 'ign_k': 7.799059237255681, 'ign_c': 3.735862630812751}.
[I 2026-08-06 02:21:17,544] Trial 559 finished with values: [10.615078276996151, 10.615078276996151] and parameters: {'k1': 0.0014452451441203328, 'D_low': 7.068974950624602, 'k2': 4.763991596630584e-05, 'D_high': 31030.112026960956, 'fire_exp': 1.1044852285094786, 'P_half': 338.23872019362165, 'pre_dampen_half': 3.3594011166738142, 'gpp_af': 22.766850248686247, 'gpp_b': 1.4427571100855582e-05, 'gpp_d': 5.878566318396007, 'ign_k': 0.019192001101561888, 'ign_c': 111.18405953132105}.
[I 2026-08-06 02:21:18,462] Trial 560 finished with values: [-0.5155530471434802, 0.04358103713615946] and parameters: {'k1': 0.03232155805617897, 'D_low': 9.330007965781027, 'k2': 4.763991596630584e-05, 'D_high': 6455.595882939566, 'fire_exp': 1.1044852285094786, 'P_half': 11.877073321543955, 'pre_dampen_half': 3.3594011166738142, 'gpp_af': 22.766850248686247, 'gpp_b': 2.800940363375676e-05, 'gpp_d': 4.982605027348069, 'ign_k': 3.7173717478250508, 'ign_c': 14.367095138664217}.
[I 2026-08-06 02:21:19,361] Trial 561 finished with values: [-0.47462684268712396, 0.032289604318423315] and parameters: {'k1': 0.021368329072358756, 'D_low': 7.068974950624602, 'k2': 1.4378290221680118e-05, 'D_high': 949.9072859745386, 'fire_exp': 1.1044852285094786, 'P_half': 39.03214299767183, 'pre_dampen_half': 2.292633983096564, 'gpp_af': 0.09651979281656148, 'gpp_b': 6.255968081638362e-05, 'gpp_d': 5.878566318396007, 'ign_k': 0.0037322156377670697, 'ign_c': 34.19108473554449}.
[I 2026-08-06 02:21:20,230] Trial 562 finished with values: [15.823199479359733, 15.823199479359733] and parameters: {'k1': 0.001862787834791215, 'D_low': 7.068974950624602, 'k2': 0.02065142557895925, 'D_high': 75773.14388518519, 'fire_exp': 1.1044852285094786, 'P_half': 63.585411411994926, 'pre_dampen_half': 28.01075698398644, 'gpp_af': 0.028585493941961918, 'gpp_b': 2.800940363375676e-05, 'gpp_d': 5.878566318396007, 'ign_k': 0.01474275315991467, 'ign_c': 0.6235377135673155}.
[I 2026-08-06 02:21:21,114] Trial 563 finished with values: [12.380398119804411, 12.380398119804411] and parameters: {'k1': 0.021368329072358756, 'D_low': 7.068974950624602, 'k2': 0.0499774937030317, 'D_high': 75773.14388518519, 'fire_exp': 1.1044852285094786, 'P_half': 39.03214299767183, 'pre_dampen_half': 25.2636741027941, 'gpp_af': 0.028585493941961918, 'gpp_b': 2.800940363375676e-05, 'gpp_d': 300.3420512048734, 'ign_k': 1.59348065855562, 'ign_c': 19.19168994439752}.
[I 2026-08-06 02:21:22,001] Trial 564 finished with values: [-0.5024691127902665, 0.07310469632950323] and parameters: {'k1': 0.0016129739560722712, 'D_low': 9.330007965781027, 'k2': 0.03071666851587867, 'D_high': 949.9072859745386, 'fire_exp': 1.1044852285094786, 'P_half': 11.877073321543955, 'pre_dampen_half': 3.3594011166738142, 'gpp_af': 22.766850248686247, 'gpp_b': 2.800940363375676e-05, 'gpp_d': 368.30088529547436, 'ign_k': 0.01474275315991467, 'ign_c': 0.7724824966785973}.
[I 2026-08-06 02:21:22,902] Trial 565 finished with values: [10.59829133074544, 10.59829133074544] and parameters: {'k1': 0.08926311370835228, 'D_low': 7.068974950624602, 'k2': 4.860905111373887e-05, 'D_high': 75773.14388518519, 'fire_exp': 1.1044852285094786, 'P_half': 608.3019192425825, 'pre_dampen_half': 0.10017312476738939, 'gpp_af': 0.2343193755572473, 'gpp_b': 2.800940363375676e-05, 'gpp_d': 368.30088529547436, 'ign_k': 3.7173717478250508, 'ign_c': 0.6235377135673155}.
[I 2026-08-06 02:21:23,805] Trial 566 finished with values: [10.04932257674917, 10.04932257674917] and parameters: {'k1': 0.0004846497679219079, 'D_low': 7.068974950624602, 'k2': 4.860905111373887e-05, 'D_high': 75773.14388518519, 'fire_exp': 1.1044852285094786, 'P_half': 608.3019192425825, 'pre_dampen_half': 1.4445251022763053, 'gpp_af': 22.766850248686247, 'gpp_b': 2.800940363375676e-05, 'gpp_d': 368.30088529547436, 'ign_k': 3.7173717478250508, 'ign_c': 0.6235377135673155}.
[I 2026-08-06 02:21:24,753] Trial 567 finished with values: [10.768880551261056, 10.768880551261056] and parameters: {'k1': 0.03232155805617897, 'D_low': 7.068974950624602, 'k2': 4.676601116802035e-05, 'D_high': 6455.595882939566, 'fire_exp': 1.0473002272689056, 'P_half': 664.2027816373393, 'pre_dampen_half': 1.4445251022763053, 'gpp_af': 22.766850248686247, 'gpp_b': 1.5938003265859821, 'gpp_d': 0.03333029838740256, 'ign_k': 0.005522071973135812, 'ign_c': 14.367095138664217}.
[I 2026-08-06 02:21:25,671] Trial 568 finished with values: [10.00833413774098, 10.00833413774098] and parameters: {'k1': 3.252245757497282e-05, 'D_low': 351.3346616869279, 'k2': 0.08894151386481904, 'D_high': 3660.150802571655, 'fire_exp': 1.5201277403788451, 'P_half': 1.3035590385085063, 'pre_dampen_half': 59.66041614891413, 'gpp_af': 0.2343193755572473, 'gpp_b': 0.1676789742547917, 'gpp_d': 5.878566318396007, 'ign_k': 0.04563289369649656, 'ign_c': 0.1457050032975653}.
[I 2026-08-06 02:21:26,588] Trial 569 finished with values: [10.440609301283288, 10.440609301283288] and parameters: {'k1': 0.006697348618512094, 'D_low': 1.54121727098019, 'k2': 0.02065142557895925, 'D_high': 31030.112026960956, 'fire_exp': 1.010722707674549, 'P_half': 338.23872019362165, 'pre_dampen_half': 3.3594011166738142, 'gpp_af': 0.028585493941961918, 'gpp_b': 1.4427571100855582e-05, 'gpp_d': 107.84642153666701, 'ign_k': 0.0013376564232104107, 'ign_c': 111.18405953132105}.
[I 2026-08-06 02:21:27,474] Trial 570 finished with values: [10.767980357890924, 10.767980357890924] and parameters: {'k1': 0.05557109890966285, 'D_low': 9.330007965781027, 'k2': 4.763991596630584e-05, 'D_high': 3660.150802571655, 'fire_exp': 1.633445707733642, 'P_half': 1.3035590385085063, 'pre_dampen_half': 14.689898077648792, 'gpp_af': 0.0018190993482387697, 'gpp_b': 0.10123867001105968, 'gpp_d': 5.087233554384502, 'ign_k': 0.04563289369649656, 'ign_c': 0.1457050032975653}.
[I 2026-08-06 02:21:28,377] Trial 571 finished with values: [10.373470967523023, 10.373470967523023] and parameters: {'k1': 2.0937989739527727e-05, 'D_low': 7.068974950624602, 'k2': 4.763991596630584e-05, 'D_high': 75773.14388518519, 'fire_exp': 1.1044852285094786, 'P_half': 63.585411411994926, 'pre_dampen_half': 247.25776073156666, 'gpp_af': 10.25616274847308, 'gpp_b': 0.17962348438857098, 'gpp_d': 5.878566318396007, 'ign_k': 0.13054148118849407, 'ign_c': 34.19108473554449}.
[I 2026-08-06 02:21:29,295] Trial 572 finished with values: [10.44753580232642, 10.44753580232642] and parameters: {'k1': 0.003381093273170853, 'D_low': 616.4329525571076, 'k2': 0.0004381141781653133, 'D_high': 31030.112026960956, 'fire_exp': 1.2680134752324452, 'P_half': 403.3495283157659, 'pre_dampen_half': 25.15960733455044, 'gpp_af': 22.766850248686247, 'gpp_b': 1.5938003265859821, 'gpp_d': 5.878566318396007, 'ign_k': 7.799059237255681, 'ign_c': 3.735862630812751}.
[I 2026-08-06 02:21:30,197] Trial 573 finished with values: [11.597526548488368, 11.597526548488368] and parameters: {'k1': 0.08926311370835228, 'D_low': 7.068974950624602, 'k2': 3.5917714215176105e-05, 'D_high': 75773.14388518519, 'fire_exp': 1.0473002272689056, 'P_half': 608.3019192425825, 'pre_dampen_half': 14.689898077648792, 'gpp_af': 0.2343193755572473, 'gpp_b': 2.7719116797094715e-05, 'gpp_d': 39.827466658711515, 'ign_k': 7.799059237255681, 'ign_c': 14.367095138664217}.
[I 2026-08-06 02:21:31,100] Trial 574 finished with values: [11.844108519996615, 11.844108519996615] and parameters: {'k1': 0.03047028350021925, 'D_low': 18.522006003174383, 'k2': 0.0004381141781653133, 'D_high': 24939.838794891497, 'fire_exp': 1.0473002272689056, 'P_half': 608.3019192425825, 'pre_dampen_half': 25.15960733455044, 'gpp_af': 11.234842109991876, 'gpp_b': 1.5938003265859821, 'gpp_d': 39.827466658711515, 'ign_k': 3.7173717478250508, 'ign_c': 3.735862630812751}.
[I 2026-08-06 02:21:31,986] Trial 575 finished with values: [11.021035485744852, 11.021035485744852] and parameters: {'k1': 0.0016129739560722712, 'D_low': 26.21130418912424, 'k2': 0.00014091459170104733, 'D_high': 24939.838794891497, 'fire_exp': 1.1044852285094786, 'P_half': 5.15399351160314, 'pre_dampen_half': 5.542030950268268, 'gpp_af': 0.028585493941961918, 'gpp_b': 0.0004837646996135023, 'gpp_d': 0.6380717024176037, 'ign_k': 0.04563289369649656, 'ign_c': 0.1457050032975653}.
[I 2026-08-06 02:21:32,904] Trial 576 finished with values: [10.571913324596135, 10.571913324596135] and parameters: {'k1': 0.007183692410204826, 'D_low': 7.068974950624602, 'k2': 4.860905111373887e-05, 'D_high': 75773.14388518519, 'fire_exp': 1.1044852285094786, 'P_half': 63.585411411994926, 'pre_dampen_half': 1.4445251022763053, 'gpp_af': 0.028585493941961918, 'gpp_b': 2.800940363375676e-05, 'gpp_d': 5.878566318396007, 'ign_k': 0.01474275315991467, 'ign_c': 161.03205392189665}.
[I 2026-08-06 02:21:34,015] Trial 577 finished with values: [10.212962068150551, 10.212962068150551] and parameters: {'k1': 0.014666151770108535, 'D_low': 51.9967392387832, 'k2': 0.034987345440353576, 'D_high': 6455.595882939566, 'fire_exp': 1.010722707674549, 'P_half': 958.8659498594012, 'pre_dampen_half': 1.6130673726933187, 'gpp_af': 0.004339536161007625, 'gpp_b': 3.228689523591491e-05, 'gpp_d': 5.878566318396007, 'ign_k': 0.0227929621949939, 'ign_c': 2.4287565087611744}.
[I 2026-08-06 02:21:34,887] Trial 578 finished with values: [10.117280617613684, 10.117280617613684] and parameters: {'k1': 1.8064907756357243e-05, 'D_low': 18.522006003174383, 'k2': 0.03071666851587867, 'D_high': 949.9072859745386, 'fire_exp': 1.010722707674549, 'P_half': 63.585411411994926, 'pre_dampen_half': 3.3594011166738142, 'gpp_af': 0.2343193755572473, 'gpp_b': 2.800940363375676e-05, 'gpp_d': 368.30088529547436, 'ign_k': 1.8167721131483867, 'ign_c': 0.7724824966785973}.
[I 2026-08-06 02:21:35,771] Trial 579 finished with values: [-0.5292038821599455, 0.021800331261036976] and parameters: {'k1': 0.003381093273170853, 'D_low': 616.4329525571076, 'k2': 0.0004381141781653133, 'D_high': 24939.838794891497, 'fire_exp': 1.2680134752324452, 'P_half': 403.3495283157659, 'pre_dampen_half': 25.15960733455044, 'gpp_af': 11.234842109991876, 'gpp_b': 1.5938003265859821, 'gpp_d': 300.3420512048734, 'ign_k': 7.799059237255681, 'ign_c': 3.735862630812751}.
[I 2026-08-06 02:21:36,672] Trial 580 finished with values: [10.27308357592679, 10.27308357592679] and parameters: {'k1': 0.03232155805617897, 'D_low': 9.330007965781027, 'k2': 1.1184534120760473e-05, 'D_high': 75773.14388518519, 'fire_exp': 1.0473002272689056, 'P_half': 664.2027816373393, 'pre_dampen_half': 14.689898077648792, 'gpp_af': 22.766850248686247, 'gpp_b': 2.7719116797094715e-05, 'gpp_d': 5.878566318396007, 'ign_k': 3.7173717478250508, 'ign_c': 2.92043384718141}.
[I 2026-08-06 02:21:37,588] Trial 581 finished with values: [11.752386708864384, 11.752386708864384] and parameters: {'k1': 0.025383218374507292, 'D_low': 26.21130418912424, 'k2': 0.00014091459170104733, 'D_high': 17300.724838654387, 'fire_exp': 1.010722707674549, 'P_half': 958.8659498594012, 'pre_dampen_half': 14.689898077648792, 'gpp_af': 0.004339536161007625, 'gpp_b': 3.0247471647147563e-05, 'gpp_d': 300.3420512048734, 'ign_k': 3.7954792742512957, 'ign_c': 2.92043384718141}.
[I 2026-08-06 02:21:38,474] Trial 582 finished with values: [-0.5079487067169481, 0.03075754744074577] and parameters: {'k1': 2.0937989739527727e-05, 'D_low': 7.068974950624602, 'k2': 1.4378290221680118e-05, 'D_high': 75773.14388518519, 'fire_exp': 1.1044852285094786, 'P_half': 2.157758652553991, 'pre_dampen_half': 1.4445251022763053, 'gpp_af': 0.028585493941961918, 'gpp_b': 2.800940363375676e-05, 'gpp_d': 5.878566318396007, 'ign_k': 0.1550134937334847, 'ign_c': 2.92043384718141}.
[I 2026-08-06 02:21:39,426] Trial 583 finished with values: [10.530120611410837, 10.530120611410837] and parameters: {'k1': 0.021368329072358756, 'D_low': 1858.6220273069061, 'k2': 1.1184534120760473e-05, 'D_high': 75773.14388518519, 'fire_exp': 1.1044852285094786, 'P_half': 125.61043700013555, 'pre_dampen_half': 1.4445251022763053, 'gpp_af': 0.028585493941961918, 'gpp_b': 2.7719116797094715e-05, 'gpp_d': 5.878566318396007, 'ign_k': 0.01474275315991467, 'ign_c': 2.92043384718141}.
[I 2026-08-06 02:21:40,313] Trial 584 finished with values: [-0.497715716815625, 0.044966932973158236] and parameters: {'k1': 0.003381093273170853, 'D_low': 26.21130418912424, 'k2': 0.003967633935744858, 'D_high': 17300.724838654387, 'fire_exp': 1.2680134752324452, 'P_half': 403.3495283157659, 'pre_dampen_half': 5.542030950268268, 'gpp_af': 13.560863064135962, 'gpp_b': 0.000832333943844274, 'gpp_d': 1.826381177000974, 'ign_k': 7.799059237255681, 'ign_c': 2.92043384718141}.
