[I 2026-06-11 01:08:27,752] Trial 910 finished with values: [10.612690213311176, 10.612690213311176] and parameters: {'k1': 0.09738633019266786, 'D_low': 98.98117700885537, 'k2': 0.011469197890812934, 'D_high': 1024.9816559563214, 'fire_exp': 1.0881360604103363, 'P_half': 13.019246714361572, 'pre_dampen_half': 0.11683066038621145, 'gpp_af': 0.008562341633595545, 'gpp_b': 3.228689523591491e-05, 'gpp_d': 2.8006820077310213, 'ign_k': 8.761971101023693, 'ign_c': 0.11650681118986138, 'trop_agb_crit': 9.836162684900028, 'trop_k_veg': 0.5772603928610088, 'fuel_k': 0.05597555634027867, 'fuel_half': 60.39526675016393}.
[I 2026-06-11 01:08:29,460] Trial 911 finished with values: [10.166379045425284, 10.166379045425284] and parameters: {'k1': 0.05233480488540085, 'D_low': 10.733257635049776, 'k2': 0.011469197890812934, 'D_high': 1055.3846463525656, 'fire_exp': 6.929518012613004, 'P_half': 16.051347487097576, 'pre_dampen_half': 502.5175192217655, 'gpp_af': 0.005618069878716736, 'gpp_b': 7.402343469704428e-05, 'gpp_d': 2.8006820077310213, 'ign_k': 4.591485216740537, 'ign_c': 0.11650681118986138, 'trop_agb_crit': 9.836162684900028, 'trop_k_veg': 4.599337386928772, 'fuel_k': 0.05597555634027867, 'fuel_half': 52.00581729114123}.
[I 2026-06-11 01:08:31,031] Trial 912 finished with values: [-0.805484873092745, 0.2739482450919214] and parameters: {'k1': 0.09738633019266786, 'D_low': 98.98117700885537, 'k2': 0.03865036856259725, 'D_high': 1390.2686711035008, 'fire_exp': 1.3224672913793163, 'P_half': 10.226988730324324, 'pre_dampen_half': 502.5175192217655, 'gpp_af': 0.008562341633595545, 'gpp_b': 0.00012118589392553798, 'gpp_d': 0.32837927360248453, 'ign_k': 0.5131654955148326, 'ign_c': 0.11650681118986138, 'trop_agb_crit': 24.584290528289387, 'trop_k_veg': 4.599337386928772, 'fuel_k': 4.680936683972861, 'fuel_half': 52.00581729114123}.
[I 2026-06-11 01:08:32,625] Trial 913 finished with values: [-0.7515498683060239, 0.22147926804980633] and parameters: {'k1': 0.09738633019266786, 'D_low': 4.484744524732794, 'k2': 0.03865036856259725, 'D_high': 1390.2686711035008, 'fire_exp': 1.2310899049053081, 'P_half': 13.019246714361572, 'pre_dampen_half': 502.5175192217655, 'gpp_af': 0.008562341633595545, 'gpp_b': 0.00010318352929732131, 'gpp_d': 0.23485690470339216, 'ign_k': 8.761971101023693, 'ign_c': 0.11650681118986138, 'trop_agb_crit': 1.310122900330372, 'trop_k_veg': 0.5772603928610088, 'fuel_k': 0.05597555634027867, 'fuel_half': 7.860326410149304}.
[I 2026-06-11 01:08:34,252] Trial 914 finished with values: [10.400791734797867, 10.400791734797867] and parameters: {'k1': 6.164274350785426e-05, 'D_low': 1.4045842344024697, 'k2': 0.011469197890812934, 'D_high': 1024.9816559563214, 'fire_exp': 1.1258453832483524, 'P_half': 1327.5361137191958, 'pre_dampen_half': 502.5175192217655, 'gpp_af': 0.015769192447197523, 'gpp_b': 7.402343469704428e-05, 'gpp_d': 2.8006820077310213, 'ign_k': 8.761971101023693, 'ign_c': 0.11650681118986138, 'trop_agb_crit': 12.090290534777825, 'trop_k_veg': 5.546867170791755, 'fuel_k': 0.05597555634027867, 'fuel_half': 0.14319038307687884}.
[I 2026-06-11 01:08:35,873] Trial 915 finished with values: [10.765917322538685, 10.765917322538685] and parameters: {'k1': 0.09738633019266786, 'D_low': 4.484744524732794, 'k2': 0.03865036856259725, 'D_high': 1390.2686711035008, 'fire_exp': 3.4852762390864642, 'P_half': 10.226988730324324, 'pre_dampen_half': 502.5175192217655, 'gpp_af': 0.008562341633595545, 'gpp_b': 0.0348406414949881, 'gpp_d': 2.8006820077310213, 'ign_k': 0.5131654955148326, 'ign_c': 0.11650681118986138, 'trop_agb_crit': 1.310122900330372, 'trop_k_veg': 1.4584243470991722, 'fuel_k': 0.05597555634027867, 'fuel_half': 60.39526675016393}.
[I 2026-06-11 01:08:37,440] Trial 916 finished with values: [-0.7732406075449396, 0.1948111513963211] and parameters: {'k1': 0.004312951023617458, 'D_low': 4.484744524732794, 'k2': 0.03865036856259725, 'D_high': 1390.2686711035008, 'fire_exp': 1.2310899049053081, 'P_half': 10.226988730324324, 'pre_dampen_half': 502.5175192217655, 'gpp_af': 0.008562341633595545, 'gpp_b': 0.00010318352929732131, 'gpp_d': 3.481791290455529, 'ign_k': 8.761971101023693, 'ign_c': 0.11650681118986138, 'trop_agb_crit': 1.310122900330372, 'trop_k_veg': 4.1309639246402785, 'fuel_k': 0.05597555634027867, 'fuel_half': 52.00581729114123}.
[I 2026-06-11 01:08:38,940] Trial 917 finished with values: [10.23244077717078, 10.23244077717078] and parameters: {'k1': 0.00015495079374286172, 'D_low': 1.4045842344024697, 'k2': 0.03865036856259725, 'D_high': 1024.9816559563214, 'fire_exp': 1.591671544437082, 'P_half': 13.019246714361572, 'pre_dampen_half': 502.5175192217655, 'gpp_af': 0.015769192447197523, 'gpp_b': 0.00010318352929732131, 'gpp_d': 2.8006820077310213, 'ign_k': 0.5131654955148326, 'ign_c': 0.11650681118986138, 'trop_agb_crit': 9.879645484210656, 'trop_k_veg': 7.359706248396124, 'fuel_k': 0.05597555634027867, 'fuel_half': 15.29850686893745}.
[I 2026-06-11 01:08:40,355] Trial 918 finished with values: [10.565868687356474, 10.565868687356474] and parameters: {'k1': 3.619136963999883e-05, 'D_low': 92.55037589041179, 'k2': 0.03865036856259725, 'D_high': 204.16881527138202, 'fire_exp': 1.2310899049053081, 'P_half': 16.051347487097576, 'pre_dampen_half': 6.685131651092355, 'gpp_af': 0.015769192447197523, 'gpp_b': 7.402343469704428e-05, 'gpp_d': 9.004606022643067, 'ign_k': 8.761971101023693, 'ign_c': 0.11650681118986138, 'trop_agb_crit': 10.412790284818238, 'trop_k_veg': 1.4584243470991722, 'fuel_k': 3.6992394681929337, 'fuel_half': 0.14319038307687884}.
[I 2026-06-11 01:08:41,778] Trial 919 finished with values: [10.019587814380765, 10.019587814380765] and parameters: {'k1': 6.164274350785426e-05, 'D_low': 1.4045842344024697, 'k2': 0.03865036856259725, 'D_high': 1024.9816559563214, 'fire_exp': 1.591671544437082, 'P_half': 13.019246714361572, 'pre_dampen_half': 502.5175192217655, 'gpp_af': 0.015769192447197523, 'gpp_b': 7.402343469704428e-05, 'gpp_d': 0.23485690470339216, 'ign_k': 0.5131654955148326, 'ign_c': 0.11650681118986138, 'trop_agb_crit': 1.1073237802669997, 'trop_k_veg': 7.359706248396124, 'fuel_k': 1.435781801468936, 'fuel_half': 0.14319038307687884}.
[I 2026-06-11 01:08:43,317] Trial 920 finished with values: [10.769230769178105, 10.769230769178105] and parameters: {'k1': 0.004312951023617458, 'D_low': 4.484744524732794, 'k2': 0.03865036856259725, 'D_high': 1390.2686711035008, 'fire_exp': 1.2310899049053081, 'P_half': 13.019246714361572, 'pre_dampen_half': 502.5175192217655, 'gpp_af': 0.008562341633595545, 'gpp_b': 0.00010318352929732131, 'gpp_d': 0.23485690470339216, 'ign_k': 0.5131654955148326, 'ign_c': 311.38068051213736, 'trop_agb_crit': 5.881906289439389, 'trop_k_veg': 4.1309639246402785, 'fuel_k': 0.05597555634027867, 'fuel_half': 60.39526675016393}.
[I 2026-06-11 01:08:44,981] Trial 921 finished with values: [10.701385112157714, 10.701385112157714] and parameters: {'k1': 0.003508854952536167, 'D_low': 1107.8632295006516, 'k2': 0.03865036856259725, 'D_high': 1024.9816559563214, 'fire_exp': 1.1258453832483524, 'P_half': 343.5759946100352, 'pre_dampen_half': 502.5175192217655, 'gpp_af': 0.015769192447197523, 'gpp_b': 7.402343469704428e-05, 'gpp_d': 2.8006820077310213, 'ign_k': 0.5131654955148326, 'ign_c': 0.11650681118986138, 'trop_agb_crit': 5.707205898008383, 'trop_k_veg': 4.599337386928772, 'fuel_k': 0.05597555634027867, 'fuel_half': 15.29850686893745}.
[I 2026-06-11 01:08:47,031] Trial 922 finished with values: [10.532027378704639, 10.532027378704639] and parameters: {'k1': 0.006587536748686894, 'D_low': 4.484744524732794, 'k2': 0.03865036856259725, 'D_high': 1390.2686711035008, 'fire_exp': 1.4456782093093066, 'P_half': 10.226988730324324, 'pre_dampen_half': 2.031362225012909, 'gpp_af': 0.008562341633595545, 'gpp_b': 0.00010318352929732131, 'gpp_d': 2.8006820077310213, 'ign_k': 0.5131654955148326, 'ign_c': 0.11650681118986138, 'trop_agb_crit': 9.879645484210656, 'trop_k_veg': 7.359706248396124, 'fuel_k': 0.05597555634027867, 'fuel_half': 60.39526675016393}.
[I 2026-06-11 01:08:48,865] Trial 923 finished with values: [10.097657930334515, 10.097657930334515] and parameters: {'k1': 0.00013783578294796384, 'D_low': 4.484744524732794, 'k2': 0.0027431991397796683, 'D_high': 1390.2686711035008, 'fire_exp': 1.2310899049053081, 'P_half': 13.019246714361572, 'pre_dampen_half': 502.5175192217655, 'gpp_af': 0.015769192447197523, 'gpp_b': 0.00010318352929732131, 'gpp_d': 2.8006820077310213, 'ign_k': 8.761971101023693, 'ign_c': 0.11650681118986138, 'trop_agb_crit': 5.881906289439389, 'trop_k_veg': 4.1309639246402785, 'fuel_k': 0.05597555634027867, 'fuel_half': 60.39526675016393}.
[I 2026-06-11 01:08:50,614] Trial 924 finished with values: [-0.7607339320829276, 0.2003325845708147] and parameters: {'k1': 0.004312951023617458, 'D_low': 4.484744524732794, 'k2': 0.011469197890812934, 'D_high': 1390.2686711035008, 'fire_exp': 1.1258453832483524, 'P_half': 220.3445560633069, 'pre_dampen_half': 502.5175192217655, 'gpp_af': 0.015769192447197523, 'gpp_b': 7.402343469704428e-05, 'gpp_d': 34.97224310873812, 'ign_k': 8.761971101023693, 'ign_c': 0.11650681118986138, 'trop_agb_crit': 9.879645484210656, 'trop_k_veg': 7.359706248396124, 'fuel_k': 0.05597555634027867, 'fuel_half': 15.29850686893745}.
[I 2026-06-11 01:08:52,349] Trial 925 finished with values: [10.700219766660428, 10.700219766660428] and parameters: {'k1': 0.004312951023617458, 'D_low': 4.484744524732794, 'k2': 1.0897490003652052e-05, 'D_high': 1058.1992548039145, 'fire_exp': 1.2310899049053081, 'P_half': 13.019246714361572, 'pre_dampen_half': 0.1711568647996576, 'gpp_af': 0.008562341633595545, 'gpp_b': 0.00010318352929732131, 'gpp_d': 9.004606022643067, 'ign_k': 8.761971101023693, 'ign_c': 0.11650681118986138, 'trop_agb_crit': 9.879645484210656, 'trop_k_veg': 5.546867170791755, 'fuel_k': 0.05597555634027867, 'fuel_half': 2.9236782115513154}.
[I 2026-06-11 01:08:54,030] Trial 926 finished with values: [10.768729880279073, 10.768729880279073] and parameters: {'k1': 0.004312951023617458, 'D_low': 98.98117700885537, 'k2': 0.011469197890812934, 'D_high': 8050.945012618074, 'fire_exp': 1.0881360604103363, 'P_half': 10.226988730324324, 'pre_dampen_half': 502.5175192217655, 'gpp_af': 0.008562341633595545, 'gpp_b': 8.930169622518513, 'gpp_d': 2.8006820077310213, 'ign_k': 8.761971101023693, 'ign_c': 0.11650681118986138, 'trop_agb_crit': 1.310122900330372, 'trop_k_veg': 4.1309639246402785, 'fuel_k': 4.680936683972861, 'fuel_half': 10.06119804781128}.
[I 2026-06-11 01:08:55,481] Trial 927 finished with values: [-0.8194568386793133, 0.26948625759524825] and parameters: {'k1': 0.09738633019266786, 'D_low': 98.98117700885537, 'k2': 0.011469197890812934, 'D_high': 1024.9816559563214, 'fire_exp': 1.1258453832483524, 'P_half': 16.051347487097576, 'pre_dampen_half': 502.5175192217655, 'gpp_af': 0.015769192447197523, 'gpp_b': 3.9361224224301864e-05, 'gpp_d': 2.8006820077310213, 'ign_k': 8.761971101023693, 'ign_c': 0.11650681118986138, 'trop_agb_crit': 5.881906289439389, 'trop_k_veg': 4.599337386928772, 'fuel_k': 4.680936683972861, 'fuel_half': 15.29850686893745}.
[I 2026-06-11 01:08:56,919] Trial 928 finished with values: [10.739255274496932, 10.739255274496932] and parameters: {'k1': 0.004312951023617458, 'D_low': 1.4045842344024697, 'k2': 0.011469197890812934, 'D_high': 1024.9816559563214, 'fire_exp': 1.1258453832483524, 'P_half': 13.019246714361572, 'pre_dampen_half': 518.2609891091987, 'gpp_af': 0.02114619056336667, 'gpp_b': 0.00012118589392553798, 'gpp_d': 2.8006820077310213, 'ign_k': 8.761971101023693, 'ign_c': 0.11650681118986138, 'trop_agb_crit': 5.881906289439389, 'trop_k_veg': 5.546867170791755, 'fuel_k': 4.680936683972861, 'fuel_half': 2.9236782115513154}.
[I 2026-06-11 01:08:58,273] Trial 929 finished with values: [-0.7606964689184421, 0.22274763375836748] and parameters: {'k1': 0.004312951023617458, 'D_low': 4.484744524732794, 'k2': 0.03865036856259725, 'D_high': 1390.2686711035008, 'fire_exp': 1.1258453832483524, 'P_half': 10.226988730324324, 'pre_dampen_half': 502.5175192217655, 'gpp_af': 0.008562341633595545, 'gpp_b': 7.402343469704428e-05, 'gpp_d': 0.23485690470339216, 'ign_k': 8.761971101023693, 'ign_c': 0.11650681118986138, 'trop_agb_crit': 1.310122900330372, 'trop_k_veg': 1.4584243470991722, 'fuel_k': 0.05597555634027867, 'fuel_half': 15.29850686893745}.
[I 2026-06-11 01:08:59,830] Trial 930 finished with values: [-0.8171303313203018, 0.2662665491976487] and parameters: {'k1': 0.09738633019266786, 'D_low': 98.98117700885537, 'k2': 0.011469197890812934, 'D_high': 1390.2686711035008, 'fire_exp': 1.0881360604103363, 'P_half': 13.019246714361572, 'pre_dampen_half': 502.5175192217655, 'gpp_af': 0.015769192447197523, 'gpp_b': 0.00010318352929732131, 'gpp_d': 2.8006820077310213, 'ign_k': 8.761971101023693, 'ign_c': 0.11650681118986138, 'trop_agb_crit': 6.1198430581046965, 'trop_k_veg': 4.599337386928772, 'fuel_k': 0.05597555634027867, 'fuel_half': 10.06119804781128}.
[I 2026-06-11 01:09:01,525] Trial 931 finished with values: [-0.775148318927893, 0.6043370990283097] and parameters: {'k1': 0.00013783578294796384, 'D_low': 4.484744524732794, 'k2': 1.915468390724633e-05, 'D_high': 3712.591045287726, 'fire_exp': 1.0881360604103363, 'P_half': 16.051347487097576, 'pre_dampen_half': 347.79988160923324, 'gpp_af': 0.7539992074650279, 'gpp_b': 0.0054502936945582505, 'gpp_d': 314.6826989726468, 'ign_k': 3.0409816628297026, 'ign_c': 15.221840161091626, 'trop_agb_crit': 1.1195539271968775, 'trop_k_veg': 2.8224577471047865, 'fuel_k': 3.6992394681929337, 'fuel_half': 0.6370755274604819}.
[I 2026-06-11 01:09:03,009] Trial 932 finished with values: [10.029065457395745, 10.029065457395745] and parameters: {'k1': 0.09738633019266786, 'D_low': 1.4045842344024697, 'k2': 0.03865036856259725, 'D_high': 1024.9816559563214, 'fire_exp': 2.1790515574598546, 'P_half': 10.226988730324324, 'pre_dampen_half': 502.5175192217655, 'gpp_af': 0.008562341633595545, 'gpp_b': 0.00010318352929732131, 'gpp_d': 2.8006820077310213, 'ign_k': 0.5131654955148326, 'ign_c': 0.11650681118986138, 'trop_agb_crit': 1.310122900330372, 'trop_k_veg': 1.4584243470991722, 'fuel_k': 0.05597555634027867, 'fuel_half': 15.29850686893745}.
[I 2026-06-11 01:09:04,410] Trial 933 finished with values: [-0.7795537244337445, 0.29912779077211227] and parameters: {'k1': 0.09738633019266786, 'D_low': 10.733257635049776, 'k2': 0.011469197890812934, 'D_high': 1024.9816559563214, 'fire_exp': 1.1258453832483524, 'P_half': 13.019246714361572, 'pre_dampen_half': 502.5175192217655, 'gpp_af': 0.015769192447197523, 'gpp_b': 7.402343469704428e-05, 'gpp_d': 2.8006820077310213, 'ign_k': 8.761971101023693, 'ign_c': 0.11650681118986138, 'trop_agb_crit': 9.836162684900028, 'trop_k_veg': 0.5772603928610088, 'fuel_k': 0.05597555634027867, 'fuel_half': 27.4762346187747}.
[I 2026-06-11 01:09:05,842] Trial 934 finished with values: [10.209553166218386, 10.209553166218386] and parameters: {'k1': 0.004312951023617458, 'D_low': 10.733257635049776, 'k2': 0.0027431991397796683, 'D_high': 1919.1689944397538, 'fire_exp': 1.1258453832483524, 'P_half': 16.051347487097576, 'pre_dampen_half': 518.2609891091987, 'gpp_af': 0.008562341633595545, 'gpp_b': 0.0054502936945582505, 'gpp_d': 2.8006820077310213, 'ign_k': 0.04036242615331333, 'ign_c': 0.11650681118986138, 'trop_agb_crit': 15.198538681924658, 'trop_k_veg': 4.1309639246402785, 'fuel_k': 4.680936683972861, 'fuel_half': 52.00581729114123}.
[I 2026-06-11 01:09:07,799] Trial 935 finished with values: [10.160432989790847, 10.160432989790847] and parameters: {'k1': 6.548510655446336e-05, 'D_low': 4.484744524732794, 'k2': 0.03865036856259725, 'D_high': 1390.2686711035008, 'fire_exp': 1.2310899049053081, 'P_half': 10.226988730324324, 'pre_dampen_half': 502.5175192217655, 'gpp_af': 0.008562341633595545, 'gpp_b': 3.228689523591491e-05, 'gpp_d': 0.23485690470339216, 'ign_k': 0.5131654955148326, 'ign_c': 0.11650681118986138, 'trop_agb_crit': 1.310122900330372, 'trop_k_veg': 4.1309639246402785, 'fuel_k': 0.05597555634027867, 'fuel_half': 60.39526675016393}.
[I 2026-06-11 01:09:09,411] Trial 936 finished with values: [-0.7138508626234642, 0.12737352420637083] and parameters: {'k1': 0.00013783578294796384, 'D_low': 1.4045842344024697, 'k2': 0.0027431991397796683, 'D_high': 1024.9816559563214, 'fire_exp': 1.0114396646447246, 'P_half': 343.5759946100352, 'pre_dampen_half': 502.5175192217655, 'gpp_af': 0.015769192447197523, 'gpp_b': 0.0054502936945582505, 'gpp_d': 2.8006820077310213, 'ign_k': 8.761971101023693, 'ign_c': 0.11650681118986138, 'trop_agb_crit': 5.881906289439389, 'trop_k_veg': 5.546867170791755, 'fuel_k': 4.680936683972861, 'fuel_half': 2.9236782115513154}.
[I 2026-06-11 01:09:10,939] Trial 937 finished with values: [-0.7664659161857956, 0.19295508545101958] and parameters: {'k1': 0.09738633019266786, 'D_low': 10.733257635049776, 'k2': 0.03865036856259725, 'D_high': 1024.9816559563214, 'fire_exp': 1.1258453832483524, 'P_half': 343.5759946100352, 'pre_dampen_half': 502.5175192217655, 'gpp_af': 0.015769192447197523, 'gpp_b': 7.402343469704428e-05, 'gpp_d': 2.8006820077310213, 'ign_k': 8.761971101023693, 'ign_c': 0.11650681118986138, 'trop_agb_crit': 9.836162684900028, 'trop_k_veg': 2.330015895740624, 'fuel_k': 0.18294854512033595, 'fuel_half': 27.4762346187747}.
[I 2026-06-11 01:09:12,419] Trial 938 finished with values: [10.764975912509056, 10.764975912509056] and parameters: {'k1': 0.09738633019266786, 'D_low': 855.6283859854627, 'k2': 0.011469197890812934, 'D_high': 1024.9816559563214, 'fire_exp': 4.130336642987559, 'P_half': 10.226988730324324, 'pre_dampen_half': 502.5175192217655, 'gpp_af': 0.008712116476450106, 'gpp_b': 0.0013561490126661644, 'gpp_d': 2.8006820077310213, 'ign_k': 0.5131654955148326, 'ign_c': 0.11650681118986138, 'trop_agb_crit': 5.881906289439389, 'trop_k_veg': 4.599337386928772, 'fuel_k': 0.05597555634027867, 'fuel_half': 15.29850686893745}.
[I 2026-06-11 01:09:13,888] Trial 939 finished with values: [10.12553118341188, 10.12553118341188] and parameters: {'k1': 0.05233480488540085, 'D_low': 4.484744524732794, 'k2': 0.011469197890812934, 'D_high': 1024.9816559563214, 'fire_exp': 1.0881360604103363, 'P_half': 16.051347487097576, 'pre_dampen_half': 502.5175192217655, 'gpp_af': 0.005618069878716736, 'gpp_b': 0.00012118589392553798, 'gpp_d': 2.8006820077310213, 'ign_k': 8.761971101023693, 'ign_c': 0.11650681118986138, 'trop_agb_crit': 5.881906289439389, 'trop_k_veg': 4.599337386928772, 'fuel_k': 4.680936683972861, 'fuel_half': 27.4762346187747}.
[I 2026-06-11 01:09:15,483] Trial 940 finished with values: [10.7688566050222, 10.7688566050222] and parameters: {'k1': 0.09738633019266786, 'D_low': 1365.1083965650525, 'k2': 0.011469197890812934, 'D_high': 1024.9816559563214, 'fire_exp': 1.0881360604103363, 'P_half': 16.051347487097576, 'pre_dampen_half': 347.79988160923324, 'gpp_af': 0.7539992074650279, 'gpp_b': 0.021152372444252342, 'gpp_d': 314.6826989726468, 'ign_k': 8.761971101023693, 'ign_c': 15.221840161091626, 'trop_agb_crit': 9.836162684900028, 'trop_k_veg': 0.5772603928610088, 'fuel_k': 3.6992394681929337, 'fuel_half': 0.6370755274604819}.
[I 2026-06-11 01:09:17,133] Trial 941 finished with values: [-0.7226015006498558, 0.13665638758067855] and parameters: {'k1': 0.09738633019266786, 'D_low': 10.733257635049776, 'k2': 0.011469197890812934, 'D_high': 1024.9816559563214, 'fire_exp': 1.0881360604103363, 'P_half': 16.051347487097576, 'pre_dampen_half': 502.5175192217655, 'gpp_af': 0.015769192447197523, 'gpp_b': 0.0054502936945582505, 'gpp_d': 2.8006820077310213, 'ign_k': 8.761971101023693, 'ign_c': 0.11650681118986138, 'trop_agb_crit': 5.881906289439389, 'trop_k_veg': 7.871057313180179, 'fuel_k': 0.010340193296440528, 'fuel_half': 10.06119804781128}.
[I 2026-06-11 01:09:18,599] Trial 942 finished with values: [10.071231274593492, 10.071231274593492] and parameters: {'k1': 0.09738633019266786, 'D_low': 98.98117700885537, 'k2': 0.03865036856259725, 'D_high': 11065.296106642587, 'fire_exp': 1.1258453832483524, 'P_half': 13.019246714361572, 'pre_dampen_half': 502.5175192217655, 'gpp_af': 0.005618069878716736, 'gpp_b': 7.402343469704428e-05, 'gpp_d': 0.0581159974343924, 'ign_k': 8.761971101023693, 'ign_c': 0.9294394155644988, 'trop_agb_crit': 9.836162684900028, 'trop_k_veg': 1.1869544174841766, 'fuel_k': 0.05597555634027867, 'fuel_half': 27.4762346187747}.
[I 2026-06-11 01:09:20,073] Trial 943 finished with values: [-0.613831292251898, 0.2122518173549981] and parameters: {'k1': 1.3843484531249981e-05, 'D_low': 961.4686563869649, 'k2': 0.03865036856259725, 'D_high': 1024.9816559563214, 'fire_exp': 1.1258453832483524, 'P_half': 220.3445560633069, 'pre_dampen_half': 502.5175192217655, 'gpp_af': 0.015769192447197523, 'gpp_b': 7.402343469704428e-05, 'gpp_d': 2.8006820077310213, 'ign_k': 8.761971101023693, 'ign_c': 0.11650681118986138, 'trop_agb_crit': 24.584290528289387, 'trop_k_veg': 5.546867170791755, 'fuel_k': 3.6992394681929337, 'fuel_half': 52.00581729114123}.
[I 2026-06-11 01:09:21,492] Trial 944 finished with values: [10.74288902533164, 10.74288902533164] and parameters: {'k1': 6.455386366109267e-05, 'D_low': 4.484744524732794, 'k2': 0.03865036856259725, 'D_high': 1390.2686711035008, 'fire_exp': 1.2310899049053081, 'P_half': 6796.634575348652, 'pre_dampen_half': 347.79988160923324, 'gpp_af': 0.008562341633595545, 'gpp_b': 0.0005392415140872105, 'gpp_d': 2.8006820077310213, 'ign_k': 0.029632139204027373, 'ign_c': 2.03107736072328, 'trop_agb_crit': 1.310122900330372, 'trop_k_veg': 4.1309639246402785, 'fuel_k': 0.04572914063536324, 'fuel_half': 52.00581729114123}.
