[I 2026-08-06 08:58:14,762] Trial 589 finished with values: [-0.5384148902639712, 0.6790694374588195] and parameters: {'k1': 0.002367935204022389, 'D_low': 4.484744524732794, 'k2': 0.032845299795769424, 'D_high': 5254.8834372681695, 'fire_exp': 1.0629462657398439, 'P_half': 3.3380638755873893, 'pre_dampen_half': 502.5175192217655, 'gpp_af': 9.419931479490897, 'gpp_b': 3.481277316673104e-05, 'gpp_d': 229.41380323183625, 'ign_k': 0.0680787482656459, 'ign_c': 0.9580682294110432, 'trop_agb_crit': 1.14876138417489, 'trop_k_veg': 1.4584243470991722}.
[I 2026-08-06 08:58:15,949] Trial 590 finished with values: [10.72809138791223, 10.72809138791223] and parameters: {'k1': 0.004312951023617458, 'D_low': 34.459310919273356, 'k2': 0.012758211164590085, 'D_high': 2940.51756322311, 'fire_exp': 9.328698242431635, 'P_half': 220.3445560633069, 'pre_dampen_half': 502.5175192217655, 'gpp_af': 0.7539992074650279, 'gpp_b': 1.284284091405877e-05, 'gpp_d': 84.31013932082456, 'ign_k': 8.708806168038567, 'ign_c': 6.533684593224968, 'trop_agb_crit': 10.905006748783771, 'trop_k_veg': 4.345076509212382}.
[I 2026-08-06 08:58:17,138] Trial 591 finished with values: [-0.5852836676849, 0.6757481348699746] and parameters: {'k1': 0.01889771394135163, 'D_low': 34.459310919273356, 'k2': 0.012758211164590085, 'D_high': 8182.111518618414, 'fire_exp': 1.0629462657398439, 'P_half': 1.605843632310088, 'pre_dampen_half': 502.5175192217655, 'gpp_af': 0.7539992074650279, 'gpp_b': 0.0005752434266899163, 'gpp_d': 5.1715677287580455, 'ign_k': 0.6697348618512097, 'ign_c': 20.03995359361212, 'trop_agb_crit': 10.905006748783771, 'trop_k_veg': 2.520089655463604}.
[I 2026-08-06 08:58:18,525] Trial 592 finished with values: [-0.509711187153596, 0.5949438046667181] and parameters: {'k1': 0.004312951023617458, 'D_low': 2.143851363193517, 'k2': 0.0005262881356087174, 'D_high': 8182.111518618414, 'fire_exp': 1.0629462657398439, 'P_half': 1.605843632310088, 'pre_dampen_half': 502.5175192217655, 'gpp_af': 0.015144408538724483, 'gpp_b': 1.3289448722869181e-05, 'gpp_d': 16.460426816350523, 'ign_k': 0.0019678273362633988, 'ign_c': 0.70689749506246, 'trop_agb_crit': 6.275146677376727, 'trop_k_veg': 1.0594599158279707}.
[I 2026-08-06 08:58:19,700] Trial 593 finished with values: [-0.5997522090548668, 0.4459789960108428] and parameters: {'k1': 0.004312951023617458, 'D_low': 40.12413353131991, 'k2': 0.0007047307383115598, 'D_high': 8182.111518618414, 'fire_exp': 1.0629462657398439, 'P_half': 1.605843632310088, 'pre_dampen_half': 502.5175192217655, 'gpp_af': 0.10409127568994281, 'gpp_b': 0.0054502936945582505, 'gpp_d': 1.493264336549928, 'ign_k': 8.708806168038567, 'ign_c': 1.2389052918551067, 'trop_agb_crit': 7.500118950416987, 'trop_k_veg': 1.9938441068366917}.
[I 2026-08-06 08:58:20,885] Trial 594 finished with values: [10.679471852547382, 10.679471852547382] and parameters: {'k1': 2.6285770615112825e-05, 'D_low': 4.775640431359602, 'k2': 0.0007047307383115598, 'D_high': 8182.111518618414, 'fire_exp': 3.3095881169246266, 'P_half': 1.605843632310088, 'pre_dampen_half': 502.5175192217655, 'gpp_af': 1.1409619915696267, 'gpp_b': 3.481277316673104e-05, 'gpp_d': 16.460426816350523, 'ign_k': 0.0680787482656459, 'ign_c': 0.70689749506246, 'trop_agb_crit': 2.9222815721218716, 'trop_k_veg': 1.4584243470991722}.
[I 2026-08-06 08:58:22,089] Trial 595 finished with values: [-0.5500983605498748, 0.8362762478393158] and parameters: {'k1': 0.01549659926581634, 'D_low': 2.143851363193517, 'k2': 0.0002228500345352386, 'D_high': 8182.111518618414, 'fire_exp': 1.0629462657398439, 'P_half': 1.605843632310088, 'pre_dampen_half': 502.5175192217655, 'gpp_af': 1.1409619915696267, 'gpp_b': 1.3289448722869181e-05, 'gpp_d': 16.460426816350523, 'ign_k': 0.0680787482656459, 'ign_c': 0.70689749506246, 'trop_agb_crit': 6.275146677376727, 'trop_k_veg': 1.0594599158279707}.
[I 2026-08-06 08:58:23,273] Trial 596 finished with values: [10.646629851246493, 10.646629851246493] and parameters: {'k1': 0.029385019583898195, 'D_low': 2067.91871434888, 'k2': 0.032845299795769424, 'D_high': 63233.81951066786, 'fire_exp': 1.1430983876313219, 'P_half': 338.23872019362165, 'pre_dampen_half': 1.4270448359329697, 'gpp_af': 1.1409619915696267, 'gpp_b': 3.481277316673104e-05, 'gpp_d': 229.41380323183625, 'ign_k': 8.708806168038567, 'ign_c': 0.557280750002996, 'trop_agb_crit': 1.14876138417489, 'trop_k_veg': 1.0594599158279707}.
[I 2026-08-06 08:58:24,434] Trial 597 finished with values: [-0.6235918994147358, 0.7730948441333244] and parameters: {'k1': 0.01889771394135163, 'D_low': 12.105387404469584, 'k2': 0.018586220273069057, 'D_high': 15351.441568398131, 'fire_exp': 1.0601964743503993, 'P_half': 4.213183643253957, 'pre_dampen_half': 107.40052367919465, 'gpp_af': 0.1476584299248268, 'gpp_b': 0.0005752434266899163, 'gpp_d': 229.41380323183625, 'ign_k': 8.708806168038567, 'ign_c': 0.557280750002996, 'trop_agb_crit': 7.500118950416987, 'trop_k_veg': 2.520089655463604}.
[I 2026-08-06 08:58:25,595] Trial 598 finished with values: [10.300219901314323, 10.300219901314323] and parameters: {'k1': 0.00810356796771759, 'D_low': 70.18267183720735, 'k2': 0.0007047307383115598, 'D_high': 2940.51756322311, 'fire_exp': 1.695318866910499, 'P_half': 4.213183643253957, 'pre_dampen_half': 107.40052367919465, 'gpp_af': 0.00515795696727661, 'gpp_b': 3.481277316673104e-05, 'gpp_d': 229.41380323183625, 'ign_k': 5.351470428717437, 'ign_c': 0.9580682294110432, 'trop_agb_crit': 2.9222815721218716, 'trop_k_veg': 1.9938441068366917}.
[I 2026-08-06 08:58:26,747] Trial 599 finished with values: [-0.5946693815622263, 0.633480669249932] and parameters: {'k1': 0.03635503353478365, 'D_low': 12.105387404469584, 'k2': 0.03538758864779238, 'D_high': 61536.58035691648, 'fire_exp': 1.1430983876313219, 'P_half': 338.23872019362165, 'pre_dampen_half': 552.4163637315892, 'gpp_af': 0.1476584299248268, 'gpp_b': 0.0005752434266899163, 'gpp_d': 229.41380323183625, 'ign_k': 8.708806168038567, 'ign_c': 8.40543912931368, 'trop_agb_crit': 3.5747129226002423, 'trop_k_veg': 0.6743482387129308}.
[I 2026-08-06 08:58:27,940] Trial 600 finished with values: [-0.5247485509454897, 0.5297293935885392] and parameters: {'k1': 2.6285770615112825e-05, 'D_low': 2.143851363193517, 'k2': 0.0007047307383115598, 'D_high': 5254.8834372681695, 'fire_exp': 1.0629462657398439, 'P_half': 1.605843632310088, 'pre_dampen_half': 502.5175192217655, 'gpp_af': 1.1409619915696267, 'gpp_b': 3.481277316673104e-05, 'gpp_d': 418.77522137884927, 'ign_k': 0.0680787482656459, 'ign_c': 0.9580682294110432, 'trop_agb_crit': 2.9222815721218716, 'trop_k_veg': 1.4584243470991722}.
[I 2026-08-06 08:58:29,097] Trial 601 finished with values: [-0.5653408509931739, 0.6936272069481353] and parameters: {'k1': 0.004312951023617458, 'D_low': 40.12413353131991, 'k2': 0.0007047307383115598, 'D_high': 8182.111518618414, 'fire_exp': 1.0629462657398439, 'P_half': 221.2683656611821, 'pre_dampen_half': 502.5175192217655, 'gpp_af': 1.1409619915696267, 'gpp_b': 1.5385046399532158e-05, 'gpp_d': 229.41380323183625, 'ign_k': 0.6697348618512097, 'ign_c': 0.24989960578908887, 'trop_agb_crit': 2.9222815721218716, 'trop_k_veg': 6.45312300188076}.
[I 2026-08-06 08:58:30,262] Trial 602 finished with values: [10.170476465327331, 10.170476465327331] and parameters: {'k1': 9.882278532808775e-05, 'D_low': 70.18267183720735, 'k2': 0.012758211164590085, 'D_high': 1177.190025324204, 'fire_exp': 1.1430983876313219, 'P_half': 12.808863354047988, 'pre_dampen_half': 552.4163637315892, 'gpp_af': 0.1476584299248268, 'gpp_b': 0.0005752434266899163, 'gpp_d': 229.41380323183625, 'ign_k': 5.351470428717437, 'ign_c': 20.03995359361212, 'trop_agb_crit': 7.500118950416987, 'trop_k_veg': 2.520089655463604}.
[I 2026-08-06 08:58:31,436] Trial 603 finished with values: [10.170767799786024, 10.170767799786024] and parameters: {'k1': 0.002367935204022389, 'D_low': 4.484744524732794, 'k2': 0.032845299795769424, 'D_high': 8182.111518618414, 'fire_exp': 1.0629462657398439, 'P_half': 220.3445560633069, 'pre_dampen_half': 107.40052367919465, 'gpp_af': 0.1476584299248268, 'gpp_b': 0.0005752434266899163, 'gpp_d': 84.31013932082456, 'ign_k': 8.708806168038567, 'ign_c': 20.03995359361212, 'trop_agb_crit': 1.14876138417489, 'trop_k_veg': 2.520089655463604}.
[I 2026-08-06 08:58:32,716] Trial 604 finished with values: [-0.5776267466183016, 0.8029609100981026] and parameters: {'k1': 0.00810356796771759, 'D_low': 70.18267183720735, 'k2': 0.0007047307383115598, 'D_high': 63233.81951066786, 'fire_exp': 1.695318866910499, 'P_half': 4.213183643253957, 'pre_dampen_half': 107.40052367919465, 'gpp_af': 0.00515795696727661, 'gpp_b': 1.5385046399532158e-05, 'gpp_d': 229.41380323183625, 'ign_k': 5.351470428717437, 'ign_c': 0.9580682294110432, 'trop_agb_crit': 1.6878075072665546, 'trop_k_veg': 1.9938441068366917}.
[I 2026-08-06 08:58:33,916] Trial 605 finished with values: [10.004699845913922, 10.004699845913922] and parameters: {'k1': 0.002367935204022389, 'D_low': 70.18267183720735, 'k2': 0.012758211164590085, 'D_high': 2940.51756322311, 'fire_exp': 1.0629462657398439, 'P_half': 12.808863354047988, 'pre_dampen_half': 502.5175192217655, 'gpp_af': 0.1476584299248268, 'gpp_b': 0.0005752434266899163, 'gpp_d': 229.41380323183625, 'ign_k': 8.708806168038567, 'ign_c': 20.03995359361212, 'trop_agb_crit': 1.14876138417489, 'trop_k_veg': 3.8009448355772393}.
[I 2026-08-06 08:58:35,030] Trial 606 finished with values: [10.305125076440651, 10.305125076440651] and parameters: {'k1': 0.004312951023617458, 'D_low': 40.12413353131991, 'k2': 0.0007047307383115598, 'D_high': 8182.111518618414, 'fire_exp': 1.0629462657398439, 'P_half': 1.605843632310088, 'pre_dampen_half': 502.5175192217655, 'gpp_af': 0.10409127568994281, 'gpp_b': 0.050451016347432494, 'gpp_d': 1.493264336549928, 'ign_k': 8.708806168038567, 'ign_c': 0.9580682294110432, 'trop_agb_crit': 1.14876138417489, 'trop_k_veg': 1.9938441068366917}.
[I 2026-08-06 08:58:36,137] Trial 607 finished with values: [10.414354531914977, 10.414354531914977] and parameters: {'k1': 0.004312951023617458, 'D_low': 671.5971856456824, 'k2': 0.0012040762895973265, 'D_high': 8182.111518618414, 'fire_exp': 1.423480109671474, 'P_half': 220.3445560633069, 'pre_dampen_half': 107.40052367919465, 'gpp_af': 1.1409619915696267, 'gpp_b': 2.6738182964551835e-05, 'gpp_d': 229.41380323183625, 'ign_k': 0.07696703458159235, 'ign_c': 0.557280750002996, 'trop_agb_crit': 6.119263728555865, 'trop_k_veg': 4.345076509212382}.
[I 2026-08-06 08:58:37,845] Trial 608 finished with values: [10.173943966991464, 10.173943966991464] and parameters: {'k1': 0.004312951023617458, 'D_low': 34.459310919273356, 'k2': 1.915468390724633e-05, 'D_high': 2940.51756322311, 'fire_exp': 1.0629462657398439, 'P_half': 12.808863354047988, 'pre_dampen_half': 502.5175192217655, 'gpp_af': 0.7539992074650279, 'gpp_b': 0.0005752434266899163, 'gpp_d': 1.493264336549928, 'ign_k': 8.708806168038567, 'ign_c': 20.03995359361212, 'trop_agb_crit': 1.14876138417489, 'trop_k_veg': 1.4584243470991722}.
[I 2026-08-06 08:58:39,424] Trial 609 finished with values: [10.129480547168093, 10.129480547168093] and parameters: {'k1': 0.004312951023617458, 'D_low': 4.484744524732794, 'k2': 0.032845299795769424, 'D_high': 8182.111518618414, 'fire_exp': 1.0629462657398439, 'P_half': 12.808863354047988, 'pre_dampen_half': 502.5175192217655, 'gpp_af': 0.006842417023266609, 'gpp_b': 0.0005752434266899163, 'gpp_d': 5.1715677287580455, 'ign_k': 8.708806168038567, 'ign_c': 20.03995359361212, 'trop_agb_crit': 1.14876138417489, 'trop_k_veg': 0.6673124511410327}.
[I 2026-08-06 08:58:40,615] Trial 610 finished with values: [10.080912025034026, 10.080912025034026] and parameters: {'k1': 0.00488137519160367, 'D_low': 12.105387404469584, 'k2': 0.032845299795769424, 'D_high': 61536.58035691648, 'fire_exp': 1.1430983876313219, 'P_half': 4.213183643253957, 'pre_dampen_half': 502.5175192217655, 'gpp_af': 0.1476584299248268, 'gpp_b': 0.0005752434266899163, 'gpp_d': 150.14555442537656, 'ign_k': 8.708806168038567, 'ign_c': 0.557280750002996, 'trop_agb_crit': 10.965064494899984, 'trop_k_veg': 0.6673124511410327}.
[I 2026-08-06 08:58:41,817] Trial 611 finished with values: [-0.6183368514565478, 0.5115897042367281] and parameters: {'k1': 0.01889771394135163, 'D_low': 12.105387404469584, 'k2': 0.018586220273069057, 'D_high': 2940.51756322311, 'fire_exp': 1.471022163879199, 'P_half': 1.605843632310088, 'pre_dampen_half': 502.5175192217655, 'gpp_af': 0.1476584299248268, 'gpp_b': 1.6596960546180327e-05, 'gpp_d': 84.31013932082456, 'ign_k': 5.351470428717437, 'ign_c': 0.70689749506246, 'trop_agb_crit': 1.14876138417489, 'trop_k_veg': 2.520089655463604}.
[I 2026-08-06 08:58:43,286] Trial 612 finished with values: [10.354492433101246, 10.354492433101246] and parameters: {'k1': 2.6285770615112825e-05, 'D_low': 70.18267183720735, 'k2': 0.0007047307383115598, 'D_high': 5254.8834372681695, 'fire_exp': 1.0629462657398439, 'P_half': 12.808863354047988, 'pre_dampen_half': 107.40052367919465, 'gpp_af': 4.808505037156752, 'gpp_b': 3.481277316673104e-05, 'gpp_d': 84.31013932082456, 'ign_k': 0.0680787482656459, 'ign_c': 20.03995359361212, 'trop_agb_crit': 2.9222815721218716, 'trop_k_veg': 1.4584243470991722}.
[I 2026-08-06 08:58:44,432] Trial 613 finished with values: [10.229842673028937, 10.229842673028937] and parameters: {'k1': 0.04669327135003539, 'D_low': 2.6786906100977124, 'k2': 0.0007047307383115598, 'D_high': 4520.829315376817, 'fire_exp': 1.0629462657398439, 'P_half': 5.29551022369202, 'pre_dampen_half': 63.6685916079943, 'gpp_af': 1.1409619915696267, 'gpp_b': 1.284284091405877e-05, 'gpp_d': 229.41380323183625, 'ign_k': 0.0018256829646330853, 'ign_c': 0.557280750002996, 'trop_agb_crit': 1.14876138417489, 'trop_k_veg': 1.4584243470991722}.
[I 2026-08-06 08:58:45,571] Trial 614 finished with values: [10.035372181930935, 10.035372181930935] and parameters: {'k1': 0.004312951023617458, 'D_low': 5.59983195169599, 'k2': 0.032845299795769424, 'D_high': 2940.51756322311, 'fire_exp': 1.353841071397002, 'P_half': 12.808863354047988, 'pre_dampen_half': 552.4163637315892, 'gpp_af': 0.1476584299248268, 'gpp_b': 0.0005752434266899163, 'gpp_d': 2.944272359149677, 'ign_k': 0.12329098365270515, 'ign_c': 8.40543912931368, 'trop_agb_crit': 3.5747129226002423, 'trop_k_veg': 0.6743482387129308}.
[I 2026-08-06 08:58:46,726] Trial 615 finished with values: [-0.4960611325821748, 0.8884622660136899] and parameters: {'k1': 0.037704815040649445, 'D_low': 34.459310919273356, 'k2': 1.915468390724633e-05, 'D_high': 5254.8834372681695, 'fire_exp': 1.0629462657398439, 'P_half': 1.605843632310088, 'pre_dampen_half': 502.5175192217655, 'gpp_af': 0.7539992074650279, 'gpp_b': 1.284284091405877e-05, 'gpp_d': 418.77522137884927, 'ign_k': 0.0680787482656459, 'ign_c': 0.70689749506246, 'trop_agb_crit': 10.905006748783771, 'trop_k_veg': 1.4584243470991722}.
[I 2026-08-06 08:58:47,890] Trial 616 finished with values: [10.090430487523316, 10.090430487523316] and parameters: {'k1': 0.008471801418819975, 'D_low': 12.105387404469584, 'k2': 0.0005262881356087174, 'D_high': 61536.58035691648, 'fire_exp': 1.0629462657398439, 'P_half': 338.23872019362165, 'pre_dampen_half': 502.5175192217655, 'gpp_af': 0.7539992074650279, 'gpp_b': 1.3289448722869181e-05, 'gpp_d': 229.41380323183625, 'ign_k': 2.615413574494962, 'ign_c': 7.916322947490362, 'trop_agb_crit': 17.65802440745555, 'trop_k_veg': 0.6673124511410327}.
[I 2026-08-06 08:58:49,057] Trial 617 finished with values: [-0.5415597413444864, 0.7373243037744444] and parameters: {'k1': 0.008471801418819975, 'D_low': 4.484744524732794, 'k2': 0.0007047307383115598, 'D_high': 15351.441568398131, 'fire_exp': 1.423480109671474, 'P_half': 221.2683656611821, 'pre_dampen_half': 502.5175192217655, 'gpp_af': 0.7539992074650279, 'gpp_b': 1.284284091405877e-05, 'gpp_d': 106.74579222939708, 'ign_k': 5.351470428717437, 'ign_c': 0.70689749506246, 'trop_agb_crit': 1.14876138417489, 'trop_k_veg': 0.6673124511410327}.
[I 2026-08-06 08:58:50,179] Trial 618 finished with values: [10.016377419383723, 10.016377419383723] and parameters: {'k1': 0.004312951023617458, 'D_low': 70.18267183720735, 'k2': 0.032845299795769424, 'D_high': 2940.51756322311, 'fire_exp': 1.0362310858538248, 'P_half': 4.213183643253957, 'pre_dampen_half': 502.5175192217655, 'gpp_af': 0.1476584299248268, 'gpp_b': 3.481277316673104e-05, 'gpp_d': 229.41380323183625, 'ign_k': 5.351470428717437, 'ign_c': 0.557280750002996, 'trop_agb_crit': 25.382873076016292, 'trop_k_veg': 6.45312300188076}.
[I 2026-08-06 08:58:51,274] Trial 619 finished with values: [10.325130977932826, 10.325130977932826] and parameters: {'k1': 0.004312951023617458, 'D_low': 3.525936800597896, 'k2': 0.0007047307383115598, 'D_high': 61536.58035691648, 'fire_exp': 1.423480109671474, 'P_half': 220.3445560633069, 'pre_dampen_half': 502.5175192217655, 'gpp_af': 0.1476584299248268, 'gpp_b': 0.0325181766809307, 'gpp_d': 229.41380323183625, 'ign_k': 8.708806168038567, 'ign_c': 0.557280750002996, 'trop_agb_crit': 3.5747129226002423, 'trop_k_veg': 0.6673124511410327}.
[I 2026-08-06 08:58:52,341] Trial 620 finished with values: [10.737873889204362, 10.737873889204362] and parameters: {'k1': 0.01549659926581634, 'D_low': 2972.248537653567, 'k2': 0.0007047307383115598, 'D_high': 2940.51756322311, 'fire_exp': 1.0629462657398439, 'P_half': 12.808863354047988, 'pre_dampen_half': 552.4163637315892, 'gpp_af': 0.7539992074650279, 'gpp_b': 0.0005752434266899163, 'gpp_d': 0.10695622106010433, 'ign_k': 0.07696703458159235, 'ign_c': 8.40543912931368, 'trop_agb_crit': 10.965064494899984, 'trop_k_veg': 0.6673124511410327}.
[I 2026-08-06 08:58:53,458] Trial 621 finished with values: [10.002254815739727, 10.002254815739727] and parameters: {'k1': 0.008471801418819975, 'D_low': 2.143851363193517, 'k2': 0.0007047307383115598, 'D_high': 8182.111518618414, 'fire_exp': 1.0629462657398439, 'P_half': 4.213183643253957, 'pre_dampen_half': 502.5175192217655, 'gpp_af': 1.1409619915696267, 'gpp_b': 0.0005752434266899163, 'gpp_d': 16.460426816350523, 'ign_k': 0.002803357452303278, 'ign_c': 1.1994950112756755, 'trop_agb_crit': 1.14876138417489, 'trop_k_veg': 1.9938441068366917}.
[I 2026-08-06 08:58:54,571] Trial 622 finished with values: [-0.5519703015082016, 0.7315195909319898] and parameters: {'k1': 1.6917937817342654e-05, 'D_low': 12.105387404469584, 'k2': 0.032845299795769424, 'D_high': 61536.58035691648, 'fire_exp': 1.1430983876313219, 'P_half': 4.213183643253957, 'pre_dampen_half': 502.5175192217655, 'gpp_af': 0.1476584299248268, 'gpp_b': 0.0005752434266899163, 'gpp_d': 229.41380323183625, 'ign_k': 8.708806168038567, 'ign_c': 0.557280750002996, 'trop_agb_crit': 25.382873076016292, 'trop_k_veg': 0.6673124511410327}.
[I 2026-08-06 08:58:55,679] Trial 623 finished with values: [10.099482286888453, 10.099482286888453] and parameters: {'k1': 0.00488137519160367, 'D_low': 12.105387404469584, 'k2': 0.032845299795769424, 'D_high': 61536.58035691648, 'fire_exp': 1.423480109671474, 'P_half': 12.808863354047988, 'pre_dampen_half': 552.4163637315892, 'gpp_af': 0.1476584299248268, 'gpp_b': 0.015382154459808445, 'gpp_d': 229.41380323183625, 'ign_k': 0.12329098365270515, 'ign_c': 8.40543912931368, 'trop_agb_crit': 3.5747129226002423, 'trop_k_veg': 4.345076509212382}.
[I 2026-08-06 08:58:56,781] Trial 624 finished with values: [-0.6144361078937588, 0.547508254889292] and parameters: {'k1': 0.01889771394135163, 'D_low': 34.459310919273356, 'k2': 0.012758211164590085, 'D_high': 2940.51756322311, 'fire_exp': 1.0629462657398439, 'P_half': 1.605843632310088, 'pre_dampen_half': 481.9793830934018, 'gpp_af': 0.7539992074650279, 'gpp_b': 1.284284091405877e-05, 'gpp_d': 84.31013932082456, 'ign_k': 8.708806168038567, 'ign_c': 0.70689749506246, 'trop_agb_crit': 1.14876138417489, 'trop_k_veg': 1.4584243470991722}.
[I 2026-08-06 08:58:57,882] Trial 625 finished with values: [10.386922890520637, 10.386922890520637] and parameters: {'k1': 0.004312951023617458, 'D_low': 64.39790863101601, 'k2': 0.032845299795769424, 'D_high': 2940.51756322311, 'fire_exp': 1.165368636520435, 'P_half': 12.808863354047988, 'pre_dampen_half': 502.5175192217655, 'gpp_af': 9.419931479490897, 'gpp_b': 0.0005752434266899163, 'gpp_d': 2.944272359149677, 'ign_k': 0.12329098365270515, 'ign_c': 20.03995359361212, 'trop_agb_crit': 25.382873076016292, 'trop_k_veg': 3.8009448355772393}.
[I 2026-08-06 08:58:58,970] Trial 626 finished with values: [-0.5407099404530176, 0.8171958495818572] and parameters: {'k1': 0.01889771394135163, 'D_low': 70.18267183720735, 'k2': 0.0012040762895973265, 'D_high': 25628.666000163565, 'fire_exp': 1.423480109671474, 'P_half': 221.2683656611821, 'pre_dampen_half': 552.4163637315892, 'gpp_af': 1.1409619915696267, 'gpp_b': 1.284284091405877e-05, 'gpp_d': 229.41380323183625, 'ign_k': 0.12329098365270515, 'ign_c': 0.557280750002996, 'trop_agb_crit': 10.965064494899984, 'trop_k_veg': 0.5772603928610088}.
[I 2026-08-06 08:59:00,343] Trial 627 finished with values: [-0.5528410688776143, 0.6116880265486268] and parameters: {'k1': 0.00488137519160367, 'D_low': 4.484744524732794, 'k2': 0.032845299795769424, 'D_high': 61536.58035691648, 'fire_exp': 1.1430983876313219, 'P_half': 338.23872019362165, 'pre_dampen_half': 502.5175192217655, 'gpp_af': 0.1476584299248268, 'gpp_b': 0.0005752434266899163, 'gpp_d': 1.493264336549928, 'ign_k': 8.708806168038567, 'ign_c': 0.557280750002996, 'trop_agb_crit': 1.14876138417489, 'trop_k_veg': 1.4584243470991722}.
[I 2026-08-06 08:59:01,443] Trial 628 finished with values: [-0.5265748149596507, 0.7630645525667227] and parameters: {'k1': 0.01889771394135163, 'D_low': 4.484744524732794, 'k2': 0.0012040762895973265, 'D_high': 8182.111518618414, 'fire_exp': 1.0629462657398439, 'P_half': 4.213183643253957, 'pre_dampen_half': 502.5175192217655, 'gpp_af': 1.1409619915696267, 'gpp_b': 0.0005752434266899163, 'gpp_d': 1.493264336549928, 'ign_k': 8.708806168038567, 'ign_c': 8.40543912931368, 'trop_agb_crit': 1.14876138417489, 'trop_k_veg': 0.5772603928610088}.
