[I 2026-08-06 00:08:23,200] Trial 120 finished with values: [10.768095599752606, 10.768095599752606] and parameters: {'k1': 2.0937989739527727e-05, 'D_low': 125.32726386250698, 'k2': 0.0009299619346742016, 'D_high': 107.88909575795405, 'fire_exp': 1.2943117749495199, 'P_half': 39.03214299767183, 'pre_dampen_half': 2.9046276683520458, 'gpp_af': 0.04403094955951772, 'gpp_b': 0.7987896438549947, 'gpp_d': 0.15875524914818662, 'ign_k': 0.002011190979341457, 'ign_c': 2.442377596403893}.
[I 2026-08-06 00:08:24,188] Trial 121 finished with values: [10.694817985947472, 10.694817985947472] and parameters: {'k1': 0.03232155805617897, 'D_low': 918.4900818511542, 'k2': 0.015109330261674455, 'D_high': 6455.595882939566, 'fire_exp': 5.463881201328881, 'P_half': 14.94057723907974, 'pre_dampen_half': 111.37963167994629, 'gpp_af': 4.095062894476692, 'gpp_b': 1.5938003265859821, 'gpp_d': 368.30088529547436, 'ign_k': 0.11101191524846071, 'ign_c': 0.5110256715654393}.
[I 2026-08-06 00:08:25,138] Trial 122 finished with values: [10.756224921524868, 10.756224921524868] and parameters: {'k1': 0.00488137519160367, 'D_low': 1112.9571947046009, 'k2': 8.923807143379776e-05, 'D_high': 8182.111518618414, 'fire_exp': 2.332293128354265, 'P_half': 338.23872019362165, 'pre_dampen_half': 14.711215379121963, 'gpp_af': 0.47739011308437823, 'gpp_b': 0.005167823176781545, 'gpp_d': 150.14555442537656, 'ign_k': 0.019192001101561888, 'ign_c': 0.557280750002996}.
[I 2026-08-06 00:08:26,120] Trial 123 finished with values: [10.760004885705827, 10.760004885705827] and parameters: {'k1': 0.01783192664937594, 'D_low': 175.2878790340412, 'k2': 0.08790311296857814, 'D_high': 411.0848435021235, 'fire_exp': 1.3614924220931135, 'P_half': 1.3035590385085063, 'pre_dampen_half': 76.86605275420082, 'gpp_af': 0.6194713831445294, 'gpp_b': 0.1676789742547917, 'gpp_d': 0.13274681648778813, 'ign_k': 0.0027847738314446878, 'ign_c': 0.11433485956638717}.
[I 2026-08-06 00:08:27,114] Trial 124 finished with values: [10.765856374311852, 10.765856374311852] and parameters: {'k1': 0.02641449645424223, 'D_low': 64.52946500764233, 'k2': 0.0007883068789768041, 'D_high': 54.1524411940254, 'fire_exp': 2.0148477884158655, 'P_half': 125.61043700013555, 'pre_dampen_half': 1.4445251022763053, 'gpp_af': 0.14765842992482675, 'gpp_b': 0.0024605285374226047, 'gpp_d': 0.05061568304359488, 'ign_k': 0.34703605955441524, 'ign_c': 0.15178052094448868}.
[I 2026-08-06 00:08:28,129] Trial 125 finished with values: [10.769132799677346, 10.769132799677346] and parameters: {'k1': 1.2629989039319992e-05, 'D_low': 7089.141723796886, 'k2': 0.0007883068789768041, 'D_high': 24.622754931226588, 'fire_exp': 3.1018148805490564, 'P_half': 78.32259769732477, 'pre_dampen_half': 0.07345296810407675, 'gpp_af': 0.017832592720985762, 'gpp_b': 0.01974058362112495, 'gpp_d': 37.40930273158252, 'ign_k': 0.34703605955441524, 'ign_c': 0.5076307782729895}.
[I 2026-08-06 00:08:29,143] Trial 126 finished with values: [10.769230768877819, 10.769230768877819] and parameters: {'k1': 0.0012329098365270509, 'D_low': 51.30551760589834, 'k2': 0.0499774937030317, 'D_high': 32311.521854410956, 'fire_exp': 1.811096651915224, 'P_half': 436.4516946807792, 'pre_dampen_half': 0.37306104754535907, 'gpp_af': 0.34902252478382495, 'gpp_b': 2.788681037423117, 'gpp_d': 0.1619054449471649, 'ign_k': 0.09850790683119273, 'ign_c': 105.24574681335613}.
[I 2026-08-06 00:08:30,122] Trial 127 finished with values: [10.769160814935582, 10.769160814935582] and parameters: {'k1': 0.0004739164656764018, 'D_low': 123.66924205139141, 'k2': 8.923807143379776e-05, 'D_high': 8182.111518618414, 'fire_exp': 2.4685680709443356, 'P_half': 4564.399028622418, 'pre_dampen_half': 0.6485888757042115, 'gpp_af': 0.47739011308437823, 'gpp_b': 3.481277316673104e-05, 'gpp_d': 0.32128420171885896, 'ign_k': 0.9782222138048976, 'ign_c': 10.253722513378378}.
[I 2026-08-06 00:08:31,114] Trial 128 finished with values: [10.769223701861733, 10.769223701861733] and parameters: {'k1': 0.00017535949529764417, 'D_low': 19.986340778528874, 'k2': 0.02207600491318518, 'D_high': 3550.0125258511603, 'fire_exp': 2.5642061910321017, 'P_half': 77.42116473996248, 'pre_dampen_half': 0.06055990892372905, 'gpp_af': 0.017832592720985762, 'gpp_b': 0.36703737625293875, 'gpp_d': 6.403036652671167, 'ign_k': 1.2130221181165162, 'ign_c': 9.444574254983557}.
[I 2026-08-06 00:08:32,125] Trial 129 finished with values: [10.766478076922672, 10.766478076922672] and parameters: {'k1': 2.0937989739527727e-05, 'D_low': 125.32726386250698, 'k2': 0.0004381141781653133, 'D_high': 85018.70149611714, 'fire_exp': 1.2943117749495199, 'P_half': 210.0648561959641, 'pre_dampen_half': 703.6426675556048, 'gpp_af': 21.258647437649888, 'gpp_b': 0.7987896438549947, 'gpp_d': 0.19476644406315288, 'ign_k': 0.0048255892187380085, 'ign_c': 47.268615251255675}.
[I 2026-08-06 00:08:33,155] Trial 130 finished with values: [10.764602115964873, 10.764602115964873] and parameters: {'k1': 0.00488137519160367, 'D_low': 532.1216007763549, 'k2': 8.923807143379776e-05, 'D_high': 2412.9868904539244, 'fire_exp': 2.961939534707384, 'P_half': 4.397766894483963, 'pre_dampen_half': 0.5550617910625242, 'gpp_af': 2.8805537835688413, 'gpp_b': 0.9631999397024836, 'gpp_d': 150.14555442537656, 'ign_k': 4.8235582830244885, 'ign_c': 0.557280750002996}.
[I 2026-08-06 00:08:34,122] Trial 131 finished with values: [10.300149018458502, 10.300149018458502] and parameters: {'k1': 0.003381093273170853, 'D_low': 918.4900818511542, 'k2': 0.006138509947844854, 'D_high': 6455.595882939566, 'fire_exp': 1.0881360604103363, 'P_half': 14.94057723907974, 'pre_dampen_half': 36.876350096203005, 'gpp_af': 29.925002022877802, 'gpp_b': 0.011750724729953272, 'gpp_d': 4.5768578731086835, 'ign_k': 0.11101191524846071, 'ign_c': 10.140635645866492}.
[I 2026-08-06 00:08:35,109] Trial 132 finished with values: [10.769230768877819, 10.769230768877819] and parameters: {'k1': 3.8751982355100445e-05, 'D_low': 13.012518385211498, 'k2': 0.0001870742013766025, 'D_high': 107.88909575795405, 'fire_exp': 1.6901885781909627, 'P_half': 51.10120656497163, 'pre_dampen_half': 0.10756440816904224, 'gpp_af': 0.001162712343304238, 'gpp_b': 0.0631546199357611, 'gpp_d': 3.57879245350232, 'ign_k': 0.0467351899956275, 'ign_c': 157.63098727399432}.
[I 2026-08-06 00:08:36,065] Trial 133 finished with values: [10.751905135914017, 10.751905135914017] and parameters: {'k1': 0.00010436686039715205, 'D_low': 118.94665366442581, 'k2': 0.010987817552608315, 'D_high': 75773.14388518519, 'fire_exp': 1.1044852285094786, 'P_half': 3669.20903969591, 'pre_dampen_half': 0.050654860639753524, 'gpp_af': 2.8805537835688413, 'gpp_b': 2.800940363375676e-05, 'gpp_d': 668.5510162938966, 'ign_k': 4.8235582830244885, 'ign_c': 12.37061744238074}.
[I 2026-08-06 00:08:37,076] Trial 134 finished with values: [10.769230768877819, 10.769230768877819] and parameters: {'k1': 7.841214856323651e-05, 'D_low': 7126.727573532312, 'k2': 1.1184534120760473e-05, 'D_high': 43033.06161410616, 'fire_exp': 2.2881850891698634, 'P_half': 395.22208819061166, 'pre_dampen_half': 4.350163152436989, 'gpp_af': 11.234842109991876, 'gpp_b': 5.9297350775555, 'gpp_d': 5.878566318396007, 'ign_k': 7.537201787998428, 'ign_c': 45.097190641534816}.
[I 2026-08-06 00:08:38,085] Trial 135 finished with values: [10.72039665254709, 10.72039665254709] and parameters: {'k1': 0.002971796631657383, 'D_low': 74.92772870670282, 'k2': 2.5461628161276896e-05, 'D_high': 9769.756791866093, 'fire_exp': 1.0881360604103363, 'P_half': 5.15399351160314, 'pre_dampen_half': 5.542030950268268, 'gpp_af': 2.8805537835688413, 'gpp_b': 0.011750724729953272, 'gpp_d': 0.13223503889537183, 'ign_k': 0.0026834162496848666, 'ign_c': 298.123706972088}.
[I 2026-08-06 00:08:39,170] Trial 136 finished with values: [10.757658117916419, 10.757658117916419] and parameters: {'k1': 0.0026651167490553537, 'D_low': 6986.847592445664, 'k2': 2.5461628161276896e-05, 'D_high': 3660.150802571655, 'fire_exp': 1.5201277403788451, 'P_half': 4.397766894483963, 'pre_dampen_half': 5.542030950268268, 'gpp_af': 2.8805537835688413, 'gpp_b': 0.08161454372835547, 'gpp_d': 39.827466658711515, 'ign_k': 0.005877005203443299, 'ign_c': 14.810800730363484}.
[I 2026-08-06 00:08:40,164] Trial 137 finished with values: [10.764057825893776, 10.764057825893776] and parameters: {'k1': 0.025383218374507292, 'D_low': 175.2878790340412, 'k2': 0.03210808548911189, 'D_high': 411.0848435021235, 'fire_exp': 1.010722707674549, 'P_half': 1.3035590385085063, 'pre_dampen_half': 14.689898077648792, 'gpp_af': 22.766850248686247, 'gpp_b': 0.1676789742547917, 'gpp_d': 0.11609694921678075, 'ign_k': 3.7173717478250508, 'ign_c': 0.11433485956638717}.
[I 2026-08-06 00:08:41,109] Trial 138 finished with values: [10.16815915000298, 10.16815915000298] and parameters: {'k1': 0.002971796631657383, 'D_low': 29.89885508829526, 'k2': 0.0007081721844034209, 'D_high': 9769.756791866093, 'fire_exp': 1.0881360604103363, 'P_half': 10.226988730324324, 'pre_dampen_half': 36.876350096203005, 'gpp_af': 29.925002022877802, 'gpp_b': 0.011750724729953272, 'gpp_d': 4.5768578731086835, 'ign_k': 0.0026834162496848666, 'ign_c': 6.160975294741436}.
[I 2026-08-06 00:08:42,059] Trial 139 finished with values: [10.76555545684966, 10.76555545684966] and parameters: {'k1': 4.739584301027366e-05, 'D_low': 51.9967392387832, 'k2': 0.00022704877557909215, 'D_high': 22.636544662054543, 'fire_exp': 1.3201882743050743, 'P_half': 2431.135510629241, 'pre_dampen_half': 3.3594011166738142, 'gpp_af': 0.0662749342026412, 'gpp_b': 0.000832333943844274, 'gpp_d': 300.3420512048734, 'ign_k': 0.004937355303501836, 'ign_c': 386.4218705871767}.
[I 2026-08-06 00:08:43,008] Trial 140 finished with values: [10.769227732215542, 10.769227732215542] and parameters: {'k1': 0.00488137519160367, 'D_low': 9.330007965781027, 'k2': 8.923807143379776e-05, 'D_high': 39.323386421481615, 'fire_exp': 2.332293128354265, 'P_half': 45.55085098454082, 'pre_dampen_half': 1.6130673726933187, 'gpp_af': 0.04339970334001348, 'gpp_b': 1.5938003265859821, 'gpp_d': 368.30088529547436, 'ign_k': 0.0037322156377670697, 'ign_c': 2.4287565087611744}.
[I 2026-08-06 00:08:44,003] Trial 141 finished with values: [10.623302571357723, 10.623302571357723] and parameters: {'k1': 0.025383218374507292, 'D_low': 125.32726386250698, 'k2': 0.0004381141781653133, 'D_high': 85018.70149611714, 'fire_exp': 1.010722707674549, 'P_half': 608.3019192425825, 'pre_dampen_half': 703.6426675556048, 'gpp_af': 21.258647437649888, 'gpp_b': 3.251606690398149e-05, 'gpp_d': 0.19476644406315288, 'ign_k': 0.0048255892187380085, 'ign_c': 47.268615251255675}.
[I 2026-08-06 00:08:44,919] Trial 142 finished with values: [10.672702061935398, 10.672702061935398] and parameters: {'k1': 0.0029707920514735983, 'D_low': 2.5379946629058443, 'k2': 2.1698375693549493e-05, 'D_high': 6366.1449945522045, 'fire_exp': 1.182396148413737, 'P_half': 9716.212563514906, 'pre_dampen_half': 33.9790424311127, 'gpp_af': 0.6194713831445294, 'gpp_b': 3.228689523591491e-05, 'gpp_d': 857.4284557962634, 'ign_k': 0.03141110271934876, 'ign_c': 9.34330265731847}.
[I 2026-08-06 00:08:45,868] Trial 143 finished with values: [10.009032911410364, 10.009032911410364] and parameters: {'k1': 2.0937989739527727e-05, 'D_low': 125.32726386250698, 'k2': 0.0010204225357677778, 'D_high': 75773.14388518519, 'fire_exp': 1.2943117749495199, 'P_half': 63.585411411994926, 'pre_dampen_half': 703.6426675556048, 'gpp_af': 10.25616274847308, 'gpp_b': 2.800940363375676e-05, 'gpp_d': 5.878566318396007, 'ign_k': 0.0048255892187380085, 'ign_c': 0.6235377135673155}.
[I 2026-08-06 00:08:46,817] Trial 144 finished with values: [10.363628380646695, 10.363628380646695] and parameters: {'k1': 0.002407354618388189, 'D_low': 2.1234210963705626, 'k2': 0.0499774937030317, 'D_high': 32311.521854410956, 'fire_exp': 1.811096651915224, 'P_half': 12.808863354047988, 'pre_dampen_half': 107.40052367919465, 'gpp_af': 0.5970408652384318, 'gpp_b': 0.00012797528816608022, 'gpp_d': 0.1619054449471649, 'ign_k': 0.002357279455676982, 'ign_c': 8.671454322584175}.
[I 2026-08-06 00:08:47,767] Trial 145 finished with values: [10.409227549654336, 10.409227549654336] and parameters: {'k1': 0.002971796631657383, 'D_low': 29.89885508829526, 'k2': 0.0007081721844034209, 'D_high': 75773.14388518519, 'fire_exp': 1.1044852285094786, 'P_half': 10.226988730324324, 'pre_dampen_half': 4.350163152436989, 'gpp_af': 92.21975850381763, 'gpp_b': 2.7719116797094715e-05, 'gpp_d': 5.878566318396007, 'ign_k': 7.537201787998428, 'ign_c': 6.160975294741436}.
[I 2026-08-06 00:08:48,707] Trial 146 finished with values: [10.649113246555704, 10.649113246555704] and parameters: {'k1': 0.02641449645424223, 'D_low': 64.52946500764233, 'k2': 0.0007883068789768041, 'D_high': 54.1524411940254, 'fire_exp': 1.151006986743773, 'P_half': 12.808863354047988, 'pre_dampen_half': 1.4445251022763053, 'gpp_af': 0.14765842992482675, 'gpp_b': 0.00012797528816608022, 'gpp_d': 0.11136446029400991, 'ign_k': 0.34703605955441524, 'ign_c': 0.15178052094448868}.
[I 2026-08-06 00:08:49,740] Trial 147 finished with values: [10.73968087588825, 10.73968087588825] and parameters: {'k1': 7.841214856323651e-05, 'D_low': 125.32726386250698, 'k2': 0.0004381141781653133, 'D_high': 233.52156626184438, 'fire_exp': 1.1670151053031461, 'P_half': 215.55950571043874, 'pre_dampen_half': 111.37963167994629, 'gpp_af': 11.234842109991876, 'gpp_b': 0.0025416076006960116, 'gpp_d': 0.19476644406315288, 'ign_k': 0.03141110271934876, 'ign_c': 10.140635645866492}.
[I 2026-08-06 00:08:50,663] Trial 148 finished with values: [10.769230768877819, 10.769230768877819] and parameters: {'k1': 0.002971796631657383, 'D_low': 74.92772870670282, 'k2': 0.0007081721844034209, 'D_high': 9769.756791866093, 'fire_exp': 1.0881360604103363, 'P_half': 125.61043700013555, 'pre_dampen_half': 1.4445251022763053, 'gpp_af': 0.14765842992482675, 'gpp_b': 0.0024605285374226047, 'gpp_d': 0.05061568304359488, 'ign_k': 0.34703605955441524, 'ign_c': 298.123706972088}.
[I 2026-08-06 00:08:51,599] Trial 149 finished with values: [10.685376731710056, 10.685376731710056] and parameters: {'k1': 0.0002656971546588439, 'D_low': 29.89885508829526, 'k2': 0.0007081721844034209, 'D_high': 10427.291060979045, 'fire_exp': 1.0881360604103363, 'P_half': 10.226988730324324, 'pre_dampen_half': 3.3594011166738142, 'gpp_af': 5.620854611217178, 'gpp_b': 0.011750724729953272, 'gpp_d': 300.3420512048734, 'ign_k': 0.006912296717033066, 'ign_c': 386.4218705871767}.
[I 2026-08-06 00:08:52,535] Trial 150 finished with values: [10.181764332273847, 10.181764332273847] and parameters: {'k1': 0.002971796631657383, 'D_low': 74.92772870670282, 'k2': 0.0007081721844034209, 'D_high': 9769.756791866093, 'fire_exp': 1.0881360604103363, 'P_half': 1627.0983114897251, 'pre_dampen_half': 53.73093479067421, 'gpp_af': 29.925002022877802, 'gpp_b': 0.011750724729953272, 'gpp_d': 309.22275645044783, 'ign_k': 0.0026834162496848666, 'ign_c': 298.123706972088}.
[I 2026-08-06 00:08:53,471] Trial 151 finished with values: [-0.5102642533166772, 0.189530232948376] and parameters: {'k1': 6.615437365561391e-05, 'D_low': 532.1216007763549, 'k2': 2.1698375693549493e-05, 'D_high': 57.90964233881214, 'fire_exp': 1.182396148413737, 'P_half': 4.397766894483963, 'pre_dampen_half': 33.9790424311127, 'gpp_af': 0.0025511964576171086, 'gpp_b': 3.228689523591491e-05, 'gpp_d': 668.5510162938966, 'ign_k': 0.03141110271934876, 'ign_c': 0.8891936446296247}.
[I 2026-08-06 00:08:54,457] Trial 152 finished with values: [10.769230768877819, 10.769230768877819] and parameters: {'k1': 0.03232155805617897, 'D_low': 1.4002277211577039, 'k2': 0.0007081721844034209, 'D_high': 6455.595882939566, 'fire_exp': 5.463881201328881, 'P_half': 14.94057723907974, 'pre_dampen_half': 2.292633983096564, 'gpp_af': 29.925002022877802, 'gpp_b': 0.011750724729953272, 'gpp_d': 4.5768578731086835, 'ign_k': 0.18170401889219123, 'ign_c': 298.123706972088}.
[I 2026-08-06 00:08:55,410] Trial 153 finished with values: [10.615678077706864, 10.615678077706864] and parameters: {'k1': 0.00324789183891923, 'D_low': 2.458603276328005, 'k2': 0.031211489608802344, 'D_high': 48249.14281180252, 'fire_exp': 1.151006986743773, 'P_half': 12.808863354047988, 'pre_dampen_half': 107.40052367919465, 'gpp_af': 35.20481045526041, 'gpp_b': 0.003510201564752293, 'gpp_d': 0.11136446029400991, 'ign_k': 0.03033111747878116, 'ign_c': 8.671454322584175}.
[I 2026-08-06 00:08:56,391] Trial 154 finished with values: [10.654643621841517, 10.654643621841517] and parameters: {'k1': 2.0937989739527727e-05, 'D_low': 29.89885508829526, 'k2': 1.831616544393272e-05, 'D_high': 233.52156626184438, 'fire_exp': 1.0881360604103363, 'P_half': 10.226988730324324, 'pre_dampen_half': 75.44632385121258, 'gpp_af': 29.925002022877802, 'gpp_b': 0.011750724729953272, 'gpp_d': 4.5768578731086835, 'ign_k': 0.03141110271934876, 'ign_c': 47.268615251255675}.
[I 2026-08-06 00:08:57,371] Trial 155 finished with values: [10.769230768877819, 10.769230768877819] and parameters: {'k1': 4.739584301027366e-05, 'D_low': 918.4900818511542, 'k2': 5.105542986365652e-05, 'D_high': 22.636544662054543, 'fire_exp': 5.463881201328881, 'P_half': 14.94057723907974, 'pre_dampen_half': 111.37963167994629, 'gpp_af': 0.0662749342026412, 'gpp_b': 1.5938003265859821, 'gpp_d': 28.312234265202243, 'ign_k': 0.11101191524846071, 'ign_c': 157.63098727399432}.
[I 2026-08-06 00:08:58,322] Trial 156 finished with values: [10.766968303039874, 10.766968303039874] and parameters: {'k1': 0.006117912981900519, 'D_low': 29.89885508829526, 'k2': 2.316457903103837e-05, 'D_high': 233.52156626184438, 'fire_exp': 2.8398070613229245, 'P_half': 39.03214299767183, 'pre_dampen_half': 4.187466509282843, 'gpp_af': 0.15988721385117122, 'gpp_b': 0.011750724729953272, 'gpp_d': 0.19476644406315288, 'ign_k': 0.0026834162496848666, 'ign_c': 47.268615251255675}.
[I 2026-08-06 00:08:59,226] Trial 157 finished with values: [10.394822007858368, 10.394822007858368] and parameters: {'k1': 0.03232155805617897, 'D_low': 9.330007965781027, 'k2': 0.006138509947844854, 'D_high': 400.9149428326862, 'fire_exp': 1.0473002272689056, 'P_half': 14.94057723907974, 'pre_dampen_half': 1.6130673726933187, 'gpp_af': 11.234842109991876, 'gpp_b': 5.2308563179361105e-05, 'gpp_d': 368.30088529547436, 'ign_k': 0.11101191524846071, 'ign_c': 10.140635645866492}.
[I 2026-08-06 00:09:00,180] Trial 158 finished with values: [-0.5439698401974977, 0.2511318245459867] and parameters: {'k1': 0.0017320535908244437, 'D_low': 4.051452710153359, 'k2': 3.5917714215176105e-05, 'D_high': 3660.150802571655, 'fire_exp': 1.5201277403788451, 'P_half': 22.4895428439145, 'pre_dampen_half': 304.7488318185732, 'gpp_af': 0.47739011308437823, 'gpp_b': 8.539677611488478e-05, 'gpp_d': 150.14555442537656, 'ign_k': 0.005877005203443299, 'ign_c': 14.810800730363484}.
[I 2026-08-06 00:09:01,118] Trial 159 finished with values: [10.756507628069626, 10.756507628069626] and parameters: {'k1': 0.0026651167490553537, 'D_low': 175.2878790340412, 'k2': 2.5461628161276896e-05, 'D_high': 4508.240502480678, 'fire_exp': 1.3614924220931135, 'P_half': 5.342106255632175, 'pre_dampen_half': 5.542030950268268, 'gpp_af': 2.8805537835688413, 'gpp_b': 0.08161454372835547, 'gpp_d': 0.13223503889537183, 'ign_k': 0.0035114452581286888, 'ign_c': 0.11433485956638717}.
[I 2026-08-06 00:09:02,044] Trial 160 finished with values: [10.48953184691076, 10.48953184691076] and parameters: {'k1': 0.02714257255218683, 'D_low': 175.2878790340412, 'k2': 0.0001870742013766025, 'D_high': 10427.291060979045, 'fire_exp': 1.3614924220931135, 'P_half': 2799.899764723165, 'pre_dampen_half': 59.66041614891413, 'gpp_af': 13.560863064135962, 'gpp_b': 4.038332634638232, 'gpp_d': 300.3420512048734, 'ign_k': 0.03604182012888638, 'ign_c': 0.11049703024154134}.
[I 2026-08-06 00:09:02,974] Trial 161 finished with values: [10.76720933916679, 10.76720933916679] and parameters: {'k1': 0.03232155805617897, 'D_low': 7126.727573532312, 'k2': 1.1184534120760473e-05, 'D_high': 75773.14388518519, 'fire_exp': 1.1044852285094786, 'P_half': 3669.20903969591, 'pre_dampen_half': 4.350163152436989, 'gpp_af': 4.095062894476692, 'gpp_b': 1.5938003265859821, 'gpp_d': 368.30088529547436, 'ign_k': 7.537201787998428, 'ign_c': 0.5110256715654393}.
[I 2026-08-06 00:09:03,890] Trial 162 finished with values: [-0.4884897705161003, 0.24417712510984713] and parameters: {'k1': 3.252245757497282e-05, 'D_low': 1112.9571947046009, 'k2': 3.5917714215176105e-05, 'D_high': 8182.111518618414, 'fire_exp': 1.5201277403788451, 'P_half': 24.136213194527585, 'pre_dampen_half': 304.7488318185732, 'gpp_af': 0.47739011308437823, 'gpp_b': 3.481277316673104e-05, 'gpp_d': 150.14555442537656, 'ign_k': 0.019192001101561888, 'ign_c': 0.1457050032975653}.
[I 2026-08-06 00:09:04,823] Trial 163 finished with values: [10.769230768877819, 10.769230768877819] and parameters: {'k1': 2.0937989739527727e-05, 'D_low': 98.57545621889057, 'k2': 0.0004381141781653133, 'D_high': 6455.595882939566, 'fire_exp': 2.2881850891698634, 'P_half': 39.03214299767183, 'pre_dampen_half': 703.6426675556048, 'gpp_af': 0.0025511964576171086, 'gpp_b': 4.749990847441259, 'gpp_d': 0.6537496690081765, 'ign_k': 0.03141110271934876, 'ign_c': 47.268615251255675}.
[I 2026-08-06 00:09:05,756] Trial 164 finished with values: [-0.6009855361500661, 0.130936769169691] and parameters: {'k1': 0.00324789183891923, 'D_low': 2.1234210963705626, 'k2': 0.006138509947844854, 'D_high': 6455.595882939566, 'fire_exp': 1.151006986743773, 'P_half': 958.8659498594012, 'pre_dampen_half': 111.37963167994629, 'gpp_af': 5.511863475708366, 'gpp_b': 0.0024194895091734425, 'gpp_d': 13.076473382928533, 'ign_k': 0.031134168041628628, 'ign_c': 19.19168994439752}.
