[I 2026-06-10 22:43:38,554] Trial 857 finished with values: [10.070135876947766, 10.070135876947766] and parameters: {'k1': 0.0869690639641868, 'D_low': 12.105387404469584, 'k2': 0.003767022142229395, 'D_high': 1266.9536563782303, 'fire_exp': 1.1633452995374232, 'P_half': 1.4551749476072258, 'pre_dampen_half': 189.36639872354493, 'gpp_af': 1.3954498518315706, 'gpp_b': 0.16285506249643175, 'gpp_d': 12.151631524283598, 'ign_k': 0.17320535908244444, 'ign_c': 0.7619822175388142, 'trop_agb_crit': 1.8566494291193822, 'trop_k_veg': 2.2057060303254308, 'fire_amp': 1.4475279918261055}.
[I 2026-06-10 22:43:39,884] Trial 858 finished with values: [10.485510238501334, 10.485510238501334] and parameters: {'k1': 0.0001887567630782227, 'D_low': 1.4002277211577039, 'k2': 0.003767022142229395, 'D_high': 949.9072859745386, 'fire_exp': 1.1633452995374232, 'P_half': 157.80309954142965, 'pre_dampen_half': 9.044346216330972, 'gpp_af': 37.28155624293858, 'gpp_b': 0.00019552902383918484, 'gpp_d': 7.631016235941559, 'ign_k': 1.6270983114897255, 'ign_c': 7.832259769732471, 'trop_agb_crit': 1.8285200278523417, 'trop_k_veg': 6.825463866194253, 'fire_amp': 2.6192385880432525}.
[I 2026-06-10 22:43:41,412] Trial 859 finished with values: [10.181937556805766, 10.181937556805766] and parameters: {'k1': 0.0869690639641868, 'D_low': 146.28013120517718, 'k2': 0.003767022142229395, 'D_high': 44974.07193749848, 'fire_exp': 5.117531439790398, 'P_half': 101.40635645866499, 'pre_dampen_half': 903.3231300044874, 'gpp_af': 1.9654778690222015, 'gpp_b': 0.00012118589392553798, 'gpp_d': 0.030844007727232167, 'ign_k': 0.8945150807271531, 'ign_c': 0.10435856341129002, 'trop_agb_crit': 8.188098178380693, 'trop_k_veg': 5.022956259243681, 'fire_amp': 2.042193818779288}.
[I 2026-06-10 22:43:42,970] Trial 860 finished with values: [10.824439124013345, 10.824439124013345] and parameters: {'k1': 0.0032360993995751053, 'D_low': 146.24004590125713, 'k2': 0.0012030178871154666, 'D_high': 27.55546207779663, 'fire_exp': 1.1633452995374232, 'P_half': 1265.0580856641704, 'pre_dampen_half': 0.011497512044959184, 'gpp_af': 0.41874665092828456, 'gpp_b': 1.4540386644083135e-05, 'gpp_d': 594.7389794988394, 'ign_k': 0.09256855841989636, 'ign_c': 0.4177928311636542, 'trop_agb_crit': 1.0189592979395135, 'trop_k_veg': 0.975900407343733, 'fire_amp': 2.6192385880432525}.
[I 2026-06-10 22:43:44,724] Trial 861 finished with values: [10.74531008480416, 10.74531008480416] and parameters: {'k1': 0.006079905434073396, 'D_low': 1.4002277211577039, 'k2': 0.0012030178871154666, 'D_high': 27.55546207779663, 'fire_exp': 1.3807440352456883, 'P_half': 8007.464457322735, 'pre_dampen_half': 121.93011993958949, 'gpp_af': 0.07118041471054574, 'gpp_b': 1.4540386644083135e-05, 'gpp_d': 47.35384181058586, 'ign_k': 1.6074906204277295, 'ign_c': 0.4177928311636542, 'trop_agb_crit': 26.146349182924812, 'trop_k_veg': 0.8262197191676174, 'fire_amp': 5.831305332032283}.
[I 2026-06-10 22:43:46,044] Trial 862 finished with values: [10.818380367217948, 10.818380367217948] and parameters: {'k1': 0.0869690639641868, 'D_low': 1.4002277211577039, 'k2': 0.003767022142229395, 'D_high': 949.9072859745386, 'fire_exp': 5.117531439790398, 'P_half': 882.2833027501578, 'pre_dampen_half': 20.84599542460349, 'gpp_af': 0.41874665092828456, 'gpp_b': 1.4540386644083135e-05, 'gpp_d': 47.35384181058586, 'ign_k': 1.6270983114897255, 'ign_c': 16.497426799845446, 'trop_agb_crit': 8.188098178380693, 'trop_k_veg': 5.593985425286908, 'fire_amp': 2.6192385880432525}.
[I 2026-06-10 22:43:47,347] Trial 863 finished with values: [10.547192070258683, 10.547192070258683] and parameters: {'k1': 0.00023134781612225627, 'D_low': 1.7551403048208316, 'k2': 0.019383858782150494, 'D_high': 42210.21267871043, 'fire_exp': 1.0601964743503993, 'P_half': 1265.0580856641704, 'pre_dampen_half': 2.7496044350174866, 'gpp_af': 0.8057329182285734, 'gpp_b': 0.00031478066835753096, 'gpp_d': 1.4397852866783676, 'ign_k': 0.17320535908244444, 'ign_c': 0.2747544877072544, 'trop_agb_crit': 12.647327018493208, 'trop_k_veg': 4.0068236274914755, 'fire_amp': 1.5719333351012774}.
[I 2026-06-10 22:43:48,686] Trial 864 finished with values: [-0.5083003018022605, 0.4984587573263519] and parameters: {'k1': 0.00023134781612225627, 'D_low': 1.7551403048208316, 'k2': 0.019383858782150494, 'D_high': 42210.21267871043, 'fire_exp': 1.3807440352456883, 'P_half': 4.213183643253957, 'pre_dampen_half': 20.84599542460349, 'gpp_af': 0.8057329182285734, 'gpp_b': 0.00031478066835753096, 'gpp_d': 47.35384181058586, 'ign_k': 7.544827057709847, 'ign_c': 23.422386257929038, 'trop_agb_crit': 12.647327018493208, 'trop_k_veg': 0.8262197191676174, 'fire_amp': 1.5719333351012774}.
[I 2026-06-10 22:43:50,251] Trial 865 finished with values: [10.833333333148357, 10.833333333148357] and parameters: {'k1': 0.006079905434073396, 'D_low': 155.5385177474217, 'k2': 0.02065142557895925, 'D_high': 949.9072859745386, 'fire_exp': 1.9095652801045373, 'P_half': 157.3644610977214, 'pre_dampen_half': 9.044346216330972, 'gpp_af': 2.5184956910855436, 'gpp_b': 0.005324318259022292, 'gpp_d': 0.4742269251269962, 'ign_k': 1.6270983114897255, 'ign_c': 238.46702350126745, 'trop_agb_crit': 8.188098178380693, 'trop_k_veg': 0.6618107836658104, 'fire_amp': 2.6192385880432525}.
[I 2026-06-10 22:43:51,677] Trial 866 finished with values: [10.385687585855624, 10.385687585855624] and parameters: {'k1': 0.006079905434073396, 'D_low': 1.4002277211577039, 'k2': 0.0010726091927327822, 'D_high': 18701.140647651915, 'fire_exp': 1.2732983562135975, 'P_half': 882.2833027501578, 'pre_dampen_half': 20.84599542460349, 'gpp_af': 1.9654778690222015, 'gpp_b': 0.00047819318414852577, 'gpp_d': 594.7389794988394, 'ign_k': 1.6270983114897255, 'ign_c': 0.24679157131719837, 'trop_agb_crit': 1.0189592979395135, 'trop_k_veg': 3.1055119128084763, 'fire_amp': 2.3984211831442845}.
[I 2026-06-10 22:43:53,060] Trial 867 finished with values: [10.828997250023429, 10.828997250023429] and parameters: {'k1': 0.00031134168041628584, 'D_low': 12.105387404469584, 'k2': 0.049094038862232466, 'D_high': 27.55546207779663, 'fire_exp': 1.9365919987098117, 'P_half': 1265.0580856641704, 'pre_dampen_half': 37.40930273158252, 'gpp_af': 0.41874665092828456, 'gpp_b': 1.4540386644083135e-05, 'gpp_d': 46.010874324515754, 'ign_k': 0.09256855841989636, 'ign_c': 0.7619822175388142, 'trop_agb_crit': 1.0189592979395135, 'trop_k_veg': 0.6488368931910606, 'fire_amp': 2.5192808848916854}.
[I 2026-06-10 22:43:54,354] Trial 868 finished with values: [14.637511603988006, 14.637511603988006] and parameters: {'k1': 0.0869690639641868, 'D_low': 50.32059347286801, 'k2': 0.0010726091927327822, 'D_high': 18701.140647651915, 'fire_exp': 1.4126958348191876, 'P_half': 157.3644610977214, 'pre_dampen_half': 189.36639872354493, 'gpp_af': 1.9654778690222015, 'gpp_b': 0.00047819318414852577, 'gpp_d': 7.631016235941559, 'ign_k': 0.8945150807271531, 'ign_c': 0.19623826481168347, 'trop_agb_crit': 1.0189592979395135, 'trop_k_veg': 5.022956259243681, 'fire_amp': 2.042193818779288}.
[I 2026-06-10 22:43:55,671] Trial 869 finished with values: [15.038553139551905, 15.038553139551905] and parameters: {'k1': 0.0869690639641868, 'D_low': 43.2326421037033, 'k2': 0.003767022142229395, 'D_high': 44974.07193749848, 'fire_exp': 1.0601964743503993, 'P_half': 101.40635645866499, 'pre_dampen_half': 189.36639872354493, 'gpp_af': 0.09885838682552685, 'gpp_b': 0.00047819318414852577, 'gpp_d': 0.4742269251269962, 'ign_k': 0.09256855841989636, 'ign_c': 0.6235377135673155, 'trop_agb_crit': 2.0527418919564324, 'trop_k_veg': 1.6003641872536711, 'fire_amp': 2.6192385880432525}.
[I 2026-06-10 22:43:57,134] Trial 870 finished with values: [-0.5782889752737023, 0.2688754087800509] and parameters: {'k1': 0.006079905434073396, 'D_low': 146.24004590125713, 'k2': 0.00024195799118138832, 'D_high': 23341.737328466752, 'fire_exp': 1.3807440352456883, 'P_half': 1265.0580856641704, 'pre_dampen_half': 37.40930273158252, 'gpp_af': 0.41874665092828456, 'gpp_b': 2.800940363375676e-05, 'gpp_d': 47.35384181058586, 'ign_k': 1.6270983114897255, 'ign_c': 16.497426799845446, 'trop_agb_crit': 1.513702538071769, 'trop_k_veg': 0.8262197191676174, 'fire_amp': 2.5432210024239192}.
[I 2026-06-10 22:43:58,599] Trial 871 finished with values: [-0.6287335050743676, 0.07968365472856298] and parameters: {'k1': 0.005754658592592073, 'D_low': 19.89315688058566, 'k2': 0.0012030178871154666, 'D_high': 27.55546207779663, 'fire_exp': 1.1633452995374232, 'P_half': 1265.0580856641704, 'pre_dampen_half': 123.04779330083686, 'gpp_af': 0.07118041471054574, 'gpp_b': 1.4540386644083135e-05, 'gpp_d': 46.010874324515754, 'ign_k': 0.09256855841989636, 'ign_c': 0.4177928311636542, 'trop_agb_crit': 12.279079504118675, 'trop_k_veg': 5.636143940068465, 'fire_amp': 5.831305332032283}.
[I 2026-06-10 22:43:59,889] Trial 872 finished with values: [10.339344616829152, 10.339344616829152] and parameters: {'k1': 0.00026539376439360527, 'D_low': 80.1811936889058, 'k2': 0.0012030178871154666, 'D_high': 27.55546207779663, 'fire_exp': 1.1633452995374232, 'P_half': 157.3644610977214, 'pre_dampen_half': 189.36639872354493, 'gpp_af': 0.07576025464197739, 'gpp_b': 2.176805640408474e-05, 'gpp_d': 1.0088237648985734, 'ign_k': 0.13500744867919376, 'ign_c': 0.4177928311636542, 'trop_agb_crit': 1.8566494291193822, 'trop_k_veg': 4.796046723963646, 'fire_amp': 5.615047466686494}.
[I 2026-06-10 22:44:01,229] Trial 873 finished with values: [14.84940933063661, 14.84940933063661] and parameters: {'k1': 0.0009255037589041178, 'D_low': 171.2446447678494, 'k2': 0.003767022142229395, 'D_high': 42210.21267871043, 'fire_exp': 1.0601964743503993, 'P_half': 1265.0580856641704, 'pre_dampen_half': 189.36639872354493, 'gpp_af': 0.07118041471054574, 'gpp_b': 2.176805640408474e-05, 'gpp_d': 7.631016235941559, 'ign_k': 0.17320535908244444, 'ign_c': 0.7619822175388142, 'trop_agb_crit': 1.8566494291193822, 'trop_k_veg': 6.825463866194253, 'fire_amp': 5.831305332032283}.
[I 2026-06-10 22:44:02,509] Trial 874 finished with values: [16.834116491185057, 16.834116491185057] and parameters: {'k1': 0.0869690639641868, 'D_low': 146.24004590125713, 'k2': 0.0007731571570012607, 'D_high': 48235.58283024493, 'fire_exp': 1.0601964743503993, 'P_half': 157.3644610977214, 'pre_dampen_half': 189.36639872354493, 'gpp_af': 0.41874665092828456, 'gpp_b': 0.00047819318414852577, 'gpp_d': 7.631016235941559, 'ign_k': 0.8945150807271531, 'ign_c': 0.29205563600251844, 'trop_agb_crit': 1.8566494291193822, 'trop_k_veg': 4.796046723963646, 'fire_amp': 2.6192385880432525}.
[I 2026-06-10 22:44:03,891] Trial 875 finished with values: [10.586694528549101, 10.586694528549101] and parameters: {'k1': 0.0003783599106879794, 'D_low': 50.32059347286801, 'k2': 0.00025923015361558547, 'D_high': 48235.58283024493, 'fire_exp': 1.9136159174067866, 'P_half': 1265.0580856641704, 'pre_dampen_half': 37.40930273158252, 'gpp_af': 1.9654778690222015, 'gpp_b': 0.0002637687576667052, 'gpp_d': 594.7389794988394, 'ign_k': 1.6270983114897255, 'ign_c': 16.497426799845446, 'trop_agb_crit': 1.0189592979395135, 'trop_k_veg': 4.796046723963646, 'fire_amp': 2.6192385880432525}.
[I 2026-06-10 22:44:05,892] Trial 876 finished with values: [-0.5343566903804977, 0.4434468566529878] and parameters: {'k1': 0.0006883147458933808, 'D_low': 171.2446447678494, 'k2': 0.003767022142229395, 'D_high': 42210.21267871043, 'fire_exp': 1.2918065501148304, 'P_half': 1265.0580856641704, 'pre_dampen_half': 189.36639872354493, 'gpp_af': 1.7775411110039254, 'gpp_b': 2.176805640408474e-05, 'gpp_d': 0.03927259340973166, 'ign_k': 0.17320535908244444, 'ign_c': 23.422386257929038, 'trop_agb_crit': 1.0693376406863295, 'trop_k_veg': 4.0068236274914755, 'fire_amp': 5.831305332032283}.
[I 2026-06-10 22:44:07,234] Trial 877 finished with values: [10.833333333148357, 10.833333333148357] and parameters: {'k1': 0.0869690639641868, 'D_low': 146.24004590125713, 'k2': 0.0012030178871154666, 'D_high': 35.136541394511, 'fire_exp': 1.0601964743503993, 'P_half': 1.4551749476072258, 'pre_dampen_half': 189.36639872354493, 'gpp_af': 37.28155624293858, 'gpp_b': 0.004411400434514031, 'gpp_d': 7.631016235941559, 'ign_k': 0.8945150807271531, 'ign_c': 138.05946158117075, 'trop_agb_crit': 1.0693376406863295, 'trop_k_veg': 6.825463866194253, 'fire_amp': 5.831305332032283}.
[I 2026-06-10 22:44:08,569] Trial 878 finished with values: [10.83333332108877, 10.83333332108877] and parameters: {'k1': 0.0869690639641868, 'D_low': 2396.0796124300746, 'k2': 0.0007731571570012607, 'D_high': 431.45617043093523, 'fire_exp': 7.7998219494546595, 'P_half': 4.213183643253957, 'pre_dampen_half': 30.456909077772018, 'gpp_af': 1.3954498518315706, 'gpp_b': 0.004411400434514031, 'gpp_d': 7.631016235941559, 'ign_k': 0.17320535908244444, 'ign_c': 1.3431925993528124, 'trop_agb_crit': 1.8566494291193822, 'trop_k_veg': 0.6673124511410327, 'fire_amp': 5.538534697983617}.
[I 2026-06-10 22:44:09,846] Trial 879 finished with values: [10.058098257605703, 10.058098257605703] and parameters: {'k1': 0.0869690639641868, 'D_low': 50.32059347286801, 'k2': 0.0010726091927327822, 'D_high': 18701.140647651915, 'fire_exp': 1.9136159174067866, 'P_half': 157.3644610977214, 'pre_dampen_half': 958.6709783968975, 'gpp_af': 0.09885838682552685, 'gpp_b': 0.00047819318414852577, 'gpp_d': 0.03200582711952312, 'ign_k': 0.037151317999473285, 'ign_c': 1.3431925993528124, 'trop_agb_crit': 1.8566494291193822, 'trop_k_veg': 1.6003641872536711, 'fire_amp': 2.6192385880432525}.
[I 2026-06-10 22:44:11,151] Trial 880 finished with values: [10.831284408363372, 10.831284408363372] and parameters: {'k1': 0.006079905434073396, 'D_low': 146.28013120517718, 'k2': 0.003767022142229395, 'D_high': 451.02062878998754, 'fire_exp': 6.122141825699288, 'P_half': 101.40635645866499, 'pre_dampen_half': 189.36639872354493, 'gpp_af': 0.41874665092828456, 'gpp_b': 2.1309331861011757e-05, 'gpp_d': 0.37760216765950283, 'ign_k': 0.09256855841989636, 'ign_c': 0.10435856341129002, 'trop_agb_crit': 8.188098178380693, 'trop_k_veg': 0.8262197191676174, 'fire_amp': 5.3557573266024745}.
[I 2026-06-10 22:44:12,669] Trial 881 finished with values: [10.773176675633657, 10.773176675633657] and parameters: {'k1': 0.006079905434073396, 'D_low': 1.4002277211577039, 'k2': 0.0007731571570012607, 'D_high': 949.9072859745386, 'fire_exp': 1.1633452995374232, 'P_half': 157.3644610977214, 'pre_dampen_half': 27.58503443495818, 'gpp_af': 37.28155624293858, 'gpp_b': 0.004222977274601172, 'gpp_d': 7.631016235941559, 'ign_k': 0.010439567055209046, 'ign_c': 230.93317030826512, 'trop_agb_crit': 1.139620825053645, 'trop_k_veg': 6.825463866194253, 'fire_amp': 2.6192385880432525}.
[I 2026-06-10 22:44:14,127] Trial 882 finished with values: [-0.48734888389141223, 0.6007480377753371] and parameters: {'k1': 0.04046205802397579, 'D_low': 1.4002277211577039, 'k2': 3.152468275632564e-05, 'D_high': 27.55546207779663, 'fire_exp': 1.111738490499784, 'P_half': 61.6097529474144, 'pre_dampen_half': 9.044346216330972, 'gpp_af': 2.5184956910855436, 'gpp_b': 2.1309331861011757e-05, 'gpp_d': 0.7698760608299932, 'ign_k': 1.6270983114897255, 'ign_c': 7.081721844034206, 'trop_agb_crit': 2.0527418919564324, 'trop_k_veg': 0.6618107836658104, 'fire_amp': 1.5719333351012774}.
[I 2026-06-10 22:44:15,406] Trial 883 finished with values: [11.117718499766584, 11.117718499766584] and parameters: {'k1': 0.0869690639641868, 'D_low': 43.2326421037033, 'k2': 4.933751600448335e-05, 'D_high': 35.136541394511, 'fire_exp': 1.2732983562135975, 'P_half': 70.13097205353067, 'pre_dampen_half': 350.88322284755304, 'gpp_af': 0.41874665092828456, 'gpp_b': 0.00047819318414852577, 'gpp_d': 46.010874324515754, 'ign_k': 1.6270983114897255, 'ign_c': 0.4177928311636542, 'trop_agb_crit': 1.0189592979395135, 'trop_k_veg': 4.796046723963646, 'fire_amp': 1.5719333351012774}.
[I 2026-06-10 22:44:16,691] Trial 884 finished with values: [10.652108480747025, 10.652108480747025] and parameters: {'k1': 0.05466937478766084, 'D_low': 1.4002277211577039, 'k2': 0.0012030178871154666, 'D_high': 8440.303958079088, 'fire_exp': 1.0601964743503993, 'P_half': 353.8391696694433, 'pre_dampen_half': 123.04779330083686, 'gpp_af': 0.07118041471054574, 'gpp_b': 1.4540386644083135e-05, 'gpp_d': 0.12878367369717508, 'ign_k': 0.00840038491455979, 'ign_c': 43.39260158221387, 'trop_agb_crit': 1.5033346993841157, 'trop_k_veg': 5.636143940068465, 'fire_amp': 2.042193818779288}.
[I 2026-06-10 22:44:18,018] Trial 885 finished with values: [10.081923845277412, 10.081923845277412] and parameters: {'k1': 0.006079905434073396, 'D_low': 171.2446447678494, 'k2': 0.0007731571570012607, 'D_high': 42210.21267871043, 'fire_exp': 1.2918065501148304, 'P_half': 277.00025557434554, 'pre_dampen_half': 189.36639872354493, 'gpp_af': 37.28155624293858, 'gpp_b': 0.004411400434514031, 'gpp_d': 0.03927259340973166, 'ign_k': 1.6270983114897255, 'ign_c': 0.17036120617148395, 'trop_agb_crit': 1.8566494291193822, 'trop_k_veg': 4.0068236274914755, 'fire_amp': 2.6192385880432525}.
[I 2026-06-10 22:44:19,346] Trial 886 finished with values: [10.314446570185941, 10.314446570185941] and parameters: {'k1': 0.00031134168041628584, 'D_low': 12.105387404469584, 'k2': 0.0012030178871154666, 'D_high': 44974.07193749848, 'fire_exp': 1.1633452995374232, 'P_half': 101.40635645866499, 'pre_dampen_half': 98.05638874011484, 'gpp_af': 1.3954498518315706, 'gpp_b': 0.16285506249643175, 'gpp_d': 12.151631524283598, 'ign_k': 7.252283715822169, 'ign_c': 0.7619822175388142, 'trop_agb_crit': 4.902399583903479, 'trop_k_veg': 0.6488368931910606, 'fire_amp': 2.042193818779288}.
[I 2026-06-10 22:44:20,819] Trial 887 finished with values: [10.798039498457376, 10.798039498457376] and parameters: {'k1': 0.0869690639641868, 'D_low': 266.07970538371484, 'k2': 0.003767022142229395, 'D_high': 18701.140647651915, 'fire_exp': 5.117531439790398, 'P_half': 1265.0580856641704, 'pre_dampen_half': 903.3231300044874, 'gpp_af': 1.9654778690222015, 'gpp_b': 0.00012118589392553798, 'gpp_d': 298.943216845222, 'ign_k': 0.8945150807271531, 'ign_c': 0.10435856341129002, 'trop_agb_crit': 1.0189592979395135, 'trop_k_veg': 2.9214381145106936, 'fire_amp': 2.6192385880432525}.
[I 2026-06-10 22:44:22,158] Trial 888 finished with values: [-0.5930038935133138, 0.34029166023612867] and parameters: {'k1': 0.0869690639641868, 'D_low': 146.24004590125713, 'k2': 0.003767022142229395, 'D_high': 48235.58283024493, 'fire_exp': 1.0601964743503993, 'P_half': 1265.0580856641704, 'pre_dampen_half': 9.044346216330972, 'gpp_af': 0.41874665092828456, 'gpp_b': 0.00047819318414852577, 'gpp_d': 594.7389794988394, 'ign_k': 0.8945150807271531, 'ign_c': 0.6235377135673155, 'trop_agb_crit': 1.0189592979395135, 'trop_k_veg': 4.796046723963646, 'fire_amp': 2.6192385880432525}.
[I 2026-06-10 22:44:23,420] Trial 889 finished with values: [10.173836740131122, 10.173836740131122] and parameters: {'k1': 0.006079905434073396, 'D_low': 43.2326421037033, 'k2': 0.0007731571570012607, 'D_high': 949.9072859745386, 'fire_exp': 1.2732983562135975, 'P_half': 157.3644610977214, 'pre_dampen_half': 189.36639872354493, 'gpp_af': 1.1739995320396222, 'gpp_b': 1.4540386644083135e-05, 'gpp_d': 46.010874324515754, 'ign_k': 0.09256855841989636, 'ign_c': 7.832259769732471, 'trop_agb_crit': 1.0693376406863295, 'trop_k_veg': 6.825463866194253, 'fire_amp': 1.1268480791003903}.
[I 2026-06-10 22:44:24,692] Trial 890 finished with values: [10.071330955859374, 10.071330955859374] and parameters: {'k1': 0.0032360993995751053, 'D_low': 146.24004590125713, 'k2': 0.0012030178871154666, 'D_high': 35.136541394511, 'fire_exp': 1.0601964743503993, 'P_half': 157.3644610977214, 'pre_dampen_half': 189.36639872354493, 'gpp_af': 0.41874665092828456, 'gpp_b': 1.4540386644083135e-05, 'gpp_d': 46.010874324515754, 'ign_k': 0.8945150807271531, 'ign_c': 0.4177928311636542, 'trop_agb_crit': 8.188098178380693, 'trop_k_veg': 0.6108091740265464, 'fire_amp': 1.5719333351012774}.
[I 2026-06-10 22:44:26,427] Trial 891 finished with values: [10.71044864002713, 10.71044864002713] and parameters: {'k1': 0.017276056747028225, 'D_low': 2396.0796124300746, 'k2': 0.0011847646505012493, 'D_high': 44974.07193749848, 'fire_exp': 1.9365919987098117, 'P_half': 101.40635645866499, 'pre_dampen_half': 98.05638874011484, 'gpp_af': 1.3954498518315706, 'gpp_b': 0.004411400434514031, 'gpp_d': 7.631016235941559, 'ign_k': 1.6270983114897255, 'ign_c': 2.2489542843914485, 'trop_agb_crit': 1.5033346993841157, 'trop_k_veg': 6.825463866194253, 'fire_amp': 2.6192385880432525}.
[I 2026-06-10 22:44:27,915] Trial 892 finished with values: [10.406397184270793, 10.406397184270793] and parameters: {'k1': 0.00026539376439360527, 'D_low': 1.4002277211577039, 'k2': 0.003767022142229395, 'D_high': 39.872732880952434, 'fire_exp': 1.0601964743503993, 'P_half': 51.10120656497163, 'pre_dampen_half': 9.044346216330972, 'gpp_af': 0.41874665092828456, 'gpp_b': 1.4540386644083135e-05, 'gpp_d': 1.0088237648985734, 'ign_k': 0.17320535908244444, 'ign_c': 0.4177928311636542, 'trop_agb_crit': 1.8285200278523417, 'trop_k_veg': 2.1406449943451844, 'fire_amp': 5.615047466686494}.
[I 2026-06-10 22:44:29,297] Trial 893 finished with values: [10.561859047360558, 10.561859047360558] and parameters: {'k1': 0.00890707429605718, 'D_low': 1.4002277211577039, 'k2': 0.003767022142229395, 'D_high': 431.45617043093523, 'fire_exp': 1.1633452995374232, 'P_half': 4.213183643253957, 'pre_dampen_half': 3.640068899312672, 'gpp_af': 37.28155624293858, 'gpp_b': 0.004411400434514031, 'gpp_d': 7.631016235941559, 'ign_k': 1.6270983114897255, 'ign_c': 0.4177928311636542, 'trop_agb_crit': 1.5033346993841157, 'trop_k_veg': 5.636143940068465, 'fire_amp': 2.6192385880432525}.
