[I 2026-08-06 10:47:07,352] Trial 247 finished with values: [10.705575879814734, 10.705575879814734] and parameters: {'k1': 0.002155595057104387, 'D_low': 1.9977959434035766, 'k2': 0.0007047307383115598, 'D_high': 431.45617043093523, 'fire_exp': 1.695318866910499, 'P_half': 323.6099399575106, 'pre_dampen_half': 3.3841016089580034, 'gpp_af': 1.6059727222314273, 'gpp_b': 0.0054502936945582505, 'gpp_d': 84.31013932082456, 'ign_k': 5.351470428717437, 'ign_c': 11.400863701127316, 'trop_agb_crit': 7.500118950416987, 'trop_k_veg': 0.6673124511410327}.
[I 2026-08-06 10:47:08,625] Trial 248 finished with values: [10.769230768432404, 10.769230768432404] and parameters: {'k1': 0.012021930484915042, 'D_low': 3123.981524414059, 'k2': 0.003101429427212743, 'D_high': 21.947742689197344, 'fire_exp': 1.1263716762638152, 'P_half': 133.4807155996069, 'pre_dampen_half': 5.048653998722947, 'gpp_af': 1.200191344086032, 'gpp_b': 8.02603067403424, 'gpp_d': 757.2868182332339, 'ign_k': 0.11619873314872933, 'ign_c': 31.874227118134094, 'trop_agb_crit': 14.948114979829949, 'trop_k_veg': 1.0594599158279707}.
[I 2026-08-06 10:47:09,971] Trial 249 finished with values: [10.667971854573558, 10.667971854573558] and parameters: {'k1': 2.316457903103837e-05, 'D_low': 38.82837025280678, 'k2': 0.014344484793173472, 'D_high': 1493.5213816355397, 'fire_exp': 1.1263716762638152, 'P_half': 140.74279366401683, 'pre_dampen_half': 8.594202650742222, 'gpp_af': 1.5386842469144075, 'gpp_b': 7.210246166617508e-05, 'gpp_d': 0.4726373877250429, 'ign_k': 0.01364908766641695, 'ign_c': 2.8335389417624683, 'trop_agb_crit': 8.997007571451054, 'trop_k_veg': 3.49157152291552}.
[I 2026-08-06 10:47:11,244] Trial 250 finished with values: [10.41450866878776, 10.41450866878776] and parameters: {'k1': 0.00031134168041628584, 'D_low': 12.105387404469584, 'k2': 0.003767022142229395, 'D_high': 11832.967057468773, 'fire_exp': 1.0601964743503993, 'P_half': 4.213183643253957, 'pre_dampen_half': 38.00678588560607, 'gpp_af': 1.9706963379095486, 'gpp_b': 1.4540386644083135e-05, 'gpp_d': 0.12878367369717508, 'ign_k': 0.00840038491455979, 'ign_c': 48.704711413416454, 'trop_agb_crit': 1.0693376406863295, 'trop_k_veg': 0.6673124511410327}.
[I 2026-08-06 10:47:12,544] Trial 251 finished with values: [10.630726589913424, 10.630726589913424] and parameters: {'k1': 0.00488137519160367, 'D_low': 1112.9571947046009, 'k2': 0.0007047307383115598, 'D_high': 8182.111518618414, 'fire_exp': 2.332293128354265, 'P_half': 338.23872019362165, 'pre_dampen_half': 14.711215379121963, 'gpp_af': 0.47739011308437823, 'gpp_b': 1.284284091405877e-05, 'gpp_d': 150.14555442537656, 'ign_k': 5.351470428717437, 'ign_c': 0.557280750002996, 'trop_agb_crit': 10.691477813613638, 'trop_k_veg': 2.573214588078609}.
[I 2026-08-06 10:47:13,820] Trial 252 finished with values: [10.227590522568226, 10.227590522568226] and parameters: {'k1': 0.008912611835817005, 'D_low': 12.105387404469584, 'k2': 4.207988669606632e-05, 'D_high': 42.070539502879384, 'fire_exp': 1.3170256885255098, 'P_half': 4.213183643253957, 'pre_dampen_half': 63.6685916079943, 'gpp_af': 3.4702669886504163, 'gpp_b': 0.0005739662837359252, 'gpp_d': 1.493264336549928, 'ign_k': 2.1368329072358767, 'ign_c': 11.400863701127316, 'trop_agb_crit': 1.8559980846490576, 'trop_k_veg': 0.6673124511410327}.
[I 2026-08-06 10:47:15,070] Trial 253 finished with values: [10.734500582133714, 10.734500582133714] and parameters: {'k1': 0.012021930484915042, 'D_low': 355.00125258511594, 'k2': 0.003101429427212743, 'D_high': 1236.6924205139144, 'fire_exp': 1.3170256885255098, 'P_half': 712.8188058401365, 'pre_dampen_half': 0.9166964238460105, 'gpp_af': 0.0049748543504537545, 'gpp_b': 0.00431329787498825, 'gpp_d': 229.41380323183625, 'ign_k': 0.07091190338709638, 'ign_c': 1.9580595319750387, 'trop_agb_crit': 10.691477813613638, 'trop_k_veg': 0.6743482387129308}.
[I 2026-08-06 10:47:16,356] Trial 254 finished with values: [10.732342087957473, 10.732342087957473] and parameters: {'k1': 0.008912611835817005, 'D_low': 1.54121727098019, 'k2': 6.069662445477729e-05, 'D_high': 645.2946500764235, 'fire_exp': 1.4665043946307825, 'P_half': 93.43302657318476, 'pre_dampen_half': 0.029662981696401067, 'gpp_af': 0.12269699058825158, 'gpp_b': 0.0005739662837359252, 'gpp_d': 2.944272359149677, 'ign_k': 0.21006485619596416, 'ign_c': 0.1239046892818203, 'trop_agb_crit': 15.961316409649486, 'trop_k_veg': 3.1473758868965476}.
[I 2026-08-06 10:47:17,688] Trial 255 finished with values: [10.756487651094416, 10.756487651094416] and parameters: {'k1': 0.0007883068789768041, 'D_low': 1228.2126524008484, 'k2': 0.0012040762895973265, 'D_high': 25628.666000163565, 'fire_exp': 1.4900535273878766, 'P_half': 54.37591736923918, 'pre_dampen_half': 0.012952289461753311, 'gpp_af': 0.10409127568994281, 'gpp_b': 1.4540386644083135e-05, 'gpp_d': 0.2204889335659561, 'ign_k': 0.00840038491455979, 'ign_c': 30.28574109895626, 'trop_agb_crit': 20.824968728078442, 'trop_k_veg': 1.6081790145072552}.
[I 2026-08-06 10:47:18,968] Trial 256 finished with values: [10.721854170029008, 10.721854170029008] and parameters: {'k1': 0.002367935204022389, 'D_low': 7.299348683062307, 'k2': 0.003101429427212743, 'D_high': 1615.0602315370222, 'fire_exp': 1.221575427404682, 'P_half': 9.324787201197319, 'pre_dampen_half': 48.74291611803564, 'gpp_af': 2.6003623362924237, 'gpp_b': 2.6738182964551835e-05, 'gpp_d': 757.2868182332339, 'ign_k': 0.18697387216131534, 'ign_c': 11.903394335305014, 'trop_agb_crit': 6.119263728555865, 'trop_k_veg': 2.4336356947036335}.
[I 2026-08-06 10:47:20,253] Trial 257 finished with values: [10.227827292930595, 10.227827292930595] and parameters: {'k1': 0.00488137519160367, 'D_low': 1112.9571947046009, 'k2': 1.1065812688893481e-05, 'D_high': 5670.3463356272905, 'fire_exp': 1.3170256885255098, 'P_half': 4.213183643253957, 'pre_dampen_half': 14.711215379121963, 'gpp_af': 0.6403036652671171, 'gpp_b': 1.284284091405877e-05, 'gpp_d': 1.493264336549928, 'ign_k': 5.351470428717437, 'ign_c': 0.557280750002996, 'trop_agb_crit': 7.500118950416987, 'trop_k_veg': 2.573214588078609}.
[I 2026-08-06 10:47:21,528] Trial 258 finished with values: [10.643327694562611, 10.643327694562611] and parameters: {'k1': 0.05778755734457457, 'D_low': 436.4516946807792, 'k2': 0.004579192310322934, 'D_high': 42210.21267871043, 'fire_exp': 1.0601964743503993, 'P_half': 221.2683656611821, 'pre_dampen_half': 0.2888838362365318, 'gpp_af': 0.2204465010099918, 'gpp_b': 2.176805640408474e-05, 'gpp_d': 14.638860976621418, 'ign_k': 0.0035281132746849977, 'ign_c': 2.4936660834465174, 'trop_agb_crit': 10.691477813613638, 'trop_k_veg': 2.520089655463604}.
[I 2026-08-06 10:47:22,797] Trial 259 finished with values: [10.354200976174578, 10.354200976174578] and parameters: {'k1': 0.002155595057104387, 'D_low': 12.105387404469584, 'k2': 0.003767022142229395, 'D_high': 21.947742689197344, 'fire_exp': 1.1263716762638152, 'P_half': 221.2683656611821, 'pre_dampen_half': 63.6685916079943, 'gpp_af': 1.6059727222314273, 'gpp_b': 1.5385046399532158e-05, 'gpp_d': 757.2868182332339, 'ign_k': 0.11619873314872933, 'ign_c': 1.9580595319750387, 'trop_agb_crit': 1.0693376406863295, 'trop_k_veg': 5.580504276549027}.
[I 2026-08-06 10:47:24,062] Trial 260 finished with values: [10.55067370162528, 10.55067370162528] and parameters: {'k1': 0.01889771394135163, 'D_low': 355.00125258511594, 'k2': 0.0003432139136241583, 'D_high': 21.947742689197344, 'fire_exp': 1.0601964743503993, 'P_half': 314.0161493033586, 'pre_dampen_half': 3.3841016089580034, 'gpp_af': 1.9706963379095486, 'gpp_b': 0.0054502936945582505, 'gpp_d': 229.41380323183625, 'ign_k': 0.11619873314872933, 'ign_c': 5.13055176058983, 'trop_agb_crit': 7.500118950416987, 'trop_k_veg': 1.0594599158279707}.
[I 2026-08-06 10:47:25,326] Trial 261 finished with values: [-0.5749358920576882, 0.08509199595551553] and parameters: {'k1': 0.05778755734457457, 'D_low': 38.82837025280678, 'k2': 0.014344484793173472, 'D_high': 42210.21267871043, 'fire_exp': 1.7329145403564932, 'P_half': 221.2683656611821, 'pre_dampen_half': 38.00678588560607, 'gpp_af': 1.6059727222314273, 'gpp_b': 2.176805640408474e-05, 'gpp_d': 229.41380323183625, 'ign_k': 0.01364908766641695, 'ign_c': 3.470490935437501, 'trop_agb_crit': 8.997007571451054, 'trop_k_veg': 2.520089655463604}.
[I 2026-08-06 10:47:26,592] Trial 262 finished with values: [10.62774252685817, 10.62774252685817] and parameters: {'k1': 0.012021930484915042, 'D_low': 7.299348683062307, 'k2': 0.003101429427212743, 'D_high': 21.947742689197344, 'fire_exp': 1.1263716762638152, 'P_half': 3227.0237615158, 'pre_dampen_half': 63.6685916079943, 'gpp_af': 0.6403036652671171, 'gpp_b': 0.22727308251068193, 'gpp_d': 757.2868182332339, 'ign_k': 0.07091190338709638, 'ign_c': 1.9580595319750387, 'trop_agb_crit': 1.0903028125370984, 'trop_k_veg': 0.6743482387129308}.
[I 2026-08-06 10:47:27,879] Trial 263 finished with values: [10.610871742779937, 10.610871742779937] and parameters: {'k1': 0.008912611835817005, 'D_low': 12.105387404469584, 'k2': 4.207988669606632e-05, 'D_high': 774.2116473996249, 'fire_exp': 1.1263716762638152, 'P_half': 4.213183643253957, 'pre_dampen_half': 63.6685916079943, 'gpp_af': 3.4702669886504163, 'gpp_b': 0.0005739662837359252, 'gpp_d': 757.2868182332339, 'ign_k': 0.07091190338709638, 'ign_c': 1.9580595319750387, 'trop_agb_crit': 1.8559980846490576, 'trop_k_veg': 0.6673124511410327}.
[I 2026-08-06 10:47:29,130] Trial 264 finished with values: [10.749931841632103, 10.749931841632103] and parameters: {'k1': 2.766282010813135e-05, 'D_low': 520.4862686958022, 'k2': 0.014344484793173472, 'D_high': 21.947742689197344, 'fire_exp': 1.221575427404682, 'P_half': 712.8188058401365, 'pre_dampen_half': 3.2432098597317145, 'gpp_af': 68.11991466118579, 'gpp_b': 0.22727308251068193, 'gpp_d': 757.2868182332339, 'ign_k': 0.12329098365270515, 'ign_c': 1.9580595319750387, 'trop_agb_crit': 18.785197416433792, 'trop_k_veg': 3.49157152291552}.
[I 2026-08-06 10:47:30,475] Trial 265 finished with values: [10.765459942914136, 10.765459942914136] and parameters: {'k1': 0.0002621130418912425, 'D_low': 520.4862686958022, 'k2': 0.00025255166452944054, 'D_high': 1578.0309954142967, 'fire_exp': 2.332293128354265, 'P_half': 140.74279366401683, 'pre_dampen_half': 0.2730203117796979, 'gpp_af': 1.6059727222314273, 'gpp_b': 3.481277316673104e-05, 'gpp_d': 4.25060659305504, 'ign_k': 0.12329098365270515, 'ign_c': 1.9580595319750387, 'trop_agb_crit': 8.997007571451054, 'trop_k_veg': 3.49157152291552}.
[I 2026-08-06 10:47:31,741] Trial 266 finished with values: [10.663754250160512, 10.663754250160512] and parameters: {'k1': 0.05778755734457457, 'D_low': 12.105387404469584, 'k2': 0.00015319072862693227, 'D_high': 5670.3463356272905, 'fire_exp': 1.2918065501148304, 'P_half': 4.213183643253957, 'pre_dampen_half': 0.14724438934285344, 'gpp_af': 0.2204465010099918, 'gpp_b': 0.0005739662837359252, 'gpp_d': 1.493264336549928, 'ign_k': 0.21006485619596416, 'ign_c': 11.400863701127316, 'trop_agb_crit': 7.500118950416987, 'trop_k_veg': 0.5618951132741115}.
[I 2026-08-06 10:47:33,057] Trial 267 finished with values: [10.756550291989594, 10.756550291989594] and parameters: {'k1': 0.002155595057104387, 'D_low': 355.00125258511594, 'k2': 0.0003432139136241583, 'D_high': 774.2116473996249, 'fire_exp': 1.2611826901294014, 'P_half': 314.0161493033586, 'pre_dampen_half': 0.012284844784580964, 'gpp_af': 1.5386842469144075, 'gpp_b': 0.14577755664212386, 'gpp_d': 229.41380323183625, 'ign_k': 0.07091190338709638, 'ign_c': 5.13055176058983, 'trop_agb_crit': 14.948114979829949, 'trop_k_veg': 1.0594599158279707}.
[I 2026-08-06 10:47:34,325] Trial 268 finished with values: [10.1299885655886, 10.1299885655886] and parameters: {'k1': 2.316457903103837e-05, 'D_low': 436.4516946807792, 'k2': 0.004579192310322934, 'D_high': 1236.6924205139144, 'fire_exp': 1.0601964743503993, 'P_half': 4.213183643253957, 'pre_dampen_half': 63.6685916079943, 'gpp_af': 1.9706963379095486, 'gpp_b': 8.43984242800236, 'gpp_d': 757.2868182332339, 'ign_k': 0.12329098365270515, 'ign_c': 2.4936660834465174, 'trop_agb_crit': 7.500118950416987, 'trop_k_veg': 0.6673124511410327}.
[I 2026-08-06 10:47:35,591] Trial 269 finished with values: [10.87976493151863, 10.87976493151863] and parameters: {'k1': 0.008912611835817005, 'D_low': 7.299348683062307, 'k2': 0.03538758864779238, 'D_high': 645.2946500764235, 'fire_exp': 1.1263716762638152, 'P_half': 4.213183643253957, 'pre_dampen_half': 63.6685916079943, 'gpp_af': 0.6403036652671171, 'gpp_b': 0.0054502936945582505, 'gpp_d': 2.944272359149677, 'ign_k': 0.6161423618045312, 'ign_c': 5.13055176058983, 'trop_agb_crit': 7.500118950416987, 'trop_k_veg': 1.0594599158279707}.
[I 2026-08-06 10:47:36,845] Trial 270 finished with values: [10.768163880644657, 10.768163880644657] and parameters: {'k1': 0.05705198955850472, 'D_low': 7.299348683062307, 'k2': 0.003101429427212743, 'D_high': 21.947742689197344, 'fire_exp': 2.332293128354265, 'P_half': 133.4807155996069, 'pre_dampen_half': 7.665128204660195, 'gpp_af': 9.860891468435602, 'gpp_b': 3.481277316673104e-05, 'gpp_d': 1.3767835510755015, 'ign_k': 0.11619873314872933, 'ign_c': 1.9580595319750387, 'trop_agb_crit': 18.785197416433792, 'trop_k_veg': 0.8170196702261714}.
[I 2026-08-06 10:47:38,092] Trial 271 finished with values: [10.239468398892358, 10.239468398892358] and parameters: {'k1': 2.316457903103837e-05, 'D_low': 355.00125258511594, 'k2': 1.1065812688893481e-05, 'D_high': 21.947742689197344, 'fire_exp': 1.221575427404682, 'P_half': 712.8188058401365, 'pre_dampen_half': 63.6685916079943, 'gpp_af': 1.9706963379095486, 'gpp_b': 0.22727308251068193, 'gpp_d': 84.31013932082456, 'ign_k': 0.11619873314872933, 'ign_c': 1.9580595319750387, 'trop_agb_crit': 8.997007571451054, 'trop_k_veg': 1.0594599158279707}.
[I 2026-08-06 10:47:39,358] Trial 272 finished with values: [10.562767117569202, 10.562767117569202] and parameters: {'k1': 0.002155595057104387, 'D_low': 34.459310919273356, 'k2': 0.0007047307383115598, 'D_high': 21.947742689197344, 'fire_exp': 1.2611826901294014, 'P_half': 523.1053126909052, 'pre_dampen_half': 63.6685916079943, 'gpp_af': 0.6403036652671171, 'gpp_b': 0.22727308251068193, 'gpp_d': 8.057329182285729, 'ign_k': 0.004144296901136395, 'ign_c': 5.13055176058983, 'trop_agb_crit': 6.119263728555865, 'trop_k_veg': 5.580504276549027}.
[I 2026-08-06 10:47:40,627] Trial 273 finished with values: [-0.5607874477992691, 0.08115107293333002] and parameters: {'k1': 0.012021930484915042, 'D_low': 7.46475488144212, 'k2': 0.003101429427212743, 'D_high': 42210.21267871043, 'fire_exp': 1.5185721648966928, 'P_half': 102.4585893986732, 'pre_dampen_half': 5.048653998722947, 'gpp_af': 0.0049748543504537545, 'gpp_b': 2.176805640408474e-05, 'gpp_d': 757.2868182332339, 'ign_k': 0.07091190338709638, 'ign_c': 3.470490935437501, 'trop_agb_crit': 10.691477813613638, 'trop_k_veg': 1.9799513595694562}.
[I 2026-08-06 10:47:41,854] Trial 274 finished with values: [10.578073993763573, 10.578073993763573] and parameters: {'k1': 2.316457903103837e-05, 'D_low': 520.4862686958022, 'k2': 0.014344484793173472, 'D_high': 21.947742689197344, 'fire_exp': 1.221575427404682, 'P_half': 712.8188058401365, 'pre_dampen_half': 63.6685916079943, 'gpp_af': 56.20900787064881, 'gpp_b': 0.22727308251068193, 'gpp_d': 757.2868182332339, 'ign_k': 0.12329098365270515, 'ign_c': 1.9580595319750387, 'trop_agb_crit': 8.997007571451054, 'trop_k_veg': 3.49157152291552}.
[I 2026-08-06 10:47:43,119] Trial 275 finished with values: [10.741762956482505, 10.741762956482505] and parameters: {'k1': 0.06994589881535453, 'D_low': 1397.5908789482219, 'k2': 0.0003432139136241583, 'D_high': 1493.5213816355397, 'fire_exp': 1.0601964743503993, 'P_half': 4.213183643253957, 'pre_dampen_half': 234.12640025944248, 'gpp_af': 1.6059727222314273, 'gpp_b': 0.14577755664212386, 'gpp_d': 0.12878367369717508, 'ign_k': 0.00840038491455979, 'ign_c': 5.13055176058983, 'trop_agb_crit': 7.628718523810018, 'trop_k_veg': 2.194427136482602}.
[I 2026-08-06 10:47:44,401] Trial 276 finished with values: [10.681808938861192, 10.681808938861192] and parameters: {'k1': 0.002155595057104387, 'D_low': 520.4862686958022, 'k2': 0.0003432139136241583, 'D_high': 21.947742689197344, 'fire_exp': 1.221575427404682, 'P_half': 314.0161493033586, 'pre_dampen_half': 3.3841016089580034, 'gpp_af': 1.5386842469144075, 'gpp_b': 7.210246166617508e-05, 'gpp_d': 229.41380323183625, 'ign_k': 0.01364908766641695, 'ign_c': 5.13055176058983, 'trop_agb_crit': 7.628718523810018, 'trop_k_veg': 3.49157152291552}.
[I 2026-08-06 10:47:45,666] Trial 277 finished with values: [10.673354866498082, 10.673354866498082] and parameters: {'k1': 0.008912611835817005, 'D_low': 520.4862686958022, 'k2': 1.1065812688893481e-05, 'D_high': 645.2946500764235, 'fire_exp': 3.3801590342525687, 'P_half': 4.213183643253957, 'pre_dampen_half': 63.6685916079943, 'gpp_af': 0.6403036652671171, 'gpp_b': 0.0005739662837359252, 'gpp_d': 1.493264336549928, 'ign_k': 0.21006485619596416, 'ign_c': 0.557280750002996, 'trop_agb_crit': 8.997007571451054, 'trop_k_veg': 1.8914629029068306}.
[I 2026-08-06 10:47:46,921] Trial 278 finished with values: [10.264038559253061, 10.264038559253061] and parameters: {'k1': 0.008912611835817005, 'D_low': 12.105387404469584, 'k2': 4.207988669606632e-05, 'D_high': 42.070539502879384, 'fire_exp': 1.2611826901294014, 'P_half': 4.213183643253957, 'pre_dampen_half': 12.338826503601998, 'gpp_af': 3.4702669886504163, 'gpp_b': 3.43926796010005e-05, 'gpp_d': 1.493264336549928, 'ign_k': 2.1368329072358767, 'ign_c': 1.0226988730324322, 'trop_agb_crit': 1.8559980846490576, 'trop_k_veg': 0.6673124511410327}.
[I 2026-08-06 10:47:48,172] Trial 279 finished with values: [10.730855123590569, 10.730855123590569] and parameters: {'k1': 0.008287522363768155, 'D_low': 5.59983195169599, 'k2': 1.1065812688893481e-05, 'D_high': 774.2116473996249, 'fire_exp': 2.61565689708108, 'P_half': 712.8188058401365, 'pre_dampen_half': 63.6685916079943, 'gpp_af': 1.9706963379095486, 'gpp_b': 0.0054502936945582505, 'gpp_d': 8.057329182285729, 'ign_k': 0.11619873314872933, 'ign_c': 1.9580595319750387, 'trop_agb_crit': 7.500118950416987, 'trop_k_veg': 0.6743482387129308}.
[I 2026-08-06 10:47:49,467] Trial 280 finished with values: [10.3962511339604, 10.3962511339604] and parameters: {'k1': 0.012021930484915042, 'D_low': 12.105387404469584, 'k2': 0.032845299795769424, 'D_high': 42.070539502879384, 'fire_exp': 1.1263716762638152, 'P_half': 6.784924519083139, 'pre_dampen_half': 63.6685916079943, 'gpp_af': 3.4702669886504163, 'gpp_b': 0.0005739662837359252, 'gpp_d': 757.2868182332339, 'ign_k': 2.1368329072358767, 'ign_c': 11.400863701127316, 'trop_agb_crit': 1.8559980846490576, 'trop_k_veg': 1.0345878666211452}.
[I 2026-08-06 10:47:50,793] Trial 281 finished with values: [-0.5838513286305683, 0.26213330253754596] and parameters: {'k1': 0.00488137519160367, 'D_low': 12.105387404469584, 'k2': 8.923807143379776e-05, 'D_high': 8182.111518618414, 'fire_exp': 1.3170256885255098, 'P_half': 4.213183643253957, 'pre_dampen_half': 63.6685916079943, 'gpp_af': 0.6403036652671171, 'gpp_b': 3.481277316673104e-05, 'gpp_d': 1.493264336549928, 'ign_k': 0.019192001101561888, 'ign_c': 0.557280750002996, 'trop_agb_crit': 8.997007571451054, 'trop_k_veg': 2.4336356947036335}.
[I 2026-08-06 10:47:52,073] Trial 282 finished with values: [10.565438343508434, 10.565438343508434] and parameters: {'k1': 2.316457903103837e-05, 'D_low': 520.4862686958022, 'k2': 0.014344484793173472, 'D_high': 1236.6924205139144, 'fire_exp': 1.423480109671474, 'P_half': 140.74279366401683, 'pre_dampen_half': 3.3841016089580034, 'gpp_af': 0.030592049838223532, 'gpp_b': 1.284284091405877e-05, 'gpp_d': 4.25060659305504, 'ign_k': 0.12329098365270515, 'ign_c': 1.9580595319750387, 'trop_agb_crit': 1.0903028125370984, 'trop_k_veg': 4.989748894578724}.
[I 2026-08-06 10:47:53,311] Trial 283 finished with values: [10.545364699815762, 10.545364699815762] and parameters: {'k1': 0.008287522363768155, 'D_low': 355.00125258511594, 'k2': 0.0007047307383115598, 'D_high': 774.2116473996249, 'fire_exp': 1.3170256885255098, 'P_half': 712.8188058401365, 'pre_dampen_half': 63.6685916079943, 'gpp_af': 1.5386842469144075, 'gpp_b': 2.6738182964551835e-05, 'gpp_d': 2.944272359149677, 'ign_k': 0.12329098365270515, 'ign_c': 5.13055176058983, 'trop_agb_crit': 6.119263728555865, 'trop_k_veg': 1.0594599158279707}.
[I 2026-08-06 10:47:54,578] Trial 284 finished with values: [-0.5829876610899077, 0.20607144984526937] and parameters: {'k1': 2.316457903103837e-05, 'D_low': 12.105387404469584, 'k2': 1.1065812688893481e-05, 'D_high': 60107.420288647554, 'fire_exp': 1.3170256885255098, 'P_half': 4.213183643253957, 'pre_dampen_half': 63.6685916079943, 'gpp_af': 0.6403036652671171, 'gpp_b': 3.481277316673104e-05, 'gpp_d': 1.493264336549928, 'ign_k': 0.12329098365270515, 'ign_c': 1.9580595319750387, 'trop_agb_crit': 7.500118950416987, 'trop_k_veg': 3.49157152291552}.
[I 2026-08-06 10:47:55,849] Trial 285 finished with values: [11.221352214422454, 11.221352214422454] and parameters: {'k1': 0.008912611835817005, 'D_low': 12.105387404469584, 'k2': 0.03538758864779238, 'D_high': 5670.3463356272905, 'fire_exp': 1.3170256885255098, 'P_half': 4.213183643253957, 'pre_dampen_half': 63.6685916079943, 'gpp_af': 0.6403036652671171, 'gpp_b': 0.0005739662837359252, 'gpp_d': 2.944272359149677, 'ign_k': 0.21006485619596416, 'ign_c': 5.13055176058983, 'trop_agb_crit': 1.0903028125370984, 'trop_k_veg': 0.6673124511410327}.
