[setup] COUPLING-READY: climate (D_bar/T_air/P_*) + GPP all from global_baseline_modelC_inputs_1997-2016.nc ...
[fuel] FUEL_WINDOW=60 months, causal trailing mean, 48 months of spin-up ahead of the fit window
[setup] loading GFED5 reference from burntArea.nc ...
[setup] land cells (GFED5 burnable): 13916 / 64800 (21.5%)
[pop] POP_TERM ON: HYDE density, 15031 populated cells, log10 range -1.00 to 3.48
[setup] GFED5 land-mean monthly frac: 0.005068
[pop] fitting a hump in log10 population density, 3 parameters
[opt] warm-start from params.coupledFW.json
[warm] Overall=0.6094  bias=0.6952 rmse=0.3646 seas=0.8119 spatial=0.8107
C:\Users\owusu\miniforge3\envs\edfire\lib\site-packages\optuna\_experimental.py:33: ExperimentalWarning: Argument ``multivariate`` is an experimental feature. The interface can change in the future.
  optuna_warn(
[opt] sampler=TPESampler seed=42
[I 2026-08-19 14:24:03,692] A new study created in memory with name: no-name-3c99b60b-cb56-4d5b-973a-a40775d72cf1
[opt] running 2500 trials against GFED5 ...
[I 2026-08-19 14:24:06,403] Trial 0 finished with value: -0.6094076133578652 and parameters: {'k1': 0.0008685306488754917, 'D_low': 2240.9155921647994, 'k2': 0.0010532624798722347, 'D_high': 6525529.853354094, 'fire_exp': 1.2585476857229763, 'P_half': 355.00125258511594, 'pre_dampen_half': 16.224010950061366, 'gpp_af': 0.03522602097143089, 'gpp_b': 0.00012118589392553798, 'gpp_d': 12.338826503601998, 'ign_k': 2.136832907235876, 'ign_c': 22.126836566118193, 'trop_agb_crit': 26.951029433343408, 'trop_k_veg': 2.724170387400844, 'pop_amp': 0.001, 'pop_peak': 16.0, 'pop_sig': 0.8, 'fuel_k': 0.6149834196910364, 'fuel_half': 0.6603566884894324}. Best is trial 0 with value: -0.6094076133578652.
[I 2026-08-19 14:24:08,904] Trial 1 finished with value: -0.3554625854118624 and parameters: {'k1': 0.00031489116479568613, 'D_low': 506157.68887523044, 'k2': 0.008471801418819975, 'D_high': 39079.671568228776, 'fire_exp': 1.4322493718230251, 'P_half': 4.2070539502879365, 'pre_dampen_half': 0.0195172246414495, 'gpp_af': 21.42302175774105, 'gpp_b': 0.040428727350273294, 'gpp_d': 34.70266988650411, 'ign_k': 0.0012087541473056963, 'ign_c': 757.9479953347999, 'trop_agb_crit': 16.967533607196547, 'trop_k_veg': 0.9008485225328876, 'pop_amp': 0.006053891567028103, 'pop_peak': 0.3074668528543553, 'pop_sig': 0.5037119471039664, 'fuel_k': 0.28698073046474143, 'fuel_half': 1.976218934028007}. Best is trial 0 with value: -0.6094076133578652.
[I 2026-08-19 14:24:11,504] Trial 2 finished with value: -0.39110355045824197 and parameters: {'k1': 0.0001461896279370495, 'D_low': 4689.400963537684, 'k2': 3.613894271216525e-05, 'D_high': 566.0670699258887, 'fire_exp': 2.324672848950434, 'P_half': 66.72367170464204, 'pre_dampen_half': 84.31013932082456, 'gpp_af': 0.009962513222055111, 'gpp_b': 0.012173252504194038, 'gpp_d': 9.163741808778772, 'ign_k': 0.0015339162591163618, 'ign_c': 26.92646910086177, 'trop_agb_crit': 1.7860137889397087, 'trop_k_veg': 0.5988250057822244, 'pop_amp': 12.055498078944888, 'pop_peak': 711.5121872456864, 'pop_sig': 1.6081899982124734, 'fuel_k': 0.07018804142198388, 'fuel_half': 0.1963434157293333}. Best is trial 0 with value: -0.6094076133578652.
[I 2026-08-19 14:24:13,798] Trial 3 finished with value: -0.5237641777533646 and parameters: {'k1': 0.005456725485601475, 'D_low': 437.4364439939077, 'k2': 3.077180271250682e-05, 'D_high': 9355.38060645217, 'fire_exp': 1.0824018381500955, 'P_half': 4337.920697490941, 'pre_dampen_half': 0.19674328025306115, 'gpp_af': 2.0540519425388455, 'gpp_b': 0.0007417652034871827, 'gpp_d': 3.9841905944346854, 'ign_k': 0.1537592023548176, 'ign_c': 0.5488047000766043, 'trop_agb_crit': 27.05166881899929, 'trop_k_veg': 4.288672925586801, 'pop_amp': 10.985330528057915, 'pop_peak': 352.89806695809773, 'pop_sig': 0.9904669476016459, 'fuel_k': 3.640039183945803, 'fuel_half': 0.18427970406864538}. Best is trial 0 with value: -0.6094076133578652.
[I 2026-08-19 14:24:16,068] Trial 4 finished with value: -0.400409306206089 and parameters: {'k1': 6.080390190296599e-05, 'D_low': 1.867943489455631, 'k2': 0.0002001342062287998, 'D_high': 2148.1457181982682, 'fire_exp': 1.8678802571070678, 'P_half': 2065.142557895925, 'pre_dampen_half': 0.607808309968195, 'gpp_af': 0.02539057572102413, 'gpp_b': 0.018037506431281835, 'gpp_d': 0.050654860639753524, 'ign_k': 1.6172900811143154, 'ign_c': 0.19870215385428625, 'trop_agb_crit': 28.691395365453726, 'trop_k_veg': 4.254468990309733, 'pop_amp': 0.007156194022692475, 'pop_peak': 0.05281056279423359, 'pop_sig': 1.6345621461295103, 'fuel_k': 0.9199338799678547, 'fuel_half': 15.382308040278993}. Best is trial 0 with value: -0.6094076133578652.
[I 2026-08-19 14:24:18,439] Trial 5 finished with value: -0.3554625854118624 and parameters: {'k1': 0.01216413935141706, 'D_low': 2.7814285643757533, 'k2': 0.00027155819552829395, 'D_high': 49.56947932799961, 'fire_exp': 7.296312489711155, 'P_half': 311.3095956122123, 'pre_dampen_half': 0.4513257622008943, 'gpp_af': 0.002078699690689777, 'gpp_b': 0.0007343344964174934, 'gpp_d': 0.42258746449961676, 'ign_k': 0.8287522363768158, 'ign_c': 35.500125258511574, 'trop_agb_crit': 20.44187835249379, 'trop_k_veg': 1.8517119608276615, 'pop_amp': 0.0032687254098544157, 'pop_peak': 58.43287144076147, 'pop_sig': 1.441202667528667, 'fuel_k': 0.3625041211511625, 'fuel_half': 20.55424552015074}. Best is trial 0 with value: -0.6094076133578652.
[I 2026-08-19 14:24:20,802] Trial 6 finished with value: -0.3961770589327583 and parameters: {'k1': 0.0009444574254983562, 'D_low': 1368.9795993592197, 'k2': 0.0005130551760589835, 'D_high': 14.207404990676052, 'fire_exp': 1.2820100418916898, 'P_half': 1.3357240411974096, 'pre_dampen_half': 15.207297997231795, 'gpp_af': 0.03730610475453591, 'gpp_b': 0.011257038385268998, 'gpp_d': 345.01054536130147, 'ign_k': 0.009935023909063692, 'ign_c': 4.380580767905651, 'trop_agb_crit': 13.062931388340921, 'trop_k_veg': 0.9429104466938065, 'pop_amp': 0.0021433490423168255, 'pop_peak': 0.8814540846109967, 'pop_sig': 0.362377559581367, 'fuel_k': 3.826843441487287, 'fuel_half': 26.56813924114492}. Best is trial 0 with value: -0.6094076133578652.
[I 2026-08-19 14:24:23,032] Trial 7 finished with value: -0.3554625854118624 and parameters: {'k1': 0.0034167643418329683, 'D_low': 169341.55410667966, 'k2': 0.016394127471631596, 'D_high': 131.64984536291766, 'fire_exp': 7.8083450855424115, 'P_half': 143.67095138664226, 'pre_dampen_half': 108.94336258132203, 'gpp_af': 30.231277487962974, 'gpp_b': 0.000809134743599756, 'gpp_d': 0.03550255612313078, 'ign_k': 0.008160948743089917, 'ign_c': 5.11012065649716, 'trop_agb_crit': 16.155001304356414, 'trop_k_veg': 5.437420238162096, 'pop_amp': 0.0010712758680532413, 'pop_peak': 7.865194610067352, 'pop_sig': 0.6536586487333584, 'fuel_k': 0.04140464747782871, 'fuel_half': 0.22887381144600968}. Best is trial 0 with value: -0.6094076133578652.
[I 2026-08-19 14:24:25,422] Trial 8 finished with value: -0.3554625854118624 and parameters: {'k1': 0.000224109716191095, 'D_low': 454420.8225488321, 'k2': 0.00019625093208439862, 'D_high': 12964.140540905057, 'fire_exp': 5.0468332876558515, 'P_half': 28.47858516856296, 'pre_dampen_half': 722.6207258080483, 'gpp_af': 64.89877132084352, 'gpp_b': 0.0003241110030999168, 'gpp_d': 3.063673848555843, 'ign_k': 0.015977662354833867, 'ign_c': 1.3783578294796377, 'trop_agb_crit': 1.1336695817840534, 'trop_k_veg': 2.709933287181283, 'pop_amp': 0.14522371993286978, 'pop_peak': 0.08324950456340541, 'pop_sig': 0.4748828360345704, 'fuel_k': 3.336568203467017, 'fuel_half': 0.5232216089948756}. Best is trial 0 with value: -0.6094076133578652.
  trial    9/2500  best_overall=0.6094  (0.4 min)
[I 2026-08-19 14:24:27,824] Trial 9 finished with value: -0.3744048710206659 and parameters: {'k1': 3.798214508453257e-05, 'D_low': 864.403589520682, 'k2': 0.0876197110102369, 'D_high': 283.35548841697704, 'fire_exp': 4.700407898796261, 'P_half': 1112.9571947046009, 'pre_dampen_half': 0.1542366983422621, 'gpp_af': 4.376044634724401, 'gpp_b': 0.0016095289638234304, 'gpp_d': 14.505381415853753, 'ign_k': 0.3420730367009226, 'ign_c': 13.902686711034995, 'trop_agb_crit': 1.3594678406051504, 'trop_k_veg': 5.067274496329336, 'pop_amp': 0.023970918838119856, 'pop_peak': 0.31709669264724544, 'pop_sig': 0.2746092425426871, 'fuel_k': 0.43811686258016247, 'fuel_half': 10.781845035122265}. Best is trial 0 with value: -0.6094076133578652.
[I 2026-08-19 14:24:30,176] Trial 10 finished with value: -0.416346711573622 and parameters: {'k1': 0.0011208371324638484, 'D_low': 153.90757070776223, 'k2': 0.00545466681697011, 'D_high': 3996.8125512487018, 'fire_exp': 1.098187100359584, 'P_half': 70.3301502916188, 'pre_dampen_half': 101.53519880407306, 'gpp_af': 0.003273711885323459, 'gpp_b': 1.0892765032112945e-05, 'gpp_d': 22.746115710781986, 'ign_k': 1.4781574144886271, 'ign_c': 4.819337616865765, 'trop_agb_crit': 27.680115973105426, 'trop_k_veg': 7.017526731935856, 'pop_amp': 0.018606852702173254, 'pop_peak': 45.39057770745311, 'pop_sig': 0.7076085961139182, 'fuel_k': 1.4759340225398456, 'fuel_half': 0.5528502133830074}. Best is trial 0 with value: -0.6094076133578652.
[I 2026-08-19 14:24:32,790] Trial 11 finished with value: -0.4024347336304621 and parameters: {'k1': 0.05911401620329609, 'D_low': 5711.480950260999, 'k2': 0.001229912730223238, 'D_high': 7286.730677338957, 'fire_exp': 1.1482778196342025, 'P_half': 2408.832803949734, 'pre_dampen_half': 0.16114134470089858, 'gpp_af': 0.33032280375715606, 'gpp_b': 0.00015059553495424353, 'gpp_d': 343.09827462869214, 'ign_k': 0.2128813871451832, 'ign_c': 0.4399953982713806, 'trop_agb_crit': 16.827800752948303, 'trop_k_veg': 1.2665474839451387, 'pop_amp': 1.5686969991480348, 'pop_peak': 96.76713776340956, 'pop_sig': 0.5794055896616706, 'fuel_k': 4.532273236378152, 'fuel_half': 0.1805561700437569}. Best is trial 0 with value: -0.6094076133578652.
[I 2026-08-19 14:24:38,290] Trial 12 finished with value: -0.35757870720552903 and parameters: {'k1': 0.0037085195507044013, 'D_low': 398205.0717141696, 'k2': 1.567800312224498e-05, 'D_high': 5497.740570853403, 'fire_exp': 1.7334265316323219, 'P_half': 3187.6385632817105, 'pre_dampen_half': 0.04487954983538015, 'gpp_af': 1.472939058211799, 'gpp_b': 0.010285576165387458, 'gpp_d': 5.130796627548853, 'ign_k': 0.038843375171144355, 'ign_c': 0.485802691380872, 'trop_agb_crit': 24.55059247561844, 'trop_k_veg': 7.0275219847778825, 'pop_amp': 6.698136336968337, 'pop_peak': 25.830724324533815, 'pop_sig': 0.8012445752243977, 'fuel_k': 3.2553624338109444, 'fuel_half': 2.1537379170353983}. Best is trial 0 with value: -0.6094076133578652.
[I 2026-08-19 14:24:42,819] Trial 13 finished with value: -0.5004933522489655 and parameters: {'k1': 0.001075634965685139, 'D_low': 33787.77571379702, 'k2': 0.005888811197688305, 'D_high': 440696.7027093639, 'fire_exp': 2.58926909252197, 'P_half': 182.47935763801928, 'pre_dampen_half': 119.94578827023885, 'gpp_af': 0.32617138333282103, 'gpp_b': 2.0215502808252064e-05, 'gpp_d': 0.7743927815818924, 'ign_k': 1.0677283320748097, 'ign_c': 6.751712202733163, 'trop_agb_crit': 17.484044937328285, 'trop_k_veg': 2.1739561337807065, 'pop_amp': 0.0012478143923316705, 'pop_peak': 28.042877537052934, 'pop_sig': 0.42690423810265504, 'fuel_k': 0.05602856984938016, 'fuel_half': 1.2787780659889476}. Best is trial 0 with value: -0.6094076133578652.
[I 2026-08-19 14:24:47,059] Trial 14 finished with value: -0.38946696146567117 and parameters: {'k1': 0.015698243771903497, 'D_low': 2.1615015085310048, 'k2': 0.0001706406666880821, 'D_high': 5750.059544359499, 'fire_exp': 1.0177531237813626, 'P_half': 3912.234972442504, 'pre_dampen_half': 0.07501020661596922, 'gpp_af': 9.920317894061387, 'gpp_b': 0.004075255559152517, 'gpp_d': 0.3444523478801374, 'ign_k': 1.5568312009784753, 'ign_c': 0.5520469141546264, 'trop_agb_crit': 21.66798837917669, 'trop_k_veg': 3.374488518190694, 'pop_amp': 1.236590206820326, 'pop_peak': 105.85089354049363, 'pop_sig': 0.4578679129862108, 'fuel_k': 0.580418665718188, 'fuel_half': 0.44620601255545855}. Best is trial 0 with value: -0.6094076133578652.
  trial   15/2500  best_overall=0.6094  (0.7 min)
[I 2026-08-19 14:24:51,212] Trial 15 finished with value: -0.3554625854118624 and parameters: {'k1': 0.005854622300938375, 'D_low': 128.17026520378508, 'k2': 0.0009580310648039756, 'D_high': 1040604.2423502016, 'fire_exp': 1.6451038877620319, 'P_half': 147.17372435583513, 'pre_dampen_half': 156.17783445286952, 'gpp_af': 0.11868557209673843, 'gpp_b': 1.6688479026031173e-05, 'gpp_d': 0.7214196201537678, 'ign_k': 4.465374906696432, 'ign_c': 167.24245329918125, 'trop_agb_crit': 13.068159663131826, 'trop_k_veg': 2.2790735518061864, 'pop_amp': 0.0030248769904622753, 'pop_peak': 1.4510292639557127, 'pop_sig': 1.611957076811888, 'fuel_k': 1.1587132131187585, 'fuel_half': 0.21761425154774028}. Best is trial 0 with value: -0.6094076133578652.
[I 2026-08-19 14:24:55,707] Trial 16 finished with value: -0.5060236564774954 and parameters: {'k1': 0.0018831057116031297, 'D_low': 550.0072210930052, 'k2': 1.9664148521096565e-05, 'D_high': 178557.11376506012, 'fire_exp': 1.1114575555461412, 'P_half': 880.0305575382143, 'pre_dampen_half': 0.15421417608407595, 'gpp_af': 0.004829967760974185, 'gpp_b': 0.0007903215225543226, 'gpp_d': 0.386514306895023, 'ign_k': 0.04614548347975147, 'ign_c': 1.1865873883859597, 'trop_agb_crit': 19.06249820503671, 'trop_k_veg': 2.1162072174771245, 'pop_amp': 1.8063098941070201, 'pop_peak': 71.71219728181572, 'pop_sig': 1.6422286059788123, 'fuel_k': 0.3463138857727648, 'fuel_half': 0.12182706236043961}. Best is trial 0 with value: -0.6094076133578652.
[I 2026-08-19 14:25:00,179] Trial 17 finished with value: -0.43924563844810294 and parameters: {'k1': 0.04368125743730839, 'D_low': 1.6343248928380834, 'k2': 2.6712864801123576e-05, 'D_high': 7960068.275215214, 'fire_exp': 1.8160730854456242, 'P_half': 9828.965110912643, 'pre_dampen_half': 9.721083510436296, 'gpp_af': 0.02384940389853026, 'gpp_b': 0.0006191086763245194, 'gpp_d': 26.772329355967496, 'ign_k': 0.1342853134612348, 'ign_c': 0.21214600475741743, 'trop_agb_crit': 29.42585063216116, 'trop_k_veg': 3.558235923467843, 'pop_amp': 0.9880713850617606, 'pop_peak': 867.7701169397258, 'pop_sig': 0.5938944371667088, 'fuel_k': 5.11132589132184, 'fuel_half': 0.5873509724340287}. Best is trial 0 with value: -0.6094076133578652.
[I 2026-08-19 14:25:04,653] Trial 18 finished with value: -0.5664694936338495 and parameters: {'k1': 0.00026883730385379067, 'D_low': 551.0988487303584, 'k2': 2.1018983486697285e-05, 'D_high': 1914303.0929384946, 'fire_exp': 1.2045603144392072, 'P_half': 7874.605852988027, 'pre_dampen_half': 0.8909418016204043, 'gpp_af': 0.7564758841104517, 'gpp_b': 0.15326954396059764, 'gpp_d': 14.105105539506372, 'ign_k': 0.4450952347093474, 'ign_c': 0.3631599153275715, 'trop_agb_crit': 17.164295003479364, 'trop_k_veg': 7.538770345334247, 'pop_amp': 4.793143398145705, 'pop_peak': 270.2245674247658, 'pop_sig': 1.379555157870839, 'fuel_k': 3.2710550482772955, 'fuel_half': 0.11580031889943225}. Best is trial 0 with value: -0.6094076133578652.
[I 2026-08-19 14:25:09,029] Trial 19 finished with value: -0.41690113740724133 and parameters: {'k1': 4.237609942534748e-05, 'D_low': 1104.06098370904, 'k2': 0.0001435995918094138, 'D_high': 736237.66899913, 'fire_exp': 1.9466549339034067, 'P_half': 8523.127206598554, 'pre_dampen_half': 0.019668808258126624, 'gpp_af': 0.14478784354994007, 'gpp_b': 0.6718893190305276, 'gpp_d': 353.3479877649492, 'ign_k': 0.20978508645222144, 'ign_c': 3.233396573498379, 'trop_agb_crit': 23.192240131422228, 'trop_k_veg': 2.5220880471603935, 'pop_amp': 0.9808488121516814, 'pop_peak': 78.7469559431176, 'pop_sig': 1.140447457995737, 'fuel_k': 2.04680409367159, 'fuel_half': 1.4557058873580655}. Best is trial 0 with value: -0.6094076133578652.
  trial   20/2500  best_overall=0.6094  (1.1 min)
[I 2026-08-19 14:25:13,433] Trial 20 finished with value: -0.5191839000782712 and parameters: {'k1': 2.8713025916267912e-05, 'D_low': 5783.220037300779, 'k2': 0.00479515628187929, 'D_high': 3786767.5484682927, 'fire_exp': 1.129569337658302, 'P_half': 136.6992510062056, 'pre_dampen_half': 6.095980441365373, 'gpp_af': 0.01010380138795236, 'gpp_b': 0.004951287723333342, 'gpp_d': 441.29529722094736, 'ign_k': 1.2961251996314618, 'ign_c': 18.67747262239091, 'trop_agb_crit': 4.796593238132091, 'trop_k_veg': 2.85702436950506, 'pop_amp': 0.0074174890598356965, 'pop_peak': 2.117488650971549, 'pop_sig': 0.6296356018752456, 'fuel_k': 0.35805449148729634, 'fuel_half': 0.7771951961602175}. Best is trial 0 with value: -0.6094076133578652.
[I 2026-08-19 14:25:17,506] Trial 21 finished with value: -0.42486055183057936 and parameters: {'k1': 0.0005717441850621456, 'D_low': 140.030098940073, 'k2': 9.37562689056874e-05, 'D_high': 5480215.3315207595, 'fire_exp': 1.4835232698956318, 'P_half': 9438.44282641357, 'pre_dampen_half': 1.6293814619696556, 'gpp_af': 0.4357843410705566, 'gpp_b': 0.43857175395310927, 'gpp_d': 0.32167126842363614, 'ign_k': 0.055833349189553017, 'ign_c': 0.11613521739285154, 'trop_agb_crit': 10.644384204308869, 'trop_k_veg': 5.717774188781609, 'pop_amp': 13.288262468056116, 'pop_peak': 52.6433892138355, 'pop_sig': 1.698053710662925, 'fuel_k': 3.152852495969573, 'fuel_half': 1.0324989108426281}. Best is trial 0 with value: -0.6094076133578652.
[I 2026-08-19 14:25:21,389] Trial 22 finished with value: -0.40764585478349236 and parameters: {'k1': 0.00657026030651488, 'D_low': 2453.7739850127, 'k2': 2.1320877336011114e-05, 'D_high': 657.8862342008946, 'fire_exp': 1.1688543130650726, 'P_half': 4272.877463027679, 'pre_dampen_half': 16.586565309095935, 'gpp_af': 20.128106806593316, 'gpp_b': 3.830070834646965e-05, 'gpp_d': 5.012098735467107, 'ign_k': 1.0962504746436077, 'ign_c': 2.540469217417947, 'trop_agb_crit': 14.850369929971567, 'trop_k_veg': 6.7391358345435055, 'pop_amp': 2.5900795986774736, 'pop_peak': 19.448249884505053, 'pop_sig': 1.5038666155863136, 'fuel_k': 2.4784574874971095, 'fuel_half': 0.1804912641112481}. Best is trial 0 with value: -0.6094076133578652.
[I 2026-08-19 14:25:25,220] Trial 23 finished with value: -0.4621204069613897 and parameters: {'k1': 0.0006399141167875326, 'D_low': 199.13979846784972, 'k2': 2.1122635966697153e-05, 'D_high': 19039.95248062673, 'fire_exp': 1.3822751068849377, 'P_half': 3701.0687403173097, 'pre_dampen_half': 0.21739727168022271, 'gpp_af': 0.37493179994614556, 'gpp_b': 0.02408285607270792, 'gpp_d': 87.19560080744411, 'ign_k': 2.1985027323222384, 'ign_c': 0.48779349006022604, 'trop_agb_crit': 17.77535661310978, 'trop_k_veg': 5.1797166380291015, 'pop_amp': 5.07859497542545, 'pop_peak': 756.092429137047, 'pop_sig': 1.550868044662968, 'fuel_k': 3.397703857439872, 'fuel_half': 0.2710120029990736}. Best is trial 0 with value: -0.6094076133578652.
[I 2026-08-19 14:25:29,382] Trial 24 finished with value: -0.455488359744279 and parameters: {'k1': 0.00013695105894916414, 'D_low': 3045.9169615215187, 'k2': 0.0009759978034107469, 'D_high': 6920313.31690485, 'fire_exp': 1.6847059574857708, 'P_half': 1366.77850676427, 'pre_dampen_half': 28.283621099715088, 'gpp_af': 0.03828807296104706, 'gpp_b': 2.5938223779665237e-05, 'gpp_d': 31.608382328521277, 'ign_k': 0.8178458329001188, 'ign_c': 25.072211843411623, 'trop_agb_crit': 23.566001062148175, 'trop_k_veg': 3.9355861133560004, 'pop_amp': 0.006069562607915864, 'pop_peak': 3.0023194240568594, 'pop_sig': 0.7833328720541305, 'fuel_k': 3.097631211835574, 'fuel_half': 4.4636916051120545}. Best is trial 0 with value: -0.6094076133578652.
  trial   25/2500  best_overall=0.6094  (1.4 min)
[I 2026-08-19 14:25:33,479] Trial 25 finished with value: -0.3599406163117358 and parameters: {'k1': 0.0012016613062706542, 'D_low': 68296.28210709113, 'k2': 0.0002900946325633871, 'D_high': 907877.5308850494, 'fire_exp': 1.4248294311276304, 'P_half': 30.683469858305784, 'pre_dampen_half': 8.175832500741524, 'gpp_af': 0.07477766583303486, 'gpp_b': 0.005301149538886202, 'gpp_d': 34.18518416606379, 'ign_k': 0.6794502455192799, 'ign_c': 56.559094519892206, 'trop_agb_crit': 20.762537971851494, 'trop_k_veg': 3.1609299230390993, 'pop_amp': 0.0011642950082451653, 'pop_peak': 160.53539129321658, 'pop_sig': 0.41759805682501805, 'fuel_k': 3.299096443738655, 'fuel_half': 0.27502152236257316}. Best is trial 0 with value: -0.6094076133578652.
[I 2026-08-19 14:25:37,537] Trial 26 finished with value: -0.38962779322488983 and parameters: {'k1': 0.002801829325822922, 'D_low': 756.8592311713468, 'k2': 2.6506922813603307e-05, 'D_high': 7534.2003813366555, 'fire_exp': 2.026962514602527, 'P_half': 2076.2424050743007, 'pre_dampen_half': 14.334993956793994, 'gpp_af': 0.005230747364280337, 'gpp_b': 2.2338009228258673, 'gpp_d': 12.217310993175136, 'ign_k': 0.05827038982606976, 'ign_c': 1.5223633761030506, 'trop_agb_crit': 17.967510177492716, 'trop_k_veg': 7.783883138505833, 'pop_amp': 4.17740002108935, 'pop_peak': 51.03095556472352, 'pop_sig': 0.49821989975573644, 'fuel_k': 4.298832732148062, 'fuel_half': 0.12603790106671992}. Best is trial 0 with value: -0.6094076133578652.
[I 2026-08-19 14:25:41,418] Trial 27 finished with value: -0.3856884021067438 and parameters: {'k1': 0.03680891165519408, 'D_low': 44.1583611494546, 'k2': 0.00017741039661330705, 'D_high': 2070.9998364060916, 'fire_exp': 1.6713690512394803, 'P_half': 3469.9367920503914, 'pre_dampen_half': 1.2699789600638554, 'gpp_af': 2.433156241796885, 'gpp_b': 0.006118786152268013, 'gpp_d': 0.19141844696140994, 'ign_k': 0.004149818859335475, 'ign_c': 0.6901530794092194, 'trop_agb_crit': 16.316408425711256, 'trop_k_veg': 4.915732312999771, 'pop_amp': 1.7679517464306538, 'pop_peak': 456.1452352111495, 'pop_sig': 1.0883822839745494, 'fuel_k': 3.489703558483351, 'fuel_half': 0.1582538771168131}. Best is trial 0 with value: -0.6094076133578652.
