[I 2026-08-19 17:07:11,894] Trial 318 finished with value: -0.4602788444162574 and parameters: {'k1': 0.0009553670997310255, 'D_low': 6157.391193349085, 'k2': 4.652882272014921e-05, 'D_high': 3233593.0805395236, 'fire_exp': 4.50724604389073, 'P_half': 5.3922985863158965, 'pre_dampen_half': 0.09883781868174189, 'gpp_af': 0.280046748811525, 'gpp_b': 1.2688523767113337e-05, 'gpp_d': 0.017414360785627733, 'ign_k': 0.27811864317467383, 'ign_c': 0.13408931161430587, 'trop_agb_crit': 1.8813897427266897, 'trop_k_veg': 0.8075220881603563, 'pop_amp': 5.187560578881892, 'pop_peak': 12.81607774437207, 'pop_sig': 1.0672394848752629, 'fuel_k': 0.04476056905119382, 'fuel_half': 2.0252187727657778}. Best is trial 0 with value: -0.6094076133578652.
[I 2026-08-19 17:07:13,464] Trial 319 finished with value: -0.5773580846327617 and parameters: {'k1': 0.0007978895041592113, 'D_low': 151.66478373004247, 'k2': 0.0006947546620602898, 'D_high': 2110776.192629006, 'fire_exp': 2.6486178318788975, 'P_half': 171.13522564438784, 'pre_dampen_half': 4.545069991581626, 'gpp_af': 0.11042035323186268, 'gpp_b': 9.053036401711196e-05, 'gpp_d': 9.399642402841366, 'ign_k': 0.8114207996546665, 'ign_c': 1.1164310971625793, 'trop_agb_crit': 22.38046784345534, 'trop_k_veg': 4.452091039217694, 'pop_amp': 0.0012497974438907538, 'pop_peak': 4.0117242769210915, 'pop_sig': 1.028899315540052, 'fuel_k': 0.33899637242810704, 'fuel_half': 0.6291352439359539}. Best is trial 0 with value: -0.6094076133578652.
[I 2026-08-19 17:07:15,032] Trial 320 finished with value: 0.5776291003883494 and parameters: {'k1': 0.003015850739901798, 'D_low': 342.206648035732, 'k2': 7.862484221944827e-05, 'D_high': 859111.74319005, 'fire_exp': 3.7396832980073964, 'P_half': 1.5319746764407205, 'pre_dampen_half': 3.342203097741237, 'gpp_af': 0.002001039632356049, 'gpp_b': 0.0007743416779219463, 'gpp_d': 0.25356210434854093, 'ign_k': 1.2044785855094908, 'ign_c': 2.355771648409314, 'trop_agb_crit': 1.1445193136489922, 'trop_k_veg': 0.5069571698734509, 'pop_amp': 0.03856474452599364, 'pop_peak': 0.15247484784769982, 'pop_sig': 2.296994952049055, 'fuel_k': 0.11169550183051596, 'fuel_half': 4.130636830605899}. Best is trial 0 with value: -0.6094076133578652.
[I 2026-08-19 17:07:16,624] Trial 321 finished with value: 0.6349696604837747 and parameters: {'k1': 0.07886034361508301, 'D_low': 58.5371606691962, 'k2': 0.0026030955246991497, 'D_high': 6119733.735142916, 'fire_exp': 1.1413132470405374, 'P_half': 2.305384726539077, 'pre_dampen_half': 1.5000042874383177, 'gpp_af': 0.1064914381187883, 'gpp_b': 0.0007436893556314789, 'gpp_d': 0.32244890373991014, 'ign_k': 0.1957065662689655, 'ign_c': 0.5700213669673411, 'trop_agb_crit': 1.0136553149522909, 'trop_k_veg': 1.8668247811481733, 'pop_amp': 10.036487544184268, 'pop_peak': 0.051819334826982866, 'pop_sig': 2.193627585572907, 'fuel_k': 0.012754436425867427, 'fuel_half': 9.574844697981897}. Best is trial 0 with value: -0.6094076133578652.
[I 2026-08-19 17:07:18,205] Trial 322 finished with value: 0.5405639018809214 and parameters: {'k1': 0.002736785023137174, 'D_low': 14957.891139621333, 'k2': 0.0008977270046283313, 'D_high': 550964.5627574113, 'fire_exp': 6.157125347864988, 'P_half': 1.5647924186843252, 'pre_dampen_half': 0.2571291496121236, 'gpp_af': 0.016141258225565436, 'gpp_b': 2.831819338005792e-05, 'gpp_d': 6.206119920766345, 'ign_k': 0.08945053965668037, 'ign_c': 0.17188769620325808, 'trop_agb_crit': 6.294019010100339, 'trop_k_veg': 0.9150548319031229, 'pop_amp': 1.7918331197638662, 'pop_peak': 0.487964386012535, 'pop_sig': 2.3077010293330225, 'fuel_k': 0.10581858955532102, 'fuel_half': 1.5949344956126679}. Best is trial 0 with value: -0.6094076133578652.
[I 2026-08-19 17:07:19,776] Trial 323 finished with value: 0.5469608243840661 and parameters: {'k1': 0.0017695204909521233, 'D_low': 44.1087993233583, 'k2': 3.9086712307190145e-05, 'D_high': 1452474.0422620345, 'fire_exp': 8.293669059761443, 'P_half': 4.66162905924984, 'pre_dampen_half': 6.054934085913018, 'gpp_af': 0.023150177485643787, 'gpp_b': 0.00010151876595219769, 'gpp_d': 2.306981653234077, 'ign_k': 0.2261127361812428, 'ign_c': 0.41317821539701716, 'trop_agb_crit': 2.6268873053821036, 'trop_k_veg': 1.1894761873529789, 'pop_amp': 8.241816870339369, 'pop_peak': 1.1863491677806062, 'pop_sig': 1.7090212052410776, 'fuel_k': 0.01335526882691879, 'fuel_half': 3.5391960906705937}. Best is trial 0 with value: -0.6094076133578652.
[I 2026-08-19 17:07:21,415] Trial 324 finished with value: 0.5236083814568983 and parameters: {'k1': 0.06626734264529816, 'D_low': 1885.3331598726288, 'k2': 0.0002712712562956918, 'D_high': 1265506.7366862725, 'fire_exp': 4.542552056252406, 'P_half': 1.6351214978812112, 'pre_dampen_half': 0.36975830629727713, 'gpp_af': 0.6645741147975793, 'gpp_b': 0.0014864227810734206, 'gpp_d': 88.4542498561921, 'ign_k': 1.0820138156478247, 'ign_c': 0.3358424087919842, 'trop_agb_crit': 6.581961368441559, 'trop_k_veg': 0.7899063198984976, 'pop_amp': 15.491227940610251, 'pop_peak': 0.5696290471585288, 'pop_sig': 1.1062602144161788, 'fuel_k': 0.024355172353337912, 'fuel_half': 2.6785833882889736}. Best is trial 0 with value: -0.6094076133578652.
[I 2026-08-19 17:07:22,973] Trial 325 finished with value: 0.4515508256093711 and parameters: {'k1': 0.0008128103496611262, 'D_low': 1651.4630985598062, 'k2': 0.00045033304423677735, 'D_high': 8468318.995091926, 'fire_exp': 1.1855595876306186, 'P_half': 767.1810066959458, 'pre_dampen_half': 210.2026334367745, 'gpp_af': 0.007225921274643282, 'gpp_b': 0.0008699341376605363, 'gpp_d': 52.072360044498225, 'ign_k': 0.759333998173026, 'ign_c': 5.691952284964092, 'trop_agb_crit': 27.819142670808244, 'trop_k_veg': 1.7316915515768347, 'pop_amp': 0.036308830226487634, 'pop_peak': 11.680344130295667, 'pop_sig': 0.6862269282496011, 'fuel_k': 0.9693589179473918, 'fuel_half': 0.45775824345427135}. Best is trial 0 with value: -0.6094076133578652.
[I 2026-08-19 17:07:24,570] Trial 326 finished with value: 0.5186794220084673 and parameters: {'k1': 0.017038720668755943, 'D_low': 72.78369629057869, 'k2': 4.7796051893756424e-05, 'D_high': 254658.36493106122, 'fire_exp': 3.7751639383757865, 'P_half': 11.264737295773982, 'pre_dampen_half': 0.06589924659403414, 'gpp_af': 0.029925046732884406, 'gpp_b': 0.0001070348898588585, 'gpp_d': 1.6994551485660438, 'ign_k': 8.513018702064848, 'ign_c': 2.8547845218999455, 'trop_agb_crit': 26.28652716033526, 'trop_k_veg': 3.6691117522989987, 'pop_amp': 0.00376838542764232, 'pop_peak': 4.318978726577225, 'pop_sig': 0.7610705727316289, 'fuel_k': 0.6501987188300373, 'fuel_half': 0.31405133478769187}. Best is trial 0 with value: -0.6094076133578652.
[I 2026-08-19 17:07:26,172] Trial 327 finished with value: 0.5385016655106434 and parameters: {'k1': 0.0003233777184114559, 'D_low': 315.6984563935494, 'k2': 0.09432035413186375, 'D_high': 465947.56905568874, 'fire_exp': 1.3400845262332093, 'P_half': 1104.8243940215648, 'pre_dampen_half': 5.308044446907175, 'gpp_af': 0.3012064911626134, 'gpp_b': 0.002220734229653435, 'gpp_d': 5.863110942976688, 'ign_k': 0.05198257120625142, 'ign_c': 11.743988058160221, 'trop_agb_crit': 17.463681791853876, 'trop_k_veg': 0.7317723744270015, 'pop_amp': 0.00198659925652288, 'pop_peak': 0.1982688867974876, 'pop_sig': 1.7991233294233313, 'fuel_k': 0.39739599056345454, 'fuel_half': 50.32844681440591}. Best is trial 0 with value: -0.6094076133578652.
[I 2026-08-19 17:07:27,748] Trial 328 finished with value: 0.4363976332903947 and parameters: {'k1': 0.018320723900157213, 'D_low': 979.4506377939458, 'k2': 0.0004113935218365168, 'D_high': 9044310.353462923, 'fire_exp': 1.8048960270000418, 'P_half': 12.363808594550422, 'pre_dampen_half': 35.47013157562416, 'gpp_af': 0.0023823467348578617, 'gpp_b': 7.174978893606803e-05, 'gpp_d': 1.671695012257769, 'ign_k': 0.0024326718198602226, 'ign_c': 0.12650815356536757, 'trop_agb_crit': 3.274593809746711, 'trop_k_veg': 0.7358624091112135, 'pop_amp': 2.1379937145894545, 'pop_peak': 0.31222103895484193, 'pop_sig': 1.4631155240498588, 'fuel_k': 0.011969652334001728, 'fuel_half': 4.709679843199437}. Best is trial 0 with value: -0.6094076133578652.
[I 2026-08-19 17:07:29,334] Trial 329 finished with value: 0.5929642846526704 and parameters: {'k1': 0.0004693669450231616, 'D_low': 121.63191718898935, 'k2': 0.00026317818361156023, 'D_high': 1697625.9231046736, 'fire_exp': 1.035254068100405, 'P_half': 50.01031355551794, 'pre_dampen_half': 0.6273190729126833, 'gpp_af': 2.0323506207982875, 'gpp_b': 7.179933077723149e-05, 'gpp_d': 70.27604401260031, 'ign_k': 0.7209552487214045, 'ign_c': 34.02559497263236, 'trop_agb_crit': 18.0382738147906, 'trop_k_veg': 0.8290043582186888, 'pop_amp': 0.0028301478111139823, 'pop_peak': 4.433170469434767, 'pop_sig': 2.284445895715637, 'fuel_k': 0.02939198324217692, 'fuel_half': 53.829839267192774}. Best is trial 0 with value: -0.6094076133578652.
[I 2026-08-19 17:07:30,881] Trial 330 finished with value: 0.4420394745376428 and parameters: {'k1': 0.0031561856440600537, 'D_low': 5.592282498925174, 'k2': 0.00017720602070891024, 'D_high': 803000.2260299196, 'fire_exp': 1.3129838347872196, 'P_half': 4.501219605634741, 'pre_dampen_half': 2.4409256021133756, 'gpp_af': 0.10131028628859516, 'gpp_b': 2.801872447252707e-05, 'gpp_d': 31.842954695095944, 'ign_k': 0.02910055407233336, 'ign_c': 0.3898801788470953, 'trop_agb_crit': 2.118454630658094, 'trop_k_veg': 0.5000089160077733, 'pop_amp': 0.4689329049934778, 'pop_peak': 1.3734657603802525, 'pop_sig': 1.2764213935645525, 'fuel_k': 0.020448230353752105, 'fuel_half': 14.071856611891832}. Best is trial 0 with value: -0.6094076133578652.
  trial  331/2500  best_overall=0.6094  (9.1 min)
[I 2026-08-19 17:07:32,545] Trial 331 finished with value: 0.5200132708451167 and parameters: {'k1': 0.0007315902887715305, 'D_low': 8895.157845958896, 'k2': 0.002123596682498492, 'D_high': 1784846.0571729334, 'fire_exp': 2.7560576887951425, 'P_half': 6.175170407938003, 'pre_dampen_half': 0.2248601903356288, 'gpp_af': 0.5318178515121926, 'gpp_b': 0.0023690723369810683, 'gpp_d': 11.126615173155274, 'ign_k': 4.019820767328035, 'ign_c': 0.5851582164135433, 'trop_agb_crit': 7.842547231598597, 'trop_k_veg': 5.1663787039366085, 'pop_amp': 0.005066872878763015, 'pop_peak': 0.20069584466339355, 'pop_sig': 0.9614878863433348, 'fuel_k': 0.013009095594726327, 'fuel_half': 14.452673614341128}. Best is trial 0 with value: -0.6094076133578652.
[I 2026-08-19 17:07:34,194] Trial 332 finished with value: 0.584022826643531 and parameters: {'k1': 2.4790056779093517e-05, 'D_low': 7015.240549741426, 'k2': 1.6658009705363963e-05, 'D_high': 1211569.9857285372, 'fire_exp': 1.1799892400376588, 'P_half': 202.73564611093855, 'pre_dampen_half': 0.012026670255150277, 'gpp_af': 0.006125231811174649, 'gpp_b': 0.0043884906504915435, 'gpp_d': 9.08672293724542, 'ign_k': 0.324494822480798, 'ign_c': 91.39100748807633, 'trop_agb_crit': 7.28094973513989, 'trop_k_veg': 5.389528340996981, 'pop_amp': 6.039898907111982, 'pop_peak': 110.80543037761159, 'pop_sig': 0.5878882983561268, 'fuel_k': 2.254266321230183, 'fuel_half': 0.7883898026326339}. Best is trial 0 with value: -0.6094076133578652.
[I 2026-08-19 17:07:35,778] Trial 333 finished with value: -0.5195656445869876 and parameters: {'k1': 0.0017248386765428075, 'D_low': 15346.583891980263, 'k2': 0.00698300232710258, 'D_high': 1915768.014594352, 'fire_exp': 1.6482552199565936, 'P_half': 45.51709812323361, 'pre_dampen_half': 56.168106529368615, 'gpp_af': 2.375250457578461, 'gpp_b': 3.3867324174342846e-05, 'gpp_d': 3.7691388771529915, 'ign_k': 0.05069115636273422, 'ign_c': 0.7335595368990147, 'trop_agb_crit': 22.243444945842096, 'trop_k_veg': 0.6382553634852403, 'pop_amp': 0.05275598104371344, 'pop_peak': 0.40759252063706897, 'pop_sig': 0.9579937333262368, 'fuel_k': 0.033741836745716375, 'fuel_half': 65.76842731532123}. Best is trial 0 with value: -0.6094076133578652.
[I 2026-08-19 17:07:37,345] Trial 334 finished with value: 0.5211037787315675 and parameters: {'k1': 0.0033816425529203894, 'D_low': 437.8543894072353, 'k2': 0.0012904238889966135, 'D_high': 9387104.300657341, 'fire_exp': 1.2366304328809845, 'P_half': 87.45180493420645, 'pre_dampen_half': 150.4785200330218, 'gpp_af': 13.36936879873581, 'gpp_b': 1.3094648594897105e-05, 'gpp_d': 6.433274411390209, 'ign_k': 0.32798135415344604, 'ign_c': 0.6552810198395999, 'trop_agb_crit': 25.140938348588115, 'trop_k_veg': 0.5824292128786196, 'pop_amp': 0.037349069294212785, 'pop_peak': 1.1630249924645522, 'pop_sig': 0.5264755096682973, 'fuel_k': 0.11645875863565812, 'fuel_half': 59.72232104101015}. Best is trial 0 with value: -0.6094076133578652.
[I 2026-08-19 17:07:38,968] Trial 335 finished with value: 0.5586058465665119 and parameters: {'k1': 0.0009161501825011449, 'D_low': 40.36231146140858, 'k2': 0.000579835184534653, 'D_high': 755410.7085770969, 'fire_exp': 2.6071772887238085, 'P_half': 932.9659698041855, 'pre_dampen_half': 83.00918012931227, 'gpp_af': 0.006608839635770643, 'gpp_b': 0.0005651655746114187, 'gpp_d': 2.147889194347832, 'ign_k': 0.048233566086532564, 'ign_c': 0.11377479749355121, 'trop_agb_crit': 24.400411928648566, 'trop_k_veg': 5.637315453940681, 'pop_amp': 0.002373902719923484, 'pop_peak': 0.9251271651141595, 'pop_sig': 0.6744593325746497, 'fuel_k': 0.17754946175865596, 'fuel_half': 0.28979713427624265}. Best is trial 0 with value: -0.6094076133578652.
[I 2026-08-19 17:07:40,591] Trial 336 finished with value: 0.4682508472720237 and parameters: {'k1': 0.0012673368375180339, 'D_low': 2.6954624872581614, 'k2': 0.024999843212692083, 'D_high': 9398281.092410304, 'fire_exp': 1.6647507727862036, 'P_half': 257.6436163666982, 'pre_dampen_half': 0.45783031037162675, 'gpp_af': 0.30588948290131246, 'gpp_b': 3.4318395250211194e-05, 'gpp_d': 21.000307717041988, 'ign_k': 1.6159925241320496, 'ign_c': 1.2054985146820947, 'trop_agb_crit': 17.47267764845639, 'trop_k_veg': 7.769614062092675, 'pop_amp': 0.0010110833168980845, 'pop_peak': 1.2478153784017099, 'pop_sig': 0.9565743522664342, 'fuel_k': 0.365055340281265, 'fuel_half': 1.2021026704249365}. Best is trial 0 with value: -0.6094076133578652.
[I 2026-08-19 17:07:42,174] Trial 337 finished with value: 0.4864516376942414 and parameters: {'k1': 0.009166910776295195, 'D_low': 11583.059703283017, 'k2': 0.016472917895762912, 'D_high': 286576.0631279, 'fire_exp': 1.8276378320427276, 'P_half': 30.86529113557704, 'pre_dampen_half': 116.91413580771125, 'gpp_af': 6.367101329173499, 'gpp_b': 0.0034824381359515543, 'gpp_d': 9.639050660674073, 'ign_k': 0.14989641744432755, 'ign_c': 1.2999481100894192, 'trop_agb_crit': 21.572361284692498, 'trop_k_veg': 0.6294393066584268, 'pop_amp': 0.09075257396746811, 'pop_peak': 0.5019480659392644, 'pop_sig': 1.3636791268489539, 'fuel_k': 0.07582210875861714, 'fuel_half': 27.829450071625896}. Best is trial 0 with value: -0.6094076133578652.
[I 2026-08-19 17:07:43,741] Trial 338 finished with value: 0.47565342633475804 and parameters: {'k1': 0.0037823423057700627, 'D_low': 9214.713505126489, 'k2': 0.0010275157601836308, 'D_high': 271180.0429092425, 'fire_exp': 1.5361012956691005, 'P_half': 15.337494551508355, 'pre_dampen_half': 944.0785786640627, 'gpp_af': 0.31485192902816195, 'gpp_b': 2.1447065029875375e-05, 'gpp_d': 24.22976762204895, 'ign_k': 0.0027001896599211468, 'ign_c': 0.5248281185534868, 'trop_agb_crit': 28.487286480882833, 'trop_k_veg': 0.5527354110357564, 'pop_amp': 0.5202093842151162, 'pop_peak': 0.13892539541337243, 'pop_sig': 0.9685174554323999, 'fuel_k': 0.1793073953917239, 'fuel_half': 43.79700810823091}. Best is trial 0 with value: -0.6094076133578652.
[I 2026-08-19 17:07:45,315] Trial 339 finished with value: 0.6444474330130732 and parameters: {'k1': 0.0005756776826158144, 'D_low': 801674.7800357083, 'k2': 0.0002623533332765851, 'D_high': 2841645.5016713855, 'fire_exp': 1.5086865131113985, 'P_half': 257.13972751080684, 'pre_dampen_half': 8.27352543960188, 'gpp_af': 6.096380220545528, 'gpp_b': 0.0005193169003522963, 'gpp_d': 19.069415465721036, 'ign_k': 0.00606157385225127, 'ign_c': 0.4195568918442461, 'trop_agb_crit': 12.222295363630147, 'trop_k_veg': 1.1025886276972126, 'pop_amp': 0.028351351256303527, 'pop_peak': 0.29436095868868734, 'pop_sig': 0.8526588592968818, 'fuel_k': 0.04206233824101877, 'fuel_half': 33.25659414068251}. Best is trial 0 with value: -0.6094076133578652.
[I 2026-08-19 17:07:46,898] Trial 340 finished with value: 0.619039274239328 and parameters: {'k1': 0.000553402200138046, 'D_low': 45178.477523339, 'k2': 5.770566080424232e-05, 'D_high': 2925322.3199196174, 'fire_exp': 9.181974555972948, 'P_half': 2.8966077218779005, 'pre_dampen_half': 0.03948057914656961, 'gpp_af': 0.0010053587789717062, 'gpp_b': 0.00013752262250233405, 'gpp_d': 0.20776199975830892, 'ign_k': 0.4590753189561414, 'ign_c': 0.10711020019814217, 'trop_agb_crit': 4.167476193728863, 'trop_k_veg': 0.873878247411517, 'pop_amp': 1.2902846245465853, 'pop_peak': 19.99502236822669, 'pop_sig': 1.472693732407782, 'fuel_k': 0.031525615487464284, 'fuel_half': 0.9355601556824874}. Best is trial 0 with value: -0.6094076133578652.
[I 2026-08-19 17:07:48,481] Trial 341 finished with value: 0.5218759565271136 and parameters: {'k1': 0.0033131430905394455, 'D_low': 52.78833308737199, 'k2': 0.000828212644761105, 'D_high': 74079.83278813295, 'fire_exp': 1.32589541808712, 'P_half': 195.30337945626212, 'pre_dampen_half': 0.18017462586632102, 'gpp_af': 0.0935835410661631, 'gpp_b': 1.5438071391287766e-05, 'gpp_d': 137.4960733217347, 'ign_k': 0.9509444182129269, 'ign_c': 16.770905611852058, 'trop_agb_crit': 10.728087014014902, 'trop_k_veg': 0.8993735244855292, 'pop_amp': 0.016448216976539337, 'pop_peak': 13.703309868071676, 'pop_sig': 0.9920318182523404, 'fuel_k': 0.0568804884837973, 'fuel_half': 20.597851710211952}. Best is trial 0 with value: -0.6094076133578652.
[I 2026-08-19 17:07:50,081] Trial 342 finished with value: 0.5249954617514841 and parameters: {'k1': 0.005961685615363975, 'D_low': 1632.1824902299181, 'k2': 0.012823393486729878, 'D_high': 756197.7148996806, 'fire_exp': 2.929504243662286, 'P_half': 13.568147989196426, 'pre_dampen_half': 1.649556080189142, 'gpp_af': 0.06368576543849905, 'gpp_b': 0.013117900553324556, 'gpp_d': 610.0764349213398, 'ign_k': 3.29450184551912, 'ign_c': 0.12322204584933148, 'trop_agb_crit': 8.730066053028079, 'trop_k_veg': 0.7377114321295217, 'pop_amp': 0.03302069070592174, 'pop_peak': 0.5658168128844507, 'pop_sig': 1.1717361868577427, 'fuel_k': 0.02609423097169401, 'fuel_half': 7.756413394772606}. Best is trial 0 with value: -0.6094076133578652.
[I 2026-08-19 17:07:51,680] Trial 343 finished with value: 0.42146428009919334 and parameters: {'k1': 0.00042687109494541075, 'D_low': 13921.047151130768, 'k2': 0.0017497158656303094, 'D_high': 620962.8351965711, 'fire_exp': 1.1059275891301779, 'P_half': 151.0203305561215, 'pre_dampen_half': 37.978970896920835, 'gpp_af': 0.01756399045980362, 'gpp_b': 3.3167355965429194e-05, 'gpp_d': 5.234107202674598, 'ign_k': 4.416155996471435, 'ign_c': 15.101255583407886, 'trop_agb_crit': 28.234723705629523, 'trop_k_veg': 3.00667474977217, 'pop_amp': 0.0016619965715099117, 'pop_peak': 20.22237475742751, 'pop_sig': 1.0086546241684882, 'fuel_k': 0.4535640834470367, 'fuel_half': 5.508135769761598}. Best is trial 0 with value: -0.6094076133578652.
  trial  344/2500  best_overall=0.6094  (9.5 min)
[I 2026-08-19 17:07:53,326] Trial 344 finished with value: 0.46230937372218883 and parameters: {'k1': 0.016324779548532474, 'D_low': 2.952123791407395, 'k2': 0.0001840422626555319, 'D_high': 1824212.9161182824, 'fire_exp': 3.7632726542037247, 'P_half': 2.5386123350098933, 'pre_dampen_half': 0.7710964943329897, 'gpp_af': 0.004749132182351508, 'gpp_b': 5.217277110640785e-05, 'gpp_d': 0.6406207575493046, 'ign_k': 0.5923822058106368, 'ign_c': 2.8581971986969723, 'trop_agb_crit': 1.1596331796132244, 'trop_k_veg': 1.9643515646116814, 'pop_amp': 1.5370443981312631, 'pop_peak': 0.336400659841423, 'pop_sig': 0.4584181971983595, 'fuel_k': 0.2189631508946381, 'fuel_half': 10.883897796021655}. Best is trial 0 with value: -0.6094076133578652.
[I 2026-08-19 17:07:54,929] Trial 345 finished with value: 0.5527798838051917 and parameters: {'k1': 9.692230499648285e-05, 'D_low': 1498.545869288019, 'k2': 0.07311321535963557, 'D_high': 8480799.547549617, 'fire_exp': 2.2959294676116135, 'P_half': 216.43965776684087, 'pre_dampen_half': 0.25303345894413093, 'gpp_af': 1.006706225289632, 'gpp_b': 0.016678352232133053, 'gpp_d': 21.9759906618275, 'ign_k': 0.1797446640199442, 'ign_c': 0.18963445816241836, 'trop_agb_crit': 11.25256896742087, 'trop_k_veg': 0.8242784819141533, 'pop_amp': 0.07782488175992365, 'pop_peak': 0.20898630300434998, 'pop_sig': 2.425547432961705, 'fuel_k': 0.07239777567205267, 'fuel_half': 92.98066083857259}. Best is trial 0 with value: -0.6094076133578652.
[I 2026-08-19 17:07:56,513] Trial 346 finished with value: 0.4832481352242195 and parameters: {'k1': 0.0008819660548827769, 'D_low': 21601.45454261395, 'k2': 0.011627759167598107, 'D_high': 3660876.0463734604, 'fire_exp': 1.6977055650360535, 'P_half': 21.779071114535874, 'pre_dampen_half': 538.2878894492361, 'gpp_af': 0.021971333114066127, 'gpp_b': 0.003312721079014101, 'gpp_d': 3.1726281116550625, 'ign_k': 0.4348066106060156, 'ign_c': 1.6518647990558466, 'trop_agb_crit': 14.872615631431751, 'trop_k_veg': 1.6547865838377915, 'pop_amp': 0.008227819329940702, 'pop_peak': 0.6599084791313719, 'pop_sig': 0.9566728079909507, 'fuel_k': 0.06831490736828717, 'fuel_half': 59.98766235833758}. Best is trial 0 with value: -0.6094076133578652.
