[I 2026-08-05 23:14:05,189] Trial 225 finished with values: [10.472548894576889, 10.472548894576889] and parameters: {'k1': 0.00324789183891923, 'D_low': 2.5379946629058443, 'k2': 0.031211489608802344, 'D_high': 48249.14281180252, 'fire_exp': 1.151006986743773, 'P_half': 10.753522341516506, 'pre_dampen_half': 33.9790424311127, 'gpp_af': 5.511863475708366, 'gpp_b': 0.00012797528816608022, 'gpp_d': 0.04974854350453755, 'ign_k': 0.03141110271934876, 'ign_c': 3.0378658251922155}.
[I 2026-08-05 23:14:06,524] Trial 226 finished with values: [10.769195788050334, 10.769195788050334] and parameters: {'k1': 0.002971796631657383, 'D_low': 2.1234210963705626, 'k2': 0.0007081721844034209, 'D_high': 9769.756791866093, 'fire_exp': 1.151006986743773, 'P_half': 12.808863354047988, 'pre_dampen_half': 53.73093479067421, 'gpp_af': 5.511863475708366, 'gpp_b': 0.00012797528816608022, 'gpp_d': 0.11136446029400991, 'ign_k': 0.03033111747878116, 'ign_c': 298.123706972088}.
[I 2026-08-05 23:14:07,724] Trial 227 finished with values: [10.624089277238427, 10.624089277238427] and parameters: {'k1': 0.00324789183891923, 'D_low': 18.522006003174383, 'k2': 0.0001870742013766025, 'D_high': 8241.92526487646, 'fire_exp': 1.151006986743773, 'P_half': 12.808863354047988, 'pre_dampen_half': 7.6110013825922485, 'gpp_af': 22.766850248686247, 'gpp_b': 0.6637926838138378, 'gpp_d': 149.50343942182866, 'ign_k': 0.006912296717033066, 'ign_c': 0.773448215664679}.
[I 2026-08-05 23:14:08,993] Trial 228 finished with values: [10.685516895217281, 10.685516895217281] and parameters: {'k1': 3.252245757497282e-05, 'D_low': 125.32726386250698, 'k2': 0.0010204225357677778, 'D_high': 8182.111518618414, 'fire_exp': 1.5201277403788451, 'P_half': 63.585411411994926, 'pre_dampen_half': 703.6426675556048, 'gpp_af': 83.56239973758213, 'gpp_b': 3.481277316673104e-05, 'gpp_d': 4.25060659305504, 'ign_k': 0.0048255892187380085, 'ign_c': 0.1457050032975653}.
[I 2026-08-05 23:14:10,279] Trial 229 finished with values: [10.764563228277947, 10.764563228277947] and parameters: {'k1': 0.00012105387404469581, 'D_low': 2.458603276328005, 'k2': 4.860905111373887e-05, 'D_high': 7744.80118512745, 'fire_exp': 1.182396148413737, 'P_half': 2.157758652553991, 'pre_dampen_half': 304.7488318185732, 'gpp_af': 0.0025511964576171086, 'gpp_b': 0.10123867001105968, 'gpp_d': 39.827466658711515, 'ign_k': 0.03141110271934876, 'ign_c': 0.9294394155644988}.
[I 2026-08-05 23:14:11,481] Trial 230 finished with values: [10.73753514473203, 10.73753514473203] and parameters: {'k1': 0.002971796631657383, 'D_low': 74.92772870670282, 'k2': 0.00012280874862135373, 'D_high': 9769.756791866093, 'fire_exp': 1.0881360604103363, 'P_half': 1627.0983114897251, 'pre_dampen_half': 53.73093479067421, 'gpp_af': 29.925002022877802, 'gpp_b': 0.011750724729953272, 'gpp_d': 4.5768578731086835, 'ign_k': 0.0026834162496848666, 'ign_c': 298.123706972088}.
[I 2026-08-05 23:14:12,734] Trial 231 finished with values: [10.299356802588225, 10.299356802588225] and parameters: {'k1': 0.00013783578294796384, 'D_low': 1.4045842344024697, 'k2': 0.031211489608802344, 'D_high': 1024.9816559563214, 'fire_exp': 1.1258453832483524, 'P_half': 13.019246714361572, 'pre_dampen_half': 107.40052367919465, 'gpp_af': 0.015769192447197523, 'gpp_b': 0.00012797528816608022, 'gpp_d': 0.11136446029400991, 'ign_k': 8.761971101023693, 'ign_c': 8.671454322584175}.
[I 2026-08-05 23:14:13,987] Trial 232 finished with values: [10.549270453383647, 10.549270453383647] and parameters: {'k1': 1.1845753911529365e-05, 'D_low': 1.4045842344024697, 'k2': 0.0027431991397796683, 'D_high': 48249.14281180252, 'fire_exp': 1.151006986743773, 'P_half': 12.808863354047988, 'pre_dampen_half': 107.40052367919465, 'gpp_af': 37.28155624293858, 'gpp_b': 7.402343469704428e-05, 'gpp_d': 0.11136446029400991, 'ign_k': 8.761971101023693, 'ign_c': 8.671454322584175}.
[I 2026-08-05 23:14:15,350] Trial 233 finished with values: [10.768244955299759, 10.768244955299759] and parameters: {'k1': 0.00324789183891923, 'D_low': 2.1234210963705626, 'k2': 0.08790311296857814, 'D_high': 29.580419692843236, 'fire_exp': 2.3782613909771353, 'P_half': 2.157758652553991, 'pre_dampen_half': 76.86605275420082, 'gpp_af': 35.20481045526041, 'gpp_b': 0.028780534359197463, 'gpp_d': 13.076473382928533, 'ign_k': 0.017654048052495083, 'ign_c': 1.24801809651176}.
[I 2026-08-05 23:14:16,591] Trial 234 finished with values: [10.651300539854843, 10.651300539854843] and parameters: {'k1': 7.841214856323651e-05, 'D_low': 164.70698221724317, 'k2': 0.031211489608802344, 'D_high': 9769.756791866093, 'fire_exp': 1.1044852285094786, 'P_half': 403.3495283157659, 'pre_dampen_half': 0.6199100007802261, 'gpp_af': 5.620854611217178, 'gpp_b': 2.800940363375676e-05, 'gpp_d': 13.076473382928533, 'ign_k': 1.2273800987852967, 'ign_c': 12.37061744238074}.
[I 2026-08-05 23:14:17,799] Trial 235 finished with values: [10.74039743122473, 10.74039743122473] and parameters: {'k1': 0.00031510149123840285, 'D_low': 2084.3335294724207, 'k2': 0.0010293072560417134, 'D_high': 26666.09148594752, 'fire_exp': 1.2680134752324452, 'P_half': 351.2704726270846, 'pre_dampen_half': 0.37306104754535907, 'gpp_af': 0.001339466259146302, 'gpp_b': 0.00017319192149311345, 'gpp_d': 300.3420512048734, 'ign_k': 5.766615111348428, 'ign_c': 0.11049703024154134}.
[I 2026-08-05 23:14:19,020] Trial 236 finished with values: [-0.5127165502790614, 0.7509451058910983] and parameters: {'k1': 0.0029707920514735983, 'D_low': 1.1065812688893482, 'k2': 0.0007081721844034209, 'D_high': 9769.756791866093, 'fire_exp': 1.0881360604103363, 'P_half': 10.226988730324324, 'pre_dampen_half': 304.7488318185732, 'gpp_af': 29.925002022877802, 'gpp_b': 0.011750724729953272, 'gpp_d': 857.4284557962634, 'ign_k': 0.03141110271934876, 'ign_c': 0.3528113274684997}.
[I 2026-08-05 23:14:20,277] Trial 237 finished with values: [10.594340162027787, 10.594340162027787] and parameters: {'k1': 0.00012105387404469581, 'D_low': 125.32726386250698, 'k2': 0.0010204225357677778, 'D_high': 3660.150802571655, 'fire_exp': 1.2943117749495199, 'P_half': 63.585411411994926, 'pre_dampen_half': 76.86605275420082, 'gpp_af': 1.6595781802652418, 'gpp_b': 0.10123867001105968, 'gpp_d': 39.827466658711515, 'ign_k': 0.0048255892187380085, 'ign_c': 0.9294394155644988}.
[I 2026-08-05 23:14:21,662] Trial 238 finished with values: [10.769230769178105, 10.769230769178105] and parameters: {'k1': 0.0029707920514735983, 'D_low': 9.330007965781027, 'k2': 0.00011939136672856547, 'D_high': 1687.3495104568947, 'fire_exp': 7.943623315519552, 'P_half': 608.3019192425825, 'pre_dampen_half': 14.689898077648792, 'gpp_af': 22.766850248686247, 'gpp_b': 3.228689523591491e-05, 'gpp_d': 891.8036602897795, 'ign_k': 0.03141110271934876, 'ign_c': 313.01151188508345}.
[I 2026-08-05 23:14:22,897] Trial 239 finished with values: [10.769089592641073, 10.769089592641073] and parameters: {'k1': 0.025383218374507292, 'D_low': 18.522006003174383, 'k2': 2.5461628161276896e-05, 'D_high': 1687.3495104568947, 'fire_exp': 1.182396148413737, 'P_half': 608.3019192425825, 'pre_dampen_half': 14.689898077648792, 'gpp_af': 0.0025511964576171086, 'gpp_b': 0.6637926838138378, 'gpp_d': 891.8036602897795, 'ign_k': 0.03141110271934876, 'ign_c': 0.7724824966785973}.
[I 2026-08-05 23:14:24,099] Trial 240 finished with values: [10.493946777077122, 10.493946777077122] and parameters: {'k1': 0.03699867920489089, 'D_low': 2.1234210963705626, 'k2': 1.1184534120760473e-05, 'D_high': 8241.92526487646, 'fire_exp': 1.151006986743773, 'P_half': 12.808863354047988, 'pre_dampen_half': 14.711215379121963, 'gpp_af': 0.47739011308437823, 'gpp_b': 0.03841303420847976, 'gpp_d': 150.14555442537656, 'ign_k': 0.3818468247973969, 'ign_c': 10.140635645866492}.
[I 2026-08-05 23:14:25,334] Trial 241 finished with values: [10.769230769178105, 10.769230769178105] and parameters: {'k1': 2.0937989739527727e-05, 'D_low': 125.32726386250698, 'k2': 0.002523872675078018, 'D_high': 233.52156626184438, 'fire_exp': 1.182396148413737, 'P_half': 39.03214299767183, 'pre_dampen_half': 703.6426675556048, 'gpp_af': 0.0025511964576171086, 'gpp_b': 0.09777324906074064, 'gpp_d': 2.8006820077310213, 'ign_k': 8.761971101023693, 'ign_c': 47.268615251255675}.
[I 2026-08-05 23:14:26,475] Trial 242 finished with values: [10.611078476358895, 10.611078476358895] and parameters: {'k1': 0.02641449645424223, 'D_low': 2.1234210963705626, 'k2': 0.010080550999930625, 'D_high': 48249.14281180252, 'fire_exp': 3.1018148805490564, 'P_half': 12.808863354047988, 'pre_dampen_half': 3.3594011166738142, 'gpp_af': 5.511863475708366, 'gpp_b': 0.000832333943844274, 'gpp_d': 223.60515435267138, 'ign_k': 0.03604182012888638, 'ign_c': 0.11049703024154134}.
[I 2026-08-05 23:14:27,674] Trial 243 finished with values: [10.48145328820523, 10.48145328820523] and parameters: {'k1': 0.002971796631657383, 'D_low': 29.89885508829526, 'k2': 0.0007081721844034209, 'D_high': 9769.756791866093, 'fire_exp': 1.0881360604103363, 'P_half': 10.226988730324324, 'pre_dampen_half': 36.876350096203005, 'gpp_af': 29.925002022877802, 'gpp_b': 0.00011277885258222645, 'gpp_d': 4.5768578731086835, 'ign_k': 0.0026834162496848666, 'ign_c': 6.160975294741436}.
[I 2026-08-05 23:14:28,898] Trial 244 finished with values: [10.648810310229369, 10.648810310229369] and parameters: {'k1': 0.02641449645424223, 'D_low': 4.051452710153359, 'k2': 3.5917714215176105e-05, 'D_high': 7744.80118512745, 'fire_exp': 1.182396148413737, 'P_half': 4546.192107824457, 'pre_dampen_half': 107.40052367919465, 'gpp_af': 5.511863475708366, 'gpp_b': 0.00012797528816608022, 'gpp_d': 857.4284557962634, 'ign_k': 0.34703605955441524, 'ign_c': 8.671454322584175}.
[I 2026-08-05 23:14:30,099] Trial 245 finished with values: [10.740072729273981, 10.740072729273981] and parameters: {'k1': 0.04897760278488444, 'D_low': 2.458603276328005, 'k2': 1.1184534120760473e-05, 'D_high': 10316.033434719713, 'fire_exp': 2.3782613909771353, 'P_half': 93.34064019986363, 'pre_dampen_half': 76.86605275420082, 'gpp_af': 35.20481045526041, 'gpp_b': 0.003510201564752293, 'gpp_d': 5.878566318396007, 'ign_k': 0.017654048052495083, 'ign_c': 0.5110256715654393}.
[I 2026-08-05 23:14:31,306] Trial 246 finished with values: [10.542501345130376, 10.542501345130376] and parameters: {'k1': 0.00324789183891923, 'D_low': 18.522006003174383, 'k2': 0.031211489608802344, 'D_high': 48249.14281180252, 'fire_exp': 1.010722707674549, 'P_half': 12.808863354047988, 'pre_dampen_half': 7.6110013825922485, 'gpp_af': 22.766850248686247, 'gpp_b': 0.00012797528816608022, 'gpp_d': 0.11136446029400991, 'ign_k': 0.03033111747878116, 'ign_c': 0.773448215664679}.
[I 2026-08-05 23:14:32,481] Trial 247 finished with values: [10.766655835418202, 10.766655835418202] and parameters: {'k1': 0.00016536937182824412, 'D_low': 2.1234210963705626, 'k2': 1.1184534120760473e-05, 'D_high': 8241.92526487646, 'fire_exp': 3.7748863822506733, 'P_half': 95.65499215943822, 'pre_dampen_half': 1.241231030920016, 'gpp_af': 4.095062894476692, 'gpp_b': 0.0004837646996135023, 'gpp_d': 5.878566318396007, 'ign_k': 0.3818468247973969, 'ign_c': 12.03017887115466}.
[I 2026-08-05 23:14:33,690] Trial 248 finished with values: [10.511047931316925, 10.511047931316925] and parameters: {'k1': 1.1102341430568339e-05, 'D_low': 918.4900818511542, 'k2': 0.005456725485601475, 'D_high': 576.2487216478603, 'fire_exp': 1.1044852285094786, 'P_half': 95.65499215943822, 'pre_dampen_half': 53.73093479067421, 'gpp_af': 0.08235550625917108, 'gpp_b': 0.0003570095960030948, 'gpp_d': 20.54051942538844, 'ign_k': 0.11903394335305037, 'ign_c': 12.03017887115466}.
[I 2026-08-05 23:14:34,861] Trial 249 finished with values: [10.75789058080579, 10.75789058080579] and parameters: {'k1': 7.841214856323651e-05, 'D_low': 1.54121727098019, 'k2': 0.02065142557895925, 'D_high': 39.323386421481615, 'fire_exp': 1.4665043946307825, 'P_half': 8.968733598183245, 'pre_dampen_half': 107.40052367919465, 'gpp_af': 5.511863475708366, 'gpp_b': 2.800940363375676e-05, 'gpp_d': 4.5768578731086835, 'ign_k': 0.34703605955441524, 'ign_c': 8.671454322584175}.
[I 2026-08-05 23:14:36,226] Trial 250 finished with values: [10.223061651591925, 10.223061651591925] and parameters: {'k1': 0.008956420301712053, 'D_low': 125.32726386250698, 'k2': 0.0010204225357677778, 'D_high': 9769.756791866093, 'fire_exp': 1.1044852285094786, 'P_half': 8.968733598183245, 'pre_dampen_half': 703.6426675556048, 'gpp_af': 10.25616274847308, 'gpp_b': 3.139005000572696e-05, 'gpp_d': 4.5768578731086835, 'ign_k': 0.0048255892187380085, 'ign_c': 12.37061744238074}.
[I 2026-08-05 23:14:37,486] Trial 251 finished with values: [10.750290275039339, 10.750290275039339] and parameters: {'k1': 0.002407354618388189, 'D_low': 29.89885508829526, 'k2': 0.08894151386481904, 'D_high': 9769.756791866093, 'fire_exp': 4.010071437770751, 'P_half': 13.019246714361572, 'pre_dampen_half': 53.73093479067421, 'gpp_af': 92.21975850381763, 'gpp_b': 0.011750724729953272, 'gpp_d': 5.878566318396007, 'ign_k': 0.009580682294110432, 'ign_c': 0.9294394155644988}.
[I 2026-08-05 23:14:38,818] Trial 252 finished with values: [10.662430554773277, 10.662430554773277] and parameters: {'k1': 0.03232155805617897, 'D_low': 29.89885508829526, 'k2': 0.006138509947844854, 'D_high': 1024.9816559563214, 'fire_exp': 1.0881360604103363, 'P_half': 10.226988730324324, 'pre_dampen_half': 75.44632385121258, 'gpp_af': 29.925002022877802, 'gpp_b': 0.011750724729953272, 'gpp_d': 0.6537496690081765, 'ign_k': 0.8826264591983531, 'ign_c': 6.160975294741436}.
[I 2026-08-05 23:14:39,991] Trial 253 finished with values: [10.717674405659787, 10.717674405659787] and parameters: {'k1': 0.025383218374507292, 'D_low': 918.4900818511542, 'k2': 0.0003607301614542842, 'D_high': 6455.595882939566, 'fire_exp': 1.010722707674549, 'P_half': 608.3019192425825, 'pre_dampen_half': 14.689898077648792, 'gpp_af': 22.766850248686247, 'gpp_b': 0.6637926838138378, 'gpp_d': 368.30088529547436, 'ign_k': 0.11101191524846071, 'ign_c': 14.367095138664217}.
[I 2026-08-05 23:14:41,276] Trial 254 finished with values: [10.439880268201184, 10.439880268201184] and parameters: {'k1': 0.00014281536924924868, 'D_low': 29.89885508829526, 'k2': 1.831616544393272e-05, 'D_high': 75773.14388518519, 'fire_exp': 1.1044852285094786, 'P_half': 10.226988730324324, 'pre_dampen_half': 36.876350096203005, 'gpp_af': 92.21975850381763, 'gpp_b': 0.011750724729953272, 'gpp_d': 4.5768578731086835, 'ign_k': 8.761971101023693, 'ign_c': 6.160975294741436}.
[I 2026-08-05 23:14:42,444] Trial 255 finished with values: [10.328312085597746, 10.328312085597746] and parameters: {'k1': 7.841214856323651e-05, 'D_low': 334.62201030483817, 'k2': 3.5917714215176105e-05, 'D_high': 75773.14388518519, 'fire_exp': 1.1670151053031461, 'P_half': 215.55950571043874, 'pre_dampen_half': 111.37963167994629, 'gpp_af': 11.234842109991876, 'gpp_b': 3.481277316673104e-05, 'gpp_d': 5.878566318396007, 'ign_k': 0.3818468247973969, 'ign_c': 10.140635645866492}.
[I 2026-08-05 23:14:43,680] Trial 256 finished with values: [10.374602292729852, 10.374602292729852] and parameters: {'k1': 0.00324789183891923, 'D_low': 4.051452710153359, 'k2': 0.031211489608802344, 'D_high': 10316.033434719713, 'fire_exp': 1.151006986743773, 'P_half': 2.157758652553991, 'pre_dampen_half': 76.86605275420082, 'gpp_af': 5.511863475708366, 'gpp_b': 0.00012797528816608022, 'gpp_d': 0.11136446029400991, 'ign_k': 0.4702627143647234, 'ign_c': 0.9294394155644988}.
[I 2026-08-05 23:14:44,894] Trial 257 finished with values: [10.673274466174599, 10.673274466174599] and parameters: {'k1': 0.002407354618388189, 'D_low': 1.4045842344024697, 'k2': 0.08894151386481904, 'D_high': 75773.14388518519, 'fire_exp': 1.1044852285094786, 'P_half': 26.466155867114797, 'pre_dampen_half': 347.79988160923324, 'gpp_af': 92.21975850381763, 'gpp_b': 0.20619371865867875, 'gpp_d': 0.30592049838223523, 'ign_k': 0.04563289369649656, 'ign_c': 0.9294394155644988}.
[I 2026-08-05 23:14:46,069] Trial 258 finished with values: [10.715181659758828, 10.715181659758828] and parameters: {'k1': 0.00324789183891923, 'D_low': 2.1234210963705626, 'k2': 0.0001870742013766025, 'D_high': 27.55546207779663, 'fire_exp': 1.1044852285094786, 'P_half': 215.55950571043874, 'pre_dampen_half': 7.6110013825922485, 'gpp_af': 11.234842109991876, 'gpp_b': 0.02502809770894037, 'gpp_d': 2.400225309964113, 'ign_k': 0.031134168041628628, 'ign_c': 0.773448215664679}.
[I 2026-08-05 23:14:47,196] Trial 259 finished with values: [10.553169936097573, 10.553169936097573] and parameters: {'k1': 0.03699867920489089, 'D_low': 2.1234210963705626, 'k2': 1.1184534120760473e-05, 'D_high': 8241.92526487646, 'fire_exp': 1.0881360604103363, 'P_half': 958.8659498594012, 'pre_dampen_half': 36.876350096203005, 'gpp_af': 0.47739011308437823, 'gpp_b': 0.03841303420847976, 'gpp_d': 857.4284557962634, 'ign_k': 0.8826264591983531, 'ign_c': 3.0378658251922155}.
[I 2026-08-05 23:14:48,402] Trial 260 finished with values: [10.736081284465264, 10.736081284465264] and parameters: {'k1': 2.0937989739527727e-05, 'D_low': 2.1234210963705626, 'k2': 2.5461628161276896e-05, 'D_high': 39.323386421481615, 'fire_exp': 1.010722707674549, 'P_half': 45.55085098454082, 'pre_dampen_half': 107.40052367919465, 'gpp_af': 5.511863475708366, 'gpp_b': 0.09594602618277148, 'gpp_d': 0.13223503889537183, 'ign_k': 0.34703605955441524, 'ign_c': 0.7724824966785973}.
[I 2026-08-05 23:14:49,610] Trial 261 finished with values: [10.7457612638272, 10.7457612638272] and parameters: {'k1': 0.02641449645424223, 'D_low': 2.1234210963705626, 'k2': 1.1184534120760473e-05, 'D_high': 48249.14281180252, 'fire_exp': 3.1018148805490564, 'P_half': 12.808863354047988, 'pre_dampen_half': 107.40052367919465, 'gpp_af': 5.511863475708366, 'gpp_b': 4.178096206039848, 'gpp_d': 223.60515435267138, 'ign_k': 0.11101191524846071, 'ign_c': 10.140635645866492}.
[I 2026-08-05 23:14:50,780] Trial 262 finished with values: [10.296298109010186, 10.296298109010186] and parameters: {'k1': 0.02641449645424223, 'D_low': 334.62201030483817, 'k2': 3.5917714215176105e-05, 'D_high': 48249.14281180252, 'fire_exp': 3.1018148805490564, 'P_half': 12.808863354047988, 'pre_dampen_half': 111.37963167994629, 'gpp_af': 11.234842109991876, 'gpp_b': 0.00012797528816608022, 'gpp_d': 223.60515435267138, 'ign_k': 0.34703605955441524, 'ign_c': 8.671454322584175}.
[I 2026-08-05 23:14:51,987] Trial 263 finished with values: [10.733345498433984, 10.733345498433984] and parameters: {'k1': 2.0937989739527727e-05, 'D_low': 29.89885508829526, 'k2': 0.0007081721844034209, 'D_high': 9769.756791866093, 'fire_exp': 1.182396148413737, 'P_half': 10.226988730324324, 'pre_dampen_half': 36.876350096203005, 'gpp_af': 0.0025511964576171086, 'gpp_b': 0.011750724729953272, 'gpp_d': 857.4284557962634, 'ign_k': 0.03141110271934876, 'ign_c': 6.160975294741436}.
[I 2026-08-05 23:14:53,164] Trial 264 finished with values: [10.70651615821028, 10.70651615821028] and parameters: {'k1': 0.002971796631657383, 'D_low': 29.89885508829526, 'k2': 0.0007081721844034209, 'D_high': 233.52156626184438, 'fire_exp': 1.182396148413737, 'P_half': 851.7034154701655, 'pre_dampen_half': 36.876350096203005, 'gpp_af': 0.0025511964576171086, 'gpp_b': 1.4427571100855582e-05, 'gpp_d': 0.1187686699420959, 'ign_k': 0.0026834162496848666, 'ign_c': 0.7724824966785973}.
[I 2026-08-05 23:14:54,333] Trial 265 finished with values: [10.731272484076346, 10.731272484076346] and parameters: {'k1': 3.252245757497282e-05, 'D_low': 1.4045842344024697, 'k2': 3.5917714215176105e-05, 'D_high': 8182.111518618414, 'fire_exp': 1.182396148413737, 'P_half': 24.136213194527585, 'pre_dampen_half': 0.01431909845816693, 'gpp_af': 0.04339970334001348, 'gpp_b': 3.481277316673104e-05, 'gpp_d': 5.878566318396007, 'ign_k': 0.04563289369649656, 'ign_c': 2.4287565087611744}.
[I 2026-08-05 23:14:55,530] Trial 266 finished with values: [10.318276731878242, 10.318276731878242] and parameters: {'k1': 0.002407354618388189, 'D_low': 4.051452710153359, 'k2': 0.031211489608802344, 'D_high': 26666.09148594752, 'fire_exp': 1.2680134752324452, 'P_half': 13.019246714361572, 'pre_dampen_half': 76.86605275420082, 'gpp_af': 5.511863475708366, 'gpp_b': 0.0003746142260732423, 'gpp_d': 0.11136446029400991, 'ign_k': 0.4702627143647234, 'ign_c': 0.9294394155644988}.
[I 2026-08-05 23:14:57,082] Trial 267 finished with values: [10.55942604448331, 10.55942604448331] and parameters: {'k1': 7.841214856323651e-05, 'D_low': 29.89885508829526, 'k2': 0.02065142557895925, 'D_high': 75773.14388518519, 'fire_exp': 1.1044852285094786, 'P_half': 10.226988730324324, 'pre_dampen_half': 36.876350096203005, 'gpp_af': 92.21975850381763, 'gpp_b': 0.011750724729953272, 'gpp_d': 4.5768578731086835, 'ign_k': 0.0026834162496848666, 'ign_c': 6.160975294741436}.
[I 2026-08-05 23:14:58,360] Trial 268 finished with values: [10.7218253371359, 10.7218253371359] and parameters: {'k1': 0.00324789183891923, 'D_low': 2.5379946629058443, 'k2': 0.031211489608802344, 'D_high': 48249.14281180252, 'fire_exp': 1.151006986743773, 'P_half': 10.753522341516506, 'pre_dampen_half': 107.40052367919465, 'gpp_af': 5.511863475708366, 'gpp_b': 0.03719354588132657, 'gpp_d': 0.04974854350453755, 'ign_k': 0.0016058436323100884, 'ign_c': 3.0378658251922155}.
[I 2026-08-05 23:14:59,541] Trial 269 finished with values: [-0.5256147947265123, 0.8508602362121389] and parameters: {'k1': 0.008956420301712053, 'D_low': 125.32726386250698, 'k2': 0.00011939136672856547, 'D_high': 9769.756791866093, 'fire_exp': 1.010722707674549, 'P_half': 8.968733598183245, 'pre_dampen_half': 107.40052367919465, 'gpp_af': 0.5107061330406066, 'gpp_b': 3.228689523591491e-05, 'gpp_d': 3.032712462969173, 'ign_k': 0.34703605955441524, 'ign_c': 12.37061744238074}.
