[I 2026-08-06 00:02:02,155] Trial 1275 finished with values: [11.383537097338957, 11.383537097338957] and parameters: {'k1': 0.016973078532467004, 'D_low': 158.82035726402376, 'k2': 3.706785664265659e-05, 'D_high': 85018.70149611714, 'fire_exp': 1.151006986743773, 'P_half': 12.808863354047988, 'pre_dampen_half': 917.1017259920797, 'gpp_af': 10.30900022204182, 'gpp_b': 0.005612047270186369, 'gpp_d': 4.5768578731086835, 'ign_k': 0.476373748459372, 'ign_c': 0.11433485956638717}.
[I 2026-08-06 00:02:03,246] Trial 1276 finished with values: [10.1262664117585, 10.1262664117585] and parameters: {'k1': 0.016973078532467004, 'D_low': 2.458603276328005, 'k2': 0.00038791280730284417, 'D_high': 85018.70149611714, 'fire_exp': 1.5201277403788451, 'P_half': 39.03214299767183, 'pre_dampen_half': 111.37963167994629, 'gpp_af': 11.234842109991876, 'gpp_b': 0.7987896438549947, 'gpp_d': 4.5768578731086835, 'ign_k': 5.9736167866478125, 'ign_c': 0.11433485956638717}.
[I 2026-08-06 00:02:04,396] Trial 1277 finished with values: [-0.5544791031998513, 0.052387620301088456] and parameters: {'k1': 0.016973078532467004, 'D_low': 2.458603276328005, 'k2': 0.0007081721844034209, 'D_high': 85018.70149611714, 'fire_exp': 1.5201277403788451, 'P_half': 39.03214299767183, 'pre_dampen_half': 703.6426675556048, 'gpp_af': 11.234842109991876, 'gpp_b': 0.7987896438549947, 'gpp_d': 34.37107943937136, 'ign_k': 1.786252932834922, 'ign_c': 14.810800730363484}.
[I 2026-08-06 00:02:06,004] Trial 1278 finished with values: [10.590994370908598, 10.590994370908598] and parameters: {'k1': 0.016973078532467004, 'D_low': 29.89885508829526, 'k2': 3.706785664265659e-05, 'D_high': 85018.70149611714, 'fire_exp': 3.0406670790494736, 'P_half': 12.808863354047988, 'pre_dampen_half': 703.6426675556048, 'gpp_af': 35.20481045526041, 'gpp_b': 0.7987896438549947, 'gpp_d': 4.5768578731086835, 'ign_k': 5.9736167866478125, 'ign_c': 0.34191636650729956}.
[I 2026-08-06 00:02:07,069] Trial 1279 finished with values: [-0.5742001058697649, 0.07482322680081721] and parameters: {'k1': 0.005643426708406567, 'D_low': 2.458603276328005, 'k2': 0.0007081721844034209, 'D_high': 6455.595882939566, 'fire_exp': 1.2039307685751104, 'P_half': 12.808863354047988, 'pre_dampen_half': 703.6426675556048, 'gpp_af': 35.20481045526041, 'gpp_b': 0.7987896438549947, 'gpp_d': 4.5768578731086835, 'ign_k': 5.9736167866478125, 'ign_c': 0.11433485956638717}.
[I 2026-08-06 00:02:08,062] Trial 1280 finished with values: [10.22820870828984, 10.22820870828984] and parameters: {'k1': 0.005643426708406567, 'D_low': 2.458603276328005, 'k2': 0.0007081721844034209, 'D_high': 85018.70149611714, 'fire_exp': 1.151006986743773, 'P_half': 39.03214299767183, 'pre_dampen_half': 43.62109214721796, 'gpp_af': 35.20481045526041, 'gpp_b': 0.7987896438549947, 'gpp_d': 4.5768578731086835, 'ign_k': 5.9736167866478125, 'ign_c': 0.11433485956638717}.
[I 2026-08-06 00:02:09,105] Trial 1281 finished with values: [10.129944114157668, 10.129944114157668] and parameters: {'k1': 0.0009679314683873938, 'D_low': 158.82035726402376, 'k2': 0.0007081721844034209, 'D_high': 85018.70149611714, 'fire_exp': 1.2943117749495199, 'P_half': 12.808863354047988, 'pre_dampen_half': 917.1017259920797, 'gpp_af': 35.20481045526041, 'gpp_b': 0.7987896438549947, 'gpp_d': 4.5768578731086835, 'ign_k': 0.055898841912785116, 'ign_c': 0.11433485956638717}.
[I 2026-08-06 00:02:10,116] Trial 1282 finished with values: [10.05818441752598, 10.05818441752598] and parameters: {'k1': 0.015602015889668856, 'D_low': 4.051452710153359, 'k2': 0.00038791280730284417, 'D_high': 85018.70149611714, 'fire_exp': 1.5201277403788451, 'P_half': 39.03214299767183, 'pre_dampen_half': 53.73093479067421, 'gpp_af': 4.4416173741744, 'gpp_b': 0.10123867001105968, 'gpp_d': 34.37107943937136, 'ign_k': 0.4702627143647234, 'ign_c': 6.160975294741436}.
[I 2026-08-06 00:02:11,127] Trial 1283 finished with values: [11.196013692752933, 11.196013692752933] and parameters: {'k1': 0.005643426708406567, 'D_low': 31.117676855667376, 'k2': 0.01153590300936118, 'D_high': 85018.70149611714, 'fire_exp': 1.151006986743773, 'P_half': 39.03214299767183, 'pre_dampen_half': 703.6426675556048, 'gpp_af': 35.20481045526041, 'gpp_b': 0.7987896438549947, 'gpp_d': 34.37107943937136, 'ign_k': 8.315365004960604, 'ign_c': 0.11433485956638717}.
[I 2026-08-06 00:02:12,186] Trial 1284 finished with values: [10.131486240645197, 10.131486240645197] and parameters: {'k1': 0.016594187721123744, 'D_low': 4.051452710153359, 'k2': 4.3214816246375446e-05, 'D_high': 85018.70149611714, 'fire_exp': 1.5292421264264235, 'P_half': 12.808863354047988, 'pre_dampen_half': 917.1017259920797, 'gpp_af': 11.234842109991876, 'gpp_b': 0.10123867001105968, 'gpp_d': 4.5768578731086835, 'ign_k': 5.9736167866478125, 'ign_c': 14.810800730363484}.
[I 2026-08-06 00:02:13,203] Trial 1285 finished with values: [10.01567184754028, 10.01567184754028] and parameters: {'k1': 0.007333200379637282, 'D_low': 29.89885508829526, 'k2': 0.0007081721844034209, 'D_high': 2759.9460825796928, 'fire_exp': 1.151006986743773, 'P_half': 3.4786948088723384, 'pre_dampen_half': 703.6426675556048, 'gpp_af': 35.20481045526041, 'gpp_b': 0.7987896438549947, 'gpp_d': 4.5768578731086835, 'ign_k': 0.4702627143647234, 'ign_c': 0.11433485956638717}.
[I 2026-08-06 00:02:14,198] Trial 1286 finished with values: [-0.5852951232340106, 0.06024053779768035] and parameters: {'k1': 0.007333200379637282, 'D_low': 31.117676855667376, 'k2': 0.0499774937030317, 'D_high': 85018.70149611714, 'fire_exp': 1.151006986743773, 'P_half': 39.03214299767183, 'pre_dampen_half': 703.6426675556048, 'gpp_af': 35.20481045526041, 'gpp_b': 0.10123867001105968, 'gpp_d': 34.37107943937136, 'ign_k': 0.4702627143647234, 'ign_c': 14.810800730363484}.
[I 2026-08-06 00:02:15,192] Trial 1287 finished with values: [10.006232510736693, 10.006232510736693] and parameters: {'k1': 0.005643426708406567, 'D_low': 2.458603276328005, 'k2': 0.011078632295006514, 'D_high': 85018.70149611714, 'fire_exp': 1.4456782093093066, 'P_half': 12.808863354047988, 'pre_dampen_half': 703.6426675556048, 'gpp_af': 35.20481045526041, 'gpp_b': 0.7987896438549947, 'gpp_d': 4.5768578731086835, 'ign_k': 5.9736167866478125, 'ign_c': 0.11433485956638717}.
[I 2026-08-06 00:02:16,201] Trial 1288 finished with values: [-0.5632301563397712, 0.13664361999141872] and parameters: {'k1': 0.016973078532467004, 'D_low': 29.89885508829526, 'k2': 0.0007081721844034209, 'D_high': 85018.70149611714, 'fire_exp': 1.151006986743773, 'P_half': 12.808863354047988, 'pre_dampen_half': 111.37963167994629, 'gpp_af': 5.713147414232527, 'gpp_b': 0.7987896438549947, 'gpp_d': 4.5768578731086835, 'ign_k': 0.4702627143647234, 'ign_c': 0.11433485956638717}.
[I 2026-08-06 00:02:17,245] Trial 1289 finished with values: [-0.5651819787046517, 0.06207725155682531] and parameters: {'k1': 0.004244442212210019, 'D_low': 31.117676855667376, 'k2': 0.034987345440353576, 'D_high': 85018.70149611714, 'fire_exp': 1.151006986743773, 'P_half': 12.808863354047988, 'pre_dampen_half': 111.37963167994629, 'gpp_af': 35.20481045526041, 'gpp_b': 0.7987896438549947, 'gpp_d': 4.5768578731086835, 'ign_k': 5.9736167866478125, 'ign_c': 0.11433485956638717}.
[I 2026-08-06 00:02:18,254] Trial 1290 finished with values: [-0.4931648603574798, 0.11009354534943883] and parameters: {'k1': 0.005643426708406567, 'D_low': 31.117676855667376, 'k2': 0.0007081721844034209, 'D_high': 85018.70149611714, 'fire_exp': 1.151006986743773, 'P_half': 39.03214299767183, 'pre_dampen_half': 703.6426675556048, 'gpp_af': 60.68384709875971, 'gpp_b': 0.7987896438549947, 'gpp_d': 4.5768578731086835, 'ign_k': 0.001887261434847181, 'ign_c': 0.11433485956638717}.
[I 2026-08-06 00:02:19,261] Trial 1291 finished with values: [11.406065967938762, 11.406065967938762] and parameters: {'k1': 0.005643426708406567, 'D_low': 174.83983085324363, 'k2': 0.0499774937030317, 'D_high': 85018.70149611714, 'fire_exp': 1.151006986743773, 'P_half': 12.808863354047988, 'pre_dampen_half': 703.6426675556048, 'gpp_af': 35.20481045526041, 'gpp_b': 2.199522084499044e-05, 'gpp_d': 4.5768578731086835, 'ign_k': 5.9736167866478125, 'ign_c': 1.6676205667297381}.
[I 2026-08-06 00:02:20,272] Trial 1292 finished with values: [11.714709796985211, 11.714709796985211] and parameters: {'k1': 0.005643426708406567, 'D_low': 31.117676855667376, 'k2': 3.706785664265659e-05, 'D_high': 85018.70149611714, 'fire_exp': 1.5201277403788451, 'P_half': 39.03214299767183, 'pre_dampen_half': 703.6426675556048, 'gpp_af': 11.234842109991876, 'gpp_b': 0.0004933128725844619, 'gpp_d': 34.37107943937136, 'ign_k': 0.01113839807167031, 'ign_c': 14.810800730363484}.
[I 2026-08-06 00:02:21,266] Trial 1293 finished with values: [10.119214795955013, 10.119214795955013] and parameters: {'k1': 0.005643426708406567, 'D_low': 174.83983085324363, 'k2': 9.725572961465083e-05, 'D_high': 85018.70149611714, 'fire_exp': 1.151006986743773, 'P_half': 12.808863354047988, 'pre_dampen_half': 111.37963167994629, 'gpp_af': 35.20481045526041, 'gpp_b': 0.7987896438549947, 'gpp_d': 4.5768578731086835, 'ign_k': 0.476373748459372, 'ign_c': 1.6676205667297381}.
[I 2026-08-06 00:02:22,279] Trial 1294 finished with values: [-0.5468632507045358, 0.09358388857798239] and parameters: {'k1': 0.015602015889668856, 'D_low': 158.82035726402376, 'k2': 0.00038791280730284417, 'D_high': 85018.70149611714, 'fire_exp': 1.151006986743773, 'P_half': 39.03214299767183, 'pre_dampen_half': 53.73093479067421, 'gpp_af': 11.234842109991876, 'gpp_b': 0.7987896438549947, 'gpp_d': 34.37107943937136, 'ign_k': 0.4702627143647234, 'ign_c': 6.160975294741436}.
[I 2026-08-06 00:02:23,243] Trial 1295 finished with values: [10.0028779882222, 10.0028779882222] and parameters: {'k1': 0.015602015889668856, 'D_low': 2.458603276328005, 'k2': 0.042171429440250686, 'D_high': 54669.374787660905, 'fire_exp': 1.151006986743773, 'P_half': 39.03214299767183, 'pre_dampen_half': 703.6426675556048, 'gpp_af': 35.20481045526041, 'gpp_b': 0.10123867001105968, 'gpp_d': 4.5768578731086835, 'ign_k': 0.4702627143647234, 'ign_c': 6.160975294741436}.
[I 2026-08-06 00:02:24,206] Trial 1296 finished with values: [-0.5828106095428934, 0.03678836417920728] and parameters: {'k1': 0.015602015889668856, 'D_low': 4.051452710153359, 'k2': 0.0007081721844034209, 'D_high': 85018.70149611714, 'fire_exp': 1.5201277403788451, 'P_half': 39.03214299767183, 'pre_dampen_half': 703.6426675556048, 'gpp_af': 35.20481045526041, 'gpp_b': 0.10123867001105968, 'gpp_d': 34.37107943937136, 'ign_k': 0.4702627143647234, 'ign_c': 14.810800730363484}.
[I 2026-08-06 00:02:25,187] Trial 1297 finished with values: [-0.5780479022456486, 0.07337606584825507] and parameters: {'k1': 0.005643426708406567, 'D_low': 57.22950094567826, 'k2': 0.0007081721844034209, 'D_high': 85018.70149611714, 'fire_exp': 1.151006986743773, 'P_half': 39.03214299767183, 'pre_dampen_half': 703.6426675556048, 'gpp_af': 35.20481045526041, 'gpp_b': 0.7987896438549947, 'gpp_d': 4.5768578731086835, 'ign_k': 0.476373748459372, 'ign_c': 0.11433485956638717}.
[I 2026-08-06 00:02:26,515] Trial 1298 finished with values: [-0.5973539138725785, 0.10057774942973541] and parameters: {'k1': 0.03232155805617897, 'D_low': 4.051452710153359, 'k2': 0.00038791280730284417, 'D_high': 54669.374787660905, 'fire_exp': 1.5201277403788451, 'P_half': 12.808863354047988, 'pre_dampen_half': 53.73093479067421, 'gpp_af': 35.20481045526041, 'gpp_b': 0.10123867001105968, 'gpp_d': 34.37107943937136, 'ign_k': 0.4702627143647234, 'ign_c': 6.160975294741436}.
[I 2026-08-06 00:02:28,168] Trial 1299 finished with values: [-0.5385022392855021, 0.045019593782349654] and parameters: {'k1': 0.03232155805617897, 'D_low': 4.051452710153359, 'k2': 0.0499774937030317, 'D_high': 85018.70149611714, 'fire_exp': 1.151006986743773, 'P_half': 12.808863354047988, 'pre_dampen_half': 703.6426675556048, 'gpp_af': 2.9865936975455876, 'gpp_b': 0.7987896438549947, 'gpp_d': 4.5768578731086835, 'ign_k': 5.9736167866478125, 'ign_c': 14.810800730363484}.
[I 2026-08-06 00:02:29,289] Trial 1300 finished with values: [-0.573574936285088, 0.07033691329307468] and parameters: {'k1': 0.016973078532467004, 'D_low': 4.051452710153359, 'k2': 0.0007081721844034209, 'D_high': 85018.70149611714, 'fire_exp': 1.2943117749495199, 'P_half': 39.03214299767183, 'pre_dampen_half': 703.6426675556048, 'gpp_af': 29.925002022877802, 'gpp_b': 0.7987896438549947, 'gpp_d': 4.5768578731086835, 'ign_k': 0.476373748459372, 'ign_c': 0.11433485956638717}.
[I 2026-08-06 00:02:30,477] Trial 1301 finished with values: [-0.5772081930735833, 0.07245738831705895] and parameters: {'k1': 0.016973078532467004, 'D_low': 4.051452710153359, 'k2': 0.0007081721844034209, 'D_high': 85018.70149611714, 'fire_exp': 1.2943117749495199, 'P_half': 12.808863354047988, 'pre_dampen_half': 703.6426675556048, 'gpp_af': 35.20481045526041, 'gpp_b': 0.7987896438549947, 'gpp_d': 4.5768578731086835, 'ign_k': 0.476373748459372, 'ign_c': 0.11433485956638717}.
[I 2026-08-06 00:02:31,555] Trial 1302 finished with values: [10.746683535478633, 10.746683535478633] and parameters: {'k1': 9.95829068749527e-05, 'D_low': 2.458603276328005, 'k2': 0.00016688483049782368, 'D_high': 85018.70149611714, 'fire_exp': 1.8704656029838527, 'P_half': 1090.418094655994, 'pre_dampen_half': 53.73093479067421, 'gpp_af': 35.20481045526041, 'gpp_b': 0.7987896438549947, 'gpp_d': 34.37107943937136, 'ign_k': 5.9736167866478125, 'ign_c': 6.160975294741436}.
[I 2026-08-06 00:02:32,599] Trial 1303 finished with values: [-0.5804265318732269, 0.13520326006340644] and parameters: {'k1': 0.0006294472924834207, 'D_low': 2.458603276328005, 'k2': 0.0499774937030317, 'D_high': 75773.14388518519, 'fire_exp': 1.151006986743773, 'P_half': 12.808863354047988, 'pre_dampen_half': 111.37963167994629, 'gpp_af': 35.20481045526041, 'gpp_b': 0.03841303420847976, 'gpp_d': 4.5768578731086835, 'ign_k': 5.9736167866478125, 'ign_c': 1.6676205667297381}.
[I 2026-08-06 00:02:33,907] Trial 1304 finished with values: [10.199586287160585, 10.199586287160585] and parameters: {'k1': 0.005643426708406567, 'D_low': 2.458603276328005, 'k2': 0.0007081721844034209, 'D_high': 85018.70149611714, 'fire_exp': 1.151006986743773, 'P_half': 12.808863354047988, 'pre_dampen_half': 703.6426675556048, 'gpp_af': 35.20481045526041, 'gpp_b': 0.7987896438549947, 'gpp_d': 10.409702860563906, 'ign_k': 0.5080094006294851, 'ign_c': 1.6676205667297381}.
[I 2026-08-06 00:02:35,019] Trial 1305 finished with values: [-0.5838487317357817, 0.08175679660682422] and parameters: {'k1': 0.005643426708406567, 'D_low': 174.83983085324363, 'k2': 0.0007081721844034209, 'D_high': 85018.70149611714, 'fire_exp': 1.2943117749495199, 'P_half': 12.808863354047988, 'pre_dampen_half': 703.6426675556048, 'gpp_af': 35.20481045526041, 'gpp_b': 0.7987896438549947, 'gpp_d': 10.409702860563906, 'ign_k': 0.5080094006294851, 'ign_c': 0.11433485956638717}.
[I 2026-08-06 00:02:36,069] Trial 1306 finished with values: [-0.5747460079331242, 0.04426491413699973] and parameters: {'k1': 0.005643426708406567, 'D_low': 31.117676855667376, 'k2': 3.706785664265659e-05, 'D_high': 85018.70149611714, 'fire_exp': 1.151006986743773, 'P_half': 12.808863354047988, 'pre_dampen_half': 917.1017259920797, 'gpp_af': 35.20481045526041, 'gpp_b': 0.10123867001105968, 'gpp_d': 34.37107943937136, 'ign_k': 5.9736167866478125, 'ign_c': 14.810800730363484}.
[I 2026-08-06 00:02:37,131] Trial 1307 finished with values: [10.750509168446209, 10.750509168446209] and parameters: {'k1': 0.016973078532467004, 'D_low': 31.117676855667376, 'k2': 0.01278916609981651, 'D_high': 18.258480425922784, 'fire_exp': 1.151006986743773, 'P_half': 12.808863354047988, 'pre_dampen_half': 111.37963167994629, 'gpp_af': 35.20481045526041, 'gpp_b': 0.7987896438549947, 'gpp_d': 4.5768578731086835, 'ign_k': 5.9736167866478125, 'ign_c': 8.918355390301986}.
[I 2026-08-06 00:02:38,257] Trial 1308 finished with values: [10.42522994483651, 10.42522994483651] and parameters: {'k1': 0.016973078532467004, 'D_low': 1.3628699025451325, 'k2': 0.0007081721844034209, 'D_high': 85018.70149611714, 'fire_exp': 1.151006986743773, 'P_half': 39.03214299767183, 'pre_dampen_half': 111.37963167994629, 'gpp_af': 11.234842109991876, 'gpp_b': 0.7987896438549947, 'gpp_d': 4.5768578731086835, 'ign_k': 5.9736167866478125, 'ign_c': 14.810800730363484}.
[I 2026-08-06 00:02:39,336] Trial 1309 finished with values: [10.29492554753882, 10.29492554753882] and parameters: {'k1': 0.005643426708406567, 'D_low': 1.7807904329970783, 'k2': 0.00038791280730284417, 'D_high': 85018.70149611714, 'fire_exp': 1.151006986743773, 'P_half': 39.03214299767183, 'pre_dampen_half': 703.6426675556048, 'gpp_af': 2.9865936975455876, 'gpp_b': 0.10123867001105968, 'gpp_d': 34.37107943937136, 'ign_k': 5.9736167866478125, 'ign_c': 14.810800730363484}.
[I 2026-08-06 00:02:40,398] Trial 1310 finished with values: [10.76829158241147, 10.76829158241147] and parameters: {'k1': 0.03232155805617897, 'D_low': 29.89885508829526, 'k2': 0.04224251951471084, 'D_high': 85018.70149611714, 'fire_exp': 1.151006986743773, 'P_half': 2.4106893837852787, 'pre_dampen_half': 0.04968517863427778, 'gpp_af': 35.20481045526041, 'gpp_b': 0.7987896438549947, 'gpp_d': 4.5768578731086835, 'ign_k': 5.9736167866478125, 'ign_c': 0.11433485956638717}.
[I 2026-08-06 00:02:41,479] Trial 1311 finished with values: [10.456580191033991, 10.456580191033991] and parameters: {'k1': 0.005643426708406567, 'D_low': 2.458603276328005, 'k2': 0.001347977766751687, 'D_high': 85018.70149611714, 'fire_exp': 1.5292421264264235, 'P_half': 12.808863354047988, 'pre_dampen_half': 111.37963167994629, 'gpp_af': 2.9865936975455876, 'gpp_b': 0.7987896438549947, 'gpp_d': 4.5768578731086835, 'ign_k': 5.9736167866478125, 'ign_c': 14.810800730363484}.
[I 2026-08-06 00:02:42,532] Trial 1312 finished with values: [10.701127993619034, 10.701127993619034] and parameters: {'k1': 0.016973078532467004, 'D_low': 2.458603276328005, 'k2': 0.034987345440353576, 'D_high': 440.94295721828615, 'fire_exp': 1.2943117749495199, 'P_half': 12.808863354047988, 'pre_dampen_half': 703.6426675556048, 'gpp_af': 35.20481045526041, 'gpp_b': 0.7987896438549947, 'gpp_d': 4.5768578731086835, 'ign_k': 5.9736167866478125, 'ign_c': 14.810800730363484}.
[I 2026-08-06 00:02:43,636] Trial 1313 finished with values: [10.271963014022605, 10.271963014022605] and parameters: {'k1': 0.015602015889668856, 'D_low': 31.117676855667376, 'k2': 1.702637694606324e-05, 'D_high': 85018.70149611714, 'fire_exp': 1.151006986743773, 'P_half': 12.808863354047988, 'pre_dampen_half': 703.6426675556048, 'gpp_af': 2.9865936975455876, 'gpp_b': 0.7987896438549947, 'gpp_d': 4.5768578731086835, 'ign_k': 5.9736167866478125, 'ign_c': 0.3253741042140523}.
[I 2026-08-06 00:02:44,714] Trial 1314 finished with values: [-0.5914191801426625, 0.08791974288250004] and parameters: {'k1': 0.015602015889668856, 'D_low': 29.89885508829526, 'k2': 0.0007081721844034209, 'D_high': 75773.14388518519, 'fire_exp': 1.5201277403788451, 'P_half': 39.03214299767183, 'pre_dampen_half': 36.876350096203005, 'gpp_af': 35.20481045526041, 'gpp_b': 0.10123867001105968, 'gpp_d': 34.37107943937136, 'ign_k': 0.4702627143647234, 'ign_c': 2.4511692798424947}.
[I 2026-08-06 00:02:45,759] Trial 1315 finished with values: [10.00134220669727, 10.00134220669727] and parameters: {'k1': 0.016973078532467004, 'D_low': 29.89885508829526, 'k2': 0.0499774937030317, 'D_high': 85018.70149611714, 'fire_exp': 1.5201277403788451, 'P_half': 12.808863354047988, 'pre_dampen_half': 53.73093479067421, 'gpp_af': 35.20481045526041, 'gpp_b': 0.7987896438549947, 'gpp_d': 34.37107943937136, 'ign_k': 0.4702627143647234, 'ign_c': 6.160975294741436}.
[I 2026-08-06 00:02:47,195] Trial 1316 finished with values: [-0.5833781509492819, 0.061913504568053] and parameters: {'k1': 0.005643426708406567, 'D_low': 4.051452710153359, 'k2': 0.0007081721844034209, 'D_high': 85018.70149611714, 'fire_exp': 1.151006986743773, 'P_half': 12.808863354047988, 'pre_dampen_half': 703.6426675556048, 'gpp_af': 35.20481045526041, 'gpp_b': 0.10123867001105968, 'gpp_d': 34.37107943937136, 'ign_k': 0.5080094006294851, 'ign_c': 14.810800730363484}.
[I 2026-08-06 00:02:48,224] Trial 1317 finished with values: [10.769111428665038, 10.769111428665038] and parameters: {'k1': 0.016973078532467004, 'D_low': 2.458603276328005, 'k2': 0.0019386039125504583, 'D_high': 85018.70149611714, 'fire_exp': 1.2943117749495199, 'P_half': 3974.965675011387, 'pre_dampen_half': 703.6426675556048, 'gpp_af': 0.0012856329182448095, 'gpp_b': 0.7987896438549947, 'gpp_d': 4.5768578731086835, 'ign_k': 0.476373748459372, 'ign_c': 2.592301536155855}.
[I 2026-08-06 00:02:49,271] Trial 1318 finished with values: [-0.5761246024402675, 0.045682103222395076] and parameters: {'k1': 0.03232155805617897, 'D_low': 312.92286563608616, 'k2': 0.0007081721844034209, 'D_high': 6455.595882939566, 'fire_exp': 1.5201277403788451, 'P_half': 39.03214299767183, 'pre_dampen_half': 111.37963167994629, 'gpp_af': 11.234842109991876, 'gpp_b': 0.09610325935041866, 'gpp_d': 4.5768578731086835, 'ign_k': 5.9736167866478125, 'ign_c': 0.11433485956638717}.
[I 2026-08-06 00:02:50,284] Trial 1319 finished with values: [10.300911049921094, 10.300911049921094] and parameters: {'k1': 0.015602015889668856, 'D_low': 2.458603276328005, 'k2': 0.0007081721844034209, 'D_high': 85018.70149611714, 'fire_exp': 1.151006986743773, 'P_half': 39.03214299767183, 'pre_dampen_half': 703.6426675556048, 'gpp_af': 65.61032228556527, 'gpp_b': 0.10123867001105968, 'gpp_d': 4.5768578731086835, 'ign_k': 5.9736167866478125, 'ign_c': 0.11433485956638717}.
