[I 2026-07-24 02:16:07,512] Trial 33 finished with value: 0.5863484890552392 and parameters: {'k1': 0.08421447713565175, 'D_low': 28.475413083885048, 'k2': 0.003715230548199863, 'D_high': 914208.8340743289, 'fire_exp': 8.122518379273382, 'P_half': 72.46635641263231, 'pre_dampen_half': 0.28583220100472845, 'gpp_af': 0.002332622811924061, 'gpp_b': 8.901947787272647e-05, 'gpp_d': 97.05461275534026, 'ign_k': 0.15926979451093914, 'ign_c': 0.16546506209885248, 'trop_agb_crit': 2.03377233701328, 'trop_k_veg': 0.6538413368423484, 'fuel_k': 1.1064590307305284, 'fuel_half': 1.0017030857035893}. Best is trial 0 with value: -0.6070628323553574.
[I 2026-07-24 02:16:07,915] Trial 34 finished with value: -0.5717636655221373 and parameters: {'k1': 0.0016456354390962898, 'D_low': 528.00874432507, 'k2': 0.0015249818840983034, 'D_high': 463390.42829996574, 'fire_exp': 2.6583147058185026, 'P_half': 1.7406575257704975, 'pre_dampen_half': 2.3887948456367183, 'gpp_af': 2.9721646817462197, 'gpp_b': 0.01719913843347796, 'gpp_d': 13.631202404574243, 'ign_k': 1.3817494563093717, 'ign_c': 4.732698986882348, 'trop_agb_crit': 5.721155692955603, 'trop_k_veg': 1.7436645262238977, 'fuel_k': 0.7219150061156038, 'fuel_half': 1.787079946763649}. Best is trial 0 with value: -0.6070628323553574.
[I 2026-07-24 02:16:08,320] Trial 35 finished with value: -0.4900615605127248 and parameters: {'k1': 0.0026310305669321227, 'D_low': 25705.61976282892, 'k2': 0.00448111375923044, 'D_high': 341246.8435574009, 'fire_exp': 1.6640017891729597, 'P_half': 2.68272115890428, 'pre_dampen_half': 9.362366128196122, 'gpp_af': 95.35022196374136, 'gpp_b': 0.017220738909787432, 'gpp_d': 21.918703688926282, 'ign_k': 1.3861487374895287, 'ign_c': 3.0812892620829415, 'trop_agb_crit': 10.953045845124198, 'trop_k_veg': 2.5876707462887976, 'fuel_k': 0.8551229175628703, 'fuel_half': 1.382640954496394}. Best is trial 0 with value: -0.6070628323553574.
[I 2026-07-24 02:16:08,727] Trial 36 finished with value: 0.5359952588393575 and parameters: {'k1': 0.0032092582665960824, 'D_low': 376.4819408592294, 'k2': 0.001069132741845529, 'D_high': 71684.17155366488, 'fire_exp': 2.109093316080692, 'P_half': 1.2203367897048454, 'pre_dampen_half': 11.755001709251843, 'gpp_af': 7.686042346288791, 'gpp_b': 0.007365055057200872, 'gpp_d': 1.082598612284512, 'ign_k': 6.486959925947379, 'ign_c': 6.182693887267598, 'trop_agb_crit': 5.263625400696345, 'trop_k_veg': 1.901756796048833, 'fuel_k': 1.2741708737313129, 'fuel_half': 0.6597263549312697}. Best is trial 0 with value: -0.6070628323553574.
[I 2026-07-24 02:16:09,139] Trial 37 finished with value: -0.4818570081040819 and parameters: {'k1': 0.032827654562183534, 'D_low': 75802.274064621, 'k2': 0.0008763529073890722, 'D_high': 1166268.115148972, 'fire_exp': 1.4985700155124397, 'P_half': 2.5976404938820035, 'pre_dampen_half': 51.59236801925164, 'gpp_af': 76.34630040804504, 'gpp_b': 0.0034560333561230562, 'gpp_d': 230.43425093898003, 'ign_k': 0.8151453850954006, 'ign_c': 1.2394448126220026, 'trop_agb_crit': 15.877928913164059, 'trop_k_veg': 3.3644098752898146, 'fuel_k': 1.52833383735454, 'fuel_half': 10.702211157256537}. Best is trial 0 with value: -0.6070628323553574.
[I 2026-07-24 02:16:09,541] Trial 38 finished with value: 0.5068392810574511 and parameters: {'k1': 0.0034491849503823662, 'D_low': 31599.523803999306, 'k2': 0.00022752045636281168, 'D_high': 2649716.9681537542, 'fire_exp': 1.144351181597767, 'P_half': 1.7198431764770037, 'pre_dampen_half': 0.6665302715110706, 'gpp_af': 58.461913432523815, 'gpp_b': 0.01545488232127897, 'gpp_d': 30.089205192294077, 'ign_k': 0.1219477055477437, 'ign_c': 0.9036333739835978, 'trop_agb_crit': 19.726572880570927, 'trop_k_veg': 1.9890846881962394, 'fuel_k': 2.0609123499829476, 'fuel_half': 1.7562833266470859}. Best is trial 0 with value: -0.6070628323553574.
[I 2026-07-24 02:16:09,943] Trial 39 finished with value: 0.6445374145881376 and parameters: {'k1': 0.0860582342077914, 'D_low': 805456.8133927099, 'k2': 0.001442131746677542, 'D_high': 403743.16389187856, 'fire_exp': 2.0586052503186365, 'P_half': 25.546669289703186, 'pre_dampen_half': 29.513792081529804, 'gpp_af': 27.501066483122187, 'gpp_b': 0.00013843145968780814, 'gpp_d': 51.646488770709595, 'ign_k': 2.5166256051952502, 'ign_c': 7.925212308281799, 'trop_agb_crit': 28.935504291661346, 'trop_k_veg': 5.829540742935203, 'fuel_k': 0.7317408895072512, 'fuel_half': 14.67890725226916}. Best is trial 0 with value: -0.6070628323553574.
[I 2026-07-24 02:16:10,345] Trial 40 finished with value: 0.5991507790869085 and parameters: {'k1': 0.003984697047124523, 'D_low': 20608.52063644082, 'k2': 0.058937330545535974, 'D_high': 36722.64669069861, 'fire_exp': 1.8384138284757672, 'P_half': 7.398188550665266, 'pre_dampen_half': 0.4240530177185538, 'gpp_af': 19.974681400973516, 'gpp_b': 0.3186414342051776, 'gpp_d': 51.90561654814871, 'ign_k': 1.853079719591239, 'ign_c': 11.008499009354034, 'trop_agb_crit': 5.626996543369667, 'trop_k_veg': 3.6865541664656067, 'fuel_k': 0.6130033640632347, 'fuel_half': 1.5579452229636477}. Best is trial 0 with value: -0.6070628323553574.
[I 2026-07-24 02:16:10,746] Trial 41 finished with value: 0.5602593701607862 and parameters: {'k1': 0.0006456240057705651, 'D_low': 740.244660857186, 'k2': 7.229107743876324e-05, 'D_high': 210483.37736942293, 'fire_exp': 3.040509800370954, 'P_half': 5.24275260767181, 'pre_dampen_half': 0.03313305032070598, 'gpp_af': 1.7078048518625348, 'gpp_b': 0.037791849081504215, 'gpp_d': 73.67512122943039, 'ign_k': 3.4176677664463257, 'ign_c': 7.293746627179507, 'trop_agb_crit': 1.1914928202352735, 'trop_k_veg': 1.791482988233427, 'fuel_k': 0.9024680820886741, 'fuel_half': 5.242891667237878}. Best is trial 0 with value: -0.6070628323553574.
[I 2026-07-24 02:16:11,157] Trial 42 finished with value: 0.6320858557712666 and parameters: {'k1': 0.09897847219258492, 'D_low': 57903.54916313744, 'k2': 0.0001660430902981324, 'D_high': 35323.243952305485, 'fire_exp': 1.068623107551715, 'P_half': 2.4688802042438027, 'pre_dampen_half': 18.740015858540303, 'gpp_af': 40.31526737604821, 'gpp_b': 0.0011462928769781877, 'gpp_d': 808.2036921364976, 'ign_k': 3.4607243399264433, 'ign_c': 1.5114782701977372, 'trop_agb_crit': 10.963055381798027, 'trop_k_veg': 2.040821180450452, 'fuel_k': 4.350432295503948, 'fuel_half': 64.58666446044955}. Best is trial 0 with value: -0.6070628323553574.
[I 2026-07-24 02:16:11,572] Trial 43 finished with value: 0.5181069332254061 and parameters: {'k1': 0.00059193441505565, 'D_low': 321.869892941899, 'k2': 0.01520960767160026, 'D_high': 2377987.9364418983, 'fire_exp': 1.9535039022094396, 'P_half': 19.897561286516666, 'pre_dampen_half': 324.63806008755853, 'gpp_af': 38.92752374764122, 'gpp_b': 0.0020500259611739868, 'gpp_d': 145.20269604346655, 'ign_k': 0.5644972646920484, 'ign_c': 4.145313998051606, 'trop_agb_crit': 10.34760740371303, 'trop_k_veg': 1.4834658169771469, 'fuel_k': 0.9341182545305343, 'fuel_half': 10.592519895819079}. Best is trial 0 with value: -0.6070628323553574.
[I 2026-07-24 02:16:11,982] Trial 44 finished with value: 0.5847903001875611 and parameters: {'k1': 0.024984146446900873, 'D_low': 194869.88094062434, 'k2': 0.006826709560196111, 'D_high': 4809133.982534719, 'fire_exp': 1.4747850406835945, 'P_half': 6.295538992371439, 'pre_dampen_half': 50.37161454935446, 'gpp_af': 59.35594792347493, 'gpp_b': 0.030112310173431363, 'gpp_d': 45.990118994041794, 'ign_k': 0.1479366588130687, 'ign_c': 0.5864677548923957, 'trop_agb_crit': 29.70716146243592, 'trop_k_veg': 2.731966725355542, 'fuel_k': 0.6011295940313435, 'fuel_half': 79.84915928040375}. Best is trial 0 with value: -0.6070628323553574.
[I 2026-07-24 02:16:12,386] Trial 45 finished with value: 0.5147576195582617 and parameters: {'k1': 0.00015611369538677866, 'D_low': 3.211698241419103, 'k2': 0.00045940047045753263, 'D_high': 92700.51743736771, 'fire_exp': 5.221222217548726, 'P_half': 385.8590458085745, 'pre_dampen_half': 14.781673346429478, 'gpp_af': 0.010824133067651715, 'gpp_b': 3.467662068816295e-05, 'gpp_d': 0.21113103777241868, 'ign_k': 0.2057988140124901, 'ign_c': 9.328016796888859, 'trop_agb_crit': 24.74341424790652, 'trop_k_veg': 0.8204698548705802, 'fuel_k': 5.947587842880545, 'fuel_half': 0.11670841438577217}. Best is trial 0 with value: -0.6070628323553574.
[I 2026-07-24 02:16:12,791] Trial 46 finished with value: -0.530454715537432 and parameters: {'k1': 0.008112347611850765, 'D_low': 14076.278975542344, 'k2': 0.0009849452281613534, 'D_high': 6786306.224252723, 'fire_exp': 3.3099378326741458, 'P_half': 4.626853638056743, 'pre_dampen_half': 1.1017376648923212, 'gpp_af': 53.86107864863414, 'gpp_b': 4.3134705189416705e-05, 'gpp_d': 289.6548158205041, 'ign_k': 9.985697731835229, 'ign_c': 0.25068316264217944, 'trop_agb_crit': 3.2856516623042666, 'trop_k_veg': 1.7533140475185165, 'fuel_k': 2.2545952301882073, 'fuel_half': 1.4606475244319332}. Best is trial 0 with value: -0.6070628323553574.
[I 2026-07-24 02:16:13,199] Trial 47 finished with value: 0.5623856015767317 and parameters: {'k1': 0.01469989526408681, 'D_low': 4204.46692371334, 'k2': 0.0024988176248081947, 'D_high': 133973.30448495533, 'fire_exp': 4.472375834916176, 'P_half': 7.216912818528436, 'pre_dampen_half': 0.4090090237778641, 'gpp_af': 88.44837210559534, 'gpp_b': 6.213450086237318e-05, 'gpp_d': 24.228654781644725, 'ign_k': 4.689853629158659, 'ign_c': 0.459269794930077, 'trop_agb_crit': 5.361789552770801, 'trop_k_veg': 2.7468698809327634, 'fuel_k': 4.742787977818235, 'fuel_half': 2.2007809752316794}. Best is trial 0 with value: -0.6070628323553574.
[I 2026-07-24 02:16:13,599] Trial 48 finished with value: 0.6095488076709651 and parameters: {'k1': 0.0010430948904896987, 'D_low': 233918.6856703413, 'k2': 0.001353810629190052, 'D_high': 7037245.757894001, 'fire_exp': 4.054290829814436, 'P_half': 8.259024197363566, 'pre_dampen_half': 5.524550018552236, 'gpp_af': 8.81106779422269, 'gpp_b': 1.1635265060310224e-05, 'gpp_d': 323.3854254575409, 'ign_k': 4.597072828574664, 'ign_c': 1.8024906030660983, 'trop_agb_crit': 1.2581947191800331, 'trop_k_veg': 1.542929757589562, 'fuel_k': 0.8370940818770352, 'fuel_half': 1.3440758505723442}. Best is trial 0 with value: -0.6070628323553574.
[I 2026-07-24 02:16:14,002] Trial 49 finished with value: 0.5338612389373785 and parameters: {'k1': 0.05554244372040122, 'D_low': 15911.960588472602, 'k2': 0.00017464972396506935, 'D_high': 2215242.931183374, 'fire_exp': 2.3456546389028454, 'P_half': 10.26618320696819, 'pre_dampen_half': 0.04368493612830475, 'gpp_af': 23.962698573297853, 'gpp_b': 6.695297333468151e-05, 'gpp_d': 31.489489663719752, 'ign_k': 2.7652112662094233, 'ign_c': 0.2231142139045291, 'trop_agb_crit': 1.9391801205728028, 'trop_k_veg': 1.5190861209316568, 'fuel_k': 0.4857216448857424, 'fuel_half': 1.9621866537603285}. Best is trial 0 with value: -0.6070628323553574.
[I 2026-07-24 02:16:14,411] Trial 50 finished with value: 0.5155188051397459 and parameters: {'k1': 0.018328830415943475, 'D_low': 733.187465534599, 'k2': 3.9866255529840696e-05, 'D_high': 4021024.594877057, 'fire_exp': 1.3752213936143136, 'P_half': 2.7923323318710422, 'pre_dampen_half': 72.78651232814848, 'gpp_af': 29.283494643470437, 'gpp_b': 0.019640118008955595, 'gpp_d': 770.2993920648885, 'ign_k': 1.4724300009179452, 'ign_c': 0.15987895561979726, 'trop_agb_crit': 17.55029270171473, 'trop_k_veg': 3.7927850017964673, 'fuel_k': 0.17858149436697232, 'fuel_half': 4.2806520377615085}. Best is trial 0 with value: -0.6070628323553574.
[I 2026-07-24 02:16:14,813] Trial 51 finished with value: 0.5821315664139008 and parameters: {'k1': 0.0011552407584491738, 'D_low': 34227.84345913488, 'k2': 0.0006867870955622893, 'D_high': 4146915.9803123637, 'fire_exp': 2.6066391017974544, 'P_half': 1.2783011352862306, 'pre_dampen_half': 3.4507325036089034, 'gpp_af': 91.37767780778138, 'gpp_b': 0.133357873554558, 'gpp_d': 562.6563531102001, 'ign_k': 2.0952369247573515, 'ign_c': 28.10468397925118, 'trop_agb_crit': 6.76443096994645, 'trop_k_veg': 2.6570752775868742, 'fuel_k': 2.0575087894031983, 'fuel_half': 0.17839934266770893}. Best is trial 0 with value: -0.6070628323553574.
[I 2026-07-24 02:16:15,212] Trial 52 finished with value: 0.6323709984818482 and parameters: {'k1': 0.09840600004878489, 'D_low': 150481.33743466937, 'k2': 0.000986822448120921, 'D_high': 8200684.587483214, 'fire_exp': 3.151580571213581, 'P_half': 3.3251722064344684, 'pre_dampen_half': 5.003738568335823, 'gpp_af': 29.905918253596703, 'gpp_b': 1.1161825912616592, 'gpp_d': 210.92833655483693, 'ign_k': 0.6774447168082987, 'ign_c': 1.4350466592368525, 'trop_agb_crit': 6.191596115172274, 'trop_k_veg': 5.877519716632326, 'fuel_k': 0.5807186061392695, 'fuel_half': 7.08410810680464}. Best is trial 0 with value: -0.6070628323553574.
[I 2026-07-24 02:16:15,612] Trial 53 finished with value: 0.5751485047090397 and parameters: {'k1': 0.01729290513965778, 'D_low': 4641.072451944769, 'k2': 0.002118975683700243, 'D_high': 2637903.218193097, 'fire_exp': 1.6727375792150248, 'P_half': 5.941403405523868, 'pre_dampen_half': 204.2037120127121, 'gpp_af': 24.633807783608646, 'gpp_b': 0.0026225130156116603, 'gpp_d': 428.5364763913821, 'ign_k': 0.2603857172901343, 'ign_c': 0.5992829301648367, 'trop_agb_crit': 26.137362211119267, 'trop_k_veg': 5.313814734972201, 'fuel_k': 2.643141241565529, 'fuel_half': 2.4616952319298857}. Best is trial 0 with value: -0.6070628323553574.
[I 2026-07-24 02:16:16,014] Trial 54 finished with value: 0.47867001287619837 and parameters: {'k1': 8.338826160162744e-05, 'D_low': 1.9638778377376347, 'k2': 0.002632523544526739, 'D_high': 463052.1314383899, 'fire_exp': 5.941822866510797, 'P_half': 18.182486513779473, 'pre_dampen_half': 540.3073563609767, 'gpp_af': 0.06373709669171226, 'gpp_b': 2.234277302433881e-05, 'gpp_d': 3.5243239088777507, 'ign_k': 0.44713498551370023, 'ign_c': 24.11980107827284, 'trop_agb_crit': 19.20215818470063, 'trop_k_veg': 1.2974137761649482, 'fuel_k': 2.8454109729032178, 'fuel_half': 0.394508711359895}. Best is trial 0 with value: -0.6070628323553574.
[I 2026-07-24 02:16:16,420] Trial 55 finished with value: 0.5140564843643888 and parameters: {'k1': 0.021690235384076682, 'D_low': 25576.525900320852, 'k2': 0.0004762553025350564, 'D_high': 896786.7530860625, 'fire_exp': 1.5447579427193623, 'P_half': 4.10288117957615, 'pre_dampen_half': 208.6839209955989, 'gpp_af': 38.749607025320806, 'gpp_b': 0.0037226588359000803, 'gpp_d': 394.81187722032126, 'ign_k': 2.5191577623461994, 'ign_c': 13.038379613308003, 'trop_agb_crit': 10.126168383012201, 'trop_k_veg': 2.3184551638229696, 'fuel_k': 0.804322279731903, 'fuel_half': 2.2956761149203753}. Best is trial 0 with value: -0.6070628323553574.
[I 2026-07-24 02:16:16,826] Trial 56 finished with value: 0.6156759757245845 and parameters: {'k1': 0.00032337077088220867, 'D_low': 10986.557324836005, 'k2': 0.0008162066871248309, 'D_high': 7386.658619364311, 'fire_exp': 2.2066919279828308, 'P_half': 6.38603183421579, 'pre_dampen_half': 14.969498920117788, 'gpp_af': 60.49933187526831, 'gpp_b': 0.1704072396774281, 'gpp_d': 15.07169413445784, 'ign_k': 6.912041906718251, 'ign_c': 0.10677685412720304, 'trop_agb_crit': 22.354671257028933, 'trop_k_veg': 2.4300857838787926, 'fuel_k': 1.4541051063947261, 'fuel_half': 0.6225133179631959}. Best is trial 0 with value: -0.6070628323553574.
[I 2026-07-24 02:16:17,223] Trial 57 finished with value: 0.5015798749562212 and parameters: {'k1': 3.978179747434416e-05, 'D_low': 46.18425993312921, 'k2': 9.961010151883714e-05, 'D_high': 2263361.128333319, 'fire_exp': 8.06124443275843, 'P_half': 40.67075002069101, 'pre_dampen_half': 108.5222973609047, 'gpp_af': 0.03909701778919022, 'gpp_b': 8.749584953690397e-05, 'gpp_d': 67.52381319606202, 'ign_k': 0.7276940355956711, 'ign_c': 1.3280585379162315, 'trop_agb_crit': 21.549235162822942, 'trop_k_veg': 1.3026419277489647, 'fuel_k': 1.915038061062902, 'fuel_half': 1.7743752124509382}. Best is trial 0 with value: -0.6070628323553574.
[I 2026-07-24 02:16:17,626] Trial 58 finished with value: 0.4293788274808168 and parameters: {'k1': 0.004078267585459031, 'D_low': 784.5091687822717, 'k2': 0.0001238212714262709, 'D_high': 869630.7397822253, 'fire_exp': 3.316818579033607, 'P_half': 1.4342313874028707, 'pre_dampen_half': 1.8594766696576779, 'gpp_af': 20.246396785617513, 'gpp_b': 0.0001994034708902359, 'gpp_d': 391.4465269863001, 'ign_k': 3.469557122532728, 'ign_c': 0.8827793811532605, 'trop_agb_crit': 3.1767050489697466, 'trop_k_veg': 3.0938824518718095, 'fuel_k': 1.4321166833482204, 'fuel_half': 1.770247082702618}. Best is trial 0 with value: -0.6070628323553574.
[I 2026-07-24 02:16:18,031] Trial 59 finished with value: -0.555901529247416 and parameters: {'k1': 0.030893692690892375, 'D_low': 492.37057502574083, 'k2': 0.00032975300290790256, 'D_high': 29188.520635051937, 'fire_exp': 1.6942408589691518, 'P_half': 2.843000404563966, 'pre_dampen_half': 0.5660187079895853, 'gpp_af': 1.636493563563628, 'gpp_b': 2.6248885153026732e-05, 'gpp_d': 597.2078553157647, 'ign_k': 1.0628109730033573, 'ign_c': 0.39568345116011694, 'trop_agb_crit': 5.008963850579594, 'trop_k_veg': 1.3107946982043093, 'fuel_k': 3.6260223401664775, 'fuel_half': 0.5974405556667262}. Best is trial 0 with value: -0.6070628323553574.
[I 2026-07-24 02:16:18,434] Trial 60 finished with value: -0.5556209340575026 and parameters: {'k1': 0.027746717333550247, 'D_low': 349.1954954645389, 'k2': 9.207711837486057e-05, 'D_high': 56622.335157453475, 'fire_exp': 1.3105453294042608, 'P_half': 4.793888608861596, 'pre_dampen_half': 0.10265552149809595, 'gpp_af': 4.942630963354374, 'gpp_b': 0.00021700484624103005, 'gpp_d': 849.0232169121075, 'ign_k': 0.16875029938276598, 'ign_c': 1.0480703608670667, 'trop_agb_crit': 2.3150037089285957, 'trop_k_veg': 1.9675470943180786, 'fuel_k': 3.7907819014728195, 'fuel_half': 0.8638192897075581}. Best is trial 0 with value: -0.6070628323553574.
[I 2026-07-24 02:16:18,845] Trial 61 finished with value: 0.5491320314736698 and parameters: {'k1': 0.001625516721116872, 'D_low': 290.9317276953442, 'k2': 3.921926419943134e-05, 'D_high': 193179.5950350237, 'fire_exp': 2.6298411103134316, 'P_half': 11.143942970592297, 'pre_dampen_half': 0.3655118969108671, 'gpp_af': 37.029609330465654, 'gpp_b': 0.00027583564392058747, 'gpp_d': 602.096103207706, 'ign_k': 0.014874379939668484, 'ign_c': 0.12472464435852537, 'trop_agb_crit': 2.8048771867363036, 'trop_k_veg': 2.127208786412553, 'fuel_k': 2.921947978964212, 'fuel_half': 0.47138550780034755}. Best is trial 0 with value: -0.6070628323553574.
[I 2026-07-24 02:16:19,251] Trial 62 finished with value: 0.48705486147050114 and parameters: {'k1': 0.005491230073290867, 'D_low': 980.0483856026314, 'k2': 0.0008453293925474992, 'D_high': 30381.542886282623, 'fire_exp': 1.6348222694359542, 'P_half': 1.521634880693324, 'pre_dampen_half': 0.09481405115013809, 'gpp_af': 0.10223641447935554, 'gpp_b': 3.477455411959768e-05, 'gpp_d': 684.840995996054, 'ign_k': 0.20642356302899026, 'ign_c': 0.7328324107896013, 'trop_agb_crit': 6.413351235938926, 'trop_k_veg': 0.5526065193374523, 'fuel_k': 2.968552029117861, 'fuel_half': 0.3245885932590163}. Best is trial 0 with value: -0.6070628323553574.
[I 2026-07-24 02:16:19,655] Trial 63 finished with value: 0.5074712903593527 and parameters: {'k1': 0.04184824604058885, 'D_low': 45.08461384509178, 'k2': 0.000252454519894585, 'D_high': 46319.81116102346, 'fire_exp': 1.3842617813847242, 'P_half': 5.804788542013988, 'pre_dampen_half': 0.2219295485822259, 'gpp_af': 6.859064413101054, 'gpp_b': 0.00016527782680804556, 'gpp_d': 241.90312679907836, 'ign_k': 0.2389611711523494, 'ign_c': 2.3152400786880145, 'trop_agb_crit': 3.0658951600873965, 'trop_k_veg': 0.8930800446469338, 'fuel_k': 3.1583103613949177, 'fuel_half': 29.30297623406701}. Best is trial 0 with value: -0.6070628323553574.
[I 2026-07-24 02:16:20,059] Trial 64 finished with value: 0.4689589147993085 and parameters: {'k1': 0.013722634055225964, 'D_low': 312.7819991518961, 'k2': 0.00026531470333483975, 'D_high': 862093.0254368103, 'fire_exp': 1.8039401524586933, 'P_half': 31.657993177357667, 'pre_dampen_half': 0.4899213732923471, 'gpp_af': 0.1627135356489157, 'gpp_b': 0.0010343494775994111, 'gpp_d': 620.5854428475997, 'ign_k': 8.046308553652304, 'ign_c': 2.4024805620596608, 'trop_agb_crit': 3.648228520043739, 'trop_k_veg': 1.3332183062500287, 'fuel_k': 5.105698224424703, 'fuel_half': 0.2701384538473915}. Best is trial 0 with value: -0.6070628323553574.
[I 2026-07-24 02:16:20,459] Trial 65 finished with value: -0.5592572392879485 and parameters: {'k1': 0.02979229898858525, 'D_low': 66.79323051683716, 'k2': 1.0640270706952819e-05, 'D_high': 164347.632414949, 'fire_exp': 1.336481412433579, 'P_half': 12.625230660067434, 'pre_dampen_half': 0.6562118103281079, 'gpp_af': 1.0018044772930637, 'gpp_b': 0.031290597319402605, 'gpp_d': 920.0579181304142, 'ign_k': 0.01891114193600416, 'ign_c': 3.5629465542743404, 'trop_agb_crit': 2.3563560851222842, 'trop_k_veg': 2.4328744993601856, 'fuel_k': 3.5199183644968732, 'fuel_half': 0.46330536488151186}. Best is trial 0 with value: -0.6070628323553574.
[I 2026-07-24 02:16:20,862] Trial 66 finished with value: -0.5465926249790397 and parameters: {'k1': 0.0185541830510043, 'D_low': 9809.04876018583, 'k2': 4.162808959265143e-05, 'D_high': 354998.0455089627, 'fire_exp': 1.0451460118613134, 'P_half': 7.170453966554927, 'pre_dampen_half': 2.3936996617321946, 'gpp_af': 4.921815103344969, 'gpp_b': 0.03395348004825545, 'gpp_d': 303.4741095255886, 'ign_k': 0.0037902589202579865, 'ign_c': 9.72150517289134, 'trop_agb_crit': 1.4319350282262422, 'trop_k_veg': 4.5665061474835005, 'fuel_k': 1.297837717870823, 'fuel_half': 0.41824089273073106}. Best is trial 0 with value: -0.6070628323553574.
