[I 2026-06-10 22:42:42,180] Trial 820 finished with values: [10.174362704175282, 10.174362704175282] and parameters: {'k1': 0.006079905434073396, 'D_low': 1.4002277211577039, 'k2': 4.933751600448335e-05, 'D_high': 949.9072859745386, 'fire_exp': 1.3807440352456883, 'P_half': 882.2833027501578, 'pre_dampen_half': 20.84599542460349, 'gpp_af': 0.41874665092828456, 'gpp_b': 8.168628001294799e-05, 'gpp_d': 47.35384181058586, 'ign_k': 1.6270983114897255, 'ign_c': 16.497426799845446, 'trop_agb_crit': 1.23202873794675, 'trop_k_veg': 4.796046723963646, 'fire_amp': 4.19233232783727}.
[I 2026-06-10 22:42:43,540] Trial 821 finished with values: [10.423370088178913, 10.423370088178913] and parameters: {'k1': 0.006079905434073396, 'D_low': 12.105387404469584, 'k2': 4.933751600448335e-05, 'D_high': 13275.361137191961, 'fire_exp': 1.2732983562135975, 'P_half': 882.2833027501578, 'pre_dampen_half': 20.84599542460349, 'gpp_af': 1.3954498518315706, 'gpp_b': 1.4540386644083135e-05, 'gpp_d': 12.151631524283598, 'ign_k': 1.636529060071807, 'ign_c': 0.7619822175388142, 'trop_agb_crit': 1.0189592979395135, 'trop_k_veg': 4.796046723963646, 'fire_amp': 4.19233232783727}.
[I 2026-06-10 22:42:44,854] Trial 822 finished with values: [10.46142874368633, 10.46142874368633] and parameters: {'k1': 0.006079905434073396, 'D_low': 43.2326421037033, 'k2': 0.0010726091927327822, 'D_high': 18701.140647651915, 'fire_exp': 1.111738490499784, 'P_half': 1265.0580856641704, 'pre_dampen_half': 903.3231300044874, 'gpp_af': 0.09885838682552685, 'gpp_b': 0.00012118589392553798, 'gpp_d': 0.4316838564848064, 'ign_k': 1.6270983114897255, 'ign_c': 16.497426799845446, 'trop_agb_crit': 1.0189592979395135, 'trop_k_veg': 0.6108091740265464, 'fire_amp': 2.042193818779288}.
[I 2026-06-10 22:42:46,306] Trial 823 finished with values: [-0.5709553271801546, 0.2623608726305928] and parameters: {'k1': 0.006079905434073396, 'D_low': 1.4002277211577039, 'k2': 0.0007731571570012607, 'D_high': 949.9072859745386, 'fire_exp': 1.1633452995374232, 'P_half': 157.3644610977214, 'pre_dampen_half': 189.36639872354493, 'gpp_af': 37.28155624293858, 'gpp_b': 0.004411400434514031, 'gpp_d': 7.631016235941559, 'ign_k': 1.6270983114897255, 'ign_c': 7.832259769732471, 'trop_agb_crit': 1.8566494291193822, 'trop_k_veg': 6.825463866194253, 'fire_amp': 2.6192385880432525}.
[I 2026-06-10 22:42:47,845] Trial 824 finished with values: [11.44079002992567, 11.44079002992567] and parameters: {'k1': 0.0869690639641868, 'D_low': 69.05604395130307, 'k2': 0.003767022142229395, 'D_high': 1266.9536563782303, 'fire_exp': 1.1633452995374232, 'P_half': 1.7086581483996572, 'pre_dampen_half': 189.36639872354493, 'gpp_af': 37.28155624293858, 'gpp_b': 2.176805640408474e-05, 'gpp_d': 7.631016235941559, 'ign_k': 0.17320535908244444, 'ign_c': 23.422386257929038, 'trop_agb_crit': 1.0693376406863295, 'trop_k_veg': 4.0068236274914755, 'fire_amp': 5.831305332032283}.
[I 2026-06-10 22:42:49,235] Trial 825 finished with values: [11.379594562333548, 11.379594562333548] and parameters: {'k1': 0.0869690639641868, 'D_low': 146.24004590125713, 'k2': 4.933751600448335e-05, 'D_high': 48235.58283024493, 'fire_exp': 1.0601964743503993, 'P_half': 1265.0580856641704, 'pre_dampen_half': 9.044346216330972, 'gpp_af': 0.41874665092828456, 'gpp_b': 1.4540386644083135e-05, 'gpp_d': 0.4742269251269962, 'ign_k': 0.8945150807271531, 'ign_c': 0.6235377135673155, 'trop_agb_crit': 1.0693376406863295, 'trop_k_veg': 5.636143940068465, 'fire_amp': 5.831305332032283}.
[I 2026-06-10 22:42:50,561] Trial 826 finished with values: [12.118665593943073, 12.118665593943073] and parameters: {'k1': 0.0009255037589041178, 'D_low': 43.2326421037033, 'k2': 0.00024195799118138832, 'D_high': 949.9072859745386, 'fire_exp': 1.3807440352456883, 'P_half': 4.213183643253957, 'pre_dampen_half': 123.04779330083686, 'gpp_af': 1.3954498518315706, 'gpp_b': 0.00047819318414852577, 'gpp_d': 942.6090081952854, 'ign_k': 1.6270983114897255, 'ign_c': 16.497426799845446, 'trop_agb_crit': 8.188098178380693, 'trop_k_veg': 1.6003641872536711, 'fire_amp': 5.831305332032283}.
[I 2026-06-10 22:42:52,003] Trial 827 finished with values: [16.624260665328315, 16.624260665328315] and parameters: {'k1': 0.0032360993995751053, 'D_low': 146.24004590125713, 'k2': 1.702637694606324e-05, 'D_high': 35.136541394511, 'fire_exp': 1.2732983562135975, 'P_half': 157.3644610977214, 'pre_dampen_half': 189.36639872354493, 'gpp_af': 2.9865936975455876, 'gpp_b': 1.4540386644083135e-05, 'gpp_d': 46.010874324515754, 'ign_k': 0.8945150807271531, 'ign_c': 0.7619822175388142, 'trop_agb_crit': 28.38004294664272, 'trop_k_veg': 0.6488368931910606, 'fire_amp': 5.831305332032283}.
[I 2026-06-10 22:42:53,663] Trial 828 finished with values: [10.738255222971182, 10.738255222971182] and parameters: {'k1': 0.05466937478766084, 'D_low': 6010.742028864748, 'k2': 4.933751600448335e-05, 'D_high': 48235.58283024493, 'fire_exp': 1.2732983562135975, 'P_half': 118.94665366442581, 'pre_dampen_half': 857.3351203969089, 'gpp_af': 2.5184956910855436, 'gpp_b': 0.00012118589392553798, 'gpp_d': 0.1570003140297517, 'ign_k': 7.252283715822169, 'ign_c': 0.6235377135673155, 'trop_agb_crit': 1.6222566606523396, 'trop_k_veg': 0.6618107836658104, 'fire_amp': 2.042193818779288}.
[I 2026-06-10 22:42:55,305] Trial 829 finished with values: [-0.5863134453162749, 0.0943557211528816] and parameters: {'k1': 0.0032360993995751053, 'D_low': 146.24004590125713, 'k2': 0.0012030178871154666, 'D_high': 35.136541394511, 'fire_exp': 1.0601964743503993, 'P_half': 1265.0580856641704, 'pre_dampen_half': 189.36639872354493, 'gpp_af': 0.41874665092828456, 'gpp_b': 5.349456206882108e-05, 'gpp_d': 46.010874324515754, 'ign_k': 0.8945150807271531, 'ign_c': 0.4177928311636542, 'trop_agb_crit': 2.8052667649738585, 'trop_k_veg': 4.796046723963646, 'fire_amp': 5.831305332032283}.
[I 2026-06-10 22:42:56,890] Trial 830 finished with values: [-0.5398213625665934, 0.16073683516550985] and parameters: {'k1': 0.006079905434073396, 'D_low': 146.24004590125713, 'k2': 0.0007731571570012607, 'D_high': 4567.167062335235, 'fire_exp': 1.0601964743503993, 'P_half': 157.3644610977214, 'pre_dampen_half': 958.6709783968975, 'gpp_af': 0.09885838682552685, 'gpp_b': 0.00047819318414852577, 'gpp_d': 0.03200582711952312, 'ign_k': 0.037151317999473285, 'ign_c': 0.6235377135673155, 'trop_agb_crit': 1.8566494291193822, 'trop_k_veg': 1.6003641872536711, 'fire_amp': 1.2393473789150806}.
[I 2026-06-10 22:42:58,372] Trial 831 finished with values: [10.41857185157059, 10.41857185157059] and parameters: {'k1': 0.00587009820297804, 'D_low': 12.105387404469584, 'k2': 0.003767022142229395, 'D_high': 17.74872630983488, 'fire_exp': 1.0601964743503993, 'P_half': 5.4712187293420325, 'pre_dampen_half': 189.36639872354493, 'gpp_af': 0.07118041471054574, 'gpp_b': 0.004411400434514031, 'gpp_d': 0.12878367369717508, 'ign_k': 0.00840038491455979, 'ign_c': 7.832259769732471, 'trop_agb_crit': 1.8566494291193822, 'trop_k_veg': 0.6673124511410327, 'fire_amp': 4.19233232783727}.
[I 2026-06-10 22:42:59,923] Trial 832 finished with values: [13.658987056419399, 13.658987056419399] and parameters: {'k1': 0.006079905434073396, 'D_low': 50.32059347286801, 'k2': 0.0010726091927327822, 'D_high': 18701.140647651915, 'fire_exp': 1.9136159174067866, 'P_half': 109.0657807452408, 'pre_dampen_half': 269.0845367054866, 'gpp_af': 0.09885838682552685, 'gpp_b': 0.00047819318414852577, 'gpp_d': 594.7389794988394, 'ign_k': 1.6270983114897255, 'ign_c': 1.3431925993528124, 'trop_agb_crit': 1.0189592979395135, 'trop_k_veg': 5.022956259243681, 'fire_amp': 2.6192385880432525}.
[I 2026-06-10 22:43:01,407] Trial 833 finished with values: [10.362843017460573, 10.362843017460573] and parameters: {'k1': 0.006079905434073396, 'D_low': 146.24004590125713, 'k2': 0.00025923015361558547, 'D_high': 48235.58283024493, 'fire_exp': 1.2732983562135975, 'P_half': 1265.0580856641704, 'pre_dampen_half': 37.40930273158252, 'gpp_af': 96.26851425803589, 'gpp_b': 0.0002637687576667052, 'gpp_d': 0.4742269251269962, 'ign_k': 1.6270983114897255, 'ign_c': 16.497426799845446, 'trop_agb_crit': 1.0189592979395135, 'trop_k_veg': 4.776259022974975, 'fire_amp': 2.6192385880432525}.
[I 2026-06-10 22:43:03,523] Trial 834 finished with values: [10.620136265121378, 10.620136265121378] and parameters: {'k1': 0.006079905434073396, 'D_low': 288.98663158858795, 'k2': 0.00024195799118138832, 'D_high': 431.45617043093523, 'fire_exp': 1.0601964743503993, 'P_half': 4.213183643253957, 'pre_dampen_half': 30.456909077772018, 'gpp_af': 1.3954498518315706, 'gpp_b': 1.4540386644083135e-05, 'gpp_d': 0.33983499890855334, 'ign_k': 7.544827057709847, 'ign_c': 23.422386257929038, 'trop_agb_crit': 1.8285200278523417, 'trop_k_veg': 0.8262197191676174, 'fire_amp': 5.3557573266024745}.
[I 2026-06-10 22:43:05,031] Trial 835 finished with values: [10.123173225631456, 10.123173225631456] and parameters: {'k1': 0.0869690639641868, 'D_low': 1.4002277211577039, 'k2': 0.0012030178871154666, 'D_high': 35.136541394511, 'fire_exp': 1.0601964743503993, 'P_half': 1265.0580856641704, 'pre_dampen_half': 189.36639872354493, 'gpp_af': 0.41874665092828456, 'gpp_b': 0.00047819318414852577, 'gpp_d': 1.0088237648985734, 'ign_k': 0.8945150807271531, 'ign_c': 0.4177928311636542, 'trop_agb_crit': 8.347757040088627, 'trop_k_veg': 4.796046723963646, 'fire_amp': 5.831305332032283}.
[I 2026-06-10 22:43:06,393] Trial 836 finished with values: [10.411085364935234, 10.411085364935234] and parameters: {'k1': 0.00031134168041628584, 'D_low': 43.2326421037033, 'k2': 4.933751600448335e-05, 'D_high': 48235.58283024493, 'fire_exp': 1.2732983562135975, 'P_half': 157.3644610977214, 'pre_dampen_half': 98.05638874011484, 'gpp_af': 0.41874665092828456, 'gpp_b': 0.16285506249643175, 'gpp_d': 0.4742269251269962, 'ign_k': 1.636529060071807, 'ign_c': 0.7619822175388142, 'trop_agb_crit': 1.0189592979395135, 'trop_k_veg': 0.6488368931910606, 'fire_amp': 2.6192385880432525}.
[I 2026-06-10 22:43:07,735] Trial 837 finished with values: [11.67643907949912, 11.67643907949912] and parameters: {'k1': 0.0032360993995751053, 'D_low': 1.4002277211577039, 'k2': 0.0010726091927327822, 'D_high': 18701.140647651915, 'fire_exp': 1.111738490499784, 'P_half': 1265.0580856641704, 'pre_dampen_half': 903.3231300044874, 'gpp_af': 1.9654778690222015, 'gpp_b': 0.00012118589392553798, 'gpp_d': 46.010874324515754, 'ign_k': 0.8945150807271531, 'ign_c': 0.4177928311636542, 'trop_agb_crit': 1.0693376406863295, 'trop_k_veg': 5.022956259243681, 'fire_amp': 2.042193818779288}.
[I 2026-06-10 22:43:09,050] Trial 838 finished with values: [10.58948755480314, 10.58948755480314] and parameters: {'k1': 0.0869690639641868, 'D_low': 1.4002277211577039, 'k2': 0.0012030178871154666, 'D_high': 949.9072859745386, 'fire_exp': 1.0601964743503993, 'P_half': 882.2833027501578, 'pre_dampen_half': 189.36639872354493, 'gpp_af': 0.41874665092828456, 'gpp_b': 0.00047819318414852577, 'gpp_d': 46.010874324515754, 'ign_k': 1.6270983114897255, 'ign_c': 16.497426799845446, 'trop_agb_crit': 1.0189592979395135, 'trop_k_veg': 4.796046723963646, 'fire_amp': 4.19233232783727}.
[I 2026-06-10 22:43:10,532] Trial 839 finished with values: [10.748233698920645, 10.748233698920645] and parameters: {'k1': 0.0869690639641868, 'D_low': 2267.735223551285, 'k2': 0.0010726091927327822, 'D_high': 949.9072859745386, 'fire_exp': 1.2732983562135975, 'P_half': 157.3644610977214, 'pre_dampen_half': 98.05638874011484, 'gpp_af': 0.4317251206640925, 'gpp_b': 0.0008861657881839811, 'gpp_d': 7.631016235941559, 'ign_k': 1.636529060071807, 'ign_c': 0.1276571787395169, 'trop_agb_crit': 1.0693376406863295, 'trop_k_veg': 5.022956259243681, 'fire_amp': 4.1162797330133705}.
[I 2026-06-10 22:43:12,145] Trial 840 finished with values: [10.778558667789067, 10.778558667789067] and parameters: {'k1': 0.006079905434073396, 'D_low': 146.24004590125713, 'k2': 0.003767022142229395, 'D_high': 23341.737328466752, 'fire_exp': 2.6673707465506062, 'P_half': 1265.0580856641704, 'pre_dampen_half': 98.05638874011484, 'gpp_af': 0.41874665092828456, 'gpp_b': 0.16285506249643175, 'gpp_d': 47.35384181058586, 'ign_k': 1.636529060071807, 'ign_c': 0.7619822175388142, 'trop_agb_crit': 1.513702538071769, 'trop_k_veg': 0.6488368931910606, 'fire_amp': 4.1162797330133705}.
[I 2026-06-10 22:43:13,880] Trial 841 finished with values: [-0.5610499000926877, 0.0574048021159268] and parameters: {'k1': 0.0869690639641868, 'D_low': 43.2326421037033, 'k2': 0.0007731571570012607, 'D_high': 949.9072859745386, 'fire_exp': 1.2732983562135975, 'P_half': 139.09474988024093, 'pre_dampen_half': 189.36639872354493, 'gpp_af': 0.09885838682552685, 'gpp_b': 0.00047819318414852577, 'gpp_d': 7.631016235941559, 'ign_k': 0.17320535908244444, 'ign_c': 0.24361599465623282, 'trop_agb_crit': 1.8566494291193822, 'trop_k_veg': 6.825463866194253, 'fire_amp': 1.4475279918261055}.
[I 2026-06-10 22:43:15,472] Trial 842 finished with values: [10.717361447811495, 10.717361447811495] and parameters: {'k1': 0.005754658592592073, 'D_low': 171.2446447678494, 'k2': 0.0012030178871154666, 'D_high': 33.33047530921621, 'fire_exp': 1.2918065501148304, 'P_half': 1265.0580856641704, 'pre_dampen_half': 121.93011993958949, 'gpp_af': 0.07118041471054574, 'gpp_b': 1.4540386644083135e-05, 'gpp_d': 271.0323160002808, 'ign_k': 0.09256855841989636, 'ign_c': 0.4177928311636542, 'trop_agb_crit': 4.617282690749149, 'trop_k_veg': 5.636143940068465, 'fire_amp': 1.417247667573402}.
[I 2026-06-10 22:43:17,167] Trial 843 finished with values: [10.101574710888594, 10.101574710888594] and parameters: {'k1': 0.0032360993995751053, 'D_low': 266.07970538371484, 'k2': 0.0012030178871154666, 'D_high': 44974.07193749848, 'fire_exp': 5.117531439790398, 'P_half': 101.40635645866499, 'pre_dampen_half': 189.36639872354493, 'gpp_af': 0.09885838682552685, 'gpp_b': 0.00047819318414852577, 'gpp_d': 0.4742269251269962, 'ign_k': 0.8945150807271531, 'ign_c': 0.10435856341129002, 'trop_agb_crit': 1.0693376406863295, 'trop_k_veg': 5.636143940068465, 'fire_amp': 2.6192385880432525}.
[I 2026-06-10 22:43:19,293] Trial 844 finished with values: [10.185552282238758, 10.185552282238758] and parameters: {'k1': 0.0002958267235643845, 'D_low': 146.24004590125713, 'k2': 0.0007731571570012607, 'D_high': 4567.167062335235, 'fire_exp': 1.0601964743503993, 'P_half': 157.3644610977214, 'pre_dampen_half': 9.044346216330972, 'gpp_af': 0.8057329182285734, 'gpp_b': 2.176805640408474e-05, 'gpp_d': 1.1766539651208914, 'ign_k': 0.8945150807271531, 'ign_c': 7.832259769732471, 'trop_agb_crit': 1.0189592979395135, 'trop_k_veg': 4.796046723963646, 'fire_amp': 2.6192385880432525}.
[I 2026-06-10 22:43:20,791] Trial 845 finished with values: [10.410619420447635, 10.410619420447635] and parameters: {'k1': 0.006079905434073396, 'D_low': 171.2446447678494, 'k2': 0.00024195799118138832, 'D_high': 44974.07193749848, 'fire_exp': 1.9365919987098117, 'P_half': 101.40635645866499, 'pre_dampen_half': 20.84599542460349, 'gpp_af': 0.41874665092828456, 'gpp_b': 0.16285506249643175, 'gpp_d': 47.35384181058586, 'ign_k': 1.636529060071807, 'ign_c': 0.7619822175388142, 'trop_agb_crit': 1.0693376406863295, 'trop_k_veg': 0.8262197191676174, 'fire_amp': 4.1162797330133705}.
[I 2026-06-10 22:43:22,196] Trial 846 finished with values: [10.518812435260282, 10.518812435260282] and parameters: {'k1': 0.00031134168041628584, 'D_low': 12.105387404469584, 'k2': 0.003767022142229395, 'D_high': 431.45617043093523, 'fire_exp': 1.0601964743503993, 'P_half': 1265.0580856641704, 'pre_dampen_half': 121.93011993958949, 'gpp_af': 0.41874665092828456, 'gpp_b': 1.4540386644083135e-05, 'gpp_d': 594.7389794988394, 'ign_k': 0.00840038491455979, 'ign_c': 0.6235377135673155, 'trop_agb_crit': 1.0189592979395135, 'trop_k_veg': 0.6673124511410327, 'fire_amp': 2.6192385880432525}.
[I 2026-06-10 22:43:24,035] Trial 847 finished with values: [10.833264081140717, 10.833264081140717] and parameters: {'k1': 0.0869690639641868, 'D_low': 12.105387404469584, 'k2': 0.0007731571570012607, 'D_high': 431.45617043093523, 'fire_exp': 6.722609665434056, 'P_half': 1265.0580856641704, 'pre_dampen_half': 189.36639872354493, 'gpp_af': 1.9654778690222015, 'gpp_b': 0.004411400434514031, 'gpp_d': 594.7389794988394, 'ign_k': 0.13500744867919376, 'ign_c': 1.3431925993528124, 'trop_agb_crit': 1.8566494291193822, 'trop_k_veg': 5.022956259243681, 'fire_amp': 2.6192385880432525}.
[I 2026-06-10 22:43:25,530] Trial 848 finished with values: [23.80631886962157, 23.80631886962157] and parameters: {'k1': 0.0009255037589041178, 'D_low': 1.4002277211577039, 'k2': 0.003767022142229395, 'D_high': 42210.21267871043, 'fire_exp': 1.2918065501148304, 'P_half': 157.80309954142965, 'pre_dampen_half': 189.36639872354493, 'gpp_af': 0.09885838682552685, 'gpp_b': 1.4540386644083135e-05, 'gpp_d': 46.566318342356254, 'ign_k': 0.17320535908244444, 'ign_c': 1.3431925993528124, 'trop_agb_crit': 1.0693376406863295, 'trop_k_veg': 3.1055119128084763, 'fire_amp': 5.831305332032283}.
[I 2026-06-10 22:43:27,257] Trial 849 finished with values: [10.828548083874669, 10.828548083874669] and parameters: {'k1': 0.006079905434073396, 'D_low': 3266.346436894069, 'k2': 0.0007731571570012607, 'D_high': 27.55546207779663, 'fire_exp': 1.0601964743503993, 'P_half': 157.3644610977214, 'pre_dampen_half': 9.044346216330972, 'gpp_af': 2.5184956910855436, 'gpp_b': 0.00265975681233728, 'gpp_d': 0.03927259340973166, 'ign_k': 0.46813761934505577, 'ign_c': 7.832259769732471, 'trop_agb_crit': 15.605813459825825, 'trop_k_veg': 4.796046723963646, 'fire_amp': 1.5719333351012774}.
[I 2026-06-10 22:43:28,621] Trial 850 finished with values: [10.455670248970318, 10.455670248970318] and parameters: {'k1': 0.0032360993995751053, 'D_low': 1.4002277211577039, 'k2': 0.011945919244900459, 'D_high': 11.069424888528069, 'fire_exp': 1.0601964743503993, 'P_half': 1265.0580856641704, 'pre_dampen_half': 189.36639872354493, 'gpp_af': 0.41874665092828456, 'gpp_b': 1.4540386644083135e-05, 'gpp_d': 46.010874324515754, 'ign_k': 0.09256855841989636, 'ign_c': 0.4177928311636542, 'trop_agb_crit': 1.0693376406863295, 'trop_k_veg': 5.636143940068465, 'fire_amp': 5.831305332032283}.
[I 2026-06-10 22:43:29,962] Trial 851 finished with values: [10.542813010991171, 10.542813010991171] and parameters: {'k1': 0.05466937478766084, 'D_low': 146.24004590125713, 'k2': 0.0012030178871154666, 'D_high': 8440.303958079088, 'fire_exp': 1.1633452995374232, 'P_half': 51.10120656497163, 'pre_dampen_half': 1.4510220269654117, 'gpp_af': 0.05729456628445246, 'gpp_b': 0.00047819318414852577, 'gpp_d': 0.03200582711952312, 'ign_k': 0.037151317999473285, 'ign_c': 4.619723604324942, 'trop_agb_crit': 1.8566494291193822, 'trop_k_veg': 1.6003641872536711, 'fire_amp': 2.042193818779288}.
[I 2026-06-10 22:43:31,300] Trial 852 finished with values: [10.767700966814399, 10.767700966814399] and parameters: {'k1': 0.0009255037589041178, 'D_low': 50.32059347286801, 'k2': 0.0010726091927327822, 'D_high': 42210.21267871043, 'fire_exp': 1.2918065501148304, 'P_half': 1265.0580856641704, 'pre_dampen_half': 189.36639872354493, 'gpp_af': 1.7775411110039254, 'gpp_b': 2.176805640408474e-05, 'gpp_d': 0.030844007727232167, 'ign_k': 0.8945150807271531, 'ign_c': 0.19623826481168347, 'trop_agb_crit': 1.0693376406863295, 'trop_k_veg': 5.022956259243681, 'fire_amp': 5.831305332032283}.
[I 2026-06-10 22:43:32,714] Trial 853 finished with values: [10.806260199709754, 10.806260199709754] and parameters: {'k1': 0.006079905434073396, 'D_low': 43.2326421037033, 'k2': 4.933751600448335e-05, 'D_high': 27.55546207779663, 'fire_exp': 1.0601964743503993, 'P_half': 157.3644610977214, 'pre_dampen_half': 350.88322284755304, 'gpp_af': 0.09885838682552685, 'gpp_b': 0.00047819318414852577, 'gpp_d': 0.4316838564848064, 'ign_k': 1.6270983114897255, 'ign_c': 16.497426799845446, 'trop_agb_crit': 2.0527418919564324, 'trop_k_veg': 1.6003641872536711, 'fire_amp': 2.368964504291618}.
[I 2026-06-10 22:43:34,275] Trial 854 finished with values: [10.266918144687528, 10.266918144687528] and parameters: {'k1': 1.193353489272344e-05, 'D_low': 1.4002277211577039, 'k2': 0.003767022142229395, 'D_high': 431.45617043093523, 'fire_exp': 1.1633452995374232, 'P_half': 157.3644610977214, 'pre_dampen_half': 121.93011993958949, 'gpp_af': 0.07118041471054574, 'gpp_b': 1.4540386644083135e-05, 'gpp_d': 0.12878367369717508, 'ign_k': 1.6270983114897255, 'ign_c': 7.832259769732471, 'trop_agb_crit': 2.41977849576758, 'trop_k_veg': 0.6673124511410327, 'fire_amp': 2.6192385880432525}.
[I 2026-06-10 22:43:35,819] Trial 855 finished with values: [-0.5861064773726974, 0.3309757218832856] and parameters: {'k1': 0.006079905434073396, 'D_low': 1.4002277211577039, 'k2': 0.0007731571570012607, 'D_high': 1266.9536563782303, 'fire_exp': 1.1633452995374232, 'P_half': 1.4551749476072258, 'pre_dampen_half': 189.36639872354493, 'gpp_af': 37.28155624293858, 'gpp_b': 0.004411400434514031, 'gpp_d': 7.631016235941559, 'ign_k': 1.6270983114897255, 'ign_c': 7.832259769732471, 'trop_agb_crit': 1.8566494291193822, 'trop_k_veg': 6.825463866194253, 'fire_amp': 1.4475279918261055}.
[I 2026-06-10 22:43:37,237] Trial 856 finished with values: [10.325087635753132, 10.325087635753132] and parameters: {'k1': 0.0869690639641868, 'D_low': 266.07970538371484, 'k2': 0.003767022142229395, 'D_high': 10994.090116844662, 'fire_exp': 5.117531439790398, 'P_half': 101.40635645866499, 'pre_dampen_half': 189.36639872354493, 'gpp_af': 0.09885838682552685, 'gpp_b': 0.00047819318414852577, 'gpp_d': 0.4742269251269962, 'ign_k': 0.8945150807271531, 'ign_c': 0.10435856341129002, 'trop_agb_crit': 8.188098178380693, 'trop_k_veg': 4.167664671344212, 'fire_amp': 1.2784745553082768}.
