[I 2026-08-06 08:47:41,358] Trial 195 finished with values: [10.713263121514052, 10.713263121514052] and parameters: {'k1': 0.002367935204022389, 'D_low': 40.12413353131991, 'k2': 1.7926680648388784e-05, 'D_high': 76.7074891445377, 'fire_exp': 1.2611826901294014, 'P_half': 140.74279366401683, 'pre_dampen_half': 0.1875872314533727, 'gpp_af': 5.335773317316405, 'gpp_b': 0.0038900687554386305, 'gpp_d': 9.510288748158525, 'ign_k': 0.07696703458159235, 'ign_c': 4.439802552990464, 'trop_agb_crit': 1.8157022975489, 'trop_k_veg': 6.5801322358877785}.
[I 2026-08-06 08:47:42,415] Trial 196 finished with values: [10.766645440204536, 10.766645440204536] and parameters: {'k1': 0.06994589881535453, 'D_low': 4182.178526757453, 'k2': 0.003101429427212743, 'D_high': 42210.21267871043, 'fire_exp': 1.2611826901294014, 'P_half': 1.1827346017839087, 'pre_dampen_half': 0.029662981696401067, 'gpp_af': 3.4702669886504163, 'gpp_b': 0.22727308251068193, 'gpp_d': 757.2868182332339, 'ign_k': 8.926311370835233, 'ign_c': 0.1239046892818203, 'trop_agb_crit': 24.80219492452611, 'trop_k_veg': 0.83140195149031}.
[I 2026-08-06 08:47:43,473] Trial 197 finished with values: [10.767861860388791, 10.767861860388791] and parameters: {'k1': 0.012840669372724958, 'D_low': 355.00125258511594, 'k2': 0.0004976087827261435, 'D_high': 14.378290221680125, 'fire_exp': 1.2918065501148304, 'P_half': 712.8188058401365, 'pre_dampen_half': 0.011396414164620812, 'gpp_af': 0.2204465010099918, 'gpp_b': 2.176805640408474e-05, 'gpp_d': 0.03927259340973166, 'ign_k': 0.12329098365270515, 'ign_c': 39.52220881906114, 'trop_agb_crit': 12.647327018493208, 'trop_k_veg': 2.520089655463604}.
[I 2026-08-06 08:47:44,539] Trial 198 finished with values: [10.711507142233751, 10.711507142233751] and parameters: {'k1': 0.012021930484915042, 'D_low': 7.299348683062307, 'k2': 0.003101429427212743, 'D_high': 21.947742689197344, 'fire_exp': 1.1263716762638152, 'P_half': 4.213183643253957, 'pre_dampen_half': 5.048653998722947, 'gpp_af': 1.5386842469144075, 'gpp_b': 0.0054502936945582505, 'gpp_d': 229.41380323183625, 'ign_k': 0.11619873314872933, 'ign_c': 18.219343937475102, 'trop_agb_crit': 14.948114979829949, 'trop_k_veg': 1.0594599158279707}.
[I 2026-08-06 08:47:45,636] Trial 199 finished with values: [10.583353541053462, 10.583353541053462] and parameters: {'k1': 0.002367935204022389, 'D_low': 355.00125258511594, 'k2': 0.03538758864779238, 'D_high': 645.2946500764235, 'fire_exp': 1.3170256885255098, 'P_half': 140.74279366401683, 'pre_dampen_half': 63.6685916079943, 'gpp_af': 0.6403036652671171, 'gpp_b': 0.0005739662837359252, 'gpp_d': 9.510288748158525, 'ign_k': 0.21006485619596416, 'ign_c': 5.13055176058983, 'trop_agb_crit': 1.8157022975489, 'trop_k_veg': 6.5801322358877785}.
[I 2026-08-06 08:47:46,689] Trial 200 finished with values: [10.70270564262788, 10.70270564262788] and parameters: {'k1': 0.006642027816373391, 'D_low': 355.00125258511594, 'k2': 0.03538758864779238, 'D_high': 61536.58035691648, 'fire_exp': 1.695318866910499, 'P_half': 221.2683656611821, 'pre_dampen_half': 1.3833139021965035, 'gpp_af': 68.11991466118579, 'gpp_b': 0.01777482313117792, 'gpp_d': 229.41380323183625, 'ign_k': 0.010167079878196114, 'ign_c': 3.470490935437501, 'trop_agb_crit': 10.691477813613638, 'trop_k_veg': 1.0345878666211452}.
[I 2026-08-06 08:47:47,837] Trial 201 finished with values: [10.7486207289275, 10.7486207289275] and parameters: {'k1': 0.008912611835817005, 'D_low': 5023.348046919797, 'k2': 7.914423612155373e-05, 'D_high': 1578.0309954142967, 'fire_exp': 1.0629462657398439, 'P_half': 140.74279366401683, 'pre_dampen_half': 8.594202650742222, 'gpp_af': 5.335773317316405, 'gpp_b': 7.210246166617508e-05, 'gpp_d': 16.460426816350523, 'ign_k': 0.0680787482656459, 'ign_c': 33.81093273170848, 'trop_agb_crit': 8.997007571451054, 'trop_k_veg': 3.1473758868965476}.
[I 2026-08-06 08:47:48,930] Trial 202 finished with values: [10.685481682619043, 10.685481682619043] and parameters: {'k1': 5.2759586181451185e-05, 'D_low': 7.299348683062307, 'k2': 0.003101429427212743, 'D_high': 1578.0309954142967, 'fire_exp': 1.1263716762638152, 'P_half': 140.74279366401683, 'pre_dampen_half': 0.9166964238460105, 'gpp_af': 5.335773317316405, 'gpp_b': 7.210246166617508e-05, 'gpp_d': 4.25060659305504, 'ign_k': 0.18697387216131534, 'ign_c': 1.9580595319750387, 'trop_agb_crit': 8.997007571451054, 'trop_k_veg': 3.49157152291552}.
[I 2026-08-06 08:47:49,970] Trial 203 finished with values: [10.702440069514976, 10.702440069514976] and parameters: {'k1': 0.012840669372724958, 'D_low': 355.00125258511594, 'k2': 6.069662445477729e-05, 'D_high': 18.942844905792818, 'fire_exp': 1.2611826901294014, 'P_half': 712.8188058401365, 'pre_dampen_half': 63.6685916079943, 'gpp_af': 0.10409127568994281, 'gpp_b': 1.3289448722869181e-05, 'gpp_d': 0.2204889335659561, 'ign_k': 0.12329098365270515, 'ign_c': 24.398964530167703, 'trop_agb_crit': 10.965064494899984, 'trop_k_veg': 0.6743482387129308}.
[I 2026-08-06 08:47:51,076] Trial 204 finished with values: [10.595230735781287, 10.595230735781287] and parameters: {'k1': 0.004312951023617458, 'D_low': 252.38726750780188, 'k2': 0.0007047307383115598, 'D_high': 21.947742689197344, 'fire_exp': 1.423480109671474, 'P_half': 93.43302657318476, 'pre_dampen_half': 502.5175192217655, 'gpp_af': 0.2204465010099918, 'gpp_b': 1.284284091405877e-05, 'gpp_d': 150.14555442537656, 'ign_k': 5.351470428717437, 'ign_c': 0.557280750002996, 'trop_agb_crit': 1.14876138417489, 'trop_k_veg': 1.0594599158279707}.
[I 2026-08-06 08:47:52,147] Trial 205 finished with values: [10.277492839615537, 10.277492839615537] and parameters: {'k1': 0.002367935204022389, 'D_low': 64.39790863101601, 'k2': 0.0007047307383115598, 'D_high': 3712.591045287726, 'fire_exp': 1.423480109671474, 'P_half': 220.3445560633069, 'pre_dampen_half': 502.5175192217655, 'gpp_af': 1.1409619915696267, 'gpp_b': 1.284284091405877e-05, 'gpp_d': 16.460426816350523, 'ign_k': 0.07696703458159235, 'ign_c': 4.439802552990464, 'trop_agb_crit': 1.8157022975489, 'trop_k_veg': 6.5801322358877785}.
[I 2026-08-06 08:47:53,187] Trial 206 finished with values: [10.69689970590231, 10.69689970590231] and parameters: {'k1': 0.016780508579130986, 'D_low': 984.098934375832, 'k2': 1.7926680648388784e-05, 'D_high': 45914.852167405326, 'fire_exp': 1.221575427404682, 'P_half': 140.74279366401683, 'pre_dampen_half': 0.1875872314533727, 'gpp_af': 2.555721998081808, 'gpp_b': 1.598364670380439e-05, 'gpp_d': 9.510288748158525, 'ign_k': 0.07696703458159235, 'ign_c': 3.470490935437501, 'trop_agb_crit': 10.691477813613638, 'trop_k_veg': 6.5801322358877785}.
[I 2026-08-06 08:47:54,258] Trial 207 finished with values: [10.766026932710144, 10.766026932710144] and parameters: {'k1': 0.05778755734457457, 'D_low': 6542.056762893129, 'k2': 0.0007047307383115598, 'D_high': 5670.3463356272905, 'fire_exp': 1.1430983876313219, 'P_half': 221.2683656611821, 'pre_dampen_half': 1.3833139021965035, 'gpp_af': 68.11991466118579, 'gpp_b': 0.01777482313117792, 'gpp_d': 229.41380323183625, 'ign_k': 0.6161423618045312, 'ign_c': 3.470490935437501, 'trop_agb_crit': 10.691477813613638, 'trop_k_veg': 6.45312300188076}.
[I 2026-08-06 08:47:55,332] Trial 208 finished with values: [10.6867191593312, 10.6867191593312] and parameters: {'k1': 0.004312951023617458, 'D_low': 1112.9571947046009, 'k2': 8.923807143379776e-05, 'D_high': 8182.111518618414, 'fire_exp': 1.0629462657398439, 'P_half': 220.3445560633069, 'pre_dampen_half': 3.3841016089580034, 'gpp_af': 0.7539992074650279, 'gpp_b': 1.284284091405877e-05, 'gpp_d': 229.41380323183625, 'ign_k': 0.0680787482656459, 'ign_c': 18.219343937475102, 'trop_agb_crit': 10.691477813613638, 'trop_k_veg': 1.140286245977296}.
[I 2026-08-06 08:47:56,500] Trial 209 finished with values: [10.190608067488313, 10.190608067488313] and parameters: {'k1': 0.004312951023617458, 'D_low': 4.484744524732794, 'k2': 8.923807143379776e-05, 'D_high': 8182.111518618414, 'fire_exp': 1.0629462657398439, 'P_half': 220.3445560633069, 'pre_dampen_half': 502.5175192217655, 'gpp_af': 0.7539992074650279, 'gpp_b': 0.0021331409710300844, 'gpp_d': 418.77522137884927, 'ign_k': 0.0680787482656459, 'ign_c': 0.557280750002996, 'trop_agb_crit': 1.14876138417489, 'trop_k_veg': 1.4584243470991722}.
[I 2026-08-06 08:47:57,619] Trial 210 finished with values: [10.769230769178105, 10.769230769178105] and parameters: {'k1': 0.002155595057104387, 'D_low': 7660.074273652683, 'k2': 0.05985024829384177, 'D_high': 21.947742689197344, 'fire_exp': 1.0601964743503993, 'P_half': 140.74279366401683, 'pre_dampen_half': 3.3841016089580034, 'gpp_af': 1.5386842469144075, 'gpp_b': 1.4540386644083135e-05, 'gpp_d': 0.043441170039664925, 'ign_k': 5.351470428717437, 'ign_c': 48.704711413416454, 'trop_agb_crit': 1.0693376406863295, 'trop_k_veg': 1.0594599158279707}.
[I 2026-08-06 08:47:58,690] Trial 211 finished with values: [10.765723393258181, 10.765723393258181] and parameters: {'k1': 0.002367935204022389, 'D_low': 78.86001704920405, 'k2': 5.471218729342035e-05, 'D_high': 985.7545621889059, 'fire_exp': 2.100650708889295, 'P_half': 140.74279366401683, 'pre_dampen_half': 63.6685916079943, 'gpp_af': 5.335773317316405, 'gpp_b': 1.4868114807380364, 'gpp_d': 2.944272359149677, 'ign_k': 0.12329098365270515, 'ign_c': 5.13055176058983, 'trop_agb_crit': 11.316283925181681, 'trop_k_veg': 2.4336356947036335}.
[I 2026-08-06 08:47:59,760] Trial 212 finished with values: [10.016961208418197, 10.016961208418197] and parameters: {'k1': 0.01889771394135163, 'D_low': 70.18267183720735, 'k2': 0.0012040762895973265, 'D_high': 25628.666000163565, 'fire_exp': 1.0601964743503993, 'P_half': 4.213183643253957, 'pre_dampen_half': 107.40052367919465, 'gpp_af': 0.10409127568994281, 'gpp_b': 0.0054502936945582505, 'gpp_d': 84.31013932082456, 'ign_k': 8.708806168038567, 'ign_c': 20.03995359361212, 'trop_agb_crit': 7.500118950416987, 'trop_k_veg': 2.520089655463604}.
[I 2026-08-06 08:48:00,817] Trial 213 finished with values: [10.697262548316573, 10.697262548316573] and parameters: {'k1': 3.23559867820537e-05, 'D_low': 2.143851363193517, 'k2': 1.915468390724633e-05, 'D_high': 3712.591045287726, 'fire_exp': 1.695318866910499, 'P_half': 175.2878790340412, 'pre_dampen_half': 552.4163637315892, 'gpp_af': 0.7539992074650279, 'gpp_b': 1.3289448722869181e-05, 'gpp_d': 5.1715677287580455, 'ign_k': 0.010167079878196114, 'ign_c': 0.70689749506246, 'trop_agb_crit': 10.965064494899984, 'trop_k_veg': 5.198868247525917}.
[I 2026-08-06 08:48:01,925] Trial 214 finished with values: [10.422729963206018, 10.422729963206018] and parameters: {'k1': 0.04669327135003539, 'D_low': 3.525936800597896, 'k2': 0.0001889739291279833, 'D_high': 61536.58035691648, 'fire_exp': 1.0362310858538248, 'P_half': 4.213183643253957, 'pre_dampen_half': 0.2888838362365318, 'gpp_af': 1.9706963379095486, 'gpp_b': 1.284284091405877e-05, 'gpp_d': 1.6983565276584263, 'ign_k': 5.351470428717437, 'ign_c': 3.470490935437501, 'trop_agb_crit': 10.691477813613638, 'trop_k_veg': 6.45312300188076}.
[I 2026-08-06 08:48:03,137] Trial 215 finished with values: [10.769230769178105, 10.769230769178105] and parameters: {'k1': 0.008287522363768155, 'D_low': 4182.178526757453, 'k2': 0.03538758864779238, 'D_high': 18.942844905792818, 'fire_exp': 1.3170256885255098, 'P_half': 2068.53034640896, 'pre_dampen_half': 0.029662981696401067, 'gpp_af': 2.6003623362924237, 'gpp_b': 2.6738182964551835e-05, 'gpp_d': 2.944272359149677, 'ign_k': 0.12329098365270515, 'ign_c': 5.13055176058983, 'trop_agb_crit': 1.0903028125370984, 'trop_k_veg': 1.0923378209074766}.
[I 2026-08-06 08:48:04,196] Trial 216 finished with values: [10.694792801330797, 10.694792801330797] and parameters: {'k1': 0.06994589881535453, 'D_low': 7.299348683062307, 'k2': 6.069662445477729e-05, 'D_high': 61536.58035691648, 'fire_exp': 1.0362310858538248, 'P_half': 3227.0237615158, 'pre_dampen_half': 0.9166964238460105, 'gpp_af': 0.0049748543504537545, 'gpp_b': 2.6738182964551835e-05, 'gpp_d': 0.3934396739328545, 'ign_k': 2.3960796124300754, 'ign_c': 0.1239046892818203, 'trop_agb_crit': 10.691477813613638, 'trop_k_veg': 1.0594599158279707}.
[I 2026-08-06 08:48:05,254] Trial 217 finished with values: [10.754540255963239, 10.754540255963239] and parameters: {'k1': 0.012840669372724958, 'D_low': 355.00125258511594, 'k2': 0.0012040762895973265, 'D_high': 774.2116473996249, 'fire_exp': 1.2918065501148304, 'P_half': 712.8188058401365, 'pre_dampen_half': 0.011396414164620812, 'gpp_af': 0.10409127568994281, 'gpp_b': 2.176805640408474e-05, 'gpp_d': 0.03927259340973166, 'ign_k': 0.12329098365270515, 'ign_c': 0.1406146398517664, 'trop_agb_crit': 12.647327018493208, 'trop_k_veg': 0.6743482387129308}.
[I 2026-08-06 08:48:06,328] Trial 218 finished with values: [10.304217492890544, 10.304217492890544] and parameters: {'k1': 0.011966626407443505, 'D_low': 40.12413353131991, 'k2': 0.03538758864779238, 'D_high': 61536.58035691648, 'fire_exp': 3.936207012318799, 'P_half': 1.605843632310088, 'pre_dampen_half': 63.6685916079943, 'gpp_af': 0.6403036652671171, 'gpp_b': 1.284284091405877e-05, 'gpp_d': 2.944272359149677, 'ign_k': 0.12329098365270515, 'ign_c': 8.40543912931368, 'trop_agb_crit': 7.599113148200974, 'trop_k_veg': 0.6743482387129308}.
[I 2026-08-06 08:48:07,450] Trial 219 finished with values: [10.7513019480915, 10.7513019480915] and parameters: {'k1': 0.011966626407443505, 'D_low': 171.2446447678494, 'k2': 0.003101429427212743, 'D_high': 503.20593472868046, 'fire_exp': 1.2918065501148304, 'P_half': 93.43302657318476, 'pre_dampen_half': 63.6685916079943, 'gpp_af': 0.6403036652671171, 'gpp_b': 2.176805640408474e-05, 'gpp_d': 2.944272359149677, 'ign_k': 0.12329098365270515, 'ign_c': 39.52220881906114, 'trop_agb_crit': 6.119263728555865, 'trop_k_veg': 0.6743482387129308}.
[I 2026-08-06 08:48:08,617] Trial 220 finished with values: [10.598592083336731, 10.598592083336731] and parameters: {'k1': 0.06994589881535453, 'D_low': 894.5150807271528, 'k2': 0.0016497426799845453, 'D_high': 61536.58035691648, 'fire_exp': 1.0601964743503993, 'P_half': 4.213183643253957, 'pre_dampen_half': 0.14126812677903758, 'gpp_af': 1.9706963379095486, 'gpp_b': 1.4540386644083135e-05, 'gpp_d': 0.12878367369717508, 'ign_k': 5.351470428717437, 'ign_c': 0.1239046892818203, 'trop_agb_crit': 7.444615346113405, 'trop_k_veg': 0.6984687829911091}.
[I 2026-08-06 08:48:09,819] Trial 221 finished with values: [10.749995110296105, 10.749995110296105] and parameters: {'k1': 0.0007883068789768041, 'D_low': 2.4622754931226587, 'k2': 0.015763894361785387, 'D_high': 783.2259769732478, 'fire_exp': 1.4900535273878766, 'P_half': 2.0314811950454943, 'pre_dampen_half': 0.9829324480069708, 'gpp_af': 1.200191344086032, 'gpp_b': 0.06464901394322495, 'gpp_d': 29.749683811098393, 'ign_k': 0.0315101491238403, 'ign_c': 31.874227118134094, 'trop_agb_crit': 5.535964054794066, 'trop_k_veg': 5.373862339436157}.
[I 2026-08-06 08:48:10,999] Trial 222 finished with values: [10.769083274701877, 10.769083274701877] and parameters: {'k1': 0.012840669372724958, 'D_low': 94.99072859745384, 'k2': 0.0012040762895973265, 'D_high': 1578.0309954142967, 'fire_exp': 4.969226308995625, 'P_half': 93.43302657318476, 'pre_dampen_half': 0.5682966065442918, 'gpp_af': 0.10409127568994281, 'gpp_b': 7.210246166617508e-05, 'gpp_d': 0.3934396739328545, 'ign_k': 0.29707920514735997, 'ign_c': 30.28574109895626, 'trop_agb_crit': 10.965064494899984, 'trop_k_veg': 1.0923378209074766}.
[I 2026-08-06 08:48:12,135] Trial 223 finished with values: [10.689496558048244, 10.689496558048244] and parameters: {'k1': 3.23559867820537e-05, 'D_low': 4.484744524732794, 'k2': 1.915468390724633e-05, 'D_high': 42.070539502879384, 'fire_exp': 2.1871318436814167, 'P_half': 220.3445560633069, 'pre_dampen_half': 552.4163637315892, 'gpp_af': 0.10409127568994281, 'gpp_b': 1.3289448722869181e-05, 'gpp_d': 10.369565216756202, 'ign_k': 2.1368329072358767, 'ign_c': 15.221840161091626, 'trop_agb_crit': 24.584290528289387, 'trop_k_veg': 6.2065960186008615}.
[I 2026-08-06 08:48:13,218] Trial 224 finished with values: [10.468346981207935, 10.468346981207935] and parameters: {'k1': 0.00031134168041628584, 'D_low': 1112.9571947046009, 'k2': 1.1065812688893481e-05, 'D_high': 21.947742689197344, 'fire_exp': 1.0629462657398439, 'P_half': 221.2683656611821, 'pre_dampen_half': 502.5175192217655, 'gpp_af': 0.7539992074650279, 'gpp_b': 0.0054502936945582505, 'gpp_d': 84.31013932082456, 'ign_k': 5.351470428717437, 'ign_c': 11.400863701127316, 'trop_agb_crit': 1.14876138417489, 'trop_k_veg': 0.6673124511410327}.
[I 2026-08-06 08:48:14,300] Trial 225 finished with values: [10.70157357139522, 10.70157357139522] and parameters: {'k1': 0.011966626407443505, 'D_low': 3.525936800597896, 'k2': 6.069662445477729e-05, 'D_high': 1615.0602315370222, 'fire_exp': 1.2611826901294014, 'P_half': 9.324787201197319, 'pre_dampen_half': 0.2888838362365318, 'gpp_af': 1.9706963379095486, 'gpp_b': 2.6738182964551835e-05, 'gpp_d': 8.057329182285729, 'ign_k': 0.004144296901136395, 'ign_c': 0.1239046892818203, 'trop_agb_crit': 6.119263728555865, 'trop_k_veg': 0.5772603928610088}.
[I 2026-08-06 08:48:15,374] Trial 226 finished with values: [10.726861362318893, 10.726861362318893] and parameters: {'k1': 0.008471801418819975, 'D_low': 12.105387404469584, 'k2': 1.1065812688893481e-05, 'D_high': 3346.220103048382, 'fire_exp': 1.1430983876313219, 'P_half': 4.213183643253957, 'pre_dampen_half': 0.011396414164620812, 'gpp_af': 3.4702669886504163, 'gpp_b': 2.176805640408474e-05, 'gpp_d': 0.03927259340973166, 'ign_k': 0.0029519227433917453, 'ign_c': 0.12510188850164433, 'trop_agb_crit': 12.647327018493208, 'trop_k_veg': 0.6673124511410327}.
[I 2026-08-06 08:48:16,448] Trial 227 finished with values: [10.31554754834232, 10.31554754834232] and parameters: {'k1': 0.002155595057104387, 'D_low': 4.484744524732794, 'k2': 0.0007047307383115598, 'D_high': 3712.591045287726, 'fire_exp': 1.221575427404682, 'P_half': 220.3445560633069, 'pre_dampen_half': 552.4163637315892, 'gpp_af': 0.7539992074650279, 'gpp_b': 1.284284091405877e-05, 'gpp_d': 5.1715677287580455, 'ign_k': 0.010167079878196114, 'ign_c': 2.8335389417624683, 'trop_agb_crit': 24.584290528289387, 'trop_k_veg': 2.4336356947036335}.
[I 2026-08-06 08:48:17,568] Trial 228 finished with values: [10.769088976076793, 10.769088976076793] and parameters: {'k1': 0.008912611835817005, 'D_low': 355.00125258511594, 'k2': 0.03538758864779238, 'D_high': 42.070539502879384, 'fire_exp': 1.3170256885255098, 'P_half': 5.076307782729897, 'pre_dampen_half': 10.129197956845726, 'gpp_af': 3.4702669886504163, 'gpp_b': 0.0005739662837359252, 'gpp_d': 2.944272359149677, 'ign_k': 0.21006485619596416, 'ign_c': 5.13055176058983, 'trop_agb_crit': 1.0903028125370984, 'trop_k_veg': 0.83140195149031}.
[I 2026-08-06 08:48:19,508] Trial 229 finished with values: [10.725948184365427, 10.725948184365427] and parameters: {'k1': 0.004312951023617458, 'D_low': 792.6237587961899, 'k2': 6.069662445477729e-05, 'D_high': 18.942844905792818, 'fire_exp': 1.0629462657398439, 'P_half': 220.3445560633069, 'pre_dampen_half': 0.9166964238460105, 'gpp_af': 0.7539992074650279, 'gpp_b': 0.0021331409710300844, 'gpp_d': 0.3934396739328545, 'ign_k': 2.3960796124300754, 'ign_c': 0.1239046892818203, 'trop_agb_crit': 14.948114979829949, 'trop_k_veg': 1.0594599158279707}.
[I 2026-08-06 08:48:20,688] Trial 230 finished with values: [-0.4733934515407713, 0.7707975829749716] and parameters: {'k1': 0.004312951023617458, 'D_low': 40.12413353131991, 'k2': 0.0007047307383115598, 'D_high': 61536.58035691648, 'fire_exp': 1.0629462657398439, 'P_half': 221.2683656611821, 'pre_dampen_half': 502.5175192217655, 'gpp_af': 1.1409619915696267, 'gpp_b': 3.481277316673104e-05, 'gpp_d': 229.41380323183625, 'ign_k': 0.0018256829646330853, 'ign_c': 0.9580682294110432, 'trop_agb_crit': 2.9222815721218716, 'trop_k_veg': 1.4584243470991722}.
[I 2026-08-06 08:48:21,781] Trial 231 finished with values: [10.769089536927105, 10.769089536927105] and parameters: {'k1': 0.002155595057104387, 'D_low': 355.00125258511594, 'k2': 8.923807143379776e-05, 'D_high': 645.2946500764235, 'fire_exp': 3.4633094058711813, 'P_half': 1455.0993923603367, 'pre_dampen_half': 0.3924302839842014, 'gpp_af': 0.7539992074650279, 'gpp_b': 1.284284091405877e-05, 'gpp_d': 13.472769577631583, 'ign_k': 0.21006485619596416, 'ign_c': 0.557280750002996, 'trop_agb_crit': 1.0903028125370984, 'trop_k_veg': 1.4584243470991722}.
[I 2026-08-06 08:48:22,871] Trial 232 finished with values: [10.753725192297175, 10.753725192297175] and parameters: {'k1': 0.00488137519160367, 'D_low': 1.9977959434035766, 'k2': 0.0007047307383115598, 'D_high': 61536.58035691648, 'fire_exp': 7.690910336830845, 'P_half': 338.23872019362165, 'pre_dampen_half': 14.711215379121963, 'gpp_af': 1.1409619915696267, 'gpp_b': 1.284284091405877e-05, 'gpp_d': 229.41380323183625, 'ign_k': 5.351470428717437, 'ign_c': 18.219343937475102, 'trop_agb_crit': 1.14876138417489, 'trop_k_veg': 6.45312300188076}.
[I 2026-08-06 08:48:23,968] Trial 233 finished with values: [10.769096329467374, 10.769096329467374] and parameters: {'k1': 0.008912611835817005, 'D_low': 6542.056762893129, 'k2': 7.914423612155373e-05, 'D_high': 3712.591045287726, 'fire_exp': 1.0629462657398439, 'P_half': 220.3445560633069, 'pre_dampen_half': 12.003722333832918, 'gpp_af': 0.7539992074650279, 'gpp_b': 0.01777482313117792, 'gpp_d': 16.460426816350523, 'ign_k': 5.351470428717437, 'ign_c': 33.81093273170848, 'trop_agb_crit': 1.0455434848969813, 'trop_k_veg': 6.45312300188076}.
