[I 2026-08-05 23:15:57,332] Trial 315 finished with values: [10.237953128995859, 10.237953128995859] and parameters: {'k1': 0.00013783578294796384, 'D_low': 918.4900818511542, 'k2': 1.1184534120760473e-05, 'D_high': 6455.595882939566, 'fire_exp': 1.1044852285094786, 'P_half': 215.55950571043874, 'pre_dampen_half': 304.7488318185732, 'gpp_af': 11.234842109991876, 'gpp_b': 0.0002399125814348087, 'gpp_d': 368.30088529547436, 'ign_k': 8.761971101023693, 'ign_c': 10.140635645866492}.
[I 2026-08-05 23:15:58,602] Trial 316 finished with values: [10.760627593545944, 10.760627593545944] and parameters: {'k1': 0.0029707920514735983, 'D_low': 9.330007965781027, 'k2': 4.763991596630584e-05, 'D_high': 30.357607606785333, 'fire_exp': 1.010722707674549, 'P_half': 19.4230157499841, 'pre_dampen_half': 304.7488318185732, 'gpp_af': 0.04339970334001348, 'gpp_b': 0.6637926838138378, 'gpp_d': 0.03848886303127135, 'ign_k': 0.34703605955441524, 'ign_c': 8.671454322584175}.
[I 2026-08-05 23:15:59,740] Trial 317 finished with values: [10.568843967382957, 10.568843967382957] and parameters: {'k1': 7.841214856323651e-05, 'D_low': 334.62201030483817, 'k2': 1.1184534120760473e-05, 'D_high': 20.31481195045495, 'fire_exp': 1.1670151053031461, 'P_half': 215.55950571043874, 'pre_dampen_half': 111.37963167994629, 'gpp_af': 11.234842109991876, 'gpp_b': 0.0025416076006960116, 'gpp_d': 5.878566318396007, 'ign_k': 0.6097546255373116, 'ign_c': 2.2882309479728957}.
[I 2026-08-05 23:16:00,893] Trial 318 finished with values: [10.721712501035285, 10.721712501035285] and parameters: {'k1': 0.002407354618388189, 'D_low': 918.4900818511542, 'k2': 1.1184534120760473e-05, 'D_high': 7926.237587961894, 'fire_exp': 1.1044852285094786, 'P_half': 13.019246714361572, 'pre_dampen_half': 111.37963167994629, 'gpp_af': 0.0021221774916927918, 'gpp_b': 0.0025416076006960116, 'gpp_d': 368.30088529547436, 'ign_k': 0.04563289369649656, 'ign_c': 0.9294394155644988}.
[I 2026-08-05 23:16:02,049] Trial 319 finished with values: [10.745513794400457, 10.745513794400457] and parameters: {'k1': 0.00013783578294796384, 'D_low': 1.4045842344024697, 'k2': 0.031211489608802344, 'D_high': 1024.9816559563214, 'fire_exp': 1.1258453832483524, 'P_half': 63.585411411994926, 'pre_dampen_half': 76.86605275420082, 'gpp_af': 0.015769192447197523, 'gpp_b': 0.10123867001105968, 'gpp_d': 0.11136446029400991, 'ign_k': 0.0048255892187380085, 'ign_c': 1.8245734513362473}.
[I 2026-08-05 23:16:03,193] Trial 320 finished with values: [10.677219457103876, 10.677219457103876] and parameters: {'k1': 7.841214856323651e-05, 'D_low': 1.2299210465793122, 'k2': 0.00011939136672856547, 'D_high': 7744.80118512745, 'fire_exp': 1.1044852285094786, 'P_half': 11.877073321543955, 'pre_dampen_half': 107.40052367919465, 'gpp_af': 92.21975850381763, 'gpp_b': 0.6637926838138378, 'gpp_d': 4.982605027348069, 'ign_k': 3.7173717478250508, 'ign_c': 2.4287565087611744}.
[I 2026-08-05 23:16:04,331] Trial 321 finished with values: [-0.4777231603316999, 0.9076288437166918] and parameters: {'k1': 0.00324789183891923, 'D_low': 125.32726386250698, 'k2': 0.00011939136672856547, 'D_high': 48249.14281180252, 'fire_exp': 1.151006986743773, 'P_half': 8.968733598183245, 'pre_dampen_half': 107.40052367919465, 'gpp_af': 0.5107061330406066, 'gpp_b': 3.228689523591491e-05, 'gpp_d': 3.032712462969173, 'ign_k': 0.03033111747878116, 'ign_c': 12.37061744238074}.
[I 2026-08-05 23:16:05,481] Trial 322 finished with values: [-0.5654222422954648, 0.39583257825598295] and parameters: {'k1': 0.025383218374507292, 'D_low': 2.1234210963705626, 'k2': 4.763991596630584e-05, 'D_high': 9769.756791866093, 'fire_exp': 1.010722707674549, 'P_half': 10.226988730324324, 'pre_dampen_half': 304.7488318185732, 'gpp_af': 5.511863475708366, 'gpp_b': 0.6637926838138378, 'gpp_d': 891.8036602897795, 'ign_k': 0.34703605955441524, 'ign_c': 8.671454322584175}.
[I 2026-08-05 23:16:06,604] Trial 323 finished with values: [10.761557619053628, 10.761557619053628] and parameters: {'k1': 0.002407354618388189, 'D_low': 1455.0993923603367, 'k2': 0.08894151386481904, 'D_high': 233.52156626184438, 'fire_exp': 1.182396148413737, 'P_half': 4.397766894483963, 'pre_dampen_half': 107.40052367919465, 'gpp_af': 0.0025511964576171086, 'gpp_b': 3.228689523591491e-05, 'gpp_d': 0.13223503889537183, 'ign_k': 0.03141110271934876, 'ign_c': 8.671454322584175}.
[I 2026-08-05 23:16:07,781] Trial 324 finished with values: [10.624257175004399, 10.624257175004399] and parameters: {'k1': 0.03232155805617897, 'D_low': 2.1234210963705626, 'k2': 0.006138509947844854, 'D_high': 48249.14281180252, 'fire_exp': 1.0881360604103363, 'P_half': 958.8659498594012, 'pre_dampen_half': 36.876350096203005, 'gpp_af': 29.700320404259642, 'gpp_b': 0.0035057749039614167, 'gpp_d': 0.3924302839842014, 'ign_k': 0.34703605955441524, 'ign_c': 8.671454322584175}.
[I 2026-08-05 23:16:08,937] Trial 325 finished with values: [-0.5213603360347354, 0.6588788796328257] and parameters: {'k1': 0.002407354618388189, 'D_low': 1.1065812688893482, 'k2': 0.0007081721844034209, 'D_high': 9769.756791866093, 'fire_exp': 1.0881360604103363, 'P_half': 10.226988730324324, 'pre_dampen_half': 304.7488318185732, 'gpp_af': 29.925002022877802, 'gpp_b': 0.05693092741736214, 'gpp_d': 857.4284557962634, 'ign_k': 0.03141110271934876, 'ign_c': 0.3528113274684997}.
[I 2026-08-05 23:16:10,077] Trial 326 finished with values: [-0.5097118856305143, 0.8618684830712001] and parameters: {'k1': 0.002407354618388189, 'D_low': 4.051452710153359, 'k2': 0.034987345440353576, 'D_high': 26666.09148594752, 'fire_exp': 1.1044852285094786, 'P_half': 215.55950571043874, 'pre_dampen_half': 76.86605275420082, 'gpp_af': 11.234842109991876, 'gpp_b': 0.00012797528816608022, 'gpp_d': 368.30088529547436, 'ign_k': 0.4702627143647234, 'ign_c': 0.9294394155644988}.
[I 2026-08-05 23:16:11,218] Trial 327 finished with values: [-0.49738560701700585, 0.6988448433651346] and parameters: {'k1': 0.0029707920514735983, 'D_low': 4.051452710153359, 'k2': 0.0007081721844034209, 'D_high': 7744.80118512745, 'fire_exp': 1.182396148413737, 'P_half': 24.136213194527585, 'pre_dampen_half': 304.7488318185732, 'gpp_af': 1.2003722333832936, 'gpp_b': 3.228689523591491e-05, 'gpp_d': 857.4284557962634, 'ign_k': 0.03141110271934876, 'ign_c': 3.0378658251922155}.
[I 2026-08-05 23:16:12,359] Trial 328 finished with values: [10.357014307064006, 10.357014307064006] and parameters: {'k1': 7.841214856323651e-05, 'D_low': 2.1234210963705626, 'k2': 1.1184534120760473e-05, 'D_high': 48249.14281180252, 'fire_exp': 1.151006986743773, 'P_half': 215.55950571043874, 'pre_dampen_half': 111.37963167994629, 'gpp_af': 5.511863475708366, 'gpp_b': 0.0006082667040432242, 'gpp_d': 368.30088529547436, 'ign_k': 0.11101191524846071, 'ign_c': 10.140635645866492}.
[I 2026-08-05 23:16:13,505] Trial 329 finished with values: [10.729803870613784, 10.729803870613784] and parameters: {'k1': 0.00014281536924924868, 'D_low': 125.32726386250698, 'k2': 8.54747617666719e-05, 'D_high': 75773.14388518519, 'fire_exp': 1.1044852285094786, 'P_half': 63.585411411994926, 'pre_dampen_half': 36.876350096203005, 'gpp_af': 0.0013243534516762826, 'gpp_b': 0.011750724729953272, 'gpp_d': 368.30088529547436, 'ign_k': 8.761971101023693, 'ign_c': 6.160975294741436}.
[I 2026-08-05 23:16:14,716] Trial 330 finished with values: [-0.5194809299960168, 0.8559088393626917] and parameters: {'k1': 0.002407354618388189, 'D_low': 1.4045842344024697, 'k2': 0.08894151386481904, 'D_high': 75773.14388518519, 'fire_exp': 1.182396148413737, 'P_half': 13.019246714361572, 'pre_dampen_half': 304.7488318185732, 'gpp_af': 0.04339970334001348, 'gpp_b': 7.402343469704428e-05, 'gpp_d': 5.878566318396007, 'ign_k': 0.04563289369649656, 'ign_c': 2.4287565087611744}.
[I 2026-08-05 23:16:15,855] Trial 331 finished with values: [-0.45621113454908163, 0.9689763682719104] and parameters: {'k1': 0.002407354618388189, 'D_low': 1.4045842344024697, 'k2': 0.031211489608802344, 'D_high': 75773.14388518519, 'fire_exp': 1.1258453832483524, 'P_half': 13.019246714361572, 'pre_dampen_half': 107.40052367919465, 'gpp_af': 0.5107061330406066, 'gpp_b': 3.228689523591491e-05, 'gpp_d': 0.11136446029400991, 'ign_k': 8.761971101023693, 'ign_c': 8.671454322584175}.
[I 2026-08-05 23:16:17,093] Trial 332 finished with values: [10.396996541110687, 10.396996541110687] and parameters: {'k1': 0.002971796631657383, 'D_low': 29.89885508829526, 'k2': 0.0007081721844034209, 'D_high': 9769.756791866093, 'fire_exp': 1.0881360604103363, 'P_half': 8.968733598183245, 'pre_dampen_half': 703.6426675556048, 'gpp_af': 29.925002022877802, 'gpp_b': 0.011750724729953272, 'gpp_d': 4.5768578731086835, 'ign_k': 0.0048255892187380085, 'ign_c': 12.37061744238074}.
[I 2026-08-05 23:16:18,301] Trial 333 finished with values: [10.166234595171113, 10.166234595171113] and parameters: {'k1': 0.03232155805617897, 'D_low': 4.051452710153359, 'k2': 0.031211489608802344, 'D_high': 26666.09148594752, 'fire_exp': 1.2680134752324452, 'P_half': 13.019246714361572, 'pre_dampen_half': 76.86605275420082, 'gpp_af': 29.700320404259642, 'gpp_b': 0.0003746142260732423, 'gpp_d': 857.4284557962634, 'ign_k': 0.8826264591983531, 'ign_c': 0.9294394155644988}.
[I 2026-08-05 23:16:19,598] Trial 334 finished with values: [-0.5036407831321731, 0.7427291635330433] and parameters: {'k1': 2.0937989739527727e-05, 'D_low': 125.32726386250698, 'k2': 0.0022957398214549472, 'D_high': 9769.756791866093, 'fire_exp': 1.010722707674549, 'P_half': 8.968733598183245, 'pre_dampen_half': 703.6426675556048, 'gpp_af': 0.5107061330406066, 'gpp_b': 2.800940363375676e-05, 'gpp_d': 3.032712462969173, 'ign_k': 0.34703605955441524, 'ign_c': 12.37061744238074}.
[I 2026-08-05 23:16:20,779] Trial 335 finished with values: [-0.5483398468809502, 0.6060759669498577] and parameters: {'k1': 0.0029707920514735983, 'D_low': 1.2299210465793122, 'k2': 1.4378290221680118e-05, 'D_high': 75773.14388518519, 'fire_exp': 1.010722707674549, 'P_half': 13.019246714361572, 'pre_dampen_half': 107.40052367919465, 'gpp_af': 0.5107061330406066, 'gpp_b': 0.011750724729953272, 'gpp_d': 5.878566318396007, 'ign_k': 5.9736167866478125, 'ign_c': 3.0378658251922155}.
[I 2026-08-05 23:16:21,969] Trial 336 finished with values: [-0.5115639575509643, 0.9698078196119356] and parameters: {'k1': 0.002407354618388189, 'D_low': 334.62201030483817, 'k2': 0.08894151386481904, 'D_high': 30227.031291375773, 'fire_exp': 1.0501937052663004, 'P_half': 12.808863354047988, 'pre_dampen_half': 111.37963167994629, 'gpp_af': 23.63242908838987, 'gpp_b': 7.402343469704428e-05, 'gpp_d': 223.60515435267138, 'ign_k': 0.34703605955441524, 'ign_c': 2.4287565087611744}.
[I 2026-08-05 23:16:23,137] Trial 337 finished with values: [-0.5767457398960786, 0.5869351326529976] and parameters: {'k1': 0.002407354618388189, 'D_low': 1.4045842344024697, 'k2': 0.08894151386481904, 'D_high': 75773.14388518519, 'fire_exp': 1.182396148413737, 'P_half': 13.019246714361572, 'pre_dampen_half': 347.79988160923324, 'gpp_af': 0.001339466259146302, 'gpp_b': 7.402343469704428e-05, 'gpp_d': 5.878566318396007, 'ign_k': 0.13054148118849407, 'ign_c': 2.4287565087611744}.
[I 2026-08-05 23:16:24,295] Trial 338 finished with values: [10.421628217727628, 10.421628217727628] and parameters: {'k1': 0.05705198955850472, 'D_low': 29.89885508829526, 'k2': 0.0007081721844034209, 'D_high': 15672.307460600232, 'fire_exp': 1.0881360604103363, 'P_half': 10.226988730324324, 'pre_dampen_half': 36.876350096203005, 'gpp_af': 29.925002022877802, 'gpp_b': 9.71862138171112, 'gpp_d': 857.4284557962634, 'ign_k': 0.03141110271934876, 'ign_c': 6.160975294741436}.
[I 2026-08-05 23:16:25,447] Trial 339 finished with values: [10.716119754070887, 10.716119754070887] and parameters: {'k1': 0.00013783578294796384, 'D_low': 1.4045842344024697, 'k2': 0.0027431991397796683, 'D_high': 1024.9816559563214, 'fire_exp': 1.0881360604103363, 'P_half': 8.968733598183245, 'pre_dampen_half': 0.5669686912640489, 'gpp_af': 0.015769192447197523, 'gpp_b': 3.139005000572696e-05, 'gpp_d': 2.8006820077310213, 'ign_k': 0.0048255892187380085, 'ign_c': 12.37061744238074}.
[I 2026-08-05 23:16:26,587] Trial 340 finished with values: [10.4164489984187, 10.4164489984187] and parameters: {'k1': 0.0029707920514735983, 'D_low': 1171.5293025123642, 'k2': 0.00040525058872279963, 'D_high': 75773.14388518519, 'fire_exp': 1.1044852285094786, 'P_half': 13.019246714361572, 'pre_dampen_half': 304.7488318185732, 'gpp_af': 0.0025511964576171086, 'gpp_b': 0.00012797528816608022, 'gpp_d': 5.878566318396007, 'ign_k': 8.761971101023693, 'ign_c': 8.671454322584175}.
[I 2026-08-05 23:16:27,788] Trial 341 finished with values: [10.052135265219018, 10.052135265219018] and parameters: {'k1': 0.0005486676498816061, 'D_low': 1.4045842344024697, 'k2': 0.031211489608802344, 'D_high': 830.8114652888394, 'fire_exp': 1.1258453832483524, 'P_half': 13.019246714361572, 'pre_dampen_half': 304.7488318185732, 'gpp_af': 0.015769192447197523, 'gpp_b': 3.481277316673104e-05, 'gpp_d': 150.14555442537656, 'ign_k': 8.761971101023693, 'ign_c': 1.5061320080433496}.
[I 2026-08-05 23:16:28,960] Trial 342 finished with values: [-0.5460915078599146, 0.6729616972231076] and parameters: {'k1': 0.025383218374507292, 'D_low': 29.89885508829526, 'k2': 0.0001870742013766025, 'D_high': 9769.756791866093, 'fire_exp': 1.010722707674549, 'P_half': 51.10120656497163, 'pre_dampen_half': 703.6426675556048, 'gpp_af': 10.25616274847308, 'gpp_b': 0.011750724729953272, 'gpp_d': 891.8036602897795, 'ign_k': 0.031134168041628628, 'ign_c': 0.773448215664679}.
[I 2026-08-05 23:16:30,146] Trial 343 finished with values: [10.280243474939086, 10.280243474939086] and parameters: {'k1': 0.025383218374507292, 'D_low': 2.1234210963705626, 'k2': 0.08894151386481904, 'D_high': 75773.14388518519, 'fire_exp': 1.182396148413737, 'P_half': 13.019246714361572, 'pre_dampen_half': 107.40052367919465, 'gpp_af': 1.3725472882585024, 'gpp_b': 0.6637926838138378, 'gpp_d': 5.878566318396007, 'ign_k': 0.34703605955441524, 'ign_c': 8.671454322584175}.
[I 2026-08-05 23:16:31,296] Trial 344 finished with values: [10.369682955193541, 10.369682955193541] and parameters: {'k1': 0.0029707920514735983, 'D_low': 1.4045842344024697, 'k2': 1.4378290221680118e-05, 'D_high': 31239.815244140624, 'fire_exp': 1.5201277403788451, 'P_half': 13.019246714361572, 'pre_dampen_half': 304.7488318185732, 'gpp_af': 83.25634591966735, 'gpp_b': 3.481277316673104e-05, 'gpp_d': 150.14555442537656, 'ign_k': 0.03141110271934876, 'ign_c': 3.0378658251922155}.
[I 2026-08-05 23:16:32,427] Trial 345 finished with values: [10.76843737919244, 10.76843737919244] and parameters: {'k1': 0.0029707920514735983, 'D_low': 2.458603276328005, 'k2': 0.0027431991397796683, 'D_high': 576.2487216478603, 'fire_exp': 1.324458134009935, 'P_half': 95.65499215943822, 'pre_dampen_half': 304.7488318185732, 'gpp_af': 0.0025511964576171086, 'gpp_b': 0.40704318060211087, 'gpp_d': 1.226969905882515, 'ign_k': 0.11101191524846071, 'ign_c': 3.0378658251922155}.
[I 2026-08-05 23:16:33,583] Trial 346 finished with values: [-0.4801898466734634, 0.7032664433601536] and parameters: {'k1': 0.0004846497679219079, 'D_low': 1.1065812688893482, 'k2': 0.0007081721844034209, 'D_high': 9769.756791866093, 'fire_exp': 1.0881360604103363, 'P_half': 10.226988730324324, 'pre_dampen_half': 304.7488318185732, 'gpp_af': 29.925002022877802, 'gpp_b': 0.011750724729953272, 'gpp_d': 368.30088529547436, 'ign_k': 0.03141110271934876, 'ign_c': 0.3528113274684997}.
[I 2026-08-05 23:16:34,730] Trial 347 finished with values: [10.614744046435725, 10.614744046435725] and parameters: {'k1': 0.008956420301712053, 'D_low': 125.32726386250698, 'k2': 0.008919267853250165, 'D_high': 75773.14388518519, 'fire_exp': 1.1044852285094786, 'P_half': 10.226988730324324, 'pre_dampen_half': 0.1562736402797949, 'gpp_af': 10.25616274847308, 'gpp_b': 3.139005000572696e-05, 'gpp_d': 4.5768578731086835, 'ign_k': 0.0026834162496848666, 'ign_c': 8.671454322584175}.
[I 2026-08-05 23:16:35,884] Trial 348 finished with values: [10.464597865893099, 10.464597865893099] and parameters: {'k1': 2.0937989739527727e-05, 'D_low': 1.2834648227562822, 'k2': 2.5461628161276896e-05, 'D_high': 27.662820108131335, 'fire_exp': 1.182396148413737, 'P_half': 4.397766894483963, 'pre_dampen_half': 703.6426675556048, 'gpp_af': 0.0025511964576171086, 'gpp_b': 3.228689523591491e-05, 'gpp_d': 0.13223503889537183, 'ign_k': 0.03141110271934876, 'ign_c': 0.7724824966785973}.
[I 2026-08-05 23:16:37,038] Trial 349 finished with values: [10.209842194155634, 10.209842194155634] and parameters: {'k1': 0.008956420301712053, 'D_low': 9.330007965781027, 'k2': 0.0007081721844034209, 'D_high': 7744.80118512745, 'fire_exp': 1.0881360604103363, 'P_half': 8.968733598183245, 'pre_dampen_half': 703.6426675556048, 'gpp_af': 10.25616274847308, 'gpp_b': 3.139005000572696e-05, 'gpp_d': 4.5768578731086835, 'ign_k': 0.0048255892187380085, 'ign_c': 2.4287565087611744}.
[I 2026-08-05 23:16:38,221] Trial 350 finished with values: [10.23263420384954, 10.23263420384954] and parameters: {'k1': 0.04897760278488444, 'D_low': 26.21130418912424, 'k2': 0.00014091459170104733, 'D_high': 1024.9816559563214, 'fire_exp': 1.010722707674549, 'P_half': 11.877073321543955, 'pre_dampen_half': 107.40052367919465, 'gpp_af': 0.015769192447197523, 'gpp_b': 0.0005995821881487623, 'gpp_d': 0.11136446029400991, 'ign_k': 0.34703605955441524, 'ign_c': 2.4287565087611744}.
[I 2026-08-05 23:16:39,396] Trial 351 finished with values: [-0.4921534668695268, 0.8262961405922215] and parameters: {'k1': 0.0029707920514735983, 'D_low': 125.32726386250698, 'k2': 0.00011939136672856547, 'D_high': 7744.80118512745, 'fire_exp': 1.182396148413737, 'P_half': 8.968733598183245, 'pre_dampen_half': 304.7488318185732, 'gpp_af': 0.5107061330406066, 'gpp_b': 3.228689523591491e-05, 'gpp_d': 857.4284557962634, 'ign_k': 0.34703605955441524, 'ign_c': 3.0378658251922155}.
[I 2026-08-05 23:16:40,688] Trial 352 finished with values: [10.475904075836375, 10.475904075836375] and parameters: {'k1': 0.00013783578294796384, 'D_low': 2.1234210963705626, 'k2': 0.031211489608802344, 'D_high': 1024.9816559563214, 'fire_exp': 1.2680134752324452, 'P_half': 7.670748914453766, 'pre_dampen_half': 347.79988160923324, 'gpp_af': 0.001339466259146302, 'gpp_b': 7.402343469704428e-05, 'gpp_d': 2.8006820077310213, 'ign_k': 0.0067849245190831405, 'ign_c': 8.671454322584175}.
[I 2026-08-05 23:16:41,865] Trial 353 finished with values: [-0.4752390597281722, 0.9434989214315124] and parameters: {'k1': 0.00324789183891923, 'D_low': 125.32726386250698, 'k2': 0.031211489608802344, 'D_high': 31030.112026960956, 'fire_exp': 1.151006986743773, 'P_half': 10.753522341516506, 'pre_dampen_half': 703.6426675556048, 'gpp_af': 4.582731702170249, 'gpp_b': 3.139005000572696e-05, 'gpp_d': 107.84642153666701, 'ign_k': 0.03141110271934876, 'ign_c': 3.0378658251922155}.
[I 2026-08-05 23:16:43,075] Trial 354 finished with values: [10.733953055264596, 10.733953055264596] and parameters: {'k1': 0.00324789183891923, 'D_low': 2.5379946629058443, 'k2': 8.598664501707758e-05, 'D_high': 1024.9816559563214, 'fire_exp': 1.1258453832483524, 'P_half': 10.753522341516506, 'pre_dampen_half': 0.016235510473855456, 'gpp_af': 5.511863475708366, 'gpp_b': 0.00012797528816608022, 'gpp_d': 0.04974854350453755, 'ign_k': 0.03141110271934876, 'ign_c': 3.0378658251922155}.
[I 2026-08-05 23:16:44,253] Trial 355 finished with values: [10.769230769178105, 10.769230769178105] and parameters: {'k1': 0.0029707920514735983, 'D_low': 4.051452710153359, 'k2': 0.0007081721844034209, 'D_high': 11.789509559476436, 'fire_exp': 1.0881360604103363, 'P_half': 958.8659498594012, 'pre_dampen_half': 304.7488318185732, 'gpp_af': 29.925002022877802, 'gpp_b': 0.011750724729953272, 'gpp_d': 857.4284557962634, 'ign_k': 0.03141110271934876, 'ign_c': 893.0783450941816}.
[I 2026-08-05 23:16:45,437] Trial 356 finished with values: [10.675640990989296, 10.675640990989296] and parameters: {'k1': 0.0029707920514735983, 'D_low': 1.1065812688893482, 'k2': 1.1184534120760473e-05, 'D_high': 9769.756791866093, 'fire_exp': 1.151006986743773, 'P_half': 51.41531903173455, 'pre_dampen_half': 14.711215379121963, 'gpp_af': 0.47739011308437823, 'gpp_b': 0.03841303420847976, 'gpp_d': 0.834897644537872, 'ign_k': 0.03141110271934876, 'ign_c': 0.3528113274684997}.
[I 2026-08-05 23:16:46,638] Trial 357 finished with values: [10.746113066123087, 10.746113066123087] and parameters: {'k1': 0.03232155805617897, 'D_low': 523.1053126909052, 'k2': 0.005456725485601475, 'D_high': 576.2487216478603, 'fire_exp': 1.6529278148136084, 'P_half': 215.55950571043874, 'pre_dampen_half': 111.37963167994629, 'gpp_af': 11.234842109991876, 'gpp_b': 0.0003570095960030948, 'gpp_d': 20.54051942538844, 'ign_k': 6.3073181184917315, 'ign_c': 12.03017887115466}.
[I 2026-08-05 23:16:47,811] Trial 358 finished with values: [-0.4752390597281722, 0.9434989214315124] and parameters: {'k1': 0.00324789183891923, 'D_low': 125.32726386250698, 'k2': 0.031211489608802344, 'D_high': 31030.112026960956, 'fire_exp': 1.151006986743773, 'P_half': 10.753522341516506, 'pre_dampen_half': 703.6426675556048, 'gpp_af': 4.582731702170249, 'gpp_b': 3.139005000572696e-05, 'gpp_d': 107.84642153666701, 'ign_k': 0.03141110271934876, 'ign_c': 3.0378658251922155}.
[I 2026-08-05 23:16:49,027] Trial 359 finished with values: [10.673139262070752, 10.673139262070752] and parameters: {'k1': 0.002971796631657383, 'D_low': 2.1234210963705626, 'k2': 0.013975908789482218, 'D_high': 75773.14388518519, 'fire_exp': 1.182396148413737, 'P_half': 19.4230157499841, 'pre_dampen_half': 347.79988160923324, 'gpp_af': 92.21975850381763, 'gpp_b': 3.228689523591491e-05, 'gpp_d': 0.03848886303127135, 'ign_k': 0.002278473643771521, 'ign_c': 8.671454322584175}.
