[I 2026-06-11 01:52:51,416] Trial 202 finished with values: [-0.671379665553847, 0.13460437603867015] and parameters: {'k1': 0.012840669372724958, 'D_low': 171.2446447678494, 'k2': 0.00037358626308127543, 'D_high': 36998.679204890876, 'fire_exp': 1.9136159174067866, 'P_half': 93.43302657318476, 'pre_dampen_half': 30.456909077772018, 'gpp_af': 0.016306190741524337, 'gpp_b': 2.176805640408474e-05, 'gpp_d': 0.7698760608299932, 'ign_k': 0.0029519227433917453, 'ign_c': 342.8810943862522, 'trop_agb_crit': 2.0527418919564324, 'trop_k_veg': 2.520089655463604, 'fire_amp': 5.44779717154213}.
[I 2026-06-11 01:52:52,910] Trial 203 finished with values: [-0.6027003743503605, 0.19496147186640655] and parameters: {'k1': 0.00023134781612225627, 'D_low': 1.7551403048208316, 'k2': 0.045914852167405346, 'D_high': 32311.521854410956, 'fire_exp': 1.41873960828944, 'P_half': 5.4712187293420325, 'pre_dampen_half': 16.009350908593582, 'gpp_af': 0.008117091133892173, 'gpp_b': 0.00031478066835753096, 'gpp_d': 12.338826503601998, 'ign_k': 0.002357279455676982, 'ign_c': 7.081721844034206, 'trop_agb_crit': 12.708819454040446, 'trop_k_veg': 0.5535297685306277, 'fire_amp': 1.5719333351012774}.
[I 2026-06-11 01:52:54,452] Trial 204 finished with values: [10.712613361565197, 10.712613361565197] and parameters: {'k1': 0.00031134168041628584, 'D_low': 24.28756508761176, 'k2': 0.003767022142229395, 'D_high': 431.45617043093523, 'fire_exp': 1.0601964743503993, 'P_half': 7.914423612155368, 'pre_dampen_half': 435.2726865811943, 'gpp_af': 94.30595410350193, 'gpp_b': 1.4540386644083135e-05, 'gpp_d': 0.12878367369717508, 'ign_k': 0.00840038491455979, 'ign_c': 48.704711413416454, 'trop_agb_crit': 1.0693376406863295, 'trop_k_veg': 0.8097682578073301, 'fire_amp': 3.1045399027418377}.
[I 2026-06-11 01:52:55,868] Trial 205 finished with values: [10.438956003346842, 10.438956003346842] and parameters: {'k1': 5.178197947282869e-05, 'D_low': 1739.6167422846984, 'k2': 0.01567230746060024, 'D_high': 42210.21267871043, 'fire_exp': 1.7505406131449859, 'P_half': 101.40635645866499, 'pre_dampen_half': 98.05638874011484, 'gpp_af': 14.161176080022173, 'gpp_b': 0.0004125336560355494, 'gpp_d': 0.7698760608299932, 'ign_k': 0.03845635122720663, 'ign_c': 2.2489542843914485, 'trop_agb_crit': 3.5874145253515306, 'trop_k_veg': 0.5183533149347164, 'fire_amp': 3.890668402773863}.
[I 2026-06-11 01:52:57,180] Trial 206 finished with values: [10.554035992796422, 10.554035992796422] and parameters: {'k1': 3.609310926766545e-05, 'D_low': 1121.5915868662764, 'k2': 0.045914852167405346, 'D_high': 252.84086172415604, 'fire_exp': 1.41873960828944, 'P_half': 12.280874862135363, 'pre_dampen_half': 16.009350908593582, 'gpp_af': 0.008117091133892173, 'gpp_b': 0.00012118589392553798, 'gpp_d': 12.338826503601998, 'ign_k': 0.012480180965117606, 'ign_c': 48.704711413416454, 'trop_agb_crit': 11.664190932505923, 'trop_k_veg': 3.4439936249445045, 'fire_amp': 1.5719333351012774}.
[I 2026-06-11 01:52:58,484] Trial 207 finished with values: [10.610438660520916, 10.610438660520916] and parameters: {'k1': 0.0001887567630782227, 'D_low': 1.4002277211577039, 'k2': 0.005204862686958021, 'D_high': 18108.14362107968, 'fire_exp': 1.1633452995374232, 'P_half': 2.226799690893868, 'pre_dampen_half': 0.058813839452486964, 'gpp_af': 0.8594202650742228, 'gpp_b': 0.004411400434514031, 'gpp_d': 1.0088237648985734, 'ign_k': 0.0032383308053152635, 'ign_c': 7.081721844034206, 'trop_agb_crit': 1.8566494291193822, 'trop_k_veg': 6.825463866194253, 'fire_amp': 2.7806853670293616}.
[I 2026-06-11 01:52:59,806] Trial 208 finished with values: [10.734383684080338, 10.734383684080338] and parameters: {'k1': 0.00023134781612225627, 'D_low': 1074.940539517341, 'k2': 0.0001280886335404798, 'D_high': 18337.177967709995, 'fire_exp': 1.811096651915224, 'P_half': 12.262543158860007, 'pre_dampen_half': 0.13249602803264168, 'gpp_af': 0.07118041471054574, 'gpp_b': 0.00031478066835753096, 'gpp_d': 0.1619054449471649, 'ign_k': 0.012480180965117606, 'ign_c': 1.4091459170104739, 'trop_agb_crit': 12.708819454040446, 'trop_k_veg': 4.989748894578724, 'fire_amp': 2.042193818779288}.
[I 2026-06-11 01:53:01,368] Trial 209 finished with values: [10.747216674726298, 10.747216674726298] and parameters: {'k1': 5.7909642338812115e-05, 'D_low': 24.28756508761176, 'k2': 7.857247967427128e-05, 'D_high': 69868.4759244566, 'fire_exp': 1.2918065501148304, 'P_half': 7.914423612155368, 'pre_dampen_half': 1.8469033699850426, 'gpp_af': 0.2204465010099918, 'gpp_b': 0.01666658176842624, 'gpp_d': 0.39400557434451433, 'ign_k': 0.17320535908244444, 'ign_c': 39.52220881906114, 'trop_agb_crit': 2.0420012944047587, 'trop_k_veg': 6.030247256556128, 'fire_amp': 3.1045399027418377}.
[I 2026-06-11 01:53:02,917] Trial 210 finished with values: [10.334984673702051, 10.334984673702051] and parameters: {'k1': 0.012840669372724958, 'D_low': 1739.6167422846984, 'k2': 0.02939607009739149, 'D_high': 44974.07193749848, 'fire_exp': 3.2459542834651627, 'P_half': 101.40635645866499, 'pre_dampen_half': 98.05638874011484, 'gpp_af': 97.64961889396923, 'gpp_b': 0.03719354588132657, 'gpp_d': 95.2715755007094, 'ign_k': 0.17320535908244444, 'ign_c': 0.4177928311636542, 'trop_agb_crit': 3.5874145253515306, 'trop_k_veg': 5.453348988480011, 'fire_amp': 1.8357623383234334}.
[I 2026-06-11 01:53:04,224] Trial 211 finished with values: [10.28671567615637, 10.28671567615637] and parameters: {'k1': 3.609310926766545e-05, 'D_low': 1121.5915868662764, 'k2': 0.032141234030334316, 'D_high': 6682.9607218310075, 'fire_exp': 1.4848387260494937, 'P_half': 2.226799690893868, 'pre_dampen_half': 4.847666216751353, 'gpp_af': 0.9219336658511308, 'gpp_b': 0.001674375583895437, 'gpp_d': 1.4397852866783676, 'ign_k': 0.0032383308053152635, 'ign_c': 1.364908766641693, 'trop_agb_crit': 11.664190932505923, 'trop_k_veg': 4.989748894578724, 'fire_amp': 2.7806853670293616}.
[I 2026-06-11 01:53:05,623] Trial 212 finished with values: [10.76902596495204, 10.76902596495204] and parameters: {'k1': 0.012840669372724958, 'D_low': 1216.4139351417061, 'k2': 0.002090955698118952, 'D_high': 271.55819552829405, 'fire_exp': 1.305777134899723, 'P_half': 93.43302657318476, 'pre_dampen_half': 0.011396414164620812, 'gpp_af': 0.04513257622008944, 'gpp_b': 2.176805640408474e-05, 'gpp_d': 0.03927259340973166, 'ign_k': 0.01998634077852888, 'ign_c': 0.4177928311636542, 'trop_agb_crit': 8.74479618932312, 'trop_k_veg': 5.85168037586392, 'fire_amp': 2.330529660087218}.
[I 2026-06-11 01:53:06,906] Trial 213 finished with values: [-0.4679564393818608, 0.17082929428706972] and parameters: {'k1': 5.178197947282869e-05, 'D_low': 236.79352040223893, 'k2': 8.968733598183248e-05, 'D_high': 24.9899605789089, 'fire_exp': 1.2344878997299724, 'P_half': 9.580682294110435, 'pre_dampen_half': 189.88136301569827, 'gpp_af': 0.060029341913968644, 'gpp_b': 0.002416023630607169, 'gpp_d': 21.899070557043984, 'ign_k': 0.0032383308053152635, 'ign_c': 1.4879588507789996, 'trop_agb_crit': 8.0091368834625, 'trop_k_veg': 0.5183533149347164, 'fire_amp': 1.1655705619308396}.
[I 2026-06-11 01:53:08,389] Trial 214 finished with values: [14.370433705026116, 14.370433705026116] and parameters: {'k1': 0.03648456083047798, 'D_low': 236.79352040223893, 'k2': 0.019383858782150494, 'D_high': 6682.9607218310075, 'fire_exp': 1.2060040899560858, 'P_half': 2.226799690893868, 'pre_dampen_half': 123.04779330083686, 'gpp_af': 20.12115544906385, 'gpp_b': 1.1008110571039521e-05, 'gpp_d': 3.57879245350232, 'ign_k': 0.0467351899956275, 'ign_c': 1.364908766641693, 'trop_agb_crit': 1.5033346993841157, 'trop_k_veg': 2.99731137426955, 'fire_amp': 5.416595007374148}.
[I 2026-06-11 01:53:09,976] Trial 215 finished with values: [10.769103320656434, 10.769103320656434] and parameters: {'k1': 0.00031134168041628584, 'D_low': 236.79352040223893, 'k2': 0.02065142557895925, 'D_high': 6682.9607218310075, 'fire_exp': 7.541554304668537, 'P_half': 2.226799690893868, 'pre_dampen_half': 4.847666216751353, 'gpp_af': 1.9706963379095486, 'gpp_b': 2.800940363375676e-05, 'gpp_d': 0.21281400894533783, 'ign_k': 0.003296550135838091, 'ign_c': 1.364908766641693, 'trop_agb_crit': 1.0693376406863295, 'trop_k_veg': 2.99731137426955, 'fire_amp': 4.19233232783727}.
[I 2026-06-11 01:53:11,406] Trial 216 finished with values: [10.743986374039546, 10.743986374039546] and parameters: {'k1': 0.00026539376439360527, 'D_low': 1074.940539517341, 'k2': 0.0499774937030317, 'D_high': 27.55546207779663, 'fire_exp': 1.6901885781909627, 'P_half': 51.10120656497163, 'pre_dampen_half': 30.456909077772018, 'gpp_af': 27.78052183438328, 'gpp_b': 0.006999112505425414, 'gpp_d': 20.81401325574021, 'ign_k': 0.09256855841989636, 'ign_c': 7.832259769732471, 'trop_agb_crit': 24.199763404822136, 'trop_k_veg': 1.2749676887479542, 'fire_amp': 4.2446263054164195}.
[I 2026-06-11 01:53:12,786] Trial 217 finished with values: [10.75062718668367, 10.75062718668367] and parameters: {'k1': 0.0032360993995751053, 'D_low': 15.0613200804335, 'k2': 5.153993511603138e-05, 'D_high': 69868.4759244566, 'fire_exp': 1.3807440352456883, 'P_half': 1265.0580856641704, 'pre_dampen_half': 4.847666216751353, 'gpp_af': 29.700320404259642, 'gpp_b': 0.010307896803108956, 'gpp_d': 1.336803341156552, 'ign_k': 0.001229921046579313, 'ign_c': 664.6698709242512, 'trop_agb_crit': 1.0693376406863295, 'trop_k_veg': 6.030247256556128, 'fire_amp': 2.7806853670293616}.
[I 2026-06-11 01:53:14,123] Trial 218 finished with values: [10.76741137085516, 10.76741137085516] and parameters: {'k1': 0.012840669372724958, 'D_low': 2808.7330790064375, 'k2': 0.01567230746060024, 'D_high': 44974.07193749848, 'fire_exp': 1.2918065501148304, 'P_half': 45.55085098454082, 'pre_dampen_half': 0.011396414164620812, 'gpp_af': 1.7775411110039254, 'gpp_b': 0.7196087713577951, 'gpp_d': 0.39400557434451433, 'ign_k': 0.0018548376790967168, 'ign_c': 39.52220881906114, 'trop_agb_crit': 3.5874145253515306, 'trop_k_veg': 0.6488368931910606, 'fire_amp': 2.818314238665462}.
[I 2026-06-11 01:53:15,514] Trial 219 finished with values: [10.582815106459721, 10.582815106459721] and parameters: {'k1': 0.006079905434073396, 'D_low': 2267.735223551285, 'k2': 0.02065142557895925, 'D_high': 48235.58283024493, 'fire_exp': 1.7792742686803427, 'P_half': 157.3644610977214, 'pre_dampen_half': 9.044346216330972, 'gpp_af': 1.9998014714101113, 'gpp_b': 0.00047819318414852577, 'gpp_d': 0.4742269251269962, 'ign_k': 1.6270983114897255, 'ign_c': 0.6235377135673155, 'trop_agb_crit': 8.0091368834625, 'trop_k_veg': 1.6003641872536711, 'fire_amp': 1.5587346124822492}.
[I 2026-06-11 01:53:17,163] Trial 220 finished with values: [10.769230768877819, 10.769230768877819] and parameters: {'k1': 0.016973078532467004, 'D_low': 6010.742028864748, 'k2': 0.045914852167405346, 'D_high': 27.55546207779663, 'fire_exp': 1.41873960828944, 'P_half': 51.10120656497163, 'pre_dampen_half': 123.04779330083686, 'gpp_af': 20.12115544906385, 'gpp_b': 0.015062722325200045, 'gpp_d': 20.81401325574021, 'ign_k': 0.002357279455676982, 'ign_c': 388.02797007866826, 'trop_agb_crit': 24.199763404822136, 'trop_k_veg': 1.2749676887479542, 'fire_amp': 5.416595007374148}.
[I 2026-06-11 01:53:18,567] Trial 221 finished with values: [10.691822268846847, 10.691822268846847] and parameters: {'k1': 0.00026539376439360527, 'D_low': 1216.4139351417061, 'k2': 1.97778285124627e-05, 'D_high': 271.55819552829405, 'fire_exp': 1.111738490499784, 'P_half': 2834.090429514774, 'pre_dampen_half': 189.36639872354493, 'gpp_af': 3.298293484806585, 'gpp_b': 0.006999112505425414, 'gpp_d': 0.3588488911386258, 'ign_k': 0.09256855841989636, 'ign_c': 0.4177928311636542, 'trop_agb_crit': 1.8023542850487386, 'trop_k_veg': 1.6648666152166967, 'fire_amp': 2.042193818779288}.
[I 2026-06-11 01:53:19,899] Trial 222 finished with values: [10.726937896666527, 10.726937896666527] and parameters: {'k1': 0.004177995063991521, 'D_low': 12.105387404469584, 'k2': 0.032141234030334316, 'D_high': 262.11304189124235, 'fire_exp': 1.111738490499784, 'P_half': 12.262543158860007, 'pre_dampen_half': 0.011396414164620812, 'gpp_af': 1.9706963379095486, 'gpp_b': 1.4540386644083135e-05, 'gpp_d': 96.93415502195788, 'ign_k': 0.15974581244256694, 'ign_c': 1.4091459170104739, 'trop_agb_crit': 1.0693376406863295, 'trop_k_veg': 0.6673124511410327, 'fire_amp': 4.19233232783727}.
[I 2026-06-11 01:53:21,270] Trial 223 finished with values: [10.727595102970849, 10.727595102970849] and parameters: {'k1': 1.1281785190969807e-05, 'D_low': 171.2446447678494, 'k2': 0.0499774937030317, 'D_high': 42210.21267871043, 'fire_exp': 1.2918065501148304, 'P_half': 61.6097529474144, 'pre_dampen_half': 1.8469033699850426, 'gpp_af': 29.700320404259642, 'gpp_b': 0.03719354588132657, 'gpp_d': 1.336803341156552, 'ign_k': 0.001229921046579313, 'ign_c': 0.4177928311636542, 'trop_agb_crit': 2.0420012944047587, 'trop_k_veg': 0.6363741063482814, 'fire_amp': 1.8357623383234334}.
[I 2026-06-11 01:53:22,603] Trial 224 finished with values: [10.522567309729688, 10.522567309729688] and parameters: {'k1': 5.178197947282869e-05, 'D_low': 408.3047491580097, 'k2': 0.0007731571570012607, 'D_high': 1817.0401889219124, 'fire_exp': 1.1633452995374232, 'P_half': 1265.0580856641704, 'pre_dampen_half': 1.8469033699850426, 'gpp_af': 0.41874665092828456, 'gpp_b': 0.002416023630607169, 'gpp_d': 21.899070557043984, 'ign_k': 0.00660597889201953, 'ign_c': 0.4177928311636542, 'trop_agb_crit': 1.8566494291193822, 'trop_k_veg': 0.5183533149347164, 'fire_amp': 5.44779717154213}.
[I 2026-06-11 01:53:24,087] Trial 225 finished with values: [10.224672707413289, 10.224672707413289] and parameters: {'k1': 3.609310926766545e-05, 'D_low': 43.03411264066069, 'k2': 0.0007731571570012607, 'D_high': 252.84086172415604, 'fire_exp': 1.4848387260494937, 'P_half': 1265.0580856641704, 'pre_dampen_half': 170.71098124594695, 'gpp_af': 0.41874665092828456, 'gpp_b': 0.00012118589392553798, 'gpp_d': 1.0088237648985734, 'ign_k': 0.17320535908244444, 'ign_c': 0.4177928311636542, 'trop_agb_crit': 11.664190932505923, 'trop_k_veg': 4.989748894578724, 'fire_amp': 3.1543496524370136}.
[I 2026-06-11 01:53:25,613] Trial 226 finished with values: [10.769225868442856, 10.769225868442856] and parameters: {'k1': 4.739584301027366e-05, 'D_low': 1.7551403048208316, 'k2': 0.0001280886335404798, 'D_high': 22.636544662054543, 'fire_exp': 1.811096651915224, 'P_half': 7556.810141274427, 'pre_dampen_half': 121.93011993958949, 'gpp_af': 0.07118041471054574, 'gpp_b': 1.8400604093141188, 'gpp_d': 0.1619054449471649, 'ign_k': 0.002357279455676982, 'ign_c': 7.081721844034206, 'trop_agb_crit': 12.708819454040446, 'trop_k_veg': 0.5535297685306277, 'fire_amp': 1.5719333351012774}.
[I 2026-06-11 01:53:27,053] Trial 227 finished with values: [10.319039333752563, 10.319039333752563] and parameters: {'k1': 5.7909642338812115e-05, 'D_low': 13.012518385211498, 'k2': 0.0002442377596403892, 'D_high': 22.636544662054543, 'fire_exp': 1.0420149135640993, 'P_half': 7.914423612155368, 'pre_dampen_half': 1.8469033699850426, 'gpp_af': 0.005061568304359487, 'gpp_b': 0.004411400434514031, 'gpp_d': 1.0088237648985734, 'ign_k': 0.0014363112408604436, 'ign_c': 0.22592797420156951, 'trop_agb_crit': 8.462233625364036, 'trop_k_veg': 0.5667990147757791, 'fire_amp': 5.869450070968175}.
[I 2026-06-11 01:53:28,368] Trial 228 finished with values: [-0.7338333211561925, 0.037227273495314184] and parameters: {'k1': 5.7909642338812115e-05, 'D_low': 1.4002277211577039, 'k2': 0.0007731571570012607, 'D_high': 30227.031291375773, 'fire_exp': 1.1633452995374232, 'P_half': 1265.0580856641704, 'pre_dampen_half': 1.8469033699850426, 'gpp_af': 0.07302012718529301, 'gpp_b': 0.00036184510553922684, 'gpp_d': 1.0088237648985734, 'ign_k': 0.17320535908244444, 'ign_c': 7.081721844034206, 'trop_agb_crit': 1.8566494291193822, 'trop_k_veg': 5.453348988480011, 'fire_amp': 5.44779717154213}.
[I 2026-06-11 01:53:29,688] Trial 229 finished with values: [10.645777191156327, 10.645777191156327] and parameters: {'k1': 0.03648456083047798, 'D_low': 236.79352040223893, 'k2': 0.019383858782150494, 'D_high': 6682.9607218310075, 'fire_exp': 1.2918065501148304, 'P_half': 45.55085098454082, 'pre_dampen_half': 0.011396414164620812, 'gpp_af': 0.2204465010099918, 'gpp_b': 0.001674375583895437, 'gpp_d': 1.4397852866783676, 'ign_k': 0.0018548376790967168, 'ign_c': 1.364908766641693, 'trop_agb_crit': 2.0420012944047587, 'trop_k_veg': 6.030247256556128, 'fire_amp': 2.7806853670293616}.
[I 2026-06-11 01:53:31,077] Trial 230 finished with values: [10.16099848350181, 10.16099848350181] and parameters: {'k1': 5.7909642338812115e-05, 'D_low': 1.4002277211577039, 'k2': 0.003767022142229395, 'D_high': 1817.0401889219124, 'fire_exp': 1.1633452995374232, 'P_half': 782.8534228218628, 'pre_dampen_half': 33.71909132517384, 'gpp_af': 0.3015634307185767, 'gpp_b': 0.004411400434514031, 'gpp_d': 1.0088237648985734, 'ign_k': 0.00840038491455979, 'ign_c': 157.63098727399432, 'trop_agb_crit': 1.8566494291193822, 'trop_k_veg': 0.6673124511410327, 'fire_amp': 5.44779717154213}.
[I 2026-06-11 01:53:32,615] Trial 231 finished with values: [13.851288142768391, 13.851288142768391] and parameters: {'k1': 0.012840669372724958, 'D_low': 171.2446447678494, 'k2': 0.00037358626308127543, 'D_high': 36998.679204890876, 'fire_exp': 1.41873960828944, 'P_half': 3.591771421517613, 'pre_dampen_half': 16.009350908593582, 'gpp_af': 0.008117091133892173, 'gpp_b': 2.176805640408474e-05, 'gpp_d': 12.338826503601998, 'ign_k': 0.07867677706257832, 'ign_c': 0.4177928311636542, 'trop_agb_crit': 12.647327018493208, 'trop_k_veg': 5.85168037586392, 'fire_amp': 2.330529660087218}.
[I 2026-06-11 01:53:34,110] Trial 232 finished with values: [10.729266455393658, 10.729266455393658] and parameters: {'k1': 0.0001887567630782227, 'D_low': 2396.0796124300746, 'k2': 0.019383858782150494, 'D_high': 21.095259085905752, 'fire_exp': 1.2060040899560858, 'P_half': 7.598586431588784, 'pre_dampen_half': 4.847666216751353, 'gpp_af': 1.3954498518315706, 'gpp_b': 0.001674375583895437, 'gpp_d': 1.4397852866783676, 'ign_k': 0.0032383308053152635, 'ign_c': 1.364908766641693, 'trop_agb_crit': 1.8285200278523417, 'trop_k_veg': 2.99731137426955, 'fire_amp': 2.7806853670293616}.
[I 2026-06-11 01:53:35,436] Trial 233 finished with values: [10.305118288853814, 10.305118288853814] and parameters: {'k1': 5.7909642338812115e-05, 'D_low': 1216.4139351417061, 'k2': 0.0007731571570012607, 'D_high': 29.126651668813768, 'fire_exp': 1.305777134899723, 'P_half': 1.4551749476072258, 'pre_dampen_half': 30.456909077772018, 'gpp_af': 1.3954498518315706, 'gpp_b': 0.006999112505425414, 'gpp_d': 26.07917317941345, 'ign_k': 0.01998634077852888, 'ign_c': 7.832259769732471, 'trop_agb_crit': 1.8285200278523417, 'trop_k_veg': 0.6175053058034194, 'fire_amp': 2.330529660087218}.
[I 2026-06-11 01:53:36,754] Trial 234 finished with values: [10.765935310877847, 10.765935310877847] and parameters: {'k1': 0.016973078532467004, 'D_low': 12.105387404469584, 'k2': 0.0007731571570012607, 'D_high': 2427.054417940131, 'fire_exp': 1.0601964743503993, 'P_half': 3.591771421517613, 'pre_dampen_half': 0.011396414164620812, 'gpp_af': 0.008117091133892173, 'gpp_b': 0.004411400434514031, 'gpp_d': 46.010874324515754, 'ign_k': 0.17320535908244444, 'ign_c': 48.704711413416454, 'trop_agb_crit': 1.5033346993841157, 'trop_k_veg': 0.6673124511410327, 'fire_amp': 4.19233232783727}.
[I 2026-06-11 01:53:38,075] Trial 235 finished with values: [10.51851005120486, 10.51851005120486] and parameters: {'k1': 3.609310926766545e-05, 'D_low': 1121.5915868662764, 'k2': 0.003767022142229395, 'D_high': 27.55546207779663, 'fire_exp': 1.4848387260494937, 'P_half': 12.280874862135363, 'pre_dampen_half': 123.04779330083686, 'gpp_af': 1.9706963379095486, 'gpp_b': 0.00012118589392553798, 'gpp_d': 3.57879245350232, 'ign_k': 0.012480180965117606, 'ign_c': 48.704711413416454, 'trop_agb_crit': 1.5033346993841157, 'trop_k_veg': 1.2749676887479542, 'fire_amp': 5.416595007374148}.
[I 2026-06-11 01:53:39,560] Trial 236 finished with values: [10.689656504250465, 10.689656504250465] and parameters: {'k1': 0.0869690639641868, 'D_low': 1074.940539517341, 'k2': 1.1417577140741129e-05, 'D_high': 29.126651668813768, 'fire_exp': 1.111738490499784, 'P_half': 2539.9645554516837, 'pre_dampen_half': 9.044346216330972, 'gpp_af': 3.298293484806585, 'gpp_b': 2.800940363375676e-05, 'gpp_d': 2.990423074145505, 'ign_k': 1.6270983114897255, 'ign_c': 7.832259769732471, 'trop_agb_crit': 1.0189592979395135, 'trop_k_veg': 4.796046723963646, 'fire_amp': 2.042193818779288}.
[I 2026-06-11 01:53:41,052] Trial 237 finished with values: [10.098709862322458, 10.098709862322458] and parameters: {'k1': 0.0008362695993649681, 'D_low': 236.79352040223893, 'k2': 0.02939607009739149, 'D_high': 6682.9607218310075, 'fire_exp': 1.2060040899560858, 'P_half': 2.226799690893868, 'pre_dampen_half': 4.847666216751353, 'gpp_af': 1.7775411110039254, 'gpp_b': 0.001674375583895437, 'gpp_d': 1.4397852866783676, 'ign_k': 3.6309591863459096, 'ign_c': 23.422386257929038, 'trop_agb_crit': 12.9667438075127, 'trop_k_veg': 2.99731137426955, 'fire_amp': 2.7806853670293616}.
[I 2026-06-11 01:53:42,541] Trial 238 finished with values: [10.769222474123517, 10.769222474123517] and parameters: {'k1': 0.0018697387216131526, 'D_low': 6010.742028864748, 'k2': 4.933751600448335e-05, 'D_high': 42.242359735170886, 'fire_exp': 6.678531303406035, 'P_half': 12.280874862135363, 'pre_dampen_half': 37.40930273158252, 'gpp_af': 0.008117091133892173, 'gpp_b': 0.00012118589392553798, 'gpp_d': 12.338826503601998, 'ign_k': 0.07867677706257832, 'ign_c': 16.497426799845446, 'trop_agb_crit': 8.0091368834625, 'trop_k_veg': 4.989748894578724, 'fire_amp': 3.1543496524370136}.
