[I 2026-07-25 00:32:26,206] Trial 392 finished with value: 0.5869874080399333 and parameters: {'k1': 5.893318670893506e-05, 'D_low': 715.8692639703986, 'k2': 0.00017666648318513542, 'D_high': 281795.04869697295, 'fire_exp': 2.7971317943751233, 'P_half': 1789.0167220946707, 'pre_dampen_half': 4.865896818346765, 'gpp_af': 13.05536977456467, 'gpp_b': 1.328201901416133e-05, 'gpp_d': 213.11224505208162, 'ign_k': 0.0025381550504391774, 'ign_c': 1.3244213178401625, 'trop_agb_crit': 12.51701239288594, 'trop_k_veg': 0.9773242140045663, 'gdp_gamma': 0.11650823892145848, 'cure_k': 0.0015296210559312268, 'cure_p_min': 367.8551670744186, 'cure_gpp_ref': 0.2602324311766977, 'cure_agb_crit': 5.278190911588271, 'fuel_k': 0.01335460577670159, 'fuel_half': 10.34925565089394}. Best is trial 0 with value: -0.6232552202351066.
[I 2026-07-25 00:32:26,656] Trial 393 finished with value: 0.5099636907796736 and parameters: {'k1': 8.236487939993534e-05, 'D_low': 780.3532344209705, 'k2': 1.807440943857851e-05, 'D_high': 115545.24286712232, 'fire_exp': 2.1298386578576847, 'P_half': 44.8877253860412, 'pre_dampen_half': 1.339833609529934, 'gpp_af': 0.009196089245867, 'gpp_b': 4.960396686424435e-05, 'gpp_d': 61.03115455049718, 'ign_k': 0.0012218197776331194, 'ign_c': 4.850510954778366, 'trop_agb_crit': 9.29721801397309, 'trop_k_veg': 6.609697706560871, 'gdp_gamma': 0.40187139762746216, 'cure_k': 0.07751883948192603, 'cure_p_min': 383.4641352368271, 'cure_gpp_ref': 0.5592556275486958, 'cure_agb_crit': 1.1749579803815513, 'fuel_k': 0.012234888837798294, 'fuel_half': 0.5867277273203014}. Best is trial 0 with value: -0.6232552202351066.
[I 2026-07-25 00:32:27,113] Trial 394 finished with value: 0.5819446810358668 and parameters: {'k1': 0.003085511675967278, 'D_low': 6595.437853824684, 'k2': 1.8610490963643265e-05, 'D_high': 64087.53389958324, 'fire_exp': 3.6182616932330203, 'P_half': 13.925542152293577, 'pre_dampen_half': 1.1752948416100915, 'gpp_af': 55.028212271323, 'gpp_b': 2.6037260541364387e-05, 'gpp_d': 55.57170176983245, 'ign_k': 0.038221163196747926, 'ign_c': 0.18313031946792252, 'trop_agb_crit': 9.709723241250943, 'trop_k_veg': 0.6089592988041583, 'gdp_gamma': 0.6110528619745001, 'cure_k': 0.00955646976132076, 'cure_p_min': 296.6499436965193, 'cure_gpp_ref': 0.8050885836842211, 'cure_agb_crit': 2.999009765710929, 'fuel_k': 0.011041957839149734, 'fuel_half': 19.441267046538343}. Best is trial 0 with value: -0.6232552202351066.
[I 2026-07-25 00:32:27,563] Trial 395 finished with value: 0.48190462796163647 and parameters: {'k1': 2.813930865821255e-05, 'D_low': 1973.720621820836, 'k2': 4.65047361514905e-05, 'D_high': 1403730.1478560895, 'fire_exp': 1.2472851077519609, 'P_half': 63.817464450972096, 'pre_dampen_half': 0.05724729784641223, 'gpp_af': 0.8255985166595533, 'gpp_b': 0.00017551867293170783, 'gpp_d': 53.964552516157674, 'ign_k': 0.0018204305786388149, 'ign_c': 19.491701803764204, 'trop_agb_crit': 18.818877076574168, 'trop_k_veg': 1.7863657658717502, 'gdp_gamma': 0.47199237195517474, 'cure_k': 0.005756825238822866, 'cure_p_min': 362.3991949612411, 'cure_gpp_ref': 0.5327090704397306, 'cure_agb_crit': 3.4484299020199933, 'fuel_k': 0.7580787479539655, 'fuel_half': 8.466728840164707}. Best is trial 0 with value: -0.6232552202351066.
[I 2026-07-25 00:32:28,012] Trial 396 finished with value: 0.5140916545956966 and parameters: {'k1': 7.67888240356872e-05, 'D_low': 88.44829051240596, 'k2': 0.009693949589586592, 'D_high': 2036982.3127916092, 'fire_exp': 3.335604983919479, 'P_half': 8.158581703166487, 'pre_dampen_half': 1.7440039307274646, 'gpp_af': 4.758531302018338, 'gpp_b': 3.3318318203228966e-05, 'gpp_d': 30.391404426521294, 'ign_k': 0.04113533998220976, 'ign_c': 0.3387727095807829, 'trop_agb_crit': 3.3792547586493376, 'trop_k_veg': 1.5055183233976417, 'gdp_gamma': 1.521372210931238, 'cure_k': 0.21084503441041835, 'cure_p_min': 298.23107430011464, 'cure_gpp_ref': 0.0844450878836876, 'cure_agb_crit': 6.624536165952576, 'fuel_k': 0.010647893473199596, 'fuel_half': 3.663264143286975}. Best is trial 0 with value: -0.6232552202351066.
[I 2026-07-25 00:32:28,460] Trial 397 finished with value: 0.5995142724439312 and parameters: {'k1': 0.0011647627565419608, 'D_low': 1308.6462204375691, 'k2': 0.017944953437998613, 'D_high': 601.1123803238878, 'fire_exp': 2.201632623802366, 'P_half': 8.067799939051062, 'pre_dampen_half': 0.13796311359490102, 'gpp_af': 0.0486056233146149, 'gpp_b': 1.6166755284186512e-05, 'gpp_d': 359.68748869126546, 'ign_k': 0.004488497602142408, 'ign_c': 7.085555792523189, 'trop_agb_crit': 7.603034761757813, 'trop_k_veg': 1.0593289373512003, 'gdp_gamma': 1.3081774268359707, 'cure_k': 0.0035765694107454016, 'cure_p_min': 115.82191456901032, 'cure_gpp_ref': 0.38512989300011213, 'cure_agb_crit': 1.860201273908167, 'fuel_k': 0.011928884705442403, 'fuel_half': 79.11074510769653}. Best is trial 0 with value: -0.6232552202351066.
[I 2026-07-25 00:32:28,910] Trial 398 finished with value: 0.5684753357560188 and parameters: {'k1': 8.02145592933951e-05, 'D_low': 9754.697989724777, 'k2': 0.0009246599318348182, 'D_high': 183891.14180758933, 'fire_exp': 2.639730973216793, 'P_half': 298.53847190828833, 'pre_dampen_half': 0.43294321435517436, 'gpp_af': 1.5846804619235895, 'gpp_b': 6.255549980496724e-05, 'gpp_d': 771.1880155176499, 'ign_k': 0.003965437655700443, 'ign_c': 43.408647451677076, 'trop_agb_crit': 10.145284105305832, 'trop_k_veg': 1.0936019114703386, 'gdp_gamma': 1.8177659104309425, 'cure_k': 0.005327785773212654, 'cure_p_min': 393.28672855653764, 'cure_gpp_ref': 1.7406383590999057, 'cure_agb_crit': 6.9189477175113625, 'fuel_k': 0.05549095706321508, 'fuel_half': 59.09304419516075}. Best is trial 0 with value: -0.6232552202351066.
[I 2026-07-25 00:32:29,355] Trial 399 finished with value: 0.548517272838654 and parameters: {'k1': 0.00013823181821685465, 'D_low': 12.77105973112743, 'k2': 2.2058635540910448e-05, 'D_high': 24513.610323741723, 'fire_exp': 1.2749411235600763, 'P_half': 19.986887233059107, 'pre_dampen_half': 0.1578389274971506, 'gpp_af': 0.0011645272975461753, 'gpp_b': 3.706204153086554e-05, 'gpp_d': 0.056235784697269496, 'ign_k': 0.02042841649613188, 'ign_c': 0.45837975306658796, 'trop_agb_crit': 1.5443719084818133, 'trop_k_veg': 6.835915832234145, 'gdp_gamma': 1.2798639296123553, 'cure_k': 0.4745262925742098, 'cure_p_min': 236.2963831961587, 'cure_gpp_ref': 0.1253174590818535, 'cure_agb_crit': 1.6688360238995985, 'fuel_k': 0.20680737967483342, 'fuel_half': 1.636730189714792}. Best is trial 0 with value: -0.6232552202351066.
[I 2026-07-25 00:32:29,804] Trial 400 finished with value: 0.5739859305988146 and parameters: {'k1': 0.0004155354480994944, 'D_low': 2270.786573292331, 'k2': 5.062182331356922e-05, 'D_high': 521441.4363525317, 'fire_exp': 1.29858240557399, 'P_half': 3.171536013635694, 'pre_dampen_half': 0.7121038905057767, 'gpp_af': 2.3092376174718727, 'gpp_b': 3.987487427380136e-05, 'gpp_d': 332.4800175164997, 'ign_k': 0.1086768749563246, 'ign_c': 0.9185617781333205, 'trop_agb_crit': 28.414584231991316, 'trop_k_veg': 0.95211241741504, 'gdp_gamma': 1.3774922532387774, 'cure_k': 0.030850859031192206, 'cure_p_min': 389.7967813716378, 'cure_gpp_ref': 0.990802668022954, 'cure_agb_crit': 2.898072020277726, 'fuel_k': 0.09001271902558244, 'fuel_half': 1.0379787290824884}. Best is trial 0 with value: -0.6232552202351066.
[I 2026-07-25 00:32:30,253] Trial 401 finished with value: -0.5684109932074046 and parameters: {'k1': 0.0009186645424758538, 'D_low': 724.9254665129473, 'k2': 2.678275977492346e-05, 'D_high': 662078.5185318076, 'fire_exp': 2.7347386536201945, 'P_half': 4.650073069424615, 'pre_dampen_half': 1.0112116155316475, 'gpp_af': 12.30562764011232, 'gpp_b': 0.00035788518894694994, 'gpp_d': 188.06861356493354, 'ign_k': 0.004646872525982017, 'ign_c': 0.611116865073915, 'trop_agb_crit': 21.591513545051534, 'trop_k_veg': 1.9177794249065825, 'gdp_gamma': 1.290659717749484, 'cure_k': 0.0030379805046374902, 'cure_p_min': 270.5651137747101, 'cure_gpp_ref': 1.1951209679014472, 'cure_agb_crit': 4.805018821422375, 'fuel_k': 0.012451077646922258, 'fuel_half': 3.8416815568964022}. Best is trial 0 with value: -0.6232552202351066.
[I 2026-07-25 00:32:30,706] Trial 402 finished with value: 0.5771714293488635 and parameters: {'k1': 0.0004326896419929983, 'D_low': 165.14516797572787, 'k2': 1.0192359008364488e-05, 'D_high': 105591.06787114977, 'fire_exp': 3.033843674309718, 'P_half': 2.6698662117379275, 'pre_dampen_half': 0.8491709332772964, 'gpp_af': 22.181214946281646, 'gpp_b': 1.728244606606043e-05, 'gpp_d': 28.532444985639493, 'ign_k': 0.0015517685511842556, 'ign_c': 0.6437079045790896, 'trop_agb_crit': 26.151659277697902, 'trop_k_veg': 4.31012770855215, 'gdp_gamma': 1.5493352643829512, 'cure_k': 0.0018849500782938866, 'cure_p_min': 226.98114893635133, 'cure_gpp_ref': 0.9562471095460617, 'cure_agb_crit': 3.047309235818921, 'fuel_k': 0.021710257684924086, 'fuel_half': 2.121415696047917}. Best is trial 0 with value: -0.6232552202351066.
[I 2026-07-25 00:32:31,153] Trial 403 finished with value: 0.4720780170852493 and parameters: {'k1': 0.0005455539635307236, 'D_low': 909.5786177426128, 'k2': 0.00017316804656209182, 'D_high': 60396.502698583114, 'fire_exp': 1.0719838345727206, 'P_half': 1.204526881047038, 'pre_dampen_half': 0.11570284361859377, 'gpp_af': 0.27329983696463517, 'gpp_b': 0.0001989346422369064, 'gpp_d': 76.2308668312775, 'ign_k': 2.491224658779275, 'ign_c': 5.086027928035597, 'trop_agb_crit': 1.6042992667418778, 'trop_k_veg': 1.698148980106826, 'gdp_gamma': 1.1573375147834684, 'cure_k': 0.00996323158095448, 'cure_p_min': 303.58449152363227, 'cure_gpp_ref': 0.18651453198304915, 'cure_agb_crit': 1.5099044871498455, 'fuel_k': 0.03696435564826904, 'fuel_half': 27.687901914360182}. Best is trial 0 with value: -0.6232552202351066.
[I 2026-07-25 00:32:31,608] Trial 404 finished with value: 0.515500899314471 and parameters: {'k1': 0.01898468568639475, 'D_low': 83.44518714549879, 'k2': 0.00651468856667273, 'D_high': 9152902.75361491, 'fire_exp': 3.64606945312549, 'P_half': 391.04719899224057, 'pre_dampen_half': 78.78114118986694, 'gpp_af': 0.13668913136152336, 'gpp_b': 0.001129708557535637, 'gpp_d': 643.5664095201614, 'ign_k': 0.05880224617909758, 'ign_c': 4.634790751099591, 'trop_agb_crit': 11.82291077204855, 'trop_k_veg': 0.5266626881231011, 'gdp_gamma': 0.30637375114440424, 'cure_k': 0.001727866985613953, 'cure_p_min': 133.35914520173125, 'cure_gpp_ref': 0.583535080443835, 'cure_agb_crit': 4.214984851198737, 'fuel_k': 0.7892927769463497, 'fuel_half': 1.1768273743000075}. Best is trial 0 with value: -0.6232552202351066.
[I 2026-07-25 00:32:32,063] Trial 405 finished with value: 0.5194009036579741 and parameters: {'k1': 0.0028385067131105127, 'D_low': 34.94483896548602, 'k2': 0.0022145528284924147, 'D_high': 3645124.361752205, 'fire_exp': 1.2287126460867153, 'P_half': 132.48865271447355, 'pre_dampen_half': 15.7156203619354, 'gpp_af': 0.061502913061014346, 'gpp_b': 2.704568910376327e-05, 'gpp_d': 382.92039325184174, 'ign_k': 0.012113011081081766, 'ign_c': 43.353894414379475, 'trop_agb_crit': 18.119840970032357, 'trop_k_veg': 0.7382377339657831, 'gdp_gamma': 1.511039172376882, 'cure_k': 0.0024356466043180423, 'cure_p_min': 128.4715326696314, 'cure_gpp_ref': 0.35624179812025764, 'cure_agb_crit': 1.5322840576829249, 'fuel_k': 0.3681723340705197, 'fuel_half': 31.78040371175631}. Best is trial 0 with value: -0.6232552202351066.
[I 2026-07-25 00:32:32,570] Trial 406 finished with value: 0.5372392424139247 and parameters: {'k1': 0.0004607461976244391, 'D_low': 9211.722486821429, 'k2': 0.0001508033681044593, 'D_high': 7823949.837700631, 'fire_exp': 2.4746083875442264, 'P_half': 1.3128638384429396, 'pre_dampen_half': 0.30403002730666373, 'gpp_af': 6.668338716576315, 'gpp_b': 0.002258898950659943, 'gpp_d': 407.2205632801345, 'ign_k': 0.0022651066278399695, 'ign_c': 0.5379854993729742, 'trop_agb_crit': 23.92422597530933, 'trop_k_veg': 4.880435497673806, 'gdp_gamma': 0.47691576358169374, 'cure_k': 0.004416447153864239, 'cure_p_min': 177.26213147125966, 'cure_gpp_ref': 0.5142449725823789, 'cure_agb_crit': 6.432611685807032, 'fuel_k': 0.02728793103719668, 'fuel_half': 5.517541153018761}. Best is trial 0 with value: -0.6232552202351066.
[I 2026-07-25 00:32:33,037] Trial 407 finished with value: 0.4613781270293895 and parameters: {'k1': 0.05005826145618048, 'D_low': 288.3970136032996, 'k2': 0.0026895492256160582, 'D_high': 305221.6411550433, 'fire_exp': 2.326551902088276, 'P_half': 8.97597770678215, 'pre_dampen_half': 5.6202266633469025, 'gpp_af': 0.07145506251968158, 'gpp_b': 2.4960164901909674e-05, 'gpp_d': 233.66764114225975, 'ign_k': 0.43779265931016476, 'ign_c': 0.7040092760122001, 'trop_agb_crit': 10.881954626036938, 'trop_k_veg': 1.4638146061689223, 'gdp_gamma': 0.2658997908711307, 'cure_k': 0.028652303370542705, 'cure_p_min': 240.72689889327614, 'cure_gpp_ref': 0.21491780896889343, 'cure_agb_crit': 3.206950026306718, 'fuel_k': 0.03625654764999083, 'fuel_half': 3.8538330262052174}. Best is trial 0 with value: -0.6232552202351066.
[I 2026-07-25 00:32:33,490] Trial 408 finished with value: 0.4466556909529651 and parameters: {'k1': 0.0006970865919591128, 'D_low': 1.117584977544568, 'k2': 9.160540130897104e-05, 'D_high': 812.7886501429609, 'fire_exp': 1.0323263538029124, 'P_half': 4.516865767738015, 'pre_dampen_half': 20.204999818909016, 'gpp_af': 0.022942190572338622, 'gpp_b': 0.00029401676946478217, 'gpp_d': 472.65528707291173, 'ign_k': 0.0053866178096260145, 'ign_c': 0.12007694382715481, 'trop_agb_crit': 1.2572938086283723, 'trop_k_veg': 4.765150946354129, 'gdp_gamma': 0.8427849941090237, 'cure_k': 0.02816225633261966, 'cure_p_min': 280.11592370305414, 'cure_gpp_ref': 0.15931712733266418, 'cure_agb_crit': 2.252478715842538, 'fuel_k': 0.12591755076172442, 'fuel_half': 4.156096547392733}. Best is trial 0 with value: -0.6232552202351066.
[I 2026-07-25 00:32:33,946] Trial 409 finished with value: 0.5678327020347311 and parameters: {'k1': 0.0002024359634685635, 'D_low': 114391.77949097575, 'k2': 0.02811500937842794, 'D_high': 1665908.6511756508, 'fire_exp': 2.159193670373191, 'P_half': 147.4051762587593, 'pre_dampen_half': 1.5027850399776455, 'gpp_af': 0.633999976621477, 'gpp_b': 4.358903175459714e-05, 'gpp_d': 25.827372892996287, 'ign_k': 0.005152750262215759, 'ign_c': 0.4665102376467905, 'trop_agb_crit': 9.166443960047326, 'trop_k_veg': 0.5870262391813598, 'gdp_gamma': 0.6199123156035867, 'cure_k': 0.01066915446648463, 'cure_p_min': 375.1282614705445, 'cure_gpp_ref': 0.3834011340115986, 'cure_agb_crit': 3.583332890141292, 'fuel_k': 0.0247990625094948, 'fuel_half': 6.476595139669099}. Best is trial 0 with value: -0.6232552202351066.
[I 2026-07-25 00:32:34,400] Trial 410 finished with value: 0.5353271825108148 and parameters: {'k1': 0.0014895059378653532, 'D_low': 204.5414177897172, 'k2': 3.863867073103015e-05, 'D_high': 2365482.4354813555, 'fire_exp': 2.479855068317244, 'P_half': 4.824635263945212, 'pre_dampen_half': 3.6570058970222394, 'gpp_af': 0.9875733324637485, 'gpp_b': 1.1018333843711852e-05, 'gpp_d': 13.77393950432421, 'ign_k': 0.0015772288448613436, 'ign_c': 5.1567848830441925, 'trop_agb_crit': 29.015262888571854, 'trop_k_veg': 1.2953793406054328, 'gdp_gamma': 0.11829109831752684, 'cure_k': 0.0017979087302996688, 'cure_p_min': 263.1743721948022, 'cure_gpp_ref': 0.6043910545299166, 'cure_agb_crit': 5.405708742161765, 'fuel_k': 0.01691216382386398, 'fuel_half': 5.570068259722851}. Best is trial 0 with value: -0.6232552202351066.
[I 2026-07-25 00:32:34,856] Trial 411 finished with value: 0.47617590338311455 and parameters: {'k1': 0.0001682714735707292, 'D_low': 31.874308172466847, 'k2': 0.037694450337062924, 'D_high': 896867.4126333836, 'fire_exp': 5.23970905581174, 'P_half': 74.64740879472232, 'pre_dampen_half': 0.0890647164575163, 'gpp_af': 3.1675744179128364, 'gpp_b': 1.1388390983571602e-05, 'gpp_d': 124.00136898481419, 'ign_k': 0.06394357397020599, 'ign_c': 1.8310873497391134, 'trop_agb_crit': 21.788217442095565, 'trop_k_veg': 0.5048443668311726, 'gdp_gamma': 1.0856352284399955, 'cure_k': 0.03361368051789873, 'cure_p_min': 242.65832703278232, 'cure_gpp_ref': 0.10144180357337095, 'cure_agb_crit': 4.686838659806336, 'fuel_k': 0.04985884530384854, 'fuel_half': 2.123996466728817}. Best is trial 0 with value: -0.6232552202351066.
[I 2026-07-25 00:32:35,309] Trial 412 finished with value: 0.5076749032217911 and parameters: {'k1': 0.002007334675989686, 'D_low': 456.73951652786263, 'k2': 2.035074074870062e-05, 'D_high': 24061.91141690073, 'fire_exp': 2.4879536436697713, 'P_half': 54.95917988949555, 'pre_dampen_half': 236.1215611783185, 'gpp_af': 0.0020296811968321085, 'gpp_b': 3.817342421412656e-05, 'gpp_d': 59.48539600385185, 'ign_k': 0.022494409332839044, 'ign_c': 992.2423848639156, 'trop_agb_crit': 10.917700565340539, 'trop_k_veg': 2.7866380033023503, 'gdp_gamma': 1.101643583554007, 'cure_k': 0.055448575516028664, 'cure_p_min': 326.1157150532569, 'cure_gpp_ref': 0.6153228471573877, 'cure_agb_crit': 1.049898703610683, 'fuel_k': 0.12524603962386474, 'fuel_half': 1.584871031223119}. Best is trial 0 with value: -0.6232552202351066.
[I 2026-07-25 00:32:35,780] Trial 413 finished with value: 0.5914669473629367 and parameters: {'k1': 0.0403152425052584, 'D_low': 690.5181575755994, 'k2': 7.75698999274176e-05, 'D_high': 3339368.057676337, 'fire_exp': 4.06055039813729, 'P_half': 34.33295515866023, 'pre_dampen_half': 0.9558498104766491, 'gpp_af': 30.268836383486246, 'gpp_b': 0.03342798787058955, 'gpp_d': 13.42661650521329, 'ign_k': 0.004036176734677768, 'ign_c': 2.0111214991876163, 'trop_agb_crit': 27.920608819477582, 'trop_k_veg': 1.7643985240009847, 'gdp_gamma': 0.49153256252910565, 'cure_k': 0.004222413359890445, 'cure_p_min': 327.12848517507143, 'cure_gpp_ref': 1.3909461804795684, 'cure_agb_crit': 2.332527465109697, 'fuel_k': 0.012704427775472538, 'fuel_half': 8.097339724603396}. Best is trial 0 with value: -0.6232552202351066.
[I 2026-07-25 00:32:36,269] Trial 414 finished with value: 0.6049832937649964 and parameters: {'k1': 0.09771444310799221, 'D_low': 2.6200665411892494, 'k2': 0.08331304564677006, 'D_high': 2060657.8152954779, 'fire_exp': 1.1468854984641128, 'P_half': 16.153744012739654, 'pre_dampen_half': 224.382778258793, 'gpp_af': 0.004725565655768828, 'gpp_b': 0.0003644011372521636, 'gpp_d': 4.381156393451535, 'ign_k': 0.4834806704246593, 'ign_c': 107.43328990762707, 'trop_agb_crit': 12.532927808648557, 'trop_k_veg': 1.0579906183263916, 'gdp_gamma': 0.5262279665097626, 'cure_k': 0.002355597993852246, 'cure_p_min': 96.60169397056447, 'cure_gpp_ref': 0.5001484435191518, 'cure_agb_crit': 3.932123458061477, 'fuel_k': 0.017176629513741243, 'fuel_half': 6.098750569733334}. Best is trial 0 with value: -0.6232552202351066.
[I 2026-07-25 00:32:36,717] Trial 415 finished with value: 0.5358951252867936 and parameters: {'k1': 0.012187623306719925, 'D_low': 605.6272151604865, 'k2': 0.041125851189084225, 'D_high': 248237.06374155416, 'fire_exp': 2.5634957810038093, 'P_half': 502.6666637295854, 'pre_dampen_half': 412.64234144211434, 'gpp_af': 0.2790138988002938, 'gpp_b': 0.009081422588765488, 'gpp_d': 123.44676440801581, 'ign_k': 0.02083321421925214, 'ign_c': 3.5416287822782984, 'trop_agb_crit': 12.802446591519946, 'trop_k_veg': 0.553779834636121, 'gdp_gamma': 0.2681163155727079, 'cure_k': 0.028413904730775763, 'cure_p_min': 251.2706004384292, 'cure_gpp_ref': 0.42378101113908084, 'cure_agb_crit': 5.830457398985219, 'fuel_k': 0.1356674038158059, 'fuel_half': 5.202028388171591}. Best is trial 0 with value: -0.6232552202351066.
[I 2026-07-25 00:32:37,170] Trial 416 finished with value: 0.460306870813624 and parameters: {'k1': 0.00010348829359923434, 'D_low': 1.4411301730791175, 'k2': 2.8582907034437943e-05, 'D_high': 529348.0150756844, 'fire_exp': 4.070400266422415, 'P_half': 38.72392377125347, 'pre_dampen_half': 6.211756225165394, 'gpp_af': 39.850614153938636, 'gpp_b': 0.0006540161618875527, 'gpp_d': 678.4143052080357, 'ign_k': 0.10965957074111175, 'ign_c': 0.5341702795816795, 'trop_agb_crit': 8.883869797870503, 'trop_k_veg': 1.564172529935918, 'gdp_gamma': 0.09915024026987986, 'cure_k': 0.002759244434331159, 'cure_p_min': 336.4699382465495, 'cure_gpp_ref': 0.192241085887833, 'cure_agb_crit': 6.326545882033323, 'fuel_k': 0.02960496192082012, 'fuel_half': 10.16522441228096}. Best is trial 0 with value: -0.6232552202351066.
[I 2026-07-25 00:32:37,620] Trial 417 finished with value: 0.5191373090286462 and parameters: {'k1': 0.0002641994004951225, 'D_low': 591.3778391803837, 'k2': 6.856435345995059e-05, 'D_high': 2427073.525568689, 'fire_exp': 3.1639044436928465, 'P_half': 3.886402454186901, 'pre_dampen_half': 0.922552521910209, 'gpp_af': 20.962783252220554, 'gpp_b': 0.0013549097281494874, 'gpp_d': 14.442190827375814, 'ign_k': 0.0022694267541447984, 'ign_c': 0.26384123571206763, 'trop_agb_crit': 19.008782590502385, 'trop_k_veg': 1.1412012358958732, 'gdp_gamma': 1.8504880642466655, 'cure_k': 0.002277704062255752, 'cure_p_min': 282.286063429515, 'cure_gpp_ref': 1.2887867908697237, 'cure_agb_crit': 4.761763622253281, 'fuel_k': 0.020441669052171624, 'fuel_half': 11.224421137751488}. Best is trial 0 with value: -0.6232552202351066.
[I 2026-07-25 00:32:38,073] Trial 418 finished with value: -0.5824241136274158 and parameters: {'k1': 0.000589585259957146, 'D_low': 1037.4820738989515, 'k2': 8.004151856013345e-05, 'D_high': 648789.3991768969, 'fire_exp': 1.6666734170482438, 'P_half': 31.014483887119507, 'pre_dampen_half': 0.18534414830111035, 'gpp_af': 2.755120722296859, 'gpp_b': 0.0002707816605931671, 'gpp_d': 322.4827860227176, 'ign_k': 0.010552113587567843, 'ign_c': 18.16997736401708, 'trop_agb_crit': 26.7894032118177, 'trop_k_veg': 2.4402914104959033, 'gdp_gamma': 0.8560409138133993, 'cure_k': 0.0018481454661803292, 'cure_p_min': 331.4641044333222, 'cure_gpp_ref': 0.29113928153533314, 'cure_agb_crit': 4.403239549211471, 'fuel_k': 0.036868051706193235, 'fuel_half': 16.820698732885294}. Best is trial 0 with value: -0.6232552202351066.
