[I 2026-07-24 02:22:56,221] Trial 1019 finished with value: 0.6157779683388989 and parameters: {'k1': 0.0033565846941640927, 'D_low': 5.082408727941782, 'k2': 0.00016166288840659734, 'D_high': 593586.7239335036, 'fire_exp': 5.859375161817466, 'P_half': 356.9309959603392, 'pre_dampen_half': 51.998143179656935, 'gpp_af': 2.6040234800061013, 'gpp_b': 6.301412194325552e-05, 'gpp_d': 0.49052520629560015, 'ign_k': 7.664232611300456, 'ign_c': 0.2849834106652886, 'trop_agb_crit': 14.848073225588582, 'trop_k_veg': 1.1055517383366378, 'fuel_k': 0.6428383034768835, 'fuel_half': 0.24540974070473728}. Best is trial 0 with value: -0.6070628323553574.
[I 2026-07-24 02:22:56,637] Trial 1020 finished with value: -0.5620720677493308 and parameters: {'k1': 0.008912316363130019, 'D_low': 16.045324441833223, 'k2': 3.709413574221787e-05, 'D_high': 2602671.563896243, 'fire_exp': 1.1509405425379184, 'P_half': 7.510906673908656, 'pre_dampen_half': 0.10678213625192907, 'gpp_af': 0.18410615210233217, 'gpp_b': 1.699222413334803e-05, 'gpp_d': 11.337363247147154, 'ign_k': 9.84816610917103, 'ign_c': 0.24950800334872955, 'trop_agb_crit': 14.522345293132872, 'trop_k_veg': 2.7354792704469273, 'fuel_k': 3.775847139332593, 'fuel_half': 23.401572265118734}. Best is trial 0 with value: -0.6070628323553574.
[I 2026-07-24 02:22:57,051] Trial 1021 finished with value: 0.4410352107023783 and parameters: {'k1': 0.0033281676492294306, 'D_low': 10.571272080294568, 'k2': 1.9135168051819617e-05, 'D_high': 343679.1088413243, 'fire_exp': 1.223299882899054, 'P_half': 1.9232666916997854, 'pre_dampen_half': 0.23440664000314057, 'gpp_af': 14.56290416158064, 'gpp_b': 2.7605428410456754, 'gpp_d': 113.55361591566717, 'ign_k': 0.03591066905500171, 'ign_c': 0.2964255181469756, 'trop_agb_crit': 23.930601584721295, 'trop_k_veg': 4.273090338417461, 'fuel_k': 2.8159781313308834, 'fuel_half': 0.34883416506743}. Best is trial 0 with value: -0.6070628323553574.
[I 2026-07-24 02:22:57,471] Trial 1022 finished with value: 0.5798830886306253 and parameters: {'k1': 7.429210430765701e-05, 'D_low': 628.575796733768, 'k2': 1.4720141498676225e-05, 'D_high': 1019830.8397612936, 'fire_exp': 6.931350500815123, 'P_half': 246.74661116632916, 'pre_dampen_half': 8.512685540865359, 'gpp_af': 0.009905062666735869, 'gpp_b': 0.00023837170932785454, 'gpp_d': 5.641483205775887, 'ign_k': 0.3937527244789166, 'ign_c': 1.6669934388469396, 'trop_agb_crit': 15.374961446439075, 'trop_k_veg': 2.257341419231873, 'fuel_k': 0.18115409320016407, 'fuel_half': 0.9245540027047162}. Best is trial 0 with value: -0.6070628323553574.
[I 2026-07-24 02:22:57,886] Trial 1023 finished with value: -0.5244123140747698 and parameters: {'k1': 0.001861930225186646, 'D_low': 424.4192189041868, 'k2': 1.730783536197593e-05, 'D_high': 4604756.063932724, 'fire_exp': 1.0182649163809543, 'P_half': 56.46079784721219, 'pre_dampen_half': 0.8102881067308465, 'gpp_af': 3.0782893486535596, 'gpp_b': 0.015505377334300924, 'gpp_d': 7.879526154264896, 'ign_k': 0.02424589628283311, 'ign_c': 1.2593696507704102, 'trop_agb_crit': 21.05480617722414, 'trop_k_veg': 2.955705046046092, 'fuel_k': 3.0825958510010354, 'fuel_half': 59.94831247775453}. Best is trial 0 with value: -0.6070628323553574.
[I 2026-07-24 02:22:58,308] Trial 1024 finished with value: -0.5831216899735674 and parameters: {'k1': 0.0024035555285091565, 'D_low': 41.68870456458407, 'k2': 0.00038307495738071167, 'D_high': 4901319.180301371, 'fire_exp': 2.719700569619754, 'P_half': 151.3213328400085, 'pre_dampen_half': 1.365742489673724, 'gpp_af': 0.0014764317814563118, 'gpp_b': 0.0002445360957168556, 'gpp_d': 3.336132181545432, 'ign_k': 0.6592741200803621, 'ign_c': 0.4617285948502971, 'trop_agb_crit': 29.137569519823906, 'trop_k_veg': 1.4301205838399151, 'fuel_k': 2.5423627739813126, 'fuel_half': 0.2690715058400543}. Best is trial 0 with value: -0.6070628323553574.
[I 2026-07-24 02:22:58,741] Trial 1025 finished with value: 0.5375525058324981 and parameters: {'k1': 0.002794174631183154, 'D_low': 6.356985693204261, 'k2': 1.2640405304745689e-05, 'D_high': 1227750.9039278522, 'fire_exp': 2.8378982030850928, 'P_half': 39.704931217847445, 'pre_dampen_half': 0.35649261057846554, 'gpp_af': 0.14163703307702885, 'gpp_b': 0.09358111660408079, 'gpp_d': 862.7092142885609, 'ign_k': 0.0688945366176272, 'ign_c': 0.7218697380230844, 'trop_agb_crit': 29.03050390244585, 'trop_k_veg': 1.4237451915584571, 'fuel_k': 3.761380923012652, 'fuel_half': 0.12158728506436037}. Best is trial 0 with value: -0.6070628323553574.
[I 2026-07-24 02:22:59,156] Trial 1026 finished with value: 0.5818870276474207 and parameters: {'k1': 0.0019913629500286426, 'D_low': 33.70376898736684, 'k2': 0.0002660894868626252, 'D_high': 2565847.180909643, 'fire_exp': 4.277749523505208, 'P_half': 687.9932059450355, 'pre_dampen_half': 0.08271427378821923, 'gpp_af': 0.052823086704165634, 'gpp_b': 0.0003010815803102719, 'gpp_d': 16.148439414176867, 'ign_k': 0.8457861718167854, 'ign_c': 1.1136245910084948, 'trop_agb_crit': 19.26666750800814, 'trop_k_veg': 1.2240635832609423, 'fuel_k': 0.533796951328574, 'fuel_half': 0.1989767697403245}. Best is trial 0 with value: -0.6070628323553574.
[I 2026-07-24 02:22:59,657] Trial 1027 finished with value: 0.4489086695411485 and parameters: {'k1': 0.004854115210618014, 'D_low': 10.267909359213904, 'k2': 0.0012741878183124041, 'D_high': 3528832.305345096, 'fire_exp': 2.7152578723426566, 'P_half': 32.35828201288505, 'pre_dampen_half': 1.92807080969349, 'gpp_af': 0.0019411411217763797, 'gpp_b': 0.0012649238269197955, 'gpp_d': 16.298509172270368, 'ign_k': 0.3403441291248921, 'ign_c': 0.47937323517143277, 'trop_agb_crit': 8.748270484033444, 'trop_k_veg': 1.5371189976960258, 'fuel_k': 3.5026264134638994, 'fuel_half': 0.5988430688067661}. Best is trial 0 with value: -0.6070628323553574.
[I 2026-07-24 02:23:00,077] Trial 1028 finished with value: 0.5114397390362556 and parameters: {'k1': 0.0182485549394164, 'D_low': 200.91622038851762, 'k2': 0.00017104514920032504, 'D_high': 9945643.622158457, 'fire_exp': 3.1980130762616894, 'P_half': 711.0106383712852, 'pre_dampen_half': 6.2842947090987575, 'gpp_af': 0.0018559519228287782, 'gpp_b': 1.2750261150643206e-05, 'gpp_d': 0.8821944407969492, 'ign_k': 0.5473153933172711, 'ign_c': 2.598714992727379, 'trop_agb_crit': 22.8474852573623, 'trop_k_veg': 1.908461856469596, 'fuel_k': 0.9054811635614105, 'fuel_half': 0.11941526666893834}. Best is trial 0 with value: -0.6070628323553574.
[I 2026-07-24 02:23:00,491] Trial 1029 finished with value: 0.538557315706707 and parameters: {'k1': 0.006882706655841988, 'D_low': 31.85168812632562, 'k2': 0.0008367195601300838, 'D_high': 8519506.213092478, 'fire_exp': 1.9156408131333993, 'P_half': 457.7926650879244, 'pre_dampen_half': 2.998720539121631, 'gpp_af': 0.00237308886874141, 'gpp_b': 0.0012753810951686966, 'gpp_d': 639.8222296478481, 'ign_k': 3.129398360095255, 'ign_c': 0.7974700765226144, 'trop_agb_crit': 22.177481944598405, 'trop_k_veg': 4.653282413354122, 'fuel_k': 0.23099248277486184, 'fuel_half': 0.7098282034522828}. Best is trial 0 with value: -0.6070628323553574.
[I 2026-07-24 02:23:00,906] Trial 1030 finished with value: 0.5522837757371303 and parameters: {'k1': 0.0019669622916317544, 'D_low': 68.99356791040509, 'k2': 0.0005471249178803662, 'D_high': 2686024.054662854, 'fire_exp': 2.5456176282682486, 'P_half': 265.8747059979001, 'pre_dampen_half': 0.1091511886260282, 'gpp_af': 0.0029169860560615104, 'gpp_b': 5.296229764106539e-05, 'gpp_d': 0.030657426247362323, 'ign_k': 7.683173637664505, 'ign_c': 0.32239023376326303, 'trop_agb_crit': 6.807161032145898, 'trop_k_veg': 1.1691413015112733, 'fuel_k': 1.4436744655651812, 'fuel_half': 1.6857129689047683}. Best is trial 0 with value: -0.6070628323553574.
[I 2026-07-24 02:23:01,322] Trial 1031 finished with value: 0.5637792224481182 and parameters: {'k1': 0.01407539958521702, 'D_low': 232.71027356384238, 'k2': 0.0018841699004457065, 'D_high': 4972142.251255292, 'fire_exp': 3.266485343194855, 'P_half': 54.88533822744231, 'pre_dampen_half': 0.2129415814541837, 'gpp_af': 0.004972767741412966, 'gpp_b': 0.0054947764136081744, 'gpp_d': 0.2225741153538745, 'ign_k': 0.8608554146253656, 'ign_c': 1.264845440554714, 'trop_agb_crit': 26.547291347331136, 'trop_k_veg': 2.505590470951996, 'fuel_k': 4.542214318063489, 'fuel_half': 0.14455205205322344}. Best is trial 0 with value: -0.6070628323553574.
[I 2026-07-24 02:23:01,737] Trial 1032 finished with value: 0.5248813211657812 and parameters: {'k1': 0.010609397010557246, 'D_low': 19.630625464474534, 'k2': 0.0001887717272513946, 'D_high': 3627899.739440857, 'fire_exp': 3.5856562929001874, 'P_half': 75.11565874261765, 'pre_dampen_half': 1.2338730474258555, 'gpp_af': 0.004680197352743975, 'gpp_b': 0.0005788943733387614, 'gpp_d': 12.016604085092757, 'ign_k': 0.0832433031325264, 'ign_c': 0.33089562454851457, 'trop_agb_crit': 29.917888701221873, 'trop_k_veg': 2.6094436479788965, 'fuel_k': 0.78993471808707, 'fuel_half': 0.20379855444329287}. Best is trial 0 with value: -0.6070628323553574.
[I 2026-07-24 02:23:02,149] Trial 1033 finished with value: 0.4489651621747597 and parameters: {'k1': 0.004268866599862199, 'D_low': 2.4167284655795545, 'k2': 0.0033111002780869796, 'D_high': 1099908.9709877882, 'fire_exp': 1.7501946245733733, 'P_half': 278.1252952424975, 'pre_dampen_half': 0.16407206903966468, 'gpp_af': 0.003221233549914086, 'gpp_b': 8.921860970004863e-05, 'gpp_d': 0.5341512790546938, 'ign_k': 2.2444066503802746, 'ign_c': 0.20581337337095496, 'trop_agb_crit': 28.012247023655913, 'trop_k_veg': 1.5134535509741502, 'fuel_k': 3.6151908262517503, 'fuel_half': 0.9087046671251923}. Best is trial 0 with value: -0.6070628323553574.
[I 2026-07-24 02:23:02,572] Trial 1034 finished with value: -0.5989723108756694 and parameters: {'k1': 0.0007456031585777364, 'D_low': 52.78375400188524, 'k2': 1.3079394274997546e-05, 'D_high': 3166507.179412823, 'fire_exp': 1.4997437935021454, 'P_half': 27.77371047589461, 'pre_dampen_half': 0.32024799467067766, 'gpp_af': 20.226708676003636, 'gpp_b': 0.3739739508118806, 'gpp_d': 984.8092180675286, 'ign_k': 0.8735785271282877, 'ign_c': 0.5980803423072258, 'trop_agb_crit': 22.425879879657646, 'trop_k_veg': 2.8658849267255166, 'fuel_k': 2.9702890498314827, 'fuel_half': 1.0365547436980012}. Best is trial 0 with value: -0.6070628323553574.
[I 2026-07-24 02:23:02,992] Trial 1035 finished with value: 0.43667892398514985 and parameters: {'k1': 0.008011159883747083, 'D_low': 25.459024725962944, 'k2': 0.00012949929449355656, 'D_high': 2427218.391252187, 'fire_exp': 2.333028068161662, 'P_half': 153.14675392459546, 'pre_dampen_half': 1.510740043466535, 'gpp_af': 0.006273255747906961, 'gpp_b': 0.0010142773093485922, 'gpp_d': 1.1493784762593393, 'ign_k': 6.005280188917691, 'ign_c': 0.3004344203262106, 'trop_agb_crit': 20.900656854487387, 'trop_k_veg': 1.5942159736054329, 'fuel_k': 1.027094735466036, 'fuel_half': 0.12048737264672146}. Best is trial 0 with value: -0.6070628323553574.
[I 2026-07-24 02:23:03,412] Trial 1036 finished with value: 0.5450157714659095 and parameters: {'k1': 0.0005111607533731051, 'D_low': 5162.968538996209, 'k2': 4.1758012316644025e-05, 'D_high': 118819.31505107875, 'fire_exp': 4.375437943310832, 'P_half': 528.8590425228799, 'pre_dampen_half': 68.96365208768107, 'gpp_af': 0.03143948489183263, 'gpp_b': 1.4000232967553463e-05, 'gpp_d': 5.083775019089861, 'ign_k': 1.451995687290312, 'ign_c': 1.642659531486716, 'trop_agb_crit': 17.81150324692736, 'trop_k_veg': 1.6175434926607415, 'fuel_k': 0.9133736091090433, 'fuel_half': 0.18379081432914557}. Best is trial 0 with value: -0.6070628323553574.
[I 2026-07-24 02:23:03,827] Trial 1037 finished with value: 0.5307121251851555 and parameters: {'k1': 7.693439135841106e-05, 'D_low': 1.2638170157102844, 'k2': 4.687233249869014e-05, 'D_high': 157942.34495234504, 'fire_exp': 1.2719060516729497, 'P_half': 191.03532970024344, 'pre_dampen_half': 6.594770415019304, 'gpp_af': 52.66404298558208, 'gpp_b': 1.7382401011531539, 'gpp_d': 29.701874246536928, 'ign_k': 0.026707414272478615, 'ign_c': 0.19845841703509867, 'trop_agb_crit': 25.768008021807955, 'trop_k_veg': 3.05873985390023, 'fuel_k': 2.1926375652239707, 'fuel_half': 0.3938899836110341}. Best is trial 0 with value: -0.6070628323553574.
[I 2026-07-24 02:23:04,242] Trial 1038 finished with value: 0.5782044243172932 and parameters: {'k1': 0.00922443234086788, 'D_low': 86.19633698874547, 'k2': 0.0021969300290165684, 'D_high': 23158.260584034695, 'fire_exp': 1.054600588614298, 'P_half': 2.3147878348627264, 'pre_dampen_half': 23.230940124718686, 'gpp_af': 0.002617895131048074, 'gpp_b': 0.023225541487939413, 'gpp_d': 610.304038394405, 'ign_k': 0.7153899575933612, 'ign_c': 0.2969419430590348, 'trop_agb_crit': 7.908073973670271, 'trop_k_veg': 3.2452622699464393, 'fuel_k': 3.0649094403931545, 'fuel_half': 13.917914924310407}. Best is trial 0 with value: -0.6070628323553574.
[I 2026-07-24 02:23:04,661] Trial 1039 finished with value: 0.49304862520369175 and parameters: {'k1': 3.5651648966629345e-05, 'D_low': 6.777108578681825, 'k2': 1.1262198164798147e-05, 'D_high': 1749453.5583099988, 'fire_exp': 2.0715612036276636, 'P_half': 4.381102677039472, 'pre_dampen_half': 0.3519358238055619, 'gpp_af': 3.842270237052816, 'gpp_b': 0.5618768581564587, 'gpp_d': 536.9353433750639, 'ign_k': 0.15648252556260744, 'ign_c': 5.249776332787267, 'trop_agb_crit': 14.923079960227488, 'trop_k_veg': 1.433033556999591, 'fuel_k': 5.109305802765247, 'fuel_half': 1.0771215413627697}. Best is trial 0 with value: -0.6070628323553574.
[I 2026-07-24 02:23:05,081] Trial 1040 finished with value: 0.6445374145881376 and parameters: {'k1': 2.0378860926720383e-05, 'D_low': 5.706769243501576, 'k2': 0.057055226756742496, 'D_high': 9030.743089727965, 'fire_exp': 4.903225940341358, 'P_half': 1.3076863883721184, 'pre_dampen_half': 26.55615197273714, 'gpp_af': 0.3934584901576306, 'gpp_b': 2.1365444910953605e-05, 'gpp_d': 0.08268715796251863, 'ign_k': 0.04885940309057228, 'ign_c': 123.79294090215332, 'trop_agb_crit': 3.281561071372336, 'trop_k_veg': 3.0535127715978874, 'fuel_k': 0.4673309451530434, 'fuel_half': 24.229407802858674}. Best is trial 0 with value: -0.6070628323553574.
[I 2026-07-24 02:23:05,504] Trial 1041 finished with value: 0.478870356328742 and parameters: {'k1': 0.0008131609510967403, 'D_low': 3324.175962936519, 'k2': 6.081722883724191e-05, 'D_high': 8971092.416574065, 'fire_exp': 1.9029216677447116, 'P_half': 5.5215452217080925, 'pre_dampen_half': 7.176226029005206, 'gpp_af': 7.4046284985527, 'gpp_b': 0.0014273402027446564, 'gpp_d': 5.317901742800064, 'ign_k': 0.2729444412858536, 'ign_c': 0.41336714620834547, 'trop_agb_crit': 1.630264648941807, 'trop_k_veg': 2.5066103226168215, 'fuel_k': 0.31363736021340893, 'fuel_half': 0.16433206299160527}. Best is trial 0 with value: -0.6070628323553574.
[I 2026-07-24 02:23:05,920] Trial 1042 finished with value: 0.39765623564127606 and parameters: {'k1': 0.005940165231468827, 'D_low': 1.6800561380999588, 'k2': 0.00026130805382478835, 'D_high': 8954974.456392117, 'fire_exp': 1.8656138002590326, 'P_half': 213.9937178686761, 'pre_dampen_half': 4.2743662066065085, 'gpp_af': 0.0014508340491817832, 'gpp_b': 2.5170771056768718e-05, 'gpp_d': 18.204641899109134, 'ign_k': 0.28226552370142605, 'ign_c': 0.10612690958456629, 'trop_agb_crit': 24.886982297973653, 'trop_k_veg': 0.8364454444217022, 'fuel_k': 1.1999745119023304, 'fuel_half': 0.9220459819152869}. Best is trial 0 with value: -0.6070628323553574.
[I 2026-07-24 02:23:06,334] Trial 1043 finished with value: 0.5493487819722371 and parameters: {'k1': 0.00033068432994236025, 'D_low': 963.4839901007401, 'k2': 4.197077590789676e-05, 'D_high': 5088964.422242684, 'fire_exp': 2.6945252107152924, 'P_half': 7.898930871953764, 'pre_dampen_half': 0.08412114786673956, 'gpp_af': 23.051499525929078, 'gpp_b': 1.8220967334504592, 'gpp_d': 145.5656933477184, 'ign_k': 1.4432864685738709, 'ign_c': 3.8915755747607923, 'trop_agb_crit': 25.132436141391427, 'trop_k_veg': 3.7448377160028192, 'fuel_k': 1.1356499138090954, 'fuel_half': 1.6322288800966815}. Best is trial 0 with value: -0.6070628323553574.
[I 2026-07-24 02:23:06,750] Trial 1044 finished with value: 0.4483206066997303 and parameters: {'k1': 0.002350024558830423, 'D_low': 33.24685371538287, 'k2': 0.001400015744186664, 'D_high': 729641.9750515443, 'fire_exp': 3.2248761972979594, 'P_half': 46.57158843463939, 'pre_dampen_half': 12.522429554472003, 'gpp_af': 0.2929497145116724, 'gpp_b': 3.24323324180354e-05, 'gpp_d': 10.308275761729172, 'ign_k': 1.4728624633734881, 'ign_c': 1.9779101704185404, 'trop_agb_crit': 26.09040446476335, 'trop_k_veg': 1.7197896155691192, 'fuel_k': 1.4951828920295818, 'fuel_half': 0.22003280686158372}. Best is trial 0 with value: -0.6070628323553574.
[I 2026-07-24 02:23:07,166] Trial 1045 finished with value: 0.39963201450066277 and parameters: {'k1': 0.0009002444086841585, 'D_low': 8.264275456300428, 'k2': 1.1139991097764963e-05, 'D_high': 3887039.2274428844, 'fire_exp': 1.6030759244397985, 'P_half': 44.852311307072185, 'pre_dampen_half': 2.549652416247944, 'gpp_af': 14.58819188283273, 'gpp_b': 0.012126698577265043, 'gpp_d': 662.7922915769283, 'ign_k': 0.27187532717299734, 'ign_c': 1.3710313805104606, 'trop_agb_crit': 19.119944908109968, 'trop_k_veg': 1.606520356397867, 'fuel_k': 1.2456592603819028, 'fuel_half': 5.4456509494271375}. Best is trial 0 with value: -0.6070628323553574.
[I 2026-07-24 02:23:07,583] Trial 1046 finished with value: 0.5874502578877421 and parameters: {'k1': 0.0003334379808557872, 'D_low': 88.7897918177809, 'k2': 0.000472104840312161, 'D_high': 26608.635712182517, 'fire_exp': 4.238573623917223, 'P_half': 1199.9995944197142, 'pre_dampen_half': 1.2245537460980132, 'gpp_af': 0.0184389189268424, 'gpp_b': 0.0014011776775813979, 'gpp_d': 0.06111244473522221, 'ign_k': 0.3484066397461217, 'ign_c': 0.8573493141865546, 'trop_agb_crit': 27.23653463830458, 'trop_k_veg': 1.2423707865120317, 'fuel_k': 3.9146154533926425, 'fuel_half': 1.5193795112800037}. Best is trial 0 with value: -0.6070628323553574.
[I 2026-07-24 02:23:07,995] Trial 1047 finished with value: 0.644502156344764 and parameters: {'k1': 0.0006829586669055228, 'D_low': 979808.689772976, 'k2': 0.00012872208952080798, 'D_high': 5909957.239303574, 'fire_exp': 1.2307896997041783, 'P_half': 25.55920238037566, 'pre_dampen_half': 1.3193502799175363, 'gpp_af': 0.1451133931214259, 'gpp_b': 0.8250372232157767, 'gpp_d': 10.710463327464668, 'ign_k': 0.9459085318824945, 'ign_c': 0.22369965346635792, 'trop_agb_crit': 12.21503608295815, 'trop_k_veg': 2.4762692321609423, 'fuel_k': 4.899446328525201, 'fuel_half': 7.673321000404086}. Best is trial 0 with value: -0.6070628323553574.
[I 2026-07-24 02:23:08,409] Trial 1048 finished with value: 0.5194785266384236 and parameters: {'k1': 0.0004046781738441386, 'D_low': 1164.8122735246318, 'k2': 7.666290093665173e-05, 'D_high': 1672273.261151366, 'fire_exp': 1.9731304446552547, 'P_half': 26.346200081107305, 'pre_dampen_half': 3.61536894982118, 'gpp_af': 0.010688595834146919, 'gpp_b': 0.00040847030174629096, 'gpp_d': 59.83645698153053, 'ign_k': 1.9463447797001239, 'ign_c': 4.144386208935571, 'trop_agb_crit': 10.779734233954443, 'trop_k_veg': 3.441674809935683, 'fuel_k': 3.5674173708583488, 'fuel_half': 0.12271537117375025}. Best is trial 0 with value: -0.6070628323553574.
[I 2026-07-24 02:23:08,825] Trial 1049 finished with value: 0.4907545237507044 and parameters: {'k1': 0.0003351410372517231, 'D_low': 4774.9290518017515, 'k2': 5.220018747468595e-05, 'D_high': 385215.5049730023, 'fire_exp': 2.1731794651448295, 'P_half': 232.88454357790675, 'pre_dampen_half': 2.028665009907772, 'gpp_af': 23.11421576372715, 'gpp_b': 0.3948661031664966, 'gpp_d': 486.7225883571262, 'ign_k': 0.14814544460814913, 'ign_c': 2.2621240432626863, 'trop_agb_crit': 21.61622977349886, 'trop_k_veg': 4.226304308251853, 'fuel_k': 2.9269570260101108, 'fuel_half': 3.888180845062849}. Best is trial 0 with value: -0.6070628323553574.
[I 2026-07-24 02:23:09,247] Trial 1050 finished with value: 0.49952220533981984 and parameters: {'k1': 0.0006116094488534644, 'D_low': 551.5799138378075, 'k2': 0.0005142785326213556, 'D_high': 31399.948311977365, 'fire_exp': 1.6190951951966281, 'P_half': 42.20506090720575, 'pre_dampen_half': 1.0250322954864175, 'gpp_af': 0.4881980187703914, 'gpp_b': 0.004865718910987466, 'gpp_d': 962.040315383935, 'ign_k': 1.6640244999920857, 'ign_c': 0.36913615862276844, 'trop_agb_crit': 12.926367178633447, 'trop_k_veg': 1.9369000095397906, 'fuel_k': 4.386378518931464, 'fuel_half': 54.89200305954944}. Best is trial 0 with value: -0.6070628323553574.
[I 2026-07-24 02:23:09,663] Trial 1051 finished with value: 0.5382946435218714 and parameters: {'k1': 0.001473547538845443, 'D_low': 16550.742969454157, 'k2': 0.00029219116095858155, 'D_high': 396157.215769894, 'fire_exp': 2.045870850711843, 'P_half': 1.2666991315924563, 'pre_dampen_half': 0.2444896579603766, 'gpp_af': 78.91301129369786, 'gpp_b': 0.009770306628820715, 'gpp_d': 21.82364382395258, 'ign_k': 0.07488031680883801, 'ign_c': 1.205032917584483, 'trop_agb_crit': 5.024627082467695, 'trop_k_veg': 1.6413489559620338, 'fuel_k': 4.571641745832679, 'fuel_half': 0.12509326200452495}. Best is trial 0 with value: -0.6070628323553574.
[I 2026-07-24 02:23:10,082] Trial 1052 finished with value: 0.5338980973123741 and parameters: {'k1': 0.00030262220489773474, 'D_low': 1.4457058730620311, 'k2': 3.8953012212979175e-05, 'D_high': 962112.3071858101, 'fire_exp': 1.5346014447209775, 'P_half': 20.881354602849612, 'pre_dampen_half': 0.2593404086842365, 'gpp_af': 65.92492617724925, 'gpp_b': 0.6754430756468399, 'gpp_d': 30.237600100493434, 'ign_k': 0.3430889016890828, 'ign_c': 1.1468067106183004, 'trop_agb_crit': 15.311211535159469, 'trop_k_veg': 3.438657825767149, 'fuel_k': 2.169398240956083, 'fuel_half': 2.7896853337983547}. Best is trial 0 with value: -0.6070628323553574.
