[I 2026-07-22 18:43:01,127] Trial 174 finished with values: [10.754645108989054, 10.754645108989054] and parameters: {'k1': 0.0023179376139410863, 'D_low': 1403.0344584930538, 'k2': 0.0004381141781653137, 'D_high': 7839199.220074049, 'fire_exp': 1.2943117749495199, 'P_half': 1.0435856341129002, 'pre_dampen_half': 10.687450020671585, 'gpp_af': 21.25864743764987, 'gpp_b': 0.7987896438549943, 'gpp_d': 0.19476644406315285, 'ign_k': 0.0048255892187380085, 'ign_c': 0.4392638796750216, 'trop_agb_crit': 23.59397023337466, 'trop_k_veg': 2.3408809609838257, 'fuel_k': 0.3872812826465556, 'fuel_half': 2.276766792290519}.
[I 2026-07-22 18:43:01,548] Trial 175 finished with values: [10.76923076903347, 10.76923076903347] and parameters: {'k1': 0.02806535913298299, 'D_low': 864.0717009254879, 'k2': 0.0038341488164556755, 'D_high': 8433503.858791472, 'fire_exp': 8.791426299948917, 'P_half': 8832.039346746853, 'pre_dampen_half': 10.687450020671585, 'gpp_af': 1.1300566419249867, 'gpp_b': 4.0803257466853524e-05, 'gpp_d': 6.91394869865762, 'ign_k': 0.009634538433595985, 'ign_c': 238.8897930076982, 'trop_agb_crit': 10.719494362768906, 'trop_k_veg': 1.140286245977296, 'fuel_k': 0.08612665817296865, 'fuel_half': 35.77838574843286}.
[I 2026-07-22 18:43:01,969] Trial 176 finished with values: [10.752234704843696, 10.752234704843696] and parameters: {'k1': 0.0031375859487281395, 'D_low': 286.06841726052676, 'k2': 0.038650368562597265, 'D_high': 4137.7016715719255, 'fire_exp': 1.9699978833710656, 'P_half': 6220.327170121322, 'pre_dampen_half': 65.77017096798056, 'gpp_af': 0.005018406982902927, 'gpp_b': 0.00010318352929732131, 'gpp_d': 2.7362513651284632, 'ign_k': 3.7862466978704616, 'ign_c': 0.22636544662054536, 'trop_agb_crit': 1.5072795582679794, 'trop_k_veg': 0.5321398066473183, 'fuel_k': 0.05577330003793969, 'fuel_half': 4.216019821013409}.
[I 2026-07-22 18:43:02,382] Trial 177 finished with values: [10.761484398869367, 10.761484398869367] and parameters: {'k1': 0.002968335334246999, 'D_low': 140.92119204434155, 'k2': 0.0009562822793888481, 'D_high': 107013.64911724928, 'fire_exp': 3.313658135010505, 'P_half': 1228.2126524008484, 'pre_dampen_half': 3.9885726374014694, 'gpp_af': 18.235072804314193, 'gpp_b': 0.02048523887932671, 'gpp_d': 6.378078463802852, 'ign_k': 3.210808548911192, 'ign_c': 4.1108484350212295, 'trop_agb_crit': 1.5774541406529003, 'trop_k_veg': 0.5415365826598848, 'fuel_k': 1.2528108647479208, 'fuel_half': 7.259866824755671}.
[I 2026-07-22 18:43:02,793] Trial 178 finished with values: [10.767359881700616, 10.767359881700616] and parameters: {'k1': 0.0003199177539819797, 'D_low': 247.75146043208053, 'k2': 0.012840669372724958, 'D_high': 1026.0852623190942, 'fire_exp': 2.655962930461066, 'P_half': 1.0435856341129002, 'pre_dampen_half': 0.46504594134732663, 'gpp_af': 0.290486210751816, 'gpp_b': 0.016763844265536048, 'gpp_d': 397.44595568350155, 'ign_k': 0.024287565087611766, 'ign_c': 2.4423775964038934, 'trop_agb_crit': 5.127251822192504, 'trop_k_veg': 1.7518409078083697, 'fuel_k': 0.04207132303652083, 'fuel_half': 2.276766792290519}.
[I 2026-07-22 18:43:03,203] Trial 179 finished with values: [10.751265642033554, 10.751265642033554] and parameters: {'k1': 0.002968335334246999, 'D_low': 84633.79750416071, 'k2': 2.7703009300353648e-05, 'D_high': 107013.64911724928, 'fire_exp': 1.3411849220480432, 'P_half': 2193.8654178115053, 'pre_dampen_half': 96.93415502195796, 'gpp_af': 18.235072804314193, 'gpp_b': 1.7565109007473816e-05, 'gpp_d': 9.00460602264307, 'ign_k': 0.5131654955148324, 'ign_c': 4.1108484350212295, 'trop_agb_crit': 6.058402553512053, 'trop_k_veg': 0.5415365826598848, 'fuel_k': 0.6199941538390381, 'fuel_half': 49.16400722913764}.
[I 2026-07-22 18:43:03,616] Trial 180 finished with values: [10.679215385414258, 10.679215385414258] and parameters: {'k1': 0.0003199177539819797, 'D_low': 150.83210025074274, 'k2': 0.002342238625792905, 'D_high': 887331.2884015184, 'fire_exp': 1.2943117749495199, 'P_half': 8832.039346746853, 'pre_dampen_half': 94.20121790275627, 'gpp_af': 0.015350904103515228, 'gpp_b': 1.1698276136056565e-05, 'gpp_d': 2.2044650100999164, 'ign_k': 0.006039096247545781, 'ign_c': 77.59048401667629, 'trop_agb_crit': 1.886175574962432, 'trop_k_veg': 2.3408809609838257, 'fuel_k': 0.6211831489538813, 'fuel_half': 0.33988503110784557}.
[I 2026-07-22 18:43:04,026] Trial 181 finished with values: [10.717943881771811, 10.717943881771811] and parameters: {'k1': 0.00023352156626184448, 'D_low': 3.169598846855015, 'k2': 1.6559474674046002e-05, 'D_high': 2283.4228779494524, 'fire_exp': 2.655962930461066, 'P_half': 38.82837025280678, 'pre_dampen_half': 94.20121790275627, 'gpp_af': 0.3259758793317361, 'gpp_b': 1.1698276136056565e-05, 'gpp_d': 2.2044650100999164, 'ign_k': 0.006039096247545781, 'ign_c': 2.4423775964038934, 'trop_agb_crit': 12.285102065067687, 'trop_k_veg': 1.7518409078083697, 'fuel_k': 0.09252659617259135, 'fuel_half': 2.276766792290519}.
[I 2026-07-22 18:43:04,447] Trial 182 finished with values: [10.767737152150472, 10.767737152150472] and parameters: {'k1': 0.00013649087666416944, 'D_low': 11697.604007727205, 'k2': 0.0038341488164556755, 'D_high': 66.8537333582894, 'fire_exp': 1.3411849220480432, 'P_half': 38.82837025280678, 'pre_dampen_half': 96.93415502195796, 'gpp_af': 24.361092841799906, 'gpp_b': 0.024796579879439486, 'gpp_d': 0.05811599743439243, 'ign_k': 5.985024829384178, 'ign_c': 0.4392638796750216, 'trop_agb_crit': 6.058402553512053, 'trop_k_veg': 1.0049538030148353, 'fuel_k': 0.030315034760496764, 'fuel_half': 49.011305842597835}.
[I 2026-07-22 18:43:04,856] Trial 183 finished with values: [10.6974620659416, 10.6974620659416] and parameters: {'k1': 1.2030530850061361e-05, 'D_low': 85.60024220272012, 'k2': 0.001566517163094646, 'D_high': 16392.60991832772, 'fire_exp': 1.3175349115759807, 'P_half': 7.890004262668578, 'pre_dampen_half': 9.288856801351132, 'gpp_af': 0.12243451886824051, 'gpp_b': 0.5432846462741858, 'gpp_d': 3.1060682524644907, 'ign_k': 0.011698039424426817, 'ign_c': 0.11650681118986138, 'trop_agb_crit': 7.359282739093333, 'trop_k_veg': 3.9497405715830105, 'fuel_k': 0.018207179480706392, 'fuel_half': 43.240425516201206}.
[I 2026-07-22 18:43:05,275] Trial 184 finished with values: [10.768610748711538, 10.768610748711538] and parameters: {'k1': 0.0003199177539819797, 'D_low': 3.169598846855015, 'k2': 0.07799059237255677, 'D_high': 922.5376791737639, 'fire_exp': 2.655962930461066, 'P_half': 3648.4560830477985, 'pre_dampen_half': 9.288856801351132, 'gpp_af': 0.3259758793317361, 'gpp_b': 1.1698276136056565e-05, 'gpp_d': 3.1060682524644907, 'ign_k': 0.0022267996908938684, 'ign_c': 14.074279366401672, 'trop_agb_crit': 7.359282739093333, 'trop_k_veg': 3.9497405715830105, 'fuel_k': 0.6211831489538813, 'fuel_half': 0.33988503110784557}.
[I 2026-07-22 18:43:05,686] Trial 185 finished with values: [10.728392294636532, 10.728392294636532] and parameters: {'k1': 0.003419108473554454, 'D_low': 4.043300846639722, 'k2': 3.609310926766545e-05, 'D_high': 160625.60954780428, 'fire_exp': 6.27228843753239, 'P_half': 126.69536563782302, 'pre_dampen_half': 19.600139992927424, 'gpp_af': 0.02298987619936072, 'gpp_b': 1.2892705405728861e-05, 'gpp_d': 372.8155624293852, 'ign_k': 0.03141110271934876, 'ign_c': 3.0378658251922155, 'trop_agb_crit': 18.047304706421063, 'trop_k_veg': 2.3241642204298145, 'fuel_k': 0.6452742971240902, 'fuel_half': 30.847886273764168}.
[I 2026-07-22 18:43:06,098] Trial 186 finished with values: [10.753540896071346, 10.753540896071346] and parameters: {'k1': 0.0058043147174140705, 'D_low': 209.12794881839662, 'k2': 0.01567230746060024, 'D_high': 558.9524205217922, 'fire_exp': 2.1931399753552863, 'P_half': 2.843767489444367, 'pre_dampen_half': 420.2116526335304, 'gpp_af': 24.361092841799906, 'gpp_b': 0.0003528984625415794, 'gpp_d': 19.948958651882567, 'ign_k': 1.8573288333114872, 'ign_c': 16.626592254031866, 'trop_agb_crit': 6.058402553512053, 'trop_k_veg': 0.977663002683211, 'fuel_k': 0.01814068034742312, 'fuel_half': 49.16400722913764}.
[I 2026-07-22 18:43:06,510] Trial 187 finished with values: [10.769230749822906, 10.769230749822906] and parameters: {'k1': 9.969469187531805e-05, 'D_low': 864.0717009254879, 'k2': 0.0038341488164556755, 'D_high': 26587.030147082678, 'fire_exp': 7.367059898886058, 'P_half': 8832.039346746853, 'pre_dampen_half': 33.71909132517388, 'gpp_af': 0.015350904103515228, 'gpp_b': 4.0803257466853524e-05, 'gpp_d': 0.05811599743439243, 'ign_k': 4.59148521674054, 'ign_c': 0.13670484737132343, 'trop_agb_crit': 26.402883285404346, 'trop_k_veg': 1.0049538030148353, 'fuel_k': 0.9288369623462727, 'fuel_half': 49.011305842597835}.
[I 2026-07-22 18:43:06,932] Trial 188 finished with values: [10.733520095023906, 10.733520095023906] and parameters: {'k1': 0.0029707920514735983, 'D_low': 1.1640589436768796, 'k2': 0.02228708726011015, 'D_high': 2512533.442757688, 'fire_exp': 4.9827771210213685, 'P_half': 245.27450543222417, 'pre_dampen_half': 25.15960733455045, 'gpp_af': 0.0025511964576171086, 'gpp_b': 3.228689523591491e-05, 'gpp_d': 25.017068255320467, 'ign_k': 0.03141110271934876, 'ign_c': 3.4084279109230433, 'trop_agb_crit': 5.841230872704112, 'trop_k_veg': 0.5695379443977426, 'fuel_k': 5.486054129200971, 'fuel_half': 18.202647368248815}.
[I 2026-07-22 18:43:07,356] Trial 189 finished with values: [10.764591406663284, 10.764591406663284] and parameters: {'k1': 0.052334804885400876, 'D_low': 70586.60227368641, 'k2': 2.1698375693549493e-05, 'D_high': 160625.60954780428, 'fire_exp': 1.182396148413737, 'P_half': 5.575453980775371, 'pre_dampen_half': 12.389588752305043, 'gpp_af': 0.0025511964576171086, 'gpp_b': 0.011750724729953272, 'gpp_d': 857.4284557962626, 'ign_k': 0.03141110271934876, 'ign_c': 6.1609752947414345, 'trop_agb_crit': 15.870971677383487, 'trop_k_veg': 1.6340262437673856, 'fuel_k': 5.486054129200971, 'fuel_half': 1.3547291924247347}.
[I 2026-07-22 18:43:07,776] Trial 190 finished with values: [-0.316921164235353, 0.2492897205019241] and parameters: {'k1': 0.002971796631657383, 'D_low': 163.4864778201543, 'k2': 0.0007081721844034209, 'D_high': 305369.47947832284, 'fire_exp': 1.0881360604103363, 'P_half': 1025.3368317956683, 'pre_dampen_half': 36.876350096202984, 'gpp_af': 0.3259758793317361, 'gpp_b': 1.1698276136056565e-05, 'gpp_d': 2.2044650100999164, 'ign_k': 0.006039096247545781, 'ign_c': 77.59048401667629, 'trop_agb_crit': 6.1198430581046965, 'trop_k_veg': 3.024803048559367, 'fuel_k': 0.6211831489538813, 'fuel_half': 0.33988503110784557}.
[I 2026-07-22 18:43:08,208] Trial 191 finished with values: [10.661198999502396, 10.661198999502396] and parameters: {'k1': 1.2030530850061361e-05, 'D_low': 85.60024220272012, 'k2': 2.1698375693549493e-05, 'D_high': 160625.60954780428, 'fire_exp': 1.3175349115759807, 'P_half': 3648.4560830477985, 'pre_dampen_half': 9.288856801351132, 'gpp_af': 1.1300566419249867, 'gpp_b': 0.0005995821881487623, 'gpp_d': 857.4284557962626, 'ign_k': 0.03141110271934876, 'ign_c': 14.074279366401672, 'trop_agb_crit': 7.359282739093333, 'trop_k_veg': 3.9497405715830105, 'fuel_k': 0.08612665817296865, 'fuel_half': 18.202647368248815}.
  trial  192/2500  pareto_size=3  best_taylor=0.4738  best_ilamb=0.5096  (1.3 min)
[I 2026-07-22 18:43:08,703] Trial 192 finished with values: [10.76923076903347, 10.76923076903347] and parameters: {'k1': 0.011966626407443505, 'D_low': 70586.60227368641, 'k2': 0.0034167643418329683, 'D_high': 1693415.5410667954, 'fire_exp': 6.363148766597142, 'P_half': 5.575453980775371, 'pre_dampen_half': 0.06209055280340042, 'gpp_af': 25.371947027764822, 'gpp_b': 0.6992636148959314, 'gpp_d': 0.012284844784580964, 'ign_k': 0.004144296901136395, 'ign_c': 0.1831616544393274, 'trop_agb_crit': 13.98132484257899, 'trop_k_veg': 1.7570501127699656, 'fuel_k': 0.08612665817296865, 'fuel_half': 38.21129441691226}.
[I 2026-07-22 18:43:09,122] Trial 193 finished with values: [10.705852715560418, 10.705852715560418] and parameters: {'k1': 2.0937989739527727e-05, 'D_low': 1403.0344584930538, 'k2': 0.07799059237255677, 'D_high': 2512533.442757688, 'fire_exp': 3.916877009398767, 'P_half': 39.03214299767183, 'pre_dampen_half': 228.6744476401009, 'gpp_af': 0.3259758793317361, 'gpp_b': 1.1698276136056565e-05, 'gpp_d': 25.017068255320467, 'ign_k': 0.006039096247545781, 'ign_c': 47.268615251255675, 'trop_agb_crit': 1.4914219038863046, 'trop_k_veg': 2.3408809609838257, 'fuel_k': 0.3872812826465556, 'fuel_half': 0.33988503110784557}.
[I 2026-07-22 18:43:09,535] Trial 194 finished with values: [10.37538051685656, 10.37538051685656] and parameters: {'k1': 0.0029707920514735983, 'D_low': 140.92119204434155, 'k2': 2.1698375693549493e-05, 'D_high': 1026.0852623190942, 'fire_exp': 1.3411849220480432, 'P_half': 38.82837025280678, 'pre_dampen_half': 33.97904243111269, 'gpp_af': 18.235072804314193, 'gpp_b': 3.228689523591491e-05, 'gpp_d': 9.00460602264307, 'ign_k': 0.0013091491622098177, 'ign_c': 3.0378658251922155, 'trop_agb_crit': 15.870971677383487, 'trop_k_veg': 1.7518409078083697, 'fuel_k': 0.0500651901928747, 'fuel_half': 18.202647368248815}.
[I 2026-07-22 18:43:09,945] Trial 195 finished with values: [10.68334380119062, 10.68334380119062] and parameters: {'k1': 0.0010204225357677778, 'D_low': 163.4864778201543, 'k2': 1.854837679096716e-05, 'D_high': 316055.11434645456, 'fire_exp': 3.2181803496180783, 'P_half': 9.324787201197319, 'pre_dampen_half': 33.71909132517388, 'gpp_af': 42.29037995744429, 'gpp_b': 1.6569065206637924e-05, 'gpp_d': 6.91394869865762, 'ign_k': 0.0026834162496848666, 'ign_c': 201.0328373440913, 'trop_agb_crit': 10.719494362768906, 'trop_k_veg': 1.7570501127699656, 'fuel_k': 3.6992394681929355, 'fuel_half': 81.87941582538087}.
[I 2026-07-22 18:43:10,355] Trial 196 finished with values: [10.76923076903347, 10.76923076903347] and parameters: {'k1': 9.969469187531805e-05, 'D_low': 1407.7923139972395, 'k2': 7.67074891445376e-05, 'D_high': 26587.030147082678, 'fire_exp': 8.791426299948917, 'P_half': 8832.039346746853, 'pre_dampen_half': 3.659675301686168, 'gpp_af': 0.12243451886824051, 'gpp_b': 0.00012118589392553819, 'gpp_d': 6.91394869865762, 'ign_k': 0.02847858516856297, 'ign_c': 0.11650681118986138, 'trop_agb_crit': 29.789943908227905, 'trop_k_veg': 1.0049538030148353, 'fuel_k': 3.6992394681929355, 'fuel_half': 81.87941582538087}.
[I 2026-07-22 18:43:10,766] Trial 197 finished with values: [10.667795640552487, 10.667795640552487] and parameters: {'k1': 3.277022851928565e-05, 'D_low': 85.60024220272012, 'k2': 7.011194706512109e-05, 'D_high': 922.5376791737639, 'fire_exp': 1.3175349115759807, 'P_half': 21.901578520649217, 'pre_dampen_half': 36.876350096202984, 'gpp_af': 29.925002022877816, 'gpp_b': 0.011750724729953272, 'gpp_d': 4.576857873108685, 'ign_k': 0.0026834162496848666, 'ign_c': 94.19612235978188, 'trop_agb_crit': 6.1198430581046965, 'trop_k_veg': 0.7808079158649266, 'fuel_k': 0.05597555634027867, 'fuel_half': 1.3547291924247347}.
[I 2026-07-22 18:43:11,179] Trial 198 finished with values: [10.33329897484066, 10.33329897484066] and parameters: {'k1': 0.0187011406476519, 'D_low': 1407.7923139972395, 'k2': 0.0004381141781653137, 'D_high': 7839199.220074049, 'fire_exp': 1.2943117749495199, 'P_half': 3.6138942712165267, 'pre_dampen_half': 0.2888838362365318, 'gpp_af': 0.015350904103515228, 'gpp_b': 4.0803257466853524e-05, 'gpp_d': 144.76743839390986, 'ign_k': 0.006290644294586149, 'ign_c': 11.40086370112731, 'trop_agb_crit': 7.500118950416987, 'trop_k_veg': 2.3408809609838257, 'fuel_k': 0.48736180483849406, 'fuel_half': 0.32476735706274484}.
[I 2026-07-22 18:43:11,602] Trial 199 finished with values: [10.755953982106034, 10.755953982106034] and parameters: {'k1': 0.00023352156626184448, 'D_low': 140.92119204434155, 'k2': 1.6559474674046002e-05, 'D_high': 66.8537333582894, 'fire_exp': 2.2703704516008885, 'P_half': 2.843767489444367, 'pre_dampen_half': 0.46504594134732663, 'gpp_af': 18.235072804314193, 'gpp_b': 0.0003528984625415794, 'gpp_d': 0.05811599743439243, 'ign_k': 0.5131654955148324, 'ign_c': 0.4392638796750216, 'trop_agb_crit': 24.85900548334648, 'trop_k_veg': 1.7518409078083697, 'fuel_k': 0.04207132303652083, 'fuel_half': 7.259866824755671}.
[I 2026-07-22 18:43:12,024] Trial 200 finished with values: [10.74432435973416, 10.74432435973416] and parameters: {'k1': 0.0003199177539819797, 'D_low': 1108.6804835269193, 'k2': 0.002342238625792905, 'D_high': 708572.1663941594, 'fire_exp': 1.2943117749495199, 'P_half': 2.458603276328005, 'pre_dampen_half': 26.373339933815235, 'gpp_af': 0.015350904103515228, 'gpp_b': 1.1698276136056565e-05, 'gpp_d': 2.2044650100999164, 'ign_k': 0.006039096247545781, 'ign_c': 8.405439129313676, 'trop_agb_crit': 1.886175574962432, 'trop_k_veg': 2.3408809609838257, 'fuel_k': 0.08612665817296865, 'fuel_half': 0.253071961271088}.
[I 2026-07-22 18:43:12,443] Trial 201 finished with values: [10.764510770251846, 10.764510770251846] and parameters: {'k1': 1.0605801312906204e-05, 'D_low': 13.25142220631392, 'k2': 0.000140654144219877, 'D_high': 66.8537333582894, 'fire_exp': 2.2703704516008885, 'P_half': 2.843767489444367, 'pre_dampen_half': 420.2116526335304, 'gpp_af': 24.361092841799906, 'gpp_b': 0.0005392415140872105, 'gpp_d': 0.05811599743439243, 'ign_k': 0.0013726318898045872, 'ign_c': 0.4392638796750216, 'trop_agb_crit': 6.119263728555865, 'trop_k_veg': 0.977663002683211, 'fuel_k': 0.08612665817296865, 'fuel_half': 49.16400722913764}.
[I 2026-07-22 18:43:12,860] Trial 202 finished with values: [-0.22263163109000325, 0.21653271169231314] and parameters: {'k1': 0.003242143344038315, 'D_low': 102.19595065529477, 'k2': 0.001566517163094646, 'D_high': 580966.5602369158, 'fire_exp': 1.7124099831271415, 'P_half': 7.890004262668578, 'pre_dampen_half': 294.75617712568373, 'gpp_af': 0.12243451886824051, 'gpp_b': 8.129227514069975e-05, 'gpp_d': 12.151631524283598, 'ign_k': 0.009861808369679786, 'ign_c': 94.57692079529029, 'trop_agb_crit': 5.707205898008383, 'trop_k_veg': 2.417028380770307, 'fuel_k': 0.018207179480706392, 'fuel_half': 0.3335026483569958}.
[I 2026-07-22 18:43:13,274] Trial 203 finished with values: [10.767064421975403, 10.767064421975403] and parameters: {'k1': 0.00023352156626184448, 'D_low': 163.4864778201543, 'k2': 1.6559474674046002e-05, 'D_high': 305369.47947832284, 'fire_exp': 9.576044995068301, 'P_half': 10.226988730324324, 'pre_dampen_half': 36.876350096202984, 'gpp_af': 0.3259758793317361, 'gpp_b': 1.1698276136056565e-05, 'gpp_d': 4.576857873108685, 'ign_k': 0.006039096247545781, 'ign_c': 2.4423775964038934, 'trop_agb_crit': 12.285102065067687, 'trop_k_veg': 1.7518409078083697, 'fuel_k': 0.05597555634027867, 'fuel_half': 2.276766792290519}.
[I 2026-07-22 18:43:13,697] Trial 204 finished with values: [10.76923076903347, 10.76923076903347] and parameters: {'k1': 2.27847364377152e-05, 'D_low': 6220.638781359816, 'k2': 0.001566517163094646, 'D_high': 22409.155921648, 'fire_exp': 2.0463613363481596, 'P_half': 7.890004262668578, 'pre_dampen_half': 0.4016986062226068, 'gpp_af': 0.290486210751816, 'gpp_b': 1.7565109007473816e-05, 'gpp_d': 2.2965432344634333, 'ign_k': 3.284529979576942, 'ign_c': 41.779950639915185, 'trop_agb_crit': 9.362115196011851, 'trop_k_veg': 2.3703642788018935, 'fuel_k': 1.1820218758583807, 'fuel_half': 7.860326410149302}.
[I 2026-07-22 18:43:14,111] Trial 205 finished with values: [10.76921228054221, 10.76921228054221] and parameters: {'k1': 1.2030530850061361e-05, 'D_low': 85.60024220272012, 'k2': 2.1698375693549493e-05, 'D_high': 160625.60954780428, 'fire_exp': 3.2181803496180783, 'P_half': 3648.4560830477985, 'pre_dampen_half': 9.288856801351132, 'gpp_af': 2.486059941484729, 'gpp_b': 0.5432846462741858, 'gpp_d': 3.1060682524644907, 'ign_k': 0.0022267996908938684, 'ign_c': 14.074279366401672, 'trop_agb_crit': 15.870971677383487, 'trop_k_veg': 6.911478238001162, 'fuel_k': 0.15820328899546293, 'fuel_half': 0.2414020247400933}.
[I 2026-07-22 18:43:14,524] Trial 206 finished with values: [10.34300155475576, 10.34300155475576] and parameters: {'k1': 9.969469187531805e-05, 'D_low': 864.0717009254879, 'k2': 7.67074891445376e-05, 'D_high': 580966.5602369158, 'fire_exp': 1.7124099831271415, 'P_half': 9.324787201197319, 'pre_dampen_half': 33.71909132517388, 'gpp_af': 8.769726637617675, 'gpp_b': 0.0005995821881487623, 'gpp_d': 6.91394869865762, 'ign_k': 0.009861808369679786, 'ign_c': 94.57692079529029, 'trop_agb_crit': 2.419699259862185, 'trop_k_veg': 1.140286245977296, 'fuel_k': 1.312881567992459, 'fuel_half': 7.259866824755671}.
[I 2026-07-22 18:43:14,933] Trial 207 finished with values: [10.34773757958818, 10.34773757958818] and parameters: {'k1': 0.052334804885400876, 'D_low': 13.25142220631392, 'k2': 0.0001971137615017176, 'D_high': 708572.1663941594, 'fire_exp': 2.0165721691808587, 'P_half': 343.5759946100352, 'pre_dampen_half': 26.373339933815235, 'gpp_af': 0.49740621749684094, 'gpp_b': 0.0005392415140872105, 'gpp_d': 8.057329182285729, 'ign_k': 0.0013726318898045872, 'ign_c': 14.452451441203314, 'trop_agb_crit': 6.119263728555865, 'trop_k_veg': 0.5772603928610088, 'fuel_k': 1.1820218758583807, 'fuel_half': 38.21129441691226}.
[I 2026-07-22 18:43:15,343] Trial 208 finished with values: [10.764652830009357, 10.764652830009357] and parameters: {'k1': 0.0131638092522722, 'D_low': 150.83210025074274, 'k2': 0.002342238625792905, 'D_high': 887331.2884015184, 'fire_exp': 1.2943117749495199, 'P_half': 8832.039346746853, 'pre_dampen_half': 0.03426913908389042, 'gpp_af': 0.015350904103515228, 'gpp_b': 4.0803257466853524e-05, 'gpp_d': 0.19476644406315285, 'ign_k': 0.006039096247545781, 'ign_c': 77.59048401667629, 'trop_agb_crit': 1.886175574962432, 'trop_k_veg': 2.3408809609838257, 'fuel_k': 0.6211831489538813, 'fuel_half': 49.011305842597835}.
