[I 2026-08-20 00:58:04,217] Trial 1472 finished with value: 0.46596969460918247 and parameters: {'k1': 0.004221886210014681, 'D_low': 30.101246082792994, 'k2': 0.00057567958442147, 'D_high': 4057708.58600702, 'fire_exp': 1.125722980306761, 'P_half': 1398.6814056028365, 'pre_dampen_half': 0.7782068220399465, 'gpp_af': 0.02706129594817105, 'gpp_b': 1.330138992091337e-05, 'gpp_d': 3.0289518046456942, 'ign_k': 0.06556396529164074, 'ign_c': 9.181224682010859, 'trop_agb_crit': 1.4454387893122234, 'trop_k_veg': 3.5385849114651475, 'pop_amp': 1.5708066842308992, 'pop_peak': 35.651530263520115, 'pop_sig': 0.9926878623545312}. Best is trial 1128 with value: -0.620386984093161.
[I 2026-08-20 00:58:05,997] Trial 1473 finished with value: 0.5521255789455184 and parameters: {'k1': 0.000108602351341737, 'D_low': 28122.768929990114, 'k2': 0.00037669780709868823, 'D_high': 1712287.042473911, 'fire_exp': 2.1953429759280736, 'P_half': 1.3300319738258743, 'pre_dampen_half': 1.3281960445912566, 'gpp_af': 0.584457139774886, 'gpp_b': 0.03843930527892149, 'gpp_d': 190.3025576575155, 'ign_k': 0.032302722157353636, 'ign_c': 14.40032041884714, 'trop_agb_crit': 2.3331032889258454, 'trop_k_veg': 6.387725878750766, 'pop_amp': 5.183161273643366, 'pop_peak': 155.50605534273498, 'pop_sig': 0.7193414035958595}. Best is trial 1128 with value: -0.620386984093161.
[I 2026-08-20 00:58:07,828] Trial 1474 finished with value: 0.6445374145881376 and parameters: {'k1': 0.004128736307674911, 'D_low': 1.0953866614456127, 'k2': 0.000769818202124023, 'D_high': 4760064.995229982, 'fire_exp': 2.096539386114228, 'P_half': 58.327998798516276, 'pre_dampen_half': 17.11403470326688, 'gpp_af': 0.001212068271292487, 'gpp_b': 0.00014754468915942885, 'gpp_d': 528.6931385024716, 'ign_k': 5.645490814546131, 'ign_c': 817.5411709280446, 'trop_agb_crit': 15.03746371820492, 'trop_k_veg': 2.723101165433631, 'pop_amp': 0.0014468141642952003, 'pop_peak': 0.38708615044708505, 'pop_sig': 1.067211743898793}. Best is trial 1128 with value: -0.620386984093161.
[I 2026-08-20 00:58:09,590] Trial 1475 finished with value: -0.5856586855951824 and parameters: {'k1': 0.08301066632507212, 'D_low': 85.12077921977391, 'k2': 0.00027474696865326115, 'D_high': 437040.48523018503, 'fire_exp': 2.3281689585553664, 'P_half': 9.080371305609917, 'pre_dampen_half': 1.9959039359867192, 'gpp_af': 0.1710187687384221, 'gpp_b': 0.00028203369879801154, 'gpp_d': 180.0708664858256, 'ign_k': 0.350717205629295, 'ign_c': 2.68556272466418, 'trop_agb_crit': 2.325560976941718, 'trop_k_veg': 5.586095720594859, 'pop_amp': 0.005562594999642696, 'pop_peak': 4.562750939023864, 'pop_sig': 0.46753703169449407}. Best is trial 1128 with value: -0.620386984093161.
[I 2026-08-20 00:58:11,362] Trial 1476 finished with value: 0.5825118832357234 and parameters: {'k1': 0.014252150782989024, 'D_low': 640.6852853357376, 'k2': 0.00011057033981282581, 'D_high': 14336.089066613034, 'fire_exp': 2.121253190285677, 'P_half': 12.298423832969977, 'pre_dampen_half': 0.4631639223237179, 'gpp_af': 0.10555372331777353, 'gpp_b': 0.00030720594656479585, 'gpp_d': 575.9554415231213, 'ign_k': 0.32497425478162323, 'ign_c': 0.3989144130092555, 'trop_agb_crit': 1.05797455799747, 'trop_k_veg': 4.1579752383875555, 'pop_amp': 0.005989553478368557, 'pop_peak': 2.4761150842545585, 'pop_sig': 0.27357078578109195}. Best is trial 1128 with value: -0.620386984093161.
[I 2026-08-20 00:58:13,140] Trial 1477 finished with value: 0.5773055864167459 and parameters: {'k1': 0.012786412700917292, 'D_low': 1278.9789930832612, 'k2': 3.047410262020692e-05, 'D_high': 1179774.5993692265, 'fire_exp': 2.008777936511559, 'P_half': 7.942610769448156, 'pre_dampen_half': 0.05592993027937177, 'gpp_af': 0.03532831340056815, 'gpp_b': 0.005700848239713046, 'gpp_d': 10.005371545434981, 'ign_k': 0.01832636889904207, 'ign_c': 6.182030550901298, 'trop_agb_crit': 1.754210850370508, 'trop_k_veg': 4.865987854802686, 'pop_amp': 0.08265708985495133, 'pop_peak': 2.4214328332629163, 'pop_sig': 0.655020874276984}. Best is trial 1128 with value: -0.620386984093161.
[I 2026-08-20 00:58:14,902] Trial 1478 finished with value: 0.41611955170996695 and parameters: {'k1': 0.05528209512847151, 'D_low': 229.69301705944963, 'k2': 0.0003233393617408545, 'D_high': 9288089.804823127, 'fire_exp': 3.284644388150092, 'P_half': 19.117990746480416, 'pre_dampen_half': 9.638448153543639, 'gpp_af': 0.7348615254207337, 'gpp_b': 7.366602271606503e-05, 'gpp_d': 163.56101825596127, 'ign_k': 0.12232494972878039, 'ign_c': 0.7154709029520403, 'trop_agb_crit': 3.1456386054676484, 'trop_k_veg': 3.1249185977455403, 'pop_amp': 0.05202339356560908, 'pop_peak': 4.144727786556831, 'pop_sig': 0.5005942805578772}. Best is trial 1128 with value: -0.620386984093161.
[I 2026-08-20 00:58:16,683] Trial 1479 finished with value: 0.571914161213681 and parameters: {'k1': 0.00900537918603521, 'D_low': 1026.8297795093479, 'k2': 0.0003014033552716223, 'D_high': 5791369.05211676, 'fire_exp': 2.2941897840564818, 'P_half': 49.002843141729024, 'pre_dampen_half': 0.7238527565909243, 'gpp_af': 0.005801786763536502, 'gpp_b': 0.005184533896029775, 'gpp_d': 278.43131609118785, 'ign_k': 0.24450345762799122, 'ign_c': 3.739553658700032, 'trop_agb_crit': 3.2670205607883465, 'trop_k_veg': 3.0612495657969587, 'pop_amp': 0.005029788208969961, 'pop_peak': 1.3520280889155096, 'pop_sig': 0.32439545132390285}. Best is trial 1128 with value: -0.620386984093161.
[I 2026-08-20 00:58:18,866] Trial 1480 finished with value: 0.4438655930587547 and parameters: {'k1': 0.020680684655070343, 'D_low': 1132.142447562913, 'k2': 0.01377219555806412, 'D_high': 112370.84809375252, 'fire_exp': 3.90873073230808, 'P_half': 1.4379984271014556, 'pre_dampen_half': 25.16695746378202, 'gpp_af': 0.02894475564749608, 'gpp_b': 0.0001353173953326883, 'gpp_d': 362.86854841980966, 'ign_k': 0.6447863090159245, 'ign_c': 0.25609041023420914, 'trop_agb_crit': 2.179219482736934, 'trop_k_veg': 6.019453209781059, 'pop_amp': 0.013101078525947918, 'pop_peak': 3.1669969744151794, 'pop_sig': 0.3203931931086759}. Best is trial 1128 with value: -0.620386984093161.
[I 2026-08-20 00:58:20,661] Trial 1481 finished with value: 0.58384152155346 and parameters: {'k1': 0.00046356535178984534, 'D_low': 307.65925005602605, 'k2': 0.0003196480911806932, 'D_high': 1179226.737911646, 'fire_exp': 5.653329212276093, 'P_half': 111.62026270637102, 'pre_dampen_half': 3.573853500799398, 'gpp_af': 0.3448293299727073, 'gpp_b': 7.477119279555096e-05, 'gpp_d': 80.8996773162682, 'ign_k': 0.0030801619351307403, 'ign_c': 0.9384172813070031, 'trop_agb_crit': 8.873688655739677, 'trop_k_veg': 4.562657673968452, 'pop_amp': 0.1654066435927472, 'pop_peak': 20.48793336502032, 'pop_sig': 0.6938811101655596}. Best is trial 1128 with value: -0.620386984093161.
[I 2026-08-20 00:58:22,459] Trial 1482 finished with value: 0.47897654137983037 and parameters: {'k1': 0.08209265018721172, 'D_low': 70.90532199831331, 'k2': 0.0001560795929095881, 'D_high': 759021.362688191, 'fire_exp': 3.97399855857299, 'P_half': 50.9331360509831, 'pre_dampen_half': 2.0183474726622737, 'gpp_af': 6.180453336134057, 'gpp_b': 9.254626871156116e-05, 'gpp_d': 20.94612453228837, 'ign_k': 0.4469184588753856, 'ign_c': 4.1194517788949785, 'trop_agb_crit': 1.2138280050140846, 'trop_k_veg': 6.50564510258262, 'pop_amp': 0.011520415481019463, 'pop_peak': 0.9065117506846317, 'pop_sig': 0.3652834490513108}. Best is trial 1128 with value: -0.620386984093161.
[I 2026-08-20 00:58:24,263] Trial 1483 finished with value: 0.5911896327165266 and parameters: {'k1': 0.004497617256081367, 'D_low': 200.32210441609928, 'k2': 0.0015765093911825148, 'D_high': 19307.538289352608, 'fire_exp': 3.379336513691837, 'P_half': 6.20707269308599, 'pre_dampen_half': 1.967128607481291, 'gpp_af': 3.6464222856435478, 'gpp_b': 0.00013945127076958022, 'gpp_d': 130.63765898055163, 'ign_k': 0.1384136406416861, 'ign_c': 34.34791476855028, 'trop_agb_crit': 5.325322198289483, 'trop_k_veg': 6.957056752002824, 'pop_amp': 0.005080054693506462, 'pop_peak': 105.7880318689124, 'pop_sig': 0.2872951154696886}. Best is trial 1128 with value: -0.620386984093161.
[I 2026-08-20 00:58:26,089] Trial 1484 finished with value: 0.5195392989560305 and parameters: {'k1': 0.08448239638464226, 'D_low': 29.467558586103245, 'k2': 0.00020923297078946247, 'D_high': 54779.49973023218, 'fire_exp': 3.460879195650154, 'P_half': 6.697339669967601, 'pre_dampen_half': 0.9079660040220131, 'gpp_af': 0.010659308881437445, 'gpp_b': 0.0008151365797488862, 'gpp_d': 21.14378007286125, 'ign_k': 0.485908317385671, 'ign_c': 1.3168906288753075, 'trop_agb_crit': 2.1942464082833277, 'trop_k_veg': 6.029443599539482, 'pop_amp': 0.006132473923642974, 'pop_peak': 35.49321222984744, 'pop_sig': 0.5430542967953266}. Best is trial 1128 with value: -0.620386984093161.
[I 2026-08-20 00:58:27,923] Trial 1485 finished with value: 0.5851594839716838 and parameters: {'k1': 0.0619458014693484, 'D_low': 52.977751353964024, 'k2': 0.00018214097381736376, 'D_high': 19519.519303783734, 'fire_exp': 3.875011889851962, 'P_half': 100.86675718870775, 'pre_dampen_half': 0.3082844943767771, 'gpp_af': 1.0116534858624668, 'gpp_b': 0.0005235909812926977, 'gpp_d': 330.4628564177188, 'ign_k': 2.0965850235216315, 'ign_c': 1.1756504860652122, 'trop_agb_crit': 2.548462424948923, 'trop_k_veg': 5.71781184112758, 'pop_amp': 0.0041129471068706925, 'pop_peak': 30.541564217697964, 'pop_sig': 0.26564376809397827}. Best is trial 1128 with value: -0.620386984093161.
[I 2026-08-20 00:58:29,747] Trial 1486 finished with value: -0.508768398497432 and parameters: {'k1': 0.006083642341256583, 'D_low': 426.69728863831784, 'k2': 0.00030908248768287614, 'D_high': 509915.24378952314, 'fire_exp': 1.3011370857344529, 'P_half': 71.4674241847808, 'pre_dampen_half': 1.831884229162277, 'gpp_af': 1.519549649486821, 'gpp_b': 0.0010118835309843688, 'gpp_d': 8.618362645059799, 'ign_k': 0.011335408715432104, 'ign_c': 1.6094207233248208, 'trop_agb_crit': 2.372618523505118, 'trop_k_veg': 5.6386618763408105, 'pop_amp': 0.0120628813574793, 'pop_peak': 2.9782351588487774, 'pop_sig': 0.29721357758021155}. Best is trial 1128 with value: -0.620386984093161.
[I 2026-08-20 00:58:31,569] Trial 1487 finished with value: 0.6301953015260433 and parameters: {'k1': 0.0029848269574626485, 'D_low': 9.599379066020093, 'k2': 0.0015947751901877515, 'D_high': 5858379.877207779, 'fire_exp': 3.59304250987199, 'P_half': 21.45219451608018, 'pre_dampen_half': 49.32400690429191, 'gpp_af': 0.0025511108023507784, 'gpp_b': 1.0121263906228519e-05, 'gpp_d': 0.04053219947648508, 'ign_k': 0.9145752404457937, 'ign_c': 35.733815259779774, 'trop_agb_crit': 1.7226097257456976, 'trop_k_veg': 1.1727837036464126, 'pop_amp': 4.8675636629220165, 'pop_peak': 0.24028368730782854, 'pop_sig': 0.4395733206377285}. Best is trial 1128 with value: -0.620386984093161.
[I 2026-08-20 00:58:33,374] Trial 1488 finished with value: 0.5376941916292235 and parameters: {'k1': 0.00020574068274289948, 'D_low': 4883.594731854449, 'k2': 0.01698408933076451, 'D_high': 2511227.727134985, 'fire_exp': 2.8175120726891154, 'P_half': 194.737419273121, 'pre_dampen_half': 1.3780606655638286, 'gpp_af': 0.007002290335017602, 'gpp_b': 0.00011853643305904256, 'gpp_d': 1.200346506559424, 'ign_k': 0.9798024288822915, 'ign_c': 0.9228282877219647, 'trop_agb_crit': 1.5863097589843258, 'trop_k_veg': 4.511465259635601, 'pop_amp': 0.03432997521867983, 'pop_peak': 0.06318832170679796, 'pop_sig': 0.4953778330183952}. Best is trial 1128 with value: -0.620386984093161.
[I 2026-08-20 00:58:35,169] Trial 1489 finished with value: 0.5442245086877042 and parameters: {'k1': 0.02898081434411305, 'D_low': 37.67953153260368, 'k2': 0.0032458487956395325, 'D_high': 188119.28304420607, 'fire_exp': 2.094869742126146, 'P_half': 14.00569243946238, 'pre_dampen_half': 0.11595563577673071, 'gpp_af': 1.3525457606469875, 'gpp_b': 0.0003682216926082576, 'gpp_d': 389.6500102012681, 'ign_k': 0.049670853917251935, 'ign_c': 2.4000635434882205, 'trop_agb_crit': 2.598427828230401, 'trop_k_veg': 5.75289877217611, 'pop_amp': 0.027703271524625487, 'pop_peak': 0.3322353228109476, 'pop_sig': 0.43777423875586713}. Best is trial 1128 with value: -0.620386984093161.
[I 2026-08-20 00:58:36,938] Trial 1490 finished with value: 0.5975835940457621 and parameters: {'k1': 0.0008528694946126426, 'D_low': 25827.708407649206, 'k2': 0.0009490307957702795, 'D_high': 4285139.371019888, 'fire_exp': 3.633067806649764, 'P_half': 320.8744064714141, 'pre_dampen_half': 5.454453262253342, 'gpp_af': 2.2299794692267128, 'gpp_b': 1.096290871769385e-05, 'gpp_d': 7.203309413065688, 'ign_k': 0.051363784900833265, 'ign_c': 6.341423527142641, 'trop_agb_crit': 6.16377161945715, 'trop_k_veg': 1.9387784879724792, 'pop_amp': 0.6219275965111981, 'pop_peak': 0.7749925513398662, 'pop_sig': 0.9272871824907295}. Best is trial 1128 with value: -0.620386984093161.
[I 2026-08-20 00:58:38,729] Trial 1491 finished with value: 0.6331665821049608 and parameters: {'k1': 6.717564996528565e-05, 'D_low': 3119.070635798007, 'k2': 0.006917348218690244, 'D_high': 5057.98934599748, 'fire_exp': 3.8535899366066686, 'P_half': 67.60957539982692, 'pre_dampen_half': 697.6770124922293, 'gpp_af': 0.004354705042941718, 'gpp_b': 0.6620311815499761, 'gpp_d': 7.5949463169596285, 'ign_k': 5.397796761836626, 'ign_c': 6.609266901242526, 'trop_agb_crit': 1.0319039942241819, 'trop_k_veg': 0.6401627773731533, 'pop_amp': 0.0012082786737348174, 'pop_peak': 339.2464906920838, 'pop_sig': 0.31069505254157886}. Best is trial 1128 with value: -0.620386984093161.
[I 2026-08-20 00:58:40,876] Trial 1492 finished with value: 0.46899602797769924 and parameters: {'k1': 0.011981292304686824, 'D_low': 25.23837456347767, 'k2': 0.0002831592812709595, 'D_high': 203170.16358837156, 'fire_exp': 1.709919551849932, 'P_half': 38.079550742494355, 'pre_dampen_half': 234.70361622353116, 'gpp_af': 0.06127006994189568, 'gpp_b': 3.628121838214756e-05, 'gpp_d': 580.9971924994462, 'ign_k': 0.0795937803426198, 'ign_c': 1.6786908583526232, 'trop_agb_crit': 3.3047703154553947, 'trop_k_veg': 3.980321150869165, 'pop_amp': 0.0049174781654342005, 'pop_peak': 115.43041926222563, 'pop_sig': 0.2536352696094325}. Best is trial 1128 with value: -0.620386984093161.
[I 2026-08-20 00:58:42,639] Trial 1493 finished with value: 0.5817592568503746 and parameters: {'k1': 0.0005251069829720392, 'D_low': 1202.4482061790284, 'k2': 0.03166039941091764, 'D_high': 3188187.2809125604, 'fire_exp': 3.8237040974578465, 'P_half': 1371.4464176993547, 'pre_dampen_half': 0.9540735258296871, 'gpp_af': 1.0291116658831947, 'gpp_b': 0.0028175819201007304, 'gpp_d': 230.57581459793997, 'ign_k': 0.018347087892305432, 'ign_c': 0.19762069158063994, 'trop_agb_crit': 12.793243990438963, 'trop_k_veg': 6.8369948388490265, 'pop_amp': 4.142310184210261, 'pop_peak': 0.21170914994699047, 'pop_sig': 0.8764665124240317}. Best is trial 1128 with value: -0.620386984093161.
[I 2026-08-20 00:58:44,437] Trial 1494 finished with value: 0.5977139039384549 and parameters: {'k1': 0.038587834082178606, 'D_low': 271.62883507851535, 'k2': 0.0009423215945841094, 'D_high': 2628463.1147653097, 'fire_exp': 2.1190068421900103, 'P_half': 5.501086259442596, 'pre_dampen_half': 11.688589623692948, 'gpp_af': 0.01603284258126933, 'gpp_b': 4.964408261679341e-05, 'gpp_d': 760.6428499922947, 'ign_k': 0.16519960941511708, 'ign_c': 81.15856884674261, 'trop_agb_crit': 3.181891240757664, 'trop_k_veg': 5.940078589183494, 'pop_amp': 0.011392376880467505, 'pop_peak': 137.29917944451253, 'pop_sig': 0.3642633501094062}. Best is trial 1128 with value: -0.620386984093161.
[I 2026-08-20 00:58:46,269] Trial 1495 finished with value: 0.45652560885338056 and parameters: {'k1': 0.023550968955501937, 'D_low': 77.59028133665264, 'k2': 0.0003441051105554736, 'D_high': 273945.1888177393, 'fire_exp': 2.635933654267578, 'P_half': 2.512321813124525, 'pre_dampen_half': 0.5984187016441213, 'gpp_af': 0.38052853276190673, 'gpp_b': 0.0011123737418127428, 'gpp_d': 45.50414554526305, 'ign_k': 0.25737154591621114, 'ign_c': 2.0635262935208276, 'trop_agb_crit': 1.8698012249947107, 'trop_k_veg': 7.49222621544162, 'pop_amp': 0.04289300589124393, 'pop_peak': 9.888269062677733, 'pop_sig': 0.2868676529177172}. Best is trial 1128 with value: -0.620386984093161.
[I 2026-08-20 00:58:48,061] Trial 1496 finished with value: -0.5880683379542834 and parameters: {'k1': 0.00018704262029701878, 'D_low': 3993.5939292645235, 'k2': 0.06804392727624528, 'D_high': 754050.7246484082, 'fire_exp': 1.9583344963157718, 'P_half': 139.13209521654844, 'pre_dampen_half': 3.4022843159640557, 'gpp_af': 0.3122992112835893, 'gpp_b': 0.00011804304827429145, 'gpp_d': 158.32918646143125, 'ign_k': 0.06209536721999938, 'ign_c': 0.17108847973649619, 'trop_agb_crit': 2.387611450234232, 'trop_k_veg': 2.1890647668344667, 'pop_amp': 1.2101118566167761, 'pop_peak': 66.2679677722561, 'pop_sig': 1.7095738098902584}. Best is trial 1128 with value: -0.620386984093161.
[I 2026-08-20 00:58:49,872] Trial 1497 finished with value: 0.47205692460780857 and parameters: {'k1': 0.00023162057463972118, 'D_low': 1378.5166092744478, 'k2': 0.06869653058957803, 'D_high': 9359517.301241491, 'fire_exp': 1.516421707761782, 'P_half': 8.89263916212383, 'pre_dampen_half': 0.07098936139903243, 'gpp_af': 0.006715223861598894, 'gpp_b': 0.000566135532306061, 'gpp_d': 299.2585526426897, 'ign_k': 0.01336867441698279, 'ign_c': 1.4202304153853453, 'trop_agb_crit': 6.1054025856803635, 'trop_k_veg': 0.8219007825948158, 'pop_amp': 4.303639723806011, 'pop_peak': 38.96879302337425, 'pop_sig': 2.3838561109097856}. Best is trial 1128 with value: -0.620386984093161.
[I 2026-08-20 00:58:51,680] Trial 1498 finished with value: 0.5128388101859399 and parameters: {'k1': 0.05446486793164939, 'D_low': 1.0042020343898495, 'k2': 6.230754913178938e-05, 'D_high': 2176411.6063695117, 'fire_exp': 3.0687089405347203, 'P_half': 8.827573357248333, 'pre_dampen_half': 682.9047228066811, 'gpp_af': 0.031194938706368018, 'gpp_b': 3.476002882341928e-05, 'gpp_d': 9.800366697756372, 'ign_k': 0.5018839735560002, 'ign_c': 5.255347088752921, 'trop_agb_crit': 3.2526782595424746, 'trop_k_veg': 7.993658924128582, 'pop_amp': 0.0016807935491975814, 'pop_peak': 2.3942009040300403, 'pop_sig': 0.4025613966368647}. Best is trial 1128 with value: -0.620386984093161.
[I 2026-08-20 00:58:53,478] Trial 1499 finished with value: 0.4888772700700623 and parameters: {'k1': 0.014430543364559359, 'D_low': 3.6542891327127984, 'k2': 0.0010985347291665511, 'D_high': 1654608.393453809, 'fire_exp': 3.8201575769508307, 'P_half': 16.62700851180379, 'pre_dampen_half': 0.4616540610114409, 'gpp_af': 0.0390850687863798, 'gpp_b': 0.00018355743320797353, 'gpp_d': 877.9157627580644, 'ign_k': 0.3528084230099129, 'ign_c': 0.3520387675374393, 'trop_agb_crit': 2.605582039876365, 'trop_k_veg': 5.5318775549455355, 'pop_amp': 0.0025298108928365807, 'pop_peak': 7.502058123484297, 'pop_sig': 0.45705093166810834}. Best is trial 1128 with value: -0.620386984093161.
[I 2026-08-20 00:58:55,280] Trial 1500 finished with value: 0.4697797365219383 and parameters: {'k1': 0.0002852399516602093, 'D_low': 36834.41144454414, 'k2': 0.06494581915455609, 'D_high': 1016810.4567490852, 'fire_exp': 2.0023541555882605, 'P_half': 1470.1456512849084, 'pre_dampen_half': 129.44040885615348, 'gpp_af': 0.17383774898483723, 'gpp_b': 0.0004384733414956179, 'gpp_d': 32.04628791622182, 'ign_k': 1.6517798647673492, 'ign_c': 0.15786807690187715, 'trop_agb_crit': 1.2801521590819338, 'trop_k_veg': 1.9754149217077084, 'pop_amp': 3.717430289140184, 'pop_peak': 58.04581794293267, 'pop_sig': 1.498788653851487}. Best is trial 1128 with value: -0.620386984093161.
[I 2026-08-20 00:58:57,112] Trial 1501 finished with value: -0.5250791074063346 and parameters: {'k1': 0.00028552271170725495, 'D_low': 6016.813213307385, 'k2': 0.05967797793573535, 'D_high': 5837766.256631178, 'fire_exp': 1.7934622271735172, 'P_half': 51.06775439125009, 'pre_dampen_half': 2.917272709357303, 'gpp_af': 0.23098173426846902, 'gpp_b': 1.4020001574662416e-05, 'gpp_d': 248.59341464574828, 'ign_k': 0.007816431648690034, 'ign_c': 0.21813962186384084, 'trop_agb_crit': 1.1421055231061472, 'trop_k_veg': 1.4936011065172863, 'pop_amp': 1.2738508095415415, 'pop_peak': 213.12436694561063, 'pop_sig': 1.488840872629111}. Best is trial 1128 with value: -0.620386984093161.
[I 2026-08-20 00:58:58,950] Trial 1502 finished with value: 0.6347233735276913 and parameters: {'k1': 0.024860407968343382, 'D_low': 157233.9983863386, 'k2': 0.009106733935515384, 'D_high': 862882.3946419193, 'fire_exp': 5.44735055542993, 'P_half': 27.449688905582388, 'pre_dampen_half': 7.55547940226248, 'gpp_af': 0.06696291094413742, 'gpp_b': 0.004437890530384899, 'gpp_d': 141.93110630349042, 'ign_k': 0.29183002950075976, 'ign_c': 0.4262429323190606, 'trop_agb_crit': 8.857968225816366, 'trop_k_veg': 1.3515203119240082, 'pop_amp': 0.18750086068032204, 'pop_peak': 0.8353719033781476, 'pop_sig': 1.2100400428858502}. Best is trial 1128 with value: -0.620386984093161.
[I 2026-08-20 00:59:00,822] Trial 1503 finished with value: 0.5292973845594328 and parameters: {'k1': 0.00024097699411470037, 'D_low': 1433.2586918201794, 'k2': 0.0480357621619506, 'D_high': 21021.927522981925, 'fire_exp': 1.5638434421607699, 'P_half': 47.96485877975409, 'pre_dampen_half': 67.34851034793454, 'gpp_af': 1.600763061313001, 'gpp_b': 9.321496679636659e-05, 'gpp_d': 34.21031977255039, 'ign_k': 0.38394440213638775, 'ign_c': 0.29676078104319126, 'trop_agb_crit': 3.189601541558984, 'trop_k_veg': 4.933352906600792, 'pop_amp': 1.4026833341909057, 'pop_peak': 22.388552932734882, 'pop_sig': 2.4104494163122148}. Best is trial 1128 with value: -0.620386984093161.
