[I 2026-08-20 00:03:15,123] Trial 74 finished with value: 0.6335114944141502 and parameters: {'k1': 1.7393347212189367e-05, 'D_low': 1.9437175839846688, 'k2': 0.0016166301013109655, 'D_high': 764.9031367114144, 'fire_exp': 4.034082174133121, 'P_half': 1.5869569870878064, 'pre_dampen_half': 175.00461570086682, 'gpp_af': 0.5801816930774332, 'gpp_b': 1.0736491283985378e-05, 'gpp_d': 1.7298994904775282, 'ign_k': 2.32807024241337, 'ign_c': 1.3309384183208024, 'trop_agb_crit': 22.906003363311775, 'trop_k_veg': 0.6010893820796369}. Best is trial 0 with value: -0.5989088506199346.
[I 2026-08-20 00:03:17,492] Trial 75 finished with value: 0.5639148735638441 and parameters: {'k1': 2.8637522559211645e-05, 'D_low': 7939.8203384637745, 'k2': 0.0025636781366052005, 'D_high': 38907.61215527603, 'fire_exp': 2.3455334938023413, 'P_half': 47.57860823253645, 'pre_dampen_half': 15.312298070734592, 'gpp_af': 0.012576342202334558, 'gpp_b': 0.0023890164193967967, 'gpp_d': 9.520996274690301, 'ign_k': 4.085004536641143, 'ign_c': 4.230190087159831, 'trop_agb_crit': 27.314975130297196, 'trop_k_veg': 1.5643474852727965}. Best is trial 0 with value: -0.5989088506199346.
[I 2026-08-20 00:03:20,199] Trial 76 finished with value: 0.6178222254732808 and parameters: {'k1': 8.134152277539286e-05, 'D_low': 1.7820744053570448, 'k2': 0.029426732278113207, 'D_high': 486.89418033977097, 'fire_exp': 1.9834425744819293, 'P_half': 97.32324609883327, 'pre_dampen_half': 0.6467892454895129, 'gpp_af': 0.001327194314468537, 'gpp_b': 2.1555482986569243e-05, 'gpp_d': 217.65113723134047, 'ign_k': 4.4168521251369945, 'ign_c': 2.6133301508053544, 'trop_agb_crit': 3.8194920141187203, 'trop_k_veg': 2.9749846726947147}. Best is trial 0 with value: -0.5989088506199346.
[I 2026-08-20 00:03:22,761] Trial 77 finished with value: 0.5629364847775244 and parameters: {'k1': 9.90673415783588e-05, 'D_low': 303.6214689180979, 'k2': 0.04891570512841478, 'D_high': 19424.35051786882, 'fire_exp': 2.9536203545694284, 'P_half': 23.580247897568604, 'pre_dampen_half': 65.81839505439976, 'gpp_af': 0.02254888353397568, 'gpp_b': 2.782222138917095e-05, 'gpp_d': 25.0885893817032, 'ign_k': 3.9282703341394494, 'ign_c': 20.806248236133584, 'trop_agb_crit': 15.18456495147964, 'trop_k_veg': 1.1458564343783264}. Best is trial 0 with value: -0.5989088506199346.
[I 2026-08-20 00:03:25,103] Trial 78 finished with value: 0.5082670371425008 and parameters: {'k1': 0.00023280370817366938, 'D_low': 123.14146197374588, 'k2': 0.013874080090603242, 'D_high': 470585.7317045525, 'fire_exp': 2.4110844517471874, 'P_half': 2.733592036711903, 'pre_dampen_half': 80.23107718830211, 'gpp_af': 2.337121296051399, 'gpp_b': 0.0011973434305382947, 'gpp_d': 0.9534650516106861, 'ign_k': 3.6726809037383124, 'ign_c': 2.626276676935386, 'trop_agb_crit': 22.809767362111774, 'trop_k_veg': 0.8627584534621358}. Best is trial 0 with value: -0.5989088506199346.
[I 2026-08-20 00:03:27,716] Trial 79 finished with value: 0.5293509200033917 and parameters: {'k1': 3.299038545059397e-05, 'D_low': 3102.8795761315296, 'k2': 0.003689393120588607, 'D_high': 128407.55688003139, 'fire_exp': 1.7208413299382699, 'P_half': 10.773939226816633, 'pre_dampen_half': 0.36879621647203653, 'gpp_af': 0.00876825932272379, 'gpp_b': 1.3687671734661972e-05, 'gpp_d': 2.1161812251360623, 'ign_k': 7.742490173019487, 'ign_c': 1.4294807545859465, 'trop_agb_crit': 26.49331474114293, 'trop_k_veg': 0.7406327023470581}. Best is trial 0 with value: -0.5989088506199346.
[I 2026-08-20 00:03:30,057] Trial 80 finished with value: 0.4824003835641346 and parameters: {'k1': 0.0044541835275977385, 'D_low': 1323.551341905611, 'k2': 0.0002644363624297614, 'D_high': 2394378.5106368056, 'fire_exp': 4.4739864107325715, 'P_half': 5.912863870761756, 'pre_dampen_half': 429.3340861698578, 'gpp_af': 0.2750599012964325, 'gpp_b': 9.890674781094502e-05, 'gpp_d': 0.7102610310588073, 'ign_k': 5.2453425729766705, 'ign_c': 21.516131375555283, 'trop_agb_crit': 28.48795088516428, 'trop_k_veg': 0.8482223749133408}. Best is trial 0 with value: -0.5989088506199346.
[I 2026-08-20 00:03:32,400] Trial 81 finished with value: 0.4082719876475073 and parameters: {'k1': 0.0006218753800944052, 'D_low': 47.22949063525587, 'k2': 0.006826925690348844, 'D_high': 602778.0633534713, 'fire_exp': 1.995030168982192, 'P_half': 1.7939963533005387, 'pre_dampen_half': 3.34020536346939, 'gpp_af': 0.0038758324687502782, 'gpp_b': 2.1280767332381137e-05, 'gpp_d': 0.27172351624766783, 'ign_k': 2.697515308171992, 'ign_c': 3.561118180037363, 'trop_agb_crit': 10.60492007399877, 'trop_k_veg': 1.7465012936855655}. Best is trial 0 with value: -0.5989088506199346.
[I 2026-08-20 00:03:34,630] Trial 82 finished with value: -0.5564588114643849 and parameters: {'k1': 0.0007753095566220725, 'D_low': 19460.461762390012, 'k2': 0.00033876761237176237, 'D_high': 7123067.062098316, 'fire_exp': 1.1333882633574404, 'P_half': 186.98471480785378, 'pre_dampen_half': 11.776654696028555, 'gpp_af': 0.09963827291896918, 'gpp_b': 4.694968883092549e-05, 'gpp_d': 54.86831958653096, 'ign_k': 0.1393009059706449, 'ign_c': 1.6918353006927562, 'trop_agb_crit': 26.488114126639534, 'trop_k_veg': 2.3903345705831307}. Best is trial 0 with value: -0.5989088506199346.
[I 2026-08-20 00:03:36,957] Trial 83 finished with value: 0.4691896996505388 and parameters: {'k1': 1.1039894517670245e-05, 'D_low': 278.06209552045254, 'k2': 0.016007857473818957, 'D_high': 385440.7995390016, 'fire_exp': 2.2352849967600785, 'P_half': 24.663485093729264, 'pre_dampen_half': 246.3957036008105, 'gpp_af': 0.271103207915325, 'gpp_b': 0.0005236483385886586, 'gpp_d': 0.7972042008725961, 'ign_k': 1.4878843561873192, 'ign_c': 0.39979933429915715, 'trop_agb_crit': 27.016465887974647, 'trop_k_veg': 1.7422637181379725}. Best is trial 0 with value: -0.5989088506199346.
[I 2026-08-20 00:03:39,314] Trial 84 finished with value: 0.45527126339331336 and parameters: {'k1': 0.0013338424623933877, 'D_low': 1096.4936408710125, 'k2': 5.180312620058178e-05, 'D_high': 58006.72900478015, 'fire_exp': 1.0619239457296046, 'P_half': 198.64829075731026, 'pre_dampen_half': 2.907782872187128, 'gpp_af': 0.22581009300384744, 'gpp_b': 1.7596054440441767e-05, 'gpp_d': 47.48457949665983, 'ign_k': 0.6106154266707974, 'ign_c': 0.18228833028270808, 'trop_agb_crit': 13.235116992838575, 'trop_k_veg': 4.028028136974338}. Best is trial 0 with value: -0.5989088506199346.
[I 2026-08-20 00:03:41,660] Trial 85 finished with value: -0.5407898604704143 and parameters: {'k1': 0.0004103429592015402, 'D_low': 15622.39867117941, 'k2': 0.00036876572183460897, 'D_high': 3215172.618143571, 'fire_exp': 1.2980907369822212, 'P_half': 645.1083713496771, 'pre_dampen_half': 154.2048629236492, 'gpp_af': 0.054626645685965196, 'gpp_b': 3.6775903821629456e-05, 'gpp_d': 432.2211497104271, 'ign_k': 0.08937000699627112, 'ign_c': 0.13974772829974982, 'trop_agb_crit': 19.676629662496588, 'trop_k_veg': 3.3049608564896897}. Best is trial 0 with value: -0.5989088506199346.
[I 2026-08-20 00:03:43,927] Trial 86 finished with value: 0.6224210582652434 and parameters: {'k1': 0.0007894941285233255, 'D_low': 72694.91331080241, 'k2': 5.8295765098796116e-05, 'D_high': 1160260.8951830473, 'fire_exp': 1.3907876740844947, 'P_half': 2369.937362457613, 'pre_dampen_half': 22.222815541765968, 'gpp_af': 2.7339673043955552, 'gpp_b': 1.877038226240922e-05, 'gpp_d': 217.76945570497384, 'ign_k': 0.008696565907405817, 'ign_c': 0.1703588534405782, 'trop_agb_crit': 18.12838824012137, 'trop_k_veg': 5.200546132404133}. Best is trial 0 with value: -0.5989088506199346.
[I 2026-08-20 00:03:46,268] Trial 87 finished with value: 0.5975545125713235 and parameters: {'k1': 0.00037345487699126987, 'D_low': 9268.370622642575, 'k2': 0.00031851191360690676, 'D_high': 5446284.471871363, 'fire_exp': 1.9924411648960687, 'P_half': 2716.5442520308125, 'pre_dampen_half': 223.43456906957647, 'gpp_af': 0.007772264002362102, 'gpp_b': 8.757724213167511e-05, 'gpp_d': 11.985163305612167, 'ign_k': 0.01977084453537911, 'ign_c': 0.41887688638819737, 'trop_agb_crit': 19.089346780190798, 'trop_k_veg': 2.5968333104924888}. Best is trial 0 with value: -0.5989088506199346.
[I 2026-08-20 00:03:48,697] Trial 88 finished with value: 0.46753458017582106 and parameters: {'k1': 0.00021833495957044485, 'D_low': 26629.33130792332, 'k2': 0.00043233039250149303, 'D_high': 2549838.5312678777, 'fire_exp': 1.1856740403222301, 'P_half': 585.4947099887987, 'pre_dampen_half': 876.5560848105769, 'gpp_af': 0.008183429452840245, 'gpp_b': 7.824506110984629e-05, 'gpp_d': 183.43521098579498, 'ign_k': 0.4277092266699607, 'ign_c': 0.2972304123185464, 'trop_agb_crit': 15.156469424946177, 'trop_k_veg': 3.8468705242920556}. Best is trial 0 with value: -0.5989088506199346.
[I 2026-08-20 00:03:51,127] Trial 89 finished with value: -0.4639172403575662 and parameters: {'k1': 2.639995842794927e-05, 'D_low': 4456.086525554726, 'k2': 0.001922892799532632, 'D_high': 21016.036308857027, 'fire_exp': 2.395109171695905, 'P_half': 2.4520562733341005, 'pre_dampen_half': 267.3975549604793, 'gpp_af': 0.03168480740709626, 'gpp_b': 0.0001121136118794831, 'gpp_d': 8.101194169252329, 'ign_k': 0.23247783382636145, 'ign_c': 0.503673992523076, 'trop_agb_crit': 8.016611962577516, 'trop_k_veg': 1.725243443095482}. Best is trial 0 with value: -0.5989088506199346.
[I 2026-08-20 00:03:53,646] Trial 90 finished with value: -0.5249147798116726 and parameters: {'k1': 0.01798475202960889, 'D_low': 6086.293601114975, 'k2': 0.004143579273271353, 'D_high': 7712103.855665427, 'fire_exp': 1.6211737696338329, 'P_half': 277.97676618273556, 'pre_dampen_half': 218.2036858269805, 'gpp_af': 0.5577310116388613, 'gpp_b': 4.407359860363951e-05, 'gpp_d': 164.5711398499942, 'ign_k': 0.024223538689384098, 'ign_c': 3.642547119832111, 'trop_agb_crit': 7.563832853605513, 'trop_k_veg': 2.8376800915255638}. Best is trial 0 with value: -0.5989088506199346.
[I 2026-08-20 00:03:56,085] Trial 91 finished with value: 0.5762130424441783 and parameters: {'k1': 0.06163583768118373, 'D_low': 38810.90290288788, 'k2': 0.001951188560470802, 'D_high': 2059382.114725144, 'fire_exp': 2.033908546701846, 'P_half': 15.91798963104765, 'pre_dampen_half': 19.18191275355291, 'gpp_af': 0.15210501484709676, 'gpp_b': 5.480484240982771e-05, 'gpp_d': 188.56512128175504, 'ign_k': 0.0029217225551559107, 'ign_c': 0.27329025073985225, 'trop_agb_crit': 5.684339825065912, 'trop_k_veg': 2.139989772326111}. Best is trial 0 with value: -0.5989088506199346.
[I 2026-08-20 00:03:58,489] Trial 92 finished with value: 0.451141763753258 and parameters: {'k1': 0.0023848624810577403, 'D_low': 209.8741507531968, 'k2': 0.018279311435069192, 'D_high': 1000880.5671766584, 'fire_exp': 1.4180141716946966, 'P_half': 143.8187118858746, 'pre_dampen_half': 53.79914039813112, 'gpp_af': 3.525262400718142, 'gpp_b': 0.0004096525396777202, 'gpp_d': 273.9210282954783, 'ign_k': 0.009528606959879492, 'ign_c': 7.720507333501475, 'trop_agb_crit': 5.138071829763149, 'trop_k_veg': 2.35048842143095}. Best is trial 0 with value: -0.5989088506199346.
[I 2026-08-20 00:04:00,936] Trial 93 finished with value: 0.6386642118500494 and parameters: {'k1': 0.001861128909315157, 'D_low': 245913.34188712455, 'k2': 0.0018582476172556025, 'D_high': 2424643.514623838, 'fire_exp': 1.1399538279726442, 'P_half': 51.223916753694795, 'pre_dampen_half': 23.138508173490035, 'gpp_af': 0.15302432436971822, 'gpp_b': 0.005377158276538623, 'gpp_d': 528.2272959211131, 'ign_k': 0.2714015733729887, 'ign_c': 0.9866157534957715, 'trop_agb_crit': 26.521463267685913, 'trop_k_veg': 3.178966562973629}. Best is trial 0 with value: -0.5989088506199346.
[I 2026-08-20 00:04:03,344] Trial 94 finished with value: -0.5386024546573076 and parameters: {'k1': 0.03520592630894233, 'D_low': 904.5177336583553, 'k2': 0.0007187912466687442, 'D_high': 552309.690076997, 'fire_exp': 1.3335222035815295, 'P_half': 485.993526434025, 'pre_dampen_half': 559.4954685302043, 'gpp_af': 0.47548586791939257, 'gpp_b': 0.0001985435241709301, 'gpp_d': 10.511180377275492, 'ign_k': 0.030498697273956737, 'ign_c': 7.606073788502151, 'trop_agb_crit': 20.330352032377093, 'trop_k_veg': 1.71424445317035}. Best is trial 0 with value: -0.5989088506199346.
[I 2026-08-20 00:04:05,729] Trial 95 finished with value: 0.547101472258131 and parameters: {'k1': 0.02602705933595427, 'D_low': 284.1398655174658, 'k2': 0.0009830121106498674, 'D_high': 1148880.5206625569, 'fire_exp': 1.9406684637513705, 'P_half': 339.623218804486, 'pre_dampen_half': 366.07421443319527, 'gpp_af': 1.0949123919258725, 'gpp_b': 1.5086844745791093e-05, 'gpp_d': 8.393099956460293, 'ign_k': 0.007815683953071459, 'ign_c': 6.1176329173072785, 'trop_agb_crit': 13.26223000534425, 'trop_k_veg': 2.0938404294889708}. Best is trial 0 with value: -0.5989088506199346.
[I 2026-08-20 00:04:08,116] Trial 96 finished with value: 0.5790049135400414 and parameters: {'k1': 0.01318857753424926, 'D_low': 791.4895622393838, 'k2': 0.0020987988859076006, 'D_high': 7915306.405022032, 'fire_exp': 1.1632891816231021, 'P_half': 4450.67022905625, 'pre_dampen_half': 66.4585960123375, 'gpp_af': 0.17586150528355826, 'gpp_b': 1.5035854045232952e-05, 'gpp_d': 123.52242236090898, 'ign_k': 0.12106058113382358, 'ign_c': 25.5995890003501, 'trop_agb_crit': 4.828315878361966, 'trop_k_veg': 2.235275020103122}. Best is trial 0 with value: -0.5989088506199346.
[I 2026-08-20 00:04:10,817] Trial 97 finished with value: -0.5307322122906772 and parameters: {'k1': 0.013663734636418241, 'D_low': 19088.851433308475, 'k2': 0.01577121283255822, 'D_high': 6787375.781754587, 'fire_exp': 1.4272097215002766, 'P_half': 268.1807284115813, 'pre_dampen_half': 44.07457059471182, 'gpp_af': 12.810041680723513, 'gpp_b': 4.8212493186770325e-05, 'gpp_d': 31.205488824806352, 'ign_k': 0.16254307027256676, 'ign_c': 0.6454546323648958, 'trop_agb_crit': 16.74654474266176, 'trop_k_veg': 5.997691968388626}. Best is trial 0 with value: -0.5989088506199346.
[I 2026-08-20 00:04:13,401] Trial 98 finished with value: 0.6286199826143567 and parameters: {'k1': 0.044379695115632445, 'D_low': 154045.4686444322, 'k2': 0.04179837635866323, 'D_high': 5413411.085464206, 'fire_exp': 1.1990325441854455, 'P_half': 704.1320769893191, 'pre_dampen_half': 85.59724847657505, 'gpp_af': 81.61190226954831, 'gpp_b': 0.0002556742948048696, 'gpp_d': 34.18124760513323, 'ign_k': 0.007940148523852974, 'ign_c': 0.7776390915322712, 'trop_agb_crit': 25.670682277443515, 'trop_k_veg': 4.6466213499981075}. Best is trial 0 with value: -0.5989088506199346.
[I 2026-08-20 00:04:15,896] Trial 99 finished with value: -0.5571754072272429 and parameters: {'k1': 0.002717588692568316, 'D_low': 1468.3128932698173, 'k2': 0.045937033302050054, 'D_high': 3521068.8404015456, 'fire_exp': 1.5395247205473357, 'P_half': 25.77856147350999, 'pre_dampen_half': 2.435557127162846, 'gpp_af': 3.255797615458643, 'gpp_b': 0.00141176836733784, 'gpp_d': 32.00461742549764, 'ign_k': 0.04498936684855964, 'ign_c': 0.12148068824545075, 'trop_agb_crit': 17.196441472883954, 'trop_k_veg': 6.603581100098072}. Best is trial 0 with value: -0.5989088506199346.
[I 2026-08-20 00:04:18,384] Trial 100 finished with value: 0.5311772516554334 and parameters: {'k1': 0.003941888776135695, 'D_low': 24.967126467065466, 'k2': 0.019393612215040396, 'D_high': 8860657.043237532, 'fire_exp': 1.398256021093157, 'P_half': 88.19977800089822, 'pre_dampen_half': 2.0357686323403867, 'gpp_af': 88.16140880765285, 'gpp_b': 0.000946718941744543, 'gpp_d': 15.524153885042365, 'ign_k': 0.03897745049452493, 'ign_c': 0.3462377690344098, 'trop_agb_crit': 13.40471813993987, 'trop_k_veg': 6.088757625303098}. Best is trial 0 with value: -0.5989088506199346.
[I 2026-08-20 00:04:20,917] Trial 101 finished with value: 0.43464745636452773 and parameters: {'k1': 0.00477171649040723, 'D_low': 372.478325859194, 'k2': 0.04481474641105297, 'D_high': 136170.84842357392, 'fire_exp': 1.1842121424703786, 'P_half': 54.21385985955984, 'pre_dampen_half': 9.396319218929143, 'gpp_af': 0.2869376079874092, 'gpp_b': 0.005407840398800516, 'gpp_d': 225.40755137119018, 'ign_k': 0.02146164714426417, 'ign_c': 0.6401616518310873, 'trop_agb_crit': 18.098255828832706, 'trop_k_veg': 7.808939526943116}. Best is trial 0 with value: -0.5989088506199346.
[I 2026-08-20 00:04:23,463] Trial 102 finished with value: 0.4416938326819295 and parameters: {'k1': 0.055444045533674886, 'D_low': 1473.0388262011643, 'k2': 0.0003848968344583358, 'D_high': 465337.5059432824, 'fire_exp': 1.5567200722727343, 'P_half': 54.58392068250772, 'pre_dampen_half': 308.1562207712908, 'gpp_af': 1.3888249363678564, 'gpp_b': 0.000790267292514783, 'gpp_d': 159.57175378254863, 'ign_k': 0.13953870026395204, 'ign_c': 16.586383922409926, 'trop_agb_crit': 25.87815767724091, 'trop_k_veg': 0.6526345106304119}. Best is trial 0 with value: -0.5989088506199346.
[I 2026-08-20 00:04:25,900] Trial 103 finished with value: -0.5824751247179314 and parameters: {'k1': 0.001610687200521045, 'D_low': 2289.7213944154546, 'k2': 0.00011750284674517249, 'D_high': 5052808.531565374, 'fire_exp': 2.4207691420117414, 'P_half': 131.7453017593265, 'pre_dampen_half': 11.001085562243121, 'gpp_af': 0.14571472019758677, 'gpp_b': 0.00021241826200836647, 'gpp_d': 60.37361955362184, 'ign_k': 0.12912659839031382, 'ign_c': 2.408889776581197, 'trop_agb_crit': 19.715588504069835, 'trop_k_veg': 4.022943909788375}. Best is trial 0 with value: -0.5989088506199346.
[I 2026-08-20 00:04:28,574] Trial 104 finished with value: 0.5614983491733383 and parameters: {'k1': 0.013967476417606196, 'D_low': 2179.373444031396, 'k2': 0.0687337978050964, 'D_high': 31291.284306490805, 'fire_exp': 1.4090399332921426, 'P_half': 53.50799410579717, 'pre_dampen_half': 70.72293312482971, 'gpp_af': 35.32293216987534, 'gpp_b': 0.00010904375761985583, 'gpp_d': 2.069518847704939, 'ign_k': 0.6060054552154875, 'ign_c': 0.3829378834159243, 'trop_agb_crit': 11.6815483919867, 'trop_k_veg': 2.761417535677869}. Best is trial 0 with value: -0.5989088506199346.
[I 2026-08-20 00:04:31,057] Trial 105 finished with value: 0.4097713710561661 and parameters: {'k1': 0.002006320189990709, 'D_low': 1236.8158420199684, 'k2': 0.000285725432232016, 'D_high': 5219590.190892547, 'fire_exp': 2.4272760460669067, 'P_half': 71.88084810819316, 'pre_dampen_half': 6.739922255143693, 'gpp_af': 0.4513194720380269, 'gpp_b': 5.451954012226642e-05, 'gpp_d': 14.971271307614808, 'ign_k': 0.16209505816279401, 'ign_c': 0.8033382988627401, 'trop_agb_crit': 24.578341366368193, 'trop_k_veg': 3.1762493643747445}. Best is trial 0 with value: -0.5989088506199346.
[I 2026-08-20 00:04:33,451] Trial 106 finished with value: 0.5922339588112597 and parameters: {'k1': 0.00047153911647794034, 'D_low': 1365.9658584444733, 'k2': 9.423434116821352e-05, 'D_high': 178368.7981356988, 'fire_exp': 2.409056213050789, 'P_half': 29.225214634419956, 'pre_dampen_half': 2.3325090108093787, 'gpp_af': 0.0016866068175132361, 'gpp_b': 0.002089403867757552, 'gpp_d': 427.9161046597819, 'ign_k': 0.04695642751884589, 'ign_c': 1.7562112199577395, 'trop_agb_crit': 26.550843719459586, 'trop_k_veg': 5.771029316436985}. Best is trial 0 with value: -0.5989088506199346.
[I 2026-08-20 00:04:35,965] Trial 107 finished with value: -0.4792672326566638 and parameters: {'k1': 0.000397518967229996, 'D_low': 7271.2832888263665, 'k2': 0.004332557963227705, 'D_high': 4142525.1741632572, 'fire_exp': 1.0582208316909445, 'P_half': 411.6058376551296, 'pre_dampen_half': 145.2527089948696, 'gpp_af': 69.14226904548532, 'gpp_b': 0.00018813243177382707, 'gpp_d': 3.39618565167707, 'ign_k': 1.2113204757556433, 'ign_c': 1.4425820584625124, 'trop_agb_crit': 21.91489594526581, 'trop_k_veg': 7.984511307367193}. Best is trial 0 with value: -0.5989088506199346.
[I 2026-08-20 00:04:38,417] Trial 108 finished with value: 0.6483548988006741 and parameters: {'k1': 0.007411923518665947, 'D_low': 279.9279342764687, 'k2': 0.00035320113915115114, 'D_high': 4804750.465721788, 'fire_exp': 1.0018889254374252, 'P_half': 268.9635985104353, 'pre_dampen_half': 14.589184301246117, 'gpp_af': 0.006686099034599877, 'gpp_b': 0.0001305012095447187, 'gpp_d': 5.175820558017883, 'ign_k': 4.596231773228052, 'ign_c': 31.77351202939515, 'trop_agb_crit': 22.617763467637932, 'trop_k_veg': 0.973891153031233}. Best is trial 0 with value: -0.5989088506199346.
[I 2026-08-20 00:04:40,966] Trial 109 finished with value: 0.6445374145881376 and parameters: {'k1': 0.020973117236366946, 'D_low': 605.476215346399, 'k2': 1.7880898656632702e-05, 'D_high': 124168.18676859575, 'fire_exp': 1.097808204466861, 'P_half': 76.41960196424253, 'pre_dampen_half': 33.25903271954606, 'gpp_af': 0.21655820664239087, 'gpp_b': 0.003971239602700446, 'gpp_d': 2.10134526703289, 'ign_k': 0.426196167221781, 'ign_c': 79.98544817395482, 'trop_agb_crit': 25.15470356946212, 'trop_k_veg': 3.689765189307666}. Best is trial 0 with value: -0.5989088506199346.
[I 2026-08-20 00:04:43,513] Trial 110 finished with value: 0.5550433680089846 and parameters: {'k1': 0.003251314383387171, 'D_low': 1425.7820787457865, 'k2': 0.048941568536733086, 'D_high': 9718293.796783138, 'fire_exp': 4.516529764369136, 'P_half': 26.765164763791592, 'pre_dampen_half': 2.1874730057460585, 'gpp_af': 0.21046628378883098, 'gpp_b': 0.011038105320768984, 'gpp_d': 10.272774461319166, 'ign_k': 0.07590754599756509, 'ign_c': 0.11403705993108991, 'trop_agb_crit': 8.474705892671768, 'trop_k_veg': 2.3051983597556256}. Best is trial 0 with value: -0.5989088506199346.
[I 2026-08-20 00:04:45,774] Trial 111 finished with value: 0.5025114247178593 and parameters: {'k1': 9.669717158859019e-05, 'D_low': 11798.199962966079, 'k2': 0.00016101674272955442, 'D_high': 3626110.4712841855, 'fire_exp': 1.1434351950406638, 'P_half': 42.504703764902644, 'pre_dampen_half': 0.3183050117309715, 'gpp_af': 0.2588556080099846, 'gpp_b': 6.22710768354637e-05, 'gpp_d': 2.3959150225688197, 'ign_k': 0.0335858370052005, 'ign_c': 2.0543536616729665, 'trop_agb_crit': 18.179569268045174, 'trop_k_veg': 1.5277646185450395}. Best is trial 0 with value: -0.5989088506199346.
