[I 2026-08-19 15:33:40,192] Trial 1188 finished with value: -0.4727108842925247 and parameters: {'k1': 1.287689457124092e-05, 'D_low': 57.98179290526279, 'k2': 0.00015831544899669377, 'D_high': 803590.8973526157, 'fire_exp': 2.3599229211328834, 'P_half': 10.035959942042997, 'pre_dampen_half': 0.835707489495495, 'gpp_af': 0.20948777753903028, 'gpp_b': 8.72195661776161e-05, 'gpp_d': 40.42567395753759, 'ign_k': 0.14481652076431223, 'ign_c': 12.309194292192055, 'trop_agb_crit': 2.6813051816283653, 'trop_k_veg': 6.803513186616078, 'pop_amp': 0.13871073482983468, 'pop_peak': 97.69584580760659, 'pop_sig': 0.5179126103539393, 'fuel_k': 0.30724067468692096, 'fuel_half': 0.6659195577111677}. Best is trial 421 with value: -0.6216386034937503.
[I 2026-08-19 15:33:42,721] Trial 1189 finished with value: -0.3371184428788165 and parameters: {'k1': 0.007290913951244033, 'D_low': 31.563020260607995, 'k2': 8.651404230927223e-05, 'D_high': 21695.276287929286, 'fire_exp': 2.7210391477693405, 'P_half': 6.967726430302434, 'pre_dampen_half': 60.57883427515502, 'gpp_af': 0.00569967266400654, 'gpp_b': 3.746238402592491e-05, 'gpp_d': 3.7983127792478766, 'ign_k': 0.15661462761410308, 'ign_c': 12.531687787231544, 'trop_agb_crit': 2.1456549990708647, 'trop_k_veg': 4.990196432467795, 'pop_amp': 19.967136062485363, 'pop_peak': 27.06402973095213, 'pop_sig': 1.5874048922829278, 'fuel_k': 0.076605182260846, 'fuel_half': 1.2495895603664298}. Best is trial 421 with value: -0.6216386034937503.
  trial 1190/2500  best_overall=0.6216  (69.7 min)
[I 2026-08-19 15:33:46,222] Trial 1190 finished with value: -0.5316730567200194 and parameters: {'k1': 6.31968627486323e-05, 'D_low': 16.15808983176391, 'k2': 0.008515271140350035, 'D_high': 2363562.0502219615, 'fire_exp': 2.307629255712435, 'P_half': 21.356164554675736, 'pre_dampen_half': 25.78271373635724, 'gpp_af': 0.07869325214023062, 'gpp_b': 6.953277373580492e-05, 'gpp_d': 1.8097342068010698, 'ign_k': 0.01513705162955602, 'ign_c': 1.7792568345538449, 'trop_agb_crit': 6.662989580101775, 'trop_k_veg': 4.125757447827576, 'pop_amp': 0.02705751862879022, 'pop_peak': 1.6429625662652996, 'pop_sig': 0.4139329303908791, 'fuel_k': 1.347821842421668, 'fuel_half': 0.11151533876005751}. Best is trial 421 with value: -0.6216386034937503.
[I 2026-08-19 15:33:49,371] Trial 1191 finished with value: -0.5917034692061875 and parameters: {'k1': 0.0003476071001352613, 'D_low': 5887.662079297306, 'k2': 0.01287414479126467, 'D_high': 208247.16944737418, 'fire_exp': 1.2896421068038162, 'P_half': 10.828418916224255, 'pre_dampen_half': 2.1846437571482733, 'gpp_af': 0.0026548346918714378, 'gpp_b': 3.8207374936492845e-05, 'gpp_d': 16.566263664181964, 'ign_k': 0.15183724247682925, 'ign_c': 0.17498457194865974, 'trop_agb_crit': 19.014774544539573, 'trop_k_veg': 0.6000131903910582, 'pop_amp': 0.016052142333268127, 'pop_peak': 0.5597110420746954, 'pop_sig': 0.5770124826128549, 'fuel_k': 0.766822691408893, 'fuel_half': 0.3185383402757737}. Best is trial 421 with value: -0.6216386034937503.
[I 2026-08-19 15:33:52,412] Trial 1192 finished with value: -0.49045383510305945 and parameters: {'k1': 1.3569837025377332e-05, 'D_low': 137718.07815203676, 'k2': 2.0186273747857867e-05, 'D_high': 379034.1735023067, 'fire_exp': 1.0357444155124487, 'P_half': 104.03498592663573, 'pre_dampen_half': 0.0974330959390225, 'gpp_af': 0.008179487949990237, 'gpp_b': 1.2393169105891879e-05, 'gpp_d': 0.20927228229323072, 'ign_k': 7.151125478946053, 'ign_c': 16.10306261504944, 'trop_agb_crit': 10.699867581526009, 'trop_k_veg': 1.0035012962660443, 'pop_amp': 1.357725804507044, 'pop_peak': 81.71559266738012, 'pop_sig': 2.077415133187945, 'fuel_k': 0.631524849005681, 'fuel_half': 0.5220749153103817}. Best is trial 421 with value: -0.6216386034937503.
[I 2026-08-19 15:33:55,421] Trial 1193 finished with value: -0.5308288152240959 and parameters: {'k1': 0.008215999585758606, 'D_low': 103.38251538154076, 'k2': 0.008052919490688938, 'D_high': 2032877.1093032677, 'fire_exp': 1.3483404750945545, 'P_half': 1.9373953831341308, 'pre_dampen_half': 0.29055954126273936, 'gpp_af': 0.06497577195614003, 'gpp_b': 0.001062523381184366, 'gpp_d': 22.37670987175025, 'ign_k': 0.046495328675938676, 'ign_c': 0.12442836877401665, 'trop_agb_crit': 15.76011785321035, 'trop_k_veg': 1.327846802768223, 'pop_amp': 0.15571202784620197, 'pop_peak': 0.2044529495853331, 'pop_sig': 0.2943611454607213, 'fuel_k': 0.5584289982345649, 'fuel_half': 0.34836683228760584}. Best is trial 421 with value: -0.6216386034937503.
[I 2026-08-19 15:33:58,102] Trial 1194 finished with value: -0.5233545377543554 and parameters: {'k1': 0.0004464573932885428, 'D_low': 10.114030992439178, 'k2': 0.040847076711545284, 'D_high': 2756252.286586233, 'fire_exp': 2.322264468899032, 'P_half': 16.789507293390212, 'pre_dampen_half': 0.1904490505520349, 'gpp_af': 0.0016462591473207328, 'gpp_b': 5.502392808764892e-05, 'gpp_d': 1.5601282398663643, 'ign_k': 0.1582823431487987, 'ign_c': 7.096463672511209, 'trop_agb_crit': 11.990496825678854, 'trop_k_veg': 7.074000224223112, 'pop_amp': 0.00894291414952282, 'pop_peak': 0.17249785701988837, 'pop_sig': 0.35306691610534685, 'fuel_k': 1.1091753570271232, 'fuel_half': 0.11192160693545374}. Best is trial 421 with value: -0.6216386034937503.
[I 2026-08-19 15:34:00,937] Trial 1195 finished with value: -0.41267352986289135 and parameters: {'k1': 0.0001053461877505683, 'D_low': 1.6904880120617947, 'k2': 0.0013058210859472933, 'D_high': 7917245.65889105, 'fire_exp': 1.9538288795897274, 'P_half': 2.844251659457285, 'pre_dampen_half': 0.24093409796120094, 'gpp_af': 0.003278789481006695, 'gpp_b': 0.000263573436887838, 'gpp_d': 2.4100821351008928, 'ign_k': 0.5096309352075983, 'ign_c': 34.002501463842954, 'trop_agb_crit': 10.946233422539551, 'trop_k_veg': 2.641238843067924, 'pop_amp': 0.017360983038486842, 'pop_peak': 3.048952032721954, 'pop_sig': 0.5795902535686211, 'fuel_k': 0.7749716979130136, 'fuel_half': 0.16201413600703135}. Best is trial 421 with value: -0.6216386034937503.
[I 2026-08-19 15:34:03,689] Trial 1196 finished with value: -0.3554625854118624 and parameters: {'k1': 0.0007970575934725031, 'D_low': 2968.5131090172754, 'k2': 9.831713976949413e-05, 'D_high': 1875669.6431288896, 'fire_exp': 1.6301856767265381, 'P_half': 1041.0847257774933, 'pre_dampen_half': 0.5135459532887573, 'gpp_af': 0.00767718410669895, 'gpp_b': 5.745791364392363e-05, 'gpp_d': 33.9009715974291, 'ign_k': 3.893412972890583, 'ign_c': 86.42186513488622, 'trop_agb_crit': 12.775906803055298, 'trop_k_veg': 3.243752481607005, 'pop_amp': 0.0010713854954732419, 'pop_peak': 2.5145687592492356, 'pop_sig': 0.8779670793663001, 'fuel_k': 0.7018750856571093, 'fuel_half': 0.38723827232919444}. Best is trial 421 with value: -0.6216386034937503.
  trial 1197/2500  best_overall=0.6216  (70.0 min)
[I 2026-08-19 15:34:07,456] Trial 1197 finished with value: -0.6075666066767369 and parameters: {'k1': 0.00017388442941265194, 'D_low': 5510.608746428766, 'k2': 0.0012600156121529797, 'D_high': 7640077.059350655, 'fire_exp': 1.3822494031164818, 'P_half': 397.01878835143003, 'pre_dampen_half': 8.616470999227746, 'gpp_af': 0.03668015914173352, 'gpp_b': 5.5697995929114594e-05, 'gpp_d': 7.820201663933407, 'ign_k': 0.37928000527938516, 'ign_c': 9.916586479984355, 'trop_agb_crit': 25.341626176371555, 'trop_k_veg': 4.115824262495315, 'pop_amp': 0.0016040334843113403, 'pop_peak': 11.65609617555854, 'pop_sig': 1.222387091241297, 'fuel_k': 2.3807118785485164, 'fuel_half': 0.48526541988708294}. Best is trial 421 with value: -0.6216386034937503.
[I 2026-08-19 15:34:10,589] Trial 1198 finished with value: -0.5588169725651386 and parameters: {'k1': 8.725457113032465e-05, 'D_low': 18367.154412448082, 'k2': 0.009288940614941581, 'D_high': 2052795.2867095536, 'fire_exp': 1.1421696734708988, 'P_half': 100.70096126432297, 'pre_dampen_half': 1.2787125531306238, 'gpp_af': 0.009105114900849788, 'gpp_b': 0.005081244961854183, 'gpp_d': 240.94856383405303, 'ign_k': 2.8226417563734656, 'ign_c': 2.195299767993356, 'trop_agb_crit': 14.484901214434055, 'trop_k_veg': 3.2983018618084174, 'pop_amp': 0.009795725924481868, 'pop_peak': 3.4508581215283933, 'pop_sig': 1.9615573446402432, 'fuel_k': 3.847278360975444, 'fuel_half': 0.5181088795719394}. Best is trial 421 with value: -0.6216386034937503.
[I 2026-08-19 15:34:13,580] Trial 1199 finished with value: -0.5772215504682209 and parameters: {'k1': 0.06958490843317643, 'D_low': 618.3593651481498, 'k2': 0.0019141373039837717, 'D_high': 1077986.3522035328, 'fire_exp': 1.4702235110467425, 'P_half': 3.866454219239705, 'pre_dampen_half': 11.779758470656997, 'gpp_af': 0.005146946560862427, 'gpp_b': 0.00023215745013438577, 'gpp_d': 1.921483149813093, 'ign_k': 0.004625830239801402, 'ign_c': 0.12837100197767493, 'trop_agb_crit': 12.195848792083389, 'trop_k_veg': 0.8404667437806334, 'pop_amp': 0.07610854756294567, 'pop_peak': 15.044956813110977, 'pop_sig': 0.27162487171747035, 'fuel_k': 2.0830576760261557, 'fuel_half': 1.0760481885218167}. Best is trial 421 with value: -0.6216386034937503.
[I 2026-08-19 15:34:17,057] Trial 1200 finished with value: -0.42558647686349216 and parameters: {'k1': 0.0074461851502901745, 'D_low': 2990.376805684231, 'k2': 0.0015500306425853282, 'D_high': 43502.23197238548, 'fire_exp': 2.293277380573691, 'P_half': 23.58582110024454, 'pre_dampen_half': 0.02217743566655858, 'gpp_af': 0.06055048713600925, 'gpp_b': 1.7578933203090812e-05, 'gpp_d': 0.046128631307321664, 'ign_k': 0.10871115977977464, 'ign_c': 0.14506137921824, 'trop_agb_crit': 16.110733677145983, 'trop_k_veg': 1.1413031743057855, 'pop_amp': 0.14160058156246413, 'pop_peak': 0.7184592188204343, 'pop_sig': 0.28212302366397507, 'fuel_k': 2.414070612585074, 'fuel_half': 0.17773223380244418}. Best is trial 421 with value: -0.6216386034937503.
[I 2026-08-19 15:34:21,649] Trial 1201 finished with value: -0.5555944664407011 and parameters: {'k1': 0.03648645976365746, 'D_low': 1.7459056828182797, 'k2': 0.0002605120848031639, 'D_high': 4084901.8557448145, 'fire_exp': 2.350590499889548, 'P_half': 10.068592263166472, 'pre_dampen_half': 0.707792633470966, 'gpp_af': 0.011012622829461671, 'gpp_b': 7.51286132667442e-05, 'gpp_d': 32.46820270570215, 'ign_k': 7.01625916291505, 'ign_c': 17.9832584577118, 'trop_agb_crit': 15.955329436371908, 'trop_k_veg': 1.4213346525840929, 'pop_amp': 0.31395861450854257, 'pop_peak': 245.33641706045552, 'pop_sig': 0.3860393005425643, 'fuel_k': 0.12065894749891154, 'fuel_half': 0.6346114438945196}. Best is trial 421 with value: -0.6216386034937503.
[I 2026-08-19 15:34:24,709] Trial 1202 finished with value: -0.5911267043925053 and parameters: {'k1': 0.00338052354178393, 'D_low': 843.0612864776405, 'k2': 0.009814136425032084, 'D_high': 832467.0579837501, 'fire_exp': 2.2912406186129837, 'P_half': 1.3070509174620468, 'pre_dampen_half': 0.5545819595482586, 'gpp_af': 0.0010935074302389893, 'gpp_b': 2.1754119194383458e-05, 'gpp_d': 0.022131959602606895, 'ign_k': 1.259243670695121, 'ign_c': 0.2080080132856488, 'trop_agb_crit': 14.626765207362624, 'trop_k_veg': 1.8937155379505106, 'pop_amp': 0.25351673880233905, 'pop_peak': 5.248087726772247, 'pop_sig': 0.34075909977316526, 'fuel_k': 1.4382016077208528, 'fuel_half': 0.2992591130694454}. Best is trial 421 with value: -0.6216386034937503.
  trial 1203/2500  best_overall=0.6216  (70.4 min)
[I 2026-08-19 15:34:28,478] Trial 1203 finished with value: -0.46977496076958625 and parameters: {'k1': 0.00011371647420026107, 'D_low': 834.3038344837006, 'k2': 0.0027336342701259992, 'D_high': 2844216.4458464007, 'fire_exp': 1.1067595323572283, 'P_half': 9532.995904697364, 'pre_dampen_half': 183.98927053623638, 'gpp_af': 0.005422602177486866, 'gpp_b': 6.358539052588868e-05, 'gpp_d': 34.46385517812003, 'ign_k': 0.10844705045624656, 'ign_c': 6.366634970309371, 'trop_agb_crit': 19.264149158688163, 'trop_k_veg': 5.0082099982253405, 'pop_amp': 0.002728507210632726, 'pop_peak': 5.95353987890311, 'pop_sig': 1.567768388978636, 'fuel_k': 1.4960666109825806, 'fuel_half': 0.3493674607410432}. Best is trial 421 with value: -0.6216386034937503.
[I 2026-08-19 15:34:31,557] Trial 1204 finished with value: -0.5927486987859887 and parameters: {'k1': 5.797078840077e-05, 'D_low': 2355.391104558908, 'k2': 0.00041989197493798433, 'D_high': 1465718.9217225825, 'fire_exp': 1.257606953233763, 'P_half': 192.34279757802838, 'pre_dampen_half': 7.436242168998856, 'gpp_af': 0.01613427790173587, 'gpp_b': 1.5147348895142976e-05, 'gpp_d': 6.433894002041943, 'ign_k': 0.05706721571416317, 'ign_c': 3.846642502006637, 'trop_agb_crit': 13.767047035371485, 'trop_k_veg': 5.055756399751886, 'pop_amp': 0.0026983856405658605, 'pop_peak': 7.496138218462636, 'pop_sig': 0.876192870437588, 'fuel_k': 0.8208978515370576, 'fuel_half': 0.27346148140930787}. Best is trial 421 with value: -0.6216386034937503.
[I 2026-08-19 15:34:34,264] Trial 1205 finished with value: -0.5915673327327209 and parameters: {'k1': 0.00021970414634122097, 'D_low': 132.70914676467407, 'k2': 1.796936338827074e-05, 'D_high': 2670869.7465872886, 'fire_exp': 1.5792471667831975, 'P_half': 70.17090911586187, 'pre_dampen_half': 4.20995868235484, 'gpp_af': 0.00874400699553499, 'gpp_b': 2.1748243241216268e-05, 'gpp_d': 0.2278883017638288, 'ign_k': 1.7145231678915398, 'ign_c': 0.6976533734753861, 'trop_agb_crit': 3.158388037947643, 'trop_k_veg': 3.0240791111400607, 'pop_amp': 0.21178716826670396, 'pop_peak': 0.796861242497643, 'pop_sig': 1.9338072759372418, 'fuel_k': 0.45409732347542936, 'fuel_half': 0.2615346273990294}. Best is trial 421 with value: -0.6216386034937503.
[I 2026-08-19 15:34:37,315] Trial 1206 finished with value: -0.4552635225041525 and parameters: {'k1': 0.0006861794967545061, 'D_low': 31246.38490109713, 'k2': 2.4290513567159658e-05, 'D_high': 3589012.0584142758, 'fire_exp': 9.295019482174123, 'P_half': 185.137842086822, 'pre_dampen_half': 33.14458440091329, 'gpp_af': 0.026427902420472202, 'gpp_b': 1.6188396612908987e-05, 'gpp_d': 7.256271365056028, 'ign_k': 5.416094483923033, 'ign_c': 0.40866975990128135, 'trop_agb_crit': 5.603517404503805, 'trop_k_veg': 3.98679312221964, 'pop_amp': 3.2239057750921614, 'pop_peak': 302.95682518150613, 'pop_sig': 1.350562371403742, 'fuel_k': 0.13694588874134694, 'fuel_half': 0.5415188540508167}. Best is trial 421 with value: -0.6216386034937503.
[I 2026-08-19 15:34:40,187] Trial 1207 finished with value: -0.3554625854118624 and parameters: {'k1': 0.014751457728647697, 'D_low': 330.79049382302804, 'k2': 1.697200421843597e-05, 'D_high': 510296.5303434826, 'fire_exp': 2.4039817166866895, 'P_half': 61.575288123050264, 'pre_dampen_half': 2.097492437221144, 'gpp_af': 0.0013006858163923777, 'gpp_b': 6.479294956000513e-05, 'gpp_d': 0.010105958910726966, 'ign_k': 1.3642113619696392, 'ign_c': 133.61562837306826, 'trop_agb_crit': 10.402938585203218, 'trop_k_veg': 4.800991829303091, 'pop_amp': 0.6407106293682624, 'pop_peak': 11.177153125543306, 'pop_sig': 0.8180450993499916, 'fuel_k': 1.2173477574887135, 'fuel_half': 2.8833002246122152}. Best is trial 421 with value: -0.6216386034937503.
[I 2026-08-19 15:34:43,508] Trial 1208 finished with value: -0.5023795168103239 and parameters: {'k1': 0.0008290892623345447, 'D_low': 285.835971699842, 'k2': 3.3665024289461024e-05, 'D_high': 2581625.9477284867, 'fire_exp': 4.813977405305332, 'P_half': 768.778978462643, 'pre_dampen_half': 81.25223620543271, 'gpp_af': 0.018176450540235718, 'gpp_b': 2.7342983004680534e-05, 'gpp_d': 136.02312298060332, 'ign_k': 1.2175980007453875, 'ign_c': 1.122758240966287, 'trop_agb_crit': 21.5505965502926, 'trop_k_veg': 4.735234832082453, 'pop_amp': 2.7733242090021877, 'pop_peak': 630.0332646363102, 'pop_sig': 1.5002479967945148, 'fuel_k': 0.22774059348080686, 'fuel_half': 8.189446061881885}. Best is trial 421 with value: -0.6216386034937503.
[I 2026-08-19 15:34:46,189] Trial 1209 finished with value: -0.49217745744744656 and parameters: {'k1': 0.0014792737347164551, 'D_low': 5681.157557022773, 'k2': 0.0009109120051219689, 'D_high': 5038395.827423587, 'fire_exp': 1.0665785005223134, 'P_half': 59.247448856564056, 'pre_dampen_half': 101.48879789795522, 'gpp_af': 0.011555145318029623, 'gpp_b': 1.9034402684639737e-05, 'gpp_d': 5.7179490076598904, 'ign_k': 0.11939255867555834, 'ign_c': 42.55131789842516, 'trop_agb_crit': 21.462939041861333, 'trop_k_veg': 3.471289691672432, 'pop_amp': 0.0035110205282816464, 'pop_peak': 65.27255196440055, 'pop_sig': 0.8170957027441296, 'fuel_k': 2.719782849147775, 'fuel_half': 0.30644190612119376}. Best is trial 421 with value: -0.6216386034937503.
  trial 1210/2500  best_overall=0.6216  (70.7 min)
[I 2026-08-19 15:34:49,442] Trial 1210 finished with value: -0.4050733464540702 and parameters: {'k1': 0.011642669328255723, 'D_low': 1467.568669304123, 'k2': 0.00014374927270426356, 'D_high': 18692.816393029174, 'fire_exp': 1.5881700359843653, 'P_half': 1448.5086342086395, 'pre_dampen_half': 6.1610011680925805, 'gpp_af': 0.0019123018318166485, 'gpp_b': 0.004567546779204535, 'gpp_d': 0.19205131534925823, 'ign_k': 0.11437070529086818, 'ign_c': 0.6900203297408168, 'trop_agb_crit': 25.037572856119116, 'trop_k_veg': 0.7602949165533733, 'pop_amp': 0.1248134884649609, 'pop_peak': 9.722469244237349, 'pop_sig': 0.5652938784591097, 'fuel_k': 2.6517251297814703, 'fuel_half': 0.24968877119800043}. Best is trial 421 with value: -0.6216386034937503.
[I 2026-08-19 15:34:52,517] Trial 1211 finished with value: -0.3554625854118624 and parameters: {'k1': 0.0008668616650280108, 'D_low': 235204.5628782128, 'k2': 0.0009272586043602787, 'D_high': 3263.3843605752177, 'fire_exp': 1.0486208513921889, 'P_half': 2.485487452486061, 'pre_dampen_half': 0.4861821354724303, 'gpp_af': 0.0020388456764276475, 'gpp_b': 0.004728348290349209, 'gpp_d': 1.3362040035896205, 'ign_k': 0.22848578151960858, 'ign_c': 0.27084412627455606, 'trop_agb_crit': 15.134663810466218, 'trop_k_veg': 1.5404500590317713, 'pop_amp': 0.05501283028619025, 'pop_peak': 0.7972072345048122, 'pop_sig': 0.5614468385529827, 'fuel_k': 0.8170693731100502, 'fuel_half': 0.25950787431629313}. Best is trial 421 with value: -0.6216386034937503.
[I 2026-08-19 15:34:54,995] Trial 1212 finished with value: -0.3949652686810781 and parameters: {'k1': 0.0004383572174941766, 'D_low': 75.839473918544, 'k2': 0.0003469292349167162, 'D_high': 160438.4210510479, 'fire_exp': 3.6745480293520254, 'P_half': 93.77867344920384, 'pre_dampen_half': 22.061446229740042, 'gpp_af': 0.0014023292660978854, 'gpp_b': 0.007345571851532462, 'gpp_d': 19.29845581970413, 'ign_k': 0.027647923452531892, 'ign_c': 0.6152533413482362, 'trop_agb_crit': 10.649165155937746, 'trop_k_veg': 2.3279555138493953, 'pop_amp': 4.782419204321199, 'pop_peak': 2.9004023065976807, 'pop_sig': 0.3498971125852579, 'fuel_k': 0.39545553730818245, 'fuel_half': 1.9540262510776127}. Best is trial 421 with value: -0.6216386034937503.
[I 2026-08-19 15:34:58,123] Trial 1213 finished with value: -0.5567524842539533 and parameters: {'k1': 1.6428936801184043e-05, 'D_low': 14807.584427876738, 'k2': 0.01695100230023872, 'D_high': 187769.24038964437, 'fire_exp': 1.1693292590088773, 'P_half': 865.3437011550187, 'pre_dampen_half': 5.268385155703283, 'gpp_af': 0.003527386427274735, 'gpp_b': 5.0941824012416486e-05, 'gpp_d': 1.0380213380787902, 'ign_k': 0.29777451825321155, 'ign_c': 12.600201427792783, 'trop_agb_crit': 14.781991671922396, 'trop_k_veg': 2.084682262668961, 'pop_amp': 0.04034383047797491, 'pop_peak': 5.774273666912344, 'pop_sig': 0.8296134022166077, 'fuel_k': 1.8045276899780474, 'fuel_half': 0.7464133872075202}. Best is trial 421 with value: -0.6216386034937503.
[I 2026-08-19 15:35:01,767] Trial 1214 finished with value: -0.5666855070150623 and parameters: {'k1': 0.002014166218402189, 'D_low': 46.289509578610854, 'k2': 0.00016231883495460754, 'D_high': 3725422.5899379756, 'fire_exp': 5.297982297144385, 'P_half': 25.37150423477568, 'pre_dampen_half': 4.255140975013337, 'gpp_af': 0.03682329697765503, 'gpp_b': 0.00015463209161347267, 'gpp_d': 1.4935442993971195, 'ign_k': 3.426059267073286, 'ign_c': 0.8040766668898878, 'trop_agb_crit': 27.015737895902145, 'trop_k_veg': 2.0050301574254368, 'pop_amp': 0.1094294319529439, 'pop_peak': 6.732412449115214, 'pop_sig': 1.199465745731064, 'fuel_k': 0.03936886124901505, 'fuel_half': 2.0222435357321347}. Best is trial 421 with value: -0.6216386034937503.
[I 2026-08-19 15:35:05,748] Trial 1215 finished with value: -0.5767558498733083 and parameters: {'k1': 8.441621818206188e-05, 'D_low': 10.280723619761286, 'k2': 5.443308363992976e-05, 'D_high': 172167.69576464847, 'fire_exp': 1.2301456658989722, 'P_half': 4.476697681751416, 'pre_dampen_half': 3.948776190088382, 'gpp_af': 5.542611482617774, 'gpp_b': 1.8473896387811485e-05, 'gpp_d': 559.1476449298495, 'ign_k': 0.17037708317464065, 'ign_c': 5.065795098700052, 'trop_agb_crit': 19.683101403377037, 'trop_k_veg': 3.6777565392584908, 'pop_amp': 0.27399760262091094, 'pop_peak': 29.040765387113275, 'pop_sig': 0.2552930899617509, 'fuel_k': 0.5751759215275971, 'fuel_half': 0.3748739652549785}. Best is trial 421 with value: -0.6216386034937503.
[I 2026-08-19 15:35:08,782] Trial 1216 finished with value: -0.5106757403935388 and parameters: {'k1': 6.686102770852206e-05, 'D_low': 13.919528067296165, 'k2': 1.2636548009086339e-05, 'D_high': 1633423.9578616314, 'fire_exp': 1.1473512110636135, 'P_half': 2.4055720595395353, 'pre_dampen_half': 62.80933074176543, 'gpp_af': 0.006528649180451068, 'gpp_b': 0.056021455275983435, 'gpp_d': 95.08379429754179, 'ign_k': 1.244335880146547, 'ign_c': 5.980692953878585, 'trop_agb_crit': 23.822601375741275, 'trop_k_veg': 4.156771160639929, 'pop_amp': 1.0750765533007842, 'pop_peak': 36.625392599693306, 'pop_sig': 0.8313359781360854, 'fuel_k': 2.2695864249180446, 'fuel_half': 0.5137908488210985}. Best is trial 421 with value: -0.6216386034937503.
  trial 1217/2500  best_overall=0.6216  (71.1 min)
