[I 2026-07-22 21:57:51,575] Trial 772 finished with values: [-0.3212913225648892, 0.07797429075150919] and parameters: {'k1': 0.09738633019266786, 'D_low': 13.25142220631392, 'k2': 3.5281132746849994e-05, 'D_high': 1693415.5410667954, 'fire_exp': 2.092714390386472, 'P_half': 270.15957920129443, 'pre_dampen_half': 89.15632969317363, 'gpp_af': 0.033373034352042676, 'gpp_b': 0.00011277885258222645, 'gpp_d': 757.4758210832024, 'ign_k': 0.004144296901136395, 'ign_c': 3.0378658251922155, 'trop_agb_crit': 15.870971677383487, 'trop_k_veg': 0.5415365826598848, 'fuel_k': 0.028970790717327534, 'fuel_half': 81.87941582538087}.
[I 2026-07-22 21:57:51,994] Trial 773 finished with values: [10.078465763645905, 10.078465763645905] and parameters: {'k1': 6.693990428538841e-05, 'D_low': 8454.098152188677, 'k2': 0.002342238625792905, 'D_high': 8433503.858791472, 'fire_exp': 2.264545306066772, 'P_half': 1.4378290221680121, 'pre_dampen_half': 19.21689966904806, 'gpp_af': 0.07961191926812566, 'gpp_b': 0.002022832315155261, 'gpp_d': 373.3014953695604, 'ign_k': 1.60749062042773, 'ign_c': 0.13670484737132343, 'trop_agb_crit': 1.7813653882411722, 'trop_k_veg': 1.6340262437673856, 'fuel_k': 3.6992394681929355, 'fuel_half': 38.21129441691226}.
[I 2026-07-22 21:57:52,420] Trial 774 finished with values: [-0.6544096308106437, 0.08592768786988259] and parameters: {'k1': 9.969469187531805e-05, 'D_low': 8454.098152188677, 'k2': 0.030699709531122953, 'D_high': 2512533.442757688, 'fire_exp': 2.3750840427797026, 'P_half': 2.1095259085905753, 'pre_dampen_half': 868.1843415114095, 'gpp_af': 2.114381609520638, 'gpp_b': 1.2892705405728861e-05, 'gpp_d': 373.3014953695604, 'ign_k': 4.59148521674054, 'ign_c': 8.356564873457042, 'trop_agb_crit': 10.719494362768906, 'trop_k_veg': 0.5695379443977426, 'fuel_k': 0.017262921159278164, 'fuel_half': 16.371966573507315}.
[I 2026-07-22 21:57:52,841] Trial 775 finished with values: [10.401457302713741, 10.401457302713741] and parameters: {'k1': 9.969469187531805e-05, 'D_low': 91.66403471455098, 'k2': 1.6559474674046002e-05, 'D_high': 8433503.858791472, 'fire_exp': 2.3123511487896353, 'P_half': 27.59069025439785, 'pre_dampen_half': 10.059683154936915, 'gpp_af': 1.1300566419249867, 'gpp_b': 3.228689523591491e-05, 'gpp_d': 8.057329182285729, 'ign_k': 4.59148521674054, 'ign_c': 16.626592254031866, 'trop_agb_crit': 1.7813653882411722, 'trop_k_veg': 1.7428926895756522, 'fuel_k': 0.7156083490235493, 'fuel_half': 2.276766792290519}.
[I 2026-07-22 21:57:53,265] Trial 776 finished with values: [-0.6099668342153174, 0.1118087010917691] and parameters: {'k1': 9.969469187531805e-05, 'D_low': 1.1640589436768796, 'k2': 0.002342238625792905, 'D_high': 5109990.035268142, 'fire_exp': 2.2271826002669806, 'P_half': 1.4378290221680121, 'pre_dampen_half': 10.059683154936915, 'gpp_af': 42.29037995744429, 'gpp_b': 0.002022832315155261, 'gpp_d': 6.91394869865762, 'ign_k': 4.59148521674054, 'ign_c': 2.4423775964038934, 'trop_agb_crit': 10.719494362768906, 'trop_k_veg': 1.140286245977296, 'fuel_k': 3.6992394681929355, 'fuel_half': 2.276766792290519}.
[I 2026-07-22 21:57:53,684] Trial 777 finished with values: [-0.4665999946910751, 0.08023412133855612] and parameters: {'k1': 0.003242143344038315, 'D_low': 4.043300846639722, 'k2': 2.1698375693549493e-05, 'D_high': 1693415.5410667954, 'fire_exp': 2.2271826002669806, 'P_half': 119.9763911113096, 'pre_dampen_half': 33.97904243111269, 'gpp_af': 0.0025511964576171086, 'gpp_b': 3.228689523591491e-05, 'gpp_d': 0.4841900740994021, 'ign_k': 0.050667002161528835, 'ign_c': 3.4084279109230433, 'trop_agb_crit': 5.707205898008383, 'trop_k_veg': 7.151800917825274, 'fuel_k': 0.028970790717327534, 'fuel_half': 38.21129441691226}.
[I 2026-07-22 21:57:54,100] Trial 778 finished with values: [-0.5946376758628451, 0.1304977269571912] and parameters: {'k1': 9.969469187531805e-05, 'D_low': 4.043300846639722, 'k2': 2.1698375693549493e-05, 'D_high': 1693415.5410667954, 'fire_exp': 2.3750840427797026, 'P_half': 2.1095259085905753, 'pre_dampen_half': 868.1843415114095, 'gpp_af': 0.3259758793317361, 'gpp_b': 0.02048523887932671, 'gpp_d': 373.3014953695604, 'ign_k': 4.59148521674054, 'ign_c': 8.356564873457042, 'trop_agb_crit': 1.7813653882411722, 'trop_k_veg': 1.6340262437673856, 'fuel_k': 0.017262921159278164, 'fuel_half': 16.371966573507315}.
[I 2026-07-22 21:57:54,543] Trial 779 finished with values: [-0.7778813732071946, 0.03125256589098169] and parameters: {'k1': 0.003242143344038315, 'D_low': 1.1640589436768796, 'k2': 0.003658518527736814, 'D_high': 8433503.858791472, 'fire_exp': 2.3750840427797026, 'P_half': 1.4378290221680121, 'pre_dampen_half': 33.71909132517388, 'gpp_af': 1.4498445474033743, 'gpp_b': 0.002022832315155261, 'gpp_d': 25.017068255320467, 'ign_k': 4.59148521674054, 'ign_c': 16.626592254031866, 'trop_agb_crit': 5.707205898008383, 'trop_k_veg': 1.7428926895756522, 'fuel_k': 3.6992394681929355, 'fuel_half': 81.87941582538087}.
[I 2026-07-22 21:57:54,975] Trial 780 finished with values: [10.445654431486332, 10.445654431486332] and parameters: {'k1': 0.052334804885400876, 'D_low': 1.1640589436768796, 'k2': 0.0007406380926311093, 'D_high': 30235.506416287044, 'fire_exp': 2.264545306066772, 'P_half': 1.4378290221680121, 'pre_dampen_half': 6.881834772031151, 'gpp_af': 0.033373034352042676, 'gpp_b': 0.00845520737216933, 'gpp_d': 8.057329182285729, 'ign_k': 0.004144296901136395, 'ign_c': 4.1108484350212295, 'trop_agb_crit': 2.8338296020180445, 'trop_k_veg': 0.5415365826598848, 'fuel_k': 0.028970790717327534, 'fuel_half': 81.87941582538087}.
[I 2026-07-22 21:57:55,409] Trial 781 finished with values: [10.005587641579568, 10.005587641579568] and parameters: {'k1': 9.969469187531805e-05, 'D_low': 1.1640589436768796, 'k2': 0.003658518527736814, 'D_high': 580966.5602369158, 'fire_exp': 2.3123511487896353, 'P_half': 27.59069025439785, 'pre_dampen_half': 10.059683154936915, 'gpp_af': 0.0025511964576171086, 'gpp_b': 0.00011277885258222645, 'gpp_d': 25.017068255320467, 'ign_k': 4.59148521674054, 'ign_c': 0.19678273362633986, 'trop_agb_crit': 5.707205898008383, 'trop_k_veg': 1.7428926895756522, 'fuel_k': 0.028970790717327534, 'fuel_half': 2.276766792290519}.
[I 2026-07-22 21:57:55,836] Trial 782 finished with values: [10.575384287167575, 10.575384287167575] and parameters: {'k1': 0.09738633019266786, 'D_low': 4.043300846639722, 'k2': 2.1698375693549493e-05, 'D_high': 1693415.5410667954, 'fire_exp': 2.2271826002669806, 'P_half': 119.9763911113096, 'pre_dampen_half': 868.1843415114095, 'gpp_af': 0.06789053271698488, 'gpp_b': 3.228689523591491e-05, 'gpp_d': 373.3014953695604, 'ign_k': 0.050667002161528835, 'ign_c': 3.0378658251922155, 'trop_agb_crit': 2.419699259862185, 'trop_k_veg': 6.911478238001162, 'fuel_k': 0.028970790717327534, 'fuel_half': 60.39526675016392}.
[I 2026-07-22 21:57:56,258] Trial 783 finished with values: [10.3709671039952, 10.3709671039952] and parameters: {'k1': 9.969469187531805e-05, 'D_low': 6.08502350914002, 'k2': 2.1698375693549493e-05, 'D_high': 8433503.858791472, 'fire_exp': 2.3123511487896353, 'P_half': 1.4378290221680121, 'pre_dampen_half': 10.059683154936915, 'gpp_af': 1.1300566419249867, 'gpp_b': 0.00011277885258222645, 'gpp_d': 6.91394869865762, 'ign_k': 4.59148521674054, 'ign_c': 16.626592254031866, 'trop_agb_crit': 1.7813653882411722, 'trop_k_veg': 0.6778062263834121, 'fuel_k': 0.7156083490235493, 'fuel_half': 2.276766792290519}.
[I 2026-07-22 21:57:56,678] Trial 784 finished with values: [-0.44087514007722095, 0.0894625603374819] and parameters: {'k1': 0.09738633019266786, 'D_low': 1.1640589436768796, 'k2': 2.1698375693549493e-05, 'D_high': 1693415.5410667954, 'fire_exp': 2.2271826002669806, 'P_half': 119.9763911113096, 'pre_dampen_half': 33.97904243111269, 'gpp_af': 0.0025511964576171086, 'gpp_b': 3.228689523591491e-05, 'gpp_d': 373.3014953695604, 'ign_k': 0.050667002161528835, 'ign_c': 8.356564873457042, 'trop_agb_crit': 10.719494362768906, 'trop_k_veg': 6.911478238001162, 'fuel_k': 0.33290041721916025, 'fuel_half': 16.371966573507315}.
[I 2026-07-22 21:57:57,104] Trial 785 finished with values: [-0.6155131813830094, 0.13231729031985573] and parameters: {'k1': 0.09738633019266786, 'D_low': 91.66403471455098, 'k2': 2.8459703343413838e-05, 'D_high': 1693415.5410667954, 'fire_exp': 2.3123511487896353, 'P_half': 9.324787201197319, 'pre_dampen_half': 10.059683154936915, 'gpp_af': 1.1300566419249867, 'gpp_b': 1.7565109007473816e-05, 'gpp_d': 8.057329182285729, 'ign_k': 0.050667002161528835, 'ign_c': 4.1108484350212295, 'trop_agb_crit': 15.870971677383487, 'trop_k_veg': 6.911478238001162, 'fuel_k': 0.18294854512033598, 'fuel_half': 18.202647368248815}.
[I 2026-07-22 21:57:57,531] Trial 786 finished with values: [12.63618175444971, 12.63618175444971] and parameters: {'k1': 0.09538174612713206, 'D_low': 1.1640589436768796, 'k2': 2.8459703343413838e-05, 'D_high': 2512533.442757688, 'fire_exp': 1.5922031489278718, 'P_half': 1.4378290221680121, 'pre_dampen_half': 10.059683154936915, 'gpp_af': 2.114381609520638, 'gpp_b': 0.00011277885258222645, 'gpp_d': 373.3014953695604, 'ign_k': 4.59148521674054, 'ign_c': 8.356564873457042, 'trop_agb_crit': 17.66923689636204, 'trop_k_veg': 0.5695379443977426, 'fuel_k': 0.028970790717327534, 'fuel_half': 13.402368611128821}.
[I 2026-07-22 21:57:57,951] Trial 787 finished with values: [-0.7552338109347511, 0.04242092632169725] and parameters: {'k1': 0.09738633019266786, 'D_low': 1.1640589436768796, 'k2': 2.1698375693549493e-05, 'D_high': 2512533.442757688, 'fire_exp': 2.3750840427797026, 'P_half': 2.467915713171983, 'pre_dampen_half': 33.97904243111269, 'gpp_af': 0.0025511964576171086, 'gpp_b': 0.00011277885258222645, 'gpp_d': 373.3014953695604, 'ign_k': 4.59148521674054, 'ign_c': 16.626592254031866, 'trop_agb_crit': 10.719494362768906, 'trop_k_veg': 6.911478238001162, 'fuel_k': 0.017262921159278164, 'fuel_half': 18.202647368248815}.
[I 2026-07-22 21:57:58,369] Trial 788 finished with values: [10.27895698528377, 10.27895698528377] and parameters: {'k1': 9.969469187531805e-05, 'D_low': 1.1640589436768796, 'k2': 2.1698375693549493e-05, 'D_high': 8500.546005452046, 'fire_exp': 2.2271826002669806, 'P_half': 3.6138942712165267, 'pre_dampen_half': 868.1843415114095, 'gpp_af': 0.06789053271698488, 'gpp_b': 3.228689523591491e-05, 'gpp_d': 373.3014953695604, 'ign_k': 4.59148521674054, 'ign_c': 8.356564873457042, 'trop_agb_crit': 6.119263728555865, 'trop_k_veg': 1.140286245977296, 'fuel_k': 0.48736180483849406, 'fuel_half': 16.371966573507315}.
[I 2026-07-22 21:57:58,789] Trial 789 finished with values: [10.735620015863908, 10.735620015863908] and parameters: {'k1': 0.052334804885400876, 'D_low': 1.1640589436768796, 'k2': 0.030699709531122953, 'D_high': 79.48624630829244, 'fire_exp': 2.264545306066772, 'P_half': 1.4378290221680121, 'pre_dampen_half': 6.881834772031151, 'gpp_af': 1.782401184029456, 'gpp_b': 8.168628001294799e-05, 'gpp_d': 373.3014953695604, 'ign_k': 4.59148521674054, 'ign_c': 16.626592254031866, 'trop_agb_crit': 10.719494362768906, 'trop_k_veg': 4.599337386928772, 'fuel_k': 0.8398846716543956, 'fuel_half': 18.202647368248815}.
[I 2026-07-22 21:57:59,207] Trial 790 finished with values: [10.010403017068114, 10.010403017068114] and parameters: {'k1': 0.09738633019266786, 'D_low': 4.043300846639722, 'k2': 2.1698375693549493e-05, 'D_high': 1693415.5410667954, 'fire_exp': 2.3123511487896353, 'P_half': 119.9763911113096, 'pre_dampen_half': 10.059683154936915, 'gpp_af': 0.0025511964576171086, 'gpp_b': 1.7565109007473816e-05, 'gpp_d': 373.3014953695604, 'ign_k': 0.050667002161528835, 'ign_c': 0.7257841640690941, 'trop_agb_crit': 3.017072264804548, 'trop_k_veg': 6.911478238001162, 'fuel_k': 0.028970790717327534, 'fuel_half': 18.202647368248815}.
[I 2026-07-22 21:57:59,628] Trial 791 finished with values: [10.76882843818826, 10.76882843818826] and parameters: {'k1': 0.0029707920514735983, 'D_low': 13.25142220631392, 'k2': 2.8459703343413838e-05, 'D_high': 1693415.5410667954, 'fire_exp': 1.5922031489278718, 'P_half': 9.324787201197319, 'pre_dampen_half': 3.9885726374014694, 'gpp_af': 0.0025511964576171086, 'gpp_b': 0.26554765116336587, 'gpp_d': 8.057329182285729, 'ign_k': 0.004144296901136395, 'ign_c': 4.1108484350212295, 'trop_agb_crit': 15.870971677383487, 'trop_k_veg': 2.2426202441332554, 'fuel_k': 0.09687984402504125, 'fuel_half': 13.402368611128821}.
[I 2026-07-22 21:58:00,051] Trial 792 finished with values: [10.413744509343895, 10.413744509343895] and parameters: {'k1': 0.09738633019266786, 'D_low': 1628.7738522891475, 'k2': 0.0007406380926311093, 'D_high': 1693415.5410667954, 'fire_exp': 2.3123511487896353, 'P_half': 9.324787201197319, 'pre_dampen_half': 6.881834772031151, 'gpp_af': 1.1300566419249867, 'gpp_b': 0.002022832315155261, 'gpp_d': 8.057329182285729, 'ign_k': 0.004144296901136395, 'ign_c': 4.1108484350212295, 'trop_agb_crit': 15.870971677383487, 'trop_k_veg': 0.7124466718584425, 'fuel_k': 0.7156083490235493, 'fuel_half': 2.6795038667664253}.
[I 2026-07-22 21:58:00,473] Trial 793 finished with values: [11.484845956791927, 11.484845956791927] and parameters: {'k1': 0.09738633019266786, 'D_low': 1.1640589436768796, 'k2': 2.1698375693549493e-05, 'D_high': 8433503.858791472, 'fire_exp': 2.3750840427797026, 'P_half': 9.324787201197319, 'pre_dampen_half': 33.71909132517388, 'gpp_af': 0.06789053271698488, 'gpp_b': 0.02048523887932671, 'gpp_d': 373.3014953695604, 'ign_k': 4.59148521674054, 'ign_c': 0.13670484737132343, 'trop_agb_crit': 6.119263728555865, 'trop_k_veg': 1.140286245977296, 'fuel_k': 3.6992394681929355, 'fuel_half': 18.202647368248815}.
[I 2026-07-22 21:58:00,909] Trial 794 finished with values: [11.008418911883133, 11.008418911883133] and parameters: {'k1': 9.969469187531805e-05, 'D_low': 1.1640589436768796, 'k2': 0.05438762195226743, 'D_high': 2512533.442757688, 'fire_exp': 1.411175368606253, 'P_half': 3.6138942712165267, 'pre_dampen_half': 868.1843415114095, 'gpp_af': 2.114381609520638, 'gpp_b': 3.228689523591491e-05, 'gpp_d': 0.4841900740994021, 'ign_k': 4.59148521674054, 'ign_c': 3.783599106879793, 'trop_agb_crit': 2.419699259862185, 'trop_k_veg': 0.5695379443977426, 'fuel_k': 0.028970790717327534, 'fuel_half': 16.371966573507315}.
[I 2026-07-22 21:58:01,329] Trial 795 finished with values: [11.125296016025628, 11.125296016025628] and parameters: {'k1': 0.0029707920514735983, 'D_low': 13.25142220631392, 'k2': 2.8459703343413838e-05, 'D_high': 1693415.5410667954, 'fire_exp': 1.5922031489278718, 'P_half': 9.324787201197319, 'pre_dampen_half': 868.1843415114095, 'gpp_af': 0.06789053271698488, 'gpp_b': 0.02048523887932671, 'gpp_d': 373.3014953695604, 'ign_k': 4.59148521674054, 'ign_c': 8.356564873457042, 'trop_agb_crit': 1.7813653882411722, 'trop_k_veg': 2.2426202441332554, 'fuel_k': 0.028970790717327534, 'fuel_half': 13.402368611128821}.
[I 2026-07-22 21:58:01,747] Trial 796 finished with values: [-0.576756942386593, 0.1377108982765537] and parameters: {'k1': 0.003242143344038315, 'D_low': 4.043300846639722, 'k2': 1.6559474674046002e-05, 'D_high': 2512533.442757688, 'fire_exp': 2.3123511487896353, 'P_half': 27.59069025439785, 'pre_dampen_half': 10.059683154936915, 'gpp_af': 18.235072804314193, 'gpp_b': 3.228689523591491e-05, 'gpp_d': 25.017068255320467, 'ign_k': 0.04732407125181112, 'ign_c': 0.19678273362633986, 'trop_agb_crit': 1.7813653882411722, 'trop_k_veg': 1.6340262437673856, 'fuel_k': 0.09252659617259135, 'fuel_half': 0.33988503110784557}.
[I 2026-07-22 21:58:02,171] Trial 797 finished with values: [10.99865575001078, 10.99865575001078] and parameters: {'k1': 6.693990428538841e-05, 'D_low': 13.25142220631392, 'k2': 0.030699709531122953, 'D_high': 2512533.442757688, 'fire_exp': 1.5234641924368266, 'P_half': 9.324787201197319, 'pre_dampen_half': 33.71909132517388, 'gpp_af': 1.4498445474033743, 'gpp_b': 0.002022832315155261, 'gpp_d': 373.3014953695604, 'ign_k': 4.59148521674054, 'ign_c': 8.356564873457042, 'trop_agb_crit': 15.870971677383487, 'trop_k_veg': 0.977663002683211, 'fuel_k': 0.017262921159278164, 'fuel_half': 16.371966573507315}.
[I 2026-07-22 21:58:02,591] Trial 798 finished with values: [11.133119464214783, 11.133119464214783] and parameters: {'k1': 9.969469187531805e-05, 'D_low': 13.25142220631392, 'k2': 2.8459703343413838e-05, 'D_high': 1693415.5410667954, 'fire_exp': 1.0482996836046896, 'P_half': 9.324787201197319, 'pre_dampen_half': 868.1843415114095, 'gpp_af': 0.033373034352042676, 'gpp_b': 0.02048523887932671, 'gpp_d': 373.3014953695604, 'ign_k': 4.59148521674054, 'ign_c': 3.0378658251922155, 'trop_agb_crit': 6.119263728555865, 'trop_k_veg': 1.140286245977296, 'fuel_k': 0.48736180483849406, 'fuel_half': 16.371966573507315}.
[I 2026-07-22 21:58:03,012] Trial 799 finished with values: [10.765730586590179, 10.765730586590179] and parameters: {'k1': 0.003242143344038315, 'D_low': 1628.7738522891475, 'k2': 2.1698375693549493e-05, 'D_high': 512978.61778411875, 'fire_exp': 2.3123511487896353, 'P_half': 9.324787201197319, 'pre_dampen_half': 10.059683154936915, 'gpp_af': 1.1300566419249867, 'gpp_b': 2.251687586858802, 'gpp_d': 8.057329182285729, 'ign_k': 0.050667002161528835, 'ign_c': 16.626592254031866, 'trop_agb_crit': 5.707205898008383, 'trop_k_veg': 6.911478238001162, 'fuel_k': 0.7156083490235493, 'fuel_half': 18.202647368248815}.
[I 2026-07-22 21:58:03,434] Trial 800 finished with values: [10.31989904096536, 10.31989904096536] and parameters: {'k1': 6.693990428538841e-05, 'D_low': 2.221689517798535, 'k2': 0.07799059237255677, 'D_high': 8433503.858791472, 'fire_exp': 2.3750840427797026, 'P_half': 9.324787201197319, 'pre_dampen_half': 33.71909132517388, 'gpp_af': 0.0025511964576171086, 'gpp_b': 0.002022832315155261, 'gpp_d': 6.91394869865762, 'ign_k': 4.59148521674054, 'ign_c': 0.13670484737132343, 'trop_agb_crit': 15.870971677383487, 'trop_k_veg': 2.2426202441332554, 'fuel_k': 0.6199941538390381, 'fuel_half': 81.87941582538087}.
[I 2026-07-22 21:58:03,857] Trial 801 finished with values: [12.80965898150312, 12.80965898150312] and parameters: {'k1': 0.052334804885400876, 'D_low': 4.043300846639722, 'k2': 0.030699709531122953, 'D_high': 8433503.858791472, 'fire_exp': 2.3750840427797026, 'P_half': 1.4378290221680121, 'pre_dampen_half': 33.71909132517388, 'gpp_af': 0.004385018674829579, 'gpp_b': 8.168628001294799e-05, 'gpp_d': 373.3014953695604, 'ign_k': 4.59148521674054, 'ign_c': 3.0378658251922155, 'trop_agb_crit': 10.719494362768906, 'trop_k_veg': 4.599337386928772, 'fuel_k': 0.028970790717327534, 'fuel_half': 38.21129441691226}.
  trial  802/1500  pareto_size=2  best_taylor=0.7779  best_ilamb=0.5683  (5.8 min)
[I 2026-07-22 21:58:04,415] Trial 802 finished with values: [10.743999229539497, 10.743999229539497] and parameters: {'k1': 0.003242143344038315, 'D_low': 4.043300846639722, 'k2': 0.002342238625792905, 'D_high': 2512533.442757688, 'fire_exp': 2.2271826002669806, 'P_half': 119.9763911113096, 'pre_dampen_half': 33.97904243111269, 'gpp_af': 2.114381609520638, 'gpp_b': 0.002022832315155261, 'gpp_d': 597.9617889501159, 'ign_k': 0.23872908899163253, 'ign_c': 3.4084279109230433, 'trop_agb_crit': 5.707205898008383, 'trop_k_veg': 0.977663002683211, 'fuel_k': 3.6992394681929355, 'fuel_half': 38.21129441691226}.
[I 2026-07-22 21:58:04,836] Trial 803 finished with values: [-0.4995718986505895, 0.08394824330886952] and parameters: {'k1': 9.969469187531805e-05, 'D_low': 11.437258028094242, 'k2': 3.5281132746849994e-05, 'D_high': 1693415.5410667954, 'fire_exp': 2.0565550553349916, 'P_half': 1.4378290221680121, 'pre_dampen_half': 10.059683154936915, 'gpp_af': 0.0025511964576171086, 'gpp_b': 1.7565109007473816e-05, 'gpp_d': 0.9921551226341596, 'ign_k': 4.59148521674054, 'ign_c': 8.356564873457042, 'trop_agb_crit': 5.707205898008383, 'trop_k_veg': 0.5695379443977426, 'fuel_k': 0.028970790717327534, 'fuel_half': 42.6871254378718}.
[I 2026-07-22 21:58:05,259] Trial 804 finished with values: [10.703733570447081, 10.703733570447081] and parameters: {'k1': 0.0003199177539819797, 'D_low': 1.1640589436768796, 'k2': 0.07799059237255677, 'D_high': 1693415.5410667954, 'fire_exp': 1.7650286443463072, 'P_half': 27.59069025439785, 'pre_dampen_half': 0.3776021676595028, 'gpp_af': 0.0025511964576171086, 'gpp_b': 1.7565109007473816e-05, 'gpp_d': 129.7393125993744, 'ign_k': 0.050667002161528835, 'ign_c': 0.19678273362633986, 'trop_agb_crit': 1.4914219038863046, 'trop_k_veg': 1.618831710447345, 'fuel_k': 0.6211831489538813, 'fuel_half': 2.276766792290519}.
[I 2026-07-22 21:58:05,682] Trial 805 finished with values: [10.769230768838547, 10.769230768838547] and parameters: {'k1': 6.693990428538841e-05, 'D_low': 8454.098152188677, 'k2': 2.8459703343413838e-05, 'D_high': 8433503.858791472, 'fire_exp': 1.5922031489278718, 'P_half': 1.4378290221680121, 'pre_dampen_half': 6.881834772031151, 'gpp_af': 0.0025511964576171086, 'gpp_b': 1.7565109007473816e-05, 'gpp_d': 6.91394869865762, 'ign_k': 4.59148521674054, 'ign_c': 56.56383208363866, 'trop_agb_crit': 10.719494362768906, 'trop_k_veg': 2.2426202441332554, 'fuel_k': 3.6992394681929355, 'fuel_half': 81.87941582538087}.
[I 2026-07-22 21:58:06,104] Trial 806 finished with values: [10.356445053595648, 10.356445053595648] and parameters: {'k1': 9.969469187531805e-05, 'D_low': 4.043300846639722, 'k2': 2.1698375693549493e-05, 'D_high': 1693415.5410667954, 'fire_exp': 2.3750840427797026, 'P_half': 56.28756950174212, 'pre_dampen_half': 868.1843415114095, 'gpp_af': 0.4224904711663322, 'gpp_b': 3.228689523591491e-05, 'gpp_d': 373.3014953695604, 'ign_k': 0.050667002161528835, 'ign_c': 16.626592254031866, 'trop_agb_crit': 2.419699259862185, 'trop_k_veg': 1.6340262437673856, 'fuel_k': 0.028970790717327534, 'fuel_half': 18.202647368248815}.
