[I 2026-08-20 00:36:28,793] Trial 1019 finished with value: 0.6445374145881376 and parameters: {'k1': 0.0043305977617073095, 'D_low': 3973.5316413597916, 'k2': 0.0019247324020964522, 'D_high': 3132510.8455657014, 'fire_exp': 1.5172131493162926, 'P_half': 93.56419371907967, 'pre_dampen_half': 19.574718065104598, 'gpp_af': 0.18063992628787398, 'gpp_b': 1.741487081099349e-05, 'gpp_d': 21.616849475577954, 'ign_k': 1.1624667820953183, 'ign_c': 65.55566950075303, 'trop_agb_crit': 12.234036557450734, 'trop_k_veg': 2.279952756483247}. Best is trial 0 with value: -0.5989088506199346.
[I 2026-08-20 00:36:30,285] Trial 1020 finished with value: -0.5330463132989117 and parameters: {'k1': 0.0012920519749589187, 'D_low': 2.1406962915409613, 'k2': 0.0005100157243116998, 'D_high': 151850.22387294244, 'fire_exp': 1.0133887957673506, 'P_half': 1.913929283370844, 'pre_dampen_half': 0.28873089714016226, 'gpp_af': 0.0782182588131048, 'gpp_b': 0.00018639397606729099, 'gpp_d': 0.18547874109953022, 'ign_k': 0.11992131834772989, 'ign_c': 0.4283320207736534, 'trop_agb_crit': 2.016705152324423, 'trop_k_veg': 7.931921061227608}. Best is trial 0 with value: -0.5989088506199346.
[I 2026-08-20 00:36:32,116] Trial 1021 finished with value: 0.5160674382706232 and parameters: {'k1': 0.04508549355353373, 'D_low': 15.015697026024403, 'k2': 0.0037533850730250796, 'D_high': 15255.38417563137, 'fire_exp': 4.09456433830198, 'P_half': 2.926577775683075, 'pre_dampen_half': 72.47099049224953, 'gpp_af': 0.003933971549337074, 'gpp_b': 0.0013832248831875688, 'gpp_d': 230.84421887902386, 'ign_k': 2.811482251255835, 'ign_c': 10.494798017305115, 'trop_agb_crit': 2.959544115378494, 'trop_k_veg': 1.6290008178642224}. Best is trial 0 with value: -0.5989088506199346.
[I 2026-08-20 00:36:33,615] Trial 1022 finished with value: 0.4706811045293702 and parameters: {'k1': 0.00021779754740390434, 'D_low': 65.73610087224425, 'k2': 0.00011354949539757299, 'D_high': 743156.755243617, 'fire_exp': 5.737057065412003, 'P_half': 53.87280858162104, 'pre_dampen_half': 40.613914309224825, 'gpp_af': 8.404404750803902, 'gpp_b': 0.09791562919238252, 'gpp_d': 126.28937039345139, 'ign_k': 0.26748184561065746, 'ign_c': 1.8251216910949346, 'trop_agb_crit': 15.974224639267813, 'trop_k_veg': 1.6511905733154444}. Best is trial 0 with value: -0.5989088506199346.
[I 2026-08-20 00:36:35,144] Trial 1023 finished with value: 0.6445374145881376 and parameters: {'k1': 0.0006089441774977583, 'D_low': 176.5936374339605, 'k2': 0.0007799907048324506, 'D_high': 5943787.950997743, 'fire_exp': 2.2678554955501466, 'P_half': 8419.683077373276, 'pre_dampen_half': 74.36877590462956, 'gpp_af': 0.08658905574735962, 'gpp_b': 0.0001292967316333961, 'gpp_d': 105.80958239067714, 'ign_k': 2.7753147806072707, 'ign_c': 295.9939119427664, 'trop_agb_crit': 23.457367696642397, 'trop_k_veg': 3.479345108027736}. Best is trial 0 with value: -0.5989088506199346.
[I 2026-08-20 00:36:36,519] Trial 1024 finished with value: 0.5836795142866105 and parameters: {'k1': 0.0002590068073788459, 'D_low': 46.30563646755174, 'k2': 0.00032924620323519045, 'D_high': 74131.79181276544, 'fire_exp': 3.447958868158623, 'P_half': 1.1552982858903327, 'pre_dampen_half': 203.99652007367058, 'gpp_af': 0.27675719263244136, 'gpp_b': 0.18513476926775327, 'gpp_d': 187.47270398910877, 'ign_k': 0.08773015030131336, 'ign_c': 2.548236449628008, 'trop_agb_crit': 10.303030296442467, 'trop_k_veg': 1.2551084447886007}. Best is trial 0 with value: -0.5989088506199346.
[I 2026-08-20 00:36:37,893] Trial 1025 finished with value: 0.594546422852932 and parameters: {'k1': 9.770497016313994e-05, 'D_low': 294.7623496560937, 'k2': 0.00019930514018056268, 'D_high': 541590.8980989277, 'fire_exp': 8.928372372856895, 'P_half': 119.37568736052377, 'pre_dampen_half': 145.22596802599372, 'gpp_af': 0.11793819640987632, 'gpp_b': 0.004555024539955407, 'gpp_d': 273.99536879672604, 'ign_k': 0.1520613375312133, 'ign_c': 12.845920664718047, 'trop_agb_crit': 8.8971886363344, 'trop_k_veg': 0.9439813906762841}. Best is trial 0 with value: -0.5989088506199346.
[I 2026-08-20 00:36:39,293] Trial 1026 finished with value: -0.47486229166483424 and parameters: {'k1': 7.17590075642379e-05, 'D_low': 1.4763625872044563, 'k2': 1.931330320686219e-05, 'D_high': 8869499.859350124, 'fire_exp': 1.2162913212081123, 'P_half': 2.5777351655374026, 'pre_dampen_half': 3.581920150596278, 'gpp_af': 0.4475985936167048, 'gpp_b': 0.00025677552014764115, 'gpp_d': 0.10088136733106803, 'ign_k': 0.02103461174646411, 'ign_c': 7.646759559710864, 'trop_agb_crit': 7.145787930509848, 'trop_k_veg': 3.9928818757551494}. Best is trial 0 with value: -0.5989088506199346.
[I 2026-08-20 00:36:40,695] Trial 1027 finished with value: -0.568748413795751 and parameters: {'k1': 9.905073241730706e-05, 'D_low': 29.90825302803618, 'k2': 0.0002526353984141488, 'D_high': 410906.1863938768, 'fire_exp': 3.922671918018898, 'P_half': 4.60955960972266, 'pre_dampen_half': 277.60212160958844, 'gpp_af': 12.981465743095098, 'gpp_b': 0.1776349143237559, 'gpp_d': 464.32112241641204, 'ign_k': 0.2397155650582861, 'ign_c': 1.0824728286334329, 'trop_agb_crit': 11.974005746119559, 'trop_k_veg': 0.7048490647645269}. Best is trial 0 with value: -0.5989088506199346.
[I 2026-08-20 00:36:42,120] Trial 1028 finished with value: 0.6445374145881376 and parameters: {'k1': 8.684932936143437e-05, 'D_low': 170803.03629115192, 'k2': 0.00020407875458740065, 'D_high': 1770.5345566655988, 'fire_exp': 2.695830128567358, 'P_half': 88.4956201517819, 'pre_dampen_half': 0.212076714128818, 'gpp_af': 38.862842411500566, 'gpp_b': 0.0057029969498347596, 'gpp_d': 0.24376400927680428, 'ign_k': 0.01330601659515939, 'ign_c': 11.164902846308781, 'trop_agb_crit': 2.9174438233679894, 'trop_k_veg': 0.8839293315476109}. Best is trial 0 with value: -0.5989088506199346.
[I 2026-08-20 00:36:43,495] Trial 1029 finished with value: 0.47132586320657277 and parameters: {'k1': 5.578212375731527e-05, 'D_low': 490.2887432846618, 'k2': 0.0016924456351789215, 'D_high': 3955345.2592532225, 'fire_exp': 1.4737675437792443, 'P_half': 499.24476828578236, 'pre_dampen_half': 73.15528264637716, 'gpp_af': 0.12931146664517754, 'gpp_b': 9.767066013341927e-05, 'gpp_d': 0.9877339290131112, 'ign_k': 5.105456583967775, 'ign_c': 24.850334226768652, 'trop_agb_crit': 25.091010463514934, 'trop_k_veg': 3.204919756557633}. Best is trial 0 with value: -0.5989088506199346.
[I 2026-08-20 00:36:44,845] Trial 1030 finished with value: 0.5853991242426135 and parameters: {'k1': 1.7466798112357302e-05, 'D_low': 543.6819271288348, 'k2': 0.00030581950122344354, 'D_high': 60917.96653074187, 'fire_exp': 1.7001751933200853, 'P_half': 161.3596611551651, 'pre_dampen_half': 5.327609138628284, 'gpp_af': 0.024918560319052187, 'gpp_b': 0.018204431284995735, 'gpp_d': 0.10651721873766158, 'ign_k': 0.21595278177211344, 'ign_c': 5.4229456409035945, 'trop_agb_crit': 1.3250451133316699, 'trop_k_veg': 0.5560538981927182}. Best is trial 0 with value: -0.5989088506199346.
[I 2026-08-20 00:36:46,254] Trial 1031 finished with value: 0.6449587112107971 and parameters: {'k1': 0.00024285849677139516, 'D_low': 2.3418708704660376, 'k2': 0.0001452963358587166, 'D_high': 3780764.045032949, 'fire_exp': 5.0156568519223175, 'P_half': 29.407755807066568, 'pre_dampen_half': 22.31386585933831, 'gpp_af': 4.811584735376461, 'gpp_b': 1.2203022273542282e-05, 'gpp_d': 467.3869208207283, 'ign_k': 7.028608342353268, 'ign_c': 36.555683547487085, 'trop_agb_crit': 11.097936208216474, 'trop_k_veg': 3.154713339670936}. Best is trial 0 with value: -0.5989088506199346.
[I 2026-08-20 00:36:47,632] Trial 1032 finished with value: 0.5320596477517198 and parameters: {'k1': 0.0001771596047148881, 'D_low': 981.5382878026135, 'k2': 0.001200902115971074, 'D_high': 5144415.198522512, 'fire_exp': 1.0350914184434838, 'P_half': 1.0717893853389657, 'pre_dampen_half': 43.6704847253297, 'gpp_af': 0.03003741187015397, 'gpp_b': 0.0003327844415262959, 'gpp_d': 0.7239345196250181, 'ign_k': 0.26580761956266963, 'ign_c': 31.964069648584047, 'trop_agb_crit': 4.848136623628078, 'trop_k_veg': 2.46867739218439}. Best is trial 0 with value: -0.5989088506199346.
[I 2026-08-20 00:36:48,986] Trial 1033 finished with value: -0.5560225760818426 and parameters: {'k1': 0.00020415840229908865, 'D_low': 241.2275447387307, 'k2': 0.005082497598504908, 'D_high': 3261215.3440761566, 'fire_exp': 1.3032508355106545, 'P_half': 2.5641888830415875, 'pre_dampen_half': 2.3957473061347687, 'gpp_af': 0.20174786879800183, 'gpp_b': 0.001826726787997862, 'gpp_d': 97.54796300848894, 'ign_k': 0.037675101898675324, 'ign_c': 0.4131280725266772, 'trop_agb_crit': 8.89572822842999, 'trop_k_veg': 2.9658545464016255}. Best is trial 0 with value: -0.5989088506199346.
[I 2026-08-20 00:36:50,362] Trial 1034 finished with value: 0.5112368580175217 and parameters: {'k1': 2.6411260826587652e-05, 'D_low': 2.0049873690964763, 'k2': 0.006244764379014771, 'D_high': 3164385.277550508, 'fire_exp': 4.187867193638257, 'P_half': 4.722845436254556, 'pre_dampen_half': 0.9959088645561092, 'gpp_af': 68.86292403583482, 'gpp_b': 9.625081338081926e-05, 'gpp_d': 104.84958732783792, 'ign_k': 4.75233487051659, 'ign_c': 7.61244348657761, 'trop_agb_crit': 13.929880967130636, 'trop_k_veg': 1.431160109207854}. Best is trial 0 with value: -0.5989088506199346.
[I 2026-08-20 00:36:51,754] Trial 1035 finished with value: 0.6445374145881376 and parameters: {'k1': 0.00012979333601269343, 'D_low': 305.48412746996337, 'k2': 0.00013853900891843811, 'D_high': 1013456.9500250377, 'fire_exp': 2.4246194433494774, 'P_half': 13.350950222389512, 'pre_dampen_half': 12.815092548257923, 'gpp_af': 0.7913927065920541, 'gpp_b': 0.5325139737475328, 'gpp_d': 68.97930592811556, 'ign_k': 6.034151003303116, 'ign_c': 49.868557461603274, 'trop_agb_crit': 16.28383097781898, 'trop_k_veg': 1.6498380884470678}. Best is trial 0 with value: -0.5989088506199346.
[I 2026-08-20 00:36:53,420] Trial 1036 finished with value: 0.47994665083383414 and parameters: {'k1': 0.005356252259020322, 'D_low': 114.11649043502008, 'k2': 0.006236284147330842, 'D_high': 1482230.4166724568, 'fire_exp': 7.093928431639318, 'P_half': 13.066491560766845, 'pre_dampen_half': 5.617426629041876, 'gpp_af': 4.645601890747329, 'gpp_b': 0.002544749670809325, 'gpp_d': 13.934043261055246, 'ign_k': 0.7360042908489354, 'ign_c': 0.13170699212368212, 'trop_agb_crit': 26.15461174255406, 'trop_k_veg': 6.595501118958066}. Best is trial 0 with value: -0.5989088506199346.
[I 2026-08-20 00:36:54,835] Trial 1037 finished with value: 0.5787851305433462 and parameters: {'k1': 7.825346244660382e-05, 'D_low': 1.9320472517361587, 'k2': 2.270670220216419e-05, 'D_high': 8967.590430958215, 'fire_exp': 1.1153305772915498, 'P_half': 345.9958336249973, 'pre_dampen_half': 0.03415558370706473, 'gpp_af': 0.0011010872758858477, 'gpp_b': 0.00012644404216612763, 'gpp_d': 592.4714592856003, 'ign_k': 6.637665684276721, 'ign_c': 0.6265236602537457, 'trop_agb_crit': 9.905659297962044, 'trop_k_veg': 5.5417381893768}. Best is trial 0 with value: -0.5989088506199346.
[I 2026-08-20 00:36:56,256] Trial 1038 finished with value: 0.4413623001520903 and parameters: {'k1': 0.0002822308924635043, 'D_low': 5.107351503895928, 'k2': 0.0010607953421229975, 'D_high': 6102352.576230308, 'fire_exp': 3.8184483110901244, 'P_half': 1.1138155677160697, 'pre_dampen_half': 22.858148426816744, 'gpp_af': 8.021817627461521, 'gpp_b': 0.10386617887414835, 'gpp_d': 111.7281433325365, 'ign_k': 1.3601620349850483, 'ign_c': 21.183857893794446, 'trop_agb_crit': 10.263988292977542, 'trop_k_veg': 2.0387477351312953}. Best is trial 0 with value: -0.5989088506199346.
[I 2026-08-20 00:36:57,650] Trial 1039 finished with value: 0.6412465647527321 and parameters: {'k1': 0.0011665506452097846, 'D_low': 2824.789028113415, 'k2': 0.0014411973320115784, 'D_high': 777.9830507037531, 'fire_exp': 1.0870334128888588, 'P_half': 92.04487138821793, 'pre_dampen_half': 11.103572342764872, 'gpp_af': 22.482461008072466, 'gpp_b': 0.001858894382611309, 'gpp_d': 0.4271578744689611, 'ign_k': 0.0035970699481491443, 'ign_c': 0.24663899548592627, 'trop_agb_crit': 10.590975770931273, 'trop_k_veg': 1.2646035614893205}. Best is trial 0 with value: -0.5989088506199346.
[I 2026-08-20 00:36:59,021] Trial 1040 finished with value: 0.42304355657127246 and parameters: {'k1': 0.0002458804063031586, 'D_low': 20.017664609116704, 'k2': 0.00013128843372801072, 'D_high': 556339.3223518649, 'fire_exp': 1.1274952791585429, 'P_half': 4.730547969270389, 'pre_dampen_half': 0.8041029740247941, 'gpp_af': 0.09069156073424378, 'gpp_b': 4.8920435091542024e-05, 'gpp_d': 1.9833016322931025, 'ign_k': 0.11340474161468438, 'ign_c': 1.463633394339041, 'trop_agb_crit': 2.2535958546560195, 'trop_k_veg': 4.2987567459770535}. Best is trial 0 with value: -0.5989088506199346.
[I 2026-08-20 00:37:00,576] Trial 1041 finished with value: 0.6468604196622869 and parameters: {'k1': 0.0004101345355482909, 'D_low': 4.704353322181908, 'k2': 0.00046058352978050026, 'D_high': 3510457.3742231242, 'fire_exp': 2.57627662835894, 'P_half': 18.581986866829393, 'pre_dampen_half': 18.847825235013687, 'gpp_af': 0.41455188429856105, 'gpp_b': 0.03624961459990523, 'gpp_d': 68.22019790168581, 'ign_k': 4.433815812187788, 'ign_c': 35.72294465586682, 'trop_agb_crit': 8.930400677123254, 'trop_k_veg': 0.8018986264937721}. Best is trial 0 with value: -0.5989088506199346.
[I 2026-08-20 00:37:02,145] Trial 1042 finished with value: 0.6445374145881376 and parameters: {'k1': 0.0011736080467385798, 'D_low': 27.65865956574383, 'k2': 0.010801584072898633, 'D_high': 4698810.884730482, 'fire_exp': 9.213756362196758, 'P_half': 7.058593726419097, 'pre_dampen_half': 702.9282982351716, 'gpp_af': 0.0038552706299406986, 'gpp_b': 3.2004001958796415, 'gpp_d': 0.6010542017250874, 'ign_k': 0.0013988807654786363, 'ign_c': 82.7462244861858, 'trop_agb_crit': 26.392599331433143, 'trop_k_veg': 0.560260998391873}. Best is trial 0 with value: -0.5989088506199346.
[I 2026-08-20 00:37:03,590] Trial 1043 finished with value: 0.49845735386738965 and parameters: {'k1': 0.0003313027513912485, 'D_low': 18057.609215466273, 'k2': 0.07974615523669996, 'D_high': 139473.92609000002, 'fire_exp': 2.2140999424597996, 'P_half': 12.659940692824897, 'pre_dampen_half': 12.849886819337726, 'gpp_af': 0.3099912340759097, 'gpp_b': 0.0032637766954066636, 'gpp_d': 24.64379199764977, 'ign_k': 0.08350019242796754, 'ign_c': 0.4183984920690194, 'trop_agb_crit': 16.91505599627512, 'trop_k_veg': 6.605323551312076}. Best is trial 0 with value: -0.5989088506199346.
[I 2026-08-20 00:37:04,979] Trial 1044 finished with value: 0.5429213676001304 and parameters: {'k1': 0.033544842314978784, 'D_low': 9298.237855961603, 'k2': 0.005064418771049533, 'D_high': 2579922.9645955386, 'fire_exp': 5.042526934793629, 'P_half': 76.26025776679947, 'pre_dampen_half': 2.9628504977504706, 'gpp_af': 0.8993029826825986, 'gpp_b': 0.00025979848389624924, 'gpp_d': 1.6357643524018544, 'ign_k': 5.634803950879551, 'ign_c': 1.094761090730706, 'trop_agb_crit': 7.149844511858101, 'trop_k_veg': 2.0518087439689743}. Best is trial 0 with value: -0.5989088506199346.
[I 2026-08-20 00:37:06,449] Trial 1045 finished with value: 0.6043186867004171 and parameters: {'k1': 0.010694929389147003, 'D_low': 1745.2638279412536, 'k2': 0.00045780359287127443, 'D_high': 146.6220352690456, 'fire_exp': 4.03126499889683, 'P_half': 53.20870501310526, 'pre_dampen_half': 7.811833973373745, 'gpp_af': 0.9175755531340728, 'gpp_b': 2.159517259435025e-05, 'gpp_d': 88.88058114993407, 'ign_k': 4.436263771177397, 'ign_c': 8.09691967948612, 'trop_agb_crit': 10.588313347007631, 'trop_k_veg': 6.456039700596449}. Best is trial 0 with value: -0.5989088506199346.
[I 2026-08-20 00:37:07,834] Trial 1046 finished with value: 0.5876383357498529 and parameters: {'k1': 7.48400758081076e-05, 'D_low': 51.81559959309581, 'k2': 4.132604825510149e-05, 'D_high': 3627335.738304078, 'fire_exp': 6.733269143911628, 'P_half': 1.5727520584931487, 'pre_dampen_half': 30.035434484954926, 'gpp_af': 7.093932239178393, 'gpp_b': 0.1271750214850672, 'gpp_d': 488.2340365077843, 'ign_k': 0.029079891446333113, 'ign_c': 5.794624029618771, 'trop_agb_crit': 18.579175200030452, 'trop_k_veg': 2.378112371539218}. Best is trial 0 with value: -0.5989088506199346.
[I 2026-08-20 00:37:09,228] Trial 1047 finished with value: 0.6445374145881376 and parameters: {'k1': 0.00040347930359916256, 'D_low': 888698.4845011276, 'k2': 4.752145864643166e-05, 'D_high': 261.36986300004605, 'fire_exp': 2.7781600363913124, 'P_half': 6843.572674862925, 'pre_dampen_half': 34.286683183924474, 'gpp_af': 0.029416402067561097, 'gpp_b': 0.00043093702894852386, 'gpp_d': 0.11796339621218913, 'ign_k': 0.002628364996642606, 'ign_c': 2.367511611512568, 'trop_agb_crit': 19.139314689564724, 'trop_k_veg': 3.7270833653999365}. Best is trial 0 with value: -0.5989088506199346.
[I 2026-08-20 00:37:10,589] Trial 1048 finished with value: 0.546018116863984 and parameters: {'k1': 0.0015469652735129423, 'D_low': 147.32036662003065, 'k2': 6.669277198118525e-05, 'D_high': 4514158.824395419, 'fire_exp': 1.4439995974704187, 'P_half': 70.95093575132623, 'pre_dampen_half': 0.6461520784741273, 'gpp_af': 0.0033025260540485665, 'gpp_b': 0.0019772024887175256, 'gpp_d': 1.436311815705389, 'ign_k': 0.11713257643396169, 'ign_c': 5.87722102920722, 'trop_agb_crit': 2.512527685501811, 'trop_k_veg': 3.118680536653485}. Best is trial 0 with value: -0.5989088506199346.
[I 2026-08-20 00:37:12,045] Trial 1049 finished with value: 0.575026407602541 and parameters: {'k1': 0.0796390742385936, 'D_low': 14.758206632897913, 'k2': 0.00993107880558567, 'D_high': 7847247.314510592, 'fire_exp': 5.449438073893616, 'P_half': 4.573076200936628, 'pre_dampen_half': 0.05660206766018181, 'gpp_af': 0.05493804045645124, 'gpp_b': 0.003941168248552801, 'gpp_d': 127.48004196906409, 'ign_k': 6.190234233075081, 'ign_c': 0.43277286627283074, 'trop_agb_crit': 2.436825037429849, 'trop_k_veg': 7.032373760665506}. Best is trial 0 with value: -0.5989088506199346.
[I 2026-08-20 00:37:13,671] Trial 1050 finished with value: 0.5964423066547355 and parameters: {'k1': 0.01651384651481781, 'D_low': 4404.44561113541, 'k2': 0.0002832727738048973, 'D_high': 34001.213641117945, 'fire_exp': 3.0703782430074167, 'P_half': 225.7389575112883, 'pre_dampen_half': 0.08039316122641584, 'gpp_af': 0.04525602300421358, 'gpp_b': 0.0004409638956916553, 'gpp_d': 62.104722169478094, 'ign_k': 0.0010551297115349108, 'ign_c': 0.22987633110513975, 'trop_agb_crit': 1.2379122973010948, 'trop_k_veg': 1.1225821345328357}. Best is trial 0 with value: -0.5989088506199346.
[I 2026-08-20 00:37:15,053] Trial 1051 finished with value: 0.6439399317141087 and parameters: {'k1': 0.001030542722948914, 'D_low': 536168.3727133176, 'k2': 0.019127879681411466, 'D_high': 1077379.04020551, 'fire_exp': 3.2543871418757675, 'P_half': 8.512329266563333, 'pre_dampen_half': 40.656163926587965, 'gpp_af': 32.080296466930115, 'gpp_b': 1.5802719020861802, 'gpp_d': 0.09836827037767815, 'ign_k': 0.16443704199276135, 'ign_c': 0.17326148352718673, 'trop_agb_crit': 23.540846128305258, 'trop_k_veg': 0.5269378586282625}. Best is trial 0 with value: -0.5989088506199346.
[I 2026-08-20 00:37:16,464] Trial 1052 finished with value: 0.529254553872898 and parameters: {'k1': 0.006151787404953843, 'D_low': 43.33599263834831, 'k2': 1.2531342884759915e-05, 'D_high': 2178136.989854832, 'fire_exp': 1.2572077763598635, 'P_half': 3.3742715235500156, 'pre_dampen_half': 0.012275936116363599, 'gpp_af': 0.02495742156398564, 'gpp_b': 0.00022841474762549295, 'gpp_d': 2.0293207574951744, 'ign_k': 0.17333648821292155, 'ign_c': 2.754407962110267, 'trop_agb_crit': 3.122346362433236, 'trop_k_veg': 5.6056457536693145}. Best is trial 0 with value: -0.5989088506199346.
[I 2026-08-20 00:37:17,885] Trial 1053 finished with value: 0.4222938596704522 and parameters: {'k1': 0.012011769521656146, 'D_low': 54.83826510278631, 'k2': 0.002884124479388563, 'D_high': 566554.1435488686, 'fire_exp': 4.0030037424956095, 'P_half': 35.19133699729273, 'pre_dampen_half': 63.23417933063087, 'gpp_af': 0.05304746125266865, 'gpp_b': 0.0002696026777282066, 'gpp_d': 1.3368249044275764, 'ign_k': 5.421172140095488, 'ign_c': 7.9569425553434705, 'trop_agb_crit': 9.955250479702476, 'trop_k_veg': 1.5288481871039539}. Best is trial 0 with value: -0.5989088506199346.
[I 2026-08-20 00:37:19,294] Trial 1054 finished with value: 0.5661174422649798 and parameters: {'k1': 0.0001070230936038281, 'D_low': 2902.2632886651127, 'k2': 0.00017874773194366962, 'D_high': 1188695.793674045, 'fire_exp': 4.071466939141827, 'P_half': 2.4975496174455505, 'pre_dampen_half': 62.04459594991717, 'gpp_af': 4.130690860901002, 'gpp_b': 0.0012858263055671537, 'gpp_d': 191.0239567921637, 'ign_k': 6.12407397572707, 'ign_c': 28.910350466905136, 'trop_agb_crit': 9.756382824400028, 'trop_k_veg': 1.0338078182009143}. Best is trial 0 with value: -0.5989088506199346.
[I 2026-08-20 00:37:20,677] Trial 1055 finished with value: 0.5852107165982041 and parameters: {'k1': 0.016453543381255983, 'D_low': 2.2883493359656097, 'k2': 4.366222029043778e-05, 'D_high': 21323.04296937527, 'fire_exp': 4.344772207576102, 'P_half': 38.57821959119779, 'pre_dampen_half': 2.2192834172682034, 'gpp_af': 15.157140820807765, 'gpp_b': 0.00016405253217111602, 'gpp_d': 56.819972119454135, 'ign_k': 0.08728976109253539, 'ign_c': 1.2566063455785879, 'trop_agb_crit': 11.658350178530956, 'trop_k_veg': 4.014647849615112}. Best is trial 0 with value: -0.5989088506199346.
