[I 2026-07-22 22:05:01,125] Trial 215 finished with values: [10.569240424902723, 10.569240424902723] and parameters: {'k1': 0.0023179376139410863, 'D_low': 85.60024220272012, 'k2': 1.6559474674046002e-05, 'D_high': 1026.0852623190942, 'fire_exp': 2.0868320990652838, 'P_half': 269.74113434525447, 'pre_dampen_half': 3.659675301686168, 'gpp_af': 1.4558259811306475, 'gpp_b': 0.016763844265536048, 'gpp_d': 397.44595568350155, 'ign_k': 0.024287565087611766, 'ign_c': 14.074279366401672, 'trop_agb_crit': 7.359282739093333, 'trop_k_veg': 3.9497405715830105, 'fuel_k': 3.8843204090935095, 'fuel_half': 2.276766792290519}.
[I 2026-07-22 22:05:01,573] Trial 216 finished with values: [10.766807831446242, 10.766807831446242] and parameters: {'k1': 0.02806535913298299, 'D_low': 70586.60227368641, 'k2': 0.0007081721844034209, 'D_high': 8433503.858791472, 'fire_exp': 2.088398022232781, 'P_half': 1.4378290221680121, 'pre_dampen_half': 33.71909132517388, 'gpp_af': 29.925002022877816, 'gpp_b': 0.011750724729953272, 'gpp_d': 0.03254982364882649, 'ign_k': 0.0026834162496848666, 'ign_c': 238.8897930076982, 'trop_agb_crit': 2.171140223187998, 'trop_k_veg': 1.6340262437673856, 'fuel_k': 0.08612665817296865, 'fuel_half': 0.253071961271088}.
[I 2026-07-22 22:05:02,015] Trial 217 finished with values: [10.760986291724876, 10.760986291724876] and parameters: {'k1': 6.693990428538841e-05, 'D_low': 1.1640589436768796, 'k2': 3.5281132746849994e-05, 'D_high': 392.28369335318325, 'fire_exp': 2.2271826002669806, 'P_half': 245.27450543222417, 'pre_dampen_half': 10.059683154936915, 'gpp_af': 2.114381609520638, 'gpp_b': 4.201176460336357, 'gpp_d': 25.017068255320467, 'ign_k': 0.04732407125181112, 'ign_c': 0.3296550135838091, 'trop_agb_crit': 5.841230872704112, 'trop_k_veg': 0.5695379443977426, 'fuel_k': 0.028970790717327534, 'fuel_half': 16.371966573507315}.
[I 2026-07-22 22:05:02,455] Trial 218 finished with values: [11.587626329688366, 11.587626329688366] and parameters: {'k1': 0.002968335334246999, 'D_low': 1.1640589436768796, 'k2': 0.0006579066240690734, 'D_high': 305369.47947832284, 'fire_exp': 2.2271826002669806, 'P_half': 10.226988730324324, 'pre_dampen_half': 12.389588752305043, 'gpp_af': 0.3259758793317361, 'gpp_b': 0.002022832315155261, 'gpp_d': 27.50607428241511, 'ign_k': 0.06647020392311619, 'ign_c': 0.1867876836333246, 'trop_agb_crit': 6.1198430581046965, 'trop_k_veg': 0.9793402026070162, 'fuel_k': 0.194188856108826, 'fuel_half': 16.371966573507315}.
[I 2026-07-22 22:05:02,919] Trial 219 finished with values: [-0.3333915482223844, 0.08065495146624413] and parameters: {'k1': 0.0023179376139410863, 'D_low': 11697.604007727205, 'k2': 0.05583672722754823, 'D_high': 8433503.858791472, 'fire_exp': 2.3750840427797026, 'P_half': 1.0435856341129002, 'pre_dampen_half': 868.1843415114095, 'gpp_af': 42.29037995744429, 'gpp_b': 1.1983032564333187e-05, 'gpp_d': 6.378078463802852, 'ign_k': 4.59148521674054, 'ign_c': 16.626592254031866, 'trop_agb_crit': 10.719494362768906, 'trop_k_veg': 3.107373729897127, 'fuel_k': 0.017262921159278164, 'fuel_half': 97.86395331218435}.
[I 2026-07-22 22:05:03,362] Trial 220 finished with values: [10.764134035751708, 10.764134035751708] and parameters: {'k1': 0.0001599021369655865, 'D_low': 3.169598846855015, 'k2': 7.67074891445376e-05, 'D_high': 2283.4228779494524, 'fire_exp': 2.3750840427797026, 'P_half': 1.4378290221680121, 'pre_dampen_half': 33.71909132517388, 'gpp_af': 42.29037995744429, 'gpp_b': 0.17743223857939708, 'gpp_d': 6.91394869865762, 'ign_k': 0.006039096247545781, 'ign_c': 0.13670484737132343, 'trop_agb_crit': 10.719494362768906, 'trop_k_veg': 3.024803048559367, 'fuel_k': 3.6992394681929355, 'fuel_half': 81.87941582538087}.
[I 2026-07-22 22:05:03,804] Trial 221 finished with values: [13.051528704074347, 13.051528704074347] and parameters: {'k1': 1.8595266457134027e-05, 'D_low': 140.92119204434155, 'k2': 0.001566517163094646, 'D_high': 8433503.858791472, 'fire_exp': 1.0862503061991866, 'P_half': 1.4378290221680121, 'pre_dampen_half': 33.71909132517388, 'gpp_af': 0.12243451886824051, 'gpp_b': 0.00012118589392553819, 'gpp_d': 8.144272585223822, 'ign_k': 0.0012634132366522116, 'ign_c': 0.13670484737132343, 'trop_agb_crit': 10.719494362768906, 'trop_k_veg': 1.140286245977296, 'fuel_k': 3.6992394681929355, 'fuel_half': 81.87941582538087}.
[I 2026-07-22 22:05:04,254] Trial 222 finished with values: [14.586034252416365, 14.586034252416365] and parameters: {'k1': 0.052334804885400876, 'D_low': 140.92119204434155, 'k2': 0.0034167643418329683, 'D_high': 1693415.5410667954, 'fire_exp': 1.2386878293405026, 'P_half': 24.184227958471602, 'pre_dampen_half': 3.9885726374014694, 'gpp_af': 0.49740621749684094, 'gpp_b': 0.00012118589392553819, 'gpp_d': 6.91394869865762, 'ign_k': 0.5131654955148324, 'ign_c': 0.13670484737132343, 'trop_agb_crit': 5.707205898008383, 'trop_k_veg': 0.5415365826598848, 'fuel_k': 3.6992394681929355, 'fuel_half': 7.259866824755671}.
[I 2026-07-22 22:05:04,707] Trial 223 finished with values: [10.416302271038854, 10.416302271038854] and parameters: {'k1': 6.693990428538841e-05, 'D_low': 11.437258028094242, 'k2': 0.05583672722754823, 'D_high': 3262.5163516684925, 'fire_exp': 2.2271826002669806, 'P_half': 28.15630081597223, 'pre_dampen_half': 868.1843415114095, 'gpp_af': 2.114381609520638, 'gpp_b': 0.00011277885258222645, 'gpp_d': 373.3014953695604, 'ign_k': 0.00515399351160314, 'ign_c': 16.626592254031866, 'trop_agb_crit': 5.841230872704112, 'trop_k_veg': 0.977663002683211, 'fuel_k': 0.028970790717327534, 'fuel_half': 97.86395331218435}.
[I 2026-07-22 22:05:05,156] Trial 224 finished with values: [-0.5303757228354382, 0.14633029369374018] and parameters: {'k1': 0.0004688858519834985, 'D_low': 247.75146043208053, 'k2': 0.003045524314144144, 'D_high': 3262.5163516684925, 'fire_exp': 1.3219590610242518, 'P_half': 48.464976792190825, 'pre_dampen_half': 10.059683154936915, 'gpp_af': 0.09791370130598968, 'gpp_b': 0.016763844265536048, 'gpp_d': 2.9914693021302137, 'ign_k': 0.024287565087611766, 'ign_c': 0.15239409361703363, 'trop_agb_crit': 5.841230872704112, 'trop_k_veg': 0.977663002683211, 'fuel_k': 2.637916642113786, 'fuel_half': 16.371966573507315}.
[I 2026-07-22 22:05:05,615] Trial 225 finished with values: [10.76923066162119, 10.76923066162119] and parameters: {'k1': 6.693990428538841e-05, 'D_low': 1.1640589436768796, 'k2': 3.606519549370447e-05, 'D_high': 2512533.442757688, 'fire_exp': 1.7650286443463072, 'P_half': 245.27450543222417, 'pre_dampen_half': 10.059683154936915, 'gpp_af': 8.769726637617675, 'gpp_b': 6.933201384399588, 'gpp_d': 25.017068255320467, 'ign_k': 0.009861808369679786, 'ign_c': 750.7777979297798, 'trop_agb_crit': 5.841230872704112, 'trop_k_veg': 0.5695379443977426, 'fuel_k': 1.312881567992459, 'fuel_half': 42.6871254378718}.
[I 2026-07-22 22:05:06,080] Trial 226 finished with values: [10.568465034344507, 10.568465034344507] and parameters: {'k1': 0.00029589152820953097, 'D_low': 6220.638781359816, 'k2': 0.0034207303670092245, 'D_high': 1693415.5410667954, 'fire_exp': 1.2386878293405026, 'P_half': 2193.8654178115053, 'pre_dampen_half': 0.4016986062226068, 'gpp_af': 5.600917281261383, 'gpp_b': 1.7565109007473816e-05, 'gpp_d': 9.00460602264307, 'ign_k': 0.5131654955148324, 'ign_c': 0.11650681118986138, 'trop_agb_crit': 5.707205898008383, 'trop_k_veg': 0.5415365826598848, 'fuel_k': 0.6199941538390381, 'fuel_half': 0.3335026483569958}.
[I 2026-07-22 22:05:06,535] Trial 227 finished with values: [-0.34597910380463015, 0.39515078866004993] and parameters: {'k1': 9.969469187531805e-05, 'D_low': 163.4864778201543, 'k2': 0.0007081721844034209, 'D_high': 8433503.858791472, 'fire_exp': 1.0341837609578937, 'P_half': 10.226988730324324, 'pre_dampen_half': 36.876350096202984, 'gpp_af': 42.29037995744429, 'gpp_b': 0.011750724729953272, 'gpp_d': 6.91394869865762, 'ign_k': 0.0026834162496848666, 'ign_c': 0.13670484737132343, 'trop_agb_crit': 6.1198430581046965, 'trop_k_veg': 0.9793402026070162, 'fuel_k': 0.05597555634027867, 'fuel_half': 1.3547291924247347}.
[I 2026-07-22 22:05:06,969] Trial 228 finished with values: [10.743592540168194, 10.743592540168194] and parameters: {'k1': 0.00023352156626184448, 'D_low': 2.0349553327469425, 'k2': 0.0009670857606743155, 'D_high': 1026.0852623190942, 'fire_exp': 1.2386878293405026, 'P_half': 2193.8654178115053, 'pre_dampen_half': 0.46504594134732663, 'gpp_af': 0.0023751383317256927, 'gpp_b': 6.0327793441162e-05, 'gpp_d': 397.44595568350155, 'ign_k': 1.07907786430243, 'ign_c': 2.4423775964038934, 'trop_agb_crit': 2.3118820898020997, 'trop_k_veg': 4.844706510617516, 'fuel_k': 0.0500651901928747, 'fuel_half': 2.276766792290519}.
