[I 2026-06-11 01:09:23,012] Trial 945 finished with values: [10.006339815534604, 10.006339815534604] and parameters: {'k1': 0.09738633019266786, 'D_low': 4.484744524732794, 'k2': 0.03865036856259725, 'D_high': 1390.2686711035008, 'fire_exp': 2.1790515574598546, 'P_half': 10.226988730324324, 'pre_dampen_half': 502.5175192217655, 'gpp_af': 0.008562341633595545, 'gpp_b': 0.00010318352929732131, 'gpp_d': 0.05551882314935149, 'ign_k': 0.5131654955148326, 'ign_c': 0.11650681118986138, 'trop_agb_crit': 1.310122900330372, 'trop_k_veg': 4.599337386928772, 'fuel_k': 0.07063415164051975, 'fuel_half': 52.00581729114123}.
[I 2026-06-11 01:09:24,695] Trial 946 finished with values: [-0.7757626164934348, 0.19112467534056332] and parameters: {'k1': 0.006587536748686894, 'D_low': 4.484744524732794, 'k2': 0.03865036856259725, 'D_high': 1024.9816559563214, 'fire_exp': 1.591671544437082, 'P_half': 13.019246714361572, 'pre_dampen_half': 502.5175192217655, 'gpp_af': 0.015769192447197523, 'gpp_b': 0.00012118589392553798, 'gpp_d': 2.8006820077310213, 'ign_k': 4.591485216740537, 'ign_c': 0.11650681118986138, 'trop_agb_crit': 5.881906289439389, 'trop_k_veg': 7.359706248396124, 'fuel_k': 0.05597555634027867, 'fuel_half': 60.39526675016393}.
[I 2026-06-11 01:09:26,322] Trial 947 finished with values: [10.769230769178105, 10.769230769178105] and parameters: {'k1': 0.09738633019266786, 'D_low': 10.733257635049776, 'k2': 0.011469197890812934, 'D_high': 1024.9816559563214, 'fire_exp': 7.527499959153801, 'P_half': 13.019246714361572, 'pre_dampen_half': 502.5175192217655, 'gpp_af': 0.008562341633595545, 'gpp_b': 9.506179832307074, 'gpp_d': 2.8006820077310213, 'ign_k': 8.761971101023693, 'ign_c': 15.221840161091626, 'trop_agb_crit': 3.4997565565368793, 'trop_k_veg': 4.1309639246402785, 'fuel_k': 0.05597555634027867, 'fuel_half': 52.00581729114123}.
[I 2026-06-11 01:09:28,185] Trial 948 finished with values: [10.494870329396333, 10.494870329396333] and parameters: {'k1': 0.006587536748686894, 'D_low': 4.484744524732794, 'k2': 0.03865036856259725, 'D_high': 204.16881527138202, 'fire_exp': 1.2310899049053081, 'P_half': 10.226988730324324, 'pre_dampen_half': 502.5175192217655, 'gpp_af': 0.008562341633595545, 'gpp_b': 7.402343469704428e-05, 'gpp_d': 9.004606022643067, 'ign_k': 0.5131654955148326, 'ign_c': 0.11650681118986138, 'trop_agb_crit': 1.1073237802669997, 'trop_k_veg': 1.4584243470991722, 'fuel_k': 0.05597555634027867, 'fuel_half': 52.00581729114123}.
[I 2026-06-11 01:09:29,566] Trial 949 finished with values: [10.091932168689334, 10.091932168689334] and parameters: {'k1': 0.004312951023617458, 'D_low': 4.484744524732794, 'k2': 0.0027431991397796683, 'D_high': 622.9347004284257, 'fire_exp': 1.1258453832483524, 'P_half': 10.226988730324324, 'pre_dampen_half': 502.5175192217655, 'gpp_af': 0.0876577878178163, 'gpp_b': 7.402343469704428e-05, 'gpp_d': 34.97224310873812, 'ign_k': 8.761971101023693, 'ign_c': 0.9294394155644988, 'trop_agb_crit': 5.707205898008383, 'trop_k_veg': 0.5772603928610088, 'fuel_k': 0.04572914063536324, 'fuel_half': 2.9236782115513154}.
[I 2026-06-11 01:09:31,019] Trial 950 finished with values: [10.447210839451792, 10.447210839451792] and parameters: {'k1': 0.00013783578294796384, 'D_low': 1.4045842344024697, 'k2': 0.03865036856259725, 'D_high': 7731.855924995675, 'fire_exp': 1.2310899049053081, 'P_half': 1327.5361137191958, 'pre_dampen_half': 502.5175192217655, 'gpp_af': 26.976083816287083, 'gpp_b': 0.00010318352929732131, 'gpp_d': 9.230424427425291, 'ign_k': 0.5131654955148326, 'ign_c': 0.11650681118986138, 'trop_agb_crit': 1.1073237802669997, 'trop_k_veg': 5.546867170791755, 'fuel_k': 3.6992394681929337, 'fuel_half': 0.14319038307687884}.
[I 2026-06-11 01:09:32,648] Trial 951 finished with values: [10.521080743092803, 10.521080743092803] and parameters: {'k1': 0.09738633019266786, 'D_low': 98.98117700885537, 'k2': 0.0003682161160206092, 'D_high': 1024.9816559563214, 'fire_exp': 1.1258453832483524, 'P_half': 220.3445560633069, 'pre_dampen_half': 502.5175192217655, 'gpp_af': 0.015769192447197523, 'gpp_b': 7.402343469704428e-05, 'gpp_d': 1.9906830511569307, 'ign_k': 8.761971101023693, 'ign_c': 0.11650681118986138, 'trop_agb_crit': 5.707205898008383, 'trop_k_veg': 5.546867170791755, 'fuel_k': 3.6992394681929337, 'fuel_half': 0.14319038307687884}.
[I 2026-06-11 01:09:34,281] Trial 952 finished with values: [-0.7656220335089652, 0.28174941369047846] and parameters: {'k1': 0.09738633019266786, 'D_low': 4.484744524732794, 'k2': 0.006051580666890612, 'D_high': 1024.9816559563214, 'fire_exp': 1.1258453832483524, 'P_half': 13.019246714361572, 'pre_dampen_half': 502.5175192217655, 'gpp_af': 0.005782026351795939, 'gpp_b': 0.00010318352929732131, 'gpp_d': 2.8006820077310213, 'ign_k': 8.761971101023693, 'ign_c': 0.9294394155644988, 'trop_agb_crit': 24.584290528289387, 'trop_k_veg': 0.5772603928610088, 'fuel_k': 0.04572914063536324, 'fuel_half': 7.860326410149304}.
[I 2026-06-11 01:09:35,721] Trial 953 finished with values: [-0.7835334731393335, 0.22178694027404522] and parameters: {'k1': 0.004312951023617458, 'D_low': 90.71933427331369, 'k2': 0.011469197890812934, 'D_high': 1390.2686711035008, 'fire_exp': 1.2310899049053081, 'P_half': 10.226988730324324, 'pre_dampen_half': 502.5175192217655, 'gpp_af': 0.005618069878716736, 'gpp_b': 7.402343469704428e-05, 'gpp_d': 2.8006820077310213, 'ign_k': 8.761971101023693, 'ign_c': 0.9294394155644988, 'trop_agb_crit': 5.881906289439389, 'trop_k_veg': 4.599337386928772, 'fuel_k': 0.5964469943278032, 'fuel_half': 2.9236782115513154}.
[I 2026-06-11 01:09:37,236] Trial 954 finished with values: [-0.7613091514316741, 0.16770243126565287] and parameters: {'k1': 0.09538174612713206, 'D_low': 98.98117700885537, 'k2': 0.011469197890812934, 'D_high': 1024.9816559563214, 'fire_exp': 1.1258453832483524, 'P_half': 13.019246714361572, 'pre_dampen_half': 347.79988160923324, 'gpp_af': 0.015769192447197523, 'gpp_b': 0.0005392415140872105, 'gpp_d': 2.8006820077310213, 'ign_k': 8.761971101023693, 'ign_c': 0.11650681118986138, 'trop_agb_crit': 9.836162684900028, 'trop_k_veg': 0.5772603928610088, 'fuel_k': 4.680936683972861, 'fuel_half': 52.00581729114123}.
[I 2026-06-11 01:09:38,708] Trial 955 finished with values: [-0.7285081928259891, 0.18820475831975247] and parameters: {'k1': 0.09738633019266786, 'D_low': 1.4045842344024697, 'k2': 0.011469197890812934, 'D_high': 897.3555394394089, 'fire_exp': 1.0881360604103363, 'P_half': 220.3445560633069, 'pre_dampen_half': 502.5175192217655, 'gpp_af': 0.015769192447197523, 'gpp_b': 0.00299041212604743, 'gpp_d': 2.8006820077310213, 'ign_k': 0.5131654955148326, 'ign_c': 0.11650681118986138, 'trop_agb_crit': 10.65399158341592, 'trop_k_veg': 4.599337386928772, 'fuel_k': 4.680936683972861, 'fuel_half': 15.29850686893745}.
[I 2026-06-11 01:09:40,323] Trial 956 finished with values: [10.149754103942149, 10.149754103942149] and parameters: {'k1': 0.00013783578294796384, 'D_low': 98.98117700885537, 'k2': 0.03865036856259725, 'D_high': 1354.6626168109253, 'fire_exp': 1.1258453832483524, 'P_half': 13.019246714361572, 'pre_dampen_half': 502.5175192217655, 'gpp_af': 0.015769192447197523, 'gpp_b': 0.0054502936945582505, 'gpp_d': 0.23485690470339216, 'ign_k': 8.761971101023693, 'ign_c': 0.11650681118986138, 'trop_agb_crit': 5.881906289439389, 'trop_k_veg': 1.4584243470991722, 'fuel_k': 4.680936683972861, 'fuel_half': 15.29850686893745}.
[I 2026-06-11 01:09:41,883] Trial 957 finished with values: [-0.7875547386715984, 0.2145559279022421] and parameters: {'k1': 0.09738633019266786, 'D_low': 98.98117700885537, 'k2': 0.011469197890812934, 'D_high': 1024.9816559563214, 'fire_exp': 1.1258453832483524, 'P_half': 220.3445560633069, 'pre_dampen_half': 502.5175192217655, 'gpp_af': 0.015769192447197523, 'gpp_b': 0.00012118589392553798, 'gpp_d': 2.8006820077310213, 'ign_k': 8.761971101023693, 'ign_c': 0.11650681118986138, 'trop_agb_crit': 24.584290528289387, 'trop_k_veg': 4.599337386928772, 'fuel_k': 4.680936683972861, 'fuel_half': 27.4762346187747}.
[I 2026-06-11 01:09:43,280] Trial 958 finished with values: [10.043467023828628, 10.043467023828628] and parameters: {'k1': 0.09738633019266786, 'D_low': 10.733257635049776, 'k2': 0.0027431991397796683, 'D_high': 1024.9816559563214, 'fire_exp': 1.0114396646447246, 'P_half': 343.5759946100352, 'pre_dampen_half': 502.5175192217655, 'gpp_af': 0.015769192447197523, 'gpp_b': 7.402343469704428e-05, 'gpp_d': 2.8006820077310213, 'ign_k': 0.5131654955148326, 'ign_c': 0.9294394155644988, 'trop_agb_crit': 1.0110060758310602, 'trop_k_veg': 6.999477065942703, 'fuel_k': 0.04572914063536324, 'fuel_half': 15.29850686893745}.
[I 2026-06-11 01:09:44,675] Trial 959 finished with values: [10.710499078498367, 10.710499078498367] and parameters: {'k1': 0.05233480488540085, 'D_low': 90.71933427331369, 'k2': 0.011469197890812934, 'D_high': 1024.9816559563214, 'fire_exp': 1.0881360604103363, 'P_half': 16.051347487097576, 'pre_dampen_half': 502.5175192217655, 'gpp_af': 0.005618069878716736, 'gpp_b': 0.052183838897628114, 'gpp_d': 2.8006820077310213, 'ign_k': 4.591485216740537, 'ign_c': 15.221840161091626, 'trop_agb_crit': 5.881906289439389, 'trop_k_veg': 1.33975763878326, 'fuel_k': 0.05597555634027867, 'fuel_half': 10.06119804781128}.
[I 2026-06-11 01:09:46,042] Trial 960 finished with values: [-0.7751301584832302, 0.6272977360823162] and parameters: {'k1': 0.006587536748686894, 'D_low': 1.4045842344024697, 'k2': 0.03865036856259725, 'D_high': 15024.129734649197, 'fire_exp': 1.591671544437082, 'P_half': 13.019246714361572, 'pre_dampen_half': 502.5175192217655, 'gpp_af': 0.005618069878716736, 'gpp_b': 0.00010318352929732131, 'gpp_d': 2.8006820077310213, 'ign_k': 0.5131654955148326, 'ign_c': 15.221840161091626, 'trop_agb_crit': 9.879645484210656, 'trop_k_veg': 7.359706248396124, 'fuel_k': 0.05597555634027867, 'fuel_half': 15.29850686893745}.
[I 2026-06-11 01:09:47,554] Trial 961 finished with values: [10.268341532092107, 10.268341532092107] and parameters: {'k1': 0.006587536748686894, 'D_low': 4.484744524732794, 'k2': 2.3548462628715368e-05, 'D_high': 1024.9816559563214, 'fire_exp': 1.591671544437082, 'P_half': 13.019246714361572, 'pre_dampen_half': 502.5175192217655, 'gpp_af': 0.015769192447197523, 'gpp_b': 0.00012118589392553798, 'gpp_d': 2.8006820077310213, 'ign_k': 0.5131654955148326, 'ign_c': 0.11650681118986138, 'trop_agb_crit': 5.881906289439389, 'trop_k_veg': 7.359706248396124, 'fuel_k': 0.05597555634027867, 'fuel_half': 60.39526675016393}.
[I 2026-06-11 01:09:49,648] Trial 962 finished with values: [-0.8104743823628564, 0.1975618368807106] and parameters: {'k1': 0.09738633019266786, 'D_low': 1.4045842344024697, 'k2': 0.03865036856259725, 'D_high': 1390.2686711035008, 'fire_exp': 1.591671544437082, 'P_half': 13.019246714361572, 'pre_dampen_half': 502.5175192217655, 'gpp_af': 0.005618069878716736, 'gpp_b': 0.00010318352929732131, 'gpp_d': 2.8006820077310213, 'ign_k': 0.5131654955148326, 'ign_c': 15.221840161091626, 'trop_agb_crit': 9.879645484210656, 'trop_k_veg': 7.359706248396124, 'fuel_k': 0.05597555634027867, 'fuel_half': 10.06119804781128}.
[I 2026-06-11 01:09:51,056] Trial 963 finished with values: [-0.7721095704985002, 0.1581553725624124] and parameters: {'k1': 0.006587536748686894, 'D_low': 4.484744524732794, 'k2': 0.03865036856259725, 'D_high': 1024.9816559563214, 'fire_exp': 1.591671544437082, 'P_half': 16.051347487097576, 'pre_dampen_half': 502.5175192217655, 'gpp_af': 0.005618069878716736, 'gpp_b': 0.00012118589392553798, 'gpp_d': 2.8006820077310213, 'ign_k': 4.591485216740537, 'ign_c': 0.11650681118986138, 'trop_agb_crit': 5.881906289439389, 'trop_k_veg': 4.599337386928772, 'fuel_k': 0.05597555634027867, 'fuel_half': 10.06119804781128}.
[I 2026-06-11 01:09:52,478] Trial 964 finished with values: [-0.8081038162330803, 0.177018916099987] and parameters: {'k1': 0.05233480488540085, 'D_low': 98.98117700885537, 'k2': 0.011469197890812934, 'D_high': 1024.9816559563214, 'fire_exp': 1.1258453832483524, 'P_half': 16.051347487097576, 'pre_dampen_half': 502.5175192217655, 'gpp_af': 0.005618069878716736, 'gpp_b': 0.00012118589392553798, 'gpp_d': 2.8006820077310213, 'ign_k': 8.761971101023693, 'ign_c': 0.11650681118986138, 'trop_agb_crit': 5.881906289439389, 'trop_k_veg': 4.599337386928772, 'fuel_k': 4.680936683972861, 'fuel_half': 52.00581729114123}.
[I 2026-06-11 01:09:53,914] Trial 965 finished with values: [-0.8158494462210648, 0.292008314984206] and parameters: {'k1': 0.09738633019266786, 'D_low': 98.98117700885537, 'k2': 0.03865036856259725, 'D_high': 1390.2686711035008, 'fire_exp': 1.1258453832483524, 'P_half': 16.051347487097576, 'pre_dampen_half': 502.5175192217655, 'gpp_af': 0.015769192447197523, 'gpp_b': 0.00010318352929732131, 'gpp_d': 2.8006820077310213, 'ign_k': 8.761971101023693, 'ign_c': 15.221840161091626, 'trop_agb_crit': 24.584290528289387, 'trop_k_veg': 4.1309639246402785, 'fuel_k': 0.04618261343082179, 'fuel_half': 52.00581729114123}.
[I 2026-06-11 01:09:55,441] Trial 966 finished with values: [10.276411653695469, 10.276411653695469] and parameters: {'k1': 0.09738633019266786, 'D_low': 1.4045842344024697, 'k2': 0.03865036856259725, 'D_high': 1024.9816559563214, 'fire_exp': 1.1258453832483524, 'P_half': 1327.5361137191958, 'pre_dampen_half': 502.5175192217655, 'gpp_af': 0.015769192447197523, 'gpp_b': 0.00012118589392553798, 'gpp_d': 2.8006820077310213, 'ign_k': 8.761971101023693, 'ign_c': 0.11650681118986138, 'trop_agb_crit': 1.1073237802669997, 'trop_k_veg': 7.359706248396124, 'fuel_k': 3.6992394681929337, 'fuel_half': 0.14319038307687884}.
[I 2026-06-11 01:09:57,063] Trial 967 finished with values: [-0.795301276659214, 0.10060272555275906] and parameters: {'k1': 0.09738633019266786, 'D_low': 4.484744524732794, 'k2': 0.0027431991397796683, 'D_high': 1024.9816559563214, 'fire_exp': 1.2310899049053081, 'P_half': 13.019246714361572, 'pre_dampen_half': 502.5175192217655, 'gpp_af': 0.008562341633595545, 'gpp_b': 0.00010318352929732131, 'gpp_d': 2.8006820077310213, 'ign_k': 8.761971101023693, 'ign_c': 22.53248381536621, 'trop_agb_crit': 5.881906289439389, 'trop_k_veg': 4.599337386928772, 'fuel_k': 4.680936683972861, 'fuel_half': 15.29850686893745}.
[I 2026-06-11 01:09:58,493] Trial 968 finished with values: [10.277419796001585, 10.277419796001585] and parameters: {'k1': 0.006587536748686894, 'D_low': 90.71933427331369, 'k2': 0.0008392504050877116, 'D_high': 1024.9816559563214, 'fire_exp': 1.591671544437082, 'P_half': 13.019246714361572, 'pre_dampen_half': 502.5175192217655, 'gpp_af': 0.005618069878716736, 'gpp_b': 3.228689523591491e-05, 'gpp_d': 2.8006820077310213, 'ign_k': 4.591485216740537, 'ign_c': 0.11650681118986138, 'trop_agb_crit': 9.879645484210656, 'trop_k_veg': 2.9676112271594857, 'fuel_k': 0.05597555634027867, 'fuel_half': 0.12399445060149628}.
[I 2026-06-11 01:09:59,863] Trial 969 finished with values: [10.262269833926476, 10.262269833926476] and parameters: {'k1': 0.09738633019266786, 'D_low': 4.484744524732794, 'k2': 0.03865036856259725, 'D_high': 1024.9816559563214, 'fire_exp': 1.2310899049053081, 'P_half': 16.051347487097576, 'pre_dampen_half': 502.5175192217655, 'gpp_af': 0.015769192447197523, 'gpp_b': 0.00010318352929732131, 'gpp_d': 34.97224310873812, 'ign_k': 8.761971101023693, 'ign_c': 0.11650681118986138, 'trop_agb_crit': 5.881906289439389, 'trop_k_veg': 4.1309639246402785, 'fuel_k': 4.680936683972861, 'fuel_half': 15.29850686893745}.
[I 2026-06-11 01:10:01,266] Trial 970 finished with values: [10.0795795956203, 10.0795795956203] and parameters: {'k1': 0.05233480488540085, 'D_low': 90.71933427331369, 'k2': 0.0009724201099820953, 'D_high': 897.3555394394089, 'fire_exp': 1.1258453832483524, 'P_half': 16.051347487097576, 'pre_dampen_half': 502.5175192217655, 'gpp_af': 0.005618069878716736, 'gpp_b': 0.00010318352929732131, 'gpp_d': 2.8006820077310213, 'ign_k': 4.591485216740537, 'ign_c': 15.221840161091626, 'trop_agb_crit': 24.584290528289387, 'trop_k_veg': 2.8224577471047865, 'fuel_k': 0.05597555634027867, 'fuel_half': 52.00581729114123}.
[I 2026-06-11 01:10:02,767] Trial 971 finished with values: [10.697730428476222, 10.697730428476222] and parameters: {'k1': 0.004312951023617458, 'D_low': 90.71933427331369, 'k2': 0.0027431991397796683, 'D_high': 1390.2686711035008, 'fire_exp': 1.1258453832483524, 'P_half': 10.226988730324324, 'pre_dampen_half': 0.021099296367452173, 'gpp_af': 0.005618069878716736, 'gpp_b': 0.00012118589392553798, 'gpp_d': 34.97224310873812, 'ign_k': 4.591485216740537, 'ign_c': 15.221840161091626, 'trop_agb_crit': 1.310122900330372, 'trop_k_veg': 4.599337386928772, 'fuel_k': 0.05597555634027867, 'fuel_half': 2.9236782115513154}.
[I 2026-06-11 01:10:04,383] Trial 972 finished with values: [-0.7959514139541732, 0.23891932769775515] and parameters: {'k1': 0.006587536748686894, 'D_low': 1.4045842344024697, 'k2': 0.03865036856259725, 'D_high': 1024.9816559563214, 'fire_exp': 1.1258453832483524, 'P_half': 13.019246714361572, 'pre_dampen_half': 502.5175192217655, 'gpp_af': 0.015769192447197523, 'gpp_b': 0.00012118589392553798, 'gpp_d': 2.8006820077310213, 'ign_k': 8.761971101023693, 'ign_c': 0.11650681118986138, 'trop_agb_crit': 5.881906289439389, 'trop_k_veg': 7.359706248396124, 'fuel_k': 0.05597555634027867, 'fuel_half': 5.494793328590264}.
[I 2026-06-11 01:10:05,886] Trial 973 finished with values: [-0.7935968167489639, 0.21962537965142115] and parameters: {'k1': 0.004312951023617458, 'D_low': 4.484744524732794, 'k2': 0.001761725951418538, 'D_high': 1390.2686711035008, 'fire_exp': 1.2310899049053081, 'P_half': 10.226988730324324, 'pre_dampen_half': 502.5175192217655, 'gpp_af': 0.005618069878716736, 'gpp_b': 7.402343469704428e-05, 'gpp_d': 34.97224310873812, 'ign_k': 8.761971101023693, 'ign_c': 0.9294394155644988, 'trop_agb_crit': 5.881906289439389, 'trop_k_veg': 4.599337386928772, 'fuel_k': 0.5964469943278032, 'fuel_half': 2.9236782115513154}.
[I 2026-06-11 01:10:07,265] Trial 974 finished with values: [10.197451227065795, 10.197451227065795] and parameters: {'k1': 0.00013783578294796384, 'D_low': 1.4045842344024697, 'k2': 0.0027431991397796683, 'D_high': 1024.9816559563214, 'fire_exp': 1.0114396646447246, 'P_half': 343.5759946100352, 'pre_dampen_half': 502.5175192217655, 'gpp_af': 0.005618069878716736, 'gpp_b': 0.00012118589392553798, 'gpp_d': 2.8006820077310213, 'ign_k': 4.591485216740537, 'ign_c': 15.221840161091626, 'trop_agb_crit': 5.881906289439389, 'trop_k_veg': 5.546867170791755, 'fuel_k': 4.680936683972861, 'fuel_half': 52.00581729114123}.
[I 2026-06-11 01:10:08,669] Trial 975 finished with values: [10.145231001495116, 10.145231001495116] and parameters: {'k1': 6.164274350785426e-05, 'D_low': 1.4045842344024697, 'k2': 0.03865036856259725, 'D_high': 1024.9816559563214, 'fire_exp': 1.1258453832483524, 'P_half': 10.226988730324324, 'pre_dampen_half': 502.5175192217655, 'gpp_af': 0.008562341633595545, 'gpp_b': 7.402343469704428e-05, 'gpp_d': 1.9906830511569307, 'ign_k': 8.761971101023693, 'ign_c': 0.11650681118986138, 'trop_agb_crit': 1.1073237802669997, 'trop_k_veg': 5.546867170791755, 'fuel_k': 3.6992394681929337, 'fuel_half': 52.00581729114123}.
[I 2026-06-11 01:10:10,567] Trial 976 finished with values: [-0.7768258254828047, 0.14389243465676405] and parameters: {'k1': 0.05233480488540085, 'D_low': 174.83983085324363, 'k2': 0.011469197890812934, 'D_high': 1024.9816559563214, 'fire_exp': 1.1258453832483524, 'P_half': 16.051347487097576, 'pre_dampen_half': 502.5175192217655, 'gpp_af': 0.005618069878716736, 'gpp_b': 0.00010318352929732131, 'gpp_d': 2.8006820077310213, 'ign_k': 4.591485216740537, 'ign_c': 0.11650681118986138, 'trop_agb_crit': 9.879645484210656, 'trop_k_veg': 7.359706248396124, 'fuel_k': 0.05597555634027867, 'fuel_half': 15.29850686893745}.
[I 2026-06-11 01:10:12,200] Trial 977 finished with values: [-0.6979679865499733, 0.14546175650670368] and parameters: {'k1': 0.004312951023617458, 'D_low': 98.98117700885537, 'k2': 0.011469197890812934, 'D_high': 1390.2686711035008, 'fire_exp': 1.1258453832483524, 'P_half': 343.5759946100352, 'pre_dampen_half': 502.5175192217655, 'gpp_af': 0.008562341633595545, 'gpp_b': 7.402343469704428e-05, 'gpp_d': 34.97224310873812, 'ign_k': 0.5131654955148326, 'ign_c': 0.11650681118986138, 'trop_agb_crit': 5.707205898008383, 'trop_k_veg': 4.599337386928772, 'fuel_k': 0.4748757752313696, 'fuel_half': 27.4762346187747}.
[I 2026-06-11 01:10:13,841] Trial 978 finished with values: [-0.8181146963629271, 0.18975822243506224] and parameters: {'k1': 0.09738633019266786, 'D_low': 90.71933427331369, 'k2': 0.011469197890812934, 'D_high': 1024.9816559563214, 'fire_exp': 1.1258453832483524, 'P_half': 220.3445560633069, 'pre_dampen_half': 502.5175192217655, 'gpp_af': 0.015769192447197523, 'gpp_b': 0.00012118589392553798, 'gpp_d': 2.8006820077310213, 'ign_k': 0.5080094006294851, 'ign_c': 0.9294394155644988, 'trop_agb_crit': 9.836162684900028, 'trop_k_veg': 4.599337386928772, 'fuel_k': 4.680936683972861, 'fuel_half': 7.860326410149304}.
[I 2026-06-11 01:10:15,310] Trial 979 finished with values: [10.341951497147962, 10.341951497147962] and parameters: {'k1': 0.016594187721123744, 'D_low': 4.484744524732794, 'k2': 0.03865036856259725, 'D_high': 1024.9816559563214, 'fire_exp': 1.1258453832483524, 'P_half': 12.002808592678374, 'pre_dampen_half': 502.5175192217655, 'gpp_af': 13.342802292606795, 'gpp_b': 3.228689523591491e-05, 'gpp_d': 2.8006820077310213, 'ign_k': 8.761971101023693, 'ign_c': 0.11650681118986138, 'trop_agb_crit': 1.310122900330372, 'trop_k_veg': 1.9903508005332133, 'fuel_k': 0.05597555634027867, 'fuel_half': 0.14319038307687884}.
