[I 2026-06-10 21:22:03,701] Trial 280 finished with values: [10.339904832506177, 10.339904832506177] and parameters: {'k1': 0.03865036856259725, 'D_low': 1.3670484737132342, 'k2': 0.002884223471687844, 'D_high': 3512.7047262708465, 'fire_exp': 1.5191397119156032, 'P_half': 24.184227958471602, 'pre_dampen_half': 272.9378165037474, 'gpp_af': 0.03522602097143089, 'gpp_b': 0.00011536203425923768, 'gpp_d': 59.94537656798816, 'ign_k': 0.02741350741975827, 'ign_c': 22.126836566118193, 'trop_agb_crit': 2.679156169946616, 'trop_k_veg': 0.7818074020304813, 'fuel_k': 0.2503625235956924, 'fuel_half': 20.547809652912342}.
[I 2026-06-10 21:22:05,522] Trial 281 finished with values: [-0.09854527881304344, 0.8864083695335401] and parameters: {'k1': 0.0006579066240690734, 'D_low': 323.7668055684038, 'k2': 7.841214856323651e-05, 'D_high': 40237.59749324181, 'fire_exp': 1.0283820194309468, 'P_half': 56.22114524476698, 'pre_dampen_half': 565.0116730717873, 'gpp_af': 28.55719640738185, 'gpp_b': 0.00012118589392553798, 'gpp_d': 922.1975850381748, 'ign_k': 0.001973268844408891, 'ign_c': 30.785541778315018, 'trop_agb_crit': 27.025726513675966, 'trop_k_veg': 2.132271839889451, 'fuel_k': 0.5604857991960507, 'fuel_half': 71.14476009343416}.
[I 2026-06-10 21:22:07,554] Trial 282 finished with values: [10.686430993068129, 10.686430993068129] and parameters: {'k1': 0.02228708726011016, 'D_low': 2394.048324276471, 'k2': 0.002173988526401145, 'D_high': 42210.21267871043, 'fire_exp': 1.2918065501148304, 'P_half': 118.39097834757698, 'pre_dampen_half': 0.011396414164620812, 'gpp_af': 28.269551568161315, 'gpp_b': 0.005419266601560437, 'gpp_d': 12.6084874067596, 'ign_k': 1.1044350847124695, 'ign_c': 1.4940577239079738, 'trop_agb_crit': 13.308365272632319, 'trop_k_veg': 4.129715873342728, 'fuel_k': 4.710433409437072, 'fuel_half': 1.9170041589170652}.
[I 2026-06-10 21:22:09,922] Trial 283 finished with values: [10.768470202364947, 10.768470202364947] and parameters: {'k1': 0.028401063201780267, 'D_low': 171.2446447678494, 'k2': 0.014666151770108535, 'D_high': 78.90004262668583, 'fire_exp': 1.3806513288500464, 'P_half': 157.80309954142965, 'pre_dampen_half': 8.259599205585761, 'gpp_af': 0.03522602097143089, 'gpp_b': 0.05719024141066792, 'gpp_d': 32.54021513867688, 'ign_k': 3.965503094323014, 'ign_c': 22.126836566118193, 'trop_agb_crit': 7.513532694186442, 'trop_k_veg': 0.7194565721530269, 'fuel_k': 2.008410859639995, 'fuel_half': 71.14476009343416}.
[I 2026-06-10 21:22:11,834] Trial 284 finished with values: [10.634344353463884, 10.634344353463884] and parameters: {'k1': 0.001906534551939351, 'D_low': 40.12413353131991, 'k2': 0.08661811390647982, 'D_high': 3512.7047262708465, 'fire_exp': 1.0777702202707449, 'P_half': 93.43302657318476, 'pre_dampen_half': 0.21634225433779958, 'gpp_af': 28.269551568161315, 'gpp_b': 5.0875243087016374e-05, 'gpp_d': 402.0122056582937, 'ign_k': 0.02741350741975827, 'ign_c': 1.4940577239079738, 'trop_agb_crit': 10.584071370490857, 'trop_k_veg': 2.7637004570645405, 'fuel_k': 0.9221804185592763, 'fuel_half': 11.781063202742125}.
[I 2026-06-10 21:22:13,622] Trial 285 finished with values: [10.030947076193232, 10.030947076193232] and parameters: {'k1': 0.012840669372724958, 'D_low': 171.2446447678494, 'k2': 0.002884223471687844, 'D_high': 15351.441568398131, 'fire_exp': 1.3806513288500464, 'P_half': 13.30003421978439, 'pre_dampen_half': 13.472769577631583, 'gpp_af': 5.056419398267455, 'gpp_b': 2.176805640408474e-05, 'gpp_d': 32.54021513867688, 'ign_k': 0.012868405331151606, 'ign_c': 1.4940577239079738, 'trop_agb_crit': 28.4191188830683, 'trop_k_veg': 1.9001185153938336, 'fuel_k': 2.563645943471902, 'fuel_half': 0.17108183937377372}.
[I 2026-06-10 21:22:15,470] Trial 286 finished with values: [10.400583767398038, 10.400583767398038] and parameters: {'k1': 0.012840669372724958, 'D_low': 2.4474057445796826, 'k2': 0.0002172578929502367, 'D_high': 91246.32886689917, 'fire_exp': 1.3806513288500464, 'P_half': 221.2683656611821, 'pre_dampen_half': 13.472769577631583, 'gpp_af': 0.24002253099641147, 'gpp_b': 1.284284091405877e-05, 'gpp_d': 229.41380323183625, 'ign_k': 0.0029519227433917453, 'ign_c': 1.4940577239079738, 'trop_agb_crit': 15.68644624233575, 'trop_k_veg': 7.732256834860708, 'fuel_k': 0.9221804185592763, 'fuel_half': 1.3323297901105768}.
[I 2026-06-10 21:22:17,645] Trial 287 finished with values: [10.594064990149864, 10.594064990149864] and parameters: {'k1': 0.012840669372724958, 'D_low': 323.7668055684038, 'k2': 0.002884223471687844, 'D_high': 40237.59749324181, 'fire_exp': 1.2051641823721246, 'P_half': 93.43302657318476, 'pre_dampen_half': 0.1261583527429052, 'gpp_af': 5.056419398267455, 'gpp_b': 2.176805640408474e-05, 'gpp_d': 32.54021513867688, 'ign_k': 0.012868405331151606, 'ign_c': 0.2946000090510885, 'trop_agb_crit': 10.215415653610627, 'trop_k_veg': 4.7254560805090735, 'fuel_k': 4.710433409437072, 'fuel_half': 1.3323297901105768}.
[I 2026-06-10 21:22:19,442] Trial 288 finished with values: [10.662197069075901, 10.662197069075901] and parameters: {'k1': 0.0006579066240690734, 'D_low': 323.7668055684038, 'k2': 0.002173988526401145, 'D_high': 40237.59749324181, 'fire_exp': 1.1103154430776774, 'P_half': 24.617096698415132, 'pre_dampen_half': 565.0116730717873, 'gpp_af': 0.03522602097143089, 'gpp_b': 0.005419266601560437, 'gpp_d': 12.6084874067596, 'ign_k': 0.009674045662145934, 'ign_c': 188.97713941351608, 'trop_agb_crit': 1.530786397511255, 'trop_k_veg': 3.3455911458075285, 'fuel_k': 0.4182971994460706, 'fuel_half': 1.953969069312433}.
[I 2026-06-10 21:22:21,457] Trial 289 finished with values: [10.630904544142645, 10.630904544142645] and parameters: {'k1': 0.001906534551939351, 'D_low': 16.00237013173313, 'k2': 0.002884223471687844, 'D_high': 91246.32886689917, 'fire_exp': 1.3806513288500464, 'P_half': 157.80309954142965, 'pre_dampen_half': 8.259599205585761, 'gpp_af': 5.056419398267455, 'gpp_b': 0.15208782389892764, 'gpp_d': 12.338826503601998, 'ign_k': 3.965503094323014, 'ign_c': 22.126836566118193, 'trop_agb_crit': 5.526463318565575, 'trop_k_veg': 4.7254560805090735, 'fuel_k': 0.10978148458640455, 'fuel_half': 71.14476009343416}.
[I 2026-06-10 21:22:23,461] Trial 290 finished with values: [10.384776527814205, 10.384776527814205] and parameters: {'k1': 0.002155595057104387, 'D_low': 6.340140860251455, 'k2': 0.00033271381912662167, 'D_high': 61536.58035691648, 'fire_exp': 1.423480109671474, 'P_half': 157.80309954142965, 'pre_dampen_half': 8.259599205585761, 'gpp_af': 0.03522602097143089, 'gpp_b': 0.00012118589392553798, 'gpp_d': 12.338826503601998, 'ign_k': 3.965503094323014, 'ign_c': 18.219343937475102, 'trop_agb_crit': 10.691477813613638, 'trop_k_veg': 6.45312300188076, 'fuel_k': 0.3356098860138198, 'fuel_half': 0.28682508353628944}.
[I 2026-06-10 21:22:25,375] Trial 291 finished with values: [10.721257310943633, 10.721257310943633] and parameters: {'k1': 0.00021066486017042195, 'D_low': 92.55037589041179, 'k2': 0.0006863458703786212, 'D_high': 42210.21267871043, 'fire_exp': 1.2918065501148304, 'P_half': 93.43302657318476, 'pre_dampen_half': 0.1261583527429052, 'gpp_af': 5.056419398267455, 'gpp_b': 2.852199954727099e-05, 'gpp_d': 0.020943279341034755, 'ign_k': 0.012868405331151606, 'ign_c': 0.5655677524618509, 'trop_agb_crit': 10.215415653610627, 'trop_k_veg': 4.7254560805090735, 'fuel_k': 4.710433409437072, 'fuel_half': 1.3323297901105768}.
[I 2026-06-10 21:22:27,592] Trial 292 finished with values: [10.769228267322248, 10.769228267322248] and parameters: {'k1': 0.001906534551939351, 'D_low': 2.4474057445796826, 'k2': 0.002884223471687844, 'D_high': 91246.32886689917, 'fire_exp': 2.450200807937923, 'P_half': 118.39097834757698, 'pre_dampen_half': 13.472769577631583, 'gpp_af': 0.0028604435659156367, 'gpp_b': 0.15208782389892764, 'gpp_d': 32.54021513867688, 'ign_k': 0.02741350741975827, 'ign_c': 1.4940577239079738, 'trop_agb_crit': 15.68644624233575, 'trop_k_veg': 4.7254560805090735, 'fuel_k': 0.3302507755382605, 'fuel_half': 71.14476009343416}.
[I 2026-06-10 21:22:29,433] Trial 293 finished with values: [10.022001389380282, 10.022001389380282] and parameters: {'k1': 1.263794633808287e-05, 'D_low': 212.7578572013544, 'k2': 7.841214856323651e-05, 'D_high': 3512.7047262708465, 'fire_exp': 1.0283820194309468, 'P_half': 221.2683656611821, 'pre_dampen_half': 243.70551632385417, 'gpp_af': 5.056419398267455, 'gpp_b': 1.284284091405877e-05, 'gpp_d': 59.94537656798816, 'ign_k': 5.351470428717437, 'ign_c': 18.219343937475102, 'trop_agb_crit': 27.025726513675966, 'trop_k_veg': 2.132271839889451, 'fuel_k': 0.9221804185592763, 'fuel_half': 0.28682508353628944}.
[I 2026-06-10 21:22:31,282] Trial 294 finished with values: [10.711024607827143, 10.711024607827143] and parameters: {'k1': 0.001906534551939351, 'D_low': 2.4474057445796826, 'k2': 0.014666151770108535, 'D_high': 14403.650379563867, 'fire_exp': 2.0623196560647115, 'P_half': 94.99072859745384, 'pre_dampen_half': 0.012284844784580964, 'gpp_af': 0.3002317246575309, 'gpp_b': 0.0028993292583566945, 'gpp_d': 229.41380323183625, 'ign_k': 5.351470428717437, 'ign_c': 18.219343937475102, 'trop_agb_crit': 15.68644624233575, 'trop_k_veg': 7.732256834860708, 'fuel_k': 2.008410859639995, 'fuel_half': 1.3323297901105768}.
[I 2026-06-10 21:22:33,341] Trial 295 finished with values: [10.033238573401963, 10.033238573401963] and parameters: {'k1': 0.0010495653625093638, 'D_low': 323.7668055684038, 'k2': 0.002173988526401145, 'D_high': 40237.59749324181, 'fire_exp': 1.1103154430776774, 'P_half': 7.46475488144212, 'pre_dampen_half': 565.0116730717873, 'gpp_af': 28.269551568161315, 'gpp_b': 0.005419266601560437, 'gpp_d': 12.6084874067596, 'ign_k': 6.344955605329754, 'ign_c': 1.1911696453733045, 'trop_agb_crit': 5.526463318565575, 'trop_k_veg': 1.331829048405031, 'fuel_k': 0.4182971994460706, 'fuel_half': 0.17108183937377372}.
[I 2026-06-10 21:22:35,483] Trial 296 finished with values: [10.52789862232002, 10.52789862232002] and parameters: {'k1': 0.0010495653625093638, 'D_low': 2022.2268128429641, 'k2': 0.014666151770108535, 'D_high': 38202.59936390114, 'fire_exp': 1.2336901664320323, 'P_half': 7.46475488144212, 'pre_dampen_half': 13.472769577631583, 'gpp_af': 0.5592994749372486, 'gpp_b': 0.004458440839692221, 'gpp_d': 32.54021513867688, 'ign_k': 6.344955605329754, 'ign_c': 1.4940577239079738, 'trop_agb_crit': 12.647327018493208, 'trop_k_veg': 2.724170387400844, 'fuel_k': 0.06525050422102326, 'fuel_half': 0.9682636678036001}.
[I 2026-06-10 21:22:37,292] Trial 297 finished with values: [10.316285367247556, 10.316285367247556] and parameters: {'k1': 0.01549659926581634, 'D_low': 17.436039158218318, 'k2': 0.0002172578929502367, 'D_high': 2289.1315306837046, 'fire_exp': 1.2781983515972553, 'P_half': 93.43302657318476, 'pre_dampen_half': 565.0116730717873, 'gpp_af': 28.269551568161315, 'gpp_b': 0.005419266601560437, 'gpp_d': 12.6084874067596, 'ign_k': 5.351470428717437, 'ign_c': 0.5655677524618509, 'trop_agb_crit': 9.286923253577127, 'trop_k_veg': 6.45312300188076, 'fuel_k': 0.4182971994460706, 'fuel_half': 1.3323297901105768}.
[I 2026-06-10 21:22:39,641] Trial 298 finished with values: [10.713452272931823, 10.713452272931823] and parameters: {'k1': 0.0010495653625093638, 'D_low': 1.4105638677535268, 'k2': 0.0006863458703786212, 'D_high': 38202.59936390114, 'fire_exp': 1.3398633649925373, 'P_half': 7.46475488144212, 'pre_dampen_half': 14.689407256107613, 'gpp_af': 0.011997897226934482, 'gpp_b': 0.004458440839692221, 'gpp_d': 0.04409594046630608, 'ign_k': 0.001609633064821938, 'ign_c': 19.66760839944308, 'trop_agb_crit': 1.6034837661963206, 'trop_k_veg': 2.724170387400844, 'fuel_k': 0.06525050422102326, 'fuel_half': 1.0889347318773483}.
[I 2026-06-10 21:22:41,826] Trial 299 finished with values: [10.73767541025186, 10.73767541025186] and parameters: {'k1': 0.012840669372724958, 'D_low': 171.2446447678494, 'k2': 0.0001906331412032436, 'D_high': 42210.21267871043, 'fire_exp': 2.450200807937923, 'P_half': 355.00125258511594, 'pre_dampen_half': 0.011396414164620812, 'gpp_af': 0.24002253099641147, 'gpp_b': 0.00012118589392553798, 'gpp_d': 32.54021513867688, 'ign_k': 0.0029519227433917453, 'ign_c': 6.62034460831704, 'trop_agb_crit': 8.576304173303555, 'trop_k_veg': 2.724170387400844, 'fuel_k': 4.710433409437072, 'fuel_half': 0.10835815948483889}.
[I 2026-06-10 21:22:44,131] Trial 300 finished with values: [10.35957101655411, 10.35957101655411] and parameters: {'k1': 0.028401063201780267, 'D_low': 37.35862630812753, 'k2': 0.03699867920489089, 'D_high': 2427.054417940131, 'fire_exp': 1.423480109671474, 'P_half': 157.80309954142965, 'pre_dampen_half': 132.86323715350125, 'gpp_af': 1.1409619915696267, 'gpp_b': 0.00012118589392553798, 'gpp_d': 562.7426550259207, 'ign_k': 0.013276678836047658, 'ign_c': 22.126836566118193, 'trop_agb_crit': 10.691477813613638, 'trop_k_veg': 2.724170387400844, 'fuel_k': 0.06525050422102326, 'fuel_half': 70.25166339242152}.
[I 2026-06-10 21:22:46,005] Trial 301 finished with values: [10.685314901101, 10.685314901101] and parameters: {'k1': 0.001906534551939351, 'D_low': 1.9488910051308668, 'k2': 0.002884223471687844, 'D_high': 275.90690254397856, 'fire_exp': 1.3806513288500464, 'P_half': 118.39097834757698, 'pre_dampen_half': 243.70551632385417, 'gpp_af': 1.1409619915696267, 'gpp_b': 0.0001484082099455773, 'gpp_d': 0.9172078901566357, 'ign_k': 0.08312953263874531, 'ign_c': 1.4940577239079738, 'trop_agb_crit': 15.68644624233575, 'trop_k_veg': 4.7254560805090735, 'fuel_k': 2.563645943471902, 'fuel_half': 54.91887821601532}.
[I 2026-06-10 21:22:48,046] Trial 302 finished with values: [10.656039879384783, 10.656039879384783] and parameters: {'k1': 0.030630016066530777, 'D_low': 40.12413353131991, 'k2': 4.207988669606632e-05, 'D_high': 61536.58035691648, 'fire_exp': 1.1430983876313219, 'P_half': 2915.443189153754, 'pre_dampen_half': 3.3841016089580034, 'gpp_af': 1.1409619915696267, 'gpp_b': 1.284284091405877e-05, 'gpp_d': 10.00236596950633, 'ign_k': 5.351470428717437, 'ign_c': 18.219343937475102, 'trop_agb_crit': 10.691477813613638, 'trop_k_veg': 4.7254560805090735, 'fuel_k': 0.07002142869039264, 'fuel_half': 0.28682508353628944}.
[I 2026-06-10 21:22:49,958] Trial 303 finished with values: [10.33338723613313, 10.33338723613313] and parameters: {'k1': 0.012840669372724958, 'D_low': 36.07301614542843, 'k2': 0.002173988526401145, 'D_high': 2427.054417940131, 'fire_exp': 1.5191397119156032, 'P_half': 157.80309954142965, 'pre_dampen_half': 13.472769577631583, 'gpp_af': 0.05511595477601767, 'gpp_b': 0.00012118589392553798, 'gpp_d': 12.338826503601998, 'ign_k': 3.965503094323014, 'ign_c': 0.5655677524618509, 'trop_agb_crit': 5.526463318565575, 'trop_k_veg': 4.129715873342728, 'fuel_k': 4.710433409437072, 'fuel_half': 71.14476009343416}.
[I 2026-06-10 21:22:51,844] Trial 304 finished with values: [10.663332966839832, 10.663332966839832] and parameters: {'k1': 0.028401063201780267, 'D_low': 14.677440038495336, 'k2': 0.00033271381912662167, 'D_high': 91246.32886689917, 'fire_exp': 1.5191397119156032, 'P_half': 118.39097834757698, 'pre_dampen_half': 8.259599205585761, 'gpp_af': 5.056419398267455, 'gpp_b': 0.15208782389892764, 'gpp_d': 12.338826503601998, 'ign_k': 0.02741350741975827, 'ign_c': 22.126836566118193, 'trop_agb_crit': 15.68644624233575, 'trop_k_veg': 2.724170387400844, 'fuel_k': 2.563645943471902, 'fuel_half': 54.91887821601532}.
[I 2026-06-10 21:22:53,958] Trial 305 finished with values: [10.596311511753585, 10.596311511753585] and parameters: {'k1': 0.03865036856259725, 'D_low': 37.35862630812753, 'k2': 0.004679839449773939, 'D_high': 3512.7047262708465, 'fire_exp': 1.423480109671474, 'P_half': 108.21382910613987, 'pre_dampen_half': 3.3841016089580034, 'gpp_af': 1.1409619915696267, 'gpp_b': 0.0001484082099455773, 'gpp_d': 29.84760101168661, 'ign_k': 0.013276678836047658, 'ign_c': 18.219343937475102, 'trop_agb_crit': 10.691477813613638, 'trop_k_veg': 0.7818074020304813, 'fuel_k': 4.099550041703093, 'fuel_half': 38.05109785166522}.
[I 2026-06-10 21:22:55,849] Trial 306 finished with values: [10.769230769178105, 10.769230769178105] and parameters: {'k1': 0.0001971137615017176, 'D_low': 242.70544179401307, 'k2': 0.0002172578929502367, 'D_high': 83201.33621840179, 'fire_exp': 6.0235287686523895, 'P_half': 221.2683656611821, 'pre_dampen_half': 3.3841016089580034, 'gpp_af': 0.2204465010099918, 'gpp_b': 1.284284091405877e-05, 'gpp_d': 229.41380323183625, 'ign_k': 5.351470428717437, 'ign_c': 39.52220881906114, 'trop_agb_crit': 9.286923253577127, 'trop_k_veg': 4.7254560805090735, 'fuel_k': 0.03201034713747641, 'fuel_half': 0.28682508353628944}.
[I 2026-06-10 21:22:57,799] Trial 307 finished with values: [10.64329481692929, 10.64329481692929] and parameters: {'k1': 1.4403740929157842e-05, 'D_low': 1.4105638677535268, 'k2': 0.0004976087827261435, 'D_high': 83201.33621840179, 'fire_exp': 1.2918065501148304, 'P_half': 20.654107883022302, 'pre_dampen_half': 14.689407256107613, 'gpp_af': 0.2204465010099918, 'gpp_b': 2.852199954727099e-05, 'gpp_d': 0.04409594046630608, 'ign_k': 0.003252245757497283, 'ign_c': 39.52220881906114, 'trop_agb_crit': 3.1419938725278875, 'trop_k_veg': 2.9556982260250573, 'fuel_k': 0.03201034713747641, 'fuel_half': 60.70952705230881}.
[I 2026-06-10 21:23:00,305] Trial 308 finished with values: [10.031791602641837, 10.031791602641837] and parameters: {'k1': 0.001906534551939351, 'D_low': 2.4474057445796826, 'k2': 0.002884223471687844, 'D_high': 91246.32886689917, 'fire_exp': 1.3806513288500464, 'P_half': 93.43302657318476, 'pre_dampen_half': 243.70551632385417, 'gpp_af': 5.056419398267455, 'gpp_b': 2.176805640408474e-05, 'gpp_d': 32.54021513867688, 'ign_k': 0.012868405331151606, 'ign_c': 0.5655677524618509, 'trop_agb_crit': 5.12586335774155, 'trop_k_veg': 4.7254560805090735, 'fuel_k': 4.710433409437072, 'fuel_half': 54.91887821601532}.
[I 2026-06-10 21:23:02,343] Trial 309 finished with values: [10.324145108236173, 10.324145108236173] and parameters: {'k1': 0.0006579066240690734, 'D_low': 2.6285770615112845, 'k2': 0.014666151770108535, 'D_high': 40237.59749324181, 'fire_exp': 1.3806513288500464, 'P_half': 1206.784354929152, 'pre_dampen_half': 565.0116730717873, 'gpp_af': 0.4840298156332327, 'gpp_b': 2.176805640408474e-05, 'gpp_d': 12.338826503601998, 'ign_k': 0.42702329684055446, 'ign_c': 0.2939463458625969, 'trop_agb_crit': 7.513532694186442, 'trop_k_veg': 2.724170387400844, 'fuel_k': 0.10978148458640455, 'fuel_half': 71.14476009343416}.
[I 2026-06-10 21:23:04,308] Trial 310 finished with values: [10.462678496446724, 10.462678496446724] and parameters: {'k1': 0.07799059237255677, 'D_low': 37.35862630812753, 'k2': 0.03699867920489089, 'D_high': 61536.58035691648, 'fire_exp': 1.423480109671474, 'P_half': 2.0598022365449626, 'pre_dampen_half': 3.3841016089580034, 'gpp_af': 1.1409619915696267, 'gpp_b': 0.0002833153434644105, 'gpp_d': 229.41380323183625, 'ign_k': 0.013276678836047658, 'ign_c': 18.219343937475102, 'trop_agb_crit': 10.691477813613638, 'trop_k_veg': 6.45312300188076, 'fuel_k': 0.3356098860138198, 'fuel_half': 72.7420826493834}.
[I 2026-06-10 21:23:06,113] Trial 311 finished with values: [10.050342267469976, 10.050342267469976] and parameters: {'k1': 0.012840669372724958, 'D_low': 323.7668055684038, 'k2': 0.002884223471687844, 'D_high': 40237.59749324181, 'fire_exp': 1.2051641823721246, 'P_half': 93.43302657318476, 'pre_dampen_half': 857.6556763881457, 'gpp_af': 5.056419398267455, 'gpp_b': 2.176805640408474e-05, 'gpp_d': 32.54021513867688, 'ign_k': 1.1044350847124695, 'ign_c': 22.126836566118193, 'trop_agb_crit': 10.215415653610627, 'trop_k_veg': 4.7254560805090735, 'fuel_k': 0.28328975157735103, 'fuel_half': 1.3323297901105768}.
[I 2026-06-10 21:23:08,445] Trial 312 finished with values: [10.500071978575747, 10.500071978575747] and parameters: {'k1': 0.012840669372724958, 'D_low': 171.2446447678494, 'k2': 0.0004976087827261435, 'D_high': 42210.21267871043, 'fire_exp': 1.2918065501148304, 'P_half': 118.39097834757698, 'pre_dampen_half': 0.05157956967276609, 'gpp_af': 0.22965432344634354, 'gpp_b': 2.176805640408474e-05, 'gpp_d': 32.54021513867688, 'ign_k': 1.1044350847124695, 'ign_c': 1.4940577239079738, 'trop_agb_crit': 12.647327018493208, 'trop_k_veg': 4.7254560805090735, 'fuel_k': 0.3302507755382605, 'fuel_half': 0.14265186058187057}.
[I 2026-06-10 21:23:10,241] Trial 313 finished with values: [10.60576242513634, 10.60576242513634] and parameters: {'k1': 0.0006579066240690734, 'D_low': 98.98117700885537, 'k2': 0.08661811390647982, 'D_high': 40237.59749324181, 'fire_exp': 1.1103154430776774, 'P_half': 13.30003421978439, 'pre_dampen_half': 0.21634225433779958, 'gpp_af': 28.269551568161315, 'gpp_b': 0.005419266601560437, 'gpp_d': 32.54021513867688, 'ign_k': 0.012868405331151606, 'ign_c': 0.5655677524618509, 'trop_agb_crit': 4.84104109932157, 'trop_k_veg': 2.775260001374338, 'fuel_k': 0.4182971994460706, 'fuel_half': 0.107891563325261}.
[I 2026-06-10 21:23:12,036] Trial 314 finished with values: [10.251758812352026, 10.251758812352026] and parameters: {'k1': 0.07799059237255677, 'D_low': 37.35862630812753, 'k2': 0.03699867920489089, 'D_high': 42210.21267871043, 'fire_exp': 1.3806513288500464, 'P_half': 102.4585893986732, 'pre_dampen_half': 32.53305539860191, 'gpp_af': 1.1409619915696267, 'gpp_b': 0.0001484082099455773, 'gpp_d': 229.41380323183625, 'ign_k': 0.0029519227433917453, 'ign_c': 1.4940577239079738, 'trop_agb_crit': 10.691477813613638, 'trop_k_veg': 4.7254560805090735, 'fuel_k': 0.3587473401729039, 'fuel_half': 1.3323297901105768}.
