[I 2026-07-22 18:42:16,832] Trial 69 finished with values: [10.769230721234862, 10.769230721234862] and parameters: {'k1': 0.0024005553432620355, 'D_low': 2.0349553327469425, 'k2': 0.0009670857606743155, 'D_high': 38111.592260788166, 'fire_exp': 2.1589564941849333, 'P_half': 1212.4080603355412, 'pre_dampen_half': 0.03411860497758073, 'gpp_af': 0.0023751383317256927, 'gpp_b': 0.9407903301838392, 'gpp_d': 3.0023172465753087, 'ign_k': 0.5670346335627292, 'ign_c': 5.48667649881606, 'trop_agb_crit': 2.3118820898020997, 'trop_k_veg': 4.844706510617516, 'fuel_k': 1.663022877763097, 'fuel_half': 12.136386887218588}.
[I 2026-07-22 18:42:17,253] Trial 70 finished with values: [10.76923076903347, 10.76923076903347] and parameters: {'k1': 5.3397427849512415e-05, 'D_low': 118.5778850288792, 'k2': 0.038650368562597265, 'D_high': 35.43989609792362, 'fire_exp': 4.651122077279866, 'P_half': 3.525936800597896, 'pre_dampen_half': 563.8801013171918, 'gpp_af': 0.0016008221370480654, 'gpp_b': 0.00010318352929732131, 'gpp_d': 0.24714492403026278, 'ign_k': 3.1030112026960968, 'ign_c': 84.89840783024053, 'trop_agb_crit': 15.53776736258787, 'trop_k_veg': 1.793919400078986, 'fuel_k': 0.838009618357212, 'fuel_half': 1.2382535539666997}.
[I 2026-07-22 18:42:17,682] Trial 71 finished with values: [10.609953096525672, 10.609953096525672] and parameters: {'k1': 0.00013649087666416944, 'D_low': 150.83210025074274, 'k2': 0.0038341488164556755, 'D_high': 26587.030147082678, 'fire_exp': 1.0889492364376547, 'P_half': 8832.039346746853, 'pre_dampen_half': 518.2609891091992, 'gpp_af': 0.015350904103515228, 'gpp_b': 4.0803257466853524e-05, 'gpp_d': 0.05811599743439243, 'ign_k': 0.02847858516856297, 'ign_c': 0.4392638796750216, 'trop_agb_crit': 26.402883285404346, 'trop_k_veg': 1.0049538030148353, 'fuel_k': 0.030315034760496764, 'fuel_half': 49.011305842597835}.
[I 2026-07-22 18:42:18,112] Trial 72 finished with values: [10.00931079992624, 10.00931079992624] and parameters: {'k1': 0.052334804885400876, 'D_low': 4.043300846639722, 'k2': 2.1698375693549493e-05, 'D_high': 1693415.5410667954, 'fire_exp': 1.182396148413737, 'P_half': 1938.3858782150498, 'pre_dampen_half': 33.97904243111269, 'gpp_af': 0.0025511964576171086, 'gpp_b': 3.228689523591491e-05, 'gpp_d': 302.3127748796295, 'ign_k': 0.018707420137660268, 'ign_c': 3.0378658251922155, 'trop_agb_crit': 15.870971677383487, 'trop_k_veg': 1.6340262437673856, 'fuel_k': 1.8731335591844647, 'fuel_half': 38.21129441691226}.
[I 2026-07-22 18:42:18,533] Trial 73 finished with values: [10.76923076903347, 10.76923076903347] and parameters: {'k1': 0.00013649087666416944, 'D_low': 150.83210025074274, 'k2': 0.0038341488164556755, 'D_high': 37811.09641794862, 'fire_exp': 4.121043764940998, 'P_half': 9124.632886689908, 'pre_dampen_half': 10.687450020671585, 'gpp_af': 0.015350904103515228, 'gpp_b': 1.8375468962060835, 'gpp_d': 0.05811599743439243, 'ign_k': 0.008318314747941249, 'ign_c': 0.4392638796750216, 'trop_agb_crit': 1.886175574962432, 'trop_k_veg': 1.128469461526162, 'fuel_k': 0.030315034760496764, 'fuel_half': 49.011305842597835}.
[I 2026-07-22 18:42:18,946] Trial 74 finished with values: [10.76923076903347, 10.76923076903347] and parameters: {'k1': 0.0010319747789063166, 'D_low': 5.289337931949933, 'k2': 1.4363112408604443e-05, 'D_high': 625838.6687830309, 'fire_exp': 4.2452218366067225, 'P_half': 2.1234210963705626, 'pre_dampen_half': 0.024253030233078024, 'gpp_af': 40.21258599547602, 'gpp_b': 2.325239859823921e-05, 'gpp_d': 0.24231943110844456, 'ign_k': 1.6780508579130997, 'ign_c': 98.40989343758308, 'trop_agb_crit': 1.8730954962803803, 'trop_k_veg': 0.8934118487032162, 'fuel_k': 0.10696151252957647, 'fuel_half': 2.84163933350535}.
[I 2026-07-22 18:42:19,357] Trial 75 finished with values: [10.76923076903347, 10.76923076903347] and parameters: {'k1': 0.00031489116479568613, 'D_low': 15056.799083945913, 'k2': 0.008471801418819975, 'D_high': 1094.5857315547435, 'fire_exp': 9.647219959996264, 'P_half': 126.69536563782302, 'pre_dampen_half': 42.056570728710675, 'gpp_af': 0.02298987619936072, 'gpp_b': 1.2892705405728861e-05, 'gpp_d': 372.8155624293852, 'ign_k': 0.0012087541473056963, 'ign_c': 20.23326185206641, 'trop_agb_crit': 16.967533607196547, 'trop_k_veg': 0.9008485225328876, 'fuel_k': 0.03199906289308566, 'fuel_half': 30.847886273764168}.
[I 2026-07-22 18:42:19,768] Trial 76 finished with values: [10.76923076903347, 10.76923076903347] and parameters: {'k1': 1.7926680648388784e-05, 'D_low': 10748.712866171665, 'k2': 1.1990634114955788e-05, 'D_high': 42.135824057097246, 'fire_exp': 6.308354423205996, 'P_half': 1.8256829646330843, 'pre_dampen_half': 63.26147292744763, 'gpp_af': 0.9510288748158536, 'gpp_b': 3.950466256493085e-05, 'gpp_d': 0.3770957946038097, 'ign_k': 0.024858393940748243, 'ign_c': 264.7194625525936, 'trop_agb_crit': 16.862640522400024, 'trop_k_veg': 1.5039265596561595, 'fuel_k': 0.02214708063365415, 'fuel_half': 15.581254655530845}.
[I 2026-07-22 18:42:20,233] Trial 77 finished with values: [10.76923076903347, 10.76923076903347] and parameters: {'k1': 3.8751982355100445e-05, 'D_low': 362681.79038790334, 'k2': 1.127217425995114e-05, 'D_high': 354.3776548426163, 'fire_exp': 3.4633094058711813, 'P_half': 8320.133621840185, 'pre_dampen_half': 2.9046276683520444, 'gpp_af': 0.8226361776146098, 'gpp_b': 0.06315461993576105, 'gpp_d': 0.15875524914818662, 'ign_k': 0.002011190979341457, 'ign_c': 2.329535895346768, 'trop_agb_crit': 1.5457499114893816, 'trop_k_veg': 0.7618668427217097, 'fuel_k': 0.024304286905830974, 'fuel_half': 0.6370755274604819}.
[I 2026-07-22 18:42:20,679] Trial 78 finished with values: [10.76923076903347, 10.76923076903347] and parameters: {'k1': 0.0001487958850779001, 'D_low': 238789.3267762958, 'k2': 0.000985079068311927, 'D_high': 32.587510576286036, 'fire_exp': 1.6139358000526771, 'P_half': 28.15630081597223, 'pre_dampen_half': 0.08075644182853793, 'gpp_af': 0.8226361776146098, 'gpp_b': 0.003377126304540961, 'gpp_d': 20.781977011630676, 'ign_k': 1.86111944625468, 'ign_c': 698.684759244565, 'trop_agb_crit': 1.6580318731537693, 'trop_k_veg': 1.578436797869987, 'fuel_k': 0.43644410574317105, 'fuel_half': 97.86395331218435}.
[I 2026-07-22 18:42:21,092] Trial 79 finished with values: [10.76923076903347, 10.76923076903347] and parameters: {'k1': 0.0029707920514735983, 'D_low': 282295.1182993734, 'k2': 0.014550993923603364, 'D_high': 2541.6076006960125, 'fire_exp': 1.182396148413737, 'P_half': 6153.658035691652, 'pre_dampen_half': 33.97904243111269, 'gpp_af': 0.0025511964576171086, 'gpp_b': 0.010847560307977218, 'gpp_d': 11.409619915696265, 'ign_k': 0.001181519069025321, 'ign_c': 3.0378658251922155, 'trop_agb_crit': 23.815062574705927, 'trop_k_veg': 6.911478238001162, 'fuel_k': 5.486054129200971, 'fuel_half': 18.202647368248815}.
[I 2026-07-22 18:42:21,496] Trial 80 finished with values: [10.76923075142153, 10.76923075142153] and parameters: {'k1': 0.003419108473554454, 'D_low': 4.043300846639722, 'k2': 2.1698375693549493e-05, 'D_high': 160625.60954780428, 'fire_exp': 9.647219959996264, 'P_half': 1938.3858782150498, 'pre_dampen_half': 0.07217660153019874, 'gpp_af': 0.03924302839842014, 'gpp_b': 1.2892705405728861e-05, 'gpp_d': 372.8155624293852, 'ign_k': 0.0029580419692843236, 'ign_c': 3.0378658251922155, 'trop_agb_crit': 2.539877620672643, 'trop_k_veg': 2.3241642204298145, 'fuel_k': 0.548050918645616, 'fuel_half': 18.202647368248815}.
[I 2026-07-22 18:42:21,909] Trial 81 finished with values: [10.769170563662794, 10.769170563662794] and parameters: {'k1': 0.002968335334246999, 'D_low': 19389.89852278267, 'k2': 0.004373100990516265, 'D_high': 107013.64911724928, 'fire_exp': 9.012915111444606, 'P_half': 894.5150807271528, 'pre_dampen_half': 269.0845367054863, 'gpp_af': 1.1444682032324742, 'gpp_b': 0.0032930655419269924, 'gpp_d': 0.173242701549491, 'ign_k': 3.210808548911192, 'ign_c': 4.1108484350212295, 'trop_agb_crit': 1.5774541406529003, 'trop_k_veg': 0.6898193780989617, 'fuel_k': 0.013421538374693755, 'fuel_half': 0.13249100882689224}.
[I 2026-07-22 18:42:22,320] Trial 82 finished with values: [10.76802384794227, 10.76802384794227] and parameters: {'k1': 5.3397427849512415e-05, 'D_low': 4956.545863307493, 'k2': 0.038650368562597265, 'D_high': 6978.624673182437, 'fire_exp': 4.651122077279866, 'P_half': 4.889669266916749, 'pre_dampen_half': 233.2883871089529, 'gpp_af': 0.0016008221370480654, 'gpp_b': 2.325239859823921e-05, 'gpp_d': 0.24714492403026278, 'ign_k': 0.005105542986365654, 'ign_c': 98.40989343758308, 'trop_agb_crit': 1.5072795582679794, 'trop_k_veg': 1.793919400078986, 'fuel_k': 0.03743055596010634, 'fuel_half': 2.84163933350535}.
[I 2026-07-22 18:42:22,728] Trial 83 finished with values: [10.769191333642272, 10.769191333642272] and parameters: {'k1': 5.325873749322162e-05, 'D_low': 35.26355664053754, 'k2': 0.002155595057104387, 'D_high': 2541.6076006960125, 'fire_exp': 2.897382306276318, 'P_half': 8.547476176667196, 'pre_dampen_half': 0.01324353451676283, 'gpp_af': 0.02298987619936072, 'gpp_b': 0.010847560307977218, 'gpp_d': 372.8155624293852, 'ign_k': 0.001181519069025321, 'ign_c': 307.96093943652426, 'trop_agb_crit': 2.539877620672643, 'trop_k_veg': 2.3241642204298145, 'fuel_k': 0.6452742971240902, 'fuel_half': 58.54612336582593}.
[I 2026-07-22 18:42:23,140] Trial 84 finished with values: [10.76923076903347, 10.76923076903347] and parameters: {'k1': 0.05667112411430846, 'D_low': 1403.0344584930538, 'k2': 1.844951990812239e-05, 'D_high': 279720.24228472734, 'fire_exp': 3.7538171417440687, 'P_half': 2329.781042267055, 'pre_dampen_half': 0.04998755363568286, 'gpp_af': 9.469707381426533, 'gpp_b': 0.7987896438549943, 'gpp_d': 0.19476644406315285, 'ign_k': 0.0048255892187380085, 'ign_c': 181.25870836716206, 'trop_agb_crit': 19.28597237496244, 'trop_k_veg': 2.3408809609838257, 'fuel_k': 0.3872812826465556, 'fuel_half': 42.81555938400684}.
[I 2026-07-22 18:42:23,545] Trial 85 finished with values: [10.86207660275969, 10.86207660275969] and parameters: {'k1': 0.003242143344038315, 'D_low': 6220.638781359816, 'k2': 0.0034207303670092245, 'D_high': 580966.5602369158, 'fire_exp': 1.2310899049053081, 'P_half': 136.0956887810302, 'pre_dampen_half': 294.75617712568373, 'gpp_af': 0.008562341633595545, 'gpp_b': 1.7565109007473816e-05, 'gpp_d': 9.00460602264307, 'ign_k': 0.5131654955148324, 'ign_c': 0.11650681118986138, 'trop_agb_crit': 5.707205898008383, 'trop_k_veg': 0.9369104721775232, 'fuel_k': 1.312881567992459, 'fuel_half': 42.6871254378718}.
[I 2026-07-22 18:42:23,946] Trial 86 finished with values: [10.74918163194954, 10.74918163194954] and parameters: {'k1': 0.028340904295147747, 'D_low': 6220.638781359816, 'k2': 0.0034207303670092245, 'D_high': 16392.60991832772, 'fire_exp': 1.2310899049053081, 'P_half': 19.986340778528874, 'pre_dampen_half': 0.4016986062226068, 'gpp_af': 1.540945776288155, 'gpp_b': 2.1051180519608694, 'gpp_d': 2.2965432344634333, 'ign_k': 0.5131654955148324, 'ign_c': 0.11650681118986138, 'trop_agb_crit': 13.297554090738672, 'trop_k_veg': 0.9369104721775232, 'fuel_k': 0.011457494049098885, 'fuel_half': 3.0296104428212485}.
[I 2026-07-22 18:42:24,361] Trial 87 finished with values: [10.760918565358319, 10.760918565358319] and parameters: {'k1': 0.052334804885400876, 'D_low': 70586.60227368641, 'k2': 0.0007081721844034209, 'D_high': 1693415.5410667954, 'fire_exp': 6.363148766597142, 'P_half': 5.575453980775371, 'pre_dampen_half': 36.876350096202984, 'gpp_af': 29.925002022877816, 'gpp_b': 0.011750724729953272, 'gpp_d': 302.3127748796295, 'ign_k': 0.0026834162496848666, 'ign_c': 6.1609752947414345, 'trop_agb_crit': 2.171140223187998, 'trop_k_veg': 1.6340262437673856, 'fuel_k': 1.8731335591844647, 'fuel_half': 1.3547291924247347}.
[I 2026-07-22 18:42:24,776] Trial 88 finished with values: [10.769229711505377, 10.769229711505377] and parameters: {'k1': 0.0001487958850779001, 'D_low': 238789.3267762958, 'k2': 2.5299503921303695e-05, 'D_high': 32.587510576286036, 'fire_exp': 1.2429193829348841, 'P_half': 539.5442811888478, 'pre_dampen_half': 0.022695682239207024, 'gpp_af': 0.8226361776146098, 'gpp_b': 0.003377126304540961, 'gpp_d': 290.6421218005383, 'ign_k': 3.153600608518474, 'ign_c': 2.329535895346768, 'trop_agb_crit': 1.4946647023314867, 'trop_k_veg': 3.4508425771776365, 'fuel_k': 0.5588539902953052, 'fuel_half': 0.6370755274604819}.
[I 2026-07-22 18:42:25,195] Trial 89 finished with values: [10.769126569585884, 10.769126569585884] and parameters: {'k1': 0.0013054148118849399, 'D_low': 85.60024220272012, 'k2': 0.0034207303670092245, 'D_high': 922.5376791737639, 'fire_exp': 1.3175349115759807, 'P_half': 3648.4560830477985, 'pre_dampen_half': 0.4016986062226068, 'gpp_af': 49.58364991402757, 'gpp_b': 0.5432846462741858, 'gpp_d': 9.00460602264307, 'ign_k': 0.5131654955148324, 'ign_c': 14.074279366401672, 'trop_agb_crit': 7.359282739093333, 'trop_k_veg': 3.9497405715830105, 'fuel_k': 0.15820328899546293, 'fuel_half': 0.3335026483569958}.
[I 2026-07-22 18:42:25,611] Trial 90 finished with values: [10.76923076903347, 10.76923076903347] and parameters: {'k1': 0.00023352156626184448, 'D_low': 716328.9063135319, 'k2': 0.0011619873314872927, 'D_high': 1198708.9568039482, 'fire_exp': 6.2400230621325194, 'P_half': 12.115155843077673, 'pre_dampen_half': 96.93415502195796, 'gpp_af': 0.005618069878716736, 'gpp_b': 0.00023741511860790972, 'gpp_d': 40.856658255081804, 'ign_k': 0.7588328899786276, 'ign_c': 60.79905434073391, 'trop_agb_crit': 4.018584329485901, 'trop_k_veg': 0.8084202024508578, 'fuel_k': 0.0500651901928747, 'fuel_half': 1.0891507139853283}.
[I 2026-07-22 18:42:26,027] Trial 91 finished with values: [10.769229991012597, 10.769229991012597] and parameters: {'k1': 0.052334804885400876, 'D_low': 3.169598846855015, 'k2': 0.0034167643418329683, 'D_high': 1693415.5410667954, 'fire_exp': 6.363148766597142, 'P_half': 4221.021267871046, 'pre_dampen_half': 290.26521418263894, 'gpp_af': 0.49740621749684094, 'gpp_b': 0.6992636148959314, 'gpp_d': 302.3127748796295, 'ign_k': 0.018707420137660268, 'ign_c': 0.2755546207779662, 'trop_agb_crit': 2.171140223187998, 'trop_k_veg': 1.6340262437673856, 'fuel_k': 1.1820218758583807, 'fuel_half': 38.21129441691226}.
[I 2026-07-22 18:42:26,448] Trial 92 finished with values: [10.76923076903347, 10.76923076903347] and parameters: {'k1': 0.000132965214572995, 'D_low': 1803.7506431281838, 'k2': 0.038650368562597265, 'D_high': 6978.624673182437, 'fire_exp': 1.1872731425335898, 'P_half': 4.889669266916749, 'pre_dampen_half': 0.09150505661171647, 'gpp_af': 0.009853225172032555, 'gpp_b': 0.00010318352929732131, 'gpp_d': 0.24714492403026278, 'ign_k': 0.6720930050156115, 'ign_c': 82.41925264876441, 'trop_agb_crit': 1.5072795582679794, 'trop_k_veg': 0.6139438440498544, 'fuel_k': 0.03743055596010634, 'fuel_half': 1.2382535539666997}.
[I 2026-07-22 18:42:26,903] Trial 93 finished with values: [10.769230646114552, 10.769230646114552] and parameters: {'k1': 0.0001487958850779001, 'D_low': 238789.3267762958, 'k2': 1.127217425995114e-05, 'D_high': 24.063018320720932, 'fire_exp': 1.6139358000526771, 'P_half': 19.986340778528874, 'pre_dampen_half': 44.466289554754454, 'gpp_af': 0.8226361776146098, 'gpp_b': 2.1051180519608694, 'gpp_d': 290.6421218005383, 'ign_k': 0.003008686821445843, 'ign_c': 2.329535895346768, 'trop_agb_crit': 2.4165727141234647, 'trop_k_veg': 2.3703642788018935, 'fuel_k': 1.3863198285285168, 'fuel_half': 3.0296104428212485}.
[I 2026-07-22 18:42:27,372] Trial 94 finished with values: [-0.31371266178322377, 0.4293535085483897] and parameters: {'k1': 0.00016480446427978953, 'D_low': 1407.7923139972395, 'k2': 0.01567230746060024, 'D_high': 558.9524205217922, 'fire_exp': 1.1258453832483524, 'P_half': 13.019246714361572, 'pre_dampen_half': 347.79988160923324, 'gpp_af': 0.06789053271698488, 'gpp_b': 0.0054502936945582505, 'gpp_d': 2.8006820077310226, 'ign_k': 0.006290644294586149, 'ign_c': 11.40086370112731, 'trop_agb_crit': 29.789943908227905, 'trop_k_veg': 4.130963924640279, 'fuel_k': 0.48736180483849406, 'fuel_half': 0.32476735706274484}.
[I 2026-07-22 18:42:27,801] Trial 95 finished with values: [10.76923076903347, 10.76923076903347] and parameters: {'k1': 2.5852079056761296e-05, 'D_low': 260206.07998030365, 'k2': 0.0010495653625093638, 'D_high': 909378.7396959377, 'fire_exp': 2.089534764232496, 'P_half': 25.284086172415588, 'pre_dampen_half': 68.5395809221937, 'gpp_af': 0.0011328913410639256, 'gpp_b': 2.705776113447921, 'gpp_d': 0.028604435659156362, 'ign_k': 0.018934530915191535, 'ign_c': 631.3175583634927, 'trop_agb_crit': 25.360745838025757, 'trop_k_veg': 2.4516474838484386, 'fuel_k': 0.5692975843713446, 'fuel_half': 2.2148104601284695}.
  trial   96/2500  pareto_size=2  best_taylor=0.4738  best_ilamb=0.5096  (0.7 min)
[I 2026-07-22 18:42:28,270] Trial 96 finished with values: [10.268997554233108, 10.268997554233108] and parameters: {'k1': 1.8205657658407255e-05, 'D_low': 13.25142220631392, 'k2': 0.0001971137615017176, 'D_high': 708572.1663941594, 'fire_exp': 2.0165721691808587, 'P_half': 2.458603276328005, 'pre_dampen_half': 26.373339933815235, 'gpp_af': 0.15876781526923997, 'gpp_b': 0.0005392415140872105, 'gpp_d': 8.057329182285729, 'ign_k': 0.0013726318898045872, 'ign_c': 8.405439129313676, 'trop_agb_crit': 6.119263728555865, 'trop_k_veg': 0.5772603928610088, 'fuel_k': 0.08612665817296865, 'fuel_half': 0.253071961271088}.
[I 2026-07-22 18:42:28,721] Trial 97 finished with values: [10.76923076903347, 10.76923076903347] and parameters: {'k1': 5.325873749322162e-05, 'D_low': 282295.1182993734, 'k2': 0.0011101191524846067, 'D_high': 2541.6076006960125, 'fire_exp': 6.284853792838699, 'P_half': 6153.658035691652, 'pre_dampen_half': 1.0224794024845183, 'gpp_af': 9.527157550070955, 'gpp_b': 0.010847560307977218, 'gpp_d': 0.4897515106470031, 'ign_k': 0.001181519069025321, 'ign_c': 0.23764449553865352, 'trop_agb_crit': 23.815062574705927, 'trop_k_veg': 0.5523938241293617, 'fuel_k': 0.8617898156534981, 'fuel_half': 58.54612336582593}.
[I 2026-07-22 18:42:29,151] Trial 98 finished with values: [10.769230498759498, 10.769230498759498] and parameters: {'k1': 0.0031375859487281395, 'D_low': 286.06841726052676, 'k2': 0.0016150602315370215, 'D_high': 4137.7016715719255, 'fire_exp': 1.9699978833710656, 'P_half': 6220.327170121322, 'pre_dampen_half': 65.77017096798056, 'gpp_af': 0.005018406982902927, 'gpp_b': 1.6248297243910514, 'gpp_d': 2.7362513651284632, 'ign_k': 3.7862466978704616, 'ign_c': 8.308114652888387, 'trop_agb_crit': 4.247094312974337, 'trop_k_veg': 0.5321398066473183, 'fuel_k': 0.05577330003793969, 'fuel_half': 4.216019821013409}.
[I 2026-07-22 18:42:29,570] Trial 99 finished with values: [10.76923076903347, 10.76923076903347] and parameters: {'k1': 2.0937989739527727e-05, 'D_low': 1403.0344584930538, 'k2': 0.0004381141781653137, 'D_high': 66.8537333582894, 'fire_exp': 2.1931399753552863, 'P_half': 39.03214299767183, 'pre_dampen_half': 420.2116526335304, 'gpp_af': 21.25864743764987, 'gpp_b': 0.0003528984625415794, 'gpp_d': 0.19476644406315285, 'ign_k': 1.8573288333114872, 'ign_c': 47.268615251255675, 'trop_agb_crit': 23.59397023337466, 'trop_k_veg': 2.3408809609838257, 'fuel_k': 0.01814068034742312, 'fuel_half': 49.16400722913764}.
[I 2026-07-22 18:42:30,035] Trial 100 finished with values: [10.76922995084772, 10.76922995084772] and parameters: {'k1': 2.0937989739527727e-05, 'D_low': 35.26355664053754, 'k2': 0.0004381141781653137, 'D_high': 58214.71549214832, 'fire_exp': 9.647219959996264, 'P_half': 39.03214299767183, 'pre_dampen_half': 0.07217660153019874, 'gpp_af': 21.25864743764987, 'gpp_b': 1.2892705405728861e-05, 'gpp_d': 372.8155624293852, 'ign_k': 0.0048255892187380085, 'ign_c': 47.268615251255675, 'trop_agb_crit': 23.59397023337466, 'trop_k_veg': 2.3408809609838257, 'fuel_k': 0.6452742971240902, 'fuel_half': 41.78605220965295}.
[I 2026-07-22 18:42:30,515] Trial 101 finished with values: [10.76923076903347, 10.76923076903347] and parameters: {'k1': 2.5852079056761296e-05, 'D_low': 260206.07998030365, 'k2': 0.08636422432723093, 'D_high': 316055.11434645456, 'fire_exp': 2.089534764232496, 'P_half': 3820.259936390117, 'pre_dampen_half': 0.10609580257119508, 'gpp_af': 0.0011328913410639256, 'gpp_b': 1.6569065206637924e-05, 'gpp_d': 2.2926339830965645, 'ign_k': 0.18170401889219115, 'ign_c': 631.3175583634927, 'trop_agb_crit': 13.98132484257899, 'trop_k_veg': 1.7570501127699656, 'fuel_k': 0.5692975843713446, 'fuel_half': 2.1003334103218068}.
[I 2026-07-22 18:42:31,031] Trial 102 finished with values: [10.76923076903347, 10.76923076903347] and parameters: {'k1': 0.00014001191914113747, 'D_low': 3507.515213502105, 'k2': 1.3243445838637965e-05, 'D_high': 16.752866684650684, 'fire_exp': 6.64661557126371, 'P_half': 27.59069025439785, 'pre_dampen_half': 0.043181981126981975, 'gpp_af': 6.940121430516972, 'gpp_b': 0.4168322557207809, 'gpp_d': 0.11997897226934479, 'ign_k': 0.31014294272127435, 'ign_c': 0.21947742689197342, 'trop_agb_crit': 1.1921754348704765, 'trop_k_veg': 2.1816482703680733, 'fuel_k': 0.31766263870651756, 'fuel_half': 8.17127270071559}.
[I 2026-07-22 18:42:31,480] Trial 103 finished with values: [10.769229265133479, 10.769229265133479] and parameters: {'k1': 0.0004688858519834985, 'D_low': 367.4904945305323, 'k2': 1.263794633808287e-05, 'D_high': 44.39648242927527, 'fire_exp': 2.0165721691808587, 'P_half': 48.464976792190825, 'pre_dampen_half': 26.373339933815235, 'gpp_af': 0.349022524783825, 'gpp_b': 2.7886810374231183, 'gpp_d': 2.9914693021302137, 'ign_k': 0.04380580767905655, 'ign_c': 105.24574681335622, 'trop_agb_crit': 2.1775224101934065, 'trop_k_veg': 3.1385303007850824, 'fuel_k': 0.06382243375381637, 'fuel_half': 3.632486956676605}.
