[I 2026-06-10 22:03:03,719] Trial 1499 finished with values: [-0.7250906051792082, 0.06038442254230758] and parameters: {'k1': 0.012840669372724958, 'D_low': 5.351452349843333, 'k2': 0.004695480001817501, 'D_high': 2289.1315306837046, 'fire_exp': 1.2781983515972553, 'P_half': 221.2683656611821, 'pre_dampen_half': 857.6556763881457, 'gpp_af': 0.009783362909802898, 'gpp_b': 0.005419266601560437, 'gpp_d': 229.41380323183625, 'ign_k': 5.351470428717437, 'ign_c': 22.126836566118193, 'trop_agb_crit': 8.703844173724528, 'trop_k_veg': 3.376529607942905, 'fuel_k': 4.710433409437072, 'fuel_half': 6.356565118684252}.
[setup] CRUJRA climate from data/crujra/, GPP from global_baseline_modelC_inputs_1997-2016.nc ...
[setup] loading GFED5 reference from burntArea.nc ...
[setup] land cells (GFED5 burnable): 13916 / 64800 (21.5%)
[setup] GFED5 land-mean monthly frac: 0.005068
[opt] REGION=Africa: fitting 1816 land cells only
[opt] warm-start from params.spatial.k1.json
[warm] Overall=0.4604  bias=0.6011 rmse=0.3834 seas=0.8219 spatial=0.1122
[opt] sampler=NSGAIISampler seed=42
[opt] running 1500 trials against GFED5 ...
  trial   10/1500  pareto_size=1  best_taylor=0.0933  best_ilamb=0.4605  (0.3 min)
  trial   20/1500  pareto_size=1  best_taylor=0.2286  best_ilamb=0.5183  (0.7 min)
  trial   30/1500  pareto_size=1  best_taylor=0.2286  best_ilamb=0.5183  (1.1 min)
  trial   40/1500  pareto_size=1  best_taylor=0.2861  best_ilamb=0.4828  (1.4 min)
  trial   50/1500  pareto_size=1  best_taylor=0.2861  best_ilamb=0.4828  (1.8 min)
  trial   61/1500  pareto_size=1  best_taylor=0.2861  best_ilamb=0.4828  (2.1 min)
  trial   71/1500  pareto_size=1  best_taylor=0.2861  best_ilamb=0.4828  (2.4 min)
  trial   86/1500  pareto_size=1  best_taylor=0.2861  best_ilamb=0.4828  (2.8 min)
  trial  100/1500  pareto_size=1  best_taylor=0.2861  best_ilamb=0.4828  (3.1 min)
  trial  114/1500  pareto_size=1  best_taylor=0.2861  best_ilamb=0.4828  (3.5 min)
  trial  127/1500  pareto_size=1  best_taylor=0.2861  best_ilamb=0.4828  (3.8 min)
  trial  141/1500  pareto_size=1  best_taylor=0.2861  best_ilamb=0.4828  (4.2 min)
  trial  155/1500  pareto_size=1  best_taylor=0.2861  best_ilamb=0.4828  (4.5 min)
  trial  169/1500  pareto_size=1  best_taylor=0.6379  best_ilamb=0.5334  (4.9 min)
  trial  182/1500  pareto_size=1  best_taylor=0.6379  best_ilamb=0.5334  (5.2 min)
  trial  195/1500  pareto_size=1  best_taylor=0.6379  best_ilamb=0.5334  (5.5 min)
  trial  208/1500  pareto_size=1  best_taylor=0.3615  best_ilamb=0.5787  (5.9 min)
  trial  221/1500  pareto_size=1  best_taylor=0.3615  best_ilamb=0.5787  (6.2 min)
  trial  233/1500  pareto_size=1  best_taylor=0.3615  best_ilamb=0.5787  (6.6 min)
  trial  245/1500  pareto_size=1  best_taylor=0.3615  best_ilamb=0.5787  (6.9 min)
  trial  257/1500  pareto_size=1  best_taylor=0.4071  best_ilamb=0.5752  (7.3 min)
  trial  268/1500  pareto_size=1  best_taylor=0.4071  best_ilamb=0.5752  (7.7 min)
  trial  279/1500  pareto_size=1  best_taylor=0.4071  best_ilamb=0.5752  (8.0 min)
  trial  290/1500  pareto_size=1  best_taylor=0.4071  best_ilamb=0.5752  (8.4 min)
  trial  300/1500  pareto_size=1  best_taylor=0.4071  best_ilamb=0.5752  (8.7 min)
  trial  310/1500  pareto_size=1  best_taylor=0.4071  best_ilamb=0.5752  (9.1 min)
  trial  321/1500  pareto_size=1  best_taylor=0.4071  best_ilamb=0.5752  (9.4 min)
  trial  332/1500  pareto_size=2  best_taylor=0.4481  best_ilamb=0.5752  (9.8 min)
  trial  342/1500  pareto_size=3  best_taylor=0.4481  best_ilamb=0.5752  (10.2 min)
  trial  353/1500  pareto_size=2  best_taylor=0.5135  best_ilamb=0.6072  (10.5 min)
  trial  363/1500  pareto_size=2  best_taylor=0.5135  best_ilamb=0.6072  (10.9 min)
  trial  374/1500  pareto_size=2  best_taylor=0.5135  best_ilamb=0.6072  (11.2 min)
  trial  385/1500  pareto_size=2  best_taylor=0.5135  best_ilamb=0.6072  (11.6 min)
  trial  396/1500  pareto_size=2  best_taylor=0.5135  best_ilamb=0.6072  (11.9 min)
  trial  407/1500  pareto_size=2  best_taylor=0.5135  best_ilamb=0.6072  (12.3 min)
  trial  418/1500  pareto_size=2  best_taylor=0.7213  best_ilamb=0.5777  (12.6 min)
  trial  430/1500  pareto_size=2  best_taylor=0.7587  best_ilamb=0.5858  (13.0 min)
  trial  442/1500  pareto_size=2  best_taylor=0.7587  best_ilamb=0.5858  (13.4 min)
  trial  454/1500  pareto_size=3  best_taylor=0.7587  best_ilamb=0.5858  (13.7 min)
  trial  466/1500  pareto_size=3  best_taylor=0.7587  best_ilamb=0.5858  (14.1 min)
  trial  478/1500  pareto_size=3  best_taylor=0.7587  best_ilamb=0.5858  (14.5 min)
  trial  490/1500  pareto_size=3  best_taylor=0.7587  best_ilamb=0.5858  (14.8 min)
  trial  502/1500  pareto_size=3  best_taylor=0.7587  best_ilamb=0.5858  (15.2 min)
  trial  513/1500  pareto_size=3  best_taylor=0.7587  best_ilamb=0.5858  (15.5 min)
  trial  524/1500  pareto_size=2  best_taylor=0.7587  best_ilamb=0.5858  (15.9 min)
  trial  534/1500  pareto_size=2  best_taylor=0.7587  best_ilamb=0.5858  (16.2 min)
  trial  544/1500  pareto_size=2  best_taylor=0.7587  best_ilamb=0.5858  (16.6 min)
  trial  554/1500  pareto_size=2  best_taylor=0.7587  best_ilamb=0.5858  (17.0 min)
  trial  566/1500  pareto_size=3  best_taylor=0.7587  best_ilamb=0.5858  (17.3 min)
  trial  578/1500  pareto_size=3  best_taylor=0.7587  best_ilamb=0.5858  (17.7 min)
  trial  591/1500  pareto_size=3  best_taylor=0.7587  best_ilamb=0.5858  (18.0 min)
  trial  601/1500  pareto_size=3  best_taylor=0.7587  best_ilamb=0.5858  (18.4 min)
  trial  610/1500  pareto_size=3  best_taylor=0.7587  best_ilamb=0.5858  (18.8 min)
  trial  617/1500  pareto_size=3  best_taylor=0.7587  best_ilamb=0.5858  (19.1 min)
  trial  625/1500  pareto_size=3  best_taylor=0.7587  best_ilamb=0.5858  (19.5 min)
  trial  632/1500  pareto_size=3  best_taylor=0.7587  best_ilamb=0.5858  (19.8 min)
  trial  641/1500  pareto_size=3  best_taylor=0.7587  best_ilamb=0.5858  (20.2 min)
  trial  651/1500  pareto_size=3  best_taylor=0.7587  best_ilamb=0.5858  (20.6 min)
  trial  661/1500  pareto_size=3  best_taylor=0.7587  best_ilamb=0.5858  (20.9 min)
  trial  671/1500  pareto_size=3  best_taylor=0.7587  best_ilamb=0.5858  (21.3 min)
  trial  681/1500  pareto_size=4  best_taylor=0.7720  best_ilamb=0.5858  (21.6 min)
  trial  690/1500  pareto_size=4  best_taylor=0.7720  best_ilamb=0.5858  (22.0 min)
  trial  701/1500  pareto_size=4  best_taylor=0.7720  best_ilamb=0.5858  (22.4 min)
  trial  711/1500  pareto_size=4  best_taylor=0.7720  best_ilamb=0.5858  (22.7 min)
  trial  722/1500  pareto_size=4  best_taylor=0.7720  best_ilamb=0.5858  (23.1 min)
  trial  733/1500  pareto_size=4  best_taylor=0.7720  best_ilamb=0.5858  (23.4 min)
  trial  743/1500  pareto_size=4  best_taylor=0.7720  best_ilamb=0.5858  (23.8 min)
  trial  753/1500  pareto_size=4  best_taylor=0.7720  best_ilamb=0.5858  (24.2 min)
  trial  762/1500  pareto_size=4  best_taylor=0.7720  best_ilamb=0.5858  (24.5 min)
  trial  773/1500  pareto_size=5  best_taylor=0.7720  best_ilamb=0.5963  (24.9 min)
  trial  783/1500  pareto_size=5  best_taylor=0.7720  best_ilamb=0.5963  (25.3 min)
  trial  793/1500  pareto_size=6  best_taylor=0.7720  best_ilamb=0.5963  (25.7 min)
  trial  802/1500  pareto_size=7  best_taylor=0.7720  best_ilamb=0.5963  (26.0 min)
  trial  812/1500  pareto_size=7  best_taylor=0.7720  best_ilamb=0.5963  (26.4 min)
  trial  822/1500  pareto_size=7  best_taylor=0.7720  best_ilamb=0.5963  (26.8 min)
  trial  833/1500  pareto_size=7  best_taylor=0.7720  best_ilamb=0.5963  (27.1 min)
  trial  844/1500  pareto_size=7  best_taylor=0.7720  best_ilamb=0.5963  (27.5 min)
  trial  855/1500  pareto_size=7  best_taylor=0.7720  best_ilamb=0.5963  (27.8 min)
  trial  865/1500  pareto_size=7  best_taylor=0.7720  best_ilamb=0.5963  (28.2 min)
  trial  877/1500  pareto_size=3  best_taylor=0.8018  best_ilamb=0.5939  (28.6 min)
  trial  890/1500  pareto_size=4  best_taylor=0.8018  best_ilamb=0.6038  (28.9 min)
  trial  903/1500  pareto_size=3  best_taylor=0.8018  best_ilamb=0.5939  (29.3 min)
  trial  915/1500  pareto_size=3  best_taylor=0.8107  best_ilamb=0.5939  (29.6 min)
  trial  928/1500  pareto_size=3  best_taylor=0.8107  best_ilamb=0.5939  (30.0 min)
  trial  940/1500  pareto_size=2  best_taylor=0.8107  best_ilamb=0.5795  (30.4 min)
  trial  949/1500  pareto_size=2  best_taylor=0.8107  best_ilamb=0.5795  (30.7 min)
  trial  957/1500  pareto_size=2  best_taylor=0.8107  best_ilamb=0.5795  (31.1 min)
  trial  968/1500  pareto_size=2  best_taylor=0.8107  best_ilamb=0.5795  (31.5 min)
  trial  979/1500  pareto_size=2  best_taylor=0.8107  best_ilamb=0.5795  (31.8 min)
  trial  990/1500  pareto_size=4  best_taylor=0.8244  best_ilamb=0.5795  (32.2 min)
  trial 1000/1500  pareto_size=4  best_taylor=0.8244  best_ilamb=0.5795  (32.6 min)
  trial 1010/1500  pareto_size=5  best_taylor=0.8244  best_ilamb=0.5819  (32.9 min)
  trial 1020/1500  pareto_size=5  best_taylor=0.8244  best_ilamb=0.5819  (33.3 min)
  trial 1030/1500  pareto_size=5  best_taylor=0.8244  best_ilamb=0.5819  (33.7 min)
  trial 1040/1500  pareto_size=5  best_taylor=0.8244  best_ilamb=0.5819  (34.1 min)
  trial 1050/1500  pareto_size=4  best_taylor=0.8244  best_ilamb=0.5802  (34.4 min)
  trial 1059/1500  pareto_size=6  best_taylor=0.8244  best_ilamb=0.6081  (34.8 min)
  trial 1071/1500  pareto_size=7  best_taylor=0.8244  best_ilamb=0.6081  (35.1 min)
  trial 1080/1500  pareto_size=7  best_taylor=0.8244  best_ilamb=0.6081  (35.5 min)
  trial 1090/1500  pareto_size=7  best_taylor=0.8244  best_ilamb=0.6081  (35.9 min)
  trial 1100/1500  pareto_size=7  best_taylor=0.8244  best_ilamb=0.6081  (36.2 min)
  trial 1111/1500  pareto_size=7  best_taylor=0.8244  best_ilamb=0.6081  (36.6 min)
  trial 1121/1500  pareto_size=7  best_taylor=0.8244  best_ilamb=0.6081  (36.9 min)
  trial 1131/1500  pareto_size=7  best_taylor=0.8244  best_ilamb=0.6081  (37.3 min)
  trial 1141/1500  pareto_size=7  best_taylor=0.8244  best_ilamb=0.6081  (37.7 min)
  trial 1152/1500  pareto_size=8  best_taylor=0.8244  best_ilamb=0.6081  (38.0 min)
  trial 1164/1500  pareto_size=9  best_taylor=0.8244  best_ilamb=0.6081  (38.4 min)
  trial 1175/1500  pareto_size=9  best_taylor=0.8244  best_ilamb=0.6081  (38.7 min)
  trial 1185/1500  pareto_size=9  best_taylor=0.8244  best_ilamb=0.6081  (39.1 min)
  trial 1197/1500  pareto_size=10  best_taylor=0.8244  best_ilamb=0.6081  (39.4 min)
  trial 1208/1500  pareto_size=11  best_taylor=0.8244  best_ilamb=0.6081  (39.8 min)
  trial 1220/1500  pareto_size=13  best_taylor=0.8244  best_ilamb=0.6081  (40.2 min)
  trial 1232/1500  pareto_size=13  best_taylor=0.8265  best_ilamb=0.6081  (40.5 min)
  trial 1244/1500  pareto_size=13  best_taylor=0.8290  best_ilamb=0.5802  (40.9 min)
  trial 1255/1500  pareto_size=13  best_taylor=0.8290  best_ilamb=0.5802  (41.3 min)
  trial 1266/1500  pareto_size=8  best_taylor=0.8290  best_ilamb=0.5756  (41.6 min)
  trial 1277/1500  pareto_size=8  best_taylor=0.8290  best_ilamb=0.5756  (42.0 min)
  trial 1288/1500  pareto_size=8  best_taylor=0.8290  best_ilamb=0.5756  (42.3 min)
  trial 1299/1500  pareto_size=10  best_taylor=0.8290  best_ilamb=0.5756  (42.7 min)
  trial 1311/1500  pareto_size=10  best_taylor=0.8290  best_ilamb=0.5756  (43.1 min)
  trial 1322/1500  pareto_size=11  best_taylor=0.8290  best_ilamb=0.5819  (43.4 min)
  trial 1333/1500  pareto_size=11  best_taylor=0.8290  best_ilamb=0.5819  (43.8 min)
  trial 1345/1500  pareto_size=11  best_taylor=0.8290  best_ilamb=0.5819  (44.1 min)
  trial 1356/1500  pareto_size=11  best_taylor=0.8290  best_ilamb=0.5819  (44.5 min)
  trial 1368/1500  pareto_size=11  best_taylor=0.8290  best_ilamb=0.5756  (44.8 min)
  trial 1380/1500  pareto_size=12  best_taylor=0.8290  best_ilamb=0.5756  (45.2 min)
  trial 1392/1500  pareto_size=13  best_taylor=0.8290  best_ilamb=0.5756  (45.6 min)
  trial 1402/1500  pareto_size=13  best_taylor=0.8290  best_ilamb=0.5756  (45.9 min)
  trial 1411/1500  pareto_size=14  best_taylor=0.8290  best_ilamb=0.5788  (46.3 min)
  trial 1422/1500  pareto_size=14  best_taylor=0.8290  best_ilamb=0.5788  (46.7 min)
  trial 1434/1500  pareto_size=15  best_taylor=0.8290  best_ilamb=0.5788  (47.0 min)
  trial 1446/1500  pareto_size=15  best_taylor=0.8290  best_ilamb=0.5788  (47.4 min)
  trial 1458/1500  pareto_size=15  best_taylor=0.8291  best_ilamb=0.5788  (47.8 min)
  trial 1469/1500  pareto_size=16  best_taylor=0.8291  best_ilamb=0.5788  (48.1 min)
  trial 1481/1500  pareto_size=18  best_taylor=0.8319  best_ilamb=0.5876  (48.5 min)
  trial 1492/1500  pareto_size=19  best_taylor=0.8319  best_ilamb=0.5876  (48.8 min)

[done] 1500 trials in 49.1 min
[pareto] 20 non-dominated trials, 15 with fp_score >= 0.85
[chosen] trial 1264: ILAMB=0.5750  fp_score=0.8504  ratio=1.04
[best] Bias=0.6751  RMSE=0.3562  Seas=0.7680  Spatial=0.7194  Overall=0.5750
[diag] raw rate land-mean (yr^-1): 0.1071  (target ~ 0.06082)
[write] D:\FIRE_OFFLINE\models\C\params.africafuel.json
[write] D:\FIRE_OFFLINE\ilamb\MODELS\ED-ModelC-final\burntArea.africafuel.nc  (9.3 MB)

[FIX2] dumping top-6 Pareto candidates -> D:\FIRE_OFFLINE\ilamb\MODELS_TOPK_africafuel
  k1: trial 1264  internal_overall=0.5750  taylor=0.8259  sigma=0.918  fp=0.850  ratio=1.04  amp=1.00
  k2: trial 1461  internal_overall=0.5750  taylor=0.8259  sigma=0.918  fp=0.850  ratio=1.04  amp=1.00
  k3: trial 1428  internal_overall=0.5615  taylor=0.8251  sigma=1.032  fp=0.857  ratio=1.12  amp=1.00
  k4: trial 1492  internal_overall=0.5681  taylor=0.8224  sigma=1.013  fp=0.884  ratio=1.03  amp=1.00
  k5: trial 1320  internal_overall=0.5703  taylor=0.8206  sigma=0.929  fp=0.888  ratio=0.98  amp=1.00
  k6: trial 1258  internal_overall=0.5670  taylor=0.8182  sigma=0.956  fp=0.891  ratio=0.99  amp=1.00
[FIX2] manifest -> D:\FIRE_OFFLINE\models\C\topk.africafuel.json
[FIX2] re-score all candidates with official ILAMB (CLAUDE.md recipe; clean ._* first), e.g. --model_root "$PWD/ilamb/MODELS_TOPK_africafuel"
[FIX2] promote the candidate with the best OFFICIAL Overall, NOT the internal one.
AFRICA_FUEL_EXIT=0
