[I 2026-08-19 18:07:59,850] Trial 2290 finished with value: 0.5838947845399037 and parameters: {'k1': 2.996829868385659e-05, 'D_low': 1.081969071106075, 'k2': 0.0004774030884014146, 'D_high': 265397.9949579455, 'fire_exp': 1.7874330452618976, 'P_half': 141.60137832792074, 'pre_dampen_half': 5.9682587525090165, 'gpp_af': 0.0012499282336165178, 'gpp_b': 0.0025272716618583916, 'gpp_d': 1.4385547552886728, 'ign_k': 1.064529617443769, 'ign_c': 6.408275073822946, 'trop_agb_crit': 26.663419095143663, 'trop_k_veg': 0.5493152480529344, 'pop_amp': 0.8541419491385147, 'pop_peak': 469.06718953190784, 'pop_sig': 0.8160564477936588, 'fuel_k': 0.02012448042164313, 'fuel_half': 2.0238528888770135}. Best is trial 1622 with value: -0.6125870653324885.
[I 2026-08-19 18:08:01,688] Trial 2291 finished with value: 0.6445374145881376 and parameters: {'k1': 0.009357658869707814, 'D_low': 2384.8001197326116, 'k2': 0.00020615062561802784, 'D_high': 509906.0964758668, 'fire_exp': 1.4284344200133763, 'P_half': 585.189107881579, 'pre_dampen_half': 6.268170445331766, 'gpp_af': 0.05307508621397226, 'gpp_b': 2.035990210417709e-05, 'gpp_d': 200.0297345896173, 'ign_k': 6.623477011314928, 'ign_c': 71.01842208801412, 'trop_agb_crit': 20.98915310617343, 'trop_k_veg': 3.063664794842091, 'pop_amp': 0.006008006559709412, 'pop_peak': 37.08232318958816, 'pop_sig': 0.8853339703741325, 'fuel_k': 0.06524997505774989, 'fuel_half': 1.0609720123691506}. Best is trial 1622 with value: -0.6125870653324885.
[I 2026-08-19 18:08:03,535] Trial 2292 finished with value: -0.5793504993519851 and parameters: {'k1': 0.0005463208035105249, 'D_low': 7602.895242171025, 'k2': 0.006970721454546431, 'D_high': 8569227.577680785, 'fire_exp': 1.2457741757970553, 'P_half': 200.7463384612071, 'pre_dampen_half': 16.73075440399013, 'gpp_af': 0.0016239306331879018, 'gpp_b': 0.0002807243618178594, 'gpp_d': 301.0464177334951, 'ign_k': 3.677928941624949, 'ign_c': 0.19799638344253978, 'trop_agb_crit': 3.861554051688341, 'trop_k_veg': 5.737529861116258, 'pop_amp': 0.003433946067472025, 'pop_peak': 0.32154793256149783, 'pop_sig': 0.2828684315249189, 'fuel_k': 1.201376970574659, 'fuel_half': 1.1324203357381357}. Best is trial 1622 with value: -0.6125870653324885.
[I 2026-08-19 18:08:05,361] Trial 2293 finished with value: -0.4952508219113815 and parameters: {'k1': 0.0006625789510050375, 'D_low': 4.346576490634582, 'k2': 0.00013637350796493112, 'D_high': 1610340.131296849, 'fire_exp': 2.8966979246132185, 'P_half': 2.592871228396114, 'pre_dampen_half': 5.346158167122375, 'gpp_af': 8.770248335172239, 'gpp_b': 0.004227900296313884, 'gpp_d': 1.031397906524442, 'ign_k': 0.09256917482230383, 'ign_c': 0.11973934748037868, 'trop_agb_crit': 7.95271718438797, 'trop_k_veg': 0.5353826703184513, 'pop_amp': 1.9176234587196077, 'pop_peak': 16.01864958804385, 'pop_sig': 0.8520149686767872, 'fuel_k': 0.459961046529298, 'fuel_half': 0.4403662912104699}. Best is trial 1622 with value: -0.6125870653324885.
[I 2026-08-19 18:08:07,182] Trial 2294 finished with value: 0.5900056468796593 and parameters: {'k1': 0.0027770441692747524, 'D_low': 39969.842324133664, 'k2': 0.0004424636827016838, 'D_high': 898844.7800651548, 'fire_exp': 2.5214966845239455, 'P_half': 71.44738781923473, 'pre_dampen_half': 0.6321371447553285, 'gpp_af': 0.0014150078922888364, 'gpp_b': 1.2443794084134701e-05, 'gpp_d': 126.85764748078638, 'ign_k': 0.13495398521269727, 'ign_c': 0.8394982304455619, 'trop_agb_crit': 22.7477573745596, 'trop_k_veg': 0.6403727019227159, 'pop_amp': 0.0032873597029117628, 'pop_peak': 8.560644527982769, 'pop_sig': 0.978159977555318, 'fuel_k': 0.03099071028862529, 'fuel_half': 7.937186421586141}. Best is trial 1622 with value: -0.6125870653324885.
[I 2026-08-19 18:08:08,953] Trial 2295 finished with value: 0.5970519229671871 and parameters: {'k1': 0.0013752682963651518, 'D_low': 5.557711990858959, 'k2': 3.3901622051515115e-05, 'D_high': 4200975.666344142, 'fire_exp': 1.6993938715611137, 'P_half': 23.681070187027384, 'pre_dampen_half': 3.5369645782496844, 'gpp_af': 0.22221636504517595, 'gpp_b': 4.943934002852705e-05, 'gpp_d': 8.981827178798149, 'ign_k': 0.29923609606713253, 'ign_c': 78.83724352901503, 'trop_agb_crit': 19.763137687102923, 'trop_k_veg': 2.35276421303513, 'pop_amp': 0.0013646650512843328, 'pop_peak': 4.252341496816288, 'pop_sig': 0.6330039533595336, 'fuel_k': 0.06015366831282959, 'fuel_half': 60.77854355573691}. Best is trial 1622 with value: -0.6125870653324885.
[I 2026-08-19 18:08:10,793] Trial 2296 finished with value: 0.6445374145881376 and parameters: {'k1': 2.8284008139160524e-05, 'D_low': 469113.5292090758, 'k2': 0.0003530104800630217, 'D_high': 38.422249041853256, 'fire_exp': 2.916392756240107, 'P_half': 56.76642047669666, 'pre_dampen_half': 0.327302621713579, 'gpp_af': 0.3526087304760151, 'gpp_b': 0.0015559536418665947, 'gpp_d': 708.7955989956062, 'ign_k': 6.807406244347568, 'ign_c': 758.7619329307596, 'trop_agb_crit': 7.450926543030682, 'trop_k_veg': 1.2288270292132684, 'pop_amp': 0.0012456381593222226, 'pop_peak': 345.2395596439615, 'pop_sig': 2.0151877107160185, 'fuel_k': 0.02964904953339283, 'fuel_half': 1.3196973974359396}. Best is trial 1622 with value: -0.6125870653324885.
[I 2026-08-19 18:08:12,560] Trial 2297 finished with value: 0.5917762497667132 and parameters: {'k1': 0.0005013028557674939, 'D_low': 16.46196166882652, 'k2': 1.63232029501919e-05, 'D_high': 3124014.570188424, 'fire_exp': 2.0865063435643547, 'P_half': 379.98892208594623, 'pre_dampen_half': 1.5867303501210888, 'gpp_af': 0.001490736238894318, 'gpp_b': 0.29707251412821745, 'gpp_d': 0.21069680616202882, 'ign_k': 0.09091386029283789, 'ign_c': 32.52087673818527, 'trop_agb_crit': 15.366485167592566, 'trop_k_veg': 1.4803409313309972, 'pop_amp': 0.06223047686159173, 'pop_peak': 886.558468823696, 'pop_sig': 2.2600218435018866, 'fuel_k': 0.013582936023493536, 'fuel_half': 49.16940716551714}. Best is trial 1622 with value: -0.6125870653324885.
  trial 2298/2500  best_overall=0.6126  (69.8 min)
[I 2026-08-19 18:08:14,862] Trial 2298 finished with value: 0.5616876412490893 and parameters: {'k1': 5.792030866155995e-05, 'D_low': 30944.19789518814, 'k2': 0.0012910455248090946, 'D_high': 2454501.3215613286, 'fire_exp': 1.4036479591940572, 'P_half': 489.3551230996419, 'pre_dampen_half': 0.18041380498277249, 'gpp_af': 0.16376302444149982, 'gpp_b': 0.009684622442794366, 'gpp_d': 700.4984914866586, 'ign_k': 0.3606464629831613, 'ign_c': 0.12038070169067637, 'trop_agb_crit': 18.755485052477773, 'trop_k_veg': 6.276428141002239, 'pop_amp': 0.006292093209055495, 'pop_peak': 0.8157598184973668, 'pop_sig': 0.27434878223456854, 'fuel_k': 0.9030499835446345, 'fuel_half': 0.3412150131109862}. Best is trial 1622 with value: -0.6125870653324885.
[I 2026-08-19 18:08:16,710] Trial 2299 finished with value: 0.5409453866733281 and parameters: {'k1': 0.012554285313811636, 'D_low': 3.2339542825526957, 'k2': 0.0015754765723400522, 'D_high': 187029.624609431, 'fire_exp': 3.6425230268711597, 'P_half': 11.792173353060045, 'pre_dampen_half': 0.6455607403240554, 'gpp_af': 1.951328767811678, 'gpp_b': 0.0010689840927679412, 'gpp_d': 13.754760500350166, 'ign_k': 1.2699104610367917, 'ign_c': 23.139480516055677, 'trop_agb_crit': 18.62535194784522, 'trop_k_veg': 2.406041747169131, 'pop_amp': 0.00287736789042658, 'pop_peak': 0.2740152471458429, 'pop_sig': 0.4360630715392479, 'fuel_k': 0.2596391262710277, 'fuel_half': 9.338041252464123}. Best is trial 1622 with value: -0.6125870653324885.
[I 2026-08-19 18:08:18,511] Trial 2300 finished with value: 0.6445374145881376 and parameters: {'k1': 0.06689594110714066, 'D_low': 9.952456019140328, 'k2': 5.3281666429765045e-05, 'D_high': 3477367.8153035315, 'fire_exp': 2.8864198829404106, 'P_half': 63.67265006333725, 'pre_dampen_half': 347.4604552466318, 'gpp_af': 0.04725490038623056, 'gpp_b': 0.00016240768668099716, 'gpp_d': 8.395048310881974, 'ign_k': 1.0312819601956762, 'ign_c': 197.60698831183905, 'trop_agb_crit': 9.873144739632963, 'trop_k_veg': 1.3438450605039047, 'pop_amp': 0.001211736078387029, 'pop_peak': 3.2419306353977198, 'pop_sig': 1.1284572180785768, 'fuel_k': 0.13912664482327414, 'fuel_half': 33.7941230455178}. Best is trial 1622 with value: -0.6125870653324885.
[I 2026-08-19 18:08:20,303] Trial 2301 finished with value: 0.4295688313852235 and parameters: {'k1': 0.00033118458759569236, 'D_low': 10399.197086422651, 'k2': 0.004658889581756198, 'D_high': 4464054.21118399, 'fire_exp': 2.1328893535123568, 'P_half': 52.83767835889127, 'pre_dampen_half': 4.378048015357028, 'gpp_af': 0.06535536216075837, 'gpp_b': 1.8376528807860583e-05, 'gpp_d': 27.811367672204106, 'ign_k': 0.28219872051857264, 'ign_c': 0.6632631811448899, 'trop_agb_crit': 8.126765178157612, 'trop_k_veg': 4.010400434141942, 'pop_amp': 1.0275121819796864, 'pop_peak': 3.5215792442010514, 'pop_sig': 0.6161190071175475, 'fuel_k': 0.02781792716367474, 'fuel_half': 0.5073131569143644}. Best is trial 1622 with value: -0.6125870653324885.
[I 2026-08-19 18:08:22,122] Trial 2302 finished with value: 0.5493003129529663 and parameters: {'k1': 0.09737907225842249, 'D_low': 94.78647843915053, 'k2': 0.00014864582062811547, 'D_high': 1172444.982585737, 'fire_exp': 1.202071821224934, 'P_half': 654.2229987995103, 'pre_dampen_half': 50.47660947091472, 'gpp_af': 0.012870792520280103, 'gpp_b': 0.030300416012442124, 'gpp_d': 832.1501023263759, 'ign_k': 8.032563692090834, 'ign_c': 12.842578028124427, 'trop_agb_crit': 14.51545262847268, 'trop_k_veg': 4.7672634986687505, 'pop_amp': 0.0048700427948870865, 'pop_peak': 119.21864432055963, 'pop_sig': 0.8211603472315279, 'fuel_k': 0.0279858714842568, 'fuel_half': 26.381426258374987}. Best is trial 1622 with value: -0.6125870653324885.
[I 2026-08-19 18:08:23,914] Trial 2303 finished with value: 0.5902550490448601 and parameters: {'k1': 0.0015194057910857394, 'D_low': 3.7995064141414274, 'k2': 6.62772893526211e-05, 'D_high': 7014.640387343425, 'fire_exp': 2.9302420131023084, 'P_half': 2.816625820050946, 'pre_dampen_half': 18.359804689001294, 'gpp_af': 0.0021653917277431383, 'gpp_b': 0.00010880054687644086, 'gpp_d': 7.391116425483957, 'ign_k': 0.24219245904989795, 'ign_c': 8.5287330138903, 'trop_agb_crit': 10.860269508533012, 'trop_k_veg': 0.9926992264983863, 'pop_amp': 0.0056251035012903116, 'pop_peak': 0.5306449531486054, 'pop_sig': 0.4250398754318776, 'fuel_k': 0.06300883890401389, 'fuel_half': 27.095338562524034}. Best is trial 1622 with value: -0.6125870653324885.
[I 2026-08-19 18:08:25,722] Trial 2304 finished with value: 0.438529750885605 and parameters: {'k1': 0.046916964921911976, 'D_low': 508.5611450834058, 'k2': 0.08651102472595255, 'D_high': 1061283.187393742, 'fire_exp': 3.7666675246572225, 'P_half': 6.984398217364496, 'pre_dampen_half': 0.6146805816071261, 'gpp_af': 0.10778313596115, 'gpp_b': 2.2586521244994372e-05, 'gpp_d': 28.58218168390713, 'ign_k': 4.106760239545427, 'ign_c': 13.333709161600693, 'trop_agb_crit': 2.7622392475439734, 'trop_k_veg': 1.3031565658875073, 'pop_amp': 0.16543780032405778, 'pop_peak': 209.82971453339923, 'pop_sig': 1.8026240264390203, 'fuel_k': 0.25909959128892746, 'fuel_half': 0.29607693784374284}. Best is trial 1622 with value: -0.6125870653324885.
[I 2026-08-19 18:08:27,565] Trial 2305 finished with value: 0.5209128018674914 and parameters: {'k1': 0.0005615901900653891, 'D_low': 2.4873719554942912, 'k2': 0.0018913282646656584, 'D_high': 409849.44226419873, 'fire_exp': 1.5856910586324793, 'P_half': 12.68224248184671, 'pre_dampen_half': 1.5908855790755028, 'gpp_af': 0.006265185936272829, 'gpp_b': 0.00199985505903307, 'gpp_d': 1.2576586442554647, 'ign_k': 0.18520896635784975, 'ign_c': 13.73328237648311, 'trop_agb_crit': 17.093817434583215, 'trop_k_veg': 0.5538830774499358, 'pop_amp': 0.0791692648922651, 'pop_peak': 608.9482514050734, 'pop_sig': 0.590172218050886, 'fuel_k': 0.017653056755018846, 'fuel_half': 13.581832750501496}. Best is trial 1622 with value: -0.6125870653324885.
[I 2026-08-19 18:08:29,347] Trial 2306 finished with value: 0.6044211326709488 and parameters: {'k1': 5.859334484671355e-05, 'D_low': 637.0425775515301, 'k2': 0.0033627579104688475, 'D_high': 3365193.3370039784, 'fire_exp': 1.708393037444341, 'P_half': 71.89499875362036, 'pre_dampen_half': 104.05025048415904, 'gpp_af': 0.11029094922163935, 'gpp_b': 0.0044183134566403055, 'gpp_d': 265.3502438498433, 'ign_k': 0.5556385124550632, 'ign_c': 31.85731130048244, 'trop_agb_crit': 13.395769791222355, 'trop_k_veg': 7.431286527207005, 'pop_amp': 0.05273012504614833, 'pop_peak': 2.123772558932252, 'pop_sig': 0.6258499023812472, 'fuel_k': 0.1088293144341185, 'fuel_half': 0.6446542557996494}. Best is trial 1622 with value: -0.6125870653324885.
[I 2026-08-19 18:08:31,165] Trial 2307 finished with value: 0.3930160864441654 and parameters: {'k1': 0.0020458763675804156, 'D_low': 1.9251836892207403, 'k2': 0.0007713578092214143, 'D_high': 1541458.8603742628, 'fire_exp': 7.190215477097325, 'P_half': 5.828384392817346, 'pre_dampen_half': 7.115369020407696, 'gpp_af': 0.46911437917832205, 'gpp_b': 5.317021646527364e-05, 'gpp_d': 174.95619724528677, 'ign_k': 0.1445037404955017, 'ign_c': 0.5493471630351061, 'trop_agb_crit': 28.205824123158735, 'trop_k_veg': 2.880900572509928, 'pop_amp': 0.006800191103981542, 'pop_peak': 0.392378038538433, 'pop_sig': 0.27195966219174444, 'fuel_k': 3.6467016293007286, 'fuel_half': 0.7250796264639833}. Best is trial 1622 with value: -0.6125870653324885.
[I 2026-08-19 18:08:33,017] Trial 2308 finished with value: 0.5819230607008457 and parameters: {'k1': 0.002237281778825548, 'D_low': 71527.37215946593, 'k2': 0.00042057661597978024, 'D_high': 4119251.3849112373, 'fire_exp': 1.052669936644678, 'P_half': 887.396290931748, 'pre_dampen_half': 7.138661849132658, 'gpp_af': 0.015529035774575666, 'gpp_b': 3.858522487324201e-05, 'gpp_d': 150.2212260412673, 'ign_k': 4.225324036175076, 'ign_c': 4.418138454391291, 'trop_agb_crit': 23.036519917650313, 'trop_k_veg': 2.9066948671817383, 'pop_amp': 0.0011484644772786214, 'pop_peak': 15.10833376693869, 'pop_sig': 0.7587370128726605, 'fuel_k': 0.05121573076186556, 'fuel_half': 2.920710356105976}. Best is trial 1622 with value: -0.6125870653324885.
[I 2026-08-19 18:08:34,768] Trial 2309 finished with value: 0.546360420663045 and parameters: {'k1': 0.0007940861021349788, 'D_low': 27.322436250015663, 'k2': 6.984003861692297e-05, 'D_high': 3011957.3476036605, 'fire_exp': 2.670983690460968, 'P_half': 9.400001843571962, 'pre_dampen_half': 0.666954215772217, 'gpp_af': 0.0013219423536403002, 'gpp_b': 0.000327390695048195, 'gpp_d': 0.5323375648725837, 'ign_k': 0.24212841468617463, 'ign_c': 6.820307818176302, 'trop_agb_crit': 21.354241169649033, 'trop_k_veg': 0.5343767909297084, 'pop_amp': 0.009241891389368201, 'pop_peak': 135.2007695871977, 'pop_sig': 0.8318162396656184, 'fuel_k': 0.015722674867769793, 'fuel_half': 42.62916085199049}. Best is trial 1622 with value: -0.6125870653324885.
  trial 2310/2500  best_overall=0.6126  (70.2 min)
[I 2026-08-19 18:08:37,200] Trial 2310 finished with value: 0.5865617550325354 and parameters: {'k1': 0.003674537902629288, 'D_low': 7.791203577445889, 'k2': 0.00032784354932304004, 'D_high': 433227.03767090954, 'fire_exp': 1.3741130466543736, 'P_half': 13.342738795124376, 'pre_dampen_half': 28.91655250713548, 'gpp_af': 0.00839407047957563, 'gpp_b': 1.0501362085090198e-05, 'gpp_d': 63.196301681140554, 'ign_k': 0.0761362986515485, 'ign_c': 58.36844413245523, 'trop_agb_crit': 10.631035173434253, 'trop_k_veg': 2.2821421774076307, 'pop_amp': 0.024526349020720293, 'pop_peak': 4.586929157422073, 'pop_sig': 1.1939967578215451, 'fuel_k': 0.1851502000727994, 'fuel_half': 60.75392722455802}. Best is trial 1622 with value: -0.6125870653324885.
[I 2026-08-19 18:08:38,928] Trial 2311 finished with value: 0.4447851916181126 and parameters: {'k1': 0.015027713523009094, 'D_low': 15224.700461379693, 'k2': 0.0018551765618946827, 'D_high': 1013765.7338233859, 'fire_exp': 1.1180007245289358, 'P_half': 35.0228631495913, 'pre_dampen_half': 34.071937877854424, 'gpp_af': 0.02203850136167142, 'gpp_b': 0.00021694686907673476, 'gpp_d': 93.49023466318069, 'ign_k': 3.6140885188377503, 'ign_c': 2.839726947005301, 'trop_agb_crit': 20.592842515317535, 'trop_k_veg': 0.5386838668743197, 'pop_amp': 0.06438995675991417, 'pop_peak': 4.555804925558039, 'pop_sig': 0.8139382713152953, 'fuel_k': 0.03516110913486783, 'fuel_half': 14.688342142617698}. Best is trial 1622 with value: -0.6125870653324885.
[I 2026-08-19 18:08:40,740] Trial 2312 finished with value: 0.5314745450224843 and parameters: {'k1': 0.001824846098820962, 'D_low': 7.3225128742777725, 'k2': 0.0005915675476764161, 'D_high': 8991420.859288458, 'fire_exp': 2.1425698578369454, 'P_half': 1.2277841381306815, 'pre_dampen_half': 0.018421115569313733, 'gpp_af': 0.03988978625827838, 'gpp_b': 0.000756005085576941, 'gpp_d': 171.75631607080794, 'ign_k': 1.3812101752491597, 'ign_c': 25.05683027376042, 'trop_agb_crit': 2.6728137033930293, 'trop_k_veg': 0.7962917139232261, 'pop_amp': 5.595077469902497, 'pop_peak': 0.5671357270693902, 'pop_sig': 0.8050544931661284, 'fuel_k': 0.4630403583160354, 'fuel_half': 0.20872008704284695}. Best is trial 1622 with value: -0.6125870653324885.
[I 2026-08-19 18:08:42,572] Trial 2313 finished with value: 0.5202441648392544 and parameters: {'k1': 0.0005692678674696619, 'D_low': 2251.5707600199994, 'k2': 0.0010897059488525589, 'D_high': 584281.1093031144, 'fire_exp': 1.7109273911412861, 'P_half': 24.626804790859644, 'pre_dampen_half': 0.06375155471229255, 'gpp_af': 0.13925134438831402, 'gpp_b': 0.0016755443353389334, 'gpp_d': 96.35962011618633, 'ign_k': 9.38357664587718, 'ign_c': 12.682321519316247, 'trop_agb_crit': 13.488886390707872, 'trop_k_veg': 1.8096038134644092, 'pop_amp': 0.002580144715183132, 'pop_peak': 7.300529376802983, 'pop_sig': 0.7700123536832572, 'fuel_k': 0.021442378341139212, 'fuel_half': 6.538169721224936}. Best is trial 1622 with value: -0.6125870653324885.
[I 2026-08-19 18:08:44,369] Trial 2314 finished with value: -0.5837737527774294 and parameters: {'k1': 0.0018600062346481171, 'D_low': 23.218011438691484, 'k2': 3.8669337621893095e-05, 'D_high': 6070258.679533643, 'fire_exp': 1.4382626554989468, 'P_half': 1.1325046602778766, 'pre_dampen_half': 0.827722123363866, 'gpp_af': 0.0176899036230217, 'gpp_b': 0.0002344406915771824, 'gpp_d': 7.539602903084185, 'ign_k': 1.3188727946998802, 'ign_c': 7.149920455858096, 'trop_agb_crit': 11.221457011482377, 'trop_k_veg': 1.6196945422146427, 'pop_amp': 0.054442752133799906, 'pop_peak': 641.7548062637806, 'pop_sig': 0.8787542974127537, 'fuel_k': 0.03557635456578372, 'fuel_half': 63.65810016970363}. Best is trial 1622 with value: -0.6125870653324885.
[I 2026-08-19 18:08:46,115] Trial 2315 finished with value: 0.42800105679349976 and parameters: {'k1': 0.0017977599460424804, 'D_low': 298.59808138840594, 'k2': 7.110829083536421e-05, 'D_high': 791886.1875194695, 'fire_exp': 1.5197744481347955, 'P_half': 67.47773051544141, 'pre_dampen_half': 86.65214252704241, 'gpp_af': 0.0020940462055081, 'gpp_b': 0.0004174337764842227, 'gpp_d': 30.54033188689785, 'ign_k': 0.4103786380686495, 'ign_c': 15.273529886120361, 'trop_agb_crit': 9.35878411444171, 'trop_k_veg': 1.834605793105908, 'pop_amp': 0.0027687277367686156, 'pop_peak': 0.2519713798968769, 'pop_sig': 0.7386271357486113, 'fuel_k': 0.12503179197263994, 'fuel_half': 41.21861386848505}. Best is trial 1622 with value: -0.6125870653324885.
[I 2026-08-19 18:08:47,998] Trial 2316 finished with value: 0.5582250821010051 and parameters: {'k1': 3.259614377900027e-05, 'D_low': 5444.5437865520635, 'k2': 4.360938383004078e-05, 'D_high': 16304.858036093672, 'fire_exp': 1.116295323086954, 'P_half': 39.52406738623265, 'pre_dampen_half': 3.7644985767583177, 'gpp_af': 0.008211980014683094, 'gpp_b': 0.00080345412187261, 'gpp_d': 121.14784438900392, 'ign_k': 0.004774723418343527, 'ign_c': 3.0227822482721036, 'trop_agb_crit': 23.294560628529396, 'trop_k_veg': 4.870659239894477, 'pop_amp': 0.46089124468352616, 'pop_peak': 5.721771890380764, 'pop_sig': 0.5325889306664561, 'fuel_k': 0.3219929385343341, 'fuel_half': 0.12840583765005478}. Best is trial 1622 with value: -0.6125870653324885.
[I 2026-08-19 18:08:49,751] Trial 2317 finished with value: 0.5681254560814484 and parameters: {'k1': 0.01068115682600545, 'D_low': 4.849324180722989, 'k2': 0.003082887796653287, 'D_high': 3592175.77885002, 'fire_exp': 1.0394884071128874, 'P_half': 125.24434023975572, 'pre_dampen_half': 8.984883285240853, 'gpp_af': 0.005698448623193747, 'gpp_b': 0.002178934159925722, 'gpp_d': 0.6044381019530689, 'ign_k': 0.12997013729893075, 'ign_c': 10.124606558920163, 'trop_agb_crit': 8.233952516027733, 'trop_k_veg': 7.587385273667287, 'pop_amp': 0.004415528387589337, 'pop_peak': 4.18644246479232, 'pop_sig': 0.5483573882576096, 'fuel_k': 3.6155849646873923, 'fuel_half': 0.3394005383195376}. Best is trial 1622 with value: -0.6125870653324885.
[I 2026-08-19 18:08:51,530] Trial 2318 finished with value: 0.5690815534423674 and parameters: {'k1': 0.013911379636365517, 'D_low': 2335.1736120704572, 'k2': 0.0002522939346231277, 'D_high': 218900.8502031494, 'fire_exp': 1.5797973748739353, 'P_half': 5690.25619373682, 'pre_dampen_half': 667.017306339168, 'gpp_af': 0.3172381022002168, 'gpp_b': 0.0006121245151101333, 'gpp_d': 578.706664177059, 'ign_k': 8.25543725387566, 'ign_c': 0.6831289114198787, 'trop_agb_crit': 16.707487350546607, 'trop_k_veg': 1.9613411555828064, 'pop_amp': 0.0159056841706117, 'pop_peak': 251.29416766249807, 'pop_sig': 0.439862625859207, 'fuel_k': 0.1915666412129261, 'fuel_half': 1.2014533838471781}. Best is trial 1622 with value: -0.6125870653324885.
