[I 2026-07-22 18:46:58,273] Trial 734 finished with values: [-0.5677128787679174, 0.2769493138535807] and parameters: {'k1': 0.00016480446427978953, 'D_low': 13.25142220631392, 'k2': 0.001566517163094646, 'D_high': 316055.11434645456, 'fire_exp': 3.9865235442286613, 'P_half': 2.843767489444367, 'pre_dampen_half': 3.9885726374014694, 'gpp_af': 0.06789053271698488, 'gpp_b': 1.7565109007473816e-05, 'gpp_d': 700.6693992445935, 'ign_k': 3.284529979576942, 'ign_c': 6.1609752947414345, 'trop_agb_crit': 9.362115196011851, 'trop_k_veg': 0.5415365826598848, 'fuel_k': 0.5400268568058665, 'fuel_half': 0.3335026483569958}.
[I 2026-07-22 18:46:58,706] Trial 735 finished with values: [10.072732362001343, 10.072732362001343] and parameters: {'k1': 0.00016480446427978953, 'D_low': 126.11058927054879, 'k2': 0.001566517163094646, 'D_high': 580966.5602369158, 'fire_exp': 1.3224672913793163, 'P_half': 38.82837025280678, 'pre_dampen_half': 0.46504594134732663, 'gpp_af': 0.015350904103515228, 'gpp_b': 3.228689523591491e-05, 'gpp_d': 0.3283792736024844, 'ign_k': 0.5131654955148324, 'ign_c': 11.40086370112731, 'trop_agb_crit': 4.576910054440526, 'trop_k_veg': 1.7428926895756522, 'fuel_k': 0.5400268568058665, 'fuel_half': 81.87941582538087}.
[I 2026-07-22 18:46:59,140] Trial 736 finished with values: [-0.5942461651457422, 0.17577807651317867] and parameters: {'k1': 0.0003199177539819797, 'D_low': 1.7887890916820506, 'k2': 0.001566517163094646, 'D_high': 316055.11434645456, 'fire_exp': 1.3411849220480432, 'P_half': 7.890004262668578, 'pre_dampen_half': 0.4016986062226068, 'gpp_af': 0.015350904103515228, 'gpp_b': 1.7565109007473816e-05, 'gpp_d': 9.00460602264307, 'ign_k': 3.284529979576942, 'ign_c': 11.40086370112731, 'trop_agb_crit': 9.362115196011851, 'trop_k_veg': 7.26254292602904, 'fuel_k': 0.08612665817296865, 'fuel_half': 0.3335026483569958}.
[I 2026-07-22 18:46:59,574] Trial 737 finished with values: [-0.5206568505831737, 0.1280629616673128] and parameters: {'k1': 0.0003199177539819797, 'D_low': 13.25142220631392, 'k2': 0.0007081721844034209, 'D_high': 887331.2884015184, 'fire_exp': 1.2242398136753672, 'P_half': 7.890004262668578, 'pre_dampen_half': 0.46504594134732663, 'gpp_af': 0.25562996323356013, 'gpp_b': 0.0054502936945582505, 'gpp_d': 700.6693992445935, 'ign_k': 3.284529979576942, 'ign_c': 6.1609752947414345, 'trop_agb_crit': 20.205002815711154, 'trop_k_veg': 0.6921865222804094, 'fuel_k': 0.0500651901928747, 'fuel_half': 0.3335026483569958}.
[I 2026-07-22 18:47:00,028] Trial 738 finished with values: [-0.5581911403083593, 0.3013774934942842] and parameters: {'k1': 0.011966626407443505, 'D_low': 4.039009420067191, 'k2': 0.001566517163094646, 'D_high': 142222.4154204991, 'fire_exp': 1.2242398136753672, 'P_half': 7.890004262668578, 'pre_dampen_half': 0.4016986062226068, 'gpp_af': 0.49740621749684094, 'gpp_b': 1.7565109007473816e-05, 'gpp_d': 3.0023172465753087, 'ign_k': 0.47637374845937214, 'ign_c': 8.405439129313676, 'trop_agb_crit': 9.362115196011851, 'trop_k_veg': 7.26254292602904, 'fuel_k': 0.08612665817296865, 'fuel_half': 0.3335026483569958}.
[I 2026-07-22 18:47:00,457] Trial 739 finished with values: [10.138019520368658, 10.138019520368658] and parameters: {'k1': 0.011966626407443505, 'D_low': 8454.098152188677, 'k2': 1.7748726309834853e-05, 'D_high': 316055.11434645456, 'fire_exp': 2.0165721691808587, 'P_half': 2.843767489444367, 'pre_dampen_half': 0.4016986062226068, 'gpp_af': 0.06789053271698488, 'gpp_b': 1.1698276136056565e-05, 'gpp_d': 1.050978521342778, 'ign_k': 0.5131654955148324, 'ign_c': 6.1609752947414345, 'trop_agb_crit': 15.870971677383487, 'trop_k_veg': 1.140286245977296, 'fuel_k': 1.1820218758583807, 'fuel_half': 7.259866824755671}.
[I 2026-07-22 18:47:00,925] Trial 740 finished with values: [10.76923076903347, 10.76923076903347] and parameters: {'k1': 9.969469187531805e-05, 'D_low': 864.0717009254879, 'k2': 0.0009562822793888481, 'D_high': 708572.1663941594, 'fire_exp': 1.3175349115759807, 'P_half': 1938.3858782150498, 'pre_dampen_half': 26.373339933815235, 'gpp_af': 0.49740621749684094, 'gpp_b': 0.011390237215927782, 'gpp_d': 3.0023172465753087, 'ign_k': 0.5670346335627292, 'ign_c': 970.0350245893909, 'trop_agb_crit': 15.934292526012918, 'trop_k_veg': 6.911478238001162, 'fuel_k': 1.2528108647479208, 'fuel_half': 0.2414020247400933}.
[I 2026-07-22 18:47:01,387] Trial 741 finished with values: [10.580971225732863, 10.580971225732863] and parameters: {'k1': 0.011966626407443505, 'D_low': 126.11058927054879, 'k2': 0.001566517163094646, 'D_high': 316055.11434645456, 'fire_exp': 8.791426299948917, 'P_half': 7.890004262668578, 'pre_dampen_half': 33.71909132517388, 'gpp_af': 0.06789053271698488, 'gpp_b': 1.7565109007473816e-05, 'gpp_d': 9.00460602264307, 'ign_k': 3.284529979576942, 'ign_c': 11.40086370112731, 'trop_agb_crit': 10.719494362768906, 'trop_k_veg': 7.26254292602904, 'fuel_k': 0.08612665817296865, 'fuel_half': 0.32476735706274484}.
[I 2026-07-22 18:47:01,849] Trial 742 finished with values: [-0.6349782670834092, 0.2454743202645292] and parameters: {'k1': 0.006033623633620595, 'D_low': 864.0717009254879, 'k2': 0.001566517163094646, 'D_high': 316055.11434645456, 'fire_exp': 1.2242398136753672, 'P_half': 38.82837025280678, 'pre_dampen_half': 0.46504594134732663, 'gpp_af': 0.12243451886824051, 'gpp_b': 1.7565109007473816e-05, 'gpp_d': 11.91508626986522, 'ign_k': 4.59148521674054, 'ign_c': 11.40086370112731, 'trop_agb_crit': 12.324775650896964, 'trop_k_veg': 2.417028380770307, 'fuel_k': 0.0500651901928747, 'fuel_half': 81.87941582538087}.
[I 2026-07-22 18:47:02,312] Trial 743 finished with values: [10.115023812539992, 10.115023812539992] and parameters: {'k1': 0.0003199177539819797, 'D_low': 864.0717009254879, 'k2': 0.020149789847008874, 'D_high': 887331.2884015184, 'fire_exp': 1.2242398136753672, 'P_half': 7.890004262668578, 'pre_dampen_half': 0.46504594134732663, 'gpp_af': 0.12243451886824051, 'gpp_b': 1.7565109007473816e-05, 'gpp_d': 12.151631524283598, 'ign_k': 0.5131654955148324, 'ign_c': 3.0378658251922155, 'trop_agb_crit': 9.362115196011851, 'trop_k_veg': 7.26254292602904, 'fuel_k': 0.018207179480706392, 'fuel_half': 0.3335026483569958}.
[I 2026-07-22 18:47:02,760] Trial 744 finished with values: [-0.691177312320278, 0.18597437976514652] and parameters: {'k1': 0.052334804885400876, 'D_low': 8454.098152188677, 'k2': 1.895375973243287e-05, 'D_high': 708572.1663941594, 'fire_exp': 1.1258453832483524, 'P_half': 7.890004262668578, 'pre_dampen_half': 3.9885726374014694, 'gpp_af': 0.0025386125063826667, 'gpp_b': 1.1698276136056565e-05, 'gpp_d': 1.050978521342778, 'ign_k': 0.03141110271934876, 'ign_c': 14.452451441203314, 'trop_agb_crit': 2.8338296020180445, 'trop_k_veg': 2.1085323608231485, 'fuel_k': 1.1820218758583807, 'fuel_half': 0.3335026483569958}.
[I 2026-07-22 18:47:03,208] Trial 745 finished with values: [11.36608304461247, 11.36608304461247] and parameters: {'k1': 0.011966626407443505, 'D_low': 8454.098152188677, 'k2': 0.002342238625792905, 'D_high': 316055.11434645456, 'fire_exp': 1.2310899049053081, 'P_half': 1.4378290221680121, 'pre_dampen_half': 33.71909132517388, 'gpp_af': 0.015350904103515228, 'gpp_b': 1.1698276136056565e-05, 'gpp_d': 9.00460602264307, 'ign_k': 4.59148521674054, 'ign_c': 0.13670484737132343, 'trop_agb_crit': 6.119263728555865, 'trop_k_veg': 2.8197814416756284, 'fuel_k': 3.6992394681929355, 'fuel_half': 81.87941582538087}.
[I 2026-07-22 18:47:03,683] Trial 746 finished with values: [11.187315797214902, 11.187315797214902] and parameters: {'k1': 0.0029707920514735983, 'D_low': 864.0717009254879, 'k2': 0.0009562822793888481, 'D_high': 1681956.433827372, 'fire_exp': 1.182396148413737, 'P_half': 7.890004262668578, 'pre_dampen_half': 26.373339933815235, 'gpp_af': 0.0025511964576171086, 'gpp_b': 0.002407352334224724, 'gpp_d': 857.4284557962626, 'ign_k': 0.03141110271934876, 'ign_c': 8.405439129313676, 'trop_agb_crit': 15.870971677383487, 'trop_k_veg': 0.5415365826598848, 'fuel_k': 5.486054129200971, 'fuel_half': 0.3625056554880307}.
[I 2026-07-22 18:47:04,349] Trial 747 finished with values: [10.399535618785235, 10.399535618785235] and parameters: {'k1': 0.011966626407443505, 'D_low': 1.7887890916820506, 'k2': 0.0007081721844034209, 'D_high': 14529.436909277043, 'fire_exp': 1.2310899049053081, 'P_half': 1025.3368317956683, 'pre_dampen_half': 1.3502584986530783, 'gpp_af': 0.015350904103515228, 'gpp_b': 3.228689523591491e-05, 'gpp_d': 302.3127748796295, 'ign_k': 3.284529979576942, 'ign_c': 6.1609752947414345, 'trop_agb_crit': 9.362115196011851, 'trop_k_veg': 1.140286245977296, 'fuel_k': 0.08612665817296865, 'fuel_half': 0.33988503110784557}.
[I 2026-07-22 18:47:04,841] Trial 748 finished with values: [10.082641063731522, 10.082641063731522] and parameters: {'k1': 0.052334804885400876, 'D_low': 8454.098152188677, 'k2': 2.8459703343413838e-05, 'D_high': 160625.60954780428, 'fire_exp': 1.182396148413737, 'P_half': 2.843767489444367, 'pre_dampen_half': 3.9885726374014694, 'gpp_af': 0.0025511964576171086, 'gpp_b': 1.1698276136056565e-05, 'gpp_d': 1.050978521342778, 'ign_k': 0.5131654955148324, 'ign_c': 3.0378658251922155, 'trop_agb_crit': 15.870971677383487, 'trop_k_veg': 6.911478238001162, 'fuel_k': 5.486054129200971, 'fuel_half': 18.202647368248815}.
[I 2026-07-22 18:47:05,288] Trial 749 finished with values: [10.580165292182466, 10.580165292182466] and parameters: {'k1': 9.969469187531805e-05, 'D_low': 864.0717009254879, 'k2': 2.1698375693549493e-05, 'D_high': 708572.1663941594, 'fire_exp': 3.2181803496180783, 'P_half': 1.7036120617148391, 'pre_dampen_half': 420.2116526335304, 'gpp_af': 42.29037995744429, 'gpp_b': 0.0054502936945582505, 'gpp_d': 2.2044650100999164, 'ign_k': 0.03141110271934876, 'ign_c': 14.074279366401672, 'trop_agb_crit': 2.171140223187998, 'trop_k_veg': 5.546867170791755, 'fuel_k': 0.08612665817296865, 'fuel_half': 49.16400722913764}.
[I 2026-07-22 18:47:05,741] Trial 750 finished with values: [10.465374064872597, 10.465374064872597] and parameters: {'k1': 0.0029282035181080004, 'D_low': 1.7887890916820506, 'k2': 0.001566517163094646, 'D_high': 316055.11434645456, 'fire_exp': 1.7124099831271415, 'P_half': 38.82837025280678, 'pre_dampen_half': 0.46504594134732663, 'gpp_af': 8.769726637617675, 'gpp_b': 1.7565109007473816e-05, 'gpp_d': 9.00460602264307, 'ign_k': 0.009861808369679786, 'ign_c': 11.40086370112731, 'trop_agb_crit': 20.205002815711154, 'trop_k_veg': 2.417028380770307, 'fuel_k': 1.8731335591844647, 'fuel_half': 81.87941582538087}.
[I 2026-07-22 18:47:06,198] Trial 751 finished with values: [-0.498362699766898, 0.45669346831511737] and parameters: {'k1': 0.0003199177539819797, 'D_low': 6.08502350914002, 'k2': 0.001566517163094646, 'D_high': 887331.2884015184, 'fire_exp': 1.3411849220480432, 'P_half': 7.890004262668578, 'pre_dampen_half': 0.4016986062226068, 'gpp_af': 27.103231600028096, 'gpp_b': 1.7565109007473816e-05, 'gpp_d': 9.00460602264307, 'ign_k': 3.284529979576942, 'ign_c': 3.0378658251922155, 'trop_agb_crit': 9.362115196011851, 'trop_k_veg': 7.26254292602904, 'fuel_k': 0.08612665817296865, 'fuel_half': 0.3335026483569958}.
[I 2026-07-22 18:47:06,671] Trial 752 finished with values: [10.550247166183013, 10.550247166183013] and parameters: {'k1': 0.052334804885400876, 'D_low': 8454.098152188677, 'k2': 2.1698375693549493e-05, 'D_high': 8433503.858791472, 'fire_exp': 1.2465639280699068, 'P_half': 2.843767489444367, 'pre_dampen_half': 0.4016986062226068, 'gpp_af': 0.015350904103515228, 'gpp_b': 0.004996983241344723, 'gpp_d': 1.050978521342778, 'ign_k': 3.284529979576942, 'ign_c': 0.13670484737132343, 'trop_agb_crit': 5.707205898008383, 'trop_k_veg': 2.3408809609838257, 'fuel_k': 1.1820218758583807, 'fuel_half': 81.87941582538087}.
[I 2026-07-22 18:47:07,182] Trial 753 finished with values: [10.288004873027818, 10.288004873027818] and parameters: {'k1': 6.004682478324439e-05, 'D_low': 1.7887890916820506, 'k2': 2.1698375693549493e-05, 'D_high': 316055.11434645456, 'fire_exp': 1.1258453832483524, 'P_half': 7.890004262668578, 'pre_dampen_half': 0.4016986062226068, 'gpp_af': 0.06789053271698488, 'gpp_b': 0.0054502936945582505, 'gpp_d': 9.00460602264307, 'ign_k': 3.284529979576942, 'ign_c': 11.40086370112731, 'trop_agb_crit': 9.362115196011851, 'trop_k_veg': 2.417028380770307, 'fuel_k': 0.08612665817296865, 'fuel_half': 0.3335026483569958}.
[I 2026-07-22 18:47:07,744] Trial 754 finished with values: [10.6239029928412, 10.6239029928412] and parameters: {'k1': 9.969469187531805e-05, 'D_low': 126.11058927054879, 'k2': 0.0007081721844034209, 'D_high': 1609.0002266066606, 'fire_exp': 1.1258453832483524, 'P_half': 1535.1441568398143, 'pre_dampen_half': 347.79988160923324, 'gpp_af': 0.25562996323356013, 'gpp_b': 0.0054502936945582505, 'gpp_d': 0.34391397565278453, 'ign_k': 3.284529979576942, 'ign_c': 11.40086370112731, 'trop_agb_crit': 20.205002815711154, 'trop_k_veg': 0.6921865222804094, 'fuel_k': 0.48736180483849406, 'fuel_half': 1.7473876325395623}.
[I 2026-07-22 18:47:08,337] Trial 755 finished with values: [14.406340978949476, 14.406340978949476] and parameters: {'k1': 0.0029707920514735983, 'D_low': 4.043300846639722, 'k2': 2.1698375693549493e-05, 'D_high': 160625.60954780428, 'fire_exp': 3.2181803496180783, 'P_half': 9.324787201197319, 'pre_dampen_half': 33.97904243111269, 'gpp_af': 0.12243451886824051, 'gpp_b': 0.01736771891291939, 'gpp_d': 700.6693992445935, 'ign_k': 4.59148521674054, 'ign_c': 11.40086370112731, 'trop_agb_crit': 15.870971677383487, 'trop_k_veg': 6.911478238001162, 'fuel_k': 5.486054129200971, 'fuel_half': 0.32476735706274484}.
[I 2026-07-22 18:47:08,819] Trial 756 finished with values: [10.36896719459177, 10.36896719459177] and parameters: {'k1': 0.0003199177539819797, 'D_low': 864.0717009254879, 'k2': 2.1698375693549493e-05, 'D_high': 2283.4228779494524, 'fire_exp': 1.182396148413737, 'P_half': 9.324787201197319, 'pre_dampen_half': 33.71909132517388, 'gpp_af': 42.29037995744429, 'gpp_b': 0.0054502936945582505, 'gpp_d': 8.057329182285729, 'ign_k': 0.5670346335627292, 'ign_c': 11.40086370112731, 'trop_agb_crit': 20.205002815711154, 'trop_k_veg': 3.024803048559367, 'fuel_k': 0.6137000782082781, 'fuel_half': 18.202647368248815}.
[I 2026-07-22 18:47:09,281] Trial 757 finished with values: [10.768540942606831, 10.768540942606831] and parameters: {'k1': 2.27847364377152e-05, 'D_low': 4.043300846639722, 'k2': 0.0007081721844034209, 'D_high': 2283.4228779494524, 'fire_exp': 6.722609665434056, 'P_half': 334.62201030483817, 'pre_dampen_half': 420.2116526335304, 'gpp_af': 0.3259758793317361, 'gpp_b': 0.0054502936945582505, 'gpp_d': 46.56631834235629, 'ign_k': 0.5670346335627292, 'ign_c': 11.40086370112731, 'trop_agb_crit': 9.362115196011851, 'trop_k_veg': 4.219931482382712, 'fuel_k': 0.010731156315400357, 'fuel_half': 18.202647368248815}.
[I 2026-07-22 18:47:09,733] Trial 758 finished with values: [10.410123486776717, 10.410123486776717] and parameters: {'k1': 0.0004619723604324944, 'D_low': 2.9612221068836555, 'k2': 0.01567230746060024, 'D_high': 2283.4228779494524, 'fire_exp': 1.1258453832483524, 'P_half': 1.4378290221680121, 'pre_dampen_half': 33.71909132517388, 'gpp_af': 0.015350904103515228, 'gpp_b': 0.0054502936945582505, 'gpp_d': 2.5510604992870736, 'ign_k': 0.5670346335627292, 'ign_c': 0.13670484737132343, 'trop_agb_crit': 29.789943908227905, 'trop_k_veg': 2.3408809609838257, 'fuel_k': 0.01814068034742312, 'fuel_half': 81.87941582538087}.
[I 2026-07-22 18:47:10,188] Trial 759 finished with values: [10.381446828001735, 10.381446828001735] and parameters: {'k1': 0.00023352156626184448, 'D_low': 13.25142220631392, 'k2': 1.6559474674046002e-05, 'D_high': 10360.875587906949, 'fire_exp': 1.3411849220480432, 'P_half': 38.82837025280678, 'pre_dampen_half': 33.71909132517388, 'gpp_af': 0.015350904103515228, 'gpp_b': 0.0005392415140872105, 'gpp_d': 0.012472726063715429, 'ign_k': 0.5131654955148324, 'ign_c': 3.9323495083117734, 'trop_agb_crit': 2.171140223187998, 'trop_k_veg': 2.3408809609838257, 'fuel_k': 0.025506395489012103, 'fuel_half': 1.2664943797139754}.
[I 2026-07-22 18:47:10,648] Trial 760 finished with values: [10.655038811817512, 10.655038811817512] and parameters: {'k1': 0.0029707920514735983, 'D_low': 4.043300846639722, 'k2': 2.1698375693549493e-05, 'D_high': 160625.60954780428, 'fire_exp': 1.1258453832483524, 'P_half': 1938.3858782150498, 'pre_dampen_half': 0.19909760862828824, 'gpp_af': 0.25562996323356013, 'gpp_b': 0.0054502936945582505, 'gpp_d': 700.6693992445935, 'ign_k': 0.03141110271934876, 'ign_c': 3.0378658251922155, 'trop_agb_crit': 15.870971677383487, 'trop_k_veg': 0.6921865222804094, 'fuel_k': 5.486054129200971, 'fuel_half': 18.202647368248815}.
[I 2026-07-22 18:47:11,107] Trial 761 finished with values: [10.59088622797683, 10.59088622797683] and parameters: {'k1': 0.0029707920514735983, 'D_low': 1.7887890916820506, 'k2': 0.001566517163094646, 'D_high': 316055.11434645456, 'fire_exp': 1.2242398136753672, 'P_half': 1938.3858782150498, 'pre_dampen_half': 0.4016986062226068, 'gpp_af': 0.06789053271698488, 'gpp_b': 3.228689523591491e-05, 'gpp_d': 9.00460602264307, 'ign_k': 0.03141110271934876, 'ign_c': 3.0378658251922155, 'trop_agb_crit': 9.362115196011851, 'trop_k_veg': 7.26254292602904, 'fuel_k': 5.486054129200971, 'fuel_half': 18.202647368248815}.
[I 2026-07-22 18:47:11,552] Trial 762 finished with values: [-0.36581284996292124, 0.1920583386960818] and parameters: {'k1': 0.00023352156626184448, 'D_low': 13.25142220631392, 'k2': 1.6559474674046002e-05, 'D_high': 10360.875587906949, 'fire_exp': 1.3411849220480432, 'P_half': 38.82837025280678, 'pre_dampen_half': 33.71909132517388, 'gpp_af': 0.015350904103515228, 'gpp_b': 0.0005392415140872105, 'gpp_d': 6.91394869865762, 'ign_k': 0.5131654955148324, 'ign_c': 3.9323495083117734, 'trop_agb_crit': 2.171140223187998, 'trop_k_veg': 2.3408809609838257, 'fuel_k': 0.025506395489012103, 'fuel_half': 1.2664943797139754}.
[I 2026-07-22 18:47:12,023] Trial 763 finished with values: [10.543527484593978, 10.543527484593978] and parameters: {'k1': 0.0029282035181080004, 'D_low': 126.11058927054879, 'k2': 2.1698375693549493e-05, 'D_high': 160625.60954780428, 'fire_exp': 1.1258453832483524, 'P_half': 1535.1441568398143, 'pre_dampen_half': 347.79988160923324, 'gpp_af': 6.330661837630909, 'gpp_b': 0.0054502936945582505, 'gpp_d': 1.050978521342778, 'ign_k': 0.006290644294586149, 'ign_c': 14.452451441203314, 'trop_agb_crit': 20.205002815711154, 'trop_k_veg': 2.3408809609838257, 'fuel_k': 1.1820218758583807, 'fuel_half': 81.87941582538087}.
  trial  764/2500  pareto_size=6  best_taylor=0.6968  best_ilamb=0.5875  (5.4 min)
[I 2026-07-22 18:47:12,708] Trial 764 finished with values: [10.767050249171337, 10.767050249171337] and parameters: {'k1': 0.0029707920514735983, 'D_low': 864.0717009254879, 'k2': 2.1698375693549493e-05, 'D_high': 708572.1663941594, 'fire_exp': 3.2181803496180783, 'P_half': 1938.3858782150498, 'pre_dampen_half': 33.71909132517388, 'gpp_af': 42.29037995744429, 'gpp_b': 0.0054502936945582505, 'gpp_d': 8.057329182285729, 'ign_k': 0.03141110271934876, 'ign_c': 14.074279366401672, 'trop_agb_crit': 15.870971677383487, 'trop_k_veg': 0.7312511141991346, 'fuel_k': 5.486054129200971, 'fuel_half': 81.87941582538087}.
[I 2026-07-22 18:47:13,142] Trial 765 finished with values: [-0.5006199334473482, 0.3295466930439719] and parameters: {'k1': 0.00023352156626184448, 'D_low': 1.7887890916820506, 'k2': 0.001566517163094646, 'D_high': 708572.1663941594, 'fire_exp': 1.3411849220480432, 'P_half': 7.890004262668578, 'pre_dampen_half': 0.46504594134732663, 'gpp_af': 18.235072804314193, 'gpp_b': 0.0005392415140872105, 'gpp_d': 9.00460602264307, 'ign_k': 0.5131654955148324, 'ign_c': 11.40086370112731, 'trop_agb_crit': 9.362115196011851, 'trop_k_veg': 1.7518409078083697, 'fuel_k': 0.0500651901928747, 'fuel_half': 38.21129441691226}.
[I 2026-07-22 18:47:13,612] Trial 766 finished with values: [-0.5734029557591139, 0.15583281705902285] and parameters: {'k1': 0.006033623633620595, 'D_low': 126.11058927054879, 'k2': 1.895375973243287e-05, 'D_high': 316055.11434645456, 'fire_exp': 1.2242398136753672, 'P_half': 38.82837025280678, 'pre_dampen_half': 0.46504594134732663, 'gpp_af': 0.0025511964576171086, 'gpp_b': 1.7565109007473816e-05, 'gpp_d': 9.00460602264307, 'ign_k': 0.5131654955148324, 'ign_c': 3.0378658251922155, 'trop_agb_crit': 20.205002815711154, 'trop_k_veg': 2.1085323608231485, 'fuel_k': 0.48736180483849406, 'fuel_half': 81.87941582538087}.
[I 2026-07-22 18:47:14,082] Trial 767 finished with values: [13.817621507126713, 13.817621507126713] and parameters: {'k1': 0.0003199177539819797, 'D_low': 1.7887890916820506, 'k2': 0.0007081721844034209, 'D_high': 8433503.858791472, 'fire_exp': 1.2242398136753672, 'P_half': 1.4378290221680121, 'pre_dampen_half': 33.71909132517388, 'gpp_af': 0.06789053271698488, 'gpp_b': 1.7565109007473816e-05, 'gpp_d': 9.00460602264307, 'ign_k': 3.284529979576942, 'ign_c': 6.1609752947414345, 'trop_agb_crit': 10.719494362768906, 'trop_k_veg': 2.417028380770307, 'fuel_k': 0.08612665817296865, 'fuel_half': 81.87941582538087}.
[I 2026-07-22 18:47:14,527] Trial 768 finished with values: [10.214672251526949, 10.214672251526949] and parameters: {'k1': 0.0029707920514735983, 'D_low': 1628.7738522891475, 'k2': 0.0007081721844034209, 'D_high': 160625.60954780428, 'fire_exp': 1.182396148413737, 'P_half': 1938.3858782150498, 'pre_dampen_half': 19.600139992927424, 'gpp_af': 0.07961191926812566, 'gpp_b': 1.1698276136056565e-05, 'gpp_d': 857.4284557962626, 'ign_k': 0.03141110271934876, 'ign_c': 0.7257841640690941, 'trop_agb_crit': 15.870971677383487, 'trop_k_veg': 6.911478238001162, 'fuel_k': 5.486054129200971, 'fuel_half': 18.202647368248815}.
