[I 2026-07-24 02:08:52,946] Trial 384 finished with value: -0.5435377393066799 and parameters: {'k1': 1.4430766403676107e-05, 'D_low': 29229.74922563106, 'k2': 0.013117686276636939, 'D_high': 4181752.8905645865, 'fire_exp': 1.1428761608885691, 'P_half': 1444.3394388270576, 'pre_dampen_half': 112.20595056129679, 'gpp_af': 0.05038192713813299, 'gpp_b': 2.304569122963996e-05, 'gpp_d': 0.2628791281262917, 'ign_k': 0.0014823304492627284, 'ign_c': 1.9873032166511202, 'trop_agb_crit': 8.126558522813148, 'trop_k_veg': 1.563262117283603, 'gdp_gamma': 0.5204835292632776, 'fuel_k': 0.10680377689278628, 'fuel_half': 25.874544747292134}. Best is trial 335 with value: -0.6233152110406992.
[I 2026-07-24 02:08:53,395] Trial 385 finished with value: 0.5703526568217347 and parameters: {'k1': 0.019236874306721254, 'D_low': 16144.729791940292, 'k2': 0.0008219089820977719, 'D_high': 5827244.290828817, 'fire_exp': 2.843787220001798, 'P_half': 405.52569328748314, 'pre_dampen_half': 8.012433118049463, 'gpp_af': 2.674030528596944, 'gpp_b': 0.000335355528686992, 'gpp_d': 36.27961115576443, 'ign_k': 0.05033569477491765, 'ign_c': 1.8163374788759492, 'trop_agb_crit': 4.485706796112184, 'trop_k_veg': 3.845373162112188, 'gdp_gamma': 0.21090831812358196, 'fuel_k': 0.012577650322953224, 'fuel_half': 66.8835481368165}. Best is trial 335 with value: -0.6233152110406992.
[I 2026-07-24 02:08:53,841] Trial 386 finished with value: 0.4546973779494724 and parameters: {'k1': 0.003955990537779388, 'D_low': 1264.3233693759555, 'k2': 0.09020304062909862, 'D_high': 724801.7684994366, 'fire_exp': 1.1903025362122823, 'P_half': 68.37274536005496, 'pre_dampen_half': 51.98178140931563, 'gpp_af': 0.00330910908700551, 'gpp_b': 4.183217264630319e-05, 'gpp_d': 275.7379362224009, 'ign_k': 0.002298727082017909, 'ign_c': 4.131815238532707, 'trop_agb_crit': 24.698483981641314, 'trop_k_veg': 1.6145928198005555, 'gdp_gamma': 0.4284193948695397, 'fuel_k': 0.053263574934490084, 'fuel_half': 37.71828873379364}. Best is trial 335 with value: -0.6233152110406992.
[I 2026-07-24 02:08:54,285] Trial 387 finished with value: 0.5789286275881977 and parameters: {'k1': 0.002467778640759175, 'D_low': 13.730042568979504, 'k2': 0.0025607361564971135, 'D_high': 9879090.824828772, 'fire_exp': 1.6766144971528334, 'P_half': 1.5957876076189983, 'pre_dampen_half': 3.538433115378564, 'gpp_af': 0.01043378112670876, 'gpp_b': 0.0012120890533429101, 'gpp_d': 3.5699250068410464, 'ign_k': 0.04402575946822481, 'ign_c': 100.00839016614333, 'trop_agb_crit': 22.49343960970554, 'trop_k_veg': 1.048251839816026, 'gdp_gamma': 1.4136253729770611, 'fuel_k': 0.05517551603576627, 'fuel_half': 44.710030255457326}. Best is trial 335 with value: -0.6233152110406992.
[I 2026-07-24 02:08:54,730] Trial 388 finished with value: 0.4534137379708223 and parameters: {'k1': 0.0002891391321552376, 'D_low': 1628.4249578583087, 'k2': 0.0048130419623141334, 'D_high': 325230.37006394204, 'fire_exp': 1.3911111638886366, 'P_half': 17.328303185906112, 'pre_dampen_half': 71.24135695618033, 'gpp_af': 0.4868672659414375, 'gpp_b': 9.721205488615778e-05, 'gpp_d': 368.98081291612255, 'ign_k': 0.02703277852288252, 'ign_c': 0.14021629017253928, 'trop_agb_crit': 7.807844354541208, 'trop_k_veg': 3.5483450673936274, 'gdp_gamma': 0.2387086511450087, 'fuel_k': 0.023795426237322805, 'fuel_half': 46.07785110211182}. Best is trial 335 with value: -0.6233152110406992.
[I 2026-07-24 02:08:55,177] Trial 389 finished with value: 0.5651781319741409 and parameters: {'k1': 1.0210217809497525e-05, 'D_low': 1.3614552358511547, 'k2': 0.00024382713952089715, 'D_high': 2442307.566286907, 'fire_exp': 1.8300686739731722, 'P_half': 1.300687545920737, 'pre_dampen_half': 3.832127235102293, 'gpp_af': 0.005224811392179774, 'gpp_b': 0.0037139157232742165, 'gpp_d': 0.38572839294813194, 'ign_k': 0.0011670586969751626, 'ign_c': 140.18478366646627, 'trop_agb_crit': 10.380764802164448, 'trop_k_veg': 1.488972632839956, 'gdp_gamma': 0.9962135406645859, 'fuel_k': 0.19145372709901903, 'fuel_half': 18.533162349629873}. Best is trial 335 with value: -0.6233152110406992.
[I 2026-07-24 02:08:55,624] Trial 390 finished with value: 0.5678609313525623 and parameters: {'k1': 0.03288075326023523, 'D_low': 12173.110208591535, 'k2': 0.00022468351227648674, 'D_high': 1930655.559600123, 'fire_exp': 1.6937135781361061, 'P_half': 3630.264038536513, 'pre_dampen_half': 686.4740592059752, 'gpp_af': 0.012534901230028874, 'gpp_b': 6.157042296133624e-05, 'gpp_d': 14.836578803884088, 'ign_k': 3.871802476821889, 'ign_c': 26.132518138741126, 'trop_agb_crit': 9.738500019030953, 'trop_k_veg': 0.6834934123840004, 'gdp_gamma': 0.5981173347567648, 'fuel_k': 0.011511719166852489, 'fuel_half': 2.7953796188014364}. Best is trial 335 with value: -0.6233152110406992.
[I 2026-07-24 02:08:56,079] Trial 391 finished with value: 0.5841295015704296 and parameters: {'k1': 4.9744453648227067e-05, 'D_low': 970.1058328299779, 'k2': 6.919755079449132e-05, 'D_high': 134342.04900223613, 'fire_exp': 1.3117303271058294, 'P_half': 5.697179863928732, 'pre_dampen_half': 0.4451821372538615, 'gpp_af': 0.002178032682578989, 'gpp_b': 1.3205295634611953e-05, 'gpp_d': 0.7849026772145783, 'ign_k': 0.014022948651789541, 'ign_c': 221.9524755172694, 'trop_agb_crit': 8.466353742127083, 'trop_k_veg': 1.4177365043560237, 'gdp_gamma': 0.06556926320374837, 'fuel_k': 0.11857461775439555, 'fuel_half': 96.49997039886142}. Best is trial 335 with value: -0.6233152110406992.
[I 2026-07-24 02:08:56,528] Trial 392 finished with value: 0.5448729207096236 and parameters: {'k1': 0.00035876850990530145, 'D_low': 434.4400752363027, 'k2': 0.03913727867781573, 'D_high': 480384.67434171244, 'fire_exp': 3.537924619395464, 'P_half': 13.834748558165636, 'pre_dampen_half': 181.7171757193476, 'gpp_af': 0.08980182757565702, 'gpp_b': 0.00018157907572329793, 'gpp_d': 30.875938783581514, 'ign_k': 0.0032394836751933405, 'ign_c': 0.20315579560275487, 'trop_agb_crit': 13.250689068997588, 'trop_k_veg': 5.907455402194407, 'gdp_gamma': 0.22781744928214004, 'fuel_k': 0.5483137779174676, 'fuel_half': 58.56353537936001}. Best is trial 335 with value: -0.6233152110406992.
[I 2026-07-24 02:08:56,972] Trial 393 finished with value: 0.4899632003061405 and parameters: {'k1': 0.0069124256558891085, 'D_low': 4850.62551206886, 'k2': 0.007052306731882544, 'D_high': 5612381.088554311, 'fire_exp': 1.5969287876621643, 'P_half': 23.690224582439008, 'pre_dampen_half': 184.62803490747083, 'gpp_af': 3.6482323394030347, 'gpp_b': 0.006282395604130625, 'gpp_d': 39.584272667355606, 'ign_k': 0.014961818547886942, 'ign_c': 0.20255598589094834, 'trop_agb_crit': 4.984336357090786, 'trop_k_veg': 3.26607674548979, 'gdp_gamma': 0.43887273697719986, 'fuel_k': 0.04022832023779909, 'fuel_half': 91.28624507597017}. Best is trial 335 with value: -0.6233152110406992.
[I 2026-07-24 02:08:57,416] Trial 394 finished with value: 0.4978489099812464 and parameters: {'k1': 0.026635223321403348, 'D_low': 53.16039438980514, 'k2': 0.0037632552547698576, 'D_high': 502290.96690968313, 'fire_exp': 1.209708784710452, 'P_half': 224.22981237762144, 'pre_dampen_half': 49.85709101821348, 'gpp_af': 0.0485416803340556, 'gpp_b': 0.0002984106472183832, 'gpp_d': 210.53471588349407, 'ign_k': 0.003702576532316153, 'ign_c': 26.171571929008252, 'trop_agb_crit': 3.4006546074972697, 'trop_k_veg': 0.5547566473220703, 'gdp_gamma': 0.8147155842795635, 'fuel_k': 0.01048849825653362, 'fuel_half': 51.4936998614445}. Best is trial 335 with value: -0.6233152110406992.
[I 2026-07-24 02:08:57,866] Trial 395 finished with value: -0.5909383093035674 and parameters: {'k1': 0.08038969444890501, 'D_low': 4473.013114860229, 'k2': 0.010201962869876256, 'D_high': 351690.2130765885, 'fire_exp': 1.1561206338269825, 'P_half': 15.180940493486759, 'pre_dampen_half': 0.6261865774788298, 'gpp_af': 7.874646894810132, 'gpp_b': 0.05149714290543937, 'gpp_d': 61.54928594333352, 'ign_k': 0.0012050241382527383, 'ign_c': 63.82718919530244, 'trop_agb_crit': 2.801014907026165, 'trop_k_veg': 0.7164239430627247, 'gdp_gamma': 0.9920772834141773, 'fuel_k': 0.6159871723809819, 'fuel_half': 94.83722548484583}. Best is trial 335 with value: -0.6233152110406992.
[I 2026-07-24 02:08:58,316] Trial 396 finished with value: 0.6445374145881376 and parameters: {'k1': 0.007296504122133217, 'D_low': 299647.2147917862, 'k2': 0.010878677661036427, 'D_high': 15421.201131425414, 'fire_exp': 1.6818302297622105, 'P_half': 3.6674084809249057, 'pre_dampen_half': 0.06856511961149342, 'gpp_af': 20.121041742030133, 'gpp_b': 0.025721677580478223, 'gpp_d': 61.67925071576767, 'ign_k': 0.0021486899257726947, 'ign_c': 329.0534623371596, 'trop_agb_crit': 1.4300879510583084, 'trop_k_veg': 1.6108982584216849, 'gdp_gamma': 0.17590414737441468, 'fuel_k': 0.7701210825072897, 'fuel_half': 87.27503408005857}. Best is trial 335 with value: -0.6233152110406992.
[I 2026-07-24 02:08:58,762] Trial 397 finished with value: 0.5983468722935809 and parameters: {'k1': 3.0583116902340545e-05, 'D_low': 4.615042978677825, 'k2': 0.015856763747072015, 'D_high': 6613.194827618575, 'fire_exp': 2.856219023493296, 'P_half': 34.56334877805131, 'pre_dampen_half': 62.869181423620766, 'gpp_af': 0.04280589946230066, 'gpp_b': 0.001073143740073611, 'gpp_d': 8.650599322809352, 'ign_k': 0.028605818922774116, 'ign_c': 15.60704607362838, 'trop_agb_crit': 7.477365128924246, 'trop_k_veg': 0.5269179019741197, 'gdp_gamma': 0.0026726298367933266, 'fuel_k': 0.5105689430633801, 'fuel_half': 0.53584517100032}. Best is trial 335 with value: -0.6233152110406992.
[I 2026-07-24 02:08:59,210] Trial 398 finished with value: 0.5702547378632661 and parameters: {'k1': 0.0007180726083566363, 'D_low': 12806.467601968729, 'k2': 0.03135815898495137, 'D_high': 30205.441942631216, 'fire_exp': 1.5200690441818119, 'P_half': 1553.587936769538, 'pre_dampen_half': 22.952723669620227, 'gpp_af': 0.028047988536156417, 'gpp_b': 0.0010396359383787839, 'gpp_d': 625.3947586098923, 'ign_k': 0.00431220533539153, 'ign_c': 2.009664791537232, 'trop_agb_crit': 5.107121106626346, 'trop_k_veg': 1.3463828782873073, 'gdp_gamma': 1.6215627176704386, 'fuel_k': 0.031849259381969364, 'fuel_half': 0.9602957511796754}. Best is trial 335 with value: -0.6233152110406992.
[I 2026-07-24 02:08:59,661] Trial 399 finished with value: 0.4621687473859144 and parameters: {'k1': 0.055928576131450684, 'D_low': 969.1020668693839, 'k2': 0.028565040154936223, 'D_high': 403568.7859441894, 'fire_exp': 1.3179612036145931, 'P_half': 18.262608450094483, 'pre_dampen_half': 0.5789765298984015, 'gpp_af': 6.049980388332658, 'gpp_b': 0.0018544705110150647, 'gpp_d': 28.57551807165181, 'ign_k': 0.014503359353447381, 'ign_c': 43.40781355674096, 'trop_agb_crit': 5.098319749329427, 'trop_k_veg': 0.5670272656102959, 'gdp_gamma': 0.4030052280713383, 'fuel_k': 5.596844808884669, 'fuel_half': 43.14148647882343}. Best is trial 335 with value: -0.6233152110406992.
[I 2026-07-24 02:09:00,111] Trial 400 finished with value: 0.5014766237561397 and parameters: {'k1': 0.00015110051236160983, 'D_low': 188.46052669354077, 'k2': 0.07559807130507902, 'D_high': 344803.8268629824, 'fire_exp': 1.47686937427163, 'P_half': 62.139239745973875, 'pre_dampen_half': 0.0965737052382617, 'gpp_af': 0.025597240690045257, 'gpp_b': 1.3914172975797596e-05, 'gpp_d': 7.801853322238605, 'ign_k': 0.03660058631646577, 'ign_c': 0.9101866547257201, 'trop_agb_crit': 9.579587723976067, 'trop_k_veg': 0.6151283564100469, 'gdp_gamma': 0.2483474208447772, 'fuel_k': 0.5005387052955678, 'fuel_half': 6.89093138445791}. Best is trial 335 with value: -0.6233152110406992.
[I 2026-07-24 02:09:00,555] Trial 401 finished with value: 0.40115084468464846 and parameters: {'k1': 3.638878427141521e-05, 'D_low': 11603.92613203626, 'k2': 0.013452127109675095, 'D_high': 145664.83116662316, 'fire_exp': 1.6797318711868863, 'P_half': 2.655310224825964, 'pre_dampen_half': 2.394485725773331, 'gpp_af': 1.062703266834259, 'gpp_b': 0.0315289245107078, 'gpp_d': 8.57150071473986, 'ign_k': 0.05409208308956669, 'ign_c': 10.695248876577677, 'trop_agb_crit': 18.750388312762162, 'trop_k_veg': 0.6449912389690021, 'gdp_gamma': 0.806248412842046, 'fuel_k': 3.2703367709419404, 'fuel_half': 12.431965142777413}. Best is trial 335 with value: -0.6233152110406992.
[I 2026-07-24 02:09:01,007] Trial 402 finished with value: 0.5432581425993419 and parameters: {'k1': 0.07793072067597613, 'D_low': 557.7801969420674, 'k2': 0.020623689920218482, 'D_high': 5465266.89524881, 'fire_exp': 1.053974845987835, 'P_half': 52.93673885489434, 'pre_dampen_half': 1.0382146068886504, 'gpp_af': 17.4325650700789, 'gpp_b': 9.419793169814065, 'gpp_d': 12.811049698925904, 'ign_k': 0.001749617834245983, 'ign_c': 231.62227090426182, 'trop_agb_crit': 3.113565586188481, 'trop_k_veg': 0.9543604143650294, 'gdp_gamma': 0.6597997019435181, 'fuel_k': 0.19476388518254104, 'fuel_half': 74.78059736455754}. Best is trial 335 with value: -0.6233152110406992.
[I 2026-07-24 02:09:01,450] Trial 403 finished with value: 0.4082521889564228 and parameters: {'k1': 0.0015952765682644907, 'D_low': 39.94868950879905, 'k2': 0.008199444366116916, 'D_high': 2605548.5368634365, 'fire_exp': 3.7992413644380623, 'P_half': 47.88116732035481, 'pre_dampen_half': 36.066543458459016, 'gpp_af': 0.8715874448999784, 'gpp_b': 0.0007737649723721329, 'gpp_d': 53.4609939019345, 'ign_k': 0.031529335649940066, 'ign_c': 16.00184949072729, 'trop_agb_crit': 9.838007135206638, 'trop_k_veg': 4.88162706593025, 'gdp_gamma': 0.865928080850247, 'fuel_k': 0.016295440257062793, 'fuel_half': 56.22174151118537}. Best is trial 335 with value: -0.6233152110406992.
[I 2026-07-24 02:09:01,898] Trial 404 finished with value: 0.601064546856608 and parameters: {'k1': 0.00037006189126897093, 'D_low': 17.890917358343902, 'k2': 0.018817293618182577, 'D_high': 1596216.7587989913, 'fire_exp': 4.710876697633045, 'P_half': 23.22927710290542, 'pre_dampen_half': 428.789167056564, 'gpp_af': 0.0909662529926574, 'gpp_b': 0.0019446185734341966, 'gpp_d': 1.999932926594207, 'ign_k': 0.005308061334195485, 'ign_c': 115.2100420072935, 'trop_agb_crit': 2.749870768131151, 'trop_k_veg': 0.7707509225117234, 'gdp_gamma': 0.2927457516858627, 'fuel_k': 0.6332854926741392, 'fuel_half': 3.5042490618180513}. Best is trial 335 with value: -0.6233152110406992.
[I 2026-07-24 02:09:02,355] Trial 405 finished with value: -0.5628129888383732 and parameters: {'k1': 0.0017569963569694191, 'D_low': 277.4382219387245, 'k2': 0.003088572737961169, 'D_high': 7204698.039648968, 'fire_exp': 2.9674397503890813, 'P_half': 42.245739667611424, 'pre_dampen_half': 57.68104719588263, 'gpp_af': 1.7507654471021843, 'gpp_b': 2.5459050354628404e-05, 'gpp_d': 34.21705566775618, 'ign_k': 0.006068348035108653, 'ign_c': 1.3652602960060336, 'trop_agb_crit': 29.353723481637292, 'trop_k_veg': 2.2759988715570727, 'gdp_gamma': 0.45898923402952596, 'fuel_k': 0.013904204901807351, 'fuel_half': 15.385869729000493}. Best is trial 335 with value: -0.6233152110406992.
[I 2026-07-24 02:09:02,800] Trial 406 finished with value: 0.4628446246055554 and parameters: {'k1': 0.00018376502607068737, 'D_low': 21.544425304170336, 'k2': 0.0019209071011943191, 'D_high': 619579.1143754338, 'fire_exp': 3.336864250946174, 'P_half': 65.19769112247658, 'pre_dampen_half': 0.2789207728894024, 'gpp_af': 0.13064555884466175, 'gpp_b': 1.9239292160428327e-05, 'gpp_d': 5.726313363965865, 'ign_k': 0.32730726100971547, 'ign_c': 1.7253899120981233, 'trop_agb_crit': 21.532559344067813, 'trop_k_veg': 1.2629087311990466, 'gdp_gamma': 0.00135263424055149, 'fuel_k': 1.836700734731544, 'fuel_half': 0.20610664937437637}. Best is trial 335 with value: -0.6233152110406992.
[I 2026-07-24 02:09:03,243] Trial 407 finished with value: 0.5843688350637776 and parameters: {'k1': 1.7300267833932882e-05, 'D_low': 2640.500320141418, 'k2': 0.01163861301517468, 'D_high': 2952461.724577098, 'fire_exp': 2.1753277042864445, 'P_half': 6.267243546604226, 'pre_dampen_half': 52.61846233800565, 'gpp_af': 0.013866874231106965, 'gpp_b': 9.342898309240563e-05, 'gpp_d': 0.02375217167681273, 'ign_k': 0.0012521847461216134, 'ign_c': 330.9224491856054, 'trop_agb_crit': 14.260364174206671, 'trop_k_veg': 2.6651724570983455, 'gdp_gamma': 0.21468824679196005, 'fuel_k': 0.32787276711354035, 'fuel_half': 18.175830742470573}. Best is trial 335 with value: -0.6233152110406992.
[I 2026-07-24 02:09:03,694] Trial 408 finished with value: 0.5804001610688145 and parameters: {'k1': 0.00010665009278426872, 'D_low': 54284.975546104855, 'k2': 0.0021265715453506052, 'D_high': 639119.2789739739, 'fire_exp': 2.1175721513038446, 'P_half': 155.98342060374762, 'pre_dampen_half': 40.55977468626099, 'gpp_af': 1.2273078383495226, 'gpp_b': 0.05540787341070959, 'gpp_d': 362.8133177443054, 'ign_k': 0.019223422549574595, 'ign_c': 2.8313357908382994, 'trop_agb_crit': 4.252463655753292, 'trop_k_veg': 7.385698636811838, 'gdp_gamma': 0.279653757047448, 'fuel_k': 0.01631818416421813, 'fuel_half': 57.408680087111634}. Best is trial 335 with value: -0.6233152110406992.
[I 2026-07-24 02:09:04,140] Trial 409 finished with value: 0.41602926967363096 and parameters: {'k1': 0.00044999461312950566, 'D_low': 10.557062611058548, 'k2': 0.00956083452601459, 'D_high': 736065.1913207476, 'fire_exp': 1.9847377671556081, 'P_half': 46.83544681652345, 'pre_dampen_half': 731.8073321920097, 'gpp_af': 0.012697372037014135, 'gpp_b': 2.113276875697249e-05, 'gpp_d': 69.41963401311327, 'ign_k': 0.0012807068795692516, 'ign_c': 1.100561173965581, 'trop_agb_crit': 6.0893429757254625, 'trop_k_veg': 0.6011357660753526, 'gdp_gamma': 0.38067282388915685, 'fuel_k': 0.08180238058313434, 'fuel_half': 19.01687321710109}. Best is trial 335 with value: -0.6233152110406992.
[I 2026-07-24 02:09:04,581] Trial 410 finished with value: 0.6170115511720365 and parameters: {'k1': 0.0018056066428485808, 'D_low': 548.8365001104904, 'k2': 0.04913691985542928, 'D_high': 3897880.1722932276, 'fire_exp': 2.883237701414618, 'P_half': 19.187514531776017, 'pre_dampen_half': 497.70294855076446, 'gpp_af': 0.03939548639494751, 'gpp_b': 0.028876146943432563, 'gpp_d': 22.996975179072958, 'ign_k': 0.0010917124416393168, 'ign_c': 1.856389704807911, 'trop_agb_crit': 3.1589539481686093, 'trop_k_veg': 4.062745654153855, 'gdp_gamma': 0.14889000907451794, 'fuel_k': 0.031134274488663516, 'fuel_half': 34.46530688944962}. Best is trial 335 with value: -0.6233152110406992.
[I 2026-07-24 02:09:05,028] Trial 411 finished with value: 0.41953053585967526 and parameters: {'k1': 0.004956638601333392, 'D_low': 63.989871634507985, 'k2': 0.005582736898556173, 'D_high': 774547.2605938988, 'fire_exp': 3.9525625373699214, 'P_half': 16.03794185001533, 'pre_dampen_half': 8.744107487615905, 'gpp_af': 1.428863624747005, 'gpp_b': 0.40650733112094206, 'gpp_d': 826.8923631771531, 'ign_k': 0.045901311157123016, 'ign_c': 0.11887878775862129, 'trop_agb_crit': 7.649247606090067, 'trop_k_veg': 6.1168532673309715, 'gdp_gamma': 1.4379721262474878, 'fuel_k': 0.017663519582763024, 'fuel_half': 39.39286005920489}. Best is trial 335 with value: -0.6233152110406992.
[I 2026-07-24 02:09:05,472] Trial 412 finished with value: 0.4356900713505333 and parameters: {'k1': 9.58511478627991e-05, 'D_low': 430.87169394242335, 'k2': 0.03454328958103437, 'D_high': 8611574.254146377, 'fire_exp': 1.295913205109221, 'P_half': 12.390233394245845, 'pre_dampen_half': 0.3612537786136035, 'gpp_af': 0.3987480069103477, 'gpp_b': 0.0004284304574260869, 'gpp_d': 1.1229302721214849, 'ign_k': 0.03945132990451902, 'ign_c': 10.091905456543488, 'trop_agb_crit': 15.858000746514408, 'trop_k_veg': 1.4460349953436156, 'gdp_gamma': 0.9952988450959479, 'fuel_k': 4.166931724570952, 'fuel_half': 50.45563063560248}. Best is trial 335 with value: -0.6233152110406992.
[I 2026-07-24 02:09:05,929] Trial 413 finished with value: 0.515540137835625 and parameters: {'k1': 0.0007533613168602608, 'D_low': 44.6929286954079, 'k2': 0.0315373711981019, 'D_high': 1809708.983985006, 'fire_exp': 1.3630789403238235, 'P_half': 48.2984301054035, 'pre_dampen_half': 470.9817690825986, 'gpp_af': 0.0027392553589617626, 'gpp_b': 0.0037824404431248152, 'gpp_d': 6.498065356660961, 'ign_k': 0.0014236578284688133, 'ign_c': 8.52412992119489, 'trop_agb_crit': 1.9110901872845387, 'trop_k_veg': 0.7519562282134119, 'gdp_gamma': 0.4840672820490171, 'fuel_k': 0.04088436089614039, 'fuel_half': 62.640302696534384}. Best is trial 335 with value: -0.6233152110406992.
[I 2026-07-24 02:09:06,387] Trial 414 finished with value: 0.5617930016945261 and parameters: {'k1': 1.3805701671539604e-05, 'D_low': 22.72111118027763, 'k2': 2.424222686291842e-05, 'D_high': 57113.94547494399, 'fire_exp': 1.4217358782234513, 'P_half': 1.6723501270584071, 'pre_dampen_half': 8.29018098612961, 'gpp_af': 0.02000061468697855, 'gpp_b': 0.0002528853122150064, 'gpp_d': 0.012689622867284731, 'ign_k': 0.0010510699694825933, 'ign_c': 393.12797267255297, 'trop_agb_crit': 5.66409096668783, 'trop_k_veg': 1.6501162846976472, 'gdp_gamma': 1.2402081878200233, 'fuel_k': 0.01942656668448699, 'fuel_half': 27.059292302558166}. Best is trial 335 with value: -0.6233152110406992.
[I 2026-07-24 02:09:06,838] Trial 415 finished with value: 0.4333048140893381 and parameters: {'k1': 0.00011175363262000178, 'D_low': 247.05456625516788, 'k2': 0.07249686829313093, 'D_high': 609323.4234160678, 'fire_exp': 1.1274574811008788, 'P_half': 14.714161144664248, 'pre_dampen_half': 0.28589211094112876, 'gpp_af': 0.28176715673925334, 'gpp_b': 1.2368933971814702e-05, 'gpp_d': 34.09086236128744, 'ign_k': 0.008542599586616068, 'ign_c': 9.546397215806664, 'trop_agb_crit': 11.00414282402639, 'trop_k_veg': 1.1282790824389104, 'gdp_gamma': 0.7125939411025992, 'fuel_k': 0.21556468083106214, 'fuel_half': 26.86028943539691}. Best is trial 335 with value: -0.6233152110406992.
