[I 2026-06-09 12:26:15,686] Trial 1209 finished with values: [10.354630093842207, 10.354630093842207] and parameters: {'k1': 0.007519407491506672, 'D_low': 3.4786948088723384, 'k2': 0.010127455512700306, 'D_high': 69868.4759244566, 'fire_exp': 2.10707132280748, 'P_half': 108.21382910613987, 'pre_dampen_half': 566.2858823465564, 'gpp_af': 0.5107061330406066, 'gpp_b': 0.0028993292583566945, 'gpp_d': 1.5988721385117124, 'ign_k': 0.3242143344038317, 'ign_c': 0.20319809838424974, 'trop_agb_crit': 1.259515631748535, 'trop_k_veg': 1.1517712915946832}.
[I 2026-06-09 12:26:16,836] Trial 1210 finished with values: [10.556515325984243, 10.556515325984243] and parameters: {'k1': 0.01549659926581634, 'D_low': 115.44738876452311, 'k2': 0.037633129263701104, 'D_high': 39655.03094323017, 'fire_exp': 2.10707132280748, 'P_half': 149.35213816355395, 'pre_dampen_half': 19.26530022550305, 'gpp_af': 1.3218737536384089, 'gpp_b': 0.00977702299083608, 'gpp_d': 26.003623362924223, 'ign_k': 3.1536006085184716, 'ign_c': 21.132597710340573, 'trop_agb_crit': 19.51558406059598, 'trop_k_veg': 1.8981057964668895}.
[I 2026-06-09 12:26:18,015] Trial 1211 finished with values: [-0.5545483506486644, 0.13178807675214976] and parameters: {'k1': 0.007519407491506672, 'D_low': 35.02761367842313, 'k2': 0.0009749762207436118, 'D_high': 67059.21794825823, 'fire_exp': 2.10707132280748, 'P_half': 149.35213816355395, 'pre_dampen_half': 566.2858823465564, 'gpp_af': 0.13767835510755025, 'gpp_b': 2.5926751083070554e-05, 'gpp_d': 1.6983565276584263, 'ign_k': 0.3242143344038317, 'ign_c': 21.132597710340573, 'trop_agb_crit': 19.51558406059598, 'trop_k_veg': 1.8981057964668895}.
[I 2026-06-09 12:26:19,230] Trial 1212 finished with values: [-0.563440869464778, 0.0933117459840096] and parameters: {'k1': 0.028261051090193647, 'D_low': 2.3244932709566686, 'k2': 1.691293129333294e-05, 'D_high': 39655.03094323017, 'fire_exp': 2.10707132280748, 'P_half': 1.4045842344024697, 'pre_dampen_half': 673.2248920775328, 'gpp_af': 0.5107061330406066, 'gpp_b': 0.0028993292583566945, 'gpp_d': 26.003623362924223, 'ign_k': 3.1536006085184716, 'ign_c': 18.43395662181926, 'trop_agb_crit': 2.6695352180079177, 'trop_k_veg': 4.8737397608275925}.
[I 2026-06-09 12:26:20,547] Trial 1213 finished with values: [10.002044261934602, 10.002044261934602] and parameters: {'k1': 0.01549659926581634, 'D_low': 13.450805685166461, 'k2': 0.037633129263701104, 'D_high': 14268.845807630427, 'fire_exp': 2.10707132280748, 'P_half': 11.138398071670313, 'pre_dampen_half': 566.2858823465564, 'gpp_af': 0.01942738928156656, 'gpp_b': 0.002262927522655115, 'gpp_d': 26.003623362924223, 'ign_k': 0.3242143344038317, 'ign_c': 21.132597710340573, 'trop_agb_crit': 19.51558406059598, 'trop_k_veg': 1.8981057964668895}.
[I 2026-06-09 12:26:21,759] Trial 1214 finished with values: [10.213941859172639, 10.213941859172639] and parameters: {'k1': 0.01549659926581634, 'D_low': 13.180029267201178, 'k2': 0.037633129263701104, 'D_high': 14268.845807630427, 'fire_exp': 2.10707132280748, 'P_half': 149.35213816355395, 'pre_dampen_half': 566.2858823465564, 'gpp_af': 0.017174891231677054, 'gpp_b': 0.002262927522655115, 'gpp_d': 99.3234953243749, 'ign_k': 0.3242143344038317, 'ign_c': 21.132597710340573, 'trop_agb_crit': 19.51558406059598, 'trop_k_veg': 1.8981057964668895}.
[I 2026-06-09 12:26:22,957] Trial 1215 finished with values: [10.892857142659844, 10.892857142659844] and parameters: {'k1': 0.01549659926581634, 'D_low': 13.180029267201178, 'k2': 0.03505767590795631, 'D_high': 39655.03094323017, 'fire_exp': 2.10707132280748, 'P_half': 235.60111244806714, 'pre_dampen_half': 566.2858823465564, 'gpp_af': 1.3218737536384089, 'gpp_b': 0.002262927522655115, 'gpp_d': 26.003623362924223, 'ign_k': 0.3242143344038317, 'ign_c': 421.7142944025065, 'trop_agb_crit': 2.6695352180079177, 'trop_k_veg': 0.998742590023828}.
[I 2026-06-09 12:26:24,549] Trial 1216 finished with values: [10.022233616924767, 10.022233616924767] and parameters: {'k1': 0.01549659926581634, 'D_low': 125.32726386250698, 'k2': 0.037633129263701104, 'D_high': 39655.03094323017, 'fire_exp': 2.10707132280748, 'P_half': 149.35213816355395, 'pre_dampen_half': 673.2248920775328, 'gpp_af': 21.258647437649888, 'gpp_b': 1.7213644875359617e-05, 'gpp_d': 500.2195003344709, 'ign_k': 0.3242143344038317, 'ign_c': 21.132597710340573, 'trop_agb_crit': 19.51558406059598, 'trop_k_veg': 4.8737397608275925}.
[I 2026-06-09 12:26:25,716] Trial 1217 finished with values: [10.849911700127256, 10.849911700127256] and parameters: {'k1': 0.00515305301141249, 'D_low': 1.254144753902608, 'k2': 1.5412172709801895e-05, 'D_high': 39655.03094323017, 'fire_exp': 1.608176525358426, 'P_half': 1.4045842344024697, 'pre_dampen_half': 0.22895420837525207, 'gpp_af': 0.01942738928156656, 'gpp_b': 0.002262927522655115, 'gpp_d': 26.003623362924223, 'ign_k': 3.1536006085184716, 'ign_c': 0.2354846262871537, 'trop_agb_crit': 1.3063813396521713, 'trop_k_veg': 4.51930447316402}.
[I 2026-06-09 12:26:26,996] Trial 1218 finished with values: [10.324056612120529, 10.324056612120529] and parameters: {'k1': 0.01549659926581634, 'D_low': 1.254144753902608, 'k2': 0.06994589881535453, 'D_high': 14268.845807630427, 'fire_exp': 2.10707132280748, 'P_half': 1.4045842344024697, 'pre_dampen_half': 566.2858823465564, 'gpp_af': 1.3218737536384089, 'gpp_b': 0.002262927522655115, 'gpp_d': 26.003623362924223, 'ign_k': 0.3242143344038317, 'ign_c': 21.132597710340573, 'trop_agb_crit': 12.123761779314275, 'trop_k_veg': 4.51930447316402}.
[I 2026-06-09 12:26:28,440] Trial 1219 finished with values: [10.12456499205644, 10.12456499205644] and parameters: {'k1': 0.01549659926581634, 'D_low': 2.3244932709566686, 'k2': 0.06994589881535453, 'D_high': 14268.845807630427, 'fire_exp': 2.10707132280748, 'P_half': 1.4045842344024697, 'pre_dampen_half': 673.2248920775328, 'gpp_af': 0.01942738928156656, 'gpp_b': 0.0028993292583566945, 'gpp_d': 1.6983565276584263, 'ign_k': 0.3242143344038317, 'ign_c': 18.43395662181926, 'trop_agb_crit': 19.51558406059598, 'trop_k_veg': 1.8981057964668895}.
[I 2026-06-09 12:26:29,660] Trial 1220 finished with values: [10.166437145023236, 10.166437145023236] and parameters: {'k1': 0.01549659926581634, 'D_low': 115.44738876452311, 'k2': 0.0004471851399162796, 'D_high': 14268.845807630427, 'fire_exp': 1.608176525358426, 'P_half': 1.4045842344024697, 'pre_dampen_half': 340.6909167027263, 'gpp_af': 1.5166550780280448, 'gpp_b': 0.00977702299083608, 'gpp_d': 500.2195003344709, 'ign_k': 0.3242143344038317, 'ign_c': 21.132597710340573, 'trop_agb_crit': 19.51558406059598, 'trop_k_veg': 1.8981057964668895}.
[I 2026-06-09 12:26:30,854] Trial 1221 finished with values: [10.26773812350179, 10.26773812350179] and parameters: {'k1': 0.01549659926581634, 'D_low': 13.180029267201178, 'k2': 0.06994589881535453, 'D_high': 2471.1617679707197, 'fire_exp': 2.10707132280748, 'P_half': 28.647019533509873, 'pre_dampen_half': 566.2858823465564, 'gpp_af': 0.01942738928156656, 'gpp_b': 1.7213644875359617e-05, 'gpp_d': 500.2195003344709, 'ign_k': 0.4303356629825978, 'ign_c': 21.132597710340573, 'trop_agb_crit': 19.51558406059598, 'trop_k_veg': 4.51930447316402}.
[I 2026-06-09 12:26:32,024] Trial 1222 finished with values: [-0.5716369350030055, 0.08025705469440592] and parameters: {'k1': 0.01549659926581634, 'D_low': 12.115155843077673, 'k2': 0.0004471851399162796, 'D_high': 14268.845807630427, 'fire_exp': 1.608176525358426, 'P_half': 1.4045842344024697, 'pre_dampen_half': 269.0845367054866, 'gpp_af': 0.01942738928156656, 'gpp_b': 0.002262927522655115, 'gpp_d': 500.2195003344709, 'ign_k': 0.3242143344038317, 'ign_c': 21.132597710340573, 'trop_agb_crit': 19.51558406059598, 'trop_k_veg': 1.8981057964668895}.
[I 2026-06-09 12:26:33,226] Trial 1223 finished with values: [10.026055081848957, 10.026055081848957] and parameters: {'k1': 0.01549659926581634, 'D_low': 115.44738876452311, 'k2': 0.0005700142105246941, 'D_high': 67059.21794825823, 'fire_exp': 2.10707132280748, 'P_half': 149.35213816355395, 'pre_dampen_half': 340.6909167027263, 'gpp_af': 1.3218737536384089, 'gpp_b': 2.5926751083070554e-05, 'gpp_d': 1.6983565276584263, 'ign_k': 1.0904180946559943, 'ign_c': 21.132597710340573, 'trop_agb_crit': 2.6695352180079177, 'trop_k_veg': 1.8981057964668895}.
[I 2026-06-09 12:26:34,544] Trial 1224 finished with values: [-0.5036702371258969, 0.24439400232479014] and parameters: {'k1': 0.0006294472924834207, 'D_low': 35.02761367842313, 'k2': 0.037633129263701104, 'D_high': 14268.845807630427, 'fire_exp': 2.10707132280748, 'P_half': 1.4045842344024697, 'pre_dampen_half': 566.2858823465564, 'gpp_af': 7.64808638731916, 'gpp_b': 0.00015304633681488832, 'gpp_d': 26.003623362924223, 'ign_k': 0.3242143344038317, 'ign_c': 21.132597710340573, 'trop_agb_crit': 12.123761779314275, 'trop_k_veg': 4.51930447316402}.
[I 2026-06-09 12:26:35,917] Trial 1225 finished with values: [10.384201023837848, 10.384201023837848] and parameters: {'k1': 0.01549659926581634, 'D_low': 125.32726386250698, 'k2': 8.488887549001697e-05, 'D_high': 14268.845807630427, 'fire_exp': 2.10707132280748, 'P_half': 1.4045842344024697, 'pre_dampen_half': 566.2858823465564, 'gpp_af': 1.5166550780280448, 'gpp_b': 0.002262927522655115, 'gpp_d': 500.2195003344709, 'ign_k': 0.0018258480425922795, 'ign_c': 21.132597710340573, 'trop_agb_crit': 19.51558406059598, 'trop_k_veg': 4.8737397608275925}.
[I 2026-06-09 12:26:37,103] Trial 1226 finished with values: [10.353391352808886, 10.353391352808886] and parameters: {'k1': 0.01549659926581634, 'D_low': 89.18355390301991, 'k2': 0.06994589881535453, 'D_high': 14268.845807630427, 'fire_exp': 2.10707132280748, 'P_half': 1.4045842344024697, 'pre_dampen_half': 566.2858823465564, 'gpp_af': 0.01942738928156656, 'gpp_b': 1.5910418420486784e-05, 'gpp_d': 26.003623362924223, 'ign_k': 0.3242143344038317, 'ign_c': 21.132597710340573, 'trop_agb_crit': 19.51558406059598, 'trop_k_veg': 4.51930447316402}.
[I 2026-06-09 12:26:38,298] Trial 1227 finished with values: [10.247683098084915, 10.247683098084915] and parameters: {'k1': 0.01549659926581634, 'D_low': 125.32726386250698, 'k2': 0.06994589881535453, 'D_high': 2471.1617679707197, 'fire_exp': 2.10707132280748, 'P_half': 1.4045842344024697, 'pre_dampen_half': 673.2248920775328, 'gpp_af': 0.01942738928156656, 'gpp_b': 0.002262927522655115, 'gpp_d': 26.003623362924223, 'ign_k': 0.3242143344038317, 'ign_c': 21.132597710340573, 'trop_agb_crit': 19.51558406059598, 'trop_k_veg': 4.51930447316402}.
[I 2026-06-09 12:26:39,507] Trial 1228 finished with values: [-0.46421236092586116, 0.2894941579916366] and parameters: {'k1': 0.01549659926581634, 'D_low': 125.32726386250698, 'k2': 8.488887549001697e-05, 'D_high': 20424.506990274727, 'fire_exp': 1.608176525358426, 'P_half': 1.4045842344024697, 'pre_dampen_half': 566.2858823465564, 'gpp_af': 21.258647437649888, 'gpp_b': 0.002262927522655115, 'gpp_d': 26.003623362924223, 'ign_k': 0.001780790432997079, 'ign_c': 21.132597710340573, 'trop_agb_crit': 7.9684992932753556, 'trop_k_veg': 4.8737397608275925}.
[I 2026-06-09 12:26:40,746] Trial 1229 finished with values: [10.62522717466916, 10.62522717466916] and parameters: {'k1': 1.263794633808287e-05, 'D_low': 125.32726386250698, 'k2': 0.0005700142105246941, 'D_high': 23341.737328466752, 'fire_exp': 2.10707132280748, 'P_half': 28.647019533509873, 'pre_dampen_half': 340.55500453351846, 'gpp_af': 0.4025222451217556, 'gpp_b': 0.002262927522655115, 'gpp_d': 26.003623362924223, 'ign_k': 0.3242143344038317, 'ign_c': 21.132597710340573, 'trop_agb_crit': 1.5144860262751405, 'trop_k_veg': 4.8737397608275925}.
[I 2026-06-09 12:26:42,124] Trial 1230 finished with values: [10.733337776446868, 10.733337776446868] and parameters: {'k1': 0.0030219760889797966, 'D_low': 13.180029267201178, 'k2': 0.037633129263701104, 'D_high': 14268.845807630427, 'fire_exp': 2.10707132280748, 'P_half': 17.655835392092534, 'pre_dampen_half': 11.164047352793695, 'gpp_af': 0.004968517863427781, 'gpp_b': 0.002262927522655115, 'gpp_d': 4.593073670985391, 'ign_k': 0.3242143344038317, 'ign_c': 4.409429572182858, 'trop_agb_crit': 19.51558406059598, 'trop_k_veg': 1.8981057964668895}.
[I 2026-06-09 12:26:43,387] Trial 1231 finished with values: [10.892551743145857, 10.892551743145857] and parameters: {'k1': 0.028261051090193647, 'D_low': 2.3244932709566686, 'k2': 0.0009749762207436118, 'D_high': 39655.03094323017, 'fire_exp': 2.4902446681314054, 'P_half': 1.4045842344024697, 'pre_dampen_half': 673.2248920775328, 'gpp_af': 0.054540188084538546, 'gpp_b': 2.5061096807647916, 'gpp_d': 1.6983565276584263, 'ign_k': 0.3242143344038317, 'ign_c': 1.8836925134820866, 'trop_agb_crit': 2.6695352180079177, 'trop_k_veg': 4.8737397608275925}.
[I 2026-06-09 12:26:44,556] Trial 1232 finished with values: [10.27639306115338, 10.27639306115338] and parameters: {'k1': 0.01549659926581634, 'D_low': 1.254144753902608, 'k2': 1.5412172709801895e-05, 'D_high': 14268.845807630427, 'fire_exp': 1.608176525358426, 'P_half': 1.4045842344024697, 'pre_dampen_half': 340.6909167027263, 'gpp_af': 0.01942738928156656, 'gpp_b': 0.00977702299083608, 'gpp_d': 26.003623362924223, 'ign_k': 0.3242143344038317, 'ign_c': 0.20319809838424974, 'trop_agb_crit': 1.6369193980425034, 'trop_k_veg': 4.51930447316402}.
[I 2026-06-09 12:26:46,158] Trial 1233 finished with values: [10.062823456106493, 10.062823456106493] and parameters: {'k1': 0.01549659926581634, 'D_low': 68.8314745893381, 'k2': 0.013805946158117076, 'D_high': 14268.845807630427, 'fire_exp': 2.10707132280748, 'P_half': 1.4045842344024697, 'pre_dampen_half': 566.2858823465564, 'gpp_af': 0.5107061330406066, 'gpp_b': 0.0006809980431188124, 'gpp_d': 288.68448554985713, 'ign_k': 0.3242143344038317, 'ign_c': 21.132597710340573, 'trop_agb_crit': 1.259515631748535, 'trop_k_veg': 4.51930447316402}.
[I 2026-06-09 12:26:47,506] Trial 1234 finished with values: [10.072613642779151, 10.072613642779151] and parameters: {'k1': 0.01549659926581634, 'D_low': 1.222625887316046, 'k2': 0.0005700142105246941, 'D_high': 39655.03094323017, 'fire_exp': 2.10707132280748, 'P_half': 50.32059347286801, 'pre_dampen_half': 340.6909167027263, 'gpp_af': 1.3218737536384089, 'gpp_b': 0.00977702299083608, 'gpp_d': 26.003623362924223, 'ign_k': 3.1536006085184716, 'ign_c': 21.132597710340573, 'trop_agb_crit': 2.6695352180079177, 'trop_k_veg': 1.8981057964668895}.
[I 2026-06-09 12:26:48,891] Trial 1235 finished with values: [10.531518115035142, 10.531518115035142] and parameters: {'k1': 0.00515305301141249, 'D_low': 452.0211383882608, 'k2': 8.488887549001697e-05, 'D_high': 71380.1961185405, 'fire_exp': 2.10707132280748, 'P_half': 1.4045842344024697, 'pre_dampen_half': 673.2248920775328, 'gpp_af': 0.01942738928156656, 'gpp_b': 0.002262927522655115, 'gpp_d': 26.003623362924223, 'ign_k': 0.3242143344038317, 'ign_c': 18.43395662181926, 'trop_agb_crit': 1.3063813396521713, 'trop_k_veg': 4.51930447316402}.
[I 2026-06-09 12:26:50,172] Trial 1236 finished with values: [13.292936787845063, 13.292936787845063] and parameters: {'k1': 0.01549659926581634, 'D_low': 115.44738876452311, 'k2': 0.0005700142105246941, 'D_high': 20424.506990274727, 'fire_exp': 1.14171776851287, 'P_half': 1.8942844905792813, 'pre_dampen_half': 566.2858823465564, 'gpp_af': 1.3218737536384089, 'gpp_b': 0.002262927522655115, 'gpp_d': 26.003623362924223, 'ign_k': 3.1536006085184716, 'ign_c': 1.887567630782227, 'trop_agb_crit': 12.123761779314275, 'trop_k_veg': 1.8981057964668895}.
[I 2026-06-09 12:26:51,406] Trial 1237 finished with values: [10.53880039860939, 10.53880039860939] and parameters: {'k1': 0.007519407491506672, 'D_low': 7.145711288893932, 'k2': 0.0009749762207436118, 'D_high': 67059.21794825823, 'fire_exp': 2.10707132280748, 'P_half': 149.35213816355395, 'pre_dampen_half': 566.2858823465564, 'gpp_af': 0.5107061330406066, 'gpp_b': 0.0028993292583566945, 'gpp_d': 1.6983565276584263, 'ign_k': 3.1536006085184716, 'ign_c': 0.20319809838424974, 'trop_agb_crit': 19.51558406059598, 'trop_k_veg': 1.8981057964668895}.
[I 2026-06-09 12:26:52,605] Trial 1238 finished with values: [-0.5664876739299667, 0.0672337091311015] and parameters: {'k1': 0.01549659926581634, 'D_low': 13.180029267201178, 'k2': 0.037633129263701104, 'D_high': 14268.845807630427, 'fire_exp': 1.608176525358426, 'P_half': 149.35213816355395, 'pre_dampen_half': 673.2248920775328, 'gpp_af': 0.01942738928156656, 'gpp_b': 0.002262927522655115, 'gpp_d': 500.2195003344709, 'ign_k': 0.3242143344038317, 'ign_c': 18.43395662181926, 'trop_agb_crit': 1.5144860262751405, 'trop_k_veg': 4.8737397608275925}.
[I 2026-06-09 12:26:53,842] Trial 1239 finished with values: [10.892857142659844, 10.892857142659844] and parameters: {'k1': 0.01549659926581634, 'D_low': 1.254144753902608, 'k2': 0.06994589881535453, 'D_high': 1740.4948150194386, 'fire_exp': 2.10707132280748, 'P_half': 1.4045842344024697, 'pre_dampen_half': 566.2858823465564, 'gpp_af': 0.004050483631781762, 'gpp_b': 0.00015304633681488832, 'gpp_d': 26.003623362924223, 'ign_k': 0.3242143344038317, 'ign_c': 558.843042143893, 'trop_agb_crit': 12.123761779314275, 'trop_k_veg': 4.51930447316402}.
[I 2026-06-09 12:26:55,184] Trial 1240 finished with values: [10.76032414634446, 10.76032414634446] and parameters: {'k1': 0.01549659926581634, 'D_low': 13.180029267201178, 'k2': 1.61819746743859e-05, 'D_high': 473.3400761327905, 'fire_exp': 2.10707132280748, 'P_half': 149.35213816355395, 'pre_dampen_half': 566.2858823465564, 'gpp_af': 0.5107061330406066, 'gpp_b': 0.002262927522655115, 'gpp_d': 99.3234953243749, 'ign_k': 0.10906578074524083, 'ign_c': 21.132597710340573, 'trop_agb_crit': 2.6695352180079177, 'trop_k_veg': 1.8981057964668895}.
[I 2026-06-09 12:26:56,531] Trial 1241 finished with values: [10.050867301053666, 10.050867301053666] and parameters: {'k1': 0.01549659926581634, 'D_low': 10.980728756907085, 'k2': 0.06994589881535453, 'D_high': 39655.03094323017, 'fire_exp': 2.10707132280748, 'P_half': 1.4045842344024697, 'pre_dampen_half': 340.6909167027263, 'gpp_af': 1.3218737536384089, 'gpp_b': 0.002262927522655115, 'gpp_d': 26.003623362924223, 'ign_k': 0.3242143344038317, 'ign_c': 21.132597710340573, 'trop_agb_crit': 2.6695352180079177, 'trop_k_veg': 1.8981057964668895}.
[I 2026-06-09 12:26:57,794] Trial 1242 finished with values: [-0.5143006379173425, 0.1826518530605412] and parameters: {'k1': 0.01549659926581634, 'D_low': 125.32726386250698, 'k2': 0.0005700142105246941, 'D_high': 8380.768799422985, 'fire_exp': 1.608176525358426, 'P_half': 28.647019533509873, 'pre_dampen_half': 340.6909167027263, 'gpp_af': 80.62791930582841, 'gpp_b': 0.0017100237531775793, 'gpp_d': 26.003623362924223, 'ign_k': 3.1536006085184716, 'ign_c': 21.132597710340573, 'trop_agb_crit': 2.6695352180079177, 'trop_k_veg': 1.8981057964668895}.
[I 2026-06-09 12:26:58,996] Trial 1243 finished with values: [10.156949264330308, 10.156949264330308] and parameters: {'k1': 0.00515305301141249, 'D_low': 1.254144753902608, 'k2': 0.06994589881535453, 'D_high': 20424.506990274727, 'fire_exp': 2.10707132280748, 'P_half': 1.4045842344024697, 'pre_dampen_half': 566.2858823465564, 'gpp_af': 0.01942738928156656, 'gpp_b': 0.002262927522655115, 'gpp_d': 26.003623362924223, 'ign_k': 0.3242143344038317, 'ign_c': 21.132597710340573, 'trop_agb_crit': 12.123761779314275, 'trop_k_veg': 4.51930447316402}.
[I 2026-06-09 12:27:00,168] Trial 1244 finished with values: [-0.5421329822306407, 0.22633041141716503] and parameters: {'k1': 0.01549659926581634, 'D_low': 9.178481720510277, 'k2': 0.06994589881535453, 'D_high': 39655.03094323017, 'fire_exp': 2.10707132280748, 'P_half': 1.4045842344024697, 'pre_dampen_half': 340.6909167027263, 'gpp_af': 0.5107061330406066, 'gpp_b': 0.00015304633681488832, 'gpp_d': 26.003623362924223, 'ign_k': 0.10906578074524083, 'ign_c': 21.132597710340573, 'trop_agb_crit': 2.6695352180079177, 'trop_k_veg': 1.8981057964668895}.
[I 2026-06-09 12:27:01,531] Trial 1245 finished with values: [-0.5871250890244768, 0.07965411785348242] and parameters: {'k1': 0.01549659926581634, 'D_low': 115.44738876452311, 'k2': 0.0005700142105246941, 'D_high': 39655.03094323017, 'fire_exp': 2.10707132280748, 'P_half': 50.32059347286801, 'pre_dampen_half': 340.6909167027263, 'gpp_af': 1.3218737536384089, 'gpp_b': 0.00977702299083608, 'gpp_d': 26.003623362924223, 'ign_k': 3.1536006085184716, 'ign_c': 21.132597710340573, 'trop_agb_crit': 2.6695352180079177, 'trop_k_veg': 1.8981057964668895}.
[I 2026-06-09 12:27:02,892] Trial 1246 finished with values: [10.062034776813418, 10.062034776813418] and parameters: {'k1': 0.01549659926581634, 'D_low': 1.254144753902608, 'k2': 8.488887549001697e-05, 'D_high': 20424.506990274727, 'fire_exp': 2.10707132280748, 'P_half': 1.4045842344024697, 'pre_dampen_half': 673.2248920775328, 'gpp_af': 0.01942738928156656, 'gpp_b': 0.0003460830859824832, 'gpp_d': 500.2195003344709, 'ign_k': 0.3242143344038317, 'ign_c': 18.43395662181926, 'trop_agb_crit': 12.123761779314275, 'trop_k_veg': 4.51930447316402}.
[I 2026-06-09 12:27:04,187] Trial 1247 finished with values: [-0.5716369350030055, 0.08025705469440592] and parameters: {'k1': 0.01549659926581634, 'D_low': 12.115155843077673, 'k2': 0.0004471851399162796, 'D_high': 14268.845807630427, 'fire_exp': 1.608176525358426, 'P_half': 1.4045842344024697, 'pre_dampen_half': 269.0845367054866, 'gpp_af': 0.01942738928156656, 'gpp_b': 0.002262927522655115, 'gpp_d': 500.2195003344709, 'ign_k': 0.3242143344038317, 'ign_c': 21.132597710340573, 'trop_agb_crit': 19.51558406059598, 'trop_k_veg': 1.8981057964668895}.
