[I 2026-07-24 02:09:21,725] Trial 448 finished with value: 0.48485736405701696 and parameters: {'k1': 0.00015239728580461326, 'D_low': 19.22096552981067, 'k2': 0.04400510724240394, 'D_high': 39633.62942937637, 'fire_exp': 2.193172435932626, 'P_half': 2.2100536882871036, 'pre_dampen_half': 260.7288918170341, 'gpp_af': 0.001888524930850737, 'gpp_b': 0.0002613139214998832, 'gpp_d': 24.861936044307615, 'ign_k': 0.0013272127246909857, 'ign_c': 9.520842875626016, 'trop_agb_crit': 7.110414698249109, 'trop_k_veg': 0.5105247050505822, 'gdp_gamma': 0.6666608261956259, 'fuel_k': 0.1656763198052798, 'fuel_half': 6.431793034217674}. Best is trial 335 with value: -0.6233152110406992.
[I 2026-07-24 02:09:22,175] Trial 449 finished with value: 0.48802489253288317 and parameters: {'k1': 3.0500986115903364e-05, 'D_low': 69.29285691787179, 'k2': 0.0012071863283037755, 'D_high': 841192.1453932455, 'fire_exp': 3.055809447647287, 'P_half': 3.727614973723074, 'pre_dampen_half': 110.70269857017416, 'gpp_af': 1.7868369783002793, 'gpp_b': 1.198189415840588e-05, 'gpp_d': 150.13821139869816, 'ign_k': 0.007710404078964318, 'ign_c': 2.878334410654312, 'trop_agb_crit': 6.06460910156375, 'trop_k_veg': 3.1227255416381166, 'gdp_gamma': 0.42210879937926676, 'fuel_k': 0.03348781150034024, 'fuel_half': 27.859760548301484}. Best is trial 335 with value: -0.6233152110406992.
[I 2026-07-24 02:09:22,661] Trial 450 finished with value: 0.4141700858210995 and parameters: {'k1': 0.003995489222861317, 'D_low': 372.4865558889949, 'k2': 0.008486997766765727, 'D_high': 5093601.472035915, 'fire_exp': 2.729192350279413, 'P_half': 18.54486010010841, 'pre_dampen_half': 127.30751561942031, 'gpp_af': 0.022995761885850396, 'gpp_b': 2.404178201127835e-05, 'gpp_d': 30.904438094649773, 'ign_k': 0.01119392349827319, 'ign_c': 2.064186438825898, 'trop_agb_crit': 15.715045462536052, 'trop_k_veg': 2.082166914988393, 'gdp_gamma': 0.5748576530823764, 'fuel_k': 0.018900108699847776, 'fuel_half': 98.09143760514515}. Best is trial 335 with value: -0.6233152110406992.
[I 2026-07-24 02:09:23,155] Trial 451 finished with value: 0.6083820032107552 and parameters: {'k1': 0.04940505169301446, 'D_low': 220766.09194667102, 'k2': 2.1889841182859103e-05, 'D_high': 4044112.816573597, 'fire_exp': 1.8700041149030744, 'P_half': 78.94986094409046, 'pre_dampen_half': 243.5574619319022, 'gpp_af': 0.030893016318428532, 'gpp_b': 0.00010447448998530292, 'gpp_d': 1.0879855197124775, 'ign_k': 0.0804941471751338, 'ign_c': 6.581686266983894, 'trop_agb_crit': 3.582103253268295, 'trop_k_veg': 0.5452323940901445, 'gdp_gamma': 0.48504375491186225, 'fuel_k': 0.02231490484222535, 'fuel_half': 26.20475128934046}. Best is trial 335 with value: -0.6233152110406992.
[I 2026-07-24 02:09:23,623] Trial 452 finished with value: 0.6415714708331208 and parameters: {'k1': 0.0322438947595916, 'D_low': 364503.1995155611, 'k2': 0.001225064546000413, 'D_high': 1046904.9842474399, 'fire_exp': 1.208776661089901, 'P_half': 1.4235835149786913, 'pre_dampen_half': 1.6418649715730942, 'gpp_af': 69.99387987126232, 'gpp_b': 2.0314899119116774, 'gpp_d': 81.82631665057028, 'ign_k': 0.0764859087465701, 'ign_c': 21.751260521601488, 'trop_agb_crit': 2.084067786987308, 'trop_k_veg': 0.6294655891165143, 'gdp_gamma': 0.4629408338741511, 'fuel_k': 0.8724184936988838, 'fuel_half': 20.439339436198715}. Best is trial 335 with value: -0.6233152110406992.
[I 2026-07-24 02:09:24,078] Trial 453 finished with value: 0.5755299695265125 and parameters: {'k1': 0.0778230757042334, 'D_low': 75047.03752861549, 'k2': 0.0019263839266486036, 'D_high': 587216.0494428619, 'fire_exp': 1.4978889352585263, 'P_half': 18.64156611562939, 'pre_dampen_half': 102.3618670592294, 'gpp_af': 1.9828292962137102, 'gpp_b': 0.007858887367976158, 'gpp_d': 59.196648846900885, 'ign_k': 0.011312054770841714, 'ign_c': 32.028080876933366, 'trop_agb_crit': 2.3658220352180224, 'trop_k_veg': 0.619617503605893, 'gdp_gamma': 0.20348990871361697, 'fuel_k': 0.2832438529912653, 'fuel_half': 20.547019953739728}. Best is trial 335 with value: -0.6233152110406992.
[I 2026-07-24 02:09:24,530] Trial 454 finished with value: -0.562120188708128 and parameters: {'k1': 0.0069073267710601256, 'D_low': 175.3824750615698, 'k2': 0.07257757499702451, 'D_high': 128631.66659516202, 'fire_exp': 1.5763281780606508, 'P_half': 1.6090626746682273, 'pre_dampen_half': 5.767286594894999, 'gpp_af': 11.621354519988456, 'gpp_b': 0.031557210869476396, 'gpp_d': 93.02805727541502, 'ign_k': 0.004351298689334162, 'ign_c': 156.13039736319251, 'trop_agb_crit': 6.773747188951964, 'trop_k_veg': 2.8250523475691103, 'gdp_gamma': 0.4222410929022354, 'fuel_k': 4.650692864497232, 'fuel_half': 13.719323317003589}. Best is trial 335 with value: -0.6233152110406992.
[I 2026-07-24 02:09:24,988] Trial 455 finished with value: 0.545369984667978 and parameters: {'k1': 0.06249075265946095, 'D_low': 34072.83796151359, 'k2': 0.013299439906675706, 'D_high': 366463.2306246311, 'fire_exp': 1.0825902827424863, 'P_half': 6.850295462099447, 'pre_dampen_half': 10.269086560499016, 'gpp_af': 33.11579133830568, 'gpp_b': 0.06175706930856105, 'gpp_d': 210.48973845372117, 'ign_k': 0.003695340985958288, 'ign_c': 168.88112361995883, 'trop_agb_crit': 1.6675349204900465, 'trop_k_veg': 0.9326730471158353, 'gdp_gamma': 0.10256619015443708, 'fuel_k': 3.109218668223681, 'fuel_half': 78.69781505571846}. Best is trial 335 with value: -0.6233152110406992.
[I 2026-07-24 02:09:25,437] Trial 456 finished with value: 0.5702494778383361 and parameters: {'k1': 0.006685749108016306, 'D_low': 262.62515230029504, 'k2': 0.005377555162378613, 'D_high': 1435741.4384655696, 'fire_exp': 3.328207974495286, 'P_half': 694.9573112993751, 'pre_dampen_half': 9.553152283365653, 'gpp_af': 0.10810441746010711, 'gpp_b': 0.0002187604070610813, 'gpp_d': 5.169312838949749, 'ign_k': 0.0023161803509809593, 'ign_c': 0.2784574387775924, 'trop_agb_crit': 3.6005423510772494, 'trop_k_veg': 5.113071094606345, 'gdp_gamma': 0.8627224162176956, 'fuel_k': 0.02552289560483439, 'fuel_half': 96.398303582216}. Best is trial 335 with value: -0.6233152110406992.
[I 2026-07-24 02:09:25,886] Trial 457 finished with value: 0.5437247587519534 and parameters: {'k1': 0.0004566425765815911, 'D_low': 198.71799930724305, 'k2': 0.003571236428396574, 'D_high': 136435.5013110775, 'fire_exp': 4.001090836010508, 'P_half': 6.354794548460673, 'pre_dampen_half': 1.7082540997189675, 'gpp_af': 0.09482344088790495, 'gpp_b': 3.1195017393397156e-05, 'gpp_d': 12.562100876870325, 'ign_k': 0.012661996055858004, 'ign_c': 7.5759448546354795, 'trop_agb_crit': 10.017116767539612, 'trop_k_veg': 0.7022704576799368, 'gdp_gamma': 1.3688442841254236, 'fuel_k': 0.41519521162542233, 'fuel_half': 90.89211112166724}. Best is trial 335 with value: -0.6233152110406992.
[I 2026-07-24 02:09:26,337] Trial 458 finished with value: 0.44290437027949203 and parameters: {'k1': 3.331227008247051e-05, 'D_low': 204.69776095932184, 'k2': 0.007014563540829634, 'D_high': 123376.60279791379, 'fire_exp': 1.1178558605168611, 'P_half': 117.7311362740147, 'pre_dampen_half': 0.3490367770705861, 'gpp_af': 0.06364678227950554, 'gpp_b': 0.0008940982547945513, 'gpp_d': 0.4702553836146441, 'ign_k': 0.0065834359026515285, 'ign_c': 3.396324406602585, 'trop_agb_crit': 23.900396758131727, 'trop_k_veg': 0.6986249207142211, 'gdp_gamma': 0.6700529053468179, 'fuel_k': 0.0820724172240049, 'fuel_half': 70.91770912344145}. Best is trial 335 with value: -0.6233152110406992.
[I 2026-07-24 02:09:26,797] Trial 459 finished with value: 0.4737173654563307 and parameters: {'k1': 5.5577924354308e-05, 'D_low': 52.84373502032769, 'k2': 5.248480682510679e-05, 'D_high': 163627.1268296872, 'fire_exp': 5.603733248385627, 'P_half': 63.37070682327356, 'pre_dampen_half': 35.11286952232649, 'gpp_af': 0.03536799898773407, 'gpp_b': 2.5335628123384293e-05, 'gpp_d': 9.400334123789795, 'ign_k': 0.30489266064687526, 'ign_c': 11.389352766657279, 'trop_agb_crit': 27.082718501324706, 'trop_k_veg': 0.5086687582009539, 'gdp_gamma': 0.0011243290095752341, 'fuel_k': 5.076998357545152, 'fuel_half': 0.49925295910425277}. Best is trial 335 with value: -0.6233152110406992.
[I 2026-07-24 02:09:27,244] Trial 460 finished with value: 0.44605119348912037 and parameters: {'k1': 3.9690933735632224e-05, 'D_low': 23.027128310700544, 'k2': 0.004003558125085335, 'D_high': 42835.96480962652, 'fire_exp': 2.789368677643434, 'P_half': 137.5565795288021, 'pre_dampen_half': 43.79028694616578, 'gpp_af': 0.1844007289128482, 'gpp_b': 1.8748507774366022e-05, 'gpp_d': 29.647831929040954, 'ign_k': 0.9946472356908274, 'ign_c': 1.3443696741609146, 'trop_agb_crit': 7.872357802851842, 'trop_k_veg': 0.8138145633260697, 'gdp_gamma': 0.007958447918508369, 'fuel_k': 4.509918380761365, 'fuel_half': 0.3771653832305929}. Best is trial 335 with value: -0.6233152110406992.
[I 2026-07-24 02:09:27,689] Trial 461 finished with value: 0.489352851286882 and parameters: {'k1': 0.0009120044234300236, 'D_low': 2210.690576282115, 'k2': 0.06641778407904572, 'D_high': 4938710.354941937, 'fire_exp': 1.8502144469762387, 'P_half': 65.63054744145893, 'pre_dampen_half': 33.45800469850457, 'gpp_af': 13.477435207795034, 'gpp_b': 0.007082256189827309, 'gpp_d': 720.3799449609135, 'ign_k': 0.006329583716275781, 'ign_c': 5.105606469109182, 'trop_agb_crit': 3.4967094397812066, 'trop_k_veg': 4.568823243145401, 'gdp_gamma': 1.1536276000665069, 'fuel_k': 0.06945013272540809, 'fuel_half': 29.530137552497898}. Best is trial 335 with value: -0.6233152110406992.
[I 2026-07-24 02:09:28,190] Trial 462 finished with value: 0.43116546160701397 and parameters: {'k1': 0.007670555707587892, 'D_low': 101.39008591482843, 'k2': 0.004145610730168577, 'D_high': 924672.2878848884, 'fire_exp': 2.4539531445417646, 'P_half': 112.8255238400591, 'pre_dampen_half': 1.6887020972493547, 'gpp_af': 0.638870029960864, 'gpp_b': 2.5362728588425708e-05, 'gpp_d': 297.3442373624276, 'ign_k': 0.0017945193583426998, 'ign_c': 4.680090935274371, 'trop_agb_crit': 23.91045716017267, 'trop_k_veg': 1.068868754389749, 'gdp_gamma': 1.0809342126388417, 'fuel_k': 0.019627713806790712, 'fuel_half': 96.34624065353977}. Best is trial 335 with value: -0.6233152110406992.
[I 2026-07-24 02:09:28,634] Trial 463 finished with value: 0.57038125388669 and parameters: {'k1': 0.06894922892353322, 'D_low': 185.0663225000113, 'k2': 0.024624354810907172, 'D_high': 3920408.87305764, 'fire_exp': 1.1075361224043154, 'P_half': 1.2345982782980298, 'pre_dampen_half': 0.6913756313289601, 'gpp_af': 1.4115458710669928, 'gpp_b': 3.2855523832611278, 'gpp_d': 224.10203641669546, 'ign_k': 0.0365626734628945, 'ign_c': 15.162809114755305, 'trop_agb_crit': 1.5892431724647498, 'trop_k_veg': 3.0812068151107193, 'gdp_gamma': 0.1793879365473286, 'fuel_k': 3.461259184395924, 'fuel_half': 40.64772345038323}. Best is trial 335 with value: -0.6233152110406992.
[I 2026-07-24 02:09:29,082] Trial 464 finished with value: 0.4033367672217 and parameters: {'k1': 8.096841623090482e-05, 'D_low': 14.738645389258286, 'k2': 0.021163336037066237, 'D_high': 375421.9229330655, 'fire_exp': 1.2814596374589204, 'P_half': 281.82739391554276, 'pre_dampen_half': 42.3591674442979, 'gpp_af': 0.09920696259393147, 'gpp_b': 3.157809499451925e-05, 'gpp_d': 2.581345807871998, 'ign_k': 0.08104535051871568, 'ign_c': 0.17266124523923784, 'trop_agb_crit': 19.535755546964786, 'trop_k_veg': 0.6328069927324922, 'gdp_gamma': 0.11800685830495175, 'fuel_k': 0.012670653654873236, 'fuel_half': 99.72709763092084}. Best is trial 335 with value: -0.6233152110406992.
[I 2026-07-24 02:09:29,535] Trial 465 finished with value: 0.5112553788947932 and parameters: {'k1': 1.1608230093769045e-05, 'D_low': 79.08382113250605, 'k2': 0.038802904752859864, 'D_high': 8398912.211785652, 'fire_exp': 1.014782265141859, 'P_half': 14.830284588053923, 'pre_dampen_half': 0.24223397999179638, 'gpp_af': 0.3036504872892927, 'gpp_b': 0.0028316247890048827, 'gpp_d': 8.35426944430568, 'ign_k': 0.025321396740754114, 'ign_c': 1.7221311721308787, 'trop_agb_crit': 18.422132120990348, 'trop_k_veg': 0.7351617940437982, 'gdp_gamma': 0.09046285070781214, 'fuel_k': 1.133730252389631, 'fuel_half': 4.93076261916537}. Best is trial 335 with value: -0.6233152110406992.
[I 2026-07-24 02:09:29,984] Trial 466 finished with value: 0.5698964026831159 and parameters: {'k1': 0.01729464886902754, 'D_low': 1659.6056152423412, 'k2': 0.006329917011789152, 'D_high': 457809.9669537304, 'fire_exp': 1.7738089256056362, 'P_half': 13.987813839740042, 'pre_dampen_half': 0.02377725136173178, 'gpp_af': 28.460350397413055, 'gpp_b': 0.08114822065949397, 'gpp_d': 677.7535841031171, 'ign_k': 0.0040392831515853695, 'ign_c': 4.645501509400103, 'trop_agb_crit': 5.085558136332931, 'trop_k_veg': 0.762204098847395, 'gdp_gamma': 0.16295079580115668, 'fuel_k': 0.20798065609254865, 'fuel_half': 76.06444394192258}. Best is trial 335 with value: -0.6233152110406992.
[I 2026-07-24 02:09:30,432] Trial 467 finished with value: 0.610650840623981 and parameters: {'k1': 0.05588461235775632, 'D_low': 13.380565800194503, 'k2': 3.320104707725736e-05, 'D_high': 1740071.5076075564, 'fire_exp': 1.2706295633185667, 'P_half': 47.75055827595596, 'pre_dampen_half': 500.01873088366136, 'gpp_af': 0.04630734726429339, 'gpp_b': 1.2545058682360182e-05, 'gpp_d': 3.318123608405228, 'ign_k': 0.3547483107410396, 'ign_c': 38.59019818871065, 'trop_agb_crit': 13.57459695401301, 'trop_k_veg': 0.6117800647391094, 'gdp_gamma': 0.08192204155755031, 'fuel_k': 0.028418704883009658, 'fuel_half': 11.552439639967833}. Best is trial 335 with value: -0.6233152110406992.
[I 2026-07-24 02:09:30,892] Trial 468 finished with value: 0.5489140180925768 and parameters: {'k1': 0.0014495493863794387, 'D_low': 6.108784598334879, 'k2': 0.02871794360963085, 'D_high': 6827055.716036592, 'fire_exp': 3.997689641087642, 'P_half': 1.075101706079056, 'pre_dampen_half': 569.2441716779671, 'gpp_af': 0.014013559405771257, 'gpp_b': 0.0003857926202779024, 'gpp_d': 22.876374518904882, 'ign_k': 0.0015056870794269157, 'ign_c': 27.686969867499748, 'trop_agb_crit': 3.9031904267495148, 'trop_k_veg': 0.5057970212878171, 'gdp_gamma': 0.8412519427227386, 'fuel_k': 0.04928625081614229, 'fuel_half': 7.242467866223213}. Best is trial 335 with value: -0.6233152110406992.
[I 2026-07-24 02:09:31,343] Trial 469 finished with value: 0.6094081702490558 and parameters: {'k1': 8.578966050969452e-05, 'D_low': 1.3069119118265238, 'k2': 0.01316329289358614, 'D_high': 941360.0194557701, 'fire_exp': 3.9211175179532582, 'P_half': 1.8938724286978246, 'pre_dampen_half': 94.03887082344, 'gpp_af': 0.009483133464705196, 'gpp_b': 0.008567841035137198, 'gpp_d': 758.5642880230994, 'ign_k': 0.0014481986248442243, 'ign_c': 3.323206285153593, 'trop_agb_crit': 14.523207354944619, 'trop_k_veg': 0.9405063055592124, 'gdp_gamma': 1.8838593597423339, 'fuel_k': 0.034783721854909015, 'fuel_half': 88.03418246446651}. Best is trial 335 with value: -0.6233152110406992.
[I 2026-07-24 02:09:31,794] Trial 470 finished with value: 0.5802407251858973 and parameters: {'k1': 0.007233365795810896, 'D_low': 255.49751511017536, 'k2': 0.06320862216079244, 'D_high': 2541973.354772763, 'fire_exp': 2.8233113529652103, 'P_half': 10.38604931494042, 'pre_dampen_half': 0.4108296814128405, 'gpp_af': 55.06211499409755, 'gpp_b': 9.909081557510543, 'gpp_d': 37.26652510380936, 'ign_k': 0.017671413980670084, 'ign_c': 63.87537642280134, 'trop_agb_crit': 3.4840595032437993, 'trop_k_veg': 0.7572127782538647, 'gdp_gamma': 0.30218897301087605, 'fuel_k': 5.013848216113196, 'fuel_half': 38.07000295913932}. Best is trial 335 with value: -0.6233152110406992.
[I 2026-07-24 02:09:32,240] Trial 471 finished with value: 0.5892121084622651 and parameters: {'k1': 4.088722073240078e-05, 'D_low': 4.469545463913041, 'k2': 1.267568057292152e-05, 'D_high': 227681.20845824823, 'fire_exp': 1.5057205345766076, 'P_half': 1.5329509404284771, 'pre_dampen_half': 0.15826514692532412, 'gpp_af': 0.0017438508660218798, 'gpp_b': 0.012148405009374467, 'gpp_d': 0.09691108446028868, 'ign_k': 0.001045525427703133, 'ign_c': 784.529717479168, 'trop_agb_crit': 18.244025225484677, 'trop_k_veg': 2.004563048654299, 'gdp_gamma': 0.016633743624693435, 'fuel_k': 0.10762165958474158, 'fuel_half': 12.7201026494061}. Best is trial 335 with value: -0.6233152110406992.
[I 2026-07-24 02:09:32,694] Trial 472 finished with value: 0.5380189519368234 and parameters: {'k1': 0.09123198699961883, 'D_low': 236.57252079021438, 'k2': 0.03754701743015734, 'D_high': 1611305.4067335902, 'fire_exp': 1.8872601135697287, 'P_half': 3.036196219653517, 'pre_dampen_half': 3.6278078785968733, 'gpp_af': 1.6465337631503563, 'gpp_b': 0.024356434597814117, 'gpp_d': 42.79455866513459, 'ign_k': 0.0013645354818445444, 'ign_c': 23.617813728232427, 'trop_agb_crit': 1.672683004443553, 'trop_k_veg': 0.694181980912434, 'gdp_gamma': 0.10492252656471245, 'fuel_k': 0.08818442424021718, 'fuel_half': 16.148140744808707}. Best is trial 335 with value: -0.6233152110406992.
[I 2026-07-24 02:09:33,140] Trial 473 finished with value: 0.5764009087990365 and parameters: {'k1': 1.1925193694513794e-05, 'D_low': 6718.661982728699, 'k2': 0.02631660928537256, 'D_high': 4794439.7512755105, 'fire_exp': 1.9946729202369273, 'P_half': 360.79647968384563, 'pre_dampen_half': 11.471655267342348, 'gpp_af': 0.0026333532751037173, 'gpp_b': 0.0002654722261173356, 'gpp_d': 0.1997864093972186, 'ign_k': 0.026448193264230018, 'ign_c': 96.73562157473712, 'trop_agb_crit': 20.67372784550183, 'trop_k_veg': 2.862228137040143, 'gdp_gamma': 1.388086602178548, 'fuel_k': 0.05528707791111868, 'fuel_half': 35.77839255939687}. Best is trial 335 with value: -0.6233152110406992.
[I 2026-07-24 02:09:33,601] Trial 474 finished with value: 0.4355831736003939 and parameters: {'k1': 0.0167838140320377, 'D_low': 115.4555404028583, 'k2': 0.02911451219957412, 'D_high': 31217.91165865411, 'fire_exp': 2.1087761657688198, 'P_half': 180.03489110892167, 'pre_dampen_half': 7.113512649600841, 'gpp_af': 0.0068731511261591206, 'gpp_b': 0.0001560847632179775, 'gpp_d': 76.38325818782651, 'ign_k': 0.015900340997827448, 'ign_c': 0.6952216316103844, 'trop_agb_crit': 10.23360821088472, 'trop_k_veg': 0.5438430212785429, 'gdp_gamma': 1.8181057133237801, 'fuel_k': 0.01488445627927107, 'fuel_half': 34.31661596799437}. Best is trial 335 with value: -0.6233152110406992.
[I 2026-07-24 02:09:34,050] Trial 475 finished with value: 0.5071550975065747 and parameters: {'k1': 0.0017544341932479012, 'D_low': 1002.2443888991573, 'k2': 0.005254159570810152, 'D_high': 20300.68076375746, 'fire_exp': 1.3675648576846908, 'P_half': 7.755271232180859, 'pre_dampen_half': 21.055423601624685, 'gpp_af': 38.508843330074235, 'gpp_b': 2.231414928328275, 'gpp_d': 16.3167769930935, 'ign_k': 0.13365328272994695, 'ign_c': 13.373608642491641, 'trop_agb_crit': 2.0707195606110487, 'trop_k_veg': 1.0104276511133448, 'gdp_gamma': 1.0596196628219157, 'fuel_k': 4.11879027028854, 'fuel_half': 36.49802902762879}. Best is trial 335 with value: -0.6233152110406992.
[I 2026-07-24 02:09:34,495] Trial 476 finished with value: 0.5991135276547052 and parameters: {'k1': 0.024716762242872586, 'D_low': 453.49087091794485, 'k2': 0.0020829605280106313, 'D_high': 4298.043545730536, 'fire_exp': 1.257338162471774, 'P_half': 2.6013919265238683, 'pre_dampen_half': 0.057456163230766306, 'gpp_af': 80.67361388526649, 'gpp_b': 0.04959053700429842, 'gpp_d': 498.2967096676379, 'ign_k': 0.07939468277505288, 'ign_c': 71.72112465163922, 'trop_agb_crit': 5.255451562536314, 'trop_k_veg': 1.2777818063755948, 'gdp_gamma': 0.11864816668829377, 'fuel_k': 3.8594625008029477, 'fuel_half': 87.2022157141589}. Best is trial 335 with value: -0.6233152110406992.
[I 2026-07-24 02:09:34,945] Trial 477 finished with value: 0.4507758324890788 and parameters: {'k1': 0.0017566880617793665, 'D_low': 11.970019460087425, 'k2': 0.006699766538540051, 'D_high': 21543.24854995409, 'fire_exp': 1.3529086463558593, 'P_half': 39.015340268753604, 'pre_dampen_half': 49.113972774160324, 'gpp_af': 0.0018306010993944639, 'gpp_b': 1.5536759685669635e-05, 'gpp_d': 179.7087330552946, 'ign_k': 0.0011049829929858487, 'ign_c': 39.43017629610021, 'trop_agb_crit': 5.45333597001836, 'trop_k_veg': 2.382864357046654, 'gdp_gamma': 0.3177765135467132, 'fuel_k': 0.16379164321608936, 'fuel_half': 0.7328913706580107}. Best is trial 335 with value: -0.6233152110406992.
[I 2026-07-24 02:09:35,396] Trial 478 finished with value: 0.6191039840584238 and parameters: {'k1': 0.010642162668244564, 'D_low': 571.6340513267163, 'k2': 0.0026982160209739195, 'D_high': 3513301.5373348645, 'fire_exp': 1.4425591049561803, 'P_half': 2.6011224262093835, 'pre_dampen_half': 35.60900899888539, 'gpp_af': 57.051788065248914, 'gpp_b': 0.42233351364702365, 'gpp_d': 562.0644868640013, 'ign_k': 0.10293894320906419, 'ign_c': 1.9120034103210073, 'trop_agb_crit': 3.814978912802969, 'trop_k_veg': 0.700939208018443, 'gdp_gamma': 0.7331510159021369, 'fuel_k': 2.0510440532640244, 'fuel_half': 27.044356418552482}. Best is trial 335 with value: -0.6233152110406992.
[I 2026-07-24 02:09:35,845] Trial 479 finished with value: 0.5020731153690624 and parameters: {'k1': 0.002128674049280804, 'D_low': 558.5480575384041, 'k2': 0.018609409394238517, 'D_high': 500878.62953262334, 'fire_exp': 3.8603477940410875, 'P_half': 37.75031722798444, 'pre_dampen_half': 193.34493043488732, 'gpp_af': 16.4604754869304, 'gpp_b': 0.000167493530824303, 'gpp_d': 28.115400352837494, 'ign_k': 0.013401227418307243, 'ign_c': 0.415654145331125, 'trop_agb_crit': 3.983842632382403, 'trop_k_veg': 6.428187541366278, 'gdp_gamma': 0.605719790910256, 'fuel_k': 0.023598749687589744, 'fuel_half': 48.32606077407984}. Best is trial 335 with value: -0.6233152110406992.
