[I 2026-08-06 11:23:10,235] Trial 158 finished with values: [10.756849064916194, 10.756849064916194] and parameters: {'k1': 5.153993511603138e-05, 'D_low': 4.484744524732794, 'k2': 1.915468390724633e-05, 'D_high': 455.5085098454081, 'fire_exp': 1.695318866910499, 'P_half': 9716.212563514906, 'pre_dampen_half': 552.4163637315892, 'gpp_af': 0.7539992074650279, 'gpp_b': 0.14577755664212386, 'gpp_d': 56.20854611217179, 'ign_k': 0.010167079878196114, 'ign_c': 15.221840161091626, 'trop_agb_crit': 24.584290528289387, 'trop_k_veg': 1.9799513595694562}.
[I 2026-08-06 11:23:11,618] Trial 159 finished with values: [10.23345204676205, 10.23345204676205] and parameters: {'k1': 0.012021930484915042, 'D_low': 7.299348683062307, 'k2': 0.003101429427212743, 'D_high': 21.947742689197344, 'fire_exp': 1.1263716762638152, 'P_half': 712.8188058401365, 'pre_dampen_half': 63.6685916079943, 'gpp_af': 0.6403036652671171, 'gpp_b': 0.22727308251068193, 'gpp_d': 757.2868182332339, 'ign_k': 0.12329098365270515, 'ign_c': 1.9580595319750387, 'trop_agb_crit': 14.948114979829949, 'trop_k_veg': 1.0594599158279707}.
[I 2026-08-06 11:23:12,917] Trial 160 finished with values: [10.479817660783382, 10.479817660783382] and parameters: {'k1': 0.008912611835817005, 'D_low': 38.82837025280678, 'k2': 7.914423612155373e-05, 'D_high': 3712.591045287726, 'fire_exp': 1.0629462657398439, 'P_half': 220.3445560633069, 'pre_dampen_half': 38.00678588560607, 'gpp_af': 0.7539992074650279, 'gpp_b': 0.14577755664212386, 'gpp_d': 5.1715677287580455, 'ign_k': 0.010167079878196114, 'ign_c': 33.81093273170848, 'trop_agb_crit': 1.0455434848969813, 'trop_k_veg': 3.1473758868965476}.
[I 2026-08-06 11:23:14,244] Trial 161 finished with values: [10.64878876460415, 10.64878876460415] and parameters: {'k1': 0.00031134168041628584, 'D_low': 355.00125258511594, 'k2': 0.0012040762895973265, 'D_high': 774.2116473996249, 'fire_exp': 1.3170256885255098, 'P_half': 712.8188058401365, 'pre_dampen_half': 63.6685916079943, 'gpp_af': 0.10409127568994281, 'gpp_b': 1.4540386644083135e-05, 'gpp_d': 0.2204889335659561, 'ign_k': 0.12329098365270515, 'ign_c': 24.398964530167703, 'trop_agb_crit': 10.965064494899984, 'trop_k_veg': 0.6743482387129308}.
[I 2026-08-06 11:23:15,607] Trial 162 finished with values: [10.752608633348016, 10.752608633348016] and parameters: {'k1': 0.002155595057104387, 'D_low': 171.2446447678494, 'k2': 0.0007047307383115598, 'D_high': 3346.220103048382, 'fire_exp': 1.423480109671474, 'P_half': 93.43302657318476, 'pre_dampen_half': 0.011396414164620812, 'gpp_af': 1.1409619915696267, 'gpp_b': 1.284284091405877e-05, 'gpp_d': 0.03927259340973166, 'ign_k': 0.02172578929502367, 'ign_c': 18.219343937475102, 'trop_agb_crit': 10.691477813613638, 'trop_k_veg': 1.0264716153881357}.
[I 2026-08-06 11:23:16,957] Trial 163 finished with values: [10.557998806896922, 10.557998806896922] and parameters: {'k1': 3.23559867820537e-05, 'D_low': 1112.9571947046009, 'k2': 8.923807143379776e-05, 'D_high': 8182.111518618414, 'fire_exp': 1.695318866910499, 'P_half': 338.23872019362165, 'pre_dampen_half': 552.4163637315892, 'gpp_af': 0.7539992074650279, 'gpp_b': 3.481277316673104e-05, 'gpp_d': 5.1715677287580455, 'ign_k': 0.010167079878196114, 'ign_c': 15.221840161091626, 'trop_agb_crit': 1.14876138417489, 'trop_k_veg': 6.2065960186008615}.
[I 2026-08-06 11:23:18,305] Trial 164 finished with values: [10.769187222610178, 10.769187222610178] and parameters: {'k1': 0.012840669372724958, 'D_low': 171.2446447678494, 'k2': 0.00023295358953467695, 'D_high': 3346.220103048382, 'fire_exp': 5.90081778156971, 'P_half': 93.43302657318476, 'pre_dampen_half': 0.011396414164620812, 'gpp_af': 0.2204465010099918, 'gpp_b': 2.176805640408474e-05, 'gpp_d': 0.03927259340973166, 'ign_k': 0.0029519227433917453, 'ign_c': 0.12510188850164433, 'trop_agb_crit': 12.647327018493208, 'trop_k_veg': 1.0264716153881357}.
[I 2026-08-06 11:23:19,732] Trial 165 finished with values: [10.769227908477886, 10.769227908477886] and parameters: {'k1': 0.004053638704742309, 'D_low': 37.35862630812753, 'k2': 1.8205657658407255e-05, 'D_high': 3346.220103048382, 'fire_exp': 6.234638880169447, 'P_half': 102.4585893986732, 'pre_dampen_half': 7.665128204660195, 'gpp_af': 0.29012721497386246, 'gpp_b': 0.12746711578215045, 'gpp_d': 40.950628944766926, 'ign_k': 0.013276678836047658, 'ign_c': 2.957080941494347, 'trop_agb_crit': 8.983402272488592, 'trop_k_veg': 0.983473833513531}.
[I 2026-08-06 11:23:21,076] Trial 166 finished with values: [10.765027747467567, 10.765027747467567] and parameters: {'k1': 0.0012056765208549535, 'D_low': 2.6692731167228954, 'k2': 0.0012040762895973265, 'D_high': 25628.666000163565, 'fire_exp': 3.5637467870629145, 'P_half': 221.2683656611821, 'pre_dampen_half': 3.3841016089580034, 'gpp_af': 1.1409619915696267, 'gpp_b': 6.369295096609023e-05, 'gpp_d': 0.01392878970664331, 'ign_k': 5.351470428717437, 'ign_c': 30.28574109895626, 'trop_agb_crit': 10.965064494899984, 'trop_k_veg': 6.45312300188076}.
[I 2026-08-06 11:23:22,412] Trial 167 finished with values: [10.76637502899307, 10.76637502899307] and parameters: {'k1': 0.008287522363768155, 'D_low': 1112.9571947046009, 'k2': 0.03538758864779238, 'D_high': 774.2116473996249, 'fire_exp': 1.0629462657398439, 'P_half': 712.8188058401365, 'pre_dampen_half': 63.6685916079943, 'gpp_af': 0.6403036652671171, 'gpp_b': 3.481277316673104e-05, 'gpp_d': 150.14555442537656, 'ign_k': 0.0680787482656459, 'ign_c': 5.13055176058983, 'trop_agb_crit': 1.14876138417489, 'trop_k_veg': 0.6743482387129308}.
[I 2026-08-06 11:23:23,685] Trial 168 finished with values: [10.172668652607916, 10.172668652607916] and parameters: {'k1': 3.23559867820537e-05, 'D_low': 1.9977959434035766, 'k2': 0.0154590023470884, 'D_high': 61536.58035691648, 'fire_exp': 1.0362310858538248, 'P_half': 774.4801185127448, 'pre_dampen_half': 39.827466658711515, 'gpp_af': 68.11991466118579, 'gpp_b': 0.14577755664212386, 'gpp_d': 229.41380323183625, 'ign_k': 0.010167079878196114, 'ign_c': 2.414259639010457, 'trop_agb_crit': 1.8545640943955186, 'trop_k_veg': 6.45312300188076}.
[I 2026-08-06 11:23:25,136] Trial 169 finished with values: [10.74325176664562, 10.74325176664562] and parameters: {'k1': 2.316457903103837e-05, 'D_low': 1.1433485956638711, 'k2': 0.014344484793173472, 'D_high': 1578.0309954142967, 'fire_exp': 2.467425479508436, 'P_half': 140.74279366401683, 'pre_dampen_half': 8.594202650742222, 'gpp_af': 5.335773317316405, 'gpp_b': 0.012132126638791128, 'gpp_d': 82.84476373292449, 'ign_k': 0.01364908766641695, 'ign_c': 30.785541778315018, 'trop_agb_crit': 8.997007571451054, 'trop_k_veg': 3.49157152291552}.
[I 2026-08-06 11:23:26,545] Trial 170 finished with values: [10.689173792241903, 10.689173792241903] and parameters: {'k1': 3.23559867820537e-05, 'D_low': 520.4862686958022, 'k2': 1.915468390724633e-05, 'D_high': 3712.591045287726, 'fire_exp': 1.221575427404682, 'P_half': 140.74279366401683, 'pre_dampen_half': 8.594202650742222, 'gpp_af': 5.335773317316405, 'gpp_b': 7.210246166617508e-05, 'gpp_d': 4.25060659305504, 'ign_k': 0.010167079878196114, 'ign_c': 81.80032418045731, 'trop_agb_crit': 24.584290528289387, 'trop_k_veg': 6.2065960186008615}.
[I 2026-08-06 11:23:27,888] Trial 171 finished with values: [10.688096994204107, 10.688096994204107] and parameters: {'k1': 0.004053638704742309, 'D_low': 12.105387404469584, 'k2': 0.003767022142229395, 'D_high': 431.45617043093523, 'fire_exp': 1.0601964743503993, 'P_half': 4.213183643253957, 'pre_dampen_half': 3.0023172465753074, 'gpp_af': 1.9706963379095486, 'gpp_b': 1.4540386644083135e-05, 'gpp_d': 0.12878367369717508, 'ign_k': 0.00840038491455979, 'ign_c': 2.957080941494347, 'trop_agb_crit': 1.0693376406863295, 'trop_k_veg': 0.6673124511410327}.
[I 2026-08-06 11:23:29,224] Trial 172 finished with values: [-0.5447630160412475, 0.11221760731943697] and parameters: {'k1': 0.008912611835817005, 'D_low': 12.105387404469584, 'k2': 1.1065812688893481e-05, 'D_high': 5670.3463356272905, 'fire_exp': 1.3170256885255098, 'P_half': 4.213183643253957, 'pre_dampen_half': 63.6685916079943, 'gpp_af': 0.6403036652671171, 'gpp_b': 0.0005739662837359252, 'gpp_d': 1.493264336549928, 'ign_k': 0.21006485619596416, 'ign_c': 11.400863701127316, 'trop_agb_crit': 7.500118950416987, 'trop_k_veg': 0.6673124511410327}.
[I 2026-08-06 11:23:30,479] Trial 173 finished with values: [10.613956723445295, 10.613956723445295] and parameters: {'k1': 0.002155595057104387, 'D_low': 1112.9571947046009, 'k2': 8.923807143379776e-05, 'D_high': 61536.58035691648, 'fire_exp': 1.423480109671474, 'P_half': 221.2683656611821, 'pre_dampen_half': 3.3841016089580034, 'gpp_af': 0.7539992074650279, 'gpp_b': 1.284284091405877e-05, 'gpp_d': 229.41380323183625, 'ign_k': 0.0680787482656459, 'ign_c': 0.557280750002996, 'trop_agb_crit': 1.14876138417489, 'trop_k_veg': 1.4584243470991722}.
[I 2026-08-06 11:23:31,771] Trial 174 finished with values: [10.724003470097074, 10.724003470097074] and parameters: {'k1': 8.488887549001697e-05, 'D_low': 38.82837025280678, 'k2': 0.0003432139136241583, 'D_high': 1493.5213816355397, 'fire_exp': 1.695318866910499, 'P_half': 314.0161493033586, 'pre_dampen_half': 39.827466658711515, 'gpp_af': 3.4702669886504163, 'gpp_b': 1.3289448722869181e-05, 'gpp_d': 0.17061223263518377, 'ign_k': 2.1368329072358767, 'ign_c': 2.414259639010457, 'trop_agb_crit': 1.8545640943955186, 'trop_k_veg': 0.83140195149031}.
[I 2026-08-06 11:23:33,212] Trial 175 finished with values: [10.032294032572098, 10.032294032572098] and parameters: {'k1': 0.01889771394135163, 'D_low': 7.299348683062307, 'k2': 1.1065812688893481e-05, 'D_high': 21.947742689197344, 'fire_exp': 1.0601964743503993, 'P_half': 4.213183643253957, 'pre_dampen_half': 5.048653998722947, 'gpp_af': 1.9706963379095486, 'gpp_b': 0.0054502936945582505, 'gpp_d': 84.31013932082456, 'ign_k': 0.11619873314872933, 'ign_c': 1.9580595319750387, 'trop_agb_crit': 7.500118950416987, 'trop_k_veg': 1.0594599158279707}.
[I 2026-08-06 11:23:34,533] Trial 176 finished with values: [11.85892923966238, 11.85892923966238] and parameters: {'k1': 0.004312951023617458, 'D_low': 4.484744524732794, 'k2': 0.015763894361785387, 'D_high': 3712.591045287726, 'fire_exp': 1.0629462657398439, 'P_half': 220.3445560633069, 'pre_dampen_half': 502.5175192217655, 'gpp_af': 0.7539992074650279, 'gpp_b': 0.0021331409710300844, 'gpp_d': 29.749683811098393, 'ign_k': 0.0680787482656459, 'ign_c': 15.221840161091626, 'trop_agb_crit': 24.584290528289387, 'trop_k_veg': 1.4584243470991722}.
[I 2026-08-06 11:23:35,939] Trial 177 finished with values: [10.74928776803699, 10.74928776803699] and parameters: {'k1': 0.002367935204022389, 'D_low': 520.4862686958022, 'k2': 5.471218729342035e-05, 'D_high': 985.7545621889059, 'fire_exp': 2.100650708889295, 'P_half': 140.74279366401683, 'pre_dampen_half': 8.594202650742222, 'gpp_af': 5.335773317316405, 'gpp_b': 0.000429408684380145, 'gpp_d': 54.620376657085984, 'ign_k': 0.01364908766641695, 'ign_c': 2.8335389417624683, 'trop_agb_crit': 11.316283925181681, 'trop_k_veg': 2.4336356947036335}.
[I 2026-08-06 11:23:37,296] Trial 178 finished with values: [10.657598499045495, 10.657598499045495] and parameters: {'k1': 0.05778755734457457, 'D_low': 3.4487261314487374, 'k2': 1.7926680648388784e-05, 'D_high': 61536.58035691648, 'fire_exp': 1.0362310858538248, 'P_half': 1735.792403594532, 'pre_dampen_half': 0.1875872314533727, 'gpp_af': 2.555721998081808, 'gpp_b': 0.01777482313117792, 'gpp_d': 9.510288748158525, 'ign_k': 5.351470428717437, 'ign_c': 4.439802552990464, 'trop_agb_crit': 7.444615346113405, 'trop_k_veg': 1.3602724017812755}.
[I 2026-08-06 11:23:38,630] Trial 179 finished with values: [10.585105089145918, 10.585105089145918] and parameters: {'k1': 0.00488137519160367, 'D_low': 1228.2126524008484, 'k2': 8.923807143379776e-05, 'D_high': 8182.111518618414, 'fire_exp': 1.0601964743503993, 'P_half': 4.213183643253957, 'pre_dampen_half': 39.827466658711515, 'gpp_af': 0.10409127568994281, 'gpp_b': 1.4540386644083135e-05, 'gpp_d': 5.1715677287580455, 'ign_k': 0.00840038491455979, 'ign_c': 30.28574109895626, 'trop_agb_crit': 10.965064494899984, 'trop_k_veg': 0.6673124511410327}.
[I 2026-08-06 11:23:40,015] Trial 180 finished with values: [10.76472719470351, 10.76472719470351] and parameters: {'k1': 3.23559867820537e-05, 'D_low': 2.4622754931226587, 'k2': 2.683416249684868e-05, 'D_high': 783.2259769732478, 'fire_exp': 1.695318866910499, 'P_half': 774.4801185127448, 'pre_dampen_half': 0.9829324480069708, 'gpp_af': 1.200191344086032, 'gpp_b': 1.319554058182653e-05, 'gpp_d': 1.279742971294904, 'ign_k': 0.0315101491238403, 'ign_c': 31.874227118134094, 'trop_agb_crit': 1.8545640943955186, 'trop_k_veg': 5.905704303105107}.
[I 2026-08-06 11:23:41,351] Trial 181 finished with values: [10.758676166932885, 10.758676166932885] and parameters: {'k1': 0.00016480446427978953, 'D_low': 1112.9571947046009, 'k2': 1.915468390724633e-05, 'D_high': 3712.591045287726, 'fire_exp': 2.332293128354265, 'P_half': 338.23872019362165, 'pre_dampen_half': 552.4163637315892, 'gpp_af': 0.06789053271698488, 'gpp_b': 3.481277316673104e-05, 'gpp_d': 5.1715677287580455, 'ign_k': 0.006290644294586149, 'ign_c': 186.11194462546783, 'trop_agb_crit': 24.584290528289387, 'trop_k_veg': 6.2065960186008615}.
[I 2026-08-06 11:23:42,740] Trial 182 finished with values: [10.75901585082855, 10.75901585082855] and parameters: {'k1': 0.004312951023617458, 'D_low': 1112.9571947046009, 'k2': 0.00025255166452944054, 'D_high': 2289.1315306837046, 'fire_exp': 2.467425479508436, 'P_half': 56.22114524476698, 'pre_dampen_half': 502.5175192217655, 'gpp_af': 0.7539992074650279, 'gpp_b': 0.012132126638791128, 'gpp_d': 150.14555442537656, 'ign_k': 0.038563028138793747, 'ign_c': 0.557280750002996, 'trop_agb_crit': 18.785197416433792, 'trop_k_veg': 1.4584243470991722}.
[I 2026-08-06 11:23:44,063] Trial 183 finished with values: [10.767109838476157, 10.767109838476157] and parameters: {'k1': 0.06994589881535453, 'D_low': 5.6556775246185085, 'k2': 0.0032930213963426706, 'D_high': 259.06510073644523, 'fire_exp': 3.83403534181858, 'P_half': 1.1827346017839087, 'pre_dampen_half': 8.347790852520644, 'gpp_af': 2.6003623362924237, 'gpp_b': 2.6738182964551835e-05, 'gpp_d': 0.028701881471957017, 'ign_k': 2.3960796124300754, 'ign_c': 0.1239046892818203, 'trop_agb_crit': 4.710426964286611, 'trop_k_veg': 0.7848385206902946}.
[I 2026-08-06 11:23:45,372] Trial 184 finished with values: [10.455286341311938, 10.455286341311938] and parameters: {'k1': 0.04669327135003539, 'D_low': 3.525936800597896, 'k2': 1.1065812688893481e-05, 'D_high': 63233.81951066786, 'fire_exp': 1.1430983876313219, 'P_half': 4.213183643253957, 'pre_dampen_half': 0.2888838362365318, 'gpp_af': 1.9706963379095486, 'gpp_b': 1.3289448722869181e-05, 'gpp_d': 1.6983565276584263, 'ign_k': 2.1368329072358767, 'ign_c': 0.70689749506246, 'trop_agb_crit': 7.500118950416987, 'trop_k_veg': 0.6673124511410327}.
[I 2026-08-06 11:23:46,674] Trial 185 finished with values: [10.656420790287818, 10.656420790287818] and parameters: {'k1': 0.03635503353478365, 'D_low': 171.2446447678494, 'k2': 0.012758211164590085, 'D_high': 2940.51756322311, 'fire_exp': 1.2918065501148304, 'P_half': 5.502140996950745, 'pre_dampen_half': 0.011396414164620812, 'gpp_af': 0.1476584299248268, 'gpp_b': 2.176805640408474e-05, 'gpp_d': 0.03927259340973166, 'ign_k': 8.708806168038567, 'ign_c': 0.12510188850164433, 'trop_agb_crit': 12.647327018493208, 'trop_k_veg': 1.0264716153881357}.
[I 2026-08-06 11:23:47,977] Trial 186 finished with values: [10.7691376714945, 10.7691376714945] and parameters: {'k1': 0.012840669372724958, 'D_low': 5.6556775246185085, 'k2': 0.00023295358953467695, 'D_high': 3346.220103048382, 'fire_exp': 3.83403534181858, 'P_half': 147.09699119495133, 'pre_dampen_half': 7.665128204660195, 'gpp_af': 85.32056493640629, 'gpp_b': 2.176805640408474e-05, 'gpp_d': 0.03927259340973166, 'ign_k': 0.0029519227433917453, 'ign_c': 0.12510188850164433, 'trop_agb_crit': 8.983402272488592, 'trop_k_veg': 1.0264716153881357}.
[I 2026-08-06 11:23:49,325] Trial 187 finished with values: [10.476942800405858, 10.476942800405858] and parameters: {'k1': 0.002155595057104387, 'D_low': 40.12413353131991, 'k2': 0.0007047307383115598, 'D_high': 61536.58035691648, 'fire_exp': 1.221575427404682, 'P_half': 140.74279366401683, 'pre_dampen_half': 8.594202650742222, 'gpp_af': 5.335773317316405, 'gpp_b': 1.284284091405877e-05, 'gpp_d': 0.043441170039664925, 'ign_k': 5.351470428717437, 'ign_c': 2.8335389417624683, 'trop_agb_crit': 10.691477813613638, 'trop_k_veg': 2.4336356947036335}.
[I 2026-08-06 11:23:50,741] Trial 188 finished with values: [10.76920567527401, 10.76920567527401] and parameters: {'k1': 0.07799059237255677, 'D_low': 520.4862686958022, 'k2': 0.03699867920489089, 'D_high': 3346.220103048382, 'fire_exp': 1.2171655955604195, 'P_half': 9716.212563514906, 'pre_dampen_half': 8.594202650742222, 'gpp_af': 5.335773317316405, 'gpp_b': 1.7285224131410484, 'gpp_d': 0.043441170039664925, 'ign_k': 0.8489840783024065, 'ign_c': 2.8335389417624683, 'trop_agb_crit': 2.009167401373723, 'trop_k_veg': 0.8170196702261714}.
[I 2026-08-06 11:23:52,043] Trial 189 finished with values: [10.73940603581395, 10.73940603581395] and parameters: {'k1': 0.016780508579130986, 'D_low': 984.098934375832, 'k2': 0.0007047307383115598, 'D_high': 61536.58035691648, 'fire_exp': 2.100650708889295, 'P_half': 221.2683656611821, 'pre_dampen_half': 0.1875872314533727, 'gpp_af': 2.555721998081808, 'gpp_b': 0.0004408910919257112, 'gpp_d': 54.620376657085984, 'ign_k': 0.1647069822172432, 'ign_c': 3.470490935437501, 'trop_agb_crit': 10.691477813613638, 'trop_k_veg': 5.982827017670783}.
[I 2026-08-06 11:23:53,363] Trial 190 finished with values: [10.231238230708076, 10.231238230708076] and parameters: {'k1': 0.05778755734457457, 'D_low': 1683.621997588799, 'k2': 0.0007047307383115598, 'D_high': 61536.58035691648, 'fire_exp': 1.0362310858538248, 'P_half': 4.213183643253957, 'pre_dampen_half': 38.00678588560607, 'gpp_af': 1.9706963379095486, 'gpp_b': 1.4540386644083135e-05, 'gpp_d': 0.12878367369717508, 'ign_k': 5.351470428717437, 'ign_c': 3.470490935437501, 'trop_agb_crit': 1.0693376406863295, 'trop_k_veg': 0.6673124511410327}.
[I 2026-08-06 11:23:54,610] Trial 191 finished with values: [10.687615528782244, 10.687615528782244] and parameters: {'k1': 0.012840669372724958, 'D_low': 171.2446447678494, 'k2': 0.00023295358953467695, 'D_high': 3346.220103048382, 'fire_exp': 1.165368636520435, 'P_half': 12.808863354047988, 'pre_dampen_half': 0.011396414164620812, 'gpp_af': 0.2204465010099918, 'gpp_b': 2.176805640408474e-05, 'gpp_d': 0.03927259340973166, 'ign_k': 8.708806168038567, 'ign_c': 0.12510188850164433, 'trop_agb_crit': 3.5747129226002423, 'trop_k_veg': 6.9782110227926815}.
[I 2026-08-06 11:23:55,901] Trial 192 finished with values: [10.744325001215579, 10.744325001215579] and parameters: {'k1': 0.00031134168041628584, 'D_low': 5.59983195169599, 'k2': 6.069662445477729e-05, 'D_high': 4316.517111160399, 'fire_exp': 1.2611826901294014, 'P_half': 587.6331101080223, 'pre_dampen_half': 0.2888838362365318, 'gpp_af': 1.9706963379095486, 'gpp_b': 0.0054502936945582505, 'gpp_d': 8.057329182285729, 'ign_k': 0.004144296901136395, 'ign_c': 11.400863701127316, 'trop_agb_crit': 6.119263728555865, 'trop_k_veg': 0.6673124511410327}.
[I 2026-08-06 11:23:57,260] Trial 193 finished with values: [10.692112575037571, 10.692112575037571] and parameters: {'k1': 0.008287522363768155, 'D_low': 355.00125258511594, 'k2': 0.03538758864779238, 'D_high': 774.2116473996249, 'fire_exp': 1.3170256885255098, 'P_half': 712.8188058401365, 'pre_dampen_half': 63.6685916079943, 'gpp_af': 0.6403036652671171, 'gpp_b': 0.42247700890263645, 'gpp_d': 176.18878384527278, 'ign_k': 0.12329098365270515, 'ign_c': 5.13055176058983, 'trop_agb_crit': 1.0903028125370984, 'trop_k_veg': 0.6743482387129308}.
[I 2026-08-06 11:23:58,550] Trial 194 finished with values: [10.769113654745892, 10.769113654745892] and parameters: {'k1': 0.012021930484915042, 'D_low': 520.4862686958022, 'k2': 0.014344484793173472, 'D_high': 99.69469187531809, 'fire_exp': 1.221575427404682, 'P_half': 712.8188058401365, 'pre_dampen_half': 8.594202650742222, 'gpp_af': 0.2799785875247786, 'gpp_b': 0.0038900687554386305, 'gpp_d': 0.043441170039664925, 'ign_k': 0.12329098365270515, 'ign_c': 2.8335389417624683, 'trop_agb_crit': 8.997007571451054, 'trop_k_veg': 2.4336356947036335}.
[I 2026-08-06 11:23:59,817] Trial 195 finished with values: [10.65796222037902, 10.65796222037902] and parameters: {'k1': 0.04669327135003539, 'D_low': 520.4862686958022, 'k2': 1.1065812688893481e-05, 'D_high': 76.7074891445377, 'fire_exp': 1.221575427404682, 'P_half': 4.213183643253957, 'pre_dampen_half': 0.2888838362365318, 'gpp_af': 1.9706963379095486, 'gpp_b': 1.3289448722869181e-05, 'gpp_d': 1.6983565276584263, 'ign_k': 2.1368329072358767, 'ign_c': 0.70689749506246, 'trop_agb_crit': 7.500118950416987, 'trop_k_veg': 0.6673124511410327}.
[I 2026-08-06 11:24:01,164] Trial 196 finished with values: [-0.5373329154185722, 0.02208213928159708] and parameters: {'k1': 0.008912611835817005, 'D_low': 12.105387404469584, 'k2': 0.03538758864779238, 'D_high': 774.2116473996249, 'fire_exp': 1.3170256885255098, 'P_half': 4.213183643253957, 'pre_dampen_half': 63.6685916079943, 'gpp_af': 0.6403036652671171, 'gpp_b': 0.42247700890263645, 'gpp_d': 2.944272359149677, 'ign_k': 8.926311370835233, 'ign_c': 11.400863701127316, 'trop_agb_crit': 24.80219492452611, 'trop_k_veg': 0.6673124511410327}.
