[I 2026-08-19 14:34:25,050] Trial 173 finished with value: -0.44487474796632576 and parameters: {'k1': 0.005509920786345914, 'D_low': 3026.356855966748, 'k2': 0.0003883797329824817, 'D_high': 4926326.314937387, 'fire_exp': 3.199893763488559, 'P_half': 88.02115827117451, 'pre_dampen_half': 15.720192876785063, 'gpp_af': 0.02872236390143362, 'gpp_b': 5.05801385222113e-05, 'gpp_d': 3.387485017223981, 'ign_k': 0.07067815580954583, 'ign_c': 19.425395585609635, 'trop_agb_crit': 3.948477865633834, 'trop_k_veg': 2.4978622622388205, 'pop_amp': 0.13430294400118895, 'pop_peak': 83.00318987480513, 'pop_sig': 1.2539658591617802, 'fuel_k': 0.05721312163019179, 'fuel_half': 5.590844702018714}. Best is trial 121 with value: -0.6148958760349835.
[I 2026-08-19 14:34:29,119] Trial 174 finished with value: -0.46577412496784076 and parameters: {'k1': 0.018779055627967795, 'D_low': 528.9677969807576, 'k2': 0.00029082043501322744, 'D_high': 174404.30481586655, 'fire_exp': 5.801185439924238, 'P_half': 3.8607896518718094, 'pre_dampen_half': 24.949955578774386, 'gpp_af': 0.0028355975769048616, 'gpp_b': 9.323553365805152e-05, 'gpp_d': 1.6033076979104266, 'ign_k': 0.0746462181826791, 'ign_c': 5.904354955512025, 'trop_agb_crit': 26.590751728289302, 'trop_k_veg': 3.49064051128599, 'pop_amp': 0.02595993125392117, 'pop_peak': 2.0212876423881343, 'pop_sig': 1.0527912915749218, 'fuel_k': 0.07381453238546595, 'fuel_half': 2.1991085884327455}. Best is trial 121 with value: -0.6148958760349835.
[I 2026-08-19 14:34:34,275] Trial 175 finished with value: -0.3554625854118624 and parameters: {'k1': 0.010704383723444521, 'D_low': 211.69947314007044, 'k2': 0.0003352301243453089, 'D_high': 811022.2980252908, 'fire_exp': 2.0531362056805507, 'P_half': 67.09773509833583, 'pre_dampen_half': 18.015348398960278, 'gpp_af': 0.005538070359489132, 'gpp_b': 2.744191834904611e-05, 'gpp_d': 0.0678613187268272, 'ign_k': 0.40613335956632024, 'ign_c': 84.72384888603861, 'trop_agb_crit': 4.253234175463644, 'trop_k_veg': 1.9010731611908427, 'pop_amp': 2.1113752493134452, 'pop_peak': 2.174525281359301, 'pop_sig': 0.924767158904553, 'fuel_k': 0.15446201159380576, 'fuel_half': 1.6849979597306837}. Best is trial 121 with value: -0.6148958760349835.
[I 2026-08-19 14:34:39,386] Trial 176 finished with value: -0.43699587421867125 and parameters: {'k1': 0.002639216946107771, 'D_low': 29.795618420267136, 'k2': 0.0008964283537169164, 'D_high': 130682.08004390859, 'fire_exp': 1.4003292996027474, 'P_half': 1156.2355537179903, 'pre_dampen_half': 0.5141875345718371, 'gpp_af': 0.005315773221406728, 'gpp_b': 1.5062756663999623e-05, 'gpp_d': 0.08404481054453797, 'ign_k': 0.04369815167769675, 'ign_c': 13.894816610724446, 'trop_agb_crit': 17.126739393366467, 'trop_k_veg': 5.393471132020084, 'pop_amp': 0.06866497909204715, 'pop_peak': 1.578945241431721, 'pop_sig': 0.4875287042706412, 'fuel_k': 1.646712979140232, 'fuel_half': 4.822611934350273}. Best is trial 121 with value: -0.6148958760349835.
[I 2026-08-19 14:34:44,039] Trial 177 finished with value: -0.5734452514826094 and parameters: {'k1': 0.04079580670435201, 'D_low': 69.9815002308699, 'k2': 2.6292353659125323e-05, 'D_high': 212416.80485700048, 'fire_exp': 2.5900226378509505, 'P_half': 1.666417149298393, 'pre_dampen_half': 0.9580265762123839, 'gpp_af': 0.02054908929378379, 'gpp_b': 0.00018001941741227387, 'gpp_d': 0.3683790932180376, 'ign_k': 0.6204748692940754, 'ign_c': 1.1245485091162408, 'trop_agb_crit': 3.687915206486006, 'trop_k_veg': 4.456957881922292, 'pop_amp': 0.8678072378285574, 'pop_peak': 0.7749969391534338, 'pop_sig': 0.2941806948291366, 'fuel_k': 0.5815663111561198, 'fuel_half': 0.2939659817806516}. Best is trial 121 with value: -0.6148958760349835.
  trial  178/2500  best_overall=0.6149  (10.7 min)
[I 2026-08-19 14:34:48,825] Trial 178 finished with value: -0.5004572744640551 and parameters: {'k1': 0.001219751920297645, 'D_low': 167.65905890516098, 'k2': 3.4083233561077656e-05, 'D_high': 2359898.102891892, 'fire_exp': 5.148988286366952, 'P_half': 17.79410382192044, 'pre_dampen_half': 0.7175493933569417, 'gpp_af': 0.0052989015742022855, 'gpp_b': 4.78981749968476e-05, 'gpp_d': 0.4813696579486239, 'ign_k': 1.1491269000312587, 'ign_c': 3.1659567643064976, 'trop_agb_crit': 23.724279829155094, 'trop_k_veg': 4.885904581004295, 'pop_amp': 0.03996245933990822, 'pop_peak': 23.642058462217154, 'pop_sig': 0.8148374853860706, 'fuel_k': 0.023094580265819266, 'fuel_half': 0.38082126327944665}. Best is trial 121 with value: -0.6148958760349835.
[I 2026-08-19 14:34:53,233] Trial 179 finished with value: -0.5793243300893699 and parameters: {'k1': 0.000126425732531241, 'D_low': 7458.4915382193785, 'k2': 1.9600560333167895e-05, 'D_high': 2026684.3944808075, 'fire_exp': 1.5070439028266929, 'P_half': 18.36922777294544, 'pre_dampen_half': 0.7869677452110886, 'gpp_af': 0.004936883923136082, 'gpp_b': 0.00018557476844297763, 'gpp_d': 1.6252354632063988, 'ign_k': 1.1553116458443233, 'ign_c': 1.0312080233381062, 'trop_agb_crit': 11.987085491986976, 'trop_k_veg': 2.2855177575588677, 'pop_amp': 0.27410439886890703, 'pop_peak': 0.7169451594481218, 'pop_sig': 1.7680245586896708, 'fuel_k': 1.4553182470367574, 'fuel_half': 1.1021712690171703}. Best is trial 121 with value: -0.6148958760349835.
[I 2026-08-19 14:34:57,472] Trial 180 finished with value: -0.5326614404059067 and parameters: {'k1': 0.00023041896182370285, 'D_low': 1813.9124014905124, 'k2': 3.163169857868481e-05, 'D_high': 3212423.1732327305, 'fire_exp': 1.971131752955348, 'P_half': 542.9071004063297, 'pre_dampen_half': 1.669509612195755, 'gpp_af': 0.2879724110414407, 'gpp_b': 0.004923157430644642, 'gpp_d': 0.827170041085768, 'ign_k': 0.9814259897055142, 'ign_c': 11.24243427063293, 'trop_agb_crit': 9.089708782469426, 'trop_k_veg': 3.171537744439777, 'pop_amp': 0.0034542558759892545, 'pop_peak': 7.793612463837277, 'pop_sig': 0.3594995828561775, 'fuel_k': 2.727752642885942, 'fuel_half': 0.17694541553445906}. Best is trial 121 with value: -0.6148958760349835.
[I 2026-08-19 14:35:02,831] Trial 181 finished with value: -0.5522582787596437 and parameters: {'k1': 0.0015381659103694345, 'D_low': 149.72598760442315, 'k2': 2.0833441291940305e-05, 'D_high': 2303871.8003987917, 'fire_exp': 1.146667409213767, 'P_half': 56.31620656774818, 'pre_dampen_half': 0.08384361833571567, 'gpp_af': 0.003507078762474742, 'gpp_b': 2.9380823556078558e-05, 'gpp_d': 0.05227650123571276, 'ign_k': 1.0007720129953697, 'ign_c': 13.303558047406055, 'trop_agb_crit': 21.0093929439375, 'trop_k_veg': 6.7099920738034875, 'pop_amp': 0.3451619307284241, 'pop_peak': 0.1050604261159097, 'pop_sig': 0.5014269109623558, 'fuel_k': 1.2389343953214103, 'fuel_half': 0.765491139877132}. Best is trial 121 with value: -0.6148958760349835.
[I 2026-08-19 14:35:07,609] Trial 182 finished with value: -0.4290031064686385 and parameters: {'k1': 0.001622930214467556, 'D_low': 1.6775112455687333, 'k2': 1.4099242066446906e-05, 'D_high': 4935289.474769098, 'fire_exp': 2.2904291811085384, 'P_half': 10.687576767043458, 'pre_dampen_half': 0.22671451272660675, 'gpp_af': 0.01577033732498329, 'gpp_b': 0.0001544151604708548, 'gpp_d': 0.3104608678588171, 'ign_k': 0.07973196912904452, 'ign_c': 30.32847502277679, 'trop_agb_crit': 14.504892768369011, 'trop_k_veg': 2.3509775560293416, 'pop_amp': 0.271717435118042, 'pop_peak': 4.560698383020122, 'pop_sig': 1.864054059706897, 'fuel_k': 0.058848582813341724, 'fuel_half': 5.172886304796314}. Best is trial 121 with value: -0.6148958760349835.
  trial  183/2500  best_overall=0.6149  (11.1 min)
[I 2026-08-19 14:35:13,789] Trial 183 finished with value: -0.35703670576195295 and parameters: {'k1': 0.08941592488415367, 'D_low': 48.28103516321982, 'k2': 1.9418371733731975e-05, 'D_high': 2176069.171795982, 'fire_exp': 1.1693035708450383, 'P_half': 2.337195305914041, 'pre_dampen_half': 1.3332599038912492, 'gpp_af': 0.026726459914847372, 'gpp_b': 0.005786655631248147, 'gpp_d': 9.065041665063148, 'ign_k': 3.6646930782795004, 'ign_c': 35.36034933490614, 'trop_agb_crit': 10.565554752634347, 'trop_k_veg': 4.945999200501963, 'pop_amp': 0.24283804147932295, 'pop_peak': 0.32500215944868815, 'pop_sig': 0.2618452913688628, 'fuel_k': 1.8060321890282833, 'fuel_half': 0.42453053652533196}. Best is trial 121 with value: -0.6148958760349835.
[I 2026-08-19 14:35:18,549] Trial 184 finished with value: -0.47513720607507465 and parameters: {'k1': 0.03708351516592828, 'D_low': 1394.0927587248323, 'k2': 9.896073164634961e-05, 'D_high': 265937.014949139, 'fire_exp': 1.483941225165709, 'P_half': 253.46470396585363, 'pre_dampen_half': 0.030157954186359394, 'gpp_af': 0.009823077565053772, 'gpp_b': 0.0005163905444659519, 'gpp_d': 0.06463822316684144, 'ign_k': 2.202341454800994, 'ign_c': 13.949768984822933, 'trop_agb_crit': 9.45280374158113, 'trop_k_veg': 2.891803722126136, 'pop_amp': 0.01726063352817099, 'pop_peak': 4.683408699624328, 'pop_sig': 0.494525088110972, 'fuel_k': 1.3798164486789322, 'fuel_half': 0.11246849628962031}. Best is trial 121 with value: -0.6148958760349835.
[I 2026-08-19 14:35:23,310] Trial 185 finished with value: -0.35956682876506896 and parameters: {'k1': 0.0031417303736928745, 'D_low': 283668.0440463928, 'k2': 3.151712417476374e-05, 'D_high': 1685024.79410223, 'fire_exp': 1.0617119953840979, 'P_half': 1.3665428442031888, 'pre_dampen_half': 0.20046095623405555, 'gpp_af': 0.0017006544741087887, 'gpp_b': 0.0029112356176596455, 'gpp_d': 56.3509788670034, 'ign_k': 6.320525362225732, 'ign_c': 4.80719894036712, 'trop_agb_crit': 5.91231474857363, 'trop_k_veg': 4.947376726982173, 'pop_amp': 0.047798714994824174, 'pop_peak': 0.1377278617271958, 'pop_sig': 0.25642006022798375, 'fuel_k': 0.2645791507999947, 'fuel_half': 0.12863391822789857}. Best is trial 121 with value: -0.6148958760349835.
[I 2026-08-19 14:35:28,527] Trial 186 finished with value: -0.5107341183962296 and parameters: {'k1': 0.0012859587401430432, 'D_low': 31071.880310899214, 'k2': 2.496736735609928e-05, 'D_high': 322562.93250261, 'fire_exp': 1.350329775789316, 'P_half': 93.6536126062845, 'pre_dampen_half': 10.58132012435913, 'gpp_af': 0.011342917223196419, 'gpp_b': 0.00042211859523331086, 'gpp_d': 2.8243023670053526, 'ign_k': 3.9803397632412705, 'ign_c': 8.302244961193706, 'trop_agb_crit': 22.92617854819752, 'trop_k_veg': 2.0170810487034347, 'pop_amp': 0.07066641538837576, 'pop_peak': 0.3916368447156733, 'pop_sig': 1.0561457281791395, 'fuel_k': 0.4099780688275211, 'fuel_half': 1.003259846119308}. Best is trial 121 with value: -0.6148958760349835.
  trial  187/2500  best_overall=0.6149  (11.4 min)
[I 2026-08-19 14:35:33,930] Trial 187 finished with value: -0.53381498031172 and parameters: {'k1': 0.00026726693387343106, 'D_low': 57266.30934640055, 'k2': 4.534813687160682e-05, 'D_high': 5874758.799059033, 'fire_exp': 1.6709895664001297, 'P_half': 49.28305844350877, 'pre_dampen_half': 63.92370918588003, 'gpp_af': 0.06022852435028967, 'gpp_b': 0.00010538108338387629, 'gpp_d': 5.718644228907724, 'ign_k': 2.099428078212267, 'ign_c': 14.456650671593522, 'trop_agb_crit': 1.1854639620318252, 'trop_k_veg': 2.3436889401414387, 'pop_amp': 0.0034151602312384524, 'pop_peak': 2.5309352502106512, 'pop_sig': 0.42746281882843723, 'fuel_k': 2.393615809522707, 'fuel_half': 0.14039093192797192}. Best is trial 121 with value: -0.6148958760349835.
[I 2026-08-19 14:35:38,426] Trial 188 finished with value: -0.5824761513119937 and parameters: {'k1': 0.0354859976958043, 'D_low': 3871.577166260292, 'k2': 0.0019890607590026753, 'D_high': 759318.8162312948, 'fire_exp': 1.7465044153579847, 'P_half': 410.75643273129504, 'pre_dampen_half': 0.723740982900628, 'gpp_af': 0.0015782018541661497, 'gpp_b': 1.6959835775422192e-05, 'gpp_d': 1.542010524845953, 'ign_k': 0.9526356936960724, 'ign_c': 4.614827659146489, 'trop_agb_crit': 18.673499107424924, 'trop_k_veg': 5.85418752578769, 'pop_amp': 0.0027025189773265804, 'pop_peak': 0.052990920355978875, 'pop_sig': 0.6301541519010168, 'fuel_k': 2.258095105809339, 'fuel_half': 0.13538706390333402}. Best is trial 121 with value: -0.6148958760349835.
[I 2026-08-19 14:35:42,479] Trial 189 finished with value: -0.41744947506659713 and parameters: {'k1': 0.010939700832618436, 'D_low': 2759.5866365758484, 'k2': 0.007071317130064671, 'D_high': 18917.02264738977, 'fire_exp': 2.288453541918177, 'P_half': 832.572990255799, 'pre_dampen_half': 0.8927077973396479, 'gpp_af': 0.004415176291397064, 'gpp_b': 5.7119418176003936e-05, 'gpp_d': 202.35454868917492, 'ign_k': 1.2627160645086521, 'ign_c': 8.794184092189875, 'trop_agb_crit': 15.597275474369948, 'trop_k_veg': 3.572421008605325, 'pop_amp': 0.0012511709485425993, 'pop_peak': 0.8503872514055066, 'pop_sig': 1.1478471191785362, 'fuel_k': 0.47077282892883604, 'fuel_half': 0.2711241479585169}. Best is trial 121 with value: -0.6148958760349835.
[I 2026-08-19 14:35:46,420] Trial 190 finished with value: -0.42338987756502283 and parameters: {'k1': 0.010861655371901865, 'D_low': 80.48612814427521, 'k2': 3.410689534781802e-05, 'D_high': 429255.2910152863, 'fire_exp': 1.2322498416738814, 'P_half': 164.0115385037671, 'pre_dampen_half': 0.07444441526092233, 'gpp_af': 0.003683096538553681, 'gpp_b': 0.016062001386272316, 'gpp_d': 1.6320070989154, 'ign_k': 0.1382160090698792, 'ign_c': 27.44288165624896, 'trop_agb_crit': 7.312280638401115, 'trop_k_veg': 5.515085994337689, 'pop_amp': 0.31933595022686817, 'pop_peak': 0.10572860564921827, 'pop_sig': 0.9975712445484695, 'fuel_k': 3.6031246505572163, 'fuel_half': 0.2139693689666641}. Best is trial 121 with value: -0.6148958760349835.
[I 2026-08-19 14:35:50,184] Trial 191 finished with value: -0.5537568024180771 and parameters: {'k1': 0.00023564657384849056, 'D_low': 13247.262974018337, 'k2': 0.012161037204957108, 'D_high': 507935.7272716255, 'fire_exp': 1.1814183259041635, 'P_half': 1376.4889463105924, 'pre_dampen_half': 230.7158609774677, 'gpp_af': 0.16902276008348055, 'gpp_b': 5.004983161806896e-05, 'gpp_d': 42.61763818436112, 'ign_k': 8.205474631023705, 'ign_c': 14.83612399903039, 'trop_agb_crit': 18.487181610245983, 'trop_k_veg': 2.2493682794299916, 'pop_amp': 0.001558709071793475, 'pop_peak': 33.362278589266275, 'pop_sig': 0.5105693774161382, 'fuel_k': 0.19439073328480483, 'fuel_half': 0.10625822717927867}. Best is trial 121 with value: -0.6148958760349835.
  trial  192/2500  best_overall=0.6149  (11.8 min)
[I 2026-08-19 14:35:54,211] Trial 192 finished with value: -0.5247375941427984 and parameters: {'k1': 0.004149522110435305, 'D_low': 1848.7614384619856, 'k2': 0.003381017678332878, 'D_high': 12767.77207730865, 'fire_exp': 1.2626518568291496, 'P_half': 257.768576896979, 'pre_dampen_half': 1.2664529076147208, 'gpp_af': 0.0011090571835709036, 'gpp_b': 1.2863868712681426e-05, 'gpp_d': 0.6678015412973884, 'ign_k': 2.5411307593139827, 'ign_c': 5.565608253513411, 'trop_agb_crit': 20.572725600454994, 'trop_k_veg': 2.6914707216273253, 'pop_amp': 0.01401355045080791, 'pop_peak': 0.058988525887239206, 'pop_sig': 0.3903168687859131, 'fuel_k': 2.9826325589778078, 'fuel_half': 0.4904657200285226}. Best is trial 121 with value: -0.6148958760349835.
[I 2026-08-19 14:35:58,192] Trial 193 finished with value: -0.42393637146157614 and parameters: {'k1': 0.030662598751416067, 'D_low': 171.7083651468726, 'k2': 0.003252627737894049, 'D_high': 17723.920897804408, 'fire_exp': 3.1965484806773596, 'P_half': 378.52349558154674, 'pre_dampen_half': 0.0611998015992757, 'gpp_af': 0.0014489495957509765, 'gpp_b': 1.1889793741787752e-05, 'gpp_d': 1.65393132016753, 'ign_k': 0.27850109539670626, 'ign_c': 1.1993277395931574, 'trop_agb_crit': 7.983762096448397, 'trop_k_veg': 4.850442537980787, 'pop_amp': 0.00670535908433153, 'pop_peak': 0.378375344339603, 'pop_sig': 0.5557891497185519, 'fuel_k': 2.2852407916182758, 'fuel_half': 0.20742113212186955}. Best is trial 121 with value: -0.6148958760349835.
[I 2026-08-19 14:36:02,146] Trial 194 finished with value: -0.5831739912517515 and parameters: {'k1': 0.0004919447544328543, 'D_low': 2.2586563235541064, 'k2': 0.0005983662586762987, 'D_high': 7351515.198206477, 'fire_exp': 4.746805745628106, 'P_half': 61.535377126444374, 'pre_dampen_half': 252.14654521385515, 'gpp_af': 0.04449999814977648, 'gpp_b': 2.0824857708336364e-05, 'gpp_d': 7.729967765567682, 'ign_k': 0.09920061713037771, 'ign_c': 0.14597884221702023, 'trop_agb_crit': 7.251248945832825, 'trop_k_veg': 2.7104388748433608, 'pop_amp': 0.04415842796449558, 'pop_peak': 31.275682769805712, 'pop_sig': 0.9114163365436169, 'fuel_k': 0.011944239790223707, 'fuel_half': 6.168773967897617}. Best is trial 121 with value: -0.6148958760349835.
[I 2026-08-19 14:36:06,489] Trial 195 finished with value: -0.4099820946330519 and parameters: {'k1': 0.00034743010339415866, 'D_low': 130.87342973570267, 'k2': 0.0006420330902367561, 'D_high': 5575660.198909793, 'fire_exp': 7.864035589933765, 'P_half': 46.91355512631002, 'pre_dampen_half': 250.28142066346786, 'gpp_af': 0.030820257055936724, 'gpp_b': 0.001410620677324538, 'gpp_d': 0.4695844930236543, 'ign_k': 0.0646414685826974, 'ign_c': 0.11944115593305198, 'trop_agb_crit': 1.0426003561469563, 'trop_k_veg': 2.5322019442202457, 'pop_amp': 0.02049948808088263, 'pop_peak': 9.610726770894816, 'pop_sig': 0.481508926295063, 'fuel_k': 0.01100780034187652, 'fuel_half': 24.83057513700373}. Best is trial 121 with value: -0.6148958760349835.
[I 2026-08-19 14:36:10,485] Trial 196 finished with value: -0.577357058321857 and parameters: {'k1': 0.0012446972984616854, 'D_low': 53.12448254078317, 'k2': 2.1121862979694195e-05, 'D_high': 812327.8111576971, 'fire_exp': 5.8593230111214005, 'P_half': 153.69854189951548, 'pre_dampen_half': 3.6804440479274394, 'gpp_af': 0.004175856185676087, 'gpp_b': 0.00021573785969648414, 'gpp_d': 2.361694901483247, 'ign_k': 2.7949611185957437, 'ign_c': 6.65350029878953, 'trop_agb_crit': 13.71851550433961, 'trop_k_veg': 2.1205399247661463, 'pop_amp': 2.303557376576151, 'pop_peak': 7.893533329450776, 'pop_sig': 1.7139728161588477, 'fuel_k': 0.15749723215936637, 'fuel_half': 1.0728342127700716}. Best is trial 121 with value: -0.6148958760349835.
  trial  197/2500  best_overall=0.6149  (12.1 min)
[I 2026-08-19 14:36:15,484] Trial 197 finished with value: -0.4742525182781616 and parameters: {'k1': 0.0007163959707346011, 'D_low': 11.259205221911618, 'k2': 0.0007833937468178661, 'D_high': 228182.28447195573, 'fire_exp': 5.852324911038202, 'P_half': 18.90983039966116, 'pre_dampen_half': 157.59458260230176, 'gpp_af': 0.003124692078372521, 'gpp_b': 0.0004269501197178017, 'gpp_d': 0.2918791960722828, 'ign_k': 0.08417787314817136, 'ign_c': 0.22367715624801024, 'trop_agb_crit': 12.687702316807359, 'trop_k_veg': 1.1877133578329204, 'pop_amp': 0.007576393013294728, 'pop_peak': 125.134868017967, 'pop_sig': 2.4360045775473567, 'fuel_k': 0.03594601219025941, 'fuel_half': 29.4812694236939}. Best is trial 121 with value: -0.6148958760349835.
[I 2026-08-19 14:36:19,501] Trial 198 finished with value: -0.4122773058789312 and parameters: {'k1': 1.753756793472718e-05, 'D_low': 12659.905495266945, 'k2': 1.9187082107153566e-05, 'D_high': 853314.3141238514, 'fire_exp': 1.8276514364953156, 'P_half': 3167.289344348121, 'pre_dampen_half': 0.4116284168625494, 'gpp_af': 0.04538675005924719, 'gpp_b': 1.7890852328435523, 'gpp_d': 177.50152858746415, 'ign_k': 0.7704724422456852, 'ign_c': 2.626106981176479, 'trop_agb_crit': 9.906024615882778, 'trop_k_veg': 3.1415817560639785, 'pop_amp': 1.436503612730204, 'pop_peak': 330.97850394204465, 'pop_sig': 0.48174896739610473, 'fuel_k': 4.434244410992641, 'fuel_half': 0.11662663604763188}. Best is trial 121 with value: -0.6148958760349835.
[I 2026-08-19 14:36:23,527] Trial 199 finished with value: -0.5070918041503059 and parameters: {'k1': 0.006041921087965304, 'D_low': 2437.590933827769, 'k2': 2.2946011873772592e-05, 'D_high': 12285.65171937346, 'fire_exp': 1.2018218515391825, 'P_half': 16.11666805753454, 'pre_dampen_half': 25.543347713626048, 'gpp_af': 0.008510529182476127, 'gpp_b': 1.2524085886535037e-05, 'gpp_d': 5.5602041851312745, 'ign_k': 1.1694273249884735, 'ign_c': 8.358770789268855, 'trop_agb_crit': 12.049559196415949, 'trop_k_veg': 6.617335466970908, 'pop_amp': 0.00506295513533087, 'pop_peak': 0.07112572420451176, 'pop_sig': 0.9938952570330842, 'fuel_k': 3.508561027211869, 'fuel_half': 0.25668544671652377}. Best is trial 121 with value: -0.6148958760349835.
[I 2026-08-19 14:36:27,993] Trial 200 finished with value: -0.5521096730043842 and parameters: {'k1': 1.4606065725562954e-05, 'D_low': 15.323302467268007, 'k2': 0.005437097262889489, 'D_high': 1040820.6229879559, 'fire_exp': 3.4364731464301994, 'P_half': 4.408167640134864, 'pre_dampen_half': 318.9913326369472, 'gpp_af': 0.12480694873650432, 'gpp_b': 1.0855917812238467e-05, 'gpp_d': 4.025381996355049, 'ign_k': 0.22144692009091413, 'ign_c': 1.2441852004838292, 'trop_agb_crit': 8.366404284269635, 'trop_k_veg': 3.4283329338793216, 'pop_amp': 0.11656778318513497, 'pop_peak': 576.6732358801297, 'pop_sig': 0.8917206767228048, 'fuel_k': 0.01053530470448616, 'fuel_half': 10.09397954064102}. Best is trial 121 with value: -0.6148958760349835.
[I 2026-08-19 14:36:31,482] Trial 201 finished with value: -0.542266316554217 and parameters: {'k1': 1.7755433983446993e-05, 'D_low': 20125.72662892733, 'k2': 0.0005707220891834858, 'D_high': 86057.634643087, 'fire_exp': 1.0749082559690948, 'P_half': 4.229373056376846, 'pre_dampen_half': 5.663073835935701, 'gpp_af': 0.00203653447368935, 'gpp_b': 0.0002371473745765612, 'gpp_d': 0.13172225842175334, 'ign_k': 1.1003872377194692, 'ign_c': 0.19870239048006613, 'trop_agb_crit': 3.7825705811047006, 'trop_k_veg': 2.6077807965662476, 'pop_amp': 0.22441228967588217, 'pop_peak': 0.6382613870965771, 'pop_sig': 2.3927504930586108, 'fuel_k': 1.714975702883037, 'fuel_half': 0.5574111166250442}. Best is trial 121 with value: -0.6148958760349835.
  trial  202/2500  best_overall=0.6149  (12.5 min)
