[I 2026-08-06 02:27:04,578] Trial 900 finished with values: [10.769142606217661, 10.769142606217661] and parameters: {'k1': 0.025383218374507292, 'D_low': 616.4329525571076, 'k2': 0.006138509947844854, 'D_high': 2969.087094484682, 'fire_exp': 1.010722707674549, 'P_half': 958.8659498594012, 'pre_dampen_half': 14.689898077648792, 'gpp_af': 0.004339536161007625, 'gpp_b': 3.6475882458234503, 'gpp_d': 300.3420512048734, 'ign_k': 0.6454459531371669, 'ign_c': 19.19168994439752}.
[I 2026-08-06 02:27:05,755] Trial 901 finished with values: [-0.5608394958298238, 0.022699151576681342] and parameters: {'k1': 0.025383218374507292, 'D_low': 10.733257635049776, 'k2': 3.5917714215176105e-05, 'D_high': 1687.3495104568947, 'fire_exp': 1.0473002272689056, 'P_half': 608.3019192425825, 'pre_dampen_half': 14.689898077648792, 'gpp_af': 0.5009399307527331, 'gpp_b': 0.10123867001105968, 'gpp_d': 39.827466658711515, 'ign_k': 3.7173717478250508, 'ign_c': 14.367095138664217}.
[I 2026-08-06 02:27:07,223] Trial 902 finished with values: [-0.5341016575584419, 0.01963131654403949] and parameters: {'k1': 0.025383218374507292, 'D_low': 18.522006003174383, 'k2': 4.763991596630584e-05, 'D_high': 400.9149428326862, 'fire_exp': 1.0473002272689056, 'P_half': 608.3019192425825, 'pre_dampen_half': 14.689898077648792, 'gpp_af': 22.766850248686247, 'gpp_b': 0.10123867001105968, 'gpp_d': 39.827466658711515, 'ign_k': 3.7173717478250508, 'ign_c': 14.367095138664217}.
[I 2026-08-06 02:27:08,374] Trial 903 finished with values: [10.76923076805719, 10.76923076805719] and parameters: {'k1': 0.021368329072358756, 'D_low': 18.522006003174383, 'k2': 3.5917714215176105e-05, 'D_high': 6455.595882939566, 'fire_exp': 1.010722707674549, 'P_half': 664.2027816373393, 'pre_dampen_half': 14.689898077648792, 'gpp_af': 22.766850248686247, 'gpp_b': 0.10123867001105968, 'gpp_d': 891.8036602897795, 'ign_k': 3.7173717478250508, 'ign_c': 233.417373284667}.
[I 2026-08-06 02:27:09,591] Trial 904 finished with values: [10.28610712405221, 10.28610712405221] and parameters: {'k1': 0.021368329072358756, 'D_low': 9.330007965781027, 'k2': 4.763991596630584e-05, 'D_high': 400.9149428326862, 'fire_exp': 1.0473002272689056, 'P_half': 664.2027816373393, 'pre_dampen_half': 4.025222451217553, 'gpp_af': 4.582731702170249, 'gpp_b': 0.10123867001105968, 'gpp_d': 107.84642153666701, 'ign_k': 3.7173717478250508, 'ign_c': 14.367095138664217}.
[I 2026-08-06 02:27:10,766] Trial 905 finished with values: [-0.5392789034197903, 0.020741744651484262] and parameters: {'k1': 0.021368329072358756, 'D_low': 18.522006003174383, 'k2': 4.763991596630584e-05, 'D_high': 3121.3520322039926, 'fire_exp': 1.0473002272689056, 'P_half': 608.3019192425825, 'pre_dampen_half': 14.689898077648792, 'gpp_af': 22.766850248686247, 'gpp_b': 0.10123867001105968, 'gpp_d': 39.827466658711515, 'ign_k': 3.7173717478250508, 'ign_c': 14.367095138664217}.
[I 2026-08-06 02:27:12,011] Trial 906 finished with values: [10.708717977627964, 10.708717977627964] and parameters: {'k1': 0.021368329072358756, 'D_low': 31.117676855667376, 'k2': 0.0499774937030317, 'D_high': 17.420858817889425, 'fire_exp': 1.010722707674549, 'P_half': 608.3019192425825, 'pre_dampen_half': 14.689898077648792, 'gpp_af': 22.766850248686247, 'gpp_b': 0.1676789742547917, 'gpp_d': 39.827466658711515, 'ign_k': 3.7173717478250508, 'ign_c': 14.367095138664217}.
[I 2026-08-06 02:27:13,162] Trial 907 finished with values: [10.744172220935173, 10.744172220935173] and parameters: {'k1': 0.08926311370835228, 'D_low': 31.117676855667376, 'k2': 4.763991596630584e-05, 'D_high': 1687.3495104568947, 'fire_exp': 1.010722707674549, 'P_half': 664.2027816373393, 'pre_dampen_half': 0.027901153639361957, 'gpp_af': 22.766850248686247, 'gpp_b': 0.1676789742547917, 'gpp_d': 39.827466658711515, 'ign_k': 1.049739844869316, 'ign_c': 14.367095138664217}.
[I 2026-08-06 02:27:14,409] Trial 908 finished with values: [10.284822384593888, 10.284822384593888] and parameters: {'k1': 0.08926311370835228, 'D_low': 18.522006003174383, 'k2': 0.006138509947844854, 'D_high': 1687.3495104568947, 'fire_exp': 1.010722707674549, 'P_half': 958.8659498594012, 'pre_dampen_half': 14.689898077648792, 'gpp_af': 22.766850248686247, 'gpp_b': 5.8382259882459775e-05, 'gpp_d': 7.797126586048889, 'ign_k': 3.7173717478250508, 'ign_c': 14.367095138664217}.
[I 2026-08-06 02:27:15,642] Trial 909 finished with values: [10.76923076805719, 10.76923076805719] and parameters: {'k1': 0.021368329072358756, 'D_low': 9.330007965781027, 'k2': 0.0004381141781653133, 'D_high': 24939.838794891497, 'fire_exp': 1.0473002272689056, 'P_half': 39.03214299767183, 'pre_dampen_half': 14.689898077648792, 'gpp_af': 11.234842109991876, 'gpp_b': 1.5938003265859821, 'gpp_d': 368.30088529547436, 'ign_k': 3.7173717478250508, 'ign_c': 201.4978984700884}.
[I 2026-08-06 02:27:16,828] Trial 910 finished with values: [10.753867667926833, 10.753867667926833] and parameters: {'k1': 0.013431123753466416, 'D_low': 683.8782488668313, 'k2': 4.763991596630584e-05, 'D_high': 75773.14388518519, 'fire_exp': 1.0473002272689056, 'P_half': 608.3019192425825, 'pre_dampen_half': 14.689898077648792, 'gpp_af': 0.2343193755572473, 'gpp_b': 0.10123867001105968, 'gpp_d': 0.015163585438685893, 'ign_k': 3.7173717478250508, 'ign_c': 14.367095138664217}.
[I 2026-08-06 02:27:18,030] Trial 911 finished with values: [10.596639336154022, 10.596639336154022] and parameters: {'k1': 0.025383218374507292, 'D_low': 9.330007965781027, 'k2': 4.763991596630584e-05, 'D_high': 6455.595882939566, 'fire_exp': 2.0096866887224025, 'P_half': 608.3019192425825, 'pre_dampen_half': 14.689898077648792, 'gpp_af': 22.766850248686247, 'gpp_b': 0.6637926838138378, 'gpp_d': 891.8036602897795, 'ign_k': 3.7173717478250508, 'ign_c': 14.367095138664217}.
[I 2026-08-06 02:27:19,290] Trial 912 finished with values: [10.530823254570688, 10.530823254570688] and parameters: {'k1': 0.025383218374507292, 'D_low': 9.330007965781027, 'k2': 0.00011283667486683905, 'D_high': 6455.595882939566, 'fire_exp': 2.2915873039663333, 'P_half': 608.3019192425825, 'pre_dampen_half': 14.689898077648792, 'gpp_af': 22.766850248686247, 'gpp_b': 0.10123867001105968, 'gpp_d': 891.8036602897795, 'ign_k': 3.7173717478250508, 'ign_c': 0.22416664245892623}.
[I 2026-08-06 02:27:20,531] Trial 913 finished with values: [10.897738311517447, 10.897738311517447] and parameters: {'k1': 0.003381093273170853, 'D_low': 616.4329525571076, 'k2': 0.0004381141781653133, 'D_high': 24939.838794891497, 'fire_exp': 1.2680134752324452, 'P_half': 11.877073321543955, 'pre_dampen_half': 3.3594011166738142, 'gpp_af': 0.5107061330406066, 'gpp_b': 5.2308563179361105e-05, 'gpp_d': 300.3420512048734, 'ign_k': 7.799059237255681, 'ign_c': 0.7724824966785973}.
[I 2026-08-06 02:27:21,710] Trial 914 finished with values: [-0.5382333929679224, 0.019237289544592362] and parameters: {'k1': 0.025383218374507292, 'D_low': 18.522006003174383, 'k2': 4.763991596630584e-05, 'D_high': 400.9149428326862, 'fire_exp': 1.010722707674549, 'P_half': 664.2027816373393, 'pre_dampen_half': 14.689898077648792, 'gpp_af': 22.766850248686247, 'gpp_b': 0.1676789742547917, 'gpp_d': 39.827466658711515, 'ign_k': 3.7173717478250508, 'ign_c': 14.367095138664217}.
[I 2026-08-06 02:27:22,873] Trial 915 finished with values: [10.76923076805719, 10.76923076805719] and parameters: {'k1': 0.025383218374507292, 'D_low': 9.330007965781027, 'k2': 3.5917714215176105e-05, 'D_high': 400.9149428326862, 'fire_exp': 1.0473002272689056, 'P_half': 664.2027816373393, 'pre_dampen_half': 14.689898077648792, 'gpp_af': 0.2343193755572473, 'gpp_b': 0.10123867001105968, 'gpp_d': 39.827466658711515, 'ign_k': 3.7173717478250508, 'ign_c': 559.5401979134822}.
[I 2026-08-06 02:27:24,046] Trial 916 finished with values: [10.402800780948926, 10.402800780948926] and parameters: {'k1': 0.025383218374507292, 'D_low': 31.117676855667376, 'k2': 0.0499774937030317, 'D_high': 10584.084917159616, 'fire_exp': 1.2680134752324452, 'P_half': 164.1379340685856, 'pre_dampen_half': 14.689898077648792, 'gpp_af': 22.766850248686247, 'gpp_b': 0.1676789742547917, 'gpp_d': 39.827466658711515, 'ign_k': 3.7173717478250508, 'ign_c': 14.367095138664217}.
[I 2026-08-06 02:27:25,301] Trial 917 finished with values: [10.820104988531062, 10.820104988531062] and parameters: {'k1': 0.003381093273170853, 'D_low': 18.522006003174383, 'k2': 0.0004381141781653133, 'D_high': 24939.838794891497, 'fire_exp': 1.2680134752324452, 'P_half': 403.3495283157659, 'pre_dampen_half': 25.15960733455044, 'gpp_af': 0.2343193755572473, 'gpp_b': 0.10123867001105968, 'gpp_d': 300.3420512048734, 'ign_k': 3.7173717478250508, 'ign_c': 1.6676205667297381}.
[I 2026-08-06 02:27:26,527] Trial 918 finished with values: [-0.5525105848527615, 0.03250477783471728] and parameters: {'k1': 0.08926311370835228, 'D_low': 31.117676855667376, 'k2': 4.763991596630584e-05, 'D_high': 1687.3495104568947, 'fire_exp': 1.010722707674549, 'P_half': 276.27089412392087, 'pre_dampen_half': 14.689898077648792, 'gpp_af': 22.766850248686247, 'gpp_b': 0.10123867001105968, 'gpp_d': 39.827466658711515, 'ign_k': 7.799059237255681, 'ign_c': 14.367095138664217}.
[I 2026-08-06 02:27:28,031] Trial 919 finished with values: [10.167437653790465, 10.167437653790465] and parameters: {'k1': 0.00038719172610036706, 'D_low': 18.522006003174383, 'k2': 0.0499774937030317, 'D_high': 1687.3495104568947, 'fire_exp': 1.2680134752324452, 'P_half': 276.27089412392087, 'pre_dampen_half': 14.689898077648792, 'gpp_af': 0.2343193755572473, 'gpp_b': 0.1676789742547917, 'gpp_d': 39.827466658711515, 'ign_k': 3.7173717478250508, 'ign_c': 14.367095138664217}.
[I 2026-08-06 02:27:29,222] Trial 920 finished with values: [10.53771046742547, 10.53771046742547] and parameters: {'k1': 0.03232155805617897, 'D_low': 9.330007965781027, 'k2': 4.763991596630584e-05, 'D_high': 6455.595882939566, 'fire_exp': 1.0473002272689056, 'P_half': 664.2027816373393, 'pre_dampen_half': 1.7219189380414555, 'gpp_af': 22.766850248686247, 'gpp_b': 0.35446974723746, 'gpp_d': 39.827466658711515, 'ign_k': 3.7173717478250508, 'ign_c': 14.367095138664217}.
[I 2026-08-06 02:27:30,467] Trial 921 finished with values: [10.762204522271439, 10.762204522271439] and parameters: {'k1': 0.08926311370835228, 'D_low': 9.330007965781027, 'k2': 4.763991596630584e-05, 'D_high': 6455.595882939566, 'fire_exp': 3.9865235442286613, 'P_half': 608.3019192425825, 'pre_dampen_half': 14.689898077648792, 'gpp_af': 0.2343193755572473, 'gpp_b': 0.10123867001105968, 'gpp_d': 107.84642153666701, 'ign_k': 3.7173717478250508, 'ign_c': 14.367095138664217}.
[I 2026-08-06 02:27:31,664] Trial 922 finished with values: [10.028632336743385, 10.028632336743385] and parameters: {'k1': 0.025383218374507292, 'D_low': 18.522006003174383, 'k2': 0.0004381141781653133, 'D_high': 1155.361019261122, 'fire_exp': 1.2680134752324452, 'P_half': 608.3019192425825, 'pre_dampen_half': 14.689898077648792, 'gpp_af': 11.234842109991876, 'gpp_b': 0.09760461369620549, 'gpp_d': 300.3420512048734, 'ign_k': 7.799059237255681, 'ign_c': 14.367095138664217}.
[I 2026-08-06 02:27:32,873] Trial 923 finished with values: [-0.554982125689007, 0.027351907674514453] and parameters: {'k1': 0.025383218374507292, 'D_low': 18.522006003174383, 'k2': 3.5917714215176105e-05, 'D_high': 47595.7191123968, 'fire_exp': 1.010722707674549, 'P_half': 664.2027816373393, 'pre_dampen_half': 14.689898077648792, 'gpp_af': 0.3053637037552328, 'gpp_b': 0.35446974723746, 'gpp_d': 913.6714913061586, 'ign_k': 3.7173717478250508, 'ign_c': 14.367095138664217}.
[I 2026-08-06 02:27:34,047] Trial 924 finished with values: [10.618877442281194, 10.618877442281194] and parameters: {'k1': 0.021368329072358756, 'D_low': 616.4329525571076, 'k2': 0.006138509947844854, 'D_high': 24939.838794891497, 'fire_exp': 1.3239942327296237, 'P_half': 958.8659498594012, 'pre_dampen_half': 14.689898077648792, 'gpp_af': 11.234842109991876, 'gpp_b': 1.5938003265859821, 'gpp_d': 300.3420512048734, 'ign_k': 0.0037322156377670697, 'ign_c': 3.735862630812751}.
[I 2026-08-06 02:27:35,324] Trial 925 finished with values: [10.290645044800769, 10.290645044800769] and parameters: {'k1': 0.08926311370835228, 'D_low': 31.117676855667376, 'k2': 0.0499774937030317, 'D_high': 1687.3495104568947, 'fire_exp': 1.2680134752324452, 'P_half': 276.27089412392087, 'pre_dampen_half': 14.689898077648792, 'gpp_af': 22.766850248686247, 'gpp_b': 0.1676789742547917, 'gpp_d': 180.76934679960573, 'ign_k': 7.799059237255681, 'ign_c': 14.367095138664217}.
[I 2026-08-06 02:27:36,591] Trial 926 finished with values: [10.76270890409323, 10.76270890409323] and parameters: {'k1': 0.025383218374507292, 'D_low': 9.330007965781027, 'k2': 4.763991596630584e-05, 'D_high': 400.9149428326862, 'fire_exp': 1.0473002272689056, 'P_half': 664.2027816373393, 'pre_dampen_half': 14.689898077648792, 'gpp_af': 0.011029417379828953, 'gpp_b': 1.5938003265859821, 'gpp_d': 39.827466658711515, 'ign_k': 3.7173717478250508, 'ign_c': 14.367095138664217}.
[I 2026-08-06 02:27:37,796] Trial 927 finished with values: [-0.4874162258086212, 0.03399119470592682] and parameters: {'k1': 0.08926311370835228, 'D_low': 9.330007965781027, 'k2': 0.052769242333622866, 'D_high': 24939.838794891497, 'fire_exp': 1.0473002272689056, 'P_half': 664.2027816373393, 'pre_dampen_half': 14.689898077648792, 'gpp_af': 0.028585493941961918, 'gpp_b': 0.10123867001105968, 'gpp_d': 5.277709597877513, 'ign_k': 3.7173717478250508, 'ign_c': 0.29205563600251844}.
[I 2026-08-06 02:27:39,079] Trial 928 finished with values: [10.397537710719394, 10.397537710719394] and parameters: {'k1': 0.021368329072358756, 'D_low': 9.330007965781027, 'k2': 4.763991596630584e-05, 'D_high': 18612.24814067389, 'fire_exp': 1.7164931785633317, 'P_half': 664.2027816373393, 'pre_dampen_half': 14.689898077648792, 'gpp_af': 4.582731702170249, 'gpp_b': 0.1676789742547917, 'gpp_d': 107.84642153666701, 'ign_k': 3.7173717478250508, 'ign_c': 14.367095138664217}.
[I 2026-08-06 02:27:40,256] Trial 929 finished with values: [10.715438308358484, 10.715438308358484] and parameters: {'k1': 0.021368329072358756, 'D_low': 9.330007965781027, 'k2': 4.763991596630584e-05, 'D_high': 333.0375276964647, 'fire_exp': 1.0473002272689056, 'P_half': 3250.104176616457, 'pre_dampen_half': 14.689898077648792, 'gpp_af': 0.2343193755572473, 'gpp_b': 1.5938003265859821, 'gpp_d': 218.91899741700433, 'ign_k': 3.7173717478250508, 'ign_c': 14.367095138664217}.
[I 2026-08-06 02:27:41,515] Trial 930 finished with values: [-0.5655393962276982, 0.02659244470182831] and parameters: {'k1': 0.025383218374507292, 'D_low': 18.522006003174383, 'k2': 4.763991596630584e-05, 'D_high': 400.9149428326862, 'fire_exp': 1.0473002272689056, 'P_half': 608.3019192425825, 'pre_dampen_half': 14.689898077648792, 'gpp_af': 22.766850248686247, 'gpp_b': 0.35446974723746, 'gpp_d': 891.8036602897795, 'ign_k': 3.7173717478250508, 'ign_c': 14.367095138664217}.
[I 2026-08-06 02:27:42,721] Trial 931 finished with values: [-0.5640587649749476, 0.02882259146297772] and parameters: {'k1': 0.08926311370835228, 'D_low': 31.117676855667376, 'k2': 4.763991596630584e-05, 'D_high': 6455.595882939566, 'fire_exp': 1.010722707674549, 'P_half': 664.2027816373393, 'pre_dampen_half': 14.689898077648792, 'gpp_af': 10.705994121627729, 'gpp_b': 0.6637926838138378, 'gpp_d': 891.8036602897795, 'ign_k': 3.7173717478250508, 'ign_c': 14.367095138664217}.
[I 2026-08-06 02:27:44,022] Trial 932 finished with values: [-0.5682260821957044, 0.027037206241379175] and parameters: {'k1': 0.021368329072358756, 'D_low': 18.522006003174383, 'k2': 4.763991596630584e-05, 'D_high': 6455.595882939566, 'fire_exp': 1.0473002272689056, 'P_half': 664.2027816373393, 'pre_dampen_half': 14.689898077648792, 'gpp_af': 4.582731702170249, 'gpp_b': 0.10123867001105968, 'gpp_d': 107.84642153666701, 'ign_k': 3.7173717478250508, 'ign_c': 14.367095138664217}.
[I 2026-08-06 02:27:45,307] Trial 933 finished with values: [-0.5629120891578391, 0.02235147817029237] and parameters: {'k1': 0.021368329072358756, 'D_low': 18.522006003174383, 'k2': 4.763991596630584e-05, 'D_high': 400.9149428326862, 'fire_exp': 1.0473002272689056, 'P_half': 608.3019192425825, 'pre_dampen_half': 14.689898077648792, 'gpp_af': 4.582731702170249, 'gpp_b': 0.10123867001105968, 'gpp_d': 39.827466658711515, 'ign_k': 3.7173717478250508, 'ign_c': 14.367095138664217}.
[I 2026-08-06 02:27:46,560] Trial 934 finished with values: [10.739981150113207, 10.739981150113207] and parameters: {'k1': 0.08926311370835228, 'D_low': 26.21130418912424, 'k2': 3.5917714215176105e-05, 'D_high': 400.9149428326862, 'fire_exp': 1.1044852285094786, 'P_half': 608.3019192425825, 'pre_dampen_half': 14.689898077648792, 'gpp_af': 22.766850248686247, 'gpp_b': 0.5497720006052913, 'gpp_d': 0.3337303435204265, 'ign_k': 3.7173717478250508, 'ign_c': 14.367095138664217}.
[I 2026-08-06 02:27:48,189] Trial 935 finished with values: [10.390759373355108, 10.390759373355108] and parameters: {'k1': 2.1070611138656e-05, 'D_low': 18.522006003174383, 'k2': 4.763991596630584e-05, 'D_high': 409.18595179278975, 'fire_exp': 1.0473002272689056, 'P_half': 608.3019192425825, 'pre_dampen_half': 3.3594011166738142, 'gpp_af': 22.766850248686247, 'gpp_b': 0.6637926838138378, 'gpp_d': 891.8036602897795, 'ign_k': 7.799059237255681, 'ign_c': 3.735862630812751}.
[I 2026-08-06 02:27:49,622] Trial 936 finished with values: [-0.5510867426629875, 0.019902972628578985] and parameters: {'k1': 0.03232155805617897, 'D_low': 9.330007965781027, 'k2': 4.763991596630584e-05, 'D_high': 6455.595882939566, 'fire_exp': 1.010722707674549, 'P_half': 664.2027816373393, 'pre_dampen_half': 14.689898077648792, 'gpp_af': 22.766850248686247, 'gpp_b': 0.35446974723746, 'gpp_d': 39.827466658711515, 'ign_k': 3.7173717478250508, 'ign_c': 14.367095138664217}.
[I 2026-08-06 02:27:50,530] Trial 937 finished with values: [10.01273904058809, 10.01273904058809] and parameters: {'k1': 0.021368329072358756, 'D_low': 26.21130418912424, 'k2': 4.763991596630584e-05, 'D_high': 49.442231067539446, 'fire_exp': 1.010722707674549, 'P_half': 608.3019192425825, 'pre_dampen_half': 14.689898077648792, 'gpp_af': 0.09651979281656148, 'gpp_b': 0.0005995821881487623, 'gpp_d': 39.827466658711515, 'ign_k': 3.7173717478250508, 'ign_c': 14.367095138664217}.
[I 2026-08-06 02:27:51,396] Trial 938 finished with values: [12.876908279309617, 12.876908279309617] and parameters: {'k1': 0.021368329072358756, 'D_low': 9.330007965781027, 'k2': 1.1184534120760473e-05, 'D_high': 75773.14388518519, 'fire_exp': 1.0473002272689056, 'P_half': 125.61043700013555, 'pre_dampen_half': 14.689898077648792, 'gpp_af': 0.028585493941961918, 'gpp_b': 2.7719116797094715e-05, 'gpp_d': 5.878566318396007, 'ign_k': 0.01474275315991467, 'ign_c': 2.92043384718141}.
[I 2026-08-06 02:27:52,302] Trial 939 finished with values: [10.039889656441625, 10.039889656441625] and parameters: {'k1': 0.03232155805617897, 'D_low': 9.330007965781027, 'k2': 4.763991596630584e-05, 'D_high': 17.420858817889425, 'fire_exp': 1.0473002272689056, 'P_half': 664.2027816373393, 'pre_dampen_half': 14.689898077648792, 'gpp_af': 22.766850248686247, 'gpp_b': 0.10123867001105968, 'gpp_d': 29.83701993880331, 'ign_k': 3.7173717478250508, 'ign_c': 14.367095138664217}.
[I 2026-08-06 02:27:53,311] Trial 940 finished with values: [-0.5403561378895898, 0.023061741406879555] and parameters: {'k1': 0.08926311370835228, 'D_low': 10.733257635049776, 'k2': 0.00024232538206837495, 'D_high': 1687.3495104568947, 'fire_exp': 1.0473002272689056, 'P_half': 664.2027816373393, 'pre_dampen_half': 14.689898077648792, 'gpp_af': 0.2343193755572473, 'gpp_b': 0.1676789742547917, 'gpp_d': 39.827466658711515, 'ign_k': 3.7173717478250508, 'ign_c': 14.367095138664217}.
[I 2026-08-06 02:27:54,177] Trial 941 finished with values: [10.127646746638726, 10.127646746638726] and parameters: {'k1': 0.025383218374507292, 'D_low': 51.9967392387832, 'k2': 0.0499774937030317, 'D_high': 949.9072859745386, 'fire_exp': 1.2680134752324452, 'P_half': 958.8659498594012, 'pre_dampen_half': 14.689898077648792, 'gpp_af': 0.028585493941961918, 'gpp_b': 0.000832333943844274, 'gpp_d': 300.3420512048734, 'ign_k': 0.01474275315991467, 'ign_c': 19.19168994439752}.
[I 2026-08-06 02:27:55,029] Trial 942 finished with values: [10.76923076805719, 10.76923076805719] and parameters: {'k1': 0.08926311370835228, 'D_low': 31.117676855667376, 'k2': 0.0499774937030317, 'D_high': 1687.3495104568947, 'fire_exp': 9.453882513053998, 'P_half': 608.3019192425825, 'pre_dampen_half': 14.689898077648792, 'gpp_af': 22.766850248686247, 'gpp_b': 0.1676789742547917, 'gpp_d': 39.827466658711515, 'ign_k': 0.36634334739248847, 'ign_c': 194.94955785090448}.
[I 2026-08-06 02:27:55,899] Trial 943 finished with values: [10.76923076805719, 10.76923076805719] and parameters: {'k1': 0.025383218374507292, 'D_low': 18.522006003174383, 'k2': 3.38921165308947e-05, 'D_high': 1687.3495104568947, 'fire_exp': 1.010722707674549, 'P_half': 2805.8078703333817, 'pre_dampen_half': 14.689898077648792, 'gpp_af': 0.2343193755572473, 'gpp_b': 0.6637926838138378, 'gpp_d': 891.8036602897795, 'ign_k': 3.7173717478250508, 'ign_c': 490.9403886223242}.
[I 2026-08-06 02:27:56,774] Trial 944 finished with values: [-0.538296193489323, 0.03499583375735926] and parameters: {'k1': 0.025383218374507292, 'D_low': 18.522006003174383, 'k2': 4.763991596630584e-05, 'D_high': 400.9149428326862, 'fire_exp': 1.0473002272689056, 'P_half': 608.3019192425825, 'pre_dampen_half': 14.689898077648792, 'gpp_af': 22.766850248686247, 'gpp_b': 0.35446974723746, 'gpp_d': 891.8036602897795, 'ign_k': 0.08876620955487982, 'ign_c': 14.367095138664217}.
