[I 2026-06-10 21:19:55,651] Trial 210 finished with values: [10.756645661268944, 10.756645661268944] and parameters: {'k1': 0.028401063201780267, 'D_low': 16.00237013173313, 'k2': 0.002884223471687844, 'D_high': 2427.054417940131, 'fire_exp': 1.5191397119156032, 'P_half': 157.80309954142965, 'pre_dampen_half': 8.259599205585761, 'gpp_af': 0.03522602097143089, 'gpp_b': 0.15208782389892764, 'gpp_d': 12.338826503601998, 'ign_k': 3.965503094323014, 'ign_c': 22.126836566118193, 'trop_agb_crit': 5.526463318565575, 'trop_k_veg': 4.7254560805090735, 'fuel_k': 0.10978148458640455, 'fuel_half': 71.14476009343416}.
[I 2026-06-10 21:19:57,379] Trial 211 finished with values: [10.678669716958249, 10.678669716958249] and parameters: {'k1': 0.001906534551939351, 'D_low': 2.4474057445796826, 'k2': 0.002884223471687844, 'D_high': 42210.21267871043, 'fire_exp': 1.3806513288500464, 'P_half': 93.43302657318476, 'pre_dampen_half': 0.012284844784580964, 'gpp_af': 0.24002253099641147, 'gpp_b': 1.6081669283634658e-05, 'gpp_d': 32.54021513867688, 'ign_k': 0.0029519227433917453, 'ign_c': 1.4940577239079738, 'trop_agb_crit': 15.68644624233575, 'trop_k_veg': 6.863422129054255, 'fuel_k': 0.3302507755382605, 'fuel_half': 0.14265186058187057}.
[I 2026-06-10 21:19:59,156] Trial 212 finished with values: [10.76922931110079, 10.76922931110079] and parameters: {'k1': 1.3243445838637965e-05, 'D_low': 1.4105638677535268, 'k2': 0.002173988526401145, 'D_high': 2289.1315306837046, 'fire_exp': 6.794135091866398, 'P_half': 20.654107883022302, 'pre_dampen_half': 14.689407256107613, 'gpp_af': 0.05511595477601767, 'gpp_b': 0.004458440839692221, 'gpp_d': 0.04409594046630608, 'ign_k': 0.038563028138793747, 'ign_c': 13.34807155996068, 'trop_agb_crit': 2.7395739167173065, 'trop_k_veg': 4.129715873342728, 'fuel_k': 0.45000412754978936, 'fuel_half': 60.22306787169707}.
[I 2026-06-10 21:20:00,818] Trial 213 finished with values: [10.749463746721544, 10.749463746721544] and parameters: {'k1': 0.012840669372724958, 'D_low': 1022.1111307208341, 'k2': 0.002884223471687844, 'D_high': 42210.21267871043, 'fire_exp': 2.0623196560647115, 'P_half': 94.99072859745384, 'pre_dampen_half': 0.01939964577577238, 'gpp_af': 0.03940055743445144, 'gpp_b': 2.176805640408474e-05, 'gpp_d': 3.4461856429915305, 'ign_k': 0.008226074946221037, 'ign_c': 0.2939463458625969, 'trop_agb_crit': 1.626357634890109, 'trop_k_veg': 0.7818074020304813, 'fuel_k': 2.008410859639995, 'fuel_half': 0.2010796072862617}.
[I 2026-06-10 21:20:02,433] Trial 214 finished with values: [10.75373371470244, 10.75373371470244] and parameters: {'k1': 0.00021066486017042195, 'D_low': 1.7956984225677628, 'k2': 0.0007047307383115598, 'D_high': 61536.58035691648, 'fire_exp': 1.423480109671474, 'P_half': 221.2683656611821, 'pre_dampen_half': 0.011396414164620812, 'gpp_af': 0.0010762901323294958, 'gpp_b': 1.284284091405877e-05, 'gpp_d': 36.831884165358986, 'ign_k': 0.0029519227433917453, 'ign_c': 0.8446694862290622, 'trop_agb_crit': 12.647327018493208, 'trop_k_veg': 6.825463866194253, 'fuel_k': 0.06272423143691705, 'fuel_half': 0.28682508353628944}.
[I 2026-06-10 21:20:04,069] Trial 215 finished with values: [10.590335839398437, 10.590335839398437] and parameters: {'k1': 0.028401063201780267, 'D_low': 37.35862630812753, 'k2': 0.03699867920489089, 'D_high': 2427.054417940131, 'fire_exp': 1.423480109671474, 'P_half': 157.80309954142965, 'pre_dampen_half': 8.259599205585761, 'gpp_af': 1.1409619915696267, 'gpp_b': 0.0001484082099455773, 'gpp_d': 12.151631524283598, 'ign_k': 0.013276678836047658, 'ign_c': 22.126836566118193, 'trop_agb_crit': 10.691477813613638, 'trop_k_veg': 6.45312300188076, 'fuel_k': 0.10978148458640455, 'fuel_half': 70.25166339242152}.
[I 2026-06-10 21:20:05,724] Trial 216 finished with values: [10.767897362839507, 10.767897362839507] and parameters: {'k1': 0.012840669372724958, 'D_low': 1022.1111307208341, 'k2': 0.002884223471687844, 'D_high': 42210.21267871043, 'fire_exp': 1.2336901664320323, 'P_half': 93.43302657318476, 'pre_dampen_half': 0.01939964577577238, 'gpp_af': 5.056419398267455, 'gpp_b': 7.711113013594476, 'gpp_d': 562.7426550259207, 'ign_k': 6.344955605329754, 'ign_c': 0.2939463458625969, 'trop_agb_crit': 1.626357634890109, 'trop_k_veg': 1.733613253381165, 'fuel_k': 1.277912650425083, 'fuel_half': 0.9682636678036001}.
[I 2026-06-10 21:20:07,414] Trial 217 finished with values: [10.342823217746506, 10.342823217746506] and parameters: {'k1': 0.008471801418819975, 'D_low': 37.35862630812753, 'k2': 4.207988669606632e-05, 'D_high': 12124.080603355414, 'fire_exp': 1.423480109671474, 'P_half': 11.545165697879465, 'pre_dampen_half': 10.129197956845726, 'gpp_af': 3.4702669886504163, 'gpp_b': 0.00012118589392553798, 'gpp_d': 14.423399576193098, 'ign_k': 4.591485216740537, 'ign_c': 1.0944963667961967, 'trop_agb_crit': 10.691477813613638, 'trop_k_veg': 5.876643247346733, 'fuel_k': 0.07002142869039264, 'fuel_half': 72.7420826493834}.
[I 2026-06-10 21:20:08,983] Trial 218 finished with values: [10.625382606069815, 10.625382606069815] and parameters: {'k1': 0.004898620823554844, 'D_low': 1022.1111307208341, 'k2': 0.002173988526401145, 'D_high': 83201.33621840179, 'fire_exp': 1.1916010013283533, 'P_half': 56.22114524476698, 'pre_dampen_half': 331.7366635899375, 'gpp_af': 0.015875524914818664, 'gpp_b': 0.004458440839692221, 'gpp_d': 0.04409594046630608, 'ign_k': 6.344955605329754, 'ign_c': 0.5655677524618509, 'trop_agb_crit': 1.6034837661963206, 'trop_k_veg': 2.9556982260250573, 'fuel_k': 0.45000412754978936, 'fuel_half': 60.22306787169707}.
[I 2026-06-10 21:20:10,585] Trial 219 finished with values: [10.768938824930967, 10.768938824930967] and parameters: {'k1': 0.0034357599461003513, 'D_low': 1.7956984225677628, 'k2': 0.0004976087827261435, 'D_high': 42210.21267871043, 'fire_exp': 1.2918065501148304, 'P_half': 20.654107883022302, 'pre_dampen_half': 3.3841016089580034, 'gpp_af': 0.2204465010099918, 'gpp_b': 0.01737449851559721, 'gpp_d': 2.5450745565416026, 'ign_k': 0.42702329684055446, 'ign_c': 39.52220881906114, 'trop_agb_crit': 3.1419938725278875, 'trop_k_veg': 1.9658897090912955, 'fuel_k': 0.03201034713747641, 'fuel_half': 60.70952705230881}.
[I 2026-06-10 21:20:12,268] Trial 220 finished with values: [10.707086735403458, 10.707086735403458] and parameters: {'k1': 0.0131638092522722, 'D_low': 171.2446447678494, 'k2': 0.002884223471687844, 'D_high': 71267.2757353232, 'fire_exp': 1.2918065501148304, 'P_half': 56.22114524476698, 'pre_dampen_half': 331.7366635899375, 'gpp_af': 0.2204465010099918, 'gpp_b': 0.014662453726154785, 'gpp_d': 0.03426913908389044, 'ign_k': 0.0029519227433917453, 'ign_c': 30.785541778315018, 'trop_agb_crit': 27.025726513675966, 'trop_k_veg': 2.132271839889451, 'fuel_k': 0.5604857991960507, 'fuel_half': 60.22306787169707}.
[I 2026-06-10 21:20:14,081] Trial 221 finished with values: [10.75962902928749, 10.75962902928749] and parameters: {'k1': 7.902459656172905e-05, 'D_low': 7.857247967427123, 'k2': 0.0004976087827261435, 'D_high': 42210.21267871043, 'fire_exp': 1.2918065501148304, 'P_half': 1106.908213475539, 'pre_dampen_half': 0.011396414164620812, 'gpp_af': 0.22965432344634354, 'gpp_b': 0.15208782389892764, 'gpp_d': 10.931606102061748, 'ign_k': 1.1044350847124695, 'ign_c': 1.4940577239079738, 'trop_agb_crit': 12.647327018493208, 'trop_k_veg': 4.7254560805090735, 'fuel_k': 2.563645943471902, 'fuel_half': 1.9170041589170652}.
[I 2026-06-10 21:20:15,804] Trial 222 finished with values: [10.743254455683354, 10.743254455683354] and parameters: {'k1': 1.263794633808287e-05, 'D_low': 1.7956984225677628, 'k2': 0.0003845635122720661, 'D_high': 2427.054417940131, 'fire_exp': 2.0623196560647115, 'P_half': 355.00125258511594, 'pre_dampen_half': 8.259599205585761, 'gpp_af': 0.03940055743445144, 'gpp_b': 0.0028993292583566945, 'gpp_d': 59.94537656798816, 'ign_k': 6.344955605329754, 'ign_c': 19.66760839944308, 'trop_agb_crit': 2.679156169946616, 'trop_k_veg': 2.724170387400844, 'fuel_k': 2.008410859639995, 'fuel_half': 0.9682636678036001}.
[I 2026-06-10 21:20:17,628] Trial 223 finished with values: [10.769230769178105, 10.769230769178105] and parameters: {'k1': 0.07799059237255677, 'D_low': 37.35862630812753, 'k2': 0.001462400459012571, 'D_high': 3512.7047262708465, 'fire_exp': 2.7477133304227777, 'P_half': 2.0598022365449626, 'pre_dampen_half': 243.70551632385417, 'gpp_af': 1.1409619915696267, 'gpp_b': 0.0001484082099455773, 'gpp_d': 229.41380323183625, 'ign_k': 0.043232642103703305, 'ign_c': 711.1611367121727, 'trop_agb_crit': 2.679156169946616, 'trop_k_veg': 0.7818074020304813, 'fuel_k': 0.08907843646648306, 'fuel_half': 11.781063202742125}.
[I 2026-06-10 21:20:19,266] Trial 224 finished with values: [10.769230769178105, 10.769230769178105] and parameters: {'k1': 0.0010495653625093638, 'D_low': 2022.2268128429641, 'k2': 0.002884223471687844, 'D_high': 38202.59936390114, 'fire_exp': 1.3806513288500464, 'P_half': 7.46475488144212, 'pre_dampen_half': 562.0900787064872, 'gpp_af': 5.056419398267455, 'gpp_b': 0.062478609977409824, 'gpp_d': 562.7426550259207, 'ign_k': 0.02741350741975827, 'ign_c': 534.7027553411482, 'trop_agb_crit': 5.526463318565575, 'trop_k_veg': 2.724170387400844, 'fuel_k': 2.563645943471902, 'fuel_half': 54.91887821601532}.
[I 2026-06-10 21:20:20,886] Trial 225 finished with values: [10.49450131305996, 10.49450131305996] and parameters: {'k1': 0.028401063201780267, 'D_low': 16.00237013173313, 'k2': 0.00033271381912662167, 'D_high': 42210.21267871043, 'fire_exp': 1.2918065501148304, 'P_half': 157.80309954142965, 'pre_dampen_half': 8.259599205585761, 'gpp_af': 0.003254982364882647, 'gpp_b': 0.00012118589392553798, 'gpp_d': 36.831884165358986, 'ign_k': 1.1044350847124695, 'ign_c': 22.126836566118193, 'trop_agb_crit': 12.647327018493208, 'trop_k_veg': 4.7254560805090735, 'fuel_k': 0.10978148458640455, 'fuel_half': 71.14476009343416}.
[I 2026-06-10 21:20:22,741] Trial 226 finished with values: [10.638136406894374, 10.638136406894374] and parameters: {'k1': 0.012840669372724958, 'D_low': 171.2446447678494, 'k2': 0.0004976087827261435, 'D_high': 42210.21267871043, 'fire_exp': 1.2918065501148304, 'P_half': 93.43302657318476, 'pre_dampen_half': 0.011396414164620812, 'gpp_af': 0.24002253099641147, 'gpp_b': 2.176805640408474e-05, 'gpp_d': 32.54021513867688, 'ign_k': 0.0029519227433917453, 'ign_c': 1.4940577239079738, 'trop_agb_crit': 12.647327018493208, 'trop_k_veg': 2.520089655463604, 'fuel_k': 4.710433409437072, 'fuel_half': 1.3323297901105768}.
[I 2026-06-10 21:20:24,531] Trial 227 finished with values: [10.769230769178105, 10.769230769178105] and parameters: {'k1': 0.0006579066240690734, 'D_low': 40.12413353131991, 'k2': 0.0007047307383115598, 'D_high': 40237.59749324181, 'fire_exp': 1.423480109671474, 'P_half': 221.2683656611821, 'pre_dampen_half': 565.0116730717873, 'gpp_af': 1.1409619915696267, 'gpp_b': 4.201176460336354, 'gpp_d': 12.338826503601998, 'ign_k': 0.5643426708406569, 'ign_c': 188.97713941351608, 'trop_agb_crit': 10.691477813613638, 'trop_k_veg': 6.45312300188076, 'fuel_k': 0.10978148458640455, 'fuel_half': 71.14476009343416}.
[I 2026-06-10 21:20:26,141] Trial 228 finished with values: [10.588825101937134, 10.588825101937134] and parameters: {'k1': 0.028401063201780267, 'D_low': 1.7956984225677628, 'k2': 0.002884223471687844, 'D_high': 42210.21267871043, 'fire_exp': 2.450200807937923, 'P_half': 355.00125258511594, 'pre_dampen_half': 13.472769577631583, 'gpp_af': 0.0028604435659156367, 'gpp_b': 0.00012118589392553798, 'gpp_d': 32.54021513867688, 'ign_k': 6.344955605329754, 'ign_c': 0.1867876836333246, 'trop_agb_crit': 8.576304173303555, 'trop_k_veg': 2.724170387400844, 'fuel_k': 0.3302507755382605, 'fuel_half': 71.14476009343416}.
[I 2026-06-10 21:20:27,755] Trial 229 finished with values: [10.736413995868448, 10.736413995868448] and parameters: {'k1': 0.001906534551939351, 'D_low': 16.00237013173313, 'k2': 0.002884223471687844, 'D_high': 91246.32886689917, 'fire_exp': 1.3806513288500464, 'P_half': 157.80309954142965, 'pre_dampen_half': 0.3197553611222444, 'gpp_af': 5.056419398267455, 'gpp_b': 0.15208782389892764, 'gpp_d': 32.54021513867688, 'ign_k': 0.0029519227433917453, 'ign_c': 1.4940577239079738, 'trop_agb_crit': 5.526463318565575, 'trop_k_veg': 4.7254560805090735, 'fuel_k': 0.9277034540062489, 'fuel_half': 71.14476009343416}.
[I 2026-06-10 21:20:29,418] Trial 230 finished with values: [10.664577592607568, 10.664577592607568] and parameters: {'k1': 0.0009670857606743155, 'D_low': 40.12413353131991, 'k2': 0.0002172578929502367, 'D_high': 2427.054417940131, 'fire_exp': 1.2781983515972553, 'P_half': 221.2683656611821, 'pre_dampen_half': 3.3841016089580034, 'gpp_af': 0.3002317246575309, 'gpp_b': 0.0008239138919814073, 'gpp_d': 229.41380323183625, 'ign_k': 6.344955605329754, 'ign_c': 18.219343937475102, 'trop_agb_crit': 9.286923253577127, 'trop_k_veg': 2.724170387400844, 'fuel_k': 0.06525050422102326, 'fuel_half': 0.15923986634904905}.
[I 2026-06-10 21:20:31,243] Trial 231 finished with values: [10.042628755184818, 10.042628755184818] and parameters: {'k1': 0.012840669372724958, 'D_low': 36.07301614542843, 'k2': 0.002173988526401145, 'D_high': 42210.21267871043, 'fire_exp': 1.1103154430776774, 'P_half': 93.43302657318476, 'pre_dampen_half': 13.472769577631583, 'gpp_af': 0.05511595477601767, 'gpp_b': 2.176805640408474e-05, 'gpp_d': 32.54021513867688, 'ign_k': 0.038563028138793747, 'ign_c': 0.5655677524618509, 'trop_agb_crit': 12.647327018493208, 'trop_k_veg': 4.129715873342728, 'fuel_k': 4.710433409437072, 'fuel_half': 60.22306787169707}.
[I 2026-06-10 21:20:33,021] Trial 232 finished with values: [10.647872104915422, 10.647872104915422] and parameters: {'k1': 0.001906534551939351, 'D_low': 2.4474057445796826, 'k2': 0.002884223471687844, 'D_high': 91246.32886689917, 'fire_exp': 1.2918065501148304, 'P_half': 118.39097834757698, 'pre_dampen_half': 243.70551632385417, 'gpp_af': 0.2204465010099918, 'gpp_b': 0.15208782389892764, 'gpp_d': 2.5450745565416026, 'ign_k': 0.003252245757497283, 'ign_c': 39.52220881906114, 'trop_agb_crit': 3.1419938725278875, 'trop_k_veg': 2.5117307861546383, 'fuel_k': 0.03201034713747641, 'fuel_half': 60.70952705230881}.
[I 2026-06-10 21:20:34,766] Trial 233 finished with values: [10.584281596480352, 10.584281596480352] and parameters: {'k1': 0.028401063201780267, 'D_low': 2.4474057445796826, 'k2': 0.002884223471687844, 'D_high': 199.86340778528879, 'fire_exp': 1.5191397119156032, 'P_half': 24.184227958471602, 'pre_dampen_half': 272.9378165037474, 'gpp_af': 0.03522602097143089, 'gpp_b': 0.00012118589392553798, 'gpp_d': 12.338826503601998, 'ign_k': 1.1044350847124695, 'ign_c': 22.126836566118193, 'trop_agb_crit': 5.526463318565575, 'trop_k_veg': 4.7254560805090735, 'fuel_k': 0.28328975157735103, 'fuel_half': 71.14476009343416}.
[I 2026-06-10 21:20:36,378] Trial 234 finished with values: [10.726458432124806, 10.726458432124806] and parameters: {'k1': 0.07799059237255677, 'D_low': 2022.2268128429641, 'k2': 0.03699867920489089, 'D_high': 38202.59936390114, 'fire_exp': 1.423480109671474, 'P_half': 102.4585893986732, 'pre_dampen_half': 3.3841016089580034, 'gpp_af': 1.1409619915696267, 'gpp_b': 0.004458440839692221, 'gpp_d': 562.7426550259207, 'ign_k': 0.013276678836047658, 'ign_c': 18.219343937475102, 'trop_agb_crit': 5.526463318565575, 'trop_k_veg': 6.45312300188076, 'fuel_k': 4.099550041703093, 'fuel_half': 0.9682636678036001}.
[I 2026-06-10 21:20:38,129] Trial 235 finished with values: [10.73301100202237, 10.73301100202237] and parameters: {'k1': 0.003045524314144144, 'D_low': 1022.1111307208341, 'k2': 0.00033271381912662167, 'D_high': 2427.054417940131, 'fire_exp': 1.1916010013283533, 'P_half': 157.80309954142965, 'pre_dampen_half': 8.259599205585761, 'gpp_af': 0.015875524914818664, 'gpp_b': 0.00012118589392553798, 'gpp_d': 0.01693207443721426, 'ign_k': 6.344955605329754, 'ign_c': 22.126836566118193, 'trop_agb_crit': 1.6034837661963206, 'trop_k_veg': 2.724170387400844, 'fuel_k': 0.10978148458640455, 'fuel_half': 0.28682508353628944}.
[I 2026-06-10 21:20:39,874] Trial 236 finished with values: [10.559291994794549, 10.559291994794549] and parameters: {'k1': 0.030630016066530777, 'D_low': 2.4474057445796826, 'k2': 4.207988669606632e-05, 'D_high': 42.070539502879384, 'fire_exp': 1.1430983876313219, 'P_half': 2915.443189153754, 'pre_dampen_half': 272.9378165037474, 'gpp_af': 0.22965432344634354, 'gpp_b': 5.2187377767381904e-05, 'gpp_d': 707.2114131472224, 'ign_k': 7.833500522138164, 'ign_c': 1.4940577239079738, 'trop_agb_crit': 15.68644624233575, 'trop_k_veg': 4.7254560805090735, 'fuel_k': 0.07002142869039264, 'fuel_half': 1.9170041589170652}.
[I 2026-06-10 21:20:41,620] Trial 237 finished with values: [10.769230769178105, 10.769230769178105] and parameters: {'k1': 0.012840669372724958, 'D_low': 171.2446447678494, 'k2': 0.002884223471687844, 'D_high': 42210.21267871043, 'fire_exp': 1.5191397119156032, 'P_half': 57.62487216478601, 'pre_dampen_half': 13.472769577631583, 'gpp_af': 0.03522602097143089, 'gpp_b': 1.6081669283634658e-05, 'gpp_d': 32.54021513867688, 'ign_k': 3.965503094323014, 'ign_c': 750.7777979297798, 'trop_agb_crit': 12.647327018493208, 'trop_k_veg': 2.724170387400844, 'fuel_k': 0.3302507755382605, 'fuel_half': 0.14265186058187057}.
[I 2026-06-10 21:20:43,349] Trial 238 finished with values: [10.627478645951172, 10.627478645951172] and parameters: {'k1': 0.012840669372724958, 'D_low': 37.35862630812753, 'k2': 0.03699867920489089, 'D_high': 34288.10943862523, 'fire_exp': 5.618906840993741, 'P_half': 102.4585893986732, 'pre_dampen_half': 0.01939964577577238, 'gpp_af': 1.1409619915696267, 'gpp_b': 2.176805640408474e-05, 'gpp_d': 562.7426550259207, 'ign_k': 6.344955605329754, 'ign_c': 18.219343937475102, 'trop_agb_crit': 1.626357634890109, 'trop_k_veg': 6.45312300188076, 'fuel_k': 4.099550041703093, 'fuel_half': 0.9682636678036001}.
[I 2026-06-10 21:20:45,048] Trial 239 finished with values: [10.763305734391356, 10.763305734391356] and parameters: {'k1': 0.028401063201780267, 'D_low': 1.7956984225677628, 'k2': 3.3139424373452e-05, 'D_high': 10790.7786430243, 'fire_exp': 2.450200807937923, 'P_half': 355.00125258511594, 'pre_dampen_half': 0.2774295811500811, 'gpp_af': 0.2204465010099918, 'gpp_b': 2.176805640408474e-05, 'gpp_d': 562.7426550259207, 'ign_k': 0.0029519227433917453, 'ign_c': 22.126836566118193, 'trop_agb_crit': 8.576304173303555, 'trop_k_veg': 2.520089655463604, 'fuel_k': 0.014999101825504624, 'fuel_half': 93.29979664603125}.
[I 2026-06-10 21:20:46,886] Trial 240 finished with values: [10.645610523783287, 10.645610523783287] and parameters: {'k1': 1.2541447539026069e-05, 'D_low': 40.12413353131991, 'k2': 0.0006863458703786212, 'D_high': 61536.58035691648, 'fire_exp': 1.423480109671474, 'P_half': 20.654107883022302, 'pre_dampen_half': 0.01290083312696445, 'gpp_af': 0.015875524914818664, 'gpp_b': 1.284284091405877e-05, 'gpp_d': 229.41380323183625, 'ign_k': 6.344955605329754, 'ign_c': 18.219343937475102, 'trop_agb_crit': 10.691477813613638, 'trop_k_veg': 1.226409584206465, 'fuel_k': 2.316229308100196, 'fuel_half': 0.28682508353628944}.
[I 2026-06-10 21:20:48,683] Trial 241 finished with values: [10.721311354614006, 10.721311354614006] and parameters: {'k1': 0.0006579066240690734, 'D_low': 36.07301614542843, 'k2': 0.002173988526401145, 'D_high': 40237.59749324181, 'fire_exp': 1.1103154430776774, 'P_half': 8.318314747941244, 'pre_dampen_half': 0.040071391969561214, 'gpp_af': 0.24002253099641147, 'gpp_b': 0.005419266601560437, 'gpp_d': 483.22422323215085, 'ign_k': 0.012868405331151606, 'ign_c': 0.5655677524618509, 'trop_agb_crit': 1.111888584843313, 'trop_k_veg': 1.0345878666211452, 'fuel_k': 0.45000412754978936, 'fuel_half': 0.17108183937377372}.
[I 2026-06-10 21:20:50,448] Trial 242 finished with values: [10.53912100982932, 10.53912100982932] and parameters: {'k1': 1.263794633808287e-05, 'D_low': 2.7012557725439073, 'k2': 7.841214856323651e-05, 'D_high': 3512.7047262708465, 'fire_exp': 1.0283820194309468, 'P_half': 108.21382910613987, 'pre_dampen_half': 243.70551632385417, 'gpp_af': 5.056419398267455, 'gpp_b': 0.15208782389892764, 'gpp_d': 59.94537656798816, 'ign_k': 0.001973268844408891, 'ign_c': 30.785541778315018, 'trop_agb_crit': 27.025726513675966, 'trop_k_veg': 2.132271839889451, 'fuel_k': 0.5604857991960507, 'fuel_half': 54.91887821601532}.
[I 2026-06-10 21:20:52,246] Trial 243 finished with values: [10.722762323975347, 10.722762323975347] and parameters: {'k1': 0.0009670857606743155, 'D_low': 90.0684650653304, 'k2': 0.0002172578929502367, 'D_high': 2427.054417940131, 'fire_exp': 1.9594972058679163, 'P_half': 157.80309954142965, 'pre_dampen_half': 8.259599205585761, 'gpp_af': 0.3002317246575309, 'gpp_b': 1.284284091405877e-05, 'gpp_d': 12.338826503601998, 'ign_k': 3.965503094323014, 'ign_c': 22.126836566118193, 'trop_agb_crit': 7.896186801026689, 'trop_k_veg': 6.45312300188076, 'fuel_k': 0.10978148458640455, 'fuel_half': 70.25166339242152}.
[I 2026-06-10 21:20:54,142] Trial 244 finished with values: [10.64010309828019, 10.64010309828019] and parameters: {'k1': 1.263794633808287e-05, 'D_low': 171.2446447678494, 'k2': 0.014666151770108535, 'D_high': 78.90004262668583, 'fire_exp': 1.3806513288500464, 'P_half': 1206.784354929152, 'pre_dampen_half': 345.01054536130147, 'gpp_af': 0.4840298156332327, 'gpp_b': 2.176805640408474e-05, 'gpp_d': 32.54021513867688, 'ign_k': 0.42702329684055446, 'ign_c': 0.2939463458625969, 'trop_agb_crit': 7.513532694186442, 'trop_k_veg': 4.7254560805090735, 'fuel_k': 2.008410859639995, 'fuel_half': 0.2010796072862617}.
