[I 2026-08-20 01:07:27,473] Trial 1760 finished with value: 0.6051309968906075 and parameters: {'k1': 0.0002905193077046742, 'D_low': 22881.30661266861, 'k2': 0.02178861122690134, 'D_high': 478711.9774451732, 'fire_exp': 8.181702856475754, 'P_half': 2014.29654545518, 'pre_dampen_half': 762.2436792077318, 'gpp_af': 0.5491977083050646, 'gpp_b': 0.0024722664947748954, 'gpp_d': 719.832294770596, 'ign_k': 1.4821976916921722, 'ign_c': 0.1879195690548181, 'trop_agb_crit': 17.91663119345027, 'trop_k_veg': 2.010809830944685, 'pop_amp': 2.652666562681243, 'pop_peak': 0.17413425135843755, 'pop_sig': 1.2717871727473231}. Best is trial 1128 with value: -0.620386984093161.
[I 2026-08-20 01:07:29,271] Trial 1761 finished with value: 0.5037898620539494 and parameters: {'k1': 0.0002497508170039521, 'D_low': 2111.0277041010995, 'k2': 0.016468058665750733, 'D_high': 773587.5509736201, 'fire_exp': 2.5446658296003037, 'P_half': 4.532782112864829, 'pre_dampen_half': 0.2793977191211823, 'gpp_af': 0.004571713496395585, 'gpp_b': 3.463458816294204e-05, 'gpp_d': 16.376478175329517, 'ign_k': 0.026905300520908743, 'ign_c': 4.642293451514783, 'trop_agb_crit': 18.610309561414347, 'trop_k_veg': 0.8131628826244839, 'pop_amp': 2.9362797700550067, 'pop_peak': 41.372646461398276, 'pop_sig': 1.1128320584998694}. Best is trial 1128 with value: -0.620386984093161.
[I 2026-08-20 01:07:31,091] Trial 1762 finished with value: 0.6505250969098215 and parameters: {'k1': 0.006412797396269446, 'D_low': 115.84402157189336, 'k2': 0.009498802830480872, 'D_high': 9395252.721904438, 'fire_exp': 3.4140580352612506, 'P_half': 104.30475380108608, 'pre_dampen_half': 864.7689942518425, 'gpp_af': 0.8726662016288649, 'gpp_b': 0.005287070897535034, 'gpp_d': 10.504051353544288, 'ign_k': 2.131345156896046, 'ign_c': 1.5831997305722403, 'trop_agb_crit': 14.926488814298093, 'trop_k_veg': 7.987910694964063, 'pop_amp': 5.801142554684171, 'pop_peak': 1.6849980597522205, 'pop_sig': 0.6998723142836284}. Best is trial 1128 with value: -0.620386984093161.
[I 2026-08-20 01:07:32,945] Trial 1763 finished with value: 0.41773138089938144 and parameters: {'k1': 0.002549835417274402, 'D_low': 27.49555938157642, 'k2': 0.015578508911156738, 'D_high': 192986.4272994788, 'fire_exp': 1.9249181799584552, 'P_half': 46.10637756923439, 'pre_dampen_half': 0.7887640790827537, 'gpp_af': 0.4440279348415953, 'gpp_b': 0.00305941792453171, 'gpp_d': 81.49184761796201, 'ign_k': 0.021868082684635658, 'ign_c': 16.309668597176838, 'trop_agb_crit': 5.047755809047281, 'trop_k_veg': 3.836393911006456, 'pop_amp': 8.596983743528915, 'pop_peak': 144.41096099733187, 'pop_sig': 1.1476948679584458}. Best is trial 1128 with value: -0.620386984093161.
[I 2026-08-20 01:07:34,824] Trial 1764 finished with value: 0.6445374145881376 and parameters: {'k1': 0.004658069657017137, 'D_low': 14438.403035090054, 'k2': 0.01326344830633551, 'D_high': 28.438457342784552, 'fire_exp': 1.1590431186684007, 'P_half': 7.563269349732892, 'pre_dampen_half': 49.62261553799219, 'gpp_af': 0.05843925055569365, 'gpp_b': 1.8134885985902698, 'gpp_d': 0.16275990935508503, 'ign_k': 0.021601741326914052, 'ign_c': 0.9003173519519433, 'trop_agb_crit': 1.7477954989036002, 'trop_k_veg': 1.1068112378387243, 'pop_amp': 9.87789666382426, 'pop_peak': 0.06016740596127683, 'pop_sig': 1.7982898870575743}. Best is trial 1128 with value: -0.620386984093161.
[I 2026-08-20 01:07:37,045] Trial 1765 finished with value: 0.6340668430964322 and parameters: {'k1': 0.0021547974039220095, 'D_low': 102439.52794658308, 'k2': 0.0003292251252322735, 'D_high': 2863776.240426524, 'fire_exp': 9.058105536130231, 'P_half': 27.586525505063367, 'pre_dampen_half': 68.8468067538411, 'gpp_af': 0.04783401630745349, 'gpp_b': 0.0064606336456223944, 'gpp_d': 330.0707046001092, 'ign_k': 4.999581725203937, 'ign_c': 0.4692704316510466, 'trop_agb_crit': 12.5131468263571, 'trop_k_veg': 3.5469915851157303, 'pop_amp': 2.5430062120404124, 'pop_peak': 1.7831401885792673, 'pop_sig': 1.7736929934687928}. Best is trial 1128 with value: -0.620386984093161.
[I 2026-08-20 01:07:38,842] Trial 1766 finished with value: 0.4959116965781999 and parameters: {'k1': 0.00042127160595092103, 'D_low': 118.47951499201267, 'k2': 0.03616196765632375, 'D_high': 393106.70606307575, 'fire_exp': 2.637107932467788, 'P_half': 4.550784563114521, 'pre_dampen_half': 0.09235192992455117, 'gpp_af': 0.07724495141921695, 'gpp_b': 0.0018472976663180718, 'gpp_d': 238.42238176779355, 'ign_k': 0.9464001731505074, 'ign_c': 3.9995183994363845, 'trop_agb_crit': 7.604458695411294, 'trop_k_veg': 6.000159469754756, 'pop_amp': 0.7819256289621002, 'pop_peak': 557.7084507671817, 'pop_sig': 1.647801209993289}. Best is trial 1128 with value: -0.620386984093161.
[I 2026-08-20 01:07:40,678] Trial 1767 finished with value: 0.6056875196996478 and parameters: {'k1': 0.04161891116457081, 'D_low': 6.447768131103923, 'k2': 0.0002059179790947534, 'D_high': 1613949.047816418, 'fire_exp': 1.2812493733592072, 'P_half': 2.047376343076341, 'pre_dampen_half': 0.7491507444955907, 'gpp_af': 0.0037450213135624285, 'gpp_b': 3.1893167364404305e-05, 'gpp_d': 671.9434070493076, 'ign_k': 1.3074158621985932, 'ign_c': 36.27990910296385, 'trop_agb_crit': 6.117720011548467, 'trop_k_veg': 1.6593557323746402, 'pop_amp': 0.022647948477018478, 'pop_peak': 159.9261876139088, 'pop_sig': 0.5507042396738517}. Best is trial 1128 with value: -0.620386984093161.
[I 2026-08-20 01:07:42,550] Trial 1768 finished with value: 0.6445374145881376 and parameters: {'k1': 0.046966833928300075, 'D_low': 18.57982542977973, 'k2': 0.00011410786506216098, 'D_high': 839339.291204397, 'fire_exp': 1.7700692519926378, 'P_half': 5.210132841444823, 'pre_dampen_half': 0.6653145442215527, 'gpp_af': 0.09193773850441847, 'gpp_b': 0.0019679484659362746, 'gpp_d': 817.8228648535248, 'ign_k': 4.074094797886545, 'ign_c': 255.8646497919946, 'trop_agb_crit': 5.897957924536895, 'trop_k_veg': 1.8535179831584991, 'pop_amp': 0.0011304374137254944, 'pop_peak': 75.44835714585975, 'pop_sig': 0.595686021197986}. Best is trial 1128 with value: -0.620386984093161.
[I 2026-08-20 01:07:44,403] Trial 1769 finished with value: 0.5055586615109691 and parameters: {'k1': 0.0025844003474136887, 'D_low': 2406.018884324317, 'k2': 0.00037604260013900434, 'D_high': 87128.18360435504, 'fire_exp': 3.2051358678697603, 'P_half': 244.01126320702033, 'pre_dampen_half': 625.3528787326934, 'gpp_af': 0.4977066493853615, 'gpp_b': 0.061677555219976636, 'gpp_d': 207.96629018215413, 'ign_k': 0.6437448886713325, 'ign_c': 8.261615420242332, 'trop_agb_crit': 19.710040279853878, 'trop_k_veg': 5.216999893565695, 'pop_amp': 3.0127541757030136, 'pop_peak': 7.808056634183167, 'pop_sig': 0.7004743816649818}. Best is trial 1128 with value: -0.620386984093161.
[I 2026-08-20 01:07:46,307] Trial 1770 finished with value: 0.5337586834394983 and parameters: {'k1': 0.02051530294095365, 'D_low': 1146.0896919875313, 'k2': 0.05528955285145203, 'D_high': 5781598.51302896, 'fire_exp': 2.4569800613853774, 'P_half': 1.5011406498164757, 'pre_dampen_half': 0.15585066146006663, 'gpp_af': 0.05446640345166222, 'gpp_b': 0.01247735902084729, 'gpp_d': 312.1995137743729, 'ign_k': 0.5259910392363548, 'ign_c': 2.53296793368611, 'trop_agb_crit': 11.757453872136756, 'trop_k_veg': 3.413814953784837, 'pop_amp': 1.7827222828782432, 'pop_peak': 275.2767905513564, 'pop_sig': 0.45284979025174305}. Best is trial 1128 with value: -0.620386984093161.
[I 2026-08-20 01:07:48,147] Trial 1771 finished with value: 0.5261920580553083 and parameters: {'k1': 0.00022831961753087, 'D_low': 32088.791075143396, 'k2': 0.00018604034545255968, 'D_high': 2367720.119626294, 'fire_exp': 3.8913774107393673, 'P_half': 140.9030318035829, 'pre_dampen_half': 4.039347619351982, 'gpp_af': 1.1518759945267698, 'gpp_b': 0.0017485604690007483, 'gpp_d': 43.3278741649817, 'ign_k': 0.04134913837926147, 'ign_c': 0.34937258999667237, 'trop_agb_crit': 3.1707488739752585, 'trop_k_veg': 3.329060734995911, 'pop_amp': 6.614403533166942, 'pop_peak': 0.6482232240625061, 'pop_sig': 1.4146813237381852}. Best is trial 1128 with value: -0.620386984093161.
[I 2026-08-20 01:07:50,029] Trial 1772 finished with value: 0.46315118017638635 and parameters: {'k1': 0.0013488862887022478, 'D_low': 139.22913529652652, 'k2': 0.039382742717463, 'D_high': 579827.5309536168, 'fire_exp': 2.3701537128127916, 'P_half': 12.249213543485453, 'pre_dampen_half': 0.13144685067009088, 'gpp_af': 0.9210206875607088, 'gpp_b': 0.0021798900617753447, 'gpp_d': 13.76796294003228, 'ign_k': 0.036619296490278, 'ign_c': 5.851869960243124, 'trop_agb_crit': 20.060985256416696, 'trop_k_veg': 1.7998960760421334, 'pop_amp': 3.3304933079686254, 'pop_peak': 20.856633994950336, 'pop_sig': 0.9788241175906033}. Best is trial 1128 with value: -0.620386984093161.
[I 2026-08-20 01:07:51,889] Trial 1773 finished with value: 0.5937848284349083 and parameters: {'k1': 0.0005021979519192473, 'D_low': 316.23877734834167, 'k2': 0.009860285274336652, 'D_high': 4322193.473315412, 'fire_exp': 1.3194703187493253, 'P_half': 1080.9929005558301, 'pre_dampen_half': 30.97699007859475, 'gpp_af': 0.0013465590698716829, 'gpp_b': 2.4349253596557582e-05, 'gpp_d': 0.3106609459826771, 'ign_k': 0.11912776780620803, 'ign_c': 145.43569302369886, 'trop_agb_crit': 1.9166196746515496, 'trop_k_veg': 2.1357732421050954, 'pop_amp': 0.5635154227990009, 'pop_peak': 22.83075144340437, 'pop_sig': 1.0603052174253154}. Best is trial 1128 with value: -0.620386984093161.
[I 2026-08-20 01:07:53,707] Trial 1774 finished with value: 0.5965386245140227 and parameters: {'k1': 8.104167335408047e-05, 'D_low': 14.604087975544465, 'k2': 0.010749261694112555, 'D_high': 8888.715852603058, 'fire_exp': 4.467547664357851, 'P_half': 1.472187772407148, 'pre_dampen_half': 0.010433516055092747, 'gpp_af': 0.06082081125161079, 'gpp_b': 0.001230069536840787, 'gpp_d': 985.7574864838253, 'ign_k': 0.009581154899064135, 'ign_c': 33.32786650133116, 'trop_agb_crit': 4.5926693559610445, 'trop_k_veg': 2.1882278455531394, 'pop_amp': 6.2329873509133105, 'pop_peak': 126.16010566801988, 'pop_sig': 1.8632341180082113}. Best is trial 1128 with value: -0.620386984093161.
[I 2026-08-20 01:07:55,540] Trial 1775 finished with value: 0.5002516857147535 and parameters: {'k1': 0.0018551890314901216, 'D_low': 191.3120482393985, 'k2': 6.127248348042012e-05, 'D_high': 7001444.879906847, 'fire_exp': 3.6032526083492766, 'P_half': 14.057383427124952, 'pre_dampen_half': 18.081930294129556, 'gpp_af': 8.024532281694112, 'gpp_b': 0.000835536097455268, 'gpp_d': 155.3346985890614, 'ign_k': 0.009051228632059828, 'ign_c': 2.5401342925291894, 'trop_agb_crit': 11.449589664952509, 'trop_k_veg': 6.615501092280612, 'pop_amp': 4.939473179850442, 'pop_peak': 0.5738610014846993, 'pop_sig': 0.5869118571572529}. Best is trial 1128 with value: -0.620386984093161.
[I 2026-08-20 01:07:57,817] Trial 1776 finished with value: 0.5340970834393299 and parameters: {'k1': 0.009522857212146626, 'D_low': 8160.26035862727, 'k2': 0.0011874781019694783, 'D_high': 3123006.076057107, 'fire_exp': 6.027754158372485, 'P_half': 181.91170040547496, 'pre_dampen_half': 593.6772092998946, 'gpp_af': 2.2435419363940396, 'gpp_b': 0.00028081230734809806, 'gpp_d': 504.04505329652795, 'ign_k': 8.83329768668537, 'ign_c': 0.600019420655801, 'trop_agb_crit': 9.707488977118853, 'trop_k_veg': 1.3977210889498743, 'pop_amp': 6.058580129519432, 'pop_peak': 0.16583173893459746, 'pop_sig': 1.5320937179383418}. Best is trial 1128 with value: -0.620386984093161.
[I 2026-08-20 01:07:59,642] Trial 1777 finished with value: 0.6254051588884204 and parameters: {'k1': 1.9128785139366903e-05, 'D_low': 642.4416322660165, 'k2': 0.047142345183982436, 'D_high': 120.48440835236606, 'fire_exp': 1.106638921411912, 'P_half': 43.0252640141184, 'pre_dampen_half': 0.18502345233904768, 'gpp_af': 0.010790277771608387, 'gpp_b': 6.2017932266002544, 'gpp_d': 38.28846534295215, 'ign_k': 2.4577713045206147, 'ign_c': 0.26159019090803126, 'trop_agb_crit': 2.192181106634666, 'trop_k_veg': 1.453094934552374, 'pop_amp': 0.14725199098527977, 'pop_peak': 0.2412590678296135, 'pop_sig': 1.4505385930568622}. Best is trial 1128 with value: -0.620386984093161.
[I 2026-08-20 01:08:01,466] Trial 1778 finished with value: 0.5887820144978039 and parameters: {'k1': 0.0012312544520506575, 'D_low': 11612.259248006623, 'k2': 0.051263044781358166, 'D_high': 143732.5346361978, 'fire_exp': 1.3285998605638845, 'P_half': 131.98521434622776, 'pre_dampen_half': 0.013645079311868702, 'gpp_af': 0.3024232879683336, 'gpp_b': 0.0007138018388346596, 'gpp_d': 0.049228605183233035, 'ign_k': 0.07678726141206409, 'ign_c': 9.670921653758619, 'trop_agb_crit': 4.558736240815637, 'trop_k_veg': 6.4177858002028625, 'pop_amp': 0.9434565577168404, 'pop_peak': 7.154036790949328, 'pop_sig': 0.413341586532606}. Best is trial 1128 with value: -0.620386984093161.
[I 2026-08-20 01:08:03,275] Trial 1779 finished with value: 0.6372522830582008 and parameters: {'k1': 0.013581587067503613, 'D_low': 16063.852471460275, 'k2': 0.0014585038790929788, 'D_high': 8432170.40725757, 'fire_exp': 8.414889238121736, 'P_half': 1330.8222370216165, 'pre_dampen_half': 612.8319068736201, 'gpp_af': 0.009366718815934306, 'gpp_b': 0.016808991025301572, 'gpp_d': 270.07281657352667, 'ign_k': 0.9643773452665116, 'ign_c': 1.4663290755068323, 'trop_agb_crit': 3.9267452117338366, 'trop_k_veg': 1.4187922345963369, 'pop_amp': 0.18837576179575585, 'pop_peak': 0.44177820266191364, 'pop_sig': 1.7085424000064355}. Best is trial 1128 with value: -0.620386984093161.
[I 2026-08-20 01:08:05,076] Trial 1780 finished with value: -0.5873916096481467 and parameters: {'k1': 0.00013154926375408854, 'D_low': 307.55074131372135, 'k2': 0.022201732072514545, 'D_high': 396434.05370594363, 'fire_exp': 1.2784343998966272, 'P_half': 5.1230283954539875, 'pre_dampen_half': 0.2706335195557965, 'gpp_af': 0.049456821972437705, 'gpp_b': 6.657099425268739e-05, 'gpp_d': 971.4635277273593, 'ign_k': 0.03990825395134624, 'ign_c': 0.1280510620760996, 'trop_agb_crit': 2.629690279132855, 'trop_k_veg': 2.7531915368098554, 'pop_amp': 1.6482288649625318, 'pop_peak': 25.973547657828306, 'pop_sig': 1.4678639373796505}. Best is trial 1128 with value: -0.620386984093161.
[I 2026-08-20 01:08:06,925] Trial 1781 finished with value: 0.46697627372825223 and parameters: {'k1': 0.0001628176681584728, 'D_low': 172.33670118907673, 'k2': 0.0014038167950393447, 'D_high': 1626946.1572799692, 'fire_exp': 1.8319883882508097, 'P_half': 1.5012229418043557, 'pre_dampen_half': 1.377397032820983, 'gpp_af': 0.01206180316711327, 'gpp_b': 0.00016969587384739604, 'gpp_d': 632.6341290626141, 'ign_k': 0.07375471934927637, 'ign_c': 0.10066389236948609, 'trop_agb_crit': 2.1434141218195593, 'trop_k_veg': 1.2008735840089633, 'pop_amp': 5.109510303390757, 'pop_peak': 149.8409806580012, 'pop_sig': 1.3669441217427758}. Best is trial 1128 with value: -0.620386984093161.
[I 2026-08-20 01:08:08,716] Trial 1782 finished with value: 0.5186827434279625 and parameters: {'k1': 0.004394148775584462, 'D_low': 575.3818959508767, 'k2': 0.011063311313777552, 'D_high': 692468.8617476937, 'fire_exp': 5.955283838314476, 'P_half': 57.16983183064556, 'pre_dampen_half': 571.4157453575093, 'gpp_af': 0.12964964150233285, 'gpp_b': 0.009430446285030519, 'gpp_d': 521.8293385685162, 'ign_k': 0.9520635520497671, 'ign_c': 0.14539934956701409, 'trop_agb_crit': 6.755221383872356, 'trop_k_veg': 1.5851865521007358, 'pop_amp': 1.2577104865166369, 'pop_peak': 5.197057191752726, 'pop_sig': 2.0344477716363585}. Best is trial 1128 with value: -0.620386984093161.
[I 2026-08-20 01:08:10,539] Trial 1783 finished with value: 0.571246803531285 and parameters: {'k1': 0.0001325003512125922, 'D_low': 2732.2520163125178, 'k2': 0.006594943071539162, 'D_high': 22735.66752422407, 'fire_exp': 1.520982813646161, 'P_half': 10.281651182410705, 'pre_dampen_half': 0.22996187160327825, 'gpp_af': 0.16614312600204068, 'gpp_b': 0.000165530016619637, 'gpp_d': 316.1970493583987, 'ign_k': 0.013521080782307104, 'ign_c': 0.3028931393129129, 'trop_agb_crit': 3.1162509290513145, 'trop_k_veg': 3.054564176587619, 'pop_amp': 1.043253011619094, 'pop_peak': 17.210456633936978, 'pop_sig': 0.9092535528578081}. Best is trial 1128 with value: -0.620386984093161.
[I 2026-08-20 01:08:12,369] Trial 1784 finished with value: 0.41766399896161643 and parameters: {'k1': 0.0009084556065703876, 'D_low': 445.6213022996316, 'k2': 0.0061400694324320266, 'D_high': 747107.568973534, 'fire_exp': 1.0628394726607768, 'P_half': 2.866943073912941, 'pre_dampen_half': 3.3580236028161954, 'gpp_af': 0.03917810236681893, 'gpp_b': 0.00038107804196388053, 'gpp_d': 341.9910416620679, 'ign_k': 0.06863914275267245, 'ign_c': 0.21323788769966726, 'trop_agb_crit': 1.128946283227201, 'trop_k_veg': 3.8496630082088625, 'pop_amp': 0.1569556528055044, 'pop_peak': 13.798553336563696, 'pop_sig': 2.4695082013989484}. Best is trial 1128 with value: -0.620386984093161.
[I 2026-08-20 01:08:14,158] Trial 1785 finished with value: 0.5233890256727884 and parameters: {'k1': 0.022888688743858, 'D_low': 368.5244263437595, 'k2': 0.0005639143706654974, 'D_high': 2347422.2143278527, 'fire_exp': 2.1231706493269225, 'P_half': 51.30655608671087, 'pre_dampen_half': 29.461939463334563, 'gpp_af': 0.0844422189428436, 'gpp_b': 1.262333409929064e-05, 'gpp_d': 225.33593680037845, 'ign_k': 0.8651483531597182, 'ign_c': 28.291154990616413, 'trop_agb_crit': 4.75574954336111, 'trop_k_veg': 2.1910433124035427, 'pop_amp': 0.003808039496248599, 'pop_peak': 2.2199117997564506, 'pop_sig': 0.8688792330945406}. Best is trial 1128 with value: -0.620386984093161.
[I 2026-08-20 01:08:16,007] Trial 1786 finished with value: 0.5927888223394315 and parameters: {'k1': 0.008551124889457744, 'D_low': 11652.551008940178, 'k2': 0.0006932018136675656, 'D_high': 2066167.531730491, 'fire_exp': 5.353639941250004, 'P_half': 395.49881316551574, 'pre_dampen_half': 12.83936867197705, 'gpp_af': 4.997814772375587, 'gpp_b': 0.00011200414476938899, 'gpp_d': 11.43175016865632, 'ign_k': 1.6740582818574945, 'ign_c': 3.29892421445282, 'trop_agb_crit': 6.437796385079865, 'trop_k_veg': 4.7118243531244195, 'pop_amp': 0.6207915821954859, 'pop_peak': 0.7685588921090516, 'pop_sig': 0.6068930100592587}. Best is trial 1128 with value: -0.620386984093161.
[I 2026-08-20 01:08:18,294] Trial 1787 finished with value: 0.6239477416612506 and parameters: {'k1': 0.032996719707285765, 'D_low': 22.443136905414132, 'k2': 0.0518553642386754, 'D_high': 623895.3998763241, 'fire_exp': 2.5096887850022807, 'P_half': 719.8708608044556, 'pre_dampen_half': 52.02508815813148, 'gpp_af': 0.0019706414797482264, 'gpp_b': 2.890573304083274, 'gpp_d': 0.12200114530676567, 'ign_k': 0.015139460893208357, 'ign_c': 0.4498957312696413, 'trop_agb_crit': 8.02280629968233, 'trop_k_veg': 1.744915278517053, 'pop_amp': 0.010326185694297944, 'pop_peak': 8.516038940258822, 'pop_sig': 1.317424512545587}. Best is trial 1128 with value: -0.620386984093161.
[I 2026-08-20 01:08:20,128] Trial 1788 finished with value: 0.5829764470677146 and parameters: {'k1': 0.001001807686999011, 'D_low': 5.470164820627162, 'k2': 0.017277051456320677, 'D_high': 1823930.1999179965, 'fire_exp': 1.938023970373663, 'P_half': 3.9459218604813726, 'pre_dampen_half': 4.201294662860697, 'gpp_af': 3.153861851121441, 'gpp_b': 0.000339539684308491, 'gpp_d': 198.72594294855003, 'ign_k': 0.015317154905695492, 'ign_c': 171.87591850883223, 'trop_agb_crit': 23.19793595292724, 'trop_k_veg': 2.9495088443705266, 'pop_amp': 0.880349302305591, 'pop_peak': 310.01472594137067, 'pop_sig': 0.5983060101880804}. Best is trial 1128 with value: -0.620386984093161.
[I 2026-08-20 01:08:21,959] Trial 1789 finished with value: 0.547551777787933 and parameters: {'k1': 0.0005601567839655778, 'D_low': 2.0006741839877384, 'k2': 0.03783145122105893, 'D_high': 2146850.4175063637, 'fire_exp': 1.5300889433545484, 'P_half': 1.5671721297136725, 'pre_dampen_half': 0.2780654663642575, 'gpp_af': 0.04040983932803833, 'gpp_b': 0.006445870048598038, 'gpp_d': 895.9895165446217, 'ign_k': 0.03129247816700818, 'ign_c': 0.46953517617865226, 'trop_agb_crit': 10.723934829261353, 'trop_k_veg': 4.742006724771622, 'pop_amp': 0.0198027869063923, 'pop_peak': 40.83690466792772, 'pop_sig': 1.352092810037791}. Best is trial 1128 with value: -0.620386984093161.
[I 2026-08-20 01:08:23,771] Trial 1790 finished with value: -0.5421679562783746 and parameters: {'k1': 0.0006552880886535402, 'D_low': 1113.965975050453, 'k2': 0.004192475155994013, 'D_high': 160976.9266607895, 'fire_exp': 1.2627066203131991, 'P_half': 2.7021511768172783, 'pre_dampen_half': 0.018517611295416406, 'gpp_af': 0.004722700387941454, 'gpp_b': 1.6607740179620878e-05, 'gpp_d': 367.9201080423279, 'ign_k': 0.01574523952042349, 'ign_c': 0.13267165134539147, 'trop_agb_crit': 2.3594298938392635, 'trop_k_veg': 4.175378172457801, 'pop_amp': 11.297560768481997, 'pop_peak': 24.21749955351109, 'pop_sig': 1.0761159898103947}. Best is trial 1128 with value: -0.620386984093161.
[I 2026-08-20 01:08:25,631] Trial 1791 finished with value: 0.48930721889533735 and parameters: {'k1': 0.00016952910715033152, 'D_low': 305.7017626590815, 'k2': 0.013915475935977513, 'D_high': 146430.74725867002, 'fire_exp': 1.471001384908718, 'P_half': 4.575657040568109, 'pre_dampen_half': 1.0217458689436298, 'gpp_af': 0.028667455285662082, 'gpp_b': 0.00017047170675940344, 'gpp_d': 53.3941087565948, 'ign_k': 0.3349749774865928, 'ign_c': 0.14406309992361874, 'trop_agb_crit': 1.8615580997618053, 'trop_k_veg': 3.7366049981447667, 'pop_amp': 2.6193319385781857, 'pop_peak': 137.88360014545674, 'pop_sig': 2.0073103522801823}. Best is trial 1128 with value: -0.620386984093161.
