[I 2026-07-25 00:30:28,560] Trial 132 finished with value: 0.5627808551905871 and parameters: {'k1': 2.3534234137417135e-05, 'D_low': 8.871668472619838, 'k2': 0.04238673453241925, 'D_high': 26257.98803996037, 'fire_exp': 1.971543154199455, 'P_half': 178.99692746020494, 'pre_dampen_half': 3.3589133636422965, 'gpp_af': 0.003223203057590295, 'gpp_b': 9.065429935104252e-05, 'gpp_d': 8.864296673939709, 'ign_k': 0.006853377188976066, 'ign_c': 0.44882182273168597, 'trop_agb_crit': 3.70026954081412, 'trop_k_veg': 0.74052586049267, 'gdp_gamma': 1.2882258040739432, 'cure_k': 0.002615546699755416, 'cure_p_min': 216.99739170055386, 'cure_gpp_ref': 0.09833033756807351, 'cure_agb_crit': 2.376292183243221, 'fuel_k': 0.2520887293823933, 'fuel_half': 13.712360371903978}. Best is trial 0 with value: -0.6232552202351066.
[I 2026-07-25 00:30:29,011] Trial 133 finished with value: 0.49421194527038903 and parameters: {'k1': 4.5629460079934036e-05, 'D_low': 23.471640894119755, 'k2': 0.00172321680264515, 'D_high': 5153.3346106426025, 'fire_exp': 1.5379641287309127, 'P_half': 60.559466362415854, 'pre_dampen_half': 138.56526556374854, 'gpp_af': 0.041714488843033116, 'gpp_b': 4.310134423466025e-05, 'gpp_d': 337.25401171481974, 'ign_k': 0.002507129519190037, 'ign_c': 3.0685354395788016, 'trop_agb_crit': 15.981771340243686, 'trop_k_veg': 5.513399473013561, 'gdp_gamma': 1.9126946195773211, 'cure_k': 0.005638207057309448, 'cure_p_min': 321.09412012895524, 'cure_gpp_ref': 0.11070567552777859, 'cure_agb_crit': 1.0909370135909624, 'fuel_k': 0.08280487658309049, 'fuel_half': 0.28256559112488594}. Best is trial 0 with value: -0.6232552202351066.
[I 2026-07-25 00:30:29,454] Trial 134 finished with value: -0.5134194295045077 and parameters: {'k1': 0.0018532250727230034, 'D_low': 780.2826669695887, 'k2': 0.04810428329163478, 'D_high': 6231.928994081388, 'fire_exp': 1.4380144728613309, 'P_half': 20.979854792933768, 'pre_dampen_half': 4.180892816233629, 'gpp_af': 0.07181364976331225, 'gpp_b': 0.00020718042892320127, 'gpp_d': 76.57459619752312, 'ign_k': 0.041714311243733634, 'ign_c': 2.5354335438260294, 'trop_agb_crit': 10.016345592127363, 'trop_k_veg': 1.9574775617221956, 'gdp_gamma': 0.6486604686054563, 'cure_k': 0.0028617824180924953, 'cure_p_min': 261.4475406356594, 'cure_gpp_ref': 0.14629082374167152, 'cure_agb_crit': 2.4655223327258478, 'fuel_k': 0.21318461675877332, 'fuel_half': 70.92989656501683}. Best is trial 0 with value: -0.6232552202351066.
[I 2026-07-25 00:30:29,900] Trial 135 finished with value: 0.5379108448556302 and parameters: {'k1': 0.007506535249826985, 'D_low': 4156.613971953336, 'k2': 0.013883225316556343, 'D_high': 553597.729273881, 'fire_exp': 1.6718278723467987, 'P_half': 9.51338255023558, 'pre_dampen_half': 32.96567078987986, 'gpp_af': 0.06123682756033185, 'gpp_b': 1.9568993549690748e-05, 'gpp_d': 8.389171224741675, 'ign_k': 0.012027964591840534, 'ign_c': 17.39955389688514, 'trop_agb_crit': 3.7102810148886687, 'trop_k_veg': 1.3718058473433847, 'gdp_gamma': 1.0660325088141218, 'cure_k': 0.010802830030855122, 'cure_p_min': 195.0065368821712, 'cure_gpp_ref': 0.26914582979444973, 'cure_agb_crit': 1.3290811467784407, 'fuel_k': 0.024009043411110396, 'fuel_half': 83.46360610924538}. Best is trial 0 with value: -0.6232552202351066.
[I 2026-07-25 00:30:30,341] Trial 136 finished with value: 0.5958362389556425 and parameters: {'k1': 1.1745460765841946e-05, 'D_low': 1.403887759226635, 'k2': 0.004174148598418914, 'D_high': 9545845.233500937, 'fire_exp': 6.253126316065762, 'P_half': 1539.3560829354597, 'pre_dampen_half': 40.258269360307395, 'gpp_af': 0.0460792422723434, 'gpp_b': 0.007333329432602669, 'gpp_d': 0.0827284951119141, 'ign_k': 0.0046736416051149825, 'ign_c': 36.963727573932516, 'trop_agb_crit': 7.161351938631495, 'trop_k_veg': 1.3634544536446684, 'gdp_gamma': 0.2846079218048705, 'cure_k': 0.0351071818577629, 'cure_p_min': 361.33227173930123, 'cure_gpp_ref': 0.10464568445328563, 'cure_agb_crit': 1.088569369164631, 'fuel_k': 0.015864107307414707, 'fuel_half': 44.118770522108576}. Best is trial 0 with value: -0.6232552202351066.
[I 2026-07-25 00:30:30,795] Trial 137 finished with value: 0.45443658947681664 and parameters: {'k1': 3.446034877872633e-05, 'D_low': 2.2260298329903465, 'k2': 0.04059142101568658, 'D_high': 33381.683793806005, 'fire_exp': 1.539964393163124, 'P_half': 4.103534092737831, 'pre_dampen_half': 20.764854066433642, 'gpp_af': 0.003121260423452441, 'gpp_b': 0.00013382559155633328, 'gpp_d': 72.53922612063717, 'ign_k': 0.037694119184777344, 'ign_c': 36.10143965842101, 'trop_agb_crit': 4.156499740636432, 'trop_k_veg': 1.0325846411771755, 'gdp_gamma': 1.4789256503767776, 'cure_k': 0.0038324664210266464, 'cure_p_min': 133.258196156312, 'cure_gpp_ref': 0.08977016170846797, 'cure_agb_crit': 1.021618441954253, 'fuel_k': 0.5834268170075246, 'fuel_half': 39.64819763137939}. Best is trial 0 with value: -0.6232552202351066.
[I 2026-07-25 00:30:31,237] Trial 138 finished with value: 0.4879015460542675 and parameters: {'k1': 0.00027748533385304526, 'D_low': 78.97929107153243, 'k2': 0.06292866280730301, 'D_high': 22212.352639584467, 'fire_exp': 1.542797016556834, 'P_half': 11.027851305752769, 'pre_dampen_half': 4.14700298160373, 'gpp_af': 0.0016382054017282208, 'gpp_b': 0.0003038463160688691, 'gpp_d': 34.848289441145205, 'ign_k': 0.10902499596153387, 'ign_c': 1.3199953828078141, 'trop_agb_crit': 8.627523909998052, 'trop_k_veg': 2.0640678312789595, 'gdp_gamma': 0.14447991465629087, 'cure_k': 0.0018605097557832567, 'cure_p_min': 165.7564807348233, 'cure_gpp_ref': 0.2578190255048801, 'cure_agb_crit': 2.2094240595996317, 'fuel_k': 0.027159414004479163, 'fuel_half': 11.541479550899265}. Best is trial 0 with value: -0.6232552202351066.
[I 2026-07-25 00:30:31,679] Trial 139 finished with value: 0.6053431527014954 and parameters: {'k1': 2.2459709843631513e-05, 'D_low': 12.92035228273461, 'k2': 0.0030139966259056577, 'D_high': 368354.9841718663, 'fire_exp': 5.03643386650625, 'P_half': 23.04802548705061, 'pre_dampen_half': 51.22974428721344, 'gpp_af': 0.007637749316804977, 'gpp_b': 0.00011277588621111635, 'gpp_d': 5.204491531813502, 'ign_k': 2.366278437942138, 'ign_c': 61.26526762005765, 'trop_agb_crit': 26.099530046616955, 'trop_k_veg': 1.0312916359082689, 'gdp_gamma': 0.6730624530296327, 'cure_k': 0.001094066439274175, 'cure_p_min': 219.97686551656787, 'cure_gpp_ref': 0.05894771505734205, 'cure_agb_crit': 3.2169340573427307, 'fuel_k': 0.21958525167911477, 'fuel_half': 11.055868701045553}. Best is trial 0 with value: -0.6232552202351066.
[I 2026-07-25 00:30:32,123] Trial 140 finished with value: 0.6042136981563275 and parameters: {'k1': 0.001323180591375876, 'D_low': 140586.54313430336, 'k2': 0.08795687438035882, 'D_high': 670.5270550213946, 'fire_exp': 1.5079589515868903, 'P_half': 27.732902247008653, 'pre_dampen_half': 36.43740678991168, 'gpp_af': 0.0021589997416292437, 'gpp_b': 1.9476428542419766e-05, 'gpp_d': 19.786885686259858, 'ign_k': 0.0750789504369101, 'ign_c': 2.203004905659296, 'trop_agb_crit': 9.310969974102147, 'trop_k_veg': 1.7819571403028436, 'gdp_gamma': 0.12662213514910609, 'cure_k': 0.010130187974701355, 'cure_p_min': 269.5970313070218, 'cure_gpp_ref': 0.15848898775495784, 'cure_agb_crit': 2.544700309119218, 'fuel_k': 0.4853212931833896, 'fuel_half': 16.861668556457783}. Best is trial 0 with value: -0.6232552202351066.
[I 2026-07-25 00:30:32,569] Trial 141 finished with value: 0.6062164435144486 and parameters: {'k1': 0.00027248669850337516, 'D_low': 18.299135495332873, 'k2': 0.05064222900829642, 'D_high': 373911.7530056033, 'fire_exp': 6.487949214659476, 'P_half': 29.35866718316309, 'pre_dampen_half': 37.145198956675564, 'gpp_af': 0.001833635526959522, 'gpp_b': 0.0028383891786963496, 'gpp_d': 56.710794453564716, 'ign_k': 0.12501583947981418, 'ign_c': 55.62752290887541, 'trop_agb_crit': 10.875436268121307, 'trop_k_veg': 4.279034154364252, 'gdp_gamma': 0.46750892828487894, 'cure_k': 0.0015472785079703461, 'cure_p_min': 131.08537859948194, 'cure_gpp_ref': 0.05828697415286479, 'cure_agb_crit': 1.802000155608556, 'fuel_k': 0.37218707965372166, 'fuel_half': 61.877638839941525}. Best is trial 0 with value: -0.6232552202351066.
[I 2026-07-25 00:30:33,018] Trial 142 finished with value: 0.5965026616695347 and parameters: {'k1': 4.299265255005318e-05, 'D_low': 57.89156197787508, 'k2': 0.0005473522299358712, 'D_high': 8370.08532716406, 'fire_exp': 1.6836801546880031, 'P_half': 7029.502957533764, 'pre_dampen_half': 7.418003507427338, 'gpp_af': 0.04670210949511882, 'gpp_b': 0.0028193653068235938, 'gpp_d': 0.04231553515081724, 'ign_k': 0.008193253324170164, 'ign_c': 180.4572243569022, 'trop_agb_crit': 1.725496590276136, 'trop_k_veg': 1.075160943179551, 'gdp_gamma': 0.17582714726434145, 'cure_k': 1.668188591763485, 'cure_p_min': 319.3452317839968, 'cure_gpp_ref': 0.5196789265746751, 'cure_agb_crit': 1.5109992571512874, 'fuel_k': 0.05720365642654178, 'fuel_half': 0.7620810134901891}. Best is trial 0 with value: -0.6232552202351066.
[I 2026-07-25 00:30:33,457] Trial 143 finished with value: 0.5809007051258812 and parameters: {'k1': 0.000160898970714629, 'D_low': 25.550084465771757, 'k2': 0.00012266512025851782, 'D_high': 562474.0384619297, 'fire_exp': 1.0243004252717107, 'P_half': 3020.717966581913, 'pre_dampen_half': 418.69952682013945, 'gpp_af': 0.0039534893908857414, 'gpp_b': 0.005883172245437383, 'gpp_d': 0.011775869410091497, 'ign_k': 0.014532106121296306, 'ign_c': 864.9198260962658, 'trop_agb_crit': 10.371903778258677, 'trop_k_veg': 0.844492490785664, 'gdp_gamma': 0.08924257709130178, 'cure_k': 0.1461034450836211, 'cure_p_min': 260.83310020434726, 'cure_gpp_ref': 0.30890107982795223, 'cure_agb_crit': 1.2230603825037851, 'fuel_k': 0.172886132662134, 'fuel_half': 1.4717499781876051}. Best is trial 0 with value: -0.6232552202351066.
[I 2026-07-25 00:30:33,898] Trial 144 finished with value: 0.6047710596826377 and parameters: {'k1': 0.0012970234081420195, 'D_low': 418.36299672644554, 'k2': 0.03224510506782104, 'D_high': 1151.3668383434679, 'fire_exp': 2.8972437070499533, 'P_half': 12.81182388077349, 'pre_dampen_half': 1.0821921082326544, 'gpp_af': 0.007233715799527683, 'gpp_b': 0.0008220213235042153, 'gpp_d': 378.3773455987055, 'ign_k': 0.008020256306932688, 'ign_c': 35.83621400870269, 'trop_agb_crit': 19.981256081439504, 'trop_k_veg': 1.7302734581358854, 'gdp_gamma': 0.28845507137724036, 'cure_k': 0.002387884312384736, 'cure_p_min': 244.4753457088811, 'cure_gpp_ref': 0.053818819860191616, 'cure_agb_crit': 2.3098797444595633, 'fuel_k': 0.1093033756835723, 'fuel_half': 79.32032733506621}. Best is trial 0 with value: -0.6232552202351066.
[I 2026-07-25 00:30:34,338] Trial 145 finished with value: 0.5644270698832566 and parameters: {'k1': 0.007523212933027373, 'D_low': 167.23652363232551, 'k2': 0.04985980483548854, 'D_high': 1807.8922603462902, 'fire_exp': 1.2863159674341524, 'P_half': 40.39134050219249, 'pre_dampen_half': 1.1183810994758419, 'gpp_af': 0.002580180456476184, 'gpp_b': 0.0004970236859089607, 'gpp_d': 27.092402903492598, 'ign_k': 0.21052676421887678, 'ign_c': 0.39741923675884805, 'trop_agb_crit': 7.229328341541737, 'trop_k_veg': 1.7520003667282853, 'gdp_gamma': 0.5467376055629465, 'cure_k': 0.009699665483552503, 'cure_p_min': 336.53520406989986, 'cure_gpp_ref': 0.060913832545730524, 'cure_agb_crit': 2.8432445973591944, 'fuel_k': 0.050407456640023385, 'fuel_half': 50.1589533596144}. Best is trial 0 with value: -0.6232552202351066.
[I 2026-07-25 00:30:34,780] Trial 146 finished with value: 0.5295716679768598 and parameters: {'k1': 2.1525105116313153e-05, 'D_low': 10.425664383095055, 'k2': 0.0034957016558766706, 'D_high': 2356873.6002657223, 'fire_exp': 1.0369467317172547, 'P_half': 568.3024447101869, 'pre_dampen_half': 2.0976934177966884, 'gpp_af': 0.022975948828994022, 'gpp_b': 0.01289450801443243, 'gpp_d': 8.76102934952892, 'ign_k': 0.2009582106359737, 'ign_c': 69.13360402550127, 'trop_agb_crit': 2.748357559926062, 'trop_k_veg': 1.1226957905212123, 'gdp_gamma': 0.004707938954443715, 'cure_k': 0.20347673264251304, 'cure_p_min': 251.71336823567344, 'cure_gpp_ref': 0.3624999292801649, 'cure_agb_crit': 1.2926254376516764, 'fuel_k': 0.06186684933065621, 'fuel_half': 3.3721780717032006}. Best is trial 0 with value: -0.6232552202351066.
[I 2026-07-25 00:30:35,227] Trial 147 finished with value: 0.541492364113313 and parameters: {'k1': 0.0011895638156259713, 'D_low': 1505.5092783943342, 'k2': 0.07158485696889545, 'D_high': 1891331.810898197, 'fire_exp': 2.843440425725722, 'P_half': 126.18200995050867, 'pre_dampen_half': 0.5362184780975296, 'gpp_af': 6.138439157061498, 'gpp_b': 0.0007440315387996869, 'gpp_d': 5.788590866618638, 'ign_k': 0.002580254537781552, 'ign_c': 0.15683931101409804, 'trop_agb_crit': 9.303696635755696, 'trop_k_veg': 1.75174726866267, 'gdp_gamma': 0.30795911686197386, 'cure_k': 0.06835139786887381, 'cure_p_min': 278.64036070009934, 'cure_gpp_ref': 0.40744761851080347, 'cure_agb_crit': 1.757157534474524, 'fuel_k': 0.01991778182200369, 'fuel_half': 22.86209681113056}. Best is trial 0 with value: -0.6232552202351066.
[I 2026-07-25 00:30:35,676] Trial 148 finished with value: 0.6243104032479003 and parameters: {'k1': 0.0006848503382307175, 'D_low': 1283.5486612159154, 'k2': 0.06809085164425316, 'D_high': 102.32420775726763, 'fire_exp': 1.798982812296362, 'P_half': 33.544820108831274, 'pre_dampen_half': 16.804423769525314, 'gpp_af': 0.7414963878912672, 'gpp_b': 0.00011771565341937981, 'gpp_d': 600.55437290009, 'ign_k': 0.014569009658638127, 'ign_c': 1.881238688094711, 'trop_agb_crit': 18.38020535308474, 'trop_k_veg': 5.714356989063305, 'gdp_gamma': 1.5214286846882457, 'cure_k': 0.006685326806479231, 'cure_p_min': 396.2222153252717, 'cure_gpp_ref': 0.14875768628908323, 'cure_agb_crit': 1.8761067421000635, 'fuel_k': 0.1452528405594527, 'fuel_half': 51.551179081845156}. Best is trial 0 with value: -0.6232552202351066.
[I 2026-07-25 00:30:36,130] Trial 149 finished with value: -0.5491041341787047 and parameters: {'k1': 0.0008168089042045563, 'D_low': 1.530852374563772, 'k2': 3.483316987349004e-05, 'D_high': 4860.182798662568, 'fire_exp': 1.69761643559157, 'P_half': 2925.8138504221047, 'pre_dampen_half': 859.3398711556514, 'gpp_af': 0.0019031198393086378, 'gpp_b': 4.2882919050000214e-05, 'gpp_d': 2.2600623945270404, 'ign_k': 0.06385160507968435, 'ign_c': 1.064419086718522, 'trop_agb_crit': 11.355772558395643, 'trop_k_veg': 1.6794032392076725, 'gdp_gamma': 0.10099763358410854, 'cure_k': 0.45480762232004646, 'cure_p_min': 382.72166108417946, 'cure_gpp_ref': 0.19532127487812484, 'cure_agb_crit': 1.5464983369450174, 'fuel_k': 0.12988265078662745, 'fuel_half': 1.0170488526188244}. Best is trial 0 with value: -0.6232552202351066.
[I 2026-07-25 00:30:36,585] Trial 150 finished with value: 0.5748223318317051 and parameters: {'k1': 0.0009233285795322136, 'D_low': 1220.4602670934385, 'k2': 0.014766055949420194, 'D_high': 699199.4852399076, 'fire_exp': 6.869571649054415, 'P_half': 30.704647106283378, 'pre_dampen_half': 4.203869555233186, 'gpp_af': 0.18765897657101682, 'gpp_b': 0.00019589340350142093, 'gpp_d': 246.09407674907888, 'ign_k': 0.013372179995405535, 'ign_c': 0.6155959120731764, 'trop_agb_crit': 16.817860691858378, 'trop_k_veg': 0.8845759469220091, 'gdp_gamma': 0.021903302746155054, 'cure_k': 0.060911550685102726, 'cure_p_min': 285.9805502789023, 'cure_gpp_ref': 0.3123036526220305, 'cure_agb_crit': 2.9511939730771064, 'fuel_k': 0.017728078894444613, 'fuel_half': 1.673434579326303}. Best is trial 0 with value: -0.6232552202351066.
[I 2026-07-25 00:30:37,070] Trial 151 finished with value: 0.49178918926023507 and parameters: {'k1': 0.0009041527871563059, 'D_low': 4.891075145633831, 'k2': 0.00021318462036189957, 'D_high': 28.38086344083904, 'fire_exp': 1.3285203137046149, 'P_half': 1140.5622992166197, 'pre_dampen_half': 151.86304925842126, 'gpp_af': 0.011833198108678633, 'gpp_b': 1.4949573056317118e-05, 'gpp_d': 0.055973147427711395, 'ign_k': 0.012597608195437232, 'ign_c': 0.8241210317829353, 'trop_agb_crit': 24.568438863305406, 'trop_k_veg': 3.194060481486134, 'gdp_gamma': 0.013609438135202491, 'cure_k': 1.2135501999726839, 'cure_p_min': 388.58769429395574, 'cure_gpp_ref': 0.24379479294943315, 'cure_agb_crit': 1.8459863082873282, 'fuel_k': 0.09195387606866277, 'fuel_half': 6.787038595779293}. Best is trial 0 with value: -0.6232552202351066.
[I 2026-07-25 00:30:37,545] Trial 152 finished with value: 0.5276426883313795 and parameters: {'k1': 1.2189875250725827e-05, 'D_low': 22.155205701738716, 'k2': 0.02549736057008927, 'D_high': 82918.07389861094, 'fire_exp': 2.025397548870744, 'P_half': 2.0786937322079306, 'pre_dampen_half': 0.5076266185816646, 'gpp_af': 0.037073048496314404, 'gpp_b': 0.0005918684232129605, 'gpp_d': 112.7175580290843, 'ign_k': 0.041877887745844444, 'ign_c': 0.5627999386195425, 'trop_agb_crit': 1.6312713147269073, 'trop_k_veg': 0.818387851518887, 'gdp_gamma': 0.8521059175242156, 'cure_k': 0.00496692641142899, 'cure_p_min': 158.66931564142564, 'cure_gpp_ref': 0.20850158809644673, 'cure_agb_crit': 1.4106659664371997, 'fuel_k': 0.05922400350548284, 'fuel_half': 43.25853001153056}. Best is trial 0 with value: -0.6232552202351066.
[I 2026-07-25 00:30:37,996] Trial 153 finished with value: 0.6034157063065001 and parameters: {'k1': 0.02232350549185875, 'D_low': 164.1617746822019, 'k2': 2.094903383956473e-05, 'D_high': 9753.630974891601, 'fire_exp': 3.3920939940521437, 'P_half': 2141.2783693383867, 'pre_dampen_half': 243.3456555154614, 'gpp_af': 0.008889809598936026, 'gpp_b': 0.028058321668832615, 'gpp_d': 41.33668417692489, 'ign_k': 0.001370417579881821, 'ign_c': 9.212736746553526, 'trop_agb_crit': 7.342644374664869, 'trop_k_veg': 3.3690818147021986, 'gdp_gamma': 0.9678031850698157, 'cure_k': 0.7530882242068389, 'cure_p_min': 352.2691012052263, 'cure_gpp_ref': 0.055815552994363846, 'cure_agb_crit': 1.0734235276762014, 'fuel_k': 0.01683915448341055, 'fuel_half': 1.1730505301247485}. Best is trial 0 with value: -0.6232552202351066.
[I 2026-07-25 00:30:38,444] Trial 154 finished with value: 0.6132046365909412 and parameters: {'k1': 0.00879279958310159, 'D_low': 5.645786918695901, 'k2': 0.08054929021021252, 'D_high': 1303.3555734118638, 'fire_exp': 1.523296305774158, 'P_half': 3.518008478088432, 'pre_dampen_half': 9.654009082464752, 'gpp_af': 0.016597515241954363, 'gpp_b': 0.013432911570715689, 'gpp_d': 162.18159756724657, 'ign_k': 0.03917637436118761, 'ign_c': 31.058803196852473, 'trop_agb_crit': 3.7871011525017257, 'trop_k_veg': 2.451908185400297, 'gdp_gamma': 0.2798090470951739, 'cure_k': 0.0015564255138396422, 'cure_p_min': 296.3851221225127, 'cure_gpp_ref': 0.2183664313521092, 'cure_agb_crit': 3.229528911096677, 'fuel_k': 0.43923969386493555, 'fuel_half': 39.93756289678681}. Best is trial 0 with value: -0.6232552202351066.
[I 2026-07-25 00:30:38,894] Trial 155 finished with value: 0.5548570260198427 and parameters: {'k1': 1.2197123536745258e-05, 'D_low': 57.22980174818583, 'k2': 0.0011948703649939955, 'D_high': 1197724.1933384575, 'fire_exp': 2.619588840353699, 'P_half': 3778.3848840717123, 'pre_dampen_half': 3.9176654257960433, 'gpp_af': 0.10129906785739182, 'gpp_b': 0.0002933206002091089, 'gpp_d': 0.02713275093145175, 'ign_k': 0.0036421127420183767, 'ign_c': 14.919392172270339, 'trop_agb_crit': 10.579854890979874, 'trop_k_veg': 1.7625623825352221, 'gdp_gamma': 0.03825429654908078, 'cure_k': 0.16358350476690545, 'cure_p_min': 201.12341811909604, 'cure_gpp_ref': 0.2953972040562728, 'cure_agb_crit': 4.997453754950092, 'fuel_k': 0.29698557062080094, 'fuel_half': 1.4595567902444144}. Best is trial 0 with value: -0.6232552202351066.
[I 2026-07-25 00:30:39,343] Trial 156 finished with value: 0.5586746662727299 and parameters: {'k1': 0.0013918056674276226, 'D_low': 46.10999792355179, 'k2': 4.047659326979975e-05, 'D_high': 4917.639808910769, 'fire_exp': 2.2871147885254044, 'P_half': 211.58673823558954, 'pre_dampen_half': 197.21542268761758, 'gpp_af': 0.0017548544742000411, 'gpp_b': 0.00013164283516232033, 'gpp_d': 0.5822353753992286, 'ign_k': 0.4178445128105144, 'ign_c': 0.8641576063761086, 'trop_agb_crit': 27.253286061464696, 'trop_k_veg': 1.5730087494059133, 'gdp_gamma': 0.10003431263340569, 'cure_k': 0.02084478694575239, 'cure_p_min': 367.2151794970274, 'cure_gpp_ref': 0.0690360306770788, 'cure_agb_crit': 1.5984226764784284, 'fuel_k': 0.46073014401387136, 'fuel_half': 1.284712684955426}. Best is trial 0 with value: -0.6232552202351066.
[I 2026-07-25 00:30:39,792] Trial 157 finished with value: 0.5433491787648335 and parameters: {'k1': 0.0018955859724753587, 'D_low': 1.6518637704638657, 'k2': 3.8472553577314624e-05, 'D_high': 27017.36541280825, 'fire_exp': 1.7732660042543065, 'P_half': 6123.207899252153, 'pre_dampen_half': 423.2249666815647, 'gpp_af': 0.15165876863387706, 'gpp_b': 0.0003142040948354066, 'gpp_d': 0.30141477309627085, 'ign_k': 0.24376237515825408, 'ign_c': 2.551056526477174, 'trop_agb_crit': 7.416083846338441, 'trop_k_veg': 0.781342266274728, 'gdp_gamma': 0.15148390463517394, 'cure_k': 0.16880296098187317, 'cure_p_min': 294.99760562408403, 'cure_gpp_ref': 0.15196467293714372, 'cure_agb_crit': 1.0238888149391903, 'fuel_k': 0.20248062654135887, 'fuel_half': 0.31370038717697774}. Best is trial 0 with value: -0.6232552202351066.
