[I 2026-06-09 12:02:00,405] Trial 78 finished with values: [10.892162274293392, 10.892162274293392] and parameters: {'k1': 0.004373100990516265, 'D_low': 13.174543864342764, 'k2': 0.06598741607403362, 'D_high': 55.99831951695991, 'fire_exp': 2.10707132280748, 'P_half': 313.758594872814, 'pre_dampen_half': 3.4518498268723494, 'gpp_af': 0.01629478603157523, 'gpp_b': 4.886759303288982e-05, 'gpp_d': 61.550353610401785, 'ign_k': 0.014273228319112995, 'ign_c': 21.132597710340573, 'trop_agb_crit': 1.1693687409928537, 'trop_k_veg': 0.559773544096922}.
[I 2026-06-09 12:02:01,452] Trial 79 finished with values: [10.892857013508193, 10.892857013508193] and parameters: {'k1': 0.001566517163094646, 'D_low': 585.5726588796255, 'k2': 0.004053638704742309, 'D_high': 20.59802236544963, 'fire_exp': 5.154413091020758, 'P_half': 8.89193644629625, 'pre_dampen_half': 0.4236414938631993, 'gpp_af': 3.0190550386581414, 'gpp_b': 0.07903098490824653, 'gpp_d': 176.24510039685507, 'ign_k': 0.42702329684055446, 'ign_c': 18.760068220300635, 'trop_agb_crit': 1.3752099014456878, 'trop_k_veg': 3.6260119779455584}.
[I 2026-06-09 12:02:02,447] Trial 80 finished with values: [10.420643618248382, 10.420643618248382] and parameters: {'k1': 0.05832560268546887, 'D_low': 102.53722513378383, 'k2': 0.06994589881535453, 'D_high': 39655.03094323017, 'fire_exp': 2.4204227225778934, 'P_half': 149.35213816355395, 'pre_dampen_half': 340.6909167027263, 'gpp_af': 1.3218737536384089, 'gpp_b': 3.686869490609954e-05, 'gpp_d': 26.003623362924223, 'ign_k': 0.0019264360371306567, 'ign_c': 4.341568011961653, 'trop_agb_crit': 1.6059119829430093, 'trop_k_veg': 4.51930447316402}.
[I 2026-06-09 12:02:03,525] Trial 81 finished with values: [10.892467124940763, 10.892467124940763] and parameters: {'k1': 0.014666151770108535, 'D_low': 1440.3650379563878, 'k2': 8.488887549001697e-05, 'D_high': 39655.03094323017, 'fire_exp': 3.564898596417882, 'P_half': 149.35213816355395, 'pre_dampen_half': 1.6130673726933187, 'gpp_af': 1.3218737536384089, 'gpp_b': 0.0012749409641020352, 'gpp_d': 0.03848886303127135, 'ign_k': 0.0037322156377670697, 'ign_c': 111.18405953132105, 'trop_agb_crit': 8.188098178380693, 'trop_k_veg': 0.6618107836658104}.
[I 2026-06-09 12:02:04,573] Trial 82 finished with values: [10.892432625520192, 10.892432625520192] and parameters: {'k1': 0.00024287565087611777, 'D_low': 13.180029267201178, 'k2': 0.011966626407443505, 'D_high': 55.99831951695991, 'fire_exp': 2.10707132280748, 'P_half': 64.52946500764233, 'pre_dampen_half': 3.4518498268723494, 'gpp_af': 0.007619648413221235, 'gpp_b': 4.886759303288982e-05, 'gpp_d': 1.2434469102435366, 'ign_k': 4.564399028622419, 'ign_c': 21.132597710340573, 'trop_agb_crit': 1.6904893834415775, 'trop_k_veg': 1.8981057964668895}.
[I 2026-06-09 12:02:05,676] Trial 83 finished with values: [10.892851406144318, 10.892851406144318] and parameters: {'k1': 0.00964227507893068, 'D_low': 485.6157707765674, 'k2': 0.07058138788373682, 'D_high': 12282.126524008485, 'fire_exp': 3.312558076145948, 'P_half': 2562.866600016356, 'pre_dampen_half': 5.74823075356871, 'gpp_af': 65.48060708583795, 'gpp_b': 1.819372457817841, 'gpp_d': 706.9588467653589, 'ign_k': 0.003436061384470262, 'ign_c': 366.9209039695906, 'trop_agb_crit': 13.044555671438102, 'trop_k_veg': 7.845466230879747}.
[I 2026-06-09 12:02:06,784] Trial 84 finished with values: [10.892853656912486, 10.892853656912486] and parameters: {'k1': 2.259279742015695e-05, 'D_low': 1.104970302415413, 'k2': 0.041833856821460375, 'D_high': 200.1342062287997, 'fire_exp': 2.447244097399011, 'P_half': 6313.17558363494, 'pre_dampen_half': 139.2154853304649, 'gpp_af': 0.06078083099681954, 'gpp_b': 0.061804951935425775, 'gpp_d': 5.1698794422985355, 'ign_k': 0.01488823059798356, 'ign_c': 161.72900811143117, 'trop_agb_crit': 4.407697344406114, 'trop_k_veg': 7.714366810951191}.
[I 2026-06-09 12:02:07,869] Trial 85 finished with values: [10.890201859007517, 10.890201859007517] and parameters: {'k1': 0.0876197110102369, 'D_low': 9.29439415564499, 'k2': 0.07537201787998425, 'D_high': 11129.571947046003, 'fire_exp': 1.7283732813150752, 'P_half': 818.2111518618419, 'pre_dampen_half': 0.6901057779813305, 'gpp_af': 1.4505381415853764, 'gpp_b': 0.032054268581070196, 'gpp_d': 0.29670768679228116, 'ign_k': 0.002296989871634209, 'ign_c': 219.38654178115047, 'trop_agb_crit': 25.175641106251092, 'trop_k_veg': 5.901391357852366}.
[I 2026-06-09 12:02:08,865] Trial 86 finished with values: [10.886215033291828, 10.886215033291828] and parameters: {'k1': 0.02641449645424223, 'D_low': 1.6117368936336656, 'k2': 0.0002220327882582422, 'D_high': 34.487261314487384, 'fire_exp': 1.157110862187662, 'P_half': 9116.768553735348, 'pre_dampen_half': 0.4090432448301885, 'gpp_af': 11.20397753296041, 'gpp_b': 0.0003371661202649482, 'gpp_d': 12.00191344086031, 'ign_k': 0.34703605955441524, 'ign_c': 0.15178052094448868, 'trop_agb_crit': 3.575594457014808, 'trop_k_veg': 2.835178685110773}.
[I 2026-06-09 12:02:09,891] Trial 87 finished with values: [10.79680712453869, 10.79680712453869] and parameters: {'k1': 0.014666151770108535, 'D_low': 1440.3650379563878, 'k2': 2.316457903103837e-05, 'D_high': 159.77662354833882, 'fire_exp': 1.14171776851287, 'P_half': 1.4045842344024697, 'pre_dampen_half': 11.164047352793695, 'gpp_af': 0.32613327839065587, 'gpp_b': 0.0012749409641020352, 'gpp_d': 0.2473046721099913, 'ign_k': 0.0037322156377670697, 'ign_c': 0.9083381663660584, 'trop_agb_crit': 1.6369193980425034, 'trop_k_veg': 0.6618107836658104}.
[I 2026-06-09 12:02:10,933] Trial 88 finished with values: [10.892857142659844, 10.892857142659844] and parameters: {'k1': 5.105542986365652e-05, 'D_low': 230.97861492693565, 'k2': 3.0376902301221646e-05, 'D_high': 11.650681118986137, 'fire_exp': 3.251569628166816, 'P_half': 8.053471030316096, 'pre_dampen_half': 16.821470258034143, 'gpp_af': 2.831223426520226, 'gpp_b': 0.1398383943321133, 'gpp_d': 99.3234953243749, 'ign_k': 0.32478918389192313, 'ign_c': 113.35043121561766, 'trop_agb_crit': 3.1900416724175513, 'trop_k_veg': 0.684866208883196}.
[I 2026-06-09 12:02:12,006] Trial 89 finished with values: [10.766663238310215, 10.766663238310215] and parameters: {'k1': 0.036309591863459084, 'D_low': 6.0803901902966, 'k2': 1.5167330688076188e-05, 'D_high': 200.1342062287997, 'fire_exp': 2.447244097399011, 'P_half': 1.3924162890248675, 'pre_dampen_half': 139.2154853304649, 'gpp_af': 0.516681811478353, 'gpp_b': 0.0004848496183873286, 'gpp_d': 8.998420889037451, 'ign_k': 0.0013243445838637983, 'ign_c': 0.1410563867753527, 'trop_agb_crit': 16.408949267986486, 'trop_k_veg': 7.714366810951191}.
[I 2026-06-09 12:02:13,130] Trial 90 finished with values: [10.892722180957374, 10.892722180957374] and parameters: {'k1': 1.1281785190969807e-05, 'D_low': 450.9719064153485, 'k2': 5.153993511603138e-05, 'D_high': 41821.78526757458, 'fire_exp': 1.569607751453048, 'P_half': 1.8942844905792813, 'pre_dampen_half': 0.03190729641440917, 'gpp_af': 0.0012334147231672942, 'gpp_b': 0.010307896803108956, 'gpp_d': 26.003623362924223, 'ign_k': 0.0019264360371306567, 'ign_c': 99.96359851911319, 'trop_agb_crit': 2.0420012944047587, 'trop_k_veg': 6.030247256556128}.
[I 2026-06-09 12:02:14,223] Trial 91 finished with values: [10.891783200075078, 10.891783200075078] and parameters: {'k1': 0.02641449645424223, 'D_low': 652.5765108342365, 'k2': 3.634567200581791e-05, 'D_high': 773.1571570012611, 'fire_exp': 3.1018148805490564, 'P_half': 78.32259769732477, 'pre_dampen_half': 0.07345296810407675, 'gpp_af': 0.14765842992482675, 'gpp_b': 0.0024605285374226047, 'gpp_d': 12.00191344086031, 'ign_k': 0.34703605955441524, 'ign_c': 17.320535908244427, 'trop_agb_crit': 3.575594457014808, 'trop_k_veg': 5.555327265518883}.
[I 2026-06-09 12:02:15,253] Trial 92 finished with values: [10.892857142659844, 10.892857142659844] and parameters: {'k1': 0.00024858393940748244, 'D_low': 89.0686342426614, 'k2': 0.02101249538925799, 'D_high': 24.622754931226588, 'fire_exp': 3.1018148805490564, 'P_half': 838.4359680188663, 'pre_dampen_half': 297.00320404259594, 'gpp_af': 0.008056850977158043, 'gpp_b': 2.5059800207366574e-05, 'gpp_d': 50.76954210131181, 'ign_k': 0.19856031481305692, 'ign_c': 232.97810422670523, 'trop_agb_crit': 1.6086469813325157, 'trop_k_veg': 2.835178685110773}.
[I 2026-06-09 12:02:16,275] Trial 93 finished with values: [10.87031747171589, 10.87031747171589] and parameters: {'k1': 0.0019339745640818936, 'D_low': 1.104970302415413, 'k2': 0.041833856821460375, 'D_high': 23.181776112903503, 'fire_exp': 2.0859967986741856, 'P_half': 50.32059347286801, 'pre_dampen_half': 566.2858823465564, 'gpp_af': 9.983349602292815, 'gpp_b': 0.061804951935425775, 'gpp_d': 11.300566419249856, 'ign_k': 0.05021737623389565, 'ign_c': 2.063755204395021, 'trop_agb_crit': 1.0794185889648462, 'trop_k_veg': 1.8981057964668895}.
[I 2026-06-09 12:02:17,297] Trial 94 finished with values: [10.892854503827445, 10.892854503827445] and parameters: {'k1': 0.001350074486791937, 'D_low': 1.6117368936336656, 'k2': 0.012840669372724958, 'D_high': 118.77073321543958, 'fire_exp': 2.655962930461066, 'P_half': 9116.768553735348, 'pre_dampen_half': 0.4090432448301885, 'gpp_af': 0.2904862107518159, 'gpp_b': 1.1698276136056565e-05, 'gpp_d': 25.55721998081806, 'ign_k': 1.0987817552608319, 'ign_c': 0.2987250655313649, 'trop_agb_crit': 4.972504803462319, 'trop_k_veg': 1.5663033569905045}.
[I 2026-06-09 12:02:18,325] Trial 95 finished with values: [10.798124547917832, 10.798124547917832] and parameters: {'k1': 6.404854675916172e-05, 'D_low': 2.2636544662054536, 'k2': 4.540076719227351e-05, 'D_high': 18125.870836716233, 'fire_exp': 1.608176525358426, 'P_half': 123.66924205139141, 'pre_dampen_half': 3.289170255990991, 'gpp_af': 0.5107061330406066, 'gpp_b': 0.002262927522655115, 'gpp_d': 99.3234953243749, 'ign_k': 0.32478918389192313, 'ign_c': 0.21234210963705627, 'trop_agb_crit': 19.51558406059598, 'trop_k_veg': 2.8957014754094748}.
[I 2026-06-09 12:02:19,454] Trial 96 finished with values: [10.866518301678633, 10.866518301678633] and parameters: {'k1': 0.014666151770108535, 'D_low': 35.02761367842313, 'k2': 0.06994589881535453, 'D_high': 41821.78526757458, 'fire_exp': 1.14171776851287, 'P_half': 1.8942844905792813, 'pre_dampen_half': 0.194732494508583, 'gpp_af': 0.0012334147231672942, 'gpp_b': 0.0012749409641020352, 'gpp_d': 0.03848886303127135, 'ign_k': 0.0037322156377670697, 'ign_c': 1.887567630782227, 'trop_agb_crit': 17.700408094497767, 'trop_k_veg': 0.6618107836658104}.
[I 2026-06-09 12:02:20,544] Trial 97 finished with values: [10.89280362196895, 10.89280362196895] and parameters: {'k1': 3.252245757497282e-05, 'D_low': 4.051452710153359, 'k2': 3.5917714215176105e-05, 'D_high': 773.1571570012611, 'fire_exp': 3.671479716673772, 'P_half': 1.8316165443932733, 'pre_dampen_half': 304.7488318185732, 'gpp_af': 0.2343193755572473, 'gpp_b': 0.014006886708255114, 'gpp_d': 0.07271087249685712, 'ign_k': 0.04009149428326862, 'ign_c': 17.320535908244427, 'trop_agb_crit': 1.6955424480598023, 'trop_k_veg': 1.0824957465091865}.
[I 2026-06-09 12:02:21,575] Trial 98 finished with values: [10.890078068181932, 10.890078068181932] and parameters: {'k1': 0.00024287565087611777, 'D_low': 24.423775964038946, 'k2': 0.00488137519160367, 'D_high': 643.9790863101603, 'fire_exp': 1.6772771207736337, 'P_half': 818.2111518618419, 'pre_dampen_half': 0.05061568304359488, 'gpp_af': 0.007619648413221235, 'gpp_b': 6.857036235002493e-05, 'gpp_d': 1.2434469102435366, 'ign_k': 0.002296989871634209, 'ign_c': 2.8156300815972224, 'trop_agb_crit': 7.204426125424085, 'trop_k_veg': 5.06204715641377}.
[I 2026-06-09 12:02:22,613] Trial 99 finished with values: [10.892857142659844, 10.892857142659844] and parameters: {'k1': 3.2228645289680296e-05, 'D_low': 122.73630375458193, 'k2': 0.012021930484915042, 'D_high': 85018.70149611714, 'fire_exp': 4.196531388460442, 'P_half': 2.194774268919734, 'pre_dampen_half': 0.018130450933931484, 'gpp_af': 21.258647437649888, 'gpp_b': 0.7987896438549947, 'gpp_d': 15.386842469144066, 'ign_k': 0.8023527304678846, 'ign_c': 47.268615251255675, 'trop_agb_crit': 5.789462140980137, 'trop_k_veg': 2.3408809609838257}.
[I 2026-06-09 12:02:23,626] Trial 100 finished with values: [10.892855938297524, 10.892855938297524] and parameters: {'k1': 6.615437365561391e-05, 'D_low': 191.91689944397532, 'k2': 0.0002656971546588439, 'D_high': 773.1571570012611, 'fire_exp': 3.671479716673772, 'P_half': 1.8316165443932733, 'pre_dampen_half': 0.03227842705043214, 'gpp_af': 0.005811599743439244, 'gpp_b': 0.014006886708255114, 'gpp_d': 0.06359264168909612, 'ign_k': 0.04009149428326862, 'ign_c': 1.3815947516319929, 'trop_agb_crit': 1.6955424480598023, 'trop_k_veg': 7.661403594196618}.
[I 2026-06-09 12:02:24,651] Trial 101 finished with values: [10.890966781865496, 10.890966781865496] and parameters: {'k1': 2.0937989739527727e-05, 'D_low': 125.32726386250698, 'k2': 0.0004381141781653133, 'D_high': 85018.70149611714, 'fire_exp': 1.2943117749495199, 'P_half': 39.03214299767183, 'pre_dampen_half': 4.25060659305504, 'gpp_af': 21.258647437649888, 'gpp_b': 0.7987896438549947, 'gpp_d': 0.19476644406315288, 'ign_k': 0.0048255892187380085, 'ign_c': 47.268615251255675, 'trop_agb_crit': 23.59397023337466, 'trop_k_veg': 2.3408809609838257}.
[I 2026-06-09 12:02:25,766] Trial 102 finished with values: [10.867568073119301, 10.867568073119301] and parameters: {'k1': 0.00234238498471129, 'D_low': 1.533916259116362, 'k2': 0.008912611835817005, 'D_high': 48.094619675015736, 'fire_exp': 1.4848387260494937, 'P_half': 64.52946500764233, 'pre_dampen_half': 673.2248920775328, 'gpp_af': 11.015056790269638, 'gpp_b': 0.00977702299083608, 'gpp_d': 1.2434469102435366, 'ign_k': 0.5456725485601477, 'ign_c': 5.762487216478598, 'trop_agb_crit': 7.204426125424085, 'trop_k_veg': 2.885971697855481}.
[I 2026-06-09 12:02:26,936] Trial 103 finished with values: [10.892857142659844, 10.892857142659844] and parameters: {'k1': 0.0038341488164556755, 'D_low': 4823.5582830244875, 'k2': 0.00012280874862135373, 'D_high': 11.845753911529382, 'fire_exp': 3.901893718767211, 'P_half': 8.890110660871555, 'pre_dampen_half': 0.03227842705043214, 'gpp_af': 0.005811599743439244, 'gpp_b': 0.6563276361515622, 'gpp_d': 0.06359264168909612, 'ign_k': 0.02157727947769347, 'ign_c': 1.3815947516319929, 'trop_agb_crit': 6.220115760739173, 'trop_k_veg': 6.008736672774419}.
[I 2026-06-09 12:02:28,005] Trial 104 finished with values: [10.892857142659844, 10.892857142659844] and parameters: {'k1': 1.9732688444088917e-05, 'D_low': 636.6144994552209, 'k2': 1.9545735860656975e-05, 'D_high': 19383.858782150488, 'fire_exp': 4.259892485090018, 'P_half': 606.7290033535005, 'pre_dampen_half': 372.8155624293852, 'gpp_af': 85.74284557962646, 'gpp_b': 0.032054268581070196, 'gpp_d': 0.03879318293836391, 'ign_k': 0.00151979678466219, 'ign_c': 615.1688122361401, 'trop_agb_crit': 28.605077487330046, 'trop_k_veg': 5.901391357852366}.
[I 2026-06-09 12:02:29,048] Trial 105 finished with values: [10.892783218777337, 10.892783218777337] and parameters: {'k1': 1.9732688444088917e-05, 'D_low': 164.2166308203218, 'k2': 0.07537201787998425, 'D_high': 1237.061744238075, 'fire_exp': 4.259892485090018, 'P_half': 606.7290033535005, 'pre_dampen_half': 1.8737227240512873, 'gpp_af': 1.373378993679494, 'gpp_b': 0.032054268581070196, 'gpp_d': 320.4719717682607, 'ign_k': 0.00151979678466219, 'ign_c': 1.3300034219784387, 'trop_agb_crit': 25.34387418029853, 'trop_k_veg': 5.901391357852366}.
[I 2026-06-09 12:02:30,072] Trial 106 finished with values: [10.892857142659844, 10.892857142659844] and parameters: {'k1': 0.012273800987852962, 'D_low': 6.235377135673156, 'k2': 1.5167330688076188e-05, 'D_high': 200.1342062287997, 'fire_exp': 5.0916359458185525, 'P_half': 12.172958098369968, 'pre_dampen_half': 71.8375865581399, 'gpp_af': 0.002345434227726052, 'gpp_b': 0.028780534359197463, 'gpp_d': 5.1698794422985355, 'ign_k': 0.0036618192203924276, 'ign_c': 31.130959561221214, 'trop_agb_crit': 1.2886065671894003, 'trop_k_veg': 7.714366810951191}.
[I 2026-06-09 12:02:31,098] Trial 107 finished with values: [10.89128058222297, 10.89128058222297] and parameters: {'k1': 3.2228645289680296e-05, 'D_low': 24.423775964038946, 'k2': 0.000124801809651176, 'D_high': 1647.069822172432, 'fire_exp': 1.6772771207736337, 'P_half': 2.194774268919734, 'pre_dampen_half': 0.018130450933931484, 'gpp_af': 0.007619648413221235, 'gpp_b': 0.00977702299083608, 'gpp_d': 1.2434469102435366, 'ign_k': 4.564399028622419, 'ign_c': 2.8156300815972224, 'trop_agb_crit': 5.789462140980137, 'trop_k_veg': 1.2241886451770958}.
[I 2026-06-09 12:02:32,156] Trial 108 finished with values: [10.892350127124622, 10.892350127124622] and parameters: {'k1': 6.404854675916172e-05, 'D_low': 2.157758652553991, 'k2': 0.012840669372724958, 'D_high': 1712.4464476784942, 'fire_exp': 4.625910443666736, 'P_half': 123.66924205139141, 'pre_dampen_half': 0.6225187269045142, 'gpp_af': 24.3221915285252, 'gpp_b': 1.1698276136056565e-05, 'gpp_d': 2.2044650100999164, 'ign_k': 0.05708731724249576, 'ign_c': 0.2987250655313649, 'trop_agb_crit': 1.4914219038863046, 'trop_k_veg': 1.1530950955131591}.
[I 2026-06-09 12:02:33,308] Trial 109 finished with values: [10.421553462488522, 10.421553462488522] and parameters: {'k1': 0.015161591075671724, 'D_low': 12.115155843077673, 'k2': 0.0005700142105246941, 'D_high': 39655.03094323017, 'fire_exp': 1.060109541566103, 'P_half': 149.35213816355395, 'pre_dampen_half': 340.6909167027263, 'gpp_af': 1.8075983730158514, 'gpp_b': 5.0279186721731925e-05, 'gpp_d': 0.0735311909944862, 'ign_k': 0.3242143344038317, 'ign_c': 1.0022396791143333, 'trop_agb_crit': 6.475515989686909, 'trop_k_veg': 3.6260119779455584}.
[I 2026-06-09 12:02:34,380] Trial 110 finished with values: [10.892857142659844, 10.892857142659844] and parameters: {'k1': 2.0937989739527727e-05, 'D_low': 7.1097879169427385, 'k2': 3.511445258128687e-05, 'D_high': 85018.70149611714, 'fire_exp': 2.2417519634313736, 'P_half': 39.03214299767183, 'pre_dampen_half': 0.9145768948268035, 'gpp_af': 0.15394819813084212, 'gpp_b': 0.7987896438549947, 'gpp_d': 0.19476644406315288, 'ign_k': 0.1137517159258866, 'ign_c': 136.33647183120036, 'trop_agb_crit': 3.8524922362032497, 'trop_k_veg': 2.3408809609838257}.
[I 2026-06-09 12:02:35,436] Trial 111 finished with values: [10.892857142659844, 10.892857142659844] and parameters: {'k1': 0.02641449645424223, 'D_low': 1275.41594740337, 'k2': 0.00023078849815277971, 'D_high': 24.622754931226588, 'fire_exp': 7.217931427947947, 'P_half': 78.32259769732477, 'pre_dampen_half': 0.07345296810407675, 'gpp_af': 0.14765842992482675, 'gpp_b': 0.9515920875590862, 'gpp_d': 12.00191344086031, 'ign_k': 0.34703605955441524, 'ign_c': 0.15178052094448868, 'trop_agb_crit': 2.9699700394229143, 'trop_k_veg': 2.835178685110773}.
[I 2026-06-09 12:02:36,459] Trial 112 finished with values: [10.892848145205292, 10.892848145205292] and parameters: {'k1': 0.0019339745640818936, 'D_low': 1707.9750342958232, 'k2': 0.0034167643418329683, 'D_high': 30608.522106722474, 'fire_exp': 2.10707132280748, 'P_half': 50.32059347286801, 'pre_dampen_half': 290.2652141826387, 'gpp_af': 0.01629478603157523, 'gpp_b': 0.6992636148959319, 'gpp_d': 11.300566419249856, 'ign_k': 0.014273228319112995, 'ign_c': 0.6693990428538836, 'trop_agb_crit': 1.6904893834415775, 'trop_k_veg': 1.6340262437673854}.
[I 2026-06-09 12:02:37,484] Trial 113 finished with values: [10.890632496973382, 10.890632496973382] and parameters: {'k1': 0.08894151386481904, 'D_low': 6.0803901902966, 'k2': 1.5167330688076188e-05, 'D_high': 333.85926007093946, 'fire_exp': 2.447244097399011, 'P_half': 12.172958098369968, 'pre_dampen_half': 139.2154853304649, 'gpp_af': 0.06078083099681954, 'gpp_b': 0.003082598863990977, 'gpp_d': 0.011349563088312942, 'ign_k': 0.0036618192203924276, 'ign_c': 161.72900811143117, 'trop_agb_crit': 1.2886065671894003, 'trop_k_veg': 7.993740243409925}.
[I 2026-06-09 12:02:38,526] Trial 114 finished with values: [10.813629667562125, 10.813629667562125] and parameters: {'k1': 0.0071350717305711155, 'D_low': 18.522006003174383, 'k2': 0.0011135501184757278, 'D_high': 1687.3495104568947, 'fire_exp': 1.2798881300289222, 'P_half': 608.3019192425825, 'pre_dampen_half': 7.084445284509009, 'gpp_af': 0.0030611349005284453, 'gpp_b': 0.0004125336560355494, 'gpp_d': 891.8036602897795, 'ign_k': 0.0012030530850061366, 'ign_c': 1.9423015749984096, 'trop_agb_crit': 1.5929299344702241, 'trop_k_veg': 1.2396985988794134}.
[I 2026-06-09 12:02:39,663] Trial 115 finished with values: [10.892850924806483, 10.892850924806483] and parameters: {'k1': 0.008013508750140624, 'D_low': 3876.511170911631, 'k2': 0.035346441441965824, 'D_high': 13167.465326936133, 'fire_exp': 4.385626537779657, 'P_half': 2.170500348871113, 'pre_dampen_half': 0.03227842705043214, 'gpp_af': 31.10075575727492, 'gpp_b': 0.04350852476027554, 'gpp_d': 0.06359264168909612, 'ign_k': 0.005575298138639647, 'ign_c': 1.3815947516319929, 'trop_agb_crit': 1.0173644855445005, 'trop_k_veg': 6.008736672774419}.
[I 2026-06-09 12:02:40,817] Trial 116 finished with values: [10.88562078934001, 10.88562078934001] and parameters: {'k1': 1.755140304820832e-05, 'D_low': 12.808863354047988, 'k2': 0.0009749762207436118, 'D_high': 159.77662354833882, 'fire_exp': 1.9268171109476195, 'P_half': 6.876972589957657, 'pre_dampen_half': 0.711804147105457, 'gpp_af': 0.26461528450166444, 'gpp_b': 2.036444166653217e-05, 'gpp_d': 0.6991465160637356, 'ign_k': 0.07081721844034213, 'ign_c': 0.9083381663660584, 'trop_agb_crit': 1.1328842490894482, 'trop_k_veg': 1.0067795220230509}.
