[I 2026-08-20 01:20:21,057] Trial 2144 finished with value: 0.4976916721459126 and parameters: {'k1': 0.002982100169587998, 'D_low': 11.1923614695676, 'k2': 0.00644623735413028, 'D_high': 58668.31132920137, 'fire_exp': 2.3263059505216264, 'P_half': 230.95162436921635, 'pre_dampen_half': 0.011756193553873877, 'gpp_af': 0.005689104177319212, 'gpp_b': 2.0317015073881273e-05, 'gpp_d': 0.3013921349333888, 'ign_k': 0.7545138470998956, 'ign_c': 1.3123277820400645, 'trop_agb_crit': 1.2168071705523962, 'trop_k_veg': 6.176183084239364, 'pop_amp': 5.942152580739551, 'pop_peak': 86.6573908415667, 'pop_sig': 0.8712578553267922}. Best is trial 1128 with value: -0.620386984093161.
[I 2026-08-20 01:20:22,604] Trial 2145 finished with value: 0.6576997875187424 and parameters: {'k1': 0.024075422710995678, 'D_low': 42.19264980437445, 'k2': 0.0007900459037264067, 'D_high': 4614147.567728842, 'fire_exp': 1.5186269063087485, 'P_half': 9.938190066465145, 'pre_dampen_half': 30.137136553777943, 'gpp_af': 0.03897001603952323, 'gpp_b': 0.00010986457181664285, 'gpp_d': 221.73218946420823, 'ign_k': 7.916477170826616, 'ign_c': 33.95705307292295, 'trop_agb_crit': 6.345298050211484, 'trop_k_veg': 4.244534960636716, 'pop_amp': 0.0013614314381977608, 'pop_peak': 0.9769600817295074, 'pop_sig': 0.384076184166543}. Best is trial 1128 with value: -0.620386984093161.
[I 2026-08-20 01:20:24,654] Trial 2146 finished with value: -0.5934285269604007 and parameters: {'k1': 0.0011211630957937454, 'D_low': 4.292052565632616, 'k2': 0.0023982797054071447, 'D_high': 5172357.086015739, 'fire_exp': 2.000448555400644, 'P_half': 10.99231624707882, 'pre_dampen_half': 1.0650366436902414, 'gpp_af': 0.09495181235934877, 'gpp_b': 0.002642626214809511, 'gpp_d': 36.324427561500436, 'ign_k': 9.394397254014137, 'ign_c': 5.536665359611177, 'trop_agb_crit': 2.3754404473341055, 'trop_k_veg': 5.351210611633068, 'pop_amp': 1.2649438043963646, 'pop_peak': 32.81829502578986, 'pop_sig': 0.3522356456688979}. Best is trial 1128 with value: -0.620386984093161.
[I 2026-08-20 01:20:26,220] Trial 2147 finished with value: 0.5801709428487564 and parameters: {'k1': 0.0008283508566301321, 'D_low': 31.04168800604017, 'k2': 0.004107780414379668, 'D_high': 7257546.168165846, 'fire_exp': 2.0000659994259924, 'P_half': 11.635343265556205, 'pre_dampen_half': 0.016974525490836383, 'gpp_af': 0.003608139460491296, 'gpp_b': 0.019026104940927838, 'gpp_d': 140.6592019127873, 'ign_k': 1.097064064102131, 'ign_c': 20.38614310147484, 'trop_agb_crit': 1.6588492398045864, 'trop_k_veg': 7.602132619839578, 'pop_amp': 11.494957995871905, 'pop_peak': 14.112353782087272, 'pop_sig': 0.35391215743883736}. Best is trial 1128 with value: -0.620386984093161.
[I 2026-08-20 01:20:27,778] Trial 2148 finished with value: 0.5955564004034992 and parameters: {'k1': 0.00020700321073570188, 'D_low': 3.1578257589014505, 'k2': 0.03680551185827498, 'D_high': 10280.674105146014, 'fire_exp': 3.102720114265248, 'P_half': 1239.5149127176935, 'pre_dampen_half': 12.776812284095238, 'gpp_af': 0.05630426817785144, 'gpp_b': 2.7274729650837414e-05, 'gpp_d': 0.050440637175738184, 'ign_k': 7.311773387886233, 'ign_c': 0.26991927993970993, 'trop_agb_crit': 3.237587654515226, 'trop_k_veg': 5.498445633420658, 'pop_amp': 0.23863093513547026, 'pop_peak': 0.3730225813639578, 'pop_sig': 2.2754258476127895}. Best is trial 1128 with value: -0.620386984093161.
[I 2026-08-20 01:20:29,313] Trial 2149 finished with value: 0.6430503547073891 and parameters: {'k1': 0.0025882092577763968, 'D_low': 2.323284790767132, 'k2': 0.03148101512525354, 'D_high': 5331647.411945428, 'fire_exp': 1.662144275831044, 'P_half': 18.323933162669555, 'pre_dampen_half': 0.8865372031984303, 'gpp_af': 0.008533950741186184, 'gpp_b': 0.0009028869667226632, 'gpp_d': 85.0928320112874, 'ign_k': 8.785779757638283, 'ign_c': 30.566006452248853, 'trop_agb_crit': 1.4569097658694943, 'trop_k_veg': 6.223970136727066, 'pop_amp': 1.3932001854081981, 'pop_peak': 2.0228631467536027, 'pop_sig': 0.26827621658296263}. Best is trial 1128 with value: -0.620386984093161.
[I 2026-08-20 01:20:30,872] Trial 2150 finished with value: 0.5402041321917291 and parameters: {'k1': 0.0024125667342745493, 'D_low': 4142.787550927672, 'k2': 0.0026389021899241444, 'D_high': 4591177.794934048, 'fire_exp': 3.63967012769098, 'P_half': 413.4839545637395, 'pre_dampen_half': 4.623598824958831, 'gpp_af': 1.6846165613365705, 'gpp_b': 0.0007237142591715465, 'gpp_d': 627.154918112084, 'ign_k': 2.2750475166952047, 'ign_c': 4.247757748716919, 'trop_agb_crit': 18.267944485928542, 'trop_k_veg': 5.55514947533511, 'pop_amp': 0.10291525307219503, 'pop_peak': 73.1525393688517, 'pop_sig': 1.0362872365580773}. Best is trial 1128 with value: -0.620386984093161.
[I 2026-08-20 01:20:32,435] Trial 2151 finished with value: 0.538769445850883 and parameters: {'k1': 0.0014635725671666411, 'D_low': 9.102165031288905, 'k2': 0.0006338267852491697, 'D_high': 1285856.576497852, 'fire_exp': 1.2848854507585912, 'P_half': 8.0347304538099, 'pre_dampen_half': 0.7028190408061087, 'gpp_af': 0.00505472956129775, 'gpp_b': 0.004744372679238379, 'gpp_d': 98.89743022593403, 'ign_k': 1.776062039258625, 'ign_c': 0.605049154595581, 'trop_agb_crit': 1.0894238042755422, 'trop_k_veg': 4.994812551446831, 'pop_amp': 0.6151030734296588, 'pop_peak': 941.4974493452288, 'pop_sig': 0.6059526092657415}. Best is trial 1128 with value: -0.620386984093161.
[I 2026-08-20 01:20:33,972] Trial 2152 finished with value: 0.6419390137078856 and parameters: {'k1': 0.002117848352227293, 'D_low': 6.535930312770359, 'k2': 3.090330572021954e-05, 'D_high': 283.6909354423697, 'fire_exp': 1.8690311654310092, 'P_half': 1.9000160992547381, 'pre_dampen_half': 19.115918596077858, 'gpp_af': 24.086086999838173, 'gpp_b': 4.14927388584754, 'gpp_d': 0.03716824220135288, 'ign_k': 7.239999572032611, 'ign_c': 6.150078564787669, 'trop_agb_crit': 6.484657743941746, 'trop_k_veg': 4.0815155746919425, 'pop_amp': 0.01138183810928427, 'pop_peak': 1.1870168443034825, 'pop_sig': 1.7337427959994098}. Best is trial 1128 with value: -0.620386984093161.
[I 2026-08-20 01:20:35,538] Trial 2153 finished with value: 0.6445374145881376 and parameters: {'k1': 0.0004278772380367299, 'D_low': 65617.02740977806, 'k2': 0.007727984357765868, 'D_high': 10.108686443343904, 'fire_exp': 7.17883864845037, 'P_half': 9.444772154053007, 'pre_dampen_half': 0.10119234764111688, 'gpp_af': 0.6083530822784636, 'gpp_b': 0.00048137956226216417, 'gpp_d': 32.867186197732366, 'ign_k': 0.005376353092399927, 'ign_c': 166.6094017949588, 'trop_agb_crit': 11.029663513921694, 'trop_k_veg': 0.5501772253910099, 'pop_amp': 0.002021458891235993, 'pop_peak': 0.05056568314314886, 'pop_sig': 0.9119867547719966}. Best is trial 1128 with value: -0.620386984093161.
[I 2026-08-20 01:20:37,122] Trial 2154 finished with value: 0.6445374145881376 and parameters: {'k1': 0.005046251823440759, 'D_low': 877814.166239452, 'k2': 0.0004739705938161777, 'D_high': 107613.2874946849, 'fire_exp': 1.0134013467089324, 'P_half': 5148.611621874598, 'pre_dampen_half': 0.5191116305454054, 'gpp_af': 0.0535119105004565, 'gpp_b': 0.002351995955410445, 'gpp_d': 0.14267691354207773, 'ign_k': 0.0013187770750219588, 'ign_c': 0.8699593320106465, 'trop_agb_crit': 5.41053529234891, 'trop_k_veg': 2.2016701977123176, 'pop_amp': 0.009722700908503834, 'pop_peak': 349.4202436201962, 'pop_sig': 0.7819991273453525}. Best is trial 1128 with value: -0.620386984093161.
[I 2026-08-20 01:20:38,653] Trial 2155 finished with value: 0.466742602284568 and parameters: {'k1': 0.0004969613428156724, 'D_low': 33.42757502797489, 'k2': 0.004218362235141954, 'D_high': 8898948.766419584, 'fire_exp': 1.9598231011182918, 'P_half': 8.716279592212198, 'pre_dampen_half': 0.0852708307181637, 'gpp_af': 0.7232037907379165, 'gpp_b': 0.00042987687208545256, 'gpp_d': 131.8984840436899, 'ign_k': 6.187472889741732, 'ign_c': 9.250367864086654, 'trop_agb_crit': 1.2697539410822332, 'trop_k_veg': 2.9747728082054894, 'pop_amp': 0.2851652324832196, 'pop_peak': 10.414119122406165, 'pop_sig': 0.516775847627092}. Best is trial 1128 with value: -0.620386984093161.
[I 2026-08-20 01:20:40,227] Trial 2156 finished with value: -0.5900573492746386 and parameters: {'k1': 0.0008581708448764218, 'D_low': 30.428193848923787, 'k2': 0.0001136239350222021, 'D_high': 9485859.965607151, 'fire_exp': 2.071805790018535, 'P_half': 22.945186415224835, 'pre_dampen_half': 2.6021159314209483, 'gpp_af': 0.014518672593493407, 'gpp_b': 8.52676720704785e-05, 'gpp_d': 104.71308843303123, 'ign_k': 9.611380349470911, 'ign_c': 2.5412545472418415, 'trop_agb_crit': 10.824033413930355, 'trop_k_veg': 1.934073230147958, 'pop_amp': 0.0017826838247125354, 'pop_peak': 15.95093122443908, 'pop_sig': 0.2576019963839207}. Best is trial 1128 with value: -0.620386984093161.
[I 2026-08-20 01:20:41,779] Trial 2157 finished with value: 0.523829575443475 and parameters: {'k1': 0.0004392606689726233, 'D_low': 6.165000288651087, 'k2': 0.0002463944150562955, 'D_high': 946477.6782077119, 'fire_exp': 1.8346350498825206, 'P_half': 7.1957130649520655, 'pre_dampen_half': 0.17351163660363794, 'gpp_af': 0.0041185648900102356, 'gpp_b': 0.0004933608469284723, 'gpp_d': 60.27274513066291, 'ign_k': 1.4573972754310924, 'ign_c': 1.260813743216959, 'trop_agb_crit': 12.992482430566229, 'trop_k_veg': 1.6147017492969526, 'pop_amp': 0.0010913502494220774, 'pop_peak': 18.878083578414397, 'pop_sig': 0.3716131004763245}. Best is trial 1128 with value: -0.620386984093161.
[I 2026-08-20 01:20:43,305] Trial 2158 finished with value: 0.5799532779655896 and parameters: {'k1': 0.0002025886173395659, 'D_low': 3.50268048782637, 'k2': 0.011781411277432841, 'D_high': 5440202.250000255, 'fire_exp': 1.816076350079214, 'P_half': 2.7705501470721368, 'pre_dampen_half': 78.22236472981244, 'gpp_af': 0.004580319972263811, 'gpp_b': 0.009730171926690548, 'gpp_d': 16.29414393178705, 'ign_k': 1.0658192193117975, 'ign_c': 12.614881419406496, 'trop_agb_crit': 1.287283672626965, 'trop_k_veg': 7.890522599954813, 'pop_amp': 0.0022526231055882643, 'pop_peak': 45.17868232712319, 'pop_sig': 0.27451747198221227}. Best is trial 1128 with value: -0.620386984093161.
[I 2026-08-20 01:20:45,290] Trial 2159 finished with value: 0.45988320629553125 and parameters: {'k1': 0.00021429361335288454, 'D_low': 7.150977534718957, 'k2': 0.0018998884469482872, 'D_high': 9470324.419160081, 'fire_exp': 1.8631103837507106, 'P_half': 164.57784815567183, 'pre_dampen_half': 0.2978910682641261, 'gpp_af': 0.007841089429158945, 'gpp_b': 3.066749146346317e-05, 'gpp_d': 511.28395014091444, 'ign_k': 0.36029923233994604, 'ign_c': 2.3924338288483367, 'trop_agb_crit': 5.712607767680352, 'trop_k_veg': 0.8738557399281367, 'pop_amp': 0.6834984146266242, 'pop_peak': 52.03695109091807, 'pop_sig': 2.166404064252602}. Best is trial 1128 with value: -0.620386984093161.
[I 2026-08-20 01:20:46,865] Trial 2160 finished with value: 0.5196500604029024 and parameters: {'k1': 0.001797930007795932, 'D_low': 10.407392312353172, 'k2': 4.583700214027423e-05, 'D_high': 2796677.157810584, 'fire_exp': 2.8705007391960455, 'P_half': 202.01692809655032, 'pre_dampen_half': 1.479393382832233, 'gpp_af': 0.025576376727285584, 'gpp_b': 0.0016766163527933329, 'gpp_d': 298.33159795274537, 'ign_k': 7.12122077810249, 'ign_c': 1.6014210331279168, 'trop_agb_crit': 8.78418404914211, 'trop_k_veg': 2.7875391002369234, 'pop_amp': 0.0011722988443249045, 'pop_peak': 1.288047442949588, 'pop_sig': 0.25650016695830113}. Best is trial 1128 with value: -0.620386984093161.
[I 2026-08-20 01:20:48,527] Trial 2161 finished with value: 0.5437822376928487 and parameters: {'k1': 0.0020161577800117997, 'D_low': 37.34363461300619, 'k2': 0.0030720905137166968, 'D_high': 154706.37331995452, 'fire_exp': 1.9858227371580217, 'P_half': 37.767506404007335, 'pre_dampen_half': 1.8491670906166722, 'gpp_af': 0.009908676473475242, 'gpp_b': 0.007981930014791165, 'gpp_d': 3.8526310503005208, 'ign_k': 5.350993438904893, 'ign_c': 11.285978257762093, 'trop_agb_crit': 2.1415277084099618, 'trop_k_veg': 7.297430110733593, 'pop_amp': 0.271230025415759, 'pop_peak': 36.26153310311361, 'pop_sig': 0.562217521371386}. Best is trial 1128 with value: -0.620386984093161.
[I 2026-08-20 01:20:50,121] Trial 2162 finished with value: 0.6097761368008716 and parameters: {'k1': 0.0005086198022059765, 'D_low': 13535.86941856283, 'k2': 3.462271673023115e-05, 'D_high': 3200155.1749826376, 'fire_exp': 1.0666017496594318, 'P_half': 809.7462194996502, 'pre_dampen_half': 151.73800036555795, 'gpp_af': 0.0015798084325508992, 'gpp_b': 3.971404897060232e-05, 'gpp_d': 7.417411362948816, 'ign_k': 0.2250394530546282, 'ign_c': 142.36299344941307, 'trop_agb_crit': 21.675154447326896, 'trop_k_veg': 4.17895934667123, 'pop_amp': 0.004587509519098031, 'pop_peak': 4.126943811968189, 'pop_sig': 0.8425449096781018}. Best is trial 1128 with value: -0.620386984093161.
[I 2026-08-20 01:20:51,707] Trial 2163 finished with value: 0.4994961562097491 and parameters: {'k1': 2.6114847835934815e-05, 'D_low': 376.675992817108, 'k2': 0.0002109606342621729, 'D_high': 2222271.271968582, 'fire_exp': 1.6698248891013416, 'P_half': 57.91007819722861, 'pre_dampen_half': 0.41117485878075555, 'gpp_af': 0.07540096684404712, 'gpp_b': 0.0001101188440251124, 'gpp_d': 779.6345912106785, 'ign_k': 8.919029663498828, 'ign_c': 3.921029064882163, 'trop_agb_crit': 10.287581985698763, 'trop_k_veg': 1.396882578315222, 'pop_amp': 0.00397994771310789, 'pop_peak': 66.10738406163306, 'pop_sig': 0.280252980997092}. Best is trial 1128 with value: -0.620386984093161.
[I 2026-08-20 01:20:53,280] Trial 2164 finished with value: 0.49684111698198263 and parameters: {'k1': 0.03980917321857101, 'D_low': 5.362084326035879, 'k2': 7.662512903916162e-05, 'D_high': 55027.727419711046, 'fire_exp': 2.3191642801276924, 'P_half': 14.343933252805273, 'pre_dampen_half': 1.009254300387311, 'gpp_af': 0.011528536962214538, 'gpp_b': 2.321736888060344e-05, 'gpp_d': 758.2452871828934, 'ign_k': 5.565882179023895, 'ign_c': 2.862197693363098, 'trop_agb_crit': 3.155610405489406, 'trop_k_veg': 2.4143537066608802, 'pop_amp': 0.0018406591974066155, 'pop_peak': 5.108390921567814, 'pop_sig': 0.8301142666260717}. Best is trial 1128 with value: -0.620386984093161.
[I 2026-08-20 01:20:54,872] Trial 2165 finished with value: 0.4047297546896319 and parameters: {'k1': 0.006424882774966589, 'D_low': 43.93077469581054, 'k2': 0.0015581788194671254, 'D_high': 1623203.6898644818, 'fire_exp': 1.170959454216475, 'P_half': 92.97652332031505, 'pre_dampen_half': 1.2572486083094494, 'gpp_af': 0.42173963417116545, 'gpp_b': 0.025910414401295268, 'gpp_d': 58.443792766572265, 'ign_k': 7.450484215711792, 'ign_c': 2.712830445606534, 'trop_agb_crit': 4.212105787880813, 'trop_k_veg': 2.914870951960119, 'pop_amp': 0.6843566881172789, 'pop_peak': 28.068139054314035, 'pop_sig': 0.7032662244091101}. Best is trial 1128 with value: -0.620386984093161.
[I 2026-08-20 01:20:56,407] Trial 2166 finished with value: 0.4606173615019794 and parameters: {'k1': 0.0012748158505988697, 'D_low': 27.573711819369915, 'k2': 2.559118408159764e-05, 'D_high': 1432636.8641474342, 'fire_exp': 3.0204535906014653, 'P_half': 31.012025991869105, 'pre_dampen_half': 1.0010237373765234, 'gpp_af': 0.02993652891818092, 'gpp_b': 8.910355308574489e-05, 'gpp_d': 302.55415391525804, 'ign_k': 0.7425192861327504, 'ign_c': 0.28131311763290273, 'trop_agb_crit': 4.183715523312181, 'trop_k_veg': 1.2937203288552905, 'pop_amp': 0.0012245338433847946, 'pop_peak': 72.7287500802003, 'pop_sig': 0.3432527332089775}. Best is trial 1128 with value: -0.620386984093161.
[I 2026-08-20 01:20:58,005] Trial 2167 finished with value: 0.46442748596609107 and parameters: {'k1': 0.0006576473788185581, 'D_low': 12.00876312035548, 'k2': 0.00027541890484879814, 'D_high': 8335718.571753115, 'fire_exp': 1.9556638064986611, 'P_half': 53.84227676304627, 'pre_dampen_half': 0.2698733129857857, 'gpp_af': 0.07323707639317842, 'gpp_b': 3.38124154927261e-05, 'gpp_d': 901.2717550280626, 'ign_k': 3.3372432003690244, 'ign_c': 7.856048557810923, 'trop_agb_crit': 29.776311534809775, 'trop_k_veg': 2.271001419496949, 'pop_amp': 0.0031986387449184023, 'pop_peak': 12.459752659733937, 'pop_sig': 0.2950257233112725}. Best is trial 1128 with value: -0.620386984093161.
[I 2026-08-20 01:20:59,541] Trial 2168 finished with value: 0.4147863935182896 and parameters: {'k1': 0.0006269200958071046, 'D_low': 312.8092546439375, 'k2': 0.014110589438107026, 'D_high': 1388935.7602705695, 'fire_exp': 3.7604352602045243, 'P_half': 2.799635087519502, 'pre_dampen_half': 0.7618560481668012, 'gpp_af': 0.2677466216547633, 'gpp_b': 0.0015981246714347301, 'gpp_d': 6.362535145258773, 'ign_k': 7.5321263157091485, 'ign_c': 8.005881310475742, 'trop_agb_crit': 1.5993528715228762, 'trop_k_veg': 6.227863141995602, 'pop_amp': 3.24062216061497, 'pop_peak': 5.351591046088633, 'pop_sig': 0.36779182794594456}. Best is trial 1128 with value: -0.620386984093161.
[I 2026-08-20 01:21:01,086] Trial 2169 finished with value: 0.5314535123727862 and parameters: {'k1': 0.00014525403486126894, 'D_low': 64.57170858026987, 'k2': 2.3608168980615824e-05, 'D_high': 1028784.2526311305, 'fire_exp': 3.6130347732346793, 'P_half': 26.682617858456904, 'pre_dampen_half': 3.5177866161176734, 'gpp_af': 0.0037011147972814506, 'gpp_b': 0.0005901573057395217, 'gpp_d': 7.216189260339508, 'ign_k': 6.308756628091555, 'ign_c': 8.697025580313094, 'trop_agb_crit': 10.66930564333349, 'trop_k_veg': 5.945475413965512, 'pop_amp': 0.001967944325403137, 'pop_peak': 2.893527168297451, 'pop_sig': 0.45737785464553704}. Best is trial 1128 with value: -0.620386984093161.
[I 2026-08-20 01:21:02,714] Trial 2170 finished with value: 0.6445374145881376 and parameters: {'k1': 3.063317522632195e-05, 'D_low': 597859.3254338261, 'k2': 6.297652712438764e-05, 'D_high': 344.1727869387315, 'fire_exp': 3.1077353361794686, 'P_half': 195.62904836168175, 'pre_dampen_half': 214.75007405268622, 'gpp_af': 2.6935346147754147, 'gpp_b': 0.0002256556615084814, 'gpp_d': 3.9360422868240716, 'ign_k': 0.5154349347089382, 'ign_c': 633.1905165774486, 'trop_agb_crit': 11.05928930758073, 'trop_k_veg': 1.3221942266721542, 'pop_amp': 0.011334198000238651, 'pop_peak': 22.405780316789482, 'pop_sig': 0.5685743450781714}. Best is trial 1128 with value: -0.620386984093161.
[I 2026-08-20 01:21:04,259] Trial 2171 finished with value: 0.6159526045870168 and parameters: {'k1': 0.00045645948408307055, 'D_low': 243.59163630144562, 'k2': 0.0003035023922558282, 'D_high': 378566.5799142956, 'fire_exp': 1.1014118161967175, 'P_half': 1602.0026008473337, 'pre_dampen_half': 30.07827430006077, 'gpp_af': 0.030515551481956667, 'gpp_b': 0.012015994259302975, 'gpp_d': 0.258615353862057, 'ign_k': 1.8721654064366413, 'ign_c': 2.0649789729056747, 'trop_agb_crit': 3.2631649991996294, 'trop_k_veg': 7.022535655246569, 'pop_amp': 18.516802972816905, 'pop_peak': 1.256359440857521, 'pop_sig': 1.090662456979735}. Best is trial 1128 with value: -0.620386984093161.
[I 2026-08-20 01:21:06,296] Trial 2172 finished with value: 0.6445374145881376 and parameters: {'k1': 3.843191397635669e-05, 'D_low': 7.93161651994196, 'k2': 0.010041820615749677, 'D_high': 1725018.4006591623, 'fire_exp': 1.586059929356558, 'P_half': 43.7812969617178, 'pre_dampen_half': 50.02928231428252, 'gpp_af': 0.003313494967986061, 'gpp_b': 2.0552524475075514e-05, 'gpp_d': 99.52497946002389, 'ign_k': 0.31063157713742956, 'ign_c': 471.52866686677214, 'trop_agb_crit': 2.533556113788626, 'trop_k_veg': 6.503763140645294, 'pop_amp': 0.0023168432365948113, 'pop_peak': 28.949022248707347, 'pop_sig': 0.3357337109721716}. Best is trial 1128 with value: -0.620386984093161.
[I 2026-08-20 01:21:07,863] Trial 2173 finished with value: 0.6026495852826339 and parameters: {'k1': 0.002135502898765234, 'D_low': 11.644861768613715, 'k2': 0.0011036637958156262, 'D_high': 1671407.1722024633, 'fire_exp': 1.7622212662317798, 'P_half': 5.9210906870010955, 'pre_dampen_half': 1.3564092309707074, 'gpp_af': 0.6812291350764668, 'gpp_b': 0.000439385714228354, 'gpp_d': 230.18857050649038, 'ign_k': 2.913882730291441, 'ign_c': 1.6279499067921348, 'trop_agb_crit': 1.0622819245565527, 'trop_k_veg': 7.8720970502757535, 'pop_amp': 13.078324879457039, 'pop_peak': 36.445705808001975, 'pop_sig': 0.350899921424755}. Best is trial 1128 with value: -0.620386984093161.
[I 2026-08-20 01:21:09,423] Trial 2174 finished with value: 0.6439834856116693 and parameters: {'k1': 9.296958845350787e-05, 'D_low': 52.97048002766942, 'k2': 0.0005992155928146454, 'D_high': 2445264.2868650346, 'fire_exp': 2.2081150840752772, 'P_half': 1186.4157778236518, 'pre_dampen_half': 891.2060688975242, 'gpp_af': 0.04330719701895726, 'gpp_b': 0.4327921106987106, 'gpp_d': 560.4692549057119, 'ign_k': 0.0014078659168138882, 'ign_c': 60.53563228327138, 'trop_agb_crit': 1.9282226155713593, 'trop_k_veg': 0.8435775399885516, 'pop_amp': 0.01977111490273938, 'pop_peak': 358.23540698414035, 'pop_sig': 2.3235311294941146}. Best is trial 1128 with value: -0.620386984093161.
[I 2026-08-20 01:21:10,988] Trial 2175 finished with value: 0.6445374145881376 and parameters: {'k1': 0.003879604394231508, 'D_low': 18.727242807569976, 'k2': 0.00027289884066156666, 'D_high': 97111.5754502973, 'fire_exp': 3.2590716569169165, 'P_half': 3.853830949521492, 'pre_dampen_half': 0.7064549629291403, 'gpp_af': 0.2920638861531013, 'gpp_b': 0.00013775008690510368, 'gpp_d': 16.342268026428087, 'ign_k': 9.991130403913832, 'ign_c': 146.768310630101, 'trop_agb_crit': 14.596609853916643, 'trop_k_veg': 2.397583062273069, 'pop_amp': 0.002674246773534366, 'pop_peak': 0.07747960166423877, 'pop_sig': 0.4694167340183536}. Best is trial 1128 with value: -0.620386984093161.
