[I 2026-08-06 03:15:54,464] Trial 924 finished with values: [10.144312026325446, 10.144312026325446] and parameters: {'k1': 0.0027015957920129437, 'D_low': 148.10800730363493, 'k2': 0.00015466641867531393, 'D_high': 21863.563449420166, 'fire_exp': 2.066761381010117, 'P_half': 25.255166452944085, 'pre_dampen_half': 66.7446265922751, 'gpp_af': 0.09145768948268033, 'gpp_b': 0.011750724729953272, 'gpp_d': 33.9790424311127, 'ign_k': 0.37424230019851973, 'ign_c': 11.77190025324203, 'gdp_gamma': 0.3862443158940324}.
[I 2026-08-06 03:15:55,693] Trial 925 finished with values: [10.757632355362418, 10.757632355362418] and parameters: {'k1': 0.07928164425547335, 'D_low': 148.10800730363493, 'k2': 0.02805807870333381, 'D_high': 35.11445258128688, 'fire_exp': 1.0881360604103363, 'P_half': 4.933751600448339, 'pre_dampen_half': 36.876350096203005, 'gpp_af': 0.09145768948268033, 'gpp_b': 0.02052499618703749, 'gpp_d': 331.7366635899375, 'ign_k': 0.37424230019851973, 'ign_c': 1.3894673469237204, 'gdp_gamma': 1.111857588744553}.
[I 2026-08-06 03:15:56,916] Trial 926 finished with values: [10.458857184750613, 10.458857184750613] and parameters: {'k1': 0.0027015957920129437, 'D_low': 1.1102341430568343, 'k2': 0.0008876620955487979, 'D_high': 2970.7920514735997, 'fire_exp': 2.066761381010117, 'P_half': 25.255166452944085, 'pre_dampen_half': 36.876350096203005, 'gpp_af': 0.8571213555597653, 'gpp_b': 0.004215504256370331, 'gpp_d': 0.20680586423631192, 'ign_k': 2.7728241828010627, 'ign_c': 6.807874826564585, 'gdp_gamma': 1.8068697350278546}.
[I 2026-08-06 03:15:58,101] Trial 927 finished with values: [10.083183178852103, 10.083183178852103] and parameters: {'k1': 0.003993031584056685, 'D_low': 148.10800730363493, 'k2': 0.00014001191914113747, 'D_high': 35.11445258128688, 'fire_exp': 1.0881360604103363, 'P_half': 4.933751600448339, 'pre_dampen_half': 36.876350096203005, 'gpp_af': 0.09145768948268033, 'gpp_b': 0.0030742893625766146, 'gpp_d': 10.931606102061748, 'ign_k': 0.002115412774188856, 'ign_c': 6.807874826564585, 'gdp_gamma': 0.559652086128564}.
[I 2026-08-06 03:15:59,288] Trial 928 finished with values: [10.559815692771348, 10.559815692771348] and parameters: {'k1': 0.0030285741098956273, 'D_low': 1.1102341430568343, 'k2': 0.0007492772870670282, 'D_high': 35.11445258128688, 'fire_exp': 2.066761381010117, 'P_half': 4.933751600448339, 'pre_dampen_half': 66.7446265922751, 'gpp_af': 0.09145768948268033, 'gpp_b': 0.011750724729953272, 'gpp_d': 331.7366635899375, 'ign_k': 0.37424230019851973, 'ign_c': 11.77190025324203, 'gdp_gamma': 0.559652086128564}.
[I 2026-08-06 03:16:00,552] Trial 929 finished with values: [10.76923076903347, 10.76923076903347] and parameters: {'k1': 0.07928164425547335, 'D_low': 148.10800730363493, 'k2': 0.0007081721844034209, 'D_high': 35.11445258128688, 'fire_exp': 1.0881360604103363, 'P_half': 10.226988730324324, 'pre_dampen_half': 295.77017161212655, 'gpp_af': 3.253305539860196, 'gpp_b': 0.004597283814159352, 'gpp_d': 10.746441744380329, 'ign_k': 0.37424230019851973, 'ign_c': 114.61440484920205, 'gdp_gamma': 0.559652086128564}.
[I 2026-08-06 03:16:01,751] Trial 930 finished with values: [-0.5941378831953017, 0.07735352097250758] and parameters: {'k1': 0.0030285741098956273, 'D_low': 490.2396944106614, 'k2': 0.0007081721844034209, 'D_high': 2970.7920514735997, 'fire_exp': 1.0881360604103363, 'P_half': 25.255166452944085, 'pre_dampen_half': 8.904067307938409, 'gpp_af': 0.05391752791214327, 'gpp_b': 0.004597283814159352, 'gpp_d': 33.9790424311127, 'ign_k': 0.37424230019851973, 'ign_c': 0.6615437365561385, 'gdp_gamma': 1.8068697350278546}.
[I 2026-08-06 03:16:02,935] Trial 931 finished with values: [10.268514476881563, 10.268514476881563] and parameters: {'k1': 0.0030285741098956273, 'D_low': 376.7022142229396, 'k2': 0.0007492772870670282, 'D_high': 35.11445258128688, 'fire_exp': 1.0881360604103363, 'P_half': 25.255166452944085, 'pre_dampen_half': 36.876350096203005, 'gpp_af': 0.09145768948268033, 'gpp_b': 0.00011195197602511399, 'gpp_d': 33.9790424311127, 'ign_k': 0.37424230019851973, 'ign_c': 1.3894673469237204, 'gdp_gamma': 0.0456021893155335}.
[I 2026-08-06 03:16:04,151] Trial 932 finished with values: [10.549745393613012, 10.549745393613012] and parameters: {'k1': 2.9394634586259703e-05, 'D_low': 376.7022142229396, 'k2': 0.0007081721844034209, 'D_high': 2970.7920514735997, 'fire_exp': 1.0881360604103363, 'P_half': 251.23618639978196, 'pre_dampen_half': 8.904067307938409, 'gpp_af': 0.09145768948268033, 'gpp_b': 0.02052499618703749, 'gpp_d': 331.7366635899375, 'ign_k': 0.038791280730284435, 'ign_c': 0.6615437365561385, 'gdp_gamma': 0.020701347366519376}.
[I 2026-08-06 03:16:05,402] Trial 933 finished with values: [10.063170198707779, 10.063170198707779] and parameters: {'k1': 0.0002191739661157602, 'D_low': 29.89885508829526, 'k2': 7.639737756882014e-05, 'D_high': 35.11445258128688, 'fire_exp': 1.0881360604103363, 'P_half': 1.2765717873951687, 'pre_dampen_half': 8.904067307938409, 'gpp_af': 0.05391752791214327, 'gpp_b': 0.0012070331879029856, 'gpp_d': 48.69745226446181, 'ign_k': 1.5198469040509608, 'ign_c': 0.6615437365561385, 'gdp_gamma': 0.7366679513906507}.
[I 2026-08-06 03:16:06,633] Trial 934 finished with values: [10.30315466514972, 10.30315466514972] and parameters: {'k1': 3.850312405984754e-05, 'D_low': 29.89885508829526, 'k2': 0.00015466641867531393, 'D_high': 35.11445258128688, 'fire_exp': 1.0881360604103363, 'P_half': 29.52145029390025, 'pre_dampen_half': 129.7187644086357, 'gpp_af': 0.0012335674846568603, 'gpp_b': 0.004215504256370331, 'gpp_d': 33.9790424311127, 'ign_k': 0.37424230019851973, 'ign_c': 1.3894673469237204, 'gdp_gamma': 0.7366679513906507}.
[I 2026-08-06 03:16:07,928] Trial 935 finished with values: [-0.6111031843233268, 0.14684810323991315] and parameters: {'k1': 0.0002191739661157602, 'D_low': 29.89885508829526, 'k2': 0.00014001191914113747, 'D_high': 35.11445258128688, 'fire_exp': 1.0881360604103363, 'P_half': 1.2765717873951687, 'pre_dampen_half': 36.876350096203005, 'gpp_af': 0.05391752791214327, 'gpp_b': 0.004597283814159352, 'gpp_d': 331.7366635899375, 'ign_k': 1.5198469040509608, 'ign_c': 6.807874826564585, 'gdp_gamma': 1.8068697350278546}.
[I 2026-08-06 03:16:09,134] Trial 936 finished with values: [10.168381235406448, 10.168381235406448] and parameters: {'k1': 0.0030285741098956273, 'D_low': 1.873653322520581, 'k2': 1.2683748668681242e-05, 'D_high': 13.670484737132345, 'fire_exp': 1.4322493718230251, 'P_half': 25.255166452944085, 'pre_dampen_half': 36.876350096203005, 'gpp_af': 0.09145768948268033, 'gpp_b': 2.760453806101824e-05, 'gpp_d': 10.931606102061748, 'ign_k': 0.37424230019851973, 'ign_c': 0.3472683124638333, 'gdp_gamma': 0.7366679513906507}.
[I 2026-08-06 03:16:10,390] Trial 937 finished with values: [-0.6063424693099083, 0.0787497111198383] and parameters: {'k1': 0.0030285741098956273, 'D_low': 376.7022142229396, 'k2': 0.07119679541167405, 'D_high': 2842.140588732084, 'fire_exp': 1.0881360604103363, 'P_half': 1.2765717873951687, 'pre_dampen_half': 5.593036834117395, 'gpp_af': 0.09145768948268033, 'gpp_b': 0.004597283814159352, 'gpp_d': 34.70266988650411, 'ign_k': 0.37424230019851973, 'ign_c': 0.6615437365561385, 'gdp_gamma': 1.8068697350278546}.
[I 2026-08-06 03:16:11,632] Trial 938 finished with values: [10.258623909319155, 10.258623909319155] and parameters: {'k1': 2.9394634586259703e-05, 'D_low': 490.2396944106614, 'k2': 0.0007081721844034209, 'D_high': 2970.7920514735997, 'fire_exp': 1.0340574447037933, 'P_half': 251.23618639978196, 'pre_dampen_half': 36.876350096203005, 'gpp_af': 0.05391752791214327, 'gpp_b': 0.004597283814159352, 'gpp_d': 33.9790424311127, 'ign_k': 0.37424230019851973, 'ign_c': 11.77190025324203, 'gdp_gamma': 1.8068697350278546}.
[I 2026-08-06 03:16:12,825] Trial 939 finished with values: [10.435364083978854, 10.435364083978854] and parameters: {'k1': 0.0030285741098956273, 'D_low': 376.7022142229396, 'k2': 0.00014001191914113747, 'D_high': 72994.24898595572, 'fire_exp': 2.066761381010117, 'P_half': 25.255166452944085, 'pre_dampen_half': 36.876350096203005, 'gpp_af': 0.09145768948268033, 'gpp_b': 0.004215504256370331, 'gpp_d': 331.7366635899375, 'ign_k': 0.37424230019851973, 'ign_c': 11.77190025324203, 'gdp_gamma': 0.026772471777873414}.
[I 2026-08-06 03:16:14,002] Trial 940 finished with values: [-0.6199376214716553, 0.13516889931271636] and parameters: {'k1': 0.0030285741098956273, 'D_low': 376.7022142229396, 'k2': 0.0007081721844034209, 'D_high': 2970.7920514735997, 'fire_exp': 1.0881360604103363, 'P_half': 35.828811741825064, 'pre_dampen_half': 8.904067307938409, 'gpp_af': 3.253305539860196, 'gpp_b': 0.02052499618703749, 'gpp_d': 33.9790424311127, 'ign_k': 2.7728241828010627, 'ign_c': 0.6615437365561385, 'gdp_gamma': 1.8068697350278546}.
[I 2026-08-06 03:16:15,552] Trial 941 finished with values: [10.761946305263669, 10.761946305263669] and parameters: {'k1': 2.9394634586259703e-05, 'D_low': 376.7022142229396, 'k2': 0.00017671138565264363, 'D_high': 2970.7920514735997, 'fire_exp': 3.2073168274988224, 'P_half': 251.23618639978196, 'pre_dampen_half': 8.904067307938409, 'gpp_af': 0.09145768948268033, 'gpp_b': 0.0005623095666134974, 'gpp_d': 33.9790424311127, 'ign_k': 0.038791280730284435, 'ign_c': 0.6615437365561385, 'gdp_gamma': 1.8068697350278546}.
[I 2026-08-06 03:16:16,816] Trial 942 finished with values: [-0.5890070541029575, 0.13910216346958426] and parameters: {'k1': 0.0030285741098956273, 'D_low': 376.7022142229396, 'k2': 0.03820259936390116, 'D_high': 2970.7920514735997, 'fire_exp': 1.4322493718230251, 'P_half': 25.255166452944085, 'pre_dampen_half': 36.876350096203005, 'gpp_af': 0.09145768948268033, 'gpp_b': 2.760453806101824e-05, 'gpp_d': 331.7366635899375, 'ign_k': 0.038791280730284435, 'ign_c': 11.77190025324203, 'gdp_gamma': 0.7366679513906507}.
[I 2026-08-06 03:16:18,011] Trial 943 finished with values: [10.155438838950069, 10.155438838950069] and parameters: {'k1': 0.0005728576993995054, 'D_low': 2.6464197991178366, 'k2': 0.0007081721844034209, 'D_high': 2970.7920514735997, 'fire_exp': 1.0881360604103363, 'P_half': 25.255166452944085, 'pre_dampen_half': 16.000427026370822, 'gpp_af': 0.05391752791214327, 'gpp_b': 0.004597283814159352, 'gpp_d': 33.9790424311127, 'ign_k': 0.37424230019851973, 'ign_c': 0.7313962512403624, 'gdp_gamma': 1.8068697350278546}.
[I 2026-08-06 03:16:19,214] Trial 944 finished with values: [-0.5916564356060813, 0.09338310600142896] and parameters: {'k1': 0.0002191739661157602, 'D_low': 376.7022142229396, 'k2': 0.0007492772870670282, 'D_high': 28975.337521324145, 'fire_exp': 1.0881360604103363, 'P_half': 10.226988730324324, 'pre_dampen_half': 8.904067307938409, 'gpp_af': 0.09145768948268033, 'gpp_b': 0.04013894931877851, 'gpp_d': 33.9790424311127, 'ign_k': 0.30085124952869957, 'ign_c': 6.807874826564585, 'gdp_gamma': 1.8068697350278546}.
[I 2026-08-06 03:16:20,449] Trial 945 finished with values: [10.245452260377453, 10.245452260377453] and parameters: {'k1': 0.00031489116479568613, 'D_low': 3.7322156377670694, 'k2': 0.007519407491506672, 'D_high': 2970.7920514735997, 'fire_exp': 1.4322493718230251, 'P_half': 1.2765717873951687, 'pre_dampen_half': 36.876350096203005, 'gpp_af': 0.05391752791214327, 'gpp_b': 0.0030742893625766146, 'gpp_d': 34.70266988650411, 'ign_k': 0.019830561549555963, 'ign_c': 39.884519981353144, 'gdp_gamma': 0.8585865290142173}.
[I 2026-08-06 03:16:21,713] Trial 946 finished with values: [10.694672576525113, 10.694672576525113] and parameters: {'k1': 2.9394634586259703e-05, 'D_low': 376.7022142229396, 'k2': 0.03820259936390116, 'D_high': 35.11445258128688, 'fire_exp': 1.0881360604103363, 'P_half': 251.23618639978196, 'pre_dampen_half': 8.904067307938409, 'gpp_af': 0.09145768948268033, 'gpp_b': 0.0005623095666134974, 'gpp_d': 331.7366635899375, 'ign_k': 0.37424230019851973, 'ign_c': 0.40560136931831725, 'gdp_gamma': 0.0015941051297264125}.
[I 2026-08-06 03:16:22,937] Trial 947 finished with values: [10.62419974674147, 10.62419974674147] and parameters: {'k1': 0.03313724129972938, 'D_low': 1327.5361137191958, 'k2': 0.00020222983754231334, 'D_high': 35.11445258128688, 'fire_exp': 1.0881360604103363, 'P_half': 1.2765717873951687, 'pre_dampen_half': 36.876350096203005, 'gpp_af': 0.09145768948268033, 'gpp_b': 0.0030742893625766146, 'gpp_d': 10.931606102061748, 'ign_k': 0.37424230019851973, 'ign_c': 11.77190025324203, 'gdp_gamma': 0.3862443158940324}.
[I 2026-08-06 03:16:24,157] Trial 948 finished with values: [10.646563117330192, 10.646563117330192] and parameters: {'k1': 0.0030285741098956273, 'D_low': 376.7022142229396, 'k2': 0.0007081721844034209, 'D_high': 35.11445258128688, 'fire_exp': 1.0881360604103363, 'P_half': 10.226988730324324, 'pre_dampen_half': 1.9906830511569307, 'gpp_af': 0.09145768948268033, 'gpp_b': 0.02052499618703749, 'gpp_d': 33.9790424311127, 'ign_k': 0.0017086581483996583, 'ign_c': 1.3894673469237204, 'gdp_gamma': 1.8068697350278546}.
[I 2026-08-06 03:16:25,371] Trial 949 finished with values: [10.183175567509776, 10.183175567509776] and parameters: {'k1': 0.0002191739661157602, 'D_low': 29.89885508829526, 'k2': 0.0007081721844034209, 'D_high': 95381.746127132, 'fire_exp': 1.5191397119156032, 'P_half': 1.2765717873951687, 'pre_dampen_half': 36.876350096203005, 'gpp_af': 0.09145768948268033, 'gpp_b': 0.0012070331879029856, 'gpp_d': 48.69745226446181, 'ign_k': 9.226223582279749, 'ign_c': 6.807874826564585, 'gdp_gamma': 0.7366679513906507}.
[I 2026-08-06 03:16:26,631] Trial 950 finished with values: [-0.5590902101663068, 0.19475268355960063] and parameters: {'k1': 2.9394634586259703e-05, 'D_low': 148.10800730363493, 'k2': 0.007519407491506672, 'D_high': 21863.563449420166, 'fire_exp': 1.2621840161507252, 'P_half': 2.1698375693549488, 'pre_dampen_half': 36.876350096203005, 'gpp_af': 0.0019449247591399354, 'gpp_b': 3.481277316673104e-05, 'gpp_d': 34.70266988650411, 'ign_k': 0.37424230019851973, 'ign_c': 6.807874826564585, 'gdp_gamma': 0.19693918598558546}.
[I 2026-08-06 03:16:27,837] Trial 951 finished with values: [10.927529101033574, 10.927529101033574] and parameters: {'k1': 0.0030285741098956273, 'D_low': 1.1102341430568343, 'k2': 0.08604303107293021, 'D_high': 2842.140588732084, 'fire_exp': 1.173339909255743, 'P_half': 1.2765717873951687, 'pre_dampen_half': 36.876350096203005, 'gpp_af': 0.03278247809782536, 'gpp_b': 0.004215504256370331, 'gpp_d': 34.70266988650411, 'ign_k': 0.37424230019851973, 'ign_c': 0.9580682294110432, 'gdp_gamma': 1.8068697350278546}.
[I 2026-08-06 03:16:29,043] Trial 952 finished with values: [-0.575498602322672, 0.07495078923258203] and parameters: {'k1': 0.0030285741098956273, 'D_low': 376.7022142229396, 'k2': 0.0007081721844034209, 'D_high': 35.11445258128688, 'fire_exp': 1.0881360604103363, 'P_half': 10.226988730324324, 'pre_dampen_half': 36.876350096203005, 'gpp_af': 0.09145768948268033, 'gpp_b': 0.02052499618703749, 'gpp_d': 33.9790424311127, 'ign_k': 0.37424230019851973, 'ign_c': 1.3894673469237204, 'gdp_gamma': 1.8068697350278546}.
[I 2026-08-06 03:16:30,243] Trial 953 finished with values: [-0.60815592356866, 0.14976792764585012] and parameters: {'k1': 9.051497105326673e-05, 'D_low': 376.7022142229396, 'k2': 0.03820259936390116, 'D_high': 2970.7920514735997, 'fire_exp': 1.0340574447037933, 'P_half': 2.1698375693549488, 'pre_dampen_half': 8.904067307938409, 'gpp_af': 0.05391752791214327, 'gpp_b': 7.136679805483558e-05, 'gpp_d': 33.9790424311127, 'ign_k': 0.038791280730284435, 'ign_c': 22.126836566118193, 'gdp_gamma': 1.8068697350278546}.
[I 2026-08-06 03:16:31,468] Trial 954 finished with values: [10.251785193186873, 10.251785193186873] and parameters: {'k1': 0.0030285741098956273, 'D_low': 148.10800730363493, 'k2': 3.058720245657158e-05, 'D_high': 163.3430235367738, 'fire_exp': 1.0881360604103363, 'P_half': 2.1698375693549488, 'pre_dampen_half': 36.876350096203005, 'gpp_af': 0.05391752791214327, 'gpp_b': 0.011750724729953272, 'gpp_d': 33.9790424311127, 'ign_k': 0.37424230019851973, 'ign_c': 22.126836566118193, 'gdp_gamma': 0.559652086128564}.
[I 2026-08-06 03:16:32,704] Trial 955 finished with values: [10.286443448999691, 10.286443448999691] and parameters: {'k1': 0.0027015957920129437, 'D_low': 1.1102341430568343, 'k2': 0.0007081721844034209, 'D_high': 35.11445258128688, 'fire_exp': 1.0881360604103363, 'P_half': 25.255166452944085, 'pre_dampen_half': 66.7446265922751, 'gpp_af': 0.05391752791214327, 'gpp_b': 0.004215504256370331, 'gpp_d': 33.9790424311127, 'ign_k': 0.37424230019851973, 'ign_c': 6.807874826564585, 'gdp_gamma': 1.8068697350278546}.
[I 2026-08-06 03:16:33,888] Trial 956 finished with values: [10.39731300111504, 10.39731300111504] and parameters: {'k1': 0.07579633113316123, 'D_low': 30.956657914928517, 'k2': 0.0007081721844034209, 'D_high': 2970.7920514735997, 'fire_exp': 1.0881360604103363, 'P_half': 37.15131799947327, 'pre_dampen_half': 36.876350096203005, 'gpp_af': 0.002311080279955305, 'gpp_b': 0.02052499618703749, 'gpp_d': 48.69745226446181, 'ign_k': 0.37424230019851973, 'ign_c': 0.6615437365561385, 'gdp_gamma': 1.8068697350278546}.
[I 2026-08-06 03:16:35,106] Trial 957 finished with values: [10.288891557615672, 10.288891557615672] and parameters: {'k1': 2.9394634586259703e-05, 'D_low': 376.7022142229396, 'k2': 0.0007081721844034209, 'D_high': 21863.563449420166, 'fire_exp': 1.173339909255743, 'P_half': 10.226988730324324, 'pre_dampen_half': 38.724768330732324, 'gpp_af': 0.05391752791214327, 'gpp_b': 0.02052499618703749, 'gpp_d': 34.70266988650411, 'ign_k': 1.833717796770998, 'ign_c': 6.807874826564585, 'gdp_gamma': 1.8068697350278546}.
[I 2026-08-06 03:16:36,643] Trial 958 finished with values: [10.721150236667983, 10.721150236667983] and parameters: {'k1': 0.0030285741098956273, 'D_low': 376.7022142229396, 'k2': 0.0007081721844034209, 'D_high': 35.11445258128688, 'fire_exp': 1.0881360604103363, 'P_half': 25.255166452944085, 'pre_dampen_half': 0.03200582711952312, 'gpp_af': 0.09145768948268033, 'gpp_b': 0.02052499618703749, 'gpp_d': 33.9790424311127, 'ign_k': 2.7728241828010627, 'ign_c': 0.6615437365561385, 'gdp_gamma': 1.8068697350278546}.
[I 2026-08-06 03:16:37,907] Trial 959 finished with values: [10.186620674624956, 10.186620674624956] and parameters: {'k1': 2.9394634586259703e-05, 'D_low': 490.2396944106614, 'k2': 0.007519407491506672, 'D_high': 21863.563449420166, 'fire_exp': 1.0881360604103363, 'P_half': 587.0098202978041, 'pre_dampen_half': 36.876350096203005, 'gpp_af': 0.05391752791214327, 'gpp_b': 0.004597283814159352, 'gpp_d': 10.931606102061748, 'ign_k': 0.37424230019851973, 'ign_c': 4.135816738916683, 'gdp_gamma': 1.351676663316814}.
[I 2026-08-06 03:16:39,121] Trial 960 finished with values: [-0.5968620196364303, 0.12594257141357856] and parameters: {'k1': 0.0030285741098956273, 'D_low': 376.7022142229396, 'k2': 0.0007081721844034209, 'D_high': 35.11445258128688, 'fire_exp': 1.0881360604103363, 'P_half': 25.255166452944085, 'pre_dampen_half': 295.77017161212655, 'gpp_af': 0.05391752791214327, 'gpp_b': 0.004597283814159352, 'gpp_d': 33.9790424311127, 'ign_k': 0.37424230019851973, 'ign_c': 6.807874826564585, 'gdp_gamma': 0.559652086128564}.
[I 2026-08-06 03:16:40,305] Trial 961 finished with values: [10.149160628608223, 10.149160628608223] and parameters: {'k1': 0.0030285741098956273, 'D_low': 376.7022142229396, 'k2': 0.0007081721844034209, 'D_high': 2842.140588732084, 'fire_exp': 1.0881360604103363, 'P_half': 10.226988730324324, 'pre_dampen_half': 38.724768330732324, 'gpp_af': 0.09145768948268033, 'gpp_b': 0.02052499618703749, 'gpp_d': 34.70266988650411, 'ign_k': 9.226223582279749, 'ign_c': 1.3894673469237204, 'gdp_gamma': 1.8068697350278546}.
[I 2026-08-06 03:16:41,504] Trial 962 finished with values: [10.282588891936363, 10.282588891936363] and parameters: {'k1': 0.03313724129972938, 'D_low': 148.10800730363493, 'k2': 0.0007081721844034209, 'D_high': 35.11445258128688, 'fire_exp': 1.1542285119722873, 'P_half': 35.828811741825064, 'pre_dampen_half': 8.904067307938409, 'gpp_af': 0.35246065238954877, 'gpp_b': 0.0030742893625766146, 'gpp_d': 10.931606102061748, 'ign_k': 0.37424230019851973, 'ign_c': 0.21948188038908775, 'gdp_gamma': 0.559652086128564}.
[I 2026-08-06 03:16:42,750] Trial 963 finished with values: [10.708117999455332, 10.708117999455332] and parameters: {'k1': 0.03313724129972938, 'D_low': 30.956657914928517, 'k2': 0.09700350245893927, 'D_high': 35.11445258128688, 'fire_exp': 1.0881360604103363, 'P_half': 35.828811741825064, 'pre_dampen_half': 36.876350096203005, 'gpp_af': 0.09145768948268033, 'gpp_b': 0.7652822088380072, 'gpp_d': 10.931606102061748, 'ign_k': 0.37424230019851973, 'ign_c': 6.807874826564585, 'gdp_gamma': 1.8068697350278546}.
[I 2026-08-06 03:16:43,981] Trial 964 finished with values: [10.14538568964523, 10.14538568964523] and parameters: {'k1': 0.0030285741098956273, 'D_low': 254.94545883297096, 'k2': 0.002889866315885879, 'D_high': 35.11445258128688, 'fire_exp': 1.0881360604103363, 'P_half': 25.255166452944085, 'pre_dampen_half': 36.876350096203005, 'gpp_af': 0.03398349989085534, 'gpp_b': 0.004597283814159352, 'gpp_d': 124.72235343584714, 'ign_k': 0.37424230019851973, 'ign_c': 11.77190025324203, 'gdp_gamma': 1.8068697350278546}.
[I 2026-08-06 03:16:45,183] Trial 965 finished with values: [10.550496160810162, 10.550496160810162] and parameters: {'k1': 2.9394634586259703e-05, 'D_low': 148.10800730363493, 'k2': 4.484744524732793e-05, 'D_high': 35.11445258128688, 'fire_exp': 1.0881360604103363, 'P_half': 313.0281144106863, 'pre_dampen_half': 4.317251206640923, 'gpp_af': 0.05391752791214327, 'gpp_b': 0.004215504256370331, 'gpp_d': 331.7366635899375, 'ign_k': 0.37424230019851973, 'ign_c': 22.126836566118193, 'gdp_gamma': 1.8068697350278546}.
