[I 2026-08-20 00:09:35,501] Trial 226 finished with value: -0.583010576093549 and parameters: {'k1': 0.00038168833941799646, 'D_low': 8049.450788418438, 'k2': 0.07615494861487683, 'D_high': 382141.9315186631, 'fire_exp': 1.8161229127141896, 'P_half': 5.045280342763835, 'pre_dampen_half': 24.008137932684694, 'gpp_af': 0.4917478694964049, 'gpp_b': 0.00948938771923089, 'gpp_d': 54.81386766547395, 'ign_k': 0.13806945329176146, 'ign_c': 0.13496206782464953, 'trop_agb_crit': 22.19105827274029, 'trop_k_veg': 4.339216646142642}. Best is trial 0 with value: -0.5989088506199346.
[I 2026-08-20 00:09:38,097] Trial 227 finished with value: 0.6445374145881376 and parameters: {'k1': 0.0006198679256304538, 'D_low': 106377.31090502442, 'k2': 0.07220279130217029, 'D_high': 10083.523930673065, 'fire_exp': 2.231670012985577, 'P_half': 1.9367447931710113, 'pre_dampen_half': 33.84025769622717, 'gpp_af': 2.42181064641564, 'gpp_b': 0.008198893215597426, 'gpp_d': 275.34757990768765, 'ign_k': 0.2784044655483034, 'ign_c': 3.239669106042147, 'trop_agb_crit': 11.025971250643245, 'trop_k_veg': 5.19007678000327}. Best is trial 0 with value: -0.5989088506199346.
[I 2026-08-20 00:09:40,452] Trial 228 finished with value: -0.5785517589528539 and parameters: {'k1': 0.0001006959885622463, 'D_low': 5781.962327845281, 'k2': 0.005475037736816283, 'D_high': 1202895.3183490578, 'fire_exp': 1.9162707980247924, 'P_half': 2.28361147228525, 'pre_dampen_half': 23.587803681227985, 'gpp_af': 0.11190831626799448, 'gpp_b': 0.006590111963403486, 'gpp_d': 79.97687770572327, 'ign_k': 0.1876006574134047, 'ign_c': 0.33287384728937947, 'trop_agb_crit': 10.31667550761774, 'trop_k_veg': 3.7171767701047096}. Best is trial 0 with value: -0.5989088506199346.
[I 2026-08-20 00:09:42,936] Trial 229 finished with value: 0.5860851935695915 and parameters: {'k1': 0.0018703769727960746, 'D_low': 3879.116729037865, 'k2': 0.04602814823523967, 'D_high': 98507.12789034487, 'fire_exp': 2.003724486844999, 'P_half': 1450.8790384668666, 'pre_dampen_half': 229.67067145688387, 'gpp_af': 0.9678526831253913, 'gpp_b': 1.4261835903369341e-05, 'gpp_d': 56.76681022562574, 'ign_k': 0.0273937541626337, 'ign_c': 0.37346571253186933, 'trop_agb_crit': 20.023662832016484, 'trop_k_veg': 3.9122719783959328}. Best is trial 0 with value: -0.5989088506199346.
[I 2026-08-20 00:09:45,311] Trial 230 finished with value: 0.5836360499450433 and parameters: {'k1': 0.0004057830618792273, 'D_low': 26019.16380997849, 'k2': 0.054044555978964, 'D_high': 181600.5810342451, 'fire_exp': 1.271999819799788, 'P_half': 45.34758513386407, 'pre_dampen_half': 4.497762373506266, 'gpp_af': 0.10449048719723766, 'gpp_b': 0.06743224117512102, 'gpp_d': 56.215324706680036, 'ign_k': 0.573125653066509, 'ign_c': 0.4076564431835204, 'trop_agb_crit': 13.37086658660516, 'trop_k_veg': 5.553471787055174}. Best is trial 0 with value: -0.5989088506199346.
[I 2026-08-20 00:09:47,836] Trial 231 finished with value: 0.591180440332155 and parameters: {'k1': 0.041732062172731337, 'D_low': 144.6272970967367, 'k2': 0.051980262953849596, 'D_high': 19430.983999268778, 'fire_exp': 2.0653654324373623, 'P_half': 9.550228109427135, 'pre_dampen_half': 189.59546460930716, 'gpp_af': 0.05308233163442303, 'gpp_b': 4.350986817891799e-05, 'gpp_d': 75.89116852125925, 'ign_k': 0.010559240767215825, 'ign_c': 83.20662241884372, 'trop_agb_crit': 1.1132493735700555, 'trop_k_veg': 5.213932095310219}. Best is trial 0 with value: -0.5989088506199346.
[I 2026-08-20 00:09:50,331] Trial 232 finished with value: 0.5766838273031335 and parameters: {'k1': 1.893239249803509e-05, 'D_low': 50003.82636546041, 'k2': 0.011945060840743907, 'D_high': 354518.746799343, 'fire_exp': 2.098513203259493, 'P_half': 2.2604402233008187, 'pre_dampen_half': 9.48373616678585, 'gpp_af': 0.010796349485931896, 'gpp_b': 0.003283955126937321, 'gpp_d': 2.758923830143085, 'ign_k': 0.04384997902977574, 'ign_c': 2.578477171487888, 'trop_agb_crit': 9.03229706829869, 'trop_k_veg': 3.898895096813194}. Best is trial 0 with value: -0.5989088506199346.
[I 2026-08-20 00:09:52,924] Trial 233 finished with value: 0.42108973024214535 and parameters: {'k1': 0.0001951493988243153, 'D_low': 7237.048149044397, 'k2': 0.008482419322201448, 'D_high': 7475756.959952439, 'fire_exp': 1.6574682759504178, 'P_half': 3.039984227433078, 'pre_dampen_half': 3.24981912226844, 'gpp_af': 1.1970487303646524, 'gpp_b': 0.0018732804808956408, 'gpp_d': 228.53406411019503, 'ign_k': 3.081579477436787, 'ign_c': 0.31974073490912824, 'trop_agb_crit': 7.948067367689523, 'trop_k_veg': 3.465610931169985}. Best is trial 0 with value: -0.5989088506199346.
[I 2026-08-20 00:09:55,524] Trial 234 finished with value: -0.45259744945322156 and parameters: {'k1': 0.058341660246635965, 'D_low': 15.207393676813915, 'k2': 0.000916611074161885, 'D_high': 166141.65925115714, 'fire_exp': 1.3295047613347895, 'P_half': 48.82180921674087, 'pre_dampen_half': 32.33608000081244, 'gpp_af': 17.583074166349252, 'gpp_b': 0.0005158732009056604, 'gpp_d': 29.77018437499019, 'ign_k': 0.024668767909981733, 'ign_c': 51.807348320118514, 'trop_agb_crit': 3.777792490820602, 'trop_k_veg': 6.287349484156619}. Best is trial 0 with value: -0.5989088506199346.
[I 2026-08-20 00:09:58,183] Trial 235 finished with value: 0.5760743222407065 and parameters: {'k1': 0.004596678969515504, 'D_low': 33086.46187673967, 'k2': 0.08089452062959239, 'D_high': 825343.1909338855, 'fire_exp': 3.0372750536533473, 'P_half': 10.956211765364381, 'pre_dampen_half': 1.6603057289871312, 'gpp_af': 0.22691340194967585, 'gpp_b': 0.0032586500567695887, 'gpp_d': 134.33074631267516, 'ign_k': 0.11004059509518735, 'ign_c': 0.1760109606017081, 'trop_agb_crit': 27.95193100015524, 'trop_k_veg': 3.327455918473588}. Best is trial 0 with value: -0.5989088506199346.
[I 2026-08-20 00:10:00,671] Trial 236 finished with value: 0.5272716006327002 and parameters: {'k1': 0.07156106163478149, 'D_low': 45.511076217115225, 'k2': 0.0018402280777800302, 'D_high': 504062.1055622614, 'fire_exp': 1.064938239002949, 'P_half': 56.35167875987111, 'pre_dampen_half': 57.567298437645796, 'gpp_af': 0.13541632916461527, 'gpp_b': 0.0006190911107024178, 'gpp_d': 881.789565096358, 'ign_k': 0.019555002457939716, 'ign_c': 99.75181155995615, 'trop_agb_crit': 2.1887343567414783, 'trop_k_veg': 3.9153938105756674}. Best is trial 0 with value: -0.5989088506199346.
[I 2026-08-20 00:10:03,446] Trial 237 finished with value: 0.6043607772077759 and parameters: {'k1': 0.012268389829162585, 'D_low': 35303.797308198526, 'k2': 0.03630345850138717, 'D_high': 5903108.746829053, 'fire_exp': 2.0060244257324316, 'P_half': 57.55153294551933, 'pre_dampen_half': 858.7859008582624, 'gpp_af': 0.010251530509530213, 'gpp_b': 7.34134573425098e-05, 'gpp_d': 351.11432980474893, 'ign_k': 0.01372999836289044, 'ign_c': 51.68925019597036, 'trop_agb_crit': 1.5261157969778398, 'trop_k_veg': 6.571018853345266}. Best is trial 0 with value: -0.5989088506199346.
[I 2026-08-20 00:10:05,883] Trial 238 finished with value: -0.48465730287524594 and parameters: {'k1': 6.421843113164674e-05, 'D_low': 3569.541712640308, 'k2': 0.0036075390374153463, 'D_high': 1751612.4900524009, 'fire_exp': 1.1296924570699016, 'P_half': 1.539368155531844, 'pre_dampen_half': 237.80592947997292, 'gpp_af': 0.013556622563998139, 'gpp_b': 0.016577096629775166, 'gpp_d': 119.23457463577347, 'ign_k': 0.09709584066613751, 'ign_c': 2.7536207396631407, 'trop_agb_crit': 5.729803996205052, 'trop_k_veg': 2.6628117422445228}. Best is trial 0 with value: -0.5989088506199346.
[I 2026-08-20 00:10:08,439] Trial 239 finished with value: 0.6095452506685083 and parameters: {'k1': 0.02584868499276221, 'D_low': 143360.99146920332, 'k2': 0.036907597990405994, 'D_high': 9995674.173659243, 'fire_exp': 2.5481271239272103, 'P_half': 272.9082823789273, 'pre_dampen_half': 639.7985445096862, 'gpp_af': 4.931075916559586, 'gpp_b': 0.00110199126623302, 'gpp_d': 3.9587368698169265, 'ign_k': 6.117863916931775, 'ign_c': 1.0060710352411275, 'trop_agb_crit': 5.115064967410213, 'trop_k_veg': 3.462385608384219}. Best is trial 0 with value: -0.5989088506199346.
[I 2026-08-20 00:10:11,102] Trial 240 finished with value: 0.5480052197732679 and parameters: {'k1': 0.00023853302787670423, 'D_low': 3727.4239521463783, 'k2': 0.06669704778669185, 'D_high': 51078.26880705691, 'fire_exp': 1.7297534245093973, 'P_half': 8.402438940252914, 'pre_dampen_half': 3.6117957486611867, 'gpp_af': 32.24337013560794, 'gpp_b': 0.005267873276540647, 'gpp_d': 10.973332926809224, 'ign_k': 0.7920298460721193, 'ign_c': 0.20583693591176092, 'trop_agb_crit': 24.509252630497443, 'trop_k_veg': 4.469441936623135}. Best is trial 0 with value: -0.5989088506199346.
[I 2026-08-20 00:10:13,514] Trial 241 finished with value: 0.5862952662938745 and parameters: {'k1': 2.9396804283554363e-05, 'D_low': 209.69682948114234, 'k2': 0.004757838948308163, 'D_high': 33341.62508163402, 'fire_exp': 2.258725881783556, 'P_half': 670.8240683723686, 'pre_dampen_half': 199.15725155859988, 'gpp_af': 0.8417636715709003, 'gpp_b': 0.0002300874939669681, 'gpp_d': 4.960401669486581, 'ign_k': 0.035604787571243586, 'ign_c': 0.10470787852279043, 'trop_agb_crit': 6.778693793654705, 'trop_k_veg': 2.147594837623803}. Best is trial 0 with value: -0.5989088506199346.
[I 2026-08-20 00:10:16,040] Trial 242 finished with value: 0.46303854165328473 and parameters: {'k1': 0.0873308436585531, 'D_low': 36.75558157832675, 'k2': 0.022939763934497082, 'D_high': 8085589.0660888385, 'fire_exp': 1.895917490555184, 'P_half': 32.367238515094755, 'pre_dampen_half': 461.24503603998136, 'gpp_af': 0.31585879638890524, 'gpp_b': 0.0031664250099763943, 'gpp_d': 764.1974022184538, 'ign_k': 0.01940541821747462, 'ign_c': 1.3698969603149347, 'trop_agb_crit': 1.018439119612059, 'trop_k_veg': 6.974576023467215}. Best is trial 0 with value: -0.5989088506199346.
[I 2026-08-20 00:10:18,485] Trial 243 finished with value: 0.5548552000662458 and parameters: {'k1': 5.067363870022863e-05, 'D_low': 33873.280171467755, 'k2': 0.002077033447993944, 'D_high': 168540.80119298017, 'fire_exp': 1.1079367377806566, 'P_half': 557.9322366419179, 'pre_dampen_half': 12.548916196631097, 'gpp_af': 1.95560605087257, 'gpp_b': 0.0039036035274489117, 'gpp_d': 2.0555200484870837, 'ign_k': 0.04902238530219257, 'ign_c': 0.44957782971820404, 'trop_agb_crit': 19.097300603497796, 'trop_k_veg': 3.994261836450907}. Best is trial 0 with value: -0.5989088506199346.
[I 2026-08-20 00:10:20,940] Trial 244 finished with value: 0.43901592342248197 and parameters: {'k1': 5.8219678641078066e-05, 'D_low': 10382.109618412642, 'k2': 0.09128498235040944, 'D_high': 570428.7780106241, 'fire_exp': 1.2556750794372482, 'P_half': 8.050060718454533, 'pre_dampen_half': 763.8442024731955, 'gpp_af': 1.2906343075577766, 'gpp_b': 0.0543381854398939, 'gpp_d': 11.849678649464387, 'ign_k': 0.06688898906371377, 'ign_c': 3.5967691099426897, 'trop_agb_crit': 24.40737035172584, 'trop_k_veg': 4.325057966879355}. Best is trial 0 with value: -0.5989088506199346.
[I 2026-08-20 00:10:23,559] Trial 245 finished with value: -0.46176087007593214 and parameters: {'k1': 0.035838345457573396, 'D_low': 18.082546692581076, 'k2': 0.0061427802003655, 'D_high': 1436200.8832620531, 'fire_exp': 1.2311958112062378, 'P_half': 43.13811181423735, 'pre_dampen_half': 15.37255448655843, 'gpp_af': 41.44695695597118, 'gpp_b': 0.00551645962839519, 'gpp_d': 6.178766083100979, 'ign_k': 0.0016735302152355975, 'ign_c': 0.4501520601300698, 'trop_agb_crit': 10.832333013576505, 'trop_k_veg': 3.2733789264978923}. Best is trial 0 with value: -0.5989088506199346.
[I 2026-08-20 00:10:25,996] Trial 246 finished with value: 0.581562856623351 and parameters: {'k1': 0.0005401824950434247, 'D_low': 151566.02467056864, 'k2': 0.00018744181647564217, 'D_high': 8671708.613198923, 'fire_exp': 1.4741794335265548, 'P_half': 16.67468268759978, 'pre_dampen_half': 30.74774588416399, 'gpp_af': 0.34014847578396534, 'gpp_b': 1.3564150355344351e-05, 'gpp_d': 13.976895352860485, 'ign_k': 0.032392990417518364, 'ign_c': 2.692213842023923, 'trop_agb_crit': 14.98115888769126, 'trop_k_veg': 2.067397803998305}. Best is trial 0 with value: -0.5989088506199346.
[I 2026-08-20 00:10:28,472] Trial 247 finished with value: 0.4720733862660442 and parameters: {'k1': 0.012853703525623206, 'D_low': 62.21239804039214, 'k2': 0.002312957199069265, 'D_high': 5824792.9221294625, 'fire_exp': 1.146992916795807, 'P_half': 79.0330589819653, 'pre_dampen_half': 208.69111727273696, 'gpp_af': 0.5913102633647349, 'gpp_b': 0.0013145620734031761, 'gpp_d': 4.4282086550045285, 'ign_k': 0.08176625558316135, 'ign_c': 1.1335326088266973, 'trop_agb_crit': 25.510853610354687, 'trop_k_veg': 1.8259629813036338}. Best is trial 0 with value: -0.5989088506199346.
[I 2026-08-20 00:10:30,943] Trial 248 finished with value: 0.5807537477173734 and parameters: {'k1': 2.8322525106803682e-05, 'D_low': 1464.2609887857375, 'k2': 0.011819948031339015, 'D_high': 150843.63922045345, 'fire_exp': 2.697745793276198, 'P_half': 2.0896230223660615, 'pre_dampen_half': 2.465171102587529, 'gpp_af': 0.33669638885458714, 'gpp_b': 0.15495212325772645, 'gpp_d': 590.0502515721523, 'ign_k': 0.09604170368882377, 'ign_c': 0.18707133673346882, 'trop_agb_crit': 21.084178733944576, 'trop_k_veg': 4.972530104646045}. Best is trial 0 with value: -0.5989088506199346.
[I 2026-08-20 00:10:34,143] Trial 249 finished with value: 0.6445374145881376 and parameters: {'k1': 0.046455539041934814, 'D_low': 314133.7075016514, 'k2': 0.014455793860933737, 'D_high': 86444.1468031674, 'fire_exp': 1.5834026167566047, 'P_half': 68.79645645898024, 'pre_dampen_half': 0.48533428038354565, 'gpp_af': 24.280548600227913, 'gpp_b': 0.009954400523555082, 'gpp_d': 578.3223983349314, 'ign_k': 0.047222828279499696, 'ign_c': 1.2838629034716844, 'trop_agb_crit': 1.3011587881066258, 'trop_k_veg': 3.364070830491276}. Best is trial 0 with value: -0.5989088506199346.
[I 2026-08-20 00:10:36,835] Trial 250 finished with value: 0.6297701856680528 and parameters: {'k1': 0.0005921880115097558, 'D_low': 56945.5486716966, 'k2': 0.002794328884144169, 'D_high': 122177.91634649264, 'fire_exp': 3.0982389181356926, 'P_half': 5.133834084170896, 'pre_dampen_half': 955.2118923705042, 'gpp_af': 0.020897687271664214, 'gpp_b': 0.005853306291598352, 'gpp_d': 264.918212655664, 'ign_k': 0.4135434265547545, 'ign_c': 0.27350555988906744, 'trop_agb_crit': 8.3997122360294, 'trop_k_veg': 3.695388797886466}. Best is trial 0 with value: -0.5989088506199346.
[I 2026-08-20 00:10:39,221] Trial 251 finished with value: 0.6445374145881376 and parameters: {'k1': 0.0010816894017699242, 'D_low': 342.70451579067515, 'k2': 0.0023373388069744747, 'D_high': 28348.981190444265, 'fire_exp': 1.117072626114121, 'P_half': 145.44394117965234, 'pre_dampen_half': 95.37817185219586, 'gpp_af': 0.014644019248951581, 'gpp_b': 0.0003816106797324598, 'gpp_d': 0.9519109788743393, 'ign_k': 2.822700724746708, 'ign_c': 206.37485850324015, 'trop_agb_crit': 9.428523620699195, 'trop_k_veg': 1.9476111283599227}. Best is trial 0 with value: -0.5989088506199346.
[I 2026-08-20 00:10:41,720] Trial 252 finished with value: 0.6445374145881376 and parameters: {'k1': 0.0009858486150216518, 'D_low': 172869.7251997381, 'k2': 0.001277562276842806, 'D_high': 4770323.941526902, 'fire_exp': 1.2893286092054115, 'P_half': 238.3765614870415, 'pre_dampen_half': 7.531192297922513, 'gpp_af': 0.349998568870328, 'gpp_b': 0.00013863402466696997, 'gpp_d': 38.338600657598604, 'ign_k': 4.622954594586696, 'ign_c': 43.20604365510944, 'trop_agb_crit': 28.261590472034413, 'trop_k_veg': 3.0886917372184137}. Best is trial 0 with value: -0.5989088506199346.
[I 2026-08-20 00:10:44,093] Trial 253 finished with value: -0.5064898852441357 and parameters: {'k1': 1.3311063931554695e-05, 'D_low': 44.207156639282935, 'k2': 0.0003005992311067042, 'D_high': 1135027.542285673, 'fire_exp': 1.2437429051502609, 'P_half': 78.15780411934881, 'pre_dampen_half': 105.7534915429065, 'gpp_af': 2.540302531984545, 'gpp_b': 0.009113010144317977, 'gpp_d': 0.620765235363795, 'ign_k': 0.23317240398182248, 'ign_c': 1.3591496266818512, 'trop_agb_crit': 11.008686612943862, 'trop_k_veg': 1.9659243047538728}. Best is trial 0 with value: -0.5989088506199346.
[I 2026-08-20 00:10:46,435] Trial 254 finished with value: 0.41273182514058104 and parameters: {'k1': 5.3355839158562814e-05, 'D_low': 3234.639316720586, 'k2': 0.0018187328854675166, 'D_high': 4115914.9961423585, 'fire_exp': 1.3955077417382862, 'P_half': 17.685024452480263, 'pre_dampen_half': 20.303524728268762, 'gpp_af': 0.1545659602976385, 'gpp_b': 0.006299179384202025, 'gpp_d': 57.7329684338172, 'ign_k': 0.14384324761187853, 'ign_c': 0.2823271314358366, 'trop_agb_crit': 11.826538007032172, 'trop_k_veg': 5.573219610916118}. Best is trial 0 with value: -0.5989088506199346.
[I 2026-08-20 00:10:48,778] Trial 255 finished with value: 0.47010918145264713 and parameters: {'k1': 0.06264891381219252, 'D_low': 2230.980628831649, 'k2': 0.011316351498881622, 'D_high': 5276925.832971229, 'fire_exp': 1.30755126747592, 'P_half': 22.599515623128585, 'pre_dampen_half': 0.2607635410706892, 'gpp_af': 33.590415231490724, 'gpp_b': 0.001800217327331146, 'gpp_d': 392.55772486231837, 'ign_k': 0.08144378447594082, 'ign_c': 4.819596618498404, 'trop_agb_crit': 1.5725287738268896, 'trop_k_veg': 7.1474673274788705}. Best is trial 0 with value: -0.5989088506199346.
[I 2026-08-20 00:10:51,078] Trial 256 finished with value: 0.601884065358531 and parameters: {'k1': 0.08068890483112455, 'D_low': 111.43788905079518, 'k2': 0.03465171677216995, 'D_high': 1605418.6409265467, 'fire_exp': 1.3757195039564205, 'P_half': 133.01033048781693, 'pre_dampen_half': 55.094521627511675, 'gpp_af': 7.033563291250447, 'gpp_b': 0.0001934671226814766, 'gpp_d': 284.4794445367627, 'ign_k': 0.03951045351213083, 'ign_c': 110.85187546377306, 'trop_agb_crit': 1.8607864646099364, 'trop_k_veg': 7.652990330749587}. Best is trial 0 with value: -0.5989088506199346.
[I 2026-08-20 00:10:53,287] Trial 257 finished with value: 0.45229742020263364 and parameters: {'k1': 0.0006965968241264604, 'D_low': 11510.037378534404, 'k2': 0.001816399151442837, 'D_high': 2673392.7431817604, 'fire_exp': 1.8108519680152781, 'P_half': 1.58981313276949, 'pre_dampen_half': 199.3620924270487, 'gpp_af': 0.3700123475772488, 'gpp_b': 0.007073311725148469, 'gpp_d': 7.835427392006957, 'ign_k': 0.34460645920467553, 'ign_c': 0.16592607032998755, 'trop_agb_crit': 10.255762221361895, 'trop_k_veg': 2.40701800334166}. Best is trial 0 with value: -0.5989088506199346.
[I 2026-08-20 00:10:55,806] Trial 258 finished with value: 0.43523458541732984 and parameters: {'k1': 0.00045679400944310754, 'D_low': 69.54724364819648, 'k2': 0.008426461607515909, 'D_high': 1170457.737468561, 'fire_exp': 1.805209054088665, 'P_half': 54.4417424529288, 'pre_dampen_half': 47.95753430744784, 'gpp_af': 0.026308670785348116, 'gpp_b': 6.096845449912034e-05, 'gpp_d': 1.1721286927501662, 'ign_k': 3.4199635154202386, 'ign_c': 8.667157732862222, 'trop_agb_crit': 14.489544376896662, 'trop_k_veg': 1.7424672741169946}. Best is trial 0 with value: -0.5989088506199346.
[I 2026-08-20 00:10:58,385] Trial 259 finished with value: 0.6302488119157619 and parameters: {'k1': 0.00036909194260853224, 'D_low': 155107.6166317144, 'k2': 0.0021973214316756864, 'D_high': 1986991.3620743328, 'fire_exp': 1.4930080880010372, 'P_half': 1.463037018125809, 'pre_dampen_half': 1.597380181805401, 'gpp_af': 0.32939945334384807, 'gpp_b': 0.006833321527621686, 'gpp_d': 73.660206850697, 'ign_k': 0.03087027974395254, 'ign_c': 0.3464568392449839, 'trop_agb_crit': 3.633956179163542, 'trop_k_veg': 4.309847656762843}. Best is trial 0 with value: -0.5989088506199346.
[I 2026-08-20 00:11:00,695] Trial 260 finished with value: -0.5161169370364861 and parameters: {'k1': 0.0018438441118461902, 'D_low': 44.36895345087822, 'k2': 0.0069540306857812815, 'D_high': 175115.06846243024, 'fire_exp': 1.0975293754786684, 'P_half': 15.494953250483974, 'pre_dampen_half': 1.7258051470515103, 'gpp_af': 1.0758577498304067, 'gpp_b': 0.005032583920848797, 'gpp_d': 5.509328139460651, 'ign_k': 0.005090360099481754, 'ign_c': 1.4411358979690767, 'trop_agb_crit': 6.8815294659685495, 'trop_k_veg': 6.087537497938694}. Best is trial 0 with value: -0.5989088506199346.
[I 2026-08-20 00:11:03,104] Trial 261 finished with value: 0.5306041557523012 and parameters: {'k1': 0.0013017481885157158, 'D_low': 4.321530616699676, 'k2': 0.0009884351916293974, 'D_high': 1157548.0501314136, 'fire_exp': 2.884374669629466, 'P_half': 1.999485488520847, 'pre_dampen_half': 212.68933317694092, 'gpp_af': 0.056210595782304085, 'gpp_b': 0.00018316937736108138, 'gpp_d': 53.936383225907754, 'ign_k': 0.016136515391695135, 'ign_c': 13.324199310445046, 'trop_agb_crit': 2.1539805655433835, 'trop_k_veg': 7.001716668949385}. Best is trial 0 with value: -0.5989088506199346.
[I 2026-08-20 00:11:05,895] Trial 262 finished with value: 0.6445374145881376 and parameters: {'k1': 0.0026839506906761713, 'D_low': 389.81843663934575, 'k2': 0.00031314774765114943, 'D_high': 4714716.759842762, 'fire_exp': 2.4078046152573527, 'P_half': 191.17895508393048, 'pre_dampen_half': 7.339417429972591, 'gpp_af': 0.13831214361483765, 'gpp_b': 0.0008137517003819172, 'gpp_d': 187.42149393086285, 'ign_k': 1.9726332031695508, 'ign_c': 44.443858885097534, 'trop_agb_crit': 27.75800792407816, 'trop_k_veg': 3.709970714219304}. Best is trial 0 with value: -0.5989088506199346.
[I 2026-08-20 00:11:08,287] Trial 263 finished with value: 0.43802168303457845 and parameters: {'k1': 0.00034965428461332653, 'D_low': 9635.045147091514, 'k2': 1.1578452063172564e-05, 'D_high': 5196509.160961904, 'fire_exp': 5.120540970681764, 'P_half': 3.190092669403786, 'pre_dampen_half': 60.240792065063395, 'gpp_af': 0.004519398913138973, 'gpp_b': 5.5606837409985155e-05, 'gpp_d': 3.1422632988103256, 'ign_k': 0.2999097573557502, 'ign_c': 4.053763069758305, 'trop_agb_crit': 22.402847116569255, 'trop_k_veg': 0.8485834281748662}. Best is trial 0 with value: -0.5989088506199346.
