[I 2026-07-24 02:06:46,125] Trial 96 finished with value: 0.40920342037992485 and parameters: {'k1': 0.001719895659034993, 'D_low': 3.5727681058226297, 'k2': 0.0866894424426345, 'D_high': 70350.50623416613, 'fire_exp': 2.157055037550092, 'P_half': 22.890325155044913, 'pre_dampen_half': 36.65124636618676, 'gpp_af': 0.1228730709991842, 'gpp_b': 0.0025534315773371144, 'gpp_d': 31.353728870492382, 'ign_k': 0.006422505779635741, 'ign_c': 3.3777249350005856, 'trop_agb_crit': 9.672525382194609, 'trop_k_veg': 1.1601382328243617, 'gdp_gamma': 0.6323112121128502, 'fuel_k': 0.11351995036276627, 'fuel_half': 89.9256755242564}. Best is trial 0 with value: -0.6086958580586874.
[I 2026-07-24 02:06:46,551] Trial 97 finished with value: -0.4881253032187908 and parameters: {'k1': 3.926301115448512e-05, 'D_low': 1058.4023054784998, 'k2': 0.012926112399182833, 'D_high': 3242992.648533466, 'fire_exp': 1.7235401022590304, 'P_half': 1.6582968344841247, 'pre_dampen_half': 554.4695197502608, 'gpp_af': 0.01581791652125109, 'gpp_b': 0.00012901733372004312, 'gpp_d': 44.387445827322246, 'ign_k': 0.0010388811137012077, 'ign_c': 6.624666522586993, 'trop_agb_crit': 3.446166564805163, 'trop_k_veg': 0.6759190061250675, 'gdp_gamma': 0.09165337290622047, 'fuel_k': 0.16601444351896136, 'fuel_half': 8.21727386553212}. Best is trial 0 with value: -0.6086958580586874.
[I 2026-07-24 02:06:46,973] Trial 98 finished with value: 0.5086320358408652 and parameters: {'k1': 0.00013597673632860115, 'D_low': 6.0622091083071385, 'k2': 0.008150210341931753, 'D_high': 621238.1538931718, 'fire_exp': 1.361870554662606, 'P_half': 6.697673341693792, 'pre_dampen_half': 96.17639312433866, 'gpp_af': 0.04277861383859539, 'gpp_b': 0.07175323970956499, 'gpp_d': 756.746142031681, 'ign_k': 0.006142570049012756, 'ign_c': 10.551564458425315, 'trop_agb_crit': 7.373760283539214, 'trop_k_veg': 0.5102435681258913, 'gdp_gamma': 0.5208445660213775, 'fuel_k': 0.0944041833348384, 'fuel_half': 3.5074230083695066}. Best is trial 0 with value: -0.6086958580586874.
[I 2026-07-24 02:06:47,399] Trial 99 finished with value: -0.557396737541571 and parameters: {'k1': 7.886366968648889e-05, 'D_low': 4.030166788308069, 'k2': 0.022278108882491692, 'D_high': 824748.6328443558, 'fire_exp': 1.971769533490702, 'P_half': 30.378351956511846, 'pre_dampen_half': 43.333876263143594, 'gpp_af': 0.09247707720119493, 'gpp_b': 9.10114197699212e-05, 'gpp_d': 1.4072042842626464, 'ign_k': 0.15994583734833015, 'ign_c': 27.140869289447984, 'trop_agb_crit': 13.601903683244965, 'trop_k_veg': 2.607382775658924, 'gdp_gamma': 0.0065607007140497855, 'fuel_k': 2.2835570996635557, 'fuel_half': 0.10762020563162904}. Best is trial 0 with value: -0.6086958580586874.
[I 2026-07-24 02:06:47,823] Trial 100 finished with value: 0.6100174381214791 and parameters: {'k1': 5.294607578533426e-05, 'D_low': 1.48378959003945, 'k2': 0.004685169477235277, 'D_high': 1170201.3617490882, 'fire_exp': 2.6797957941347628, 'P_half': 4.766291186303762, 'pre_dampen_half': 83.15450403606563, 'gpp_af': 0.1583121621995839, 'gpp_b': 1.8907435878940245e-05, 'gpp_d': 0.4507481222059822, 'ign_k': 0.039508386505095645, 'ign_c': 250.3521604052684, 'trop_agb_crit': 8.859359938408172, 'trop_k_veg': 3.8606841634690756, 'gdp_gamma': 0.08148479031969033, 'fuel_k': 2.1786556621218263, 'fuel_half': 0.12376301070045824}. Best is trial 0 with value: -0.6086958580586874.
[I 2026-07-24 02:06:48,253] Trial 101 finished with value: 0.5636707569971261 and parameters: {'k1': 8.41880027484778e-05, 'D_low': 16.358941205014876, 'k2': 0.04829915895221144, 'D_high': 458078.2488691015, 'fire_exp': 2.205660574951664, 'P_half': 16.899490624805058, 'pre_dampen_half': 10.607066255724536, 'gpp_af': 1.7144551934076124, 'gpp_b': 0.009586265678408597, 'gpp_d': 4.311822215070363, 'ign_k': 0.05681672001962671, 'ign_c': 36.878119640347606, 'trop_agb_crit': 13.052551953880805, 'trop_k_veg': 2.356532381750725, 'gdp_gamma': 0.010568891870437545, 'fuel_k': 2.467577267904449, 'fuel_half': 0.1335832710310854}. Best is trial 0 with value: -0.6086958580586874.
[I 2026-07-24 02:06:48,678] Trial 102 finished with value: 0.628469507098517 and parameters: {'k1': 0.0002873092822213226, 'D_low': 1.0703536237492701, 'k2': 0.0015220438750026691, 'D_high': 10666.670416718587, 'fire_exp': 1.8871972229185845, 'P_half': 1330.8148711190956, 'pre_dampen_half': 467.18486880679313, 'gpp_af': 0.23521059691032994, 'gpp_b': 2.8598515039959147e-05, 'gpp_d': 0.01699700215075616, 'ign_k': 0.0021104988843789066, 'ign_c': 0.715827517135909, 'trop_agb_crit': 20.41222557048343, 'trop_k_veg': 0.5955468042488794, 'gdp_gamma': 0.5897821548136793, 'fuel_k': 0.024517501272187242, 'fuel_half': 81.63412962593469}. Best is trial 0 with value: -0.6086958580586874.
[I 2026-07-24 02:06:49,103] Trial 103 finished with value: 0.6445374145881376 and parameters: {'k1': 7.76140433665862e-05, 'D_low': 12.993526563124282, 'k2': 0.0007431929172352705, 'D_high': 992104.8144530833, 'fire_exp': 1.10700397611485, 'P_half': 40.83393505948746, 'pre_dampen_half': 696.2135371924072, 'gpp_af': 0.044805829051810755, 'gpp_b': 0.0012920371896667812, 'gpp_d': 0.03883143973071395, 'ign_k': 0.6766755398465307, 'ign_c': 211.69851649610726, 'trop_agb_crit': 14.423415068391808, 'trop_k_veg': 1.2084295254830815, 'gdp_gamma': 0.007125950273211576, 'fuel_k': 5.3783090572735786, 'fuel_half': 0.24268701366943177}. Best is trial 0 with value: -0.6086958580586874.
[I 2026-07-24 02:06:49,530] Trial 104 finished with value: 0.5454210359583803 and parameters: {'k1': 2.726126068331935e-05, 'D_low': 132.84938162508405, 'k2': 0.02769517533828631, 'D_high': 1508821.0580856276, 'fire_exp': 2.0953962209713244, 'P_half': 269.8152937304713, 'pre_dampen_half': 188.21779253864278, 'gpp_af': 0.4788391338144599, 'gpp_b': 1.2819286618336287e-05, 'gpp_d': 35.633387505603466, 'ign_k': 0.05882114563223035, 'ign_c': 20.30986951171947, 'trop_agb_crit': 16.434734300041512, 'trop_k_veg': 5.298044094176539, 'gdp_gamma': 0.005073730861856719, 'fuel_k': 1.2258201727720075, 'fuel_half': 3.421155801553371}. Best is trial 0 with value: -0.6086958580586874.
[I 2026-07-24 02:06:49,956] Trial 105 finished with value: 0.45729131827581937 and parameters: {'k1': 0.0002417958018767474, 'D_low': 1.795568180310559, 'k2': 0.02677982081559114, 'D_high': 7215472.464674365, 'fire_exp': 2.4107447577701957, 'P_half': 46.95566664493808, 'pre_dampen_half': 305.99550678361715, 'gpp_af': 0.012009733975182558, 'gpp_b': 0.0012191633098069866, 'gpp_d': 199.99674085712385, 'ign_k': 0.0028292352531404897, 'ign_c': 4.173342381050898, 'trop_agb_crit': 5.631650802207577, 'trop_k_veg': 0.7965169721758547, 'gdp_gamma': 0.5360297491967847, 'fuel_k': 0.03636358116612554, 'fuel_half': 99.54965586616234}. Best is trial 0 with value: -0.6086958580586874.
[I 2026-07-24 02:06:50,377] Trial 106 finished with value: 0.5237417035537706 and parameters: {'k1': 0.004505388764675665, 'D_low': 39.30545474374921, 'k2': 0.011047739864756378, 'D_high': 947263.9149613028, 'fire_exp': 1.3299758657735061, 'P_half': 26.91431692570621, 'pre_dampen_half': 352.42386011334, 'gpp_af': 0.17635412999907527, 'gpp_b': 0.00592601244748255, 'gpp_d': 0.2375542122710375, 'ign_k': 0.002164892207708711, 'ign_c': 38.69305824687855, 'trop_agb_crit': 19.749573507998345, 'trop_k_veg': 2.0989705812685937, 'gdp_gamma': 1.0542307210923907, 'fuel_k': 0.6148761487421949, 'fuel_half': 28.097199740138567}. Best is trial 0 with value: -0.6086958580586874.
[I 2026-07-24 02:06:50,804] Trial 107 finished with value: 0.4172483393848653 and parameters: {'k1': 0.0021262330468397052, 'D_low': 91.577746134256, 'k2': 0.028183834607599302, 'D_high': 4862318.611243725, 'fire_exp': 1.1762918094254686, 'P_half': 14.480880475083621, 'pre_dampen_half': 11.057200285107717, 'gpp_af': 0.06826719403364559, 'gpp_b': 4.1388140544694044e-05, 'gpp_d': 278.58311772691155, 'ign_k': 0.007344906170578952, 'ign_c': 3.9366118262071947, 'trop_agb_crit': 16.077570734929953, 'trop_k_veg': 0.5743228504329896, 'gdp_gamma': 0.31415988828843594, 'fuel_k': 0.014705959803469774, 'fuel_half': 2.885181583098705}. Best is trial 0 with value: -0.6086958580586874.
[I 2026-07-24 02:06:51,228] Trial 108 finished with value: 0.6445374145881376 and parameters: {'k1': 0.00026039819627265515, 'D_low': 7.314773494710389, 'k2': 0.00721879380900957, 'D_high': 1006367.5258589418, 'fire_exp': 1.548963494706104, 'P_half': 1178.0458365299055, 'pre_dampen_half': 46.26194850323447, 'gpp_af': 0.07613773829728734, 'gpp_b': 0.000510039666604289, 'gpp_d': 0.8456005009489924, 'ign_k': 0.3350855278715965, 'ign_c': 127.17132630508556, 'trop_agb_crit': 9.471084454304103, 'trop_k_veg': 3.3641797126540713, 'gdp_gamma': 0.0038567578610941445, 'fuel_k': 0.6010987338781756, 'fuel_half': 0.15335583924838472}. Best is trial 0 with value: -0.6086958580586874.
[I 2026-07-24 02:06:51,658] Trial 109 finished with value: 0.602303150044208 and parameters: {'k1': 1.361064310216175e-05, 'D_low': 16.33204353946715, 'k2': 0.010963066906785512, 'D_high': 237107.7612671109, 'fire_exp': 1.5403595433902992, 'P_half': 221.9170598542194, 'pre_dampen_half': 7.076615242187605, 'gpp_af': 0.02839154059267066, 'gpp_b': 1.3235520196332088e-05, 'gpp_d': 0.39156860771224977, 'ign_k': 0.2659088418202881, 'ign_c': 83.1079288813171, 'trop_agb_crit': 12.869220232140494, 'trop_k_veg': 0.8485773955420612, 'gdp_gamma': 0.002012489314609805, 'fuel_k': 1.6638320439129464, 'fuel_half': 0.2908719490822411}. Best is trial 0 with value: -0.6086958580586874.
[I 2026-07-24 02:06:52,082] Trial 110 finished with value: 0.6445374145881376 and parameters: {'k1': 0.009511246309682192, 'D_low': 16.472738393642445, 'k2': 0.004402062190043628, 'D_high': 3408763.80908096, 'fire_exp': 1.3385704653083947, 'P_half': 7.406388672162859, 'pre_dampen_half': 4.902853306623747, 'gpp_af': 0.003382394954481823, 'gpp_b': 0.0061336902226101645, 'gpp_d': 0.06760902654492562, 'ign_k': 0.3245156774441714, 'ign_c': 140.70841287555555, 'trop_agb_crit': 10.666251858078454, 'trop_k_veg': 1.2459029922879263, 'gdp_gamma': 0.7326856517313405, 'fuel_k': 0.2372325107353824, 'fuel_half': 5.8897313565589}. Best is trial 0 with value: -0.6086958580586874.
[I 2026-07-24 02:06:52,506] Trial 111 finished with value: 0.5252809799980344 and parameters: {'k1': 0.00457114273788049, 'D_low': 25.601958160100533, 'k2': 0.00112202734877579, 'D_high': 5251716.006501056, 'fire_exp': 2.3934299747332615, 'P_half': 1.33640081179601, 'pre_dampen_half': 26.077471332441423, 'gpp_af': 0.263392283321413, 'gpp_b': 0.00020805805189494657, 'gpp_d': 1.5972561801134677, 'ign_k': 0.0027697628434708217, 'ign_c': 66.80623429163816, 'trop_agb_crit': 12.547769914107024, 'trop_k_veg': 1.575547365591078, 'gdp_gamma': 0.15812680668397555, 'fuel_k': 0.07619962050099419, 'fuel_half': 24.926172859299324}. Best is trial 0 with value: -0.6086958580586874.
[I 2026-07-24 02:06:52,938] Trial 112 finished with value: 0.5676601118932292 and parameters: {'k1': 3.5782357322420185e-05, 'D_low': 19.427275022036056, 'k2': 0.0015323510117390717, 'D_high': 413453.71747486584, 'fire_exp': 1.8760208171119208, 'P_half': 109.4263613284404, 'pre_dampen_half': 0.906414282022002, 'gpp_af': 0.045933145816370834, 'gpp_b': 2.3387621060376963e-05, 'gpp_d': 0.019653689524693162, 'ign_k': 0.017840715406208463, 'ign_c': 2.968265402104331, 'trop_agb_crit': 5.426297523904661, 'trop_k_veg': 0.5154736054816332, 'gdp_gamma': 0.2669265018005345, 'fuel_k': 0.16255529932025103, 'fuel_half': 33.113766913707174}. Best is trial 0 with value: -0.6086958580586874.
[I 2026-07-24 02:06:53,365] Trial 113 finished with value: 0.4531219399618618 and parameters: {'k1': 0.00011924462461734355, 'D_low': 1.5693509599122715, 'k2': 0.002541465064108904, 'D_high': 2931826.276301681, 'fire_exp': 1.5085730634026424, 'P_half': 4.686057778901748, 'pre_dampen_half': 315.3461963480586, 'gpp_af': 0.047514496886724475, 'gpp_b': 5.6307575766473095e-05, 'gpp_d': 0.09752761639010298, 'ign_k': 0.0248797087820673, 'ign_c': 0.9909776703598093, 'trop_agb_crit': 5.238560914775041, 'trop_k_veg': 1.2622785745170806, 'gdp_gamma': 0.14491262015125017, 'fuel_k': 0.016646773252465934, 'fuel_half': 98.34825093398393}. Best is trial 0 with value: -0.6086958580586874.
[I 2026-07-24 02:06:53,792] Trial 114 finished with value: 0.49225227565203744 and parameters: {'k1': 0.00016039036079609144, 'D_low': 13.589784604976968, 'k2': 0.05858495290515066, 'D_high': 299187.58125051, 'fire_exp': 1.1765993536279944, 'P_half': 6549.215646780229, 'pre_dampen_half': 664.9214658390525, 'gpp_af': 0.012840325094169089, 'gpp_b': 0.0013682554407860605, 'gpp_d': 0.5885084718375893, 'ign_k': 0.01312753871596348, 'ign_c': 2.447794820571053, 'trop_agb_crit': 18.897078053072644, 'trop_k_veg': 0.6550566868612692, 'gdp_gamma': 1.2473729304524965, 'fuel_k': 0.07421344615036075, 'fuel_half': 10.070308098859813}. Best is trial 0 with value: -0.6086958580586874.
[I 2026-07-24 02:06:54,216] Trial 115 finished with value: 0.5626448985677164 and parameters: {'k1': 3.8191446880422445e-05, 'D_low': 1.6764904291033769, 'k2': 0.001068986737276003, 'D_high': 3278735.465709518, 'fire_exp': 4.342773683701055, 'P_half': 1.4681947961909183, 'pre_dampen_half': 31.12039608750409, 'gpp_af': 0.001152024618206995, 'gpp_b': 2.4439701863410114e-05, 'gpp_d': 0.16826497705748628, 'ign_k': 0.0561823762199879, 'ign_c': 1.2348266801469616, 'trop_agb_crit': 10.302027552699, 'trop_k_veg': 0.8172489622326434, 'gdp_gamma': 0.009782353073676869, 'fuel_k': 0.05550337999012008, 'fuel_half': 1.9182105826217435}. Best is trial 0 with value: -0.6086958580586874.
[I 2026-07-24 02:06:54,644] Trial 116 finished with value: -0.48265831988677305 and parameters: {'k1': 1.1775148090135356e-05, 'D_low': 3.1364119140046167, 'k2': 0.012053790018810713, 'D_high': 8174718.794780583, 'fire_exp': 1.4870393571735347, 'P_half': 4.847254656774628, 'pre_dampen_half': 254.89453406502184, 'gpp_af': 0.024117814141028572, 'gpp_b': 1.2914685448201291e-05, 'gpp_d': 0.04510620554140637, 'ign_k': 0.002209879330782944, 'ign_c': 1.2384567098107664, 'trop_agb_crit': 4.8804782158052165, 'trop_k_veg': 0.5872508136476604, 'gdp_gamma': 0.12353441897220417, 'fuel_k': 0.2894438245866735, 'fuel_half': 38.04194221786343}. Best is trial 0 with value: -0.6086958580586874.
[I 2026-07-24 02:06:55,069] Trial 117 finished with value: 0.5411774111722135 and parameters: {'k1': 8.177223090792173e-05, 'D_low': 84.53198527821777, 'k2': 0.019687292635607218, 'D_high': 55130.51561585217, 'fire_exp': 1.4495970568632262, 'P_half': 1.8759462950214387, 'pre_dampen_half': 53.59773318962178, 'gpp_af': 0.09931380570859392, 'gpp_b': 4.446854207086508e-05, 'gpp_d': 10.345652407641655, 'ign_k': 0.536007761709316, 'ign_c': 12.984115152189043, 'trop_agb_crit': 14.632184452633512, 'trop_k_veg': 4.004523259953001, 'gdp_gamma': 0.016325916700710912, 'fuel_k': 1.3719574352235304, 'fuel_half': 0.1364011788943489}. Best is trial 0 with value: -0.6086958580586874.
[I 2026-07-24 02:06:55,495] Trial 118 finished with value: 0.43955952211850424 and parameters: {'k1': 3.168151143873893e-05, 'D_low': 31.15144939839113, 'k2': 0.009772393062985897, 'D_high': 26808.190565499943, 'fire_exp': 1.4991908616721534, 'P_half': 69.41379322803985, 'pre_dampen_half': 298.21539050308706, 'gpp_af': 0.007725338701220024, 'gpp_b': 1.9649541100524326e-05, 'gpp_d': 3.9853683664201385, 'ign_k': 0.040497513640399, 'ign_c': 0.4499048954092358, 'trop_agb_crit': 6.179117546856208, 'trop_k_veg': 0.5399425547043266, 'gdp_gamma': 0.6336035420934621, 'fuel_k': 0.12143734076587205, 'fuel_half': 4.8614095660915515}. Best is trial 0 with value: -0.6086958580586874.
[I 2026-07-24 02:06:55,927] Trial 119 finished with value: 0.6087393770553294 and parameters: {'k1': 0.0038929072788618626, 'D_low': 11.633148828185051, 'k2': 0.0010747511621557173, 'D_high': 240.00746398706758, 'fire_exp': 1.4499633982012714, 'P_half': 439.05823595235466, 'pre_dampen_half': 4.442098421687291, 'gpp_af': 0.009848821319752257, 'gpp_b': 0.0003322308042153805, 'gpp_d': 837.2028285145692, 'ign_k': 0.003748333394578919, 'ign_c': 16.659966455908584, 'trop_agb_crit': 2.5349838680339354, 'trop_k_veg': 1.3941336745745783, 'gdp_gamma': 0.6170160365973688, 'fuel_k': 0.056069444813147504, 'fuel_half': 14.725229055736852}. Best is trial 0 with value: -0.6086958580586874.
[I 2026-07-24 02:06:56,350] Trial 120 finished with value: 0.514231343079119 and parameters: {'k1': 0.0002920564668753385, 'D_low': 1.1054712870146675, 'k2': 0.024783133427212438, 'D_high': 7024205.050534143, 'fire_exp': 1.055037903875228, 'P_half': 129.0770608019141, 'pre_dampen_half': 284.1949110763777, 'gpp_af': 0.005573959901447035, 'gpp_b': 0.00026072804232016067, 'gpp_d': 0.06098974030351616, 'ign_k': 0.06333265739950633, 'ign_c': 0.1793845705360088, 'trop_agb_crit': 7.787249753128077, 'trop_k_veg': 0.7235517040303951, 'gdp_gamma': 0.3598451721699084, 'fuel_k': 0.23217707377216137, 'fuel_half': 27.776976560329743}. Best is trial 0 with value: -0.6086958580586874.
[I 2026-07-24 02:06:56,775] Trial 121 finished with value: 0.5865019551029095 and parameters: {'k1': 0.0008366975428722232, 'D_low': 1.1242322852263493, 'k2': 0.0005538654417534487, 'D_high': 1312926.7995841908, 'fire_exp': 6.012658908496102, 'P_half': 604.9585356747018, 'pre_dampen_half': 114.73018011001564, 'gpp_af': 0.0010080555308477751, 'gpp_b': 0.00012080658986299477, 'gpp_d': 5.693018215917497, 'ign_k': 5.288632019300592, 'ign_c': 8.194540884596101, 'trop_agb_crit': 12.709146110253242, 'trop_k_veg': 0.9880922508784686, 'gdp_gamma': 0.0010146781314766499, 'fuel_k': 0.34806843104178176, 'fuel_half': 0.21191097897838668}. Best is trial 0 with value: -0.6086958580586874.
[I 2026-07-24 02:06:57,196] Trial 122 finished with value: 0.5838884517700915 and parameters: {'k1': 7.876357594335094e-05, 'D_low': 217.5942173514585, 'k2': 0.013341363215215965, 'D_high': 8101.963697090495, 'fire_exp': 4.467295570882618, 'P_half': 31.130054413394568, 'pre_dampen_half': 12.253365427450865, 'gpp_af': 0.00543419730223899, 'gpp_b': 0.00032491296030010225, 'gpp_d': 4.159096282598398, 'ign_k': 0.23416650418382767, 'ign_c': 1.6801846303864065, 'trop_agb_crit': 6.318633680863111, 'trop_k_veg': 2.772189297732404, 'gdp_gamma': 0.002399675776448441, 'fuel_k': 5.767975943863318, 'fuel_half': 0.6344523082570002}. Best is trial 0 with value: -0.6086958580586874.
[I 2026-07-24 02:06:57,622] Trial 123 finished with value: 0.5584526808484087 and parameters: {'k1': 0.00027552582848054446, 'D_low': 264.200118349983, 'k2': 0.0037181764735554914, 'D_high': 802499.3478014251, 'fire_exp': 2.010646962242743, 'P_half': 493.75175990839193, 'pre_dampen_half': 842.9762083990919, 'gpp_af': 0.015303690996457646, 'gpp_b': 0.0004875127701165711, 'gpp_d': 0.3182238645200298, 'ign_k': 0.0011909606585012499, 'ign_c': 0.11867878468666533, 'trop_agb_crit': 7.794786517377968, 'trop_k_veg': 0.7374598021749897, 'gdp_gamma': 0.24759219802882929, 'fuel_k': 0.04856215907334516, 'fuel_half': 24.53809784073161}. Best is trial 0 with value: -0.6086958580586874.
[I 2026-07-24 02:06:58,046] Trial 124 finished with value: -0.5729980477909715 and parameters: {'k1': 4.696137049151281e-05, 'D_low': 12.075687705706555, 'k2': 0.0718005027246649, 'D_high': 164694.88268692375, 'fire_exp': 2.180379428612291, 'P_half': 1.7371406286118607, 'pre_dampen_half': 469.73548529979126, 'gpp_af': 0.002178749255338369, 'gpp_b': 0.00018310735368323361, 'gpp_d': 126.71098733821957, 'ign_k': 0.00272034795780301, 'ign_c': 7.0531830774392485, 'trop_agb_crit': 11.8969130944823, 'trop_k_veg': 0.6299238572246603, 'gdp_gamma': 1.4137019326629443, 'fuel_k': 0.0893948987881577, 'fuel_half': 31.24794444220158}. Best is trial 0 with value: -0.6086958580586874.
[I 2026-07-24 02:06:58,471] Trial 125 finished with value: 0.5286900489770526 and parameters: {'k1': 2.3269621069691576e-05, 'D_low': 98.11604147902564, 'k2': 0.016750648654632053, 'D_high': 511195.3973762501, 'fire_exp': 2.856597008309883, 'P_half': 3.8590809196245948, 'pre_dampen_half': 118.467297991859, 'gpp_af': 0.0010978584674529853, 'gpp_b': 4.200229150806073e-05, 'gpp_d': 10.638409806234343, 'ign_k': 0.00663689914754304, 'ign_c': 2.304233378488597, 'trop_agb_crit': 6.707956143355531, 'trop_k_veg': 0.5309798159928387, 'gdp_gamma': 0.7084509507928536, 'fuel_k': 0.45726754912801326, 'fuel_half': 75.41138341058922}. Best is trial 0 with value: -0.6086958580586874.
[I 2026-07-24 02:06:58,900] Trial 126 finished with value: 0.6136556207795 and parameters: {'k1': 1.6493685651721976e-05, 'D_low': 5.025330744340784, 'k2': 0.002290645174407729, 'D_high': 1175.1073977488827, 'fire_exp': 3.233363594536529, 'P_half': 31.687036713224, 'pre_dampen_half': 1.8028060485918895, 'gpp_af': 0.016447587621497516, 'gpp_b': 9.01981017064669e-05, 'gpp_d': 21.270562230798472, 'ign_k': 0.0020526903544675883, 'ign_c': 8.590012010348024, 'trop_agb_crit': 14.431735944082096, 'trop_k_veg': 0.9541013738713461, 'gdp_gamma': 0.0044264289014259925, 'fuel_k': 5.4057376269246085, 'fuel_half': 0.24151587526909424}. Best is trial 0 with value: -0.6086958580586874.
[I 2026-07-24 02:06:59,330] Trial 127 finished with value: 0.550663584173082 and parameters: {'k1': 0.0001338542260065787, 'D_low': 2.110824223608319, 'k2': 0.0715891158035061, 'D_high': 723831.2327657441, 'fire_exp': 3.6560435516071443, 'P_half': 10.324404095348664, 'pre_dampen_half': 11.332551578061006, 'gpp_af': 0.013989917096821973, 'gpp_b': 6.229690928346737e-05, 'gpp_d': 0.030234590457699786, 'ign_k': 0.06054265227082921, 'ign_c': 1.0333750909597081, 'trop_agb_crit': 3.616484620871748, 'trop_k_veg': 0.7251691705238692, 'gdp_gamma': 0.030722566691557762, 'fuel_k': 0.21033123343041885, 'fuel_half': 17.87869590211598}. Best is trial 0 with value: -0.6086958580586874.
