[I 2026-08-19 17:45:29,217] Trial 1623 finished with value: 0.4338239536017434 and parameters: {'k1': 0.0035180685508252947, 'D_low': 33.56468816150281, 'k2': 0.0005075590732030342, 'D_high': 3397140.380170107, 'fire_exp': 3.730553316287297, 'P_half': 49.42236167930818, 'pre_dampen_half': 0.40485413674447085, 'gpp_af': 0.12003507238550322, 'gpp_b': 0.0017077025810592974, 'gpp_d': 2.8579309819520122, 'ign_k': 0.2104378936363261, 'ign_c': 0.1193234543406261, 'trop_agb_crit': 8.89832314048749, 'trop_k_veg': 0.6117240582425072, 'pop_amp': 3.4033629572676967, 'pop_peak': 1.3634443480225842, 'pop_sig': 0.45434926786712443, 'fuel_k': 1.9284519305762087, 'fuel_half': 0.6044073036364672}. Best is trial 1622 with value: -0.6125870653324885.
[I 2026-08-19 17:45:31,500] Trial 1624 finished with value: 0.5127778454749887 and parameters: {'k1': 0.09364241902176493, 'D_low': 24.28748277218876, 'k2': 0.0023620976583820707, 'D_high': 3424750.666147015, 'fire_exp': 1.703040813437568, 'P_half': 1.0996706589083671, 'pre_dampen_half': 2.1167998797520267, 'gpp_af': 0.011524145975799444, 'gpp_b': 4.367787421660391e-05, 'gpp_d': 54.46549198801392, 'ign_k': 0.01773798829132243, 'ign_c': 0.1293349046845815, 'trop_agb_crit': 2.971428215351669, 'trop_k_veg': 1.0830912673215172, 'pop_amp': 11.890104310551687, 'pop_peak': 0.2717303954990887, 'pop_sig': 0.7334251627960655, 'fuel_k': 0.17014737049676387, 'fuel_half': 0.13570434285362873}. Best is trial 1622 with value: -0.6125870653324885.
[I 2026-08-19 17:45:33,828] Trial 1625 finished with value: 0.5614294869524681 and parameters: {'k1': 0.001667390700906538, 'D_low': 2187.1210572279433, 'k2': 0.00014964292865407076, 'D_high': 1105313.9819872621, 'fire_exp': 2.343838894198005, 'P_half': 7.87974904553732, 'pre_dampen_half': 0.012158295105717308, 'gpp_af': 0.03629264752042812, 'gpp_b': 0.0030440340598485304, 'gpp_d': 700.4543919530606, 'ign_k': 0.3955147787713551, 'ign_c': 0.11164724106828103, 'trop_agb_crit': 6.835170045062174, 'trop_k_veg': 0.9522468858539508, 'pop_amp': 0.048074603847577405, 'pop_peak': 0.0908877812352989, 'pop_sig': 0.7932015287666461, 'fuel_k': 0.09849450112636496, 'fuel_half': 0.1501457601897242}. Best is trial 1622 with value: -0.6125870653324885.
[I 2026-08-19 17:45:36,058] Trial 1626 finished with value: 0.6445374145881376 and parameters: {'k1': 0.03580309035555527, 'D_low': 33.107389363316535, 'k2': 0.00018395075888741802, 'D_high': 1918503.658157259, 'fire_exp': 2.604771672294327, 'P_half': 70.7171947556712, 'pre_dampen_half': 1.6875323527978232, 'gpp_af': 0.0018246124157034714, 'gpp_b': 0.0007666265394507195, 'gpp_d': 79.05437186943612, 'ign_k': 0.6181295608708969, 'ign_c': 73.35515385305276, 'trop_agb_crit': 21.195680849645612, 'trop_k_veg': 5.901398596217925, 'pop_amp': 0.0023832263769460924, 'pop_peak': 0.1063025695392735, 'pop_sig': 0.43797557798642084, 'fuel_k': 3.3178603902264445, 'fuel_half': 0.36610803321708213}. Best is trial 1622 with value: -0.6125870653324885.
[I 2026-08-19 17:45:38,180] Trial 1627 finished with value: 0.5232226086797989 and parameters: {'k1': 0.0007389924127157487, 'D_low': 1273.4958342599418, 'k2': 0.058836512918610445, 'D_high': 785077.9751996077, 'fire_exp': 1.9401658869966065, 'P_half': 353.3114322706797, 'pre_dampen_half': 2.1046138328243558, 'gpp_af': 0.02126728369939717, 'gpp_b': 0.00044733957531007795, 'gpp_d': 3.620129664367503, 'ign_k': 1.6144333128780697, 'ign_c': 0.10045262760503085, 'trop_agb_crit': 3.9423958083537847, 'trop_k_veg': 0.552187229388034, 'pop_amp': 0.016165307065970226, 'pop_peak': 0.09022234658592702, 'pop_sig': 0.9626806828909534, 'fuel_k': 0.12845299602825955, 'fuel_half': 42.021780767354336}. Best is trial 1622 with value: -0.6125870653324885.
[I 2026-08-19 17:45:40,408] Trial 1628 finished with value: 0.5636698056756205 and parameters: {'k1': 0.04096929002261064, 'D_low': 7.437146585995517, 'k2': 0.0005879669109512628, 'D_high': 3065039.7691063057, 'fire_exp': 2.1108902947831227, 'P_half': 29.561569172847786, 'pre_dampen_half': 0.12354698897604112, 'gpp_af': 0.053238730431441665, 'gpp_b': 0.0013114871520693862, 'gpp_d': 225.1109925907068, 'ign_k': 0.04142638359787219, 'ign_c': 12.003314900380003, 'trop_agb_crit': 14.943768434302477, 'trop_k_veg': 5.997363944457363, 'pop_amp': 0.004472256584529049, 'pop_peak': 0.42571979020061185, 'pop_sig': 0.5308533935720054, 'fuel_k': 0.06976409501157359, 'fuel_half': 0.8469992040860178}. Best is trial 1622 with value: -0.6125870653324885.
  trial 1629/2500  best_overall=0.6126  (47.3 min)
[I 2026-08-19 17:45:42,994] Trial 1629 finished with value: 0.5467639495279158 and parameters: {'k1': 0.024293887496835382, 'D_low': 1496.5316098838211, 'k2': 0.00023237934763148515, 'D_high': 1388804.6941671954, 'fire_exp': 2.958888234861734, 'P_half': 288.57302366168216, 'pre_dampen_half': 0.1761121123942406, 'gpp_af': 0.007765813892495404, 'gpp_b': 2.6050019671847467e-05, 'gpp_d': 0.5239837610568044, 'ign_k': 0.9560646410131762, 'ign_c': 4.08605219203513, 'trop_agb_crit': 17.314361363028233, 'trop_k_veg': 6.977390642914531, 'pop_amp': 0.008555850032324947, 'pop_peak': 0.07743994088709089, 'pop_sig': 0.3340953781304997, 'fuel_k': 0.37382522293193043, 'fuel_half': 0.18731328418744725}. Best is trial 1622 with value: -0.6125870653324885.
[I 2026-08-19 17:45:45,065] Trial 1630 finished with value: 0.4907078672191283 and parameters: {'k1': 0.017400762285627074, 'D_low': 16.075342967285238, 'k2': 0.000172165555936979, 'D_high': 9949865.724152949, 'fire_exp': 1.673521313876866, 'P_half': 155.27480423191327, 'pre_dampen_half': 0.8704623879116676, 'gpp_af': 0.03148900515832801, 'gpp_b': 0.003551519957580433, 'gpp_d': 73.51826996045405, 'ign_k': 7.666264472521278, 'ign_c': 17.01949158333867, 'trop_agb_crit': 4.779719808550099, 'trop_k_veg': 0.826726260902362, 'pop_amp': 0.1818344411385217, 'pop_peak': 46.19031075815289, 'pop_sig': 0.6173871300031457, 'fuel_k': 0.03877779895216985, 'fuel_half': 0.11445105111405535}. Best is trial 1622 with value: -0.6125870653324885.
[I 2026-08-19 17:45:47,142] Trial 1631 finished with value: 0.6004754071273819 and parameters: {'k1': 0.011583970119567017, 'D_low': 935.0836922996145, 'k2': 0.00014887766397223478, 'D_high': 64106.093737491174, 'fire_exp': 1.543719214930838, 'P_half': 108.92478074189412, 'pre_dampen_half': 4.865955466414563, 'gpp_af': 0.030720189080565112, 'gpp_b': 1.9109170706637193e-05, 'gpp_d': 161.11548113449282, 'ign_k': 0.3512522128294771, 'ign_c': 62.70041569386038, 'trop_agb_crit': 3.882502604117159, 'trop_k_veg': 5.150405963929225, 'pop_amp': 0.010654268987261644, 'pop_peak': 0.08272311184174648, 'pop_sig': 0.4268278763521618, 'fuel_k': 0.3572330264570174, 'fuel_half': 0.31328092475822383}. Best is trial 1622 with value: -0.6125870653324885.
[I 2026-08-19 17:45:49,264] Trial 1632 finished with value: 0.6445374145881376 and parameters: {'k1': 0.039886522940615204, 'D_low': 1.719771243475371, 'k2': 0.0011246716361102411, 'D_high': 1326072.2984812981, 'fire_exp': 2.9206107932140215, 'P_half': 11.76867369661442, 'pre_dampen_half': 59.94303168434819, 'gpp_af': 0.002153216997128849, 'gpp_b': 0.00015922051114541883, 'gpp_d': 118.65344459150512, 'ign_k': 1.3617984843423463, 'ign_c': 55.48193184185907, 'trop_agb_crit': 16.30583475857056, 'trop_k_veg': 1.654686580043687, 'pop_amp': 0.007780352346239239, 'pop_peak': 0.1527544012662545, 'pop_sig': 0.8401796100644914, 'fuel_k': 0.30816986863217644, 'fuel_half': 2.3985121778210217}. Best is trial 1622 with value: -0.6125870653324885.
[I 2026-08-19 17:45:51,399] Trial 1633 finished with value: 0.4260114783816029 and parameters: {'k1': 0.08573444682903071, 'D_low': 6.83157581485865, 'k2': 0.010315438488833274, 'D_high': 4412111.13386103, 'fire_exp': 3.9939447910078365, 'P_half': 106.99948000361682, 'pre_dampen_half': 179.1502625234107, 'gpp_af': 0.08795709662780375, 'gpp_b': 0.0003501815183900364, 'gpp_d': 50.98428032438114, 'ign_k': 2.4020765801958186, 'ign_c': 8.500435038707302, 'trop_agb_crit': 9.202068884461248, 'trop_k_veg': 2.7212179711796978, 'pop_amp': 0.002429919463271584, 'pop_peak': 0.33215560013176754, 'pop_sig': 0.5516170444448396, 'fuel_k': 0.2355941170048532, 'fuel_half': 0.5798019212335807}. Best is trial 1622 with value: -0.6125870653324885.
[I 2026-08-19 17:45:53,483] Trial 1634 finished with value: 0.5810037210689192 and parameters: {'k1': 0.013869979354987757, 'D_low': 1346.0661346831112, 'k2': 0.0005448288745676055, 'D_high': 43261.482333991225, 'fire_exp': 7.0382163438898, 'P_half': 7.47956652515635, 'pre_dampen_half': 0.20616441666635194, 'gpp_af': 0.42982176801931643, 'gpp_b': 8.522270437259266e-05, 'gpp_d': 450.93335995267245, 'ign_k': 0.07140982905616265, 'ign_c': 0.11233445182785795, 'trop_agb_crit': 25.51375394435417, 'trop_k_veg': 0.7970525670323031, 'pop_amp': 0.20580137286672082, 'pop_peak': 23.43354511017674, 'pop_sig': 0.43418874356555043, 'fuel_k': 0.7213505106938322, 'fuel_half': 0.12790865766215614}. Best is trial 1622 with value: -0.6125870653324885.
[I 2026-08-19 17:45:55,528] Trial 1635 finished with value: 0.5712446249532348 and parameters: {'k1': 0.004821801922384027, 'D_low': 6.225257495851026, 'k2': 0.000747145909617762, 'D_high': 536315.8168987695, 'fire_exp': 3.924604496042697, 'P_half': 131.45613575466294, 'pre_dampen_half': 0.17962170580900808, 'gpp_af': 2.7304432635052676, 'gpp_b': 0.0001265768741607141, 'gpp_d': 5.64072609738037, 'ign_k': 0.05121375186813515, 'ign_c': 0.3162258538119228, 'trop_agb_crit': 2.096241735229246, 'trop_k_veg': 0.7796699483590077, 'pop_amp': 1.0550049983571983, 'pop_peak': 257.8162342753641, 'pop_sig': 0.42411307413328714, 'fuel_k': 0.023368627353319918, 'fuel_half': 0.5921976164944229}. Best is trial 1622 with value: -0.6125870653324885.
[I 2026-08-19 17:45:57,664] Trial 1636 finished with value: 0.5946822042910836 and parameters: {'k1': 0.09136192899320966, 'D_low': 420.4978001752857, 'k2': 0.0029476025995848953, 'D_high': 9121427.491426717, 'fire_exp': 3.080946328870551, 'P_half': 79.64141940838361, 'pre_dampen_half': 0.17303971280203392, 'gpp_af': 0.0127775546932062, 'gpp_b': 1.0101018843191949e-05, 'gpp_d': 173.02280125200457, 'ign_k': 0.34626764326829623, 'ign_c': 46.93414961851359, 'trop_agb_crit': 9.057030404354803, 'trop_k_veg': 6.594638680544022, 'pop_amp': 0.0027003518651577936, 'pop_peak': 0.37022142589284174, 'pop_sig': 0.47432108662018063, 'fuel_k': 0.8444375085860808, 'fuel_half': 1.6230227945897366}. Best is trial 1622 with value: -0.6125870653324885.
[I 2026-08-19 17:45:59,765] Trial 1637 finished with value: -0.5921959679290644 and parameters: {'k1': 0.0003779202236004891, 'D_low': 25.45989750457739, 'k2': 0.04347303369050126, 'D_high': 5982761.934897782, 'fire_exp': 2.6190077427549516, 'P_half': 31.31948273669892, 'pre_dampen_half': 9.136140900876036, 'gpp_af': 0.022515319276446212, 'gpp_b': 0.00014318149960965617, 'gpp_d': 15.556759443588145, 'ign_k': 1.1036877414652362, 'ign_c': 13.578855840523469, 'trop_agb_crit': 2.4339583296682297, 'trop_k_veg': 1.0598895317506418, 'pop_amp': 0.020588621121656565, 'pop_peak': 3.441535907630072, 'pop_sig': 1.2530872569154907, 'fuel_k': 0.12644641401623638, 'fuel_half': 0.3996950717103417}. Best is trial 1622 with value: -0.6125870653324885.
[I 2026-08-19 17:46:01,927] Trial 1638 finished with value: 0.4463134004309436 and parameters: {'k1': 0.008190293921167551, 'D_low': 3.395239875036966, 'k2': 0.0016444858970932517, 'D_high': 998834.9866584205, 'fire_exp': 5.093820742594458, 'P_half': 281.35459709011536, 'pre_dampen_half': 2.795630305618916, 'gpp_af': 0.010534060731461696, 'gpp_b': 0.000494458099565723, 'gpp_d': 19.75647903395253, 'ign_k': 1.2964837730843215, 'ign_c': 0.2303135120562734, 'trop_agb_crit': 6.169576136757739, 'trop_k_veg': 0.9802881225419701, 'pop_amp': 10.438160677044554, 'pop_peak': 76.02725862392195, 'pop_sig': 0.36506492732706913, 'fuel_k': 0.09455770185162088, 'fuel_half': 1.0296062968891555}. Best is trial 1622 with value: -0.6125870653324885.
  trial 1639/2500  best_overall=0.6126  (47.6 min)
[I 2026-08-19 17:46:04,566] Trial 1639 finished with value: 0.4174257509994963 and parameters: {'k1': 0.0010898654782806917, 'D_low': 329.15619648968084, 'k2': 0.06605349241716289, 'D_high': 2778168.3739899574, 'fire_exp': 1.267659783749307, 'P_half': 100.0647127866893, 'pre_dampen_half': 4.371635674556522, 'gpp_af': 0.06554764134641083, 'gpp_b': 1.6123473957212647e-05, 'gpp_d': 53.13983042214471, 'ign_k': 0.48843438863764427, 'ign_c': 4.072950102621882, 'trop_agb_crit': 2.0418634235406943, 'trop_k_veg': 1.0910083589245543, 'pop_amp': 0.006627897187290023, 'pop_peak': 601.1918916331128, 'pop_sig': 0.7655459306378988, 'fuel_k': 0.10285274614730398, 'fuel_half': 0.18590182548703282}. Best is trial 1622 with value: -0.6125870653324885.
[I 2026-08-19 17:46:06,689] Trial 1640 finished with value: 0.6445374145881376 and parameters: {'k1': 0.00014360557330866182, 'D_low': 74.6153679098465, 'k2': 0.018874504098824796, 'D_high': 9178868.070225758, 'fire_exp': 1.7882515531747023, 'P_half': 18.97068747028453, 'pre_dampen_half': 9.636406192103722, 'gpp_af': 0.0327039554347111, 'gpp_b': 0.0002042586917486188, 'gpp_d': 56.01997890382862, 'ign_k': 1.5388239919495552, 'ign_c': 123.43710907966168, 'trop_agb_crit': 4.3686509637563224, 'trop_k_veg': 0.9478274809290654, 'pop_amp': 0.001812248388824999, 'pop_peak': 0.24428712102815564, 'pop_sig': 1.7207051586900621, 'fuel_k': 0.11142751338930794, 'fuel_half': 0.5372150121493531}. Best is trial 1622 with value: -0.6125870653324885.
[I 2026-08-19 17:46:08,871] Trial 1641 finished with value: 0.4449325578066332 and parameters: {'k1': 0.00273926376666361, 'D_low': 4.323588309651265, 'k2': 0.006614881302157515, 'D_high': 5660345.651237295, 'fire_exp': 1.3150857338972566, 'P_half': 34.70291899040257, 'pre_dampen_half': 30.14826113872747, 'gpp_af': 0.2696366227723172, 'gpp_b': 0.0005241228016786072, 'gpp_d': 272.70502877435075, 'ign_k': 0.5428758470008479, 'ign_c': 12.576709908399636, 'trop_agb_crit': 23.07171438637885, 'trop_k_veg': 0.7860255159486896, 'pop_amp': 0.012029606047600479, 'pop_peak': 0.18293351058697488, 'pop_sig': 1.3472992129181538, 'fuel_k': 0.13207393208239995, 'fuel_half': 5.491083771263452}. Best is trial 1622 with value: -0.6125870653324885.
[I 2026-08-19 17:46:11,045] Trial 1642 finished with value: 0.5657250521021489 and parameters: {'k1': 0.020794362380556562, 'D_low': 1.4173874115403238, 'k2': 3.7538002963330806e-05, 'D_high': 97327.95974138539, 'fire_exp': 2.095746761209903, 'P_half': 11.297902722206668, 'pre_dampen_half': 0.27041823851459296, 'gpp_af': 0.025993901976971087, 'gpp_b': 0.0006156560574468994, 'gpp_d': 33.407151082546655, 'ign_k': 0.580323457349255, 'ign_c': 23.714933817605306, 'trop_agb_crit': 14.918653019170096, 'trop_k_veg': 7.1407267165178965, 'pop_amp': 0.06874370290738246, 'pop_peak': 0.896969098265591, 'pop_sig': 0.3699050899765, 'fuel_k': 2.2669596990651417, 'fuel_half': 6.577407514865272}. Best is trial 1622 with value: -0.6125870653324885.
[I 2026-08-19 17:46:13,202] Trial 1643 finished with value: 0.6445374145881376 and parameters: {'k1': 0.007308483120561121, 'D_low': 50.002594829305316, 'k2': 4.090000178788136e-05, 'D_high': 7266022.974010195, 'fire_exp': 2.6969145837534603, 'P_half': 172.49826839259634, 'pre_dampen_half': 3.9984485160714547, 'gpp_af': 0.0023344404339684655, 'gpp_b': 6.248430461203879e-05, 'gpp_d': 10.247263373707911, 'ign_k': 0.11462365809403169, 'ign_c': 165.91197105363676, 'trop_agb_crit': 7.35485841383526, 'trop_k_veg': 4.6249115291581235, 'pop_amp': 0.0014900225517368952, 'pop_peak': 0.38682614373249313, 'pop_sig': 0.35561705125225207, 'fuel_k': 0.14187622249974688, 'fuel_half': 1.1132418844829237}. Best is trial 1622 with value: -0.6125870653324885.
[I 2026-08-19 17:46:15,305] Trial 1644 finished with value: 0.4901788601309802 and parameters: {'k1': 0.025845630198918498, 'D_low': 29.643005723833284, 'k2': 0.00031768830629826865, 'D_high': 110415.78599663494, 'fire_exp': 2.9021912684172335, 'P_half': 407.92398929115234, 'pre_dampen_half': 4.562803356658611, 'gpp_af': 0.0010106632253172024, 'gpp_b': 0.00023220736542871415, 'gpp_d': 34.73065464787489, 'ign_k': 5.1512289236617415, 'ign_c': 12.521766645087354, 'trop_agb_crit': 4.229479525141241, 'trop_k_veg': 3.9891892011261434, 'pop_amp': 0.019269166680411776, 'pop_peak': 2.490349739530697, 'pop_sig': 0.517869156222935, 'fuel_k': 2.981941896074938, 'fuel_half': 1.9936797236655133}. Best is trial 1622 with value: -0.6125870653324885.
[I 2026-08-19 17:46:17,456] Trial 1645 finished with value: 0.5616648225652265 and parameters: {'k1': 0.01229050726362208, 'D_low': 31.60696704506896, 'k2': 0.0004759271800936226, 'D_high': 14070.391686501569, 'fire_exp': 2.88709553707747, 'P_half': 45.6419709082829, 'pre_dampen_half': 0.06057474728705085, 'gpp_af': 0.019280904628935485, 'gpp_b': 2.1510889682171365e-05, 'gpp_d': 104.41740573058539, 'ign_k': 3.095493298216503, 'ign_c': 7.285585379129597, 'trop_agb_crit': 3.355080639576636, 'trop_k_veg': 5.25293394406106, 'pop_amp': 0.005349726007597003, 'pop_peak': 0.644163508702111, 'pop_sig': 0.3199867060559013, 'fuel_k': 2.244360332056763, 'fuel_half': 0.10406738772619158}. Best is trial 1622 with value: -0.6125870653324885.
[I 2026-08-19 17:46:19,627] Trial 1646 finished with value: 0.6569212666984087 and parameters: {'k1': 0.0006852595548350302, 'D_low': 72.16079405980369, 'k2': 0.014370153099130327, 'D_high': 3979834.0223767115, 'fire_exp': 1.531619324795765, 'P_half': 2.8434103749689807, 'pre_dampen_half': 65.24801342230072, 'gpp_af': 0.0030895876358247878, 'gpp_b': 0.00010463617331453055, 'gpp_d': 36.54297313726779, 'ign_k': 0.7126093820208075, 'ign_c': 61.40116435560953, 'trop_agb_crit': 1.3255890176169243, 'trop_k_veg': 0.5953304078966833, 'pop_amp': 0.21272983309455487, 'pop_peak': 0.41863524034849153, 'pop_sig': 1.3647623435665053, 'fuel_k': 0.12044470819295892, 'fuel_half': 0.5002762933456338}. Best is trial 1622 with value: -0.6125870653324885.
[I 2026-08-19 17:46:21,703] Trial 1647 finished with value: 0.5540182965812791 and parameters: {'k1': 0.0015477223667707473, 'D_low': 13636.582251238611, 'k2': 0.0060504937271031595, 'D_high': 254466.1430126468, 'fire_exp': 2.7983008559778124, 'P_half': 24.970800660768422, 'pre_dampen_half': 0.035266516764521645, 'gpp_af': 0.10647945152302458, 'gpp_b': 1.2013230265706345e-05, 'gpp_d': 175.36921546536044, 'ign_k': 0.19800038648799023, 'ign_c': 0.16734463774342068, 'trop_agb_crit': 8.871944479742936, 'trop_k_veg': 3.3951787865695886, 'pop_amp': 0.7747819062069986, 'pop_peak': 0.21710226688861878, 'pop_sig': 0.4997603580854581, 'fuel_k': 0.012094163208275183, 'fuel_half': 0.3083657958564777}. Best is trial 1622 with value: -0.6125870653324885.
[I 2026-08-19 17:46:23,850] Trial 1648 finished with value: 0.6445374145881376 and parameters: {'k1': 0.0014694661853198589, 'D_low': 79895.25478877872, 'k2': 0.04943202606014091, 'D_high': 5453865.52166801, 'fire_exp': 3.940550849209741, 'P_half': 685.7319466558006, 'pre_dampen_half': 2.223116974483158, 'gpp_af': 0.0010810069918889729, 'gpp_b': 0.059595857287202444, 'gpp_d': 3.772100681078347, 'ign_k': 0.8355855629275589, 'ign_c': 38.117909860040655, 'trop_agb_crit': 2.726620535666234, 'trop_k_veg': 1.0067632304130443, 'pop_amp': 0.011747990374345103, 'pop_peak': 1.1061697713352647, 'pop_sig': 1.1616698748350152, 'fuel_k': 0.21120567109913202, 'fuel_half': 0.19662384975946876}. Best is trial 1622 with value: -0.6125870653324885.
  trial 1649/2500  best_overall=0.6126  (48.0 min)
[I 2026-08-19 17:46:26,489] Trial 1649 finished with value: 0.5546182603130433 and parameters: {'k1': 0.0001719741976820875, 'D_low': 32.836146668891516, 'k2': 0.029361750205573647, 'D_high': 5672.340446401143, 'fire_exp': 2.88716321260224, 'P_half': 82.87221008866526, 'pre_dampen_half': 122.44409673261931, 'gpp_af': 0.0010720495318504086, 'gpp_b': 0.0001165833003934977, 'gpp_d': 31.2968198404634, 'ign_k': 6.131421875981241, 'ign_c': 6.952540364819797, 'trop_agb_crit': 5.259301476981679, 'trop_k_veg': 1.5304565362155425, 'pop_amp': 0.6413839891125296, 'pop_peak': 21.791608556045638, 'pop_sig': 1.7080124327986688, 'fuel_k': 0.2675012654558471, 'fuel_half': 0.1739404393186644}. Best is trial 1622 with value: -0.6125870653324885.
[I 2026-08-19 17:46:28,654] Trial 1650 finished with value: 0.6445374145881376 and parameters: {'k1': 0.02227834366317758, 'D_low': 2996.060949690742, 'k2': 0.003059480503310493, 'D_high': 1892856.4488452682, 'fire_exp': 1.9792578332805182, 'P_half': 112.2700352791326, 'pre_dampen_half': 1.2071836353078838, 'gpp_af': 0.0363068377606417, 'gpp_b': 0.0023236017951900195, 'gpp_d': 4.721055383563617, 'ign_k': 3.8183259308264548, 'ign_c': 47.94650754785525, 'trop_agb_crit': 8.664972778160527, 'trop_k_veg': 7.676563386717663, 'pop_amp': 0.0015759008101467872, 'pop_peak': 0.06321334445440702, 'pop_sig': 0.45271508654970166, 'fuel_k': 0.6645995274738518, 'fuel_half': 0.10149798425060616}. Best is trial 1622 with value: -0.6125870653324885.
[I 2026-08-19 17:46:30,742] Trial 1651 finished with value: 0.6010434484706497 and parameters: {'k1': 0.056565768366613665, 'D_low': 2.138025442681233, 'k2': 0.0017194937369654068, 'D_high': 237688.5177970782, 'fire_exp': 2.0366601202408376, 'P_half': 1.5802844925121957, 'pre_dampen_half': 9.583298083053771, 'gpp_af': 0.3766739252191195, 'gpp_b': 0.00025918854444595006, 'gpp_d': 662.1873738404456, 'ign_k': 0.26793382317760034, 'ign_c': 61.12694044163431, 'trop_agb_crit': 12.09422091160544, 'trop_k_veg': 5.014723221813336, 'pop_amp': 0.0017658969094181607, 'pop_peak': 0.7234592290347776, 'pop_sig': 0.7483434070598358, 'fuel_k': 0.1310892813300968, 'fuel_half': 0.5037991424444699}. Best is trial 1622 with value: -0.6125870653324885.
