[I 2026-06-10 18:19:54,224] Trial 2294 finished with values: [10.881326949417108, 10.881326949417108] and parameters: {'k1': 0.028401063201780267, 'D_low': 43.2326421037033, 'k2': 0.0001016707987819611, 'D_high': 2427.054417940131, 'fire_exp': 6.128963383705771, 'P_half': 157.80309954142965, 'pre_dampen_half': 8.259599205585761, 'gpp_af': 0.03522602097143089, 'gpp_b': 1.1008110571039521e-05, 'gpp_d': 12.338826503601998, 'ign_k': 3.965503094323014, 'ign_c': 22.126836566118193, 'trop_agb_crit': 8.188098178380693, 'trop_k_veg': 2.724170387400844, 'fire_amp': 5.44779717154213}.
[I 2026-06-10 18:19:55,673] Trial 2295 finished with values: [10.598013852059173, 10.598013852059173] and parameters: {'k1': 0.028401063201780267, 'D_low': 1.873653322520581, 'k2': 0.0001016707987819611, 'D_high': 2427.054417940131, 'fire_exp': 1.4690410989404576, 'P_half': 157.80309954142965, 'pre_dampen_half': 8.259599205585761, 'gpp_af': 0.03522602097143089, 'gpp_b': 1.1008110571039521e-05, 'gpp_d': 545.0253444559129, 'ign_k': 3.965503094323014, 'ign_c': 6.567221920408827, 'trop_agb_crit': 1.5033346993841157, 'trop_k_veg': 6.172643383211297, 'fire_amp': 5.44779717154213}.
[I 2026-06-10 18:19:57,097] Trial 2296 finished with values: [10.46534933520699, 10.46534933520699] and parameters: {'k1': 0.028401063201780267, 'D_low': 43.2326421037033, 'k2': 0.045914852167405346, 'D_high': 3318.8595792563647, 'fire_exp': 1.4572158037266703, 'P_half': 3.591771421517613, 'pre_dampen_half': 269.0845367054866, 'gpp_af': 0.8057329182285734, 'gpp_b': 1.1008110571039521e-05, 'gpp_d': 12.338826503601998, 'ign_k': 3.965503094323014, 'ign_c': 22.126836566118193, 'trop_agb_crit': 3.534001063181976, 'trop_k_veg': 0.7182755813472589, 'fire_amp': 1.1202509284327942}.
[I 2026-06-10 18:19:58,673] Trial 2297 finished with values: [-0.7562507371465536, 0.05359076452266609] and parameters: {'k1': 0.016973078532467004, 'D_low': 24.28756508761176, 'k2': 0.0001016707987819611, 'D_high': 8161.260265732991, 'fire_exp': 1.4690410989404576, 'P_half': 157.80309954142965, 'pre_dampen_half': 5.593036834117395, 'gpp_af': 0.03522602097143089, 'gpp_b': 0.00012118589392553798, 'gpp_d': 545.0253444559129, 'ign_k': 3.965503094323014, 'ign_c': 22.126836566118193, 'trop_agb_crit': 1.5033346993841157, 'trop_k_veg': 6.172643383211297, 'fire_amp': 5.44779717154213}.
[I 2026-06-10 18:20:00,293] Trial 2298 finished with values: [10.751042458921638, 10.751042458921638] and parameters: {'k1': 2.820470499715577e-05, 'D_low': 43.2326421037033, 'k2': 0.045914852167405346, 'D_high': 98.52227574827681, 'fire_exp': 1.0601964743503993, 'P_half': 157.80309954142965, 'pre_dampen_half': 8.259599205585761, 'gpp_af': 0.10098504976210308, 'gpp_b': 0.1709090191269513, 'gpp_d': 12.338826503601998, 'ign_k': 3.965503094323014, 'ign_c': 5.133402701424388, 'trop_agb_crit': 1.5033346993841157, 'trop_k_veg': 2.9806294141302545, 'fire_amp': 4.19233232783727}.
[I 2026-06-10 18:20:01,772] Trial 2299 finished with values: [-0.6893882077198673, 0.037888373976135314] and parameters: {'k1': 0.028401063201780267, 'D_low': 43.2326421037033, 'k2': 0.045914852167405346, 'D_high': 839.2504050877119, 'fire_exp': 1.5191397119156032, 'P_half': 3.591771421517613, 'pre_dampen_half': 269.0845367054866, 'gpp_af': 0.0013121238308167918, 'gpp_b': 1.1008110571039521e-05, 'gpp_d': 12.338826503601998, 'ign_k': 3.965503094323014, 'ign_c': 22.126836566118193, 'trop_agb_crit': 4.504985382172425, 'trop_k_veg': 0.5535297685306277, 'fire_amp': 1.1202509284327942}.
[I 2026-06-10 18:20:03,132] Trial 2300 finished with values: [10.800243844917729, 10.800243844917729] and parameters: {'k1': 0.07119679541167405, 'D_low': 1.873653322520581, 'k2': 0.003956300749428727, 'D_high': 8161.260265732991, 'fire_exp': 1.4690410989404576, 'P_half': 157.80309954142965, 'pre_dampen_half': 5.593036834117395, 'gpp_af': 0.03522602097143089, 'gpp_b': 1.1008110571039521e-05, 'gpp_d': 0.5940957686276684, 'ign_k': 3.965503094323014, 'ign_c': 22.126836566118193, 'trop_agb_crit': 4.420749545414719, 'trop_k_veg': 6.172643383211297, 'fire_amp': 5.44779717154213}.
[I 2026-06-10 18:20:05,478] Trial 2301 finished with values: [-0.7661068169560104, 0.05425768623862548] and parameters: {'k1': 0.028401063201780267, 'D_low': 5.217455192691176, 'k2': 0.0001016707987819611, 'D_high': 8161.260265732991, 'fire_exp': 1.4690410989404576, 'P_half': 157.80309954142965, 'pre_dampen_half': 5.593036834117395, 'gpp_af': 0.03522602097143089, 'gpp_b': 0.00012118589392553798, 'gpp_d': 12.338826503601998, 'ign_k': 3.965503094323014, 'ign_c': 22.126836566118193, 'trop_agb_crit': 6.128416443551616, 'trop_k_veg': 6.172643383211297, 'fire_amp': 5.44779717154213}.
[I 2026-06-10 18:20:07,041] Trial 2302 finished with values: [10.170117494818227, 10.170117494818227] and parameters: {'k1': 2.820470499715577e-05, 'D_low': 43.2326421037033, 'k2': 0.045914852167405346, 'D_high': 2427.054417940131, 'fire_exp': 1.0601964743503993, 'P_half': 157.80309954142965, 'pre_dampen_half': 8.259599205585761, 'gpp_af': 0.10098504976210308, 'gpp_b': 1.1008110571039521e-05, 'gpp_d': 12.338826503601998, 'ign_k': 5.276924233362289, 'ign_c': 22.126836566118193, 'trop_agb_crit': 1.5033346993841157, 'trop_k_veg': 2.9806294141302545, 'fire_amp': 5.352638780830239}.
[I 2026-06-10 18:20:08,491] Trial 2303 finished with values: [10.820876105226361, 10.820876105226361] and parameters: {'k1': 1.803123138306411e-05, 'D_low': 24.28756508761176, 'k2': 0.045914852167405346, 'D_high': 839.2504050877119, 'fire_exp': 1.5191397119156032, 'P_half': 157.80309954142965, 'pre_dampen_half': 5.593036834117395, 'gpp_af': 0.03522602097143089, 'gpp_b': 0.00012118589392553798, 'gpp_d': 132.95852444724167, 'ign_k': 0.014775168474689205, 'ign_c': 22.126836566118193, 'trop_agb_crit': 6.128416443551616, 'trop_k_veg': 2.724170387400844, 'fire_amp': 1.1202509284327942}.
[I 2026-06-10 18:20:09,813] Trial 2304 finished with values: [10.19030169730661, 10.19030169730661] and parameters: {'k1': 0.016973078532467004, 'D_low': 24.28756508761176, 'k2': 0.0005965925393602883, 'D_high': 8161.260265732991, 'fire_exp': 1.4690410989404576, 'P_half': 157.80309954142965, 'pre_dampen_half': 5.593036834117395, 'gpp_af': 0.03522602097143089, 'gpp_b': 0.00012118589392553798, 'gpp_d': 0.01286964726724675, 'ign_k': 3.965503094323014, 'ign_c': 22.126836566118193, 'trop_agb_crit': 1.5033346993841157, 'trop_k_veg': 6.172643383211297, 'fire_amp': 5.44779717154213}.
[I 2026-06-10 18:20:11,185] Trial 2305 finished with values: [-0.7767915618724242, 0.030450147039739917] and parameters: {'k1': 0.028401063201780267, 'D_low': 16.00237013173313, 'k2': 0.00033271381912662167, 'D_high': 2427.054417940131, 'fire_exp': 1.5191397119156032, 'P_half': 157.80309954142965, 'pre_dampen_half': 8.259599205585761, 'gpp_af': 0.03522602097143089, 'gpp_b': 0.00012118589392553798, 'gpp_d': 12.338826503601998, 'ign_k': 3.965503094323014, 'ign_c': 22.126836566118193, 'trop_agb_crit': 5.526463318565575, 'trop_k_veg': 2.724170387400844, 'fire_amp': 5.44779717154213}.
[I 2026-06-10 18:20:12,671] Trial 2306 finished with values: [10.47414320971044, 10.47414320971044] and parameters: {'k1': 0.016973078532467004, 'D_low': 43.2326421037033, 'k2': 0.0001016707987819611, 'D_high': 8161.260265732991, 'fire_exp': 1.4690410989404576, 'P_half': 157.80309954142965, 'pre_dampen_half': 8.259599205585761, 'gpp_af': 0.10098504976210308, 'gpp_b': 0.00012118589392553798, 'gpp_d': 12.338826503601998, 'ign_k': 3.965503094323014, 'ign_c': 18.25244373197921, 'trop_agb_crit': 2.1989086830950257, 'trop_k_veg': 2.724170387400844, 'fire_amp': 5.44779717154213}.
[I 2026-06-10 18:20:14,246] Trial 2307 finished with values: [10.054493791742644, 10.054493791742644] and parameters: {'k1': 0.028401063201780267, 'D_low': 24.28756508761176, 'k2': 0.0001016707987819611, 'D_high': 8161.260265732991, 'fire_exp': 1.4690410989404576, 'P_half': 157.80309954142965, 'pre_dampen_half': 10.344616200969803, 'gpp_af': 0.03522602097143089, 'gpp_b': 0.00012118589392553798, 'gpp_d': 91.82809639430349, 'ign_k': 3.965503094323014, 'ign_c': 22.126836566118193, 'trop_agb_crit': 1.5033346993841157, 'trop_k_veg': 6.172643383211297, 'fire_amp': 5.44779717154213}.
[I 2026-06-10 18:20:15,639] Trial 2308 finished with values: [10.366423234160049, 10.366423234160049] and parameters: {'k1': 0.028401063201780267, 'D_low': 12.105387404469584, 'k2': 0.0001016707987819611, 'D_high': 8161.260265732991, 'fire_exp': 1.0601964743503993, 'P_half': 157.80309954142965, 'pre_dampen_half': 5.593036834117395, 'gpp_af': 0.03522602097143089, 'gpp_b': 1.1008110571039521e-05, 'gpp_d': 545.0253444559129, 'ign_k': 5.276924233362289, 'ign_c': 22.126836566118193, 'trop_agb_crit': 1.5033346993841157, 'trop_k_veg': 6.172643383211297, 'fire_amp': 4.19233232783727}.
[I 2026-06-10 18:20:16,973] Trial 2309 finished with values: [-0.7664053252505707, 0.053555761357925835] and parameters: {'k1': 0.016973078532467004, 'D_low': 43.2326421037033, 'k2': 0.0001016707987819611, 'D_high': 8161.260265732991, 'fire_exp': 1.4690410989404576, 'P_half': 157.80309954142965, 'pre_dampen_half': 5.593036834117395, 'gpp_af': 0.03522602097143089, 'gpp_b': 0.00012118589392553798, 'gpp_d': 713.4815170163289, 'ign_k': 3.965503094323014, 'ign_c': 22.126836566118193, 'trop_agb_crit': 6.128416443551616, 'trop_k_veg': 6.172643383211297, 'fire_amp': 5.44779717154213}.
[I 2026-06-10 18:20:18,310] Trial 2310 finished with values: [10.5138877578193, 10.5138877578193] and parameters: {'k1': 0.028401063201780267, 'D_low': 1.873653322520581, 'k2': 0.045914852167405346, 'D_high': 839.2504050877119, 'fire_exp': 1.4572158037266703, 'P_half': 3.591771421517613, 'pre_dampen_half': 269.0845367054866, 'gpp_af': 0.0019093273197547155, 'gpp_b': 0.008842485906646326, 'gpp_d': 545.0253444559129, 'ign_k': 5.1102543364726785, 'ign_c': 22.126836566118193, 'trop_agb_crit': 1.5033346993841157, 'trop_k_veg': 0.7182755813472589, 'fire_amp': 5.44779717154213}.
[I 2026-06-10 18:20:19,684] Trial 2311 finished with values: [-0.7533428908437001, 0.0874419190934903] and parameters: {'k1': 0.028401063201780267, 'D_low': 5.217455192691176, 'k2': 0.0001016707987819611, 'D_high': 2427.054417940131, 'fire_exp': 1.4690410989404576, 'P_half': 157.80309954142965, 'pre_dampen_half': 8.259599205585761, 'gpp_af': 0.10098504976210308, 'gpp_b': 4.289032218966653e-05, 'gpp_d': 12.338826503601998, 'ign_k': 3.965503094323014, 'ign_c': 22.126836566118193, 'trop_agb_crit': 6.128416443551616, 'trop_k_veg': 2.724170387400844, 'fire_amp': 5.44779717154213}.
[I 2026-06-10 18:20:21,254] Trial 2312 finished with values: [10.72037471150413, 10.72037471150413] and parameters: {'k1': 0.07119679541167405, 'D_low': 1.873653322520581, 'k2': 0.0001016707987819611, 'D_high': 839.2504050877119, 'fire_exp': 1.4690410989404576, 'P_half': 3.591771421517613, 'pre_dampen_half': 5.593036834117395, 'gpp_af': 0.03522602097143089, 'gpp_b': 0.00012118589392553798, 'gpp_d': 545.0253444559129, 'ign_k': 3.965503094323014, 'ign_c': 22.126836566118193, 'trop_agb_crit': 3.1419938725278875, 'trop_k_veg': 6.172643383211297, 'fire_amp': 1.1202509284327942}.
[I 2026-06-10 18:20:22,965] Trial 2313 finished with values: [10.720960534840206, 10.720960534840206] and parameters: {'k1': 0.028401063201780267, 'D_low': 1142.254591092694, 'k2': 0.0001016707987819611, 'D_high': 839.2504050877119, 'fire_exp': 1.5191397119156032, 'P_half': 157.80309954142965, 'pre_dampen_half': 8.259599205585761, 'gpp_af': 0.10098504976210308, 'gpp_b': 0.00012118589392553798, 'gpp_d': 545.0253444559129, 'ign_k': 3.965503094323014, 'ign_c': 22.126836566118193, 'trop_agb_crit': 4.028411437825572, 'trop_k_veg': 2.724170387400844, 'fire_amp': 5.44779717154213}.
[I 2026-06-10 18:20:24,478] Trial 2314 finished with values: [-0.75768230674648, 0.06467077891690531] and parameters: {'k1': 0.016973078532467004, 'D_low': 1.873653322520581, 'k2': 0.0002902170966238275, 'D_high': 2427.054417940131, 'fire_exp': 1.5191397119156032, 'P_half': 157.80309954142965, 'pre_dampen_half': 8.259599205585761, 'gpp_af': 0.03522602097143089, 'gpp_b': 1.1008110571039521e-05, 'gpp_d': 545.0253444559129, 'ign_k': 3.965503094323014, 'ign_c': 22.126836566118193, 'trop_agb_crit': 6.128416443551616, 'trop_k_veg': 2.724170387400844, 'fire_amp': 5.44779717154213}.
[I 2026-06-10 18:20:26,863] Trial 2315 finished with values: [-0.7408795084547624, 0.07547147517236097] and parameters: {'k1': 0.016973078532467004, 'D_low': 24.28756508761176, 'k2': 0.0001016707987819611, 'D_high': 8161.260265732991, 'fire_exp': 1.5191397119156032, 'P_half': 157.80309954142965, 'pre_dampen_half': 5.593036834117395, 'gpp_af': 0.10098504976210308, 'gpp_b': 0.00012118589392553798, 'gpp_d': 12.338826503601998, 'ign_k': 3.965503094323014, 'ign_c': 22.126836566118193, 'trop_agb_crit': 1.5033346993841157, 'trop_k_veg': 6.172643383211297, 'fire_amp': 5.44779717154213}.
[I 2026-06-10 18:20:28,432] Trial 2316 finished with values: [-0.7554879468755739, 0.054270428385186587] and parameters: {'k1': 0.07119679541167405, 'D_low': 1.873653322520581, 'k2': 0.0001016707987819611, 'D_high': 8161.260265732991, 'fire_exp': 1.4690410989404576, 'P_half': 157.80309954142965, 'pre_dampen_half': 5.593036834117395, 'gpp_af': 0.03522602097143089, 'gpp_b': 0.00012118589392553798, 'gpp_d': 18.874200864578004, 'ign_k': 3.965503094323014, 'ign_c': 22.126836566118193, 'trop_agb_crit': 1.5033346993841157, 'trop_k_veg': 6.172643383211297, 'fire_amp': 5.44779717154213}.
[I 2026-06-10 18:20:30,016] Trial 2317 finished with values: [10.120823957032952, 10.120823957032952] and parameters: {'k1': 0.028401063201780267, 'D_low': 1.873653322520581, 'k2': 0.0001016707987819611, 'D_high': 4632.892147999452, 'fire_exp': 1.4690410989404576, 'P_half': 157.80309954142965, 'pre_dampen_half': 5.593036834117395, 'gpp_af': 0.03522602097143089, 'gpp_b': 0.00012118589392553798, 'gpp_d': 545.0253444559129, 'ign_k': 3.965503094323014, 'ign_c': 22.126836566118193, 'trop_agb_crit': 1.5033346993841157, 'trop_k_veg': 6.172643383211297, 'fire_amp': 5.44779717154213}.
[I 2026-06-10 18:20:31,484] Trial 2318 finished with values: [10.58479388023742, 10.58479388023742] and parameters: {'k1': 0.07119679541167405, 'D_low': 1.873653322520581, 'k2': 0.0001016707987819611, 'D_high': 8161.260265732991, 'fire_exp': 1.4690410989404576, 'P_half': 157.80309954142965, 'pre_dampen_half': 0.2000704688732151, 'gpp_af': 0.03522602097143089, 'gpp_b': 0.00012118589392553798, 'gpp_d': 12.338826503601998, 'ign_k': 3.965503094323014, 'ign_c': 22.126836566118193, 'trop_agb_crit': 1.5033346993841157, 'trop_k_veg': 6.172643383211297, 'fire_amp': 5.44779717154213}.
[I 2026-06-10 18:20:32,983] Trial 2319 finished with values: [10.118994721332907, 10.118994721332907] and parameters: {'k1': 0.028401063201780267, 'D_low': 43.2326421037033, 'k2': 0.0002902170966238275, 'D_high': 2427.054417940131, 'fire_exp': 1.5191397119156032, 'P_half': 157.80309954142965, 'pre_dampen_half': 8.259599205585761, 'gpp_af': 0.03522602097143089, 'gpp_b': 1.1008110571039521e-05, 'gpp_d': 12.338826503601998, 'ign_k': 0.004344792600655482, 'ign_c': 22.126836566118193, 'trop_agb_crit': 6.128416443551616, 'trop_k_veg': 2.724170387400844, 'fire_amp': 5.44779717154213}.
[I 2026-06-10 18:20:34,473] Trial 2320 finished with values: [10.032115672219978, 10.032115672219978] and parameters: {'k1': 0.07119679541167405, 'D_low': 24.28756508761176, 'k2': 0.0001016707987819611, 'D_high': 8161.260265732991, 'fire_exp': 1.4690410989404576, 'P_half': 4.383797221758881, 'pre_dampen_half': 5.593036834117395, 'gpp_af': 0.03522602097143089, 'gpp_b': 0.00012118589392553798, 'gpp_d': 0.5940957686276684, 'ign_k': 3.965503094323014, 'ign_c': 22.126836566118193, 'trop_agb_crit': 1.2709403009336937, 'trop_k_veg': 6.172643383211297, 'fire_amp': 5.44779717154213}.
[I 2026-06-10 18:20:36,093] Trial 2321 finished with values: [10.176676193353773, 10.176676193353773] and parameters: {'k1': 0.028401063201780267, 'D_low': 43.2326421037033, 'k2': 0.045914852167405346, 'D_high': 839.2504050877119, 'fire_exp': 1.5191397119156032, 'P_half': 3.591771421517613, 'pre_dampen_half': 8.259599205585761, 'gpp_af': 0.8057329182285734, 'gpp_b': 0.00012998110641295775, 'gpp_d': 20.945798676965964, 'ign_k': 3.363275528808991, 'ign_c': 22.126836566118193, 'trop_agb_crit': 3.534001063181976, 'trop_k_veg': 2.9806294141302545, 'fire_amp': 4.19233232783727}.
[I 2026-06-10 18:20:37,641] Trial 2322 finished with values: [10.163171154804983, 10.163171154804983] and parameters: {'k1': 2.820470499715577e-05, 'D_low': 12.105387404469584, 'k2': 0.045914852167405346, 'D_high': 8161.260265732991, 'fire_exp': 1.0601964743503993, 'P_half': 157.80309954142965, 'pre_dampen_half': 8.259599205585761, 'gpp_af': 11.765988727052953, 'gpp_b': 0.00012118589392553798, 'gpp_d': 0.5940957686276684, 'ign_k': 5.276924233362289, 'ign_c': 22.126836566118193, 'trop_agb_crit': 10.280789131362026, 'trop_k_veg': 6.172643383211297, 'fire_amp': 5.44779717154213}.
[I 2026-06-10 18:20:39,134] Trial 2323 finished with values: [-0.7345056336496537, 0.08152464932973869] and parameters: {'k1': 0.028401063201780267, 'D_low': 43.2326421037033, 'k2': 0.0001016707987819611, 'D_high': 8161.260265732991, 'fire_exp': 1.4572158037266703, 'P_half': 157.80309954142965, 'pre_dampen_half': 5.593036834117395, 'gpp_af': 0.03522602097143089, 'gpp_b': 4.598235187051116e-05, 'gpp_d': 12.338826503601998, 'ign_k': 3.965503094323014, 'ign_c': 22.126836566118193, 'trop_agb_crit': 1.5033346993841157, 'trop_k_veg': 6.172643383211297, 'fire_amp': 5.44779717154213}.
[I 2026-06-10 18:20:40,613] Trial 2324 finished with values: [10.525327655100243, 10.525327655100243] and parameters: {'k1': 0.028401063201780267, 'D_low': 14.346626273724588, 'k2': 0.045914852167405346, 'D_high': 8161.260265732991, 'fire_exp': 2.0408302142250427, 'P_half': 3.591771421517613, 'pre_dampen_half': 5.593036834117395, 'gpp_af': 0.03522602097143089, 'gpp_b': 0.00012118589392553798, 'gpp_d': 12.338826503601998, 'ign_k': 3.965503094323014, 'ign_c': 22.126836566118193, 'trop_agb_crit': 21.246283286003347, 'trop_k_veg': 6.172643383211297, 'fire_amp': 1.1202509284327942}.
[I 2026-06-10 18:20:42,094] Trial 2325 finished with values: [10.16400319867804, 10.16400319867804] and parameters: {'k1': 0.028401063201780267, 'D_low': 9.996035402787856, 'k2': 0.0001016707987819611, 'D_high': 2427.054417940131, 'fire_exp': 1.5191397119156032, 'P_half': 3.591771421517613, 'pre_dampen_half': 269.0845367054866, 'gpp_af': 0.10098504976210308, 'gpp_b': 0.00012118589392553798, 'gpp_d': 3.7586189458250967, 'ign_k': 3.965503094323014, 'ign_c': 22.126836566118193, 'trop_agb_crit': 2.1989086830950257, 'trop_k_veg': 2.724170387400844, 'fire_amp': 1.1202509284327942}.
[I 2026-06-10 18:20:43,643] Trial 2326 finished with values: [10.723838527713871, 10.723838527713871] and parameters: {'k1': 0.028401063201780267, 'D_low': 5.217455192691176, 'k2': 0.0001016707987819611, 'D_high': 8161.260265732991, 'fire_exp': 1.4690410989404576, 'P_half': 157.80309954142965, 'pre_dampen_half': 5.593036834117395, 'gpp_af': 0.03522602097143089, 'gpp_b': 0.00012118589392553798, 'gpp_d': 4.761777234742778, 'ign_k': 3.965503094323014, 'ign_c': 2.676356119149111, 'trop_agb_crit': 6.128416443551616, 'trop_k_veg': 6.172643383211297, 'fire_amp': 5.44779717154213}.
[I 2026-06-10 18:20:45,171] Trial 2327 finished with values: [10.208989118609516, 10.208989118609516] and parameters: {'k1': 0.028401063201780267, 'D_low': 1.873653322520581, 'k2': 0.0001016707987819611, 'D_high': 8161.260265732991, 'fire_exp': 1.4572158037266703, 'P_half': 157.80309954142965, 'pre_dampen_half': 5.593036834117395, 'gpp_af': 0.03522602097143089, 'gpp_b': 0.001326584603197135, 'gpp_d': 545.0253444559129, 'ign_k': 3.965503094323014, 'ign_c': 22.126836566118193, 'trop_agb_crit': 1.5033346993841157, 'trop_k_veg': 6.172643383211297, 'fire_amp': 5.44779717154213}.
[I 2026-06-10 18:20:46,575] Trial 2328 finished with values: [-0.7569945921680439, 0.06552619851071328] and parameters: {'k1': 0.07119679541167405, 'D_low': 1.873653322520581, 'k2': 0.0002902170966238275, 'D_high': 2427.054417940131, 'fire_exp': 1.5191397119156032, 'P_half': 157.80309954142965, 'pre_dampen_half': 8.259599205585761, 'gpp_af': 0.03522602097143089, 'gpp_b': 1.1008110571039521e-05, 'gpp_d': 12.338826503601998, 'ign_k': 3.965503094323014, 'ign_c': 22.126836566118193, 'trop_agb_crit': 6.128416443551616, 'trop_k_veg': 2.724170387400844, 'fire_amp': 5.44779717154213}.
[I 2026-06-10 18:20:48,950] Trial 2329 finished with values: [-0.7095853600847613, 0.014576071701748017] and parameters: {'k1': 0.020616853818663503, 'D_low': 1.873653322520581, 'k2': 0.045914852167405346, 'D_high': 839.2504050877119, 'fire_exp': 1.4690410989404576, 'P_half': 157.80309954142965, 'pre_dampen_half': 5.593036834117395, 'gpp_af': 0.0013121238308167918, 'gpp_b': 1.1008110571039521e-05, 'gpp_d': 12.338826503601998, 'ign_k': 3.965503094323014, 'ign_c': 22.126836566118193, 'trop_agb_crit': 6.128416443551616, 'trop_k_veg': 2.724170387400844, 'fire_amp': 5.44779717154213}.
[I 2026-06-10 18:20:50,540] Trial 2330 finished with values: [10.470685156492502, 10.470685156492502] and parameters: {'k1': 0.028401063201780267, 'D_low': 24.28756508761176, 'k2': 0.0001016707987819611, 'D_high': 839.2504050877119, 'fire_exp': 1.4572158037266703, 'P_half': 157.80309954142965, 'pre_dampen_half': 5.593036834117395, 'gpp_af': 0.0013121238308167918, 'gpp_b': 0.00012118589392553798, 'gpp_d': 91.82809639430349, 'ign_k': 3.965503094323014, 'ign_c': 22.126836566118193, 'trop_agb_crit': 6.128416443551616, 'trop_k_veg': 2.724170387400844, 'fire_amp': 5.44779717154213}.
