[I 2026-07-24 02:16:21,262] Trial 67 finished with value: 0.5987007641049467 and parameters: {'k1': 0.08765532481852151, 'D_low': 7.595369615425745, 'k2': 3.884422290378209e-05, 'D_high': 25462.52154369482, 'fire_exp': 2.391952806003175, 'P_half': 31.873917149527863, 'pre_dampen_half': 1.1793970839351158, 'gpp_af': 1.113126999319285, 'gpp_b': 1.4727064688221787, 'gpp_d': 697.6049215444342, 'ign_k': 0.002834073896832222, 'ign_c': 3.3473040750969325, 'trop_agb_crit': 4.208715172721046, 'trop_k_veg': 2.2592647219254007, 'fuel_k': 4.134232825527436, 'fuel_half': 0.15221261412703835}. Best is trial 0 with value: -0.6070628323553574.
[I 2026-07-24 02:16:21,669] Trial 68 finished with value: 0.424130256180144 and parameters: {'k1': 0.011383673903474788, 'D_low': 364.6823777425316, 'k2': 0.00011187704351641844, 'D_high': 253804.89170986763, 'fire_exp': 1.2527610986509394, 'P_half': 3.2266875103758497, 'pre_dampen_half': 1.8588758973831911, 'gpp_af': 2.7316637495527347, 'gpp_b': 0.003307970390942623, 'gpp_d': 18.321146158703442, 'ign_k': 0.003142971367562875, 'ign_c': 67.12800456100915, 'trop_agb_crit': 1.2401155684984617, 'trop_k_veg': 7.266161198015707, 'fuel_k': 4.4987514288512, 'fuel_half': 0.42066804492930565}. Best is trial 0 with value: -0.6070628323553574.
[I 2026-07-24 02:16:22,077] Trial 69 finished with value: 0.5496764176968181 and parameters: {'k1': 0.03462526624512591, 'D_low': 1039.353533283926, 'k2': 0.0015433252293940035, 'D_high': 4265.7173328717545, 'fire_exp': 2.1832759769184817, 'P_half': 1.0768293237782767, 'pre_dampen_half': 5.939589885336963, 'gpp_af': 0.11858692156403303, 'gpp_b': 1.3076800056248016e-05, 'gpp_d': 221.95473143978725, 'ign_k': 8.288637041466943, 'ign_c': 0.21825504269128446, 'trop_agb_crit': 4.059003213323324, 'trop_k_veg': 1.2403599276013768, 'fuel_k': 5.536349562880314, 'fuel_half': 2.6739981632128798}. Best is trial 0 with value: -0.6070628323553574.
[I 2026-07-24 02:16:22,480] Trial 70 finished with value: -0.5346117521442686 and parameters: {'k1': 0.015060369777087445, 'D_low': 42.96983472530887, 'k2': 1.1282737592042695e-05, 'D_high': 1055764.1649162348, 'fire_exp': 1.1897805692237569, 'P_half': 1.8726078057568072, 'pre_dampen_half': 2.053688092212485, 'gpp_af': 0.967531875369081, 'gpp_b': 0.00670897291244176, 'gpp_d': 156.603636226668, 'ign_k': 0.008208040231377058, 'ign_c': 86.31469025071317, 'trop_agb_crit': 2.46692001248868, 'trop_k_veg': 1.3775882494767784, 'fuel_k': 1.2508745814404645, 'fuel_half': 0.34956700103210775}. Best is trial 0 with value: -0.6070628323553574.
[I 2026-07-24 02:16:22,882] Trial 71 finished with value: 0.5742562931677804 and parameters: {'k1': 0.01986578448248703, 'D_low': 5279.026027155922, 'k2': 4.677720144960679e-05, 'D_high': 108441.45385700194, 'fire_exp': 1.184905528750319, 'P_half': 6.603607978627718, 'pre_dampen_half': 0.4738440527451074, 'gpp_af': 0.29024984082332744, 'gpp_b': 0.0382350980829177, 'gpp_d': 356.36688494222165, 'ign_k': 0.04357234633166836, 'ign_c': 56.21131828688237, 'trop_agb_crit': 4.117151773140758, 'trop_k_veg': 1.944080331598254, 'fuel_k': 2.7123392056021554, 'fuel_half': 0.5955597362765106}. Best is trial 0 with value: -0.6070628323553574.
[I 2026-07-24 02:16:23,291] Trial 72 finished with value: 0.6084159039701454 and parameters: {'k1': 0.009568015541645715, 'D_low': 2.597427032887423, 'k2': 6.666128616111719e-05, 'D_high': 2107379.6592170936, 'fire_exp': 1.6834459067062522, 'P_half': 1.6747140018373265, 'pre_dampen_half': 4.393126389284399, 'gpp_af': 5.318054687126014, 'gpp_b': 0.020082871962630644, 'gpp_d': 60.41287695008879, 'ign_k': 0.01861615292863009, 'ign_c': 500.9900509087019, 'trop_agb_crit': 2.5163754209777394, 'trop_k_veg': 1.3930704241795704, 'fuel_k': 1.795942388435853, 'fuel_half': 0.12481412891686401}. Best is trial 0 with value: -0.6070628323553574.
[I 2026-07-24 02:16:23,693] Trial 73 finished with value: 0.601485067918674 and parameters: {'k1': 0.08288666711194441, 'D_low': 9532.175573693334, 'k2': 0.0005827346022757099, 'D_high': 9662.496548081188, 'fire_exp': 1.8024988308960799, 'P_half': 10.02311044491269, 'pre_dampen_half': 0.3377732646028137, 'gpp_af': 6.685412819351147, 'gpp_b': 3.8009400573357106e-05, 'gpp_d': 315.5128614162619, 'ign_k': 0.3609017866438036, 'ign_c': 0.12720967340937597, 'trop_agb_crit': 6.017523138461156, 'trop_k_veg': 1.3749729836835738, 'fuel_k': 2.4179275798314617, 'fuel_half': 0.37738884792868477}. Best is trial 0 with value: -0.6070628323553574.
[I 2026-07-24 02:16:24,097] Trial 74 finished with value: 0.5012873800447427 and parameters: {'k1': 0.02559425059311619, 'D_low': 8.134606275890555, 'k2': 3.273021574416607e-05, 'D_high': 61389.517783188545, 'fire_exp': 1.5871112469965487, 'P_half': 27.357820509016808, 'pre_dampen_half': 0.285164866980927, 'gpp_af': 1.0874716314708899, 'gpp_b': 0.0005531018639128914, 'gpp_d': 285.7035114888327, 'ign_k': 0.1990099682260915, 'ign_c': 0.924963274260594, 'trop_agb_crit': 3.265316117409879, 'trop_k_veg': 1.4808047689226522, 'fuel_k': 0.963896884740703, 'fuel_half': 0.5945299591884824}. Best is trial 0 with value: -0.6070628323553574.
[I 2026-07-24 02:16:24,496] Trial 75 finished with value: 0.45731436618632526 and parameters: {'k1': 0.012032026350435812, 'D_low': 5.822090753912654, 'k2': 1.107707753368857e-05, 'D_high': 1979996.6048426656, 'fire_exp': 1.0071627707431843, 'P_half': 1.342970974054133, 'pre_dampen_half': 13.808328051551534, 'gpp_af': 0.08920024702260047, 'gpp_b': 0.007581103391400269, 'gpp_d': 7.897025157694404, 'ign_k': 0.002036261560065906, 'ign_c': 135.0991696584942, 'trop_agb_crit': 3.1549402567074494, 'trop_k_veg': 0.7845413510772195, 'fuel_k': 0.167175752476835, 'fuel_half': 1.8029613838755432}. Best is trial 0 with value: -0.6070628323553574.
[I 2026-07-24 02:16:24,897] Trial 76 finished with value: 0.6445374145881376 and parameters: {'k1': 0.007072750979783888, 'D_low': 419691.05838541326, 'k2': 0.0004241431061848708, 'D_high': 40245.212617370256, 'fire_exp': 2.558268516061304, 'P_half': 1.2008830089342228, 'pre_dampen_half': 0.34333654567201527, 'gpp_af': 1.5452762928998598, 'gpp_b': 0.002783523600441978, 'gpp_d': 240.2873702744688, 'ign_k': 0.002183995639715548, 'ign_c': 11.464898019758056, 'trop_agb_crit': 1.105628553226394, 'trop_k_veg': 2.5170998775786746, 'fuel_k': 1.7816556433865036, 'fuel_half': 2.342189438606139}. Best is trial 0 with value: -0.6070628323553574.
[I 2026-07-24 02:16:25,296] Trial 77 finished with value: 0.6391526328225592 and parameters: {'k1': 0.008462193355818232, 'D_low': 283341.4985711287, 'k2': 2.21611325894804e-05, 'D_high': 993640.4795387594, 'fire_exp': 1.3638479815441849, 'P_half': 9.909806285711442, 'pre_dampen_half': 0.285487041251083, 'gpp_af': 44.38481175001244, 'gpp_b': 0.012738789931248416, 'gpp_d': 38.627734813865935, 'ign_k': 0.007540846726630269, 'ign_c': 22.275642182818064, 'trop_agb_crit': 1.7525218200028494, 'trop_k_veg': 3.5496137855164576, 'fuel_k': 1.5216098857687113, 'fuel_half': 0.2097592814720167}. Best is trial 0 with value: -0.6070628323553574.
[I 2026-07-24 02:16:25,696] Trial 78 finished with value: 0.5495766474031061 and parameters: {'k1': 0.018753550540366076, 'D_low': 635.041099234835, 'k2': 2.0636863081780846e-05, 'D_high': 418509.39487486467, 'fire_exp': 1.1126768716870243, 'P_half': 12.3048372220726, 'pre_dampen_half': 0.3969085179297315, 'gpp_af': 1.339317061550194, 'gpp_b': 0.0006783209373099604, 'gpp_d': 84.71796245740082, 'ign_k': 0.022515143355346084, 'ign_c': 63.06643361383316, 'trop_agb_crit': 1.7456103935851577, 'trop_k_veg': 1.3576867033375117, 'fuel_k': 0.19680452759284509, 'fuel_half': 0.4309634163403108}. Best is trial 0 with value: -0.6070628323553574.
[I 2026-07-24 02:16:26,098] Trial 79 finished with value: 0.5521376988168829 and parameters: {'k1': 0.0013816588133440224, 'D_low': 9.011090930906391, 'k2': 1.1538291055886517e-05, 'D_high': 9416102.477786323, 'fire_exp': 1.7946487344584945, 'P_half': 17.851558672408682, 'pre_dampen_half': 0.44153252325462494, 'gpp_af': 0.9683861276964729, 'gpp_b': 0.012838598648307538, 'gpp_d': 153.0080530856489, 'ign_k': 0.00770563875603491, 'ign_c': 23.705417896899355, 'trop_agb_crit': 2.7077049321585616, 'trop_k_veg': 0.8958337308093544, 'fuel_k': 1.3931530372448684, 'fuel_half': 1.2755876817992384}. Best is trial 0 with value: -0.6070628323553574.
[I 2026-07-24 02:16:26,506] Trial 80 finished with value: -0.5755288537792804 and parameters: {'k1': 0.0023010405512806057, 'D_low': 318.1395371876706, 'k2': 1.1292488806710114e-05, 'D_high': 189886.56799228615, 'fire_exp': 1.6058256470758272, 'P_half': 5.347981369254293, 'pre_dampen_half': 0.13127303790082456, 'gpp_af': 4.195745823293921, 'gpp_b': 4.693428316552978e-05, 'gpp_d': 800.5831592763265, 'ign_k': 0.6987838989673689, 'ign_c': 5.422661695180735, 'trop_agb_crit': 1.0289185788933666, 'trop_k_veg': 1.5289428927635496, 'fuel_k': 5.6697905493919745, 'fuel_half': 0.6372365135590741}. Best is trial 0 with value: -0.6070628323553574.
[I 2026-07-24 02:16:26,910] Trial 81 finished with value: 0.5592482302365052 and parameters: {'k1': 0.0029759507819460394, 'D_low': 863.4322952751686, 'k2': 1.0217157691805818e-05, 'D_high': 1573.7300811718872, 'fire_exp': 1.7829807326302813, 'P_half': 1.1820702496094886, 'pre_dampen_half': 0.6674633249488342, 'gpp_af': 4.076804551837387, 'gpp_b': 1.4922400022467552e-05, 'gpp_d': 569.8633723705392, 'ign_k': 1.0545307910647121, 'ign_c': 2.94839448363695, 'trop_agb_crit': 1.0968037074279147, 'trop_k_veg': 2.129108158343398, 'fuel_k': 0.8050507675383511, 'fuel_half': 0.7283685488071387}. Best is trial 0 with value: -0.6070628323553574.
[I 2026-07-24 02:16:27,312] Trial 82 finished with value: 0.5207366997480908 and parameters: {'k1': 0.020529038005143843, 'D_low': 157.23182949981063, 'k2': 0.0017087889825409617, 'D_high': 44374.157678844414, 'fire_exp': 2.715953280827392, 'P_half': 1.7762278440557755, 'pre_dampen_half': 0.015579749308416926, 'gpp_af': 0.11400588074800172, 'gpp_b': 1.5706029197738416e-05, 'gpp_d': 295.3347114229312, 'ign_k': 0.08186798014157524, 'ign_c': 1.042043271987361, 'trop_agb_crit': 1.5455591586195319, 'trop_k_veg': 3.1103366532549495, 'fuel_k': 4.010201066435986, 'fuel_half': 0.11170961121352964}. Best is trial 0 with value: -0.6070628323553574.
[I 2026-07-24 02:16:27,710] Trial 83 finished with value: -0.5610587115462515 and parameters: {'k1': 0.032375894056632715, 'D_low': 8681.558883102754, 'k2': 1.2248396725334801e-05, 'D_high': 69536.57952508704, 'fire_exp': 1.05867254736593, 'P_half': 20.71658951652105, 'pre_dampen_half': 41.34432998438516, 'gpp_af': 1.386115751275257, 'gpp_b': 0.0268694354215181, 'gpp_d': 85.14314930641119, 'ign_k': 0.012015192371785015, 'ign_c': 0.574284817300343, 'trop_agb_crit': 1.309584122891616, 'trop_k_veg': 2.741889277470819, 'fuel_k': 3.031081502555588, 'fuel_half': 0.618943379700907}. Best is trial 0 with value: -0.6070628323553574.
[I 2026-07-24 02:16:28,111] Trial 84 finished with value: 0.640852921017405 and parameters: {'k1': 0.037747345279823895, 'D_low': 141400.92870404775, 'k2': 1.880777915089505e-05, 'D_high': 360588.4509574697, 'fire_exp': 2.0301595500791474, 'P_half': 7.363032458625363, 'pre_dampen_half': 608.5390133727019, 'gpp_af': 0.23371154775038072, 'gpp_b': 0.07560306602420236, 'gpp_d': 2.6713753407024794, 'ign_k': 0.003093124370412242, 'ign_c': 0.13144320156278985, 'trop_agb_crit': 1.185435924806706, 'trop_k_veg': 3.8620149528550765, 'fuel_k': 2.2989589717688164, 'fuel_half': 0.6278727883626928}. Best is trial 0 with value: -0.6070628323553574.
[I 2026-07-24 02:16:28,512] Trial 85 finished with value: 0.6028218597553429 and parameters: {'k1': 0.004432523532784241, 'D_low': 55.165908407424745, 'k2': 0.0012666617895037825, 'D_high': 606175.1803925743, 'fire_exp': 3.6618128977473243, 'P_half': 2.8043874997237177, 'pre_dampen_half': 1.0018988203662396, 'gpp_af': 71.2945622768574, 'gpp_b': 0.4117234438465888, 'gpp_d': 5.478726573082802, 'ign_k': 0.5561824324982639, 'ign_c': 5.618847364672237, 'trop_agb_crit': 7.743621684432388, 'trop_k_veg': 1.9156409324205994, 'fuel_k': 0.08410461664055437, 'fuel_half': 2.4808159781069867}. Best is trial 0 with value: -0.6070628323553574.
[I 2026-07-24 02:16:28,913] Trial 86 finished with value: 0.4523156783099396 and parameters: {'k1': 0.04039555263851812, 'D_low': 936.8101373858433, 'k2': 1.97871711809498e-05, 'D_high': 25165.23317189889, 'fire_exp': 1.2373957804427707, 'P_half': 2.6976231322408952, 'pre_dampen_half': 145.06804602025136, 'gpp_af': 6.415413226905056, 'gpp_b': 0.009445363651328155, 'gpp_d': 852.2296582763464, 'ign_k': 0.07854432306287965, 'ign_c': 0.6478861643241324, 'trop_agb_crit': 1.914019896140053, 'trop_k_veg': 1.9058231705229463, 'fuel_k': 5.750588423875651, 'fuel_half': 8.826465733090414}. Best is trial 0 with value: -0.6070628323553574.
[I 2026-07-24 02:16:29,316] Trial 87 finished with value: 0.5560716326924388 and parameters: {'k1': 0.007621679101914365, 'D_low': 886.6396320235565, 'k2': 1.2475707022896956e-05, 'D_high': 2559.480491508825, 'fire_exp': 1.6330202825128726, 'P_half': 19.30323651141017, 'pre_dampen_half': 10.679669192381175, 'gpp_af': 11.480880890877982, 'gpp_b': 0.01960333201427802, 'gpp_d': 26.992642656173317, 'ign_k': 0.005436829919519829, 'ign_c': 0.8084454164079892, 'trop_agb_crit': 1.97754395552988, 'trop_k_veg': 2.099412643293716, 'fuel_k': 4.294807621078236, 'fuel_half': 0.4174640819982003}. Best is trial 0 with value: -0.6070628323553574.
[I 2026-07-24 02:16:29,721] Trial 88 finished with value: 0.5321162124675298 and parameters: {'k1': 0.001673794439852463, 'D_low': 27470.194257604384, 'k2': 1.0464354796014088e-05, 'D_high': 3601584.6801776183, 'fire_exp': 2.1643297684982477, 'P_half': 6.436161277893495, 'pre_dampen_half': 0.0790812667311445, 'gpp_af': 16.83341554920358, 'gpp_b': 3.4732074773725405e-05, 'gpp_d': 168.0201569544383, 'ign_k': 0.12717011021970773, 'ign_c': 5.2271981189017565, 'trop_agb_crit': 1.3775861012272568, 'trop_k_veg': 1.0468100004249108, 'fuel_k': 4.829957133069053, 'fuel_half': 0.6012183823516836}. Best is trial 0 with value: -0.6070628323553574.
[I 2026-07-24 02:16:30,126] Trial 89 finished with value: 0.5054063935960247 and parameters: {'k1': 0.0002732595190628055, 'D_low': 1.981509447700164, 'k2': 1.2605173266816966e-05, 'D_high': 213713.83779803457, 'fire_exp': 1.46632015462214, 'P_half': 11.611135461236268, 'pre_dampen_half': 0.028372498850836474, 'gpp_af': 1.0664591779237664, 'gpp_b': 3.223497851095623e-05, 'gpp_d': 98.67075950843645, 'ign_k': 2.132923471661602, 'ign_c': 2.975913273004557, 'trop_agb_crit': 1.1014335280933163, 'trop_k_veg': 1.9647714837782124, 'fuel_k': 1.40033507558919, 'fuel_half': 1.037600817238059}. Best is trial 0 with value: -0.6070628323553574.
[I 2026-07-24 02:16:30,525] Trial 90 finished with value: 0.4385054743332667 and parameters: {'k1': 0.02292979632458759, 'D_low': 41.947660837019654, 'k2': 0.00021636550872718664, 'D_high': 245179.85063415507, 'fire_exp': 1.3743990962619133, 'P_half': 5.322487936176971, 'pre_dampen_half': 0.17464832688951426, 'gpp_af': 0.15216573716198054, 'gpp_b': 0.03133360113384866, 'gpp_d': 996.2931157055642, 'ign_k': 0.03964023275925638, 'ign_c': 0.7590776199700746, 'trop_agb_crit': 2.536851439473064, 'trop_k_veg': 1.7429164886410367, 'fuel_k': 3.410786357389318, 'fuel_half': 0.2317282622475104}. Best is trial 0 with value: -0.6070628323553574.
[I 2026-07-24 02:16:30,926] Trial 91 finished with value: 0.5861765244432131 and parameters: {'k1': 0.05073449218557915, 'D_low': 2033.057046181461, 'k2': 1.9592964711899474e-05, 'D_high': 21095.29042630012, 'fire_exp': 1.6987890423989611, 'P_half': 28.435661066411537, 'pre_dampen_half': 1.5589261286567129, 'gpp_af': 1.9248245845641854, 'gpp_b': 0.08814151159042001, 'gpp_d': 606.51439580048, 'ign_k': 0.011643088187795235, 'ign_c': 10.252029450415948, 'trop_agb_crit': 1.7416318763689278, 'trop_k_veg': 6.407677856795735, 'fuel_k': 1.285820800732548, 'fuel_half': 0.6084939642099199}. Best is trial 0 with value: -0.6070628323553574.
[I 2026-07-24 02:16:31,325] Trial 92 finished with value: 0.6400711830612592 and parameters: {'k1': 0.05440179729301875, 'D_low': 137383.70889424844, 'k2': 6.878936198797094e-05, 'D_high': 61428.41106259943, 'fire_exp': 1.0293887695547277, 'P_half': 13.083170139562434, 'pre_dampen_half': 24.3127814629797, 'gpp_af': 7.691374577821945, 'gpp_b': 0.6230172594863644, 'gpp_d': 12.544477018149202, 'ign_k': 0.020656070585479344, 'ign_c': 1.9779410357362144, 'trop_agb_crit': 1.8103900489328044, 'trop_k_veg': 1.5202815292428187, 'fuel_k': 1.9215983335855145, 'fuel_half': 0.7774419478736223}. Best is trial 0 with value: -0.6070628323553574.
[I 2026-07-24 02:16:31,730] Trial 93 finished with value: 0.4933959331376023 and parameters: {'k1': 0.002170140173293325, 'D_low': 1156.2193712610117, 'k2': 3.773000238333399e-05, 'D_high': 213344.19058532472, 'fire_exp': 1.924499976986431, 'P_half': 60.112229870113445, 'pre_dampen_half': 0.10133063205226206, 'gpp_af': 1.9711242286890234, 'gpp_b': 0.000559413995243176, 'gpp_d': 725.387073183203, 'ign_k': 0.4340444793584995, 'ign_c': 8.064169506519129, 'trop_agb_crit': 1.434774418006412, 'trop_k_veg': 2.4276402591983364, 'fuel_k': 3.104202618403681, 'fuel_half': 5.088642764754046}. Best is trial 0 with value: -0.6070628323553574.
[I 2026-07-24 02:16:32,131] Trial 94 finished with value: 0.5987427497267185 and parameters: {'k1': 0.02539401595423711, 'D_low': 56255.2925623943, 'k2': 9.212888704656735e-05, 'D_high': 2888611.9107432403, 'fire_exp': 1.4162843430003096, 'P_half': 7.842283285239839, 'pre_dampen_half': 1.379350313211957, 'gpp_af': 2.6173342706172216, 'gpp_b': 0.06694618059150276, 'gpp_d': 914.5847513053093, 'ign_k': 0.0013243758739061061, 'ign_c': 0.40888981599040386, 'trop_agb_crit': 2.326265941108304, 'trop_k_veg': 3.167553505897857, 'fuel_k': 1.9286433799289822, 'fuel_half': 0.306585982437259}. Best is trial 0 with value: -0.6070628323553574.
[I 2026-07-24 02:16:32,533] Trial 95 finished with value: 0.4872720726842157 and parameters: {'k1': 0.04489581875765917, 'D_low': 20825.302100343673, 'k2': 7.765951039228639e-05, 'D_high': 60769.17914855307, 'fire_exp': 1.075192258298319, 'P_half': 1311.8774360939587, 'pre_dampen_half': 91.65462244613163, 'gpp_af': 0.19271691008387581, 'gpp_b': 5.880675229508067e-05, 'gpp_d': 889.5712878273199, 'ign_k': 0.038904075564976666, 'ign_c': 1.6076950288422676, 'trop_agb_crit': 1.6762545974105705, 'trop_k_veg': 1.7771832267872216, 'fuel_k': 4.031082177738224, 'fuel_half': 0.37306409027761883}. Best is trial 0 with value: -0.6070628323553574.
[I 2026-07-24 02:16:32,933] Trial 96 finished with value: 0.532851101063916 and parameters: {'k1': 0.005551778111395587, 'D_low': 39112.473070935135, 'k2': 0.0001047658345416018, 'D_high': 112662.97138484246, 'fire_exp': 1.0459543925360277, 'P_half': 37.966306979628804, 'pre_dampen_half': 112.16824248510459, 'gpp_af': 1.7986418635996695, 'gpp_b': 0.0017585886105360366, 'gpp_d': 31.43694834256505, 'ign_k': 0.022244305465641392, 'ign_c': 0.11139386063777504, 'trop_agb_crit': 2.242924474388923, 'trop_k_veg': 1.3330402288534664, 'fuel_k': 0.4570687254820664, 'fuel_half': 0.9871139275254256}. Best is trial 0 with value: -0.6070628323553574.
[I 2026-07-24 02:16:33,361] Trial 97 finished with value: 0.537807528485125 and parameters: {'k1': 0.00490766232796074, 'D_low': 376.1748370637003, 'k2': 3.819048615738006e-05, 'D_high': 257182.8796186536, 'fire_exp': 1.2047599836553124, 'P_half': 16.64499623607096, 'pre_dampen_half': 245.11581820155237, 'gpp_af': 0.13902237766652306, 'gpp_b': 0.001165928525680491, 'gpp_d': 57.22413899600549, 'ign_k': 0.004035276262586693, 'ign_c': 57.05231429801412, 'trop_agb_crit': 1.5072882668107905, 'trop_k_veg': 0.7636963098202633, 'fuel_k': 3.6745450913909066, 'fuel_half': 0.21840073031720877}. Best is trial 0 with value: -0.6070628323553574.
[I 2026-07-24 02:16:33,792] Trial 98 finished with value: 0.5506535676984825 and parameters: {'k1': 0.00048185940465668566, 'D_low': 2132.498489601644, 'k2': 0.003151174161304901, 'D_high': 884879.3713724391, 'fire_exp': 2.3258126993538495, 'P_half': 3.516312542642961, 'pre_dampen_half': 3.615165659229564, 'gpp_af': 0.0021952424188053663, 'gpp_b': 0.001650897126315344, 'gpp_d': 4.67303956595481, 'ign_k': 2.598214627988501, 'ign_c': 1.4231548055025431, 'trop_agb_crit': 4.075595133173378, 'trop_k_veg': 1.2537099365579873, 'fuel_k': 0.9986840284580483, 'fuel_half': 1.8977375981594728}. Best is trial 0 with value: -0.6070628323553574.
[I 2026-07-24 02:16:34,201] Trial 99 finished with value: 0.49063904763348076 and parameters: {'k1': 0.0004012511875497054, 'D_low': 2074.9368347662285, 'k2': 0.000746084687484113, 'D_high': 77363.30984413986, 'fire_exp': 2.6092839365288305, 'P_half': 4.460511995958334, 'pre_dampen_half': 2.0875899853897377, 'gpp_af': 3.2421338152507, 'gpp_b': 0.006011279662867344, 'gpp_d': 14.272984411123364, 'ign_k': 0.7654371720881158, 'ign_c': 1.4279180653831374, 'trop_agb_crit': 8.672862840800118, 'trop_k_veg': 0.8718244640450945, 'fuel_k': 0.6952602429665705, 'fuel_half': 2.1398420583785827}. Best is trial 0 with value: -0.6070628323553574.
[I 2026-07-24 02:16:34,612] Trial 100 finished with value: 0.6445374145881376 and parameters: {'k1': 0.0012965477060421686, 'D_low': 659.0590122232852, 'k2': 2.011068446441898e-05, 'D_high': 29540.042584438095, 'fire_exp': 2.0129009693248188, 'P_half': 1.57898747807902, 'pre_dampen_half': 0.05663413558967183, 'gpp_af': 0.5013949348264941, 'gpp_b': 0.006833893171651632, 'gpp_d': 496.4097562309251, 'ign_k': 9.882296686926885, 'ign_c': 239.05078974259308, 'trop_agb_crit': 1.6756417237334034, 'trop_k_veg': 0.8298087110586296, 'fuel_k': 4.437741229211062, 'fuel_half': 0.26491878078760867}. Best is trial 0 with value: -0.6070628323553574.
