[I 2026-08-20 00:15:55,672] Trial 378 finished with value: 0.5397945499130911 and parameters: {'k1': 0.00016025627564200784, 'D_low': 1.8788069185095417, 'k2': 0.0034119694722739846, 'D_high': 2831086.757113645, 'fire_exp': 1.9876013666418586, 'P_half': 106.95938533973971, 'pre_dampen_half': 1.9965954527129741, 'gpp_af': 2.4449070326327207, 'gpp_b': 0.0012083513447599164, 'gpp_d': 5.3441716829127195, 'ign_k': 0.0337937536031683, 'ign_c': 1.9460666538021163, 'trop_agb_crit': 2.2637547319105815, 'trop_k_veg': 3.685932015240468}. Best is trial 0 with value: -0.5989088506199346.
[I 2026-08-20 00:15:57,912] Trial 379 finished with value: 0.4118347732039024 and parameters: {'k1': 0.000829376382629787, 'D_low': 2.944491592547971, 'k2': 5.8348562506884684e-05, 'D_high': 798227.5927220847, 'fire_exp': 2.70667140935897, 'P_half': 83.1303991697137, 'pre_dampen_half': 18.242363933814502, 'gpp_af': 0.6283081342451292, 'gpp_b': 0.009603945131520375, 'gpp_d': 252.5734704258103, 'ign_k': 0.6644133782565382, 'ign_c': 1.1889984036820793, 'trop_agb_crit': 3.4670770123890673, 'trop_k_veg': 2.217801130431246}. Best is trial 0 with value: -0.5989088506199346.
[I 2026-08-20 00:16:00,155] Trial 380 finished with value: -0.5681399246884371 and parameters: {'k1': 0.00024079145439780757, 'D_low': 1.0370855442093914, 'k2': 0.00011690708785068704, 'D_high': 8092502.58007804, 'fire_exp': 3.8414108178666395, 'P_half': 2.1236259356873775, 'pre_dampen_half': 13.203183151126415, 'gpp_af': 0.4755387644183802, 'gpp_b': 0.0018117643311069403, 'gpp_d': 569.9044452989049, 'ign_k': 3.4737599263106653, 'ign_c': 2.653904999027148, 'trop_agb_crit': 1.016534204582228, 'trop_k_veg': 1.7281315841422908}. Best is trial 0 with value: -0.5989088506199346.
[I 2026-08-20 00:16:02,678] Trial 381 finished with value: 0.5284900920557141 and parameters: {'k1': 0.00017993290101209327, 'D_low': 2.502505410473294, 'k2': 0.00017708861046358576, 'D_high': 2264215.0278206836, 'fire_exp': 3.593618850889057, 'P_half': 1.8061142477051297, 'pre_dampen_half': 5.0418764259005915, 'gpp_af': 0.05506946490170346, 'gpp_b': 0.008892419679126221, 'gpp_d': 718.1893351597545, 'ign_k': 6.268663900550493, 'ign_c': 0.5862124485597716, 'trop_agb_crit': 1.3058363668450852, 'trop_k_veg': 2.378000165295935}. Best is trial 0 with value: -0.5989088506199346.
[I 2026-08-20 00:16:05,059] Trial 382 finished with value: 0.4533175153968345 and parameters: {'k1': 0.0005942516803684564, 'D_low': 17.11480241711281, 'k2': 0.0002533788928059507, 'D_high': 177294.32606671975, 'fire_exp': 3.6937251912487516, 'P_half': 13.855461927180102, 'pre_dampen_half': 28.764651315127608, 'gpp_af': 14.705283821394119, 'gpp_b': 3.5052254770313044e-05, 'gpp_d': 302.35478366417294, 'ign_k': 0.7341139018882575, 'ign_c': 1.3634843176432543, 'trop_agb_crit': 1.3384561967441095, 'trop_k_veg': 1.637740568833887}. Best is trial 0 with value: -0.5989088506199346.
[I 2026-08-20 00:16:07,367] Trial 383 finished with value: 0.45373689421879726 and parameters: {'k1': 0.00018242289733709827, 'D_low': 46.48251406055915, 'k2': 1.173110586280637e-05, 'D_high': 804748.5651343542, 'fire_exp': 4.760714935276403, 'P_half': 4.51338105425269, 'pre_dampen_half': 2.8748431252555307, 'gpp_af': 0.27670479842714374, 'gpp_b': 0.00013407473943444098, 'gpp_d': 5.850964581085824, 'ign_k': 0.951002252148901, 'ign_c': 0.544246963071256, 'trop_agb_crit': 12.410173582464035, 'trop_k_veg': 2.5170493928037283}. Best is trial 0 with value: -0.5989088506199346.
[I 2026-08-20 00:16:09,593] Trial 384 finished with value: -0.5486138065034908 and parameters: {'k1': 0.00020225100114943002, 'D_low': 11.232474034093512, 'k2': 0.00012123965719873854, 'D_high': 1722421.8766417534, 'fire_exp': 3.455772907671314, 'P_half': 18.397340516314397, 'pre_dampen_half': 26.331199226350286, 'gpp_af': 0.1002275735976006, 'gpp_b': 0.0011292219849024514, 'gpp_d': 214.73710912368074, 'ign_k': 0.7224263079158488, 'ign_c': 4.8870774330555005, 'trop_agb_crit': 1.1532400604701643, 'trop_k_veg': 0.8298907969048088}. Best is trial 0 with value: -0.5989088506199346.
[I 2026-08-20 00:16:12,017] Trial 385 finished with value: 0.5595707625047848 and parameters: {'k1': 0.0015638811094047201, 'D_low': 39576.1987878901, 'k2': 0.017478141193051473, 'D_high': 954971.4293709156, 'fire_exp': 1.0482174981557035, 'P_half': 1.0328150041207813, 'pre_dampen_half': 22.82834889007852, 'gpp_af': 21.261663328938916, 'gpp_b': 0.00014791336969886308, 'gpp_d': 0.040993456058903636, 'ign_k': 0.27800490564470137, 'ign_c': 1.8918483318064274, 'trop_agb_crit': 19.938899075514026, 'trop_k_veg': 6.758800394746258}. Best is trial 0 with value: -0.5989088506199346.
[I 2026-08-20 00:16:14,413] Trial 386 finished with value: -0.5916897601169864 and parameters: {'k1': 0.0015133095816026658, 'D_low': 4.219127178081195, 'k2': 9.237551577092126e-05, 'D_high': 9993827.99817816, 'fire_exp': 3.9433019075228466, 'P_half': 2.5379545616531347, 'pre_dampen_half': 23.729934106179204, 'gpp_af': 3.3205930099785825, 'gpp_b': 0.07253556516542872, 'gpp_d': 222.1694944714498, 'ign_k': 5.222837304536113, 'ign_c': 13.34906278470454, 'trop_agb_crit': 5.803003026428193, 'trop_k_veg': 1.6731766939268604}. Best is trial 0 with value: -0.5989088506199346.
[I 2026-08-20 00:16:16,690] Trial 387 finished with value: 0.5909492023230987 and parameters: {'k1': 0.0005600267677926039, 'D_low': 5946.21690835835, 'k2': 0.038584858471377624, 'D_high': 1037186.1418888723, 'fire_exp': 5.861620614118126, 'P_half': 3.543906745949888, 'pre_dampen_half': 11.033393360128656, 'gpp_af': 4.934326140628753, 'gpp_b': 0.001487745335819209, 'gpp_d': 110.97416784989271, 'ign_k': 0.009946039850701475, 'ign_c': 10.02098254826916, 'trop_agb_crit': 18.0696454801996, 'trop_k_veg': 4.928297058746702}. Best is trial 0 with value: -0.5989088506199346.
[I 2026-08-20 00:16:18,940] Trial 388 finished with value: 0.6445374145881376 and parameters: {'k1': 0.004099371558956166, 'D_low': 8.245626110568619, 'k2': 0.0001522515006275264, 'D_high': 3836814.5119311432, 'fire_exp': 5.909551638017467, 'P_half': 1.3630422355276033, 'pre_dampen_half': 30.96835033865866, 'gpp_af': 20.305006020336748, 'gpp_b': 0.01857861592101718, 'gpp_d': 54.88275715728199, 'ign_k': 3.219989643180653, 'ign_c': 195.45997653567176, 'trop_agb_crit': 9.043359032604307, 'trop_k_veg': 1.747080254603557}. Best is trial 0 with value: -0.5989088506199346.
[I 2026-08-20 00:16:21,147] Trial 389 finished with value: 0.5235495360117303 and parameters: {'k1': 5.81156074603094e-05, 'D_low': 2.823929501721145, 'k2': 3.8774225195003993e-05, 'D_high': 6994058.590233066, 'fire_exp': 3.0345641354028374, 'P_half': 170.28497943612186, 'pre_dampen_half': 5.045040517292093, 'gpp_af': 1.2736549169936233, 'gpp_b': 0.00015436428544670017, 'gpp_d': 181.09918534739484, 'ign_k': 0.1070996328714117, 'ign_c': 3.0936378464542442, 'trop_agb_crit': 14.896876332626832, 'trop_k_veg': 1.3441872058620763}. Best is trial 0 with value: -0.5989088506199346.
[I 2026-08-20 00:16:23,405] Trial 390 finished with value: 0.5792992571095821 and parameters: {'k1': 0.0005632957741602488, 'D_low': 7.305826110854221, 'k2': 4.8435604232531034e-05, 'D_high': 1045503.8093712791, 'fire_exp': 2.150694458912963, 'P_half': 25.56140346782743, 'pre_dampen_half': 1.1190699345949502, 'gpp_af': 0.5774202571291879, 'gpp_b': 0.02524774228280231, 'gpp_d': 0.8588473100141275, 'ign_k': 0.028560645831257135, 'ign_c': 48.045601526612394, 'trop_agb_crit': 1.6661508939148342, 'trop_k_veg': 2.354730373283206}. Best is trial 0 with value: -0.5989088506199346.
[I 2026-08-20 00:16:25,957] Trial 391 finished with value: -0.5647208317354788 and parameters: {'k1': 0.017117284104880906, 'D_low': 36.96840969636713, 'k2': 3.295941944951092e-05, 'D_high': 297292.94751963124, 'fire_exp': 3.002224193969332, 'P_half': 2.084629827311593, 'pre_dampen_half': 127.72658549776104, 'gpp_af': 0.5198523251597333, 'gpp_b': 0.06727496334144621, 'gpp_d': 159.66978875438426, 'ign_k': 1.5642131253858984, 'ign_c': 21.327824602584613, 'trop_agb_crit': 11.350295195440351, 'trop_k_veg': 0.9237642514648549}. Best is trial 0 with value: -0.5989088506199346.
[I 2026-08-20 00:16:28,352] Trial 392 finished with value: 0.45048077565458367 and parameters: {'k1': 0.0008515930075785245, 'D_low': 2.1336108261146682, 'k2': 6.62392779830433e-05, 'D_high': 2254029.3768587867, 'fire_exp': 4.325018220068913, 'P_half': 4.1852316101593425, 'pre_dampen_half': 397.70699912952045, 'gpp_af': 5.947805668745974, 'gpp_b': 0.28454102441589985, 'gpp_d': 494.8727328155124, 'ign_k': 8.512786032765074, 'ign_c': 24.188666385058642, 'trop_agb_crit': 9.72572654592565, 'trop_k_veg': 2.0957548499487104}. Best is trial 0 with value: -0.5989088506199346.
[I 2026-08-20 00:16:30,723] Trial 393 finished with value: 0.5986704611054294 and parameters: {'k1': 0.0008536077788211405, 'D_low': 1.1323661436982777, 'k2': 4.537229626792154e-05, 'D_high': 2570.596959683763, 'fire_exp': 4.371728610112497, 'P_half': 1.7213643602753335, 'pre_dampen_half': 30.985887105377998, 'gpp_af': 2.318028150630794, 'gpp_b': 0.030271950244018776, 'gpp_d': 817.348498559457, 'ign_k': 0.5812685047626738, 'ign_c': 0.3035144351562883, 'trop_agb_crit': 1.6112976023228553, 'trop_k_veg': 1.0148303163321368}. Best is trial 0 with value: -0.5989088506199346.
[I 2026-08-20 00:16:33,238] Trial 394 finished with value: 0.6175767688120872 and parameters: {'k1': 0.065589196977912, 'D_low': 114.30579195062471, 'k2': 0.00014384977218990394, 'D_high': 41806.11882450568, 'fire_exp': 2.68547497857063, 'P_half': 1.697871272687679, 'pre_dampen_half': 23.414984784919444, 'gpp_af': 0.10484016449646114, 'gpp_b': 0.4936561365296289, 'gpp_d': 361.4435223415532, 'ign_k': 2.0612293529590078, 'ign_c': 22.489139000301453, 'trop_agb_crit': 13.157457784797375, 'trop_k_veg': 1.3830353374126783}. Best is trial 0 with value: -0.5989088506199346.
[I 2026-08-20 00:16:35,562] Trial 395 finished with value: 0.6445374145881376 and parameters: {'k1': 0.0005336554189243901, 'D_low': 1.3947719490700266, 'k2': 0.0003704180054119174, 'D_high': 6837034.269560916, 'fire_exp': 2.679907155383837, 'P_half': 7.247703434046344, 'pre_dampen_half': 1.4393734990322469, 'gpp_af': 11.122129149527694, 'gpp_b': 0.7314646808230982, 'gpp_d': 218.04078780287307, 'ign_k': 0.7033066107400294, 'ign_c': 80.09986364783187, 'trop_agb_crit': 5.127250136559222, 'trop_k_veg': 1.317742383944131}. Best is trial 0 with value: -0.5989088506199346.
[I 2026-08-20 00:16:38,488] Trial 396 finished with value: 0.5543613148347768 and parameters: {'k1': 0.06140908937606885, 'D_low': 29266.319014216006, 'k2': 0.0004537015165952036, 'D_high': 1078420.6822297818, 'fire_exp': 1.6548031176997442, 'P_half': 92.67447586540615, 'pre_dampen_half': 5.288159726694702, 'gpp_af': 2.0381906736706417, 'gpp_b': 0.14637399961832165, 'gpp_d': 274.6612404331134, 'ign_k': 1.1685449165146087, 'ign_c': 18.683455675916782, 'trop_agb_crit': 22.083446632566428, 'trop_k_veg': 1.8137100009420726}. Best is trial 0 with value: -0.5989088506199346.
[I 2026-08-20 00:16:40,732] Trial 397 finished with value: 0.5847701931437916 and parameters: {'k1': 0.00041028731540077354, 'D_low': 4149.922680507091, 'k2': 0.0002379308014529569, 'D_high': 1180934.434437998, 'fire_exp': 2.895248311475882, 'P_half': 13.164423153358003, 'pre_dampen_half': 10.052027878007186, 'gpp_af': 2.467035125342234, 'gpp_b': 0.8350346935676565, 'gpp_d': 11.130749521777487, 'ign_k': 0.13096950446980665, 'ign_c': 18.07404204935201, 'trop_agb_crit': 1.1452615475967727, 'trop_k_veg': 1.1869479755157772}. Best is trial 0 with value: -0.5989088506199346.
[I 2026-08-20 00:16:43,107] Trial 398 finished with value: 0.5287947202934123 and parameters: {'k1': 0.001077927718783074, 'D_low': 1.134214908386418, 'k2': 2.1193091376495466e-05, 'D_high': 845624.9615340699, 'fire_exp': 1.5414200118641885, 'P_half': 2.105187771946494, 'pre_dampen_half': 0.1258586353051431, 'gpp_af': 0.7850293307672396, 'gpp_b': 0.0002688320416030264, 'gpp_d': 109.28238520580358, 'ign_k': 0.022762744766656455, 'ign_c': 3.2446471557469216, 'trop_agb_crit': 8.453774594224816, 'trop_k_veg': 2.486435014096707}. Best is trial 0 with value: -0.5989088506199346.
[I 2026-08-20 00:16:45,719] Trial 399 finished with value: 0.4505226910663652 and parameters: {'k1': 0.012577557805452055, 'D_low': 170.09640661205313, 'k2': 2.262184605620079e-05, 'D_high': 474549.10657793423, 'fire_exp': 1.682474407280287, 'P_half': 19.11411482946999, 'pre_dampen_half': 64.13021093872815, 'gpp_af': 8.070274177256735, 'gpp_b': 1.745665974899237, 'gpp_d': 230.415889093809, 'ign_k': 7.0047335143688185, 'ign_c': 8.186445715868182, 'trop_agb_crit': 3.0273484660180627, 'trop_k_veg': 0.639032374648557}. Best is trial 0 with value: -0.5989088506199346.
[I 2026-08-20 00:16:48,267] Trial 400 finished with value: 0.6445374145881376 and parameters: {'k1': 0.0182530175925343, 'D_low': 537.8005155459813, 'k2': 0.00010586010133456942, 'D_high': 5895064.470372931, 'fire_exp': 2.6820832900425597, 'P_half': 2.0445823760513844, 'pre_dampen_half': 246.59398239148618, 'gpp_af': 0.2723617998767479, 'gpp_b': 0.002113685055168199, 'gpp_d': 27.700421917050022, 'ign_k': 1.5680550006125482, 'ign_c': 53.48198990822001, 'trop_agb_crit': 6.491680504760404, 'trop_k_veg': 0.6841969215579042}. Best is trial 0 with value: -0.5989088506199346.
[I 2026-08-20 00:16:50,659] Trial 401 finished with value: 0.5012488404394541 and parameters: {'k1': 0.0018727249611387034, 'D_low': 192.7470808920819, 'k2': 3.129052886164803e-05, 'D_high': 692192.5822049187, 'fire_exp': 3.9354314642861477, 'P_half': 20.39314106542721, 'pre_dampen_half': 4.9485859555761, 'gpp_af': 3.8810603074172825, 'gpp_b': 0.5673062627389699, 'gpp_d': 333.02777966032795, 'ign_k': 6.117546316059735, 'ign_c': 7.777869764354874, 'trop_agb_crit': 5.376473823863104, 'trop_k_veg': 1.152003946797866}. Best is trial 0 with value: -0.5989088506199346.
[I 2026-08-20 00:16:53,076] Trial 402 finished with value: -0.5625999893210059 and parameters: {'k1': 0.002310558579617058, 'D_low': 53.873373239274166, 'k2': 2.7331313605593774e-05, 'D_high': 9741004.189370679, 'fire_exp': 1.0317007450344304, 'P_half': 4.727973068184367, 'pre_dampen_half': 0.5296681879226443, 'gpp_af': 1.7379897682734378, 'gpp_b': 0.05902650802315414, 'gpp_d': 84.84930465134207, 'ign_k': 0.41565234244616356, 'ign_c': 0.18654440886173032, 'trop_agb_crit': 1.2141499089944778, 'trop_k_veg': 1.246514202637157}. Best is trial 0 with value: -0.5989088506199346.
[I 2026-08-20 00:16:55,446] Trial 403 finished with value: 0.5107742854414202 and parameters: {'k1': 0.007310271067222367, 'D_low': 469.82320510676436, 'k2': 3.432399150703909e-05, 'D_high': 1531745.4753420856, 'fire_exp': 1.630322960443246, 'P_half': 18.252347382280266, 'pre_dampen_half': 5.341313303416496, 'gpp_af': 7.26014842160688, 'gpp_b': 0.2621594889724978, 'gpp_d': 4.12593784705067, 'ign_k': 0.5947158335196879, 'ign_c': 0.12367772323997782, 'trop_agb_crit': 1.2398747582108018, 'trop_k_veg': 1.2208324793066139}. Best is trial 0 with value: -0.5989088506199346.
[I 2026-08-20 00:16:57,941] Trial 404 finished with value: -0.5552331166703827 and parameters: {'k1': 0.0001732113629612825, 'D_low': 50.95189090261818, 'k2': 0.006779747700496311, 'D_high': 1229468.8488072676, 'fire_exp': 6.916884094276171, 'P_half': 2.331021730693679, 'pre_dampen_half': 7.309317736938501, 'gpp_af': 0.5367980903271745, 'gpp_b': 0.0004421403039639314, 'gpp_d': 46.58119070153997, 'ign_k': 2.14769287886331, 'ign_c': 3.414251904537324, 'trop_agb_crit': 26.933535050853727, 'trop_k_veg': 3.7490118012960263}. Best is trial 0 with value: -0.5989088506199346.
[I 2026-08-20 00:17:00,393] Trial 405 finished with value: 0.44823055944344536 and parameters: {'k1': 0.001049176865669733, 'D_low': 15.058221360070307, 'k2': 1.011459752314309e-05, 'D_high': 3161101.999035062, 'fire_exp': 1.1215717052485739, 'P_half': 6.352553462115389, 'pre_dampen_half': 0.4403316543821911, 'gpp_af': 0.6264783511875548, 'gpp_b': 0.026754176705515536, 'gpp_d': 941.6721639222054, 'ign_k': 0.1549715160517232, 'ign_c': 0.15463882793560735, 'trop_agb_crit': 1.4661707595119113, 'trop_k_veg': 2.384565154558548}. Best is trial 0 with value: -0.5989088506199346.
[I 2026-08-20 00:17:02,750] Trial 406 finished with value: 0.43700493401816176 and parameters: {'k1': 0.0007058103486048609, 'D_low': 5.248953997215228, 'k2': 0.000325587967821547, 'D_high': 999034.3269525949, 'fire_exp': 1.4488713313190436, 'P_half': 15.0996009079955, 'pre_dampen_half': 11.682427503298687, 'gpp_af': 0.1130349874856282, 'gpp_b': 0.014182819135332595, 'gpp_d': 3.681052247144043, 'ign_k': 0.689112386579784, 'ign_c': 0.27579668401585633, 'trop_agb_crit': 1.635918851528076, 'trop_k_veg': 1.0402485933875416}. Best is trial 0 with value: -0.5989088506199346.
[I 2026-08-20 00:17:05,155] Trial 407 finished with value: 0.602076587910146 and parameters: {'k1': 1.7056838881696598e-05, 'D_low': 2.2406384435396927, 'k2': 0.005521505757881684, 'D_high': 1827985.1219441993, 'fire_exp': 3.3554355183280844, 'P_half': 7.7971194178012695, 'pre_dampen_half': 209.19972385877526, 'gpp_af': 0.06397148301599105, 'gpp_b': 0.01123309226767017, 'gpp_d': 684.1632689731034, 'ign_k': 0.01578762536071015, 'ign_c': 0.10741290824422288, 'trop_agb_crit': 2.2073878383063037, 'trop_k_veg': 0.9025880204854526}. Best is trial 0 with value: -0.5989088506199346.
[I 2026-08-20 00:17:07,641] Trial 408 finished with value: 0.6445374145881376 and parameters: {'k1': 2.4893105670115026e-05, 'D_low': 3.502791636270392, 'k2': 2.572733678197757e-05, 'D_high': 4082485.102651771, 'fire_exp': 2.227922784279551, 'P_half': 3.9915210506380556, 'pre_dampen_half': 9.07714675894686, 'gpp_af': 5.756065671306368, 'gpp_b': 0.008372291704619679, 'gpp_d': 609.3776907580028, 'ign_k': 2.2375258853954607, 'ign_c': 83.16421727277208, 'trop_agb_crit': 1.2425147894027966, 'trop_k_veg': 1.6335941904846}. Best is trial 0 with value: -0.5989088506199346.
[I 2026-08-20 00:17:10,316] Trial 409 finished with value: 0.6001235246553902 and parameters: {'k1': 0.0031938906521526804, 'D_low': 3.391780111740212, 'k2': 0.00034733420167441684, 'D_high': 414810.172995233, 'fire_exp': 2.2581711534436617, 'P_half': 10.182482959177955, 'pre_dampen_half': 3.4685298486948226, 'gpp_af': 0.3210487772570843, 'gpp_b': 0.6932635014468522, 'gpp_d': 133.03080258159488, 'ign_k': 0.08955755037146118, 'ign_c': 3.0240346866851398, 'trop_agb_crit': 1.326905889220908, 'trop_k_veg': 2.5980591966651656}. Best is trial 0 with value: -0.5989088506199346.
[I 2026-08-20 00:17:12,862] Trial 410 finished with value: 0.625209387332419 and parameters: {'k1': 0.0002013033742230747, 'D_low': 3040.9514923059696, 'k2': 0.04366423730899488, 'D_high': 6487.045410970261, 'fire_exp': 2.1967640008399085, 'P_half': 3.3658841114845237, 'pre_dampen_half': 15.713411218778385, 'gpp_af': 3.7016177267098107, 'gpp_b': 0.0022772687306237497, 'gpp_d': 0.894240309788285, 'ign_k': 0.009852459561359623, 'ign_c': 2.558609964633714, 'trop_agb_crit': 16.069699380729194, 'trop_k_veg': 7.941323672280042}. Best is trial 0 with value: -0.5989088506199346.
[I 2026-08-20 00:17:15,411] Trial 411 finished with value: 0.47964282345250664 and parameters: {'k1': 0.013115776078523243, 'D_low': 50.45993546335352, 'k2': 0.00019503300768510505, 'D_high': 1650603.557309944, 'fire_exp': 2.4770774557163713, 'P_half': 7.448232773405074, 'pre_dampen_half': 0.08844081189804012, 'gpp_af': 0.3791355531813261, 'gpp_b': 6.742048863455532e-05, 'gpp_d': 33.525495357275496, 'ign_k': 2.4776428036672895, 'ign_c': 0.1528756494014588, 'trop_agb_crit': 16.45134602440464, 'trop_k_veg': 6.1997843193575095}. Best is trial 0 with value: -0.5989088506199346.
[I 2026-08-20 00:17:17,814] Trial 412 finished with value: 0.4653091632971259 and parameters: {'k1': 0.001699180797080427, 'D_low': 8.29660468338152, 'k2': 3.300559738355089e-05, 'D_high': 3865525.156725349, 'fire_exp': 1.570001354575795, 'P_half': 2.035744776149888, 'pre_dampen_half': 0.220084764500022, 'gpp_af': 18.639235431877587, 'gpp_b': 0.015468716822339773, 'gpp_d': 130.71384948429764, 'ign_k': 0.8667722934698603, 'ign_c': 2.8274843816238913, 'trop_agb_crit': 1.0541829950902968, 'trop_k_veg': 0.8148948129759258}. Best is trial 0 with value: -0.5989088506199346.
[I 2026-08-20 00:17:20,376] Trial 413 finished with value: 0.5989358360146665 and parameters: {'k1': 0.0004217679903347831, 'D_low': 74.62360157122859, 'k2': 0.0001509406967495401, 'D_high': 93515.2354368849, 'fire_exp': 3.7339527552812206, 'P_half': 97.62813134481988, 'pre_dampen_half': 232.60150820376109, 'gpp_af': 1.095782103327921, 'gpp_b': 0.030115918860966092, 'gpp_d': 0.8929708529485183, 'ign_k': 0.07514992057340245, 'ign_c': 0.4393530573914609, 'trop_agb_crit': 1.6233650203905197, 'trop_k_veg': 3.9727665501062734}. Best is trial 0 with value: -0.5989088506199346.
[I 2026-08-20 00:17:22,876] Trial 414 finished with value: 0.4442194283244608 and parameters: {'k1': 0.007974690594699043, 'D_low': 8.58195063899934, 'k2': 2.989316935370537e-05, 'D_high': 320270.1072976832, 'fire_exp': 3.8823480341308607, 'P_half': 1.0509160809008933, 'pre_dampen_half': 41.96868013642104, 'gpp_af': 1.3846970697085212, 'gpp_b': 0.00743931507291137, 'gpp_d': 49.33339311506179, 'ign_k': 2.094251397231866, 'ign_c': 4.370994422270663, 'trop_agb_crit': 19.820793312408863, 'trop_k_veg': 0.8310789134218747}. Best is trial 0 with value: -0.5989088506199346.
[I 2026-08-20 00:17:25,548] Trial 415 finished with value: 0.6010430222891006 and parameters: {'k1': 0.001014622987759349, 'D_low': 1.9431197121922084, 'k2': 0.0011402184937318006, 'D_high': 8747613.13337818, 'fire_exp': 2.7059251174558323, 'P_half': 3.2811014187221588, 'pre_dampen_half': 50.75899247982694, 'gpp_af': 0.22046533790943879, 'gpp_b': 0.302146505101719, 'gpp_d': 102.8392777031517, 'ign_k': 2.4776689783717463, 'ign_c': 18.41560407019353, 'trop_agb_crit': 1.026867759887652, 'trop_k_veg': 1.3611294044268691}. Best is trial 0 with value: -0.5989088506199346.
