[I 2026-08-19 17:54:58,716] Trial 1884 finished with value: 0.5902165388716931 and parameters: {'k1': 9.833587115547549e-05, 'D_low': 165961.24070226878, 'k2': 1.3288647153853164e-05, 'D_high': 9441569.182484547, 'fire_exp': 1.9613754859220383, 'P_half': 56.31718687246713, 'pre_dampen_half': 0.5398705489785754, 'gpp_af': 0.007210944532196064, 'gpp_b': 0.001290720575628276, 'gpp_d': 869.3774468198308, 'ign_k': 0.061061838716476115, 'ign_c': 0.5298316724283525, 'trop_agb_crit': 20.2049194945928, 'trop_k_veg': 2.6550867818570087, 'pop_amp': 8.556808221681703, 'pop_peak': 0.11327301993207005, 'pop_sig': 0.7078588383346236, 'fuel_k': 2.44492639907701, 'fuel_half': 0.2718169321304564}. Best is trial 1622 with value: -0.6125870653324885.
[I 2026-08-19 17:55:00,813] Trial 1885 finished with value: 0.6444906502721524 and parameters: {'k1': 0.00011867709849241265, 'D_low': 977853.4134694418, 'k2': 1.6824394691537466e-05, 'D_high': 209666.87301921894, 'fire_exp': 1.0889982962149594, 'P_half': 371.93833432826546, 'pre_dampen_half': 11.56755064982128, 'gpp_af': 0.03505973882660823, 'gpp_b': 0.0027619484051841074, 'gpp_d': 383.1027249395242, 'ign_k': 0.019896850966840633, 'ign_c': 1.2264310792065687, 'trop_agb_crit': 23.208789284801146, 'trop_k_veg': 2.5563518215971333, 'pop_amp': 0.3684445245532026, 'pop_peak': 26.975593830032373, 'pop_sig': 1.0382777772543814, 'fuel_k': 4.224639835834949, 'fuel_half': 0.242672004985158}. Best is trial 1622 with value: -0.6125870653324885.
[I 2026-08-19 17:55:02,896] Trial 1886 finished with value: 0.5083245150240716 and parameters: {'k1': 9.888432357693543e-05, 'D_low': 388.1203781143355, 'k2': 0.0778348888707127, 'D_high': 6187181.348421109, 'fire_exp': 1.7316423520886834, 'P_half': 30.587661581379923, 'pre_dampen_half': 0.09911101550079242, 'gpp_af': 4.389818486403554, 'gpp_b': 0.001048797318506382, 'gpp_d': 5.120296808185156, 'ign_k': 0.1748485671293409, 'ign_c': 1.8775474916703614, 'trop_agb_crit': 7.839046000099688, 'trop_k_veg': 1.1822217350790756, 'pop_amp': 0.0011255475014057472, 'pop_peak': 3.7089105685351287, 'pop_sig': 0.5726131717799886, 'fuel_k': 0.024205336245802265, 'fuel_half': 12.896724749859672}. Best is trial 1622 with value: -0.6125870653324885.
[I 2026-08-19 17:55:05,064] Trial 1887 finished with value: 0.43611045461254183 and parameters: {'k1': 0.00018726400750183946, 'D_low': 3.317789266916966, 'k2': 0.012157270354427964, 'D_high': 362659.3461451429, 'fire_exp': 1.8279682482030752, 'P_half': 65.02650471056256, 'pre_dampen_half': 11.056156163944081, 'gpp_af': 19.11007469503613, 'gpp_b': 0.023402999543204586, 'gpp_d': 41.360039798570206, 'ign_k': 1.9316571584391349, 'ign_c': 0.4278084992567022, 'trop_agb_crit': 11.877739959680389, 'trop_k_veg': 0.701850584525637, 'pop_amp': 0.00655421055728395, 'pop_peak': 0.17327363902739845, 'pop_sig': 0.46722529409876573, 'fuel_k': 0.6055536409431769, 'fuel_half': 2.8842174194861916}. Best is trial 1622 with value: -0.6125870653324885.
  trial 1888/2500  best_overall=0.6126  (56.7 min)
[I 2026-08-19 17:55:07,726] Trial 1888 finished with value: 0.5481644547012754 and parameters: {'k1': 0.0011466870091225011, 'D_low': 160.29993070105044, 'k2': 0.010925808764007049, 'D_high': 4137500.9620789806, 'fire_exp': 2.5131707830014993, 'P_half': 157.93027539054782, 'pre_dampen_half': 0.6899955221872537, 'gpp_af': 2.633591165323872, 'gpp_b': 0.5926498020177323, 'gpp_d': 93.5632433665938, 'ign_k': 0.22289868377026228, 'ign_c': 0.4668095447456, 'trop_agb_crit': 6.917846014277568, 'trop_k_veg': 1.521033974068571, 'pop_amp': 0.020907311491668204, 'pop_peak': 0.17610521962073067, 'pop_sig': 0.6644871279892564, 'fuel_k': 0.023302702553625137, 'fuel_half': 4.035279313316275}. Best is trial 1622 with value: -0.6125870653324885.
[I 2026-08-19 17:55:09,839] Trial 1889 finished with value: 0.4110818194775575 and parameters: {'k1': 0.002848326183075206, 'D_low': 146.90356396076604, 'k2': 1.7674044054221734e-05, 'D_high': 6765400.454278051, 'fire_exp': 5.551407795303455, 'P_half': 4.3011050031009495, 'pre_dampen_half': 8.098345940756525, 'gpp_af': 0.14712069096927885, 'gpp_b': 0.0002788031310985157, 'gpp_d': 110.46989076033142, 'ign_k': 0.06135149501766407, 'ign_c': 0.2867972313747605, 'trop_agb_crit': 4.726563037913725, 'trop_k_veg': 1.2691474571018004, 'pop_amp': 4.9307970431771, 'pop_peak': 54.90236836793418, 'pop_sig': 1.17577980722982, 'fuel_k': 0.5910089529058365, 'fuel_half': 4.225764922145569}. Best is trial 1622 with value: -0.6125870653324885.
[I 2026-08-19 17:55:11,946] Trial 1890 finished with value: 0.5367150154200495 and parameters: {'k1': 0.0023794287075174585, 'D_low': 3.046472933103907, 'k2': 0.0529068248755279, 'D_high': 1130484.016689442, 'fire_exp': 4.132946732163502, 'P_half': 110.76606866824872, 'pre_dampen_half': 6.236451762049302, 'gpp_af': 0.9506378044263606, 'gpp_b': 0.0038836652341982013, 'gpp_d': 300.2265102315113, 'ign_k': 0.13265683283958657, 'ign_c': 2.4299748479111685, 'trop_agb_crit': 2.152834584716055, 'trop_k_veg': 0.5916252428937897, 'pop_amp': 0.010548485062343703, 'pop_peak': 3.127226275652309, 'pop_sig': 1.5017366877955476, 'fuel_k': 0.027725136368949493, 'fuel_half': 1.3600531729413654}. Best is trial 1622 with value: -0.6125870653324885.
[I 2026-08-19 17:55:13,915] Trial 1891 finished with value: 0.48239471865041206 and parameters: {'k1': 0.0039842341349277674, 'D_low': 60.068229947274105, 'k2': 0.02777599884415231, 'D_high': 473627.5361871781, 'fire_exp': 4.163060316960855, 'P_half': 7.516166367391609, 'pre_dampen_half': 0.5144246038861019, 'gpp_af': 13.032790579459974, 'gpp_b': 0.000991752550896437, 'gpp_d': 608.5727939450205, 'ign_k': 5.5165293040011525, 'ign_c': 13.165135662674793, 'trop_agb_crit': 7.040661343822374, 'trop_k_veg': 0.602111404414331, 'pop_amp': 0.00103529599254397, 'pop_peak': 0.3673432458681994, 'pop_sig': 0.3920461363642476, 'fuel_k': 0.03840803548337618, 'fuel_half': 4.601783737359673}. Best is trial 1622 with value: -0.6125870653324885.
[I 2026-08-19 17:55:16,013] Trial 1892 finished with value: 0.5484467424920488 and parameters: {'k1': 1.0850208573816284e-05, 'D_low': 101.1067436154585, 'k2': 0.017774586546847954, 'D_high': 8939024.99592748, 'fire_exp': 2.5599043383987916, 'P_half': 1.5068223463865626, 'pre_dampen_half': 3.9875080694193485, 'gpp_af': 0.0030025667187840166, 'gpp_b': 8.177077187118222e-05, 'gpp_d': 313.86732041292584, 'ign_k': 0.18475097146313213, 'ign_c': 16.233390251098143, 'trop_agb_crit': 1.7100719306351797, 'trop_k_veg': 1.7827163374785193, 'pop_amp': 0.00856031288388472, 'pop_peak': 3.125869256946607, 'pop_sig': 1.8679815453352, 'fuel_k': 0.4245417715400945, 'fuel_half': 0.25229369108158906}. Best is trial 1622 with value: -0.6125870653324885.
[I 2026-08-19 17:55:18,108] Trial 1893 finished with value: 0.5906430735443675 and parameters: {'k1': 0.007610076464707094, 'D_low': 20.575338632519895, 'k2': 0.0012582862175400012, 'D_high': 5809.112315486995, 'fire_exp': 2.5432123504088935, 'P_half': 60.94204322030933, 'pre_dampen_half': 1.404356876365869, 'gpp_af': 0.5497565436046692, 'gpp_b': 0.0008308874747250824, 'gpp_d': 281.15615942093103, 'ign_k': 1.047589291645808, 'ign_c': 0.5981131072094442, 'trop_agb_crit': 1.4964620613288346, 'trop_k_veg': 0.9076733069484914, 'pop_amp': 0.35889423394289544, 'pop_peak': 0.21930706425388224, 'pop_sig': 0.6053323110227299, 'fuel_k': 0.13935835699591687, 'fuel_half': 0.10112038904850151}. Best is trial 1622 with value: -0.6125870653324885.
[I 2026-08-19 17:55:20,242] Trial 1894 finished with value: 0.4586845848061484 and parameters: {'k1': 4.0876085123372286e-05, 'D_low': 192.169900826129, 'k2': 0.0004413574810634609, 'D_high': 1489082.6525053715, 'fire_exp': 1.8614895171624357, 'P_half': 4.457908435944191, 'pre_dampen_half': 42.29711442942629, 'gpp_af': 1.5237631101333164, 'gpp_b': 0.0007244960887802887, 'gpp_d': 9.700811649561977, 'ign_k': 0.5671139327717223, 'ign_c': 1.2655519762916525, 'trop_agb_crit': 3.6739070858059883, 'trop_k_veg': 5.062720126379203, 'pop_amp': 0.0043864197175751156, 'pop_peak': 0.7818072711520924, 'pop_sig': 0.5001009071142539, 'fuel_k': 0.6935933941796963, 'fuel_half': 0.18514580661404703}. Best is trial 1622 with value: -0.6125870653324885.
[I 2026-08-19 17:55:22,371] Trial 1895 finished with value: 0.581542922829146 and parameters: {'k1': 0.0008839724138443956, 'D_low': 269.6774725738828, 'k2': 0.02689451676536382, 'D_high': 4494322.971986804, 'fire_exp': 3.2841225305031294, 'P_half': 516.8580352174818, 'pre_dampen_half': 0.04655222327137284, 'gpp_af': 0.8763589552030929, 'gpp_b': 4.0126631687753193e-05, 'gpp_d': 229.20522255774864, 'ign_k': 0.024167994951718744, 'ign_c': 0.29435856706884966, 'trop_agb_crit': 4.723615513499303, 'trop_k_veg': 5.163363102442339, 'pop_amp': 0.15981666902957034, 'pop_peak': 3.7076374616427508, 'pop_sig': 0.31959922039679634, 'fuel_k': 0.05861068431393666, 'fuel_half': 0.2096435765634037}. Best is trial 1622 with value: -0.6125870653324885.
[I 2026-08-19 17:55:24,497] Trial 1896 finished with value: 0.4260081356275369 and parameters: {'k1': 0.0017153155924982083, 'D_low': 91.2777739454003, 'k2': 0.0005086464299777414, 'D_high': 609732.8584129272, 'fire_exp': 2.313134692807293, 'P_half': 3.851971689595567, 'pre_dampen_half': 0.9193044439837506, 'gpp_af': 0.11853611243951417, 'gpp_b': 0.0023246336787179542, 'gpp_d': 396.97795467696295, 'ign_k': 3.4677234527486918, 'ign_c': 0.9375295606733284, 'trop_agb_crit': 16.01546619051873, 'trop_k_veg': 5.170495915524728, 'pop_amp': 0.06323939686872478, 'pop_peak': 0.053438881873538104, 'pop_sig': 0.5017038064918774, 'fuel_k': 5.9771496406360125, 'fuel_half': 1.5993958482785033}. Best is trial 1622 with value: -0.6125870653324885.
[I 2026-08-19 17:55:26,684] Trial 1897 finished with value: 0.5083133011564904 and parameters: {'k1': 0.0009211034646386676, 'D_low': 33.31126144204114, 'k2': 0.0007111308279467324, 'D_high': 100737.21840021198, 'fire_exp': 5.207245346045315, 'P_half': 11.831812054776986, 'pre_dampen_half': 2.450390503700675, 'gpp_af': 0.010999433960158726, 'gpp_b': 0.0001670521727818231, 'gpp_d': 590.2863199466897, 'ign_k': 0.19484464332814896, 'ign_c': 0.28063511658483714, 'trop_agb_crit': 1.932712097817731, 'trop_k_veg': 0.7813246170994806, 'pop_amp': 0.6955141843377984, 'pop_peak': 4.155225778246209, 'pop_sig': 1.1482755196983137, 'fuel_k': 0.04585782925597987, 'fuel_half': 0.16904321868437627}. Best is trial 1622 with value: -0.6125870653324885.
  trial 1898/2500  best_overall=0.6126  (57.0 min)
[I 2026-08-19 17:55:29,360] Trial 1898 finished with value: -0.5820048074870139 and parameters: {'k1': 0.00606537000016073, 'D_low': 97.07150234533195, 'k2': 0.001385676284288268, 'D_high': 661625.8007347609, 'fire_exp': 2.7755314181632698, 'P_half': 161.76655486303602, 'pre_dampen_half': 7.159318301424017, 'gpp_af': 0.4187733384878623, 'gpp_b': 0.0007003439648511427, 'gpp_d': 131.92391191230894, 'ign_k': 0.36348416272134454, 'ign_c': 0.15591418288603584, 'trop_agb_crit': 7.117582550115075, 'trop_k_veg': 1.8269860580038284, 'pop_amp': 0.0782889907742273, 'pop_peak': 494.4780105930183, 'pop_sig': 0.3099626615977218, 'fuel_k': 0.10319121912941573, 'fuel_half': 0.3692176779977684}. Best is trial 1622 with value: -0.6125870653324885.
[I 2026-08-19 17:55:31,532] Trial 1899 finished with value: 0.6387053767168726 and parameters: {'k1': 0.00241585366849183, 'D_low': 807.920514362534, 'k2': 0.0009292715373486013, 'D_high': 2417581.373417951, 'fire_exp': 2.219384050952197, 'P_half': 14.13728425204445, 'pre_dampen_half': 67.48358252418419, 'gpp_af': 0.025696767173910784, 'gpp_b': 0.00025541739993073834, 'gpp_d': 59.06564498965562, 'ign_k': 0.8743599635593974, 'ign_c': 0.128866445715267, 'trop_agb_crit': 7.72946535927823, 'trop_k_veg': 2.049173732031463, 'pop_amp': 3.962676345407067, 'pop_peak': 13.428687113655675, 'pop_sig': 0.4430109589640885, 'fuel_k': 0.021490940286076277, 'fuel_half': 0.45531180835344603}. Best is trial 1622 with value: -0.6125870653324885.
[I 2026-08-19 17:55:33,599] Trial 1900 finished with value: 0.5316650743049456 and parameters: {'k1': 0.0031310190388951714, 'D_low': 72.21701707767872, 'k2': 0.0015703363035812295, 'D_high': 7553359.189803863, 'fire_exp': 3.997665371444189, 'P_half': 1.2588741037554296, 'pre_dampen_half': 8.037915776305187, 'gpp_af': 0.025779600574138282, 'gpp_b': 0.0005731637398764853, 'gpp_d': 13.024295303311488, 'ign_k': 0.01953854858947373, 'ign_c': 6.578802680018867, 'trop_agb_crit': 25.394769362098863, 'trop_k_veg': 2.6589821781915957, 'pop_amp': 0.002513849349088515, 'pop_peak': 1.4281211091634878, 'pop_sig': 0.8414778336336197, 'fuel_k': 2.8063129905871995, 'fuel_half': 0.40237311921657504}. Best is trial 1622 with value: -0.6125870653324885.
[I 2026-08-19 17:55:35,769] Trial 1901 finished with value: 0.6445374145881376 and parameters: {'k1': 0.00039174849215525826, 'D_low': 3.786806109297926, 'k2': 0.02786135721886426, 'D_high': 346913.2047293375, 'fire_exp': 4.385991563313672, 'P_half': 3.652506994568698, 'pre_dampen_half': 168.93872543543569, 'gpp_af': 0.11970848409083333, 'gpp_b': 0.0002772824432449075, 'gpp_d': 1.9972126907324153, 'ign_k': 0.596538664894718, 'ign_c': 52.296929120940675, 'trop_agb_crit': 1.285709293855537, 'trop_k_veg': 1.3182404588100596, 'pop_amp': 0.016343812620033846, 'pop_peak': 4.185377261567073, 'pop_sig': 0.8354158326277973, 'fuel_k': 1.9592408368941343, 'fuel_half': 0.4733114220173003}. Best is trial 1622 with value: -0.6125870653324885.
[I 2026-08-19 17:55:37,986] Trial 1902 finished with value: 0.6445374145881376 and parameters: {'k1': 1.3674653806003525e-05, 'D_low': 36.33726024574882, 'k2': 0.022496611517021432, 'D_high': 726367.054853773, 'fire_exp': 2.9570742765431874, 'P_half': 7.277843106129253, 'pre_dampen_half': 1.2447316424987411, 'gpp_af': 0.2310596237899132, 'gpp_b': 0.020072572984943818, 'gpp_d': 605.2968864599633, 'ign_k': 0.3110470325902957, 'ign_c': 156.68444639916942, 'trop_agb_crit': 11.769156236806236, 'trop_k_veg': 3.7646633003316823, 'pop_amp': 0.0016156691121328782, 'pop_peak': 0.22569222912993656, 'pop_sig': 1.418598681729423, 'fuel_k': 0.4626647090224366, 'fuel_half': 0.17971900234128801}. Best is trial 1622 with value: -0.6125870653324885.
[I 2026-08-19 17:55:40,080] Trial 1903 finished with value: 0.48971812409329063 and parameters: {'k1': 0.0009889754772557816, 'D_low': 5.6752109719419, 'k2': 0.03557973349497716, 'D_high': 7941810.7168342415, 'fire_exp': 3.031654682166945, 'P_half': 509.6067588000409, 'pre_dampen_half': 37.497831428179765, 'gpp_af': 0.39518519594913376, 'gpp_b': 0.0041370962792336595, 'gpp_d': 20.210582529640178, 'ign_k': 1.3359711367201013, 'ign_c': 5.234869848373741, 'trop_agb_crit': 14.190506337957816, 'trop_k_veg': 1.56074916982084, 'pop_amp': 0.00328810118798769, 'pop_peak': 0.30643448177314697, 'pop_sig': 0.39710816593254916, 'fuel_k': 0.037216007320362114, 'fuel_half': 1.1032977987518304}. Best is trial 1622 with value: -0.6125870653324885.
[I 2026-08-19 17:55:42,232] Trial 1904 finished with value: 0.5318485914998552 and parameters: {'k1': 0.00011842549066967291, 'D_low': 1.4701373434927885, 'k2': 0.022040886478456315, 'D_high': 6838907.7408671, 'fire_exp': 1.422859793933219, 'P_half': 58.55080919549215, 'pre_dampen_half': 6.897526945000712, 'gpp_af': 5.567253895694887, 'gpp_b': 0.011594315526382052, 'gpp_d': 2.242681209297112, 'ign_k': 0.10274796126322976, 'ign_c': 21.044287665467788, 'trop_agb_crit': 17.93655786565533, 'trop_k_veg': 0.6494238983811966, 'pop_amp': 0.013148449550832678, 'pop_peak': 0.9610171339988505, 'pop_sig': 1.0497506299229415, 'fuel_k': 0.26433348064050427, 'fuel_half': 8.775251292544464}. Best is trial 1622 with value: -0.6125870653324885.
[I 2026-08-19 17:55:44,071] Trial 1905 finished with value: 0.42826636887832736 and parameters: {'k1': 0.00019791282854025093, 'D_low': 4.466715461807894, 'k2': 0.020877456821319806, 'D_high': 316452.5904300154, 'fire_exp': 1.2069549016351395, 'P_half': 157.22345120072643, 'pre_dampen_half': 2.480798760033848, 'gpp_af': 4.209706263776071, 'gpp_b': 0.0007424841873254542, 'gpp_d': 10.463872604887962, 'ign_k': 0.2888919195804373, 'ign_c': 1.1168370236189007, 'trop_agb_crit': 4.049181567840203, 'trop_k_veg': 1.5993839358366468, 'pop_amp': 0.0022570151715391, 'pop_peak': 0.1864727554611215, 'pop_sig': 0.5880794927475274, 'fuel_k': 0.14991608134898718, 'fuel_half': 1.2950260452745999}. Best is trial 1622 with value: -0.6125870653324885.
[I 2026-08-19 17:55:46,198] Trial 1906 finished with value: 0.5039534920683206 and parameters: {'k1': 6.007761410915818e-05, 'D_low': 1.9098874467071976, 'k2': 0.04156989261596976, 'D_high': 1204697.5839340244, 'fire_exp': 1.7836117559622318, 'P_half': 8.699728106162068, 'pre_dampen_half': 0.10455086238156057, 'gpp_af': 1.7905462415962525, 'gpp_b': 0.0008545010239466868, 'gpp_d': 4.399333494811999, 'ign_k': 4.43806393355133, 'ign_c': 0.11471534074304814, 'trop_agb_crit': 5.322461030943516, 'trop_k_veg': 0.9851480141401694, 'pop_amp': 0.016570596562761573, 'pop_peak': 0.0507651678814528, 'pop_sig': 0.4023259842492001, 'fuel_k': 0.030449965687592156, 'fuel_half': 5.584129844853351}. Best is trial 1622 with value: -0.6125870653324885.
[I 2026-08-19 17:55:48,364] Trial 1907 finished with value: -0.5988782330709199 and parameters: {'k1': 0.011586863163412665, 'D_low': 8.078526391564456, 'k2': 0.0012403301403021724, 'D_high': 612838.482246085, 'fire_exp': 1.9090640795341554, 'P_half': 37.94816229956349, 'pre_dampen_half': 4.735441634547187, 'gpp_af': 0.0035410874809950923, 'gpp_b': 1.861427617286684e-05, 'gpp_d': 31.933784188957652, 'ign_k': 3.4906716912927234, 'ign_c': 22.824902226957306, 'trop_agb_crit': 10.3758390134981, 'trop_k_veg': 7.63924952484209, 'pop_amp': 0.00491466135457231, 'pop_peak': 0.06670353542916897, 'pop_sig': 0.5219768555624205, 'fuel_k': 2.8195185172197483, 'fuel_half': 12.066287821426416}. Best is trial 1622 with value: -0.6125870653324885.
  trial 1908/2500  best_overall=0.6126  (57.4 min)
[I 2026-08-19 17:55:51,050] Trial 1908 finished with value: 0.5807717361362498 and parameters: {'k1': 2.6968499427106526e-05, 'D_low': 83798.3389808268, 'k2': 1.493564489278668e-05, 'D_high': 9635349.731915696, 'fire_exp': 1.7007623051981544, 'P_half': 10.691790540705506, 'pre_dampen_half': 0.31784572323099314, 'gpp_af': 0.06874917692161708, 'gpp_b': 0.046944738448547824, 'gpp_d': 160.02779956620037, 'ign_k': 0.0017460611436372732, 'ign_c': 0.5705346076368124, 'trop_agb_crit': 13.413324761563691, 'trop_k_veg': 4.23505936154172, 'pop_amp': 0.2885323431019467, 'pop_peak': 30.674972612930006, 'pop_sig': 0.6322658475717714, 'fuel_k': 3.6019632729153055, 'fuel_half': 0.18266833578200184}. Best is trial 1622 with value: -0.6125870653324885.
[I 2026-08-19 17:55:53,223] Trial 1909 finished with value: 0.4540372873791878 and parameters: {'k1': 0.0022333909192562527, 'D_low': 1820.4440006078644, 'k2': 0.00192643023880074, 'D_high': 900962.7848913771, 'fire_exp': 3.122577990129972, 'P_half': 40.013970181532045, 'pre_dampen_half': 2.365944918657961, 'gpp_af': 0.0018731464553196416, 'gpp_b': 6.547454336298966e-05, 'gpp_d': 16.05555548582906, 'ign_k': 3.01880171361376, 'ign_c': 11.244176563921402, 'trop_agb_crit': 14.98071085707248, 'trop_k_veg': 4.0930191552819455, 'pop_amp': 0.010346106675985206, 'pop_peak': 0.09838880116208193, 'pop_sig': 0.3360203140932167, 'fuel_k': 1.0519520888602096, 'fuel_half': 6.411707638724739}. Best is trial 1622 with value: -0.6125870653324885.
[I 2026-08-19 17:55:55,336] Trial 1910 finished with value: 0.5516773749410214 and parameters: {'k1': 0.00036411567622202025, 'D_low': 413.2602282756388, 'k2': 0.00014796789256015094, 'D_high': 5404855.904347826, 'fire_exp': 1.1390615763713818, 'P_half': 1675.1997256215766, 'pre_dampen_half': 6.146450474618826, 'gpp_af': 0.015977550078113686, 'gpp_b': 0.01607622212402341, 'gpp_d': 11.561023443734934, 'ign_k': 7.002849022686606, 'ign_c': 8.016129132532793, 'trop_agb_crit': 13.563107164105888, 'trop_k_veg': 1.84124089382535, 'pop_amp': 0.0026896699226523608, 'pop_peak': 16.06389386093486, 'pop_sig': 0.8106105182656113, 'fuel_k': 0.5152517730709248, 'fuel_half': 3.9580589174556704}. Best is trial 1622 with value: -0.6125870653324885.
[I 2026-08-19 17:55:57,565] Trial 1911 finished with value: -0.5705093834178568 and parameters: {'k1': 0.003313243649953948, 'D_low': 3945.1909127971976, 'k2': 0.0003323897385628474, 'D_high': 1827688.869716263, 'fire_exp': 2.4428068224927566, 'P_half': 78.67018741178502, 'pre_dampen_half': 121.68449242374133, 'gpp_af': 0.04653325113234105, 'gpp_b': 0.0008499036526042224, 'gpp_d': 457.81708230432156, 'ign_k': 0.06518274083632906, 'ign_c': 0.14392933750671255, 'trop_agb_crit': 3.5839629064552927, 'trop_k_veg': 2.293743817087774, 'pop_amp': 0.03908180759147383, 'pop_peak': 1.7410177012938175, 'pop_sig': 0.4865477812079543, 'fuel_k': 0.013640560914591154, 'fuel_half': 0.14796196938211487}. Best is trial 1622 with value: -0.6125870653324885.
[I 2026-08-19 17:55:59,662] Trial 1912 finished with value: 0.49119785098132607 and parameters: {'k1': 0.010063791621632841, 'D_low': 68.3676148141689, 'k2': 0.003403675537494995, 'D_high': 2301629.1381450156, 'fire_exp': 1.9606344473781667, 'P_half': 24.352623860060366, 'pre_dampen_half': 26.148818840537814, 'gpp_af': 0.0017512395183935713, 'gpp_b': 2.303474972092284e-05, 'gpp_d': 3.82236509166845, 'ign_k': 0.7886128654789444, 'ign_c': 19.41490218402423, 'trop_agb_crit': 14.43478489806038, 'trop_k_veg': 6.038670393688241, 'pop_amp': 0.013205712257177852, 'pop_peak': 0.14888725433937172, 'pop_sig': 0.3735606970328811, 'fuel_k': 4.240846839880273, 'fuel_half': 3.448097046407302}. Best is trial 1622 with value: -0.6125870653324885.
