[I 2026-06-10 20:31:07,175] Trial 456 finished with values: [10.79387339146538, 10.79387339146538] and parameters: {'k1': 5.178197947282869e-05, 'D_low': 236.79352040223893, 'k2': 8.968733598183248e-05, 'D_high': 16780.50857913099, 'fire_exp': 4.197266872191233, 'P_half': 9.580682294110435, 'pre_dampen_half': 189.88136301569827, 'gpp_af': 0.060029341913968644, 'gpp_b': 0.00807491410172472, 'gpp_d': 21.899070557043984, 'ign_k': 0.07867677706257832, 'ign_c': 1.4879588507789996, 'trop_agb_crit': 12.708819454040446, 'trop_k_veg': 0.5183533149347164, 'fire_amp': 1.5719333351012774}.
[I 2026-06-10 20:31:08,348] Trial 457 finished with values: [10.191815304691756, 10.191815304691756] and parameters: {'k1': 5.7909642338812115e-05, 'D_low': 335.92388193960346, 'k2': 0.00037358626308127543, 'D_high': 32311.521854410956, 'fire_exp': 1.41873960828944, 'P_half': 93.43302657318476, 'pre_dampen_half': 16.009350908593582, 'gpp_af': 0.016306190741524337, 'gpp_b': 0.00031478066835753096, 'gpp_d': 1.6963424566071992, 'ign_k': 0.002357279455676982, 'ign_c': 7.081721844034206, 'trop_agb_crit': 8.0091368834625, 'trop_k_veg': 2.520089655463604, 'fire_amp': 3.1543496524370136}.
[I 2026-06-10 20:31:09,821] Trial 458 finished with values: [-0.4585777548591635, 0.09958161092133988] and parameters: {'k1': 3.609310926766545e-05, 'D_low': 1121.5915868662764, 'k2': 0.00037358626308127543, 'D_high': 1266.9536563782303, 'fire_exp': 1.4848387260494937, 'P_half': 93.43302657318476, 'pre_dampen_half': 170.71098124594695, 'gpp_af': 0.015627364027979502, 'gpp_b': 2.176805640408474e-05, 'gpp_d': 0.09467055845337147, 'ign_k': 0.012480180965117606, 'ign_c': 39.52220881906114, 'trop_agb_crit': 11.664190932505923, 'trop_k_veg': 4.989748894578724, 'fire_amp': 3.1543496524370136}.
[I 2026-06-10 20:31:10,999] Trial 459 finished with values: [10.234368168914425, 10.234368168914425] and parameters: {'k1': 0.006164329525571074, 'D_low': 171.2446447678494, 'k2': 0.00037358626308127543, 'D_high': 36998.679204890876, 'fire_exp': 1.1633452995374232, 'P_half': 1265.0580856641704, 'pre_dampen_half': 30.456909077772018, 'gpp_af': 0.060029341913968644, 'gpp_b': 0.12046049142392454, 'gpp_d': 21.899070557043984, 'ign_k': 0.17320535908244444, 'ign_c': 1.4879588507789996, 'trop_agb_crit': 1.8566494291193822, 'trop_k_veg': 0.5183533149347164, 'fire_amp': 5.44779717154213}.
[I 2026-06-10 20:31:12,217] Trial 460 finished with values: [10.816561327731218, 10.816561327731218] and parameters: {'k1': 5.178197947282869e-05, 'D_low': 236.79352040223893, 'k2': 0.0004976087827261435, 'D_high': 32311.521854410956, 'fire_exp': 1.2344878997299724, 'P_half': 45.55085098454082, 'pre_dampen_half': 16.009350908593582, 'gpp_af': 0.008117091133892173, 'gpp_b': 0.25042526066088033, 'gpp_d': 12.338826503601998, 'ign_k': 0.0018548376790967168, 'ign_c': 7.081721844034206, 'trop_agb_crit': 12.708819454040446, 'trop_k_veg': 0.5535297685306277, 'fire_amp': 1.5719333351012774}.
[I 2026-06-10 20:31:13,416] Trial 461 finished with values: [10.377797579719289, 10.377797579719289] and parameters: {'k1': 2.570626095678496e-05, 'D_low': 171.2446447678494, 'k2': 0.0004976087827261435, 'D_high': 1266.9536563782303, 'fire_exp': 1.353841071397002, 'P_half': 51.10120656497163, 'pre_dampen_half': 123.04779330083686, 'gpp_af': 42.29037995744429, 'gpp_b': 0.015062722325200045, 'gpp_d': 96.93415502195788, 'ign_k': 0.002357279455676982, 'ign_c': 72.99613382801451, 'trop_agb_crit': 2.0527418919564324, 'trop_k_veg': 2.520089655463604, 'fire_amp': 5.606809127618709}.
[I 2026-06-10 20:31:14,556] Trial 462 finished with values: [10.754450279947301, 10.754450279947301] and parameters: {'k1': 3.609310926766545e-05, 'D_low': 43.03411264066069, 'k2': 0.006802810205786726, 'D_high': 252.84086172415604, 'fire_exp': 1.4848387260494937, 'P_half': 1265.0580856641704, 'pre_dampen_half': 350.88322284755304, 'gpp_af': 0.016306190741524337, 'gpp_b': 0.00012118589392553798, 'gpp_d': 0.7698760608299932, 'ign_k': 0.17320535908244444, 'ign_c': 0.5232779509048977, 'trop_agb_crit': 11.664190932505923, 'trop_k_veg': 0.9660523662864217, 'fire_amp': 3.1543496524370136}.
[I 2026-06-10 20:31:15,777] Trial 463 finished with values: [12.895129300438288, 12.895129300438288] and parameters: {'k1': 5.7909642338812115e-05, 'D_low': 2186.356344942016, 'k2': 2.091507303847255e-05, 'D_high': 1817.0401889219124, 'fire_exp': 1.1633452995374232, 'P_half': 93.43302657318476, 'pre_dampen_half': 189.36639872354493, 'gpp_af': 37.28155624293858, 'gpp_b': 0.006999112505425414, 'gpp_d': 47.35384181058586, 'ign_k': 0.17320535908244444, 'ign_c': 1.4879588507789996, 'trop_agb_crit': 1.8285200278523417, 'trop_k_veg': 0.5183533149347164, 'fire_amp': 5.44779717154213}.
[I 2026-06-10 20:31:17,055] Trial 464 finished with values: [10.831328297558288, 10.831328297558288] and parameters: {'k1': 0.0009898117700885534, 'D_low': 1.4002277211577039, 'k2': 0.02939607009739149, 'D_high': 44974.07193749848, 'fire_exp': 1.1633452995374232, 'P_half': 101.40635645866499, 'pre_dampen_half': 9.044346216330972, 'gpp_af': 1.7775411110039254, 'gpp_b': 0.00031478066835753096, 'gpp_d': 95.2715755007094, 'ign_k': 0.0029519227433917453, 'ign_c': 2.2489542843914485, 'trop_agb_crit': 1.0189592979395135, 'trop_k_veg': 0.6488368931910606, 'fire_amp': 2.818314238665462}.
[I 2026-06-10 20:31:18,275] Trial 465 finished with values: [10.566950660393033, 10.566950660393033] and parameters: {'k1': 3.609310926766545e-05, 'D_low': 236.79352040223893, 'k2': 0.003767022142229395, 'D_high': 76838.76502998071, 'fire_exp': 1.2344878997299724, 'P_half': 51.10120656497163, 'pre_dampen_half': 170.71098124594695, 'gpp_af': 0.005061568304359487, 'gpp_b': 0.002416023630607169, 'gpp_d': 21.899070557043984, 'ign_k': 0.0032383308053152635, 'ign_c': 75.30210437963517, 'trop_agb_crit': 11.664190932505923, 'trop_k_veg': 0.5183533149347164, 'fire_amp': 1.505817508996859}.
[I 2026-06-10 20:31:19,447] Trial 466 finished with values: [10.833333332980382, 10.833333332980382] and parameters: {'k1': 0.012840669372724958, 'D_low': 1.7551403048208316, 'k2': 0.045914852167405346, 'D_high': 36998.679204890876, 'fire_exp': 1.9136159174067866, 'P_half': 3.591771421517613, 'pre_dampen_half': 30.456909077772018, 'gpp_af': 0.016306190741524337, 'gpp_b': 0.00807491410172472, 'gpp_d': 0.7698760608299932, 'ign_k': 0.07867677706257832, 'ign_c': 342.8810943862522, 'trop_agb_crit': 1.850652607502099, 'trop_k_veg': 2.520089655463604, 'fire_amp': 1.5719333351012774}.
[I 2026-06-10 20:31:20,618] Trial 467 finished with values: [10.036775374221481, 10.036775374221481] and parameters: {'k1': 3.609310926766545e-05, 'D_low': 83.56564873457052, 'k2': 0.045914852167405346, 'D_high': 1266.9536563782303, 'fire_exp': 1.2344878997299724, 'P_half': 9.580682294110435, 'pre_dampen_half': 16.009350908593582, 'gpp_af': 0.060029341913968644, 'gpp_b': 0.00807491410172472, 'gpp_d': 21.899070557043984, 'ign_k': 0.07867677706257832, 'ign_c': 0.9736725715035878, 'trop_agb_crit': 8.0091368834625, 'trop_k_veg': 0.5183533149347164, 'fire_amp': 1.5719333351012774}.
[I 2026-06-10 20:31:21,785] Trial 468 finished with values: [10.328577576635496, 10.328577576635496] and parameters: {'k1': 3.609310926766545e-05, 'D_low': 1121.5915868662764, 'k2': 0.00037358626308127543, 'D_high': 1817.0401889219124, 'fire_exp': 1.4848387260494937, 'P_half': 12.280874862135363, 'pre_dampen_half': 1.8469033699850426, 'gpp_af': 0.015627364027979502, 'gpp_b': 2.176805640408474e-05, 'gpp_d': 96.93415502195788, 'ign_k': 2.615413574494962, 'ign_c': 0.4177928311636542, 'trop_agb_crit': 12.647327018493208, 'trop_k_veg': 4.989748894578724, 'fire_amp': 3.1543496524370136}.
[I 2026-06-10 20:31:23,042] Trial 469 finished with values: [10.185021666877203, 10.185021666877203] and parameters: {'k1': 0.012840669372724958, 'D_low': 171.2446447678494, 'k2': 0.0011135501184757278, 'D_high': 42210.21267871043, 'fire_exp': 1.2918065501148304, 'P_half': 61.6097529474144, 'pre_dampen_half': 4.603480758878793, 'gpp_af': 0.016306190741524337, 'gpp_b': 0.0004125336560355494, 'gpp_d': 0.7698760608299932, 'ign_k': 0.0029519227433917453, 'ign_c': 1.9423015749984096, 'trop_agb_crit': 5.335241529707116, 'trop_k_veg': 0.9923523017201868, 'fire_amp': 1.2393473789150806}.
[I 2026-06-10 20:31:24,581] Trial 470 finished with values: [10.795047631337264, 10.795047631337264] and parameters: {'k1': 0.006164329525571074, 'D_low': 171.2446447678494, 'k2': 0.00037358626308127543, 'D_high': 36998.679204890876, 'fire_exp': 1.2344878997299724, 'P_half': 7.914423612155368, 'pre_dampen_half': 30.456909077772018, 'gpp_af': 0.005061568304359487, 'gpp_b': 0.12046049142392454, 'gpp_d': 1.0088237648985734, 'ign_k': 0.17320535908244444, 'ign_c': 7.081721844034206, 'trop_agb_crit': 1.8566494291193822, 'trop_k_veg': 5.453348988480011, 'fire_amp': 1.1655705619308396}.
[I 2026-06-10 20:31:26,132] Trial 471 finished with values: [12.995410698466088, 12.995410698466088] and parameters: {'k1': 0.0001599021369655865, 'D_low': 1121.5915868662764, 'k2': 0.02939607009739149, 'D_high': 44974.07193749848, 'fire_exp': 1.1633452995374232, 'P_half': 12.280874862135363, 'pre_dampen_half': 9.044346216330972, 'gpp_af': 0.016306190741524337, 'gpp_b': 2.176805640408474e-05, 'gpp_d': 0.7698760608299932, 'ign_k': 3.6309591863459096, 'ign_c': 2.2489542843914485, 'trop_agb_crit': 1.0189592979395135, 'trop_k_veg': 5.453348988480011, 'fire_amp': 3.1543496524370136}.
[I 2026-06-10 20:31:27,520] Trial 472 finished with values: [-0.5625652464019499, 0.16553008534089686] and parameters: {'k1': 0.08006837661379566, 'D_low': 171.2446447678494, 'k2': 0.0004976087827261435, 'D_high': 32311.521854410956, 'fire_exp': 1.811096651915224, 'P_half': 93.43302657318476, 'pre_dampen_half': 30.456909077772018, 'gpp_af': 0.2204465010099918, 'gpp_b': 0.00031478066835753096, 'gpp_d': 20.81401325574021, 'ign_k': 0.0029519227433917453, 'ign_c': 342.8810943862522, 'trop_agb_crit': 2.0527418919564324, 'trop_k_veg': 0.828441460847982, 'fire_amp': 5.44779717154213}.
[I 2026-06-10 20:31:28,850] Trial 473 finished with values: [12.142359558812636, 12.142359558812636] and parameters: {'k1': 3.609310926766545e-05, 'D_low': 1.7551403048208316, 'k2': 0.00037358626308127543, 'D_high': 32311.521854410956, 'fire_exp': 1.4848387260494937, 'P_half': 5.4712187293420325, 'pre_dampen_half': 225.8132942030758, 'gpp_af': 0.07118041471054574, 'gpp_b': 2.176805640408474e-05, 'gpp_d': 0.1619054449471649, 'ign_k': 0.0029519227433917453, 'ign_c': 7.081721844034206, 'trop_agb_crit': 12.647327018493208, 'trop_k_veg': 4.989748894578724, 'fire_amp': 3.1543496524370136}.
[I 2026-06-10 20:31:30,340] Trial 474 finished with values: [10.197344304561257, 10.197344304561257] and parameters: {'k1': 0.00023134781612225627, 'D_low': 171.2446447678494, 'k2': 0.00037358626308127543, 'D_high': 32311.521854410956, 'fire_exp': 1.9136159174067866, 'P_half': 5.4712187293420325, 'pre_dampen_half': 16.009350908593582, 'gpp_af': 0.008117091133892173, 'gpp_b': 0.00031478066835753096, 'gpp_d': 0.7698760608299932, 'ign_k': 0.0010941664389997358, 'ign_c': 7.081721844034206, 'trop_agb_crit': 12.708819454040446, 'trop_k_veg': 2.520089655463604, 'fire_amp': 5.44779717154213}.
[I 2026-06-10 20:31:31,830] Trial 475 finished with values: [10.687864439875092, 10.687864439875092] and parameters: {'k1': 0.0006042560675552671, 'D_low': 171.2446447678494, 'k2': 1.1417577140741129e-05, 'D_high': 1266.9536563782303, 'fire_exp': 1.9783727454920947, 'P_half': 93.43302657318476, 'pre_dampen_half': 189.36639872354493, 'gpp_af': 37.28155624293858, 'gpp_b': 2.176805640408474e-05, 'gpp_d': 47.35384181058586, 'ign_k': 0.0029519227433917453, 'ign_c': 342.8810943862522, 'trop_agb_crit': 1.8023542850487386, 'trop_k_veg': 3.1055119128084763, 'fire_amp': 5.44779717154213}.
[I 2026-06-10 20:31:33,470] Trial 476 finished with values: [-0.5836660044659391, 0.12023048596543584] and parameters: {'k1': 5.7909642338812115e-05, 'D_low': 171.2446447678494, 'k2': 0.00037358626308127543, 'D_high': 1817.0401889219124, 'fire_exp': 1.1633452995374232, 'P_half': 114.62237838612074, 'pre_dampen_half': 1.8469033699850426, 'gpp_af': 0.2204465010099918, 'gpp_b': 2.176805640408474e-05, 'gpp_d': 1.0088237648985734, 'ign_k': 0.17320535908244444, 'ign_c': 0.4177928311636542, 'trop_agb_crit': 3.3933702290907823, 'trop_k_veg': 2.520089655463604, 'fire_amp': 5.44779717154213}.
[I 2026-06-10 20:31:34,943] Trial 477 finished with values: [10.06400758218161, 10.06400758218161] and parameters: {'k1': 3.609310926766545e-05, 'D_low': 235.39834531862078, 'k2': 0.003767022142229395, 'D_high': 1266.9536563782303, 'fire_exp': 1.4848387260494937, 'P_half': 51.10120656497163, 'pre_dampen_half': 170.71098124594695, 'gpp_af': 1.9706963379095486, 'gpp_b': 0.015062722325200045, 'gpp_d': 5.981605330890935, 'ign_k': 0.002357279455676982, 'ign_c': 75.30210437963517, 'trop_agb_crit': 11.664190932505923, 'trop_k_veg': 4.989748894578724, 'fire_amp': 1.505817508996859}.
[I 2026-06-10 20:31:36,263] Trial 478 finished with values: [10.244098692320382, 10.244098692320382] and parameters: {'k1': 0.0009898117700885534, 'D_low': 1.4002277211577039, 'k2': 0.02939607009739149, 'D_high': 44974.07193749848, 'fire_exp': 1.4572158037266703, 'P_half': 101.40635645866499, 'pre_dampen_half': 9.044346216330972, 'gpp_af': 1.7775411110039254, 'gpp_b': 0.16285506249643175, 'gpp_d': 1.0088237648985734, 'ign_k': 3.6309591863459096, 'ign_c': 2.2489542843914485, 'trop_agb_crit': 1.0189592979395135, 'trop_k_veg': 0.6488368931910606, 'fire_amp': 2.818314238665462}.
[I 2026-06-10 20:31:37,646] Trial 479 finished with values: [10.651467055236035, 10.651467055236035] and parameters: {'k1': 0.00023134781612225627, 'D_low': 171.2446447678494, 'k2': 0.00037358626308127543, 'D_high': 32311.521854410956, 'fire_exp': 1.9136159174067866, 'P_half': 5.4712187293420325, 'pre_dampen_half': 16.009350908593582, 'gpp_af': 0.008117091133892173, 'gpp_b': 0.0022206965604739644, 'gpp_d': 12.338826503601998, 'ign_k': 0.0018548376790967168, 'ign_c': 39.52220881906114, 'trop_agb_crit': 1.3063813396521713, 'trop_k_veg': 2.520089655463604, 'fire_amp': 1.5719333351012774}.
[I 2026-06-10 20:31:39,105] Trial 480 finished with values: [11.200898926555837, 11.200898926555837] and parameters: {'k1': 0.00023134781612225627, 'D_low': 1.7551403048208316, 'k2': 0.00037358626308127543, 'D_high': 36998.679204890876, 'fire_exp': 1.41873960828944, 'P_half': 5.4712187293420325, 'pre_dampen_half': 30.456909077772018, 'gpp_af': 0.008117091133892173, 'gpp_b': 0.00031478066835753096, 'gpp_d': 1.6963424566071992, 'ign_k': 0.002357279455676982, 'ign_c': 39.52220881906114, 'trop_agb_crit': 4.902399583903479, 'trop_k_veg': 2.520089655463604, 'fire_amp': 3.1543496524370136}.
[I 2026-06-10 20:31:40,759] Trial 481 finished with values: [10.639693190431935, 10.639693190431935] and parameters: {'k1': 5.178197947282869e-05, 'D_low': 1.7551403048208316, 'k2': 0.0001280886335404798, 'D_high': 24.9899605789089, 'fire_exp': 1.811096651915224, 'P_half': 5.4712187293420325, 'pre_dampen_half': 121.93011993958949, 'gpp_af': 0.060029341913968644, 'gpp_b': 0.00031478066835753096, 'gpp_d': 21.899070557043984, 'ign_k': 0.0032383308053152635, 'ign_c': 7.081721844034206, 'trop_agb_crit': 12.708819454040446, 'trop_k_veg': 0.5183533149347164, 'fire_amp': 1.1655705619308396}.
[I 2026-06-10 20:31:42,349] Trial 482 finished with values: [15.71466558802973, 15.71466558802973] and parameters: {'k1': 0.0001599021369655865, 'D_low': 1121.5915868662764, 'k2': 0.0002442377596403892, 'D_high': 1817.0401889219124, 'fire_exp': 1.2344878997299724, 'P_half': 7.914423612155368, 'pre_dampen_half': 958.6709783968975, 'gpp_af': 0.005061568304359487, 'gpp_b': 0.002416023630607169, 'gpp_d': 0.7698760608299932, 'ign_k': 7.544827057709847, 'ign_c': 7.081721844034206, 'trop_agb_crit': 11.664190932505923, 'trop_k_veg': 5.453348988480011, 'fire_amp': 3.1543496524370136}.
[I 2026-06-10 20:31:43,723] Trial 483 finished with values: [10.683007534926492, 10.683007534926492] and parameters: {'k1': 0.00010777889602079265, 'D_low': 1121.5915868662764, 'k2': 0.003767022142229395, 'D_high': 1817.0401889219124, 'fire_exp': 1.9136159174067866, 'P_half': 3.591771421517613, 'pre_dampen_half': 1.8469033699850426, 'gpp_af': 0.2204465010099918, 'gpp_b': 2.176805640408474e-05, 'gpp_d': 96.93415502195788, 'ign_k': 0.05681482545113266, 'ign_c': 0.4177928311636542, 'trop_agb_crit': 12.708819454040446, 'trop_k_veg': 4.989748894578724, 'fire_amp': 1.5719333351012774}.
[I 2026-06-10 20:31:45,110] Trial 484 finished with values: [-0.5178686910891536, 0.2533038669842652] and parameters: {'k1': 3.609310926766545e-05, 'D_low': 236.79352040223893, 'k2': 0.0004976087827261435, 'D_high': 32311.521854410956, 'fire_exp': 1.4848387260494937, 'P_half': 12.280874862135363, 'pre_dampen_half': 19.21689966904807, 'gpp_af': 1.9706963379095486, 'gpp_b': 0.00031478066835753096, 'gpp_d': 12.338826503601998, 'ign_k': 0.012480180965117606, 'ign_c': 48.704711413416454, 'trop_agb_crit': 1.3063813396521713, 'trop_k_veg': 6.030247256556128, 'fire_amp': 3.1543496524370136}.
[I 2026-06-10 20:31:46,491] Trial 485 finished with values: [10.454669006188661, 10.454669006188661] and parameters: {'k1': 3.609310926766545e-05, 'D_low': 1.7551403048208316, 'k2': 0.045914852167405346, 'D_high': 1266.9536563782303, 'fire_exp': 1.4848387260494937, 'P_half': 9.580682294110435, 'pre_dampen_half': 16.009350908593582, 'gpp_af': 1.9706963379095486, 'gpp_b': 0.00807491410172472, 'gpp_d': 21.899070557043984, 'ign_k': 0.002357279455676982, 'ign_c': 388.02797007866826, 'trop_agb_crit': 12.708819454040446, 'trop_k_veg': 0.5183533149347164, 'fire_amp': 3.1543496524370136}.
[I 2026-06-10 20:31:48,031] Trial 486 finished with values: [10.700047219384807, 10.700047219384807] and parameters: {'k1': 3.609310926766545e-05, 'D_low': 171.2446447678494, 'k2': 0.00037358626308127543, 'D_high': 1266.9536563782303, 'fire_exp': 1.2344878997299724, 'P_half': 19.987581927614485, 'pre_dampen_half': 3.4461856429915305, 'gpp_af': 0.016306190741524337, 'gpp_b': 0.00031478066835753096, 'gpp_d': 21.899070557043984, 'ign_k': 0.0029519227433917453, 'ign_c': 1.4879588507789996, 'trop_agb_crit': 2.0527418919564324, 'trop_k_veg': 0.5183533149347164, 'fire_amp': 1.1655705619308396}.
[I 2026-06-10 20:31:49,590] Trial 487 finished with values: [-0.60730477786075, 0.10879881241184386] and parameters: {'k1': 3.609310926766545e-05, 'D_low': 171.2446447678494, 'k2': 0.006802810205786726, 'D_high': 1266.9536563782303, 'fire_exp': 1.4848387260494937, 'P_half': 1241.3450098922583, 'pre_dampen_half': 123.04779330083686, 'gpp_af': 0.004511991819672033, 'gpp_b': 2.176805640408474e-05, 'gpp_d': 96.93415502195788, 'ign_k': 0.0029519227433917453, 'ign_c': 7.081721844034206, 'trop_agb_crit': 11.664190932505923, 'trop_k_veg': 2.520089655463604, 'fire_amp': 3.1543496524370136}.
[I 2026-06-10 20:31:51,192] Trial 488 finished with values: [10.554476643541003, 10.554476643541003] and parameters: {'k1': 3.609310926766545e-05, 'D_low': 171.2446447678494, 'k2': 0.00037358626308127543, 'D_high': 1266.9536563782303, 'fire_exp': 1.4848387260494937, 'P_half': 93.43302657318476, 'pre_dampen_half': 170.71098124594695, 'gpp_af': 42.29037995744429, 'gpp_b': 6.590619977704117, 'gpp_d': 96.93415502195788, 'ign_k': 0.002357279455676982, 'ign_c': 388.02797007866826, 'trop_agb_crit': 12.647327018493208, 'trop_k_veg': 1.2749676887479542, 'fire_amp': 3.1543496524370136}.
[I 2026-06-10 20:31:52,749] Trial 489 finished with values: [10.691909372166771, 10.691909372166771] and parameters: {'k1': 5.7909642338812115e-05, 'D_low': 171.2446447678494, 'k2': 2.091507303847255e-05, 'D_high': 36998.679204890876, 'fire_exp': 1.1633452995374232, 'P_half': 93.43302657318476, 'pre_dampen_half': 1.8575807716793389, 'gpp_af': 0.016306190741524337, 'gpp_b': 2.176805640408474e-05, 'gpp_d': 21.899070557043984, 'ign_k': 0.17320535908244444, 'ign_c': 1.4879588507789996, 'trop_agb_crit': 12.708819454040446, 'trop_k_veg': 2.520089655463604, 'fire_amp': 5.44779717154213}.
[I 2026-06-10 20:31:54,215] Trial 490 finished with values: [10.0079526562845, 10.0079526562845] and parameters: {'k1': 0.0018697387216131526, 'D_low': 171.2446447678494, 'k2': 0.00037358626308127543, 'D_high': 32311.521854410956, 'fire_exp': 1.7220686611084326, 'P_half': 5.4712187293420325, 'pre_dampen_half': 3.4461856429915305, 'gpp_af': 0.016306190741524337, 'gpp_b': 0.00031478066835753096, 'gpp_d': 21.899070557043984, 'ign_k': 0.0018548376790967168, 'ign_c': 7.081721844034206, 'trop_agb_crit': 8.0091368834625, 'trop_k_veg': 0.5089315327929785, 'fire_amp': 5.44779717154213}.
[I 2026-06-10 20:31:55,791] Trial 491 finished with values: [10.176267149946643, 10.176267149946643] and parameters: {'k1': 0.0008362695993649681, 'D_low': 171.2446447678494, 'k2': 0.00037358626308127543, 'D_high': 6682.9607218310075, 'fire_exp': 1.41873960828944, 'P_half': 1.9678273362633985, 'pre_dampen_half': 4.847666216751353, 'gpp_af': 0.2204465010099918, 'gpp_b': 0.12046049142392454, 'gpp_d': 1.0088237648985734, 'ign_k': 0.17320535908244444, 'ign_c': 7.081721844034206, 'trop_agb_crit': 12.9667438075127, 'trop_k_veg': 5.453348988480011, 'fire_amp': 2.7806853670293616}.
[I 2026-06-10 20:31:57,385] Trial 492 finished with values: [10.444398927950033, 10.444398927950033] and parameters: {'k1': 0.006079905434073396, 'D_low': 43.2326421037033, 'k2': 4.933751600448335e-05, 'D_high': 44974.07193749848, 'fire_exp': 1.7792742686803427, 'P_half': 157.3644610977214, 'pre_dampen_half': 9.044346216330972, 'gpp_af': 1.7775411110039254, 'gpp_b': 0.00047819318414852577, 'gpp_d': 594.7389794988394, 'ign_k': 0.004775640431359605, 'ign_c': 2.2489542843914485, 'trop_agb_crit': 1.0189592979395135, 'trop_k_veg': 1.6003641872536711, 'fire_amp': 1.5587346124822492}.
