[I 2026-08-06 02:14:19,541] Trial 135 finished with values: [10.151972352073011, 10.151972352073011] and parameters: {'k1': 0.0016129739560722712, 'D_low': 334.62201030483817, 'k2': 2.5461628161276896e-05, 'D_high': 411.0848435021235, 'fire_exp': 1.3614924220931135, 'P_half': 5.15399351160314, 'pre_dampen_half': 5.542030950268268, 'gpp_af': 2.8805537835688413, 'gpp_b': 0.0004837646996135023, 'gpp_d': 0.13223503889537183, 'ign_k': 0.3818468247973969, 'ign_c': 0.5110256715654393}.
[I 2026-08-06 02:14:20,562] Trial 136 finished with values: [10.713135174426485, 10.713135174426485] and parameters: {'k1': 0.0026651167490553537, 'D_low': 6986.847592445664, 'k2': 2.5461628161276896e-05, 'D_high': 1687.3495104568947, 'fire_exp': 1.010722707674549, 'P_half': 4.397766894483963, 'pre_dampen_half': 5.542030950268268, 'gpp_af': 2.8805537835688413, 'gpp_b': 0.08161454372835547, 'gpp_d': 891.8036602897795, 'ign_k': 3.7173717478250508, 'ign_c': 14.367095138664217}.
[I 2026-08-06 02:14:21,637] Trial 137 finished with values: [10.766212983071751, 10.766212983071751] and parameters: {'k1': 0.004579192310322934, 'D_low': 2.5379946629058443, 'k2': 2.1698375693549493e-05, 'D_high': 6366.1449945522045, 'fire_exp': 2.4685680709443356, 'P_half': 1938.3858782150498, 'pre_dampen_half': 1.5691864266263484, 'gpp_af': 39.744595568350256, 'gpp_b': 3.228689523591491e-05, 'gpp_d': 857.4284557962634, 'ign_k': 0.9782222138048976, 'ign_c': 3.0378658251922155}.
[I 2026-08-06 02:14:22,634] Trial 138 finished with values: [10.701587620000252, 10.701587620000252] and parameters: {'k1': 3.252245757497282e-05, 'D_low': 4.051452710153359, 'k2': 3.5917714215176105e-05, 'D_high': 3660.150802571655, 'fire_exp': 1.5201277403788451, 'P_half': 24.136213194527585, 'pre_dampen_half': 304.7488318185732, 'gpp_af': 0.2343193755572473, 'gpp_b': 0.10123867001105968, 'gpp_d': 0.07271087249685712, 'ign_k': 0.005877005203443299, 'ign_c': 0.1457050032975653}.
[I 2026-08-06 02:14:23,694] Trial 139 finished with values: [10.022770839794681, 10.022770839794681] and parameters: {'k1': 0.025383218374507292, 'D_low': 125.32726386250698, 'k2': 4.763991596630584e-05, 'D_high': 1687.3495104568947, 'fire_exp': 1.010722707674549, 'P_half': 39.03214299767183, 'pre_dampen_half': 703.6426675556048, 'gpp_af': 22.766850248686247, 'gpp_b': 3.228689523591491e-05, 'gpp_d': 0.19476644406315288, 'ign_k': 0.03141110271934876, 'ign_c': 47.268615251255675}.
[I 2026-08-06 02:14:24,706] Trial 140 finished with values: [10.150109138739023, 10.150109138739023] and parameters: {'k1': 0.015602015889668856, 'D_low': 18.522006003174383, 'k2': 3.5917714215176105e-05, 'D_high': 39.323386421481615, 'fire_exp': 1.5201277403788451, 'P_half': 45.55085098454082, 'pre_dampen_half': 14.689898077648792, 'gpp_af': 22.766850248686247, 'gpp_b': 0.10123867001105968, 'gpp_d': 39.827466658711515, 'ign_k': 3.7173717478250508, 'ign_c': 14.367095138664217}.
[I 2026-08-06 02:14:25,754] Trial 141 finished with values: [10.763421326279536, 10.763421326279536] and parameters: {'k1': 0.00488137519160367, 'D_low': 4.051452710153359, 'k2': 3.5917714215176105e-05, 'D_high': 3660.150802571655, 'fire_exp': 2.332293128354265, 'P_half': 338.23872019362165, 'pre_dampen_half': 0.7549440440422736, 'gpp_af': 0.2343193755572473, 'gpp_b': 3.251606690398149e-05, 'gpp_d': 39.827466658711515, 'ign_k': 0.005877005203443299, 'ign_c': 14.810800730363484}.
[I 2026-08-06 02:14:26,768] Trial 142 finished with values: [10.769121892672665, 10.769121892672665] and parameters: {'k1': 0.00488137519160367, 'D_low': 1112.9571947046009, 'k2': 8.923807143379776e-05, 'D_high': 8182.111518618414, 'fire_exp': 2.332293128354265, 'P_half': 9716.212563514906, 'pre_dampen_half': 14.711215379121963, 'gpp_af': 20.12115544906385, 'gpp_b': 3.481277316673104e-05, 'gpp_d': 150.14555442537656, 'ign_k': 0.019192001101561888, 'ign_c': 0.773448215664679}.
[I 2026-08-06 02:14:27,796] Trial 143 finished with values: [10.576172582555166, 10.576172582555166] and parameters: {'k1': 2.0937989739527727e-05, 'D_low': 125.32726386250698, 'k2': 0.0010204225357677778, 'D_high': 322.951013956506, 'fire_exp': 1.2943117749495199, 'P_half': 63.585411411994926, 'pre_dampen_half': 703.6426675556048, 'gpp_af': 10.25616274847308, 'gpp_b': 2.800940363375676e-05, 'gpp_d': 5.1715677287580455, 'ign_k': 0.0048255892187380085, 'ign_c': 0.6235377135673155}.
[I 2026-08-06 02:14:28,824] Trial 144 finished with values: [10.313819395233924, 10.313819395233924] and parameters: {'k1': 0.002407354618388189, 'D_low': 175.2878790340412, 'k2': 3.5917714215176105e-05, 'D_high': 3660.150802571655, 'fire_exp': 1.5201277403788451, 'P_half': 1.3035590385085063, 'pre_dampen_half': 59.66041614891413, 'gpp_af': 0.2343193755572473, 'gpp_b': 0.1676789742547917, 'gpp_d': 39.827466658711515, 'ign_k': 0.005877005203443299, 'ign_c': 0.11433485956638717}.
[I 2026-08-06 02:14:29,851] Trial 145 finished with values: [10.738155871307269, 10.738155871307269] and parameters: {'k1': 0.0016129739560722712, 'D_low': 334.62201030483817, 'k2': 0.03210808548911189, 'D_high': 949.9072859745386, 'fire_exp': 1.14171776851287, 'P_half': 93.34064019986363, 'pre_dampen_half': 1.6130673726933187, 'gpp_af': 27.448645214004376, 'gpp_b': 0.0012749409641020352, 'gpp_d': 0.03848886303127135, 'ign_k': 0.0037322156377670697, 'ign_c': 0.5110256715654393}.
[I 2026-08-06 02:14:30,883] Trial 146 finished with values: [10.75435864355778, 10.75435864355778] and parameters: {'k1': 0.02641449645424223, 'D_low': 64.52946500764233, 'k2': 0.0007883068789768041, 'D_high': 54.1524411940254, 'fire_exp': 1.3614924220931135, 'P_half': 1.3035590385085063, 'pre_dampen_half': 1.4445251022763053, 'gpp_af': 0.14765842992482675, 'gpp_b': 0.1676789742547917, 'gpp_d': 0.11609694921678075, 'ign_k': 0.34703605955441524, 'ign_c': 0.15178052094448868}.
[I 2026-08-06 02:14:31,944] Trial 147 finished with values: [10.765787181128852, 10.765787181128852] and parameters: {'k1': 0.014344484793173472, 'D_low': 125.32726386250698, 'k2': 0.0009299619346742016, 'D_high': 107.88909575795405, 'fire_exp': 1.1670151053031461, 'P_half': 148.17820606039086, 'pre_dampen_half': 0.050654860639753524, 'gpp_af': 10.25616274847308, 'gpp_b': 2.800940363375676e-05, 'gpp_d': 0.15875524914818662, 'ign_k': 0.002011190979341457, 'ign_c': 19.19168994439752}.
[I 2026-08-06 02:14:32,956] Trial 148 finished with values: [10.485898634756255, 10.485898634756255] and parameters: {'k1': 0.02714257255218683, 'D_low': 51.9967392387832, 'k2': 0.010080550999930625, 'D_high': 10427.291060979045, 'fire_exp': 1.2680134752324452, 'P_half': 125.61043700013555, 'pre_dampen_half': 1.4445251022763053, 'gpp_af': 0.14765842992482675, 'gpp_b': 0.0024605285374226047, 'gpp_d': 0.05061568304359488, 'ign_k': 0.34703605955441524, 'ign_c': 0.11049703024154134}.
[I 2026-08-06 02:14:33,985] Trial 149 finished with values: [10.693842190901643, 10.693842190901643] and parameters: {'k1': 2.0937989739527727e-05, 'D_low': 4.051452710153359, 'k2': 3.5917714215176105e-05, 'D_high': 233.52156626184438, 'fire_exp': 1.5201277403788451, 'P_half': 24.136213194527585, 'pre_dampen_half': 703.6426675556048, 'gpp_af': 5.620854611217178, 'gpp_b': 0.10123867001105968, 'gpp_d': 0.19476644406315288, 'ign_k': 0.006912296717033066, 'ign_c': 47.268615251255675}.
[I 2026-08-06 02:14:35,012] Trial 150 finished with values: [11.666729093567879, 11.666729093567879] and parameters: {'k1': 0.0016129739560722712, 'D_low': 334.62201030483817, 'k2': 0.03210808548911189, 'D_high': 411.0848435021235, 'fire_exp': 1.3614924220931135, 'P_half': 93.34064019986363, 'pre_dampen_half': 59.66041614891413, 'gpp_af': 4.095062894476692, 'gpp_b': 0.0004837646996135023, 'gpp_d': 309.22275645044783, 'ign_k': 0.3818468247973969, 'ign_c': 0.5110256715654393}.
[I 2026-08-06 02:14:36,029] Trial 151 finished with values: [10.769216652845834, 10.769216652845834] and parameters: {'k1': 6.615437365561391e-05, 'D_low': 6151.688122361408, 'k2': 0.0010293072560417134, 'D_high': 57.90964233881214, 'fire_exp': 4.557153230489669, 'P_half': 2.157758652553991, 'pre_dampen_half': 0.02253428262837267, 'gpp_af': 1.6296576926690896, 'gpp_b': 1.4423407153852965e-05, 'gpp_d': 340.229467527258, 'ign_k': 5.766615111348428, 'ign_c': 9.34330265731847}.
[I 2026-08-06 02:14:37,025] Trial 152 finished with values: [10.639632093400477, 10.639632093400477] and parameters: {'k1': 0.01783192664937594, 'D_low': 1.4002277211577039, 'k2': 0.03210808548911189, 'D_high': 10316.033434719713, 'fire_exp': 2.3782613909771353, 'P_half': 2.157758652553991, 'pre_dampen_half': 2.292633983096564, 'gpp_af': 4.095062894476692, 'gpp_b': 0.0004837646996135023, 'gpp_d': 0.013230608911548413, 'ign_k': 0.18170401889219123, 'ign_c': 0.5110256715654393}.
[I 2026-08-06 02:14:38,038] Trial 153 finished with values: [11.500515400840161, 11.500515400840161] and parameters: {'k1': 2.0937989739527727e-05, 'D_low': 64.52946500764233, 'k2': 0.02065142557895925, 'D_high': 267.3088310781672, 'fire_exp': 1.2943117749495199, 'P_half': 63.585411411994926, 'pre_dampen_half': 703.6426675556048, 'gpp_af': 0.14765842992482675, 'gpp_b': 0.0024605285374226047, 'gpp_d': 0.19476644406315288, 'ign_k': 0.0048255892187380085, 'ign_c': 0.6235377135673155}.
[I 2026-08-06 02:14:39,035] Trial 154 finished with values: [11.130044338752386, 11.130044338752386] and parameters: {'k1': 0.00035868164986275477, 'D_low': 13.012518385211498, 'k2': 1.831616544393272e-05, 'D_high': 267.3088310781672, 'fire_exp': 1.3201882743050743, 'P_half': 69.68111190775313, 'pre_dampen_half': 75.44632385121258, 'gpp_af': 0.0662749342026412, 'gpp_b': 0.010483435442445016, 'gpp_d': 28.312234265202243, 'ign_k': 1.2273800987852967, 'ign_c': 0.6235377135673155}.
[I 2026-08-06 02:14:40,063] Trial 155 finished with values: [10.769218135684955, 10.769218135684955] and parameters: {'k1': 7.841214856323651e-05, 'D_low': 918.4900818511542, 'k2': 1.1184534120760473e-05, 'D_high': 75773.14388518519, 'fire_exp': 5.463881201328881, 'P_half': 14.94057723907974, 'pre_dampen_half': 111.37963167994629, 'gpp_af': 92.21975850381763, 'gpp_b': 1.5938003265859821, 'gpp_d': 5.878566318396007, 'ign_k': 0.11101191524846071, 'ign_c': 12.37061744238074}.
[I 2026-08-06 02:14:41,092] Trial 156 finished with values: [10.730097787344807, 10.730097787344807] and parameters: {'k1': 0.02714257255218683, 'D_low': 51.9967392387832, 'k2': 0.010080550999930625, 'D_high': 576.2487216478603, 'fire_exp': 2.8398070613229245, 'P_half': 95.65499215943822, 'pre_dampen_half': 4.187466509282843, 'gpp_af': 0.15988721385117122, 'gpp_b': 0.000832333943844274, 'gpp_d': 20.54051942538844, 'ign_k': 0.004431133722857619, 'ign_c': 12.03017887115466}.
[I 2026-08-06 02:14:42,182] Trial 157 finished with values: [10.366992536825988, 10.366992536825988] and parameters: {'k1': 0.025383218374507292, 'D_low': 9.330007965781027, 'k2': 4.763991596630584e-05, 'D_high': 400.9149428326862, 'fire_exp': 1.0473002272689056, 'P_half': 608.3019192425825, 'pre_dampen_half': 1.6130673726933187, 'gpp_af': 22.766850248686247, 'gpp_b': 5.2308563179361105e-05, 'gpp_d': 891.8036602897795, 'ign_k': 3.7173717478250508, 'ign_c': 14.367095138664217}.
[I 2026-08-06 02:14:43,196] Trial 158 finished with values: [10.767777735968046, 10.767777735968046] and parameters: {'k1': 0.0017320535908244437, 'D_low': 4.051452710153359, 'k2': 0.005456725485601475, 'D_high': 3660.150802571655, 'fire_exp': 3.7748863822506733, 'P_half': 22.4895428439145, 'pre_dampen_half': 0.014857392806279237, 'gpp_af': 35.20481045526041, 'gpp_b': 8.539677611488478e-05, 'gpp_d': 20.54051942538844, 'ign_k': 0.005877005203443299, 'ign_c': 14.810800730363484}.
[I 2026-08-06 02:14:44,239] Trial 159 finished with values: [10.722984674461001, 10.722984674461001] and parameters: {'k1': 0.0026651167490553537, 'D_low': 175.2878790340412, 'k2': 2.5461628161276896e-05, 'D_high': 4508.240502480678, 'fire_exp': 1.3614924220931135, 'P_half': 5.342106255632175, 'pre_dampen_half': 5.542030950268268, 'gpp_af': 2.8805537835688413, 'gpp_b': 0.08161454372835547, 'gpp_d': 0.13223503889537183, 'ign_k': 0.0035114452581286888, 'ign_c': 0.11433485956638717}.
[I 2026-08-06 02:14:45,251] Trial 160 finished with values: [10.590026714372824, 10.590026714372824] and parameters: {'k1': 0.06598741607403362, 'D_low': 125.32726386250698, 'k2': 0.0004381141781653133, 'D_high': 2798.2272717049286, 'fire_exp': 1.182396148413737, 'P_half': 2799.899764723165, 'pre_dampen_half': 703.6426675556048, 'gpp_af': 6.155035361040188, 'gpp_b': 3.228689523591491e-05, 'gpp_d': 0.03805074835058821, 'ign_k': 0.0015276032303600073, 'ign_c': 0.14551749476072262}.
[I 2026-08-06 02:14:46,281] Trial 161 finished with values: [10.745444342851899, 10.745444342851899] and parameters: {'k1': 0.03232155805617897, 'D_low': 1440.3650379563878, 'k2': 2.316457903103837e-05, 'D_high': 949.9072859745386, 'fire_exp': 1.14171776851287, 'P_half': 157.80309954142965, 'pre_dampen_half': 1.6130673726933187, 'gpp_af': 4.095062894476692, 'gpp_b': 1.5938003265859821, 'gpp_d': 368.30088529547436, 'ign_k': 0.0037322156377670697, 'ign_c': 0.5110256715654393}.
[I 2026-08-06 02:14:47,307] Trial 162 finished with values: [10.764583515405171, 10.764583515405171] and parameters: {'k1': 0.00016536937182824412, 'D_low': 2.458603276328005, 'k2': 0.005456725485601475, 'D_high': 53514.70428717441, 'fire_exp': 3.7748863822506733, 'P_half': 95.65499215943822, 'pre_dampen_half': 0.014857392806279237, 'gpp_af': 35.20481045526041, 'gpp_b': 0.0004837646996135023, 'gpp_d': 20.54051942538844, 'ign_k': 0.3818468247973969, 'ign_c': 12.03017887115466}.
[I 2026-08-06 02:14:48,365] Trial 163 finished with values: [10.76921215809, 10.76921215809] and parameters: {'k1': 0.004579192310322934, 'D_low': 4.075267974954964, 'k2': 0.0499774937030317, 'D_high': 27.55546207779663, 'fire_exp': 1.6901885781909627, 'P_half': 436.4516946807792, 'pre_dampen_half': 1.5691864266263484, 'gpp_af': 0.5970408652384318, 'gpp_b': 4.749990847441259, 'gpp_d': 3.57879245350232, 'ign_k': 0.002357279455676982, 'ign_c': 388.02797007866826}.
[I 2026-08-06 02:14:49,391] Trial 164 finished with values: [10.056297174284246, 10.056297174284246] and parameters: {'k1': 0.0002656971546588439, 'D_low': 51.9967392387832, 'k2': 0.006138509947844854, 'D_high': 6455.595882939566, 'fire_exp': 1.264103030891254, 'P_half': 958.8659498594012, 'pre_dampen_half': 111.37963167994629, 'gpp_af': 0.004339536161007625, 'gpp_b': 0.000832333943844274, 'gpp_d': 300.3420512048734, 'ign_k': 0.031134168041628628, 'ign_c': 19.19168994439752}.
[I 2026-08-06 02:14:50,389] Trial 165 finished with values: [10.621065771342554, 10.621065771342554] and parameters: {'k1': 0.00012105387404469581, 'D_low': 1112.9571947046009, 'k2': 3.5917714215176105e-05, 'D_high': 3660.150802571655, 'fire_exp': 1.5201277403788451, 'P_half': 338.23872019362165, 'pre_dampen_half': 14.711215379121963, 'gpp_af': 1.6595781802652418, 'gpp_b': 0.10123867001105968, 'gpp_d': 39.827466658711515, 'ign_k': 0.019192001101561888, 'ign_c': 14.810800730363484}.
[I 2026-08-06 02:14:51,420] Trial 166 finished with values: [10.769213939779888, 10.769213939779888] and parameters: {'k1': 0.014666151770108535, 'D_low': 1440.3650379563878, 'k2': 0.0001870742013766025, 'D_high': 32270.237615157977, 'fire_exp': 2.4685680709443356, 'P_half': 1846.7059900514498, 'pre_dampen_half': 1.6130673726933187, 'gpp_af': 39.744595568350256, 'gpp_b': 0.005971435064832835, 'gpp_d': 0.03848886303127135, 'ign_k': 0.0037322156377670697, 'ign_c': 111.18405953132105}.
[I 2026-08-06 02:14:52,435] Trial 167 finished with values: [10.670125055759833, 10.670125055759833] and parameters: {'k1': 0.014666151770108535, 'D_low': 918.4900818511542, 'k2': 2.316457903103837e-05, 'D_high': 949.9072859745386, 'fire_exp': 1.14171776851287, 'P_half': 395.22208819061166, 'pre_dampen_half': 1.6130673726933187, 'gpp_af': 11.234842109991876, 'gpp_b': 0.0012749409641020352, 'gpp_d': 1.105785410092522, 'ign_k': 0.0037322156377670697, 'ign_c': 10.140635645866492}.
[I 2026-08-06 02:14:53,462] Trial 168 finished with values: [10.667589368261062, 10.667589368261062] and parameters: {'k1': 0.00035868164986275477, 'D_low': 12.172958098369968, 'k2': 0.02065142557895925, 'D_high': 267.3088310781672, 'fire_exp': 1.1044852285094786, 'P_half': 3669.20903969591, 'pre_dampen_half': 4.350163152436989, 'gpp_af': 0.001339466259146302, 'gpp_b': 2.800940363375676e-05, 'gpp_d': 5.878566318396007, 'ign_k': 1.2273800987852967, 'ign_c': 12.37061744238074}.
[I 2026-08-06 02:14:54,460] Trial 169 finished with values: [10.196761677243495, 10.196761677243495] and parameters: {'k1': 3.252245757497282e-05, 'D_low': 4.051452710153359, 'k2': 0.08894151386481904, 'D_high': 42.13183643253958, 'fire_exp': 1.1044852285094786, 'P_half': 24.136213194527585, 'pre_dampen_half': 304.7488318185732, 'gpp_af': 0.2343193755572473, 'gpp_b': 1.0714507872203791, 'gpp_d': 5.878566318396007, 'ign_k': 0.04563289369649656, 'ign_c': 0.1457050032975653}.
[I 2026-08-06 02:14:55,472] Trial 170 finished with values: [10.182340042225311, 10.182340042225311] and parameters: {'k1': 0.021368329072358756, 'D_low': 730.952095351094, 'k2': 0.0001870742013766025, 'D_high': 43033.06161410616, 'fire_exp': 2.2881850891698634, 'P_half': 395.22208819061166, 'pre_dampen_half': 53.73093479067421, 'gpp_af': 20.12115544906385, 'gpp_b': 1.1008110571039521e-05, 'gpp_d': 368.30088529547436, 'ign_k': 0.0467351899956275, 'ign_c': 0.773448215664679}.
[I 2026-08-06 02:14:56,506] Trial 171 finished with values: [10.088921460214191, 10.088921460214191] and parameters: {'k1': 0.00023134781612225627, 'D_low': 432.21095215763245, 'k2': 0.0499774937030317, 'D_high': 32311.521854410956, 'fire_exp': 1.811096651915224, 'P_half': 436.4516946807792, 'pre_dampen_half': 121.93011993958949, 'gpp_af': 0.5970408652384318, 'gpp_b': 0.010483435442445016, 'gpp_d': 28.312234265202243, 'ign_k': 0.002357279455676982, 'ign_c': 157.63098727399432}.
[I 2026-08-06 02:14:57,520] Trial 172 finished with values: [10.287595456434666, 10.287595456434666] and parameters: {'k1': 0.014666151770108535, 'D_low': 1.2834648227562822, 'k2': 0.0499774937030317, 'D_high': 949.9072859745386, 'fire_exp': 1.0473002272689056, 'P_half': 436.4516946807792, 'pre_dampen_half': 1.6130673726933187, 'gpp_af': 0.04339970334001348, 'gpp_b': 5.2308563179361105e-05, 'gpp_d': 0.1619054449471649, 'ign_k': 0.0037322156377670697, 'ign_c': 0.7724824966785973}.
[I 2026-08-06 02:14:58,549] Trial 173 finished with values: [10.764762311055058, 10.764762311055058] and parameters: {'k1': 0.006117912981900519, 'D_low': 397.9749374103113, 'k2': 8.400384914559786e-05, 'D_high': 4870.47114134165, 'fire_exp': 1.14171776851287, 'P_half': 157.80309954142965, 'pre_dampen_half': 1.6130673726933187, 'gpp_af': 0.002950595659493296, 'gpp_b': 0.029490412408101685, 'gpp_d': 0.012547369537891036, 'ign_k': 0.0728437126516689, 'ign_c': 14.810800730363484}.
[I 2026-08-06 02:14:59,576] Trial 174 finished with values: [10.765461805809089, 10.765461805809089] and parameters: {'k1': 0.06598741607403362, 'D_low': 894.5150807271528, 'k2': 0.0016497426799845453, 'D_high': 2798.2272717049286, 'fire_exp': 2.627846918579106, 'P_half': 9.793184984206247, 'pre_dampen_half': 0.6023700815747873, 'gpp_af': 6.155035361040188, 'gpp_b': 1.220003093173824e-05, 'gpp_d': 0.03805074835058821, 'ign_k': 0.0015276032303600073, 'ign_c': 0.14551749476072262}.
[I 2026-08-06 02:15:00,606] Trial 175 finished with values: [10.76624342722581, 10.76624342722581] and parameters: {'k1': 0.0029707920514735983, 'D_low': 2.5379946629058443, 'k2': 2.1698375693549493e-05, 'D_high': 1687.3495104568947, 'fire_exp': 1.010722707674549, 'P_half': 1938.3858782150498, 'pre_dampen_half': 14.689898077648792, 'gpp_af': 0.0025511964576171086, 'gpp_b': 0.6637926838138378, 'gpp_d': 857.4284557962634, 'ign_k': 3.7173717478250508, 'ign_c': 3.0378658251922155}.
[I 2026-08-06 02:15:01,626] Trial 176 finished with values: [10.769221172334447, 10.769221172334447] and parameters: {'k1': 0.02714257255218683, 'D_low': 51.9967392387832, 'k2': 0.010080550999930625, 'D_high': 41.05873950290761, 'fire_exp': 1.264103030891254, 'P_half': 338.23872019362165, 'pre_dampen_half': 0.16974173693738634, 'gpp_af': 0.003315453261146913, 'gpp_b': 0.6302262847075769, 'gpp_d': 150.14555442537656, 'ign_k': 0.019192001101561888, 'ign_c': 0.11049703024154134}.
[I 2026-08-06 02:15:02,699] Trial 177 finished with values: [10.02319114858376, 10.02319114858376] and parameters: {'k1': 2.0937989739527727e-05, 'D_low': 7.068974950624602, 'k2': 0.02065142557895925, 'D_high': 75773.14388518519, 'fire_exp': 1.1044852285094786, 'P_half': 63.585411411994926, 'pre_dampen_half': 1.4445251022763053, 'gpp_af': 0.028585493941961918, 'gpp_b': 2.800940363375676e-05, 'gpp_d': 5.878566318396007, 'ign_k': 0.01474275315991467, 'ign_c': 0.6235377135673155}.
[I 2026-08-06 02:15:03,691] Trial 178 finished with values: [10.310019045671805, 10.310019045671805] and parameters: {'k1': 0.0026651167490553537, 'D_low': 1.0883991813938128, 'k2': 0.0004381141781653133, 'D_high': 233.52156626184438, 'fire_exp': 1.0117229084672894, 'P_half': 39.03214299767183, 'pre_dampen_half': 5.542030950268268, 'gpp_af': 0.0025511964576171086, 'gpp_b': 0.00011783328148730701, 'gpp_d': 0.13223503889537183, 'ign_k': 0.03141110271934876, 'ign_c': 47.268615251255675}.
[I 2026-08-06 02:15:04,674] Trial 179 finished with values: [10.763840632830366, 10.763840632830366] and parameters: {'k1': 0.014666151770108535, 'D_low': 1112.9571947046009, 'k2': 8.923807143379776e-05, 'D_high': 8182.111518618414, 'fire_exp': 2.332293128354265, 'P_half': 338.23872019362165, 'pre_dampen_half': 1.6130673726933187, 'gpp_af': 0.04339970334001348, 'gpp_b': 3.481277316673104e-05, 'gpp_d': 150.14555442537656, 'ign_k': 0.0037322156377670697, 'ign_c': 0.557280750002996}.
