[I 2026-07-22 18:44:14,472] Trial 349 finished with values: [10.184403227705696, 10.184403227705696] and parameters: {'k1': 0.0058043147174140705, 'D_low': 2.9612221068836555, 'k2': 0.01567230746060024, 'D_high': 107013.64911724928, 'fire_exp': 3.313658135010505, 'P_half': 1.7036120617148391, 'pre_dampen_half': 347.79988160923324, 'gpp_af': 0.0023751383317256927, 'gpp_b': 0.002407352334224724, 'gpp_d': 2.2044650100999164, 'ign_k': 0.5670346335627292, 'ign_c': 11.40086370112731, 'trop_agb_crit': 14.671700390275891, 'trop_k_veg': 1.7518409078083697, 'fuel_k': 1.2528108647479208, 'fuel_half': 49.16400722913764}.
[I 2026-07-22 18:44:14,895] Trial 350 finished with values: [10.764608603960461, 10.764608603960461] and parameters: {'k1': 0.003242143344038315, 'D_low': 1407.7923139972395, 'k2': 0.001566517163094646, 'D_high': 1026.0852623190942, 'fire_exp': 1.7124099831271415, 'P_half': 38.82837025280678, 'pre_dampen_half': 347.79988160923324, 'gpp_af': 0.005618069878716736, 'gpp_b': 8.129227514069975e-05, 'gpp_d': 2.8006820077310226, 'ign_k': 0.009861808369679786, 'ign_c': 94.57692079529029, 'trop_agb_crit': 12.285102065067687, 'trop_k_veg': 1.0049538030148353, 'fuel_k': 0.48736180483849406, 'fuel_half': 2.276766792290519}.
[I 2026-07-22 18:44:15,306] Trial 351 finished with values: [10.253166603577489, 10.253166603577489] and parameters: {'k1': 0.00023352156626184448, 'D_low': 247.75146043208053, 'k2': 1.6559474674046002e-05, 'D_high': 708572.1663941594, 'fire_exp': 1.3411849220480432, 'P_half': 38.82837025280678, 'pre_dampen_half': 0.46504594134732663, 'gpp_af': 0.005618069878716736, 'gpp_b': 0.0005392415140872105, 'gpp_d': 8.057329182285729, 'ign_k': 0.5131654955148324, 'ign_c': 14.074279366401672, 'trop_agb_crit': 6.119263728555865, 'trop_k_veg': 1.7518409078083697, 'fuel_k': 0.6760671437719994, 'fuel_half': 0.2414020247400933}.
[I 2026-07-22 18:44:15,718] Trial 352 finished with values: [-0.3587727820591799, 0.4114724107669966] and parameters: {'k1': 0.0002526432647626936, 'D_low': 975.3810162817546, 'k2': 0.0038341488164556755, 'D_high': 1026.0852623190942, 'fire_exp': 1.3411849220480432, 'P_half': 7.890004262668578, 'pre_dampen_half': 347.79988160923324, 'gpp_af': 0.12243451886824051, 'gpp_b': 0.0054502936945582505, 'gpp_d': 12.151631524283598, 'ign_k': 0.7588328899786276, 'ign_c': 0.4392638796750216, 'trop_agb_crit': 12.285102065067687, 'trop_k_veg': 2.417028380770307, 'fuel_k': 0.018207179480706392, 'fuel_half': 2.276766792290519}.
[I 2026-07-22 18:44:16,132] Trial 353 finished with values: [10.202422351515501, 10.202422351515501] and parameters: {'k1': 1.8205657658407255e-05, 'D_low': 85.60024220272012, 'k2': 2.1698375693549493e-05, 'D_high': 160625.60954780428, 'fire_exp': 2.0165721691808587, 'P_half': 2.458603276328005, 'pre_dampen_half': 3.9885726374014694, 'gpp_af': 1.1300566419249867, 'gpp_b': 0.0005392415140872105, 'gpp_d': 6.378078463802852, 'ign_k': 3.210808548911192, 'ign_c': 6.1609752947414345, 'trop_agb_crit': 1.5774541406529003, 'trop_k_veg': 0.5772603928610088, 'fuel_k': 1.8731335591844647, 'fuel_half': 18.202647368248815}.
[I 2026-07-22 18:44:16,545] Trial 354 finished with values: [10.191618641240387, 10.191618641240387] and parameters: {'k1': 1.8205657658407255e-05, 'D_low': 85.60024220272012, 'k2': 1.6559474674046002e-05, 'D_high': 887331.2884015184, 'fire_exp': 2.0165721691808587, 'P_half': 38.82837025280678, 'pre_dampen_half': 26.373339933815235, 'gpp_af': 0.015350904103515228, 'gpp_b': 1.1698276136056565e-05, 'gpp_d': 2.2044650100999164, 'ign_k': 0.5131654955148324, 'ign_c': 8.405439129313676, 'trop_agb_crit': 6.119263728555865, 'trop_k_veg': 1.7518409078083697, 'fuel_k': 0.0500651901928747, 'fuel_half': 38.21129441691226}.
[I 2026-07-22 18:44:16,961] Trial 355 finished with values: [10.76923076903347, 10.76923076903347] and parameters: {'k1': 0.0058043147174140705, 'D_low': 2148.727319612887, 'k2': 2.1698375693549493e-05, 'D_high': 580966.5602369158, 'fire_exp': 1.7124099831271415, 'P_half': 9.324787201197319, 'pre_dampen_half': 33.71909132517388, 'gpp_af': 3.944653779280615, 'gpp_b': 3.228689523591491e-05, 'gpp_d': 302.3127748796295, 'ign_k': 0.5131654955148324, 'ign_c': 94.57692079529029, 'trop_agb_crit': 5.707205898008383, 'trop_k_veg': 1.6340262437673856, 'fuel_k': 0.6211831489538813, 'fuel_half': 0.33988503110784557}.
[I 2026-07-22 18:44:17,374] Trial 356 finished with values: [10.376273877433587, 10.376273877433587] and parameters: {'k1': 0.0058043147174140705, 'D_low': 13.25142220631392, 'k2': 0.05583672722754823, 'D_high': 708572.1663941594, 'fire_exp': 2.0165721691808587, 'P_half': 2.458603276328005, 'pre_dampen_half': 420.2116526335304, 'gpp_af': 0.49740621749684094, 'gpp_b': 1.1698276136056565e-05, 'gpp_d': 2.2044650100999164, 'ign_k': 0.0013726318898045872, 'ign_c': 16.626592254031866, 'trop_agb_crit': 12.285102065067687, 'trop_k_veg': 3.028464701337094, 'fuel_k': 1.1820218758583807, 'fuel_half': 38.21129441691226}.
[I 2026-07-22 18:44:17,822] Trial 357 finished with values: [10.513322461158005, 10.513322461158005] and parameters: {'k1': 9.969469187531805e-05, 'D_low': 864.0717009254879, 'k2': 7.67074891445376e-05, 'D_high': 160625.60954780428, 'fire_exp': 3.2181803496180783, 'P_half': 3.6138942712165267, 'pre_dampen_half': 33.71909132517388, 'gpp_af': 42.29037995744429, 'gpp_b': 0.0005995821881487623, 'gpp_d': 0.13876300834369232, 'ign_k': 4.59148521674054, 'ign_c': 11.40086370112731, 'trop_agb_crit': 29.628250251065676, 'trop_k_veg': 2.3408809609838257, 'fuel_k': 0.48736180483849406, 'fuel_half': 0.32476735706274484}.
[I 2026-07-22 18:44:18,243] Trial 358 finished with values: [10.76923076903347, 10.76923076903347] and parameters: {'k1': 0.052334804885400876, 'D_low': 705925.6670518258, 'k2': 0.0001971137615017176, 'D_high': 79791.03859594249, 'fire_exp': 1.182396148413737, 'P_half': 136.0956887810302, 'pre_dampen_half': 26.373339933815235, 'gpp_af': 0.49740621749684094, 'gpp_b': 0.0005392415140872105, 'gpp_d': 302.3127748796295, 'ign_k': 0.0013726318898045872, 'ign_c': 94.57692079529029, 'trop_agb_crit': 5.707205898008383, 'trop_k_veg': 1.6340262437673856, 'fuel_k': 0.03583926624481473, 'fuel_half': 7.259866824755671}.
[I 2026-07-22 18:44:18,667] Trial 359 finished with values: [10.002513524793544, 10.002513524793544] and parameters: {'k1': 0.00016480446427978953, 'D_low': 1407.7923139972395, 'k2': 0.005259118659251229, 'D_high': 1026.0852623190942, 'fire_exp': 1.3411849220480432, 'P_half': 38.82837025280678, 'pre_dampen_half': 347.79988160923324, 'gpp_af': 0.005618069878716736, 'gpp_b': 2.711380409817698e-05, 'gpp_d': 2.8006820077310226, 'ign_k': 0.7588328899786276, 'ign_c': 0.4392638796750216, 'trop_agb_crit': 12.285102065067687, 'trop_k_veg': 1.0049538030148353, 'fuel_k': 0.030315034760496764, 'fuel_half': 2.276766792290519}.
[I 2026-07-22 18:44:19,081] Trial 360 finished with values: [10.147828256010484, 10.147828256010484] and parameters: {'k1': 0.0029707920514735983, 'D_low': 4.043300846639722, 'k2': 2.1698375693549493e-05, 'D_high': 160625.60954780428, 'fire_exp': 1.182396148413737, 'P_half': 38.82837025280678, 'pre_dampen_half': 33.97904243111269, 'gpp_af': 18.235072804314193, 'gpp_b': 0.0005995821881487623, 'gpp_d': 6.91394869865762, 'ign_k': 0.0013262030086414148, 'ign_c': 3.0378658251922155, 'trop_agb_crit': 1.1195539271968775, 'trop_k_veg': 1.140286245977296, 'fuel_k': 3.6992394681929355, 'fuel_half': 18.202647368248815}.
[I 2026-07-22 18:44:19,500] Trial 361 finished with values: [10.727953324311487, 10.727953324311487] and parameters: {'k1': 0.0058043147174140705, 'D_low': 1768.4772284586304, 'k2': 0.002342238625792905, 'D_high': 2283.4228779494524, 'fire_exp': 1.182396148413737, 'P_half': 8832.039346746853, 'pre_dampen_half': 420.2116526335304, 'gpp_af': 0.015350904103515228, 'gpp_b': 0.0054502936945582505, 'gpp_d': 2.2044650100999164, 'ign_k': 0.5670346335627292, 'ign_c': 11.40086370112731, 'trop_agb_crit': 29.789943908227905, 'trop_k_veg': 6.911478238001162, 'fuel_k': 5.486054129200971, 'fuel_half': 0.33988503110784557}.
[I 2026-07-22 18:44:19,915] Trial 362 finished with values: [10.76923076903347, 10.76923076903347] and parameters: {'k1': 0.002971796631657383, 'D_low': 163.4864778201543, 'k2': 0.0007081721844034209, 'D_high': 8433503.858791472, 'fire_exp': 8.791426299948917, 'P_half': 1.4378290221680121, 'pre_dampen_half': 33.71909132517388, 'gpp_af': 0.015350904103515228, 'gpp_b': 1.1698276136056565e-05, 'gpp_d': 6.91394869865762, 'ign_k': 4.59148521674054, 'ign_c': 77.59048401667629, 'trop_agb_crit': 6.1198430581046965, 'trop_k_veg': 3.024803048559367, 'fuel_k': 0.6211831489538813, 'fuel_half': 81.87941582538087}.
[I 2026-07-22 18:44:20,333] Trial 363 finished with values: [10.76923076903347, 10.76923076903347] and parameters: {'k1': 0.011966626407443505, 'D_low': 35.16392386455341, 'k2': 0.001566517163094646, 'D_high': 580966.5602369158, 'fire_exp': 1.2242398136753672, 'P_half': 7.890004262668578, 'pre_dampen_half': 0.4016986062226068, 'gpp_af': 0.12243451886824051, 'gpp_b': 1.7565109007473816e-05, 'gpp_d': 12.151631524283598, 'ign_k': 3.284529979576942, 'ign_c': 94.57692079529029, 'trop_agb_crit': 9.362115196011851, 'trop_k_veg': 2.417028380770307, 'fuel_k': 0.08612665817296865, 'fuel_half': 0.3335026483569958}.
[I 2026-07-22 18:44:20,747] Trial 364 finished with values: [-0.14585156054194184, 0.2987021775609623] and parameters: {'k1': 0.0007087479683081, 'D_low': 4.043300846639722, 'k2': 7.67074891445376e-05, 'D_high': 580966.5602369158, 'fire_exp': 1.7124099831271415, 'P_half': 9.324787201197319, 'pre_dampen_half': 33.71909132517388, 'gpp_af': 8.769726637617675, 'gpp_b': 3.228689523591491e-05, 'gpp_d': 302.3127748796295, 'ign_k': 0.009861808369679786, 'ign_c': 94.57692079529029, 'trop_agb_crit': 15.870971677383487, 'trop_k_veg': 1.140286245977296, 'fuel_k': 1.8731335591844647, 'fuel_half': 38.21129441691226}.
[I 2026-07-22 18:44:21,158] Trial 365 finished with values: [10.331744365455517, 10.331744365455517] and parameters: {'k1': 0.011966626407443505, 'D_low': 126.11058927054879, 'k2': 0.01567230746060024, 'D_high': 316055.11434645456, 'fire_exp': 1.2242398136753672, 'P_half': 7.890004262668578, 'pre_dampen_half': 347.79988160923324, 'gpp_af': 0.06789053271698488, 'gpp_b': 0.0054502936945582505, 'gpp_d': 700.6693992445935, 'ign_k': 0.006290644294586149, 'ign_c': 297.228206986199, 'trop_agb_crit': 9.362115196011851, 'trop_k_veg': 3.754644404143056, 'fuel_k': 0.08612665817296865, 'fuel_half': 0.3335026483569958}.
[I 2026-07-22 18:44:21,572] Trial 366 finished with values: [10.76923076903347, 10.76923076903347] and parameters: {'k1': 0.003242143344038315, 'D_low': 1.7887890916820506, 'k2': 0.001566517163094646, 'D_high': 580966.5602369158, 'fire_exp': 1.2242398136753672, 'P_half': 7.890004262668578, 'pre_dampen_half': 51.7050075643222, 'gpp_af': 0.12243451886824051, 'gpp_b': 8.129227514069975e-05, 'gpp_d': 12.151631524283598, 'ign_k': 3.284529979576942, 'ign_c': 94.57692079529029, 'trop_agb_crit': 9.362115196011851, 'trop_k_veg': 2.417028380770307, 'fuel_k': 0.08612665817296865, 'fuel_half': 0.3335026483569958}.
[I 2026-07-22 18:44:21,990] Trial 367 finished with values: [10.239604721858207, 10.239604721858207] and parameters: {'k1': 0.052334804885400876, 'D_low': 13.25142220631392, 'k2': 0.0001971137615017176, 'D_high': 708572.1663941594, 'fire_exp': 2.0165721691808587, 'P_half': 2.458603276328005, 'pre_dampen_half': 26.373339933815235, 'gpp_af': 0.49740621749684094, 'gpp_b': 0.0005392415140872105, 'gpp_d': 8.057329182285729, 'ign_k': 0.050346969882634894, 'ign_c': 11.40086370112731, 'trop_agb_crit': 6.119263728555865, 'trop_k_veg': 3.028464701337094, 'fuel_k': 1.1820218758583807, 'fuel_half': 38.21129441691226}.
[I 2026-07-22 18:44:22,406] Trial 368 finished with values: [10.25861739672083, 10.25861739672083] and parameters: {'k1': 0.00029589152820953097, 'D_low': 4.043300846639722, 'k2': 3.609310926766545e-05, 'D_high': 1190.1726205793925, 'fire_exp': 1.2310899049053081, 'P_half': 540.9803697908727, 'pre_dampen_half': 19.600139992927424, 'gpp_af': 0.008562341633595545, 'gpp_b': 1.7565109007473816e-05, 'gpp_d': 9.00460602264307, 'ign_k': 0.03141110271934876, 'ign_c': 0.11650681118986138, 'trop_agb_crit': 3.5323948516928385, 'trop_k_veg': 7.7306957218787575, 'fuel_k': 0.6452742971240902, 'fuel_half': 0.3335026483569958}.
[I 2026-07-22 18:44:22,820] Trial 369 finished with values: [11.853766276238964, 11.853766276238964] and parameters: {'k1': 0.011966626407443505, 'D_low': 102.19595065529477, 'k2': 0.001566517163094646, 'D_high': 316055.11434645456, 'fire_exp': 1.2242398136753672, 'P_half': 7.890004262668578, 'pre_dampen_half': 294.75617712568373, 'gpp_af': 0.06789053271698488, 'gpp_b': 1.7565109007473816e-05, 'gpp_d': 9.00460602264307, 'ign_k': 0.009861808369679786, 'ign_c': 11.40086370112731, 'trop_agb_crit': 5.707205898008383, 'trop_k_veg': 2.417028380770307, 'fuel_k': 0.08612665817296865, 'fuel_half': 0.3335026483569958}.
[I 2026-07-22 18:44:23,277] Trial 370 finished with values: [10.577160723290609, 10.577160723290609] and parameters: {'k1': 0.0003199177539819797, 'D_low': 3.169598846855015, 'k2': 0.015109086063191909, 'D_high': 2283.4228779494524, 'fire_exp': 1.182396148413737, 'P_half': 1.4468941663899353, 'pre_dampen_half': 94.20121790275627, 'gpp_af': 0.3259758793317361, 'gpp_b': 3.228689523591491e-05, 'gpp_d': 857.4284557962626, 'ign_k': 0.006039096247545781, 'ign_c': 3.0378658251922155, 'trop_agb_crit': 15.870971677383487, 'trop_k_veg': 3.024803048559367, 'fuel_k': 0.6211831489538813, 'fuel_half': 0.33988503110784557}.
[I 2026-07-22 18:44:23,734] Trial 371 finished with values: [12.026923060208714, 12.026923060208714] and parameters: {'k1': 0.00016480446427978953, 'D_low': 126.11058927054879, 'k2': 0.001566517163094646, 'D_high': 580966.5602369158, 'fire_exp': 1.1258453832483524, 'P_half': 38.82837025280678, 'pre_dampen_half': 6.881834772031151, 'gpp_af': 0.12243451886824051, 'gpp_b': 8.129227514069975e-05, 'gpp_d': 9.00460602264307, 'ign_k': 0.5131654955148324, 'ign_c': 11.40086370112731, 'trop_agb_crit': 29.789943908227905, 'trop_k_veg': 1.7518409078083697, 'fuel_k': 0.48736180483849406, 'fuel_half': 0.32476735706274484}.
[I 2026-07-22 18:44:24,174] Trial 372 finished with values: [10.76923076903347, 10.76923076903347] and parameters: {'k1': 0.003242143344038315, 'D_low': 1407.7923139972395, 'k2': 0.0038341488164556755, 'D_high': 580966.5602369158, 'fire_exp': 1.3411849220480432, 'P_half': 136.0956887810302, 'pre_dampen_half': 347.79988160923324, 'gpp_af': 0.005618069878716736, 'gpp_b': 8.129227514069975e-05, 'gpp_d': 0.3619181297408274, 'ign_k': 0.7588328899786276, 'ign_c': 94.57692079529029, 'trop_agb_crit': 12.285102065067687, 'trop_k_veg': 1.6340262437673856, 'fuel_k': 2.5629765645018403, 'fuel_half': 2.276766792290519}.
[I 2026-07-22 18:44:24,591] Trial 373 finished with values: [10.320421935125314, 10.320421935125314] and parameters: {'k1': 0.0029707920514735983, 'D_low': 140.92119204434155, 'k2': 2.8459703343413838e-05, 'D_high': 107013.64911724928, 'fire_exp': 3.79031591105525, 'P_half': 2.843767489444367, 'pre_dampen_half': 3.9885726374014694, 'gpp_af': 18.235072804314193, 'gpp_b': 1.7565109007473816e-05, 'gpp_d': 9.00460602264307, 'ign_k': 0.5131654955148324, 'ign_c': 3.0378658251922155, 'trop_agb_crit': 15.870971677383487, 'trop_k_veg': 0.5415365826598848, 'fuel_k': 0.6211831489538813, 'fuel_half': 18.202647368248815}.
[I 2026-07-22 18:44:25,005] Trial 374 finished with values: [-0.348120383863717, 0.21842375736945618] and parameters: {'k1': 0.0029282035181080004, 'D_low': 13.25142220631392, 'k2': 2.1698375693549493e-05, 'D_high': 708572.1663941594, 'fire_exp': 1.1258453832483524, 'P_half': 1535.1441568398143, 'pre_dampen_half': 347.79988160923324, 'gpp_af': 0.49740621749684094, 'gpp_b': 0.0054502936945582505, 'gpp_d': 700.6693992445935, 'ign_k': 0.006290644294586149, 'ign_c': 11.40086370112731, 'trop_agb_crit': 20.205002815711154, 'trop_k_veg': 3.028464701337094, 'fuel_k': 0.48736180483849406, 'fuel_half': 38.21129441691226}.
[I 2026-07-22 18:44:25,424] Trial 375 finished with values: [11.39406504995787, 11.39406504995787] and parameters: {'k1': 0.0003199177539819797, 'D_low': 8454.098152188677, 'k2': 0.002342238625792905, 'D_high': 708572.1663941594, 'fire_exp': 2.0165721691808587, 'P_half': 1.4378290221680121, 'pre_dampen_half': 33.71909132517388, 'gpp_af': 0.49740621749684094, 'gpp_b': 1.1698276136056565e-05, 'gpp_d': 302.3127748796295, 'ign_k': 4.59148521674054, 'ign_c': 8.405439129313676, 'trop_agb_crit': 10.719494362768906, 'trop_k_veg': 3.028464701337094, 'fuel_k': 1.1820218758583807, 'fuel_half': 81.87941582538087}.
[I 2026-07-22 18:44:25,840] Trial 376 finished with values: [10.461301768209728, 10.461301768209728] and parameters: {'k1': 0.0187011406476519, 'D_low': 126.11058927054879, 'k2': 0.001566517163094646, 'D_high': 580966.5602369158, 'fire_exp': 1.7124099831271415, 'P_half': 1535.1441568398143, 'pre_dampen_half': 294.75617712568373, 'gpp_af': 0.12243451886824051, 'gpp_b': 8.129227514069975e-05, 'gpp_d': 144.76743839390986, 'ign_k': 0.006290644294586149, 'ign_c': 11.40086370112731, 'trop_agb_crit': 5.707205898008383, 'trop_k_veg': 0.6921865222804094, 'fuel_k': 0.48736180483849406, 'fuel_half': 0.32476735706274484}.
[I 2026-07-22 18:44:26,248] Trial 377 finished with values: [10.457814494431274, 10.457814494431274] and parameters: {'k1': 1.8205657658407255e-05, 'D_low': 247.75146043208053, 'k2': 1.6559474674046002e-05, 'D_high': 887331.2884015184, 'fire_exp': 1.3411849220480432, 'P_half': 2.458603276328005, 'pre_dampen_half': 0.46504594134732663, 'gpp_af': 0.015350904103515228, 'gpp_b': 0.0005392415140872105, 'gpp_d': 2.2044650100999164, 'ign_k': 0.5131654955148324, 'ign_c': 14.074279366401672, 'trop_agb_crit': 6.119263728555865, 'trop_k_veg': 1.7518409078083697, 'fuel_k': 0.0500651901928747, 'fuel_half': 0.2414020247400933}.
[I 2026-07-22 18:44:26,659] Trial 378 finished with values: [10.767471743672068, 10.767471743672068] and parameters: {'k1': 1.8205657658407255e-05, 'D_low': 85.60024220272012, 'k2': 2.1698375693549493e-05, 'D_high': 160625.60954780428, 'fire_exp': 2.0165721691808587, 'P_half': 2.458603276328005, 'pre_dampen_half': 26.373339933815235, 'gpp_af': 1.1300566419249867, 'gpp_b': 0.0005392415140872105, 'gpp_d': 857.4284557962626, 'ign_k': 0.05681482545113264, 'ign_c': 79.62155254464994, 'trop_agb_crit': 6.119263728555865, 'trop_k_veg': 0.5772603928610088, 'fuel_k': 0.08612665817296865, 'fuel_half': 18.202647368248815}.
[I 2026-07-22 18:44:27,072] Trial 379 finished with values: [10.69532829310347, 10.69532829310347] and parameters: {'k1': 2.0937989739527727e-05, 'D_low': 126.11058927054879, 'k2': 0.0004381141781653137, 'D_high': 160625.60954780428, 'fire_exp': 3.066683393418824, 'P_half': 3.6138942712165267, 'pre_dampen_half': 347.79988160923324, 'gpp_af': 0.015350904103515228, 'gpp_b': 0.0054502936945582505, 'gpp_d': 700.6693992445935, 'ign_k': 0.006290644294586149, 'ign_c': 11.40086370112731, 'trop_agb_crit': 7.500118950416987, 'trop_k_veg': 0.6921865222804094, 'fuel_k': 0.48736180483849406, 'fuel_half': 0.32476735706274484}.
[I 2026-07-22 18:44:27,484] Trial 380 finished with values: [10.685601081780122, 10.685601081780122] and parameters: {'k1': 0.0058043147174140705, 'D_low': 140.92119204434155, 'k2': 0.0009670857606743155, 'D_high': 107013.64911724928, 'fire_exp': 1.1258453832483524, 'P_half': 1212.4080603355412, 'pre_dampen_half': 3.9885726374014694, 'gpp_af': 18.235072804314193, 'gpp_b': 1.739960657464621, 'gpp_d': 3.0023172465753087, 'ign_k': 0.5131654955148324, 'ign_c': 11.40086370112731, 'trop_agb_crit': 21.401581507853507, 'trop_k_veg': 0.5415365826598848, 'fuel_k': 1.663022877763097, 'fuel_half': 0.33988503110784557}.
[I 2026-07-22 18:44:27,893] Trial 381 finished with values: [10.077177053866906, 10.077177053866906] and parameters: {'k1': 0.0058043147174140705, 'D_low': 2.9612221068836555, 'k2': 0.01567230746060024, 'D_high': 3390.98259947779, 'fire_exp': 1.8915934313400327, 'P_half': 1.7036120617148391, 'pre_dampen_half': 420.2116526335304, 'gpp_af': 0.0023751383317256927, 'gpp_b': 0.0054502936945582505, 'gpp_d': 2.2044650100999164, 'ign_k': 0.5670346335627292, 'ign_c': 11.40086370112731, 'trop_agb_crit': 29.789943908227905, 'trop_k_veg': 4.130963924640279, 'fuel_k': 0.48736180483849406, 'fuel_half': 0.32476735706274484}.
[I 2026-07-22 18:44:28,334] Trial 382 finished with values: [-0.4046334394103389, 0.36275469864807564] and parameters: {'k1': 0.003198020818004832, 'D_low': 1.7887890916820506, 'k2': 0.001566517163094646, 'D_high': 316055.11434645456, 'fire_exp': 1.2943117749495199, 'P_half': 234.09994646132157, 'pre_dampen_half': 94.20121790275627, 'gpp_af': 36.46000535317359, 'gpp_b': 1.7565109007473816e-05, 'gpp_d': 6.378078463802852, 'ign_k': 0.03141110271934876, 'ign_c': 6.1609752947414345, 'trop_agb_crit': 9.362115196011851, 'trop_k_veg': 0.8966698264662736, 'fuel_k': 0.08612665817296865, 'fuel_half': 7.259866824755671}.
[I 2026-07-22 18:44:28,757] Trial 383 finished with values: [10.63162241597229, 10.63162241597229] and parameters: {'k1': 0.0029282035181080004, 'D_low': 126.11058927054879, 'k2': 1.6559474674046002e-05, 'D_high': 54676.348298259276, 'fire_exp': 1.1258453832483524, 'P_half': 1535.1441568398143, 'pre_dampen_half': 0.46504594134732663, 'gpp_af': 0.25562996323356013, 'gpp_b': 0.0054502936945582505, 'gpp_d': 302.3127748796295, 'ign_k': 0.5131654955148324, 'ign_c': 4.1108484350212295, 'trop_agb_crit': 2.171140223187998, 'trop_k_veg': 0.6921865222804094, 'fuel_k': 0.0500651901928747, 'fuel_half': 38.21129441691226}.
