[I 2026-08-14 15:06:42,897] Trial 2103 finished with values: [-0.3843928213544824, 3.511585466853262e-10] and parameters: {'k1': 0.0004688858519834985, 'D_low': 1.7887890916820506, 'k2': 0.00010939944910100016, 'D_high': 316055.11434645514, 'fire_exp': 1.2429193829348841, 'P_half': 351.2704726270846, 'pre_dampen_half': 0.10609580257119508, 'gpp_af': 0.0023751383317256927, 'gpp_b': 2.788681037423117, 'gpp_d': 0.012284844784580964, 'ign_k': 0.04380580767905655, 'ign_c': 105.24574681335613, 'trop_agb_crit': 13.98132484257899, 'trop_k_veg': 0.9694140152996831, 'fuel_k': 0.021123235354472927, 'fuel_half': 65.99277195883643}.
[I 2026-08-14 15:06:44,031] Trial 2104 finished with values: [-0.4109414164636468, 6.582213563088857e-07] and parameters: {'k1': 6.069662445477729e-05, 'D_low': 4.043300846639722, 'k2': 1.854837679096716e-05, 'D_high': 625838.668783032, 'fire_exp': 1.075051292556307, 'P_half': 1535.1441568398143, 'pre_dampen_half': 0.03627422119926134, 'gpp_af': 0.0022992297821705253, 'gpp_b': 1.1728753685919104, 'gpp_d': 0.01307253094873642, 'ign_k': 0.04380580767905655, 'ign_c': 25.36860972218539, 'trop_agb_crit': 11.659854259018239, 'trop_k_veg': 2.2901381982753772, 'fuel_k': 5.486054129200969, 'fuel_half': 15.581254655530845}.
[I 2026-08-14 15:06:45,189] Trial 2105 finished with values: [-0.4046662395985378, 1.1388566145686951e-06] and parameters: {'k1': 0.00040091494283268605, 'D_low': 2.607160725470918, 'k2': 0.00010939944910100016, 'D_high': 8500.54600545206, 'fire_exp': 1.2429193829348841, 'P_half': 1938.3858782150498, 'pre_dampen_half': 0.2742607411031322, 'gpp_af': 0.030592049838223532, 'gpp_b': 1.1728753685919104, 'gpp_d': 0.012284844784580964, 'ign_k': 0.03141110271934876, 'ign_c': 0.18316165443932733, 'trop_agb_crit': 3.534001063181976, 'trop_k_veg': 3.4508425771776365, 'fuel_k': 5.486054129200969, 'fuel_half': 65.99277195883643}.
[I 2026-08-14 15:06:46,316] Trial 2106 finished with values: [-0.42066845237640466, 0.00012838771535617077] and parameters: {'k1': 0.0012329098365270509, 'D_low': 69.28825072641062, 'k2': 0.0002581273446266928, 'D_high': 625838.668783032, 'fire_exp': 1.2070502372556005, 'P_half': 1938.3858782150498, 'pre_dampen_half': 0.03411860497758073, 'gpp_af': 0.030592049838223532, 'gpp_b': 0.053426250279038016, 'gpp_d': 1.2092668832190316, 'ign_k': 0.476373748459372, 'ign_c': 15.221840161091626, 'trop_agb_crit': 2.1775224101934065, 'trop_k_veg': 1.128469461526162, 'fuel_k': 0.0847308044723091, 'fuel_half': 65.99277195883643}.
[I 2026-08-14 15:06:47,505] Trial 2107 finished with values: [-0.42378657776990575, 0.0001736830117589072] and parameters: {'k1': 1.8595266457134027e-05, 'D_low': 4.043300846639722, 'k2': 0.00010939944910100016, 'D_high': 625838.668783032, 'fire_exp': 1.6733848721157607, 'P_half': 1535.1441568398143, 'pre_dampen_half': 0.03627422119926134, 'gpp_af': 0.0023751383317256927, 'gpp_b': 0.00024732964314480056, 'gpp_d': 46.07817320957004, 'ign_k': 8.017801372168808, 'ign_c': 15.221840161091626, 'trop_agb_crit': 16.86264052240002, 'trop_k_veg': 3.4508425771776365, 'fuel_k': 5.486054129200969, 'fuel_half': 15.581254655530845}.
[I 2026-08-14 15:06:49,148] Trial 2108 finished with values: [-0.3554625854118624, 0.0] and parameters: {'k1': 0.07573282902008706, 'D_low': 367.4904945305323, 'k2': 0.04212821120592908, 'D_high': 625838.668783032, 'fire_exp': 2.5382090343235255, 'P_half': 1535.1441568398143, 'pre_dampen_half': 0.03411860497758073, 'gpp_af': 0.34902252478382495, 'gpp_b': 1.1728753685919104, 'gpp_d': 0.021966759819027775, 'ign_k': 0.567034633562729, 'ign_c': 105.24574681335613, 'trop_agb_crit': 5.881906289439389, 'trop_k_veg': 2.8224577471047865, 'fuel_k': 1.6460650207153917, 'fuel_half': 3.7093134348291836}.
[I 2026-08-14 15:06:51,431] Trial 2109 finished with values: [-0.4175873365373328, 9.097843919669835e-06] and parameters: {'k1': 0.0010204225357677778, 'D_low': 2.607160725470918, 'k2': 0.00019472216066157317, 'D_high': 625838.668783032, 'fire_exp': 1.6733848721157607, 'P_half': 220.3445560633069, 'pre_dampen_half': 0.10609580257119508, 'gpp_af': 0.0023751383317256927, 'gpp_b': 0.00024732964314480056, 'gpp_d': 8.144272585223819, 'ign_k': 0.04380580767905655, 'ign_c': 105.24574681335613, 'trop_agb_crit': 16.86264052240002, 'trop_k_veg': 2.8224577471047865, 'fuel_k': 0.06382243375381637, 'fuel_half': 0.30455368715396786}.
[I 2026-08-14 15:06:52,525] Trial 2110 finished with values: [-0.4109879670605186, 7.177376688538573e-07] and parameters: {'k1': 6.069662445477729e-05, 'D_low': 9.222492453004657, 'k2': 0.0009670857606743155, 'D_high': 504149.16811299836, 'fire_exp': 1.182396148413737, 'P_half': 13.900592062089725, 'pre_dampen_half': 0.03411860497758073, 'gpp_af': 0.0022992297821705253, 'gpp_b': 2.788681037423117, 'gpp_d': 0.012472726063715429, 'ign_k': 0.567034633562729, 'ign_c': 5.383534721315882, 'trop_agb_crit': 10.291619681308426, 'trop_k_veg': 7.063879971757455, 'fuel_k': 5.486054129200969, 'fuel_half': 15.581254655530845}.
[I 2026-08-14 15:06:53,559] Trial 2111 finished with values: [-0.4020411069167854, 7.86595065749296e-08] and parameters: {'k1': 0.00040091494283268605, 'D_low': 2.607160725470918, 'k2': 0.00021370989384830033, 'D_high': 625838.668783032, 'fire_exp': 1.6733848721157607, 'P_half': 220.3445560633069, 'pre_dampen_half': 0.10609580257119508, 'gpp_af': 0.0025511964576171086, 'gpp_b': 1.1728753685919104, 'gpp_d': 0.012284844784580964, 'ign_k': 0.03141110271934876, 'ign_c': 0.18316165443932733, 'trop_agb_crit': 13.98132484257899, 'trop_k_veg': 5.233860299050363, 'fuel_k': 5.486054129200969, 'fuel_half': 0.30455368715396786}.
[I 2026-08-14 15:06:54,694] Trial 2112 finished with values: [-0.44821565377317985, 0.012856139686077128] and parameters: {'k1': 0.0010204225357677778, 'D_low': 367.4904945305323, 'k2': 0.00019472216066157317, 'D_high': 625838.668783032, 'fire_exp': 1.2429193829348841, 'P_half': 48.464976792190825, 'pre_dampen_half': 0.10609580257119508, 'gpp_af': 0.0025511964576171086, 'gpp_b': 0.00024732964314480056, 'gpp_d': 8.144272585223819, 'ign_k': 0.04380580767905655, 'ign_c': 15.221840161091626, 'trop_agb_crit': 11.659854259018239, 'trop_k_veg': 2.8224577471047865, 'fuel_k': 0.06382243375381637, 'fuel_half': 0.30455368715396786}.
[I 2026-08-14 15:06:55,848] Trial 2113 finished with values: [-0.4097163758147066, 1.7266964857931555e-07] and parameters: {'k1': 6.069662445477729e-05, 'D_low': 4.043300846639722, 'k2': 1.854837679096716e-05, 'D_high': 625838.668783032, 'fire_exp': 1.2429193829348841, 'P_half': 1535.1441568398143, 'pre_dampen_half': 0.019183519184243752, 'gpp_af': 0.008983355849178878, 'gpp_b': 1.1728753685919104, 'gpp_d': 0.01307253094873642, 'ign_k': 0.04380580767905655, 'ign_c': 15.221840161091626, 'trop_agb_crit': 6.247810889373202, 'trop_k_veg': 2.8224577471047865, 'fuel_k': 5.486054129200969, 'fuel_half': 15.581254655530845}.
[I 2026-08-14 15:06:57,009] Trial 2114 finished with values: [-0.3704266272121463, 2.006617094707508e-11] and parameters: {'k1': 0.0012329098365270509, 'D_low': 5500.925318788574, 'k2': 0.00010939944910100016, 'D_high': 894.8923677479773, 'fire_exp': 1.6214575867079866, 'P_half': 1938.3858782150498, 'pre_dampen_half': 0.03411860497758073, 'gpp_af': 0.0025511964576171086, 'gpp_b': 2.788681037423117, 'gpp_d': 0.01307253094873642, 'ign_k': 0.18945647155616227, 'ign_c': 15.221840161091626, 'trop_agb_crit': 3.567193977562763, 'trop_k_veg': 1.128469461526162, 'fuel_k': 5.486054129200969, 'fuel_half': 0.30455368715396786}.
[I 2026-08-14 15:06:58,127] Trial 2115 finished with values: [-0.40602625643554513, 2.531952978390706e-07] and parameters: {'k1': 0.0012329098365270509, 'D_low': 1.7887890916820506, 'k2': 0.00010939944910100016, 'D_high': 625838.668783032, 'fire_exp': 1.6214575867079866, 'P_half': 220.3445560633069, 'pre_dampen_half': 0.03627422119926134, 'gpp_af': 0.008983355849178878, 'gpp_b': 1.1728753685919104, 'gpp_d': 527.5248388285156, 'ign_k': 8.017801372168808, 'ign_c': 15.221840161091626, 'trop_agb_crit': 16.86264052240002, 'trop_k_veg': 2.1816482703680733, 'fuel_k': 5.486054129200969, 'fuel_half': 15.581254655530845}.
[I 2026-08-14 15:06:59,174] Trial 2116 finished with values: [-0.3866088471866282, 5.417873927271444e-10] and parameters: {'k1': 1.8595266457134027e-05, 'D_low': 4.043300846639722, 'k2': 0.00010939944910100016, 'D_high': 316055.11434645514, 'fire_exp': 1.6733848721157607, 'P_half': 368.9245780146773, 'pre_dampen_half': 0.10609580257119508, 'gpp_af': 0.0023751383317256927, 'gpp_b': 2.788681037423117, 'gpp_d': 0.01307253094873642, 'ign_k': 0.476373748459372, 'ign_c': 15.221840161091626, 'trop_agb_crit': 13.98132484257899, 'trop_k_veg': 2.1816482703680733, 'fuel_k': 0.09912545669860168, 'fuel_half': 65.99277195883643}.
[I 2026-08-14 15:07:00,255] Trial 2117 finished with values: [-0.41655723450995186, 0.0006912577440782997] and parameters: {'k1': 0.0010204225357677778, 'D_low': 4.043300846639722, 'k2': 1.263794633808287e-05, 'D_high': 44.39648242927527, 'fire_exp': 1.6733848721157607, 'P_half': 351.2704726270846, 'pre_dampen_half': 0.10609580257119508, 'gpp_af': 0.0023751383317256927, 'gpp_b': 0.00012906175696809457, 'gpp_d': 597.9617889501159, 'ign_k': 0.04380580767905655, 'ign_c': 15.221840161091626, 'trop_agb_crit': 5.881906289439389, 'trop_k_veg': 1.128469461526162, 'fuel_k': 5.486054129200969, 'fuel_half': 3.7093134348291836}.
[I 2026-08-14 15:07:01,327] Trial 2118 finished with values: [-0.39185560256981267, 2.6437220079778e-08] and parameters: {'k1': 1.8595266457134027e-05, 'D_low': 4.043300846639722, 'k2': 0.00019472216066157317, 'D_high': 625838.668783032, 'fire_exp': 1.2429193829348841, 'P_half': 7683.876502998063, 'pre_dampen_half': 0.03627422119926134, 'gpp_af': 0.008983355849178878, 'gpp_b': 0.00024732964314480056, 'gpp_d': 0.01307253094873642, 'ign_k': 0.28298168613109503, 'ign_c': 48.519531048697104, 'trop_agb_crit': 2.1775224101934065, 'trop_k_veg': 1.7125842904765076, 'fuel_k': 5.486054129200969, 'fuel_half': 15.581254655530845}.
[I 2026-08-14 15:07:02,393] Trial 2119 finished with values: [-0.4570766682288102, 0.0029723528124540044] and parameters: {'k1': 1.8595266457134027e-05, 'D_low': 3507.515213502105, 'k2': 0.0009670857606743155, 'D_high': 625838.668783032, 'fire_exp': 1.6733848721157607, 'P_half': 338.164967563016, 'pre_dampen_half': 0.03411860497758073, 'gpp_af': 0.0023751383317256927, 'gpp_b': 0.00017826376967587887, 'gpp_d': 0.012472726063715429, 'ign_k': 0.28298168613109503, 'ign_c': 0.625127430123787, 'trop_agb_crit': 2.1775224101934065, 'trop_k_veg': 3.4508425771776365, 'fuel_k': 5.486054129200969, 'fuel_half': 0.30455368715396786}.
[I 2026-08-14 15:07:03,453] Trial 2120 finished with values: [-0.4040793752436054, 3.0701287734302696e-08] and parameters: {'k1': 0.0010204225357677778, 'D_low': 117.80215926566856, 'k2': 0.00010939944910100016, 'D_high': 625838.668783032, 'fire_exp': 1.2429193829348841, 'P_half': 1535.1441568398143, 'pre_dampen_half': 0.03627422119926134, 'gpp_af': 0.0023751383317256927, 'gpp_b': 2.788681037423117, 'gpp_d': 0.01307253094873642, 'ign_k': 0.28298168613109503, 'ign_c': 15.221840161091626, 'trop_agb_crit': 13.98132484257899, 'trop_k_veg': 3.4508425771776365, 'fuel_k': 0.021123235354472927, 'fuel_half': 65.99277195883643}.
[I 2026-08-14 15:07:04,523] Trial 2121 finished with values: [-0.405733591107439, 1.2085263841887794e-06] and parameters: {'k1': 6.069662445477729e-05, 'D_low': 9.222492453004657, 'k2': 1.263794633808287e-05, 'D_high': 160625.60954780428, 'fire_exp': 1.2429193829348841, 'P_half': 1535.1441568398143, 'pre_dampen_half': 0.03627422119926134, 'gpp_af': 0.0023751383317256927, 'gpp_b': 0.003235960298001299, 'gpp_d': 0.01307253094873642, 'ign_k': 0.04380580767905655, 'ign_c': 105.24574681335613, 'trop_agb_crit': 1.0110060758310602, 'trop_k_veg': 2.8224577471047865, 'fuel_k': 0.06382243375381637, 'fuel_half': 15.581254655530845}.
[I 2026-08-14 15:07:05,639] Trial 2122 finished with values: [-0.4010295162823915, 3.921938995787855e-08] and parameters: {'k1': 0.00040091494283268605, 'D_low': 2.607160725470918, 'k2': 1.854837679096716e-05, 'D_high': 625838.668783032, 'fire_exp': 1.6733848721157607, 'P_half': 269.74113434525447, 'pre_dampen_half': 0.10609580257119508, 'gpp_af': 0.0025511964576171086, 'gpp_b': 1.1728753685919104, 'gpp_d': 0.01307253094873642, 'ign_k': 0.567034633562729, 'ign_c': 0.18316165443932733, 'trop_agb_crit': 13.98132484257899, 'trop_k_veg': 7.063879971757455, 'fuel_k': 5.486054129200969, 'fuel_half': 15.581254655530845}.
[I 2026-08-14 15:07:06,702] Trial 2123 finished with values: [-0.40489048428374713, 2.0798617605954917e-08] and parameters: {'k1': 0.0010204225357677778, 'D_low': 4.043300846639722, 'k2': 0.00448940480666442, 'D_high': 625838.668783032, 'fire_exp': 1.2429193829348841, 'P_half': 1535.1441568398143, 'pre_dampen_half': 0.03627422119926134, 'gpp_af': 0.008983355849178878, 'gpp_b': 0.32036037265591544, 'gpp_d': 0.01307253094873642, 'ign_k': 0.04380580767905655, 'ign_c': 105.24574681335613, 'trop_agb_crit': 16.86264052240002, 'trop_k_veg': 3.4508425771776365, 'fuel_k': 5.486054129200969, 'fuel_half': 65.99277195883643}.
[I 2026-08-14 15:07:07,769] Trial 2124 finished with values: [-0.420735766756178, 0.00047128370394466934] and parameters: {'k1': 0.00016312233285809254, 'D_low': 367.4904945305323, 'k2': 1.263794633808287e-05, 'D_high': 625838.668783032, 'fire_exp': 1.3224672913793163, 'P_half': 1212.4080603355412, 'pre_dampen_half': 0.03411860497758073, 'gpp_af': 0.0023751383317256927, 'gpp_b': 4.057302469602038e-05, 'gpp_d': 8.144272585223819, 'ign_k': 0.012924421240379711, 'ign_c': 105.24574681335613, 'trop_agb_crit': 13.365572767895445, 'trop_k_veg': 1.128469461526162, 'fuel_k': 0.8452318887294848, 'fuel_half': 57.882001937752435}.
[I 2026-08-14 15:07:08,858] Trial 2125 finished with values: [-0.41209616246714126, 5.941098828454727e-07] and parameters: {'k1': 0.0004688858519834985, 'D_low': 4.043300846639722, 'k2': 1.263794633808287e-05, 'D_high': 44.39648242927527, 'fire_exp': 1.2429193829348841, 'P_half': 48.464976792190825, 'pre_dampen_half': 0.03627422119926134, 'gpp_af': 0.008983355849178878, 'gpp_b': 1.1728753685919104, 'gpp_d': 0.01307253094873642, 'ign_k': 0.754074907457476, 'ign_c': 15.221840161091626, 'trop_agb_crit': 13.98132484257899, 'trop_k_veg': 2.8224577471047865, 'fuel_k': 5.486054129200969, 'fuel_half': 65.99277195883643}.
[I 2026-08-14 15:07:09,935] Trial 2126 finished with values: [-0.40566483780565876, 1.1436730862346423e-07] and parameters: {'k1': 0.0004688858519834985, 'D_low': 1.7887890916820506, 'k2': 0.00019472216066157317, 'D_high': 316055.11434645514, 'fire_exp': 1.2429193829348841, 'P_half': 1535.1441568398143, 'pre_dampen_half': 0.03627422119926134, 'gpp_af': 0.0022992297821705253, 'gpp_b': 0.44882485827297763, 'gpp_d': 0.012284844784580964, 'ign_k': 0.01274313939671182, 'ign_c': 105.24574681335613, 'trop_agb_crit': 13.98132484257899, 'trop_k_veg': 0.9694140152996831, 'fuel_k': 5.486054129200969, 'fuel_half': 65.99277195883643}.
[I 2026-08-14 15:07:11,027] Trial 2127 finished with values: [-0.494012090767139, 0.027073817338819195] and parameters: {'k1': 0.0004688858519834985, 'D_low': 3039.5242033182176, 'k2': 0.00010939944910100016, 'D_high': 316055.11434645514, 'fire_exp': 1.2429193829348841, 'P_half': 53.465755790480316, 'pre_dampen_half': 0.10609580257119508, 'gpp_af': 0.030592049838223532, 'gpp_b': 0.00024732964314480056, 'gpp_d': 24.29982794998797, 'ign_k': 0.28298168613109503, 'ign_c': 15.221840161091626, 'trop_agb_crit': 3.534001063181976, 'trop_k_veg': 3.4508425771776365, 'fuel_k': 5.486054129200969, 'fuel_half': 65.99277195883643}.
[I 2026-08-14 15:07:12,931] Trial 2128 finished with values: [-0.3554625854118624, 0.0] and parameters: {'k1': 0.0004688858519834985, 'D_low': 1.7887890916820506, 'k2': 0.0005708731724249573, 'D_high': 316055.11434645514, 'fire_exp': 2.5368205507948964, 'P_half': 351.2704726270846, 'pre_dampen_half': 0.10609580257119508, 'gpp_af': 0.0025511964576171086, 'gpp_b': 2.788681037423117, 'gpp_d': 0.01307253094873642, 'ign_k': 0.04380580767905655, 'ign_c': 105.24574681335613, 'trop_agb_crit': 13.98132484257899, 'trop_k_veg': 2.1816482703680733, 'fuel_k': 0.021123235354472927, 'fuel_half': 0.30455368715396786}.
[I 2026-08-14 15:07:14,011] Trial 2129 finished with values: [-0.39681046668467024, 0.4178642276534088] and parameters: {'k1': 0.0010204225357677778, 'D_low': 1.7887890916820506, 'k2': 0.00010939944910100016, 'D_high': 316055.11434645514, 'fire_exp': 1.6214575867079866, 'P_half': 406.34698167377394, 'pre_dampen_half': 797.7075540544713, 'gpp_af': 0.0023751383317256927, 'gpp_b': 0.00024732964314480056, 'gpp_d': 1.2092668832190316, 'ign_k': 0.18945647155616227, 'ign_c': 15.221840161091626, 'trop_agb_crit': 16.86264052240002, 'trop_k_veg': 0.6004181011818444, 'fuel_k': 5.486054129200969, 'fuel_half': 0.30455368715396786}.
[I 2026-08-14 15:07:15,121] Trial 2130 finished with values: [-0.4105828536365707, 1.3872767412603793e-07] and parameters: {'k1': 6.069662445477729e-05, 'D_low': 4.043300846639722, 'k2': 1.854837679096716e-05, 'D_high': 625838.668783032, 'fire_exp': 1.2429193829348841, 'P_half': 1535.1441568398143, 'pre_dampen_half': 0.10609580257119508, 'gpp_af': 0.0025511964576171086, 'gpp_b': 1.1728753685919104, 'gpp_d': 0.01307253094873642, 'ign_k': 0.28298168613109503, 'ign_c': 15.221840161091626, 'trop_agb_crit': 2.1775224101934065, 'trop_k_veg': 1.0996896058838548, 'fuel_k': 0.0340623166376929, 'fuel_half': 15.581254655530845}.
[I 2026-08-14 15:07:16,404] Trial 2131 finished with values: [-0.4084819931266853, 5.361314541463269e-05] and parameters: {'k1': 1.8595266457134027e-05, 'D_low': 3039.5242033182176, 'k2': 0.00010939944910100016, 'D_high': 25.410621080380338, 'fire_exp': 1.3778333780716638, 'P_half': 7683.876502998063, 'pre_dampen_half': 0.03627422119926134, 'gpp_af': 0.39219763627556703, 'gpp_b': 0.00012906175696809457, 'gpp_d': 24.29982794998797, 'ign_k': 8.37447083311907, 'ign_c': 15.221840161091626, 'trop_agb_crit': 13.98132484257899, 'trop_k_veg': 1.128469461526162, 'fuel_k': 5.486054129200969, 'fuel_half': 0.30455368715396786}.
[I 2026-08-14 15:07:17,516] Trial 2132 finished with values: [-0.4127380811410021, 5.783779901680219e-07] and parameters: {'k1': 5.217455192691171e-05, 'D_low': 4.043300846639722, 'k2': 0.00019472216066157317, 'D_high': 316055.11434645514, 'fire_exp': 1.6733848721157607, 'P_half': 1535.1441568398143, 'pre_dampen_half': 0.03627422119926134, 'gpp_af': 0.008983355849178878, 'gpp_b': 0.00024732964314480056, 'gpp_d': 0.01307253094873642, 'ign_k': 0.04380580767905655, 'ign_c': 105.24574681335613, 'trop_agb_crit': 16.86264052240002, 'trop_k_veg': 1.128469461526162, 'fuel_k': 4.973776411713495, 'fuel_half': 15.581254655530845}.
[I 2026-08-14 15:07:18,665] Trial 2133 finished with values: [-0.38352431613384014, 2.708937518747234e-10] and parameters: {'k1': 0.0004688858519834985, 'D_low': 4.043300846639722, 'k2': 0.00010939944910100016, 'D_high': 625838.668783032, 'fire_exp': 1.2980861156649692, 'P_half': 48.464976792190825, 'pre_dampen_half': 0.10609580257119508, 'gpp_af': 0.0023751383317256927, 'gpp_b': 2.788681037423117, 'gpp_d': 0.012284844784580964, 'ign_k': 0.04380580767905655, 'ign_c': 105.24574681335613, 'trop_agb_crit': 13.98132484257899, 'trop_k_veg': 0.9694140152996831, 'fuel_k': 1.6630228777630973, 'fuel_half': 3.7093134348291836}.
[I 2026-08-14 15:07:19,818] Trial 2134 finished with values: [-0.3554625854118624, 0.0] and parameters: {'k1': 6.069662445477729e-05, 'D_low': 9.222492453004657, 'k2': 1.854837679096716e-05, 'D_high': 625838.668783032, 'fire_exp': 1.075051292556307, 'P_half': 269.74113434525447, 'pre_dampen_half': 0.10609580257119508, 'gpp_af': 0.0023751383317256927, 'gpp_b': 2.788681037423117, 'gpp_d': 0.01307253094873642, 'ign_k': 0.567034633562729, 'ign_c': 105.24574681335613, 'trop_agb_crit': 6.247810889373202, 'trop_k_veg': 3.4508425771776365, 'fuel_k': 5.486054129200969, 'fuel_half': 15.581254655530845}.
[I 2026-08-14 15:07:21,023] Trial 2135 finished with values: [-0.41157957390333894, 1.0995565789206907e-05] and parameters: {'k1': 1.8595266457134027e-05, 'D_low': 4.043300846639722, 'k2': 0.0005708731724249573, 'D_high': 316055.11434645514, 'fire_exp': 1.2429193829348841, 'P_half': 351.2704726270846, 'pre_dampen_half': 0.03627422119926134, 'gpp_af': 0.10423294579249699, 'gpp_b': 0.2674914525008563, 'gpp_d': 0.01307253094873642, 'ign_k': 0.6579876043116757, 'ign_c': 15.221840161091626, 'trop_agb_crit': 13.98132484257899, 'trop_k_veg': 1.128469461526162, 'fuel_k': 5.486054129200969, 'fuel_half': 15.581254655530845}.
[I 2026-08-14 15:07:22,115] Trial 2136 finished with values: [-0.41138660130962, 1.8671482683307872e-06] and parameters: {'k1': 6.069662445477729e-05, 'D_low': 9432.006040193699, 'k2': 1.4780502282018014e-05, 'D_high': 625838.668783032, 'fire_exp': 1.075051292556307, 'P_half': 1535.1441568398143, 'pre_dampen_half': 0.03411860497758073, 'gpp_af': 0.0025511964576171086, 'gpp_b': 2.788681037423117, 'gpp_d': 1.2092668832190316, 'ign_k': 0.18945647155616227, 'ign_c': 4.908112938953342, 'trop_agb_crit': 6.247810889373202, 'trop_k_veg': 1.128469461526162, 'fuel_k': 5.486054129200969, 'fuel_half': 1.095399412984885}.
[I 2026-08-14 15:07:24,811] Trial 2137 finished with values: [-0.38131091954421725, 7.739192923961191e-06] and parameters: {'k1': 0.0010204225357677778, 'D_low': 2.607160725470918, 'k2': 0.0005708731724249573, 'D_high': 625838.668783032, 'fire_exp': 2.5368205507948964, 'P_half': 220.3445560633069, 'pre_dampen_half': 0.10609580257119508, 'gpp_af': 0.34902252478382495, 'gpp_b': 0.03103333227753725, 'gpp_d': 0.01307253094873642, 'ign_k': 0.567034633562729, 'ign_c': 15.221840161091626, 'trop_agb_crit': 16.86264052240002, 'trop_k_veg': 2.1816482703680733, 'fuel_k': 5.486054129200969, 'fuel_half': 0.30455368715396786}.
