[I 2026-08-06 00:10:32,043] Trial 255 finished with values: [-0.5331926292049438, 0.22422285943878717] and parameters: {'k1': 0.00012105387404469581, 'D_low': 2.458603276328005, 'k2': 0.006138509947844854, 'D_high': 3660.150802571655, 'fire_exp': 1.5201277403788451, 'P_half': 2.157758652553991, 'pre_dampen_half': 76.86605275420082, 'gpp_af': 1.6595781802652418, 'gpp_b': 5.2308563179361105e-05, 'gpp_d': 39.827466658711515, 'ign_k': 0.017654048052495083, 'ign_c': 14.810800730363484}.
[I 2026-08-06 00:10:32,978] Trial 256 finished with values: [-0.563774369797508, 0.1839925420012286] and parameters: {'k1': 0.0029707920514735983, 'D_low': 7.068974950624602, 'k2': 2.1698375693549493e-05, 'D_high': 75773.14388518519, 'fire_exp': 1.182396148413737, 'P_half': 408.3047491580097, 'pre_dampen_half': 36.876350096203005, 'gpp_af': 0.0025511964576171086, 'gpp_b': 3.228689523591491e-05, 'gpp_d': 857.4284557962634, 'ign_k': 0.0026834162496848666, 'ign_c': 2.92043384718141}.
[I 2026-08-06 00:10:34,000] Trial 257 finished with values: [10.74983169860121, 10.74983169860121] and parameters: {'k1': 0.025383218374507292, 'D_low': 125.32726386250698, 'k2': 0.0004381141781653133, 'D_high': 233.52156626184438, 'fire_exp': 1.010722707674549, 'P_half': 26.466155867114797, 'pre_dampen_half': 703.6426675556048, 'gpp_af': 0.0025511964576171086, 'gpp_b': 0.20619371865867875, 'gpp_d': 0.30592049838223523, 'ign_k': 0.03141110271934876, 'ign_c': 47.268615251255675}.
[I 2026-08-06 00:10:34,987] Trial 258 finished with values: [10.393554312904861, 10.393554312904861] and parameters: {'k1': 0.025383218374507292, 'D_low': 125.32726386250698, 'k2': 0.006138509947844854, 'D_high': 6455.595882939566, 'fire_exp': 1.010722707674549, 'P_half': 39.03214299767183, 'pre_dampen_half': 111.37963167994629, 'gpp_af': 0.0025511964576171086, 'gpp_b': 0.02502809770894037, 'gpp_d': 2.400225309964113, 'ign_k': 0.031134168041628628, 'ign_c': 19.19168994439752}.
[I 2026-08-06 00:10:35,903] Trial 259 finished with values: [10.090227011237033, 10.090227011237033] and parameters: {'k1': 0.03232155805617897, 'D_low': 98.57545621889057, 'k2': 0.006138509947844854, 'D_high': 6455.595882939566, 'fire_exp': 1.0881360604103363, 'P_half': 1627.0983114897251, 'pre_dampen_half': 59.66041614891413, 'gpp_af': 0.004344117003966495, 'gpp_b': 0.0035057749039614167, 'gpp_d': 149.50343942182866, 'ign_k': 0.0026834162496848666, 'ign_c': 0.11049703024154134}.
[I 2026-08-06 00:10:36,851] Trial 260 finished with values: [10.122029424685536, 10.122029424685536] and parameters: {'k1': 0.002971796631657383, 'D_low': 125.32726386250698, 'k2': 1.1184534120760473e-05, 'D_high': 75773.14388518519, 'fire_exp': 1.2943117749495199, 'P_half': 63.585411411994926, 'pre_dampen_half': 703.6426675556048, 'gpp_af': 10.25616274847308, 'gpp_b': 0.09594602618277148, 'gpp_d': 5.878566318396007, 'ign_k': 0.0048255892187380085, 'ign_c': 2.92043384718141}.
[I 2026-08-06 00:10:37,778] Trial 261 finished with values: [10.362138672917105, 10.362138672917105] and parameters: {'k1': 0.0029707920514735983, 'D_low': 2.5379946629058443, 'k2': 0.0007081721844034209, 'D_high': 10427.291060979045, 'fire_exp': 1.2680134752324452, 'P_half': 1938.3858782150498, 'pre_dampen_half': 33.9790424311127, 'gpp_af': 13.560863064135962, 'gpp_b': 4.178096206039848, 'gpp_d': 857.4284557962634, 'ign_k': 0.0026834162496848666, 'ign_c': 6.160975294741436}.
[I 2026-08-06 00:10:38,671] Trial 262 finished with values: [10.618248560146995, 10.618248560146995] and parameters: {'k1': 0.04897760278488444, 'D_low': 175.2878790340412, 'k2': 2.1698375693549493e-05, 'D_high': 10316.033434719713, 'fire_exp': 2.3782613909771353, 'P_half': 2.157758652553991, 'pre_dampen_half': 59.66041614891413, 'gpp_af': 13.560863064135962, 'gpp_b': 0.003510201564752293, 'gpp_d': 34.37107943937136, 'ign_k': 0.017654048052495083, 'ign_c': 9.34330265731847}.
[I 2026-08-06 00:10:39,597] Trial 263 finished with values: [10.316478764860696, 10.316478764860696] and parameters: {'k1': 0.0029707920514735983, 'D_low': 918.4900818511542, 'k2': 1.1184534120760473e-05, 'D_high': 6455.595882939566, 'fire_exp': 1.2680134752324452, 'P_half': 215.55950571043874, 'pre_dampen_half': 111.37963167994629, 'gpp_af': 13.560863064135962, 'gpp_b': 0.0025416076006960116, 'gpp_d': 857.4284557962634, 'ign_k': 0.03141110271934876, 'ign_c': 10.140635645866492}.
[I 2026-08-06 00:10:40,557] Trial 264 finished with values: [10.551933421830082, 10.551933421830082] and parameters: {'k1': 0.03232155805617897, 'D_low': 98.57545621889057, 'k2': 0.031211489608802344, 'D_high': 8182.111518618414, 'fire_exp': 1.811096651915224, 'P_half': 851.7034154701655, 'pre_dampen_half': 111.37963167994629, 'gpp_af': 0.47739011308437823, 'gpp_b': 3.481277316673104e-05, 'gpp_d': 0.1187686699420959, 'ign_k': 0.8826264591983531, 'ign_c': 0.1457050032975653}.
[I 2026-08-06 00:10:41,504] Trial 265 finished with values: [10.748705933388164, 10.748705933388164] and parameters: {'k1': 3.252245757497282e-05, 'D_low': 1112.9571947046009, 'k2': 4.860905111373887e-05, 'D_high': 6455.595882939566, 'fire_exp': 1.182396148413737, 'P_half': 24.136213194527585, 'pre_dampen_half': 0.01431909845816693, 'gpp_af': 0.0025511964576171086, 'gpp_b': 3.481277316673104e-05, 'gpp_d': 150.14555442537656, 'ign_k': 0.019192001101561888, 'ign_c': 0.8891936446296247}.
[I 2026-08-06 00:10:42,435] Trial 266 finished with values: [10.735054040673074, 10.735054040673074] and parameters: {'k1': 1.1102341430568339e-05, 'D_low': 7.068974950624602, 'k2': 2.1698375693549493e-05, 'D_high': 43033.06161410616, 'fire_exp': 2.2881850891698634, 'P_half': 395.22208819061166, 'pre_dampen_half': 36.876350096203005, 'gpp_af': 0.0025511964576171086, 'gpp_b': 0.0003746142260732423, 'gpp_d': 857.4284557962634, 'ign_k': 0.0026834162496848666, 'ign_c': 2.92043384718141}.
[I 2026-08-06 00:10:43,367] Trial 267 finished with values: [10.16815915000298, 10.16815915000298] and parameters: {'k1': 0.002971796631657383, 'D_low': 29.89885508829526, 'k2': 0.0007081721844034209, 'D_high': 9769.756791866093, 'fire_exp': 1.0881360604103363, 'P_half': 10.226988730324324, 'pre_dampen_half': 36.876350096203005, 'gpp_af': 29.925002022877802, 'gpp_b': 0.011750724729953272, 'gpp_d': 4.5768578731086835, 'ign_k': 0.0026834162496848666, 'ign_c': 6.160975294741436}.
[I 2026-08-06 00:10:44,326] Trial 268 finished with values: [10.354211093262995, 10.354211093262995] and parameters: {'k1': 0.003381093273170853, 'D_low': 29.89885508829526, 'k2': 3.5917714215176105e-05, 'D_high': 29.580419692843236, 'fire_exp': 1.5201277403788451, 'P_half': 22.4895428439145, 'pre_dampen_half': 36.876350096203005, 'gpp_af': 0.47739011308437823, 'gpp_b': 0.03719354588132657, 'gpp_d': 300.3420512048734, 'ign_k': 0.0016058436323100884, 'ign_c': 1.24801809651176}.
[I 2026-08-06 00:10:45,286] Trial 269 finished with values: [10.66630614550407, 10.66630614550407] and parameters: {'k1': 0.00324789183891923, 'D_low': 2.1234210963705626, 'k2': 0.00038791280730284417, 'D_high': 6455.595882939566, 'fire_exp': 1.0881360604103363, 'P_half': 958.8659498594012, 'pre_dampen_half': 36.876350096203005, 'gpp_af': 37.28155624293858, 'gpp_b': 0.10123867001105968, 'gpp_d': 3.032712462969173, 'ign_k': 0.4702627143647234, 'ign_c': 19.19168994439752}.
[I 2026-08-06 00:10:46,231] Trial 270 finished with values: [11.621285679266588, 11.621285679266588] and parameters: {'k1': 0.0024398964530167717, 'D_low': 2.458603276328005, 'k2': 0.0499774937030317, 'D_high': 32311.521854410956, 'fire_exp': 2.1589564941849333, 'P_half': 12.808863354047988, 'pre_dampen_half': 76.86605275420082, 'gpp_af': 0.5970408652384318, 'gpp_b': 0.00012797528816608022, 'gpp_d': 39.827466658711515, 'ign_k': 1.2124080603355416, 'ign_c': 8.671454322584175}.
[I 2026-08-06 00:10:47,164] Trial 271 finished with values: [-0.4890971307306945, 0.166070508601325] and parameters: {'k1': 0.025383218374507292, 'D_low': 125.32726386250698, 'k2': 0.0004381141781653133, 'D_high': 8182.111518618414, 'fire_exp': 1.010722707674549, 'P_half': 125.61043700013555, 'pre_dampen_half': 304.7488318185732, 'gpp_af': 0.0025511964576171086, 'gpp_b': 0.011750724729953272, 'gpp_d': 0.19476644406315288, 'ign_k': 0.019192001101561888, 'ign_c': 0.1457050032975653}.
[I 2026-08-06 00:10:48,113] Trial 272 finished with values: [10.54522229191631, 10.54522229191631] and parameters: {'k1': 0.00324789183891923, 'D_low': 2.1234210963705626, 'k2': 0.031211489608802344, 'D_high': 48249.14281180252, 'fire_exp': 1.151006986743773, 'P_half': 12.808863354047988, 'pre_dampen_half': 107.40052367919465, 'gpp_af': 5.511863475708366, 'gpp_b': 4.361034464114157e-05, 'gpp_d': 0.02375138331725693, 'ign_k': 0.03033111747878116, 'ign_c': 8.671454322584175}.
[I 2026-08-06 00:10:49,050] Trial 273 finished with values: [10.603684972403595, 10.603684972403595] and parameters: {'k1': 0.008180032418045739, 'D_low': 1112.9571947046009, 'k2': 3.5917714215176105e-05, 'D_high': 8182.111518618414, 'fire_exp': 1.5201277403788451, 'P_half': 24.136213194527585, 'pre_dampen_half': 304.7488318185732, 'gpp_af': 0.47739011308437823, 'gpp_b': 0.009396105777395792, 'gpp_d': 150.14555442537656, 'ign_k': 0.019192001101561888, 'ign_c': 56.70346335627288}.
[I 2026-08-06 00:10:49,994] Trial 274 finished with values: [-0.4850186448683842, 0.23746252689277736] and parameters: {'k1': 0.0005486676498816061, 'D_low': 98.57545621889057, 'k2': 0.006138509947844854, 'D_high': 949.9072859745386, 'fire_exp': 1.0473002272689056, 'P_half': 958.8659498594012, 'pre_dampen_half': 76.86605275420082, 'gpp_af': 0.004344117003966495, 'gpp_b': 0.003510201564752293, 'gpp_d': 150.14555442537656, 'ign_k': 0.0027847738314446878, 'ign_c': 9.34330265731847}.
[I 2026-08-06 00:10:50,963] Trial 275 finished with values: [10.063452561645787, 10.063452561645787] and parameters: {'k1': 0.002971796631657383, 'D_low': 29.89885508829526, 'k2': 0.0007081721844034209, 'D_high': 9769.756791866093, 'fire_exp': 1.811096651915224, 'P_half': 12.808863354047988, 'pre_dampen_half': 36.876350096203005, 'gpp_af': 0.5970408652384318, 'gpp_b': 0.011750724729953272, 'gpp_d': 4.5768578731086835, 'ign_k': 0.0026834162496848666, 'ign_c': 8.671454322584175}.
[I 2026-08-06 00:10:51,918] Trial 276 finished with values: [10.599427268085675, 10.599427268085675] and parameters: {'k1': 0.002971796631657383, 'D_low': 29.89885508829526, 'k2': 0.0004381141781653133, 'D_high': 96.74045662145933, 'fire_exp': 1.5201277403788451, 'P_half': 2.157758652553991, 'pre_dampen_half': 703.6426675556048, 'gpp_af': 29.925002022877802, 'gpp_b': 0.011750724729953272, 'gpp_d': 39.827466658711515, 'ign_k': 0.03141110271934876, 'ign_c': 47.268615251255675}.
[I 2026-08-06 00:10:52,836] Trial 277 finished with values: [11.859560694519542, 11.859560694519542] and parameters: {'k1': 0.01889771394135163, 'D_low': 125.32726386250698, 'k2': 0.0010204225357677778, 'D_high': 9769.756791866093, 'fire_exp': 1.2943117749495199, 'P_half': 125.61043700013555, 'pre_dampen_half': 703.6426675556048, 'gpp_af': 0.028585493941961918, 'gpp_b': 2.800940363375676e-05, 'gpp_d': 5.878566318396007, 'ign_k': 0.0048255892187380085, 'ign_c': 2.92043384718141}.
[I 2026-08-06 00:10:53,820] Trial 278 finished with values: [10.769230768877819, 10.769230768877819] and parameters: {'k1': 0.03232155805617897, 'D_low': 1112.9571947046009, 'k2': 0.031211489608802344, 'D_high': 6455.595882939566, 'fire_exp': 2.2881850891698634, 'P_half': 24.136213194527585, 'pre_dampen_half': 33.9790424311127, 'gpp_af': 0.0025511964576171086, 'gpp_b': 3.481277316673104e-05, 'gpp_d': 0.11136446029400991, 'ign_k': 0.8826264591983531, 'ign_c': 157.63894361785373}.
[I 2026-08-06 00:10:54,879] Trial 279 finished with values: [10.262998219902322, 10.262998219902322] and parameters: {'k1': 0.00324789183891923, 'D_low': 1.1065812688893482, 'k2': 0.006138509947844854, 'D_high': 6455.595882939566, 'fire_exp': 1.0881360604103363, 'P_half': 958.8659498594012, 'pre_dampen_half': 111.37963167994629, 'gpp_af': 5.511863475708366, 'gpp_b': 0.011750724729953272, 'gpp_d': 29.749683811098393, 'ign_k': 0.0026834162496848666, 'ign_c': 0.3528113274684997}.
[I 2026-08-06 00:10:56,376] Trial 280 finished with values: [-0.5150598634999668, 0.19982488786600838] and parameters: {'k1': 0.021368329072358756, 'D_low': 2.1234210963705626, 'k2': 1.1184534120760473e-05, 'D_high': 8182.111518618414, 'fire_exp': 1.811096651915224, 'P_half': 12.808863354047988, 'pre_dampen_half': 304.7488318185732, 'gpp_af': 0.028585493941961918, 'gpp_b': 3.481277316673104e-05, 'gpp_d': 150.14555442537656, 'ign_k': 0.002357279455676982, 'ign_c': 2.92043384718141}.
[I 2026-08-06 00:10:57,808] Trial 281 finished with values: [10.03963694479445, 10.03963694479445] and parameters: {'k1': 0.00324789183891923, 'D_low': 2.1234210963705626, 'k2': 0.006138509947844854, 'D_high': 6455.595882939566, 'fire_exp': 1.8713074096420792, 'P_half': 958.8659498594012, 'pre_dampen_half': 304.7488318185732, 'gpp_af': 0.47739011308437823, 'gpp_b': 3.481277316673104e-05, 'gpp_d': 150.14555442537656, 'ign_k': 0.031134168041628628, 'ign_c': 19.19168994439752}.
[I 2026-08-06 00:10:59,018] Trial 282 finished with values: [10.6601927421489, 10.6601927421489] and parameters: {'k1': 0.0029707920514735983, 'D_low': 2.5379946629058443, 'k2': 0.0022957398214549472, 'D_high': 3660.150802571655, 'fire_exp': 1.182396148413737, 'P_half': 1938.3858782150498, 'pre_dampen_half': 33.9790424311127, 'gpp_af': 1.6595781802652418, 'gpp_b': 3.228689523591491e-05, 'gpp_d': 0.6380717024176037, 'ign_k': 0.017654048052495083, 'ign_c': 14.810800730363484}.
[I 2026-08-06 00:11:00,028] Trial 283 finished with values: [10.68390003536215, 10.68390003536215] and parameters: {'k1': 2.0937989739527727e-05, 'D_low': 2.3244932709566686, 'k2': 4.763991596630584e-05, 'D_high': 1687.3495104568947, 'fire_exp': 1.2943117749495199, 'P_half': 63.585411411994926, 'pre_dampen_half': 14.689898077648792, 'gpp_af': 10.25616274847308, 'gpp_b': 0.6637926838138378, 'gpp_d': 5.878566318396007, 'ign_k': 3.7173717478250508, 'ign_c': 14.367095138664217}.
[I 2026-08-06 00:11:01,075] Trial 284 finished with values: [10.572861161974396, 10.572861161974396] and parameters: {'k1': 7.841214856323651e-05, 'D_low': 9.330007965781027, 'k2': 0.04669327135003539, 'D_high': 400.9149428326862, 'fire_exp': 1.0473002272689056, 'P_half': 215.55950571043874, 'pre_dampen_half': 1.6130673726933187, 'gpp_af': 11.234842109991876, 'gpp_b': 0.0025416076006960116, 'gpp_d': 368.30088529547436, 'ign_k': 0.11101191524846071, 'ign_c': 10.140635645866492}.
[I 2026-08-06 00:11:02,096] Trial 285 finished with values: [10.673381185140096, 10.673381185140096] and parameters: {'k1': 0.002971796631657383, 'D_low': 532.1216007763549, 'k2': 1.1184534120760473e-05, 'D_high': 8182.111518618414, 'fire_exp': 1.182396148413737, 'P_half': 125.61043700013555, 'pre_dampen_half': 304.7488318185732, 'gpp_af': 0.0025511964576171086, 'gpp_b': 3.228689523591491e-05, 'gpp_d': 0.04831624275180356, 'ign_k': 6.32338195106678, 'ign_c': 0.7724824966785973}.
[I 2026-08-06 00:11:03,101] Trial 286 finished with values: [10.327174894708744, 10.327174894708744] and parameters: {'k1': 0.04897760278488444, 'D_low': 2.458603276328005, 'k2': 0.08790311296857814, 'D_high': 10316.033434719713, 'fire_exp': 2.3782613909771353, 'P_half': 4.397766894483963, 'pre_dampen_half': 59.66041614891413, 'gpp_af': 13.560863064135962, 'gpp_b': 0.03841303420847976, 'gpp_d': 368.30088529547436, 'ign_k': 0.03141110271934876, 'ign_c': 0.11049703024154134}.
[I 2026-08-06 00:11:04,123] Trial 287 finished with values: [10.724212999417425, 10.724212999417425] and parameters: {'k1': 0.0029707920514735983, 'D_low': 74.92772870670282, 'k2': 0.0004381141781653133, 'D_high': 6366.1449945522045, 'fire_exp': 1.182396148413737, 'P_half': 1938.3858782150498, 'pre_dampen_half': 5.542030950268268, 'gpp_af': 0.0025511964576171086, 'gpp_b': 0.011750724729953272, 'gpp_d': 1.6983565276584263, 'ign_k': 0.03141110271934876, 'ign_c': 0.5502140996950745}.
[I 2026-08-06 00:11:05,136] Trial 288 finished with values: [-0.5493792109431426, 0.09304229364999439] and parameters: {'k1': 0.0002656971546588439, 'D_low': 4.051452710153359, 'k2': 3.5917714215176105e-05, 'D_high': 10316.033434719713, 'fire_exp': 1.5201277403788451, 'P_half': 147.09699119495133, 'pre_dampen_half': 76.86605275420082, 'gpp_af': 35.20481045526041, 'gpp_b': 0.10123867001105968, 'gpp_d': 300.3420512048734, 'ign_k': 0.4702627143647234, 'ign_c': 14.810800730363484}.
[I 2026-08-06 00:11:06,143] Trial 289 finished with values: [10.16786960829418, 10.16786960829418] and parameters: {'k1': 0.0002656971546588439, 'D_low': 1.54121727098019, 'k2': 3.5917714215176105e-05, 'D_high': 31030.112026960956, 'fire_exp': 1.5201277403788451, 'P_half': 22.4895428439145, 'pre_dampen_half': 304.7488318185732, 'gpp_af': 4.582731702170249, 'gpp_b': 0.011750724729953272, 'gpp_d': 107.84642153666701, 'ign_k': 0.005877005203443299, 'ign_c': 1.24801809651176}.
[I 2026-08-06 00:11:07,194] Trial 290 finished with values: [10.769230684032472, 10.769230684032472] and parameters: {'k1': 2.0937989739527727e-05, 'D_low': 175.2878790340412, 'k2': 0.0001870742013766025, 'D_high': 233.52156626184438, 'fire_exp': 4.55809493901026, 'P_half': 587.6331101080223, 'pre_dampen_half': 176.18878384527278, 'gpp_af': 13.560863064135962, 'gpp_b': 3.228689523591491e-05, 'gpp_d': 0.19476644406315288, 'ign_k': 0.03141110271934876, 'ign_c': 47.268615251255675}.
[I 2026-08-06 00:11:08,207] Trial 291 finished with values: [11.14445857292966, 11.14445857292966] and parameters: {'k1': 0.025383218374507292, 'D_low': 7.068974950624602, 'k2': 2.1698375693549493e-05, 'D_high': 75773.14388518519, 'fire_exp': 1.182396148413737, 'P_half': 39.03214299767183, 'pre_dampen_half': 36.876350096203005, 'gpp_af': 0.0025511964576171086, 'gpp_b': 0.00031478066835753096, 'gpp_d': 857.4284557962634, 'ign_k': 0.03141110271934876, 'ign_c': 2.92043384718141}.
[I 2026-08-06 00:11:09,192] Trial 292 finished with values: [10.224849049673217, 10.224849049673217] and parameters: {'k1': 3.252245757497282e-05, 'D_low': 532.1216007763549, 'k2': 2.1698375693549493e-05, 'D_high': 57.90964233881214, 'fire_exp': 1.5201277403788451, 'P_half': 24.136213194527585, 'pre_dampen_half': 33.9790424311127, 'gpp_af': 0.0025511964576171086, 'gpp_b': 3.228689523591491e-05, 'gpp_d': 668.5510162938966, 'ign_k': 0.09071933427331372, 'ign_c': 0.1457050032975653}.
[I 2026-08-06 00:11:10,183] Trial 293 finished with values: [10.768892391982511, 10.768892391982511] and parameters: {'k1': 1.1102341430568339e-05, 'D_low': 125.32726386250698, 'k2': 0.0004381141781653133, 'D_high': 43033.06161410616, 'fire_exp': 2.2881850891698634, 'P_half': 7.670748914453766, 'pre_dampen_half': 111.37963167994629, 'gpp_af': 11.234842109991876, 'gpp_b': 3.228689523591491e-05, 'gpp_d': 0.19476644406315288, 'ign_k': 0.11101191524846071, 'ign_c': 47.268615251255675}.
[I 2026-08-06 00:11:11,179] Trial 294 finished with values: [10.486331194215682, 10.486331194215682] and parameters: {'k1': 0.08926311370835228, 'D_low': 18.522006003174383, 'k2': 0.006138509947844854, 'D_high': 1687.3495104568947, 'fire_exp': 1.010722707674549, 'P_half': 608.3019192425825, 'pre_dampen_half': 14.689898077648792, 'gpp_af': 11.234842109991876, 'gpp_b': 5.2308563179361105e-05, 'gpp_d': 368.30088529547436, 'ign_k': 3.7173717478250508, 'ign_c': 14.367095138664217}.
[I 2026-08-06 00:11:12,162] Trial 295 finished with values: [10.599289136531056, 10.599289136531056] and parameters: {'k1': 0.002971796631657383, 'D_low': 29.89885508829526, 'k2': 0.0007081721844034209, 'D_high': 3660.150802571655, 'fire_exp': 1.0881360604103363, 'P_half': 10.226988730324324, 'pre_dampen_half': 36.876350096203005, 'gpp_af': 29.925002022877802, 'gpp_b': 0.011750724729953272, 'gpp_d': 39.827466658711515, 'ign_k': 5.9736167866478125, 'ign_c': 6.160975294741436}.
[I 2026-08-06 00:11:13,159] Trial 296 finished with values: [10.76897010438181, 10.76897010438181] and parameters: {'k1': 0.03232155805617897, 'D_low': 532.1216007763549, 'k2': 2.1698375693549493e-05, 'D_high': 6455.595882939566, 'fire_exp': 1.182396148413737, 'P_half': 14.94057723907974, 'pre_dampen_half': 111.37963167994629, 'gpp_af': 0.0025511964576171086, 'gpp_b': 1.5938003265859821, 'gpp_d': 368.30088529547436, 'ign_k': 0.03141110271934876, 'ign_c': 0.8891936446296247}.
[I 2026-08-06 00:11:14,147] Trial 297 finished with values: [-0.5453421775451136, 0.18728776726958818] and parameters: {'k1': 0.021368329072358756, 'D_low': 7.068974950624602, 'k2': 1.4378290221680118e-05, 'D_high': 8182.111518618414, 'fire_exp': 1.1044852285094786, 'P_half': 24.136213194527585, 'pre_dampen_half': 33.9790424311127, 'gpp_af': 0.028585493941961918, 'gpp_b': 0.011750724729953272, 'gpp_d': 4.5768578731086835, 'ign_k': 0.019192001101561888, 'ign_c': 2.92043384718141}.
[I 2026-08-06 00:11:15,220] Trial 298 finished with values: [10.75382137536185, 10.75382137536185] and parameters: {'k1': 2.0937989739527727e-05, 'D_low': 125.32726386250698, 'k2': 0.0004381141781653133, 'D_high': 233.52156626184438, 'fire_exp': 1.182396148413737, 'P_half': 664.2027816373393, 'pre_dampen_half': 76.86605275420082, 'gpp_af': 0.0025511964576171086, 'gpp_b': 0.10123867001105968, 'gpp_d': 34.37107943937136, 'ign_k': 0.03141110271934876, 'ign_c': 14.810800730363484}.
[I 2026-08-06 00:11:16,186] Trial 299 finished with values: [10.382957972605842, 10.382957972605842] and parameters: {'k1': 0.00324789183891923, 'D_low': 2.1234210963705626, 'k2': 0.006138509947844854, 'D_high': 6455.595882939566, 'fire_exp': 1.151006986743773, 'P_half': 958.8659498594012, 'pre_dampen_half': 304.7488318185732, 'gpp_af': 0.47739011308437823, 'gpp_b': 3.5603271368816607, 'gpp_d': 13.076473382928533, 'ign_k': 0.031134168041628628, 'ign_c': 19.19168994439752}.
