[I 2026-08-20 01:13:56,309] Trial 1952 finished with value: 0.5033152141764599 and parameters: {'k1': 0.0007392434530733269, 'D_low': 132.4882983644173, 'k2': 0.03783869955487151, 'D_high': 144850.76970250558, 'fire_exp': 1.7281129043101056, 'P_half': 15.647002331833765, 'pre_dampen_half': 0.2818497047124829, 'gpp_af': 0.021796564771979193, 'gpp_b': 0.0001278284782207387, 'gpp_d': 435.74045283187564, 'ign_k': 0.002798493501055798, 'ign_c': 0.8532376707938422, 'trop_agb_crit': 8.913557042510089, 'trop_k_veg': 2.3115589245710426, 'pop_amp': 1.976937642214163, 'pop_peak': 170.81478286971955, 'pop_sig': 1.8657618538301457}. Best is trial 1128 with value: -0.620386984093161.
[I 2026-08-20 01:13:59,907] Trial 1953 finished with value: 0.5920890886947929 and parameters: {'k1': 9.630329101540451e-05, 'D_low': 72.8202048658709, 'k2': 0.0007481785243752214, 'D_high': 240909.3314768015, 'fire_exp': 3.9520315889374156, 'P_half': 353.5319984724363, 'pre_dampen_half': 917.3083006707299, 'gpp_af': 0.006199598229953566, 'gpp_b': 0.00015623934575353503, 'gpp_d': 1.199862972855062, 'ign_k': 0.03646658157498192, 'ign_c': 8.286425829741516, 'trop_agb_crit': 3.8037259640688643, 'trop_k_veg': 3.4819474879086703, 'pop_amp': 0.9228684388585822, 'pop_peak': 1.2045562822225189, 'pop_sig': 0.9249351399692827}. Best is trial 1128 with value: -0.620386984093161.
[I 2026-08-20 01:14:02,668] Trial 1954 finished with value: 0.5300504315671789 and parameters: {'k1': 0.0024863418164985593, 'D_low': 594.246257995314, 'k2': 0.0025651157944039426, 'D_high': 115470.18173238545, 'fire_exp': 5.253409868365878, 'P_half': 680.7090882365789, 'pre_dampen_half': 74.13136819076918, 'gpp_af': 0.4557591065861283, 'gpp_b': 0.0024939056362000365, 'gpp_d': 783.664796731277, 'ign_k': 0.48759045577303955, 'ign_c': 3.135632959231194, 'trop_agb_crit': 6.773868802820409, 'trop_k_veg': 4.2916563511705865, 'pop_amp': 1.9053920358540941, 'pop_peak': 21.867826212277652, 'pop_sig': 0.5763585666720359}. Best is trial 1128 with value: -0.620386984093161.
[I 2026-08-20 01:14:05,463] Trial 1955 finished with value: 0.5729133966734183 and parameters: {'k1': 0.0007937856252849373, 'D_low': 1.8994222683181712, 'k2': 0.005704438336181673, 'D_high': 2798.2498980269293, 'fire_exp': 1.0175762742554253, 'P_half': 7.049202472359775, 'pre_dampen_half': 10.953566070809465, 'gpp_af': 0.003028432787094395, 'gpp_b': 1.6089717225536054e-05, 'gpp_d': 26.226480725758616, 'ign_k': 0.3678359494986366, 'ign_c': 19.310756153457774, 'trop_agb_crit': 2.046281260017847, 'trop_k_veg': 4.013627452442493, 'pop_amp': 0.001141406690247689, 'pop_peak': 2.427823023969391, 'pop_sig': 0.2675499413752974}. Best is trial 1128 with value: -0.620386984093161.
[I 2026-08-20 01:14:08,304] Trial 1956 finished with value: 0.5767216367946603 and parameters: {'k1': 0.0002618120084928515, 'D_low': 1029.443053095403, 'k2': 0.026427082296819747, 'D_high': 118535.75024267798, 'fire_exp': 1.3681055386535381, 'P_half': 281.555273556651, 'pre_dampen_half': 0.016298390550022735, 'gpp_af': 0.02304542976528523, 'gpp_b': 0.00028038399362463135, 'gpp_d': 0.19460003568702244, 'ign_k': 0.0068427356213176934, 'ign_c': 13.103905977867896, 'trop_agb_crit': 1.9557253326658195, 'trop_k_veg': 2.5926021410346154, 'pop_amp': 2.3618592397764697, 'pop_peak': 421.3153290972886, 'pop_sig': 0.3735084775152222}. Best is trial 1128 with value: -0.620386984093161.
[I 2026-08-20 01:14:11,197] Trial 1957 finished with value: 0.6420208063445209 and parameters: {'k1': 0.0021963549971390187, 'D_low': 396324.7440788641, 'k2': 5.259250091051437e-05, 'D_high': 528136.7041305761, 'fire_exp': 4.349021424596388, 'P_half': 10.019647721062565, 'pre_dampen_half': 6.859120097275477, 'gpp_af': 6.942216433336394, 'gpp_b': 2.757725678683913e-05, 'gpp_d': 398.81295510216955, 'ign_k': 0.008253507810553935, 'ign_c': 1.5081412436905028, 'trop_agb_crit': 7.951101393550779, 'trop_k_veg': 2.9539648202042743, 'pop_amp': 5.825382033289374, 'pop_peak': 5.8264735249263735, 'pop_sig': 0.493836670200042}. Best is trial 1128 with value: -0.620386984093161.
[I 2026-08-20 01:14:14,086] Trial 1958 finished with value: 0.42445826581175905 and parameters: {'k1': 0.0017796636318727003, 'D_low': 3813.910702826976, 'k2': 0.0239827870599828, 'D_high': 3815831.4801711957, 'fire_exp': 1.3072357955805491, 'P_half': 1.0540517129841833, 'pre_dampen_half': 0.06245857917806561, 'gpp_af': 0.03171803617955399, 'gpp_b': 0.0018386045847491078, 'gpp_d': 62.78644299033787, 'ign_k': 0.0010924660012269665, 'ign_c': 0.2815599889334652, 'trop_agb_crit': 5.923714076162139, 'trop_k_veg': 2.9043248577053657, 'pop_amp': 6.379791641336451, 'pop_peak': 12.726952243438722, 'pop_sig': 2.2390500810019116}. Best is trial 1128 with value: -0.620386984093161.
[I 2026-08-20 01:14:16,984] Trial 1959 finished with value: -0.5516718102664298 and parameters: {'k1': 0.005565114255833164, 'D_low': 189.95975194335546, 'k2': 0.021404807935317564, 'D_high': 5208164.087661261, 'fire_exp': 1.0404383852793628, 'P_half': 109.44199740016458, 'pre_dampen_half': 0.012292737993151132, 'gpp_af': 0.009512482635736588, 'gpp_b': 2.1796572100731385e-05, 'gpp_d': 0.8680906777263379, 'ign_k': 0.13458482003014585, 'ign_c': 5.047366689532101, 'trop_agb_crit': 1.5592102178235185, 'trop_k_veg': 3.6778635539503113, 'pop_amp': 5.643850667846721, 'pop_peak': 7.53569984138232, 'pop_sig': 0.9478667153075918}. Best is trial 1128 with value: -0.620386984093161.
[I 2026-08-20 01:14:20,704] Trial 1960 finished with value: 0.6495345533503958 and parameters: {'k1': 0.00043670338080717836, 'D_low': 1.3661916670964809, 'k2': 0.005670960749955128, 'D_high': 129313.73630267601, 'fire_exp': 2.108102120955959, 'P_half': 57.80824218098331, 'pre_dampen_half': 20.473762760160316, 'gpp_af': 0.007306255328425955, 'gpp_b': 3.192265116357447e-05, 'gpp_d': 1.261647961082696, 'ign_k': 3.8214289788469897, 'ign_c': 37.96699986822459, 'trop_agb_crit': 4.919970951101463, 'trop_k_veg': 6.469458138703105, 'pop_amp': 0.0017705412732640152, 'pop_peak': 2.039342833750288, 'pop_sig': 0.3220126178085996}. Best is trial 1128 with value: -0.620386984093161.
[I 2026-08-20 01:14:23,649] Trial 1961 finished with value: 0.6445374145881376 and parameters: {'k1': 0.0002832802353565013, 'D_low': 8.821000722117637, 'k2': 0.019316525804449612, 'D_high': 5390714.202092279, 'fire_exp': 1.8969183507583398, 'P_half': 27.47718828818971, 'pre_dampen_half': 1.592909516065052, 'gpp_af': 0.0065472360589035, 'gpp_b': 7.835290641549055e-05, 'gpp_d': 491.20323371297684, 'ign_k': 4.856300709012603, 'ign_c': 82.53609963391658, 'trop_agb_crit': 5.98003499888485, 'trop_k_veg': 6.078450472509429, 'pop_amp': 0.001719697189532728, 'pop_peak': 0.9770191263805797, 'pop_sig': 1.2278057419636164}. Best is trial 1128 with value: -0.620386984093161.
[I 2026-08-20 01:14:26,440] Trial 1962 finished with value: 0.573030656845286 and parameters: {'k1': 0.0013921884524084782, 'D_low': 6770.922602478678, 'k2': 3.0490362451407847e-05, 'D_high': 2003559.1612041672, 'fire_exp': 5.240086234219658, 'P_half': 115.01682796525594, 'pre_dampen_half': 7.593116174469572, 'gpp_af': 0.48985617205040755, 'gpp_b': 0.00022027048179118494, 'gpp_d': 7.170560371600588, 'ign_k': 0.05795795271967612, 'ign_c': 1.630551636842613, 'trop_agb_crit': 7.2746693321625635, 'trop_k_veg': 5.896749273658123, 'pop_amp': 0.19297699151356656, 'pop_peak': 1.52092123612948, 'pop_sig': 0.5735034594789291}. Best is trial 1128 with value: -0.620386984093161.
[I 2026-08-20 01:14:29,335] Trial 1963 finished with value: 0.4907408087890698 and parameters: {'k1': 0.00044160715542176856, 'D_low': 10.254235410713203, 'k2': 0.00022924836514641407, 'D_high': 5585107.515257656, 'fire_exp': 1.466309688839172, 'P_half': 4.993162992588542, 'pre_dampen_half': 90.38314199974259, 'gpp_af': 0.005215089874280617, 'gpp_b': 1.0381326015363656e-05, 'gpp_d': 29.24985976123941, 'ign_k': 1.5377126170698623, 'ign_c': 6.766524591537801, 'trop_agb_crit': 3.51071044697148, 'trop_k_veg': 3.748336396911496, 'pop_amp': 0.004048744866459558, 'pop_peak': 18.95187733993258, 'pop_sig': 0.42308135203871006}. Best is trial 1128 with value: -0.620386984093161.
[I 2026-08-20 01:14:32,261] Trial 1964 finished with value: 0.5196641413808112 and parameters: {'k1': 0.01002742083245314, 'D_low': 33.33465662185758, 'k2': 0.027552307903885492, 'D_high': 2292191.24945143, 'fire_exp': 1.4776906047094505, 'P_half': 1.0111734371622476, 'pre_dampen_half': 0.06012788676643482, 'gpp_af': 0.7467882817173549, 'gpp_b': 9.861227371368587e-05, 'gpp_d': 278.0998174208732, 'ign_k': 0.01652958248264937, 'ign_c': 1.7071214061210196, 'trop_agb_crit': 6.556615318197678, 'trop_k_veg': 7.383720677127409, 'pop_amp': 0.47629736130431355, 'pop_peak': 154.76378179635108, 'pop_sig': 0.8175280785213505}. Best is trial 1128 with value: -0.620386984093161.
[I 2026-08-20 01:14:35,204] Trial 1965 finished with value: 0.6446984296791218 and parameters: {'k1': 0.0001385413914527608, 'D_low': 3.4503056208014162, 'k2': 0.009796928116442859, 'D_high': 1327965.6433783832, 'fire_exp': 1.6238874786880786, 'P_half': 70.73828497563795, 'pre_dampen_half': 1.4381700937678872, 'gpp_af': 0.009359186682648193, 'gpp_b': 7.447609221499906e-05, 'gpp_d': 345.4247638658016, 'ign_k': 2.1821998063160444, 'ign_c': 45.87917756299691, 'trop_agb_crit': 4.326402656175116, 'trop_k_veg': 7.405854783534614, 'pop_amp': 0.007581012642417823, 'pop_peak': 3.018924434676369, 'pop_sig': 0.5808885110522229}. Best is trial 1128 with value: -0.620386984093161.
[I 2026-08-20 01:14:38,199] Trial 1966 finished with value: 0.5791550414904223 and parameters: {'k1': 7.411111811567431e-05, 'D_low': 1148.5371151631493, 'k2': 6.924907067710523e-05, 'D_high': 4792315.951137845, 'fire_exp': 3.54927438808894, 'P_half': 1952.7079767478685, 'pre_dampen_half': 3.8452981037265483, 'gpp_af': 0.37650867832494045, 'gpp_b': 0.0005087955892784283, 'gpp_d': 0.6931366377745007, 'ign_k': 0.11119498808673592, 'ign_c': 3.1833001120309827, 'trop_agb_crit': 4.02485164006171, 'trop_k_veg': 1.5163518342409457, 'pop_amp': 5.338684982690669, 'pop_peak': 1.0192213041361886, 'pop_sig': 0.578746632661256}. Best is trial 1128 with value: -0.620386984093161.
[I 2026-08-20 01:14:41,934] Trial 1967 finished with value: 0.6471199965757265 and parameters: {'k1': 0.0021914904989917545, 'D_low': 5.3459537671968596, 'k2': 0.0027474154733265446, 'D_high': 64705.37772561473, 'fire_exp': 2.8875427321193308, 'P_half': 179.19485772859372, 'pre_dampen_half': 7.1253334433227575, 'gpp_af': 0.03159086307584105, 'gpp_b': 1.3486672323450088e-05, 'gpp_d': 76.38468793735282, 'ign_k': 2.267954334233245, 'ign_c': 37.90304470418177, 'trop_agb_crit': 4.14667614166658, 'trop_k_veg': 7.426039147877465, 'pop_amp': 0.003024158714617904, 'pop_peak': 0.07149442555323947, 'pop_sig': 0.4460303994143952}. Best is trial 1128 with value: -0.620386984093161.
[I 2026-08-20 01:14:45,046] Trial 1968 finished with value: 0.6445374145881376 and parameters: {'k1': 2.467871558073889e-05, 'D_low': 6.063846747210575, 'k2': 0.00010940535576536153, 'D_high': 7607987.016302112, 'fire_exp': 1.286836997740895, 'P_half': 19.888748407862888, 'pre_dampen_half': 1.4821926476602458, 'gpp_af': 0.005797468497086104, 'gpp_b': 1.2256677167110391e-05, 'gpp_d': 5.576686422203862, 'ign_k': 7.326025205523046, 'ign_c': 61.53826306039628, 'trop_agb_crit': 3.3347006245972173, 'trop_k_veg': 7.118387078207453, 'pop_amp': 0.001974126059911963, 'pop_peak': 0.29971340208627617, 'pop_sig': 0.2813297617912997}. Best is trial 1128 with value: -0.620386984093161.
[I 2026-08-20 01:14:47,797] Trial 1969 finished with value: 0.5415423534467282 and parameters: {'k1': 0.0003516397175188125, 'D_low': 81.72100840818479, 'k2': 0.0008026427385702781, 'D_high': 3767144.201503103, 'fire_exp': 3.0081801407507194, 'P_half': 84.7056929419549, 'pre_dampen_half': 28.816373936292614, 'gpp_af': 0.057013416722410844, 'gpp_b': 8.499263805323236e-05, 'gpp_d': 123.50602235077316, 'ign_k': 0.3056613153467406, 'ign_c': 1.874815993471058, 'trop_agb_crit': 2.1430986288670506, 'trop_k_veg': 6.892173955237396, 'pop_amp': 11.43470683472877, 'pop_peak': 0.582691314675613, 'pop_sig': 0.40944074627158894}. Best is trial 1128 with value: -0.620386984093161.
[I 2026-08-20 01:14:50,617] Trial 1970 finished with value: 0.4618693701204941 and parameters: {'k1': 0.00021075754854840053, 'D_low': 3.411404461706214, 'k2': 0.007902917988760052, 'D_high': 113649.14173382652, 'fire_exp': 3.896363009120466, 'P_half': 6.242949883985302, 'pre_dampen_half': 0.24348679598490208, 'gpp_af': 0.004283681122804525, 'gpp_b': 2.3232211375359135e-05, 'gpp_d': 461.5258229178091, 'ign_k': 0.042671520853122466, 'ign_c': 6.423086133796252, 'trop_agb_crit': 20.399163977151975, 'trop_k_veg': 3.4629151374548157, 'pop_amp': 10.686159180896196, 'pop_peak': 10.515703688942327, 'pop_sig': 2.380350986014628}. Best is trial 1128 with value: -0.620386984093161.
[I 2026-08-20 01:14:53,388] Trial 1971 finished with value: 0.4273661742340852 and parameters: {'k1': 0.00040297820523729403, 'D_low': 15.548580281403789, 'k2': 0.007341620066454602, 'D_high': 363893.1961603149, 'fire_exp': 1.048734336664428, 'P_half': 40.3909870418257, 'pre_dampen_half': 3.074933546054706, 'gpp_af': 0.037688623985695856, 'gpp_b': 1.0361165082073634e-05, 'gpp_d': 15.746180307130835, 'ign_k': 0.5634823829046196, 'ign_c': 7.8041040222688265, 'trop_agb_crit': 1.0638766301125395, 'trop_k_veg': 7.634172216174563, 'pop_amp': 0.0021434722541365065, 'pop_peak': 10.403758704950805, 'pop_sig': 0.28721807819937617}. Best is trial 1128 with value: -0.620386984093161.
[I 2026-08-20 01:14:56,160] Trial 1972 finished with value: 0.5385280471896272 and parameters: {'k1': 0.001233172345330756, 'D_low': 393.4995615722278, 'k2': 0.0028192860324164205, 'D_high': 151380.08425712376, 'fire_exp': 2.3896589531679795, 'P_half': 13.477710850427593, 'pre_dampen_half': 0.621042141115947, 'gpp_af': 10.014226757160952, 'gpp_b': 0.0009574577830046896, 'gpp_d': 58.677499380311836, 'ign_k': 4.484920153686209, 'ign_c': 2.2699286167270927, 'trop_agb_crit': 2.2625454739717985, 'trop_k_veg': 6.763952897050254, 'pop_amp': 4.570195110065995, 'pop_peak': 32.34400636623661, 'pop_sig': 2.010145504889042}. Best is trial 1128 with value: -0.620386984093161.
[I 2026-08-20 01:14:58,790] Trial 1973 finished with value: 0.6024038715935571 and parameters: {'k1': 0.00010066845166329424, 'D_low': 11679.357390116544, 'k2': 0.0008787323015691519, 'D_high': 1260816.3692367903, 'fire_exp': 7.4716694971532425, 'P_half': 1425.8128004300002, 'pre_dampen_half': 91.46097384919935, 'gpp_af': 0.0021453071826934103, 'gpp_b': 0.0002553689256556495, 'gpp_d': 53.71273579007668, 'ign_k': 4.166448405154933, 'ign_c': 0.5096823838104027, 'trop_agb_crit': 10.677426577442874, 'trop_k_veg': 1.736695099455031, 'pop_amp': 16.152502394743788, 'pop_peak': 0.2488599957659876, 'pop_sig': 1.4585185631945907}. Best is trial 1128 with value: -0.620386984093161.
[I 2026-08-20 01:15:01,455] Trial 1974 finished with value: 0.5823830996336008 and parameters: {'k1': 0.0011581020799949378, 'D_low': 1358.8645423053472, 'k2': 0.0010264144026839329, 'D_high': 127214.50226923918, 'fire_exp': 3.277631024334969, 'P_half': 5223.07107291853, 'pre_dampen_half': 5.830071193672433, 'gpp_af': 0.47010103134722253, 'gpp_b': 0.002226150522319459, 'gpp_d': 320.21678154630973, 'ign_k': 0.4431597901698111, 'ign_c': 3.7617820737787273, 'trop_agb_crit': 12.852833155332007, 'trop_k_veg': 4.303780795620637, 'pop_amp': 8.22367157356197, 'pop_peak': 0.07617571743164393, 'pop_sig': 0.8900215216205741}. Best is trial 1128 with value: -0.620386984093161.
[I 2026-08-20 01:15:04,576] Trial 1975 finished with value: 0.607508573397945 and parameters: {'k1': 5.9657077951745e-05, 'D_low': 916.2325988200693, 'k2': 4.9115227453713226e-05, 'D_high': 106075.28755530901, 'fire_exp': 4.659374107847389, 'P_half': 75.25579717739718, 'pre_dampen_half': 72.27293234035356, 'gpp_af': 1.4997159023333821, 'gpp_b': 0.00032646915328996717, 'gpp_d': 1.5135501293040472, 'ign_k': 0.04869448506326279, 'ign_c': 108.79635700521457, 'trop_agb_crit': 5.923058579403081, 'trop_k_veg': 3.7246525370486916, 'pop_amp': 0.5878172911612003, 'pop_peak': 0.5712044158756482, 'pop_sig': 0.8384990525882866}. Best is trial 1128 with value: -0.620386984093161.
[I 2026-08-20 01:15:07,066] Trial 1976 finished with value: 0.6233644796053588 and parameters: {'k1': 0.08502025057969498, 'D_low': 8.051689390159577, 'k2': 0.008929824734762826, 'D_high': 407.60051120682544, 'fire_exp': 3.5813791026965345, 'P_half': 1170.531979149312, 'pre_dampen_half': 161.2925791531478, 'gpp_af': 0.02267496473737379, 'gpp_b': 2.295454549365487, 'gpp_d': 0.06451149692552963, 'ign_k': 3.7639303204642123, 'ign_c': 3.503958033655111, 'trop_agb_crit': 1.9350435019784626, 'trop_k_veg': 0.5895390768565517, 'pop_amp': 4.758345614769655, 'pop_peak': 33.168946381090784, 'pop_sig': 0.25232042537332233}. Best is trial 1128 with value: -0.620386984093161.
[I 2026-08-20 01:15:09,523] Trial 1977 finished with value: 0.6199582720072847 and parameters: {'k1': 0.00048048371091314164, 'D_low': 2.0784228486062153, 'k2': 0.0003205517787348573, 'D_high': 1458.9928604926158, 'fire_exp': 9.174028479798217, 'P_half': 15.120737413767468, 'pre_dampen_half': 0.03191999609866786, 'gpp_af': 0.0022117961665615335, 'gpp_b': 0.00862326123184752, 'gpp_d': 13.874595399619343, 'ign_k': 2.296937774621008, 'ign_c': 7.352497780794819, 'trop_agb_crit': 21.661288590646897, 'trop_k_veg': 1.1724040664691762, 'pop_amp': 0.1497884626277121, 'pop_peak': 0.08697304122001623, 'pop_sig': 0.4875175174297646}. Best is trial 1128 with value: -0.620386984093161.
[I 2026-08-20 01:15:11,995] Trial 1978 finished with value: 0.5731097291734697 and parameters: {'k1': 0.0028686238065424663, 'D_low': 6559.91045882359, 'k2': 0.00039864520550420457, 'D_high': 2752864.1313671414, 'fire_exp': 3.7987976941888775, 'P_half': 34.73242079492655, 'pre_dampen_half': 1.1265850276526272, 'gpp_af': 0.4348986008119416, 'gpp_b': 4.307335741375802e-05, 'gpp_d': 48.34537133761302, 'ign_k': 0.2952193743166882, 'ign_c': 0.18937029278437348, 'trop_agb_crit': 13.642703264253578, 'trop_k_veg': 2.151481851416274, 'pop_amp': 5.880585689355899, 'pop_peak': 21.7088659727041, 'pop_sig': 1.8998602044598805}. Best is trial 1128 with value: -0.620386984093161.
[I 2026-08-20 01:15:14,385] Trial 1979 finished with value: 0.4093097612961245 and parameters: {'k1': 0.0001785510323471799, 'D_low': 23.138368336995384, 'k2': 0.021645610564219254, 'D_high': 463969.0861461939, 'fire_exp': 1.0583377582520266, 'P_half': 42.536504870355664, 'pre_dampen_half': 1.9456328085869135, 'gpp_af': 0.0012238706344365996, 'gpp_b': 1.2131171127485456e-05, 'gpp_d': 132.08863009466623, 'ign_k': 1.2506567930513355, 'ign_c': 0.6295413541059858, 'trop_agb_crit': 4.113203634642157, 'trop_k_veg': 4.48360910711712, 'pop_amp': 0.002442007701670454, 'pop_peak': 4.571040588845945, 'pop_sig': 0.27252406898715636}. Best is trial 1128 with value: -0.620386984093161.
[I 2026-08-20 01:15:16,932] Trial 1980 finished with value: 0.5558715179051952 and parameters: {'k1': 0.00027247948563642024, 'D_low': 486.6074908355125, 'k2': 0.0016486250291441568, 'D_high': 1817047.0547097458, 'fire_exp': 3.0669785570102674, 'P_half': 126.11301682428389, 'pre_dampen_half': 4.368437190476151, 'gpp_af': 4.937341722060223, 'gpp_b': 1.7513409001336285e-05, 'gpp_d': 82.19258411277573, 'ign_k': 6.268788517593414, 'ign_c': 0.12936680449403304, 'trop_agb_crit': 3.338509520873516, 'trop_k_veg': 3.5462442150310696, 'pop_amp': 10.052606851957455, 'pop_peak': 0.10263311966742236, 'pop_sig': 1.4094060895516423}. Best is trial 1128 with value: -0.620386984093161.
[I 2026-08-20 01:15:19,575] Trial 1981 finished with value: 0.6445374145881376 and parameters: {'k1': 0.00021717165360033135, 'D_low': 116652.91507702145, 'k2': 0.0007711955276879467, 'D_high': 483.8541477972422, 'fire_exp': 8.00289838288545, 'P_half': 8.760149975301537, 'pre_dampen_half': 11.536954966803194, 'gpp_af': 5.648856433864194, 'gpp_b': 0.0008632411222797919, 'gpp_d': 0.053877094556498153, 'ign_k': 0.6964479359557822, 'ign_c': 39.24353456701538, 'trop_agb_crit': 8.156447292255267, 'trop_k_veg': 0.5079429597804038, 'pop_amp': 0.1707394872802092, 'pop_peak': 148.50548407372938, 'pop_sig': 1.0353838238165767}. Best is trial 1128 with value: -0.620386984093161.
[I 2026-08-20 01:15:22,305] Trial 1982 finished with value: 0.6445374145881376 and parameters: {'k1': 0.002418765230345199, 'D_low': 91733.9722373041, 'k2': 0.05041002842360625, 'D_high': 113552.45216265984, 'fire_exp': 9.343326232412501, 'P_half': 11.863367272335486, 'pre_dampen_half': 1.0144181521350466, 'gpp_af': 4.657323733137315, 'gpp_b': 8.997597051665606, 'gpp_d': 1.3358829404748074, 'ign_k': 0.16049003084701344, 'ign_c': 230.84245686717833, 'trop_agb_crit': 5.442414165604858, 'trop_k_veg': 1.5990912715437662, 'pop_amp': 0.0014694194902404448, 'pop_peak': 1.234128963568163, 'pop_sig': 0.7059692159448396}. Best is trial 1128 with value: -0.620386984093161.
[I 2026-08-20 01:15:25,516] Trial 1983 finished with value: 0.5543879644827231 and parameters: {'k1': 0.000663692701093541, 'D_low': 366.7445389960466, 'k2': 0.0042221996124549655, 'D_high': 187243.81227068196, 'fire_exp': 3.09024436202665, 'P_half': 558.1465504946066, 'pre_dampen_half': 0.39204274052786364, 'gpp_af': 3.7236776311155304, 'gpp_b': 0.0005684545094410456, 'gpp_d': 835.0458984916529, 'ign_k': 0.6949492344837417, 'ign_c': 4.159993674929865, 'trop_agb_crit': 6.425489672600616, 'trop_k_veg': 2.0726158898052436, 'pop_amp': 0.7798670655538821, 'pop_peak': 1.2202126642457778, 'pop_sig': 1.4819581446964287}. Best is trial 1128 with value: -0.620386984093161.
