[I 2026-08-19 13:46:49,546] Trial 1079 finished with values: [-0.41721325996781394, 1.2397149973253363e-10] and parameters: {'k1': 2.9693357731296325e-05, 'D_low': 4.633794985863014, 'k2': 0.0003856302813879373, 'D_high': 1661855.441285105, 'fire_exp': 6.464773756830049, 'P_half': 6281.776703992854, 'pre_dampen_half': 7.72621571462232, 'gpp_af': 36.830088529547496, 'gpp_b': 0.0004837646996135023, 'gpp_d': 108.18665579547857, 'ign_k': 0.009935023909063692, 'ign_c': 4.4716799012313055, 'trop_agb_crit': 28.49245476864681, 'trop_k_veg': 2.968382718115938, 'pop_amp': 0.0021433490423168255, 'pop_peak': 503.7153440645595, 'pop_sig': 1.804482856986987, 'fuel_k': 0.11148299766359336, 'fuel_half': 17.890117928710357}.
  trial 1080/2500  pareto_size=27  best_ilamb=0.6094  (61.2 min)
[I 2026-08-19 13:46:55,655] Trial 1080 finished with values: [-0.4056359672131643, 1.5327470070936045e-08] and parameters: {'k1': 2.9693357731296325e-05, 'D_low': 1.6569065206637925, 'k2': 0.00021724674331575933, 'D_high': 9355.38060645217, 'fire_exp': 4.3161213924316595, 'P_half': 8894.151386481904, 'pre_dampen_half': 0.19674328025306115, 'gpp_af': 0.005018406982902927, 'gpp_b': 9.67374839440457e-05, 'gpp_d': 3.9841905944346854, 'ign_k': 0.45791923103229365, 'ign_c': 0.7313962512403624, 'trop_agb_crit': 27.05166881899929, 'trop_k_veg': 3.754644404143055, 'pop_amp': 5.27924855752961, 'pop_peak': 1.884221947092994, 'pop_sig': 1.804482856986987, 'fuel_k': 0.11148299766359336, 'fuel_half': 0.10355826161899183}.
[I 2026-08-19 13:47:03,707] Trial 1081 finished with values: [-0.40021097237642944, 5.909949666316194e-07] and parameters: {'k1': 4.0873003903057456e-05, 'D_low': 286.06841726052676, 'k2': 0.0019856031481305684, 'D_high': 9355.38060645217, 'fire_exp': 1.8678802571070678, 'P_half': 4.937355303501834, 'pre_dampen_half': 0.2571419084734534, 'gpp_af': 0.006580815488709274, 'gpp_b': 1.624829724391053, 'gpp_d': 118.26972885708257, 'ign_k': 0.1537592023548176, 'ign_c': 0.2806439011124269, 'trop_agb_crit': 27.05166881899929, 'trop_k_veg': 3.754644404143055, 'pop_amp': 0.029228481237926353, 'pop_peak': 1.884221947092994, 'pop_sig': 1.804482856986987, 'fuel_k': 3.250046746707412, 'fuel_half': 0.10355826161899183}.
[I 2026-08-19 13:47:09,877] Trial 1082 finished with values: [-0.3554625854118624, 0.0] and parameters: {'k1': 5.025876001070713e-05, 'D_low': 393.5385399037397, 'k2': 3.077180271250682e-05, 'D_high': 6543576.946931886, 'fire_exp': 2.799339316397215, 'P_half': 6281.776703992854, 'pre_dampen_half': 0.19674328025306115, 'gpp_af': 0.18737227240512885, 'gpp_b': 0.0007417652034871827, 'gpp_d': 3.9841905944346854, 'ign_k': 0.3818468247973969, 'ign_c': 89.12611835816996, 'trop_agb_crit': 14.188434224699876, 'trop_k_veg': 4.288672925586801, 'pop_amp': 10.985330528057915, 'pop_peak': 352.89806695809773, 'pop_sig': 0.9904669476016459, 'fuel_k': 4.04437775870989, 'fuel_half': 1.7895437790635824}.
[I 2026-08-19 13:47:15,482] Trial 1083 finished with values: [-0.3554625854118624, 0.0] and parameters: {'k1': 0.005456725485601475, 'D_low': 1.6569065206637925, 'k2': 0.0003856302813879373, 'D_high': 1661855.441285105, 'fire_exp': 6.464773756830049, 'P_half': 229.5739821454948, 'pre_dampen_half': 0.10189118197357125, 'gpp_af': 49.583649914027546, 'gpp_b': 0.7652822088380072, 'gpp_d': 117.2128156438701, 'ign_k': 9.162638829638215, 'ign_c': 225.58738962142354, 'trop_agb_crit': 28.49245476864681, 'trop_k_veg': 5.847012197090854, 'pop_amp': 0.020758979942636296, 'pop_peak': 4.775124920736793, 'pop_sig': 1.804482856986987, 'fuel_k': 2.8606142106392465, 'fuel_half': 17.890117928710357}.
  trial 1084/2500  pareto_size=27  best_ilamb=0.6094  (61.6 min)
[I 2026-08-19 13:47:22,015] Trial 1084 finished with values: [-0.45521495111860394, 0.5029025442546131] and parameters: {'k1': 2.9693357731296325e-05, 'D_low': 1.6569065206637925, 'k2': 0.0019856031481305684, 'D_high': 1124534.1807254362, 'fire_exp': 1.8678802571070678, 'P_half': 4.937355303501834, 'pre_dampen_half': 0.798178522480916, 'gpp_af': 0.006580815488709274, 'gpp_b': 9.67374839440457e-05, 'gpp_d': 3.9841905944346854, 'ign_k': 0.45791923103229365, 'ign_c': 4.4716799012313055, 'trop_agb_crit': 27.05166881899929, 'trop_k_veg': 4.30392173391187, 'pop_amp': 10.985330528057915, 'pop_peak': 1.884221947092994, 'pop_sig': 1.804482856986987, 'fuel_k': 2.522832823811411, 'fuel_half': 21.224406397669323}.
[I 2026-08-19 13:47:25,483] Trial 1085 finished with values: [-0.40299957125158414, 7.216449660063518e-15] and parameters: {'k1': 0.0015367134086838297, 'D_low': 1.6569065206637925, 'k2': 0.00021724674331575933, 'D_high': 1661855.441285105, 'fire_exp': 2.401046378612676, 'P_half': 8894.151386481904, 'pre_dampen_half': 0.19674328025306115, 'gpp_af': 49.583649914027546, 'gpp_b': 9.67374839440457e-05, 'gpp_d': 118.26972885708257, 'ign_k': 0.17320535908244444, 'ign_c': 89.12611835816996, 'trop_agb_crit': 3.3887235042490564, 'trop_k_veg': 0.8084202024508578, 'pop_amp': 10.985330528057915, 'pop_peak': 162.62551614461097, 'pop_sig': 1.804482856986987, 'fuel_k': 0.9199338799678547, 'fuel_half': 1.7895437790635824}.
[I 2026-08-19 13:47:29,234] Trial 1086 finished with values: [-0.4237118645074765, 0.00020878213153396885] and parameters: {'k1': 0.08076093049047053, 'D_low': 286.06841726052676, 'k2': 0.0019856031481305684, 'D_high': 1840060.4093141211, 'fire_exp': 1.3796609641485171, 'P_half': 6281.776703992854, 'pre_dampen_half': 0.05393491030297468, 'gpp_af': 0.005761312282837745, 'gpp_b': 0.0007417652034871827, 'gpp_d': 118.26972885708257, 'ign_k': 0.43129510236174595, 'ign_c': 12.366924205139131, 'trop_agb_crit': 27.05166881899929, 'trop_k_veg': 4.30392173391187, 'pop_amp': 0.0029937297492642263, 'pop_peak': 503.7153440645595, 'pop_sig': 1.804482856986987, 'fuel_k': 0.16721878182659813, 'fuel_half': 0.18427970406864538}.
[I 2026-08-19 13:47:32,345] Trial 1087 finished with values: [-0.5449228625439513, 0.12033517195713439] and parameters: {'k1': 5.025876001070713e-05, 'D_low': 393.5385399037397, 'k2': 4.392638796750218e-05, 'D_high': 6543576.946931886, 'fire_exp': 1.1633452995374232, 'P_half': 1265.0580856641704, 'pre_dampen_half': 0.19674328025306115, 'gpp_af': 0.18737227240512885, 'gpp_b': 9.67374839440457e-05, 'gpp_d': 0.050654860639753524, 'ign_k': 9.162638829638215, 'ign_c': 6.0816733722841345, 'trop_agb_crit': 1.050713312531254, 'trop_k_veg': 4.288672925586801, 'pop_amp': 5.27924855752961, 'pop_peak': 1.884221947092994, 'pop_sig': 1.804482856986987, 'fuel_k': 4.04437775870989, 'fuel_half': 1.7895437790635824}.
[I 2026-08-19 13:47:35,073] Trial 1088 finished with values: [-0.401172980047928, 7.698286452750835e-13] and parameters: {'k1': 2.9693357731296325e-05, 'D_low': 27972.024228472703, 'k2': 0.0019856031481305684, 'D_high': 5109990.03526815, 'fire_exp': 6.464773756830049, 'P_half': 1265.0580856641704, 'pre_dampen_half': 0.2571419084734534, 'gpp_af': 0.18737227240512885, 'gpp_b': 1.1645080536732737, 'gpp_d': 118.26972885708257, 'ign_k': 0.45791923103229365, 'ign_c': 6.0816733722841345, 'trop_agb_crit': 28.49245476864681, 'trop_k_veg': 5.691473319778836, 'pop_amp': 0.029228481237926353, 'pop_peak': 1.884221947092994, 'pop_sig': 0.6871869718280653, 'fuel_k': 0.023074547684106324, 'fuel_half': 17.890117928710357}.
[I 2026-08-19 13:47:37,793] Trial 1089 finished with values: [-0.3988857073270874, 3.430589146091734e-14] and parameters: {'k1': 1.844951990812239e-05, 'D_low': 45736.543674052264, 'k2': 3.077180271250682e-05, 'D_high': 3429.9719613358748, 'fire_exp': 4.3161213924316595, 'P_half': 8894.151386481904, 'pre_dampen_half': 0.19674328025306115, 'gpp_af': 0.18737227240512885, 'gpp_b': 1.624829724391053, 'gpp_d': 108.18665579547857, 'ign_k': 0.45791923103229365, 'ign_c': 4.4716799012313055, 'trop_agb_crit': 27.05166881899929, 'trop_k_veg': 6.972354563243685, 'pop_amp': 0.04874366481145617, 'pop_peak': 0.17274196344453516, 'pop_sig': 0.6871869718280653, 'fuel_k': 5.706437033023268, 'fuel_half': 17.890117928710357}.
  trial 1090/2500  pareto_size=28  best_ilamb=0.6094  (62.0 min)
[I 2026-08-19 13:47:41,990] Trial 1090 finished with values: [-0.4192011850767, 4.388378549435856e-12] and parameters: {'k1': 1.4726471481022985e-05, 'D_low': 14975.961296401258, 'k2': 0.0019856031481305684, 'D_high': 1840060.4093141211, 'fire_exp': 6.464773756830049, 'P_half': 8894.151386481904, 'pre_dampen_half': 0.2571419084734534, 'gpp_af': 1.2724561860664199, 'gpp_b': 0.0001605469768042801, 'gpp_d': 118.26972885708257, 'ign_k': 0.02567436945586019, 'ign_c': 13.909474988024083, 'trop_agb_crit': 14.188434224699876, 'trop_k_veg': 6.972354563243685, 'pop_amp': 0.04874366481145617, 'pop_peak': 0.17274196344453516, 'pop_sig': 1.804482856986987, 'fuel_k': 5.706437033023268, 'fuel_half': 17.890117928710357}.
[I 2026-08-19 13:47:45,371] Trial 1091 finished with values: [-0.4223885933831924, 5.156892257662804e-08] and parameters: {'k1': 1.844951990812239e-05, 'D_low': 27505.82810625011, 'k2': 0.0019856031481305684, 'D_high': 1907543.828944448, 'fire_exp': 3.7695400350033266, 'P_half': 8894.151386481904, 'pre_dampen_half': 0.05393491030297468, 'gpp_af': 0.18737227240512885, 'gpp_b': 9.67374839440457e-05, 'gpp_d': 118.26972885708257, 'ign_k': 0.04439802552990466, 'ign_c': 12.366924205139131, 'trop_agb_crit': 3.544180417534903, 'trop_k_veg': 2.968382718115938, 'pop_amp': 3.650269070881949, 'pop_peak': 1.9043491615789352, 'pop_sig': 0.7874005085282932, 'fuel_k': 0.11148299766359336, 'fuel_half': 17.890117928710357}.
[I 2026-08-19 13:47:48,430] Trial 1092 finished with values: [-0.5140504349918453, 0.06495742205131028] and parameters: {'k1': 2.9693357731296325e-05, 'D_low': 4177.591776484708, 'k2': 0.0014455983984872978, 'D_high': 1840060.4093141211, 'fire_exp': 1.3796609641485171, 'P_half': 267.2146013620241, 'pre_dampen_half': 0.2571419084734534, 'gpp_af': 3.3373658194339484, 'gpp_b': 0.0007417652034871827, 'gpp_d': 118.26972885708257, 'ign_k': 0.04439802552990466, 'ign_c': 12.366924205139131, 'trop_agb_crit': 27.05166881899929, 'trop_k_veg': 0.8084202024508578, 'pop_amp': 0.008683934086503814, 'pop_peak': 456.60279198301936, 'pop_sig': 0.9904669476016459, 'fuel_k': 4.04437775870989, 'fuel_half': 0.18427970406864538}.
[I 2026-08-19 13:47:53,794] Trial 1093 finished with values: [-0.4036939859360512, 5.726659223936892e-06] and parameters: {'k1': 0.08924795116437424, 'D_low': 14975.961296401258, 'k2': 0.0019856031481305684, 'D_high': 1840060.4093141211, 'fire_exp': 7.856097010829145, 'P_half': 267.2146013620241, 'pre_dampen_half': 0.2571419084734534, 'gpp_af': 1.2724561860664199, 'gpp_b': 0.0001605469768042801, 'gpp_d': 108.18665579547857, 'ign_k': 0.009935023909063692, 'ign_c': 13.909474988024083, 'trop_agb_crit': 9.561362341798622, 'trop_k_veg': 0.8084202024508578, 'pop_amp': 0.04874366481145617, 'pop_peak': 0.17274196344453516, 'pop_sig': 1.804482856986987, 'fuel_k': 5.706437033023268, 'fuel_half': 17.890117928710357}.
[I 2026-08-19 13:47:59,249] Trial 1094 finished with values: [-0.39179537436890066, 3.3306690738754696e-16] and parameters: {'k1': 1.844951990812239e-05, 'D_low': 437.4364439939077, 'k2': 0.0019856031481305684, 'D_high': 5109990.03526815, 'fire_exp': 6.464773756830049, 'P_half': 8894.151386481904, 'pre_dampen_half': 0.2571419084734534, 'gpp_af': 0.18737227240512885, 'gpp_b': 1.1645080536732737, 'gpp_d': 2.0876461267125483, 'ign_k': 0.45791923103229365, 'ign_c': 12.366924205139131, 'trop_agb_crit': 24.500297851058132, 'trop_k_veg': 6.972354563243685, 'pop_amp': 0.04874366481145617, 'pop_peak': 0.17274196344453516, 'pop_sig': 0.6871869718280653, 'fuel_k': 0.023074547684106324, 'fuel_half': 17.890117928710357}.
  trial 1095/2500  pareto_size=28  best_ilamb=0.6094  (62.3 min)
[I 2026-08-19 13:48:06,950] Trial 1095 finished with values: [-0.4178935524060958, 0.00014645509793942413] and parameters: {'k1': 4.929552311643645e-05, 'D_low': 1368.9795993592197, 'k2': 9.109540080835495e-05, 'D_high': 1661855.441285105, 'fire_exp': 1.8678802571070678, 'P_half': 4702.255345208717, 'pre_dampen_half': 0.19674328025306115, 'gpp_af': 0.006580815488709274, 'gpp_b': 0.007179740972016222, 'gpp_d': 1.0088237648985734, 'ign_k': 0.45791923103229365, 'ign_c': 0.38887507405855737, 'trop_agb_crit': 1.050713312531254, 'trop_k_veg': 5.691473319778836, 'pop_amp': 0.04874366481145617, 'pop_peak': 0.17274196344453516, 'pop_sig': 1.804482856986987, 'fuel_k': 5.706437033023268, 'fuel_half': 0.18427970406864538}.
[I 2026-08-19 13:48:10,139] Trial 1096 finished with values: [-0.42903629013612743, 0.0001074354621678486] and parameters: {'k1': 1.844951990812239e-05, 'D_low': 27972.024228472703, 'k2': 4.392638796750218e-05, 'D_high': 1840060.4093141211, 'fire_exp': 1.3796609641485171, 'P_half': 8894.151386481904, 'pre_dampen_half': 0.05393491030297468, 'gpp_af': 6.635341982375291, 'gpp_b': 1.624829724391053, 'gpp_d': 8.347790852520644, 'ign_k': 0.45791923103229365, 'ign_c': 12.366924205139131, 'trop_agb_crit': 28.49245476864681, 'trop_k_veg': 4.30392173391187, 'pop_amp': 6.746076139939917, 'pop_peak': 456.60279198301936, 'pop_sig': 1.0424917012813995, 'fuel_k': 0.18940660610935214, 'fuel_half': 0.3497028715561063}.
[I 2026-08-19 13:48:13,017] Trial 1097 finished with values: [-0.5908524820434212, 0.05206520881374044] and parameters: {'k1': 4.0873003903057456e-05, 'D_low': 34.60830859824834, 'k2': 0.0019856031481305684, 'D_high': 1840060.4093141211, 'fire_exp': 1.3796609641485171, 'P_half': 229.5739821454948, 'pre_dampen_half': 0.19674328025306115, 'gpp_af': 0.025129662028113342, 'gpp_b': 0.0007417652034871827, 'gpp_d': 118.26972885708257, 'ign_k': 9.162638829638215, 'ign_c': 13.219302264066766, 'trop_agb_crit': 27.05166881899929, 'trop_k_veg': 5.691473319778836, 'pop_amp': 10.985330528057915, 'pop_peak': 0.07575363458033918, 'pop_sig': 0.9904669476016459, 'fuel_k': 0.9199338799678547, 'fuel_half': 17.890117928710357}.
[I 2026-08-19 13:48:16,217] Trial 1098 finished with values: [-0.3741200512022892, 0.0] and parameters: {'k1': 1.844951990812239e-05, 'D_low': 34.60830859824834, 'k2': 3.077180271250682e-05, 'D_high': 1840060.4093141211, 'fire_exp': 7.856097010829145, 'P_half': 8894.151386481904, 'pre_dampen_half': 0.2571419084734534, 'gpp_af': 0.41874665092828456, 'gpp_b': 1.1645080536732737, 'gpp_d': 108.18665579547857, 'ign_k': 0.009935023909063692, 'ign_c': 4.4716799012313055, 'trop_agb_crit': 2.6689615974393592, 'trop_k_veg': 6.972354563243685, 'pop_amp': 0.04874366481145617, 'pop_peak': 32.553267554975, 'pop_sig': 0.28855712799307187, 'fuel_k': 3.640039183945803, 'fuel_half': 1.9255395572015603}.
[I 2026-08-19 13:48:19,205] Trial 1099 finished with values: [-0.43949496452310166, 0.001718148838352862] and parameters: {'k1': 4.0873003903057456e-05, 'D_low': 1381.4827557709839, 'k2': 0.0019856031481305684, 'D_high': 1840060.4093141211, 'fire_exp': 1.3796609641485171, 'P_half': 8894.151386481904, 'pre_dampen_half': 0.2571419084734534, 'gpp_af': 0.0077125451401819246, 'gpp_b': 0.0004837646996135023, 'gpp_d': 195.7529808267341, 'ign_k': 0.3699359899959751, 'ign_c': 12.366924205139131, 'trop_agb_crit': 16.598543231494265, 'trop_k_veg': 2.968382718115938, 'pop_amp': 10.985330528057915, 'pop_peak': 4.557885026195722, 'pop_sig': 0.6871869718280653, 'fuel_k': 0.15552861105540366, 'fuel_half': 38.055644378716025}.
[I 2026-08-19 13:48:22,964] Trial 1100 finished with values: [-0.5677032189638441, 0.028213373171921963] and parameters: {'k1': 1.844951990812239e-05, 'D_low': 4177.591776484708, 'k2': 0.0019856031481305684, 'D_high': 1840060.4093141211, 'fire_exp': 1.3796609641485171, 'P_half': 267.2146013620241, 'pre_dampen_half': 0.05393491030297468, 'gpp_af': 0.09546679952518865, 'gpp_b': 0.0007417652034871827, 'gpp_d': 118.26972885708257, 'ign_k': 0.04439802552990466, 'ign_c': 12.366924205139131, 'trop_agb_crit': 27.05166881899929, 'trop_k_veg': 4.30392173391187, 'pop_amp': 5.27924855752961, 'pop_peak': 456.60279198301936, 'pop_sig': 0.9904669476016459, 'fuel_k': 3.640039183945803, 'fuel_half': 0.18427970406864538}.
  trial 1101/2500  pareto_size=28  best_ilamb=0.6094  (62.7 min)
[I 2026-08-19 13:48:26,966] Trial 1101 finished with values: [-0.4193274670790504, 4.154747020090888e-06] and parameters: {'k1': 9.67404566214593e-05, 'D_low': 1.6569065206637925, 'k2': 0.0019856031481305684, 'D_high': 1124534.1807254362, 'fire_exp': 4.3161213924316595, 'P_half': 1517.2922775770444, 'pre_dampen_half': 0.05393491030297468, 'gpp_af': 0.18737227240512885, 'gpp_b': 0.1033080166772517, 'gpp_d': 108.18665579547857, 'ign_k': 0.45791923103229365, 'ign_c': 12.366924205139131, 'trop_agb_crit': 17.69486533706496, 'trop_k_veg': 6.972354563243685, 'pop_amp': 10.985330528057915, 'pop_peak': 1.9043491615789352, 'pop_sig': 0.6871869718280653, 'fuel_k': 3.250046746707412, 'fuel_half': 1.7895437790635824}.
[I 2026-08-19 13:48:30,434] Trial 1102 finished with values: [-0.4019127411765667, 3.3306690738754696e-16] and parameters: {'k1': 0.0015367134086838297, 'D_low': 1.6569065206637925, 'k2': 0.00021724674331575933, 'D_high': 1661855.441285105, 'fire_exp': 6.454675979546216, 'P_half': 8894.151386481904, 'pre_dampen_half': 0.28912866591306324, 'gpp_af': 0.18737227240512885, 'gpp_b': 0.0004837646996135023, 'gpp_d': 118.26972885708257, 'ign_k': 0.04439802552990466, 'ign_c': 89.12611835816996, 'trop_agb_crit': 14.188434224699876, 'trop_k_veg': 6.972354563243685, 'pop_amp': 10.985330528057915, 'pop_peak': 162.62551614461097, 'pop_sig': 1.804482856986987, 'fuel_k': 5.706437033023268, 'fuel_half': 1.7895437790635824}.
[I 2026-08-19 13:48:33,441] Trial 1103 finished with values: [-0.35535220316395566, 0.0] and parameters: {'k1': 1.844951990812239e-05, 'D_low': 393.5385399037397, 'k2': 3.077180271250682e-05, 'D_high': 1840060.4093141211, 'fire_exp': 1.3796609641485171, 'P_half': 4396.232439619055, 'pre_dampen_half': 0.19674328025306115, 'gpp_af': 0.18737227240512885, 'gpp_b': 0.0007417652034871827, 'gpp_d': 3.9841905944346854, 'ign_k': 0.45791923103229365, 'ign_c': 89.12611835816996, 'trop_agb_crit': 16.598543231494265, 'trop_k_veg': 4.30392173391187, 'pop_amp': 10.985330528057915, 'pop_peak': 352.89806695809773, 'pop_sig': 0.9904669476016459, 'fuel_k': 4.04437775870989, 'fuel_half': 1.7895437790635824}.
[I 2026-08-19 13:48:38,638] Trial 1104 finished with values: [-0.3554625854118624, 0.0] and parameters: {'k1': 1.844951990812239e-05, 'D_low': 27972.024228472703, 'k2': 0.010371644308367702, 'D_high': 1661855.441285105, 'fire_exp': 7.856097010829145, 'P_half': 1636.5290600718067, 'pre_dampen_half': 0.05393491030297468, 'gpp_af': 0.00301004353953023, 'gpp_b': 0.14222241542049918, 'gpp_d': 118.26972885708257, 'ign_k': 0.04439802552990466, 'ign_c': 89.12611835816996, 'trop_agb_crit': 17.69486533706496, 'trop_k_veg': 0.5984963599845551, 'pop_amp': 10.985330528057915, 'pop_peak': 1.9043491615789352, 'pop_sig': 0.9904669476016459, 'fuel_k': 3.640039183945803, 'fuel_half': 1.7895437790635824}.
[I 2026-08-19 13:48:43,020] Trial 1105 finished with values: [-0.39537421586338517, 1.1102230246251565e-16] and parameters: {'k1': 1.844951990812239e-05, 'D_low': 27972.024228472703, 'k2': 0.01658162569439101, 'D_high': 5109990.03526815, 'fire_exp': 6.464773756830049, 'P_half': 8894.151386481904, 'pre_dampen_half': 0.2571419084734534, 'gpp_af': 0.41874665092828456, 'gpp_b': 1.1645080536732737, 'gpp_d': 1.0088237648985734, 'ign_k': 0.1537592023548176, 'ign_c': 12.366924205139131, 'trop_agb_crit': 28.49245476864681, 'trop_k_veg': 6.972354563243685, 'pop_amp': 0.04874366481145617, 'pop_peak': 0.17274196344453516, 'pop_sig': 0.6871869718280653, 'fuel_k': 0.023074547684106324, 'fuel_half': 17.890117928710357}.
[I 2026-08-19 13:48:46,630] Trial 1106 finished with values: [-0.3554625854118624, 0.0] and parameters: {'k1': 4.0873003903057456e-05, 'D_low': 1.2824467272720903, 'k2': 0.0019856031481305684, 'D_high': 1840060.4093141211, 'fire_exp': 6.464773756830049, 'P_half': 8894.151386481904, 'pre_dampen_half': 0.2571419084734534, 'gpp_af': 0.18737227240512885, 'gpp_b': 0.0004837646996135023, 'gpp_d': 2.0876461267125483, 'ign_k': 0.3699359899959751, 'ign_c': 709.9723384321322, 'trop_agb_crit': 28.49245476864681, 'trop_k_veg': 6.972354563243685, 'pop_amp': 0.04874366481145617, 'pop_peak': 4.557885026195722, 'pop_sig': 0.6871869718280653, 'fuel_k': 0.023074547684106324, 'fuel_half': 17.890117928710357}.
  trial 1107/2500  pareto_size=27  best_ilamb=0.6094  (63.1 min)
[I 2026-08-19 13:48:50,011] Trial 1107 finished with values: [-0.4248897844119394, 4.527859390757172e-06] and parameters: {'k1': 2.9693357731296325e-05, 'D_low': 22910.04553748208, 'k2': 4.0270527176466894e-05, 'D_high': 1661855.441285105, 'fire_exp': 2.5321117364280843, 'P_half': 8894.151386481904, 'pre_dampen_half': 0.10189118197357125, 'gpp_af': 49.583649914027546, 'gpp_b': 9.67374839440457e-05, 'gpp_d': 108.18665579547857, 'ign_k': 0.01655786668416819, 'ign_c': 4.4716799012313055, 'trop_agb_crit': 28.49245476864681, 'trop_k_veg': 6.972354563243685, 'pop_amp': 0.0021433490423168255, 'pop_peak': 1.884221947092994, 'pop_sig': 1.804482856986987, 'fuel_k': 0.622529758569628, 'fuel_half': 17.890117928710357}.
[I 2026-08-19 13:48:52,894] Trial 1108 finished with values: [-0.42325635418103047, 1.998752718890273e-09] and parameters: {'k1': 4.0873003903057456e-05, 'D_low': 1.6569065206637925, 'k2': 0.0003856302813879373, 'D_high': 1840060.4093141211, 'fire_exp': 4.3161213924316595, 'P_half': 8894.151386481904, 'pre_dampen_half': 0.19674328025306115, 'gpp_af': 36.830088529547496, 'gpp_b': 0.14222241542049918, 'gpp_d': 108.18665579547857, 'ign_k': 0.009935023909063692, 'ign_c': 4.4716799012313055, 'trop_agb_crit': 27.05166881899929, 'trop_k_veg': 6.972354563243685, 'pop_amp': 0.0021433490423168255, 'pop_peak': 184.59559622509323, 'pop_sig': 0.28855712799307187, 'fuel_k': 2.8606142106392465, 'fuel_half': 17.890117928710357}.
