[I 2026-06-10 21:22:08,505] Trial 444 finished with values: [10.833333332159754, 10.833333332159754] and parameters: {'k1': 0.003968136435370146, 'D_low': 1074.940539517341, 'k2': 1.1417577140741129e-05, 'D_high': 8912.611835817017, 'fire_exp': 1.6901885781909627, 'P_half': 277.00025557434554, 'pre_dampen_half': 10.931606102061748, 'gpp_af': 20.12115544906385, 'gpp_b': 0.015062722325200045, 'gpp_d': 0.1619054449471649, 'ign_k': 0.0884455049423825, 'ign_c': 311.668529787849, 'trop_agb_crit': 1.3063813396521713, 'trop_k_veg': 1.6648666152166967, 'fire_amp': 2.804180410489304}.
[I 2026-06-10 21:22:10,641] Trial 445 finished with values: [10.023406566197204, 10.023406566197204] and parameters: {'k1': 0.003968136435370146, 'D_low': 4006.89033223865, 'k2': 1.1417577140741129e-05, 'D_high': 29.126651668813768, 'fire_exp': 1.4690410989404576, 'P_half': 277.00025557434554, 'pre_dampen_half': 189.36639872354493, 'gpp_af': 0.5970408652384318, 'gpp_b': 9.497440085397415e-05, 'gpp_d': 0.7698760608299932, 'ign_k': 0.09256855841989636, 'ign_c': 7.832259769732471, 'trop_agb_crit': 2.0527418919564324, 'trop_k_veg': 0.5450786550840475, 'fire_amp': 2.804180410489304}.
[I 2026-06-10 21:22:12,498] Trial 446 finished with values: [10.690093789981193, 10.690093789981193] and parameters: {'k1': 0.012840669372724958, 'D_low': 1074.940539517341, 'k2': 0.0004862769762212836, 'D_high': 24.9899605789089, 'fire_exp': 1.6901885781909627, 'P_half': 61.6097529474144, 'pre_dampen_half': 189.36639872354493, 'gpp_af': 3.298293484806585, 'gpp_b': 0.002416023630607169, 'gpp_d': 0.7698760608299932, 'ign_k': 0.012802983592904445, 'ign_c': 14.709699119495124, 'trop_agb_crit': 24.199763404822136, 'trop_k_veg': 0.5450786550840475, 'fire_amp': 1.2393473789150806}.
[I 2026-06-10 21:22:14,271] Trial 447 finished with values: [10.778681410585142, 10.778681410585142] and parameters: {'k1': 0.006079905434073396, 'D_low': 43.2326421037033, 'k2': 4.933751600448335e-05, 'D_high': 2427.054417940131, 'fire_exp': 3.150954985759691, 'P_half': 157.3644610977214, 'pre_dampen_half': 189.88136301569827, 'gpp_af': 1.9998014714101113, 'gpp_b': 1.1008110571039521e-05, 'gpp_d': 594.7389794988394, 'ign_k': 0.13500744867919376, 'ign_c': 23.40999464613212, 'trop_agb_crit': 8.0091368834625, 'trop_k_veg': 3.4439936249445045, 'fire_amp': 1.5587346124822492}.
[I 2026-06-10 21:22:16,166] Trial 448 finished with values: [10.791457054526084, 10.791457054526084] and parameters: {'k1': 0.016973078532467004, 'D_low': 24.28756508761176, 'k2': 0.0002442377596403892, 'D_high': 29.126651668813768, 'fire_exp': 1.6901885781909627, 'P_half': 157.3644610977214, 'pre_dampen_half': 191.62369310763663, 'gpp_af': 1.9998014714101113, 'gpp_b': 0.015062722325200045, 'gpp_d': 0.030844007727232167, 'ign_k': 0.8945150807271531, 'ign_c': 14.709699119495124, 'trop_agb_crit': 1.8023542850487386, 'trop_k_veg': 5.453348988480011, 'fire_amp': 1.147839669817869}.
[I 2026-06-10 21:22:18,398] Trial 449 finished with values: [10.831652253052102, 10.831652253052102] and parameters: {'k1': 0.017276056747028225, 'D_low': 1739.6167422846984, 'k2': 2.316457903103837e-05, 'D_high': 42210.21267871043, 'fire_exp': 3.2459542834651627, 'P_half': 101.40635645866499, 'pre_dampen_half': 4.603480758878793, 'gpp_af': 27.448645214004376, 'gpp_b': 0.16285506249643175, 'gpp_d': 0.7698760608299932, 'ign_k': 0.02779045054796808, 'ign_c': 2.2489542843914485, 'trop_agb_crit': 2.0527418919564324, 'trop_k_veg': 0.6488368931910606, 'fire_amp': 2.818314238665462}.
[I 2026-06-10 21:22:20,584] Trial 450 finished with values: [10.673357317812137, 10.673357317812137] and parameters: {'k1': 0.016973078532467004, 'D_low': 50.32059347286801, 'k2': 4.933751600448335e-05, 'D_high': 42.242359735170886, 'fire_exp': 3.150954985759691, 'P_half': 8.318314747941244, 'pre_dampen_half': 189.88136301569827, 'gpp_af': 0.8594202650742228, 'gpp_b': 1.8400604093141188, 'gpp_d': 47.35384181058586, 'ign_k': 3.6309591863459096, 'ign_c': 1.1698039424426816, 'trop_agb_crit': 1.5033346993841157, 'trop_k_veg': 1.6003641872536711, 'fire_amp': 4.2446263054164195}.
[I 2026-06-10 21:22:22,835] Trial 451 finished with values: [12.54856821166775, 12.54856821166775] and parameters: {'k1': 0.017276056747028225, 'D_low': 1739.6167422846984, 'k2': 8.968733598183248e-05, 'D_high': 44974.07193749848, 'fire_exp': 3.2459542834651627, 'P_half': 9.580682294110435, 'pre_dampen_half': 98.05638874011484, 'gpp_af': 3.030008727251782, 'gpp_b': 0.002416023630607169, 'gpp_d': 364.60005353173506, 'ign_k': 3.6309591863459096, 'ign_c': 1.4879588507789996, 'trop_agb_crit': 3.5874145253515306, 'trop_k_veg': 0.6488368931910606, 'fire_amp': 1.1655705619308396}.
[I 2026-06-10 21:22:24,822] Trial 452 finished with values: [10.761469046265502, 10.761469046265502] and parameters: {'k1': 0.017276056747028225, 'D_low': 1739.6167422846984, 'k2': 0.0001016707987819611, 'D_high': 44974.07193749848, 'fire_exp': 3.2459542834651627, 'P_half': 45.55085098454082, 'pre_dampen_half': 2.736251365128462, 'gpp_af': 29.700320404259642, 'gpp_b': 0.16285506249643175, 'gpp_d': 95.2715755007094, 'ign_k': 0.004105873950290761, 'ign_c': 2.2489542843914485, 'trop_agb_crit': 5.588032458772675, 'trop_k_veg': 0.6488368931910606, 'fire_amp': 5.44779717154213}.
[I 2026-06-10 21:22:26,915] Trial 453 finished with values: [10.591751783154354, 10.591751783154354] and parameters: {'k1': 0.012840669372724958, 'D_low': 171.2446447678494, 'k2': 2.316457903103837e-05, 'D_high': 29.126651668813768, 'fire_exp': 1.4690410989404576, 'P_half': 277.00025557434554, 'pre_dampen_half': 4.603480758878793, 'gpp_af': 0.5970408652384318, 'gpp_b': 0.00047819318414852577, 'gpp_d': 0.7698760608299932, 'ign_k': 0.09256855841989636, 'ign_c': 7.832259769732471, 'trop_agb_crit': 2.0527418919564324, 'trop_k_veg': 2.520089655463604, 'fire_amp': 1.2393473789150806}.
[I 2026-06-10 21:22:28,766] Trial 454 finished with values: [10.269522817845386, 10.269522817845386] and parameters: {'k1': 0.012840669372724958, 'D_low': 24.28756508761176, 'k2': 2.091507303847255e-05, 'D_high': 8912.611835817017, 'fire_exp': 1.2918065501148304, 'P_half': 61.6097529474144, 'pre_dampen_half': 1.8469033699850426, 'gpp_af': 1.7775411110039254, 'gpp_b': 0.0004125336560355494, 'gpp_d': 95.2715755007094, 'ign_k': 0.0029519227433917453, 'ign_c': 1.1698039424426816, 'trop_agb_crit': 24.199763404822136, 'trop_k_veg': 0.6488368931910606, 'fire_amp': 1.2393473789150806}.
[I 2026-06-10 21:22:30,606] Trial 455 finished with values: [-0.5100222607589371, 0.036384366596250106] and parameters: {'k1': 0.00026539376439360527, 'D_low': 1739.6167422846984, 'k2': 1.1417577140741129e-05, 'D_high': 69868.4759244566, 'fire_exp': 1.9783727454920947, 'P_half': 1.4551749476072258, 'pre_dampen_half': 30.456909077772018, 'gpp_af': 0.07118041471054574, 'gpp_b': 0.006999112505425414, 'gpp_d': 47.35384181058586, 'ign_k': 0.004105873950290761, 'ign_c': 0.6960633318526378, 'trop_agb_crit': 5.588032458772675, 'trop_k_veg': 2.724170387400844, 'fire_amp': 5.44779717154213}.
[I 2026-06-10 21:22:32,477] Trial 456 finished with values: [10.798131189192963, 10.798131189192963] and parameters: {'k1': 0.00026539376439360527, 'D_low': 1074.940539517341, 'k2': 1.1417577140741129e-05, 'D_high': 8912.611835817017, 'fire_exp': 4.197266872191233, 'P_half': 1.4551749476072258, 'pre_dampen_half': 30.456909077772018, 'gpp_af': 1.3954498518315706, 'gpp_b': 0.015062722325200045, 'gpp_d': 47.35384181058586, 'ign_k': 0.17320535908244444, 'ign_c': 7.832259769732471, 'trop_agb_crit': 24.199763404822136, 'trop_k_veg': 0.6488368931910606, 'fire_amp': 5.416595007374148}.
[I 2026-06-10 21:22:34,769] Trial 457 finished with values: [10.644133950280398, 10.644133950280398] and parameters: {'k1': 0.016973078532467004, 'D_low': 335.92388193960346, 'k2': 1.1417577140741129e-05, 'D_high': 315.101491238403, 'fire_exp': 3.150954985759691, 'P_half': 2.226799690893868, 'pre_dampen_half': 189.88136301569827, 'gpp_af': 0.5970408652384318, 'gpp_b': 9.497440085397415e-05, 'gpp_d': 2.5450745565416026, 'ign_k': 0.0032383308053152635, 'ign_c': 0.13577269394141456, 'trop_agb_crit': 1.3063813396521713, 'trop_k_veg': 0.5183533149347164, 'fire_amp': 1.1202509284327942}.
[I 2026-06-10 21:22:36,615] Trial 458 finished with values: [15.156111800259946, 15.156111800259946] and parameters: {'k1': 0.00026539376439360527, 'D_low': 1074.940539517341, 'k2': 8.968733598183248e-05, 'D_high': 24.9899605789089, 'fire_exp': 1.111738490499784, 'P_half': 9.580682294110435, 'pre_dampen_half': 189.36639872354493, 'gpp_af': 3.030008727251782, 'gpp_b': 0.002416023630607169, 'gpp_d': 21.899070557043984, 'ign_k': 0.09256855841989636, 'ign_c': 1.4879588507789996, 'trop_agb_crit': 1.8023542850487386, 'trop_k_veg': 1.6648666152166967, 'fire_amp': 1.1655705619308396}.
[I 2026-06-10 21:22:39,016] Trial 459 finished with values: [-0.28166567890044686, 0.061889604960259414] and parameters: {'k1': 5.178197947282869e-05, 'D_low': 1074.940539517341, 'k2': 8.968733598183248e-05, 'D_high': 24.9899605789089, 'fire_exp': 1.111738490499784, 'P_half': 9.580682294110435, 'pre_dampen_half': 189.88136301569827, 'gpp_af': 1.9654778690222015, 'gpp_b': 0.002416023630607169, 'gpp_d': 0.030844007727232167, 'ign_k': 0.00660597889201953, 'ign_c': 0.17036120617148395, 'trop_agb_crit': 21.086120736447015, 'trop_k_veg': 0.5183533149347164, 'fire_amp': 1.1655705619308396}.
[I 2026-06-10 21:22:40,933] Trial 460 finished with values: [10.82735883091549, 10.82735883091549] and parameters: {'k1': 0.017276056747028225, 'D_low': 1739.6167422846984, 'k2': 0.02939607009739149, 'D_high': 42210.21267871043, 'fire_exp': 3.2459542834651627, 'P_half': 101.40635645866499, 'pre_dampen_half': 4.603480758878793, 'gpp_af': 27.448645214004376, 'gpp_b': 0.25042526066088033, 'gpp_d': 0.7698760608299932, 'ign_k': 3.6309591863459096, 'ign_c': 1.9423015749984096, 'trop_agb_crit': 2.0527418919564324, 'trop_k_veg': 2.520089655463604, 'fire_amp': 1.2393473789150806}.
[I 2026-06-10 21:22:44,148] Trial 461 finished with values: [10.833333332159754, 10.833333332159754] and parameters: {'k1': 0.017276056747028225, 'D_low': 1079.0778643024298, 'k2': 4.933751600448335e-05, 'D_high': 42.242359735170886, 'fire_exp': 1.353841071397002, 'P_half': 101.40635645866499, 'pre_dampen_half': 98.05638874011484, 'gpp_af': 27.448645214004376, 'gpp_b': 0.16285506249643175, 'gpp_d': 95.2715755007094, 'ign_k': 3.6309591863459096, 'ign_c': 72.99613382801451, 'trop_agb_crit': 8.0091368834625, 'trop_k_veg': 1.6003641872536711, 'fire_amp': 4.2446263054164195}.
[I 2026-06-10 21:22:46,158] Trial 462 finished with values: [12.467296419587008, 12.467296419587008] and parameters: {'k1': 0.012840669372724958, 'D_low': 171.2446447678494, 'k2': 0.02939607009739149, 'D_high': 42210.21267871043, 'fire_exp': 3.2459542834651627, 'P_half': 10.94496366796197, 'pre_dampen_half': 350.88322284755304, 'gpp_af': 1.7775411110039254, 'gpp_b': 0.00047819318414852577, 'gpp_d': 95.2715755007094, 'ign_k': 0.02779045054796808, 'ign_c': 0.5232779509048977, 'trop_agb_crit': 3.5874145253515306, 'trop_k_veg': 0.9660523662864217, 'fire_amp': 1.2393473789150806}.
[I 2026-06-10 21:22:48,244] Trial 463 finished with values: [10.890861022744222, 10.890861022744222] and parameters: {'k1': 0.016973078532467004, 'D_low': 148.21691630007544, 'k2': 0.0002442377596403892, 'D_high': 8912.611835817017, 'fire_exp': 1.6901885781909627, 'P_half': 51.10120656497163, 'pre_dampen_half': 2.736251365128462, 'gpp_af': 20.12115544906385, 'gpp_b': 0.015062722325200045, 'gpp_d': 545.0253444559129, 'ign_k': 0.17320535908244444, 'ign_c': 14.709699119495124, 'trop_agb_crit': 24.199763404822136, 'trop_k_veg': 5.453348988480011, 'fire_amp': 5.416595007374148}.
[I 2026-06-10 21:22:50,120] Trial 464 finished with values: [10.634639632534197, 10.634639632534197] and parameters: {'k1': 0.016973078532467004, 'D_low': 50.32059347286801, 'k2': 0.0011135501184757278, 'D_high': 42210.21267871043, 'fire_exp': 3.150954985759691, 'P_half': 61.6097529474144, 'pre_dampen_half': 189.88136301569827, 'gpp_af': 0.016306190741524337, 'gpp_b': 1.1008110571039521e-05, 'gpp_d': 0.7698760608299932, 'ign_k': 0.0032383308053152635, 'ign_c': 1.9423015749984096, 'trop_agb_crit': 21.086120736447015, 'trop_k_veg': 2.520089655463604, 'fire_amp': 1.2393473789150806}.
[I 2026-06-10 21:22:52,466] Trial 465 finished with values: [10.833333332159754, 10.833333332159754] and parameters: {'k1': 0.016973078532467004, 'D_low': 50.32059347286801, 'k2': 0.0499774937030317, 'D_high': 76838.76502998071, 'fire_exp': 3.150954985759691, 'P_half': 51.10120656497163, 'pre_dampen_half': 123.04779330083686, 'gpp_af': 0.8594202650742228, 'gpp_b': 1.1008110571039521e-05, 'gpp_d': 1.4397852866783676, 'ign_k': 0.13500744867919376, 'ign_c': 388.02797007866826, 'trop_agb_crit': 24.199763404822136, 'trop_k_veg': 3.4439936249445045, 'fire_amp': 5.416595007374148}.
[I 2026-06-10 21:22:54,308] Trial 466 finished with values: [-0.38353971906969936, 0.036285097839564684] and parameters: {'k1': 0.012840669372724958, 'D_low': 408.3047491580097, 'k2': 8.968733598183248e-05, 'D_high': 29.126651668813768, 'fire_exp': 1.633445707733642, 'P_half': 9.580682294110435, 'pre_dampen_half': 189.36639872354493, 'gpp_af': 3.298293484806585, 'gpp_b': 0.002416023630607169, 'gpp_d': 0.7698760608299932, 'ign_k': 0.00660597889201953, 'ign_c': 7.832259769732471, 'trop_agb_crit': 1.850652607502099, 'trop_k_veg': 0.5450786550840475, 'fire_amp': 1.1655705619308396}.
[I 2026-06-10 21:22:56,183] Trial 467 finished with values: [11.04096199835357, 11.04096199835357] and parameters: {'k1': 5.178197947282869e-05, 'D_low': 1074.940539517341, 'k2': 4.933751600448335e-05, 'D_high': 29.126651668813768, 'fire_exp': 1.111738490499784, 'P_half': 157.3644610977214, 'pre_dampen_half': 37.40930273158252, 'gpp_af': 1.9654778690222015, 'gpp_b': 0.00047819318414852577, 'gpp_d': 594.7389794988394, 'ign_k': 0.8945150807271531, 'ign_c': 16.497426799845446, 'trop_agb_crit': 21.086120736447015, 'trop_k_veg': 1.6003641872536711, 'fire_amp': 1.5587346124822492}.
[I 2026-06-10 21:22:58,583] Trial 468 finished with values: [11.325217144186308, 11.325217144186308] and parameters: {'k1': 0.006079905434073396, 'D_low': 171.2446447678494, 'k2': 0.0011135501184757278, 'D_high': 315.101491238403, 'fire_exp': 1.2918065501148304, 'P_half': 277.00025557434554, 'pre_dampen_half': 189.88136301569827, 'gpp_af': 0.016306190741524337, 'gpp_b': 0.0004125336560355494, 'gpp_d': 0.1619054449471649, 'ign_k': 2.615413574494962, 'ign_c': 1.4879588507789996, 'trop_agb_crit': 2.0527418919564324, 'trop_k_veg': 0.828441460847982, 'fire_amp': 1.1655705619308396}.
[I 2026-06-10 21:23:00,860] Trial 469 finished with values: [-0.5799185430396809, 0.025655186415188158] and parameters: {'k1': 0.006079905434073396, 'D_low': 43.2326421037033, 'k2': 4.933751600448335e-05, 'D_high': 42.242359735170886, 'fire_exp': 1.7792742686803427, 'P_half': 157.3644610977214, 'pre_dampen_half': 37.40930273158252, 'gpp_af': 1.9998014714101113, 'gpp_b': 0.00047819318414852577, 'gpp_d': 594.7389794988394, 'ign_k': 0.8945150807271531, 'ign_c': 16.497426799845446, 'trop_agb_crit': 5.335241529707116, 'trop_k_veg': 0.9923523017201868, 'fire_amp': 1.5587346124822492}.
[I 2026-06-10 21:23:02,675] Trial 470 finished with values: [10.092679229374953, 10.092679229374953] and parameters: {'k1': 0.012840669372724958, 'D_low': 171.2446447678494, 'k2': 0.0010726091927327822, 'D_high': 42.242359735170886, 'fire_exp': 1.7505406131449859, 'P_half': 9.580682294110435, 'pre_dampen_half': 28.01075698398644, 'gpp_af': 0.3097266550170567, 'gpp_b': 2.176805640408474e-05, 'gpp_d': 594.7389794988394, 'ign_k': 0.8945150807271531, 'ign_c': 0.1611736893633666, 'trop_agb_crit': 3.1419938725278875, 'trop_k_veg': 2.520089655463604, 'fire_amp': 1.1655705619308396}.
[I 2026-06-10 21:23:04,797] Trial 471 finished with values: [-0.5373585561689872, 0.023096166519716577] and parameters: {'k1': 0.012840669372724958, 'D_low': 171.2446447678494, 'k2': 8.968733598183248e-05, 'D_high': 24.9899605789089, 'fire_exp': 1.7505406131449859, 'P_half': 61.6097529474144, 'pre_dampen_half': 189.88136301569827, 'gpp_af': 0.016306190741524337, 'gpp_b': 0.0004125336560355494, 'gpp_d': 0.7698760608299932, 'ign_k': 0.00660597889201953, 'ign_c': 1.4879588507789996, 'trop_agb_crit': 21.086120736447015, 'trop_k_veg': 2.520089655463604, 'fire_amp': 1.2393473789150806}.
[I 2026-06-10 21:23:06,671] Trial 472 finished with values: [11.615047605277796, 11.615047605277796] and parameters: {'k1': 0.012840669372724958, 'D_low': 1074.940539517341, 'k2': 1.1417577140741129e-05, 'D_high': 42210.21267871043, 'fire_exp': 1.2918065501148304, 'P_half': 61.6097529474144, 'pre_dampen_half': 189.36639872354493, 'gpp_af': 3.298293484806585, 'gpp_b': 0.0004125336560355494, 'gpp_d': 0.7698760608299932, 'ign_k': 0.09256855841989636, 'ign_c': 7.832259769732471, 'trop_agb_crit': 2.0527418919564324, 'trop_k_veg': 2.520089655463604, 'fire_amp': 1.2393473789150806}.
[I 2026-06-10 21:23:08,827] Trial 473 finished with values: [10.297999448196688, 10.297999448196688] and parameters: {'k1': 5.178197947282869e-05, 'D_low': 148.21691630007544, 'k2': 8.968733598183248e-05, 'D_high': 1817.0401889219124, 'fire_exp': 1.7505406131449859, 'P_half': 45.55085098454082, 'pre_dampen_half': 225.8132942030758, 'gpp_af': 29.700320404259642, 'gpp_b': 0.002416023630607169, 'gpp_d': 545.0253444559129, 'ign_k': 0.00660597889201953, 'ign_c': 0.7619822175388142, 'trop_agb_crit': 21.086120736447015, 'trop_k_veg': 0.5183533149347164, 'fire_amp': 1.1655705619308396}.
[I 2026-06-10 21:23:10,654] Trial 474 finished with values: [10.095425637163776, 10.095425637163776] and parameters: {'k1': 0.006079905434073396, 'D_low': 2808.7330790064375, 'k2': 1.1417577140741129e-05, 'D_high': 42210.21267871043, 'fire_exp': 1.7792742686803427, 'P_half': 61.6097529474144, 'pre_dampen_half': 16.009350908593582, 'gpp_af': 3.298293484806585, 'gpp_b': 0.0004125336560355494, 'gpp_d': 0.7698760608299932, 'ign_k': 0.8945150807271531, 'ign_c': 7.832259769732471, 'trop_agb_crit': 2.0527418919564324, 'trop_k_veg': 6.172643383211297, 'fire_amp': 1.5587346124822492}.
[I 2026-06-10 21:23:12,477] Trial 475 finished with values: [10.62001977863935, 10.62001977863935] and parameters: {'k1': 0.0006042560675552671, 'D_low': 43.03411264066069, 'k2': 0.0001016707987819611, 'D_high': 1817.0401889219124, 'fire_exp': 1.5191397119156032, 'P_half': 277.00025557434554, 'pre_dampen_half': 2.736251365128462, 'gpp_af': 20.12115544906385, 'gpp_b': 2.3386439256208704, 'gpp_d': 545.0253444559129, 'ign_k': 0.8945150807271531, 'ign_c': 0.1611736893633666, 'trop_agb_crit': 24.199763404822136, 'trop_k_veg': 5.453348988480011, 'fire_amp': 1.7912500010961188}.
[I 2026-06-10 21:23:14,380] Trial 476 finished with values: [10.397588355147803, 10.397588355147803] and parameters: {'k1': 0.016973078532467004, 'D_low': 50.32059347286801, 'k2': 0.0010726091927327822, 'D_high': 2427.054417940131, 'fire_exp': 3.150954985759691, 'P_half': 114.62237838612074, 'pre_dampen_half': 189.88136301569827, 'gpp_af': 0.8594202650742228, 'gpp_b': 1.1008110571039521e-05, 'gpp_d': 2.5450745565416026, 'ign_k': 0.0032383308053152635, 'ign_c': 0.1611736893633666, 'trop_agb_crit': 3.3933702290907823, 'trop_k_veg': 0.5183533149347164, 'fire_amp': 1.1202509284327942}.
[I 2026-06-10 21:23:16,671] Trial 477 finished with values: [-0.5551137511226789, 0.014520575077505926] and parameters: {'k1': 0.08006837661379566, 'D_low': 235.39834531862078, 'k2': 0.0011135501184757278, 'D_high': 42210.21267871043, 'fire_exp': 1.2918065501148304, 'P_half': 61.6097529474144, 'pre_dampen_half': 4.603480758878793, 'gpp_af': 0.016306190741524337, 'gpp_b': 0.0004125336560355494, 'gpp_d': 0.7698760608299932, 'ign_k': 0.0029519227433917453, 'ign_c': 2.226297338331262, 'trop_agb_crit': 2.0527418919564324, 'trop_k_veg': 0.828441460847982, 'fire_amp': 1.2393473789150806}.
[I 2026-06-10 21:23:18,994] Trial 478 finished with values: [11.532429374710793, 11.532429374710793] and parameters: {'k1': 0.0001887567630782227, 'D_low': 1079.0778643024298, 'k2': 4.933751600448335e-05, 'D_high': 42.242359735170886, 'fire_exp': 1.4572158037266703, 'P_half': 84.3508388778244, 'pre_dampen_half': 37.40930273158252, 'gpp_af': 1.7775411110039254, 'gpp_b': 0.00047819318414852577, 'gpp_d': 47.35384181058586, 'ign_k': 0.8945150807271531, 'ign_c': 0.2946000090510885, 'trop_agb_crit': 8.0091368834625, 'trop_k_veg': 1.6003641872536711, 'fire_amp': 1.5587346124822492}.
[I 2026-06-10 21:23:21,118] Trial 479 finished with values: [14.225746494464632, 14.225746494464632] and parameters: {'k1': 5.178197947282869e-05, 'D_low': 171.2446447678494, 'k2': 0.0011135501184757278, 'D_high': 44974.07193749848, 'fire_exp': 1.2918065501148304, 'P_half': 2757.3353505786354, 'pre_dampen_half': 189.88136301569827, 'gpp_af': 1.7775411110039254, 'gpp_b': 0.0022206965604739644, 'gpp_d': 95.2715755007094, 'ign_k': 3.6309591863459096, 'ign_c': 1.9423015749984096, 'trop_agb_crit': 21.086120736447015, 'trop_k_veg': 2.520089655463604, 'fire_amp': 2.818314238665462}.
[I 2026-06-10 21:23:22,918] Trial 480 finished with values: [10.8262768138436, 10.8262768138436] and parameters: {'k1': 0.05705198955850472, 'D_low': 171.2446447678494, 'k2': 2.316457903103837e-05, 'D_high': 42210.21267871043, 'fire_exp': 3.2459542834651627, 'P_half': 101.40635645866499, 'pre_dampen_half': 4.603480758878793, 'gpp_af': 1.7775411110039254, 'gpp_b': 0.16285506249643175, 'gpp_d': 0.7698760608299932, 'ign_k': 3.6309591863459096, 'ign_c': 1.9423015749984096, 'trop_agb_crit': 2.0527418919564324, 'trop_k_veg': 2.520089655463604, 'fire_amp': 1.2393473789150806}.
