[I 2026-08-19 18:04:18,267] Trial 2174 finished with value: 0.5443560313095318 and parameters: {'k1': 0.09043159655242188, 'D_low': 96.71945418627364, 'k2': 0.00019265851145721795, 'D_high': 1808987.1927648576, 'fire_exp': 2.3615939042774645, 'P_half': 16.272925500964718, 'pre_dampen_half': 2.176355067490502, 'gpp_af': 0.004291699192933553, 'gpp_b': 0.00013986872821126724, 'gpp_d': 314.7901390576549, 'ign_k': 0.06496837383984108, 'ign_c': 19.178145196680912, 'trop_agb_crit': 29.669076278792033, 'trop_k_veg': 1.6825056708827124, 'pop_amp': 0.021678419389939512, 'pop_peak': 0.8661014717671227, 'pop_sig': 1.2743753747461233, 'fuel_k': 0.11954675780777997, 'fuel_half': 73.47286959626989}. Best is trial 1622 with value: -0.6125870653324885.
  trial 2175/2500  best_overall=0.6126  (65.9 min)
[I 2026-08-19 18:04:20,643] Trial 2175 finished with value: 0.5536600618129831 and parameters: {'k1': 0.011264782582346637, 'D_low': 65119.595560836344, 'k2': 0.0011111790041355121, 'D_high': 3124101.16476009, 'fire_exp': 1.028507161886666, 'P_half': 34.585964811238526, 'pre_dampen_half': 0.18173390475999113, 'gpp_af': 1.0475408752736277, 'gpp_b': 1.6701805893426765e-05, 'gpp_d': 124.03843937070505, 'ign_k': 5.069043611289919, 'ign_c': 9.446922901509835, 'trop_agb_crit': 15.062891725347685, 'trop_k_veg': 0.7081555310193506, 'pop_amp': 0.005810887808100355, 'pop_peak': 378.43616616212364, 'pop_sig': 1.4848185854311795, 'fuel_k': 0.01012532972711442, 'fuel_half': 10.132401052608545}. Best is trial 1622 with value: -0.6125870653324885.
[I 2026-08-19 18:04:22,422] Trial 2176 finished with value: 0.5990462165370555 and parameters: {'k1': 0.0047859109073504534, 'D_low': 308.8511324148284, 'k2': 0.0006668492499654219, 'D_high': 144526.89509912656, 'fire_exp': 1.7787036123245903, 'P_half': 87.3819761079677, 'pre_dampen_half': 1.6046896045080903, 'gpp_af': 0.0012360811419980743, 'gpp_b': 2.013084314875755e-05, 'gpp_d': 4.717573453839086, 'ign_k': 0.559450547566151, 'ign_c': 45.3550602444506, 'trop_agb_crit': 2.533690498370678, 'trop_k_veg': 2.0008061422279813, 'pop_amp': 0.6211945950080038, 'pop_peak': 849.1772271162168, 'pop_sig': 1.113515928253109, 'fuel_k': 0.017480605207172026, 'fuel_half': 45.76526946166799}. Best is trial 1622 with value: -0.6125870653324885.
[I 2026-08-19 18:04:24,209] Trial 2177 finished with value: 0.42288191314801205 and parameters: {'k1': 0.006252378374633987, 'D_low': 32.264334330999134, 'k2': 5.199853382221364e-05, 'D_high': 400715.17126070266, 'fire_exp': 3.4843516955990816, 'P_half': 66.32782694298213, 'pre_dampen_half': 614.4386332872232, 'gpp_af': 0.013297737906992598, 'gpp_b': 0.00011081212445298547, 'gpp_d': 34.303906474981105, 'ign_k': 0.09974490717849108, 'ign_c': 0.5937174679031924, 'trop_agb_crit': 14.875315282695489, 'trop_k_veg': 1.328487696332866, 'pop_amp': 0.0010966174394889366, 'pop_peak': 9.432841112148198, 'pop_sig': 0.9950209351109341, 'fuel_k': 0.058244863300426594, 'fuel_half': 32.43699710325829}. Best is trial 1622 with value: -0.6125870653324885.
[I 2026-08-19 18:04:26,060] Trial 2178 finished with value: 0.5799072714266199 and parameters: {'k1': 0.00016655563053926, 'D_low': 37796.80674569046, 'k2': 0.0008621469615566992, 'D_high': 5085701.67553247, 'fire_exp': 1.642064416840545, 'P_half': 429.4787697811302, 'pre_dampen_half': 0.48573731495967165, 'gpp_af': 0.019878064142460912, 'gpp_b': 0.006848405332213255, 'gpp_d': 22.07040247817205, 'ign_k': 0.19353620800982468, 'ign_c': 11.408034514580095, 'trop_agb_crit': 15.143341567762668, 'trop_k_veg': 1.530317000772702, 'pop_amp': 0.04478060938995991, 'pop_peak': 35.159319429752294, 'pop_sig': 1.8522707641557261, 'fuel_k': 0.04292693598281472, 'fuel_half': 12.589286197872877}. Best is trial 1622 with value: -0.6125870653324885.
[I 2026-08-19 18:04:27,835] Trial 2179 finished with value: -0.5924271877413185 and parameters: {'k1': 0.0008020127613138487, 'D_low': 4.462288421404771, 'k2': 0.0004105353628569293, 'D_high': 3245333.541046688, 'fire_exp': 1.4676697207877745, 'P_half': 27.813493840249425, 'pre_dampen_half': 6.683027194923755, 'gpp_af': 0.011259221115915374, 'gpp_b': 0.0013284526981719772, 'gpp_d': 0.46976193953629036, 'ign_k': 1.3006717582574288, 'ign_c': 13.95305452032688, 'trop_agb_crit': 22.87419162372482, 'trop_k_veg': 0.8428882348245151, 'pop_amp': 0.06619960460780229, 'pop_peak': 862.9979712025357, 'pop_sig': 1.0091980026487415, 'fuel_k': 0.010932289993532116, 'fuel_half': 24.40443936223856}. Best is trial 1622 with value: -0.6125870653324885.
[I 2026-08-19 18:04:29,667] Trial 2180 finished with value: 0.6445374145881376 and parameters: {'k1': 0.00046274060882955145, 'D_low': 37042.68796205325, 'k2': 3.396718968280598e-05, 'D_high': 3258275.987987357, 'fire_exp': 2.240089056907481, 'P_half': 180.79121742477236, 'pre_dampen_half': 0.010451838639795409, 'gpp_af': 0.10017742018486506, 'gpp_b': 0.6591439822055872, 'gpp_d': 0.4108558454978932, 'ign_k': 1.017178830651416, 'ign_c': 379.68134659006967, 'trop_agb_crit': 1.7332281988458391, 'trop_k_veg': 0.7159357705635929, 'pop_amp': 13.246040557547651, 'pop_peak': 0.2626193346037263, 'pop_sig': 1.8213395401931909, 'fuel_k': 1.1978397600038155, 'fuel_half': 0.11339747638404979}. Best is trial 1622 with value: -0.6125870653324885.
[I 2026-08-19 18:04:31,517] Trial 2181 finished with value: 0.5518010255458105 and parameters: {'k1': 0.01369276246351606, 'D_low': 8.891317016319766, 'k2': 0.004138078167562296, 'D_high': 31037.130473686473, 'fire_exp': 2.875897360816696, 'P_half': 2.323296919853509, 'pre_dampen_half': 0.0684041195135648, 'gpp_af': 0.0027845236326135983, 'gpp_b': 2.868087914487799e-05, 'gpp_d': 26.85942383026677, 'ign_k': 2.83158048790565, 'ign_c': 11.274851477985512, 'trop_agb_crit': 24.486026805814422, 'trop_k_veg': 4.98950561257458, 'pop_amp': 0.013014543124326674, 'pop_peak': 0.06680618645059172, 'pop_sig': 0.7792067158116925, 'fuel_k': 2.1140730022922747, 'fuel_half': 5.055600379110078}. Best is trial 1622 with value: -0.6125870653324885.
[I 2026-08-19 18:04:33,333] Trial 2182 finished with value: 0.5915394370874809 and parameters: {'k1': 0.0003974971490278276, 'D_low': 6.842307295744413, 'k2': 0.005933511262505696, 'D_high': 93013.37307463402, 'fire_exp': 2.1155185098606366, 'P_half': 24.50560841205728, 'pre_dampen_half': 1.1539875930214332, 'gpp_af': 1.5695147835409555, 'gpp_b': 0.0009447338242918003, 'gpp_d': 0.30073203227125, 'ign_k': 0.04528004821510149, 'ign_c': 6.1855113081490725, 'trop_agb_crit': 10.785867939997562, 'trop_k_veg': 1.0811168449489492, 'pop_amp': 0.19564945270582454, 'pop_peak': 605.5502522897948, 'pop_sig': 1.019466875447842, 'fuel_k': 0.06402119949058266, 'fuel_half': 61.28496590020153}. Best is trial 1622 with value: -0.6125870653324885.
[I 2026-08-19 18:04:35,152] Trial 2183 finished with value: 0.4880299277144071 and parameters: {'k1': 0.0002375421191346992, 'D_low': 1540.1864265553454, 'k2': 0.00012513015536965225, 'D_high': 924221.8868453682, 'fire_exp': 1.9728402472307716, 'P_half': 1.695301452533635, 'pre_dampen_half': 5.221563510164479, 'gpp_af': 0.003771907719981621, 'gpp_b': 0.0009683159307907569, 'gpp_d': 0.06422792331221745, 'ign_k': 0.3887900696546871, 'ign_c': 13.621821559312481, 'trop_agb_crit': 15.954521549672522, 'trop_k_veg': 1.5972475664232555, 'pop_amp': 0.056725596983154984, 'pop_peak': 15.751843123784086, 'pop_sig': 0.5677237417421973, 'fuel_k': 0.018031317472919584, 'fuel_half': 3.227441818978842}. Best is trial 1622 with value: -0.6125870653324885.
[I 2026-08-19 18:04:37,035] Trial 2184 finished with value: 0.5471870050261008 and parameters: {'k1': 0.005039704486282127, 'D_low': 4325.661964549802, 'k2': 4.3751098965658803e-05, 'D_high': 782099.2761966033, 'fire_exp': 2.6811289436616748, 'P_half': 216.70537060021567, 'pre_dampen_half': 0.13827983373408556, 'gpp_af': 0.2167277372384921, 'gpp_b': 1.198470857101924e-05, 'gpp_d': 43.76607961427942, 'ign_k': 9.98133675832911, 'ign_c': 0.5220633507639347, 'trop_agb_crit': 12.946728012870052, 'trop_k_veg': 0.6634333633991145, 'pop_amp': 0.014796235110672, 'pop_peak': 1.204050455085841, 'pop_sig': 0.4575303729468167, 'fuel_k': 0.6487286593536635, 'fuel_half': 14.199238489919699}. Best is trial 1622 with value: -0.6125870653324885.
[I 2026-08-19 18:04:38,858] Trial 2185 finished with value: 0.5757426765635373 and parameters: {'k1': 0.006700347175524931, 'D_low': 4.034334008968161, 'k2': 0.00043463996636277784, 'D_high': 8124726.193503865, 'fire_exp': 1.384774371091158, 'P_half': 3.4569248683610128, 'pre_dampen_half': 0.7264664995129048, 'gpp_af': 0.0017926309225130197, 'gpp_b': 0.004978562276078119, 'gpp_d': 4.1117075666565865, 'ign_k': 0.11345175656086104, 'ign_c': 14.682744480300327, 'trop_agb_crit': 21.711734740916015, 'trop_k_veg': 1.1971330837276306, 'pop_amp': 0.6019578104887683, 'pop_peak': 68.53848485606417, 'pop_sig': 1.1414510112055922, 'fuel_k': 0.014774700446644235, 'fuel_half': 55.16316442104854}. Best is trial 1622 with value: -0.6125870653324885.
  trial 2186/2500  best_overall=0.6126  (66.3 min)
[I 2026-08-19 18:04:41,239] Trial 2186 finished with value: 0.4424605481659747 and parameters: {'k1': 0.00011631499361593448, 'D_low': 19.60910827551616, 'k2': 0.00031407377538237495, 'D_high': 342088.3261728576, 'fire_exp': 1.260707393080538, 'P_half': 11.724067359894114, 'pre_dampen_half': 11.421337643200559, 'gpp_af': 0.08503668947048251, 'gpp_b': 0.0012785212984255134, 'gpp_d': 0.21603699393270168, 'ign_k': 3.6491761568819774, 'ign_c': 11.908491237131354, 'trop_agb_crit': 24.30312721494266, 'trop_k_veg': 0.8829734344525705, 'pop_amp': 1.6434150516579034, 'pop_peak': 763.1068796805437, 'pop_sig': 0.7790379682327031, 'fuel_k': 0.03085860117592924, 'fuel_half': 13.768765140618468}. Best is trial 1622 with value: -0.6125870653324885.
[I 2026-08-19 18:04:43,130] Trial 2187 finished with value: 0.3948680933366001 and parameters: {'k1': 0.00012643556351647382, 'D_low': 2616.4462176821476, 'k2': 0.0038467990761976044, 'D_high': 473811.33817653276, 'fire_exp': 1.4581961896612827, 'P_half': 236.92665821578944, 'pre_dampen_half': 0.659391622620732, 'gpp_af': 0.09443776133258118, 'gpp_b': 5.928479695700801e-05, 'gpp_d': 12.583930379367336, 'ign_k': 3.719527827907276, 'ign_c': 0.177634938037519, 'trop_agb_crit': 6.05671621464307, 'trop_k_veg': 3.315082397939873, 'pop_amp': 0.006205777536142905, 'pop_peak': 15.354301046723084, 'pop_sig': 0.3363064704822139, 'fuel_k': 3.835330335326611, 'fuel_half': 0.2084323633842755}. Best is trial 1622 with value: -0.6125870653324885.
[I 2026-08-19 18:04:45,042] Trial 2188 finished with value: 0.471366951010477 and parameters: {'k1': 0.002222634212294567, 'D_low': 18475.691499359837, 'k2': 0.06878939430837507, 'D_high': 7989543.482262391, 'fire_exp': 1.0616516116796495, 'P_half': 611.8734398351993, 'pre_dampen_half': 0.8553109869608783, 'gpp_af': 0.044088216646012895, 'gpp_b': 0.0003989933742467021, 'gpp_d': 2.1124010781720184, 'ign_k': 1.2420831990685934, 'ign_c': 2.235311757483492, 'trop_agb_crit': 1.680128564046953, 'trop_k_veg': 2.426759440730357, 'pop_amp': 0.015001770934632161, 'pop_peak': 0.22335693652469565, 'pop_sig': 0.36014263742549163, 'fuel_k': 2.458244074939847, 'fuel_half': 0.4043790148002168}. Best is trial 1622 with value: -0.6125870653324885.
[I 2026-08-19 18:04:46,905] Trial 2189 finished with value: 0.6445374145881376 and parameters: {'k1': 0.00024026102662021284, 'D_low': 4.626374721263639, 'k2': 2.90085450718619e-05, 'D_high': 2734184.6938099707, 'fire_exp': 1.0504808450076393, 'P_half': 20.456797212330983, 'pre_dampen_half': 3.172066422710242, 'gpp_af': 0.004643738817585822, 'gpp_b': 0.0018154488638091786, 'gpp_d': 1.1652667714819185, 'ign_k': 0.8436776357111695, 'ign_c': 181.00854087643296, 'trop_agb_crit': 13.642740800803042, 'trop_k_veg': 0.9349181498021505, 'pop_amp': 0.0029874430284135864, 'pop_peak': 207.41555919146126, 'pop_sig': 0.7060492189334998, 'fuel_k': 0.02960841336061972, 'fuel_half': 48.131993533394386}. Best is trial 1622 with value: -0.6125870653324885.
[I 2026-08-19 18:04:48,706] Trial 2190 finished with value: 0.4755203867702503 and parameters: {'k1': 0.00028620136170179664, 'D_low': 9.565627384122568, 'k2': 0.00023519984573215215, 'D_high': 506680.2243974889, 'fire_exp': 1.3055279576995842, 'P_half': 3.0825383917004308, 'pre_dampen_half': 0.2792887957182452, 'gpp_af': 0.0023146382704451757, 'gpp_b': 0.0001301624279515441, 'gpp_d': 0.2334832168723418, 'ign_k': 0.5817678605360647, 'ign_c': 1.652727745407522, 'trop_agb_crit': 20.9534331337987, 'trop_k_veg': 1.5937026876616647, 'pop_amp': 0.01161415797094553, 'pop_peak': 531.1297221417537, 'pop_sig': 0.5266594443775091, 'fuel_k': 0.022328289107650966, 'fuel_half': 35.133089473049296}. Best is trial 1622 with value: -0.6125870653324885.
[I 2026-08-19 18:04:50,535] Trial 2191 finished with value: 0.6445374145881376 and parameters: {'k1': 0.0022913311486355706, 'D_low': 321.40534864235235, 'k2': 2.1594202553658684e-05, 'D_high': 7185799.276561194, 'fire_exp': 3.078606859403503, 'P_half': 26.698889049914513, 'pre_dampen_half': 22.64991352320464, 'gpp_af': 0.006515621174382813, 'gpp_b': 0.000106703407786604, 'gpp_d': 312.9227613131162, 'ign_k': 0.5849533306394996, 'ign_c': 143.09991915383742, 'trop_agb_crit': 25.708371936455954, 'trop_k_veg': 0.8501270772799175, 'pop_amp': 0.0011132191730931977, 'pop_peak': 0.1468622709986078, 'pop_sig': 0.7586797425105077, 'fuel_k': 0.05693078184906287, 'fuel_half': 24.323008019522835}. Best is trial 1622 with value: -0.6125870653324885.
[I 2026-08-19 18:04:52,456] Trial 2192 finished with value: 0.6445374145881376 and parameters: {'k1': 0.011086025319190888, 'D_low': 92.70672407631214, 'k2': 0.0001606948906501866, 'D_high': 400698.57983886724, 'fire_exp': 3.614670897821713, 'P_half': 26.35054474357719, 'pre_dampen_half': 6.006393381528372, 'gpp_af': 0.023483209659674754, 'gpp_b': 0.005124882638100484, 'gpp_d': 4.409485480792139, 'ign_k': 0.5934644867227199, 'ign_c': 93.52694895225174, 'trop_agb_crit': 22.776975143278968, 'trop_k_veg': 2.2247561459718566, 'pop_amp': 0.023445983405201293, 'pop_peak': 8.032814876182089, 'pop_sig': 1.002222272918347, 'fuel_k': 0.09930964140279776, 'fuel_half': 9.642143379747628}. Best is trial 1622 with value: -0.6125870653324885.
[I 2026-08-19 18:04:54,276] Trial 2193 finished with value: 0.5843365148051615 and parameters: {'k1': 2.891025855058923e-05, 'D_low': 1.1878936364948551, 'k2': 0.0001480968935377187, 'D_high': 7684754.036368217, 'fire_exp': 1.0231922653849959, 'P_half': 100.07421704092968, 'pre_dampen_half': 1.0809809735071587, 'gpp_af': 0.0030117475677887114, 'gpp_b': 0.03971180387918144, 'gpp_d': 0.02813838857471039, 'ign_k': 0.38209047471198976, 'ign_c': 0.5192884965644218, 'trop_agb_crit': 18.815825215752294, 'trop_k_veg': 0.8327497327507225, 'pop_amp': 0.0237840668212563, 'pop_peak': 734.7137685016589, 'pop_sig': 0.6931459927325896, 'fuel_k': 0.026950043621269536, 'fuel_half': 2.986670547406502}. Best is trial 1622 with value: -0.6125870653324885.
[I 2026-08-19 18:04:56,063] Trial 2194 finished with value: 0.4208902002719276 and parameters: {'k1': 0.003605846897795179, 'D_low': 2.121052756676488, 'k2': 0.0010437545232449877, 'D_high': 2689500.733954917, 'fire_exp': 1.2955219991250113, 'P_half': 42.61260676603668, 'pre_dampen_half': 4.747600184732578, 'gpp_af': 0.013645388118314495, 'gpp_b': 0.0028885312776100046, 'gpp_d': 0.138528826411127, 'ign_k': 0.6058961058261961, 'ign_c': 8.073236100660104, 'trop_agb_crit': 29.256915095497607, 'trop_k_veg': 1.3241622022617212, 'pop_amp': 0.12635925022895944, 'pop_peak': 635.3363241618638, 'pop_sig': 1.5818585500346485, 'fuel_k': 0.03167577270858799, 'fuel_half': 2.446222175626814}. Best is trial 1622 with value: -0.6125870653324885.
[I 2026-08-19 18:04:57,934] Trial 2195 finished with value: 0.4104694278322272 and parameters: {'k1': 0.00288219332064645, 'D_low': 41.33646635632321, 'k2': 0.0005608267725675225, 'D_high': 412622.25916788034, 'fire_exp': 1.5632565734231438, 'P_half': 29.392199344090688, 'pre_dampen_half': 10.189554877516425, 'gpp_af': 0.006553883062908123, 'gpp_b': 0.0001432576170122473, 'gpp_d': 29.18282180533131, 'ign_k': 1.0956484834976161, 'ign_c': 11.325459145213127, 'trop_agb_crit': 27.888251192758954, 'trop_k_veg': 1.6069309334655417, 'pop_amp': 0.09180293559556048, 'pop_peak': 0.22697475380974694, 'pop_sig': 1.2247158193785421, 'fuel_k': 0.05291754136909491, 'fuel_half': 49.96832600026785}. Best is trial 1622 with value: -0.6125870653324885.
[I 2026-08-19 18:04:59,707] Trial 2196 finished with value: 0.5436238818317269 and parameters: {'k1': 0.0016101072021075709, 'D_low': 7.763336065301075, 'k2': 9.176403962707495e-05, 'D_high': 466031.4422279532, 'fire_exp': 1.0194807663249275, 'P_half': 5604.124797229688, 'pre_dampen_half': 6.750486023805621, 'gpp_af': 0.029836055638274215, 'gpp_b': 0.002079387517833537, 'gpp_d': 0.5101268154383461, 'ign_k': 3.8592898474653086, 'ign_c': 5.8830903540920305, 'trop_agb_crit': 25.995161511480386, 'trop_k_veg': 1.2832703046783764, 'pop_amp': 0.06421063765666606, 'pop_peak': 316.3099717344068, 'pop_sig': 0.5097168069351387, 'fuel_k': 0.012672833078463704, 'fuel_half': 44.24136173072513}. Best is trial 1622 with value: -0.6125870653324885.
  trial 2197/2500  best_overall=0.6126  (66.6 min)
[I 2026-08-19 18:05:02,061] Trial 2197 finished with value: 0.42072882624590646 and parameters: {'k1': 0.004037020958871513, 'D_low': 25.28231420286184, 'k2': 0.00012065759711773519, 'D_high': 190884.84272696666, 'fire_exp': 1.5374914406563271, 'P_half': 5.911462869561619, 'pre_dampen_half': 9.55280007644955, 'gpp_af': 0.006597265124040283, 'gpp_b': 0.0010268987155288864, 'gpp_d': 0.34056898024317656, 'ign_k': 1.7215027971696815, 'ign_c': 11.47661663331077, 'trop_agb_crit': 13.166391272088111, 'trop_k_veg': 1.5033430047979386, 'pop_amp': 0.10955070252765112, 'pop_peak': 186.84988315014095, 'pop_sig': 1.3739119669746735, 'fuel_k': 0.026419570687854277, 'fuel_half': 14.109225851531436}. Best is trial 1622 with value: -0.6125870653324885.
[I 2026-08-19 18:05:03,946] Trial 2198 finished with value: 0.6445374145881376 and parameters: {'k1': 0.0490934671790324, 'D_low': 3238.2341651269094, 'k2': 1.5312888102590117e-05, 'D_high': 3715689.075011988, 'fire_exp': 1.2445748261193506, 'P_half': 26.606696975963857, 'pre_dampen_half': 38.45349418091234, 'gpp_af': 0.05027135365436519, 'gpp_b': 0.00021120960334675926, 'gpp_d': 5.273494031877347, 'ign_k': 3.1565392616750487, 'ign_c': 59.02758499361161, 'trop_agb_crit': 19.647068859111915, 'trop_k_veg': 0.9543414229064099, 'pop_amp': 0.00988594156494823, 'pop_peak': 13.78243767178615, 'pop_sig': 1.195151424486885, 'fuel_k': 0.0625555354447978, 'fuel_half': 2.684330200154981}. Best is trial 1622 with value: -0.6125870653324885.
[I 2026-08-19 18:05:05,758] Trial 2199 finished with value: 0.4204983769990729 and parameters: {'k1': 0.060750686984114975, 'D_low': 5.366589158660582, 'k2': 0.0010160784207455503, 'D_high': 1590418.4162607885, 'fire_exp': 8.956570050011537, 'P_half': 1.2550351549988756, 'pre_dampen_half': 0.6693934340100458, 'gpp_af': 0.09607013548054288, 'gpp_b': 0.00023758327673625647, 'gpp_d': 480.17054495203, 'ign_k': 0.622392674646821, 'ign_c': 0.5202687268183791, 'trop_agb_crit': 23.796482575182072, 'trop_k_veg': 2.802702606655418, 'pop_amp': 0.0015080135614102012, 'pop_peak': 0.367845549824559, 'pop_sig': 0.4272013242682069, 'fuel_k': 3.1185811817756086, 'fuel_half': 0.36386501366693386}. Best is trial 1622 with value: -0.6125870653324885.
[I 2026-08-19 18:05:07,651] Trial 2200 finished with value: 0.6096529729799922 and parameters: {'k1': 0.007770381143322049, 'D_low': 59279.09792461021, 'k2': 0.0009842478236472378, 'D_high': 1230497.8370169993, 'fire_exp': 1.065494316859577, 'P_half': 1008.1506952169166, 'pre_dampen_half': 0.1864130695022755, 'gpp_af': 0.08766633408332244, 'gpp_b': 0.0023707400135471817, 'gpp_d': 67.26273577100288, 'ign_k': 3.8042682752297208, 'ign_c': 13.368451892131082, 'trop_agb_crit': 28.904982443882588, 'trop_k_veg': 0.7172260972568426, 'pop_amp': 0.02046000288925298, 'pop_peak': 17.520379196321958, 'pop_sig': 0.7556937368326457, 'fuel_k': 0.7811293246665523, 'fuel_half': 12.845292986018285}. Best is trial 1622 with value: -0.6125870653324885.
[I 2026-08-19 18:05:09,431] Trial 2201 finished with value: 0.547011273213281 and parameters: {'k1': 0.00012896421320386984, 'D_low': 213.02569083387047, 'k2': 9.307999793528669e-05, 'D_high': 210391.11004471677, 'fire_exp': 1.9447726238011256, 'P_half': 10.630655758358694, 'pre_dampen_half': 0.6017219180379705, 'gpp_af': 0.07529518272545259, 'gpp_b': 6.05808003612603e-05, 'gpp_d': 0.055833010889359894, 'ign_k': 0.6614091788218125, 'ign_c': 22.30064255864913, 'trop_agb_crit': 9.77975818029065, 'trop_k_veg': 1.966286872263601, 'pop_amp': 0.0360109224527775, 'pop_peak': 86.97419650872611, 'pop_sig': 0.5763109692386879, 'fuel_k': 0.05997195662669546, 'fuel_half': 54.9207583629203}. Best is trial 1622 with value: -0.6125870653324885.
[I 2026-08-19 18:05:11,224] Trial 2202 finished with value: 0.4179979775341357 and parameters: {'k1': 0.0775639556170096, 'D_low': 3.32571441369959, 'k2': 0.0017225450425028266, 'D_high': 6115397.208466539, 'fire_exp': 1.1416754114006846, 'P_half': 28.259791721406355, 'pre_dampen_half': 3.481273275520042, 'gpp_af': 0.002996196919548615, 'gpp_b': 1.7699276774816934e-05, 'gpp_d': 15.495868244434329, 'ign_k': 6.221493570463371, 'ign_c': 10.663252430135692, 'trop_agb_crit': 9.212255590531038, 'trop_k_veg': 7.735370265786941, 'pop_amp': 0.6505252194168355, 'pop_peak': 0.052859505922090835, 'pop_sig': 0.3824903605035224, 'fuel_k': 4.938872260851057, 'fuel_half': 30.199023276010912}. Best is trial 1622 with value: -0.6125870653324885.
