[I 2026-08-20 00:51:21,148] Trial 1613 finished with value: 0.6445374145881376 and parameters: {'k1': 0.014614959393341906, 'D_low': 1907.4377259359949, 'k2': 4.29783889140844e-05, 'D_high': 1201.1213032535547, 'fire_exp': 2.7561736693025427, 'P_half': 7.080623799956682, 'pre_dampen_half': 11.810917535929818, 'gpp_af': 0.007548543330098522, 'gpp_b': 3.5025060066646008, 'gpp_d': 926.7610170109624, 'ign_k': 0.014423994905334466, 'ign_c': 0.41836356952500436, 'trop_agb_crit': 1.6283501253150916, 'trop_k_veg': 2.106254985941073}. Best is trial 1285 with value: -0.6015874360929447.
[I 2026-08-20 00:51:22,902] Trial 1614 finished with value: -0.5266349319788723 and parameters: {'k1': 0.0003329932187688704, 'D_low': 12513.619329079393, 'k2': 0.09802134999780206, 'D_high': 138548.67206065208, 'fire_exp': 2.094617369559448, 'P_half': 70.1409450110407, 'pre_dampen_half': 348.3503227287655, 'gpp_af': 5.323576526324343, 'gpp_b': 0.0018458101110897392, 'gpp_d': 120.24216399278241, 'ign_k': 0.05215232605974331, 'ign_c': 1.1170097957047436, 'trop_agb_crit': 15.261838156689935, 'trop_k_veg': 2.542962798584571}. Best is trial 1285 with value: -0.6015874360929447.
[I 2026-08-20 00:51:24,271] Trial 1615 finished with value: -0.5340855611117687 and parameters: {'k1': 0.008596378345473353, 'D_low': 418.0121883291987, 'k2': 1.6183343384044046e-05, 'D_high': 683282.0483419788, 'fire_exp': 4.792885304486491, 'P_half': 172.50644016993516, 'pre_dampen_half': 731.4544797101943, 'gpp_af': 39.48249976935485, 'gpp_b': 0.0001180137978027592, 'gpp_d': 298.2731180659307, 'ign_k': 0.45313875146059335, 'ign_c': 15.88237771363014, 'trop_agb_crit': 19.019446996123712, 'trop_k_veg': 1.3048989828060984}. Best is trial 1285 with value: -0.6015874360929447.
[I 2026-08-20 00:51:25,731] Trial 1616 finished with value: 0.6445374145881376 and parameters: {'k1': 1.022451663635411e-05, 'D_low': 43955.3720722312, 'k2': 0.00013460946366042703, 'D_high': 199.46802478846772, 'fire_exp': 1.9840085399753342, 'P_half': 347.5547831344114, 'pre_dampen_half': 0.12496216691809099, 'gpp_af': 4.278086169206508, 'gpp_b': 5.8759079808132946e-05, 'gpp_d': 0.01598700362143132, 'ign_k': 0.046953333999580564, 'ign_c': 157.04035774253708, 'trop_agb_crit': 12.745935306240781, 'trop_k_veg': 1.5364561562592012}. Best is trial 1285 with value: -0.6015874360929447.
[I 2026-08-20 00:51:27,201] Trial 1617 finished with value: 0.6445374145881376 and parameters: {'k1': 0.001000899523479063, 'D_low': 2712.7483624757374, 'k2': 0.00033235586285361885, 'D_high': 1275401.6610201963, 'fire_exp': 6.691877659409165, 'P_half': 4369.832843344493, 'pre_dampen_half': 0.6144491192216375, 'gpp_af': 0.0036520172015937357, 'gpp_b': 0.057918703463521036, 'gpp_d': 0.3031947488703524, 'ign_k': 1.4348287750381994, 'ign_c': 894.1873011916703, 'trop_agb_crit': 2.7819669403889304, 'trop_k_veg': 6.805947481586523}. Best is trial 1285 with value: -0.6015874360929447.
[I 2026-08-20 00:51:28,599] Trial 1618 finished with value: 0.49203169872915375 and parameters: {'k1': 0.0007639912005969793, 'D_low': 85.74733286744596, 'k2': 0.000396569989028099, 'D_high': 6124645.578133023, 'fire_exp': 1.8474966057233027, 'P_half': 21.565731509358532, 'pre_dampen_half': 60.816286042042364, 'gpp_af': 6.85200635001432, 'gpp_b': 3.396611330396587e-05, 'gpp_d': 306.8890832755293, 'ign_k': 1.5557929152144663, 'ign_c': 1.7441630074714654, 'trop_agb_crit': 4.736852794166641, 'trop_k_veg': 3.8477064990658074}. Best is trial 1285 with value: -0.6015874360929447.
[I 2026-08-20 00:51:30,002] Trial 1619 finished with value: 0.6445374145881376 and parameters: {'k1': 1.3632779804245143e-05, 'D_low': 2.0633032058361525, 'k2': 0.07045702221765694, 'D_high': 39.74952081888623, 'fire_exp': 4.432402546019076, 'P_half': 2598.4750583400073, 'pre_dampen_half': 0.07231858503868134, 'gpp_af': 0.42089745029310577, 'gpp_b': 0.00022254953045831966, 'gpp_d': 2.835871281723096, 'ign_k': 0.0015685538396041335, 'ign_c': 483.294137582055, 'trop_agb_crit': 4.85405359731556, 'trop_k_veg': 3.8012644997673375}. Best is trial 1285 with value: -0.6015874360929447.
[I 2026-08-20 00:51:31,364] Trial 1620 finished with value: 0.4286765481668302 and parameters: {'k1': 5.316101359656878e-05, 'D_low': 284.58228502238546, 'k2': 0.0009083322242506431, 'D_high': 351259.1475083674, 'fire_exp': 3.5848743058703723, 'P_half': 1.8190269798391967, 'pre_dampen_half': 119.34825856713051, 'gpp_af': 0.09903790962556891, 'gpp_b': 9.885938324474557e-05, 'gpp_d': 2.725178056058221, 'ign_k': 0.36059525046586116, 'ign_c': 5.57761558664543, 'trop_agb_crit': 16.113519776434924, 'trop_k_veg': 1.1854015559293978}. Best is trial 1285 with value: -0.6015874360929447.
[I 2026-08-20 00:51:32,827] Trial 1621 finished with value: 0.6445374145881376 and parameters: {'k1': 1.993694110193966e-05, 'D_low': 183452.41608327342, 'k2': 0.0002611130867793708, 'D_high': 51.456334580833726, 'fire_exp': 5.0841215504166195, 'P_half': 1.9082394720584217, 'pre_dampen_half': 0.030440824415088982, 'gpp_af': 0.001302512256913012, 'gpp_b': 0.007657062263647055, 'gpp_d': 0.3197207248852778, 'ign_k': 0.01820107261036471, 'ign_c': 236.48248682649816, 'trop_agb_crit': 8.642431828924806, 'trop_k_veg': 0.6246483948765422}. Best is trial 1285 with value: -0.6015874360929447.
[I 2026-08-20 00:51:34,182] Trial 1622 finished with value: 0.5070868390210502 and parameters: {'k1': 0.0005586220187085676, 'D_low': 733.1255122395836, 'k2': 0.09474305466727738, 'D_high': 983899.1674504908, 'fire_exp': 2.067981354190791, 'P_half': 5.705825700044454, 'pre_dampen_half': 5.179996632215676, 'gpp_af': 0.03447160743270736, 'gpp_b': 0.008610629728110662, 'gpp_d': 72.15578582832651, 'ign_k': 0.06815038487699054, 'ign_c': 0.24084042242586354, 'trop_agb_crit': 7.884051542305269, 'trop_k_veg': 2.9450064118075807}. Best is trial 1285 with value: -0.6015874360929447.
[I 2026-08-20 00:51:35,657] Trial 1623 finished with value: 0.6020845040372009 and parameters: {'k1': 0.002595868258468815, 'D_low': 7041.576693419267, 'k2': 0.02536407543108907, 'D_high': 15193.908926706645, 'fire_exp': 4.913026009832157, 'P_half': 60.866962713507654, 'pre_dampen_half': 16.31134830036373, 'gpp_af': 3.771797920025474, 'gpp_b': 0.0012371403731138303, 'gpp_d': 2.355505910642201, 'ign_k': 0.10966988343917716, 'ign_c': 0.6159454569514329, 'trop_agb_crit': 23.476609948971422, 'trop_k_veg': 3.5369098786234354}. Best is trial 1285 with value: -0.6015874360929447.
[I 2026-08-20 00:51:37,079] Trial 1624 finished with value: 0.6225885237294959 and parameters: {'k1': 0.0005875917574636147, 'D_low': 115161.65377861832, 'k2': 0.0020092561822488684, 'D_high': 6449550.9320162935, 'fire_exp': 2.5889038336753005, 'P_half': 28.586162617156425, 'pre_dampen_half': 1.9328631711022237, 'gpp_af': 0.041894041526447295, 'gpp_b': 0.00047949950010432144, 'gpp_d': 27.907032308266224, 'ign_k': 2.7755463589254443, 'ign_c': 0.42519067520447107, 'trop_agb_crit': 5.673681534045454, 'trop_k_veg': 0.6167687550831649}. Best is trial 1285 with value: -0.6015874360929447.
[I 2026-08-20 00:51:38,465] Trial 1625 finished with value: 0.4231214389674036 and parameters: {'k1': 0.00011990307716596454, 'D_low': 105.27679252546493, 'k2': 0.00016685446670249588, 'D_high': 943496.6906541464, 'fire_exp': 1.990199790860999, 'P_half': 3.845995421250997, 'pre_dampen_half': 1.8049667766840682, 'gpp_af': 8.600381009021952, 'gpp_b': 0.0033308163512168645, 'gpp_d': 832.6665515869391, 'ign_k': 0.5358596201436463, 'ign_c': 0.1471834098864243, 'trop_agb_crit': 15.869828527601932, 'trop_k_veg': 1.4360724420853064}. Best is trial 1285 with value: -0.6015874360929447.
[I 2026-08-20 00:51:39,868] Trial 1626 finished with value: -0.5765934277734913 and parameters: {'k1': 0.000902575039654632, 'D_low': 6.449599657471407, 'k2': 0.02485635787318362, 'D_high': 3495957.952069201, 'fire_exp': 2.425219586321645, 'P_half': 256.86991899472326, 'pre_dampen_half': 21.853169020052437, 'gpp_af': 2.052274789430991, 'gpp_b': 0.007096690190457137, 'gpp_d': 57.014566994887105, 'ign_k': 0.17165180059668558, 'ign_c': 7.463330987679883, 'trop_agb_crit': 15.109952971109932, 'trop_k_veg': 1.891726600245139}. Best is trial 1285 with value: -0.6015874360929447.
[I 2026-08-20 00:51:41,242] Trial 1627 finished with value: 0.48888474931653003 and parameters: {'k1': 0.007922327236879781, 'D_low': 1.6471060425572899, 'k2': 0.001370681394942266, 'D_high': 1496667.184930391, 'fire_exp': 5.947077758513156, 'P_half': 1.418557863477187, 'pre_dampen_half': 0.585806886686939, 'gpp_af': 50.27549450404369, 'gpp_b': 0.010986209361739987, 'gpp_d': 198.6461656688013, 'ign_k': 8.133227061195631, 'ign_c': 9.728912853909403, 'trop_agb_crit': 14.40116911958979, 'trop_k_veg': 2.2040126515084575}. Best is trial 1285 with value: -0.6015874360929447.
[I 2026-08-20 00:51:42,665] Trial 1628 finished with value: 0.6445374145881376 and parameters: {'k1': 0.001130962109822408, 'D_low': 51559.1369658797, 'k2': 0.015812324177430122, 'D_high': 163630.48711117875, 'fire_exp': 3.919907807744212, 'P_half': 10.610963015179275, 'pre_dampen_half': 0.012831199564814518, 'gpp_af': 0.02617445884037034, 'gpp_b': 2.092596562406477, 'gpp_d': 279.57262341284604, 'ign_k': 0.0015056738820770292, 'ign_c': 2.4617753260585395, 'trop_agb_crit': 18.440022012026667, 'trop_k_veg': 0.7820915506145144}. Best is trial 1285 with value: -0.6015874360929447.
[I 2026-08-20 00:51:44,432] Trial 1629 finished with value: 0.44914787339826356 and parameters: {'k1': 7.177669819466734e-05, 'D_low': 8997.515555985232, 'k2': 0.022397251541085354, 'D_high': 2920005.599975715, 'fire_exp': 1.54691065657993, 'P_half': 9.01820456369732, 'pre_dampen_half': 570.4500111927543, 'gpp_af': 0.20088310981614305, 'gpp_b': 0.021143556935809313, 'gpp_d': 584.5185292330174, 'ign_k': 0.11480053436419715, 'ign_c': 0.16504960194354945, 'trop_agb_crit': 23.393523752270145, 'trop_k_veg': 5.965668920483951}. Best is trial 1285 with value: -0.6015874360929447.
[I 2026-08-20 00:51:45,828] Trial 1630 finished with value: 0.6336537864890446 and parameters: {'k1': 0.002751303515107606, 'D_low': 2.7254760570796615, 'k2': 0.0012581548667066034, 'D_high': 13.438255230473759, 'fire_exp': 1.5211308092791231, 'P_half': 6.758571838476775, 'pre_dampen_half': 42.0214883588765, 'gpp_af': 1.0186925869340466, 'gpp_b': 0.011998778173608057, 'gpp_d': 0.37217928190399774, 'ign_k': 7.884908058644517, 'ign_c': 0.34206412765732125, 'trop_agb_crit': 1.6588270893819035, 'trop_k_veg': 5.110831203433978}. Best is trial 1285 with value: -0.6015874360929447.
[I 2026-08-20 00:51:47,246] Trial 1631 finished with value: 0.6101798165030974 and parameters: {'k1': 0.0054127740048870495, 'D_low': 40553.795359782045, 'k2': 0.09374725736996298, 'D_high': 8532275.436171643, 'fire_exp': 1.9834425110854237, 'P_half': 3210.151922821648, 'pre_dampen_half': 0.02431096330581437, 'gpp_af': 7.329310647384683, 'gpp_b': 0.03154038153482296, 'gpp_d': 77.11296281412041, 'ign_k': 0.00229035024498773, 'ign_c': 0.16415404060492753, 'trop_agb_crit': 3.1255738306466485, 'trop_k_veg': 2.4225423930693433}. Best is trial 1285 with value: -0.6015874360929447.
[I 2026-08-20 00:51:48,753] Trial 1632 finished with value: 0.6445374145881376 and parameters: {'k1': 0.00032622707417277427, 'D_low': 4613.326174670208, 'k2': 0.00011758154749695025, 'D_high': 317.5362012904212, 'fire_exp': 2.115205943353574, 'P_half': 1.4885237217051872, 'pre_dampen_half': 515.3827241690096, 'gpp_af': 0.19021978261655942, 'gpp_b': 0.0750277266432114, 'gpp_d': 0.04923385887676409, 'ign_k': 0.09036876394049964, 'ign_c': 387.75918349265584, 'trop_agb_crit': 2.407288115828685, 'trop_k_veg': 0.9900271202189198}. Best is trial 1285 with value: -0.6015874360929447.
[I 2026-08-20 00:51:50,120] Trial 1633 finished with value: 0.5851392286976745 and parameters: {'k1': 6.351118659646743e-05, 'D_low': 33954.22651980538, 'k2': 0.03946226371284715, 'D_high': 5270998.743312068, 'fire_exp': 1.3718988461436432, 'P_half': 7.173525290378327, 'pre_dampen_half': 2.076196339189087, 'gpp_af': 0.026045630133231006, 'gpp_b': 0.27055116137744556, 'gpp_d': 1.6776635364328463, 'ign_k': 0.09915360737193155, 'ign_c': 0.10573573101722529, 'trop_agb_crit': 16.9566784750689, 'trop_k_veg': 3.643568075809154}. Best is trial 1285 with value: -0.6015874360929447.
[I 2026-08-20 00:51:51,499] Trial 1634 finished with value: 0.44486597313087706 and parameters: {'k1': 0.00031517707641261244, 'D_low': 4.81959379320773, 'k2': 0.0006564669180988172, 'D_high': 1097182.2628896255, 'fire_exp': 2.3087664339112726, 'P_half': 7.154879314217502, 'pre_dampen_half': 12.033849287320328, 'gpp_af': 4.23083501954789, 'gpp_b': 0.0015741020595220424, 'gpp_d': 255.65812805648272, 'ign_k': 1.8438683758373842, 'ign_c': 0.8445656174430931, 'trop_agb_crit': 1.187777727193492, 'trop_k_veg': 3.043184680646447}. Best is trial 1285 with value: -0.6015874360929447.
[I 2026-08-20 00:51:52,867] Trial 1635 finished with value: 0.5414890149888058 and parameters: {'k1': 0.0004013098492810149, 'D_low': 1.6758476499116832, 'k2': 2.1384204912569105e-05, 'D_high': 15541.545631046398, 'fire_exp': 1.142001941027383, 'P_half': 365.34270676736645, 'pre_dampen_half': 1.9960767459159983, 'gpp_af': 0.005788937821573209, 'gpp_b': 2.4437914119998348e-05, 'gpp_d': 150.86806728566398, 'ign_k': 2.385675546788536, 'ign_c': 3.8244218731278736, 'trop_agb_crit': 3.929627383202781, 'trop_k_veg': 4.920442862801047}. Best is trial 1285 with value: -0.6015874360929447.
[I 2026-08-20 00:51:54,234] Trial 1636 finished with value: 0.5447095169885119 and parameters: {'k1': 0.00015692586277382846, 'D_low': 78402.27434415196, 'k2': 0.0049484824750567705, 'D_high': 233022.27010846147, 'fire_exp': 1.8499078853930941, 'P_half': 1.2330164022951084, 'pre_dampen_half': 12.556439115361298, 'gpp_af': 0.01936444939365483, 'gpp_b': 4.867538806645782e-05, 'gpp_d': 203.60878979465744, 'ign_k': 5.252033736270511, 'ign_c': 1.4072805738028424, 'trop_agb_crit': 19.771338776121965, 'trop_k_veg': 0.6798272268981664}. Best is trial 1285 with value: -0.6015874360929447.
[I 2026-08-20 00:51:55,646] Trial 1637 finished with value: 0.6445374145881376 and parameters: {'k1': 3.6885950819747226e-05, 'D_low': 14363.453942887858, 'k2': 0.003061018439092887, 'D_high': 3067756.1473665736, 'fire_exp': 3.795324814511509, 'P_half': 4.6941887496361385, 'pre_dampen_half': 0.8794040954924978, 'gpp_af': 0.025413630949121347, 'gpp_b': 0.0005236537102309151, 'gpp_d': 12.56769345365928, 'ign_k': 0.2515108349848718, 'ign_c': 72.93421703853336, 'trop_agb_crit': 10.694469022421336, 'trop_k_veg': 0.9507655740566968}. Best is trial 1285 with value: -0.6015874360929447.
[I 2026-08-20 00:51:57,100] Trial 1638 finished with value: 0.6513783193253921 and parameters: {'k1': 0.004335555010917383, 'D_low': 20.359623931601508, 'k2': 0.0008826038259735413, 'D_high': 6849258.8827438075, 'fire_exp': 3.857577869151627, 'P_half': 8.431002199775168, 'pre_dampen_half': 34.005804684335864, 'gpp_af': 2.890954236075, 'gpp_b': 0.0730846464633455, 'gpp_d': 100.32532475344863, 'ign_k': 2.2374449021680953, 'ign_c': 34.92901410037539, 'trop_agb_crit': 6.114948118981002, 'trop_k_veg': 4.0535738401892765}. Best is trial 1285 with value: -0.6015874360929447.
[I 2026-08-20 00:51:58,465] Trial 1639 finished with value: 0.47002051428335245 and parameters: {'k1': 0.002594682740696783, 'D_low': 44.16691489143697, 'k2': 0.0003539759463935835, 'D_high': 9042554.333115958, 'fire_exp': 3.852102946163014, 'P_half': 1.462376811981269, 'pre_dampen_half': 1.085860018662552, 'gpp_af': 0.5281857634710173, 'gpp_b': 2.192932432853546e-05, 'gpp_d': 1.8532356561171892, 'ign_k': 0.14977159991850303, 'ign_c': 5.449591355685205, 'trop_agb_crit': 27.171052806206372, 'trop_k_veg': 4.798136517176759}. Best is trial 1285 with value: -0.6015874360929447.
[I 2026-08-20 00:51:59,996] Trial 1640 finished with value: 0.6445374145881376 and parameters: {'k1': 2.197890308784926e-05, 'D_low': 1474.9876457054604, 'k2': 0.0001368901645441664, 'D_high': 158654.19886050897, 'fire_exp': 1.6273064479142945, 'P_half': 42.41934798952632, 'pre_dampen_half': 49.32359240156449, 'gpp_af': 0.1579826134309133, 'gpp_b': 4.353954181613473e-05, 'gpp_d': 25.095053234716577, 'ign_k': 1.9028715521848116, 'ign_c': 89.9462447866388, 'trop_agb_crit': 7.40073893930478, 'trop_k_veg': 0.6781218253713875}. Best is trial 1285 with value: -0.6015874360929447.
[I 2026-08-20 00:52:01,491] Trial 1641 finished with value: -0.43113834987013 and parameters: {'k1': 0.000993606230696996, 'D_low': 87.18516796363272, 'k2': 0.041716687359011836, 'D_high': 2827.012636507958, 'fire_exp': 2.0054108894749474, 'P_half': 3.4968767869246444, 'pre_dampen_half': 15.161098322043083, 'gpp_af': 0.3933916982922816, 'gpp_b': 0.0005093879384126942, 'gpp_d': 345.00782831197085, 'ign_k': 0.23191850594974656, 'ign_c': 0.37493920303349965, 'trop_agb_crit': 22.74508708372841, 'trop_k_veg': 4.000682616314281}. Best is trial 1285 with value: -0.6015874360929447.
[I 2026-08-20 00:52:03,003] Trial 1642 finished with value: 0.6445374145881376 and parameters: {'k1': 0.0044468641894282275, 'D_low': 1.9029440443860859, 'k2': 0.00010245507751683696, 'D_high': 108574.6315856019, 'fire_exp': 2.6666404218623634, 'P_half': 303.550922886464, 'pre_dampen_half': 362.69988735639, 'gpp_af': 0.003153317791502569, 'gpp_b': 7.136198998860018e-05, 'gpp_d': 9.604332239005736, 'ign_k': 0.1355378129924755, 'ign_c': 336.5684082148584, 'trop_agb_crit': 18.212868019776398, 'trop_k_veg': 0.5985949124756779}. Best is trial 1285 with value: -0.6015874360929447.
[I 2026-08-20 00:52:04,402] Trial 1643 finished with value: 0.5743079034965513 and parameters: {'k1': 0.0006139235769501574, 'D_low': 17477.38928926073, 'k2': 0.00014354380619469734, 'D_high': 508950.20085499657, 'fire_exp': 2.4639972085282444, 'P_half': 131.73333268969643, 'pre_dampen_half': 18.303911839558523, 'gpp_af': 0.11729478733421787, 'gpp_b': 1.1723756930539954e-05, 'gpp_d': 47.64431290036198, 'ign_k': 0.012684454103865827, 'ign_c': 0.8842247145576471, 'trop_agb_crit': 6.800784887995591, 'trop_k_veg': 6.70062334928245}. Best is trial 1285 with value: -0.6015874360929447.
[I 2026-08-20 00:52:06,177] Trial 1644 finished with value: 0.6409007159017899 and parameters: {'k1': 0.00444541714331939, 'D_low': 232.3734724768829, 'k2': 0.0007013466317674337, 'D_high': 464.3614846209398, 'fire_exp': 1.9250389784130493, 'P_half': 990.33813084093, 'pre_dampen_half': 0.40865451761038224, 'gpp_af': 1.9726100908336124, 'gpp_b': 0.1007913896739659, 'gpp_d': 0.031481860450759035, 'ign_k': 0.8402080609332468, 'ign_c': 5.17890764764773, 'trop_agb_crit': 8.008808098511022, 'trop_k_veg': 1.4627149052204165}. Best is trial 1285 with value: -0.6015874360929447.
[I 2026-08-20 00:52:07,584] Trial 1645 finished with value: 0.6002994582636779 and parameters: {'k1': 0.06177723458716103, 'D_low': 4.6048914363867395, 'k2': 2.739466098341874e-05, 'D_high': 464414.65100462054, 'fire_exp': 7.772894112204062, 'P_half': 18.41312101069843, 'pre_dampen_half': 37.08235742138973, 'gpp_af': 10.886183749332048, 'gpp_b': 0.0002925903044941049, 'gpp_d': 138.78971182651497, 'ign_k': 0.025041131237161583, 'ign_c': 61.639315190347, 'trop_agb_crit': 3.25531822571874, 'trop_k_veg': 4.032465716387896}. Best is trial 1285 with value: -0.6015874360929447.
[I 2026-08-20 00:52:09,012] Trial 1646 finished with value: 0.6432914279967324 and parameters: {'k1': 0.003415658472376019, 'D_low': 107.71114488363924, 'k2': 0.0001715317722891611, 'D_high': 4030.289474576453, 'fire_exp': 1.9797060322460311, 'P_half': 87.78380759113138, 'pre_dampen_half': 0.060772363676800535, 'gpp_af': 30.91349221822494, 'gpp_b': 8.275342712556867, 'gpp_d': 0.38364710723736384, 'ign_k': 0.0032375110685285654, 'ign_c': 0.32735858080029684, 'trop_agb_crit': 19.409415585538643, 'trop_k_veg': 2.895082438055877}. Best is trial 1285 with value: -0.6015874360929447.
[I 2026-08-20 00:52:10,393] Trial 1647 finished with value: 0.49250256947654203 and parameters: {'k1': 0.0001504909844495398, 'D_low': 3.1584298113537903, 'k2': 4.3493123493246586e-05, 'D_high': 238277.12247451537, 'fire_exp': 1.0914733831780772, 'P_half': 699.6801691509452, 'pre_dampen_half': 0.8016304861034339, 'gpp_af': 0.0318993207365788, 'gpp_b': 8.681780194117482e-05, 'gpp_d': 558.9127309882754, 'ign_k': 0.29462468926231594, 'ign_c': 6.217307079742964, 'trop_agb_crit': 7.325284805044444, 'trop_k_veg': 2.576916462326473}. Best is trial 1285 with value: -0.6015874360929447.
[I 2026-08-20 00:52:11,840] Trial 1648 finished with value: 0.6334381146847547 and parameters: {'k1': 0.004652916111039051, 'D_low': 7146.313322674091, 'k2': 1.3403159186519228e-05, 'D_high': 185.46874700284286, 'fire_exp': 4.43460368325516, 'P_half': 52.14220444707571, 'pre_dampen_half': 0.026611031648235174, 'gpp_af': 22.1524082160364, 'gpp_b': 0.1487532363752272, 'gpp_d': 5.337171843204672, 'ign_k': 0.010565545363505308, 'ign_c': 1.404469713263206, 'trop_agb_crit': 4.792378616702883, 'trop_k_veg': 0.9219202299703317}. Best is trial 1285 with value: -0.6015874360929447.
[I 2026-08-20 00:52:13,241] Trial 1649 finished with value: 0.5497671379582715 and parameters: {'k1': 4.6392593517893265e-05, 'D_low': 2775.8678444262555, 'k2': 0.0012661367169756318, 'D_high': 77460.31442443818, 'fire_exp': 2.4704415866599625, 'P_half': 1.2958124654056082, 'pre_dampen_half': 3.261163005835079, 'gpp_af': 0.004214309035818514, 'gpp_b': 0.00015307940909224524, 'gpp_d': 10.111524060666385, 'ign_k': 0.2278264425894896, 'ign_c': 5.8597705309006916, 'trop_agb_crit': 11.239626886081698, 'trop_k_veg': 0.6385460023466124}. Best is trial 1285 with value: -0.6015874360929447.
