[I 2026-06-09 12:07:02,647] Trial 312 finished with values: [10.6339430195703, 10.6339430195703] and parameters: {'k1': 0.0019339745640818936, 'D_low': 3.296550135838091, 'k2': 0.011966626407443505, 'D_high': 39655.03094323017, 'fire_exp': 2.0859967986741856, 'P_half': 108.21382910613987, 'pre_dampen_half': 1.241231030920016, 'gpp_af': 2.831223426520226, 'gpp_b': 1.7213644875359617e-05, 'gpp_d': 500.2195003344709, 'ign_k': 0.32478918389192313, 'ign_c': 2.063755204395021, 'trop_agb_crit': 2.679156169946616, 'trop_k_veg': 1.8981057964668895}.
[I 2026-06-09 12:07:04,354] Trial 313 finished with values: [10.537671266202317, 10.537671266202317] and parameters: {'k1': 0.015161591075671724, 'D_low': 1.533916259116362, 'k2': 0.0005700142105246941, 'D_high': 69868.4759244566, 'fire_exp': 1.060109541566103, 'P_half': 818.2111518618419, 'pre_dampen_half': 673.2248920775328, 'gpp_af': 96.4653310890222, 'gpp_b': 2.150247637695039, 'gpp_d': 26.003623362924223, 'ign_k': 0.0018548376790967168, 'ign_c': 5.762487216478598, 'trop_agb_crit': 25.799609949079393, 'trop_k_veg': 5.06204715641377}.
[I 2026-06-09 12:07:05,993] Trial 314 finished with values: [10.892857142659844, 10.892857142659844] and parameters: {'k1': 1.263794633808287e-05, 'D_low': 2.3244932709566686, 'k2': 1.3357240411974104e-05, 'D_high': 39655.03094323017, 'fire_exp': 7.27993693774858, 'P_half': 108.21382910613987, 'pre_dampen_half': 345.01054536130147, 'gpp_af': 0.32613327839065587, 'gpp_b': 0.00011277885258222645, 'gpp_d': 26.003623362924223, 'ign_k': 0.0019264360371306567, 'ign_c': 173.0072483865435, 'trop_agb_crit': 2.679156169946616, 'trop_k_veg': 0.8280056526977017}.
[I 2026-06-09 12:07:07,642] Trial 315 finished with values: [10.83854098862411, 10.83854098862411] and parameters: {'k1': 0.00024287565087611777, 'D_low': 1.533916259116362, 'k2': 0.037633129263701104, 'D_high': 4177.995063991522, 'fire_exp': 2.10707132280748, 'P_half': 64.52946500764233, 'pre_dampen_half': 566.2858823465564, 'gpp_af': 0.007619648413221235, 'gpp_b': 0.020190367486988985, 'gpp_d': 0.0735311909944862, 'ign_k': 7.660074273652684, 'ign_c': 0.20319809838424974, 'trop_agb_crit': 1.5144860262751405, 'trop_k_veg': 0.6363741063482814}.
[I 2026-06-09 12:07:09,353] Trial 316 finished with values: [10.161377105596062, 10.161377105596062] and parameters: {'k1': 1.263794633808287e-05, 'D_low': 12.115155843077673, 'k2': 0.002148652800991412, 'D_high': 41821.78526757458, 'fire_exp': 1.14171776851287, 'P_half': 108.21382910613987, 'pre_dampen_half': 673.2248920775328, 'gpp_af': 0.0012334147231672942, 'gpp_b': 0.0028993292583566945, 'gpp_d': 0.2473046721099913, 'ign_k': 0.5456725485601477, 'ign_c': 0.20319809838424974, 'trop_agb_crit': 19.51558406059598, 'trop_k_veg': 0.6618107836658104}.
[I 2026-06-09 12:07:11,079] Trial 317 finished with values: [10.748006713712531, 10.748006713712531] and parameters: {'k1': 0.007519407491506672, 'D_low': 2.2636544662054536, 'k2': 0.0005700142105246941, 'D_high': 69868.4759244566, 'fire_exp': 1.608176525358426, 'P_half': 17.655835392092534, 'pre_dampen_half': 345.01054536130147, 'gpp_af': 0.11022143612695982, 'gpp_b': 0.0006724850206557243, 'gpp_d': 99.3234953243749, 'ign_k': 0.030956657914928524, 'ign_c': 1.0939944910100017, 'trop_agb_crit': 2.679156169946616, 'trop_k_veg': 3.6260119779455584}.
[I 2026-06-09 12:07:12,854] Trial 318 finished with values: [10.445480742718209, 10.445480742718209] and parameters: {'k1': 2.0937989739527727e-05, 'D_low': 102.53722513378383, 'k2': 4.540076719227351e-05, 'D_high': 18125.870836716233, 'fire_exp': 1.608176525358426, 'P_half': 149.35213816355395, 'pre_dampen_half': 340.6909167027263, 'gpp_af': 1.3218737536384089, 'gpp_b': 4.886759303288982e-05, 'gpp_d': 500.2195003344709, 'ign_k': 0.014273228319112995, 'ign_c': 2.1858605829601814, 'trop_agb_crit': 19.51558406059598, 'trop_k_veg': 1.8981057964668895}.
[I 2026-06-09 12:07:14,582] Trial 319 finished with values: [10.56559289324683, 10.56559289324683] and parameters: {'k1': 0.07076022085822008, 'D_low': 1.533916259116362, 'k2': 0.06994589881535453, 'D_high': 159.77662354833882, 'fire_exp': 1.4848387260494937, 'P_half': 64.52946500764233, 'pre_dampen_half': 41.409555474790004, 'gpp_af': 0.516681811478353, 'gpp_b': 0.17117921683384604, 'gpp_d': 26.003623362924223, 'ign_k': 5.023348046919798, 'ign_c': 5.762487216478598, 'trop_agb_crit': 5.400930490489831, 'trop_k_veg': 1.942360571179168}.
[I 2026-06-09 12:07:16,142] Trial 320 finished with values: [10.457143237058043, 10.457143237058043] and parameters: {'k1': 0.00024287565087611777, 'D_low': 4303.306161410612, 'k2': 0.037633129263701104, 'D_high': 49840.77439553209, 'fire_exp': 1.4081947723562425, 'P_half': 108.21382910613987, 'pre_dampen_half': 566.2858823465564, 'gpp_af': 0.017638479543546873, 'gpp_b': 2.036444166653217e-05, 'gpp_d': 0.0735311909944862, 'ign_k': 0.002109525908590576, 'ign_c': 21.132597710340573, 'trop_agb_crit': 2.679156169946616, 'trop_k_veg': 1.8981057964668895}.
[I 2026-06-09 12:07:17,534] Trial 321 finished with values: [-0.5221015902893739, 0.245103550781971] and parameters: {'k1': 5.105542986365652e-05, 'D_low': 125.32726386250698, 'k2': 8.488887549001697e-05, 'D_high': 39655.03094323017, 'fire_exp': 1.608176525358426, 'P_half': 28.647019533509873, 'pre_dampen_half': 673.2248920775328, 'gpp_af': 21.258647437649888, 'gpp_b': 1.7213644875359617e-05, 'gpp_d': 500.2195003344709, 'ign_k': 0.3242143344038317, 'ign_c': 18.43395662181926, 'trop_agb_crit': 1.5144860262751405, 'trop_k_veg': 4.8737397608275925}.
[I 2026-06-09 12:07:18,993] Trial 322 finished with values: [10.455517458731098, 10.455517458731098] and parameters: {'k1': 7.59858643158879e-05, 'D_low': 12.115155843077673, 'k2': 0.0005700142105246941, 'D_high': 18125.870836716233, 'fire_exp': 1.608176525358426, 'P_half': 540.7979723887187, 'pre_dampen_half': 269.0845367054866, 'gpp_af': 1.3218737536384089, 'gpp_b': 2.036444166653217e-05, 'gpp_d': 1.2434469102435366, 'ign_k': 0.32478918389192313, 'ign_c': 1.0022396791143333, 'trop_agb_crit': 8.404607864475192, 'trop_k_veg': 4.51930447316402}.
[I 2026-06-09 12:07:20,333] Trial 323 finished with values: [10.199168560163734, 10.199168560163734] and parameters: {'k1': 0.00234238498471129, 'D_low': 90.71933427331369, 'k2': 0.002148652800991412, 'D_high': 76.7074891445377, 'fire_exp': 1.4848387260494937, 'P_half': 1.8942844905792813, 'pre_dampen_half': 673.2248920775328, 'gpp_af': 11.20397753296041, 'gpp_b': 0.0006724850206557243, 'gpp_d': 867.6409475740121, 'ign_k': 0.5456725485601477, 'ign_c': 0.20319809838424974, 'trop_agb_crit': 19.51558406059598, 'trop_k_veg': 4.8737397608275925}.
[I 2026-06-09 12:07:21,712] Trial 324 finished with values: [10.763056467218947, 10.763056467218947] and parameters: {'k1': 6.404854675916172e-05, 'D_low': 2.016152775259861, 'k2': 1.5412172709801895e-05, 'D_high': 18125.870836716233, 'fire_exp': 2.4902446681314054, 'P_half': 1.4045842344024697, 'pre_dampen_half': 673.2248920775328, 'gpp_af': 1.3218737536384089, 'gpp_b': 0.0028993292583566945, 'gpp_d': 1.6983565276584263, 'ign_k': 0.32478918389192313, 'ign_c': 0.21234210963705627, 'trop_agb_crit': 18.08572091703495, 'trop_k_veg': 4.51930447316402}.
[I 2026-06-09 12:07:23,139] Trial 325 finished with values: [10.457921165901826, 10.457921165901826] and parameters: {'k1': 2.0937989739527727e-05, 'D_low': 95.62822793888483, 'k2': 8.488887549001697e-05, 'D_high': 836.2695993649684, 'fire_exp': 1.14171776851287, 'P_half': 17.655835392092534, 'pre_dampen_half': 340.6909167027263, 'gpp_af': 0.7951170003631387, 'gpp_b': 0.7987896438549947, 'gpp_d': 867.6409475740121, 'ign_k': 0.3242143344038317, 'ign_c': 2.1858605829601814, 'trop_agb_crit': 2.679156169946616, 'trop_k_veg': 4.51930447316402}.
[I 2026-06-09 12:07:24,580] Trial 326 finished with values: [10.10957912301378, 10.10957912301378] and parameters: {'k1': 0.0630731811849173, 'D_low': 12.115155843077673, 'k2': 4.540076719227351e-05, 'D_high': 39655.03094323017, 'fire_exp': 3.9120805166661197, 'P_half': 108.21382910613987, 'pre_dampen_half': 345.01054536130147, 'gpp_af': 13.286323715350147, 'gpp_b': 0.002262927522655115, 'gpp_d': 99.3234953243749, 'ign_k': 0.32478918389192313, 'ign_c': 1.0022396791143333, 'trop_agb_crit': 19.51558406059598, 'trop_k_veg': 4.51930447316402}.
[I 2026-06-09 12:07:25,938] Trial 327 finished with values: [10.711320728803168, 10.711320728803168] and parameters: {'k1': 6.404854675916172e-05, 'D_low': 12.115155843077673, 'k2': 0.0005700142105246941, 'D_high': 18125.870836716233, 'fire_exp': 2.0859967986741856, 'P_half': 149.35213816355395, 'pre_dampen_half': 566.2858823465564, 'gpp_af': 1.3218737536384089, 'gpp_b': 0.002262927522655115, 'gpp_d': 1.2434469102435366, 'ign_k': 0.02461709669841514, 'ign_c': 1.8836925134820866, 'trop_agb_crit': 19.51558406059598, 'trop_k_veg': 4.51930447316402}.
[I 2026-06-09 12:07:27,282] Trial 328 finished with values: [-0.45316901495834616, 0.41967147180435727] and parameters: {'k1': 0.00515305301141249, 'D_low': 1.533916259116362, 'k2': 1.5412172709801895e-05, 'D_high': 41821.78526757458, 'fire_exp': 1.1615865989246452, 'P_half': 17.655835392092534, 'pre_dampen_half': 673.2248920775328, 'gpp_af': 5.244830565633045, 'gpp_b': 0.0006724850206557243, 'gpp_d': 0.0735311909944862, 'ign_k': 0.5456725485601477, 'ign_c': 0.20319809838424974, 'trop_agb_crit': 1.5144860262751405, 'trop_k_veg': 3.6260119779455584}.
[I 2026-06-09 12:07:28,690] Trial 329 finished with values: [10.085883488195115, 10.085883488195115] and parameters: {'k1': 0.0004846497679219079, 'D_low': 102.53722513378383, 'k2': 1.3357240411974104e-05, 'D_high': 41821.78526757458, 'fire_exp': 1.14171776851287, 'P_half': 1.8942844905792813, 'pre_dampen_half': 345.01054536130147, 'gpp_af': 4.874291611803563, 'gpp_b': 0.0012749409641020352, 'gpp_d': 26.003623362924223, 'ign_k': 0.0019264360371306567, 'ign_c': 4.341568011961653, 'trop_agb_crit': 1.5144860262751405, 'trop_k_veg': 4.51930447316402}.
[I 2026-06-09 12:07:30,245] Trial 330 finished with values: [10.715262146473858, 10.715262146473858] and parameters: {'k1': 0.00234238498471129, 'D_low': 1.2164034504723769, 'k2': 0.0005700142105246941, 'D_high': 39655.03094323017, 'fire_exp': 1.1615865989246452, 'P_half': 1.8942844905792813, 'pre_dampen_half': 6.739998811889457, 'gpp_af': 0.0012334147231672942, 'gpp_b': 0.0006724850206557243, 'gpp_d': 0.0735311909944862, 'ign_k': 0.011698039424426817, 'ign_c': 0.20319809838424974, 'trop_agb_crit': 1.5144860262751405, 'trop_k_veg': 3.6260119779455584}.
[I 2026-06-09 12:07:31,588] Trial 331 finished with values: [10.075095718125219, 10.075095718125219] and parameters: {'k1': 0.0030219760889797966, 'D_low': 102.53722513378383, 'k2': 0.06994589881535453, 'D_high': 14268.845807630427, 'fire_exp': 1.9268171109476195, 'P_half': 45.55085098454082, 'pre_dampen_half': 340.6909167027263, 'gpp_af': 1.3218737536384089, 'gpp_b': 0.00011277885258222645, 'gpp_d': 7.070472286699648, 'ign_k': 0.0019264360371306567, 'ign_c': 0.9083381663660584, 'trop_agb_crit': 1.6059119829430093, 'trop_k_veg': 1.1984430479717227}.
[I 2026-06-09 12:07:33,057] Trial 332 finished with values: [10.025631215619953, 10.025631215619953] and parameters: {'k1': 0.015161591075671724, 'D_low': 12.115155843077673, 'k2': 0.0005700142105246941, 'D_high': 32697.906333916944, 'fire_exp': 1.060109541566103, 'P_half': 140.571633510225, 'pre_dampen_half': 340.6909167027263, 'gpp_af': 0.9219336658511308, 'gpp_b': 5.0279186721731925e-05, 'gpp_d': 0.0735311909944862, 'ign_k': 0.004224235973517089, 'ign_c': 1.0022396791143333, 'trop_agb_crit': 6.475515989686909, 'trop_k_veg': 5.06204715641377}.
[I 2026-06-09 12:07:34,511] Trial 333 finished with values: [10.892857142659844, 10.892857142659844] and parameters: {'k1': 0.009782222138048972, 'D_low': 27.79045054796807, 'k2': 0.002148652800991412, 'D_high': 18125.870836716233, 'fire_exp': 1.14171776851287, 'P_half': 108.21382910613987, 'pre_dampen_half': 673.2248920775328, 'gpp_af': 0.0012334147231672942, 'gpp_b': 0.0028993292583566945, 'gpp_d': 99.3234953243749, 'ign_k': 0.5456725485601477, 'ign_c': 154.77616670938286, 'trop_agb_crit': 19.51558406059598, 'trop_k_veg': 0.6618107836658104}.
[I 2026-06-09 12:07:35,824] Trial 334 finished with values: [-0.48762174194160135, 0.2526846993171312] and parameters: {'k1': 6.404854675916172e-05, 'D_low': 12.115155843077673, 'k2': 0.06994589881535453, 'D_high': 18125.870836716233, 'fire_exp': 1.4848387260494937, 'P_half': 108.21382910613987, 'pre_dampen_half': 269.0845367054866, 'gpp_af': 1.3218737536384089, 'gpp_b': 0.002262927522655115, 'gpp_d': 1.5988721385117124, 'ign_k': 0.4303356629825978, 'ign_c': 0.21234210963705627, 'trop_agb_crit': 19.51558406059598, 'trop_k_veg': 4.51930447316402}.
[I 2026-06-09 12:07:37,268] Trial 335 finished with values: [10.047275009999955, 10.047275009999955] and parameters: {'k1': 2.0937989739527727e-05, 'D_low': 1.533916259116362, 'k2': 8.488887549001697e-05, 'D_high': 39655.03094323017, 'fire_exp': 1.2943117749495199, 'P_half': 1.8942844905792813, 'pre_dampen_half': 673.2248920775328, 'gpp_af': 0.0012334147231672942, 'gpp_b': 0.0012749409641020352, 'gpp_d': 500.2195003344709, 'ign_k': 2.5253810447657927, 'ign_c': 2.1858605829601814, 'trop_agb_crit': 2.6695352180079177, 'trop_k_veg': 0.6618107836658104}.
[I 2026-06-09 12:07:38,751] Trial 336 finished with values: [10.858472758743828, 10.858472758743828] and parameters: {'k1': 9.969469187531805e-05, 'D_low': 90.71933427331369, 'k2': 0.029456205692027414, 'D_high': 76.7074891445377, 'fire_exp': 1.1615865989246452, 'P_half': 1.8942844905792813, 'pre_dampen_half': 673.2248920775328, 'gpp_af': 5.244830565633045, 'gpp_b': 0.0006724850206557243, 'gpp_d': 0.0735311909944862, 'ign_k': 0.5456725485601477, 'ign_c': 5.762487216478598, 'trop_agb_crit': 1.5144860262751405, 'trop_k_veg': 0.6618107836658104}.
[I 2026-06-09 12:07:40,152] Trial 337 finished with values: [-0.4620964297147078, 0.44937341437408407] and parameters: {'k1': 0.0030219760889797966, 'D_low': 1.2164034504723769, 'k2': 0.06994589881535453, 'D_high': 39655.03094323017, 'fire_exp': 1.1615865989246452, 'P_half': 17.655835392092534, 'pre_dampen_half': 340.6909167027263, 'gpp_af': 5.244830565633045, 'gpp_b': 0.002262927522655115, 'gpp_d': 0.0735311909944862, 'ign_k': 0.3242143344038317, 'ign_c': 0.9083381663660584, 'trop_agb_crit': 6.475515989686909, 'trop_k_veg': 1.1984430479717227}.
[I 2026-06-09 12:07:41,479] Trial 338 finished with values: [10.36498280851302, 10.36498280851302] and parameters: {'k1': 0.007519407491506672, 'D_low': 681.4781046529928, 'k2': 0.0005700142105246941, 'D_high': 69868.4759244566, 'fire_exp': 1.060109541566103, 'P_half': 45.55085098454082, 'pre_dampen_half': 673.2248920775328, 'gpp_af': 96.4653310890222, 'gpp_b': 0.0028993292583566945, 'gpp_d': 0.2473046721099913, 'ign_k': 0.0018548376790967168, 'ign_c': 0.20319809838424974, 'trop_agb_crit': 17.233368627246023, 'trop_k_veg': 5.06204715641377}.
[I 2026-06-09 12:07:42,860] Trial 339 finished with values: [10.973598962853131, 10.973598962853131] and parameters: {'k1': 0.0630731811849173, 'D_low': 10.16551026641873, 'k2': 0.006164329525571074, 'D_high': 14268.845807630427, 'fire_exp': 1.060109541566103, 'P_half': 149.35213816355395, 'pre_dampen_half': 345.01054536130147, 'gpp_af': 4.874291611803563, 'gpp_b': 0.12046049142392454, 'gpp_d': 7.070472286699648, 'ign_k': 1.1215915868662767, 'ign_c': 1.0022396791143333, 'trop_agb_crit': 1.5144860262751405, 'trop_k_veg': 3.6260119779455584}.
[I 2026-06-09 12:07:44,304] Trial 340 finished with values: [10.64080138187307, 10.64080138187307] and parameters: {'k1': 6.404854675916172e-05, 'D_low': 10.16551026641873, 'k2': 0.037633129263701104, 'D_high': 14268.845807630427, 'fire_exp': 1.9268171109476195, 'P_half': 108.21382910613987, 'pre_dampen_half': 12.389588752305038, 'gpp_af': 1.3218737536384089, 'gpp_b': 0.002262927522655115, 'gpp_d': 99.3234953243749, 'ign_k': 0.32478918389192313, 'ign_c': 0.21234210963705627, 'trop_agb_crit': 19.51558406059598, 'trop_k_veg': 4.51930447316402}.
[I 2026-06-09 12:07:45,663] Trial 341 finished with values: [10.503426295442665, 10.503426295442665] and parameters: {'k1': 6.404854675916172e-05, 'D_low': 12.115155843077673, 'k2': 0.0005700142105246941, 'D_high': 18125.870836716233, 'fire_exp': 2.0859967986741856, 'P_half': 149.35213816355395, 'pre_dampen_half': 566.2858823465564, 'gpp_af': 1.3218737536384089, 'gpp_b': 0.002262927522655115, 'gpp_d': 1.2434469102435366, 'ign_k': 0.3242143344038317, 'ign_c': 1.8836925134820866, 'trop_agb_crit': 19.51558406059598, 'trop_k_veg': 4.51930447316402}.
[I 2026-06-09 12:07:46,981] Trial 342 finished with values: [10.040335284718777, 10.040335284718777] and parameters: {'k1': 0.05832560268546887, 'D_low': 35.02761367842313, 'k2': 0.010253368317956682, 'D_high': 39655.03094323017, 'fire_exp': 1.4408046627835394, 'P_half': 1.4045842344024697, 'pre_dampen_half': 11.164047352793695, 'gpp_af': 5.244830565633045, 'gpp_b': 3.686869490609954e-05, 'gpp_d': 26.003623362924223, 'ign_k': 0.0019264360371306567, 'ign_c': 1.0022396791143333, 'trop_agb_crit': 6.475515989686909, 'trop_k_veg': 4.51930447316402}.
[I 2026-06-09 12:07:48,426] Trial 343 finished with values: [10.438691865929943, 10.438691865929943] and parameters: {'k1': 0.05832560268546887, 'D_low': 35.02761367842313, 'k2': 1.3357240411974104e-05, 'D_high': 41821.78526757458, 'fire_exp': 1.14171776851287, 'P_half': 1.8942844905792813, 'pre_dampen_half': 345.01054536130147, 'gpp_af': 25.371947027764822, 'gpp_b': 3.686869490609954e-05, 'gpp_d': 0.030786517836196188, 'ign_k': 0.0019264360371306567, 'ign_c': 1.887567630782227, 'trop_agb_crit': 1.5144860262751405, 'trop_k_veg': 4.51930447316402}.
[I 2026-06-09 12:07:49,785] Trial 344 finished with values: [10.618206110711657, 10.618206110711657] and parameters: {'k1': 0.007519407491506672, 'D_low': 2.2636544662054536, 'k2': 0.03071666851587867, 'D_high': 69868.4759244566, 'fire_exp': 1.608176525358426, 'P_half': 108.21382910613987, 'pre_dampen_half': 269.0845367054866, 'gpp_af': 1.3218737536384089, 'gpp_b': 0.002262927522655115, 'gpp_d': 0.014003494178092966, 'ign_k': 2.0103283734409154, 'ign_c': 0.21234210963705627, 'trop_agb_crit': 2.679156169946616, 'trop_k_veg': 2.8957014754094748}.
[I 2026-06-09 12:07:51,371] Trial 345 finished with values: [10.785808967108553, 10.785808967108553] and parameters: {'k1': 0.00024287565087611777, 'D_low': 4303.306161410612, 'k2': 0.037633129263701104, 'D_high': 1647.069822172432, 'fire_exp': 1.4081947723562425, 'P_half': 2.194774268919734, 'pre_dampen_half': 566.2858823465564, 'gpp_af': 11.20397753296041, 'gpp_b': 2.036444166653217e-05, 'gpp_d': 1.5988721385117124, 'ign_k': 3.1536006085184716, 'ign_c': 21.132597710340573, 'trop_agb_crit': 6.043719268200285, 'trop_k_veg': 4.51930447316402}.
[I 2026-06-09 12:07:53,168] Trial 346 finished with values: [10.206505327133524, 10.206505327133524] and parameters: {'k1': 0.0030219760889797966, 'D_low': 3.2770228519285682, 'k2': 0.06994589881535453, 'D_high': 14268.845807630427, 'fire_exp': 1.9268171109476195, 'P_half': 45.55085098454082, 'pre_dampen_half': 11.164047352793695, 'gpp_af': 0.0473799143494075, 'gpp_b': 3.686869490609954e-05, 'gpp_d': 26.003623362924223, 'ign_k': 3.4288109438625263, 'ign_c': 0.9083381663660584, 'trop_agb_crit': 2.679156169946616, 'trop_k_veg': 1.1984430479717227}.
[I 2026-06-09 12:07:55,042] Trial 347 finished with values: [10.734279640949126, 10.734279640949126] and parameters: {'k1': 0.05832560268546887, 'D_low': 102.53722513378383, 'k2': 0.06994589881535453, 'D_high': 39655.03094323017, 'fire_exp': 2.4204227225778934, 'P_half': 149.35213816355395, 'pre_dampen_half': 340.6909167027263, 'gpp_af': 1.3218737536384089, 'gpp_b': 3.686869490609954e-05, 'gpp_d': 0.0735311909944862, 'ign_k': 0.0019264360371306567, 'ign_c': 21.132597710340573, 'trop_agb_crit': 1.6059119829430093, 'trop_k_veg': 1.8981057964668895}.
[I 2026-06-09 12:07:56,782] Trial 348 finished with values: [10.892857142659844, 10.892857142659844] and parameters: {'k1': 6.404854675916172e-05, 'D_low': 12.115155843077673, 'k2': 0.0005700142105246941, 'D_high': 39655.03094323017, 'fire_exp': 1.060109541566103, 'P_half': 108.21382910613987, 'pre_dampen_half': 269.0845367054866, 'gpp_af': 4.874291611803563, 'gpp_b': 5.0279186721731925e-05, 'gpp_d': 99.3234953243749, 'ign_k': 0.32478918389192313, 'ign_c': 94.19612235978197, 'trop_agb_crit': 19.51558406059598, 'trop_k_veg': 3.6260119779455584}.
[I 2026-06-09 12:07:58,370] Trial 349 finished with values: [10.248163841046935, 10.248163841046935] and parameters: {'k1': 0.07076022085822008, 'D_low': 12.115155843077673, 'k2': 0.06994589881535453, 'D_high': 18125.870836716233, 'fire_exp': 2.4204227225778934, 'P_half': 149.35213816355395, 'pre_dampen_half': 11.164047352793695, 'gpp_af': 1.3218737536384089, 'gpp_b': 3.686869490609954e-05, 'gpp_d': 26.003623362924223, 'ign_k': 3.4288109438625263, 'ign_c': 0.4395816797119711, 'trop_agb_crit': 19.51558406059598, 'trop_k_veg': 4.51930447316402}.
[I 2026-06-09 12:07:59,938] Trial 350 finished with values: [-0.443235405048931, 0.4202835052778189] and parameters: {'k1': 0.007519407491506672, 'D_low': 12.115155843077673, 'k2': 1.3357240411974104e-05, 'D_high': 69868.4759244566, 'fire_exp': 1.060109541566103, 'P_half': 45.55085098454082, 'pre_dampen_half': 340.6909167027263, 'gpp_af': 1.8075983730158514, 'gpp_b': 5.0279186721731925e-05, 'gpp_d': 0.0735311909944862, 'ign_k': 0.008226074946221037, 'ign_c': 1.0022396791143333, 'trop_agb_crit': 2.679156169946616, 'trop_k_veg': 3.6260119779455584}.
