[I 2026-08-05 23:46:30,064] Trial 420 finished with values: [10.783036845483414, 10.783036845483414] and parameters: {'k1': 0.021368329072358756, 'D_low': 7.068974950624602, 'k2': 1.1184534120760473e-05, 'D_high': 246.17096698415128, 'fire_exp': 1.1670151053031461, 'P_half': 1.3035590385085063, 'pre_dampen_half': 703.6426675556048, 'gpp_af': 29.925002022877802, 'gpp_b': 0.011750724729953272, 'gpp_d': 24.551654436784773, 'ign_k': 0.11101191524846071, 'ign_c': 0.7724824966785973}.
[I 2026-08-05 23:46:31,001] Trial 421 finished with values: [10.689779787408213, 10.689779787408213] and parameters: {'k1': 0.0029707920514735983, 'D_low': 2.1234210963705626, 'k2': 0.03210808548911189, 'D_high': 7744.80118512745, 'fire_exp': 1.0881360604103363, 'P_half': 93.34064019986363, 'pre_dampen_half': 304.7488318185732, 'gpp_af': 0.001162712343304238, 'gpp_b': 0.024796579879439486, 'gpp_d': 857.4284557962634, 'ign_k': 0.03141110271934876, 'ign_c': 6.160975294741436}.
[I 2026-08-05 23:46:31,852] Trial 422 finished with values: [10.216664948739094, 10.216664948739094] and parameters: {'k1': 0.00011698039424426811, 'D_low': 4.051452710153359, 'k2': 0.00038791280730284417, 'D_high': 267.3088310781672, 'fire_exp': 1.5201277403788451, 'P_half': 39.03214299767183, 'pre_dampen_half': 121.93011993958949, 'gpp_af': 1.2003722333832936, 'gpp_b': 2.800940363375676e-05, 'gpp_d': 34.37107943937136, 'ign_k': 0.002357279455676982, 'ign_c': 14.810800730363484}.
[I 2026-08-05 23:46:32,689] Trial 423 finished with values: [11.384180409986826, 11.384180409986826] and parameters: {'k1': 0.00324789183891923, 'D_low': 2.458603276328005, 'k2': 0.034987345440353576, 'D_high': 48249.14281180252, 'fire_exp': 1.151006986743773, 'P_half': 12.808863354047988, 'pre_dampen_half': 247.25776073156666, 'gpp_af': 35.20481045526041, 'gpp_b': 0.7987896438549947, 'gpp_d': 149.50343942182866, 'ign_k': 0.01474275315991467, 'ign_c': 6.160975294741436}.
[I 2026-08-05 23:46:33,543] Trial 424 finished with values: [10.121276518132799, 10.121276518132799] and parameters: {'k1': 2.0937989739527727e-05, 'D_low': 125.32726386250698, 'k2': 0.0004381141781653133, 'D_high': 39.323386421481615, 'fire_exp': 1.182396148413737, 'P_half': 24.136213194527585, 'pre_dampen_half': 304.7488318185732, 'gpp_af': 29.925002022877802, 'gpp_b': 3.228689523591491e-05, 'gpp_d': 857.4284557962634, 'ign_k': 0.0026834162496848666, 'ign_c': 47.268615251255675}.
[I 2026-08-05 23:46:34,407] Trial 425 finished with values: [10.037899046664766, 10.037899046664766] and parameters: {'k1': 0.0002514786015817364, 'D_low': 4.051452710153359, 'k2': 0.0007081721844034209, 'D_high': 85018.70149611714, 'fire_exp': 1.151006986743773, 'P_half': 12.808863354047988, 'pre_dampen_half': 703.6426675556048, 'gpp_af': 29.925002022877802, 'gpp_b': 0.7987896438549947, 'gpp_d': 4.5768578731086835, 'ign_k': 5.9736167866478125, 'ign_c': 0.11433485956638717}.
[I 2026-08-05 23:46:35,265] Trial 426 finished with values: [10.742958686382263, 10.742958686382263] and parameters: {'k1': 0.016973078532467004, 'D_low': 1112.9571947046009, 'k2': 3.5917714215176105e-05, 'D_high': 8182.111518618414, 'fire_exp': 1.2943117749495199, 'P_half': 39.03214299767183, 'pre_dampen_half': 304.7488318185732, 'gpp_af': 0.47739011308437823, 'gpp_b': 0.7987896438549947, 'gpp_d': 150.14555442537656, 'ign_k': 0.0026834162496848666, 'ign_c': 0.1457050032975653}.
[I 2026-08-05 23:46:36,295] Trial 427 finished with values: [10.653383381607442, 10.653383381607442] and parameters: {'k1': 3.634567200581791e-05, 'D_low': 1547.7616670938303, 'k2': 0.0043033566298259765, 'D_high': 411.0848435021235, 'fire_exp': 1.0881360604103363, 'P_half': 2525.3810447657925, 'pre_dampen_half': 59.66041614891413, 'gpp_af': 22.766850248686247, 'gpp_b': 0.6637926838138378, 'gpp_d': 891.8036602897795, 'ign_k': 3.7173717478250508, 'ign_c': 6.160975294741436}.
[I 2026-08-05 23:46:37,195] Trial 428 finished with values: [-0.5096856283492465, 0.1430105040972105] and parameters: {'k1': 0.016973078532467004, 'D_low': 9.330007965781027, 'k2': 0.0001870742013766025, 'D_high': 29456.2056920274, 'fire_exp': 1.182396148413737, 'P_half': 408.3047491580097, 'pre_dampen_half': 36.876350096203005, 'gpp_af': 22.766850248686247, 'gpp_b': 0.6637926838138378, 'gpp_d': 891.8036602897795, 'ign_k': 3.7173717478250508, 'ign_c': 2.4287565087611744}.
[I 2026-08-05 23:46:38,113] Trial 429 finished with values: [10.769230768838547, 10.769230768838547] and parameters: {'k1': 0.00324789183891923, 'D_low': 2.458603276328005, 'k2': 2.5461628161276896e-05, 'D_high': 75773.14388518519, 'fire_exp': 5.10931850633792, 'P_half': 12.808863354047988, 'pre_dampen_half': 703.6426675556048, 'gpp_af': 0.0025511964576171086, 'gpp_b': 0.7987896438549947, 'gpp_d': 0.13223503889537183, 'ign_k': 2.2287087260110168, 'ign_c': 47.268615251255675}.
[I 2026-08-05 23:46:39,025] Trial 430 finished with values: [10.385547157216354, 10.385547157216354] and parameters: {'k1': 7.841214856323651e-05, 'D_low': 616.4329525571076, 'k2': 1.1184534120760473e-05, 'D_high': 6455.595882939566, 'fire_exp': 1.1044852285094786, 'P_half': 39.03214299767183, 'pre_dampen_half': 25.15960733455044, 'gpp_af': 35.20481045526041, 'gpp_b': 0.10123867001105968, 'gpp_d': 368.30088529547436, 'ign_k': 0.11101191524846071, 'ign_c': 10.140635645866492}.
[I 2026-08-05 23:46:40,179] Trial 431 finished with values: [10.37353450860428, 10.37353450860428] and parameters: {'k1': 0.005967518552547517, 'D_low': 7.068974950624602, 'k2': 0.00011939136672856547, 'D_high': 949.9072859745386, 'fire_exp': 1.1044852285094786, 'P_half': 408.3047491580097, 'pre_dampen_half': 53.73093479067421, 'gpp_af': 83.56239973758213, 'gpp_b': 0.03719354588132657, 'gpp_d': 4.25060659305504, 'ign_k': 0.0026834162496848666, 'ign_c': 29.815734524531024}.
[I 2026-08-05 23:46:42,387] Trial 432 finished with values: [10.101580538846854, 10.101580538846854] and parameters: {'k1': 0.010253368317956682, 'D_low': 7.068974950624602, 'k2': 4.30943585950406e-05, 'D_high': 33379.746704222074, 'fire_exp': 1.1044852285094786, 'P_half': 10.226988730324324, 'pre_dampen_half': 36.876350096203005, 'gpp_af': 83.56239973758213, 'gpp_b': 0.011750724729953272, 'gpp_d': 4.25060659305504, 'ign_k': 0.01474275315991467, 'ign_c': 6.160975294741436}.
[I 2026-08-05 23:46:44,189] Trial 433 finished with values: [10.210431699466456, 10.210431699466456] and parameters: {'k1': 0.002971796631657383, 'D_low': 38.45635122720662, 'k2': 0.03071666851587867, 'D_high': 1687.3495104568947, 'fire_exp': 1.0881360604103363, 'P_half': 10.226988730324324, 'pre_dampen_half': 14.689898077648792, 'gpp_af': 29.925002022877802, 'gpp_b': 0.011750724729953272, 'gpp_d': 891.8036602897795, 'ign_k': 0.0026834162496848666, 'ign_c': 6.160975294741436}.
[I 2026-08-05 23:46:45,125] Trial 434 finished with values: [-0.574453110570975, 0.07793128062252397] and parameters: {'k1': 0.04897760278488444, 'D_low': 2.458603276328005, 'k2': 0.0007081721844034209, 'D_high': 85018.70149611714, 'fire_exp': 1.2943117749495199, 'P_half': 12.808863354047988, 'pre_dampen_half': 703.6426675556048, 'gpp_af': 35.20481045526041, 'gpp_b': 0.7987896438549947, 'gpp_d': 4.5768578731086835, 'ign_k': 5.9736167866478125, 'ign_c': 0.11433485956638717}.
[I 2026-08-05 23:46:45,962] Trial 435 finished with values: [10.767591187642923, 10.767591187642923] and parameters: {'k1': 0.0005486676498816061, 'D_low': 2.458603276328005, 'k2': 0.005456725485601475, 'D_high': 6366.1449945522045, 'fire_exp': 1.182396148413737, 'P_half': 95.65499215943822, 'pre_dampen_half': 33.9790424311127, 'gpp_af': 0.0014003494178092962, 'gpp_b': 3.228689523591491e-05, 'gpp_d': 857.4284557962634, 'ign_k': 0.03141110271934876, 'ign_c': 201.0328373440913}.
[I 2026-08-05 23:46:46,800] Trial 436 finished with values: [10.338764169986176, 10.338764169986176] and parameters: {'k1': 0.002971796631657383, 'D_low': 3.2770228519285682, 'k2': 1.1184534120760473e-05, 'D_high': 6455.595882939566, 'fire_exp': 1.0881360604103363, 'P_half': 215.55950571043874, 'pre_dampen_half': 36.876350096203005, 'gpp_af': 29.925002022877802, 'gpp_b': 0.011750724729953272, 'gpp_d': 2.736251365128462, 'ign_k': 0.03604182012888638, 'ign_c': 8.671454322584175}.
[I 2026-08-05 23:46:47,638] Trial 437 finished with values: [10.4489521944537, 10.4489521944537] and parameters: {'k1': 0.016973078532467004, 'D_low': 2.458603276328005, 'k2': 0.0001870742013766025, 'D_high': 85018.70149611714, 'fire_exp': 1.151006986743773, 'P_half': 608.3019192425825, 'pre_dampen_half': 59.66041614891413, 'gpp_af': 22.766850248686247, 'gpp_b': 0.6637926838138378, 'gpp_d': 4.5768578731086835, 'ign_k': 3.7173717478250508, 'ign_c': 0.11433485956638717}.
[I 2026-08-05 23:46:48,491] Trial 438 finished with values: [10.73689073927378, 10.73689073927378] and parameters: {'k1': 0.0017320535908244437, 'D_low': 2.458603276328005, 'k2': 1.1184534120760473e-05, 'D_high': 75773.14388518519, 'fire_exp': 1.1044852285094786, 'P_half': 147.09699119495133, 'pre_dampen_half': 36.876350096203005, 'gpp_af': 35.20481045526041, 'gpp_b': 0.7987896438549947, 'gpp_d': 0.47379914349407487, 'ign_k': 5.9736167866478125, 'ign_c': 6.160975294741436}.
[I 2026-08-05 23:46:49,313] Trial 439 finished with values: [-0.5040841928828982, 0.1297547743460432] and parameters: {'k1': 0.021368329072358756, 'D_low': 7.068974950624602, 'k2': 0.0001870742013766025, 'D_high': 75773.14388518519, 'fire_exp': 1.010722707674549, 'P_half': 941.9612235978199, 'pre_dampen_half': 36.876350096203005, 'gpp_af': 35.20481045526041, 'gpp_b': 0.03841303420847976, 'gpp_d': 891.8036602897795, 'ign_k': 3.7173717478250508, 'ign_c': 6.160975294741436}.
[I 2026-08-05 23:46:50,150] Trial 440 finished with values: [10.245164680810758, 10.245164680810758] and parameters: {'k1': 0.0005486676498816061, 'D_low': 2.458603276328005, 'k2': 0.0007081721844034209, 'D_high': 9769.756791866093, 'fire_exp': 1.0881360604103363, 'P_half': 4.395816797119711, 'pre_dampen_half': 36.876350096203005, 'gpp_af': 12.298017893269162, 'gpp_b': 0.7987896438549947, 'gpp_d': 4.5768578731086835, 'ign_k': 0.01474275315991467, 'ign_c': 6.160975294741436}.
[I 2026-08-05 23:46:51,004] Trial 441 finished with values: [10.249023685333013, 10.249023685333013] and parameters: {'k1': 0.002971796631657383, 'D_low': 2.458603276328005, 'k2': 0.0007081721844034209, 'D_high': 85018.70149611714, 'fire_exp': 1.1670151053031461, 'P_half': 12.808863354047988, 'pre_dampen_half': 36.876350096203005, 'gpp_af': 35.20481045526041, 'gpp_b': 0.011750724729953272, 'gpp_d': 4.5768578731086835, 'ign_k': 0.01474275315991467, 'ign_c': 6.160975294741436}.
[I 2026-08-05 23:46:51,874] Trial 442 finished with values: [11.084128986260703, 11.084128986260703] and parameters: {'k1': 0.0029707920514735983, 'D_low': 2.1234210963705626, 'k2': 0.021307706784814803, 'D_high': 7744.80118512745, 'fire_exp': 1.151006986743773, 'P_half': 24.136213194527585, 'pre_dampen_half': 107.40052367919465, 'gpp_af': 35.20481045526041, 'gpp_b': 3.228689523591491e-05, 'gpp_d': 4.5768578731086835, 'ign_k': 5.9736167866478125, 'ign_c': 0.11433485956638717}.
[I 2026-08-05 23:46:52,738] Trial 443 finished with values: [-0.49273894102495186, 0.15317471835725105] and parameters: {'k1': 3.252245757497282e-05, 'D_low': 125.32726386250698, 'k2': 0.005456725485601475, 'D_high': 6366.1449945522045, 'fire_exp': 1.1044852285094786, 'P_half': 95.65499215943822, 'pre_dampen_half': 33.9790424311127, 'gpp_af': 0.001339466259146302, 'gpp_b': 3.228689523591491e-05, 'gpp_d': 857.4284557962634, 'ign_k': 0.019192001101561888, 'ign_c': 3.0378658251922155}.
[I 2026-08-05 23:46:53,597] Trial 444 finished with values: [-0.5380984597570775, 0.10718769190184907] and parameters: {'k1': 0.0029707920514735983, 'D_low': 125.32726386250698, 'k2': 0.005456725485601475, 'D_high': 7744.80118512745, 'fire_exp': 1.182396148413737, 'P_half': 24.136213194527585, 'pre_dampen_half': 33.9790424311127, 'gpp_af': 0.001162712343304238, 'gpp_b': 3.228689523591491e-05, 'gpp_d': 857.4284557962634, 'ign_k': 0.10712009151798696, 'ign_c': 8.671454322584175}.
[I 2026-08-05 23:46:54,441] Trial 445 finished with values: [-0.46520493392186246, 0.11396156917292022] and parameters: {'k1': 0.0017320535908244437, 'D_low': 2.1234210963705626, 'k2': 1.1184534120760473e-05, 'D_high': 10.605801312906209, 'fire_exp': 1.1044852285094786, 'P_half': 147.09699119495133, 'pre_dampen_half': 107.40052367919465, 'gpp_af': 0.001162712343304238, 'gpp_b': 3.228689523591491e-05, 'gpp_d': 4.25060659305504, 'ign_k': 0.03141110271934876, 'ign_c': 8.671454322584175}.
[I 2026-08-05 23:46:55,288] Trial 446 finished with values: [10.769205949895419, 10.769205949895419] and parameters: {'k1': 0.016973078532467004, 'D_low': 2.458603276328005, 'k2': 0.005456725485601475, 'D_high': 6366.1449945522045, 'fire_exp': 1.9365919987098117, 'P_half': 12.808863354047988, 'pre_dampen_half': 33.9790424311127, 'gpp_af': 0.0025511964576171086, 'gpp_b': 0.7987896438549947, 'gpp_d': 4.5768578731086835, 'ign_k': 5.9736167866478125, 'ign_c': 3.0378658251922155}.
[I 2026-08-05 23:46:56,126] Trial 447 finished with values: [11.784482647819502, 11.784482647819502] and parameters: {'k1': 0.021368329072358756, 'D_low': 7.068974950624602, 'k2': 0.002935672965826306, 'D_high': 3660.150802571655, 'fire_exp': 1.1044852285094786, 'P_half': 125.61043700013555, 'pre_dampen_half': 805.2502904451399, 'gpp_af': 35.20481045526041, 'gpp_b': 8.539677611488478e-05, 'gpp_d': 4.5768578731086835, 'ign_k': 0.01474275315991467, 'ign_c': 14.810800730363484}.
[I 2026-08-05 23:46:56,997] Trial 448 finished with values: [10.232314673727537, 10.232314673727537] and parameters: {'k1': 0.0029707920514735983, 'D_low': 918.4900818511542, 'k2': 1.1184534120760473e-05, 'D_high': 31239.815244140624, 'fire_exp': 1.1044852285094786, 'P_half': 336.708521740818, 'pre_dampen_half': 33.9790424311127, 'gpp_af': 13.560863064135962, 'gpp_b': 1.4427571100855582e-05, 'gpp_d': 368.30088529547436, 'ign_k': 0.002357279455676982, 'ign_c': 3.0378658251922155}.
[I 2026-08-05 23:46:57,858] Trial 449 finished with values: [10.177842472192733, 10.177842472192733] and parameters: {'k1': 0.00012105387404469581, 'D_low': 2.458603276328005, 'k2': 0.0007081721844034209, 'D_high': 75773.14388518519, 'fire_exp': 1.1044852285094786, 'P_half': 10.226988730324324, 'pre_dampen_half': 36.876350096203005, 'gpp_af': 83.56239973758213, 'gpp_b': 0.03841303420847976, 'gpp_d': 39.827466658711515, 'ign_k': 0.01474275315991467, 'ign_c': 6.160975294741436}.
[I 2026-08-05 23:46:58,719] Trial 450 finished with values: [10.76920262096259, 10.76920262096259] and parameters: {'k1': 2.0937989739527727e-05, 'D_low': 125.32726386250698, 'k2': 1.1184534120760473e-05, 'D_high': 109.44963667961977, 'fire_exp': 4.305322641492379, 'P_half': 24.136213194527585, 'pre_dampen_half': 304.7488318185732, 'gpp_af': 0.0025511964576171086, 'gpp_b': 3.228689523591491e-05, 'gpp_d': 857.4284557962634, 'ign_k': 0.03141110271934876, 'ign_c': 47.268615251255675}.
[I 2026-08-05 23:46:59,590] Trial 451 finished with values: [10.466752061386394, 10.466752061386394] and parameters: {'k1': 0.0014452451441203328, 'D_low': 29.89885508829526, 'k2': 0.0499774937030317, 'D_high': 6455.595882939566, 'fire_exp': 1.811096651915224, 'P_half': 10.226988730324324, 'pre_dampen_half': 36.876350096203005, 'gpp_af': 35.20481045526041, 'gpp_b': 1.5938003265859821, 'gpp_d': 368.30088529547436, 'ign_k': 0.01474275315991467, 'ign_c': 10.140635645866492}.
[I 2026-08-05 23:47:00,459] Trial 452 finished with values: [12.485252766198158, 12.485252766198158] and parameters: {'k1': 0.04897760278488444, 'D_low': 2.458603276328005, 'k2': 0.0499774937030317, 'D_high': 6455.595882939566, 'fire_exp': 1.1044852285094786, 'P_half': 10.226988730324324, 'pre_dampen_half': 703.6426675556048, 'gpp_af': 0.04339970334001348, 'gpp_b': 0.0025416076006960116, 'gpp_d': 79.2915624488668, 'ign_k': 0.017654048052495083, 'ign_c': 10.140635645866492}.
[I 2026-08-05 23:47:01,423] Trial 453 finished with values: [-0.516146727267114, 0.12247213715977112] and parameters: {'k1': 0.00012105387404469581, 'D_low': 7.068974950624602, 'k2': 2.678690610097712e-05, 'D_high': 6366.1449945522045, 'fire_exp': 1.182396148413737, 'P_half': 95.65499215943822, 'pre_dampen_half': 703.6426675556048, 'gpp_af': 35.20481045526041, 'gpp_b': 0.10123867001105968, 'gpp_d': 39.827466658711515, 'ign_k': 0.03141110271934876, 'ign_c': 3.0378658251922155}.
[I 2026-08-05 23:47:02,341] Trial 454 finished with values: [11.570317170772137, 11.570317170772137] and parameters: {'k1': 0.0002514786015817364, 'D_low': 7.068974950624602, 'k2': 0.0007081721844034209, 'D_high': 11069.082134755383, 'fire_exp': 1.1044852285094786, 'P_half': 10.226988730324324, 'pre_dampen_half': 703.6426675556048, 'gpp_af': 83.56239973758213, 'gpp_b': 8.539677611488478e-05, 'gpp_d': 5.085491038878331, 'ign_k': 0.01474275315991467, 'ign_c': 0.17036120617148395}.
[I 2026-08-05 23:47:03,324] Trial 455 finished with values: [10.273755237116642, 10.273755237116642] and parameters: {'k1': 0.0002514786015817364, 'D_low': 4.051452710153359, 'k2': 0.005456725485601475, 'D_high': 85018.70149611714, 'fire_exp': 1.5201277403788451, 'P_half': 408.3047491580097, 'pre_dampen_half': 703.6426675556048, 'gpp_af': 29.925002022877802, 'gpp_b': 3.228689523591491e-05, 'gpp_d': 653.070428885499, 'ign_k': 0.4702627143647234, 'ign_c': 0.17036120617148395}.
[I 2026-08-05 23:47:04,232] Trial 456 finished with values: [10.768888420361703, 10.768888420361703] and parameters: {'k1': 0.016973078532467004, 'D_low': 9.330007965781027, 'k2': 0.0007081721844034209, 'D_high': 949.9072859745386, 'fire_exp': 2.197213031069217, 'P_half': 339.2247823857358, 'pre_dampen_half': 36.876350096203005, 'gpp_af': 0.04339970334001348, 'gpp_b': 0.7987896438549947, 'gpp_d': 857.4284557962634, 'ign_k': 5.347027553411489, 'ign_c': 0.11433485956638717}.
[I 2026-08-05 23:47:05,098] Trial 457 finished with values: [10.83982414129175, 10.83982414129175] and parameters: {'k1': 0.014666151770108535, 'D_low': 7.068974950624602, 'k2': 0.005456725485601475, 'D_high': 75773.14388518519, 'fire_exp': 1.010722707674549, 'P_half': 408.3047491580097, 'pre_dampen_half': 36.876350096203005, 'gpp_af': 0.04339970334001348, 'gpp_b': 3.228689523591491e-05, 'gpp_d': 857.4284557962634, 'ign_k': 0.006912296717033066, 'ign_c': 6.160975294741436}.
[I 2026-08-05 23:47:06,134] Trial 458 finished with values: [-0.47356602374552753, 0.17236625791022064] and parameters: {'k1': 0.016973078532467004, 'D_low': 29.89885508829526, 'k2': 0.03210808548911189, 'D_high': 85018.70149611714, 'fire_exp': 1.2943117749495199, 'P_half': 93.34064019986363, 'pre_dampen_half': 303.1650219733388, 'gpp_af': 0.001162712343304238, 'gpp_b': 0.0006082667040432242, 'gpp_d': 0.03254982364882648, 'ign_k': 0.0026834162496848666, 'ign_c': 0.11433485956638717}.
[I 2026-08-05 23:47:06,993] Trial 459 finished with values: [10.3377094180125, 10.3377094180125] and parameters: {'k1': 0.005967518552547517, 'D_low': 7.068974950624602, 'k2': 1.1184534120760473e-05, 'D_high': 6455.595882939566, 'fire_exp': 1.3614924220931135, 'P_half': 5.342106255632175, 'pre_dampen_half': 485.44768702840923, 'gpp_af': 29.925002022877802, 'gpp_b': 3.228689523591491e-05, 'gpp_d': 5.878566318396007, 'ign_k': 0.01474275315991467, 'ign_c': 0.11433485956638717}.
[I 2026-08-05 23:47:07,895] Trial 460 finished with values: [-0.5776902731246982, 0.08361031486918957] and parameters: {'k1': 0.005643426708406567, 'D_low': 2.458603276328005, 'k2': 0.0007081721844034209, 'D_high': 85018.70149611714, 'fire_exp': 1.151006986743773, 'P_half': 12.808863354047988, 'pre_dampen_half': 703.6426675556048, 'gpp_af': 35.20481045526041, 'gpp_b': 0.7987896438549947, 'gpp_d': 4.5768578731086835, 'ign_k': 5.9736167866478125, 'ign_c': 0.11433485956638717}.
[I 2026-08-05 23:47:08,763] Trial 461 finished with values: [12.770407720341371, 12.770407720341371] and parameters: {'k1': 0.002971796631657383, 'D_low': 29.89885508829526, 'k2': 0.031211489608802344, 'D_high': 6455.595882939566, 'fire_exp': 1.0881360604103363, 'P_half': 10.226988730324324, 'pre_dampen_half': 111.37963167994629, 'gpp_af': 11.234842109991876, 'gpp_b': 0.011750724729953272, 'gpp_d': 891.8036602897795, 'ign_k': 0.0026834162496848666, 'ign_c': 6.160975294741436}.
[I 2026-08-05 23:47:09,632] Trial 462 finished with values: [10.768338089931499, 10.768338089931499] and parameters: {'k1': 0.0002514786015817364, 'D_low': 2.458603276328005, 'k2': 0.0007081721844034209, 'D_high': 6455.595882939566, 'fire_exp': 1.151006986743773, 'P_half': 12.808863354047988, 'pre_dampen_half': 36.876350096203005, 'gpp_af': 0.0021836613912815635, 'gpp_b': 0.7987896438549947, 'gpp_d': 368.30088529547436, 'ign_k': 0.01474275315991467, 'ign_c': 0.11433485956638717}.
[I 2026-08-05 23:47:10,530] Trial 463 finished with values: [-0.484621597036668, 0.21309840209147968] and parameters: {'k1': 7.841214856323651e-05, 'D_low': 7.068974950624602, 'k2': 0.0001599021369655865, 'D_high': 6802.810205786723, 'fire_exp': 1.1044852285094786, 'P_half': 24.136213194527585, 'pre_dampen_half': 304.7488318185732, 'gpp_af': 11.234842109991876, 'gpp_b': 3.228689523591491e-05, 'gpp_d': 0.12659922449669828, 'ign_k': 0.005568690083197025, 'ign_c': 47.268615251255675}.
[I 2026-08-05 23:47:11,410] Trial 464 finished with values: [10.769230768838547, 10.769230768838547] and parameters: {'k1': 0.005967518552547517, 'D_low': 18.522006003174383, 'k2': 1.1184534120760473e-05, 'D_high': 3660.150802571655, 'fire_exp': 1.2943117749495199, 'P_half': 608.3019192425825, 'pre_dampen_half': 703.6426675556048, 'gpp_af': 22.766850248686247, 'gpp_b': 0.03719354588132657, 'gpp_d': 891.8036602897795, 'ign_k': 3.7173717478250508, 'ign_c': 47.268615251255675}.
