[I 2026-08-19 14:51:01,311] Trial 463 finished with value: -0.3554625854118624 and parameters: {'k1': 4.127918283226571e-05, 'D_low': 644.6757309515095, 'k2': 0.00016940505014784526, 'D_high': 4111223.1853507776, 'fire_exp': 1.997642810337193, 'P_half': 197.8507198045294, 'pre_dampen_half': 1.4376412000786876, 'gpp_af': 0.0019038722294694417, 'gpp_b': 4.896227692838923e-05, 'gpp_d': 9.885996608217427, 'ign_k': 4.953779303361132, 'ign_c': 71.61441204903568, 'trop_agb_crit': 10.503256435619395, 'trop_k_veg': 1.1071559701626708, 'pop_amp': 1.8481061217175092, 'pop_peak': 4.259117476445914, 'pop_sig': 1.1148190599580476, 'fuel_k': 2.0711723061470853, 'fuel_half': 0.145000558958418}. Best is trial 421 with value: -0.6216386034937503.
  trial  464/2500  best_overall=0.6216  (27.0 min)
[I 2026-08-19 14:51:04,878] Trial 464 finished with value: -0.49761810928741185 and parameters: {'k1': 0.0008677239032593879, 'D_low': 1556.492391528643, 'k2': 2.4028184261177284e-05, 'D_high': 150406.62612445754, 'fire_exp': 1.0243622666987482, 'P_half': 7.015018705198352, 'pre_dampen_half': 101.09014275797237, 'gpp_af': 0.25208790043672946, 'gpp_b': 7.191445192685235e-05, 'gpp_d': 0.15255382522987204, 'ign_k': 8.411117441657437, 'ign_c': 0.5262867997577723, 'trop_agb_crit': 18.64280387589373, 'trop_k_veg': 1.0528083478993977, 'pop_amp': 0.01647705775753796, 'pop_peak': 200.61294227470617, 'pop_sig': 0.3606839217869458, 'fuel_k': 0.04462167645730433, 'fuel_half': 1.7677680724256755}. Best is trial 421 with value: -0.6216386034937503.
[I 2026-08-19 14:51:08,638] Trial 465 finished with value: -0.5347199173582922 and parameters: {'k1': 0.0014101665367665412, 'D_low': 182.5733339348332, 'k2': 2.062110144148784e-05, 'D_high': 669238.5123705319, 'fire_exp': 1.3001980161653084, 'P_half': 57.63534181764293, 'pre_dampen_half': 11.62104551998733, 'gpp_af': 0.0019530436075375275, 'gpp_b': 5.680877530745621e-05, 'gpp_d': 0.20115213776447832, 'ign_k': 2.8433319238550454, 'ign_c': 18.484455965866683, 'trop_agb_crit': 21.800745114253147, 'trop_k_veg': 7.845064365060149, 'pop_amp': 0.010060323933392139, 'pop_peak': 0.6066016920848689, 'pop_sig': 0.47560658670160905, 'fuel_k': 1.203447880545055, 'fuel_half': 0.4304232114689751}. Best is trial 421 with value: -0.6216386034937503.
[I 2026-08-19 14:51:13,096] Trial 466 finished with value: -0.43643878537457903 and parameters: {'k1': 0.00021201592109290133, 'D_low': 299.2356206828772, 'k2': 2.712632195954673e-05, 'D_high': 4121004.079940305, 'fire_exp': 2.256348580512632, 'P_half': 1726.9811929698085, 'pre_dampen_half': 2.710120713791412, 'gpp_af': 0.004479316830960934, 'gpp_b': 0.00011643766340800496, 'gpp_d': 321.51412226442244, 'ign_k': 5.860766131113762, 'ign_c': 0.727638119897364, 'trop_agb_crit': 5.262948627736004, 'trop_k_veg': 6.24606746611291, 'pop_amp': 0.9395064452858386, 'pop_peak': 161.81467823098438, 'pop_sig': 1.0018297548496706, 'fuel_k': 0.05635501372756377, 'fuel_half': 1.256796893384819}. Best is trial 421 with value: -0.6216386034937503.
[I 2026-08-19 14:51:16,388] Trial 467 finished with value: -0.35530437913291524 and parameters: {'k1': 0.002266283411077667, 'D_low': 362113.94947080186, 'k2': 1.8027920318811765e-05, 'D_high': 1227125.6133218578, 'fire_exp': 1.8820718261515301, 'P_half': 24.151940056655718, 'pre_dampen_half': 29.067289559256825, 'gpp_af': 0.6892008320465127, 'gpp_b': 0.0007764699453095268, 'gpp_d': 0.3283886822727967, 'ign_k': 4.703717615951355, 'ign_c': 38.29381980309651, 'trop_agb_crit': 28.98936128369103, 'trop_k_veg': 1.4293962372704472, 'pop_amp': 0.012459015432542013, 'pop_peak': 109.3032298843997, 'pop_sig': 0.6064828310609215, 'fuel_k': 0.9377749086839973, 'fuel_half': 1.5505287412263555}. Best is trial 421 with value: -0.6216386034937503.
[I 2026-08-19 14:51:20,323] Trial 468 finished with value: -0.3657925768954401 and parameters: {'k1': 1.1379244740345095e-05, 'D_low': 183490.62763689706, 'k2': 0.00010571727689398768, 'D_high': 124233.83460937477, 'fire_exp': 1.1924388733148428, 'P_half': 1400.8476040228181, 'pre_dampen_half': 0.35233604904276455, 'gpp_af': 0.020540189378502032, 'gpp_b': 1.3218776144154065e-05, 'gpp_d': 2.8964459936835643, 'ign_k': 2.8230200720604253, 'ign_c': 35.429800130116206, 'trop_agb_crit': 13.573909820454835, 'trop_k_veg': 1.4777038716075133, 'pop_amp': 0.43507292610094495, 'pop_peak': 8.167591161737462, 'pop_sig': 2.1150319050608273, 'fuel_k': 0.6142284780205194, 'fuel_half': 0.13199558431857447}. Best is trial 421 with value: -0.6216386034937503.
[I 2026-08-19 14:51:23,318] Trial 469 finished with value: -0.5518574361974962 and parameters: {'k1': 2.4276405305601726e-05, 'D_low': 64.3575904450227, 'k2': 3.2240946310514896e-05, 'D_high': 9180886.70363969, 'fire_exp': 1.4044904268715748, 'P_half': 22.469495949761775, 'pre_dampen_half': 1.6118943413858595, 'gpp_af': 0.0025933071260984433, 'gpp_b': 4.240448942427178e-05, 'gpp_d': 0.04959933744198242, 'ign_k': 1.7175771938351743, 'ign_c': 3.0760383431435963, 'trop_agb_crit': 4.977906194213369, 'trop_k_veg': 3.0275680660210877, 'pop_amp': 0.14001098892722352, 'pop_peak': 1.0886060364501429, 'pop_sig': 2.472969814077561, 'fuel_k': 0.02414290385472059, 'fuel_half': 0.19193959455382942}. Best is trial 421 with value: -0.6216386034937503.
  trial  470/2500  best_overall=0.6216  (27.3 min)
[I 2026-08-19 14:51:26,228] Trial 470 finished with value: -0.5630919749857984 and parameters: {'k1': 0.0006185285371114445, 'D_low': 3.0651484205257704, 'k2': 7.669274452867025e-05, 'D_high': 6784502.795493899, 'fire_exp': 1.0149800968026133, 'P_half': 3.8488986488694237, 'pre_dampen_half': 2.2899678302738766, 'gpp_af': 0.9906589847098137, 'gpp_b': 0.00013628749968239853, 'gpp_d': 7.351870830553884, 'ign_k': 0.010027897661366506, 'ign_c': 0.5299884551250599, 'trop_agb_crit': 23.631069530228697, 'trop_k_veg': 4.227217491781636, 'pop_amp': 0.03603818084871791, 'pop_peak': 213.36941053349574, 'pop_sig': 0.3858398670280377, 'fuel_k': 0.6563018702722707, 'fuel_half': 0.7092803201629483}. Best is trial 421 with value: -0.6216386034937503.
[I 2026-08-19 14:51:28,882] Trial 471 finished with value: -0.4257192959975818 and parameters: {'k1': 2.2719338531702176e-05, 'D_low': 97466.45261407121, 'k2': 0.00044567520638143503, 'D_high': 206588.53437312055, 'fire_exp': 1.7038497038424145, 'P_half': 599.4764010989807, 'pre_dampen_half': 0.9494174834245762, 'gpp_af': 0.0011348770825584853, 'gpp_b': 1.5165692359663943e-05, 'gpp_d': 0.011603580025106528, 'ign_k': 2.91217712871623, 'ign_c': 3.8320840438685595, 'trop_agb_crit': 19.798903400170968, 'trop_k_veg': 1.129041016362875, 'pop_amp': 0.7120828212954378, 'pop_peak': 374.3371812041369, 'pop_sig': 0.7698099195098714, 'fuel_k': 0.9873205150872228, 'fuel_half': 0.6137012592977354}. Best is trial 421 with value: -0.6216386034937503.
[I 2026-08-19 14:51:31,325] Trial 472 finished with value: -0.40049575908545904 and parameters: {'k1': 4.220293871878129e-05, 'D_low': 187.38569854634147, 'k2': 0.00010276834957293789, 'D_high': 1538.3940280211154, 'fire_exp': 3.286379235212087, 'P_half': 26.06559388704393, 'pre_dampen_half': 69.81028459608758, 'gpp_af': 0.18957789074631454, 'gpp_b': 1.4588186022381291e-05, 'gpp_d': 1.5869878111583613, 'ign_k': 0.6266848914853591, 'ign_c': 0.23118252766731529, 'trop_agb_crit': 10.819057226784553, 'trop_k_veg': 3.2795227601065546, 'pop_amp': 5.509549569145893, 'pop_peak': 91.12807448623853, 'pop_sig': 1.832986336859221, 'fuel_k': 0.24476095830399913, 'fuel_half': 0.5714452949909279}. Best is trial 421 with value: -0.6216386034937503.
[I 2026-08-19 14:51:34,258] Trial 473 finished with value: -0.41499896123149743 and parameters: {'k1': 0.0048741582765745445, 'D_low': 17.0508318837612, 'k2': 4.224238826366009e-05, 'D_high': 2852603.9927893626, 'fire_exp': 8.461006215416516, 'P_half': 29.972047209629384, 'pre_dampen_half': 158.46169557526264, 'gpp_af': 0.2674690781427016, 'gpp_b': 0.00021160554151282874, 'gpp_d': 9.233700273172303, 'ign_k': 0.03127639028522704, 'ign_c': 0.6919864124406107, 'trop_agb_crit': 20.24327427965372, 'trop_k_veg': 1.8951509463512253, 'pop_amp': 0.7863632416822999, 'pop_peak': 4.3410121625926, 'pop_sig': 1.0418367307207204, 'fuel_k': 0.07223506589978393, 'fuel_half': 3.4084215129702438}. Best is trial 421 with value: -0.6216386034937503.
[I 2026-08-19 14:51:37,028] Trial 474 finished with value: -0.35548827163026037 and parameters: {'k1': 0.000180896365874714, 'D_low': 335.711665636485, 'k2': 0.0001729940798213632, 'D_high': 9637116.384560278, 'fire_exp': 3.1329237536024857, 'P_half': 45.28615872644417, 'pre_dampen_half': 24.323776203804293, 'gpp_af': 0.0710876352910099, 'gpp_b': 0.00010138108279321266, 'gpp_d': 11.149892786564905, 'ign_k': 5.817889867333096, 'ign_c': 39.63403308179831, 'trop_agb_crit': 27.729784850427933, 'trop_k_veg': 1.586259395930865, 'pop_amp': 0.0015629207014300327, 'pop_peak': 5.7493684837904855, 'pop_sig': 0.8469945789581013, 'fuel_k': 0.49480334478909205, 'fuel_half': 0.5265459718245914}. Best is trial 421 with value: -0.6216386034937503.
[I 2026-08-19 14:51:39,850] Trial 475 finished with value: -0.5537046885058318 and parameters: {'k1': 3.737800471420878e-05, 'D_low': 3.6022827849238817, 'k2': 3.06971443382417e-05, 'D_high': 695809.1860621688, 'fire_exp': 1.1199352165587242, 'P_half': 1.0117559807330232, 'pre_dampen_half': 0.20195423228425727, 'gpp_af': 47.51801464399061, 'gpp_b': 0.007557462444055438, 'gpp_d': 280.72346922269065, 'ign_k': 0.31675484571501583, 'ign_c': 6.4149545088330715, 'trop_agb_crit': 21.051394606580367, 'trop_k_veg': 2.56434499965618, 'pop_amp': 0.02775856474391001, 'pop_peak': 18.294017867182806, 'pop_sig': 0.4777271312079726, 'fuel_k': 0.34809387733093006, 'fuel_half': 4.290121161303088}. Best is trial 421 with value: -0.6216386034937503.
[I 2026-08-19 14:51:42,699] Trial 476 finished with value: -0.4443373905295305 and parameters: {'k1': 0.04794046644233564, 'D_low': 5.37514329320399, 'k2': 0.0062833354947275585, 'D_high': 1039639.7577250833, 'fire_exp': 2.509038494634838, 'P_half': 200.66779987463582, 'pre_dampen_half': 12.737289307161392, 'gpp_af': 0.0035180031483431572, 'gpp_b': 6.400316538968546e-05, 'gpp_d': 5.275180830680297, 'ign_k': 0.5315964493353781, 'ign_c': 0.239115409916992, 'trop_agb_crit': 15.03970302301407, 'trop_k_veg': 5.450068765006602, 'pop_amp': 0.23777478039992184, 'pop_peak': 82.08772001901715, 'pop_sig': 0.4049483171257505, 'fuel_k': 3.1682181476561624, 'fuel_half': 0.11020963699603548}. Best is trial 421 with value: -0.6216386034937503.
[I 2026-08-19 14:51:45,306] Trial 477 finished with value: -0.35546715323849004 and parameters: {'k1': 0.0015415828976268085, 'D_low': 199.2251540648564, 'k2': 1.5925345568454322e-05, 'D_high': 1460335.008252139, 'fire_exp': 1.3431352225166782, 'P_half': 196.72789684303126, 'pre_dampen_half': 5.666957699551484, 'gpp_af': 0.09158319465681843, 'gpp_b': 0.0002553249325225277, 'gpp_d': 0.5430178686295591, 'ign_k': 8.489743681507917, 'ign_c': 42.42125322924457, 'trop_agb_crit': 11.222330090376955, 'trop_k_veg': 1.0731569827936436, 'pop_amp': 0.0027108336770316427, 'pop_peak': 60.6511499343722, 'pop_sig': 0.6402926801275998, 'fuel_k': 0.10736907377357449, 'fuel_half': 1.7513978422670224}. Best is trial 421 with value: -0.6216386034937503.
  trial  478/2500  best_overall=0.6216  (27.7 min)
[I 2026-08-19 14:51:48,081] Trial 478 finished with value: -0.5485428387812716 and parameters: {'k1': 0.0009704971292893075, 'D_low': 1422.2345421051634, 'k2': 0.0005856125853449859, 'D_high': 1420613.97683726, 'fire_exp': 1.7278107410507326, 'P_half': 305.495427673769, 'pre_dampen_half': 312.09825916502837, 'gpp_af': 0.06984782169358265, 'gpp_b': 0.0002776045324022573, 'gpp_d': 569.9140719445735, 'ign_k': 0.1590058086750949, 'ign_c': 15.445058773910434, 'trop_agb_crit': 25.930006963267687, 'trop_k_veg': 4.787921171265886, 'pop_amp': 0.0014193191004176217, 'pop_peak': 378.29060253237407, 'pop_sig': 1.9262144187438832, 'fuel_k': 1.7222126894701952, 'fuel_half': 0.7462403161716133}. Best is trial 421 with value: -0.6216386034937503.
[I 2026-08-19 14:51:51,068] Trial 479 finished with value: -0.3554625854118624 and parameters: {'k1': 1.0317489418434778e-05, 'D_low': 40624.60426343129, 'k2': 3.772572507381591e-05, 'D_high': 968480.581617024, 'fire_exp': 1.8918760215689923, 'P_half': 3311.612348389297, 'pre_dampen_half': 6.004675088080626, 'gpp_af': 0.001280199892868065, 'gpp_b': 0.00010446265475362342, 'gpp_d': 0.4775342843953514, 'ign_k': 7.774903789547506, 'ign_c': 272.65838349806853, 'trop_agb_crit': 10.766402725521274, 'trop_k_veg': 0.8734498108344464, 'pop_amp': 2.9637550406628828, 'pop_peak': 18.847078569442534, 'pop_sig': 1.02271199958288, 'fuel_k': 0.3262274056963663, 'fuel_half': 0.2728524548399093}. Best is trial 421 with value: -0.6216386034937503.
[I 2026-08-19 14:51:53,943] Trial 480 finished with value: -0.4301221162393503 and parameters: {'k1': 0.0005532376615200795, 'D_low': 18.164859798218252, 'k2': 0.0007964508259088216, 'D_high': 48239.09325151006, 'fire_exp': 1.5705648702552633, 'P_half': 3.162334085867679, 'pre_dampen_half': 0.08698371308707427, 'gpp_af': 0.044102694576394506, 'gpp_b': 0.00035990363711838275, 'gpp_d': 8.939114820496371, 'ign_k': 0.00119793372649434, 'ign_c': 678.829132674763, 'trop_agb_crit': 5.966014454684906, 'trop_k_veg': 3.0443440899447283, 'pop_amp': 0.6565808309071212, 'pop_peak': 8.700424667532348, 'pop_sig': 1.0650805255185674, 'fuel_k': 1.877211593489657, 'fuel_half': 0.6903994614179102}. Best is trial 421 with value: -0.6216386034937503.
[I 2026-08-19 14:51:56,313] Trial 481 finished with value: -0.5513544193654081 and parameters: {'k1': 0.07441417997582618, 'D_low': 7398.894520819681, 'k2': 0.0071324439640812485, 'D_high': 7154984.36365585, 'fire_exp': 1.601517567803134, 'P_half': 394.428534357545, 'pre_dampen_half': 22.639957154670686, 'gpp_af': 0.019349828123884843, 'gpp_b': 0.0017978445950530126, 'gpp_d': 40.074827767648706, 'ign_k': 1.2872546567741272, 'ign_c': 1.9141167767301355, 'trop_agb_crit': 18.176218854235614, 'trop_k_veg': 4.53741243937495, 'pop_amp': 0.025176555610840038, 'pop_peak': 911.2327739947432, 'pop_sig': 0.3575009557921006, 'fuel_k': 2.3755536275411266, 'fuel_half': 0.2717047471740877}. Best is trial 421 with value: -0.6216386034937503.
[I 2026-08-19 14:51:58,920] Trial 482 finished with value: -0.5641974670384707 and parameters: {'k1': 0.0025372284501016516, 'D_low': 237.34294026224035, 'k2': 1.012513024638199e-05, 'D_high': 2761506.0304054967, 'fire_exp': 2.016212278399526, 'P_half': 26.112934755049558, 'pre_dampen_half': 0.3436329594739761, 'gpp_af': 0.003697879264612289, 'gpp_b': 2.4971097770550298e-05, 'gpp_d': 25.648337329612925, 'ign_k': 1.4321434464980756, 'ign_c': 5.94569542280206, 'trop_agb_crit': 7.751140373529103, 'trop_k_veg': 1.9415840011756182, 'pop_amp': 0.16594448806963952, 'pop_peak': 5.152970059661899, 'pop_sig': 2.087469546874992, 'fuel_k': 0.3303314722281036, 'fuel_half': 0.47798727908127264}. Best is trial 421 with value: -0.6216386034937503.
[I 2026-08-19 14:52:01,394] Trial 483 finished with value: -0.41706705330989974 and parameters: {'k1': 0.0003408370306595397, 'D_low': 649.1507534384945, 'k2': 8.182878077740961e-05, 'D_high': 8318814.705990959, 'fire_exp': 2.518309635633299, 'P_half': 659.7509068436342, 'pre_dampen_half': 92.22475729466245, 'gpp_af': 0.7186657887819896, 'gpp_b': 0.0005583766087131818, 'gpp_d': 0.3316809680339026, 'ign_k': 2.167707453774265, 'ign_c': 1.2155796218580748, 'trop_agb_crit': 21.677765861692667, 'trop_k_veg': 0.7412368168107026, 'pop_amp': 0.009146588586787654, 'pop_peak': 73.23022704035755, 'pop_sig': 0.45362114181221597, 'fuel_k': 0.08520782235222689, 'fuel_half': 7.841834583396758}. Best is trial 421 with value: -0.6216386034937503.
[I 2026-08-19 14:52:03,889] Trial 484 finished with value: -0.5577628794507448 and parameters: {'k1': 0.0009303205776984746, 'D_low': 75.59777464064626, 'k2': 1.1387555230058098e-05, 'D_high': 90428.49554603948, 'fire_exp': 1.0879253191889722, 'P_half': 49.890562375192175, 'pre_dampen_half': 3.681697370742292, 'gpp_af': 0.007855923432830699, 'gpp_b': 1.4685957155237834e-05, 'gpp_d': 0.5564715750612047, 'ign_k': 0.5228653391606319, 'ign_c': 0.34734200257367387, 'trop_agb_crit': 3.966717611219535, 'trop_k_veg': 2.1311236199611088, 'pop_amp': 0.013132838820428391, 'pop_peak': 0.8008026185142364, 'pop_sig': 1.8566274583775577, 'fuel_k': 0.06463028501139456, 'fuel_half': 2.314568454292234}. Best is trial 421 with value: -0.6216386034937503.
[I 2026-08-19 14:52:07,063] Trial 485 finished with value: -0.3976152585067615 and parameters: {'k1': 0.03185678296180391, 'D_low': 35890.614396775636, 'k2': 1.132506366909993e-05, 'D_high': 60897.054046660756, 'fire_exp': 1.1060485370072317, 'P_half': 599.8595154123003, 'pre_dampen_half': 1.3929058409673198, 'gpp_af': 0.0015767679079284622, 'gpp_b': 1.226506487593881e-05, 'gpp_d': 2.9669907493219134, 'ign_k': 0.09447295958529937, 'ign_c': 28.645144963102315, 'trop_agb_crit': 14.92019209507036, 'trop_k_veg': 5.236257183969751, 'pop_amp': 0.0020591657365488744, 'pop_peak': 0.2764403851134878, 'pop_sig': 0.5540116290859335, 'fuel_k': 4.333370210237916, 'fuel_half': 0.15676107756032143}. Best is trial 421 with value: -0.6216386034937503.
  trial  486/2500  best_overall=0.6216  (28.1 min)
[I 2026-08-19 14:52:12,473] Trial 486 finished with value: -0.5095468495046236 and parameters: {'k1': 0.0007985415672219098, 'D_low': 54908.81794944882, 'k2': 1.339016157843312e-05, 'D_high': 453584.8516505, 'fire_exp': 1.0722500066637206, 'P_half': 91.60181855335011, 'pre_dampen_half': 129.6811510403321, 'gpp_af': 0.02206965676719304, 'gpp_b': 4.675716408095845e-05, 'gpp_d': 0.023613809529696297, 'ign_k': 5.835611638361944, 'ign_c': 0.5188367171474804, 'trop_agb_crit': 11.537381094609543, 'trop_k_veg': 1.7382388920959198, 'pop_amp': 0.5544408662297341, 'pop_peak': 3.2800627425255633, 'pop_sig': 1.7763485679285544, 'fuel_k': 0.26452660687063856, 'fuel_half': 3.991095943554427}. Best is trial 421 with value: -0.6216386034937503.
[I 2026-08-19 14:52:20,124] Trial 487 finished with value: -0.39970015824809557 and parameters: {'k1': 0.0027376519612768496, 'D_low': 13.76441868961454, 'k2': 1.6311551716359915e-05, 'D_high': 6275.6872825246755, 'fire_exp': 5.390735948881131, 'P_half': 779.8516464519693, 'pre_dampen_half': 116.78539804371168, 'gpp_af': 0.001560850515455144, 'gpp_b': 1.961383351603207e-05, 'gpp_d': 13.912633731541664, 'ign_k': 0.043470314670481076, 'ign_c': 0.4904641471276676, 'trop_agb_crit': 13.384388929129317, 'trop_k_veg': 2.805650349447347, 'pop_amp': 1.1891527633977232, 'pop_peak': 333.9592256989067, 'pop_sig': 0.37200864312784465, 'fuel_k': 0.20870954106237302, 'fuel_half': 0.5217593429427836}. Best is trial 421 with value: -0.6216386034937503.
[I 2026-08-19 14:52:27,131] Trial 488 finished with value: -0.4300735493973984 and parameters: {'k1': 0.0021349980236285244, 'D_low': 119.03682941589022, 'k2': 9.414110540905183e-05, 'D_high': 11763.027232048682, 'fire_exp': 2.7994797808259553, 'P_half': 6.6586582316396115, 'pre_dampen_half': 10.581885260328416, 'gpp_af': 0.02085485155970872, 'gpp_b': 4.046259712087622e-05, 'gpp_d': 0.2715323792279648, 'ign_k': 2.757123548598048, 'ign_c': 1.175067315010431, 'trop_agb_crit': 14.51557280325753, 'trop_k_veg': 1.4121403949211382, 'pop_amp': 0.35567946886701507, 'pop_peak': 0.3663542753091117, 'pop_sig': 2.172626680015058, 'fuel_k': 0.024216603194409173, 'fuel_half': 2.2739289153357145}. Best is trial 421 with value: -0.6216386034937503.
[I 2026-08-19 14:52:32,841] Trial 489 finished with value: -0.5772076425191491 and parameters: {'k1': 0.0003496110231127256, 'D_low': 106.91402265591017, 'k2': 0.00022480316582490823, 'D_high': 9878577.622784989, 'fire_exp': 3.260381463374594, 'P_half': 1064.3022083534531, 'pre_dampen_half': 144.33565091701146, 'gpp_af': 0.006176175348490487, 'gpp_b': 1.6147573828094877e-05, 'gpp_d': 11.718697515112735, 'ign_k': 0.059793241456630196, 'ign_c': 0.48301038512552136, 'trop_agb_crit': 16.86765117249261, 'trop_k_veg': 7.3292162722380985, 'pop_amp': 7.105700711719591, 'pop_peak': 209.35802707568646, 'pop_sig': 2.4346711702459887, 'fuel_k': 0.04903528527520445, 'fuel_half': 0.44326535951452584}. Best is trial 421 with value: -0.6216386034937503.
  trial  490/2500  best_overall=0.6216  (28.5 min)
[I 2026-08-19 14:52:38,923] Trial 490 finished with value: -0.46683533485124906 and parameters: {'k1': 0.00045170161054325874, 'D_low': 2411.724522721482, 'k2': 2.296414707548918e-05, 'D_high': 979721.1064668536, 'fire_exp': 4.219584187406194, 'P_half': 835.3272499649742, 'pre_dampen_half': 60.31447546274829, 'gpp_af': 0.014142602816210315, 'gpp_b': 1.1454587644712414e-05, 'gpp_d': 1.742655314012703, 'ign_k': 0.38910400157003994, 'ign_c': 0.1466821521421576, 'trop_agb_crit': 6.379599122415852, 'trop_k_veg': 5.685010713221076, 'pop_amp': 1.5928283969540868, 'pop_peak': 22.635568426465888, 'pop_sig': 0.7074373024572261, 'fuel_k': 0.0606943908524189, 'fuel_half': 0.18027028871403675}. Best is trial 421 with value: -0.6216386034937503.
[I 2026-08-19 14:52:43,245] Trial 491 finished with value: -0.3821013506300503 and parameters: {'k1': 0.002900865492634025, 'D_low': 9.75803522651519, 'k2': 8.211845777018983e-05, 'D_high': 3106912.2328022467, 'fire_exp': 1.645528219494989, 'P_half': 2.083597637940709, 'pre_dampen_half': 4.548142684976654, 'gpp_af': 0.0016417614008132709, 'gpp_b': 3.530379934287806e-05, 'gpp_d': 0.035680401490548706, 'ign_k': 3.069522051799839, 'ign_c': 22.900315092661028, 'trop_agb_crit': 7.378251715080697, 'trop_k_veg': 3.0705750394524354, 'pop_amp': 12.112164912239722, 'pop_peak': 1.0921716797630043, 'pop_sig': 1.4460369856453166, 'fuel_k': 0.01750241179386011, 'fuel_half': 0.4065037051133631}. Best is trial 421 with value: -0.6216386034937503.
