[I 2026-08-06 09:00:40,768] Trial 709 finished with values: [-0.5831693083784788, 0.47373742710623157] and parameters: {'k1': 0.004708159793250189, 'D_low': 12.105387404469584, 'k2': 0.0005262881356087174, 'D_high': 3005.809024615141, 'fire_exp': 1.0362310858538248, 'P_half': 4.213183643253957, 'pre_dampen_half': 502.5175192217655, 'gpp_af': 0.1476584299248268, 'gpp_b': 0.0005752434266899163, 'gpp_d': 229.41380323183625, 'ign_k': 2.615413574494962, 'ign_c': 0.557280750002996, 'trop_agb_crit': 25.382873076016292, 'trop_k_veg': 0.6673124511410327}.
[I 2026-08-06 09:00:42,097] Trial 710 finished with values: [10.41397984905286, 10.41397984905286] and parameters: {'k1': 0.03635503353478365, 'D_low': 12.105387404469584, 'k2': 0.03538758864779238, 'D_high': 61536.58035691648, 'fire_exp': 2.907328086166187, 'P_half': 338.23872019362165, 'pre_dampen_half': 552.4163637315892, 'gpp_af': 0.1476584299248268, 'gpp_b': 0.0005752434266899163, 'gpp_d': 229.41380323183625, 'ign_k': 8.708806168038567, 'ign_c': 8.40543912931368, 'trop_agb_crit': 3.5747129226002423, 'trop_k_veg': 0.6743482387129308}.
[I 2026-08-06 09:00:43,301] Trial 711 finished with values: [-0.5746724214878733, 0.697006685265934] and parameters: {'k1': 0.03635503353478365, 'D_low': 33.04784314771566, 'k2': 0.03538758864779238, 'D_high': 61536.58035691648, 'fire_exp': 1.1430983876313219, 'P_half': 338.23872019362165, 'pre_dampen_half': 207.33291221114672, 'gpp_af': 0.3939208112794227, 'gpp_b': 0.0005752434266899163, 'gpp_d': 229.41380323183625, 'ign_k': 8.708806168038567, 'ign_c': 8.40543912931368, 'trop_agb_crit': 3.5747129226002423, 'trop_k_veg': 0.6743482387129308}.
[I 2026-08-06 09:00:44,504] Trial 712 finished with values: [10.387667793164349, 10.387667793164349] and parameters: {'k1': 0.004312951023617458, 'D_low': 4.484744524732794, 'k2': 0.03538758864779238, 'D_high': 25628.666000163565, 'fire_exp': 1.423480109671474, 'P_half': 1.605843632310088, 'pre_dampen_half': 2.488338093530606, 'gpp_af': 9.419931479490897, 'gpp_b': 0.0054502936945582505, 'gpp_d': 229.41380323183625, 'ign_k': 8.708806168038567, 'ign_c': 1.2389052918551067, 'trop_agb_crit': 1.14876138417489, 'trop_k_veg': 2.520089655463604}.
[I 2026-08-06 09:00:45,963] Trial 713 finished with values: [10.05792762704251, 10.05792762704251] and parameters: {'k1': 0.00488137519160367, 'D_low': 4.484744524732794, 'k2': 0.032845299795769424, 'D_high': 8182.111518618414, 'fire_exp': 1.1430983876313219, 'P_half': 338.23872019362165, 'pre_dampen_half': 552.4163637315892, 'gpp_af': 0.1476584299248268, 'gpp_b': 0.0005752434266899163, 'gpp_d': 229.41380323183625, 'ign_k': 0.12329098365270515, 'ign_c': 0.557280750002996, 'trop_agb_crit': 1.0911298587990423, 'trop_k_veg': 0.6673124511410327}.
[I 2026-08-06 09:00:47,216] Trial 714 finished with values: [-0.5805791573739911, 0.7268064511969594] and parameters: {'k1': 0.01889771394135163, 'D_low': 150.6455793119292, 'k2': 0.032845299795769424, 'D_high': 8182.111518618414, 'fire_exp': 1.423480109671474, 'P_half': 4.213183643253957, 'pre_dampen_half': 502.5175192217655, 'gpp_af': 0.1476584299248268, 'gpp_b': 1.284284091405877e-05, 'gpp_d': 229.41380323183625, 'ign_k': 8.708806168038567, 'ign_c': 20.03995359361212, 'trop_agb_crit': 25.382873076016292, 'trop_k_veg': 2.5879386297557976}.
[I 2026-08-06 09:00:48,401] Trial 715 finished with values: [-0.5758311444999181, 0.46380974202253833] and parameters: {'k1': 0.01889771394135163, 'D_low': 70.18267183720735, 'k2': 0.012758211164590085, 'D_high': 2940.51756322311, 'fire_exp': 1.0362310858538248, 'P_half': 1.605843632310088, 'pre_dampen_half': 107.40052367919465, 'gpp_af': 1.921689966904808, 'gpp_b': 0.0005752434266899163, 'gpp_d': 84.31013932082456, 'ign_k': 0.0680787482656459, 'ign_c': 0.70689749506246, 'trop_agb_crit': 25.382873076016292, 'trop_k_veg': 0.5443513380244235}.
[I 2026-08-06 09:00:49,572] Trial 716 finished with values: [10.642808610629084, 10.642808610629084] and parameters: {'k1': 0.029626010885972713, 'D_low': 5.59983195169599, 'k2': 0.0006591123094840287, 'D_high': 231.73482832991365, 'fire_exp': 2.399913666074607, 'P_half': 115.44738876452311, 'pre_dampen_half': 502.5175192217655, 'gpp_af': 0.16548212780922, 'gpp_b': 0.0005752434266899163, 'gpp_d': 2.944272359149677, 'ign_k': 0.12329098365270515, 'ign_c': 0.9580682294110432, 'trop_agb_crit': 25.382873076016292, 'trop_k_veg': 1.9938441068366917}.
[I 2026-08-06 09:00:50,726] Trial 717 finished with values: [10.061633773060082, 10.061633773060082] and parameters: {'k1': 0.03635503353478365, 'D_low': 12.105387404469584, 'k2': 0.012758211164590085, 'D_high': 2940.51756322311, 'fire_exp': 1.353841071397002, 'P_half': 12.808863354047988, 'pre_dampen_half': 107.40052367919465, 'gpp_af': 0.1476584299248268, 'gpp_b': 0.0005752434266899163, 'gpp_d': 0.986538195779616, 'ign_k': 0.12329098365270515, 'ign_c': 8.40543912931368, 'trop_agb_crit': 10.905006748783771, 'trop_k_veg': 2.4978545597116653}.
[I 2026-08-06 09:00:51,913] Trial 718 finished with values: [10.187195064471133, 10.187195064471133] and parameters: {'k1': 0.03635503353478365, 'D_low': 4.484744524732794, 'k2': 0.0007047307383115598, 'D_high': 2940.51756322311, 'fire_exp': 1.353841071397002, 'P_half': 12.808863354047988, 'pre_dampen_half': 552.4163637315892, 'gpp_af': 0.18069041761817034, 'gpp_b': 0.0005752434266899163, 'gpp_d': 229.41380323183625, 'ign_k': 0.12329098365270515, 'ign_c': 20.03995359361212, 'trop_agb_crit': 10.965064494899984, 'trop_k_veg': 0.6743482387129308}.
[I 2026-08-06 09:00:53,085] Trial 719 finished with values: [-0.5263379421224229, 0.4159190867581909] and parameters: {'k1': 0.008471801418819975, 'D_low': 4.484744524732794, 'k2': 0.001362731161143793, 'D_high': 8182.111518618414, 'fire_exp': 1.0629462657398439, 'P_half': 338.23872019362165, 'pre_dampen_half': 502.5175192217655, 'gpp_af': 0.7539992074650279, 'gpp_b': 0.0005752434266899163, 'gpp_d': 229.41380323183625, 'ign_k': 0.12329098365270515, 'ign_c': 20.03995359361212, 'trop_agb_crit': 10.965064494899984, 'trop_k_veg': 1.4584243470991722}.
[I 2026-08-06 09:00:54,270] Trial 720 finished with values: [-0.6122177808432404, 0.26698431790910515] and parameters: {'k1': 0.01889771394135163, 'D_low': 70.18267183720735, 'k2': 0.012758211164590085, 'D_high': 2940.51756322311, 'fire_exp': 1.0629462657398439, 'P_half': 12.808863354047988, 'pre_dampen_half': 107.40052367919465, 'gpp_af': 0.1476584299248268, 'gpp_b': 0.0005752434266899163, 'gpp_d': 84.31013932082456, 'ign_k': 8.708806168038567, 'ign_c': 20.03995359361212, 'trop_agb_crit': 7.500118950416987, 'trop_k_veg': 2.520089655463604}.
[I 2026-08-06 09:00:55,492] Trial 721 finished with values: [10.105694171041923, 10.105694171041923] and parameters: {'k1': 0.01889771394135163, 'D_low': 70.18267183720735, 'k2': 0.0027015957920129437, 'D_high': 8182.111518618414, 'fire_exp': 1.0629462657398439, 'P_half': 5.29551022369202, 'pre_dampen_half': 63.6685916079943, 'gpp_af': 9.419931479490897, 'gpp_b': 0.0005752434266899163, 'gpp_d': 2.944272359149677, 'ign_k': 8.708806168038567, 'ign_c': 0.21208987108343724, 'trop_agb_crit': 7.500118950416987, 'trop_k_veg': 4.345076509212382}.
[I 2026-08-06 09:00:56,666] Trial 722 finished with values: [-0.5822318542711254, 0.42849986086908853] and parameters: {'k1': 0.004312951023617458, 'D_low': 40.12413353131991, 'k2': 0.0007047307383115598, 'D_high': 8182.111518618414, 'fire_exp': 1.0629462657398439, 'P_half': 1.605843632310088, 'pre_dampen_half': 502.5175192217655, 'gpp_af': 0.10409127568994281, 'gpp_b': 0.0054502936945582505, 'gpp_d': 1.493264336549928, 'ign_k': 8.708806168038567, 'ign_c': 0.557280750002996, 'trop_agb_crit': 3.5747129226002423, 'trop_k_veg': 0.6673124511410327}.
[I 2026-08-06 09:00:57,907] Trial 723 finished with values: [10.769230769178105, 10.769230769178105] and parameters: {'k1': 0.029626010885972713, 'D_low': 5.59983195169599, 'k2': 0.0006591123094840287, 'D_high': 11469.197890812939, 'fire_exp': 1.165368636520435, 'P_half': 115.44738876452311, 'pre_dampen_half': 552.4163637315892, 'gpp_af': 0.1476584299248268, 'gpp_b': 0.0005752434266899163, 'gpp_d': 116.12579322936493, 'ign_k': 8.708806168038567, 'ign_c': 74.55766613295631, 'trop_agb_crit': 25.78839779198599, 'trop_k_veg': 0.6673124511410327}.
[I 2026-08-06 09:00:59,157] Trial 724 finished with values: [-0.5879860819690172, 0.8453143523886469] and parameters: {'k1': 0.03635503353478365, 'D_low': 12.105387404469584, 'k2': 0.0007047307383115598, 'D_high': 63233.81951066786, 'fire_exp': 1.1430983876313219, 'P_half': 12.808863354047988, 'pre_dampen_half': 107.40052367919465, 'gpp_af': 0.18069041761817034, 'gpp_b': 0.0005752434266899163, 'gpp_d': 229.41380323183625, 'ign_k': 8.708806168038567, 'ign_c': 3.7623363852696734, 'trop_agb_crit': 1.14876138417489, 'trop_k_veg': 0.6673124511410327}.
[I 2026-08-06 09:01:00,331] Trial 725 finished with values: [10.084235353675362, 10.084235353675362] and parameters: {'k1': 0.03635503353478365, 'D_low': 12.105387404469584, 'k2': 0.03538758864779238, 'D_high': 2940.51756322311, 'fire_exp': 1.353841071397002, 'P_half': 338.23872019362165, 'pre_dampen_half': 552.4163637315892, 'gpp_af': 0.1476584299248268, 'gpp_b': 0.0005752434266899163, 'gpp_d': 229.41380323183625, 'ign_k': 0.12329098365270515, 'ign_c': 0.557280750002996, 'trop_agb_crit': 3.5747129226002423, 'trop_k_veg': 0.6743482387129308}.
[I 2026-08-06 09:01:01,545] Trial 726 finished with values: [-0.5246128781983336, 0.6174715399778317] and parameters: {'k1': 0.0018538092461931478, 'D_low': 40.12413353131991, 'k2': 0.0009562822793888481, 'D_high': 61536.58035691648, 'fire_exp': 1.1430983876313219, 'P_half': 338.23872019362165, 'pre_dampen_half': 502.5175192217655, 'gpp_af': 0.16548212780922, 'gpp_b': 0.0005752434266899163, 'gpp_d': 1.493264336549928, 'ign_k': 8.708806168038567, 'ign_c': 0.9580682294110432, 'trop_agb_crit': 1.6878075072665546, 'trop_k_veg': 1.4584243470991722}.
[I 2026-08-06 09:01:02,808] Trial 727 finished with values: [-0.5466500482995806, 0.5670311872908446] and parameters: {'k1': 0.004312951023617458, 'D_low': 2.143851363193517, 'k2': 0.0005262881356087174, 'D_high': 8182.111518618414, 'fire_exp': 1.1430983876313219, 'P_half': 338.23872019362165, 'pre_dampen_half': 552.4163637315892, 'gpp_af': 0.1476584299248268, 'gpp_b': 1.3289448722869181e-05, 'gpp_d': 150.14555442537656, 'ign_k': 8.708806168038567, 'ign_c': 0.70689749506246, 'trop_agb_crit': 1.6079844205915728, 'trop_k_veg': 1.0594599158279707}.
[I 2026-08-06 09:01:04,072] Trial 728 finished with values: [-0.6199223917465025, 0.8106756165572111] and parameters: {'k1': 0.03635503353478365, 'D_low': 12.105387404469584, 'k2': 0.032845299795769424, 'D_high': 61536.58035691648, 'fire_exp': 1.1430983876313219, 'P_half': 4.213183643253957, 'pre_dampen_half': 552.4163637315892, 'gpp_af': 0.0014188461251885575, 'gpp_b': 1.284284091405877e-05, 'gpp_d': 229.41380323183625, 'ign_k': 8.708806168038567, 'ign_c': 0.557280750002996, 'trop_agb_crit': 3.5747129226002423, 'trop_k_veg': 0.6743482387129308}.
[I 2026-08-06 09:01:05,330] Trial 729 finished with values: [-0.5940256920110203, 0.38145688775217534] and parameters: {'k1': 0.01889771394135163, 'D_low': 5.59983195169599, 'k2': 0.012758211164590085, 'D_high': 2940.51756322311, 'fire_exp': 1.0362310858538248, 'P_half': 5.232779509048979, 'pre_dampen_half': 107.40052367919465, 'gpp_af': 0.1476584299248268, 'gpp_b': 0.0005752434266899163, 'gpp_d': 84.31013932082456, 'ign_k': 0.0680787482656459, 'ign_c': 0.70689749506246, 'trop_agb_crit': 25.382873076016292, 'trop_k_veg': 0.6673124511410327}.
[I 2026-08-06 09:01:06,780] Trial 730 finished with values: [10.153075918798963, 10.153075918798963] and parameters: {'k1': 0.004312951023617458, 'D_low': 1.1828517880366913, 'k2': 0.0009562822793888481, 'D_high': 8182.111518618414, 'fire_exp': 1.695318866910499, 'P_half': 221.2683656611821, 'pre_dampen_half': 502.5175192217655, 'gpp_af': 1.1409619915696267, 'gpp_b': 0.0005752434266899163, 'gpp_d': 229.41380323183625, 'ign_k': 0.12329098365270515, 'ign_c': 0.24989960578908887, 'trop_agb_crit': 1.6878075072665546, 'trop_k_veg': 0.6673124511410327}.
[I 2026-08-06 09:01:08,018] Trial 731 finished with values: [10.01657204931479, 10.01657204931479] and parameters: {'k1': 0.01889771394135163, 'D_low': 40.12413353131991, 'k2': 0.0007047307383115598, 'D_high': 2940.51756322311, 'fire_exp': 1.0629462657398439, 'P_half': 1.605843632310088, 'pre_dampen_half': 502.5175192217655, 'gpp_af': 0.10409127568994281, 'gpp_b': 0.0054502936945582505, 'gpp_d': 1.493264336549928, 'ign_k': 0.12329098365270515, 'ign_c': 1.2389052918551067, 'trop_agb_crit': 7.500118950416987, 'trop_k_veg': 0.6743482387129308}.
[I 2026-08-06 09:01:09,206] Trial 732 finished with values: [-0.5874568584990435, 0.5602344966078416] and parameters: {'k1': 0.008471801418819975, 'D_low': 4.484744524732794, 'k2': 0.0005262881356087174, 'D_high': 5254.8834372681695, 'fire_exp': 1.0629462657398439, 'P_half': 220.3445560633069, 'pre_dampen_half': 502.5175192217655, 'gpp_af': 0.7539992074650279, 'gpp_b': 1.3289448722869181e-05, 'gpp_d': 229.41380323183625, 'ign_k': 2.615413574494962, 'ign_c': 0.70689749506246, 'trop_agb_crit': 1.14876138417489, 'trop_k_veg': 1.4584243470991722}.
[I 2026-08-06 09:01:10,389] Trial 733 finished with values: [-0.6105555588218086, 0.43737437125633105] and parameters: {'k1': 0.01889771394135163, 'D_low': 12.105387404469584, 'k2': 0.03538758864779238, 'D_high': 2940.51756322311, 'fire_exp': 1.1430983876313219, 'P_half': 12.808863354047988, 'pre_dampen_half': 107.40052367919465, 'gpp_af': 0.1476584299248268, 'gpp_b': 0.00014950919877749144, 'gpp_d': 150.14555442537656, 'ign_k': 8.708806168038567, 'ign_c': 3.5828811741825057, 'trop_agb_crit': 10.965064494899984, 'trop_k_veg': 0.6673124511410327}.
[I 2026-08-06 09:01:11,687] Trial 734 finished with values: [-0.553357078058705, 0.44684323216784605] and parameters: {'k1': 0.004312951023617458, 'D_low': 1.0721400017185365, 'k2': 0.012758211164590085, 'D_high': 2940.51756322311, 'fire_exp': 1.0362310858538248, 'P_half': 1.605843632310088, 'pre_dampen_half': 107.40052367919465, 'gpp_af': 1.1409619915696267, 'gpp_b': 0.0005752434266899163, 'gpp_d': 84.31013932082456, 'ign_k': 0.0680787482656459, 'ign_c': 4.2425976091860935, 'trop_agb_crit': 25.382873076016292, 'trop_k_veg': 0.5443513380244235}.
[I 2026-08-06 09:01:12,877] Trial 735 finished with values: [10.6952787281118, 10.6952787281118] and parameters: {'k1': 0.004312951023617458, 'D_low': 191.61918406231337, 'k2': 0.003889545503367576, 'D_high': 1177.190025324204, 'fire_exp': 1.1430983876313219, 'P_half': 4.213183643253957, 'pre_dampen_half': 502.5175192217655, 'gpp_af': 0.0014188461251885575, 'gpp_b': 0.011051185074931393, 'gpp_d': 229.41380323183625, 'ign_k': 8.708806168038567, 'ign_c': 1.2389052918551067, 'trop_agb_crit': 25.382873076016292, 'trop_k_veg': 2.520089655463604}.
[I 2026-08-06 09:01:14,094] Trial 736 finished with values: [-0.5472862145772308, 0.6622691749993339] and parameters: {'k1': 0.004312951023617458, 'D_low': 12.105387404469584, 'k2': 0.0009562822793888481, 'D_high': 8182.111518618414, 'fire_exp': 1.1430983876313219, 'P_half': 220.3445560633069, 'pre_dampen_half': 552.4163637315892, 'gpp_af': 0.7539992074650279, 'gpp_b': 1.284284091405877e-05, 'gpp_d': 16.460426816350523, 'ign_k': 0.12329098365270515, 'ign_c': 0.557280750002996, 'trop_agb_crit': 10.965064494899984, 'trop_k_veg': 4.345076509212382}.
[I 2026-08-06 09:01:15,292] Trial 737 finished with values: [-0.5376583543927004, 0.5039208458867116] and parameters: {'k1': 0.008471801418819975, 'D_low': 4.484744524732794, 'k2': 0.032845299795769424, 'D_high': 8182.111518618414, 'fire_exp': 1.0629462657398439, 'P_half': 220.3445560633069, 'pre_dampen_half': 502.5175192217655, 'gpp_af': 0.7539992074650279, 'gpp_b': 0.0005752434266899163, 'gpp_d': 1.493264336549928, 'ign_k': 8.708806168038567, 'ign_c': 20.03995359361212, 'trop_agb_crit': 21.20801447986448, 'trop_k_veg': 1.4584243470991722}.
[I 2026-08-06 09:01:16,491] Trial 738 finished with values: [-0.5267118895789055, 0.6260029751965199] and parameters: {'k1': 0.0018538092461931478, 'D_low': 40.12413353131991, 'k2': 0.032845299795769424, 'D_high': 61536.58035691648, 'fire_exp': 1.1430983876313219, 'P_half': 338.23872019362165, 'pre_dampen_half': 502.5175192217655, 'gpp_af': 0.1476584299248268, 'gpp_b': 0.0005752434266899163, 'gpp_d': 1.493264336549928, 'ign_k': 8.708806168038567, 'ign_c': 0.24989960578908887, 'trop_agb_crit': 12.324775650896964, 'trop_k_veg': 1.4584243470991722}.
[I 2026-08-06 09:01:17,651] Trial 739 finished with values: [-0.5247485509454897, 0.5297293935885392] and parameters: {'k1': 2.6285770615112825e-05, 'D_low': 2.143851363193517, 'k2': 0.0007047307383115598, 'D_high': 5254.8834372681695, 'fire_exp': 1.0629462657398439, 'P_half': 1.605843632310088, 'pre_dampen_half': 502.5175192217655, 'gpp_af': 1.1409619915696267, 'gpp_b': 3.481277316673104e-05, 'gpp_d': 418.77522137884927, 'ign_k': 0.0680787482656459, 'ign_c': 0.9580682294110432, 'trop_agb_crit': 2.9222815721218716, 'trop_k_veg': 1.4584243470991722}.
[I 2026-08-06 09:01:18,831] Trial 740 finished with values: [-0.5124548774849312, 0.7429263128037238] and parameters: {'k1': 0.004312951023617458, 'D_low': 70.18267183720735, 'k2': 0.0007047307383115598, 'D_high': 8182.111518618414, 'fire_exp': 1.0629462657398439, 'P_half': 9.417360296511943, 'pre_dampen_half': 502.5175192217655, 'gpp_af': 1.1409619915696267, 'gpp_b': 3.481277316673104e-05, 'gpp_d': 1.493264336549928, 'ign_k': 8.708806168038567, 'ign_c': 20.03995359361212, 'trop_agb_crit': 7.500118950416987, 'trop_k_veg': 1.9938441068366917}.
[I 2026-08-06 09:01:19,982] Trial 741 finished with values: [-0.6361116532594339, 0.3230616600739459] and parameters: {'k1': 0.01889771394135163, 'D_low': 4.484744524732794, 'k2': 0.032845299795769424, 'D_high': 2940.51756322311, 'fire_exp': 1.0629462657398439, 'P_half': 12.808863354047988, 'pre_dampen_half': 502.5175192217655, 'gpp_af': 0.1476584299248268, 'gpp_b': 0.0005752434266899163, 'gpp_d': 431.69073113052116, 'ign_k': 8.708806168038567, 'ign_c': 20.03995359361212, 'trop_agb_crit': 7.500118950416987, 'trop_k_veg': 1.4584243470991722}.
[I 2026-08-06 09:01:21,116] Trial 742 finished with values: [-0.6320880133168001, 0.42996055609879325] and parameters: {'k1': 0.03635503353478365, 'D_low': 12.105387404469584, 'k2': 0.03538758864779238, 'D_high': 2940.51756322311, 'fire_exp': 1.1488607445926913, 'P_half': 12.808863354047988, 'pre_dampen_half': 552.4163637315892, 'gpp_af': 0.18069041761817034, 'gpp_b': 0.0005752434266899163, 'gpp_d': 229.41380323183625, 'ign_k': 5.466937478766086, 'ign_c': 8.40543912931368, 'trop_agb_crit': 10.965064494899984, 'trop_k_veg': 0.6743482387129308}.
[I 2026-08-06 09:01:22,254] Trial 743 finished with values: [-0.5488132749333787, 0.6617363794461499] and parameters: {'k1': 0.004312951023617458, 'D_low': 40.12413353131991, 'k2': 0.0009562822793888481, 'D_high': 8182.111518618414, 'fire_exp': 1.1430983876313219, 'P_half': 221.2683656611821, 'pre_dampen_half': 502.5175192217655, 'gpp_af': 0.18069041761817034, 'gpp_b': 1.5385046399532158e-05, 'gpp_d': 229.41380323183625, 'ign_k': 5.351470428717437, 'ign_c': 8.40543912931368, 'trop_agb_crit': 10.965064494899984, 'trop_k_veg': 0.6673124511410327}.
[I 2026-08-06 09:01:23,439] Trial 744 finished with values: [10.443380521900973, 10.443380521900973] and parameters: {'k1': 2.6285770615112825e-05, 'D_low': 4.484744524732794, 'k2': 0.032845299795769424, 'D_high': 5254.8834372681695, 'fire_exp': 2.2471014875823556, 'P_half': 1.605843632310088, 'pre_dampen_half': 502.5175192217655, 'gpp_af': 0.7539992074650279, 'gpp_b': 3.481277316673104e-05, 'gpp_d': 418.77522137884927, 'ign_k': 8.708806168038567, 'ign_c': 20.03995359361212, 'trop_agb_crit': 2.9222815721218716, 'trop_k_veg': 1.4584243470991722}.
[I 2026-08-06 09:01:24,595] Trial 745 finished with values: [-0.6033231290048173, 0.556947406417284] and parameters: {'k1': 0.008471801418819975, 'D_low': 70.18267183720735, 'k2': 0.012758211164590085, 'D_high': 5254.8834372681695, 'fire_exp': 1.0362310858538248, 'P_half': 2.5449737887285035, 'pre_dampen_half': 481.9793830934018, 'gpp_af': 1.921689966904808, 'gpp_b': 0.008226792720717493, 'gpp_d': 84.31013932082456, 'ign_k': 8.708806168038567, 'ign_c': 0.70689749506246, 'trop_agb_crit': 25.382873076016292, 'trop_k_veg': 0.5443513380244235}.
[I 2026-08-06 09:01:25,761] Trial 746 finished with values: [10.069161934733582, 10.069161934733582] and parameters: {'k1': 0.004312951023617458, 'D_low': 3.525936800597896, 'k2': 0.0007047307383115598, 'D_high': 2940.51756322311, 'fire_exp': 1.165368636520435, 'P_half': 220.3445560633069, 'pre_dampen_half': 552.4163637315892, 'gpp_af': 0.7539992074650279, 'gpp_b': 1.284284091405877e-05, 'gpp_d': 16.460426816350523, 'ign_k': 0.07696703458159235, 'ign_c': 0.70689749506246, 'trop_agb_crit': 2.3949151201661625, 'trop_k_veg': 4.345076509212382}.
[I 2026-08-06 09:01:27,146] Trial 747 finished with values: [-0.4933864988419564, 0.8838608207159401] and parameters: {'k1': 0.00013787693098630266, 'D_low': 40.12413353131991, 'k2': 0.03538758864779238, 'D_high': 25628.666000163565, 'fire_exp': 1.0629462657398439, 'P_half': 1.605843632310088, 'pre_dampen_half': 502.5175192217655, 'gpp_af': 0.7539992074650279, 'gpp_b': 0.0005752434266899163, 'gpp_d': 1.493264336549928, 'ign_k': 8.708806168038567, 'ign_c': 1.2389052918551067, 'trop_agb_crit': 25.382873076016292, 'trop_k_veg': 2.520089655463604}.
[I 2026-08-06 09:01:28,299] Trial 748 finished with values: [-0.5828333967928465, 0.6487412444605367] and parameters: {'k1': 0.004312951023617458, 'D_low': 5.59983195169599, 'k2': 0.032845299795769424, 'D_high': 8182.111518618414, 'fire_exp': 1.165368636520435, 'P_half': 12.808863354047988, 'pre_dampen_half': 502.5175192217655, 'gpp_af': 0.1476584299248268, 'gpp_b': 0.0006978141787680361, 'gpp_d': 1.493264336549928, 'ign_k': 8.708806168038567, 'ign_c': 8.40543912931368, 'trop_agb_crit': 25.382873076016292, 'trop_k_veg': 4.633503917129022}.
