[I 2026-08-19 13:16:03,578] Trial 600 finished with values: [-0.4081627253271177, 7.471824936544635e-08] and parameters: {'k1': 0.0008020503059027807, 'D_low': 1.6569065206637925, 'k2': 3.077180271250682e-05, 'D_high': 24493.271671328574, 'fire_exp': 1.2460495533150313, 'P_half': 10.436686039715203, 'pre_dampen_half': 0.19674328025306115, 'gpp_af': 0.18737227240512885, 'gpp_b': 0.0006601625523811777, 'gpp_d': 0.050654860639753524, 'ign_k': 0.1537592023548176, 'ign_c': 89.12611835816996, 'trop_agb_crit': 14.188434224699876, 'trop_k_veg': 0.5443513380244235, 'pop_amp': 0.008683934086503814, 'pop_peak': 0.05281056279423359, 'pop_sig': 0.4663206866626952, 'fuel_k': 3.640039183945803, 'fuel_half': 1.7895437790635824}.
[I 2026-08-19 13:16:05,951] Trial 601 finished with values: [-0.4496377246187991, 0.005964364264681943] and parameters: {'k1': 5.7909642338812115e-05, 'D_low': 1.6569065206637925, 'k2': 2.5361985156938774e-05, 'D_high': 6543576.946931886, 'fire_exp': 1.1633452995374232, 'P_half': 8894.151386481904, 'pre_dampen_half': 0.10189118197357125, 'gpp_af': 0.41874665092828456, 'gpp_b': 0.004411400434514031, 'gpp_d': 1.0088237648985734, 'ign_k': 0.17320535908244444, 'ign_c': 0.4177928311636542, 'trop_agb_crit': 3.3887235042490564, 'trop_k_veg': 5.453348988480011, 'pop_amp': 11.72926995754655, 'pop_peak': 2.016436598480055, 'pop_sig': 0.4663206866626952, 'fuel_k': 2.8606142106392465, 'fuel_half': 1.683458881839943}.
[I 2026-08-19 13:16:08,184] Trial 602 finished with values: [-0.4036967851119739, 2.0317081350640365e-14] and parameters: {'k1': 2.9693357731296325e-05, 'D_low': 1.6569065206637925, 'k2': 0.0003856302813879373, 'D_high': 1840060.4093141211, 'fire_exp': 7.856097010829145, 'P_half': 8894.151386481904, 'pre_dampen_half': 0.2571419084734534, 'gpp_af': 36.830088529547496, 'gpp_b': 0.14222241542049918, 'gpp_d': 108.18665579547857, 'ign_k': 0.009935023909063692, 'ign_c': 4.4716799012313055, 'trop_agb_crit': 2.6689615974393592, 'trop_k_veg': 6.972354563243685, 'pop_amp': 0.0021433490423168255, 'pop_peak': 4.557885026195722, 'pop_sig': 0.28855712799307187, 'fuel_k': 2.8606142106392465, 'fuel_half': 17.890117928710357}.
[I 2026-08-19 13:16:10,657] Trial 603 finished with values: [-0.40548302715150014, 0.001070451568616071] and parameters: {'k1': 0.0010906578074524078, 'D_low': 286.06841726052676, 'k2': 0.0003856302813879373, 'D_high': 9355.38060645217, 'fire_exp': 1.3796609641485171, 'P_half': 6281.776703992854, 'pre_dampen_half': 0.10189118197357125, 'gpp_af': 0.18737227240512885, 'gpp_b': 0.0004837646996135023, 'gpp_d': 118.26972885708257, 'ign_k': 0.0018736533225205817, 'ign_c': 12.366924205139131, 'trop_agb_crit': 17.69486533706496, 'trop_k_veg': 2.968382718115938, 'pop_amp': 10.985330528057915, 'pop_peak': 352.89806695809773, 'pop_sig': 0.6871869718280653, 'fuel_k': 2.8606142106392465, 'fuel_half': 17.890117928710357}.
[I 2026-08-19 13:16:13,208] Trial 604 finished with values: [-0.3554625854118624, 0.0] and parameters: {'k1': 0.0004846497679219079, 'D_low': 1368.9795993592197, 'k2': 0.0021608491389795734, 'D_high': 1661855.441285105, 'fire_exp': 9.92423075638796, 'P_half': 4.937355303501834, 'pre_dampen_half': 1.8469033699850426, 'gpp_af': 0.005018406982902927, 'gpp_b': 1.624829724391053, 'gpp_d': 117.2128156438701, 'ign_k': 0.17320535908244444, 'ign_c': 0.2806439011124269, 'trop_agb_crit': 28.49245476864681, 'trop_k_veg': 4.891066132801691, 'pop_amp': 0.0021433490423168255, 'pop_peak': 10.679600530994481, 'pop_sig': 0.9904669476016459, 'fuel_k': 0.27631890369709744, 'fuel_half': 1.7918446176734728}.
  trial  605/2500  pareto_size=29  best_ilamb=0.6094  (30.6 min)
[I 2026-08-19 13:16:16,568] Trial 605 finished with values: [-0.4178856350853647, 9.406685430590755e-10] and parameters: {'k1': 1.844951990812239e-05, 'D_low': 1.6569065206637925, 'k2': 0.0014455983984872978, 'D_high': 1907543.828944448, 'fire_exp': 4.4758690202162805, 'P_half': 8894.151386481904, 'pre_dampen_half': 0.2571419084734534, 'gpp_af': 0.18737227240512885, 'gpp_b': 0.0004837646996135023, 'gpp_d': 0.16294786031575217, 'ign_k': 0.04439802552990466, 'ign_c': 12.366924205139131, 'trop_agb_crit': 3.544180417534903, 'trop_k_veg': 6.972354563243685, 'pop_amp': 0.029228481237926353, 'pop_peak': 0.17274196344453516, 'pop_sig': 1.804482856986987, 'fuel_k': 2.8606142106392465, 'fuel_half': 17.890117928710357}.
[I 2026-08-19 13:16:18,991] Trial 606 finished with values: [-0.4230863957744857, 1.883363731636223e-08] and parameters: {'k1': 0.005456725485601475, 'D_low': 1.6569065206637925, 'k2': 0.0003856302813879373, 'D_high': 1661855.441285105, 'fire_exp': 6.464773756830049, 'P_half': 4337.920697490941, 'pre_dampen_half': 0.2571419084734534, 'gpp_af': 49.583649914027546, 'gpp_b': 0.7652822088380072, 'gpp_d': 117.2128156438701, 'ign_k': 0.288986631588588, 'ign_c': 12.366924205139131, 'trop_agb_crit': 28.49245476864681, 'trop_k_veg': 6.972354563243685, 'pop_amp': 0.020758979942636296, 'pop_peak': 24.119300611674838, 'pop_sig': 1.804482856986987, 'fuel_k': 2.8606142106392465, 'fuel_half': 17.890117928710357}.
[I 2026-08-19 13:16:21,494] Trial 607 finished with values: [-0.3627601144517556, 2.155436936712718e-06] and parameters: {'k1': 2.9693357731296325e-05, 'D_low': 1452.943690927704, 'k2': 0.00027413507419758244, 'D_high': 1840060.4093141211, 'fire_exp': 7.856097010829145, 'P_half': 267.2146013620241, 'pre_dampen_half': 0.2571419084734534, 'gpp_af': 36.830088529547496, 'gpp_b': 9.67374839440457e-05, 'gpp_d': 0.33699352257983195, 'ign_k': 0.009935023909063692, 'ign_c': 4.4716799012313055, 'trop_agb_crit': 9.497662537022913, 'trop_k_veg': 0.5286133593985778, 'pop_amp': 0.04874366481145617, 'pop_peak': 1.421337820414783, 'pop_sig': 0.5314193463179775, 'fuel_k': 0.022805907608636752, 'fuel_half': 17.890117928710357}.
[I 2026-08-19 13:16:24,018] Trial 608 finished with values: [-0.39789673865661934, 1.1410872247097359e-12] and parameters: {'k1': 0.0005062132815242158, 'D_low': 286.06841726052676, 'k2': 0.0002001342062287998, 'D_high': 1819372.4578178402, 'fire_exp': 4.3161213924316595, 'P_half': 4.937355303501834, 'pre_dampen_half': 1.8469033699850426, 'gpp_af': 0.005018406982902927, 'gpp_b': 1.624829724391053, 'gpp_d': 3.9841905944346854, 'ign_k': 9.162638829638215, 'ign_c': 0.2806439011124269, 'trop_agb_crit': 27.05166881899929, 'trop_k_veg': 3.754644404143055, 'pop_amp': 0.004345387962878051, 'pop_peak': 1.884221947092994, 'pop_sig': 0.9904669476016459, 'fuel_k': 3.640039183945803, 'fuel_half': 0.10355826161899183}.
[I 2026-08-19 13:16:26,476] Trial 609 finished with values: [-0.4273662502041134, 0.0005546254266096673] and parameters: {'k1': 1.844951990812239e-05, 'D_low': 27972.024228472703, 'k2': 0.0019856031481305684, 'D_high': 1907543.828944448, 'fire_exp': 1.3796609641485171, 'P_half': 8894.151386481904, 'pre_dampen_half': 0.2571419084734534, 'gpp_af': 0.18737227240512885, 'gpp_b': 0.0004837646996135023, 'gpp_d': 118.26972885708257, 'ign_k': 0.45791923103229365, 'ign_c': 12.366924205139131, 'trop_agb_crit': 3.544180417534903, 'trop_k_veg': 6.972354563243685, 'pop_amp': 0.04874366481145617, 'pop_peak': 0.17274196344453516, 'pop_sig': 0.6871869718280653, 'fuel_k': 0.023074547684106324, 'fuel_half': 17.890117928710357}.
[I 2026-08-19 13:16:28,762] Trial 610 finished with values: [-0.4044208157064116, 6.176653422063083e-08] and parameters: {'k1': 9.67404566214593e-05, 'D_low': 437.4364439939077, 'k2': 6.340140860251457e-05, 'D_high': 9355.38060645217, 'fire_exp': 4.3161213924316595, 'P_half': 4337.920697490941, 'pre_dampen_half': 0.2571419084734534, 'gpp_af': 2.0540519425388455, 'gpp_b': 1.624829724391053, 'gpp_d': 108.18665579547857, 'ign_k': 9.162638829638215, 'ign_c': 6.0816733722841345, 'trop_agb_crit': 27.05166881899929, 'trop_k_veg': 4.288672925586801, 'pop_amp': 10.985330528057915, 'pop_peak': 1.884221947092994, 'pop_sig': 0.9904669476016459, 'fuel_k': 3.640039183945803, 'fuel_half': 0.10355826161899183}.
[I 2026-08-19 13:16:30,961] Trial 611 finished with values: [-0.40583715183114394, 1.780339952828225e-05] and parameters: {'k1': 1.844951990812239e-05, 'D_low': 27972.024228472703, 'k2': 0.0067445742055710165, 'D_high': 5109990.03526815, 'fire_exp': 3.7695400350033266, 'P_half': 267.2146013620241, 'pre_dampen_half': 0.10189118197357125, 'gpp_af': 0.006580815488709274, 'gpp_b': 9.67374839440457e-05, 'gpp_d': 0.33699352257983195, 'ign_k': 9.162638829638215, 'ign_c': 25.49454588329708, 'trop_agb_crit': 9.497662537022913, 'trop_k_veg': 2.968382718115938, 'pop_amp': 0.04874366481145617, 'pop_peak': 456.60279198301936, 'pop_sig': 0.6871869718280653, 'fuel_k': 2.9048292509177145, 'fuel_half': 17.890117928710357}.
[I 2026-08-19 13:16:33,027] Trial 612 finished with values: [-0.414700172277795, 5.581952677857771e-10] and parameters: {'k1': 4.0873003903057456e-05, 'D_low': 1.6569065206637925, 'k2': 4.392638796750218e-05, 'D_high': 6543576.946931886, 'fire_exp': 6.464773756830049, 'P_half': 6281.776703992854, 'pre_dampen_half': 0.2571419084734534, 'gpp_af': 0.18737227240512885, 'gpp_b': 0.0001605469768042801, 'gpp_d': 118.26972885708257, 'ign_k': 0.0629707107611051, 'ign_c': 12.366924205139131, 'trop_agb_crit': 2.6689615974393592, 'trop_k_veg': 3.754644404143055, 'pop_amp': 0.0013002472438361158, 'pop_peak': 657.2719182917455, 'pop_sig': 1.804482856986987, 'fuel_k': 3.640039183945803, 'fuel_half': 0.10355826161899183}.
[I 2026-08-19 13:16:35,454] Trial 613 finished with values: [-0.3918086312409385, 5.440092820663267e-15] and parameters: {'k1': 9.67404566214593e-05, 'D_low': 1.6569065206637925, 'k2': 0.0002001342062287998, 'D_high': 1661855.441285105, 'fire_exp': 6.454675979546216, 'P_half': 10.436686039715203, 'pre_dampen_half': 30.11226646948154, 'gpp_af': 0.18737227240512885, 'gpp_b': 0.05825704883392061, 'gpp_d': 0.050654860639753524, 'ign_k': 0.04439802552990466, 'ign_c': 89.12611835816996, 'trop_agb_crit': 14.188434224699876, 'trop_k_veg': 0.5443513380244235, 'pop_amp': 0.008683934086503814, 'pop_peak': 1.884221947092994, 'pop_sig': 1.804482856986987, 'fuel_k': 3.250046746707412, 'fuel_half': 1.7895437790635824}.
  trial  614/2500  pareto_size=31  best_ilamb=0.6094  (30.9 min)
[I 2026-08-19 13:16:38,174] Trial 614 finished with values: [-0.42510223948214876, 0.008554954411136184] and parameters: {'k1': 0.0008020503059027807, 'D_low': 2.1309331861011747, 'k2': 3.077180271250682e-05, 'D_high': 24493.271671328574, 'fire_exp': 1.2460495533150313, 'P_half': 4337.920697490941, 'pre_dampen_half': 0.19674328025306115, 'gpp_af': 2.0540519425388455, 'gpp_b': 0.0007417652034871827, 'gpp_d': 3.032712462969173, 'ign_k': 0.006004682478324447, 'ign_c': 0.5488047000766043, 'trop_agb_crit': 14.188434224699876, 'trop_k_veg': 0.6719347333876377, 'pop_amp': 10.985330528057915, 'pop_peak': 352.89806695809773, 'pop_sig': 0.4663206866626952, 'fuel_k': 3.640039183945803, 'fuel_half': 0.18427970406864538}.
[I 2026-08-19 13:16:40,648] Trial 615 finished with values: [-0.39388254670343603, 3.3281660672956903e-06] and parameters: {'k1': 1.844951990812239e-05, 'D_low': 160.90002266066602, 'k2': 0.0019856031481305684, 'D_high': 4137.7016715719255, 'fire_exp': 5.433392060430592, 'P_half': 45.343914546837325, 'pre_dampen_half': 0.7465571739720183, 'gpp_af': 0.006580815488709274, 'gpp_b': 9.67374839440457e-05, 'gpp_d': 118.26972885708257, 'ign_k': 0.0023181776112903506, 'ign_c': 12.366924205139131, 'trop_agb_crit': 3.544180417534903, 'trop_k_veg': 5.691473319778836, 'pop_amp': 0.029228481237926353, 'pop_peak': 503.7153440645595, 'pop_sig': 0.6871869718280653, 'fuel_k': 0.022805907608636752, 'fuel_half': 17.890117928710357}.
[I 2026-08-19 13:16:42,992] Trial 616 finished with values: [-0.4867912295507696, 0.20856670304736202] and parameters: {'k1': 0.0004846497679219079, 'D_low': 27972.024228472703, 'k2': 0.0019856031481305684, 'D_high': 923054.562753596, 'fire_exp': 3.7695400350033266, 'P_half': 1.332700437360483, 'pre_dampen_half': 0.2571419084734534, 'gpp_af': 24.20071425273804, 'gpp_b': 0.004821867175721073, 'gpp_d': 3.032712462969173, 'ign_k': 9.946147674311604, 'ign_c': 12.366924205139131, 'trop_agb_crit': 3.544180417534903, 'trop_k_veg': 0.8084202024508578, 'pop_amp': 2.1219303004144856, 'pop_peak': 1.421337820414783, 'pop_sig': 1.804482856986987, 'fuel_k': 0.022805907608636752, 'fuel_half': 17.890117928710357}.
[I 2026-08-19 13:16:45,559] Trial 617 finished with values: [-0.5066960126914265, 0.6645757799577549] and parameters: {'k1': 0.0004846497679219079, 'D_low': 2.1309331861011747, 'k2': 0.0002001342062287998, 'D_high': 1840060.4093141211, 'fire_exp': 1.8678802571070678, 'P_half': 1.332700437360483, 'pre_dampen_half': 1.8469033699850426, 'gpp_af': 0.18737227240512885, 'gpp_b': 0.0004837646996135023, 'gpp_d': 3.032712462969173, 'ign_k': 0.0018736533225205817, 'ign_c': 89.12611835816996, 'trop_agb_crit': 13.763560673020894, 'trop_k_veg': 0.6719347333876377, 'pop_amp': 11.72926995754655, 'pop_peak': 4.557885026195722, 'pop_sig': 1.353799624286009, 'fuel_k': 2.8606142106392465, 'fuel_half': 17.890117928710357}.
[I 2026-08-19 13:16:47,869] Trial 618 finished with values: [-0.4344907916036848, 0.008174680110316745] and parameters: {'k1': 0.011945919244900459, 'D_low': 1.1646289636835732, 'k2': 0.0003856302813879373, 'D_high': 1840060.4093141211, 'fire_exp': 1.3796609641485171, 'P_half': 8894.151386481904, 'pre_dampen_half': 1.2043979035983938, 'gpp_af': 0.18737227240512885, 'gpp_b': 0.05825704883392061, 'gpp_d': 8.347790852520644, 'ign_k': 0.04439802552990466, 'ign_c': 12.366924205139131, 'trop_agb_crit': 3.544180417534903, 'trop_k_veg': 6.972354563243685, 'pop_amp': 6.746076139939917, 'pop_peak': 4.557885026195722, 'pop_sig': 1.804482856986987, 'fuel_k': 4.04437775870989, 'fuel_half': 17.890117928710357}.
[I 2026-08-19 13:16:50,117] Trial 619 finished with values: [-0.40280788188536115, 1.3445244917420496e-11] and parameters: {'k1': 0.0029070516815839368, 'D_low': 1.6569065206637925, 'k2': 0.0003856302813879373, 'D_high': 6543576.946931886, 'fire_exp': 6.464773756830049, 'P_half': 8894.151386481904, 'pre_dampen_half': 2.5510604992870745, 'gpp_af': 0.18737227240512885, 'gpp_b': 0.0004837646996135023, 'gpp_d': 0.16294786031575217, 'ign_k': 0.04439802552990466, 'ign_c': 12.366924205139131, 'trop_agb_crit': 1.050713312531254, 'trop_k_veg': 1.5282925294110206, 'pop_amp': 0.024891633080683897, 'pop_peak': 4.557885026195722, 'pop_sig': 1.804482856986987, 'fuel_k': 2.8606142106392465, 'fuel_half': 17.890117928710357}.
[I 2026-08-19 13:16:52,541] Trial 620 finished with values: [-0.45108729970460226, 0.018749155025396758] and parameters: {'k1': 5.7909642338812115e-05, 'D_low': 1.6569065206637925, 'k2': 0.0003856302813879373, 'D_high': 1661855.441285105, 'fire_exp': 1.1633452995374232, 'P_half': 1265.0580856641704, 'pre_dampen_half': 0.2571419084734534, 'gpp_af': 0.41874665092828456, 'gpp_b': 0.004411400434514031, 'gpp_d': 1.0088237648985734, 'ign_k': 0.3818468247973969, 'ign_c': 0.5110256715654393, 'trop_agb_crit': 2.6689615974393592, 'trop_k_veg': 0.7137927523304675, 'pop_amp': 0.029228481237926353, 'pop_peak': 0.14020023099408158, 'pop_sig': 1.804482856986987, 'fuel_k': 1.3626356448811705, 'fuel_half': 1.683458881839943}.
[I 2026-08-19 13:16:54,845] Trial 621 finished with values: [-0.3554625854118624, 0.0] and parameters: {'k1': 0.0008020503059027807, 'D_low': 2.1309331861011747, 'k2': 3.077180271250682e-05, 'D_high': 6543576.946931886, 'fire_exp': 6.464773756830049, 'P_half': 4337.920697490941, 'pre_dampen_half': 0.2571419084734534, 'gpp_af': 2.0540519425388455, 'gpp_b': 0.0004837646996135023, 'gpp_d': 3.9841905944346854, 'ign_k': 0.3699359899959751, 'ign_c': 89.12611835816996, 'trop_agb_crit': 14.188434224699876, 'trop_k_veg': 0.6719347333876377, 'pop_amp': 0.029228481237926353, 'pop_peak': 0.05281056279423359, 'pop_sig': 0.9904669476016459, 'fuel_k': 3.640039183945803, 'fuel_half': 1.7895437790635824}.
[I 2026-08-19 13:16:57,218] Trial 622 finished with values: [-0.41914643657668327, 2.447551050721586e-10] and parameters: {'k1': 4.0873003903057456e-05, 'D_low': 6293.732112193172, 'k2': 0.0067445742055710165, 'D_high': 5109990.03526815, 'fire_exp': 6.464773756830049, 'P_half': 8894.151386481904, 'pre_dampen_half': 0.2571419084734534, 'gpp_af': 0.18737227240512885, 'gpp_b': 9.67374839440457e-05, 'gpp_d': 3.9841905944346854, 'ign_k': 0.3699359899959751, 'ign_c': 12.366924205139131, 'trop_agb_crit': 28.49245476864681, 'trop_k_veg': 3.754644404143055, 'pop_amp': 0.0034369873301918173, 'pop_peak': 456.60279198301936, 'pop_sig': 1.8528333992769594, 'fuel_k': 0.11148299766359336, 'fuel_half': 0.10355826161899183}.
  trial  623/2500  pareto_size=28  best_ilamb=0.6094  (31.3 min)
[I 2026-08-19 13:17:00,068] Trial 623 finished with values: [-0.3928106455885597, 1.2290168882600483e-13] and parameters: {'k1': 0.004279383604201466, 'D_low': 1.3036279430945932, 'k2': 0.0019856031481305684, 'D_high': 24493.271671328574, 'fire_exp': 3.7695400350033266, 'P_half': 229.5739821454948, 'pre_dampen_half': 0.2571419084734534, 'gpp_af': 0.0028701881471957036, 'gpp_b': 1.624829724391053, 'gpp_d': 108.18665579547857, 'ign_k': 9.946147674311604, 'ign_c': 6.0816733722841345, 'trop_agb_crit': 1.050713312531254, 'trop_k_veg': 2.819496004876631, 'pop_amp': 0.024891633080683897, 'pop_peak': 1.884221947092994, 'pop_sig': 0.2777678917098414, 'fuel_k': 3.250046746707412, 'fuel_half': 1.683458881839943}.
[I 2026-08-19 13:17:02,569] Trial 624 finished with values: [-0.4013125109497013, 2.734590331954223e-10] and parameters: {'k1': 0.08924795116437424, 'D_low': 15150.361381456718, 'k2': 6.340140860251457e-05, 'D_high': 1840060.4093141211, 'fire_exp': 1.8713074096420792, 'P_half': 229.5739821454948, 'pre_dampen_half': 0.19909760862828824, 'gpp_af': 0.0028701881471957036, 'gpp_b': 3.1906667956153174, 'gpp_d': 108.18665579547857, 'ign_k': 0.009935023909063692, 'ign_c': 6.0816733722841345, 'trop_agb_crit': 3.544180417534903, 'trop_k_veg': 0.8084202024508578, 'pop_amp': 0.004708042915737182, 'pop_peak': 1.421337820414783, 'pop_sig': 0.5314193463179775, 'fuel_k': 0.6763941362086655, 'fuel_half': 17.890117928710357}.
[I 2026-08-19 13:17:04,840] Trial 625 finished with values: [-0.47018681051707867, 0.00318075277602059] and parameters: {'k1': 0.0004846497679219079, 'D_low': 286.06841726052676, 'k2': 0.0019856031481305684, 'D_high': 24493.271671328574, 'fire_exp': 3.7695400350033266, 'P_half': 1.332700437360483, 'pre_dampen_half': 0.2571419084734534, 'gpp_af': 0.00301004353953023, 'gpp_b': 0.0007417652034871827, 'gpp_d': 3.032712462969173, 'ign_k': 9.162638829638215, 'ign_c': 0.15590073239763044, 'trop_agb_crit': 17.69486533706496, 'trop_k_veg': 4.30392173391187, 'pop_amp': 2.1219303004144856, 'pop_peak': 1.9043491615789352, 'pop_sig': 0.6871869718280653, 'fuel_k': 0.9199338799678547, 'fuel_half': 2.01596048776016}.
[I 2026-08-19 13:17:07,075] Trial 626 finished with values: [-0.4083520020868563, 0.004410415988619132] and parameters: {'k1': 0.0007158031739371039, 'D_low': 1.6569065206637925, 'k2': 4.392638796750218e-05, 'D_high': 1661855.441285105, 'fire_exp': 6.464773756830049, 'P_half': 267.2146013620241, 'pre_dampen_half': 4.412509669839992, 'gpp_af': 6.330661837630911, 'gpp_b': 0.0004837646996135023, 'gpp_d': 3.9841905944346854, 'ign_k': 0.3699359899959751, 'ign_c': 0.19678273362633986, 'trop_agb_crit': 2.6689615974393592, 'trop_k_veg': 4.891066132801691, 'pop_amp': 0.029228481237926353, 'pop_peak': 657.2719182917455, 'pop_sig': 1.0264911386548754, 'fuel_k': 0.27631890369709744, 'fuel_half': 0.10355826161899183}.
[I 2026-08-19 13:17:09,621] Trial 627 finished with values: [-0.44578706779674393, 0.006060250856557925] and parameters: {'k1': 0.0008020503059027807, 'D_low': 2.1309331861011747, 'k2': 3.077180271250682e-05, 'D_high': 1661855.441285105, 'fire_exp': 1.2460495533150313, 'P_half': 4337.920697490941, 'pre_dampen_half': 0.19674328025306115, 'gpp_af': 2.0540519425388455, 'gpp_b': 0.620439464939785, 'gpp_d': 117.2128156438701, 'ign_k': 0.1537592023548176, 'ign_c': 0.5488047000766043, 'trop_agb_crit': 14.188434224699876, 'trop_k_veg': 4.891066132801691, 'pop_amp': 0.0038878809412351825, 'pop_peak': 352.89806695809773, 'pop_sig': 0.4663206866626952, 'fuel_k': 3.640039183945803, 'fuel_half': 0.18427970406864538}.
[I 2026-08-19 13:17:11,871] Trial 628 finished with values: [-0.3318395716436294, 0.37359321784972355] and parameters: {'k1': 0.09372580613581186, 'D_low': 2.400213216646464, 'k2': 0.09116768553735347, 'D_high': 6543576.946931886, 'fire_exp': 6.454675979546216, 'P_half': 10.436686039715203, 'pre_dampen_half': 30.11226646948154, 'gpp_af': 0.18737227240512885, 'gpp_b': 0.05825704883392061, 'gpp_d': 8.347790852520644, 'ign_k': 0.1384332853353327, 'ign_c': 0.13492881864712067, 'trop_agb_crit': 23.606263788786194, 'trop_k_veg': 6.972354563243685, 'pop_amp': 6.746076139939917, 'pop_peak': 4.557885026195722, 'pop_sig': 1.0424917012813995, 'fuel_k': 4.04437775870989, 'fuel_half': 0.3497028715561063}.
[I 2026-08-19 13:17:14,145] Trial 629 finished with values: [-0.5249565066100275, 0.12026079999696415] and parameters: {'k1': 0.005456725485601475, 'D_low': 27972.024228472703, 'k2': 0.0021608491389795734, 'D_high': 1124534.1807254362, 'fire_exp': 1.3796609641485171, 'P_half': 7.257841640690942, 'pre_dampen_half': 0.19674328025306115, 'gpp_af': 49.583649914027546, 'gpp_b': 0.620439464939785, 'gpp_d': 117.2128156438701, 'ign_k': 9.162638829638215, 'ign_c': 12.366924205139131, 'trop_agb_crit': 3.544180417534903, 'trop_k_veg': 0.8084202024508578, 'pop_amp': 10.985330528057915, 'pop_peak': 352.89806695809773, 'pop_sig': 0.9904669476016459, 'fuel_k': 0.27631890369709744, 'fuel_half': 0.18427970406864538}.
