[I 2026-06-11 02:01:45,015] Trial 572 finished with values: [10.743019483532162, 10.743019483532162] and parameters: {'k1': 0.008990768948930035, 'D_low': 1739.6167422846984, 'k2': 0.0004862769762212836, 'D_high': 32311.521854410956, 'fire_exp': 3.2459542834651627, 'P_half': 1549.6599265816342, 'pre_dampen_half': 98.05638874011484, 'gpp_af': 0.10098504976210308, 'gpp_b': 0.00031478066835753096, 'gpp_d': 545.0253444559129, 'ign_k': 3.6309591863459096, 'ign_c': 1.4879588507789996, 'trop_agb_crit': 12.708819454040446, 'trop_k_veg': 0.6488368931910606, 'fire_amp': 2.818314238665462}.
[I 2026-06-11 02:01:46,376] Trial 573 finished with values: [10.769230768877819, 10.769230768877819] and parameters: {'k1': 3.609310926766545e-05, 'D_low': 3266.346436894069, 'k2': 0.0004862769762212836, 'D_high': 1266.9536563782303, 'fire_exp': 1.4848387260494937, 'P_half': 1549.6599265816342, 'pre_dampen_half': 170.71098124594695, 'gpp_af': 0.10098504976210308, 'gpp_b': 0.00265975681233728, 'gpp_d': 0.4316838564848064, 'ign_k': 0.46813761934505577, 'ign_c': 153.51441568398127, 'trop_agb_crit': 15.605813459825825, 'trop_k_veg': 4.989748894578724, 'fire_amp': 2.7806853670293616}.
[I 2026-06-11 02:01:47,694] Trial 574 finished with values: [-0.6723186133524441, 0.10601586377650352] and parameters: {'k1': 0.012840669372724958, 'D_low': 171.2446447678494, 'k2': 0.00037358626308127543, 'D_high': 36998.679204890876, 'fire_exp': 1.41873960828944, 'P_half': 61.6097529474144, 'pre_dampen_half': 16.009350908593582, 'gpp_af': 0.008117091133892173, 'gpp_b': 0.0004125336560355494, 'gpp_d': 0.7698760608299932, 'ign_k': 0.0029519227433917453, 'ign_c': 39.52220881906114, 'trop_agb_crit': 4.902399583903479, 'trop_k_veg': 2.520089655463604, 'fire_amp': 1.2393473789150806}.
[I 2026-06-11 02:01:49,231] Trial 575 finished with values: [10.769216804924486, 10.769216804924486] and parameters: {'k1': 5.7909642338812115e-05, 'D_low': 1.4002277211577039, 'k2': 0.00037358626308127543, 'D_high': 55.22071973135807, 'fire_exp': 5.784757193037464, 'P_half': 1265.0580856641704, 'pre_dampen_half': 220.35141300841897, 'gpp_af': 0.07302012718529301, 'gpp_b': 0.002416023630607169, 'gpp_d': 76.38081075786287, 'ign_k': 1.5532973289514227, 'ign_c': 7.081721844034206, 'trop_agb_crit': 1.8566494291193822, 'trop_k_veg': 5.453348988480011, 'fire_amp': 1.1655705619308396}.
[I 2026-06-11 02:01:50,784] Trial 576 finished with values: [10.49638081157114, 10.49638081157114] and parameters: {'k1': 0.0005525012427854533, 'D_low': 1.7551403048208316, 'k2': 0.0004976087827261435, 'D_high': 1266.9536563782303, 'fire_exp': 1.9136159174067866, 'P_half': 51.10120656497163, 'pre_dampen_half': 350.88322284755304, 'gpp_af': 42.29037995744429, 'gpp_b': 0.0004125336560355494, 'gpp_d': 96.93415502195788, 'ign_k': 0.002357279455676982, 'ign_c': 186.78279278246248, 'trop_agb_crit': 2.0527418919564324, 'trop_k_veg': 2.520089655463604, 'fire_amp': 3.1543496524370136}.
[I 2026-06-11 02:01:52,448] Trial 577 finished with values: [10.74917355643704, 10.74917355643704] and parameters: {'k1': 3.609310926766545e-05, 'D_low': 236.79352040223893, 'k2': 0.00037358626308127543, 'D_high': 24.9899605789089, 'fire_exp': 1.2344878997299724, 'P_half': 1265.0580856641704, 'pre_dampen_half': 189.88136301569827, 'gpp_af': 1.9706963379095486, 'gpp_b': 0.002416023630607169, 'gpp_d': 0.0399066504395798, 'ign_k': 0.0032383308053152635, 'ign_c': 7.081721844034206, 'trop_agb_crit': 8.0091368834625, 'trop_k_veg': 0.5183533149347164, 'fire_amp': 3.1543496524370136}.
[I 2026-06-11 02:01:53,822] Trial 578 finished with values: [10.711998210663651, 10.711998210663651] and parameters: {'k1': 0.006164329525571074, 'D_low': 171.2446447678494, 'k2': 0.0015064557931192917, 'D_high': 36998.679204890876, 'fire_exp': 1.9136159174067866, 'P_half': 6004.223886195538, 'pre_dampen_half': 30.456909077772018, 'gpp_af': 0.2204465010099918, 'gpp_b': 0.002416023630607169, 'gpp_d': 21.899070557043984, 'ign_k': 0.0029519227433917453, 'ign_c': 7.081721844034206, 'trop_agb_crit': 1.8285200278523417, 'trop_k_veg': 2.520089655463604, 'fire_amp': 5.44779717154213}.
[I 2026-06-11 02:01:55,191] Trial 579 finished with values: [-0.6700160326315019, 0.13938184119185726] and parameters: {'k1': 0.012840669372724958, 'D_low': 171.2446447678494, 'k2': 0.00037358626308127543, 'D_high': 36998.679204890876, 'fire_exp': 1.9136159174067866, 'P_half': 93.43302657318476, 'pre_dampen_half': 30.456909077772018, 'gpp_af': 0.016306190741524337, 'gpp_b': 1.0828092646426677e-05, 'gpp_d': 0.7698760608299932, 'ign_k': 0.0029519227433917453, 'ign_c': 342.8810943862522, 'trop_agb_crit': 2.0527418919564324, 'trop_k_veg': 2.520089655463604, 'fire_amp': 5.44779717154213}.
[I 2026-06-11 02:01:56,789] Trial 580 finished with values: [11.196925208614646, 11.196925208614646] and parameters: {'k1': 0.012840669372724958, 'D_low': 171.2446447678494, 'k2': 0.0004976087827261435, 'D_high': 36998.679204890876, 'fire_exp': 1.1633452995374232, 'P_half': 51.10120656497163, 'pre_dampen_half': 30.456909077772018, 'gpp_af': 42.29037995744429, 'gpp_b': 0.0008861657881839811, 'gpp_d': 20.81401325574021, 'ign_k': 0.002357279455676982, 'ign_c': 388.02797007866826, 'trop_agb_crit': 11.664190932505923, 'trop_k_veg': 1.2749676887479542, 'fire_amp': 5.606809127618709}.
[I 2026-06-11 02:01:58,287] Trial 581 finished with values: [10.320110145562094, 10.320110145562094] and parameters: {'k1': 3.609310926766545e-05, 'D_low': 43.03411264066069, 'k2': 0.0004976087827261435, 'D_high': 292.31166016118357, 'fire_exp': 1.4848387260494937, 'P_half': 5.4712187293420325, 'pre_dampen_half': 220.35141300841897, 'gpp_af': 0.2204465010099918, 'gpp_b': 0.00012118589392553798, 'gpp_d': 0.1619054449471649, 'ign_k': 0.17320535908244444, 'ign_c': 0.4177928311636542, 'trop_agb_crit': 11.664190932505923, 'trop_k_veg': 1.4997174988262807, 'fire_amp': 1.5719333351012774}.
[I 2026-06-11 02:01:59,672] Trial 582 finished with values: [-0.7253666939161256, 0.05081281433532969] and parameters: {'k1': 5.7909642338812115e-05, 'D_low': 1.4002277211577039, 'k2': 0.0004862769762212836, 'D_high': 32311.521854410956, 'fire_exp': 1.1633452995374232, 'P_half': 1265.0580856641704, 'pre_dampen_half': 1.8469033699850426, 'gpp_af': 0.10098504976210308, 'gpp_b': 0.00031478066835753096, 'gpp_d': 1.0088237648985734, 'ign_k': 0.17320535908244444, 'ign_c': 1.4879588507789996, 'trop_agb_crit': 1.8566494291193822, 'trop_k_veg': 4.989748894578724, 'fire_amp': 5.44779717154213}.
[I 2026-06-11 02:02:01,043] Trial 583 finished with values: [10.105580154549028, 10.105580154549028] and parameters: {'k1': 0.030699709531122967, 'D_low': 43.03411264066069, 'k2': 0.006051580666890612, 'D_high': 32311.521854410956, 'fire_exp': 1.9136159174067866, 'P_half': 1549.6599265816342, 'pre_dampen_half': 8.259599205585761, 'gpp_af': 0.10098504976210308, 'gpp_b': 0.00031478066835753096, 'gpp_d': 96.93415502195788, 'ign_k': 0.035828811741825076, 'ign_c': 1.4879588507789996, 'trop_agb_crit': 11.664190932505923, 'trop_k_veg': 2.520089655463604, 'fire_amp': 5.44779717154213}.
[I 2026-06-11 02:02:02,381] Trial 584 finished with values: [14.124659643646627, 14.124659643646627] and parameters: {'k1': 0.0018697387216131526, 'D_low': 1.7551403048208316, 'k2': 0.032141234030334316, 'D_high': 623.411042225738, 'fire_exp': 1.41873960828944, 'P_half': 2.226799690893868, 'pre_dampen_half': 123.04779330083686, 'gpp_af': 0.008117091133892173, 'gpp_b': 0.0010881810414580882, 'gpp_d': 1.4397852866783676, 'ign_k': 0.0032383308053152635, 'ign_c': 0.8916132699546893, 'trop_agb_crit': 12.708819454040446, 'trop_k_veg': 0.5535297685306277, 'fire_amp': 5.606809127618709}.
[I 2026-06-11 02:02:03,818] Trial 585 finished with values: [10.642601651977479, 10.642601651977479] and parameters: {'k1': 0.012840669372724958, 'D_low': 171.2446447678494, 'k2': 0.0004976087827261435, 'D_high': 36998.679204890876, 'fire_exp': 1.9136159174067866, 'P_half': 51.10120656497163, 'pre_dampen_half': 0.7349519696695505, 'gpp_af': 0.07118041471054574, 'gpp_b': 2.176805640408474e-05, 'gpp_d': 0.13688256550323696, 'ign_k': 0.002357279455676982, 'ign_c': 388.02797007866826, 'trop_agb_crit': 2.0527418919564324, 'trop_k_veg': 1.2749676887479542, 'fire_amp': 5.606809127618709}.
[I 2026-06-11 02:02:05,379] Trial 586 finished with values: [-0.5915794851057625, 0.08638757826300436] and parameters: {'k1': 0.0018697387216131526, 'D_low': 1.7551403048208316, 'k2': 0.045914852167405346, 'D_high': 16780.50857913099, 'fire_exp': 1.2344878997299724, 'P_half': 1549.6599265816342, 'pre_dampen_half': 170.71098124594695, 'gpp_af': 0.008117091133892173, 'gpp_b': 0.002416023630607169, 'gpp_d': 21.899070557043984, 'ign_k': 0.0029519227433917453, 'ign_c': 0.19623826481168347, 'trop_agb_crit': 12.647327018493208, 'trop_k_veg': 4.989748894578724, 'fire_amp': 1.1655705619308396}.
[I 2026-06-11 02:02:06,802] Trial 587 finished with values: [10.651881591265463, 10.651881591265463] and parameters: {'k1': 5.178197947282869e-05, 'D_low': 1.7551403048208316, 'k2': 0.0007731571570012607, 'D_high': 252.84086172415604, 'fire_exp': 1.2344878997299724, 'P_half': 1265.0580856641704, 'pre_dampen_half': 16.009350908593582, 'gpp_af': 0.008117091133892173, 'gpp_b': 0.00031478066835753096, 'gpp_d': 96.93415502195788, 'ign_k': 0.0018548376790967168, 'ign_c': 1.4879588507789996, 'trop_agb_crit': 11.664190932505923, 'trop_k_veg': 4.989748894578724, 'fire_amp': 1.1655705619308396}.
[I 2026-06-11 02:02:08,124] Trial 588 finished with values: [10.768663912109291, 10.768663912109291] and parameters: {'k1': 0.00023134781612225627, 'D_low': 171.2446447678494, 'k2': 0.045914852167405346, 'D_high': 16780.50857913099, 'fire_exp': 4.0128099657681755, 'P_half': 1549.6599265816342, 'pre_dampen_half': 170.71098124594695, 'gpp_af': 0.015627364027979502, 'gpp_b': 0.00031478066835753096, 'gpp_d': 0.09467055845337147, 'ign_k': 0.0029519227433917453, 'ign_c': 39.52220881906114, 'trop_agb_crit': 12.708819454040446, 'trop_k_veg': 2.724170387400844, 'fire_amp': 1.5719333351012774}.
[I 2026-06-11 02:02:09,454] Trial 589 finished with values: [13.170420632758029, 13.170420632758029] and parameters: {'k1': 0.0018697387216131526, 'D_low': 470.815979325019, 'k2': 0.00037358626308127543, 'D_high': 36998.679204890876, 'fire_exp': 1.2918065501148304, 'P_half': 78.13392238162733, 'pre_dampen_half': 30.456909077772018, 'gpp_af': 0.016306190741524337, 'gpp_b': 0.0004125336560355494, 'gpp_d': 0.7698760608299932, 'ign_k': 0.0018548376790967168, 'ign_c': 1.4879588507789996, 'trop_agb_crit': 2.0527418919564324, 'trop_k_veg': 2.520089655463604, 'fire_amp': 5.667622640988655}.
[I 2026-06-11 02:02:10,826] Trial 590 finished with values: [15.581560175771031, 15.581560175771031] and parameters: {'k1': 0.006164329525571074, 'D_low': 1.4002277211577039, 'k2': 0.00037358626308127543, 'D_high': 55.22071973135807, 'fire_exp': 1.2344878997299724, 'P_half': 45.55085098454082, 'pre_dampen_half': 220.35141300841897, 'gpp_af': 0.2204465010099918, 'gpp_b': 0.002416023630607169, 'gpp_d': 1.0088237648985734, 'ign_k': 0.17320535908244444, 'ign_c': 7.081721844034206, 'trop_agb_crit': 1.8566494291193822, 'trop_k_veg': 5.453348988480011, 'fire_amp': 5.44779717154213}.
[I 2026-06-11 02:02:12,330] Trial 591 finished with values: [10.26997392340185, 10.26997392340185] and parameters: {'k1': 0.0002418422795847161, 'D_low': 236.79352040223893, 'k2': 0.032141234030334316, 'D_high': 6682.9607218310075, 'fire_exp': 1.2344878997299724, 'P_half': 5.4712187293420325, 'pre_dampen_half': 4.847666216751353, 'gpp_af': 1.2515601598062582, 'gpp_b': 0.00031478066835753096, 'gpp_d': 1.4397852866783676, 'ign_k': 0.0032383308053152635, 'ign_c': 1.364908766641693, 'trop_agb_crit': 8.0091368834625, 'trop_k_veg': 0.5535297685306277, 'fire_amp': 1.5719333351012774}.
[I 2026-06-11 02:02:14,171] Trial 592 finished with values: [10.430099489485372, 10.430099489485372] and parameters: {'k1': 3.609310926766545e-05, 'D_low': 148.21691630007544, 'k2': 0.0004862769762212836, 'D_high': 714.4571308652828, 'fire_exp': 1.4848387260494937, 'P_half': 1549.6599265816342, 'pre_dampen_half': 170.71098124594695, 'gpp_af': 0.10098504976210308, 'gpp_b': 0.00031478066835753096, 'gpp_d': 0.7923715993309053, 'ign_k': 0.0029519227433917453, 'ign_c': 1.4879588507789996, 'trop_agb_crit': 12.708819454040446, 'trop_k_veg': 2.724170387400844, 'fire_amp': 2.7806853670293616}.
[I 2026-06-11 02:02:15,579] Trial 593 finished with values: [-0.619234880519878, 0.19375389291699918] and parameters: {'k1': 0.012840669372724958, 'D_low': 171.2446447678494, 'k2': 0.00037358626308127543, 'D_high': 36998.679204890876, 'fire_exp': 1.2918065501148304, 'P_half': 61.6097529474144, 'pre_dampen_half': 30.456909077772018, 'gpp_af': 0.016306190741524337, 'gpp_b': 0.0004125336560355494, 'gpp_d': 0.7698760608299932, 'ign_k': 0.0029519227433917453, 'ign_c': 39.52220881906114, 'trop_agb_crit': 2.0527418919564324, 'trop_k_veg': 2.520089655463604, 'fire_amp': 1.2393473789150806}.
[I 2026-06-11 02:02:16,897] Trial 594 finished with values: [-0.6631195070186743, 0.08221098877222632] and parameters: {'k1': 0.012840669372724958, 'D_low': 171.2446447678494, 'k2': 0.045914852167405346, 'D_high': 16780.50857913099, 'fire_exp': 1.4848387260494937, 'P_half': 93.43302657318476, 'pre_dampen_half': 16.009350908593582, 'gpp_af': 0.008117091133892173, 'gpp_b': 0.0004125336560355494, 'gpp_d': 0.7698760608299932, 'ign_k': 0.0029519227433917453, 'ign_c': 39.52220881906114, 'trop_agb_crit': 12.647327018493208, 'trop_k_veg': 2.520089655463604, 'fire_amp': 1.2393473789150806}.
[I 2026-06-11 02:02:18,188] Trial 595 finished with values: [10.62828149220679, 10.62828149220679] and parameters: {'k1': 5.7909642338812115e-05, 'D_low': 1.4002277211577039, 'k2': 0.045914852167405346, 'D_high': 16780.50857913099, 'fire_exp': 1.41873960828944, 'P_half': 3.591771421517613, 'pre_dampen_half': 1.8469033699850426, 'gpp_af': 0.07302012718529301, 'gpp_b': 0.00036184510553922684, 'gpp_d': 1.0088237648985734, 'ign_k': 0.17320535908244444, 'ign_c': 7.081721844034206, 'trop_agb_crit': 12.708819454040446, 'trop_k_veg': 5.453348988480011, 'fire_amp': 5.44779717154213}.
[I 2026-06-11 02:02:19,644] Trial 596 finished with values: [10.769230768877819, 10.769230768877819] and parameters: {'k1': 3.609310926766545e-05, 'D_low': 171.2446447678494, 'k2': 0.0004976087827261435, 'D_high': 1266.9536563782303, 'fire_exp': 1.4848387260494937, 'P_half': 1265.0580856641704, 'pre_dampen_half': 123.04779330083686, 'gpp_af': 42.29037995744429, 'gpp_b': 0.0004125336560355494, 'gpp_d': 96.93415502195788, 'ign_k': 0.17320535908244444, 'ign_c': 153.51441568398127, 'trop_agb_crit': 2.0527418919564324, 'trop_k_veg': 5.453348988480011, 'fire_amp': 5.606809127618709}.
[I 2026-06-11 02:02:21,194] Trial 597 finished with values: [15.6805606584389, 15.6805606584389] and parameters: {'k1': 0.028401063201780267, 'D_low': 171.2446447678494, 'k2': 0.00037358626308127543, 'D_high': 36998.679204890876, 'fire_exp': 1.2344878997299724, 'P_half': 45.55085098454082, 'pre_dampen_half': 30.456909077772018, 'gpp_af': 0.2204465010099918, 'gpp_b': 0.002416023630607169, 'gpp_d': 21.899070557043984, 'ign_k': 0.0029519227433917453, 'ign_c': 7.081721844034206, 'trop_agb_crit': 1.8566494291193822, 'trop_k_veg': 5.453348988480011, 'fire_amp': 5.44779717154213}.
[I 2026-06-11 02:02:22,615] Trial 598 finished with values: [10.119756664653197, 10.119756664653197] and parameters: {'k1': 0.0002418422795847161, 'D_low': 1121.5915868662764, 'k2': 0.0004862769762212836, 'D_high': 32311.521854410956, 'fire_exp': 1.2060040899560858, 'P_half': 2.226799690893868, 'pre_dampen_half': 4.847666216751353, 'gpp_af': 0.10098504976210308, 'gpp_b': 0.001674375583895437, 'gpp_d': 1.4397852866783676, 'ign_k': 0.0029519227433917453, 'ign_c': 1.4879588507789996, 'trop_agb_crit': 12.9667438075127, 'trop_k_veg': 2.99731137426955, 'fire_amp': 2.7806853670293616}.
[I 2026-06-11 02:02:23,945] Trial 599 finished with values: [10.160887539019141, 10.160887539019141] and parameters: {'k1': 5.7909642338812115e-05, 'D_low': 1.4002277211577039, 'k2': 0.0007731571570012607, 'D_high': 30227.031291375773, 'fire_exp': 1.2344878997299724, 'P_half': 1265.0580856641704, 'pre_dampen_half': 1.8469033699850426, 'gpp_af': 0.07302012718529301, 'gpp_b': 0.002416023630607169, 'gpp_d': 1.0088237648985734, 'ign_k': 0.17320535908244444, 'ign_c': 7.081721844034206, 'trop_agb_crit': 1.8566494291193822, 'trop_k_veg': 5.453348988480011, 'fire_amp': 5.44779717154213}.
[I 2026-06-11 02:02:25,263] Trial 600 finished with values: [10.15574063168965, 10.15574063168965] and parameters: {'k1': 3.609310926766545e-05, 'D_low': 235.39834531862078, 'k2': 0.0004976087827261435, 'D_high': 32311.521854410956, 'fire_exp': 1.4848387260494937, 'P_half': 5.4712187293420325, 'pre_dampen_half': 220.35141300841897, 'gpp_af': 0.3939208112794227, 'gpp_b': 0.002416023630607169, 'gpp_d': 0.1619054449471649, 'ign_k': 0.010733257635049785, 'ign_c': 7.081721844034206, 'trop_agb_crit': 11.664190932505923, 'trop_k_veg': 1.2749676887479542, 'fire_amp': 1.5719333351012774}.
[I 2026-06-11 02:02:26,651] Trial 601 finished with values: [10.073047043772732, 10.073047043772732] and parameters: {'k1': 0.004902396944106613, 'D_low': 236.79352040223893, 'k2': 0.00037358626308127543, 'D_high': 36998.679204890876, 'fire_exp': 1.2918065501148304, 'P_half': 114.62237838612074, 'pre_dampen_half': 30.456909077772018, 'gpp_af': 0.008117091133892173, 'gpp_b': 0.00031478066835753096, 'gpp_d': 0.7698760608299932, 'ign_k': 0.0029519227433917453, 'ign_c': 39.52220881906114, 'trop_agb_crit': 3.3933702290907823, 'trop_k_veg': 2.99731137426955, 'fire_amp': 1.5719333351012774}.
[I 2026-06-11 02:02:28,163] Trial 602 finished with values: [10.049793468004633, 10.049793468004633] and parameters: {'k1': 0.0018697387216131526, 'D_low': 1.7551403048208316, 'k2': 0.0008255198309657572, 'D_high': 16780.50857913099, 'fire_exp': 1.41873960828944, 'P_half': 3.591771421517613, 'pre_dampen_half': 16.009350908593582, 'gpp_af': 0.008117091133892173, 'gpp_b': 0.00807491410172472, 'gpp_d': 0.09467055845337147, 'ign_k': 0.0012663923057989628, 'ign_c': 7.081721844034206, 'trop_agb_crit': 3.1920112940578624, 'trop_k_veg': 4.989748894578724, 'fire_amp': 3.1543496524370136}.
[I 2026-06-11 02:02:29,623] Trial 603 finished with values: [10.495279383826324, 10.495279383826324] and parameters: {'k1': 3.609310926766545e-05, 'D_low': 171.2446447678494, 'k2': 0.00037358626308127543, 'D_high': 32311.521854410956, 'fire_exp': 1.811096651915224, 'P_half': 5.4712187293420325, 'pre_dampen_half': 170.71098124594695, 'gpp_af': 0.016306190741524337, 'gpp_b': 0.00031478066835753096, 'gpp_d': 0.7698760608299932, 'ign_k': 0.0029519227433917453, 'ign_c': 39.52220881906114, 'trop_agb_crit': 2.0527418919564324, 'trop_k_veg': 4.989748894578724, 'fire_amp': 3.1543496524370136}.
[I 2026-06-11 02:02:30,964] Trial 604 finished with values: [10.499316147196406, 10.499316147196406] and parameters: {'k1': 0.00023134781612225627, 'D_low': 1121.5915868662764, 'k2': 0.045914852167405346, 'D_high': 1817.0401889219124, 'fire_exp': 1.41873960828944, 'P_half': 5.4712187293420325, 'pre_dampen_half': 16.009350908593582, 'gpp_af': 1.9706963379095486, 'gpp_b': 0.00031478066835753096, 'gpp_d': 0.7961191926812561, 'ign_k': 0.037151317999473285, 'ign_c': 0.4177928311636542, 'trop_agb_crit': 11.664190932505923, 'trop_k_veg': 0.5535297685306277, 'fire_amp': 2.0433579207802377}.
[I 2026-06-11 02:02:32,300] Trial 605 finished with values: [10.634801249437684, 10.634801249437684] and parameters: {'k1': 0.016973078532467004, 'D_low': 171.2446447678494, 'k2': 0.00037358626308127543, 'D_high': 36998.679204890876, 'fire_exp': 3.803403214687732, 'P_half': 61.6097529474144, 'pre_dampen_half': 30.456909077772018, 'gpp_af': 0.07118041471054574, 'gpp_b': 0.0004125336560355494, 'gpp_d': 0.7698760608299932, 'ign_k': 0.002357279455676982, 'ign_c': 39.52220881906114, 'trop_agb_crit': 2.0527418919564324, 'trop_k_veg': 2.520089655463604, 'fire_amp': 2.6014979556220936}.
[I 2026-06-11 02:02:33,677] Trial 606 finished with values: [14.689535919251753, 14.689535919251753] and parameters: {'k1': 0.03648456083047798, 'D_low': 270.15957920129443, 'k2': 0.00037358626308127543, 'D_high': 36998.679204890876, 'fire_exp': 1.2344878997299724, 'P_half': 93.43302657318476, 'pre_dampen_half': 30.456909077772018, 'gpp_af': 0.10098504976210308, 'gpp_b': 0.00031478066835753096, 'gpp_d': 1.0088237648985734, 'ign_k': 0.002357279455676982, 'ign_c': 65.87536748686888, 'trop_agb_crit': 12.708819454040446, 'trop_k_veg': 2.520089655463604, 'fire_amp': 5.606809127618709}.
[I 2026-06-11 02:02:35,488] Trial 607 finished with values: [10.768460461657396, 10.768460461657396] and parameters: {'k1': 3.609310926766545e-05, 'D_low': 171.2446447678494, 'k2': 0.0004976087827261435, 'D_high': 36998.679204890876, 'fire_exp': 5.8194676931800995, 'P_half': 5.4712187293420325, 'pre_dampen_half': 30.456909077772018, 'gpp_af': 11.612579322936512, 'gpp_b': 2.176805640408474e-05, 'gpp_d': 1.0088237648985734, 'ign_k': 0.0029519227433917453, 'ign_c': 7.081721844034206, 'trop_agb_crit': 11.664190932505923, 'trop_k_veg': 3.6616459585256997, 'fire_amp': 5.540410692872822}.
[I 2026-06-11 02:02:36,990] Trial 608 finished with values: [-0.5340635012165735, 0.37825364441174847] and parameters: {'k1': 0.0018697387216131526, 'D_low': 1.7551403048208316, 'k2': 0.0001280886335404798, 'D_high': 32311.521854410956, 'fire_exp': 1.811096651915224, 'P_half': 5.4712187293420325, 'pre_dampen_half': 16.009350908593582, 'gpp_af': 0.07118041471054574, 'gpp_b': 0.00031478066835753096, 'gpp_d': 0.1619054449471649, 'ign_k': 0.002357279455676982, 'ign_c': 7.081721844034206, 'trop_agb_crit': 4.902399583903479, 'trop_k_veg': 4.989748894578724, 'fire_amp': 3.1543496524370136}.
