[I 2026-07-25 00:40:54,914] Trial 1489 finished with value: 0.6036609972915691 and parameters: {'k1': 0.0010708988346270305, 'D_low': 887051.4694072887, 'k2': 8.216867124678033e-05, 'D_high': 240111.7576713858, 'fire_exp': 1.353248884144001, 'P_half': 1344.3868689509052, 'pre_dampen_half': 0.5649225381537955, 'gpp_af': 7.479141093204829, 'gpp_b': 1.0260202585758436, 'gpp_d': 22.816574858207158, 'ign_k': 0.6539914733381903, 'ign_c': 2.8053351079726148, 'trop_agb_crit': 3.616108232592374, 'trop_k_veg': 6.778914526248006, 'gdp_gamma': 0.38075508274872955, 'cure_k': 0.006897264979569256, 'cure_p_min': 191.58359018534784, 'cure_gpp_ref': 0.647733553978746, 'cure_agb_crit': 3.978138939788651, 'fuel_k': 0.12792553403509577, 'fuel_half': 0.34916694451405106}. Best is trial 1132 with value: -0.6317570269256394.
[I 2026-07-25 00:40:55,378] Trial 1490 finished with value: 0.6043359780993941 and parameters: {'k1': 0.002622479744244501, 'D_low': 18.08787756273738, 'k2': 0.00014435560601909364, 'D_high': 329664.713679591, 'fire_exp': 1.4955471152133017, 'P_half': 786.0009464513743, 'pre_dampen_half': 3.198142982350194, 'gpp_af': 0.053108760559778305, 'gpp_b': 0.025137064410258165, 'gpp_d': 386.7541156129717, 'ign_k': 3.752796572863317, 'ign_c': 68.20809632512027, 'trop_agb_crit': 1.8902466058276288, 'trop_k_veg': 1.534237216560952, 'gdp_gamma': 0.09294649720014696, 'cure_k': 0.005011327388030778, 'cure_p_min': 195.81795399532845, 'cure_gpp_ref': 1.9254398143869933, 'cure_agb_crit': 2.2525504250325543, 'fuel_k': 0.6376646789634438, 'fuel_half': 22.054681109083166}. Best is trial 1132 with value: -0.6317570269256394.
[I 2026-07-25 00:40:55,842] Trial 1491 finished with value: -0.5951717859813697 and parameters: {'k1': 0.00020015429427133643, 'D_low': 22.665353421103212, 'k2': 0.002931207886212885, 'D_high': 9324134.08285633, 'fire_exp': 2.2948500043973326, 'P_half': 112.5111055984983, 'pre_dampen_half': 0.3675173477155331, 'gpp_af': 0.0852601712187009, 'gpp_b': 0.0018214608285406903, 'gpp_d': 444.61748774409347, 'ign_k': 0.537664368233514, 'ign_c': 4.3156480656648295, 'trop_agb_crit': 2.1692584696552495, 'trop_k_veg': 6.94788502062664, 'gdp_gamma': 0.7115006976541839, 'cure_k': 0.013909926936356983, 'cure_p_min': 387.91972526852044, 'cure_gpp_ref': 0.936919793565297, 'cure_agb_crit': 2.8829531431411457, 'fuel_k': 0.16378706402101734, 'fuel_half': 3.05806655268394}. Best is trial 1132 with value: -0.6317570269256394.
[I 2026-07-25 00:40:56,309] Trial 1492 finished with value: 0.46955019910162366 and parameters: {'k1': 0.0730701173744154, 'D_low': 6299.428933987065, 'k2': 0.005103050055536408, 'D_high': 72407.4404662141, 'fire_exp': 1.0817442210590091, 'P_half': 78.6923053818512, 'pre_dampen_half': 16.77761144928434, 'gpp_af': 0.008942264429019431, 'gpp_b': 0.0012003734942431627, 'gpp_d': 0.6340519976940037, 'ign_k': 0.006944883603745084, 'ign_c': 38.217578404329615, 'trop_agb_crit': 6.162387160333808, 'trop_k_veg': 1.1712416062353368, 'gdp_gamma': 1.6351357855062305, 'cure_k': 0.0011452387732509084, 'cure_p_min': 304.9916592245069, 'cure_gpp_ref': 0.8390378812406928, 'cure_agb_crit': 1.3421783017955642, 'fuel_k': 0.0131107068980925, 'fuel_half': 78.33454789661927}. Best is trial 1132 with value: -0.6317570269256394.
[I 2026-07-25 00:40:56,775] Trial 1493 finished with value: 0.4245001087351309 and parameters: {'k1': 0.014472190874564436, 'D_low': 6068.253981481752, 'k2': 1.781084689722459e-05, 'D_high': 153715.28406535668, 'fire_exp': 1.1579670598447886, 'P_half': 212.19865542331308, 'pre_dampen_half': 0.0404268932983618, 'gpp_af': 15.695277691754383, 'gpp_b': 2.4979974654891453, 'gpp_d': 71.53643033155426, 'ign_k': 0.01548148826641907, 'ign_c': 0.5167160101093755, 'trop_agb_crit': 2.6608853490197997, 'trop_k_veg': 5.326859053044959, 'gdp_gamma': 1.2758265294203972, 'cure_k': 0.05174638125695428, 'cure_p_min': 259.9158313645714, 'cure_gpp_ref': 1.0630297493271934, 'cure_agb_crit': 4.747539843305683, 'fuel_k': 0.032079450401913456, 'fuel_half': 1.0736362885443178}. Best is trial 1132 with value: -0.6317570269256394.
[I 2026-07-25 00:40:57,239] Trial 1494 finished with value: 0.565410843193216 and parameters: {'k1': 2.106962515394821e-05, 'D_low': 765.6150494178158, 'k2': 0.0007069231029570574, 'D_high': 9614083.41637999, 'fire_exp': 2.1892283579026177, 'P_half': 115.06354369810244, 'pre_dampen_half': 0.4203682944995828, 'gpp_af': 0.015550828008339183, 'gpp_b': 0.0013842293741673614, 'gpp_d': 203.5283655757267, 'ign_k': 0.01557249173964012, 'ign_c': 34.97001919337845, 'trop_agb_crit': 4.265383528627184, 'trop_k_veg': 1.8946119963711414, 'gdp_gamma': 0.2840229303505011, 'cure_k': 0.031476344509276624, 'cure_p_min': 364.4492790921656, 'cure_gpp_ref': 0.8709789709450142, 'cure_agb_crit': 1.9614698135307524, 'fuel_k': 0.7761673327154447, 'fuel_half': 4.799904590122161}. Best is trial 1132 with value: -0.6317570269256394.
[I 2026-07-25 00:40:57,705] Trial 1495 finished with value: 0.4527062474169128 and parameters: {'k1': 5.577318268786768e-05, 'D_low': 259.34577272234935, 'k2': 0.018179090646686085, 'D_high': 653196.5270565004, 'fire_exp': 1.553735243295945, 'P_half': 16.696239640595294, 'pre_dampen_half': 1.9139051659081419, 'gpp_af': 0.025401947075301707, 'gpp_b': 1.7932634170647084e-05, 'gpp_d': 28.701766363906536, 'ign_k': 0.027563697355862588, 'ign_c': 11.276989489803144, 'trop_agb_crit': 15.790730045019355, 'trop_k_veg': 1.5208979557782853, 'gdp_gamma': 1.5205689423679762, 'cure_k': 0.04709442013532943, 'cure_p_min': 87.1008078096623, 'cure_gpp_ref': 0.05064534965697851, 'cure_agb_crit': 2.7962932304641788, 'fuel_k': 0.03285016175074172, 'fuel_half': 84.2375265976866}. Best is trial 1132 with value: -0.6317570269256394.
[I 2026-07-25 00:40:58,169] Trial 1496 finished with value: 0.5949927517308397 and parameters: {'k1': 0.0004955763617884431, 'D_low': 399563.2468763159, 'k2': 7.997753115117568e-05, 'D_high': 3865765.3909074864, 'fire_exp': 1.3743051047581338, 'P_half': 22.824729990254756, 'pre_dampen_half': 0.877592543729957, 'gpp_af': 2.6704152409289375, 'gpp_b': 7.167154766859865, 'gpp_d': 107.94587813677853, 'ign_k': 0.07661164988738961, 'ign_c': 2.454668650400185, 'trop_agb_crit': 3.785578837568694, 'trop_k_veg': 6.254688800962636, 'gdp_gamma': 0.6206364010459565, 'cure_k': 0.00919071392626271, 'cure_p_min': 310.7553617022413, 'cure_gpp_ref': 1.1030656822556226, 'cure_agb_crit': 2.6603261518445334, 'fuel_k': 0.02107062804340327, 'fuel_half': 0.25454467806620856}. Best is trial 1132 with value: -0.6317570269256394.
[I 2026-07-25 00:40:58,634] Trial 1497 finished with value: 0.46193916925016976 and parameters: {'k1': 1.3192112289649596e-05, 'D_low': 4573.2145791134235, 'k2': 0.0003846375819660066, 'D_high': 108636.24416909364, 'fire_exp': 1.588679444498764, 'P_half': 49.176938392642974, 'pre_dampen_half': 0.8972027650518632, 'gpp_af': 0.18748236271638596, 'gpp_b': 0.02827956729150293, 'gpp_d': 56.45627568180856, 'ign_k': 0.059107964250982074, 'ign_c': 3.801864870340615, 'trop_agb_crit': 11.162945353180895, 'trop_k_veg': 2.8894379827462418, 'gdp_gamma': 0.21779109726987472, 'cure_k': 0.06391154142526352, 'cure_p_min': 376.8027241633079, 'cure_gpp_ref': 1.7940913880658287, 'cure_agb_crit': 2.7672915494395713, 'fuel_k': 1.2837079081231981, 'fuel_half': 0.1386565481812428}. Best is trial 1132 with value: -0.6317570269256394.
[I 2026-07-25 00:40:59,102] Trial 1498 finished with value: 0.521813412105913 and parameters: {'k1': 1.33872828308772e-05, 'D_low': 1473.4507309740031, 'k2': 3.448455073882058e-05, 'D_high': 3790931.882423372, 'fire_exp': 1.5928213863782614, 'P_half': 2.1475972071780256, 'pre_dampen_half': 14.408902187137508, 'gpp_af': 0.016016393815255863, 'gpp_b': 0.00012512461942077916, 'gpp_d': 7.2288514680404985, 'ign_k': 0.7306031377077016, 'ign_c': 4.56026099238603, 'trop_agb_crit': 1.5081231429135957, 'trop_k_veg': 0.6190373707227291, 'gdp_gamma': 1.31363162770461, 'cure_k': 0.06517041921063402, 'cure_p_min': 274.0851852852871, 'cure_gpp_ref': 0.07037332792263423, 'cure_agb_crit': 1.6117683329821422, 'fuel_k': 0.10586059369190902, 'fuel_half': 33.35403997948616}. Best is trial 1132 with value: -0.6317570269256394.
[I 2026-07-25 00:40:59,563] Trial 1499 finished with value: 0.6008854133253959 and parameters: {'k1': 0.0003473480773364034, 'D_low': 5.7420271637554405, 'k2': 0.0010160523719961647, 'D_high': 264399.14359259885, 'fire_exp': 4.606625771770932, 'P_half': 784.6293774919277, 'pre_dampen_half': 0.17633568184864018, 'gpp_af': 0.03974807134526745, 'gpp_b': 0.0005687349655536749, 'gpp_d': 554.1682361615839, 'ign_k': 0.7508645144144513, 'ign_c': 42.89805248712728, 'trop_agb_crit': 1.3218866754323966, 'trop_k_veg': 1.1655648553096842, 'gdp_gamma': 0.6160867383078403, 'cure_k': 0.00915526215202458, 'cure_p_min': 347.70234664128697, 'cure_gpp_ref': 0.7185789311653206, 'cure_agb_crit': 3.0126980912478585, 'fuel_k': 0.30379377462021734, 'fuel_half': 6.828342756285333}. Best is trial 1132 with value: -0.6317570269256394.
[setup] COUPLING-READY: climate (D_bar/T_air/P_*) + GPP all from global_baseline_modelC_inputs_1997-2016.nc ...
[setup] loading GFED5 reference from burntArea.nc ...
[setup] land cells (GFED5 burnable): 13916 / 64800 (21.5%)
[gdp] GDP_TERM ON: pivot $9,242/cap, coverage 21% of grid, clip [0.15,6.0]x
[curing] CURING ON: grass-curing pathway (precip-gated, forest/desert-gated, inverse-GPP)
[setup] GFED5 land-mean monthly frac: 0.005068
[opt] warm-start from params.coupledE_gdp.json
[warm] Overall=0.6233  bias=0.7281 rmse=0.4024 seas=0.7769 spatial=0.8065
[opt] sampler=TPESampler seed=42
[opt] running 1500 trials against GFED5 ...
  trial   46/1500  best_overall=0.6233  (0.3 min)
  trial   92/1500  best_overall=0.6233  (0.7 min)
  trial  137/1500  best_overall=0.6233  (1.0 min)
  trial  182/1500  best_overall=0.6233  (1.3 min)
  trial  227/1500  best_overall=0.6233  (1.7 min)
  trial  272/1500  best_overall=0.6233  (2.0 min)
  trial  317/1500  best_overall=0.6233  (2.4 min)
  trial  361/1500  best_overall=0.6233  (2.7 min)
  trial  406/1500  best_overall=0.6233  (3.0 min)
  trial  451/1500  best_overall=0.6233  (3.4 min)
  trial  495/1500  best_overall=0.6233  (3.7 min)
  trial  540/1500  best_overall=0.6233  (4.1 min)
  trial  584/1500  best_overall=0.6299  (4.4 min)
  trial  628/1500  best_overall=0.6299  (4.7 min)
  trial  672/1500  best_overall=0.6299  (5.1 min)
  trial  716/1500  best_overall=0.6299  (5.4 min)
  trial  760/1500  best_overall=0.6299  (5.7 min)
  trial  804/1500  best_overall=0.6299  (6.1 min)
  trial  848/1500  best_overall=0.6299  (6.4 min)
  trial  891/1500  best_overall=0.6299  (6.8 min)
  trial  935/1500  best_overall=0.6299  (7.1 min)
  trial  979/1500  best_overall=0.6299  (7.4 min)
  trial 1023/1500  best_overall=0.6299  (7.8 min)
  trial 1067/1500  best_overall=0.6299  (8.1 min)
  trial 1111/1500  best_overall=0.6299  (8.5 min)
  trial 1155/1500  best_overall=0.6318  (8.8 min)
  trial 1199/1500  best_overall=0.6318  (9.1 min)
  trial 1243/1500  best_overall=0.6318  (9.5 min)
  trial 1286/1500  best_overall=0.6318  (9.8 min)
  trial 1329/1500  best_overall=0.6318  (10.2 min)
  trial 1373/1500  best_overall=0.6318  (10.5 min)
  trial 1416/1500  best_overall=0.6318  (10.8 min)
  trial 1459/1500  best_overall=0.6318  (11.2 min)

[done] 1500 trials in 11.5 min
       best Overall = 0.6318
[best] Bias=0.7310  RMSE=0.4051  Seas=0.7987  Spatial=0.8189  Overall=0.6318
[diag] raw rate land-mean (yr^-1): 0.01229  (target ~ 0.06082)
[write] /Volumes/RICHIE - T7/FIRE_OFFLINE/models/C/params.coupledE_cure.json
[write] /Volumes/RICHIE - T7/FIRE_OFFLINE/ilamb/MODELS/ED-ModelC-final/burntArea.coupledE_cure.nc  (17.4 MB)
