[I 2026-08-06 00:07:39,229] Trial 75 finished with values: [10.726286402962852, 10.726286402962852] and parameters: {'k1': 0.015602015889668856, 'D_low': 4.051452710153359, 'k2': 3.5917714215176105e-05, 'D_high': 3660.150802571655, 'fire_exp': 1.5201277403788451, 'P_half': 22.4895428439145, 'pre_dampen_half': 0.7549440440422736, 'gpp_af': 0.2343193755572473, 'gpp_b': 0.10123867001105968, 'gpp_d': 39.827466658711515, 'ign_k': 0.005877005203443299, 'ign_c': 14.810800730363484}.
[I 2026-08-06 00:07:40,189] Trial 76 finished with values: [10.769177788908925, 10.769177788908925] and parameters: {'k1': 1.1102341430568339e-05, 'D_low': 366.93617672889457, 'k2': 1.6796279878430503e-05, 'D_high': 29.87250655313649, 'fire_exp': 1.3107692568861353, 'P_half': 395.22208819061166, 'pre_dampen_half': 53.73093479067421, 'gpp_af': 0.8257409555143472, 'gpp_b': 5.9297350775555, 'gpp_d': 0.748777692754551, 'ign_k': 0.013894673469237211, 'ign_c': 298.123706972088}.
[I 2026-08-06 00:07:41,125] Trial 77 finished with values: [10.758904461986088, 10.758904461986088] and parameters: {'k1': 0.005967518552547517, 'D_low': 9.330007965781027, 'k2': 0.00011939136672856547, 'D_high': 322.951013956506, 'fire_exp': 1.182396148413737, 'P_half': 1938.3858782150498, 'pre_dampen_half': 0.11408801789211462, 'gpp_af': 0.0025511964576171086, 'gpp_b': 3.228689523591491e-05, 'gpp_d': 5.1715677287580455, 'ign_k': 0.010167079878196114, 'ign_c': 52.04862686958018}.
[I 2026-08-06 00:07:42,088] Trial 78 finished with values: [10.767860144624166, 10.767860144624166] and parameters: {'k1': 3.8751982355100445e-05, 'D_low': 24.142596390104572, 'k2': 0.0009299619346742016, 'D_high': 3545.843846227985, 'fire_exp': 1.5191397119156032, 'P_half': 8005.866020696464, 'pre_dampen_half': 2.9046276683520458, 'gpp_af': 0.04403094955951772, 'gpp_b': 0.0631546199357611, 'gpp_d': 0.22602748689012583, 'ign_k': 0.002011190979341457, 'ign_c': 0.2059802236544963}.
[I 2026-08-06 00:07:43,026] Trial 79 finished with values: [10.76588636619272, 10.76588636619272] and parameters: {'k1': 7.841214856323651e-05, 'D_low': 7126.727573532312, 'k2': 0.08894151386481904, 'D_high': 75773.14388518519, 'fire_exp': 1.1044852285094786, 'P_half': 3669.20903969591, 'pre_dampen_half': 4.350163152436989, 'gpp_af': 92.21975850381763, 'gpp_b': 1.0714507872203791, 'gpp_d': 5.878566318396007, 'ign_k': 0.04563289369649656, 'ign_c': 12.37061744238074}.
[I 2026-08-06 00:07:43,958] Trial 80 finished with values: [10.600621371042013, 10.600621371042013] and parameters: {'k1': 1.1102341430568339e-05, 'D_low': 918.4900818511542, 'k2': 0.006138509947844854, 'D_high': 43033.06161410616, 'fire_exp': 2.2881850891698634, 'P_half': 395.22208819061166, 'pre_dampen_half': 53.73093479067421, 'gpp_af': 11.234842109991876, 'gpp_b': 5.9297350775555, 'gpp_d': 368.30088529547436, 'ign_k': 0.11101191524846071, 'ign_c': 10.140635645866492}.
[I 2026-08-06 00:07:44,882] Trial 81 finished with values: [10.425250441159898, 10.425250441159898] and parameters: {'k1': 7.841214856323651e-05, 'D_low': 918.4900818511542, 'k2': 1.1184534120760473e-05, 'D_high': 6455.595882939566, 'fire_exp': 1.1044852285094786, 'P_half': 215.55950571043874, 'pre_dampen_half': 111.37963167994629, 'gpp_af': 11.234842109991876, 'gpp_b': 0.0025416076006960116, 'gpp_d': 368.30088529547436, 'ign_k': 0.11101191524846071, 'ign_c': 10.140635645866492}.
[I 2026-08-06 00:07:45,879] Trial 82 finished with values: [10.766963408537489, 10.766963408537489] and parameters: {'k1': 0.00016536937182824412, 'D_low': 2.458603276328005, 'k2': 0.005456725485601475, 'D_high': 576.2487216478603, 'fire_exp': 1.324458134009935, 'P_half': 95.65499215943822, 'pre_dampen_half': 0.014857392806279237, 'gpp_af': 35.20481045526041, 'gpp_b': 0.0003570095960030948, 'gpp_d': 20.54051942538844, 'ign_k': 0.017654048052495083, 'ign_c': 12.03017887115466}.
[I 2026-08-06 00:07:46,866] Trial 83 finished with values: [10.769230659873829, 10.769230659873829] and parameters: {'k1': 0.00031489116479568613, 'D_low': 606.7290033535005, 'k2': 0.0006579066240690734, 'D_high': 2481.0409748678126, 'fire_exp': 3.8398504643167155, 'P_half': 4023.759749324184, 'pre_dampen_half': 0.016874538403502292, 'gpp_af': 0.20418743718729587, 'gpp_b': 0.040428727350273294, 'gpp_d': 282.69551568161273, 'ign_k': 0.0012087541473056963, 'ign_c': 757.9479953347999}.
[I 2026-08-06 00:07:47,878] Trial 84 finished with values: [10.769230768877819, 10.769230768877819] and parameters: {'k1': 0.061536580356916504, 'D_low': 2.0319809838424976, 'k2': 0.00014421346497969477, 'D_high': 44.1453687649448, 'fire_exp': 8.505456981059524, 'P_half': 1707.9750342958232, 'pre_dampen_half': 14.689898077648792, 'gpp_af': 22.766850248686247, 'gpp_b': 0.6637926838138378, 'gpp_d': 0.08567424667875059, 'ign_k': 3.7173717478250508, 'ign_c': 14.367095138664217}.
[I 2026-08-06 00:07:48,858] Trial 85 finished with values: [10.762939068139964, 10.762939068139964] and parameters: {'k1': 0.02714257255218683, 'D_low': 51.9967392387832, 'k2': 0.010080550999930625, 'D_high': 41.05873950290761, 'fire_exp': 1.2680134752324452, 'P_half': 351.2704726270846, 'pre_dampen_half': 0.37306104754535907, 'gpp_af': 13.560863064135962, 'gpp_b': 0.000832333943844274, 'gpp_d': 300.3420512048734, 'ign_k': 0.04380580767905655, 'ign_c': 0.11049703024154134}.
[I 2026-08-06 00:07:49,837] Trial 86 finished with values: [10.765719148563155, 10.765719148563155] and parameters: {'k1': 0.014344484793173472, 'D_low': 12.172958098369968, 'k2': 0.02065142557895925, 'D_high': 267.3088310781672, 'fire_exp': 1.9095652801045373, 'P_half': 148.17820606039086, 'pre_dampen_half': 0.050654860639753524, 'gpp_af': 10.25616274847308, 'gpp_b': 2.800940363375676e-05, 'gpp_d': 859.8737339212263, 'ign_k': 0.3834148816455677, 'ign_c': 19.19168994439752}.
[I 2026-08-06 00:07:50,886] Trial 87 finished with values: [10.769230768877819, 10.769230768877819] and parameters: {'k1': 2.0937989739527727e-05, 'D_low': 136.0956887810302, 'k2': 0.0004381141781653133, 'D_high': 85018.70149611714, 'fire_exp': 1.4179955885299673, 'P_half': 17.655835392092534, 'pre_dampen_half': 0.1747614740105795, 'gpp_af': 21.258647437649888, 'gpp_b': 0.7987896438549947, 'gpp_d': 0.19476644406315288, 'ign_k': 1.1215915868662767, 'ign_c': 47.268615251255675}.
[I 2026-08-06 00:07:51,816] Trial 88 finished with values: [10.16815915000298, 10.16815915000298] and parameters: {'k1': 0.002971796631657383, 'D_low': 29.89885508829526, 'k2': 0.0007081721844034209, 'D_high': 9769.756791866093, 'fire_exp': 1.0881360604103363, 'P_half': 10.226988730324324, 'pre_dampen_half': 36.876350096203005, 'gpp_af': 29.925002022877802, 'gpp_b': 0.011750724729953272, 'gpp_d': 4.5768578731086835, 'ign_k': 0.0026834162496848666, 'ign_c': 6.160975294741436}.
[I 2026-08-06 00:07:52,781] Trial 89 finished with values: [10.769230751225722, 10.769230751225722] and parameters: {'k1': 4.739584301027366e-05, 'D_low': 7089.141723796886, 'k2': 0.02207600491318518, 'D_high': 22.636544662054543, 'fire_exp': 2.5642061910321017, 'P_half': 69.68111190775313, 'pre_dampen_half': 0.06055990892372905, 'gpp_af': 0.017832592720985762, 'gpp_b': 0.01974058362112495, 'gpp_d': 28.312234265202243, 'ign_k': 0.43731009905162666, 'ign_c': 22.126836566118193}.
[I 2026-08-06 00:07:53,714] Trial 90 finished with values: [10.743679678849198, 10.743679678849198] and parameters: {'k1': 0.0002656971546588439, 'D_low': 1112.9571947046009, 'k2': 8.923807143379776e-05, 'D_high': 8182.111518618414, 'fire_exp': 1.264103030891254, 'P_half': 338.23872019362165, 'pre_dampen_half': 0.16974173693738634, 'gpp_af': 0.006359264168909611, 'gpp_b': 0.00013164432569139702, 'gpp_d': 150.14555442537656, 'ign_k': 0.019192001101561888, 'ign_c': 0.557280750002996}.
[I 2026-08-06 00:07:54,677] Trial 91 finished with values: [10.769230768877819, 10.769230768877819] and parameters: {'k1': 0.0010557345038524782, 'D_low': 2.5379946629058443, 'k2': 0.002791367011873748, 'D_high': 11.815190690253214, 'fire_exp': 1.182396148413737, 'P_half': 1938.3858782150498, 'pre_dampen_half': 33.9790424311127, 'gpp_af': 2.8805537835688413, 'gpp_b': 0.08161454372835547, 'gpp_d': 857.4284557962634, 'ign_k': 0.7058572590901792, 'ign_c': 307.96093943652454}.
[I 2026-08-06 00:07:55,640] Trial 92 finished with values: [10.766486867876727, 10.766486867876727] and parameters: {'k1': 0.00035868164986275477, 'D_low': 12.172958098369968, 'k2': 0.02065142557895925, 'D_high': 267.3088310781672, 'fire_exp': 1.9095652801045373, 'P_half': 148.17820606039086, 'pre_dampen_half': 0.050654860639753524, 'gpp_af': 10.25616274847308, 'gpp_b': 2.800940363375676e-05, 'gpp_d': 859.8737339212263, 'ign_k': 1.2273800987852967, 'ign_c': 0.6235377135673155}.
[I 2026-08-06 00:07:56,623] Trial 93 finished with values: [10.768603536109538, 10.768603536109538] and parameters: {'k1': 0.00016536937182824412, 'D_low': 2.458603276328005, 'k2': 0.005456725485601475, 'D_high': 53514.70428717441, 'fire_exp': 3.7748863822506733, 'P_half': 95.65499215943822, 'pre_dampen_half': 0.014857392806279237, 'gpp_af': 35.20481045526041, 'gpp_b': 0.0004837646996135023, 'gpp_d': 20.54051942538844, 'ign_k': 0.3818468247973969, 'ign_c': 12.03017887115466}.
[I 2026-08-06 00:07:57,571] Trial 94 finished with values: [-0.4884897705161003, 0.24417712510984713] and parameters: {'k1': 3.252245757497282e-05, 'D_low': 1112.9571947046009, 'k2': 3.5917714215176105e-05, 'D_high': 8182.111518618414, 'fire_exp': 1.5201277403788451, 'P_half': 24.136213194527585, 'pre_dampen_half': 304.7488318185732, 'gpp_af': 0.47739011308437823, 'gpp_b': 3.481277316673104e-05, 'gpp_d': 150.14555442537656, 'ign_k': 0.019192001101561888, 'ign_c': 0.1457050032975653}.
[I 2026-08-06 00:07:58,535] Trial 95 finished with values: [10.768292415320348, 10.768292415320348] and parameters: {'k1': 0.02714257255218683, 'D_low': 51.9967392387832, 'k2': 0.010080550999930625, 'D_high': 249.36660834465195, 'fire_exp': 1.2680134752324452, 'P_half': 4075.7883791361783, 'pre_dampen_half': 3.3594011166738142, 'gpp_af': 7.9319091138570625, 'gpp_b': 0.000832333943844274, 'gpp_d': 6.693694972526552, 'ign_k': 0.004431133722857619, 'ign_c': 392.8409513479224}.
[I 2026-08-06 00:07:59,517] Trial 96 finished with values: [10.725119505769213, 10.725119505769213] and parameters: {'k1': 0.006117912981900519, 'D_low': 29.89885508829526, 'k2': 2.316457903103837e-05, 'D_high': 949.9072859745386, 'fire_exp': 1.14171776851287, 'P_half': 157.80309954142965, 'pre_dampen_half': 1.6130673726933187, 'gpp_af': 29.925002022877802, 'gpp_b': 0.011750724729953272, 'gpp_d': 4.5768578731086835, 'ign_k': 0.0026834162496848666, 'ign_c': 6.160975294741436}.
[I 2026-08-06 00:08:00,499] Trial 97 finished with values: [10.261604694868872, 10.261604694868872] and parameters: {'k1': 0.04897760278488444, 'D_low': 2.458603276328005, 'k2': 0.08790311296857814, 'D_high': 10316.033434719713, 'fire_exp': 2.3782613909771353, 'P_half': 2.157758652553991, 'pre_dampen_half': 76.86605275420082, 'gpp_af': 35.20481045526041, 'gpp_b': 0.003510201564752293, 'gpp_d': 34.37107943937136, 'ign_k': 0.017654048052495083, 'ign_c': 9.34330265731847}.
[I 2026-08-06 00:08:01,498] Trial 98 finished with values: [10.459395943712405, 10.459395943712405] and parameters: {'k1': 0.021368329072358756, 'D_low': 4.075267974954964, 'k2': 0.08790311296857814, 'D_high': 10316.033434719713, 'fire_exp': 2.3782613909771353, 'P_half': 2.157758652553991, 'pre_dampen_half': 7.6110013825922485, 'gpp_af': 0.6194713831445294, 'gpp_b': 0.003510201564752293, 'gpp_d': 340.229467527258, 'ign_k': 0.0027847738314446878, 'ign_c': 9.34330265731847}.
[I 2026-08-06 00:08:02,483] Trial 99 finished with values: [10.769230768877819, 10.769230768877819] and parameters: {'k1': 0.0002656971546588439, 'D_low': 8832.039346746853, 'k2': 0.0026491056409715568, 'D_high': 88.90110660871557, 'fire_exp': 1.264103030891254, 'P_half': 4.087300390305745, 'pre_dampen_half': 0.029401794589686385, 'gpp_af': 0.06895710419314548, 'gpp_b': 0.00013164432569139702, 'gpp_d': 0.16593890383815796, 'ign_k': 0.26721460136202413, 'ign_c': 386.4218705871767}.
[I 2026-08-06 00:08:03,473] Trial 100 finished with values: [10.295870186271294, 10.295870186271294] and parameters: {'k1': 0.03232155805617897, 'D_low': 98.57545621889057, 'k2': 0.006138509947844854, 'D_high': 6455.595882939566, 'fire_exp': 2.2881850891698634, 'P_half': 958.8659498594012, 'pre_dampen_half': 111.37963167994629, 'gpp_af': 0.004344117003966495, 'gpp_b': 0.0035057749039614167, 'gpp_d': 0.6537496690081765, 'ign_k': 0.8826264591983531, 'ign_c': 19.19168994439752}.
[I 2026-08-06 00:08:04,462] Trial 101 finished with values: [10.74975517536299, 10.74975517536299] and parameters: {'k1': 0.016973078532467004, 'D_low': 175.2878790340412, 'k2': 0.0001870742013766025, 'D_high': 411.0848435021235, 'fire_exp': 1.3614924220931135, 'P_half': 51.10120656497163, 'pre_dampen_half': 59.66041614891413, 'gpp_af': 20.12115544906385, 'gpp_b': 4.038332634638232, 'gpp_d': 3.57879245350232, 'ign_k': 0.0035114452581286888, 'ign_c': 0.11433485956638717}.
[I 2026-08-06 00:08:05,535] Trial 102 finished with values: [10.769230768877819, 10.769230768877819] and parameters: {'k1': 0.05217998579193211, 'D_low': 168.67533138445359, 'k2': 0.0019339745640818936, 'D_high': 131.80029267201175, 'fire_exp': 5.881565436248893, 'P_half': 5.59983195169599, 'pre_dampen_half': 0.4153327541909818, 'gpp_af': 0.13402388198950174, 'gpp_b': 0.011108675282673156, 'gpp_d': 0.16294786031575217, 'ign_k': 0.002879700348528891, 'ign_c': 503.8184316297588}.
[I 2026-08-06 00:08:06,588] Trial 103 finished with values: [10.74274231605142, 10.74274231605142] and parameters: {'k1': 2.0937989739527727e-05, 'D_low': 125.32726386250698, 'k2': 0.02065142557895925, 'D_high': 267.3088310781672, 'fire_exp': 1.2943117749495199, 'P_half': 63.585411411994926, 'pre_dampen_half': 703.6426675556048, 'gpp_af': 10.25616274847308, 'gpp_b': 2.800940363375676e-05, 'gpp_d': 0.19476644406315288, 'ign_k': 0.0048255892187380085, 'ign_c': 0.6235377135673155}.
[I 2026-08-06 00:08:07,611] Trial 104 finished with values: [10.769230768877819, 10.769230768877819] and parameters: {'k1': 0.014666151770108535, 'D_low': 2.83760658543459, 'k2': 0.015109330261674455, 'D_high': 949.9072859745386, 'fire_exp': 9.65697704255972, 'P_half': 2267.735223551285, 'pre_dampen_half': 0.09467055845337147, 'gpp_af': 27.448645214004376, 'gpp_b': 5.5972678141182876e-05, 'gpp_d': 0.03848886303127135, 'ign_k': 0.0037322156377670697, 'ign_c': 111.18405953132105}.
[I 2026-08-06 00:08:08,603] Trial 105 finished with values: [10.766836700024612, 10.766836700024612] and parameters: {'k1': 0.004579192310322934, 'D_low': 2.843767489444367, 'k2': 0.0499774937030317, 'D_high': 32311.521854410956, 'fire_exp': 1.811096651915224, 'P_half': 436.4516946807792, 'pre_dampen_half': 1.5691864266263484, 'gpp_af': 0.5970408652384318, 'gpp_b': 0.015062722325200045, 'gpp_d': 0.1619054449471649, 'ign_k': 0.002357279455676982, 'ign_c': 388.02797007866826}.
[I 2026-08-06 00:08:09,607] Trial 106 finished with values: [10.752052861215663, 10.752052861215663] and parameters: {'k1': 0.00010436686039715205, 'D_low': 532.1216007763549, 'k2': 0.010987817552608315, 'D_high': 2412.9868904539244, 'fire_exp': 2.961939534707384, 'P_half': 4.397766894483963, 'pre_dampen_half': 0.5550617910625242, 'gpp_af': 2.8805537835688413, 'gpp_b': 0.9631999397024836, 'gpp_d': 668.5510162938966, 'ign_k': 4.8235582830244885, 'ign_c': 0.8891936446296247}.
[I 2026-08-06 00:08:10,560] Trial 107 finished with values: [12.027850767787463, 12.027850767787463] and parameters: {'k1': 0.02641449645424223, 'D_low': 2.1234210963705626, 'k2': 0.031211489608802344, 'D_high': 48249.14281180252, 'fire_exp': 3.1018148805490564, 'P_half': 12.808863354047988, 'pre_dampen_half': 107.40052367919465, 'gpp_af': 5.511863475708366, 'gpp_b': 0.00012797528816608022, 'gpp_d': 223.60515435267138, 'ign_k': 0.34703605955441524, 'ign_c': 8.671454322584175}.
[I 2026-08-06 00:08:11,493] Trial 108 finished with values: [10.753636760757049, 10.753636760757049] and parameters: {'k1': 7.841214856323651e-05, 'D_low': 118.94665366442581, 'k2': 0.02065142557895925, 'D_high': 75773.14388518519, 'fire_exp': 1.1044852285094786, 'P_half': 3669.20903969591, 'pre_dampen_half': 0.050654860639753524, 'gpp_af': 92.21975850381763, 'gpp_b': 2.800940363375676e-05, 'gpp_d': 859.8737339212263, 'ign_k': 1.2273800987852967, 'ign_c': 12.37061744238074}.
[I 2026-08-06 00:08:12,518] Trial 109 finished with values: [10.769230749477464, 10.769230749477464] and parameters: {'k1': 0.015602015889668856, 'D_low': 1636.5290600718067, 'k2': 0.006424916813668931, 'D_high': 2317.9376139410874, 'fire_exp': 7.762566645187935, 'P_half': 1687.869855879562, 'pre_dampen_half': 896.4492537002844, 'gpp_af': 0.11563475499641605, 'gpp_b': 0.0017065087316216368, 'gpp_d': 0.9885838682552678, 'ign_k': 0.001655947467404601, 'ign_c': 14.810800730363484}.
[I 2026-08-06 00:08:13,452] Trial 110 finished with values: [10.748522197890713, 10.748522197890713] and parameters: {'k1': 4.739584301027366e-05, 'D_low': 13.012518385211498, 'k2': 0.00022704877557909215, 'D_high': 22.636544662054543, 'fire_exp': 1.3201882743050743, 'P_half': 69.68111190775313, 'pre_dampen_half': 0.4742269251269962, 'gpp_af': 0.0662749342026412, 'gpp_b': 0.010483435442445016, 'gpp_d': 28.312234265202243, 'ign_k': 0.0014363112408604436, 'ign_c': 157.63098727399432}.
[I 2026-08-06 00:08:14,399] Trial 111 finished with values: [10.693099676712528, 10.693099676712528] and parameters: {'k1': 0.002971796631657383, 'D_low': 74.92772870670282, 'k2': 0.0007081721844034209, 'D_high': 9769.756791866093, 'fire_exp': 1.0881360604103363, 'P_half': 1627.0983114897251, 'pre_dampen_half': 53.73093479067421, 'gpp_af': 29.925002022877802, 'gpp_b': 0.011750724729953272, 'gpp_d': 4.5768578731086835, 'ign_k': 0.0026834162496848666, 'ign_c': 298.123706972088}.
[I 2026-08-06 00:08:15,367] Trial 112 finished with values: [-0.5843821335493933, 0.11120325481414595] and parameters: {'k1': 0.025383218374507292, 'D_low': 18.522006003174383, 'k2': 4.763991596630584e-05, 'D_high': 1687.3495104568947, 'fire_exp': 1.010722707674549, 'P_half': 608.3019192425825, 'pre_dampen_half': 14.689898077648792, 'gpp_af': 22.766850248686247, 'gpp_b': 0.6637926838138378, 'gpp_d': 891.8036602897795, 'ign_k': 3.7173717478250508, 'ign_c': 14.367095138664217}.
[I 2026-08-06 00:08:16,333] Trial 113 finished with values: [10.722249897141682, 10.722249897141682] and parameters: {'k1': 0.00488137519160367, 'D_low': 918.4900818511542, 'k2': 8.923807143379776e-05, 'D_high': 8182.111518618414, 'fire_exp': 2.332293128354265, 'P_half': 14.94057723907974, 'pre_dampen_half': 14.711215379121963, 'gpp_af': 11.234842109991876, 'gpp_b': 1.5938003265859821, 'gpp_d': 368.30088529547436, 'ign_k': 0.11101191524846071, 'ign_c': 10.140635645866492}.
[I 2026-08-06 00:08:17,441] Trial 114 finished with values: [10.769230768877819, 10.769230768877819] and parameters: {'k1': 0.00324789183891923, 'D_low': 2.1234210963705626, 'k2': 6.290644294586152e-05, 'D_high': 1140.0863701127325, 'fire_exp': 3.9121416285496955, 'P_half': 1.533916259116362, 'pre_dampen_half': 107.40052367919465, 'gpp_af': 5.511863475708366, 'gpp_b': 0.00012797528816608022, 'gpp_d': 0.11136446029400991, 'ign_k': 7.2866537374910445, 'ign_c': 171.23375973163948}.
[I 2026-08-06 00:08:18,372] Trial 115 finished with values: [10.769230768877819, 10.769230768877819] and parameters: {'k1': 0.008715336806899437, 'D_low': 74.92772870670282, 'k2': 1.6796279878430503e-05, 'D_high': 215.7727947769347, 'fire_exp': 2.5013167628643336, 'P_half': 395.22208819061166, 'pre_dampen_half': 4.863825828994056, 'gpp_af': 0.11563475499641605, 'gpp_b': 5.9297350775555, 'gpp_d': 76.2192732934521, 'ign_k': 0.02307884981527798, 'ign_c': 528.4809078673597}.
[I 2026-08-06 00:08:19,333] Trial 116 finished with values: [10.76836008600642, 10.76836008600642] and parameters: {'k1': 0.004579192310322934, 'D_low': 123.66924205139141, 'k2': 0.0001870742013766025, 'D_high': 32270.237615157977, 'fire_exp': 2.4685680709443356, 'P_half': 1846.7059900514498, 'pre_dampen_half': 1.5691864266263484, 'gpp_af': 39.744595568350256, 'gpp_b': 0.005971435064832835, 'gpp_d': 0.32128420171885896, 'ign_k': 0.9782222138048976, 'ign_c': 10.253722513378378}.
[I 2026-08-06 00:08:20,283] Trial 117 finished with values: [10.769051145445744, 10.769051145445744] and parameters: {'k1': 0.014666151770108535, 'D_low': 1440.3650379563878, 'k2': 2.316457903103837e-05, 'D_high': 3550.0125258511603, 'fire_exp': 1.14171776851287, 'P_half': 157.80309954142965, 'pre_dampen_half': 1.6130673726933187, 'gpp_af': 27.448645214004376, 'gpp_b': 0.36703737625293875, 'gpp_d': 0.03848886303127135, 'ign_k': 0.0037322156377670697, 'ign_c': 9.444574254983557}.
[I 2026-08-06 00:08:21,265] Trial 118 finished with values: [10.57214391006723, 10.57214391006723] and parameters: {'k1': 0.014666151770108535, 'D_low': 9.330007965781027, 'k2': 0.00011939136672856547, 'D_high': 949.9072859745386, 'fire_exp': 1.0473002272689056, 'P_half': 19.4230157499841, 'pre_dampen_half': 1.6130673726933187, 'gpp_af': 0.04339970334001348, 'gpp_b': 5.2308563179361105e-05, 'gpp_d': 0.03848886303127135, 'ign_k': 0.0037322156377670697, 'ign_c': 2.4287565087611744}.
[I 2026-08-06 00:08:22,210] Trial 119 finished with values: [10.37519493990258, 10.37519493990258] and parameters: {'k1': 0.021368329072358756, 'D_low': 7.068974950624602, 'k2': 1.1184534120760473e-05, 'D_high': 75773.14388518519, 'fire_exp': 1.1044852285094786, 'P_half': 125.61043700013555, 'pre_dampen_half': 1.4445251022763053, 'gpp_af': 0.028585493941961918, 'gpp_b': 2.7719116797094715e-05, 'gpp_d': 5.878566318396007, 'ign_k': 0.01474275315991467, 'ign_c': 2.92043384718141}.
