[I 2026-08-20 00:05:00,785] Trial 96 finished with value: -0.49515709404057145 and parameters: {'k1': 0.024620163458165447, 'D_low': 35.113176363318644, 'k2': 0.004448453806114735, 'D_high': 1246964.400330945, 'fire_exp': 1.2213023117183284, 'P_half': 254.562767512779, 'pre_dampen_half': 7.0747624908681015, 'gpp_af': 53.39818154110011, 'gpp_b': 0.00010190632947390792, 'gpp_d': 30.37546068888233, 'ign_k': 0.01998818123620493, 'ign_c': 21.734439017273132, 'trop_agb_crit': 6.201938581549682, 'trop_k_veg': 0.6317251138682176, 'pop_amp': 0.6838353154878426, 'pop_peak': 4.251034307433514, 'pop_sig': 0.9476012331077157}. Best is trial 0 with value: -0.6002194417466498.
[I 2026-08-20 00:05:03,763] Trial 97 finished with value: -0.4620497286639142 and parameters: {'k1': 0.0018921589729267913, 'D_low': 51.55417377746155, 'k2': 0.0034557168420814087, 'D_high': 881799.5578530281, 'fire_exp': 1.4681572617173073, 'P_half': 320.39092699573814, 'pre_dampen_half': 12.674459564738568, 'gpp_af': 70.02996396928197, 'gpp_b': 0.0005289104189691688, 'gpp_d': 10.295710359651157, 'ign_k': 0.018450025901337107, 'ign_c': 7.098622726871632, 'trop_agb_crit': 4.210901937596849, 'trop_k_veg': 0.527562761937107, 'pop_amp': 1.095649482834359, 'pop_peak': 13.21619287759574, 'pop_sig': 1.0238578523464725}. Best is trial 0 with value: -0.6002194417466498.
[I 2026-08-20 00:05:06,569] Trial 98 finished with value: 0.5873346320263779 and parameters: {'k1': 0.01204024692088177, 'D_low': 116.37676308735914, 'k2': 0.018687116220510783, 'D_high': 13389.9987026801, 'fire_exp': 1.34469187343553, 'P_half': 130.96324534059514, 'pre_dampen_half': 0.0745995632829928, 'gpp_af': 34.83897459895716, 'gpp_b': 2.097804398914006e-05, 'gpp_d': 15.395320340282284, 'ign_k': 0.07461354808077962, 'ign_c': 31.431730979932993, 'trop_agb_crit': 7.824779139138896, 'trop_k_veg': 0.7765376876616161, 'pop_amp': 0.7390287340584054, 'pop_peak': 82.47092712020923, 'pop_sig': 0.8831088498093993}. Best is trial 0 with value: -0.6002194417466498.
[I 2026-08-20 00:05:09,615] Trial 99 finished with value: 0.597553510098146 and parameters: {'k1': 0.0007969672500904077, 'D_low': 85.43410887807781, 'k2': 0.002692660007895583, 'D_high': 3007029.1720705647, 'fire_exp': 1.795349279072514, 'P_half': 1361.671049166983, 'pre_dampen_half': 5.11951708755547, 'gpp_af': 8.501265012200255, 'gpp_b': 0.017344414642598, 'gpp_d': 4.6512361278131795, 'ign_k': 0.0029661359614686585, 'ign_c': 28.69673215913982, 'trop_agb_crit': 5.2075616350553044, 'trop_k_veg': 0.5350990809315336, 'pop_amp': 0.7603334300226119, 'pop_peak': 5.649015073118799, 'pop_sig': 0.8743273172476551}. Best is trial 0 with value: -0.6002194417466498.
[I 2026-08-20 00:05:12,589] Trial 100 finished with value: 0.6557174852933311 and parameters: {'k1': 0.045422802714278177, 'D_low': 195.69147811439822, 'k2': 0.010394415712542645, 'D_high': 1629599.1863998224, 'fire_exp': 1.253751590206585, 'P_half': 155.65835283557183, 'pre_dampen_half': 21.46310559604474, 'gpp_af': 22.02682145996866, 'gpp_b': 0.000110420803053054, 'gpp_d': 64.1584411516598, 'ign_k': 0.004861475652335438, 'ign_c': 3.0180343545761046, 'trop_agb_crit': 5.918178532212967, 'trop_k_veg': 0.6812617212494249, 'pop_amp': 10.353414368532343, 'pop_peak': 3.3193644619550167, 'pop_sig': 1.1418816416211048}. Best is trial 0 with value: -0.6002194417466498.
[I 2026-08-20 00:05:15,528] Trial 101 finished with value: 0.5864042978611925 and parameters: {'k1': 0.00417572289074524, 'D_low': 20.43745394868185, 'k2': 0.0012555227479161932, 'D_high': 3919485.684317141, 'fire_exp': 1.8731749363020758, 'P_half': 335.22263608553055, 'pre_dampen_half': 1.7961705233122236, 'gpp_af': 0.0010582490630860538, 'gpp_b': 0.0020887919043525004, 'gpp_d': 1.0219051551725382, 'ign_k': 0.3422560347457022, 'ign_c': 10.596904281394012, 'trop_agb_crit': 14.332526144011554, 'trop_k_veg': 0.6346775214212534, 'pop_amp': 0.0017261893339637836, 'pop_peak': 3.5984679888199023, 'pop_sig': 2.168226655516137}. Best is trial 0 with value: -0.6002194417466498.
[I 2026-08-20 00:05:18,467] Trial 102 finished with value: 0.6026497975421552 and parameters: {'k1': 0.000598102819450202, 'D_low': 1.1877711511875106, 'k2': 0.004354060756587821, 'D_high': 53193.31159430096, 'fire_exp': 1.419625103280876, 'P_half': 2064.6770257574085, 'pre_dampen_half': 29.47390132460035, 'gpp_af': 78.96099549233708, 'gpp_b': 1.6236194603683308e-05, 'gpp_d': 59.162108968341606, 'ign_k': 0.002864792481236986, 'ign_c': 71.70297500996193, 'trop_agb_crit': 18.422176873288368, 'trop_k_veg': 0.6087839406313988, 'pop_amp': 0.0608221353660868, 'pop_peak': 17.776117138337263, 'pop_sig': 0.7917979517693744}. Best is trial 0 with value: -0.6002194417466498.
[I 2026-08-20 00:05:21,443] Trial 103 finished with value: 0.5394654183910934 and parameters: {'k1': 0.022679400153544176, 'D_low': 57.128891692308684, 'k2': 0.012951247000735144, 'D_high': 826903.9759536708, 'fire_exp': 1.5460447048176755, 'P_half': 293.5700088527109, 'pre_dampen_half': 6.3164601205527475, 'gpp_af': 22.34274101601261, 'gpp_b': 0.00012508603516843075, 'gpp_d': 9.37108352128512, 'ign_k': 0.07031140396647477, 'ign_c': 12.323239071339737, 'trop_agb_crit': 7.7606969750463275, 'trop_k_veg': 0.7584038825398934, 'pop_amp': 0.010760373558093495, 'pop_peak': 20.622218082771422, 'pop_sig': 0.7165828995699104}. Best is trial 0 with value: -0.6002194417466498.
[I 2026-08-20 00:05:24,495] Trial 104 finished with value: 0.6366020176018186 and parameters: {'k1': 0.0002843409853983352, 'D_low': 1193.285661772527, 'k2': 0.06421074431026132, 'D_high': 46203.258329191274, 'fire_exp': 1.0704821303412735, 'P_half': 7.579914894696677, 'pre_dampen_half': 8.12333607710711, 'gpp_af': 0.00935678392977992, 'gpp_b': 0.0008586291868831291, 'gpp_d': 80.55446602865919, 'ign_k': 5.10375176916729, 'ign_c': 32.47055049375454, 'trop_agb_crit': 27.24473069566429, 'trop_k_veg': 1.922298717078034, 'pop_amp': 0.0010067629551410607, 'pop_peak': 141.96827610712228, 'pop_sig': 0.8968916122246122}. Best is trial 0 with value: -0.6002194417466498.
[I 2026-08-20 00:05:27,485] Trial 105 finished with value: 0.5815245585484327 and parameters: {'k1': 0.06279283490099337, 'D_low': 2.60769342861612, 'k2': 0.0030880564856676515, 'D_high': 7271585.660565611, 'fire_exp': 2.835646111080583, 'P_half': 305.3854280154831, 'pre_dampen_half': 50.985737402372294, 'gpp_af': 98.34766113649232, 'gpp_b': 0.00017973261878154103, 'gpp_d': 247.39806752330364, 'ign_k': 0.02180054642895516, 'ign_c': 1.4500436492231379, 'trop_agb_crit': 6.529258211622463, 'trop_k_veg': 0.8135257482387503, 'pop_amp': 0.035062499856865964, 'pop_peak': 16.477436824358538, 'pop_sig': 0.9390544875331652}. Best is trial 0 with value: -0.6002194417466498.
[I 2026-08-20 00:05:30,449] Trial 106 finished with value: 0.614286103151328 and parameters: {'k1': 0.002299009677592233, 'D_low': 14.271958867393966, 'k2': 0.002025767865675554, 'D_high': 1391325.835518415, 'fire_exp': 1.5015604173090662, 'P_half': 1695.0215301635762, 'pre_dampen_half': 31.664304613386253, 'gpp_af': 53.24196993644529, 'gpp_b': 0.00032924244010461827, 'gpp_d': 24.098060317222416, 'ign_k': 0.29112036856315593, 'ign_c': 50.72553450002251, 'trop_agb_crit': 3.781501411191973, 'trop_k_veg': 0.8037081398740084, 'pop_amp': 1.196505816529698, 'pop_peak': 77.73172833420234, 'pop_sig': 0.7748277850431982}. Best is trial 0 with value: -0.6002194417466498.
[I 2026-08-20 00:05:33,316] Trial 107 finished with value: 0.6445374145881376 and parameters: {'k1': 0.0007411904542622708, 'D_low': 2765.194751577239, 'k2': 0.0003755634946915026, 'D_high': 461409.3606515946, 'fire_exp': 1.1757848669904545, 'P_half': 1177.2757463466605, 'pre_dampen_half': 4.328098722042948, 'gpp_af': 0.008131567923496816, 'gpp_b': 0.002053378565856203, 'gpp_d': 1.973727849329275, 'ign_k': 3.8593761170527485, 'ign_c': 100.11836634326743, 'trop_agb_crit': 20.310113937984255, 'trop_k_veg': 2.422670441514242, 'pop_amp': 0.0011483784403882326, 'pop_peak': 7.72697548912372, 'pop_sig': 0.7651607617235358}. Best is trial 0 with value: -0.6002194417466498.
[I 2026-08-20 00:05:36,405] Trial 108 finished with value: 0.5070137072879103 and parameters: {'k1': 0.0008434561812341727, 'D_low': 2512.3558469747336, 'k2': 0.06264227459338566, 'D_high': 3760931.69240942, 'fire_exp': 1.1271383205096996, 'P_half': 222.69398220529897, 'pre_dampen_half': 0.1981498699772034, 'gpp_af': 0.06991393353605735, 'gpp_b': 0.0017991901265672584, 'gpp_d': 28.831197201055595, 'ign_k': 0.5537612260005265, 'ign_c': 0.6572425731221557, 'trop_agb_crit': 16.212323342843856, 'trop_k_veg': 0.5468278557841203, 'pop_amp': 0.001086593071902791, 'pop_peak': 17.530017944317247, 'pop_sig': 0.6221286212455064}. Best is trial 0 with value: -0.6002194417466498.
[I 2026-08-20 00:05:39,582] Trial 109 finished with value: 0.537143958551897 and parameters: {'k1': 0.00019960129191713523, 'D_low': 235.8004238455198, 'k2': 4.7596500752654094e-05, 'D_high': 1285308.1409131587, 'fire_exp': 1.121867655351156, 'P_half': 39.66886484286822, 'pre_dampen_half': 0.07975815678713026, 'gpp_af': 0.0021576956517034597, 'gpp_b': 0.00048196371604862704, 'gpp_d': 5.948624222242365, 'ign_k': 0.20419536537024183, 'ign_c': 0.524354922957491, 'trop_agb_crit': 6.416710658910774, 'trop_k_veg': 1.0370209861337574, 'pop_amp': 0.0029941159681539397, 'pop_peak': 22.348392761692626, 'pop_sig': 1.7164027310696597}. Best is trial 0 with value: -0.6002194417466498.
[I 2026-08-20 00:05:42,682] Trial 110 finished with value: 0.6445374145881376 and parameters: {'k1': 0.0006124270068693673, 'D_low': 78215.48326762786, 'k2': 0.08370146651081903, 'D_high': 19144.536633528725, 'fire_exp': 1.0601907451451906, 'P_half': 231.32233748484478, 'pre_dampen_half': 14.621428485244083, 'gpp_af': 0.029995097891787236, 'gpp_b': 0.00012155597259383325, 'gpp_d': 0.5121294528667812, 'ign_k': 0.07545777742174567, 'ign_c': 13.482613465807919, 'trop_agb_crit': 1.373445517083293, 'trop_k_veg': 2.761266948533753, 'pop_amp': 0.0026414662013454792, 'pop_peak': 0.05053083549134792, 'pop_sig': 0.26732465620701296}. Best is trial 0 with value: -0.6002194417466498.
[I 2026-08-20 00:05:45,653] Trial 111 finished with value: 0.4318731242534314 and parameters: {'k1': 0.09078255329365117, 'D_low': 12.415298653066543, 'k2': 0.007567617622547072, 'D_high': 166003.7796423005, 'fire_exp': 2.6883625574527508, 'P_half': 16.978678426598627, 'pre_dampen_half': 68.97210390744848, 'gpp_af': 1.5698760408501955, 'gpp_b': 0.03366884461566631, 'gpp_d': 965.2353882245094, 'ign_k': 0.08713253742030395, 'ign_c': 0.9989286471773662, 'trop_agb_crit': 7.686708902175801, 'trop_k_veg': 0.6895695853585293, 'pop_amp': 0.08104486073539754, 'pop_peak': 839.8216730652902, 'pop_sig': 0.4453664266775391}. Best is trial 0 with value: -0.6002194417466498.
[I 2026-08-20 00:05:48,605] Trial 112 finished with value: 0.5644812716850782 and parameters: {'k1': 9.686465110602836e-05, 'D_low': 1374.1764800420608, 'k2': 0.0004788217099673557, 'D_high': 146811.90960601412, 'fire_exp': 1.875877867581541, 'P_half': 53.52987146734609, 'pre_dampen_half': 0.16972932337537028, 'gpp_af': 0.003753985665723401, 'gpp_b': 0.0005872702752786497, 'gpp_d': 6.4334400558214035, 'ign_k': 0.6814198280644725, 'ign_c': 0.19132277794859948, 'trop_agb_crit': 18.699449205336936, 'trop_k_veg': 0.5533670275805167, 'pop_amp': 0.01750582811873862, 'pop_peak': 4.693462877086744, 'pop_sig': 0.3599560375864538}. Best is trial 0 with value: -0.6002194417466498.
[I 2026-08-20 00:05:51,595] Trial 113 finished with value: 0.42434338189234133 and parameters: {'k1': 0.019254619483786754, 'D_low': 6.233209716254513, 'k2': 2.4309861398697076e-05, 'D_high': 538656.2365032332, 'fire_exp': 1.1523721201022021, 'P_half': 243.16439877183427, 'pre_dampen_half': 9.24983244991972, 'gpp_af': 4.324586322249866, 'gpp_b': 0.0003346893967004893, 'gpp_d': 12.5733795017436, 'ign_k': 0.954861911759653, 'ign_c': 1.921723964795032, 'trop_agb_crit': 9.842750276346102, 'trop_k_veg': 1.063459178314302, 'pop_amp': 0.10744581161207259, 'pop_peak': 2.8035489351191587, 'pop_sig': 1.41444311338599}. Best is trial 0 with value: -0.6002194417466498.
[I 2026-08-20 00:05:54,488] Trial 114 finished with value: 0.5790676502254766 and parameters: {'k1': 0.000836882677359353, 'D_low': 3.694346925610674, 'k2': 0.00027352746035341644, 'D_high': 1237882.2357034446, 'fire_exp': 2.5759486070079656, 'P_half': 3538.006721189929, 'pre_dampen_half': 15.436966614269991, 'gpp_af': 0.4057618068741138, 'gpp_b': 3.276886889071895e-05, 'gpp_d': 39.26972658435608, 'ign_k': 0.5031637243889128, 'ign_c': 0.9110682678570529, 'trop_agb_crit': 12.971054278620185, 'trop_k_veg': 0.5103833872651964, 'pop_amp': 0.0018220423134408764, 'pop_peak': 9.385098457021293, 'pop_sig': 1.7826896249231143}. Best is trial 0 with value: -0.6002194417466498.
[I 2026-08-20 00:05:57,631] Trial 115 finished with value: 0.5806880240602443 and parameters: {'k1': 0.0019486314074738569, 'D_low': 3.042276092263366, 'k2': 0.0006353467218509094, 'D_high': 5128682.548097547, 'fire_exp': 1.2346456452580472, 'P_half': 5724.51681344554, 'pre_dampen_half': 0.9099033230348085, 'gpp_af': 5.882556314658383, 'gpp_b': 0.003588627262674852, 'gpp_d': 2.7431552770027476, 'ign_k': 2.9307001697672606, 'ign_c': 5.286680131085126, 'trop_agb_crit': 2.557779378393264, 'trop_k_veg': 0.7032537041914492, 'pop_amp': 0.02285535619005, 'pop_peak': 4.9301431368127835, 'pop_sig': 1.5273548591847672}. Best is trial 0 with value: -0.6002194417466498.
[I 2026-08-20 00:06:00,775] Trial 116 finished with value: 0.619467065475955 and parameters: {'k1': 3.2301925570261535e-05, 'D_low': 21021.02607143042, 'k2': 0.02928321161289606, 'D_high': 1737.6942294712094, 'fire_exp': 1.4720721118142253, 'P_half': 29.03279129584761, 'pre_dampen_half': 439.7524484810697, 'gpp_af': 0.0011518442169867798, 'gpp_b': 1.204975975659178e-05, 'gpp_d': 0.21157559163475972, 'ign_k': 0.0072160420257153185, 'ign_c': 490.0051924206158, 'trop_agb_crit': 2.4373155294386075, 'trop_k_veg': 4.331233460811427, 'pop_amp': 0.027969486670762565, 'pop_peak': 0.09723573530977642, 'pop_sig': 0.3676742014933466}. Best is trial 0 with value: -0.6002194417466498.
[I 2026-08-20 00:06:04,074] Trial 117 finished with value: 0.5713402616592681 and parameters: {'k1': 0.009218243508230774, 'D_low': 20.726994386070608, 'k2': 0.012961375682450241, 'D_high': 3270811.3928980557, 'fire_exp': 1.9532165451330503, 'P_half': 91.84615026058907, 'pre_dampen_half': 3.8560974321135424, 'gpp_af': 39.39224237563152, 'gpp_b': 0.00042412818531131503, 'gpp_d': 55.784287517304314, 'ign_k': 0.0019124657436667416, 'ign_c': 335.4075338069259, 'trop_agb_crit': 9.624180419609589, 'trop_k_veg': 0.900511496313451, 'pop_amp': 0.9111881376965953, 'pop_peak': 1.968406909598331, 'pop_sig': 0.5729765915647822}. Best is trial 0 with value: -0.6002194417466498.
[I 2026-08-20 00:06:07,003] Trial 118 finished with value: 0.6445374145881376 and parameters: {'k1': 0.005077935589374714, 'D_low': 138.47425892151412, 'k2': 0.00048358546135321336, 'D_high': 7840886.5396055095, 'fire_exp': 1.1350852020617204, 'P_half': 374.3351365280076, 'pre_dampen_half': 56.631129515879984, 'gpp_af': 0.1909560343734092, 'gpp_b': 1.175289283039628e-05, 'gpp_d': 26.88654566252809, 'ign_k': 4.084240989661496, 'ign_c': 201.66750348741095, 'trop_agb_crit': 23.507170327646804, 'trop_k_veg': 4.927671152875916, 'pop_amp': 0.0011965788788719628, 'pop_peak': 2.601468518328496, 'pop_sig': 0.3956158569833341}. Best is trial 0 with value: -0.6002194417466498.
[I 2026-08-20 00:06:10,192] Trial 119 finished with value: 0.6025224515582278 and parameters: {'k1': 0.030703136466856837, 'D_low': 733.0074665953872, 'k2': 4.1668951438107676e-05, 'D_high': 5985731.936546301, 'fire_exp': 1.02971087990585, 'P_half': 701.890159246749, 'pre_dampen_half': 0.28051970597624315, 'gpp_af': 0.23662274105104014, 'gpp_b': 2.1902759877131224e-05, 'gpp_d': 7.708205377569729, 'ign_k': 1.7691551397577407, 'ign_c': 32.36783155132361, 'trop_agb_crit': 7.693686189643559, 'trop_k_veg': 1.704840424574621, 'pop_amp': 0.003682064597164828, 'pop_peak': 7.8468541568501555, 'pop_sig': 1.4314666156302773}. Best is trial 0 with value: -0.6002194417466498.
[I 2026-08-20 00:06:13,407] Trial 120 finished with value: 0.637541624113297 and parameters: {'k1': 0.0006365456053326843, 'D_low': 371.89397096278947, 'k2': 0.006025733128441972, 'D_high': 1975572.7596776974, 'fire_exp': 1.2101820572991238, 'P_half': 35.45154156753321, 'pre_dampen_half': 12.683539146292102, 'gpp_af': 68.80381468537612, 'gpp_b': 0.0034845183156936806, 'gpp_d': 4.429062612791908, 'ign_k': 0.01567479358629365, 'ign_c': 21.51485627853022, 'trop_agb_crit': 1.6711139690032015, 'trop_k_veg': 0.5793760075888004, 'pop_amp': 9.334620215141832, 'pop_peak': 22.569162840904923, 'pop_sig': 1.2045866488711157}. Best is trial 0 with value: -0.6002194417466498.
[I 2026-08-20 00:06:16,372] Trial 121 finished with value: -0.5753803057381957 and parameters: {'k1': 0.03628693513793813, 'D_low': 34.47927994365378, 'k2': 2.3330122588814115e-05, 'D_high': 311853.0725022308, 'fire_exp': 1.5750754866919814, 'P_half': 601.9216200909547, 'pre_dampen_half': 0.44804212364314977, 'gpp_af': 42.74648017660469, 'gpp_b': 0.003019054266126465, 'gpp_d': 253.2051697903308, 'ign_k': 0.2743703012302271, 'ign_c': 0.6936172308143818, 'trop_agb_crit': 5.032073405093675, 'trop_k_veg': 0.5249537245587841, 'pop_amp': 2.495813782413619, 'pop_peak': 17.534089720159376, 'pop_sig': 1.1823837496745762}. Best is trial 0 with value: -0.6002194417466498.
[I 2026-08-20 00:06:19,237] Trial 122 finished with value: 0.43343090873991685 and parameters: {'k1': 0.06791151865970196, 'D_low': 20.615555257491692, 'k2': 3.504941088023373e-05, 'D_high': 65858.06643429385, 'fire_exp': 1.1875853954325013, 'P_half': 302.6883538245852, 'pre_dampen_half': 0.35274267523731023, 'gpp_af': 43.16506178461293, 'gpp_b': 0.00024337002481417212, 'gpp_d': 364.8908066893565, 'ign_k': 6.398437669079171, 'ign_c': 5.688883792895259, 'trop_agb_crit': 1.7495335274110984, 'trop_k_veg': 0.560019758313472, 'pop_amp': 4.972264391684421, 'pop_peak': 87.43939250472756, 'pop_sig': 0.7131414186861925}. Best is trial 0 with value: -0.6002194417466498.
[I 2026-08-20 00:06:22,157] Trial 123 finished with value: 0.58588959016795 and parameters: {'k1': 0.018306327456286266, 'D_low': 230.99513550046606, 'k2': 2.860386290484651e-05, 'D_high': 38625.73671993166, 'fire_exp': 1.9278430239941278, 'P_half': 8250.613279519319, 'pre_dampen_half': 3.279190680207586, 'gpp_af': 94.80805472886382, 'gpp_b': 0.008740327927896618, 'gpp_d': 539.0633108728814, 'ign_k': 0.3215007323814746, 'ign_c': 2.976321559434552, 'trop_agb_crit': 4.559707241133645, 'trop_k_veg': 0.7114441855280003, 'pop_amp': 0.6258086027977308, 'pop_peak': 5.487903410416986, 'pop_sig': 1.2785996843660463}. Best is trial 0 with value: -0.6002194417466498.
[I 2026-08-20 00:06:25,019] Trial 124 finished with value: 0.45196514294005974 and parameters: {'k1': 0.04135548039943063, 'D_low': 4.42203842795189, 'k2': 0.0005736521908704312, 'D_high': 97705.2916345039, 'fire_exp': 1.6411560941407513, 'P_half': 1468.4852541341154, 'pre_dampen_half': 0.1697224175570136, 'gpp_af': 32.91529554989507, 'gpp_b': 0.009456858410676446, 'gpp_d': 206.6230344835516, 'ign_k': 0.11908575271475096, 'ign_c': 0.14355963716442968, 'trop_agb_crit': 12.741771060232313, 'trop_k_veg': 0.6635676181089349, 'pop_amp': 10.224812481207989, 'pop_peak': 249.89529124921586, 'pop_sig': 1.7051851001047218}. Best is trial 0 with value: -0.6002194417466498.
[I 2026-08-20 00:06:27,923] Trial 125 finished with value: 0.42149659885729596 and parameters: {'k1': 0.00012071039100179662, 'D_low': 1.3903010256264576, 'k2': 0.006356878364497095, 'D_high': 418662.51972746913, 'fire_exp': 1.0577661988046676, 'P_half': 246.2240307456278, 'pre_dampen_half': 40.9637622051366, 'gpp_af': 0.09152450937491308, 'gpp_b': 0.002513905791515336, 'gpp_d': 138.2676118039987, 'ign_k': 2.1523878508645526, 'ign_c': 7.355774713178208, 'trop_agb_crit': 6.6689898398589245, 'trop_k_veg': 3.4290876171179674, 'pop_amp': 0.00764293141321167, 'pop_peak': 128.22235909918544, 'pop_sig': 0.9657466637877722}. Best is trial 0 with value: -0.6002194417466498.
[I 2026-08-20 00:06:31,146] Trial 126 finished with value: -0.5384890830637754 and parameters: {'k1': 0.003480298924395344, 'D_low': 46.28554518896967, 'k2': 0.0004885545771010604, 'D_high': 917283.8134473634, 'fire_exp': 1.2472137605886884, 'P_half': 65.06972068297247, 'pre_dampen_half': 6.007023502660024, 'gpp_af': 0.004161547351064742, 'gpp_b': 5.448224822328269e-05, 'gpp_d': 404.7272680248124, 'ign_k': 0.01908380109252558, 'ign_c': 15.517825764967093, 'trop_agb_crit': 14.444349737984297, 'trop_k_veg': 0.8242514655265757, 'pop_amp': 0.00928090611751086, 'pop_peak': 41.02821408186522, 'pop_sig': 1.7702763797080967}. Best is trial 0 with value: -0.6002194417466498.
[I 2026-08-20 00:06:34,058] Trial 127 finished with value: 0.4219394061617412 and parameters: {'k1': 0.03101763882707706, 'D_low': 1921.0269147678018, 'k2': 2.1747509925993978e-05, 'D_high': 1664262.7178037697, 'fire_exp': 1.0942968962141792, 'P_half': 85.91337058246525, 'pre_dampen_half': 17.113627090345236, 'gpp_af': 0.005958212754979722, 'gpp_b': 5.28396591331954e-05, 'gpp_d': 977.26212474035, 'ign_k': 0.021373130979313624, 'ign_c': 6.687578852319867, 'trop_agb_crit': 12.0009648942797, 'trop_k_veg': 1.3017676171669224, 'pop_amp': 0.02176902603825386, 'pop_peak': 12.366084697189, 'pop_sig': 0.8695583390794553}. Best is trial 0 with value: -0.6002194417466498.
