[I 2026-08-05 23:32:59,667] Trial 1170 finished with values: [-0.6053110575946717, 0.33492384554107435] and parameters: {'k1': 0.06415745702132086, 'D_low': 2.1234210963705626, 'k2': 0.0027431991397796683, 'D_high': 2941.5751391396584, 'fire_exp': 1.1258453832483524, 'P_half': 10.226988730324324, 'pre_dampen_half': 703.6426675556048, 'gpp_af': 0.001339466259146302, 'gpp_b': 7.402343469704428e-05, 'gpp_d': 0.011495884087462726, 'ign_k': 0.4902396944106615, 'ign_c': 8.671454322584175}.
[I 2026-08-05 23:33:00,617] Trial 1171 finished with values: [-0.5389708521994055, 0.3530774138627344] and parameters: {'k1': 0.06415745702132086, 'D_low': 9.882278532808778, 'k2': 0.013651083965650523, 'D_high': 2941.5751391396584, 'fire_exp': 1.1258453832483524, 'P_half': 10.226988730324324, 'pre_dampen_half': 703.6426675556048, 'gpp_af': 5.511863475708366, 'gpp_b': 0.021152372444252342, 'gpp_d': 5.878566318396007, 'ign_k': 0.34703605955441524, 'ign_c': 8.671454322584175}.
[I 2026-08-05 23:33:01,974] Trial 1172 finished with values: [-0.626709938317269, 0.3699992004470847] and parameters: {'k1': 0.06415745702132086, 'D_low': 9.882278532808778, 'k2': 0.03071666851587867, 'D_high': 1665.1532285161688, 'fire_exp': 1.1258453832483524, 'P_half': 13.019246714361572, 'pre_dampen_half': 703.6426675556048, 'gpp_af': 0.0021836613912815635, 'gpp_b': 1.0749238062021576e-05, 'gpp_d': 368.30088529547436, 'ign_k': 0.34703605955441524, 'ign_c': 8.671454322584175}.
[I 2026-08-05 23:33:02,956] Trial 1173 finished with values: [10.766523451366, 10.766523451366] and parameters: {'k1': 0.025383218374507292, 'D_low': 2.1234210963705626, 'k2': 0.0007081721844034209, 'D_high': 9769.756791866093, 'fire_exp': 1.1044852285094786, 'P_half': 24.136213194527585, 'pre_dampen_half': 107.40052367919465, 'gpp_af': 0.001339466259146302, 'gpp_b': 0.3680819831637284, 'gpp_d': 891.8036602897795, 'ign_k': 0.34703605955441524, 'ign_c': 0.9294394155644988}.
[I 2026-08-05 23:33:03,905] Trial 1174 finished with values: [-0.6048804937736231, 0.44650281305023176] and parameters: {'k1': 0.008956420301712053, 'D_low': 2.1234210963705626, 'k2': 0.0027431991397796683, 'D_high': 7744.80118512745, 'fire_exp': 1.151006986743773, 'P_half': 13.019246714361572, 'pre_dampen_half': 304.7488318185732, 'gpp_af': 0.001339466259146302, 'gpp_b': 7.402343469704428e-05, 'gpp_d': 0.015016086960969847, 'ign_k': 8.761971101023693, 'ign_c': 0.3528113274684997}.
[I 2026-08-05 23:33:04,835] Trial 1175 finished with values: [-0.6156430131616352, 0.33664174984278383] and parameters: {'k1': 0.06415745702132086, 'D_low': 1.4045842344024697, 'k2': 0.0027431991397796683, 'D_high': 2941.5751391396584, 'fire_exp': 1.010722707674549, 'P_half': 105.53846463525653, 'pre_dampen_half': 304.7488318185732, 'gpp_af': 0.0021836613912815635, 'gpp_b': 0.00012797528816608022, 'gpp_d': 891.8036602897795, 'ign_k': 0.9614686563869651, 'ign_c': 0.9294394155644988}.
[I 2026-08-05 23:33:05,796] Trial 1176 finished with values: [10.378959856523338, 10.378959856523338] and parameters: {'k1': 0.06415745702132086, 'D_low': 2.1234210963705626, 'k2': 0.00375241428659295, 'D_high': 7744.80118512745, 'fire_exp': 1.1258453832483524, 'P_half': 13.019246714361572, 'pre_dampen_half': 304.7488318185732, 'gpp_af': 39.32173465243003, 'gpp_b': 3.139005000572696e-05, 'gpp_d': 0.5604232556560347, 'ign_k': 0.4702627143647234, 'ign_c': 0.9294394155644988}.
[I 2026-08-05 23:33:06,743] Trial 1177 finished with values: [10.3369019259944, 10.3369019259944] and parameters: {'k1': 0.06415745702132086, 'D_low': 6.455386366109263, 'k2': 0.03071666851587867, 'D_high': 830.8114652888394, 'fire_exp': 9.079741411661926, 'P_half': 13.019246714361572, 'pre_dampen_half': 703.6426675556048, 'gpp_af': 0.001339466259146302, 'gpp_b': 7.402343469704428e-05, 'gpp_d': 891.8036602897795, 'ign_k': 0.4902396944106615, 'ign_c': 8.671454322584175}.
[I 2026-08-05 23:33:07,657] Trial 1178 finished with values: [-0.5668944483812226, 0.26586189396785453] and parameters: {'k1': 0.06415745702132086, 'D_low': 1.4045842344024697, 'k2': 0.0027431991397796683, 'D_high': 1665.1532285161688, 'fire_exp': 1.010722707674549, 'P_half': 29.632139204027364, 'pre_dampen_half': 703.6426675556048, 'gpp_af': 0.0021836613912815635, 'gpp_b': 0.0009153552948098625, 'gpp_d': 5.878566318396007, 'ign_k': 0.34703605955441524, 'ign_c': 0.9294394155644988}.
[I 2026-08-05 23:33:08,654] Trial 1179 finished with values: [-0.6322047102012792, 0.3869692629721009] and parameters: {'k1': 0.025383218374507292, 'D_low': 9.882278532808778, 'k2': 0.03071666851587867, 'D_high': 2941.5751391396584, 'fire_exp': 1.1258453832483524, 'P_half': 24.136213194527585, 'pre_dampen_half': 304.7488318185732, 'gpp_af': 0.0055518823149351484, 'gpp_b': 7.402343469704428e-05, 'gpp_d': 368.30088529547436, 'ign_k': 0.4902396944106615, 'ign_c': 8.671454322584175}.
[I 2026-08-05 23:33:09,587] Trial 1180 finished with values: [10.043148292022117, 10.043148292022117] and parameters: {'k1': 0.0029707920514735983, 'D_low': 9.882278532808778, 'k2': 0.00016688483049782368, 'D_high': 2941.5751391396584, 'fire_exp': 1.1258453832483524, 'P_half': 10.753522341516506, 'pre_dampen_half': 703.6426675556048, 'gpp_af': 0.0021836613912815635, 'gpp_b': 7.402343469704428e-05, 'gpp_d': 5.878566318396007, 'ign_k': 0.4902396944106615, 'ign_c': 8.671454322584175}.
[I 2026-08-05 23:33:10,551] Trial 1181 finished with values: [-0.5986654645148975, 0.48732631038165086] and parameters: {'k1': 0.008956420301712053, 'D_low': 1.4045842344024697, 'k2': 0.08894151386481904, 'D_high': 2941.5751391396584, 'fire_exp': 1.1044852285094786, 'P_half': 164.1379340685856, 'pre_dampen_half': 304.7488318185732, 'gpp_af': 24.16872883741271, 'gpp_b': 7.402343469704428e-05, 'gpp_d': 958.6756313271846, 'ign_k': 0.4702627143647234, 'ign_c': 8.671454322584175}.
[I 2026-08-05 23:33:11,498] Trial 1182 finished with values: [-0.5644264217621562, 0.2555818083272563] and parameters: {'k1': 0.06415745702132086, 'D_low': 2.1234210963705626, 'k2': 0.03071666851587867, 'D_high': 2941.5751391396584, 'fire_exp': 1.1258453832483524, 'P_half': 10.226988730324324, 'pre_dampen_half': 703.6426675556048, 'gpp_af': 5.511863475708366, 'gpp_b': 0.6637926838138378, 'gpp_d': 857.4284557962634, 'ign_k': 0.029732958317875816, 'ign_c': 3.0378658251922155}.
[I 2026-08-05 23:33:12,447] Trial 1183 finished with values: [-0.6282819081687938, 0.36176898628041776] and parameters: {'k1': 0.02641449645424223, 'D_low': 2.1234210963705626, 'k2': 0.0027431991397796683, 'D_high': 2941.5751391396584, 'fire_exp': 1.1044852285094786, 'P_half': 13.019246714361572, 'pre_dampen_half': 304.7488318185732, 'gpp_af': 0.0021836613912815635, 'gpp_b': 7.402343469704428e-05, 'gpp_d': 15.186467669014625, 'ign_k': 0.4702627143647234, 'ign_c': 8.671454322584175}.
[I 2026-08-05 23:33:13,442] Trial 1184 finished with values: [-0.5960626289459121, 0.32391904580466946] and parameters: {'k1': 0.0029707920514735983, 'D_low': 12.492307509390828, 'k2': 0.0027431991397796683, 'D_high': 2941.5751391396584, 'fire_exp': 1.1044852285094786, 'P_half': 10.753522341516506, 'pre_dampen_half': 304.7488318185732, 'gpp_af': 0.0021836613912815635, 'gpp_b': 7.402343469704428e-05, 'gpp_d': 15.186467669014625, 'ign_k': 8.761971101023693, 'ign_c': 8.671454322584175}.
[I 2026-08-05 23:33:14,405] Trial 1185 finished with values: [-0.6163252271620729, 0.5975552790527479] and parameters: {'k1': 0.025383218374507292, 'D_low': 2.1234210963705626, 'k2': 0.0006229347004284254, 'D_high': 9769.756791866093, 'fire_exp': 1.1044852285094786, 'P_half': 215.55950571043874, 'pre_dampen_half': 304.7488318185732, 'gpp_af': 4.077131237195135, 'gpp_b': 0.011750724729953272, 'gpp_d': 269.7608381628704, 'ign_k': 5.9736167866478125, 'ign_c': 3.0378658251922155}.
[I 2026-08-05 23:33:15,420] Trial 1186 finished with values: [10.62448792280215, 10.62448792280215] and parameters: {'k1': 0.06415745702132086, 'D_low': 1.4045842344024697, 'k2': 0.08894151386481904, 'D_high': 830.8114652888394, 'fire_exp': 1.7128214059652005, 'P_half': 13.019246714361572, 'pre_dampen_half': 703.6426675556048, 'gpp_af': 0.001339466259146302, 'gpp_b': 0.004996983241344723, 'gpp_d': 891.8036602897795, 'ign_k': 0.4702627143647234, 'ign_c': 8.671454322584175}.
[I 2026-08-05 23:33:16,459] Trial 1187 finished with values: [10.294317347918232, 10.294317347918232] and parameters: {'k1': 0.025383218374507292, 'D_low': 1.4045842344024697, 'k2': 0.002298215566004573, 'D_high': 1665.1532285161688, 'fire_exp': 3.9178186942813955, 'P_half': 24.136213194527585, 'pre_dampen_half': 304.7488318185732, 'gpp_af': 0.5107061330406066, 'gpp_b': 0.011750724729953272, 'gpp_d': 891.8036602897795, 'ign_k': 5.9736167866478125, 'ign_c': 10.800458379640933}.
[I 2026-08-05 23:33:17,438] Trial 1188 finished with values: [-0.598160591063246, 0.3535214030417807] and parameters: {'k1': 0.0029707920514735983, 'D_low': 9.882278532808778, 'k2': 0.0036014695835220327, 'D_high': 2941.5751391396584, 'fire_exp': 1.1258453832483524, 'P_half': 10.226988730324324, 'pre_dampen_half': 703.6426675556048, 'gpp_af': 0.001339466259146302, 'gpp_b': 3.481277316673104e-05, 'gpp_d': 368.30088529547436, 'ign_k': 8.761971101023693, 'ign_c': 0.9294394155644988}.
[I 2026-08-05 23:33:18,433] Trial 1189 finished with values: [10.041287240216143, 10.041287240216143] and parameters: {'k1': 0.06415745702132086, 'D_low': 12.492307509390828, 'k2': 0.0027431991397796683, 'D_high': 7744.80118512745, 'fire_exp': 2.463347595720777, 'P_half': 105.53846463525653, 'pre_dampen_half': 304.7488318185732, 'gpp_af': 0.0021836613912815635, 'gpp_b': 7.402343469704428e-05, 'gpp_d': 29.83701993880331, 'ign_k': 8.761971101023693, 'ign_c': 0.9294394155644988}.
[I 2026-08-05 23:33:19,381] Trial 1190 finished with values: [-0.6131002704674575, 0.43384167772828774] and parameters: {'k1': 0.02641449645424223, 'D_low': 1.4045842344024697, 'k2': 0.08894151386481904, 'D_high': 7744.80118512745, 'fire_exp': 1.1044852285094786, 'P_half': 44.718513991627965, 'pre_dampen_half': 304.7488318185732, 'gpp_af': 0.001339466259146302, 'gpp_b': 0.00012797528816608022, 'gpp_d': 368.30088529547436, 'ign_k': 0.4702627143647234, 'ign_c': 0.9294394155644988}.
[I 2026-08-05 23:33:20,329] Trial 1191 finished with values: [10.048371070643698, 10.048371070643698] and parameters: {'k1': 0.06415745702132086, 'D_low': 1.4045842344024697, 'k2': 0.0007081721844034209, 'D_high': 7744.80118512745, 'fire_exp': 1.1258453832483524, 'P_half': 605.9999467262207, 'pre_dampen_half': 304.7488318185732, 'gpp_af': 0.0010377465972769557, 'gpp_b': 7.402343469704428e-05, 'gpp_d': 0.011495884087462726, 'ign_k': 8.761971101023693, 'ign_c': 0.9294394155644988}.
[I 2026-08-05 23:33:21,276] Trial 1192 finished with values: [10.525930279792897, 10.525930279792897] and parameters: {'k1': 0.06415745702132086, 'D_low': 9.882278532808778, 'k2': 0.03071666851587867, 'D_high': 9769.756791866093, 'fire_exp': 1.1258453832483524, 'P_half': 13.019246714361572, 'pre_dampen_half': 703.6426675556048, 'gpp_af': 5.511863475708366, 'gpp_b': 3.481277316673104e-05, 'gpp_d': 368.30088529547436, 'ign_k': 0.4902396944106615, 'ign_c': 0.9294394155644988}.
[I 2026-08-05 23:33:22,622] Trial 1193 finished with values: [-0.6134271262015742, 0.4847196154035972] and parameters: {'k1': 0.06415745702132086, 'D_low': 9.882278532808778, 'k2': 0.014047969156119486, 'D_high': 9769.756791866093, 'fire_exp': 1.3239942327296237, 'P_half': 13.019246714361572, 'pre_dampen_half': 304.7488318185732, 'gpp_af': 0.001339466259146302, 'gpp_b': 7.402343469704428e-05, 'gpp_d': 368.30088529547436, 'ign_k': 0.34703605955441524, 'ign_c': 8.671454322584175}.
[I 2026-08-05 23:33:23,589] Trial 1194 finished with values: [-0.6064963309758722, 0.330135079563016] and parameters: {'k1': 0.008956420301712053, 'D_low': 1.4045842344024697, 'k2': 0.0007081721844034209, 'D_high': 2941.5751391396584, 'fire_exp': 1.151006986743773, 'P_half': 10.226988730324324, 'pre_dampen_half': 304.7488318185732, 'gpp_af': 0.0021836613912815635, 'gpp_b': 7.402343469704428e-05, 'gpp_d': 368.30088529547436, 'ign_k': 8.761971101023693, 'ign_c': 0.9294394155644988}.
[I 2026-08-05 23:33:24,535] Trial 1195 finished with values: [-0.6100382744634896, 0.4603494758544272] and parameters: {'k1': 0.06415745702132086, 'D_low': 1.4045842344024697, 'k2': 0.08894151386481904, 'D_high': 7744.80118512745, 'fire_exp': 1.1044852285094786, 'P_half': 12.808863354047988, 'pre_dampen_half': 304.7488318185732, 'gpp_af': 0.001339466259146302, 'gpp_b': 0.00012797528816608022, 'gpp_d': 368.30088529547436, 'ign_k': 0.4702627143647234, 'ign_c': 0.9294394155644988}.
[I 2026-08-05 23:33:25,488] Trial 1196 finished with values: [10.767061820464768, 10.767061820464768] and parameters: {'k1': 0.008956420301712053, 'D_low': 2.1234210963705626, 'k2': 0.0027431991397796683, 'D_high': 9769.756791866093, 'fire_exp': 1.010722707674549, 'P_half': 12.808863354047988, 'pre_dampen_half': 304.7488318185732, 'gpp_af': 1.2003722333832936, 'gpp_b': 0.6637926838138378, 'gpp_d': 0.011495884087462726, 'ign_k': 0.12752949611679998, 'ign_c': 8.671454322584175}.
[I 2026-08-05 23:33:26,451] Trial 1197 finished with values: [-0.609595109296807, 0.49432564955147806] and parameters: {'k1': 0.025383218374507292, 'D_low': 12.492307509390828, 'k2': 0.03071666851587867, 'D_high': 7744.80118512745, 'fire_exp': 1.010722707674549, 'P_half': 215.55950571043874, 'pre_dampen_half': 304.7488318185732, 'gpp_af': 5.511863475708366, 'gpp_b': 0.052183838897628114, 'gpp_d': 368.30088529547436, 'ign_k': 0.12828203940471886, 'ign_c': 0.9294394155644988}.
[I 2026-08-05 23:33:27,432] Trial 1198 finished with values: [-0.6112907177811798, 0.4652202928053668] and parameters: {'k1': 0.02641449645424223, 'D_low': 2.1234210963705626, 'k2': 0.00375241428659295, 'D_high': 7744.80118512745, 'fire_exp': 1.010722707674549, 'P_half': 12.808863354047988, 'pre_dampen_half': 304.7488318185732, 'gpp_af': 0.0021836613912815635, 'gpp_b': 0.00012797528816608022, 'gpp_d': 223.60515435267138, 'ign_k': 0.12752949611679998, 'ign_c': 8.671454322584175}.
[I 2026-08-05 23:33:28,395] Trial 1199 finished with values: [-0.6183157257370919, 0.47787268215459966] and parameters: {'k1': 0.02641449645424223, 'D_low': 12.492307509390828, 'k2': 0.00375241428659295, 'D_high': 9769.756791866093, 'fire_exp': 1.010722707674549, 'P_half': 105.53846463525653, 'pre_dampen_half': 304.7488318185732, 'gpp_af': 0.0021836613912815635, 'gpp_b': 0.00012797528816608022, 'gpp_d': 5.878566318396007, 'ign_k': 8.761971101023693, 'ign_c': 0.9294394155644988}.
[I 2026-08-05 23:33:29,400] Trial 1200 finished with values: [10.747228773949155, 10.747228773949155] and parameters: {'k1': 0.002407354618388189, 'D_low': 18.89739291279832, 'k2': 0.00375241428659295, 'D_high': 9769.756791866093, 'fire_exp': 1.010722707674549, 'P_half': 215.55950571043874, 'pre_dampen_half': 304.7488318185732, 'gpp_af': 5.511863475708366, 'gpp_b': 0.6637926838138378, 'gpp_d': 0.16069682196977472, 'ign_k': 0.12828203940471886, 'ign_c': 0.9294394155644988}.
[I 2026-08-05 23:33:30,353] Trial 1201 finished with values: [-0.607317775987402, 0.5299822005164049] and parameters: {'k1': 0.06415745702132086, 'D_low': 9.882278532808778, 'k2': 0.0002642238654525265, 'D_high': 7744.80118512745, 'fire_exp': 1.1044852285094786, 'P_half': 12.808863354047988, 'pre_dampen_half': 304.7488318185732, 'gpp_af': 0.001339466259146302, 'gpp_b': 3.481277316673104e-05, 'gpp_d': 368.30088529547436, 'ign_k': 0.34703605955441524, 'ign_c': 0.9294394155644988}.
[I 2026-08-05 23:33:31,299] Trial 1202 finished with values: [-0.5979518006222792, 0.2736195508713627] and parameters: {'k1': 0.06415745702132086, 'D_low': 4.051452710153359, 'k2': 0.0027431991397796683, 'D_high': 2941.5751391396584, 'fire_exp': 1.010722707674549, 'P_half': 215.55950571043874, 'pre_dampen_half': 93.53769344293097, 'gpp_af': 0.0021836613912815635, 'gpp_b': 7.402343469704428e-05, 'gpp_d': 368.30088529547436, 'ign_k': 0.34703605955441524, 'ign_c': 0.3253741042140523}.
[I 2026-08-05 23:33:32,253] Trial 1203 finished with values: [-0.6085716312803318, 0.27060210511484484] and parameters: {'k1': 0.06415745702132086, 'D_low': 2.3548462628715368, 'k2': 0.08894151386481904, 'D_high': 1665.1532285161688, 'fire_exp': 1.010722707674549, 'P_half': 13.019246714361572, 'pre_dampen_half': 304.7488318185732, 'gpp_af': 0.001339466259146302, 'gpp_b': 7.402343469704428e-05, 'gpp_d': 0.011495884087462726, 'ign_k': 8.761971101023693, 'ign_c': 0.3528113274684997}.
[I 2026-08-05 23:33:33,199] Trial 1204 finished with values: [10.391621233120434, 10.391621233120434] and parameters: {'k1': 0.02641449645424223, 'D_low': 1.2299210465793122, 'k2': 0.0007081721844034209, 'D_high': 7744.80118512745, 'fire_exp': 1.010722707674549, 'P_half': 13.019246714361572, 'pre_dampen_half': 304.7488318185732, 'gpp_af': 0.8729941525466279, 'gpp_b': 0.00012797528816608022, 'gpp_d': 368.30088529547436, 'ign_k': 8.761971101023693, 'ign_c': 8.392504050877111}.
[I 2026-08-05 23:33:34,146] Trial 1205 finished with values: [10.016815092952404, 10.016815092952404] and parameters: {'k1': 0.06415745702132086, 'D_low': 9.882278532808778, 'k2': 0.0027431991397796683, 'D_high': 2941.5751391396584, 'fire_exp': 1.3239942327296237, 'P_half': 13.019246714361572, 'pre_dampen_half': 304.7488318185732, 'gpp_af': 1.6278996489926025, 'gpp_b': 7.402343469704428e-05, 'gpp_d': 368.30088529547436, 'ign_k': 8.761971101023693, 'ign_c': 8.671454322584175}.
[I 2026-08-05 23:33:35,160] Trial 1206 finished with values: [-0.6298174186649891, 0.4021271850506958] and parameters: {'k1': 0.025383218374507292, 'D_low': 12.492307509390828, 'k2': 0.03071666851587867, 'D_high': 2941.5751391396584, 'fire_exp': 1.010722707674549, 'P_half': 24.136213194527585, 'pre_dampen_half': 304.7488318185732, 'gpp_af': 0.001339466259146302, 'gpp_b': 2.4497488749956643e-05, 'gpp_d': 0.16069682196977472, 'ign_k': 0.34703605955441524, 'ign_c': 0.9294394155644988}.
[I 2026-08-05 23:33:36,092] Trial 1207 finished with values: [-0.6114999402522816, 0.4857092845721571] and parameters: {'k1': 0.06415745702132086, 'D_low': 12.492307509390828, 'k2': 0.0027431991397796683, 'D_high': 2088.984173542034, 'fire_exp': 1.3239942327296237, 'P_half': 13.019246714361572, 'pre_dampen_half': 304.7488318185732, 'gpp_af': 0.6418343258142463, 'gpp_b': 7.402343469704428e-05, 'gpp_d': 368.30088529547436, 'ign_k': 8.761971101023693, 'ign_c': 8.671454322584175}.
[I 2026-08-05 23:33:37,040] Trial 1208 finished with values: [-0.6174531710139421, 0.32625379902631213] and parameters: {'k1': 0.06415745702132086, 'D_low': 2.1234210963705626, 'k2': 0.00375241428659295, 'D_high': 1665.1532285161688, 'fire_exp': 1.1258453832483524, 'P_half': 13.019246714361572, 'pre_dampen_half': 304.7488318185732, 'gpp_af': 0.001339466259146302, 'gpp_b': 3.228689523591491e-05, 'gpp_d': 891.8036602897795, 'ign_k': 0.34703605955441524, 'ign_c': 0.9294394155644988}.
[I 2026-08-05 23:33:37,993] Trial 1209 finished with values: [10.05466721531392, 10.05466721531392] and parameters: {'k1': 0.008956420301712053, 'D_low': 174.83983085324363, 'k2': 0.0007081721844034209, 'D_high': 2941.5751391396584, 'fire_exp': 1.1044852285094786, 'P_half': 13.019246714361572, 'pre_dampen_half': 304.7488318185732, 'gpp_af': 0.0021836613912815635, 'gpp_b': 7.402343469704428e-05, 'gpp_d': 10.409702860563906, 'ign_k': 0.5080094006294851, 'ign_c': 8.671454322584175}.
[I 2026-08-05 23:33:38,929] Trial 1210 finished with values: [-0.5966173216897592, 0.3182000014881903] and parameters: {'k1': 0.0029707920514735983, 'D_low': 9.882278532808778, 'k2': 0.0027431991397796683, 'D_high': 2941.5751391396584, 'fire_exp': 1.1258453832483524, 'P_half': 10.226988730324324, 'pre_dampen_half': 703.6426675556048, 'gpp_af': 0.0021836613912815635, 'gpp_b': 0.00012797528816608022, 'gpp_d': 368.30088529547436, 'ign_k': 0.4902396944106615, 'ign_c': 8.671454322584175}.
[I 2026-08-05 23:33:39,881] Trial 1211 finished with values: [-0.6080612233006832, 0.3885927380214109] and parameters: {'k1': 0.008956420301712053, 'D_low': 2.1234210963705626, 'k2': 0.0027431991397796683, 'D_high': 7744.80118512745, 'fire_exp': 1.1044852285094786, 'P_half': 164.1379340685856, 'pre_dampen_half': 304.7488318185732, 'gpp_af': 0.001339466259146302, 'gpp_b': 7.402343469704428e-05, 'gpp_d': 29.83701993880331, 'ign_k': 0.4902396944106615, 'ign_c': 8.671454322584175}.
[I 2026-08-05 23:33:40,832] Trial 1212 finished with values: [-0.6247103831151792, 0.3221034628654599] and parameters: {'k1': 0.016594187721123744, 'D_low': 1.4045842344024697, 'k2': 0.00375241428659295, 'D_high': 1665.1532285161688, 'fire_exp': 1.010722707674549, 'P_half': 13.019246714361572, 'pre_dampen_half': 304.7488318185732, 'gpp_af': 0.0021836613912815635, 'gpp_b': 7.402343469704428e-05, 'gpp_d': 891.8036602897795, 'ign_k': 0.34703605955441524, 'ign_c': 0.9294394155644988}.
[I 2026-08-05 23:33:41,763] Trial 1213 finished with values: [10.644892569806737, 10.644892569806737] and parameters: {'k1': 0.06415745702132086, 'D_low': 1.4045842344024697, 'k2': 0.08894151386481904, 'D_high': 1665.1532285161688, 'fire_exp': 1.1044852285094786, 'P_half': 10.226988730324324, 'pre_dampen_half': 0.22341051034589954, 'gpp_af': 0.0021836613912815635, 'gpp_b': 7.402343469704428e-05, 'gpp_d': 891.8036602897795, 'ign_k': 1.8669871096222272, 'ign_c': 8.671454322584175}.
[I 2026-08-05 23:33:43,093] Trial 1214 finished with values: [10.614332581197353, 10.614332581197353] and parameters: {'k1': 0.008956420301712053, 'D_low': 1996.1705347166455, 'k2': 0.0018200694976756812, 'D_high': 7744.80118512745, 'fire_exp': 1.1044852285094786, 'P_half': 13.019246714361572, 'pre_dampen_half': 304.7488318185732, 'gpp_af': 0.001339466259146302, 'gpp_b': 3.228689523591491e-05, 'gpp_d': 368.30088529547436, 'ign_k': 8.761971101023693, 'ign_c': 0.9294394155644988}.
