[I 2026-08-05 23:17:43,579] Trial 405 finished with values: [-0.5739058612512004, 0.6159946200413338] and parameters: {'k1': 0.008956420301712053, 'D_low': 2.1234210963705626, 'k2': 0.031211489608802344, 'D_high': 26666.09148594752, 'fire_exp': 1.1044852285094786, 'P_half': 13.019246714361572, 'pre_dampen_half': 703.6426675556048, 'gpp_af': 0.001339466259146302, 'gpp_b': 3.139005000572696e-05, 'gpp_d': 368.30088529547436, 'ign_k': 0.04563289369649656, 'ign_c': 8.671454322584175}.
[I 2026-08-05 23:17:44,718] Trial 406 finished with values: [-0.4758032283549195, 0.8718455755438349] and parameters: {'k1': 0.0029707920514735983, 'D_low': 43.03411264066069, 'k2': 1.4378290221680118e-05, 'D_high': 75773.14388518519, 'fire_exp': 1.010722707674549, 'P_half': 10.226988730324324, 'pre_dampen_half': 304.7488318185732, 'gpp_af': 29.925002022877802, 'gpp_b': 0.011750724729953272, 'gpp_d': 857.4284557962634, 'ign_k': 0.03141110271934876, 'ign_c': 3.0378658251922155}.
[I 2026-08-05 23:17:45,860] Trial 407 finished with values: [-0.4596619644233992, 0.6619574963286239] and parameters: {'k1': 2.0937989739527727e-05, 'D_low': 125.32726386250698, 'k2': 0.0022957398214549472, 'D_high': 9769.756791866093, 'fire_exp': 1.010722707674549, 'P_half': 8.968733598183245, 'pre_dampen_half': 703.6426675556048, 'gpp_af': 0.5107061330406066, 'gpp_b': 2.800940363375676e-05, 'gpp_d': 3.032712462969173, 'ign_k': 0.030956657914928524, 'ign_c': 1.0939944910100017}.
[I 2026-08-05 23:17:47,034] Trial 408 finished with values: [10.751105279709096, 10.751105279709096] and parameters: {'k1': 0.025383218374507292, 'D_low': 2.1234210963705626, 'k2': 4.763991596630584e-05, 'D_high': 7828.534228218629, 'fire_exp': 3.1323893237815805, 'P_half': 10.226988730324324, 'pre_dampen_half': 304.7488318185732, 'gpp_af': 5.511863475708366, 'gpp_b': 0.6637926838138378, 'gpp_d': 891.8036602897795, 'ign_k': 0.002109525908590576, 'ign_c': 8.671454322584175}.
[I 2026-08-05 23:17:48,170] Trial 409 finished with values: [10.486824668661587, 10.486824668661587] and parameters: {'k1': 0.0029707920514735983, 'D_low': 1.1065812688893482, 'k2': 0.08894151386481904, 'D_high': 75773.14388518519, 'fire_exp': 1.0881360604103363, 'P_half': 13.019246714361572, 'pre_dampen_half': 107.40052367919465, 'gpp_af': 0.015769192447197523, 'gpp_b': 0.011750724729953272, 'gpp_d': 0.1261583527429052, 'ign_k': 0.03141110271934876, 'ign_c': 3.0378658251922155}.
[I 2026-08-05 23:17:49,352] Trial 410 finished with values: [10.128303226444041, 10.128303226444041] and parameters: {'k1': 7.841214856323651e-05, 'D_low': 918.4900818511542, 'k2': 1.1184534120760473e-05, 'D_high': 6455.595882939566, 'fire_exp': 1.1670151053031461, 'P_half': 8.968733598183245, 'pre_dampen_half': 304.7488318185732, 'gpp_af': 11.234842109991876, 'gpp_b': 3.139005000572696e-05, 'gpp_d': 368.30088529547436, 'ign_k': 8.761971101023693, 'ign_c': 12.37061744238074}.
[I 2026-08-05 23:17:50,516] Trial 411 finished with values: [-0.5038331155656353, 0.8050220529067297] and parameters: {'k1': 0.00324789183891923, 'D_low': 1.1065812688893482, 'k2': 0.031211489608802344, 'D_high': 31030.112026960956, 'fire_exp': 1.151006986743773, 'P_half': 10.226988730324324, 'pre_dampen_half': 304.7488318185732, 'gpp_af': 29.925002022877802, 'gpp_b': 0.05693092741736214, 'gpp_d': 107.84642153666701, 'ign_k': 0.03141110271934876, 'ign_c': 0.3528113274684997}.
[I 2026-08-05 23:17:51,661] Trial 412 finished with values: [10.121156203694792, 10.121156203694792] and parameters: {'k1': 0.002407354618388189, 'D_low': 1.1065812688893482, 'k2': 0.08894151386481904, 'D_high': 9769.756791866093, 'fire_exp': 1.0881360604103363, 'P_half': 10.226988730324324, 'pre_dampen_half': 304.7488318185732, 'gpp_af': 29.925002022877802, 'gpp_b': 0.011750724729953272, 'gpp_d': 26.07917317941345, 'ign_k': 0.03141110271934876, 'ign_c': 8.671454322584175}.
[I 2026-08-05 23:17:52,802] Trial 413 finished with values: [10.517931736854807, 10.517931736854807] and parameters: {'k1': 0.0029707920514735983, 'D_low': 125.32726386250698, 'k2': 0.0027431991397796683, 'D_high': 20.161527752598612, 'fire_exp': 1.182396148413737, 'P_half': 8.968733598183245, 'pre_dampen_half': 304.7488318185732, 'gpp_af': 0.5107061330406066, 'gpp_b': 3.228689523591491e-05, 'gpp_d': 857.4284557962634, 'ign_k': 8.761971101023693, 'ign_c': 3.0378658251922155}.
[I 2026-08-05 23:17:53,960] Trial 414 finished with values: [10.494561066827433, 10.494561066827433] and parameters: {'k1': 0.0029707920514735983, 'D_low': 4.051452710153359, 'k2': 0.006138509947844854, 'D_high': 6455.595882939566, 'fire_exp': 1.0881360604103363, 'P_half': 2539.9645554516837, 'pre_dampen_half': 107.40052367919465, 'gpp_af': 0.29904230741455073, 'gpp_b': 0.0035057749039614167, 'gpp_d': 5.878566318396007, 'ign_k': 0.8826264591983531, 'ign_c': 8.362695993649677}.
[I 2026-08-05 23:17:55,155] Trial 415 finished with values: [10.487649673692435, 10.487649673692435] and parameters: {'k1': 0.002407354618388189, 'D_low': 1.4045842344024697, 'k2': 0.08894151386481904, 'D_high': 26666.09148594752, 'fire_exp': 1.182396148413737, 'P_half': 215.55950571043874, 'pre_dampen_half': 76.86605275420082, 'gpp_af': 0.001339466259146302, 'gpp_b': 0.00012797528816608022, 'gpp_d': 5.878566318396007, 'ign_k': 0.13054148118849407, 'ign_c': 23.422386257929038}.
[I 2026-08-05 23:17:56,317] Trial 416 finished with values: [10.76390500325179, 10.76390500325179] and parameters: {'k1': 0.00324789183891923, 'D_low': 125.32726386250698, 'k2': 0.031211489608802344, 'D_high': 830.8114652888394, 'fire_exp': 6.678531303406035, 'P_half': 10.753522341516506, 'pre_dampen_half': 703.6426675556048, 'gpp_af': 0.015769192447197523, 'gpp_b': 3.481277316673104e-05, 'gpp_d': 150.14555442537656, 'ign_k': 0.03141110271934876, 'ign_c': 3.0378658251922155}.
[I 2026-08-05 23:17:57,535] Trial 417 finished with values: [10.494097252343092, 10.494097252343092] and parameters: {'k1': 0.02641449645424223, 'D_low': 1.1065812688893482, 'k2': 0.0007081721844034209, 'D_high': 9769.756791866093, 'fire_exp': 3.1018148805490564, 'P_half': 10.226988730324324, 'pre_dampen_half': 304.7488318185732, 'gpp_af': 29.925002022877802, 'gpp_b': 0.05693092741736214, 'gpp_d': 857.4284557962634, 'ign_k': 0.03141110271934876, 'ign_c': 8.671454322584175}.
[I 2026-08-05 23:17:58,693] Trial 418 finished with values: [-0.4829011962788169, 0.6995883950411557] and parameters: {'k1': 0.0004846497679219079, 'D_low': 9.330007965781027, 'k2': 0.0007081721844034209, 'D_high': 9769.756791866093, 'fire_exp': 1.0881360604103363, 'P_half': 10.226988730324324, 'pre_dampen_half': 304.7488318185732, 'gpp_af': 29.925002022877802, 'gpp_b': 0.011750724729953272, 'gpp_d': 857.4284557962634, 'ign_k': 0.03141110271934876, 'ign_c': 2.4287565087611744}.
[I 2026-08-05 23:17:59,877] Trial 419 finished with values: [-0.5251628499998723, 0.7410836605046263] and parameters: {'k1': 0.00013783578294796384, 'D_low': 29.89885508829526, 'k2': 0.0007081721844034209, 'D_high': 9769.756791866093, 'fire_exp': 1.0881360604103363, 'P_half': 10.226988730324324, 'pre_dampen_half': 304.7488318185732, 'gpp_af': 29.925002022877802, 'gpp_b': 0.011750724729953272, 'gpp_d': 368.30088529547436, 'ign_k': 8.761971101023693, 'ign_c': 0.3528113274684997}.
[I 2026-08-05 23:18:01,046] Trial 420 finished with values: [10.729560099214757, 10.729560099214757] and parameters: {'k1': 0.002407354618388189, 'D_low': 1.4045842344024697, 'k2': 0.08894151386481904, 'D_high': 246.17096698415128, 'fire_exp': 1.1044852285094786, 'P_half': 215.55950571043874, 'pre_dampen_half': 76.86605275420082, 'gpp_af': 92.21975850381763, 'gpp_b': 7.402343469704428e-05, 'gpp_d': 24.551654436784773, 'ign_k': 0.4702627143647234, 'ign_c': 0.9294394155644988}.
[I 2026-08-05 23:18:02,219] Trial 421 finished with values: [-0.523310624686067, 0.8961836452789377] and parameters: {'k1': 0.002407354618388189, 'D_low': 334.62201030483817, 'k2': 0.08894151386481904, 'D_high': 30227.031291375773, 'fire_exp': 1.151006986743773, 'P_half': 12.808863354047988, 'pre_dampen_half': 111.37963167994629, 'gpp_af': 23.63242908838987, 'gpp_b': 0.024796579879439486, 'gpp_d': 223.60515435267138, 'ign_k': 0.34703605955441524, 'ign_c': 3.0378658251922155}.
[I 2026-08-05 23:18:03,529] Trial 422 finished with values: [10.177093100635906, 10.177093100635906] and parameters: {'k1': 0.00011698039424426811, 'D_low': 2.1234210963705626, 'k2': 4.763991596630584e-05, 'D_high': 7744.80118512745, 'fire_exp': 1.010722707674549, 'P_half': 10.226988730324324, 'pre_dampen_half': 304.7488318185732, 'gpp_af': 1.2003722333832936, 'gpp_b': 3.228689523591491e-05, 'gpp_d': 891.8036602897795, 'ign_k': 0.03141110271934876, 'ign_c': 8.671454322584175}.
[I 2026-08-05 23:18:04,707] Trial 423 finished with values: [-0.4705668727703916, 0.6857507952075199] and parameters: {'k1': 0.00013783578294796384, 'D_low': 29.89885508829526, 'k2': 0.031211489608802344, 'D_high': 9769.756791866093, 'fire_exp': 1.0881360604103363, 'P_half': 10.753522341516506, 'pre_dampen_half': 247.25776073156666, 'gpp_af': 4.582731702170249, 'gpp_b': 3.139005000572696e-05, 'gpp_d': 107.84642153666701, 'ign_k': 0.03141110271934876, 'ign_c': 3.0378658251922155}.
[I 2026-08-05 23:18:05,901] Trial 424 finished with values: [10.440752798376213, 10.440752798376213] and parameters: {'k1': 0.00013783578294796384, 'D_low': 918.4900818511542, 'k2': 1.1184534120760473e-05, 'D_high': 43033.06161410616, 'fire_exp': 1.2943117749495199, 'P_half': 45.55085098454082, 'pre_dampen_half': 700.6693992445935, 'gpp_af': 10.25616274847308, 'gpp_b': 0.0002399125814348087, 'gpp_d': 368.30088529547436, 'ign_k': 0.0048255892187380085, 'ign_c': 10.140635645866492}.
[I 2026-08-05 23:18:07,084] Trial 425 finished with values: [-0.517316287603845, 0.924688818821445] and parameters: {'k1': 0.002407354618388189, 'D_low': 1.2299210465793122, 'k2': 0.08894151386481904, 'D_high': 75773.14388518519, 'fire_exp': 1.1044852285094786, 'P_half': 95.65499215943822, 'pre_dampen_half': 107.40052367919465, 'gpp_af': 0.5107061330406066, 'gpp_b': 0.00012797528816608022, 'gpp_d': 20.54051942538844, 'ign_k': 0.11903394335305037, 'ign_c': 0.17036120617148395}.
[I 2026-08-05 23:18:08,285] Trial 426 finished with values: [10.34586692593942, 10.34586692593942] and parameters: {'k1': 2.0937989739527727e-05, 'D_low': 1.1065812688893482, 'k2': 0.0007081721844034209, 'D_high': 9769.756791866093, 'fire_exp': 1.2943117749495199, 'P_half': 63.585411411994926, 'pre_dampen_half': 304.7488318185732, 'gpp_af': 29.925002022877802, 'gpp_b': 2.800940363375676e-05, 'gpp_d': 857.4284557962634, 'ign_k': 0.0048255892187380085, 'ign_c': 0.3528113274684997}.
[I 2026-08-05 23:18:09,461] Trial 427 finished with values: [10.692106770785452, 10.692106770785452] and parameters: {'k1': 0.0029707920514735983, 'D_low': 1547.7616670938303, 'k2': 0.0043033566298259765, 'D_high': 9769.756791866093, 'fire_exp': 1.0881360604103363, 'P_half': 2525.3810447657925, 'pre_dampen_half': 703.6426675556048, 'gpp_af': 0.04339970334001348, 'gpp_b': 3.139005000572696e-05, 'gpp_d': 5.878566318396007, 'ign_k': 0.04563289369649656, 'ign_c': 0.3528113274684997}.
[I 2026-08-05 23:18:10,641] Trial 428 finished with values: [10.044521223096957, 10.044521223096957] and parameters: {'k1': 0.008956420301712053, 'D_low': 1.4045842344024697, 'k2': 0.0010204225357677778, 'D_high': 29456.2056920274, 'fire_exp': 1.1258453832483524, 'P_half': 13.019246714361572, 'pre_dampen_half': 304.7488318185732, 'gpp_af': 0.04339970334001348, 'gpp_b': 3.139005000572696e-05, 'gpp_d': 5.878566318396007, 'ign_k': 0.04563289369649656, 'ign_c': 1.5061320080433496}.
[I 2026-08-05 23:18:11,825] Trial 429 finished with values: [10.239922635081289, 10.239922635081289] and parameters: {'k1': 0.0029707920514735983, 'D_low': 2.1234210963705626, 'k2': 0.0007081721844034209, 'D_high': 9769.756791866093, 'fire_exp': 5.10931850633792, 'P_half': 10.226988730324324, 'pre_dampen_half': 304.7488318185732, 'gpp_af': 29.925002022877802, 'gpp_b': 0.0006082667040432242, 'gpp_d': 857.4284557962634, 'ign_k': 2.2287087260110168, 'ign_c': 10.140635645866492}.
[I 2026-08-05 23:18:13,026] Trial 430 finished with values: [10.67262027736107, 10.67262027736107] and parameters: {'k1': 2.0937989739527727e-05, 'D_low': 616.4329525571076, 'k2': 1.4378290221680118e-05, 'D_high': 43033.06161410616, 'fire_exp': 1.2943117749495199, 'P_half': 13.019246714361572, 'pre_dampen_half': 25.15960733455044, 'gpp_af': 0.5107061330406066, 'gpp_b': 0.011750724729953272, 'gpp_d': 368.30088529547436, 'ign_k': 0.0048255892187380085, 'ign_c': 0.6235377135673155}.
[I 2026-08-05 23:18:14,181] Trial 431 finished with values: [10.18980514514245, 10.18980514514245] and parameters: {'k1': 0.00324789183891923, 'D_low': 125.32726386250698, 'k2': 0.0010204225357677778, 'D_high': 9769.756791866093, 'fire_exp': 1.151006986743773, 'P_half': 8.968733598183245, 'pre_dampen_half': 107.40052367919465, 'gpp_af': 0.5107061330406066, 'gpp_b': 3.228689523591491e-05, 'gpp_d': 3.032712462969173, 'ign_k': 0.0048255892187380085, 'ign_c': 29.815734524531024}.
[I 2026-08-05 23:18:15,384] Trial 432 finished with values: [-0.48350774721750556, 0.9016169382679611] and parameters: {'k1': 0.010253368317956682, 'D_low': 4.051452710153359, 'k2': 4.30943585950406e-05, 'D_high': 33379.746704222074, 'fire_exp': 1.0881360604103363, 'P_half': 24.136213194527585, 'pre_dampen_half': 304.7488318185732, 'gpp_af': 92.21975850381763, 'gpp_b': 3.228689523591491e-05, 'gpp_d': 857.4284557962634, 'ign_k': 0.03141110271934876, 'ign_c': 3.0378658251922155}.
[I 2026-08-05 23:18:16,555] Trial 433 finished with values: [-0.5546007414759091, 0.2649156883537299] and parameters: {'k1': 0.0029707920514735983, 'D_low': 125.32726386250698, 'k2': 0.03071666851587867, 'D_high': 830.8114652888394, 'fire_exp': 1.1258453832483524, 'P_half': 13.019246714361572, 'pre_dampen_half': 304.7488318185732, 'gpp_af': 0.5107061330406066, 'gpp_b': 3.481277316673104e-05, 'gpp_d': 150.14555442537656, 'ign_k': 8.761971101023693, 'ign_c': 1.5061320080433496}.
[I 2026-08-05 23:18:17,694] Trial 434 finished with values: [10.116940555762273, 10.116940555762273] and parameters: {'k1': 0.02641449645424223, 'D_low': 125.32726386250698, 'k2': 0.0022957398214549472, 'D_high': 9769.756791866093, 'fire_exp': 3.1018148805490564, 'P_half': 8.968733598183245, 'pre_dampen_half': 107.40052367919465, 'gpp_af': 0.5107061330406066, 'gpp_b': 2.800940363375676e-05, 'gpp_d': 3.032712462969173, 'ign_k': 0.34703605955441524, 'ign_c': 12.37061744238074}.
[I 2026-08-05 23:18:18,897] Trial 435 finished with values: [10.7687097980455, 10.7687097980455] and parameters: {'k1': 0.002407354618388189, 'D_low': 1.1065812688893482, 'k2': 0.0001870742013766025, 'D_high': 9769.756791866093, 'fire_exp': 1.010722707674549, 'P_half': 51.10120656497163, 'pre_dampen_half': 703.6426675556048, 'gpp_af': 0.0014003494178092962, 'gpp_b': 0.011750724729953272, 'gpp_d': 891.8036602897795, 'ign_k': 0.031134168041628628, 'ign_c': 201.0328373440913}.
[I 2026-08-05 23:18:20,064] Trial 436 finished with values: [10.2206761118901, 10.2206761118901] and parameters: {'k1': 0.002407354618388189, 'D_low': 3.2770228519285682, 'k2': 0.08894151386481904, 'D_high': 48249.14281180252, 'fire_exp': 1.1044852285094786, 'P_half': 12.808863354047988, 'pre_dampen_half': 347.79988160923324, 'gpp_af': 92.21975850381763, 'gpp_b': 7.402343469704428e-05, 'gpp_d': 223.60515435267138, 'ign_k': 0.34703605955441524, 'ign_c': 8.671454322584175}.
[I 2026-08-05 23:18:21,226] Trial 437 finished with values: [10.020485331963803, 10.020485331963803] and parameters: {'k1': 0.0024398964530167717, 'D_low': 125.32726386250698, 'k2': 0.0010204225357677778, 'D_high': 9769.756791866093, 'fire_exp': 1.010722707674549, 'P_half': 63.585411411994926, 'pre_dampen_half': 347.79988160923324, 'gpp_af': 10.25616274847308, 'gpp_b': 2.800940363375676e-05, 'gpp_d': 3.032712462969173, 'ign_k': 1.2124080603355416, 'ign_c': 12.37061744238074}.
[I 2026-08-05 23:18:22,443] Trial 438 finished with values: [10.109690867578847, 10.109690867578847] and parameters: {'k1': 0.0029707920514735983, 'D_low': 334.62201030483817, 'k2': 0.0007081721844034209, 'D_high': 7744.80118512745, 'fire_exp': 1.182396148413737, 'P_half': 24.136213194527585, 'pre_dampen_half': 304.7488318185732, 'gpp_af': 1.2003722333832936, 'gpp_b': 3.139005000572696e-05, 'gpp_d': 0.47379914349407487, 'ign_k': 0.3818468247973969, 'ign_c': 3.0378658251922155}.
[I 2026-08-05 23:18:23,803] Trial 439 finished with values: [10.764111393795249, 10.764111393795249] and parameters: {'k1': 0.00013783578294796384, 'D_low': 918.4900818511542, 'k2': 0.0010204225357677778, 'D_high': 39.323386421481615, 'fire_exp': 2.1589564941849333, 'P_half': 941.9612235978199, 'pre_dampen_half': 700.6693992445935, 'gpp_af': 5.511863475708366, 'gpp_b': 0.0002399125814348087, 'gpp_d': 5.878566318396007, 'ign_k': 1.2124080603355416, 'ign_c': 10.140635645866492}.
[I 2026-08-05 23:18:24,956] Trial 440 finished with values: [-0.5167257865106613, 0.7135726118002219] and parameters: {'k1': 0.002407354618388189, 'D_low': 4.051452710153359, 'k2': 0.0007081721844034209, 'D_high': 9769.756791866093, 'fire_exp': 1.0881360604103363, 'P_half': 4.395816797119711, 'pre_dampen_half': 304.7488318185732, 'gpp_af': 12.298017893269162, 'gpp_b': 0.011750724729953272, 'gpp_d': 857.4284557962634, 'ign_k': 0.03141110271934876, 'ign_c': 0.3528113274684997}.
[I 2026-08-05 23:18:26,115] Trial 441 finished with values: [-0.4695854434429851, 0.9077390843859118] and parameters: {'k1': 0.002407354618388189, 'D_low': 1.2299210465793122, 'k2': 1.4378290221680118e-05, 'D_high': 75773.14388518519, 'fire_exp': 1.1044852285094786, 'P_half': 13.019246714361572, 'pre_dampen_half': 347.79988160923324, 'gpp_af': 0.5107061330406066, 'gpp_b': 7.402343469704428e-05, 'gpp_d': 5.878566318396007, 'ign_k': 0.04563289369649656, 'ign_c': 0.9294394155644988}.
[I 2026-08-05 23:18:27,283] Trial 442 finished with values: [10.222211575652931, 10.222211575652931] and parameters: {'k1': 0.02641449645424223, 'D_low': 2.1234210963705626, 'k2': 0.021307706784814803, 'D_high': 48249.14281180252, 'fire_exp': 1.010722707674549, 'P_half': 12.808863354047988, 'pre_dampen_half': 107.40052367919465, 'gpp_af': 0.5107061330406066, 'gpp_b': 0.00012797528816608022, 'gpp_d': 3.032712462969173, 'ign_k': 0.34703605955441524, 'ign_c': 12.37061744238074}.
[I 2026-08-05 23:18:28,460] Trial 443 finished with values: [-0.54377976629297, 0.6371233837390624] and parameters: {'k1': 0.00013783578294796384, 'D_low': 29.89885508829526, 'k2': 0.0001870742013766025, 'D_high': 9769.756791866093, 'fire_exp': 1.010722707674549, 'P_half': 51.10120656497163, 'pre_dampen_half': 703.6426675556048, 'gpp_af': 5.511863475708366, 'gpp_b': 0.011750724729953272, 'gpp_d': 891.8036602897795, 'ign_k': 8.761971101023693, 'ign_c': 0.773448215664679}.
[I 2026-08-05 23:18:29,632] Trial 444 finished with values: [10.153870425899493, 10.153870425899493] and parameters: {'k1': 0.03232155805617897, 'D_low': 29.89885508829526, 'k2': 0.0001870742013766025, 'D_high': 6455.595882939566, 'fire_exp': 1.0881360604103363, 'P_half': 958.8659498594012, 'pre_dampen_half': 703.6426675556048, 'gpp_af': 29.700320404259642, 'gpp_b': 0.011750724729953272, 'gpp_d': 891.8036602897795, 'ign_k': 0.10712009151798696, 'ign_c': 3.0378658251922155}.
[I 2026-08-05 23:18:30,780] Trial 445 finished with values: [10.669108989389152, 10.669108989389152] and parameters: {'k1': 0.002407354618388189, 'D_low': 1.4045842344024697, 'k2': 0.08894151386481904, 'D_high': 10.605801312906209, 'fire_exp': 1.182396148413737, 'P_half': 13.019246714361572, 'pre_dampen_half': 304.7488318185732, 'gpp_af': 0.04339970334001348, 'gpp_b': 7.402343469704428e-05, 'gpp_d': 5.878566318396007, 'ign_k': 0.04563289369649656, 'ign_c': 2.4287565087611744}.
[I 2026-08-05 23:18:31,975] Trial 446 finished with values: [10.364638697134815, 10.364638697134815] and parameters: {'k1': 0.00324789183891923, 'D_low': 4.051452710153359, 'k2': 1.4378290221680118e-05, 'D_high': 75773.14388518519, 'fire_exp': 1.9365919987098117, 'P_half': 10.753522341516506, 'pre_dampen_half': 304.7488318185732, 'gpp_af': 29.925002022877802, 'gpp_b': 3.139005000572696e-05, 'gpp_d': 107.84642153666701, 'ign_k': 0.03141110271934876, 'ign_c': 3.0378658251922155}.
[I 2026-08-05 23:18:33,160] Trial 447 finished with values: [10.541279485052339, 10.541279485052339] and parameters: {'k1': 0.0029707920514735983, 'D_low': 18.89739291279832, 'k2': 0.002935672965826306, 'D_high': 9769.756791866093, 'fire_exp': 1.0881360604103363, 'P_half': 13.019246714361572, 'pre_dampen_half': 805.2502904451399, 'gpp_af': 0.0025511964576171086, 'gpp_b': 0.011750724729953272, 'gpp_d': 857.4284557962634, 'ign_k': 8.761971101023693, 'ign_c': 8.671454322584175}.
[I 2026-08-05 23:18:34,421] Trial 448 finished with values: [10.666184059347028, 10.666184059347028] and parameters: {'k1': 0.00013783578294796384, 'D_low': 125.32726386250698, 'k2': 0.031211489608802344, 'D_high': 39.323386421481615, 'fire_exp': 1.151006986743773, 'P_half': 336.708521740818, 'pre_dampen_half': 700.6693992445935, 'gpp_af': 4.582731702170249, 'gpp_b': 3.139005000572696e-05, 'gpp_d': 107.84642153666701, 'ign_k': 0.03141110271934876, 'ign_c': 10.140635645866492}.
[I 2026-08-05 23:18:35,624] Trial 449 finished with values: [10.318646184426363, 10.318646184426363] and parameters: {'k1': 0.002407354618388189, 'D_low': 125.32726386250698, 'k2': 0.0022957398214549472, 'D_high': 9769.756791866093, 'fire_exp': 1.010722707674549, 'P_half': 8.968733598183245, 'pre_dampen_half': 703.6426675556048, 'gpp_af': 0.5107061330406066, 'gpp_b': 2.800940363375676e-05, 'gpp_d': 223.60515435267138, 'ign_k': 0.34703605955441524, 'ign_c': 2.4287565087611744}.
