[I 2026-06-10 21:18:07,670] Trial 140 finished with values: [10.761110120528786, 10.761110120528786] and parameters: {'k1': 0.0010495653625093638, 'D_low': 74.06380926311095, 'k2': 1.2519965329664594e-05, 'D_high': 2427.054417940131, 'fire_exp': 2.450200807937923, 'P_half': 284.21405887320833, 'pre_dampen_half': 8.259599205585761, 'gpp_af': 0.0028604435659156367, 'gpp_b': 0.00012118589392553798, 'gpp_d': 0.06841789850667167, 'ign_k': 3.965503094323014, 'ign_c': 19.66760839944308, 'trop_agb_crit': 29.112281680134476, 'trop_k_veg': 2.724170387400844, 'fuel_k': 0.06525050422102326, 'fuel_half': 71.14476009343416}.
[I 2026-06-10 21:18:09,133] Trial 141 finished with values: [10.71752712753565, 10.71752712753565] and parameters: {'k1': 0.00021066486017042195, 'D_low': 1.7956984225677628, 'k2': 0.0007047307383115598, 'D_high': 61536.58035691648, 'fire_exp': 1.423480109671474, 'P_half': 221.2683656611821, 'pre_dampen_half': 0.011396414164620812, 'gpp_af': 0.2204465010099918, 'gpp_b': 1.284284091405877e-05, 'gpp_d': 36.831884165358986, 'ign_k': 0.0029519227433917453, 'ign_c': 0.8446694862290622, 'trop_agb_crit': 12.647327018493208, 'trop_k_veg': 6.825463866194253, 'fuel_k': 0.9221804185592763, 'fuel_half': 0.28682508353628944}.
[I 2026-06-10 21:18:10,538] Trial 142 finished with values: [10.761349726300024, 10.761349726300024] and parameters: {'k1': 0.0009299619346742016, 'D_low': 248.10409748678117, 'k2': 0.0006863458703786212, 'D_high': 83201.33621840179, 'fire_exp': 3.1089811865357015, 'P_half': 396.8136435370147, 'pre_dampen_half': 14.689407256107613, 'gpp_af': 3.4702669886504163, 'gpp_b': 2.852199954727099e-05, 'gpp_d': 707.2114131472224, 'ign_k': 0.003252245757497283, 'ign_c': 0.4051452710153359, 'trop_agb_crit': 1.8559980846490576, 'trop_k_veg': 0.83140195149031, 'fuel_k': 0.07002142869039264, 'fuel_half': 1.0889347318773483}.
[I 2026-06-10 21:18:11,937] Trial 143 finished with values: [10.768145629864549, 10.768145629864549] and parameters: {'k1': 3.511445258128687e-05, 'D_low': 248.10409748678117, 'k2': 4.207988669606632e-05, 'D_high': 2289.1315306837046, 'fire_exp': 2.467425479508436, 'P_half': 118.39097834757698, 'pre_dampen_half': 10.129197956845726, 'gpp_af': 3.4702669886504163, 'gpp_b': 0.15208782389892764, 'gpp_d': 82.84476373292449, 'ign_k': 0.038563028138793747, 'ign_c': 30.785541778315018, 'trop_agb_crit': 1.8559980846490576, 'trop_k_veg': 4.7254560805090735, 'fuel_k': 0.07002142869039264, 'fuel_half': 60.22306787169707}.
[I 2026-06-10 21:18:13,464] Trial 144 finished with values: [10.720672352752514, 10.720672352752514] and parameters: {'k1': 3.609310926766545e-05, 'D_low': 2186.356344942016, 'k2': 0.002884223471687844, 'D_high': 1266.9536563782303, 'fire_exp': 1.4848387260494937, 'P_half': 12.280874862135363, 'pre_dampen_half': 243.70551632385417, 'gpp_af': 37.28155624293858, 'gpp_b': 0.15208782389892764, 'gpp_d': 10.931606102061748, 'ign_k': 0.012480180965117606, 'ign_c': 1.4940577239079738, 'trop_agb_crit': 9.166993035320003, 'trop_k_veg': 4.989748894578724, 'fuel_k': 2.563645943471902, 'fuel_half': 54.91887821601532}.
[I 2026-06-10 21:18:14,992] Trial 145 finished with values: [10.750352745077613, 10.750352745077613] and parameters: {'k1': 1.854837679096716e-05, 'D_low': 999.6359851911329, 'k2': 6.912296717033057e-05, 'D_high': 40237.59749324181, 'fire_exp': 1.1103154430776774, 'P_half': 5.790964233881213, 'pre_dampen_half': 0.040071391969561214, 'gpp_af': 0.24002253099641147, 'gpp_b': 0.024493271671328563, 'gpp_d': 3.659675301686169, 'ign_k': 0.012868405331151606, 'ign_c': 6.5036227113424445, 'trop_agb_crit': 1.111888584843313, 'trop_k_veg': 0.9478162145499819, 'fuel_k': 0.45000412754978936, 'fuel_half': 4.774424102876146}.
[I 2026-06-10 21:18:16,492] Trial 146 finished with values: [10.617593203552333, 10.617593203552333] and parameters: {'k1': 0.028401063201780267, 'D_low': 16.00237013173313, 'k2': 0.0010726091927327822, 'D_high': 2427.054417940131, 'fire_exp': 1.9594972058679163, 'P_half': 157.80309954142965, 'pre_dampen_half': 8.259599205585761, 'gpp_af': 0.03522602097143089, 'gpp_b': 0.00012118589392553798, 'gpp_d': 12.338826503601998, 'ign_k': 3.965503094323014, 'ign_c': 22.126836566118193, 'trop_agb_crit': 7.896186801026689, 'trop_k_veg': 0.8022348220849581, 'fuel_k': 0.10978148458640455, 'fuel_half': 70.25166339242152}.
[I 2026-06-10 21:18:17,903] Trial 147 finished with values: [10.751851914118593, 10.751851914118593] and parameters: {'k1': 1.263794633808287e-05, 'D_low': 1.4105638677535268, 'k2': 0.0006863458703786212, 'D_high': 3512.7047262708465, 'fire_exp': 2.0623196560647115, 'P_half': 108.21382910613987, 'pre_dampen_half': 14.689407256107613, 'gpp_af': 0.017638479543546873, 'gpp_b': 2.852199954727099e-05, 'gpp_d': 0.0763203160273735, 'ign_k': 0.008226074946221037, 'ign_c': 0.20319809838424974, 'trop_agb_crit': 2.116824560533658, 'trop_k_veg': 0.7818074020304813, 'fuel_k': 3.826843441487287, 'fuel_half': 26.56813924114492}.
[I 2026-06-10 21:18:19,334] Trial 148 finished with values: [10.754536187117937, 10.754536187117937] and parameters: {'k1': 0.00021066486017042195, 'D_low': 1.7956984225677628, 'k2': 0.0004976087827261435, 'D_high': 42210.21267871043, 'fire_exp': 1.2918065501148304, 'P_half': 355.00125258511594, 'pre_dampen_half': 0.08554434606254244, 'gpp_af': 0.03940055743445144, 'gpp_b': 0.0028993292583566945, 'gpp_d': 36.831884165358986, 'ign_k': 0.008226074946221037, 'ign_c': 17.583640270008505, 'trop_agb_crit': 14.175578644749322, 'trop_k_veg': 1.9658897090912955, 'fuel_k': 0.28328975157735103, 'fuel_half': 1.9170041589170652}.
[I 2026-06-10 21:18:20,826] Trial 149 finished with values: [10.646462231875683, 10.646462231875683] and parameters: {'k1': 1.3243445838637965e-05, 'D_low': 1.4105638677535268, 'k2': 0.0002514786015817364, 'D_high': 14403.650379563867, 'fire_exp': 1.142464401405714, 'P_half': 20.654107883022302, 'pre_dampen_half': 14.689407256107613, 'gpp_af': 0.03940055743445144, 'gpp_b': 0.0028993292583566945, 'gpp_d': 59.94537656798816, 'ign_k': 0.001609633064821938, 'ign_c': 13.34807155996068, 'trop_agb_crit': 1.6034837661963206, 'trop_k_veg': 2.9276023444448636, 'fuel_k': 0.03201034713747641, 'fuel_half': 1.0889347318773483}.
[I 2026-06-10 21:18:22,354] Trial 150 finished with values: [10.440947567784558, 10.440947567784558] and parameters: {'k1': 0.028401063201780267, 'D_low': 16.00237013173313, 'k2': 0.00033271381912662167, 'D_high': 75233.37078680906, 'fire_exp': 1.5191397119156032, 'P_half': 157.80309954142965, 'pre_dampen_half': 8.259599205585761, 'gpp_af': 0.03522602097143089, 'gpp_b': 0.00012118589392553798, 'gpp_d': 12.338826503601998, 'ign_k': 3.965503094323014, 'ign_c': 22.126836566118193, 'trop_agb_crit': 5.526463318565575, 'trop_k_veg': 2.724170387400844, 'fuel_k': 0.10978148458640455, 'fuel_half': 71.14476009343416}.
[I 2026-06-10 21:18:23,877] Trial 151 finished with values: [10.522001297823342, 10.522001297823342] and parameters: {'k1': 0.07799059237255677, 'D_low': 37.35862630812753, 'k2': 0.03699867920489089, 'D_high': 34288.10943862523, 'fire_exp': 1.423480109671474, 'P_half': 102.4585893986732, 'pre_dampen_half': 3.3841016089580034, 'gpp_af': 1.1409619915696267, 'gpp_b': 0.0001484082099455773, 'gpp_d': 229.41380323183625, 'ign_k': 0.013276678836047658, 'ign_c': 18.219343937475102, 'trop_agb_crit': 10.691477813613638, 'trop_k_veg': 6.45312300188076, 'fuel_k': 4.099550041703093, 'fuel_half': 72.7420826493834}.
[I 2026-06-10 21:18:25,333] Trial 152 finished with values: [10.765980561020625, 10.765980561020625] and parameters: {'k1': 0.0597361678664781, 'D_low': 1.1827346017839087, 'k2': 1.3357240411974104e-05, 'D_high': 5395.442811888474, 'fire_exp': 1.1781176120963386, 'P_half': 18.875676307822275, 'pre_dampen_half': 167.63957643123794, 'gpp_af': 0.017638479543546873, 'gpp_b': 0.7705678683116649, 'gpp_d': 0.2566101756040951, 'ign_k': 0.008226074946221037, 'ign_c': 0.14378290221680123, 'trop_agb_crit': 8.492290599869307, 'trop_k_veg': 5.6957588029545825, 'fuel_k': 3.826843441487287, 'fuel_half': 26.56813924114492}.
[I 2026-06-10 21:18:26,768] Trial 153 finished with values: [10.58561230814845, 10.58561230814845] and parameters: {'k1': 0.0001971137615017176, 'D_low': 242.70544179401307, 'k2': 0.0004976087827261435, 'D_high': 83201.33621840179, 'fire_exp': 1.2918065501148304, 'P_half': 20.654107883022302, 'pre_dampen_half': 3.3841016089580034, 'gpp_af': 0.2204465010099918, 'gpp_b': 2.176805640408474e-05, 'gpp_d': 2.5450745565416026, 'ign_k': 0.003252245757497283, 'ign_c': 39.52220881906114, 'trop_agb_crit': 3.1419938725278875, 'trop_k_veg': 2.9556982260250573, 'fuel_k': 0.03201034713747641, 'fuel_half': 60.70952705230881}.
[I 2026-06-10 21:18:28,199] Trial 154 finished with values: [10.642094950547811, 10.642094950547811] and parameters: {'k1': 0.012840669372724958, 'D_low': 171.2446447678494, 'k2': 0.002884223471687844, 'D_high': 42210.21267871043, 'fire_exp': 1.2918065501148304, 'P_half': 93.43302657318476, 'pre_dampen_half': 0.011396414164620812, 'gpp_af': 0.2204465010099918, 'gpp_b': 2.176805640408474e-05, 'gpp_d': 32.54021513867688, 'ign_k': 0.0029519227433917453, 'ign_c': 17.583640270008505, 'trop_agb_crit': 12.647327018493208, 'trop_k_veg': 4.7254560805090735, 'fuel_k': 4.710433409437072, 'fuel_half': 1.3323297901105768}.
[I 2026-06-10 21:18:29,823] Trial 155 finished with values: [10.765204985013327, 10.765204985013327] and parameters: {'k1': 0.0007081721844034209, 'D_low': 21.917396611576006, 'k2': 1.4019509251727777e-05, 'D_high': 95418.21559010187, 'fire_exp': 1.5155677145630615, 'P_half': 3809.1436474916286, 'pre_dampen_half': 0.2774295811500811, 'gpp_af': 0.457685787310869, 'gpp_b': 4.395740721198845e-05, 'gpp_d': 0.542957716240429, 'ign_k': 0.022882309479728975, 'ign_c': 0.4961134450191396, 'trop_agb_crit': 3.1419938725278875, 'trop_k_veg': 1.69707578043331, 'fuel_k': 0.011370009386071307, 'fuel_half': 0.925203989413795}.
[I 2026-06-10 21:18:31,358] Trial 156 finished with values: [10.71709452765063, 10.71709452765063] and parameters: {'k1': 0.028401063201780267, 'D_low': 1.7956984225677628, 'k2': 0.0003845635122720661, 'D_high': 2427.054417940131, 'fire_exp': 2.450200807937923, 'P_half': 355.00125258511594, 'pre_dampen_half': 8.259599205585761, 'gpp_af': 0.03522602097143089, 'gpp_b': 0.0008239138919814073, 'gpp_d': 562.7426550259207, 'ign_k': 6.344955605329754, 'ign_c': 19.66760839944308, 'trop_agb_crit': 8.576304173303555, 'trop_k_veg': 2.724170387400844, 'fuel_k': 0.06525050422102326, 'fuel_half': 0.9682636678036001}.
[I 2026-06-10 21:18:32,829] Trial 157 finished with values: [10.672386476840337, 10.672386476840337] and parameters: {'k1': 3.609310926766545e-05, 'D_low': 323.7668055684038, 'k2': 0.08661811390647982, 'D_high': 1266.9536563782303, 'fire_exp': 1.4848387260494937, 'P_half': 12.280874862135363, 'pre_dampen_half': 565.0116730717873, 'gpp_af': 28.269551568161315, 'gpp_b': 5.0875243087016374e-05, 'gpp_d': 12.6084874067596, 'ign_k': 0.012868405331151606, 'ign_c': 16.470698221724305, 'trop_agb_crit': 4.84104109932157, 'trop_k_veg': 4.989748894578724, 'fuel_k': 0.037451525662571636, 'fuel_half': 0.107891563325261}.
[I 2026-06-10 21:18:34,294] Trial 158 finished with values: [10.624609323368917, 10.624609323368917] and parameters: {'k1': 0.012840669372724958, 'D_low': 1022.1111307208341, 'k2': 0.002884223471687844, 'D_high': 42210.21267871043, 'fire_exp': 1.2336901664320323, 'P_half': 93.43302657318476, 'pre_dampen_half': 0.01939964577577238, 'gpp_af': 5.056419398267455, 'gpp_b': 2.176805640408474e-05, 'gpp_d': 562.7426550259207, 'ign_k': 6.344955605329754, 'ign_c': 0.2939463458625969, 'trop_agb_crit': 1.626357634890109, 'trop_k_veg': 1.733613253381165, 'fuel_k': 1.277912650425083, 'fuel_half': 0.9682636678036001}.
[I 2026-06-10 21:18:35,704] Trial 159 finished with values: [10.75966285184181, 10.75966285184181] and parameters: {'k1': 0.07799059237255677, 'D_low': 37.35862630812753, 'k2': 0.0002656971546588439, 'D_high': 6082.504966515498, 'fire_exp': 4.034361580518917, 'P_half': 520.4862686958022, 'pre_dampen_half': 88.27875365479898, 'gpp_af': 0.3106068252464493, 'gpp_b': 0.0001484082099455773, 'gpp_d': 229.41380323183625, 'ign_k': 0.005575298138639647, 'ign_c': 18.219343937475102, 'trop_agb_crit': 10.691477813613638, 'trop_k_veg': 6.45312300188076, 'fuel_k': 4.099550041703093, 'fuel_half': 1.2281372083392914}.
[I 2026-06-10 21:18:37,224] Trial 160 finished with values: [10.769230769178105, 10.769230769178105] and parameters: {'k1': 0.0010495653625093638, 'D_low': 2022.2268128429641, 'k2': 4.1265168740903634e-05, 'D_high': 38202.59936390114, 'fire_exp': 1.9594972058679163, 'P_half': 1.104970302415413, 'pre_dampen_half': 1.9069966103000422, 'gpp_af': 0.0028604435659156367, 'gpp_b': 0.0008239138919814073, 'gpp_d': 0.04409594046630608, 'ign_k': 6.344955605329754, 'ign_c': 183.37177967709957, 'trop_agb_crit': 8.576304173303555, 'trop_k_veg': 2.9556982260250573, 'fuel_k': 0.06525050422102326, 'fuel_half': 1.0889347318773483}.
[I 2026-06-10 21:18:38,900] Trial 161 finished with values: [10.018537989275588, 10.018537989275588] and parameters: {'k1': 0.0006579066240690734, 'D_low': 323.7668055684038, 'k2': 0.002173988526401145, 'D_high': 40237.59749324181, 'fire_exp': 1.1103154430776774, 'P_half': 13.30003421978439, 'pre_dampen_half': 243.70551632385417, 'gpp_af': 5.056419398267455, 'gpp_b': 0.15208782389892764, 'gpp_d': 32.54021513867688, 'ign_k': 0.012868405331151606, 'ign_c': 0.5655677524618509, 'trop_agb_crit': 28.4191188830683, 'trop_k_veg': 1.331829048405031, 'fuel_k': 2.563645943471902, 'fuel_half': 0.17108183937377372}.
[I 2026-06-10 21:18:40,407] Trial 162 finished with values: [10.613722730577884, 10.613722730577884] and parameters: {'k1': 7.902459656172905e-05, 'D_low': 7.857247967427123, 'k2': 0.0004976087827261435, 'D_high': 42210.21267871043, 'fire_exp': 1.2918065501148304, 'P_half': 118.39097834757698, 'pre_dampen_half': 0.011396414164620812, 'gpp_af': 0.22965432344634354, 'gpp_b': 2.176805640408474e-05, 'gpp_d': 36.831884165358986, 'ign_k': 1.1044350847124695, 'ign_c': 1.4940577239079738, 'trop_agb_crit': 12.647327018493208, 'trop_k_veg': 4.7254560805090735, 'fuel_k': 4.710433409437072, 'fuel_half': 1.9170041589170652}.
[I 2026-06-10 21:18:41,835] Trial 163 finished with values: [10.702621091088226, 10.702621091088226] and parameters: {'k1': 0.012840669372724958, 'D_low': 171.2446447678494, 'k2': 0.002884223471687844, 'D_high': 78.90004262668583, 'fire_exp': 1.3806513288500464, 'P_half': 93.43302657318476, 'pre_dampen_half': 0.4236414938631993, 'gpp_af': 0.4840298156332327, 'gpp_b': 2.176805640408474e-05, 'gpp_d': 32.54021513867688, 'ign_k': 0.42702329684055446, 'ign_c': 1.4940577239079738, 'trop_agb_crit': 7.513532694186442, 'trop_k_veg': 4.7254560805090735, 'fuel_k': 4.710433409437072, 'fuel_half': 0.5394720267647733}.
[I 2026-06-10 21:18:43,241] Trial 164 finished with values: [10.630904544142645, 10.630904544142645] and parameters: {'k1': 0.001906534551939351, 'D_low': 16.00237013173313, 'k2': 0.002884223471687844, 'D_high': 91246.32886689917, 'fire_exp': 1.3806513288500464, 'P_half': 157.80309954142965, 'pre_dampen_half': 8.259599205585761, 'gpp_af': 5.056419398267455, 'gpp_b': 0.15208782389892764, 'gpp_d': 12.338826503601998, 'ign_k': 3.965503094323014, 'ign_c': 22.126836566118193, 'trop_agb_crit': 5.526463318565575, 'trop_k_veg': 4.7254560805090735, 'fuel_k': 0.10978148458640455, 'fuel_half': 71.14476009343416}.
[I 2026-06-10 21:18:44,725] Trial 165 finished with values: [10.636652831742667, 10.636652831742667] and parameters: {'k1': 0.07799059237255677, 'D_low': 37.35862630812753, 'k2': 0.03699867920489089, 'D_high': 61536.58035691648, 'fire_exp': 2.7477133304227777, 'P_half': 2.0598022365449626, 'pre_dampen_half': 3.3841016089580034, 'gpp_af': 1.1409619915696267, 'gpp_b': 0.0001484082099455773, 'gpp_d': 229.41380323183625, 'ign_k': 0.043232642103703305, 'ign_c': 18.219343937475102, 'trop_agb_crit': 10.691477813613638, 'trop_k_veg': 6.45312300188076, 'fuel_k': 0.3356098860138198, 'fuel_half': 72.7420826493834}.
[I 2026-06-10 21:18:46,281] Trial 166 finished with values: [10.765991084567123, 10.765991084567123] and parameters: {'k1': 0.00021066486017042195, 'D_low': 2.4474057445796826, 'k2': 0.014666151770108535, 'D_high': 199.86340778528879, 'fire_exp': 1.3806513288500464, 'P_half': 118.39097834757698, 'pre_dampen_half': 0.01939964577577238, 'gpp_af': 0.5592994749372486, 'gpp_b': 0.004458440839692221, 'gpp_d': 36.831884165358986, 'ign_k': 0.025331450012450227, 'ign_c': 1.4940577239079738, 'trop_agb_crit': 1.626357634890109, 'trop_k_veg': 4.7254560805090735, 'fuel_k': 0.28328975157735103, 'fuel_half': 1.9170041589170652}.
[I 2026-06-10 21:18:47,724] Trial 167 finished with values: [10.747206609118411, 10.747206609118411] and parameters: {'k1': 0.012840669372724958, 'D_low': 36.07301614542843, 'k2': 0.002090955698118952, 'D_high': 40237.59749324181, 'fire_exp': 1.1103154430776774, 'P_half': 8.318314747941244, 'pre_dampen_half': 0.011396414164620812, 'gpp_af': 0.2204465010099918, 'gpp_b': 0.005419266601560437, 'gpp_d': 0.03927259340973166, 'ign_k': 0.0029519227433917453, 'ign_c': 0.5655677524618509, 'trop_agb_crit': 12.647327018493208, 'trop_k_veg': 0.6443637990899901, 'fuel_k': 0.45000412754978936, 'fuel_half': 1.3323297901105768}.
[I 2026-06-10 21:18:49,153] Trial 168 finished with values: [10.763900193098136, 10.763900193098136] and parameters: {'k1': 0.0010495653625093638, 'D_low': 1022.1111307208341, 'k2': 0.014666151770108535, 'D_high': 88320.39346746863, 'fire_exp': 4.034361580518917, 'P_half': 520.4862686958022, 'pre_dampen_half': 0.01939964577577238, 'gpp_af': 0.5592994749372486, 'gpp_b': 3.3229341002487806e-05, 'gpp_d': 562.7426550259207, 'ign_k': 6.344955605329754, 'ign_c': 0.2939463458625969, 'trop_agb_crit': 1.626357634890109, 'trop_k_veg': 1.733613253381165, 'fuel_k': 0.06525050422102326, 'fuel_half': 0.9682636678036001}.
[I 2026-06-10 21:18:50,772] Trial 169 finished with values: [10.767163009667707, 10.767163009667707] and parameters: {'k1': 0.012840669372724958, 'D_low': 171.2446447678494, 'k2': 0.0004976087827261435, 'D_high': 42210.21267871043, 'fire_exp': 7.541554304668537, 'P_half': 94.99072859745384, 'pre_dampen_half': 0.01939964577577238, 'gpp_af': 0.2204465010099918, 'gpp_b': 2.176805640408474e-05, 'gpp_d': 0.03927259340973166, 'ign_k': 0.025331450012450227, 'ign_c': 0.2939463458625969, 'trop_agb_crit': 12.647327018493208, 'trop_k_veg': 4.129715873342728, 'fuel_k': 4.710433409437072, 'fuel_half': 0.2010796072862617}.
[I 2026-06-10 21:18:52,225] Trial 170 finished with values: [10.765980561020625, 10.765980561020625] and parameters: {'k1': 0.0597361678664781, 'D_low': 1.1827346017839087, 'k2': 1.3357240411974104e-05, 'D_high': 5395.442811888474, 'fire_exp': 1.1781176120963386, 'P_half': 18.875676307822275, 'pre_dampen_half': 167.63957643123794, 'gpp_af': 0.017638479543546873, 'gpp_b': 0.7705678683116649, 'gpp_d': 0.2566101756040951, 'ign_k': 0.008226074946221037, 'ign_c': 0.14378290221680123, 'trop_agb_crit': 8.492290599869307, 'trop_k_veg': 5.6957588029545825, 'fuel_k': 3.826843441487287, 'fuel_half': 26.56813924114492}.
[I 2026-06-10 21:18:53,790] Trial 171 finished with values: [10.653156963292448, 10.653156963292448] and parameters: {'k1': 0.07799059237255677, 'D_low': 37.35862630812753, 'k2': 0.00033271381912662167, 'D_high': 12124.080603355414, 'fire_exp': 1.423480109671474, 'P_half': 11.545165697879465, 'pre_dampen_half': 3.3841016089580034, 'gpp_af': 0.03522602097143089, 'gpp_b': 0.00012118589392553798, 'gpp_d': 12.338826503601998, 'ign_k': 0.003296550135838091, 'ign_c': 188.97713941351608, 'trop_agb_crit': 10.691477813613638, 'trop_k_veg': 5.876643247346733, 'fuel_k': 4.099550041703093, 'fuel_half': 72.7420826493834}.
[I 2026-06-10 21:18:55,304] Trial 172 finished with values: [10.768778505765352, 10.768778505765352] and parameters: {'k1': 0.00021066486017042195, 'D_low': 6646.698709242519, 'k2': 0.00017535949529764417, 'D_high': 199.86340778528879, 'fire_exp': 1.2918065501148304, 'P_half': 3153.600608518471, 'pre_dampen_half': 0.011396414164620812, 'gpp_af': 0.2204465010099918, 'gpp_b': 5.2187377767381904e-05, 'gpp_d': 0.03927259340973166, 'ign_k': 0.0029519227433917453, 'ign_c': 17.583640270008505, 'trop_agb_crit': 12.647327018493208, 'trop_k_veg': 2.520089655463604, 'fuel_k': 0.28328975157735103, 'fuel_half': 1.9170041589170652}.
[I 2026-06-10 21:18:56,710] Trial 173 finished with values: [10.493560259373062, 10.493560259373062] and parameters: {'k1': 0.004898620823554844, 'D_low': 2981.237069720883, 'k2': 7.841214856323651e-05, 'D_high': 71267.2757353232, 'fire_exp': 1.0283820194309468, 'P_half': 56.22114524476698, 'pre_dampen_half': 331.7366635899375, 'gpp_af': 28.55719640738185, 'gpp_b': 0.014662453726154785, 'gpp_d': 922.1975850381748, 'ign_k': 0.001973268844408891, 'ign_c': 30.785541778315018, 'trop_agb_crit': 27.025726513675966, 'trop_k_veg': 2.132271839889451, 'fuel_k': 0.5604857991960507, 'fuel_half': 60.22306787169707}.
[I 2026-06-10 21:18:58,155] Trial 174 finished with values: [10.47341494120106, 10.47341494120106] and parameters: {'k1': 0.00021066486017042195, 'D_low': 1.7956984225677628, 'k2': 0.0006863458703786212, 'D_high': 42210.21267871043, 'fire_exp': 1.2918065501148304, 'P_half': 20.654107883022302, 'pre_dampen_half': 14.689407256107613, 'gpp_af': 0.2204465010099918, 'gpp_b': 2.852199954727099e-05, 'gpp_d': 36.831884165358986, 'ign_k': 0.003252245757497283, 'ign_c': 17.583640270008505, 'trop_agb_crit': 12.647327018493208, 'trop_k_veg': 1.9658897090912955, 'fuel_k': 0.28328975157735103, 'fuel_half': 38.581832549157696}.
