[I 2026-08-06 10:54:14,366] Trial 603 finished with values: [10.040365135497849, 10.040365135497849] and parameters: {'k1': 0.029385019583898195, 'D_low': 38.82837025280678, 'k2': 0.014344484793173472, 'D_high': 42210.21267871043, 'fire_exp': 1.7329145403564932, 'P_half': 221.2683656611821, 'pre_dampen_half': 331.7366635899375, 'gpp_af': 0.6403036652671171, 'gpp_b': 2.176805640408474e-05, 'gpp_d': 82.84476373292449, 'ign_k': 0.01364908766641695, 'ign_c': 30.785541778315018, 'trop_agb_crit': 8.997007571451054, 'trop_k_veg': 1.140286245977296}.
[I 2026-08-06 10:54:15,461] Trial 604 finished with values: [-0.5783142681001799, 0.11072495791111714] and parameters: {'k1': 2.316457903103837e-05, 'D_low': 40.52505887227999, 'k2': 2.246290894032394e-05, 'D_high': 60107.420288647554, 'fire_exp': 1.1263716762638152, 'P_half': 3.313942437345199, 'pre_dampen_half': 63.6685916079943, 'gpp_af': 0.6403036652671171, 'gpp_b': 0.22727308251068193, 'gpp_d': 2.944272359149677, 'ign_k': 0.21006485619596416, 'ign_c': 1.9580595319750387, 'trop_agb_crit': 3.2954785755570537, 'trop_k_veg': 4.989748894578724}.
[I 2026-08-06 10:54:16,522] Trial 605 finished with values: [10.433401854694283, 10.433401854694283] and parameters: {'k1': 0.029385019583898195, 'D_low': 12.105387404469584, 'k2': 8.923807143379776e-05, 'D_high': 774.2116473996249, 'fire_exp': 1.7329145403564932, 'P_half': 140.74279366401683, 'pre_dampen_half': 38.00678588560607, 'gpp_af': 5.335773317316405, 'gpp_b': 0.01666658176842624, 'gpp_d': 229.41380323183625, 'ign_k': 0.019192001101561888, 'ign_c': 3.470490935437501, 'trop_agb_crit': 8.997007571451054, 'trop_k_veg': 2.520089655463604}.
[I 2026-08-06 10:54:17,618] Trial 606 finished with values: [10.616422564203667, 10.616422564203667] and parameters: {'k1': 0.00488137519160367, 'D_low': 520.4862686958022, 'k2': 8.923807143379776e-05, 'D_high': 42210.21267871043, 'fire_exp': 1.7329145403564932, 'P_half': 712.8188058401365, 'pre_dampen_half': 38.00678588560607, 'gpp_af': 1.9706963379095486, 'gpp_b': 0.050451016347432494, 'gpp_d': 1.493264336549928, 'ign_k': 2.5253810447657927, 'ign_c': 0.557280750002996, 'trop_agb_crit': 8.997007571451054, 'trop_k_veg': 7.936472946233041}.
[I 2026-08-06 10:54:18,697] Trial 607 finished with values: [11.249884658915061, 11.249884658915061] and parameters: {'k1': 2.316457903103837e-05, 'D_low': 671.5971856456824, 'k2': 0.019894080167856886, 'D_high': 60107.420288647554, 'fire_exp': 1.2611826901294014, 'P_half': 4.213183643253957, 'pre_dampen_half': 63.6685916079943, 'gpp_af': 0.6403036652671171, 'gpp_b': 0.0012213924959062798, 'gpp_d': 757.2868182332339, 'ign_k': 0.12329098365270515, 'ign_c': 1.9580595319750387, 'trop_agb_crit': 6.119263728555865, 'trop_k_veg': 3.49157152291552}.
[I 2026-08-06 10:54:19,788] Trial 608 finished with values: [10.621651176941144, 10.621651176941144] and parameters: {'k1': 0.008912611835817005, 'D_low': 12.105387404469584, 'k2': 1.1065812688893481e-05, 'D_high': 5670.3463356272905, 'fire_exp': 1.3170256885255098, 'P_half': 4.213183643253957, 'pre_dampen_half': 63.6685916079943, 'gpp_af': 1.6059727222314273, 'gpp_b': 3.481277316673104e-05, 'gpp_d': 229.41380323183625, 'ign_k': 0.21006485619596416, 'ign_c': 11.400863701127316, 'trop_agb_crit': 10.691477813613638, 'trop_k_veg': 2.520089655463604}.
[I 2026-08-06 10:54:20,872] Trial 609 finished with values: [10.633886347753414, 10.633886347753414] and parameters: {'k1': 0.008912611835817005, 'D_low': 520.4862686958022, 'k2': 8.923807143379776e-05, 'D_high': 8182.111518618414, 'fire_exp': 1.221575427404682, 'P_half': 712.8188058401365, 'pre_dampen_half': 234.12640025944248, 'gpp_af': 0.006842417023266609, 'gpp_b': 0.01666658176842624, 'gpp_d': 82.84476373292449, 'ign_k': 0.21006485619596416, 'ign_c': 5.13055176058983, 'trop_agb_crit': 7.628718523810018, 'trop_k_veg': 5.492385920002873}.
[I 2026-08-06 10:54:21,952] Trial 610 finished with values: [10.02595468416235, 10.02595468416235] and parameters: {'k1': 0.00488137519160367, 'D_low': 12.105387404469584, 'k2': 8.923807143379776e-05, 'D_high': 8182.111518618414, 'fire_exp': 1.3170256885255098, 'P_half': 221.2683656611821, 'pre_dampen_half': 63.6685916079943, 'gpp_af': 1.9706963379095486, 'gpp_b': 0.0005739662837359252, 'gpp_d': 19.600139992927435, 'ign_k': 0.0049611344501914005, 'ign_c': 5.13055176058983, 'trop_agb_crit': 3.848553322122042, 'trop_k_veg': 0.9781855536301391}.
[I 2026-08-06 10:54:23,046] Trial 611 finished with values: [10.13845123939435, 10.13845123939435] and parameters: {'k1': 0.00488137519160367, 'D_low': 355.00125258511594, 'k2': 0.014344484793173472, 'D_high': 11069.082134755383, 'fire_exp': 1.471022163879199, 'P_half': 221.2683656611821, 'pre_dampen_half': 38.00678588560607, 'gpp_af': 5.335773317316405, 'gpp_b': 1.6596960546180327e-05, 'gpp_d': 82.84476373292449, 'ign_k': 0.019192001101561888, 'ign_c': 1.9580595319750387, 'trop_agb_crit': 1.0693376406863295, 'trop_k_veg': 1.140286245977296}.
[I 2026-08-06 10:54:24,160] Trial 612 finished with values: [10.357565235587213, 10.357565235587213] and parameters: {'k1': 2.316457903103837e-05, 'D_low': 520.4862686958022, 'k2': 1.1065812688893481e-05, 'D_high': 60107.420288647554, 'fire_exp': 1.1263716762638152, 'P_half': 221.2683656611821, 'pre_dampen_half': 331.7366635899375, 'gpp_af': 4.808505037156752, 'gpp_b': 0.22727308251068193, 'gpp_d': 82.84476373292449, 'ign_k': 0.21006485619596416, 'ign_c': 30.785541778315018, 'trop_agb_crit': 7.500118950416987, 'trop_k_veg': 4.989748894578724}.
[I 2026-08-06 10:54:25,431] Trial 613 finished with values: [-0.5703255748458951, 0.08125338986788588] and parameters: {'k1': 0.05778755734457457, 'D_low': 40.52505887227999, 'k2': 0.0007047307383115598, 'D_high': 4520.829315376817, 'fire_exp': 1.2611826901294014, 'P_half': 523.1053126909052, 'pre_dampen_half': 38.00678588560607, 'gpp_af': 0.6403036652671171, 'gpp_b': 0.0012213924959062798, 'gpp_d': 2.944272359149677, 'ign_k': 0.21006485619596416, 'ign_c': 1.9580595319750387, 'trop_agb_crit': 1.0903028125370984, 'trop_k_veg': 4.989748894578724}.
[I 2026-08-06 10:54:26,511] Trial 614 finished with values: [10.271938639370543, 10.271938639370543] and parameters: {'k1': 0.008912611835817005, 'D_low': 40.52505887227999, 'k2': 1.1065812688893481e-05, 'D_high': 5670.3463356272905, 'fire_exp': 1.3170256885255098, 'P_half': 4.213183643253957, 'pre_dampen_half': 234.12640025944248, 'gpp_af': 0.6403036652671171, 'gpp_b': 0.2859164396628517, 'gpp_d': 0.6960360257735198, 'ign_k': 0.12329098365270515, 'ign_c': 5.13055176058983, 'trop_agb_crit': 7.500118950416987, 'trop_k_veg': 3.49157152291552}.
[I 2026-08-06 10:54:27,606] Trial 615 finished with values: [-0.5777071034716862, 0.15037449764207467] and parameters: {'k1': 0.008287522363768155, 'D_low': 12.105387404469584, 'k2': 0.003101429427212743, 'D_high': 11832.967057468773, 'fire_exp': 1.2611826901294014, 'P_half': 4.213183643253957, 'pre_dampen_half': 63.6685916079943, 'gpp_af': 0.6403036652671171, 'gpp_b': 0.22727308251068193, 'gpp_d': 8.057329182285729, 'ign_k': 0.0049611344501914005, 'ign_c': 48.704711413416454, 'trop_agb_crit': 6.119263728555865, 'trop_k_veg': 0.6673124511410327}.
[I 2026-08-06 10:54:28,717] Trial 616 finished with values: [10.640074850190345, 10.640074850190345] and parameters: {'k1': 2.316457903103837e-05, 'D_low': 40.52505887227999, 'k2': 0.031536006085184705, 'D_high': 5670.3463356272905, 'fire_exp': 3.3801590342525687, 'P_half': 4.213183643253957, 'pre_dampen_half': 63.6685916079943, 'gpp_af': 0.6403036652671171, 'gpp_b': 0.00431329787498825, 'gpp_d': 2.944272359149677, 'ign_k': 0.21006485619596416, 'ign_c': 7.916322947490362, 'trop_agb_crit': 17.65802440745555, 'trop_k_veg': 4.030242248006271}.
[I 2026-08-06 10:54:29,816] Trial 617 finished with values: [10.127355923014076, 10.127355923014076] and parameters: {'k1': 0.002155595057104387, 'D_low': 1.3577269394141454, 'k2': 1.1065812688893481e-05, 'D_high': 60107.420288647554, 'fire_exp': 1.1263716762638152, 'P_half': 4.213183643253957, 'pre_dampen_half': 63.6685916079943, 'gpp_af': 0.6403036652671171, 'gpp_b': 0.22727308251068193, 'gpp_d': 106.74579222939708, 'ign_k': 0.21006485619596416, 'ign_c': 1.9580595319750387, 'trop_agb_crit': 1.0903028125370984, 'trop_k_veg': 4.989748894578724}.
[I 2026-08-06 10:54:30,898] Trial 618 finished with values: [-0.5841490282019712, 0.04453037861754694] and parameters: {'k1': 0.008912611835817005, 'D_low': 40.52505887227999, 'k2': 0.031536006085184705, 'D_high': 5670.3463356272905, 'fire_exp': 3.3801590342525687, 'P_half': 4.213183643253957, 'pre_dampen_half': 234.12640025944248, 'gpp_af': 0.6403036652671171, 'gpp_b': 0.08128322984179755, 'gpp_d': 757.2868182332339, 'ign_k': 0.07091190338709638, 'ign_c': 5.13055176058983, 'trop_agb_crit': 8.997007571451054, 'trop_k_veg': 5.492385920002873}.
[I 2026-08-06 10:54:32,010] Trial 619 finished with values: [-0.5733864150568586, 0.14749341841259223] and parameters: {'k1': 0.008912611835817005, 'D_low': 40.52505887227999, 'k2': 1.1065812688893481e-05, 'D_high': 5670.3463356272905, 'fire_exp': 1.3170256885255098, 'P_half': 4.213183643253957, 'pre_dampen_half': 234.12640025944248, 'gpp_af': 0.6403036652671171, 'gpp_b': 0.0325181766809307, 'gpp_d': 0.6960360257735198, 'ign_k': 0.21006485619596416, 'ign_c': 5.13055176058983, 'trop_agb_crit': 6.275146677376727, 'trop_k_veg': 5.492385920002873}.
[I 2026-08-06 10:54:33,105] Trial 620 finished with values: [10.751060238599202, 10.751060238599202] and parameters: {'k1': 0.05778755734457457, 'D_low': 2972.248537653567, 'k2': 0.019894080167856886, 'D_high': 11832.967057468773, 'fire_exp': 1.2611826901294014, 'P_half': 4.213183643253957, 'pre_dampen_half': 63.6685916079943, 'gpp_af': 0.6403036652671171, 'gpp_b': 0.22727308251068193, 'gpp_d': 0.10695622106010433, 'ign_k': 0.010939944910100021, 'ign_c': 48.704711413416454, 'trop_agb_crit': 6.119263728555865, 'trop_k_veg': 0.6673124511410327}.
[I 2026-08-06 10:54:34,185] Trial 621 finished with values: [-0.588418922670162, 0.15919054690217582] and parameters: {'k1': 0.00488137519160367, 'D_low': 355.00125258511594, 'k2': 8.923807143379776e-05, 'D_high': 42210.21267871043, 'fire_exp': 1.221575427404682, 'P_half': 221.2683656611821, 'pre_dampen_half': 38.00678588560607, 'gpp_af': 5.335773317316405, 'gpp_b': 3.481277316673104e-05, 'gpp_d': 82.84476373292449, 'ign_k': 0.002803357452303278, 'ign_c': 1.1994950112756755, 'trop_agb_crit': 8.997007571451054, 'trop_k_veg': 7.936472946233041}.
[I 2026-08-06 10:54:35,312] Trial 622 finished with values: [-0.5578623014531406, 0.12060536503471864] and parameters: {'k1': 1.6917937817342654e-05, 'D_low': 38.82837025280678, 'k2': 0.014344484793173472, 'D_high': 8182.111518618414, 'fire_exp': 1.3170256885255098, 'P_half': 221.2683656611821, 'pre_dampen_half': 63.6685916079943, 'gpp_af': 1.6059727222314273, 'gpp_b': 2.176805640408474e-05, 'gpp_d': 229.41380323183625, 'ign_k': 0.0049611344501914005, 'ign_c': 1.9580595319750387, 'trop_agb_crit': 8.997007571451054, 'trop_k_veg': 2.520089655463604}.
[I 2026-08-06 10:54:36,410] Trial 623 finished with values: [10.411468403131298, 10.411468403131298] and parameters: {'k1': 0.005272264723319183, 'D_low': 12.105387404469584, 'k2': 0.004149969043497543, 'D_high': 8182.111518618414, 'fire_exp': 1.221575427404682, 'P_half': 4.213183643253957, 'pre_dampen_half': 63.6685916079943, 'gpp_af': 1.9706963379095486, 'gpp_b': 0.015382154459808445, 'gpp_d': 1.493264336549928, 'ign_k': 0.12329098365270515, 'ign_c': 5.034696988263485, 'trop_agb_crit': 8.997007571451054, 'trop_k_veg': 2.4336356947036335}.
[I 2026-08-06 10:54:37,503] Trial 624 finished with values: [-0.5985544543241016, 0.09471704127176217] and parameters: {'k1': 0.00488137519160367, 'D_low': 355.00125258511594, 'k2': 8.923807143379776e-05, 'D_high': 11069.082134755383, 'fire_exp': 1.221575427404682, 'P_half': 221.2683656611821, 'pre_dampen_half': 481.9793830934018, 'gpp_af': 1.6059727222314273, 'gpp_b': 0.012132126638791128, 'gpp_d': 82.84476373292449, 'ign_k': 0.019192001101561888, 'ign_c': 30.785541778315018, 'trop_agb_crit': 8.997007571451054, 'trop_k_veg': 4.030242248006271}.
[I 2026-08-06 10:54:38,583] Trial 625 finished with values: [10.076633783605834, 10.076633783605834] and parameters: {'k1': 0.00488137519160367, 'D_low': 12.105387404469584, 'k2': 8.923807143379776e-05, 'D_high': 11832.967057468773, 'fire_exp': 1.221575427404682, 'P_half': 4.213183643253957, 'pre_dampen_half': 331.7366635899375, 'gpp_af': 5.335773317316405, 'gpp_b': 0.22727308251068193, 'gpp_d': 82.84476373292449, 'ign_k': 0.019192001101561888, 'ign_c': 54.079797238871784, 'trop_agb_crit': 7.628718523810018, 'trop_k_veg': 1.0594599158279707}.
[I 2026-08-06 10:54:39,678] Trial 626 finished with values: [-0.5587522352177265, 0.12212743028650064] and parameters: {'k1': 0.01889771394135163, 'D_low': 12.105387404469584, 'k2': 1.1065812688893481e-05, 'D_high': 21.947742689197344, 'fire_exp': 1.221575427404682, 'P_half': 12.498583886387651, 'pre_dampen_half': 63.6685916079943, 'gpp_af': 1.6059727222314273, 'gpp_b': 0.22727308251068193, 'gpp_d': 134.6119925566483, 'ign_k': 0.0032770228519285686, 'ign_c': 1.9580595319750387, 'trop_agb_crit': 7.500118950416987, 'trop_k_veg': 1.0594599158279707}.
[I 2026-08-06 10:54:40,776] Trial 627 finished with values: [10.14913504930318, 10.14913504930318] and parameters: {'k1': 0.00488137519160367, 'D_low': 40.52505887227999, 'k2': 8.923807143379776e-05, 'D_high': 42210.21267871043, 'fire_exp': 1.7329145403564932, 'P_half': 221.2683656611821, 'pre_dampen_half': 63.6685916079943, 'gpp_af': 0.6403036652671171, 'gpp_b': 0.0005739662837359252, 'gpp_d': 757.2868182332339, 'ign_k': 0.0036065195493704487, 'ign_c': 1.2431017136067033, 'trop_agb_crit': 1.0903028125370984, 'trop_k_veg': 5.580504276549027}.
[I 2026-08-06 10:54:41,872] Trial 628 finished with values: [10.412962738387291, 10.412962738387291] and parameters: {'k1': 0.01889771394135163, 'D_low': 40.52505887227999, 'k2': 1.1065812688893481e-05, 'D_high': 8182.111518618414, 'fire_exp': 1.2611826901294014, 'P_half': 4.213183643253957, 'pre_dampen_half': 234.12640025944248, 'gpp_af': 1.6059727222314273, 'gpp_b': 1.5385046399532158e-05, 'gpp_d': 2.944272359149677, 'ign_k': 0.060759029110813774, 'ign_c': 1.9580595319750387, 'trop_agb_crit': 8.997007571451054, 'trop_k_veg': 1.0594599158279707}.
[I 2026-08-06 10:54:42,969] Trial 629 finished with values: [-0.5458541931191581, 0.20653647941791065] and parameters: {'k1': 0.012021930484915042, 'D_low': 7.46475488144212, 'k2': 0.003101429427212743, 'D_high': 42210.21267871043, 'fire_exp': 1.5185721648966928, 'P_half': 1.4367266998250416, 'pre_dampen_half': 5.048653998722947, 'gpp_af': 0.00515795696727661, 'gpp_b': 2.176805640408474e-05, 'gpp_d': 0.04078961160746153, 'ign_k': 0.07091190338709638, 'ign_c': 2.4936660834465174, 'trop_agb_crit': 10.691477813613638, 'trop_k_veg': 1.7517490491468353}.
[I 2026-08-06 10:54:44,034] Trial 630 finished with values: [10.668812611303094, 10.668812611303094] and parameters: {'k1': 0.008912611835817005, 'D_low': 5438.762195226741, 'k2': 1.1065812688893481e-05, 'D_high': 60107.420288647554, 'fire_exp': 1.1263716762638152, 'P_half': 4.213183643253957, 'pre_dampen_half': 63.6685916079943, 'gpp_af': 0.6403036652671171, 'gpp_b': 0.22727308251068193, 'gpp_d': 14.792055086678463, 'ign_k': 0.21006485619596416, 'ign_c': 5.13055176058983, 'trop_agb_crit': 1.0903028125370984, 'trop_k_veg': 4.989748894578724}.
[I 2026-08-06 10:54:45,162] Trial 631 finished with values: [10.505070183498502, 10.505070183498502] and parameters: {'k1': 0.0001839180780558311, 'D_low': 520.4862686958022, 'k2': 0.0154776166709383, 'D_high': 8182.111518618414, 'fire_exp': 1.5185721648966928, 'P_half': 712.8188058401365, 'pre_dampen_half': 63.6685916079943, 'gpp_af': 0.00515795696727661, 'gpp_b': 0.011051185074931393, 'gpp_d': 14.792055086678463, 'ign_k': 2.5253810447657927, 'ign_c': 1.9580595319750387, 'trop_agb_crit': 10.691477813613638, 'trop_k_veg': 2.4336356947036335}.
[I 2026-08-06 10:54:46,561] Trial 632 finished with values: [-0.5679036089447511, 0.14571601656991318] and parameters: {'k1': 2.316457903103837e-05, 'D_low': 355.00125258511594, 'k2': 1.4665316366397004e-05, 'D_high': 42210.21267871043, 'fire_exp': 1.1263716762638152, 'P_half': 3.313942437345199, 'pre_dampen_half': 63.6685916079943, 'gpp_af': 5.335773317316405, 'gpp_b': 0.22727308251068193, 'gpp_d': 229.41380323183625, 'ign_k': 0.019192001101561888, 'ign_c': 5.13055176058983, 'trop_agb_crit': 3.2954785755570537, 'trop_k_veg': 4.989748894578724}.
[I 2026-08-06 10:54:47,639] Trial 633 finished with values: [-0.5990383778470556, 0.07185027927944543] and parameters: {'k1': 0.01889771394135163, 'D_low': 7.299348683062307, 'k2': 0.0154776166709383, 'D_high': 61536.58035691648, 'fire_exp': 1.7329145403564932, 'P_half': 712.8188058401365, 'pre_dampen_half': 38.00678588560607, 'gpp_af': 1.6059727222314273, 'gpp_b': 2.176805640408474e-05, 'gpp_d': 84.31013932082456, 'ign_k': 0.6161423618045312, 'ign_c': 1.9580595319750387, 'trop_agb_crit': 8.997007571451054, 'trop_k_veg': 2.4336356947036335}.
[I 2026-08-06 10:54:48,735] Trial 634 finished with values: [10.53166333161055, 10.53166333161055] and parameters: {'k1': 0.05778755734457457, 'D_low': 7.299348683062307, 'k2': 3.9207829763785736e-05, 'D_high': 1236.6924205139144, 'fire_exp': 1.0601964743503993, 'P_half': 523.1053126909052, 'pre_dampen_half': 38.00678588560607, 'gpp_af': 1.2389588752305056, 'gpp_b': 8.313439445310161, 'gpp_d': 350.88322284755304, 'ign_k': 0.6161423618045312, 'ign_c': 2.4936660834465174, 'trop_agb_crit': 8.997007571451054, 'trop_k_veg': 2.520089655463604}.
[I 2026-08-06 10:54:49,811] Trial 635 finished with values: [-0.5823970174980911, 0.15411821084473287] and parameters: {'k1': 0.012021930484915042, 'D_low': 38.82837025280678, 'k2': 0.003101429427212743, 'D_high': 42210.21267871043, 'fire_exp': 1.7329145403564932, 'P_half': 102.4585893986732, 'pre_dampen_half': 38.00678588560607, 'gpp_af': 1.6059727222314273, 'gpp_b': 2.176805640408474e-05, 'gpp_d': 14.792055086678463, 'ign_k': 0.01364908766641695, 'ign_c': 3.470490935437501, 'trop_agb_crit': 26.643872076082868, 'trop_k_veg': 2.520089655463604}.
[I 2026-08-06 10:54:50,892] Trial 636 finished with values: [10.723347826297145, 10.723347826297145] and parameters: {'k1': 0.05778755734457457, 'D_low': 38.82837025280678, 'k2': 8.923807143379776e-05, 'D_high': 8182.111518618414, 'fire_exp': 1.2611826901294014, 'P_half': 4.213183643253957, 'pre_dampen_half': 0.010585220389440335, 'gpp_af': 0.6403036652671171, 'gpp_b': 3.481277316673104e-05, 'gpp_d': 350.88322284755304, 'ign_k': 0.010939944910100021, 'ign_c': 0.557280750002996, 'trop_agb_crit': 8.997007571451054, 'trop_k_veg': 2.4336356947036335}.
[I 2026-08-06 10:54:51,989] Trial 637 finished with values: [-0.5492654733152802, 0.1514599027624346] and parameters: {'k1': 0.008912611835817005, 'D_low': 355.00125258511594, 'k2': 0.031536006085184705, 'D_high': 11832.967057468773, 'fire_exp': 3.3801590342525687, 'P_half': 4.213183643253957, 'pre_dampen_half': 331.7366635899375, 'gpp_af': 0.6403036652671171, 'gpp_b': 0.00431329787498825, 'gpp_d': 757.2868182332339, 'ign_k': 0.07091190338709638, 'ign_c': 5.13055176058983, 'trop_agb_crit': 8.997007571451054, 'trop_k_veg': 4.030242248006271}.
[I 2026-08-06 10:54:53,105] Trial 638 finished with values: [10.41915561498255, 10.41915561498255] and parameters: {'k1': 0.05778755734457457, 'D_low': 436.4516946807792, 'k2': 0.019894080167856886, 'D_high': 42210.21267871043, 'fire_exp': 1.7329145403564932, 'P_half': 523.1053126909052, 'pre_dampen_half': 63.6685916079943, 'gpp_af': 0.6403036652671171, 'gpp_b': 0.0012213924959062798, 'gpp_d': 757.2868182332339, 'ign_k': 0.01364908766641695, 'ign_c': 0.1948891005130867, 'trop_agb_crit': 6.119263728555865, 'trop_k_veg': 2.520089655463604}.
[I 2026-08-06 10:54:54,215] Trial 639 finished with values: [10.563075581059852, 10.563075581059852] and parameters: {'k1': 0.00488137519160367, 'D_low': 38.82837025280678, 'k2': 0.014344484793173472, 'D_high': 78.57247967427125, 'fire_exp': 1.7329145403564932, 'P_half': 140.74279366401683, 'pre_dampen_half': 331.7366635899375, 'gpp_af': 5.335773317316405, 'gpp_b': 2.176805640408474e-05, 'gpp_d': 229.41380323183625, 'ign_k': 0.019192001101561888, 'ign_c': 3.470490935437501, 'trop_agb_crit': 8.997007571451054, 'trop_k_veg': 2.5878603012249104}.
[I 2026-08-06 10:54:55,281] Trial 640 finished with values: [11.871691015547245, 11.871691015547245] and parameters: {'k1': 0.00488137519160367, 'D_low': 38.82837025280678, 'k2': 8.923807143379776e-05, 'D_high': 42210.21267871043, 'fire_exp': 1.0271184723288342, 'P_half': 221.2683656611821, 'pre_dampen_half': 38.00678588560607, 'gpp_af': 1.6059727222314273, 'gpp_b': 2.176805640408474e-05, 'gpp_d': 574.194366311956, 'ign_k': 0.36014695835220345, 'ign_c': 1.9580595319750387, 'trop_agb_crit': 3.799798565960999, 'trop_k_veg': 7.936472946233041}.
[I 2026-08-06 10:54:56,394] Trial 641 finished with values: [-0.5692067706154427, 0.13519619271278338] and parameters: {'k1': 0.029626010885972713, 'D_low': 38.82837025280678, 'k2': 0.0006591123094840287, 'D_high': 42210.21267871043, 'fire_exp': 1.7329145403564932, 'P_half': 115.44738876452311, 'pre_dampen_half': 38.00678588560607, 'gpp_af': 1.6059727222314273, 'gpp_b': 2.176805640408474e-05, 'gpp_d': 229.41380323183625, 'ign_k': 0.01364908766641695, 'ign_c': 0.1948891005130867, 'trop_agb_crit': 3.799798565960999, 'trop_k_veg': 2.520089655463604}.
