[I 2026-07-22 21:43:46,764] Trial 384 finished with values: [10.724933886673554, 10.724933886673554] and parameters: {'k1': 0.002968335334246999, 'D_low': 102.19595065529477, 'k2': 2.1698375693549493e-05, 'D_high': 107013.64911724928, 'fire_exp': 2.3987174696212126, 'P_half': 136.0956887810302, 'pre_dampen_half': 33.97904243111269, 'gpp_af': 0.0025511964576171086, 'gpp_b': 0.0032930655419269924, 'gpp_d': 9.00460602264307, 'ign_k': 0.03141110271934876, 'ign_c': 4.1108484350212295, 'trop_agb_crit': 15.870971677383487, 'trop_k_veg': 0.9369104721775232, 'fuel_k': 4.680936683972859, 'fuel_half': 38.21129441691226}.
[I 2026-07-22 21:43:47,242] Trial 385 finished with values: [-0.46255854094445903, 0.4753374593539339] and parameters: {'k1': 0.004312951023617458, 'D_low': 9.497440085397416, 'k2': 1.915468390724633e-05, 'D_high': 71534.52030884045, 'fire_exp': 1.024589524149873, 'P_half': 220.3445560633069, 'pre_dampen_half': 502.5175192217655, 'gpp_af': 0.7539992074650282, 'gpp_b': 0.0021331409710300844, 'gpp_d': 16.460426816350534, 'ign_k': 0.06807874826564587, 'ign_c': 15.221840161091619, 'trop_agb_crit': 24.584290528289387, 'trop_k_veg': 1.4584243470991722, 'fuel_k': 4.680936683972859, 'fuel_half': 52.005817291141206}.
[I 2026-07-22 21:43:47,692] Trial 386 finished with values: [10.324481357986315, 10.324481357986315] and parameters: {'k1': 0.003242143344038315, 'D_low': 6220.638781359816, 'k2': 2.1698375693549493e-05, 'D_high': 580966.5602369158, 'fire_exp': 1.7837052043252382, 'P_half': 136.0956887810302, 'pre_dampen_half': 33.97904243111269, 'gpp_af': 0.0025511964576171086, 'gpp_b': 3.228689523591491e-05, 'gpp_d': 9.00460602264307, 'ign_k': 0.03141110271934876, 'ign_c': 0.11650681118986138, 'trop_agb_crit': 15.870971677383487, 'trop_k_veg': 0.9369104721775232, 'fuel_k': 1.312881567992459, 'fuel_half': 15.824830509704693}.
[I 2026-07-22 21:43:48,125] Trial 387 finished with values: [10.769230769178105, 10.769230769178105] and parameters: {'k1': 0.002968335334246999, 'D_low': 102.19595065529477, 'k2': 0.017300724838654365, 'D_high': 107013.64911724928, 'fire_exp': 2.3987174696212126, 'P_half': 1.4378290221680121, 'pre_dampen_half': 0.04548188184581417, 'gpp_af': 0.7539992074650282, 'gpp_b': 0.0005995821881487623, 'gpp_d': 12.151631524283598, 'ign_k': 3.210808548911192, 'ign_c': 72.99613382801451, 'trop_agb_crit': 15.870971677383487, 'trop_k_veg': 1.6340262437673856, 'fuel_k': 3.6992394681929355, 'fuel_half': 18.202647368248815}.
[I 2026-07-22 21:43:48,558] Trial 388 finished with values: [-0.5686543494527903, 0.4503769419713707] and parameters: {'k1': 0.003242143344038315, 'D_low': 13.25142220631392, 'k2': 1.6559474674046002e-05, 'D_high': 1488557.802851245, 'fire_exp': 1.0482996836046896, 'P_half': 10.226988730324324, 'pre_dampen_half': 36.876350096202984, 'gpp_af': 29.925002022877816, 'gpp_b': 2.8457393813758034, 'gpp_d': 373.3014953695604, 'ign_k': 0.018707420137660268, 'ign_c': 6.1609752947414345, 'trop_agb_crit': 6.1198430581046965, 'trop_k_veg': 0.9369104721775232, 'fuel_k': 1.8731335591844647, 'fuel_half': 16.371966573507315}.
[I 2026-07-22 21:43:49,079] Trial 389 finished with values: [-0.4944098568616983, 0.7186304239535306] and parameters: {'k1': 0.0029707920514735983, 'D_low': 13.25142220631392, 'k2': 1.6559474674046002e-05, 'D_high': 1488557.802851245, 'fire_exp': 1.3219590610242518, 'P_half': 13.019246714361572, 'pre_dampen_half': 36.876350096202984, 'gpp_af': 0.015769192447197523, 'gpp_b': 7.402343469704414e-05, 'gpp_d': 302.3127748796295, 'ign_k': 0.018707420137660268, 'ign_c': 6.1609752947414345, 'trop_agb_crit': 15.870971677383487, 'trop_k_veg': 0.9793402026070162, 'fuel_k': 0.08612665817296865, 'fuel_half': 57.882001937752385}.
[I 2026-07-22 21:43:49,542] Trial 390 finished with values: [10.225954539970274, 10.225954539970274] and parameters: {'k1': 5.232779509048979e-05, 'D_low': 102.19595065529477, 'k2': 1.915468390724633e-05, 'D_high': 10377.055497115112, 'fire_exp': 1.0482996836046896, 'P_half': 1.4378290221680121, 'pre_dampen_half': 502.5175192217655, 'gpp_af': 1.1300566419249867, 'gpp_b': 7.402343469704414e-05, 'gpp_d': 16.460426816350534, 'ign_k': 0.06807874826564587, 'ign_c': 11.40086370112731, 'trop_agb_crit': 9.836162684900028, 'trop_k_veg': 1.140286245977296, 'fuel_k': 3.6992394681929355, 'fuel_half': 52.005817291141206}.
[I 2026-07-22 21:43:50,000] Trial 391 finished with values: [10.75140418010737, 10.75140418010737] and parameters: {'k1': 0.003419108473554454, 'D_low': 126.11058927054879, 'k2': 1.127217425995114e-05, 'D_high': 1026.0852623190942, 'fire_exp': 2.4645237762603327, 'P_half': 1.7036120617148391, 'pre_dampen_half': 0.15406948278020088, 'gpp_af': 29.925002022877816, 'gpp_b': 7.402343469704414e-05, 'gpp_d': 700.6693992445935, 'ign_k': 0.03141110271934876, 'ign_c': 2.329535895346768, 'trop_agb_crit': 20.205002815711154, 'trop_k_veg': 0.9793402026070162, 'fuel_k': 0.04572914063536324, 'fuel_half': 2.276766792290519}.
[I 2026-07-22 21:43:50,463] Trial 392 finished with values: [10.685352179766054, 10.685352179766054] and parameters: {'k1': 0.00016480446427978953, 'D_low': 1.6646452049870526, 'k2': 1.915468390724633e-05, 'D_high': 887331.2884015184, 'fire_exp': 1.3219590610242518, 'P_half': 7683.876502998063, 'pre_dampen_half': 347.79988160923324, 'gpp_af': 0.09791370130598968, 'gpp_b': 0.00012118589392553819, 'gpp_d': 16.460426816350534, 'ign_k': 0.06807874826564587, 'ign_c': 11.40086370112731, 'trop_agb_crit': 15.870971677383487, 'trop_k_veg': 0.8258248924958269, 'fuel_k': 0.6137000782082781, 'fuel_half': 3.632486956676605}.
[I 2026-07-22 21:43:50,891] Trial 393 finished with values: [10.501657342825174, 10.501657342825174] and parameters: {'k1': 0.003419108473554454, 'D_low': 102.19595065529477, 'k2': 2.1698375693549493e-05, 'D_high': 708572.1663941594, 'fire_exp': 2.1877314568674895, 'P_half': 220.3445560633069, 'pre_dampen_half': 10.059683154936915, 'gpp_af': 2.114381609520638, 'gpp_b': 0.0005995821881487623, 'gpp_d': 700.6693992445935, 'ign_k': 0.03141110271934876, 'ign_c': 15.221840161091619, 'trop_agb_crit': 24.584290528289387, 'trop_k_veg': 0.9793402026070162, 'fuel_k': 0.08612665817296865, 'fuel_half': 0.253071961271088}.
[I 2026-07-22 21:43:51,329] Trial 394 finished with values: [10.241121083803273, 10.241121083803273] and parameters: {'k1': 0.004312951023617458, 'D_low': 163.4864778201543, 'k2': 1.915468390724633e-05, 'D_high': 1693415.5410667954, 'fire_exp': 1.0341837609578937, 'P_half': 1.4378290221680121, 'pre_dampen_half': 36.876350096202984, 'gpp_af': 1.1300566419249867, 'gpp_b': 3.228689523591491e-05, 'gpp_d': 2.8932721207381635, 'ign_k': 0.018707420137660268, 'ign_c': 0.9748197009262509, 'trop_agb_crit': 9.836162684900028, 'trop_k_veg': 1.140286245977296, 'fuel_k': 3.6992394681929355, 'fuel_half': 38.21129441691226}.
[I 2026-07-22 21:43:51,756] Trial 395 finished with values: [10.013438893212584, 10.013438893212584] and parameters: {'k1': 0.052334804885400876, 'D_low': 1.6646452049870526, 'k2': 2.1698375693549493e-05, 'D_high': 580966.5602369158, 'fire_exp': 1.161749421319469, 'P_half': 136.0956887810302, 'pre_dampen_half': 33.97904243111269, 'gpp_af': 0.0025511964576171086, 'gpp_b': 3.228689523591491e-05, 'gpp_d': 225.8132942030758, 'ign_k': 0.006039096247545781, 'ign_c': 0.11650681118986138, 'trop_agb_crit': 3.5522713231614182, 'trop_k_veg': 1.6340262437673856, 'fuel_k': 1.312881567992459, 'fuel_half': 42.6871254378718}.
[I 2026-07-22 21:43:52,203] Trial 396 finished with values: [10.076890087222052, 10.076890087222052] and parameters: {'k1': 6.693990428538841e-05, 'D_low': 2.8627614274446977, 'k2': 1.915468390724633e-05, 'D_high': 887331.2884015184, 'fire_exp': 2.4645237762603327, 'P_half': 60.42560675552672, 'pre_dampen_half': 10.059683154936915, 'gpp_af': 0.03924302839842014, 'gpp_b': 6.0327793441162e-05, 'gpp_d': 373.3014953695604, 'ign_k': 1.07907786430243, 'ign_c': 6.1609752947414345, 'trop_agb_crit': 24.584290528289387, 'trop_k_veg': 0.8966698264662736, 'fuel_k': 0.48736180483849406, 'fuel_half': 16.371966573507315}.
[I 2026-07-22 21:43:52,653] Trial 397 finished with values: [10.4947334171404, 10.4947334171404] and parameters: {'k1': 0.003419108473554454, 'D_low': 1768.4772284586304, 'k2': 0.002342238625792905, 'D_high': 708572.1663941594, 'fire_exp': 2.4645237762603327, 'P_half': 10.226988730324324, 'pre_dampen_half': 26.373339933815235, 'gpp_af': 29.925002022877816, 'gpp_b': 0.0005995821881487623, 'gpp_d': 2.8006820077310226, 'ign_k': 0.03141110271934876, 'ign_c': 11.462237838612072, 'trop_agb_crit': 20.205002815711154, 'trop_k_veg': 0.9793402026070162, 'fuel_k': 0.08612665817296865, 'fuel_half': 0.32476735706274484}.
[I 2026-07-22 21:43:53,085] Trial 398 finished with values: [10.295032810357606, 10.295032810357606] and parameters: {'k1': 0.003419108473554454, 'D_low': 143.02113373766244, 'k2': 2.1698375693549493e-05, 'D_high': 8433503.858791472, 'fire_exp': 2.4645237762603327, 'P_half': 1.4378290221680121, 'pre_dampen_half': 228.6744476401009, 'gpp_af': 1.1300566419249867, 'gpp_b': 0.03611645441147494, 'gpp_d': 6.91394869865762, 'ign_k': 0.03141110271934876, 'ign_c': 3.0378658251922155, 'trop_agb_crit': 15.870971677383487, 'trop_k_veg': 1.140286245977296, 'fuel_k': 3.6992394681929355, 'fuel_half': 18.202647368248815}.
[I 2026-07-22 21:43:53,511] Trial 399 finished with values: [-0.6437027343393251, 0.8238996143448293] and parameters: {'k1': 0.004312951023617458, 'D_low': 9.497440085397416, 'k2': 4.509158385973329e-05, 'D_high': 580966.5602369158, 'fire_exp': 1.024589524149873, 'P_half': 10.226988730324324, 'pre_dampen_half': 502.5175192217655, 'gpp_af': 0.7539992074650282, 'gpp_b': 0.0032930655419269924, 'gpp_d': 12.151631524283598, 'ign_k': 0.018707420137660268, 'ign_c': 4.1108484350212295, 'trop_agb_crit': 1.1195539271968775, 'trop_k_veg': 0.9793402026070162, 'fuel_k': 4.680936683972859, 'fuel_half': 42.6871254378718}.
[I 2026-07-22 21:43:53,937] Trial 400 finished with values: [10.337777404429369, 10.337777404429369] and parameters: {'k1': 0.00016480446427978953, 'D_low': 24520.940895977496, 'k2': 1.915468390724633e-05, 'D_high': 887331.2884015184, 'fire_exp': 1.0482996836046896, 'P_half': 13.019246714361572, 'pre_dampen_half': 502.5175192217655, 'gpp_af': 0.7539992074650282, 'gpp_b': 7.402343469704414e-05, 'gpp_d': 857.4284557962626, 'ign_k': 8.761971101023699, 'ign_c': 15.221840161091619, 'trop_agb_crit': 2.171140223187998, 'trop_k_veg': 1.4584243470991722, 'fuel_k': 4.680936683972859, 'fuel_half': 52.005817291141206}.
[I 2026-07-22 21:43:54,389] Trial 401 finished with values: [-0.23044203463407026, 0.8155852946868964] and parameters: {'k1': 0.0003667128654092894, 'D_low': 13.25142220631392, 'k2': 1.6559474674046002e-05, 'D_high': 1488557.802851245, 'fire_exp': 1.0862503061991866, 'P_half': 220.3445560633069, 'pre_dampen_half': 26.373339933815235, 'gpp_af': 70.3172069106713, 'gpp_b': 0.0005995821881487623, 'gpp_d': 857.4284557962626, 'ign_k': 0.01077788960207927, 'ign_c': 6.1609752947414345, 'trop_agb_crit': 15.870971677383487, 'trop_k_veg': 0.5695379443977426, 'fuel_k': 0.028970790717327534, 'fuel_half': 3.632486956676605}.
[I 2026-07-22 21:43:54,836] Trial 402 finished with values: [10.081264786464075, 10.081264786464075] and parameters: {'k1': 0.002968335334246999, 'D_low': 102.19595065529477, 'k2': 0.004373100990516265, 'D_high': 107013.64911724928, 'fire_exp': 2.3987174696212126, 'P_half': 48.464976792190825, 'pre_dampen_half': 19.21689966904806, 'gpp_af': 0.7539992074650282, 'gpp_b': 0.0005995821881487623, 'gpp_d': 857.4284557962626, 'ign_k': 3.210808548911192, 'ign_c': 8.405439129313676, 'trop_agb_crit': 15.870971677383487, 'trop_k_veg': 2.42764713875812, 'fuel_k': 1.312881567992459, 'fuel_half': 3.632486956676605}.
[I 2026-07-22 21:43:55,300] Trial 403 finished with values: [10.036007304567494, 10.036007304567494] and parameters: {'k1': 0.00023352156626184448, 'D_low': 89.35942907009701, 'k2': 0.012413450098922581, 'D_high': 71534.52030884045, 'fire_exp': 1.2120759485719061, 'P_half': 38.82837025280678, 'pre_dampen_half': 347.79988160923324, 'gpp_af': 0.7539992074650282, 'gpp_b': 0.0032930655419269924, 'gpp_d': 397.44595568350155, 'ign_k': 0.003338063875587391, 'ign_c': 2.329535895346768, 'trop_agb_crit': 9.836162684900028, 'trop_k_veg': 4.130963924640279, 'fuel_k': 0.04572914063536324, 'fuel_half': 52.005817291141206}.
[I 2026-07-22 21:43:55,751] Trial 404 finished with values: [10.507908286439097, 10.507908286439097] and parameters: {'k1': 0.07573282902008706, 'D_low': 247.75146043208053, 'k2': 0.015109086063191909, 'D_high': 887331.2884015184, 'fire_exp': 1.024589524149873, 'P_half': 65.33684593224972, 'pre_dampen_half': 0.15144408538724474, 'gpp_af': 0.049802479194577566, 'gpp_b': 0.00012118589392553819, 'gpp_d': 16.460426816350534, 'ign_k': 0.006290644294586149, 'ign_c': 15.221840161091619, 'trop_agb_crit': 6.1198430581046965, 'trop_k_veg': 0.5695379443977426, 'fuel_k': 0.08612665817296865, 'fuel_half': 0.32476735706274484}.
  trial  405/1500  pareto_size=2  best_taylor=0.7828  best_ilamb=0.6071  (3.0 min)
[I 2026-07-22 21:43:56,315] Trial 405 finished with values: [-0.613257592576438, 0.46811665271096603] and parameters: {'k1': 0.002968335334246999, 'D_low': 2.8627614274446977, 'k2': 0.017300724838654365, 'D_high': 107013.64911724928, 'fire_exp': 2.3987174696212126, 'P_half': 220.3445560633069, 'pre_dampen_half': 269.0845367054863, 'gpp_af': 1.1300566419249867, 'gpp_b': 0.0005995821881487623, 'gpp_d': 12.151631524283598, 'ign_k': 3.210808548911192, 'ign_c': 0.19678273362633986, 'trop_agb_crit': 1.7813653882411722, 'trop_k_veg': 1.140286245977296, 'fuel_k': 4.680936683972859, 'fuel_half': 18.202647368248815}.
[I 2026-07-22 21:43:56,801] Trial 406 finished with values: [-0.3706210982496931, 0.6884158784029006] and parameters: {'k1': 0.00023352156626184448, 'D_low': 247.75146043208053, 'k2': 0.017300724838654365, 'D_high': 107013.64911724928, 'fire_exp': 1.024589524149873, 'P_half': 119.9763911113096, 'pre_dampen_half': 269.0845367054863, 'gpp_af': 0.7539992074650282, 'gpp_b': 0.00012118589392553819, 'gpp_d': 4.576857873108685, 'ign_k': 0.006290644294586149, 'ign_c': 6.1609752947414345, 'trop_agb_crit': 19.28597237496244, 'trop_k_veg': 1.140286245977296, 'fuel_k': 0.08612665817296865, 'fuel_half': 0.32476735706274484}.
[I 2026-07-22 21:43:57,272] Trial 407 finished with values: [-0.3766530449440563, 0.6194189712798741] and parameters: {'k1': 0.004312951023617458, 'D_low': 9.497440085397416, 'k2': 0.015109086063191909, 'D_high': 71534.52030884045, 'fire_exp': 1.0341837609578937, 'P_half': 220.3445560633069, 'pre_dampen_half': 347.79988160923324, 'gpp_af': 1.1300566419249867, 'gpp_b': 0.00011277885258222645, 'gpp_d': 4.576857873108685, 'ign_k': 0.04732407125181112, 'ign_c': 4.1108484350212295, 'trop_agb_crit': 1.1195539271968775, 'trop_k_veg': 0.5695379443977426, 'fuel_k': 4.680936683972859, 'fuel_half': 16.371966573507315}.
[I 2026-07-22 21:43:57,746] Trial 408 finished with values: [-0.46094409659249036, 0.7220791539043103] and parameters: {'k1': 0.00016480446427978953, 'D_low': 13.25142220631392, 'k2': 1.6559474674046002e-05, 'D_high': 708572.1663941594, 'fire_exp': 1.3219590610242518, 'P_half': 48.464976792190825, 'pre_dampen_half': 347.79988160923324, 'gpp_af': 0.09791370130598968, 'gpp_b': 0.00012118589392553819, 'gpp_d': 8.057329182285729, 'ign_k': 0.0013726318898045872, 'ign_c': 11.40086370112731, 'trop_agb_crit': 15.870971677383487, 'trop_k_veg': 0.5772603928610088, 'fuel_k': 0.6137000782082781, 'fuel_half': 0.32476735706274484}.
[I 2026-07-22 21:43:58,239] Trial 409 finished with values: [10.63776785403223, 10.63776785403223] and parameters: {'k1': 0.00016480446427978953, 'D_low': 102.19595065529477, 'k2': 0.002342238625792905, 'D_high': 887331.2884015184, 'fire_exp': 2.3987174696212126, 'P_half': 10.226988730324324, 'pre_dampen_half': 347.79988160923324, 'gpp_af': 29.925002022877816, 'gpp_b': 0.0032930655419269924, 'gpp_d': 0.3619181297408274, 'ign_k': 0.006290644294586149, 'ign_c': 4.1108484350212295, 'trop_agb_crit': 19.28597237496244, 'trop_k_veg': 2.42764713875812, 'fuel_k': 4.680936683972859, 'fuel_half': 0.13249100882689224}.
[I 2026-07-22 21:43:58,674] Trial 410 finished with values: [10.075421788929145, 10.075421788929145] and parameters: {'k1': 0.002968335334246999, 'D_low': 102.19595065529477, 'k2': 0.0034207303670092245, 'D_high': 107013.64911724928, 'fire_exp': 2.3987174696212126, 'P_half': 136.0956887810302, 'pre_dampen_half': 33.97904243111269, 'gpp_af': 0.7539992074650282, 'gpp_b': 0.0005392415140872105, 'gpp_d': 12.151631524283598, 'ign_k': 3.210808548911192, 'ign_c': 4.1108484350212295, 'trop_agb_crit': 3.5522713231614182, 'trop_k_veg': 1.6340262437673856, 'fuel_k': 1.312881567992459, 'fuel_half': 0.33988503110784557}.
[I 2026-07-22 21:43:59,131] Trial 411 finished with values: [11.459676125486098, 11.459676125486098] and parameters: {'k1': 0.00016480446427978953, 'D_low': 163.4864778201543, 'k2': 0.0001971137615017176, 'D_high': 580966.5602369158, 'fire_exp': 1.0341837609578937, 'P_half': 10.226988730324324, 'pre_dampen_half': 347.79988160923324, 'gpp_af': 0.06789053271698488, 'gpp_b': 1.7565109007473816e-05, 'gpp_d': 0.4841900740994021, 'ign_k': 3.210808548911192, 'ign_c': 8.405439129313676, 'trop_agb_crit': 29.789943908227905, 'trop_k_veg': 3.028464701337094, 'fuel_k': 3.6992394681929355, 'fuel_half': 42.6871254378718}.
[I 2026-07-22 21:43:59,585] Trial 412 finished with values: [-0.24808747558687888, 0.8350410708027383] and parameters: {'k1': 6.693990428538841e-05, 'D_low': 2.8627614274446977, 'k2': 0.020679187143488792, 'D_high': 145242.37928628005, 'fire_exp': 1.0341837609578937, 'P_half': 2.458603276328005, 'pre_dampen_half': 26.373339933815235, 'gpp_af': 1.1300566419249867, 'gpp_b': 6.0327793441162e-05, 'gpp_d': 373.3014953695604, 'ign_k': 0.006290644294586149, 'ign_c': 8.405439129313676, 'trop_agb_crit': 6.1198430581046965, 'trop_k_veg': 0.5695379443977426, 'fuel_k': 0.028970790717327534, 'fuel_half': 16.371966573507315}.
[I 2026-07-22 21:44:00,019] Trial 413 finished with values: [10.4623939429041, 10.4623939429041] and parameters: {'k1': 0.00013783578294796384, 'D_low': 13.25142220631392, 'k2': 1.6559474674046002e-05, 'D_high': 3848.7982105145707, 'fire_exp': 1.0482996836046896, 'P_half': 13.019246714361572, 'pre_dampen_half': 26.373339933815235, 'gpp_af': 0.017521503225602402, 'gpp_b': 7.402343469704414e-05, 'gpp_d': 857.4284557962626, 'ign_k': 0.024287565087611766, 'ign_c': 29.415751391396558, 'trop_agb_crit': 15.870971677383487, 'trop_k_veg': 3.5482529660381696, 'fuel_k': 0.08612665817296865, 'fuel_half': 57.882001937752385}.
[I 2026-07-22 21:44:00,539] Trial 414 finished with values: [-0.5633581958037575, 0.9138165929312948] and parameters: {'k1': 0.002971796631657383, 'D_low': 163.4864778201543, 'k2': 2.1698375693549493e-05, 'D_high': 1693415.5410667954, 'fire_exp': 2.4645237762603327, 'P_half': 10.226988730324324, 'pre_dampen_half': 10.059683154936915, 'gpp_af': 0.03924302839842014, 'gpp_b': 3.228689523591491e-05, 'gpp_d': 302.3127748796295, 'ign_k': 1.07907786430243, 'ign_c': 6.1609752947414345, 'trop_agb_crit': 2.539877620672643, 'trop_k_veg': 0.9793402026070162, 'fuel_k': 0.029111707920759254, 'fuel_half': 16.371966573507315}.
[I 2026-07-22 21:44:01,043] Trial 415 finished with values: [10.386406233147564, 10.386406233147564] and parameters: {'k1': 0.00016480446427978953, 'D_low': 102.19595065529477, 'k2': 1.6559474674046002e-05, 'D_high': 145242.37928628005, 'fire_exp': 1.0482996836046896, 'P_half': 2.458603276328005, 'pre_dampen_half': 26.373339933815235, 'gpp_af': 1.1300566419249867, 'gpp_b': 7.402343469704414e-05, 'gpp_d': 0.06888046676681166, 'ign_k': 0.024287565087611766, 'ign_c': 0.9294394155644988, 'trop_agb_crit': 15.870971677383487, 'trop_k_veg': 0.5695379443977426, 'fuel_k': 0.08612665817296865, 'fuel_half': 16.371966573507315}.
[I 2026-07-22 21:44:01,500] Trial 416 finished with values: [-0.5622983773401167, 0.6667390885364302] and parameters: {'k1': 0.00013783578294796384, 'D_low': 1.6646452049870526, 'k2': 2.1698375693549493e-05, 'D_high': 580966.5602369158, 'fire_exp': 1.0341837609578937, 'P_half': 13.019246714361572, 'pre_dampen_half': 33.97904243111269, 'gpp_af': 0.008983355849178878, 'gpp_b': 0.00012118589392553819, 'gpp_d': 302.3127748796295, 'ign_k': 0.018707420137660268, 'ign_c': 6.1609752947414345, 'trop_agb_crit': 9.836162684900028, 'trop_k_veg': 0.9793402026070162, 'fuel_k': 0.04572914063536324, 'fuel_half': 1.3547291924247347}.
[I 2026-07-22 21:44:01,930] Trial 417 finished with values: [-0.4277270311674213, 0.969204092939894] and parameters: {'k1': 0.003242143344038315, 'D_low': 102.19595065529477, 'k2': 7.67074891445376e-05, 'D_high': 887331.2884015184, 'fire_exp': 1.0341837609578937, 'P_half': 10.226988730324324, 'pre_dampen_half': 12.389588752305043, 'gpp_af': 29.925002022877816, 'gpp_b': 0.0054502936945582505, 'gpp_d': 16.460426816350534, 'ign_k': 0.06807874826564587, 'ign_c': 11.40086370112731, 'trop_agb_crit': 24.584290528289387, 'trop_k_veg': 0.9793402026070162, 'fuel_k': 0.028970790717327534, 'fuel_half': 16.371966573507315}.
[I 2026-07-22 21:44:02,405] Trial 418 finished with values: [10.667412255562132, 10.667412255562132] and parameters: {'k1': 0.00023352156626184448, 'D_low': 9.497440085397416, 'k2': 1.127217425995114e-05, 'D_high': 10377.055497115112, 'fire_exp': 1.0482996836046896, 'P_half': 13.019246714361572, 'pre_dampen_half': 502.5175192217655, 'gpp_af': 0.7539992074650282, 'gpp_b': 0.00012118589392553819, 'gpp_d': 0.015253065480601964, 'ign_k': 0.0026834162496848666, 'ign_c': 15.221840161091619, 'trop_agb_crit': 12.285102065067687, 'trop_k_veg': 1.140286245977296, 'fuel_k': 4.680936683972859, 'fuel_half': 15.298506868937444}.
