[I 2026-08-19 15:27:54,858] Trial 1101 finished with value: -0.5371202467856893 and parameters: {'k1': 0.00013648029547897453, 'D_low': 625.9716304897224, 'k2': 0.0015562370745792798, 'D_high': 2461395.401701507, 'fire_exp': 1.0335430582425915, 'P_half': 6.641289023610383, 'pre_dampen_half': 1.9397844728457831, 'gpp_af': 0.0067239019093028995, 'gpp_b': 0.002045774130380581, 'gpp_d': 13.463382890248944, 'ign_k': 0.25892686607432136, 'ign_c': 2.5966210452908025, 'trop_agb_crit': 6.575047001308119, 'trop_k_veg': 1.6128029274937166, 'pop_amp': 0.07932705805109873, 'pop_peak': 197.85382247254554, 'pop_sig': 0.30520381941987856, 'fuel_k': 2.413376907313201, 'fuel_half': 0.12009900339582824}. Best is trial 421 with value: -0.6216386034937503.
[I 2026-08-19 15:27:59,093] Trial 1102 finished with value: -0.6068449195901167 and parameters: {'k1': 0.0004347031351126921, 'D_low': 29.527020515311573, 'k2': 0.0015454982515243942, 'D_high': 7448468.388311657, 'fire_exp': 2.179241938670451, 'P_half': 4.215329443098227, 'pre_dampen_half': 0.9683087052731119, 'gpp_af': 0.022793652547885422, 'gpp_b': 5.961575556826517e-05, 'gpp_d': 0.7553472664396983, 'ign_k': 0.12976286546682705, 'ign_c': 1.4805743913343907, 'trop_agb_crit': 11.381715671405528, 'trop_k_veg': 2.9814417666409985, 'pop_amp': 0.03648036523091326, 'pop_peak': 4.263579945845359, 'pop_sig': 0.49869425857094957, 'fuel_k': 1.5457403531958438, 'fuel_half': 0.12107138842778557}. Best is trial 421 with value: -0.6216386034937503.
[I 2026-08-19 15:28:04,113] Trial 1103 finished with value: -0.4227878586098148 and parameters: {'k1': 0.00032577177525075447, 'D_low': 1.2796091204617845, 'k2': 3.6465185887674744e-05, 'D_high': 735457.4801960503, 'fire_exp': 1.3701250302100287, 'P_half': 9.925430507104284, 'pre_dampen_half': 1.4415510308827781, 'gpp_af': 0.0026520933562226468, 'gpp_b': 0.000122544110944723, 'gpp_d': 715.7847076499687, 'ign_k': 0.006024238525275917, 'ign_c': 426.8788410023339, 'trop_agb_crit': 22.954272562379188, 'trop_k_veg': 3.2798795778424443, 'pop_amp': 0.2282317980706536, 'pop_peak': 828.9969841537944, 'pop_sig': 0.4045256492170229, 'fuel_k': 2.188900808984473, 'fuel_half': 3.7893950129856426}. Best is trial 421 with value: -0.6216386034937503.
  trial 1104/2500  best_overall=0.6216  (64.0 min)
[I 2026-08-19 15:28:12,502] Trial 1104 finished with value: -0.5173731129128082 and parameters: {'k1': 0.018676989081180425, 'D_low': 14.498617963397923, 'k2': 1.7941770277333775e-05, 'D_high': 6203711.2980747055, 'fire_exp': 8.27688566409034, 'P_half': 13.9823027264418, 'pre_dampen_half': 0.17386478515325565, 'gpp_af': 0.0016601778862533972, 'gpp_b': 1.9087403755947474e-05, 'gpp_d': 3.4788637366104522, 'ign_k': 1.5511397253396098, 'ign_c': 24.773509494039924, 'trop_agb_crit': 24.012744890728058, 'trop_k_veg': 1.881159767879594, 'pop_amp': 14.081050082759097, 'pop_peak': 18.428412298980064, 'pop_sig': 0.4744441578474858, 'fuel_k': 0.311537304866325, 'fuel_half': 0.8159518125310368}. Best is trial 421 with value: -0.6216386034937503.
[I 2026-08-19 15:28:19,734] Trial 1105 finished with value: -0.5164329515892805 and parameters: {'k1': 0.0005303561985775224, 'D_low': 1437.6435805524395, 'k2': 2.6370436103613715e-05, 'D_high': 4403218.640426881, 'fire_exp': 1.3889895987572125, 'P_half': 289.4836646313281, 'pre_dampen_half': 0.30970837398666434, 'gpp_af': 0.006997439937192364, 'gpp_b': 0.00019005408482794005, 'gpp_d': 0.055865924745500055, 'ign_k': 7.39092308941309, 'ign_c': 1.6152536023013992, 'trop_agb_crit': 21.019815770376038, 'trop_k_veg': 2.3633917286118975, 'pop_amp': 0.10996507978577283, 'pop_peak': 1.6822513653919116, 'pop_sig': 1.732350487207892, 'fuel_k': 1.1367641911725372, 'fuel_half': 1.4375690161607433}. Best is trial 421 with value: -0.6216386034937503.
[I 2026-08-19 15:28:25,384] Trial 1106 finished with value: -0.5181843456951898 and parameters: {'k1': 9.852903571073262e-05, 'D_low': 10.467751736185134, 'k2': 0.02414374918898577, 'D_high': 1091788.4363346181, 'fire_exp': 1.0772362282567804, 'P_half': 24.17994633770401, 'pre_dampen_half': 0.381771599066706, 'gpp_af': 0.12805997125039198, 'gpp_b': 1.3313118837844943e-05, 'gpp_d': 10.535899495736674, 'ign_k': 0.0034383803095486823, 'ign_c': 6.021760867510716, 'trop_agb_crit': 12.243592790323527, 'trop_k_veg': 3.9072243891911036, 'pop_amp': 0.03179774706034018, 'pop_peak': 0.33769399840038794, 'pop_sig': 1.473115327935501, 'fuel_k': 3.209896733742374, 'fuel_half': 3.608198264127135}. Best is trial 421 with value: -0.6216386034937503.
  trial 1107/2500  best_overall=0.6216  (64.4 min)
[I 2026-08-19 15:28:32,646] Trial 1107 finished with value: -0.433923973617335 and parameters: {'k1': 0.00021545264752575617, 'D_low': 5.693813998921468, 'k2': 8.952047870770952e-05, 'D_high': 159224.20576611164, 'fire_exp': 6.581852003200341, 'P_half': 491.70552209215236, 'pre_dampen_half': 41.10331623415139, 'gpp_af': 0.002418093776704436, 'gpp_b': 1.1030532441661894e-05, 'gpp_d': 4.543171132065644, 'ign_k': 1.2497849454025236, 'ign_c': 0.2293298358566277, 'trop_agb_crit': 24.995471656492477, 'trop_k_veg': 5.0703623634644925, 'pop_amp': 1.028873246859457, 'pop_peak': 6.54788615957816, 'pop_sig': 1.9827095079390025, 'fuel_k': 0.6077269387668329, 'fuel_half': 1.4333162133648258}. Best is trial 421 with value: -0.6216386034937503.
[I 2026-08-19 15:28:38,838] Trial 1108 finished with value: -0.4245057532836395 and parameters: {'k1': 0.017971436767206663, 'D_low': 64.41699832805769, 'k2': 4.499566478666817e-05, 'D_high': 2043383.7526980583, 'fire_exp': 2.5993660297945094, 'P_half': 44.75111504314868, 'pre_dampen_half': 12.662390131307843, 'gpp_af': 0.02238329247890015, 'gpp_b': 0.00040891351893813146, 'gpp_d': 4.767487872302804, 'ign_k': 0.2740331949142245, 'ign_c': 0.4595395349849563, 'trop_agb_crit': 27.06270515668375, 'trop_k_veg': 4.746094797501306, 'pop_amp': 2.5325341958163174, 'pop_peak': 3.8615012141258966, 'pop_sig': 1.9043245265721158, 'fuel_k': 0.019529164401090208, 'fuel_half': 0.9255930236973577}. Best is trial 421 with value: -0.6216386034937503.
[I 2026-08-19 15:28:49,498] Trial 1109 finished with value: -0.574641115638473 and parameters: {'k1': 0.0006562795274465114, 'D_low': 5.85006493703038, 'k2': 0.0005474572702674904, 'D_high': 7353651.393633829, 'fire_exp': 2.4395007503107915, 'P_half': 7.501106497223754, 'pre_dampen_half': 3.25629883571952, 'gpp_af': 0.1735764754858831, 'gpp_b': 0.0008685734535075727, 'gpp_d': 1.8742125031493304, 'ign_k': 0.7933901833085956, 'ign_c': 0.1794267975083845, 'trop_agb_crit': 12.698785785351975, 'trop_k_veg': 4.0719668759609835, 'pop_amp': 0.016267801129766963, 'pop_peak': 2.027001715453243, 'pop_sig': 0.7088089645900677, 'fuel_k': 2.7065084845455365, 'fuel_half': 0.5016097698020451}. Best is trial 421 with value: -0.6216386034937503.
  trial 1110/2500  best_overall=0.6216  (64.8 min)
[I 2026-08-19 15:28:56,593] Trial 1110 finished with value: -0.5207355798012971 and parameters: {'k1': 0.000117171548850184, 'D_low': 46.49839332258714, 'k2': 0.0010381455624977525, 'D_high': 3242300.832755337, 'fire_exp': 1.0006109453112761, 'P_half': 2.4652451762693905, 'pre_dampen_half': 0.1700577797375731, 'gpp_af': 0.06189829649972491, 'gpp_b': 0.00440308347804421, 'gpp_d': 1.5580529613631204, 'ign_k': 0.019618084911634633, 'ign_c': 2.2949596185739582, 'trop_agb_crit': 5.267858996562229, 'trop_k_veg': 2.857471334546433, 'pop_amp': 0.15199733331687743, 'pop_peak': 11.899211573366596, 'pop_sig': 0.7054932989283523, 'fuel_k': 1.1554931699881776, 'fuel_half': 0.356040416806703}. Best is trial 421 with value: -0.6216386034937503.
[I 2026-08-19 15:29:01,567] Trial 1111 finished with value: -0.49748600986075237 and parameters: {'k1': 0.004509334049187929, 'D_low': 3513.4906451616926, 'k2': 8.522575462288738e-05, 'D_high': 236753.15951118697, 'fire_exp': 4.821832587506982, 'P_half': 3.1040140146786337, 'pre_dampen_half': 72.6146367398405, 'gpp_af': 0.002027310482225194, 'gpp_b': 2.797457182472258e-05, 'gpp_d': 0.10370247213083193, 'ign_k': 0.12024184556405973, 'ign_c': 14.421414872133239, 'trop_agb_crit': 3.380181779301555, 'trop_k_veg': 4.585527996646521, 'pop_amp': 0.1721635248450112, 'pop_peak': 6.238245880708499, 'pop_sig': 1.0507731857020701, 'fuel_k': 0.45368057439988535, 'fuel_half': 18.031932228431003}. Best is trial 421 with value: -0.6216386034937503.
[I 2026-08-19 15:29:05,938] Trial 1112 finished with value: -0.5425231964850361 and parameters: {'k1': 0.0005696049358796397, 'D_low': 294.24936915388855, 'k2': 0.000659067782424091, 'D_high': 53322.013370045584, 'fire_exp': 2.9900941164069903, 'P_half': 1.7128419335152472, 'pre_dampen_half': 0.8734232721782823, 'gpp_af': 0.03304182960268762, 'gpp_b': 2.4299422356503967e-05, 'gpp_d': 15.408661157400987, 'ign_k': 1.0827689803987175, 'ign_c': 9.555954822336613, 'trop_agb_crit': 19.34062118780801, 'trop_k_veg': 3.2890711611898378, 'pop_amp': 0.01660025512779161, 'pop_peak': 3.4749552721461403, 'pop_sig': 0.5832954468260462, 'fuel_k': 5.381285497961461, 'fuel_half': 0.24720085499045563}. Best is trial 421 with value: -0.6216386034937503.
[I 2026-08-19 15:29:10,256] Trial 1113 finished with value: -0.42870614126041673 and parameters: {'k1': 0.0015768987919463793, 'D_low': 10.842474269260755, 'k2': 0.00023683174263173254, 'D_high': 66629.48006617685, 'fire_exp': 5.94180801648268, 'P_half': 50.862672757051236, 'pre_dampen_half': 1.0518289689076037, 'gpp_af': 0.012045151286591047, 'gpp_b': 1.3359793114140174e-05, 'gpp_d': 14.889468627069778, 'ign_k': 0.05294704127542885, 'ign_c': 1.0890807909165616, 'trop_agb_crit': 10.000738787846915, 'trop_k_veg': 2.9968444649507204, 'pop_amp': 1.2409274070235479, 'pop_peak': 12.226602974056949, 'pop_sig': 0.5858228702678737, 'fuel_k': 0.3232559347517264, 'fuel_half': 0.33803463445473286}. Best is trial 421 with value: -0.6216386034937503.
[I 2026-08-19 15:29:15,466] Trial 1114 finished with value: -0.4807738186508546 and parameters: {'k1': 1.4327516106573723e-05, 'D_low': 3377.4183266646187, 'k2': 1.2434354629493424e-05, 'D_high': 28904.257817062753, 'fire_exp': 1.079535774607252, 'P_half': 24.97282313979748, 'pre_dampen_half': 0.05060725839342624, 'gpp_af': 0.0014244289529096604, 'gpp_b': 4.5574560379636656e-05, 'gpp_d': 0.107203592936642, 'ign_k': 5.294133851615772, 'ign_c': 3.8257776707375313, 'trop_agb_crit': 10.905114342101877, 'trop_k_veg': 0.6100985958297839, 'pop_amp': 2.313661025198921, 'pop_peak': 6.568693391687282, 'pop_sig': 2.4590778684159607, 'fuel_k': 0.5815492116816428, 'fuel_half': 1.2242807777824216}. Best is trial 421 with value: -0.6216386034937503.
  trial 1115/2500  best_overall=0.6216  (65.2 min)
[I 2026-08-19 15:29:20,904] Trial 1115 finished with value: -0.391823225643985 and parameters: {'k1': 4.682046344801499e-05, 'D_low': 212.68758462973645, 'k2': 0.003779504423977009, 'D_high': 639751.8323348054, 'fire_exp': 2.789609539629453, 'P_half': 19.357080038432052, 'pre_dampen_half': 46.67723635548686, 'gpp_af': 0.40387671047028084, 'gpp_b': 9.447851139019805e-05, 'gpp_d': 0.018055410668808145, 'ign_k': 0.0278198544777531, 'ign_c': 5.32548866690847, 'trop_agb_crit': 19.905142818884528, 'trop_k_veg': 3.2716969800209195, 'pop_amp': 0.007578786017231617, 'pop_peak': 21.08514809491299, 'pop_sig': 1.0017106884533704, 'fuel_k': 3.9370560480332615, 'fuel_half': 0.6093289264142769}. Best is trial 421 with value: -0.6216386034937503.
[I 2026-08-19 15:29:26,226] Trial 1116 finished with value: -0.4287361171960134 and parameters: {'k1': 8.555338980711841e-05, 'D_low': 1.8653679882450493, 'k2': 0.00010751325737682074, 'D_high': 8554221.701686488, 'fire_exp': 5.385512166003302, 'P_half': 2.7257758504876293, 'pre_dampen_half': 0.2381876399079846, 'gpp_af': 0.011056295003035633, 'gpp_b': 4.1901296825165816e-05, 'gpp_d': 0.1496640862293964, 'ign_k': 0.05240469113946008, 'ign_c': 4.087912913511138, 'trop_agb_crit': 21.03652172982817, 'trop_k_veg': 4.940753074136071, 'pop_amp': 0.0554094349431837, 'pop_peak': 87.74623918829607, 'pop_sig': 0.5227017664542756, 'fuel_k': 2.1858639320806366, 'fuel_half': 0.21150927345034903}. Best is trial 421 with value: -0.6216386034937503.
[I 2026-08-19 15:29:32,564] Trial 1117 finished with value: -0.35227962677706404 and parameters: {'k1': 0.001064288103787452, 'D_low': 60.284170594533414, 'k2': 0.006727590020764131, 'D_high': 798749.1925739046, 'fire_exp': 1.11863948025042, 'P_half': 1173.1684643919239, 'pre_dampen_half': 2.1782724706695054, 'gpp_af': 0.14944002847342397, 'gpp_b': 0.003312503090703554, 'gpp_d': 1.110258817971738, 'ign_k': 3.4720358071699593, 'ign_c': 36.543122746166695, 'trop_agb_crit': 28.779763403705374, 'trop_k_veg': 3.2490857242031, 'pop_amp': 0.0011220508206155812, 'pop_peak': 18.091214994554758, 'pop_sig': 0.42040430603380186, 'fuel_k': 3.9685915681775, 'fuel_half': 14.1064721793518}. Best is trial 421 with value: -0.6216386034937503.
[I 2026-08-19 15:29:37,585] Trial 1118 finished with value: -0.5879889350952617 and parameters: {'k1': 0.0010367354053586984, 'D_low': 588.7101225832016, 'k2': 0.0006745257531811702, 'D_high': 5433629.246723852, 'fire_exp': 4.917553220180814, 'P_half': 1.152148008438679, 'pre_dampen_half': 1.2756180616775128, 'gpp_af': 0.08882947898525599, 'gpp_b': 4.668056397118491e-05, 'gpp_d': 6.911982263679413, 'ign_k': 1.1931656997970543, 'ign_c': 0.6044188236927793, 'trop_agb_crit': 5.8406943361471555, 'trop_k_veg': 2.869222766269937, 'pop_amp': 0.09458899798055367, 'pop_peak': 6.869094286339644, 'pop_sig': 0.5949967338450268, 'fuel_k': 1.0881844421719353, 'fuel_half': 0.10443222697080029}. Best is trial 421 with value: -0.6216386034937503.
  trial 1119/2500  best_overall=0.6216  (65.6 min)
[I 2026-08-19 15:29:43,865] Trial 1119 finished with value: -0.5673085127496447 and parameters: {'k1': 0.012332764449064131, 'D_low': 521.1634185315191, 'k2': 0.000186148787402116, 'D_high': 9935601.144498045, 'fire_exp': 3.6492609237293063, 'P_half': 56.96067091903364, 'pre_dampen_half': 27.366824074057327, 'gpp_af': 0.00664226905109828, 'gpp_b': 1.9188610357280986e-05, 'gpp_d': 0.18721706755337286, 'ign_k': 0.22849810382374136, 'ign_c': 19.317848197010903, 'trop_agb_crit': 3.1996158958062453, 'trop_k_veg': 4.392023416997696, 'pop_amp': 0.5875427912573207, 'pop_peak': 26.23345792648928, 'pop_sig': 0.9062574118763966, 'fuel_k': 0.16180213978892874, 'fuel_half': 8.875201360027333}. Best is trial 421 with value: -0.6216386034937503.
[I 2026-08-19 15:29:48,506] Trial 1120 finished with value: -0.3554625854118624 and parameters: {'k1': 0.0007434378939337313, 'D_low': 50573.361418961314, 'k2': 0.0020618680457448564, 'D_high': 2231.032338112565, 'fire_exp': 3.980179765595429, 'P_half': 56.06645095347577, 'pre_dampen_half': 192.7137790735886, 'gpp_af': 0.05315800988352644, 'gpp_b': 1.7555836556842428e-05, 'gpp_d': 0.02722846005458202, 'ign_k': 0.20010105785591845, 'ign_c': 10.84974698690815, 'trop_agb_crit': 1.4425846045188553, 'trop_k_veg': 1.955615940335308, 'pop_amp': 0.38309783569418704, 'pop_peak': 79.08791677703128, 'pop_sig': 1.9464083278009792, 'fuel_k': 0.034253601210863065, 'fuel_half': 0.8511322154807928}. Best is trial 421 with value: -0.6216386034937503.
[I 2026-08-19 15:29:53,315] Trial 1121 finished with value: -0.3554625854118624 and parameters: {'k1': 0.00022804871740068967, 'D_low': 288.41833834995725, 'k2': 1.0849648764176001e-05, 'D_high': 2370067.7036397555, 'fire_exp': 1.9001514246327509, 'P_half': 551.111638865874, 'pre_dampen_half': 0.20458271521723093, 'gpp_af': 0.0012420353601729575, 'gpp_b': 9.549780110452856e-05, 'gpp_d': 0.13067141265277238, 'ign_k': 0.9115467408598414, 'ign_c': 152.50551587982832, 'trop_agb_crit': 7.283801190731954, 'trop_k_veg': 0.7703107290255959, 'pop_amp': 1.6278698594495162, 'pop_peak': 0.6312860122224176, 'pop_sig': 2.2470928183903305, 'fuel_k': 1.2185222217476126, 'fuel_half': 11.727094814087902}. Best is trial 421 with value: -0.6216386034937503.
[I 2026-08-19 15:29:57,925] Trial 1122 finished with value: -0.5202192522054714 and parameters: {'k1': 0.026019104618840386, 'D_low': 219.31833553755055, 'k2': 0.00016228307296420867, 'D_high': 96523.13243939765, 'fire_exp': 4.805569285488444, 'P_half': 149.65724243791655, 'pre_dampen_half': 16.971885784396925, 'gpp_af': 0.001061401705380644, 'gpp_b': 0.0001127228622798784, 'gpp_d': 73.6917192530137, 'ign_k': 0.1292118634826159, 'ign_c': 0.22350013131884933, 'trop_agb_crit': 15.733411887776416, 'trop_k_veg': 2.5427527339560823, 'pop_amp': 0.07646221528329568, 'pop_peak': 16.73283138661843, 'pop_sig': 0.2692719341047655, 'fuel_k': 0.8150024681996522, 'fuel_half': 0.7236499554793631}. Best is trial 421 with value: -0.6216386034937503.
[I 2026-08-19 15:30:02,419] Trial 1123 finished with value: -0.34628137934213993 and parameters: {'k1': 1.2125944694288001e-05, 'D_low': 7271.838709826968, 'k2': 2.261288407117376e-05, 'D_high': 7944070.421348714, 'fire_exp': 1.1370789569678252, 'P_half': 18.77832213972721, 'pre_dampen_half': 0.27444202710462584, 'gpp_af': 0.001307074719684956, 'gpp_b': 4.183977297377397e-05, 'gpp_d': 0.10309256571605958, 'ign_k': 1.4549682098863914, 'ign_c': 52.822613214487006, 'trop_agb_crit': 10.51984633448452, 'trop_k_veg': 0.6094795030567077, 'pop_amp': 0.9581533781104825, 'pop_peak': 2.108723875069851, 'pop_sig': 1.6577488950554358, 'fuel_k': 0.5751048344257816, 'fuel_half': 1.682075531184372}. Best is trial 421 with value: -0.6216386034937503.
  trial 1124/2500  best_overall=0.6216  (66.0 min)
[I 2026-08-19 15:30:17,373] Trial 1124 finished with value: -0.5174361760253379 and parameters: {'k1': 0.0028049113628496537, 'D_low': 22.120514716906822, 'k2': 7.824726388579837e-05, 'D_high': 5234886.666978882, 'fire_exp': 8.07027528001195, 'P_half': 6.331882103845946, 'pre_dampen_half': 0.7267981984823544, 'gpp_af': 0.4519261106233921, 'gpp_b': 1.409127801311512e-05, 'gpp_d': 1.911860446210172, 'ign_k': 2.7953471084410135, 'ign_c': 16.84496136974284, 'trop_agb_crit': 21.869874840805572, 'trop_k_veg': 2.457795436713165, 'pop_amp': 0.48511654108069713, 'pop_peak': 185.98970786374184, 'pop_sig': 0.6544401469575044, 'fuel_k': 0.013414824783618487, 'fuel_half': 0.14844447441598943}. Best is trial 421 with value: -0.6216386034937503.
[I 2026-08-19 15:30:27,343] Trial 1125 finished with value: -0.4308131246456692 and parameters: {'k1': 0.0009514519263396988, 'D_low': 7.301637329142588, 'k2': 4.4321265208697625e-05, 'D_high': 56498.73239113386, 'fire_exp': 5.352013518870379, 'P_half': 295.07017286352965, 'pre_dampen_half': 177.37035979719695, 'gpp_af': 0.128368087345897, 'gpp_b': 2.7144637471089292e-05, 'gpp_d': 42.60856659822524, 'ign_k': 0.049830877660577866, 'ign_c': 1.2941536011822359, 'trop_agb_crit': 9.94035166405178, 'trop_k_veg': 1.9736888408452706, 'pop_amp': 6.721180140637773, 'pop_peak': 7.633802162123803, 'pop_sig': 0.455919242595535, 'fuel_k': 0.050001473157332256, 'fuel_half': 3.075892221639082}. Best is trial 421 with value: -0.6216386034937503.
  trial 1126/2500  best_overall=0.6216  (66.4 min)
[I 2026-08-19 15:30:32,555] Trial 1126 finished with value: -0.5851653062265821 and parameters: {'k1': 0.002105063126264864, 'D_low': 46.795627090568736, 'k2': 2.085913181212998e-05, 'D_high': 4376391.809321921, 'fire_exp': 2.4098195140594285, 'P_half': 2.718677168485702, 'pre_dampen_half': 1.4669496139524734, 'gpp_af': 3.8541873671925475, 'gpp_b': 0.00029239507507204193, 'gpp_d': 61.11306088591528, 'ign_k': 3.532033606295032, 'ign_c': 7.193936152846216, 'trop_agb_crit': 5.929301463841314, 'trop_k_veg': 3.6327733242746834, 'pop_amp': 0.003912808004706074, 'pop_peak': 12.991285296533794, 'pop_sig': 0.36395631192880284, 'fuel_k': 1.1427307155908035, 'fuel_half': 1.0769644777559637}. Best is trial 421 with value: -0.6216386034937503.
[I 2026-08-19 15:30:36,362] Trial 1127 finished with value: -0.43171690463864404 and parameters: {'k1': 2.3037611984849864e-05, 'D_low': 27180.911580700602, 'k2': 3.603565093193497e-05, 'D_high': 50246.82572830254, 'fire_exp': 1.0176684962874927, 'P_half': 365.84664962216647, 'pre_dampen_half': 2.148970840487303, 'gpp_af': 0.0014793536122798823, 'gpp_b': 9.658547269200728e-05, 'gpp_d': 1.8703792587953614, 'ign_k': 6.537717989602632, 'ign_c': 14.588921307254296, 'trop_agb_crit': 14.012856399979322, 'trop_k_veg': 0.745497409046052, 'pop_amp': 11.148509006621428, 'pop_peak': 7.243307348335847, 'pop_sig': 1.0156079121667332, 'fuel_k': 0.791705162165407, 'fuel_half': 0.1189176827312348}. Best is trial 421 with value: -0.6216386034937503.
[I 2026-08-19 15:30:40,132] Trial 1128 finished with value: -0.5310027807437391 and parameters: {'k1': 0.0029912388035412585, 'D_low': 773.4444768894222, 'k2': 5.854899370323238e-05, 'D_high': 37373.98170299398, 'fire_exp': 1.0911016183556166, 'P_half': 47.78949323451222, 'pre_dampen_half': 3.2602562777239257, 'gpp_af': 0.005494650322136721, 'gpp_b': 0.0012866633620952908, 'gpp_d': 0.4343690033950805, 'ign_k': 0.3036271023325262, 'ign_c': 1.2647018534297108, 'trop_agb_crit': 21.689759307552716, 'trop_k_veg': 1.191614394093313, 'pop_amp': 0.010273691264746154, 'pop_peak': 13.705213828196158, 'pop_sig': 1.888354744924675, 'fuel_k': 0.23434507464821827, 'fuel_half': 1.558342058012426}. Best is trial 421 with value: -0.6216386034937503.
[I 2026-08-19 15:30:44,516] Trial 1129 finished with value: -0.3762729191691774 and parameters: {'k1': 0.0666487800561085, 'D_low': 656.0219251466907, 'k2': 0.011445612279857862, 'D_high': 128626.55955041786, 'fire_exp': 4.424318272223047, 'P_half': 542.1709467096855, 'pre_dampen_half': 24.893122107029185, 'gpp_af': 0.002583940465504339, 'gpp_b': 2.1618459392185487, 'gpp_d': 7.187624304515493, 'ign_k': 0.001971255961572858, 'ign_c': 16.535037767583574, 'trop_agb_crit': 2.3887727991351655, 'trop_k_veg': 0.6906991474178604, 'pop_amp': 4.397111215785259, 'pop_peak': 2.38732708604698, 'pop_sig': 0.5504699796211742, 'fuel_k': 2.255056997351981, 'fuel_half': 0.5569368034803123}. Best is trial 421 with value: -0.6216386034937503.
