[I 2026-07-24 02:08:23,972] Trial 320 finished with value: 0.4365857329815779 and parameters: {'k1': 1.4860729783086348e-05, 'D_low': 198.0042749351225, 'k2': 0.08108934057817639, 'D_high': 605752.5927928223, 'fire_exp': 1.1203627115480645, 'P_half': 34.560611603301226, 'pre_dampen_half': 24.029769278863938, 'gpp_af': 0.05702224993802111, 'gpp_b': 0.04635501152789128, 'gpp_d': 125.4294760109312, 'ign_k': 0.1340792571504497, 'ign_c': 2.2674629032869356, 'trop_agb_crit': 13.830739028730536, 'trop_k_veg': 0.5531866423885052, 'gdp_gamma': 0.4784944327350821, 'fuel_k': 0.04783360440785056, 'fuel_half': 5.726316955428853}. Best is trial 294 with value: -0.6131773577992308.
[I 2026-07-24 02:08:24,419] Trial 321 finished with value: 0.5923574871929003 and parameters: {'k1': 8.890213703683943e-05, 'D_low': 2.8955367373748544, 'k2': 0.0005634978654760225, 'D_high': 285570.1972488744, 'fire_exp': 1.4084904270292815, 'P_half': 1.0183480962195874, 'pre_dampen_half': 19.855388176756435, 'gpp_af': 0.06704115713457033, 'gpp_b': 0.0008915813747600392, 'gpp_d': 0.16515695744562017, 'ign_k': 0.008516522187426002, 'ign_c': 877.799854436405, 'trop_agb_crit': 8.766348128331312, 'trop_k_veg': 0.6360829400356993, 'gdp_gamma': 0.37492906851118596, 'fuel_k': 0.11804984106149696, 'fuel_half': 38.929245773260995}. Best is trial 294 with value: -0.6131773577992308.
[I 2026-07-24 02:08:24,868] Trial 322 finished with value: 0.5741858040400162 and parameters: {'k1': 0.0483034933809211, 'D_low': 244.02115185400802, 'k2': 0.07605506549497758, 'D_high': 6050.73473871582, 'fire_exp': 1.7911721303469714, 'P_half': 857.4125345776945, 'pre_dampen_half': 902.8317169337637, 'gpp_af': 0.2955147677600975, 'gpp_b': 3.7973191427881403e-05, 'gpp_d': 458.15269954480226, 'ign_k': 0.001198635981413714, 'ign_c': 20.790104613298727, 'trop_agb_crit': 10.96404995062955, 'trop_k_veg': 0.631905658381946, 'gdp_gamma': 0.4747944353007061, 'fuel_k': 0.02032897379282648, 'fuel_half': 11.338205513139695}. Best is trial 294 with value: -0.6131773577992308.
[I 2026-07-24 02:08:25,320] Trial 323 finished with value: 0.5956446503446287 and parameters: {'k1': 0.016665502757360447, 'D_low': 13231.286284113794, 'k2': 0.0003265756507280406, 'D_high': 2273359.3939085216, 'fire_exp': 1.717860197903428, 'P_half': 2507.3637288739887, 'pre_dampen_half': 636.2636016926606, 'gpp_af': 0.013981173647010446, 'gpp_b': 0.0009649250653038305, 'gpp_d': 2.648228143313301, 'ign_k': 0.3631042662815431, 'ign_c': 10.66668676884495, 'trop_agb_crit': 13.070330190189035, 'trop_k_veg': 0.5135064621802977, 'gdp_gamma': 0.015738487115588243, 'fuel_k': 0.031689771796793845, 'fuel_half': 25.341831690910134}. Best is trial 294 with value: -0.6131773577992308.
[I 2026-07-24 02:08:25,769] Trial 324 finished with value: 0.43523883831385146 and parameters: {'k1': 0.013166830740030543, 'D_low': 248.15582768402115, 'k2': 0.05716681500729631, 'D_high': 325457.0329491557, 'fire_exp': 1.9106761307043034, 'P_half': 141.71317470467622, 'pre_dampen_half': 26.8961099176546, 'gpp_af': 0.052048168210201286, 'gpp_b': 0.005111522263644892, 'gpp_d': 537.0205509765394, 'ign_k': 0.001077898794759466, 'ign_c': 582.213650311442, 'trop_agb_crit': 4.772863510053114, 'trop_k_veg': 1.573922297543165, 'gdp_gamma': 1.1613248023181157, 'fuel_k': 0.04312088150411977, 'fuel_half': 23.83153288911747}. Best is trial 294 with value: -0.6131773577992308.
[I 2026-07-24 02:08:26,220] Trial 325 finished with value: 0.48332560618551224 and parameters: {'k1': 0.0005060975795184384, 'D_low': 26.800092215461156, 'k2': 0.06818089093140071, 'D_high': 92927.5028107565, 'fire_exp': 1.5975362032705087, 'P_half': 1.3989144772591675, 'pre_dampen_half': 1.2719695448319663, 'gpp_af': 0.4441977437022476, 'gpp_b': 0.0036546047589553037, 'gpp_d': 11.53032684494098, 'ign_k': 0.001930559297692431, 'ign_c': 40.31893639887254, 'trop_agb_crit': 24.761673090091474, 'trop_k_veg': 0.7956455093434315, 'gdp_gamma': 0.3815559531871197, 'fuel_k': 0.32237657175804846, 'fuel_half': 41.277208591398185}. Best is trial 294 with value: -0.6131773577992308.
[I 2026-07-24 02:08:26,666] Trial 326 finished with value: 0.5318905723288792 and parameters: {'k1': 1.2007900775425597e-05, 'D_low': 12.220063193672619, 'k2': 0.006970306052364955, 'D_high': 84450.52109967632, 'fire_exp': 5.10617044417507, 'P_half': 102.08932921888425, 'pre_dampen_half': 781.8336079762263, 'gpp_af': 0.016247267161807775, 'gpp_b': 2.8189670142106772e-05, 'gpp_d': 3.139351792326197, 'ign_k': 0.32461594935284505, 'ign_c': 2.653172118001494, 'trop_agb_crit': 27.587379443348716, 'trop_k_veg': 1.9975320848073148, 'gdp_gamma': 0.009185744318226682, 'fuel_k': 4.168243541435447, 'fuel_half': 0.16792035435540756}. Best is trial 294 with value: -0.6131773577992308.
[I 2026-07-24 02:08:27,139] Trial 327 finished with value: 0.5598768421276441 and parameters: {'k1': 0.00011343996844553233, 'D_low': 1.1409551191173948, 'k2': 0.0005334289799869352, 'D_high': 74800.79079925625, 'fire_exp': 1.5383925281212156, 'P_half': 1.7208110573090565, 'pre_dampen_half': 0.9859045075215207, 'gpp_af': 0.014168086754721542, 'gpp_b': 0.0005074646271088378, 'gpp_d': 1.78524440614063, 'ign_k': 0.0018620177726145434, 'ign_c': 812.3159322044534, 'trop_agb_crit': 12.363540116959213, 'trop_k_veg': 1.6766726703967954, 'gdp_gamma': 1.9675762164434967, 'fuel_k': 0.06783822889048177, 'fuel_half': 90.59744905596718}. Best is trial 294 with value: -0.6131773577992308.
[I 2026-07-24 02:08:27,589] Trial 328 finished with value: 0.44640768647976814 and parameters: {'k1': 5.8201494355370415e-05, 'D_low': 37.504143464945024, 'k2': 0.007766262802903395, 'D_high': 1459498.4503831621, 'fire_exp': 1.820784966989907, 'P_half': 76.95785192736713, 'pre_dampen_half': 7.454745161205793, 'gpp_af': 2.483380062272111, 'gpp_b': 6.755383137950018e-05, 'gpp_d': 3.984620701889386, 'ign_k': 0.005757471730504976, 'ign_c': 6.208421766325599, 'trop_agb_crit': 12.799261978923491, 'trop_k_veg': 0.5786791758885356, 'gdp_gamma': 1.9753531021889843, 'fuel_k': 1.3057712840920634, 'fuel_half': 4.617567170209541}. Best is trial 294 with value: -0.6131773577992308.
[I 2026-07-24 02:08:28,037] Trial 329 finished with value: 0.5494457800293184 and parameters: {'k1': 4.4044180613128674e-05, 'D_low': 35.89615588311034, 'k2': 0.003910048493137375, 'D_high': 90847.48042576069, 'fire_exp': 1.289428724824093, 'P_half': 930.3070824115094, 'pre_dampen_half': 595.7381558221193, 'gpp_af': 0.0012790529534589382, 'gpp_b': 1.0708885722341355e-05, 'gpp_d': 10.669686830969308, 'ign_k': 0.008378792235963913, 'ign_c': 94.08651137543455, 'trop_agb_crit': 8.02936713433631, 'trop_k_veg': 2.9683363581888287, 'gdp_gamma': 0.24862714051091178, 'fuel_k': 0.19411109015504277, 'fuel_half': 53.85519935624576}. Best is trial 294 with value: -0.6131773577992308.
[I 2026-07-24 02:08:28,486] Trial 330 finished with value: 0.5758713463710377 and parameters: {'k1': 0.03373431160284771, 'D_low': 3119.7561849643557, 'k2': 0.00012404399467112588, 'D_high': 68351.58961505326, 'fire_exp': 1.7085456287029492, 'P_half': 52.51865437952673, 'pre_dampen_half': 2.3682477549731327, 'gpp_af': 0.10080003578884128, 'gpp_b': 1.952092257088267e-05, 'gpp_d': 4.561323823795945, 'ign_k': 0.0035052790850543785, 'ign_c': 173.7723878417171, 'trop_agb_crit': 7.088021089926617, 'trop_k_veg': 1.3701526245590034, 'gdp_gamma': 0.018640421957224984, 'fuel_k': 0.028002187730182152, 'fuel_half': 37.13759211152614}. Best is trial 294 with value: -0.6131773577992308.
[I 2026-07-24 02:08:28,935] Trial 331 finished with value: 0.438430695777673 and parameters: {'k1': 0.0003983657900206214, 'D_low': 1.9564969682717748, 'k2': 0.016227188612086146, 'D_high': 239350.00030526167, 'fire_exp': 1.8547117954901342, 'P_half': 17.915520082453302, 'pre_dampen_half': 44.843562943829845, 'gpp_af': 0.004498571396363449, 'gpp_b': 1.909873022288826e-05, 'gpp_d': 0.28446943065419894, 'ign_k': 0.023921650461757947, 'ign_c': 12.667492687183094, 'trop_agb_crit': 10.719544192595224, 'trop_k_veg': 1.8009656504876808, 'gdp_gamma': 0.022327352930148918, 'fuel_k': 2.5525860879183493, 'fuel_half': 0.1807127900644541}. Best is trial 294 with value: -0.6131773577992308.
[I 2026-07-24 02:08:29,383] Trial 332 finished with value: 0.5935342159263957 and parameters: {'k1': 0.04445835986563203, 'D_low': 14455.29456587036, 'k2': 1.998648970141897e-05, 'D_high': 3534123.3006940633, 'fire_exp': 1.318185205238341, 'P_half': 202.56715559666415, 'pre_dampen_half': 426.0445368802085, 'gpp_af': 0.005193082225870686, 'gpp_b': 4.7043391025116566e-05, 'gpp_d': 15.887705465400423, 'ign_k': 0.038727635498038614, 'ign_c': 56.85395070597927, 'trop_agb_crit': 12.763469026703474, 'trop_k_veg': 0.5130639462023926, 'gdp_gamma': 0.031245775521578673, 'fuel_k': 0.03131693558153633, 'fuel_half': 69.83004360471955}. Best is trial 294 with value: -0.6131773577992308.
[I 2026-07-24 02:08:29,834] Trial 333 finished with value: 0.5027182185641584 and parameters: {'k1': 0.00013069975645084073, 'D_low': 48.4857608412636, 'k2': 0.0009407440359472368, 'D_high': 2141017.2402636884, 'fire_exp': 2.4029948404205563, 'P_half': 58.99295886289454, 'pre_dampen_half': 81.7071950257633, 'gpp_af': 1.9961067650888649, 'gpp_b': 0.0009756412432131243, 'gpp_d': 0.25265217004032064, 'ign_k': 0.20640032631579416, 'ign_c': 10.297166285794974, 'trop_agb_crit': 6.481236967223957, 'trop_k_veg': 0.7531710773447728, 'gdp_gamma': 0.0010157282163934923, 'fuel_k': 1.4576689079066028, 'fuel_half': 0.12194610854129011}. Best is trial 294 with value: -0.6131773577992308.
[I 2026-07-24 02:08:30,286] Trial 334 finished with value: 0.6445374145881376 and parameters: {'k1': 0.070783424824438, 'D_low': 51202.59465527903, 'k2': 0.0019062976479592988, 'D_high': 23400.22473554638, 'fire_exp': 2.021973938741136, 'P_half': 66.41594280482259, 'pre_dampen_half': 20.497985727259465, 'gpp_af': 0.027115567199164328, 'gpp_b': 0.001621545870355922, 'gpp_d': 86.22271955358883, 'ign_k': 0.0013154157097458163, 'ign_c': 3.1187027666284255, 'trop_agb_crit': 3.2098487988950826, 'trop_k_veg': 0.839089121527854, 'gdp_gamma': 1.4949970738968783, 'fuel_k': 0.04710538891393002, 'fuel_half': 10.76316154451484}. Best is trial 294 with value: -0.6131773577992308.
[I 2026-07-24 02:08:30,733] Trial 335 finished with value: -0.6233152110406992 and parameters: {'k1': 0.0021057085956952444, 'D_low': 119.80284169042964, 'k2': 0.03417430132236012, 'D_high': 2213405.8827401847, 'fire_exp': 2.1451212576162297, 'P_half': 259.7047545874044, 'pre_dampen_half': 17.927186863760173, 'gpp_af': 0.03654858845478425, 'gpp_b': 3.061482587064216e-05, 'gpp_d': 463.53757730983125, 'ign_k': 0.003451466589750744, 'ign_c': 19.360027178029885, 'trop_agb_crit': 11.23526917747892, 'trop_k_veg': 0.834794461563624, 'gdp_gamma': 1.3618461221651414, 'fuel_k': 0.02956523954197129, 'fuel_half': 64.24391915315266}. Best is trial 335 with value: -0.6233152110406992.
[I 2026-07-24 02:08:31,184] Trial 336 finished with value: 0.5627803805910014 and parameters: {'k1': 0.0009987918136244384, 'D_low': 95.01372550740003, 'k2': 0.001312964168785254, 'D_high': 433125.3857278689, 'fire_exp': 3.007462013002318, 'P_half': 280.37650131611656, 'pre_dampen_half': 0.23597168677732414, 'gpp_af': 0.01074657452366006, 'gpp_b': 3.3223561050635445e-05, 'gpp_d': 0.9351343983238446, 'ign_k': 0.013816643303649295, 'ign_c': 1.8722995081563394, 'trop_agb_crit': 12.345200819103042, 'trop_k_veg': 0.5145305990921683, 'gdp_gamma': 0.7773294868279464, 'fuel_k': 1.0821475288100915, 'fuel_half': 24.191693374564096}. Best is trial 335 with value: -0.6233152110406992.
[I 2026-07-24 02:08:31,632] Trial 337 finished with value: 0.4973540295666853 and parameters: {'k1': 0.03147121612975491, 'D_low': 69.88759066218243, 'k2': 0.0007873421369190662, 'D_high': 4597804.542230621, 'fire_exp': 1.914447753379717, 'P_half': 659.7873268946754, 'pre_dampen_half': 37.661449526625525, 'gpp_af': 0.013372888630949115, 'gpp_b': 0.00013436139428406224, 'gpp_d': 5.848268910480055, 'ign_k': 0.1323968041216362, 'ign_c': 14.834160019493508, 'trop_agb_crit': 4.97083763143748, 'trop_k_veg': 0.868545519677512, 'gdp_gamma': 0.047017222020046934, 'fuel_k': 0.012850936725100296, 'fuel_half': 0.6670272167220168}. Best is trial 335 with value: -0.6233152110406992.
[I 2026-07-24 02:08:32,086] Trial 338 finished with value: 0.4934482851437898 and parameters: {'k1': 0.02392230685664441, 'D_low': 1087.308372924184, 'k2': 0.06059316787323013, 'D_high': 6690.692094627457, 'fire_exp': 1.727540452543864, 'P_half': 14.83487945775574, 'pre_dampen_half': 501.3306072251164, 'gpp_af': 0.0032385724215953917, 'gpp_b': 0.0004719290391506878, 'gpp_d': 596.7474678017159, 'ign_k': 0.0022957940377832135, 'ign_c': 17.915708122782146, 'trop_agb_crit': 3.702427052874819, 'trop_k_veg': 1.4839574056385523, 'gdp_gamma': 1.0513210977419631, 'fuel_k': 0.0764631015498567, 'fuel_half': 12.625748829186293}. Best is trial 335 with value: -0.6233152110406992.
[I 2026-07-24 02:08:32,530] Trial 339 finished with value: 0.5789629413349758 and parameters: {'k1': 0.05285569736265981, 'D_low': 421.91624426072093, 'k2': 0.00011804677939397372, 'D_high': 6953025.775222589, 'fire_exp': 2.5725916126437722, 'P_half': 790.7668457030156, 'pre_dampen_half': 1.8126210924139838, 'gpp_af': 0.0012203653170729872, 'gpp_b': 3.013731440080873e-05, 'gpp_d': 0.1712890343519593, 'ign_k': 0.01943294423143175, 'ign_c': 7.246261306620846, 'trop_agb_crit': 2.99275670343426, 'trop_k_veg': 0.9372974363539297, 'gdp_gamma': 0.06691028333831839, 'fuel_k': 0.019711875581090985, 'fuel_half': 26.786790023633497}. Best is trial 335 with value: -0.6233152110406992.
[I 2026-07-24 02:08:32,977] Trial 340 finished with value: 0.48716113599975464 and parameters: {'k1': 2.2170488796170964e-05, 'D_low': 1.5997746599757061, 'k2': 0.00012703599243697982, 'D_high': 217453.60770921304, 'fire_exp': 1.8969933913227703, 'P_half': 90.32790273540797, 'pre_dampen_half': 10.914589542724249, 'gpp_af': 0.0024669374833426157, 'gpp_b': 0.00020091359461922717, 'gpp_d': 2.478687844737982, 'ign_k': 0.0011950444626326073, 'ign_c': 269.77708737446824, 'trop_agb_crit': 7.2328602588488, 'trop_k_veg': 1.9247159163734624, 'gdp_gamma': 1.416056204535183, 'fuel_k': 0.15228406747184603, 'fuel_half': 49.051135419587524}. Best is trial 335 with value: -0.6233152110406992.
[I 2026-07-24 02:08:33,426] Trial 341 finished with value: 0.4057447693737959 and parameters: {'k1': 0.00048302250362630114, 'D_low': 101.88666535618947, 'k2': 0.0658239064142923, 'D_high': 1166852.7550648125, 'fire_exp': 1.6085820966849136, 'P_half': 334.0374900994747, 'pre_dampen_half': 3.050124033066357, 'gpp_af': 0.006939403572859163, 'gpp_b': 0.00027660353217257954, 'gpp_d': 613.6794734053346, 'ign_k': 0.0012418032197230257, 'ign_c': 140.89551441878845, 'trop_agb_crit': 10.771677417201717, 'trop_k_veg': 0.7013385935287605, 'gdp_gamma': 1.8569109793740726, 'fuel_k': 0.04570042996197104, 'fuel_half': 94.45871529259384}. Best is trial 335 with value: -0.6233152110406992.
[I 2026-07-24 02:08:33,875] Trial 342 finished with value: 0.5831742108717299 and parameters: {'k1': 0.00010357606197616877, 'D_low': 34.408774757583416, 'k2': 0.09165401478797439, 'D_high': 6850070.667692704, 'fire_exp': 2.0432858027265492, 'P_half': 2.819640659334066, 'pre_dampen_half': 10.276371801114237, 'gpp_af': 0.004829013074720413, 'gpp_b': 0.0021998584477496267, 'gpp_d': 346.4682039237152, 'ign_k': 0.05486633524575107, 'ign_c': 103.77372406430803, 'trop_agb_crit': 13.937296638488723, 'trop_k_veg': 0.6324549848828145, 'gdp_gamma': 1.3360778742308623, 'fuel_k': 0.017544726952848914, 'fuel_half': 14.598535105105684}. Best is trial 335 with value: -0.6233152110406992.
[I 2026-07-24 02:08:34,322] Trial 343 finished with value: -0.6084069873235174 and parameters: {'k1': 0.006012178968404009, 'D_low': 1177.7519636755337, 'k2': 0.07048990775868035, 'D_high': 2025200.6119765255, 'fire_exp': 2.098011336298237, 'P_half': 225.17607448201733, 'pre_dampen_half': 50.04244966877091, 'gpp_af': 0.020839397848272465, 'gpp_b': 1.2182568891476309e-05, 'gpp_d': 140.64958720273773, 'ign_k': 0.0034569771180730092, 'ign_c': 4.523390943161128, 'trop_agb_crit': 14.918049700981415, 'trop_k_veg': 1.5483052589175053, 'gdp_gamma': 0.5137298967662781, 'fuel_k': 0.02082334029008534, 'fuel_half': 79.67770511828154}. Best is trial 335 with value: -0.6233152110406992.
[I 2026-07-24 02:08:34,771] Trial 344 finished with value: 0.5898680310212123 and parameters: {'k1': 4.7807602773331565e-05, 'D_low': 4456.1253140734425, 'k2': 0.00020208403397084567, 'D_high': 596666.4443255881, 'fire_exp': 1.2537790108116238, 'P_half': 10.546238515923724, 'pre_dampen_half': 106.8942529113158, 'gpp_af': 0.0047714282592513655, 'gpp_b': 2.334640956401215e-05, 'gpp_d': 39.5229795993786, 'ign_k': 0.0061681538238764575, 'ign_c': 800.0073852013169, 'trop_agb_crit': 2.330773268949455, 'trop_k_veg': 1.3324154703774296, 'gdp_gamma': 1.1757295555150986, 'fuel_k': 0.229562096862891, 'fuel_half': 42.98001870814474}. Best is trial 335 with value: -0.6233152110406992.
[I 2026-07-24 02:08:35,218] Trial 345 finished with value: -0.6014668197457146 and parameters: {'k1': 0.00047306773927240455, 'D_low': 128.49490338531592, 'k2': 0.00876118371899673, 'D_high': 2175585.7094436022, 'fire_exp': 2.735081496871091, 'P_half': 46.680286052001925, 'pre_dampen_half': 40.26386736011823, 'gpp_af': 0.4863872685566349, 'gpp_b': 0.00012668956498133313, 'gpp_d': 67.79562953026063, 'ign_k': 0.002946337577958484, 'ign_c': 2.9983901092251695, 'trop_agb_crit': 12.782981115262231, 'trop_k_veg': 3.1056546636162357, 'gdp_gamma': 0.6193493202568531, 'fuel_k': 0.018909843784986724, 'fuel_half': 85.18245899853505}. Best is trial 335 with value: -0.6233152110406992.
[I 2026-07-24 02:08:35,683] Trial 346 finished with value: 0.5589996976907213 and parameters: {'k1': 2.111677310555944e-05, 'D_low': 78.48125248266929, 'k2': 0.01643084497244434, 'D_high': 652368.536172775, 'fire_exp': 1.506127601477028, 'P_half': 28.22889976674629, 'pre_dampen_half': 2.531573080294341, 'gpp_af': 0.025482162233033106, 'gpp_b': 0.005270536091215111, 'gpp_d': 523.7554573109071, 'ign_k': 0.008505924044129188, 'ign_c': 5.685685394988564, 'trop_agb_crit': 27.82890294505336, 'trop_k_veg': 0.8363831027742539, 'gdp_gamma': 0.06792797963205448, 'fuel_k': 0.03764621174360585, 'fuel_half': 8.284725471936797}. Best is trial 335 with value: -0.6233152110406992.
[I 2026-07-24 02:08:36,145] Trial 347 finished with value: 0.42126532966377506 and parameters: {'k1': 0.004129158579479351, 'D_low': 102.4356113397591, 'k2': 0.026614292429897483, 'D_high': 3524683.7820880665, 'fire_exp': 1.6137339515007367, 'P_half': 75.82727260696258, 'pre_dampen_half': 153.50281367228433, 'gpp_af': 0.009814201859593733, 'gpp_b': 6.695532253867358e-05, 'gpp_d': 69.54066046475342, 'ign_k': 0.0010121481020279159, 'ign_c': 6.392206773809286, 'trop_agb_crit': 7.075217689687743, 'trop_k_veg': 1.5737904278968362, 'gdp_gamma': 0.16181840072506787, 'fuel_k': 0.01130693260629109, 'fuel_half': 17.442893899333622}. Best is trial 335 with value: -0.6233152110406992.
[I 2026-07-24 02:08:36,596] Trial 348 finished with value: 0.3910251605730217 and parameters: {'k1': 0.07667347095274929, 'D_low': 16.25894707971502, 'k2': 0.012555449448756978, 'D_high': 321148.2694814695, 'fire_exp': 2.533706339168027, 'P_half': 52.09015516507588, 'pre_dampen_half': 16.523393955195356, 'gpp_af': 0.3663491274653149, 'gpp_b': 1.8097570340241584e-05, 'gpp_d': 97.18241178720783, 'ign_k': 0.008506894744398922, 'ign_c': 8.611390529510457, 'trop_agb_crit': 11.235542872688994, 'trop_k_veg': 1.4447053438061568, 'gdp_gamma': 0.7371113090198793, 'fuel_k': 0.06486494373586137, 'fuel_half': 22.048517268041977}. Best is trial 335 with value: -0.6233152110406992.
[I 2026-07-24 02:08:37,064] Trial 349 finished with value: 0.5933877561689742 and parameters: {'k1': 0.008540039685528945, 'D_low': 115.74052899196614, 'k2': 0.010197190469758926, 'D_high': 3361186.4351995005, 'fire_exp': 4.199363635339607, 'P_half': 30.763730599367765, 'pre_dampen_half': 7.196267303632116, 'gpp_af': 70.23005057528876, 'gpp_b': 1.1824619442369778e-05, 'gpp_d': 90.3592306260149, 'ign_k': 0.007317504285244758, 'ign_c': 2.7228000868937663, 'trop_agb_crit': 6.405872978549233, 'trop_k_veg': 4.4497823277587125, 'gdp_gamma': 0.028335499519206643, 'fuel_k': 0.0752424584825965, 'fuel_half': 34.17210518376607}. Best is trial 335 with value: -0.6233152110406992.
[I 2026-07-24 02:08:37,510] Trial 350 finished with value: 0.575650410811049 and parameters: {'k1': 0.0001974733666491028, 'D_low': 330.59504598446995, 'k2': 0.0018659916011919758, 'D_high': 1160830.2427997473, 'fire_exp': 4.019980757143464, 'P_half': 32.250696799741995, 'pre_dampen_half': 1.6874264737710862, 'gpp_af': 0.0075301613420053265, 'gpp_b': 0.00013050323004819338, 'gpp_d': 15.257895867249541, 'ign_k': 0.004681706017335046, 'ign_c': 1.0285784806691596, 'trop_agb_crit': 13.393526428330883, 'trop_k_veg': 5.888718034494175, 'gdp_gamma': 0.39534696219803617, 'fuel_k': 0.01080729397526332, 'fuel_half': 88.91697362850951}. Best is trial 335 with value: -0.6233152110406992.
[I 2026-07-24 02:08:37,957] Trial 351 finished with value: 0.568796180963875 and parameters: {'k1': 4.235077574625871e-05, 'D_low': 134.9728260657314, 'k2': 0.0595022817331345, 'D_high': 416877.71692911827, 'fire_exp': 1.0000360935132122, 'P_half': 9.610174728229193, 'pre_dampen_half': 0.15614894932416865, 'gpp_af': 0.1577792329552684, 'gpp_b': 2.8540475792666782e-05, 'gpp_d': 0.3938083949615425, 'ign_k': 0.03546455698796114, 'ign_c': 84.54793911559327, 'trop_agb_crit': 19.701523934184383, 'trop_k_veg': 0.8124916605859912, 'gdp_gamma': 0.05767166766000955, 'fuel_k': 0.8398547685380804, 'fuel_half': 38.37679254937055}. Best is trial 335 with value: -0.6233152110406992.
