[I 2026-06-11 12:39:50,351] Trial 560 finished with values: [10.50469176301251, 10.50469176301251] and parameters: {'k1': 0.0015974581244256687, 'D_low': 844.0303958079087, 'k2': 0.0007081721844034209, 'D_high': 89263.11370835223, 'fire_exp': 1.182396148413737, 'P_half': 2.0915073038472545, 'pre_dampen_half': 502.5175192217655, 'gpp_af': 42.29037995744429, 'gpp_b': 0.00010318352929732131, 'gpp_d': 314.6826989726468, 'ign_k': 0.5131654955148326, 'ign_c': 0.13670484737132343, 'trop_agb_crit': 12.324775650896964, 'trop_k_veg': 2.8224577471047865, 'fuel_k': 4.680936683972861, 'fuel_half': 7.933304552450495}.
[I 2026-06-11 12:39:51,294] Trial 561 finished with values: [-0.6609558654741752, 0.5155824558985842] and parameters: {'k1': 0.003242143344038315, 'D_low': 166.51532285161684, 'k2': 1.915468390724633e-05, 'D_high': 63916.55642276441, 'fire_exp': 1.0629462657398439, 'P_half': 3.0257721519613185, 'pre_dampen_half': 502.5175192217655, 'gpp_af': 0.008562341633595545, 'gpp_b': 0.0005392415140872105, 'gpp_d': 16.460426816350523, 'ign_k': 0.25494545883297104, 'ign_c': 15.221840161091626, 'trop_agb_crit': 5.707205898008383, 'trop_k_veg': 4.1309639246402785, 'fuel_k': 3.6992394681929337, 'fuel_half': 81.8794158253808}.
[I 2026-06-11 12:39:52,206] Trial 562 finished with values: [-0.5983220947264251, 0.6744664164021903] and parameters: {'k1': 0.00013649087666416944, 'D_low': 4.484744524732794, 'k2': 0.01567230746060024, 'D_high': 18912.7829170239, 'fire_exp': 1.0889492364376547, 'P_half': 220.3445560633069, 'pre_dampen_half': 502.5175192217655, 'gpp_af': 0.06789053271698488, 'gpp_b': 0.00012118589392553798, 'gpp_d': 16.460426816350523, 'ign_k': 0.5131654955148326, 'ign_c': 15.221840161091626, 'trop_agb_crit': 5.707205898008383, 'trop_k_veg': 1.7570501127699654, 'fuel_k': 2.8606142106392465, 'fuel_half': 42.6871254378718}.
[I 2026-06-11 12:39:53,140] Trial 563 finished with values: [10.317540971408693, 10.317540971408693] and parameters: {'k1': 8.17182556771865e-05, 'D_low': 20.32977847090263, 'k2': 0.0027431991397796683, 'D_high': 15000.328053766281, 'fire_exp': 1.6294642623991613, 'P_half': 277.92265849300054, 'pre_dampen_half': 347.79988160923324, 'gpp_af': 0.008562341633595545, 'gpp_b': 1.7565109007473816e-05, 'gpp_d': 16.460426816350523, 'ign_k': 0.5131654955148326, 'ign_c': 4.4067039945647455, 'trop_agb_crit': 5.707205898008383, 'trop_k_veg': 4.1309639246402785, 'fuel_k': 0.7156083490235491, 'fuel_half': 42.6871254378718}.
[I 2026-06-11 12:39:54,047] Trial 564 finished with values: [10.055161212502801, 10.055161212502801] and parameters: {'k1': 0.004312951023617458, 'D_low': 338.23872019362165, 'k2': 0.03865036856259725, 'D_high': 89263.11370835223, 'fire_exp': 1.2310899049053081, 'P_half': 10.226988730324324, 'pre_dampen_half': 294.75617712568373, 'gpp_af': 0.008562341633595545, 'gpp_b': 1.7565109007473816e-05, 'gpp_d': 302.3127748796293, 'ign_k': 0.5131654955148326, 'ign_c': 0.11650681118986138, 'trop_agb_crit': 24.584290528289387, 'trop_k_veg': 1.4584243470991722, 'fuel_k': 1.3128815679924584, 'fuel_half': 52.00581729114123}.
[I 2026-06-11 12:39:54,975] Trial 565 finished with values: [10.05701910788203, 10.05701910788203] and parameters: {'k1': 0.004312951023617458, 'D_low': 338.23872019362165, 'k2': 7.67074891445376e-05, 'D_high': 89263.11370835223, 'fire_exp': 2.2703704516008885, 'P_half': 6.658322706867178, 'pre_dampen_half': 158.2364439052928, 'gpp_af': 0.008562341633595545, 'gpp_b': 2.711380409817698e-05, 'gpp_d': 316.3119627337476, 'ign_k': 4.591485216740537, 'ign_c': 2.592301536155855, 'trop_agb_crit': 19.28597237496244, 'trop_k_veg': 4.1309639246402785, 'fuel_k': 3.6992394681929337, 'fuel_half': 42.6871254378718}.
[I 2026-06-11 12:39:55,894] Trial 566 finished with values: [-0.47523295234610985, 0.7060947853931535] and parameters: {'k1': 0.004312951023617458, 'D_low': 5.59983195169599, 'k2': 1.915468390724633e-05, 'D_high': 1919.1689944397538, 'fire_exp': 1.2310899049053081, 'P_half': 10.226988730324324, 'pre_dampen_half': 502.5175192217655, 'gpp_af': 0.0876577878178163, 'gpp_b': 0.0002637687576667052, 'gpp_d': 9.004606022643067, 'ign_k': 4.591485216740537, 'ign_c': 0.11650681118986138, 'trop_agb_crit': 26.402883285404346, 'trop_k_veg': 1.140286245977296, 'fuel_k': 0.030315034760496778, 'fuel_half': 81.8794158253808}.
[I 2026-06-11 12:39:56,839] Trial 567 finished with values: [10.766824434072708, 10.766824434072708] and parameters: {'k1': 0.003242143344038315, 'D_low': 5.59983195169599, 'k2': 0.005259118659251229, 'D_high': 3712.591045287726, 'fire_exp': 6.032891507385096, 'P_half': 220.3445560633069, 'pre_dampen_half': 502.5175192217655, 'gpp_af': 0.008562341633595545, 'gpp_b': 7.402343469704428e-05, 'gpp_d': 2.8006820077310213, 'ign_k': 0.012566783761977915, 'ign_c': 0.11650681118986138, 'trop_agb_crit': 19.189415375617013, 'trop_k_veg': 0.5772603928610088, 'fuel_k': 0.24991287225033346, 'fuel_half': 0.3995528014939306}.
[I 2026-06-11 12:39:57,932] Trial 568 finished with values: [-0.5205386694325853, 0.7762091082366311] and parameters: {'k1': 0.004312951023617458, 'D_low': 540.7445028694731, 'k2': 0.03865036856259725, 'D_high': 89263.11370835223, 'fire_exp': 1.2310899049053081, 'P_half': 220.3445560633069, 'pre_dampen_half': 347.79988160923324, 'gpp_af': 0.06789053271698488, 'gpp_b': 0.00010318352929732131, 'gpp_d': 129.7393125993744, 'ign_k': 0.5131654955148326, 'ign_c': 15.221840161091626, 'trop_agb_crit': 24.584290528289387, 'trop_k_veg': 1.6188317104473453, 'fuel_k': 0.5205627439018524, 'fuel_half': 10.06119804781128}.
[I 2026-06-11 12:39:58,851] Trial 569 finished with values: [-0.570885193802519, 0.9600350093275136] and parameters: {'k1': 0.004312951023617458, 'D_low': 5.59983195169599, 'k2': 0.0027431991397796683, 'D_high': 89263.11370835223, 'fire_exp': 1.0629462657398439, 'P_half': 13.019246714361572, 'pre_dampen_half': 502.5175192217655, 'gpp_af': 0.06789053271698488, 'gpp_b': 1.7565109007473816e-05, 'gpp_d': 2.8006820077310213, 'ign_k': 0.050667002161528835, 'ign_c': 15.221840161091626, 'trop_agb_crit': 1.3839399385754507, 'trop_k_veg': 1.4584243470991722, 'fuel_k': 0.8398846716543953, 'fuel_half': 81.8794158253808}.
[I 2026-06-11 12:39:59,753] Trial 570 finished with values: [-0.7074761688130442, 0.2512458831489396] and parameters: {'k1': 0.003242143344038315, 'D_low': 5.59983195169599, 'k2': 0.030699709531122967, 'D_high': 1390.2686711035008, 'fire_exp': 1.1258453832483524, 'P_half': 136.0956887810302, 'pre_dampen_half': 294.75617712568373, 'gpp_af': 0.008562341633595545, 'gpp_b': 0.00010318352929732131, 'gpp_d': 9.004606022643067, 'ign_k': 0.5131654955148326, 'ign_c': 0.11650681118986138, 'trop_agb_crit': 19.189415375617013, 'trop_k_veg': 0.9369104721775232, 'fuel_k': 1.3128815679924584, 'fuel_half': 81.8794158253808}.
[I 2026-06-11 12:40:00,861] Trial 571 finished with values: [10.083930518010485, 10.083930518010485] and parameters: {'k1': 0.00013649087666416944, 'D_low': 5.59983195169599, 'k2': 0.005259118659251229, 'D_high': 15000.328053766281, 'fire_exp': 1.0629462657398439, 'P_half': 220.3445560633069, 'pre_dampen_half': 347.79988160923324, 'gpp_af': 3.9446537792806113, 'gpp_b': 7.402343469704428e-05, 'gpp_d': 2.8006820077310213, 'ign_k': 4.591485216740537, 'ign_c': 11.462237838612067, 'trop_agb_crit': 19.189415375617013, 'trop_k_veg': 0.5772603928610088, 'fuel_k': 0.24991287225033346, 'fuel_half': 81.8794158253808}.
[I 2026-06-11 12:40:01,782] Trial 572 finished with values: [10.080788871899216, 10.080788871899216] and parameters: {'k1': 0.003129228656360861, 'D_low': 5.59983195169599, 'k2': 0.0027431991397796683, 'D_high': 15000.328053766281, 'fire_exp': 1.2310899049053081, 'P_half': 13.019246714361572, 'pre_dampen_half': 347.79988160923324, 'gpp_af': 0.015769192447197523, 'gpp_b': 0.005135775987795958, 'gpp_d': 6.913948698657619, 'ign_k': 4.591485216740537, 'ign_c': 15.221840161091626, 'trop_agb_crit': 5.707205898008383, 'trop_k_veg': 1.4584243470991722, 'fuel_k': 0.04572914063536324, 'fuel_half': 81.8794158253808}.
[I 2026-06-11 12:40:02,717] Trial 573 finished with values: [10.654065860997202, 10.654065860997202] and parameters: {'k1': 0.0015974581244256687, 'D_low': 5.59983195169599, 'k2': 0.005259118659251229, 'D_high': 89263.11370835223, 'fire_exp': 1.182396148413737, 'P_half': 136.0956887810302, 'pre_dampen_half': 294.75617712568373, 'gpp_af': 0.8571213555597653, 'gpp_b': 2.3382984208508275, 'gpp_d': 2.8006820077310213, 'ign_k': 0.1550134937334847, 'ign_c': 0.13670484737132343, 'trop_agb_crit': 19.189415375617013, 'trop_k_veg': 2.8224577471047865, 'fuel_k': 0.02929333925546488, 'fuel_half': 38.211294416912246}.
[I 2026-06-11 12:40:03,619] Trial 574 finished with values: [10.560257707237195, 10.560257707237195] and parameters: {'k1': 0.0015974581244256687, 'D_low': 886.124980446323, 'k2': 0.0027431991397796683, 'D_high': 89263.11370835223, 'fire_exp': 1.2310899049053081, 'P_half': 2.0915073038472545, 'pre_dampen_half': 502.5175192217655, 'gpp_af': 42.29037995744429, 'gpp_b': 2.3382984208508275, 'gpp_d': 16.460426816350523, 'ign_k': 0.5131654955148326, 'ign_c': 15.221840161091626, 'trop_agb_crit': 2.419699259862185, 'trop_k_veg': 1.140286245977296, 'fuel_k': 0.03743055596010634, 'fuel_half': 42.6871254378718}.
[I 2026-06-11 12:40:04,599] Trial 575 finished with values: [10.442046138941096, 10.442046138941096] and parameters: {'k1': 0.006587536748686894, 'D_low': 2826.1051090193655, 'k2': 0.0027431991397796683, 'D_high': 29722.48537653568, 'fire_exp': 1.6471752197360958, 'P_half': 13.019246714361572, 'pre_dampen_half': 294.75617712568373, 'gpp_af': 0.008562341633595545, 'gpp_b': 1.7565109007473816e-05, 'gpp_d': 27.50607428241511, 'ign_k': 4.591485216740537, 'ign_c': 15.221840161091626, 'trop_agb_crit': 9.879645484210656, 'trop_k_veg': 4.1309639246402785, 'fuel_k': 3.6992394681929337, 'fuel_half': 81.8794158253808}.
[I 2026-06-11 12:40:05,520] Trial 576 finished with values: [10.08077296233017, 10.08077296233017] and parameters: {'k1': 0.00013783578294796384, 'D_low': 844.0303958079087, 'k2': 0.0027431991397796683, 'D_high': 89263.11370835223, 'fire_exp': 1.2465639280699068, 'P_half': 10.226988730324324, 'pre_dampen_half': 502.5175192217655, 'gpp_af': 0.06789053271698488, 'gpp_b': 1.3862179439161665e-05, 'gpp_d': 9.004606022643067, 'ign_k': 4.591485216740537, 'ign_c': 0.9294394155644988, 'trop_agb_crit': 5.707205898008383, 'trop_k_veg': 2.96469974704069, 'fuel_k': 0.7156083490235491, 'fuel_half': 6.626468049070088}.
[I 2026-06-11 12:40:06,424] Trial 577 finished with values: [10.28827618259133, 10.28827618259133] and parameters: {'k1': 0.004312951023617458, 'D_low': 5.59983195169599, 'k2': 0.01567230746060024, 'D_high': 1537.4098204111451, 'fire_exp': 1.1258453832483524, 'P_half': 220.3445560633069, 'pre_dampen_half': 347.79988160923324, 'gpp_af': 0.06789053271698488, 'gpp_b': 0.0021331409710300844, 'gpp_d': 2.8006820077310213, 'ign_k': 0.00846814692316608, 'ign_c': 3.661204467448704, 'trop_agb_crit': 26.402883285404346, 'trop_k_veg': 1.4584243470991722, 'fuel_k': 0.8398846716543953, 'fuel_half': 81.8794158253808}.
[I 2026-06-11 12:40:07,376] Trial 578 finished with values: [10.114111993455248, 10.114111993455248] and parameters: {'k1': 0.004312951023617458, 'D_low': 5.59983195169599, 'k2': 0.005259118659251229, 'D_high': 89263.11370835223, 'fire_exp': 1.1258453832483524, 'P_half': 136.0956887810302, 'pre_dampen_half': 502.5175192217655, 'gpp_af': 0.005618069878716736, 'gpp_b': 0.00012118589392553798, 'gpp_d': 2.8006820077310213, 'ign_k': 0.2387290889916325, 'ign_c': 0.9294394155644988, 'trop_agb_crit': 19.28597237496244, 'trop_k_veg': 1.4584243470991722, 'fuel_k': 3.6992394681929337, 'fuel_half': 81.8794158253808}.
[I 2026-06-11 12:40:08,280] Trial 579 finished with values: [10.294140649922069, 10.294140649922069] and parameters: {'k1': 0.00013783578294796384, 'D_low': 5.59983195169599, 'k2': 0.01567230746060024, 'D_high': 1390.2686711035008, 'fire_exp': 1.1258453832483524, 'P_half': 136.0956887810302, 'pre_dampen_half': 294.75617712568373, 'gpp_af': 0.015769192447197523, 'gpp_b': 0.009563154080872067, 'gpp_d': 9.004606022643067, 'ign_k': 0.5131654955148326, 'ign_c': 0.11650681118986138, 'trop_agb_crit': 24.584290528289387, 'trop_k_veg': 4.1309639246402785, 'fuel_k': 1.3128815679924584, 'fuel_half': 91.90868674438059}.
[I 2026-06-11 12:40:09,182] Trial 580 finished with values: [-0.5803792382316474, 0.49766172252691765] and parameters: {'k1': 0.003242143344038315, 'D_low': 1.4045842344024697, 'k2': 1.915468390724633e-05, 'D_high': 15000.328053766281, 'fire_exp': 1.1258453832483524, 'P_half': 10.226988730324324, 'pre_dampen_half': 502.5175192217655, 'gpp_af': 0.0876577878178163, 'gpp_b': 0.004922228103935987, 'gpp_d': 9.004606022643067, 'ign_k': 0.5131654955148326, 'ign_c': 0.11650681118986138, 'trop_agb_crit': 26.402883285404346, 'trop_k_veg': 1.4584243470991722, 'fuel_k': 1.3128815679924584, 'fuel_half': 15.29850686893745}.
[I 2026-06-11 12:40:10,149] Trial 581 finished with values: [10.053872874691793, 10.053872874691793] and parameters: {'k1': 0.004312951023617458, 'D_low': 4.484744524732794, 'k2': 0.01567230746060024, 'D_high': 3712.591045287726, 'fire_exp': 1.1258453832483524, 'P_half': 220.3445560633069, 'pre_dampen_half': 347.79988160923324, 'gpp_af': 0.06789053271698488, 'gpp_b': 0.0021331409710300844, 'gpp_d': 16.460426816350523, 'ign_k': 0.5131654955148326, 'ign_c': 15.221840161091626, 'trop_agb_crit': 24.584290528289387, 'trop_k_veg': 4.1309639246402785, 'fuel_k': 0.487361804838494, 'fuel_half': 0.32476735706274484}.
[I 2026-06-11 12:40:11,067] Trial 582 finished with values: [10.429069468020803, 10.429069468020803] and parameters: {'k1': 0.004312951023617458, 'D_low': 1816.7721131483863, 'k2': 0.03865036856259725, 'D_high': 89263.11370835223, 'fire_exp': 1.2310899049053081, 'P_half': 10.226988730324324, 'pre_dampen_half': 502.5175192217655, 'gpp_af': 0.005618069878716736, 'gpp_b': 6.586254606637078e-05, 'gpp_d': 9.004606022643067, 'ign_k': 0.5131654955148326, 'ign_c': 15.221840161091626, 'trop_agb_crit': 26.402883285404346, 'trop_k_veg': 1.4584243470991722, 'fuel_k': 0.8398846716543953, 'fuel_half': 52.00581729114123}.
[I 2026-06-11 12:40:12,035] Trial 583 finished with values: [10.22503167476482, 10.22503167476482] and parameters: {'k1': 0.006033623633620595, 'D_low': 4.484744524732794, 'k2': 1.915468390724633e-05, 'D_high': 1390.2686711035008, 'fire_exp': 1.2310899049053081, 'P_half': 2.0915073038472545, 'pre_dampen_half': 347.79988160923324, 'gpp_af': 0.06789053271698488, 'gpp_b': 0.0005392415140872105, 'gpp_d': 16.460426816350523, 'ign_k': 0.5131654955148326, 'ign_c': 15.221840161091626, 'trop_agb_crit': 3.575594457014808, 'trop_k_veg': 0.5772603928610088, 'fuel_k': 0.04572914063536324, 'fuel_half': 42.6871254378718}.
[I 2026-06-11 12:40:12,963] Trial 584 finished with values: [10.45842914553462, 10.45842914553462] and parameters: {'k1': 0.004312951023617458, 'D_low': 844.0303958079087, 'k2': 0.01567230746060024, 'D_high': 3712.591045287726, 'fire_exp': 1.1258453832483524, 'P_half': 220.3445560633069, 'pre_dampen_half': 347.79988160923324, 'gpp_af': 0.06789053271698488, 'gpp_b': 0.0007040113316769033, 'gpp_d': 1.0509785213427776, 'ign_k': 0.5131654955148326, 'ign_c': 15.221840161091626, 'trop_agb_crit': 5.707205898008383, 'trop_k_veg': 4.1309639246402785, 'fuel_k': 0.04572914063536324, 'fuel_half': 42.6871254378718}.
[I 2026-06-11 12:40:13,865] Trial 585 finished with values: [10.646502875430341, 10.646502875430341] and parameters: {'k1': 0.003242143344038315, 'D_low': 5.59983195169599, 'k2': 0.01567230746060024, 'D_high': 21.208987108343724, 'fire_exp': 1.0889492364376547, 'P_half': 220.3445560633069, 'pre_dampen_half': 502.5175192217655, 'gpp_af': 0.06789053271698488, 'gpp_b': 7.402343469704428e-05, 'gpp_d': 9.004606022643067, 'ign_k': 0.5131654955148326, 'ign_c': 15.221840161091626, 'trop_agb_crit': 5.707205898008383, 'trop_k_veg': 2.639166174475906, 'fuel_k': 1.3128815679924584, 'fuel_half': 42.6871254378718}.
[I 2026-06-11 12:40:14,750] Trial 586 finished with values: [10.621161291970017, 10.621161291970017] and parameters: {'k1': 0.004312951023617458, 'D_low': 4.484744524732794, 'k2': 1.915468390724633e-05, 'D_high': 3712.591045287726, 'fire_exp': 2.2703704516008885, 'P_half': 220.3445560633069, 'pre_dampen_half': 502.5175192217655, 'gpp_af': 0.005618069878716736, 'gpp_b': 0.00012118589392553798, 'gpp_d': 16.460426816350523, 'ign_k': 0.6454459531371669, 'ign_c': 0.9294394155644988, 'trop_agb_crit': 24.584290528289387, 'trop_k_veg': 1.4584243470991722, 'fuel_k': 4.680936683972861, 'fuel_half': 42.6871254378718}.
[I 2026-06-11 12:40:15,667] Trial 587 finished with values: [10.131009265808352, 10.131009265808352] and parameters: {'k1': 0.004312951023617458, 'D_low': 844.0303958079087, 'k2': 0.0027431991397796683, 'D_high': 3712.591045287726, 'fire_exp': 1.1258453832483524, 'P_half': 51.61767747867285, 'pre_dampen_half': 347.79988160923324, 'gpp_af': 0.06789053271698488, 'gpp_b': 2.711380409817698e-05, 'gpp_d': 2.8006820077310213, 'ign_k': 0.5131654955148326, 'ign_c': 0.9294394155644988, 'trop_agb_crit': 24.584290528289387, 'trop_k_veg': 4.1309639246402785, 'fuel_k': 3.6992394681929337, 'fuel_half': 14.216519889545305}.
[I 2026-06-11 12:40:16,601] Trial 588 finished with values: [10.08930423396544, 10.08930423396544] and parameters: {'k1': 0.004312951023617458, 'D_low': 4.484744524732794, 'k2': 0.030699709531122967, 'D_high': 89263.11370835223, 'fire_exp': 2.2703704516008885, 'P_half': 38.82837025280678, 'pre_dampen_half': 502.5175192217655, 'gpp_af': 0.7539992074650279, 'gpp_b': 0.00010318352929732131, 'gpp_d': 9.004606022643067, 'ign_k': 4.591485216740537, 'ign_c': 0.1867876836333246, 'trop_agb_crit': 19.28597237496244, 'trop_k_veg': 0.5772603928610088, 'fuel_k': 3.6992394681929337, 'fuel_half': 81.8794158253808}.
[I 2026-06-11 12:40:17,552] Trial 589 finished with values: [10.186343494309115, 10.186343494309115] and parameters: {'k1': 0.004312951023617458, 'D_low': 5.59983195169599, 'k2': 0.005259118659251229, 'D_high': 1390.2686711035008, 'fire_exp': 1.0629462657398439, 'P_half': 10.226988730324324, 'pre_dampen_half': 347.79988160923324, 'gpp_af': 42.29037995744429, 'gpp_b': 7.402343469704428e-05, 'gpp_d': 17.273230592904202, 'ign_k': 0.5131654955148326, 'ign_c': 11.462237838612067, 'trop_agb_crit': 19.189415375617013, 'trop_k_veg': 1.4584243470991722, 'fuel_k': 4.680936683972861, 'fuel_half': 81.8794158253808}.
[I 2026-06-11 12:40:18,457] Trial 590 finished with values: [10.488379531852328, 10.488379531852328] and parameters: {'k1': 0.09738633019266786, 'D_low': 5.59983195169599, 'k2': 0.0027431991397796683, 'D_high': 3712.591045287726, 'fire_exp': 1.1258453832483524, 'P_half': 13.019246714361572, 'pre_dampen_half': 502.5175192217655, 'gpp_af': 0.06789053271698488, 'gpp_b': 1.7565109007473816e-05, 'gpp_d': 2.8006820077310213, 'ign_k': 0.5884974770225301, 'ign_c': 15.221840161091626, 'trop_agb_crit': 5.707205898008383, 'trop_k_veg': 4.1309639246402785, 'fuel_k': 0.030315034760496778, 'fuel_half': 42.6871254378718}.
[I 2026-06-11 12:40:19,376] Trial 591 finished with values: [10.76887801203864, 10.76887801203864] and parameters: {'k1': 0.003242143344038315, 'D_low': 2.2281634177046414, 'k2': 0.005259118659251229, 'D_high': 9996.359851911324, 'fire_exp': 1.1258453832483524, 'P_half': 136.0956887810302, 'pre_dampen_half': 502.5175192217655, 'gpp_af': 0.008562341633595545, 'gpp_b': 8.86208604060461, 'gpp_d': 9.004606022643067, 'ign_k': 0.5131654955148326, 'ign_c': 14.452451441203321, 'trop_agb_crit': 5.115968405120539, 'trop_k_veg': 2.639166174475906, 'fuel_k': 0.09252659617259135, 'fuel_half': 0.3995528014939306}.
[I 2026-06-11 12:40:20,279] Trial 592 finished with values: [10.10829728655595, 10.10829728655595] and parameters: {'k1': 0.003242143344038315, 'D_low': 166.51532285161684, 'k2': 0.0034207303670092245, 'D_high': 15000.328053766281, 'fire_exp': 1.2310899049053081, 'P_half': 136.0956887810302, 'pre_dampen_half': 294.75617712568373, 'gpp_af': 0.004385018674829579, 'gpp_b': 0.0005392415140872105, 'gpp_d': 9.004606022643067, 'ign_k': 0.5131654955148326, 'ign_c': 15.221840161091626, 'trop_agb_crit': 5.707205898008383, 'trop_k_veg': 4.1309639246402785, 'fuel_k': 3.6992394681929337, 'fuel_half': 81.8794158253808}.
[I 2026-06-11 12:40:21,420] Trial 593 finished with values: [-0.515752410616301, 0.6014919861778236] and parameters: {'k1': 5.232779509048979e-05, 'D_low': 4.484744524732794, 'k2': 0.03865036856259725, 'D_high': 15000.328053766281, 'fire_exp': 1.2310899049053081, 'P_half': 10.226988730324324, 'pre_dampen_half': 502.5175192217655, 'gpp_af': 0.008562341633595545, 'gpp_b': 0.00010318352929732131, 'gpp_d': 0.03315494004644148, 'ign_k': 4.591485216740537, 'ign_c': 0.11650681118986138, 'trop_agb_crit': 24.584290528289387, 'trop_k_veg': 1.4584243470991722, 'fuel_k': 0.05597555634027867, 'fuel_half': 52.00581729114123}.
[I 2026-06-11 12:40:22,353] Trial 594 finished with values: [10.661237307685942, 10.661237307685942] and parameters: {'k1': 0.007895056976009628, 'D_low': 5.59983195169599, 'k2': 0.03865036856259725, 'D_high': 1390.2686711035008, 'fire_exp': 1.2310899049053081, 'P_half': 13.019246714361572, 'pre_dampen_half': 502.5175192217655, 'gpp_af': 0.005618069878716736, 'gpp_b': 0.0295339477381795, 'gpp_d': 9.004606022643067, 'ign_k': 0.050667002161528835, 'ign_c': 0.11650681118986138, 'trop_agb_crit': 24.584290528289387, 'trop_k_veg': 1.4584243470991722, 'fuel_k': 0.8398846716543953, 'fuel_half': 52.00581729114123}.
