[I 2026-06-11 12:51:46,666] Trial 303 finished with values: [10.381162689656813, 10.381162689656813] and parameters: {'k1': 0.0003445931091927334, 'D_low': 1.7551403048208316, 'k2': 0.0001280886335404798, 'D_high': 24.9899605789089, 'fire_exp': 1.811096651915224, 'P_half': 9.580682294110435, 'pre_dampen_half': 189.88136301569827, 'gpp_af': 0.9219336658511308, 'gpp_b': 5.0875243087016374e-05, 'gpp_d': 21.899070557043984, 'ign_k': 0.004105873950290761, 'ign_c': 22.126836566118193, 'trop_agb_crit': 12.708819454040446, 'trop_k_veg': 1.6648666152166967, 'fire_amp': 1.1655705619308396}.
[I 2026-06-11 12:51:47,622] Trial 304 finished with values: [10.076725216516934, 10.076725216516934] and parameters: {'k1': 0.0071350717305711155, 'D_low': 2.843767489444367, 'k2': 0.0012030178871154666, 'D_high': 1537.592023548176, 'fire_exp': 1.2798881300289222, 'P_half': 436.4516946807792, 'pre_dampen_half': 75.10418138777538, 'gpp_af': 0.016306190741524337, 'gpp_b': 0.015062722325200045, 'gpp_d': 0.7698760608299932, 'ign_k': 4.869640941520899, 'ign_c': 2.2882309479728957, 'trop_agb_crit': 21.380932890222198, 'trop_k_veg': 1.2396985988794134, 'fire_amp': 1.7912500010961188}.
[I 2026-06-11 12:51:48,544] Trial 305 finished with values: [10.773678947216277, 10.773678947216277] and parameters: {'k1': 0.016973078532467004, 'D_low': 408.3047491580097, 'k2': 8.968733598183248e-05, 'D_high': 24.9899605789089, 'fire_exp': 1.2060040899560858, 'P_half': 1.4551749476072258, 'pre_dampen_half': 123.04779330083686, 'gpp_af': 0.060029341913968644, 'gpp_b': 0.002416023630607169, 'gpp_d': 21.899070557043984, 'ign_k': 0.002357279455676982, 'ign_c': 1.4879588507789996, 'trop_agb_crit': 24.199763404822136, 'trop_k_veg': 1.6648666152166967, 'fire_amp': 5.416595007374148}.
[I 2026-06-11 12:51:49,558] Trial 306 finished with values: [-0.3921977908095309, 0.10711100119250816] and parameters: {'k1': 5.178197947282869e-05, 'D_low': 236.79352040223893, 'k2': 0.0007731571570012607, 'D_high': 31301.15118850836, 'fire_exp': 1.2060040899560858, 'P_half': 3.591771421517613, 'pre_dampen_half': 4.847666216751353, 'gpp_af': 0.41874665092828456, 'gpp_b': 0.001674375583895437, 'gpp_d': 1.336803341156552, 'ign_k': 0.001229921046579313, 'ign_c': 1.364908766641693, 'trop_agb_crit': 2.100813292597435, 'trop_k_veg': 6.963655030926962, 'fire_amp': 2.7806853670293616}.
[I 2026-06-11 12:51:50,487] Trial 307 finished with values: [10.75129510699962, 10.75129510699962] and parameters: {'k1': 5.178197947282869e-05, 'D_low': 408.3047491580097, 'k2': 8.968733598183248e-05, 'D_high': 24.9899605789089, 'fire_exp': 1.2060040899560858, 'P_half': 51.10120656497163, 'pre_dampen_half': 4.847666216751353, 'gpp_af': 0.0065783822580709386, 'gpp_b': 0.015062722325200045, 'gpp_d': 94.19931479490882, 'ign_k': 0.0032383308053152635, 'ign_c': 388.02797007866826, 'trop_agb_crit': 1.8023542850487386, 'trop_k_veg': 1.6648666152166967, 'fire_amp': 5.416595007374148}.
[I 2026-06-11 12:51:51,459] Trial 308 finished with values: [10.768449502953446, 10.768449502953446] and parameters: {'k1': 0.00026539376439360527, 'D_low': 1074.940539517341, 'k2': 0.0001280886335404798, 'D_high': 6682.9607218310075, 'fire_exp': 1.811096651915224, 'P_half': 9.580682294110435, 'pre_dampen_half': 189.88136301569827, 'gpp_af': 0.9219336658511308, 'gpp_b': 0.002416023630607169, 'gpp_d': 21.899070557043984, 'ign_k': 0.09256855841989636, 'ign_c': 59.52904331761843, 'trop_agb_crit': 12.708819454040446, 'trop_k_veg': 2.99731137426955, 'fire_amp': 2.042193818779288}.
[I 2026-06-11 12:51:52,403] Trial 309 finished with values: [10.769230751006386, 10.769230751006386] and parameters: {'k1': 0.012840669372724958, 'D_low': 1.4002277211577039, 'k2': 0.002981573452453104, 'D_high': 20103.283734409175, 'fire_exp': 1.14171776851287, 'P_half': 1025.3368317956683, 'pre_dampen_half': 9.044346216330972, 'gpp_af': 29.700320404259642, 'gpp_b': 9.497440085397415e-05, 'gpp_d': 0.47379914349407487, 'ign_k': 0.9419612235978201, 'ign_c': 39.52220881906114, 'trop_agb_crit': 7.332660227137139, 'trop_k_veg': 0.7808079158649266, 'fire_amp': 1.3286749923230772}.
[I 2026-06-11 12:51:53,357] Trial 310 finished with values: [10.768554313337003, 10.768554313337003] and parameters: {'k1': 0.00023134781612225627, 'D_low': 2186.356344942016, 'k2': 7.639737756882014e-05, 'D_high': 21.356209987689077, 'fire_exp': 1.811096651915224, 'P_half': 1.4551749476072258, 'pre_dampen_half': 8.259599205585761, 'gpp_af': 0.10098504976210308, 'gpp_b': 0.12105864607844925, 'gpp_d': 545.0253444559129, 'ign_k': 0.09256855841989636, 'ign_c': 22.126836566118193, 'trop_agb_crit': 1.8023542850487386, 'trop_k_veg': 1.6648666152166967, 'fire_amp': 1.5719333351012774}.
[I 2026-06-11 12:51:54,297] Trial 311 finished with values: [10.580283884020762, 10.580283884020762] and parameters: {'k1': 0.00023134781612225627, 'D_low': 2.843767489444367, 'k2': 0.019383858782150494, 'D_high': 29.126651668813768, 'fire_exp': 1.111738490499784, 'P_half': 45.55085098454082, 'pre_dampen_half': 4.847666216751353, 'gpp_af': 1.8730788990929563, 'gpp_b': 0.0004360709560327289, 'gpp_d': 0.030844007727232167, 'ign_k': 0.002357279455676982, 'ign_c': 1.364908766641693, 'trop_agb_crit': 1.8023542850487386, 'trop_k_veg': 2.8926781829782864, 'fire_amp': 5.416595007374148}.
[I 2026-06-11 12:51:55,233] Trial 312 finished with values: [10.46475910091121, 10.46475910091121] and parameters: {'k1': 0.00023134781612225627, 'D_low': 2.843767489444367, 'k2': 0.0001870742013766025, 'D_high': 32311.521854410956, 'fire_exp': 1.811096651915224, 'P_half': 51.10120656497163, 'pre_dampen_half': 121.93011993958949, 'gpp_af': 0.5970408652384318, 'gpp_b': 0.015062722325200045, 'gpp_d': 0.1619054449471649, 'ign_k': 0.002357279455676982, 'ign_c': 388.02797007866826, 'trop_agb_crit': 21.380932890222198, 'trop_k_veg': 2.8926781829782864, 'fire_amp': 5.416595007374148}.
[I 2026-06-11 12:51:56,202] Trial 313 finished with values: [10.766964574573464, 10.766964574573464] and parameters: {'k1': 0.03648456083047798, 'D_low': 236.79352040223893, 'k2': 0.019383858782150494, 'D_high': 1266.9536563782303, 'fire_exp': 8.930248873821906, 'P_half': 1.4551749476072258, 'pre_dampen_half': 189.36639872354493, 'gpp_af': 3.298293484806585, 'gpp_b': 1.4008921101492135e-05, 'gpp_d': 0.030844007727232167, 'ign_k': 0.004020051040432127, 'ign_c': 1.364908766641693, 'trop_agb_crit': 2.100813292597435, 'trop_k_veg': 6.963655030926962, 'fire_amp': 2.7806853670293616}.
[I 2026-06-11 12:51:57,144] Trial 314 finished with values: [13.24590040049275, 13.24590040049275] and parameters: {'k1': 0.03648456083047798, 'D_low': 2.843767489444367, 'k2': 0.0001870742013766025, 'D_high': 32311.521854410956, 'fire_exp': 1.811096651915224, 'P_half': 51.10120656497163, 'pre_dampen_half': 121.93011993958949, 'gpp_af': 0.5970408652384318, 'gpp_b': 0.001674375583895437, 'gpp_d': 0.1619054449471649, 'ign_k': 0.0032383308053152635, 'ign_c': 1.364908766641693, 'trop_agb_crit': 21.380932890222198, 'trop_k_veg': 2.99731137426955, 'fire_amp': 5.416595007374148}.
[I 2026-06-11 12:51:58,076] Trial 315 finished with values: [10.605181079543183, 10.605181079543183] and parameters: {'k1': 0.03648456083047798, 'D_low': 1.7551403048208316, 'k2': 0.03071666851587867, 'D_high': 32311.521854410956, 'fire_exp': 1.2060040899560858, 'P_half': 12.262543158860007, 'pre_dampen_half': 1.4510220269654117, 'gpp_af': 52.24919465719593, 'gpp_b': 0.00047819318414852577, 'gpp_d': 0.1619054449471649, 'ign_k': 0.09256855841989636, 'ign_c': 7.081721844034206, 'trop_agb_crit': 8.0091368834625, 'trop_k_veg': 1.600928934389327, 'fire_amp': 3.139567065154707}.
[I 2026-06-11 12:51:59,030] Trial 316 finished with values: [10.57240393396491, 10.57240393396491] and parameters: {'k1': 0.00026539376439360527, 'D_low': 1074.940539517341, 'k2': 1.1417577140741129e-05, 'D_high': 29.126651668813768, 'fire_exp': 1.111738490499784, 'P_half': 38.93835424674703, 'pre_dampen_half': 189.36639872354493, 'gpp_af': 3.298293484806585, 'gpp_b': 0.006999112505425414, 'gpp_d': 0.030844007727232167, 'ign_k': 0.09256855841989636, 'ign_c': 7.832259769732471, 'trop_agb_crit': 1.8023542850487386, 'trop_k_veg': 1.6648666152166967, 'fire_amp': 2.042193818779288}.
[I 2026-06-11 12:51:59,942] Trial 317 finished with values: [10.56142388525566, 10.56142388525566] and parameters: {'k1': 0.03648456083047798, 'D_low': 1.7551403048208316, 'k2': 0.019383858782150494, 'D_high': 32311.521854410956, 'fire_exp': 1.2060040899560858, 'P_half': 102.93072560417136, 'pre_dampen_half': 37.40930273158252, 'gpp_af': 0.07302012718529301, 'gpp_b': 0.00047819318414852577, 'gpp_d': 0.1619054449471649, 'ign_k': 0.8945150807271531, 'ign_c': 7.081721844034206, 'trop_agb_crit': 8.0091368834625, 'trop_k_veg': 1.6003641872536711, 'fire_amp': 1.5587346124822492}.
[I 2026-06-11 12:52:00,881] Trial 318 finished with values: [10.659676411814367, 10.659676411814367] and parameters: {'k1': 0.0008362695993649681, 'D_low': 408.3047491580097, 'k2': 0.0001870742013766025, 'D_high': 24.9899605789089, 'fire_exp': 1.7505406131449859, 'P_half': 9.580682294110435, 'pre_dampen_half': 189.88136301569827, 'gpp_af': 20.12115544906385, 'gpp_b': 0.002416023630607169, 'gpp_d': 21.899070557043984, 'ign_k': 0.0467351899956275, 'ign_c': 23.422386257929038, 'trop_agb_crit': 21.086120736447015, 'trop_k_veg': 0.5183533149347164, 'fire_amp': 1.1655705619308396}.
[I 2026-06-11 12:52:01,946] Trial 319 finished with values: [10.76923076888676, 10.76923076888676] and parameters: {'k1': 0.016973078532467004, 'D_low': 1.4002277211577039, 'k2': 0.00012498583886387654, 'D_high': 315.101491238403, 'fire_exp': 1.6901885781909627, 'P_half': 5.4712187293420325, 'pre_dampen_half': 121.93011993958949, 'gpp_af': 0.07302012718529301, 'gpp_b': 0.00036184510553922684, 'gpp_d': 1.4397852866783676, 'ign_k': 8.628009047476775, 'ign_c': 388.02797007866826, 'trop_agb_crit': 7.332660227137139, 'trop_k_veg': 2.99731137426955, 'fire_amp': 2.0822063607840695}.
[I 2026-06-11 12:52:02,865] Trial 320 finished with values: [10.167142183607453, 10.167142183607453] and parameters: {'k1': 0.006079905434073396, 'D_low': 43.2326421037033, 'k2': 1.1417577140741129e-05, 'D_high': 29.126651668813768, 'fire_exp': 1.111738490499784, 'P_half': 93.43302657318476, 'pre_dampen_half': 253.71947027764784, 'gpp_af': 0.2204465010099918, 'gpp_b': 0.006999112505425414, 'gpp_d': 0.030844007727232167, 'ign_k': 0.02779045054796808, 'ign_c': 7.832259769732471, 'trop_agb_crit': 8.188098178380693, 'trop_k_veg': 2.520089655463604, 'fire_amp': 2.042193818779288}.
[I 2026-06-11 12:52:03,801] Trial 321 finished with values: [10.316129561744214, 10.316129561744214] and parameters: {'k1': 0.0071350717305711155, 'D_low': 2.843767489444367, 'k2': 0.0001280886335404798, 'D_high': 32311.521854410956, 'fire_exp': 1.6901885781909627, 'P_half': 5.4712187293420325, 'pre_dampen_half': 75.10418138777538, 'gpp_af': 0.016306190741524337, 'gpp_b': 0.015062722325200045, 'gpp_d': 0.7698760608299932, 'ign_k': 0.002357279455676982, 'ign_c': 2.2882309479728957, 'trop_agb_crit': 24.199763404822136, 'trop_k_veg': 1.2396985988794134, 'fire_amp': 1.7912500010961188}.
[I 2026-06-11 12:52:04,722] Trial 322 finished with values: [10.154911213172296, 10.154911213172296] and parameters: {'k1': 0.037704815040649445, 'D_low': 1.4002277211577039, 'k2': 0.019383858782150494, 'D_high': 1266.9536563782303, 'fire_exp': 1.2060040899560858, 'P_half': 102.93072560417136, 'pre_dampen_half': 4.847666216751353, 'gpp_af': 0.07302012718529301, 'gpp_b': 1.4008921101492135e-05, 'gpp_d': 1.4397852866783676, 'ign_k': 0.0032383308053152635, 'ign_c': 1.364908766641693, 'trop_agb_crit': 1.8023542850487386, 'trop_k_veg': 1.6648666152166967, 'fire_amp': 2.7806853670293616}.
[I 2026-06-11 12:52:05,654] Trial 323 finished with values: [10.638745070507023, 10.638745070507023] and parameters: {'k1': 0.012840669372724958, 'D_low': 43.03411264066069, 'k2': 0.0007731571570012607, 'D_high': 83.14160873549643, 'fire_exp': 1.1633452995374232, 'P_half': 93.43302657318476, 'pre_dampen_half': 1.8469033699850426, 'gpp_af': 0.2204465010099918, 'gpp_b': 2.176805640408474e-05, 'gpp_d': 0.030844007727232167, 'ign_k': 0.09256855841989636, 'ign_c': 7.832259769732471, 'trop_agb_crit': 21.086120736447015, 'trop_k_veg': 5.453348988480011, 'fire_amp': 5.44779717154213}.
[I 2026-06-11 12:52:06,592] Trial 324 finished with values: [10.361008456557213, 10.361008456557213] and parameters: {'k1': 0.00023134781612225627, 'D_low': 43.2326421037033, 'k2': 8.968733598183248e-05, 'D_high': 21.095259085905752, 'fire_exp': 1.633445707733642, 'P_half': 51.10120656497163, 'pre_dampen_half': 189.88136301569827, 'gpp_af': 1.9998014714101113, 'gpp_b': 0.015062722325200045, 'gpp_d': 0.1619054449471649, 'ign_k': 0.00660597889201953, 'ign_c': 1.4879588507789996, 'trop_agb_crit': 21.380932890222198, 'trop_k_veg': 0.5450786550840475, 'fire_amp': 5.416595007374148}.
[I 2026-06-11 12:52:07,517] Trial 325 finished with values: [10.79643078068721, 10.79643078068721] and parameters: {'k1': 9.132348475718357e-05, 'D_low': 236.79352040223893, 'k2': 0.019383858782150494, 'D_high': 1266.9536563782303, 'fire_exp': 1.2060040899560858, 'P_half': 102.93072560417136, 'pre_dampen_half': 18.127341934230078, 'gpp_af': 0.07302012718529301, 'gpp_b': 1.4008921101492135e-05, 'gpp_d': 1.4397852866783676, 'ign_k': 0.0032383308053152635, 'ign_c': 0.4177928311636542, 'trop_agb_crit': 2.100813292597435, 'trop_k_veg': 2.99731137426955, 'fire_amp': 2.7806853670293616}.
[I 2026-06-11 12:52:08,446] Trial 326 finished with values: [10.767793027146087, 10.767793027146087] and parameters: {'k1': 0.006079905434073396, 'D_low': 43.2326421037033, 'k2': 0.0007731571570012607, 'D_high': 21.095259085905752, 'fire_exp': 1.7505406131449859, 'P_half': 45.55085098454082, 'pre_dampen_half': 0.6960360257735198, 'gpp_af': 0.41874665092828456, 'gpp_b': 0.002416023630607169, 'gpp_d': 21.899070557043984, 'ign_k': 0.00660597889201953, 'ign_c': 1.4879588507789996, 'trop_agb_crit': 8.0091368834625, 'trop_k_veg': 0.5183533149347164, 'fire_amp': 1.1655705619308396}.
[I 2026-06-11 12:52:09,348] Trial 327 finished with values: [10.555787153354132, 10.555787153354132] and parameters: {'k1': 9.132348475718357e-05, 'D_low': 2.011190979341456, 'k2': 0.0011135501184757278, 'D_high': 42210.21267871043, 'fire_exp': 1.41873960828944, 'P_half': 61.6097529474144, 'pre_dampen_half': 16.009350908593582, 'gpp_af': 0.016306190741524337, 'gpp_b': 0.0011857788502887916, 'gpp_d': 304.7488318185732, 'ign_k': 0.0029519227433917453, 'ign_c': 1.9423015749984096, 'trop_agb_crit': 2.0527418919564324, 'trop_k_veg': 2.520089655463604, 'fire_amp': 1.0759744651553196}.
[I 2026-06-11 12:52:10,399] Trial 328 finished with values: [10.745706239664628, 10.745706239664628] and parameters: {'k1': 0.03648456083047798, 'D_low': 1.7551403048208316, 'k2': 0.028670350305540694, 'D_high': 24.9899605789089, 'fire_exp': 1.2060040899560858, 'P_half': 78.13392238162733, 'pre_dampen_half': 189.88136301569827, 'gpp_af': 0.41874665092828456, 'gpp_b': 0.001674375583895437, 'gpp_d': 21.899070557043984, 'ign_k': 0.004105873950290761, 'ign_c': 22.126836566118193, 'trop_agb_crit': 12.708819454040446, 'trop_k_veg': 1.6648666152166967, 'fire_amp': 5.667622640988655}.
[I 2026-06-11 12:52:11,301] Trial 329 finished with values: [11.166265752882147, 11.166265752882147] and parameters: {'k1': 0.016973078532467004, 'D_low': 2.843767489444367, 'k2': 1.1417577140741129e-05, 'D_high': 55.22071973135807, 'fire_exp': 1.6901885781909627, 'P_half': 5.4712187293420325, 'pre_dampen_half': 220.35141300841897, 'gpp_af': 0.5970408652384318, 'gpp_b': 0.05314875633348467, 'gpp_d': 76.38081075786287, 'ign_k': 0.002357279455676982, 'ign_c': 7.832259769732471, 'trop_agb_crit': 1.1683326952092081, 'trop_k_veg': 2.520089655463604, 'fire_amp': 5.416595007374148}.
[I 2026-06-11 12:52:12,233] Trial 330 finished with values: [10.32427929413387, 10.32427929413387] and parameters: {'k1': 0.0071350717305711155, 'D_low': 2.843767489444367, 'k2': 0.019383858782150494, 'D_high': 1537.592023548176, 'fire_exp': 1.2798881300289222, 'P_half': 1.4551749476072258, 'pre_dampen_half': 4.847666216751353, 'gpp_af': 0.060029341913968644, 'gpp_b': 0.015062722325200045, 'gpp_d': 0.7698760608299932, 'ign_k': 4.869640941520899, 'ign_c': 2.2882309479728957, 'trop_agb_crit': 1.8023542850487386, 'trop_k_veg': 1.2396985988794134, 'fire_amp': 2.7806853670293616}.
[I 2026-06-11 12:52:13,137] Trial 331 finished with values: [10.556372360083273, 10.556372360083273] and parameters: {'k1': 0.01212515722046018, 'D_low': 1.4002277211577039, 'k2': 0.019383858782150494, 'D_high': 315.101491238403, 'fire_exp': 1.2060040899560858, 'P_half': 51.10120656497163, 'pre_dampen_half': 4.847666216751353, 'gpp_af': 0.007531064950403672, 'gpp_b': 0.002416023630607169, 'gpp_d': 167.46194867675757, 'ign_k': 0.0032383308053152635, 'ign_c': 110.68683358440691, 'trop_agb_crit': 21.086120736447015, 'trop_k_veg': 2.99731137426955, 'fire_amp': 3.7523365308330816}.
[I 2026-06-11 12:52:14,118] Trial 332 finished with values: [10.35378715619738, 10.35378715619738] and parameters: {'k1': 0.016973078532467004, 'D_low': 2.843767489444367, 'k2': 0.0001870742013766025, 'D_high': 32311.521854410956, 'fire_exp': 1.6901885781909627, 'P_half': 5.4712187293420325, 'pre_dampen_half': 121.93011993958949, 'gpp_af': 0.5970408652384318, 'gpp_b': 0.05719024141066792, 'gpp_d': 0.1619054449471649, 'ign_k': 0.002357279455676982, 'ign_c': 388.02797007866826, 'trop_agb_crit': 1.1683326952092081, 'trop_k_veg': 1.2749676887479542, 'fire_amp': 5.416595007374148}.
[I 2026-06-11 12:52:15,092] Trial 333 finished with values: [10.595245083060163, 10.595245083060163] and parameters: {'k1': 0.00026539376439360527, 'D_low': 43.2326421037033, 'k2': 2.316457903103837e-05, 'D_high': 2295.7398214549485, 'fire_exp': 1.5191397119156032, 'P_half': 12.262543158860007, 'pre_dampen_half': 189.36639872354493, 'gpp_af': 3.298293484806585, 'gpp_b': 0.006999112505425414, 'gpp_d': 0.030844007727232167, 'ign_k': 0.02779045054796808, 'ign_c': 22.126836566118193, 'trop_agb_crit': 5.588032458772675, 'trop_k_veg': 1.6648666152166967, 'fire_amp': 5.44779717154213}.
[I 2026-06-11 12:52:16,042] Trial 334 finished with values: [-0.5335666027230155, 0.1553179968961439] and parameters: {'k1': 0.03648456083047798, 'D_low': 1.4002277211577039, 'k2': 0.019383858782150494, 'D_high': 1266.9536563782303, 'fire_exp': 1.2060040899560858, 'P_half': 102.93072560417136, 'pre_dampen_half': 4.847666216751353, 'gpp_af': 0.004531316405029204, 'gpp_b': 1.4008921101492135e-05, 'gpp_d': 1.4397852866783676, 'ign_k': 0.0032383308053152635, 'ign_c': 2.2882309479728957, 'trop_agb_crit': 2.100813292597435, 'trop_k_veg': 0.5471865667052176, 'fire_amp': 2.7806853670293616}.
[I 2026-06-11 12:52:17,014] Trial 335 finished with values: [10.13659346701692, 10.13659346701692] and parameters: {'k1': 0.05347027553411487, 'D_low': 1074.940539517341, 'k2': 0.0012030178871154666, 'D_high': 6682.9607218310075, 'fire_exp': 1.2060040899560858, 'P_half': 436.4516946807792, 'pre_dampen_half': 189.36639872354493, 'gpp_af': 27.78052183438328, 'gpp_b': 1.4008921101492135e-05, 'gpp_d': 1.4397852866783676, 'ign_k': 4.869640941520899, 'ign_c': 7.832259769732471, 'trop_agb_crit': 2.100813292597435, 'trop_k_veg': 6.963655030926962, 'fire_amp': 2.042193818779288}.
[I 2026-06-11 12:52:17,967] Trial 336 finished with values: [10.424568192681484, 10.424568192681484] and parameters: {'k1': 9.132348475718357e-05, 'D_low': 1.4002277211577039, 'k2': 0.019383858782150494, 'D_high': 315.101491238403, 'fire_exp': 1.2060040899560858, 'P_half': 102.93072560417136, 'pre_dampen_half': 4.847666216751353, 'gpp_af': 2.5017068255320485, 'gpp_b': 0.001674375583895437, 'gpp_d': 1.4397852866783676, 'ign_k': 0.0032383308053152635, 'ign_c': 1.364908766641693, 'trop_agb_crit': 2.100813292597435, 'trop_k_veg': 6.963655030926962, 'fire_amp': 2.7806853670293616}.
[I 2026-06-11 12:52:18,904] Trial 337 finished with values: [10.43455222022099, 10.43455222022099] and parameters: {'k1': 0.0003445931091927334, 'D_low': 2186.356344942016, 'k2': 0.08661811390647982, 'D_high': 31301.15118850836, 'fire_exp': 1.1633452995374232, 'P_half': 1.859526645713404, 'pre_dampen_half': 37.40930273158252, 'gpp_af': 0.10098504976210308, 'gpp_b': 5.0875243087016374e-05, 'gpp_d': 1.336803341156552, 'ign_k': 0.004105873950290761, 'ign_c': 482.3823303865253, 'trop_agb_crit': 8.0091368834625, 'trop_k_veg': 2.7637004570645405, 'fire_amp': 1.4475279918261055}.
[I 2026-06-11 12:52:19,920] Trial 338 finished with values: [10.725908185170155, 10.725908185170155] and parameters: {'k1': 0.0003445931091927334, 'D_low': 43.2326421037033, 'k2': 0.0001280886335404798, 'D_high': 2295.7398214549485, 'fire_exp': 1.811096651915224, 'P_half': 9.580682294110435, 'pre_dampen_half': 189.36639872354493, 'gpp_af': 0.9219336658511308, 'gpp_b': 5.0875243087016374e-05, 'gpp_d': 21.899070557043984, 'ign_k': 0.8945150807271531, 'ign_c': 22.126836566118193, 'trop_agb_crit': 1.438876022196885, 'trop_k_veg': 1.6648666152166967, 'fire_amp': 1.5587346124822492}.
[I 2026-06-11 12:52:20,864] Trial 339 finished with values: [10.348482021888966, 10.348482021888966] and parameters: {'k1': 0.03648456083047798, 'D_low': 1.4002277211577039, 'k2': 0.019383858782150494, 'D_high': 315.101491238403, 'fire_exp': 1.2060040899560858, 'P_half': 102.93072560417136, 'pre_dampen_half': 4.847666216751353, 'gpp_af': 0.060029341913968644, 'gpp_b': 0.0004125336560355494, 'gpp_d': 1.4397852866783676, 'ign_k': 0.0032383308053152635, 'ign_c': 153.51441568398127, 'trop_agb_crit': 2.0527418919564324, 'trop_k_veg': 2.520089655463604, 'fire_amp': 2.7806853670293616}.
