[I 2026-08-06 03:00:09,557] Trial 336 finished with values: [-0.5532668839575361, 0.16249239094375134] and parameters: {'k1': 3.29655013583809e-05, 'D_low': 29.89885508829526, 'k2': 4.484744524732793e-05, 'D_high': 13.670484737132345, 'fire_exp': 1.314673522286271, 'P_half': 25.255166452944085, 'pre_dampen_half': 397.4459556835019, 'gpp_af': 0.05391752791214327, 'gpp_b': 0.004215504256370331, 'gpp_d': 331.7366635899375, 'ign_k': 0.37424230019851973, 'ign_c': 6.807874826564585, 'gdp_gamma': 0.3862443158940324}.
[I 2026-08-06 03:00:11,406] Trial 337 finished with values: [-0.5544463345673939, 0.08997665858390058] and parameters: {'k1': 2.9394634586259703e-05, 'D_low': 3.7322156377670694, 'k2': 0.06994589881535453, 'D_high': 2970.7920514735997, 'fire_exp': 1.0881360604103363, 'P_half': 25.255166452944085, 'pre_dampen_half': 36.876350096203005, 'gpp_af': 0.002311080279955305, 'gpp_b': 0.004215504256370331, 'gpp_d': 331.7366635899375, 'ign_k': 0.37424230019851973, 'ign_c': 6.807874826564585, 'gdp_gamma': 0.8585865290142173}.
[I 2026-08-06 03:00:13,119] Trial 338 finished with values: [10.769230769027601, 10.769230769027601] and parameters: {'k1': 0.0030285741098956273, 'D_low': 6646.698709242519, 'k2': 0.03820259936390116, 'D_high': 35.11445258128688, 'fire_exp': 1.0881360604103363, 'P_half': 10.226988730324324, 'pre_dampen_half': 36.876350096203005, 'gpp_af': 0.002311080279955305, 'gpp_b': 0.004215504256370331, 'gpp_d': 304.7488318185732, 'ign_k': 0.07867677706257832, 'ign_c': 0.12519965329664598, 'gdp_gamma': 1.8068697350278546}.
[I 2026-08-06 03:00:14,882] Trial 339 finished with values: [10.199042295484674, 10.199042295484674] and parameters: {'k1': 2.9394634586259703e-05, 'D_low': 2808.7330790064375, 'k2': 0.0007492772870670282, 'D_high': 13.670484737132345, 'fire_exp': 1.314673522286271, 'P_half': 10.226988730324324, 'pre_dampen_half': 36.876350096203005, 'gpp_af': 0.05391752791214327, 'gpp_b': 0.0012070331879029856, 'gpp_d': 33.9790424311127, 'ign_k': 1.730072483865437, 'ign_c': 1.3894673469237204, 'gdp_gamma': 0.7366679513906507}.
[I 2026-08-06 03:00:16,724] Trial 340 finished with values: [10.59805965975278, 10.59805965975278] and parameters: {'k1': 2.80643901112427e-05, 'D_low': 1.1102341430568343, 'k2': 0.03820259936390116, 'D_high': 28975.337521324145, 'fire_exp': 1.0252685873887095, 'P_half': 10.226988730324324, 'pre_dampen_half': 36.876350096203005, 'gpp_af': 0.09145768948268033, 'gpp_b': 0.0030742893625766146, 'gpp_d': 331.7366635899375, 'ign_k': 0.002115412774188856, 'ign_c': 0.9580682294110432, 'gdp_gamma': 1.8068697350278546}.
[I 2026-08-06 03:00:18,521] Trial 341 finished with values: [10.167382348767086, 10.167382348767086] and parameters: {'k1': 2.80643901112427e-05, 'D_low': 29.89885508829526, 'k2': 3.277320296937061e-05, 'D_high': 1453.919918756155, 'fire_exp': 1.0340574447037933, 'P_half': 2.951922743391744, 'pre_dampen_half': 36.876350096203005, 'gpp_af': 1.036956521675621, 'gpp_b': 0.0011857788502887916, 'gpp_d': 18.889040735659893, 'ign_k': 0.37424230019851973, 'ign_c': 15.974581244256665, 'gdp_gamma': 0.0019370726251734059}.
[I 2026-08-06 03:00:20,216] Trial 342 finished with values: [10.589167365873646, 10.589167365873646] and parameters: {'k1': 6.0390962475457836e-05, 'D_low': 19.063314120324364, 'k2': 0.03820259936390116, 'D_high': 430.3411264066072, 'fire_exp': 1.0881360604103363, 'P_half': 2.951922743391744, 'pre_dampen_half': 17.62185042369633, 'gpp_af': 0.002311080279955305, 'gpp_b': 0.02052499618703749, 'gpp_d': 646.9381203459446, 'ign_k': 2.7728241828010627, 'ign_c': 11.37517159258865, 'gdp_gamma': 1.8068697350278546}.
[I 2026-08-06 03:00:22,086] Trial 343 finished with values: [-0.5589302654568205, 0.1316320884995732] and parameters: {'k1': 0.0030285741098956273, 'D_low': 30.956657914928517, 'k2': 0.00015466641867531393, 'D_high': 35.11445258128688, 'fire_exp': 1.0881360604103363, 'P_half': 141.1179996668461, 'pre_dampen_half': 36.876350096203005, 'gpp_af': 0.09145768948268033, 'gpp_b': 0.004215504256370331, 'gpp_d': 33.9790424311127, 'ign_k': 0.37424230019851973, 'ign_c': 0.21948188038908775, 'gdp_gamma': 0.3862443158940324}.
[I 2026-08-06 03:00:23,767] Trial 344 finished with values: [10.343477890273142, 10.343477890273142] and parameters: {'k1': 2.9394634586259703e-05, 'D_low': 3.7322156377670694, 'k2': 0.0007081721844034209, 'D_high': 2970.7920514735997, 'fire_exp': 1.2621840161507252, 'P_half': 2.1698375693549488, 'pre_dampen_half': 31.977584652685227, 'gpp_af': 0.002311080279955305, 'gpp_b': 3.481277316673104e-05, 'gpp_d': 26.003623362924223, 'ign_k': 0.0026834162496848666, 'ign_c': 6.160975294741436, 'gdp_gamma': 0.0072020317510415625}.
[I 2026-08-06 03:00:25,467] Trial 345 finished with values: [-0.5545822253940614, 0.16301327595101545] and parameters: {'k1': 0.0007284371265166888, 'D_low': 29.89885508829526, 'k2': 4.484744524732793e-05, 'D_high': 2308.5168151108014, 'fire_exp': 1.0727542652117925, 'P_half': 25.255166452944085, 'pre_dampen_half': 36.876350096203005, 'gpp_af': 0.06323437159998231, 'gpp_b': 0.004215504256370331, 'gpp_d': 1.2434469102435366, 'ign_k': 1.2021930484915047, 'ign_c': 0.3525936800597896, 'gdp_gamma': 0.3862443158940324}.
[I 2026-08-06 03:00:27,130] Trial 346 finished with values: [10.27148957192881, 10.27148957192881] and parameters: {'k1': 0.0007284371265166888, 'D_low': 148.10800730363493, 'k2': 0.00014001191914113747, 'D_high': 21863.563449420166, 'fire_exp': 1.0727542652117925, 'P_half': 4.933751600448339, 'pre_dampen_half': 41.409555474790004, 'gpp_af': 0.3015634307185767, 'gpp_b': 5.7857954539842234e-05, 'gpp_d': 0.025423250668193745, 'ign_k': 1.2021930484915047, 'ign_c': 22.126836566118193, 'gdp_gamma': 0.1138099269777268}.
[I 2026-08-06 03:00:28,887] Trial 347 finished with values: [10.100221623695786, 10.100221623695786] and parameters: {'k1': 2.9394634586259703e-05, 'D_low': 19.063314120324364, 'k2': 4.484744524732793e-05, 'D_high': 28975.337521324145, 'fire_exp': 1.0881360604103363, 'P_half': 10.226988730324324, 'pre_dampen_half': 36.876350096203005, 'gpp_af': 0.09145768948268033, 'gpp_b': 0.00020945908966222583, 'gpp_d': 331.7366635899375, 'ign_k': 0.37424230019851973, 'ign_c': 0.9580682294110432, 'gdp_gamma': 0.1800767622997315}.
[I 2026-08-06 03:00:30,514] Trial 348 finished with values: [10.266720486014037, 10.266720486014037] and parameters: {'k1': 0.000985079068311927, 'D_low': 29.89885508829526, 'k2': 0.00014001191914113747, 'D_high': 21863.563449420166, 'fire_exp': 2.066761381010117, 'P_half': 4.933751600448339, 'pre_dampen_half': 129.7187644086357, 'gpp_af': 29.925002022877802, 'gpp_b': 5.7857954539842234e-05, 'gpp_d': 189.88136301569827, 'ign_k': 0.37424230019851973, 'ign_c': 6.807874826564585, 'gdp_gamma': 0.1138099269777268}.
[I 2026-08-06 03:00:32,189] Trial 349 finished with values: [-0.5598315006119188, 0.1392621465846573] and parameters: {'k1': 2.9394634586259703e-05, 'D_low': 29.89885508829526, 'k2': 0.0007081721844034209, 'D_high': 21863.563449420166, 'fire_exp': 1.5191397119156032, 'P_half': 10.226988730324324, 'pre_dampen_half': 129.7187644086357, 'gpp_af': 0.05391752791214327, 'gpp_b': 0.011750724729953272, 'gpp_d': 10.931606102061748, 'ign_k': 0.0026834162496848666, 'ign_c': 6.160975294741436, 'gdp_gamma': 1.8068697350278546}.
[I 2026-08-06 03:00:33,963] Trial 350 finished with values: [-0.6248982799240181, 0.12344433152927259] and parameters: {'k1': 0.0030285741098956273, 'D_low': 148.10800730363493, 'k2': 0.00014001191914113747, 'D_high': 21863.563449420166, 'fire_exp': 1.0881360604103363, 'P_half': 4.933751600448339, 'pre_dampen_half': 36.876350096203005, 'gpp_af': 0.09145768948268033, 'gpp_b': 0.004215504256370331, 'gpp_d': 331.7366635899375, 'ign_k': 0.37424230019851973, 'ign_c': 22.126836566118193, 'gdp_gamma': 0.559652086128564}.
[I 2026-08-06 03:00:35,867] Trial 351 finished with values: [10.1822149773155, 10.1822149773155] and parameters: {'k1': 0.0030285741098956273, 'D_low': 29.89885508829526, 'k2': 4.484744524732793e-05, 'D_high': 3419.1084735544555, 'fire_exp': 1.0881360604103363, 'P_half': 141.1179996668461, 'pre_dampen_half': 36.876350096203005, 'gpp_af': 0.09145768948268033, 'gpp_b': 0.004215504256370331, 'gpp_d': 331.7366635899375, 'ign_k': 0.002115412774188856, 'ign_c': 0.21948188038908775, 'gdp_gamma': 0.3862443158940324}.
[I 2026-08-06 03:00:37,712] Trial 352 finished with values: [10.723961693750251, 10.723961693750251] and parameters: {'k1': 2.9394634586259703e-05, 'D_low': 1.1102341430568343, 'k2': 0.0007081721844034209, 'D_high': 9769.756791866093, 'fire_exp': 1.0252685873887095, 'P_half': 2.951922743391744, 'pre_dampen_half': 17.62185042369633, 'gpp_af': 0.002311080279955305, 'gpp_b': 0.03163825999019024, 'gpp_d': 4.5768578731086835, 'ign_k': 0.031585104499228, 'ign_c': 1.317454386434276, 'gdp_gamma': 0.0017836525159780022}.
[I 2026-08-06 03:00:39,598] Trial 353 finished with values: [10.282831616473937, 10.282831616473937] and parameters: {'k1': 2.9394634586259703e-05, 'D_low': 2539.9645554516837, 'k2': 0.00043415680119616545, 'D_high': 3419.1084735544555, 'fire_exp': 1.4322493718230251, 'P_half': 4.2070539502879365, 'pre_dampen_half': 36.876350096203005, 'gpp_af': 0.09145768948268033, 'gpp_b': 0.02052499618703749, 'gpp_d': 33.9790424311127, 'ign_k': 0.09562822793888485, 'ign_c': 8.362695993649677, 'gdp_gamma': 0.559652086128564}.
[I 2026-08-06 03:00:41,405] Trial 354 finished with values: [-0.5473102839575013, 0.133549328461946] and parameters: {'k1': 2.9394634586259703e-05, 'D_low': 19.063314120324364, 'k2': 0.03820259936390116, 'D_high': 2970.7920514735997, 'fire_exp': 1.0340574447037933, 'P_half': 10.755022125844455, 'pre_dampen_half': 9.16302609334724, 'gpp_af': 1.036956521675621, 'gpp_b': 0.0030742893625766146, 'gpp_d': 331.7366635899375, 'ign_k': 0.038791280730284435, 'ign_c': 1.317454386434276, 'gdp_gamma': 0.3862443158940324}.
[I 2026-08-06 03:00:43,472] Trial 355 finished with values: [-0.511773937011414, 0.3066987318889719] and parameters: {'k1': 0.002971796631657383, 'D_low': 1.1102341430568343, 'k2': 0.0007081721844034209, 'D_high': 9769.756791866093, 'fire_exp': 1.0727542652117925, 'P_half': 141.1179996668461, 'pre_dampen_half': 36.876350096203005, 'gpp_af': 29.925002022877802, 'gpp_b': 0.011750724729953272, 'gpp_d': 132.86323715350125, 'ign_k': 0.031585104499228, 'ign_c': 6.807874826564585, 'gdp_gamma': 0.014064640247968179}.
[I 2026-08-06 03:00:45,285] Trial 356 finished with values: [-0.5140794011970056, 0.2682363834775038] and parameters: {'k1': 0.0016661988193989237, 'D_low': 29.89885508829526, 'k2': 0.0007081721844034209, 'D_high': 25037.41931228843, 'fire_exp': 1.8108717155566076, 'P_half': 27.79045054796807, 'pre_dampen_half': 36.876350096203005, 'gpp_af': 29.925002022877802, 'gpp_b': 0.011750724729953272, 'gpp_d': 37.40930273158252, 'ign_k': 1.2021930484915047, 'ign_c': 6.807874826564585, 'gdp_gamma': 0.015216188354081242}.
[I 2026-08-06 03:00:47,108] Trial 357 finished with values: [10.05980676424823, 10.05980676424823] and parameters: {'k1': 0.031536006085184705, 'D_low': 29.89885508829526, 'k2': 0.0013054148118849399, 'D_high': 9769.756791866093, 'fire_exp': 1.4322493718230251, 'P_half': 1.2765717873951687, 'pre_dampen_half': 17.62185042369633, 'gpp_af': 52.92490796395662, 'gpp_b': 0.006373956092838178, 'gpp_d': 34.70266988650411, 'ign_k': 0.031585104499228, 'ign_c': 0.6693990428538836, 'gdp_gamma': 0.057304083737274164}.
[I 2026-08-06 03:00:48,936] Trial 358 finished with values: [10.76921372608055, 10.76921372608055] and parameters: {'k1': 0.002971796631657383, 'D_low': 29.89885508829526, 'k2': 0.0007081721844034209, 'D_high': 9769.756791866093, 'fire_exp': 4.76448706861935, 'P_half': 27.79045054796807, 'pre_dampen_half': 36.876350096203005, 'gpp_af': 0.002311080279955305, 'gpp_b': 0.011750724729953272, 'gpp_d': 33.9790424311127, 'ign_k': 0.002115412774188856, 'ign_c': 0.21948188038908775, 'gdp_gamma': 1.8068697350278546}.
[I 2026-08-06 03:00:50,727] Trial 359 finished with values: [10.097070297865532, 10.097070297865532] and parameters: {'k1': 2.9394634586259703e-05, 'D_low': 183.20100677246393, 'k2': 0.00011698039424426811, 'D_high': 2970.7920514735997, 'fire_exp': 1.2621840161507252, 'P_half': 2.1698375693549488, 'pre_dampen_half': 31.977584652685227, 'gpp_af': 0.002311080279955305, 'gpp_b': 3.686869490609954e-05, 'gpp_d': 26.003623362924223, 'ign_k': 0.0019264360371306567, 'ign_c': 0.6615437365561385, 'gdp_gamma': 1.8068697350278546}.
[I 2026-08-06 03:00:52,437] Trial 360 finished with values: [10.3501845936967, 10.3501845936967] and parameters: {'k1': 0.0007284371265166888, 'D_low': 1.1102341430568343, 'k2': 0.0007081721844034209, 'D_high': 9769.756791866093, 'fire_exp': 1.0727542652117925, 'P_half': 2.951922743391744, 'pre_dampen_half': 36.876350096203005, 'gpp_af': 0.06323437159998231, 'gpp_b': 0.028369067932328344, 'gpp_d': 4.5768578731086835, 'ign_k': 1.2021930484915047, 'ign_c': 0.6693990428538836, 'gdp_gamma': 0.7950307747753483}.
[I 2026-08-06 03:00:54,354] Trial 361 finished with values: [10.550329187159683, 10.550329187159683] and parameters: {'k1': 0.0030285741098956273, 'D_low': 655.1173063184817, 'k2': 0.0154776166709383, 'D_high': 13.670484737132345, 'fire_exp': 1.0340574447037933, 'P_half': 141.1179996668461, 'pre_dampen_half': 397.4459556835019, 'gpp_af': 0.05391752791214327, 'gpp_b': 0.004215504256370331, 'gpp_d': 304.7488318185732, 'ign_k': 0.031585104499228, 'ign_c': 1.3894673469237204, 'gdp_gamma': 0.7366679513906507}.
[I 2026-08-06 03:00:56,308] Trial 362 finished with values: [-0.5332462694492339, 0.4345729582859874] and parameters: {'k1': 0.000985079068311927, 'D_low': 3.7322156377670694, 'k2': 0.00014001191914113747, 'D_high': 21863.563449420166, 'fire_exp': 2.066761381010117, 'P_half': 2.1698375693549488, 'pre_dampen_half': 31.977584652685227, 'gpp_af': 29.925002022877802, 'gpp_b': 5.7857954539842234e-05, 'gpp_d': 189.88136301569827, 'ign_k': 0.37424230019851973, 'ign_c': 0.21948188038908775, 'gdp_gamma': 0.1491314556308135}.
[I 2026-08-06 03:00:58,147] Trial 363 finished with values: [-0.5512723019546664, 0.1578483972495146] and parameters: {'k1': 0.0002191739661157602, 'D_low': 148.10800730363493, 'k2': 0.0007492772870670282, 'D_high': 2308.5168151108014, 'fire_exp': 1.314673522286271, 'P_half': 141.1179996668461, 'pre_dampen_half': 397.4459556835019, 'gpp_af': 0.06323437159998231, 'gpp_b': 0.028369067932328344, 'gpp_d': 4.08522800366862, 'ign_k': 0.031585104499228, 'ign_c': 0.7299348683062306, 'gdp_gamma': 0.6423856065991593}.
[I 2026-08-06 03:01:00,100] Trial 364 finished with values: [10.348392566074818, 10.348392566074818] and parameters: {'k1': 0.0007284371265166888, 'D_low': 1.1102341430568343, 'k2': 3.277320296937061e-05, 'D_high': 9769.756791866093, 'fire_exp': 1.0727542652117925, 'P_half': 1.2765717873951687, 'pre_dampen_half': 36.876350096203005, 'gpp_af': 5.37309347906743, 'gpp_b': 0.028369067932328344, 'gpp_d': 1.2434469102435366, 'ign_k': 2.9456205692027426, 'ign_c': 0.6693990428538836, 'gdp_gamma': 0.0037053826502857277}.
[I 2026-08-06 03:01:01,957] Trial 365 finished with values: [10.20489664695597, 10.20489664695597] and parameters: {'k1': 0.0007284371265166888, 'D_low': 148.10800730363493, 'k2': 0.00014001191914113747, 'D_high': 74.64754881442119, 'fire_exp': 1.0727542652117925, 'P_half': 3.591771421517613, 'pre_dampen_half': 17.62185042369633, 'gpp_af': 0.06323437159998231, 'gpp_b': 0.0011857788502887916, 'gpp_d': 18.075983730158487, 'ign_k': 1.2021930484915047, 'ign_c': 0.9580682294110432, 'gdp_gamma': 0.1138099269777268}.
[I 2026-08-06 03:01:04,081] Trial 366 finished with values: [10.508457868957573, 10.508457868957573] and parameters: {'k1': 0.020843335294724204, 'D_low': 15.319072862693238, 'k2': 0.030796093943652483, 'D_high': 6814.781046529929, 'fire_exp': 1.2621840161507252, 'P_half': 611.791298190052, 'pre_dampen_half': 31.977584652685227, 'gpp_af': 3.437107943937141, 'gpp_b': 1.0521555979709747, 'gpp_d': 26.003623362924223, 'ign_k': 0.0019264360371306567, 'ign_c': 0.8598664501707766, 'gdp_gamma': 0.0013770537162898864}.
[I 2026-08-06 03:01:06,017] Trial 367 finished with values: [-0.5911565765649145, 0.06800832325129247] and parameters: {'k1': 0.0030285741098956273, 'D_low': 376.7022142229396, 'k2': 0.0007081721844034209, 'D_high': 2970.7920514735997, 'fire_exp': 1.0881360604103363, 'P_half': 10.226988730324324, 'pre_dampen_half': 8.904067307938409, 'gpp_af': 0.09145768948268033, 'gpp_b': 0.02052499618703749, 'gpp_d': 33.9790424311127, 'ign_k': 2.7728241828010627, 'ign_c': 0.6615437365561385, 'gdp_gamma': 1.8068697350278546}.
[I 2026-08-06 03:01:07,981] Trial 368 finished with values: [10.561418495631699, 10.561418495631699] and parameters: {'k1': 0.00031489116479568613, 'D_low': 29.89885508829526, 'k2': 0.0007492772870670282, 'D_high': 9769.756791866093, 'fire_exp': 1.4322493718230251, 'P_half': 616.4329525571076, 'pre_dampen_half': 17.62185042369633, 'gpp_af': 26.90845367054865, 'gpp_b': 0.040428727350273294, 'gpp_d': 34.70266988650411, 'ign_k': 0.37424230019851973, 'ign_c': 1.3894673469237204, 'gdp_gamma': 0.057304083737274164}.
[I 2026-08-06 03:01:10,039] Trial 369 finished with values: [10.298074962148448, 10.298074962148448] and parameters: {'k1': 0.0002191739661157602, 'D_low': 1.1102341430568343, 'k2': 0.0007492772870670282, 'D_high': 9769.756791866093, 'fire_exp': 1.0881360604103363, 'P_half': 141.1179996668461, 'pre_dampen_half': 36.876350096203005, 'gpp_af': 29.925002022877802, 'gpp_b': 0.0012070331879029856, 'gpp_d': 4.5768578731086835, 'ign_k': 0.0026834162496848666, 'ign_c': 1.3894673469237204, 'gdp_gamma': 0.057304083737274164}.
[I 2026-08-06 03:01:12,149] Trial 370 finished with values: [10.52206004957609, 10.52206004957609] and parameters: {'k1': 0.00523105312690905, 'D_low': 525.4883437268169, 'k2': 0.0007492772870670282, 'D_high': 74.64754881442119, 'fire_exp': 1.0881360604103363, 'P_half': 2.951922743391744, 'pre_dampen_half': 17.62185042369633, 'gpp_af': 58.83596555133606, 'gpp_b': 0.03163825999019024, 'gpp_d': 304.7488318185732, 'ign_k': 0.2981573452453105, 'ign_c': 1.3894673469237204, 'gdp_gamma': 0.057304083737274164}.
[I 2026-08-06 03:01:14,148] Trial 371 finished with values: [10.769228834779694, 10.769228834779694] and parameters: {'k1': 0.0002191739661157602, 'D_low': 1025.3368317956683, 'k2': 4.30943585950406e-05, 'D_high': 13.670484737132345, 'fire_exp': 7.601000466715835, 'P_half': 141.1179996668461, 'pre_dampen_half': 397.4459556835019, 'gpp_af': 0.05391752791214327, 'gpp_b': 0.0012070331879029856, 'gpp_d': 48.69745226446181, 'ign_k': 0.031585104499228, 'ign_c': 1.3894673469237204, 'gdp_gamma': 0.7366679513906507}.
[I 2026-08-06 03:01:16,018] Trial 372 finished with values: [-0.5245624443935266, 0.25736181470249664] and parameters: {'k1': 0.000985079068311927, 'D_low': 29.89885508829526, 'k2': 0.00014001191914113747, 'D_high': 21863.563449420166, 'fire_exp': 1.8108717155566076, 'P_half': 4.933751600448339, 'pre_dampen_half': 36.876350096203005, 'gpp_af': 0.09145768948268033, 'gpp_b': 5.7857954539842234e-05, 'gpp_d': 189.88136301569827, 'ign_k': 0.37424230019851973, 'ign_c': 6.807874826564585, 'gdp_gamma': 0.015216188354081242}.
[I 2026-08-06 03:01:17,936] Trial 373 finished with values: [10.766529287297926, 10.766529287297926] and parameters: {'k1': 0.00031489116479568613, 'D_low': 3071.6668515878673, 'k2': 0.007519407491506672, 'D_high': 35.11445258128688, 'fire_exp': 1.0881360604103363, 'P_half': 1.4105638677535268, 'pre_dampen_half': 0.014003494178092966, 'gpp_af': 21.42302175774105, 'gpp_b': 0.040428727350273294, 'gpp_d': 34.70266988650411, 'ign_k': 0.37424230019851973, 'ign_c': 6.807874826564585, 'gdp_gamma': 0.1138099269777268}.
[I 2026-08-06 03:01:19,741] Trial 374 finished with values: [10.473442813661512, 10.473442813661512] and parameters: {'k1': 0.0002191739661157602, 'D_low': 1.1102341430568343, 'k2': 2.143851363193518e-05, 'D_high': 13.670484737132345, 'fire_exp': 1.314673522286271, 'P_half': 141.1179996668461, 'pre_dampen_half': 14.711215379121963, 'gpp_af': 1.036956521675621, 'gpp_b': 0.0012070331879029856, 'gpp_d': 48.69745226446181, 'ign_k': 0.038791280730284435, 'ign_c': 1.3894673469237204, 'gdp_gamma': 0.3862443158940324}.
[I 2026-08-06 03:01:21,724] Trial 375 finished with values: [10.769229880767702, 10.769229880767702] and parameters: {'k1': 0.0030285741098956273, 'D_low': 29.89885508829526, 'k2': 2.143851363193518e-05, 'D_high': 25037.41931228843, 'fire_exp': 1.8108717155566076, 'P_half': 10.755022125844455, 'pre_dampen_half': 14.711215379121963, 'gpp_af': 0.09145768948268033, 'gpp_b': 0.004215504256370331, 'gpp_d': 331.7366635899375, 'ign_k': 0.038791280730284435, 'ign_c': 201.0328373440913, 'gdp_gamma': 0.015216188354081242}.
[I 2026-08-06 03:01:23,701] Trial 376 finished with values: [10.141867133237112, 10.141867133237112] and parameters: {'k1': 3.27702285192857e-05, 'D_low': 3.035760760678533, 'k2': 0.00043415680119616545, 'D_high': 16973.07853246701, 'fire_exp': 1.4322493718230251, 'P_half': 1.2765717873951687, 'pre_dampen_half': 17.62185042369633, 'gpp_af': 58.83596555133606, 'gpp_b': 0.02052499618703749, 'gpp_d': 646.9381203459446, 'ign_k': 0.26721460136202413, 'ign_c': 11.37517159258865, 'gdp_gamma': 0.08879103853459468}.
[I 2026-08-06 03:01:25,900] Trial 377 finished with values: [11.759981575652994, 11.759981575652994] and parameters: {'k1': 6.0390962475457836e-05, 'D_low': 1.1102341430568343, 'k2': 0.0007492772870670282, 'D_high': 9769.756791866093, 'fire_exp': 1.0340574447037933, 'P_half': 25.255166452944085, 'pre_dampen_half': 397.4459556835019, 'gpp_af': 58.83596555133606, 'gpp_b': 0.004215504256370331, 'gpp_d': 646.9381203459446, 'ign_k': 0.031585104499228, 'ign_c': 1.3894673469237204, 'gdp_gamma': 0.3862443158940324}.
