[I 2026-08-06 02:45:27,569] Trial 422 finished with values: [10.073608941799005, 10.073608941799005] and parameters: {'k1': 0.00011698039424426811, 'D_low': 29.89885508829526, 'k2': 0.0007081721844034209, 'D_high': 6455.595882939566, 'fire_exp': 1.0881360604103363, 'P_half': 10.226988730324324, 'pre_dampen_half': 107.40052367919465, 'gpp_af': 11.234842109991876, 'gpp_b': 0.0024605285374226047, 'gpp_d': 13.205186500450395, 'ign_k': 6.3073181184917315, 'ign_c': 6.160975294741436}.
[I 2026-08-06 02:45:28,633] Trial 423 finished with values: [10.243154700135648, 10.243154700135648] and parameters: {'k1': 0.0029707920514735983, 'D_low': 1.2299210465793122, 'k2': 1.1184534120760473e-05, 'D_high': 9769.756791866093, 'fire_exp': 1.0881360604103363, 'P_half': 24.136213194527585, 'pre_dampen_half': 247.25776073156666, 'gpp_af': 13.560863064135962, 'gpp_b': 3.228689523591491e-05, 'gpp_d': 857.4284557962634, 'ign_k': 0.03141110271934876, 'ign_c': 10.140635645866492}.
[I 2026-08-06 02:45:29,679] Trial 424 finished with values: [10.602082556593619, 10.602082556593619] and parameters: {'k1': 0.04897760278488444, 'D_low': 4.075267974954964, 'k2': 0.0022957398214549472, 'D_high': 9769.756791866093, 'fire_exp': 1.0881360604103363, 'P_half': 2.157758652553991, 'pre_dampen_half': 107.40052367919465, 'gpp_af': 29.925002022877802, 'gpp_b': 1.1008110571039521e-05, 'gpp_d': 34.37107943937136, 'ign_k': 0.0026834162496848666, 'ign_c': 9.34330265731847}.
[I 2026-08-06 02:45:30,771] Trial 425 finished with values: [10.120653652640645, 10.120653652640645] and parameters: {'k1': 0.00324789183891923, 'D_low': 4.075267974954964, 'k2': 1.1184534120760473e-05, 'D_high': 1024.9816559563214, 'fire_exp': 1.1044852285094786, 'P_half': 13.019246714361572, 'pre_dampen_half': 107.40052367919465, 'gpp_af': 20.12115544906385, 'gpp_b': 7.402343469704428e-05, 'gpp_d': 79.05373031352391, 'ign_k': 0.03141110271934876, 'ign_c': 0.9294394155644988}.
[I 2026-08-06 02:45:31,861] Trial 426 finished with values: [-0.47333436192489664, 0.32366100184600655] and parameters: {'k1': 0.002971796631657383, 'D_low': 29.89885508829526, 'k2': 0.0001870742013766025, 'D_high': 7744.80118512745, 'fire_exp': 1.0881360604103363, 'P_half': 10.226988730324324, 'pre_dampen_half': 304.7488318185732, 'gpp_af': 5.620854611217178, 'gpp_b': 0.011750724729953272, 'gpp_d': 3.57879245350232, 'ign_k': 0.0026834162496848666, 'ign_c': 10.140635645866492}.
[I 2026-08-06 02:45:32,935] Trial 427 finished with values: [10.768484710865202, 10.768484710865202] and parameters: {'k1': 0.016973078532467004, 'D_low': 1547.7616670938303, 'k2': 0.0043033566298259765, 'D_high': 1024.9816559563214, 'fire_exp': 1.0881360604103363, 'P_half': 2525.3810447657925, 'pre_dampen_half': 347.79988160923324, 'gpp_af': 11.234842109991876, 'gpp_b': 7.402343469704428e-05, 'gpp_d': 2.8006820077310213, 'ign_k': 0.11101191524846071, 'ign_c': 10.140635645866492}.
[I 2026-08-06 02:45:33,995] Trial 428 finished with values: [10.98197261089181, 10.98197261089181] and parameters: {'k1': 7.841214856323651e-05, 'D_low': 1112.9571947046009, 'k2': 0.0001870742013766025, 'D_high': 29456.2056920274, 'fire_exp': 1.5201277403788451, 'P_half': 24.136213194527585, 'pre_dampen_half': 304.7488318185732, 'gpp_af': 11.234842109991876, 'gpp_b': 3.228689523591491e-05, 'gpp_d': 368.30088529547436, 'ign_k': 0.3818468247973969, 'ign_c': 0.11272174259951144}.
[I 2026-08-06 02:45:35,097] Trial 429 finished with values: [10.745629982603264, 10.745629982603264] and parameters: {'k1': 0.002971796631657383, 'D_low': 1112.9571947046009, 'k2': 1.1184534120760473e-05, 'D_high': 8182.111518618414, 'fire_exp': 5.10931850633792, 'P_half': 24.136213194527585, 'pre_dampen_half': 107.40052367919465, 'gpp_af': 11.234842109991876, 'gpp_b': 0.011750724729953272, 'gpp_d': 368.30088529547436, 'ign_k': 2.2287087260110168, 'ign_c': 0.1457050032975653}.
[I 2026-08-06 02:45:36,175] Trial 430 finished with values: [10.290178051550173, 10.290178051550173] and parameters: {'k1': 0.002971796631657383, 'D_low': 616.4329525571076, 'k2': 1.1184534120760473e-05, 'D_high': 48249.14281180252, 'fire_exp': 1.151006986743773, 'P_half': 215.55950571043874, 'pre_dampen_half': 25.15960733455044, 'gpp_af': 1.2003722333832936, 'gpp_b': 0.0002399125814348087, 'gpp_d': 4.5768578731086835, 'ign_k': 0.03033111747878116, 'ign_c': 6.160975294741436}.
[I 2026-08-06 02:45:37,269] Trial 431 finished with values: [-0.4656214994099802, 0.3689194166853548] and parameters: {'k1': 7.841214856323651e-05, 'D_low': 50.217376233895635, 'k2': 0.0007081721844034209, 'D_high': 8182.111518618414, 'fire_exp': 1.1044852285094786, 'P_half': 24.136213194527585, 'pre_dampen_half': 304.7488318185732, 'gpp_af': 11.234842109991876, 'gpp_b': 3.228689523591491e-05, 'gpp_d': 368.30088529547436, 'ign_k': 0.019192001101561888, 'ign_c': 29.815734524531024}.
[I 2026-08-06 02:45:38,370] Trial 432 finished with values: [-0.4458820961130436, 0.683758306088559] and parameters: {'k1': 0.010253368317956682, 'D_low': 1112.9571947046009, 'k2': 4.30943585950406e-05, 'D_high': 33379.746704222074, 'fire_exp': 1.0881360604103363, 'P_half': 24.136213194527585, 'pre_dampen_half': 347.79988160923324, 'gpp_af': 29.925002022877802, 'gpp_b': 3.228689523591491e-05, 'gpp_d': 4.5768578731086835, 'ign_k': 0.0026834162496848666, 'ign_c': 10.140635645866492}.
[I 2026-08-06 02:45:39,477] Trial 433 finished with values: [10.66549101171267, 10.66549101171267] and parameters: {'k1': 0.00324789183891923, 'D_low': 29.89885508829526, 'k2': 0.03071666851587867, 'D_high': 9769.756791866093, 'fire_exp': 1.0881360604103363, 'P_half': 11.877073321543955, 'pre_dampen_half': 304.7488318185732, 'gpp_af': 29.925002022877802, 'gpp_b': 0.011750724729953272, 'gpp_d': 857.4284557962634, 'ign_k': 0.006912296717033066, 'ign_c': 0.11433485956638717}.
[I 2026-08-06 02:45:40,573] Trial 434 finished with values: [10.002073431872045, 10.002073431872045] and parameters: {'k1': 0.002971796631657383, 'D_low': 51.9967392387832, 'k2': 1.1184534120760473e-05, 'D_high': 41.05873950290761, 'fire_exp': 1.0881360604103363, 'P_half': 351.2704726270846, 'pre_dampen_half': 36.876350096203005, 'gpp_af': 13.560863064135962, 'gpp_b': 0.000832333943844274, 'gpp_d': 368.30088529547436, 'ign_k': 0.11101191524846071, 'ign_c': 0.11272174259951144}.
[I 2026-08-06 02:45:41,703] Trial 435 finished with values: [10.71631401552399, 10.71631401552399] and parameters: {'k1': 0.00324789183891923, 'D_low': 4.075267974954964, 'k2': 0.0001870742013766025, 'D_high': 8182.111518618414, 'fire_exp': 1.0881360604103363, 'P_half': 19.4230157499841, 'pre_dampen_half': 304.7488318185732, 'gpp_af': 0.0014003494178092962, 'gpp_b': 1.1008110571039521e-05, 'gpp_d': 4.5768578731086835, 'ign_k': 0.019192001101561888, 'ign_c': 201.0328373440913}.
[I 2026-08-06 02:45:42,821] Trial 436 finished with values: [10.016559499099115, 10.016559499099115] and parameters: {'k1': 0.002971796631657383, 'D_low': 3.2770228519285682, 'k2': 0.0007081721844034209, 'D_high': 48249.14281180252, 'fire_exp': 1.0881360604103363, 'P_half': 12.808863354047988, 'pre_dampen_half': 36.876350096203005, 'gpp_af': 29.925002022877802, 'gpp_b': 0.011750724729953272, 'gpp_d': 4.5768578731086835, 'ign_k': 0.03033111747878116, 'ign_c': 6.160975294741436}.
[I 2026-08-06 02:45:43,909] Trial 437 finished with values: [10.010170185497554, 10.010170185497554] and parameters: {'k1': 7.841214856323651e-05, 'D_low': 2.458603276328005, 'k2': 1.1184534120760473e-05, 'D_high': 10316.033434719713, 'fire_exp': 1.0881360604103363, 'P_half': 408.3047491580097, 'pre_dampen_half': 304.7488318185732, 'gpp_af': 11.234842109991876, 'gpp_b': 3.228689523591491e-05, 'gpp_d': 29.749683811098393, 'ign_k': 0.3818468247973969, 'ign_c': 9.34330265731847}.
[I 2026-08-06 02:45:45,020] Trial 438 finished with values: [10.001291403241593, 10.001291403241593] and parameters: {'k1': 0.00013783578294796384, 'D_low': 396.8136435370147, 'k2': 1.4378290221680118e-05, 'D_high': 1024.9816559563214, 'fire_exp': 1.1044852285094786, 'P_half': 13.019246714361572, 'pre_dampen_half': 347.79988160923324, 'gpp_af': 11.234842109991876, 'gpp_b': 0.0006082667040432242, 'gpp_d': 0.47379914349407487, 'ign_k': 0.11101191524846071, 'ign_c': 10.140635645866492}.
[I 2026-08-06 02:45:46,114] Trial 439 finished with values: [10.129279857038686, 10.129279857038686] and parameters: {'k1': 0.00324789183891923, 'D_low': 4.075267974954964, 'k2': 1.1184534120760473e-05, 'D_high': 7744.80118512745, 'fire_exp': 1.1044852285094786, 'P_half': 941.9612235978199, 'pre_dampen_half': 107.40052367919465, 'gpp_af': 5.620854611217178, 'gpp_b': 1.1008110571039521e-05, 'gpp_d': 368.30088529547436, 'ign_k': 0.3818468247973969, 'ign_c': 10.140635645866492}.
[I 2026-08-06 02:45:47,391] Trial 440 finished with values: [11.200225525634904, 11.200225525634904] and parameters: {'k1': 7.841214856323651e-05, 'D_low': 1112.9571947046009, 'k2': 0.031211489608802344, 'D_high': 75773.14388518519, 'fire_exp': 1.4690410989404576, 'P_half': 4.395816797119711, 'pre_dampen_half': 304.7488318185732, 'gpp_af': 12.298017893269162, 'gpp_b': 3.228689523591491e-05, 'gpp_d': 368.30088529547436, 'ign_k': 0.3818468247973969, 'ign_c': 6.160975294741436}.
[I 2026-08-06 02:45:48,512] Trial 441 finished with values: [10.261821441604164, 10.261821441604164] and parameters: {'k1': 0.002971796631657383, 'D_low': 918.4900818511542, 'k2': 1.1184534120760473e-05, 'D_high': 1024.9816559563214, 'fire_exp': 1.0881360604103363, 'P_half': 13.019246714361572, 'pre_dampen_half': 36.876350096203005, 'gpp_af': 11.234842109991876, 'gpp_b': 0.011750724729953272, 'gpp_d': 79.05373031352391, 'ign_k': 0.0026834162496848666, 'ign_c': 6.160975294741436}.
[I 2026-08-06 02:45:49,610] Trial 442 finished with values: [10.036741157643137, 10.036741157643137] and parameters: {'k1': 0.002971796631657383, 'D_low': 29.89885508829526, 'k2': 0.021307706784814803, 'D_high': 9769.756791866093, 'fire_exp': 1.0881360604103363, 'P_half': 10.226988730324324, 'pre_dampen_half': 36.876350096203005, 'gpp_af': 0.5107061330406066, 'gpp_b': 0.011750724729953272, 'gpp_d': 857.4284557962634, 'ign_k': 0.006912296717033066, 'ign_c': 0.11433485956638717}.
[I 2026-08-06 02:45:50,714] Trial 443 finished with values: [10.089704999689593, 10.089704999689593] and parameters: {'k1': 0.02714257255218683, 'D_low': 918.4900818511542, 'k2': 1.1184534120760473e-05, 'D_high': 6455.595882939566, 'fire_exp': 1.2680134752324452, 'P_half': 215.55950571043874, 'pre_dampen_half': 304.7488318185732, 'gpp_af': 13.560863064135962, 'gpp_b': 0.0002399125814348087, 'gpp_d': 368.30088529547436, 'ign_k': 0.11101191524846071, 'ign_c': 10.140635645866492}.
[I 2026-08-06 02:45:51,817] Trial 444 finished with values: [-0.468820378563141, 0.3608869264316935] and parameters: {'k1': 0.0029707920514735983, 'D_low': 523.1053126909052, 'k2': 1.1184534120760473e-05, 'D_high': 9769.756791866093, 'fire_exp': 1.0881360604103363, 'P_half': 11.877073321543955, 'pre_dampen_half': 107.40052367919465, 'gpp_af': 0.5107061330406066, 'gpp_b': 0.0024605285374226047, 'gpp_d': 368.30088529547436, 'ign_k': 0.10712009151798696, 'ign_c': 0.11433485956638717}.
[I 2026-08-06 02:45:52,929] Trial 445 finished with values: [10.766718841758552, 10.766718841758552] and parameters: {'k1': 0.00324789183891923, 'D_low': 1112.9571947046009, 'k2': 0.031211489608802344, 'D_high': 10.605801312906209, 'fire_exp': 1.151006986743773, 'P_half': 1.4061463985176637, 'pre_dampen_half': 107.40052367919465, 'gpp_af': 0.010590622233713298, 'gpp_b': 3.481277316673104e-05, 'gpp_d': 368.30088529547436, 'ign_k': 0.014879588507790004, 'ign_c': 0.1457050032975653}.
[I 2026-08-06 02:45:54,025] Trial 446 finished with values: [10.606674325413183, 10.606674325413183] and parameters: {'k1': 7.841214856323651e-05, 'D_low': 918.4900818511542, 'k2': 3.5917714215176105e-05, 'D_high': 6455.595882939566, 'fire_exp': 1.9365919987098117, 'P_half': 13.019246714361572, 'pre_dampen_half': 111.37963167994629, 'gpp_af': 11.234842109991876, 'gpp_b': 7.402343469704428e-05, 'gpp_d': 79.05373031352391, 'ign_k': 0.03141110271934876, 'ign_c': 10.140635645866492}.
[I 2026-08-06 02:45:55,152] Trial 447 finished with values: [-0.4735586373018589, 0.3705422124316622] and parameters: {'k1': 0.00324789183891923, 'D_low': 4.075267974954964, 'k2': 0.002935672965826306, 'D_high': 9769.756791866093, 'fire_exp': 1.0881360604103363, 'P_half': 12.808863354047988, 'pre_dampen_half': 805.2502904451399, 'gpp_af': 5.620854611217178, 'gpp_b': 0.011750724729953272, 'gpp_d': 0.6380717024176037, 'ign_k': 0.0035114452581286888, 'ign_c': 0.11433485956638717}.
[I 2026-08-06 02:45:56,262] Trial 448 finished with values: [10.03539560271236, 10.03539560271236] and parameters: {'k1': 0.0028421405887320826, 'D_low': 523.1053126909052, 'k2': 1.1184534120760473e-05, 'D_high': 75773.14388518519, 'fire_exp': 1.6529278148136084, 'P_half': 336.708521740818, 'pre_dampen_half': 304.7488318185732, 'gpp_af': 11.234842109991876, 'gpp_b': 0.0024605285374226047, 'gpp_d': 368.30088529547436, 'ign_k': 6.3073181184917315, 'ign_c': 0.1457050032975653}.
[I 2026-08-06 02:45:57,373] Trial 449 finished with values: [-0.4717763580231867, 0.4410021453683367] and parameters: {'k1': 7.841214856323651e-05, 'D_low': 3840.3004190988563, 'k2': 0.0001870742013766025, 'D_high': 8182.111518618414, 'fire_exp': 1.0881360604103363, 'P_half': 19.4230157499841, 'pre_dampen_half': 304.7488318185732, 'gpp_af': 0.47739011308437823, 'gpp_b': 1.1008110571039521e-05, 'gpp_d': 5.878566318396007, 'ign_k': 0.03141110271934876, 'ign_c': 0.11272174259951144}.
[I 2026-08-06 02:45:58,468] Trial 450 finished with values: [10.766465605243415, 10.766465605243415] and parameters: {'k1': 0.0029707920514735983, 'D_low': 1.2299210465793122, 'k2': 0.0007081721844034209, 'D_high': 109.44963667961977, 'fire_exp': 4.305322641492379, 'P_half': 215.55950571043874, 'pre_dampen_half': 304.7488318185732, 'gpp_af': 0.5107061330406066, 'gpp_b': 0.00031478066835753096, 'gpp_d': 857.4284557962634, 'ign_k': 0.11101191524846071, 'ign_c': 0.1457050032975653}.
[I 2026-08-06 02:45:59,566] Trial 451 finished with values: [-0.44445978980919537, 0.45745068394691735] and parameters: {'k1': 0.0014452451441203328, 'D_low': 1112.9571947046009, 'k2': 3.5917714215176105e-05, 'D_high': 6455.595882939566, 'fire_exp': 1.151006986743773, 'P_half': 12.808863354047988, 'pre_dampen_half': 107.40052367919465, 'gpp_af': 1.3725472882585024, 'gpp_b': 3.481277316673104e-05, 'gpp_d': 150.14555442537656, 'ign_k': 0.0026834162496848666, 'ign_c': 8.671454322584175}.
[I 2026-08-06 02:46:00,691] Trial 452 finished with values: [-0.4537513093909791, 0.40446426324049545] and parameters: {'k1': 1.1845753911529365e-05, 'D_low': 3840.3004190988563, 'k2': 3.5917714215176105e-05, 'D_high': 8182.111518618414, 'fire_exp': 1.0881360604103363, 'P_half': 12.808863354047988, 'pre_dampen_half': 304.7488318185732, 'gpp_af': 0.47739011308437823, 'gpp_b': 1.1008110571039521e-05, 'gpp_d': 79.2915624488668, 'ign_k': 0.019192001101561888, 'ign_c': 2.4287565087611744}.
[I 2026-08-06 02:46:01,803] Trial 453 finished with values: [-0.4661069614058443, 0.4670232914768421] and parameters: {'k1': 0.0014057163351022498, 'D_low': 4.051452710153359, 'k2': 2.678690610097712e-05, 'D_high': 6455.595882939566, 'fire_exp': 1.0881360604103363, 'P_half': 147.09699119495133, 'pre_dampen_half': 304.7488318185732, 'gpp_af': 13.560863064135962, 'gpp_b': 3.228689523591491e-05, 'gpp_d': 857.4284557962634, 'ign_k': 0.03033111747878116, 'ign_c': 8.671454322584175}.
[I 2026-08-06 02:46:02,917] Trial 454 finished with values: [10.06723082901671, 10.06723082901671] and parameters: {'k1': 0.00324789183891923, 'D_low': 1112.9571947046009, 'k2': 0.0007081721844034209, 'D_high': 11069.082134755383, 'fire_exp': 1.151006986743773, 'P_half': 12.808863354047988, 'pre_dampen_half': 304.7488318185732, 'gpp_af': 20.12115544906385, 'gpp_b': 3.481277316673104e-05, 'gpp_d': 5.085491038878331, 'ign_k': 0.019192001101561888, 'ign_c': 0.1457050032975653}.
[I 2026-08-06 02:46:04,045] Trial 455 finished with values: [10.136266781951417, 10.136266781951417] and parameters: {'k1': 0.01833717796770997, 'D_low': 1112.9571947046009, 'k2': 0.0007081721844034209, 'D_high': 48249.14281180252, 'fire_exp': 1.676642890914909, 'P_half': 24.136213194527585, 'pre_dampen_half': 304.7488318185732, 'gpp_af': 20.12115544906385, 'gpp_b': 0.00031478066835753096, 'gpp_d': 653.070428885499, 'ign_k': 0.019192001101561888, 'ign_c': 0.1457050032975653}.
[I 2026-08-06 02:46:05,220] Trial 456 finished with values: [10.720493200448148, 10.720493200448148] and parameters: {'k1': 7.841214856323651e-05, 'D_low': 4.075267974954964, 'k2': 1.1184534120760473e-05, 'D_high': 7744.80118512745, 'fire_exp': 2.197213031069217, 'P_half': 339.2247823857358, 'pre_dampen_half': 107.40052367919465, 'gpp_af': 5.620854611217178, 'gpp_b': 7.402343469704428e-05, 'gpp_d': 0.6380717024176037, 'ign_k': 5.347027553411489, 'ign_c': 0.9294394155644988}.
[I 2026-08-06 02:46:06,369] Trial 457 finished with values: [10.035158103698604, 10.035158103698604] and parameters: {'k1': 7.841214856323651e-05, 'D_low': 29.89885508829526, 'k2': 0.0007081721844034209, 'D_high': 9769.756791866093, 'fire_exp': 1.151006986743773, 'P_half': 24.136213194527585, 'pre_dampen_half': 36.876350096203005, 'gpp_af': 13.560863064135962, 'gpp_b': 0.00031478066835753096, 'gpp_d': 5.878566318396007, 'ign_k': 0.03141110271934876, 'ign_c': 6.160975294741436}.
[I 2026-08-06 02:46:07,716] Trial 458 finished with values: [10.03995981003701, 10.03995981003701] and parameters: {'k1': 0.002971796631657383, 'D_low': 1112.9571947046009, 'k2': 0.031211489608802344, 'D_high': 8182.111518618414, 'fire_exp': 1.0881360604103363, 'P_half': 12.808863354047988, 'pre_dampen_half': 304.7488318185732, 'gpp_af': 0.010590622233713298, 'gpp_b': 0.00012797528816608022, 'gpp_d': 0.03254982364882648, 'ign_k': 0.019192001101561888, 'ign_c': 0.1457050032975653}.
[I 2026-08-06 02:46:08,931] Trial 459 finished with values: [10.518498992303329, 10.518498992303329] and parameters: {'k1': 0.00324789183891923, 'D_low': 29.89885508829526, 'k2': 0.031211489608802344, 'D_high': 9769.756791866093, 'fire_exp': 1.151006986743773, 'P_half': 12.808863354047988, 'pre_dampen_half': 485.44768702840923, 'gpp_af': 29.925002022877802, 'gpp_b': 1.1008110571039521e-05, 'gpp_d': 5.679195944606101, 'ign_k': 0.03033111747878116, 'ign_c': 6.160975294741436}.
[I 2026-08-06 02:46:10,155] Trial 460 finished with values: [-0.4497655353537722, 0.7151036246822264] and parameters: {'k1': 0.005643426708406567, 'D_low': 1112.9571947046009, 'k2': 0.031211489608802344, 'D_high': 75773.14388518519, 'fire_exp': 1.5201277403788451, 'P_half': 12.808863354047988, 'pre_dampen_half': 304.7488318185732, 'gpp_af': 29.925002022877802, 'gpp_b': 0.00031478066835753096, 'gpp_d': 5.679195944606101, 'ign_k': 0.014879588507790004, 'ign_c': 6.160975294741436}.
[I 2026-08-06 02:46:11,315] Trial 461 finished with values: [10.479803534486818, 10.479803534486818] and parameters: {'k1': 0.002971796631657383, 'D_low': 29.89885508829526, 'k2': 0.0001870742013766025, 'D_high': 8182.111518618414, 'fire_exp': 1.0881360604103363, 'P_half': 10.226988730324324, 'pre_dampen_half': 304.7488318185732, 'gpp_af': 11.234842109991876, 'gpp_b': 3.228689523591491e-05, 'gpp_d': 13.205186500450395, 'ign_k': 0.03141110271934876, 'ign_c': 6.160975294741436}.
[I 2026-08-06 02:46:12,468] Trial 462 finished with values: [10.721072263157325, 10.721072263157325] and parameters: {'k1': 0.002971796631657383, 'D_low': 2.458603276328005, 'k2': 0.0001870742013766025, 'D_high': 6455.595882939566, 'fire_exp': 1.0881360604103363, 'P_half': 10.226988730324324, 'pre_dampen_half': 107.40052367919465, 'gpp_af': 0.0021836613912815635, 'gpp_b': 0.011750724729953272, 'gpp_d': 29.749683811098393, 'ign_k': 0.0026834162496848666, 'ign_c': 10.140635645866492}.
[I 2026-08-06 02:46:13,637] Trial 463 finished with values: [-0.4674063801807981, 0.41061436701775333] and parameters: {'k1': 0.00324789183891923, 'D_low': 29.89885508829526, 'k2': 0.0001599021369655865, 'D_high': 6802.810205786723, 'fire_exp': 1.0881360604103363, 'P_half': 12.808863354047988, 'pre_dampen_half': 304.7488318185732, 'gpp_af': 29.925002022877802, 'gpp_b': 0.011750724729953272, 'gpp_d': 4.5768578731086835, 'ign_k': 0.0026834162496848666, 'ign_c': 6.160975294741436}.
[I 2026-08-06 02:46:14,809] Trial 464 finished with values: [-0.47437663283626286, 0.6204415238175403] and parameters: {'k1': 7.841214856323651e-05, 'D_low': 4.075267974954964, 'k2': 0.0007081721844034209, 'D_high': 75773.14388518519, 'fire_exp': 1.5201277403788451, 'P_half': 12.808863354047988, 'pre_dampen_half': 304.7488318185732, 'gpp_af': 20.12115544906385, 'gpp_b': 0.00031478066835753096, 'gpp_d': 4.5768578731086835, 'ign_k': 0.03033111747878116, 'ign_c': 0.11272174259951144}.
[I 2026-08-06 02:46:15,938] Trial 465 finished with values: [10.665552470831614, 10.665552470831614] and parameters: {'k1': 0.002407354618388189, 'D_low': 18.522006003174383, 'k2': 0.0007081721844034209, 'D_high': 18.595266457134045, 'fire_exp': 1.5201277403788451, 'P_half': 125.61043700013555, 'pre_dampen_half': 304.7488318185732, 'gpp_af': 11.234842109991876, 'gpp_b': 0.0024605285374226047, 'gpp_d': 5.878566318396007, 'ign_k': 0.03141110271934876, 'ign_c': 0.11272174259951144}.
[I 2026-08-06 02:46:17,036] Trial 466 finished with values: [10.01365518502073, 10.01365518502073] and parameters: {'k1': 0.002971796631657383, 'D_low': 29.89885508829526, 'k2': 0.0007081721844034209, 'D_high': 9769.756791866093, 'fire_exp': 1.0881360604103363, 'P_half': 12.808863354047988, 'pre_dampen_half': 304.7488318185732, 'gpp_af': 20.12115544906385, 'gpp_b': 0.09594602618277148, 'gpp_d': 3.57879245350232, 'ign_k': 0.0035114452581286888, 'ign_c': 10.140635645866492}.
