[I 2026-06-09 12:21:28,458] Trial 975 finished with values: [10.11292789171293, 10.11292789171293] and parameters: {'k1': 0.01549659926581634, 'D_low': 102.53722513378383, 'k2': 0.0005700142105246941, 'D_high': 39655.03094323017, 'fire_exp': 2.10707132280748, 'P_half': 50.32059347286801, 'pre_dampen_half': 340.6909167027263, 'gpp_af': 1.3218737536384089, 'gpp_b': 0.00977702299083608, 'gpp_d': 99.3234953243749, 'ign_k': 0.019893156880585666, 'ign_c': 1.8836925134820866, 'trop_agb_crit': 2.6695352180079177, 'trop_k_veg': 1.8981057964668895}.
[I 2026-06-09 12:21:30,007] Trial 976 finished with values: [-0.5193185251633248, 0.2055506725395192] and parameters: {'k1': 1.263794633808287e-05, 'D_low': 125.32726386250698, 'k2': 8.488887549001697e-05, 'D_high': 39655.03094323017, 'fire_exp': 1.608176525358426, 'P_half': 28.647019533509873, 'pre_dampen_half': 673.2248920775328, 'gpp_af': 21.258647437649888, 'gpp_b': 1.7213644875359617e-05, 'gpp_d': 500.2195003344709, 'ign_k': 0.3242143344038317, 'ign_c': 18.43395662181926, 'trop_agb_crit': 2.064341235744835, 'trop_k_veg': 4.8737397608275925}.
[I 2026-06-09 12:21:31,201] Trial 977 finished with values: [-0.5294645543618127, 0.23853665792696432] and parameters: {'k1': 0.015161591075671724, 'D_low': 2.3244932709566686, 'k2': 8.488887549001697e-05, 'D_high': 69868.4759244566, 'fire_exp': 1.060109541566103, 'P_half': 818.2111518618419, 'pre_dampen_half': 151.32148777056312, 'gpp_af': 0.32613327839065587, 'gpp_b': 0.0028993292583566945, 'gpp_d': 1.6983565276584263, 'ign_k': 0.03871917261003672, 'ign_c': 1.0022396791143333, 'trop_agb_crit': 1.259515631748535, 'trop_k_veg': 5.06204715641377}.
[I 2026-06-09 12:21:32,540] Trial 978 finished with values: [-0.5374598946771595, 0.1865588182548692] and parameters: {'k1': 1.263794633808287e-05, 'D_low': 125.32726386250698, 'k2': 0.0005700142105246941, 'D_high': 23341.737328466752, 'fire_exp': 1.608176525358426, 'P_half': 28.647019533509873, 'pre_dampen_half': 673.2248920775328, 'gpp_af': 0.4025222451217556, 'gpp_b': 1.7213644875359617e-05, 'gpp_d': 500.2195003344709, 'ign_k': 0.4303356629825978, 'ign_c': 18.43395662181926, 'trop_agb_crit': 1.5144860262751405, 'trop_k_veg': 4.8737397608275925}.
[I 2026-06-09 12:21:33,902] Trial 979 finished with values: [-0.5733545055420509, 0.12756798190200336] and parameters: {'k1': 0.01549659926581634, 'D_low': 115.44738876452311, 'k2': 0.0005700142105246941, 'D_high': 39655.03094323017, 'fire_exp': 2.10707132280748, 'P_half': 50.32059347286801, 'pre_dampen_half': 340.6909167027263, 'gpp_af': 4.861668997351737, 'gpp_b': 0.00977702299083608, 'gpp_d': 26.003623362924223, 'ign_k': 3.1536006085184716, 'ign_c': 21.132597710340573, 'trop_agb_crit': 2.6695352180079177, 'trop_k_veg': 1.8981057964668895}.
[I 2026-06-09 12:21:35,088] Trial 980 finished with values: [10.493688899906452, 10.493688899906452] and parameters: {'k1': 0.01549659926581634, 'D_low': 115.44738876452311, 'k2': 0.0005700142105246941, 'D_high': 39655.03094323017, 'fire_exp': 2.10707132280748, 'P_half': 50.32059347286801, 'pre_dampen_half': 340.6909167027263, 'gpp_af': 0.23993336606512355, 'gpp_b': 0.00977702299083608, 'gpp_d': 26.003623362924223, 'ign_k': 0.031882556690708067, 'ign_c': 21.132597710340573, 'trop_agb_crit': 2.6695352180079177, 'trop_k_veg': 1.8981057964668895}.
[I 2026-06-09 12:21:36,221] Trial 981 finished with values: [11.442582445984858, 11.442582445984858] and parameters: {'k1': 0.007519407491506672, 'D_low': 35.02761367842313, 'k2': 0.0003783599106879794, 'D_high': 69868.4759244566, 'fire_exp': 2.10707132280748, 'P_half': 1.4045842344024697, 'pre_dampen_half': 566.2858823465564, 'gpp_af': 0.5107061330406066, 'gpp_b': 0.002262927522655115, 'gpp_d': 1.6983565276584263, 'ign_k': 0.5456725485601477, 'ign_c': 0.20319809838424974, 'trop_agb_crit': 19.51558406059598, 'trop_k_veg': 1.1517712915946832}.
[I 2026-06-09 12:21:37,387] Trial 982 finished with values: [-0.5239698910521196, 0.3449889002554324] and parameters: {'k1': 9.969469187531805e-05, 'D_low': 35.02761367842313, 'k2': 0.0009749762207436118, 'D_high': 39655.03094323017, 'fire_exp': 1.4408046627835394, 'P_half': 1.4045842344024697, 'pre_dampen_half': 17.849597677210657, 'gpp_af': 0.13767835510755025, 'gpp_b': 3.686869490609954e-05, 'gpp_d': 7.070472286699648, 'ign_k': 0.3242143344038317, 'ign_c': 0.628303969797272, 'trop_agb_crit': 1.6369193980425034, 'trop_k_veg': 4.51930447316402}.
[I 2026-06-09 12:21:38,557] Trial 983 finished with values: [-0.5676056705988881, 0.06974726964607114] and parameters: {'k1': 0.01549659926581634, 'D_low': 68.8314745893381, 'k2': 0.013805946158117076, 'D_high': 14268.845807630427, 'fire_exp': 2.10707132280748, 'P_half': 149.35213816355395, 'pre_dampen_half': 566.2858823465564, 'gpp_af': 1.3218737536384089, 'gpp_b': 0.002262927522655115, 'gpp_d': 288.68448554985713, 'ign_k': 0.3242143344038317, 'ign_c': 21.132597710340573, 'trop_agb_crit': 19.51558406059598, 'trop_k_veg': 1.8981057964668895}.
[I 2026-06-09 12:21:39,902] Trial 984 finished with values: [10.750531421113367, 10.750531421113367] and parameters: {'k1': 0.01549659926581634, 'D_low': 6627.332284573559, 'k2': 0.0005700142105246941, 'D_high': 39655.03094323017, 'fire_exp': 2.10707132280748, 'P_half': 50.32059347286801, 'pre_dampen_half': 340.6909167027263, 'gpp_af': 1.3218737536384089, 'gpp_b': 0.00977702299083608, 'gpp_d': 467.0625946819548, 'ign_k': 1.4047969156119493, 'ign_c': 1.8836925134820866, 'trop_agb_crit': 2.6695352180079177, 'trop_k_veg': 1.8981057964668895}.
[I 2026-06-09 12:21:41,133] Trial 985 finished with values: [10.61245953919856, 10.61245953919856] and parameters: {'k1': 0.01549659926581634, 'D_low': 1.254144753902608, 'k2': 1.5412172709801895e-05, 'D_high': 69868.4759244566, 'fire_exp': 2.10707132280748, 'P_half': 1.4045842344024697, 'pre_dampen_half': 673.2248920775328, 'gpp_af': 0.01942738928156656, 'gpp_b': 0.0028993292583566945, 'gpp_d': 26.003623362924223, 'ign_k': 0.3242143344038317, 'ign_c': 21.132597710340573, 'trop_agb_crit': 1.259515631748535, 'trop_k_veg': 1.1517712915946832}.
[I 2026-06-09 12:21:42,272] Trial 986 finished with values: [11.085135597428634, 11.085135597428634] and parameters: {'k1': 0.01549659926581634, 'D_low': 1.254144753902608, 'k2': 0.06994589881535453, 'D_high': 20424.506990274727, 'fire_exp': 2.4902446681314054, 'P_half': 1.4045842344024697, 'pre_dampen_half': 673.2248920775328, 'gpp_af': 0.5107061330406066, 'gpp_b': 0.0028993292583566945, 'gpp_d': 1.6983565276584263, 'ign_k': 0.5456725485601477, 'ign_c': 0.20319809838424974, 'trop_agb_crit': 1.259515631748535, 'trop_k_veg': 1.1988304080043304}.
[I 2026-06-09 12:21:43,441] Trial 987 finished with values: [10.0448038391174, 10.0448038391174] and parameters: {'k1': 0.00515305301141249, 'D_low': 1.254144753902608, 'k2': 1.5412172709801895e-05, 'D_high': 14268.845807630427, 'fire_exp': 1.608176525358426, 'P_half': 1.4045842344024697, 'pre_dampen_half': 566.2858823465564, 'gpp_af': 0.13767835510755025, 'gpp_b': 0.0028993292583566945, 'gpp_d': 26.003623362924223, 'ign_k': 0.3242143344038317, 'ign_c': 0.20319809838424974, 'trop_agb_crit': 1.3063813396521713, 'trop_k_veg': 3.3695100394848643}.
[I 2026-06-09 12:21:44,624] Trial 988 finished with values: [10.387214874233585, 10.387214874233585] and parameters: {'k1': 1.263794633808287e-05, 'D_low': 56.28756950174212, 'k2': 0.00010439567055209041, 'D_high': 39655.03094323017, 'fire_exp': 1.608176525358426, 'P_half': 28.647019533509873, 'pre_dampen_half': 160.08767494406092, 'gpp_af': 0.0015564377110419772, 'gpp_b': 1.7213644875359617e-05, 'gpp_d': 26.003623362924223, 'ign_k': 0.3242143344038317, 'ign_c': 18.43395662181926, 'trop_agb_crit': 2.064341235744835, 'trop_k_veg': 4.8737397608275925}.
[I 2026-06-09 12:21:45,837] Trial 989 finished with values: [11.478367002600226, 11.478367002600226] and parameters: {'k1': 0.04046205802397579, 'D_low': 70.13097205353067, 'k2': 0.037633129263701104, 'D_high': 39655.03094323017, 'fire_exp': 1.157110862187662, 'P_half': 50.32059347286801, 'pre_dampen_half': 340.6909167027263, 'gpp_af': 1.3218737536384089, 'gpp_b': 2.036444166653217e-05, 'gpp_d': 26.003623362924223, 'ign_k': 0.0019264360371306567, 'ign_c': 0.21234210963705627, 'trop_agb_crit': 2.6695352180079177, 'trop_k_veg': 4.51930447316402}.
[I 2026-06-09 12:21:47,209] Trial 990 finished with values: [10.892851758519432, 10.892851758519432] and parameters: {'k1': 0.007519407491506672, 'D_low': 125.32726386250698, 'k2': 8.488887549001697e-05, 'D_high': 69868.4759244566, 'fire_exp': 1.608176525358426, 'P_half': 1.4045842344024697, 'pre_dampen_half': 15.3464307516782, 'gpp_af': 0.5107061330406066, 'gpp_b': 0.0028993292583566945, 'gpp_d': 1.6983565276584263, 'ign_k': 0.5456725485601477, 'ign_c': 43.39260158221387, 'trop_agb_crit': 1.259515631748535, 'trop_k_veg': 5.9813492667290715}.
[I 2026-06-09 12:21:48,468] Trial 991 finished with values: [10.148202358861226, 10.148202358861226] and parameters: {'k1': 6.615437365561391e-05, 'D_low': 12.115155843077673, 'k2': 8.488887549001697e-05, 'D_high': 39655.03094323017, 'fire_exp': 2.10707132280748, 'P_half': 28.647019533509873, 'pre_dampen_half': 269.0845367054866, 'gpp_af': 1.946375023772638, 'gpp_b': 1.7213644875359617e-05, 'gpp_d': 467.0625946819548, 'ign_k': 0.4303356629825978, 'ign_c': 18.43395662181926, 'trop_agb_crit': 19.51558406059598, 'trop_k_veg': 7.987006584710702}.
[I 2026-06-09 12:21:49,627] Trial 992 finished with values: [-0.5194663752345419, 0.20576727894994407] and parameters: {'k1': 1.263794633808287e-05, 'D_low': 1.395216238046901, 'k2': 8.488887549001697e-05, 'D_high': 39655.03094323017, 'fire_exp': 1.608176525358426, 'P_half': 28.647019533509873, 'pre_dampen_half': 673.2248920775328, 'gpp_af': 21.258647437649888, 'gpp_b': 1.7213644875359617e-05, 'gpp_d': 500.2195003344709, 'ign_k': 0.3242143344038317, 'ign_c': 18.43395662181926, 'trop_agb_crit': 2.064341235744835, 'trop_k_veg': 4.8737397608275925}.
[I 2026-06-09 12:21:51,116] Trial 993 finished with values: [10.215439103052239, 10.215439103052239] and parameters: {'k1': 0.01549659926581634, 'D_low': 115.44738876452311, 'k2': 0.0005700142105246941, 'D_high': 39655.03094323017, 'fire_exp': 2.10707132280748, 'P_half': 50.32059347286801, 'pre_dampen_half': 566.2858823465564, 'gpp_af': 0.01942738928156656, 'gpp_b': 0.002262927522655115, 'gpp_d': 26.003623362924223, 'ign_k': 0.3521102994688841, 'ign_c': 21.132597710340573, 'trop_agb_crit': 19.51558406059598, 'trop_k_veg': 4.51930447316402}.
[I 2026-06-09 12:21:52,298] Trial 994 finished with values: [10.799829532013112, 10.799829532013112] and parameters: {'k1': 9.969469187531805e-05, 'D_low': 35.02761367842313, 'k2': 0.0009749762207436118, 'D_high': 39655.03094323017, 'fire_exp': 4.110868501248837, 'P_half': 1.8476008877284165, 'pre_dampen_half': 17.849597677210657, 'gpp_af': 0.13767835510755025, 'gpp_b': 3.686869490609954e-05, 'gpp_d': 7.070472286699648, 'ign_k': 0.3242143344038317, 'ign_c': 11.847646505012488, 'trop_agb_crit': 1.6369193980425034, 'trop_k_veg': 4.51930447316402}.
[I 2026-06-09 12:21:53,676] Trial 995 finished with values: [10.185160783922889, 10.185160783922889] and parameters: {'k1': 0.01549659926581634, 'D_low': 125.32726386250698, 'k2': 3.987273288095245e-05, 'D_high': 39655.03094323017, 'fire_exp': 1.608176525358426, 'P_half': 28.647019533509873, 'pre_dampen_half': 566.2858823465564, 'gpp_af': 48.393732009256986, 'gpp_b': 0.021028749338578137, 'gpp_d': 26.003623362924223, 'ign_k': 0.3242143344038317, 'ign_c': 21.132597710340573, 'trop_agb_crit': 12.123761779314275, 'trop_k_veg': 4.8737397608275925}.
[I 2026-06-09 12:21:54,925] Trial 996 finished with values: [10.74339407342487, 10.74339407342487] and parameters: {'k1': 0.007519407491506672, 'D_low': 35.02761367842313, 'k2': 0.0009749762207436118, 'D_high': 39655.03094323017, 'fire_exp': 5.463032305627588, 'P_half': 1.4045842344024697, 'pre_dampen_half': 17.849597677210657, 'gpp_af': 0.13767835510755025, 'gpp_b': 0.0028993292583566945, 'gpp_d': 1.6983565276584263, 'ign_k': 0.3242143344038317, 'ign_c': 0.20319809838424974, 'trop_agb_crit': 1.259515631748535, 'trop_k_veg': 1.1517712915946832}.
[I 2026-06-09 12:21:56,078] Trial 997 finished with values: [10.084912871367788, 10.084912871367788] and parameters: {'k1': 0.01549659926581634, 'D_low': 125.32726386250698, 'k2': 0.06994589881535453, 'D_high': 20424.506990274727, 'fire_exp': 1.608176525358426, 'P_half': 111.91484131366018, 'pre_dampen_half': 566.2858823465564, 'gpp_af': 0.01942738928156656, 'gpp_b': 0.002262927522655115, 'gpp_d': 26.003623362924223, 'ign_k': 0.3242143344038317, 'ign_c': 21.132597710340573, 'trop_agb_crit': 19.51558406059598, 'trop_k_veg': 4.8737397608275925}.
[I 2026-06-09 12:21:57,244] Trial 998 finished with values: [12.962273388937662, 12.962273388937662] and parameters: {'k1': 0.01549659926581634, 'D_low': 12.115155843077673, 'k2': 0.037633129263701104, 'D_high': 18125.870836716233, 'fire_exp': 1.4848387260494937, 'P_half': 108.21382910613987, 'pre_dampen_half': 566.2858823465564, 'gpp_af': 1.3218737536384089, 'gpp_b': 0.002925302746048532, 'gpp_d': 99.3234953243749, 'ign_k': 0.3242143344038317, 'ign_c': 0.21234210963705627, 'trop_agb_crit': 19.51558406059598, 'trop_k_veg': 3.2964452424783204}.
[I 2026-06-09 12:21:58,410] Trial 999 finished with values: [10.212829461398986, 10.212829461398986] and parameters: {'k1': 6.404854675916172e-05, 'D_low': 12.115155843077673, 'k2': 0.06994589881535453, 'D_high': 39655.03094323017, 'fire_exp': 1.608176525358426, 'P_half': 108.21382910613987, 'pre_dampen_half': 269.0845367054866, 'gpp_af': 1.3218737536384089, 'gpp_b': 0.0028993292583566945, 'gpp_d': 89.15632969317363, 'ign_k': 0.4235909356730625, 'ign_c': 0.14678835461874493, 'trop_agb_crit': 1.3063813396521713, 'trop_k_veg': 4.51930447316402}.
[I 2026-06-09 12:21:59,714] Trial 1000 finished with values: [10.824726650286301, 10.824726650286301] and parameters: {'k1': 2.1835747526693533e-05, 'D_low': 35.02761367842313, 'k2': 8.488887549001697e-05, 'D_high': 39655.03094323017, 'fire_exp': 1.608176525358426, 'P_half': 28.647019533509873, 'pre_dampen_half': 17.849597677210657, 'gpp_af': 3.8160753400791445, 'gpp_b': 0.0028993292583566945, 'gpp_d': 0.022930930602409767, 'ign_k': 0.3242143344038317, 'ign_c': 1.8836925134820866, 'trop_agb_crit': 2.6695352180079177, 'trop_k_veg': 1.1517712915946832}.
[I 2026-06-09 12:22:01,099] Trial 1001 finished with values: [13.098521135762606, 13.098521135762606] and parameters: {'k1': 0.01549659926581634, 'D_low': 35.02761367842313, 'k2': 0.0009749762207436118, 'D_high': 39655.03094323017, 'fire_exp': 1.4408046627835394, 'P_half': 50.32059347286801, 'pre_dampen_half': 340.6909167027263, 'gpp_af': 0.13767835510755025, 'gpp_b': 3.686869490609954e-05, 'gpp_d': 26.003623362924223, 'ign_k': 0.3242143344038317, 'ign_c': 0.1927644355988152, 'trop_agb_crit': 2.6695352180079177, 'trop_k_veg': 1.8981057964668895}.
[I 2026-06-09 12:22:02,344] Trial 1002 finished with values: [10.628513788735352, 10.628513788735352] and parameters: {'k1': 0.01549659926581634, 'D_low': 125.32726386250698, 'k2': 0.037633129263701104, 'D_high': 39655.03094323017, 'fire_exp': 1.608176525358426, 'P_half': 28.647019533509873, 'pre_dampen_half': 673.2248920775328, 'gpp_af': 21.258647437649888, 'gpp_b': 1.7213644875359617e-05, 'gpp_d': 99.3234953243749, 'ign_k': 0.3242143344038317, 'ign_c': 21.132597710340573, 'trop_agb_crit': 2.064341235744835, 'trop_k_veg': 4.8737397608275925}.
[I 2026-06-09 12:22:03,575] Trial 1003 finished with values: [10.279666168118784, 10.279666168118784] and parameters: {'k1': 1.263794633808287e-05, 'D_low': 13.180029267201178, 'k2': 8.488887549001697e-05, 'D_high': 14268.845807630427, 'fire_exp': 1.608176525358426, 'P_half': 149.35213816355395, 'pre_dampen_half': 566.2858823465564, 'gpp_af': 21.258647437649888, 'gpp_b': 1.7213644875359617e-05, 'gpp_d': 500.2195003344709, 'ign_k': 0.3242143344038317, 'ign_c': 18.43395662181926, 'trop_agb_crit': 19.51558406059598, 'trop_k_veg': 4.8737397608275925}.
[I 2026-06-09 12:22:04,790] Trial 1004 finished with values: [10.096817191619554, 10.096817191619554] and parameters: {'k1': 0.01549659926581634, 'D_low': 115.44738876452311, 'k2': 0.0005700142105246941, 'D_high': 39655.03094323017, 'fire_exp': 2.10707132280748, 'P_half': 1.1179796565719338, 'pre_dampen_half': 340.6909167027263, 'gpp_af': 1.3218737536384089, 'gpp_b': 0.00977702299083608, 'gpp_d': 26.003623362924223, 'ign_k': 3.1536006085184716, 'ign_c': 21.132597710340573, 'trop_agb_crit': 2.6695352180079177, 'trop_k_veg': 7.091081084984339}.
[I 2026-06-09 12:22:05,941] Trial 1005 finished with values: [10.281304071166497, 10.281304071166497] and parameters: {'k1': 0.01549659926581634, 'D_low': 891.3195612714107, 'k2': 0.0002588246491696491, 'D_high': 39655.03094323017, 'fire_exp': 2.10707132280748, 'P_half': 1.4045842344024697, 'pre_dampen_half': 566.2858823465564, 'gpp_af': 0.01942738928156656, 'gpp_b': 0.002262927522655115, 'gpp_d': 26.003623362924223, 'ign_k': 0.3242143344038317, 'ign_c': 0.20319809838424974, 'trop_agb_crit': 19.51558406059598, 'trop_k_veg': 4.51930447316402}.
[I 2026-06-09 12:22:07,318] Trial 1006 finished with values: [10.106884404124317, 10.106884404124317] and parameters: {'k1': 0.007519407491506672, 'D_low': 35.02761367842313, 'k2': 0.0009749762207436118, 'D_high': 39655.03094323017, 'fire_exp': 2.10707132280748, 'P_half': 15.351199834018542, 'pre_dampen_half': 340.6909167027263, 'gpp_af': 0.13767835510755025, 'gpp_b': 0.00977702299083608, 'gpp_d': 26.003623362924223, 'ign_k': 3.1536006085184716, 'ign_c': 21.132597710340573, 'trop_agb_crit': 2.6695352180079177, 'trop_k_veg': 1.318422637374361}.
[I 2026-06-09 12:22:08,696] Trial 1007 finished with values: [10.489298503532492, 10.489298503532492] and parameters: {'k1': 0.01549659926581634, 'D_low': 1254.914463327495, 'k2': 0.037633129263701104, 'D_high': 4420.612468360118, 'fire_exp': 2.4902446681314054, 'P_half': 149.35213816355395, 'pre_dampen_half': 673.2248920775328, 'gpp_af': 1.3218737536384089, 'gpp_b': 0.002262927522655115, 'gpp_d': 99.3234953243749, 'ign_k': 0.5456725485601477, 'ign_c': 0.20319809838424974, 'trop_agb_crit': 19.51558406059598, 'trop_k_veg': 1.8981057964668895}.
[I 2026-06-09 12:22:09,915] Trial 1008 finished with values: [10.873871438578274, 10.873871438578274] and parameters: {'k1': 0.028261051090193647, 'D_low': 115.44738876452311, 'k2': 5.505316245273471e-05, 'D_high': 333.0375276964647, 'fire_exp': 2.4902446681314054, 'P_half': 1.8942844905792813, 'pre_dampen_half': 0.07422439676110873, 'gpp_af': 0.5107061330406066, 'gpp_b': 0.0028993292583566945, 'gpp_d': 26.003623362924223, 'ign_k': 0.3242143344038317, 'ign_c': 1.887567630782227, 'trop_agb_crit': 1.6369193980425034, 'trop_k_veg': 1.8981057964668895}.
[I 2026-06-09 12:22:11,119] Trial 1009 finished with values: [10.14006200519602, 10.14006200519602] and parameters: {'k1': 6.615437365561391e-05, 'D_low': 1.254144753902608, 'k2': 0.037633129263701104, 'D_high': 14268.845807630427, 'fire_exp': 2.10707132280748, 'P_half': 50.32059347286801, 'pre_dampen_half': 566.2858823465564, 'gpp_af': 0.01942738928156656, 'gpp_b': 0.002262927522655115, 'gpp_d': 26.003623362924223, 'ign_k': 3.1536006085184716, 'ign_c': 1.8836925134820866, 'trop_agb_crit': 2.6695352180079177, 'trop_k_veg': 1.8981057964668895}.
[I 2026-06-09 12:22:12,658] Trial 1010 finished with values: [10.187396516136491, 10.187396516136491] and parameters: {'k1': 0.01549659926581634, 'D_low': 12.115155843077673, 'k2': 0.0005700142105246941, 'D_high': 18125.870836716233, 'fire_exp': 1.608176525358426, 'P_half': 28.647019533509873, 'pre_dampen_half': 269.0845367054866, 'gpp_af': 21.258647437649888, 'gpp_b': 0.002262927522655115, 'gpp_d': 26.003623362924223, 'ign_k': 0.4303356629825978, 'ign_c': 21.132597710340573, 'trop_agb_crit': 19.51558406059598, 'trop_k_veg': 4.51930447316402}.
[I 2026-06-09 12:22:13,900] Trial 1011 finished with values: [-0.5475710563165722, 0.17519516724429984] and parameters: {'k1': 0.028261051090193647, 'D_low': 2.3244932709566686, 'k2': 0.037633129263701104, 'D_high': 39655.03094323017, 'fire_exp': 2.4902446681314054, 'P_half': 1.4045842344024697, 'pre_dampen_half': 673.2248920775328, 'gpp_af': 0.5107061330406066, 'gpp_b': 0.0006809980431188124, 'gpp_d': 1.6983565276584263, 'ign_k': 0.5456725485601477, 'ign_c': 21.132597710340573, 'trop_agb_crit': 1.259515631748535, 'trop_k_veg': 1.1517712915946832}.
[I 2026-06-09 12:22:15,338] Trial 1012 finished with values: [10.065027889392665, 10.065027889392665] and parameters: {'k1': 0.01549659926581634, 'D_low': 2.3244932709566686, 'k2': 2.4750421470385117e-05, 'D_high': 69868.4759244566, 'fire_exp': 2.10707132280748, 'P_half': 1.4045842344024697, 'pre_dampen_half': 340.6909167027263, 'gpp_af': 2.0022283138174575, 'gpp_b': 0.0006809980431188124, 'gpp_d': 26.003623362924223, 'ign_k': 0.10906578074524083, 'ign_c': 18.43395662181926, 'trop_agb_crit': 1.259515631748535, 'trop_k_veg': 1.8981057964668895}.
[I 2026-06-09 12:22:16,672] Trial 1013 finished with values: [10.554626929388784, 10.554626929388784] and parameters: {'k1': 0.01549659926581634, 'D_low': 125.32726386250698, 'k2': 0.06994589881535453, 'D_high': 14268.845807630427, 'fire_exp': 1.608176525358426, 'P_half': 1.4045842344024697, 'pre_dampen_half': 566.2858823465564, 'gpp_af': 0.01942738928156656, 'gpp_b': 0.021028749338578137, 'gpp_d': 26.003623362924223, 'ign_k': 0.3242143344038317, 'ign_c': 21.132597710340573, 'trop_agb_crit': 19.51558406059598, 'trop_k_veg': 1.8981057964668895}.
