[I 2026-08-19 17:43:19,762] Trial 1565 finished with value: 0.6060159709068598 and parameters: {'k1': 0.0017292802313310575, 'D_low': 251.06200881171088, 'k2': 0.0019305359019768896, 'D_high': 8431170.83018461, 'fire_exp': 1.0853597379454158, 'P_half': 72.48269208959036, 'pre_dampen_half': 39.38996522652611, 'gpp_af': 0.02473271858692112, 'gpp_b': 0.00010248305014768619, 'gpp_d': 5.594113017107656, 'ign_k': 0.7715385648209152, 'ign_c': 33.52434948555835, 'trop_agb_crit': 12.53954356052296, 'trop_k_veg': 5.704700645242373, 'pop_amp': 0.005706721605121512, 'pop_peak': 12.241899762742701, 'pop_sig': 0.6838177339497283, 'fuel_k': 0.1657067900078063, 'fuel_half': 8.203101807706759}. Best is trial 0 with value: -0.6094076133578652.
[I 2026-08-19 17:43:21,979] Trial 1566 finished with value: 0.470137133982787 and parameters: {'k1': 0.00510715679089628, 'D_low': 4394.127243715808, 'k2': 0.00015225563820884418, 'D_high': 2002920.9537453807, 'fire_exp': 3.3427379277294973, 'P_half': 17.30179996080842, 'pre_dampen_half': 8.910747602075855, 'gpp_af': 0.02904625623995622, 'gpp_b': 0.0023024639723337324, 'gpp_d': 156.83815623091195, 'ign_k': 2.7146184887299722, 'ign_c': 0.6400332967121861, 'trop_agb_crit': 26.402813609717647, 'trop_k_veg': 6.066758423200586, 'pop_amp': 0.2616838711401377, 'pop_peak': 0.19422053028213576, 'pop_sig': 0.370800030524516, 'fuel_k': 2.5977106092057456, 'fuel_half': 0.24613690768595262}. Best is trial 0 with value: -0.6094076133578652.
[I 2026-08-19 17:43:24,167] Trial 1567 finished with value: -0.5785219914283312 and parameters: {'k1': 0.04086444466132692, 'D_low': 5.498682683878832, 'k2': 0.00016037393390666636, 'D_high': 823937.9218352569, 'fire_exp': 6.233844829137661, 'P_half': 8.523262770517738, 'pre_dampen_half': 9.121725017099532, 'gpp_af': 0.30567087903055057, 'gpp_b': 0.014829732638547342, 'gpp_d': 45.79376034941745, 'ign_k': 3.502233074251387, 'ign_c': 2.316612467093506, 'trop_agb_crit': 3.30831241164942, 'trop_k_veg': 4.070418736802548, 'pop_amp': 0.0019116183553156592, 'pop_peak': 0.06465422440688406, 'pop_sig': 0.6699454598759392, 'fuel_k': 0.713292436485828, 'fuel_half': 0.4745851412248493}. Best is trial 0 with value: -0.6094076133578652.
[I 2026-08-19 17:43:26,345] Trial 1568 finished with value: 0.4654599993965356 and parameters: {'k1': 0.004064099067578903, 'D_low': 2.2072960778560518, 'k2': 0.0011041427416988146, 'D_high': 7850634.911660637, 'fire_exp': 8.519124555262403, 'P_half': 48.77409638845088, 'pre_dampen_half': 6.036480064093239, 'gpp_af': 0.012189386154903656, 'gpp_b': 1.0234381898968965e-05, 'gpp_d': 399.0352819589589, 'ign_k': 0.1083443480230892, 'ign_c': 0.17894235985163098, 'trop_agb_crit': 13.125217786039869, 'trop_k_veg': 2.171070227844393, 'pop_amp': 0.001034655813479046, 'pop_peak': 0.07396218031231597, 'pop_sig': 0.33592463500768993, 'fuel_k': 1.4289547348487714, 'fuel_half': 0.1367764422517815}. Best is trial 0 with value: -0.6094076133578652.
  trial 1569/2500  best_overall=0.6094  (45.0 min)
[I 2026-08-19 17:43:28,957] Trial 1569 finished with value: 0.5817204675237099 and parameters: {'k1': 0.007763730439617042, 'D_low': 201.49685382314547, 'k2': 0.014632751595672965, 'D_high': 4205000.532782937, 'fire_exp': 4.754359805084549, 'P_half': 310.96453074412113, 'pre_dampen_half': 32.219177857412994, 'gpp_af': 0.7248035849879824, 'gpp_b': 0.00040086836169825514, 'gpp_d': 13.262293608816453, 'ign_k': 0.47254431134960856, 'ign_c': 24.484889778110098, 'trop_agb_crit': 3.7681951589782887, 'trop_k_veg': 2.1983151419486293, 'pop_amp': 0.22636614406476724, 'pop_peak': 634.0986618148825, 'pop_sig': 2.2671816978493537, 'fuel_k': 0.07227632890453635, 'fuel_half': 0.10836215098497712}. Best is trial 0 with value: -0.6094076133578652.
[I 2026-08-19 17:43:31,138] Trial 1570 finished with value: -0.5603469629957647 and parameters: {'k1': 0.0008849770261094175, 'D_low': 7497.8617606212965, 'k2': 3.1254650667567124e-05, 'D_high': 1582113.9792362791, 'fire_exp': 2.6847221142358704, 'P_half': 167.18541864980457, 'pre_dampen_half': 491.60382709366854, 'gpp_af': 0.040363078810562364, 'gpp_b': 0.002925545287230727, 'gpp_d': 26.59974399623511, 'ign_k': 6.931970731186493, 'ign_c': 0.29350970869178833, 'trop_agb_crit': 28.891685346130963, 'trop_k_veg': 0.8918500611015636, 'pop_amp': 0.25266698544026606, 'pop_peak': 3.0373185057132703, 'pop_sig': 0.8415948159471904, 'fuel_k': 0.011048406771291507, 'fuel_half': 0.17504241111870583}. Best is trial 0 with value: -0.6094076133578652.
[I 2026-08-19 17:43:33,306] Trial 1571 finished with value: 0.47661754668973966 and parameters: {'k1': 0.015604014316990026, 'D_low': 4.231539558623476, 'k2': 0.0001445174788359904, 'D_high': 645084.1081184462, 'fire_exp': 4.734732510640997, 'P_half': 1.0120368342688004, 'pre_dampen_half': 19.57187843495376, 'gpp_af': 0.01850784649196841, 'gpp_b': 3.648113970609144e-05, 'gpp_d': 305.59282634924324, 'ign_k': 0.04778899879311643, 'ign_c': 2.3460217019781617, 'trop_agb_crit': 8.875395865167983, 'trop_k_veg': 6.927336510344828, 'pop_amp': 0.008244693397803267, 'pop_peak': 0.608662107731764, 'pop_sig': 0.431212078460019, 'fuel_k': 2.8795701733410715, 'fuel_half': 2.7389462594359664}. Best is trial 0 with value: -0.6094076133578652.
[I 2026-08-19 17:43:35,488] Trial 1572 finished with value: 0.49224176968881195 and parameters: {'k1': 0.00020314600146786473, 'D_low': 73.21313934708405, 'k2': 0.0005096357319752138, 'D_high': 573358.8069728222, 'fire_exp': 3.3663518945290702, 'P_half': 5.9590850969832445, 'pre_dampen_half': 276.263065537479, 'gpp_af': 5.993641517448125, 'gpp_b': 0.015220359583816942, 'gpp_d': 166.87303640067682, 'ign_k': 0.5886352574196717, 'ign_c': 2.6005003522356493, 'trop_agb_crit': 9.654263143656983, 'trop_k_veg': 2.795057041895273, 'pop_amp': 0.005705556447014684, 'pop_peak': 0.753554261382062, 'pop_sig': 0.5302590259482473, 'fuel_k': 0.3634657653342342, 'fuel_half': 0.10420110902012417}. Best is trial 0 with value: -0.6094076133578652.
[I 2026-08-19 17:43:37,670] Trial 1573 finished with value: 0.5911315586446694 and parameters: {'k1': 0.0010657014263965052, 'D_low': 83.2418398188896, 'k2': 0.004827745523758786, 'D_high': 608098.4124595952, 'fire_exp': 3.578969809474836, 'P_half': 1.4493135166231328, 'pre_dampen_half': 13.114231309982491, 'gpp_af': 0.5540516169613793, 'gpp_b': 0.00017283941445323127, 'gpp_d': 962.6567267857395, 'ign_k': 1.2380151652895615, 'ign_c': 0.29957254474582257, 'trop_agb_crit': 15.41626639138119, 'trop_k_veg': 6.743701050162972, 'pop_amp': 0.6338844210917843, 'pop_peak': 0.32599881724825147, 'pop_sig': 0.5231245798832803, 'fuel_k': 3.174584570959537, 'fuel_half': 0.14672047435095265}. Best is trial 0 with value: -0.6094076133578652.
[I 2026-08-19 17:43:39,949] Trial 1574 finished with value: 0.5290739202578604 and parameters: {'k1': 0.0022543795523158453, 'D_low': 52.99764285157788, 'k2': 0.0022620731718365557, 'D_high': 1180584.4138808493, 'fire_exp': 2.795437351668843, 'P_half': 19.793047655550616, 'pre_dampen_half': 98.935435433815, 'gpp_af': 1.7896252687039347, 'gpp_b': 0.0016343649613275375, 'gpp_d': 281.09170565033634, 'ign_k': 0.005306081131278613, 'ign_c': 0.36286727548127934, 'trop_agb_crit': 3.199123819005376, 'trop_k_veg': 0.9550243688960764, 'pop_amp': 0.3176264549072095, 'pop_peak': 0.11710699386531928, 'pop_sig': 0.841425401181745, 'fuel_k': 0.10557908970127998, 'fuel_half': 0.30550840064137585}. Best is trial 0 with value: -0.6094076133578652.
[I 2026-08-19 17:43:42,121] Trial 1575 finished with value: -0.5641379156925269 and parameters: {'k1': 0.06557835764064286, 'D_low': 1.3759897791585558, 'k2': 0.0008881205475989806, 'D_high': 200197.83475219042, 'fire_exp': 3.9539036799187737, 'P_half': 2.6503084204361995, 'pre_dampen_half': 7.723912596099714, 'gpp_af': 0.01185302483438221, 'gpp_b': 0.0038250333622660256, 'gpp_d': 749.500970997912, 'ign_k': 0.2236376994759819, 'ign_c': 0.11974715148566635, 'trop_agb_crit': 12.80435954264219, 'trop_k_veg': 1.4204416149243173, 'pop_amp': 0.4493355902495229, 'pop_peak': 28.962320015033725, 'pop_sig': 0.36046930687145723, 'fuel_k': 0.6401570137417978, 'fuel_half': 0.10813865584580827}. Best is trial 0 with value: -0.6094076133578652.
[I 2026-08-19 17:43:44,189] Trial 1576 finished with value: 0.6101312980307101 and parameters: {'k1': 1.926104838296561e-05, 'D_low': 11.427240229686795, 'k2': 0.00046668297428971255, 'D_high': 644038.6662054289, 'fire_exp': 2.8746358664468037, 'P_half': 22.482408588338014, 'pre_dampen_half': 70.32384847289768, 'gpp_af': 3.929573230329608, 'gpp_b': 0.0019350733310752924, 'gpp_d': 277.59269334588896, 'ign_k': 0.13734936537434253, 'ign_c': 68.56764010081753, 'trop_agb_crit': 7.469922025363305, 'trop_k_veg': 5.39785691606266, 'pop_amp': 0.037528321901345994, 'pop_peak': 4.021092902198601, 'pop_sig': 0.794550329428351, 'fuel_k': 1.3157153338919034, 'fuel_half': 0.11039373250540073}. Best is trial 0 with value: -0.6094076133578652.
[I 2026-08-19 17:43:46,361] Trial 1577 finished with value: 0.4568545981805846 and parameters: {'k1': 0.0015293210014783352, 'D_low': 16.229282042671926, 'k2': 0.012059730053607304, 'D_high': 6945452.826389796, 'fire_exp': 4.6044674417011, 'P_half': 7.018035899949181, 'pre_dampen_half': 26.313393336183015, 'gpp_af': 0.45250786577650565, 'gpp_b': 1.9495196977868436e-05, 'gpp_d': 3.9996623603642565, 'ign_k': 7.868872456973774, 'ign_c': 6.016452639549204, 'trop_agb_crit': 3.716305423045922, 'trop_k_veg': 3.20926265593335, 'pop_amp': 0.004835862781881805, 'pop_peak': 339.03226735265446, 'pop_sig': 1.8759480240145237, 'fuel_k': 0.4694030966528347, 'fuel_half': 0.47568825302431283}. Best is trial 0 with value: -0.6094076133578652.
[I 2026-08-19 17:43:48,522] Trial 1578 finished with value: 0.5771330182965795 and parameters: {'k1': 0.006418832378467842, 'D_low': 5.706841131448594, 'k2': 0.02667238478585283, 'D_high': 1338505.9501421335, 'fire_exp': 2.2375486346664206, 'P_half': 398.45645356390344, 'pre_dampen_half': 0.4576750897892393, 'gpp_af': 0.0039077490767717585, 'gpp_b': 1.0614143403089317e-05, 'gpp_d': 0.8426907989069152, 'ign_k': 0.1751622460020296, 'ign_c': 29.94577935684699, 'trop_agb_crit': 1.5539437357691768, 'trop_k_veg': 3.0655769632459067, 'pop_amp': 0.05522697672843794, 'pop_peak': 8.674648475529517, 'pop_sig': 1.6143092247353432, 'fuel_k': 0.127203732864636, 'fuel_half': 0.18715534531853997}. Best is trial 0 with value: -0.6094076133578652.
  trial 1579/2500  best_overall=0.6094  (45.4 min)
[I 2026-08-19 17:43:51,206] Trial 1579 finished with value: 0.49800372106244384 and parameters: {'k1': 0.004298827491811765, 'D_low': 680.027758872849, 'k2': 0.07781460805690127, 'D_high': 8862600.139938056, 'fire_exp': 1.3147483066835621, 'P_half': 34.71499585124801, 'pre_dampen_half': 0.9386600411192565, 'gpp_af': 0.35454765048586073, 'gpp_b': 0.0015093564591204674, 'gpp_d': 1.0498348368667385, 'ign_k': 0.02997746677272261, 'ign_c': 0.7693815843754565, 'trop_agb_crit': 6.769928215716517, 'trop_k_veg': 0.8077279101394942, 'pop_amp': 0.0034318310514535304, 'pop_peak': 0.20169314796867796, 'pop_sig': 0.5420149945120724, 'fuel_k': 0.1084202909035068, 'fuel_half': 29.883742711447137}. Best is trial 0 with value: -0.6094076133578652.
[I 2026-08-19 17:43:53,364] Trial 1580 finished with value: 0.5840054783636296 and parameters: {'k1': 4.218355214567399e-05, 'D_low': 4.786571340167352, 'k2': 0.06375114046247748, 'D_high': 4677232.070547346, 'fire_exp': 1.7611072713690479, 'P_half': 57.373907140340904, 'pre_dampen_half': 2.3097614239044004, 'gpp_af': 0.7631645180570896, 'gpp_b': 0.0009908484541342813, 'gpp_d': 98.49652015596325, 'ign_k': 2.023987640405714, 'ign_c': 28.94181726932682, 'trop_agb_crit': 9.627322929306468, 'trop_k_veg': 2.114341081246323, 'pop_amp': 0.00827662515924504, 'pop_peak': 0.24067036044077625, 'pop_sig': 0.4812923955059508, 'fuel_k': 0.2266797780394801, 'fuel_half': 43.57665180168551}. Best is trial 0 with value: -0.6094076133578652.
[I 2026-08-19 17:43:55,538] Trial 1581 finished with value: 0.6082905393789554 and parameters: {'k1': 8.17736721891564e-05, 'D_low': 2254.6192737818515, 'k2': 0.00016988555393458027, 'D_high': 2947473.732852435, 'fire_exp': 2.32782675437141, 'P_half': 23.35801046977919, 'pre_dampen_half': 931.336092103543, 'gpp_af': 10.576560779724776, 'gpp_b': 0.1561539876806848, 'gpp_d': 39.87184587914686, 'ign_k': 0.0860511397786359, 'ign_c': 49.1158418548965, 'trop_agb_crit': 8.9034289838264, 'trop_k_veg': 4.396669066219572, 'pop_amp': 0.012005341151897164, 'pop_peak': 0.24839117339839709, 'pop_sig': 1.221321846608843, 'fuel_k': 0.4489287185559439, 'fuel_half': 0.7873484442382978}. Best is trial 0 with value: -0.6094076133578652.
[I 2026-08-19 17:43:57,710] Trial 1582 finished with value: -0.5379532623456409 and parameters: {'k1': 0.009902006018764923, 'D_low': 1.8086381786388264, 'k2': 0.0017783981632649433, 'D_high': 60610.133246390236, 'fire_exp': 4.551593688063875, 'P_half': 57.73310384820309, 'pre_dampen_half': 12.13290716155348, 'gpp_af': 0.043257511531684854, 'gpp_b': 0.00029362306950582917, 'gpp_d': 0.9395368181314803, 'ign_k': 2.076395306450397, 'ign_c': 0.5868635749520722, 'trop_agb_crit': 2.036380816874621, 'trop_k_veg': 3.123330420673879, 'pop_amp': 0.002215261136210984, 'pop_peak': 681.2361857046011, 'pop_sig': 1.0960456058019965, 'fuel_k': 0.21103273452712526, 'fuel_half': 0.4108183866706834}. Best is trial 0 with value: -0.6094076133578652.
[I 2026-08-19 17:43:59,861] Trial 1583 finished with value: 0.4303871256542118 and parameters: {'k1': 0.00048632698055370174, 'D_low': 6887.227686310081, 'k2': 0.041353639278349265, 'D_high': 3481091.497059202, 'fire_exp': 1.3646354547271753, 'P_half': 43.04680646292505, 'pre_dampen_half': 5.291939494632195, 'gpp_af': 0.08620642873896774, 'gpp_b': 5.825296442589759e-05, 'gpp_d': 84.64137901159795, 'ign_k': 0.19830557106533778, 'ign_c': 0.1627950665033003, 'trop_agb_crit': 18.896283900203233, 'trop_k_veg': 1.0407226794515314, 'pop_amp': 0.4770128389841152, 'pop_peak': 0.054766133092036845, 'pop_sig': 0.8959227432546842, 'fuel_k': 0.5083627123435824, 'fuel_half': 49.47607055444787}. Best is trial 0 with value: -0.6094076133578652.
[I 2026-08-19 17:44:02,053] Trial 1584 finished with value: 0.4557329738637791 and parameters: {'k1': 0.016762211748774423, 'D_low': 4.289509085296735, 'k2': 0.03595223486651855, 'D_high': 614643.2635750273, 'fire_exp': 1.857755817042026, 'P_half': 32.28110203335624, 'pre_dampen_half': 1.1814985669353129, 'gpp_af': 0.002782004359546453, 'gpp_b': 2.3045359542533885e-05, 'gpp_d': 17.6993915138048, 'ign_k': 0.1638143616325802, 'ign_c': 11.841361775060163, 'trop_agb_crit': 2.9922358017295965, 'trop_k_veg': 1.5345190466550918, 'pop_amp': 0.005118638642952443, 'pop_peak': 22.76361869558149, 'pop_sig': 1.4352389489787891, 'fuel_k': 0.07195354997981107, 'fuel_half': 1.129087195773599}. Best is trial 0 with value: -0.6094076133578652.
[I 2026-08-19 17:44:04,275] Trial 1585 finished with value: 0.590308279943527 and parameters: {'k1': 0.000235322658019343, 'D_low': 34895.32871830189, 'k2': 0.001619664398873623, 'D_high': 5303166.438250574, 'fire_exp': 3.9537014233779755, 'P_half': 3.284541017212004, 'pre_dampen_half': 0.03102379460559676, 'gpp_af': 0.027035656182451757, 'gpp_b': 0.001214610961743489, 'gpp_d': 77.36823051993196, 'ign_k': 1.4826661865267592, 'ign_c': 1.0675574424636787, 'trop_agb_crit': 26.10425831339612, 'trop_k_veg': 2.048790263068707, 'pop_amp': 0.005901220885806335, 'pop_peak': 11.137684669085557, 'pop_sig': 0.6777316707242786, 'fuel_k': 0.01006808825097003, 'fuel_half': 0.4171222974530762}. Best is trial 0 with value: -0.6094076133578652.
[I 2026-08-19 17:44:06,508] Trial 1586 finished with value: 0.4534676945806808 and parameters: {'k1': 0.025194370480235682, 'D_low': 34.111589361721215, 'k2': 0.00022279202014434404, 'D_high': 8996711.2368641, 'fire_exp': 4.032746341344044, 'P_half': 24.13006637702679, 'pre_dampen_half': 0.46693600505884963, 'gpp_af': 0.9370811912540606, 'gpp_b': 7.821612000823684e-05, 'gpp_d': 11.903117948814264, 'ign_k': 0.007319193766775808, 'ign_c': 0.15736654429913072, 'trop_agb_crit': 9.963561887756772, 'trop_k_veg': 1.4864011655204514, 'pop_amp': 15.713453164674657, 'pop_peak': 9.017434089211855, 'pop_sig': 0.6914839225375047, 'fuel_k': 0.7348469013500141, 'fuel_half': 0.41284590180225245}. Best is trial 0 with value: -0.6094076133578652.
[I 2026-08-19 17:44:08,701] Trial 1587 finished with value: 0.4206876878380088 and parameters: {'k1': 0.025710839788563904, 'D_low': 1.5446560808347851, 'k2': 3.503236180764403e-05, 'D_high': 198190.9101164228, 'fire_exp': 8.70283596285042, 'P_half': 6.960082185973399, 'pre_dampen_half': 4.048042047124663, 'gpp_af': 1.0412489243025014, 'gpp_b': 0.0012164350432711717, 'gpp_d': 725.2952971329909, 'ign_k': 0.7029001715505961, 'ign_c': 0.5921007781037793, 'trop_agb_crit': 26.92622696594225, 'trop_k_veg': 2.7738172410557014, 'pop_amp': 0.01421899469443652, 'pop_peak': 0.15861686534477434, 'pop_sig': 0.3267962471790295, 'fuel_k': 1.9214437997136873, 'fuel_half': 0.10595554021497391}. Best is trial 0 with value: -0.6094076133578652.
[I 2026-08-19 17:44:10,941] Trial 1588 finished with value: 0.536278542134166 and parameters: {'k1': 0.002671319826245245, 'D_low': 6854.260338883839, 'k2': 1.169736566670723e-05, 'D_high': 190210.23777923308, 'fire_exp': 3.067603787134965, 'P_half': 12.919040211243896, 'pre_dampen_half': 0.7136057349189492, 'gpp_af': 1.4124437252784043, 'gpp_b': 0.0017848213587360064, 'gpp_d': 109.88056105777726, 'ign_k': 0.026189314615510054, 'ign_c': 2.60420506815469, 'trop_agb_crit': 26.523856249074434, 'trop_k_veg': 2.6426119537316066, 'pop_amp': 3.528500424565739, 'pop_peak': 1.5650320542298606, 'pop_sig': 0.43117723932106444, 'fuel_k': 2.7030458348676762, 'fuel_half': 0.31278480252974944}. Best is trial 0 with value: -0.6094076133578652.
  trial 1589/2500  best_overall=0.6094  (45.8 min)
[I 2026-08-19 17:44:13,421] Trial 1589 finished with value: 0.6404426852012782 and parameters: {'k1': 0.005795343831802199, 'D_low': 313358.03713071224, 'k2': 0.001996282043142533, 'D_high': 742219.0656838011, 'fire_exp': 2.0959146272997558, 'P_half': 28.727922274841, 'pre_dampen_half': 3.927287594770601, 'gpp_af': 0.06275067133108655, 'gpp_b': 0.00040060421544790104, 'gpp_d': 44.99110916018349, 'ign_k': 0.46782129110428583, 'ign_c': 0.10883517505314735, 'trop_agb_crit': 12.556271581656427, 'trop_k_veg': 1.9984261386753481, 'pop_amp': 0.5693956292693562, 'pop_peak': 2.7741860137974146, 'pop_sig': 0.5417989909106703, 'fuel_k': 0.01668547111769384, 'fuel_half': 0.5889657309876325}. Best is trial 0 with value: -0.6094076133578652.
[I 2026-08-19 17:44:15,563] Trial 1590 finished with value: 0.587545594704992 and parameters: {'k1': 0.0003770167726251716, 'D_low': 107.83837154746767, 'k2': 0.07346122197696116, 'D_high': 23568.589806471904, 'fire_exp': 2.384486265110799, 'P_half': 733.2406000018838, 'pre_dampen_half': 7.08081063168102, 'gpp_af': 0.0011798129064169087, 'gpp_b': 1.276256312569815e-05, 'gpp_d': 317.1603880609911, 'ign_k': 0.05366157184925017, 'ign_c': 36.36840812873027, 'trop_agb_crit': 1.3817408426791011, 'trop_k_veg': 0.9150216530593765, 'pop_amp': 0.11665579768267209, 'pop_peak': 61.703346571779825, 'pop_sig': 1.2811165161933185, 'fuel_k': 0.04351564387661025, 'fuel_half': 0.3757329829047194}. Best is trial 0 with value: -0.6094076133578652.
[I 2026-08-19 17:44:17,769] Trial 1591 finished with value: 0.6445374145881376 and parameters: {'k1': 1.9718195549726744e-05, 'D_low': 1.559219279596607, 'k2': 0.011088656423306502, 'D_high': 334494.5811853299, 'fire_exp': 3.6147237165796415, 'P_half': 47.20460568047481, 'pre_dampen_half': 110.80617157801564, 'gpp_af': 2.4833769958505716, 'gpp_b': 0.001809675974241764, 'gpp_d': 168.59278338397664, 'ign_k': 1.62926283737888, 'ign_c': 119.2219882099309, 'trop_agb_crit': 5.147081151537422, 'trop_k_veg': 2.14087095920601, 'pop_amp': 0.0020871942299979093, 'pop_peak': 0.13951170385032868, 'pop_sig': 0.3780713265260675, 'fuel_k': 4.510402414822336, 'fuel_half': 0.3387572139211822}. Best is trial 0 with value: -0.6094076133578652.
[I 2026-08-19 17:44:19,946] Trial 1592 finished with value: 0.5822721715583788 and parameters: {'k1': 0.000171370888170953, 'D_low': 29.207936985240114, 'k2': 0.02718825979956387, 'D_high': 45225.939825566755, 'fire_exp': 3.9257867929023074, 'P_half': 128.1808476361724, 'pre_dampen_half': 0.7184204990949075, 'gpp_af': 0.011479706456915187, 'gpp_b': 4.06195953232402e-05, 'gpp_d': 14.19116974943931, 'ign_k': 0.3505098786521517, 'ign_c': 19.889429038423156, 'trop_agb_crit': 3.811038376800589, 'trop_k_veg': 0.6479671487724653, 'pop_amp': 0.03483919240079455, 'pop_peak': 6.8083642230932675, 'pop_sig': 1.2108802395361844, 'fuel_k': 0.1083001382756114, 'fuel_half': 0.10032079263191096}. Best is trial 0 with value: -0.6094076133578652.
[I 2026-08-19 17:44:22,158] Trial 1593 finished with value: -0.5331013007460155 and parameters: {'k1': 5.3493652543910675e-05, 'D_low': 304.0093334935453, 'k2': 0.0009599843946420933, 'D_high': 71510.18764343, 'fire_exp': 2.101233686067205, 'P_half': 21.14329853254809, 'pre_dampen_half': 40.70166925366604, 'gpp_af': 0.002423190323142627, 'gpp_b': 2.0544885623374337e-05, 'gpp_d': 5.24168365944073, 'ign_k': 0.11073229416219177, 'ign_c': 0.3876122217398482, 'trop_agb_crit': 10.21718184003033, 'trop_k_veg': 0.7077284850409121, 'pop_amp': 0.06439592901840223, 'pop_peak': 39.75384805694929, 'pop_sig': 2.0794570978716185, 'fuel_k': 0.02752985643671815, 'fuel_half': 0.10852345477103903}. Best is trial 0 with value: -0.6094076133578652.
