[I 2026-08-20 00:01:39,828] Trial 37 finished with value: 0.453237742536295 and parameters: {'k1': 0.001909757460387606, 'D_low': 4454.239570440973, 'k2': 0.00016336755001002454, 'D_high': 2265469.7663500495, 'fire_exp': 6.014424605700069, 'P_half': 23.74338418654013, 'pre_dampen_half': 882.0254021938661, 'gpp_af': 1.2254033293473687, 'gpp_b': 0.004267385084912182, 'gpp_d': 18.37447198011607, 'ign_k': 0.3098655202319935, 'ign_c': 1.4061710398157024, 'trop_agb_crit': 16.382079461041215, 'trop_k_veg': 1.8319939365549112}. Best is trial 0 with value: -0.5989088506199346.
[I 2026-08-20 00:01:42,328] Trial 38 finished with value: 0.5797807943898825 and parameters: {'k1': 9.493998518456497e-05, 'D_low': 129.34318644027624, 'k2': 0.0051503812455453496, 'D_high': 13429.808294621236, 'fire_exp': 2.9234448735942373, 'P_half': 1.7209876817396192, 'pre_dampen_half': 14.744439627134911, 'gpp_af': 0.004307518046361343, 'gpp_b': 0.00028518315176987493, 'gpp_d': 0.19602055404374238, 'ign_k': 0.5340813307807516, 'ign_c': 0.15025027464996055, 'trop_agb_crit': 10.445715854483947, 'trop_k_veg': 0.5557514589898306}. Best is trial 0 with value: -0.5989088506199346.
[I 2026-08-20 00:01:44,731] Trial 39 finished with value: 0.49332394496092147 and parameters: {'k1': 5.7573499922573335e-05, 'D_low': 398.8548355935679, 'k2': 0.0005748071004948315, 'D_high': 827763.6644394316, 'fire_exp': 2.3867190174853232, 'P_half': 1.3193737326355501, 'pre_dampen_half': 17.72288009794577, 'gpp_af': 0.5929791182883053, 'gpp_b': 3.669274222297727e-05, 'gpp_d': 30.564290312322548, 'ign_k': 0.3343598649131208, 'ign_c': 24.79910872269421, 'trop_agb_crit': 17.617841592672562, 'trop_k_veg': 0.6016677978525269}. Best is trial 0 with value: -0.5989088506199346.
[I 2026-08-20 00:01:47,294] Trial 40 finished with value: 0.5552428125436242 and parameters: {'k1': 3.685091690413245e-05, 'D_low': 7840.808358274024, 'k2': 0.00010409627152588366, 'D_high': 7825408.097398185, 'fire_exp': 3.8337458831658955, 'P_half': 15.655334396628398, 'pre_dampen_half': 914.5426396849704, 'gpp_af': 0.09872811491094748, 'gpp_b': 0.007367603560166956, 'gpp_d': 1.6011271175008945, 'ign_k': 0.8681655237941999, 'ign_c': 4.988749049993408, 'trop_agb_crit': 19.656810487535612, 'trop_k_veg': 0.6629305957259096}. Best is trial 0 with value: -0.5989088506199346.
[I 2026-08-20 00:01:51,035] Trial 41 finished with value: 0.6445374145881376 and parameters: {'k1': 0.0002037123486396738, 'D_low': 25020.93801118942, 'k2': 0.00024670287070966996, 'D_high': 2374894.054281837, 'fire_exp': 1.6202776412016784, 'P_half': 289.28658896579515, 'pre_dampen_half': 666.0943316419109, 'gpp_af': 1.1155705146502761, 'gpp_b': 2.2469123308645217e-05, 'gpp_d': 1.5457055423508588, 'ign_k': 2.1035638997968897, 'ign_c': 66.23008249977865, 'trop_agb_crit': 15.205181516116243, 'trop_k_veg': 3.3812745055300315}. Best is trial 0 with value: -0.5989088506199346.
[I 2026-08-20 00:01:53,567] Trial 42 finished with value: -0.5154622277015557 and parameters: {'k1': 1.2749098561058708e-05, 'D_low': 100.54780446892674, 'k2': 0.09084714128180271, 'D_high': 739815.466718317, 'fire_exp': 1.9176271071515356, 'P_half': 9.778101764657094, 'pre_dampen_half': 12.087107326786477, 'gpp_af': 0.0012245859480313804, 'gpp_b': 5.050430656172946e-05, 'gpp_d': 12.374135993932375, 'ign_k': 3.3229287488708037, 'ign_c': 0.17156930301555653, 'trop_agb_crit': 2.4702270099592147, 'trop_k_veg': 1.2282984890833968}. Best is trial 0 with value: -0.5989088506199346.
[I 2026-08-20 00:01:56,065] Trial 43 finished with value: 0.5903190463092715 and parameters: {'k1': 0.0005790749115785932, 'D_low': 288.68192237370727, 'k2': 0.0011530517474231897, 'D_high': 11691.476981957509, 'fire_exp': 2.8156813998557433, 'P_half': 321.0637214694776, 'pre_dampen_half': 0.20716737611791297, 'gpp_af': 0.01867976999423658, 'gpp_b': 0.001064684962412169, 'gpp_d': 87.30017052368304, 'ign_k': 0.42165336817327553, 'ign_c': 0.8865628624331942, 'trop_agb_crit': 7.311858796789827, 'trop_k_veg': 1.2194737121508255}. Best is trial 0 with value: -0.5989088506199346.
[I 2026-08-20 00:01:58,602] Trial 44 finished with value: 0.47414185365947414 and parameters: {'k1': 0.0003329208461137953, 'D_low': 10.810167554158292, 'k2': 0.029759284945553292, 'D_high': 7476748.253333636, 'fire_exp': 2.6193532942872078, 'P_half': 4.216997514901466, 'pre_dampen_half': 0.584060206407164, 'gpp_af': 0.07393663633310481, 'gpp_b': 0.0002539186439146817, 'gpp_d': 102.21832423600112, 'ign_k': 0.4789542358206168, 'ign_c': 0.3415358143490987, 'trop_agb_crit': 4.928545538230811, 'trop_k_veg': 0.7976734906201581}. Best is trial 0 with value: -0.5989088506199346.
[I 2026-08-20 00:02:01,086] Trial 45 finished with value: 0.424287717349772 and parameters: {'k1': 0.0035676562771538452, 'D_low': 1559.5552836701881, 'k2': 0.003337916977851896, 'D_high': 1001464.9655280322, 'fire_exp': 1.6963455641892071, 'P_half': 733.2221930809585, 'pre_dampen_half': 134.1912065529488, 'gpp_af': 0.009559584458883323, 'gpp_b': 2.9517609957613334e-05, 'gpp_d': 14.678768568142521, 'ign_k': 0.9101097694784379, 'ign_c': 19.990024782976644, 'trop_agb_crit': 21.53640766262756, 'trop_k_veg': 3.1207036408796185}. Best is trial 0 with value: -0.5989088506199346.
[I 2026-08-20 00:02:03,739] Trial 46 finished with value: 0.586582571260091 and parameters: {'k1': 0.0002988015750186609, 'D_low': 793.1648818850895, 'k2': 7.537346372127709e-05, 'D_high': 14133.727734402826, 'fire_exp': 2.4274340038567805, 'P_half': 21.880083959993748, 'pre_dampen_half': 5.16976200222189, 'gpp_af': 0.024351719190004464, 'gpp_b': 0.00011958589626199703, 'gpp_d': 0.0583317861513987, 'ign_k': 4.906340890793723, 'ign_c': 16.72364623603382, 'trop_agb_crit': 6.733558280645288, 'trop_k_veg': 1.0495509374867653}. Best is trial 0 with value: -0.5989088506199346.
[I 2026-08-20 00:02:06,259] Trial 47 finished with value: 0.5552074541549796 and parameters: {'k1': 0.0001886136379139866, 'D_low': 1.2732047425228323, 'k2': 0.00014373797146386444, 'D_high': 59317.47483303187, 'fire_exp': 5.895181733847687, 'P_half': 18.791688398245242, 'pre_dampen_half': 3.2803425721037947, 'gpp_af': 0.005999172018285905, 'gpp_b': 5.108454454780606e-05, 'gpp_d': 4.07289681100038, 'ign_k': 0.8424408523509349, 'ign_c': 0.5894699369680129, 'trop_agb_crit': 14.534471883880872, 'trop_k_veg': 1.1969847760645296}. Best is trial 0 with value: -0.5989088506199346.
[I 2026-08-20 00:02:08,831] Trial 48 finished with value: 0.6445374145881376 and parameters: {'k1': 8.040625786274058e-05, 'D_low': 547.3119273788944, 'k2': 0.00022796108544019514, 'D_high': 7189014.886421923, 'fire_exp': 4.5692943069594, 'P_half': 40.0829723609423, 'pre_dampen_half': 5.534005495105543, 'gpp_af': 0.047481539075246416, 'gpp_b': 4.6205387304273324e-05, 'gpp_d': 0.8980725055236756, 'ign_k': 2.451624722756968, 'ign_c': 132.0241385786766, 'trop_agb_crit': 22.979430918948363, 'trop_k_veg': 0.6960462794803894}. Best is trial 0 with value: -0.5989088506199346.
[I 2026-08-20 00:02:11,286] Trial 49 finished with value: 0.6445374145881376 and parameters: {'k1': 0.0015635999819808438, 'D_low': 2842.248800482509, 'k2': 0.0020369900480507078, 'D_high': 6492246.163958585, 'fire_exp': 1.0522230652311615, 'P_half': 401.7494794707138, 'pre_dampen_half': 1.8092765689758543, 'gpp_af': 0.003410391234517033, 'gpp_b': 0.00014201473433129297, 'gpp_d': 0.1898832588180002, 'ign_k': 7.803591588197009, 'ign_c': 165.9738073678551, 'trop_agb_crit': 15.967143144808908, 'trop_k_veg': 3.3664197898503745}. Best is trial 0 with value: -0.5989088506199346.
[I 2026-08-20 00:02:13,852] Trial 50 finished with value: 0.46502992920983033 and parameters: {'k1': 0.00025329209904116667, 'D_low': 8.875652461435191, 'k2': 0.0046075567783221485, 'D_high': 238791.38587972146, 'fire_exp': 5.907894206903795, 'P_half': 1.5425621267535472, 'pre_dampen_half': 10.391303052380628, 'gpp_af': 0.10759989325746007, 'gpp_b': 0.0005476209178334782, 'gpp_d': 12.263489055344989, 'ign_k': 4.568932539938195, 'ign_c': 2.0766808360888347, 'trop_agb_crit': 11.01468675604983, 'trop_k_veg': 0.6639202748564267}. Best is trial 0 with value: -0.5989088506199346.
[I 2026-08-20 00:02:16,375] Trial 51 finished with value: 0.5400124977461679 and parameters: {'k1': 0.00012650839194048872, 'D_low': 27.5043900569103, 'k2': 0.02463699064813257, 'D_high': 1606900.7094934406, 'fire_exp': 1.8199936984773786, 'P_half': 464.6971553329229, 'pre_dampen_half': 2.697456381996395, 'gpp_af': 0.0012133811892837123, 'gpp_b': 0.00012294012567555176, 'gpp_d': 5.213865271010795, 'ign_k': 2.501936490881577, 'ign_c': 0.24163794699938035, 'trop_agb_crit': 1.460192238746746, 'trop_k_veg': 1.732968622384116}. Best is trial 0 with value: -0.5989088506199346.
[I 2026-08-20 00:02:18,884] Trial 52 finished with value: 0.5432070178853238 and parameters: {'k1': 1.099827245536077e-05, 'D_low': 705.5317254139521, 'k2': 0.033846767916715426, 'D_high': 106518.4475710899, 'fire_exp': 1.4188094933705029, 'P_half': 43.08182059281129, 'pre_dampen_half': 2.2905979808745034, 'gpp_af': 0.007443622859890373, 'gpp_b': 5.822848537094243e-05, 'gpp_d': 2.554686744701592, 'ign_k': 0.06454014380798075, 'ign_c': 0.6114232431581654, 'trop_agb_crit': 2.4915817467600756, 'trop_k_veg': 0.6254950977678192}. Best is trial 0 with value: -0.5989088506199346.
[I 2026-08-20 00:02:21,346] Trial 53 finished with value: 0.5421695680772171 and parameters: {'k1': 2.3668615310801952e-05, 'D_low': 554.3502787295031, 'k2': 0.001685166248798691, 'D_high': 830345.9750052389, 'fire_exp': 2.210165352434599, 'P_half': 5.87467201463088, 'pre_dampen_half': 6.588880365934203, 'gpp_af': 0.002414520913908079, 'gpp_b': 0.0004824241636279016, 'gpp_d': 6.272941037105203, 'ign_k': 8.091247899782925, 'ign_c': 0.13738227987477591, 'trop_agb_crit': 4.486545710913731, 'trop_k_veg': 0.9777782426178931}. Best is trial 0 with value: -0.5989088506199346.
[I 2026-08-20 00:02:24,403] Trial 54 finished with value: -0.44425843940664167 and parameters: {'k1': 3.32939065279016e-05, 'D_low': 14.826871662057092, 'k2': 0.06888980958154535, 'D_high': 6291.372526552881, 'fire_exp': 1.6772807744358418, 'P_half': 6.054716673261663, 'pre_dampen_half': 10.370081894763333, 'gpp_af': 0.003950784526812202, 'gpp_b': 1.0254666143773828e-05, 'gpp_d': 68.85869265049973, 'ign_k': 8.750633955197436, 'ign_c': 0.47313042911827463, 'trop_agb_crit': 2.3928138107186205, 'trop_k_veg': 2.6196521262650334}. Best is trial 0 with value: -0.5989088506199346.
[I 2026-08-20 00:02:26,841] Trial 55 finished with value: 0.4129579825460268 and parameters: {'k1': 7.868023334648638e-05, 'D_low': 750.629168732969, 'k2': 0.06298936505613645, 'D_high': 809507.3739096159, 'fire_exp': 1.5195947487049863, 'P_half': 1.171043802952118, 'pre_dampen_half': 5.819590673638923, 'gpp_af': 0.002730885492940293, 'gpp_b': 3.7299044831583876e-05, 'gpp_d': 2.1760614324865557, 'ign_k': 0.7867009416774642, 'ign_c': 2.214828678450199, 'trop_agb_crit': 7.47984730864433, 'trop_k_veg': 3.0486644218636667}. Best is trial 0 with value: -0.5989088506199346.
[I 2026-08-20 00:02:29,393] Trial 56 finished with value: 0.5133645716647635 and parameters: {'k1': 1.1571402182845109e-05, 'D_low': 175.13497503776765, 'k2': 0.07205860678866331, 'D_high': 1536649.5789047193, 'fire_exp': 2.58694984447453, 'P_half': 5.965548550132755, 'pre_dampen_half': 23.182608802217665, 'gpp_af': 0.004144801393438812, 'gpp_b': 6.334613287631871e-05, 'gpp_d': 13.405755388659484, 'ign_k': 3.7091815848206515, 'ign_c': 0.46925955086647486, 'trop_agb_crit': 1.7402430301846714, 'trop_k_veg': 0.846281979613934}. Best is trial 0 with value: -0.5989088506199346.
[I 2026-08-20 00:02:31,859] Trial 57 finished with value: 0.6134301252677689 and parameters: {'k1': 0.0013586051571997323, 'D_low': 11.3168473333131, 'k2': 0.004213692980098846, 'D_high': 248499.20921219006, 'fire_exp': 4.70826078752879, 'P_half': 58.40060408201009, 'pre_dampen_half': 46.184359597696435, 'gpp_af': 0.0022138445527360344, 'gpp_b': 0.0044093667500909655, 'gpp_d': 207.4330356074193, 'ign_k': 0.4929044534926427, 'ign_c': 0.2518808947004505, 'trop_agb_crit': 11.266463513131768, 'trop_k_veg': 0.7823385646670064}. Best is trial 0 with value: -0.5989088506199346.
[I 2026-08-20 00:02:35,044] Trial 58 finished with value: 0.5890964039140568 and parameters: {'k1': 0.000696212547989285, 'D_low': 5.792438110619973, 'k2': 0.013642256818976961, 'D_high': 547.0568160083404, 'fire_exp': 1.6966730817582762, 'P_half': 16.909307445419735, 'pre_dampen_half': 332.7383889028725, 'gpp_af': 0.03926032419941263, 'gpp_b': 1.108828732644958e-05, 'gpp_d': 4.385831884437612, 'ign_k': 3.6134866066828133, 'ign_c': 13.406578240026032, 'trop_agb_crit': 11.459940468431789, 'trop_k_veg': 1.716776843298827}. Best is trial 0 with value: -0.5989088506199346.
[I 2026-08-20 00:02:37,591] Trial 59 finished with value: 0.4646322789186914 and parameters: {'k1': 0.0004316179762217817, 'D_low': 6.192288289967798, 'k2': 0.003698980753865672, 'D_high': 27134.838345200114, 'fire_exp': 1.48273115613139, 'P_half': 36.00119625636569, 'pre_dampen_half': 296.9151952154627, 'gpp_af': 0.0057621043122346866, 'gpp_b': 1.6451556713572627e-05, 'gpp_d': 71.35736073043556, 'ign_k': 2.034705450803162, 'ign_c': 15.907184105116812, 'trop_agb_crit': 26.921369663807873, 'trop_k_veg': 1.4683955322362896}. Best is trial 0 with value: -0.5989088506199346.
[I 2026-08-20 00:02:39,995] Trial 60 finished with value: 0.42117551873627956 and parameters: {'k1': 1.2546326464672302e-05, 'D_low': 953.5800945008706, 'k2': 0.032521199481639375, 'D_high': 2029923.4926380308, 'fire_exp': 1.0504109773081223, 'P_half': 58.86919101203422, 'pre_dampen_half': 8.973112048202854, 'gpp_af': 0.006531337696098474, 'gpp_b': 5.083908088197317e-05, 'gpp_d': 198.65448875259142, 'ign_k': 3.6619145091813885, 'ign_c': 0.4638467485729313, 'trop_agb_crit': 4.251282761406531, 'trop_k_veg': 1.3261661132347664}. Best is trial 0 with value: -0.5989088506199346.
[I 2026-08-20 00:02:42,592] Trial 61 finished with value: 0.5261705754132244 and parameters: {'k1': 5.341378044226028e-05, 'D_low': 4.921503992222422, 'k2': 0.06921770849313126, 'D_high': 49709.17075146999, 'fire_exp': 1.6698150650411916, 'P_half': 2.5895931523442526, 'pre_dampen_half': 0.9279874834703282, 'gpp_af': 0.5850875147603755, 'gpp_b': 1.249276480215628e-05, 'gpp_d': 23.59735423828645, 'ign_k': 2.1088438836582415, 'ign_c': 1.1962925045520212, 'trop_agb_crit': 2.4239316153857056, 'trop_k_veg': 6.102772811291392}. Best is trial 0 with value: -0.5989088506199346.
[I 2026-08-20 00:02:45,081] Trial 62 finished with value: 0.5321833416475374 and parameters: {'k1': 2.0103523001909325e-05, 'D_low': 136.07209312158062, 'k2': 0.006948302319834092, 'D_high': 2702.7165480339318, 'fire_exp': 1.1851435113131574, 'P_half': 10.883776645850444, 'pre_dampen_half': 32.863785251342584, 'gpp_af': 0.010039261152599155, 'gpp_b': 0.00023170776336518378, 'gpp_d': 44.90494643213414, 'ign_k': 2.695282032315907, 'ign_c': 0.6598697356848514, 'trop_agb_crit': 2.204152981937361, 'trop_k_veg': 5.02572712447331}. Best is trial 0 with value: -0.5989088506199346.
[I 2026-08-20 00:02:47,621] Trial 63 finished with value: 0.5824964493014396 and parameters: {'k1': 1.3426932165391829e-05, 'D_low': 6.772731963104256, 'k2': 0.004204328670120611, 'D_high': 8107.870308093335, 'fire_exp': 3.066283038111448, 'P_half': 13.85405526045229, 'pre_dampen_half': 46.765241004967805, 'gpp_af': 0.0056365623868660925, 'gpp_b': 2.9164007530539357e-05, 'gpp_d': 325.4193998716367, 'ign_k': 5.547226542572386, 'ign_c': 0.50933124564769, 'trop_agb_crit': 3.5788501505183246, 'trop_k_veg': 2.5802879040589586}. Best is trial 0 with value: -0.5989088506199346.
[I 2026-08-20 00:02:49,994] Trial 64 finished with value: 0.6445374145881376 and parameters: {'k1': 2.234558886061899e-05, 'D_low': 300.2706247975635, 'k2': 0.0005252427310254116, 'D_high': 2631286.334525138, 'fire_exp': 1.0541334972347007, 'P_half': 5.425072628719133, 'pre_dampen_half': 9.266015511275189, 'gpp_af': 0.0075787762005382064, 'gpp_b': 0.0004830125780581394, 'gpp_d': 77.81689852771568, 'ign_k': 2.553839460994985, 'ign_c': 55.1661150097131, 'trop_agb_crit': 7.8791175763576335, 'trop_k_veg': 0.9084628562657943}. Best is trial 0 with value: -0.5989088506199346.
[I 2026-08-20 00:02:52,508] Trial 65 finished with value: 0.6445374145881376 and parameters: {'k1': 0.0006756573357150913, 'D_low': 132.17788872517897, 'k2': 1.5315418283258285e-05, 'D_high': 21647.440959653137, 'fire_exp': 6.971313344652502, 'P_half': 28.470855111344243, 'pre_dampen_half': 324.79656464997316, 'gpp_af': 1.3201553479097283, 'gpp_b': 0.00013228055608222356, 'gpp_d': 4.659910460574689, 'ign_k': 0.06934036728914376, 'ign_c': 91.46302924394868, 'trop_agb_crit': 7.975526632357766, 'trop_k_veg': 0.6346657091282231}. Best is trial 0 with value: -0.5989088506199346.
[I 2026-08-20 00:02:54,979] Trial 66 finished with value: 0.6054440095675943 and parameters: {'k1': 0.0027192901816392263, 'D_low': 396.6481514415222, 'k2': 0.04539195296838376, 'D_high': 1708.9861361725461, 'fire_exp': 3.2321331867662786, 'P_half': 73.3275720718415, 'pre_dampen_half': 16.129944981218042, 'gpp_af': 0.28013907385213205, 'gpp_b': 8.299525021964127e-05, 'gpp_d': 80.13520582276341, 'ign_k': 0.4196687135956791, 'ign_c': 0.4999082223446168, 'trop_agb_crit': 5.939033948989361, 'trop_k_veg': 0.5436411430715579}. Best is trial 0 with value: -0.5989088506199346.
[I 2026-08-20 00:02:57,590] Trial 67 finished with value: 0.5670814389307455 and parameters: {'k1': 3.4648728178983295e-05, 'D_low': 1.1305174796440856, 'k2': 0.01060783910547224, 'D_high': 163519.1665102039, 'fire_exp': 1.7693844113046069, 'P_half': 5.727270236989375, 'pre_dampen_half': 0.0362614420631312, 'gpp_af': 0.0023076489174425176, 'gpp_b': 9.077498564450592e-05, 'gpp_d': 301.4637883908348, 'ign_k': 7.462060828252799, 'ign_c': 0.1666431824320199, 'trop_agb_crit': 2.002908387291995, 'trop_k_veg': 1.9454390173522484}. Best is trial 0 with value: -0.5989088506199346.
[I 2026-08-20 00:03:00,059] Trial 68 finished with value: 0.5703109553023372 and parameters: {'k1': 1.7242887637832484e-05, 'D_low': 28.671547171662354, 'k2': 0.050080728114249316, 'D_high': 5868787.905985882, 'fire_exp': 3.3019203313153302, 'P_half': 19.35388351947224, 'pre_dampen_half': 18.029399943573424, 'gpp_af': 0.004092048166063571, 'gpp_b': 0.0007780513707942708, 'gpp_d': 0.2022573349137033, 'ign_k': 0.19441422886274937, 'ign_c': 0.12164616904673373, 'trop_agb_crit': 2.8475299973969213, 'trop_k_veg': 3.600960562162513}. Best is trial 0 with value: -0.5989088506199346.
[I 2026-08-20 00:03:02,560] Trial 69 finished with value: -0.46723906964002077 and parameters: {'k1': 1.2618227778721425e-05, 'D_low': 142.14798575267753, 'k2': 0.009394543307720108, 'D_high': 33995.512541039316, 'fire_exp': 2.3803053261753417, 'P_half': 6.730016827015477, 'pre_dampen_half': 106.76022826614569, 'gpp_af': 0.17957554451308766, 'gpp_b': 1.3572663917046536e-05, 'gpp_d': 6.618817460349603, 'ign_k': 1.8090262987479737, 'ign_c': 2.66808035553756, 'trop_agb_crit': 13.522592018419447, 'trop_k_veg': 0.96079484272839}. Best is trial 0 with value: -0.5989088506199346.
[I 2026-08-20 00:03:04,998] Trial 70 finished with value: 0.601970627785433 and parameters: {'k1': 2.0259047038041936e-05, 'D_low': 57.142947916118864, 'k2': 0.025885403061181134, 'D_high': 2799.328155173746, 'fire_exp': 3.7711013602441144, 'P_half': 4.901458989707745, 'pre_dampen_half': 16.79210693617447, 'gpp_af': 8.422425963754362, 'gpp_b': 0.00024765956672758333, 'gpp_d': 107.52817461737378, 'ign_k': 0.47385142913932143, 'ign_c': 0.39740077213905384, 'trop_agb_crit': 9.196478964453513, 'trop_k_veg': 1.2409448773002123}. Best is trial 0 with value: -0.5989088506199346.
[I 2026-08-20 00:03:07,560] Trial 71 finished with value: 0.5765279156166623 and parameters: {'k1': 5.8257365233616444e-05, 'D_low': 16.255045003295752, 'k2': 0.07717355492015153, 'D_high': 2443.9371399177685, 'fire_exp': 1.432183774113267, 'P_half': 13.352928274730676, 'pre_dampen_half': 5.53859493096517, 'gpp_af': 0.008001367591643894, 'gpp_b': 0.00024201968418296197, 'gpp_d': 8.677134061640754, 'ign_k': 2.165108993253914, 'ign_c': 0.17848940729190935, 'trop_agb_crit': 2.2502448135521975, 'trop_k_veg': 2.1461417278781485}. Best is trial 0 with value: -0.5989088506199346.
[I 2026-08-20 00:03:10,044] Trial 72 finished with value: 0.4632361751269206 and parameters: {'k1': 9.250468343059118e-05, 'D_low': 50.61532802491169, 'k2': 0.001009110703566564, 'D_high': 6910656.447483001, 'fire_exp': 1.0179091245375893, 'P_half': 64.25179243334358, 'pre_dampen_half': 142.75703200488897, 'gpp_af': 2.182906075061103, 'gpp_b': 0.002386031734693175, 'gpp_d': 106.9473472966288, 'ign_k': 4.62394976753682, 'ign_c': 18.161723370699466, 'trop_agb_crit': 18.22804725296258, 'trop_k_veg': 4.430366002941011}. Best is trial 0 with value: -0.5989088506199346.
[I 2026-08-20 00:03:12,543] Trial 73 finished with value: 0.5868982785089988 and parameters: {'k1': 1.1696217238600895e-05, 'D_low': 124.87589378856752, 'k2': 0.013447018514658031, 'D_high': 46790.3206493789, 'fire_exp': 3.2014436531671513, 'P_half': 279.3323213642928, 'pre_dampen_half': 88.91769527494027, 'gpp_af': 0.1986581351227951, 'gpp_b': 0.00010031434794465012, 'gpp_d': 20.468125252753598, 'ign_k': 0.03382679781569138, 'ign_c': 7.478271025443773, 'trop_agb_crit': 10.146756398874697, 'trop_k_veg': 0.7160177409183468}. Best is trial 0 with value: -0.5989088506199346.
