[I 2026-08-06 11:24:52,435] Trial 236 finished with values: [10.35381638460147, 10.35381638460147] and parameters: {'k1': 0.011966626407443505, 'D_low': 7.299348683062307, 'k2': 0.03538758864779238, 'D_high': 1236.6924205139144, 'fire_exp': 1.1263716762638152, 'P_half': 1.605843632310088, 'pre_dampen_half': 0.9166964238460105, 'gpp_af': 0.6403036652671171, 'gpp_b': 0.00431329787498825, 'gpp_d': 2.944272359149677, 'ign_k': 0.07091190338709638, 'ign_c': 1.9580595319750387, 'trop_agb_crit': 6.119263728555865, 'trop_k_veg': 5.580504276549027}.
[I 2026-08-06 11:24:53,648] Trial 237 finished with values: [10.728151536322391, 10.728151536322391] and parameters: {'k1': 0.012021930484915042, 'D_low': 355.00125258511594, 'k2': 0.003101429427212743, 'D_high': 21.947742689197344, 'fire_exp': 1.1263716762638152, 'P_half': 712.8188058401365, 'pre_dampen_half': 5.048653998722947, 'gpp_af': 0.10409127568994281, 'gpp_b': 1.4540386644083135e-05, 'gpp_d': 757.2868182332339, 'ign_k': 0.12329098365270515, 'ign_c': 1.9580595319750387, 'trop_agb_crit': 14.948114979829949, 'trop_k_veg': 0.5303724136602885}.
[I 2026-08-06 11:24:54,888] Trial 238 finished with values: [10.566429318155159, 10.566429318155159] and parameters: {'k1': 0.004312951023617458, 'D_low': 7.299348683062307, 'k2': 0.003101429427212743, 'D_high': 21.947742689197344, 'fire_exp': 1.0629462657398439, 'P_half': 712.8188058401365, 'pre_dampen_half': 8.594202650742222, 'gpp_af': 0.6403036652671171, 'gpp_b': 0.22727308251068193, 'gpp_d': 16.460426816350523, 'ign_k': 0.12329098365270515, 'ign_c': 1.9580595319750387, 'trop_agb_crit': 8.997007571451054, 'trop_k_veg': 4.989748894578724}.
[I 2026-08-06 11:24:56,142] Trial 239 finished with values: [10.767491697948842, 10.767491697948842] and parameters: {'k1': 0.05778755734457457, 'D_low': 355.00125258511594, 'k2': 0.031536006085184705, 'D_high': 61536.58035691648, 'fire_exp': 3.3801590342525687, 'P_half': 1735.792403594532, 'pre_dampen_half': 0.1875872314533727, 'gpp_af': 2.555721998081808, 'gpp_b': 0.01777482313117792, 'gpp_d': 9.510288748158525, 'ign_k': 5.351470428717437, 'ign_c': 5.13055176058983, 'trop_agb_crit': 15.961316409649486, 'trop_k_veg': 0.6743482387129308}.
[I 2026-08-06 11:24:57,349] Trial 240 finished with values: [10.274866319485128, 10.274866319485128] and parameters: {'k1': 0.01889771394135163, 'D_low': 7.299348683062307, 'k2': 1.1065812688893481e-05, 'D_high': 21.947742689197344, 'fire_exp': 1.0629462657398439, 'P_half': 220.3445560633069, 'pre_dampen_half': 5.048653998722947, 'gpp_af': 1.9706963379095486, 'gpp_b': 0.0054502936945582505, 'gpp_d': 16.460426816350523, 'ign_k': 0.0680787482656459, 'ign_c': 1.9580595319750387, 'trop_agb_crit': 7.500118950416987, 'trop_k_veg': 1.0594599158279707}.
[I 2026-08-06 11:24:58,557] Trial 241 finished with values: [10.48749888824367, 10.48749888824367] and parameters: {'k1': 0.03635503353478365, 'D_low': 171.2446447678494, 'k2': 0.012758211164590085, 'D_high': 2940.51756322311, 'fire_exp': 1.2918065501148304, 'P_half': 4.213183643253957, 'pre_dampen_half': 0.2888838362365318, 'gpp_af': 0.1476584299248268, 'gpp_b': 2.176805640408474e-05, 'gpp_d': 1.6983565276584263, 'ign_k': 8.708806168038567, 'ign_c': 0.12510188850164433, 'trop_agb_crit': 7.500118950416987, 'trop_k_veg': 0.6673124511410327}.
[I 2026-08-06 11:24:59,748] Trial 242 finished with values: [10.28664184591461, 10.28664184591461] and parameters: {'k1': 0.05705198955850472, 'D_low': 7.299348683062307, 'k2': 0.03538758864779238, 'D_high': 21.947742689197344, 'fire_exp': 1.0601964743503993, 'P_half': 4.213183643253957, 'pre_dampen_half': 63.6685916079943, 'gpp_af': 9.860891468435602, 'gpp_b': 0.0054502936945582505, 'gpp_d': 84.31013932082456, 'ign_k': 0.11619873314872933, 'ign_c': 5.13055176058983, 'trop_agb_crit': 7.500118950416987, 'trop_k_veg': 3.1473758868965476}.
[I 2026-08-06 11:25:01,013] Trial 243 finished with values: [10.744904391689351, 10.744904391689351] and parameters: {'k1': 0.008287522363768155, 'D_low': 355.00125258511594, 'k2': 0.09811523358736457, 'D_high': 252.84086172415604, 'fire_exp': 1.3170256885255098, 'P_half': 712.8188058401365, 'pre_dampen_half': 63.6685916079943, 'gpp_af': 0.6403036652671171, 'gpp_b': 0.42247700890263645, 'gpp_d': 2.944272359149677, 'ign_k': 0.12329098365270515, 'ign_c': 5.13055176058983, 'trop_agb_crit': 1.0903028125370984, 'trop_k_veg': 0.6743482387129308}.
[I 2026-08-06 11:25:02,220] Trial 244 finished with values: [10.60580703139294, 10.60580703139294] and parameters: {'k1': 0.008471801418819975, 'D_low': 7.299348683062307, 'k2': 0.011715293025123641, 'D_high': 42.070539502879384, 'fire_exp': 1.1430983876313219, 'P_half': 175.2878790340412, 'pre_dampen_half': 5.048653998722947, 'gpp_af': 0.10409127568994281, 'gpp_b': 1.3289448722869181e-05, 'gpp_d': 757.2868182332339, 'ign_k': 0.11619873314872933, 'ign_c': 0.70689749506246, 'trop_agb_crit': 14.948114979829949, 'trop_k_veg': 1.0594599158279707}.
[I 2026-08-06 11:25:03,522] Trial 245 finished with values: [10.330679478028559, 10.330679478028559] and parameters: {'k1': 0.004312951023617458, 'D_low': 40.52505887227999, 'k2': 1.915468390724633e-05, 'D_high': 21.947742689197344, 'fire_exp': 1.0601964743503993, 'P_half': 140.74279366401683, 'pre_dampen_half': 8.594202650742222, 'gpp_af': 1.9706963379095486, 'gpp_b': 0.0038900687554386305, 'gpp_d': 84.31013932082456, 'ign_k': 0.01364908766641695, 'ign_c': 1.9580595319750387, 'trop_agb_crit': 7.500118950416987, 'trop_k_veg': 1.8914629029068306}.
[I 2026-08-06 11:25:04,716] Trial 246 finished with values: [10.093601738332984, 10.093601738332984] and parameters: {'k1': 0.00031134168041628584, 'D_low': 12.105387404469584, 'k2': 1.1065812688893481e-05, 'D_high': 25628.666000163565, 'fire_exp': 1.3170256885255098, 'P_half': 4.213183643253957, 'pre_dampen_half': 63.6685916079943, 'gpp_af': 0.10409127568994281, 'gpp_b': 0.0005739662837359252, 'gpp_d': 1.493264336549928, 'ign_k': 0.21006485619596416, 'ign_c': 11.400863701127316, 'trop_agb_crit': 10.965064494899984, 'trop_k_veg': 0.6673124511410327}.
[I 2026-08-06 11:25:05,966] Trial 247 finished with values: [10.096924197421066, 10.096924197421066] and parameters: {'k1': 0.008912611835817005, 'D_low': 355.00125258511594, 'k2': 0.03538758864779238, 'D_high': 3712.591045287726, 'fire_exp': 1.3170256885255098, 'P_half': 323.6099399575106, 'pre_dampen_half': 63.6685916079943, 'gpp_af': 0.6403036652671171, 'gpp_b': 0.0005392415140872105, 'gpp_d': 16.460426816350523, 'ign_k': 0.21006485619596416, 'ign_c': 15.221840161091626, 'trop_agb_crit': 24.584290528289387, 'trop_k_veg': 3.869465953383845}.
[I 2026-08-06 11:25:07,156] Trial 248 finished with values: [10.767955963168077, 10.767955963168077] and parameters: {'k1': 0.004312951023617458, 'D_low': 3123.981524414059, 'k2': 1.915468390724633e-05, 'D_high': 3712.591045287726, 'fire_exp': 1.0629462657398439, 'P_half': 220.3445560633069, 'pre_dampen_half': 502.5175192217655, 'gpp_af': 5.335773317316405, 'gpp_b': 8.02603067403424, 'gpp_d': 16.460426816350523, 'ign_k': 0.0680787482656459, 'ign_c': 2.8335389417624683, 'trop_agb_crit': 24.584290528289387, 'trop_k_veg': 1.4584243470991722}.
[I 2026-08-06 11:25:08,357] Trial 249 finished with values: [10.666869665964684, 10.666869665964684] and parameters: {'k1': 0.004312951023617458, 'D_low': 1112.9571947046009, 'k2': 8.923807143379776e-05, 'D_high': 783.2259769732478, 'fire_exp': 1.4900535273878766, 'P_half': 220.3445560633069, 'pre_dampen_half': 502.5175192217655, 'gpp_af': 1.200191344086032, 'gpp_b': 3.481277316673104e-05, 'gpp_d': 1.279742971294904, 'ign_k': 0.0680787482656459, 'ign_c': 0.557280750002996, 'trop_agb_crit': 1.14876138417489, 'trop_k_veg': 1.4584243470991722}.
[I 2026-08-06 11:25:09,546] Trial 250 finished with values: [10.427239701112692, 10.427239701112692] and parameters: {'k1': 0.00031134168041628584, 'D_low': 12.105387404469584, 'k2': 0.003767022142229395, 'D_high': 11832.967057468773, 'fire_exp': 1.0601964743503993, 'P_half': 4.213183643253957, 'pre_dampen_half': 38.00678588560607, 'gpp_af': 1.9706963379095486, 'gpp_b': 1.4540386644083135e-05, 'gpp_d': 0.12878367369717508, 'ign_k': 0.00840038491455979, 'ign_c': 48.704711413416454, 'trop_agb_crit': 1.0693376406863295, 'trop_k_veg': 0.6673124511410327}.
[I 2026-08-06 11:25:10,798] Trial 251 finished with values: [10.545516033657911, 10.545516033657911] and parameters: {'k1': 0.008287522363768155, 'D_low': 355.00125258511594, 'k2': 0.0007047307383115598, 'D_high': 774.2116473996249, 'fire_exp': 1.3170256885255098, 'P_half': 712.8188058401365, 'pre_dampen_half': 63.6685916079943, 'gpp_af': 0.6403036652671171, 'gpp_b': 1.284284091405877e-05, 'gpp_d': 2.944272359149677, 'ign_k': 5.351470428717437, 'ign_c': 5.13055176058983, 'trop_agb_crit': 10.691477813613638, 'trop_k_veg': 0.6743482387129308}.
[I 2026-08-06 11:25:12,019] Trial 252 finished with values: [12.228736126654592, 12.228736126654592] and parameters: {'k1': 0.06598741607403362, 'D_low': 1.54121727098019, 'k2': 0.012758211164590085, 'D_high': 2940.51756322311, 'fire_exp': 1.4665043946307825, 'P_half': 9.324787201197319, 'pre_dampen_half': 502.5175192217655, 'gpp_af': 0.1476584299248268, 'gpp_b': 0.0005392415140872105, 'gpp_d': 16.460426816350523, 'ign_k': 8.708806168038567, 'ign_c': 15.221840161091626, 'trop_agb_crit': 3.5747129226002423, 'trop_k_veg': 3.869465953383845}.
[I 2026-08-06 11:25:13,249] Trial 253 finished with values: [10.71026936569347, 10.71026936569347] and parameters: {'k1': 0.00031134168041628584, 'D_low': 171.2446447678494, 'k2': 0.0012040762895973265, 'D_high': 25628.666000163565, 'fire_exp': 1.165368636520435, 'P_half': 12.808863354047988, 'pre_dampen_half': 0.012952289461753311, 'gpp_af': 0.10409127568994281, 'gpp_b': 1.4540386644083135e-05, 'gpp_d': 0.03927259340973166, 'ign_k': 0.00840038491455979, 'ign_c': 30.28574109895626, 'trop_agb_crit': 3.5747129226002423, 'trop_k_veg': 6.9782110227926815}.
[I 2026-08-06 11:25:14,485] Trial 254 finished with values: [10.678072377158548, 10.678072377158548] and parameters: {'k1': 0.012021930484915042, 'D_low': 64.39790863101601, 'k2': 7.914423612155373e-05, 'D_high': 21.947742689197344, 'fire_exp': 1.0629462657398439, 'P_half': 220.3445560633069, 'pre_dampen_half': 502.5175192217655, 'gpp_af': 0.12269699058825158, 'gpp_b': 0.22727308251068193, 'gpp_d': 757.2868182332339, 'ign_k': 0.11619873314872933, 'ign_c': 33.81093273170848, 'trop_agb_crit': 1.0455434848969813, 'trop_k_veg': 1.0594599158279707}.
[I 2026-08-06 11:25:15,952] Trial 255 finished with values: [10.68553726533564, 10.68553726533564] and parameters: {'k1': 0.00488137519160367, 'D_low': 171.2446447678494, 'k2': 0.00023295358953467695, 'D_high': 3346.220103048382, 'fire_exp': 1.0601964743503993, 'P_half': 4.213183643253957, 'pre_dampen_half': 0.011396414164620812, 'gpp_af': 0.2204465010099918, 'gpp_b': 2.176805640408474e-05, 'gpp_d': 0.03927259340973166, 'ign_k': 8.708806168038567, 'ign_c': 0.12510188850164433, 'trop_agb_crit': 10.965064494899984, 'trop_k_veg': 1.6081790145072552}.
[I 2026-08-06 11:25:17,389] Trial 256 finished with values: [10.631164574941266, 10.631164574941266] and parameters: {'k1': 0.004312951023617458, 'D_low': 1112.9571947046009, 'k2': 8.923807143379776e-05, 'D_high': 8182.111518618414, 'fire_exp': 1.0629462657398439, 'P_half': 338.23872019362165, 'pre_dampen_half': 48.74291611803564, 'gpp_af': 0.7539992074650279, 'gpp_b': 3.481277316673104e-05, 'gpp_d': 150.14555442537656, 'ign_k': 0.010167079878196114, 'ign_c': 0.557280750002996, 'trop_agb_crit': 1.14876138417489, 'trop_k_veg': 1.4584243470991722}.
[I 2026-08-06 11:25:18,714] Trial 257 finished with values: [10.039994436783552, 10.039994436783552] and parameters: {'k1': 0.00031134168041628584, 'D_low': 12.105387404469584, 'k2': 0.0007047307383115598, 'D_high': 61536.58035691648, 'fire_exp': 1.0362310858538248, 'P_half': 4.213183643253957, 'pre_dampen_half': 63.6685916079943, 'gpp_af': 1.9706963379095486, 'gpp_b': 0.0005739662837359252, 'gpp_d': 0.12878367369717508, 'ign_k': 0.21006485619596416, 'ign_c': 11.400863701127316, 'trop_agb_crit': 1.0693376406863295, 'trop_k_veg': 0.6673124511410327}.
[I 2026-08-06 11:25:20,088] Trial 258 finished with values: [10.393252390654093, 10.393252390654093] and parameters: {'k1': 5.2759586181451185e-05, 'D_low': 520.4862686958022, 'k2': 1.915468390724633e-05, 'D_high': 1615.0602315370222, 'fire_exp': 1.0629462657398439, 'P_half': 9.324787201197319, 'pre_dampen_half': 8.594202650742222, 'gpp_af': 2.6003623362924237, 'gpp_b': 2.6738182964551835e-05, 'gpp_d': 16.460426816350523, 'ign_k': 0.01364908766641695, 'ign_c': 2.8335389417624683, 'trop_agb_crit': 6.119263728555865, 'trop_k_veg': 0.5772603928610088}.
[I 2026-08-06 11:25:21,339] Trial 259 finished with values: [10.762626276793975, 10.762626276793975] and parameters: {'k1': 0.012021930484915042, 'D_low': 7.299348683062307, 'k2': 0.003101429427212743, 'D_high': 21.947742689197344, 'fire_exp': 1.1263716762638152, 'P_half': 6.784924519083139, 'pre_dampen_half': 5.048653998722947, 'gpp_af': 0.006359264168909611, 'gpp_b': 0.22727308251068193, 'gpp_d': 757.2868182332339, 'ign_k': 0.11619873314872933, 'ign_c': 1.9580595319750387, 'trop_agb_crit': 14.948114979829949, 'trop_k_veg': 1.0345878666211452}.
[I 2026-08-06 11:25:22,663] Trial 260 finished with values: [10.09087240541991, 10.09087240541991] and parameters: {'k1': 0.008912611835817005, 'D_low': 38.82837025280678, 'k2': 0.003419108473554454, 'D_high': 774.2116473996249, 'fire_exp': 1.3170256885255098, 'P_half': 4.213183643253957, 'pre_dampen_half': 38.00678588560607, 'gpp_af': 0.6403036652671171, 'gpp_b': 0.42247700890263645, 'gpp_d': 5.1715677287580455, 'ign_k': 8.926311370835233, 'ign_c': 2.414259639010457, 'trop_agb_crit': 24.80219492452611, 'trop_k_veg': 0.6673124511410327}.
[I 2026-08-06 11:25:24,248] Trial 261 finished with values: [-0.5514661236247544, 0.10856991253381953] and parameters: {'k1': 0.008912611835817005, 'D_low': 1.54121727098019, 'k2': 0.03538758864779238, 'D_high': 5670.3463356272905, 'fire_exp': 1.7329145403564932, 'P_half': 4.213183643253957, 'pre_dampen_half': 502.5175192217655, 'gpp_af': 1.1300566419249864, 'gpp_b': 0.0005739662837359252, 'gpp_d': 1.493264336549928, 'ign_k': 0.0680787482656459, 'ign_c': 11.400863701127316, 'trop_agb_crit': 24.584290528289387, 'trop_k_veg': 0.6673124511410327}.
[I 2026-08-06 11:25:25,520] Trial 262 finished with values: [10.341214441096625, 10.341214441096625] and parameters: {'k1': 0.06598741607403362, 'D_low': 1.54121727098019, 'k2': 0.0012040762895973265, 'D_high': 42.070539502879384, 'fire_exp': 1.1430983876313219, 'P_half': 9.324787201197319, 'pre_dampen_half': 502.5175192217655, 'gpp_af': 1.1300566419249864, 'gpp_b': 1.3289448722869181e-05, 'gpp_d': 16.460426816350523, 'ign_k': 0.0680787482656459, 'ign_c': 15.221840161091626, 'trop_agb_crit': 10.965064494899984, 'trop_k_veg': 3.869465953383845}.
[I 2026-08-06 11:25:26,899] Trial 263 finished with values: [10.764452424519698, 10.764452424519698] and parameters: {'k1': 0.008912611835817005, 'D_low': 355.00125258511594, 'k2': 0.03538758864779238, 'D_high': 21.947742689197344, 'fire_exp': 1.0601964743503993, 'P_half': 5.076307782729897, 'pre_dampen_half': 3.3841016089580034, 'gpp_af': 0.6403036652671171, 'gpp_b': 0.0005739662837359252, 'gpp_d': 229.41380323183625, 'ign_k': 5.351470428717437, 'ign_c': 1.9580595319750387, 'trop_agb_crit': 1.0903028125370984, 'trop_k_veg': 3.1473758868965476}.
[I 2026-08-06 11:25:28,185] Trial 264 finished with values: [-0.5383655185015042, 0.2232735105893786] and parameters: {'k1': 2.766282010813135e-05, 'D_low': 3.525936800597896, 'k2': 1.1065812688893481e-05, 'D_high': 63233.81951066786, 'fire_exp': 1.1430983876313219, 'P_half': 4.213183643253957, 'pre_dampen_half': 63.6685916079943, 'gpp_af': 0.6403036652671171, 'gpp_b': 1.3289448722869181e-05, 'gpp_d': 1.6983565276584263, 'ign_k': 2.1368329072358767, 'ign_c': 0.70689749506246, 'trop_agb_crit': 7.500118950416987, 'trop_k_veg': 0.6673124511410327}.
[I 2026-08-06 11:25:29,594] Trial 265 finished with values: [10.683248442725, 10.683248442725] and parameters: {'k1': 0.0002621130418912425, 'D_low': 5.59983195169599, 'k2': 1.1065812688893481e-05, 'D_high': 3712.591045287726, 'fire_exp': 1.3170256885255098, 'P_half': 9.324787201197319, 'pre_dampen_half': 0.2730203117796979, 'gpp_af': 1.1300566419249864, 'gpp_b': 0.0005739662837359252, 'gpp_d': 2.944272359149677, 'ign_k': 0.12329098365270515, 'ign_c': 8.40543912931368, 'trop_agb_crit': 24.584290528289387, 'trop_k_veg': 0.6743482387129308}.
[I 2026-08-06 11:25:30,957] Trial 266 finished with values: [10.65391997941535, 10.65391997941535] and parameters: {'k1': 0.002155595057104387, 'D_low': 1683.621997588799, 'k2': 0.00015319072862693227, 'D_high': 61536.58035691648, 'fire_exp': 1.423480109671474, 'P_half': 4.213183643253957, 'pre_dampen_half': 0.14724438934285344, 'gpp_af': 0.7539992074650279, 'gpp_b': 1.4540386644083135e-05, 'gpp_d': 0.12878367369717508, 'ign_k': 5.351470428717437, 'ign_c': 3.470490935437501, 'trop_agb_crit': 1.0693376406863295, 'trop_k_veg': 0.5618951132741115}.
[I 2026-08-06 11:25:32,433] Trial 267 finished with values: [10.755867744523831, 10.755867744523831] and parameters: {'k1': 0.00031134168041628584, 'D_low': 38.82837025280678, 'k2': 0.003419108473554454, 'D_high': 21.947742689197344, 'fire_exp': 1.0629462657398439, 'P_half': 4.213183643253957, 'pre_dampen_half': 0.012284844784580964, 'gpp_af': 1.6059727222314273, 'gpp_b': 0.14577755664212386, 'gpp_d': 5.1715677287580455, 'ign_k': 5.351470428717437, 'ign_c': 2.414259639010457, 'trop_agb_crit': 10.691477813613638, 'trop_k_veg': 0.6673124511410327}.
[I 2026-08-06 11:25:33,755] Trial 268 finished with values: [10.762699758199298, 10.762699758199298] and parameters: {'k1': 0.04669327135003539, 'D_low': 7.299348683062307, 'k2': 1.1065812688893481e-05, 'D_high': 21.947742689197344, 'fire_exp': 1.0601964743503993, 'P_half': 4.213183643253957, 'pre_dampen_half': 0.2888838362365318, 'gpp_af': 1.9706963379095486, 'gpp_b': 8.43984242800236, 'gpp_d': 1.6983565276584263, 'ign_k': 2.1368329072358767, 'ign_c': 1.9580595319750387, 'trop_agb_crit': 7.500118950416987, 'trop_k_veg': 1.0594599158279707}.
[I 2026-08-06 11:25:35,157] Trial 269 finished with values: [-0.5557699320283943, 0.19632579340428868] and parameters: {'k1': 0.011966626407443505, 'D_low': 171.2446447678494, 'k2': 1.1065812688893481e-05, 'D_high': 5670.3463356272905, 'fire_exp': 1.2918065501148304, 'P_half': 4.213183643253957, 'pre_dampen_half': 63.6685916079943, 'gpp_af': 0.6403036652671171, 'gpp_b': 2.176805640408474e-05, 'gpp_d': 2.944272359149677, 'ign_k': 8.708806168038567, 'ign_c': 8.40543912931368, 'trop_agb_crit': 7.500118950416987, 'trop_k_veg': 0.6673124511410327}.
[I 2026-08-06 11:25:36,465] Trial 270 finished with values: [10.459174773957686, 10.459174773957686] and parameters: {'k1': 0.01889771394135163, 'D_low': 7.299348683062307, 'k2': 8.923807143379776e-05, 'D_high': 8182.111518618414, 'fire_exp': 1.0629462657398439, 'P_half': 712.8188058401365, 'pre_dampen_half': 5.048653998722947, 'gpp_af': 1.9706963379095486, 'gpp_b': 0.0054502936945582505, 'gpp_d': 1.3767835510755015, 'ign_k': 0.12329098365270515, 'ign_c': 0.557280750002996, 'trop_agb_crit': 7.500118950416987, 'trop_k_veg': 1.0594599158279707}.
[I 2026-08-06 11:25:37,904] Trial 271 finished with values: [10.414720814690641, 10.414720814690641] and parameters: {'k1': 0.04669327135003539, 'D_low': 38.82837025280678, 'k2': 7.914423612155373e-05, 'D_high': 63233.81951066786, 'fire_exp': 1.1430983876313219, 'P_half': 4.213183643253957, 'pre_dampen_half': 0.2888838362365318, 'gpp_af': 0.7539992074650279, 'gpp_b': 1.3289448722869181e-05, 'gpp_d': 757.2868182332339, 'ign_k': 0.010167079878196114, 'ign_c': 1.9580595319750387, 'trop_agb_crit': 7.500118950416987, 'trop_k_veg': 3.1473758868965476}.
[I 2026-08-06 11:25:39,232] Trial 272 finished with values: [10.739662991137934, 10.739662991137934] and parameters: {'k1': 0.011966626407443505, 'D_low': 34.459310919273356, 'k2': 0.03538758864779238, 'D_high': 1236.6924205139144, 'fire_exp': 1.221575427404682, 'P_half': 523.1053126909052, 'pre_dampen_half': 0.9166964238460105, 'gpp_af': 5.335773317316405, 'gpp_b': 0.00431329787498825, 'gpp_d': 0.043441170039664925, 'ign_k': 5.351470428717437, 'ign_c': 2.8335389417624683, 'trop_agb_crit': 10.691477813613638, 'trop_k_veg': 5.580504276549027}.
[I 2026-08-06 11:25:40,551] Trial 273 finished with values: [10.035956260090803, 10.035956260090803] and parameters: {'k1': 0.008912611835817005, 'D_low': 7.46475488144212, 'k2': 1.915468390724633e-05, 'D_high': 3712.591045287726, 'fire_exp': 1.0629462657398439, 'P_half': 5.076307782729897, 'pre_dampen_half': 63.6685916079943, 'gpp_af': 0.7539992074650279, 'gpp_b': 0.14577755664212386, 'gpp_d': 16.460426816350523, 'ign_k': 0.0680787482656459, 'ign_c': 2.414259639010457, 'trop_agb_crit': 1.0455434848969813, 'trop_k_veg': 0.5349971555643298}.
[I 2026-08-06 11:25:41,870] Trial 274 finished with values: [10.564323798675355, 10.564323798675355] and parameters: {'k1': 0.04669327135003539, 'D_low': 3.525936800597896, 'k2': 1.1065812688893481e-05, 'D_high': 63233.81951066786, 'fire_exp': 1.1430983876313219, 'P_half': 4.213183643253957, 'pre_dampen_half': 0.2888838362365318, 'gpp_af': 56.20900787064881, 'gpp_b': 1.3289448722869181e-05, 'gpp_d': 1.6983565276584263, 'ign_k': 2.1368329072358767, 'ign_c': 0.70689749506246, 'trop_agb_crit': 7.500118950416987, 'trop_k_veg': 0.6673124511410327}.
