[I 2026-08-20 00:53:08,014] Trial 1687 finished with value: 0.598173443782882 and parameters: {'k1': 0.028754984254348373, 'D_low': 25.96635235709836, 'k2': 0.01884334293189049, 'D_high': 4619.379548315534, 'fire_exp': 1.7998607068270416, 'P_half': 9051.57116849695, 'pre_dampen_half': 0.07177384224428124, 'gpp_af': 56.56035042214939, 'gpp_b': 0.6088206241739261, 'gpp_d': 172.39839190091445, 'ign_k': 1.1158146128385746, 'ign_c': 0.19808762924629703, 'trop_agb_crit': 21.42225714818263, 'trop_k_veg': 7.747204510194898}. Best is trial 1285 with value: -0.6015874360929447.
[I 2026-08-20 00:53:09,396] Trial 1688 finished with value: 0.5502657575961946 and parameters: {'k1': 1.9448606599038575e-05, 'D_low': 1770.539682666294, 'k2': 0.0002005004749257023, 'D_high': 259005.68723279188, 'fire_exp': 1.6852294266588943, 'P_half': 2.6534710724426764, 'pre_dampen_half': 0.1837378398459622, 'gpp_af': 20.286921519909818, 'gpp_b': 0.00239866836692703, 'gpp_d': 127.29444906871262, 'ign_k': 0.04535374316378904, 'ign_c': 1.2013511645067885, 'trop_agb_crit': 5.9157898661657615, 'trop_k_veg': 2.1040114951792366}. Best is trial 1285 with value: -0.6015874360929447.
[I 2026-08-20 00:53:11,199] Trial 1689 finished with value: 0.6445374145881376 and parameters: {'k1': 8.604286686077603e-05, 'D_low': 23.563163708114203, 'k2': 0.011342783103944645, 'D_high': 22123.382971326922, 'fire_exp': 8.904370182650126, 'P_half': 6139.631993313988, 'pre_dampen_half': 525.9183593976098, 'gpp_af': 5.476870078373172, 'gpp_b': 9.441602161941026, 'gpp_d': 734.6736599960349, 'ign_k': 0.03190417401699629, 'ign_c': 0.7454731589696383, 'trop_agb_crit': 11.677376797340962, 'trop_k_veg': 5.215630411214731}. Best is trial 1285 with value: -0.6015874360929447.
[I 2026-08-20 00:53:12,607] Trial 1690 finished with value: 0.6446263178706174 and parameters: {'k1': 0.0172578616652159, 'D_low': 1.6712307727114206, 'k2': 0.00034127727917628644, 'D_high': 1474029.5582859549, 'fire_exp': 6.3256491980790255, 'P_half': 16.144622547913045, 'pre_dampen_half': 376.2653176311081, 'gpp_af': 71.87193545174352, 'gpp_b': 1.3391300286974934e-05, 'gpp_d': 272.46243449376675, 'ign_k': 6.125031446577187, 'ign_c': 37.80499900827927, 'trop_agb_crit': 25.922652319811853, 'trop_k_veg': 1.4859932864619796}. Best is trial 1285 with value: -0.6015874360929447.
[I 2026-08-20 00:53:14,039] Trial 1691 finished with value: 0.47877973599559964 and parameters: {'k1': 0.0001483629843528266, 'D_low': 7.691631107592244, 'k2': 5.022554072557689e-05, 'D_high': 4557032.072190151, 'fire_exp': 3.6439798204299754, 'P_half': 2.923031858235424, 'pre_dampen_half': 285.6931895011093, 'gpp_af': 3.7977621566157587, 'gpp_b': 0.007882702268926341, 'gpp_d': 5.634455846432845, 'ign_k': 1.815490338882002, 'ign_c': 2.424854790085786, 'trop_agb_crit': 13.558491486134823, 'trop_k_veg': 1.2056097174602036}. Best is trial 1285 with value: -0.6015874360929447.
[I 2026-08-20 00:53:15,444] Trial 1692 finished with value: 0.6445374145881376 and parameters: {'k1': 0.019140989827675804, 'D_low': 6246.2476528662955, 'k2': 0.0011406758279980023, 'D_high': 40.38568804655601, 'fire_exp': 6.787377958859932, 'P_half': 10.889270325052042, 'pre_dampen_half': 0.15178684023920166, 'gpp_af': 1.3117047665688368, 'gpp_b': 2.4917779179027795, 'gpp_d': 0.1664612380461782, 'ign_k': 0.28404903232819545, 'ign_c': 443.3827442307825, 'trop_agb_crit': 5.475471049351033, 'trop_k_veg': 2.1924963490281804}. Best is trial 1285 with value: -0.6015874360929447.
[I 2026-08-20 00:53:16,839] Trial 1693 finished with value: 0.563946601991512 and parameters: {'k1': 0.002265631735966077, 'D_low': 4.039912629118717, 'k2': 4.9072582932039594e-05, 'D_high': 85965.66852007397, 'fire_exp': 1.1722412173226622, 'P_half': 259.0237906485203, 'pre_dampen_half': 2.2661444961463575, 'gpp_af': 0.010528073005041315, 'gpp_b': 0.018389193540871946, 'gpp_d': 300.5534834240268, 'ign_k': 6.280890866445191, 'ign_c': 3.399464125144166, 'trop_agb_crit': 3.2312361333358286, 'trop_k_veg': 3.0226549212417764}. Best is trial 1285 with value: -0.6015874360929447.
[I 2026-08-20 00:53:18,264] Trial 1694 finished with value: -0.5926824127851399 and parameters: {'k1': 0.0011069567906043267, 'D_low': 1.294371123796722, 'k2': 0.0001895836910118074, 'D_high': 3985867.1526252166, 'fire_exp': 4.499138158690942, 'P_half': 4.37468124690049, 'pre_dampen_half': 9.75299956332665, 'gpp_af': 1.0310283829345603, 'gpp_b': 0.0008673189575018371, 'gpp_d': 589.9735920233583, 'ign_k': 3.035730889610938, 'ign_c': 14.969221803647427, 'trop_agb_crit': 2.990806392122005, 'trop_k_veg': 2.147557371441456}. Best is trial 1285 with value: -0.6015874360929447.
[I 2026-08-20 00:53:19,696] Trial 1695 finished with value: 0.522741272833191 and parameters: {'k1': 0.0005765531192223767, 'D_low': 1.117481709177289, 'k2': 5.900551781850297e-05, 'D_high': 4308863.109577148, 'fire_exp': 2.9101411943495448, 'P_half': 6.8400520356373695, 'pre_dampen_half': 13.575371851390608, 'gpp_af': 1.0538964727843885, 'gpp_b': 0.0925772167773261, 'gpp_d': 84.45692478229542, 'ign_k': 0.23467565323717518, 'ign_c': 19.74607802615181, 'trop_agb_crit': 1.9753023298020387, 'trop_k_veg': 3.8947649344262754}. Best is trial 1285 with value: -0.6015874360929447.
[I 2026-08-20 00:53:21,091] Trial 1696 finished with value: 0.6445374145881376 and parameters: {'k1': 0.0002387170579256329, 'D_low': 5.278463630956782, 'k2': 4.891558146584201e-05, 'D_high': 417627.7910157567, 'fire_exp': 7.160291908952818, 'P_half': 1.2422802929467744, 'pre_dampen_half': 4.875313985310841, 'gpp_af': 0.3082900474446725, 'gpp_b': 0.07083737939752714, 'gpp_d': 20.991244117407724, 'ign_k': 0.25542807385888955, 'ign_c': 100.41579661147904, 'trop_agb_crit': 16.264092750027153, 'trop_k_veg': 2.3890810286665984}. Best is trial 1285 with value: -0.6015874360929447.
[I 2026-08-20 00:53:22,479] Trial 1697 finished with value: 0.46104096126718164 and parameters: {'k1': 0.0002579640930418175, 'D_low': 136.80071546974554, 'k2': 0.00032546737009551664, 'D_high': 3612258.799952275, 'fire_exp': 7.791814513323104, 'P_half': 26.13963003865873, 'pre_dampen_half': 87.23992908458987, 'gpp_af': 0.03992617045057236, 'gpp_b': 0.0014291602958723373, 'gpp_d': 1.6763039494551406, 'ign_k': 6.9403181947798025, 'ign_c': 2.000267722411609, 'trop_agb_crit': 16.580024757321773, 'trop_k_veg': 6.778706067961899}. Best is trial 1285 with value: -0.6015874360929447.
[I 2026-08-20 00:53:23,854] Trial 1698 finished with value: -0.5882915594255451 and parameters: {'k1': 0.00020657091278893796, 'D_low': 26.42789254648992, 'k2': 0.0004086291458122744, 'D_high': 485489.814396835, 'fire_exp': 3.7268875286841228, 'P_half': 4.4591654032363115, 'pre_dampen_half': 12.139023562835852, 'gpp_af': 0.18180925272738702, 'gpp_b': 0.0005447460235257613, 'gpp_d': 9.111934418131334, 'ign_k': 0.45542499259856, 'ign_c': 2.6824100079961664, 'trop_agb_crit': 24.32396005106107, 'trop_k_veg': 6.5137826086572606}. Best is trial 1285 with value: -0.6015874360929447.
[I 2026-08-20 00:53:25,294] Trial 1699 finished with value: 0.4335665935580437 and parameters: {'k1': 0.0005435342572750673, 'D_low': 2.1441658061375315, 'k2': 0.00024444474406846306, 'D_high': 245906.35210890495, 'fire_exp': 4.9200741019890755, 'P_half': 2.9385943907331913, 'pre_dampen_half': 63.8892566966581, 'gpp_af': 3.8859487765987675, 'gpp_b': 0.033734807371359844, 'gpp_d': 957.6806084268484, 'ign_k': 5.315030310174038, 'ign_c': 6.715314244429869, 'trop_agb_crit': 1.7311657710176718, 'trop_k_veg': 2.2952166297861463}. Best is trial 1285 with value: -0.6015874360929447.
[I 2026-08-20 00:53:26,757] Trial 1700 finished with value: 0.6445374145881376 and parameters: {'k1': 0.0001315975178003706, 'D_low': 405621.37215054105, 'k2': 0.0013509551009803855, 'D_high': 8269941.578337003, 'fire_exp': 1.734303583193997, 'P_half': 821.395022771912, 'pre_dampen_half': 9.960461428954059, 'gpp_af': 0.19547769932409137, 'gpp_b': 0.0003100510289657839, 'gpp_d': 6.112777344540189, 'ign_k': 6.745828879257865, 'ign_c': 637.1538412528088, 'trop_agb_crit': 2.4502133891619233, 'trop_k_veg': 2.3727449150695006}. Best is trial 1285 with value: -0.6015874360929447.
[I 2026-08-20 00:53:28,241] Trial 1701 finished with value: 0.6445374145881376 and parameters: {'k1': 3.56279169644726e-05, 'D_low': 7.874849051131205, 'k2': 0.00019135937966177201, 'D_high': 2096571.342473445, 'fire_exp': 4.5948978201089234, 'P_half': 6.441624560063357, 'pre_dampen_half': 67.76484090025119, 'gpp_af': 0.041881717490405805, 'gpp_b': 0.0006396764866491354, 'gpp_d': 6.1110087841843574, 'ign_k': 0.41709677470822204, 'ign_c': 59.41401605911701, 'trop_agb_crit': 22.381235752643935, 'trop_k_veg': 7.662441184603772}. Best is trial 1285 with value: -0.6015874360929447.
[I 2026-08-20 00:53:29,716] Trial 1702 finished with value: 0.6445374145881376 and parameters: {'k1': 0.0001153434642151777, 'D_low': 21616.714676511092, 'k2': 0.0003210322720679232, 'D_high': 16.289085122993573, 'fire_exp': 9.156535366862874, 'P_half': 19.04582328209927, 'pre_dampen_half': 15.88917690662415, 'gpp_af': 0.002765771684695823, 'gpp_b': 1.0688658154985857, 'gpp_d': 0.7669910384404577, 'ign_k': 0.056525167839837874, 'ign_c': 0.882886191728504, 'trop_agb_crit': 4.4211189415521375, 'trop_k_veg': 1.18827628557905}. Best is trial 1285 with value: -0.6015874360929447.
[I 2026-08-20 00:53:31,131] Trial 1703 finished with value: 0.6445374145881376 and parameters: {'k1': 1.3448549946290678e-05, 'D_low': 757482.6994851137, 'k2': 0.00024949020097714324, 'D_high': 47773.59744261834, 'fire_exp': 2.0747808125603777, 'P_half': 668.6376513700187, 'pre_dampen_half': 986.9579517940425, 'gpp_af': 0.08870181652659308, 'gpp_b': 0.1391461388636928, 'gpp_d': 16.81310112284942, 'ign_k': 7.045932028036238, 'ign_c': 15.738588340676682, 'trop_agb_crit': 18.879931621374123, 'trop_k_veg': 3.848317179947589}. Best is trial 1285 with value: -0.6015874360929447.
[I 2026-08-20 00:53:32,846] Trial 1704 finished with value: 0.6341998962587829 and parameters: {'k1': 0.0015117603380473805, 'D_low': 183646.24624043264, 'k2': 0.0006964495633540947, 'D_high': 4158960.0452147103, 'fire_exp': 2.3204290247201516, 'P_half': 1.127536896828229, 'pre_dampen_half': 13.371695823837111, 'gpp_af': 0.04422066551119669, 'gpp_b': 0.0016519077281317801, 'gpp_d': 0.7734554198163621, 'ign_k': 3.7820445837929517, 'ign_c': 0.14678059002890972, 'trop_agb_crit': 27.68742219967657, 'trop_k_veg': 3.621645218071376}. Best is trial 1285 with value: -0.6015874360929447.
[I 2026-08-20 00:53:34,235] Trial 1705 finished with value: 0.4561804360739111 and parameters: {'k1': 0.00010458941657254653, 'D_low': 386.921224819237, 'k2': 0.00023800221914380663, 'D_high': 76361.5705766868, 'fire_exp': 1.4046448787517223, 'P_half': 6.440256751196596, 'pre_dampen_half': 5.310389396198793, 'gpp_af': 0.712865806423427, 'gpp_b': 2.437286778397666e-05, 'gpp_d': 3.1057739606310446, 'ign_k': 1.584369616010871, 'ign_c': 5.7089269106445855, 'trop_agb_crit': 25.364129546996036, 'trop_k_veg': 0.7238922624930981}. Best is trial 1285 with value: -0.6015874360929447.
[I 2026-08-20 00:53:35,664] Trial 1706 finished with value: 0.5928970464718791 and parameters: {'k1': 0.0006641702965263386, 'D_low': 1.0145085633469109, 'k2': 2.944856431110041e-05, 'D_high': 26089.678979371063, 'fire_exp': 4.2679386665409575, 'P_half': 64.12884900569877, 'pre_dampen_half': 1.7801179403691088, 'gpp_af': 0.027206512905205822, 'gpp_b': 0.004927010078635943, 'gpp_d': 2.7253289576143653, 'ign_k': 0.07331886331847372, 'ign_c': 2.9523152670015187, 'trop_agb_crit': 23.580502506331477, 'trop_k_veg': 5.590245793540183}. Best is trial 1285 with value: -0.6015874360929447.
[I 2026-08-20 00:53:37,087] Trial 1707 finished with value: 0.6445374145881376 and parameters: {'k1': 0.03574950036041659, 'D_low': 8046.018155274046, 'k2': 0.0034541721494414004, 'D_high': 9144390.260663776, 'fire_exp': 3.2243295796474305, 'P_half': 56.67049311376366, 'pre_dampen_half': 0.2408989295912061, 'gpp_af': 0.4882523228285147, 'gpp_b': 0.19584663309454314, 'gpp_d': 933.3095259883214, 'ign_k': 1.3650662236857778, 'ign_c': 113.2078212091892, 'trop_agb_crit': 23.483322585558653, 'trop_k_veg': 0.9061050793929183}. Best is trial 1285 with value: -0.6015874360929447.
[I 2026-08-20 00:53:38,473] Trial 1708 finished with value: 0.5137233774159007 and parameters: {'k1': 0.011248953774323382, 'D_low': 12.229603155961126, 'k2': 1.901245930793663e-05, 'D_high': 6905606.465166104, 'fire_exp': 7.536840327544964, 'P_half': 8.093950243536282, 'pre_dampen_half': 0.994559820558052, 'gpp_af': 43.16628834551035, 'gpp_b': 0.030053238391491304, 'gpp_d': 158.2517797715971, 'ign_k': 1.100374867506555, 'ign_c': 8.80297775258098, 'trop_agb_crit': 29.785425719967176, 'trop_k_veg': 4.968789080053585}. Best is trial 1285 with value: -0.6015874360929447.
[I 2026-08-20 00:53:39,920] Trial 1709 finished with value: 0.6445374145881376 and parameters: {'k1': 6.338745565252066e-05, 'D_low': 8.790971332232282, 'k2': 0.022624252355489757, 'D_high': 30697.892981425517, 'fire_exp': 1.9394526052894145, 'P_half': 8765.637796813391, 'pre_dampen_half': 5.687621837055968, 'gpp_af': 76.19231891497847, 'gpp_b': 5.1173707320331937e-05, 'gpp_d': 0.3615809047867266, 'ign_k': 0.5134103897600789, 'ign_c': 264.3560748306914, 'trop_agb_crit': 1.0743076560066565, 'trop_k_veg': 4.044301997387437}. Best is trial 1285 with value: -0.6015874360929447.
[I 2026-08-20 00:53:41,372] Trial 1710 finished with value: 0.5635591330917116 and parameters: {'k1': 1.773380200359658e-05, 'D_low': 29.252654646621984, 'k2': 4.711112382231013e-05, 'D_high': 42580.30852412408, 'fire_exp': 2.1257147235505527, 'P_half': 22.882742806096886, 'pre_dampen_half': 4.304463153692968, 'gpp_af': 0.06915776922310721, 'gpp_b': 0.00023652014480062607, 'gpp_d': 0.9896776572307879, 'ign_k': 0.7140733683248668, 'ign_c': 2.654539993768851, 'trop_agb_crit': 22.929529473088294, 'trop_k_veg': 4.013129923756163}. Best is trial 1285 with value: -0.6015874360929447.
[I 2026-08-20 00:53:43,358] Trial 1711 finished with value: 0.5556165611175078 and parameters: {'k1': 0.0001398683147386415, 'D_low': 558.9409912239327, 'k2': 0.0002969946600123578, 'D_high': 49480.7806024893, 'fire_exp': 2.863114809524141, 'P_half': 7.781207977598886, 'pre_dampen_half': 7.260939708274528, 'gpp_af': 9.388453431114625, 'gpp_b': 0.0015998340300306915, 'gpp_d': 14.757916451665334, 'ign_k': 4.532465963642765, 'ign_c': 16.74179026008099, 'trop_agb_crit': 17.346221522463477, 'trop_k_veg': 6.5022711680711245}. Best is trial 1285 with value: -0.6015874360929447.
[I 2026-08-20 00:53:45,251] Trial 1712 finished with value: 0.5817843494911241 and parameters: {'k1': 1.2048712261199064e-05, 'D_low': 1.380922314990576, 'k2': 0.0001959140089825488, 'D_high': 1328917.5883249452, 'fire_exp': 1.7186216169198516, 'P_half': 4.308188930964685, 'pre_dampen_half': 18.024692330907534, 'gpp_af': 2.1338982659624977, 'gpp_b': 0.22346679773396397, 'gpp_d': 80.40626189180465, 'ign_k': 0.053777757614171424, 'ign_c': 91.30208539817448, 'trop_agb_crit': 13.145523800614727, 'trop_k_veg': 1.9114732019282035}. Best is trial 1285 with value: -0.6015874360929447.
[I 2026-08-20 00:53:46,849] Trial 1713 finished with value: -0.580424825081184 and parameters: {'k1': 0.0003367260117783797, 'D_low': 8.7507836818332, 'k2': 0.0007080433680434365, 'D_high': 4876524.030654844, 'fire_exp': 2.33961889391192, 'P_half': 16.796816673016245, 'pre_dampen_half': 5.125762628840299, 'gpp_af': 0.005637396397991072, 'gpp_b': 0.00020563362534503396, 'gpp_d': 756.7012123896933, 'ign_k': 1.198690359854811, 'ign_c': 6.026153852543634, 'trop_agb_crit': 23.787014437655607, 'trop_k_veg': 5.581587166360251}. Best is trial 1285 with value: -0.6015874360929447.
[I 2026-08-20 00:53:48,287] Trial 1714 finished with value: 0.6202303629131078 and parameters: {'k1': 8.965770825266668e-05, 'D_low': 31.045966154770277, 'k2': 0.00012201812685894042, 'D_high': 820037.0905943527, 'fire_exp': 6.226393879854021, 'P_half': 3.7620029637246044, 'pre_dampen_half': 0.2986748784376397, 'gpp_af': 0.9367310893406252, 'gpp_b': 0.001010485730226552, 'gpp_d': 0.3901903444127634, 'ign_k': 0.35940272278369617, 'ign_c': 24.772940162364772, 'trop_agb_crit': 16.665397219796656, 'trop_k_veg': 7.185031722242316}. Best is trial 1285 with value: -0.6015874360929447.
[I 2026-08-20 00:53:49,729] Trial 1715 finished with value: 0.5337092548752926 and parameters: {'k1': 2.1204981336970126e-05, 'D_low': 1.9819028540269705, 'k2': 0.015209027439532103, 'D_high': 9194176.556071404, 'fire_exp': 3.3206199529762124, 'P_half': 95.4615086933062, 'pre_dampen_half': 76.04532994581824, 'gpp_af': 0.011382793333192304, 'gpp_b': 0.0006533925967333396, 'gpp_d': 17.296501838000943, 'ign_k': 0.33006059596921816, 'ign_c': 8.754787796855622, 'trop_agb_crit': 14.798023140245048, 'trop_k_veg': 5.574897792060173}. Best is trial 1285 with value: -0.6015874360929447.
[I 2026-08-20 00:53:51,184] Trial 1716 finished with value: 0.4460096530920725 and parameters: {'k1': 0.00011769799001907729, 'D_low': 1.760318949627112, 'k2': 0.00027750529442003316, 'D_high': 1036118.0364486475, 'fire_exp': 3.096813781325842, 'P_half': 4.802803738647917, 'pre_dampen_half': 27.54439068350808, 'gpp_af': 0.042051896410118084, 'gpp_b': 0.0006214515399764368, 'gpp_d': 0.4840683619411812, 'ign_k': 0.09685233338378554, 'ign_c': 1.4357115330745123, 'trop_agb_crit': 25.54874748053872, 'trop_k_veg': 7.950829180774145}. Best is trial 1285 with value: -0.6015874360929447.
[I 2026-08-20 00:53:52,634] Trial 1717 finished with value: 0.5931443630309656 and parameters: {'k1': 0.0011883308463330198, 'D_low': 7.528926308649457, 'k2': 0.0001317669446221014, 'D_high': 1436780.3024490776, 'fire_exp': 3.487745258787953, 'P_half': 31.733181555432907, 'pre_dampen_half': 0.12467064959397617, 'gpp_af': 0.02153721900483886, 'gpp_b': 0.018327852899230165, 'gpp_d': 143.75663711463312, 'ign_k': 0.09418442143406558, 'ign_c': 0.4922717717514426, 'trop_agb_crit': 1.230251271859327, 'trop_k_veg': 1.3355480829790078}. Best is trial 1285 with value: -0.6015874360929447.
[I 2026-08-20 00:53:54,466] Trial 1718 finished with value: 0.6436462401746335 and parameters: {'k1': 0.0005700251579858831, 'D_low': 289086.0754992698, 'k2': 0.05789184992127906, 'D_high': 956635.7308912876, 'fire_exp': 2.280750032858458, 'P_half': 84.31823052065731, 'pre_dampen_half': 5.136082735426094, 'gpp_af': 0.09594815497392986, 'gpp_b': 1.3521716711291067, 'gpp_d': 544.1020602194366, 'ign_k': 0.18475902957939289, 'ign_c': 8.551837831819334, 'trop_agb_crit': 24.970851670695502, 'trop_k_veg': 6.738171242800826}. Best is trial 1285 with value: -0.6015874360929447.
[I 2026-08-20 00:53:55,967] Trial 1719 finished with value: 0.4540122636132288 and parameters: {'k1': 0.00017770123424192035, 'D_low': 7.979105019011464, 'k2': 0.000551589070307211, 'D_high': 575728.2943100915, 'fire_exp': 2.2572691716429873, 'P_half': 71.90165952954557, 'pre_dampen_half': 4.596951507302921, 'gpp_af': 0.01405368733582078, 'gpp_b': 0.0006143422818888326, 'gpp_d': 80.20645430514386, 'ign_k': 4.246275586875352, 'ign_c': 16.726911335513336, 'trop_agb_crit': 10.584200056021384, 'trop_k_veg': 7.579452166302223}. Best is trial 1285 with value: -0.6015874360929447.
[I 2026-08-20 00:53:57,388] Trial 1720 finished with value: 0.4430147065753792 and parameters: {'k1': 0.00045038901969572957, 'D_low': 3.5128137222585103, 'k2': 0.00022107621076174983, 'D_high': 8205688.21864895, 'fire_exp': 5.524038433734226, 'P_half': 4.311897728620633, 'pre_dampen_half': 11.944991314154189, 'gpp_af': 1.6214744770403502, 'gpp_b': 0.005509308865445478, 'gpp_d': 13.368264669082013, 'ign_k': 0.8660495828147218, 'ign_c': 12.282400645146724, 'trop_agb_crit': 5.85867951479198, 'trop_k_veg': 1.5054572527284642}. Best is trial 1285 with value: -0.6015874360929447.
[I 2026-08-20 00:53:58,854] Trial 1721 finished with value: 0.6445374145881376 and parameters: {'k1': 0.017299879578395454, 'D_low': 88439.68991358702, 'k2': 0.04712667011701548, 'D_high': 1097872.8433763292, 'fire_exp': 2.618740604834611, 'P_half': 285.2847034771847, 'pre_dampen_half': 218.87959988241155, 'gpp_af': 0.006343384904699119, 'gpp_b': 2.484597288537694e-05, 'gpp_d': 186.42157312845447, 'ign_k': 1.0012209905361913, 'ign_c': 758.7343237543157, 'trop_agb_crit': 3.7547789201381527, 'trop_k_veg': 1.4723093814038417}. Best is trial 1285 with value: -0.6015874360929447.
[I 2026-08-20 00:54:00,334] Trial 1722 finished with value: -0.5816669658389098 and parameters: {'k1': 0.001317440803540829, 'D_low': 5.453329515113406, 'k2': 6.52473618736842e-05, 'D_high': 5822879.421618192, 'fire_exp': 5.409624827225209, 'P_half': 9.581168279398295, 'pre_dampen_half': 8.60275045695044, 'gpp_af': 0.09552374556415918, 'gpp_b': 8.010478837984797e-05, 'gpp_d': 600.6074786785706, 'ign_k': 6.964870192033179, 'ign_c': 7.956300924168086, 'trop_agb_crit': 3.1604980662294535, 'trop_k_veg': 1.647277921635345}. Best is trial 1285 with value: -0.6015874360929447.
[I 2026-08-20 00:54:01,931] Trial 1723 finished with value: 0.6340610253187882 and parameters: {'k1': 0.0016353216132375342, 'D_low': 8.121459041382323, 'k2': 0.0006490397065696451, 'D_high': 1341817.3071442088, 'fire_exp': 3.291681780801187, 'P_half': 4.089570940472585, 'pre_dampen_half': 1.1021791029204955, 'gpp_af': 0.002336162726916148, 'gpp_b': 4.3519981435463465e-05, 'gpp_d': 128.76835066720642, 'ign_k': 1.0998663100423869, 'ign_c': 30.371451374670826, 'trop_agb_crit': 24.776439469985515, 'trop_k_veg': 6.10569545726763}. Best is trial 1285 with value: -0.6015874360929447.
