[I 2026-08-06 11:08:51,911] Trial 1081 finished with values: [10.473681629379419, 10.473681629379419] and parameters: {'k1': 0.016748279468858224, 'D_low': 520.4862686958022, 'k2': 0.019894080167856886, 'D_high': 1588.2035726402378, 'fire_exp': 1.7329145403564932, 'P_half': 712.8188058401365, 'pre_dampen_half': 63.6685916079943, 'gpp_af': 1.9706963379095486, 'gpp_b': 2.176805640408474e-05, 'gpp_d': 82.84476373292449, 'ign_k': 0.12329098365270515, 'ign_c': 1.9580595319750387, 'trop_agb_crit': 8.997007571451054, 'trop_k_veg': 2.4336356947036335}.
[I 2026-08-06 11:08:53,767] Trial 1082 finished with values: [10.299275301280982, 10.299275301280982] and parameters: {'k1': 0.002155595057104387, 'D_low': 820.2811066259796, 'k2': 1.1065812688893481e-05, 'D_high': 21.947742689197344, 'fire_exp': 1.221575427404682, 'P_half': 712.8188058401365, 'pre_dampen_half': 63.6685916079943, 'gpp_af': 0.6403036652671171, 'gpp_b': 3.481277316673104e-05, 'gpp_d': 5.1715677287580455, 'ign_k': 2.5253810447657927, 'ign_c': 1.9580595319750387, 'trop_agb_crit': 10.691477813613638, 'trop_k_veg': 4.304333272300736}.
[I 2026-08-06 11:08:55,702] Trial 1083 finished with values: [10.49951395125145, 10.49951395125145] and parameters: {'k1': 0.008912611835817005, 'D_low': 97.43142535650219, 'k2': 0.031536006085184705, 'D_high': 5670.3463356272905, 'fire_exp': 1.2611826901294014, 'P_half': 4.213183643253957, 'pre_dampen_half': 63.6685916079943, 'gpp_af': 0.6403036652671171, 'gpp_b': 0.08128322984179755, 'gpp_d': 350.88322284755304, 'ign_k': 0.010939944910100021, 'ign_c': 5.13055176058983, 'trop_agb_crit': 8.997007571451054, 'trop_k_veg': 5.492385920002873}.
[I 2026-08-06 11:08:57,660] Trial 1084 finished with values: [10.609407743702835, 10.609407743702835] and parameters: {'k1': 0.008912611835817005, 'D_low': 421.35422275955125, 'k2': 0.019894080167856886, 'D_high': 61536.58035691648, 'fire_exp': 1.3170256885255098, 'P_half': 712.8188058401365, 'pre_dampen_half': 8.144272585223819, 'gpp_af': 1.6059727222314273, 'gpp_b': 0.0012213924959062798, 'gpp_d': 0.5363092465892282, 'ign_k': 0.21006485619596416, 'ign_c': 0.5125250278169615, 'trop_agb_crit': 6.383676143682316, 'trop_k_veg': 2.4336356947036335}.
[I 2026-08-06 11:08:59,787] Trial 1085 finished with values: [-0.6034839337682836, 0.027155335400306457] and parameters: {'k1': 0.01889771394135163, 'D_low': 7.299348683062307, 'k2': 0.019894080167856886, 'D_high': 1588.2035726402378, 'fire_exp': 1.7329145403564932, 'P_half': 712.8188058401365, 'pre_dampen_half': 38.00678588560607, 'gpp_af': 1.6059727222314273, 'gpp_b': 2.176805640408474e-05, 'gpp_d': 84.31013932082456, 'ign_k': 0.6161423618045312, 'ign_c': 6.905604395130303, 'trop_agb_crit': 8.997007571451054, 'trop_k_veg': 2.4336356947036335}.
[I 2026-08-06 11:09:01,827] Trial 1086 finished with values: [10.257181542609482, 10.257181542609482] and parameters: {'k1': 0.01889771394135163, 'D_low': 7.299348683062307, 'k2': 8.923807143379776e-05, 'D_high': 1236.6924205139144, 'fire_exp': 1.221575427404682, 'P_half': 712.8188058401365, 'pre_dampen_half': 481.9793830934018, 'gpp_af': 83.82020094010382, 'gpp_b': 2.176805640408474e-05, 'gpp_d': 84.31013932082456, 'ign_k': 0.019192001101561888, 'ign_c': 1.9580595319750387, 'trop_agb_crit': 8.997007571451054, 'trop_k_veg': 6.725083898154698}.
[I 2026-08-06 11:09:03,849] Trial 1087 finished with values: [10.6212124346998, 10.6212124346998] and parameters: {'k1': 0.002155595057104387, 'D_low': 38.82837025280678, 'k2': 0.019894080167856886, 'D_high': 14.883152891273634, 'fire_exp': 1.221575427404682, 'P_half': 712.8188058401365, 'pre_dampen_half': 63.6685916079943, 'gpp_af': 5.335773317316405, 'gpp_b': 0.04633252119753636, 'gpp_d': 757.2868182332339, 'ign_k': 0.04406703994564747, 'ign_c': 2.4936660834465174, 'trop_agb_crit': 8.997007571451054, 'trop_k_veg': 2.4336356947036335}.
[I 2026-08-06 11:09:05,785] Trial 1088 finished with values: [10.70707584494467, 10.70707584494467] and parameters: {'k1': 0.00488137519160367, 'D_low': 97.43142535650219, 'k2': 0.0154776166709383, 'D_high': 1236.6924205139144, 'fire_exp': 1.2611826901294014, 'P_half': 523.1053126909052, 'pre_dampen_half': 0.06669205177379639, 'gpp_af': 0.6403036652671171, 'gpp_b': 0.0001605469768042801, 'gpp_d': 350.88322284755304, 'ign_k': 2.5253810447657927, 'ign_c': 1.9580595319750387, 'trop_agb_crit': 6.119263728555865, 'trop_k_veg': 2.4336356947036335}.
[I 2026-08-06 11:09:08,616] Trial 1089 finished with values: [10.769230537887523, 10.769230537887523] and parameters: {'k1': 0.01889771394135163, 'D_low': 7.299348683062307, 'k2': 0.019894080167856886, 'D_high': 33.64457865463594, 'fire_exp': 1.7329145403564932, 'P_half': 523.1053126909052, 'pre_dampen_half': 63.6685916079943, 'gpp_af': 1.6059727222314273, 'gpp_b': 0.0012213924959062798, 'gpp_d': 84.31013932082456, 'ign_k': 0.12329098365270515, 'ign_c': 80.15297379101396, 'trop_agb_crit': 6.119263728555865, 'trop_k_veg': 4.827048490046812}.
[I 2026-08-06 11:09:10,676] Trial 1090 finished with values: [10.769230768877819, 10.769230768877819] and parameters: {'k1': 7.145711288893928e-05, 'D_low': 436.4516946807792, 'k2': 0.019894080167856886, 'D_high': 1236.6924205139144, 'fire_exp': 1.3170256885255098, 'P_half': 523.1053126909052, 'pre_dampen_half': 719.4083432823455, 'gpp_af': 0.33826998546858356, 'gpp_b': 0.00796661592919428, 'gpp_d': 5.1715677287580455, 'ign_k': 0.12329098365270515, 'ign_c': 230.5749441128578, 'trop_agb_crit': 6.119263728555865, 'trop_k_veg': 2.520089655463604}.
[I 2026-08-06 11:09:12,782] Trial 1091 finished with values: [-0.6085238498405536, 0.01987650186649137] and parameters: {'k1': 0.01889771394135163, 'D_low': 7.299348683062307, 'k2': 0.008535052150482593, 'D_high': 1236.6924205139144, 'fire_exp': 1.7329145403564932, 'P_half': 712.8188058401365, 'pre_dampen_half': 63.6685916079943, 'gpp_af': 1.6059727222314273, 'gpp_b': 2.176805640408474e-05, 'gpp_d': 84.31013932082456, 'ign_k': 0.12329098365270515, 'ign_c': 6.905604395130303, 'trop_agb_crit': 6.119263728555865, 'trop_k_veg': 2.4336356947036335}.
[I 2026-08-06 11:09:14,718] Trial 1092 finished with values: [10.715763342683392, 10.715763342683392] and parameters: {'k1': 0.00488137519160367, 'D_low': 520.4862686958022, 'k2': 1.1065812688893481e-05, 'D_high': 21.947742689197344, 'fire_exp': 1.221575427404682, 'P_half': 712.8188058401365, 'pre_dampen_half': 5.1426388628909985, 'gpp_af': 75.74758210832029, 'gpp_b': 0.01666658176842624, 'gpp_d': 19.600139992927435, 'ign_k': 0.12329098365270515, 'ign_c': 2.4936660834465174, 'trop_agb_crit': 6.119263728555865, 'trop_k_veg': 2.5693274401176227}.
[I 2026-08-06 11:09:16,724] Trial 1093 finished with values: [-0.6064487866401388, 0.07918478510380866] and parameters: {'k1': 0.008912611835817005, 'D_low': 12.105387404469584, 'k2': 1.1065812688893481e-05, 'D_high': 61536.58035691648, 'fire_exp': 1.3170256885255098, 'P_half': 712.8188058401365, 'pre_dampen_half': 38.00678588560607, 'gpp_af': 1.6059727222314273, 'gpp_b': 0.01666658176842624, 'gpp_d': 350.88322284755304, 'ign_k': 0.6161423618045312, 'ign_c': 1.9580595319750387, 'trop_agb_crit': 8.997007571451054, 'trop_k_veg': 2.4336356947036335}.
[I 2026-08-06 11:09:18,671] Trial 1094 finished with values: [-0.5943575865662846, 0.04599385902074404] and parameters: {'k1': 0.00488137519160367, 'D_low': 7.299348683062307, 'k2': 0.019894080167856886, 'D_high': 1236.6924205139144, 'fire_exp': 1.3170256885255098, 'P_half': 523.1053126909052, 'pre_dampen_half': 719.4083432823455, 'gpp_af': 5.335773317316405, 'gpp_b': 2.176805640408474e-05, 'gpp_d': 5.1715677287580455, 'ign_k': 0.12329098365270515, 'ign_c': 6.905604395130303, 'trop_agb_crit': 6.119263728555865, 'trop_k_veg': 2.4336356947036335}.
[I 2026-08-06 11:09:20,687] Trial 1095 finished with values: [10.16476806217691, 10.16476806217691] and parameters: {'k1': 0.01889771394135163, 'D_low': 520.4862686958022, 'k2': 0.019894080167856886, 'D_high': 8182.111518618414, 'fire_exp': 1.2611826901294014, 'P_half': 523.1053126909052, 'pre_dampen_half': 63.6685916079943, 'gpp_af': 1.9706963379095486, 'gpp_b': 0.3682510091559943, 'gpp_d': 19.600139992927435, 'ign_k': 0.10800458379640943, 'ign_c': 1.9580595319750387, 'trop_agb_crit': 7.861566638880103, 'trop_k_veg': 4.167664671344212}.
[I 2026-08-06 11:09:22,700] Trial 1096 finished with values: [10.066619380021201, 10.066619380021201] and parameters: {'k1': 0.004708159793250189, 'D_low': 38.82837025280678, 'k2': 0.02805807870333381, 'D_high': 1236.6924205139144, 'fire_exp': 1.3170256885255098, 'P_half': 712.8188058401365, 'pre_dampen_half': 719.4083432823455, 'gpp_af': 0.030742717663402135, 'gpp_b': 0.04633252119753636, 'gpp_d': 82.84476373292449, 'ign_k': 0.18200694976756818, 'ign_c': 1.9580595319750387, 'trop_agb_crit': 8.997007571451054, 'trop_k_veg': 3.376529607942905}.
[I 2026-08-06 11:09:24,618] Trial 1097 finished with values: [10.03783679625787, 10.03783679625787] and parameters: {'k1': 0.008912611835817005, 'D_low': 12.105387404469584, 'k2': 1.1065812688893481e-05, 'D_high': 1236.6924205139144, 'fire_exp': 1.3170256885255098, 'P_half': 712.8188058401365, 'pre_dampen_half': 63.6685916079943, 'gpp_af': 1.6059727222314273, 'gpp_b': 0.13713885091300912, 'gpp_d': 232.60260771259067, 'ign_k': 0.12329098365270515, 'ign_c': 1.9580595319750387, 'trop_agb_crit': 6.119263728555865, 'trop_k_veg': 2.4336356947036335}.
[I 2026-08-06 11:09:26,602] Trial 1098 finished with values: [-0.6259933455957312, 0.11134909914800895] and parameters: {'k1': 0.002155595057104387, 'D_low': 7.299348683062307, 'k2': 0.019894080167856886, 'D_high': 1236.6924205139144, 'fire_exp': 1.2611826901294014, 'P_half': 712.8188058401365, 'pre_dampen_half': 63.6685916079943, 'gpp_af': 0.6403036652671171, 'gpp_b': 0.00796661592919428, 'gpp_d': 82.84476373292449, 'ign_k': 0.12329098365270515, 'ign_c': 5.13055176058983, 'trop_agb_crit': 6.119263728555865, 'trop_k_veg': 0.6673124511410327}.
[I 2026-08-06 11:09:29,177] Trial 1099 finished with values: [10.399069915615108, 10.399069915615108] and parameters: {'k1': 0.008912611835817005, 'D_low': 7.299348683062307, 'k2': 0.019894080167856886, 'D_high': 8182.111518618414, 'fire_exp': 1.3170256885255098, 'P_half': 712.8188058401365, 'pre_dampen_half': 38.00678588560607, 'gpp_af': 0.6403036652671171, 'gpp_b': 0.0012213924959062798, 'gpp_d': 84.31013932082456, 'ign_k': 0.3508854952536169, 'ign_c': 1.9580595319750387, 'trop_agb_crit': 6.119263728555865, 'trop_k_veg': 2.4336356947036335}.
[I 2026-08-06 11:09:31,060] Trial 1100 finished with values: [10.17152136950654, 10.17152136950654] and parameters: {'k1': 0.00488137519160367, 'D_low': 1.3577269394141454, 'k2': 0.011078632295006514, 'D_high': 61536.58035691648, 'fire_exp': 1.3170256885255098, 'P_half': 712.8188058401365, 'pre_dampen_half': 719.4083432823455, 'gpp_af': 5.335773317316405, 'gpp_b': 0.22727308251068193, 'gpp_d': 5.1715677287580455, 'ign_k': 0.00436803932697466, 'ign_c': 1.9580595319750387, 'trop_agb_crit': 8.997007571451054, 'trop_k_veg': 2.4336356947036335}.
[I 2026-08-06 11:09:32,994] Trial 1101 finished with values: [10.524325781471815, 10.524325781471815] and parameters: {'k1': 0.01889771394135163, 'D_low': 7.299348683062307, 'k2': 0.0154776166709383, 'D_high': 61536.58035691648, 'fire_exp': 1.2611826901294014, 'P_half': 712.8188058401365, 'pre_dampen_half': 2.031362225012909, 'gpp_af': 1.6059727222314273, 'gpp_b': 2.176805640408474e-05, 'gpp_d': 350.88322284755304, 'ign_k': 0.010939944910100021, 'ign_c': 6.905604395130303, 'trop_agb_crit': 6.119263728555865, 'trop_k_veg': 2.4336356947036335}.
[I 2026-08-06 11:09:34,895] Trial 1102 finished with values: [10.469480547735971, 10.469480547735971] and parameters: {'k1': 0.016748279468858224, 'D_low': 520.4862686958022, 'k2': 0.004149969043497543, 'D_high': 1588.2035726402378, 'fire_exp': 1.3170256885255098, 'P_half': 523.1053126909052, 'pre_dampen_half': 719.4083432823455, 'gpp_af': 0.0011134176439329534, 'gpp_b': 0.0012213924959062798, 'gpp_d': 1.493264336549928, 'ign_k': 2.5253810447657927, 'ign_c': 1.9580595319750387, 'trop_agb_crit': 8.997007571451054, 'trop_k_veg': 2.4336356947036335}.
[I 2026-08-06 11:09:36,720] Trial 1103 finished with values: [10.3409456362837, 10.3409456362837] and parameters: {'k1': 0.004377346027756646, 'D_low': 1.3577269394141454, 'k2': 0.019894080167856886, 'D_high': 1236.6924205139144, 'fire_exp': 1.3170256885255098, 'P_half': 712.8188058401365, 'pre_dampen_half': 124.72235343584714, 'gpp_af': 0.017115686479965763, 'gpp_b': 0.0012213924959062798, 'gpp_d': 2.944272359149677, 'ign_k': 0.12329098365270515, 'ign_c': 1.9580595319750387, 'trop_agb_crit': 6.119263728555865, 'trop_k_veg': 2.520089655463604}.
[I 2026-08-06 11:09:38,635] Trial 1104 finished with values: [-0.5801326431880331, 0.05850193947292093] and parameters: {'k1': 0.05778755734457457, 'D_low': 38.82837025280678, 'k2': 1.1065812688893481e-05, 'D_high': 1236.6924205139144, 'fire_exp': 1.221575427404682, 'P_half': 712.8188058401365, 'pre_dampen_half': 38.00678588560607, 'gpp_af': 5.335773317316405, 'gpp_b': 2.176805640408474e-05, 'gpp_d': 350.88322284755304, 'ign_k': 0.12329098365270515, 'ign_c': 1.9580595319750387, 'trop_agb_crit': 6.119263728555865, 'trop_k_veg': 2.4336356947036335}.
[I 2026-08-06 11:09:40,858] Trial 1105 finished with values: [-0.6042336574997478, 0.043591525376719176] and parameters: {'k1': 0.00488137519160367, 'D_low': 520.4862686958022, 'k2': 0.02805807870333381, 'D_high': 1236.6924205139144, 'fire_exp': 1.3170256885255098, 'P_half': 523.1053126909052, 'pre_dampen_half': 719.4083432823455, 'gpp_af': 5.335773317316405, 'gpp_b': 0.22727308251068193, 'gpp_d': 350.88322284755304, 'ign_k': 2.5253810447657927, 'ign_c': 0.8916132699546893, 'trop_agb_crit': 6.119263728555865, 'trop_k_veg': 1.9799513595694562}.
[I 2026-08-06 11:09:43,319] Trial 1106 finished with values: [10.769230768877819, 10.769230768877819] and parameters: {'k1': 0.005272264723319183, 'D_low': 7.299348683062307, 'k2': 0.019894080167856886, 'D_high': 8182.111518618414, 'fire_exp': 1.7329145403564932, 'P_half': 712.8188058401365, 'pre_dampen_half': 63.6685916079943, 'gpp_af': 1.9706963379095486, 'gpp_b': 0.22727308251068193, 'gpp_d': 82.84476373292449, 'ign_k': 2.5253810447657927, 'ign_c': 80.50945012618057, 'trop_agb_crit': 6.119263728555865, 'trop_k_veg': 5.580504276549027}.
[I 2026-08-06 11:09:45,394] Trial 1107 finished with values: [10.769215220443213, 10.769215220443213] and parameters: {'k1': 0.00488137519160367, 'D_low': 7.299348683062307, 'k2': 0.019894080167856886, 'D_high': 1236.6924205139144, 'fire_exp': 9.813184209754047, 'P_half': 712.8188058401365, 'pre_dampen_half': 719.4083432823455, 'gpp_af': 5.335773317316405, 'gpp_b': 0.01666658176842624, 'gpp_d': 350.88322284755304, 'ign_k': 0.002492943285150885, 'ign_c': 1.9580595319750387, 'trop_agb_crit': 6.119263728555865, 'trop_k_veg': 2.4336356947036335}.
[I 2026-08-06 11:09:47,369] Trial 1108 finished with values: [10.252925501922098, 10.252925501922098] and parameters: {'k1': 0.002549454588329709, 'D_low': 40.36242615331332, 'k2': 0.004149969043497543, 'D_high': 1236.6924205139144, 'fire_exp': 1.221575427404682, 'P_half': 523.1053126909052, 'pre_dampen_half': 124.72235343584714, 'gpp_af': 0.6403036652671171, 'gpp_b': 0.22727308251068193, 'gpp_d': 19.600139992927435, 'ign_k': 0.21006485619596416, 'ign_c': 1.9580595319750387, 'trop_agb_crit': 6.119263728555865, 'trop_k_veg': 2.4336356947036335}.
[I 2026-08-06 11:09:50,027] Trial 1109 finished with values: [-0.6266778552424335, 0.06559146607910893] and parameters: {'k1': 0.00488137519160367, 'D_low': 38.82837025280678, 'k2': 0.019894080167856886, 'D_high': 1384.332853353327, 'fire_exp': 1.2611826901294014, 'P_half': 523.1053126909052, 'pre_dampen_half': 38.00678588560607, 'gpp_af': 0.6403036652671171, 'gpp_b': 0.0012213924959062798, 'gpp_d': 2.944272359149677, 'ign_k': 0.21006485619596416, 'ign_c': 1.1994950112756755, 'trop_agb_crit': 8.997007571451054, 'trop_k_veg': 2.520089655463604}.
[I 2026-08-06 11:09:52,095] Trial 1110 finished with values: [10.767456112252852, 10.767456112252852] and parameters: {'k1': 0.00488137519160367, 'D_low': 1.395216238046901, 'k2': 1.1065812688893481e-05, 'D_high': 61536.58035691648, 'fire_exp': 6.310604585713589, 'P_half': 712.8188058401365, 'pre_dampen_half': 38.00678588560607, 'gpp_af': 5.335773317316405, 'gpp_b': 0.01666658176842624, 'gpp_d': 350.88322284755304, 'ign_k': 2.5253810447657927, 'ign_c': 1.9580595319750387, 'trop_agb_crit': 8.997007571451054, 'trop_k_veg': 2.4336356947036335}.
[I 2026-08-06 11:09:54,349] Trial 1111 finished with values: [10.63501155812236, 10.63501155812236] and parameters: {'k1': 6.548510655446336e-05, 'D_low': 7.299348683062307, 'k2': 0.019894080167856886, 'D_high': 1236.6924205139144, 'fire_exp': 1.7329145403564932, 'P_half': 712.8188058401365, 'pre_dampen_half': 63.6685916079943, 'gpp_af': 5.335773317316405, 'gpp_b': 2.176805640408474e-05, 'gpp_d': 5.962449950039701, 'ign_k': 0.12329098365270515, 'ign_c': 0.8916132699546893, 'trop_agb_crit': 6.119263728555865, 'trop_k_veg': 2.520089655463604}.
[I 2026-08-06 11:09:56,321] Trial 1112 finished with values: [10.434440508666302, 10.434440508666302] and parameters: {'k1': 0.05778755734457457, 'D_low': 38.82837025280678, 'k2': 0.0154776166709383, 'D_high': 1236.6924205139144, 'fire_exp': 1.2611826901294014, 'P_half': 523.1053126909052, 'pre_dampen_half': 46.27607115144257, 'gpp_af': 5.335773317316405, 'gpp_b': 0.0496492510424794, 'gpp_d': 5.1715677287580455, 'ign_k': 0.010939944910100021, 'ign_c': 2.4936660834465174, 'trop_agb_crit': 6.119263728555865, 'trop_k_veg': 2.520089655463604}.
[I 2026-08-06 11:09:58,471] Trial 1113 finished with values: [-0.6129707846910465, 0.08041447986826666] and parameters: {'k1': 0.012021930484915042, 'D_low': 1.3577269394141454, 'k2': 0.004149969043497543, 'D_high': 8182.111518618414, 'fire_exp': 1.3170256885255098, 'P_half': 712.8188058401365, 'pre_dampen_half': 63.6685916079943, 'gpp_af': 0.6403036652671171, 'gpp_b': 0.0012213924959062798, 'gpp_d': 19.600139992927435, 'ign_k': 0.010939944910100021, 'ign_c': 1.9580595319750387, 'trop_agb_crit': 7.500118950416987, 'trop_k_veg': 4.375785248100498}.
[I 2026-08-06 11:10:00,515] Trial 1114 finished with values: [10.738823915934157, 10.738823915934157] and parameters: {'k1': 0.01889771394135163, 'D_low': 520.4862686958022, 'k2': 0.004149969043497543, 'D_high': 1236.6924205139144, 'fire_exp': 1.221575427404682, 'P_half': 523.1053126909052, 'pre_dampen_half': 0.08712116476450107, 'gpp_af': 0.6403036652671171, 'gpp_b': 2.176805640408474e-05, 'gpp_d': 84.31013932082456, 'ign_k': 0.21006485619596416, 'ign_c': 1.9580595319750387, 'trop_agb_crit': 6.119263728555865, 'trop_k_veg': 2.4336356947036335}.
[I 2026-08-06 11:10:02,498] Trial 1115 finished with values: [10.593194429101786, 10.593194429101786] and parameters: {'k1': 0.012021930484915042, 'D_low': 1.3577269394141454, 'k2': 0.019894080167856886, 'D_high': 21.947742689197344, 'fire_exp': 1.3170256885255098, 'P_half': 523.1053126909052, 'pre_dampen_half': 63.6685916079943, 'gpp_af': 0.6403036652671171, 'gpp_b': 0.0012213924959062798, 'gpp_d': 350.88322284755304, 'ign_k': 0.12329098365270515, 'ign_c': 2.4936660834465174, 'trop_agb_crit': 6.119263728555865, 'trop_k_veg': 2.520089655463604}.
[I 2026-08-06 11:10:04,526] Trial 1116 finished with values: [-0.6164578676006618, 0.05032333216008167] and parameters: {'k1': 0.01889771394135163, 'D_low': 7.299348683062307, 'k2': 0.019894080167856886, 'D_high': 61536.58035691648, 'fire_exp': 1.7329145403564932, 'P_half': 712.8188058401365, 'pre_dampen_half': 63.6685916079943, 'gpp_af': 1.6059727222314273, 'gpp_b': 2.176805640408474e-05, 'gpp_d': 84.31013932082456, 'ign_k': 0.12329098365270515, 'ign_c': 6.905604395130303, 'trop_agb_crit': 8.997007571451054, 'trop_k_veg': 2.4336356947036335}.
[I 2026-08-06 11:10:06,583] Trial 1117 finished with values: [-0.6121995012706147, 0.06435981118537526] and parameters: {'k1': 0.005272264723319183, 'D_low': 1.3577269394141454, 'k2': 0.019894080167856886, 'D_high': 8182.111518618414, 'fire_exp': 1.3170256885255098, 'P_half': 712.8188058401365, 'pre_dampen_half': 63.6685916079943, 'gpp_af': 1.6059727222314273, 'gpp_b': 0.22727308251068193, 'gpp_d': 5.1715677287580455, 'ign_k': 2.5253810447657927, 'ign_c': 1.9580595319750387, 'trop_agb_crit': 6.119263728555865, 'trop_k_veg': 5.580504276549027}.
[I 2026-08-06 11:10:08,569] Trial 1118 finished with values: [10.737637059700619, 10.737637059700619] and parameters: {'k1': 0.00488137519160367, 'D_low': 520.4862686958022, 'k2': 0.019894080167856886, 'D_high': 21.947742689197344, 'fire_exp': 1.3170256885255098, 'P_half': 523.1053126909052, 'pre_dampen_half': 719.4083432823455, 'gpp_af': 75.74758210832029, 'gpp_b': 0.0012213924959062798, 'gpp_d': 350.88322284755304, 'ign_k': 0.12329098365270515, 'ign_c': 2.4936660834465174, 'trop_agb_crit': 7.500118950416987, 'trop_k_veg': 2.520089655463604}.
[I 2026-08-06 11:10:11,194] Trial 1119 finished with values: [10.790968505732414, 10.790968505732414] and parameters: {'k1': 0.002549454588329709, 'D_low': 38.82837025280678, 'k2': 0.019894080167856886, 'D_high': 1236.6924205139144, 'fire_exp': 1.221575427404682, 'P_half': 523.1053126909052, 'pre_dampen_half': 124.72235343584714, 'gpp_af': 0.6403036652671171, 'gpp_b': 0.01666658176842624, 'gpp_d': 350.88322284755304, 'ign_k': 2.5253810447657927, 'ign_c': 1.9580595319750387, 'trop_agb_crit': 6.119263728555865, 'trop_k_veg': 2.520089655463604}.
[I 2026-08-06 11:10:13,301] Trial 1120 finished with values: [10.363902969290185, 10.363902969290185] and parameters: {'k1': 0.004708159793250189, 'D_low': 38.82837025280678, 'k2': 8.923807143379776e-05, 'D_high': 61536.58035691648, 'fire_exp': 1.7329145403564932, 'P_half': 712.8188058401365, 'pre_dampen_half': 38.00678588560607, 'gpp_af': 1.9706963379095486, 'gpp_b': 2.176805640408474e-05, 'gpp_d': 82.84476373292449, 'ign_k': 0.019192001101561888, 'ign_c': 6.905604395130303, 'trop_agb_crit': 8.997007571451054, 'trop_k_veg': 2.4336356947036335}.
