[I 2026-08-20 01:10:18,199] Trial 2353 finished with value: 0.582217856398237 and parameters: {'k1': 0.009783623141165772, 'D_low': 102.01146566677363, 'k2': 4.3996305044694504e-05, 'D_high': 22739.636303633237, 'fire_exp': 1.4269115243701287, 'P_half': 8363.332257810649, 'pre_dampen_half': 0.17512076715922192, 'gpp_af': 0.08806224410548995, 'gpp_b': 0.0004937688389270854, 'gpp_d': 0.07582400708250583, 'ign_k': 3.482734734263023, 'ign_c': 0.25054572782801054, 'trop_agb_crit': 1.6765493130366398, 'trop_k_veg': 1.7266495660950594}. Best is trial 1285 with value: -0.6015874360929447.
[I 2026-08-20 01:10:19,659] Trial 2354 finished with value: 0.6445374145881376 and parameters: {'k1': 0.00013303095611720247, 'D_low': 911640.5864330063, 'k2': 0.026327082611039797, 'D_high': 696.4999836569167, 'fire_exp': 2.868678292648199, 'P_half': 1.5888260681037305, 'pre_dampen_half': 4.885388329951467, 'gpp_af': 3.570413694585627, 'gpp_b': 6.827756805547917e-05, 'gpp_d': 5.642065352382788, 'ign_k': 0.0014120008368819, 'ign_c': 338.17702636125165, 'trop_agb_crit': 4.034845437285192, 'trop_k_veg': 3.8937645746346985}. Best is trial 1285 with value: -0.6015874360929447.
[I 2026-08-20 01:10:21,048] Trial 2355 finished with value: 0.6525296587240075 and parameters: {'k1': 0.001373493408445549, 'D_low': 67.60737428012526, 'k2': 4.494379710080033e-05, 'D_high': 3716016.723309664, 'fire_exp': 3.2220872400505165, 'P_half': 9.291662295869978, 'pre_dampen_half': 30.578405867034054, 'gpp_af': 0.9903781363993025, 'gpp_b': 0.01567480238720002, 'gpp_d': 213.17409925065814, 'ign_k': 0.37325980860011343, 'ign_c': 40.124914111176324, 'trop_agb_crit': 4.98606575465107, 'trop_k_veg': 1.242029997896435}. Best is trial 1285 with value: -0.6015874360929447.
[I 2026-08-20 01:10:22,459] Trial 2356 finished with value: 0.4643695861513596 and parameters: {'k1': 5.6938654356166504e-05, 'D_low': 2721.686018985809, 'k2': 0.08340568966460318, 'D_high': 1999529.1354369267, 'fire_exp': 1.3123547722783904, 'P_half': 1.0518608624221082, 'pre_dampen_half': 0.795934101416068, 'gpp_af': 0.18975751230770355, 'gpp_b': 0.006673068410314305, 'gpp_d': 34.79232686610231, 'ign_k': 0.4668665023057245, 'ign_c': 0.19642128942642806, 'trop_agb_crit': 11.438071819568746, 'trop_k_veg': 3.9076168871466748}. Best is trial 1285 with value: -0.6015874360929447.
[I 2026-08-20 01:10:23,872] Trial 2357 finished with value: 0.6445374145881376 and parameters: {'k1': 3.742218193316671e-05, 'D_low': 329184.8336272924, 'k2': 0.00014624809114088648, 'D_high': 54.26363468929261, 'fire_exp': 5.086610733724584, 'P_half': 863.0132733424742, 'pre_dampen_half': 6.361369853320641, 'gpp_af': 78.22195134859483, 'gpp_b': 3.3782007419248345, 'gpp_d': 21.508543308267985, 'ign_k': 0.029902936411915288, 'ign_c': 774.3541790327566, 'trop_agb_crit': 13.546992387461284, 'trop_k_veg': 0.936201296958223}. Best is trial 1285 with value: -0.6015874360929447.
[I 2026-08-20 01:10:25,834] Trial 2358 finished with value: 0.58462478382627 and parameters: {'k1': 0.0007172259307489048, 'D_low': 5531.874426289972, 'k2': 9.709761875511809e-05, 'D_high': 1282360.892704323, 'fire_exp': 4.509222028204497, 'P_half': 35.94787436252115, 'pre_dampen_half': 8.597760634875463, 'gpp_af': 0.1672539393200813, 'gpp_b': 0.00021657057874302163, 'gpp_d': 63.73472051136796, 'ign_k': 0.1503789487396463, 'ign_c': 24.23642054313778, 'trop_agb_crit': 11.73464202795399, 'trop_k_veg': 6.9069531174125816}. Best is trial 1285 with value: -0.6015874360929447.
[I 2026-08-20 01:10:27,352] Trial 2359 finished with value: 0.6445374145881376 and parameters: {'k1': 0.002843076252643827, 'D_low': 276.6982647158795, 'k2': 0.005311770853391846, 'D_high': 60.235001718936005, 'fire_exp': 7.053978283921089, 'P_half': 3.7605220551876384, 'pre_dampen_half': 0.053874377929072834, 'gpp_af': 0.3639829892483764, 'gpp_b': 0.0007288903180004134, 'gpp_d': 0.12413388824523813, 'ign_k': 1.765181593235009, 'ign_c': 16.430493584521166, 'trop_agb_crit': 8.113717171775752, 'trop_k_veg': 3.1942767648937522}. Best is trial 1285 with value: -0.6015874360929447.
[I 2026-08-20 01:10:28,801] Trial 2360 finished with value: 0.6445374145881376 and parameters: {'k1': 1.5278138422445617e-05, 'D_low': 1.1619600335520002, 'k2': 0.00316117734520866, 'D_high': 121706.29600643103, 'fire_exp': 8.099368114325303, 'P_half': 13.445026102959428, 'pre_dampen_half': 532.8975047411466, 'gpp_af': 21.682829212578113, 'gpp_b': 0.00011616701893903742, 'gpp_d': 1.2945769096372326, 'ign_k': 0.05008603774030634, 'ign_c': 101.0474202370605, 'trop_agb_crit': 29.053392205068167, 'trop_k_veg': 0.8610094309643848}. Best is trial 1285 with value: -0.6015874360929447.
[I 2026-08-20 01:10:30,225] Trial 2361 finished with value: 0.48747695851217876 and parameters: {'k1': 9.707853651963526e-05, 'D_low': 6.261097235534005, 'k2': 0.00015343952733014942, 'D_high': 3127354.4370033946, 'fire_exp': 1.5190614819646884, 'P_half': 1.463048880819854, 'pre_dampen_half': 864.5828253823407, 'gpp_af': 0.9644987483546203, 'gpp_b': 0.0017040244818281689, 'gpp_d': 248.0830357801944, 'ign_k': 9.24320995699027, 'ign_c': 3.6860688392831733, 'trop_agb_crit': 15.754577313984983, 'trop_k_veg': 0.8208981373649511}. Best is trial 1285 with value: -0.6015874360929447.
[I 2026-08-20 01:10:31,677] Trial 2362 finished with value: 0.6445374145881376 and parameters: {'k1': 0.0012337095756421795, 'D_low': 71754.96759782058, 'k2': 2.7939878795905032e-05, 'D_high': 5189341.778627246, 'fire_exp': 8.586178326430398, 'P_half': 45.382384356266044, 'pre_dampen_half': 116.23590908979291, 'gpp_af': 4.868472935818455, 'gpp_b': 0.09090714524287895, 'gpp_d': 0.2531890556938181, 'ign_k': 0.11304734961959016, 'ign_c': 783.6550351955508, 'trop_agb_crit': 1.4215381478340616, 'trop_k_veg': 0.7898028974215898}. Best is trial 1285 with value: -0.6015874360929447.
[I 2026-08-20 01:10:33,167] Trial 2363 finished with value: 0.6445374145881376 and parameters: {'k1': 0.03747771261584096, 'D_low': 332495.8483078064, 'k2': 5.457199926389123e-05, 'D_high': 2169.9653528402423, 'fire_exp': 1.8858257215225647, 'P_half': 3.153979222273882, 'pre_dampen_half': 0.5200363506643786, 'gpp_af': 0.06282731412805098, 'gpp_b': 0.022412643173620204, 'gpp_d': 132.27047679058484, 'ign_k': 3.2672695132322267, 'ign_c': 2.0174691163094143, 'trop_agb_crit': 11.231977472701734, 'trop_k_veg': 1.5667748703740656}. Best is trial 1285 with value: -0.6015874360929447.
[I 2026-08-20 01:10:34,554] Trial 2364 finished with value: 0.6445374145881376 and parameters: {'k1': 0.001338752353672324, 'D_low': 28.003563606188766, 'k2': 0.0012730851887965049, 'D_high': 107898.66679817635, 'fire_exp': 1.018476471179685, 'P_half': 9.500775339379022, 'pre_dampen_half': 0.2244843005408409, 'gpp_af': 0.09521434002489969, 'gpp_b': 0.00020394478238371124, 'gpp_d': 83.70099828735275, 'ign_k': 0.3035294321655848, 'ign_c': 157.36189965814268, 'trop_agb_crit': 4.217315200684516, 'trop_k_veg': 5.4633225395367795}. Best is trial 1285 with value: -0.6015874360929447.
[I 2026-08-20 01:10:35,977] Trial 2365 finished with value: 0.6445374145881376 and parameters: {'k1': 0.05288678116006924, 'D_low': 815.5624250444432, 'k2': 0.03893768668962514, 'D_high': 15.166796342229727, 'fire_exp': 7.886726039831944, 'P_half': 2105.30054326649, 'pre_dampen_half': 0.41428052485181044, 'gpp_af': 0.1717225710299766, 'gpp_b': 0.0028376689282471643, 'gpp_d': 0.6783546354791535, 'ign_k': 0.14425145830040353, 'ign_c': 0.6050750243031249, 'trop_agb_crit': 2.422933574166868, 'trop_k_veg': 1.9168663896275489}. Best is trial 1285 with value: -0.6015874360929447.
[I 2026-08-20 01:10:37,399] Trial 2366 finished with value: 0.6445374145881376 and parameters: {'k1': 0.00071169974708276, 'D_low': 359.6221735680607, 'k2': 0.00019851890667277894, 'D_high': 8968375.36373215, 'fire_exp': 2.0954655188709914, 'P_half': 1.89548341201316, 'pre_dampen_half': 24.862700330459557, 'gpp_af': 0.3345632842593369, 'gpp_b': 0.05425078599037812, 'gpp_d': 25.855843469478987, 'ign_k': 3.842425908782903, 'ign_c': 48.15507581495689, 'trop_agb_crit': 5.586620033240393, 'trop_k_veg': 1.122976786513845}. Best is trial 1285 with value: -0.6015874360929447.
[I 2026-08-20 01:10:38,777] Trial 2367 finished with value: 0.6423745935890249 and parameters: {'k1': 0.0009881281687342573, 'D_low': 131518.9829384422, 'k2': 0.030220528086864713, 'D_high': 749866.2204524924, 'fire_exp': 2.5282570969198397, 'P_half': 2.1782889623515413, 'pre_dampen_half': 0.017939765296914736, 'gpp_af': 74.54118016890631, 'gpp_b': 0.25661158613820567, 'gpp_d': 0.04028819193213877, 'ign_k': 0.004308892106249691, 'ign_c': 231.66139562104397, 'trop_agb_crit': 4.046136510313898, 'trop_k_veg': 5.256564530195844}. Best is trial 1285 with value: -0.6015874360929447.
[I 2026-08-20 01:10:40,160] Trial 2368 finished with value: 0.42122361842645717 and parameters: {'k1': 0.00420039453621533, 'D_low': 18.23367448536999, 'k2': 0.0001709435741587566, 'D_high': 4397107.997197552, 'fire_exp': 4.939613291168729, 'P_half': 4.740892898385152, 'pre_dampen_half': 11.641351366226711, 'gpp_af': 4.839604327877475, 'gpp_b': 0.001020326159565169, 'gpp_d': 479.13212931918, 'ign_k': 0.9768871298777964, 'ign_c': 5.83259383016238, 'trop_agb_crit': 7.976766565398201, 'trop_k_veg': 2.6865186534084984}. Best is trial 1285 with value: -0.6015874360929447.
[I 2026-08-20 01:10:41,580] Trial 2369 finished with value: 0.6445374145881376 and parameters: {'k1': 5.7718602367684065e-05, 'D_low': 364917.9025612535, 'k2': 0.004195025921914553, 'D_high': 70.34176741062942, 'fire_exp': 6.720444863609025, 'P_half': 1.4102613087396534, 'pre_dampen_half': 0.0797547201404176, 'gpp_af': 1.7913336221637137, 'gpp_b': 0.10340555691659069, 'gpp_d': 1.70232313129199, 'ign_k': 0.0021672794235284526, 'ign_c': 26.974096227995016, 'trop_agb_crit': 4.270453241425367, 'trop_k_veg': 7.8070987242823895}. Best is trial 1285 with value: -0.6015874360929447.
[I 2026-08-20 01:10:43,035] Trial 2370 finished with value: 0.6247493439427383 and parameters: {'k1': 0.002051859021075151, 'D_low': 452.8083354891987, 'k2': 0.0004602492177802065, 'D_high': 11.407301633104147, 'fire_exp': 3.934283608833823, 'P_half': 1.7120479430470648, 'pre_dampen_half': 0.013394634223583524, 'gpp_af': 0.06030455872343249, 'gpp_b': 0.0004412546527511099, 'gpp_d': 25.364162171604416, 'ign_k': 1.5832652984954436, 'ign_c': 13.095052369924964, 'trop_agb_crit': 1.828167092345571, 'trop_k_veg': 1.9908512947112775}. Best is trial 1285 with value: -0.6015874360929447.
[I 2026-08-20 01:10:44,411] Trial 2371 finished with value: 0.6326015101912845 and parameters: {'k1': 0.025347283697157486, 'D_low': 40547.61278790745, 'k2': 1.9621403714062205e-05, 'D_high': 55308.56183558708, 'fire_exp': 1.4087807158543826, 'P_half': 93.08497996534182, 'pre_dampen_half': 135.9285633743478, 'gpp_af': 0.04938502990824005, 'gpp_b': 0.08541992566542854, 'gpp_d': 20.40205381494594, 'ign_k': 0.28018455739274717, 'ign_c': 0.45587047619670457, 'trop_agb_crit': 22.021141541733268, 'trop_k_veg': 2.5660551517023733}. Best is trial 1285 with value: -0.6015874360929447.
[I 2026-08-20 01:10:45,826] Trial 2372 finished with value: 0.614350905142313 and parameters: {'k1': 0.014273822057165673, 'D_low': 3850.064859247647, 'k2': 0.014338364319006095, 'D_high': 92310.85258414158, 'fire_exp': 2.914670998707343, 'P_half': 9966.879704507472, 'pre_dampen_half': 45.168162096427444, 'gpp_af': 1.4407614249562455, 'gpp_b': 2.5073590091297264, 'gpp_d': 985.4715812484933, 'ign_k': 0.017081873317534066, 'ign_c': 5.390425981880684, 'trop_agb_crit': 18.748320089471612, 'trop_k_veg': 0.596063261994236}. Best is trial 1285 with value: -0.6015874360929447.
[I 2026-08-20 01:10:47,740] Trial 2373 finished with value: 0.5904547138909068 and parameters: {'k1': 0.010828971432030033, 'D_low': 179.44478472706615, 'k2': 1.311603410535538e-05, 'D_high': 2828457.9444903936, 'fire_exp': 3.6627949084495346, 'P_half': 36.8297263974848, 'pre_dampen_half': 52.500826987973454, 'gpp_af': 0.4592639949543711, 'gpp_b': 0.20336300395642606, 'gpp_d': 6.348484383329307, 'ign_k': 0.07954527512885194, 'ign_c': 7.952993692645841, 'trop_agb_crit': 13.498428695651011, 'trop_k_veg': 0.6384831327047359}. Best is trial 1285 with value: -0.6015874360929447.
[I 2026-08-20 01:10:49,139] Trial 2374 finished with value: -0.5554795298089844 and parameters: {'k1': 0.00780170925014034, 'D_low': 8390.024612427305, 'k2': 0.009941411247834542, 'D_high': 398044.7155104388, 'fire_exp': 3.740990517489036, 'P_half': 24.520069302084714, 'pre_dampen_half': 470.54680686142905, 'gpp_af': 3.777307191012603, 'gpp_b': 0.21890082588286358, 'gpp_d': 220.17414497442653, 'ign_k': 0.772688644907693, 'ign_c': 4.137222833641169, 'trop_agb_crit': 3.331621279757044, 'trop_k_veg': 3.217477792566678}. Best is trial 1285 with value: -0.6015874360929447.
[I 2026-08-20 01:10:50,533] Trial 2375 finished with value: 0.47996888918233915 and parameters: {'k1': 0.009085958669050754, 'D_low': 15.92479288958764, 'k2': 0.0001778750572255926, 'D_high': 9010123.837450821, 'fire_exp': 1.9102152073095118, 'P_half': 41.85706135746385, 'pre_dampen_half': 0.9799209735712552, 'gpp_af': 0.5017582714081742, 'gpp_b': 0.006642879009810741, 'gpp_d': 23.9270764123532, 'ign_k': 0.08180404347235083, 'ign_c': 2.7808883162949702, 'trop_agb_crit': 26.23523665133709, 'trop_k_veg': 1.9569649119239874}. Best is trial 1285 with value: -0.6015874360929447.
[I 2026-08-20 01:10:51,955] Trial 2376 finished with value: 0.6092873539408559 and parameters: {'k1': 0.08589235541627711, 'D_low': 260.43759541889716, 'k2': 0.00018730851246105226, 'D_high': 5846341.223754427, 'fire_exp': 3.335985175417021, 'P_half': 64.72490515999027, 'pre_dampen_half': 819.3387622625546, 'gpp_af': 0.21018224178232967, 'gpp_b': 0.0282710342458884, 'gpp_d': 357.1321702872106, 'ign_k': 0.10789060513520324, 'ign_c': 39.06090499366576, 'trop_agb_crit': 13.29119156003774, 'trop_k_veg': 2.9770858283183723}. Best is trial 1285 with value: -0.6015874360929447.
[I 2026-08-20 01:10:53,351] Trial 2377 finished with value: 0.4147899575372491 and parameters: {'k1': 0.04865234286584622, 'D_low': 65.51784767279831, 'k2': 0.014873155483517439, 'D_high': 1157687.3491004668, 'fire_exp': 2.203470041034719, 'P_half': 4.8119832495243084, 'pre_dampen_half': 1.89190711814193, 'gpp_af': 3.166843822218395, 'gpp_b': 0.0029590131576370526, 'gpp_d': 66.63053850371963, 'ign_k': 0.43078483840015436, 'ign_c': 0.11582824176507613, 'trop_agb_crit': 14.190775244614022, 'trop_k_veg': 1.9242464970512092}. Best is trial 1285 with value: -0.6015874360929447.
[I 2026-08-20 01:10:54,752] Trial 2378 finished with value: 0.6445374145881376 and parameters: {'k1': 0.06692928472179675, 'D_low': 1394.542643494565, 'k2': 0.00522202807224246, 'D_high': 9824576.607115766, 'fire_exp': 1.7198403100879294, 'P_half': 1480.054373269893, 'pre_dampen_half': 8.603687532495064, 'gpp_af': 1.9616573665876575, 'gpp_b': 0.3585629348522441, 'gpp_d': 546.0559882353377, 'ign_k': 0.16427136693989622, 'ign_c': 102.05014006130375, 'trop_agb_crit': 20.871892221966707, 'trop_k_veg': 4.749614911626611}. Best is trial 1285 with value: -0.6015874360929447.
[I 2026-08-20 01:10:56,206] Trial 2379 finished with value: 0.6445374145881376 and parameters: {'k1': 1.4447178503486004e-05, 'D_low': 408.4394018106672, 'k2': 0.005578996986769582, 'D_high': 3372683.3199058645, 'fire_exp': 5.427960328013369, 'P_half': 2.3416963353842277, 'pre_dampen_half': 14.074070970641111, 'gpp_af': 0.0027135161565656277, 'gpp_b': 1.348297932735082, 'gpp_d': 0.1003384323729867, 'ign_k': 0.7704059782893175, 'ign_c': 31.287604385554587, 'trop_agb_crit': 21.072563360325418, 'trop_k_veg': 1.9954151023741813}. Best is trial 1285 with value: -0.6015874360929447.
[I 2026-08-20 01:10:57,590] Trial 2380 finished with value: 0.6045830862051766 and parameters: {'k1': 0.00012224938906188316, 'D_low': 11839.88074895702, 'k2': 0.00021534356708151876, 'D_high': 1934965.8531745302, 'fire_exp': 2.212268249284367, 'P_half': 2235.117698558817, 'pre_dampen_half': 2.907262774930459, 'gpp_af': 0.002327691227195412, 'gpp_b': 0.048776707617789856, 'gpp_d': 61.24256558453078, 'ign_k': 0.03236945415127615, 'ign_c': 0.44002583592589506, 'trop_agb_crit': 3.243529795949452, 'trop_k_veg': 4.909878204445313}. Best is trial 1285 with value: -0.6015874360929447.
[I 2026-08-20 01:10:59,017] Trial 2381 finished with value: 0.607308147567854 and parameters: {'k1': 0.0002723607301564623, 'D_low': 101.73493218671894, 'k2': 0.06379065661429263, 'D_high': 2076.1270115077164, 'fire_exp': 2.5814997142248797, 'P_half': 91.5582339553319, 'pre_dampen_half': 6.79310340777802, 'gpp_af': 0.028699476701554514, 'gpp_b': 0.00010280250431354817, 'gpp_d': 11.474687547726498, 'ign_k': 0.020413281589518283, 'ign_c': 84.27958436302153, 'trop_agb_crit': 3.812921163512064, 'trop_k_veg': 0.509412024428177}. Best is trial 1285 with value: -0.6015874360929447.
[I 2026-08-20 01:11:00,517] Trial 2382 finished with value: 0.6019316561198371 and parameters: {'k1': 0.018712309901155546, 'D_low': 26161.780041170237, 'k2': 0.00023682306980885265, 'D_high': 47629.79723065507, 'fire_exp': 1.6368265641962845, 'P_half': 117.73404119445465, 'pre_dampen_half': 2.3724913678186907, 'gpp_af': 15.190121317859452, 'gpp_b': 0.32841215617097674, 'gpp_d': 468.12885345650517, 'ign_k': 0.8689283739414105, 'ign_c': 0.8213520419439228, 'trop_agb_crit': 7.498894786831592, 'trop_k_veg': 4.254999023282622}. Best is trial 1285 with value: -0.6015874360929447.
[I 2026-08-20 01:11:01,948] Trial 2383 finished with value: 0.4880059759054777 and parameters: {'k1': 0.005660029202214903, 'D_low': 69.04755667909545, 'k2': 1.1645888656986954e-05, 'D_high': 3258879.1797293527, 'fire_exp': 3.4561094655387503, 'P_half': 38.962129417016484, 'pre_dampen_half': 9.570901252804804, 'gpp_af': 3.8917386144416715, 'gpp_b': 0.02084193894167091, 'gpp_d': 272.1416830786709, 'ign_k': 0.17723393683319874, 'ign_c': 14.72301344034232, 'trop_agb_crit': 6.791270130762538, 'trop_k_veg': 0.7680808959938491}. Best is trial 1285 with value: -0.6015874360929447.
[I 2026-08-20 01:11:03,346] Trial 2384 finished with value: 0.6445374145881376 and parameters: {'k1': 0.05080472074718983, 'D_low': 736229.6505687998, 'k2': 0.0025923924820615064, 'D_high': 13.398434359993324, 'fire_exp': 3.8282751628737475, 'P_half': 26.264217348490003, 'pre_dampen_half': 139.20850153602157, 'gpp_af': 16.35590859742544, 'gpp_b': 0.017441482732162245, 'gpp_d': 0.03290462672444126, 'ign_k': 3.0559462537168174, 'ign_c': 556.0222002724936, 'trop_agb_crit': 1.7529540630775216, 'trop_k_veg': 1.4490804688888996}. Best is trial 1285 with value: -0.6015874360929447.
[I 2026-08-20 01:11:04,718] Trial 2385 finished with value: 0.47392762460009497 and parameters: {'k1': 0.05323502202191035, 'D_low': 6.449479771234505, 'k2': 0.00018913019013631378, 'D_high': 314288.06484995433, 'fire_exp': 9.727741764493443, 'P_half': 6.95308620042634, 'pre_dampen_half': 391.49999508295247, 'gpp_af': 21.69903564674587, 'gpp_b': 0.004021288959714409, 'gpp_d': 779.7864921909847, 'ign_k': 0.32679243505854894, 'ign_c': 0.4623796805998568, 'trop_agb_crit': 19.600273538778115, 'trop_k_veg': 1.371741696309026}. Best is trial 1285 with value: -0.6015874360929447.
[I 2026-08-20 01:11:06,149] Trial 2386 finished with value: 0.6068400125325056 and parameters: {'k1': 0.07504802698657073, 'D_low': 5584.38794356442, 'k2': 2.5333625031059806e-05, 'D_high': 201.03468825397593, 'fire_exp': 3.4212688263081326, 'P_half': 258.0994478695405, 'pre_dampen_half': 9.36555252818896, 'gpp_af': 1.928060091571913, 'gpp_b': 1.8304506851714035e-05, 'gpp_d': 1.6437904836059662, 'ign_k': 0.0212726134081169, 'ign_c': 25.01732459832247, 'trop_agb_crit': 2.9355577847775245, 'trop_k_veg': 4.106981642477203}. Best is trial 1285 with value: -0.6015874360929447.
[I 2026-08-20 01:11:07,586] Trial 2387 finished with value: 0.6386625817627725 and parameters: {'k1': 0.0002752423298061637, 'D_low': 1.0000125142884229, 'k2': 0.009527413368328016, 'D_high': 30.26624361967657, 'fire_exp': 4.474583455837049, 'P_half': 41.084828867801065, 'pre_dampen_half': 1.2905630102667631, 'gpp_af': 0.012894721916837892, 'gpp_b': 0.028557097721007396, 'gpp_d': 16.682156073886116, 'ign_k': 4.977411497403729, 'ign_c': 0.2160699175921729, 'trop_agb_crit': 5.849944240804942, 'trop_k_veg': 1.7726082536718935}. Best is trial 1285 with value: -0.6015874360929447.
[I 2026-08-20 01:11:09,625] Trial 2388 finished with value: 0.5656861436527281 and parameters: {'k1': 0.0014077115981180105, 'D_low': 779.1147284282999, 'k2': 1.2735793679262256e-05, 'D_high': 5145971.815585459, 'fire_exp': 4.389770258639059, 'P_half': 2.9908023232430705, 'pre_dampen_half': 0.6825271578495906, 'gpp_af': 15.972728159481774, 'gpp_b': 0.002900554232212483, 'gpp_d': 1.286594219398435, 'ign_k': 3.8091843680023403, 'ign_c': 10.719239133160636, 'trop_agb_crit': 3.2854057282356433, 'trop_k_veg': 1.721570003073268}. Best is trial 1285 with value: -0.6015874360929447.
[I 2026-08-20 01:11:10,994] Trial 2389 finished with value: 0.6284284923902325 and parameters: {'k1': 0.0004514008235877783, 'D_low': 651.1885491239084, 'k2': 0.004829330086365609, 'D_high': 17.253559155006144, 'fire_exp': 1.3166993612951874, 'P_half': 26.037052376980498, 'pre_dampen_half': 10.431910517407111, 'gpp_af': 86.93283881037904, 'gpp_b': 0.0001981105705698085, 'gpp_d': 172.06161856356908, 'ign_k': 0.012464756332717089, 'ign_c': 0.3487409435912351, 'trop_agb_crit': 20.000263397266817, 'trop_k_veg': 4.669113964010324}. Best is trial 1285 with value: -0.6015874360929447.
