[I 2026-06-11 12:55:54,121] Trial 562 finished with values: [12.80186673147944, 12.80186673147944] and parameters: {'k1': 0.03648456083047798, 'D_low': 236.79352040223893, 'k2': 0.019383858782150494, 'D_high': 1266.9536563782303, 'fire_exp': 1.2060040899560858, 'P_half': 114.62237838612074, 'pre_dampen_half': 189.36639872354493, 'gpp_af': 0.060029341913968644, 'gpp_b': 1.4008921101492135e-05, 'gpp_d': 0.1619054449471649, 'ign_k': 0.09256855841989636, 'ign_c': 3.7623363852696734, 'trop_agb_crit': 3.3933702290907823, 'trop_k_veg': 1.6648666152166967, 'fire_amp': 3.211868494428654}.
[I 2026-06-11 12:55:55,291] Trial 563 finished with values: [10.107734751340914, 10.107734751340914] and parameters: {'k1': 5.178197947282869e-05, 'D_low': 236.79352040223893, 'k2': 0.019383858782150494, 'D_high': 31301.15118850836, 'fire_exp': 1.1633452995374232, 'P_half': 1.859526645713404, 'pre_dampen_half': 8.259599205585761, 'gpp_af': 0.060029341913968644, 'gpp_b': 5.0875243087016374e-05, 'gpp_d': 1.336803341156552, 'ign_k': 0.037151317999473285, 'ign_c': 7.081721844034206, 'trop_agb_crit': 8.0091368834625, 'trop_k_veg': 1.6648666152166967, 'fire_amp': 2.7806853670293616}.
[I 2026-06-11 12:55:56,368] Trial 564 finished with values: [-0.57326322742446, 0.11820981008059295] and parameters: {'k1': 0.05347027553411487, 'D_low': 235.39834531862078, 'k2': 0.0012030178871154666, 'D_high': 1266.9536563782303, 'fire_exp': 1.2798881300289222, 'P_half': 2.6691447170887805, 'pre_dampen_half': 75.10418138777538, 'gpp_af': 0.060029341913968644, 'gpp_b': 0.015062722325200045, 'gpp_d': 0.7698760608299932, 'ign_k': 4.869640941520899, 'ign_c': 1.364908766641693, 'trop_agb_crit': 2.100813292597435, 'trop_k_veg': 6.030247256556128, 'fire_amp': 1.7912500010961188}.
[I 2026-06-11 12:55:57,783] Trial 565 finished with values: [10.731891379357426, 10.731891379357426] and parameters: {'k1': 0.0071350717305711155, 'D_low': 236.79352040223893, 'k2': 0.0007731571570012607, 'D_high': 6682.9607218310075, 'fire_exp': 1.1633452995374232, 'P_half': 3.591771421517613, 'pre_dampen_half': 75.10418138777538, 'gpp_af': 2.5017068255320485, 'gpp_b': 0.015062722325200045, 'gpp_d': 0.7698760608299932, 'ign_k': 0.0032383308053152635, 'ign_c': 1.364908766641693, 'trop_agb_crit': 21.380932890222198, 'trop_k_veg': 6.963655030926962, 'fire_amp': 1.7912500010961188}.
[I 2026-06-11 12:55:58,866] Trial 566 finished with values: [10.378575971945432, 10.378575971945432] and parameters: {'k1': 0.006079905434073396, 'D_low': 43.2326421037033, 'k2': 1.1417577140741129e-05, 'D_high': 31301.15118850836, 'fire_exp': 1.7505406131449859, 'P_half': 1.859526645713404, 'pre_dampen_half': 253.71947027764784, 'gpp_af': 0.2204465010099918, 'gpp_b': 0.002416023630607169, 'gpp_d': 21.899070557043984, 'ign_k': 0.8945150807271531, 'ign_c': 7.081721844034206, 'trop_agb_crit': 8.0091368834625, 'trop_k_veg': 1.6003641872536711, 'fire_amp': 1.5587346124822492}.
[I 2026-06-11 12:56:00,051] Trial 567 finished with values: [-0.4107568005703538, 0.1879188816484345] and parameters: {'k1': 5.178197947282869e-05, 'D_low': 9.882278532808778, 'k2': 0.0007731571570012607, 'D_high': 32311.521854410956, 'fire_exp': 1.811096651915224, 'P_half': 5.4712187293420325, 'pre_dampen_half': 121.93011993958949, 'gpp_af': 0.8144272585223832, 'gpp_b': 0.00031478066835753096, 'gpp_d': 1.336803341156552, 'ign_k': 0.002357279455676982, 'ign_c': 7.081721844034206, 'trop_agb_crit': 12.708819454040446, 'trop_k_veg': 1.6003641872536711, 'fire_amp': 1.5719333351012774}.
[I 2026-06-11 12:56:01,146] Trial 568 finished with values: [10.230156633543377, 10.230156633543377] and parameters: {'k1': 9.132348475718357e-05, 'D_low': 427.93836042014675, 'k2': 0.019383858782150494, 'D_high': 99461.47674311613, 'fire_exp': 1.2060040899560858, 'P_half': 3.591771421517613, 'pre_dampen_half': 4.847666216751353, 'gpp_af': 0.060029341913968644, 'gpp_b': 0.001674375583895437, 'gpp_d': 304.7488318185732, 'ign_k': 0.0032383308053152635, 'ign_c': 1.364908766641693, 'trop_agb_crit': 2.100813292597435, 'trop_k_veg': 6.963655030926962, 'fire_amp': 2.7806853670293616}.
[I 2026-06-11 12:56:02,085] Trial 569 finished with values: [10.469616868854851, 10.469616868854851] and parameters: {'k1': 0.03648456083047798, 'D_low': 236.79352040223893, 'k2': 0.0012030178871154666, 'D_high': 31301.15118850836, 'fire_exp': 1.2798881300289222, 'P_half': 436.4516946807792, 'pre_dampen_half': 79.2915624488668, 'gpp_af': 0.007531064950403672, 'gpp_b': 0.015062722325200045, 'gpp_d': 0.7698760608299932, 'ign_k': 4.869640941520899, 'ign_c': 2.2882309479728957, 'trop_agb_crit': 12.9667438075127, 'trop_k_veg': 0.5588127200017643, 'fire_amp': 1.7912500010961188}.
[I 2026-06-11 12:56:03,045] Trial 570 finished with values: [10.76923076888676, 10.76923076888676] and parameters: {'k1': 0.0029067012153229104, 'D_low': 1.4002277211577039, 'k2': 0.019383858782150494, 'D_high': 15.590073239763052, 'fire_exp': 9.487989255711895, 'P_half': 102.93072560417136, 'pre_dampen_half': 4.847666216751353, 'gpp_af': 0.004531316405029204, 'gpp_b': 9.497440085397415e-05, 'gpp_d': 1.4397852866783676, 'ign_k': 0.042425976091860974, 'ign_c': 2.2882309479728957, 'trop_agb_crit': 7.332660227137139, 'trop_k_veg': 0.5471865667052176, 'fire_amp': 2.7806853670293616}.
[I 2026-06-11 12:56:04,005] Trial 571 finished with values: [10.623919812032591, 10.623919812032591] and parameters: {'k1': 0.0012752949611679993, 'D_low': 1.4002277211577039, 'k2': 0.019383858782150494, 'D_high': 8440.303958079088, 'fire_exp': 1.2060040899560858, 'P_half': 3040.9816628297017, 'pre_dampen_half': 4.847666216751353, 'gpp_af': 8.164459147354295, 'gpp_b': 1.4008921101492135e-05, 'gpp_d': 6.84039695411256, 'ign_k': 0.0032383308053152635, 'ign_c': 2.2882309479728957, 'trop_agb_crit': 7.332660227137139, 'trop_k_veg': 1.6648666152166967, 'fire_amp': 2.7806853670293616}.
[I 2026-06-11 12:56:04,958] Trial 572 finished with values: [10.320962169587432, 10.320962169587432] and parameters: {'k1': 0.008990768948930035, 'D_low': 43.2326421037033, 'k2': 0.019383858782150494, 'D_high': 1537.592023548176, 'fire_exp': 1.7505406131449859, 'P_half': 436.4516946807792, 'pre_dampen_half': 37.40930273158252, 'gpp_af': 0.016306190741524337, 'gpp_b': 2.050348580570328e-05, 'gpp_d': 1.4397852866783676, 'ign_k': 0.8945150807271531, 'ign_c': 2.2882309479728957, 'trop_agb_crit': 1.8023542850487386, 'trop_k_veg': 0.5183533149347164, 'fire_amp': 1.1655705619308396}.
[I 2026-06-11 12:56:05,927] Trial 573 finished with values: [10.76923076888676, 10.76923076888676] and parameters: {'k1': 0.016973078532467004, 'D_low': 3266.346436894069, 'k2': 0.019383858782150494, 'D_high': 1266.9536563782303, 'fire_exp': 1.2060040899560858, 'P_half': 114.62237838612074, 'pre_dampen_half': 4.847666216751353, 'gpp_af': 3.298293484806585, 'gpp_b': 0.00265975681233728, 'gpp_d': 0.4316838564848064, 'ign_k': 0.46813761934505577, 'ign_c': 1.364908766641693, 'trop_agb_crit': 15.605813459825825, 'trop_k_veg': 1.6648666152166967, 'fire_amp': 1.5719333351012774}.
[I 2026-06-11 12:56:06,845] Trial 574 finished with values: [10.76923076888676, 10.76923076888676] and parameters: {'k1': 0.03648456083047798, 'D_low': 146.24004590125713, 'k2': 0.0007731571570012607, 'D_high': 315.101491238403, 'fire_exp': 1.2060040899560858, 'P_half': 45.55085098454082, 'pre_dampen_half': 75.10418138777538, 'gpp_af': 0.016306190741524337, 'gpp_b': 0.015062722325200045, 'gpp_d': 0.7698760608299932, 'ign_k': 4.869640941520899, 'ign_c': 99.96359851911319, 'trop_agb_crit': 21.380932890222198, 'trop_k_veg': 1.6648666152166967, 'fire_amp': 1.5719333351012774}.
[I 2026-06-11 12:56:07,773] Trial 575 finished with values: [10.70708245561911, 10.70708245561911] and parameters: {'k1': 0.03648456083047798, 'D_low': 236.79352040223893, 'k2': 0.0499774937030317, 'D_high': 6682.9607218310075, 'fire_exp': 5.784757193037464, 'P_half': 51.10120656497163, 'pre_dampen_half': 75.10418138777538, 'gpp_af': 0.41874665092828456, 'gpp_b': 0.015062722325200045, 'gpp_d': 0.7698760608299932, 'ign_k': 1.5532973289514227, 'ign_c': 1.364908766641693, 'trop_agb_crit': 21.086120736447015, 'trop_k_veg': 1.2749676887479542, 'fire_amp': 1.7912500010961188}.
[I 2026-06-11 12:56:08,702] Trial 576 finished with values: [10.768027118340248, 10.768027118340248] and parameters: {'k1': 0.0005525012427854533, 'D_low': 235.39834531862078, 'k2': 0.019383858782150494, 'D_high': 1817.0401889219124, 'fire_exp': 1.2798881300289222, 'P_half': 1.4551749476072258, 'pre_dampen_half': 75.10418138777538, 'gpp_af': 0.060029341913968644, 'gpp_b': 5.0875243087016374e-05, 'gpp_d': 1.4397852866783676, 'ign_k': 0.037151317999473285, 'ign_c': 186.78279278246248, 'trop_agb_crit': 1.8023542850487386, 'trop_k_veg': 1.6648666152166967, 'fire_amp': 1.7912500010961188}.
[I 2026-06-11 12:56:09,648] Trial 577 finished with values: [-0.34938120837851816, 0.12291657794432176] and parameters: {'k1': 5.178197947282869e-05, 'D_low': 235.39834531862078, 'k2': 0.0012030178871154666, 'D_high': 6682.9607218310075, 'fire_exp': 1.2060040899560858, 'P_half': 3.591771421517613, 'pre_dampen_half': 75.10418138777538, 'gpp_af': 0.41874665092828456, 'gpp_b': 0.015062722325200045, 'gpp_d': 0.0399066504395798, 'ign_k': 0.001229921046579313, 'ign_c': 1.364908766641693, 'trop_agb_crit': 2.100813292597435, 'trop_k_veg': 6.963655030926962, 'fire_amp': 2.7806853670293616}.
[I 2026-06-11 12:56:10,573] Trial 578 finished with values: [10.35755924459534, 10.35755924459534] and parameters: {'k1': 0.03648456083047798, 'D_low': 236.79352040223893, 'k2': 0.0015064557931192917, 'D_high': 1266.9536563782303, 'fire_exp': 1.2060040899560858, 'P_half': 102.93072560417136, 'pre_dampen_half': 4.847666216751353, 'gpp_af': 0.004531316405029204, 'gpp_b': 1.4008921101492135e-05, 'gpp_d': 1.4397852866783676, 'ign_k': 0.0032383308053152635, 'ign_c': 2.2882309479728957, 'trop_agb_crit': 1.8023542850487386, 'trop_k_veg': 1.6648666152166967, 'fire_amp': 2.7806853670293616}.
[I 2026-06-11 12:56:11,500] Trial 579 finished with values: [13.62279290728177, 13.62279290728177] and parameters: {'k1': 0.00026539376439360527, 'D_low': 148.21691630007544, 'k2': 0.002090955698118952, 'D_high': 1817.0401889219124, 'fire_exp': 1.5191397119156032, 'P_half': 1.4551749476072258, 'pre_dampen_half': 189.36639872354493, 'gpp_af': 0.10098504976210308, 'gpp_b': 1.0828092646426677e-05, 'gpp_d': 0.030844007727232167, 'ign_k': 0.004105873950290761, 'ign_c': 22.126836566118193, 'trop_agb_crit': 5.588032458772675, 'trop_k_veg': 2.724170387400844, 'fire_amp': 5.44779717154213}.
[I 2026-06-11 12:56:12,431] Trial 580 finished with values: [10.26818819725286, 10.26818819725286] and parameters: {'k1': 0.03648456083047798, 'D_low': 235.39834531862078, 'k2': 3.152468275632564e-05, 'D_high': 6682.9607218310075, 'fire_exp': 1.2798881300289222, 'P_half': 436.4516946807792, 'pre_dampen_half': 75.10418138777538, 'gpp_af': 2.5184956910855436, 'gpp_b': 0.0008861657881839811, 'gpp_d': 0.7698760608299932, 'ign_k': 0.9419612235978201, 'ign_c': 0.10435856341129002, 'trop_agb_crit': 7.332660227137139, 'trop_k_veg': 0.7808079158649266, 'fire_amp': 1.7912500010961188}.
[I 2026-06-11 12:56:13,423] Trial 581 finished with values: [10.213517986401106, 10.213517986401106] and parameters: {'k1': 5.178197947282869e-05, 'D_low': 236.79352040223893, 'k2': 0.0007731571570012607, 'D_high': 292.31166016118357, 'fire_exp': 1.1633452995374232, 'P_half': 1.859526645713404, 'pre_dampen_half': 37.40930273158252, 'gpp_af': 0.8144272585223832, 'gpp_b': 5.0875243087016374e-05, 'gpp_d': 1.336803341156552, 'ign_k': 0.037151317999473285, 'ign_c': 22.126836566118193, 'trop_agb_crit': 8.0091368834625, 'trop_k_veg': 1.4997174988262807, 'fire_amp': 1.5587346124822492}.
[I 2026-06-11 12:56:14,417] Trial 582 finished with values: [10.617344722365422, 10.617344722365422] and parameters: {'k1': 9.132348475718357e-05, 'D_low': 236.79352040223893, 'k2': 3.152468275632564e-05, 'D_high': 6682.9607218310075, 'fire_exp': 1.6901885781909627, 'P_half': 3.591771421517613, 'pre_dampen_half': 10.931606102061748, 'gpp_af': 0.004409093791567215, 'gpp_b': 9.497440085397415e-05, 'gpp_d': 21.899070557043984, 'ign_k': 0.0032383308053152635, 'ign_c': 2.2882309479728957, 'trop_agb_crit': 21.086120736447015, 'trop_k_veg': 1.6648666152166967, 'fire_amp': 3.7523365308330816}.
[I 2026-06-11 12:56:15,352] Trial 583 finished with values: [10.590132927662504, 10.590132927662504] and parameters: {'k1': 0.006079905434073396, 'D_low': 43.2326421037033, 'k2': 0.006051580666890612, 'D_high': 1266.9536563782303, 'fire_exp': 1.7505406131449859, 'P_half': 3.591771421517613, 'pre_dampen_half': 4.847666216751353, 'gpp_af': 2.5017068255320485, 'gpp_b': 0.001674375583895437, 'gpp_d': 21.899070557043984, 'ign_k': 0.035828811741825076, 'ign_c': 1.364908766641693, 'trop_agb_crit': 1.8023542850487386, 'trop_k_veg': 0.5183533149347164, 'fire_amp': 2.042193818779288}.
[I 2026-06-11 12:56:16,285] Trial 584 finished with values: [10.001846730561265, 10.001846730561265] and parameters: {'k1': 0.0029067012153229104, 'D_low': 1.4002277211577039, 'k2': 0.019383858782150494, 'D_high': 623.411042225738, 'fire_exp': 1.14171776851287, 'P_half': 102.93072560417136, 'pre_dampen_half': 4.847666216751353, 'gpp_af': 0.004409093791567215, 'gpp_b': 1.4008921101492135e-05, 'gpp_d': 1.4397852866783676, 'ign_k': 0.0032383308053152635, 'ign_c': 0.8916132699546893, 'trop_agb_crit': 7.332660227137139, 'trop_k_veg': 0.7808079158649266, 'fire_amp': 2.7806853670293616}.
[I 2026-06-11 12:56:17,206] Trial 585 finished with values: [10.76289674864153, 10.76289674864153] and parameters: {'k1': 0.03648456083047798, 'D_low': 235.39834531862078, 'k2': 0.0012030178871154666, 'D_high': 6682.9607218310075, 'fire_exp': 1.2798881300289222, 'P_half': 436.4516946807792, 'pre_dampen_half': 0.7349519696695505, 'gpp_af': 0.41874665092828456, 'gpp_b': 0.015062722325200045, 'gpp_d': 0.13688256550323696, 'ign_k': 4.869640941520899, 'ign_c': 1.364908766641693, 'trop_agb_crit': 12.9667438075127, 'trop_k_veg': 6.030247256556128, 'fire_amp': 1.7912500010961188}.
[I 2026-06-11 12:56:18,363] Trial 586 finished with values: [10.659403891300538, 10.659403891300538] and parameters: {'k1': 0.03648456083047798, 'D_low': 1.4002277211577039, 'k2': 0.019383858782150494, 'D_high': 6682.9607218310075, 'fire_exp': 1.2798881300289222, 'P_half': 102.93072560417136, 'pre_dampen_half': 9.044346216330972, 'gpp_af': 0.060029341913968644, 'gpp_b': 9.497440085397415e-05, 'gpp_d': 0.47379914349407487, 'ign_k': 0.9419612235978201, 'ign_c': 0.19623826481168347, 'trop_agb_crit': 2.100813292597435, 'trop_k_veg': 6.963655030926962, 'fire_amp': 2.7806853670293616}.
[I 2026-06-11 12:56:19,361] Trial 587 finished with values: [-0.4106473476639311, 0.1374155875652725] and parameters: {'k1': 0.0071350717305711155, 'D_low': 2.843767489444367, 'k2': 0.0007731571570012607, 'D_high': 315.101491238403, 'fire_exp': 1.1633452995374232, 'P_half': 45.55085098454082, 'pre_dampen_half': 75.10418138777538, 'gpp_af': 0.016306190741524337, 'gpp_b': 0.015062722325200045, 'gpp_d': 1.4397852866783676, 'ign_k': 4.869640941520899, 'ign_c': 7.081721844034206, 'trop_agb_crit': 21.086120736447015, 'trop_k_veg': 5.453348988480011, 'fire_amp': 1.7912500010961188}.
[I 2026-06-11 12:56:20,484] Trial 588 finished with values: [10.765047696314927, 10.765047696314927] and parameters: {'k1': 0.0029067012153229104, 'D_low': 1.4002277211577039, 'k2': 3.152468275632564e-05, 'D_high': 20103.283734409175, 'fire_exp': 4.0128099657681755, 'P_half': 436.4516946807792, 'pre_dampen_half': 75.10418138777538, 'gpp_af': 0.41874665092828456, 'gpp_b': 0.015062722325200045, 'gpp_d': 0.7698760608299932, 'ign_k': 4.869640941520899, 'ign_c': 0.10435856341129002, 'trop_agb_crit': 7.332660227137139, 'trop_k_veg': 6.963655030926962, 'fire_amp': 2.7806853670293616}.
[I 2026-06-11 12:56:21,444] Trial 589 finished with values: [11.647790137801403, 11.647790137801403] and parameters: {'k1': 0.0029067012153229104, 'D_low': 470.815979325019, 'k2': 0.002090955698118952, 'D_high': 1817.0401889219124, 'fire_exp': 1.14171776851287, 'P_half': 3.591771421517613, 'pre_dampen_half': 189.36639872354493, 'gpp_af': 0.10098504976210308, 'gpp_b': 9.497440085397415e-05, 'gpp_d': 0.030844007727232167, 'ign_k': 0.9419612235978201, 'ign_c': 1.364908766641693, 'trop_agb_crit': 5.588032458772675, 'trop_k_veg': 2.724170387400844, 'fire_amp': 2.804180410489304}.
[I 2026-06-11 12:56:22,394] Trial 590 finished with values: [10.258124769953795, 10.258124769953795] and parameters: {'k1': 0.016973078532467004, 'D_low': 236.79352040223893, 'k2': 0.019383858782150494, 'D_high': 31301.15118850836, 'fire_exp': 1.2798881300289222, 'P_half': 436.4516946807792, 'pre_dampen_half': 79.2915624488668, 'gpp_af': 3.298293484806585, 'gpp_b': 0.002416023630607169, 'gpp_d': 0.1619054449471649, 'ign_k': 4.869640941520899, 'ign_c': 1.364908766641693, 'trop_agb_crit': 21.086120736447015, 'trop_k_veg': 1.6648666152166967, 'fire_amp': 1.5719333351012774}.
[I 2026-06-11 12:56:23,409] Trial 591 finished with values: [-0.4618258632175068, 0.16689244876259313] and parameters: {'k1': 9.132348475718357e-05, 'D_low': 236.79352040223893, 'k2': 0.019383858782150494, 'D_high': 6682.9607218310075, 'fire_exp': 1.1633452995374232, 'P_half': 1.859526645713404, 'pre_dampen_half': 10.931606102061748, 'gpp_af': 1.2515601598062582, 'gpp_b': 0.002416023630607169, 'gpp_d': 21.899070557043984, 'ign_k': 0.0032383308053152635, 'ign_c': 1.364908766641693, 'trop_agb_crit': 8.0091368834625, 'trop_k_veg': 1.6003641872536711, 'fire_amp': 1.5587346124822492}.
[I 2026-06-11 12:56:24,376] Trial 592 finished with values: [10.380321394730585, 10.380321394730585] and parameters: {'k1': 0.08006837661379566, 'D_low': 236.79352040223893, 'k2': 0.019383858782150494, 'D_high': 714.4571308652828, 'fire_exp': 1.2060040899560858, 'P_half': 3.591771421517613, 'pre_dampen_half': 4.847666216751353, 'gpp_af': 2.5017068255320485, 'gpp_b': 0.001674375583895437, 'gpp_d': 0.7923715993309053, 'ign_k': 0.0032383308053152635, 'ign_c': 2.226297338331262, 'trop_agb_crit': 1.8023542850487386, 'trop_k_veg': 0.828441460847982, 'fire_amp': 2.7806853670293616}.
[I 2026-06-11 12:56:25,413] Trial 593 finished with values: [-0.5335666027230155, 0.1553179968961439] and parameters: {'k1': 0.03648456083047798, 'D_low': 1.4002277211577039, 'k2': 0.019383858782150494, 'D_high': 1266.9536563782303, 'fire_exp': 1.2060040899560858, 'P_half': 102.93072560417136, 'pre_dampen_half': 4.847666216751353, 'gpp_af': 0.004531316405029204, 'gpp_b': 1.4008921101492135e-05, 'gpp_d': 1.4397852866783676, 'ign_k': 0.0032383308053152635, 'ign_c': 2.2882309479728957, 'trop_agb_crit': 2.100813292597435, 'trop_k_veg': 0.5471865667052176, 'fire_amp': 2.7806853670293616}.
[I 2026-06-11 12:56:26,346] Trial 594 finished with values: [-0.44091020006368375, 0.13244371627551932] and parameters: {'k1': 5.178197947282869e-05, 'D_low': 9.882278532808778, 'k2': 0.019383858782150494, 'D_high': 31301.15118850836, 'fire_exp': 1.14171776851287, 'P_half': 3.591771421517613, 'pre_dampen_half': 37.40930273158252, 'gpp_af': 0.004409093791567215, 'gpp_b': 0.002416023630607169, 'gpp_d': 1.336803341156552, 'ign_k': 0.29415751391396583, 'ign_c': 7.081721844034206, 'trop_agb_crit': 2.100813292597435, 'trop_k_veg': 1.6003641872536711, 'fire_amp': 1.5587346124822492}.
[I 2026-06-11 12:56:27,276] Trial 595 finished with values: [10.359084219597788, 10.359084219597788] and parameters: {'k1': 0.0012752949611679993, 'D_low': 1.4002277211577039, 'k2': 0.0001280886335404798, 'D_high': 32311.521854410956, 'fire_exp': 1.811096651915224, 'P_half': 5.4712187293420325, 'pre_dampen_half': 9.044346216330972, 'gpp_af': 0.004409093791567215, 'gpp_b': 9.497440085397415e-05, 'gpp_d': 1.4397852866783676, 'ign_k': 7.544827057709847, 'ign_c': 2.2882309479728957, 'trop_agb_crit': 12.708819454040446, 'trop_k_veg': 1.6648666152166967, 'fire_amp': 2.7806853670293616}.
[I 2026-06-11 12:56:28,207] Trial 596 finished with values: [10.295387712047853, 10.295387712047853] and parameters: {'k1': 0.0071350717305711155, 'D_low': 236.79352040223893, 'k2': 0.0007731571570012607, 'D_high': 31301.15118850836, 'fire_exp': 1.1633452995374232, 'P_half': 3.591771421517613, 'pre_dampen_half': 37.40930273158252, 'gpp_af': 0.016306190741524337, 'gpp_b': 0.015062722325200045, 'gpp_d': 0.7698760608299932, 'ign_k': 0.001229921046579313, 'ign_c': 7.081721844034206, 'trop_agb_crit': 8.0091368834625, 'trop_k_veg': 6.963655030926962, 'fire_amp': 1.5587346124822492}.
[I 2026-06-11 12:56:29,136] Trial 597 finished with values: [10.024183109107868, 10.024183109107868] and parameters: {'k1': 0.028401063201780267, 'D_low': 235.39834531862078, 'k2': 0.019383858782150494, 'D_high': 32311.521854410956, 'fire_exp': 1.2060040899560858, 'P_half': 114.62237838612074, 'pre_dampen_half': 189.36639872354493, 'gpp_af': 3.298293484806585, 'gpp_b': 0.015062722325200045, 'gpp_d': 0.1619054449471649, 'ign_k': 0.09256855841989636, 'ign_c': 1.364908766641693, 'trop_agb_crit': 1.8023542850487386, 'trop_k_veg': 1.6648666152166967, 'fire_amp': 1.5719333351012774}.
[I 2026-06-11 12:56:30,101] Trial 598 finished with values: [10.616458594113361, 10.616458594113361] and parameters: {'k1': 5.178197947282869e-05, 'D_low': 1.4002277211577039, 'k2': 3.152468275632564e-05, 'D_high': 6682.9607218310075, 'fire_exp': 1.2060040899560858, 'P_half': 3.591771421517613, 'pre_dampen_half': 4.847666216751353, 'gpp_af': 0.004409093791567215, 'gpp_b': 0.001674375583895437, 'gpp_d': 1.336803341156552, 'ign_k': 7.544827057709847, 'ign_c': 2.2882309479728957, 'trop_agb_crit': 2.100813292597435, 'trop_k_veg': 6.963655030926962, 'fire_amp': 2.7806853670293616}.
