[I 2026-06-10 21:25:56,722] Trial 555 finished with values: [10.833333332159754, 10.833333332159754] and parameters: {'k1': 0.016973078532467004, 'D_low': 50.32059347286801, 'k2': 8.968733598183248e-05, 'D_high': 2427.054417940131, 'fire_exp': 7.394434809371433, 'P_half': 191.61918406231337, 'pre_dampen_half': 123.04779330083686, 'gpp_af': 20.12115544906385, 'gpp_b': 1.5216765859697215e-05, 'gpp_d': 20.81401325574021, 'ign_k': 0.13500744867919376, 'ign_c': 388.02797007866826, 'trop_agb_crit': 24.199763404822136, 'trop_k_veg': 1.2749676887479542, 'fire_amp': 5.416595007374148}.
[I 2026-06-10 21:25:58,951] Trial 556 finished with values: [10.833220416490933, 10.833220416490933] and parameters: {'k1': 0.006079905434073396, 'D_low': 43.2326421037033, 'k2': 4.933751600448335e-05, 'D_high': 42.242359735170886, 'fire_exp': 8.529993407276715, 'P_half': 157.3644610977214, 'pre_dampen_half': 37.40930273158252, 'gpp_af': 1.9998014714101113, 'gpp_b': 0.00047819318414852577, 'gpp_d': 594.7389794988394, 'ign_k': 0.8945150807271531, 'ign_c': 16.497426799845446, 'trop_agb_crit': 5.335241529707116, 'trop_k_veg': 0.9923523017201868, 'fire_amp': 1.5587346124822492}.
[I 2026-06-10 21:26:00,744] Trial 557 finished with values: [10.489415331068617, 10.489415331068617] and parameters: {'k1': 0.006079905434073396, 'D_low': 1739.6167422846984, 'k2': 1.1417577140741129e-05, 'D_high': 69868.4759244566, 'fire_exp': 1.7792742686803427, 'P_half': 1.4551749476072258, 'pre_dampen_half': 37.40930273158252, 'gpp_af': 0.07118041471054574, 'gpp_b': 0.00047819318414852577, 'gpp_d': 594.7389794988394, 'ign_k': 0.8945150807271531, 'ign_c': 0.6960633318526378, 'trop_agb_crit': 5.335241529707116, 'trop_k_veg': 0.9923523017201868, 'fire_amp': 1.5587346124822492}.
[I 2026-06-10 21:26:02,624] Trial 558 finished with values: [13.706124664556524, 13.706124664556524] and parameters: {'k1': 0.0057293717735696316, 'D_low': 171.2446447678494, 'k2': 0.01567230746060024, 'D_high': 8912.611835817017, 'fire_exp': 3.2459542834651627, 'P_half': 101.40635645866499, 'pre_dampen_half': 98.05638874011484, 'gpp_af': 20.12115544906385, 'gpp_b': 0.16285506249643175, 'gpp_d': 95.2715755007094, 'ign_k': 3.6309591863459096, 'ign_c': 14.709699119495124, 'trop_agb_crit': 24.199763404822136, 'trop_k_veg': 0.6488368931910606, 'fire_amp': 5.606809127618709}.
[I 2026-06-10 21:26:04,796] Trial 559 finished with values: [10.413711676448452, 10.413711676448452] and parameters: {'k1': 0.012840669372724958, 'D_low': 43.2326421037033, 'k2': 4.933751600448335e-05, 'D_high': 42.242359735170886, 'fire_exp': 1.7792742686803427, 'P_half': 157.3644610977214, 'pre_dampen_half': 189.88136301569827, 'gpp_af': 0.016306190741524337, 'gpp_b': 0.0004125336560355494, 'gpp_d': 0.7698760608299932, 'ign_k': 0.00660597889201953, 'ign_c': 1.4879588507789996, 'trop_agb_crit': 8.0091368834625, 'trop_k_veg': 1.6003641872536711, 'fire_amp': 1.5587346124822492}.
[I 2026-06-10 21:26:06,797] Trial 560 finished with values: [10.833333332159754, 10.833333332159754] and parameters: {'k1': 0.016973078532467004, 'D_low': 2.843767489444367, 'k2': 0.005082220961627801, 'D_high': 27.55546207779663, 'fire_exp': 1.6901885781909627, 'P_half': 51.10120656497163, 'pre_dampen_half': 123.04779330083686, 'gpp_af': 20.12115544906385, 'gpp_b': 0.015062722325200045, 'gpp_d': 0.1197776427957647, 'ign_k': 0.4320578308497379, 'ign_c': 388.02797007866826, 'trop_agb_crit': 24.199763404822136, 'trop_k_veg': 1.2749676887479542, 'fire_amp': 5.416595007374148}.
[I 2026-06-10 21:26:08,535] Trial 561 finished with values: [13.100015300041626, 13.100015300041626] and parameters: {'k1': 0.006079905434073396, 'D_low': 43.2326421037033, 'k2': 4.933751600448335e-05, 'D_high': 42210.21267871043, 'fire_exp': 1.2918065501148304, 'P_half': 61.6097529474144, 'pre_dampen_half': 37.40930273158252, 'gpp_af': 1.9998014714101113, 'gpp_b': 0.00047819318414852577, 'gpp_d': 0.7698760608299932, 'ign_k': 0.0029519227433917453, 'ign_c': 16.497426799845446, 'trop_agb_crit': 8.0091368834625, 'trop_k_veg': 1.6003641872536711, 'fire_amp': 1.2393473789150806}.
[I 2026-06-10 21:26:10,372] Trial 562 finished with values: [10.88835929961248, 10.88835929961248] and parameters: {'k1': 0.006079905434073396, 'D_low': 43.2326421037033, 'k2': 4.933751600448335e-05, 'D_high': 42.242359735170886, 'fire_exp': 1.9783727454920947, 'P_half': 1.4551749476072258, 'pre_dampen_half': 30.456909077772018, 'gpp_af': 1.9998014714101113, 'gpp_b': 0.00047819318414852577, 'gpp_d': 47.35384181058586, 'ign_k': 0.004105873950290761, 'ign_c': 3.7623363852696734, 'trop_agb_crit': 5.588032458772675, 'trop_k_veg': 2.724170387400844, 'fire_amp': 3.211868494428654}.
[I 2026-06-10 21:26:12,576] Trial 563 finished with values: [10.794853006481903, 10.794853006481903] and parameters: {'k1': 0.017276056747028225, 'D_low': 171.2446447678494, 'k2': 0.0011135501184757278, 'D_high': 44974.07193749848, 'fire_exp': 3.2459542834651627, 'P_half': 101.40635645866499, 'pre_dampen_half': 4.603480758878793, 'gpp_af': 0.016306190741524337, 'gpp_b': 0.0004125336560355494, 'gpp_d': 95.2715755007094, 'ign_k': 0.0029519227433917453, 'ign_c': 1.1698039424426816, 'trop_agb_crit': 3.5874145253515306, 'trop_k_veg': 0.828441460847982, 'fire_amp': 1.2393473789150806}.
[I 2026-06-10 21:26:14,890] Trial 564 finished with values: [10.247852933866286, 10.247852933866286] and parameters: {'k1': 0.016973078532467004, 'D_low': 408.3047491580097, 'k2': 8.968733598183248e-05, 'D_high': 2427.054417940131, 'fire_exp': 1.633445707733642, 'P_half': 2.6691447170887805, 'pre_dampen_half': 189.88136301569827, 'gpp_af': 0.8594202650742228, 'gpp_b': 0.002416023630607169, 'gpp_d': 2.5450745565416026, 'ign_k': 0.0032383308053152635, 'ign_c': 7.832259769732471, 'trop_agb_crit': 21.086120736447015, 'trop_k_veg': 0.5450786550840475, 'fire_amp': 1.1202509284327942}.
[I 2026-06-10 21:26:16,901] Trial 565 finished with values: [10.797239394373003, 10.797239394373003] and parameters: {'k1': 0.05705198955850472, 'D_low': 43.2326421037033, 'k2': 0.01567230746060024, 'D_high': 29.126651668813768, 'fire_exp': 3.2459542834651627, 'P_half': 12.262543158860007, 'pre_dampen_half': 98.05638874011484, 'gpp_af': 3.298293484806585, 'gpp_b': 0.16285506249643175, 'gpp_d': 95.2715755007094, 'ign_k': 0.8945150807271531, 'ign_c': 7.832259769732471, 'trop_agb_crit': 3.5874145253515306, 'trop_k_veg': 1.6648666152166967, 'fire_amp': 2.818314238665462}.
[I 2026-06-10 21:26:18,974] Trial 566 finished with values: [10.72490118330043, 10.72490118330043] and parameters: {'k1': 0.08006837661379566, 'D_low': 171.2446447678494, 'k2': 0.0011135501184757278, 'D_high': 44974.07193749848, 'fire_exp': 1.2918065501148304, 'P_half': 101.40635645866499, 'pre_dampen_half': 4.603480758878793, 'gpp_af': 0.016306190741524337, 'gpp_b': 0.16285506249643175, 'gpp_d': 0.7698760608299932, 'ign_k': 3.6309591863459096, 'ign_c': 1.1698039424426816, 'trop_agb_crit': 3.5874145253515306, 'trop_k_veg': 0.6488368931910606, 'fire_amp': 2.818314238665462}.
[I 2026-06-10 21:26:21,114] Trial 567 finished with values: [10.797160626399757, 10.797160626399757] and parameters: {'k1': 0.012840669372724958, 'D_low': 171.2446447678494, 'k2': 8.968733598183248e-05, 'D_high': 8912.611835817017, 'fire_exp': 1.6901885781909627, 'P_half': 51.10120656497163, 'pre_dampen_half': 1.8469033699850426, 'gpp_af': 0.016306190741524337, 'gpp_b': 0.05719024141066792, 'gpp_d': 0.7698760608299932, 'ign_k': 0.17320535908244444, 'ign_c': 14.709699119495124, 'trop_agb_crit': 24.199763404822136, 'trop_k_veg': 2.520089655463604, 'fire_amp': 5.416595007374148}.
[I 2026-06-10 21:26:22,897] Trial 568 finished with values: [-0.4349079504021045, 0.04828870823168929] and parameters: {'k1': 0.012840669372724958, 'D_low': 427.93836042014675, 'k2': 0.0011135501184757278, 'D_high': 99461.47674311613, 'fire_exp': 3.2459542834651627, 'P_half': 61.6097529474144, 'pre_dampen_half': 98.05638874011484, 'gpp_af': 1.7775411110039254, 'gpp_b': 0.0004125336560355494, 'gpp_d': 0.7698760608299932, 'ign_k': 0.0029519227433917453, 'ign_c': 2.2489542843914485, 'trop_agb_crit': 2.0527418919564324, 'trop_k_veg': 2.520089655463604, 'fire_amp': 2.818314238665462}.
[I 2026-06-10 21:26:24,698] Trial 569 finished with values: [10.2947763335419, 10.2947763335419] and parameters: {'k1': 0.012840669372724958, 'D_low': 1074.940539517341, 'k2': 1.1417577140741129e-05, 'D_high': 8440.303958079088, 'fire_exp': 1.633445707733642, 'P_half': 277.00025557434554, 'pre_dampen_half': 189.36639872354493, 'gpp_af': 3.298293484806585, 'gpp_b': 2.176805640408474e-05, 'gpp_d': 594.7389794988394, 'ign_k': 0.09256855841989636, 'ign_c': 7.832259769732471, 'trop_agb_crit': 3.1419938725278875, 'trop_k_veg': 1.6648666152166967, 'fire_amp': 1.7912500010961188}.
[I 2026-06-10 21:26:26,517] Trial 570 finished with values: [10.833333332159754, 10.833333332159754] and parameters: {'k1': 0.017276056747028225, 'D_low': 1739.6167422846984, 'k2': 0.0002442377596403892, 'D_high': 15.590073239763052, 'fire_exp': 9.487989255711895, 'P_half': 51.10120656497163, 'pre_dampen_half': 1.8469033699850426, 'gpp_af': 20.12115544906385, 'gpp_b': 0.16285506249643175, 'gpp_d': 20.81401325574021, 'ign_k': 0.042425976091860974, 'ign_c': 14.709699119495124, 'trop_agb_crit': 3.5874145253515306, 'trop_k_veg': 5.453348988480011, 'fire_amp': 5.416595007374148}.
[I 2026-06-10 21:26:28,409] Trial 571 finished with values: [10.816540294728274, 10.816540294728274] and parameters: {'k1': 0.006079905434073396, 'D_low': 2808.7330790064375, 'k2': 1.1417577140741129e-05, 'D_high': 42210.21267871043, 'fire_exp': 1.7792742686803427, 'P_half': 3040.9816628297017, 'pre_dampen_half': 16.009350908593582, 'gpp_af': 8.164459147354295, 'gpp_b': 0.0004125336560355494, 'gpp_d': 6.84039695411256, 'ign_k': 0.8945150807271531, 'ign_c': 7.832259769732471, 'trop_agb_crit': 2.0527418919564324, 'trop_k_veg': 6.172643383211297, 'fire_amp': 1.5587346124822492}.
[I 2026-06-10 21:26:30,241] Trial 572 finished with values: [10.129603761924805, 10.129603761924805] and parameters: {'k1': 0.008990768948930035, 'D_low': 1074.940539517341, 'k2': 8.968733598183248e-05, 'D_high': 29.126651668813768, 'fire_exp': 1.4690410989404576, 'P_half': 9.580682294110435, 'pre_dampen_half': 10.931606102061748, 'gpp_af': 1.9654778690222015, 'gpp_b': 0.002416023630607169, 'gpp_d': 0.030844007727232167, 'ign_k': 0.8945150807271531, 'ign_c': 0.17036120617148395, 'trop_agb_crit': 21.086120736447015, 'trop_k_veg': 1.6648666152166967, 'fire_amp': 2.804180410489304}.
[I 2026-06-10 21:26:32,019] Trial 573 finished with values: [15.325410984560968, 15.325410984560968] and parameters: {'k1': 5.178197947282869e-05, 'D_low': 3266.346436894069, 'k2': 8.968733598183248e-05, 'D_high': 69868.4759244566, 'fire_exp': 1.111738490499784, 'P_half': 9.580682294110435, 'pre_dampen_half': 269.0845367054866, 'gpp_af': 1.9654778690222015, 'gpp_b': 0.00265975681233728, 'gpp_d': 0.4316838564848064, 'ign_k': 0.46813761934505577, 'ign_c': 1.1698039424426816, 'trop_agb_crit': 15.605813459825825, 'trop_k_veg': 0.5183533149347164, 'fire_amp': 1.1655705619308396}.
[I 2026-06-10 21:26:33,820] Trial 574 finished with values: [10.922931536721562, 10.922931536721562] and parameters: {'k1': 0.012840669372724958, 'D_low': 1074.940539517341, 'k2': 2.316457903103837e-05, 'D_high': 42210.21267871043, 'fire_exp': 1.4690410989404576, 'P_half': 9.580682294110435, 'pre_dampen_half': 903.3231300044874, 'gpp_af': 3.298293484806585, 'gpp_b': 0.006999112505425414, 'gpp_d': 0.030844007727232167, 'ign_k': 0.8945150807271531, 'ign_c': 1.9423015749984096, 'trop_agb_crit': 2.1989086830950257, 'trop_k_veg': 1.6648666152166967, 'fire_amp': 2.042193818779288}.
[I 2026-06-10 21:26:35,645] Trial 575 finished with values: [10.831415071620253, 10.831415071620253] and parameters: {'k1': 0.012840669372724958, 'D_low': 171.2446447678494, 'k2': 0.0011135501184757278, 'D_high': 42.242359735170886, 'fire_exp': 5.784757193037464, 'P_half': 61.6097529474144, 'pre_dampen_half': 28.01075698398644, 'gpp_af': 1.9998014714101113, 'gpp_b': 2.176805640408474e-05, 'gpp_d': 594.7389794988394, 'ign_k': 1.5532973289514227, 'ign_c': 0.1611736893633666, 'trop_agb_crit': 2.0527418919564324, 'trop_k_veg': 2.520089655463604, 'fire_amp': 1.7912500010961188}.
[I 2026-06-10 21:26:37,767] Trial 576 finished with values: [10.833333332159754, 10.833333332159754] and parameters: {'k1': 0.0005525012427854533, 'D_low': 171.2446447678494, 'k2': 4.933751600448335e-05, 'D_high': 42.242359735170886, 'fire_exp': 1.7505406131449859, 'P_half': 101.40635645866499, 'pre_dampen_half': 189.88136301569827, 'gpp_af': 1.7775411110039254, 'gpp_b': 1.8400604093141188, 'gpp_d': 47.35384181058586, 'ign_k': 3.6309591863459096, 'ign_c': 186.78279278246248, 'trop_agb_crit': 8.0091368834625, 'trop_k_veg': 1.6003641872536711, 'fire_amp': 1.2393473789150806}.
[I 2026-06-10 21:26:39,715] Trial 577 finished with values: [10.030402422531006, 10.030402422531006] and parameters: {'k1': 5.178197947282869e-05, 'D_low': 235.39834531862078, 'k2': 0.0011135501184757278, 'D_high': 42210.21267871043, 'fire_exp': 1.111738490499784, 'P_half': 9.580682294110435, 'pre_dampen_half': 4.603480758878793, 'gpp_af': 1.9654778690222015, 'gpp_b': 0.0004125336560355494, 'gpp_d': 0.0399066504395798, 'ign_k': 0.002357279455676982, 'ign_c': 2.226297338331262, 'trop_agb_crit': 21.086120736447015, 'trop_k_veg': 0.6363741063482814, 'fire_amp': 1.1655705619308396}.
[I 2026-06-10 21:26:41,810] Trial 578 finished with values: [10.763259673390687, 10.763259673390687] and parameters: {'k1': 0.016973078532467004, 'D_low': 1074.940539517341, 'k2': 0.0015064557931192917, 'D_high': 315.101491238403, 'fire_exp': 1.4690410989404576, 'P_half': 2.226799690893868, 'pre_dampen_half': 10.931606102061748, 'gpp_af': 0.8594202650742228, 'gpp_b': 1.1008110571039521e-05, 'gpp_d': 2.5450745565416026, 'ign_k': 0.8945150807271531, 'ign_c': 0.1611736893633666, 'trop_agb_crit': 1.3063813396521713, 'trop_k_veg': 1.6648666152166967, 'fire_amp': 1.1202509284327942}.
[I 2026-06-10 21:26:43,650] Trial 579 finished with values: [-0.2880999710085409, 0.1506498927545783] and parameters: {'k1': 0.016973078532467004, 'D_low': 2.843767489444367, 'k2': 0.0499774937030317, 'D_high': 27.55546207779663, 'fire_exp': 1.6901885781909627, 'P_half': 51.10120656497163, 'pre_dampen_half': 123.04779330083686, 'gpp_af': 20.12115544906385, 'gpp_b': 1.0828092646426677e-05, 'gpp_d': 20.81401325574021, 'ign_k': 0.002357279455676982, 'ign_c': 388.02797007866826, 'trop_agb_crit': 24.199763404822136, 'trop_k_veg': 1.2749676887479542, 'fire_amp': 5.416595007374148}.
[I 2026-06-10 21:26:45,621] Trial 580 finished with values: [10.39447626581413, 10.39447626581413] and parameters: {'k1': 0.006079905434073396, 'D_low': 2808.7330790064375, 'k2': 4.933751600448335e-05, 'D_high': 42210.21267871043, 'fire_exp': 1.7792742686803427, 'P_half': 61.6097529474144, 'pre_dampen_half': 16.009350908593582, 'gpp_af': 20.12115544906385, 'gpp_b': 0.0008861657881839811, 'gpp_d': 0.7698760608299932, 'ign_k': 0.002357279455676982, 'ign_c': 3.4321391362415827, 'trop_agb_crit': 24.199763404822136, 'trop_k_veg': 0.6363741063482814, 'fire_amp': 1.5587346124822492}.
[I 2026-06-10 21:26:47,698] Trial 581 finished with values: [10.681087876486297, 10.681087876486297] and parameters: {'k1': 0.016973078532467004, 'D_low': 1739.6167422846984, 'k2': 2.091507303847255e-05, 'D_high': 292.31166016118357, 'fire_exp': 1.6901885781909627, 'P_half': 101.40635645866499, 'pre_dampen_half': 1.8469033699850426, 'gpp_af': 1.7775411110039254, 'gpp_b': 0.16285506249643175, 'gpp_d': 95.2715755007094, 'ign_k': 3.6309591863459096, 'ign_c': 1.1698039424426816, 'trop_agb_crit': 24.199763404822136, 'trop_k_veg': 1.4997174988262807, 'fire_amp': 5.416595007374148}.
[I 2026-06-10 21:26:49,510] Trial 582 finished with values: [10.497628529434746, 10.497628529434746] and parameters: {'k1': 0.05705198955850472, 'D_low': 1739.6167422846984, 'k2': 0.0011135501184757278, 'D_high': 42210.21267871043, 'fire_exp': 3.2459542834651627, 'P_half': 101.40635645866499, 'pre_dampen_half': 98.05638874011484, 'gpp_af': 0.016306190741524337, 'gpp_b': 0.0004125336560355494, 'gpp_d': 95.2715755007094, 'ign_k': 3.6309591863459096, 'ign_c': 2.226297338331262, 'trop_agb_crit': 3.5874145253515306, 'trop_k_veg': 0.828441460847982, 'fire_amp': 2.818314238665462}.
[I 2026-06-10 21:26:51,286] Trial 583 finished with values: [10.829786814610074, 10.829786814610074] and parameters: {'k1': 0.012840669372724958, 'D_low': 408.3047491580097, 'k2': 0.006051580666890612, 'D_high': 29.126651668813768, 'fire_exp': 1.633445707733642, 'P_half': 9.580682294110435, 'pre_dampen_half': 189.36639872354493, 'gpp_af': 3.298293484806585, 'gpp_b': 0.002416023630607169, 'gpp_d': 0.7698760608299932, 'ign_k': 0.035828811741825076, 'ign_c': 7.832259769732471, 'trop_agb_crit': 2.1989086830950257, 'trop_k_veg': 1.6648666152166967, 'fire_amp': 1.1655705619308396}.
[I 2026-06-10 21:26:53,112] Trial 584 finished with values: [10.487808356269994, 10.487808356269994] and parameters: {'k1': 0.006079905434073396, 'D_low': 43.2326421037033, 'k2': 2.316457903103837e-05, 'D_high': 623.411042225738, 'fire_exp': 1.7792742686803427, 'P_half': 9.580682294110435, 'pre_dampen_half': 4.603480758878793, 'gpp_af': 1.9998014714101113, 'gpp_b': 0.16285506249643175, 'gpp_d': 95.2715755007094, 'ign_k': 3.6309591863459096, 'ign_c': 0.8916132699546893, 'trop_agb_crit': 8.0091368834625, 'trop_k_veg': 1.6003641872536711, 'fire_amp': 1.2393473789150806}.
[I 2026-06-10 21:26:54,917] Trial 585 finished with values: [10.807492564301821, 10.807492564301821] and parameters: {'k1': 0.012840669372724958, 'D_low': 1.4002277211577039, 'k2': 0.0010726091927327822, 'D_high': 42.242359735170886, 'fire_exp': 1.1633452995374232, 'P_half': 1265.0580856641704, 'pre_dampen_half': 0.7349519696695505, 'gpp_af': 21.94636142065287, 'gpp_b': 0.004411400434514031, 'gpp_d': 0.13688256550323696, 'ign_k': 0.17320535908244444, 'ign_c': 0.1611736893633666, 'trop_agb_crit': 1.8566494291193822, 'trop_k_veg': 2.520089655463604, 'fire_amp': 5.44779717154213}.
[I 2026-06-10 21:26:56,688] Trial 586 finished with values: [10.441053098850487, 10.441053098850487] and parameters: {'k1': 5.178197947282869e-05, 'D_low': 37.13474360443033, 'k2': 4.933751600448335e-05, 'D_high': 42.242359735170886, 'fire_exp': 1.6901885781909627, 'P_half': 9.580682294110435, 'pre_dampen_half': 1.8469033699850426, 'gpp_af': 1.9654778690222015, 'gpp_b': 0.05719024141066792, 'gpp_d': 20.81401325574021, 'ign_k': 0.17320535908244444, 'ign_c': 0.19623826481168347, 'trop_agb_crit': 21.086120736447015, 'trop_k_veg': 0.6363741063482814, 'fire_amp': 5.416595007374148}.
[I 2026-06-10 21:26:58,491] Trial 587 finished with values: [10.723005140441028, 10.723005140441028] and parameters: {'k1': 0.0001887567630782227, 'D_low': 1079.0778643024298, 'k2': 0.0011135501184757278, 'D_high': 42210.21267871043, 'fire_exp': 1.9136159174067866, 'P_half': 61.6097529474144, 'pre_dampen_half': 98.05638874011484, 'gpp_af': 1.7775411110039254, 'gpp_b': 1.8400604093141188, 'gpp_d': 0.7698760608299932, 'ign_k': 3.6309591863459096, 'ign_c': 1.1698039424426816, 'trop_agb_crit': 2.0527418919564324, 'trop_k_veg': 0.828441460847982, 'fire_amp': 4.2446263054164195}.
[I 2026-06-10 21:27:00,342] Trial 588 finished with values: [10.832981440370057, 10.832981440370057] and parameters: {'k1': 0.0012752949611679993, 'D_low': 1074.940539517341, 'k2': 1.1417577140741129e-05, 'D_high': 8440.303958079088, 'fire_exp': 4.0128099657681755, 'P_half': 61.6097529474144, 'pre_dampen_half': 4.603480758878793, 'gpp_af': 0.016306190741524337, 'gpp_b': 0.0004125336560355494, 'gpp_d': 0.7698760608299932, 'ign_k': 0.0029519227433917453, 'ign_c': 7.832259769732471, 'trop_agb_crit': 1.8023542850487386, 'trop_k_veg': 0.828441460847982, 'fire_amp': 1.2393473789150806}.
[I 2026-06-10 21:27:02,499] Trial 589 finished with values: [10.83163405200397, 10.83163405200397] and parameters: {'k1': 0.012840669372724958, 'D_low': 470.815979325019, 'k2': 0.0499774937030317, 'D_high': 27.55546207779663, 'fire_exp': 1.2918065501148304, 'P_half': 10.94496366796197, 'pre_dampen_half': 123.04779330083686, 'gpp_af': 20.12115544906385, 'gpp_b': 0.00047819318414852577, 'gpp_d': 20.81401325574021, 'ign_k': 0.02779045054796808, 'ign_c': 1.9423015749984096, 'trop_agb_crit': 24.199763404822136, 'trop_k_veg': 1.2749676887479542, 'fire_amp': 1.2393473789150806}.
[I 2026-06-10 21:27:04,308] Trial 590 finished with values: [10.437577338324374, 10.437577338324374] and parameters: {'k1': 0.00026539376439360527, 'D_low': 171.2446447678494, 'k2': 0.0011239682517242113, 'D_high': 8912.611835817017, 'fire_exp': 1.6901885781909627, 'P_half': 93.43302657318476, 'pre_dampen_half': 857.6556763881457, 'gpp_af': 3.298293484806585, 'gpp_b': 0.015062722325200045, 'gpp_d': 0.1423472425072452, 'ign_k': 0.17320535908244444, 'ign_c': 7.832259769732471, 'trop_agb_crit': 24.199763404822136, 'trop_k_veg': 0.6618107836658104, 'fire_amp': 2.6192385880432525}.
[I 2026-06-10 21:27:06,058] Trial 591 finished with values: [16.389276189136115, 16.389276189136115] and parameters: {'k1': 0.016973078532467004, 'D_low': 50.32059347286801, 'k2': 0.0010726091927327822, 'D_high': 2427.054417940131, 'fire_exp': 1.2918065501148304, 'P_half': 61.6097529474144, 'pre_dampen_half': 189.88136301569827, 'gpp_af': 1.2515601598062582, 'gpp_b': 0.0004125336560355494, 'gpp_d': 2.5450745565416026, 'ign_k': 0.0032383308053152635, 'ign_c': 0.1611736893633666, 'trop_agb_crit': 2.0527418919564324, 'trop_k_veg': 0.828441460847982, 'fire_amp': 1.2393473789150806}.
