[I 2026-08-06 10:40:21,685] Trial 1487 finished with values: [10.392395661527091, 10.392395661527091] and parameters: {'k1': 0.008912611835817005, 'D_low': 398.8451998135321, 'k2': 0.03538758864779238, 'D_high': 7540.749074574753, 'fire_exp': 1.1174086754605184, 'P_half': 220.3445560633069, 'pre_dampen_half': 502.5175192217655, 'gpp_af': 1.9706963379095486, 'gpp_b': 1.190268992068981e-05, 'gpp_d': 2.944272359149677, 'ign_k': 0.034517975056610736, 'ign_c': 15.221840161091626, 'trop_agb_crit': 1.0903028125370984, 'trop_k_veg': 3.1473758868965476}.
[I 2026-08-06 10:40:22,876] Trial 1488 finished with values: [-0.5687432904849958, 0.03372632641770201] and parameters: {'k1': 0.008912611835817005, 'D_low': 4.484744524732794, 'k2': 0.03538758864779238, 'D_high': 11832.967057468773, 'fire_exp': 1.1174086754605184, 'P_half': 5.076307782729897, 'pre_dampen_half': 63.6685916079943, 'gpp_af': 1.9706963379095486, 'gpp_b': 0.006906522645653115, 'gpp_d': 2.944272359149677, 'ign_k': 2.9818972317055166, 'ign_c': 15.221840161091626, 'trop_agb_crit': 19.3289574092866, 'trop_k_veg': 4.375785248100498}.
[I 2026-08-06 10:40:24,024] Trial 1489 finished with values: [-0.5721806833544958, 0.08033718101280662] and parameters: {'k1': 0.008912611835817005, 'D_low': 4.484744524732794, 'k2': 0.008433074972740243, 'D_high': 11832.967057468773, 'fire_exp': 1.1263716762638152, 'P_half': 220.3445560633069, 'pre_dampen_half': 502.5175192217655, 'gpp_af': 1.9706963379095486, 'gpp_b': 0.006906522645653115, 'gpp_d': 2.944272359149677, 'ign_k': 0.21006485619596416, 'ign_c': 15.221840161091626, 'trop_agb_crit': 1.0903028125370984, 'trop_k_veg': 1.9327677328474036}.
[I 2026-08-06 10:40:25,202] Trial 1490 finished with values: [10.03567143475531, 10.03567143475531] and parameters: {'k1': 0.004312951023617458, 'D_low': 355.00125258511594, 'k2': 0.03538758864779238, 'D_high': 37954.79274251299, 'fire_exp': 1.1263716762638152, 'P_half': 5.076307782729897, 'pre_dampen_half': 18.24405184504962, 'gpp_af': 4.4416173741744, 'gpp_b': 0.006906522645653115, 'gpp_d': 2.944272359149677, 'ign_k': 0.21006485619596416, 'ign_c': 5.13055176058983, 'trop_agb_crit': 19.3289574092866, 'trop_k_veg': 3.1473758868965476}.
[I 2026-08-06 10:40:26,349] Trial 1491 finished with values: [11.127165768994534, 11.127165768994534] and parameters: {'k1': 0.008912611835817005, 'D_low': 4.484744524732794, 'k2': 0.03708599987900911, 'D_high': 11936.92846763647, 'fire_exp': 1.0629462657398439, 'P_half': 220.3445560633069, 'pre_dampen_half': 502.5175192217655, 'gpp_af': 24.725776073156705, 'gpp_b': 0.0021331409710300844, 'gpp_d': 16.460426816350523, 'ign_k': 8.103949702339497, 'ign_c': 5.13055176058983, 'trop_agb_crit': 1.0455434848969813, 'trop_k_veg': 6.974666381674929}.
[I 2026-08-06 10:40:27,485] Trial 1492 finished with values: [-0.5904853669368011, 0.09533089543880047] and parameters: {'k1': 0.008912611835817005, 'D_low': 355.00125258511594, 'k2': 0.03538758864779238, 'D_high': 11832.967057468773, 'fire_exp': 1.0629462657398439, 'P_half': 5.076307782729897, 'pre_dampen_half': 552.4163637315892, 'gpp_af': 8.915632969317377, 'gpp_b': 0.0325181766809307, 'gpp_d': 2.944272359149677, 'ign_k': 0.0680787482656459, 'ign_c': 11.400863701127316, 'trop_agb_crit': 1.0903028125370984, 'trop_k_veg': 3.1473758868965476}.
[I 2026-08-06 10:40:28,675] Trial 1493 finished with values: [10.769230768838547, 10.769230768838547] and parameters: {'k1': 0.008912611835817005, 'D_low': 355.00125258511594, 'k2': 0.03538758864779238, 'D_high': 3712.591045287726, 'fire_exp': 1.051534186853412, 'P_half': 220.3445560633069, 'pre_dampen_half': 552.4163637315892, 'gpp_af': 1.0075238435809328, 'gpp_b': 0.006906522645653115, 'gpp_d': 2.944272359149677, 'ign_k': 3.589155871450839, 'ign_c': 94.2704683453396, 'trop_agb_crit': 24.584290528289387, 'trop_k_veg': 2.7863130345574474}.
[I 2026-08-06 10:40:29,815] Trial 1494 finished with values: [10.048330189461119, 10.048330189461119] and parameters: {'k1': 0.008912611835817005, 'D_low': 355.00125258511594, 'k2': 0.014344484793173472, 'D_high': 3712.591045287726, 'fire_exp': 1.1174086754605184, 'P_half': 5.076307782729897, 'pre_dampen_half': 63.6685916079943, 'gpp_af': 5.19955281143096, 'gpp_b': 0.010904263985901904, 'gpp_d': 2.944272359149677, 'ign_k': 0.21006485619596416, 'ign_c': 0.15580139572252563, 'trop_agb_crit': 1.0911298587990423, 'trop_k_veg': 3.1473758868965476}.
[I 2026-08-06 10:40:31,002] Trial 1495 finished with values: [10.718693814679824, 10.718693814679824] and parameters: {'k1': 0.008912611835817005, 'D_low': 355.00125258511594, 'k2': 0.0034388729064691384, 'D_high': 3712.591045287726, 'fire_exp': 1.3170256885255098, 'P_half': 5.076307782729897, 'pre_dampen_half': 552.4163637315892, 'gpp_af': 0.0022628776898795757, 'gpp_b': 0.0325181766809307, 'gpp_d': 2.944272359149677, 'ign_k': 0.21006485619596416, 'ign_c': 4.2425976091860935, 'trop_agb_crit': 1.0911298587990423, 'trop_k_veg': 4.167664671344212}.
[I 2026-08-06 10:40:32,220] Trial 1496 finished with values: [10.688267202269202, 10.688267202269202] and parameters: {'k1': 0.004312951023617458, 'D_low': 355.00125258511594, 'k2': 0.008433074972740243, 'D_high': 104.12771143213732, 'fire_exp': 1.051534186853412, 'P_half': 220.3445560633069, 'pre_dampen_half': 63.6685916079943, 'gpp_af': 4.4416173741744, 'gpp_b': 0.006906522645653115, 'gpp_d': 2.944272359149677, 'ign_k': 0.21006485619596416, 'ign_c': 5.13055176058983, 'trop_agb_crit': 1.0903028125370984, 'trop_k_veg': 4.5046583040732875}.
[I 2026-08-06 10:40:33,500] Trial 1497 finished with values: [-0.5755542361446183, 0.06667558971340282] and parameters: {'k1': 0.008912611835817005, 'D_low': 4.484744524732794, 'k2': 0.03708599987900911, 'D_high': 11936.92846763647, 'fire_exp': 1.0629462657398439, 'P_half': 5.076307782729897, 'pre_dampen_half': 63.6685916079943, 'gpp_af': 1.9706963379095486, 'gpp_b': 0.00012941394527265856, 'gpp_d': 2.944272359149677, 'ign_k': 2.9818972317055166, 'ign_c': 15.221840161091626, 'trop_agb_crit': 19.3289574092866, 'trop_k_veg': 0.6223839012428087}.
[I 2026-08-06 10:40:34,745] Trial 1498 finished with values: [10.450368347335754, 10.450368347335754] and parameters: {'k1': 0.008912611835817005, 'D_low': 355.00125258511594, 'k2': 0.014344484793173472, 'D_high': 3712.591045287726, 'fire_exp': 1.0629462657398439, 'P_half': 5.076307782729897, 'pre_dampen_half': 552.4163637315892, 'gpp_af': 1.9706963379095486, 'gpp_b': 0.0325181766809307, 'gpp_d': 2.944272359149677, 'ign_k': 0.21006485619596416, 'ign_c': 4.2425976091860935, 'trop_agb_crit': 1.0911298587990423, 'trop_k_veg': 4.167664671344212}.
[I 2026-08-06 10:40:35,978] Trial 1499 finished with values: [-0.5846009105867617, 0.09014320976907109] and parameters: {'k1': 0.008912611835817005, 'D_low': 355.00125258511594, 'k2': 0.0005128126758785009, 'D_high': 11832.967057468773, 'fire_exp': 1.1174086754605184, 'P_half': 5.076307782729897, 'pre_dampen_half': 63.6685916079943, 'gpp_af': 5.19955281143096, 'gpp_b': 0.0325181766809307, 'gpp_d': 2.944272359149677, 'ign_k': 2.9818972317055166, 'ign_c': 0.15580139572252563, 'trop_agb_crit': 1.0903028125370984, 'trop_k_veg': 3.1473758868965476}.
[setup] CRUJRA climate from data/crujra/, GPP from global_baseline_modelC_inputs_1997-2016.nc ...
[setup] loading GFED5 reference from burntArea.nc ...
[setup] land cells (GFED5 burnable): 13916 / 64800 (21.5%)
[setup] GFED5 land-mean monthly frac: 0.005068
[opt] REGION=Boreal: fitting 2602 land cells only
[opt] warm-start from params.nsga2.json
[warm] Overall=0.4796  bias=0.7805 rmse=0.3403 seas=0.6447 spatial=0.2922
[opt] sampler=NSGAIISampler seed=42
[opt] running 1500 trials against GFED5 ...
  trial   16/1500  pareto_size=1  best_ilamb=0.4796  (0.3 min)
  trial   32/1500  pareto_size=1  best_ilamb=0.5272  (0.7 min)
  trial   49/1500  pareto_size=1  best_ilamb=0.5272  (1.0 min)
  trial   66/1500  pareto_size=1  best_ilamb=0.5272  (1.4 min)
  trial   83/1500  pareto_size=1  best_ilamb=0.5272  (1.7 min)
  trial  100/1500  pareto_size=1  best_ilamb=0.5272  (2.1 min)
  trial  117/1500  pareto_size=1  best_ilamb=0.5516  (2.4 min)
  trial  133/1500  pareto_size=1  best_ilamb=0.5516  (2.8 min)
  trial  150/1500  pareto_size=1  best_ilamb=0.5516  (3.1 min)
  trial  167/1500  pareto_size=1  best_ilamb=0.5516  (3.4 min)
  trial  185/1500  pareto_size=1  best_ilamb=0.5516  (3.8 min)
  trial  202/1500  pareto_size=1  best_ilamb=0.5516  (4.1 min)
  trial  220/1500  pareto_size=1  best_ilamb=0.5516  (4.5 min)
  trial  237/1500  pareto_size=1  best_ilamb=0.5516  (4.8 min)
  trial  253/1500  pareto_size=1  best_ilamb=0.5516  (5.1 min)
  trial  271/1500  pareto_size=1  best_ilamb=0.5516  (5.5 min)
  trial  289/1500  pareto_size=1  best_ilamb=0.5516  (5.8 min)
  trial  307/1500  pareto_size=1  best_ilamb=0.5516  (6.2 min)
  trial  325/1500  pareto_size=3  best_ilamb=0.5516  (6.5 min)
  trial  343/1500  pareto_size=3  best_ilamb=0.5516  (6.9 min)
  trial  361/1500  pareto_size=3  best_ilamb=0.5516  (7.2 min)
  trial  379/1500  pareto_size=3  best_ilamb=0.5516  (7.6 min)
  trial  397/1500  pareto_size=3  best_ilamb=0.5516  (7.9 min)
  trial  415/1500  pareto_size=3  best_ilamb=0.5516  (8.3 min)
  trial  433/1500  pareto_size=1  best_ilamb=0.5719  (8.6 min)
  trial  450/1500  pareto_size=1  best_ilamb=0.5719  (9.0 min)
  trial  467/1500  pareto_size=1  best_ilamb=0.5719  (9.3 min)
  trial  485/1500  pareto_size=1  best_ilamb=0.5719  (9.7 min)
  trial  502/1500  pareto_size=1  best_ilamb=0.5719  (10.0 min)
  trial  519/1500  pareto_size=1  best_ilamb=0.5719  (10.4 min)
  trial  537/1500  pareto_size=1  best_ilamb=0.5719  (10.7 min)
  trial  555/1500  pareto_size=2  best_ilamb=0.5719  (11.1 min)
  trial  573/1500  pareto_size=2  best_ilamb=0.5719  (11.4 min)
  trial  590/1500  pareto_size=2  best_ilamb=0.5719  (11.8 min)
  trial  607/1500  pareto_size=2  best_ilamb=0.5719  (12.1 min)
  trial  624/1500  pareto_size=2  best_ilamb=0.5719  (12.4 min)
  trial  641/1500  pareto_size=3  best_ilamb=0.5735  (12.8 min)
  trial  659/1500  pareto_size=3  best_ilamb=0.5735  (13.1 min)
  trial  676/1500  pareto_size=3  best_ilamb=0.5735  (13.5 min)
  trial  693/1500  pareto_size=3  best_ilamb=0.5735  (13.8 min)
  trial  710/1500  pareto_size=3  best_ilamb=0.5735  (14.2 min)
  trial  726/1500  pareto_size=4  best_ilamb=0.5735  (14.5 min)
  trial  743/1500  pareto_size=4  best_ilamb=0.5735  (14.9 min)
  trial  760/1500  pareto_size=4  best_ilamb=0.5735  (15.2 min)
  trial  778/1500  pareto_size=4  best_ilamb=0.5735  (15.6 min)
  trial  795/1500  pareto_size=4  best_ilamb=0.5735  (15.9 min)
  trial  810/1500  pareto_size=4  best_ilamb=0.5735  (16.2 min)
  trial  825/1500  pareto_size=4  best_ilamb=0.5735  (16.6 min)
  trial  841/1500  pareto_size=5  best_ilamb=0.5735  (16.9 min)
  trial  857/1500  pareto_size=5  best_ilamb=0.5735  (17.3 min)
  trial  873/1500  pareto_size=5  best_ilamb=0.5735  (17.6 min)
  trial  890/1500  pareto_size=6  best_ilamb=0.5735  (18.0 min)
  trial  907/1500  pareto_size=8  best_ilamb=0.5919  (18.3 min)
  trial  924/1500  pareto_size=8  best_ilamb=0.5919  (18.7 min)
  trial  940/1500  pareto_size=4  best_ilamb=0.5919  (19.1 min)
  trial  955/1500  pareto_size=4  best_ilamb=0.5919  (19.4 min)
  trial  970/1500  pareto_size=4  best_ilamb=0.5923  (19.7 min)
  trial  989/1500  pareto_size=4  best_ilamb=0.5923  (20.1 min)
  trial 1008/1500  pareto_size=4  best_ilamb=0.5923  (20.4 min)
  trial 1027/1500  pareto_size=5  best_ilamb=0.5923  (20.8 min)
  trial 1046/1500  pareto_size=6  best_ilamb=0.5923  (21.1 min)
  trial 1065/1500  pareto_size=6  best_ilamb=0.5923  (21.5 min)
  trial 1084/1500  pareto_size=6  best_ilamb=0.5923  (21.8 min)
  trial 1103/1500  pareto_size=6  best_ilamb=0.5923  (22.2 min)
  trial 1122/1500  pareto_size=6  best_ilamb=0.5923  (22.5 min)
  trial 1141/1500  pareto_size=6  best_ilamb=0.5923  (22.9 min)
  trial 1160/1500  pareto_size=6  best_ilamb=0.5923  (23.3 min)
  trial 1179/1500  pareto_size=5  best_ilamb=0.5923  (23.6 min)
  trial 1198/1500  pareto_size=5  best_ilamb=0.5923  (24.0 min)
  trial 1216/1500  pareto_size=6  best_ilamb=0.5923  (24.3 min)
  trial 1234/1500  pareto_size=7  best_ilamb=0.5923  (24.7 min)
  trial 1250/1500  pareto_size=7  best_ilamb=0.5923  (25.0 min)
  trial 1267/1500  pareto_size=9  best_ilamb=0.5923  (25.4 min)
  trial 1285/1500  pareto_size=9  best_ilamb=0.5923  (25.7 min)
  trial 1303/1500  pareto_size=7  best_ilamb=0.5923  (26.0 min)
  trial 1321/1500  pareto_size=8  best_ilamb=0.5923  (26.4 min)
  trial 1339/1500  pareto_size=9  best_ilamb=0.5923  (26.7 min)
  trial 1357/1500  pareto_size=10  best_ilamb=0.5923  (27.1 min)
  trial 1376/1500  pareto_size=11  best_ilamb=0.5923  (27.4 min)
  trial 1394/1500  pareto_size=8  best_ilamb=0.5970  (27.8 min)
  trial 1412/1500  pareto_size=9  best_ilamb=0.5970  (28.1 min)
  trial 1430/1500  pareto_size=9  best_ilamb=0.5970  (28.5 min)
  trial 1448/1500  pareto_size=9  best_ilamb=0.5970  (28.8 min)
  trial 1466/1500  pareto_size=9  best_ilamb=0.5970  (29.2 min)
  trial 1483/1500  pareto_size=10  best_ilamb=0.5970  (29.5 min)
  trial 1500/1500  pareto_size=10  best_ilamb=0.5970  (29.9 min)

[done] 1500 trials in 29.9 min
[pareto] 10 non-dominated trials, 10 with fp_score >= 0.8
[chosen] trial 1384: ILAMB=0.5970  fp_score=0.9377  ratio=1.03
[best] Bias=0.7879  RMSE=0.3544  Seas=0.7734  Spatial=0.7151  Overall=0.5970
[diag] raw rate land-mean (yr^-1): 0.06128  (target ~ 0.06082)
[write] D:\FIRE_OFFLINE\models\C\params.Gtrop_Boreal.json
[write] D:\FIRE_OFFLINE\ilamb\MODELS\ED-ModelC-final\burntArea.Gtrop_Boreal.nc  (14.5 MB)

[FIX2] dumping top-5 Pareto candidates -> D:\FIRE_OFFLINE\ilamb\MODELS_TOPK_Gtrop_Boreal
  k1: trial 1384  internal_overall=0.5970  taylor=0.0000  sigma=0.000  fp=0.938  ratio=1.03  amp=1.00
  k2: trial 1471  internal_overall=0.5888  taylor=0.0000  sigma=0.000  fp=0.938  ratio=0.99  amp=1.00
  k3: trial 1285  internal_overall=0.5866  taylor=0.0000  sigma=0.000  fp=0.959  ratio=0.87  amp=1.00
  k4: trial 1362  internal_overall=0.5763  taylor=0.0000  sigma=0.000  fp=0.964  ratio=0.84  amp=1.00
  k5: trial 1455  internal_overall=0.5713  taylor=0.0000  sigma=0.000  fp=0.967  ratio=0.81  amp=1.00
[FIX2] manifest -> D:\FIRE_OFFLINE\models\C\topk.Gtrop_Boreal.json
[FIX2] re-score all candidates with official ILAMB (CLAUDE.md recipe; clean ._* first), e.g. --model_root "$PWD/ilamb/MODELS_TOPK_Gtrop_Boreal"
[FIX2] promote the candidate with the best OFFICIAL Overall, NOT the internal one.
=== done Boreal  10:41:00 ===
=== S.America  (tag=Gtrop_SAmerica, N_TRIALS=1500)  10:41:01 ===
[I 2026-08-06 10:41:13,744] A new study created in memory with name: no-name-d6778ee8-b125-4453-9ec9-88acad188590
[I 2026-08-06 10:41:15,961] Trial 0 finished with values: [11.13922002557344, 11.13922002557344] and parameters: {'k1': 0.03635503353478365, 'D_low': 70.18267183720735, 'k2': 0.012758211164590085, 'D_high': 2940.51756322311, 'fire_exp': 1.165368636520435, 'P_half': 12.808863354047988, 'pre_dampen_half': 107.40052367919465, 'gpp_af': 0.1476584299248268, 'gpp_b': 0.0005752434266899163, 'gpp_d': 660.9129108295722, 'ign_k': 8.708806168038567, 'ign_c': 20.03995359361212, 'trop_agb_crit': 3.5747129226002423, 'trop_k_veg': 6.9782110227926815}.
[I 2026-08-06 10:41:18,035] Trial 1 finished with values: [10.625231520544844, 10.625231520544844] and parameters: {'k1': 0.008471801418819975, 'D_low': 248.10409748678117, 'k2': 4.207988669606632e-05, 'D_high': 42.070539502879384, 'fire_exp': 1.1430983876313219, 'P_half': 2915.443189153754, 'pre_dampen_half': 10.129197956845726, 'gpp_af': 3.4702669886504163, 'gpp_b': 1.3289448722869181e-05, 'gpp_d': 707.2114131472224, 'ign_k': 2.1368329072358767, 'ign_c': 0.70689749506246, 'trop_agb_crit': 1.8559980846490576, 'trop_k_veg': 0.83140195149031}.
[I 2026-08-06 10:41:20,034] Trial 2 finished with values: [10.769214369936483, 10.769214369936483] and parameters: {'k1': 0.00016480446427978953, 'D_low': 125.61043700013555, 'k2': 0.0005342937261279777, 'D_high': 146.1896279370497, 'fire_exp': 4.091220574443785, 'P_half': 3.6138942712165267, 'pre_dampen_half': 0.2888838362365318, 'gpp_af': 0.06789053271698488, 'gpp_b': 0.0054502936945582505, 'gpp_d': 84.31013932082456, 'ign_k': 0.006290644294586149, 'ign_c': 11.400863701127316, 'trop_agb_crit': 7.500118950416987, 'trop_k_veg': 0.5687244174086067}.
[I 2026-08-06 10:41:22,162] Trial 3 finished with values: [10.769230768877819, 10.769230768877819] and parameters: {'k1': 0.0026926469100861782, 'D_low': 4.809461967501573, 'k2': 1.8205657658407255e-05, 'D_high': 62451.395747430804, 'fire_exp': 9.23915031962725, 'P_half': 1712.3375973163984, 'pre_dampen_half': 0.3334792728637583, 'gpp_af': 0.0030786517836196197, 'gpp_b': 0.12746711578215045, 'gpp_d': 1.587678152692399, 'ign_k': 0.003077180271250686, 'ign_c': 9.565499215943817, 'trop_agb_crit': 1.1240768803005543, 'trop_k_veg': 6.221582596639011}.
[I 2026-08-06 10:41:24,426] Trial 4 finished with values: [10.769230768877819, 10.769230768877819] and parameters: {'k1': 0.00010842262717330161, 'D_low': 446.77528179739056, 'k2': 0.00017654048052495074, 'D_high': 1203.0178871154671, 'fire_exp': 3.521358805467868, 'P_half': 5.488047000766042, 'pre_dampen_half': 704.5683638454491, 'gpp_af': 7.510418138777549, 'gpp_b': 4.33504539277513, 'gpp_d': 297.94544625913585, 'ign_k': 0.24637685958997463, 'ign_c': 486.9640941520893, 'trop_agb_crit': 1.3511829476450818, 'trop_k_veg': 0.8609082809111277}.
[I 2026-08-06 10:41:26,744] Trial 5 finished with values: [10.769230768877819, 10.769230768877819] and parameters: {'k1': 1.5167330688076188e-05, 'D_low': 20.013420622879977, 'k2': 0.00035868164986275477, 'D_high': 121.72958098369969, 'fire_exp': 6.741204610702761, 'P_half': 26.7308831078167, 'pre_dampen_half': 0.2539057572102413, 'gpp_af': 0.5169879442298543, 'gpp_b': 7.007213496896404e-05, 'gpp_d': 102.56162748473065, 'ign_k': 0.0019870215385428634, 'ign_c': 886.2326508576241, 'trop_agb_crit': 13.826083091896752, 'trop_k_veg': 0.8674561439130763}.
[I 2026-08-06 10:41:29,729] Trial 6 finished with values: [10.769230768877819, 10.769230768877819] and parameters: {'k1': 1.0521761868451132e-05, 'D_low': 1827.4508859816024, 'k2': 0.00672093005015611, 'D_high': 8241.92526487646, 'fire_exp': 5.905685925060636, 'P_half': 1.9777828512462716, 'pre_dampen_half': 0.6199100007802261, 'gpp_af': 0.0037961668958008117, 'gpp_b': 1.5087613675681661, 'gpp_d': 13.076473382928533, 'ign_k': 0.021066486017042207, 'ign_c': 0.17956984225677627, 'trop_agb_crit': 2.879775265707033, 'trop_k_veg': 1.2317703342786168}.
[I 2026-08-06 10:41:32,032] Trial 7 finished with values: [10.642965955170638, 10.642965955170638] and parameters: {'k1': 0.008287522363768155, 'D_low': 355.00125258511594, 'k2': 0.03538758864779238, 'D_high': 774.2116473996249, 'fire_exp': 1.3170256885255098, 'P_half': 712.8188058401365, 'pre_dampen_half': 63.6685916079943, 'gpp_af': 0.6403036652671171, 'gpp_b': 0.42247700890263645, 'gpp_d': 2.944272359149677, 'ign_k': 0.12329098365270515, 'ign_c': 5.13055176058983, 'trop_agb_crit': 1.0903028125370984, 'trop_k_veg': 0.6743482387129308}.
[I 2026-08-06 10:41:34,193] Trial 8 finished with values: [10.769230768877819, 10.769230768877819] and parameters: {'k1': 1.3357240411974104e-05, 'D_low': 351.2704726270846, 'k2': 0.00018089390092767128, 'D_high': 1082.1382910613988, 'fire_exp': 8.082886378162032, 'P_half': 9.935023909063686, 'pre_dampen_half': 1.1269758643814651, 'gpp_af': 5.994537656798815, 'gpp_b': 0.00023593316458046316, 'gpp_d': 0.024260488932164474, 'ign_k': 0.014421346497969485, 'ign_c': 0.44145368764944787, 'trop_agb_crit': 23.619797107806516, 'trop_k_veg': 4.699416114458772}.
[I 2026-08-06 10:41:36,287] Trial 9 finished with values: [10.769230768877819, 10.769230768877819] and parameters: {'k1': 0.0034167643418329683, 'D_low': 3060.8522106722494, 'k2': 0.016394127471631596, 'D_high': 55.75453980775374, 'fire_exp': 7.8083450855424115, 'P_half': 143.67095138664226, 'pre_dampen_half': 108.94336258132203, 'gpp_af': 30.231277487962974, 'gpp_b': 0.000809134743599756, 'gpp_d': 0.03550255612313078, 'ign_k': 0.008160948743089917, 'ign_c': 5.11012065649716, 'trop_agb_crit': 16.155001304356414, 'trop_k_veg': 5.437420238162096}.
[I 2026-08-06 10:41:38,348] Trial 10 finished with values: [10.769230768877819, 10.769230768877819] and parameters: {'k1': 1.0661259689433896e-05, 'D_low': 110.40511903162249, 'k2': 0.0004673518999562748, 'D_high': 77.34482156646791, 'fire_exp': 1.317848138124919, 'P_half': 22.41097161910951, 'pre_dampen_half': 518.2609891091987, 'gpp_af': 0.04130614451133169, 'gpp_b': 0.012964140540905063, 'gpp_d': 32.741215209888836, 'ign_k': 0.02847858516856297, 'ign_c': 771.13129913311, 'trop_agb_crit': 26.402883285404346, 'trop_k_veg': 1.0049538030148353}.
[I 2026-08-06 10:41:40,638] Trial 11 finished with values: [10.769230768877819, 10.769230768877819] and parameters: {'k1': 0.0009749762207436118, 'D_low': 15.977662354833871, 'k2': 0.00013783578294796384, 'D_high': 14.0458423440247, 'fire_exp': 4.069718158955968, 'P_half': 102.49816559563212, 'pre_dampen_half': 0.018088133565708247, 'gpp_af': 0.024730467210999134, 'gpp_b': 2.8157579294311725, 'gpp_d': 0.15769192447197522, 'ign_k': 0.003798214508453258, 'ign_c': 9.074256288983854, 'trop_agb_crit': 28.570986468059534, 'trop_k_veg': 0.978213368435106}.
[I 2026-08-06 10:41:42,624] Trial 12 finished with values: [10.754267965975226, 10.754267965975226] and parameters: {'k1': 0.00488137519160367, 'D_low': 1112.9571947046009, 'k2': 8.923807143379776e-05, 'D_high': 8182.111518618414, 'fire_exp': 2.332293128354265, 'P_half': 338.23872019362165, 'pre_dampen_half': 14.711215379121963, 'gpp_af': 0.47739011308437823, 'gpp_b': 3.481277316673104e-05, 'gpp_d': 150.14555442537656, 'ign_k': 0.019192001101561888, 'ign_c': 0.557280750002996, 'trop_agb_crit': 1.14876138417489, 'trop_k_veg': 2.573214588078609}.
