[I 2026-06-10 22:40:54,217] Trial 746 finished with values: [10.006917844133998, 10.006917844133998] and parameters: {'k1': 0.08006837661379566, 'D_low': 1.4002277211577039, 'k2': 0.020149789847008874, 'D_high': 949.9072859745386, 'fire_exp': 1.2732983562135975, 'P_half': 882.2833027501578, 'pre_dampen_half': 81.30934046917365, 'gpp_af': 27.78052183438328, 'gpp_b': 2.800940363375676e-05, 'gpp_d': 47.35384181058586, 'ign_k': 0.002357279455676982, 'ign_c': 7.081721844034206, 'trop_agb_crit': 1.0189592979395135, 'trop_k_veg': 4.796046723963646, 'fire_amp': 4.19233232783727}.
[I 2026-06-10 22:40:55,862] Trial 747 finished with values: [10.08072260610673, 10.08072260610673] and parameters: {'k1': 0.00031134168041628584, 'D_low': 146.24004590125713, 'k2': 0.003767022142229395, 'D_high': 431.45617043093523, 'fire_exp': 1.0601964743503993, 'P_half': 1265.0580856641704, 'pre_dampen_half': 189.36639872354493, 'gpp_af': 0.41874665092828456, 'gpp_b': 1.4540386644083135e-05, 'gpp_d': 46.010874324515754, 'ign_k': 0.00840038491455979, 'ign_c': 0.4177928311636542, 'trop_agb_crit': 1.0693376406863295, 'trop_k_veg': 0.6673124511410327, 'fire_amp': 5.831305332032283}.
[I 2026-06-10 22:40:57,222] Trial 748 finished with values: [10.354816109934868, 10.354816109934868] and parameters: {'k1': 0.00031134168041628584, 'D_low': 1.4002277211577039, 'k2': 0.0012030178871154666, 'D_high': 27.55546207779663, 'fire_exp': 1.1633452995374232, 'P_half': 51.10120656497163, 'pre_dampen_half': 98.05638874011484, 'gpp_af': 3.4972243108738175, 'gpp_b': 0.004411400434514031, 'gpp_d': 1.0088237648985734, 'ign_k': 0.09256855841989636, 'ign_c': 0.7619822175388142, 'trop_agb_crit': 4.902399583903479, 'trop_k_veg': 0.6488368931910606, 'fire_amp': 4.1162797330133705}.
[I 2026-06-10 22:40:58,659] Trial 749 finished with values: [-0.5709553271801546, 0.2623608726305928] and parameters: {'k1': 0.006079905434073396, 'D_low': 1.4002277211577039, 'k2': 0.0007731571570012607, 'D_high': 949.9072859745386, 'fire_exp': 1.1633452995374232, 'P_half': 157.3644610977214, 'pre_dampen_half': 189.36639872354493, 'gpp_af': 37.28155624293858, 'gpp_b': 0.004411400434514031, 'gpp_d': 7.631016235941559, 'ign_k': 1.6270983114897255, 'ign_c': 7.832259769732471, 'trop_agb_crit': 1.8566494291193822, 'trop_k_veg': 6.825463866194253, 'fire_amp': 2.6192385880432525}.
[I 2026-06-10 22:41:00,309] Trial 750 finished with values: [10.765705932893512, 10.765705932893512] and parameters: {'k1': 0.0032360993995751053, 'D_low': 1.4002277211577039, 'k2': 0.0012030178871154666, 'D_high': 27.55546207779663, 'fire_exp': 1.1633452995374232, 'P_half': 51.10120656497163, 'pre_dampen_half': 0.015163585438685893, 'gpp_af': 0.41874665092828456, 'gpp_b': 0.00012118589392553798, 'gpp_d': 46.010874324515754, 'ign_k': 7.252283715822169, 'ign_c': 1.6312233285809252, 'trop_agb_crit': 2.447085645036977, 'trop_k_veg': 5.636143940068465, 'fire_amp': 5.831305332032283}.
[I 2026-06-10 22:41:01,613] Trial 751 finished with values: [10.245414121134422, 10.245414121134422] and parameters: {'k1': 0.00023134781612225627, 'D_low': 1.7551403048208316, 'k2': 0.019383858782150494, 'D_high': 42210.21267871043, 'fire_exp': 1.0601964743503993, 'P_half': 1265.0580856641704, 'pre_dampen_half': 269.0845367054866, 'gpp_af': 0.8057329182285734, 'gpp_b': 0.00031478066835753096, 'gpp_d': 1.4397852866783676, 'ign_k': 0.17320535908244444, 'ign_c': 7.081721844034206, 'trop_agb_crit': 12.647327018493208, 'trop_k_veg': 4.0068236274914755, 'fire_amp': 1.9065166209115891}.
[I 2026-06-10 22:41:03,031] Trial 752 finished with values: [10.795470748966203, 10.795470748966203] and parameters: {'k1': 0.0869690639641868, 'D_low': 146.28013120517718, 'k2': 0.0012030178871154666, 'D_high': 20103.283734409175, 'fire_exp': 5.117531439790398, 'P_half': 51.10120656497163, 'pre_dampen_half': 1.4510220269654117, 'gpp_af': 0.41874665092828456, 'gpp_b': 0.004411400434514031, 'gpp_d': 0.47379914349407487, 'ign_k': 0.09256855841989636, 'ign_c': 0.10435856341129002, 'trop_agb_crit': 4.902399583903479, 'trop_k_veg': 1.600928934389327, 'fire_amp': 5.615047466686494}.
[I 2026-06-10 22:41:04,339] Trial 753 finished with values: [10.466329126747642, 10.466329126747642] and parameters: {'k1': 0.0009255037589041178, 'D_low': 171.2446447678494, 'k2': 0.0012030178871154666, 'D_high': 35.136541394511, 'fire_exp': 1.0601964743503993, 'P_half': 1265.0580856641704, 'pre_dampen_half': 189.36639872354493, 'gpp_af': 0.41874665092828456, 'gpp_b': 1.4540386644083135e-05, 'gpp_d': 0.03927259340973166, 'ign_k': 0.8945150807271531, 'ign_c': 0.4177928311636542, 'trop_agb_crit': 1.0693376406863295, 'trop_k_veg': 5.636143940068465, 'fire_amp': 5.831305332032283}.
[I 2026-06-10 22:41:05,762] Trial 754 finished with values: [10.315109429844405, 10.315109429844405] and parameters: {'k1': 0.006079905434073396, 'D_low': 43.2326421037033, 'k2': 0.0007731571570012607, 'D_high': 27.55546207779663, 'fire_exp': 1.2732983562135975, 'P_half': 157.3644610977214, 'pre_dampen_half': 123.04779330083686, 'gpp_af': 0.41874665092828456, 'gpp_b': 0.00047819318414852577, 'gpp_d': 7.631016235941559, 'ign_k': 0.09256855841989636, 'ign_c': 7.832259769732471, 'trop_agb_crit': 1.8566494291193822, 'trop_k_veg': 6.825463866194253, 'fire_amp': 5.416595007374148}.
[I 2026-06-10 22:41:07,516] Trial 755 finished with values: [10.793653064399132, 10.793653064399132] and parameters: {'k1': 0.0032360993995751053, 'D_low': 1.4002277211577039, 'k2': 4.933751600448335e-05, 'D_high': 949.9072859745386, 'fire_exp': 1.2732983562135975, 'P_half': 1265.0580856641704, 'pre_dampen_half': 0.02742923743141574, 'gpp_af': 48.393732009256986, 'gpp_b': 1.4540386644083135e-05, 'gpp_d': 0.4742269251269962, 'ign_k': 0.16413793406858565, 'ign_c': 0.4177928311636542, 'trop_agb_crit': 1.0693376406863295, 'trop_k_veg': 5.636143940068465, 'fire_amp': 5.831305332032283}.
[I 2026-06-10 22:41:08,919] Trial 756 finished with values: [-0.5291541485932858, 0.18585074924118106] and parameters: {'k1': 0.006079905434073396, 'D_low': 43.2326421037033, 'k2': 4.933751600448335e-05, 'D_high': 27.55546207779663, 'fire_exp': 1.2732983562135975, 'P_half': 157.3644610977214, 'pre_dampen_half': 350.88322284755304, 'gpp_af': 0.09885838682552685, 'gpp_b': 0.00047819318414852577, 'gpp_d': 0.4316838564848064, 'ign_k': 1.6270983114897255, 'ign_c': 16.497426799845446, 'trop_agb_crit': 8.188098178380693, 'trop_k_veg': 0.6108091740265464, 'fire_amp': 1.5719333351012774}.
[I 2026-06-10 22:41:10,223] Trial 757 finished with values: [10.028947984996996, 10.028947984996996] and parameters: {'k1': 0.0869690639641868, 'D_low': 3266.346436894069, 'k2': 1.1417577140741129e-05, 'D_high': 431.45617043093523, 'fire_exp': 1.0601964743503993, 'P_half': 5.4712187293420325, 'pre_dampen_half': 350.88322284755304, 'gpp_af': 2.5184956910855436, 'gpp_b': 0.004411400434514031, 'gpp_d': 0.4316838564848064, 'ign_k': 0.46813761934505577, 'ign_c': 0.5232779509048977, 'trop_agb_crit': 15.605813459825825, 'trop_k_veg': 6.825463866194253, 'fire_amp': 1.5719333351012774}.
[I 2026-06-10 22:41:11,560] Trial 758 finished with values: [10.547795096124084, 10.547795096124084] and parameters: {'k1': 0.0032360993995751053, 'D_low': 43.2326421037033, 'k2': 0.0012030178871154666, 'D_high': 949.9072859745386, 'fire_exp': 1.0601964743503993, 'P_half': 1265.0580856641704, 'pre_dampen_half': 98.05638874011484, 'gpp_af': 1.3954498518315706, 'gpp_b': 0.0006809980431188124, 'gpp_d': 7.631016235941559, 'ign_k': 0.8945150807271531, 'ign_c': 0.4177928311636542, 'trop_agb_crit': 1.0693376406863295, 'trop_k_veg': 1.5030844497004798, 'fire_amp': 5.831305332032283}.
[I 2026-06-10 22:41:13,050] Trial 759 finished with values: [13.654924548358288, 13.654924548358288] and parameters: {'k1': 0.0032360993995751053, 'D_low': 171.2446447678494, 'k2': 0.0012030178871154666, 'D_high': 42210.21267871043, 'fire_exp': 1.1633452995374232, 'P_half': 61.49080265244801, 'pre_dampen_half': 269.0845367054866, 'gpp_af': 0.41874665092828456, 'gpp_b': 2.176805640408474e-05, 'gpp_d': 10.068659791784794, 'ign_k': 0.13500744867919376, 'ign_c': 0.4177928311636542, 'trop_agb_crit': 12.647327018493208, 'trop_k_veg': 5.636143940068465, 'fire_amp': 1.1202509284327942}.
[I 2026-06-10 22:41:14,604] Trial 760 finished with values: [-0.5164199573416782, 0.3076049037244962] and parameters: {'k1': 0.006079905434073396, 'D_low': 12.105387404469584, 'k2': 1.1417577140741129e-05, 'D_high': 48235.58283024493, 'fire_exp': 1.2732983562135975, 'P_half': 1.4551749476072258, 'pre_dampen_half': 37.40930273158252, 'gpp_af': 0.41874665092828456, 'gpp_b': 0.004411400434514031, 'gpp_d': 0.4742269251269962, 'ign_k': 0.17320535908244444, 'ign_c': 16.497426799845446, 'trop_agb_crit': 1.0189592979395135, 'trop_k_veg': 2.1406449943451844, 'fire_amp': 2.5192808848916854}.
[I 2026-06-10 22:41:16,420] Trial 761 finished with values: [16.631391612384675, 16.631391612384675] and parameters: {'k1': 0.006079905434073396, 'D_low': 171.2446447678494, 'k2': 0.00024195799118138832, 'D_high': 44974.07193749848, 'fire_exp': 1.3807440352456883, 'P_half': 101.40635645866499, 'pre_dampen_half': 98.05638874011484, 'gpp_af': 0.41874665092828456, 'gpp_b': 1.4540386644083135e-05, 'gpp_d': 12.151631524283598, 'ign_k': 1.636529060071807, 'ign_c': 0.7619822175388142, 'trop_agb_crit': 1.0693376406863295, 'trop_k_veg': 6.397764520599931, 'fire_amp': 2.436198972102523}.
[I 2026-06-10 22:41:17,702] Trial 762 finished with values: [24.08058030094798, 24.08058030094798] and parameters: {'k1': 0.09303193611755875, 'D_low': 1.4002277211577039, 'k2': 0.00024195799118138832, 'D_high': 8440.303958079088, 'fire_exp': 1.3807440352456883, 'P_half': 51.10120656497163, 'pre_dampen_half': 180.76934679960573, 'gpp_af': 1.3954498518315706, 'gpp_b': 0.00012118589392553798, 'gpp_d': 29.9035514860849, 'ign_k': 7.252283715822169, 'ign_c': 7.832259769732471, 'trop_agb_crit': 2.0323350754982386, 'trop_k_veg': 1.600928934389327, 'fire_amp': 5.831305332032283}.
[I 2026-06-10 22:41:18,996] Trial 763 finished with values: [14.769305840487057, 14.769305840487057] and parameters: {'k1': 0.0869690639641868, 'D_low': 1.4002277211577039, 'k2': 4.933751600448335e-05, 'D_high': 48235.58283024493, 'fire_exp': 1.1633452995374232, 'P_half': 1.4551749476072258, 'pre_dampen_half': 37.40930273158252, 'gpp_af': 37.28155624293858, 'gpp_b': 0.004411400434514031, 'gpp_d': 7.631016235941559, 'ign_k': 0.17320535908244444, 'ign_c': 7.832259769732471, 'trop_agb_crit': 1.0189592979395135, 'trop_k_veg': 6.825463866194253, 'fire_amp': 2.6192385880432525}.
[I 2026-06-10 22:41:20,323] Trial 764 finished with values: [10.671259896057622, 10.671259896057622] and parameters: {'k1': 0.0001887567630782227, 'D_low': 50.32059347286801, 'k2': 0.0010726091927327822, 'D_high': 431.45617043093523, 'fire_exp': 1.9136159174067866, 'P_half': 4.213183643253957, 'pre_dampen_half': 30.456909077772018, 'gpp_af': 1.9654778690222015, 'gpp_b': 0.00047819318414852577, 'gpp_d': 47.35384181058586, 'ign_k': 5.276924233362289, 'ign_c': 1.3431925993528124, 'trop_agb_crit': 1.0189592979395135, 'trop_k_veg': 0.6673124511410327, 'fire_amp': 2.6192385880432525}.
[I 2026-06-10 22:41:21,798] Trial 765 finished with values: [-0.5222544203959912, 0.026988638500407114] and parameters: {'k1': 0.0869690639641868, 'D_low': 12.105387404469584, 'k2': 0.0007731571570012607, 'D_high': 431.45617043093523, 'fire_exp': 1.0601964743503993, 'P_half': 157.3644610977214, 'pre_dampen_half': 189.36639872354493, 'gpp_af': 0.09885838682552685, 'gpp_b': 0.004411400434514031, 'gpp_d': 7.631016235941559, 'ign_k': 0.17320535908244444, 'ign_c': 0.29205563600251844, 'trop_agb_crit': 1.8566494291193822, 'trop_k_veg': 6.825463866194253, 'fire_amp': 1.4475279918261055}.
[I 2026-06-10 22:41:23,403] Trial 766 finished with values: [15.902726180050307, 15.902726180050307] and parameters: {'k1': 0.0869690639641868, 'D_low': 12.105387404469584, 'k2': 0.0010726091927327822, 'D_high': 18701.140647651915, 'fire_exp': 1.0601964743503993, 'P_half': 5.4712187293420325, 'pre_dampen_half': 121.93011993958949, 'gpp_af': 1.9654778690222015, 'gpp_b': 0.00047819318414852577, 'gpp_d': 594.7389794988394, 'ign_k': 0.17320535908244444, 'ign_c': 0.7619822175388142, 'trop_agb_crit': 1.8566494291193822, 'trop_k_veg': 6.825463866194253, 'fire_amp': 1.4475279918261055}.
[I 2026-06-10 22:41:24,783] Trial 767 finished with values: [-0.3914791804797245, 0.6552903958044215] and parameters: {'k1': 0.0869690639641868, 'D_low': 2267.735223551285, 'k2': 0.02065142557895925, 'D_high': 48235.58283024493, 'fire_exp': 1.9095652801045373, 'P_half': 118.94665366442581, 'pre_dampen_half': 9.044346216330972, 'gpp_af': 10.25616274847308, 'gpp_b': 2.800940363375676e-05, 'gpp_d': 0.4742269251269962, 'ign_k': 1.6270983114897255, 'ign_c': 0.6235377135673155, 'trop_agb_crit': 1.0189592979395135, 'trop_k_veg': 4.796046723963646, 'fire_amp': 2.6192385880432525}.
[I 2026-06-10 22:41:26,154] Trial 768 finished with values: [10.825855618464466, 10.825855618464466] and parameters: {'k1': 0.00026539376439360527, 'D_low': 2267.735223551285, 'k2': 0.02065142557895925, 'D_high': 29.126651668813768, 'fire_exp': 1.9095652801045373, 'P_half': 1.4551749476072258, 'pre_dampen_half': 189.36639872354493, 'gpp_af': 3.298293484806585, 'gpp_b': 2.800940363375676e-05, 'gpp_d': 0.4742269251269962, 'ign_k': 0.09256855841989636, 'ign_c': 0.6235377135673155, 'trop_agb_crit': 1.0189592979395135, 'trop_k_veg': 2.1406449943451844, 'fire_amp': 2.042193818779288}.
[I 2026-06-10 22:41:27,487] Trial 769 finished with values: [-0.37034473635929654, 0.6158641212138594] and parameters: {'k1': 0.05466937478766084, 'D_low': 6010.742028864748, 'k2': 4.933751600448335e-05, 'D_high': 8440.303958079088, 'fire_exp': 1.2732983562135975, 'P_half': 1.4551749476072258, 'pre_dampen_half': 857.3351203969089, 'gpp_af': 0.05729456628445246, 'gpp_b': 0.00012118589392553798, 'gpp_d': 0.030844007727232167, 'ign_k': 7.252283715822169, 'ign_c': 7.832259769732471, 'trop_agb_crit': 2.0527418919564324, 'trop_k_veg': 4.796046723963646, 'fire_amp': 2.042193818779288}.
[I 2026-06-10 22:41:29,008] Trial 770 finished with values: [10.827757920590795, 10.827757920590795] and parameters: {'k1': 0.0869690639641868, 'D_low': 43.2326421037033, 'k2': 0.0007731571570012607, 'D_high': 1266.9536563782303, 'fire_exp': 6.5682505141693035, 'P_half': 157.3644610977214, 'pre_dampen_half': 189.36639872354493, 'gpp_af': 37.28155624293858, 'gpp_b': 0.00047819318414852577, 'gpp_d': 7.631016235941559, 'ign_k': 0.17320535908244444, 'ign_c': 7.832259769732471, 'trop_agb_crit': 1.8566494291193822, 'trop_k_veg': 6.825463866194253, 'fire_amp': 1.4475279918261055}.
[I 2026-06-10 22:41:30,632] Trial 771 finished with values: [10.663943465515283, 10.663943465515283] and parameters: {'k1': 0.006079905434073396, 'D_low': 50.32059347286801, 'k2': 4.933751600448335e-05, 'D_high': 48235.58283024493, 'fire_exp': 2.4022781627753544, 'P_half': 1265.0580856641704, 'pre_dampen_half': 269.0845367054866, 'gpp_af': 1.9654778690222015, 'gpp_b': 0.00047819318414852577, 'gpp_d': 0.4742269251269962, 'ign_k': 1.6270983114897255, 'ign_c': 16.497426799845446, 'trop_agb_crit': 1.0189592979395135, 'trop_k_veg': 4.796046723963646, 'fire_amp': 2.6192385880432525}.
[I 2026-06-10 22:41:32,098] Trial 772 finished with values: [10.393108434752326, 10.393108434752326] and parameters: {'k1': 0.0869690639641868, 'D_low': 146.24004590125713, 'k2': 0.003767022142229395, 'D_high': 949.9072859745386, 'fire_exp': 1.2732983562135975, 'P_half': 157.3644610977214, 'pre_dampen_half': 9.044346216330972, 'gpp_af': 0.41874665092828456, 'gpp_b': 0.00047819318414852577, 'gpp_d': 7.631016235941559, 'ign_k': 0.8945150807271531, 'ign_c': 7.832259769732471, 'trop_agb_crit': 1.0189592979395135, 'trop_k_veg': 4.796046723963646, 'fire_amp': 1.4475279918261055}.
[I 2026-06-10 22:41:33,535] Trial 773 finished with values: [10.58735012474634, 10.58735012474634] and parameters: {'k1': 0.0869690639641868, 'D_low': 1.4002277211577039, 'k2': 0.0012030178871154666, 'D_high': 35.136541394511, 'fire_exp': 1.1633452995374232, 'P_half': 1265.0580856641704, 'pre_dampen_half': 189.36639872354493, 'gpp_af': 24.539832961133826, 'gpp_b': 0.004411400434514031, 'gpp_d': 46.010874324515754, 'ign_k': 2.9663798365255736, 'ign_c': 0.4177928311636542, 'trop_agb_crit': 1.0189592979395135, 'trop_k_veg': 4.796046723963646, 'fire_amp': 1.4475279918261055}.
[I 2026-06-10 22:41:34,895] Trial 774 finished with values: [10.83234030450124, 10.83234030450124] and parameters: {'k1': 0.006079905434073396, 'D_low': 1.4002277211577039, 'k2': 4.933751600448335e-05, 'D_high': 949.9072859745386, 'fire_exp': 6.396249560187033, 'P_half': 157.3644610977214, 'pre_dampen_half': 189.36639872354493, 'gpp_af': 0.41874665092828456, 'gpp_b': 1.4540386644083135e-05, 'gpp_d': 47.35384181058586, 'ign_k': 0.17320535908244444, 'ign_c': 16.497426799845446, 'trop_agb_crit': 1.8285200278523417, 'trop_k_veg': 3.1055119128084763, 'fire_amp': 1.4475279918261055}.
[I 2026-06-10 22:41:36,182] Trial 775 finished with values: [10.899778732513138, 10.899778732513138] and parameters: {'k1': 0.0869690639641868, 'D_low': 146.24004590125713, 'k2': 0.0012030178871154666, 'D_high': 44974.07193749848, 'fire_exp': 1.9365919987098117, 'P_half': 101.40635645866499, 'pre_dampen_half': 189.36639872354493, 'gpp_af': 0.41874665092828456, 'gpp_b': 0.16285506249643175, 'gpp_d': 12.151631524283598, 'ign_k': 1.636529060071807, 'ign_c': 0.4177928311636542, 'trop_agb_crit': 1.0189592979395135, 'trop_k_veg': 0.6488368931910606, 'fire_amp': 5.831305332032283}.
[I 2026-06-10 22:41:38,245] Trial 776 finished with values: [10.732434455060705, 10.732434455060705] and parameters: {'k1': 0.006079905434073396, 'D_low': 2396.0796124300746, 'k2': 0.0007731571570012607, 'D_high': 431.45617043093523, 'fire_exp': 1.0601964743503993, 'P_half': 157.3644610977214, 'pre_dampen_half': 30.456909077772018, 'gpp_af': 37.28155624293858, 'gpp_b': 0.004411400434514031, 'gpp_d': 47.35384181058586, 'ign_k': 1.636529060071807, 'ign_c': 1.3431925993528124, 'trop_agb_crit': 1.8285200278523417, 'trop_k_veg': 0.6673124511410327, 'fire_amp': 2.6192385880432525}.
[I 2026-06-10 22:41:39,739] Trial 777 finished with values: [10.428098648542235, 10.428098648542235] and parameters: {'k1': 0.0869690639641868, 'D_low': 1.4002277211577039, 'k2': 0.0004976087827261435, 'D_high': 42210.21267871043, 'fire_exp': 1.1633452995374232, 'P_half': 277.00025557434554, 'pre_dampen_half': 269.0845367054866, 'gpp_af': 37.28155624293858, 'gpp_b': 0.004411400434514031, 'gpp_d': 0.03927259340973166, 'ign_k': 0.13500744867919376, 'ign_c': 0.17036120617148395, 'trop_agb_crit': 1.8566494291193822, 'trop_k_veg': 4.469525707857632, 'fire_amp': 1.1202509284327942}.
[I 2026-06-10 22:41:41,080] Trial 778 finished with values: [10.804965691188643, 10.804965691188643] and parameters: {'k1': 0.006079905434073396, 'D_low': 2.5449737887285035, 'k2': 4.933751600448335e-05, 'D_high': 48235.58283024493, 'fire_exp': 1.2732983562135975, 'P_half': 1265.0580856641704, 'pre_dampen_half': 0.3337303435204265, 'gpp_af': 0.0025386125063826667, 'gpp_b': 0.00047819318414852577, 'gpp_d': 0.4742269251269962, 'ign_k': 1.6270983114897255, 'ign_c': 0.6235377135673155, 'trop_agb_crit': 1.0189592979395135, 'trop_k_veg': 4.796046723963646, 'fire_amp': 2.6192385880432525}.
[I 2026-06-10 22:41:42,383] Trial 779 finished with values: [10.166429869864231, 10.166429869864231] and parameters: {'k1': 0.006079905434073396, 'D_low': 146.24004590125713, 'k2': 0.003767022142229395, 'D_high': 949.9072859745386, 'fire_exp': 1.0601964743503993, 'P_half': 157.80309954142965, 'pre_dampen_half': 9.044346216330972, 'gpp_af': 0.09885838682552685, 'gpp_b': 1.4540386644083135e-05, 'gpp_d': 0.4742269251269962, 'ign_k': 0.17320535908244444, 'ign_c': 16.497426799845446, 'trop_agb_crit': 3.937772188016226, 'trop_k_veg': 3.1055119128084763, 'fire_amp': 2.6192385880432525}.
[I 2026-06-10 22:41:43,734] Trial 780 finished with values: [10.594568650252, 10.594568650252] and parameters: {'k1': 4.944223106753944e-05, 'D_low': 43.2326421037033, 'k2': 4.933751600448335e-05, 'D_high': 4567.167062335235, 'fire_exp': 1.0601964743503993, 'P_half': 157.3644610977214, 'pre_dampen_half': 350.88322284755304, 'gpp_af': 0.09885838682552685, 'gpp_b': 2.176805640408474e-05, 'gpp_d': 0.4316838564848064, 'ign_k': 0.13500744867919376, 'ign_c': 16.497426799845446, 'trop_agb_crit': 8.188098178380693, 'trop_k_veg': 0.6108091740265464, 'fire_amp': 2.6192385880432525}.
[I 2026-06-10 22:41:45,364] Trial 781 finished with values: [10.508543270311637, 10.508543270311637] and parameters: {'k1': 0.00026539376439360527, 'D_low': 1.7551403048208316, 'k2': 1.1417577140741129e-05, 'D_high': 48235.58283024493, 'fire_exp': 1.2918065501148304, 'P_half': 118.94665366442581, 'pre_dampen_half': 9.044346216330972, 'gpp_af': 3.298293484806585, 'gpp_b': 0.16285506249643175, 'gpp_d': 12.151631524283598, 'ign_k': 1.636529060071807, 'ign_c': 0.7619822175388142, 'trop_agb_crit': 1.0189592979395135, 'trop_k_veg': 2.520089655463604, 'fire_amp': 2.6192385880432525}.
[I 2026-06-10 22:41:46,872] Trial 782 finished with values: [12.796717091665908, 12.796717091665908] and parameters: {'k1': 0.0001887567630782227, 'D_low': 1.4002277211577039, 'k2': 0.0004976087827261435, 'D_high': 42210.21267871043, 'fire_exp': 1.2918065501148304, 'P_half': 4.213183643253957, 'pre_dampen_half': 123.04779330083686, 'gpp_af': 0.41874665092828456, 'gpp_b': 1.0828092646426677e-05, 'gpp_d': 0.03927259340973166, 'ign_k': 0.09256855841989636, 'ign_c': 0.17036120617148395, 'trop_agb_crit': 12.647327018493208, 'trop_k_veg': 3.4337960558650757, 'fire_amp': 1.85916500023103}.
