[I 2026-08-06 02:46:18,163] Trial 467 finished with values: [-0.46916773870814704, 0.3233982633109721] and parameters: {'k1': 3.252245757497282e-05, 'D_low': 2.458603276328005, 'k2': 0.08790311296857814, 'D_high': 10316.033434719713, 'fire_exp': 1.0881360604103363, 'P_half': 2.157758652553991, 'pre_dampen_half': 76.86605275420082, 'gpp_af': 20.12115544906385, 'gpp_b': 0.024796579879439486, 'gpp_d': 150.14555442537656, 'ign_k': 0.019192001101561888, 'ign_c': 0.11433485956638717}.
[I 2026-08-06 02:46:19,276] Trial 468 finished with values: [-0.4706266375811866, 0.5811019759627624] and parameters: {'k1': 0.00013783578294796384, 'D_low': 918.4900818511542, 'k2': 1.4378290221680118e-05, 'D_high': 1024.9816559563214, 'fire_exp': 1.1044852285094786, 'P_half': 13.019246714361572, 'pre_dampen_half': 347.79988160923324, 'gpp_af': 11.234842109991876, 'gpp_b': 7.402343469704428e-05, 'gpp_d': 2.8006820077310213, 'ign_k': 0.11101191524846071, 'ign_c': 10.140635645866492}.
[I 2026-08-06 02:46:20,437] Trial 469 finished with values: [-0.480412246908075, 0.4922396210835517] and parameters: {'k1': 0.002971796631657383, 'D_low': 29.89885508829526, 'k2': 0.0007081721844034209, 'D_high': 9769.756791866093, 'fire_exp': 1.0881360604103363, 'P_half': 10.226988730324324, 'pre_dampen_half': 36.876350096203005, 'gpp_af': 29.925002022877802, 'gpp_b': 0.011750724729953272, 'gpp_d': 8.144272585223819, 'ign_k': 0.03033111747878116, 'ign_c': 2.41842279584716}.
[I 2026-08-06 02:46:21,561] Trial 470 finished with values: [-0.44867753754830064, 0.3088828289844531] and parameters: {'k1': 0.002971796631657383, 'D_low': 1112.9571947046009, 'k2': 0.0007081721844034209, 'D_high': 6455.595882939566, 'fire_exp': 1.0881360604103363, 'P_half': 24.136213194527585, 'pre_dampen_half': 304.7488318185732, 'gpp_af': 29.925002022877802, 'gpp_b': 0.011750724729953272, 'gpp_d': 29.749683811098393, 'ign_k': 0.0026834162496848666, 'ign_c': 9.34330265731847}.
[I 2026-08-06 02:46:22,653] Trial 471 finished with values: [10.563582345309797, 10.563582345309797] and parameters: {'k1': 0.02714257255218683, 'D_low': 4.075267974954964, 'k2': 0.031211489608802344, 'D_high': 6455.595882939566, 'fire_exp': 1.1044852285094786, 'P_half': 215.55950571043874, 'pre_dampen_half': 111.37963167994629, 'gpp_af': 1.2003722333832936, 'gpp_b': 0.05314875633348467, 'gpp_d': 0.11136446029400991, 'ign_k': 0.11101191524846071, 'ign_c': 0.15239409361703363}.
[I 2026-08-06 02:46:23,733] Trial 472 finished with values: [-0.46099927664468987, 0.5176792039383444] and parameters: {'k1': 0.00013783578294796384, 'D_low': 4.075267974954964, 'k2': 1.1184534120760473e-05, 'D_high': 9769.756791866093, 'fire_exp': 1.0881360604103363, 'P_half': 13.019246714361572, 'pre_dampen_half': 107.40052367919465, 'gpp_af': 0.5107061330406066, 'gpp_b': 7.402343469704428e-05, 'gpp_d': 227.8683621488816, 'ign_k': 0.0467351899956275, 'ign_c': 0.11433485956638717}.
[I 2026-08-06 02:46:24,885] Trial 473 finished with values: [10.196166894631684, 10.196166894631684] and parameters: {'k1': 0.002971796631657383, 'D_low': 29.89885508829526, 'k2': 0.0783350052213816, 'D_high': 7744.80118512745, 'fire_exp': 1.151006986743773, 'P_half': 10.226988730324324, 'pre_dampen_half': 36.876350096203005, 'gpp_af': 69.88585397513438, 'gpp_b': 0.011750724729953272, 'gpp_d': 5.679195944606101, 'ign_k': 0.0026834162496848666, 'ign_c': 99.67983879709281}.
[I 2026-08-06 02:46:25,964] Trial 474 finished with values: [10.222919754190237, 10.222919754190237] and parameters: {'k1': 1.1845753911529365e-05, 'D_low': 3840.3004190988563, 'k2': 0.0001870742013766025, 'D_high': 33.139424373451995, 'fire_exp': 1.0881360604103363, 'P_half': 19.4230157499841, 'pre_dampen_half': 304.7488318185732, 'gpp_af': 0.47739011308437823, 'gpp_b': 1.1008110571039521e-05, 'gpp_d': 4.5768578731086835, 'ign_k': 0.019192001101561888, 'ign_c': 2.4287565087611744}.
[I 2026-08-06 02:46:27,059] Trial 475 finished with values: [10.235796845030558, 10.235796845030558] and parameters: {'k1': 0.0014057163351022498, 'D_low': 4.051452710153359, 'k2': 3.5917714215176105e-05, 'D_high': 7744.80118512745, 'fire_exp': 1.2680134752324452, 'P_half': 235.37467825486968, 'pre_dampen_half': 304.7488318185732, 'gpp_af': 13.560863064135962, 'gpp_b': 0.35446974723746, 'gpp_d': 857.4284557962634, 'ign_k': 0.11101191524846071, 'ign_c': 0.11272174259951144}.
[I 2026-08-06 02:46:28,280] Trial 476 finished with values: [-0.4717466772469846, 0.3618993501794445] and parameters: {'k1': 0.002407354618388189, 'D_low': 29.89885508829526, 'k2': 0.031211489608802344, 'D_high': 6455.595882939566, 'fire_exp': 1.058246684404056, 'P_half': 12.808863354047988, 'pre_dampen_half': 36.876350096203005, 'gpp_af': 29.925002022877802, 'gpp_b': 0.0024605285374226047, 'gpp_d': 5.679195944606101, 'ign_k': 0.014879588507790004, 'ign_c': 14.367095138664217}.
[I 2026-08-06 02:46:29,393] Trial 477 finished with values: [10.267807675970662, 10.267807675970662] and parameters: {'k1': 0.00324789183891923, 'D_low': 4.075267974954964, 'k2': 3.5917714215176105e-05, 'D_high': 9769.756791866093, 'fire_exp': 1.151006986743773, 'P_half': 12.808863354047988, 'pre_dampen_half': 304.7488318185732, 'gpp_af': 5.620854611217178, 'gpp_b': 0.011750724729953272, 'gpp_d': 0.6380717024176037, 'ign_k': 0.0035114452581286888, 'ign_c': 34.19108473554449}.
[I 2026-08-06 02:46:30,545] Trial 478 finished with values: [10.304173104188305, 10.304173104188305] and parameters: {'k1': 1.226010546471291e-05, 'D_low': 29.89885508829526, 'k2': 0.0007081721844034209, 'D_high': 8182.111518618414, 'fire_exp': 1.0881360604103363, 'P_half': 12.808863354047988, 'pre_dampen_half': 36.876350096203005, 'gpp_af': 29.925002022877802, 'gpp_b': 0.011750724729953272, 'gpp_d': 4.5768578731086835, 'ign_k': 0.019192001101561888, 'ign_c': 6.160975294741436}.
[I 2026-08-06 02:46:31,648] Trial 479 finished with values: [10.753281633816016, 10.753281633816016] and parameters: {'k1': 7.841214856323651e-05, 'D_low': 1112.9571947046009, 'k2': 0.0001969885015387913, 'D_high': 8182.111518618414, 'fire_exp': 1.5201277403788451, 'P_half': 215.55950571043874, 'pre_dampen_half': 2.7746994751929965, 'gpp_af': 13.560863064135962, 'gpp_b': 0.4192224259816183, 'gpp_d': 5.878566318396007, 'ign_k': 0.11101191524846071, 'ign_c': 0.1457050032975653}.
[I 2026-08-06 02:46:32,745] Trial 480 finished with values: [10.055741617805529, 10.055741617805529] and parameters: {'k1': 0.002971796631657383, 'D_low': 4.051452710153359, 'k2': 3.5917714215176105e-05, 'D_high': 75773.14388518519, 'fire_exp': 1.151006986743773, 'P_half': 12.808863354047988, 'pre_dampen_half': 36.876350096203005, 'gpp_af': 4.095062894476692, 'gpp_b': 0.011750724729953272, 'gpp_d': 5.878566318396007, 'ign_k': 0.09071933427331372, 'ign_c': 6.160975294741436}.
[I 2026-08-06 02:46:33,825] Trial 481 finished with values: [10.5908084956396, 10.5908084956396] and parameters: {'k1': 7.841214856323651e-05, 'D_low': 918.4900818511542, 'k2': 0.031211489608802344, 'D_high': 1024.9816559563214, 'fire_exp': 1.151006986743773, 'P_half': 540.9803697908727, 'pre_dampen_half': 107.40052367919465, 'gpp_af': 0.16963424566072005, 'gpp_b': 3.481277316673104e-05, 'gpp_d': 0.2334174560017147, 'ign_k': 0.014879588507790004, 'ign_c': 0.9294394155644988}.
[I 2026-08-06 02:46:34,933] Trial 482 finished with values: [10.373868425524382, 10.373868425524382] and parameters: {'k1': 0.03699867920489089, 'D_low': 918.4900818511542, 'k2': 1.1184534120760473e-05, 'D_high': 9769.756791866093, 'fire_exp': 1.1044852285094786, 'P_half': 215.55950571043874, 'pre_dampen_half': 36.876350096203005, 'gpp_af': 11.234842109991876, 'gpp_b': 0.0002399125814348087, 'gpp_d': 967.4365715402611, 'ign_k': 0.0026834162496848666, 'ign_c': 6.160975294741436}.
[I 2026-08-06 02:46:36,074] Trial 483 finished with values: [10.138537625600424, 10.138537625600424] and parameters: {'k1': 3.252245757497282e-05, 'D_low': 1112.9571947046009, 'k2': 1.1184534120760473e-05, 'D_high': 41.05873950290761, 'fire_exp': 1.0881360604103363, 'P_half': 24.136213194527585, 'pre_dampen_half': 76.86605275420082, 'gpp_af': 20.12115544906385, 'gpp_b': 0.011750724729953272, 'gpp_d': 857.4284557962634, 'ign_k': 0.050667002161528835, 'ign_c': 9.34330265731847}.
[I 2026-08-06 02:46:37,232] Trial 484 finished with values: [10.160902051221555, 10.160902051221555] and parameters: {'k1': 7.841214856323651e-05, 'D_low': 29.89885508829526, 'k2': 1.1184534120760473e-05, 'D_high': 639.0695092073224, 'fire_exp': 1.1044852285094786, 'P_half': 10.226988730324324, 'pre_dampen_half': 304.7488318185732, 'gpp_af': 29.925002022877802, 'gpp_b': 9.58832899519661e-05, 'gpp_d': 4.5768578731086835, 'ign_k': 0.0026834162496848666, 'ign_c': 6.160975294741436}.
[I 2026-08-06 02:46:38,419] Trial 485 finished with values: [-0.4498617054869853, 0.5398146390249416] and parameters: {'k1': 0.002971796631657383, 'D_low': 1510.9086063191912, 'k2': 0.0007081721844034209, 'D_high': 6455.595882939566, 'fire_exp': 1.1044852285094786, 'P_half': 10.226988730324324, 'pre_dampen_half': 36.876350096203005, 'gpp_af': 29.925002022877802, 'gpp_b': 3.228689523591491e-05, 'gpp_d': 13.205186500450395, 'ign_k': 0.3818468247973969, 'ign_c': 0.5110256715654393}.
[I 2026-08-06 02:46:39,576] Trial 486 finished with values: [-0.4366860052331766, 0.4011073277873832] and parameters: {'k1': 3.252245757497282e-05, 'D_low': 1112.9571947046009, 'k2': 3.5917714215176105e-05, 'D_high': 8182.111518618414, 'fire_exp': 1.151006986743773, 'P_half': 12.808863354047988, 'pre_dampen_half': 304.7488318185732, 'gpp_af': 20.12115544906385, 'gpp_b': 3.481277316673104e-05, 'gpp_d': 150.14555442537656, 'ign_k': 0.019192001101561888, 'ign_c': 8.671454322584175}.
[I 2026-08-06 02:46:40,716] Trial 487 finished with values: [-0.4643188457409358, 0.34732148540202545] and parameters: {'k1': 0.04897760278488444, 'D_low': 4.075267974954964, 'k2': 0.08790311296857814, 'D_high': 10316.033434719713, 'fire_exp': 1.151006986743773, 'P_half': 2.157758652553991, 'pre_dampen_half': 107.40052367919465, 'gpp_af': 5.620854611217178, 'gpp_b': 0.011750724729953272, 'gpp_d': 0.6380717024176037, 'ign_k': 0.0026834162496848666, 'ign_c': 10.140635645866492}.
[I 2026-08-06 02:46:41,902] Trial 488 finished with values: [10.315557555730983, 10.315557555730983] and parameters: {'k1': 0.03699867920489089, 'D_low': 595.2904331761849, 'k2': 3.5917714215176105e-05, 'D_high': 6455.595882939566, 'fire_exp': 1.0881360604103363, 'P_half': 7.639737756882015, 'pre_dampen_half': 304.7488318185732, 'gpp_af': 29.925002022877802, 'gpp_b': 3.251606690398149e-05, 'gpp_d': 5.878566318396007, 'ign_k': 0.11101191524846071, 'ign_c': 0.21356209987689076}.
[I 2026-08-06 02:46:42,996] Trial 489 finished with values: [10.071581218506525, 10.071581218506525] and parameters: {'k1': 0.002971796631657383, 'D_low': 29.89885508829526, 'k2': 0.031211489608802344, 'D_high': 9769.756791866093, 'fire_exp': 1.151006986743773, 'P_half': 13.019246714361572, 'pre_dampen_half': 25.2636741027941, 'gpp_af': 11.234842109991876, 'gpp_b': 0.011750724729953272, 'gpp_d': 2.8006820077310213, 'ign_k': 0.014879588507790004, 'ign_c': 10.140635645866492}.
[I 2026-08-06 02:46:44,092] Trial 490 finished with values: [-0.46931254773430675, 0.4199178714789823] and parameters: {'k1': 0.002971796631657383, 'D_low': 29.89885508829526, 'k2': 0.0007081721844034209, 'D_high': 9769.756791866093, 'fire_exp': 1.0881360604103363, 'P_half': 10.226988730324324, 'pre_dampen_half': 36.876350096203005, 'gpp_af': 29.925002022877802, 'gpp_b': 0.011750724729953272, 'gpp_d': 4.5768578731086835, 'ign_k': 0.0026834162496848666, 'ign_c': 6.160975294741436}.
[I 2026-08-06 02:46:45,189] Trial 491 finished with values: [10.766183814102813, 10.766183814102813] and parameters: {'k1': 0.002407354618388189, 'D_low': 1.2299210465793122, 'k2': 1.1184534120760473e-05, 'D_high': 6455.595882939566, 'fire_exp': 4.513476798165099, 'P_half': 125.61043700013555, 'pre_dampen_half': 107.40052367919465, 'gpp_af': 0.023243291829111983, 'gpp_b': 0.0024605285374226047, 'gpp_d': 5.878566318396007, 'ign_k': 0.11101191524846071, 'ign_c': 0.11433485956638717}.
[I 2026-08-06 02:46:46,372] Trial 492 finished with values: [-0.468805765686099, 0.5220054536809335] and parameters: {'k1': 0.002407354618388189, 'D_low': 523.1053126909052, 'k2': 1.1184534120760473e-05, 'D_high': 9769.756791866093, 'fire_exp': 1.151006986743773, 'P_half': 12.808863354047988, 'pre_dampen_half': 567.9600794296686, 'gpp_af': 11.234842109991876, 'gpp_b': 0.011750724729953272, 'gpp_d': 5.679195944606101, 'ign_k': 6.3073181184917315, 'ign_c': 14.367095138664217}.
[I 2026-08-06 02:46:47,456] Trial 493 finished with values: [10.62922739862906, 10.62922739862906] and parameters: {'k1': 0.010253368317956682, 'D_low': 4.020051040432125, 'k2': 4.30943585950406e-05, 'D_high': 33379.746704222074, 'fire_exp': 1.0881360604103363, 'P_half': 24.136213194527585, 'pre_dampen_half': 347.79988160923324, 'gpp_af': 29.925002022877802, 'gpp_b': 3.228689523591491e-05, 'gpp_d': 4.5768578731086835, 'ign_k': 0.05362153030688613, 'ign_c': 10.140635645866492}.
[I 2026-08-06 02:46:48,677] Trial 494 finished with values: [-0.475925495109203, 0.36044350114073487] and parameters: {'k1': 0.00324789183891923, 'D_low': 29.89885508829526, 'k2': 0.002935672965826306, 'D_high': 9769.756791866093, 'fire_exp': 1.0881360604103363, 'P_half': 12.808863354047988, 'pre_dampen_half': 304.7488318185732, 'gpp_af': 5.620854611217178, 'gpp_b': 0.011750724729953272, 'gpp_d': 0.6380717024176037, 'ign_k': 0.0035114452581286888, 'ign_c': 0.11433485956638717}.
[I 2026-08-06 02:46:49,781] Trial 495 finished with values: [10.76350439719447, 10.76350439719447] and parameters: {'k1': 0.002971796631657383, 'D_low': 523.1053126909052, 'k2': 1.1184534120760473e-05, 'D_high': 6455.595882939566, 'fire_exp': 1.6529278148136084, 'P_half': 5949.270019168345, 'pre_dampen_half': 36.876350096203005, 'gpp_af': 29.925002022877802, 'gpp_b': 0.0024605285374226047, 'gpp_d': 5.679195944606101, 'ign_k': 6.3073181184917315, 'ign_c': 6.160975294741436}.
[I 2026-08-06 02:46:50,882] Trial 496 finished with values: [10.265606837630335, 10.265606837630335] and parameters: {'k1': 0.02714257255218683, 'D_low': 51.9967392387832, 'k2': 1.1184534120760473e-05, 'D_high': 41.05873950290761, 'fire_exp': 2.628617028154096, 'P_half': 24.136213194527585, 'pre_dampen_half': 304.7488318185732, 'gpp_af': 29.925002022877802, 'gpp_b': 0.000832333943844274, 'gpp_d': 368.30088529547436, 'ign_k': 0.11101191524846071, 'ign_c': 0.1457050032975653}.
[I 2026-08-06 02:46:52,026] Trial 497 finished with values: [12.427022617593774, 12.427022617593774] and parameters: {'k1': 0.0014057163351022498, 'D_low': 4.051452710153359, 'k2': 0.0007081721844034209, 'D_high': 75773.14388518519, 'fire_exp': 1.2680134752324452, 'P_half': 24.136213194527585, 'pre_dampen_half': 304.7488318185732, 'gpp_af': 13.560863064135962, 'gpp_b': 3.228689523591491e-05, 'gpp_d': 857.4284557962634, 'ign_k': 0.11101191524846071, 'ign_c': 0.11272174259951144}.
[I 2026-08-06 02:46:53,134] Trial 498 finished with values: [10.402816941767329, 10.402816941767329] and parameters: {'k1': 0.003581820276578069, 'D_low': 38.93835424674703, 'k2': 1.1184534120760473e-05, 'D_high': 75773.14388518519, 'fire_exp': 1.1044852285094786, 'P_half': 24.136213194527585, 'pre_dampen_half': 304.7488318185732, 'gpp_af': 0.023500440978156005, 'gpp_b': 3.228689523591491e-05, 'gpp_d': 5.878566318396007, 'ign_k': 0.03141110271934876, 'ign_c': 0.11272174259951144}.
[I 2026-08-06 02:46:54,230] Trial 499 finished with values: [10.765566223462203, 10.765566223462203] and parameters: {'k1': 0.0029707920514735983, 'D_low': 1.2299210465793122, 'k2': 3.5917714215176105e-05, 'D_high': 9769.756791866093, 'fire_exp': 1.0881360604103363, 'P_half': 147.09699119495133, 'pre_dampen_half': 107.40052367919465, 'gpp_af': 1.3725472882585024, 'gpp_b': 1.1008110571039521e-05, 'gpp_d': 29.749683811098393, 'ign_k': 0.006912296717033066, 'ign_c': 862.8009047476764}.
[I 2026-08-06 02:46:55,398] Trial 500 finished with values: [10.435981256580973, 10.435981256580973] and parameters: {'k1': 0.01889771394135163, 'D_low': 29.89885508829526, 'k2': 0.0007081721844034209, 'D_high': 8182.111518618414, 'fire_exp': 2.5664570832902065, 'P_half': 10.226988730324324, 'pre_dampen_half': 304.7488318185732, 'gpp_af': 29.545818008001255, 'gpp_b': 0.00031478066835753096, 'gpp_d': 4.5768578731086835, 'ign_k': 0.0026834162496848666, 'ign_c': 0.1457050032975653}.
[I 2026-08-06 02:46:56,605] Trial 501 finished with values: [10.644094235390059, 10.644094235390059] and parameters: {'k1': 0.002971796631657383, 'D_low': 2.458603276328005, 'k2': 0.08790311296857814, 'D_high': 83.14160873549643, 'fire_exp': 1.0881360604103363, 'P_half': 10.226988730324324, 'pre_dampen_half': 76.86605275420082, 'gpp_af': 0.8942824595236101, 'gpp_b': 0.011750724729953272, 'gpp_d': 29.749683811098393, 'ign_k': 0.0026834162496848666, 'ign_c': 10.140635645866492}.
[I 2026-08-06 02:46:57,784] Trial 502 finished with values: [10.449242661304542, 10.449242661304542] and parameters: {'k1': 3.252245757497282e-05, 'D_low': 1112.9571947046009, 'k2': 3.5917714215176105e-05, 'D_high': 8182.111518618414, 'fire_exp': 1.633445707733642, 'P_half': 12.808863354047988, 'pre_dampen_half': 304.7488318185732, 'gpp_af': 20.12115544906385, 'gpp_b': 3.481277316673104e-05, 'gpp_d': 150.14555442537656, 'ign_k': 0.019192001101561888, 'ign_c': 8.671454322584175}.
[I 2026-08-06 02:46:58,939] Trial 503 finished with values: [-0.4553123541111342, 0.42979562692154794] and parameters: {'k1': 0.00324789183891923, 'D_low': 1112.9571947046009, 'k2': 0.0007081721844034209, 'D_high': 8182.111518618414, 'fire_exp': 1.0743210440710231, 'P_half': 24.136213194527585, 'pre_dampen_half': 304.7488318185732, 'gpp_af': 29.925002022877802, 'gpp_b': 0.011750724729953272, 'gpp_d': 4.5768578731086835, 'ign_k': 0.019192001101561888, 'ign_c': 0.1457050032975653}.
[I 2026-08-06 02:47:00,146] Trial 504 finished with values: [10.219644266591558, 10.219644266591558] and parameters: {'k1': 0.01889771394135163, 'D_low': 29.89885508829526, 'k2': 0.0007081721844034209, 'D_high': 8182.111518618414, 'fire_exp': 1.0881360604103363, 'P_half': 404.266078304289, 'pre_dampen_half': 304.7488318185732, 'gpp_af': 29.925002022877802, 'gpp_b': 0.011750724729953272, 'gpp_d': 4.5768578731086835, 'ign_k': 0.0026834162496848666, 'ign_c': 0.1457050032975653}.
[I 2026-08-06 02:47:01,463] Trial 505 finished with values: [10.768214623117391, 10.768214623117391] and parameters: {'k1': 0.0029707920514735983, 'D_low': 29.792392084398863, 'k2': 3.5917714215176105e-05, 'D_high': 7744.80118512745, 'fire_exp': 7.317424494789711, 'P_half': 24.136213194527585, 'pre_dampen_half': 304.7488318185732, 'gpp_af': 0.0025511964576171086, 'gpp_b': 3.228689523591491e-05, 'gpp_d': 857.4284557962634, 'ign_k': 0.07813392238162735, 'ign_c': 3.0378658251922155}.
[I 2026-08-06 02:47:02,904] Trial 506 finished with values: [-0.4675081650201164, 0.4257675122045762] and parameters: {'k1': 0.00324789183891923, 'D_low': 4.075267974954964, 'k2': 3.5917714215176105e-05, 'D_high': 6455.595882939566, 'fire_exp': 1.0881360604103363, 'P_half': 147.09699119495133, 'pre_dampen_half': 107.40052367919465, 'gpp_af': 1.3725472882585024, 'gpp_b': 1.1008110571039521e-05, 'gpp_d': 5.878566318396007, 'ign_k': 0.03033111747878116, 'ign_c': 8.671454322584175}.
[I 2026-08-06 02:47:04,373] Trial 507 finished with values: [10.769230769045793, 10.769230769045793] and parameters: {'k1': 0.02714257255218683, 'D_low': 918.4900818511542, 'k2': 1.1184534120760473e-05, 'D_high': 6455.595882939566, 'fire_exp': 1.1044852285094786, 'P_half': 215.55950571043874, 'pre_dampen_half': 111.37963167994629, 'gpp_af': 1.2003722333832936, 'gpp_b': 0.0002399125814348087, 'gpp_d': 368.30088529547436, 'ign_k': 0.11101191524846071, 'ign_c': 746.0599239667742}.
[I 2026-08-06 02:47:05,594] Trial 508 finished with values: [-0.4699560222763533, 0.3556124931115626] and parameters: {'k1': 0.01889771394135163, 'D_low': 2.458603276328005, 'k2': 0.0007081721844034209, 'D_high': 8182.111518618414, 'fire_exp': 1.0881360604103363, 'P_half': 12.808863354047988, 'pre_dampen_half': 36.876350096203005, 'gpp_af': 20.12115544906385, 'gpp_b': 0.011750724729953272, 'gpp_d': 4.5768578731086835, 'ign_k': 0.005522071973135812, 'ign_c': 6.160975294741436}.
[I 2026-08-06 02:47:06,765] Trial 509 finished with values: [10.55018072548033, 10.55018072548033] and parameters: {'k1': 3.252245757497282e-05, 'D_low': 4.075267974954964, 'k2': 0.002935672965826306, 'D_high': 10316.033434719713, 'fire_exp': 1.0881360604103363, 'P_half': 2981.897231705516, 'pre_dampen_half': 805.2502904451399, 'gpp_af': 20.12115544906385, 'gpp_b': 0.011750724729953272, 'gpp_d': 150.14555442537656, 'ign_k': 0.019192001101561888, 'ign_c': 0.11433485956638717}.
[I 2026-08-06 02:47:07,889] Trial 510 finished with values: [-0.4813385506263039, 0.4831881799110951] and parameters: {'k1': 0.02714257255218683, 'D_low': 51.9967392387832, 'k2': 1.1184534120760473e-05, 'D_high': 41.05873950290761, 'fire_exp': 1.0881360604103363, 'P_half': 215.55950571043874, 'pre_dampen_half': 111.37963167994629, 'gpp_af': 13.560863064135962, 'gpp_b': 0.00031478066835753096, 'gpp_d': 4.5768578731086835, 'ign_k': 0.11101191524846071, 'ign_c': 0.11272174259951144}.
[I 2026-08-06 02:47:09,176] Trial 511 finished with values: [10.378882863052231, 10.378882863052231] and parameters: {'k1': 0.002971796631657383, 'D_low': 29.89885508829526, 'k2': 0.0001870742013766025, 'D_high': 9769.756791866093, 'fire_exp': 1.0881360604103363, 'P_half': 10.226988730324324, 'pre_dampen_half': 36.876350096203005, 'gpp_af': 29.925002022877802, 'gpp_b': 3.228689523591491e-05, 'gpp_d': 4.5768578731086835, 'ign_k': 0.3818468247973969, 'ign_c': 6.160975294741436}.
