[I 2026-08-06 02:42:54,998] Trial 287 finished with values: [10.622036361413471, 10.622036361413471] and parameters: {'k1': 0.00324789183891923, 'D_low': 125.32726386250698, 'k2': 1.1184534120760473e-05, 'D_high': 8182.111518618414, 'fire_exp': 1.1044852285094786, 'P_half': 45.55085098454082, 'pre_dampen_half': 347.79988160923324, 'gpp_af': 0.010590622233713298, 'gpp_b': 0.011750724729953272, 'gpp_d': 1.6983565276584263, 'ign_k': 0.014879588507790004, 'ign_c': 0.5502140996950745}.
[I 2026-08-06 02:42:56,101] Trial 288 finished with values: [-0.43982802194740434, 0.48626778932483505] and parameters: {'k1': 0.03699867920489089, 'D_low': 918.4900818511542, 'k2': 3.5917714215176105e-05, 'D_high': 6455.595882939566, 'fire_exp': 1.0881360604103363, 'P_half': 147.09699119495133, 'pre_dampen_half': 111.37963167994629, 'gpp_af': 11.234842109991876, 'gpp_b': 3.251606690398149e-05, 'gpp_d': 5.878566318396007, 'ign_k': 0.11101191524846071, 'ign_c': 10.140635645866492}.
[I 2026-08-06 02:42:57,184] Trial 289 finished with values: [10.055462175740058, 10.055462175740058] and parameters: {'k1': 0.00488137519160367, 'D_low': 1.54121727098019, 'k2': 1.1184534120760473e-05, 'D_high': 31030.112026960956, 'fire_exp': 2.332293128354265, 'P_half': 14.94057723907974, 'pre_dampen_half': 304.7488318185732, 'gpp_af': 4.582731702170249, 'gpp_b': 3.228689523591491e-05, 'gpp_d': 107.84642153666701, 'ign_k': 0.11101191524846071, 'ign_c': 10.140635645866492}.
[I 2026-08-06 02:42:58,277] Trial 290 finished with values: [10.760942193906137, 10.760942193906137] and parameters: {'k1': 0.0029707920514735983, 'D_low': 1.2299210465793122, 'k2': 0.03210808548911189, 'D_high': 7744.80118512745, 'fire_exp': 4.55809493901026, 'P_half': 587.6331101080223, 'pre_dampen_half': 176.18878384527278, 'gpp_af': 0.5107061330406066, 'gpp_b': 3.228689523591491e-05, 'gpp_d': 857.4284557962634, 'ign_k': 0.03141110271934876, 'ign_c': 3.0378658251922155}.
[I 2026-08-06 02:42:59,449] Trial 291 finished with values: [-0.4899528696675647, 0.33784792155310783] and parameters: {'k1': 7.841214856323651e-05, 'D_low': 1112.9571947046009, 'k2': 0.0007081721844034209, 'D_high': 8182.111518618414, 'fire_exp': 1.0881360604103363, 'P_half': 215.55950571043874, 'pre_dampen_half': 304.7488318185732, 'gpp_af': 11.234842109991876, 'gpp_b': 0.00031478066835753096, 'gpp_d': 4.5768578731086835, 'ign_k': 0.11101191524846071, 'ign_c': 0.1457050032975653}.
[I 2026-08-06 02:43:00,545] Trial 292 finished with values: [-0.4781211041558989, 0.5225907107478223] and parameters: {'k1': 0.04897760278488444, 'D_low': 4.051452710153359, 'k2': 3.5917714215176105e-05, 'D_high': 75773.14388518519, 'fire_exp': 1.151006986743773, 'P_half': 12.808863354047988, 'pre_dampen_half': 304.7488318185732, 'gpp_af': 4.095062894476692, 'gpp_b': 3.228689523591491e-05, 'gpp_d': 5.878566318396007, 'ign_k': 0.09071933427331372, 'ign_c': 34.19108473554449}.
[I 2026-08-06 02:43:01,640] Trial 293 finished with values: [10.174070927384605, 10.174070927384605] and parameters: {'k1': 0.002407354618388189, 'D_low': 50.217376233895635, 'k2': 1.1184534120760473e-05, 'D_high': 6455.595882939566, 'fire_exp': 1.1044852285094786, 'P_half': 7.670748914453766, 'pre_dampen_half': 107.40052367919465, 'gpp_af': 11.234842109991876, 'gpp_b': 0.0025416076006960116, 'gpp_d': 368.30088529547436, 'ign_k': 0.11101191524846071, 'ign_c': 10.140635645866492}.
[I 2026-08-06 02:43:02,731] Trial 294 finished with values: [10.078524304942137, 10.078524304942137] and parameters: {'k1': 0.08926311370835228, 'D_low': 175.2878790340412, 'k2': 1.1184534120760473e-05, 'D_high': 9769.756791866093, 'fire_exp': 1.0881360604103363, 'P_half': 1.3035590385085063, 'pre_dampen_half': 36.876350096203005, 'gpp_af': 1.6595781802652418, 'gpp_b': 0.0025416076006960116, 'gpp_d': 368.30088529547436, 'ign_k': 0.0026834162496848666, 'ign_c': 0.11433485956638717}.
[I 2026-08-06 02:43:03,826] Trial 295 finished with values: [10.739371327167126, 10.739371327167126] and parameters: {'k1': 0.03699867920489089, 'D_low': 2.458603276328005, 'k2': 3.5917714215176105e-05, 'D_high': 75773.14388518519, 'fire_exp': 1.0881360604103363, 'P_half': 10.226988730324324, 'pre_dampen_half': 76.86605275420082, 'gpp_af': 35.20481045526041, 'gpp_b': 0.003510201564752293, 'gpp_d': 5.878566318396007, 'ign_k': 5.9736167866478125, 'ign_c': 16.150602315370207}.
[I 2026-08-06 02:43:04,888] Trial 296 finished with values: [-0.46522459081304524, 0.5058916319934141] and parameters: {'k1': 0.00013783578294796384, 'D_low': 4.075267974954964, 'k2': 1.1184534120760473e-05, 'D_high': 1024.9816559563214, 'fire_exp': 1.1044852285094786, 'P_half': 13.019246714361572, 'pre_dampen_half': 347.79988160923324, 'gpp_af': 1.6595781802652418, 'gpp_b': 7.402343469704428e-05, 'gpp_d': 2.8006820077310213, 'ign_k': 0.0467351899956275, 'ign_c': 10.140635645866492}.
[I 2026-08-06 02:43:05,990] Trial 297 finished with values: [-0.4660467815734487, 0.5559345042573633] and parameters: {'k1': 7.841214856323651e-05, 'D_low': 918.4900818511542, 'k2': 1.4378290221680118e-05, 'D_high': 41.05873950290761, 'fire_exp': 1.1044852285094786, 'P_half': 13.019246714361572, 'pre_dampen_half': 347.79988160923324, 'gpp_af': 11.234842109991876, 'gpp_b': 3.228689523591491e-05, 'gpp_d': 857.4284557962634, 'ign_k': 0.11101191524846071, 'ign_c': 10.140635645866492}.
[I 2026-08-06 02:43:07,101] Trial 298 finished with values: [10.422540482910234, 10.422540482910234] and parameters: {'k1': 0.0029707920514735983, 'D_low': 4.051452710153359, 'k2': 3.5917714215176105e-05, 'D_high': 7744.80118512745, 'fire_exp': 1.182396148413737, 'P_half': 664.2027816373393, 'pre_dampen_half': 304.7488318185732, 'gpp_af': 0.0025511964576171086, 'gpp_b': 3.228689523591491e-05, 'gpp_d': 5.878566318396007, 'ign_k': 0.03141110271934876, 'ign_c': 0.5110256715654393}.
[I 2026-08-06 02:43:08,213] Trial 299 finished with values: [10.503424590830807, 10.503424590830807] and parameters: {'k1': 0.00324789183891923, 'D_low': 2.1234210963705626, 'k2': 0.031211489608802344, 'D_high': 8241.92526487646, 'fire_exp': 1.151006986743773, 'P_half': 12.808863354047988, 'pre_dampen_half': 304.7488318185732, 'gpp_af': 4.095062894476692, 'gpp_b': 3.5603271368816607, 'gpp_d': 13.076473382928533, 'ign_k': 0.03033111747878116, 'ign_c': 8.671454322584175}.
[I 2026-08-06 02:43:09,330] Trial 300 finished with values: [10.577828847806725, 10.577828847806725] and parameters: {'k1': 0.03699867920489089, 'D_low': 2.1234210963705626, 'k2': 3.5917714215176105e-05, 'D_high': 8241.92526487646, 'fire_exp': 1.151006986743773, 'P_half': 2799.899764723165, 'pre_dampen_half': 304.7488318185732, 'gpp_af': 4.095062894476692, 'gpp_b': 3.228689523591491e-05, 'gpp_d': 5.878566318396007, 'ign_k': 0.03033111747878116, 'ign_c': 0.5275958618145121}.
[I 2026-08-06 02:43:10,462] Trial 301 finished with values: [10.330062233492008, 10.330062233492008] and parameters: {'k1': 7.841214856323651e-05, 'D_low': 918.4900818511542, 'k2': 0.0018697387216131526, 'D_high': 9769.756791866093, 'fire_exp': 1.0881360604103363, 'P_half': 11.877073321543955, 'pre_dampen_half': 111.37963167994629, 'gpp_af': 11.234842109991876, 'gpp_b': 3.1112132916681032, 'gpp_d': 368.30088529547436, 'ign_k': 0.11101191524846071, 'ign_c': 10.140635645866492}.
[I 2026-08-06 02:43:11,559] Trial 302 finished with values: [10.172769431450291, 10.172769431450291] and parameters: {'k1': 0.002971796631657383, 'D_low': 29.89885508829526, 'k2': 1.1184534120760473e-05, 'D_high': 41.05873950290761, 'fire_exp': 1.0881360604103363, 'P_half': 10.226988730324324, 'pre_dampen_half': 111.37963167994629, 'gpp_af': 29.925002022877802, 'gpp_b': 0.000832333943844274, 'gpp_d': 13.205186500450395, 'ign_k': 0.11101191524846071, 'ign_c': 6.160975294741436}.
[I 2026-08-06 02:43:12,707] Trial 303 finished with values: [10.76734918523774, 10.76734918523774] and parameters: {'k1': 0.002971796631657383, 'D_low': 29.89885508829526, 'k2': 1.1184534120760473e-05, 'D_high': 13.670484737132345, 'fire_exp': 4.982189788294083, 'P_half': 45.55085098454082, 'pre_dampen_half': 36.876350096203005, 'gpp_af': 29.925002022877802, 'gpp_b': 3.228689523591491e-05, 'gpp_d': 368.30088529547436, 'ign_k': 0.03141110271934876, 'ign_c': 6.160975294741436}.
[I 2026-08-06 02:43:13,795] Trial 304 finished with values: [10.043344835004465, 10.043344835004465] and parameters: {'k1': 7.841214856323651e-05, 'D_low': 29.89885508829526, 'k2': 1.1184534120760473e-05, 'D_high': 9769.756791866093, 'fire_exp': 1.0881360604103363, 'P_half': 215.55950571043874, 'pre_dampen_half': 111.37963167994629, 'gpp_af': 29.925002022877802, 'gpp_b': 0.0006082667040432242, 'gpp_d': 368.30088529547436, 'ign_k': 0.11101191524846071, 'ign_c': 10.140635645866492}.
[I 2026-08-06 02:43:14,888] Trial 305 finished with values: [10.767183134019392, 10.767183134019392] and parameters: {'k1': 0.04984077439553202, 'D_low': 29.89885508829526, 'k2': 1.1184534120760473e-05, 'D_high': 10316.033434719713, 'fire_exp': 9.355311339774135, 'P_half': 10.226988730324324, 'pre_dampen_half': 76.86605275420082, 'gpp_af': 0.8942824595236101, 'gpp_b': 2.7719116797094715e-05, 'gpp_d': 1.105785410092522, 'ign_k': 7.537201787998428, 'ign_c': 6.160975294741436}.
[I 2026-08-06 02:43:15,998] Trial 306 finished with values: [10.766582275445321, 10.766582275445321] and parameters: {'k1': 0.002971796631657383, 'D_low': 4.075267974954964, 'k2': 0.031211489608802344, 'D_high': 8241.92526487646, 'fire_exp': 1.151006986743773, 'P_half': 10.226988730324324, 'pre_dampen_half': 107.40052367919465, 'gpp_af': 29.925002022877802, 'gpp_b': 4.630191300782848, 'gpp_d': 0.11136446029400991, 'ign_k': 0.03033111747878116, 'ign_c': 8.671454322584175}.
[I 2026-08-06 02:43:17,091] Trial 307 finished with values: [10.573757489335184, 10.573757489335184] and parameters: {'k1': 0.00324789183891923, 'D_low': 2.1234210963705626, 'k2': 0.0001870742013766025, 'D_high': 8182.111518618414, 'fire_exp': 1.0881360604103363, 'P_half': 12.808863354047988, 'pre_dampen_half': 107.40052367919465, 'gpp_af': 0.010590622233713298, 'gpp_b': 0.011750724729953272, 'gpp_d': 3.57879245350232, 'ign_k': 0.0035114452581286888, 'ign_c': 8.671454322584175}.
[I 2026-08-06 02:43:18,215] Trial 308 finished with values: [10.769230769045793, 10.769230769045793] and parameters: {'k1': 0.00012105387404469581, 'D_low': 1.4045842344024697, 'k2': 0.0007886001704920403, 'D_high': 1024.9816559563214, 'fire_exp': 7.278512815051397, 'P_half': 13.019246714361572, 'pre_dampen_half': 347.79988160923324, 'gpp_af': 0.015769192447197523, 'gpp_b': 1.1676061967213667, 'gpp_d': 368.30088529547436, 'ign_k': 0.0467351899956275, 'ign_c': 10.140635645866492}.
[I 2026-08-06 02:43:19,308] Trial 309 finished with values: [10.279227385794496, 10.279227385794496] and parameters: {'k1': 0.04897760278488444, 'D_low': 2.458603276328005, 'k2': 0.0001870742013766025, 'D_high': 7744.80118512745, 'fire_exp': 1.0881360604103363, 'P_half': 10.226988730324324, 'pre_dampen_half': 304.7488318185732, 'gpp_af': 5.620854611217178, 'gpp_b': 0.00012797528816608022, 'gpp_d': 3.57879245350232, 'ign_k': 0.03033111747878116, 'ign_c': 10.140635645866492}.
[I 2026-08-06 02:43:20,493] Trial 310 finished with values: [10.61988955800442, 10.61988955800442] and parameters: {'k1': 0.0029707920514735983, 'D_low': 18.89739291279832, 'k2': 0.0027431991397796683, 'D_high': 7744.80118512745, 'fire_exp': 1.182396148413737, 'P_half': 13.019246714361572, 'pre_dampen_half': 304.7488318185732, 'gpp_af': 0.0025511964576171086, 'gpp_b': 3.228689523591491e-05, 'gpp_d': 857.4284557962634, 'ign_k': 8.761971101023693, 'ign_c': 3.0378658251922155}.
[I 2026-08-06 02:43:21,602] Trial 311 finished with values: [10.333676859013035, 10.333676859013035] and parameters: {'k1': 0.00324789183891923, 'D_low': 2068.53034640896, 'k2': 0.031211489608802344, 'D_high': 8182.111518618414, 'fire_exp': 1.0881360604103363, 'P_half': 12.808863354047988, 'pre_dampen_half': 107.40052367919465, 'gpp_af': 0.010590622233713298, 'gpp_b': 0.00012797528816608022, 'gpp_d': 4.5768578731086835, 'ign_k': 0.014879588507790004, 'ign_c': 8.671454322584175}.
[I 2026-08-06 02:43:22,723] Trial 312 finished with values: [-0.4574697913715954, 0.24245099741179432] and parameters: {'k1': 0.00324789183891923, 'D_low': 1112.9571947046009, 'k2': 0.031211489608802344, 'D_high': 8182.111518618414, 'fire_exp': 1.151006986743773, 'P_half': 1.4061463985176637, 'pre_dampen_half': 107.40052367919465, 'gpp_af': 0.010590622233713298, 'gpp_b': 3.481277316673104e-05, 'gpp_d': 368.30088529547436, 'ign_k': 0.014879588507790004, 'ign_c': 0.1457050032975653}.
[I 2026-08-06 02:43:23,838] Trial 313 finished with values: [10.80689545954651, 10.80689545954651] and parameters: {'k1': 0.00324789183891923, 'D_low': 18.522006003174383, 'k2': 0.031211489608802344, 'D_high': 48249.14281180252, 'fire_exp': 1.151006986743773, 'P_half': 242.70544179401307, 'pre_dampen_half': 107.40052367919465, 'gpp_af': 11.234842109991876, 'gpp_b': 1.1008110571039521e-05, 'gpp_d': 368.30088529547436, 'ign_k': 0.11101191524846071, 'ign_c': 8.671454322584175}.
[I 2026-08-06 02:43:24,948] Trial 314 finished with values: [10.72417226037461, 10.72417226037461] and parameters: {'k1': 0.03699867920489089, 'D_low': 4.051452710153359, 'k2': 0.08790311296857814, 'D_high': 10316.033434719713, 'fire_exp': 2.3782613909771353, 'P_half': 12.808863354047988, 'pre_dampen_half': 0.6199100007802261, 'gpp_af': 5.511863475708366, 'gpp_b': 3.228689523591491e-05, 'gpp_d': 5.878566318396007, 'ign_k': 0.0026834162496848666, 'ign_c': 16.150602315370207}.
[I 2026-08-06 02:43:26,067] Trial 315 finished with values: [-0.441313282900356, 0.510723758138685] and parameters: {'k1': 0.03699867920489089, 'D_low': 918.4900818511542, 'k2': 1.1184534120760473e-05, 'D_high': 6455.595882939566, 'fire_exp': 1.1044852285094786, 'P_half': 215.55950571043874, 'pre_dampen_half': 304.7488318185732, 'gpp_af': 11.234842109991876, 'gpp_b': 0.0002399125814348087, 'gpp_d': 368.30088529547436, 'ign_k': 0.3818468247973969, 'ign_c': 10.140635645866492}.
[I 2026-08-06 02:43:27,155] Trial 316 finished with values: [10.32208087932271, 10.32208087932271] and parameters: {'k1': 0.02714257255218683, 'D_low': 51.9967392387832, 'k2': 4.763991596630584e-05, 'D_high': 30.357607606785333, 'fire_exp': 1.010722707674549, 'P_half': 351.2704726270846, 'pre_dampen_half': 111.37963167994629, 'gpp_af': 13.560863064135962, 'gpp_b': 0.6637926838138378, 'gpp_d': 368.30088529547436, 'ign_k': 3.7173717478250508, 'ign_c': 14.367095138664217}.
[I 2026-08-06 02:43:28,293] Trial 317 finished with values: [10.372218070219658, 10.372218070219658] and parameters: {'k1': 0.00012105387404469581, 'D_low': 4.075267974954964, 'k2': 1.1184534120760473e-05, 'D_high': 20.31481195045495, 'fire_exp': 1.1044852285094786, 'P_half': 51.10120656497163, 'pre_dampen_half': 7.6110013825922485, 'gpp_af': 1.6595781802652418, 'gpp_b': 0.0025416076006960116, 'gpp_d': 368.30088529547436, 'ign_k': 0.6097546255373116, 'ign_c': 2.2882309479728957}.
[I 2026-08-06 02:43:29,357] Trial 318 finished with values: [10.723664462151604, 10.723664462151604] and parameters: {'k1': 0.00013783578294796384, 'D_low': 918.4900818511542, 'k2': 1.1184534120760473e-05, 'D_high': 7926.237587961894, 'fire_exp': 1.2943117749495199, 'P_half': 5.342106255632175, 'pre_dampen_half': 111.37963167994629, 'gpp_af': 0.0021221774916927918, 'gpp_b': 0.0025416076006960116, 'gpp_d': 368.30088529547436, 'ign_k': 0.0048255892187380085, 'ign_c': 0.6235377135673155}.
[I 2026-08-06 02:43:30,473] Trial 319 finished with values: [10.304248027484492, 10.304248027484492] and parameters: {'k1': 0.00012105387404469581, 'D_low': 4.075267974954964, 'k2': 1.1184534120760473e-05, 'D_high': 6455.595882939566, 'fire_exp': 1.1044852285094786, 'P_half': 45.55085098454082, 'pre_dampen_half': 53.73093479067421, 'gpp_af': 1.6595781802652418, 'gpp_b': 0.0025416076006960116, 'gpp_d': 368.30088529547436, 'ign_k': 0.0026834162496848666, 'ign_c': 1.8245734513362473}.
[I 2026-08-06 02:43:31,583] Trial 320 finished with values: [10.193197682781848, 10.193197682781848] and parameters: {'k1': 0.02714257255218683, 'D_low': 29.89885508829526, 'k2': 0.0001870742013766025, 'D_high': 7744.80118512745, 'fire_exp': 1.2680134752324452, 'P_half': 10.226988730324324, 'pre_dampen_half': 304.7488318185732, 'gpp_af': 13.560863064135962, 'gpp_b': 0.000832333943844274, 'gpp_d': 4.982605027348069, 'ign_k': 0.11101191524846071, 'ign_c': 10.140635645866492}.
[I 2026-08-06 02:43:32,663] Trial 321 finished with values: [10.122839770097974, 10.122839770097974] and parameters: {'k1': 7.841214856323651e-05, 'D_low': 18.522006003174383, 'k2': 1.1184534120760473e-05, 'D_high': 6455.595882939566, 'fire_exp': 1.1044852285094786, 'P_half': 125.61043700013555, 'pre_dampen_half': 107.40052367919465, 'gpp_af': 11.234842109991876, 'gpp_b': 0.0024605285374226047, 'gpp_d': 368.30088529547436, 'ign_k': 0.11101191524846071, 'ign_c': 14.367095138664217}.
[I 2026-08-06 02:43:33,790] Trial 322 finished with values: [10.627258699126685, 10.627258699126685] and parameters: {'k1': 7.841214856323651e-05, 'D_low': 50.217376233895635, 'k2': 1.1184534120760473e-05, 'D_high': 31030.112026960956, 'fire_exp': 1.1044852285094786, 'P_half': 14.94057723907974, 'pre_dampen_half': 304.7488318185732, 'gpp_af': 11.234842109991876, 'gpp_b': 3.228689523591491e-05, 'gpp_d': 368.30088529547436, 'ign_k': 0.3818468247973969, 'ign_c': 0.5110256715654393}.
[I 2026-08-06 02:43:34,902] Trial 323 finished with values: [10.316586015398437, 10.316586015398437] and parameters: {'k1': 0.016973078532467004, 'D_low': 1455.0993923603367, 'k2': 0.0001870742013766025, 'D_high': 4508.240502480678, 'fire_exp': 1.0117229084672894, 'P_half': 10.226988730324324, 'pre_dampen_half': 304.7488318185732, 'gpp_af': 2.8805537835688413, 'gpp_b': 0.011750724729953272, 'gpp_d': 4.5768578731086835, 'ign_k': 0.0026834162496848666, 'ign_c': 10.140635645866492}.
[I 2026-08-06 02:43:36,054] Trial 324 finished with values: [10.053180822146773, 10.053180822146773] and parameters: {'k1': 0.00013783578294796384, 'D_low': 1112.9571947046009, 'k2': 1.1184534120760473e-05, 'D_high': 8182.111518618414, 'fire_exp': 1.1044852285094786, 'P_half': 13.019246714361572, 'pre_dampen_half': 347.79988160923324, 'gpp_af': 1.6595781802652418, 'gpp_b': 7.402343469704428e-05, 'gpp_d': 0.3924302839842014, 'ign_k': 0.019192001101561888, 'ign_c': 8.671454322584175}.
[I 2026-08-06 02:43:37,088] Trial 325 finished with values: [10.390515028811127, 10.390515028811127] and parameters: {'k1': 0.00488137519160367, 'D_low': 4.075267974954964, 'k2': 0.0007081721844034209, 'D_high': 48249.14281180252, 'fire_exp': 1.151006986743773, 'P_half': 14.94057723907974, 'pre_dampen_half': 107.40052367919465, 'gpp_af': 20.12115544906385, 'gpp_b': 0.05693092741736214, 'gpp_d': 107.84642153666701, 'ign_k': 0.03033111747878116, 'ign_c': 6.160975294741436}.
[I 2026-08-06 02:43:38,206] Trial 326 finished with values: [10.273871210094615, 10.273871210094615] and parameters: {'k1': 0.04897760278488444, 'D_low': 2.458603276328005, 'k2': 0.034987345440353576, 'D_high': 10316.033434719713, 'fire_exp': 1.151006986743773, 'P_half': 12.808863354047988, 'pre_dampen_half': 76.86605275420082, 'gpp_af': 35.20481045526041, 'gpp_b': 0.00012797528816608022, 'gpp_d': 34.37107943937136, 'ign_k': 0.0026834162496848666, 'ign_c': 9.34330265731847}.
[I 2026-08-06 02:43:39,309] Trial 327 finished with values: [-0.43746210502036675, 0.41299673848567653] and parameters: {'k1': 0.02714257255218683, 'D_low': 918.4900818511542, 'k2': 1.1184534120760473e-05, 'D_high': 6455.595882939566, 'fire_exp': 1.1044852285094786, 'P_half': 215.55950571043874, 'pre_dampen_half': 111.37963167994629, 'gpp_af': 1.2003722333832936, 'gpp_b': 0.0002399125814348087, 'gpp_d': 368.30088529547436, 'ign_k': 0.11101191524846071, 'ign_c': 0.11272174259951144}.
[I 2026-08-06 02:43:40,416] Trial 328 finished with values: [10.360818056572862, 10.360818056572862] and parameters: {'k1': 0.04897760278488444, 'D_low': 4.051452710153359, 'k2': 0.0007081721844034209, 'D_high': 75773.14388518519, 'fire_exp': 1.151006986743773, 'P_half': 10.226988730324324, 'pre_dampen_half': 36.876350096203005, 'gpp_af': 4.095062894476692, 'gpp_b': 3.228689523591491e-05, 'gpp_d': 4.5768578731086835, 'ign_k': 0.0026834162496848666, 'ign_c': 6.160975294741436}.
[I 2026-08-06 02:43:41,593] Trial 329 finished with values: [10.127658799227131, 10.127658799227131] and parameters: {'k1': 7.841214856323651e-05, 'D_low': 1112.9571947046009, 'k2': 8.54747617666719e-05, 'D_high': 75773.14388518519, 'fire_exp': 1.1044852285094786, 'P_half': 1.4061463985176637, 'pre_dampen_half': 304.7488318185732, 'gpp_af': 0.0013243534516762826, 'gpp_b': 3.228689523591491e-05, 'gpp_d': 368.30088529547436, 'ign_k': 0.3818468247973969, 'ign_c': 0.5110256715654393}.
[I 2026-08-06 02:43:42,705] Trial 330 finished with values: [10.160204957323913, 10.160204957323913] and parameters: {'k1': 0.0029707920514735983, 'D_low': 2.458603276328005, 'k2': 0.08790311296857814, 'D_high': 7744.80118512745, 'fire_exp': 1.0881360604103363, 'P_half': 10.226988730324324, 'pre_dampen_half': 76.86605275420082, 'gpp_af': 35.20481045526041, 'gpp_b': 0.003510201564752293, 'gpp_d': 149.50343942182866, 'ign_k': 0.006912296717033066, 'ign_c': 9.34330265731847}.
[I 2026-08-06 02:43:43,809] Trial 331 finished with values: [10.209908383175009, 10.209908383175009] and parameters: {'k1': 0.01889771394135163, 'D_low': 1112.9571947046009, 'k2': 0.0007081721844034209, 'D_high': 8182.111518618414, 'fire_exp': 1.0881360604103363, 'P_half': 24.136213194527585, 'pre_dampen_half': 36.876350096203005, 'gpp_af': 29.925002022877802, 'gpp_b': 0.011750724729953272, 'gpp_d': 4.5768578731086835, 'ign_k': 0.019192001101561888, 'ign_c': 6.160975294741436}.
