[I 2026-07-25 00:32:38,523] Trial 419 finished with value: 0.5841372432381069 and parameters: {'k1': 0.00039051606553125966, 'D_low': 672.7321482538098, 'k2': 2.609987065469202e-05, 'D_high': 9678.121495607988, 'fire_exp': 2.147894005654389, 'P_half': 236.5810232757998, 'pre_dampen_half': 0.48074903027669824, 'gpp_af': 1.6344506814393218, 'gpp_b': 0.0002308513877088236, 'gpp_d': 753.2971746206593, 'ign_k': 0.002992492767673622, 'ign_c': 45.545640586103836, 'trop_agb_crit': 20.158591322399577, 'trop_k_veg': 3.6239165404743248, 'gdp_gamma': 1.6392073367054116, 'cure_k': 0.0010037721549866912, 'cure_p_min': 217.01591808203642, 'cure_gpp_ref': 0.22049067144624096, 'cure_agb_crit': 4.987758625445285, 'fuel_k': 0.19847758421471015, 'fuel_half': 35.03147719168239}. Best is trial 0 with value: -0.6232552202351066.
[I 2026-07-25 00:32:38,971] Trial 420 finished with value: 0.5549726538879133 and parameters: {'k1': 0.0004535841495291674, 'D_low': 5735.731724275599, 'k2': 0.06704072046926914, 'D_high': 6015079.904350524, 'fire_exp': 6.747392108445604, 'P_half': 82.14476361347037, 'pre_dampen_half': 25.245403057160164, 'gpp_af': 2.586295105589571, 'gpp_b': 4.8040577096289065e-05, 'gpp_d': 100.85635158661445, 'ign_k': 0.007430917778121641, 'ign_c': 0.47586056482762673, 'trop_agb_crit': 7.310502912757035, 'trop_k_veg': 1.1640900186190912, 'gdp_gamma': 0.8068083614561831, 'cure_k': 0.04017869598025041, 'cure_p_min': 375.17606103426516, 'cure_gpp_ref': 0.07672082628163154, 'cure_agb_crit': 4.1239077293426805, 'fuel_k': 0.01801404454328203, 'fuel_half': 19.914115579634327}. Best is trial 0 with value: -0.6232552202351066.
[I 2026-07-25 00:32:39,419] Trial 421 finished with value: 0.46722151166124903 and parameters: {'k1': 0.00042511165158663734, 'D_low': 53.27069535557324, 'k2': 0.021651123464093303, 'D_high': 3158739.9937783713, 'fire_exp': 1.0405440277588818, 'P_half': 1232.060829801027, 'pre_dampen_half': 60.18062779223618, 'gpp_af': 0.003573722072928752, 'gpp_b': 6.214712597207633e-05, 'gpp_d': 219.87299205654162, 'ign_k': 0.0015105829217194643, 'ign_c': 15.389754133191435, 'trop_agb_crit': 11.888246847614669, 'trop_k_veg': 0.8120060232737816, 'gdp_gamma': 1.3601536941096033, 'cure_k': 0.009157888977901608, 'cure_p_min': 146.7170397680567, 'cure_gpp_ref': 0.12802304950060742, 'cure_agb_crit': 4.647549025578559, 'fuel_k': 0.014068936445105214, 'fuel_half': 13.163125605864497}. Best is trial 0 with value: -0.6232552202351066.
[I 2026-07-25 00:32:39,872] Trial 422 finished with value: 0.42956014005557996 and parameters: {'k1': 4.7670664355452036e-05, 'D_low': 1062.3044327709758, 'k2': 0.005348843114105071, 'D_high': 490196.6094597276, 'fire_exp': 1.3620693970774012, 'P_half': 12.022021512646193, 'pre_dampen_half': 0.4349720158977186, 'gpp_af': 24.762148764905778, 'gpp_b': 0.01678708093516437, 'gpp_d': 72.33287533556606, 'ign_k': 0.02941874679203235, 'ign_c': 0.3560572851738078, 'trop_agb_crit': 27.994596924940755, 'trop_k_veg': 0.9031965240174888, 'gdp_gamma': 0.758109031516748, 'cure_k': 0.024958616757482382, 'cure_p_min': 378.16514248712326, 'cure_gpp_ref': 0.22909370096796144, 'cure_agb_crit': 6.175356720006723, 'fuel_k': 0.08397847670919097, 'fuel_half': 1.055716578710488}. Best is trial 0 with value: -0.6232552202351066.
[I 2026-07-25 00:32:40,320] Trial 423 finished with value: 0.5260951823778912 and parameters: {'k1': 1.5940230285596856e-05, 'D_low': 17.043485053839742, 'k2': 3.8956953205636504e-05, 'D_high': 183.54219740067353, 'fire_exp': 1.2723562660332393, 'P_half': 2.0417581945936827, 'pre_dampen_half': 0.27922944594936017, 'gpp_af': 0.006254612440123758, 'gpp_b': 1.266195459040346e-05, 'gpp_d': 131.28557130539704, 'ign_k': 0.012003193182645916, 'ign_c': 0.25103105082620447, 'trop_agb_crit': 1.1024052214505464, 'trop_k_veg': 4.99413591584395, 'gdp_gamma': 1.0003816938456565, 'cure_k': 0.026499044127442795, 'cure_p_min': 303.54298135931356, 'cure_gpp_ref': 0.47647426065468745, 'cure_agb_crit': 1.2307559419226295, 'fuel_k': 0.05841283113875783, 'fuel_half': 22.80363723302309}. Best is trial 0 with value: -0.6232552202351066.
[I 2026-07-25 00:32:40,768] Trial 424 finished with value: -0.5754415509518201 and parameters: {'k1': 0.0007732645495551925, 'D_low': 3737.670809914712, 'k2': 0.0011213020067253816, 'D_high': 41615.11758620562, 'fire_exp': 2.5721848864388406, 'P_half': 80.55934384284595, 'pre_dampen_half': 0.9864837065779108, 'gpp_af': 57.58357773811555, 'gpp_b': 0.0013773752355799238, 'gpp_d': 613.7635070614483, 'ign_k': 0.17013301721966584, 'ign_c': 0.8082473875177134, 'trop_agb_crit': 8.11555437261786, 'trop_k_veg': 5.173136988322822, 'gdp_gamma': 1.0620849177821967, 'cure_k': 0.0010675994503211823, 'cure_p_min': 383.70442353748354, 'cure_gpp_ref': 1.4572962238001417, 'cure_agb_crit': 5.717708392713907, 'fuel_k': 0.0382644160075521, 'fuel_half': 2.2836968288434325}. Best is trial 0 with value: -0.6232552202351066.
[I 2026-07-25 00:32:41,219] Trial 425 finished with value: -0.5819399849338375 and parameters: {'k1': 0.0001955123809815816, 'D_low': 1207.014271070392, 'k2': 0.0026928376395805166, 'D_high': 475123.2176695802, 'fire_exp': 2.90932901964292, 'P_half': 181.7061029533303, 'pre_dampen_half': 13.394720124788766, 'gpp_af': 18.48361470716136, 'gpp_b': 0.0008827998123932477, 'gpp_d': 43.13200305360919, 'ign_k': 0.09894105959340609, 'ign_c': 1.3863495028509112, 'trop_agb_crit': 10.863155444978824, 'trop_k_veg': 3.1971731781130126, 'gdp_gamma': 0.46104383909017693, 'cure_k': 0.0011582406489710198, 'cure_p_min': 364.32806964591765, 'cure_gpp_ref': 1.0678207853606074, 'cure_agb_crit': 6.358278343204667, 'fuel_k': 0.023922832247425495, 'fuel_half': 0.39647577355558833}. Best is trial 0 with value: -0.6232552202351066.
[I 2026-07-25 00:32:41,667] Trial 426 finished with value: 0.5905701767698325 and parameters: {'k1': 5.1219852551987786e-05, 'D_low': 1099.571447660305, 'k2': 0.0002594204397395159, 'D_high': 61257.74010572753, 'fire_exp': 4.090044483712589, 'P_half': 1411.7775627413846, 'pre_dampen_half': 1.0699880498130931, 'gpp_af': 17.58405286247152, 'gpp_b': 0.0064659394950317495, 'gpp_d': 75.29396431847427, 'ign_k': 0.08353410216912273, 'ign_c': 1.3499430846698526, 'trop_agb_crit': 7.317901108978705, 'trop_k_veg': 5.251850736113656, 'gdp_gamma': 1.7846241148631206, 'cure_k': 0.005218620911546957, 'cure_p_min': 380.17067851755036, 'cure_gpp_ref': 1.0036001352488317, 'cure_agb_crit': 6.774309990123569, 'fuel_k': 0.10903770956937521, 'fuel_half': 0.1725988206612118}. Best is trial 0 with value: -0.6232552202351066.
[I 2026-07-25 00:32:42,115] Trial 427 finished with value: 0.49721925299895064 and parameters: {'k1': 0.009794429058167528, 'D_low': 2878.974427501148, 'k2': 0.0004062077218929838, 'D_high': 58251.7782324891, 'fire_exp': 1.5213393314694366, 'P_half': 40.6923610562127, 'pre_dampen_half': 0.13509023665078151, 'gpp_af': 51.298919750848725, 'gpp_b': 5.673442191093186e-05, 'gpp_d': 124.30009199601993, 'ign_k': 1.8284925435585015, 'ign_c': 1.4650716455972181, 'trop_agb_crit': 3.3869538147445613, 'trop_k_veg': 3.9730668115597396, 'gdp_gamma': 0.23982639021231883, 'cure_k': 0.009578064930533993, 'cure_p_min': 293.1954889654428, 'cure_gpp_ref': 1.4035109122921445, 'cure_agb_crit': 6.013296367342388, 'fuel_k': 0.012870648060268169, 'fuel_half': 2.0071720064987435}. Best is trial 0 with value: -0.6232552202351066.
[I 2026-07-25 00:32:42,562] Trial 428 finished with value: 0.474295298625525 and parameters: {'k1': 0.00034276804705034324, 'D_low': 9036.228087524227, 'k2': 0.00028960817286155396, 'D_high': 4118869.5428886, 'fire_exp': 1.8257938869138568, 'P_half': 4.836804909593275, 'pre_dampen_half': 0.05457817938696825, 'gpp_af': 2.148981707959273, 'gpp_b': 0.0011979587813975, 'gpp_d': 32.39419456661741, 'ign_k': 0.0044273583097115205, 'ign_c': 51.808348822215436, 'trop_agb_crit': 15.818539303349931, 'trop_k_veg': 2.439678447969599, 'gdp_gamma': 1.533961041397166, 'cure_k': 0.003495602678649709, 'cure_p_min': 316.5514035903617, 'cure_gpp_ref': 0.15432841250610363, 'cure_agb_crit': 7.38835737810271, 'fuel_k': 0.10826022706015136, 'fuel_half': 17.89648698213111}. Best is trial 0 with value: -0.6232552202351066.
[I 2026-07-25 00:32:43,017] Trial 429 finished with value: 0.4792756996099732 and parameters: {'k1': 0.00047239189277265605, 'D_low': 1.193099378720149, 'k2': 0.0010667018359585957, 'D_high': 3009944.8667883202, 'fire_exp': 4.246173401375519, 'P_half': 25.234661997294612, 'pre_dampen_half': 1.9852920332031243, 'gpp_af': 5.301248685881078, 'gpp_b': 1.0033928042366278e-05, 'gpp_d': 891.4204851788795, 'ign_k': 0.01038564636156346, 'ign_c': 0.19779964829465274, 'trop_agb_crit': 20.385234789931193, 'trop_k_veg': 0.8234153685702835, 'gdp_gamma': 1.6111269646627664, 'cure_k': 0.019853686578974107, 'cure_p_min': 356.06263127602176, 'cure_gpp_ref': 0.6485502145624098, 'cure_agb_crit': 4.488128524029055, 'fuel_k': 0.016911578276419183, 'fuel_half': 11.040682655275047}. Best is trial 0 with value: -0.6232552202351066.
[I 2026-07-25 00:32:43,468] Trial 430 finished with value: 0.47418176876939844 and parameters: {'k1': 0.0005441860174034427, 'D_low': 7053.40093069495, 'k2': 0.013145488565555396, 'D_high': 967523.8592760299, 'fire_exp': 4.708788322034454, 'P_half': 84.8328966691041, 'pre_dampen_half': 69.91324201168216, 'gpp_af': 4.798212515777225, 'gpp_b': 0.011901859150275352, 'gpp_d': 9.065241654805726, 'ign_k': 0.10395082240794873, 'ign_c': 3.250491366099595, 'trop_agb_crit': 13.628266929260995, 'trop_k_veg': 1.333385213648883, 'gdp_gamma': 0.21194963357443028, 'cure_k': 0.04145909070915107, 'cure_p_min': 345.3391876420995, 'cure_gpp_ref': 1.6437522566789342, 'cure_agb_crit': 6.234555646590231, 'fuel_k': 0.08826896952950693, 'fuel_half': 0.10399979499001312}. Best is trial 0 with value: -0.6232552202351066.
[I 2026-07-25 00:32:43,916] Trial 431 finished with value: 0.5073996137056079 and parameters: {'k1': 0.00021424365330400326, 'D_low': 38522.795513430756, 'k2': 0.054542821016585204, 'D_high': 1342965.0873762914, 'fire_exp': 1.6864012408236984, 'P_half': 28.188285826138998, 'pre_dampen_half': 2.790619454193007, 'gpp_af': 20.620080404806064, 'gpp_b': 0.00010493332802228358, 'gpp_d': 922.9323273743827, 'ign_k': 2.591820009768912, 'ign_c': 1.3172096273183607, 'trop_agb_crit': 5.646572777368911, 'trop_k_veg': 6.477102263970179, 'gdp_gamma': 0.4743028123176478, 'cure_k': 0.0022204666975403457, 'cure_p_min': 338.9397359991669, 'cure_gpp_ref': 0.34242569237162607, 'cure_agb_crit': 5.5387677361356795, 'fuel_k': 0.049205823625287304, 'fuel_half': 0.6999905252280539}. Best is trial 0 with value: -0.6232552202351066.
[I 2026-07-25 00:32:44,366] Trial 432 finished with value: -0.5209193689200814 and parameters: {'k1': 0.0010191951604764677, 'D_low': 1027.072830274119, 'k2': 0.0015477308821251995, 'D_high': 1000028.3264373954, 'fire_exp': 1.8946448615168017, 'P_half': 150.66019432469656, 'pre_dampen_half': 476.15324790051267, 'gpp_af': 5.367660281987474, 'gpp_b': 4.091386845153108e-05, 'gpp_d': 3.1294891179307336, 'ign_k': 0.01352397024056379, 'ign_c': 1.2612729330317747, 'trop_agb_crit': 13.073850080666904, 'trop_k_veg': 2.6279011268467127, 'gdp_gamma': 0.47269054305843977, 'cure_k': 0.019283387247549574, 'cure_p_min': 372.10758103486796, 'cure_gpp_ref': 0.8234957292397105, 'cure_agb_crit': 5.0490574152115855, 'fuel_k': 0.03917946073300829, 'fuel_half': 0.7118455140421898}. Best is trial 0 with value: -0.6232552202351066.
[I 2026-07-25 00:32:44,814] Trial 433 finished with value: 0.44431756066822725 and parameters: {'k1': 0.0008530837664050242, 'D_low': 738.1361547108, 'k2': 1.0823096375646143e-05, 'D_high': 3526169.1538453526, 'fire_exp': 1.9992912659123687, 'P_half': 76.9163427211322, 'pre_dampen_half': 15.62536934076306, 'gpp_af': 3.716913573191402, 'gpp_b': 0.00014710269992946782, 'gpp_d': 331.94393985977337, 'ign_k': 0.0045173867959776935, 'ign_c': 0.6104914991196957, 'trop_agb_crit': 11.678946157694279, 'trop_k_veg': 1.6762575130570798, 'gdp_gamma': 1.3319822120477773, 'cure_k': 0.008884595937115195, 'cure_p_min': 283.55744726465224, 'cure_gpp_ref': 0.3905824859458928, 'cure_agb_crit': 5.496457187384471, 'fuel_k': 0.02379509246392674, 'fuel_half': 20.307965753205718}. Best is trial 0 with value: -0.6232552202351066.
[I 2026-07-25 00:32:45,259] Trial 434 finished with value: 0.5798864560330218 and parameters: {'k1': 0.00013803840336220268, 'D_low': 202.39368822930945, 'k2': 4.705313037877583e-05, 'D_high': 102902.88536732778, 'fire_exp': 1.0545694294041053, 'P_half': 55.506906584874834, 'pre_dampen_half': 0.01770416420193959, 'gpp_af': 0.02104572671045687, 'gpp_b': 0.554338572377935, 'gpp_d': 1.1981520621539448, 'ign_k': 0.02341660138333601, 'ign_c': 0.18302368651306913, 'trop_agb_crit': 1.1657645280407953, 'trop_k_veg': 6.68529716022987, 'gdp_gamma': 0.39014670050199635, 'cure_k': 0.04428273932714823, 'cure_p_min': 169.52100534894035, 'cure_gpp_ref': 0.17202770110066123, 'cure_agb_crit': 1.421145201261915, 'fuel_k': 0.05989026367977942, 'fuel_half': 2.3370243981505214}. Best is trial 0 with value: -0.6232552202351066.
[I 2026-07-25 00:32:45,711] Trial 435 finished with value: 0.593603914482409 and parameters: {'k1': 0.005137814583842146, 'D_low': 11030.664427444122, 'k2': 0.0011359244406623438, 'D_high': 24795.78696268528, 'fire_exp': 3.8681741477627, 'P_half': 69.31940518730663, 'pre_dampen_half': 0.37606080067496156, 'gpp_af': 76.39830153462142, 'gpp_b': 0.01362891417782279, 'gpp_d': 47.197849442257166, 'ign_k': 0.8562237693504824, 'ign_c': 4.276958493676842, 'trop_agb_crit': 5.320353347467628, 'trop_k_veg': 4.199423528859391, 'gdp_gamma': 0.15357825607767833, 'cure_k': 0.0020416060794771324, 'cure_p_min': 377.9901594934334, 'cure_gpp_ref': 1.4952451930190096, 'cure_agb_crit': 7.666637698856473, 'fuel_k': 0.019396498285525785, 'fuel_half': 2.218267740290021}. Best is trial 0 with value: -0.6232552202351066.
[I 2026-07-25 00:32:46,160] Trial 436 finished with value: 0.42687450282111583 and parameters: {'k1': 3.285976095235327e-05, 'D_low': 136.7328324338279, 'k2': 0.01581641134322818, 'D_high': 17332.697843873717, 'fire_exp': 1.4848382684975343, 'P_half': 162.03107749792275, 'pre_dampen_half': 24.15384171375807, 'gpp_af': 15.118221390916053, 'gpp_b': 0.023401142948328763, 'gpp_d': 83.03671363494918, 'ign_k': 0.13794822561032585, 'ign_c': 2.577977634677699, 'trop_agb_crit': 18.310167303781697, 'trop_k_veg': 3.572127310920673, 'gdp_gamma': 0.5689750121116529, 'cure_k': 0.0045029665798171125, 'cure_p_min': 272.02539192510454, 'cure_gpp_ref': 1.97969663812756, 'cure_agb_crit': 3.56604916169988, 'fuel_k': 0.013216993447568742, 'fuel_half': 0.23407854812198287}. Best is trial 0 with value: -0.6232552202351066.
[I 2026-07-25 00:32:46,623] Trial 437 finished with value: 0.6022906850862003 and parameters: {'k1': 0.0004194787689952583, 'D_low': 164464.19848057086, 'k2': 0.0002669913399391877, 'D_high': 49000.45641283095, 'fire_exp': 5.1805512829965945, 'P_half': 2.445425284180374, 'pre_dampen_half': 10.547829017589857, 'gpp_af': 98.74072489873657, 'gpp_b': 0.005877418733554993, 'gpp_d': 675.6613076680524, 'ign_k': 0.08181564131153911, 'ign_c': 2.2151400713509695, 'trop_agb_crit': 22.111846774466134, 'trop_k_veg': 3.8447917300332546, 'gdp_gamma': 0.5795340353468889, 'cure_k': 0.006433211986409107, 'cure_p_min': 398.60814493201826, 'cure_gpp_ref': 1.6658912739754987, 'cure_agb_crit': 5.784776357327148, 'fuel_k': 0.025083783217368066, 'fuel_half': 1.8983556375403965}. Best is trial 0 with value: -0.6232552202351066.
[I 2026-07-25 00:32:47,114] Trial 438 finished with value: 0.5976351171729819 and parameters: {'k1': 0.00018834472502069483, 'D_low': 8596.300890794917, 'k2': 0.0025582401770774988, 'D_high': 1625.681754131388, 'fire_exp': 2.040660574325263, 'P_half': 218.64568002681375, 'pre_dampen_half': 3.1006320068265474, 'gpp_af': 14.172567864790693, 'gpp_b': 0.0005838193140502072, 'gpp_d': 7.061849771376475, 'ign_k': 0.4128059740227207, 'ign_c': 1.0750097139759025, 'trop_agb_crit': 7.51843681126471, 'trop_k_veg': 4.524083463182157, 'gdp_gamma': 0.5052515278410947, 'cure_k': 0.0022536029680930037, 'cure_p_min': 338.2550375964201, 'cure_gpp_ref': 0.6813093303896055, 'cure_agb_crit': 6.059715224371353, 'fuel_k': 0.04236598857889075, 'fuel_half': 10.420165985332398}. Best is trial 0 with value: -0.6232552202351066.
[I 2026-07-25 00:32:47,569] Trial 439 finished with value: 0.512472245234884 and parameters: {'k1': 0.0002393681746916315, 'D_low': 604.7673889632769, 'k2': 0.00024056456359508813, 'D_high': 2622220.5083921426, 'fire_exp': 2.962984662999331, 'P_half': 14.518180435761879, 'pre_dampen_half': 0.06721690662257776, 'gpp_af': 1.624462846032422, 'gpp_b': 1.1908322739072107e-05, 'gpp_d': 19.79478834311811, 'ign_k': 0.0046131399295961896, 'ign_c': 3.069511448818089, 'trop_agb_crit': 11.121570802888922, 'trop_k_veg': 2.297825235024144, 'gdp_gamma': 1.2139431877859532, 'cure_k': 0.003171895162384549, 'cure_p_min': 392.20649356969784, 'cure_gpp_ref': 0.8921263732920246, 'cure_agb_crit': 2.7054064411394108, 'fuel_k': 0.04888137590326086, 'fuel_half': 2.714849883944249}. Best is trial 0 with value: -0.6232552202351066.
[I 2026-07-25 00:32:48,019] Trial 440 finished with value: 0.581696751842893 and parameters: {'k1': 0.0002872206492553426, 'D_low': 991.8247703553568, 'k2': 0.008072033241060077, 'D_high': 5614782.457386888, 'fire_exp': 3.5404760745075095, 'P_half': 450.61619876742526, 'pre_dampen_half': 0.45215227367455924, 'gpp_af': 4.689189062151026, 'gpp_b': 0.001081711268475512, 'gpp_d': 80.41765176575541, 'ign_k': 0.02325361507731698, 'ign_c': 1.8039313137418922, 'trop_agb_crit': 10.352308873648587, 'trop_k_veg': 4.361840779793469, 'gdp_gamma': 0.2823493950739442, 'cure_k': 0.001259257570990297, 'cure_p_min': 364.4097265966473, 'cure_gpp_ref': 1.6792548162761864, 'cure_agb_crit': 6.270241867711949, 'fuel_k': 0.014900981973666102, 'fuel_half': 0.1740962328358228}. Best is trial 0 with value: -0.6232552202351066.
[I 2026-07-25 00:32:48,468] Trial 441 finished with value: 0.6059159984036414 and parameters: {'k1': 0.0014836247897877953, 'D_low': 66951.16717044938, 'k2': 0.00012864459663560176, 'D_high': 32285.332943692167, 'fire_exp': 2.118703201010459, 'P_half': 13.302274462564485, 'pre_dampen_half': 0.07882363818662615, 'gpp_af': 1.9312689555237224, 'gpp_b': 0.035585363213750894, 'gpp_d': 600.5858443018923, 'ign_k': 0.21366817756453055, 'ign_c': 0.11175532843036275, 'trop_agb_crit': 16.736162564319077, 'trop_k_veg': 4.813273143051056, 'gdp_gamma': 0.3564319741525064, 'cure_k': 0.003994042626903682, 'cure_p_min': 361.3170506100542, 'cure_gpp_ref': 1.9090928079495186, 'cure_agb_crit': 7.374507612735713, 'fuel_k': 0.05842505347122499, 'fuel_half': 3.9284274509833272}. Best is trial 0 with value: -0.6232552202351066.
[I 2026-07-25 00:32:48,918] Trial 442 finished with value: 0.5752305062938652 and parameters: {'k1': 0.00016478099533576986, 'D_low': 17286.218646691883, 'k2': 0.00016352435396434884, 'D_high': 138455.6915252847, 'fire_exp': 1.4944727675004714, 'P_half': 36.86235496425983, 'pre_dampen_half': 0.2083601639047649, 'gpp_af': 7.665521458143346, 'gpp_b': 0.0005480797832304916, 'gpp_d': 45.9443110348343, 'ign_k': 0.0052063151731165215, 'ign_c': 11.63846829055575, 'trop_agb_crit': 16.998381176740907, 'trop_k_veg': 4.536471792246191, 'gdp_gamma': 0.04878147030331045, 'cure_k': 0.004777657315630699, 'cure_p_min': 339.2449298059444, 'cure_gpp_ref': 0.5679804514766112, 'cure_agb_crit': 3.29670312321171, 'fuel_k': 0.01338830950085249, 'fuel_half': 50.44327815179022}. Best is trial 0 with value: -0.6232552202351066.
[I 2026-07-25 00:32:49,368] Trial 443 finished with value: 0.48455107446271994 and parameters: {'k1': 0.00031120454302884556, 'D_low': 311.51012122003806, 'k2': 1.99534155354266e-05, 'D_high': 11900.024143813736, 'fire_exp': 1.4664121347112158, 'P_half': 2.3134197358099216, 'pre_dampen_half': 1.5287832180960408, 'gpp_af': 36.6504025899826, 'gpp_b': 2.111991310590057e-05, 'gpp_d': 284.7272308794342, 'ign_k': 0.01036907373715754, 'ign_c': 1.8734044048768865, 'trop_agb_crit': 10.13976844578165, 'trop_k_veg': 0.535582653047909, 'gdp_gamma': 1.3860738544191504, 'cure_k': 0.008962293585403009, 'cure_p_min': 362.16746481666195, 'cure_gpp_ref': 0.3991089602235456, 'cure_agb_crit': 5.134509319210016, 'fuel_k': 0.017939485835235365, 'fuel_half': 4.199539245534543}. Best is trial 0 with value: -0.6232552202351066.
[I 2026-07-25 00:32:49,820] Trial 444 finished with value: 0.507240442424016 and parameters: {'k1': 0.011682251331153384, 'D_low': 185.21801306142467, 'k2': 0.017933538616552395, 'D_high': 4679411.125423049, 'fire_exp': 1.4260968293417076, 'P_half': 43.3106602992404, 'pre_dampen_half': 5.231655525168252, 'gpp_af': 87.55320443390062, 'gpp_b': 0.0011669375728232843, 'gpp_d': 115.64694864816292, 'ign_k': 0.1470119699135146, 'ign_c': 1.7737270200203938, 'trop_agb_crit': 17.67690294059744, 'trop_k_veg': 0.7047458852787408, 'gdp_gamma': 0.41049560100642374, 'cure_k': 0.0032146448835936635, 'cure_p_min': 329.7309387933625, 'cure_gpp_ref': 0.1476875102358485, 'cure_agb_crit': 2.7708863199033344, 'fuel_k': 0.33846110220560593, 'fuel_half': 6.176187549375213}. Best is trial 0 with value: -0.6232552202351066.
