[I 2026-06-11 12:51:12,212] Trial 266 finished with values: [10.578272269174152, 10.578272269174152] and parameters: {'k1': 0.00023134781612225627, 'D_low': 1.7551403048208316, 'k2': 1.1417577140741129e-05, 'D_high': 29.126651668813768, 'fire_exp': 1.811096651915224, 'P_half': 9.580682294110435, 'pre_dampen_half': 189.88136301569827, 'gpp_af': 0.9219336658511308, 'gpp_b': 0.00031478066835753096, 'gpp_d': 0.1619054449471649, 'ign_k': 0.00660597889201953, 'ign_c': 7.081721844034206, 'trop_agb_crit': 12.708819454040446, 'trop_k_veg': 1.6648666152166967, 'fire_amp': 1.1655705619308396}.
[I 2026-06-11 12:51:13,112] Trial 267 finished with values: [10.05170277296497, 10.05170277296497] and parameters: {'k1': 0.006079905434073396, 'D_low': 43.2326421037033, 'k2': 2.316457903103837e-05, 'D_high': 2295.7398214549485, 'fire_exp': 1.7792742686803427, 'P_half': 157.3644610977214, 'pre_dampen_half': 189.36639872354493, 'gpp_af': 1.9998014714101113, 'gpp_b': 0.006999112505425414, 'gpp_d': 594.7389794988394, 'ign_k': 0.8945150807271531, 'ign_c': 7.832259769732471, 'trop_agb_crit': 1.438876022196885, 'trop_k_veg': 1.6648666152166967, 'fire_amp': 1.5587346124822492}.
[I 2026-06-11 12:51:14,029] Trial 268 finished with values: [-0.41036614288454426, 0.14967084586915247] and parameters: {'k1': 0.03648456083047798, 'D_low': 1.4002277211577039, 'k2': 0.019383858782150494, 'D_high': 315.101491238403, 'fire_exp': 1.2060040899560858, 'P_half': 102.93072560417136, 'pre_dampen_half': 4.847666216751353, 'gpp_af': 0.060029341913968644, 'gpp_b': 1.4008921101492135e-05, 'gpp_d': 1.4397852866783676, 'ign_k': 0.0032383308053152635, 'ign_c': 0.4177928311636542, 'trop_agb_crit': 7.332660227137139, 'trop_k_veg': 1.6648666152166967, 'fire_amp': 2.7806853670293616}.
[I 2026-06-11 12:51:14,994] Trial 269 finished with values: [10.505191669682638, 10.505191669682638] and parameters: {'k1': 0.016973078532467004, 'D_low': 2.843767489444367, 'k2': 0.0001280886335404798, 'D_high': 32311.521854410956, 'fire_exp': 1.6901885781909627, 'P_half': 5.4712187293420325, 'pre_dampen_half': 121.93011993958949, 'gpp_af': 6.384685545228285, 'gpp_b': 0.015062722325200045, 'gpp_d': 0.1619054449471649, 'ign_k': 0.002357279455676982, 'ign_c': 388.02797007866826, 'trop_agb_crit': 24.199763404822136, 'trop_k_veg': 1.2749676887479542, 'fire_amp': 1.5719333351012774}.
[I 2026-06-11 12:51:15,930] Trial 270 finished with values: [10.696530963303658, 10.696530963303658] and parameters: {'k1': 5.178197947282869e-05, 'D_low': 408.3047491580097, 'k2': 8.968733598183248e-05, 'D_high': 24.9899605789089, 'fire_exp': 1.7505406131449859, 'P_half': 9.580682294110435, 'pre_dampen_half': 121.93011993958949, 'gpp_af': 0.07118041471054574, 'gpp_b': 0.015062722325200045, 'gpp_d': 0.1619054449471649, 'ign_k': 0.002357279455676982, 'ign_c': 1.4879588507789996, 'trop_agb_crit': 24.199763404822136, 'trop_k_veg': 0.5183533149347164, 'fire_amp': 1.5719333351012774}.
[I 2026-06-11 12:51:16,871] Trial 271 finished with values: [-0.6664270243567638, 0.1288243761555039] and parameters: {'k1': 0.016973078532467004, 'D_low': 146.24004590125713, 'k2': 0.019383858782150494, 'D_high': 32311.521854410956, 'fire_exp': 1.2060040899560858, 'P_half': 12.262543158860007, 'pre_dampen_half': 189.36639872354493, 'gpp_af': 3.298293484806585, 'gpp_b': 0.015062722325200045, 'gpp_d': 0.1619054449471649, 'ign_k': 0.09256855841989636, 'ign_c': 1.364908766641693, 'trop_agb_crit': 1.8023542850487386, 'trop_k_veg': 1.6648666152166967, 'fire_amp': 1.5719333351012774}.
[I 2026-06-11 12:51:17,805] Trial 272 finished with values: [10.282127734878143, 10.282127734878143] and parameters: {'k1': 9.132348475718357e-05, 'D_low': 15.0613200804335, 'k2': 5.153993511603138e-05, 'D_high': 69868.4759244566, 'fire_exp': 1.3807440352456883, 'P_half': 45.55085098454082, 'pre_dampen_half': 4.847666216751353, 'gpp_af': 29.700320404259642, 'gpp_b': 0.010307896803108956, 'gpp_d': 1.336803341156552, 'ign_k': 0.0032383308053152635, 'ign_c': 99.96359851911319, 'trop_agb_crit': 2.100813292597435, 'trop_k_veg': 6.963655030926962, 'fire_amp': 5.615047466686494}.
[I 2026-06-11 12:51:18,756] Trial 273 finished with values: [10.76923076888676, 10.76923076888676] and parameters: {'k1': 0.0001887567630782227, 'D_low': 2396.0796124300746, 'k2': 5.5686900831970225e-05, 'D_high': 27.55546207779663, 'fire_exp': 1.9783727454920947, 'P_half': 51.10120656497163, 'pre_dampen_half': 123.04779330083686, 'gpp_af': 20.12115544906385, 'gpp_b': 1.8400604093141188, 'gpp_d': 20.81401325574021, 'ign_k': 1.636529060071807, 'ign_c': 388.02797007866826, 'trop_agb_crit': 1.8285200278523417, 'trop_k_veg': 4.0068236274914755, 'fire_amp': 5.416595007374148}.
[I 2026-06-11 12:51:19,741] Trial 274 finished with values: [10.663373533991265, 10.663373533991265] and parameters: {'k1': 0.00026539376439360527, 'D_low': 23.307122788234057, 'k2': 0.019383858782150494, 'D_high': 6682.9607218310075, 'fire_exp': 4.291626251159958, 'P_half': 2.226799690893868, 'pre_dampen_half': 189.88136301569827, 'gpp_af': 27.78052183438328, 'gpp_b': 0.006999112505425414, 'gpp_d': 1.4397852866783676, 'ign_k': 1.636529060071807, 'ign_c': 7.832259769732471, 'trop_agb_crit': 1.8285200278523417, 'trop_k_veg': 4.0068236274914755, 'fire_amp': 2.042193818779288}.
[I 2026-06-11 12:51:20,697] Trial 275 finished with values: [-0.5329545451053879, 0.13512437356116758] and parameters: {'k1': 0.05347027553411487, 'D_low': 236.79352040223893, 'k2': 0.0012030178871154666, 'D_high': 1266.9536563782303, 'fire_exp': 1.2798881300289222, 'P_half': 436.4516946807792, 'pre_dampen_half': 75.10418138777538, 'gpp_af': 0.060029341913968644, 'gpp_b': 1.4008921101492135e-05, 'gpp_d': 0.7698760608299932, 'ign_k': 4.869640941520899, 'ign_c': 2.2882309479728957, 'trop_agb_crit': 2.100813292597435, 'trop_k_veg': 6.963655030926962, 'fire_amp': 1.7912500010961188}.
[I 2026-06-11 12:51:21,586] Trial 276 finished with values: [10.628551757850309, 10.628551757850309] and parameters: {'k1': 2.570626095678496e-05, 'D_low': 408.3047491580097, 'k2': 1.1417577140741129e-05, 'D_high': 29.126651668813768, 'fire_exp': 1.111738490499784, 'P_half': 12.262543158860007, 'pre_dampen_half': 1.8469033699850426, 'gpp_af': 0.41874665092828456, 'gpp_b': 0.006999112505425414, 'gpp_d': 1.0088237648985734, 'ign_k': 0.17320535908244444, 'ign_c': 7.832259769732471, 'trop_agb_crit': 21.086120736447015, 'trop_k_veg': 1.6648666152166967, 'fire_amp': 5.44779717154213}.
[I 2026-06-11 12:51:22,509] Trial 277 finished with values: [10.769054609398653, 10.769054609398653] and parameters: {'k1': 0.012840669372724958, 'D_low': 408.3047491580097, 'k2': 0.019383858782150494, 'D_high': 24.9899605789089, 'fire_exp': 1.41873960828944, 'P_half': 51.10120656497163, 'pre_dampen_half': 4.847666216751353, 'gpp_af': 0.060029341913968644, 'gpp_b': 0.0012611058927054877, 'gpp_d': 0.1619054449471649, 'ign_k': 0.002357279455676982, 'ign_c': 1.364908766641693, 'trop_agb_crit': 21.380932890222198, 'trop_k_veg': 0.5183533149347164, 'fire_amp': 5.416595007374148}.
[I 2026-06-11 12:51:23,432] Trial 278 finished with values: [10.768138723257106, 10.768138723257106] and parameters: {'k1': 0.006079905434073396, 'D_low': 43.2326421037033, 'k2': 4.933751600448335e-05, 'D_high': 21.095259085905752, 'fire_exp': 8.654231079054446, 'P_half': 7.598586431588784, 'pre_dampen_half': 189.88136301569827, 'gpp_af': 1.9998014714101113, 'gpp_b': 0.00047819318414852577, 'gpp_d': 21.899070557043984, 'ign_k': 0.8945150807271531, 'ign_c': 1.4879588507789996, 'trop_agb_crit': 8.0091368834625, 'trop_k_veg': 0.5183533149347164, 'fire_amp': 1.1655705619308396}.
[I 2026-06-11 12:51:24,353] Trial 279 finished with values: [10.490206823444268, 10.490206823444268] and parameters: {'k1': 0.03648456083047798, 'D_low': 148.21691630007544, 'k2': 0.002090955698118952, 'D_high': 1266.9536563782303, 'fire_exp': 1.2060040899560858, 'P_half': 12.262543158860007, 'pre_dampen_half': 189.36639872354493, 'gpp_af': 0.10098504976210308, 'gpp_b': 0.006999112505425414, 'gpp_d': 0.030844007727232167, 'ign_k': 0.004105873950290761, 'ign_c': 22.126836566118193, 'trop_agb_crit': 5.588032458772675, 'trop_k_veg': 2.724170387400844, 'fire_amp': 5.44779717154213}.
[I 2026-06-11 12:51:25,322] Trial 280 finished with values: [10.769172579365087, 10.769172579365087] and parameters: {'k1': 0.03648456083047798, 'D_low': 236.79352040223893, 'k2': 0.019383858782150494, 'D_high': 24.9899605789089, 'fire_exp': 1.7505406131449859, 'P_half': 564.3426708406568, 'pre_dampen_half': 189.88136301569827, 'gpp_af': 0.060029341913968644, 'gpp_b': 0.001674375583895437, 'gpp_d': 1.4397852866783676, 'ign_k': 0.00660597889201953, 'ign_c': 1.4879588507789996, 'trop_agb_crit': 12.9667438075127, 'trop_k_veg': 2.99731137426955, 'fire_amp': 2.7806853670293616}.
[I 2026-06-11 12:51:26,227] Trial 281 finished with values: [10.656803702245336, 10.656803702245336] and parameters: {'k1': 5.178197947282869e-05, 'D_low': 408.3047491580097, 'k2': 1.8678768363332442e-05, 'D_high': 29.126651668813768, 'fire_exp': 1.2060040899560858, 'P_half': 12.262543158860007, 'pre_dampen_half': 4.847666216751353, 'gpp_af': 0.060029341913968644, 'gpp_b': 0.006999112505425414, 'gpp_d': 1.0088237648985734, 'ign_k': 0.17320535908244444, 'ign_c': 7.832259769732471, 'trop_agb_crit': 1.8023542850487386, 'trop_k_veg': 1.6648666152166967, 'fire_amp': 2.7806853670293616}.
[I 2026-06-11 12:51:27,170] Trial 282 finished with values: [10.24396721620897, 10.24396721620897] and parameters: {'k1': 0.0001599021369655865, 'D_low': 408.3047491580097, 'k2': 0.006802810205786726, 'D_high': 31301.15118850836, 'fire_exp': 1.7505406131449859, 'P_half': 252.38726750780188, 'pre_dampen_half': 75.10418138777538, 'gpp_af': 0.016306190741524337, 'gpp_b': 0.015062722325200045, 'gpp_d': 0.7698760608299932, 'ign_k': 4.869640941520899, 'ign_c': 2.2882309479728957, 'trop_agb_crit': 21.086120736447015, 'trop_k_veg': 1.2396985988794134, 'fire_amp': 3.7523365308330816}.
[I 2026-06-11 12:51:28,103] Trial 283 finished with values: [10.34442786187465, 10.34442786187465] and parameters: {'k1': 0.03648456083047798, 'D_low': 236.79352040223893, 'k2': 1.1417577140741129e-05, 'D_high': 29.126651668813768, 'fire_exp': 1.111738490499784, 'P_half': 1.4551749476072258, 'pre_dampen_half': 189.36639872354493, 'gpp_af': 3.298293484806585, 'gpp_b': 0.006999112505425414, 'gpp_d': 0.030844007727232167, 'ign_k': 0.09256855841989636, 'ign_c': 1.364908766641693, 'trop_agb_crit': 1.8023542850487386, 'trop_k_veg': 1.6648666152166967, 'fire_amp': 2.042193818779288}.
[I 2026-06-11 12:51:29,089] Trial 284 finished with values: [-0.4745538672316024, 0.13818335261653913] and parameters: {'k1': 0.03648456083047798, 'D_low': 1.4002277211577039, 'k2': 0.0007731571570012607, 'D_high': 315.101491238403, 'fire_exp': 1.2060040899560858, 'P_half': 45.55085098454082, 'pre_dampen_half': 4.847666216751353, 'gpp_af': 0.41874665092828456, 'gpp_b': 0.00036184510553922684, 'gpp_d': 1.4397852866783676, 'ign_k': 0.0032383308053152635, 'ign_c': 99.96359851911319, 'trop_agb_crit': 21.086120736447015, 'trop_k_veg': 5.453348988480011, 'fire_amp': 5.44779717154213}.
[I 2026-06-11 12:51:29,988] Trial 285 finished with values: [-0.6669752044432629, 0.14732158052573807] and parameters: {'k1': 5.178197947282869e-05, 'D_low': 1.7551403048208316, 'k2': 0.0007731571570012607, 'D_high': 31301.15118850836, 'fire_exp': 1.1633452995374232, 'P_half': 1.859526645713404, 'pre_dampen_half': 37.40930273158252, 'gpp_af': 0.8144272585223832, 'gpp_b': 0.002416023630607169, 'gpp_d': 1.336803341156552, 'ign_k': 0.8945150807271531, 'ign_c': 7.081721844034206, 'trop_agb_crit': 8.0091368834625, 'trop_k_veg': 1.6003641872536711, 'fire_amp': 1.5587346124822492}.
[I 2026-06-11 12:51:30,921] Trial 286 finished with values: [10.598056617860037, 10.598056617860037] and parameters: {'k1': 0.0002418422795847161, 'D_low': 171.2446447678494, 'k2': 0.019383858782150494, 'D_high': 6682.9607218310075, 'fire_exp': 1.2918065501148304, 'P_half': 2.226799690893868, 'pre_dampen_half': 4.603480758878793, 'gpp_af': 0.060029341913968644, 'gpp_b': 0.001674375583895437, 'gpp_d': 0.7698760608299932, 'ign_k': 0.0032383308053152635, 'ign_c': 1.9423015749984096, 'trop_agb_crit': 2.0527418919564324, 'trop_k_veg': 2.520089655463604, 'fire_amp': 1.2393473789150806}.
[I 2026-06-11 12:51:31,856] Trial 287 finished with values: [10.325955704482602, 10.325955704482602] and parameters: {'k1': 0.016973078532467004, 'D_low': 2.843767489444367, 'k2': 0.0001870742013766025, 'D_high': 32311.521854410956, 'fire_exp': 1.6901885781909627, 'P_half': 5.4712187293420325, 'pre_dampen_half': 121.93011993958949, 'gpp_af': 0.5970408652384318, 'gpp_b': 0.05314875633348467, 'gpp_d': 0.1619054449471649, 'ign_k': 0.002357279455676982, 'ign_c': 388.02797007866826, 'trop_agb_crit': 1.1683326952092081, 'trop_k_veg': 1.2749676887479542, 'fire_amp': 5.416595007374148}.
[I 2026-06-11 12:51:32,745] Trial 288 finished with values: [10.766368034325748, 10.766368034325748] and parameters: {'k1': 5.178197947282869e-05, 'D_low': 3063.001606653078, 'k2': 0.0007731571570012607, 'D_high': 31301.15118850836, 'fire_exp': 1.2918065501148304, 'P_half': 61.6097529474144, 'pre_dampen_half': 1.8469033699850426, 'gpp_af': 0.016306190741524337, 'gpp_b': 0.002416023630607169, 'gpp_d': 0.7698760608299932, 'ign_k': 0.0029519227433917453, 'ign_c': 783.3500522138154, 'trop_agb_crit': 21.086120736447015, 'trop_k_veg': 2.520089655463604, 'fire_amp': 1.2393473789150806}.
[I 2026-06-11 12:51:33,652] Trial 289 finished with values: [11.949297551214102, 11.949297551214102] and parameters: {'k1': 0.016973078532467004, 'D_low': 2.843767489444367, 'k2': 0.0001280886335404798, 'D_high': 32311.521854410956, 'fire_exp': 1.6901885781909627, 'P_half': 51.10120656497163, 'pre_dampen_half': 121.93011993958949, 'gpp_af': 20.12115544906385, 'gpp_b': 0.015062722325200045, 'gpp_d': 20.81401325574021, 'ign_k': 0.002357279455676982, 'ign_c': 388.02797007866826, 'trop_agb_crit': 24.199763404822136, 'trop_k_veg': 1.2749676887479542, 'fire_amp': 5.416595007374148}.
[I 2026-06-11 12:51:34,559] Trial 290 finished with values: [10.769218460767927, 10.769218460767927] and parameters: {'k1': 0.012840669372724958, 'D_low': 7507.777979297807, 'k2': 1.1417577140741129e-05, 'D_high': 29.126651668813768, 'fire_exp': 1.1633452995374232, 'P_half': 93.43302657318476, 'pre_dampen_half': 253.71947027764784, 'gpp_af': 0.41874665092828456, 'gpp_b': 2.176805640408474e-05, 'gpp_d': 1.336803341156552, 'ign_k': 0.09256855841989636, 'ign_c': 7.832259769732471, 'trop_agb_crit': 1.8023542850487386, 'trop_k_veg': 6.030247256556128, 'fire_amp': 1.5873607039193782}.
[I 2026-06-11 12:51:35,495] Trial 291 finished with values: [10.575764371706972, 10.575764371706972] and parameters: {'k1': 9.132348475718357e-05, 'D_low': 1.7551403048208316, 'k2': 0.019383858782150494, 'D_high': 6682.9607218310075, 'fire_exp': 1.811096651915224, 'P_half': 996.7983879709292, 'pre_dampen_half': 121.93011993958949, 'gpp_af': 2.5017068255320485, 'gpp_b': 0.001674375583895437, 'gpp_d': 304.7488318185732, 'ign_k': 0.002357279455676982, 'ign_c': 0.33139424373451987, 'trop_agb_crit': 12.708819454040446, 'trop_k_veg': 6.963655030926962, 'fire_amp': 1.5719333351012774}.
[I 2026-06-11 12:51:36,433] Trial 292 finished with values: [10.169030047819266, 10.169030047819266] and parameters: {'k1': 0.006079905434073396, 'D_low': 43.2326421037033, 'k2': 8.968733598183248e-05, 'D_high': 42.242359735170886, 'fire_exp': 1.7792742686803427, 'P_half': 157.3644610977214, 'pre_dampen_half': 189.88136301569827, 'gpp_af': 1.9998014714101113, 'gpp_b': 0.00047819318414852577, 'gpp_d': 594.7389794988394, 'ign_k': 0.00660597889201953, 'ign_c': 1.4879588507789996, 'trop_agb_crit': 8.0091368834625, 'trop_k_veg': 0.5183533149347164, 'fire_amp': 1.5587346124822492}.
[I 2026-06-11 12:51:37,377] Trial 293 finished with values: [10.694298713676993, 10.694298713676993] and parameters: {'k1': 0.00023134781612225627, 'D_low': 1079.0778643024298, 'k2': 1.2390468928182031e-05, 'D_high': 18108.14362107968, 'fire_exp': 1.9136159174067866, 'P_half': 1.4551749476072258, 'pre_dampen_half': 189.36639872354493, 'gpp_af': 37.28155624293858, 'gpp_b': 0.015062722325200045, 'gpp_d': 0.1619054449471649, 'ign_k': 0.09256855841989636, 'ign_c': 7.832259769732471, 'trop_agb_crit': 1.8285200278523417, 'trop_k_veg': 2.8926781829782864, 'fire_amp': 4.2446263054164195}.
[I 2026-06-11 12:51:38,298] Trial 294 finished with values: [10.021869249848683, 10.021869249848683] and parameters: {'k1': 0.03648456083047798, 'D_low': 236.79352040223893, 'k2': 0.0007731571570012607, 'D_high': 6682.9607218310075, 'fire_exp': 1.2060040899560858, 'P_half': 45.55085098454082, 'pre_dampen_half': 4.847666216751353, 'gpp_af': 0.41874665092828456, 'gpp_b': 0.001674375583895437, 'gpp_d': 1.4397852866783676, 'ign_k': 0.001229921046579313, 'ign_c': 1.364908766641693, 'trop_agb_crit': 12.9667438075127, 'trop_k_veg': 6.030247256556128, 'fire_amp': 2.7806853670293616}.
[I 2026-06-11 12:51:39,201] Trial 295 finished with values: [10.590877208559, 10.590877208559] and parameters: {'k1': 0.00026539376439360527, 'D_low': 148.21691630007544, 'k2': 0.002090955698118952, 'D_high': 12.541447539026084, 'fire_exp': 1.5191397119156032, 'P_half': 1.226010546471291, 'pre_dampen_half': 189.36639872354493, 'gpp_af': 0.10098504976210308, 'gpp_b': 5.0875243087016374e-05, 'gpp_d': 7.631016235941559, 'ign_k': 0.004105873950290761, 'ign_c': 7.832259769732471, 'trop_agb_crit': 5.588032458772675, 'trop_k_veg': 1.6648666152166967, 'fire_amp': 5.44779717154213}.
[I 2026-06-11 12:51:40,110] Trial 296 finished with values: [10.707878613790896, 10.707878613790896] and parameters: {'k1': 0.0001969885015387913, 'D_low': 1.7551403048208316, 'k2': 8.968733598183248e-05, 'D_high': 900.6846506533042, 'fire_exp': 1.7505406131449859, 'P_half': 5.4712187293420325, 'pre_dampen_half': 21.14381609520636, 'gpp_af': 0.07118041471054574, 'gpp_b': 0.002416023630607169, 'gpp_d': 0.1619054449471649, 'ign_k': 0.00660597889201953, 'ign_c': 1.4091459170104739, 'trop_agb_crit': 21.086120736447015, 'trop_k_veg': 0.5535297685306277, 'fire_amp': 1.5719333351012774}.
[I 2026-06-11 12:51:41,063] Trial 297 finished with values: [10.542883808449428, 10.542883808449428] and parameters: {'k1': 5.178197947282869e-05, 'D_low': 43.03411264066069, 'k2': 0.0007731571570012607, 'D_high': 31301.15118850836, 'fire_exp': 1.2060040899560858, 'P_half': 51.10120656497163, 'pre_dampen_half': 1.8469033699850426, 'gpp_af': 0.060029341913968644, 'gpp_b': 0.002416023630607169, 'gpp_d': 0.1619054449471649, 'ign_k': 0.002357279455676982, 'ign_c': 120.67843549291506, 'trop_agb_crit': 10.2166878366619, 'trop_k_veg': 2.8926781829782864, 'fire_amp': 5.44779717154213}.
[I 2026-06-11 12:51:42,001] Trial 298 finished with values: [10.641692547911756, 10.641692547911756] and parameters: {'k1': 0.016973078532467004, 'D_low': 408.3047491580097, 'k2': 0.0001280886335404798, 'D_high': 32311.521854410956, 'fire_exp': 1.6901885781909627, 'P_half': 5.4712187293420325, 'pre_dampen_half': 121.93011993958949, 'gpp_af': 0.2204465010099918, 'gpp_b': 0.015062722325200045, 'gpp_d': 1.6963424566071992, 'ign_k': 0.0029519227433917453, 'ign_c': 388.02797007866826, 'trop_agb_crit': 21.086120736447015, 'trop_k_veg': 1.2749676887479542, 'fire_amp': 1.1655705619308396}.
[I 2026-06-11 12:51:42,937] Trial 299 finished with values: [10.223399625471684, 10.223399625471684] and parameters: {'k1': 0.00026539376439360527, 'D_low': 148.21691630007544, 'k2': 2.316457903103837e-05, 'D_high': 2295.7398214549485, 'fire_exp': 1.0420149135640993, 'P_half': 1.4551749476072258, 'pre_dampen_half': 189.36639872354493, 'gpp_af': 3.298293484806585, 'gpp_b': 0.006999112505425414, 'gpp_d': 0.030844007727232167, 'ign_k': 0.004105873950290761, 'ign_c': 22.126836566118193, 'trop_agb_crit': 5.588032458772675, 'trop_k_veg': 1.6648666152166967, 'fire_amp': 5.869450070968175}.
[I 2026-06-11 12:51:43,859] Trial 300 finished with values: [10.720040508606127, 10.720040508606127] and parameters: {'k1': 0.0071350717305711155, 'D_low': 236.79352040223893, 'k2': 0.019383858782150494, 'D_high': 124.31017136067044, 'fire_exp': 1.2798881300289222, 'P_half': 436.4516946807792, 'pre_dampen_half': 75.10418138777538, 'gpp_af': 96.74365715402625, 'gpp_b': 0.001674375583895437, 'gpp_d': 0.7698760608299932, 'ign_k': 0.0032383308053152635, 'ign_c': 1.364908766641693, 'trop_agb_crit': 21.380932890222198, 'trop_k_veg': 2.99731137426955, 'fire_amp': 1.7912500010961188}.
[I 2026-06-11 12:51:44,780] Trial 301 finished with values: [10.708894839531611, 10.708894839531611] and parameters: {'k1': 9.132348475718357e-05, 'D_low': 236.79352040223893, 'k2': 0.019383858782150494, 'D_high': 29.126651668813768, 'fire_exp': 1.2060040899560858, 'P_half': 12.262543158860007, 'pre_dampen_half': 4.847666216751353, 'gpp_af': 0.060029341913968644, 'gpp_b': 0.0036065155862388338, 'gpp_d': 1.4397852866783676, 'ign_k': 0.0032383308053152635, 'ign_c': 7.832259769732471, 'trop_agb_crit': 2.100813292597435, 'trop_k_veg': 6.963655030926962, 'fire_amp': 2.7806853670293616}.
[I 2026-06-11 12:51:45,724] Trial 302 finished with values: [10.349440880791422, 10.349440880791422] and parameters: {'k1': 0.0006390695092073222, 'D_low': 1074.940539517341, 'k2': 0.08661811390647982, 'D_high': 1266.9536563782303, 'fire_exp': 1.2060040899560858, 'P_half': 1.4551749476072258, 'pre_dampen_half': 8.259599205585761, 'gpp_af': 0.10098504976210308, 'gpp_b': 5.0875243087016374e-05, 'gpp_d': 1.4397852866783676, 'ign_k': 0.0032383308053152635, 'ign_c': 1.364908766641693, 'trop_agb_crit': 1.8023542850487386, 'trop_k_veg': 0.6618107836658104, 'fire_amp': 1.1626468420952578}.
