[I 2026-08-20 01:02:00,837] Trial 1600 finished with value: 0.41647734032370143 and parameters: {'k1': 0.0011194320856536052, 'D_low': 486.2439149582826, 'k2': 0.00018473440823126908, 'D_high': 2643590.6145622195, 'fire_exp': 2.4797566823869723, 'P_half': 11.628238900560035, 'pre_dampen_half': 80.43519806567804, 'gpp_af': 1.106944190045941, 'gpp_b': 0.019723111476148865, 'gpp_d': 249.63783450084833, 'ign_k': 0.041784257796647455, 'ign_c': 4.018272247147455, 'trop_agb_crit': 6.722817268470941, 'trop_k_veg': 6.254617900846981, 'pop_amp': 0.8662126102227284, 'pop_peak': 35.52778897232845, 'pop_sig': 1.257953834920237}. Best is trial 1128 with value: -0.620386984093161.
[I 2026-08-20 01:02:02,640] Trial 1601 finished with value: 0.5279469976715423 and parameters: {'k1': 0.009553850819089067, 'D_low': 20.979672225542256, 'k2': 0.06716397657577823, 'D_high': 4329778.109068535, 'fire_exp': 1.369162625359803, 'P_half': 459.84255729878686, 'pre_dampen_half': 0.015465792713380262, 'gpp_af': 0.0015135745732820503, 'gpp_b': 0.0017265779661414361, 'gpp_d': 0.6309020022643778, 'ign_k': 0.06925567265507815, 'ign_c': 7.863926887940467, 'trop_agb_crit': 3.127553323432463, 'trop_k_veg': 2.7021385813952676, 'pop_amp': 13.88007509811639, 'pop_peak': 8.754582986838802, 'pop_sig': 0.6149346088973392}. Best is trial 1128 with value: -0.620386984093161.
[I 2026-08-20 01:02:04,468] Trial 1602 finished with value: 0.577524144068838 and parameters: {'k1': 1.6583518931459734e-05, 'D_low': 32.0643532197725, 'k2': 0.03758734044256909, 'D_high': 7925799.633328863, 'fire_exp': 1.240002698107296, 'P_half': 1805.2480867693678, 'pre_dampen_half': 0.013289135159587543, 'gpp_af': 0.012207626193478578, 'gpp_b': 0.025279725833332812, 'gpp_d': 0.39208312223496994, 'ign_k': 5.389164812390523, 'ign_c': 2.6775637605058433, 'trop_agb_crit': 3.072627553926746, 'trop_k_veg': 6.0111217669598185, 'pop_amp': 8.38117079844137, 'pop_peak': 0.355456232066421, 'pop_sig': 2.291672429049027}. Best is trial 1128 with value: -0.620386984093161.
[I 2026-08-20 01:02:06,343] Trial 1603 finished with value: 0.5296557619495881 and parameters: {'k1': 0.02991202649288489, 'D_low': 147057.61140738433, 'k2': 0.00021066182870589252, 'D_high': 337155.57537878293, 'fire_exp': 3.3348459347509785, 'P_half': 55.34749387681658, 'pre_dampen_half': 2.654531930407632, 'gpp_af': 67.91869530056678, 'gpp_b': 0.0027004086738086548, 'gpp_d': 293.8655440843404, 'ign_k': 1.1906029824449158, 'ign_c': 3.89956248667658, 'trop_agb_crit': 6.717273164008464, 'trop_k_veg': 7.863488845181378, 'pop_amp': 16.58348934943077, 'pop_peak': 1.71794109594722, 'pop_sig': 0.6366576499258768}. Best is trial 1128 with value: -0.620386984093161.
[I 2026-08-20 01:02:08,183] Trial 1604 finished with value: 0.417422245309915 and parameters: {'k1': 0.08526053935279745, 'D_low': 52.23786555168927, 'k2': 0.0008757563339595007, 'D_high': 1152231.9347598685, 'fire_exp': 2.700409167627479, 'P_half': 7.525206605491907, 'pre_dampen_half': 2.016290293949882, 'gpp_af': 0.3353092371839234, 'gpp_b': 4.5277215976543474e-05, 'gpp_d': 248.5753016925771, 'ign_k': 0.17342927725370405, 'ign_c': 0.772107003649233, 'trop_agb_crit': 4.849349759375868, 'trop_k_veg': 7.766662856983195, 'pop_amp': 0.0018936182709103219, 'pop_peak': 0.28438568382424123, 'pop_sig': 0.4594059050857145}. Best is trial 1128 with value: -0.620386984093161.
[I 2026-08-20 01:02:09,984] Trial 1605 finished with value: 0.584405002277738 and parameters: {'k1': 6.0388338778322735e-05, 'D_low': 3.374991885671516, 'k2': 3.561691072917166e-05, 'D_high': 63.685871686470016, 'fire_exp': 3.6168514134036633, 'P_half': 6025.540196129585, 'pre_dampen_half': 0.218348827377324, 'gpp_af': 29.66035416323658, 'gpp_b': 0.17814701614512402, 'gpp_d': 39.97964187621805, 'ign_k': 0.001384966771489674, 'ign_c': 783.5663834139189, 'trop_agb_crit': 12.45094193678671, 'trop_k_veg': 0.7391014733129302, 'pop_amp': 1.8010825261808647, 'pop_peak': 525.9782917084168, 'pop_sig': 1.9655981501632236}. Best is trial 1128 with value: -0.620386984093161.
[I 2026-08-20 01:02:12,174] Trial 1606 finished with value: 0.6445374145881376 and parameters: {'k1': 0.0004082858287862477, 'D_low': 1.3390744526794567, 'k2': 9.945043596188244e-05, 'D_high': 649214.4767585971, 'fire_exp': 1.5622302485206383, 'P_half': 4.251118100525138, 'pre_dampen_half': 2.515729049572321, 'gpp_af': 0.016680631611689974, 'gpp_b': 2.007500643203165e-05, 'gpp_d': 926.0396110434742, 'ign_k': 0.18607807845525662, 'ign_c': 229.12501100569878, 'trop_agb_crit': 8.298599195554035, 'trop_k_veg': 4.1470401086680075, 'pop_amp': 0.00577980839059018, 'pop_peak': 0.20076166320933175, 'pop_sig': 0.4548928011675141}. Best is trial 1128 with value: -0.620386984093161.
[I 2026-08-20 01:02:14,031] Trial 1607 finished with value: 0.6445374145881376 and parameters: {'k1': 2.952391728091707e-05, 'D_low': 927668.2802891936, 'k2': 0.016409577244645496, 'D_high': 14.377682702174537, 'fire_exp': 5.881725731491345, 'P_half': 237.66318451657742, 'pre_dampen_half': 740.7838471124701, 'gpp_af': 93.14516457848922, 'gpp_b': 0.00013241434498297952, 'gpp_d': 3.2511447334879646, 'ign_k': 0.02406077184841459, 'ign_c': 22.918912480418577, 'trop_agb_crit': 7.465974521765526, 'trop_k_veg': 3.793887200322608, 'pop_amp': 13.365198832452714, 'pop_peak': 26.462747471030788, 'pop_sig': 0.4837300456882645}. Best is trial 1128 with value: -0.620386984093161.
[I 2026-08-20 01:02:15,846] Trial 1608 finished with value: 0.5831499726412199 and parameters: {'k1': 0.0019665412458079582, 'D_low': 26.7084851025728, 'k2': 0.0003227920755806997, 'D_high': 249960.89713360378, 'fire_exp': 5.517832374025345, 'P_half': 890.0682886507908, 'pre_dampen_half': 80.93464229173502, 'gpp_af': 2.5443674127991254, 'gpp_b': 2.6359838768818886e-05, 'gpp_d': 15.016026612067103, 'ign_k': 0.5687827857158018, 'ign_c': 2.605314114988063, 'trop_agb_crit': 8.703162800790963, 'trop_k_veg': 1.5610687209518677, 'pop_amp': 4.467699887194657, 'pop_peak': 5.796297090179113, 'pop_sig': 0.40923377279791506}. Best is trial 1128 with value: -0.620386984093161.
[I 2026-08-20 01:02:17,664] Trial 1609 finished with value: 0.6445374145881376 and parameters: {'k1': 0.0032913075654503287, 'D_low': 25620.968029876978, 'k2': 0.0002163300506457962, 'D_high': 26426.0423170138, 'fire_exp': 3.6854395643733855, 'P_half': 902.2592882249435, 'pre_dampen_half': 31.869127451045895, 'gpp_af': 0.7817008406976044, 'gpp_b': 0.11550181145004519, 'gpp_d': 74.11745932356168, 'ign_k': 0.1946492775500815, 'ign_c': 90.9248129420856, 'trop_agb_crit': 8.382734817693969, 'trop_k_veg': 7.441249081886737, 'pop_amp': 0.6584403798130986, 'pop_peak': 0.628781797713798, 'pop_sig': 0.64482238074665}. Best is trial 1128 with value: -0.620386984093161.
[I 2026-08-20 01:02:19,491] Trial 1610 finished with value: 0.5047797721869023 and parameters: {'k1': 0.0003149529164260538, 'D_low': 1564.4085667926563, 'k2': 0.0008062810519525115, 'D_high': 1712195.0418460204, 'fire_exp': 4.401180402665425, 'P_half': 81.34135534967096, 'pre_dampen_half': 248.63399516932805, 'gpp_af': 0.8600474451007931, 'gpp_b': 0.0012333698804010756, 'gpp_d': 967.6342029793337, 'ign_k': 1.7650762262885353, 'ign_c': 0.40376864849478195, 'trop_agb_crit': 20.22169033279569, 'trop_k_veg': 5.153913817642383, 'pop_amp': 2.199581654607317, 'pop_peak': 1.2131505180864905, 'pop_sig': 0.8047793849219992}. Best is trial 1128 with value: -0.620386984093161.
[I 2026-08-20 01:02:21,407] Trial 1611 finished with value: 0.6009866372053447 and parameters: {'k1': 0.005721633413649701, 'D_low': 6296.552909725593, 'k2': 0.00013960847126488773, 'D_high': 36711.62139421468, 'fire_exp': 4.7048339297403405, 'P_half': 3763.8198344299876, 'pre_dampen_half': 505.5941781312169, 'gpp_af': 0.23278702609326324, 'gpp_b': 0.0013745001176836819, 'gpp_d': 834.820346598091, 'ign_k': 2.72229745043998, 'ign_c': 0.7607932301162641, 'trop_agb_crit': 17.364725694229907, 'trop_k_veg': 3.4181743284254984, 'pop_amp': 0.3970683631592096, 'pop_peak': 12.707881587314466, 'pop_sig': 1.2420496078635928}. Best is trial 1128 with value: -0.620386984093161.
[I 2026-08-20 01:02:23,449] Trial 1612 finished with value: 0.6216766742418701 and parameters: {'k1': 0.0015138769187108077, 'D_low': 4688.849580687519, 'k2': 0.09480555923614947, 'D_high': 27.509430735196673, 'fire_exp': 2.2729647811488207, 'P_half': 853.7682540889233, 'pre_dampen_half': 2.056602864645446, 'gpp_af': 1.815824952826884, 'gpp_b': 0.0029356033285227253, 'gpp_d': 4.504639049654522, 'ign_k': 0.5724741848205991, 'ign_c': 7.688080231524939, 'trop_agb_crit': 6.325159335243048, 'trop_k_veg': 1.4461580889526708, 'pop_amp': 4.924019664676656, 'pop_peak': 303.4195127427133, 'pop_sig': 1.0572868450702853}. Best is trial 1128 with value: -0.620386984093161.
[I 2026-08-20 01:02:26,164] Trial 1613 finished with value: 0.5020597311188076 and parameters: {'k1': 0.00042615248971721113, 'D_low': 140.0577903666857, 'k2': 0.0012297441860496146, 'D_high': 1110509.0958919567, 'fire_exp': 2.573062210000431, 'P_half': 1447.7567656906588, 'pre_dampen_half': 2.5688839154597964, 'gpp_af': 0.7783374425632134, 'gpp_b': 0.0006645275682527323, 'gpp_d': 7.221831602430199, 'ign_k': 0.7383402500803339, 'ign_c': 7.839859759159476, 'trop_agb_crit': 5.448584203731555, 'trop_k_veg': 3.2934084946307753, 'pop_amp': 10.276244231572946, 'pop_peak': 2.007769603993902, 'pop_sig': 0.5224834319502452}. Best is trial 1128 with value: -0.620386984093161.
[I 2026-08-20 01:02:28,279] Trial 1614 finished with value: 0.5371851456546535 and parameters: {'k1': 0.008497424561359572, 'D_low': 202.11944692867158, 'k2': 7.913415221271806e-05, 'D_high': 3092045.899543032, 'fire_exp': 3.0690045178274277, 'P_half': 30.32031685363151, 'pre_dampen_half': 0.06503483944757676, 'gpp_af': 0.004523604207146127, 'gpp_b': 1.3750074421604022e-05, 'gpp_d': 310.54757786023674, 'ign_k': 5.596992865115915, 'ign_c': 19.51379434906885, 'trop_agb_crit': 5.973012998307794, 'trop_k_veg': 4.355094692105463, 'pop_amp': 0.0029883202268538825, 'pop_peak': 6.5137012565305135, 'pop_sig': 0.6189676558882374}. Best is trial 1128 with value: -0.620386984093161.
[I 2026-08-20 01:02:30,299] Trial 1615 finished with value: 0.5779359049890179 and parameters: {'k1': 5.128950968741472e-05, 'D_low': 100.1690607440789, 'k2': 0.0791816768836083, 'D_high': 170055.12597728372, 'fire_exp': 2.878237437715409, 'P_half': 1137.5371237253669, 'pre_dampen_half': 10.53819664122224, 'gpp_af': 1.199388929168378, 'gpp_b': 1.9653764885132977e-05, 'gpp_d': 542.9558152263229, 'ign_k': 0.014626293806553586, 'ign_c': 0.11176054835926649, 'trop_agb_crit': 3.4437562900159127, 'trop_k_veg': 0.9464947827169784, 'pop_amp': 7.618263041323034, 'pop_peak': 188.83365253227208, 'pop_sig': 1.926926724794556}. Best is trial 1128 with value: -0.620386984093161.
[I 2026-08-20 01:02:32,176] Trial 1616 finished with value: -0.5693288219320654 and parameters: {'k1': 0.004293828066807919, 'D_low': 156.71254996545522, 'k2': 0.0010047834693502665, 'D_high': 3860035.171429859, 'fire_exp': 1.6922837807077142, 'P_half': 1009.4031689241585, 'pre_dampen_half': 560.0217366041518, 'gpp_af': 0.023689366858093152, 'gpp_b': 0.00039125896949359707, 'gpp_d': 2.96435662903842, 'ign_k': 1.7409080137953667, 'ign_c': 12.216496030250616, 'trop_agb_crit': 17.08520065781584, 'trop_k_veg': 4.7892225378711855, 'pop_amp': 0.00665263096112074, 'pop_peak': 94.74277948210988, 'pop_sig': 0.6715401379936355}. Best is trial 1128 with value: -0.620386984093161.
[I 2026-08-20 01:02:34,455] Trial 1617 finished with value: 0.6445374145881376 and parameters: {'k1': 0.001967219253074008, 'D_low': 44978.562822358566, 'k2': 0.00870049160913361, 'D_high': 3066.874395188744, 'fire_exp': 3.7846406900635245, 'P_half': 49.07509592802453, 'pre_dampen_half': 636.8315312222016, 'gpp_af': 0.05990359498424589, 'gpp_b': 0.05755197477207257, 'gpp_d': 153.51402222955755, 'ign_k': 6.314335047210251, 'ign_c': 1.025737536672235, 'trop_agb_crit': 7.7576129662345386, 'trop_k_veg': 5.93260291265225, 'pop_amp': 1.7503607826565257, 'pop_peak': 11.210222492465695, 'pop_sig': 0.5797614371033524}. Best is trial 1128 with value: -0.620386984093161.
[I 2026-08-20 01:02:36,369] Trial 1618 finished with value: 0.44495425123737387 and parameters: {'k1': 0.023579295084025922, 'D_low': 3.9893896276706347, 'k2': 0.0003824506534968792, 'D_high': 3691958.234652975, 'fire_exp': 1.4000597074616539, 'P_half': 58.1389161988711, 'pre_dampen_half': 0.8536433302906042, 'gpp_af': 0.1859003016631741, 'gpp_b': 0.002312864432899072, 'gpp_d': 60.69769728994214, 'ign_k': 0.12436545998471445, 'ign_c': 5.019479268154743, 'trop_agb_crit': 1.627930267639493, 'trop_k_veg': 6.485604606667359, 'pop_amp': 0.001255987574135373, 'pop_peak': 1.4901799058433713, 'pop_sig': 0.5743774988238743}. Best is trial 1128 with value: -0.620386984093161.
[I 2026-08-20 01:02:38,222] Trial 1619 finished with value: 0.5765378965316696 and parameters: {'k1': 0.0002159437031358862, 'D_low': 2038.8081035543485, 'k2': 0.00029945752155644077, 'D_high': 755663.0365638705, 'fire_exp': 8.13012726640148, 'P_half': 482.52141281510023, 'pre_dampen_half': 332.8708967365984, 'gpp_af': 0.01832246664362612, 'gpp_b': 0.00013849595318881538, 'gpp_d': 19.362248982102596, 'ign_k': 0.8287904038696065, 'ign_c': 7.380630502272172, 'trop_agb_crit': 4.390978473932348, 'trop_k_veg': 5.890383843048607, 'pop_amp': 2.502502313343264, 'pop_peak': 3.590827329822065, 'pop_sig': 0.3915939850344157}. Best is trial 1128 with value: -0.620386984093161.
[I 2026-08-20 01:02:40,087] Trial 1620 finished with value: 0.6228919357439601 and parameters: {'k1': 0.008914259781952191, 'D_low': 11212.541469053915, 'k2': 0.00200305116148383, 'D_high': 1459496.6687111314, 'fire_exp': 3.8321858840016447, 'P_half': 2167.0525106179643, 'pre_dampen_half': 690.8216534063117, 'gpp_af': 6.256989696681183, 'gpp_b': 0.0030451382518856054, 'gpp_d': 670.741691527195, 'ign_k': 0.8816704795488517, 'ign_c': 28.25170186542403, 'trop_agb_crit': 22.859690062944424, 'trop_k_veg': 7.78221029994974, 'pop_amp': 1.841489520457691, 'pop_peak': 0.6777520415766497, 'pop_sig': 0.9224816349202298}. Best is trial 1128 with value: -0.620386984093161.
[I 2026-08-20 01:02:42,042] Trial 1621 finished with value: 0.6445374145881376 and parameters: {'k1': 0.001317972250006423, 'D_low': 1323.1224020963373, 'k2': 0.0003962944201828612, 'D_high': 7253684.259763845, 'fire_exp': 2.9296151561664, 'P_half': 16.327469109666445, 'pre_dampen_half': 11.992963493418811, 'gpp_af': 51.173395663993766, 'gpp_b': 0.00013527498148219004, 'gpp_d': 97.28696895328486, 'ign_k': 0.3266875065840333, 'ign_c': 258.47951308908824, 'trop_agb_crit': 2.4004067679286627, 'trop_k_veg': 4.225598737765791, 'pop_amp': 1.628376778901598, 'pop_peak': 0.6851684282555203, 'pop_sig': 0.5408352545257927}. Best is trial 1128 with value: -0.620386984093161.
[I 2026-08-20 01:02:43,901] Trial 1622 finished with value: 0.5858048067009638 and parameters: {'k1': 0.0248948315091385, 'D_low': 1196.6968952213476, 'k2': 0.0003500021582388151, 'D_high': 170402.61377150202, 'fire_exp': 5.259304272947363, 'P_half': 61.24865418372402, 'pre_dampen_half': 22.045230255818165, 'gpp_af': 0.009832965322749397, 'gpp_b': 0.0013926230951657004, 'gpp_d': 472.681565458075, 'ign_k': 0.028436146142567013, 'ign_c': 0.6237346084491762, 'trop_agb_crit': 15.311293610114918, 'trop_k_veg': 1.5217932841199322, 'pop_amp': 0.8961711882772795, 'pop_peak': 0.2059318928586681, 'pop_sig': 0.874972665686409}. Best is trial 1128 with value: -0.620386984093161.
[I 2026-08-20 01:02:45,731] Trial 1623 finished with value: 0.5961672382060585 and parameters: {'k1': 0.0012687689274738958, 'D_low': 14673.650308175402, 'k2': 0.0021687625309947645, 'D_high': 9270346.557690168, 'fire_exp': 4.536280241960008, 'P_half': 425.689966112037, 'pre_dampen_half': 20.808686303865834, 'gpp_af': 0.02419899384547942, 'gpp_b': 0.008272401796307416, 'gpp_d': 292.77726144283804, 'ign_k': 0.26530810103019814, 'ign_c': 0.1318921724830079, 'trop_agb_crit': 16.82609009081979, 'trop_k_veg': 2.0585262056095948, 'pop_amp': 2.044893050034193, 'pop_peak': 0.8573962798426291, 'pop_sig': 0.8370263775126475}. Best is trial 1128 with value: -0.620386984093161.
[I 2026-08-20 01:02:47,626] Trial 1624 finished with value: 0.5928716400818873 and parameters: {'k1': 0.00432425292098738, 'D_low': 18532.50752971658, 'k2': 0.000568418069387955, 'D_high': 160411.70697165417, 'fire_exp': 5.753720100954591, 'P_half': 12.951050071883655, 'pre_dampen_half': 68.85403926908376, 'gpp_af': 2.986312932643925, 'gpp_b': 0.9359686063304575, 'gpp_d': 102.9808942779454, 'ign_k': 1.452605587824561, 'ign_c': 0.7945858166804904, 'trop_agb_crit': 6.51668186504249, 'trop_k_veg': 6.1636701343798945, 'pop_amp': 0.044149429475676585, 'pop_peak': 1.6824648813308123, 'pop_sig': 0.47608850119478396}. Best is trial 1128 with value: -0.620386984093161.
[I 2026-08-20 01:02:49,487] Trial 1625 finished with value: 0.5749173630992741 and parameters: {'k1': 0.00043326844872300943, 'D_low': 14055.210067379456, 'k2': 0.0005302906083163274, 'D_high': 1224080.1576000934, 'fire_exp': 4.5949273712448635, 'P_half': 3.2519193945577527, 'pre_dampen_half': 31.51280036327552, 'gpp_af': 38.91931707984051, 'gpp_b': 0.0005170436286176095, 'gpp_d': 256.3818579936118, 'ign_k': 0.13545274425914267, 'ign_c': 32.81288989393683, 'trop_agb_crit': 13.583353381014978, 'trop_k_veg': 3.330617853373032, 'pop_amp': 18.604315213435665, 'pop_peak': 2.4399563694618953, 'pop_sig': 0.6581991516415018}. Best is trial 1128 with value: -0.620386984093161.
[I 2026-08-20 01:02:51,759] Trial 1626 finished with value: -0.5285683724714371 and parameters: {'k1': 0.007204383046161853, 'D_low': 84.5492432149004, 'k2': 0.00016882828103266504, 'D_high': 466726.60425780795, 'fire_exp': 3.4466351103516555, 'P_half': 369.06207200652983, 'pre_dampen_half': 814.4188071660302, 'gpp_af': 0.015249967319357516, 'gpp_b': 0.00413781457681028, 'gpp_d': 91.88774421067363, 'ign_k': 0.6175627507562138, 'ign_c': 8.897161424825669, 'trop_agb_crit': 8.2176038261611, 'trop_k_veg': 7.007448459120928, 'pop_amp': 0.44265482097527237, 'pop_peak': 19.59811338133869, 'pop_sig': 0.8452420149735442}. Best is trial 1128 with value: -0.620386984093161.
[I 2026-08-20 01:02:53,545] Trial 1627 finished with value: 0.4465861829603621 and parameters: {'k1': 0.0013182755038045888, 'D_low': 31.349544422157255, 'k2': 0.0009345113127450688, 'D_high': 67250.17114326621, 'fire_exp': 5.008048473703755, 'P_half': 119.90444758737132, 'pre_dampen_half': 796.9144966238476, 'gpp_af': 3.7701240946306704, 'gpp_b': 0.007070692514137015, 'gpp_d': 274.9533476290213, 'ign_k': 2.3471455535032235, 'ign_c': 2.344369507252881, 'trop_agb_crit': 28.2461669117841, 'trop_k_veg': 5.3313752178278975, 'pop_amp': 0.636150643507642, 'pop_peak': 11.43135167969642, 'pop_sig': 0.6650109570659464}. Best is trial 1128 with value: -0.620386984093161.
[I 2026-08-20 01:02:56,111] Trial 1628 finished with value: 0.5849887899674499 and parameters: {'k1': 0.0034835870645009122, 'D_low': 5.533613848151674, 'k2': 0.0021039966406606486, 'D_high': 2733363.7653194633, 'fire_exp': 4.661141002979637, 'P_half': 2030.22948980618, 'pre_dampen_half': 13.019330525933164, 'gpp_af': 1.0295162496177697, 'gpp_b': 0.08899134081760338, 'gpp_d': 363.5995553630357, 'ign_k': 0.6644630259229792, 'ign_c': 7.407131848666276, 'trop_agb_crit': 10.119836020559632, 'trop_k_veg': 3.769568801534747, 'pop_amp': 0.21363375550489816, 'pop_peak': 6.9303193343779945, 'pop_sig': 1.2733357090843556}. Best is trial 1128 with value: -0.620386984093161.
[I 2026-08-20 01:02:57,923] Trial 1629 finished with value: 0.589645402139641 and parameters: {'k1': 0.00048472929334481257, 'D_low': 131.92742403805437, 'k2': 0.004139886102469759, 'D_high': 20684.50689711971, 'fire_exp': 3.3392164242059845, 'P_half': 127.30204397271532, 'pre_dampen_half': 502.9276388737204, 'gpp_af': 0.0661560947558745, 'gpp_b': 0.0008104218422485735, 'gpp_d': 628.9273952890122, 'ign_k': 3.838482357874328, 'ign_c': 1.8541792882305481, 'trop_agb_crit': 11.600648053703555, 'trop_k_veg': 6.629951925188146, 'pop_amp': 4.905862883679061, 'pop_peak': 10.658950687113645, 'pop_sig': 0.6975086583930261}. Best is trial 1128 with value: -0.620386984093161.
[I 2026-08-20 01:02:59,758] Trial 1630 finished with value: 0.6032527871907687 and parameters: {'k1': 0.008185119890948113, 'D_low': 10636.428235383748, 'k2': 0.007776491791753544, 'D_high': 420086.7333824443, 'fire_exp': 5.333949778820825, 'P_half': 45.792324832818316, 'pre_dampen_half': 6.918673475658888, 'gpp_af': 0.03272508537281769, 'gpp_b': 0.05130880206333883, 'gpp_d': 186.45763833815647, 'ign_k': 1.050006242901769, 'ign_c': 0.9003124925497176, 'trop_agb_crit': 6.238509783952198, 'trop_k_veg': 3.733518971418036, 'pop_amp': 0.4988833701482656, 'pop_peak': 1.5954331170967322, 'pop_sig': 0.6277974771479482}. Best is trial 1128 with value: -0.620386984093161.
[I 2026-08-20 01:03:01,609] Trial 1631 finished with value: 0.5957099933226127 and parameters: {'k1': 0.0020503163774408554, 'D_low': 63457.1201398009, 'k2': 0.0017178634884213062, 'D_high': 186474.4096056144, 'fire_exp': 7.428422321433969, 'P_half': 44.16479202334908, 'pre_dampen_half': 20.451648229509313, 'gpp_af': 0.4161784477537054, 'gpp_b': 0.002229234336756408, 'gpp_d': 26.933351790811344, 'ign_k': 2.7595680431458414, 'ign_c': 15.837465456100196, 'trop_agb_crit': 15.944234079279951, 'trop_k_veg': 7.305788084715852, 'pop_amp': 0.6382901533264407, 'pop_peak': 15.335096678927952, 'pop_sig': 0.599988959331076}. Best is trial 1128 with value: -0.620386984093161.
