[I 2026-08-20 00:17:27,969] Trial 416 finished with value: 0.4209843603511756 and parameters: {'k1': 0.0002570639552625395, 'D_low': 37.47421496303078, 'k2': 0.0010246148097374152, 'D_high': 640868.9201778949, 'fire_exp': 3.1618656161793663, 'P_half': 1.6453832269844961, 'pre_dampen_half': 122.80185735138299, 'gpp_af': 0.8080352653808638, 'gpp_b': 0.007863375149367224, 'gpp_d': 989.3446691582095, 'ign_k': 0.11291974426830731, 'ign_c': 0.5761911230518616, 'trop_agb_crit': 2.0308084013992866, 'trop_k_veg': 1.7739291950645883}. Best is trial 0 with value: -0.5989088506199346.
[I 2026-08-20 00:17:30,761] Trial 417 finished with value: 0.537650767450487 and parameters: {'k1': 0.002919074121603454, 'D_low': 73.71131878346934, 'k2': 0.00035805100176357536, 'D_high': 4202599.236801198, 'fire_exp': 1.4163915490339214, 'P_half': 1.3142694058398698, 'pre_dampen_half': 0.42652083790295664, 'gpp_af': 0.36455744793789385, 'gpp_b': 0.0019655728401608234, 'gpp_d': 467.87810149667445, 'ign_k': 0.00859208995379922, 'ign_c': 20.71272299113753, 'trop_agb_crit': 1.2673192336078452, 'trop_k_veg': 1.322978894704585}. Best is trial 0 with value: -0.5989088506199346.
[I 2026-08-20 00:17:33,197] Trial 418 finished with value: 0.40976723814119553 and parameters: {'k1': 0.0005279048801139581, 'D_low': 8.122420985563789, 'k2': 3.4508466832345705e-05, 'D_high': 4574624.718427767, 'fire_exp': 2.0384851694087383, 'P_half': 12.492571868235038, 'pre_dampen_half': 33.49679274872896, 'gpp_af': 0.03701147796774761, 'gpp_b': 0.000245128070364771, 'gpp_d': 850.6338532776234, 'ign_k': 0.0897119780285711, 'ign_c': 1.0547231236365957, 'trop_agb_crit': 5.251586477357997, 'trop_k_veg': 2.0232907479852185}. Best is trial 0 with value: -0.5989088506199346.
[I 2026-08-20 00:17:35,678] Trial 419 finished with value: -0.5573066174984724 and parameters: {'k1': 0.05116983371810964, 'D_low': 232.38830120410287, 'k2': 0.0001490651389349511, 'D_high': 6398851.225954992, 'fire_exp': 1.1479431828753393, 'P_half': 8.967223119290654, 'pre_dampen_half': 0.24031439832192128, 'gpp_af': 0.922001359177983, 'gpp_b': 0.006269043274565846, 'gpp_d': 65.89869735206499, 'ign_k': 2.527477472530451, 'ign_c': 0.1420424593195461, 'trop_agb_crit': 2.856050796374348, 'trop_k_veg': 2.157236206899018}. Best is trial 0 with value: -0.5989088506199346.
[I 2026-08-20 00:17:38,050] Trial 420 finished with value: -0.5391213467995595 and parameters: {'k1': 0.0021057379379959516, 'D_low': 26.401572860767153, 'k2': 4.64464641316721e-05, 'D_high': 367399.7798981047, 'fire_exp': 3.190886093150771, 'P_half': 2.1047886337269723, 'pre_dampen_half': 42.193208200519166, 'gpp_af': 3.4986530205245514, 'gpp_b': 0.39686971472508376, 'gpp_d': 19.12180214177289, 'ign_k': 0.5155872873385783, 'ign_c': 4.403091569629474, 'trop_agb_crit': 1.930094182744636, 'trop_k_veg': 1.564453023880068}. Best is trial 0 with value: -0.5989088506199346.
[I 2026-08-20 00:17:40,501] Trial 421 finished with value: 0.5919821870912412 and parameters: {'k1': 6.68220365328276e-05, 'D_low': 2.06723258109824, 'k2': 4.3679584155524963e-05, 'D_high': 26160.220786685746, 'fire_exp': 4.54613809171481, 'P_half': 9.134369158921693, 'pre_dampen_half': 76.08392393115265, 'gpp_af': 0.8775269926502486, 'gpp_b': 0.0006996782000980137, 'gpp_d': 37.00831662228397, 'ign_k': 0.025229636478744502, 'ign_c': 0.2169398327932151, 'trop_agb_crit': 2.222735281165929, 'trop_k_veg': 1.6760994337108202}. Best is trial 0 with value: -0.5989088506199346.
[I 2026-08-20 00:17:43,002] Trial 422 finished with value: 0.5586030543168397 and parameters: {'k1': 0.0005386147599071446, 'D_low': 4.342078624675993, 'k2': 0.00025911760601637516, 'D_high': 3462001.2890770044, 'fire_exp': 6.57852055267505, 'P_half': 1.0509662960699893, 'pre_dampen_half': 49.8461346577014, 'gpp_af': 0.7028908479815006, 'gpp_b': 0.00010110236417355764, 'gpp_d': 356.7612853035364, 'ign_k': 0.06601512813976504, 'ign_c': 7.654807104615468, 'trop_agb_crit': 1.1654852542800653, 'trop_k_veg': 1.764761818839918}. Best is trial 0 with value: -0.5989088506199346.
[I 2026-08-20 00:17:45,535] Trial 423 finished with value: 0.5578169349061233 and parameters: {'k1': 0.00011447597782569536, 'D_low': 17375.401591526886, 'k2': 0.0021156192474787966, 'D_high': 1390998.4658346723, 'fire_exp': 9.835461679519346, 'P_half': 42.57362974436133, 'pre_dampen_half': 15.008957669704309, 'gpp_af': 6.202479227678623, 'gpp_b': 3.231454979611923e-05, 'gpp_d': 24.555351930109232, 'ign_k': 0.49558833281299336, 'ign_c': 0.1471078043141713, 'trop_agb_crit': 23.928683811589742, 'trop_k_veg': 4.106338907037722}. Best is trial 0 with value: -0.5989088506199346.
[I 2026-08-20 00:17:48,019] Trial 424 finished with value: 0.6119002201629246 and parameters: {'k1': 0.0009930159822337512, 'D_low': 8.602575036928291, 'k2': 0.0007646832251973648, 'D_high': 2256044.741939406, 'fire_exp': 1.1418535276880029, 'P_half': 1.8326162827337125, 'pre_dampen_half': 212.8650910691988, 'gpp_af': 0.03918825953691648, 'gpp_b': 0.16842619146982124, 'gpp_d': 20.977012794127972, 'ign_k': 0.0029736004836396174, 'ign_c': 0.31151575488044314, 'trop_agb_crit': 1.9650997523641067, 'trop_k_veg': 1.3964463785764012}. Best is trial 0 with value: -0.5989088506199346.
[I 2026-08-20 00:17:50,458] Trial 425 finished with value: 0.5122499548800996 and parameters: {'k1': 1.145259179320975e-05, 'D_low': 2.75011536149881, 'k2': 0.0003865690533051569, 'D_high': 341148.96353917103, 'fire_exp': 3.321893969975458, 'P_half': 9.20707199545101, 'pre_dampen_half': 103.87760520829535, 'gpp_af': 1.3440847577127955, 'gpp_b': 0.007835831957988197, 'gpp_d': 787.4668130977453, 'ign_k': 8.199063846540602, 'ign_c': 2.886304021337278, 'trop_agb_crit': 1.00799463855301, 'trop_k_veg': 1.9335607279334208}. Best is trial 0 with value: -0.5989088506199346.
[I 2026-08-20 00:17:53,126] Trial 426 finished with value: 0.5624251886283134 and parameters: {'k1': 0.016472779863308296, 'D_low': 101.18664975874306, 'k2': 0.00010285004541927448, 'D_high': 314552.0556514838, 'fire_exp': 1.9428947810417374, 'P_half': 791.2756378493506, 'pre_dampen_half': 1.3491332869218924, 'gpp_af': 50.704680353509204, 'gpp_b': 0.07104593289933558, 'gpp_d': 153.05809084358899, 'ign_k': 0.07379334626857406, 'ign_c': 11.4473259486111, 'trop_agb_crit': 20.38562356248279, 'trop_k_veg': 2.0385328865213967}. Best is trial 0 with value: -0.5989088506199346.
[I 2026-08-20 00:17:55,703] Trial 427 finished with value: 0.6116577841817338 and parameters: {'k1': 0.057990579619098495, 'D_low': 56679.4352781849, 'k2': 0.002289147567342271, 'D_high': 2516836.506271982, 'fire_exp': 1.446190746157545, 'P_half': 184.82036516189632, 'pre_dampen_half': 1.1109032389984603, 'gpp_af': 44.60265761713377, 'gpp_b': 1.390722233889267, 'gpp_d': 139.75365198714434, 'ign_k': 0.01164528695343653, 'ign_c': 5.491480968600247, 'trop_agb_crit': 14.861763789234425, 'trop_k_veg': 2.549690528153821}. Best is trial 0 with value: -0.5989088506199346.
[I 2026-08-20 00:17:58,232] Trial 428 finished with value: -0.4764480979063124 and parameters: {'k1': 0.009597125393207222, 'D_low': 1702.0466743245931, 'k2': 0.00012245754192109217, 'D_high': 6670747.39163875, 'fire_exp': 2.041756523399287, 'P_half': 13.001972835583741, 'pre_dampen_half': 117.8283379497516, 'gpp_af': 56.21552789218678, 'gpp_b': 0.029675912462275193, 'gpp_d': 170.28876946918416, 'ign_k': 0.002811010102262752, 'ign_c': 6.152324338917323, 'trop_agb_crit': 20.17089914174148, 'trop_k_veg': 2.055956759403201}. Best is trial 0 with value: -0.5989088506199346.
[I 2026-08-20 00:18:00,810] Trial 429 finished with value: 0.43362502779747314 and parameters: {'k1': 0.0015732535751717123, 'D_low': 17.022515862730422, 'k2': 0.0004431624066137452, 'D_high': 763991.7114025567, 'fire_exp': 2.6560977397231613, 'P_half': 9.702822141140766, 'pre_dampen_half': 0.9509766664042005, 'gpp_af': 0.7187991239495616, 'gpp_b': 0.001032522357496126, 'gpp_d': 53.15754829909042, 'ign_k': 1.8752599558230074, 'ign_c': 11.390958054636599, 'trop_agb_crit': 8.775385508080507, 'trop_k_veg': 4.794993466096348}. Best is trial 0 with value: -0.5989088506199346.
[I 2026-08-20 00:18:03,309] Trial 430 finished with value: 0.5567235417301605 and parameters: {'k1': 1.0122815103662374e-05, 'D_low': 3.2416870624148126, 'k2': 0.0003403853847825661, 'D_high': 1133668.9795211412, 'fire_exp': 4.5387133035327265, 'P_half': 2.1723181022425395, 'pre_dampen_half': 11.257773469884071, 'gpp_af': 5.292959726436396, 'gpp_b': 0.0008618731817471259, 'gpp_d': 161.56399079300925, 'ign_k': 0.07624630531664284, 'ign_c': 0.43040687418296997, 'trop_agb_crit': 3.107662868440235, 'trop_k_veg': 0.5592507863122407}. Best is trial 0 with value: -0.5989088506199346.
[I 2026-08-20 00:18:05,889] Trial 431 finished with value: 0.46992666350947565 and parameters: {'k1': 0.0002976762331666807, 'D_low': 4.861439261183839, 'k2': 4.107990874968732e-05, 'D_high': 2109064.43478626, 'fire_exp': 3.1806475509704906, 'P_half': 1.1194124815624418, 'pre_dampen_half': 76.83569222166955, 'gpp_af': 0.3034332855255695, 'gpp_b': 7.885525411547828e-05, 'gpp_d': 529.662548140541, 'ign_k': 4.347195010400362, 'ign_c': 10.920683317480156, 'trop_agb_crit': 1.2311975033003866, 'trop_k_veg': 2.9957241258858733}. Best is trial 0 with value: -0.5989088506199346.
[I 2026-08-20 00:18:08,262] Trial 432 finished with value: 0.562208791945206 and parameters: {'k1': 0.0007761704214177853, 'D_low': 3.452871796918522, 'k2': 1.5688874018569358e-05, 'D_high': 2009675.7832649357, 'fire_exp': 3.0619016529660232, 'P_half': 32.243470432885026, 'pre_dampen_half': 1.3386505084580644, 'gpp_af': 0.01083592960270044, 'gpp_b': 0.005357065252296624, 'gpp_d': 536.1710644346762, 'ign_k': 0.2618438938607494, 'ign_c': 0.6022423127395139, 'trop_agb_crit': 5.854128121186995, 'trop_k_veg': 4.825977663202673}. Best is trial 0 with value: -0.5989088506199346.
[I 2026-08-20 00:18:10,684] Trial 433 finished with value: 0.5508956323730285 and parameters: {'k1': 3.848975954913944e-05, 'D_low': 1564.1508271190098, 'k2': 0.0024751700039115226, 'D_high': 65404.45093267462, 'fire_exp': 3.294766221332853, 'P_half': 1.5923500074289734, 'pre_dampen_half': 26.467130521432644, 'gpp_af': 4.952312581858115, 'gpp_b': 0.0005671438732307411, 'gpp_d': 13.233736131563553, 'ign_k': 0.511224690163712, 'ign_c': 0.15541518979464525, 'trop_agb_crit': 13.742728863436879, 'trop_k_veg': 3.1636206490054284}. Best is trial 0 with value: -0.5989088506199346.
[I 2026-08-20 00:18:13,270] Trial 434 finished with value: 0.46283444371554006 and parameters: {'k1': 0.0004958155760898126, 'D_low': 22.652455820691003, 'k2': 0.0002312338228341695, 'D_high': 5965325.110776658, 'fire_exp': 7.556072383904121, 'P_half': 2.3884871861009596, 'pre_dampen_half': 59.841558877658684, 'gpp_af': 10.529331250695385, 'gpp_b': 0.010448603461954007, 'gpp_d': 956.5154684885935, 'ign_k': 1.3185257988964791, 'ign_c': 0.752205867688156, 'trop_agb_crit': 1.4984548327720388, 'trop_k_veg': 0.8141126134030394}. Best is trial 0 with value: -0.5989088506199346.
[I 2026-08-20 00:18:15,696] Trial 435 finished with value: -0.5455031932979371 and parameters: {'k1': 7.61129095555775e-05, 'D_low': 1.6675644597001715, 'k2': 0.0004041263976131805, 'D_high': 3513196.2037215945, 'fire_exp': 4.838615668686217, 'P_half': 1.532372226550696, 'pre_dampen_half': 10.519366422832022, 'gpp_af': 0.15205432846882633, 'gpp_b': 9.249923524429415e-05, 'gpp_d': 31.386761069845107, 'ign_k': 2.295826372912276, 'ign_c': 2.501408125108027, 'trop_agb_crit': 2.5574599476331987, 'trop_k_veg': 0.9355314512163572}. Best is trial 0 with value: -0.5989088506199346.
[I 2026-08-20 00:18:17,988] Trial 436 finished with value: 0.5981745710248753 and parameters: {'k1': 0.028449983401228517, 'D_low': 6160.610073434087, 'k2': 1.1201606038703879e-05, 'D_high': 3343698.7916111303, 'fire_exp': 1.163970840712583, 'P_half': 6.975080353481168, 'pre_dampen_half': 11.987117057100813, 'gpp_af': 0.008154638933553317, 'gpp_b': 0.05199994087704671, 'gpp_d': 504.4992886155471, 'ign_k': 0.280764850383743, 'ign_c': 0.837825994773716, 'trop_agb_crit': 1.3960769202255325, 'trop_k_veg': 1.1913120329881917}. Best is trial 0 with value: -0.5989088506199346.
[I 2026-08-20 00:18:20,404] Trial 437 finished with value: 0.551578254417761 and parameters: {'k1': 0.05313826572112037, 'D_low': 1018.8837967430273, 'k2': 0.0003412074012079465, 'D_high': 2250454.114306613, 'fire_exp': 2.092019417000027, 'P_half': 37.33484991522733, 'pre_dampen_half': 0.0255740950693069, 'gpp_af': 18.041824157717382, 'gpp_b': 0.0029834340005091965, 'gpp_d': 968.5592759314421, 'ign_k': 0.2029469182951298, 'ign_c': 20.466853258667452, 'trop_agb_crit': 23.1287474696383, 'trop_k_veg': 2.119597383141563}. Best is trial 0 with value: -0.5989088506199346.
[I 2026-08-20 00:18:22,714] Trial 438 finished with value: 0.5115795849606387 and parameters: {'k1': 0.08626081270949744, 'D_low': 1.0464161851578715, 'k2': 1.9081200977451284e-05, 'D_high': 661273.6089338814, 'fire_exp': 1.0982560205706917, 'P_half': 16.198274160502745, 'pre_dampen_half': 486.3255284538269, 'gpp_af': 0.09128272492507576, 'gpp_b': 0.0020680934458537936, 'gpp_d': 126.48077069182587, 'ign_k': 2.5903187114213764, 'ign_c': 3.0840346384223323, 'trop_agb_crit': 4.774527609712091, 'trop_k_veg': 0.9065755111103829}. Best is trial 0 with value: -0.5989088506199346.
[I 2026-08-20 00:18:25,143] Trial 439 finished with value: 0.6445374145881376 and parameters: {'k1': 0.00020170479786094008, 'D_low': 519.1224385644551, 'k2': 0.008612231962762538, 'D_high': 99615.40370764352, 'fire_exp': 2.5210424378160736, 'P_half': 2.7056170093984524, 'pre_dampen_half': 1.524342100961846, 'gpp_af': 0.18407000617053854, 'gpp_b': 5.723100059395706e-05, 'gpp_d': 190.2618955760921, 'ign_k': 1.2526303577285622, 'ign_c': 109.35605864108311, 'trop_agb_crit': 16.28809426333985, 'trop_k_veg': 0.7521834924130849}. Best is trial 0 with value: -0.5989088506199346.
[I 2026-08-20 00:18:27,447] Trial 440 finished with value: 0.5941993495902429 and parameters: {'k1': 3.9539725126825076e-05, 'D_low': 6.682716149409608, 'k2': 1.3245812787518145e-05, 'D_high': 469157.7006768037, 'fire_exp': 3.2073629410011173, 'P_half': 20.302433681300528, 'pre_dampen_half': 2.394658119265622, 'gpp_af': 0.11498872340065529, 'gpp_b': 0.16151434773660622, 'gpp_d': 37.525467853860505, 'ign_k': 0.034665252055310625, 'ign_c': 2.3498207507787767, 'trop_agb_crit': 5.617360340607069, 'trop_k_veg': 2.6352612997322415}. Best is trial 0 with value: -0.5989088506199346.
[I 2026-08-20 00:18:29,782] Trial 441 finished with value: 0.5414474078485532 and parameters: {'k1': 0.004396952414338835, 'D_low': 5.935832147900352, 'k2': 0.001888649526314433, 'D_high': 99831.2797976095, 'fire_exp': 1.335656975140888, 'P_half': 15.547705717309356, 'pre_dampen_half': 0.7933174932028491, 'gpp_af': 0.31088035036469214, 'gpp_b': 3.913281937468108e-05, 'gpp_d': 0.6089592789028382, 'ign_k': 0.009615564108277071, 'ign_c': 0.6074283752305266, 'trop_agb_crit': 1.1264002782859501, 'trop_k_veg': 1.5950030285705599}. Best is trial 0 with value: -0.5989088506199346.
[I 2026-08-20 00:18:32,079] Trial 442 finished with value: -0.5591492506743254 and parameters: {'k1': 0.0016018106426817261, 'D_low': 3.223946375771736, 'k2': 0.00021386352759107687, 'D_high': 9681088.12643914, 'fire_exp': 1.0780267302814603, 'P_half': 11.064575488388755, 'pre_dampen_half': 1.2551038412597828, 'gpp_af': 5.413198700698141, 'gpp_b': 0.560945192093348, 'gpp_d': 307.9535401904509, 'ign_k': 0.6008003105862988, 'ign_c': 0.11703822345888079, 'trop_agb_crit': 1.1526327694599492, 'trop_k_veg': 1.14685396526747}. Best is trial 0 with value: -0.5989088506199346.
[I 2026-08-20 00:18:34,680] Trial 443 finished with value: 0.5876925942018353 and parameters: {'k1': 0.00014136886888648658, 'D_low': 263.8767812537701, 'k2': 0.0018181781161487548, 'D_high': 5183574.140710424, 'fire_exp': 1.7253477567564155, 'P_half': 51.18345384256667, 'pre_dampen_half': 1.1473995798593606, 'gpp_af': 0.8309743305848124, 'gpp_b': 2.6665737064562323, 'gpp_d': 74.9057166244963, 'ign_k': 3.308643143145672, 'ign_c': 0.12439228429537827, 'trop_agb_crit': 1.5439707149675042, 'trop_k_veg': 3.3917608930804355}. Best is trial 0 with value: -0.5989088506199346.
[I 2026-08-20 00:18:37,156] Trial 444 finished with value: 0.6338671001651285 and parameters: {'k1': 0.00026905460788372607, 'D_low': 199508.30721294766, 'k2': 0.006570295497651271, 'D_high': 322519.6472806024, 'fire_exp': 1.1089810593581029, 'P_half': 198.2850220839888, 'pre_dampen_half': 53.85392577905158, 'gpp_af': 0.034361039725612504, 'gpp_b': 0.0005798533581037338, 'gpp_d': 0.5619769268650492, 'ign_k': 4.3897328841332826, 'ign_c': 5.777326791715611, 'trop_agb_crit': 9.243430778370016, 'trop_k_veg': 3.088900707873411}. Best is trial 0 with value: -0.5989088506199346.
[I 2026-08-20 00:18:39,534] Trial 445 finished with value: -0.5284869679110898 and parameters: {'k1': 0.0012547356966188822, 'D_low': 142.34532723546235, 'k2': 0.00014297419676254276, 'D_high': 2617737.4699988654, 'fire_exp': 1.1682684592163521, 'P_half': 4.052239790236357, 'pre_dampen_half': 3.9582731041243457, 'gpp_af': 1.8065194420320647, 'gpp_b': 0.7244589496431073, 'gpp_d': 145.52036432333784, 'ign_k': 6.976800916237643, 'ign_c': 0.19048491755538746, 'trop_agb_crit': 1.047151387397904, 'trop_k_veg': 0.9518455261874835}. Best is trial 0 with value: -0.5989088506199346.
[I 2026-08-20 00:18:41,919] Trial 446 finished with value: -0.5656217693713528 and parameters: {'k1': 0.00014511805418389575, 'D_low': 1.3178765192700814, 'k2': 0.00023513908469783903, 'D_high': 9742502.383750543, 'fire_exp': 2.922441847400475, 'P_half': 1.8416229337469276, 'pre_dampen_half': 10.592765893071306, 'gpp_af': 15.306233376296442, 'gpp_b': 0.042623985399237806, 'gpp_d': 481.94605747304314, 'ign_k': 0.49588527429617496, 'ign_c': 1.1897669777680642, 'trop_agb_crit': 1.1818367248220691, 'trop_k_veg': 1.0288514925862282}. Best is trial 0 with value: -0.5989088506199346.
[I 2026-08-20 00:18:44,408] Trial 447 finished with value: 0.5335194172713987 and parameters: {'k1': 0.02221608708049612, 'D_low': 858.9585560054785, 'k2': 0.004838175984672107, 'D_high': 3343402.3080310277, 'fire_exp': 2.2480121726325404, 'P_half': 876.6927385336342, 'pre_dampen_half': 22.164050717730834, 'gpp_af': 4.51259658298829, 'gpp_b': 0.5675639344839145, 'gpp_d': 706.0655853018745, 'ign_k': 1.5239369031282657, 'ign_c': 14.355935800522419, 'trop_agb_crit': 12.377411904873647, 'trop_k_veg': 1.7862857097344675}. Best is trial 0 with value: -0.5989088506199346.
[I 2026-08-20 00:18:46,790] Trial 448 finished with value: 0.49569349242885496 and parameters: {'k1': 0.0010294384411799829, 'D_low': 1.0180669276145697, 'k2': 0.00028517970990216845, 'D_high': 1118555.102804709, 'fire_exp': 2.6942315368427034, 'P_half': 1.5515640032069167, 'pre_dampen_half': 12.564645724376193, 'gpp_af': 12.401547723396668, 'gpp_b': 0.1407346050749641, 'gpp_d': 42.51400781894186, 'ign_k': 0.06654915495944538, 'ign_c': 0.4112650126561118, 'trop_agb_crit': 1.12715859632436, 'trop_k_veg': 1.0491479790040286}. Best is trial 0 with value: -0.5989088506199346.
[I 2026-08-20 00:18:49,188] Trial 449 finished with value: -0.5302495559291371 and parameters: {'k1': 1.1537552831943426e-05, 'D_low': 404.3376326167247, 'k2': 0.03493978091154306, 'D_high': 3546497.0627990984, 'fire_exp': 2.014039180181717, 'P_half': 2.576172552699957, 'pre_dampen_half': 43.239637228375386, 'gpp_af': 0.04106682814023523, 'gpp_b': 0.002302904186382791, 'gpp_d': 653.3051378670089, 'ign_k': 0.1285442311458957, 'ign_c': 0.12582385516754802, 'trop_agb_crit': 7.7729082951580635, 'trop_k_veg': 2.759251458195952}. Best is trial 0 with value: -0.5989088506199346.
[I 2026-08-20 00:18:51,572] Trial 450 finished with value: -0.5475069019873426 and parameters: {'k1': 2.472717176065845e-05, 'D_low': 2.1635348022501577, 'k2': 0.004260947025542206, 'D_high': 2330105.8697752855, 'fire_exp': 2.540245771835485, 'P_half': 11.807569515696038, 'pre_dampen_half': 39.592625274767215, 'gpp_af': 8.390294152560864, 'gpp_b': 0.020324923742870038, 'gpp_d': 62.53542269822044, 'ign_k': 0.6514297479509417, 'ign_c': 0.16147607639704997, 'trop_agb_crit': 1.139127638582689, 'trop_k_veg': 1.0076278085419654}. Best is trial 0 with value: -0.5989088506199346.
[I 2026-08-20 00:18:55,346] Trial 451 finished with value: 0.6463545446389789 and parameters: {'k1': 4.5608544675454934e-05, 'D_low': 2288.590136148296, 'k2': 0.0036297946930676822, 'D_high': 1203204.4478057239, 'fire_exp': 1.8256436959135658, 'P_half': 16.683609748028594, 'pre_dampen_half': 170.45806075580464, 'gpp_af': 0.0715600354011838, 'gpp_b': 3.259097495123426e-05, 'gpp_d': 172.18244032303792, 'ign_k': 4.729040088357735, 'ign_c': 36.951074248242215, 'trop_agb_crit': 12.179944188051177, 'trop_k_veg': 1.1683916301521884}. Best is trial 0 with value: -0.5989088506199346.
[I 2026-08-20 00:18:57,916] Trial 452 finished with value: 0.450919233401742 and parameters: {'k1': 4.6435036534663666e-05, 'D_low': 1.4096722135509454, 'k2': 0.00013112539174331983, 'D_high': 6850576.118116638, 'fire_exp': 1.8113665314711138, 'P_half': 3.528599997404559, 'pre_dampen_half': 266.1929017495138, 'gpp_af': 15.39323547001524, 'gpp_b': 1.6602933897401906, 'gpp_d': 397.034070945447, 'ign_k': 1.888745305151607, 'ign_c': 0.131150583530906, 'trop_agb_crit': 2.6376298584271534, 'trop_k_veg': 1.340669649374511}. Best is trial 0 with value: -0.5989088506199346.
[I 2026-08-20 00:19:00,370] Trial 453 finished with value: 0.5533679695685929 and parameters: {'k1': 0.0012134567976027054, 'D_low': 186.26269995630238, 'k2': 5.036991434123874e-05, 'D_high': 3685293.0146691916, 'fire_exp': 1.208220322643978, 'P_half': 20.101135558914923, 'pre_dampen_half': 0.020858336644325924, 'gpp_af': 1.2517315052991573, 'gpp_b': 0.09022449856135395, 'gpp_d': 11.76936880308573, 'ign_k': 0.11788092761269495, 'ign_c': 1.0027117761401132, 'trop_agb_crit': 1.0009265269912524, 'trop_k_veg': 1.052174955372181}. Best is trial 0 with value: -0.5989088506199346.
