[I 2026-06-10 22:12:59,687] Trial 816 finished with values: [10.672976385547297, 10.672976385547297] and parameters: {'k1': 0.012840669372724958, 'D_low': 171.2446447678494, 'k2': 0.003767022142229395, 'D_high': 262.11304189124235, 'fire_exp': 1.14171776851287, 'P_half': 61.6097529474144, 'pre_dampen_half': 33.71909132517384, 'gpp_af': 0.016306190741524337, 'gpp_b': 0.0012611058927054877, 'gpp_d': 0.12027930570908299, 'ign_k': 0.0029519227433917453, 'ign_c': 228.79430573173593, 'trop_agb_crit': 1.8023542850487386, 'trop_k_veg': 0.6673124511410327, 'fire_amp': 1.5180207449214471}.
[I 2026-06-10 22:13:01,222] Trial 817 finished with values: [11.394474979668194, 11.394474979668194] and parameters: {'k1': 0.08006837661379566, 'D_low': 171.2446447678494, 'k2': 0.00037358626308127543, 'D_high': 83.14160873549643, 'fire_exp': 1.7505406131449859, 'P_half': 3.591771421517613, 'pre_dampen_half': 189.88136301569827, 'gpp_af': 0.008117091133892173, 'gpp_b': 1.3415796596713932e-05, 'gpp_d': 34.18897529667503, 'ign_k': 0.07867677706257832, 'ign_c': 2.226297338331262, 'trop_agb_crit': 21.086120736447015, 'trop_k_veg': 5.453348988480011, 'fire_amp': 5.44779717154213}.
[I 2026-06-10 22:13:02,512] Trial 818 finished with values: [10.832989070724107, 10.832989070724107] and parameters: {'k1': 0.00031134168041628584, 'D_low': 1.4002277211577039, 'k2': 0.02065142557895925, 'D_high': 83.14160873549643, 'fire_exp': 4.164740583255681, 'P_half': 61.6097529474144, 'pre_dampen_half': 16.009350908593582, 'gpp_af': 0.008117091133892173, 'gpp_b': 2.800940363375676e-05, 'gpp_d': 17.82401184029455, 'ign_k': 0.0029519227433917453, 'ign_c': 7.081721844034206, 'trop_agb_crit': 1.8566494291193822, 'trop_k_veg': 5.453348988480011, 'fire_amp': 1.2393473789150806}.
[I 2026-06-10 22:13:03,868] Trial 819 finished with values: [11.019531550365597, 11.019531550365597] and parameters: {'k1': 0.012840669372724958, 'D_low': 148.21691630007544, 'k2': 4.69955602109909e-05, 'D_high': 42210.21267871043, 'fire_exp': 1.1633452995374232, 'P_half': 4.213183643253957, 'pre_dampen_half': 16.009350908593582, 'gpp_af': 0.008117091133892173, 'gpp_b': 0.00012118589392553798, 'gpp_d': 545.0253444559129, 'ign_k': 0.8861249804463233, 'ign_c': 7.081721844034206, 'trop_agb_crit': 1.8566494291193822, 'trop_k_veg': 5.453348988480011, 'fire_amp': 2.042193818779288}.
[I 2026-06-10 22:13:05,609] Trial 820 finished with values: [10.353221751283037, 10.353221751283037] and parameters: {'k1': 0.006079905434073396, 'D_low': 148.21691630007544, 'k2': 0.02065142557895925, 'D_high': 42210.21267871043, 'fire_exp': 1.5315561686017187, 'P_half': 93.43302657318476, 'pre_dampen_half': 4.603480758878793, 'gpp_af': 3.298293484806585, 'gpp_b': 8.168628001294799e-05, 'gpp_d': 21.899070557043984, 'ign_k': 0.002676132993402929, 'ign_c': 2.226297338331262, 'trop_agb_crit': 1.23202873794675, 'trop_k_veg': 1.6648666152166967, 'fire_amp': 1.746805197047088}.
[I 2026-06-10 22:13:07,217] Trial 821 finished with values: [-0.6294630450567126, 0.04329746737922058] and parameters: {'k1': 0.012840669372724958, 'D_low': 12.105387404469584, 'k2': 0.0004976087827261435, 'D_high': 13275.361137191961, 'fire_exp': 1.2344878997299724, 'P_half': 61.6097529474144, 'pre_dampen_half': 4.847666216751353, 'gpp_af': 0.016306190741524337, 'gpp_b': 0.001674375583895437, 'gpp_d': 700.6693992445935, 'ign_k': 0.0029519227433917453, 'ign_c': 1.9423015749984096, 'trop_agb_crit': 8.0091368834625, 'trop_k_veg': 2.99731137426955, 'fire_amp': 2.7806853670293616}.
[I 2026-06-10 22:13:09,043] Trial 822 finished with values: [10.200023883634186, 10.200023883634186] and parameters: {'k1': 0.0018697387216131526, 'D_low': 2.843767489444367, 'k2': 4.69955602109909e-05, 'D_high': 83.14160873549643, 'fire_exp': 1.7220686611084326, 'P_half': 4.213183643253957, 'pre_dampen_half': 35.09387368811639, 'gpp_af': 0.2204465010099918, 'gpp_b': 0.0006809980431188124, 'gpp_d': 60.369370109848475, 'ign_k': 0.07867677706257832, 'ign_c': 0.4177928311636542, 'trop_agb_crit': 1.8023542850487386, 'trop_k_veg': 5.453348988480011, 'fire_amp': 2.042193818779288}.
[I 2026-06-10 22:13:10,372] Trial 823 finished with values: [-0.53196800085106, 0.1281489150613011] and parameters: {'k1': 0.0018697387216131526, 'D_low': 2.843767489444367, 'k2': 0.02065142557895925, 'D_high': 42210.21267871043, 'fire_exp': 1.1633452995374232, 'P_half': 93.43302657318476, 'pre_dampen_half': 1.785889900578207, 'gpp_af': 0.2204465010099918, 'gpp_b': 0.0003601974223479835, 'gpp_d': 60.369370109848475, 'ign_k': 0.07867677706257832, 'ign_c': 0.4177928311636542, 'trop_agb_crit': 12.708819454040446, 'trop_k_veg': 5.453348988480011, 'fire_amp': 1.746805197047088}.
[I 2026-06-10 22:13:11,733] Trial 824 finished with values: [10.27653774187555, 10.27653774187555] and parameters: {'k1': 0.012840669372724958, 'D_low': 69.05604395130307, 'k2': 0.0004976087827261435, 'D_high': 42210.21267871043, 'fire_exp': 1.14171776851287, 'P_half': 1.7086581483996572, 'pre_dampen_half': 16.009350908593582, 'gpp_af': 0.016306190741524337, 'gpp_b': 0.0003601974223479835, 'gpp_d': 0.7698760608299932, 'ign_k': 0.0029519227433917453, 'ign_c': 0.4177928311636542, 'trop_agb_crit': 12.708819454040446, 'trop_k_veg': 5.453348988480011, 'fire_amp': 1.5719333351012774}.
[I 2026-06-10 22:13:13,271] Trial 825 finished with values: [10.599165297504848, 10.599165297504848] and parameters: {'k1': 0.012840669372724958, 'D_low': 12.105387404469584, 'k2': 0.003767022142229395, 'D_high': 262.11304189124235, 'fire_exp': 1.5315561686017187, 'P_half': 12.262543158860007, 'pre_dampen_half': 28.01075698398644, 'gpp_af': 3.298293484806585, 'gpp_b': 0.16397960021659272, 'gpp_d': 545.0253444559129, 'ign_k': 0.00840038491455979, 'ign_c': 228.79430573173593, 'trop_agb_crit': 18.081400596781233, 'trop_k_veg': 1.6648666152166967, 'fire_amp': 5.869450070968175}.
[I 2026-06-10 22:13:14,722] Trial 826 finished with values: [-0.4488712895200803, 0.11785400529609125] and parameters: {'k1': 0.00031134168041628584, 'D_low': 12.105387404469584, 'k2': 0.0007731571570012607, 'D_high': 42210.21267871043, 'fire_exp': 1.1633452995374232, 'P_half': 3.591771421517613, 'pre_dampen_half': 1.8469033699850426, 'gpp_af': 0.008117091133892173, 'gpp_b': 9.497440085397415e-05, 'gpp_d': 942.6090081952854, 'ign_k': 0.00840038491455979, 'ign_c': 48.704711413416454, 'trop_agb_crit': 1.0693376406863295, 'trop_k_veg': 0.6673124511410327, 'fire_amp': 5.44779717154213}.
[I 2026-06-10 22:13:16,432] Trial 827 finished with values: [10.616047954288872, 10.616047954288872] and parameters: {'k1': 0.0018697387216131526, 'D_low': 2.843767489444367, 'k2': 1.702637694606324e-05, 'D_high': 83.14160873549643, 'fire_exp': 1.41873960828944, 'P_half': 61.6097529474144, 'pre_dampen_half': 16.009350908593582, 'gpp_af': 2.9865936975455876, 'gpp_b': 1.3415796596713932e-05, 'gpp_d': 0.03927259340973166, 'ign_k': 0.07867677706257832, 'ign_c': 1.9423015749984096, 'trop_agb_crit': 28.38004294664272, 'trop_k_veg': 2.520089655463604, 'fire_amp': 1.5719333351012774}.
[I 2026-06-10 22:13:17,754] Trial 828 finished with values: [-0.5006486294437593, 0.12222955394621293] and parameters: {'k1': 0.08006837661379566, 'D_low': 148.21691630007544, 'k2': 0.02065142557895925, 'D_high': 42210.21267871043, 'fire_exp': 1.0812994412809738, 'P_half': 61.6097529474144, 'pre_dampen_half': 4.603480758878793, 'gpp_af': 0.016306190741524337, 'gpp_b': 2.800940363375676e-05, 'gpp_d': 0.1570003140297517, 'ign_k': 0.002676132993402929, 'ign_c': 1.9423015749984096, 'trop_agb_crit': 1.6222566606523396, 'trop_k_veg': 6.778288138489648, 'fire_amp': 1.746805197047088}.
[I 2026-06-10 22:13:19,028] Trial 829 finished with values: [10.423048494444288, 10.423048494444288] and parameters: {'k1': 0.00031134168041628584, 'D_low': 1.4002277211577039, 'k2': 0.0007731571570012607, 'D_high': 83.14160873549643, 'fire_exp': 1.1633452995374232, 'P_half': 12.262543158860007, 'pre_dampen_half': 189.36639872354493, 'gpp_af': 3.298293484806585, 'gpp_b': 5.349456206882108e-05, 'gpp_d': 6.284104775086881, 'ign_k': 0.07867677706257832, 'ign_c': 48.704711413416454, 'trop_agb_crit': 2.8052667649738585, 'trop_k_veg': 1.6648666152166967, 'fire_amp': 5.44779717154213}.
[I 2026-06-10 22:13:20,754] Trial 830 finished with values: [10.424190071604354, 10.424190071604354] and parameters: {'k1': 0.005754658592592073, 'D_low': 12.105387404469584, 'k2': 0.0002442377596403892, 'D_high': 12.541447539026084, 'fire_exp': 1.2344878997299724, 'P_half': 1.4551749476072258, 'pre_dampen_half': 16.009350908593582, 'gpp_af': 0.016306190741524337, 'gpp_b': 2.800940363375676e-05, 'gpp_d': 0.03200582711952312, 'ign_k': 0.010733257635049785, 'ign_c': 1.9423015749984096, 'trop_agb_crit': 1.0693376406863295, 'trop_k_veg': 2.520089655463604, 'fire_amp': 1.5180207449214471}.
[I 2026-06-10 22:13:22,165] Trial 831 finished with values: [10.817154972562326, 10.817154972562326] and parameters: {'k1': 0.00587009820297804, 'D_low': 12.105387404469584, 'k2': 0.02065142557895925, 'D_high': 17.74872630983488, 'fire_exp': 1.41873960828944, 'P_half': 61.6097529474144, 'pre_dampen_half': 1.785889900578207, 'gpp_af': 0.016306190741524337, 'gpp_b': 0.0003601974223479835, 'gpp_d': 700.6693992445935, 'ign_k': 0.0029519227433917453, 'ign_c': 0.4177928311636542, 'trop_agb_crit': 12.708819454040446, 'trop_k_veg': 2.520089655463604, 'fire_amp': 1.2393473789150806}.
[I 2026-06-10 22:13:23,794] Trial 832 finished with values: [-0.47029495572611746, 0.11218552680244953] and parameters: {'k1': 0.012840669372724958, 'D_low': 12.105387404469584, 'k2': 0.003767022142229395, 'D_high': 42210.21267871043, 'fire_exp': 1.41873960828944, 'P_half': 109.0657807452408, 'pre_dampen_half': 16.009350908593582, 'gpp_af': 0.10098504976210308, 'gpp_b': 9.497440085397415e-05, 'gpp_d': 700.6693992445935, 'ign_k': 0.002357279455676982, 'ign_c': 1.9423015749984096, 'trop_agb_crit': 2.0527418919564324, 'trop_k_veg': 2.520089655463604, 'fire_amp': 1.5180207449214471}.
[I 2026-06-10 22:13:25,138] Trial 833 finished with values: [-0.4669955820722541, 0.23064123498363087] and parameters: {'k1': 0.012840669372724958, 'D_low': 171.2446447678494, 'k2': 0.02065142557895925, 'D_high': 30227.031291375773, 'fire_exp': 1.2344878997299724, 'P_half': 61.6097529474144, 'pre_dampen_half': 16.009350908593582, 'gpp_af': 96.26851425803589, 'gpp_b': 1.4540386644083135e-05, 'gpp_d': 700.6693992445935, 'ign_k': 0.0029519227433917453, 'ign_c': 1.9423015749984096, 'trop_agb_crit': 8.0091368834625, 'trop_k_veg': 4.776259022974975, 'fire_amp': 1.2393473789150806}.
[I 2026-06-10 22:13:26,407] Trial 834 finished with values: [10.179925034882089, 10.179925034882089] and parameters: {'k1': 0.012840669372724958, 'D_low': 288.98663158858795, 'k2': 4.69955602109909e-05, 'D_high': 42210.21267871043, 'fire_exp': 1.0812994412809738, 'P_half': 93.43302657318476, 'pre_dampen_half': 4.603480758878793, 'gpp_af': 0.016306190741524337, 'gpp_b': 2.800940363375676e-05, 'gpp_d': 0.33983499890855334, 'ign_k': 0.8861249804463233, 'ign_c': 1.4091459170104739, 'trop_agb_crit': 8.0091368834625, 'trop_k_veg': 2.520089655463604, 'fire_amp': 2.042193818779288}.
[I 2026-06-10 22:13:27,806] Trial 835 finished with values: [10.381668829972748, 10.381668829972748] and parameters: {'k1': 0.00031134168041628584, 'D_low': 171.2446447678494, 'k2': 0.02065142557895925, 'D_high': 83.14160873549643, 'fire_exp': 1.1633452995374232, 'P_half': 3.591771421517613, 'pre_dampen_half': 1.8469033699850426, 'gpp_af': 0.016306190741524337, 'gpp_b': 1.3415796596713932e-05, 'gpp_d': 0.7698760608299932, 'ign_k': 0.07867677706257832, 'ign_c': 1.9423015749984096, 'trop_agb_crit': 8.347757040088627, 'trop_k_veg': 5.453348988480011, 'fire_amp': 5.44779717154213}.
[I 2026-06-10 22:13:29,247] Trial 836 finished with values: [10.257251217791271, 10.257251217791271] and parameters: {'k1': 0.012840669372724958, 'D_low': 148.21691630007544, 'k2': 0.0001280886335404798, 'D_high': 22.636544662054543, 'fire_exp': 1.2344878997299724, 'P_half': 1.859526645713404, 'pre_dampen_half': 16.009350908593582, 'gpp_af': 0.0662749342026412, 'gpp_b': 1.4540386644083135e-05, 'gpp_d': 47.35384181058586, 'ign_k': 0.010733257635049785, 'ign_c': 1.9423015749984096, 'trop_agb_crit': 1.8023542850487386, 'trop_k_veg': 0.6673124511410327, 'fire_amp': 4.783836175730692}.
[I 2026-06-10 22:13:30,785] Trial 837 finished with values: [10.035928865350712, 10.035928865350712] and parameters: {'k1': 5.7909642338812115e-05, 'D_low': 408.3047491580097, 'k2': 0.0007731571570012607, 'D_high': 83.14160873549643, 'fire_exp': 1.1633452995374232, 'P_half': 61.6097529474144, 'pre_dampen_half': 35.09387368811639, 'gpp_af': 0.2204465010099918, 'gpp_b': 1.3415796596713932e-05, 'gpp_d': 76.38081075786287, 'ign_k': 0.29415751391396583, 'ign_c': 0.4177928311636542, 'trop_agb_crit': 18.081400596781233, 'trop_k_veg': 1.056284487623406, 'fire_amp': 1.5180207449214471}.
[I 2026-06-10 22:13:32,458] Trial 838 finished with values: [10.556171273951175, 10.556171273951175] and parameters: {'k1': 0.08006837661379566, 'D_low': 12.105387404469584, 'k2': 0.00037358626308127543, 'D_high': 30227.031291375773, 'fire_exp': 1.7505406131449859, 'P_half': 2834.090429514774, 'pre_dampen_half': 189.88136301569827, 'gpp_af': 0.0662749342026412, 'gpp_b': 2.176805640408474e-05, 'gpp_d': 21.899070557043984, 'ign_k': 0.00840038491455979, 'ign_c': 157.63098727399432, 'trop_agb_crit': 21.086120736447015, 'trop_k_veg': 0.828441460847982, 'fire_amp': 4.783836175730692}.
[I 2026-06-10 22:13:34,122] Trial 839 finished with values: [-0.520048086583618, 0.0556065303313783] and parameters: {'k1': 0.012840669372724958, 'D_low': 148.21691630007544, 'k2': 0.0007731571570012607, 'D_high': 83.14160873549643, 'fire_exp': 1.1633452995374232, 'P_half': 3.591771421517613, 'pre_dampen_half': 1.8469033699850426, 'gpp_af': 0.4317251206640925, 'gpp_b': 0.0008861657881839811, 'gpp_d': 12.338826503601998, 'ign_k': 0.07867677706257832, 'ign_c': 7.081721844034206, 'trop_agb_crit': 1.8566494291193822, 'trop_k_veg': 5.453348988480011, 'fire_amp': 5.44779717154213}.
[I 2026-06-10 22:13:35,551] Trial 840 finished with values: [10.769385997977562, 10.769385997977562] and parameters: {'k1': 0.0018697387216131526, 'D_low': 171.2446447678494, 'k2': 0.0004976087827261435, 'D_high': 42210.21267871043, 'fire_exp': 2.6673707465506062, 'P_half': 93.43302657318476, 'pre_dampen_half': 4.847666216751353, 'gpp_af': 0.2204465010099918, 'gpp_b': 0.001674375583895437, 'gpp_d': 0.7698760608299932, 'ign_k': 0.002357279455676982, 'ign_c': 1.9423015749984096, 'trop_agb_crit': 8.0091368834625, 'trop_k_veg': 2.99731137426955, 'fire_amp': 2.7806853670293616}.
[I 2026-06-10 22:13:36,879] Trial 841 finished with values: [10.17082471151567, 10.17082471151567] and parameters: {'k1': 0.012840669372724958, 'D_low': 12.105387404469584, 'k2': 0.02065142557895925, 'D_high': 42210.21267871043, 'fire_exp': 1.41873960828944, 'P_half': 2834.090429514774, 'pre_dampen_half': 16.009350908593582, 'gpp_af': 0.016306190741524337, 'gpp_b': 2.800940363375676e-05, 'gpp_d': 28.312234265202243, 'ign_k': 0.00840038491455979, 'ign_c': 1.9423015749984096, 'trop_agb_crit': 1.2489332852689512, 'trop_k_veg': 2.520089655463604, 'fire_amp': 4.783836175730692}.
[I 2026-06-10 22:13:38,545] Trial 842 finished with values: [10.724252898674845, 10.724252898674845] and parameters: {'k1': 0.012840669372724958, 'D_low': 12.105387404469584, 'k2': 0.0004976087827261435, 'D_high': 33.33047530921621, 'fire_exp': 1.5315561686017187, 'P_half': 61.6097529474144, 'pre_dampen_half': 4.847666216751353, 'gpp_af': 0.016306190741524337, 'gpp_b': 0.001674375583895437, 'gpp_d': 271.0323160002808, 'ign_k': 0.0029519227433917453, 'ign_c': 1.9423015749984096, 'trop_agb_crit': 4.617282690749149, 'trop_k_veg': 2.99731137426955, 'fire_amp': 1.417247667573402}.
[I 2026-06-10 22:13:40,021] Trial 843 finished with values: [10.062032563926342, 10.062032563926342] and parameters: {'k1': 5.7909642338812115e-05, 'D_low': 171.2446447678494, 'k2': 0.02065142557895925, 'D_high': 42210.21267871043, 'fire_exp': 1.14171776851287, 'P_half': 1.859526645713404, 'pre_dampen_half': 4.603480758878793, 'gpp_af': 0.016306190741524337, 'gpp_b': 7.555164990945509e-05, 'gpp_d': 0.7698760608299932, 'ign_k': 0.010733257635049785, 'ign_c': 1.9423015749984096, 'trop_agb_crit': 8.0091368834625, 'trop_k_veg': 6.778288138489648, 'fire_amp': 1.5180207449214471}.
[I 2026-06-10 22:13:41,646] Trial 844 finished with values: [-0.18390651707349898, 0.08385738619454597] and parameters: {'k1': 0.0002958267235643845, 'D_low': 12.105387404469584, 'k2': 0.003767022142229395, 'D_high': 30227.031291375773, 'fire_exp': 1.0601964743503993, 'P_half': 2834.090429514774, 'pre_dampen_half': 28.01075698398644, 'gpp_af': 0.0662749342026412, 'gpp_b': 2.176805640408474e-05, 'gpp_d': 1.1766539651208914, 'ign_k': 0.00840038491455979, 'ign_c': 157.63098727399432, 'trop_agb_crit': 18.081400596781233, 'trop_k_veg': 0.6673124511410327, 'fire_amp': 5.869450070968175}.
[I 2026-06-10 22:13:42,917] Trial 845 finished with values: [10.097959699259702, 10.097959699259702] and parameters: {'k1': 0.012840669372724958, 'D_low': 12.105387404469584, 'k2': 4.69955602109909e-05, 'D_high': 42210.21267871043, 'fire_exp': 1.2344878997299724, 'P_half': 61.6097529474144, 'pre_dampen_half': 16.009350908593582, 'gpp_af': 0.016306190741524337, 'gpp_b': 2.800940363375676e-05, 'gpp_d': 545.0253444559129, 'ign_k': 0.010733257635049785, 'ign_c': 1.9423015749984096, 'trop_agb_crit': 1.2489332852689512, 'trop_k_veg': 2.520089655463604, 'fire_amp': 1.5180207449214471}.
[I 2026-06-10 22:13:44,181] Trial 846 finished with values: [-0.631426737969708, 0.047162104377214575] and parameters: {'k1': 0.012840669372724958, 'D_low': 1.3376564232104105, 'k2': 0.0004976087827261435, 'D_high': 42210.21267871043, 'fire_exp': 1.2344878997299724, 'P_half': 61.6097529474144, 'pre_dampen_half': 4.847666216751353, 'gpp_af': 0.016306190741524337, 'gpp_b': 0.001674375583895437, 'gpp_d': 700.6693992445935, 'ign_k': 0.002357279455676982, 'ign_c': 1.9423015749984096, 'trop_agb_crit': 8.0091368834625, 'trop_k_veg': 2.99731137426955, 'fire_amp': 2.7806853670293616}.
[I 2026-06-10 22:13:45,486] Trial 847 finished with values: [10.833286747365207, 10.833286747365207] and parameters: {'k1': 0.08006837661379566, 'D_low': 2.843767489444367, 'k2': 0.0002442377596403892, 'D_high': 83.14160873549643, 'fire_exp': 6.722609665434056, 'P_half': 93.43302657318476, 'pre_dampen_half': 16.009350908593582, 'gpp_af': 0.2204465010099918, 'gpp_b': 1.3415796596713932e-05, 'gpp_d': 21.899070557043984, 'ign_k': 0.0029519227433917453, 'ign_c': 2.226297338331262, 'trop_agb_crit': 18.081400596781233, 'trop_k_veg': 0.828441460847982, 'fire_amp': 1.1655705619308396}.
[I 2026-06-10 22:13:46,785] Trial 848 finished with values: [10.671949509755727, 10.671949509755727] and parameters: {'k1': 0.012840669372724958, 'D_low': 12.105387404469584, 'k2': 0.003767022142229395, 'D_high': 13275.361137191961, 'fire_exp': 1.2344878997299724, 'P_half': 2834.090429514774, 'pre_dampen_half': 4.847666216751353, 'gpp_af': 0.0662749342026412, 'gpp_b': 2.176805640408474e-05, 'gpp_d': 46.566318342356254, 'ign_k': 0.00840038491455979, 'ign_c': 157.63098727399432, 'trop_agb_crit': 8.0091368834625, 'trop_k_veg': 0.6673124511410327, 'fire_amp': 2.7806853670293616}.
[I 2026-06-10 22:13:48,062] Trial 849 finished with values: [11.301011835157276, 11.301011835157276] and parameters: {'k1': 0.012840669372724958, 'D_low': 1.4002277211577039, 'k2': 0.0004976087827261435, 'D_high': 83.14160873549643, 'fire_exp': 1.2344878997299724, 'P_half': 61.6097529474144, 'pre_dampen_half': 4.847666216751353, 'gpp_af': 0.008117091133892173, 'gpp_b': 1.3415796596713932e-05, 'gpp_d': 0.7698760608299932, 'ign_k': 0.29415751391396583, 'ign_c': 1.9423015749984096, 'trop_agb_crit': 1.8566494291193822, 'trop_k_veg': 2.99731137426955, 'fire_amp': 5.44779717154213}.
[I 2026-06-10 22:13:49,330] Trial 850 finished with values: [10.556561806557589, 10.556561806557589] and parameters: {'k1': 0.012840669372724958, 'D_low': 12.105387404469584, 'k2': 0.011945919244900459, 'D_high': 11.069424888528069, 'fire_exp': 1.0812994412809738, 'P_half': 61.6097529474144, 'pre_dampen_half': 16.009350908593582, 'gpp_af': 0.016306190741524337, 'gpp_b': 2.800940363375676e-05, 'gpp_d': 700.6693992445935, 'ign_k': 0.0029519227433917453, 'ign_c': 1.9423015749984096, 'trop_agb_crit': 8.0091368834625, 'trop_k_veg': 2.99731137426955, 'fire_amp': 1.2393473789150806}.
[I 2026-06-10 22:13:50,587] Trial 851 finished with values: [10.081483498415357, 10.081483498415357] and parameters: {'k1': 0.08006837661379566, 'D_low': 12.105387404469584, 'k2': 0.02065142557895925, 'D_high': 42210.21267871043, 'fire_exp': 1.0812994412809738, 'P_half': 93.43302657318476, 'pre_dampen_half': 4.603480758878793, 'gpp_af': 0.016306190741524337, 'gpp_b': 9.497440085397415e-05, 'gpp_d': 700.6693992445935, 'ign_k': 0.002357279455676982, 'ign_c': 4.619723604324942, 'trop_agb_crit': 2.0527418919564324, 'trop_k_veg': 2.520089655463604, 'fire_amp': 1.746805197047088}.
[I 2026-06-10 22:13:51,864] Trial 852 finished with values: [10.075312100127396, 10.075312100127396] and parameters: {'k1': 0.012840669372724958, 'D_low': 148.21691630007544, 'k2': 0.02065142557895925, 'D_high': 30227.031291375773, 'fire_exp': 1.2344878997299724, 'P_half': 61.6097529474144, 'pre_dampen_half': 4.603480758878793, 'gpp_af': 0.016306190741524337, 'gpp_b': 1.4540386644083135e-05, 'gpp_d': 0.7698760608299932, 'ign_k': 0.0029519227433917453, 'ign_c': 14.343168707118846, 'trop_agb_crit': 8.0091368834625, 'trop_k_veg': 2.520089655463604, 'fire_amp': 1.5180207449214471}.
