[I 2026-06-10 22:27:30,255] Trial 228 finished with values: [10.677900577260889, 10.677900577260889] and parameters: {'k1': 0.012840669372724958, 'D_low': 1739.6167422846984, 'k2': 0.0011135501184757278, 'D_high': 44974.07193749848, 'fire_exp': 1.2918065501148304, 'P_half': 101.40635645866499, 'pre_dampen_half': 4.603480758878793, 'gpp_af': 0.07302012718529301, 'gpp_b': 0.00036184510553922684, 'gpp_d': 0.7698760608299932, 'ign_k': 0.0029519227433917453, 'ign_c': 2.2489542843914485, 'trop_agb_crit': 3.5874145253515306, 'trop_k_veg': 2.520089655463604, 'fire_amp': 1.2393473789150806}.
[I 2026-06-10 22:27:31,519] Trial 229 finished with values: [10.78302373050013, 10.78302373050013] and parameters: {'k1': 0.00026539376439360527, 'D_low': 2186.356344942016, 'k2': 0.08661811390647982, 'D_high': 1266.9536563782303, 'fire_exp': 1.1633452995374232, 'P_half': 1265.0580856641704, 'pre_dampen_half': 1.8469033699850426, 'gpp_af': 0.41874665092828456, 'gpp_b': 5.0875243087016374e-05, 'gpp_d': 7.631016235941559, 'ign_k': 0.17320535908244444, 'ign_c': 7.832259769732471, 'trop_agb_crit': 1.8566494291193822, 'trop_k_veg': 5.453348988480011, 'fire_amp': 1.4475279918261055}.
[I 2026-06-10 22:27:32,900] Trial 230 finished with values: [10.796719628449777, 10.796719628449777] and parameters: {'k1': 0.00023134781612225627, 'D_low': 2.843767489444367, 'k2': 0.0011135501184757278, 'D_high': 949.9072859745386, 'fire_exp': 1.14171776851287, 'P_half': 782.8534228218628, 'pre_dampen_half': 4.603480758878793, 'gpp_af': 0.3015634307185767, 'gpp_b': 0.0012749409641020352, 'gpp_d': 0.03848886303127135, 'ign_k': 0.0029519227433917453, 'ign_c': 1.9423015749984096, 'trop_agb_crit': 8.188098178380693, 'trop_k_veg': 2.520089655463604, 'fire_amp': 2.6192385880432525}.
[I 2026-06-10 22:27:34,461] Trial 231 finished with values: [10.829625876272015, 10.829625876272015] and parameters: {'k1': 5.7909642338812115e-05, 'D_low': 1.4002277211577039, 'k2': 0.0499774937030317, 'D_high': 27.55546207779663, 'fire_exp': 1.811096651915224, 'P_half': 102.93072560417136, 'pre_dampen_half': 121.93011993958949, 'gpp_af': 1.9654778690222015, 'gpp_b': 0.015062722325200045, 'gpp_d': 0.1619054449471649, 'ign_k': 0.371259104528773, 'ign_c': 7.832259769732471, 'trop_agb_crit': 1.8023542850487386, 'trop_k_veg': 5.453348988480011, 'fire_amp': 5.416595007374148}.
[I 2026-06-10 22:27:35,760] Trial 232 finished with values: [10.790495515712442, 10.790495515712442] and parameters: {'k1': 0.00026539376439360527, 'D_low': 6010.742028864748, 'k2': 0.08661811390647982, 'D_high': 21.095259085905752, 'fire_exp': 1.111738490499784, 'P_half': 7.598586431588784, 'pre_dampen_half': 189.36639872354493, 'gpp_af': 3.298293484806585, 'gpp_b': 5.0875243087016374e-05, 'gpp_d': 7.631016235941559, 'ign_k': 0.09256855841989636, 'ign_c': 7.832259769732471, 'trop_agb_crit': 4.902399583903479, 'trop_k_veg': 1.6648666152166967, 'fire_amp': 1.4475279918261055}.
[I 2026-06-10 22:27:37,239] Trial 233 finished with values: [10.625206161042687, 10.625206161042687] and parameters: {'k1': 0.00026539376439360527, 'D_low': 1074.940539517341, 'k2': 1.1417577140741129e-05, 'D_high': 2295.7398214549485, 'fire_exp': 1.111738490499784, 'P_half': 12.262543158860007, 'pre_dampen_half': 189.36639872354493, 'gpp_af': 3.298293484806585, 'gpp_b': 0.006999112505425414, 'gpp_d': 26.07917317941345, 'ign_k': 0.09256855841989636, 'ign_c': 7.832259769732471, 'trop_agb_crit': 1.8023542850487386, 'trop_k_veg': 0.6175053058034194, 'fire_amp': 2.042193818779288}.
[I 2026-06-10 22:27:38,521] Trial 234 finished with values: [10.833333333148357, 10.833333333148357] and parameters: {'k1': 0.016973078532467004, 'D_low': 12.105387404469584, 'k2': 0.0001016707987819611, 'D_high': 2427.054417940131, 'fire_exp': 1.0601964743503993, 'P_half': 70.91190338709636, 'pre_dampen_half': 0.011396414164620812, 'gpp_af': 42.29037995744429, 'gpp_b': 0.00012118589392553798, 'gpp_d': 46.010874324515754, 'ign_k': 0.8945150807271531, 'ign_c': 48.704711413416454, 'trop_agb_crit': 1.5033346993841157, 'trop_k_veg': 0.6673124511410327, 'fire_amp': 4.19233232783727}.
[I 2026-06-10 22:27:39,767] Trial 235 finished with values: [10.05828240175837, 10.05828240175837] and parameters: {'k1': 0.0001887567630782227, 'D_low': 2396.0796124300746, 'k2': 0.003767022142229395, 'D_high': 27.55546207779663, 'fire_exp': 1.0601964743503993, 'P_half': 4.213183643253957, 'pre_dampen_half': 123.04779330083686, 'gpp_af': 1.3954498518315706, 'gpp_b': 1.4540386644083135e-05, 'gpp_d': 3.57879245350232, 'ign_k': 1.636529060071807, 'ign_c': 1.3431925993528124, 'trop_agb_crit': 1.5033346993841157, 'trop_k_veg': 1.2749676887479542, 'fire_amp': 5.416595007374148}.
[I 2026-06-10 22:27:41,190] Trial 236 finished with values: [10.707101262720867, 10.707101262720867] and parameters: {'k1': 0.00031134168041628584, 'D_low': 1074.940539517341, 'k2': 1.1417577140741129e-05, 'D_high': 29.126651668813768, 'fire_exp': 1.111738490499784, 'P_half': 2539.9645554516837, 'pre_dampen_half': 33.71909132517384, 'gpp_af': 3.298293484806585, 'gpp_b': 1.4540386644083135e-05, 'gpp_d': 2.990423074145505, 'ign_k': 0.00840038491455979, 'ign_c': 7.832259769732471, 'trop_agb_crit': 1.0693376406863295, 'trop_k_veg': 0.6673124511410327, 'fire_amp': 2.042193818779288}.
[I 2026-06-10 22:27:42,666] Trial 237 finished with values: [10.611112334136699, 10.611112334136699] and parameters: {'k1': 0.0008362695993649681, 'D_low': 2186.356344942016, 'k2': 0.02939607009739149, 'D_high': 1266.9536563782303, 'fire_exp': 1.111738490499784, 'P_half': 1.4551749476072258, 'pre_dampen_half': 189.36639872354493, 'gpp_af': 1.7775411110039254, 'gpp_b': 5.0875243087016374e-05, 'gpp_d': 7.631016235941559, 'ign_k': 3.6309591863459096, 'ign_c': 23.422386257929038, 'trop_agb_crit': 1.8023542850487386, 'trop_k_veg': 1.6648666152166967, 'fire_amp': 1.4475279918261055}.
[I 2026-06-10 22:27:44,094] Trial 238 finished with values: [10.833332711919454, 10.833332711919454] and parameters: {'k1': 5.7909642338812115e-05, 'D_low': 1.4002277211577039, 'k2': 4.933751600448335e-05, 'D_high': 42.242359735170886, 'fire_exp': 6.678531303406035, 'P_half': 61.6097529474144, 'pre_dampen_half': 37.40930273158252, 'gpp_af': 3.298293484806585, 'gpp_b': 0.006999112505425414, 'gpp_d': 1.0088237648985734, 'ign_k': 0.09256855841989636, 'ign_c': 16.497426799845446, 'trop_agb_crit': 8.0091368834625, 'trop_k_veg': 5.453348988480011, 'fire_amp': 1.2393473789150806}.
[I 2026-06-10 22:27:45,424] Trial 239 finished with values: [10.047642085968185, 10.047642085968185] and parameters: {'k1': 0.0869690639641868, 'D_low': 12.105387404469584, 'k2': 0.003767022142229395, 'D_high': 1817.0401889219124, 'fire_exp': 1.0601964743503993, 'P_half': 1265.0580856641704, 'pre_dampen_half': 9.044346216330972, 'gpp_af': 0.41874665092828456, 'gpp_b': 1.4540386644083135e-05, 'gpp_d': 46.010874324515754, 'ign_k': 0.17320535908244444, 'ign_c': 0.6235377135673155, 'trop_agb_crit': 1.0189592979395135, 'trop_k_veg': 4.796046723963646, 'fire_amp': 2.6192385880432525}.
[I 2026-06-10 22:27:46,755] Trial 240 finished with values: [10.833333333148357, 10.833333333148357] and parameters: {'k1': 0.012840669372724958, 'D_low': 171.2446447678494, 'k2': 0.0001016707987819611, 'D_high': 1817.0401889219124, 'fire_exp': 2.3820146568432237, 'P_half': 24.617096698415132, 'pre_dampen_half': 0.011396414164620812, 'gpp_af': 42.29037995744429, 'gpp_b': 0.00012118589392553798, 'gpp_d': 545.0253444559129, 'ign_k': 3.965503094323014, 'ign_c': 51.53053011412483, 'trop_agb_crit': 5.588032458772675, 'trop_k_veg': 2.520089655463604, 'fire_amp': 5.44779717154213}.
[I 2026-06-10 22:27:48,115] Trial 241 finished with values: [10.813590056557626, 10.813590056557626] and parameters: {'k1': 5.7909642338812115e-05, 'D_low': 1216.4139351417061, 'k2': 0.0002442377596403892, 'D_high': 8912.611835817017, 'fire_exp': 1.5315561686017187, 'P_half': 2834.090429514774, 'pre_dampen_half': 1.8469033699850426, 'gpp_af': 0.005061568304359487, 'gpp_b': 2.4063018320720924e-05, 'gpp_d': 1.0088237648985734, 'ign_k': 0.17320535908244444, 'ign_c': 2.2882309479728957, 'trop_agb_crit': 8.74479618932312, 'trop_k_veg': 5.453348988480011, 'fire_amp': 2.7556562114998226}.
[I 2026-06-10 22:27:49,511] Trial 242 finished with values: [10.804174752998119, 10.804174752998119] and parameters: {'k1': 0.0029067012153229104, 'D_low': 347.03605955441515, 'k2': 1.5178052094448868e-05, 'D_high': 315.101491238403, 'fire_exp': 4.225323019584208, 'P_half': 102.93072560417136, 'pre_dampen_half': 191.62369310763663, 'gpp_af': 1.9654778690222015, 'gpp_b': 9.497440085397415e-05, 'gpp_d': 0.02253428262837267, 'ign_k': 0.371259104528773, 'ign_c': 1.1698039424426816, 'trop_agb_crit': 7.332660227137139, 'trop_k_veg': 6.778288138489648, 'fire_amp': 2.804180410489304}.
[I 2026-06-10 22:27:50,941] Trial 243 finished with values: [10.832778307862588, 10.832778307862588] and parameters: {'k1': 0.0326979063339169, 'D_low': 6010.742028864748, 'k2': 1.1417577140741129e-05, 'D_high': 29.126651668813768, 'fire_exp': 1.111738490499784, 'P_half': 1.4551749476072258, 'pre_dampen_half': 0.16974173693738634, 'gpp_af': 3.298293484806585, 'gpp_b': 0.6089142387470042, 'gpp_d': 0.030844007727232167, 'ign_k': 0.4303356629825978, 'ign_c': 7.832259769732471, 'trop_agb_crit': 1.3137567821944718, 'trop_k_veg': 2.1406449943451844, 'fire_amp': 2.042193818779288}.
[I 2026-06-10 22:27:52,212] Trial 244 finished with values: [10.833107644940586, 10.833107644940586] and parameters: {'k1': 0.00023134781612225627, 'D_low': 347.03605955441515, 'k2': 1.5178052094448868e-05, 'D_high': 315.101491238403, 'fire_exp': 1.811096651915224, 'P_half': 102.93072560417136, 'pre_dampen_half': 121.93011993958949, 'gpp_af': 0.07118041471054574, 'gpp_b': 1.2690840169394997, 'gpp_d': 0.1619054449471649, 'ign_k': 0.371259104528773, 'ign_c': 7.081721844034206, 'trop_agb_crit': 19.102873436429586, 'trop_k_veg': 0.5535297685306277, 'fire_amp': 1.8357623383234334}.
[I 2026-06-10 22:27:53,506] Trial 245 finished with values: [13.270883791554184, 13.270883791554184] and parameters: {'k1': 0.006079905434073396, 'D_low': 43.2326421037033, 'k2': 2.316457903103837e-05, 'D_high': 2295.7398214549485, 'fire_exp': 1.0420149135640993, 'P_half': 5.4712187293420325, 'pre_dampen_half': 121.93011993958949, 'gpp_af': 0.07118041471054574, 'gpp_b': 0.00031478066835753096, 'gpp_d': 0.1619054449471649, 'ign_k': 0.002357279455676982, 'ign_c': 7.832259769732471, 'trop_agb_crit': 12.708819454040446, 'trop_k_veg': 0.5535297685306277, 'fire_amp': 5.869450070968175}.
[I 2026-06-10 22:27:54,913] Trial 246 finished with values: [10.783579583841442, 10.783579583841442] and parameters: {'k1': 0.006814781046529926, 'D_low': 1074.940539517341, 'k2': 1.1417577140741129e-05, 'D_high': 262.11304189124235, 'fire_exp': 1.111738490499784, 'P_half': 1.4551749476072258, 'pre_dampen_half': 0.16974173693738634, 'gpp_af': 3.298293484806585, 'gpp_b': 0.006999112505425414, 'gpp_d': 0.030844007727232167, 'ign_k': 0.09256855841989636, 'ign_c': 7.832259769732471, 'trop_agb_crit': 1.8023542850487386, 'trop_k_veg': 1.6648666152166967, 'fire_amp': 2.042193818779288}.
[I 2026-06-10 22:27:56,221] Trial 247 finished with values: [10.715481215760734, 10.715481215760734] and parameters: {'k1': 5.7909642338812115e-05, 'D_low': 2228.7087260110166, 'k2': 1.5178052094448868e-05, 'D_high': 30.357607606785333, 'fire_exp': 1.5191397119156032, 'P_half': 102.93072560417136, 'pre_dampen_half': 191.62369310763663, 'gpp_af': 1.9654778690222015, 'gpp_b': 9.497440085397415e-05, 'gpp_d': 0.02253428262837267, 'ign_k': 0.371259104528773, 'ign_c': 22.126836566118193, 'trop_agb_crit': 7.332660227137139, 'trop_k_veg': 6.778288138489648, 'fire_amp': 1.147839669817869}.
[I 2026-06-10 22:27:57,629] Trial 248 finished with values: [10.820401917893209, 10.820401917893209] and parameters: {'k1': 0.006164329525571074, 'D_low': 12.105387404469584, 'k2': 0.003767022142229395, 'D_high': 431.45617043093523, 'fire_exp': 1.305777134899723, 'P_half': 2834.090429514774, 'pre_dampen_half': 38.00678588560607, 'gpp_af': 1.9706963379095486, 'gpp_b': 0.12046049142392454, 'gpp_d': 0.3588488911386258, 'ign_k': 0.01998634077852888, 'ign_c': 0.4177928311636542, 'trop_agb_crit': 12.647327018493208, 'trop_k_veg': 5.85168037586392, 'fire_amp': 4.19233232783727}.
[I 2026-06-10 22:27:59,002] Trial 249 finished with values: [10.722556743352305, 10.722556743352305] and parameters: {'k1': 0.00026539376439360527, 'D_low': 408.3047491580097, 'k2': 0.002981573452453104, 'D_high': 32311.521854410956, 'fire_exp': 1.811096651915224, 'P_half': 1025.3368317956683, 'pre_dampen_half': 189.88136301569827, 'gpp_af': 0.07118041471054574, 'gpp_b': 0.002416023630607169, 'gpp_d': 184.0972398983907, 'ign_k': 0.09256855841989636, 'ign_c': 7.832259769732471, 'trop_agb_crit': 12.708819454040446, 'trop_k_veg': 0.5535297685306277, 'fire_amp': 1.3286749923230772}.
[I 2026-06-10 22:28:00,281] Trial 250 finished with values: [10.781830915704923, 10.781830915704923] and parameters: {'k1': 0.00023134781612225627, 'D_low': 347.03605955441515, 'k2': 0.0012030178871154666, 'D_high': 27.55546207779663, 'fire_exp': 1.5305744365500176, 'P_half': 102.93072560417136, 'pre_dampen_half': 253.71947027764784, 'gpp_af': 1.9654778690222015, 'gpp_b': 9.497440085397415e-05, 'gpp_d': 20.81401325574021, 'ign_k': 0.002357279455676982, 'ign_c': 388.02797007866826, 'trop_agb_crit': 24.199763404822136, 'trop_k_veg': 6.778288138489648, 'fire_amp': 1.7912500010961188}.
[I 2026-06-10 22:28:01,596] Trial 251 finished with values: [10.50978398369883, 10.50978398369883] and parameters: {'k1': 1.1281785190969807e-05, 'D_low': 43.2326421037033, 'k2': 5.153993511603138e-05, 'D_high': 570.8731724249576, 'fire_exp': 1.3807440352456883, 'P_half': 45.55085098454082, 'pre_dampen_half': 903.3231300044874, 'gpp_af': 42.29037995744429, 'gpp_b': 0.010307896803108956, 'gpp_d': 1.336803341156552, 'ign_k': 0.8945150807271531, 'ign_c': 3.4321391362415827, 'trop_agb_crit': 2.1989086830950257, 'trop_k_veg': 6.030247256556128, 'fire_amp': 1.032981306188127}.
[I 2026-06-10 22:28:02,888] Trial 252 finished with values: [10.702188639396246, 10.702188639396246] and parameters: {'k1': 0.0869690639641868, 'D_low': 1.4002277211577039, 'k2': 0.003767022142229395, 'D_high': 431.45617043093523, 'fire_exp': 1.1633452995374232, 'P_half': 4.213183643253957, 'pre_dampen_half': 9.044346216330972, 'gpp_af': 0.09885838682552685, 'gpp_b': 0.004411400434514031, 'gpp_d': 0.12878367369717508, 'ign_k': 0.00840038491455979, 'ign_c': 48.704711413416454, 'trop_agb_crit': 1.0693376406863295, 'trop_k_veg': 0.6673124511410327, 'fire_amp': 2.6192385880432525}.
[I 2026-06-10 22:28:04,181] Trial 253 finished with values: [14.678210855236316, 14.678210855236316] and parameters: {'k1': 0.016973078532467004, 'D_low': 171.2446447678494, 'k2': 0.03071666851587867, 'D_high': 36998.679204890876, 'fire_exp': 1.069663761954776, 'P_half': 51.10120656497163, 'pre_dampen_half': 123.04779330083686, 'gpp_af': 0.2204465010099918, 'gpp_b': 1.1008110571039521e-05, 'gpp_d': 0.09467055845337147, 'ign_k': 0.0467351899956275, 'ign_c': 39.52220881906114, 'trop_agb_crit': 1.5033346993841157, 'trop_k_veg': 1.2749676887479542, 'fire_amp': 5.416595007374148}.
[I 2026-06-10 22:28:05,558] Trial 254 finished with values: [-0.3632035251114884, 0.6168978215642764] and parameters: {'k1': 0.016973078532467004, 'D_low': 3840.3004190988563, 'k2': 3.152468275632564e-05, 'D_high': 20103.283734409175, 'fire_exp': 1.14171776851287, 'P_half': 157.80309954142965, 'pre_dampen_half': 9.044346216330972, 'gpp_af': 0.004409093791567215, 'gpp_b': 1.1008110571039521e-05, 'gpp_d': 0.47379914349407487, 'ign_k': 0.9419612235978201, 'ign_c': 0.10435856341129002, 'trop_agb_crit': 1.5033346993841157, 'trop_k_veg': 0.7808079158649266, 'fire_amp': 5.416595007374148}.
[I 2026-06-10 22:28:06,979] Trial 255 finished with values: [10.314815950680664, 10.314815950680664] and parameters: {'k1': 0.00026539376439360527, 'D_low': 43.2326421037033, 'k2': 0.0001016707987819611, 'D_high': 29.126651668813768, 'fire_exp': 1.111738490499784, 'P_half': 70.91190338709636, 'pre_dampen_half': 903.3231300044874, 'gpp_af': 3.298293484806585, 'gpp_b': 0.00012118589392553798, 'gpp_d': 0.030844007727232167, 'ign_k': 0.8945150807271531, 'ign_c': 3.4321391362415827, 'trop_agb_crit': 1.8023542850487386, 'trop_k_veg': 6.172643383211297, 'fire_amp': 1.032981306188127}.
[I 2026-06-10 22:28:08,290] Trial 256 finished with values: [10.64284516322411, 10.64284516322411] and parameters: {'k1': 0.00035868164986275477, 'D_low': 1739.6167422846984, 'k2': 0.0001280886335404798, 'D_high': 32311.521854410956, 'fire_exp': 1.811096651915224, 'P_half': 5.4712187293420325, 'pre_dampen_half': 0.050654860639753524, 'gpp_af': 1.7775411110039254, 'gpp_b': 0.00031478066835753096, 'gpp_d': 95.2715755007094, 'ign_k': 3.6309591863459096, 'ign_c': 7.081721844034206, 'trop_agb_crit': 4.140875693557523, 'trop_k_veg': 0.5535297685306277, 'fire_amp': 2.818314238665462}.
[I 2026-06-10 22:28:09,554] Trial 257 finished with values: [10.0754703890571, 10.0754703890571] and parameters: {'k1': 0.00026539376439360527, 'D_low': 50.32059347286801, 'k2': 0.0010726091927327822, 'D_high': 18701.140647651915, 'fire_exp': 1.9136159174067866, 'P_half': 277.00025557434554, 'pre_dampen_half': 269.0845367054866, 'gpp_af': 1.9654778690222015, 'gpp_b': 0.049565458633074926, 'gpp_d': 47.35384181058586, 'ign_k': 0.13500744867919376, 'ign_c': 1.3431925993528124, 'trop_agb_crit': 3.1419938725278875, 'trop_k_veg': 5.022956259243681, 'fire_amp': 2.042193818779288}.
[I 2026-06-10 22:28:10,857] Trial 258 finished with values: [10.40508057970103, 10.40508057970103] and parameters: {'k1': 0.0001887567630782227, 'D_low': 1.4002277211577039, 'k2': 0.0012030178871154666, 'D_high': 431.45617043093523, 'fire_exp': 1.0601964743503993, 'P_half': 4.213183643253957, 'pre_dampen_half': 3.4461856429915305, 'gpp_af': 0.41874665092828456, 'gpp_b': 1.4540386644083135e-05, 'gpp_d': 1.0088237648985734, 'ign_k': 0.002357279455676982, 'ign_c': 1.3431925993528124, 'trop_agb_crit': 24.199763404822136, 'trop_k_veg': 0.5089315327929785, 'fire_amp': 5.44779717154213}.
[I 2026-06-10 22:28:12,203] Trial 259 finished with values: [10.701308738957852, 10.701308738957852] and parameters: {'k1': 0.006079905434073396, 'D_low': 2267.735223551285, 'k2': 4.933751600448335e-05, 'D_high': 42.242359735170886, 'fire_exp': 1.7792742686803427, 'P_half': 157.3644610977214, 'pre_dampen_half': 37.40930273158252, 'gpp_af': 0.09885838682552685, 'gpp_b': 0.00047819318414852577, 'gpp_d': 0.4742269251269962, 'ign_k': 1.6270983114897255, 'ign_c': 0.10435856341129002, 'trop_agb_crit': 8.0091368834625, 'trop_k_veg': 1.508040082046931, 'fire_amp': 1.5587346124822492}.
[I 2026-06-10 22:28:13,717] Trial 260 finished with values: [-0.2986471313711956, 0.035390579612173956] and parameters: {'k1': 0.017276056747028225, 'D_low': 2396.0796124300746, 'k2': 0.02939607009739149, 'D_high': 44974.07193749848, 'fire_exp': 1.9365919987098117, 'P_half': 101.40635645866499, 'pre_dampen_half': 98.05638874011484, 'gpp_af': 1.3954498518315706, 'gpp_b': 0.16285506249643175, 'gpp_d': 12.151631524283598, 'ign_k': 1.636529060071807, 'ign_c': 2.2489542843914485, 'trop_agb_crit': 1.5033346993841157, 'trop_k_veg': 0.6488368931910606, 'fire_amp': 5.416595007374148}.
[I 2026-06-10 22:28:15,255] Trial 261 finished with values: [10.719821754920941, 10.719821754920941] and parameters: {'k1': 0.08409006963311547, 'D_low': 50.32059347286801, 'k2': 0.0007731571570012607, 'D_high': 1817.0401889219124, 'fire_exp': 1.9136159174067866, 'P_half': 277.00025557434554, 'pre_dampen_half': 4.603480758878793, 'gpp_af': 0.8057329182285734, 'gpp_b': 0.006999112505425414, 'gpp_d': 1.0088237648985734, 'ign_k': 0.09256855841989636, 'ign_c': 1.9423015749984096, 'trop_agb_crit': 2.0527418919564324, 'trop_k_veg': 5.453348988480011, 'fire_amp': 3.102033517490054}.
[I 2026-06-10 22:28:16,622] Trial 262 finished with values: [11.118081181602372, 11.118081181602372] and parameters: {'k1': 0.0869690639641868, 'D_low': 12.105387404469584, 'k2': 0.003767022142229395, 'D_high': 1817.0401889219124, 'fire_exp': 1.0601964743503993, 'P_half': 10.94496366796197, 'pre_dampen_half': 9.044346216330972, 'gpp_af': 0.41874665092828456, 'gpp_b': 1.4540386644083135e-05, 'gpp_d': 46.010874324515754, 'ign_k': 0.17320535908244444, 'ign_c': 0.6235377135673155, 'trop_agb_crit': 1.0189592979395135, 'trop_k_veg': 4.796046723963646, 'fire_amp': 2.6192385880432525}.
[I 2026-06-10 22:28:17,914] Trial 263 finished with values: [10.790416367956162, 10.790416367956162] and parameters: {'k1': 0.00026539376439360527, 'D_low': 3840.3004190988563, 'k2': 1.1417577140741129e-05, 'D_high': 29.126651668813768, 'fire_exp': 1.14171776851287, 'P_half': 1.4551749476072258, 'pre_dampen_half': 30.456909077772018, 'gpp_af': 1.3954498518315706, 'gpp_b': 0.006999112505425414, 'gpp_d': 47.35384181058586, 'ign_k': 0.9419612235978201, 'ign_c': 0.10435856341129002, 'trop_agb_crit': 8.639792249596399, 'trop_k_veg': 1.6648666152166967, 'fire_amp': 4.2446263054164195}.
[I 2026-06-10 22:28:19,202] Trial 264 finished with values: [12.399566777460816, 12.399566777460816] and parameters: {'k1': 0.00026539376439360527, 'D_low': 43.2326421037033, 'k2': 0.003767022142229395, 'D_high': 1817.0401889219124, 'fire_exp': 1.111738490499784, 'P_half': 70.91190338709636, 'pre_dampen_half': 903.3231300044874, 'gpp_af': 0.41874665092828456, 'gpp_b': 1.4540386644083135e-05, 'gpp_d': 46.010874324515754, 'ign_k': 0.8945150807271531, 'ign_c': 0.6235377135673155, 'trop_agb_crit': 1.0189592979395135, 'trop_k_veg': 6.172643383211297, 'fire_amp': 2.6192385880432525}.
