[I 2026-08-05 23:26:51,320] Trial 855 finished with values: [-0.579606605395399, 0.5517324852363372] and parameters: {'k1': 0.002407354618388189, 'D_low': 9.882278532808778, 'k2': 0.08894151386481904, 'D_high': 7744.80118512745, 'fire_exp': 1.1258453832483524, 'P_half': 12.808863354047988, 'pre_dampen_half': 347.79988160923324, 'gpp_af': 0.002223920272450794, 'gpp_b': 3.139005000572696e-05, 'gpp_d': 107.84642153666701, 'ign_k': 0.13054148118849407, 'ign_c': 1.5061320080433496}.
[I 2026-08-05 23:26:52,491] Trial 856 finished with values: [-0.5654222422954648, 0.39583257825598295] and parameters: {'k1': 0.025383218374507292, 'D_low': 2.1234210963705626, 'k2': 4.763991596630584e-05, 'D_high': 9769.756791866093, 'fire_exp': 1.010722707674549, 'P_half': 10.226988730324324, 'pre_dampen_half': 304.7488318185732, 'gpp_af': 5.511863475708366, 'gpp_b': 0.6637926838138378, 'gpp_d': 891.8036602897795, 'ign_k': 0.34703605955441524, 'ign_c': 8.671454322584175}.
[I 2026-08-05 23:26:53,672] Trial 857 finished with values: [-0.5722361389517776, 0.529769254555676] and parameters: {'k1': 0.0011918981992518336, 'D_low': 18.89739291279832, 'k2': 0.0027431991397796683, 'D_high': 7744.80118512745, 'fire_exp': 1.182396148413737, 'P_half': 13.019246714361572, 'pre_dampen_half': 347.79988160923324, 'gpp_af': 0.002178024787135677, 'gpp_b': 3.228689523591491e-05, 'gpp_d': 100.41128827692584, 'ign_k': 8.761971101023693, 'ign_c': 0.9294394155644988}.
[I 2026-08-05 23:26:54,828] Trial 858 finished with values: [-0.6187039873818362, 0.5433250187746479] and parameters: {'k1': 0.008956420301712053, 'D_low': 9.882278532808778, 'k2': 0.0007081721844034209, 'D_high': 9769.756791866093, 'fire_exp': 1.151006986743773, 'P_half': 13.019246714361572, 'pre_dampen_half': 304.7488318185732, 'gpp_af': 0.0021836613912815635, 'gpp_b': 7.402343469704428e-05, 'gpp_d': 857.4284557962634, 'ign_k': 8.761971101023693, 'ign_c': 0.3528113274684997}.
[I 2026-08-05 23:26:56,004] Trial 859 finished with values: [-0.5512683395700309, 0.5209245230439699] and parameters: {'k1': 0.002407354618388189, 'D_low': 2.1234210963705626, 'k2': 0.031211489608802344, 'D_high': 26666.09148594752, 'fire_exp': 1.1044852285094786, 'P_half': 13.019246714361572, 'pre_dampen_half': 347.79988160923324, 'gpp_af': 0.001339466259146302, 'gpp_b': 7.402343469704428e-05, 'gpp_d': 368.30088529547436, 'ign_k': 0.04563289369649656, 'ign_c': 2.4287565087611744}.
[I 2026-08-05 23:26:57,222] Trial 860 finished with values: [-0.5853480503945809, 0.5097074509975088] and parameters: {'k1': 0.0029707920514735983, 'D_low': 1.1065812688893482, 'k2': 0.0027431991397796683, 'D_high': 7744.80118512745, 'fire_exp': 1.3239942327296237, 'P_half': 10.226988730324324, 'pre_dampen_half': 304.7488318185732, 'gpp_af': 0.0021836613912815635, 'gpp_b': 3.481277316673104e-05, 'gpp_d': 857.4284557962634, 'ign_k': 0.34703605955441524, 'ign_c': 8.671454322584175}.
[I 2026-08-05 23:26:58,394] Trial 861 finished with values: [-0.6209947274972907, 0.5790768160382478] and parameters: {'k1': 0.025383218374507292, 'D_low': 1.2299210465793122, 'k2': 0.0007081721844034209, 'D_high': 7744.80118512745, 'fire_exp': 1.010722707674549, 'P_half': 13.019246714361572, 'pre_dampen_half': 107.40052367919465, 'gpp_af': 0.0021836613912815635, 'gpp_b': 3.139005000572696e-05, 'gpp_d': 368.30088529547436, 'ign_k': 0.4702627143647234, 'ign_c': 0.9294394155644988}.
[I 2026-08-05 23:26:59,597] Trial 862 finished with values: [-0.6145064655573462, 0.3172665310646394] and parameters: {'k1': 0.06415745702132086, 'D_low': 1.4045842344024697, 'k2': 0.08894151386481904, 'D_high': 2941.5751391396584, 'fire_exp': 1.7128214059652005, 'P_half': 10.226988730324324, 'pre_dampen_half': 304.7488318185732, 'gpp_af': 0.0021836613912815635, 'gpp_b': 7.402343469704428e-05, 'gpp_d': 5.878566318396007, 'ign_k': 0.4702627143647234, 'ign_c': 0.9294394155644988}.
[I 2026-08-05 23:27:00,785] Trial 863 finished with values: [-0.5929961719549451, 0.5608920832408495] and parameters: {'k1': 0.0029707920514735983, 'D_low': 18.89739291279832, 'k2': 0.03071666851587867, 'D_high': 7744.80118512745, 'fire_exp': 1.1044852285094786, 'P_half': 13.019246714361572, 'pre_dampen_half': 304.7488318185732, 'gpp_af': 0.0021836613912815635, 'gpp_b': 3.139005000572696e-05, 'gpp_d': 5.878566318396007, 'ign_k': 8.761971101023693, 'ign_c': 1.5061320080433496}.
[I 2026-08-05 23:27:01,933] Trial 864 finished with values: [10.311044072322677, 10.311044072322677] and parameters: {'k1': 0.025383218374507292, 'D_low': 18.89739291279832, 'k2': 4.763991596630584e-05, 'D_high': 1445.5983984872983, 'fire_exp': 1.1258453832483524, 'P_half': 13.019246714361572, 'pre_dampen_half': 304.7488318185732, 'gpp_af': 5.511863475708366, 'gpp_b': 1.9075438289444453, 'gpp_d': 368.30088529547436, 'ign_k': 8.761971101023693, 'ign_c': 8.671454322584175}.
[I 2026-08-05 23:27:03,142] Trial 865 finished with values: [10.628546267646069, 10.628546267646069] and parameters: {'k1': 0.025383218374507292, 'D_low': 1.4045842344024697, 'k2': 0.08894151386481904, 'D_high': 7744.80118512745, 'fire_exp': 1.0743210440710231, 'P_half': 12.808863354047988, 'pre_dampen_half': 347.79988160923324, 'gpp_af': 0.001339466259146302, 'gpp_b': 0.011750724729953272, 'gpp_d': 368.30088529547436, 'ign_k': 0.13054148118849407, 'ign_c': 3.0378658251922155}.
[I 2026-08-05 23:27:04,628] Trial 866 finished with values: [10.769192929200225, 10.769192929200225] and parameters: {'k1': 0.002407354618388189, 'D_low': 1.1065812688893482, 'k2': 0.0007081721844034209, 'D_high': 9769.756791866093, 'fire_exp': 2.5914873994986967, 'P_half': 13.019246714361572, 'pre_dampen_half': 703.6426675556048, 'gpp_af': 0.001339466259146302, 'gpp_b': 0.08040151168202724, 'gpp_d': 368.30088529547436, 'ign_k': 8.761971101023693, 'ign_c': 0.9294394155644988}.
[I 2026-08-05 23:27:05,781] Trial 867 finished with values: [10.335125233038635, 10.335125233038635] and parameters: {'k1': 0.0029707920514735983, 'D_low': 125.32726386250698, 'k2': 0.0027431991397796683, 'D_high': 75773.14388518519, 'fire_exp': 1.1258453832483524, 'P_half': 13.019246714361572, 'pre_dampen_half': 304.7488318185732, 'gpp_af': 0.18148402127631746, 'gpp_b': 3.139005000572696e-05, 'gpp_d': 107.84642153666701, 'ign_k': 8.761971101023693, 'ign_c': 3.0378658251922155}.
[I 2026-08-05 23:27:06,918] Trial 868 finished with values: [-0.6086827345795546, 0.4585991372876068] and parameters: {'k1': 0.008956420301712053, 'D_low': 2.1234210963705626, 'k2': 0.08894151386481904, 'D_high': 9769.756791866093, 'fire_exp': 1.1044852285094786, 'P_half': 215.55950571043874, 'pre_dampen_half': 304.7488318185732, 'gpp_af': 0.001339466259146302, 'gpp_b': 3.139005000572696e-05, 'gpp_d': 368.30088529547436, 'ign_k': 4.006890332238651, 'ign_c': 0.3528113274684997}.
[I 2026-08-05 23:27:08,085] Trial 869 finished with values: [-0.5748227418182065, 0.48929499591183834] and parameters: {'k1': 0.008956420301712053, 'D_low': 2.1234210963705626, 'k2': 0.001154473887645231, 'D_high': 9769.756791866093, 'fire_exp': 1.1044852285094786, 'P_half': 13.019246714361572, 'pre_dampen_half': 703.6426675556048, 'gpp_af': 0.001339466259146302, 'gpp_b': 3.139005000572696e-05, 'gpp_d': 857.4284557962634, 'ign_k': 0.04563289369649656, 'ign_c': 9.023734753282096}.
[I 2026-08-05 23:27:09,212] Trial 870 finished with values: [-0.5569605161962677, 0.366211979639431] and parameters: {'k1': 0.00013783578294796384, 'D_low': 9.330007965781027, 'k2': 0.0027431991397796683, 'D_high': 7744.80118512745, 'fire_exp': 1.182396148413737, 'P_half': 24.136213194527585, 'pre_dampen_half': 304.7488318185732, 'gpp_af': 0.0021836613912815635, 'gpp_b': 7.402343469704428e-05, 'gpp_d': 857.4284557962634, 'ign_k': 8.761971101023693, 'ign_c': 3.0378658251922155}.
[I 2026-08-05 23:27:10,352] Trial 871 finished with values: [-0.6114356191953899, 0.7131220850390791] and parameters: {'k1': 0.025383218374507292, 'D_low': 135.4662616810925, 'k2': 0.08894151386481904, 'D_high': 75773.14388518519, 'fire_exp': 1.1044852285094786, 'P_half': 13.019246714361572, 'pre_dampen_half': 703.6426675556048, 'gpp_af': 0.001339466259146302, 'gpp_b': 3.139005000572696e-05, 'gpp_d': 368.30088529547436, 'ign_k': 0.34703605955441524, 'ign_c': 0.3528113274684997}.
[I 2026-08-05 23:27:11,491] Trial 872 finished with values: [-0.6092409412421723, 0.5906369883711218] and parameters: {'k1': 0.025383218374507292, 'D_low': 1.2299210465793122, 'k2': 0.00011939136672856547, 'D_high': 75773.14388518519, 'fire_exp': 1.1044852285094786, 'P_half': 12.808863354047988, 'pre_dampen_half': 107.40052367919465, 'gpp_af': 0.0021836613912815635, 'gpp_b': 0.00012797528816608022, 'gpp_d': 368.30088529547436, 'ign_k': 8.761971101023693, 'ign_c': 3.0378658251922155}.
[I 2026-08-05 23:27:12,621] Trial 873 finished with values: [10.387715670355266, 10.387715670355266] and parameters: {'k1': 0.00019830561549555954, 'D_low': 1.2299210465793122, 'k2': 0.00011939136672856547, 'D_high': 214.78683190589607, 'fire_exp': 1.010722707674549, 'P_half': 13.019246714361572, 'pre_dampen_half': 107.40052367919465, 'gpp_af': 0.0021836613912815635, 'gpp_b': 0.00012797528816608022, 'gpp_d': 368.30088529547436, 'ign_k': 0.4702627143647234, 'ign_c': 0.9294394155644988}.
[I 2026-08-05 23:27:13,771] Trial 874 finished with values: [10.055732911935602, 10.055732911935602] and parameters: {'k1': 0.008956420301712053, 'D_low': 1.1065812688893482, 'k2': 0.0007081721844034209, 'D_high': 9769.756791866093, 'fire_exp': 1.0881360604103363, 'P_half': 13.019246714361572, 'pre_dampen_half': 703.6426675556048, 'gpp_af': 0.001339466259146302, 'gpp_b': 3.139005000572696e-05, 'gpp_d': 891.8036602897795, 'ign_k': 0.476373748459372, 'ign_c': 8.671454322584175}.
[I 2026-08-05 23:27:14,911] Trial 875 finished with values: [10.33571703819675, 10.33571703819675] and parameters: {'k1': 0.0029707920514735983, 'D_low': 18.89739291279832, 'k2': 0.08894151386481904, 'D_high': 94745.24974021548, 'fire_exp': 1.1258453832483524, 'P_half': 13.019246714361572, 'pre_dampen_half': 347.79988160923324, 'gpp_af': 0.18148402127631746, 'gpp_b': 0.00012797528816608022, 'gpp_d': 368.30088529547436, 'ign_k': 0.4702627143647234, 'ign_c': 0.9294394155644988}.
[I 2026-08-05 23:27:16,053] Trial 876 finished with values: [-0.5865082437013005, 0.5505835270822603] and parameters: {'k1': 0.0029707920514735983, 'D_low': 2.1234210963705626, 'k2': 0.00375241428659295, 'D_high': 7744.80118512745, 'fire_exp': 1.0881360604103363, 'P_half': 12.808863354047988, 'pre_dampen_half': 304.7488318185732, 'gpp_af': 0.0021836613912815635, 'gpp_b': 3.481277316673104e-05, 'gpp_d': 857.4284557962634, 'ign_k': 0.12752949611679998, 'ign_c': 1.5061320080433496}.
[I 2026-08-05 23:27:17,217] Trial 877 finished with values: [10.201766250495766, 10.201766250495766] and parameters: {'k1': 0.004439732043401208, 'D_low': 9.882278532808778, 'k2': 0.08894151386481904, 'D_high': 2941.5751391396584, 'fire_exp': 1.1044852285094786, 'P_half': 170.2682488483631, 'pre_dampen_half': 45.00414872181379, 'gpp_af': 0.0021836613912815635, 'gpp_b': 7.402343469704428e-05, 'gpp_d': 2.1184980150420962, 'ign_k': 8.761971101023693, 'ign_c': 0.1740080621104638}.
[I 2026-08-05 23:27:18,367] Trial 878 finished with values: [-0.5276588487957621, 0.623360130942428] and parameters: {'k1': 0.06415745702132086, 'D_low': 9.882278532808778, 'k2': 0.00011939136672856547, 'D_high': 2941.5751391396584, 'fire_exp': 1.010722707674549, 'P_half': 177.4954658911452, 'pre_dampen_half': 247.25776073156666, 'gpp_af': 0.5107061330406066, 'gpp_b': 7.402343469704428e-05, 'gpp_d': 5.878566318396007, 'ign_k': 5.9736167866478125, 'ign_c': 8.671454322584175}.
[I 2026-08-05 23:27:19,500] Trial 879 finished with values: [-0.5749921368193972, 0.48297275872946166] and parameters: {'k1': 0.008956420301712053, 'D_low': 2.1234210963705626, 'k2': 0.00375241428659295, 'D_high': 9769.756791866093, 'fire_exp': 1.1044852285094786, 'P_half': 10.226988730324324, 'pre_dampen_half': 304.7488318185732, 'gpp_af': 0.001339466259146302, 'gpp_b': 3.139005000572696e-05, 'gpp_d': 368.30088529547436, 'ign_k': 0.050667002161528835, 'ign_c': 8.671454322584175}.
[I 2026-08-05 23:27:20,634] Trial 880 finished with values: [-0.6189657311982409, 0.5285661987209063] and parameters: {'k1': 0.008956420301712053, 'D_low': 9.882278532808778, 'k2': 0.03071666851587867, 'D_high': 7744.80118512745, 'fire_exp': 1.1044852285094786, 'P_half': 13.019246714361572, 'pre_dampen_half': 703.6426675556048, 'gpp_af': 0.0021836613912815635, 'gpp_b': 7.402343469704428e-05, 'gpp_d': 613.9406964482342, 'ign_k': 0.4902396944106615, 'ign_c': 8.671454322584175}.
[I 2026-08-05 23:27:21,816] Trial 881 finished with values: [-0.6092392209603397, 0.4677352234441654] and parameters: {'k1': 0.008956420301712053, 'D_low': 2.1234210963705626, 'k2': 0.0007081721844034209, 'D_high': 9769.756791866093, 'fire_exp': 1.010722707674549, 'P_half': 13.019246714361572, 'pre_dampen_half': 304.7488318185732, 'gpp_af': 5.511863475708366, 'gpp_b': 0.6637926838138378, 'gpp_d': 368.30088529547436, 'ign_k': 0.34703605955441524, 'ign_c': 1.5061320080433496}.
[I 2026-08-05 23:27:22,943] Trial 882 finished with values: [10.508444252472602, 10.508444252472602] and parameters: {'k1': 0.008956420301712053, 'D_low': 2.1234210963705626, 'k2': 4.763991596630584e-05, 'D_high': 9769.756791866093, 'fire_exp': 1.4972797202108397, 'P_half': 575.4658592592074, 'pre_dampen_half': 304.7488318185732, 'gpp_af': 5.511863475708366, 'gpp_b': 0.6637926838138378, 'gpp_d': 368.30088529547436, 'ign_k': 8.761971101023693, 'ign_c': 1.5061320080433496}.
[I 2026-08-05 23:27:24,151] Trial 883 finished with values: [10.355663150778438, 10.355663150778438] and parameters: {'k1': 0.008956420301712053, 'D_low': 1.1065812688893482, 'k2': 0.0007081721844034209, 'D_high': 63.64067167735486, 'fire_exp': 1.1044852285094786, 'P_half': 10.226988730324324, 'pre_dampen_half': 703.6426675556048, 'gpp_af': 0.001339466259146302, 'gpp_b': 3.139005000572696e-05, 'gpp_d': 368.30088529547436, 'ign_k': 0.050667002161528835, 'ign_c': 8.671454322584175}.
[I 2026-08-05 23:27:25,622] Trial 884 finished with values: [-0.5918413665779556, 0.5522968551149707] and parameters: {'k1': 0.00324789183891923, 'D_low': 1.4045842344024697, 'k2': 0.0007081721844034209, 'D_high': 75773.14388518519, 'fire_exp': 1.1044852285094786, 'P_half': 12.808863354047988, 'pre_dampen_half': 304.7488318185732, 'gpp_af': 0.001339466259146302, 'gpp_b': 0.00012797528816608022, 'gpp_d': 368.30088529547436, 'ign_k': 8.761971101023693, 'ign_c': 0.9294394155644988}.
[I 2026-08-05 23:27:26,795] Trial 885 finished with values: [10.168714404371428, 10.168714404371428] and parameters: {'k1': 0.0029707920514735983, 'D_low': 125.32726386250698, 'k2': 0.0013909474988024091, 'D_high': 2969.087094484682, 'fire_exp': 1.1258453832483524, 'P_half': 12.808863354047988, 'pre_dampen_half': 304.7488318185732, 'gpp_af': 0.5107061330406066, 'gpp_b': 7.402343469704428e-05, 'gpp_d': 368.30088529547436, 'ign_k': 0.0024361599465623288, 'ign_c': 1.5061320080433496}.
[I 2026-08-05 23:27:27,916] Trial 886 finished with values: [-0.5962511410385642, 0.22864093757465054] and parameters: {'k1': 0.025383218374507292, 'D_low': 18.89739291279832, 'k2': 0.03071666851587867, 'D_high': 633.1166646948959, 'fire_exp': 1.010722707674549, 'P_half': 10.226988730324324, 'pre_dampen_half': 304.7488318185732, 'gpp_af': 0.0021836613912815635, 'gpp_b': 0.00012797528816608022, 'gpp_d': 891.8036602897795, 'ign_k': 0.4702627143647234, 'ign_c': 0.9294394155644988}.
[I 2026-08-05 23:27:29,091] Trial 887 finished with values: [-0.5845810140215237, 0.5686066388109288] and parameters: {'k1': 0.002407354618388189, 'D_low': 18.89739291279832, 'k2': 0.0036014695835220327, 'D_high': 10584.084917159616, 'fire_exp': 1.182396148413737, 'P_half': 13.019246714361572, 'pre_dampen_half': 304.7488318185732, 'gpp_af': 0.001339466259146302, 'gpp_b': 3.228689523591491e-05, 'gpp_d': 857.4284557962634, 'ign_k': 8.761971101023693, 'ign_c': 3.0378658251922155}.
[I 2026-08-05 23:27:30,244] Trial 888 finished with values: [10.120193342699375, 10.120193342699375] and parameters: {'k1': 0.0029707920514735983, 'D_low': 1.1065812688893482, 'k2': 0.08894151386481904, 'D_high': 7744.80118512745, 'fire_exp': 1.010722707674549, 'P_half': 13.019246714361572, 'pre_dampen_half': 304.7488318185732, 'gpp_af': 5.511863475708366, 'gpp_b': 0.6637926838138378, 'gpp_d': 857.4284557962634, 'ign_k': 0.02456326518827606, 'ign_c': 8.671454322584175}.
[I 2026-08-05 23:27:31,412] Trial 889 finished with values: [10.751188315508804, 10.751188315508804] and parameters: {'k1': 0.0029707920514735983, 'D_low': 18.89739291279832, 'k2': 0.0027431991397796683, 'D_high': 7744.80118512745, 'fire_exp': 1.1258453832483524, 'P_half': 13.019246714361572, 'pre_dampen_half': 304.7488318185732, 'gpp_af': 0.0021836613912815635, 'gpp_b': 0.09760461369620549, 'gpp_d': 5.878566318396007, 'ign_k': 8.761971101023693, 'ign_c': 3.0378658251922155}.
[I 2026-08-05 23:27:32,578] Trial 890 finished with values: [10.162944933164894, 10.162944933164894] and parameters: {'k1': 0.025383218374507292, 'D_low': 2.1234210963705626, 'k2': 0.0027431991397796683, 'D_high': 2941.5751391396584, 'fire_exp': 1.010722707674549, 'P_half': 10.226988730324324, 'pre_dampen_half': 304.7488318185732, 'gpp_af': 5.511863475708366, 'gpp_b': 7.402343469704428e-05, 'gpp_d': 891.8036602897795, 'ign_k': 0.34703605955441524, 'ign_c': 8.671454322584175}.
[I 2026-08-05 23:27:33,760] Trial 891 finished with values: [10.44853480235034, 10.44853480235034] and parameters: {'k1': 0.06415745702132086, 'D_low': 1.2299210465793122, 'k2': 0.0007081721844034209, 'D_high': 1665.1532285161688, 'fire_exp': 1.1044852285094786, 'P_half': 1519.8469040509603, 'pre_dampen_half': 107.40052367919465, 'gpp_af': 0.001339466259146302, 'gpp_b': 3.228689523591491e-05, 'gpp_d': 891.8036602897795, 'ign_k': 0.4702627143647234, 'ign_c': 8.671454322584175}.
[I 2026-08-05 23:27:35,006] Trial 892 finished with values: [-0.6091024999707908, 0.45427495438306287] and parameters: {'k1': 0.06415745702132086, 'D_low': 2.1234210963705626, 'k2': 0.0036014695835220327, 'D_high': 7744.80118512745, 'fire_exp': 1.010722707674549, 'P_half': 13.019246714361572, 'pre_dampen_half': 304.7488318185732, 'gpp_af': 5.511863475708366, 'gpp_b': 0.6637926838138378, 'gpp_d': 857.4284557962634, 'ign_k': 0.34703605955441524, 'ign_c': 3.0378658251922155}.
[I 2026-08-05 23:27:36,191] Trial 893 finished with values: [-0.5907442501422845, 0.45666293535947666] and parameters: {'k1': 0.0029707920514735983, 'D_low': 18.89739291279832, 'k2': 0.03071666851587867, 'D_high': 7744.80118512745, 'fire_exp': 1.1258453832483524, 'P_half': 12.808863354047988, 'pre_dampen_half': 304.7488318185732, 'gpp_af': 0.0021836613912815635, 'gpp_b': 0.00012797528816608022, 'gpp_d': 368.30088529547436, 'ign_k': 0.4702627143647234, 'ign_c': 0.9294394155644988}.
[I 2026-08-05 23:27:37,346] Trial 894 finished with values: [-0.5847817029050268, 0.6133514260126331] and parameters: {'k1': 0.06415745702132086, 'D_low': 1.2299210465793122, 'k2': 0.0007081721844034209, 'D_high': 2941.5751391396584, 'fire_exp': 1.010722707674549, 'P_half': 10.226988730324324, 'pre_dampen_half': 107.40052367919465, 'gpp_af': 43.24033972449845, 'gpp_b': 7.402343469704428e-05, 'gpp_d': 891.8036602897795, 'ign_k': 0.34703605955441524, 'ign_c': 8.671454322584175}.
[I 2026-08-05 23:27:38,531] Trial 895 finished with values: [10.758761811769118, 10.758761811769118] and parameters: {'k1': 0.0029707920514735983, 'D_low': 18.89739291279832, 'k2': 0.00375241428659295, 'D_high': 7744.80118512745, 'fire_exp': 1.7164931785633317, 'P_half': 13.019246714361572, 'pre_dampen_half': 347.79988160923324, 'gpp_af': 0.0021836613912815635, 'gpp_b': 0.03308649623479659, 'gpp_d': 368.30088529547436, 'ign_k': 8.761971101023693, 'ign_c': 1.5061320080433496}.
[I 2026-08-05 23:27:39,731] Trial 896 finished with values: [10.724034637520647, 10.724034637520647] and parameters: {'k1': 0.0029707920514735983, 'D_low': 125.32726386250698, 'k2': 0.08894151386481904, 'D_high': 2969.087094484682, 'fire_exp': 2.5079329178338456, 'P_half': 276.27089412392087, 'pre_dampen_half': 0.057820263517959394, 'gpp_af': 5.511863475708366, 'gpp_b': 3.481277316673104e-05, 'gpp_d': 150.14555442537656, 'ign_k': 8.761971101023693, 'ign_c': 1.5061320080433496}.
[I 2026-08-05 23:27:40,885] Trial 897 finished with values: [-0.5613259641089045, 0.32228926739603125] and parameters: {'k1': 0.025383218374507292, 'D_low': 2.1234210963705626, 'k2': 0.08894151386481904, 'D_high': 9769.756791866093, 'fire_exp': 1.010722707674549, 'P_half': 13.019246714361572, 'pre_dampen_half': 917.1017259920797, 'gpp_af': 1.2003722333832936, 'gpp_b': 0.6637926838138378, 'gpp_d': 857.4284557962634, 'ign_k': 0.12752949611679998, 'ign_c': 8.671454322584175}.
[I 2026-08-05 23:27:42,076] Trial 898 finished with values: [-0.6199166840491771, 0.48184638924503] and parameters: {'k1': 0.025383218374507292, 'D_low': 12.492307509390828, 'k2': 0.08894151386481904, 'D_high': 7744.80118512745, 'fire_exp': 1.1044852285094786, 'P_half': 24.136213194527585, 'pre_dampen_half': 304.7488318185732, 'gpp_af': 0.001339466259146302, 'gpp_b': 7.402343469704428e-05, 'gpp_d': 368.30088529547436, 'ign_k': 0.34703605955441524, 'ign_c': 0.9294394155644988}.
[I 2026-08-05 23:27:43,237] Trial 899 finished with values: [10.060277077164825, 10.060277077164825] and parameters: {'k1': 0.0029707920514735983, 'D_low': 2.1234210963705626, 'k2': 4.763991596630584e-05, 'D_high': 2969.087094484682, 'fire_exp': 1.1044852285094786, 'P_half': 276.27089412392087, 'pre_dampen_half': 304.7488318185732, 'gpp_af': 5.511863475708366, 'gpp_b': 3.481277316673104e-05, 'gpp_d': 891.8036602897795, 'ign_k': 0.34703605955441524, 'ign_c': 1.5061320080433496}.
