[I 2026-08-06 02:21:41,247] Trial 585 finished with values: [-0.4779876083078329, 0.06726526911098185] and parameters: {'k1': 2.0937989739527727e-05, 'D_low': 125.32726386250698, 'k2': 0.00375241428659295, 'D_high': 18.595266457134045, 'fire_exp': 1.5201277403788451, 'P_half': 63.585411411994926, 'pre_dampen_half': 703.6426675556048, 'gpp_af': 2.8805537835688413, 'gpp_b': 0.1676789742547917, 'gpp_d': 5.878566318396007, 'ign_k': 0.12752949611679998, 'ign_c': 0.6235377135673155}.
[I 2026-08-06 02:21:42,163] Trial 586 finished with values: [10.087017980551941, 10.087017980551941] and parameters: {'k1': 0.025383218374507292, 'D_low': 18.522006003174383, 'k2': 4.763991596630584e-05, 'D_high': 400.9149428326862, 'fire_exp': 1.0473002272689056, 'P_half': 608.3019192425825, 'pre_dampen_half': 14.689898077648792, 'gpp_af': 22.766850248686247, 'gpp_b': 0.6637926838138378, 'gpp_d': 39.827466658711515, 'ign_k': 3.7173717478250508, 'ign_c': 14.367095138664217}.
[I 2026-08-06 02:21:43,080] Trial 587 finished with values: [-0.46255985052943, 0.03839260792298815] and parameters: {'k1': 0.0014452451441203328, 'D_low': 968.2012086882471, 'k2': 1.3577269394141447e-05, 'D_high': 3660.150802571655, 'fire_exp': 1.010722707674549, 'P_half': 187.6006822030065, 'pre_dampen_half': 3.3594011166738142, 'gpp_af': 13.560863064135962, 'gpp_b': 0.0004837646996135023, 'gpp_d': 300.3420512048734, 'ign_k': 0.01474275315991467, 'ign_c': 3.735862630812751}.
[I 2026-08-06 02:21:43,981] Trial 588 finished with values: [12.877114485015495, 12.877114485015495] and parameters: {'k1': 0.003381093273170853, 'D_low': 18.522006003174383, 'k2': 0.0499774937030317, 'D_high': 1687.3495104568947, 'fire_exp': 1.2680134752324452, 'P_half': 11.877073321543955, 'pre_dampen_half': 14.689898077648792, 'gpp_af': 0.5107061330406066, 'gpp_b': 5.2308563179361105e-05, 'gpp_d': 39.827466658711515, 'ign_k': 7.799059237255681, 'ign_c': 0.7724824966785973}.
[I 2026-08-06 02:21:44,900] Trial 589 finished with values: [10.439149631911963, 10.439149631911963] and parameters: {'k1': 0.00488137519160367, 'D_low': 7.068974950624602, 'k2': 0.02065142557895925, 'D_high': 8182.111518618414, 'fire_exp': 1.1044852285094786, 'P_half': 844.0303958079087, 'pre_dampen_half': 1.4445251022763053, 'gpp_af': 0.028585493941961918, 'gpp_b': 1.4427571100855582e-05, 'gpp_d': 5.878566318396007, 'ign_k': 0.019192001101561888, 'ign_c': 34.19108473554449}.
[I 2026-08-06 02:21:45,786] Trial 590 finished with values: [10.264885469381504, 10.264885469381504] and parameters: {'k1': 0.003381093273170853, 'D_low': 968.2012086882471, 'k2': 4.763991596630584e-05, 'D_high': 21.208987108343724, 'fire_exp': 1.2680134752324452, 'P_half': 608.3019192425825, 'pre_dampen_half': 14.689898077648792, 'gpp_af': 13.560863064135962, 'gpp_b': 0.000832333943844274, 'gpp_d': 300.3420512048734, 'ign_k': 3.7173717478250508, 'ign_c': 3.735862630812751}.
[I 2026-08-06 02:21:46,720] Trial 591 finished with values: [10.741991320460972, 10.741991320460972] and parameters: {'k1': 0.025383218374507292, 'D_low': 968.2012086882471, 'k2': 4.763991596630584e-05, 'D_high': 400.9149428326862, 'fire_exp': 1.0473002272689056, 'P_half': 187.6006822030065, 'pre_dampen_half': 14.689898077648792, 'gpp_af': 13.560863064135962, 'gpp_b': 0.10123867001105968, 'gpp_d': 0.020033665584113368, 'ign_k': 7.799059237255681, 'ign_c': 3.735862630812751}.
[I 2026-08-06 02:21:47,610] Trial 592 finished with values: [10.30267277870203, 10.30267277870203] and parameters: {'k1': 0.021368329072358756, 'D_low': 7.068974950624602, 'k2': 0.0499774937030317, 'D_high': 31030.112026960956, 'fire_exp': 1.010722707674549, 'P_half': 63.585411411994926, 'pre_dampen_half': 1.4445251022763053, 'gpp_af': 0.028585493941961918, 'gpp_b': 3.228689523591491e-05, 'gpp_d': 5.878566318396007, 'ign_k': 0.0037322156377670697, 'ign_c': 0.9736725715035878}.
[I 2026-08-06 02:21:48,496] Trial 593 finished with values: [10.592428101128588, 10.592428101128588] and parameters: {'k1': 4.346890702031291e-05, 'D_low': 18.522006003174383, 'k2': 0.0499774937030317, 'D_high': 949.9072859745386, 'fire_exp': 1.1044852285094786, 'P_half': 608.3019192425825, 'pre_dampen_half': 3.3594011166738142, 'gpp_af': 22.766850248686247, 'gpp_b': 2.800940363375676e-05, 'gpp_d': 4.982605027348069, 'ign_k': 0.01474275315991467, 'ign_c': 14.367095138664217}.
[I 2026-08-06 02:21:49,397] Trial 594 finished with values: [10.446312695713054, 10.446312695713054] and parameters: {'k1': 0.030699709531122967, 'D_low': 18.522006003174383, 'k2': 4.763991596630584e-05, 'D_high': 31030.112026960956, 'fire_exp': 1.010722707674549, 'P_half': 2.157758652553991, 'pre_dampen_half': 3.3594011166738142, 'gpp_af': 4.582731702170249, 'gpp_b': 0.10123867001105968, 'gpp_d': 0.6380717024176037, 'ign_k': 0.03141110271934876, 'ign_c': 34.19108473554449}.
[I 2026-08-06 02:21:50,350] Trial 595 finished with values: [10.767323172853434, 10.767323172853434] and parameters: {'k1': 0.014666151770108535, 'D_low': 9.330007965781027, 'k2': 0.034987345440353576, 'D_high': 949.9072859745386, 'fire_exp': 1.6565860022602612, 'P_half': 8006.837661379568, 'pre_dampen_half': 0.48359183418131724, 'gpp_af': 0.028585493941961918, 'gpp_b': 3.228689523591491e-05, 'gpp_d': 4.982605027348069, 'ign_k': 0.0037322156377670697, 'ign_c': 0.7724824966785973}.
[I 2026-08-06 02:21:51,252] Trial 596 finished with values: [10.280101458097954, 10.280101458097954] and parameters: {'k1': 5.3514523498433285e-05, 'D_low': 9.330007965781027, 'k2': 4.763991596630584e-05, 'D_high': 24939.838794891497, 'fire_exp': 1.1044852285094786, 'P_half': 125.61043700013555, 'pre_dampen_half': 1.4445251022763053, 'gpp_af': 0.028585493941961918, 'gpp_b': 2.7719116797094715e-05, 'gpp_d': 967.4365715402611, 'ign_k': 0.01474275315991467, 'ign_c': 2.92043384718141}.
[I 2026-08-06 02:21:52,139] Trial 597 finished with values: [10.333566375020009, 10.333566375020009] and parameters: {'k1': 0.0002514786015817364, 'D_low': 51.9967392387832, 'k2': 4.763991596630584e-05, 'D_high': 1687.3495104568947, 'fire_exp': 1.264103030891254, 'P_half': 958.8659498594012, 'pre_dampen_half': 88.81627111957808, 'gpp_af': 22.766850248686247, 'gpp_b': 0.6637926838138378, 'gpp_d': 19.65797948502804, 'ign_k': 0.031134168041628628, 'ign_c': 0.17036120617148395}.
[I 2026-08-06 02:21:53,073] Trial 598 finished with values: [10.769230709316275, 10.769230709316275] and parameters: {'k1': 0.021368329072358756, 'D_low': 7.068974950624602, 'k2': 3.5917714215176105e-05, 'D_high': 75773.14388518519, 'fire_exp': 3.149167178485301, 'P_half': 39.03214299767183, 'pre_dampen_half': 1.4445251022763053, 'gpp_af': 0.2343193755572473, 'gpp_b': 3.228689523591491e-05, 'gpp_d': 39.827466658711515, 'ign_k': 3.7173717478250508, 'ign_c': 34.19108473554449}.
[I 2026-08-06 02:21:53,974] Trial 599 finished with values: [-0.49789833275367207, 0.03425166319829287] and parameters: {'k1': 0.021368329072358756, 'D_low': 26.21130418912424, 'k2': 1.4378290221680118e-05, 'D_high': 1665.1532285161688, 'fire_exp': 1.1044852285094786, 'P_half': 39.03214299767183, 'pre_dampen_half': 5.542030950268268, 'gpp_af': 0.09651979281656148, 'gpp_b': 0.0005995821881487623, 'gpp_d': 5.878566318396007, 'ign_k': 0.01474275315991467, 'ign_c': 34.19108473554449}.
[I 2026-08-06 02:21:55,148] Trial 600 finished with values: [10.715471293378492, 10.715471293378492] and parameters: {'k1': 0.025383218374507292, 'D_low': 51.9967392387832, 'k2': 0.006138509947844854, 'D_high': 6455.595882939566, 'fire_exp': 1.0473002272689056, 'P_half': 664.2027816373393, 'pre_dampen_half': 14.689898077648792, 'gpp_af': 0.004339536161007625, 'gpp_b': 0.10123867001105968, 'gpp_d': 967.4365715402611, 'ign_k': 0.031134168041628628, 'ign_c': 19.19168994439752}.
[I 2026-08-06 02:21:56,061] Trial 601 finished with values: [10.76911334485778, 10.76911334485778] and parameters: {'k1': 0.0004846497679219079, 'D_low': 616.4329525571076, 'k2': 0.0004381141781653133, 'D_high': 75773.14388518519, 'fire_exp': 5.238437639662319, 'P_half': 403.3495283157659, 'pre_dampen_half': 25.15960733455044, 'gpp_af': 11.234842109991876, 'gpp_b': 1.5938003265859821, 'gpp_d': 300.3420512048734, 'ign_k': 0.005522071973135812, 'ign_c': 0.6235377135673155}.
[I 2026-08-06 02:21:56,943] Trial 602 finished with values: [30.235940519059607, 30.235940519059607] and parameters: {'k1': 0.003381093273170853, 'D_low': 7.068974950624602, 'k2': 8.200096539027468e-05, 'D_high': 24939.838794891497, 'fire_exp': 1.0473002272689056, 'P_half': 39.03214299767183, 'pre_dampen_half': 958.6709783968975, 'gpp_af': 11.234842109991876, 'gpp_b': 3.228689523591491e-05, 'gpp_d': 300.3420512048734, 'ign_k': 7.799059237255681, 'ign_c': 3.735862630812751}.
[I 2026-08-06 02:21:57,843] Trial 603 finished with values: [24.20287155745455, 24.20287155745455] and parameters: {'k1': 2.0937989739527727e-05, 'D_low': 51.9967392387832, 'k2': 0.006138509947844854, 'D_high': 2969.087094484682, 'fire_exp': 1.010722707674549, 'P_half': 2.157758652553991, 'pre_dampen_half': 748.1106041623153, 'gpp_af': 0.028585493941961918, 'gpp_b': 0.000832333943844274, 'gpp_d': 17.849597677210657, 'ign_k': 0.6454459531371669, 'ign_c': 0.6235377135673155}.
[I 2026-08-06 02:21:58,748] Trial 604 finished with values: [10.004854998924776, 10.004854998924776] and parameters: {'k1': 0.0014452451441203328, 'D_low': 968.2012086882471, 'k2': 1.3577269394141447e-05, 'D_high': 1687.3495104568947, 'fire_exp': 1.010722707674549, 'P_half': 187.6006822030065, 'pre_dampen_half': 5.542030950268268, 'gpp_af': 0.028585493941961918, 'gpp_b': 2.9612221068836557e-05, 'gpp_d': 300.3420512048734, 'ign_k': 0.04563289369649656, 'ign_c': 14.367095138664217}.
[I 2026-08-06 02:21:59,868] Trial 605 finished with values: [10.2100606643186, 10.2100606643186] and parameters: {'k1': 0.03232155805617897, 'D_low': 7.068974950624602, 'k2': 1.1184534120760473e-05, 'D_high': 75773.14388518519, 'fire_exp': 1.0473002272689056, 'P_half': 125.61043700013555, 'pre_dampen_half': 1.4445251022763053, 'gpp_af': 22.766850248686247, 'gpp_b': 2.7719116797094715e-05, 'gpp_d': 368.30088529547436, 'ign_k': 3.7173717478250508, 'ign_c': 2.41842279584716}.
[I 2026-08-06 02:22:01,217] Trial 606 finished with values: [10.769049257461518, 10.769049257461518] and parameters: {'k1': 6.283039697972715e-05, 'D_low': 7.068974950624602, 'k2': 1.1184534120760473e-05, 'D_high': 75773.14388518519, 'fire_exp': 1.1044852285094786, 'P_half': 125.61043700013555, 'pre_dampen_half': 1.4445251022763053, 'gpp_af': 22.766850248686247, 'gpp_b': 3.228689523591491e-05, 'gpp_d': 5.878566318396007, 'ign_k': 7.799059237255681, 'ign_c': 34.19108473554449}.
[I 2026-08-06 02:22:02,245] Trial 607 finished with values: [10.271662369558978, 10.271662369558978] and parameters: {'k1': 0.0016129739560722712, 'D_low': 525.911865925123, 'k2': 4.860905111373887e-05, 'D_high': 949.9072859745386, 'fire_exp': 1.180859992527605, 'P_half': 125.61043700013555, 'pre_dampen_half': 3.3594011166738142, 'gpp_af': 0.04339970334001348, 'gpp_b': 2.800940363375676e-05, 'gpp_d': 368.30088529547436, 'ign_k': 0.01474275315991467, 'ign_c': 0.6235377135673155}.
[I 2026-08-06 02:22:03,341] Trial 608 finished with values: [10.761596940679755, 10.761596940679755] and parameters: {'k1': 0.08926311370835228, 'D_low': 18.522006003174383, 'k2': 3.5917714215176105e-05, 'D_high': 1687.3495104568947, 'fire_exp': 1.010722707674549, 'P_half': 608.3019192425825, 'pre_dampen_half': 14.689898077648792, 'gpp_af': 0.2343193755572473, 'gpp_b': 0.1676789742547917, 'gpp_d': 0.014231887793088498, 'ign_k': 3.7173717478250508, 'ign_c': 14.367095138664217}.
[I 2026-08-06 02:22:04,267] Trial 609 finished with values: [-0.5477909517496367, 0.023129216455253898] and parameters: {'k1': 0.08926311370835228, 'D_low': 10.733257635049776, 'k2': 3.5917714215176105e-05, 'D_high': 1687.3495104568947, 'fire_exp': 1.0473002272689056, 'P_half': 608.3019192425825, 'pre_dampen_half': 14.689898077648792, 'gpp_af': 0.2343193755572473, 'gpp_b': 0.10123867001105968, 'gpp_d': 39.827466658711515, 'ign_k': 3.7173717478250508, 'ign_c': 14.367095138664217}.
[I 2026-08-06 02:22:05,312] Trial 610 finished with values: [11.267950636302611, 11.267950636302611] and parameters: {'k1': 0.025383218374507292, 'D_low': 9.330007965781027, 'k2': 0.0007087479683081, 'D_high': 949.9072859745386, 'fire_exp': 1.0473002272689056, 'P_half': 11.877073321543955, 'pre_dampen_half': 14.689898077648792, 'gpp_af': 0.5107061330406066, 'gpp_b': 5.2308563179361105e-05, 'gpp_d': 300.3420512048734, 'ign_k': 7.799059237255681, 'ign_c': 14.367095138664217}.
[I 2026-08-06 02:22:06,331] Trial 611 finished with values: [10.506393373317433, 10.506393373317433] and parameters: {'k1': 0.029722820698619923, 'D_low': 18.522006003174383, 'k2': 3.5917714215176105e-05, 'D_high': 24939.838794891497, 'fire_exp': 1.2680134752324452, 'P_half': 608.3019192425825, 'pre_dampen_half': 3.3594011166738142, 'gpp_af': 0.2343193755572473, 'gpp_b': 0.10123867001105968, 'gpp_d': 300.3420512048734, 'ign_k': 7.799059237255681, 'ign_c': 14.367095138664217}.
[I 2026-08-06 02:22:07,249] Trial 612 finished with values: [10.765865891833249, 10.765865891833249] and parameters: {'k1': 0.021368329072358756, 'D_low': 7.068974950624602, 'k2': 0.02065142557895925, 'D_high': 8182.111518618414, 'fire_exp': 1.1044852285094786, 'P_half': 338.23872019362165, 'pre_dampen_half': 43.23598413711193, 'gpp_af': 0.028585493941961918, 'gpp_b': 0.2859164396628517, 'gpp_d': 5.878566318396007, 'ign_k': 0.050346969882634894, 'ign_c': 111.18405953132105}.
[I 2026-08-06 02:22:08,147] Trial 613 finished with values: [-0.5125114606526042, 0.04868350021409662] and parameters: {'k1': 0.0016129739560722712, 'D_low': 7.068974950624602, 'k2': 0.03071666851587867, 'D_high': 949.9072859745386, 'fire_exp': 1.1044852285094786, 'P_half': 11.877073321543955, 'pre_dampen_half': 3.3594011166738142, 'gpp_af': 0.028585493941961918, 'gpp_b': 2.800940363375676e-05, 'gpp_d': 5.878566318396007, 'ign_k': 0.01474275315991467, 'ign_c': 0.7724824966785973}.
[I 2026-08-06 02:22:09,061] Trial 614 finished with values: [10.504230426996227, 10.504230426996227] and parameters: {'k1': 0.08926311370835228, 'D_low': 7.068974950624602, 'k2': 4.860905111373887e-05, 'D_high': 75773.14388518519, 'fire_exp': 1.1044852285094786, 'P_half': 608.3019192425825, 'pre_dampen_half': 1.4445251022763053, 'gpp_af': 0.2343193755572473, 'gpp_b': 0.10123867001105968, 'gpp_d': 368.30088529547436, 'ign_k': 0.005522071973135812, 'ign_c': 0.6235377135673155}.
[I 2026-08-06 02:22:09,970] Trial 615 finished with values: [10.769226052733288, 10.769226052733288] and parameters: {'k1': 2.0937989739527727e-05, 'D_low': 24.195799118138826, 'k2': 4.763991596630584e-05, 'D_high': 75773.14388518519, 'fire_exp': 2.349842546850811, 'P_half': 958.8659498594012, 'pre_dampen_half': 3.3594011166738142, 'gpp_af': 0.004339536161007625, 'gpp_b': 0.10123867001105968, 'gpp_d': 300.3420512048734, 'ign_k': 0.03141110271934876, 'ign_c': 19.19168994439752}.
[I 2026-08-06 02:22:10,915] Trial 616 finished with values: [10.688719819820335, 10.688719819820335] and parameters: {'k1': 2.0937989739527727e-05, 'D_low': 7.068974950624602, 'k2': 0.00011939136672856547, 'D_high': 75773.14388518519, 'fire_exp': 1.0473002272689056, 'P_half': 63.585411411994926, 'pre_dampen_half': 5.542030950268268, 'gpp_af': 10.25616274847308, 'gpp_b': 3.228689523591491e-05, 'gpp_d': 5.878566318396007, 'ign_k': 0.0037322156377670697, 'ign_c': 0.1457050032975653}.
[I 2026-08-06 02:22:11,881] Trial 617 finished with values: [10.769059631135733, 10.769059631135733] and parameters: {'k1': 0.0016129739560722712, 'D_low': 8924.795116437426, 'k2': 4.763991596630584e-05, 'D_high': 949.9072859745386, 'fire_exp': 1.0473002272689056, 'P_half': 664.2027816373393, 'pre_dampen_half': 14.689898077648792, 'gpp_af': 0.04339970334001348, 'gpp_b': 0.10123867001105968, 'gpp_d': 39.827466658711515, 'ign_k': 0.0014468941663899363, 'ign_c': 14.367095138664217}.
[I 2026-08-06 02:22:12,804] Trial 618 finished with values: [-0.45732839108109163, 0.03566211465286495] and parameters: {'k1': 0.0026651167490553537, 'D_low': 1.0883991813938128, 'k2': 2.5461628161276896e-05, 'D_high': 4508.240502480678, 'fire_exp': 1.0117229084672894, 'P_half': 403.3495283157659, 'pre_dampen_half': 5.542030950268268, 'gpp_af': 0.028585493941961918, 'gpp_b': 4.361034464114157e-05, 'gpp_d': 0.02375138331725693, 'ign_k': 0.01474275315991467, 'ign_c': 0.8891936446296247}.
[I 2026-08-06 02:22:13,731] Trial 619 finished with values: [10.76923076805719, 10.76923076805719] and parameters: {'k1': 0.021368329072358756, 'D_low': 7.068974950624602, 'k2': 0.0499774937030317, 'D_high': 949.9072859745386, 'fire_exp': 7.3626049101155635, 'P_half': 39.03214299767183, 'pre_dampen_half': 1.4445251022763053, 'gpp_af': 0.7823066876094144, 'gpp_b': 3.228689523591491e-05, 'gpp_d': 5.878566318396007, 'ign_k': 7.799059237255681, 'ign_c': 34.19108473554449}.
[I 2026-08-06 02:22:14,656] Trial 620 finished with values: [-0.458732663795801, 0.09560983028557857] and parameters: {'k1': 0.0026651167490553537, 'D_low': 1.0883991813938128, 'k2': 2.5461628161276896e-05, 'D_high': 4508.240502480678, 'fire_exp': 1.0117229084672894, 'P_half': 4.397766894483963, 'pre_dampen_half': 5.542030950268268, 'gpp_af': 2.8805537835688413, 'gpp_b': 4.361034464114157e-05, 'gpp_d': 0.02375138331725693, 'ign_k': 0.7058572590901792, 'ign_c': 0.8891936446296247}.
[I 2026-08-06 02:22:15,761] Trial 621 finished with values: [-0.5131904840558141, 0.041451526196363275] and parameters: {'k1': 2.0937989739527727e-05, 'D_low': 26.21130418912424, 'k2': 0.00014091459170104733, 'D_high': 24939.838794891497, 'fire_exp': 1.1044852285094786, 'P_half': 11.877073321543955, 'pre_dampen_half': 5.542030950268268, 'gpp_af': 0.028585493941961918, 'gpp_b': 0.004282452111192166, 'gpp_d': 5.878566318396007, 'ign_k': 0.01474275315991467, 'ign_c': 0.7724824966785973}.
[I 2026-08-06 02:22:16,688] Trial 622 finished with values: [10.76812407685149, 10.76812407685149] and parameters: {'k1': 0.003381093273170853, 'D_low': 1.2299210465793122, 'k2': 4.763991596630584e-05, 'D_high': 949.9072859745386, 'fire_exp': 5.311995034756393, 'P_half': 39.03214299767183, 'pre_dampen_half': 1.6130673726933187, 'gpp_af': 22.766850248686247, 'gpp_b': 5.2308563179361105e-05, 'gpp_d': 300.3420512048734, 'ign_k': 0.0884455049423825, 'ign_c': 2.4287565087611744}.
[I 2026-08-06 02:22:17,602] Trial 623 finished with values: [10.015773773697566, 10.015773773697566] and parameters: {'k1': 2.0937989739527727e-05, 'D_low': 164.70698221724317, 'k2': 0.0004381141781653133, 'D_high': 31166.852978784915, 'fire_exp': 1.1044852285094786, 'P_half': 403.3495283157659, 'pre_dampen_half': 5.542030950268268, 'gpp_af': 0.0025511964576171086, 'gpp_b': 2.800940363375676e-05, 'gpp_d': 0.13223503889537183, 'ign_k': 3.7173717478250508, 'ign_c': 0.6235377135673155}.
[I 2026-08-06 02:22:18,492] Trial 624 finished with values: [11.142774445056999, 11.142774445056999] and parameters: {'k1': 0.025383218374507292, 'D_low': 51.9967392387832, 'k2': 0.006138509947844854, 'D_high': 2969.087094484682, 'fire_exp': 1.1044852285094786, 'P_half': 958.8659498594012, 'pre_dampen_half': 14.689898077648792, 'gpp_af': 0.028585493941961918, 'gpp_b': 2.7719116797094715e-05, 'gpp_d': 300.3420512048734, 'ign_k': 4.006890332238651, 'ign_c': 2.41842279584716}.
[I 2026-08-06 02:22:19,391] Trial 625 finished with values: [11.240541139900065, 11.240541139900065] and parameters: {'k1': 2.0937989739527727e-05, 'D_low': 1.2299210465793122, 'k2': 0.0499774937030317, 'D_high': 949.9072859745386, 'fire_exp': 1.1044852285094786, 'P_half': 11.877073321543955, 'pre_dampen_half': 14.689898077648792, 'gpp_af': 0.004339536161007625, 'gpp_b': 0.000832333943844274, 'gpp_d': 4.982605027348069, 'ign_k': 0.6454459531371669, 'ign_c': 0.7724824966785973}.
[I 2026-08-06 02:22:20,307] Trial 626 finished with values: [10.22717038634849, 10.22717038634849] and parameters: {'k1': 3.252245757497282e-05, 'D_low': 175.2878790340412, 'k2': 0.08894151386481904, 'D_high': 3660.150802571655, 'fire_exp': 1.633445707733642, 'P_half': 1.3035590385085063, 'pre_dampen_half': 5.542030950268268, 'gpp_af': 0.2343193755572473, 'gpp_b': 0.0004837646996135023, 'gpp_d': 5.878566318396007, 'ign_k': 0.0486276976221284, 'ign_c': 0.1457050032975653}.
[I 2026-08-06 02:22:21,225] Trial 627 finished with values: [10.858014995833082, 10.858014995833082] and parameters: {'k1': 0.014666151770108535, 'D_low': 9.330007965781027, 'k2': 0.00011939136672856547, 'D_high': 830.8114652888394, 'fire_exp': 1.010722707674549, 'P_half': 5.15399351160314, 'pre_dampen_half': 5.542030950268268, 'gpp_af': 0.028585493941961918, 'gpp_b': 3.228689523591491e-05, 'gpp_d': 0.6380717024176037, 'ign_k': 0.012802983592904445, 'ign_c': 0.1457050032975653}.
[I 2026-08-06 02:22:22,190] Trial 628 finished with values: [11.688849617538473, 11.688849617538473] and parameters: {'k1': 0.08926311370835228, 'D_low': 18.522006003174383, 'k2': 3.5917714215176105e-05, 'D_high': 3660.150802571655, 'fire_exp': 1.633445707733642, 'P_half': 1.3035590385085063, 'pre_dampen_half': 59.66041614891413, 'gpp_af': 0.2343193755572473, 'gpp_b': 0.0358180527371211, 'gpp_d': 39.827466658711515, 'ign_k': 4.461217349302768, 'ign_c': 0.1457050032975653}.
[I 2026-08-06 02:22:23,091] Trial 629 finished with values: [10.02730505587077, 10.02730505587077] and parameters: {'k1': 0.025383218374507292, 'D_low': 9.330007965781027, 'k2': 4.763991596630584e-05, 'D_high': 24939.838794891497, 'fire_exp': 1.0473002272689056, 'P_half': 6.96063331852638, 'pre_dampen_half': 1.6130673726933187, 'gpp_af': 0.028585493941961918, 'gpp_b': 3.228689523591491e-05, 'gpp_d': 5.878566318396007, 'ign_k': 0.0037322156377670697, 'ign_c': 3.735862630812751}.
