[I 2026-08-20 00:01:44,699] Trial 32 finished with value: 0.5032614911690074 and parameters: {'k1': 9.957216108899555e-05, 'D_low': 15.084496057411346, 'k2': 0.011650268392381187, 'D_high': 869105.5329904541, 'fire_exp': 1.6255716972420393, 'P_half': 4.703721304902777, 'pre_dampen_half': 34.32984506413293, 'gpp_af': 0.01981547357998593, 'gpp_b': 0.0006521130997700559, 'gpp_d': 0.03014654450860143, 'ign_k': 0.07717903748018283, 'ign_c': 14.970984869258315, 'trop_agb_crit': 1.5098927429605125, 'trop_k_veg': 2.105588259753907, 'pop_amp': 0.05724659181451199, 'pop_peak': 0.16960880717208796, 'pop_sig': 0.6887342848567325}. Best is trial 0 with value: -0.6002194417466498.
[I 2026-08-20 00:01:47,850] Trial 33 finished with value: 0.5962036502795595 and parameters: {'k1': 0.00025908268924624645, 'D_low': 1120.1237323573025, 'k2': 0.006475408186253525, 'D_high': 799999.0692997148, 'fire_exp': 2.9846495144913145, 'P_half': 45.624516816387825, 'pre_dampen_half': 12.2589722142088, 'gpp_af': 0.041579117863446584, 'gpp_b': 0.00014807168551398892, 'gpp_d': 0.03698375111090248, 'ign_k': 0.0013366464318835052, 'ign_c': 11.646152972294578, 'trop_agb_crit': 1.8388864649723264, 'trop_k_veg': 3.541895655867489, 'pop_amp': 0.004599244978761006, 'pop_peak': 0.05535210414381594, 'pop_sig': 0.2675281797050617}. Best is trial 0 with value: -0.6002194417466498.
[I 2026-08-20 00:01:50,739] Trial 34 finished with value: 0.5335956488672726 and parameters: {'k1': 0.00583249826383185, 'D_low': 82.07995582840674, 'k2': 0.0591187382699006, 'D_high': 354472.28822331026, 'fire_exp': 1.1659865650889643, 'P_half': 1938.551900276911, 'pre_dampen_half': 29.41863408810503, 'gpp_af': 0.011859492846670705, 'gpp_b': 0.001376832190515829, 'gpp_d': 0.03983162798798641, 'ign_k': 0.10203762783128119, 'ign_c': 5.265322340297864, 'trop_agb_crit': 2.7172123301556756, 'trop_k_veg': 1.1330521811666034, 'pop_amp': 0.0016339596087482668, 'pop_peak': 0.20934316524478067, 'pop_sig': 1.0792338753324309}. Best is trial 0 with value: -0.6002194417466498.
[I 2026-08-20 00:01:53,898] Trial 35 finished with value: 0.6265570553815507 and parameters: {'k1': 0.0017225027403006841, 'D_low': 127502.99236274567, 'k2': 0.0007069553137214681, 'D_high': 2020143.0619669333, 'fire_exp': 2.130754747346911, 'P_half': 355.35714079595857, 'pre_dampen_half': 322.5509313196108, 'gpp_af': 0.008109359953835587, 'gpp_b': 0.00012389531293869214, 'gpp_d': 33.49084823367926, 'ign_k': 4.7187441800223535, 'ign_c': 1.3509866307463185, 'trop_agb_crit': 25.831598816303245, 'trop_k_veg': 1.2408061201814866, 'pop_amp': 0.001908289598810502, 'pop_peak': 0.33926510246164443, 'pop_sig': 1.2729119591308298}. Best is trial 0 with value: -0.6002194417466498.
[I 2026-08-20 00:01:57,003] Trial 36 finished with value: -0.539220251680993 and parameters: {'k1': 0.0003605362924542682, 'D_low': 355.45349418304716, 'k2': 0.025088540086859543, 'D_high': 1908200.5653744533, 'fire_exp': 1.2049324940855588, 'P_half': 3.896063803546021, 'pre_dampen_half': 6.169905451325894, 'gpp_af': 0.027100194939945053, 'gpp_b': 0.0008483074175092373, 'gpp_d': 0.019060166968407635, 'ign_k': 7.08563546617446, 'ign_c': 0.8482470387795159, 'trop_agb_crit': 1.3561697404252115, 'trop_k_veg': 1.8874996015408738, 'pop_amp': 0.0014827550268587193, 'pop_peak': 0.15520683056917947, 'pop_sig': 1.109146329830164}. Best is trial 0 with value: -0.6002194417466498.
[I 2026-08-20 00:02:00,159] Trial 37 finished with value: 0.44306284835306664 and parameters: {'k1': 0.0009219899321955034, 'D_low': 1304.7304963658676, 'k2': 0.013990960224639234, 'D_high': 314861.5243634295, 'fire_exp': 1.7213534958012664, 'P_half': 9.839312106058369, 'pre_dampen_half': 4.3665429032376215, 'gpp_af': 0.07770516367820716, 'gpp_b': 1.9339451118458004e-05, 'gpp_d': 0.19370476912974272, 'ign_k': 2.6490627842777763, 'ign_c': 1.2136422839508925, 'trop_agb_crit': 2.770383416503633, 'trop_k_veg': 1.1098551065731517, 'pop_amp': 0.0011456034619752558, 'pop_peak': 0.24478337894894958, 'pop_sig': 1.2870275609532347}. Best is trial 0 with value: -0.6002194417466498.
[I 2026-08-20 00:02:03,248] Trial 38 finished with value: 0.5893616685151398 and parameters: {'k1': 0.0015079883954678562, 'D_low': 3.779843385213941, 'k2': 0.025015515742075178, 'D_high': 1288834.1133301912, 'fire_exp': 1.2587488232203863, 'P_half': 3.924156049824905, 'pre_dampen_half': 4.033058639293718, 'gpp_af': 0.0031237063687101414, 'gpp_b': 0.014147504381303824, 'gpp_d': 0.011459796925742883, 'ign_k': 4.502217635024372, 'ign_c': 0.8088506620183281, 'trop_agb_crit': 1.2853527418120747, 'trop_k_veg': 2.3560404996097, 'pop_amp': 0.010747700119608874, 'pop_peak': 0.5367598422626902, 'pop_sig': 0.8234495822133341}. Best is trial 0 with value: -0.6002194417466498.
[I 2026-08-20 00:02:06,322] Trial 39 finished with value: 0.48117741968154415 and parameters: {'k1': 0.0008049888891795449, 'D_low': 13740.809030966093, 'k2': 6.785250644810843e-05, 'D_high': 6972918.321600012, 'fire_exp': 1.1899445919452933, 'P_half': 15.389046331636154, 'pre_dampen_half': 0.11608407605288366, 'gpp_af': 0.22263734553490352, 'gpp_b': 4.24677203134295e-05, 'gpp_d': 65.58006410738484, 'ign_k': 4.828926998041296, 'ign_c': 10.038438047710962, 'trop_agb_crit': 28.388829571382495, 'trop_k_veg': 1.7996729673134637, 'pop_amp': 0.0010561434943282097, 'pop_peak': 10.296223176081504, 'pop_sig': 0.7456620195795723}. Best is trial 0 with value: -0.6002194417466498.
[I 2026-08-20 00:02:09,512] Trial 40 finished with value: 0.46313182876405323 and parameters: {'k1': 0.005029036316567945, 'D_low': 11.890112069292153, 'k2': 0.0005655469997628504, 'D_high': 85087.91467571317, 'fire_exp': 1.7985149415647088, 'P_half': 51.47725468654844, 'pre_dampen_half': 590.5236931116951, 'gpp_af': 0.005346519440889208, 'gpp_b': 0.00030667279700838894, 'gpp_d': 0.010149045357090613, 'ign_k': 1.6956329787242188, 'ign_c': 5.330305415221304, 'trop_agb_crit': 3.9316274242382083, 'trop_k_veg': 5.786063909197283, 'pop_amp': 0.0032319674192640094, 'pop_peak': 0.08101899260637387, 'pop_sig': 0.921201979013617}. Best is trial 0 with value: -0.6002194417466498.
[I 2026-08-20 00:02:12,600] Trial 41 finished with value: 0.4591130074141204 and parameters: {'k1': 0.0013371895395673091, 'D_low': 2.2157014773584836, 'k2': 0.051342595973285506, 'D_high': 492034.38371279935, 'fire_exp': 1.8942871075196719, 'P_half': 62.680918233426375, 'pre_dampen_half': 30.207108577482362, 'gpp_af': 0.057776686599637084, 'gpp_b': 3.163661735612922e-05, 'gpp_d': 0.060338326712821695, 'ign_k': 0.1292927704454384, 'ign_c': 1.1307521380295995, 'trop_agb_crit': 4.258297632710055, 'trop_k_veg': 1.4233524748797883, 'pop_amp': 0.0017964854854468654, 'pop_peak': 2.4018591748461597, 'pop_sig': 0.4416591243235385}. Best is trial 0 with value: -0.6002194417466498.
[I 2026-08-20 00:02:15,807] Trial 42 finished with value: 0.6273411024011657 and parameters: {'k1': 0.00019456404067160458, 'D_low': 334.93804740762613, 'k2': 0.019831087819981975, 'D_high': 30894.348365120175, 'fire_exp': 2.020962968284757, 'P_half': 6.524177662157653, 'pre_dampen_half': 5.719453472390749, 'gpp_af': 1.6235837799646333, 'gpp_b': 0.0018068230349320212, 'gpp_d': 0.012834189867649696, 'ign_k': 8.006572522359725, 'ign_c': 1.4879030646733293, 'trop_agb_crit': 1.09939117752983, 'trop_k_veg': 2.936046365513272, 'pop_amp': 0.007062152246576515, 'pop_peak': 0.3033076923152024, 'pop_sig': 0.7330486452306374}. Best is trial 0 with value: -0.6002194417466498.
[I 2026-08-20 00:02:18,919] Trial 43 finished with value: 0.5407881608450432 and parameters: {'k1': 0.0017339825996465265, 'D_low': 2543.924461617637, 'k2': 0.013012524651577607, 'D_high': 5926968.457121576, 'fire_exp': 1.2441429465384695, 'P_half': 10.000871580336748, 'pre_dampen_half': 1.4936823081714987, 'gpp_af': 1.6238887896383696, 'gpp_b': 1.2434553478780189e-05, 'gpp_d': 0.1421504299345894, 'ign_k': 0.06440441421903881, 'ign_c': 20.992481715444217, 'trop_agb_crit': 18.36295116851442, 'trop_k_veg': 1.4342215362505832, 'pop_amp': 0.008184323199256306, 'pop_peak': 200.85987996938786, 'pop_sig': 0.4918866160170615}. Best is trial 0 with value: -0.6002194417466498.
[I 2026-08-20 00:02:22,009] Trial 44 finished with value: 0.5208851950654416 and parameters: {'k1': 0.00048462386893544606, 'D_low': 8360.563334139253, 'k2': 0.06240982550947747, 'D_high': 6853438.294797586, 'fire_exp': 1.0689476780211777, 'P_half': 56.85334223573466, 'pre_dampen_half': 0.3281641384640966, 'gpp_af': 0.03209238325450097, 'gpp_b': 0.0005830811019716499, 'gpp_d': 0.025913053454946485, 'ign_k': 0.2051170711605489, 'ign_c': 0.7813443748053868, 'trop_agb_crit': 1.052987901212369, 'trop_k_veg': 1.8096357572589203, 'pop_amp': 0.002016700413237935, 'pop_peak': 0.0994874386251073, 'pop_sig': 1.078479651143439}. Best is trial 0 with value: -0.6002194417466498.
[I 2026-08-20 00:02:25,048] Trial 45 finished with value: 0.5600230788826472 and parameters: {'k1': 0.0013629815255437124, 'D_low': 9195.465337950394, 'k2': 0.0006459392440722199, 'D_high': 1126893.8067093682, 'fire_exp': 1.4426132367098483, 'P_half': 2.9804159629447, 'pre_dampen_half': 0.10442415461510547, 'gpp_af': 0.02815477029814131, 'gpp_b': 0.0011673417060131964, 'gpp_d': 0.022348007053909262, 'ign_k': 4.527818704258976, 'ign_c': 16.550248820728886, 'trop_agb_crit': 29.663893276620843, 'trop_k_veg': 3.1275017388931534, 'pop_amp': 0.015062406799611414, 'pop_peak': 32.21328067054069, 'pop_sig': 0.26332468666982994}. Best is trial 0 with value: -0.6002194417466498.
[I 2026-08-20 00:02:28,142] Trial 46 finished with value: -0.5722385978499955 and parameters: {'k1': 0.0002102001176763807, 'D_low': 775.6392355627117, 'k2': 0.002723233704703024, 'D_high': 1281148.7105169701, 'fire_exp': 1.1705519275769587, 'P_half': 288.6163399716106, 'pre_dampen_half': 77.72383944268145, 'gpp_af': 0.007588297539889679, 'gpp_b': 0.0023505005506876944, 'gpp_d': 6.957316891533809, 'ign_k': 1.724883311554586, 'ign_c': 19.127255083003323, 'trop_agb_crit': 16.233107174535927, 'trop_k_veg': 2.889764338964065, 'pop_amp': 0.004341391375336541, 'pop_peak': 20.838892913188396, 'pop_sig': 0.8098592829579693}. Best is trial 0 with value: -0.6002194417466498.
[I 2026-08-20 00:02:31,301] Trial 47 finished with value: 0.6445374145881376 and parameters: {'k1': 2.7735280682692696e-05, 'D_low': 364.0212460413085, 'k2': 0.00029302396833715417, 'D_high': 357120.4301639789, 'fire_exp': 1.799649359555946, 'P_half': 153.78059796937427, 'pre_dampen_half': 76.69000683314586, 'gpp_af': 0.001353960056574023, 'gpp_b': 0.0710939006612332, 'gpp_d': 2.272894051231272, 'ign_k': 9.70974241871694, 'ign_c': 110.13937812059542, 'trop_agb_crit': 12.62990487373829, 'trop_k_veg': 2.7039568741123334, 'pop_amp': 0.0024649907842968105, 'pop_peak': 13.632523735468212, 'pop_sig': 1.4077086036297048}. Best is trial 0 with value: -0.6002194417466498.
[I 2026-08-20 00:02:34,265] Trial 48 finished with value: 0.5904784531119465 and parameters: {'k1': 0.00013909500526518355, 'D_low': 2.958507431471331, 'k2': 0.0046516898067432465, 'D_high': 7609960.780089007, 'fire_exp': 2.8560080461501136, 'P_half': 12.73207472271691, 'pre_dampen_half': 22.866243160319115, 'gpp_af': 0.006448003787268853, 'gpp_b': 0.011516253390340373, 'gpp_d': 0.03368608132634165, 'ign_k': 0.028166113153899913, 'ign_c': 0.2617809053272015, 'trop_agb_crit': 9.769666020993007, 'trop_k_veg': 2.445805237162002, 'pop_amp': 0.0050101684146129895, 'pop_peak': 1.1168789692205927, 'pop_sig': 1.3633413074571765}. Best is trial 0 with value: -0.6002194417466498.
[I 2026-08-20 00:02:37,317] Trial 49 finished with value: 0.6223741073975007 and parameters: {'k1': 0.0013963311438431709, 'D_low': 564.1644682666707, 'k2': 0.003157147074022137, 'D_high': 122292.71596153073, 'fire_exp': 2.6652019844386343, 'P_half': 54.46797539949886, 'pre_dampen_half': 144.51364089042636, 'gpp_af': 0.002606137481120192, 'gpp_b': 0.009542704336048917, 'gpp_d': 5.762908341904063, 'ign_k': 0.7062863983979226, 'ign_c': 25.331567769883222, 'trop_agb_crit': 20.630136142254916, 'trop_k_veg': 3.982740424984765, 'pop_amp': 0.010340293683032508, 'pop_peak': 43.52540025884907, 'pop_sig': 0.556904319935048}. Best is trial 0 with value: -0.6002194417466498.
[I 2026-08-20 00:02:40,434] Trial 50 finished with value: 0.5881805798667027 and parameters: {'k1': 0.00024058609233086492, 'D_low': 3732.6667654860494, 'k2': 0.05574847578206678, 'D_high': 62468.94138401299, 'fire_exp': 3.7526739977381665, 'P_half': 5.5165459212286185, 'pre_dampen_half': 11.482310330290785, 'gpp_af': 0.00143773077770595, 'gpp_b': 2.103112187767708e-05, 'gpp_d': 9.050231218218437, 'ign_k': 0.0071881748774466235, 'ign_c': 2.6239328657308074, 'trop_agb_crit': 2.7037929533929494, 'trop_k_veg': 2.9109052405664495, 'pop_amp': 0.033332773395624314, 'pop_peak': 1.3042826423654978, 'pop_sig': 0.6587125933264483}. Best is trial 0 with value: -0.6002194417466498.
[I 2026-08-20 00:02:43,452] Trial 51 finished with value: 0.5027806287137898 and parameters: {'k1': 0.007172761101126669, 'D_low': 2316.677508863146, 'k2': 0.00428809308403614, 'D_high': 4369150.29001177, 'fire_exp': 1.0969777259477123, 'P_half': 5.467518692157307, 'pre_dampen_half': 15.878743876385096, 'gpp_af': 0.10036890241333898, 'gpp_b': 8.807426738195251e-05, 'gpp_d': 0.06008360325948401, 'ign_k': 5.902359843343347, 'ign_c': 0.11601017038632228, 'trop_agb_crit': 1.05089111708516, 'trop_k_veg': 6.5455948832810815, 'pop_amp': 0.03537358063168804, 'pop_peak': 0.4619425220819421, 'pop_sig': 1.3042960898650813}. Best is trial 0 with value: -0.6002194417466498.
[I 2026-08-20 00:02:46,545] Trial 52 finished with value: 0.6445374145881376 and parameters: {'k1': 4.9137500683081184e-05, 'D_low': 2376.7907214110196, 'k2': 0.015967455376606873, 'D_high': 4751765.006070298, 'fire_exp': 1.0728566471271528, 'P_half': 1329.7585986084862, 'pre_dampen_half': 71.34694553443198, 'gpp_af': 0.0024740361553366266, 'gpp_b': 0.028334768803230135, 'gpp_d': 19.694969969372174, 'ign_k': 7.205171888255505, 'ign_c': 80.61500881234944, 'trop_agb_crit': 18.91362986211737, 'trop_k_veg': 3.596339727939, 'pop_amp': 0.005915490658039463, 'pop_peak': 34.13744597120061, 'pop_sig': 0.5555745001014045}. Best is trial 0 with value: -0.6002194417466498.
[I 2026-08-20 00:02:49,551] Trial 53 finished with value: 0.5972066627948405 and parameters: {'k1': 5.524565676498546e-05, 'D_low': 3673.5947721016746, 'k2': 0.08754118026966705, 'D_high': 721414.0583759072, 'fire_exp': 2.7064161551094252, 'P_half': 31.714226768434894, 'pre_dampen_half': 293.1913081731069, 'gpp_af': 0.004796840677137339, 'gpp_b': 0.0006341911207445967, 'gpp_d': 1.5945456467893642, 'ign_k': 0.14265182473990126, 'ign_c': 28.1935378753738, 'trop_agb_crit': 1.4974532004376038, 'trop_k_veg': 4.5915945897497945, 'pop_amp': 0.0016288372550618904, 'pop_peak': 0.07783796192841422, 'pop_sig': 0.4063302553313929}. Best is trial 0 with value: -0.6002194417466498.
[I 2026-08-20 00:02:52,719] Trial 54 finished with value: 0.6445374145881376 and parameters: {'k1': 0.0007464218104383091, 'D_low': 26954.790966426244, 'k2': 0.0013556759296164931, 'D_high': 2001905.0149900208, 'fire_exp': 1.6409993733645172, 'P_half': 595.6565252271946, 'pre_dampen_half': 50.289564501769924, 'gpp_af': 0.07667207127794719, 'gpp_b': 3.918894018272537e-05, 'gpp_d': 3.311794630205546, 'ign_k': 3.289639651016867, 'ign_c': 70.40970350974021, 'trop_agb_crit': 24.406343826285376, 'trop_k_veg': 2.8292057598895366, 'pop_amp': 0.007159202810122295, 'pop_peak': 249.3297799562312, 'pop_sig': 2.2991389813631504}. Best is trial 0 with value: -0.6002194417466498.
[I 2026-08-20 00:02:55,902] Trial 55 finished with value: 0.6445374145881376 and parameters: {'k1': 0.0003056823945610739, 'D_low': 84529.15873199355, 'k2': 3.996742394542395e-05, 'D_high': 435220.014570745, 'fire_exp': 1.1727851476634712, 'P_half': 52.515802537442255, 'pre_dampen_half': 5.8774645287025455, 'gpp_af': 0.310078368355778, 'gpp_b': 1.4851417093100733e-05, 'gpp_d': 0.08857042224750517, 'ign_k': 1.035097482095294, 'ign_c': 134.78744449695375, 'trop_agb_crit': 29.084088525115643, 'trop_k_veg': 4.120799864678347, 'pop_amp': 0.02630651463616339, 'pop_peak': 762.8312831213165, 'pop_sig': 0.3814687689134009}. Best is trial 0 with value: -0.6002194417466498.
[I 2026-08-20 00:02:58,943] Trial 56 finished with value: 0.48140595059198066 and parameters: {'k1': 0.0004183681947697017, 'D_low': 46.891769188598474, 'k2': 0.004437377711932154, 'D_high': 344152.60255921626, 'fire_exp': 1.5373460663912095, 'P_half': 313.28586574327335, 'pre_dampen_half': 1.287019254485639, 'gpp_af': 0.0020874612471860382, 'gpp_b': 8.107785089392941e-05, 'gpp_d': 0.47091478836420014, 'ign_k': 3.2262787667885275, 'ign_c': 15.130295561274474, 'trop_agb_crit': 25.992224144459424, 'trop_k_veg': 1.8250093760878392, 'pop_amp': 0.0023820566585816914, 'pop_peak': 41.672042497585565, 'pop_sig': 0.5951585792008011}. Best is trial 0 with value: -0.6002194417466498.
[I 2026-08-20 00:03:02,016] Trial 57 finished with value: 0.5241773451453438 and parameters: {'k1': 0.00011635484954483839, 'D_low': 1118.7737790334293, 'k2': 0.015338850427475972, 'D_high': 285507.14481433644, 'fire_exp': 1.4760851997409636, 'P_half': 466.9831099276019, 'pre_dampen_half': 22.710117435144877, 'gpp_af': 0.0023731751561578782, 'gpp_b': 0.00013440882966642728, 'gpp_d': 234.38891109233757, 'ign_k': 0.052062053124400404, 'ign_c': 18.524934763994306, 'trop_agb_crit': 9.891014358580916, 'trop_k_veg': 2.970914538993056, 'pop_amp': 0.001715490480444781, 'pop_peak': 1.8615068998340731, 'pop_sig': 0.6572143057047768}. Best is trial 0 with value: -0.6002194417466498.
[I 2026-08-20 00:03:05,060] Trial 58 finished with value: -0.553756042244843 and parameters: {'k1': 1.6891137955161653e-05, 'D_low': 17138.54239555941, 'k2': 0.005838377428140887, 'D_high': 511980.59021505446, 'fire_exp': 1.1699504549875577, 'P_half': 117.39994967492652, 'pre_dampen_half': 3.1803504784033616, 'gpp_af': 0.0185848874679107, 'gpp_b': 0.00011904506382522001, 'gpp_d': 19.899111452087215, 'ign_k': 1.2745989735742234, 'ign_c': 6.778730391366316, 'trop_agb_crit': 16.62251543870923, 'trop_k_veg': 1.3956367813888688, 'pop_amp': 0.009513081803652505, 'pop_peak': 28.815600640046437, 'pop_sig': 0.9694596275939795}. Best is trial 0 with value: -0.6002194417466498.
[I 2026-08-20 00:03:08,212] Trial 59 finished with value: 0.577762552254599 and parameters: {'k1': 2.624504217494547e-05, 'D_low': 42955.39607203499, 'k2': 0.0012518909685256374, 'D_high': 13596.018534214149, 'fire_exp': 1.1405713485158298, 'P_half': 25.296732715452883, 'pre_dampen_half': 32.56208868872335, 'gpp_af': 0.007596366008120442, 'gpp_b': 8.802538988186837e-05, 'gpp_d': 28.445932794422816, 'ign_k': 0.06373253442156461, 'ign_c': 24.152324600047034, 'trop_agb_crit': 12.312832512942334, 'trop_k_veg': 1.5307150992903442, 'pop_amp': 0.016649194392705537, 'pop_peak': 1.489013076250756, 'pop_sig': 1.4271758548484683}. Best is trial 0 with value: -0.6002194417466498.
[I 2026-08-20 00:03:11,366] Trial 60 finished with value: 0.5875524983348289 and parameters: {'k1': 4.078540888220308e-05, 'D_low': 12561.309791234225, 'k2': 0.009978174830506815, 'D_high': 2723737.004280977, 'fire_exp': 1.3694998895154868, 'P_half': 28.364205395429924, 'pre_dampen_half': 5.1167796559019205, 'gpp_af': 0.013961268931009446, 'gpp_b': 0.17045183204936853, 'gpp_d': 44.397820652852964, 'ign_k': 0.6529222387747325, 'ign_c': 10.845239840614584, 'trop_agb_crit': 17.521497776071243, 'trop_k_veg': 0.6729156506793385, 'pop_amp': 0.01746658062134766, 'pop_peak': 96.83996324683604, 'pop_sig': 1.196578839405839}. Best is trial 0 with value: -0.6002194417466498.
[I 2026-08-20 00:03:14,411] Trial 61 finished with value: 0.6445374145881376 and parameters: {'k1': 1.3610240847487953e-05, 'D_low': 55900.495391985845, 'k2': 0.07993052898849104, 'D_high': 3216525.696661731, 'fire_exp': 1.2230622313799027, 'P_half': 1872.5496777897263, 'pre_dampen_half': 17.202918661858593, 'gpp_af': 0.008973686313431487, 'gpp_b': 4.6797334023459336e-05, 'gpp_d': 61.29254187191606, 'ign_k': 1.7832085389699746, 'ign_c': 72.97773721152375, 'trop_agb_crit': 5.776218295745077, 'trop_k_veg': 1.7202416775130014, 'pop_amp': 0.12559646361368634, 'pop_peak': 285.0991287359751, 'pop_sig': 1.143548201022238}. Best is trial 0 with value: -0.6002194417466498.
[I 2026-08-20 00:03:17,381] Trial 62 finished with value: 0.4504578862876447 and parameters: {'k1': 0.00010698181997516598, 'D_low': 55.813238089006155, 'k2': 0.03632329636536587, 'D_high': 571397.882742305, 'fire_exp': 1.0299035960497058, 'P_half': 5.230466916486024, 'pre_dampen_half': 30.178455678138043, 'gpp_af': 0.03109783689073686, 'gpp_b': 0.0009887369758800964, 'gpp_d': 0.02822706200889944, 'ign_k': 2.458366078089075, 'ign_c': 2.901605992858741, 'trop_agb_crit': 1.4836486005902232, 'trop_k_veg': 2.551042053541939, 'pop_amp': 0.0010191569164058896, 'pop_peak': 0.12935587991367936, 'pop_sig': 1.0975263857683786}. Best is trial 0 with value: -0.6002194417466498.
[I 2026-08-20 00:03:20,454] Trial 63 finished with value: 0.4430765505638272 and parameters: {'k1': 0.0013754424885902515, 'D_low': 527.2291908341471, 'k2': 0.003775777683295162, 'D_high': 8025031.829824384, 'fire_exp': 1.081434242009543, 'P_half': 1467.38152798899, 'pre_dampen_half': 144.88324444675044, 'gpp_af': 0.005183174001924833, 'gpp_b': 0.0006068510975402652, 'gpp_d': 19.083741123760202, 'ign_k': 0.8339549535880186, 'ign_c': 7.202399886877002, 'trop_agb_crit': 26.11884856692191, 'trop_k_veg': 3.2862602278383606, 'pop_amp': 0.007282176426703635, 'pop_peak': 7.538598002736862, 'pop_sig': 1.377467103802599}. Best is trial 0 with value: -0.6002194417466498.
