[I 2026-07-24 02:17:44,256] Trial 271 finished with value: -0.5681631067020605 and parameters: {'k1': 0.006718353424529668, 'D_low': 452.50954370491615, 'k2': 1.4874345016620593e-05, 'D_high': 5641521.352329726, 'fire_exp': 1.2368008010135105, 'P_half': 2.441569023614648, 'pre_dampen_half': 0.9239547371076097, 'gpp_af': 0.9119824415280015, 'gpp_b': 0.0024153146842555047, 'gpp_d': 8.584262316629214, 'ign_k': 0.007975822162058027, 'ign_c': 94.63149633371101, 'trop_agb_crit': 2.8876132101029235, 'trop_k_veg': 1.87986828507665, 'fuel_k': 3.0246849782755443, 'fuel_half': 0.10596724403613363}. Best is trial 0 with value: -0.6070628323553574.
[I 2026-07-24 02:17:44,668] Trial 272 finished with value: 0.5860377917553581 and parameters: {'k1': 0.00025613662206149776, 'D_low': 5.902164005201945, 'k2': 0.000265486063470599, 'D_high': 4186548.33454069, 'fire_exp': 7.229540195561975, 'P_half': 887.3339669101881, 'pre_dampen_half': 84.61297157510897, 'gpp_af': 0.5231635829012794, 'gpp_b': 1.2869156980934052e-05, 'gpp_d': 36.74661922374188, 'ign_k': 0.3050109705130722, 'ign_c': 13.789666198971537, 'trop_agb_crit': 24.731674796617895, 'trop_k_veg': 0.8218625131672833, 'fuel_k': 5.214381235738823, 'fuel_half': 0.2601214934197074}. Best is trial 0 with value: -0.6070628323553574.
[I 2026-07-24 02:17:45,073] Trial 273 finished with value: 0.4365924389163979 and parameters: {'k1': 0.022332978749527825, 'D_low': 9.095578730768894, 'k2': 3.440535790228729e-05, 'D_high': 2866876.370591941, 'fire_exp': 1.319994692253105, 'P_half': 10.381340933493457, 'pre_dampen_half': 5.306608809054562, 'gpp_af': 0.033841482259269036, 'gpp_b': 0.0017828987900425101, 'gpp_d': 101.7207863372712, 'ign_k': 0.0020993227162997745, 'ign_c': 1.680106484466153, 'trop_agb_crit': 2.923729901173256, 'trop_k_veg': 1.8033986805638518, 'fuel_k': 1.6120861612676056, 'fuel_half': 0.10248222789370137}. Best is trial 0 with value: -0.6070628323553574.
[I 2026-07-24 02:17:45,488] Trial 274 finished with value: 0.5875628101727635 and parameters: {'k1': 0.019488453118787663, 'D_low': 94.07218491133514, 'k2': 1.024317925388256e-05, 'D_high': 1679826.3833885868, 'fire_exp': 1.879988977587353, 'P_half': 4.258089045740144, 'pre_dampen_half': 25.53475971668972, 'gpp_af': 0.49041834895284214, 'gpp_b': 0.00027149971882516765, 'gpp_d': 1.413342999160144, 'ign_k': 0.007651404752904096, 'ign_c': 202.0493473916733, 'trop_agb_crit': 12.10547511945731, 'trop_k_veg': 2.019830321124456, 'fuel_k': 0.35718651517608624, 'fuel_half': 0.3457349619058124}. Best is trial 0 with value: -0.6070628323553574.
[I 2026-07-24 02:17:45,895] Trial 275 finished with value: -0.5720197243800639 and parameters: {'k1': 0.07204200444045208, 'D_low': 6.25666237292934, 'k2': 2.9306599692697997e-05, 'D_high': 4818167.751644696, 'fire_exp': 1.1061914566415092, 'P_half': 1.3928929834740993, 'pre_dampen_half': 6.2418097143747975, 'gpp_af': 0.40429552833341986, 'gpp_b': 0.003788373950495174, 'gpp_d': 154.29981035715625, 'ign_k': 0.13807184845767287, 'ign_c': 25.349714887110842, 'trop_agb_crit': 3.041288916412886, 'trop_k_veg': 1.3322575294091026, 'fuel_k': 0.1995788162249614, 'fuel_half': 0.2102073672634036}. Best is trial 0 with value: -0.6070628323553574.
[I 2026-07-24 02:17:46,302] Trial 276 finished with value: 0.6445374145881376 and parameters: {'k1': 0.014075924702445938, 'D_low': 70.50393243399, 'k2': 4.879955258295224e-05, 'D_high': 2967464.2131690737, 'fire_exp': 1.150405839267251, 'P_half': 2.2223206571697696, 'pre_dampen_half': 25.802924133900163, 'gpp_af': 1.397393375470683, 'gpp_b': 0.0007804014078470767, 'gpp_d': 38.314203552459745, 'ign_k': 0.622438874524624, 'ign_c': 105.55103038397523, 'trop_agb_crit': 2.2977094962733524, 'trop_k_veg': 0.8255598282473957, 'fuel_k': 0.09729968545752089, 'fuel_half': 0.16022813136607503}. Best is trial 0 with value: -0.6070628323553574.
[I 2026-07-24 02:17:46,709] Trial 277 finished with value: 0.44193185345046293 and parameters: {'k1': 0.012853017251802832, 'D_low': 11.997535416997085, 'k2': 2.4960010256090578e-05, 'D_high': 8948577.571390167, 'fire_exp': 1.939143255427514, 'P_half': 1.60770056366045, 'pre_dampen_half': 28.873886184124398, 'gpp_af': 1.14524867763699, 'gpp_b': 0.002569228226238405, 'gpp_d': 12.759637408851074, 'ign_k': 0.0010093179177608385, 'ign_c': 10.168109983065913, 'trop_agb_crit': 4.410728347080943, 'trop_k_veg': 1.112109475733037, 'fuel_k': 1.7847742626056549, 'fuel_half': 0.2480934688919023}. Best is trial 0 with value: -0.6070628323553574.
[I 2026-07-24 02:17:47,120] Trial 278 finished with value: -0.5166082118269472 and parameters: {'k1': 0.06928536783544752, 'D_low': 169.30237587869277, 'k2': 1.2933487143150555e-05, 'D_high': 4217534.165660991, 'fire_exp': 2.7936857156169213, 'P_half': 1.1186833955930173, 'pre_dampen_half': 315.25574203890557, 'gpp_af': 0.11407311292376436, 'gpp_b': 0.0021179847080653484, 'gpp_d': 19.63474781420178, 'ign_k': 0.011828681487877045, 'ign_c': 1.3408358785722407, 'trop_agb_crit': 1.738113490964298, 'trop_k_veg': 2.167557867302029, 'fuel_k': 0.8192310833177461, 'fuel_half': 0.41681858215365203}. Best is trial 0 with value: -0.6070628323553574.
[I 2026-07-24 02:17:47,525] Trial 279 finished with value: 0.4539842101835747 and parameters: {'k1': 0.005214035065994345, 'D_low': 6128.3689039382825, 'k2': 0.0004532712292292762, 'D_high': 2169035.328883848, 'fire_exp': 8.013591538634074, 'P_half': 10.277554475551902, 'pre_dampen_half': 10.07943791368337, 'gpp_af': 0.7552103212767255, 'gpp_b': 0.0016076977366757416, 'gpp_d': 908.138901075586, 'ign_k': 0.1354374738494919, 'ign_c': 0.8049063125974728, 'trop_agb_crit': 2.9559450029686962, 'trop_k_veg': 0.9865972868207085, 'fuel_k': 1.475056798707553, 'fuel_half': 0.10869068512721052}. Best is trial 0 with value: -0.6070628323553574.
[I 2026-07-24 02:17:47,935] Trial 280 finished with value: 0.4525986954254213 and parameters: {'k1': 0.05696670706627105, 'D_low': 3.7362641201714997, 'k2': 1.916589441304929e-05, 'D_high': 367189.73657736403, 'fire_exp': 1.1550017540290218, 'P_half': 1.335400549779365, 'pre_dampen_half': 12.864559655260123, 'gpp_af': 1.4032213474842294, 'gpp_b': 0.00029915815830927394, 'gpp_d': 68.41172074245927, 'ign_k': 0.1305327095324035, 'ign_c': 8.674772397179034, 'trop_agb_crit': 1.3749728654335596, 'trop_k_veg': 1.9009904767023595, 'fuel_k': 0.40915842974091904, 'fuel_half': 1.1711671033637232}. Best is trial 0 with value: -0.6070628323553574.
[I 2026-07-24 02:17:48,346] Trial 281 finished with value: 0.47527205038024134 and parameters: {'k1': 0.0004209281069606774, 'D_low': 2301.7673492324916, 'k2': 0.0012643379072801255, 'D_high': 373133.72407463106, 'fire_exp': 6.182383738210357, 'P_half': 8.28577471229878, 'pre_dampen_half': 27.311681698786202, 'gpp_af': 3.094271286649366, 'gpp_b': 0.009992258840733207, 'gpp_d': 5.013376124359364, 'ign_k': 0.5129079482331772, 'ign_c': 2.4143352442704993, 'trop_agb_crit': 2.1684066018407497, 'trop_k_veg': 0.9452926555199024, 'fuel_k': 4.028379159024398, 'fuel_half': 0.611612089957005}. Best is trial 0 with value: -0.6070628323553574.
[I 2026-07-24 02:17:48,753] Trial 282 finished with value: 0.576426553358069 and parameters: {'k1': 0.021012187949581627, 'D_low': 116.77334965733388, 'k2': 0.0007700761011296766, 'D_high': 1935737.8102338843, 'fire_exp': 1.7401416776327794, 'P_half': 48.989336495641254, 'pre_dampen_half': 507.5510382601605, 'gpp_af': 10.82572213437802, 'gpp_b': 0.2912763139127076, 'gpp_d': 1.3602261683972692, 'ign_k': 0.19141837943242407, 'ign_c': 5.026757405713985, 'trop_agb_crit': 20.822276920270507, 'trop_k_veg': 3.0030369576090403, 'fuel_k': 1.8809737605201828, 'fuel_half': 15.642452141521415}. Best is trial 0 with value: -0.6070628323553574.
[I 2026-07-24 02:17:49,160] Trial 283 finished with value: 0.6350917377684316 and parameters: {'k1': 0.001502648000941978, 'D_low': 720.1388155267649, 'k2': 0.0012122823662232699, 'D_high': 130746.37919013297, 'fire_exp': 1.6701477893967953, 'P_half': 602.4960556212275, 'pre_dampen_half': 793.7574543021095, 'gpp_af': 96.74959329092047, 'gpp_b': 3.684584048404553, 'gpp_d': 0.7432133146599995, 'ign_k': 0.2386151563871189, 'ign_c': 0.26841769340802707, 'trop_agb_crit': 20.321928288342143, 'trop_k_veg': 7.254143494190762, 'fuel_k': 0.970433980537106, 'fuel_half': 27.773767055705367}. Best is trial 0 with value: -0.6070628323553574.
[I 2026-07-24 02:17:49,564] Trial 284 finished with value: 0.5742030218781313 and parameters: {'k1': 0.005641365792835576, 'D_low': 361.39136518300506, 'k2': 6.97454712310327e-05, 'D_high': 514088.01342812914, 'fire_exp': 1.830509428746691, 'P_half': 4.583107426237401, 'pre_dampen_half': 0.6315261893451227, 'gpp_af': 0.09748677963069266, 'gpp_b': 0.048405988489638285, 'gpp_d': 0.42439416947705794, 'ign_k': 0.034785010023726186, 'ign_c': 44.24558117157324, 'trop_agb_crit': 3.0013874744753397, 'trop_k_veg': 1.4378867376339723, 'fuel_k': 3.5841820479286857, 'fuel_half': 0.2698334728807692}. Best is trial 0 with value: -0.6070628323553574.
[I 2026-07-24 02:17:49,971] Trial 285 finished with value: 0.6445374145881376 and parameters: {'k1': 0.03419955462072099, 'D_low': 3.750759025310203, 'k2': 6.65738271434315e-05, 'D_high': 4104474.9117452293, 'fire_exp': 1.1627938660931574, 'P_half': 2.0444295698940826, 'pre_dampen_half': 1.1460383729369379, 'gpp_af': 0.006508429389632283, 'gpp_b': 1.4923982808612768, 'gpp_d': 429.55876824154234, 'ign_k': 0.19061192867027388, 'ign_c': 117.9531630154653, 'trop_agb_crit': 2.1436380814968334, 'trop_k_veg': 1.297309107230179, 'fuel_k': 0.7594874989901627, 'fuel_half': 0.29381762800767847}. Best is trial 0 with value: -0.6070628323553574.
[I 2026-07-24 02:17:50,376] Trial 286 finished with value: 0.6237152768480188 and parameters: {'k1': 0.05084706628682155, 'D_low': 4.864007325641327, 'k2': 4.2602033731345296e-05, 'D_high': 6838925.434538378, 'fire_exp': 1.6347519783052102, 'P_half': 4.633928242970843, 'pre_dampen_half': 192.45870987126716, 'gpp_af': 0.05895463081852483, 'gpp_b': 0.2091993257195377, 'gpp_d': 2.6957879106264713, 'ign_k': 0.0018774864170313643, 'ign_c': 34.354641072235445, 'trop_agb_crit': 1.0630866291599024, 'trop_k_veg': 1.5108318016650681, 'fuel_k': 0.7406069504507468, 'fuel_half': 0.5403768384419427}. Best is trial 0 with value: -0.6070628323553574.
[I 2026-07-24 02:17:50,783] Trial 287 finished with value: 0.5257208756883294 and parameters: {'k1': 0.02433315143188194, 'D_low': 4666.833221102402, 'k2': 1.8608265999957577e-05, 'D_high': 326035.68009735335, 'fire_exp': 1.5895951946270992, 'P_half': 85.44398897867103, 'pre_dampen_half': 2.026260594489764, 'gpp_af': 0.24366881319962583, 'gpp_b': 0.019709477452607323, 'gpp_d': 19.81134615484179, 'ign_k': 0.006589500575154498, 'ign_c': 24.27277157391192, 'trop_agb_crit': 2.5496646355084054, 'trop_k_veg': 1.8569267664650597, 'fuel_k': 1.2403222142375823, 'fuel_half': 0.12808563288195532}. Best is trial 0 with value: -0.6070628323553574.
[I 2026-07-24 02:17:51,189] Trial 288 finished with value: 0.5075126814223279 and parameters: {'k1': 0.00947078290993719, 'D_low': 5765.529057755205, 'k2': 9.781897951295532e-05, 'D_high': 23832.15601274492, 'fire_exp': 1.0908122281786, 'P_half': 8.200279037838355, 'pre_dampen_half': 0.603293403538226, 'gpp_af': 0.7645768432175465, 'gpp_b': 0.00045965923020969496, 'gpp_d': 112.61751804023262, 'ign_k': 4.563355852915615, 'ign_c': 10.591390502031198, 'trop_agb_crit': 1.0062921337220798, 'trop_k_veg': 2.417288698619163, 'fuel_k': 2.9868977863746835, 'fuel_half': 0.9607232040368298}. Best is trial 0 with value: -0.6070628323553574.
[I 2026-07-24 02:17:51,597] Trial 289 finished with value: 0.39249168201271034 and parameters: {'k1': 0.0046643403683962635, 'D_low': 87.98057991521682, 'k2': 4.5573489382383344e-05, 'D_high': 8073097.357722908, 'fire_exp': 1.30493680381025, 'P_half': 2.1144686438962927, 'pre_dampen_half': 1.89795078807749, 'gpp_af': 2.556772069548663, 'gpp_b': 0.02543483972800637, 'gpp_d': 106.95521145837822, 'ign_k': 0.30106371655959463, 'ign_c': 9.810643501952162, 'trop_agb_crit': 7.647645293183484, 'trop_k_veg': 2.583761123972585, 'fuel_k': 0.19250475776730824, 'fuel_half': 0.7658997608623083}. Best is trial 0 with value: -0.6070628323553574.
[I 2026-07-24 02:17:52,007] Trial 290 finished with value: 0.5659978214149605 and parameters: {'k1': 0.03225138758841021, 'D_low': 58.23873510313364, 'k2': 4.815413407688573e-05, 'D_high': 5392931.952100742, 'fire_exp': 1.193203339606257, 'P_half': 1.8091102270623065, 'pre_dampen_half': 19.30053674244958, 'gpp_af': 0.01447763945309592, 'gpp_b': 0.003434335476003496, 'gpp_d': 443.99706318066404, 'ign_k': 0.9800828766045229, 'ign_c': 28.404274832893737, 'trop_agb_crit': 5.875614972132869, 'trop_k_veg': 0.7858498562330825, 'fuel_k': 0.09859086189647147, 'fuel_half': 1.9551428915250044}. Best is trial 0 with value: -0.6070628323553574.
[I 2026-07-24 02:17:52,411] Trial 291 finished with value: 0.5905912756802507 and parameters: {'k1': 0.010626677859152738, 'D_low': 6097.888819588207, 'k2': 1.0068126030807565e-05, 'D_high': 9441796.206127482, 'fire_exp': 1.0445447219230497, 'P_half': 29.197006188476156, 'pre_dampen_half': 1.65464914323494, 'gpp_af': 0.9022175957377697, 'gpp_b': 0.002230411668045393, 'gpp_d': 2.588217571677698, 'ign_k': 0.03519516464978216, 'ign_c': 265.31709455628817, 'trop_agb_crit': 2.6242417307097723, 'trop_k_veg': 1.7421054871804171, 'fuel_k': 2.3733690516638104, 'fuel_half': 0.13644098140671676}. Best is trial 0 with value: -0.6070628323553574.
[I 2026-07-24 02:17:52,820] Trial 292 finished with value: 0.6445374145881376 and parameters: {'k1': 7.904351618828334e-05, 'D_low': 1.8779040573050203, 'k2': 0.000566140672951926, 'D_high': 6823050.880356678, 'fire_exp': 5.683540587785809, 'P_half': 17.51449435158047, 'pre_dampen_half': 58.40152143627185, 'gpp_af': 0.002413864666926611, 'gpp_b': 0.0005833276956957119, 'gpp_d': 7.999469056093824, 'ign_k': 0.4240817375216633, 'ign_c': 97.21391540159307, 'trop_agb_crit': 16.721867590553625, 'trop_k_veg': 0.6164247882968915, 'fuel_k': 0.8794015089314298, 'fuel_half': 0.12123282253165604}. Best is trial 0 with value: -0.6070628323553574.
[I 2026-07-24 02:17:53,229] Trial 293 finished with value: 0.5841377195226294 and parameters: {'k1': 3.0101907237021746e-05, 'D_low': 979.0512366110161, 'k2': 0.0012357038542645828, 'D_high': 2734747.7805717406, 'fire_exp': 5.402384050360835, 'P_half': 73.1214225604113, 'pre_dampen_half': 95.27589373836207, 'gpp_af': 10.053711710691653, 'gpp_b': 0.008476516039378853, 'gpp_d': 374.3641454324167, 'ign_k': 0.02115641320652696, 'ign_c': 1.5221871019308422, 'trop_agb_crit': 5.488703585849061, 'trop_k_veg': 0.5594735770289581, 'fuel_k': 4.40276152955188, 'fuel_half': 0.21467253125339725}. Best is trial 0 with value: -0.6070628323553574.
[I 2026-07-24 02:17:53,634] Trial 294 finished with value: 0.5788598827183429 and parameters: {'k1': 0.07274348717944593, 'D_low': 32.504058871718215, 'k2': 3.073570948415025e-05, 'D_high': 4722955.35509092, 'fire_exp': 1.5238777302342537, 'P_half': 2.68514510853887, 'pre_dampen_half': 13.637324003924984, 'gpp_af': 0.12324696584806129, 'gpp_b': 0.19702911639639456, 'gpp_d': 691.414546723515, 'ign_k': 0.13505625936317844, 'ign_c': 14.963782539450454, 'trop_agb_crit': 2.829109144103084, 'trop_k_veg': 0.7380191323432558, 'fuel_k': 0.02955852349803421, 'fuel_half': 0.1792090993801441}. Best is trial 0 with value: -0.6070628323553574.
[I 2026-07-24 02:17:54,041] Trial 295 finished with value: 0.44628227959016986 and parameters: {'k1': 0.06508137704748168, 'D_low': 77.8930602306477, 'k2': 0.00145488319400492, 'D_high': 119039.31648085758, 'fire_exp': 1.62897178981738, 'P_half': 6.441355678671687, 'pre_dampen_half': 3.3925803684822395, 'gpp_af': 1.6044534486476707, 'gpp_b': 2.1864216658606846e-05, 'gpp_d': 735.8755935632361, 'ign_k': 3.529839316048485, 'ign_c': 0.19238324600610673, 'trop_agb_crit': 3.033207494789023, 'trop_k_veg': 1.5785265790052077, 'fuel_k': 0.36050472544347034, 'fuel_half': 0.39020774067959246}. Best is trial 0 with value: -0.6070628323553574.
[I 2026-07-24 02:17:54,451] Trial 296 finished with value: 0.4027707860053089 and parameters: {'k1': 0.0018777044572518909, 'D_low': 1.6842037320436558, 'k2': 8.216712171963734e-05, 'D_high': 1260743.944216973, 'fire_exp': 1.347690616026353, 'P_half': 7.9732483782679395, 'pre_dampen_half': 1.9621382703297068, 'gpp_af': 0.9213075879329505, 'gpp_b': 2.0779568050576672e-05, 'gpp_d': 468.42400929049444, 'ign_k': 0.05809872310763175, 'ign_c': 26.61442041414695, 'trop_agb_crit': 1.8994315077023827, 'trop_k_veg': 4.3555501906648715, 'fuel_k': 3.3571944058161316, 'fuel_half': 0.112846352714042}. Best is trial 0 with value: -0.6070628323553574.
[I 2026-07-24 02:17:54,858] Trial 297 finished with value: 0.5707596996971974 and parameters: {'k1': 0.08748350283078515, 'D_low': 909.4609233786819, 'k2': 0.0024342165226309558, 'D_high': 3803.238751568763, 'fire_exp': 1.3315027261663614, 'P_half': 138.16026113764102, 'pre_dampen_half': 623.0791026191558, 'gpp_af': 2.06595667031473, 'gpp_b': 0.0008185886732738122, 'gpp_d': 367.4644519594064, 'ign_k': 0.0013292724705914983, 'ign_c': 55.41470004288711, 'trop_agb_crit': 1.3336260709586778, 'trop_k_veg': 7.959709389699211, 'fuel_k': 1.1763987855442881, 'fuel_half': 0.16237713520180558}. Best is trial 0 with value: -0.6070628323553574.
[I 2026-07-24 02:17:55,264] Trial 298 finished with value: 0.6004170434368786 and parameters: {'k1': 0.044266334295432065, 'D_low': 220.29279648915627, 'k2': 1.8426664139994067e-05, 'D_high': 226881.039582049, 'fire_exp': 1.94091113453552, 'P_half': 50.89190632339913, 'pre_dampen_half': 30.599352294288245, 'gpp_af': 0.0015112338968033805, 'gpp_b': 0.009673856606131195, 'gpp_d': 458.144046608115, 'ign_k': 0.3955953134780179, 'ign_c': 10.043995191908028, 'trop_agb_crit': 4.742941505641469, 'trop_k_veg': 3.728900124681872, 'fuel_k': 5.612095030067007, 'fuel_half': 2.3082096126110874}. Best is trial 0 with value: -0.6070628323553574.
[I 2026-07-24 02:17:55,671] Trial 299 finished with value: 0.6445374145881376 and parameters: {'k1': 0.024156445702088785, 'D_low': 6.503039252456441, 'k2': 2.2479165037794004e-05, 'D_high': 569150.8368005094, 'fire_exp': 1.2023735332877181, 'P_half': 2.1793628217507393, 'pre_dampen_half': 3.3685757382077424, 'gpp_af': 0.02325456999349467, 'gpp_b': 0.0008515032322878771, 'gpp_d': 13.785047414719863, 'ign_k': 1.691343279425523, 'ign_c': 357.41999306370633, 'trop_agb_crit': 7.237787137433646, 'trop_k_veg': 4.46995678421068, 'fuel_k': 0.1606698309730048, 'fuel_half': 0.5091056873304554}. Best is trial 0 with value: -0.6070628323553574.
[I 2026-07-24 02:17:56,097] Trial 300 finished with value: 0.5868945545377968 and parameters: {'k1': 0.01342668145860456, 'D_low': 23.367151518472436, 'k2': 2.3573259034365392e-05, 'D_high': 12370.880407472325, 'fire_exp': 1.6499176501990327, 'P_half': 21.540696220323735, 'pre_dampen_half': 0.08214005580801584, 'gpp_af': 0.015432244517454868, 'gpp_b': 0.0008546949748476685, 'gpp_d': 579.4333784359172, 'ign_k': 0.005952266234254965, 'ign_c': 2.5925403137287186, 'trop_agb_crit': 1.2142229971368244, 'trop_k_veg': 3.4845802851756824, 'fuel_k': 0.9639291277361798, 'fuel_half': 0.38912188971800166}. Best is trial 0 with value: -0.6070628323553574.
[I 2026-07-24 02:17:56,499] Trial 301 finished with value: 0.5680547473418335 and parameters: {'k1': 0.07736204874889716, 'D_low': 9.523024668144656, 'k2': 7.938178914033564e-05, 'D_high': 442187.7211404796, 'fire_exp': 1.2124205868677107, 'P_half': 2.5187664395071754, 'pre_dampen_half': 1.2478494946701075, 'gpp_af': 0.06254332655220912, 'gpp_b': 0.06365163863806676, 'gpp_d': 67.68771250025418, 'ign_k': 0.011200694927384295, 'ign_c': 33.84118721019943, 'trop_agb_crit': 5.581690865486417, 'trop_k_veg': 1.770275969218314, 'fuel_k': 0.10763527217457819, 'fuel_half': 0.3603298507068391}. Best is trial 0 with value: -0.6070628323553574.
[I 2026-07-24 02:17:56,908] Trial 302 finished with value: 0.42816545322757327 and parameters: {'k1': 0.032610063192918384, 'D_low': 1.1254077653420007, 'k2': 1.3235030306839379e-05, 'D_high': 5562706.204419302, 'fire_exp': 1.980112777233467, 'P_half': 1.2310873153490738, 'pre_dampen_half': 5.690251727126198, 'gpp_af': 0.1380738295893652, 'gpp_b': 0.0004853880609094139, 'gpp_d': 51.604336971999146, 'ign_k': 1.2604858598104138, 'ign_c': 1.952481067141057, 'trop_agb_crit': 4.640943623201962, 'trop_k_veg': 1.3212558375925438, 'fuel_k': 0.028936293265440276, 'fuel_half': 0.16068278972868633}. Best is trial 0 with value: -0.6070628323553574.
[I 2026-07-24 02:17:57,312] Trial 303 finished with value: 0.5422663389539839 and parameters: {'k1': 0.02322557447765531, 'D_low': 502.8160392112941, 'k2': 3.412467004158352e-05, 'D_high': 28344.80569938838, 'fire_exp': 1.0329723632751078, 'P_half': 10.708712504745073, 'pre_dampen_half': 288.0060823447819, 'gpp_af': 2.6329121968379647, 'gpp_b': 0.012350857383632605, 'gpp_d': 144.20053627767993, 'ign_k': 0.0014926109452852582, 'ign_c': 1.033704564318122, 'trop_agb_crit': 1.9614346746085185, 'trop_k_veg': 2.428693683330416, 'fuel_k': 5.047428424674402, 'fuel_half': 0.428408945901269}. Best is trial 0 with value: -0.6070628323553574.
[I 2026-07-24 02:17:57,717] Trial 304 finished with value: 0.48411835329154485 and parameters: {'k1': 0.0011506183631157503, 'D_low': 111.37813838707862, 'k2': 0.001710737002075591, 'D_high': 6935283.2621071525, 'fire_exp': 6.3682918949642735, 'P_half': 16.269032456440897, 'pre_dampen_half': 169.7670170649952, 'gpp_af': 4.428366963251551, 'gpp_b': 0.0018196294356213414, 'gpp_d': 17.69949053962364, 'ign_k': 6.569525003677395, 'ign_c': 0.3304874387561903, 'trop_agb_crit': 5.7037457318461, 'trop_k_veg': 0.6397939971413202, 'fuel_k': 0.5167867043801819, 'fuel_half': 0.16708132829767258}. Best is trial 0 with value: -0.6070628323553574.
