[I 2026-08-20 00:33:53,760] Trial 736 finished with value: 0.5136373143881741 and parameters: {'k1': 0.0022705056595658697, 'D_low': 492.25223518303983, 'k2': 0.005198617452593325, 'D_high': 5756972.577633382, 'fire_exp': 2.7769601346239625, 'P_half': 2.473174687348808, 'pre_dampen_half': 0.42175201124664896, 'gpp_af': 0.0030357789182507504, 'gpp_b': 0.0003083069552355637, 'gpp_d': 9.603132226425942, 'ign_k': 5.53387712198629, 'ign_c': 0.13357428651401537, 'trop_agb_crit': 9.217796934287211, 'trop_k_veg': 1.628956134965257, 'pop_amp': 0.01820929111917928, 'pop_peak': 0.20222725585110016, 'pop_sig': 0.6974020097170736}. Best is trial 274 with value: -0.604910391627968.
[I 2026-08-20 00:33:55,544] Trial 737 finished with value: -0.5054853848565772 and parameters: {'k1': 0.0348123187539907, 'D_low': 57.96772548715945, 'k2': 0.06560288716092137, 'D_high': 5299436.525242978, 'fire_exp': 1.674571266250748, 'P_half': 1.0496451600669867, 'pre_dampen_half': 40.67461291145195, 'gpp_af': 0.03767188637958718, 'gpp_b': 0.00019854508613723954, 'gpp_d': 47.30084802306835, 'ign_k': 0.009744431024674566, 'ign_c': 69.36042113015833, 'trop_agb_crit': 18.854472819568734, 'trop_k_veg': 2.17715320294408, 'pop_amp': 0.2535202045696855, 'pop_peak': 0.21106731217015953, 'pop_sig': 0.6986840209253106}. Best is trial 274 with value: -0.604910391627968.
[I 2026-08-20 00:33:57,513] Trial 738 finished with value: 0.4280242869446018 and parameters: {'k1': 0.008398105023339686, 'D_low': 22.844790791415974, 'k2': 0.0008404254687253294, 'D_high': 1805547.5034533495, 'fire_exp': 1.000769514013401, 'P_half': 1.1779666598915381, 'pre_dampen_half': 1.8019293109302505, 'gpp_af': 0.057268413453072195, 'gpp_b': 5.600383252648511e-05, 'gpp_d': 310.6467080659111, 'ign_k': 0.2843187591785583, 'ign_c': 0.1698743326165119, 'trop_agb_crit': 6.245134749106888, 'trop_k_veg': 1.8387250430724695, 'pop_amp': 0.015287484700378643, 'pop_peak': 0.3324904203376939, 'pop_sig': 0.6085528782337583}. Best is trial 274 with value: -0.604910391627968.
[I 2026-08-20 00:33:59,257] Trial 739 finished with value: 0.5347999637215699 and parameters: {'k1': 0.008113166506718011, 'D_low': 34535.25487434281, 'k2': 0.00121980599294083, 'D_high': 490969.7431954079, 'fire_exp': 1.3889416298292414, 'P_half': 1.668271500676179, 'pre_dampen_half': 1.92807000016752, 'gpp_af': 0.004463041443097361, 'gpp_b': 0.00014333263711421368, 'gpp_d': 8.357971172006312, 'ign_k': 0.6531182494420859, 'ign_c': 2.208373466510439, 'trop_agb_crit': 1.7492879406483235, 'trop_k_veg': 3.329022845489046, 'pop_amp': 0.2333276114930507, 'pop_peak': 0.09800139124691279, 'pop_sig': 0.773323113057771}. Best is trial 274 with value: -0.604910391627968.
[I 2026-08-20 00:34:01,306] Trial 740 finished with value: 0.47232304521684154 and parameters: {'k1': 0.014978110404086425, 'D_low': 91.3079027402474, 'k2': 0.0009271587334709991, 'D_high': 53281.32416339773, 'fire_exp': 3.835999170294386, 'P_half': 1.3020795888088623, 'pre_dampen_half': 121.50477681666506, 'gpp_af': 0.002460493252845678, 'gpp_b': 0.00043825908556872033, 'gpp_d': 107.87728464957509, 'ign_k': 1.4744658336946848, 'ign_c': 0.5292975665691801, 'trop_agb_crit': 7.9334150897093805, 'trop_k_veg': 1.4376713223860211, 'pop_amp': 0.021936164317145544, 'pop_peak': 0.09706863103618132, 'pop_sig': 1.1124071296823164}. Best is trial 274 with value: -0.604910391627968.
[I 2026-08-20 00:34:03,092] Trial 741 finished with value: 0.42975964010652545 and parameters: {'k1': 2.7591913093606578e-05, 'D_low': 36.59633269038634, 'k2': 0.010057708922286001, 'D_high': 4978883.090416448, 'fire_exp': 1.7358934586684895, 'P_half': 14.641875454008407, 'pre_dampen_half': 0.27865925879692066, 'gpp_af': 0.009286299990666227, 'gpp_b': 4.961490469738225e-05, 'gpp_d': 58.43849058214503, 'ign_k': 0.02480282249756358, 'ign_c': 0.10115381110850466, 'trop_agb_crit': 7.8314050451741375, 'trop_k_veg': 1.0390589126425334, 'pop_amp': 12.250629030230641, 'pop_peak': 8.608554332853288, 'pop_sig': 1.1853131040670868}. Best is trial 274 with value: -0.604910391627968.
[I 2026-08-20 00:34:04,977] Trial 742 finished with value: 0.6107385482580243 and parameters: {'k1': 0.0702208475867626, 'D_low': 36128.769413644106, 'k2': 0.0122429428767224, 'D_high': 568693.3946187983, 'fire_exp': 2.781439085037196, 'P_half': 5540.156482958121, 'pre_dampen_half': 308.85603960127435, 'gpp_af': 0.01967083666547043, 'gpp_b': 3.138295047256972e-05, 'gpp_d': 10.638104285815544, 'ign_k': 4.0288172613783635, 'ign_c': 0.7020229160753532, 'trop_agb_crit': 21.22908359344694, 'trop_k_veg': 7.6546316973684485, 'pop_amp': 2.075803345598563, 'pop_peak': 4.530182014921167, 'pop_sig': 0.621741286902477}. Best is trial 274 with value: -0.604910391627968.
[I 2026-08-20 00:34:06,975] Trial 743 finished with value: 0.5919830006894652 and parameters: {'k1': 0.00033027313357004214, 'D_low': 1838.438216482157, 'k2': 0.09840414951236254, 'D_high': 1088358.2942886392, 'fire_exp': 2.00648460643032, 'P_half': 2.31550980702386, 'pre_dampen_half': 15.242621381518866, 'gpp_af': 0.0030432420377672267, 'gpp_b': 0.015783143260436637, 'gpp_d': 0.09503801646500512, 'ign_k': 0.10420063767975099, 'ign_c': 0.4642577613669646, 'trop_agb_crit': 1.4497048313682053, 'trop_k_veg': 5.620015164883068, 'pop_amp': 1.0405595110894175, 'pop_peak': 49.756720945790356, 'pop_sig': 1.4853416850021708}. Best is trial 274 with value: -0.604910391627968.
[I 2026-08-20 00:34:08,893] Trial 744 finished with value: 0.5376352580631176 and parameters: {'k1': 0.001141842415062621, 'D_low': 47019.03294681671, 'k2': 0.05102875437153955, 'D_high': 904480.807804354, 'fire_exp': 2.857701972378048, 'P_half': 4.458366200963305, 'pre_dampen_half': 11.645906899307134, 'gpp_af': 0.0012770736101575743, 'gpp_b': 1.4923353776515515e-05, 'gpp_d': 1.183344027240818, 'ign_k': 0.9144236785069267, 'ign_c': 11.009454032241848, 'trop_agb_crit': 2.922049205628082, 'trop_k_veg': 4.259584373037885, 'pop_amp': 0.010544840975981195, 'pop_peak': 5.6470090889273035, 'pop_sig': 1.112964699509424}. Best is trial 274 with value: -0.604910391627968.
[I 2026-08-20 00:34:10,771] Trial 745 finished with value: 0.6048725088216386 and parameters: {'k1': 0.001798129223011691, 'D_low': 9748.960964094018, 'k2': 0.08445487630238421, 'D_high': 1319627.5832716532, 'fire_exp': 1.1806926425339337, 'P_half': 4.826311622386154, 'pre_dampen_half': 185.47408388251765, 'gpp_af': 0.005351369779965749, 'gpp_b': 0.010707552170903002, 'gpp_d': 15.981348267112416, 'ign_k': 0.013378212589311237, 'ign_c': 16.74246522326181, 'trop_agb_crit': 12.013080984408237, 'trop_k_veg': 4.586920510236756, 'pop_amp': 0.0647006216664356, 'pop_peak': 0.09679467256847807, 'pop_sig': 0.49020148384787915}. Best is trial 274 with value: -0.604910391627968.
[I 2026-08-20 00:34:12,654] Trial 746 finished with value: -0.5570538173309898 and parameters: {'k1': 0.010220572744516947, 'D_low': 19575.586396832892, 'k2': 0.004370634284936796, 'D_high': 2518178.800704146, 'fire_exp': 1.1680229449414528, 'P_half': 211.57848926966068, 'pre_dampen_half': 168.98596292737207, 'gpp_af': 0.03709341722160903, 'gpp_b': 0.0006395704822009814, 'gpp_d': 21.039511482879547, 'ign_k': 0.9361177510438209, 'ign_c': 1.4438746494006138, 'trop_agb_crit': 8.708332113084106, 'trop_k_veg': 2.7382499470074357, 'pop_amp': 0.001461219372989923, 'pop_peak': 51.77367075891263, 'pop_sig': 0.6283012837092117}. Best is trial 274 with value: -0.604910391627968.
[I 2026-08-20 00:34:14,483] Trial 747 finished with value: 0.5866482971947835 and parameters: {'k1': 1.2074974183462238e-05, 'D_low': 1830.2617730342763, 'k2': 0.0423197140980766, 'D_high': 5130237.432976053, 'fire_exp': 1.8122879012930053, 'P_half': 1.5423244606722553, 'pre_dampen_half': 2.0054410894251413, 'gpp_af': 0.0018430792722211877, 'gpp_b': 0.0034963702786151097, 'gpp_d': 0.3929347305902396, 'ign_k': 0.5073875365156356, 'ign_c': 5.26469402047054, 'trop_agb_crit': 1.8108185073610485, 'trop_k_veg': 2.903055852118375, 'pop_amp': 0.04476009714445878, 'pop_peak': 0.28312271961647617, 'pop_sig': 0.7335738712101108}. Best is trial 274 with value: -0.604910391627968.
[I 2026-08-20 00:34:16,388] Trial 748 finished with value: 0.4224357339944327 and parameters: {'k1': 0.016538108282251433, 'D_low': 7.559671437926835, 'k2': 0.002769488413211534, 'D_high': 5549563.85492293, 'fire_exp': 1.1303433605131197, 'P_half': 11.851726607413992, 'pre_dampen_half': 0.7106420145303647, 'gpp_af': 0.12805126543516962, 'gpp_b': 8.10835842346856e-05, 'gpp_d': 2.1967325647297415, 'ign_k': 0.6840752385490065, 'ign_c': 0.8058292625735474, 'trop_agb_crit': 1.7486048511437036, 'trop_k_veg': 2.0429807850374444, 'pop_amp': 0.31758679199746476, 'pop_peak': 0.2585124197862419, 'pop_sig': 0.9449433210320758}. Best is trial 274 with value: -0.604910391627968.
[I 2026-08-20 00:34:18,211] Trial 749 finished with value: 0.6445374145881376 and parameters: {'k1': 0.002628558912333859, 'D_low': 275.05772445213523, 'k2': 0.002123223538054133, 'D_high': 1047970.2638802958, 'fire_exp': 1.0964482766395807, 'P_half': 1.3479519072231785, 'pre_dampen_half': 0.27096986170480786, 'gpp_af': 0.01848311342843381, 'gpp_b': 0.0046223791785229, 'gpp_d': 9.545585502874768, 'ign_k': 9.630756766825918, 'ign_c': 68.54406167396513, 'trop_agb_crit': 1.752281343066182, 'trop_k_veg': 2.825193337140452, 'pop_amp': 0.06575507803544386, 'pop_peak': 15.696594024189283, 'pop_sig': 0.7144777818746183}. Best is trial 274 with value: -0.604910391627968.
[I 2026-08-20 00:34:20,097] Trial 750 finished with value: 0.5505203638423289 and parameters: {'k1': 9.920233790776956e-05, 'D_low': 707.1853515591927, 'k2': 0.03313866159069448, 'D_high': 580191.4231855967, 'fire_exp': 2.5332854512459453, 'P_half': 24.223161948748533, 'pre_dampen_half': 0.3760898006356059, 'gpp_af': 0.010510072002472517, 'gpp_b': 0.00020859044656776612, 'gpp_d': 0.060231790987367195, 'ign_k': 0.10241961858088887, 'ign_c': 5.264311617845546, 'trop_agb_crit': 14.42563456275263, 'trop_k_veg': 1.3294200210820828, 'pop_amp': 0.010444327512386546, 'pop_peak': 8.725898146380265, 'pop_sig': 2.4636103336901414}. Best is trial 274 with value: -0.604910391627968.
[I 2026-08-20 00:34:22,115] Trial 751 finished with value: 0.5202781784013535 and parameters: {'k1': 0.005245895375337892, 'D_low': 17.805615396596433, 'k2': 0.0014623017321767832, 'D_high': 20568.950634099536, 'fire_exp': 2.002520788339131, 'P_half': 3.2006974421971544, 'pre_dampen_half': 1.315053013412318, 'gpp_af': 0.0032681058073007877, 'gpp_b': 0.0003429268321031361, 'gpp_d': 15.889992493292796, 'ign_k': 2.3653161281737756, 'ign_c': 0.14967818901526414, 'trop_agb_crit': 17.87385368556125, 'trop_k_veg': 0.8897784013593873, 'pop_amp': 0.05782455470808803, 'pop_peak': 0.2380256834956651, 'pop_sig': 1.1997728749263377}. Best is trial 274 with value: -0.604910391627968.
[I 2026-08-20 00:34:23,946] Trial 752 finished with value: 0.4048112430103027 and parameters: {'k1': 0.0003894507649193044, 'D_low': 13.999030368202822, 'k2': 0.06453382131027621, 'D_high': 5494091.255811229, 'fire_exp': 1.0688884509451357, 'P_half': 9.92408756210465, 'pre_dampen_half': 1.3520816784445215, 'gpp_af': 0.007521765105281218, 'gpp_b': 0.0001278750344022741, 'gpp_d': 65.4043569187432, 'ign_k': 0.07359336829169907, 'ign_c': 1.1060345771605264, 'trop_agb_crit': 15.851437396134624, 'trop_k_veg': 1.1959054420917994, 'pop_amp': 0.21916548580291798, 'pop_peak': 13.265434639415206, 'pop_sig': 1.0011170114613197}. Best is trial 274 with value: -0.604910391627968.
[I 2026-08-20 00:34:25,769] Trial 753 finished with value: 0.5560910536314132 and parameters: {'k1': 0.0001519837897043266, 'D_low': 66.68393928043841, 'k2': 0.015932422907937928, 'D_high': 504635.3456667995, 'fire_exp': 1.7774631313065454, 'P_half': 207.44920136412128, 'pre_dampen_half': 100.58749068268835, 'gpp_af': 0.013607836883276192, 'gpp_b': 0.015411385371193704, 'gpp_d': 137.50893756415888, 'ign_k': 0.40725959137404455, 'ign_c': 14.637539340469537, 'trop_agb_crit': 8.114429028043945, 'trop_k_veg': 1.3586679330640854, 'pop_amp': 0.0014374719222245637, 'pop_peak': 136.14147285145143, 'pop_sig': 0.5212669206188852}. Best is trial 274 with value: -0.604910391627968.
[I 2026-08-20 00:34:27,611] Trial 754 finished with value: 0.4544207382265356 and parameters: {'k1': 0.0026365390357213094, 'D_low': 5659.347236247636, 'k2': 0.006201689260983784, 'D_high': 3191270.863278579, 'fire_exp': 2.4979116696235804, 'P_half': 128.0339222299002, 'pre_dampen_half': 17.349699227717455, 'gpp_af': 0.0014207587537809075, 'gpp_b': 0.00010400279035175983, 'gpp_d': 11.178172101602835, 'ign_k': 6.856520587982532, 'ign_c': 3.2636859705941896, 'trop_agb_crit': 7.258126184870799, 'trop_k_veg': 4.130139648966664, 'pop_amp': 0.04678994206108573, 'pop_peak': 105.38042652418656, 'pop_sig': 0.7033070068176637}. Best is trial 274 with value: -0.604910391627968.
[I 2026-08-20 00:34:29,420] Trial 755 finished with value: -0.5542833422653773 and parameters: {'k1': 0.0010305045803516114, 'D_low': 22049.752861771613, 'k2': 0.0013398645647946913, 'D_high': 5760161.819258947, 'fire_exp': 2.307673618414389, 'P_half': 193.76738100740167, 'pre_dampen_half': 130.68552472935158, 'gpp_af': 0.6952369362318258, 'gpp_b': 2.0482673568642534e-05, 'gpp_d': 85.0774727552808, 'ign_k': 2.211462391492963, 'ign_c': 8.669230330697314, 'trop_agb_crit': 28.7686423311745, 'trop_k_veg': 1.651911307570718, 'pop_amp': 0.0010274420801403786, 'pop_peak': 0.7563011331875158, 'pop_sig': 0.4017221416409995}. Best is trial 274 with value: -0.604910391627968.
[I 2026-08-20 00:34:31,308] Trial 756 finished with value: 0.6445374145881376 and parameters: {'k1': 5.6841052810693407e-05, 'D_low': 1338.5671515591828, 'k2': 0.004376116862714136, 'D_high': 2305093.6994933602, 'fire_exp': 1.246153793659914, 'P_half': 85.36388072382621, 'pre_dampen_half': 16.03621184993611, 'gpp_af': 0.053718375869333604, 'gpp_b': 0.019166173726274004, 'gpp_d': 0.3845853759088496, 'ign_k': 1.2850535173470181, 'ign_c': 78.01467563011047, 'trop_agb_crit': 29.834930027067806, 'trop_k_veg': 2.674692426938986, 'pop_amp': 0.0015688396759482158, 'pop_peak': 87.10918609961529, 'pop_sig': 0.7013038006665404}. Best is trial 274 with value: -0.604910391627968.
[I 2026-08-20 00:34:33,134] Trial 757 finished with value: 0.6445374145881376 and parameters: {'k1': 0.022327634840814133, 'D_low': 173957.78015047472, 'k2': 0.0004005242764293298, 'D_high': 18213.311418881818, 'fire_exp': 1.6177036858395026, 'P_half': 13.740348341043829, 'pre_dampen_half': 2.2866771901799745, 'gpp_af': 0.0018562855602074746, 'gpp_b': 2.4355360521728878e-05, 'gpp_d': 556.4637546214805, 'ign_k': 0.5441066773436976, 'ign_c': 0.21324872437285242, 'trop_agb_crit': 9.23798645083431, 'trop_k_veg': 1.3245825912257212, 'pop_amp': 0.019236363190708622, 'pop_peak': 0.13202512200536493, 'pop_sig': 0.8554047359930621}. Best is trial 274 with value: -0.604910391627968.
[I 2026-08-20 00:34:34,939] Trial 758 finished with value: 0.65702840431107 and parameters: {'k1': 0.00039537028719862055, 'D_low': 3626.398569004486, 'k2': 0.09558377978830573, 'D_high': 1359671.8970842802, 'fire_exp': 2.854369060882748, 'P_half': 128.73221176671345, 'pre_dampen_half': 4.656893856799725, 'gpp_af': 0.02914085723755066, 'gpp_b': 6.179580899836792e-05, 'gpp_d': 0.11637277900421729, 'ign_k': 2.1032609245620284, 'ign_c': 35.37610137711978, 'trop_agb_crit': 1.7552162298303846, 'trop_k_veg': 4.628374877061417, 'pop_amp': 0.5058511696458985, 'pop_peak': 0.4133111206442253, 'pop_sig': 1.0348422355785947}. Best is trial 274 with value: -0.604910391627968.
[I 2026-08-20 00:34:36,704] Trial 759 finished with value: -0.5557418543500477 and parameters: {'k1': 0.0013114968021259554, 'D_low': 3857.445989773535, 'k2': 0.00016828008103255963, 'D_high': 713340.6377999015, 'fire_exp': 1.4510234056973246, 'P_half': 11.35013957050469, 'pre_dampen_half': 0.8015342325481065, 'gpp_af': 1.2590106034877728, 'gpp_b': 0.00013569843268318858, 'gpp_d': 2.4894617245189132, 'ign_k': 4.126798601549486, 'ign_c': 1.528700452355657, 'trop_agb_crit': 14.62569461998839, 'trop_k_veg': 1.0034816475901285, 'pop_amp': 0.035582130953157015, 'pop_peak': 2.937928373964136, 'pop_sig': 1.868511456219006}. Best is trial 274 with value: -0.604910391627968.
[I 2026-08-20 00:34:38,492] Trial 760 finished with value: 0.5550191319865155 and parameters: {'k1': 0.0327562761072622, 'D_low': 5.28185694199501, 'k2': 1.4082424881065811e-05, 'D_high': 1849941.6634095944, 'fire_exp': 1.3351904628785245, 'P_half': 79.49888006415827, 'pre_dampen_half': 0.36735512497451556, 'gpp_af': 27.116529133490253, 'gpp_b': 0.00378777876432865, 'gpp_d': 151.39229091320456, 'ign_k': 0.35971300506501136, 'ign_c': 1.0655448639878513, 'trop_agb_crit': 7.608649085788588, 'trop_k_veg': 0.5186728852992181, 'pop_amp': 9.528736009270085, 'pop_peak': 28.61659629911442, 'pop_sig': 0.5177002750262338}. Best is trial 274 with value: -0.604910391627968.
[I 2026-08-20 00:34:40,360] Trial 761 finished with value: 0.6032980087127786 and parameters: {'k1': 7.21265945854713e-05, 'D_low': 22198.54218053916, 'k2': 0.003655728377410692, 'D_high': 3403.1595563920505, 'fire_exp': 4.679919302678538, 'P_half': 47.02851769199738, 'pre_dampen_half': 1.9918651683774036, 'gpp_af': 0.002388010044022459, 'gpp_b': 0.00010795407600102507, 'gpp_d': 0.06704612323006494, 'ign_k': 0.9243819803364859, 'ign_c': 4.762212439558871, 'trop_agb_crit': 17.883771020936646, 'trop_k_veg': 1.0645141934777678, 'pop_amp': 0.0048565066999312805, 'pop_peak': 0.3227466579523665, 'pop_sig': 1.8247890708129406}. Best is trial 274 with value: -0.604910391627968.
[I 2026-08-20 00:34:42,564] Trial 762 finished with value: 0.4682356520592922 and parameters: {'k1': 0.0002904918883546136, 'D_low': 9591.596235776236, 'k2': 0.005346776193647707, 'D_high': 85837.1007082299, 'fire_exp': 1.6094380645196251, 'P_half': 25.342328656754443, 'pre_dampen_half': 4.017137470662857, 'gpp_af': 0.006730972321717211, 'gpp_b': 2.8826454766952294e-05, 'gpp_d': 3.0961846301832048, 'ign_k': 0.17367141437108186, 'ign_c': 0.48372306713574736, 'trop_agb_crit': 9.264580291556872, 'trop_k_veg': 1.3260501893795456, 'pop_amp': 0.029509943699212827, 'pop_peak': 3.2863854962889825, 'pop_sig': 2.1602990200880514}. Best is trial 274 with value: -0.604910391627968.
[I 2026-08-20 00:34:44,953] Trial 763 finished with value: 0.5256774777044464 and parameters: {'k1': 0.004472860188696459, 'D_low': 40203.362165339066, 'k2': 0.0011474514313771782, 'D_high': 2831836.5229558796, 'fire_exp': 1.2936356712175763, 'P_half': 3.2435637483803434, 'pre_dampen_half': 13.397075589609937, 'gpp_af': 0.0011482496204155942, 'gpp_b': 4.7920400115366615e-05, 'gpp_d': 3.769405244197589, 'ign_k': 0.0811185524152121, 'ign_c': 2.9030627529627364, 'trop_agb_crit': 8.401787102828372, 'trop_k_veg': 7.336342934489258, 'pop_amp': 0.020051853153251732, 'pop_peak': 51.26781634057066, 'pop_sig': 1.551031991833537}. Best is trial 274 with value: -0.604910391627968.
[I 2026-08-20 00:34:47,026] Trial 764 finished with value: 0.42246748357710917 and parameters: {'k1': 9.026727738863585e-05, 'D_low': 220.56954103921805, 'k2': 0.09647247548140868, 'D_high': 468499.35922490736, 'fire_exp': 1.749563402368963, 'P_half': 142.9579721616555, 'pre_dampen_half': 72.77843538602146, 'gpp_af': 0.004354612068709803, 'gpp_b': 0.0003381866885023095, 'gpp_d': 0.1349576917028288, 'ign_k': 1.1092495164774492, 'ign_c': 3.771134635414364, 'trop_agb_crit': 15.310727076450013, 'trop_k_veg': 6.233729005052794, 'pop_amp': 0.0019112097304884838, 'pop_peak': 0.5377714783615067, 'pop_sig': 0.9349448275808442}. Best is trial 274 with value: -0.604910391627968.
[I 2026-08-20 00:34:49,081] Trial 765 finished with value: 0.5595467751440308 and parameters: {'k1': 0.006153660378581509, 'D_low': 11443.248950091242, 'k2': 0.00043512199466990483, 'D_high': 562243.5613795741, 'fire_exp': 4.332658147829758, 'P_half': 433.8076487725024, 'pre_dampen_half': 189.69583198450374, 'gpp_af': 0.029985033260409334, 'gpp_b': 1.0071143759759135e-05, 'gpp_d': 0.3651393181077386, 'ign_k': 4.068195716598597, 'ign_c': 0.7171177929738491, 'trop_agb_crit': 13.447075681375646, 'trop_k_veg': 2.7376153677118675, 'pop_amp': 0.003545508321421138, 'pop_peak': 71.70727759260407, 'pop_sig': 1.176057010723895}. Best is trial 274 with value: -0.604910391627968.
[I 2026-08-20 00:34:50,854] Trial 766 finished with value: 0.7389767302514421 and parameters: {'k1': 0.013086645150734783, 'D_low': 11547.593259711273, 'k2': 0.006589261955110063, 'D_high': 399932.83171690325, 'fire_exp': 1.562003187383582, 'P_half': 59.35711933642401, 'pre_dampen_half': 107.09130561979973, 'gpp_af': 0.28523801727677206, 'gpp_b': 2.2612912800147954e-05, 'gpp_d': 5.47429019142392, 'ign_k': 2.364599836304955, 'ign_c': 1.094376093694842, 'trop_agb_crit': 12.553591173925522, 'trop_k_veg': 5.454500521058603, 'pop_amp': 19.436478471058365, 'pop_peak': 6.322237863068224, 'pop_sig': 1.380629986267824}. Best is trial 274 with value: -0.604910391627968.
[I 2026-08-20 00:34:52,845] Trial 767 finished with value: 0.4761266516903542 and parameters: {'k1': 0.005928350242286056, 'D_low': 8.426427601537384, 'k2': 0.0005413820159921684, 'D_high': 1006458.8932483487, 'fire_exp': 2.6812350122336914, 'P_half': 9.928190780530615, 'pre_dampen_half': 79.2156636741994, 'gpp_af': 0.003765127788170331, 'gpp_b': 1.5509527604476255e-05, 'gpp_d': 61.36298276500929, 'ign_k': 8.124466287050645, 'ign_c': 0.2664912416592551, 'trop_agb_crit': 10.60992812437585, 'trop_k_veg': 0.9766865171967524, 'pop_amp': 0.019119343157036377, 'pop_peak': 0.09324091451301064, 'pop_sig': 0.9707505579090897}. Best is trial 274 with value: -0.604910391627968.
