[I 2026-06-11 01:10:16,941] Trial 980 finished with values: [-0.7874437963944421, 0.20439686980384464] and parameters: {'k1': 0.004312951023617458, 'D_low': 90.71933427331369, 'k2': 0.011469197890812934, 'D_high': 1390.2686711035008, 'fire_exp': 1.2310899049053081, 'P_half': 16.051347487097576, 'pre_dampen_half': 502.5175192217655, 'gpp_af': 0.005782026351795939, 'gpp_b': 7.402343469704428e-05, 'gpp_d': 314.6826989726468, 'ign_k': 4.591485216740537, 'ign_c': 15.221840161091626, 'trop_agb_crit': 5.881906289439389, 'trop_k_veg': 2.8224577471047865, 'fuel_k': 0.5964469943278032, 'fuel_half': 2.9236782115513154}.
[I 2026-06-11 01:10:18,639] Trial 981 finished with values: [10.486515115833125, 10.486515115833125] and parameters: {'k1': 0.05233480488540085, 'D_low': 4.484744524732794, 'k2': 0.0027431991397796683, 'D_high': 3712.591045287726, 'fire_exp': 1.1258453832483524, 'P_half': 10.226988730324324, 'pre_dampen_half': 502.5175192217655, 'gpp_af': 0.015769192447197523, 'gpp_b': 0.00010318352929732131, 'gpp_d': 314.6826989726468, 'ign_k': 8.761971101023693, 'ign_c': 15.221840161091626, 'trop_agb_crit': 24.584290528289387, 'trop_k_veg': 1.4584243470991722, 'fuel_k': 0.016371163826991088, 'fuel_half': 2.9236782115513154}.
[I 2026-06-11 01:10:20,354] Trial 982 finished with values: [-0.7519744967680486, 0.1453632156277218] and parameters: {'k1': 0.004312951023617458, 'D_low': 4.484744524732794, 'k2': 0.03865036856259725, 'D_high': 1058.1992548039145, 'fire_exp': 1.144329066180296, 'P_half': 343.5759946100352, 'pre_dampen_half': 502.5175192217655, 'gpp_af': 0.008562341633595545, 'gpp_b': 0.00010318352929732131, 'gpp_d': 34.97224310873812, 'ign_k': 0.5131654955148326, 'ign_c': 0.11650681118986138, 'trop_agb_crit': 9.879645484210656, 'trop_k_veg': 6.389513706190939, 'fuel_k': 0.5964469943278032, 'fuel_half': 2.9236782115513154}.
[I 2026-06-11 01:10:21,889] Trial 983 finished with values: [10.662498856870975, 10.662498856870975] and parameters: {'k1': 0.05233480488540085, 'D_low': 1.4045842344024697, 'k2': 0.011469197890812934, 'D_high': 217.2467433157594, 'fire_exp': 1.0881360604103363, 'P_half': 220.3445560633069, 'pre_dampen_half': 502.5175192217655, 'gpp_af': 8.40397758824167, 'gpp_b': 0.00012118589392553798, 'gpp_d': 2.8006820077310213, 'ign_k': 0.6772105870639803, 'ign_c': 15.221840161091626, 'trop_agb_crit': 5.881906289439389, 'trop_k_veg': 4.599337386928772, 'fuel_k': 4.680936683972861, 'fuel_half': 10.06119804781128}.
[I 2026-06-11 01:10:23,333] Trial 984 finished with values: [10.760167189552272, 10.760167189552272] and parameters: {'k1': 0.09738633019266786, 'D_low': 4.484744524732794, 'k2': 0.03865036856259725, 'D_high': 1390.2686711035008, 'fire_exp': 1.0881360604103363, 'P_half': 10.226988730324324, 'pre_dampen_half': 502.5175192217655, 'gpp_af': 0.008562341633595545, 'gpp_b': 0.539125393369549, 'gpp_d': 2.8006820077310213, 'ign_k': 8.761971101023693, 'ign_c': 0.11650681118986138, 'trop_agb_crit': 1.310122900330372, 'trop_k_veg': 4.1309639246402785, 'fuel_k': 0.05597555634027867, 'fuel_half': 10.06119804781128}.
[I 2026-06-11 01:10:24,731] Trial 985 finished with values: [-0.7903174928804286, 0.23189498395932584] and parameters: {'k1': 0.05233480488540085, 'D_low': 4.484744524732794, 'k2': 0.011469197890812934, 'D_high': 1024.9816559563214, 'fire_exp': 1.0881360604103363, 'P_half': 16.051347487097576, 'pre_dampen_half': 502.5175192217655, 'gpp_af': 0.005618069878716736, 'gpp_b': 0.00012118589392553798, 'gpp_d': 2.8006820077310213, 'ign_k': 8.761971101023693, 'ign_c': 0.11650681118986138, 'trop_agb_crit': 5.881906289439389, 'trop_k_veg': 4.599337386928772, 'fuel_k': 0.05597555634027867, 'fuel_half': 10.06119804781128}.
[I 2026-06-11 01:10:26,187] Trial 986 finished with values: [-0.7982348311239833, 0.2315001466305141] and parameters: {'k1': 0.006587536748686894, 'D_low': 1.4045842344024697, 'k2': 0.03865036856259725, 'D_high': 1390.2686711035008, 'fire_exp': 1.591671544437082, 'P_half': 13.019246714361572, 'pre_dampen_half': 502.5175192217655, 'gpp_af': 0.008562341633595545, 'gpp_b': 0.00010318352929732131, 'gpp_d': 2.8006820077310213, 'ign_k': 0.5131654955148326, 'ign_c': 0.11650681118986138, 'trop_agb_crit': 5.808568531484235, 'trop_k_veg': 7.359706248396124, 'fuel_k': 4.680936683972861, 'fuel_half': 52.00581729114123}.
[I 2026-06-11 01:10:27,840] Trial 987 finished with values: [10.564325788903423, 10.564325788903423] and parameters: {'k1': 0.004312951023617458, 'D_low': 98.98117700885537, 'k2': 0.011469197890812934, 'D_high': 1390.2686711035008, 'fire_exp': 1.3224672913793163, 'P_half': 16.051347487097576, 'pre_dampen_half': 1.588528422491508, 'gpp_af': 0.015769192447197523, 'gpp_b': 0.00012118589392553798, 'gpp_d': 0.32837927360248453, 'ign_k': 0.5131654955148326, 'ign_c': 0.9294394155644988, 'trop_agb_crit': 1.1073237802669997, 'trop_k_veg': 7.359706248396124, 'fuel_k': 3.6992394681929337, 'fuel_half': 15.29850686893745}.
[I 2026-06-11 01:10:29,408] Trial 988 finished with values: [-0.7827950890784072, 0.057000626978277236] and parameters: {'k1': 0.00013783578294796384, 'D_low': 98.98117700885537, 'k2': 0.03865036856259725, 'D_high': 1024.9816559563214, 'fire_exp': 1.1258453832483524, 'P_half': 1327.5361137191958, 'pre_dampen_half': 502.5175192217655, 'gpp_af': 0.008562341633595545, 'gpp_b': 7.402343469704428e-05, 'gpp_d': 1.9906830511569307, 'ign_k': 8.761971101023693, 'ign_c': 0.11650681118986138, 'trop_agb_crit': 1.1073237802669997, 'trop_k_veg': 5.546867170791755, 'fuel_k': 3.6992394681929337, 'fuel_half': 0.14319038307687884}.
[I 2026-06-11 01:10:31,204] Trial 989 finished with values: [10.252243138241113, 10.252243138241113] and parameters: {'k1': 0.004312951023617458, 'D_low': 98.98117700885537, 'k2': 0.03865036856259725, 'D_high': 1024.9816559563214, 'fire_exp': 1.1258453832483524, 'P_half': 1327.5361137191958, 'pre_dampen_half': 502.5175192217655, 'gpp_af': 0.015769192447197523, 'gpp_b': 7.402343469704428e-05, 'gpp_d': 1.9906830511569307, 'ign_k': 0.0038887507405855736, 'ign_c': 0.9294394155644988, 'trop_agb_crit': 1.1073237802669997, 'trop_k_veg': 1.2420911205694134, 'fuel_k': 3.6992394681929337, 'fuel_half': 0.14319038307687884}.
[I 2026-06-11 01:10:32,633] Trial 990 finished with values: [-0.7558235236864317, 0.152897137793793] and parameters: {'k1': 0.09738633019266786, 'D_low': 98.98117700885537, 'k2': 0.011469197890812934, 'D_high': 1024.9816559563214, 'fire_exp': 1.3224672913793163, 'P_half': 220.3445560633069, 'pre_dampen_half': 502.5175192217655, 'gpp_af': 0.008562341633595545, 'gpp_b': 0.00012118589392553798, 'gpp_d': 2.8006820077310213, 'ign_k': 8.761971101023693, 'ign_c': 0.11650681118986138, 'trop_agb_crit': 24.584290528289387, 'trop_k_veg': 1.665640975011574, 'fuel_k': 4.680936683972861, 'fuel_half': 52.00581729114123}.
[I 2026-06-11 01:10:34,148] Trial 991 finished with values: [10.163817461136796, 10.163817461136796] and parameters: {'k1': 0.09738633019266786, 'D_low': 10.733257635049776, 'k2': 0.011469197890812934, 'D_high': 1024.9816559563214, 'fire_exp': 1.0881360604103363, 'P_half': 2.261526696072434, 'pre_dampen_half': 502.5175192217655, 'gpp_af': 0.015769192447197523, 'gpp_b': 0.00012118589392553798, 'gpp_d': 2.8006820077310213, 'ign_k': 8.761971101023693, 'ign_c': 0.11650681118986138, 'trop_agb_crit': 24.584290528289387, 'trop_k_veg': 4.599337386928772, 'fuel_k': 0.010340193296440528, 'fuel_half': 27.4762346187747}.
[I 2026-06-11 01:10:35,760] Trial 992 finished with values: [10.263083635326753, 10.263083635326753] and parameters: {'k1': 7.628652121629366e-05, 'D_low': 247.11617679707194, 'k2': 0.03865036856259725, 'D_high': 1024.9816559563214, 'fire_exp': 1.2310899049053081, 'P_half': 16.051347487097576, 'pre_dampen_half': 502.5175192217655, 'gpp_af': 0.015769192447197523, 'gpp_b': 7.402343469704428e-05, 'gpp_d': 2.8006820077310213, 'ign_k': 8.761971101023693, 'ign_c': 0.11650681118986138, 'trop_agb_crit': 1.1073237802669997, 'trop_k_veg': 1.4584243470991722, 'fuel_k': 0.05597555634027867, 'fuel_half': 16.10606111547332}.
[I 2026-06-11 01:10:37,274] Trial 993 finished with values: [-0.7890976034564097, 0.1711173521313264] and parameters: {'k1': 0.09738633019266786, 'D_low': 98.98117700885537, 'k2': 0.03865036856259725, 'D_high': 1024.9816559563214, 'fire_exp': 1.2310899049053081, 'P_half': 16.051347487097576, 'pre_dampen_half': 502.5175192217655, 'gpp_af': 0.015769192447197523, 'gpp_b': 0.00010318352929732131, 'gpp_d': 3.481791290455529, 'ign_k': 8.761971101023693, 'ign_c': 0.11650681118986138, 'trop_agb_crit': 1.310122900330372, 'trop_k_veg': 4.1309639246402785, 'fuel_k': 0.05597555634027867, 'fuel_half': 52.00581729114123}.
[I 2026-06-11 01:10:38,693] Trial 994 finished with values: [10.65630151119156, 10.65630151119156] and parameters: {'k1': 0.09738633019266786, 'D_low': 98.98117700885537, 'k2': 0.011469197890812934, 'D_high': 1024.9816559563214, 'fire_exp': 1.1258453832483524, 'P_half': 9848.952560187112, 'pre_dampen_half': 502.5175192217655, 'gpp_af': 0.015769192447197523, 'gpp_b': 0.00012118589392553798, 'gpp_d': 2.8006820077310213, 'ign_k': 8.761971101023693, 'ign_c': 0.11650681118986138, 'trop_agb_crit': 9.836162684900028, 'trop_k_veg': 4.599337386928772, 'fuel_k': 3.91137961690532, 'fuel_half': 8.46633791940142}.
[I 2026-06-11 01:10:40,071] Trial 995 finished with values: [-0.7613981948820765, 0.16945477365765338] and parameters: {'k1': 0.004312951023617458, 'D_low': 90.71933427331369, 'k2': 0.011469197890812934, 'D_high': 1024.9816559563214, 'fire_exp': 1.1258453832483524, 'P_half': 16.051347487097576, 'pre_dampen_half': 502.5175192217655, 'gpp_af': 0.005618069878716736, 'gpp_b': 0.00012118589392553798, 'gpp_d': 34.97224310873812, 'ign_k': 8.761971101023693, 'ign_c': 0.11650681118986138, 'trop_agb_crit': 5.881906289439389, 'trop_k_veg': 4.599337386928772, 'fuel_k': 0.05597555634027867, 'fuel_half': 52.00581729114123}.
[I 2026-06-11 01:10:41,609] Trial 996 finished with values: [-0.8012072806995066, 0.15453684722188188] and parameters: {'k1': 0.09738633019266786, 'D_low': 98.98117700885537, 'k2': 0.011469197890812934, 'D_high': 1024.9816559563214, 'fire_exp': 1.0881360604103363, 'P_half': 220.3445560633069, 'pre_dampen_half': 502.5175192217655, 'gpp_af': 0.015769192447197523, 'gpp_b': 0.00012118589392553798, 'gpp_d': 1.2771451735248283, 'ign_k': 8.761971101023693, 'ign_c': 0.11650681118986138, 'trop_agb_crit': 6.1198430581046965, 'trop_k_veg': 4.599337386928772, 'fuel_k': 4.680936683972861, 'fuel_half': 27.4762346187747}.
[I 2026-06-11 01:10:43,669] Trial 997 finished with values: [-0.7741442907392442, 0.27925760210589834] and parameters: {'k1': 0.004312951023617458, 'D_low': 4.484744524732794, 'k2': 0.011469197890812934, 'D_high': 1390.2686711035008, 'fire_exp': 1.2310899049053081, 'P_half': 10.226988730324324, 'pre_dampen_half': 502.5175192217655, 'gpp_af': 0.015769192447197523, 'gpp_b': 3.228689523591491e-05, 'gpp_d': 34.97224310873812, 'ign_k': 8.761971101023693, 'ign_c': 0.11650681118986138, 'trop_agb_crit': 1.310122900330372, 'trop_k_veg': 5.546867170791755, 'fuel_k': 0.5964469943278032, 'fuel_half': 10.06119804781128}.
[I 2026-06-11 01:10:45,414] Trial 998 finished with values: [-0.7530745001491272, 0.15950958286122452] and parameters: {'k1': 0.05233480488540085, 'D_low': 98.98117700885537, 'k2': 0.02989647175615661, 'D_high': 1024.9816559563214, 'fire_exp': 1.1258453832483524, 'P_half': 220.3445560633069, 'pre_dampen_half': 502.5175192217655, 'gpp_af': 0.008562341633595545, 'gpp_b': 0.00012118589392553798, 'gpp_d': 2.8006820077310213, 'ign_k': 8.761971101023693, 'ign_c': 0.11650681118986138, 'trop_agb_crit': 17.66923689636204, 'trop_k_veg': 4.1309639246402785, 'fuel_k': 0.05597555634027867, 'fuel_half': 52.00581729114123}.
[I 2026-06-11 01:10:46,898] Trial 999 finished with values: [-0.7898683836652667, 0.2898780044926662] and parameters: {'k1': 0.004312951023617458, 'D_low': 4.484744524732794, 'k2': 0.011469197890812934, 'D_high': 1390.2686711035008, 'fire_exp': 1.1258453832483524, 'P_half': 10.226988730324324, 'pre_dampen_half': 502.5175192217655, 'gpp_af': 0.015769192447197523, 'gpp_b': 0.00010318352929732131, 'gpp_d': 34.97224310873812, 'ign_k': 8.761971101023693, 'ign_c': 0.11650681118986138, 'trop_agb_crit': 9.879645484210656, 'trop_k_veg': 4.1309639246402785, 'fuel_k': 0.05597555634027867, 'fuel_half': 52.00581729114123}.
[I 2026-06-11 01:10:48,288] Trial 1000 finished with values: [10.538805780751378, 10.538805780751378] and parameters: {'k1': 0.05233480488540085, 'D_low': 90.71933427331369, 'k2': 0.011469197890812934, 'D_high': 3505.173009089483, 'fire_exp': 1.1258453832483524, 'P_half': 16.051347487097576, 'pre_dampen_half': 502.5175192217655, 'gpp_af': 0.005618069878716736, 'gpp_b': 3.228689523591491e-05, 'gpp_d': 2.8006820077310213, 'ign_k': 4.591485216740537, 'ign_c': 15.221840161091626, 'trop_agb_crit': 6.1198430581046965, 'trop_k_veg': 2.8224577471047865, 'fuel_k': 0.5964469943278032, 'fuel_half': 0.12399445060149628}.
[I 2026-06-11 01:10:49,622] Trial 1001 finished with values: [-0.7912080720945238, 0.21379644269269815] and parameters: {'k1': 0.004312951023617458, 'D_low': 4.484744524732794, 'k2': 0.0027431991397796683, 'D_high': 1390.2686711035008, 'fire_exp': 1.2310899049053081, 'P_half': 10.226988730324324, 'pre_dampen_half': 502.5175192217655, 'gpp_af': 0.005618069878716736, 'gpp_b': 7.402343469704428e-05, 'gpp_d': 2.8006820077310213, 'ign_k': 8.761971101023693, 'ign_c': 0.9294394155644988, 'trop_agb_crit': 5.881906289439389, 'trop_k_veg': 4.1309639246402785, 'fuel_k': 0.5964469943278032, 'fuel_half': 22.748609422442104}.
[I 2026-06-11 01:10:51,130] Trial 1002 finished with values: [-0.8083275403278833, 0.2498034885272099] and parameters: {'k1': 0.09738633019266786, 'D_low': 90.71933427331369, 'k2': 0.03865036856259725, 'D_high': 1024.9816559563214, 'fire_exp': 1.1258453832483524, 'P_half': 10.226988730324324, 'pre_dampen_half': 502.5175192217655, 'gpp_af': 0.015769192447197523, 'gpp_b': 7.402343469704428e-05, 'gpp_d': 2.8006820077310213, 'ign_k': 8.761971101023693, 'ign_c': 0.9294394155644988, 'trop_agb_crit': 9.836162684900028, 'trop_k_veg': 2.330015895740624, 'fuel_k': 0.18294854512033595, 'fuel_half': 2.9236782115513154}.
[I 2026-06-11 01:10:53,296] Trial 1003 finished with values: [10.2957188682113, 10.2957188682113] and parameters: {'k1': 0.09738633019266786, 'D_low': 98.98117700885537, 'k2': 0.03865036856259725, 'D_high': 1024.9816559563214, 'fire_exp': 1.3132160769974592, 'P_half': 220.3445560633069, 'pre_dampen_half': 502.5175192217655, 'gpp_af': 0.008562341633595545, 'gpp_b': 0.00012118589392553798, 'gpp_d': 2.8006820077310213, 'ign_k': 0.04361336125625971, 'ign_c': 0.11650681118986138, 'trop_agb_crit': 1.310122900330372, 'trop_k_veg': 4.1309639246402785, 'fuel_k': 4.680936683972861, 'fuel_half': 27.4762346187747}.
[I 2026-06-11 01:10:54,700] Trial 1004 finished with values: [10.07577007679479, 10.07577007679479] and parameters: {'k1': 0.09738633019266786, 'D_low': 98.98117700885537, 'k2': 0.011469197890812934, 'D_high': 1354.6626168109253, 'fire_exp': 1.1258453832483524, 'P_half': 13.019246714361572, 'pre_dampen_half': 502.5175192217655, 'gpp_af': 0.015769192447197523, 'gpp_b': 0.0054502936945582505, 'gpp_d': 2.8006820077310213, 'ign_k': 1.0475330041760889, 'ign_c': 0.11650681118986138, 'trop_agb_crit': 9.836162684900028, 'trop_k_veg': 4.599337386928772, 'fuel_k': 0.05597555634027867, 'fuel_half': 2.9236782115513154}.
[I 2026-06-11 01:10:56,033] Trial 1005 finished with values: [10.062826457153392, 10.062826457153392] and parameters: {'k1': 0.09738633019266786, 'D_low': 10.733257635049776, 'k2': 0.011469197890812934, 'D_high': 1024.9816559563214, 'fire_exp': 1.0114396646447246, 'P_half': 13.019246714361572, 'pre_dampen_half': 502.5175192217655, 'gpp_af': 0.015769192447197523, 'gpp_b': 7.402343469704428e-05, 'gpp_d': 2.8006820077310213, 'ign_k': 8.761971101023693, 'ign_c': 15.221840161091626, 'trop_agb_crit': 9.836162684900028, 'trop_k_veg': 2.330015895740624, 'fuel_k': 0.18294854512033595, 'fuel_half': 27.4762346187747}.
[I 2026-06-11 01:10:57,422] Trial 1006 finished with values: [-0.8126825767198291, 0.21635608949112495] and parameters: {'k1': 0.09738633019266786, 'D_low': 4.484744524732794, 'k2': 0.011469197890812934, 'D_high': 1390.2686711035008, 'fire_exp': 1.1258453832483524, 'P_half': 220.3445560633069, 'pre_dampen_half': 502.5175192217655, 'gpp_af': 0.015769192447197523, 'gpp_b': 0.00012118589392553798, 'gpp_d': 34.97224310873812, 'ign_k': 8.761971101023693, 'ign_c': 0.9294394155644988, 'trop_agb_crit': 9.879645484210656, 'trop_k_veg': 7.359706248396124, 'fuel_k': 0.05597555634027867, 'fuel_half': 33.06791837227926}.
[I 2026-06-11 01:10:59,063] Trial 1007 finished with values: [10.347895504105677, 10.347895504105677] and parameters: {'k1': 0.09738633019266786, 'D_low': 1.4045842344024697, 'k2': 0.03865036856259725, 'D_high': 1024.9816559563214, 'fire_exp': 1.591671544437082, 'P_half': 16.051347487097576, 'pre_dampen_half': 502.5175192217655, 'gpp_af': 0.005618069878716736, 'gpp_b': 0.0054502936945582505, 'gpp_d': 2.8006820077310213, 'ign_k': 8.761971101023693, 'ign_c': 0.11650681118986138, 'trop_agb_crit': 5.881906289439389, 'trop_k_veg': 7.871057313180179, 'fuel_k': 0.11650538392235156, 'fuel_half': 10.06119804781128}.
[I 2026-06-11 01:11:00,669] Trial 1008 finished with values: [10.701960545908173, 10.701960545908173] and parameters: {'k1': 0.0019386039125504583, 'D_low': 4.484744524732794, 'k2': 0.011469197890812934, 'D_high': 1390.2686711035008, 'fire_exp': 1.2310899049053081, 'P_half': 224.42820887784595, 'pre_dampen_half': 0.08363369134116434, 'gpp_af': 0.008562341633595545, 'gpp_b': 0.00010318352929732131, 'gpp_d': 3.481791290455529, 'ign_k': 0.5131654955148326, 'ign_c': 0.11650681118986138, 'trop_agb_crit': 1.310122900330372, 'trop_k_veg': 4.599337386928772, 'fuel_k': 0.05597555634027867, 'fuel_half': 52.00581729114123}.
[I 2026-06-11 01:11:02,170] Trial 1009 finished with values: [-0.7809213709181541, 0.1738949106407114] and parameters: {'k1': 0.004312951023617458, 'D_low': 90.71933427331369, 'k2': 0.011469197890812934, 'D_high': 1024.9816559563214, 'fire_exp': 1.2310899049053081, 'P_half': 16.051347487097576, 'pre_dampen_half': 502.5175192217655, 'gpp_af': 0.005618069878716736, 'gpp_b': 7.402343469704428e-05, 'gpp_d': 2.8006820077310213, 'ign_k': 8.761971101023693, 'ign_c': 0.9294394155644988, 'trop_agb_crit': 5.881906289439389, 'trop_k_veg': 7.871057313180179, 'fuel_k': 0.5964469943278032, 'fuel_half': 2.9236782115513154}.
[I 2026-06-11 01:11:03,582] Trial 1010 finished with values: [-0.8069604506327919, 0.17212509142918064] and parameters: {'k1': 0.05233480488540085, 'D_low': 90.71933427331369, 'k2': 0.011469197890812934, 'D_high': 1024.9816559563214, 'fire_exp': 1.0881360604103363, 'P_half': 16.051347487097576, 'pre_dampen_half': 502.5175192217655, 'gpp_af': 0.005618069878716736, 'gpp_b': 0.00012118589392553798, 'gpp_d': 2.8006820077310213, 'ign_k': 4.591485216740537, 'ign_c': 15.221840161091626, 'trop_agb_crit': 5.881906289439389, 'trop_k_veg': 2.8224577471047865, 'fuel_k': 0.05597555634027867, 'fuel_half': 0.12399445060149628}.
[I 2026-06-11 01:11:04,969] Trial 1011 finished with values: [-0.7974807526760193, 0.17081307755932784] and parameters: {'k1': 0.09738633019266786, 'D_low': 98.98117700885537, 'k2': 0.011469197890812934, 'D_high': 1390.2686711035008, 'fire_exp': 2.30268982351901, 'P_half': 10.226988730324324, 'pre_dampen_half': 502.5175192217655, 'gpp_af': 0.008562341633595545, 'gpp_b': 0.00012118589392553798, 'gpp_d': 2.8006820077310213, 'ign_k': 0.5131654955148326, 'ign_c': 0.11650681118986138, 'trop_agb_crit': 9.836162684900028, 'trop_k_veg': 4.599337386928772, 'fuel_k': 0.05597555634027867, 'fuel_half': 52.00581729114123}.
[I 2026-06-11 01:11:06,542] Trial 1012 finished with values: [10.590409069017374, 10.590409069017374] and parameters: {'k1': 0.00021779362074814804, 'D_low': 1.4045842344024697, 'k2': 0.03865036856259725, 'D_high': 1024.9816559563214, 'fire_exp': 1.591671544437082, 'P_half': 16.051347487097576, 'pre_dampen_half': 502.5175192217655, 'gpp_af': 0.015769192447197523, 'gpp_b': 0.00012118589392553798, 'gpp_d': 2.8006820077310213, 'ign_k': 0.0012728781576199358, 'ign_c': 0.11650681118986138, 'trop_agb_crit': 5.881906289439389, 'trop_k_veg': 7.359706248396124, 'fuel_k': 0.05597555634027867, 'fuel_half': 15.29850686893745}.
[I 2026-06-11 01:11:08,182] Trial 1013 finished with values: [10.003209177165342, 10.003209177165342] and parameters: {'k1': 0.09738633019266786, 'D_low': 4.484744524732794, 'k2': 0.011469197890812934, 'D_high': 1024.9816559563214, 'fire_exp': 1.1258453832483524, 'P_half': 220.3445560633069, 'pre_dampen_half': 502.5175192217655, 'gpp_af': 0.015769192447197523, 'gpp_b': 7.402343469704428e-05, 'gpp_d': 34.97224310873812, 'ign_k': 8.761971101023693, 'ign_c': 0.11650681118986138, 'trop_agb_crit': 24.584290528289387, 'trop_k_veg': 4.599337386928772, 'fuel_k': 0.5964469943278032, 'fuel_half': 27.4762346187747}.
[I 2026-06-11 01:11:09,651] Trial 1014 finished with values: [10.763363217523972, 10.763363217523972] and parameters: {'k1': 0.09738633019266786, 'D_low': 90.71933427331369, 'k2': 0.02989647175615661, 'D_high': 12.495886031183844, 'fire_exp': 1.1258453832483524, 'P_half': 220.3445560633069, 'pre_dampen_half': 502.5175192217655, 'gpp_af': 0.005782026351795939, 'gpp_b': 0.00012118589392553798, 'gpp_d': 314.6826989726468, 'ign_k': 4.591485216740537, 'ign_c': 15.221840161091626, 'trop_agb_crit': 24.584290528289387, 'trop_k_veg': 2.8224577471047865, 'fuel_k': 4.680936683972861, 'fuel_half': 27.4762346187747}.
