[I 2026-08-19 14:42:57,757] Trial 318 finished with value: -0.5648121620854778 and parameters: {'k1': 0.008699858732892264, 'D_low': 293.89954554574695, 'k2': 2.593876406172234e-05, 'D_high': 156905.53705685626, 'fire_exp': 2.4130629869155378, 'P_half': 50.27769206833078, 'pre_dampen_half': 3.85238895168204, 'gpp_af': 0.005893188199267825, 'gpp_b': 6.85076618853498e-05, 'gpp_d': 2.1571847284976347, 'ign_k': 0.29172389127464593, 'ign_c': 3.817696295767573, 'trop_agb_crit': 28.122279571654936, 'trop_k_veg': 7.240557283205375, 'pop_amp': 0.03356166851969434, 'pop_peak': 0.48771503127572596, 'pop_sig': 1.0873907576586734, 'fuel_k': 0.03544226565180377, 'fuel_half': 6.63110420336993}. Best is trial 121 with value: -0.6148958760349835.
[I 2026-08-19 14:43:00,208] Trial 319 finished with value: -0.5429508836349939 and parameters: {'k1': 6.203670963924449e-05, 'D_low': 10.637826637998439, 'k2': 0.00011502212091841705, 'D_high': 2672531.1137168617, 'fire_exp': 2.3779471250350768, 'P_half': 82.81972020940859, 'pre_dampen_half': 0.25970823150446204, 'gpp_af': 0.34883307673093134, 'gpp_b': 0.0008819503275628173, 'gpp_d': 180.51298399540664, 'ign_k': 1.707405706652311, 'ign_c': 2.212354956663487, 'trop_agb_crit': 2.8497033086137944, 'trop_k_veg': 3.204601153648548, 'pop_amp': 0.2619531454109958, 'pop_peak': 0.1786967777353755, 'pop_sig': 0.26725230607317546, 'fuel_k': 3.0977929300395455, 'fuel_half': 0.323506278070029}. Best is trial 121 with value: -0.6148958760349835.
[I 2026-08-19 14:43:02,928] Trial 320 finished with value: -0.5613034654570913 and parameters: {'k1': 4.088296855363585e-05, 'D_low': 42087.60612628799, 'k2': 1.6370150697207738e-05, 'D_high': 3191718.7968248995, 'fire_exp': 1.2606993289087334, 'P_half': 20.885756146076762, 'pre_dampen_half': 1.8392832671620105, 'gpp_af': 1.712106194072982, 'gpp_b': 0.000406408331205261, 'gpp_d': 22.039849058741133, 'ign_k': 6.1639762441316535, 'ign_c': 22.235938168270796, 'trop_agb_crit': 5.642713481112734, 'trop_k_veg': 6.73841268215184, 'pop_amp': 0.013049031030014606, 'pop_peak': 3.8645668469694545, 'pop_sig': 0.2789706416734546, 'fuel_k': 1.837500745240736, 'fuel_half': 0.3310793309396929}. Best is trial 121 with value: -0.6148958760349835.
  trial  321/2500  best_overall=0.6149  (19.0 min)
[I 2026-08-19 14:43:05,822] Trial 321 finished with value: -0.5512800613180715 and parameters: {'k1': 0.01652327792871467, 'D_low': 341.3072055992453, 'k2': 3.20336524694875e-05, 'D_high': 145937.00791560652, 'fire_exp': 1.205743952289218, 'P_half': 511.7162556081873, 'pre_dampen_half': 3.282304439919452, 'gpp_af': 0.014303773577429553, 'gpp_b': 2.029279789572372e-05, 'gpp_d': 0.3843765365085867, 'ign_k': 0.17911490526867754, 'ign_c': 15.008881662920407, 'trop_agb_crit': 10.96532248793729, 'trop_k_veg': 4.112496787329456, 'pop_amp': 0.007933983477293053, 'pop_peak': 0.16111026076987553, 'pop_sig': 0.8260812240242219, 'fuel_k': 0.6740398472420976, 'fuel_half': 2.7659670512795147}. Best is trial 121 with value: -0.6148958760349835.
[I 2026-08-19 14:43:08,893] Trial 322 finished with value: -0.509523336830032 and parameters: {'k1': 0.02844270220671124, 'D_low': 29343.32530596947, 'k2': 4.4336835051767606e-05, 'D_high': 9655260.045981271, 'fire_exp': 1.2137614112655908, 'P_half': 39.88130188918017, 'pre_dampen_half': 5.513844509394794, 'gpp_af': 0.006938465048929467, 'gpp_b': 6.332657645433592e-05, 'gpp_d': 0.1501987058987702, 'ign_k': 0.12381351740218134, 'ign_c': 12.515461872728302, 'trop_agb_crit': 28.92236213174984, 'trop_k_veg': 4.274379729368377, 'pop_amp': 0.0013331495098518865, 'pop_peak': 0.23824822570315668, 'pop_sig': 0.38299624135392185, 'fuel_k': 0.2155822439042514, 'fuel_half': 0.1761586428547229}. Best is trial 121 with value: -0.6148958760349835.
[I 2026-08-19 14:43:11,397] Trial 323 finished with value: -0.43584676887799045 and parameters: {'k1': 0.0002622591032679923, 'D_low': 11.12774089466759, 'k2': 9.023848780375683e-05, 'D_high': 2610563.6736892653, 'fire_exp': 1.1501530082964, 'P_half': 1.1587026490479457, 'pre_dampen_half': 6.303740760777375, 'gpp_af': 50.09972644055, 'gpp_b': 5.9160268862511305e-05, 'gpp_d': 4.337099095777144, 'ign_k': 0.16001673392760604, 'ign_c': 3.3836341903309606, 'trop_agb_crit': 19.37750350731045, 'trop_k_veg': 3.0797798874969295, 'pop_amp': 3.249344813988572, 'pop_peak': 112.88725074179314, 'pop_sig': 0.26039275419844604, 'fuel_k': 0.1296074117895011, 'fuel_half': 0.3225326302789894}. Best is trial 121 with value: -0.6148958760349835.
[I 2026-08-19 14:43:13,949] Trial 324 finished with value: -0.3554625854118624 and parameters: {'k1': 0.010312539279510074, 'D_low': 520439.9023085122, 'k2': 0.00010437469109552563, 'D_high': 317471.37199348235, 'fire_exp': 1.604686695011802, 'P_half': 1389.6418602206575, 'pre_dampen_half': 19.89739793157806, 'gpp_af': 0.003537721526559853, 'gpp_b': 2.7454388454264843e-05, 'gpp_d': 19.897176973481475, 'ign_k': 0.046257300503779235, 'ign_c': 6.35358796609568, 'trop_agb_crit': 9.166196549396998, 'trop_k_veg': 5.469647071571824, 'pop_amp': 0.002012624728168706, 'pop_peak': 0.5209707559290426, 'pop_sig': 0.9780504038744054, 'fuel_k': 0.062072945335019364, 'fuel_half': 5.878746313729424}. Best is trial 121 with value: -0.6148958760349835.
[I 2026-08-19 14:43:16,907] Trial 325 finished with value: -0.35261114264045973 and parameters: {'k1': 0.0010388013690468447, 'D_low': 134580.2482166921, 'k2': 2.307858524952024e-05, 'D_high': 39477.86512059969, 'fire_exp': 1.5586833461180636, 'P_half': 7.536179690518507, 'pre_dampen_half': 16.312440035649715, 'gpp_af': 0.33641950807677146, 'gpp_b': 0.0051855156342271915, 'gpp_d': 5.6234442761058405, 'ign_k': 0.8989621961495439, 'ign_c': 33.885006501431675, 'trop_agb_crit': 26.74886675686795, 'trop_k_veg': 1.8957333694433203, 'pop_amp': 0.07768658628534118, 'pop_peak': 215.76418390032586, 'pop_sig': 1.9216988851200825, 'fuel_k': 0.03373978603409918, 'fuel_half': 3.794002834813102}. Best is trial 121 with value: -0.6148958760349835.
[I 2026-08-19 14:43:21,367] Trial 326 finished with value: -0.48548861962205886 and parameters: {'k1': 0.0015064802079134644, 'D_low': 1404.771094910705, 'k2': 0.00036755037793189207, 'D_high': 4076663.5517238886, 'fire_exp': 5.355035923646529, 'P_half': 14.478977040560794, 'pre_dampen_half': 1.7493470186795759, 'gpp_af': 0.026697722320196765, 'gpp_b': 2.1964002103149918e-05, 'gpp_d': 22.951141782669353, 'ign_k': 0.03709659551818998, 'ign_c': 1.0102569278741311, 'trop_agb_crit': 22.602023010639176, 'trop_k_veg': 1.5818146239905, 'pop_amp': 3.046901675884199, 'pop_peak': 26.247889508773373, 'pop_sig': 1.3514958099652652, 'fuel_k': 0.03925148221282066, 'fuel_half': 1.3097675796900847}. Best is trial 121 with value: -0.6148958760349835.
[I 2026-08-19 14:43:25,668] Trial 327 finished with value: -0.3459978219041933 and parameters: {'k1': 0.008149897005125849, 'D_low': 119.02490292898108, 'k2': 0.07753268525766967, 'D_high': 8522883.460850567, 'fire_exp': 1.5664926359758686, 'P_half': 54.87233078982026, 'pre_dampen_half': 1.3724570987477815, 'gpp_af': 4.988127254096458, 'gpp_b': 0.01658969942681824, 'gpp_d': 378.6679287544369, 'ign_k': 8.51823499069422, 'ign_c': 35.6041888965912, 'trop_agb_crit': 10.089901688248359, 'trop_k_veg': 3.7607689509948425, 'pop_amp': 0.5601517157927026, 'pop_peak': 124.58253458970891, 'pop_sig': 1.1068667884455061, 'fuel_k': 0.13478887186982874, 'fuel_half': 0.12743142197084}. Best is trial 121 with value: -0.6148958760349835.
  trial  328/2500  best_overall=0.6149  (19.4 min)
[I 2026-08-19 14:43:29,395] Trial 328 finished with value: -0.43887418328364936 and parameters: {'k1': 0.001185239169931906, 'D_low': 1574.7062837706894, 'k2': 4.417010303001329e-05, 'D_high': 1705954.1988550287, 'fire_exp': 2.2654305735315723, 'P_half': 712.7588194607266, 'pre_dampen_half': 0.0933855343558247, 'gpp_af': 0.2111855407278999, 'gpp_b': 0.0014034426614228167, 'gpp_d': 0.1854185705347643, 'ign_k': 1.1802780814679332, 'ign_c': 0.7212405516577414, 'trop_agb_crit': 3.602681596794924, 'trop_k_veg': 6.618991632688461, 'pop_amp': 0.010760864590939721, 'pop_peak': 41.85650839267104, 'pop_sig': 0.5151124373795126, 'fuel_k': 5.3694024277755625, 'fuel_half': 0.2642869668892371}. Best is trial 121 with value: -0.6148958760349835.
[I 2026-08-19 14:43:32,502] Trial 329 finished with value: -0.5640518861823116 and parameters: {'k1': 0.07223662833848196, 'D_low': 386.04595377375824, 'k2': 0.04037033912760172, 'D_high': 1621603.7877595602, 'fire_exp': 1.3051100672779619, 'P_half': 1417.7037355767902, 'pre_dampen_half': 15.212396137606696, 'gpp_af': 0.005659390400526459, 'gpp_b': 1.8111343816144405e-05, 'gpp_d': 1.4749814209700467, 'ign_k': 3.983053995676594, 'ign_c': 3.4419045904335395, 'trop_agb_crit': 27.052164776933765, 'trop_k_veg': 7.079265991440483, 'pop_amp': 0.008632912676930553, 'pop_peak': 161.91321271128098, 'pop_sig': 0.3003040223963738, 'fuel_k': 0.2986475701010029, 'fuel_half': 0.6088614012761334}. Best is trial 121 with value: -0.6148958760349835.
[I 2026-08-19 14:43:36,087] Trial 330 finished with value: -0.4622582380813093 and parameters: {'k1': 5.344116607116206e-05, 'D_low': 23.315944141623525, 'k2': 3.147176626561624e-05, 'D_high': 1524358.8447690646, 'fire_exp': 1.287844754314924, 'P_half': 1.5868087523013763, 'pre_dampen_half': 3.7223393261188717, 'gpp_af': 0.007487404891132987, 'gpp_b': 0.00011148205538348054, 'gpp_d': 984.8097597601418, 'ign_k': 0.3932169483984024, 'ign_c': 2.586440018474713, 'trop_agb_crit': 7.557885549900672, 'trop_k_veg': 4.077159688667776, 'pop_amp': 15.08665620517436, 'pop_peak': 1.2180099519708676, 'pop_sig': 0.2524382033475127, 'fuel_k': 0.07862496488096393, 'fuel_half': 2.4561889682284126}. Best is trial 121 with value: -0.6148958760349835.
[I 2026-08-19 14:43:38,371] Trial 331 finished with value: -0.4592328536448985 and parameters: {'k1': 0.00012103480118326435, 'D_low': 48.446485166420146, 'k2': 1.3827441857129005e-05, 'D_high': 5661804.165564874, 'fire_exp': 2.770182547680332, 'P_half': 46.79259390270575, 'pre_dampen_half': 0.0205346408672724, 'gpp_af': 2.371445875521788, 'gpp_b': 0.0003486468622359597, 'gpp_d': 1.5098500594743745, 'ign_k': 1.6772541332636257, 'ign_c': 12.99200925046743, 'trop_agb_crit': 7.511279133254085, 'trop_k_veg': 7.969610601971831, 'pop_amp': 0.1424027429299599, 'pop_peak': 1.3142059447528016, 'pop_sig': 0.4020877589671943, 'fuel_k': 0.4548685756147313, 'fuel_half': 0.8474893234728537}. Best is trial 121 with value: -0.6148958760349835.
[I 2026-08-19 14:43:41,108] Trial 332 finished with value: -0.5222127641632424 and parameters: {'k1': 0.00016720403975178263, 'D_low': 2.335100895274638, 'k2': 2.864008907150915e-05, 'D_high': 3500150.075491031, 'fire_exp': 1.2648853182059412, 'P_half': 44.31944582794705, 'pre_dampen_half': 16.71386152043428, 'gpp_af': 4.758271541732276, 'gpp_b': 0.00010975683114789232, 'gpp_d': 42.922947926636354, 'ign_k': 0.6922845052329966, 'ign_c': 4.242176494078433, 'trop_agb_crit': 23.06521602805724, 'trop_k_veg': 7.436067706841134, 'pop_amp': 0.006814847965892508, 'pop_peak': 111.2391348220484, 'pop_sig': 0.30874299205322975, 'fuel_k': 3.8408237752886403, 'fuel_half': 3.588091850249372}. Best is trial 121 with value: -0.6148958760349835.
[I 2026-08-19 14:43:43,887] Trial 333 finished with value: -0.5796808254435515 and parameters: {'k1': 0.0009005486702629397, 'D_low': 584.4496717153464, 'k2': 3.20365800710242e-05, 'D_high': 840464.1454817674, 'fire_exp': 1.9098811023689573, 'P_half': 45.73135998972427, 'pre_dampen_half': 383.0281758272531, 'gpp_af': 0.04111667426160557, 'gpp_b': 0.00036447442532265215, 'gpp_d': 16.23951401632675, 'ign_k': 0.14432010200739176, 'ign_c': 16.208932775997898, 'trop_agb_crit': 21.115735626961772, 'trop_k_veg': 0.5836210392922634, 'pop_amp': 0.11370985219499316, 'pop_peak': 191.97333414498982, 'pop_sig': 1.050270893084852, 'fuel_k': 0.027490080733097035, 'fuel_half': 7.07376964278742}. Best is trial 121 with value: -0.6148958760349835.
[I 2026-08-19 14:43:46,665] Trial 334 finished with value: -0.5820210208044208 and parameters: {'k1': 0.002060558951663109, 'D_low': 18.317903833075178, 'k2': 5.432200226915026e-05, 'D_high': 3748850.4145536553, 'fire_exp': 2.2078296712271936, 'P_half': 14.185189886291747, 'pre_dampen_half': 0.9267998172240244, 'gpp_af': 0.33288162227901563, 'gpp_b': 4.982825837620915e-05, 'gpp_d': 11.122212578891777, 'ign_k': 7.346673539798601, 'ign_c': 3.1329687961527437, 'trop_agb_crit': 1.3333335234097259, 'trop_k_veg': 3.242780751495029, 'pop_amp': 0.3009639791595035, 'pop_peak': 1.9888235688872318, 'pop_sig': 0.3843914018453201, 'fuel_k': 0.9101469244424625, 'fuel_half': 1.8058632592822024}. Best is trial 121 with value: -0.6148958760349835.
  trial  335/2500  best_overall=0.6149  (19.7 min)
[I 2026-08-19 14:43:49,275] Trial 335 finished with value: -0.5602614299316467 and parameters: {'k1': 0.033042884301505406, 'D_low': 475.4008729515578, 'k2': 3.033514926565775e-05, 'D_high': 189033.71663503058, 'fire_exp': 1.2671197254388649, 'P_half': 206.0329703502606, 'pre_dampen_half': 628.8238828445568, 'gpp_af': 0.003027513354932519, 'gpp_b': 1.8663167102576687e-05, 'gpp_d': 2.545986869353903, 'ign_k': 0.04703647627518927, 'ign_c': 1.4872326327226346, 'trop_agb_crit': 20.624247559755688, 'trop_k_veg': 2.616246582980163, 'pop_amp': 0.0052425915424445385, 'pop_peak': 0.16807193819328006, 'pop_sig': 1.055724292762182, 'fuel_k': 0.011151157929688946, 'fuel_half': 0.33359834826993756}. Best is trial 121 with value: -0.6148958760349835.
[I 2026-08-19 14:43:51,989] Trial 336 finished with value: -0.5572248064509984 and parameters: {'k1': 0.002115712144883884, 'D_low': 1.48069213267025, 'k2': 1.3436134773443344e-05, 'D_high': 5123170.97325986, 'fire_exp': 1.009950876457245, 'P_half': 1.3225971672262085, 'pre_dampen_half': 13.92454833021314, 'gpp_af': 6.484399126702523, 'gpp_b': 0.007241778860875579, 'gpp_d': 84.10986002411757, 'ign_k': 0.059856259147826954, 'ign_c': 1.1542219112930718, 'trop_agb_crit': 9.436883973255739, 'trop_k_veg': 2.740342716432898, 'pop_amp': 0.025850872407077494, 'pop_peak': 50.217711931219505, 'pop_sig': 0.5935808315182507, 'fuel_k': 0.6055743809211857, 'fuel_half': 2.970420415006528}. Best is trial 121 with value: -0.6148958760349835.
[I 2026-08-19 14:43:54,796] Trial 337 finished with value: -0.5503617502922526 and parameters: {'k1': 0.001930457124212058, 'D_low': 5.637294838883833, 'k2': 1.2909553594440201e-05, 'D_high': 924571.8241447052, 'fire_exp': 3.0371455034937678, 'P_half': 10.488634726531705, 'pre_dampen_half': 0.312172357313692, 'gpp_af': 2.023924656645035, 'gpp_b': 8.396237444425993e-05, 'gpp_d': 80.50744316477267, 'ign_k': 0.386508164304784, 'ign_c': 2.995463733103697, 'trop_agb_crit': 16.925919529659613, 'trop_k_veg': 4.690006621862973, 'pop_amp': 2.053809990208489, 'pop_peak': 2.196577166225352, 'pop_sig': 0.5658490531995087, 'fuel_k': 2.4617566973145153, 'fuel_half': 0.6435127106538823}. Best is trial 121 with value: -0.6148958760349835.
[I 2026-08-19 14:43:57,728] Trial 338 finished with value: -0.5107599110903178 and parameters: {'k1': 0.0002070025279103697, 'D_low': 26173.959322006962, 'k2': 0.0001907710617029695, 'D_high': 8011861.256912294, 'fire_exp': 1.4872235671009446, 'P_half': 57.55880717974465, 'pre_dampen_half': 1.812954364323724, 'gpp_af': 0.0013518982206095623, 'gpp_b': 1.604720836637751e-05, 'gpp_d': 0.6684190363318694, 'ign_k': 3.0225799561487734, 'ign_c': 9.765855258590681, 'trop_agb_crit': 20.848655916838304, 'trop_k_veg': 3.1657758075774893, 'pop_amp': 0.09586005820815374, 'pop_peak': 0.5406533075500859, 'pop_sig': 1.856113187360969, 'fuel_k': 0.2869613457715386, 'fuel_half': 0.5014694683575985}. Best is trial 121 with value: -0.6148958760349835.
[I 2026-08-19 14:44:00,266] Trial 339 finished with value: -0.40845723980879817 and parameters: {'k1': 0.00172784652069485, 'D_low': 3.6809864176226568, 'k2': 6.068595528953952e-05, 'D_high': 6619151.034116511, 'fire_exp': 1.5730771500952745, 'P_half': 96.07118386829491, 'pre_dampen_half': 0.3087660609303648, 'gpp_af': 0.6407168034170859, 'gpp_b': 0.202547766523676, 'gpp_d': 53.019651769314486, 'ign_k': 0.5816907763660586, 'ign_c': 41.956135792567316, 'trop_agb_crit': 7.613141644174012, 'trop_k_veg': 2.575665713822732, 'pop_amp': 0.5093092678103819, 'pop_peak': 5.90780738034166, 'pop_sig': 0.5571757936699566, 'fuel_k': 2.233476751862546, 'fuel_half': 0.41313833799302535}. Best is trial 121 with value: -0.6148958760349835.
[I 2026-08-19 14:44:03,144] Trial 340 finished with value: -0.42618969101435855 and parameters: {'k1': 0.000832008445672718, 'D_low': 2006.2007463962927, 'k2': 6.735159667302338e-05, 'D_high': 622686.9537614681, 'fire_exp': 4.154975354095375, 'P_half': 57.06203865263404, 'pre_dampen_half': 165.32358604279932, 'gpp_af': 0.021394812890757012, 'gpp_b': 0.003407967992472703, 'gpp_d': 0.30795780037876663, 'ign_k': 0.016616653490774035, 'ign_c': 2.615272209303395, 'trop_agb_crit': 2.692230603526896, 'trop_k_veg': 4.424649612653679, 'pop_amp': 1.418476353502404, 'pop_peak': 6.895969158619111, 'pop_sig': 1.5826288781026199, 'fuel_k': 0.5666263025447276, 'fuel_half': 1.1867337157117301}. Best is trial 121 with value: -0.6148958760349835.
[I 2026-08-19 14:44:06,056] Trial 341 finished with value: -0.3554625854118624 and parameters: {'k1': 0.02138074856907969, 'D_low': 346.0673231092122, 'k2': 3.3747492468404205e-05, 'D_high': 64227.13396227956, 'fire_exp': 1.3964534882084274, 'P_half': 253.70640531967467, 'pre_dampen_half': 0.417447994964863, 'gpp_af': 0.3100466244017576, 'gpp_b': 4.137035463710155e-05, 'gpp_d': 0.23499582392373408, 'ign_k': 6.3406350064093955, 'ign_c': 45.30700697410486, 'trop_agb_crit': 3.730860692770752, 'trop_k_veg': 5.5957753612724845, 'pop_amp': 1.5587723951856975, 'pop_peak': 0.5797966509707088, 'pop_sig': 0.5174228307915657, 'fuel_k': 2.1372934748683137, 'fuel_half': 0.11552789872451792}. Best is trial 121 with value: -0.6148958760349835.
[I 2026-08-19 14:44:09,434] Trial 342 finished with value: -0.5963400309103345 and parameters: {'k1': 0.0003038290849315024, 'D_low': 58.946469097444385, 'k2': 5.130590947240702e-05, 'D_high': 2401832.646237648, 'fire_exp': 1.2080207427414433, 'P_half': 8.230184549052286, 'pre_dampen_half': 0.2447848118280022, 'gpp_af': 0.11917425760705336, 'gpp_b': 5.710994559873906e-05, 'gpp_d': 56.53439409995363, 'ign_k': 2.0100804050534196, 'ign_c': 1.7393943846507585, 'trop_agb_crit': 12.378945913959896, 'trop_k_veg': 4.502044769299931, 'pop_amp': 0.5363605959378833, 'pop_peak': 21.98949131725864, 'pop_sig': 0.3440376025913234, 'fuel_k': 1.035251143782863, 'fuel_half': 0.7816351383228317}. Best is trial 121 with value: -0.6148958760349835.
  trial  343/2500  best_overall=0.6149  (20.1 min)
[I 2026-08-19 14:44:12,236] Trial 343 finished with value: -0.4969518201073174 and parameters: {'k1': 1.0645754112496954e-05, 'D_low': 19.806467415857483, 'k2': 1.7957885886582896e-05, 'D_high': 419596.3266814068, 'fire_exp': 2.0219060924510805, 'P_half': 4.049654937041005, 'pre_dampen_half': 0.2801829430416164, 'gpp_af': 3.5122423676301273, 'gpp_b': 0.0009052237758528267, 'gpp_d': 101.14454164167773, 'ign_k': 4.8948729644501885, 'ign_c': 0.7604635200283597, 'trop_agb_crit': 12.548293738622572, 'trop_k_veg': 3.518433919417779, 'pop_amp': 1.1270186583907271, 'pop_peak': 92.95945897897326, 'pop_sig': 0.269794786845616, 'fuel_k': 0.6046629094952949, 'fuel_half': 0.7658371476728666}. Best is trial 121 with value: -0.6148958760349835.
[I 2026-08-19 14:44:15,038] Trial 344 finished with value: -0.5314237614174229 and parameters: {'k1': 1.0633366511601193e-05, 'D_low': 113.22954213854297, 'k2': 3.0849503362855076e-05, 'D_high': 2611304.4181670123, 'fire_exp': 1.2989987263292961, 'P_half': 17.260949341689077, 'pre_dampen_half': 1.737337113895084, 'gpp_af': 0.8679829298314915, 'gpp_b': 0.00773901003009581, 'gpp_d': 1.410051177967523, 'ign_k': 8.342609854128217, 'ign_c': 4.090376487918231, 'trop_agb_crit': 2.0571099063987677, 'trop_k_veg': 5.691565064246714, 'pop_amp': 0.16089743009809324, 'pop_peak': 0.3455363692607911, 'pop_sig': 0.4109612698893523, 'fuel_k': 0.5319735916798893, 'fuel_half': 0.5168792509429501}. Best is trial 121 with value: -0.6148958760349835.
[I 2026-08-19 14:44:17,283] Trial 345 finished with value: -0.44447983408475933 and parameters: {'k1': 0.002442336292396972, 'D_low': 10.723179759743578, 'k2': 0.00033600776981679276, 'D_high': 41572.442519714365, 'fire_exp': 2.1622336936338664, 'P_half': 53.16567937235705, 'pre_dampen_half': 0.1820286452892819, 'gpp_af': 0.0018012146223427591, 'gpp_b': 0.00021506980470200804, 'gpp_d': 0.03661497873099269, 'ign_k': 0.21978021387800248, 'ign_c': 0.6603704892212108, 'trop_agb_crit': 11.706695114929285, 'trop_k_veg': 5.4563341337749875, 'pop_amp': 1.2506524942337018, 'pop_peak': 0.06532709866099232, 'pop_sig': 0.3579344030116141, 'fuel_k': 0.025054166822888434, 'fuel_half': 0.3662524514363398}. Best is trial 121 with value: -0.6148958760349835.
[I 2026-08-19 14:44:19,967] Trial 346 finished with value: -0.5453362051705817 and parameters: {'k1': 0.00023830169043204347, 'D_low': 1295.903822748469, 'k2': 1.9241084412639145e-05, 'D_high': 3071480.5759079647, 'fire_exp': 1.0089064270626926, 'P_half': 70.68385875193046, 'pre_dampen_half': 0.6028075123223811, 'gpp_af': 0.011596996985935868, 'gpp_b': 0.001961913715400133, 'gpp_d': 1.255415431951697, 'ign_k': 2.2703002685794784, 'ign_c': 3.7496777504916055, 'trop_agb_crit': 12.048539260276506, 'trop_k_veg': 0.8970871575987084, 'pop_amp': 0.1636895424386586, 'pop_peak': 1.1175085486671872, 'pop_sig': 1.7377413294588533, 'fuel_k': 0.10640464446155445, 'fuel_half': 3.065210685455641}. Best is trial 121 with value: -0.6148958760349835.
