[I 2026-08-20 00:25:22,855] Trial 606 finished with value: 0.6202716565303095 and parameters: {'k1': 0.007488197140177596, 'D_low': 109.47957059009093, 'k2': 6.814133770429764e-05, 'D_high': 142582.28682459166, 'fire_exp': 2.0134983322311406, 'P_half': 18.281207181687254, 'pre_dampen_half': 0.09815935410083326, 'gpp_af': 0.006494615097953098, 'gpp_b': 4.4022717953877664e-05, 'gpp_d': 763.1400275860735, 'ign_k': 2.0328764857967796, 'ign_c': 28.489170921100676, 'trop_agb_crit': 2.46899355503816, 'trop_k_veg': 4.3211363751068355}. Best is trial 0 with value: -0.5989088506199346.
[I 2026-08-20 00:25:25,408] Trial 607 finished with value: 0.4054472472397622 and parameters: {'k1': 0.004031109630530661, 'D_low': 2.9736710563336626, 'k2': 1.0081691562779423e-05, 'D_high': 7051701.889714309, 'fire_exp': 2.114185057393161, 'P_half': 42.90318230043795, 'pre_dampen_half': 15.074868812350399, 'gpp_af': 0.0011978002088206324, 'gpp_b': 3.561908548910591e-05, 'gpp_d': 77.71497425682941, 'ign_k': 1.1972839035574634, 'ign_c': 12.801284668481701, 'trop_agb_crit': 4.7602672006612385, 'trop_k_veg': 2.4939401677872293}. Best is trial 0 with value: -0.5989088506199346.
[I 2026-08-20 00:25:27,678] Trial 608 finished with value: 0.48029905831444875 and parameters: {'k1': 0.002879395897540683, 'D_low': 9227.094565089397, 'k2': 0.00011343380376926773, 'D_high': 6563967.221480441, 'fire_exp': 1.6146911625914282, 'P_half': 30.095988797246395, 'pre_dampen_half': 6.324931090912523, 'gpp_af': 0.09968360533384661, 'gpp_b': 0.00038283697420636646, 'gpp_d': 87.31763966477541, 'ign_k': 0.032227638070472776, 'ign_c': 1.3549726170815324, 'trop_agb_crit': 28.58039606472066, 'trop_k_veg': 7.768869745269581}. Best is trial 0 with value: -0.5989088506199346.
[I 2026-08-20 00:25:29,932] Trial 609 finished with value: 0.42687718796451646 and parameters: {'k1': 0.00040517930250284973, 'D_low': 1.1647040764725451, 'k2': 4.323692073364604e-05, 'D_high': 2929404.972402415, 'fire_exp': 2.570644433420453, 'P_half': 8.985427348658224, 'pre_dampen_half': 26.635902631282583, 'gpp_af': 1.0895982190668776, 'gpp_b': 0.005117744436665623, 'gpp_d': 7.652969745621304, 'ign_k': 0.2170910335652471, 'ign_c': 1.4944508691482863, 'trop_agb_crit': 1.0999724130957265, 'trop_k_veg': 2.152472550757476}. Best is trial 0 with value: -0.5989088506199346.
[I 2026-08-20 00:25:32,281] Trial 610 finished with value: 0.4786810816504613 and parameters: {'k1': 0.0010485562403247785, 'D_low': 14.791741075447565, 'k2': 0.00010768134815871558, 'D_high': 64250.90743142049, 'fire_exp': 4.448118201365865, 'P_half': 2.2274921948134345, 'pre_dampen_half': 3.857795074908458, 'gpp_af': 0.004208608344014954, 'gpp_b': 2.3156187982273217e-05, 'gpp_d': 530.7288886010822, 'ign_k': 0.8425195348814849, 'ign_c': 0.10562657107934902, 'trop_agb_crit': 5.475442928778719, 'trop_k_veg': 4.021670817118578}. Best is trial 0 with value: -0.5989088506199346.
[I 2026-08-20 00:25:34,693] Trial 611 finished with value: 0.5704176665696147 and parameters: {'k1': 0.0015509906650858038, 'D_low': 5.873470717879537, 'k2': 0.00033740722726560495, 'D_high': 1867736.120393094, 'fire_exp': 2.161935531147507, 'P_half': 3.4711287917055937, 'pre_dampen_half': 0.1605971988838349, 'gpp_af': 0.0034694133291307285, 'gpp_b': 0.002364534037164812, 'gpp_d': 757.424612371775, 'ign_k': 2.127091327040219, 'ign_c': 8.858976714475087, 'trop_agb_crit': 5.171684423436212, 'trop_k_veg': 1.3449591489304698}. Best is trial 0 with value: -0.5989088506199346.
[I 2026-08-20 00:25:37,959] Trial 612 finished with value: 0.5178861584755509 and parameters: {'k1': 0.0009902174363226825, 'D_low': 2180.889913945678, 'k2': 0.003505560272433865, 'D_high': 3911187.909688182, 'fire_exp': 1.7610786956132995, 'P_half': 374.52835336986783, 'pre_dampen_half': 7.6291872107338055, 'gpp_af': 0.2673653086676162, 'gpp_b': 0.0007096312006659432, 'gpp_d': 4.263092147236963, 'ign_k': 7.542685071401685, 'ign_c': 25.402852685799292, 'trop_agb_crit': 26.505179486268407, 'trop_k_veg': 1.5999360602052028}. Best is trial 0 with value: -0.5989088506199346.
[I 2026-08-20 00:25:40,261] Trial 613 finished with value: 0.49729031579187033 and parameters: {'k1': 0.017939684329309334, 'D_low': 2.8137349371673497, 'k2': 0.0021587372425185287, 'D_high': 431891.72328529786, 'fire_exp': 2.772319473007914, 'P_half': 29.901981072790473, 'pre_dampen_half': 53.664046659192756, 'gpp_af': 40.70545663252194, 'gpp_b': 0.00011536462107447936, 'gpp_d': 46.31261959464917, 'ign_k': 0.3811957498054398, 'ign_c': 0.840838617328403, 'trop_agb_crit': 18.343856443694353, 'trop_k_veg': 5.691048473087488}. Best is trial 0 with value: -0.5989088506199346.
[I 2026-08-20 00:25:42,604] Trial 614 finished with value: 0.5841620954380234 and parameters: {'k1': 0.01022177003681039, 'D_low': 1017.8482404208606, 'k2': 0.0018327267197014456, 'D_high': 3293804.920100389, 'fire_exp': 2.885813397685891, 'P_half': 630.7230908162878, 'pre_dampen_half': 2.2637955831951357, 'gpp_af': 75.50420776032298, 'gpp_b': 0.021616413556487177, 'gpp_d': 704.7923510658565, 'ign_k': 0.018538114707652913, 'ign_c': 36.89586769828186, 'trop_agb_crit': 17.195067985354758, 'trop_k_veg': 4.029942601622098}. Best is trial 0 with value: -0.5989088506199346.
[I 2026-08-20 00:25:45,121] Trial 615 finished with value: 0.5624089112052697 and parameters: {'k1': 0.016703874563793193, 'D_low': 70.722287628903, 'k2': 0.0005613815494662226, 'D_high': 1019469.840211624, 'fire_exp': 2.6360899274107394, 'P_half': 9.522566254957635, 'pre_dampen_half': 1.640742389925973, 'gpp_af': 13.778758706977655, 'gpp_b': 0.011567871087977953, 'gpp_d': 3.3691618632759517, 'ign_k': 0.17664382200057613, 'ign_c': 18.19457405090601, 'trop_agb_crit': 25.801681243931423, 'trop_k_veg': 1.1717320240272602}. Best is trial 0 with value: -0.5989088506199346.
[I 2026-08-20 00:25:48,194] Trial 616 finished with value: 0.5491465671098475 and parameters: {'k1': 4.2398652738055924e-05, 'D_low': 13849.626674433934, 'k2': 0.0025706285731142203, 'D_high': 111053.01685138563, 'fire_exp': 1.6078050456575526, 'P_half': 7.758112955964278, 'pre_dampen_half': 65.89224463619132, 'gpp_af': 0.08153732240583905, 'gpp_b': 0.020268741697816256, 'gpp_d': 604.6729770700802, 'ign_k': 0.024483334955246832, 'ign_c': 0.13931668398639532, 'trop_agb_crit': 11.478574180569948, 'trop_k_veg': 2.5604950722732602}. Best is trial 0 with value: -0.5989088506199346.
[I 2026-08-20 00:25:50,796] Trial 617 finished with value: 0.4597722620849305 and parameters: {'k1': 0.02574215512775126, 'D_low': 1.2040484380404823, 'k2': 0.0028921315247831367, 'D_high': 1909645.219051652, 'fire_exp': 9.25727791147513, 'P_half': 4.732964190150349, 'pre_dampen_half': 27.95129598502723, 'gpp_af': 11.518832787155041, 'gpp_b': 2.9045910054344787e-05, 'gpp_d': 480.96264727613084, 'ign_k': 4.8116144368672575, 'ign_c': 5.242174732768821, 'trop_agb_crit': 4.498165187074131, 'trop_k_veg': 0.8217267361902875}. Best is trial 0 with value: -0.5989088506199346.
[I 2026-08-20 00:25:53,197] Trial 618 finished with value: 0.4278760662937835 and parameters: {'k1': 1.3107535478104584e-05, 'D_low': 1639.1381887444638, 'k2': 0.005324367240492164, 'D_high': 3262569.7701624925, 'fire_exp': 1.6146676274096883, 'P_half': 9.124494003632806, 'pre_dampen_half': 25.277919538421216, 'gpp_af': 0.00186867031056965, 'gpp_b': 1.577563212657234e-05, 'gpp_d': 29.846103107314075, 'ign_k': 0.24162540246623804, 'ign_c': 0.8819542809618031, 'trop_agb_crit': 26.64635036919547, 'trop_k_veg': 0.7559977351913582}. Best is trial 0 with value: -0.5989088506199346.
[I 2026-08-20 00:25:55,648] Trial 619 finished with value: 0.5295955092148379 and parameters: {'k1': 0.00046408689723818436, 'D_low': 1.5546267306587052, 'k2': 0.00037054084987175716, 'D_high': 904846.4995725582, 'fire_exp': 6.471041464856554, 'P_half': 1.3809645577937149, 'pre_dampen_half': 2.24496650285503, 'gpp_af': 39.14318242027702, 'gpp_b': 1.8279584275825258, 'gpp_d': 673.3103455228198, 'ign_k': 8.293078456315532, 'ign_c': 11.361102123493094, 'trop_agb_crit': 6.471922835552064, 'trop_k_veg': 2.0418895914542188}. Best is trial 0 with value: -0.5989088506199346.
[I 2026-08-20 00:25:58,196] Trial 620 finished with value: 0.42569220415642606 and parameters: {'k1': 0.03984517017472759, 'D_low': 21.842624531166184, 'k2': 0.0026391070090118845, 'D_high': 1094591.94834582, 'fire_exp': 4.476974467636674, 'P_half': 1.9914112633484304, 'pre_dampen_half': 3.914869543745838, 'gpp_af': 0.04435061363936024, 'gpp_b': 0.00027230056835476636, 'gpp_d': 24.645823897071033, 'ign_k': 1.4229977979134762, 'ign_c': 15.585370247718217, 'trop_agb_crit': 3.582270630773941, 'trop_k_veg': 5.967874072536116}. Best is trial 0 with value: -0.5989088506199346.
[I 2026-08-20 00:26:00,686] Trial 621 finished with value: 0.5852779689107794 and parameters: {'k1': 0.0004356680078760205, 'D_low': 2.4883465206563384, 'k2': 0.00026670664245473065, 'D_high': 125881.82396890715, 'fire_exp': 5.794745808972861, 'P_half': 21.405305575807347, 'pre_dampen_half': 21.267917925296267, 'gpp_af': 6.453215371688477, 'gpp_b': 1.4425408447801145e-05, 'gpp_d': 298.0013592544817, 'ign_k': 9.627102334605627, 'ign_c': 27.213633894142745, 'trop_agb_crit': 8.92165318345525, 'trop_k_veg': 1.0263290402385545}. Best is trial 0 with value: -0.5989088506199346.
[I 2026-08-20 00:26:03,270] Trial 622 finished with value: 0.5030705871757695 and parameters: {'k1': 0.002601409297210104, 'D_low': 160.43820960661816, 'k2': 0.08567579512773768, 'D_high': 208800.89684097128, 'fire_exp': 1.0514755569455139, 'P_half': 2.7539655880448364, 'pre_dampen_half': 0.8755340007892186, 'gpp_af': 0.06525805272636019, 'gpp_b': 0.047619302032237666, 'gpp_d': 3.072532909997677, 'ign_k': 0.213420605992415, 'ign_c': 0.31586141513455274, 'trop_agb_crit': 5.044912714750502, 'trop_k_veg': 1.5765193545583036}. Best is trial 0 with value: -0.5989088506199346.
[I 2026-08-20 00:26:05,731] Trial 623 finished with value: 0.5237973672474349 and parameters: {'k1': 2.3282635946886563e-05, 'D_low': 4605.044550657334, 'k2': 5.7128856560156895e-05, 'D_high': 2278174.632077593, 'fire_exp': 2.3582911328048404, 'P_half': 3.664124948156125, 'pre_dampen_half': 0.1895839383512936, 'gpp_af': 0.5746394008346377, 'gpp_b': 0.0003444040726685229, 'gpp_d': 562.5301321727604, 'ign_k': 0.8942632755823016, 'ign_c': 0.4712184307303315, 'trop_agb_crit': 5.351565477040646, 'trop_k_veg': 2.472427684018551}. Best is trial 0 with value: -0.5989088506199346.
[I 2026-08-20 00:26:08,584] Trial 624 finished with value: 0.4427337870995487 and parameters: {'k1': 0.027534875996820498, 'D_low': 21.899115664226308, 'k2': 0.0038781715595890684, 'D_high': 2388683.8944584383, 'fire_exp': 4.076913138397831, 'P_half': 7.161270640059507, 'pre_dampen_half': 1.8467189748059192, 'gpp_af': 2.9172024652786495, 'gpp_b': 0.00010432096515280103, 'gpp_d': 743.0104524507365, 'ign_k': 9.77429021585589, 'ign_c': 20.491247046821098, 'trop_agb_crit': 4.513915743339809, 'trop_k_veg': 3.2347360820692663}. Best is trial 0 with value: -0.5989088506199346.
[I 2026-08-20 00:26:11,151] Trial 625 finished with value: 0.5597942533561008 and parameters: {'k1': 0.012560489331802632, 'D_low': 1.7000821407305537, 'k2': 0.0008428874575482432, 'D_high': 11067.986245570219, 'fire_exp': 2.566596140749728, 'P_half': 33.51824959882092, 'pre_dampen_half': 1.1621253896583126, 'gpp_af': 0.0222196723211804, 'gpp_b': 7.867924326023663e-05, 'gpp_d': 613.9752787895336, 'ign_k': 3.4704663874182082, 'ign_c': 2.5598136626320054, 'trop_agb_crit': 9.027783336783749, 'trop_k_veg': 3.549607971147752}. Best is trial 0 with value: -0.5989088506199346.
[I 2026-08-20 00:26:13,836] Trial 626 finished with value: 0.5699041841590652 and parameters: {'k1': 0.035366138236859315, 'D_low': 29.508241142956695, 'k2': 0.006846125138516857, 'D_high': 887596.5677438865, 'fire_exp': 2.7089556617085027, 'P_half': 33.62804221948503, 'pre_dampen_half': 10.138337429068397, 'gpp_af': 23.414327250702737, 'gpp_b': 0.0001649856587708856, 'gpp_d': 40.67324537153481, 'ign_k': 0.006148582170222527, 'ign_c': 1.780975117187166, 'trop_agb_crit': 15.311664099151361, 'trop_k_veg': 2.679091323499276}. Best is trial 0 with value: -0.5989088506199346.
[I 2026-08-20 00:26:16,528] Trial 627 finished with value: 0.5062982572981254 and parameters: {'k1': 0.0003639836220171671, 'D_low': 4.387940886884838, 'k2': 0.00010857803357457891, 'D_high': 3313886.846812279, 'fire_exp': 3.1181753422801837, 'P_half': 1.9155313012943609, 'pre_dampen_half': 269.18368971108555, 'gpp_af': 3.6387241521889515, 'gpp_b': 0.0010935481194856045, 'gpp_d': 94.49566412109901, 'ign_k': 8.959879678284066, 'ign_c': 1.5470284431190946, 'trop_agb_crit': 4.890999428066705, 'trop_k_veg': 1.66446731896774}. Best is trial 0 with value: -0.5989088506199346.
[I 2026-08-20 00:26:19,035] Trial 628 finished with value: -0.5514683800511305 and parameters: {'k1': 0.0012682326434864536, 'D_low': 111.01369975170608, 'k2': 0.014586857970323316, 'D_high': 67237.47248006598, 'fire_exp': 5.3534076786892175, 'P_half': 9.555411199388068, 'pre_dampen_half': 340.8326431573782, 'gpp_af': 1.003588098471665, 'gpp_b': 0.010157445185190947, 'gpp_d': 10.460099670998877, 'ign_k': 0.155339260422073, 'ign_c': 0.3954209747706743, 'trop_agb_crit': 12.537617563946476, 'trop_k_veg': 3.5034094603841353}. Best is trial 0 with value: -0.5989088506199346.
[I 2026-08-20 00:26:21,480] Trial 629 finished with value: 0.47740063482417305 and parameters: {'k1': 0.0006811004137809033, 'D_low': 1271.3100963098598, 'k2': 0.0012421626681332473, 'D_high': 4156535.089544837, 'fire_exp': 1.3710600126734345, 'P_half': 1549.661837889859, 'pre_dampen_half': 15.935431611149875, 'gpp_af': 0.2124946540589114, 'gpp_b': 0.00017861752785040938, 'gpp_d': 9.909093569887087, 'ign_k': 0.4981702043961432, 'ign_c': 7.991299211555698, 'trop_agb_crit': 21.89087098591217, 'trop_k_veg': 3.4791183747434147}. Best is trial 0 with value: -0.5989088506199346.
[I 2026-08-20 00:26:23,984] Trial 630 finished with value: -0.5712457157674441 and parameters: {'k1': 0.0004949057296654537, 'D_low': 14.171726832029854, 'k2': 2.6210605452775573e-05, 'D_high': 5116225.743364989, 'fire_exp': 1.3270399255014609, 'P_half': 27.456745951464065, 'pre_dampen_half': 0.4189268381978297, 'gpp_af': 0.013061998958190543, 'gpp_b': 1.4053327969679563e-05, 'gpp_d': 902.4568526303481, 'ign_k': 9.958524886302216, 'ign_c': 4.545198513017023, 'trop_agb_crit': 4.070303814161394, 'trop_k_veg': 6.189018690379921}. Best is trial 0 with value: -0.5989088506199346.
[I 2026-08-20 00:26:26,444] Trial 631 finished with value: 0.42998407092092494 and parameters: {'k1': 0.00017083412770479102, 'D_low': 259.43515718824773, 'k2': 0.05389357965023384, 'D_high': 401849.69286847964, 'fire_exp': 1.0211346187641956, 'P_half': 100.50932542103087, 'pre_dampen_half': 14.060407577292699, 'gpp_af': 20.018632495975133, 'gpp_b': 0.04017060423946578, 'gpp_d': 99.36406824667938, 'ign_k': 0.025062079136737764, 'ign_c': 0.14954772433899216, 'trop_agb_crit': 28.814939229737732, 'trop_k_veg': 2.830630628456136}. Best is trial 0 with value: -0.5989088506199346.
[I 2026-08-20 00:26:29,541] Trial 632 finished with value: -0.5863374167099326 and parameters: {'k1': 0.000366032190487347, 'D_low': 43.841941961032745, 'k2': 6.462020975919684e-05, 'D_high': 1367652.0321082463, 'fire_exp': 1.187053406365815, 'P_half': 19.379627906965034, 'pre_dampen_half': 0.6846776526025118, 'gpp_af': 0.03666804128337677, 'gpp_b': 2.2233334070338777e-05, 'gpp_d': 7.725027417055568, 'ign_k': 0.8567643076995906, 'ign_c': 10.608084294006792, 'trop_agb_crit': 2.6730567079487733, 'trop_k_veg': 5.656916001975705}. Best is trial 0 with value: -0.5989088506199346.
[I 2026-08-20 00:26:32,080] Trial 633 finished with value: 0.515624783674096 and parameters: {'k1': 0.006953727362787218, 'D_low': 1.3471603546113897, 'k2': 0.00021507894178477457, 'D_high': 4329933.587670326, 'fire_exp': 3.507814046727627, 'P_half': 5.836578189905794, 'pre_dampen_half': 0.3931816381938442, 'gpp_af': 0.006967504005789156, 'gpp_b': 0.0003117315105672272, 'gpp_d': 418.19418619735194, 'ign_k': 6.90886962905633, 'ign_c': 3.2117931596328053, 'trop_agb_crit': 2.443238535380769, 'trop_k_veg': 4.754135231500156}. Best is trial 0 with value: -0.5989088506199346.
[I 2026-08-20 00:26:34,987] Trial 634 finished with value: 0.5058800876744154 and parameters: {'k1': 0.00011857352176944234, 'D_low': 3.030717805189397, 'k2': 4.7537444376750724e-05, 'D_high': 7752452.222799645, 'fire_exp': 1.4553002877620644, 'P_half': 23.503526059409346, 'pre_dampen_half': 0.11098084857367722, 'gpp_af': 0.009571797271192152, 'gpp_b': 8.517793124830292e-05, 'gpp_d': 467.42229421299, 'ign_k': 2.0092387313334954, 'ign_c': 3.302825745983574, 'trop_agb_crit': 2.2457572559066192, 'trop_k_veg': 7.45637084168147}. Best is trial 0 with value: -0.5989088506199346.
[I 2026-08-20 00:26:38,755] Trial 635 finished with value: 0.5497972945437982 and parameters: {'k1': 0.00047231734728550877, 'D_low': 7.472560316515269, 'k2': 0.00011757887906031856, 'D_high': 520781.30979109247, 'fire_exp': 6.992620394107103, 'P_half': 135.3321452061267, 'pre_dampen_half': 5.875612927439497, 'gpp_af': 0.024822762128450273, 'gpp_b': 0.00014615527150611384, 'gpp_d': 33.703176386243385, 'ign_k': 4.639461090388182, 'ign_c': 0.9325706423762953, 'trop_agb_crit': 1.659943475918221, 'trop_k_veg': 5.439315776664945}. Best is trial 0 with value: -0.5989088506199346.
[I 2026-08-20 00:26:40,890] Trial 636 finished with value: 0.5657166349621117 and parameters: {'k1': 0.00017727533911563115, 'D_low': 1.218547734852702, 'k2': 1.660944571109646e-05, 'D_high': 1923759.0905974123, 'fire_exp': 4.09088282798651, 'P_half': 24.81030995055643, 'pre_dampen_half': 0.740730451344151, 'gpp_af': 1.6780610864804302, 'gpp_b': 0.0009540920578598693, 'gpp_d': 67.29854297605455, 'ign_k': 0.04326483874755346, 'ign_c': 0.6079840596370487, 'trop_agb_crit': 15.8281354882527, 'trop_k_veg': 7.279056551350734}. Best is trial 0 with value: -0.5989088506199346.
[I 2026-08-20 00:26:43,069] Trial 637 finished with value: 0.5746435591279121 and parameters: {'k1': 0.0004831966214062697, 'D_low': 610.378063391934, 'k2': 0.0004975272676445417, 'D_high': 5318770.37062471, 'fire_exp': 2.2845842154676532, 'P_half': 3.918946231106447, 'pre_dampen_half': 0.06099692891930885, 'gpp_af': 0.003966435595035585, 'gpp_b': 8.537879753563747e-05, 'gpp_d': 1.231587104204201, 'ign_k': 0.5213708789236553, 'ign_c': 24.652433463879998, 'trop_agb_crit': 3.3587012652250943, 'trop_k_veg': 6.103290494359089}. Best is trial 0 with value: -0.5989088506199346.
[I 2026-08-20 00:26:45,260] Trial 638 finished with value: 0.496339477086835 and parameters: {'k1': 0.0002826006775737902, 'D_low': 110.13660517668245, 'k2': 0.00047573431902263953, 'D_high': 366488.76949659834, 'fire_exp': 1.8667399717886175, 'P_half': 80.72857268549562, 'pre_dampen_half': 0.1380520572348522, 'gpp_af': 0.057625616977546076, 'gpp_b': 1.3583588734845024e-05, 'gpp_d': 156.2864056265329, 'ign_k': 7.469748330684764, 'ign_c': 5.035907477110061, 'trop_agb_crit': 3.17811255398521, 'trop_k_veg': 4.523819709698845}. Best is trial 0 with value: -0.5989088506199346.
[I 2026-08-20 00:26:47,218] Trial 639 finished with value: -0.5701535082539968 and parameters: {'k1': 0.003296471746745204, 'D_low': 288.45608601325665, 'k2': 0.00029405665866709185, 'D_high': 2740939.0477718166, 'fire_exp': 1.3170445590325246, 'P_half': 12.413895831630448, 'pre_dampen_half': 0.42340558805311324, 'gpp_af': 0.00972894982390653, 'gpp_b': 6.196735640211736e-05, 'gpp_d': 683.6515627796609, 'ign_k': 4.0796102150668805, 'ign_c': 1.4714378705940312, 'trop_agb_crit': 4.61391969283024, 'trop_k_veg': 3.724570958802501}. Best is trial 0 with value: -0.5989088506199346.
[I 2026-08-20 00:26:49,499] Trial 640 finished with value: 0.4072385512748429 and parameters: {'k1': 0.05181489421462169, 'D_low': 1247.8449345444944, 'k2': 0.00030342310881157123, 'D_high': 5478577.720716321, 'fire_exp': 1.0718291119588546, 'P_half': 40.45797083799798, 'pre_dampen_half': 2.4541652412388117, 'gpp_af': 0.039865053295593464, 'gpp_b': 6.272262146881676e-05, 'gpp_d': 637.651577365109, 'ign_k': 9.317679758691105, 'ign_c': 12.027803103657813, 'trop_agb_crit': 10.800340778220962, 'trop_k_veg': 4.885033517030877}. Best is trial 0 with value: -0.5989088506199346.
[I 2026-08-20 00:26:51,449] Trial 641 finished with value: 0.4708139913973566 and parameters: {'k1': 0.0004356134867415687, 'D_low': 320.69269734661276, 'k2': 2.5882527048416978e-05, 'D_high': 68027.53301655187, 'fire_exp': 1.0994048515331076, 'P_half': 42.35721847816506, 'pre_dampen_half': 1.0394394206329145, 'gpp_af': 0.0061553488310297595, 'gpp_b': 4.704096604705102e-05, 'gpp_d': 2.9817049320546274, 'ign_k': 1.394494836011611, 'ign_c': 11.346852967241924, 'trop_agb_crit': 4.075438772788797, 'trop_k_veg': 2.4682260785519152}. Best is trial 0 with value: -0.5989088506199346.
[I 2026-08-20 00:26:53,483] Trial 642 finished with value: 0.4091349630147233 and parameters: {'k1': 0.0026380409637401896, 'D_low': 125.4556330531732, 'k2': 0.0009122314994464897, 'D_high': 182875.80687577077, 'fire_exp': 1.155117824335524, 'P_half': 13.267401293817862, 'pre_dampen_half': 2.341206066343491, 'gpp_af': 0.002098652977557891, 'gpp_b': 1.6659666760604307e-05, 'gpp_d': 50.799778268672476, 'ign_k': 2.5044257393913196, 'ign_c': 10.842783060016192, 'trop_agb_crit': 3.128951910061093, 'trop_k_veg': 2.7766910251528163}. Best is trial 0 with value: -0.5989088506199346.
