[I 2026-08-20 00:19:38,069] Trial 384 finished with value: 0.6189332525799982 and parameters: {'k1': 0.002318724382566407, 'D_low': 58702.20236252213, 'k2': 0.013887196237527462, 'D_high': 80228.34608211079, 'fire_exp': 3.4023509367548166, 'P_half': 104.79958377455765, 'pre_dampen_half': 26.160050412326505, 'gpp_af': 0.01115633677739708, 'gpp_b': 5.791596855724483e-05, 'gpp_d': 5.019925203172196, 'ign_k': 2.826886533388277, 'ign_c': 0.1310262962550568, 'trop_agb_crit': 12.590739122570547, 'trop_k_veg': 2.7501386730348347, 'pop_amp': 0.3117377309290061, 'pop_peak': 285.9153353290638, 'pop_sig': 0.5719640769622392}. Best is trial 274 with value: -0.604910391627968.
[I 2026-08-20 00:19:40,997] Trial 385 finished with value: 0.6293568191734022 and parameters: {'k1': 0.0007696497100577468, 'D_low': 69584.18144621653, 'k2': 0.03791183848295802, 'D_high': 410044.2536840286, 'fire_exp': 2.178689773000237, 'P_half': 55.401270629498335, 'pre_dampen_half': 60.32148988373669, 'gpp_af': 0.0013332422669875574, 'gpp_b': 0.003626459875302275, 'gpp_d': 0.5015546125895292, 'ign_k': 2.943061568006417, 'ign_c': 0.7001302712196634, 'trop_agb_crit': 25.904083422200603, 'trop_k_veg': 0.9743461043447575, 'pop_amp': 0.5969663103159345, 'pop_peak': 774.4467355212299, 'pop_sig': 0.6975076826980866}. Best is trial 274 with value: -0.604910391627968.
[I 2026-08-20 00:19:44,014] Trial 386 finished with value: 0.6055087057643215 and parameters: {'k1': 0.003955928558182402, 'D_low': 18598.174450432478, 'k2': 0.03190631541503432, 'D_high': 5566658.4664803, 'fire_exp': 1.5173226947026108, 'P_half': 20.400246902363815, 'pre_dampen_half': 50.832749703667226, 'gpp_af': 0.11788382180843901, 'gpp_b': 0.002458883166824918, 'gpp_d': 67.45192165158676, 'ign_k': 0.038808973503243534, 'ign_c': 136.5964818690422, 'trop_agb_crit': 23.79521883673794, 'trop_k_veg': 4.297420980516034, 'pop_amp': 0.23528994890436625, 'pop_peak': 0.4699942583853378, 'pop_sig': 0.2706672335408284}. Best is trial 274 with value: -0.604910391627968.
[I 2026-08-20 00:19:46,878] Trial 387 finished with value: 0.484203315297981 and parameters: {'k1': 0.021739024656045353, 'D_low': 540.4692559612103, 'k2': 0.0014740150760629066, 'D_high': 6283178.049171489, 'fire_exp': 3.069769421578416, 'P_half': 6.628406020685058, 'pre_dampen_half': 0.6163517383802585, 'gpp_af': 0.005616267212965419, 'gpp_b': 0.0004897420102055062, 'gpp_d': 272.5602545568852, 'ign_k': 2.0379948944465864, 'ign_c': 1.0919356409144252, 'trop_agb_crit': 2.837816968006207, 'trop_k_veg': 3.364421910585202, 'pop_amp': 0.5575128791097803, 'pop_peak': 0.1970942636125729, 'pop_sig': 1.2193444559348166}. Best is trial 274 with value: -0.604910391627968.
[I 2026-08-20 00:19:49,787] Trial 388 finished with value: -0.5390203175841205 and parameters: {'k1': 0.0016803492200468562, 'D_low': 7069.511805143121, 'k2': 0.00021215861751240042, 'D_high': 27991.127178027466, 'fire_exp': 1.3692580671993866, 'P_half': 9.213801297281021, 'pre_dampen_half': 37.12689246310098, 'gpp_af': 0.008352377256311154, 'gpp_b': 0.00011758052524194507, 'gpp_d': 0.8846615160300494, 'ign_k': 0.3788873461588933, 'ign_c': 0.392481988139965, 'trop_agb_crit': 22.006533603618248, 'trop_k_veg': 0.8679940328922341, 'pop_amp': 1.1244042007568449, 'pop_peak': 56.469728451081735, 'pop_sig': 0.4873057368436047}. Best is trial 274 with value: -0.604910391627968.
[I 2026-08-20 00:19:52,841] Trial 389 finished with value: 0.4832985551984983 and parameters: {'k1': 0.020899129636933012, 'D_low': 808.0607996192261, 'k2': 0.011656491576778713, 'D_high': 6472328.249172072, 'fire_exp': 1.8838154899228754, 'P_half': 1.8082226715756988, 'pre_dampen_half': 285.61516753165296, 'gpp_af': 0.05515862917354854, 'gpp_b': 0.006885585777382101, 'gpp_d': 18.252724031681456, 'ign_k': 0.34742963122520487, 'ign_c': 2.2320857747330476, 'trop_agb_crit': 17.462687072800605, 'trop_k_veg': 4.031280943995252, 'pop_amp': 0.001423447161797438, 'pop_peak': 0.05165070018972584, 'pop_sig': 0.35820812179655415}. Best is trial 274 with value: -0.604910391627968.
[I 2026-08-20 00:19:55,745] Trial 390 finished with value: 0.5389544360062628 and parameters: {'k1': 0.006267701279411413, 'D_low': 833.9503635489571, 'k2': 0.001976182156033059, 'D_high': 863493.5360481589, 'fire_exp': 2.5772281495344056, 'P_half': 1828.059591088887, 'pre_dampen_half': 148.0582602557169, 'gpp_af': 0.002547894973870835, 'gpp_b': 1.3495108103656305e-05, 'gpp_d': 644.6493612263228, 'ign_k': 0.8847657491413332, 'ign_c': 10.900175897826603, 'trop_agb_crit': 8.248706346651396, 'trop_k_veg': 2.898681705081114, 'pop_amp': 0.40798784442772756, 'pop_peak': 2.4902120709439903, 'pop_sig': 1.6385158065099823}. Best is trial 274 with value: -0.604910391627968.
[I 2026-08-20 00:19:58,774] Trial 391 finished with value: 0.44935713006177225 and parameters: {'k1': 0.0014472575083493667, 'D_low': 305.8252407433951, 'k2': 0.0002996685729158721, 'D_high': 1113964.402681608, 'fire_exp': 2.5051050865733693, 'P_half': 1.92967699064634, 'pre_dampen_half': 56.70064320618388, 'gpp_af': 0.015438632861576315, 'gpp_b': 0.0005355629714925133, 'gpp_d': 2.428740614036442, 'ign_k': 0.5883552213983432, 'ign_c': 0.1176391238869108, 'trop_agb_crit': 14.559903168831925, 'trop_k_veg': 0.5435041007395046, 'pop_amp': 0.19959048530436052, 'pop_peak': 29.477305161684335, 'pop_sig': 0.5546857695965632}. Best is trial 274 with value: -0.604910391627968.
[I 2026-08-20 00:20:01,734] Trial 392 finished with value: 0.5948836292960861 and parameters: {'k1': 0.0007216069405068998, 'D_low': 32334.57400873576, 'k2': 0.010974066468469032, 'D_high': 1563569.3751480188, 'fire_exp': 2.0745690172304587, 'P_half': 850.7622072934253, 'pre_dampen_half': 172.00185532195442, 'gpp_af': 0.006768632357127045, 'gpp_b': 0.0010287595150043195, 'gpp_d': 270.7233815255826, 'ign_k': 4.793263094861774, 'ign_c': 0.15310703464777722, 'trop_agb_crit': 23.99637314571427, 'trop_k_veg': 0.8445287971250915, 'pop_amp': 0.6483275292440014, 'pop_peak': 17.740271353134602, 'pop_sig': 0.8072421125735044}. Best is trial 274 with value: -0.604910391627968.
[I 2026-08-20 00:20:04,867] Trial 393 finished with value: 0.5222988597024815 and parameters: {'k1': 0.0009311543760878888, 'D_low': 3502.695487535019, 'k2': 0.00033803191701272636, 'D_high': 75498.19238618753, 'fire_exp': 1.1748221789311641, 'P_half': 2.335075101556362, 'pre_dampen_half': 0.9884546701409548, 'gpp_af': 0.003791786589376331, 'gpp_b': 2.7832685473118324e-05, 'gpp_d': 5.587320404760836, 'ign_k': 0.3921308953007403, 'ign_c': 0.6954995336819693, 'trop_agb_crit': 14.35830234979176, 'trop_k_veg': 1.365104606108123, 'pop_amp': 8.496327053145379, 'pop_peak': 176.64674661326518, 'pop_sig': 0.47008752199060877}. Best is trial 274 with value: -0.604910391627968.
[I 2026-08-20 00:20:07,938] Trial 394 finished with value: 0.6160298176401885 and parameters: {'k1': 0.015788865332123425, 'D_low': 549.0196621200171, 'k2': 0.017357964256121333, 'D_high': 224.63478726654168, 'fire_exp': 1.5774079500663103, 'P_half': 6360.422373344444, 'pre_dampen_half': 12.99164584646494, 'gpp_af': 0.033263913908786275, 'gpp_b': 6.050262672067209e-05, 'gpp_d': 1.5701559617168825, 'ign_k': 0.08629970425285653, 'ign_c': 0.4828528653185605, 'trop_agb_crit': 10.175020776996591, 'trop_k_veg': 3.5069783388651863, 'pop_amp': 0.006202820349351212, 'pop_peak': 6.198111109288046, 'pop_sig': 1.2027088445223753}. Best is trial 274 with value: -0.604910391627968.
[I 2026-08-20 00:20:11,040] Trial 395 finished with value: 0.6375384398823714 and parameters: {'k1': 0.0002540153272744707, 'D_low': 1086.8623443561614, 'k2': 0.0137355402638009, 'D_high': 223720.49919308387, 'fire_exp': 3.739223868783447, 'P_half': 290.73211423873914, 'pre_dampen_half': 901.7220499650232, 'gpp_af': 0.003977502274698766, 'gpp_b': 0.011503457704507364, 'gpp_d': 0.25947562848334543, 'ign_k': 6.450208182007982, 'ign_c': 0.409983941164123, 'trop_agb_crit': 27.480956477432635, 'trop_k_veg': 3.2598189450846435, 'pop_amp': 0.005303156176818914, 'pop_peak': 44.202702784859774, 'pop_sig': 0.37013225434758756}. Best is trial 274 with value: -0.604910391627968.
[I 2026-08-20 00:20:14,128] Trial 396 finished with value: 0.44239328266128997 and parameters: {'k1': 0.0010025610263046456, 'D_low': 7962.570382961373, 'k2': 0.0009486548624139394, 'D_high': 9238430.957395772, 'fire_exp': 3.446824534175204, 'P_half': 36.579888291470866, 'pre_dampen_half': 15.574604538016239, 'gpp_af': 0.0017659123009564493, 'gpp_b': 0.0001574569568897929, 'gpp_d': 0.5543574010953114, 'ign_k': 3.5547384961884987, 'ign_c': 0.9944906954946466, 'trop_agb_crit': 23.141649899813636, 'trop_k_veg': 2.441176386225209, 'pop_amp': 3.13536978389481, 'pop_peak': 1.7074187497012843, 'pop_sig': 0.3083579613860897}. Best is trial 274 with value: -0.604910391627968.
[I 2026-08-20 00:20:17,186] Trial 397 finished with value: 0.5186112170370301 and parameters: {'k1': 0.0838602538149736, 'D_low': 10736.80578741528, 'k2': 0.006668636218575509, 'D_high': 1543835.816737586, 'fire_exp': 1.2477442193506236, 'P_half': 3.3825974972138857, 'pre_dampen_half': 21.056704641584496, 'gpp_af': 0.9538416806209676, 'gpp_b': 3.964411036642452e-05, 'gpp_d': 0.23583537202680926, 'ign_k': 0.07969920200218081, 'ign_c': 0.18654755357141634, 'trop_agb_crit': 17.98371632346889, 'trop_k_veg': 2.7701327527005, 'pop_amp': 0.03355302708368494, 'pop_peak': 6.6290966973248, 'pop_sig': 1.1636443318133676}. Best is trial 274 with value: -0.604910391627968.
[I 2026-08-20 00:20:20,359] Trial 398 finished with value: -0.5127930735012494 and parameters: {'k1': 0.0011351727488561453, 'D_low': 1371.5256353376087, 'k2': 0.0442015938918502, 'D_high': 6288173.428323429, 'fire_exp': 1.131302571812822, 'P_half': 64.93706001037467, 'pre_dampen_half': 315.35420824980605, 'gpp_af': 0.05886810836034059, 'gpp_b': 0.026689187623870767, 'gpp_d': 0.10173021750348948, 'ign_k': 6.101018461941395, 'ign_c': 0.20738169954109112, 'trop_agb_crit': 7.1463696824941225, 'trop_k_veg': 0.6988964747422909, 'pop_amp': 0.005917939739037058, 'pop_peak': 0.08743463729641827, 'pop_sig': 1.0043715353092546}. Best is trial 274 with value: -0.604910391627968.
[I 2026-08-20 00:20:23,446] Trial 399 finished with value: 0.5838641906891759 and parameters: {'k1': 0.0010254613137803804, 'D_low': 1510.0106505143285, 'k2': 0.00016459423559377417, 'D_high': 41114.27186638606, 'fire_exp': 1.4351035969168258, 'P_half': 11.89772144601582, 'pre_dampen_half': 29.263763743129406, 'gpp_af': 0.011316476157512939, 'gpp_b': 0.08533528569821053, 'gpp_d': 0.4245015940533743, 'ign_k': 0.041074207936017355, 'ign_c': 0.5705644822335946, 'trop_agb_crit': 25.168289888694108, 'trop_k_veg': 0.6022982217617291, 'pop_amp': 6.744648210071739, 'pop_peak': 140.34515523676959, 'pop_sig': 0.6906022311192108}. Best is trial 274 with value: -0.604910391627968.
[I 2026-08-20 00:20:26,782] Trial 400 finished with value: 0.5774788498606285 and parameters: {'k1': 0.0014541440854764782, 'D_low': 311.16009031705164, 'k2': 0.00017168567232803535, 'D_high': 2803.7829470321813, 'fire_exp': 1.6028642419868384, 'P_half': 56.35295819875558, 'pre_dampen_half': 16.876424389759784, 'gpp_af': 0.02020101955181471, 'gpp_b': 1.7760525987551402e-05, 'gpp_d': 0.030215152304833372, 'ign_k': 0.14012391641202968, 'ign_c': 1.0970607989242127, 'trop_agb_crit': 19.02967306013717, 'trop_k_veg': 0.7486582768457397, 'pop_amp': 1.9830672866794676, 'pop_peak': 18.53593806229004, 'pop_sig': 0.3739848534920692}. Best is trial 274 with value: -0.604910391627968.
[I 2026-08-20 00:20:29,896] Trial 401 finished with value: -0.5676122191311096 and parameters: {'k1': 0.0064029636632091085, 'D_low': 1039.3383749296952, 'k2': 0.0019044593848954548, 'D_high': 1356824.5252380946, 'fire_exp': 1.2718788401271104, 'P_half': 116.94145797272898, 'pre_dampen_half': 8.881047405172701, 'gpp_af': 0.0038036110264177687, 'gpp_b': 0.0001291475338078533, 'gpp_d': 188.2150222532521, 'ign_k': 0.0017214262291256376, 'ign_c': 3.45035809515035, 'trop_agb_crit': 22.410904292660106, 'trop_k_veg': 0.7829191171265216, 'pop_amp': 0.5948746976429574, 'pop_peak': 47.794627730975435, 'pop_sig': 2.1935731943655816}. Best is trial 274 with value: -0.604910391627968.
[I 2026-08-20 00:20:32,946] Trial 402 finished with value: 0.4054756245440393 and parameters: {'k1': 0.0019127948057275298, 'D_low': 133.03732673317316, 'k2': 0.008160391909060748, 'D_high': 7322545.680226309, 'fire_exp': 1.067553089426632, 'P_half': 384.25786678651303, 'pre_dampen_half': 13.839337916250685, 'gpp_af': 0.03185162416832118, 'gpp_b': 3.0013083824255343e-05, 'gpp_d': 132.11970849384687, 'ign_k': 0.29603884815307396, 'ign_c': 9.16390735935877, 'trop_agb_crit': 18.85186800374577, 'trop_k_veg': 1.0164337260031977, 'pop_amp': 0.1906323057717965, 'pop_peak': 287.0160940502897, 'pop_sig': 2.102146908346087}. Best is trial 274 with value: -0.604910391627968.
[I 2026-08-20 00:20:36,094] Trial 403 finished with value: 0.6445374145881376 and parameters: {'k1': 0.0023312661704795487, 'D_low': 41500.72490480312, 'k2': 0.005902676839896071, 'D_high': 6442.759272441872, 'fire_exp': 1.0804492598376587, 'P_half': 24.39694563173132, 'pre_dampen_half': 68.97211863272256, 'gpp_af': 0.054350649965319006, 'gpp_b': 0.0003117644748142118, 'gpp_d': 14.605607238916903, 'ign_k': 0.07448759243346702, 'ign_c': 0.47663206118907225, 'trop_agb_crit': 20.154087754800578, 'trop_k_veg': 0.9093646558279576, 'pop_amp': 0.9242311895773843, 'pop_peak': 70.72933594769525, 'pop_sig': 0.5356846553979169}. Best is trial 274 with value: -0.604910391627968.
[I 2026-08-20 00:20:39,069] Trial 404 finished with value: 0.45425132635665033 and parameters: {'k1': 0.0005277656961488677, 'D_low': 30.777072904250055, 'k2': 0.002504862756547028, 'D_high': 66414.23266800657, 'fire_exp': 2.2523727344897972, 'P_half': 85.96980392804421, 'pre_dampen_half': 14.569563559663482, 'gpp_af': 3.8141738643041707, 'gpp_b': 0.004549289178574368, 'gpp_d': 9.617690375601065, 'ign_k': 5.99428604662364, 'ign_c': 0.12631506409103976, 'trop_agb_crit': 3.1887686715304273, 'trop_k_veg': 4.863826414559385, 'pop_amp': 1.4460242120617195, 'pop_peak': 52.40712650411435, 'pop_sig': 0.6505312578676193}. Best is trial 274 with value: -0.604910391627968.
[I 2026-08-20 00:20:42,151] Trial 405 finished with value: 0.4974728697815416 and parameters: {'k1': 0.012630646596718474, 'D_low': 3547.9172112115657, 'k2': 0.012478952485015406, 'D_high': 31223.822838419088, 'fire_exp': 1.5161801359512412, 'P_half': 142.86055771072435, 'pre_dampen_half': 299.81085930851845, 'gpp_af': 0.0058653032358992364, 'gpp_b': 0.00015325629276209657, 'gpp_d': 511.3904900777447, 'ign_k': 0.0018080504313684358, 'ign_c': 3.249980031154526, 'trop_agb_crit': 19.56909915811428, 'trop_k_veg': 1.2069943626007626, 'pop_amp': 0.5906106372588352, 'pop_peak': 2.7268538434838256, 'pop_sig': 1.833467954141737}. Best is trial 274 with value: -0.604910391627968.
[I 2026-08-20 00:20:45,110] Trial 406 finished with value: 0.6445374145881376 and parameters: {'k1': 0.0222974584987897, 'D_low': 23.30170143610259, 'k2': 0.00547131080277662, 'D_high': 33413.099469235225, 'fire_exp': 4.490058480750893, 'P_half': 179.61782129183487, 'pre_dampen_half': 987.5519216574538, 'gpp_af': 0.005953693034324487, 'gpp_b': 1.2107921345936093e-05, 'gpp_d': 426.88517528019696, 'ign_k': 0.957206088480563, 'ign_c': 55.76943175489394, 'trop_agb_crit': 23.300906014486213, 'trop_k_veg': 2.26191064353451, 'pop_amp': 0.0017291084475993344, 'pop_peak': 1.3331934294507166, 'pop_sig': 2.0109685226066767}. Best is trial 274 with value: -0.604910391627968.
[I 2026-08-20 00:20:48,145] Trial 407 finished with value: 0.5592915520659563 and parameters: {'k1': 0.004116903304718784, 'D_low': 12.223985642715151, 'k2': 8.842149967587347e-05, 'D_high': 788340.5735664599, 'fire_exp': 1.274935212370702, 'P_half': 989.3944054756606, 'pre_dampen_half': 3.270890147277988, 'gpp_af': 0.008090077643394427, 'gpp_b': 0.006808516670145735, 'gpp_d': 708.2635192429539, 'ign_k': 0.0037143239237203713, 'ign_c': 0.7154459897030582, 'trop_agb_crit': 11.37557286574713, 'trop_k_veg': 0.8560529345619421, 'pop_amp': 1.310319443128876, 'pop_peak': 19.49586849570322, 'pop_sig': 1.5365890613397921}. Best is trial 274 with value: -0.604910391627968.
[I 2026-08-20 00:20:51,036] Trial 408 finished with value: -0.524894453414146 and parameters: {'k1': 0.0016081934377476452, 'D_low': 1923.768453419798, 'k2': 6.912992979011973e-05, 'D_high': 405.7667618692759, 'fire_exp': 1.0782503837312256, 'P_half': 2.68132579522086, 'pre_dampen_half': 68.86388255112661, 'gpp_af': 0.1854716909975483, 'gpp_b': 0.0005058169924666325, 'gpp_d': 14.028950893602897, 'ign_k': 0.3702561391547863, 'ign_c': 0.4056956753319734, 'trop_agb_crit': 17.597188165385646, 'trop_k_veg': 1.3894510024581384, 'pop_amp': 1.724985129665174, 'pop_peak': 9.02413424882362, 'pop_sig': 0.3129579107205843}. Best is trial 274 with value: -0.604910391627968.
[I 2026-08-20 00:20:53,883] Trial 409 finished with value: 0.5979690781025292 and parameters: {'k1': 0.0001227264980712461, 'D_low': 4.799128622093759, 'k2': 9.886494661002221e-05, 'D_high': 46755.09171526951, 'fire_exp': 3.4068579450361933, 'P_half': 140.65855035686303, 'pre_dampen_half': 17.45629641868848, 'gpp_af': 6.060290444296164, 'gpp_b': 0.058588449562038535, 'gpp_d': 2.22629041581907, 'ign_k': 6.077692290402772, 'ign_c': 0.18050443004310102, 'trop_agb_crit': 20.86406345160716, 'trop_k_veg': 4.957274033067141, 'pop_amp': 0.06963381879380798, 'pop_peak': 59.69702098163676, 'pop_sig': 0.604420161829885}. Best is trial 274 with value: -0.604910391627968.
[I 2026-08-20 00:20:56,795] Trial 410 finished with value: 0.6445374145881376 and parameters: {'k1': 0.0006265304978582931, 'D_low': 202105.2735678372, 'k2': 0.00030515196161892195, 'D_high': 41180.291386754216, 'fire_exp': 2.2611435932519033, 'P_half': 19.71505861258685, 'pre_dampen_half': 19.365250486924644, 'gpp_af': 0.029025928386247905, 'gpp_b': 0.0007218161782067582, 'gpp_d': 0.14661930523903122, 'ign_k': 0.2836618272667889, 'ign_c': 4.7617915545690535, 'trop_agb_crit': 17.195939051149224, 'trop_k_veg': 0.8844311293089314, 'pop_amp': 1.7373719130252043, 'pop_peak': 452.95519036311634, 'pop_sig': 0.5823780272941569}. Best is trial 274 with value: -0.604910391627968.
[I 2026-08-20 00:20:59,677] Trial 411 finished with value: 0.5090947040241911 and parameters: {'k1': 0.0036268097033866913, 'D_low': 3221.8337152031822, 'k2': 0.0047682095445837555, 'D_high': 413227.86378088745, 'fire_exp': 4.176219421575892, 'P_half': 1.8758806953336198, 'pre_dampen_half': 0.1052813351398118, 'gpp_af': 0.0023846963646536826, 'gpp_b': 0.00023159807176195864, 'gpp_d': 0.24304482051724055, 'ign_k': 4.288364415067836, 'ign_c': 9.410517475877624, 'trop_agb_crit': 9.590342287985012, 'trop_k_veg': 3.5521685060065695, 'pop_amp': 1.6105177451713635, 'pop_peak': 27.513524613719287, 'pop_sig': 0.8258791240984985}. Best is trial 274 with value: -0.604910391627968.
[I 2026-08-20 00:21:02,899] Trial 412 finished with value: -0.5532860871870919 and parameters: {'k1': 0.013152732040597633, 'D_low': 508.4180406553511, 'k2': 0.0009211289565961457, 'D_high': 96896.0822531079, 'fire_exp': 5.020490580285726, 'P_half': 21.108166176157493, 'pre_dampen_half': 4.701857188360773, 'gpp_af': 0.010663594409436698, 'gpp_b': 1.4989127554949886e-05, 'gpp_d': 372.99701361028724, 'ign_k': 1.046421648144348, 'ign_c': 2.6090386316484424, 'trop_agb_crit': 7.4092217671019505, 'trop_k_veg': 2.243667888418471, 'pop_amp': 0.03582241044914667, 'pop_peak': 9.959848436586935, 'pop_sig': 1.4841965661017555}. Best is trial 274 with value: -0.604910391627968.
[I 2026-08-20 00:21:05,900] Trial 413 finished with value: 0.5858534249081698 and parameters: {'k1': 0.02786833182593926, 'D_low': 3773.4354818699057, 'k2': 0.002693388899018187, 'D_high': 2948950.917822751, 'fire_exp': 6.238595273471324, 'P_half': 820.8267689179919, 'pre_dampen_half': 4.026801726278793, 'gpp_af': 0.0030745092635184467, 'gpp_b': 4.310783739079412e-05, 'gpp_d': 420.4495463838728, 'ign_k': 1.9267372015469701, 'ign_c': 0.3359030894280579, 'trop_agb_crit': 9.66314446959122, 'trop_k_veg': 3.671619520360153, 'pop_amp': 0.019024476956423304, 'pop_peak': 0.09947181339680222, 'pop_sig': 2.2287338285756735}. Best is trial 274 with value: -0.604910391627968.
[I 2026-08-20 00:21:09,054] Trial 414 finished with value: -0.5358227503408703 and parameters: {'k1': 4.611725650854372e-05, 'D_low': 771.6465124755208, 'k2': 0.019501070091210652, 'D_high': 1516323.7896090609, 'fire_exp': 1.4492383314742732, 'P_half': 816.0083856815518, 'pre_dampen_half': 50.50103519393942, 'gpp_af': 0.03422710857606175, 'gpp_b': 0.0007780210456176027, 'gpp_d': 0.5902866594907646, 'ign_k': 1.096852956867374, 'ign_c': 8.098383144360325, 'trop_agb_crit': 12.3077929897914, 'trop_k_veg': 3.7274469643915022, 'pop_amp': 0.0011641907010124263, 'pop_peak': 2.714180918309977, 'pop_sig': 0.4881988404072464}. Best is trial 274 with value: -0.604910391627968.
[I 2026-08-20 00:21:12,058] Trial 415 finished with value: 0.43495674587450617 and parameters: {'k1': 0.0005916686829738627, 'D_low': 815.4890465347876, 'k2': 0.001403427663535062, 'D_high': 1585133.8913370399, 'fire_exp': 1.1298908761831958, 'P_half': 46.602448480266744, 'pre_dampen_half': 21.24894053185565, 'gpp_af': 0.020411931997114486, 'gpp_b': 0.010742066222244986, 'gpp_d': 2.5203080010384875, 'ign_k': 0.25083518863783044, 'ign_c': 4.30467401039688, 'trop_agb_crit': 10.765210198534092, 'trop_k_veg': 3.5242977821334294, 'pop_amp': 0.0012589263991728502, 'pop_peak': 10.024663321946313, 'pop_sig': 0.39816130780462294}. Best is trial 274 with value: -0.604910391627968.
