[I 2026-07-25 00:35:02,617] Trial 734 finished with value: 0.5395466697566658 and parameters: {'k1': 0.07074859427077267, 'D_low': 668.4936881553448, 'k2': 0.05035100700967724, 'D_high': 661001.0952400689, 'fire_exp': 3.080781316877111, 'P_half': 78.15487616851601, 'pre_dampen_half': 132.94615205369462, 'gpp_af': 0.42501600416874874, 'gpp_b': 5.25108009486422e-05, 'gpp_d': 820.929607505612, 'ign_k': 0.0011984694131566024, 'ign_c': 1.1104453850600777, 'trop_agb_crit': 11.885850251177741, 'trop_k_veg': 0.6183938834955801, 'gdp_gamma': 0.20097041660602943, 'cure_k': 0.012626685089226392, 'cure_p_min': 145.27825259078503, 'cure_gpp_ref': 0.4557635919219783, 'cure_agb_crit': 3.8895168089592422, 'fuel_k': 0.046018198292983335, 'fuel_half': 0.6489873432434209}. Best is trial 577 with value: -0.629883323094065.
[I 2026-07-25 00:35:03,079] Trial 735 finished with value: 0.47011660889701834 and parameters: {'k1': 0.004321996709801848, 'D_low': 986.9852764540652, 'k2': 0.0003649011410731907, 'D_high': 1216040.6280052266, 'fire_exp': 1.9507259200876292, 'P_half': 240.67815949025268, 'pre_dampen_half': 0.16955475034669412, 'gpp_af': 0.08574764000087266, 'gpp_b': 1.7639812844159557e-05, 'gpp_d': 366.1210772312486, 'ign_k': 0.004174171263656419, 'ign_c': 10.60849809950421, 'trop_agb_crit': 23.45395143506818, 'trop_k_veg': 1.0816299931767341, 'gdp_gamma': 1.1487635329894528, 'cure_k': 0.0010713306612517783, 'cure_p_min': 234.6452781436312, 'cure_gpp_ref': 0.8773982586735649, 'cure_agb_crit': 5.620064511030148, 'fuel_k': 0.1460569963861952, 'fuel_half': 1.6721546604930637}. Best is trial 577 with value: -0.629883323094065.
[I 2026-07-25 00:35:03,537] Trial 736 finished with value: 0.5249060338178503 and parameters: {'k1': 0.00018824936550442843, 'D_low': 23.133097685642795, 'k2': 0.00078108517091033, 'D_high': 5380577.357315755, 'fire_exp': 2.47270384913283, 'P_half': 71.7032636944687, 'pre_dampen_half': 0.16960663916289617, 'gpp_af': 1.6106252776624892, 'gpp_b': 0.004027404907849722, 'gpp_d': 26.031598219292423, 'ign_k': 0.0031801568929198006, 'ign_c': 6.57562657701888, 'trop_agb_crit': 12.92677362783273, 'trop_k_veg': 0.691907908032913, 'gdp_gamma': 1.0618638067027137, 'cure_k': 0.0018778742943328622, 'cure_p_min': 313.3176366252587, 'cure_gpp_ref': 0.5580472084484432, 'cure_agb_crit': 2.784010450419753, 'fuel_k': 0.17092736260799674, 'fuel_half': 35.12375705679736}. Best is trial 577 with value: -0.629883323094065.
[I 2026-07-25 00:35:03,991] Trial 737 finished with value: 0.5249643830040401 and parameters: {'k1': 0.0766541242334993, 'D_low': 36.54854303428154, 'k2': 6.0503739876634805e-05, 'D_high': 373120.3162933329, 'fire_exp': 1.3719436058376282, 'P_half': 106.41280326626097, 'pre_dampen_half': 11.367280392987471, 'gpp_af': 0.022987590995712622, 'gpp_b': 3.2429875604987907e-05, 'gpp_d': 104.61355350449112, 'ign_k': 0.0027230644133410834, 'ign_c': 350.1231151271222, 'trop_agb_crit': 14.050978284134612, 'trop_k_veg': 0.7253454911516031, 'gdp_gamma': 0.11525528648514169, 'cure_k': 0.0037087891448598287, 'cure_p_min': 173.99020157646717, 'cure_gpp_ref': 0.22962350481797464, 'cure_agb_crit': 6.216024150308942, 'fuel_k': 0.044721615560912184, 'fuel_half': 9.478577755366675}. Best is trial 577 with value: -0.629883323094065.
[I 2026-07-25 00:35:04,448] Trial 738 finished with value: 0.39291340062114966 and parameters: {'k1': 0.0002857141172787578, 'D_low': 296.22153924982763, 'k2': 0.006611067878262017, 'D_high': 3417834.138383983, 'fire_exp': 1.8730553846621418, 'P_half': 194.11793803167893, 'pre_dampen_half': 1.3977205996651336, 'gpp_af': 0.02386734814542328, 'gpp_b': 3.419238918195424e-05, 'gpp_d': 479.32915080510537, 'ign_k': 0.006236443104733578, 'ign_c': 0.4879531906243657, 'trop_agb_crit': 21.394430219835144, 'trop_k_veg': 0.809792761888349, 'gdp_gamma': 1.2091664115621035, 'cure_k': 0.001037183920567205, 'cure_p_min': 186.5454333641181, 'cure_gpp_ref': 0.34785178918233667, 'cure_agb_crit': 6.279100096064913, 'fuel_k': 0.049755107945898026, 'fuel_half': 23.201385627053945}. Best is trial 577 with value: -0.629883323094065.
[I 2026-07-25 00:35:04,901] Trial 739 finished with value: 0.41997215205551086 and parameters: {'k1': 0.0010483639467737092, 'D_low': 164.53967430855502, 'k2': 0.0008725421004053782, 'D_high': 278281.25872628175, 'fire_exp': 1.3527465247198873, 'P_half': 507.01783671443616, 'pre_dampen_half': 0.17016283059598483, 'gpp_af': 0.048537741094986674, 'gpp_b': 0.00590619890318294, 'gpp_d': 1.2398054505972493, 'ign_k': 0.3544505948983978, 'ign_c': 2.1481849930722294, 'trop_agb_crit': 28.068137278195934, 'trop_k_veg': 3.5498429410719963, 'gdp_gamma': 0.7852028913867558, 'cure_k': 0.12935220872752626, 'cure_p_min': 367.3002335254513, 'cure_gpp_ref': 1.2055019334506927, 'cure_agb_crit': 2.3663126706147213, 'fuel_k': 0.017968722647093083, 'fuel_half': 0.7125249711413473}. Best is trial 577 with value: -0.629883323094065.
[I 2026-07-25 00:35:05,355] Trial 740 finished with value: 0.4671565547312635 and parameters: {'k1': 9.556355995711139e-05, 'D_low': 15004.36742906852, 'k2': 0.009667142734876523, 'D_high': 194097.9307266496, 'fire_exp': 3.3688765862066035, 'P_half': 65.86271276455855, 'pre_dampen_half': 71.42816920831561, 'gpp_af': 3.4468853729947138, 'gpp_b': 0.0003408787213211695, 'gpp_d': 18.86897917627324, 'ign_k': 0.13732939953648615, 'ign_c': 1.2536061845960151, 'trop_agb_crit': 4.501963064800501, 'trop_k_veg': 1.7152924090244215, 'gdp_gamma': 0.06060929184875388, 'cure_k': 0.002810773186172711, 'cure_p_min': 357.05918178767274, 'cure_gpp_ref': 0.6019581256588987, 'cure_agb_crit': 6.434851569520622, 'fuel_k': 0.030587843641066346, 'fuel_half': 0.48645562439738216}. Best is trial 577 with value: -0.629883323094065.
[I 2026-07-25 00:35:05,811] Trial 741 finished with value: 0.5804755244920964 and parameters: {'k1': 0.023365863585565864, 'D_low': 9.214906868788894, 'k2': 0.0014197046880538176, 'D_high': 77834.25015093907, 'fire_exp': 2.4140985066320693, 'P_half': 1764.489410998212, 'pre_dampen_half': 0.8943709848341396, 'gpp_af': 0.05757643626687504, 'gpp_b': 3.587115548646723e-05, 'gpp_d': 73.5694119379858, 'ign_k': 0.0037347200408042506, 'ign_c': 17.87015207173637, 'trop_agb_crit': 7.89357787303994, 'trop_k_veg': 1.0146209077090578, 'gdp_gamma': 1.0847311333812135, 'cure_k': 0.0013760701858891063, 'cure_p_min': 152.114359735198, 'cure_gpp_ref': 0.31832934544201613, 'cure_agb_crit': 4.57697934262664, 'fuel_k': 0.03151779165196596, 'fuel_half': 19.670620963370776}. Best is trial 577 with value: -0.629883323094065.
[I 2026-07-25 00:35:06,264] Trial 742 finished with value: 0.5785812388454895 and parameters: {'k1': 0.03347975870999411, 'D_low': 7755.262407962503, 'k2': 0.01555263307911462, 'D_high': 512914.6093965344, 'fire_exp': 1.1547783481184213, 'P_half': 21.887264612743547, 'pre_dampen_half': 0.04848959979148653, 'gpp_af': 0.7648382387755482, 'gpp_b': 0.0007357458264269425, 'gpp_d': 5.365582277464391, 'ign_k': 0.10846180701074512, 'ign_c': 43.20596019881375, 'trop_agb_crit': 12.755137507922969, 'trop_k_veg': 1.9072035274416679, 'gdp_gamma': 0.04097384234284285, 'cure_k': 0.018511058567778245, 'cure_p_min': 369.6181888316434, 'cure_gpp_ref': 1.0021366428762384, 'cure_agb_crit': 4.068850064649004, 'fuel_k': 0.7837802931944201, 'fuel_half': 0.3911615477104434}. Best is trial 577 with value: -0.629883323094065.
[I 2026-07-25 00:35:06,724] Trial 743 finished with value: 0.5712372740908508 and parameters: {'k1': 0.005109708291642898, 'D_low': 41.93645124688864, 'k2': 0.0006068305389582831, 'D_high': 3703670.414774243, 'fire_exp': 2.126378598093984, 'P_half': 1953.5667810860925, 'pre_dampen_half': 7.895818845151534, 'gpp_af': 0.03995169106440371, 'gpp_b': 3.4629448148229975e-05, 'gpp_d': 256.6197288415408, 'ign_k': 0.003268057872658161, 'ign_c': 90.73482015903235, 'trop_agb_crit': 12.967539339887358, 'trop_k_veg': 0.8430785779022091, 'gdp_gamma': 0.6601476945484186, 'cure_k': 0.001534022293354977, 'cure_p_min': 161.18687144232666, 'cure_gpp_ref': 0.24209358536980713, 'cure_agb_crit': 7.295163729477602, 'fuel_k': 0.15560663316436024, 'fuel_half': 33.352109578587076}. Best is trial 577 with value: -0.629883323094065.
[I 2026-07-25 00:35:07,193] Trial 744 finished with value: 0.4583545721608443 and parameters: {'k1': 0.0040119065712529885, 'D_low': 379.2490668611226, 'k2': 3.2099697553268144e-05, 'D_high': 517557.00025495817, 'fire_exp': 1.5882033084010978, 'P_half': 25.797274713068884, 'pre_dampen_half': 0.01994483542253873, 'gpp_af': 1.6121749509643704, 'gpp_b': 0.00013874972094171957, 'gpp_d': 294.4829826416852, 'ign_k': 0.00246843770516631, 'ign_c': 21.121805818274996, 'trop_agb_crit': 28.910420039366738, 'trop_k_veg': 3.059385387386682, 'gdp_gamma': 0.7216828264364988, 'cure_k': 0.002683312645751882, 'cure_p_min': 267.28743035812886, 'cure_gpp_ref': 0.2721798955864103, 'cure_agb_crit': 3.6588727627168613, 'fuel_k': 0.01971971358394291, 'fuel_half': 2.9466048758519565}. Best is trial 577 with value: -0.629883323094065.
[I 2026-07-25 00:35:07,685] Trial 745 finished with value: 0.5024703148156104 and parameters: {'k1': 0.0004263786416813232, 'D_low': 15963.831780141392, 'k2': 0.00018796025938299572, 'D_high': 689.4043830465997, 'fire_exp': 1.5540096830646475, 'P_half': 159.60904129254442, 'pre_dampen_half': 2.1326890767523228, 'gpp_af': 0.10096378930098909, 'gpp_b': 0.044044712964414104, 'gpp_d': 9.972054883285868, 'ign_k': 0.10339752372122389, 'ign_c': 18.981354107616887, 'trop_agb_crit': 21.207973981374977, 'trop_k_veg': 1.166254259011966, 'gdp_gamma': 1.952787728935039, 'cure_k': 0.046378540434266056, 'cure_p_min': 221.63710802894843, 'cure_gpp_ref': 0.9714346539224109, 'cure_agb_crit': 2.9895789065994824, 'fuel_k': 0.24941734528520781, 'fuel_half': 0.45387728927422033}. Best is trial 577 with value: -0.629883323094065.
[I 2026-07-25 00:35:08,141] Trial 746 finished with value: 0.5975456395191537 and parameters: {'k1': 0.012269503985014836, 'D_low': 23.535155212489684, 'k2': 0.002664073290767084, 'D_high': 804846.8878229456, 'fire_exp': 2.670333291019761, 'P_half': 2586.3269745689786, 'pre_dampen_half': 73.18964291806286, 'gpp_af': 0.0019486919315175033, 'gpp_b': 0.003868355450941159, 'gpp_d': 960.5198151722827, 'ign_k': 0.0015479374565681766, 'ign_c': 234.60695177733487, 'trop_agb_crit': 8.554768589552552, 'trop_k_veg': 0.5502649696891716, 'gdp_gamma': 1.1749713148268952, 'cure_k': 0.01468996938551104, 'cure_p_min': 140.33988966347155, 'cure_gpp_ref': 0.15501507680589774, 'cure_agb_crit': 1.199640820548677, 'fuel_k': 0.60758781806014, 'fuel_half': 17.14648645432469}. Best is trial 577 with value: -0.629883323094065.
[I 2026-07-25 00:35:08,597] Trial 747 finished with value: -0.5326044199431053 and parameters: {'k1': 1.5949070035741945e-05, 'D_low': 61.68254674382219, 'k2': 0.00012166270380983889, 'D_high': 1065589.8844632516, 'fire_exp': 1.7590114108048316, 'P_half': 4.786775890974048, 'pre_dampen_half': 4.1259038528145, 'gpp_af': 0.004061781448741618, 'gpp_b': 0.4677093929848816, 'gpp_d': 27.040401187044065, 'ign_k': 0.07682745284093725, 'ign_c': 6.886776805394062, 'trop_agb_crit': 1.1440238465198131, 'trop_k_veg': 0.8746188273154144, 'gdp_gamma': 1.9627123214386746, 'cure_k': 0.18117006781235193, 'cure_p_min': 373.83070548438565, 'cure_gpp_ref': 0.08268355295436508, 'cure_agb_crit': 3.60020309646492, 'fuel_k': 0.053383446761028276, 'fuel_half': 29.547992190455748}. Best is trial 577 with value: -0.629883323094065.
[I 2026-07-25 00:35:09,059] Trial 748 finished with value: 0.4227000751840624 and parameters: {'k1': 0.0006856500741044876, 'D_low': 1.1896186365713188, 'k2': 1.7235053980482804e-05, 'D_high': 439574.19086475915, 'fire_exp': 1.9494378623050514, 'P_half': 46.06676822703954, 'pre_dampen_half': 4.080813474170739, 'gpp_af': 4.566616269303728, 'gpp_b': 1.797041287878377e-05, 'gpp_d': 40.49044691705904, 'ign_k': 0.001358436767486272, 'ign_c': 0.7979248032170857, 'trop_agb_crit': 9.793868505400368, 'trop_k_veg': 0.7349903230406007, 'gdp_gamma': 1.794674907756901, 'cure_k': 0.009639057681099081, 'cure_p_min': 192.61101338354132, 'cure_gpp_ref': 0.33260311330396186, 'cure_agb_crit': 2.3021760905382855, 'fuel_k': 0.019799050832839622, 'fuel_half': 3.6505033481741833}. Best is trial 577 with value: -0.629883323094065.
[I 2026-07-25 00:35:09,511] Trial 749 finished with value: 0.4998199195883689 and parameters: {'k1': 0.000656001373816716, 'D_low': 48.742713073268106, 'k2': 0.0009852563144592947, 'D_high': 236657.5639832489, 'fire_exp': 1.6122951856188055, 'P_half': 8.479181699782382, 'pre_dampen_half': 1.126968675792779, 'gpp_af': 27.725153406263846, 'gpp_b': 2.1716218593876917, 'gpp_d': 71.55269572788829, 'ign_k': 0.21603349990122783, 'ign_c': 64.80854002712621, 'trop_agb_crit': 6.838209970841158, 'trop_k_veg': 4.955395932324237, 'gdp_gamma': 0.35307029429095105, 'cure_k': 0.12675626885263228, 'cure_p_min': 287.3136473569465, 'cure_gpp_ref': 1.3247802880841697, 'cure_agb_crit': 2.875757123808124, 'fuel_k': 0.11308392810345437, 'fuel_half': 1.158701719791421}. Best is trial 577 with value: -0.629883323094065.
[I 2026-07-25 00:35:09,968] Trial 750 finished with value: 0.5963701208661353 and parameters: {'k1': 0.00015211147934062605, 'D_low': 4392.282949740887, 'k2': 0.004195918541870408, 'D_high': 113548.41009825478, 'fire_exp': 3.5266271565718927, 'P_half': 1098.6513404957102, 'pre_dampen_half': 2.5260851288515926, 'gpp_af': 12.124359885222283, 'gpp_b': 0.00029573117949685654, 'gpp_d': 12.235424975634828, 'ign_k': 0.07129579522718289, 'ign_c': 1.5956696139924542, 'trop_agb_crit': 12.1432064163601, 'trop_k_veg': 1.4737479301763194, 'gdp_gamma': 0.3190527457584261, 'cure_k': 0.007108734004369725, 'cure_p_min': 341.17684009532286, 'cure_gpp_ref': 0.9386267487176597, 'cure_agb_crit': 7.788145392031894, 'fuel_k': 0.014037543075444001, 'fuel_half': 2.5746182249719025}. Best is trial 577 with value: -0.629883323094065.
[I 2026-07-25 00:35:10,420] Trial 751 finished with value: -0.5996326155998408 and parameters: {'k1': 0.004225074122043292, 'D_low': 383.73521797432244, 'k2': 0.00017806209376221182, 'D_high': 3251729.2806700543, 'fire_exp': 1.1240204435904537, 'P_half': 3.465104082145887, 'pre_dampen_half': 1.539587287063597, 'gpp_af': 0.030380419971346485, 'gpp_b': 0.1182044091951702, 'gpp_d': 17.044116788352323, 'ign_k': 0.11300140120902397, 'ign_c': 0.13581103943419962, 'trop_agb_crit': 4.283112540929362, 'trop_k_veg': 1.834292443595941, 'gdp_gamma': 1.6860164420461596, 'cure_k': 0.08035709607762566, 'cure_p_min': 341.02318487394007, 'cure_gpp_ref': 0.10268304851413763, 'cure_agb_crit': 1.009409342805219, 'fuel_k': 0.07766496732098246, 'fuel_half': 24.59453885222923}. Best is trial 577 with value: -0.629883323094065.
[I 2026-07-25 00:35:10,878] Trial 752 finished with value: 0.44270600946189176 and parameters: {'k1': 0.0013171925546680665, 'D_low': 13.63438857196589, 'k2': 0.0001129166488318491, 'D_high': 288973.47682154644, 'fire_exp': 2.105430123979971, 'P_half': 68.33806668624237, 'pre_dampen_half': 0.5058214780844642, 'gpp_af': 15.260139666067358, 'gpp_b': 3.147339343989191e-05, 'gpp_d': 32.961771660860165, 'ign_k': 0.010206928092010159, 'ign_c': 0.31422137238045916, 'trop_agb_crit': 16.05851302867961, 'trop_k_veg': 0.7203099584812185, 'gdp_gamma': 1.1919039362237578, 'cure_k': 0.0013185257595119584, 'cure_p_min': 259.2375823553036, 'cure_gpp_ref': 0.6027071982173899, 'cure_agb_crit': 5.267458020439323, 'fuel_k': 0.059719498064944934, 'fuel_half': 13.754388715551832}. Best is trial 577 with value: -0.629883323094065.
[I 2026-07-25 00:35:11,332] Trial 753 finished with value: 0.49395473852365757 and parameters: {'k1': 0.0005012955673947783, 'D_low': 107.12703623442172, 'k2': 0.00027828708884736984, 'D_high': 787114.3410928671, 'fire_exp': 1.2862003504342057, 'P_half': 145.06811047324933, 'pre_dampen_half': 0.22627254855004517, 'gpp_af': 0.4433378125525358, 'gpp_b': 0.011996838777151818, 'gpp_d': 26.149758991008703, 'ign_k': 0.008528346103218015, 'ign_c': 39.28574288546806, 'trop_agb_crit': 9.069826689148881, 'trop_k_veg': 6.645291424585381, 'gdp_gamma': 0.39785606868993767, 'cure_k': 0.013274418092824505, 'cure_p_min': 387.7925305003398, 'cure_gpp_ref': 1.0851416256724502, 'cure_agb_crit': 2.5742817091385395, 'fuel_k': 0.18265084290834205, 'fuel_half': 8.078806550781806}. Best is trial 577 with value: -0.629883323094065.
[I 2026-07-25 00:35:11,791] Trial 754 finished with value: 0.5927977776162034 and parameters: {'k1': 0.03284227234182927, 'D_low': 189.87525001947003, 'k2': 1.664742704251668e-05, 'D_high': 63742.084548477746, 'fire_exp': 1.7981204685342713, 'P_half': 48.640775225610724, 'pre_dampen_half': 0.7021770825859701, 'gpp_af': 0.013427411883729078, 'gpp_b': 0.027445369672598446, 'gpp_d': 1.4289501246841363, 'ign_k': 0.04317541088893957, 'ign_c': 0.20366430511265252, 'trop_agb_crit': 1.6838452660608505, 'trop_k_veg': 0.9897185323833676, 'gdp_gamma': 0.20183394431325902, 'cure_k': 0.006111766386816178, 'cure_p_min': 366.102270778361, 'cure_gpp_ref': 0.07567928421995361, 'cure_agb_crit': 1.9795360151950026, 'fuel_k': 0.11538683050052553, 'fuel_half': 1.0584845488986385}. Best is trial 577 with value: -0.629883323094065.
[I 2026-07-25 00:35:12,241] Trial 755 finished with value: 0.6226233596482469 and parameters: {'k1': 0.001433630511589428, 'D_low': 979.9992103795333, 'k2': 5.980020452989506e-05, 'D_high': 723301.4630647768, 'fire_exp': 1.5216781724738717, 'P_half': 23.3575098756237, 'pre_dampen_half': 141.66037390942617, 'gpp_af': 0.38727481239523226, 'gpp_b': 0.31579008264111746, 'gpp_d': 6.090926034323566, 'ign_k': 0.7191572873049101, 'ign_c': 0.31363413594901846, 'trop_agb_crit': 7.93543011063306, 'trop_k_veg': 1.897473020831375, 'gdp_gamma': 1.57781076898933, 'cure_k': 0.2698660100936792, 'cure_p_min': 282.70867266662987, 'cure_gpp_ref': 0.11811110362900623, 'cure_agb_crit': 1.3744328102566485, 'fuel_k': 0.07603861287315351, 'fuel_half': 9.765194326198174}. Best is trial 577 with value: -0.629883323094065.
[I 2026-07-25 00:35:12,695] Trial 756 finished with value: 0.525066617121297 and parameters: {'k1': 0.000318917601454068, 'D_low': 28.794503779642547, 'k2': 0.04180962162237419, 'D_high': 472482.9371667257, 'fire_exp': 2.7588171984839835, 'P_half': 5.412085765894578, 'pre_dampen_half': 7.085218785725544, 'gpp_af': 52.07423264780976, 'gpp_b': 1.662948664709027e-05, 'gpp_d': 23.198399734217364, 'ign_k': 0.09748464726475603, 'ign_c': 7.6675532367891135, 'trop_agb_crit': 12.446162360296832, 'trop_k_veg': 3.825649524925547, 'gdp_gamma': 0.544126796531714, 'cure_k': 0.0011142744274926638, 'cure_p_min': 260.63008104054455, 'cure_gpp_ref': 0.7437801766241854, 'cure_agb_crit': 3.090120734170069, 'fuel_k': 0.016724532949022475, 'fuel_half': 0.12381344646672854}. Best is trial 577 with value: -0.629883323094065.
[I 2026-07-25 00:35:13,149] Trial 757 finished with value: 0.5750414328084995 and parameters: {'k1': 0.0071565982447549786, 'D_low': 31099.54792086007, 'k2': 0.0017367603730268776, 'D_high': 1750329.6033585411, 'fire_exp': 3.6755959345225184, 'P_half': 2262.592530281016, 'pre_dampen_half': 15.16753491017781, 'gpp_af': 0.006625348477770145, 'gpp_b': 3.091828715754677e-05, 'gpp_d': 136.56183986759544, 'ign_k': 0.001193215163080849, 'ign_c': 1.9186485720543587, 'trop_agb_crit': 28.604770618495102, 'trop_k_veg': 2.4828059484083997, 'gdp_gamma': 0.6840375091988162, 'cure_k': 0.023562576913234122, 'cure_p_min': 120.88069897809524, 'cure_gpp_ref': 0.3325900603886697, 'cure_agb_crit': 7.57921265947995, 'fuel_k': 0.0205676776910877, 'fuel_half': 1.0848292011780591}. Best is trial 577 with value: -0.629883323094065.
[I 2026-07-25 00:35:13,607] Trial 758 finished with value: -0.5513346299288597 and parameters: {'k1': 0.02635043518078626, 'D_low': 535.2999432701664, 'k2': 0.00029929305105716306, 'D_high': 450408.8240670583, 'fire_exp': 1.0242179743383324, 'P_half': 43.91772768469499, 'pre_dampen_half': 0.10459816364892544, 'gpp_af': 0.5771463968251971, 'gpp_b': 0.006050832976495665, 'gpp_d': 3.388583221448785, 'ign_k': 0.011704322133018806, 'ign_c': 0.19431461194934688, 'trop_agb_crit': 6.445200027748073, 'trop_k_veg': 2.3783617612047907, 'gdp_gamma': 0.1633849762949999, 'cure_k': 0.16025810779848643, 'cure_p_min': 306.34555534193146, 'cure_gpp_ref': 0.22716199085763397, 'cure_agb_crit': 1.5678721832118225, 'fuel_k': 0.016913648446176675, 'fuel_half': 24.90229625001713}. Best is trial 577 with value: -0.629883323094065.
[I 2026-07-25 00:35:14,059] Trial 759 finished with value: 0.5884001663761554 and parameters: {'k1': 0.0034080024477503865, 'D_low': 1335.760273477314, 'k2': 0.03274577726370075, 'D_high': 2374440.5555550214, 'fire_exp': 6.131202309180291, 'P_half': 618.6382344095982, 'pre_dampen_half': 16.14818297857189, 'gpp_af': 0.01660840405792075, 'gpp_b': 0.00026389170310016336, 'gpp_d': 165.05033069615308, 'ign_k': 0.005862028285152318, 'ign_c': 1.694886523724548, 'trop_agb_crit': 13.564733950015112, 'trop_k_veg': 1.323027506965679, 'gdp_gamma': 0.27396939897349304, 'cure_k': 0.0013064821558477044, 'cure_p_min': 94.6344758982591, 'cure_gpp_ref': 0.33875327175271125, 'cure_agb_crit': 1.6545438576956715, 'fuel_k': 0.038453710893970365, 'fuel_half': 27.438911987545506}. Best is trial 577 with value: -0.629883323094065.
