[I 2026-07-22 22:04:14,273] Trial 110 finished with values: [10.539587511335572, 10.539587511335572] and parameters: {'k1': 0.002968335334246999, 'D_low': 140.92119204434155, 'k2': 2.8459703343413838e-05, 'D_high': 107013.64911724928, 'fire_exp': 1.2386878293405026, 'P_half': 2193.8654178115053, 'pre_dampen_half': 3.9885726374014694, 'gpp_af': 18.235072804314193, 'gpp_b': 1.7565109007473816e-05, 'gpp_d': 9.00460602264307, 'ign_k': 0.5131654955148324, 'ign_c': 4.1108484350212295, 'trop_agb_crit': 5.707205898008383, 'trop_k_veg': 0.5415365826598848, 'fuel_k': 0.6199941538390381, 'fuel_half': 7.259866824755671}.
[I 2026-07-22 22:04:14,716] Trial 111 finished with values: [10.769230768877819, 10.769230768877819] and parameters: {'k1': 0.00011502956321912731, 'D_low': 529141.0588169728, 'k2': 0.07799059237255677, 'D_high': 2283.4228779494524, 'fire_exp': 1.0142635214292253, 'P_half': 5167.425813322413, 'pre_dampen_half': 94.20121790275627, 'gpp_af': 0.3259758793317361, 'gpp_b': 6.0495053137151995, 'gpp_d': 2.901272149738622, 'ign_k': 0.015058980408366392, 'ign_c': 3.470490935437501, 'trop_agb_crit': 2.598572417333811, 'trop_k_veg': 0.5348713617837559, 'fuel_k': 0.029571713239325698, 'fuel_half': 4.681702225035901}.
[I 2026-07-22 22:04:15,149] Trial 112 finished with values: [10.62963166125748, 10.62963166125748] and parameters: {'k1': 2.0937989739527727e-05, 'D_low': 150.83210025074274, 'k2': 0.0004381141781653137, 'D_high': 7839199.220074049, 'fire_exp': 1.1081148161781469, 'P_half': 8832.039346746853, 'pre_dampen_half': 10.687450020671585, 'gpp_af': 0.015350904103515228, 'gpp_b': 4.0803257466853524e-05, 'gpp_d': 0.19476644406315285, 'ign_k': 0.0048255892187380085, 'ign_c': 47.268615251255675, 'trop_agb_crit': 1.886175574962432, 'trop_k_veg': 2.3408809609838257, 'fuel_k': 0.3872812826465556, 'fuel_half': 49.011305842597835}.
[I 2026-07-22 22:04:15,588] Trial 113 finished with values: [10.370104082062081, 10.370104082062081] and parameters: {'k1': 0.0003199177539819797, 'D_low': 3.169598846855015, 'k2': 0.07799059237255677, 'D_high': 2283.4228779494524, 'fire_exp': 1.4750777427176416, 'P_half': 334.62201030483817, 'pre_dampen_half': 94.20121790275627, 'gpp_af': 0.3259758793317361, 'gpp_b': 1.1698276136056565e-05, 'gpp_d': 2.2044650100999164, 'ign_k': 0.006039096247545781, 'ign_c': 77.59048401667629, 'trop_agb_crit': 1.4914219038863046, 'trop_k_veg': 3.024803048559367, 'fuel_k': 0.6211831489538813, 'fuel_half': 0.33988503110784557}.
[I 2026-07-22 22:04:16,028] Trial 114 finished with values: [10.737648271779072, 10.737648271779072] and parameters: {'k1': 0.011966626407443505, 'D_low': 1.7887890916820506, 'k2': 0.0001971137615017176, 'D_high': 316055.11434645456, 'fire_exp': 1.2120759485719061, 'P_half': 3910.3637457741784, 'pre_dampen_half': 0.10609580257119508, 'gpp_af': 0.008983355849178878, 'gpp_b': 1.6569065206637924e-05, 'gpp_d': 0.012284844784580964, 'ign_k': 0.004144296901136395, 'ign_c': 0.1831616544393274, 'trop_agb_crit': 13.98132484257899, 'trop_k_veg': 1.7570501127699656, 'fuel_k': 0.08612665817296865, 'fuel_half': 2.1003334103218068}.
[I 2026-07-22 22:04:16,460] Trial 115 finished with values: [10.295541394827282, 10.295541394827282] and parameters: {'k1': 0.0058043147174140705, 'D_low': 11.437258028094242, 'k2': 0.05583672722754823, 'D_high': 3262.5163516684925, 'fire_exp': 2.3123511487896353, 'P_half': 28.15630081597223, 'pre_dampen_half': 868.1843415114095, 'gpp_af': 1.4498445474033743, 'gpp_b': 1.1983032564333187e-05, 'gpp_d': 19.948958651882567, 'ign_k': 0.00515399351160314, 'ign_c': 16.626592254031866, 'trop_agb_crit': 6.058402553512053, 'trop_k_veg': 0.977663002683211, 'fuel_k': 0.017262921159278164, 'fuel_half': 97.86395331218435}.
[I 2026-07-22 22:04:16,889] Trial 116 finished with values: [10.769230768877819, 10.769230768877819] and parameters: {'k1': 0.0293960700973915, 'D_low': 301608.31845055183, 'k2': 0.0011101191524846067, 'D_high': 10211.693428871276, 'fire_exp': 2.0781342038801354, 'P_half': 397.9749374103113, 'pre_dampen_half': 32.34702813589569, 'gpp_af': 9.527157550070955, 'gpp_b': 2.1879230865774315, 'gpp_d': 0.4897515106470031, 'ign_k': 0.03179302199939539, 'ign_c': 0.23764449553865352, 'trop_agb_crit': 4.284230099058087, 'trop_k_veg': 0.5523938241293617, 'fuel_k': 0.19656297483673962, 'fuel_half': 4.245549454254903}.
[I 2026-07-22 22:04:17,313] Trial 117 finished with values: [10.271844827836059, 10.271844827836059] and parameters: {'k1': 6.693990428538841e-05, 'D_low': 1.1640589436768796, 'k2': 3.5281132746849994e-05, 'D_high': 2512533.442757688, 'fire_exp': 2.2271826002669806, 'P_half': 245.27450543222417, 'pre_dampen_half': 10.059683154936915, 'gpp_af': 2.114381609520638, 'gpp_b': 0.002022832315155261, 'gpp_d': 25.017068255320467, 'ign_k': 0.04732407125181112, 'ign_c': 3.4084279109230433, 'trop_agb_crit': 5.841230872704112, 'trop_k_veg': 0.5695379443977426, 'fuel_k': 0.028970790717327534, 'fuel_half': 16.371966573507315}.
[I 2026-07-22 22:04:17,735] Trial 118 finished with values: [10.765227852673407, 10.765227852673407] and parameters: {'k1': 0.0032930213963426706, 'D_low': 14944.869734548733, 'k2': 0.0006579066240690734, 'D_high': 58257.048833920686, 'fire_exp': 2.264545306066772, 'P_half': 4023.759749324184, 'pre_dampen_half': 94.20121790275627, 'gpp_af': 0.3259758793317361, 'gpp_b': 0.02893498807797731, 'gpp_d': 2.901272149738622, 'ign_k': 0.06647020392311619, 'ign_c': 30.236421525614126, 'trop_agb_crit': 2.598572417333811, 'trop_k_veg': 0.5348713617837559, 'fuel_k': 0.194188856108826, 'fuel_half': 1.1483034881881862}.
[I 2026-07-22 22:04:18,173] Trial 119 finished with values: [10.769230343868827, 10.769230343868827] and parameters: {'k1': 0.0067445742055710165, 'D_low': 6289.393154519743, 'k2': 0.00022704877557909215, 'D_high': 43680.76927942614, 'fire_exp': 1.9448531254277797, 'P_half': 3876.511170911631, 'pre_dampen_half': 469.71569713904756, 'gpp_af': 42.44656636175246, 'gpp_b': 0.07115245297181685, 'gpp_d': 0.026345098397336078, 'ign_k': 0.004431133722857619, 'ign_c': 392.8409513479224, 'trop_agb_crit': 1.5280652380617874, 'trop_k_veg': 6.423535314325734, 'fuel_k': 0.019138297164869797, 'fuel_half': 9.783749110062345}.
[I 2026-07-22 22:04:18,616] Trial 120 finished with values: [10.755363839253485, 10.755363839253485] and parameters: {'k1': 0.00011502956321912731, 'D_low': 4158.269729781509, 'k2': 9.580682294110428e-05, 'D_high': 2283.4228779494524, 'fire_exp': 1.3028151137833979, 'P_half': 334.62201030483817, 'pre_dampen_half': 94.20121790275627, 'gpp_af': 0.3259758793317361, 'gpp_b': 0.02502809770894037, 'gpp_d': 2.4002253099641138, 'ign_k': 0.006039096247545781, 'ign_c': 558.880500599197, 'trop_agb_crit': 2.598572417333811, 'trop_k_veg': 0.907369149674874, 'fuel_k': 0.6211831489538813, 'fuel_half': 0.33988503110784557}.
[I 2026-07-22 22:04:19,058] Trial 121 finished with values: [10.769230652321045, 10.769230652321045] and parameters: {'k1': 0.0015375920235481753, 'D_low': 12.856617791467924, 'k2': 0.0009670857606743155, 'D_high': 38111.592260788166, 'fire_exp': 2.3651801035395126, 'P_half': 1212.4080603355412, 'pre_dampen_half': 0.03411860497758073, 'gpp_af': 0.0023751383317256927, 'gpp_b': 0.23395511097933294, 'gpp_d': 3.0023172465753087, 'ign_k': 0.0015167330688076208, 'ign_c': 0.7464754881442117, 'trop_agb_crit': 2.3118820898020997, 'trop_k_veg': 1.0609790190334525, 'fuel_k': 1.663022877763097, 'fuel_half': 12.136386887218588}.
[I 2026-07-22 22:04:19,503] Trial 122 finished with values: [10.769230648417071, 10.769230648417071] and parameters: {'k1': 0.0024005553432620355, 'D_low': 70586.60227368641, 'k2': 0.0034167643418329683, 'D_high': 1693415.5410667954, 'fire_exp': 1.3583416481469217, 'P_half': 1212.4080603355412, 'pre_dampen_half': 0.03411860497758073, 'gpp_af': 0.0023751383317256927, 'gpp_b': 0.6992636148959314, 'gpp_d': 302.3127748796295, 'ign_k': 0.018707420137660268, 'ign_c': 5.48667649881606, 'trop_agb_crit': 2.3118820898020997, 'trop_k_veg': 4.844706510617516, 'fuel_k': 1.8731335591844647, 'fuel_half': 12.136386887218588}.
[I 2026-07-22 22:04:19,944] Trial 123 finished with values: [10.769230768877819, 10.769230768877819] and parameters: {'k1': 9.969469187531805e-05, 'D_low': 1403.0344584930538, 'k2': 0.06307318118491735, 'D_high': 8433503.858791472, 'fire_exp': 1.1081148161781469, 'P_half': 39.03214299767183, 'pre_dampen_half': 703.6426675556041, 'gpp_af': 21.25864743764987, 'gpp_b': 0.7987896438549943, 'gpp_d': 0.19476644406315285, 'ign_k': 1.397590878948223, 'ign_c': 47.268615251255675, 'trop_agb_crit': 23.59397023337466, 'trop_k_veg': 2.3408809609838257, 'fuel_k': 3.6992394681929355, 'fuel_half': 0.6917310667555202}.
[I 2026-07-22 22:04:20,377] Trial 124 finished with values: [10.769038456694078, 10.769038456694078] and parameters: {'k1': 0.0015375920235481753, 'D_low': 12.856617791467924, 'k2': 0.07799059237255677, 'D_high': 2283.4228779494524, 'fire_exp': 2.264545306066772, 'P_half': 3795.8531426706395, 'pre_dampen_half': 94.20121790275627, 'gpp_af': 0.3259758793317361, 'gpp_b': 0.02893498807797731, 'gpp_d': 0.09548041810464164, 'ign_k': 0.006039096247545781, 'ign_c': 2.0013420622879967, 'trop_agb_crit': 2.598572417333811, 'trop_k_veg': 1.0609790190334525, 'fuel_k': 2.006125726290936, 'fuel_half': 1.1756010900231848}.
[I 2026-07-22 22:04:20,812] Trial 125 finished with values: [-0.4490596274829336, 0.1402341970783173] and parameters: {'k1': 2.27847364377152e-05, 'D_low': 6220.638781359816, 'k2': 0.001566517163094646, 'D_high': 16392.60991832772, 'fire_exp': 1.0862503061991866, 'P_half': 7.890004262668578, 'pre_dampen_half': 0.4016986062226068, 'gpp_af': 0.12243451886824051, 'gpp_b': 1.7565109007473816e-05, 'gpp_d': 9.00460602264307, 'ign_k': 3.284529979576942, 'ign_c': 0.11650681118986138, 'trop_agb_crit': 9.362115196011851, 'trop_k_veg': 2.417028380770307, 'fuel_k': 0.018207179480706392, 'fuel_half': 0.3335026483569958}.
[I 2026-07-22 22:04:21,257] Trial 126 finished with values: [10.769230768877819, 10.769230768877819] and parameters: {'k1': 6.069662445477729e-05, 'D_low': 177.51026696160926, 'k2': 0.00013894673469237216, 'D_high': 1627776.4805093466, 'fire_exp': 1.227376291215979, 'P_half': 7126.727573532312, 'pre_dampen_half': 0.022695682239207024, 'gpp_af': 70.695884676536, 'gpp_b': 1.815346247026201e-05, 'gpp_d': 0.01307253094873642, 'ign_k': 0.12906379659404604, 'ign_c': 937.2580613581177, 'trop_agb_crit': 1.4946647023314867, 'trop_k_veg': 2.3220791324604515, 'fuel_k': 0.5588539902953052, 'fuel_half': 42.89592532297351}.
[I 2026-07-22 22:04:21,692] Trial 127 finished with values: [10.61391653637228, 10.61391653637228] and parameters: {'k1': 0.00023352156626184448, 'D_low': 247.75146043208053, 'k2': 1.6559474674046002e-05, 'D_high': 1026.0852623190942, 'fire_exp': 1.1239133746826044, 'P_half': 38.82837025280678, 'pre_dampen_half': 0.46504594134732663, 'gpp_af': 0.005618069878716736, 'gpp_b': 0.016763844265536048, 'gpp_d': 397.44595568350155, 'ign_k': 0.7588328899786276, 'ign_c': 2.4423775964038934, 'trop_agb_crit': 12.285102065067687, 'trop_k_veg': 1.7518409078083697, 'fuel_k': 0.0500651901928747, 'fuel_half': 2.276766792290519}.
[I 2026-07-22 22:04:22,131] Trial 128 finished with values: [10.769230768877819, 10.769230768877819] and parameters: {'k1': 0.0015736446109772138, 'D_low': 19389.89852278267, 'k2': 0.004373100990516265, 'D_high': 478.193184148526, 'fire_exp': 1.0292169511970342, 'P_half': 894.5150807271528, 'pre_dampen_half': 0.37306104754535907, 'gpp_af': 0.349022524783825, 'gpp_b': 2.7886810374231183, 'gpp_d': 0.173242701549491, 'ign_k': 0.026539376439360548, 'ign_c': 107.49405395173397, 'trop_agb_crit': 2.1775224101934065, 'trop_k_veg': 0.6189606672462583, 'fuel_k': 0.013421538374693755, 'fuel_half': 0.30455368715396786}.
[I 2026-07-22 22:04:22,586] Trial 129 finished with values: [10.769230768877819, 10.769230768877819] and parameters: {'k1': 0.0058043147174140705, 'D_low': 150.83210025074274, 'k2': 0.0004381141781653137, 'D_high': 66.8537333582894, 'fire_exp': 1.1081148161781469, 'P_half': 2.843767489444367, 'pre_dampen_half': 420.2116526335304, 'gpp_af': 24.361092841799906, 'gpp_b': 0.0003528984625415794, 'gpp_d': 0.19476644406315285, 'ign_k': 1.8573288333114872, 'ign_c': 47.268615251255675, 'trop_agb_crit': 24.85900548334648, 'trop_k_veg': 0.977663002683211, 'fuel_k': 0.3872812826465556, 'fuel_half': 49.16400722913764}.
[I 2026-07-22 22:04:23,016] Trial 130 finished with values: [10.76758512379844, 10.76758512379844] and parameters: {'k1': 0.00011502956321912731, 'D_low': 12.856617791467924, 'k2': 0.0007406380926311093, 'D_high': 2283.4228779494524, 'fire_exp': 2.264545306066772, 'P_half': 334.62201030483817, 'pre_dampen_half': 94.20121790275627, 'gpp_af': 0.3259758793317361, 'gpp_b': 0.02502809770894037, 'gpp_d': 0.09548041810464164, 'ign_k': 0.006039096247545781, 'ign_c': 2.0013420622879967, 'trop_agb_crit': 2.598572417333811, 'trop_k_veg': 1.0609790190334525, 'fuel_k': 0.6211831489538813, 'fuel_half': 0.33988503110784557}.
[I 2026-07-22 22:04:23,456] Trial 131 finished with values: [10.769197740647337, 10.769197740647337] and parameters: {'k1': 0.00011502956321912731, 'D_low': 29.10300676616922, 'k2': 0.07799059237255677, 'D_high': 2283.4228779494524, 'fire_exp': 1.7542881651932236, 'P_half': 4221.021267871046, 'pre_dampen_half': 0.0684178985066717, 'gpp_af': 0.49740621749684094, 'gpp_b': 0.6992636148959314, 'gpp_d': 302.3127748796295, 'ign_k': 0.018707420137660268, 'ign_c': 77.59048401667629, 'trop_agb_crit': 2.598572417333811, 'trop_k_veg': 7.806492615881168, 'fuel_k': 0.6211831489538813, 'fuel_half': 38.21129441691226}.
[I 2026-07-22 22:04:23,885] Trial 132 finished with values: [10.769069970575446, 10.769069970575446] and parameters: {'k1': 0.00023352156626184448, 'D_low': 84633.79750416071, 'k2': 2.7703009300353648e-05, 'D_high': 1198708.9568039482, 'fire_exp': 1.1239133746826044, 'P_half': 38.82837025280678, 'pre_dampen_half': 96.93415502195796, 'gpp_af': 0.005618069878716736, 'gpp_b': 0.00023741511860790972, 'gpp_d': 40.856658255081804, 'ign_k': 0.7588328899786276, 'ign_c': 36.69361767288943, 'trop_agb_crit': 10.593659188108404, 'trop_k_veg': 2.251517628390837, 'fuel_k': 0.04401685680909188, 'fuel_half': 1.0891507139853283}.
[I 2026-07-22 22:04:24,316] Trial 133 finished with values: [10.642682411754574, 10.642682411754574] and parameters: {'k1': 0.02806535913298299, 'D_low': 247.75146043208053, 'k2': 0.0001971137615017176, 'D_high': 8433503.858791472, 'fire_exp': 2.3750840427797026, 'P_half': 1.4378290221680121, 'pre_dampen_half': 33.71909132517388, 'gpp_af': 0.015350904103515228, 'gpp_b': 0.016763844265536048, 'gpp_d': 0.05811599743439243, 'ign_k': 0.024287565087611766, 'ign_c': 0.4392638796750216, 'trop_agb_crit': 1.886175574962432, 'trop_k_veg': 1.140286245977296, 'fuel_k': 0.08612665817296865, 'fuel_half': 2.276766792290519}.
[I 2026-07-22 22:04:24,744] Trial 134 finished with values: [10.762574444022286, 10.762574444022286] and parameters: {'k1': 0.0003199177539819797, 'D_low': 85.60024220272012, 'k2': 7.011194706512109e-05, 'D_high': 922.5376791737639, 'fire_exp': 1.1159844513896044, 'P_half': 4221.021267871046, 'pre_dampen_half': 9.288856801351132, 'gpp_af': 51.72004221341868, 'gpp_b': 1.1698276136056565e-05, 'gpp_d': 3.1060682524644907, 'ign_k': 0.001679627987843051, 'ign_c': 0.2987250655313649, 'trop_agb_crit': 7.359282739093333, 'trop_k_veg': 3.9497405715830105, 'fuel_k': 0.15820328899546293, 'fuel_half': 0.2414020247400933}.
[I 2026-07-22 22:04:25,168] Trial 135 finished with values: [10.769230768877819, 10.769230768877819] and parameters: {'k1': 0.052334804885400876, 'D_low': 15056.799083945913, 'k2': 0.000985079068311927, 'D_high': 1094.5857315547435, 'fire_exp': 2.4645237762603327, 'P_half': 126.69536563782302, 'pre_dampen_half': 42.056570728710675, 'gpp_af': 0.49740621749684094, 'gpp_b': 1.2892705405728861e-05, 'gpp_d': 302.3127748796295, 'ign_k': 0.00515399351160314, 'ign_c': 20.23326185206641, 'trop_agb_crit': 2.171140223187998, 'trop_k_veg': 3.028464701337094, 'fuel_k': 1.1820218758583807, 'fuel_half': 38.21129441691226}.
[I 2026-07-22 22:04:25,594] Trial 136 finished with values: [10.68610149397286, 10.68610149397286] and parameters: {'k1': 0.0023179376139410863, 'D_low': 85.60024220272012, 'k2': 1.6559474674046002e-05, 'D_high': 1026.0852623190942, 'fire_exp': 2.0868320990652838, 'P_half': 269.74113434525447, 'pre_dampen_half': 3.659675301686168, 'gpp_af': 0.09791370130598968, 'gpp_b': 0.016763844265536048, 'gpp_d': 397.44595568350155, 'ign_k': 0.024287565087611766, 'ign_c': 14.074279366401672, 'trop_agb_crit': 7.359282739093333, 'trop_k_veg': 3.9497405715830105, 'fuel_k': 0.04207132303652083, 'fuel_half': 2.276766792290519}.
[I 2026-07-22 22:04:26,022] Trial 137 finished with values: [10.685586591114104, 10.685586591114104] and parameters: {'k1': 3.6595533391425955e-05, 'D_low': 15056.799083945913, 'k2': 0.0007081721844034209, 'D_high': 305369.47947832284, 'fire_exp': 2.4645237762603327, 'P_half': 10.226988730324324, 'pre_dampen_half': 42.056570728710675, 'gpp_af': 0.02298987619936072, 'gpp_b': 0.011750724729953272, 'gpp_d': 372.8155624293852, 'ign_k': 0.0026834162496848666, 'ign_c': 6.1609752947414345, 'trop_agb_crit': 1.6580318731537693, 'trop_k_veg': 0.9478162145499819, 'fuel_k': 0.017262921159278164, 'fuel_half': 30.847886273764168}.
[I 2026-07-22 22:04:26,506] Trial 138 finished with values: [10.765095012896294, 10.765095012896294] and parameters: {'k1': 0.003419108473554454, 'D_low': 11.459566575664761, 'k2': 3.609310926766545e-05, 'D_high': 210.33776477006836, 'fire_exp': 1.0862503061991866, 'P_half': 126.69536563782302, 'pre_dampen_half': 0.4016986062226068, 'gpp_af': 0.02298987619936072, 'gpp_b': 2.1051180519608694, 'gpp_d': 372.8155624293852, 'ign_k': 0.0029580419692843236, 'ign_c': 0.11650681118986138, 'trop_agb_crit': 13.297554090738672, 'trop_k_veg': 2.3241642204298145, 'fuel_k': 0.6452742971240902, 'fuel_half': 0.3625056554880307}.
  trial  139/1500  pareto_size=1  best_taylor=0.5996  best_ilamb=0.4414  (1.0 min)
[I 2026-07-22 22:04:27,067] Trial 139 finished with values: [10.07259347766418, 10.07259347766418] and parameters: {'k1': 0.052334804885400876, 'D_low': 3.169598846855015, 'k2': 0.0034167643418329683, 'D_high': 1693415.5410667954, 'fire_exp': 2.088398022232781, 'P_half': 1.0435856341129002, 'pre_dampen_half': 290.26521418263894, 'gpp_af': 0.015350904103515228, 'gpp_b': 0.016763844265536048, 'gpp_d': 302.3127748796295, 'ign_k': 0.018707420137660268, 'ign_c': 0.2755546207779662, 'trop_agb_crit': 2.171140223187998, 'trop_k_veg': 4.341934294871134, 'fuel_k': 0.04207132303652083, 'fuel_half': 2.276766792290519}.
[I 2026-07-22 22:04:27,617] Trial 140 finished with values: [10.680946381451708, 10.680946381451708] and parameters: {'k1': 0.00023352156626184448, 'D_low': 247.75146043208053, 'k2': 2.8459703343413838e-05, 'D_high': 1026.0852623190942, 'fire_exp': 1.1239133746826044, 'P_half': 38.82837025280678, 'pre_dampen_half': 3.9885726374014694, 'gpp_af': 0.005618069878716736, 'gpp_b': 1.7565109007473816e-05, 'gpp_d': 397.44595568350155, 'ign_k': 0.7588328899786276, 'ign_c': 4.1108484350212295, 'trop_agb_crit': 12.285102065067687, 'trop_k_veg': 0.5415365826598848, 'fuel_k': 0.6199941538390381, 'fuel_half': 2.276766792290519}.
[I 2026-07-22 22:04:28,171] Trial 141 finished with values: [-0.2746176707349218, 0.18992611550023486] and parameters: {'k1': 0.0001487958850779001, 'D_low': 126.11058927054879, 'k2': 1.127217425995114e-05, 'D_high': 24.063018320720932, 'fire_exp': 1.2098353172192753, 'P_half': 1.7036120617148391, 'pre_dampen_half': 44.466289554754454, 'gpp_af': 0.8226361776146098, 'gpp_b': 2.1051180519608694, 'gpp_d': 700.6693992445935, 'ign_k': 0.003008686821445843, 'ign_c': 2.329535895346768, 'trop_agb_crit': 20.205002815711154, 'trop_k_veg': 2.3703642788018935, 'fuel_k': 1.3863198285285168, 'fuel_half': 3.0296104428212485}.
[I 2026-07-22 22:04:28,651] Trial 142 finished with values: [10.769230768877819, 10.769230768877819] and parameters: {'k1': 0.00023352156626184448, 'D_low': 247.75146043208053, 'k2': 3.606519549370447e-05, 'D_high': 580966.5602369158, 'fire_exp': 1.7650286443463072, 'P_half': 136.0956887810302, 'pre_dampen_half': 0.46504594134732663, 'gpp_af': 0.005618069878716736, 'gpp_b': 8.129227514069975e-05, 'gpp_d': 397.44595568350155, 'ign_k': 0.7588328899786276, 'ign_c': 514.0544615226299, 'trop_agb_crit': 12.285102065067687, 'trop_k_veg': 7.887845482514079, 'fuel_k': 1.312881567992459, 'fuel_half': 42.6871254378718}.
[I 2026-07-22 22:04:29,097] Trial 143 finished with values: [10.768272503900981, 10.768272503900981] and parameters: {'k1': 1.2030530850061361e-05, 'D_low': 4956.545863307493, 'k2': 7.011194706512109e-05, 'D_high': 922.5376791737639, 'fire_exp': 1.1159844513896044, 'P_half': 4.961134450191397, 'pre_dampen_half': 9.288856801351132, 'gpp_af': 0.0016008221370480654, 'gpp_b': 0.5432846462741858, 'gpp_d': 0.24714492403026278, 'ign_k': 0.0022267996908938684, 'ign_c': 14.074279366401672, 'trop_agb_crit': 1.5072795582679794, 'trop_k_veg': 1.793919400078986, 'fuel_k': 0.03743055596010634, 'fuel_half': 0.2414020247400933}.
[I 2026-07-22 22:04:29,541] Trial 144 finished with values: [10.303537112800567, 10.303537112800567] and parameters: {'k1': 0.002971796631657383, 'D_low': 864.0717009254879, 'k2': 7.67074891445376e-05, 'D_high': 305369.47947832284, 'fire_exp': 1.0341837609578937, 'P_half': 1.4378290221680121, 'pre_dampen_half': 33.71909132517388, 'gpp_af': 42.29037995744429, 'gpp_b': 0.00012118589392553819, 'gpp_d': 4.576857873108685, 'ign_k': 0.0026834162496848666, 'ign_c': 6.1609752947414345, 'trop_agb_crit': 10.719494362768906, 'trop_k_veg': 1.140286245977296, 'fuel_k': 3.6992394681929355, 'fuel_half': 1.3547291924247347}.
