[I 2026-08-19 14:45:44,007] Trial 376 finished with value: -0.4483786353669427 and parameters: {'k1': 2.8005316671892522e-05, 'D_low': 2.0843795401688365, 'k2': 0.000699472889537563, 'D_high': 70095.35581376063, 'fire_exp': 1.208846361790458, 'P_half': 1.17936410148589, 'pre_dampen_half': 0.325171284883947, 'gpp_af': 0.6411410655926076, 'gpp_b': 0.031806190081594334, 'gpp_d': 190.96477276886327, 'ign_k': 0.022007383167669634, 'ign_c': 3.3984196022105424, 'trop_agb_crit': 28.84489693007977, 'trop_k_veg': 2.9721384870853544, 'pop_amp': 0.2440199045135915, 'pop_peak': 2.370324036700902, 'pop_sig': 0.28702172842478263, 'fuel_k': 0.7396618428494681, 'fuel_half': 1.1801295812318895}. Best is trial 121 with value: -0.6148958760349835.
[I 2026-08-19 14:45:47,115] Trial 377 finished with value: -0.40524114145352674 and parameters: {'k1': 0.0006210165606819956, 'D_low': 784.7326420913105, 'k2': 0.0005969450233411776, 'D_high': 63705.45453647027, 'fire_exp': 9.11860902715696, 'P_half': 45.88340531441795, 'pre_dampen_half': 3.3334332237968662, 'gpp_af': 1.5565511729236363, 'gpp_b': 8.807086124236829e-05, 'gpp_d': 0.33105123646845097, 'ign_k': 1.0483335853299718, 'ign_c': 1.1699838109457477, 'trop_agb_crit': 9.407098822728088, 'trop_k_veg': 3.820873725690315, 'pop_amp': 0.655687349905636, 'pop_peak': 43.14211076233612, 'pop_sig': 1.590767229175708, 'fuel_k': 0.01213287992695781, 'fuel_half': 12.506573637854414}. Best is trial 121 with value: -0.6148958760349835.
[I 2026-08-19 14:45:50,459] Trial 378 finished with value: -0.5420626373636549 and parameters: {'k1': 0.0028095812970434283, 'D_low': 30.053529957534874, 'k2': 7.474406680462913e-05, 'D_high': 5190667.439734618, 'fire_exp': 1.135897499767263, 'P_half': 701.2302431010673, 'pre_dampen_half': 3.132438108328375, 'gpp_af': 0.006805505798097055, 'gpp_b': 4.5314412390569596e-05, 'gpp_d': 0.015374617817212256, 'ign_k': 0.1547239765086825, 'ign_c': 0.2989927535071856, 'trop_agb_crit': 9.280490773818759, 'trop_k_veg': 5.749048661139643, 'pop_amp': 0.005922028991117011, 'pop_peak': 0.8146170246204796, 'pop_sig': 0.6469851549976131, 'fuel_k': 0.3789482624762718, 'fuel_half': 1.6255174151807372}. Best is trial 121 with value: -0.6148958760349835.
[I 2026-08-19 14:45:53,332] Trial 379 finished with value: -0.5485121796427861 and parameters: {'k1': 0.0010478586148269286, 'D_low': 227.84630152611246, 'k2': 3.138951444300898e-05, 'D_high': 3642412.21361687, 'fire_exp': 1.1389653574327132, 'P_half': 180.70653255605347, 'pre_dampen_half': 0.2633482857013643, 'gpp_af': 0.02022920849049354, 'gpp_b': 1.960902182591184e-05, 'gpp_d': 12.646964808795872, 'ign_k': 9.946705303135719, 'ign_c': 5.029386837431632, 'trop_agb_crit': 2.76474697409053, 'trop_k_veg': 4.293253337737033, 'pop_amp': 0.017179838204929427, 'pop_peak': 9.637548482672644, 'pop_sig': 1.5671068290789527, 'fuel_k': 0.01424120938082278, 'fuel_half': 0.7081860261953682}. Best is trial 121 with value: -0.6148958760349835.
  trial  380/2500  best_overall=0.6149  (21.8 min)
[I 2026-08-19 14:45:56,260] Trial 380 finished with value: -0.42553750843350535 and parameters: {'k1': 0.012438524110172954, 'D_low': 362.42011093433945, 'k2': 0.04906340102475848, 'D_high': 280959.46629505436, 'fire_exp': 2.065397813372769, 'P_half': 664.135812497059, 'pre_dampen_half': 0.12232397460233871, 'gpp_af': 0.026793321171735492, 'gpp_b': 0.010292456431138778, 'gpp_d': 33.189214573399944, 'ign_k': 0.49133351756506466, 'ign_c': 5.219937902109766, 'trop_agb_crit': 29.653401119311226, 'trop_k_veg': 5.858683304646262, 'pop_amp': 0.007646186000874565, 'pop_peak': 20.095670965134335, 'pop_sig': 0.6345199720979559, 'fuel_k': 0.041214576403537435, 'fuel_half': 0.10318936911363108}. Best is trial 121 with value: -0.6148958760349835.
[I 2026-08-19 14:45:58,798] Trial 381 finished with value: -0.5565417184334127 and parameters: {'k1': 0.011861296691621179, 'D_low': 4462.555557413847, 'k2': 1.1091321609741706e-05, 'D_high': 1747809.0274608906, 'fire_exp': 1.027576252837706, 'P_half': 134.27364343291742, 'pre_dampen_half': 28.50182091223098, 'gpp_af': 0.4788766553325206, 'gpp_b': 0.0001823598320674626, 'gpp_d': 29.270611927684275, 'ign_k': 0.12024998351485362, 'ign_c': 26.776535725287825, 'trop_agb_crit': 24.113202001166268, 'trop_k_veg': 4.348150423912965, 'pop_amp': 0.037545890877695, 'pop_peak': 0.09895300181957875, 'pop_sig': 1.6604247759360216, 'fuel_k': 0.06534954360536324, 'fuel_half': 3.386568309869103}. Best is trial 121 with value: -0.6148958760349835.
[I 2026-08-19 14:46:01,390] Trial 382 finished with value: -0.48286756872559333 and parameters: {'k1': 1.1879728323287979e-05, 'D_low': 2.197237555724014, 'k2': 7.709155016355084e-05, 'D_high': 347819.6302000955, 'fire_exp': 1.1902500080153144, 'P_half': 2.62431568418729, 'pre_dampen_half': 0.8207318445281425, 'gpp_af': 24.715318826991265, 'gpp_b': 1.1860708753307046e-05, 'gpp_d': 248.66449611106862, 'ign_k': 0.004248722792355621, 'ign_c': 25.472993166596254, 'trop_agb_crit': 18.104459318033058, 'trop_k_veg': 5.49698394572426, 'pop_amp': 14.1701285210282, 'pop_peak': 3.794968532469118, 'pop_sig': 0.30486545850384417, 'fuel_k': 1.6084435841350944, 'fuel_half': 0.9569329779682414}. Best is trial 121 with value: -0.6148958760349835.
[I 2026-08-19 14:46:04,268] Trial 383 finished with value: -0.46511110904519304 and parameters: {'k1': 0.0007775005033781078, 'D_low': 4.451641622926807, 'k2': 0.0006392687200112012, 'D_high': 393283.9640089291, 'fire_exp': 1.7027508911063163, 'P_half': 238.5484210464397, 'pre_dampen_half': 0.5920751558523369, 'gpp_af': 0.0022200926149020125, 'gpp_b': 6.995000190882488e-05, 'gpp_d': 0.07534059975759497, 'ign_k': 0.03640580984954019, 'ign_c': 27.59742258746887, 'trop_agb_crit': 4.322009772994997, 'trop_k_veg': 1.7397076534453642, 'pop_amp': 1.7876306995689386, 'pop_peak': 0.8299662249258273, 'pop_sig': 2.1517703559904775, 'fuel_k': 0.027652690854152773, 'fuel_half': 1.1208547410871166}. Best is trial 121 with value: -0.6148958760349835.
[I 2026-08-19 14:46:06,955] Trial 384 finished with value: -0.52799652604286 and parameters: {'k1': 0.008458158292221823, 'D_low': 2.274329281627779, 'k2': 0.00035046779300745444, 'D_high': 240832.51782081192, 'fire_exp': 5.821673400561927, 'P_half': 15.7810708228857, 'pre_dampen_half': 17.262554316977567, 'gpp_af': 0.653680264993704, 'gpp_b': 2.1696950313521096e-05, 'gpp_d': 1.3225668222022744, 'ign_k': 7.969932183664239, 'ign_c': 0.4656090674623398, 'trop_agb_crit': 16.634450857642392, 'trop_k_veg': 3.4869600276412944, 'pop_amp': 0.17179367845217886, 'pop_peak': 45.5164859583915, 'pop_sig': 2.214609086347205, 'fuel_k': 0.1214488430087381, 'fuel_half': 18.841419895959}. Best is trial 121 with value: -0.6148958760349835.
[I 2026-08-19 14:46:09,739] Trial 385 finished with value: -0.5560565917795572 and parameters: {'k1': 0.00194347093990899, 'D_low': 139.71821563895523, 'k2': 6.680951742824353e-05, 'D_high': 5738701.385392332, 'fire_exp': 2.1293345900316116, 'P_half': 1.408522376004645, 'pre_dampen_half': 0.43679975053778947, 'gpp_af': 0.039058699182457926, 'gpp_b': 0.005559689723231777, 'gpp_d': 525.436788354699, 'ign_k': 6.228665181838434, 'ign_c': 0.7821447656023619, 'trop_agb_crit': 8.106847307511842, 'trop_k_veg': 3.0032287701866713, 'pop_amp': 2.460203323648181, 'pop_peak': 7.259218217425226, 'pop_sig': 0.4408828610278671, 'fuel_k': 1.1133762862450916, 'fuel_half': 0.15001057787818087}. Best is trial 121 with value: -0.6148958760349835.
[I 2026-08-19 14:46:12,302] Trial 386 finished with value: -0.5685228985218008 and parameters: {'k1': 0.0010120124462065917, 'D_low': 420.18182943426524, 'k2': 0.0002271347163212751, 'D_high': 78374.45220915659, 'fire_exp': 8.93108779037669, 'P_half': 23.32281411909638, 'pre_dampen_half': 42.16757933665565, 'gpp_af': 0.03928312766160505, 'gpp_b': 3.215942910564537e-05, 'gpp_d': 1.183056713402672, 'ign_k': 5.96116179888725, 'ign_c': 0.18890324647954287, 'trop_agb_crit': 17.825065309526146, 'trop_k_veg': 1.473020391691025, 'pop_amp': 1.1993326163718514, 'pop_peak': 24.040463776471103, 'pop_sig': 1.2600357862601663, 'fuel_k': 0.022397038158266488, 'fuel_half': 8.288998609226589}. Best is trial 121 with value: -0.6148958760349835.
[I 2026-08-19 14:46:14,798] Trial 387 finished with value: -0.5920688347460802 and parameters: {'k1': 0.00041858748171180266, 'D_low': 91.37106834238979, 'k2': 3.660576660952556e-05, 'D_high': 335846.5856991588, 'fire_exp': 1.255414970484507, 'P_half': 127.0283257310441, 'pre_dampen_half': 0.13281992607526488, 'gpp_af': 0.22700133081166032, 'gpp_b': 0.00021132482116294874, 'gpp_d': 66.75874004848583, 'ign_k': 4.006434645485985, 'ign_c': 1.20774664703231, 'trop_agb_crit': 9.911308554949589, 'trop_k_veg': 4.416890034986523, 'pop_amp': 0.11828051729063645, 'pop_peak': 234.41670124777733, 'pop_sig': 0.3604289182490986, 'fuel_k': 4.708892987752203, 'fuel_half': 1.4489037424242261}. Best is trial 121 with value: -0.6148958760349835.
  trial  388/2500  best_overall=0.6149  (22.2 min)
[I 2026-08-19 14:46:17,586] Trial 388 finished with value: -0.5375957587837649 and parameters: {'k1': 0.0003204224701058131, 'D_low': 44.7675947189536, 'k2': 8.114185980154433e-05, 'D_high': 2523878.4664216274, 'fire_exp': 1.6095030110440487, 'P_half': 96.87756160925052, 'pre_dampen_half': 0.1657797916352498, 'gpp_af': 1.3565423083019785, 'gpp_b': 0.00038482665191277203, 'gpp_d': 219.32385100100444, 'ign_k': 6.271618896480523, 'ign_c': 7.9525130876788195, 'trop_agb_crit': 6.678821256756651, 'trop_k_veg': 2.954955364021134, 'pop_amp': 0.035365179184232425, 'pop_peak': 341.99213095945976, 'pop_sig': 0.34436315486069896, 'fuel_k': 0.8810675643688097, 'fuel_half': 1.3144039784890345}. Best is trial 121 with value: -0.6148958760349835.
[I 2026-08-19 14:46:20,488] Trial 389 finished with value: -0.5644072063359098 and parameters: {'k1': 0.0001601299574841097, 'D_low': 23.335918360429964, 'k2': 1.1589706494099372e-05, 'D_high': 1576103.0544241588, 'fire_exp': 1.4021456635967147, 'P_half': 15.442228460783731, 'pre_dampen_half': 0.04203541557656716, 'gpp_af': 0.007118855371997469, 'gpp_b': 2.6721902617636694e-05, 'gpp_d': 40.20731015661511, 'ign_k': 4.83507977183352, 'ign_c': 6.463457643388714, 'trop_agb_crit': 9.713290824252955, 'trop_k_veg': 4.620599078414222, 'pop_amp': 1.2615539064311032, 'pop_peak': 14.228096688778368, 'pop_sig': 0.5506989390322654, 'fuel_k': 0.36921722182058087, 'fuel_half': 0.5356692316268358}. Best is trial 121 with value: -0.6148958760349835.
[I 2026-08-19 14:46:23,882] Trial 390 finished with value: -0.40338480791031284 and parameters: {'k1': 0.006561596542578861, 'D_low': 231.10953758247086, 'k2': 0.012058630983198666, 'D_high': 119724.55591309299, 'fire_exp': 4.831385368562018, 'P_half': 21.23272000249976, 'pre_dampen_half': 27.486560135009103, 'gpp_af': 0.09691163794510793, 'gpp_b': 6.464298839513556e-05, 'gpp_d': 142.9640702243088, 'ign_k': 1.3363908580251629, 'ign_c': 1.3953643073715731, 'trop_agb_crit': 16.062766289936317, 'trop_k_veg': 5.208349449794358, 'pop_amp': 3.349837114411991, 'pop_peak': 1.8979429837352328, 'pop_sig': 1.0606900121651497, 'fuel_k': 0.027446747160781104, 'fuel_half': 16.255916152788355}. Best is trial 121 with value: -0.6148958760349835.
[I 2026-08-19 14:46:26,681] Trial 391 finished with value: -0.49898185586893923 and parameters: {'k1': 0.016960475550940907, 'D_low': 6722.011493312239, 'k2': 1.5591166013997126e-05, 'D_high': 8075649.727665705, 'fire_exp': 2.068393393140176, 'P_half': 14.488592253528669, 'pre_dampen_half': 0.12128588531887925, 'gpp_af': 0.009866886190731842, 'gpp_b': 1.0494889261144486e-05, 'gpp_d': 1.396741575898484, 'ign_k': 0.2679515841036452, 'ign_c': 3.8394473583100353, 'trop_agb_crit': 14.038630474094195, 'trop_k_veg': 6.920313892290471, 'pop_amp': 0.00690492115891158, 'pop_peak': 1.3100695514886294, 'pop_sig': 0.7277457681783152, 'fuel_k': 0.39814630780044846, 'fuel_half': 2.742997172051262}. Best is trial 121 with value: -0.6148958760349835.
[I 2026-08-19 14:46:29,254] Trial 392 finished with value: -0.5639778673576673 and parameters: {'k1': 1.4279156242213974e-05, 'D_low': 5.165897793044447, 'k2': 2.3500567759062517e-05, 'D_high': 9138294.192786328, 'fire_exp': 1.4050081281412516, 'P_half': 2.2172225333688518, 'pre_dampen_half': 0.40288378263460234, 'gpp_af': 0.2912746953676532, 'gpp_b': 0.001808105950933447, 'gpp_d': 214.6394489134897, 'ign_k': 0.039095083172017875, 'ign_c': 3.719965327708343, 'trop_agb_crit': 10.090570614619695, 'trop_k_veg': 2.9460104259589013, 'pop_amp': 0.09513472460653592, 'pop_peak': 6.677489946429349, 'pop_sig': 0.2948848183462097, 'fuel_k': 3.4425343534486434, 'fuel_half': 0.17847689061537503}. Best is trial 121 with value: -0.6148958760349835.
[I 2026-08-19 14:46:31,965] Trial 393 finished with value: -0.6037385269938121 and parameters: {'k1': 0.003586625093814605, 'D_low': 27.56477009993929, 'k2': 7.14412323221794e-05, 'D_high': 219435.46789270212, 'fire_exp': 4.337616268648378, 'P_half': 436.0471382178939, 'pre_dampen_half': 73.74221114443796, 'gpp_af': 0.0046282854203908465, 'gpp_b': 8.291857304371756e-05, 'gpp_d': 13.048616229162361, 'ign_k': 0.17401537480428794, 'ign_c': 0.6234973669472939, 'trop_agb_crit': 13.790906660010174, 'trop_k_veg': 3.248568679596737, 'pop_amp': 4.328666975733376, 'pop_peak': 11.113372331920882, 'pop_sig': 0.40824925505242765, 'fuel_k': 0.32993925285114206, 'fuel_half': 2.5371501824901355}. Best is trial 121 with value: -0.6148958760349835.
[I 2026-08-19 14:46:34,368] Trial 394 finished with value: -0.48169088894256007 and parameters: {'k1': 0.00011596020657827054, 'D_low': 359.7617528462987, 'k2': 4.342519241828402e-05, 'D_high': 454457.7785827315, 'fire_exp': 2.096840076165896, 'P_half': 440.15187918450465, 'pre_dampen_half': 0.2947014198529647, 'gpp_af': 0.03662040710045607, 'gpp_b': 0.001002353867578856, 'gpp_d': 94.85103821969103, 'ign_k': 0.6700106894082626, 'ign_c': 5.134741711799609, 'trop_agb_crit': 9.682205610483981, 'trop_k_veg': 6.23980158557772, 'pop_amp': 0.18449874973908137, 'pop_peak': 67.1028071694806, 'pop_sig': 0.377271496019218, 'fuel_k': 3.1986350195352307, 'fuel_half': 1.1298411116344649}. Best is trial 121 with value: -0.6148958760349835.
[I 2026-08-19 14:46:37,409] Trial 395 finished with value: -0.3554625854118624 and parameters: {'k1': 6.11491681745942e-05, 'D_low': 163.9178259232426, 'k2': 0.0030961055171277578, 'D_high': 3116217.9134331006, 'fire_exp': 3.9057862176720337, 'P_half': 133.52757217075384, 'pre_dampen_half': 100.40713937200888, 'gpp_af': 0.0037056596384715014, 'gpp_b': 3.2013455477971623e-05, 'gpp_d': 0.25068917341448277, 'ign_k': 0.3004843345523829, 'ign_c': 80.89825685706371, 'trop_agb_crit': 1.4714493221097902, 'trop_k_veg': 1.902484844038223, 'pop_amp': 0.3379770122832176, 'pop_peak': 9.752228618161345, 'pop_sig': 0.7387977292191177, 'fuel_k': 0.06974607057032325, 'fuel_half': 10.899771264854367}. Best is trial 121 with value: -0.6148958760349835.
  trial  396/2500  best_overall=0.6149  (22.6 min)
[I 2026-08-19 14:46:40,226] Trial 396 finished with value: -0.4079889246758003 and parameters: {'k1': 0.006233129916688868, 'D_low': 264.9379497684217, 'k2': 1.4151460340591894e-05, 'D_high': 44104.42450315258, 'fire_exp': 3.539822615360931, 'P_half': 564.0421577868354, 'pre_dampen_half': 593.1103948375755, 'gpp_af': 0.013728112161044349, 'gpp_b': 3.3641593516653005e-05, 'gpp_d': 0.3791506520094434, 'ign_k': 0.0664470877011221, 'ign_c': 1.683799684961207, 'trop_agb_crit': 21.578937307843876, 'trop_k_veg': 3.8916832971623703, 'pop_amp': 1.4735852992383376, 'pop_peak': 6.087251924024834, 'pop_sig': 0.9102356985287438, 'fuel_k': 0.1318492157605226, 'fuel_half': 0.5844547034350879}. Best is trial 121 with value: -0.6148958760349835.
[I 2026-08-19 14:46:43,246] Trial 397 finished with value: -0.4263550330912363 and parameters: {'k1': 0.003585575464116524, 'D_low': 1.5602237855764853, 'k2': 2.525461867075634e-05, 'D_high': 5649348.513503181, 'fire_exp': 3.585623421916807, 'P_half': 624.8247376967525, 'pre_dampen_half': 11.541914096347671, 'gpp_af': 0.16297163367249332, 'gpp_b': 9.70657771495128e-05, 'gpp_d': 5.085580148381449, 'ign_k': 0.00793769628085093, 'ign_c': 0.1293581906315298, 'trop_agb_crit': 12.893848054038113, 'trop_k_veg': 5.763360424365298, 'pop_amp': 3.657572505704276, 'pop_peak': 14.172241534354557, 'pop_sig': 0.2645191151533427, 'fuel_k': 0.8642388762528127, 'fuel_half': 1.403328615026296}. Best is trial 121 with value: -0.6148958760349835.
[I 2026-08-19 14:46:48,892] Trial 398 finished with value: -0.4700232625063691 and parameters: {'k1': 0.0023081823198973744, 'D_low': 14.469767965831707, 'k2': 0.0010085219157055826, 'D_high': 2045343.5888620527, 'fire_exp': 9.923104714392199, 'P_half': 252.68006440270807, 'pre_dampen_half': 16.28722097790611, 'gpp_af': 0.019496750528949374, 'gpp_b': 3.460448677500972e-05, 'gpp_d': 17.284777693030705, 'ign_k': 1.1153577365897396, 'ign_c': 1.920976896396794, 'trop_agb_crit': 8.767708096289525, 'trop_k_veg': 2.3947720225858395, 'pop_amp': 2.2385215086481063, 'pop_peak': 2.716285115640064, 'pop_sig': 1.032855525721469, 'fuel_k': 0.025033420795435468, 'fuel_half': 15.639676322810793}. Best is trial 121 with value: -0.6148958760349835.
[I 2026-08-19 14:46:53,854] Trial 399 finished with value: -0.44269969687058497 and parameters: {'k1': 0.0011733233329037595, 'D_low': 889.3295052198665, 'k2': 0.00013090275352717982, 'D_high': 87828.37631017208, 'fire_exp': 1.46259618095589, 'P_half': 354.5613028653767, 'pre_dampen_half': 0.12472597019390019, 'gpp_af': 4.643492048892624, 'gpp_b': 0.00011719337114664972, 'gpp_d': 3.927426376920641, 'ign_k': 1.4824194949118386, 'ign_c': 3.384191009487849, 'trop_agb_crit': 7.911613651907546, 'trop_k_veg': 6.084766642551885, 'pop_amp': 0.3256319620803979, 'pop_peak': 465.22748458854016, 'pop_sig': 0.3789182886012061, 'fuel_k': 2.449638391437343, 'fuel_half': 19.98893874767143}. Best is trial 121 with value: -0.6148958760349835.
[I 2026-08-19 14:46:58,852] Trial 400 finished with value: -0.5818412347881934 and parameters: {'k1': 0.004853255604639468, 'D_low': 41.336485805961615, 'k2': 0.0002628321032209292, 'D_high': 250351.7177774318, 'fire_exp': 3.3521969901187645, 'P_half': 100.46850878406607, 'pre_dampen_half': 40.65508673709673, 'gpp_af': 0.055191240387859004, 'gpp_b': 2.579992163434262e-05, 'gpp_d': 18.60240072786623, 'ign_k': 0.04123029756618173, 'ign_c': 2.3958967921252685, 'trop_agb_crit': 25.20281618099888, 'trop_k_veg': 1.6042287249273073, 'pop_amp': 1.6570574851851205, 'pop_peak': 6.631987143668893, 'pop_sig': 0.4441766310061828, 'fuel_k': 0.35225255725698057, 'fuel_half': 1.9536500908448573}. Best is trial 121 with value: -0.6148958760349835.
  trial  401/2500  best_overall=0.6149  (22.9 min)
[I 2026-08-19 14:47:06,253] Trial 401 finished with value: -0.5334796105715556 and parameters: {'k1': 0.002427448729615434, 'D_low': 1.5107151310489035, 'k2': 3.561327943847318e-05, 'D_high': 915214.5582338372, 'fire_exp': 3.265588750727656, 'P_half': 645.457387698991, 'pre_dampen_half': 42.38586172966675, 'gpp_af': 0.0016393844837008953, 'gpp_b': 0.00013378982763569445, 'gpp_d': 975.201719773022, 'ign_k': 0.8487770314052637, 'ign_c': 1.1438988548723417, 'trop_agb_crit': 4.847713570473144, 'trop_k_veg': 1.9190997201578672, 'pop_amp': 1.636503273278465, 'pop_peak': 5.077994944377975, 'pop_sig': 0.3965169419135338, 'fuel_k': 0.49251695925294886, 'fuel_half': 0.5501358686376138}. Best is trial 121 with value: -0.6148958760349835.
[I 2026-08-19 14:47:11,626] Trial 402 finished with value: -0.48931180057685475 and parameters: {'k1': 0.0017206106238399814, 'D_low': 349.1641222380057, 'k2': 2.2586424800179066e-05, 'D_high': 461086.4202054209, 'fire_exp': 1.691338586348182, 'P_half': 901.6599087793023, 'pre_dampen_half': 2.3206327577625285, 'gpp_af': 0.008391504510001185, 'gpp_b': 0.00010569344427354652, 'gpp_d': 0.7292043311822539, 'ign_k': 6.285478589104891, 'ign_c': 2.544761465982034, 'trop_agb_crit': 5.551935071047128, 'trop_k_veg': 1.6824126194177162, 'pop_amp': 0.12347307903990884, 'pop_peak': 16.295013453497976, 'pop_sig': 0.6816792087693311, 'fuel_k': 0.128459877445007, 'fuel_half': 0.5111065413676107}. Best is trial 121 with value: -0.6148958760349835.
[I 2026-08-19 14:47:17,996] Trial 403 finished with value: -0.552337431163189 and parameters: {'k1': 0.011646745493906922, 'D_low': 90.56887885062167, 'k2': 0.0013722459168459447, 'D_high': 454446.00174737436, 'fire_exp': 9.458063500472184, 'P_half': 111.78833885699082, 'pre_dampen_half': 11.01377612063794, 'gpp_af': 0.7126299991158292, 'gpp_b': 6.354075249289434e-05, 'gpp_d': 2.7960046572571184, 'ign_k': 0.5393167325647054, 'ign_c': 12.649781117880034, 'trop_agb_crit': 26.052912758713784, 'trop_k_veg': 1.7489164759770461, 'pop_amp': 10.873354253272833, 'pop_peak': 384.3393960760474, 'pop_sig': 0.8997278185357355, 'fuel_k': 0.018257498716722293, 'fuel_half': 22.232312564308387}. Best is trial 121 with value: -0.6148958760349835.
[I 2026-08-19 14:47:23,592] Trial 404 finished with value: -0.5883712187115091 and parameters: {'k1': 0.0038292748548973015, 'D_low': 4977.222925902926, 'k2': 0.003744832324404452, 'D_high': 6562639.891583, 'fire_exp': 3.6545355094553607, 'P_half': 29.136728313196166, 'pre_dampen_half': 22.499839340878108, 'gpp_af': 0.006924392538996954, 'gpp_b': 0.00013511562910398312, 'gpp_d': 157.83410336417361, 'ign_k': 9.332671146190117, 'ign_c': 17.376088016916523, 'trop_agb_crit': 1.5782944262347698, 'trop_k_veg': 1.4007440299149998, 'pop_amp': 0.870559691364164, 'pop_peak': 15.304486317428386, 'pop_sig': 1.223571288175846, 'fuel_k': 0.0778745517576571, 'fuel_half': 3.3936672317685823}. Best is trial 121 with value: -0.6148958760349835.
  trial  405/2500  best_overall=0.6149  (23.3 min)
