[I 2026-08-20 00:03:23,448] Trial 64 finished with value: -0.46692590135369255 and parameters: {'k1': 0.00012650863271343162, 'D_low': 1313.8764543951554, 'k2': 0.025096619345118913, 'D_high': 28537.678347075846, 'fire_exp': 1.0968022662102075, 'P_half': 16.02661948874296, 'pre_dampen_half': 13.574139849586507, 'gpp_af': 0.001366517338527319, 'gpp_b': 5.884992424284613e-05, 'gpp_d': 0.7335172350249104, 'ign_k': 0.010024993473376079, 'ign_c': 58.51266429349184, 'trop_agb_crit': 3.6044557550073986, 'trop_k_veg': 3.4530316701654353, 'pop_amp': 0.003427496502611718, 'pop_peak': 0.05590632787674542, 'pop_sig': 0.3642345306295635}. Best is trial 0 with value: -0.6002194417466498.
[I 2026-08-20 00:03:26,329] Trial 65 finished with value: 0.6117833983712927 and parameters: {'k1': 0.00022979121975797787, 'D_low': 144.1708371201037, 'k2': 0.08256999332731828, 'D_high': 2424.2824430621963, 'fire_exp': 1.5409915506428524, 'P_half': 79.91690583351864, 'pre_dampen_half': 8.963215310697343, 'gpp_af': 0.002776678576957416, 'gpp_b': 0.009497979967838554, 'gpp_d': 0.0274898329758974, 'ign_k': 0.032776110731639656, 'ign_c': 100.28077232817493, 'trop_agb_crit': 4.17108110110079, 'trop_k_veg': 3.9494811632149167, 'pop_amp': 0.0018223879634664702, 'pop_peak': 0.4206444417240085, 'pop_sig': 0.2644816112950427}. Best is trial 0 with value: -0.6002194417466498.
[I 2026-08-20 00:03:29,165] Trial 66 finished with value: 0.5845493755180466 and parameters: {'k1': 1.4513317933570623e-05, 'D_low': 507061.420460956, 'k2': 0.0005402590754738388, 'D_high': 986445.0003816823, 'fire_exp': 1.8859256895235441, 'P_half': 359.4601909660714, 'pre_dampen_half': 9.528588529082548, 'gpp_af': 0.01499367848029196, 'gpp_b': 3.4840075991622004e-05, 'gpp_d': 9.82055852236239, 'ign_k': 0.3836848541114881, 'ign_c': 0.15040541216499947, 'trop_agb_crit': 5.501452074649, 'trop_k_veg': 1.0592393578753652, 'pop_amp': 0.0010630491639245358, 'pop_peak': 6.760559234510572, 'pop_sig': 1.2961995277944431}. Best is trial 0 with value: -0.6002194417466498.
[I 2026-08-20 00:03:31,970] Trial 67 finished with value: 0.4893141154721239 and parameters: {'k1': 1.0751257627275191e-05, 'D_low': 17406.867154308817, 'k2': 0.002953843901044842, 'D_high': 1420019.0830716211, 'fire_exp': 1.0736617261502879, 'P_half': 3.1123421720842233, 'pre_dampen_half': 313.0715202957864, 'gpp_af': 0.04383881000884448, 'gpp_b': 2.9576357913115415e-05, 'gpp_d': 0.20804337457199187, 'ign_k': 0.004317592851188187, 'ign_c': 62.763821662958875, 'trop_agb_crit': 3.3558303843674055, 'trop_k_veg': 2.965162385466884, 'pop_amp': 0.006134568490802776, 'pop_peak': 1.8036689432972939, 'pop_sig': 0.2877556104269728}. Best is trial 0 with value: -0.6002194417466498.
[I 2026-08-20 00:03:34,854] Trial 68 finished with value: 0.5851272244052784 and parameters: {'k1': 0.00012299482965747173, 'D_low': 2.5672983467206616, 'k2': 0.005302193915443276, 'D_high': 11003.629353532002, 'fire_exp': 1.6508823822141931, 'P_half': 3.0930345069934653, 'pre_dampen_half': 5.7786319168796725, 'gpp_af': 0.0029050141092593126, 'gpp_b': 3.830886696398918e-05, 'gpp_d': 1.5784720664429996, 'ign_k': 0.0010596324721551828, 'ign_c': 59.42128250059688, 'trop_agb_crit': 3.1636688146262073, 'trop_k_veg': 1.7261855191422752, 'pop_amp': 0.0014965716858322596, 'pop_peak': 0.053826344180378335, 'pop_sig': 0.49083973948201604}. Best is trial 0 with value: -0.6002194417466498.
[I 2026-08-20 00:03:37,816] Trial 69 finished with value: 0.5537815059037897 and parameters: {'k1': 6.60429720727087e-05, 'D_low': 103.20038266017622, 'k2': 0.03335011483201289, 'D_high': 119451.24185596513, 'fire_exp': 1.8426607112006146, 'P_half': 38.69421994624062, 'pre_dampen_half': 15.297166536167971, 'gpp_af': 0.0019391784752969812, 'gpp_b': 3.564870315152588e-05, 'gpp_d': 0.3542953535059848, 'ign_k': 0.0021915221184593834, 'ign_c': 3.0297954001107343, 'trop_agb_crit': 3.812760863039985, 'trop_k_veg': 2.2500108287903893, 'pop_amp': 0.013944232789676506, 'pop_peak': 2.5739693169783044, 'pop_sig': 0.2776316854083759}. Best is trial 0 with value: -0.6002194417466498.
[I 2026-08-20 00:03:40,828] Trial 70 finished with value: 0.554499566086783 and parameters: {'k1': 1.735794893325833e-05, 'D_low': 516.281173765414, 'k2': 0.04871182578234739, 'D_high': 137645.11367652068, 'fire_exp': 1.276637591565338, 'P_half': 5.653963994688231, 'pre_dampen_half': 3.218698643694913, 'gpp_af': 0.07538843703161131, 'gpp_b': 0.0008165504587861915, 'gpp_d': 15.718274583190384, 'ign_k': 0.013094544848612702, 'ign_c': 53.419598211726196, 'trop_agb_crit': 4.292834767348245, 'trop_k_veg': 3.6192217136051905, 'pop_amp': 0.0077165590250722685, 'pop_peak': 0.11872603563860544, 'pop_sig': 0.30325320107677184}. Best is trial 0 with value: -0.6002194417466498.
[I 2026-08-20 00:03:43,720] Trial 71 finished with value: 0.5037805328933065 and parameters: {'k1': 0.00014102096474159052, 'D_low': 1.6304011063522192, 'k2': 0.0027053418207734652, 'D_high': 5119137.3882802995, 'fire_exp': 1.4239669402202635, 'P_half': 65.69599129972278, 'pre_dampen_half': 93.56060593232206, 'gpp_af': 0.005258925806248608, 'gpp_b': 0.0007546157389130868, 'gpp_d': 0.013738242632431936, 'ign_k': 0.038137553799633184, 'ign_c': 7.91460482835072, 'trop_agb_crit': 3.316227849626069, 'trop_k_veg': 2.5374510050092822, 'pop_amp': 0.001785922744567347, 'pop_peak': 0.37419958095306255, 'pop_sig': 0.5829508116158632}. Best is trial 0 with value: -0.6002194417466498.
[I 2026-08-20 00:03:46,699] Trial 72 finished with value: 0.48351238597669044 and parameters: {'k1': 0.00015629067944350987, 'D_low': 80459.50348861798, 'k2': 0.015090602288751016, 'D_high': 2067625.6124619928, 'fire_exp': 1.1797849049289137, 'P_half': 36.171471135214894, 'pre_dampen_half': 6.221161337501494, 'gpp_af': 0.14988242468144714, 'gpp_b': 1.9150612850886228e-05, 'gpp_d': 14.4605958230747, 'ign_k': 5.32866819015593, 'ign_c': 0.464464762251198, 'trop_agb_crit': 20.295996971430085, 'trop_k_veg': 1.3080048277525806, 'pop_amp': 0.009337932826013497, 'pop_peak': 7.355411530973004, 'pop_sig': 1.0314980431374208}. Best is trial 0 with value: -0.6002194417466498.
[I 2026-08-20 00:03:49,837] Trial 73 finished with value: 0.6252551624056985 and parameters: {'k1': 0.0046118139953697365, 'D_low': 68524.16150204797, 'k2': 0.00016063587939753145, 'D_high': 230806.35354113756, 'fire_exp': 1.470366481694518, 'P_half': 4283.134955452948, 'pre_dampen_half': 836.9165735103732, 'gpp_af': 0.012654468255469765, 'gpp_b': 1.3142188932522792e-05, 'gpp_d': 4.757054451007586, 'ign_k': 6.32350421114411, 'ign_c': 10.036422077264334, 'trop_agb_crit': 15.034524544407075, 'trop_k_veg': 4.305185955253889, 'pop_amp': 0.0012417085740308543, 'pop_peak': 14.288147654766036, 'pop_sig': 0.8155243133358941}. Best is trial 0 with value: -0.6002194417466498.
[I 2026-08-20 00:03:52,818] Trial 74 finished with value: 0.5717535010035723 and parameters: {'k1': 0.00019702709789782798, 'D_low': 3275.4720720392565, 'k2': 0.008134724514360472, 'D_high': 92540.93393497267, 'fire_exp': 2.526292572700716, 'P_half': 1.1691526371089984, 'pre_dampen_half': 21.038802141937037, 'gpp_af': 0.0022807151736933917, 'gpp_b': 1.56193093511733e-05, 'gpp_d': 0.23595073998015345, 'ign_k': 0.004752129000547075, 'ign_c': 12.921432515870917, 'trop_agb_crit': 1.097827615372821, 'trop_k_veg': 5.703561719902935, 'pop_amp': 0.001107453500841431, 'pop_peak': 0.669826995045494, 'pop_sig': 0.29101315922952703}. Best is trial 0 with value: -0.6002194417466498.
[I 2026-08-20 00:03:55,792] Trial 75 finished with value: 0.5532606708439091 and parameters: {'k1': 7.74072367677503e-05, 'D_low': 2676.929059746127, 'k2': 0.018245132192786055, 'D_high': 88702.55463278788, 'fire_exp': 1.1346716510159076, 'P_half': 17.683724683862582, 'pre_dampen_half': 12.356850523758268, 'gpp_af': 0.001574814958547676, 'gpp_b': 0.0001040646475987864, 'gpp_d': 0.8162058688637774, 'ign_k': 0.05515760963151322, 'ign_c': 42.99831621397747, 'trop_agb_crit': 5.013183005071522, 'trop_k_veg': 2.3201026141096763, 'pop_amp': 0.16045682932003538, 'pop_peak': 0.1471487440363878, 'pop_sig': 0.4586681201732062}. Best is trial 0 with value: -0.6002194417466498.
[I 2026-08-20 00:03:58,841] Trial 76 finished with value: 0.5639023723357114 and parameters: {'k1': 1.7738625071140784e-05, 'D_low': 808.9800036671153, 'k2': 0.00155499269371857, 'D_high': 37299.61020233425, 'fire_exp': 1.9717085835177302, 'P_half': 568.6257024801837, 'pre_dampen_half': 10.468542974014161, 'gpp_af': 0.2127503218539725, 'gpp_b': 7.19495503689715e-05, 'gpp_d': 2.5207305017488353, 'ign_k': 3.696150205090256, 'ign_c': 3.702583571849287, 'trop_agb_crit': 17.5820612622317, 'trop_k_veg': 0.6739913354508974, 'pop_amp': 0.2973696327776659, 'pop_peak': 27.713926893632276, 'pop_sig': 0.9064521817431128}. Best is trial 0 with value: -0.6002194417466498.
[I 2026-08-20 00:04:01,953] Trial 77 finished with value: 0.6445374145881376 and parameters: {'k1': 0.0001539390551243059, 'D_low': 242.85775746392227, 'k2': 0.00044091198661907506, 'D_high': 7143123.787463636, 'fire_exp': 1.2569366548352476, 'P_half': 748.8156375221248, 'pre_dampen_half': 0.2991291519514223, 'gpp_af': 0.01905743716461385, 'gpp_b': 0.00018796365461792432, 'gpp_d': 262.4348219948904, 'ign_k': 1.2944232349745706, 'ign_c': 222.17853782960637, 'trop_agb_crit': 23.802590055527563, 'trop_k_veg': 6.07131974249306, 'pop_amp': 0.004438884625709058, 'pop_peak': 6.10445323935276, 'pop_sig': 0.9095018746639829}. Best is trial 0 with value: -0.6002194417466498.
[I 2026-08-20 00:04:04,980] Trial 78 finished with value: 0.6445374145881376 and parameters: {'k1': 0.00011551936497306035, 'D_low': 335952.025614304, 'k2': 0.009361777157855406, 'D_high': 146145.4566255081, 'fire_exp': 1.6432918374700194, 'P_half': 65.29115179603993, 'pre_dampen_half': 0.4533074397164803, 'gpp_af': 0.17827214315025922, 'gpp_b': 8.926914268878138e-05, 'gpp_d': 112.89883678141148, 'ign_k': 0.10368244775896655, 'ign_c': 6.641943662264555, 'trop_agb_crit': 6.450100572356232, 'trop_k_veg': 2.135129066619835, 'pop_amp': 0.006382718118476815, 'pop_peak': 46.58459505237114, 'pop_sig': 0.4859978185890382}. Best is trial 0 with value: -0.6002194417466498.
[I 2026-08-20 00:04:08,052] Trial 79 finished with value: -0.5395913932723101 and parameters: {'k1': 8.323367975072117e-05, 'D_low': 2494.4565632009067, 'k2': 0.002649521506281892, 'D_high': 1615619.0593382844, 'fire_exp': 1.1341966992282524, 'P_half': 105.50195817609281, 'pre_dampen_half': 1.3087316019492623, 'gpp_af': 0.01419821481205835, 'gpp_b': 0.00040837158638080755, 'gpp_d': 65.72443293118575, 'ign_k': 0.1231535799148382, 'ign_c': 4.6337872820038015, 'trop_agb_crit': 20.818003152108638, 'trop_k_veg': 0.7093897866221306, 'pop_amp': 0.0014773080650942326, 'pop_peak': 11.368785440465034, 'pop_sig': 0.7375363294836205}. Best is trial 0 with value: -0.6002194417466498.
[I 2026-08-20 00:04:11,538] Trial 80 finished with value: 0.5717588305349526 and parameters: {'k1': 1.3870770805878827e-05, 'D_low': 114435.54388764045, 'k2': 0.00036566800043080945, 'D_high': 4125944.951487698, 'fire_exp': 1.2232712848341147, 'P_half': 1437.138864085572, 'pre_dampen_half': 0.29026559129967816, 'gpp_af': 0.1384186710516029, 'gpp_b': 0.0005980045000767177, 'gpp_d': 99.72924504705841, 'ign_k': 2.649864251902537, 'ign_c': 22.442996023644515, 'trop_agb_crit': 17.07664508768433, 'trop_k_veg': 0.9459078271398945, 'pop_amp': 0.009776894668608621, 'pop_peak': 2.9310992104483296, 'pop_sig': 0.94544750488156}. Best is trial 0 with value: -0.6002194417466498.
[I 2026-08-20 00:04:14,752] Trial 81 finished with value: 0.6039953013081243 and parameters: {'k1': 3.3931278822029054e-05, 'D_low': 39144.914575517105, 'k2': 0.0034816228155265493, 'D_high': 9103.921288859507, 'fire_exp': 1.0298954266761684, 'P_half': 12.162767259330217, 'pre_dampen_half': 0.13938177435472707, 'gpp_af': 0.00116004717456548, 'gpp_b': 0.0004690615024785838, 'gpp_d': 15.888132546076761, 'ign_k': 5.427649724269998, 'ign_c': 22.680247931071232, 'trop_agb_crit': 12.779105914689127, 'trop_k_veg': 0.9219827321301669, 'pop_amp': 0.032843897270636635, 'pop_peak': 317.430398501549, 'pop_sig': 1.6611448492488867}. Best is trial 0 with value: -0.6002194417466498.
[I 2026-08-20 00:04:17,792] Trial 82 finished with value: 0.548756182891066 and parameters: {'k1': 4.8122842463409965e-05, 'D_low': 6844.661609421177, 'k2': 0.010450155693920023, 'D_high': 1472841.9886847457, 'fire_exp': 1.0807320765084254, 'P_half': 18.458265879869263, 'pre_dampen_half': 0.3307302239361986, 'gpp_af': 0.008501111163167511, 'gpp_b': 0.001388135741775198, 'gpp_d': 164.57952591547053, 'ign_k': 0.02215459457813457, 'ign_c': 4.5945369340845765, 'trop_agb_crit': 28.40073339032453, 'trop_k_veg': 1.2402278282150536, 'pop_amp': 0.004532559924472548, 'pop_peak': 3.4091277188748865, 'pop_sig': 0.6043732477229736}. Best is trial 0 with value: -0.6002194417466498.
[I 2026-08-20 00:04:20,933] Trial 83 finished with value: 0.41703407300994877 and parameters: {'k1': 0.0039210167840225164, 'D_low': 83.96363362932402, 'k2': 0.00031907047004869796, 'D_high': 7692794.203470216, 'fire_exp': 1.0089319779268076, 'P_half': 162.60930516525212, 'pre_dampen_half': 0.8721474467967673, 'gpp_af': 0.021826770016480836, 'gpp_b': 0.00015215121311674864, 'gpp_d': 34.95568644039195, 'ign_k': 0.3481939171616666, 'ign_c': 2.877849385946332, 'trop_agb_crit': 11.205812903134502, 'trop_k_veg': 0.8222562048401951, 'pop_amp': 0.0036921364831025236, 'pop_peak': 12.689449643056541, 'pop_sig': 1.2344908376609394}. Best is trial 0 with value: -0.6002194417466498.
[I 2026-08-20 00:04:23,989] Trial 84 finished with value: 0.46532433016109287 and parameters: {'k1': 0.005731232834777993, 'D_low': 206.0169244444864, 'k2': 9.489042495438542e-05, 'D_high': 8525115.593639627, 'fire_exp': 1.8158927009524843, 'P_half': 8.730172396345399, 'pre_dampen_half': 2.449472090419861, 'gpp_af': 0.001954787400434834, 'gpp_b': 0.0004552230436357437, 'gpp_d': 216.3003060842303, 'ign_k': 2.939912217291474, 'ign_c': 19.257907285789642, 'trop_agb_crit': 5.3867703166631555, 'trop_k_veg': 1.3813360473031555, 'pop_amp': 0.12292290268286477, 'pop_peak': 16.052990913315746, 'pop_sig': 1.5187097643585714}. Best is trial 0 with value: -0.6002194417466498.
[I 2026-08-20 00:04:27,173] Trial 85 finished with value: 0.42110365960848695 and parameters: {'k1': 0.00555796023692848, 'D_low': 2.610868022752324, 'k2': 0.0002534534817439157, 'D_high': 9110395.559891596, 'fire_exp': 1.180328144253577, 'P_half': 542.6578139254386, 'pre_dampen_half': 12.711022664683377, 'gpp_af': 3.929503142479778, 'gpp_b': 0.00015388277664956382, 'gpp_d': 16.38414941308436, 'ign_k': 0.28275611327627803, 'ign_c': 3.3580754800977686, 'trop_agb_crit': 10.165567359850542, 'trop_k_veg': 0.60963619734325, 'pop_amp': 0.005492327795424907, 'pop_peak': 8.40605240601342, 'pop_sig': 1.4246665626341937}. Best is trial 0 with value: -0.6002194417466498.
[I 2026-08-20 00:04:30,228] Trial 86 finished with value: 0.5605169962623645 and parameters: {'k1': 0.00017359799933388406, 'D_low': 7.361543137601083, 'k2': 3.388779595208216e-05, 'D_high': 212245.83067909133, 'fire_exp': 1.361014160024816, 'P_half': 3034.901143288311, 'pre_dampen_half': 62.84367063251653, 'gpp_af': 3.5782787503522755, 'gpp_b': 0.0006502370415835221, 'gpp_d': 30.895568876492405, 'ign_k': 0.1559396856775582, 'ign_c': 9.269955609287372, 'trop_agb_crit': 11.340797750476257, 'trop_k_veg': 0.5917250730737026, 'pop_amp': 0.01724700332894433, 'pop_peak': 1.0827541382634578, 'pop_sig': 0.8624764160968925}. Best is trial 0 with value: -0.6002194417466498.
[I 2026-08-20 00:04:33,308] Trial 87 finished with value: 0.6009151884319067 and parameters: {'k1': 0.005816515492779093, 'D_low': 124.02123586175003, 'k2': 9.457594692927942e-05, 'D_high': 241137.69225960888, 'fire_exp': 1.0697477054094153, 'P_half': 698.1292267657522, 'pre_dampen_half': 5.20597469171103, 'gpp_af': 0.004600208546082405, 'gpp_b': 0.08100893967599779, 'gpp_d': 33.89807472666847, 'ign_k': 0.16205310315371224, 'ign_c': 0.6475840838658143, 'trop_agb_crit': 13.654055402946268, 'trop_k_veg': 0.5997025023505849, 'pop_amp': 0.04233205791176208, 'pop_peak': 21.234446923581892, 'pop_sig': 1.1820944977245926}. Best is trial 0 with value: -0.6002194417466498.
[I 2026-08-20 00:04:36,411] Trial 88 finished with value: 0.6445374145881376 and parameters: {'k1': 0.008424724494414271, 'D_low': 4.5389012377180675, 'k2': 0.0014618454908308736, 'D_high': 2232612.130071414, 'fire_exp': 1.4651061500387488, 'P_half': 481.014742328866, 'pre_dampen_half': 271.8417218557727, 'gpp_af': 0.5896155171534573, 'gpp_b': 4.5819273523661e-05, 'gpp_d': 10.080375530050642, 'ign_k': 2.5784332260177485, 'ign_c': 47.92893072388527, 'trop_agb_crit': 17.95261135988508, 'trop_k_veg': 0.5949167157795193, 'pop_amp': 0.024370393864506526, 'pop_peak': 3.369183862448922, 'pop_sig': 1.4292236404298835}. Best is trial 0 with value: -0.6002194417466498.
[I 2026-08-20 00:04:39,502] Trial 89 finished with value: 0.5713634296706267 and parameters: {'k1': 4.20267644817032e-05, 'D_low': 70.82771463052877, 'k2': 0.0007619310669931572, 'D_high': 302442.76008341595, 'fire_exp': 1.8982281817322326, 'P_half': 560.8927571683347, 'pre_dampen_half': 0.8350556060247954, 'gpp_af': 0.011622982764452689, 'gpp_b': 0.00021455916628073816, 'gpp_d': 50.30983511401316, 'ign_k': 0.031492761117060515, 'ign_c': 11.812632966210813, 'trop_agb_crit': 24.888145033567117, 'trop_k_veg': 0.7089013007800657, 'pop_amp': 0.004665452631468126, 'pop_peak': 14.476991947671863, 'pop_sig': 0.9058331331931135}. Best is trial 0 with value: -0.6002194417466498.
[I 2026-08-20 00:04:42,592] Trial 90 finished with value: -0.4758859694769346 and parameters: {'k1': 0.09048165797720883, 'D_low': 7.223741453152599, 'k2': 0.003203791958532822, 'D_high': 8727384.967031773, 'fire_exp': 2.2739329713769, 'P_half': 140.37971666626515, 'pre_dampen_half': 36.4451184114566, 'gpp_af': 16.224130079565153, 'gpp_b': 0.0007378929428006563, 'gpp_d': 237.4509254048724, 'ign_k': 0.014441105191947653, 'ign_c': 1.6253407321051676, 'trop_agb_crit': 7.134107044460023, 'trop_k_veg': 0.6027725137626605, 'pop_amp': 0.09609853512646066, 'pop_peak': 30.95544933099549, 'pop_sig': 0.8199188951848314}. Best is trial 0 with value: -0.6002194417466498.
[I 2026-08-20 00:04:45,582] Trial 91 finished with value: 0.4382036699280155 and parameters: {'k1': 0.009066018858439575, 'D_low': 2.830427058938576, 'k2': 0.0031391012093572694, 'D_high': 5658119.0090069445, 'fire_exp': 2.045878463744639, 'P_half': 104.44817415000773, 'pre_dampen_half': 3.9171214838943946, 'gpp_af': 24.963747644268647, 'gpp_b': 0.003825349501823947, 'gpp_d': 46.044819389177775, 'ign_k': 0.35327052823412736, 'ign_c': 2.5228611513404875, 'trop_agb_crit': 17.892779122478384, 'trop_k_veg': 0.6221564795751205, 'pop_amp': 0.9934062147274463, 'pop_peak': 0.6446223540172693, 'pop_sig': 0.37406968545708785}. Best is trial 0 with value: -0.6002194417466498.
[I 2026-08-20 00:04:48,640] Trial 92 finished with value: 0.5702377739544664 and parameters: {'k1': 0.06584194812841353, 'D_low': 998.4718326837227, 'k2': 0.00015797255775486504, 'D_high': 6178764.62002842, 'fire_exp': 2.7552036170865106, 'P_half': 200.94659983217787, 'pre_dampen_half': 51.8823153191651, 'gpp_af': 2.92324957192914, 'gpp_b': 0.007055105742420735, 'gpp_d': 126.38450865145113, 'ign_k': 0.010049395974028924, 'ign_c': 2.6671822914627703, 'trop_agb_crit': 3.0152366652738554, 'trop_k_veg': 0.6191973861839885, 'pop_amp': 0.003915652734925133, 'pop_peak': 51.16003325093937, 'pop_sig': 1.0423639444158812}. Best is trial 0 with value: -0.6002194417466498.
[I 2026-08-20 00:04:51,782] Trial 93 finished with value: 0.567651942682277 and parameters: {'k1': 0.04531435234804973, 'D_low': 3.2059711581853905, 'k2': 0.03194740631480592, 'D_high': 259148.4126296568, 'fire_exp': 3.782768191277853, 'P_half': 188.03090445239775, 'pre_dampen_half': 3.2175738341295035, 'gpp_af': 95.46288223162723, 'gpp_b': 0.0685344675885019, 'gpp_d': 661.9691846388057, 'ign_k': 0.009223418621645265, 'ign_c': 1.955635217387665, 'trop_agb_crit': 4.457607984692709, 'trop_k_veg': 0.7323733973852681, 'pop_amp': 4.985163444397875, 'pop_peak': 131.16279788848283, 'pop_sig': 0.817934987360961}. Best is trial 0 with value: -0.6002194417466498.
[I 2026-08-20 00:04:54,689] Trial 94 finished with value: 0.43327250062767175 and parameters: {'k1': 0.01278986251076768, 'D_low': 14.924589138315241, 'k2': 7.193087615428938e-05, 'D_high': 8577538.390647031, 'fire_exp': 1.3190927208695031, 'P_half': 35.5554645432614, 'pre_dampen_half': 0.8782284932484125, 'gpp_af': 0.39176627032167116, 'gpp_b': 1.1577139775805785e-05, 'gpp_d': 8.679246199768116, 'ign_k': 0.10348306147726877, 'ign_c': 0.4273818059450378, 'trop_agb_crit': 5.725321522313973, 'trop_k_veg': 0.5737305854553953, 'pop_amp': 0.0012853089718463842, 'pop_peak': 164.9270108097948, 'pop_sig': 1.47510402267134}. Best is trial 0 with value: -0.6002194417466498.
[I 2026-08-20 00:04:57,710] Trial 95 finished with value: 0.5404844970698046 and parameters: {'k1': 0.004822485464109923, 'D_low': 54.22641013488391, 'k2': 5.827245037635721e-05, 'D_high': 6812327.641541669, 'fire_exp': 1.6165136382968974, 'P_half': 1131.6309188538119, 'pre_dampen_half': 1.9856259925382456, 'gpp_af': 7.690747410979007, 'gpp_b': 0.0008668221496048168, 'gpp_d': 73.94866377677863, 'ign_k': 0.1278576437509848, 'ign_c': 11.818667651127887, 'trop_agb_crit': 25.736690522943828, 'trop_k_veg': 0.8130440134168153, 'pop_amp': 0.055500060910314584, 'pop_peak': 122.94534432528887, 'pop_sig': 1.982264587136185}. Best is trial 0 with value: -0.6002194417466498.
