[I 2026-07-22 21:50:53,126] Trial 1329 finished with values: [-0.8028863831089456, 0.33500285702085064] and parameters: {'k1': 0.002968335334246999, 'D_low': 2.8627614274446977, 'k2': 0.020149789847008874, 'D_high': 107013.64911724928, 'fire_exp': 2.3987174696212126, 'P_half': 220.3445560633069, 'pre_dampen_half': 269.0845367054863, 'gpp_af': 0.4224904711663322, 'gpp_b': 0.0032930655419269924, 'gpp_d': 12.151631524283598, 'ign_k': 0.47637374845937214, 'ign_c': 15.221840161091619, 'trop_agb_crit': 24.584290528289387, 'trop_k_veg': 1.6340262437673856, 'fuel_k': 4.680936683972859, 'fuel_half': 16.371966573507315}.
[I 2026-07-22 21:50:53,547] Trial 1330 finished with values: [10.510020860037972, 10.510020860037972] and parameters: {'k1': 0.002968335334246999, 'D_low': 7.109383445138647, 'k2': 0.020149789847008874, 'D_high': 107013.64911724928, 'fire_exp': 2.3786532049674034, 'P_half': 220.3445560633069, 'pre_dampen_half': 269.0845367054863, 'gpp_af': 0.026886479903448782, 'gpp_b': 0.0054502936945582505, 'gpp_d': 12.151631524283598, 'ign_k': 0.018526200127469788, 'ign_c': 0.19678273362633986, 'trop_agb_crit': 12.090290534777825, 'trop_k_veg': 1.6340262437673856, 'fuel_k': 4.680936683972859, 'fuel_half': 18.202647368248815}.
[I 2026-07-22 21:50:53,973] Trial 1331 finished with values: [-0.7898978968338711, 0.5011247372965928] and parameters: {'k1': 0.002968335334246999, 'D_low': 102.19595065529477, 'k2': 0.017300724838654365, 'D_high': 107013.64911724928, 'fire_exp': 1.489166028799304, 'P_half': 220.3445560633069, 'pre_dampen_half': 269.0845367054863, 'gpp_af': 0.4224904711663322, 'gpp_b': 0.0021331409710300844, 'gpp_d': 74.0283856331784, 'ign_k': 0.47637374845937214, 'ign_c': 15.221840161091619, 'trop_agb_crit': 1.987932516876894, 'trop_k_veg': 1.6340262437673856, 'fuel_k': 4.680936683972859, 'fuel_half': 16.371966573507315}.
[I 2026-07-22 21:50:54,424] Trial 1332 finished with values: [-0.7312941217433474, 0.2469083947617965] and parameters: {'k1': 0.002968335334246999, 'D_low': 2.8627614274446977, 'k2': 0.002342238625792905, 'D_high': 107013.64911724928, 'fire_exp': 2.3987174696212126, 'P_half': 220.3445560633069, 'pre_dampen_half': 269.0845367054863, 'gpp_af': 0.03924302839842014, 'gpp_b': 0.0021331409710300844, 'gpp_d': 12.151631524283598, 'ign_k': 3.210808548911192, 'ign_c': 15.221840161091619, 'trop_agb_crit': 24.584290528289387, 'trop_k_veg': 1.6340262437673856, 'fuel_k': 0.11650538392235156, 'fuel_half': 16.371966573507315}.
[I 2026-07-22 21:50:54,870] Trial 1333 finished with values: [-0.7981444995066961, 0.39974079564832443] and parameters: {'k1': 0.003456886280594567, 'D_low': 6.9866529071401136, 'k2': 0.020149789847008874, 'D_high': 107013.64911724928, 'fire_exp': 2.3987174696212126, 'P_half': 220.3445560633069, 'pre_dampen_half': 269.0845367054863, 'gpp_af': 0.4224904711663322, 'gpp_b': 0.0021331409710300844, 'gpp_d': 16.460426816350534, 'ign_k': 3.210808548911192, 'ign_c': 15.221840161091619, 'trop_agb_crit': 24.584290528289387, 'trop_k_veg': 1.6340262437673856, 'fuel_k': 4.680936683972859, 'fuel_half': 16.371966573507315}.
[I 2026-07-22 21:50:55,305] Trial 1334 finished with values: [-0.7920794879968082, 0.3723150944739445] and parameters: {'k1': 0.007895056976009628, 'D_low': 102.19595065529477, 'k2': 0.020149789847008874, 'D_high': 107013.64911724928, 'fire_exp': 2.3987174696212126, 'P_half': 220.3445560633069, 'pre_dampen_half': 269.0845367054863, 'gpp_af': 0.7539992074650282, 'gpp_b': 0.0021331409710300844, 'gpp_d': 12.151631524283598, 'ign_k': 0.47637374845937214, 'ign_c': 15.221840161091619, 'trop_agb_crit': 19.28597237496244, 'trop_k_veg': 1.6340262437673856, 'fuel_k': 4.680936683972859, 'fuel_half': 18.202647368248815}.
[I 2026-07-22 21:50:55,731] Trial 1335 finished with values: [-0.7850187494435977, 0.41702993743701033] and parameters: {'k1': 0.002968335334246999, 'D_low': 102.19595065529477, 'k2': 0.027083713598654854, 'D_high': 107013.64911724928, 'fire_exp': 2.3987174696212126, 'P_half': 220.3445560633069, 'pre_dampen_half': 269.0845367054863, 'gpp_af': 0.4224904711663322, 'gpp_b': 0.0021331409710300844, 'gpp_d': 12.151631524283598, 'ign_k': 0.8015297379101401, 'ign_c': 2.5923015361558552, 'trop_agb_crit': 19.28597237496244, 'trop_k_veg': 1.6340262437673856, 'fuel_k': 4.680936683972859, 'fuel_half': 16.371966573507315}.
[I 2026-07-22 21:50:56,155] Trial 1336 finished with values: [-0.7357495873014696, 0.1922509011822282] and parameters: {'k1': 0.002968335334246999, 'D_low': 2.8627614274446977, 'k2': 0.017300724838654365, 'D_high': 107013.64911724928, 'fire_exp': 2.3987174696212126, 'P_half': 220.3445560633069, 'pre_dampen_half': 269.0845367054863, 'gpp_af': 0.03924302839842014, 'gpp_b': 0.0032930655419269924, 'gpp_d': 12.151631524283598, 'ign_k': 0.47637374845937214, 'ign_c': 15.221840161091619, 'trop_agb_crit': 24.584290528289387, 'trop_k_veg': 1.140286245977296, 'fuel_k': 4.680936683972859, 'fuel_half': 38.21129441691226}.
[I 2026-07-22 21:50:56,578] Trial 1337 finished with values: [10.32228218669917, 10.32228218669917] and parameters: {'k1': 0.007895056976009628, 'D_low': 2.8627614274446977, 'k2': 0.002342238625792905, 'D_high': 107013.64911724928, 'fire_exp': 2.3987174696212126, 'P_half': 220.3445560633069, 'pre_dampen_half': 10.22391323207224, 'gpp_af': 0.026886479903448782, 'gpp_b': 0.0032930655419269924, 'gpp_d': 12.151631524283598, 'ign_k': 0.5080094006294851, 'ign_c': 4.1108484350212295, 'trop_agb_crit': 19.28597237496244, 'trop_k_veg': 1.140286245977296, 'fuel_k': 4.680936683972859, 'fuel_half': 52.005817291141206}.
[I 2026-07-22 21:50:57,006] Trial 1338 finished with values: [-0.7806834768960501, 0.38619979803392535] and parameters: {'k1': 0.002968335334246999, 'D_low': 2.8627614274446977, 'k2': 0.002342238625792905, 'D_high': 145242.37928628005, 'fire_exp': 2.3987174696212126, 'P_half': 220.3445560633069, 'pre_dampen_half': 290.1459078621923, 'gpp_af': 0.7539992074650282, 'gpp_b': 0.0054502936945582505, 'gpp_d': 12.151631524283598, 'ign_k': 0.47637374845937214, 'ign_c': 5.936357641149636, 'trop_agb_crit': 7.883969223148413, 'trop_k_veg': 1.140286245977296, 'fuel_k': 4.680936683972859, 'fuel_half': 16.371966573507315}.
[I 2026-07-22 21:50:57,429] Trial 1339 finished with values: [10.454676860517504, 10.454676860517504] and parameters: {'k1': 0.007895056976009628, 'D_low': 102.19595065529477, 'k2': 0.017300724838654365, 'D_high': 107013.64911724928, 'fire_exp': 2.3987174696212126, 'P_half': 220.3445560633069, 'pre_dampen_half': 269.0845367054863, 'gpp_af': 0.026886479903448782, 'gpp_b': 0.029533947738179488, 'gpp_d': 12.151631524283598, 'ign_k': 0.3351430459015791, 'ign_c': 4.1108484350212295, 'trop_agb_crit': 19.28597237496244, 'trop_k_veg': 1.6340262437673856, 'fuel_k': 0.4403765768963988, 'fuel_half': 0.7023623513432808}.
[I 2026-07-22 21:50:57,856] Trial 1340 finished with values: [-0.7355222073280583, 0.3350828666056811] and parameters: {'k1': 0.002968335334246999, 'D_low': 2.8627614274446977, 'k2': 0.020149789847008874, 'D_high': 107013.64911724928, 'fire_exp': 2.3987174696212126, 'P_half': 220.3445560633069, 'pre_dampen_half': 269.0845367054863, 'gpp_af': 0.7539992074650282, 'gpp_b': 0.0032930655419269924, 'gpp_d': 12.151631524283598, 'ign_k': 0.47637374845937214, 'ign_c': 15.221840161091619, 'trop_agb_crit': 19.28597237496244, 'trop_k_veg': 1.6340262437673856, 'fuel_k': 0.8954119688867196, 'fuel_half': 18.202647368248815}.
[I 2026-07-22 21:50:58,277] Trial 1341 finished with values: [-0.7950706603452429, 0.33602034597458186] and parameters: {'k1': 0.002968335334246999, 'D_low': 102.19595065529477, 'k2': 0.017300724838654365, 'D_high': 107013.64911724928, 'fire_exp': 2.3987174696212126, 'P_half': 220.3445560633069, 'pre_dampen_half': 269.0845367054863, 'gpp_af': 0.4224904711663322, 'gpp_b': 0.0054502936945582505, 'gpp_d': 12.151631524283598, 'ign_k': 3.210808548911192, 'ign_c': 15.221840161091619, 'trop_agb_crit': 19.28597237496244, 'trop_k_veg': 1.6340262437673856, 'fuel_k': 4.680936683972859, 'fuel_half': 16.371966573507315}.
[I 2026-07-22 21:50:58,698] Trial 1342 finished with values: [-0.7732368205844079, 0.30539686990391324] and parameters: {'k1': 0.002968335334246999, 'D_low': 2.8627614274446977, 'k2': 0.002342238625792905, 'D_high': 107013.64911724928, 'fire_exp': 1.9860398529053203, 'P_half': 220.3445560633069, 'pre_dampen_half': 269.0845367054863, 'gpp_af': 0.03924302839842014, 'gpp_b': 0.0007693087624665233, 'gpp_d': 12.151631524283598, 'ign_k': 0.47637374845937214, 'ign_c': 15.221840161091619, 'trop_agb_crit': 6.247810889373202, 'trop_k_veg': 1.6340262437673856, 'fuel_k': 0.11650538392235156, 'fuel_half': 33.06791837227926}.
[I 2026-07-22 21:50:59,122] Trial 1343 finished with values: [-0.7328605786425253, 0.33799199383258394] and parameters: {'k1': 0.007895056976009628, 'D_low': 2.8627614274446977, 'k2': 0.020149789847008874, 'D_high': 71534.52030884045, 'fire_exp': 2.3987174696212126, 'P_half': 220.3445560633069, 'pre_dampen_half': 269.0845367054863, 'gpp_af': 0.026886479903448782, 'gpp_b': 0.00026582805291215216, 'gpp_d': 12.151631524283598, 'ign_k': 3.210808548911192, 'ign_c': 0.19678273362633986, 'trop_agb_crit': 12.090290534777825, 'trop_k_veg': 1.6340262437673856, 'fuel_k': 4.680936683972859, 'fuel_half': 38.21129441691226}.
[I 2026-07-22 21:50:59,543] Trial 1344 finished with values: [-0.769525591194013, 0.3135317836279542] and parameters: {'k1': 0.003663433473924883, 'D_low': 102.19595065529477, 'k2': 0.020149789847008874, 'D_high': 107013.64911724928, 'fire_exp': 2.3987174696212126, 'P_half': 220.3445560633069, 'pre_dampen_half': 269.0845367054863, 'gpp_af': 0.4224904711663322, 'gpp_b': 0.0054502936945582505, 'gpp_d': 12.151631524283598, 'ign_k': 3.210808548911192, 'ign_c': 15.221840161091619, 'trop_agb_crit': 19.28597237496244, 'trop_k_veg': 1.140286245977296, 'fuel_k': 4.680936683972859, 'fuel_half': 38.21129441691226}.
[I 2026-07-22 21:50:59,970] Trial 1345 finished with values: [-0.7525500108540869, 0.33922435224859837] and parameters: {'k1': 0.003663433473924883, 'D_low': 6.9866529071401136, 'k2': 0.020149789847008874, 'D_high': 107013.64911724928, 'fire_exp': 2.3987174696212126, 'P_half': 220.3445560633069, 'pre_dampen_half': 269.0845367054863, 'gpp_af': 0.4224904711663322, 'gpp_b': 0.0032930655419269924, 'gpp_d': 12.151631524283598, 'ign_k': 3.210808548911192, 'ign_c': 15.221840161091619, 'trop_agb_crit': 19.28597237496244, 'trop_k_veg': 1.6340262437673856, 'fuel_k': 0.2651087544199802, 'fuel_half': 16.371966573507315}.
[I 2026-07-22 21:51:00,424] Trial 1346 finished with values: [-0.8020375644453235, 0.510187609863356] and parameters: {'k1': 0.002968335334246999, 'D_low': 9.497440085397416, 'k2': 0.020149789847008874, 'D_high': 107013.64911724928, 'fire_exp': 2.3987174696212126, 'P_half': 220.3445560633069, 'pre_dampen_half': 269.0845367054863, 'gpp_af': 0.4224904711663322, 'gpp_b': 4.220353378826744e-05, 'gpp_d': 12.151631524283598, 'ign_k': 0.47637374845937214, 'ign_c': 15.221840161091619, 'trop_agb_crit': 16.792543733160812, 'trop_k_veg': 1.6340262437673856, 'fuel_k': 4.680936683972859, 'fuel_half': 16.371966573507315}.
[I 2026-07-22 21:51:00,870] Trial 1347 finished with values: [10.579606096006188, 10.579606096006188] and parameters: {'k1': 0.002968335334246999, 'D_low': 2.9612221068836555, 'k2': 0.020149789847008874, 'D_high': 2028.0000710139504, 'fire_exp': 2.3987174696212126, 'P_half': 136.0956887810302, 'pre_dampen_half': 269.0845367054863, 'gpp_af': 0.2743691912485276, 'gpp_b': 0.0021331409710300844, 'gpp_d': 12.151631524283598, 'ign_k': 0.47637374845937214, 'ign_c': 15.221840161091619, 'trop_agb_crit': 19.28597237496244, 'trop_k_veg': 1.6340262437673856, 'fuel_k': 4.680936683972859, 'fuel_half': 38.21129441691226}.
[I 2026-07-22 21:51:01,359] Trial 1348 finished with values: [-0.7758947066246288, 0.3442561926899048] and parameters: {'k1': 0.003663433473924883, 'D_low': 102.19595065529477, 'k2': 0.020149789847008874, 'D_high': 107013.64911724928, 'fire_exp': 2.3987174696212126, 'P_half': 220.3445560633069, 'pre_dampen_half': 269.0845367054863, 'gpp_af': 0.4224904711663322, 'gpp_b': 0.0032930655419269924, 'gpp_d': 12.151631524283598, 'ign_k': 3.210808548911192, 'ign_c': 15.221840161091619, 'trop_agb_crit': 24.584290528289387, 'trop_k_veg': 1.140286245977296, 'fuel_k': 4.680936683972859, 'fuel_half': 38.21129441691226}.
[I 2026-07-22 21:51:01,787] Trial 1349 finished with values: [-0.7676717455153669, 0.24374558242891953] and parameters: {'k1': 0.002968335334246999, 'D_low': 2.8627614274446977, 'k2': 0.002342238625792905, 'D_high': 145242.37928628005, 'fire_exp': 2.3987174696212126, 'P_half': 220.3445560633069, 'pre_dampen_half': 269.0845367054863, 'gpp_af': 0.03924302839842014, 'gpp_b': 0.0021331409710300844, 'gpp_d': 12.151631524283598, 'ign_k': 3.210808548911192, 'ign_c': 15.221840161091619, 'trop_agb_crit': 6.1198430581046965, 'trop_k_veg': 1.8469549401909453, 'fuel_k': 4.680936683972859, 'fuel_half': 38.21129441691226}.
[I 2026-07-22 21:51:02,216] Trial 1350 finished with values: [10.100719373934812, 10.100719373934812] and parameters: {'k1': 0.002968335334246999, 'D_low': 2.8627614274446977, 'k2': 7.966502922679658e-05, 'D_high': 71534.52030884045, 'fire_exp': 2.3987174696212126, 'P_half': 220.3445560633069, 'pre_dampen_half': 269.0845367054863, 'gpp_af': 0.03924302839842014, 'gpp_b': 0.0054502936945582505, 'gpp_d': 12.151631524283598, 'ign_k': 0.47637374845937214, 'ign_c': 15.221840161091619, 'trop_agb_crit': 19.28597237496244, 'trop_k_veg': 1.6340262437673856, 'fuel_k': 4.680936683972859, 'fuel_half': 38.21129441691226}.
[I 2026-07-22 21:51:02,649] Trial 1351 finished with values: [-0.7481354278233582, 0.31226401551201577] and parameters: {'k1': 0.02321615060145498, 'D_low': 9.497440085397416, 'k2': 0.017300724838654365, 'D_high': 71534.52030884045, 'fire_exp': 2.3987174696212126, 'P_half': 220.3445560633069, 'pre_dampen_half': 269.0845367054863, 'gpp_af': 0.4224904711663322, 'gpp_b': 0.0021331409710300844, 'gpp_d': 12.151631524283598, 'ign_k': 3.210808548911192, 'ign_c': 15.221840161091619, 'trop_agb_crit': 6.1198430581046965, 'trop_k_veg': 1.140286245977296, 'fuel_k': 4.680936683972859, 'fuel_half': 16.371966573507315}.
[I 2026-07-22 21:51:03,079] Trial 1352 finished with values: [10.060473790842217, 10.060473790842217] and parameters: {'k1': 0.002968335334246999, 'D_low': 102.19595065529477, 'k2': 0.002342238625792905, 'D_high': 107013.64911724928, 'fire_exp': 2.3987174696212126, 'P_half': 406.34698167377394, 'pre_dampen_half': 269.0845367054863, 'gpp_af': 0.4224904711663322, 'gpp_b': 0.0021331409710300844, 'gpp_d': 12.151631524283598, 'ign_k': 0.47637374845937214, 'ign_c': 15.221840161091619, 'trop_agb_crit': 10.65399158341592, 'trop_k_veg': 1.6340262437673856, 'fuel_k': 4.680936683972859, 'fuel_half': 16.371966573507315}.
  trial 1353/1500  pareto_size=6  best_taylor=0.8316  best_ilamb=0.5879  (10.2 min)
[I 2026-07-22 21:51:03,741] Trial 1353 finished with values: [10.064455909930723, 10.064455909930723] and parameters: {'k1': 0.002968335334246999, 'D_low': 9.497440085397416, 'k2': 0.0958848658035659, 'D_high': 107013.64911724928, 'fire_exp': 2.3987174696212126, 'P_half': 220.3445560633069, 'pre_dampen_half': 269.0845367054863, 'gpp_af': 0.03924302839842014, 'gpp_b': 0.0021331409710300844, 'gpp_d': 565.7899943166799, 'ign_k': 0.25269943226124775, 'ign_c': 15.221840161091619, 'trop_agb_crit': 24.584290528289387, 'trop_k_veg': 1.6340262437673856, 'fuel_k': 1.1636339080320923, 'fuel_half': 16.371966573507315}.
[I 2026-07-22 21:51:04,174] Trial 1354 finished with values: [-0.8011770352687381, 0.4074904586336401] and parameters: {'k1': 0.003663433473924883, 'D_low': 102.19595065529477, 'k2': 0.020149789847008874, 'D_high': 368081.9831637289, 'fire_exp': 2.3987174696212126, 'P_half': 220.3445560633069, 'pre_dampen_half': 269.0845367054863, 'gpp_af': 0.4224904711663322, 'gpp_b': 0.0021331409710300844, 'gpp_d': 12.151631524283598, 'ign_k': 3.210808548911192, 'ign_c': 15.221840161091619, 'trop_agb_crit': 6.1198430581046965, 'trop_k_veg': 1.140286245977296, 'fuel_k': 4.680936683972859, 'fuel_half': 38.21129441691226}.
[I 2026-07-22 21:51:04,606] Trial 1355 finished with values: [-0.8213011661307856, 0.4038127216070465] and parameters: {'k1': 0.002968335334246999, 'D_low': 2.8627614274446977, 'k2': 0.020149789847008874, 'D_high': 8127143.66353742, 'fire_exp': 2.3987174696212126, 'P_half': 220.3445560633069, 'pre_dampen_half': 269.0845367054863, 'gpp_af': 0.4224904711663322, 'gpp_b': 0.0032930655419269924, 'gpp_d': 12.151631524283598, 'ign_k': 3.210808548911192, 'ign_c': 15.221840161091619, 'trop_agb_crit': 19.28597237496244, 'trop_k_veg': 1.6340262437673856, 'fuel_k': 4.680936683972859, 'fuel_half': 38.21129441691226}.
[I 2026-07-22 21:51:05,040] Trial 1356 finished with values: [10.144144315804262, 10.144144315804262] and parameters: {'k1': 0.003663433473924883, 'D_low': 102.19595065529477, 'k2': 0.020149789847008874, 'D_high': 8127143.66353742, 'fire_exp': 2.3786532049674034, 'P_half': 220.3445560633069, 'pre_dampen_half': 269.0845367054863, 'gpp_af': 0.4224904711663322, 'gpp_b': 0.0021331409710300844, 'gpp_d': 16.460426816350534, 'ign_k': 0.10594104146032199, 'ign_c': 15.221840161091619, 'trop_agb_crit': 19.28597237496244, 'trop_k_veg': 1.6340262437673856, 'fuel_k': 4.680936683972859, 'fuel_half': 18.202647368248815}.
[I 2026-07-22 21:51:05,484] Trial 1357 finished with values: [-0.7777792959653594, 0.2095307333421912] and parameters: {'k1': 0.002968335334246999, 'D_low': 2.8627614274446977, 'k2': 0.020149789847008874, 'D_high': 107013.64911724928, 'fire_exp': 2.3987174696212126, 'P_half': 220.3445560633069, 'pre_dampen_half': 269.0845367054863, 'gpp_af': 0.03924302839842014, 'gpp_b': 0.0021331409710300844, 'gpp_d': 12.151631524283598, 'ign_k': 0.47637374845937214, 'ign_c': 15.221840161091619, 'trop_agb_crit': 6.1198430581046965, 'trop_k_veg': 1.8469549401909453, 'fuel_k': 4.680936683972859, 'fuel_half': 16.371966573507315}.
[I 2026-07-22 21:51:05,918] Trial 1358 finished with values: [-0.7754278597173337, 0.24951636982602543] and parameters: {'k1': 0.002968335334246999, 'D_low': 6.9866529071401136, 'k2': 0.017300724838654365, 'D_high': 107013.64911724928, 'fire_exp': 2.3987174696212126, 'P_half': 343.88729064691387, 'pre_dampen_half': 269.0845367054863, 'gpp_af': 0.4224904711663322, 'gpp_b': 0.0032930655419269924, 'gpp_d': 16.460426816350534, 'ign_k': 0.8015297379101401, 'ign_c': 15.221840161091619, 'trop_agb_crit': 16.212729069955312, 'trop_k_veg': 1.6340262437673856, 'fuel_k': 4.680936683972859, 'fuel_half': 16.371966573507315}.
[I 2026-07-22 21:51:06,339] Trial 1359 finished with values: [-0.7211602579109049, 0.18818868521672072] and parameters: {'k1': 0.002968335334246999, 'D_low': 2.8627614274446977, 'k2': 0.002342238625792905, 'D_high': 182581.50884250284, 'fire_exp': 2.3987174696212126, 'P_half': 220.3445560633069, 'pre_dampen_half': 269.0845367054863, 'gpp_af': 0.03924302839842014, 'gpp_b': 0.0054502936945582505, 'gpp_d': 12.151631524283598, 'ign_k': 0.47637374845937214, 'ign_c': 4.1108484350212295, 'trop_agb_crit': 6.1198430581046965, 'trop_k_veg': 1.140286245977296, 'fuel_k': 4.680936683972859, 'fuel_half': 18.202647368248815}.
[I 2026-07-22 21:51:06,768] Trial 1360 finished with values: [-0.8095147806338009, 0.4147603149023825] and parameters: {'k1': 0.002968335334246999, 'D_low': 9.497440085397416, 'k2': 0.002342238625792905, 'D_high': 368081.9831637289, 'fire_exp': 2.3987174696212126, 'P_half': 220.3445560633069, 'pre_dampen_half': 269.0845367054863, 'gpp_af': 0.4224904711663322, 'gpp_b': 0.0054502936945582505, 'gpp_d': 12.151631524283598, 'ign_k': 0.8015297379101401, 'ign_c': 4.1108484350212295, 'trop_agb_crit': 24.584290528289387, 'trop_k_veg': 1.6340262437673856, 'fuel_k': 4.680936683972859, 'fuel_half': 16.371966573507315}.
[I 2026-07-22 21:51:07,243] Trial 1361 finished with values: [-0.721185241722959, 0.21127315137597802] and parameters: {'k1': 0.002968335334246999, 'D_low': 2.8627614274446977, 'k2': 0.002342238625792905, 'D_high': 107013.64911724928, 'fire_exp': 2.3987174696212126, 'P_half': 220.3445560633069, 'pre_dampen_half': 269.0845367054863, 'gpp_af': 0.03924302839842014, 'gpp_b': 0.0021331409710300844, 'gpp_d': 12.151631524283598, 'ign_k': 0.47637374845937214, 'ign_c': 15.221840161091619, 'trop_agb_crit': 24.584290528289387, 'trop_k_veg': 1.6340262437673856, 'fuel_k': 0.01574201873566924, 'fuel_half': 38.21129441691226}.
[I 2026-07-22 21:51:07,710] Trial 1362 finished with values: [-0.7186934909670167, 0.19564246697626797] and parameters: {'k1': 0.002968335334246999, 'D_low': 2.8627614274446977, 'k2': 0.020149789847008874, 'D_high': 368081.9831637289, 'fire_exp': 2.3987174696212126, 'P_half': 220.3445560633069, 'pre_dampen_half': 502.5175192217655, 'gpp_af': 0.03924302839842014, 'gpp_b': 0.0054502936945582505, 'gpp_d': 12.151631524283598, 'ign_k': 3.210808548911192, 'ign_c': 4.1108484350212295, 'trop_agb_crit': 6.1198430581046965, 'trop_k_veg': 1.6340262437673856, 'fuel_k': 4.680936683972859, 'fuel_half': 38.21129441691226}.
[I 2026-07-22 21:51:08,150] Trial 1363 finished with values: [-0.8004370598345423, 0.38586851114452936] and parameters: {'k1': 0.002968335334246999, 'D_low': 2.8627614274446977, 'k2': 0.002342238625792905, 'D_high': 145242.37928628005, 'fire_exp': 2.3987174696212126, 'P_half': 220.3445560633069, 'pre_dampen_half': 269.0845367054863, 'gpp_af': 0.4224904711663322, 'gpp_b': 0.0032104497420724493, 'gpp_d': 16.460426816350534, 'ign_k': 3.210808548911192, 'ign_c': 15.221840161091619, 'trop_agb_crit': 24.584290528289387, 'trop_k_veg': 1.6340262437673856, 'fuel_k': 4.680936683972859, 'fuel_half': 38.21129441691226}.
