[I 2026-08-20 00:06:27,085] Trial 150 finished with value: 0.48800002284032085 and parameters: {'k1': 0.01282040117095916, 'D_low': 188.160233620106, 'k2': 0.0006560666823578076, 'D_high': 8531213.991333611, 'fire_exp': 5.048183979911194, 'P_half': 253.67055085632506, 'pre_dampen_half': 106.71278735486838, 'gpp_af': 0.1213569350439615, 'gpp_b': 0.005005510614858856, 'gpp_d': 120.0339372140451, 'ign_k': 0.19966726908630103, 'ign_c': 4.970699980448104, 'trop_agb_crit': 6.583845456845643, 'trop_k_veg': 6.347130581728571}. Best is trial 0 with value: -0.5989088506199346.
[I 2026-08-20 00:06:29,686] Trial 151 finished with value: 0.5541369411579218 and parameters: {'k1': 0.018508821209412434, 'D_low': 2556.4598356614847, 'k2': 0.007129842206131781, 'D_high': 6137506.529618312, 'fire_exp': 3.4776531747725477, 'P_half': 584.5879482224478, 'pre_dampen_half': 360.7131330920412, 'gpp_af': 0.11978745809763408, 'gpp_b': 0.016196323804003473, 'gpp_d': 6.7764426074643165, 'ign_k': 1.4516419826934361, 'ign_c': 0.3630486165648519, 'trop_agb_crit': 6.059669790501941, 'trop_k_veg': 2.2193509063120107}. Best is trial 0 with value: -0.5989088506199346.
[I 2026-08-20 00:06:32,242] Trial 152 finished with value: 0.4859366501877046 and parameters: {'k1': 0.0006032970832103323, 'D_low': 28014.052428887437, 'k2': 0.07919280950378789, 'D_high': 9056126.957541447, 'fire_exp': 1.1354210220520542, 'P_half': 24.050567041571597, 'pre_dampen_half': 39.92581189116265, 'gpp_af': 0.03238709434235207, 'gpp_b': 0.00013480815186263349, 'gpp_d': 310.6987726923025, 'ign_k': 0.009195202054853347, 'ign_c': 0.47020270412114756, 'trop_agb_crit': 9.352834016625254, 'trop_k_veg': 4.945696027895828}. Best is trial 0 with value: -0.5989088506199346.
[I 2026-08-20 00:06:34,424] Trial 153 finished with value: 0.591730675588017 and parameters: {'k1': 0.0010144807632001252, 'D_low': 11619.476773047723, 'k2': 0.0679111840934007, 'D_high': 988842.4595773685, 'fire_exp': 3.2229496569368696, 'P_half': 44.84900656082283, 'pre_dampen_half': 36.99199647265162, 'gpp_af': 0.0026370433176456454, 'gpp_b': 7.957656414295036e-05, 'gpp_d': 239.8350546027359, 'ign_k': 0.029252508245153533, 'ign_c': 27.64003262132774, 'trop_agb_crit': 7.521480747903155, 'trop_k_veg': 5.616067328428321}. Best is trial 0 with value: -0.5989088506199346.
[I 2026-08-20 00:06:36,755] Trial 154 finished with value: 0.5838451236626807 and parameters: {'k1': 0.0006971258227198863, 'D_low': 1999.3635421774459, 'k2': 1.577124269827755e-05, 'D_high': 69274.22383487553, 'fire_exp': 4.713093019877488, 'P_half': 64.11393301165853, 'pre_dampen_half': 6.042482089093275, 'gpp_af': 0.6163199325546945, 'gpp_b': 0.0003048395872427257, 'gpp_d': 3.641866453359844, 'ign_k': 7.897916519358569, 'ign_c': 5.420483490917557, 'trop_agb_crit': 18.899489777673647, 'trop_k_veg': 0.6567732557023499}. Best is trial 0 with value: -0.5989088506199346.
[I 2026-08-20 00:06:38,984] Trial 155 finished with value: 0.5618666110509452 and parameters: {'k1': 0.001378347488746031, 'D_low': 3491.168353338026, 'k2': 0.006758473467648405, 'D_high': 1686118.1941235336, 'fire_exp': 1.7956634343327003, 'P_half': 10.171769510952876, 'pre_dampen_half': 898.5301881787276, 'gpp_af': 0.00614660846050762, 'gpp_b': 0.0021705615666286126, 'gpp_d': 57.28536452558682, 'ign_k': 0.013285150017672661, 'ign_c': 1.7943920271938103, 'trop_agb_crit': 1.6191472751675249, 'trop_k_veg': 2.723471812608782}. Best is trial 0 with value: -0.5989088506199346.
[I 2026-08-20 00:06:42,019] Trial 156 finished with value: 0.5962187191058707 and parameters: {'k1': 0.05760769208089229, 'D_low': 2553.8945518992887, 'k2': 0.0022824018252289276, 'D_high': 811921.3220572267, 'fire_exp': 1.595469637404851, 'P_half': 3796.3267253850313, 'pre_dampen_half': 6.15176744649753, 'gpp_af': 10.037441059242624, 'gpp_b': 1.884844105718555e-05, 'gpp_d': 7.744422970615186, 'ign_k': 0.13175228673632602, 'ign_c': 0.9823685656018442, 'trop_agb_crit': 10.387278128504205, 'trop_k_veg': 3.359810272083789}. Best is trial 0 with value: -0.5989088506199346.
[I 2026-08-20 00:06:45,061] Trial 157 finished with value: 0.5219680110736433 and parameters: {'k1': 0.028398066879162645, 'D_low': 6982.264089599118, 'k2': 0.007260638062448539, 'D_high': 5012391.88921181, 'fire_exp': 1.9037104520675652, 'P_half': 22.671020249608155, 'pre_dampen_half': 192.8360349133925, 'gpp_af': 0.003777032533798199, 'gpp_b': 0.000523389770809775, 'gpp_d': 250.3887101727655, 'ign_k': 0.020097677761665326, 'ign_c': 3.608644187321203, 'trop_agb_crit': 5.019736166602855, 'trop_k_veg': 3.8148575352940717}. Best is trial 0 with value: -0.5989088506199346.
[I 2026-08-20 00:06:47,607] Trial 158 finished with value: 0.4331533378986635 and parameters: {'k1': 0.006487670151525146, 'D_low': 5719.048696305397, 'k2': 0.0006650150296923044, 'D_high': 113651.19795315173, 'fire_exp': 2.8629732120188343, 'P_half': 95.64479713331505, 'pre_dampen_half': 158.30314844656118, 'gpp_af': 0.4224261512868674, 'gpp_b': 8.449402562150541e-05, 'gpp_d': 206.4786031454166, 'ign_k': 0.17342550853420388, 'ign_c': 3.0447982333656185, 'trop_agb_crit': 6.632138658545521, 'trop_k_veg': 6.693529097177759}. Best is trial 0 with value: -0.5989088506199346.
[I 2026-08-20 00:06:49,929] Trial 159 finished with value: 0.4745668728178183 and parameters: {'k1': 0.00023649670370546767, 'D_low': 812.3010716510289, 'k2': 0.00014083829050539793, 'D_high': 211924.451951145, 'fire_exp': 2.0564017225672386, 'P_half': 14.206011990211868, 'pre_dampen_half': 334.9454094436115, 'gpp_af': 0.030234114711182515, 'gpp_b': 3.431520390516351e-05, 'gpp_d': 14.340926345064759, 'ign_k': 5.084275161053125, 'ign_c': 4.0676208949520944, 'trop_agb_crit': 21.597871191400795, 'trop_k_veg': 0.6529908710837777}. Best is trial 0 with value: -0.5989088506199346.
[I 2026-08-20 00:06:52,315] Trial 160 finished with value: 0.4362656171332967 and parameters: {'k1': 4.3288047598034166e-05, 'D_low': 797.9632972580596, 'k2': 0.039530247871768356, 'D_high': 193683.336127623, 'fire_exp': 2.572176070737555, 'P_half': 14.355812498639906, 'pre_dampen_half': 67.20202292303696, 'gpp_af': 0.0062090817362898025, 'gpp_b': 2.3604403639033272e-05, 'gpp_d': 2.218118793556275, 'ign_k': 4.605151116544321, 'ign_c': 0.1954573519194797, 'trop_agb_crit': 2.3187445492146876, 'trop_k_veg': 1.9384710046256282}. Best is trial 0 with value: -0.5989088506199346.
[I 2026-08-20 00:06:54,571] Trial 161 finished with value: 0.5144626131784638 and parameters: {'k1': 0.009502640183210611, 'D_low': 12624.66355168941, 'k2': 0.01811218974389987, 'D_high': 2915445.506571623, 'fire_exp': 1.3510060296567121, 'P_half': 5.643585767086489, 'pre_dampen_half': 1.7650454465110315, 'gpp_af': 8.990061670730224, 'gpp_b': 0.00882636527203329, 'gpp_d': 818.7915796403728, 'ign_k': 0.01123188381943146, 'ign_c': 0.530639451399871, 'trop_agb_crit': 23.76088633929345, 'trop_k_veg': 5.739491677338369}. Best is trial 0 with value: -0.5989088506199346.
[I 2026-08-20 00:06:56,806] Trial 162 finished with value: 0.4045122979683653 and parameters: {'k1': 0.0003925812760248233, 'D_low': 2986.601962990033, 'k2': 0.0002190141711816792, 'D_high': 3188182.5362032163, 'fire_exp': 1.5553579769060009, 'P_half': 179.8270659945506, 'pre_dampen_half': 39.850976385165865, 'gpp_af': 0.003232466728789166, 'gpp_b': 1.0520148250291508e-05, 'gpp_d': 108.4105317584873, 'ign_k': 0.12989902157020858, 'ign_c': 12.91181211653943, 'trop_agb_crit': 28.24260711714055, 'trop_k_veg': 4.181967704952634}. Best is trial 0 with value: -0.5989088506199346.
[I 2026-08-20 00:06:59,400] Trial 163 finished with value: 0.64367924910507 and parameters: {'k1': 0.03164731364477815, 'D_low': 543990.5387661485, 'k2': 0.005388752834360168, 'D_high': 2058216.8433220854, 'fire_exp': 2.0181083427730226, 'P_half': 788.0211301345893, 'pre_dampen_half': 663.499277860517, 'gpp_af': 0.4667007189160938, 'gpp_b': 7.985830210840286e-05, 'gpp_d': 468.37033457516617, 'ign_k': 0.6625302189514857, 'ign_c': 0.7113198029927404, 'trop_agb_crit': 8.827580614608742, 'trop_k_veg': 4.307510781536607}. Best is trial 0 with value: -0.5989088506199346.
[I 2026-08-20 00:07:02,121] Trial 164 finished with value: 0.4911549977260382 and parameters: {'k1': 0.0008995757665128091, 'D_low': 40.42110458011094, 'k2': 0.05413427997685505, 'D_high': 222065.65444827356, 'fire_exp': 1.972130902387507, 'P_half': 1.9693376720988829, 'pre_dampen_half': 4.673485845047435, 'gpp_af': 10.5318729004303, 'gpp_b': 0.022992102848275294, 'gpp_d': 40.399916496067085, 'ign_k': 0.032889146137027744, 'ign_c': 0.4588270134223675, 'trop_agb_crit': 4.377478136823534, 'trop_k_veg': 6.4014785467553255}. Best is trial 0 with value: -0.5989088506199346.
[I 2026-08-20 00:07:04,637] Trial 165 finished with value: -0.5114395943557215 and parameters: {'k1': 0.006548882104135015, 'D_low': 209.90296604000116, 'k2': 0.04933758218829935, 'D_high': 1531030.6343880845, 'fire_exp': 1.0968334089223197, 'P_half': 7.387188611581096, 'pre_dampen_half': 2.1467642193302443, 'gpp_af': 11.681955098632654, 'gpp_b': 0.0032034908097153237, 'gpp_d': 11.19256292321375, 'ign_k': 0.0018290445299641682, 'ign_c': 0.48557200786162624, 'trop_agb_crit': 10.402311052345144, 'trop_k_veg': 6.1172269167726965}. Best is trial 0 with value: -0.5989088506199346.
[I 2026-08-20 00:07:07,141] Trial 166 finished with value: 0.5702172447134023 and parameters: {'k1': 0.01871128323370942, 'D_low': 14.219947773578747, 'k2': 0.05302084924841958, 'D_high': 110971.25077274046, 'fire_exp': 1.5451681439882363, 'P_half': 4.41035978288103, 'pre_dampen_half': 0.07967846561500644, 'gpp_af': 16.495678275112812, 'gpp_b': 0.06855332636628265, 'gpp_d': 17.463523218525506, 'ign_k': 0.011354993873213847, 'ign_c': 0.31882761501127516, 'trop_agb_crit': 9.713726080688431, 'trop_k_veg': 5.68131991521696}. Best is trial 0 with value: -0.5989088506199346.
[I 2026-08-20 00:07:10,518] Trial 167 finished with value: 0.4514536737697279 and parameters: {'k1': 0.09520584352261838, 'D_low': 12404.374310396905, 'k2': 0.04667512941727613, 'D_high': 4013317.659245237, 'fire_exp': 1.815791627484691, 'P_half': 106.11024306400569, 'pre_dampen_half': 24.652462878812546, 'gpp_af': 37.660645027101424, 'gpp_b': 1.7801759466966757e-05, 'gpp_d': 273.825011354813, 'ign_k': 0.3404552963105251, 'ign_c': 2.325839611639814, 'trop_agb_crit': 21.720401420031738, 'trop_k_veg': 7.738146143904889}. Best is trial 0 with value: -0.5989088506199346.
[I 2026-08-20 00:07:12,959] Trial 168 finished with value: 0.44286573076114244 and parameters: {'k1': 2.160408665564688e-05, 'D_low': 3.1232004360796615, 'k2': 0.09498266584964511, 'D_high': 2805019.98728233, 'fire_exp': 1.5023364907250942, 'P_half': 37.96404686428216, 'pre_dampen_half': 235.64804078308833, 'gpp_af': 0.003983585224405975, 'gpp_b': 1.6652701080345927e-05, 'gpp_d': 8.368668003374616, 'ign_k': 1.4104293231079352, 'ign_c': 0.6442730255085963, 'trop_agb_crit': 2.3372244385376333, 'trop_k_veg': 1.2078414233287884}. Best is trial 0 with value: -0.5989088506199346.
[I 2026-08-20 00:07:15,505] Trial 169 finished with value: -0.5010170104887327 and parameters: {'k1': 0.0022931994614264193, 'D_low': 102.27116761135456, 'k2': 0.028653219330600745, 'D_high': 90639.93567174715, 'fire_exp': 1.7518090656355767, 'P_half': 56.58314270149427, 'pre_dampen_half': 136.48341216765107, 'gpp_af': 0.002316405993965577, 'gpp_b': 0.0024559741313811305, 'gpp_d': 98.56071439232132, 'ign_k': 0.32042523821688057, 'ign_c': 1.0699197599650756, 'trop_agb_crit': 3.8958433138690514, 'trop_k_veg': 2.42829115206048}. Best is trial 0 with value: -0.5989088506199346.
[I 2026-08-20 00:07:17,977] Trial 170 finished with value: 0.599478111799316 and parameters: {'k1': 0.006416136619457399, 'D_low': 331.6084042600589, 'k2': 0.003983357342635492, 'D_high': 819626.8354925995, 'fire_exp': 1.412656798978661, 'P_half': 24.840449167487094, 'pre_dampen_half': 3.808168790388734, 'gpp_af': 22.155766107452198, 'gpp_b': 0.00010109382901157608, 'gpp_d': 0.10545059217869993, 'ign_k': 0.014325707366986882, 'ign_c': 9.90693655678859, 'trop_agb_crit': 3.7821201487573313, 'trop_k_veg': 6.0516168282254235}. Best is trial 0 with value: -0.5989088506199346.
[I 2026-08-20 00:07:20,408] Trial 171 finished with value: 0.47491014548830224 and parameters: {'k1': 0.005210988007171894, 'D_low': 1.3019138402029327, 'k2': 0.06707619515124955, 'D_high': 1544401.4743934034, 'fire_exp': 1.8567383455830864, 'P_half': 25.581394276501953, 'pre_dampen_half': 31.858048239073312, 'gpp_af': 0.00956342289446703, 'gpp_b': 1.6266232900375404e-05, 'gpp_d': 42.48803218826043, 'ign_k': 0.0029499521480108155, 'ign_c': 3.430348911334042, 'trop_agb_crit': 9.731289116691835, 'trop_k_veg': 4.655242014750173}. Best is trial 0 with value: -0.5989088506199346.
[I 2026-08-20 00:07:22,817] Trial 172 finished with value: 0.5302409638856707 and parameters: {'k1': 0.047416982426102594, 'D_low': 2720.4286282951375, 'k2': 0.012564923110560317, 'D_high': 2739658.332357325, 'fire_exp': 1.0262113805499578, 'P_half': 2336.848602823937, 'pre_dampen_half': 111.53271024732781, 'gpp_af': 0.04160722394764784, 'gpp_b': 5.656854519588268e-05, 'gpp_d': 27.80776666815804, 'ign_k': 0.0015446336935578946, 'ign_c': 0.41814370816632923, 'trop_agb_crit': 15.447646500966163, 'trop_k_veg': 3.5073064533472893}. Best is trial 0 with value: -0.5989088506199346.
[I 2026-08-20 00:07:25,363] Trial 173 finished with value: 0.546142971682684 and parameters: {'k1': 0.0002970765706353193, 'D_low': 1489.2942058912183, 'k2': 0.00042613499373876906, 'D_high': 6836695.025416536, 'fire_exp': 1.3130706296224908, 'P_half': 3224.673187448794, 'pre_dampen_half': 24.45670327939838, 'gpp_af': 0.41012379240032176, 'gpp_b': 0.0012883368332978473, 'gpp_d': 105.65931557129488, 'ign_k': 0.06932714018647182, 'ign_c': 0.10414601633072727, 'trop_agb_crit': 23.472293647078914, 'trop_k_veg': 2.163795550369564}. Best is trial 0 with value: -0.5989088506199346.
[I 2026-08-20 00:07:27,853] Trial 174 finished with value: 0.5981959040833812 and parameters: {'k1': 0.0003588108925444994, 'D_low': 190.08873602220183, 'k2': 0.0018717981228056609, 'D_high': 4668.217435807752, 'fire_exp': 3.512058770875494, 'P_half': 5.305889461510301, 'pre_dampen_half': 3.073635381749747, 'gpp_af': 0.02736111704548751, 'gpp_b': 2.545060815227237e-05, 'gpp_d': 17.669874030326316, 'ign_k': 4.680588025407059, 'ign_c': 0.150117071414038, 'trop_agb_crit': 10.077883438570266, 'trop_k_veg': 0.7364365535819675}. Best is trial 0 with value: -0.5989088506199346.
[I 2026-08-20 00:07:30,338] Trial 175 finished with value: 0.5559787498106462 and parameters: {'k1': 0.0022030876587537883, 'D_low': 3139.9171282163907, 'k2': 0.007351502946933359, 'D_high': 147154.2967320494, 'fire_exp': 1.0296667941024955, 'P_half': 4.803587165735636, 'pre_dampen_half': 1.692371756686789, 'gpp_af': 44.030053337551585, 'gpp_b': 0.00026164783203053296, 'gpp_d': 4.9957711063122145, 'ign_k': 0.002732107991915668, 'ign_c': 0.34177820288523725, 'trop_agb_crit': 27.193276173473745, 'trop_k_veg': 6.465227211273813}. Best is trial 0 with value: -0.5989088506199346.
[I 2026-08-20 00:07:32,729] Trial 176 finished with value: 0.5911313503170795 and parameters: {'k1': 0.0009858682683311947, 'D_low': 2246.976562947962, 'k2': 0.09334553225360599, 'D_high': 863078.8329436481, 'fire_exp': 2.464097816265059, 'P_half': 731.5762490142491, 'pre_dampen_half': 61.401478469708614, 'gpp_af': 0.0060192090870755865, 'gpp_b': 0.0006687693268674812, 'gpp_d': 348.4079921021737, 'ign_k': 0.018074823581142343, 'ign_c': 0.43446922770593943, 'trop_agb_crit': 1.7237093698868466, 'trop_k_veg': 7.202535894826664}. Best is trial 0 with value: -0.5989088506199346.
[I 2026-08-20 00:07:35,276] Trial 177 finished with value: 0.5487490695636419 and parameters: {'k1': 0.002013089580815, 'D_low': 14969.988277187467, 'k2': 0.0710185428192381, 'D_high': 1299621.3386322295, 'fire_exp': 1.6195252677443046, 'P_half': 20.30788536141571, 'pre_dampen_half': 0.5805912143364067, 'gpp_af': 91.1859134650865, 'gpp_b': 0.0002545069445446439, 'gpp_d': 100.84548285868519, 'ign_k': 0.021791581929560173, 'ign_c': 0.12473868582911514, 'trop_agb_crit': 5.784566089979269, 'trop_k_veg': 4.2398736375175465}. Best is trial 0 with value: -0.5989088506199346.
[I 2026-08-20 00:07:37,730] Trial 178 finished with value: 0.5389109788766353 and parameters: {'k1': 0.005569532156451798, 'D_low': 15354.551892892488, 'k2': 0.003309995212586544, 'D_high': 9989993.91523684, 'fire_exp': 1.4163099339670613, 'P_half': 307.9941289687181, 'pre_dampen_half': 20.29560092410094, 'gpp_af': 0.8422778711684834, 'gpp_b': 1.1241750906007324e-05, 'gpp_d': 926.5516993022505, 'ign_k': 0.006885702181816104, 'ign_c': 19.7705119764076, 'trop_agb_crit': 9.280657793904934, 'trop_k_veg': 3.7945205108653752}. Best is trial 0 with value: -0.5989088506199346.
[I 2026-08-20 00:07:40,208] Trial 179 finished with value: 0.4703267472956687 and parameters: {'k1': 0.00043389825955748764, 'D_low': 756.3136141198202, 'k2': 0.0680841768315597, 'D_high': 7844357.699169897, 'fire_exp': 1.2101162943261312, 'P_half': 4.476367376141823, 'pre_dampen_half': 11.466841736766309, 'gpp_af': 9.950838199875253, 'gpp_b': 0.0017095788003405618, 'gpp_d': 24.841533405380947, 'ign_k': 0.001391350779462963, 'ign_c': 0.21279754531940637, 'trop_agb_crit': 5.89357942740223, 'trop_k_veg': 4.044842162987621}. Best is trial 0 with value: -0.5989088506199346.
[I 2026-08-20 00:07:42,573] Trial 180 finished with value: -0.5197191583136401 and parameters: {'k1': 0.00015761904197740813, 'D_low': 11412.404888548981, 'k2': 0.002969844565210938, 'D_high': 1409195.7555979285, 'fire_exp': 1.0043093996933892, 'P_half': 930.903405918187, 'pre_dampen_half': 249.48519503632312, 'gpp_af': 0.2227274901752651, 'gpp_b': 7.581933334410179e-05, 'gpp_d': 45.95829320058962, 'ign_k': 0.025404789125965617, 'ign_c': 0.14900835371036664, 'trop_agb_crit': 16.68733846416861, 'trop_k_veg': 4.843709417640194}. Best is trial 0 with value: -0.5989088506199346.
[I 2026-08-20 00:07:45,019] Trial 181 finished with value: -0.4849677580249422 and parameters: {'k1': 0.00023811570825937135, 'D_low': 24.486800231564054, 'k2': 0.005332335209700747, 'D_high': 105881.96510638771, 'fire_exp': 2.086959621017117, 'P_half': 9.680674850330252, 'pre_dampen_half': 5.2470032037633665, 'gpp_af': 1.2787045672101416, 'gpp_b': 8.420673951907602e-05, 'gpp_d': 0.4658795733332993, 'ign_k': 0.5058794382855715, 'ign_c': 0.2274686647653526, 'trop_agb_crit': 3.5174407166327613, 'trop_k_veg': 0.684391021787668}. Best is trial 0 with value: -0.5989088506199346.
[I 2026-08-20 00:07:47,548] Trial 182 finished with value: 0.5895824616763464 and parameters: {'k1': 1.938832884034292e-05, 'D_low': 1292.5408231165247, 'k2': 0.0025639200643142453, 'D_high': 576328.9316421283, 'fire_exp': 1.2765757962283513, 'P_half': 9576.314823592145, 'pre_dampen_half': 864.1100101542697, 'gpp_af': 1.648311905611775, 'gpp_b': 1.685369623664996e-05, 'gpp_d': 159.76907400025, 'ign_k': 0.004827059626439956, 'ign_c': 0.14511699759917937, 'trop_agb_crit': 4.758813412823951, 'trop_k_veg': 6.934617899196475}. Best is trial 0 with value: -0.5989088506199346.
[I 2026-08-20 00:07:49,967] Trial 183 finished with value: 0.5573415069492003 and parameters: {'k1': 0.0020229252362341356, 'D_low': 2060.9746690564025, 'k2': 0.05385277372533477, 'D_high': 20500.441961116532, 'fire_exp': 1.4575580958227585, 'P_half': 1.7331515510158697, 'pre_dampen_half': 31.512077960433245, 'gpp_af': 69.79967218989738, 'gpp_b': 0.0011678917583381263, 'gpp_d': 149.6311350016913, 'ign_k': 0.0019834397930780356, 'ign_c': 0.8762740052943208, 'trop_agb_crit': 9.322010559973195, 'trop_k_veg': 5.0991692277211165}. Best is trial 0 with value: -0.5989088506199346.
[I 2026-08-20 00:07:52,483] Trial 184 finished with value: 0.48626224677910646 and parameters: {'k1': 1.507140882456919e-05, 'D_low': 1372.9917085427364, 'k2': 0.012130656456806381, 'D_high': 384494.552051933, 'fire_exp': 1.7736940354531852, 'P_half': 22.787029289691354, 'pre_dampen_half': 2.927148793691735, 'gpp_af': 0.06366385893176936, 'gpp_b': 0.00034493209895047346, 'gpp_d': 60.67005811179018, 'ign_k': 1.2497346202971649, 'ign_c': 4.386601493983302, 'trop_agb_crit': 14.700060305585534, 'trop_k_veg': 0.5510390967335962}. Best is trial 0 with value: -0.5989088506199346.
[I 2026-08-20 00:07:55,063] Trial 185 finished with value: 0.6445374145881376 and parameters: {'k1': 0.0004710026570246378, 'D_low': 141062.37119779453, 'k2': 0.0010533287231645166, 'D_high': 59428.88199094472, 'fire_exp': 1.3690399845179602, 'P_half': 308.16580187031593, 'pre_dampen_half': 384.31913602201155, 'gpp_af': 0.0189741834826006, 'gpp_b': 0.003280768265527005, 'gpp_d': 3.488803613364091, 'ign_k': 0.017748830938351307, 'ign_c': 0.12629114441434597, 'trop_agb_crit': 7.797545124877365, 'trop_k_veg': 2.830302943125097}. Best is trial 0 with value: -0.5989088506199346.
[I 2026-08-20 00:07:57,686] Trial 186 finished with value: 0.5186439400387899 and parameters: {'k1': 0.0011081448924209487, 'D_low': 48705.93526692028, 'k2': 0.0002723120032306626, 'D_high': 6616074.952025329, 'fire_exp': 1.368683595198775, 'P_half': 15.49181481526499, 'pre_dampen_half': 1.1764795539791404, 'gpp_af': 0.06534745576191783, 'gpp_b': 3.151510134295233e-05, 'gpp_d': 19.587840334430865, 'ign_k': 2.4200216866823294, 'ign_c': 1.502450060175056, 'trop_agb_crit': 23.04268599288409, 'trop_k_veg': 3.3549834285267734}. Best is trial 0 with value: -0.5989088506199346.
[I 2026-08-20 00:08:00,172] Trial 187 finished with value: 0.584893711907382 and parameters: {'k1': 0.00011043690822734244, 'D_low': 2192.2298282254415, 'k2': 0.0005346356988247147, 'D_high': 8328.641912260415, 'fire_exp': 1.0340772967423784, 'P_half': 4514.419360803563, 'pre_dampen_half': 123.41809507648449, 'gpp_af': 0.2809478945635753, 'gpp_b': 0.0024183522173051282, 'gpp_d': 133.20413031980195, 'ign_k': 0.011710127020553227, 'ign_c': 0.1994118838319832, 'trop_agb_crit': 21.144770898290233, 'trop_k_veg': 7.438477035511729}. Best is trial 0 with value: -0.5989088506199346.
