[I 2026-08-20 01:08:27,445] Trial 1792 finished with value: 0.5934162830038267 and parameters: {'k1': 0.01488384850334028, 'D_low': 2.7702973974497005, 'k2': 0.0011425300202864963, 'D_high': 6338228.490913056, 'fire_exp': 1.8003126311584015, 'P_half': 2.21002463158141, 'pre_dampen_half': 0.3625740919348806, 'gpp_af': 4.547310014770683, 'gpp_b': 0.00023355442131253908, 'gpp_d': 21.10360900087325, 'ign_k': 0.865565369947261, 'ign_c': 1.7939139031461082, 'trop_agb_crit': 4.669468971235338, 'trop_k_veg': 6.020937255896509, 'pop_amp': 13.07666932572106, 'pop_peak': 131.6083442275596, 'pop_sig': 1.0015406932345925}. Best is trial 1128 with value: -0.620386984093161.
[I 2026-08-20 01:08:29,311] Trial 1793 finished with value: 0.6445374145881376 and parameters: {'k1': 0.0005843823191662077, 'D_low': 346350.37545115314, 'k2': 0.008504203423997705, 'D_high': 574.9425404903527, 'fire_exp': 2.3314965535353473, 'P_half': 19.505099147377816, 'pre_dampen_half': 93.65242523142116, 'gpp_af': 0.35623886991710385, 'gpp_b': 0.5025604401823048, 'gpp_d': 836.0200543176632, 'ign_k': 4.887740725077994, 'ign_c': 215.00880743105617, 'trop_agb_crit': 26.29578108335472, 'trop_k_veg': 5.284091307342038, 'pop_amp': 0.0340372292964724, 'pop_peak': 773.4786104495388, 'pop_sig': 0.4519248602656111}. Best is trial 1128 with value: -0.620386984093161.
[I 2026-08-20 01:08:31,132] Trial 1794 finished with value: 0.5211672808075587 and parameters: {'k1': 0.0002656431541423056, 'D_low': 786.0189366643702, 'k2': 0.0014109878578724448, 'D_high': 4940868.352814515, 'fire_exp': 3.4707929184720365, 'P_half': 332.74422323872994, 'pre_dampen_half': 1.2053729064681598, 'gpp_af': 3.05084291054806, 'gpp_b': 0.016351547617488145, 'gpp_d': 186.76902694214795, 'ign_k': 7.548866138878309, 'ign_c': 0.2507455208445512, 'trop_agb_crit': 3.5320976519529528, 'trop_k_veg': 2.7699818736005017, 'pop_amp': 1.4922458052638459, 'pop_peak': 0.48837952052126843, 'pop_sig': 1.1833931601810967}. Best is trial 1128 with value: -0.620386984093161.
[I 2026-08-20 01:08:32,989] Trial 1795 finished with value: 0.6445374145881376 and parameters: {'k1': 0.0004698755319501945, 'D_low': 4197.185483914765, 'k2': 0.00043861778554622315, 'D_high': 13550.660533849483, 'fire_exp': 3.7575533283213773, 'P_half': 73.70068234519626, 'pre_dampen_half': 17.0883836989227, 'gpp_af': 0.006639692539923703, 'gpp_b': 6.756287868190584e-05, 'gpp_d': 76.44785951776754, 'ign_k': 0.2021699694704242, 'ign_c': 750.2417380016751, 'trop_agb_crit': 20.73141341101496, 'trop_k_veg': 2.0323377492507957, 'pop_amp': 0.015012770855202773, 'pop_peak': 159.00555963075018, 'pop_sig': 0.762545005240218}. Best is trial 1128 with value: -0.620386984093161.
[I 2026-08-20 01:08:34,788] Trial 1796 finished with value: 0.3923966865587787 and parameters: {'k1': 0.005594252416428344, 'D_low': 2050.7477930182504, 'k2': 0.0004824729037458569, 'D_high': 6546820.8098850055, 'fire_exp': 5.129040754371733, 'P_half': 178.9040439430707, 'pre_dampen_half': 4.392428748493494, 'gpp_af': 0.061513181242922745, 'gpp_b': 0.0001385078620285135, 'gpp_d': 6.803984164380492, 'ign_k': 0.06454174706948014, 'ign_c': 2.2999265982914796, 'trop_agb_crit': 3.3084750236797897, 'trop_k_veg': 7.353312413633049, 'pop_amp': 13.211910794316717, 'pop_peak': 8.229823444948083, 'pop_sig': 0.551930895683573}. Best is trial 1128 with value: -0.620386984093161.
[I 2026-08-20 01:08:36,614] Trial 1797 finished with value: 0.5804195196581104 and parameters: {'k1': 0.005090470545051805, 'D_low': 89.4641484851462, 'k2': 0.012429094952506266, 'D_high': 97820.12038013121, 'fire_exp': 5.001154725462544, 'P_half': 17.0571959180868, 'pre_dampen_half': 0.17307194741656287, 'gpp_af': 0.01368927289022594, 'gpp_b': 1.937928627577065e-05, 'gpp_d': 142.79041357683263, 'ign_k': 0.0445584396139735, 'ign_c': 3.928835736083527, 'trop_agb_crit': 9.862359308671529, 'trop_k_veg': 2.8079732132810773, 'pop_amp': 0.1524530188709869, 'pop_peak': 174.76511707618738, 'pop_sig': 1.1209593630116774}. Best is trial 1128 with value: -0.620386984093161.
[I 2026-08-20 01:08:38,838] Trial 1798 finished with value: 0.5261427264687244 and parameters: {'k1': 0.0033239062080582266, 'D_low': 13.28087179476803, 'k2': 0.04754722503163786, 'D_high': 2309939.414070571, 'fire_exp': 2.604539481608309, 'P_half': 20.81569488968818, 'pre_dampen_half': 3.543288909519864, 'gpp_af': 0.01902569582583968, 'gpp_b': 0.00011265171304620719, 'gpp_d': 45.45895391014243, 'ign_k': 0.06325392940247163, 'ign_c': 0.3945442299427646, 'trop_agb_crit': 17.07248657490318, 'trop_k_veg': 2.892187730921534, 'pop_amp': 6.750876233094604, 'pop_peak': 64.24684722333451, 'pop_sig': 0.9584279981633851}. Best is trial 1128 with value: -0.620386984093161.
[I 2026-08-20 01:08:40,630] Trial 1799 finished with value: 0.6132908653987806 and parameters: {'k1': 0.006679241804799837, 'D_low': 564.6823456924894, 'k2': 0.03371263288002338, 'D_high': 3528048.4482772513, 'fire_exp': 1.9330117954366912, 'P_half': 191.62277599164653, 'pre_dampen_half': 573.5115748369749, 'gpp_af': 0.013177236827696845, 'gpp_b': 0.0004172985361099702, 'gpp_d': 1.6567353740114283, 'ign_k': 0.4365539400606619, 'ign_c': 58.4080405660613, 'trop_agb_crit': 21.7756491643575, 'trop_k_veg': 3.326547312338811, 'pop_amp': 0.0016718079637749836, 'pop_peak': 10.845161203573692, 'pop_sig': 0.837545341198537}. Best is trial 1128 with value: -0.620386984093161.
[I 2026-08-20 01:08:42,460] Trial 1800 finished with value: 0.5727021545385439 and parameters: {'k1': 0.0010639071952519388, 'D_low': 19.85728852835765, 'k2': 0.0010652521626204636, 'D_high': 163342.33547808722, 'fire_exp': 1.7690123400750517, 'P_half': 9867.222999362071, 'pre_dampen_half': 0.39989727437717515, 'gpp_af': 0.02624482987385243, 'gpp_b': 0.003376213752847859, 'gpp_d': 0.11668263364584634, 'ign_k': 3.7419103300540706, 'ign_c': 1.0175799836676636, 'trop_agb_crit': 1.678721594722685, 'trop_k_veg': 6.292084043238706, 'pop_amp': 17.437193465390976, 'pop_peak': 5.8859922376075025, 'pop_sig': 1.0778661974640629}. Best is trial 1128 with value: -0.620386984093161.
[I 2026-08-20 01:08:44,273] Trial 1801 finished with value: 0.48662554013937553 and parameters: {'k1': 5.9735930276077664e-05, 'D_low': 2390.866260365969, 'k2': 0.07329563243886812, 'D_high': 406993.6599026443, 'fire_exp': 2.696482022021845, 'P_half': 142.90206096548758, 'pre_dampen_half': 1.233325368182326, 'gpp_af': 2.7383951012778542, 'gpp_b': 3.791797391449218e-05, 'gpp_d': 52.33350415458573, 'ign_k': 0.04285710683023082, 'ign_c': 0.9405117092001425, 'trop_agb_crit': 3.218175390381462, 'trop_k_veg': 1.3586919485621414, 'pop_amp': 16.432611656884173, 'pop_peak': 2.70944505748712, 'pop_sig': 1.873702559767253}. Best is trial 1128 with value: -0.620386984093161.
[I 2026-08-20 01:08:46,082] Trial 1802 finished with value: 0.45612553365022623 and parameters: {'k1': 0.0004164734231682607, 'D_low': 659.2785620268791, 'k2': 0.004473268899699041, 'D_high': 154374.12711782928, 'fire_exp': 6.674955982809731, 'P_half': 21.46333058665645, 'pre_dampen_half': 25.920422383850674, 'gpp_af': 1.4301517844989091, 'gpp_b': 0.00028088317413505485, 'gpp_d': 411.9825671613131, 'ign_k': 0.11974351717763257, 'ign_c': 3.558806346461324, 'trop_agb_crit': 21.127364051668827, 'trop_k_veg': 5.702268215814741, 'pop_amp': 0.2975813894494926, 'pop_peak': 10.764256629932163, 'pop_sig': 0.901297785186013}. Best is trial 1128 with value: -0.620386984093161.
[I 2026-08-20 01:08:47,968] Trial 1803 finished with value: 0.5083021845931741 and parameters: {'k1': 0.0006028810356633527, 'D_low': 23462.872470288155, 'k2': 0.023681353189649763, 'D_high': 1589948.840211235, 'fire_exp': 4.774961729458193, 'P_half': 33.031046055841216, 'pre_dampen_half': 296.055138026907, 'gpp_af': 0.6547705221220382, 'gpp_b': 9.791927822959723e-05, 'gpp_d': 449.4783434631341, 'ign_k': 8.036505059657253, 'ign_c': 0.21637347700812457, 'trop_agb_crit': 11.255282470459054, 'trop_k_veg': 1.5644944833272687, 'pop_amp': 0.736806944777063, 'pop_peak': 0.21020557173050022, 'pop_sig': 2.3349844810490903}. Best is trial 1128 with value: -0.620386984093161.
[I 2026-08-20 01:08:49,738] Trial 1804 finished with value: 0.592726218801902 and parameters: {'k1': 0.010267130642601143, 'D_low': 1.0704259756489845, 'k2': 0.0698681251974942, 'D_high': 39118.177026927944, 'fire_exp': 1.6721545345285949, 'P_half': 10.087560595084799, 'pre_dampen_half': 0.38742722796428114, 'gpp_af': 0.01866495968089646, 'gpp_b': 0.02640422680833938, 'gpp_d': 822.1162864609167, 'ign_k': 0.0558501364946683, 'ign_c': 176.172354309404, 'trop_agb_crit': 4.055996858974596, 'trop_k_veg': 2.382306990586893, 'pop_amp': 0.7415698464216689, 'pop_peak': 247.30581717398547, 'pop_sig': 2.4413510579105013}. Best is trial 1128 with value: -0.620386984093161.
[I 2026-08-20 01:08:51,552] Trial 1805 finished with value: 0.4844860675551239 and parameters: {'k1': 0.0002312018053813849, 'D_low': 23.254552478876793, 'k2': 0.022272110709857903, 'D_high': 3357203.534665435, 'fire_exp': 1.2413192503108132, 'P_half': 3.383666160701164, 'pre_dampen_half': 1.7790166869367936, 'gpp_af': 0.003520674651330969, 'gpp_b': 0.00012103148081813418, 'gpp_d': 558.8761841106857, 'ign_k': 0.23644158404233095, 'ign_c': 2.3991885551358663, 'trop_agb_crit': 17.16082526800794, 'trop_k_veg': 0.6986011338787781, 'pop_amp': 6.113460895264008, 'pop_peak': 985.3462746697313, 'pop_sig': 0.8161119185930075}. Best is trial 1128 with value: -0.620386984093161.
[I 2026-08-20 01:08:53,360] Trial 1806 finished with value: 0.4454712571916888 and parameters: {'k1': 0.00236938623027849, 'D_low': 2.5904737134847537, 'k2': 0.019429234815394686, 'D_high': 314648.53133945214, 'fire_exp': 2.505276054043055, 'P_half': 8.242339624486561, 'pre_dampen_half': 0.7569651374829207, 'gpp_af': 0.281104763066367, 'gpp_b': 0.00019458781610557423, 'gpp_d': 31.21971493761965, 'ign_k': 0.340327495301804, 'ign_c': 6.140066054303581, 'trop_agb_crit': 14.00031311829457, 'trop_k_veg': 4.860562199840317, 'pop_amp': 2.199043389750557, 'pop_peak': 76.50830393806514, 'pop_sig': 1.1580905042635492}. Best is trial 1128 with value: -0.620386984093161.
[I 2026-08-20 01:08:55,177] Trial 1807 finished with value: 0.5108831700522489 and parameters: {'k1': 0.0005437236009901765, 'D_low': 184.29568025257873, 'k2': 0.0219991635103084, 'D_high': 1587033.2660719145, 'fire_exp': 1.341353986862801, 'P_half': 2.162599043485985, 'pre_dampen_half': 2.3086317127788143, 'gpp_af': 0.18708063837825395, 'gpp_b': 0.0017889694062328302, 'gpp_d': 152.78956062688178, 'ign_k': 0.18051486851495743, 'ign_c': 3.4944496684463306, 'trop_agb_crit': 3.4731719875258666, 'trop_k_veg': 5.768683942852242, 'pop_amp': 2.443622059020278, 'pop_peak': 53.73290992192585, 'pop_sig': 0.9365965831982267}. Best is trial 1128 with value: -0.620386984093161.
[I 2026-08-20 01:08:56,967] Trial 1808 finished with value: 0.574067346192133 and parameters: {'k1': 2.708976785623297e-05, 'D_low': 4.302032460503396, 'k2': 0.012378260535438572, 'D_high': 2024946.8808292397, 'fire_exp': 3.2078516892966156, 'P_half': 1.336787158893527, 'pre_dampen_half': 0.011745957240393802, 'gpp_af': 2.1329435039971205, 'gpp_b': 0.016371855528885572, 'gpp_d': 279.1585558775979, 'ign_k': 0.039379420051276856, 'ign_c': 2.6551407344886404, 'trop_agb_crit': 17.419271356630105, 'trop_k_veg': 3.8981721632830655, 'pop_amp': 0.6654682343012315, 'pop_peak': 17.479212689796533, 'pop_sig': 0.521840504541811}. Best is trial 1128 with value: -0.620386984093161.
[I 2026-08-20 01:08:58,764] Trial 1809 finished with value: 0.41342774976341357 and parameters: {'k1': 0.0001203497247674634, 'D_low': 667.0270802246874, 'k2': 0.013528941887079532, 'D_high': 958532.1298327232, 'fire_exp': 2.5117650315546296, 'P_half': 81.72653829829963, 'pre_dampen_half': 101.27571361490435, 'gpp_af': 0.002344737899465036, 'gpp_b': 7.684281287947535e-05, 'gpp_d': 197.7810458818002, 'ign_k': 6.6850006182480834, 'ign_c': 10.012765175082217, 'trop_agb_crit': 8.744665787149843, 'trop_k_veg': 3.4753753821038487, 'pop_amp': 0.0016842378015197014, 'pop_peak': 0.611651888014158, 'pop_sig': 1.2347331397816141}. Best is trial 1128 with value: -0.620386984093161.
[I 2026-08-20 01:09:01,004] Trial 1810 finished with value: 0.5339129729540967 and parameters: {'k1': 0.00011992038511215419, 'D_low': 4.986616340384808, 'k2': 0.039909500839420825, 'D_high': 494738.6732155002, 'fire_exp': 1.33582230985889, 'P_half': 3.4795739807067174, 'pre_dampen_half': 0.1807265247749039, 'gpp_af': 0.005090318569050942, 'gpp_b': 4.262967678997422e-05, 'gpp_d': 787.321547614261, 'ign_k': 0.015070680361411926, 'ign_c': 0.6992704494564846, 'trop_agb_crit': 5.076788643643589, 'trop_k_veg': 2.693784104921322, 'pop_amp': 0.13290149915179775, 'pop_peak': 11.087020294786985, 'pop_sig': 1.3757579065880192}. Best is trial 1128 with value: -0.620386984093161.
[I 2026-08-20 01:09:02,828] Trial 1811 finished with value: 0.6373519205999685 and parameters: {'k1': 0.0969282702916976, 'D_low': 1228.9332546876399, 'k2': 0.008645938168093366, 'D_high': 24516.863111157567, 'fire_exp': 7.229592442426885, 'P_half': 1087.334045289619, 'pre_dampen_half': 450.8212429373859, 'gpp_af': 0.024039509139269305, 'gpp_b': 1.3744577254926094, 'gpp_d': 24.52028403618992, 'ign_k': 1.3547635811483838, 'ign_c': 15.802594609058131, 'trop_agb_crit': 13.025957676208318, 'trop_k_veg': 4.348158228710218, 'pop_amp': 0.517225967008514, 'pop_peak': 117.53143215289668, 'pop_sig': 0.9595204306217522}. Best is trial 1128 with value: -0.620386984093161.
[I 2026-08-20 01:09:04,641] Trial 1812 finished with value: 0.5880761293528811 and parameters: {'k1': 0.0009497987591846222, 'D_low': 4605.067001996454, 'k2': 0.0029082800799699235, 'D_high': 4908698.68446293, 'fire_exp': 3.6287443430391133, 'P_half': 2310.9021966901964, 'pre_dampen_half': 7.542281072579789, 'gpp_af': 2.4276613175569777, 'gpp_b': 0.00173416970020438, 'gpp_d': 5.039218372064853, 'ign_k': 0.8635134862197208, 'ign_c': 4.033381687266451, 'trop_agb_crit': 3.331323683994373, 'trop_k_veg': 5.287002483396653, 'pop_amp': 1.3896353123258764, 'pop_peak': 4.127122807527152, 'pop_sig': 1.6689226908859482}. Best is trial 1128 with value: -0.620386984093161.
[I 2026-08-20 01:09:06,514] Trial 1813 finished with value: -0.5889299772770447 and parameters: {'k1': 0.0006807007592579059, 'D_low': 1150.7681457228541, 'k2': 0.0016050882757247637, 'D_high': 1080391.805935299, 'fire_exp': 3.9699699451669805, 'P_half': 50.32756432555969, 'pre_dampen_half': 1.7603592235485361, 'gpp_af': 0.9216657866492479, 'gpp_b': 0.0001416350834845618, 'gpp_d': 29.65149548013526, 'ign_k': 1.247897949658239, 'ign_c': 0.42202979657955847, 'trop_agb_crit': 4.972473436233013, 'trop_k_veg': 4.3679715510506005, 'pop_amp': 1.3545403583523532, 'pop_peak': 3.2963088035392514, 'pop_sig': 1.3628309617815808}. Best is trial 1128 with value: -0.620386984093161.
[I 2026-08-20 01:09:08,338] Trial 1814 finished with value: 0.6445374145881376 and parameters: {'k1': 0.0001571374941957033, 'D_low': 61600.14770645888, 'k2': 0.0015836213861775239, 'D_high': 133869.94182111303, 'fire_exp': 3.8427655695661604, 'P_half': 2514.514175861053, 'pre_dampen_half': 2.28481617628673, 'gpp_af': 0.09296739200101305, 'gpp_b': 5.95444227878305, 'gpp_d': 100.27223825756818, 'ign_k': 0.009648771767443581, 'ign_c': 568.3691281744713, 'trop_agb_crit': 1.2901388953339192, 'trop_k_veg': 6.289556206169769, 'pop_amp': 0.003648397363358197, 'pop_peak': 0.3254365641633257, 'pop_sig': 0.29349915266571824}. Best is trial 1128 with value: -0.620386984093161.
[I 2026-08-20 01:09:10,163] Trial 1815 finished with value: 0.5794639426438114 and parameters: {'k1': 0.0018922795389258887, 'D_low': 18.673830847907645, 'k2': 0.06439505250639543, 'D_high': 6993253.749075014, 'fire_exp': 3.4471258431191156, 'P_half': 3.365709513225811, 'pre_dampen_half': 0.04942793630104409, 'gpp_af': 0.030108801958923622, 'gpp_b': 0.0052427868254935036, 'gpp_d': 966.4803918734331, 'ign_k': 0.036386193567521284, 'ign_c': 11.190865467766113, 'trop_agb_crit': 4.963231592105935, 'trop_k_veg': 2.815619889489266, 'pop_amp': 0.5628516766973684, 'pop_peak': 12.63538768274986, 'pop_sig': 0.9155605668710116}. Best is trial 1128 with value: -0.620386984093161.
[I 2026-08-20 01:09:11,996] Trial 1816 finished with value: 0.42632990666196824 and parameters: {'k1': 0.0014146983454173397, 'D_low': 491.9730185646577, 'k2': 0.06155902380773427, 'D_high': 188867.69008178177, 'fire_exp': 1.2342578845658707, 'P_half': 15.343678657675204, 'pre_dampen_half': 0.17315741776016624, 'gpp_af': 0.003536926285834136, 'gpp_b': 0.0003861541404560162, 'gpp_d': 788.2830333609763, 'ign_k': 0.15335848396223953, 'ign_c': 0.21672678922869063, 'trop_agb_crit': 3.96631991613128, 'trop_k_veg': 1.2650987374700482, 'pop_amp': 1.6401548772397083, 'pop_peak': 98.9086099546398, 'pop_sig': 1.0683875695279712}. Best is trial 1128 with value: -0.620386984093161.
[I 2026-08-20 01:09:13,840] Trial 1817 finished with value: 0.5844056650504988 and parameters: {'k1': 0.008401984983638634, 'D_low': 6.136480870875358, 'k2': 0.044002468990517095, 'D_high': 3041991.349549359, 'fire_exp': 1.8834424800891794, 'P_half': 17.857324077642172, 'pre_dampen_half': 0.2720935353911879, 'gpp_af': 1.2934728152152442, 'gpp_b': 0.0003332009034710147, 'gpp_d': 99.25573434405317, 'ign_k': 0.3025118557593825, 'ign_c': 4.033217086826951, 'trop_agb_crit': 4.260419310509797, 'trop_k_veg': 1.9347381155924959, 'pop_amp': 7.851446906142728, 'pop_peak': 54.921511139174534, 'pop_sig': 1.7454118064345527}. Best is trial 1128 with value: -0.620386984093161.
[I 2026-08-20 01:09:15,636] Trial 1818 finished with value: 0.5684246089151016 and parameters: {'k1': 0.003654183764366144, 'D_low': 5.76365235498502, 'k2': 0.07660443217288822, 'D_high': 52729.25988034424, 'fire_exp': 2.7557893801402105, 'P_half': 8.60933799788531, 'pre_dampen_half': 0.11930950310153152, 'gpp_af': 0.014842404584192516, 'gpp_b': 2.7111893623643276e-05, 'gpp_d': 81.22959643407513, 'ign_k': 0.0030256694206061987, 'ign_c': 56.89753596432556, 'trop_agb_crit': 3.8984815897803617, 'trop_k_veg': 1.890250695505852, 'pop_amp': 3.490768302099406, 'pop_peak': 39.59322153675735, 'pop_sig': 1.4791178912620302}. Best is trial 1128 with value: -0.620386984093161.
[I 2026-08-20 01:09:17,441] Trial 1819 finished with value: 0.5312838180413466 and parameters: {'k1': 0.0001979628850197787, 'D_low': 6275.815334756949, 'k2': 0.0004665688591538671, 'D_high': 38079.49822130478, 'fire_exp': 3.497016682766534, 'P_half': 277.5718503470119, 'pre_dampen_half': 833.7873713789427, 'gpp_af': 7.015398817568105, 'gpp_b': 0.0013408756152121894, 'gpp_d': 329.2022385239205, 'ign_k': 1.0197052489233918, 'ign_c': 1.978871263051208, 'trop_agb_crit': 6.534884005095462, 'trop_k_veg': 5.316735183985068, 'pop_amp': 0.31308703215600986, 'pop_peak': 130.164191045656, 'pop_sig': 1.416934382623383}. Best is trial 1128 with value: -0.620386984093161.
[I 2026-08-20 01:09:19,285] Trial 1820 finished with value: 0.46991244092864926 and parameters: {'k1': 0.00018511546041945386, 'D_low': 3666.216472410451, 'k2': 0.00019325190031722515, 'D_high': 551088.7686609009, 'fire_exp': 4.146658074443599, 'P_half': 9.212203534224786, 'pre_dampen_half': 0.722290149411551, 'gpp_af': 0.1748461404349293, 'gpp_b': 0.0008579272030494614, 'gpp_d': 47.90405159409027, 'ign_k': 3.1349698295156, 'ign_c': 0.7613867490550359, 'trop_agb_crit': 3.571850398828706, 'trop_k_veg': 4.480467587101487, 'pop_amp': 0.6410943217491928, 'pop_peak': 9.606832931402696, 'pop_sig': 1.1244632069811977}. Best is trial 1128 with value: -0.620386984093161.
[I 2026-08-20 01:09:21,555] Trial 1821 finished with value: 0.5533286337559311 and parameters: {'k1': 1.1937001342845697e-05, 'D_low': 2939.587921645288, 'k2': 0.010262610643734639, 'D_high': 2099.0507754183536, 'fire_exp': 1.1285401874329004, 'P_half': 4.517109923269421, 'pre_dampen_half': 0.45489020772112226, 'gpp_af': 0.005178243782574909, 'gpp_b': 0.00011789079796367117, 'gpp_d': 813.7676814708781, 'ign_k': 0.10184862631539197, 'ign_c': 0.12890547021626153, 'trop_agb_crit': 1.949746851175284, 'trop_k_veg': 2.009960293460743, 'pop_amp': 6.73181347586061, 'pop_peak': 3.511550905865253, 'pop_sig': 1.2934553026791824}. Best is trial 1128 with value: -0.620386984093161.
[I 2026-08-20 01:09:23,434] Trial 1822 finished with value: 0.47677652927161707 and parameters: {'k1': 0.01427758012143711, 'D_low': 6232.288704071573, 'k2': 0.08943948484661537, 'D_high': 117857.35971819678, 'fire_exp': 5.69030362414446, 'P_half': 562.8858594454364, 'pre_dampen_half': 559.1452930727606, 'gpp_af': 0.32252031876091836, 'gpp_b': 0.00973235237286545, 'gpp_d': 654.4395242172043, 'ign_k': 2.276133706289984, 'ign_c': 0.19899645419553885, 'trop_agb_crit': 1.8588007703950604, 'trop_k_veg': 4.539380925594805, 'pop_amp': 4.100374934490289, 'pop_peak': 0.4589673596603292, 'pop_sig': 2.1056816934102383}. Best is trial 1128 with value: -0.620386984093161.
[I 2026-08-20 01:09:25,267] Trial 1823 finished with value: 0.470383254218243 and parameters: {'k1': 0.0035890529512234174, 'D_low': 400.67433133419564, 'k2': 0.013167047579079898, 'D_high': 67321.4828710114, 'fire_exp': 3.354989788726002, 'P_half': 101.59967088677278, 'pre_dampen_half': 0.036645400458123874, 'gpp_af': 0.006311106759725881, 'gpp_b': 0.0014426111641244704, 'gpp_d': 643.3509440908249, 'ign_k': 0.17232313234062047, 'ign_c': 1.8647684790391086, 'trop_agb_crit': 6.107904269607259, 'trop_k_veg': 2.421282533446832, 'pop_amp': 18.512227039787525, 'pop_peak': 383.74773487573884, 'pop_sig': 1.4071403655222907}. Best is trial 1128 with value: -0.620386984093161.
