[I 2026-08-20 00:29:13,480] Trial 717 finished with value: -0.568175441652286 and parameters: {'k1': 0.000769843058137384, 'D_low': 1.0996398038499529, 'k2': 0.0004606197564253462, 'D_high': 553737.436626612, 'fire_exp': 4.9066722112789725, 'P_half': 5.439222085744521, 'pre_dampen_half': 4.017351914073921, 'gpp_af': 0.0596725775508632, 'gpp_b': 0.00025437899632965266, 'gpp_d': 133.03269238311748, 'ign_k': 8.75038759012561, 'ign_c': 1.1527673671408512, 'trop_agb_crit': 4.777948579205213, 'trop_k_veg': 7.019760148653509}. Best is trial 0 with value: -0.5989088506199346.
[I 2026-08-20 00:29:14,866] Trial 718 finished with value: 0.4162437590303705 and parameters: {'k1': 0.07548868777336093, 'D_low': 127.9549626639262, 'k2': 0.001542737294209172, 'D_high': 3421278.235555077, 'fire_exp': 2.2859932163493784, 'P_half': 68.78153052429231, 'pre_dampen_half': 44.52554109283529, 'gpp_af': 3.7024566787982964, 'gpp_b': 0.22823106365287793, 'gpp_d': 232.32967276513543, 'ign_k': 0.11057892365221748, 'ign_c': 5.1144068911299625, 'trop_agb_crit': 14.021932605196966, 'trop_k_veg': 3.210885234234702}. Best is trial 0 with value: -0.5989088506199346.
[I 2026-08-20 00:29:16,337] Trial 719 finished with value: -0.5568826985019124 and parameters: {'k1': 0.0007928074232069589, 'D_low': 3.010359319723608, 'k2': 1.0710912975760218e-05, 'D_high': 2325968.6312929373, 'fire_exp': 1.1126137372265468, 'P_half': 222.54434841778544, 'pre_dampen_half': 0.5463735259452775, 'gpp_af': 0.009067252907107724, 'gpp_b': 6.447523964046393e-05, 'gpp_d': 40.46783359335202, 'ign_k': 1.8196987757296237, 'ign_c': 1.147192793712236, 'trop_agb_crit': 9.888182750602445, 'trop_k_veg': 2.798712578241985}. Best is trial 0 with value: -0.5989088506199346.
[I 2026-08-20 00:29:17,677] Trial 720 finished with value: 0.4552939687887717 and parameters: {'k1': 0.0027328697029942867, 'D_low': 353.9603983286166, 'k2': 0.00015830379389637037, 'D_high': 664523.2607043263, 'fire_exp': 4.275227241483239, 'P_half': 3.2211224241204715, 'pre_dampen_half': 1.4731401988591832, 'gpp_af': 0.004029313728692999, 'gpp_b': 2.5735389016796495e-05, 'gpp_d': 89.87580994701295, 'ign_k': 2.640608387100426, 'ign_c': 7.4671777448188, 'trop_agb_crit': 2.9622680616268635, 'trop_k_veg': 2.7630603436734056}. Best is trial 0 with value: -0.5989088506199346.
[I 2026-08-20 00:29:19,000] Trial 721 finished with value: 0.5994191359535765 and parameters: {'k1': 0.00011203827562620697, 'D_low': 285.3491981145189, 'k2': 0.005411321704497851, 'D_high': 4222.675549057135, 'fire_exp': 4.3948542107066135, 'P_half': 1.8792505291197115, 'pre_dampen_half': 5.082578592115666, 'gpp_af': 0.680305044148057, 'gpp_b': 0.017321613408181287, 'gpp_d': 7.765953335126621, 'ign_k': 1.7431137282749114, 'ign_c': 1.362112072167366, 'trop_agb_crit': 23.327416045966945, 'trop_k_veg': 5.52541010901654}. Best is trial 0 with value: -0.5989088506199346.
[I 2026-08-20 00:29:20,319] Trial 722 finished with value: -0.5513539111218261 and parameters: {'k1': 0.01672562258710142, 'D_low': 3.2637079982631985, 'k2': 0.0002643071983824103, 'D_high': 300641.7530057213, 'fire_exp': 1.051008579275298, 'P_half': 35.56918920490111, 'pre_dampen_half': 128.0140657100777, 'gpp_af': 60.649552017086215, 'gpp_b': 2.8036811799574117, 'gpp_d': 57.686422419104794, 'ign_k': 0.2597455729531928, 'ign_c': 21.09351630968094, 'trop_agb_crit': 18.166634476948563, 'trop_k_veg': 3.9313718584675246}. Best is trial 0 with value: -0.5989088506199346.
[I 2026-08-20 00:29:21,628] Trial 723 finished with value: -0.5704274824027087 and parameters: {'k1': 0.00038566629719147114, 'D_low': 1.186642300257085, 'k2': 0.004675310392966287, 'D_high': 1369319.4871873257, 'fire_exp': 2.132496348921307, 'P_half': 2.7058978122229753, 'pre_dampen_half': 1.2106966156577235, 'gpp_af': 1.0681659599813607, 'gpp_b': 0.0007508582993000789, 'gpp_d': 33.88427046746102, 'ign_k': 1.6947801507965496, 'ign_c': 0.9801250806564484, 'trop_agb_crit': 1.459902123859965, 'trop_k_veg': 4.206774196957438}. Best is trial 0 with value: -0.5989088506199346.
[I 2026-08-20 00:29:22,997] Trial 724 finished with value: 0.5747617908552841 and parameters: {'k1': 0.037588021511649125, 'D_low': 11.755208077858367, 'k2': 0.007954534758112275, 'D_high': 126483.57694291526, 'fire_exp': 2.0822763852733064, 'P_half': 38.198180221582696, 'pre_dampen_half': 27.235154666486327, 'gpp_af': 20.068947252068053, 'gpp_b': 9.40149576363237, 'gpp_d': 368.8775961843552, 'ign_k': 2.366920178774667, 'ign_c': 26.19964317032534, 'trop_agb_crit': 13.263146950910398, 'trop_k_veg': 2.9703994331027093}. Best is trial 0 with value: -0.5989088506199346.
[I 2026-08-20 00:29:24,287] Trial 725 finished with value: 0.5413093078531858 and parameters: {'k1': 0.00040543394920255983, 'D_low': 1.801505308582129, 'k2': 2.2452300505550122e-05, 'D_high': 63818.09463462181, 'fire_exp': 1.0095433321324718, 'P_half': 22.818601519347933, 'pre_dampen_half': 0.0784248780217005, 'gpp_af': 0.01768373739913577, 'gpp_b': 0.001013783196394909, 'gpp_d': 7.56090911997111, 'ign_k': 1.2797565944134226, 'ign_c': 15.012397792644187, 'trop_agb_crit': 3.386450413935579, 'trop_k_veg': 5.497780230210204}. Best is trial 0 with value: -0.5989088506199346.
[I 2026-08-20 00:29:25,605] Trial 726 finished with value: 0.5644986570148322 and parameters: {'k1': 0.0006275987706913577, 'D_low': 1268.2445908490588, 'k2': 0.016280684560556678, 'D_high': 67350.36747436308, 'fire_exp': 2.9915220506569233, 'P_half': 1.0213107868929736, 'pre_dampen_half': 6.534330006132171, 'gpp_af': 0.1859616732644979, 'gpp_b': 0.024037069138246, 'gpp_d': 15.006107527983032, 'ign_k': 0.03664504907058762, 'ign_c': 2.1145690705703166, 'trop_agb_crit': 22.60678295561002, 'trop_k_veg': 3.978741660494266}. Best is trial 0 with value: -0.5989088506199346.
[I 2026-08-20 00:29:26,939] Trial 727 finished with value: 0.5999765012609375 and parameters: {'k1': 0.00012727136489518545, 'D_low': 2.2821072274154695, 'k2': 0.0001093322932337363, 'D_high': 293172.3228069084, 'fire_exp': 2.7274529855177354, 'P_half': 255.12914717220113, 'pre_dampen_half': 28.649042891146998, 'gpp_af': 0.05786290647977069, 'gpp_b': 3.079913442917177e-05, 'gpp_d': 0.011135707675068206, 'ign_k': 0.09288566533660662, 'ign_c': 11.956916810763646, 'trop_agb_crit': 2.442277798964524, 'trop_k_veg': 3.7414734420054594}. Best is trial 0 with value: -0.5989088506199346.
[I 2026-08-20 00:29:28,280] Trial 728 finished with value: 0.5037125740097428 and parameters: {'k1': 0.0021404085896851895, 'D_low': 5.258261369130395, 'k2': 0.004682351763289779, 'D_high': 646114.2939241244, 'fire_exp': 4.025174209112158, 'P_half': 1.212716680851086, 'pre_dampen_half': 0.09509757570395638, 'gpp_af': 4.388781184282393, 'gpp_b': 0.002946577252012915, 'gpp_d': 294.1124502213811, 'ign_k': 8.188534798900102, 'ign_c': 3.2260262492254883, 'trop_agb_crit': 4.897088309325834, 'trop_k_veg': 2.1545033000372413}. Best is trial 0 with value: -0.5989088506199346.
[I 2026-08-20 00:29:29,578] Trial 729 finished with value: 0.5343559826649439 and parameters: {'k1': 4.273400656853687e-05, 'D_low': 3.5955630833400485, 'k2': 7.940624523760936e-05, 'D_high': 5128351.842180843, 'fire_exp': 1.2610598251705574, 'P_half': 99.1583173264402, 'pre_dampen_half': 0.09291206163352496, 'gpp_af': 0.014591911903216827, 'gpp_b': 0.0002305541948206852, 'gpp_d': 0.0453063270191931, 'ign_k': 0.3046553120681124, 'ign_c': 2.8726588396728974, 'trop_agb_crit': 6.886970498891178, 'trop_k_veg': 4.3665331102685645}. Best is trial 0 with value: -0.5989088506199346.
[I 2026-08-20 00:29:30,879] Trial 730 finished with value: 0.5717844215382153 and parameters: {'k1': 0.00014781938662170865, 'D_low': 1.675863663844687, 'k2': 2.7219973085867246e-05, 'D_high': 5872486.683463109, 'fire_exp': 2.630112982656935, 'P_half': 80.50283059135819, 'pre_dampen_half': 0.15772632751970211, 'gpp_af': 0.4110498788075656, 'gpp_b': 0.00024951507574660334, 'gpp_d': 589.0868606069128, 'ign_k': 0.017970117755315027, 'ign_c': 0.19989386834006811, 'trop_agb_crit': 4.69883308528025, 'trop_k_veg': 1.3415162754628884}. Best is trial 0 with value: -0.5989088506199346.
[I 2026-08-20 00:29:32,173] Trial 731 finished with value: 0.4475619899185854 and parameters: {'k1': 0.00026634587025418173, 'D_low': 8.074250956247614, 'k2': 0.00048031179191126126, 'D_high': 4844212.981225016, 'fire_exp': 1.1130251317416602, 'P_half': 10.412174250548334, 'pre_dampen_half': 26.833632064312773, 'gpp_af': 0.012568880983946418, 'gpp_b': 1.8370312047425055e-05, 'gpp_d': 0.14785064912945128, 'ign_k': 0.006615228339361626, 'ign_c': 25.081864733946304, 'trop_agb_crit': 1.6786410883277492, 'trop_k_veg': 6.0958412945318425}. Best is trial 0 with value: -0.5989088506199346.
[I 2026-08-20 00:29:33,502] Trial 732 finished with value: 0.42976502238228476 and parameters: {'k1': 0.00016671173697911881, 'D_low': 1014.0696425440343, 'k2': 0.0011217640461670957, 'D_high': 746514.8576500757, 'fire_exp': 1.564270266319693, 'P_half': 10.439169150984052, 'pre_dampen_half': 12.155551828431559, 'gpp_af': 0.05251842577500838, 'gpp_b': 6.0515706817772306e-05, 'gpp_d': 44.627573772975495, 'ign_k': 4.125937295330811, 'ign_c': 0.6352683300642851, 'trop_agb_crit': 22.243383765554153, 'trop_k_veg': 1.7528168624291292}. Best is trial 0 with value: -0.5989088506199346.
[I 2026-08-20 00:29:34,820] Trial 733 finished with value: -0.5457494656051856 and parameters: {'k1': 0.000761493621125667, 'D_low': 2.1978385595795764, 'k2': 7.184502216873236e-05, 'D_high': 6518380.797711267, 'fire_exp': 1.8256590616494635, 'P_half': 4.214245244793652, 'pre_dampen_half': 2.832438563040686, 'gpp_af': 0.011960812870310235, 'gpp_b': 6.71968039461074e-05, 'gpp_d': 0.018412281416043053, 'ign_k': 0.1085707049558294, 'ign_c': 0.28414915435201965, 'trop_agb_crit': 2.1074164443064634, 'trop_k_veg': 3.0070418186953405}. Best is trial 0 with value: -0.5989088506199346.
[I 2026-08-20 00:29:36,163] Trial 734 finished with value: 0.41653069502608897 and parameters: {'k1': 0.001910067481426717, 'D_low': 12.283002399502934, 'k2': 8.243481644911814e-05, 'D_high': 1732002.9683116127, 'fire_exp': 1.1121623735172685, 'P_half': 58.46493994990816, 'pre_dampen_half': 0.938384211089094, 'gpp_af': 0.029916034338012532, 'gpp_b': 6.220080210041324e-05, 'gpp_d': 16.200982561781554, 'ign_k': 1.3733048090691105, 'ign_c': 2.3965177443716983, 'trop_agb_crit': 1.4701296439053078, 'trop_k_veg': 5.978810171445121}. Best is trial 0 with value: -0.5989088506199346.
[I 2026-08-20 00:29:37,649] Trial 735 finished with value: 0.5816074021737411 and parameters: {'k1': 0.0016854059935262889, 'D_low': 9.277925712244294, 'k2': 7.074423044982033e-05, 'D_high': 730153.1382244726, 'fire_exp': 1.008986252524185, 'P_half': 1.1833413800920718, 'pre_dampen_half': 0.11146835058525568, 'gpp_af': 0.03255557988945488, 'gpp_b': 0.00011598290414153973, 'gpp_d': 3.2686986259072053, 'ign_k': 0.38553527251904257, 'ign_c': 35.80375825667644, 'trop_agb_crit': 7.7381685749353775, 'trop_k_veg': 7.069571910381333}. Best is trial 0 with value: -0.5989088506199346.
[I 2026-08-20 00:29:38,953] Trial 736 finished with value: 0.5828900626656084 and parameters: {'k1': 2.243858816128252e-05, 'D_low': 10.44697077635004, 'k2': 6.553703004700923e-05, 'D_high': 10334.219454891783, 'fire_exp': 1.1274466352117025, 'P_half': 16.933016496103107, 'pre_dampen_half': 0.25729384647060866, 'gpp_af': 0.07965087266400392, 'gpp_b': 3.915853810658838e-05, 'gpp_d': 0.07940922528239178, 'ign_k': 0.01915929529466699, 'ign_c': 52.00086649167926, 'trop_agb_crit': 5.8851182579101815, 'trop_k_veg': 5.144375307594617}. Best is trial 0 with value: -0.5989088506199346.
[I 2026-08-20 00:29:40,289] Trial 737 finished with value: 0.4819956025342331 and parameters: {'k1': 0.00445685208912048, 'D_low': 578.5473306802674, 'k2': 0.02707473682521068, 'D_high': 466463.8723066837, 'fire_exp': 4.016847833029426, 'P_half': 1.5065053037724827, 'pre_dampen_half': 0.41834741987891694, 'gpp_af': 2.5678666517764572, 'gpp_b': 0.007064932397897772, 'gpp_d': 126.33754810625474, 'ign_k': 4.012132680081477, 'ign_c': 2.6881638564505375, 'trop_agb_crit': 23.00015055484666, 'trop_k_veg': 7.809673008429398}. Best is trial 0 with value: -0.5989088506199346.
[I 2026-08-20 00:29:41,615] Trial 738 finished with value: 0.5460502782634348 and parameters: {'k1': 2.0659155852312785e-05, 'D_low': 2.9491794471765225, 'k2': 1.240619060930517e-05, 'D_high': 3877625.4832259854, 'fire_exp': 3.566509986483537, 'P_half': 2.1719374814293926, 'pre_dampen_half': 0.2676907661376246, 'gpp_af': 0.0839697390464929, 'gpp_b': 6.93209378645856e-05, 'gpp_d': 198.0914176906716, 'ign_k': 0.3932754259859636, 'ign_c': 0.12444346329515443, 'trop_agb_crit': 3.7145261307980904, 'trop_k_veg': 2.141520043057148}. Best is trial 0 with value: -0.5989088506199346.
[I 2026-08-20 00:29:42,969] Trial 739 finished with value: 0.6445374145881376 and parameters: {'k1': 0.00893364592249549, 'D_low': 537816.4155985884, 'k2': 0.012076878801113418, 'D_high': 10711.740019387076, 'fire_exp': 8.743787696315245, 'P_half': 921.936367736113, 'pre_dampen_half': 11.308337485738244, 'gpp_af': 0.008998318064576417, 'gpp_b': 0.2648593776031968, 'gpp_d': 79.05623996687146, 'ign_k': 0.046915816928422435, 'ign_c': 547.2663935529852, 'trop_agb_crit': 4.618524015525784, 'trop_k_veg': 5.932126273154331}. Best is trial 0 with value: -0.5989088506199346.
[I 2026-08-20 00:29:44,282] Trial 740 finished with value: 0.40100048545394507 and parameters: {'k1': 0.00020259219529659994, 'D_low': 20.611698142765498, 'k2': 0.0008825688701080941, 'D_high': 8000464.397135425, 'fire_exp': 2.1515928306958956, 'P_half': 42.6521145207619, 'pre_dampen_half': 13.157780772202925, 'gpp_af': 0.028393263487246103, 'gpp_b': 2.7722971318605337e-05, 'gpp_d': 6.238963929930586, 'ign_k': 0.6213693465987699, 'ign_c': 13.36434848571339, 'trop_agb_crit': 8.65686884336845, 'trop_k_veg': 0.7141705054783307}. Best is trial 0 with value: -0.5989088506199346.
[I 2026-08-20 00:29:45,609] Trial 741 finished with value: -0.5731664175683532 and parameters: {'k1': 0.00014221942442166967, 'D_low': 2.114898516282953, 'k2': 4.200842340361334e-05, 'D_high': 342662.5398022044, 'fire_exp': 2.0843692902116526, 'P_half': 391.303534400616, 'pre_dampen_half': 51.82725180066403, 'gpp_af': 0.18050115348292772, 'gpp_b': 4.099849453177936e-05, 'gpp_d': 14.604191333497809, 'ign_k': 0.20928264385744627, 'ign_c': 2.0342692741516752, 'trop_agb_crit': 5.2220268766720555, 'trop_k_veg': 3.6939100434773358}. Best is trial 0 with value: -0.5989088506199346.
[I 2026-08-20 00:29:46,936] Trial 742 finished with value: 0.5929466290820062 and parameters: {'k1': 0.0002270849767621568, 'D_low': 4.922189267259231, 'k2': 5.704987269184834e-05, 'D_high': 410244.2077456965, 'fire_exp': 1.4359123996466345, 'P_half': 8688.06202007497, 'pre_dampen_half': 51.892662163587055, 'gpp_af': 0.3334934974637147, 'gpp_b': 0.00013549748879659163, 'gpp_d': 2.6185258145836077, 'ign_k': 0.030420405350548352, 'ign_c': 4.419905211415856, 'trop_agb_crit': 1.4961974152475677, 'trop_k_veg': 1.8666382326819864}. Best is trial 0 with value: -0.5989088506199346.
[I 2026-08-20 00:29:48,255] Trial 743 finished with value: 0.5165307624130473 and parameters: {'k1': 0.000893945082549382, 'D_low': 22.580526160074886, 'k2': 1.3446600127811484e-05, 'D_high': 9221039.894783838, 'fire_exp': 1.9997276960986612, 'P_half': 6.091612195561764, 'pre_dampen_half': 0.4377163959781255, 'gpp_af': 0.01315918803914654, 'gpp_b': 0.002343386568256283, 'gpp_d': 191.6163895445934, 'ign_k': 0.19330065949950836, 'ign_c': 0.21297404757627306, 'trop_agb_crit': 4.159429575291329, 'trop_k_veg': 1.931617055773384}. Best is trial 0 with value: -0.5989088506199346.
[I 2026-08-20 00:29:49,564] Trial 744 finished with value: 0.45230480308554954 and parameters: {'k1': 9.550567226530788e-05, 'D_low': 168.93590635388003, 'k2': 0.002627683585498939, 'D_high': 7092847.91489119, 'fire_exp': 2.6145626807792888, 'P_half': 3.1579491993293782, 'pre_dampen_half': 32.943143762660725, 'gpp_af': 3.2830305909827375, 'gpp_b': 0.0004617005466394654, 'gpp_d': 31.890275113067094, 'ign_k': 0.8372271039106318, 'ign_c': 1.9488199937499993, 'trop_agb_crit': 20.05557865096326, 'trop_k_veg': 7.994044151182452}. Best is trial 0 with value: -0.5989088506199346.
[I 2026-08-20 00:29:50,880] Trial 745 finished with value: 0.5892411081489086 and parameters: {'k1': 0.00011527256806801616, 'D_low': 227.1134978208708, 'k2': 4.7643426731369226e-05, 'D_high': 9436.81453119779, 'fire_exp': 2.787529453399342, 'P_half': 223.51850206921668, 'pre_dampen_half': 26.57959888725005, 'gpp_af': 0.14339865535314042, 'gpp_b': 2.4250651880244236e-05, 'gpp_d': 8.156342633220174, 'ign_k': 0.10164486148521072, 'ign_c': 0.1846408485057034, 'trop_agb_crit': 2.461213223899677, 'trop_k_veg': 4.918676544470788}. Best is trial 0 with value: -0.5989088506199346.
[I 2026-08-20 00:29:52,183] Trial 746 finished with value: 0.5256293610848706 and parameters: {'k1': 0.0003291353547629237, 'D_low': 2.249884336811469, 'k2': 2.1249209680962374e-05, 'D_high': 526531.9934026676, 'fire_exp': 2.717746031551101, 'P_half': 483.51571936771717, 'pre_dampen_half': 12.316404866000862, 'gpp_af': 0.4246729240971713, 'gpp_b': 0.00019490990396661868, 'gpp_d': 27.5750472155249, 'ign_k': 0.09087146946673146, 'ign_c': 0.1398828511117016, 'trop_agb_crit': 7.687694481059059, 'trop_k_veg': 4.287126550401174}. Best is trial 0 with value: -0.5989088506199346.
[I 2026-08-20 00:29:53,483] Trial 747 finished with value: 0.5218853507878166 and parameters: {'k1': 0.00010132074543609382, 'D_low': 1641.581203189172, 'k2': 0.04609667244437003, 'D_high': 5670874.114515708, 'fire_exp': 2.494060751487684, 'P_half': 13.925524492004966, 'pre_dampen_half': 12.177411444028555, 'gpp_af': 0.4124519542724462, 'gpp_b': 0.13199655033840102, 'gpp_d': 101.01586853900305, 'ign_k': 0.15884310871113191, 'ign_c': 0.11480552582998745, 'trop_agb_crit': 11.793548951682256, 'trop_k_veg': 5.729214886695846}. Best is trial 0 with value: -0.5989088506199346.
[I 2026-08-20 00:29:54,802] Trial 748 finished with value: 0.5806217150054243 and parameters: {'k1': 9.049263787051062e-05, 'D_low': 1.0265283768488693, 'k2': 2.3976528967854282e-05, 'D_high': 1364831.544790108, 'fire_exp': 1.9608593665760106, 'P_half': 544.1508126530716, 'pre_dampen_half': 32.08214725954944, 'gpp_af': 5.862940746154491, 'gpp_b': 3.5495015539785304e-05, 'gpp_d': 0.81539609098633, 'ign_k': 0.11531268522059528, 'ign_c': 2.683726446947977, 'trop_agb_crit': 5.559643218203394, 'trop_k_veg': 6.520522085486272}. Best is trial 0 with value: -0.5989088506199346.
[I 2026-08-20 00:29:56,126] Trial 749 finished with value: -0.5151335941277865 and parameters: {'k1': 0.00013680301634828084, 'D_low': 1.9924233119601609, 'k2': 0.0004946301697355333, 'D_high': 420386.3959163798, 'fire_exp': 1.522502975388422, 'P_half': 1284.319626472656, 'pre_dampen_half': 32.08570219230885, 'gpp_af': 0.028732740560824855, 'gpp_b': 0.0001267944158253199, 'gpp_d': 15.374387626039107, 'ign_k': 3.1256091778147006, 'ign_c': 0.587884012710063, 'trop_agb_crit': 6.952524436037834, 'trop_k_veg': 2.343126324383685}. Best is trial 0 with value: -0.5989088506199346.
[I 2026-08-20 00:29:57,454] Trial 750 finished with value: -0.5200242292348285 and parameters: {'k1': 0.0031661986939300456, 'D_low': 14.499309382334001, 'k2': 0.00014447449549129322, 'D_high': 73486.2689745248, 'fire_exp': 2.759284278187416, 'P_half': 497.1312082482171, 'pre_dampen_half': 345.3079414440637, 'gpp_af': 1.1461653667693537, 'gpp_b': 2.945951089821703e-05, 'gpp_d': 35.88270263406944, 'ign_k': 2.238512662993667, 'ign_c': 0.6621577409921048, 'trop_agb_crit': 3.5571302935372757, 'trop_k_veg': 1.8480283894098395}. Best is trial 0 with value: -0.5989088506199346.
[I 2026-08-20 00:29:58,927] Trial 751 finished with value: -0.5340943709396644 and parameters: {'k1': 0.0001262308005529688, 'D_low': 27.738229436640857, 'k2': 1.160636096530088e-05, 'D_high': 206833.48113326647, 'fire_exp': 1.1765866720079332, 'P_half': 30.865272133782916, 'pre_dampen_half': 0.6504399529157158, 'gpp_af': 0.11678162533512669, 'gpp_b': 0.0009581302424457587, 'gpp_d': 37.189751456138, 'ign_k': 3.7586247995904203, 'ign_c': 1.6251926744043208, 'trop_agb_crit': 4.381635831286722, 'trop_k_veg': 3.049330285390581}. Best is trial 0 with value: -0.5989088506199346.
[I 2026-08-20 00:30:00,291] Trial 752 finished with value: 0.6445374145881376 and parameters: {'k1': 0.001171580206589902, 'D_low': 64.9128967904292, 'k2': 5.181219779532591e-05, 'D_high': 70624.61052761029, 'fire_exp': 4.158592742831658, 'P_half': 2.9025580621483433, 'pre_dampen_half': 1.220600068165478, 'gpp_af': 1.0159301068202018, 'gpp_b': 0.2359156561787076, 'gpp_d': 464.55637392586345, 'ign_k': 1.9114627710541612, 'ign_c': 37.88355858808565, 'trop_agb_crit': 4.537880126806112, 'trop_k_veg': 5.121017256979133}. Best is trial 0 with value: -0.5989088506199346.
[I 2026-08-20 00:30:01,667] Trial 753 finished with value: 0.6005068676455059 and parameters: {'k1': 8.766517815960578e-05, 'D_low': 2.4350133974761445, 'k2': 2.0272546405002328e-05, 'D_high': 464327.80050025135, 'fire_exp': 4.0358506834874595, 'P_half': 1572.4038385877232, 'pre_dampen_half': 537.8917238213464, 'gpp_af': 0.3896360226301598, 'gpp_b': 0.00039640288051888086, 'gpp_d': 39.67005964455328, 'ign_k': 0.12905373005226498, 'ign_c': 2.2201204924158104, 'trop_agb_crit': 4.48223373235548, 'trop_k_veg': 3.432509807390346}. Best is trial 0 with value: -0.5989088506199346.
[I 2026-08-20 00:30:02,974] Trial 754 finished with value: 0.5528250432660589 and parameters: {'k1': 0.005619032839837468, 'D_low': 1153.317391584903, 'k2': 0.06846639150782492, 'D_high': 4653766.561744594, 'fire_exp': 1.0149119878310844, 'P_half': 1.178372965749345, 'pre_dampen_half': 7.198455224962057, 'gpp_af': 0.9224455833613935, 'gpp_b': 2.87255359903145, 'gpp_d': 98.66155075755132, 'ign_k': 0.5156526839608151, 'ign_c': 0.35162072096851504, 'trop_agb_crit': 3.736700482084502, 'trop_k_veg': 3.9251980315461097}. Best is trial 0 with value: -0.5989088506199346.
