[I 2026-08-19 17:19:44,635] Trial 782 finished with value: 0.6414471790974703 and parameters: {'k1': 7.805133401801404e-05, 'D_low': 487396.0050047437, 'k2': 0.00078312123783133, 'D_high': 3057564.277184243, 'fire_exp': 2.0368626207033635, 'P_half': 7.253607256209502, 'pre_dampen_half': 0.89418229504781, 'gpp_af': 0.6438007315920197, 'gpp_b': 0.025420364828877502, 'gpp_d': 71.77288202065616, 'ign_k': 0.0028240747381999614, 'ign_c': 32.957821103606044, 'trop_agb_crit': 4.092313396311932, 'trop_k_veg': 5.06734353438804, 'pop_amp': 15.525069514707157, 'pop_peak': 45.834726987338136, 'pop_sig': 1.0733656040133568, 'fuel_k': 3.094249858591588, 'fuel_half': 0.5188935318614837}. Best is trial 0 with value: -0.6094076133578652.
[I 2026-08-19 17:19:46,238] Trial 783 finished with value: 0.4773356626363252 and parameters: {'k1': 0.0012712971914646113, 'D_low': 1951.2552894519065, 'k2': 0.0011517366419302388, 'D_high': 2507302.046159203, 'fire_exp': 1.4261836154958558, 'P_half': 2.204151798935572, 'pre_dampen_half': 567.2496275322203, 'gpp_af': 0.009522295032010629, 'gpp_b': 0.0004626577538548462, 'gpp_d': 460.7414865746349, 'ign_k': 0.4367608158379742, 'ign_c': 0.1527855455706397, 'trop_agb_crit': 26.431674394653406, 'trop_k_veg': 0.6592096038800864, 'pop_amp': 0.08947417285563346, 'pop_peak': 0.06648683499772967, 'pop_sig': 0.8984875216697966, 'fuel_k': 0.012082601297368519, 'fuel_half': 28.233138500023244}. Best is trial 0 with value: -0.6094076133578652.
[I 2026-08-19 17:19:47,838] Trial 784 finished with value: 0.5162694807947625 and parameters: {'k1': 6.675071081225413e-05, 'D_low': 3.063135296963192, 'k2': 0.0011765752759117503, 'D_high': 1949318.6187336207, 'fire_exp': 1.848770757289117, 'P_half': 9.833217342686991, 'pre_dampen_half': 0.231922040919883, 'gpp_af': 0.5484477731346651, 'gpp_b': 0.01241209483213382, 'gpp_d': 179.27079920057398, 'ign_k': 1.4951970601831888, 'ign_c': 3.5628933741538336, 'trop_agb_crit': 25.03999084775754, 'trop_k_veg': 1.3015875667828085, 'pop_amp': 0.015889022293842658, 'pop_peak': 0.20436891287873682, 'pop_sig': 0.798528895074683, 'fuel_k': 1.2648311778124033, 'fuel_half': 15.184807210781594}. Best is trial 0 with value: -0.6094076133578652.
[I 2026-08-19 17:19:49,441] Trial 785 finished with value: 0.4031640237696603 and parameters: {'k1': 6.135408897621781e-05, 'D_low': 16780.072436732804, 'k2': 1.1929307565922406e-05, 'D_high': 2384190.080934779, 'fire_exp': 1.1578391823885152, 'P_half': 112.17617914849595, 'pre_dampen_half': 1.0849657549975589, 'gpp_af': 0.8270486765118789, 'gpp_b': 0.0065510811187464895, 'gpp_d': 139.50169445968046, 'ign_k': 0.02709542146419241, 'ign_c': 1.5074099885063044, 'trop_agb_crit': 17.368429472893297, 'trop_k_veg': 2.014105260625495, 'pop_amp': 2.4122354892961377, 'pop_peak': 4.746434455777325, 'pop_sig': 1.044424267691615, 'fuel_k': 2.091751284225278, 'fuel_half': 0.3630549731457385}. Best is trial 0 with value: -0.6094076133578652.
[I 2026-08-19 17:19:51,087] Trial 786 finished with value: 0.6445374145881376 and parameters: {'k1': 0.0013141406869263106, 'D_low': 28.823680127380012, 'k2': 0.007355115238995783, 'D_high': 7523069.448397783, 'fire_exp': 8.04783257185376, 'P_half': 80.19856119761111, 'pre_dampen_half': 5.006151184722349, 'gpp_af': 0.6151519049031097, 'gpp_b': 0.00034487219313159104, 'gpp_d': 24.458999760574805, 'ign_k': 0.36271121127834227, 'ign_c': 323.6056004243382, 'trop_agb_crit': 7.626573699257677, 'trop_k_veg': 4.050275148337813, 'pop_amp': 0.01959410829759208, 'pop_peak': 224.65582395337617, 'pop_sig': 1.579743411765794, 'fuel_k': 0.20255409164488067, 'fuel_half': 0.4384677089746951}. Best is trial 0 with value: -0.6094076133578652.
[I 2026-08-19 17:19:52,735] Trial 787 finished with value: -0.5836280534861115 and parameters: {'k1': 0.00998337818798515, 'D_low': 12.489706584765644, 'k2': 0.08431055808312772, 'D_high': 415680.605428779, 'fire_exp': 2.5095670227295397, 'P_half': 2.240795072718135, 'pre_dampen_half': 2.0359693621497117, 'gpp_af': 0.039735264888142184, 'gpp_b': 0.00022590763986884795, 'gpp_d': 815.3095631372786, 'ign_k': 0.15756745785480009, 'ign_c': 0.17756297497607693, 'trop_agb_crit': 13.797073197620824, 'trop_k_veg': 1.9048088810432482, 'pop_amp': 0.006743552020836442, 'pop_peak': 0.27193143038552825, 'pop_sig': 2.230947047487689, 'fuel_k': 0.4501387792282487, 'fuel_half': 96.79804202249727}. Best is trial 0 with value: -0.6094076133578652.
[I 2026-08-19 17:19:54,346] Trial 788 finished with value: 0.4681301926289573 and parameters: {'k1': 0.000466885800644685, 'D_low': 1.8975850799955103, 'k2': 0.02062507877025561, 'D_high': 5353493.261956259, 'fire_exp': 1.757622923986453, 'P_half': 35.63075606289593, 'pre_dampen_half': 3.2716438726576915, 'gpp_af': 0.02763837533229319, 'gpp_b': 0.004214535467143543, 'gpp_d': 54.76604623746899, 'ign_k': 1.939433292432481, 'ign_c': 12.863997029868703, 'trop_agb_crit': 11.806738450755871, 'trop_k_veg': 0.5350756435783944, 'pop_amp': 0.0012963286611771057, 'pop_peak': 0.12327740928300633, 'pop_sig': 0.2970545582183944, 'fuel_k': 0.19017265865229183, 'fuel_half': 21.25735023878385}. Best is trial 0 with value: -0.6094076133578652.
[I 2026-08-19 17:19:55,960] Trial 789 finished with value: 0.5816484955060457 and parameters: {'k1': 0.0613985254640199, 'D_low': 237.6023609920108, 'k2': 0.06724405795807614, 'D_high': 5808197.945909232, 'fire_exp': 3.8648865427906394, 'P_half': 1.75087775117884, 'pre_dampen_half': 0.7049200869537363, 'gpp_af': 0.015191284107368362, 'gpp_b': 0.0015280333057374421, 'gpp_d': 49.851906267648914, 'ign_k': 0.006949073933263812, 'ign_c': 0.437570701452138, 'trop_agb_crit': 5.4968324502639465, 'trop_k_veg': 1.3135083049987188, 'pop_amp': 0.008715858664912134, 'pop_peak': 9.167217487456089, 'pop_sig': 2.302070667484182, 'fuel_k': 0.37576260963470387, 'fuel_half': 30.226875409459364}. Best is trial 0 with value: -0.6094076133578652.
[I 2026-08-19 17:19:57,557] Trial 790 finished with value: -0.5714684994588046 and parameters: {'k1': 0.002227359110222007, 'D_low': 982.1912208701599, 'k2': 0.0033629094794976975, 'D_high': 3841878.1577783003, 'fire_exp': 1.5238400968021224, 'P_half': 1.5424273775179655, 'pre_dampen_half': 0.2893211675437159, 'gpp_af': 8.26334738709031, 'gpp_b': 2.0393489186431976e-05, 'gpp_d': 485.976605900712, 'ign_k': 0.16030255497908905, 'ign_c': 10.640808804740193, 'trop_agb_crit': 25.297151260289148, 'trop_k_veg': 2.673810646824016, 'pop_amp': 0.295632696013925, 'pop_peak': 3.9409310111439204, 'pop_sig': 0.8646295504085262, 'fuel_k': 0.42717694225816594, 'fuel_half': 26.425700779484547}. Best is trial 0 with value: -0.6094076133578652.
[I 2026-08-19 17:19:59,240] Trial 791 finished with value: 0.5254762737677401 and parameters: {'k1': 0.011681678344650786, 'D_low': 12.341768175503187, 'k2': 0.07723370881821712, 'D_high': 25648.91314140663, 'fire_exp': 5.139969839091006, 'P_half': 9.344386010488927, 'pre_dampen_half': 1.6425723815332272, 'gpp_af': 0.01067685553902089, 'gpp_b': 0.00027436564634964616, 'gpp_d': 444.5562842373356, 'ign_k': 1.14139845447789, 'ign_c': 2.2110670305666784, 'trop_agb_crit': 11.745329684230343, 'trop_k_veg': 1.7918309847066245, 'pop_amp': 0.019972965490774795, 'pop_peak': 0.2178367309738657, 'pop_sig': 2.0111730487079926, 'fuel_k': 1.810502977079628, 'fuel_half': 24.366737027440447}. Best is trial 0 with value: -0.6094076133578652.
[I 2026-08-19 17:20:00,860] Trial 792 finished with value: 0.5835067430316163 and parameters: {'k1': 0.006106520804759872, 'D_low': 4.7091003252239085, 'k2': 0.06993840810384468, 'D_high': 1522.8520383098219, 'fire_exp': 1.2358996685132786, 'P_half': 3.1425566356179186, 'pre_dampen_half': 5.257637610121776, 'gpp_af': 0.0792991573320898, 'gpp_b': 0.0007892878061227814, 'gpp_d': 144.97482505056456, 'ign_k': 0.006461010602557519, 'ign_c': 1.4005476124659932, 'trop_agb_crit': 8.220854922404099, 'trop_k_veg': 3.3714693762328865, 'pop_amp': 0.005651661995042918, 'pop_peak': 17.5907251187184, 'pop_sig': 1.484053797183546, 'fuel_k': 1.1517175105698951, 'fuel_half': 82.38162997623189}. Best is trial 0 with value: -0.6094076133578652.
[I 2026-08-19 17:20:02,495] Trial 793 finished with value: 0.6442113934128954 and parameters: {'k1': 0.0008462300323795186, 'D_low': 672049.9344442544, 'k2': 4.298446435005644e-05, 'D_high': 1399901.4427332599, 'fire_exp': 2.1367527213905007, 'P_half': 90.49219364544278, 'pre_dampen_half': 36.72732474689789, 'gpp_af': 0.7050110780698331, 'gpp_b': 0.0024226563485550126, 'gpp_d': 611.4274578938391, 'ign_k': 0.008098206045189491, 'ign_c': 1.6300794080086047, 'trop_agb_crit': 14.697418046807762, 'trop_k_veg': 2.2911876813588568, 'pop_amp': 1.188492009930001, 'pop_peak': 5.701561950499557, 'pop_sig': 1.6591877581453593, 'fuel_k': 0.24094064071173582, 'fuel_half': 0.44359193473728636}. Best is trial 0 with value: -0.6094076133578652.
[I 2026-08-19 17:20:04,132] Trial 794 finished with value: 0.5921135311885509 and parameters: {'k1': 0.0002915367091205468, 'D_low': 39.04232791812506, 'k2': 0.003487147526012987, 'D_high': 2810432.721196522, 'fire_exp': 2.1002311078251346, 'P_half': 76.69960450593645, 'pre_dampen_half': 2.2038294751735217, 'gpp_af': 0.2327788375261277, 'gpp_b': 2.9333348028046013, 'gpp_d': 93.7229495267817, 'ign_k': 0.37447333167136326, 'ign_c': 0.9319915527821765, 'trop_agb_crit': 25.772899716468682, 'trop_k_veg': 1.0571093600551815, 'pop_amp': 0.0508239182281232, 'pop_peak': 0.09830327001344315, 'pop_sig': 0.48265689034603726, 'fuel_k': 0.07895175892272209, 'fuel_half': 87.82267188646037}. Best is trial 0 with value: -0.6094076133578652.
  trial  795/2500  best_overall=0.6094  (21.7 min)
[I 2026-08-19 17:20:05,992] Trial 795 finished with value: 0.40857942023844607 and parameters: {'k1': 0.08665478411035231, 'D_low': 4.5488438340103885, 'k2': 0.0018409677966876757, 'D_high': 8779524.970632121, 'fire_exp': 1.654422446809983, 'P_half': 167.46781356888422, 'pre_dampen_half': 5.932541696475763, 'gpp_af': 0.15885964251400353, 'gpp_b': 0.0005449030806147614, 'gpp_d': 9.629860181178442, 'ign_k': 3.587139597009224, 'ign_c': 0.3265614047833016, 'trop_agb_crit': 9.304909559029765, 'trop_k_veg': 0.9235179206517634, 'pop_amp': 0.04415264503932062, 'pop_peak': 6.90622979989348, 'pop_sig': 0.6065872903199299, 'fuel_k': 0.0178432034329468, 'fuel_half': 7.21474783231228}. Best is trial 0 with value: -0.6094076133578652.
[I 2026-08-19 17:20:07,672] Trial 796 finished with value: 0.4135444060607466 and parameters: {'k1': 0.02091808013922497, 'D_low': 27.038821254976796, 'k2': 0.017828721271034954, 'D_high': 966713.4134397669, 'fire_exp': 4.337669306554626, 'P_half': 3.4204052083780354, 'pre_dampen_half': 9.13075599822753, 'gpp_af': 1.7207173622330627, 'gpp_b': 0.0017494279886181203, 'gpp_d': 26.50327699974716, 'ign_k': 0.3655737903661986, 'ign_c': 0.2703809285160033, 'trop_agb_crit': 6.304492670362313, 'trop_k_veg': 3.5178505902431483, 'pop_amp': 0.004714980042855545, 'pop_peak': 0.08033125070238624, 'pop_sig': 1.9090289998537266, 'fuel_k': 2.6721116561978273, 'fuel_half': 19.441880291480487}. Best is trial 0 with value: -0.6094076133578652.
[I 2026-08-19 17:20:09,254] Trial 797 finished with value: 0.47256470383546156 and parameters: {'k1': 0.001175823373111388, 'D_low': 25435.08249050762, 'k2': 7.05531390781496e-05, 'D_high': 2466222.8658035886, 'fire_exp': 1.3996239004769204, 'P_half': 12.214605462167773, 'pre_dampen_half': 0.6114833613537594, 'gpp_af': 0.9152245570111333, 'gpp_b': 1.7449850378899827e-05, 'gpp_d': 46.734396908097644, 'ign_k': 0.009650371268005503, 'ign_c': 0.8805022444779732, 'trop_agb_crit': 2.505190820086048, 'trop_k_veg': 2.8440446723966715, 'pop_amp': 2.7400157782243584, 'pop_peak': 6.873164689667755, 'pop_sig': 2.3469772364622954, 'fuel_k': 1.1055992400457233, 'fuel_half': 0.23925975174484826}. Best is trial 0 with value: -0.6094076133578652.
[I 2026-08-19 17:20:10,867] Trial 798 finished with value: 0.5670602854013519 and parameters: {'k1': 0.0268045328138952, 'D_low': 7.214838283472109, 'k2': 0.035162181712500955, 'D_high': 5581196.489516045, 'fire_exp': 7.157229267643791, 'P_half': 3.0316042700443218, 'pre_dampen_half': 62.736873829346585, 'gpp_af': 0.005993342762385041, 'gpp_b': 0.0003282366770944739, 'gpp_d': 252.12832598750447, 'ign_k': 0.04910139968920004, 'ign_c': 0.5029318518528795, 'trop_agb_crit': 23.624862467340684, 'trop_k_veg': 0.9193564337995678, 'pop_amp': 0.015333352186444264, 'pop_peak': 0.07694035990906535, 'pop_sig': 1.6280547331568656, 'fuel_k': 0.13702049474387137, 'fuel_half': 24.276992247433824}. Best is trial 0 with value: -0.6094076133578652.
[I 2026-08-19 17:20:12,494] Trial 799 finished with value: -0.4400666975385402 and parameters: {'k1': 0.005321072701887887, 'D_low': 9.720963295921038, 'k2': 0.08692035050452736, 'D_high': 1456.3095332297785, 'fire_exp': 1.3274929792655272, 'P_half': 2.3147566141655833, 'pre_dampen_half': 6.633822066378157, 'gpp_af': 0.021632322041870773, 'gpp_b': 0.0039042730078184015, 'gpp_d': 209.85512051635305, 'ign_k': 0.3070142985997212, 'ign_c': 0.15109191613230868, 'trop_agb_crit': 15.914276115226084, 'trop_k_veg': 2.4269638285361563, 'pop_amp': 0.009030736383627579, 'pop_peak': 0.3339635465393034, 'pop_sig': 2.059186125468193, 'fuel_k': 0.30531354028341345, 'fuel_half': 9.452986542893075}. Best is trial 0 with value: -0.6094076133578652.
[I 2026-08-19 17:20:14,122] Trial 800 finished with value: 0.4484733649601459 and parameters: {'k1': 0.00012424439109508066, 'D_low': 3632.5219816781855, 'k2': 2.089750703233167e-05, 'D_high': 7734086.085421955, 'fire_exp': 2.0660918078623416, 'P_half': 14.116246629563344, 'pre_dampen_half': 1.3996599790104531, 'gpp_af': 0.2988416242207818, 'gpp_b': 0.0011673166414819607, 'gpp_d': 521.637915498373, 'ign_k': 0.01577391625573691, 'ign_c': 10.00068931975103, 'trop_agb_crit': 24.30201649889209, 'trop_k_veg': 1.4118766635591962, 'pop_amp': 10.931965857450855, 'pop_peak': 0.8479253905831037, 'pop_sig': 2.1948361351161094, 'fuel_k': 0.07494415949869862, 'fuel_half': 0.13731337360482482}. Best is trial 0 with value: -0.6094076133578652.
[I 2026-08-19 17:20:15,706] Trial 801 finished with value: 0.5160937880576235 and parameters: {'k1': 0.0002740643058938196, 'D_low': 8658.213293876097, 'k2': 1.3127111978861447e-05, 'D_high': 957010.5039710739, 'fire_exp': 1.7063186833585429, 'P_half': 2784.363967645984, 'pre_dampen_half': 2.5542079064299705, 'gpp_af': 0.17941485936449245, 'gpp_b': 0.002405178445322085, 'gpp_d': 764.1494629572783, 'ign_k': 0.5353153536466219, 'ign_c': 0.14550507451701658, 'trop_agb_crit': 22.535695725591506, 'trop_k_veg': 3.111039133274086, 'pop_amp': 4.529028150914468, 'pop_peak': 18.8474666034978, 'pop_sig': 0.8965051204556909, 'fuel_k': 0.1628152358636635, 'fuel_half': 0.8266006430772546}. Best is trial 0 with value: -0.6094076133578652.
[I 2026-08-19 17:20:17,299] Trial 802 finished with value: 0.572483508948275 and parameters: {'k1': 0.00011850190986550233, 'D_low': 47006.58010892735, 'k2': 3.864972018058102e-05, 'D_high': 4769268.313106279, 'fire_exp': 1.333503232924451, 'P_half': 2276.519137347268, 'pre_dampen_half': 10.692850738524973, 'gpp_af': 0.45034632772870975, 'gpp_b': 1.0244120424886135e-05, 'gpp_d': 45.45570483303326, 'ign_k': 0.00733711220894943, 'ign_c': 5.111813357252143, 'trop_agb_crit': 26.172196747509478, 'trop_k_veg': 3.0808849611238753, 'pop_amp': 0.6249682537233859, 'pop_peak': 65.14738768422293, 'pop_sig': 0.6354398368797093, 'fuel_k': 2.4783496424910427, 'fuel_half': 0.13323157775114303}. Best is trial 0 with value: -0.6094076133578652.
[I 2026-08-19 17:20:18,962] Trial 803 finished with value: 0.636373311189372 and parameters: {'k1': 8.761035097296141e-05, 'D_low': 273049.04259465804, 'k2': 1.3609065960812898e-05, 'D_high': 63903.74914119828, 'fire_exp': 3.388400441767897, 'P_half': 75.36526278554376, 'pre_dampen_half': 24.313422486864674, 'gpp_af': 2.536068569291817, 'gpp_b': 0.004083593087737923, 'gpp_d': 26.66951414907262, 'ign_k': 0.03458064144134296, 'ign_c': 3.0879138080384547, 'trop_agb_crit': 16.55594703617644, 'trop_k_veg': 5.111313503671503, 'pop_amp': 3.7002014563390415, 'pop_peak': 2.3701829229181604, 'pop_sig': 1.5587419485388536, 'fuel_k': 2.0841889098100315, 'fuel_half': 0.13859769838232566}. Best is trial 0 with value: -0.6094076133578652.
[I 2026-08-19 17:20:20,647] Trial 804 finished with value: 0.44390212375803695 and parameters: {'k1': 0.0031319859609987653, 'D_low': 11.855808126247561, 'k2': 0.0881090855044354, 'D_high': 8865790.060961483, 'fire_exp': 2.8800141154449426, 'P_half': 14.8948409621874, 'pre_dampen_half': 0.9081714394154768, 'gpp_af': 0.1607395436292132, 'gpp_b': 0.0005501853681640187, 'gpp_d': 536.4960589199931, 'ign_k': 0.22684528305900709, 'ign_c': 0.1259599648639901, 'trop_agb_crit': 19.256623807353673, 'trop_k_veg': 3.2278406769941417, 'pop_amp': 0.01495368547987235, 'pop_peak': 0.19871105116270554, 'pop_sig': 1.8920241903915063, 'fuel_k': 0.2498403992718664, 'fuel_half': 10.180531030328787}. Best is trial 0 with value: -0.6094076133578652.
[I 2026-08-19 17:20:22,354] Trial 805 finished with value: 0.47834639726026396 and parameters: {'k1': 0.050426492028121724, 'D_low': 434.7222274555501, 'k2': 0.02160680821425374, 'D_high': 7680546.8957399335, 'fire_exp': 8.350768960832868, 'P_half': 1.1085238788722716, 'pre_dampen_half': 192.27157722211044, 'gpp_af': 0.09094379975957471, 'gpp_b': 0.00012271304203740157, 'gpp_d': 0.17769562467694996, 'ign_k': 1.9461121909561823, 'ign_c': 20.310763467562204, 'trop_agb_crit': 3.6424461594646664, 'trop_k_veg': 2.3768646302426735, 'pop_amp': 0.016224895912332275, 'pop_peak': 935.9208373443953, 'pop_sig': 2.289923859959544, 'fuel_k': 0.011477738973030163, 'fuel_half': 0.7585532159036777}. Best is trial 0 with value: -0.6094076133578652.
[I 2026-08-19 17:20:23,950] Trial 806 finished with value: 0.5725433303897536 and parameters: {'k1': 6.34975656250366e-05, 'D_low': 1309.0598270683352, 'k2': 0.004332440053854457, 'D_high': 5321334.361147286, 'fire_exp': 4.9797111350476, 'P_half': 602.6942099382893, 'pre_dampen_half': 0.2873483961509215, 'gpp_af': 25.783244098474775, 'gpp_b': 2.2812279448778402e-05, 'gpp_d': 312.0818972422153, 'ign_k': 1.0176490909410971, 'ign_c': 0.3638662520412688, 'trop_agb_crit': 13.588163718741887, 'trop_k_veg': 6.463351334154876, 'pop_amp': 1.864344956200233, 'pop_peak': 6.9342693752488485, 'pop_sig': 0.9925407670137044, 'fuel_k': 0.4457325079812124, 'fuel_half': 5.395847226414069}. Best is trial 0 with value: -0.6094076133578652.
[I 2026-08-19 17:20:25,564] Trial 807 finished with value: 0.5569801886825265 and parameters: {'k1': 0.0228022637689736, 'D_low': 132.79841166660654, 'k2': 0.09142186523100568, 'D_high': 226408.23481207047, 'fire_exp': 2.0245712507714404, 'P_half': 2.2231545266984973, 'pre_dampen_half': 0.9629330428480025, 'gpp_af': 0.0017625966870421542, 'gpp_b': 0.0001131723773387454, 'gpp_d': 122.06034850979137, 'ign_k': 0.00680384447502094, 'ign_c': 0.16674541665738404, 'trop_agb_crit': 10.973323091774517, 'trop_k_veg': 4.527739690063875, 'pop_amp': 0.0052645994419105255, 'pop_peak': 0.1339041089951358, 'pop_sig': 2.4393598166837256, 'fuel_k': 0.16980656715409181, 'fuel_half': 58.32204002981424}. Best is trial 0 with value: -0.6094076133578652.
  trial  808/2500  best_overall=0.6094  (22.0 min)
[I 2026-08-19 17:20:27,332] Trial 808 finished with value: 0.5621748788985809 and parameters: {'k1': 9.530360840669505e-05, 'D_low': 39330.728342917886, 'k2': 9.677023719756932e-05, 'D_high': 4391525.808324878, 'fire_exp': 2.0585128901646508, 'P_half': 23.76439225031389, 'pre_dampen_half': 1.654956631194673, 'gpp_af': 0.048142708419366395, 'gpp_b': 0.000226608866490732, 'gpp_d': 9.522835967558914, 'ign_k': 0.012565761516894985, 'ign_c': 12.171110243426137, 'trop_agb_crit': 29.03122004080182, 'trop_k_veg': 4.711352977651521, 'pop_amp': 0.2603896334823376, 'pop_peak': 6.353064156693195, 'pop_sig': 0.6430170877500269, 'fuel_k': 2.0026035699492053, 'fuel_half': 0.1498031202428735}. Best is trial 0 with value: -0.6094076133578652.
[I 2026-08-19 17:20:28,912] Trial 809 finished with value: 0.43565779376965774 and parameters: {'k1': 0.00010240514660754681, 'D_low': 1100.6520310377887, 'k2': 2.1404422582508252e-05, 'D_high': 2464705.640175315, 'fire_exp': 2.4134757464113963, 'P_half': 329.03672750570007, 'pre_dampen_half': 0.9906277023157565, 'gpp_af': 0.6499833005189847, 'gpp_b': 0.0012916511132592626, 'gpp_d': 175.82115968988106, 'ign_k': 0.11819930409345561, 'ign_c': 5.703059377191389, 'trop_agb_crit': 14.97803141293793, 'trop_k_veg': 4.263762607641425, 'pop_amp': 2.2097799803370894, 'pop_peak': 0.713664464733673, 'pop_sig': 0.7521650847304366, 'fuel_k': 1.6898159235855412, 'fuel_half': 0.15932916635042957}. Best is trial 0 with value: -0.6094076133578652.
[I 2026-08-19 17:20:30,572] Trial 810 finished with value: 0.5018400171916 and parameters: {'k1': 0.016893496724869162, 'D_low': 518.3756360844739, 'k2': 1.936903511143025e-05, 'D_high': 1251144.8387389462, 'fire_exp': 2.4567158276776504, 'P_half': 12.533439777851422, 'pre_dampen_half': 1.954629610025238, 'gpp_af': 0.44296371759867764, 'gpp_b': 0.00022688916297296672, 'gpp_d': 931.7001915807338, 'ign_k': 0.004970010501039383, 'ign_c': 11.57670668900366, 'trop_agb_crit': 8.374252855464448, 'trop_k_veg': 2.5252108037825884, 'pop_amp': 0.1435344649397452, 'pop_peak': 14.386806578510521, 'pop_sig': 1.3809542301449829, 'fuel_k': 1.7092549387591431, 'fuel_half': 0.10083024386490395}. Best is trial 0 with value: -0.6094076133578652.
