[I 2026-06-10 22:32:29,059] Trial 413 finished with values: [15.909476893532029, 15.909476893532029] and parameters: {'k1': 0.030699709531122967, 'D_low': 12.105387404469584, 'k2': 7.531057256501231e-05, 'D_high': 1817.0401889219124, 'fire_exp': 1.0601964743503993, 'P_half': 4.213183643253957, 'pre_dampen_half': 30.456909077772018, 'gpp_af': 0.41874665092828456, 'gpp_b': 1.4540386644083135e-05, 'gpp_d': 46.010874324515754, 'ign_k': 1.636529060071807, 'ign_c': 0.6235377135673155, 'trop_agb_crit': 1.0189592979395135, 'trop_k_veg': 0.6673124511410327, 'fire_amp': 4.19233232783727}.
[I 2026-06-10 22:32:30,418] Trial 414 finished with values: [10.602890075571514, 10.602890075571514] and parameters: {'k1': 0.006079905434073396, 'D_low': 15.0613200804335, 'k2': 0.019383858782150494, 'D_high': 1817.0401889219124, 'fire_exp': 1.0601964743503993, 'P_half': 1265.0580856641704, 'pre_dampen_half': 2.736251365128462, 'gpp_af': 29.700320404259642, 'gpp_b': 0.00047819318414852577, 'gpp_d': 594.7389794988394, 'ign_k': 0.001229921046579313, 'ign_c': 99.96359851911319, 'trop_agb_crit': 12.9667438075127, 'trop_k_veg': 4.796046723963646, 'fire_amp': 2.7806853670293616}.
[I 2026-06-10 22:32:31,797] Trial 415 finished with values: [10.23411708670146, 10.23411708670146] and parameters: {'k1': 0.0004846497679219079, 'D_low': 15.0613200804335, 'k2': 0.019383858782150494, 'D_high': 48235.58283024493, 'fire_exp': 1.0601964743503993, 'P_half': 1265.0580856641704, 'pre_dampen_half': 2.736251365128462, 'gpp_af': 0.41874665092828456, 'gpp_b': 2.800940363375676e-05, 'gpp_d': 1.4397852866783676, 'ign_k': 0.17320535908244444, 'ign_c': 0.6235377135673155, 'trop_agb_crit': 12.9667438075127, 'trop_k_veg': 4.796046723963646, 'fire_amp': 2.6192385880432525}.
[I 2026-06-10 22:32:33,433] Trial 416 finished with values: [-0.39066536539273217, 0.6551825709531273] and parameters: {'k1': 0.08006837661379566, 'D_low': 2267.735223551285, 'k2': 0.02065142557895925, 'D_high': 48235.58283024493, 'fire_exp': 1.9095652801045373, 'P_half': 118.94665366442581, 'pre_dampen_half': 9.044346216330972, 'gpp_af': 10.25616274847308, 'gpp_b': 2.800940363375676e-05, 'gpp_d': 0.4742269251269962, 'ign_k': 1.6270983114897255, 'ign_c': 2.226297338331262, 'trop_agb_crit': 1.0189592979395135, 'trop_k_veg': 0.828441460847982, 'fire_amp': 2.6192385880432525}.
[I 2026-06-10 22:32:35,014] Trial 417 finished with values: [10.390256393115173, 10.390256393115173] and parameters: {'k1': 0.006079905434073396, 'D_low': 43.2326421037033, 'k2': 0.02065142557895925, 'D_high': 48235.58283024493, 'fire_exp': 1.4690410989404576, 'P_half': 70.91190338709636, 'pre_dampen_half': 9.044346216330972, 'gpp_af': 42.29037995744429, 'gpp_b': 0.00012118589392553798, 'gpp_d': 545.0253444559129, 'ign_k': 1.6270983114897255, 'ign_c': 0.6235377135673155, 'trop_agb_crit': 2.1989086830950257, 'trop_k_veg': 6.172643383211297, 'fire_amp': 1.032981306188127}.
[I 2026-06-10 22:32:36,405] Trial 418 finished with values: [-0.376790926425026, 0.02804590074780955] and parameters: {'k1': 0.00031134168041628584, 'D_low': 12.105387404469584, 'k2': 0.003767022142229395, 'D_high': 44974.07193749848, 'fire_exp': 1.9365919987098117, 'P_half': 101.40635645866499, 'pre_dampen_half': 98.05638874011484, 'gpp_af': 1.3954498518315706, 'gpp_b': 0.16285506249643175, 'gpp_d': 12.151631524283598, 'ign_k': 1.636529060071807, 'ign_c': 0.7619822175388142, 'trop_agb_crit': 1.0693376406863295, 'trop_k_veg': 0.6488368931910606, 'fire_amp': 4.1162797330133705}.
[I 2026-06-10 22:32:37,745] Trial 419 finished with values: [-0.6405490236399509, 0.12114667792911737] and parameters: {'k1': 0.0001887567630782227, 'D_low': 1.4002277211577039, 'k2': 0.003767022142229395, 'D_high': 949.9072859745386, 'fire_exp': 1.0601964743503993, 'P_half': 157.80309954142965, 'pre_dampen_half': 9.044346216330972, 'gpp_af': 0.09885838682552685, 'gpp_b': 1.4540386644083135e-05, 'gpp_d': 47.35384181058586, 'ign_k': 0.17320535908244444, 'ign_c': 1.3431925993528124, 'trop_agb_crit': 1.8285200278523417, 'trop_k_veg': 3.1055119128084763, 'fire_amp': 4.19233232783727}.
[I 2026-06-10 22:32:39,100] Trial 420 finished with values: [10.669426854591983, 10.669426854591983] and parameters: {'k1': 0.0032360993995751053, 'D_low': 12.105387404469584, 'k2': 3.152468275632564e-05, 'D_high': 1817.0401889219124, 'fire_exp': 1.0601964743503993, 'P_half': 157.80309954142965, 'pre_dampen_half': 1.8469033699850426, 'gpp_af': 0.3097266550170567, 'gpp_b': 1.4540386644083135e-05, 'gpp_d': 0.4742269251269962, 'ign_k': 1.6270983114897255, 'ign_c': 0.10435856341129002, 'trop_agb_crit': 8.188098178380693, 'trop_k_veg': 0.6618107836658104, 'fire_amp': 5.831305332032283}.
[I 2026-06-10 22:32:40,528] Trial 421 finished with values: [-0.5930038935133138, 0.34029166023612867] and parameters: {'k1': 0.0869690639641868, 'D_low': 146.24004590125713, 'k2': 0.003767022142229395, 'D_high': 48235.58283024493, 'fire_exp': 1.0601964743503993, 'P_half': 1265.0580856641704, 'pre_dampen_half': 9.044346216330972, 'gpp_af': 0.41874665092828456, 'gpp_b': 0.00047819318414852577, 'gpp_d': 594.7389794988394, 'ign_k': 0.8945150807271531, 'ign_c': 0.6235377135673155, 'trop_agb_crit': 1.0189592979395135, 'trop_k_veg': 4.796046723963646, 'fire_amp': 2.6192385880432525}.
[I 2026-06-10 22:32:42,237] Trial 422 finished with values: [10.830123673098594, 10.830123673098594] and parameters: {'k1': 0.00026539376439360527, 'D_low': 43.2326421037033, 'k2': 4.933751600448335e-05, 'D_high': 27.55546207779663, 'fire_exp': 1.1633452995374232, 'P_half': 51.10120656497163, 'pre_dampen_half': 37.40930273158252, 'gpp_af': 1.9998014714101113, 'gpp_b': 0.004411400434514031, 'gpp_d': 5.981605330890935, 'ign_k': 0.09256855841989636, 'ign_c': 75.30210437963517, 'trop_agb_crit': 8.0091368834625, 'trop_k_veg': 1.6003641872536711, 'fire_amp': 1.505817508996859}.
[I 2026-06-10 22:32:43,764] Trial 423 finished with values: [-0.43050129330712533, 0.24438135039448072] and parameters: {'k1': 0.0014452451441203328, 'D_low': 1.4002277211577039, 'k2': 4.933751600448335e-05, 'D_high': 949.9072859745386, 'fire_exp': 1.0601964743503993, 'P_half': 157.3644610977214, 'pre_dampen_half': 958.6709783968975, 'gpp_af': 0.09885838682552685, 'gpp_b': 0.00047819318414852577, 'gpp_d': 0.4742269251269962, 'ign_k': 0.037151317999473285, 'ign_c': 0.6235377135673155, 'trop_agb_crit': 2.0527418919564324, 'trop_k_veg': 1.6003641872536711, 'fire_amp': 1.2393473789150806}.
[I 2026-06-10 22:32:45,181] Trial 424 finished with values: [10.53822458960847, 10.53822458960847] and parameters: {'k1': 0.00026539376439360527, 'D_low': 1074.940539517341, 'k2': 0.07928164425547335, 'D_high': 949.9072859745386, 'fire_exp': 1.2732983562135975, 'P_half': 399.3031584056686, 'pre_dampen_half': 189.36639872354493, 'gpp_af': 3.298293484806585, 'gpp_b': 0.00047819318414852577, 'gpp_d': 0.4742269251269962, 'ign_k': 0.09256855841989636, 'ign_c': 7.832259769732471, 'trop_agb_crit': 1.9712803620877688, 'trop_k_veg': 1.6003641872536711, 'fire_amp': 2.6192385880432525}.
[I 2026-06-10 22:32:46,543] Trial 425 finished with values: [-0.3432475545396003, 0.574607333050982] and parameters: {'k1': 0.00026539376439360527, 'D_low': 1074.940539517341, 'k2': 1.1417577140741129e-05, 'D_high': 42210.21267871043, 'fire_exp': 1.111738490499784, 'P_half': 61.6097529474144, 'pre_dampen_half': 121.93011993958949, 'gpp_af': 2.5184956910855436, 'gpp_b': 0.00031478066835753096, 'gpp_d': 0.7698760608299932, 'ign_k': 0.002357279455676982, 'ign_c': 7.081721844034206, 'trop_agb_crit': 2.0527418919564324, 'trop_k_veg': 0.6108091740265464, 'fire_amp': 1.5719333351012774}.
[I 2026-06-10 22:32:48,042] Trial 426 finished with values: [10.446895245173893, 10.446895245173893] and parameters: {'k1': 0.00026539376439360527, 'D_low': 2396.0796124300746, 'k2': 0.0011135501184757278, 'D_high': 48235.58283024493, 'fire_exp': 1.9095652801045373, 'P_half': 118.94665366442581, 'pre_dampen_half': 9.044346216330972, 'gpp_af': 27.78052183438328, 'gpp_b': 2.800940363375676e-05, 'gpp_d': 0.4742269251269962, 'ign_k': 1.6270983114897255, 'ign_c': 7.081721844034206, 'trop_agb_crit': 1.0189592979395135, 'trop_k_veg': 0.5443513380244235, 'fire_amp': 1.5719333351012774}.
[I 2026-06-10 22:32:50,015] Trial 427 finished with values: [10.121316307547744, 10.121316307547744] and parameters: {'k1': 0.017276056747028225, 'D_low': 2396.0796124300746, 'k2': 0.02939607009739149, 'D_high': 44974.07193749848, 'fire_exp': 1.9365919987098117, 'P_half': 101.40635645866499, 'pre_dampen_half': 37.40930273158252, 'gpp_af': 1.9998014714101113, 'gpp_b': 0.00047819318414852577, 'gpp_d': 12.151631524283598, 'ign_k': 0.010733257635049785, 'ign_c': 16.497426799845446, 'trop_agb_crit': 1.5033346993841157, 'trop_k_veg': 0.6488368931910606, 'fire_amp': 5.416595007374148}.
[I 2026-06-10 22:32:51,572] Trial 428 finished with values: [10.254805590321658, 10.254805590321658] and parameters: {'k1': 0.00026539376439360527, 'D_low': 1074.940539517341, 'k2': 1.1417577140741129e-05, 'D_high': 708.7479683081002, 'fire_exp': 1.111738490499784, 'P_half': 1.4551749476072258, 'pre_dampen_half': 189.36639872354493, 'gpp_af': 3.298293484806585, 'gpp_b': 0.006999112505425414, 'gpp_d': 0.030844007727232167, 'ign_k': 0.09256855841989636, 'ign_c': 7.832259769732471, 'trop_agb_crit': 1.8023542850487386, 'trop_k_veg': 1.6648666152166967, 'fire_amp': 2.042193818779288}.
[I 2026-06-10 22:32:53,001] Trial 429 finished with values: [12.436034397578048, 12.436034397578048] and parameters: {'k1': 0.00023134781612225627, 'D_low': 43.03411264066069, 'k2': 1.5178052094448868e-05, 'D_high': 315.101491238403, 'fire_exp': 1.111738490499784, 'P_half': 5.4712187293420325, 'pre_dampen_half': 121.93011993958949, 'gpp_af': 21.94636142065287, 'gpp_b': 1.4540386644083135e-05, 'gpp_d': 0.12878367369717508, 'ign_k': 0.371259104528773, 'ign_c': 0.1276571787395169, 'trop_agb_crit': 1.0693376406863295, 'trop_k_veg': 6.778288138489648, 'fire_amp': 4.19233232783727}.
[I 2026-06-10 22:32:54,423] Trial 430 finished with values: [14.604039249989775, 14.604039249989775] and parameters: {'k1': 0.016973078532467004, 'D_low': 1.4002277211577039, 'k2': 0.0012030178871154666, 'D_high': 20103.283734409175, 'fire_exp': 1.14171776851287, 'P_half': 1265.0580856641704, 'pre_dampen_half': 189.36639872354493, 'gpp_af': 0.004409093791567215, 'gpp_b': 1.4540386644083135e-05, 'gpp_d': 46.010874324515754, 'ign_k': 0.8103567967717594, 'ign_c': 0.10435856341129002, 'trop_agb_crit': 1.5033346993841157, 'trop_k_veg': 3.9199250904984653, 'fire_amp': 5.831305332032283}.
[I 2026-06-10 22:32:55,861] Trial 431 finished with values: [10.771262416323244, 10.771262416323244] and parameters: {'k1': 0.0004846497679219079, 'D_low': 12.105387404469584, 'k2': 0.003767022142229395, 'D_high': 570.8731724249576, 'fire_exp': 1.0601964743503993, 'P_half': 70.91190338709636, 'pre_dampen_half': 2.736251365128462, 'gpp_af': 42.29037995744429, 'gpp_b': 0.00012118589392553798, 'gpp_d': 1.3411170141333262, 'ign_k': 0.8945150807271531, 'ign_c': 3.4321391362415827, 'trop_agb_crit': 12.9667438075127, 'trop_k_veg': 6.172643383211297, 'fire_amp': 1.032981306188127}.
[I 2026-06-10 22:32:57,408] Trial 432 finished with values: [10.667999040396165, 10.667999040396165] and parameters: {'k1': 0.0014452451441203328, 'D_low': 1.4002277211577039, 'k2': 3.152468275632564e-05, 'D_high': 1817.0401889219124, 'fire_exp': 1.111738490499784, 'P_half': 61.6097529474144, 'pre_dampen_half': 1.4510220269654117, 'gpp_af': 52.24919465719593, 'gpp_b': 0.006999112505425414, 'gpp_d': 0.47379914349407487, 'ign_k': 0.09256855841989636, 'ign_c': 0.10435856341129002, 'trop_agb_crit': 1.5033346993841157, 'trop_k_veg': 5.453348988480011, 'fire_amp': 1.2393473789150806}.
[I 2026-06-10 22:32:59,077] Trial 433 finished with values: [10.064635666466707, 10.064635666466707] and parameters: {'k1': 0.0001887567630782227, 'D_low': 15.0613200804335, 'k2': 0.00024195799118138832, 'D_high': 27.55546207779663, 'fire_exp': 1.3807440352456883, 'P_half': 4.213183643253957, 'pre_dampen_half': 123.04779330083686, 'gpp_af': 1.3954498518315706, 'gpp_b': 1.4540386644083135e-05, 'gpp_d': 3.57879245350232, 'ign_k': 1.636529060071807, 'ign_c': 1.3431925993528124, 'trop_agb_crit': 1.5033346993841157, 'trop_k_veg': 1.2749676887479542, 'fire_amp': 1.5873607039193782}.
[I 2026-06-10 22:33:00,533] Trial 434 finished with values: [10.694198336590619, 10.694198336590619] and parameters: {'k1': 5.7909642338812115e-05, 'D_low': 2267.735223551285, 'k2': 0.0007731571570012607, 'D_high': 431.45617043093523, 'fire_exp': 1.1633452995374232, 'P_half': 5.4712187293420325, 'pre_dampen_half': 435.2726865811943, 'gpp_af': 94.30595410350193, 'gpp_b': 0.004411400434514031, 'gpp_d': 0.12878367369717508, 'ign_k': 0.17320535908244444, 'ign_c': 0.7619822175388142, 'trop_agb_crit': 1.0693376406863295, 'trop_k_veg': 0.6673124511410327, 'fire_amp': 2.6192385880432525}.
[I 2026-06-10 22:33:01,925] Trial 435 finished with values: [10.783266866205434, 10.783266866205434] and parameters: {'k1': 0.00026539376439360527, 'D_low': 30.489833442275348, 'k2': 1.1417577140741129e-05, 'D_high': 29.126651668813768, 'fire_exp': 1.111738490499784, 'P_half': 8924.795116437426, 'pre_dampen_half': 903.3231300044874, 'gpp_af': 3.298293484806585, 'gpp_b': 0.00013164432569139702, 'gpp_d': 0.030844007727232167, 'ign_k': 0.8945150807271531, 'ign_c': 7.832259769732471, 'trop_agb_crit': 4.902399583903479, 'trop_k_veg': 6.172643383211297, 'fire_amp': 2.042193818779288}.
[I 2026-06-10 22:33:03,246] Trial 436 finished with values: [10.42830226933812, 10.42830226933812] and parameters: {'k1': 0.006079905434073396, 'D_low': 43.2326421037033, 'k2': 0.0007731571570012607, 'D_high': 1266.9536563782303, 'fire_exp': 1.2732983562135975, 'P_half': 157.3644610977214, 'pre_dampen_half': 37.40930273158252, 'gpp_af': 37.28155624293858, 'gpp_b': 0.004411400434514031, 'gpp_d': 7.631016235941559, 'ign_k': 0.17320535908244444, 'ign_c': 7.832259769732471, 'trop_agb_crit': 1.8566494291193822, 'trop_k_veg': 6.825463866194253, 'fire_amp': 1.4475279918261055}.
[I 2026-06-10 22:33:04,821] Trial 437 finished with values: [10.304528558714248, 10.304528558714248] and parameters: {'k1': 0.0002418422795847161, 'D_low': 1074.940539517341, 'k2': 1.1417577140741129e-05, 'D_high': 29.126651668813768, 'fire_exp': 1.111738490499784, 'P_half': 1.4551749476072258, 'pre_dampen_half': 189.36639872354493, 'gpp_af': 1.3954498518315706, 'gpp_b': 0.006999112505425414, 'gpp_d': 0.030844007727232167, 'ign_k': 0.09256855841989636, 'ign_c': 7.832259769732471, 'trop_agb_crit': 4.902399583903479, 'trop_k_veg': 2.1406449943451844, 'fire_amp': 2.042193818779288}.
[I 2026-06-10 22:33:06,377] Trial 438 finished with values: [10.088999083100498, 10.088999083100498] and parameters: {'k1': 0.0032360993995751053, 'D_low': 2396.0796124300746, 'k2': 0.003767022142229395, 'D_high': 44974.07193749848, 'fire_exp': 1.9365919987098117, 'P_half': 101.40635645866499, 'pre_dampen_half': 98.05638874011484, 'gpp_af': 1.3954498518315706, 'gpp_b': 1.4540386644083135e-05, 'gpp_d': 12.151631524283598, 'ign_k': 0.00840038491455979, 'ign_c': 48.704711413416454, 'trop_agb_crit': 1.0693376406863295, 'trop_k_veg': 0.6673124511410327, 'fire_amp': 4.19233232783727}.
[I 2026-06-10 22:33:07,740] Trial 439 finished with values: [10.753870225466988, 10.753870225466988] and parameters: {'k1': 0.0004846497679219079, 'D_low': 15.0613200804335, 'k2': 0.019383858782150494, 'D_high': 27.55546207779663, 'fire_exp': 1.0601964743503993, 'P_half': 1265.0580856641704, 'pre_dampen_half': 123.04779330083686, 'gpp_af': 1.3954498518315706, 'gpp_b': 1.4540386644083135e-05, 'gpp_d': 1.4397852866783676, 'ign_k': 0.17320535908244444, 'ign_c': 0.6235377135673155, 'trop_agb_crit': 1.5033346993841157, 'trop_k_veg': 0.5588127200017643, 'fire_amp': 2.6192385880432525}.
[I 2026-06-10 22:33:09,156] Trial 440 finished with values: [10.520230891726717, 10.520230891726717] and parameters: {'k1': 0.00026539376439360527, 'D_low': 12.105387404469584, 'k2': 1.1417577140741129e-05, 'D_high': 431.45617043093523, 'fire_exp': 1.0601964743503993, 'P_half': 5.4712187293420325, 'pre_dampen_half': 189.36639872354493, 'gpp_af': 21.635028947225102, 'gpp_b': 0.006999112505425414, 'gpp_d': 0.030844007727232167, 'ign_k': 0.00840038491455979, 'ign_c': 7.832259769732471, 'trop_agb_crit': 1.8023542850487386, 'trop_k_veg': 1.6648666152166967, 'fire_amp': 2.042193818779288}.
[I 2026-06-10 22:33:10,762] Trial 441 finished with values: [10.010921593425572, 10.010921593425572] and parameters: {'k1': 0.0020639617012599225, 'D_low': 347.03605955441515, 'k2': 0.0010726091927327822, 'D_high': 18701.140647651915, 'fire_exp': 1.811096651915224, 'P_half': 277.00025557434554, 'pre_dampen_half': 269.0845367054866, 'gpp_af': 1.9654778690222015, 'gpp_b': 0.049565458633074926, 'gpp_d': 47.35384181058586, 'ign_k': 0.371259104528773, 'ign_c': 0.1276571787395169, 'trop_agb_crit': 21.380932890222198, 'trop_k_veg': 5.022956259243681, 'fire_amp': 1.8357623383234334}.
[I 2026-06-10 22:33:12,447] Trial 442 finished with values: [10.82271079118932, 10.82271079118932] and parameters: {'k1': 0.00026539376439360527, 'D_low': 2267.735223551285, 'k2': 0.02065142557895925, 'D_high': 29.126651668813768, 'fire_exp': 1.111738490499784, 'P_half': 118.94665366442581, 'pre_dampen_half': 189.36639872354493, 'gpp_af': 3.298293484806585, 'gpp_b': 0.006999112505425414, 'gpp_d': 0.030844007727232167, 'ign_k': 0.05681482545113266, 'ign_c': 0.6235377135673155, 'trop_agb_crit': 1.0189592979395135, 'trop_k_veg': 1.6648666152166967, 'fire_amp': 2.6192385880432525}.
[I 2026-06-10 22:33:14,150] Trial 443 finished with values: [10.833333262442173, 10.833333262442173] and parameters: {'k1': 0.0869690639641868, 'D_low': 2267.735223551285, 'k2': 0.02065142557895925, 'D_high': 1817.0401889219124, 'fire_exp': 1.0601964743503993, 'P_half': 118.94665366442581, 'pre_dampen_half': 9.044346216330972, 'gpp_af': 0.41874665092828456, 'gpp_b': 0.22467045378719658, 'gpp_d': 0.4742269251269962, 'ign_k': 0.17320535908244444, 'ign_c': 0.6235377135673155, 'trop_agb_crit': 1.0189592979395135, 'trop_k_veg': 4.796046723963646, 'fire_amp': 2.6192385880432525}.
[I 2026-06-10 22:33:15,588] Trial 444 finished with values: [10.833333333148357, 10.833333333148357] and parameters: {'k1': 0.00026539376439360527, 'D_low': 6010.742028864748, 'k2': 1.1417577140741129e-05, 'D_high': 27.55546207779663, 'fire_exp': 1.1633452995374232, 'P_half': 1.4551749476072258, 'pre_dampen_half': 189.36639872354493, 'gpp_af': 0.41874665092828456, 'gpp_b': 0.004411400434514031, 'gpp_d': 0.030844007727232167, 'ign_k': 0.0884455049423825, 'ign_c': 311.668529787849, 'trop_agb_crit': 4.902399583903479, 'trop_k_veg': 2.1406449943451844, 'fire_amp': 2.042193818779288}.
[I 2026-06-10 22:33:17,001] Trial 445 finished with values: [10.022548797697848, 10.022548797697848] and parameters: {'k1': 0.016973078532467004, 'D_low': 4006.89033223865, 'k2': 3.152468275632564e-05, 'D_high': 1817.0401889219124, 'fire_exp': 1.14171776851287, 'P_half': 157.80309954142965, 'pre_dampen_half': 9.044346216330972, 'gpp_af': 0.004409093791567215, 'gpp_b': 1.1008110571039521e-05, 'gpp_d': 594.7389794988394, 'ign_k': 0.8945150807271531, 'ign_c': 0.6235377135673155, 'trop_agb_crit': 8.0091368834625, 'trop_k_veg': 4.796046723963646, 'fire_amp': 5.416595007374148}.
[I 2026-06-10 22:33:18,392] Trial 446 finished with values: [11.066705970639639, 11.066705970639639] and parameters: {'k1': 0.006079905434073396, 'D_low': 43.2326421037033, 'k2': 0.0004862769762212836, 'D_high': 42210.21267871043, 'fire_exp': 1.2918065501148304, 'P_half': 38.93835424674703, 'pre_dampen_half': 37.40930273158252, 'gpp_af': 1.9998014714101113, 'gpp_b': 2.176805640408474e-05, 'gpp_d': 594.7389794988394, 'ign_k': 0.012802983592904445, 'ign_c': 23.422386257929038, 'trop_agb_crit': 1.0693376406863295, 'trop_k_veg': 1.6003641872536711, 'fire_amp': 1.5587346124822492}.
[I 2026-06-10 22:33:19,926] Trial 447 finished with values: [13.58355494345421, 13.58355494345421] and parameters: {'k1': 0.00026539376439360527, 'D_low': 43.03411264066069, 'k2': 0.003767022142229395, 'D_high': 42210.21267871043, 'fire_exp': 1.2918065501148304, 'P_half': 5.4712187293420325, 'pre_dampen_half': 189.36639872354493, 'gpp_af': 0.07118041471054574, 'gpp_b': 2.176805640408474e-05, 'gpp_d': 0.12878367369717508, 'ign_k': 0.17320535908244444, 'ign_c': 23.40999464613212, 'trop_agb_crit': 1.0693376406863295, 'trop_k_veg': 4.0068236274914755, 'fire_amp': 4.19233232783727}.
[I 2026-06-10 22:33:21,489] Trial 448 finished with values: [10.398630892631754, 10.398630892631754] and parameters: {'k1': 0.00026539376439360527, 'D_low': 1.4002277211577039, 'k2': 0.0012030178871154666, 'D_high': 20103.283734409175, 'fire_exp': 1.1633452995374232, 'P_half': 157.80309954142965, 'pre_dampen_half': 9.044346216330972, 'gpp_af': 0.004409093791567215, 'gpp_b': 0.004411400434514031, 'gpp_d': 0.47379914349407487, 'ign_k': 0.9419612235978201, 'ign_c': 0.4177928311636542, 'trop_agb_crit': 1.5033346993841157, 'trop_k_veg': 2.1406449943451844, 'fire_amp': 5.416595007374148}.
[I 2026-06-10 22:33:22,930] Trial 449 finished with values: [10.833278966017886, 10.833278966017886] and parameters: {'k1': 0.00031134168041628584, 'D_low': 12.105387404469584, 'k2': 3.152468275632564e-05, 'D_high': 20103.283734409175, 'fire_exp': 1.9365919987098117, 'P_half': 101.40635645866499, 'pre_dampen_half': 9.044346216330972, 'gpp_af': 0.004409093791567215, 'gpp_b': 0.16285506249643175, 'gpp_d': 0.47379914349407487, 'ign_k': 0.9419612235978201, 'ign_c': 0.7619822175388142, 'trop_agb_crit': 1.5033346993841157, 'trop_k_veg': 0.6488368931910606, 'fire_amp': 4.1162797330133705}.
