[I 2026-08-06 10:38:47,182] Trial 1407 finished with values: [10.941128373895614, 10.941128373895614] and parameters: {'k1': 0.036394202908311676, 'D_low': 398.8451998135321, 'k2': 0.03538758864779238, 'D_high': 11832.967057468773, 'fire_exp': 1.2006227951069504, 'P_half': 174.48677828212053, 'pre_dampen_half': 502.5175192217655, 'gpp_af': 1.9706963379095486, 'gpp_b': 1.190268992068981e-05, 'gpp_d': 2.944272359149677, 'ign_k': 2.9818972317055166, 'ign_c': 0.2779443670528213, 'trop_agb_crit': 1.0911298587990423, 'trop_k_veg': 2.194427136482602}.
[I 2026-08-06 10:38:48,320] Trial 1408 finished with values: [10.403117762861966, 10.403117762861966] and parameters: {'k1': 0.008912611835817005, 'D_low': 4.484744524732794, 'k2': 0.03538758864779238, 'D_high': 39819.19662051714, 'fire_exp': 1.0629462657398439, 'P_half': 220.3445560633069, 'pre_dampen_half': 63.6685916079943, 'gpp_af': 1.9706963379095486, 'gpp_b': 0.0021331409710300844, 'gpp_d': 2.944272359149677, 'ign_k': 0.21006485619596416, 'ign_c': 5.13055176058983, 'trop_agb_crit': 3.4281962070490852, 'trop_k_veg': 4.5046583040732875}.
[I 2026-08-06 10:38:49,458] Trial 1409 finished with values: [10.129603049781673, 10.129603049781673] and parameters: {'k1': 0.008912611835817005, 'D_low': 355.00125258511594, 'k2': 0.0005128126758785009, 'D_high': 39819.19662051714, 'fire_exp': 2.799339316397215, 'P_half': 5.076307782729897, 'pre_dampen_half': 552.4163637315892, 'gpp_af': 1.9706963379095486, 'gpp_b': 0.0021331409710300844, 'gpp_d': 2.944272359149677, 'ign_k': 2.9818972317055166, 'ign_c': 15.221840161091626, 'trop_agb_crit': 9.22148025506912, 'trop_k_veg': 3.1473758868965476}.
[I 2026-08-06 10:38:50,604] Trial 1410 finished with values: [10.654296670550288, 10.654296670550288] and parameters: {'k1': 0.008912611835817005, 'D_low': 355.00125258511594, 'k2': 0.03538758864779238, 'D_high': 11832.967057468773, 'fire_exp': 1.1263716762638152, 'P_half': 5.076307782729897, 'pre_dampen_half': 2.0035092691103578, 'gpp_af': 4.4416173741744, 'gpp_b': 0.006906522645653115, 'gpp_d': 2.944272359149677, 'ign_k': 0.21006485619596416, 'ign_c': 5.13055176058983, 'trop_agb_crit': 18.926280994569215, 'trop_k_veg': 4.5046583040732875}.
[I 2026-08-06 10:38:51,738] Trial 1411 finished with values: [-0.5737085193930571, 0.043979944623838696] and parameters: {'k1': 0.008912611835817005, 'D_low': 4.484744524732794, 'k2': 0.03538758864779238, 'D_high': 11832.967057468773, 'fire_exp': 1.0629462657398439, 'P_half': 5.076307782729897, 'pre_dampen_half': 552.4163637315892, 'gpp_af': 4.4416173741744, 'gpp_b': 0.006906522645653115, 'gpp_d': 2.944272359149677, 'ign_k': 8.103949702339497, 'ign_c': 15.221840161091626, 'trop_agb_crit': 19.3289574092866, 'trop_k_veg': 3.1473758868965476}.
[I 2026-08-06 10:38:53,420] Trial 1412 finished with values: [-0.5871048553693644, 0.08591491676350083] and parameters: {'k1': 0.008912611835817005, 'D_low': 355.00125258511594, 'k2': 0.0015367134086838297, 'D_high': 15351.441568398131, 'fire_exp': 1.1174086754605184, 'P_half': 5.076307782729897, 'pre_dampen_half': 502.5175192217655, 'gpp_af': 4.4416173741744, 'gpp_b': 0.0021331409710300844, 'gpp_d': 2.944272359149677, 'ign_k': 0.21006485619596416, 'ign_c': 15.221840161091626, 'trop_agb_crit': 1.0903028125370984, 'trop_k_veg': 3.1473758868965476}.
[I 2026-08-06 10:38:54,544] Trial 1413 finished with values: [10.733106546873756, 10.733106546873756] and parameters: {'k1': 0.008912611835817005, 'D_low': 520.4862686958022, 'k2': 0.014344484793173472, 'D_high': 332.3549840279377, 'fire_exp': 1.3170256885255098, 'P_half': 5.076307782729897, 'pre_dampen_half': 502.5175192217655, 'gpp_af': 1.9706963379095486, 'gpp_b': 0.0325181766809307, 'gpp_d': 4.25060659305504, 'ign_k': 0.21006485619596416, 'ign_c': 2.8335389417624683, 'trop_agb_crit': 1.0903028125370984, 'trop_k_veg': 7.501615476008383}.
[I 2026-08-06 10:38:55,683] Trial 1414 finished with values: [-0.5780109232067987, 0.06091397375485419] and parameters: {'k1': 0.03974965675011386, 'D_low': 355.00125258511594, 'k2': 0.03538758864779238, 'D_high': 11832.967057468773, 'fire_exp': 1.051534186853412, 'P_half': 5.076307782729897, 'pre_dampen_half': 63.6685916079943, 'gpp_af': 4.4416173741744, 'gpp_b': 0.0021331409710300844, 'gpp_d': 2.944272359149677, 'ign_k': 0.21006485619596416, 'ign_c': 15.221840161091626, 'trop_agb_crit': 24.584290528289387, 'trop_k_veg': 3.1473758868965476}.
[I 2026-08-06 10:38:56,852] Trial 1415 finished with values: [10.769218995153103, 10.769218995153103] and parameters: {'k1': 0.008912611835817005, 'D_low': 355.00125258511594, 'k2': 0.03538758864779238, 'D_high': 27.725690651664003, 'fire_exp': 2.64574770642003, 'P_half': 220.3445560633069, 'pre_dampen_half': 502.5175192217655, 'gpp_af': 1.9706963379095486, 'gpp_b': 0.006906522645653115, 'gpp_d': 2.944272359149677, 'ign_k': 8.103949702339497, 'ign_c': 5.13055176058983, 'trop_agb_crit': 1.0903028125370984, 'trop_k_veg': 0.5617883844489425}.
[I 2026-08-06 10:38:57,993] Trial 1416 finished with values: [-0.5598306685069694, 0.052113081420161356] and parameters: {'k1': 0.008912611835817005, 'D_low': 398.8451998135321, 'k2': 0.014344484793173472, 'D_high': 15351.441568398131, 'fire_exp': 1.221575427404682, 'P_half': 220.3445560633069, 'pre_dampen_half': 502.5175192217655, 'gpp_af': 0.6403036652671171, 'gpp_b': 0.0021331409710300844, 'gpp_d': 4.25060659305504, 'ign_k': 0.0680787482656459, 'ign_c': 15.221840161091626, 'trop_agb_crit': 1.0903028125370984, 'trop_k_veg': 0.983473833513531}.
[I 2026-08-06 10:38:59,098] Trial 1417 finished with values: [10.680881600931949, 10.680881600931949] and parameters: {'k1': 0.008912611835817005, 'D_low': 4.484744524732794, 'k2': 0.03538758864779238, 'D_high': 11832.967057468773, 'fire_exp': 1.0629462657398439, 'P_half': 911.2058159878587, 'pre_dampen_half': 552.4163637315892, 'gpp_af': 4.4416173741744, 'gpp_b': 3.224477220562425, 'gpp_d': 2.944272359149677, 'ign_k': 8.103949702339497, 'ign_c': 15.221840161091626, 'trop_agb_crit': 3.4281962070490852, 'trop_k_veg': 3.1473758868965476}.
[I 2026-08-06 10:39:00,220] Trial 1418 finished with values: [10.666854541404545, 10.666854541404545] and parameters: {'k1': 0.008912611835817005, 'D_low': 13.187100566999924, 'k2': 0.03538758864779238, 'D_high': 11832.967057468773, 'fire_exp': 1.1263716762638152, 'P_half': 140.74279366401683, 'pre_dampen_half': 502.5175192217655, 'gpp_af': 4.4416173741744, 'gpp_b': 0.0021331409710300844, 'gpp_d': 195.7529808267341, 'ign_k': 0.21006485619596416, 'ign_c': 15.221840161091626, 'trop_agb_crit': 1.0903028125370984, 'trop_k_veg': 3.1473758868965476}.
[I 2026-08-06 10:39:01,329] Trial 1419 finished with values: [10.359106868044902, 10.359106868044902] and parameters: {'k1': 0.008912611835817005, 'D_low': 355.00125258511594, 'k2': 0.03538758864779238, 'D_high': 7540.749074574753, 'fire_exp': 1.1174086754605184, 'P_half': 5.076307782729897, 'pre_dampen_half': 63.6685916079943, 'gpp_af': 0.6403036652671171, 'gpp_b': 0.006906522645653115, 'gpp_d': 0.28912866591306324, 'ign_k': 3.589155871450839, 'ign_c': 15.221840161091626, 'trop_agb_crit': 6.383676143682316, 'trop_k_veg': 3.1473758868965476}.
[I 2026-08-06 10:39:02,442] Trial 1420 finished with values: [10.011804933043617, 10.011804933043617] and parameters: {'k1': 0.008912611835817005, 'D_low': 4.484744524732794, 'k2': 0.03538758864779238, 'D_high': 11832.967057468773, 'fire_exp': 1.1174086754605184, 'P_half': 16.43560158374934, 'pre_dampen_half': 357.97344251756783, 'gpp_af': 1.9706963379095486, 'gpp_b': 0.006906522645653115, 'gpp_d': 2.944272359149677, 'ign_k': 2.9818972317055166, 'ign_c': 15.221840161091626, 'trop_agb_crit': 19.3289574092866, 'trop_k_veg': 4.044181131551657}.
[I 2026-08-06 10:39:03,572] Trial 1421 finished with values: [-0.5842127668259076, 0.07005341013448074] and parameters: {'k1': 0.008912611835817005, 'D_low': 355.00125258511594, 'k2': 0.03538758864779238, 'D_high': 11832.967057468773, 'fire_exp': 1.0629462657398439, 'P_half': 220.3445560633069, 'pre_dampen_half': 552.4163637315892, 'gpp_af': 1.9706963379095486, 'gpp_b': 0.006906522645653115, 'gpp_d': 2.944272359149677, 'ign_k': 0.0680787482656459, 'ign_c': 15.221840161091626, 'trop_agb_crit': 1.0903028125370984, 'trop_k_veg': 3.1473758868965476}.
[I 2026-08-06 10:39:04,685] Trial 1422 finished with values: [10.744669330884529, 10.744669330884529] and parameters: {'k1': 0.008912611835817005, 'D_low': 355.00125258511594, 'k2': 5.52207197313581e-05, 'D_high': 39819.19662051714, 'fire_exp': 1.0629462657398439, 'P_half': 63.82008477114845, 'pre_dampen_half': 552.4163637315892, 'gpp_af': 10.581174684448555, 'gpp_b': 0.0325181766809307, 'gpp_d': 0.012303616277932099, 'ign_k': 3.589155871450839, 'ign_c': 15.221840161091626, 'trop_agb_crit': 24.584290528289387, 'trop_k_veg': 3.1473758868965476}.
[I 2026-08-06 10:39:05,794] Trial 1423 finished with values: [-0.56165722013201, 0.03318651165404585] and parameters: {'k1': 0.008912611835817005, 'D_low': 355.00125258511594, 'k2': 0.0008941619307827924, 'D_high': 11832.967057468773, 'fire_exp': 1.0629462657398439, 'P_half': 140.74279366401683, 'pre_dampen_half': 502.5175192217655, 'gpp_af': 0.6403036652671171, 'gpp_b': 0.0021331409710300844, 'gpp_d': 2.944272359149677, 'ign_k': 7.099723384321332, 'ign_c': 15.221840161091626, 'trop_agb_crit': 1.0455434848969813, 'trop_k_veg': 3.1473758868965476}.
[I 2026-08-06 10:39:06,918] Trial 1424 finished with values: [10.73118996088635, 10.73118996088635] and parameters: {'k1': 0.008912611835817005, 'D_low': 355.00125258511594, 'k2': 0.03538758864779238, 'D_high': 39819.19662051714, 'fire_exp': 5.3293101063978146, 'P_half': 5.076307782729897, 'pre_dampen_half': 552.4163637315892, 'gpp_af': 4.4416173741744, 'gpp_b': 0.0325181766809307, 'gpp_d': 2.944272359149677, 'ign_k': 0.21006485619596416, 'ign_c': 15.221840161091626, 'trop_agb_crit': 2.8193845816776326, 'trop_k_veg': 3.1473758868965476}.
[I 2026-08-06 10:39:08,014] Trial 1425 finished with values: [10.326419361334533, 10.326419361334533] and parameters: {'k1': 0.008912611835817005, 'D_low': 355.00125258511594, 'k2': 0.03538758864779238, 'D_high': 11832.967057468773, 'fire_exp': 1.0629462657398439, 'P_half': 140.74279366401683, 'pre_dampen_half': 502.5175192217655, 'gpp_af': 4.4416173741744, 'gpp_b': 0.0021331409710300844, 'gpp_d': 16.460426816350523, 'ign_k': 2.9818972317055166, 'ign_c': 11.400863701127316, 'trop_agb_crit': 24.584290528289387, 'trop_k_veg': 3.1473758868965476}.
[I 2026-08-06 10:39:09,144] Trial 1426 finished with values: [-0.5955132731631003, 0.09926117486827957] and parameters: {'k1': 0.008912611835817005, 'D_low': 355.00125258511594, 'k2': 0.008433074972740243, 'D_high': 11832.967057468773, 'fire_exp': 1.1263716762638152, 'P_half': 220.3445560633069, 'pre_dampen_half': 502.5175192217655, 'gpp_af': 8.915632969317377, 'gpp_b': 0.006906522645653115, 'gpp_d': 2.944272359149677, 'ign_k': 0.21006485619596416, 'ign_c': 5.13055176058983, 'trop_agb_crit': 1.0903028125370984, 'trop_k_veg': 3.1473758868965476}.
[I 2026-08-06 10:39:10,248] Trial 1427 finished with values: [-0.5783623740243502, 0.07936566989880789] and parameters: {'k1': 0.008912611835817005, 'D_low': 520.4862686958022, 'k2': 0.0008941619307827924, 'D_high': 11832.967057468773, 'fire_exp': 1.0629462657398439, 'P_half': 5.076307782729897, 'pre_dampen_half': 63.6685916079943, 'gpp_af': 1.9706963379095486, 'gpp_b': 0.006906522645653115, 'gpp_d': 2.944272359149677, 'ign_k': 0.21006485619596416, 'ign_c': 5.13055176058983, 'trop_agb_crit': 24.584290528289387, 'trop_k_veg': 0.983473833513531}.
[I 2026-08-06 10:39:11,340] Trial 1428 finished with values: [10.245450762090739, 10.245450762090739] and parameters: {'k1': 0.008912611835817005, 'D_low': 9.019549482887358, 'k2': 0.03538758864779238, 'D_high': 39819.19662051714, 'fire_exp': 1.0629462657398439, 'P_half': 220.3445560633069, 'pre_dampen_half': 63.6685916079943, 'gpp_af': 1.9706963379095486, 'gpp_b': 0.006906522645653115, 'gpp_d': 2.944272359149677, 'ign_k': 3.589155871450839, 'ign_c': 5.13055176058983, 'trop_agb_crit': 1.0903028125370984, 'trop_k_veg': 4.167664671344212}.
[I 2026-08-06 10:39:12,449] Trial 1429 finished with values: [10.156992373047881, 10.156992373047881] and parameters: {'k1': 0.008912611835817005, 'D_low': 355.00125258511594, 'k2': 0.03538758864779238, 'D_high': 11832.967057468773, 'fire_exp': 1.1174086754605184, 'P_half': 140.74279366401683, 'pre_dampen_half': 63.6685916079943, 'gpp_af': 0.6403036652671171, 'gpp_b': 0.0021331409710300844, 'gpp_d': 2.944272359149677, 'ign_k': 2.9818972317055166, 'ign_c': 15.221840161091626, 'trop_agb_crit': 1.0455434848969813, 'trop_k_veg': 3.1473758868965476}.
[I 2026-08-06 10:39:14,065] Trial 1430 finished with values: [10.024100190672941, 10.024100190672941] and parameters: {'k1': 0.008912611835817005, 'D_low': 4.484744524732794, 'k2': 0.03538758864779238, 'D_high': 39819.19662051714, 'fire_exp': 1.1174086754605184, 'P_half': 5.076307782729897, 'pre_dampen_half': 63.6685916079943, 'gpp_af': 1.9706963379095486, 'gpp_b': 0.0325181766809307, 'gpp_d': 2.944272359149677, 'ign_k': 2.0776800009878666, 'ign_c': 15.221840161091626, 'trop_agb_crit': 24.584290528289387, 'trop_k_veg': 4.375785248100498}.
[I 2026-08-06 10:39:15,158] Trial 1431 finished with values: [-0.584672743345121, 0.05439344250777012] and parameters: {'k1': 0.008912611835817005, 'D_low': 520.4862686958022, 'k2': 0.03538758864779238, 'D_high': 11832.967057468773, 'fire_exp': 1.3170256885255098, 'P_half': 5.076307782729897, 'pre_dampen_half': 63.6685916079943, 'gpp_af': 1.9706963379095486, 'gpp_b': 0.006906522645653115, 'gpp_d': 2.944272359149677, 'ign_k': 0.21006485619596416, 'ign_c': 5.13055176058983, 'trop_agb_crit': 2.60519925814633, 'trop_k_veg': 0.983473833513531}.
[I 2026-08-06 10:39:16,281] Trial 1432 finished with values: [10.769016257675082, 10.769016257675082] and parameters: {'k1': 0.008912611835817005, 'D_low': 355.00125258511594, 'k2': 0.03538758864779238, 'D_high': 11832.967057468773, 'fire_exp': 7.460257871461548, 'P_half': 220.3445560633069, 'pre_dampen_half': 502.5175192217655, 'gpp_af': 4.4416173741744, 'gpp_b': 0.006906522645653115, 'gpp_d': 2.944272359149677, 'ign_k': 0.002820470499715578, 'ign_c': 15.221840161091626, 'trop_agb_crit': 1.0903028125370984, 'trop_k_veg': 3.1473758868965476}.
[I 2026-08-06 10:39:17,404] Trial 1433 finished with values: [10.182458472628678, 10.182458472628678] and parameters: {'k1': 0.008912611835817005, 'D_low': 355.00125258511594, 'k2': 0.0003432139136241583, 'D_high': 11832.967057468773, 'fire_exp': 1.3170256885255098, 'P_half': 5.076307782729897, 'pre_dampen_half': 32.9936138572788, 'gpp_af': 4.4416173741744, 'gpp_b': 0.0325181766809307, 'gpp_d': 2.944272359149677, 'ign_k': 0.21006485619596416, 'ign_c': 4.2425976091860935, 'trop_agb_crit': 1.0903028125370984, 'trop_k_veg': 3.1473758868965476}.
[I 2026-08-06 10:39:18,508] Trial 1434 finished with values: [-0.5667010176532165, 0.03678500382720162] and parameters: {'k1': 0.008912611835817005, 'D_low': 4.484744524732794, 'k2': 0.0003432139136241583, 'D_high': 11832.967057468773, 'fire_exp': 1.1174086754605184, 'P_half': 220.3445560633069, 'pre_dampen_half': 502.5175192217655, 'gpp_af': 1.9706963379095486, 'gpp_b': 0.006906522645653115, 'gpp_d': 2.944272359149677, 'ign_k': 2.9818972317055166, 'ign_c': 15.221840161091626, 'trop_agb_crit': 19.3289574092866, 'trop_k_veg': 4.375785248100498}.
[I 2026-08-06 10:39:19,649] Trial 1435 finished with values: [10.765807032469766, 10.765807032469766] and parameters: {'k1': 0.008912611835817005, 'D_low': 118.47646505012496, 'k2': 3.987273288095245e-05, 'D_high': 1454.7685597692937, 'fire_exp': 1.0629462657398439, 'P_half': 2.43297631322293, 'pre_dampen_half': 0.1619828893202927, 'gpp_af': 0.6403036652671171, 'gpp_b': 0.0021331409710300844, 'gpp_d': 2.944272359149677, 'ign_k': 2.9818972317055166, 'ign_c': 15.221840161091626, 'trop_agb_crit': 1.0903028125370984, 'trop_k_veg': 2.194427136482602}.
[I 2026-08-06 10:39:20,744] Trial 1436 finished with values: [-0.5645224978227932, 0.02907345908260439] and parameters: {'k1': 0.03974965675011386, 'D_low': 355.00125258511594, 'k2': 0.03538758864779238, 'D_high': 3712.591045287726, 'fire_exp': 1.051534186853412, 'P_half': 5.076307782729897, 'pre_dampen_half': 552.4163637315892, 'gpp_af': 4.4416173741744, 'gpp_b': 0.006906522645653115, 'gpp_d': 2.944272359149677, 'ign_k': 3.589155871450839, 'ign_c': 15.221840161091626, 'trop_agb_crit': 24.584290528289387, 'trop_k_veg': 3.1473758868965476}.
[I 2026-08-06 10:39:21,882] Trial 1437 finished with values: [10.027329179943486, 10.027329179943486] and parameters: {'k1': 0.008912611835817005, 'D_low': 355.00125258511594, 'k2': 5.52207197313581e-05, 'D_high': 15351.441568398131, 'fire_exp': 1.1174086754605184, 'P_half': 220.3445560633069, 'pre_dampen_half': 502.5175192217655, 'gpp_af': 0.7539992074650279, 'gpp_b': 0.0021331409710300844, 'gpp_d': 2.944272359149677, 'ign_k': 0.0680787482656459, 'ign_c': 15.221840161091626, 'trop_agb_crit': 3.4281962070490852, 'trop_k_veg': 2.194427136482602}.
[I 2026-08-06 10:39:22,989] Trial 1438 finished with values: [-0.5359223875120828, 0.04763246783433195] and parameters: {'k1': 1.1210271868333097e-05, 'D_low': 355.00125258511594, 'k2': 0.03538758864779238, 'D_high': 11832.967057468773, 'fire_exp': 1.0629462657398439, 'P_half': 5.076307782729897, 'pre_dampen_half': 552.4163637315892, 'gpp_af': 0.6403036652671171, 'gpp_b': 0.0325181766809307, 'gpp_d': 2.944272359149677, 'ign_k': 2.9818972317055166, 'ign_c': 15.221840161091626, 'trop_agb_crit': 1.0903028125370984, 'trop_k_veg': 1.8340994421757753}.
[I 2026-08-06 10:39:24,112] Trial 1439 finished with values: [10.766778018472325, 10.766778018472325] and parameters: {'k1': 0.008912611835817005, 'D_low': 398.8451998135321, 'k2': 0.014344484793173472, 'D_high': 15351.441568398131, 'fire_exp': 1.3170256885255098, 'P_half': 220.3445560633069, 'pre_dampen_half': 0.3208679235384674, 'gpp_af': 0.6403036652671171, 'gpp_b': 0.03891749746400622, 'gpp_d': 4.25060659305504, 'ign_k': 0.21006485619596416, 'ign_c': 2.8335389417624683, 'trop_agb_crit': 1.0903028125370984, 'trop_k_veg': 4.375785248100498}.
[I 2026-08-06 10:39:25,265] Trial 1440 finished with values: [10.25807924541281, 10.25807924541281] and parameters: {'k1': 0.03974965675011386, 'D_low': 355.00125258511594, 'k2': 0.03538758864779238, 'D_high': 3712.591045287726, 'fire_exp': 1.9826123526028652, 'P_half': 140.74279366401683, 'pre_dampen_half': 552.4163637315892, 'gpp_af': 0.6403036652671171, 'gpp_b': 0.0021331409710300844, 'gpp_d': 2.944272359149677, 'ign_k': 2.9818972317055166, 'ign_c': 15.221840161091626, 'trop_agb_crit': 1.0911298587990423, 'trop_k_veg': 3.1473758868965476}.
[I 2026-08-06 10:39:26,388] Trial 1441 finished with values: [10.666635234407895, 10.666635234407895] and parameters: {'k1': 0.03974965675011386, 'D_low': 4.484744524732794, 'k2': 0.03538758864779238, 'D_high': 158.37128700385196, 'fire_exp': 1.0629462657398439, 'P_half': 220.3445560633069, 'pre_dampen_half': 502.5175192217655, 'gpp_af': 4.4416173741744, 'gpp_b': 0.0021331409710300844, 'gpp_d': 2.944272359149677, 'ign_k': 8.103949702339497, 'ign_c': 15.221840161091626, 'trop_agb_crit': 1.0903028125370984, 'trop_k_veg': 3.1473758868965476}.
[I 2026-08-06 10:39:27,479] Trial 1442 finished with values: [-0.5846009105867617, 0.09014320976907109] and parameters: {'k1': 0.008912611835817005, 'D_low': 355.00125258511594, 'k2': 0.0005128126758785009, 'D_high': 11832.967057468773, 'fire_exp': 1.1174086754605184, 'P_half': 5.076307782729897, 'pre_dampen_half': 63.6685916079943, 'gpp_af': 5.19955281143096, 'gpp_b': 0.0325181766809307, 'gpp_d': 2.944272359149677, 'ign_k': 2.9818972317055166, 'ign_c': 0.15580139572252563, 'trop_agb_crit': 1.0903028125370984, 'trop_k_veg': 3.1473758868965476}.
[I 2026-08-06 10:39:28,584] Trial 1443 finished with values: [-0.5758614117525114, 0.1298595439304142] and parameters: {'k1': 0.008912611835817005, 'D_low': 355.00125258511594, 'k2': 0.04088650427963048, 'D_high': 3712.591045287726, 'fire_exp': 1.1263716762638152, 'P_half': 5.076307782729897, 'pre_dampen_half': 552.4163637315892, 'gpp_af': 24.725776073156705, 'gpp_b': 0.0325181766809307, 'gpp_d': 2.944272359149677, 'ign_k': 2.9818972317055166, 'ign_c': 4.2425976091860935, 'trop_agb_crit': 18.150854837099246, 'trop_k_veg': 4.167664671344212}.
[I 2026-08-06 10:39:29,714] Trial 1444 finished with values: [-0.5859011191240776, 0.09637866533189277] and parameters: {'k1': 0.008912611835817005, 'D_low': 355.00125258511594, 'k2': 0.03538758864779238, 'D_high': 11832.967057468773, 'fire_exp': 1.051534186853412, 'P_half': 5.076307782729897, 'pre_dampen_half': 552.4163637315892, 'gpp_af': 4.4416173741744, 'gpp_b': 0.0021331409710300844, 'gpp_d': 2.944272359149677, 'ign_k': 0.21006485619596416, 'ign_c': 15.221840161091626, 'trop_agb_crit': 19.3289574092866, 'trop_k_veg': 3.1473758868965476}.
[I 2026-08-06 10:39:30,820] Trial 1445 finished with values: [10.326963315990815, 10.326963315990815] and parameters: {'k1': 0.008912611835817005, 'D_low': 355.00125258511594, 'k2': 0.03538758864779238, 'D_high': 37954.79274251299, 'fire_exp': 1.1263716762638152, 'P_half': 220.3445560633069, 'pre_dampen_half': 63.6685916079943, 'gpp_af': 1.9706963379095486, 'gpp_b': 0.006906522645653115, 'gpp_d': 2.944272359149677, 'ign_k': 0.21006485619596416, 'ign_c': 15.221840161091626, 'trop_agb_crit': 1.0903028125370984, 'trop_k_veg': 4.5046583040732875}.
[I 2026-08-06 10:39:31,944] Trial 1446 finished with values: [-0.5729243525956441, 0.06827735410253088] and parameters: {'k1': 0.03974965675011386, 'D_low': 355.00125258511594, 'k2': 0.03538758864779238, 'D_high': 11832.967057468773, 'fire_exp': 1.051534186853412, 'P_half': 5.076307782729897, 'pre_dampen_half': 63.6685916079943, 'gpp_af': 4.4416173741744, 'gpp_b': 0.0021331409710300844, 'gpp_d': 21.828476026538596, 'ign_k': 0.21006485619596416, 'ign_c': 15.221840161091626, 'trop_agb_crit': 1.0903028125370984, 'trop_k_veg': 2.589881843781324}.
