[I 2026-07-22 21:44:18,837] Trial 454 finished with values: [-0.5899670510020885, 0.5319091299161454] and parameters: {'k1': 0.00013783578294796384, 'D_low': 247.75146043208053, 'k2': 1.127217425995114e-05, 'D_high': 10377.055497115112, 'fire_exp': 1.0482996836046896, 'P_half': 13.019246714361572, 'pre_dampen_half': 502.5175192217655, 'gpp_af': 0.008983355849178878, 'gpp_b': 0.00012118589392553819, 'gpp_d': 857.4284557962626, 'ign_k': 8.761971101023699, 'ign_c': 6.3906950920732175, 'trop_agb_crit': 9.836162684900028, 'trop_k_veg': 1.4584243470991722, 'fuel_k': 4.680936683972859, 'fuel_half': 15.298506868937444}.
[I 2026-07-22 21:44:19,271] Trial 455 finished with values: [10.377060179390654, 10.377060179390654] and parameters: {'k1': 3.619136963999883e-05, 'D_low': 163.4864778201543, 'k2': 0.015109086063191909, 'D_high': 145242.37928628005, 'fire_exp': 1.0341837609578937, 'P_half': 220.3445560633069, 'pre_dampen_half': 36.876350096202984, 'gpp_af': 0.0025511964576171086, 'gpp_b': 0.00011277885258222645, 'gpp_d': 16.460426816350534, 'ign_k': 0.0026834162496848666, 'ign_c': 6.1609752947414345, 'trop_agb_crit': 1.1073237802669997, 'trop_k_veg': 0.5695379443977426, 'fuel_k': 2.5629765645018403, 'fuel_half': 16.371966573507315}.
[I 2026-07-22 21:44:19,709] Trial 456 finished with values: [-0.5091189243264278, 0.48330379754968444] and parameters: {'k1': 0.002971796631657383, 'D_low': 13.25142220631392, 'k2': 1.6559474674046002e-05, 'D_high': 580966.5602369158, 'fire_exp': 1.0482996836046896, 'P_half': 48.464976792190825, 'pre_dampen_half': 36.876350096202984, 'gpp_af': 0.015769192447197523, 'gpp_b': 0.0007040113316769033, 'gpp_d': 4.576857873108685, 'ign_k': 0.0026834162496848666, 'ign_c': 6.1609752947414345, 'trop_agb_crit': 24.584290528289387, 'trop_k_veg': 0.9793402026070162, 'fuel_k': 1.8731335591844647, 'fuel_half': 57.882001937752385}.
[I 2026-07-22 21:44:20,146] Trial 457 finished with values: [-0.4351199949711044, 0.5229531421709064] and parameters: {'k1': 0.006587536748686894, 'D_low': 102.19595065529477, 'k2': 0.015109086063191909, 'D_high': 71534.52030884045, 'fire_exp': 1.2031660379497937, 'P_half': 220.3445560633069, 'pre_dampen_half': 33.71909132517388, 'gpp_af': 1.1300566419249867, 'gpp_b': 0.00011277885258222645, 'gpp_d': 16.460426816350534, 'ign_k': 0.06807874826564587, 'ign_c': 15.221840161091619, 'trop_agb_crit': 9.879645484210656, 'trop_k_veg': 7.359706248396126, 'fuel_k': 4.680936683972859, 'fuel_half': 52.005817291141206}.
[I 2026-07-22 21:44:20,623] Trial 458 finished with values: [10.107632455633395, 10.107632455633395] and parameters: {'k1': 0.002971796631657383, 'D_low': 9.497440085397416, 'k2': 1.915468390724633e-05, 'D_high': 71534.52030884045, 'fire_exp': 1.024589524149873, 'P_half': 2.374667798987403, 'pre_dampen_half': 36.876350096202984, 'gpp_af': 0.015769192447197523, 'gpp_b': 0.0021331409710300844, 'gpp_d': 16.460426816350534, 'ign_k': 0.018707420137660268, 'ign_c': 15.221840161091619, 'trop_agb_crit': 24.584290528289387, 'trop_k_veg': 1.4584243470991722, 'fuel_k': 4.680936683972859, 'fuel_half': 52.005817291141206}.
[I 2026-07-22 21:44:21,129] Trial 459 finished with values: [10.245469965497312, 10.245469965497312] and parameters: {'k1': 0.002971796631657383, 'D_low': 9.497440085397416, 'k2': 0.015109086063191909, 'D_high': 71534.52030884045, 'fire_exp': 1.0482996836046896, 'P_half': 490.2396944106614, 'pre_dampen_half': 36.876350096202984, 'gpp_af': 0.015769192447197523, 'gpp_b': 0.00011277885258222645, 'gpp_d': 700.6693992445935, 'ign_k': 0.04732407125181112, 'ign_c': 4.1108484350212295, 'trop_agb_crit': 1.1195539271968775, 'trop_k_veg': 0.5695379443977426, 'fuel_k': 1.8731335591844647, 'fuel_half': 57.882001937752385}.
[I 2026-07-22 21:44:21,578] Trial 460 finished with values: [10.170491081821948, 10.170491081821948] and parameters: {'k1': 0.0029707920514735983, 'D_low': 1.6646452049870526, 'k2': 1.915468390724633e-05, 'D_high': 580966.5602369158, 'fire_exp': 1.3219590610242518, 'P_half': 48.464976792190825, 'pre_dampen_half': 347.79988160923324, 'gpp_af': 0.09791370130598968, 'gpp_b': 0.00012118589392553819, 'gpp_d': 4.576857873108685, 'ign_k': 0.0026834162496848666, 'ign_c': 4.1108484350212295, 'trop_agb_crit': 19.28597237496244, 'trop_k_veg': 6.911478238001162, 'fuel_k': 0.6137000782082781, 'fuel_half': 0.13249100882689224}.
[I 2026-07-22 21:44:22,024] Trial 461 finished with values: [-0.3721362131815824, 0.7810992802237753] and parameters: {'k1': 0.002971796631657383, 'D_low': 163.4864778201543, 'k2': 2.1698375693549493e-05, 'D_high': 145242.37928628005, 'fire_exp': 1.0341837609578937, 'P_half': 10.226988730324324, 'pre_dampen_half': 33.71909132517388, 'gpp_af': 0.16548212780921995, 'gpp_b': 0.00011277885258222645, 'gpp_d': 302.3127748796295, 'ign_k': 0.0026834162496848666, 'ign_c': 6.1609752947414345, 'trop_agb_crit': 6.1198430581046965, 'trop_k_veg': 0.9793402026070162, 'fuel_k': 1.8731335591844647, 'fuel_half': 38.21129441691226}.
[I 2026-07-22 21:44:22,483] Trial 462 finished with values: [-0.5934907464098207, 0.45733394040126063] and parameters: {'k1': 0.003242143344038315, 'D_low': 13.25142220631392, 'k2': 1.6559474674046002e-05, 'D_high': 1488557.802851245, 'fire_exp': 1.0482996836046896, 'P_half': 10.226988730324324, 'pre_dampen_half': 219.13475969641993, 'gpp_af': 29.925002022877816, 'gpp_b': 2.8457393813758034, 'gpp_d': 373.3014953695604, 'ign_k': 0.018707420137660268, 'ign_c': 6.1609752947414345, 'trop_agb_crit': 6.1198430581046965, 'trop_k_veg': 0.9369104721775232, 'fuel_k': 0.031056242489259013, 'fuel_half': 16.371966573507315}.
[I 2026-07-22 21:44:22,979] Trial 463 finished with values: [10.010881288753518, 10.010881288753518] and parameters: {'k1': 0.002968335334246999, 'D_low': 975.3810162817546, 'k2': 1.915468390724633e-05, 'D_high': 145242.37928628005, 'fire_exp': 2.3987174696212126, 'P_half': 1.4378290221680121, 'pre_dampen_half': 502.5175192217655, 'gpp_af': 1.1300566419249867, 'gpp_b': 7.402343469704414e-05, 'gpp_d': 6.91394869865762, 'ign_k': 8.761971101023699, 'ign_c': 4.1108484350212295, 'trop_agb_crit': 9.836162684900028, 'trop_k_veg': 1.6340262437673856, 'fuel_k': 0.8398846716543956, 'fuel_half': 15.298506868937444}.
[I 2026-07-22 21:44:23,412] Trial 464 finished with values: [10.467636228655621, 10.467636228655621] and parameters: {'k1': 0.0029707920514735983, 'D_low': 13.25142220631392, 'k2': 1.6559474674046002e-05, 'D_high': 1488557.802851245, 'fire_exp': 1.0341837609578937, 'P_half': 2251.4440483870167, 'pre_dampen_half': 26.373339933815235, 'gpp_af': 0.09791370130598968, 'gpp_b': 0.0005995821881487623, 'gpp_d': 4.576857873108685, 'ign_k': 0.0026834162496848666, 'ign_c': 6.1609752947414345, 'trop_agb_crit': 10.719494362768906, 'trop_k_veg': 6.911478238001162, 'fuel_k': 0.08612665817296865, 'fuel_half': 1.3547291924247347}.
[I 2026-07-22 21:44:23,884] Trial 465 finished with values: [-0.381269426101389, 0.9706017763402549] and parameters: {'k1': 0.003242143344038315, 'D_low': 163.4864778201543, 'k2': 0.002342238625792905, 'D_high': 887331.2884015184, 'fire_exp': 1.024589524149873, 'P_half': 10.226988730324324, 'pre_dampen_half': 33.97904243111269, 'gpp_af': 29.925002022877816, 'gpp_b': 3.228689523591491e-05, 'gpp_d': 9.00460602264307, 'ign_k': 0.03141110271934876, 'ign_c': 15.221840161091619, 'trop_agb_crit': 24.84904720498571, 'trop_k_veg': 0.9369104721775232, 'fuel_k': 4.680936683972859, 'fuel_half': 42.6871254378718}.
[I 2026-07-22 21:44:24,346] Trial 466 finished with values: [10.2281210638945, 10.2281210638945] and parameters: {'k1': 1.8595266457134027e-05, 'D_low': 12574.42600931779, 'k2': 7.67074891445376e-05, 'D_high': 580966.5602369158, 'fire_exp': 1.0341837609578937, 'P_half': 10.226988730324324, 'pre_dampen_half': 10.059683154936915, 'gpp_af': 0.306107393978212, 'gpp_b': 1.7565109007473816e-05, 'gpp_d': 373.3014953695604, 'ign_k': 1.07907786430243, 'ign_c': 6.1609752947414345, 'trop_agb_crit': 2.539877620672643, 'trop_k_veg': 0.9369104721775232, 'fuel_k': 0.5205627439018524, 'fuel_half': 16.371966573507315}.
[I 2026-07-22 21:44:24,797] Trial 467 finished with values: [10.030968153948308, 10.030968153948308] and parameters: {'k1': 0.0029707920514735983, 'D_low': 1.6646452049870526, 'k2': 2.1698375693549493e-05, 'D_high': 580966.5602369158, 'fire_exp': 1.3219590610242518, 'P_half': 10.226988730324324, 'pre_dampen_half': 36.876350096202984, 'gpp_af': 0.0025511964576171086, 'gpp_b': 3.228689523591491e-05, 'gpp_d': 857.4284557962626, 'ign_k': 0.018707420137660268, 'ign_c': 0.11650681118986138, 'trop_agb_crit': 15.870971677383487, 'trop_k_veg': 0.9793402026070162, 'fuel_k': 2.5629765645018403, 'fuel_half': 3.632486956676605}.
[I 2026-07-22 21:44:25,220] Trial 468 finished with values: [-0.6624828090443745, 0.7175268711532046] and parameters: {'k1': 0.002971796631657383, 'D_low': 102.19595065529477, 'k2': 0.02989647175615661, 'D_high': 145242.37928628005, 'fire_exp': 1.0341837609578937, 'P_half': 10.226988730324324, 'pre_dampen_half': 33.71909132517388, 'gpp_af': 0.0025511964576171086, 'gpp_b': 3.228689523591491e-05, 'gpp_d': 16.460426816350534, 'ign_k': 0.03141110271934876, 'ign_c': 0.11650681118986138, 'trop_agb_crit': 15.870971677383487, 'trop_k_veg': 0.9369104721775232, 'fuel_k': 0.028970790717327534, 'fuel_half': 16.371966573507315}.
[I 2026-07-22 21:44:25,645] Trial 469 finished with values: [10.020954133798487, 10.020954133798487] and parameters: {'k1': 0.002968335334246999, 'D_low': 102.19595065529477, 'k2': 1.915468390724633e-05, 'D_high': 10377.055497115112, 'fire_exp': 1.0482996836046896, 'P_half': 13.019246714361572, 'pre_dampen_half': 269.0845367054863, 'gpp_af': 0.7539992074650282, 'gpp_b': 0.0032930655419269924, 'gpp_d': 2.8006820077310226, 'ign_k': 3.210808548911192, 'ign_c': 4.1108484350212295, 'trop_agb_crit': 9.836162684900028, 'trop_k_veg': 1.6340262437673856, 'fuel_k': 0.3848045345221526, 'fuel_half': 15.298506868937444}.
[I 2026-07-22 21:44:26,072] Trial 470 finished with values: [10.023256677163833, 10.023256677163833] and parameters: {'k1': 0.002968335334246999, 'D_low': 9.497440085397416, 'k2': 1.915468390724633e-05, 'D_high': 107013.64911724928, 'fire_exp': 1.0341837609578937, 'P_half': 127.52949611679996, 'pre_dampen_half': 269.0845367054863, 'gpp_af': 0.7539992074650282, 'gpp_b': 0.0032930655419269924, 'gpp_d': 12.151631524283598, 'ign_k': 0.0026834162496848666, 'ign_c': 0.13229646467088635, 'trop_agb_crit': 1.1195539271968775, 'trop_k_veg': 1.6340262437673856, 'fuel_k': 4.680936683972859, 'fuel_half': 1.3547291924247347}.
[I 2026-07-22 21:44:26,493] Trial 471 finished with values: [-0.724966845547255, 0.6211137078288558] and parameters: {'k1': 0.004312951023617458, 'D_low': 163.4864778201543, 'k2': 2.1698375693549493e-05, 'D_high': 1488557.802851245, 'fire_exp': 2.346722471160988, 'P_half': 13.019246714361572, 'pre_dampen_half': 36.876350096202984, 'gpp_af': 0.0025511964576171086, 'gpp_b': 7.402343469704414e-05, 'gpp_d': 857.4284557962626, 'ign_k': 8.761971101023699, 'ign_c': 6.1609752947414345, 'trop_agb_crit': 6.1198430581046965, 'trop_k_veg': 0.9793402026070162, 'fuel_k': 4.680936683972859, 'fuel_half': 38.21129441691226}.
[I 2026-07-22 21:44:26,916] Trial 472 finished with values: [10.387631404014096, 10.387631404014096] and parameters: {'k1': 0.004312951023617458, 'D_low': 13713.885091300914, 'k2': 1.915468390724633e-05, 'D_high': 71534.52030884045, 'fire_exp': 1.024589524149873, 'P_half': 220.3445560633069, 'pre_dampen_half': 502.5175192217655, 'gpp_af': 0.7539992074650282, 'gpp_b': 0.0021331409710300844, 'gpp_d': 16.460426816350534, 'ign_k': 0.06807874826564587, 'ign_c': 15.221840161091619, 'trop_agb_crit': 24.584290528289387, 'trop_k_veg': 3.2626710594521904, 'fuel_k': 4.680936683972859, 'fuel_half': 52.005817291141206}.
[I 2026-07-22 21:44:27,346] Trial 473 finished with values: [-0.5925470698739009, 0.5776275517362852] and parameters: {'k1': 0.002968335334246999, 'D_low': 102.19595065529477, 'k2': 0.002342238625792905, 'D_high': 145242.37928628005, 'fire_exp': 1.0341837609578937, 'P_half': 220.3445560633069, 'pre_dampen_half': 269.0845367054863, 'gpp_af': 1.1300566419249867, 'gpp_b': 0.0054502936945582505, 'gpp_d': 4.576857873108685, 'ign_k': 0.04732407125181112, 'ign_c': 4.1108484350212295, 'trop_agb_crit': 2.082468072533112, 'trop_k_veg': 0.5695379443977426, 'fuel_k': 4.680936683972859, 'fuel_half': 16.371966573507315}.
[I 2026-07-22 21:44:27,819] Trial 474 finished with values: [10.158261577721579, 10.158261577721579] and parameters: {'k1': 0.052334804885400876, 'D_low': 102.19595065529477, 'k2': 0.0034207303670092245, 'D_high': 71534.52030884045, 'fire_exp': 1.161749421319469, 'P_half': 220.3445560633069, 'pre_dampen_half': 33.71909132517388, 'gpp_af': 0.008562341633595545, 'gpp_b': 0.00011277885258222645, 'gpp_d': 302.3127748796295, 'ign_k': 0.06807874826564587, 'ign_c': 15.221840161091619, 'trop_agb_crit': 24.584290528289387, 'trop_k_veg': 0.5695379443977426, 'fuel_k': 1.312881567992459, 'fuel_half': 52.005817291141206}.
[I 2026-07-22 21:44:28,292] Trial 475 finished with values: [12.10092255840408, 12.10092255840408] and parameters: {'k1': 0.004312951023617458, 'D_low': 9.497440085397416, 'k2': 1.915468390724633e-05, 'D_high': 580966.5602369158, 'fire_exp': 1.024589524149873, 'P_half': 136.0956887810302, 'pre_dampen_half': 502.5175192217655, 'gpp_af': 0.7539992074650282, 'gpp_b': 0.0021331409710300844, 'gpp_d': 302.3127748796295, 'ign_k': 0.006039096247545781, 'ign_c': 0.11650681118986138, 'trop_agb_crit': 3.5522713231614182, 'trop_k_veg': 1.4584243470991722, 'fuel_k': 4.680936683972859, 'fuel_half': 0.33988503110784557}.
[I 2026-07-22 21:44:28,739] Trial 476 finished with values: [-0.23044203463407026, 0.8155852946868964] and parameters: {'k1': 0.0003667128654092894, 'D_low': 13.25142220631392, 'k2': 1.6559474674046002e-05, 'D_high': 1488557.802851245, 'fire_exp': 1.0862503061991866, 'P_half': 220.3445560633069, 'pre_dampen_half': 26.373339933815235, 'gpp_af': 70.3172069106713, 'gpp_b': 0.0005995821881487623, 'gpp_d': 857.4284557962626, 'ign_k': 0.01077788960207927, 'ign_c': 6.1609752947414345, 'trop_agb_crit': 15.870971677383487, 'trop_k_veg': 0.5695379443977426, 'fuel_k': 0.028970790717327534, 'fuel_half': 3.632486956676605}.
[I 2026-07-22 21:44:29,177] Trial 477 finished with values: [10.769230769178105, 10.769230769178105] and parameters: {'k1': 0.004312951023617458, 'D_low': 19389.89852278267, 'k2': 0.005259118659251229, 'D_high': 10377.055497115112, 'fire_exp': 1.0482996836046896, 'P_half': 4.961134450191397, 'pre_dampen_half': 26.373339933815235, 'gpp_af': 1.1300566419249867, 'gpp_b': 0.08980754434235984, 'gpp_d': 6.91394869865762, 'ign_k': 3.210808548911192, 'ign_c': 8.405439129313676, 'trop_agb_crit': 29.789943908227905, 'trop_k_veg': 1.140286245977296, 'fuel_k': 1.312881567992459, 'fuel_half': 0.32476735706274484}.
[I 2026-07-22 21:44:29,604] Trial 478 finished with values: [10.17518263658743, 10.17518263658743] and parameters: {'k1': 1.8595266457134027e-05, 'D_low': 9.497440085397416, 'k2': 2.1698375693549493e-05, 'D_high': 580966.5602369158, 'fire_exp': 1.0482996836046896, 'P_half': 13.019246714361572, 'pre_dampen_half': 33.97904243111269, 'gpp_af': 0.09317985456593188, 'gpp_b': 0.08079748865351312, 'gpp_d': 302.3127748796295, 'ign_k': 8.761971101023699, 'ign_c': 6.1609752947414345, 'trop_agb_crit': 9.836162684900028, 'trop_k_veg': 0.9793402026070162, 'fuel_k': 4.680936683972859, 'fuel_half': 42.6871254378718}.
[I 2026-07-22 21:44:30,037] Trial 479 finished with values: [10.648995252291098, 10.648995252291098] and parameters: {'k1': 0.00013783578294796384, 'D_low': 13.25142220631392, 'k2': 1.915468390724633e-05, 'D_high': 887331.2884015184, 'fire_exp': 1.024589524149873, 'P_half': 10.226988730324324, 'pre_dampen_half': 0.034116553487407886, 'gpp_af': 0.7539992074650282, 'gpp_b': 7.402343469704414e-05, 'gpp_d': 857.4284557962626, 'ign_k': 0.06807874826564587, 'ign_c': 42.793836042014604, 'trop_agb_crit': 15.870971677383487, 'trop_k_veg': 0.9793402026070162, 'fuel_k': 0.08612665817296865, 'fuel_half': 57.882001937752385}.
[I 2026-07-22 21:44:30,475] Trial 480 finished with values: [10.769230765380572, 10.769230765380572] and parameters: {'k1': 0.00023352156626184448, 'D_low': 991933.0362011677, 'k2': 1.127217425995114e-05, 'D_high': 10377.055497115112, 'fire_exp': 1.0451665433786628, 'P_half': 119.9763911113096, 'pre_dampen_half': 502.5175192217655, 'gpp_af': 0.7539992074650282, 'gpp_b': 0.00012118589392553819, 'gpp_d': 4.576857873108685, 'ign_k': 8.761971101023699, 'ign_c': 6.1609752947414345, 'trop_agb_crit': 19.28597237496244, 'trop_k_veg': 1.140286245977296, 'fuel_k': 0.08612665817296865, 'fuel_half': 0.32476735706274484}.
[I 2026-07-22 21:44:30,912] Trial 481 finished with values: [-0.5462896889425519, 0.8634474032877675] and parameters: {'k1': 0.008822833027501576, 'D_low': 13.25142220631392, 'k2': 0.0810394970233949, 'D_high': 107013.64911724928, 'fire_exp': 1.0341837609578937, 'P_half': 13.019246714361572, 'pre_dampen_half': 26.373339933815235, 'gpp_af': 1.1300566419249867, 'gpp_b': 0.0032930655419269924, 'gpp_d': 1.0827789485795754, 'ign_k': 3.210808548911192, 'ign_c': 4.1108484350212295, 'trop_agb_crit': 15.870971677383487, 'trop_k_veg': 1.140286245977296, 'fuel_k': 0.08612665817296865, 'fuel_half': 57.882001937752385}.
[I 2026-07-22 21:44:31,353] Trial 482 finished with values: [11.560864351952201, 11.560864351952201] and parameters: {'k1': 0.00023352156626184448, 'D_low': 1.6646452049870526, 'k2': 2.1698375693549493e-05, 'D_high': 580966.5602369158, 'fire_exp': 1.024589524149873, 'P_half': 13.019246714361572, 'pre_dampen_half': 269.0845367054863, 'gpp_af': 0.7539992074650282, 'gpp_b': 0.00012118589392553819, 'gpp_d': 302.3127748796295, 'ign_k': 3.040981662829703, 'ign_c': 6.1609752947414345, 'trop_agb_crit': 9.836162684900028, 'trop_k_veg': 1.140286245977296, 'fuel_k': 0.04572914063536324, 'fuel_half': 0.32476735706274484}.
[I 2026-07-22 21:44:31,784] Trial 483 finished with values: [10.755979573909572, 10.755979573909572] and parameters: {'k1': 0.00013783578294796384, 'D_low': 2.9612221068836555, 'k2': 0.0034207303670092245, 'D_high': 580966.5602369158, 'fire_exp': 1.0341837609578937, 'P_half': 136.0956887810302, 'pre_dampen_half': 33.97904243111269, 'gpp_af': 0.008983355849178878, 'gpp_b': 0.49466696067572513, 'gpp_d': 302.3127748796295, 'ign_k': 0.018707420137660268, 'ign_c': 0.11650681118986138, 'trop_agb_crit': 3.5522713231614182, 'trop_k_veg': 0.9793402026070162, 'fuel_k': 1.312881567992459, 'fuel_half': 1.3547291924247347}.
[I 2026-07-22 21:44:32,220] Trial 484 finished with values: [10.139869869767377, 10.139869869767377] and parameters: {'k1': 0.002968335334246999, 'D_low': 102.19595065529477, 'k2': 0.017300724838654365, 'D_high': 25240.47745792575, 'fire_exp': 2.3987174696212126, 'P_half': 220.3445560633069, 'pre_dampen_half': 269.0845367054863, 'gpp_af': 0.7539992074650282, 'gpp_b': 0.0032930655419269924, 'gpp_d': 12.151631524283598, 'ign_k': 8.761971101023699, 'ign_c': 4.1108484350212295, 'trop_agb_crit': 19.28597237496244, 'trop_k_veg': 1.6340262437673856, 'fuel_k': 4.680936683972859, 'fuel_half': 38.21129441691226}.
[I 2026-07-22 21:44:32,650] Trial 485 finished with values: [10.204195857747383, 10.204195857747383] and parameters: {'k1': 0.052334804885400876, 'D_low': 2.9612221068836555, 'k2': 0.0034207303670092245, 'D_high': 887331.2884015184, 'fire_exp': 1.024589524149873, 'P_half': 10.226988730324324, 'pre_dampen_half': 12.389588752305043, 'gpp_af': 0.7539992074650282, 'gpp_b': 0.0054502936945582505, 'gpp_d': 16.460426816350534, 'ign_k': 0.06807874826564587, 'ign_c': 11.40086370112731, 'trop_agb_crit': 12.324775650896964, 'trop_k_veg': 0.9793402026070162, 'fuel_k': 0.48736180483849406, 'fuel_half': 0.33988503110784557}.
[I 2026-07-22 21:44:33,091] Trial 486 finished with values: [-0.40503633829341423, 0.5595342435432541] and parameters: {'k1': 1.8595266457134027e-05, 'D_low': 1.6646452049870526, 'k2': 1.127217425995114e-05, 'D_high': 887331.2884015184, 'fire_exp': 1.0341837609578937, 'P_half': 38.82837025280678, 'pre_dampen_half': 347.79988160923324, 'gpp_af': 0.0025511964576171086, 'gpp_b': 3.228689523591491e-05, 'gpp_d': 302.3127748796295, 'ign_k': 0.006290644294586149, 'ign_c': 6.1609752947414345, 'trop_agb_crit': 19.84604666505718, 'trop_k_veg': 1.140286245977296, 'fuel_k': 0.08612665817296865, 'fuel_half': 0.32476735706274484}.
[I 2026-07-22 21:44:33,526] Trial 487 finished with values: [-0.27436464813851574, 0.7694367536677145] and parameters: {'k1': 0.00023352156626184448, 'D_low': 13.25142220631392, 'k2': 0.017300724838654365, 'D_high': 107013.64911724928, 'fire_exp': 1.3219590610242518, 'P_half': 13.019246714361572, 'pre_dampen_half': 36.876350096202984, 'gpp_af': 0.7539992074650282, 'gpp_b': 7.402343469704414e-05, 'gpp_d': 4.576857873108685, 'ign_k': 0.018707420137660268, 'ign_c': 6.1609752947414345, 'trop_agb_crit': 19.28597237496244, 'trop_k_veg': 1.140286245977296, 'fuel_k': 0.08612665817296865, 'fuel_half': 1.6308760873644823}.
[I 2026-07-22 21:44:33,952] Trial 488 finished with values: [-0.6468944331932271, 0.6871073739433659] and parameters: {'k1': 0.002971796631657383, 'D_low': 91.66403471455098, 'k2': 0.0001971137615017176, 'D_high': 305369.47947832284, 'fire_exp': 1.0341837609578937, 'P_half': 10.226988730324324, 'pre_dampen_half': 36.876350096202984, 'gpp_af': 0.0025511964576171086, 'gpp_b': 3.228689523591491e-05, 'gpp_d': 857.4284557962626, 'ign_k': 0.0026834162496848666, 'ign_c': 6.1609752947414345, 'trop_agb_crit': 10.719494362768906, 'trop_k_veg': 1.140286245977296, 'fuel_k': 0.7156083490235493, 'fuel_half': 1.3547291924247347}.
