[I 2026-06-11 12:58:17,608] Trial 710 finished with values: [10.315815399413468, 10.315815399413468] and parameters: {'k1': 0.03648456083047798, 'D_low': 236.79352040223893, 'k2': 0.019383858782150494, 'D_high': 6682.9607218310075, 'fire_exp': 1.2060040899560858, 'P_half': 3.591771421517613, 'pre_dampen_half': 4.847666216751353, 'gpp_af': 0.41874665092828456, 'gpp_b': 0.015062722325200045, 'gpp_d': 29.9035514860849, 'ign_k': 3.7954792742512957, 'ign_c': 1.364908766641693, 'trop_agb_crit': 12.9667438075127, 'trop_k_veg': 1.056284487623406, 'fire_amp': 1.7912500010961188}.
[I 2026-06-11 12:58:18,508] Trial 711 finished with values: [10.164043882626222, 10.164043882626222] and parameters: {'k1': 8.60693112508996e-05, 'D_low': 236.79352040223893, 'k2': 0.019383858782150494, 'D_high': 6682.9607218310075, 'fire_exp': 1.2060040899560858, 'P_half': 102.93072560417136, 'pre_dampen_half': 4.847666216751353, 'gpp_af': 0.41874665092828456, 'gpp_b': 0.001674375583895437, 'gpp_d': 1.4397852866783676, 'ign_k': 0.0032383308053152635, 'ign_c': 2.226297338331262, 'trop_agb_crit': 25.429516249301212, 'trop_k_veg': 2.6508357486965424, 'fire_amp': 2.7806853670293616}.
[I 2026-06-11 12:58:19,505] Trial 712 finished with values: [13.766628168584996, 13.766628168584996] and parameters: {'k1': 0.08006837661379566, 'D_low': 144.5598398487298, 'k2': 0.019383858782150494, 'D_high': 31301.15118850836, 'fire_exp': 1.2060040899560858, 'P_half': 3.591771421517613, 'pre_dampen_half': 75.10418138777538, 'gpp_af': 0.41874665092828456, 'gpp_b': 0.001674375583895437, 'gpp_d': 0.7698760608299932, 'ign_k': 0.0032383308053152635, 'ign_c': 11.903394335305014, 'trop_agb_crit': 19.951866308719378, 'trop_k_veg': 6.963655030926962, 'fire_amp': 2.7806853670293616}.
[I 2026-06-11 12:58:20,440] Trial 713 finished with values: [10.200062175688414, 10.200062175688414] and parameters: {'k1': 0.03648456083047798, 'D_low': 236.79352040223893, 'k2': 0.019383858782150494, 'D_high': 6682.9607218310075, 'fire_exp': 1.2060040899560858, 'P_half': 401.33725523815957, 'pre_dampen_half': 4.847666216751353, 'gpp_af': 0.060029341913968644, 'gpp_b': 1.4008921101492135e-05, 'gpp_d': 304.7488318185732, 'ign_k': 0.0032383308053152635, 'ign_c': 13.546626168109242, 'trop_agb_crit': 1.8023542850487386, 'trop_k_veg': 0.828441460847982, 'fire_amp': 2.7806853670293616}.
[I 2026-06-11 12:58:21,430] Trial 714 finished with values: [-0.4220812016474849, 0.15265571057855598] and parameters: {'k1': 0.006079905434073396, 'D_low': 43.2326421037033, 'k2': 0.0012030178871154666, 'D_high': 198.3056154955596, 'fire_exp': 1.7505406131449859, 'P_half': 93.43302657318476, 'pre_dampen_half': 253.71947027764784, 'gpp_af': 0.41874665092828456, 'gpp_b': 0.015062722325200045, 'gpp_d': 21.899070557043984, 'ign_k': 4.869640941520899, 'ign_c': 1.364908766641693, 'trop_agb_crit': 1.8023542850487386, 'trop_k_veg': 0.5183533149347164, 'fire_amp': 1.7912500010961188}.
[I 2026-06-11 12:58:22,636] Trial 715 finished with values: [12.212371196442646, 12.212371196442646] and parameters: {'k1': 0.08006837661379566, 'D_low': 1.4002277211577039, 'k2': 0.019383858782150494, 'D_high': 1266.9536563782303, 'fire_exp': 1.2060040899560858, 'P_half': 436.4516946807792, 'pre_dampen_half': 75.10418138777538, 'gpp_af': 0.41874665092828456, 'gpp_b': 0.001674375583895437, 'gpp_d': 1.4397852866783676, 'ign_k': 0.0032383308053152635, 'ign_c': 2.226297338331262, 'trop_agb_crit': 2.100813292597435, 'trop_k_veg': 1.6648666152166967, 'fire_amp': 2.7806853670293616}.
[I 2026-06-11 12:58:23,563] Trial 716 finished with values: [10.166689989593513, 10.166689989593513] and parameters: {'k1': 0.0014452451441203328, 'D_low': 2.843767489444367, 'k2': 0.00025923015361558547, 'D_high': 6682.9607218310075, 'fire_exp': 1.2798881300289222, 'P_half': 436.4516946807792, 'pre_dampen_half': 75.10418138777538, 'gpp_af': 0.046239120540552445, 'gpp_b': 0.0002637687576667052, 'gpp_d': 0.7698760608299932, 'ign_k': 3.7954792742512957, 'ign_c': 1.364908766641693, 'trop_agb_crit': 2.100813292597435, 'trop_k_veg': 6.030247256556128, 'fire_amp': 1.7912500010961188}.
[I 2026-06-11 12:58:24,711] Trial 717 finished with values: [-0.655630932301173, 0.14351139473694619] and parameters: {'k1': 5.178197947282869e-05, 'D_low': 476.3737484593719, 'k2': 0.0007731571570012607, 'D_high': 31301.15118850836, 'fire_exp': 1.1633452995374232, 'P_half': 1.859526645713404, 'pre_dampen_half': 37.40930273158252, 'gpp_af': 0.8144272585223832, 'gpp_b': 0.002416023630607169, 'gpp_d': 1.336803341156552, 'ign_k': 0.29415751391396583, 'ign_c': 7.081721844034206, 'trop_agb_crit': 8.0091368834625, 'trop_k_veg': 1.6003641872536711, 'fire_amp': 1.5587346124822492}.
[I 2026-06-11 12:58:26,566] Trial 718 finished with values: [-0.5247874407695013, 0.09087261703015515] and parameters: {'k1': 0.03648456083047798, 'D_low': 146.24004590125713, 'k2': 0.019383858782150494, 'D_high': 1266.9536563782303, 'fire_exp': 1.111738490499784, 'P_half': 102.93072560417136, 'pre_dampen_half': 4.847666216751353, 'gpp_af': 0.004531316405029204, 'gpp_b': 1.4008921101492135e-05, 'gpp_d': 1.4397852866783676, 'ign_k': 0.037151317999473285, 'ign_c': 2.2882309479728957, 'trop_agb_crit': 1.8023542850487386, 'trop_k_veg': 1.6648666152166967, 'fire_amp': 2.7806853670293616}.
[I 2026-06-11 12:58:27,815] Trial 719 finished with values: [10.746548372857362, 10.746548372857362] and parameters: {'k1': 0.016973078532467004, 'D_low': 146.24004590125713, 'k2': 0.019383858782150494, 'D_high': 32311.521854410956, 'fire_exp': 1.2060040899560858, 'P_half': 9474.524974021555, 'pre_dampen_half': 189.36639872354493, 'gpp_af': 3.298293484806585, 'gpp_b': 0.015062722325200045, 'gpp_d': 0.1619054449471649, 'ign_k': 0.09256855841989636, 'ign_c': 1.364908766641693, 'trop_agb_crit': 3.3933702290907823, 'trop_k_veg': 1.6648666152166967, 'fire_amp': 1.5719333351012774}.
[I 2026-06-11 12:58:28,896] Trial 720 finished with values: [-0.5458940608500304, 0.1649137180722624] and parameters: {'k1': 0.004439732043401208, 'D_low': 2.843767489444367, 'k2': 0.0001280886335404798, 'D_high': 1266.9536563782303, 'fire_exp': 1.7220686611084326, 'P_half': 5.4712187293420325, 'pre_dampen_half': 121.93011993958949, 'gpp_af': 0.007531064950403672, 'gpp_b': 0.00031478066835753096, 'gpp_d': 0.7698760608299932, 'ign_k': 0.8861249804463233, 'ign_c': 2.2882309479728957, 'trop_agb_crit': 6.666743425826005, 'trop_k_veg': 3.7910619738560545, 'fire_amp': 1.7912500010961188}.
[I 2026-06-11 12:58:29,935] Trial 721 finished with values: [10.74365261416371, 10.74365261416371] and parameters: {'k1': 0.03648456083047798, 'D_low': 236.79352040223893, 'k2': 0.019383858782150494, 'D_high': 6682.9607218310075, 'fire_exp': 2.918808567018439, 'P_half': 436.4516946807792, 'pre_dampen_half': 75.10418138777538, 'gpp_af': 2.5017068255320485, 'gpp_b': 0.015062722325200045, 'gpp_d': 1.4397852866783676, 'ign_k': 0.0017400806211046388, 'ign_c': 2.2882309479728957, 'trop_agb_crit': 2.100813292597435, 'trop_k_veg': 6.030247256556128, 'fire_amp': 1.7912500010961188}.
[I 2026-06-11 12:58:30,986] Trial 722 finished with values: [10.399562804301372, 10.399562804301372] and parameters: {'k1': 0.03648456083047798, 'D_low': 236.79352040223893, 'k2': 0.0036014695835220327, 'D_high': 6682.9607218310075, 'fire_exp': 1.2060040899560858, 'P_half': 3.591771421517613, 'pre_dampen_half': 4.847666216751353, 'gpp_af': 2.5017068255320485, 'gpp_b': 1.4008921101492135e-05, 'gpp_d': 1.4397852866783676, 'ign_k': 0.0032383308053152635, 'ign_c': 1.364908766641693, 'trop_agb_crit': 1.8023542850487386, 'trop_k_veg': 6.963655030926962, 'fire_amp': 2.7806853670293616}.
[I 2026-06-11 12:58:32,051] Trial 723 finished with values: [10.592993999699308, 10.592993999699308] and parameters: {'k1': 0.05347027553411487, 'D_low': 235.39834531862078, 'k2': 0.0007731571570012607, 'D_high': 31301.15118850836, 'fire_exp': 1.7505406131449859, 'P_half': 2.6691447170887805, 'pre_dampen_half': 75.10418138777538, 'gpp_af': 1.9998014714101113, 'gpp_b': 0.015062722325200045, 'gpp_d': 0.7698760608299932, 'ign_k': 0.8945150807271531, 'ign_c': 17.74954658911451, 'trop_agb_crit': 8.0091368834625, 'trop_k_veg': 7.11321188263873, 'fire_amp': 1.1655705619308396}.
[I 2026-06-11 12:58:33,084] Trial 724 finished with values: [12.576519834785486, 12.576519834785486] and parameters: {'k1': 5.025876001070713e-05, 'D_low': 1.4002277211577039, 'k2': 0.019383858782150494, 'D_high': 31301.15118850836, 'fire_exp': 1.2060040899560858, 'P_half': 102.93072560417136, 'pre_dampen_half': 189.36639872354493, 'gpp_af': 3.298293484806585, 'gpp_b': 0.002416023630607169, 'gpp_d': 1.4397852866783676, 'ign_k': 0.0032383308053152635, 'ign_c': 2.2882309479728957, 'trop_agb_crit': 21.086120736447015, 'trop_k_veg': 0.5471865667052176, 'fire_amp': 2.7806853670293616}.
[I 2026-06-11 12:58:34,116] Trial 725 finished with values: [11.267732843533373, 11.267732843533373] and parameters: {'k1': 0.005754658592592073, 'D_low': 43.2326421037033, 'k2': 0.0007731571570012607, 'D_high': 31301.15118850836, 'fire_exp': 1.7505406131449859, 'P_half': 7.598586431588784, 'pre_dampen_half': 189.36639872354493, 'gpp_af': 3.298293484806585, 'gpp_b': 0.015062722325200045, 'gpp_d': 21.899070557043984, 'ign_k': 0.8945150807271531, 'ign_c': 7.081721844034206, 'trop_agb_crit': 8.0091368834625, 'trop_k_veg': 0.5183533149347164, 'fire_amp': 1.1655705619308396}.
[I 2026-06-11 12:58:35,162] Trial 726 finished with values: [-0.5312489889927823, 0.1539440127624404] and parameters: {'k1': 0.03648456083047798, 'D_low': 1.4002277211577039, 'k2': 0.019383858782150494, 'D_high': 1266.9536563782303, 'fire_exp': 1.2060040899560858, 'P_half': 102.93072560417136, 'pre_dampen_half': 4.847666216751353, 'gpp_af': 0.004531316405029204, 'gpp_b': 1.4008921101492135e-05, 'gpp_d': 1.4397852866783676, 'ign_k': 0.00636406716773548, 'ign_c': 2.2882309479728957, 'trop_agb_crit': 2.100813292597435, 'trop_k_veg': 0.5471865667052176, 'fire_amp': 2.7806853670293616}.
[I 2026-06-11 12:58:36,231] Trial 727 finished with values: [10.261347975436319, 10.261347975436319] and parameters: {'k1': 9.132348475718357e-05, 'D_low': 236.79352040223893, 'k2': 0.019383858782150494, 'D_high': 6682.9607218310075, 'fire_exp': 1.6901885781909627, 'P_half': 139.09474988024093, 'pre_dampen_half': 10.931606102061748, 'gpp_af': 2.5017068255320485, 'gpp_b': 0.001674375583895437, 'gpp_d': 21.899070557043984, 'ign_k': 0.0032383308053152635, 'ign_c': 0.24361599465623282, 'trop_agb_crit': 21.086120736447015, 'trop_k_veg': 6.963655030926962, 'fire_amp': 3.7523365308330816}.
[I 2026-06-11 12:58:37,287] Trial 728 finished with values: [10.74109146382022, 10.74109146382022] and parameters: {'k1': 9.132348475718357e-05, 'D_low': 236.79352040223893, 'k2': 3.152468275632564e-05, 'D_high': 6682.9607218310075, 'fire_exp': 1.6901885781909627, 'P_half': 3.591771421517613, 'pre_dampen_half': 1.785889900578207, 'gpp_af': 2.5017068255320485, 'gpp_b': 0.001674375583895437, 'gpp_d': 60.369370109848475, 'ign_k': 0.0032383308053152635, 'ign_c': 1.364908766641693, 'trop_agb_crit': 21.086120736447015, 'trop_k_veg': 6.963655030926962, 'fire_amp': 2.7806853670293616}.
[I 2026-06-11 12:58:38,307] Trial 729 finished with values: [-0.6676360923845296, 0.15090304296649515] and parameters: {'k1': 0.03648456083047798, 'D_low': 236.79352040223893, 'k2': 3.152468275632564e-05, 'D_high': 6682.9607218310075, 'fire_exp': 1.2798881300289222, 'P_half': 436.4516946807792, 'pre_dampen_half': 75.10418138777538, 'gpp_af': 0.41874665092828456, 'gpp_b': 9.497440085397415e-05, 'gpp_d': 0.7698760608299932, 'ign_k': 0.9419612235978201, 'ign_c': 1.364908766641693, 'trop_agb_crit': 2.100813292597435, 'trop_k_veg': 1.31065329020191, 'fire_amp': 2.804180410489304}.
[I 2026-06-11 12:58:39,368] Trial 730 finished with values: [10.478897501319345, 10.478897501319345] and parameters: {'k1': 0.00023134781612225627, 'D_low': 235.39834531862078, 'k2': 0.0001280886335404798, 'D_high': 4567.167062335235, 'fire_exp': 1.2798881300289222, 'P_half': 93.43302657318476, 'pre_dampen_half': 75.10418138777538, 'gpp_af': 26.365275679433186, 'gpp_b': 0.015062722325200045, 'gpp_d': 0.7698760608299932, 'ign_k': 4.869640941520899, 'ign_c': 7.081721844034206, 'trop_agb_crit': 12.708819454040446, 'trop_k_veg': 1.6648666152166967, 'fire_amp': 2.042193818779288}.
[I 2026-06-11 12:58:40,430] Trial 731 finished with values: [-0.538643773138944, 0.16249352073677947] and parameters: {'k1': 0.03648456083047798, 'D_low': 1.4002277211577039, 'k2': 0.0008255198309657572, 'D_high': 6682.9607218310075, 'fire_exp': 1.2060040899560858, 'P_half': 102.93072560417136, 'pre_dampen_half': 4.847666216751353, 'gpp_af': 9.489641456368314, 'gpp_b': 0.001674375583895437, 'gpp_d': 1.4397852866783676, 'ign_k': 0.0012663923057989628, 'ign_c': 1.364908766641693, 'trop_agb_crit': 3.1920112940578624, 'trop_k_veg': 0.6108091740265464, 'fire_amp': 2.7806853670293616}.
[I 2026-06-11 12:58:41,541] Trial 732 finished with values: [10.362337289732084, 10.362337289732084] and parameters: {'k1': 0.03648456083047798, 'D_low': 146.24004590125713, 'k2': 0.019383858782150494, 'D_high': 1817.0401889219124, 'fire_exp': 1.2060040899560858, 'P_half': 12.262543158860007, 'pre_dampen_half': 8.259599205585761, 'gpp_af': 43.24033972449845, 'gpp_b': 0.015062722325200045, 'gpp_d': 1.4397852866783676, 'ign_k': 0.037151317999473285, 'ign_c': 1.364908766641693, 'trop_agb_crit': 1.8023542850487386, 'trop_k_veg': 1.6648666152166967, 'fire_amp': 1.5719333351012774}.
[I 2026-06-11 12:58:42,601] Trial 733 finished with values: [10.754178558142616, 10.754178558142616] and parameters: {'k1': 0.03648456083047798, 'D_low': 235.39834531862078, 'k2': 0.019383858782150494, 'D_high': 86.80971440148622, 'fire_exp': 1.2798881300289222, 'P_half': 2.6691447170887805, 'pre_dampen_half': 75.10418138777538, 'gpp_af': 0.060029341913968644, 'gpp_b': 0.015062722325200045, 'gpp_d': 0.7698760608299932, 'ign_k': 4.869640941520899, 'ign_c': 1.364908766641693, 'trop_agb_crit': 2.100813292597435, 'trop_k_veg': 1.5128444555847316, 'fire_amp': 2.7806853670293616}.
[I 2026-06-11 12:58:43,902] Trial 734 finished with values: [12.6855250221176, 12.6855250221176] and parameters: {'k1': 0.03648456083047798, 'D_low': 235.39834531862078, 'k2': 0.0012030178871154666, 'D_high': 6682.9607218310075, 'fire_exp': 1.2798881300289222, 'P_half': 114.62237838612074, 'pre_dampen_half': 75.10418138777538, 'gpp_af': 0.004531316405029204, 'gpp_b': 1.4008921101492135e-05, 'gpp_d': 1.4397852866783676, 'ign_k': 0.09256855841989636, 'ign_c': 1.364908766641693, 'trop_agb_crit': 3.3933702290907823, 'trop_k_veg': 1.6648666152166967, 'fire_amp': 2.7806853670293616}.
[I 2026-06-11 12:58:44,917] Trial 735 finished with values: [10.760283510608955, 10.760283510608955] and parameters: {'k1': 0.03648456083047798, 'D_low': 236.79352040223893, 'k2': 0.019383858782150494, 'D_high': 1266.9536563782303, 'fire_exp': 1.2060040899560858, 'P_half': 1.4551749476072258, 'pre_dampen_half': 0.057820263517959394, 'gpp_af': 0.060029341913968644, 'gpp_b': 1.4008921101492135e-05, 'gpp_d': 1.4397852866783676, 'ign_k': 0.0032383308053152635, 'ign_c': 1.364908766641693, 'trop_agb_crit': 1.8023542850487386, 'trop_k_veg': 7.835003985864704, 'fire_amp': 2.7806853670293616}.
[I 2026-06-11 12:58:45,926] Trial 736 finished with values: [10.347085697870948, 10.347085697870948] and parameters: {'k1': 0.03648456083047798, 'D_low': 236.79352040223893, 'k2': 0.019383858782150494, 'D_high': 6682.9607218310075, 'fire_exp': 1.2060040899560858, 'P_half': 3.591771421517613, 'pre_dampen_half': 4.847666216751353, 'gpp_af': 0.2204465010099918, 'gpp_b': 0.001674375583895437, 'gpp_d': 1.4397852866783676, 'ign_k': 0.09256855841989636, 'ign_c': 7.081721844034206, 'trop_agb_crit': 1.8023542850487386, 'trop_k_veg': 0.5471865667052176, 'fire_amp': 2.042193818779288}.
[I 2026-06-11 12:58:46,866] Trial 737 finished with values: [10.769059371278946, 10.769059371278946] and parameters: {'k1': 0.05347027553411487, 'D_low': 236.79352040223893, 'k2': 0.0012030178871154666, 'D_high': 6682.9607218310075, 'fire_exp': 8.452807290590647, 'P_half': 102.93072560417136, 'pre_dampen_half': 79.2915624488668, 'gpp_af': 0.060029341913968644, 'gpp_b': 0.002416023630607169, 'gpp_d': 1.4397852866783676, 'ign_k': 0.0012663923057989628, 'ign_c': 2.2882309479728957, 'trop_agb_crit': 21.086120736447015, 'trop_k_veg': 0.5588127200017643, 'fire_amp': 2.7806853670293616}.
[I 2026-06-11 12:58:47,787] Trial 738 finished with values: [10.453842213101213, 10.453842213101213] and parameters: {'k1': 0.0014452451441203328, 'D_low': 146.24004590125713, 'k2': 0.019383858782150494, 'D_high': 1444.8691591610498, 'fire_exp': 1.2060040899560858, 'P_half': 12.262543158860007, 'pre_dampen_half': 4.847666216751353, 'gpp_af': 0.41874665092828456, 'gpp_b': 0.015062722325200045, 'gpp_d': 29.9035514860849, 'ign_k': 3.7954792742512957, 'ign_c': 1.364908766641693, 'trop_agb_crit': 2.100813292597435, 'trop_k_veg': 1.6648666152166967, 'fire_amp': 1.5719333351012774}.
[I 2026-06-11 12:58:48,691] Trial 739 finished with values: [13.824719543061336, 13.824719543061336] and parameters: {'k1': 0.03648456083047798, 'D_low': 43.2326421037033, 'k2': 0.00025923015361558547, 'D_high': 23341.737328466752, 'fire_exp': 1.2798881300289222, 'P_half': 93.43302657318476, 'pre_dampen_half': 253.71947027764784, 'gpp_af': 0.2204465010099918, 'gpp_b': 0.002416023630607169, 'gpp_d': 0.7698760608299932, 'ign_k': 0.09256855841989636, 'ign_c': 7.081721844034206, 'trop_agb_crit': 12.9667438075127, 'trop_k_veg': 6.030247256556128, 'fire_amp': 2.5432210024239192}.
[I 2026-06-11 12:58:49,593] Trial 740 finished with values: [10.242600454866183, 10.242600454866183] and parameters: {'k1': 0.03648456083047798, 'D_low': 146.24004590125713, 'k2': 0.019383858782150494, 'D_high': 32311.521854410956, 'fire_exp': 1.2060040899560858, 'P_half': 3.591771421517613, 'pre_dampen_half': 4.847666216751353, 'gpp_af': 3.298293484806585, 'gpp_b': 1.4008921101492135e-05, 'gpp_d': 0.1619054449471649, 'ign_k': 0.0032383308053152635, 'ign_c': 1.364908766641693, 'trop_agb_crit': 2.100813292597435, 'trop_k_veg': 1.6648666152166967, 'fire_amp': 2.7806853670293616}.
[I 2026-06-11 12:58:50,462] Trial 741 finished with values: [10.017835827851288, 10.017835827851288] and parameters: {'k1': 0.0031213520322039886, 'D_low': 236.79352040223893, 'k2': 0.019383858782150494, 'D_high': 6682.9607218310075, 'fire_exp': 1.2060040899560858, 'P_half': 3.591771421517613, 'pre_dampen_half': 9.044346216330972, 'gpp_af': 0.002790115363936195, 'gpp_b': 9.497440085397415e-05, 'gpp_d': 304.7488318185732, 'ign_k': 0.9419612235978201, 'ign_c': 1.364908766641693, 'trop_agb_crit': 2.100813292597435, 'trop_k_veg': 0.5471865667052176, 'fire_amp': 2.7806853670293616}.
[I 2026-06-11 12:58:51,346] Trial 742 finished with values: [-0.6707846771333507, 0.047559398128582564] and parameters: {'k1': 0.03648456083047798, 'D_low': 235.39834531862078, 'k2': 0.0012030178871154666, 'D_high': 6682.9607218310075, 'fire_exp': 1.2798881300289222, 'P_half': 114.62237838612074, 'pre_dampen_half': 75.10418138777538, 'gpp_af': 0.41874665092828456, 'gpp_b': 0.015062722325200045, 'gpp_d': 0.1619054449471649, 'ign_k': 4.869640941520899, 'ign_c': 1.364908766641693, 'trop_agb_crit': 12.9667438075127, 'trop_k_veg': 6.030247256556128, 'fire_amp': 1.7912500010961188}.
[I 2026-06-11 12:58:52,325] Trial 743 finished with values: [-0.5507841158921634, 0.1562866102922814] and parameters: {'k1': 0.03648456083047798, 'D_low': 1.4002277211577039, 'k2': 0.0008255198309657572, 'D_high': 6682.9607218310075, 'fire_exp': 1.2060040899560858, 'P_half': 102.93072560417136, 'pre_dampen_half': 4.847666216751353, 'gpp_af': 5.975195267844334, 'gpp_b': 0.001674375583895437, 'gpp_d': 1.4397852866783676, 'ign_k': 0.0012663923057989628, 'ign_c': 1.364908766641693, 'trop_agb_crit': 3.1920112940578624, 'trop_k_veg': 0.6108091740265464, 'fire_amp': 2.7806853670293616}.
[I 2026-06-11 12:58:53,456] Trial 744 finished with values: [10.514611758113322, 10.514611758113322] and parameters: {'k1': 5.178197947282869e-05, 'D_low': 236.79352040223893, 'k2': 3.152468275632564e-05, 'D_high': 20103.283734409175, 'fire_exp': 1.2060040899560858, 'P_half': 3.591771421517613, 'pre_dampen_half': 4.847666216751353, 'gpp_af': 2.5184956910855436, 'gpp_b': 0.001674375583895437, 'gpp_d': 0.47379914349407487, 'ign_k': 0.9419612235978201, 'ign_c': 0.10435856341129002, 'trop_agb_crit': 7.332660227137139, 'trop_k_veg': 0.7808079158649266, 'fire_amp': 2.7806853670293616}.
[I 2026-06-11 12:58:54,403] Trial 745 finished with values: [11.03574214667967, 11.03574214667967] and parameters: {'k1': 0.03648456083047798, 'D_low': 235.39834531862078, 'k2': 3.2423055114836195e-05, 'D_high': 6682.9607218310075, 'fire_exp': 1.2060040899560858, 'P_half': 3.591771421517613, 'pre_dampen_half': 75.10418138777538, 'gpp_af': 0.41874665092828456, 'gpp_b': 1.4008921101492135e-05, 'gpp_d': 1.4397852866783676, 'ign_k': 0.09256855841989636, 'ign_c': 1.364908766641693, 'trop_agb_crit': 3.3933702290907823, 'trop_k_veg': 1.056284487623406, 'fire_amp': 1.7912500010961188}.
[I 2026-06-11 12:58:55,315] Trial 746 finished with values: [-0.5290233199607678, 0.062190758765184206] and parameters: {'k1': 0.03648456083047798, 'D_low': 236.79352040223893, 'k2': 0.020149789847008874, 'D_high': 6682.9607218310075, 'fire_exp': 1.2798881300289222, 'P_half': 436.4516946807792, 'pre_dampen_half': 81.30934046917365, 'gpp_af': 0.060029341913968644, 'gpp_b': 0.001674375583895437, 'gpp_d': 0.7698760608299932, 'ign_k': 0.0032383308053152635, 'ign_c': 1.364908766641693, 'trop_agb_crit': 12.9667438075127, 'trop_k_veg': 6.030247256556128, 'fire_amp': 1.7912500010961188}.
