[I 2026-07-22 20:36:22,639] Trial 104 finished with values: [10.76915142254152, 10.76915142254152] and parameters: {'k1': 0.0005342937261279771, 'D_low': 55.895242052179206, 'k2': 0.0028016351587162596, 'D_high': 68.70101665590026, 'fire_exp': 2.4783442138475, 'P_half': 44.71679901231308, 'pre_dampen_half': 0.7245868181143029, 'gpp_af': 8.431013932082463, 'gpp_b': 0.6204394649397846, 'gpp_d': 3.725393839578884, 'ign_k': 2.7142572552186843, 'ign_c': 5.199673923878318, 'trop_agb_crit': 7.896186801026689, 'trop_k_veg': 0.8022348220849581, 'fuel_k': 0.019341658237934812, 'fuel_half': 51.01039893789344}.
[I 2026-07-22 20:36:23,049] Trial 105 finished with values: [10.755988365575151, 10.755988365575151] and parameters: {'k1': 1.915468390724633e-05, 'D_low': 7153.452030884037, 'k2': 1.2765717873951678e-05, 'D_high': 32707.96223514813, 'fire_exp': 2.4952720878466907, 'P_half': 200.3995359361214, 'pre_dampen_half': 0.8726691654212084, 'gpp_af': 1.6460426816350544, 'gpp_b': 0.005617167092871686, 'gpp_d': 5.346676975436892, 'ign_k': 5.832560268546886, 'ign_c': 3.502761367842312, 'trop_agb_crit': 26.290267902103615, 'trop_k_veg': 6.153480144962659, 'fuel_k': 0.03498947175913593, 'fuel_half': 0.1614670469622492}.
[I 2026-07-22 20:36:23,477] Trial 106 finished with values: [10.76922325390123, 10.76922325390123] and parameters: {'k1': 2.8459703343413838e-05, 'D_low': 10701.364911724935, 'k2': 0.0004976087827261435, 'D_high': 1271.36687749612, 'fire_exp': 1.6106228944371748, 'P_half': 93.43302657318476, 'pre_dampen_half': 5.748230753568707, 'gpp_af': 0.6378078463802856, 'gpp_b': 1.8193724578178412, 'gpp_d': 0.03927259340973168, 'ign_k': 0.0029519227433917453, 'ign_c': 39.52220881906112, 'trop_agb_crit': 13.044555671438102, 'trop_k_veg': 2.520089655463604, 'fuel_k': 0.9037328901073198, 'fuel_half': 0.43540407017515786}.
[I 2026-07-22 20:36:23,904] Trial 107 finished with values: [10.762561751118563, 10.762561751118563] and parameters: {'k1': 0.004898620823554844, 'D_low': 35.437765484261625, 'k2': 0.014666151770108535, 'D_high': 546649.376092156, 'fire_exp': 1.5704801393982246, 'P_half': 20.654107883022302, 'pre_dampen_half': 14.689407256107613, 'gpp_af': 0.015875524914818664, 'gpp_b': 0.40098648347213356, 'gpp_d': 274.48645214004335, 'ign_k': 0.025331450012450227, 'ign_c': 0.4051452710153359, 'trop_agb_crit': 1.626357634890109, 'trop_k_veg': 4.129715873342729, 'fuel_k': 0.03201034713747641, 'fuel_half': 0.2010796072862617}.
[I 2026-07-22 20:36:24,318] Trial 108 finished with values: [10.71696641748183, 10.71696641748183] and parameters: {'k1': 0.07799059237255677, 'D_low': 228.34228779494518, 'k2': 0.03699867920489092, 'D_high': 8300256.10476198, 'fire_exp': 1.742055699858284, 'P_half': 102.4585893986732, 'pre_dampen_half': 0.03227842705043214, 'gpp_af': 0.005811599743439244, 'gpp_b': 0.0001484082099455773, 'gpp_d': 0.06359264168909615, 'ign_k': 0.013276678836047658, 'ign_c': 1.381594751631993, 'trop_agb_crit': 1.8034072970800916, 'trop_k_veg': 6.00873667277442, 'fuel_k': 4.0995500417030915, 'fuel_half': 72.7420826493834}.
[I 2026-07-22 20:36:24,730] Trial 109 finished with values: [10.539613474972665, 10.539613474972665] and parameters: {'k1': 9.580682294110428e-05, 'D_low': 216.6574784061471, 'k2': 0.00014281536924924868, 'D_high': 1361.558478200329, 'fire_exp': 1.4452547028705351, 'P_half': 57.62487216478601, 'pre_dampen_half': 6.792399189485706, 'gpp_af': 0.24002253099641152, 'gpp_b': 1.6081669283634658e-05, 'gpp_d': 352.0481045526035, 'ign_k': 0.010842262717330166, 'ign_c': 0.7240382572465286, 'trop_agb_crit': 2.8869220380495735, 'trop_k_veg': 1.034587866621145, 'fuel_k': 0.3302507755382605, 'fuel_half': 0.14265186058187057}.
[I 2026-07-22 20:36:25,145] Trial 110 finished with values: [10.769223182268185, 10.769223182268185] and parameters: {'k1': 0.0004381141781653137, 'D_low': 10701.364911724935, 'k2': 2.80643901112427e-05, 'D_high': 2438.5608340319254, 'fire_exp': 1.6106228944371748, 'P_half': 2562.866600016356, 'pre_dampen_half': 121.71955466763166, 'gpp_af': 0.019476644406315295, 'gpp_b': 1.8193724578178412, 'gpp_d': 22.04022885077013, 'ign_k': 0.003436061384470262, 'ign_c': 0.13035590385085064, 'trop_agb_crit': 6.9878126575720865, 'trop_k_veg': 1.0866718721112656, 'fuel_k': 0.9037328901073198, 'fuel_half': 0.43540407017515786}.
[I 2026-07-22 20:36:25,562] Trial 111 finished with values: [10.76923062527153, 10.76923062527153] and parameters: {'k1': 9.580682294110428e-05, 'D_low': 58096.65602369162, 'k2': 0.00014281536924924868, 'D_high': 1361.558478200329, 'fire_exp': 1.9325784557452017, 'P_half': 1426.8845807630423, 'pre_dampen_half': 0.05732900426367007, 'gpp_af': 0.03619181297408275, 'gpp_b': 0.0003096954600360192, 'gpp_d': 483.22422323215085, 'ign_k': 0.8517034154701658, 'ign_c': 0.7240382572465286, 'trop_agb_crit': 13.373464541638361, 'trop_k_veg': 1.034587866621145, 'fuel_k': 0.45000412754978936, 'fuel_half': 29.09188847499604}.
[I 2026-07-22 20:36:25,980] Trial 112 finished with values: [10.750814420780593, 10.750814420780593] and parameters: {'k1': 0.004898620823554844, 'D_low': 32677.376097937307, 'k2': 0.000252551664529441, 'D_high': 34634.27660734638, 'fire_exp': 1.0871627347485018, 'P_half': 56.22114524476698, 'pre_dampen_half': 331.7366635899375, 'gpp_af': 0.05511595477601764, 'gpp_b': 0.004458440839692221, 'gpp_d': 274.48645214004335, 'ign_k': 0.038563028138793747, 'ign_c': 30.785541778315018, 'trop_agb_crit': 1.626357634890109, 'trop_k_veg': 4.129715873342729, 'fuel_k': 0.025620781631399487, 'fuel_half': 60.223067871697125}.
[I 2026-07-22 20:36:26,397] Trial 113 finished with values: [10.616995126357114, 10.616995126357114] and parameters: {'k1': 9.580682294110428e-05, 'D_low': 757.2751781563962, 'k2': 0.00014281536924924868, 'D_high': 68.70101665590026, 'fire_exp': 1.306941185248186, 'P_half': 29.204338471814108, 'pre_dampen_half': 1.9069966103000422, 'gpp_af': 8.431013932082463, 'gpp_b': 0.00015777663630582464, 'gpp_d': 13.725472882585015, 'ign_k': 0.8517034154701658, 'ign_c': 0.15339162591163621, 'trop_agb_crit': 7.896186801026689, 'trop_k_veg': 0.8022348220849581, 'fuel_k': 0.45000412754978936, 'fuel_half': 70.25166339242158}.
[I 2026-07-22 20:36:26,814] Trial 114 finished with values: [10.694823583096824, 10.694823583096824] and parameters: {'k1': 0.0034207303670092245, 'D_low': 228.34228779494518, 'k2': 2.296989871634208e-05, 'D_high': 61211.32154754238, 'fire_exp': 2.0715108722728917, 'P_half': 102.4585893986732, 'pre_dampen_half': 233.5530649297829, 'gpp_af': 0.2901272149738624, 'gpp_b': 0.0001484082099455773, 'gpp_d': 0.01210428510799503, 'ign_k': 0.013276678836047658, 'ign_c': 0.8053471030316095, 'trop_agb_crit': 8.974255743856958, 'trop_k_veg': 0.8108268204433952, 'fuel_k': 4.0995500417030915, 'fuel_half': 72.7420826493834}.
[I 2026-07-22 20:36:27,223] Trial 115 finished with values: [11.322783834260443, 11.322783834260443] and parameters: {'k1': 0.001906534551939351, 'D_low': 3.8287672160557875, 'k2': 0.002884223471687844, 'D_high': 8716117.989430292, 'fire_exp': 1.1369596031946847, 'P_half': 118.39097834757698, 'pre_dampen_half': 243.70551632385397, 'gpp_af': 5.056419398267455, 'gpp_b': 0.1520878238989275, 'gpp_d': 32.54021513867685, 'ign_k': 0.02741350741975827, 'ign_c': 1.4940577239079738, 'trop_agb_crit': 28.4191188830683, 'trop_k_veg': 4.725456080509074, 'fuel_k': 2.563645943471902, 'fuel_half': 54.91887821601527}.
[I 2026-07-22 20:36:27,636] Trial 116 finished with values: [10.76914251494026, 10.76914251494026] and parameters: {'k1': 3.609310926766545e-05, 'D_low': 102230.72030625111, 'k2': 0.08661811390647975, 'D_high': 14260.70820977934, 'fire_exp': 1.170356190119, 'P_half': 12.280874862135363, 'pre_dampen_half': 0.012358147737023888, 'gpp_af': 37.281556242938564, 'gpp_b': 0.40704318060211064, 'gpp_d': 1.2269699058825152, 'ign_k': 0.012480180965117606, 'ign_c': 16.470698221724305, 'trop_agb_crit': 9.166993035320003, 'trop_k_veg': 4.9897488945787245, 'fuel_k': 0.03745152566257162, 'fuel_half': 0.107891563325261}.
[I 2026-07-22 20:36:28,050] Trial 117 finished with values: [10.769208207600288, 10.769208207600288] and parameters: {'k1': 0.00013894673469237216, 'D_low': 162777.64805093448, 'k2': 7.841214856323651e-05, 'D_high': 6016379.6919274125, 'fire_exp': 2.265608866329626, 'P_half': 7577.314388518511, 'pre_dampen_half': 108.94336258132203, 'gpp_af': 30.231277487962988, 'gpp_b': 0.000809134743599756, 'gpp_d': 0.03550255612313078, 'ign_k': 0.001973268844408891, 'ign_c': 16.421663082032175, 'trop_agb_crit': 16.155001304356414, 'trop_k_veg': 5.437420238162097, 'fuel_k': 0.5604857991960507, 'fuel_half': 12.224921159070403}.
[I 2026-07-22 20:36:28,467] Trial 118 finished with values: [10.768809301060031, 10.768809301060031] and parameters: {'k1': 0.0010495653625093638, 'D_low': 86.64406862241785, 'k2': 0.015161591075671724, 'D_high': 2361235.86415402, 'fire_exp': 1.4951483674354806, 'P_half': 2.0598022365449626, 'pre_dampen_half': 336.44174907538985, 'gpp_af': 0.0028604435659156367, 'gpp_b': 1.0372435026692939, 'gpp_d': 30.190550386581368, 'ign_k': 0.043232642103703305, 'ign_c': 0.4933751600448339, 'trop_agb_crit': 8.576304173303555, 'trop_k_veg': 1.733613253381165, 'fuel_k': 0.3356098860138197, 'fuel_half': 13.924761586031797}.
[I 2026-07-22 20:36:28,884] Trial 119 finished with values: [10.765004036307444, 10.765004036307444] and parameters: {'k1': 3.606519549370447e-05, 'D_low': 166.32295851843423, 'k2': 1.1529924570330218e-05, 'D_high': 15876.930798318135, 'fire_exp': 1.480442702914831, 'P_half': 1426.8845807630423, 'pre_dampen_half': 0.05732900426367007, 'gpp_af': 0.03619181297408275, 'gpp_b': 0.0005843773200430936, 'gpp_d': 0.8423423635296957, 'ign_k': 0.0013618514543392757, 'ign_c': 1.8522006003174372, 'trop_agb_crit': 13.373464541638361, 'trop_k_veg': 2.3411300034414677, 'fuel_k': 0.08919794273963867, 'fuel_half': 29.09188847499604}.
[I 2026-07-22 20:36:29,313] Trial 120 finished with values: [10.723648165446837, 10.723648165446837] and parameters: {'k1': 0.00022704877557909215, 'D_low': 124.52525727440515, 'k2': 0.00014281536924924868, 'D_high': 1361.558478200329, 'fire_exp': 2.2542764775111617, 'P_half': 15.434297335162846, 'pre_dampen_half': 6.792399189485706, 'gpp_af': 0.24002253099641152, 'gpp_b': 0.09594602618277152, 'gpp_d': 483.22422323215085, 'ign_k': 0.26651167490553546, 'ign_c': 4.84649767921908, 'trop_agb_crit': 1.111888584843313, 'trop_k_veg': 3.1470652177597604, 'fuel_k': 0.45000412754978936, 'fuel_half': 0.14265186058187057}.
[I 2026-07-22 20:36:29,729] Trial 121 finished with values: [10.22597930905153, 10.22597930905153] and parameters: {'k1': 9.580682294110428e-05, 'D_low': 4.439648242927527, 'k2': 1.3357240411974104e-05, 'D_high': 65835.85310972678, 'fire_exp': 1.9325784557452017, 'P_half': 15.434297335162846, 'pre_dampen_half': 6.792399189485706, 'gpp_af': 0.24002253099641152, 'gpp_b': 0.0028993292583566945, 'gpp_d': 59.945376567988106, 'ign_k': 0.008226074946221037, 'ign_c': 0.7240382572465286, 'trop_agb_crit': 1.111888584843313, 'trop_k_veg': 1.034587866621145, 'fuel_k': 3.826843441487285, 'fuel_half': 0.14265186058187057}.
[I 2026-07-22 20:36:30,140] Trial 122 finished with values: [10.769227637358062, 10.769227637358062] and parameters: {'k1': 7.011194706512109e-05, 'D_low': 1.4394674438851187, 'k2': 0.008919267853250165, 'D_high': 2203756.8966840184, 'fire_exp': 2.4710223381519936, 'P_half': 3.9963872470333532, 'pre_dampen_half': 9.34659827560161, 'gpp_af': 0.08025170779205826, 'gpp_b': 6.599125487497978, 'gpp_d': 162.4032124640189, 'ign_k': 0.009017965781950594, 'ign_c': 7.495017292334739, 'trop_agb_crit': 4.099573751320914, 'trop_k_veg': 1.0670503756847771, 'fuel_k': 0.06142885035186428, 'fuel_half': 39.27960653222749}.
[I 2026-07-22 20:36:30,568] Trial 123 finished with values: [10.653126057255513, 10.653126057255513] and parameters: {'k1': 0.00021066486017042195, 'D_low': 2.4063018320720926, 'k2': 0.0004976087827261435, 'D_high': 2742371.6496047364, 'fire_exp': 1.10726080528881, 'P_half': 355.00125258511594, 'pre_dampen_half': 0.011396414164620812, 'gpp_af': 0.2204465010099918, 'gpp_b': 2.176805640408474e-05, 'gpp_d': 36.831884165358964, 'ign_k': 0.0029519227433917453, 'ign_c': 17.583640270008498, 'trop_agb_crit': 12.647327018493208, 'trop_k_veg': 1.9658897090912955, 'fuel_k': 0.28328975157735103, 'fuel_half': 1.9170041589170657}.
[I 2026-07-22 20:36:30,986] Trial 124 finished with values: [10.769230647894068, 10.769230647894068] and parameters: {'k1': 2.766282010813135e-05, 'D_low': 251253.34427576896, 'k2': 0.008013508750140624, 'D_high': 38413.034208479745, 'fire_exp': 1.733682976085464, 'P_half': 1316.7465326936142, 'pre_dampen_half': 0.07531064950403674, 'gpp_af': 0.05930765986896688, 'gpp_b': 0.003255540851337478, 'gpp_d': 0.8235550625917107, 'ign_k': 0.014091459170104752, 'ign_c': 0.15412172709801902, 'trop_agb_crit': 1.4121660706207504, 'trop_k_veg': 3.1470652177597604, 'fuel_k': 0.010329084861117386, 'fuel_half': 6.448464724088605}.
[I 2026-07-22 20:36:31,399] Trial 125 finished with values: [10.300175286612621, 10.300175286612621] and parameters: {'k1': 0.0001971137615017176, 'D_low': 2240.9155921647994, 'k2': 0.0004976087827261435, 'D_high': 2742371.6496047364, 'fire_exp': 1.10726080528881, 'P_half': 93.43302657318476, 'pre_dampen_half': 0.2774295811500811, 'gpp_af': 0.2204465010099918, 'gpp_b': 2.176805640408474e-05, 'gpp_d': 2.545074556541602, 'ign_k': 0.0029519227433917453, 'ign_c': 39.52220881906112, 'trop_agb_crit': 3.1419938725278875, 'trop_k_veg': 2.520089655463604, 'fuel_k': 0.014999101825504624, 'fuel_half': 93.29979664603117}.
[I 2026-07-22 20:36:31,817] Trial 126 finished with values: [10.680422235826256, 10.680422235826256] and parameters: {'k1': 0.0011101191524846067, 'D_low': 11.604789380012715, 'k2': 0.010056781316817115, 'D_high': 693439.2750387826, 'fire_exp': 1.9025702662542903, 'P_half': 1524.6518242848613, 'pre_dampen_half': 0.7245868181143029, 'gpp_af': 0.04897515106470033, 'gpp_b': 0.0011087183655158347, 'gpp_d': 450.59526947401275, 'ign_k': 0.20564614086027933, 'ign_c': 5.199673923878318, 'trop_agb_crit': 12.856643861355176, 'trop_k_veg': 4.050700716504253, 'fuel_k': 0.06252517815977368, 'fuel_half': 51.01039893789344}.
[I 2026-07-22 20:36:32,268] Trial 127 finished with values: [10.716658763533633, 10.716658763533633] and parameters: {'k1': 1.3243445838637965e-05, 'D_low': 1.6752866684650682, 'k2': 0.0195165137832656, 'D_high': 1449.2518000731375, 'fire_exp': 1.0425212905832526, 'P_half': 122.73630375458193, 'pre_dampen_half': 565.0116730717867, 'gpp_af': 28.2695515681613, 'gpp_b': 0.005419266601560437, 'gpp_d': 0.02671390178713565, 'ign_k': 0.001609633064821938, 'ign_c': 13.348071559960674, 'trop_agb_crit': 4.84104109932157, 'trop_k_veg': 1.331829048405031, 'fuel_k': 1.0403789263969374, 'fuel_half': 0.17108183937377372}.
[I 2026-07-22 20:36:32,693] Trial 128 finished with values: [10.06675188613778, 10.06675188613778] and parameters: {'k1': 0.00022704877557909215, 'D_low': 216.6574784061471, 'k2': 0.00014281536924924868, 'D_high': 2413579.2291304003, 'fire_exp': 1.4452547028705351, 'P_half': 1316.7465326936142, 'pre_dampen_half': 16.224010950061366, 'gpp_af': 0.002634509839733607, 'gpp_b': 9.327650919528727e-05, 'gpp_d': 352.0481045526035, 'ign_k': 0.26651167490553546, 'ign_c': 0.7240382572465286, 'trop_agb_crit': 2.7395739167173065, 'trop_k_veg': 3.1470652177597604, 'fuel_k': 0.3302507755382605, 'fuel_half': 0.3036855685244964}.
[I 2026-07-22 20:36:33,112] Trial 129 finished with values: [10.769230472027214, 10.769230472027214] and parameters: {'k1': 0.008471801418819975, 'D_low': 2240.9155921647994, 'k2': 8.598664501707758e-05, 'D_high': 2742371.6496047364, 'fire_exp': 1.10726080528881, 'P_half': 1.104970302415413, 'pre_dampen_half': 0.2774295811500811, 'gpp_af': 3.470266988650414, 'gpp_b': 0.0008239138919814073, 'gpp_d': 2.545074556541602, 'ign_k': 4.59148521674054, 'ign_c': 39.52220881906112, 'trop_agb_crit': 3.1419938725278875, 'trop_k_veg': 2.520089655463604, 'fuel_k': 0.07002142869039267, 'fuel_half': 3.75205585512428}.
[I 2026-07-22 20:36:33,526] Trial 130 finished with values: [10.6691292176955, 10.6691292176955] and parameters: {'k1': 1.263794633808287e-05, 'D_low': 4.439648242927527, 'k2': 1.3357240411974104e-05, 'D_high': 65835.85310972678, 'fire_exp': 1.0393230622465692, 'P_half': 94.99072859745384, 'pre_dampen_half': 0.012284844784580964, 'gpp_af': 0.03940055743445144, 'gpp_b': 0.0028993292583566945, 'gpp_d': 59.945376567988106, 'ign_k': 0.008226074946221037, 'ign_c': 0.2031980983842498, 'trop_agb_crit': 2.679156169946616, 'trop_k_veg': 7.732256834860708, 'fuel_k': 3.826843441487285, 'fuel_half': 0.2010796072862617}.
[I 2026-07-22 20:36:33,937] Trial 131 finished with values: [10.725445569351233, 10.725445569351233] and parameters: {'k1': 0.0038341488164556755, 'D_low': 2658.7030147082673, 'k2': 0.0002656971546588439, 'D_high': 8300256.10476198, 'fire_exp': 1.742055699858284, 'P_half': 8.890110660871555, 'pre_dampen_half': 0.03227842705043214, 'gpp_af': 0.005811599743439244, 'gpp_b': 0.0002990517652413063, 'gpp_d': 0.06359264168909615, 'ign_k': 0.005575298138639647, 'ign_c': 1.381594751631993, 'trop_agb_crit': 1.8034072970800916, 'trop_k_veg': 6.00873667277442, 'fuel_k': 0.1543186681155453, 'fuel_half': 3.7457101576243916}.
[I 2026-07-22 20:36:34,347] Trial 132 finished with values: [12.674824069572177, 12.674824069572177] and parameters: {'k1': 0.0009299619346742016, 'D_low': 757.2751781563962, 'k2': 0.0006863458703786212, 'D_high': 422156.2491370542, 'fire_exp': 1.5704801393982246, 'P_half': 1.9977959434035766, 'pre_dampen_half': 43.74654720293282, 'gpp_af': 8.431013932082463, 'gpp_b': 0.00015777663630582464, 'gpp_d': 13.725472882585015, 'ign_k': 0.8517034154701658, 'ign_c': 0.15339162591163621, 'trop_agb_crit': 7.896186801026689, 'trop_k_veg': 2.9556982260250564, 'fuel_k': 0.057024351269772615, 'fuel_half': 70.25166339242158}.
[I 2026-07-22 20:36:34,762] Trial 133 finished with values: [10.699537534566371, 10.699537534566371] and parameters: {'k1': 1.3243445838637965e-05, 'D_low': 11.604789380012715, 'k2': 0.010056781316817115, 'D_high': 693439.2750387826, 'fire_exp': 2.4783442138475, 'P_half': 20.654107883022302, 'pre_dampen_half': 0.7245868181143029, 'gpp_af': 0.08348976445378725, 'gpp_b': 2.852199954727099e-05, 'gpp_d': 450.59526947401275, 'ign_k': 0.001609633064821938, 'ign_c': 13.348071559960674, 'trop_agb_crit': 12.856643861355176, 'trop_k_veg': 4.050700716504253, 'fuel_k': 0.019341658237934812, 'fuel_half': 51.01039893789344}.
[I 2026-07-22 20:36:35,172] Trial 134 finished with values: [10.704431734975095, 10.704431734975095] and parameters: {'k1': 0.012840669372724958, 'D_low': 35.437765484261625, 'k2': 0.0012056765208549535, 'D_high': 7589190.453000005, 'fire_exp': 2.203135761329667, 'P_half': 20.654107883022302, 'pre_dampen_half': 14.689407256107613, 'gpp_af': 0.2991469302130216, 'gpp_b': 2.852199954727099e-05, 'gpp_d': 352.0481045526035, 'ign_k': 0.003252245757497283, 'ign_c': 0.13035590385085064, 'trop_agb_crit': 12.647327018493208, 'trop_k_veg': 3.291143953379188, 'fuel_k': 4.710433409437071, 'fuel_half': 1.3323297901105766}.
[I 2026-07-22 20:36:35,581] Trial 135 finished with values: [10.628899785100598, 10.628899785100598] and parameters: {'k1': 0.00013431925993528124, 'D_low': 1.6752866684650682, 'k2': 4.207988669606632e-05, 'D_high': 86.2913219007186, 'fire_exp': 2.4783442138475, 'P_half': 7.46475488144212, 'pre_dampen_half': 562.0900787064867, 'gpp_af': 7.62192732934522, 'gpp_b': 1.3289448722869181e-05, 'gpp_d': 450.59526947401275, 'ign_k': 2.136832907235876, 'ign_c': 13.348071559960674, 'trop_agb_crit': 1.6034837661963206, 'trop_k_veg': 2.927602344444864, 'fuel_k': 0.07002142869039267, 'fuel_half': 91.83411054064538}.
[I 2026-07-22 20:36:35,996] Trial 136 finished with values: [10.260272300528078, 10.260272300528078] and parameters: {'k1': 0.0009299619346742016, 'D_low': 35.437765484261625, 'k2': 0.010056781316817115, 'D_high': 693439.2750387826, 'fire_exp': 2.203135761329667, 'P_half': 44.71679901231308, 'pre_dampen_half': 14.689407256107613, 'gpp_af': 0.6378078463802856, 'gpp_b': 0.0011087183655158347, 'gpp_d': 0.04409594046630608, 'ign_k': 2.7142572552186843, 'ign_c': 5.199673923878318, 'trop_agb_crit': 1.6034837661963206, 'trop_k_veg': 4.424087923352623, 'fuel_k': 0.03201034713747641, 'fuel_half': 0.43540407017515786}.
[I 2026-07-22 20:36:36,405] Trial 137 finished with values: [10.326592408432978, 10.326592408432978] and parameters: {'k1': 0.008471801418819975, 'D_low': 3.4392679601000533, 'k2': 4.207988669606632e-05, 'D_high': 3202.466937185167, 'fire_exp': 1.4951483674354806, 'P_half': 1.104970302415413, 'pre_dampen_half': 272.9378165037472, 'gpp_af': 3.470266988650414, 'gpp_b': 5.2187377767382e-05, 'gpp_d': 707.2114131472224, 'ign_k': 4.59148521674054, 'ign_c': 0.4933751600448339, 'trop_agb_crit': 1.7024582907699128, 'trop_k_veg': 1.733613253381165, 'fuel_k': 0.07002142869039267, 'fuel_half': 43.38653054883512}.
[I 2026-07-22 20:36:36,814] Trial 138 finished with values: [-0.5301179514496113, 0.17918548029236547] and parameters: {'k1': 0.0001971137615017176, 'D_low': 2240.9155921647994, 'k2': 0.0004976087827261435, 'D_high': 2742371.6496047364, 'fire_exp': 1.10726080528881, 'P_half': 102.4585893986732, 'pre_dampen_half': 0.2774295811500811, 'gpp_af': 0.2901272149738624, 'gpp_b': 0.0001484082099455773, 'gpp_d': 2.545074556541602, 'ign_k': 0.0029519227433917453, 'ign_c': 39.52220881906112, 'trop_agb_crit': 3.1419938725278875, 'trop_k_veg': 6.863422129054256, 'fuel_k': 4.0632364973692425, 'fuel_half': 0.30817917005205625}.
