[I 2026-06-11 01:24:44,110] Trial 307 finished with values: [10.005035777140606, 10.005035777140606] and parameters: {'k1': 0.00026539376439360527, 'D_low': 236.79352040223893, 'k2': 1.1417577140741129e-05, 'D_high': 6682.9607218310075, 'fire_exp': 1.2060040899560858, 'P_half': 5.4712187293420325, 'pre_dampen_half': 189.36639872354493, 'gpp_af': 0.0065783822580709386, 'gpp_b': 0.00031478066835753096, 'gpp_d': 94.19931479490882, 'ign_k': 0.0032383308053152635, 'ign_c': 7.081721844034206, 'trop_agb_crit': 2.100813292597435, 'trop_k_veg': 6.963655030926962, 'fire_amp': 1.5719333351012774}.
[I 2026-06-11 01:24:45,641] Trial 308 finished with values: [10.768939440018396, 10.768939440018396] and parameters: {'k1': 0.00026539376439360527, 'D_low': 1074.940539517341, 'k2': 0.0011135501184757278, 'D_high': 24.9899605789089, 'fire_exp': 1.2918065501148304, 'P_half': 61.6097529474144, 'pre_dampen_half': 4.603480758878793, 'gpp_af': 0.016306190741524337, 'gpp_b': 0.0004125336560355494, 'gpp_d': 0.7698760608299932, 'ign_k': 0.09256855841989636, 'ign_c': 59.52904331761843, 'trop_agb_crit': 2.0527418919564324, 'trop_k_veg': 0.5183533149347164, 'fire_amp': 2.042193818779288}.
[I 2026-06-11 01:24:47,226] Trial 309 finished with values: [10.405522573804046, 10.405522573804046] and parameters: {'k1': 0.00023134781612225627, 'D_low': 2186.356344942016, 'k2': 0.0001280886335404798, 'D_high': 1266.9536563782303, 'fire_exp': 1.111738490499784, 'P_half': 5.4712187293420325, 'pre_dampen_half': 189.36639872354493, 'gpp_af': 14.161176080022173, 'gpp_b': 5.0875243087016374e-05, 'gpp_d': 7.631016235941559, 'ign_k': 0.09256855841989636, 'ign_c': 1.4879588507789996, 'trop_agb_crit': 1.8023542850487386, 'trop_k_veg': 1.6648666152166967, 'fire_amp': 1.5719333351012774}.
[I 2026-06-11 01:24:48,842] Trial 310 finished with values: [10.064178465899298, 10.064178465899298] and parameters: {'k1': 0.00026539376439360527, 'D_low': 1074.940539517341, 'k2': 7.639737756882014e-05, 'D_high': 21.356209987689077, 'fire_exp': 1.111738490499784, 'P_half': 12.262543158860007, 'pre_dampen_half': 189.88136301569827, 'gpp_af': 14.161176080022173, 'gpp_b': 0.12105864607844925, 'gpp_d': 21.899070557043984, 'ign_k': 0.09256855841989636, 'ign_c': 7.832259769732471, 'trop_agb_crit': 1.8023542850487386, 'trop_k_veg': 1.6648666152166967, 'fire_amp': 1.0759744651553196}.
[I 2026-06-11 01:24:50,194] Trial 311 finished with values: [-0.3574405694248317, 0.10534119980730383] and parameters: {'k1': 9.132348475718357e-05, 'D_low': 1.7551403048208316, 'k2': 0.0001280886335404798, 'D_high': 32311.521854410956, 'fire_exp': 1.811096651915224, 'P_half': 5.4712187293420325, 'pre_dampen_half': 121.93011993958949, 'gpp_af': 1.8730788990929563, 'gpp_b': 0.0004360709560327289, 'gpp_d': 0.1619054449471649, 'ign_k': 0.002357279455676982, 'ign_c': 7.081721844034206, 'trop_agb_crit': 12.708819454040446, 'trop_k_veg': 0.5535297685306277, 'fire_amp': 1.5719333351012774}.
[I 2026-06-11 01:24:51,551] Trial 312 finished with values: [10.05676689609275, 10.05676689609275] and parameters: {'k1': 0.00026539376439360527, 'D_low': 408.3047491580097, 'k2': 1.1417577140741129e-05, 'D_high': 24.9899605789089, 'fire_exp': 1.7505406131449859, 'P_half': 12.262543158860007, 'pre_dampen_half': 189.88136301569827, 'gpp_af': 3.030008727251782, 'gpp_b': 0.002416023630607169, 'gpp_d': 21.899070557043984, 'ign_k': 0.00660597889201953, 'ign_c': 1.4879588507789996, 'trop_agb_crit': 1.8023542850487386, 'trop_k_veg': 0.5183533149347164, 'fire_amp': 2.042193818779288}.
[I 2026-06-11 01:24:52,994] Trial 313 finished with values: [10.769230768838547, 10.769230768838547] and parameters: {'k1': 5.178197947282869e-05, 'D_low': 2.843767489444367, 'k2': 0.0499774937030317, 'D_high': 8912.611835817017, 'fire_exp': 8.930248873821906, 'P_half': 51.10120656497163, 'pre_dampen_half': 903.3231300044874, 'gpp_af': 0.005061568304359487, 'gpp_b': 0.015062722325200045, 'gpp_d': 1.0088237648985734, 'ign_k': 0.004020051040432127, 'ign_c': 388.02797007866826, 'trop_agb_crit': 24.199763404822136, 'trop_k_veg': 1.2749676887479542, 'fire_amp': 5.416595007374148}.
[I 2026-06-11 01:24:54,512] Trial 314 finished with values: [10.066394746640897, 10.066394746640897] and parameters: {'k1': 5.7909642338812115e-05, 'D_low': 408.3047491580097, 'k2': 1.1417577140741129e-05, 'D_high': 24.9899605789089, 'fire_exp': 1.7505406131449859, 'P_half': 12.262543158860007, 'pre_dampen_half': 189.88136301569827, 'gpp_af': 3.030008727251782, 'gpp_b': 0.001674375583895437, 'gpp_d': 21.899070557043984, 'ign_k': 0.0032383308053152635, 'ign_c': 1.364908766641693, 'trop_agb_crit': 1.8023542850487386, 'trop_k_veg': 5.453348988480011, 'fire_amp': 2.042193818779288}.
[I 2026-06-11 01:24:56,088] Trial 315 finished with values: [10.741340274479587, 10.741340274479587] and parameters: {'k1': 0.00023134781612225627, 'D_low': 408.3047491580097, 'k2': 0.0002442377596403892, 'D_high': 8912.611835817017, 'fire_exp': 1.811096651915224, 'P_half': 5.4712187293420325, 'pre_dampen_half': 1.4510220269654117, 'gpp_af': 52.24919465719593, 'gpp_b': 0.004411400434514031, 'gpp_d': 1.0088237648985734, 'ign_k': 0.002357279455676982, 'ign_c': 14.709699119495124, 'trop_agb_crit': 2.1989086830950257, 'trop_k_veg': 1.600928934389327, 'fire_amp': 3.139567065154707}.
[I 2026-06-11 01:24:57,442] Trial 316 finished with values: [10.581391711266807, 10.581391711266807] and parameters: {'k1': 0.006079905434073396, 'D_low': 43.2326421037033, 'k2': 4.933751600448335e-05, 'D_high': 42.242359735170886, 'fire_exp': 1.7792742686803427, 'P_half': 38.93835424674703, 'pre_dampen_half': 37.40930273158252, 'gpp_af': 1.9998014714101113, 'gpp_b': 0.00047819318414852577, 'gpp_d': 594.7389794988394, 'ign_k': 0.8945150807271531, 'ign_c': 16.497426799845446, 'trop_agb_crit': 8.0091368834625, 'trop_k_veg': 1.6003641872536711, 'fire_amp': 1.5587346124822492}.
[I 2026-06-11 01:24:58,799] Trial 317 finished with values: [-0.5795716928594723, 0.11808653791255463] and parameters: {'k1': 9.132348475718357e-05, 'D_low': 2186.356344942016, 'k2': 0.0001280886335404798, 'D_high': 20103.283734409175, 'fire_exp': 1.811096651915224, 'P_half': 3.591771421517613, 'pre_dampen_half': 121.93011993958949, 'gpp_af': 0.07118041471054574, 'gpp_b': 5.0875243087016374e-05, 'gpp_d': 0.47379914349407487, 'ign_k': 0.9419612235978201, 'ign_c': 7.081721844034206, 'trop_agb_crit': 1.8023542850487386, 'trop_k_veg': 0.7808079158649266, 'fire_amp': 1.4475279918261055}.
[I 2026-06-11 01:25:00,140] Trial 318 finished with values: [10.544158870319565, 10.544158870319565] and parameters: {'k1': 0.0869690639641868, 'D_low': 236.79352040223893, 'k2': 0.019383858782150494, 'D_high': 6682.9607218310075, 'fire_exp': 1.2060040899560858, 'P_half': 2539.9645554516837, 'pre_dampen_half': 9.044346216330972, 'gpp_af': 0.060029341913968644, 'gpp_b': 2.1309331861011757e-05, 'gpp_d': 2.990423074145505, 'ign_k': 1.6270983114897255, 'ign_c': 1.364908766641693, 'trop_agb_crit': 8.188098178380693, 'trop_k_veg': 0.6618107836658104, 'fire_amp': 2.7806853670293616}.
[I 2026-06-11 01:25:01,736] Trial 319 finished with values: [10.140711848307102, 10.140711848307102] and parameters: {'k1': 0.00023134781612225627, 'D_low': 1.7551403048208316, 'k2': 0.00012498583886387654, 'D_high': 6682.9607218310075, 'fire_exp': 1.811096651915224, 'P_half': 5.4712187293420325, 'pre_dampen_half': 121.93011993958949, 'gpp_af': 0.07118041471054574, 'gpp_b': 0.001674375583895437, 'gpp_d': 0.1619054449471649, 'ign_k': 8.628009047476775, 'ign_c': 7.081721844034206, 'trop_agb_crit': 12.708819454040446, 'trop_k_veg': 0.5535297685306277, 'fire_amp': 2.0822063607840695}.
[I 2026-06-11 01:25:03,273] Trial 320 finished with values: [10.512241718753073, 10.512241718753073] and parameters: {'k1': 9.132348475718357e-05, 'D_low': 2.011190979341456, 'k2': 0.0001280886335404798, 'D_high': 32311.521854410956, 'fire_exp': 1.811096651915224, 'P_half': 5.4712187293420325, 'pre_dampen_half': 121.93011993958949, 'gpp_af': 14.161176080022173, 'gpp_b': 0.0011857788502887916, 'gpp_d': 304.7488318185732, 'ign_k': 0.0029519227433917453, 'ign_c': 1.4879588507789996, 'trop_agb_crit': 2.0527418919564324, 'trop_k_veg': 0.5183533149347164, 'fire_amp': 1.5719333351012774}.
[I 2026-06-11 01:25:04,702] Trial 321 finished with values: [10.717361273479938, 10.717361273479938] and parameters: {'k1': 9.132348475718357e-05, 'D_low': 1.7551403048208316, 'k2': 0.0001870742013766025, 'D_high': 32311.521854410956, 'fire_exp': 1.811096651915224, 'P_half': 51.10120656497163, 'pre_dampen_half': 121.93011993958949, 'gpp_af': 0.005061568304359487, 'gpp_b': 0.015062722325200045, 'gpp_d': 1.0088237648985734, 'ign_k': 0.002357279455676982, 'ign_c': 342.8810943862522, 'trop_agb_crit': 21.380932890222198, 'trop_k_veg': 5.453348988480011, 'fire_amp': 3.1045399027418377}.
[I 2026-06-11 01:25:06,070] Trial 322 finished with values: [10.34754782614486, 10.34754782614486] and parameters: {'k1': 0.037704815040649445, 'D_low': 2267.735223551285, 'k2': 0.0007731571570012607, 'D_high': 32311.521854410956, 'fire_exp': 1.1633452995374232, 'P_half': 318.834644588275, 'pre_dampen_half': 121.93011993958949, 'gpp_af': 0.41874665092828456, 'gpp_b': 0.00031478066835753096, 'gpp_d': 1.0088237648985734, 'ign_k': 0.17320535908244444, 'ign_c': 7.081721844034206, 'trop_agb_crit': 12.708819454040446, 'trop_k_veg': 0.5535297685306277, 'fire_amp': 1.5719333351012774}.
[I 2026-06-11 01:25:07,419] Trial 323 finished with values: [10.845409571558374, 10.845409571558374] and parameters: {'k1': 0.00026539376439360527, 'D_low': 408.3047491580097, 'k2': 8.968733598183248e-05, 'D_high': 83.14160873549643, 'fire_exp': 1.2918065501148304, 'P_half': 1.4551749476072258, 'pre_dampen_half': 189.88136301569827, 'gpp_af': 27.448645214004376, 'gpp_b': 0.006999112505425414, 'gpp_d': 12.151631524283598, 'ign_k': 0.002357279455676982, 'ign_c': 16.497426799845446, 'trop_agb_crit': 21.086120736447015, 'trop_k_veg': 0.5183533149347164, 'fire_amp': 2.7556562114998226}.
[I 2026-06-11 01:25:08,992] Trial 324 finished with values: [10.548139699030395, 10.548139699030395] and parameters: {'k1': 5.7909642338812115e-05, 'D_low': 408.3047491580097, 'k2': 0.0011135501184757278, 'D_high': 8912.611835817017, 'fire_exp': 1.633445707733642, 'P_half': 318.834644588275, 'pre_dampen_half': 903.3231300044874, 'gpp_af': 0.005061568304359487, 'gpp_b': 2.1309331861011757e-05, 'gpp_d': 1.0088237648985734, 'ign_k': 0.00660597889201953, 'ign_c': 14.709699119495124, 'trop_agb_crit': 3.108985631683375, 'trop_k_veg': 0.5450786550840475, 'fire_amp': 2.6192385880432525}.
[I 2026-06-11 01:25:10,638] Trial 325 finished with values: [10.306882940594267, 10.306882940594267] and parameters: {'k1': 0.0003445931091927334, 'D_low': 2186.356344942016, 'k2': 0.019383858782150494, 'D_high': 20103.283734409175, 'fire_exp': 1.811096651915224, 'P_half': 2.226799690893868, 'pre_dampen_half': 18.127341934230078, 'gpp_af': 27.78052183438328, 'gpp_b': 5.0875243087016374e-05, 'gpp_d': 0.47379914349407487, 'ign_k': 0.9419612235978201, 'ign_c': 0.10435856341129002, 'trop_agb_crit': 1.8023542850487386, 'trop_k_veg': 2.99731137426955, 'fire_amp': 2.6192385880432525}.
[I 2026-06-11 01:25:12,108] Trial 326 finished with values: [10.749885607054665, 10.749885607054665] and parameters: {'k1': 0.0004846497679219079, 'D_low': 408.3047491580097, 'k2': 8.968733598183248e-05, 'D_high': 8912.611835817017, 'fire_exp': 1.2918065501148304, 'P_half': 93.43302657318476, 'pre_dampen_half': 0.6960360257735198, 'gpp_af': 0.2204465010099918, 'gpp_b': 0.010307896803108956, 'gpp_d': 0.7698760608299932, 'ign_k': 0.00660597889201953, 'ign_c': 14.709699119495124, 'trop_agb_crit': 2.1989086830950257, 'trop_k_veg': 6.030247256556128, 'fire_amp': 3.1045399027418377}.
[I 2026-06-11 01:25:13,482] Trial 327 finished with values: [10.061631395074606, 10.061631395074606] and parameters: {'k1': 0.0003445931091927334, 'D_low': 2186.356344942016, 'k2': 0.08661811390647982, 'D_high': 1817.0401889219124, 'fire_exp': 1.111738490499784, 'P_half': 1.4551749476072258, 'pre_dampen_half': 8.259599205585761, 'gpp_af': 0.10098504976210308, 'gpp_b': 5.0875243087016374e-05, 'gpp_d': 545.0253444559129, 'ign_k': 0.004105873950290761, 'ign_c': 22.126836566118193, 'trop_agb_crit': 1.8023542850487386, 'trop_k_veg': 1.6648666152166967, 'fire_amp': 1.4475279918261055}.
[I 2026-06-11 01:25:14,886] Trial 328 finished with values: [10.580223320869464, 10.580223320869464] and parameters: {'k1': 9.132348475718357e-05, 'D_low': 1074.940539517341, 'k2': 0.028670350305540694, 'D_high': 21.356209987689077, 'fire_exp': 1.811096651915224, 'P_half': 78.13392238162733, 'pre_dampen_half': 189.88136301569827, 'gpp_af': 0.07118041471054574, 'gpp_b': 5.0875243087016374e-05, 'gpp_d': 21.899070557043984, 'ign_k': 0.09256855841989636, 'ign_c': 7.832259769732471, 'trop_agb_crit': 1.8023542850487386, 'trop_k_veg': 1.6648666152166967, 'fire_amp': 5.667622640988655}.
[I 2026-06-11 01:25:16,239] Trial 329 finished with values: [-0.46483304439338424, 0.18615104706072205] and parameters: {'k1': 9.132348475718357e-05, 'D_low': 1.7551403048208316, 'k2': 4.933751600448335e-05, 'D_high': 55.22071973135807, 'fire_exp': 1.4690410989404576, 'P_half': 5.4712187293420325, 'pre_dampen_half': 220.35141300841897, 'gpp_af': 0.005061568304359487, 'gpp_b': 0.00031478066835753096, 'gpp_d': 76.38081075786287, 'ign_k': 0.0032383308053152635, 'ign_c': 16.497426799845446, 'trop_agb_crit': 2.100813292597435, 'trop_k_veg': 1.6648666152166967, 'fire_amp': 3.1045399027418377}.
[I 2026-06-11 01:25:17,762] Trial 330 finished with values: [10.375919732009713, 10.375919732009713] and parameters: {'k1': 9.132348475718357e-05, 'D_low': 2186.356344942016, 'k2': 1.1417577140741129e-05, 'D_high': 20103.283734409175, 'fire_exp': 1.811096651915224, 'P_half': 12.262543158860007, 'pre_dampen_half': 189.88136301569827, 'gpp_af': 3.030008727251782, 'gpp_b': 5.0875243087016374e-05, 'gpp_d': 0.47379914349407487, 'ign_k': 0.9419612235978201, 'ign_c': 7.081721844034206, 'trop_agb_crit': 1.8023542850487386, 'trop_k_veg': 0.7808079158649266, 'fire_amp': 2.042193818779288}.
[I 2026-06-11 01:25:19,459] Trial 331 finished with values: [10.769230768838547, 10.769230768838547] and parameters: {'k1': 0.01212515722046018, 'D_low': 1.7551403048208316, 'k2': 0.00012498583886387654, 'D_high': 6682.9607218310075, 'fire_exp': 1.811096651915224, 'P_half': 5.4712187293420325, 'pre_dampen_half': 121.93011993958949, 'gpp_af': 0.005061568304359487, 'gpp_b': 0.00031478066835753096, 'gpp_d': 167.46194867675757, 'ign_k': 8.628009047476775, 'ign_c': 110.68683358440691, 'trop_agb_crit': 2.100813292597435, 'trop_k_veg': 0.5535297685306277, 'fire_amp': 3.1045399027418377}.
[I 2026-06-11 01:25:20,795] Trial 332 finished with values: [10.74793016465247, 10.74793016465247] and parameters: {'k1': 9.132348475718357e-05, 'D_low': 1.7551403048208316, 'k2': 0.0002442377596403892, 'D_high': 8912.611835817017, 'fire_exp': 1.4690410989404576, 'P_half': 5.4712187293420325, 'pre_dampen_half': 121.93011993958949, 'gpp_af': 0.005061568304359487, 'gpp_b': 0.05719024141066792, 'gpp_d': 1.0088237648985734, 'ign_k': 0.0032383308053152635, 'ign_c': 342.8810943862522, 'trop_agb_crit': 2.100813292597435, 'trop_k_veg': 5.453348988480011, 'fire_amp': 3.1045399027418377}.
[I 2026-06-11 01:25:22,138] Trial 333 finished with values: [10.723863770970418, 10.723863770970418] and parameters: {'k1': 9.132348475718357e-05, 'D_low': 236.79352040223893, 'k2': 0.019383858782150494, 'D_high': 6682.9607218310075, 'fire_exp': 1.4690410989404576, 'P_half': 3.591771421517613, 'pre_dampen_half': 121.93011993958949, 'gpp_af': 2.5017068255320485, 'gpp_b': 0.001674375583895437, 'gpp_d': 304.7488318185732, 'ign_k': 0.0032383308053152635, 'ign_c': 342.8810943862522, 'trop_agb_crit': 2.100813292597435, 'trop_k_veg': 6.963655030926962, 'fire_amp': 3.1045399027418377}.
[I 2026-06-11 01:25:23,474] Trial 334 finished with values: [10.469383906257482, 10.469383906257482] and parameters: {'k1': 5.178197947282869e-05, 'D_low': 408.3047491580097, 'k2': 0.02065142557895925, 'D_high': 20103.283734409175, 'fire_exp': 1.305777134899723, 'P_half': 2.226799690893868, 'pre_dampen_half': 9.044346216330972, 'gpp_af': 0.004531316405029204, 'gpp_b': 0.001674375583895437, 'gpp_d': 0.4742269251269962, 'ign_k': 0.002357279455676982, 'ign_c': 7.081721844034206, 'trop_agb_crit': 1.8023542850487386, 'trop_k_veg': 0.5471865667052176, 'fire_amp': 2.7806853670293616}.
[I 2026-06-11 01:25:24,957] Trial 335 finished with values: [12.058145916689629, 12.058145916689629] and parameters: {'k1': 9.132348475718357e-05, 'D_low': 408.3047491580097, 'k2': 0.019383858782150494, 'D_high': 8912.611835817017, 'fire_exp': 1.2918065501148304, 'P_half': 3.591771421517613, 'pre_dampen_half': 903.3231300044874, 'gpp_af': 0.005061568304359487, 'gpp_b': 0.001674375583895437, 'gpp_d': 0.7698760608299932, 'ign_k': 0.0032383308053152635, 'ign_c': 14.709699119495124, 'trop_agb_crit': 2.100813292597435, 'trop_k_veg': 6.963655030926962, 'fire_amp': 3.1045399027418377}.
[I 2026-06-11 01:25:26,476] Trial 336 finished with values: [10.167802568418868, 10.167802568418868] and parameters: {'k1': 9.132348475718357e-05, 'D_low': 1.7551403048208316, 'k2': 0.0001280886335404798, 'D_high': 32311.521854410956, 'fire_exp': 1.111738490499784, 'P_half': 12.262543158860007, 'pre_dampen_half': 121.93011993958949, 'gpp_af': 0.005061568304359487, 'gpp_b': 0.00031478066835753096, 'gpp_d': 0.030844007727232167, 'ign_k': 0.0032383308053152635, 'ign_c': 342.8810943862522, 'trop_agb_crit': 2.100813292597435, 'trop_k_veg': 5.453348988480011, 'fire_amp': 2.042193818779288}.
[I 2026-06-11 01:25:27,917] Trial 337 finished with values: [10.763858931598746, 10.763858931598746] and parameters: {'k1': 5.178197947282869e-05, 'D_low': 408.3047491580097, 'k2': 0.0002442377596403892, 'D_high': 32311.521854410956, 'fire_exp': 1.811096651915224, 'P_half': 5.4712187293420325, 'pre_dampen_half': 121.93011993958949, 'gpp_af': 0.005061568304359487, 'gpp_b': 0.004411400434514031, 'gpp_d': 1.6963424566071992, 'ign_k': 0.00660597889201953, 'ign_c': 482.3823303865253, 'trop_agb_crit': 21.086120736447015, 'trop_k_veg': 2.7637004570645405, 'fire_amp': 3.1045399027418377}.
[I 2026-06-11 01:25:29,371] Trial 338 finished with values: [10.713801100543842, 10.713801100543842] and parameters: {'k1': 0.0001599021369655865, 'D_low': 2186.356344942016, 'k2': 0.006802810205786726, 'D_high': 1817.0401889219124, 'fire_exp': 1.2060040899560858, 'P_half': 1.4551749476072258, 'pre_dampen_half': 8.259599205585761, 'gpp_af': 0.005061568304359487, 'gpp_b': 0.010307896803108956, 'gpp_d': 0.7698760608299932, 'ign_k': 0.004105873950290761, 'ign_c': 14.709699119495124, 'trop_agb_crit': 1.8023542850487386, 'trop_k_veg': 1.6648666152166967, 'fire_amp': 1.4475279918261055}.
[I 2026-06-11 01:25:30,733] Trial 339 finished with values: [10.52432966479625, 10.52432966479625] and parameters: {'k1': 5.178197947282869e-05, 'D_low': 408.3047491580097, 'k2': 0.02065142557895925, 'D_high': 31301.15118850836, 'fire_exp': 1.305777134899723, 'P_half': 2.226799690893868, 'pre_dampen_half': 9.044346216330972, 'gpp_af': 0.060029341913968644, 'gpp_b': 0.015062722325200045, 'gpp_d': 0.4742269251269962, 'ign_k': 0.002357279455676982, 'ign_c': 153.51441568398127, 'trop_agb_crit': 24.199763404822136, 'trop_k_veg': 1.2749676887479542, 'fire_amp': 2.7806853670293616}.
[I 2026-06-11 01:25:32,143] Trial 340 finished with values: [-0.5008551369054535, 0.21124618544302498] and parameters: {'k1': 0.0869690639641868, 'D_low': 2.843767489444367, 'k2': 0.0499774937030317, 'D_high': 27.55546207779663, 'fire_exp': 1.111738490499784, 'P_half': 84.3508388778244, 'pre_dampen_half': 121.93011993958949, 'gpp_af': 20.12115544906385, 'gpp_b': 0.006999112505425414, 'gpp_d': 20.81401325574021, 'ign_k': 0.002357279455676982, 'ign_c': 0.2946000090510885, 'trop_agb_crit': 1.8023542850487386, 'trop_k_veg': 0.6618107836658104, 'fire_amp': 2.042193818779288}.
[I 2026-06-11 01:25:33,703] Trial 341 finished with values: [10.761087864180032, 10.761087864180032] and parameters: {'k1': 0.00023134781612225627, 'D_low': 1.7551403048208316, 'k2': 0.0001280886335404798, 'D_high': 32311.521854410956, 'fire_exp': 1.111738490499784, 'P_half': 12.262543158860007, 'pre_dampen_half': 0.04225994826142427, 'gpp_af': 6.384685545228285, 'gpp_b': 0.00031478066835753096, 'gpp_d': 0.1619054449471649, 'ign_k': 0.002357279455676982, 'ign_c': 7.081721844034206, 'trop_agb_crit': 1.8023542850487386, 'trop_k_veg': 0.5535297685306277, 'fire_amp': 2.042193818779288}.
[I 2026-06-11 01:25:35,212] Trial 342 finished with values: [10.749501772327978, 10.749501772327978] and parameters: {'k1': 0.00026539376439360527, 'D_low': 2186.356344942016, 'k2': 0.08661811390647982, 'D_high': 1266.9536563782303, 'fire_exp': 1.111738490499784, 'P_half': 1.4551749476072258, 'pre_dampen_half': 189.36639872354493, 'gpp_af': 37.28155624293858, 'gpp_b': 5.0875243087016374e-05, 'gpp_d': 7.631016235941559, 'ign_k': 0.09256855841989636, 'ign_c': 55.24095129928624, 'trop_agb_crit': 1.8023542850487386, 'trop_k_veg': 1.64857963637888, 'fire_amp': 1.4475279918261055}.
[I 2026-06-11 01:25:36,619] Trial 343 finished with values: [12.930098948819627, 12.930098948819627] and parameters: {'k1': 0.00026539376439360527, 'D_low': 1074.940539517341, 'k2': 0.0011239682517242113, 'D_high': 1266.9536563782303, 'fire_exp': 1.2060040899560858, 'P_half': 1.4551749476072258, 'pre_dampen_half': 189.36639872354493, 'gpp_af': 0.060029341913968644, 'gpp_b': 1.4008921101492135e-05, 'gpp_d': 0.1423472425072452, 'ign_k': 0.0032383308053152635, 'ign_c': 1.364908766641693, 'trop_agb_crit': 2.0527418919564324, 'trop_k_veg': 1.6648666152166967, 'fire_amp': 2.7806853670293616}.
