[I 2026-06-10 19:25:01,934] Trial 222 finished with values: [10.584015731515063, 10.584015731515063] and parameters: {'k1': 0.004177995063991521, 'D_low': 24.28756508761176, 'k2': 0.019383858782150494, 'D_high': 6682.9607218310075, 'fire_exp': 1.2060040899560858, 'P_half': 2.226799690893868, 'pre_dampen_half': 1.8469033699850426, 'gpp_af': 0.005061568304359487, 'gpp_b': 0.004411400434514031, 'gpp_d': 1.4397852866783676, 'ign_k': 0.15974581244256694, 'ign_c': 1.364908766641693, 'trop_agb_crit': 3.430044314610246, 'trop_k_veg': 5.453348988480011, 'fire_amp': 3.1045399027418377}.
[I 2026-06-10 19:25:03,517] Trial 223 finished with values: [10.83333333328067, 10.83333333328067] and parameters: {'k1': 0.0869690639641868, 'D_low': 2396.0796124300746, 'k2': 0.08661811390647982, 'D_high': 1266.9536563782303, 'fire_exp': 1.4848387260494937, 'P_half': 12.280874862135363, 'pre_dampen_half': 30.456909077772018, 'gpp_af': 10.25616274847308, 'gpp_b': 5.0875243087016374e-05, 'gpp_d': 0.4742269251269962, 'ign_k': 1.6270983114897255, 'ign_c': 1.3431925993528124, 'trop_agb_crit': 1.0189592979395135, 'trop_k_veg': 0.6363741063482814, 'fire_amp': 1.4475279918261055}.
[I 2026-06-10 19:25:04,964] Trial 224 finished with values: [10.578995573626365, 10.578995573626365] and parameters: {'k1': 0.012840669372724958, 'D_low': 171.2446447678494, 'k2': 0.003767022142229395, 'D_high': 431.45617043093523, 'fire_exp': 1.0601964743503993, 'P_half': 4.213183643253957, 'pre_dampen_half': 38.00678588560607, 'gpp_af': 1.9706963379095486, 'gpp_b': 0.0004125336560355494, 'gpp_d': 0.7698760608299932, 'ign_k': 0.0029519227433917453, 'ign_c': 48.704711413416454, 'trop_agb_crit': 1.0693376406863295, 'trop_k_veg': 2.520089655463604, 'fire_amp': 4.19233232783727}.
[I 2026-06-10 19:25:06,411] Trial 225 finished with values: [11.639666034098665, 11.639666034098665] and parameters: {'k1': 0.0032360993995751053, 'D_low': 43.03411264066069, 'k2': 1.1417577140741129e-05, 'D_high': 24.9899605789089, 'fire_exp': 1.233919071594971, 'P_half': 12.262543158860007, 'pre_dampen_half': 189.88136301569827, 'gpp_af': 3.030008727251782, 'gpp_b': 0.0012749409641020352, 'gpp_d': 7.631016235941559, 'ign_k': 0.09256855841989636, 'ign_c': 7.832259769732471, 'trop_agb_crit': 3.058280993112277, 'trop_k_veg': 5.636143940068465, 'fire_amp': 5.831305332032283}.
[I 2026-06-10 19:25:07,851] Trial 226 finished with values: [10.504678260486077, 10.504678260486077] and parameters: {'k1': 0.00035868164986275477, 'D_low': 236.79352040223893, 'k2': 0.019383858782150494, 'D_high': 42210.21267871043, 'fire_exp': 1.2060040899560858, 'P_half': 148.17820606039086, 'pre_dampen_half': 4.847666216751353, 'gpp_af': 0.060029341913968644, 'gpp_b': 0.0004125336560355494, 'gpp_d': 1.4397852866783676, 'ign_k': 0.0032383308053152635, 'ign_c': 1.364908766641693, 'trop_agb_crit': 12.9667438075127, 'trop_k_veg': 2.99731137426955, 'fire_amp': 2.7806853670293616}.
[I 2026-06-10 19:25:09,284] Trial 227 finished with values: [10.075278895366159, 10.075278895366159] and parameters: {'k1': 0.0001887567630782227, 'D_low': 2267.735223551285, 'k2': 0.08661811390647982, 'D_high': 949.9072859745386, 'fire_exp': 1.14171776851287, 'P_half': 12.280874862135363, 'pre_dampen_half': 30.456909077772018, 'gpp_af': 1.3954498518315706, 'gpp_b': 5.0875243087016374e-05, 'gpp_d': 47.35384181058586, 'ign_k': 1.6270983114897255, 'ign_c': 0.10435856341129002, 'trop_agb_crit': 8.188098178380693, 'trop_k_veg': 0.6618107836658104, 'fire_amp': 2.6192385880432525}.
[I 2026-06-10 19:25:10,725] Trial 228 finished with values: [10.168789136848334, 10.168789136848334] and parameters: {'k1': 0.03648456083047798, 'D_low': 1.7551403048208316, 'k2': 0.005204862686958021, 'D_high': 42210.21267871043, 'fire_exp': 1.2060040899560858, 'P_half': 61.6097529474144, 'pre_dampen_half': 4.847666216751353, 'gpp_af': 0.07302012718529301, 'gpp_b': 0.00036184510553922684, 'gpp_d': 1.4397852866783676, 'ign_k': 0.0032383308053152635, 'ign_c': 7.081721844034206, 'trop_agb_crit': 2.0527418919564324, 'trop_k_veg': 2.99731137426955, 'fire_amp': 2.7806853670293616}.
[I 2026-06-10 19:25:12,182] Trial 229 finished with values: [10.360717859754729, 10.360717859754729] and parameters: {'k1': 0.03820259936390116, 'D_low': 2267.735223551285, 'k2': 0.02065142557895925, 'D_high': 48235.58283024493, 'fire_exp': 1.305777134899723, 'P_half': 18.93453091519153, 'pre_dampen_half': 562.7426550259207, 'gpp_af': 56.62858823465573, 'gpp_b': 2.800940363375676e-05, 'gpp_d': 14.427333163005196, 'ign_k': 0.06219881174029358, 'ign_c': 1.488823059798356, 'trop_agb_crit': 3.058280993112277, 'trop_k_veg': 3.226732148133099, 'fire_amp': 2.6192385880432525}.
[I 2026-06-10 19:25:13,669] Trial 230 finished with values: [10.682905127365816, 10.682905127365816] and parameters: {'k1': 0.03648456083047798, 'D_low': 236.79352040223893, 'k2': 1.1049703024154134e-05, 'D_high': 6682.9607218310075, 'fire_exp': 1.2060040899560858, 'P_half': 782.8534228218628, 'pre_dampen_half': 562.7426550259207, 'gpp_af': 0.3015634307185767, 'gpp_b': 0.001674375583895437, 'gpp_d': 1.4397852866783676, 'ign_k': 0.002357279455676982, 'ign_c': 388.02797007866826, 'trop_agb_crit': 1.456074715900995, 'trop_k_veg': 2.8926781829782864, 'fire_amp': 2.7806853670293616}.
[I 2026-06-10 19:25:15,178] Trial 231 finished with values: [10.785286167750927, 10.785286167750927] and parameters: {'k1': 0.006079905434073396, 'D_low': 12.105387404469584, 'k2': 0.003767022142229395, 'D_high': 42.242359735170886, 'fire_exp': 1.14171776851287, 'P_half': 157.80309954142965, 'pre_dampen_half': 9.044346216330972, 'gpp_af': 0.09885838682552685, 'gpp_b': 0.00047819318414852577, 'gpp_d': 46.010874324515754, 'ign_k': 0.00840038491455979, 'ign_c': 16.497426799845446, 'trop_agb_crit': 1.0693376406863295, 'trop_k_veg': 1.6003641872536711, 'fire_amp': 1.5587346124822492}.
[I 2026-06-10 19:25:16,623] Trial 232 finished with values: [10.569111861830226, 10.569111861830226] and parameters: {'k1': 0.00026539376439360527, 'D_low': 1074.940539517341, 'k2': 1.1049703024154134e-05, 'D_high': 21.095259085905752, 'fire_exp': 1.1633452995374232, 'P_half': 7.598586431588784, 'pre_dampen_half': 1.8469033699850426, 'gpp_af': 1.9706963379095486, 'gpp_b': 0.03719354588132657, 'gpp_d': 14.427333163005196, 'ign_k': 0.17320535908244444, 'ign_c': 0.4177928311636542, 'trop_agb_crit': 1.0693376406863295, 'trop_k_veg': 5.453348988480011, 'fire_amp': 3.8500040010232275}.
[I 2026-06-10 19:25:18,123] Trial 233 finished with values: [10.458950547349772, 10.458950547349772] and parameters: {'k1': 0.0869690639641868, 'D_low': 2267.735223551285, 'k2': 0.02065142557895925, 'D_high': 48235.58283024493, 'fire_exp': 1.9095652801045373, 'P_half': 96.70857606743157, 'pre_dampen_half': 1.6130673726933187, 'gpp_af': 10.25616274847308, 'gpp_b': 2.800940363375676e-05, 'gpp_d': 26.07917317941345, 'ign_k': 1.6270983114897255, 'ign_c': 0.6235377135673155, 'trop_agb_crit': 1.0189592979395135, 'trop_k_veg': 0.6175053058034194, 'fire_amp': 2.6192385880432525}.
[I 2026-06-10 19:25:19,566] Trial 234 finished with values: [10.328928989735711, 10.328928989735711] and parameters: {'k1': 0.00026539376439360527, 'D_low': 2186.356344942016, 'k2': 0.0007731571570012607, 'D_high': 1266.9536563782303, 'fire_exp': 1.111738490499784, 'P_half': 1.4551749476072258, 'pre_dampen_half': 189.36639872354493, 'gpp_af': 3.298293484806585, 'gpp_b': 0.006999112505425414, 'gpp_d': 7.631016235941559, 'ign_k': 0.8945150807271531, 'ign_c': 7.832259769732471, 'trop_agb_crit': 1.8023542850487386, 'trop_k_veg': 1.6648666152166967, 'fire_amp': 2.042193818779288}.
[I 2026-06-10 19:25:21,198] Trial 235 finished with values: [10.750755078917434, 10.750755078917434] and parameters: {'k1': 0.0032360993995751053, 'D_low': 1.605843632310088, 'k2': 2.316457903103837e-05, 'D_high': 6682.9607218310075, 'fire_exp': 1.233919071594971, 'P_half': 774.5825831079144, 'pre_dampen_half': 4.847666216751353, 'gpp_af': 14.161176080022173, 'gpp_b': 0.0012749409641020352, 'gpp_d': 1.4397852866783676, 'ign_k': 0.00660597889201953, 'ign_c': 1.4879588507789996, 'trop_agb_crit': 12.9667438075127, 'trop_k_veg': 2.99731137426955, 'fire_amp': 2.7806853670293616}.
[I 2026-06-10 19:25:22,690] Trial 236 finished with values: [10.79292492797235, 10.79292492797235] and parameters: {'k1': 0.0018697387216131526, 'D_low': 1074.940539517341, 'k2': 1.1417577140741129e-05, 'D_high': 29.126651668813768, 'fire_exp': 1.111738490499784, 'P_half': 2539.9645554516837, 'pre_dampen_half': 16.009350908593582, 'gpp_af': 3.298293484806585, 'gpp_b': 0.00807491410172472, 'gpp_d': 2.990423074145505, 'ign_k': 0.07867677706257832, 'ign_c': 7.832259769732471, 'trop_agb_crit': 12.708819454040446, 'trop_k_veg': 0.5535297685306277, 'fire_amp': 2.042193818779288}.
[I 2026-06-10 19:25:24,117] Trial 237 finished with values: [10.673429171460155, 10.673429171460155] and parameters: {'k1': 0.0008362695993649681, 'D_low': 1.4002277211577039, 'k2': 0.02939607009739149, 'D_high': 1817.0401889219124, 'fire_exp': 1.1633452995374232, 'P_half': 1265.0580856641704, 'pre_dampen_half': 1.8469033699850426, 'gpp_af': 1.7775411110039254, 'gpp_b': 0.004411400434514031, 'gpp_d': 1.0088237648985734, 'ign_k': 3.6309591863459096, 'ign_c': 23.422386257929038, 'trop_agb_crit': 1.8566494291193822, 'trop_k_veg': 5.453348988480011, 'fire_amp': 5.44779717154213}.
[I 2026-06-10 19:25:25,565] Trial 238 finished with values: [10.782209953718208, 10.782209953718208] and parameters: {'k1': 0.00026539376439360527, 'D_low': 2186.356344942016, 'k2': 0.02065142557895925, 'D_high': 48235.58283024493, 'fire_exp': 6.678531303406035, 'P_half': 12.262543158860007, 'pre_dampen_half': 1.6130673726933187, 'gpp_af': 3.298293484806585, 'gpp_b': 5.0875243087016374e-05, 'gpp_d': 0.030844007727232167, 'ign_k': 0.09256855841989636, 'ign_c': 0.6235377135673155, 'trop_agb_crit': 3.058280993112277, 'trop_k_veg': 1.6648666152166967, 'fire_amp': 2.042193818779288}.
[I 2026-06-10 19:25:26,954] Trial 239 finished with values: [10.681201712741949, 10.681201712741949] and parameters: {'k1': 0.00026539376439360527, 'D_low': 12.172958098369968, 'k2': 1.1049703024154134e-05, 'D_high': 267.3088310781672, 'fire_exp': 1.0812994412809738, 'P_half': 157.3644610977214, 'pre_dampen_half': 11.669626228257902, 'gpp_af': 97.64961889396923, 'gpp_b': 0.027582100003239053, 'gpp_d': 14.427333163005196, 'ign_k': 0.002357279455676982, 'ign_c': 7.832259769732471, 'trop_agb_crit': 1.8023542850487386, 'trop_k_veg': 1.6648666152166967, 'fire_amp': 2.042193818779288}.
[I 2026-06-10 19:25:28,402] Trial 240 finished with values: [10.82891966301858, 10.82891966301858] and parameters: {'k1': 0.0001971137615017176, 'D_low': 1.7551403048208316, 'k2': 0.045914852167405346, 'D_high': 16780.50857913099, 'fire_exp': 1.41873960828944, 'P_half': 24.617096698415132, 'pre_dampen_half': 16.009350908593582, 'gpp_af': 0.008117091133892173, 'gpp_b': 0.00807491410172472, 'gpp_d': 12.338826503601998, 'ign_k': 0.07867677706257832, 'ign_c': 51.53053011412483, 'trop_agb_crit': 12.708819454040446, 'trop_k_veg': 0.5535297685306277, 'fire_amp': 1.5719333351012774}.
[I 2026-06-10 19:25:29,939] Trial 241 finished with values: [10.601383222794503, 10.601383222794503] and parameters: {'k1': 0.00023134781612225627, 'D_low': 50.32059347286801, 'k2': 0.0001280886335404798, 'D_high': 32311.521854410956, 'fire_exp': 1.6901885781909627, 'P_half': 5.4712187293420325, 'pre_dampen_half': 42.05657072871069, 'gpp_af': 20.12115544906385, 'gpp_b': 1.1008110571039521e-05, 'gpp_d': 0.1619054449471649, 'ign_k': 0.002357279455676982, 'ign_c': 0.773448215664679, 'trop_agb_crit': 1.2489332852689512, 'trop_k_veg': 0.5535297685306277, 'fire_amp': 2.7556562114998226}.
[I 2026-06-10 19:25:31,314] Trial 242 finished with values: [10.642353688441695, 10.642353688441695] and parameters: {'k1': 0.03820259936390116, 'D_low': 36.04182012888637, 'k2': 1.1049703024154134e-05, 'D_high': 41833.85682146036, 'fire_exp': 1.233919071594971, 'P_half': 18.93453091519153, 'pre_dampen_half': 562.7426550259207, 'gpp_af': 56.62858823465573, 'gpp_b': 0.027582100003239053, 'gpp_d': 14.427333163005196, 'ign_k': 0.06219881174029358, 'ign_c': 1.1698039424426816, 'trop_agb_crit': 3.058280993112277, 'trop_k_veg': 3.226732148133099, 'fire_amp': 3.8500040010232275}.
[I 2026-06-10 19:25:32,757] Trial 243 finished with values: [10.833329748868604, 10.833329748868604] and parameters: {'k1': 0.0326979063339169, 'D_low': 1074.940539517341, 'k2': 1.1417577140741129e-05, 'D_high': 32311.521854410956, 'fire_exp': 1.0601964743503993, 'P_half': 12.262543158860007, 'pre_dampen_half': 42.05657072871069, 'gpp_af': 20.12115544906385, 'gpp_b': 0.6089142387470042, 'gpp_d': 0.12878367369717508, 'ign_k': 0.4303356629825978, 'ign_c': 48.704711413416454, 'trop_agb_crit': 1.2489332852689512, 'trop_k_veg': 1.6648666152166967, 'fire_amp': 1.5719333351012774}.
[I 2026-06-10 19:25:34,161] Trial 244 finished with values: [10.829883209811767, 10.829883209811767] and parameters: {'k1': 0.00031134168041628584, 'D_low': 12.105387404469584, 'k2': 3.152468275632564e-05, 'D_high': 431.45617043093523, 'fire_exp': 1.14171776851287, 'P_half': 157.80309954142965, 'pre_dampen_half': 9.044346216330972, 'gpp_af': 56.62858823465573, 'gpp_b': 1.2690840169394997, 'gpp_d': 0.26636419343091605, 'ign_k': 0.00840038491455979, 'ign_c': 1.488823059798356, 'trop_agb_crit': 19.102873436429586, 'trop_k_veg': 2.1406449943451844, 'fire_amp': 2.6192385880432525}.
[I 2026-06-10 19:25:35,620] Trial 245 finished with values: [10.622695450989793, 10.622695450989793] and parameters: {'k1': 0.0869690639641868, 'D_low': 1.605843632310088, 'k2': 0.02065142557895925, 'D_high': 48235.58283024493, 'fire_exp': 1.9095652801045373, 'P_half': 61.6097529474144, 'pre_dampen_half': 4.603480758878793, 'gpp_af': 0.016306190741524337, 'gpp_b': 0.0004125336560355494, 'gpp_d': 0.7698760608299932, 'ign_k': 0.0029519227433917453, 'ign_c': 0.6235377135673155, 'trop_agb_crit': 2.0527418919564324, 'trop_k_veg': 2.520089655463604, 'fire_amp': 2.6192385880432525}.
[I 2026-06-10 19:25:37,083] Trial 246 finished with values: [10.660622941951127, 10.660622941951127] and parameters: {'k1': 0.006814781046529926, 'D_low': 171.2446447678494, 'k2': 0.02065142557895925, 'D_high': 42210.21267871043, 'fire_exp': 1.9095652801045373, 'P_half': 118.94665366442581, 'pre_dampen_half': 4.603480758878793, 'gpp_af': 10.25616274847308, 'gpp_b': 2.800940363375676e-05, 'gpp_d': 0.4742269251269962, 'ign_k': 0.0029519227433917453, 'ign_c': 0.6235377135673155, 'trop_agb_crit': 1.0189592979395135, 'trop_k_veg': 4.796046723963646, 'fire_amp': 2.6192385880432525}.
[I 2026-06-10 19:25:38,459] Trial 247 finished with values: [10.362155601615994, 10.362155601615994] and parameters: {'k1': 5.7909642338812115e-05, 'D_low': 2228.7087260110166, 'k2': 0.0007731571570012607, 'D_high': 1817.0401889219124, 'fire_exp': 1.111738490499784, 'P_half': 774.5825831079144, 'pre_dampen_half': 189.36639872354493, 'gpp_af': 3.298293484806585, 'gpp_b': 0.002416023630607169, 'gpp_d': 1.0088237648985734, 'ign_k': 0.09256855841989636, 'ign_c': 2.2882309479728957, 'trop_agb_crit': 8.462233625364036, 'trop_k_veg': 5.453348988480011, 'fire_amp': 5.44779717154213}.
[I 2026-06-10 19:25:39,897] Trial 248 finished with values: [10.828382950139188, 10.828382950139188] and parameters: {'k1': 0.006164329525571074, 'D_low': 236.79352040223893, 'k2': 0.019383858782150494, 'D_high': 6682.9607218310075, 'fire_exp': 1.811096651915224, 'P_half': 61.6097529474144, 'pre_dampen_half': 4.847666216751353, 'gpp_af': 0.060029341913968644, 'gpp_b': 0.12046049142392454, 'gpp_d': 0.1619054449471649, 'ign_k': 0.002357279455676982, 'ign_c': 7.081721844034206, 'trop_agb_crit': 2.0527418919564324, 'trop_k_veg': 2.520089655463604, 'fire_amp': 2.7806853670293616}.
[I 2026-06-10 19:25:41,356] Trial 249 finished with values: [10.829057151370321, 10.829057151370321] and parameters: {'k1': 0.00031134168041628584, 'D_low': 408.3047491580097, 'k2': 0.002981573452453104, 'D_high': 24.9899605789089, 'fire_exp': 1.233919071594971, 'P_half': 1025.3368317956683, 'pre_dampen_half': 38.00678588560607, 'gpp_af': 56.62858823465573, 'gpp_b': 1.4540386644083135e-05, 'gpp_d': 14.427333163005196, 'ign_k': 0.00840038491455979, 'ign_c': 48.704711413416454, 'trop_agb_crit': 21.086120736447015, 'trop_k_veg': 0.5183533149347164, 'fire_amp': 1.3286749923230772}.
[I 2026-06-10 19:25:42,779] Trial 250 finished with values: [10.194923239158904, 10.194923239158904] and parameters: {'k1': 0.00031134168041628584, 'D_low': 12.105387404469584, 'k2': 0.0004976087827261435, 'D_high': 42210.21267871043, 'fire_exp': 1.2918065501148304, 'P_half': 157.80309954142965, 'pre_dampen_half': 253.71947027764784, 'gpp_af': 0.09885838682552685, 'gpp_b': 1.4540386644083135e-05, 'gpp_d': 0.03927259340973166, 'ign_k': 0.0029519227433917453, 'ign_c': 39.52220881906114, 'trop_agb_crit': 12.647327018493208, 'trop_k_veg': 0.6618107836658104, 'fire_amp': 5.606809127618709}.
[I 2026-06-10 19:25:44,224] Trial 251 finished with values: [12.048413735401617, 12.048413735401617] and parameters: {'k1': 0.03648456083047798, 'D_low': 43.2326421037033, 'k2': 0.005204862686958021, 'D_high': 1817.0401889219124, 'fire_exp': 1.2060040899560858, 'P_half': 2.226799690893868, 'pre_dampen_half': 903.3231300044874, 'gpp_af': 3.298293484806585, 'gpp_b': 0.001674375583895437, 'gpp_d': 1.4397852866783676, 'ign_k': 0.8945150807271531, 'ign_c': 7.832259769732471, 'trop_agb_crit': 2.1989086830950257, 'trop_k_veg': 2.99731137426955, 'fire_amp': 5.44779717154213}.
[I 2026-06-10 19:25:45,743] Trial 252 finished with values: [10.616726626972039, 10.616726626972039] and parameters: {'k1': 0.0869690639641868, 'D_low': 408.3047491580097, 'k2': 0.019383858782150494, 'D_high': 6682.9607218310075, 'fire_exp': 1.7505406131449859, 'P_half': 2.226799690893868, 'pre_dampen_half': 9.044346216330972, 'gpp_af': 10.25616274847308, 'gpp_b': 0.002416023630607169, 'gpp_d': 1.4397852866783676, 'ign_k': 0.0032383308053152635, 'ign_c': 1.364908766641693, 'trop_agb_crit': 12.9667438075127, 'trop_k_veg': 2.99731137426955, 'fire_amp': 2.6192385880432525}.
[I 2026-06-10 19:25:47,245] Trial 253 finished with values: [10.884002964591089, 10.884002964591089] and parameters: {'k1': 0.03820259936390116, 'D_low': 50.32059347286801, 'k2': 0.03071666851587867, 'D_high': 1817.0401889219124, 'fire_exp': 1.069663761954776, 'P_half': 18.93453091519153, 'pre_dampen_half': 562.7426550259207, 'gpp_af': 0.8057329182285734, 'gpp_b': 0.027582100003239053, 'gpp_d': 1.0088237648985734, 'ign_k': 0.06219881174029358, 'ign_c': 0.1611736893633666, 'trop_agb_crit': 3.058280993112277, 'trop_k_veg': 3.226732148133099, 'fire_amp': 3.8500040010232275}.
[I 2026-06-10 19:25:48,733] Trial 254 finished with values: [-0.6507661973713256, 0.3606203283755691] and parameters: {'k1': 0.012840669372724958, 'D_low': 16.480446427978972, 'k2': 0.0001280886335404798, 'D_high': 20103.283734409175, 'fire_exp': 1.811096651915224, 'P_half': 5.4712187293420325, 'pre_dampen_half': 121.93011993958949, 'gpp_af': 0.004409093791567215, 'gpp_b': 0.0015782327810795573, 'gpp_d': 0.47379914349407487, 'ign_k': 0.9419612235978201, 'ign_c': 7.081721844034206, 'trop_agb_crit': 2.100813292597435, 'trop_k_veg': 0.7808079158649266, 'fire_amp': 3.8500040010232275}.
[I 2026-06-10 19:25:50,234] Trial 255 finished with values: [11.691282061621425, 11.691282061621425] and parameters: {'k1': 0.0869690639641868, 'D_low': 43.2326421037033, 'k2': 0.0007731571570012607, 'D_high': 48235.58283024493, 'fire_exp': 1.9095652801045373, 'P_half': 1.4551749476072258, 'pre_dampen_half': 903.3231300044874, 'gpp_af': 10.25616274847308, 'gpp_b': 0.006999112505425414, 'gpp_d': 0.4742269251269962, 'ign_k': 0.8945150807271531, 'ign_c': 7.832259769732471, 'trop_agb_crit': 1.0189592979395135, 'trop_k_veg': 5.453348988480011, 'fire_amp': 5.44779717154213}.
[I 2026-06-10 19:25:51,810] Trial 256 finished with values: [10.786852606915765, 10.786852606915765] and parameters: {'k1': 0.00035868164986275477, 'D_low': 171.2446447678494, 'k2': 2.316457903103837e-05, 'D_high': 24.9899605789089, 'fire_exp': 1.233919071594971, 'P_half': 774.5825831079144, 'pre_dampen_half': 4.603480758878793, 'gpp_af': 10.25616274847308, 'gpp_b': 0.0012749409641020352, 'gpp_d': 0.7698760608299932, 'ign_k': 1.2273800987852967, 'ign_c': 1.4879588507789996, 'trop_agb_crit': 1.0189592979395135, 'trop_k_veg': 5.636143940068465, 'fire_amp': 1.2393473789150806}.
[I 2026-06-10 19:25:53,328] Trial 257 finished with values: [10.734480535860607, 10.734480535860607] and parameters: {'k1': 0.006079905434073396, 'D_low': 408.3047491580097, 'k2': 8.968733598183248e-05, 'D_high': 18701.140647651915, 'fire_exp': 1.7505406131449859, 'P_half': 118.94665366442581, 'pre_dampen_half': 9.044346216330972, 'gpp_af': 1.9998014714101113, 'gpp_b': 0.002416023630607169, 'gpp_d': 21.899070557043984, 'ign_k': 0.00660597889201953, 'ign_c': 0.6235377135673155, 'trop_agb_crit': 21.086120736447015, 'trop_k_veg': 5.022956259243681, 'fire_amp': 1.5587346124822492}.
[I 2026-06-10 19:25:54,878] Trial 258 finished with values: [10.701469773277497, 10.701469773277497] and parameters: {'k1': 0.00026539376439360527, 'D_low': 50.32059347286801, 'k2': 0.0001280886335404798, 'D_high': 1266.9536563782303, 'fire_exp': 1.111738490499784, 'P_half': 1.4551749476072258, 'pre_dampen_half': 3.4461856429915305, 'gpp_af': 56.62858823465573, 'gpp_b': 0.006999112505425414, 'gpp_d': 0.26636419343091605, 'ign_k': 0.03845635122720663, 'ign_c': 7.832259769732471, 'trop_agb_crit': 1.2489332852689512, 'trop_k_veg': 0.5089315327929785, 'fire_amp': 3.890668402773863}.
