[I 2026-08-19 15:13:09,602] Trial 898 finished with value: -0.5843769789464633 and parameters: {'k1': 0.006945514583329119, 'D_low': 113.17977927663634, 'k2': 0.00020231450523346, 'D_high': 4492665.657811785, 'fire_exp': 3.1237765249261624, 'P_half': 326.87516012735483, 'pre_dampen_half': 45.33370538553787, 'gpp_af': 0.0014930862611158178, 'gpp_b': 1.611283829388268e-05, 'gpp_d': 0.01076215657261858, 'ign_k': 0.9358730551528763, 'ign_c': 0.31662115198403135, 'trop_agb_crit': 21.609097163135743, 'trop_k_veg': 1.062589107290386, 'pop_amp': 2.415455590169839, 'pop_peak': 25.266308891144874, 'pop_sig': 0.779775532482722, 'fuel_k': 0.10970789685818078, 'fuel_half': 1.0642687051670963}. Best is trial 421 with value: -0.6216386034937503.
[I 2026-08-19 15:13:12,514] Trial 899 finished with value: -0.5490972270631748 and parameters: {'k1': 0.01017642825183912, 'D_low': 1.9656042180442805, 'k2': 0.003443756026698232, 'D_high': 132349.56798349076, 'fire_exp': 1.5417633032024705, 'P_half': 484.5777926474055, 'pre_dampen_half': 48.18821167004247, 'gpp_af': 0.017064424783875137, 'gpp_b': 0.001805672801891237, 'gpp_d': 1.2243951223536458, 'ign_k': 0.1884305117464923, 'ign_c': 9.822946366325437, 'trop_agb_crit': 25.144222101062464, 'trop_k_veg': 5.686359854769751, 'pop_amp': 0.020912650351489925, 'pop_peak': 496.63983957402303, 'pop_sig': 0.3547751766230417, 'fuel_k': 0.8995286623830824, 'fuel_half': 0.23621652728405282}. Best is trial 421 with value: -0.6216386034937503.
[I 2026-08-19 15:13:15,447] Trial 900 finished with value: -0.4350918350130299 and parameters: {'k1': 0.003421965978350776, 'D_low': 2920.811653458388, 'k2': 0.00018101647019187788, 'D_high': 327315.62568461936, 'fire_exp': 1.0250222676083727, 'P_half': 97.39350373205826, 'pre_dampen_half': 130.11691549687845, 'gpp_af': 0.0660969046760329, 'gpp_b': 0.00014026591879133773, 'gpp_d': 10.540282586366645, 'ign_k': 2.0790931913205157, 'ign_c': 3.9915571509421826, 'trop_agb_crit': 15.336176917029801, 'trop_k_veg': 2.96580054963008, 'pop_amp': 0.0012681327338335084, 'pop_peak': 3.2904338894557426, 'pop_sig': 0.3293371422293971, 'fuel_k': 2.4613436603196965, 'fuel_half': 1.5428522821369672}. Best is trial 421 with value: -0.6216386034937503.
[I 2026-08-19 15:13:18,672] Trial 901 finished with value: -0.537949036856438 and parameters: {'k1': 0.0001441064011152589, 'D_low': 682.8365498582095, 'k2': 0.0007950606908712275, 'D_high': 178486.7906199838, 'fire_exp': 1.5720875832196646, 'P_half': 7.220928503303455, 'pre_dampen_half': 2.3474197855105348, 'gpp_af': 1.2322857877075932, 'gpp_b': 0.00839398487641696, 'gpp_d': 7.614624247403548, 'ign_k': 0.032752376797786156, 'ign_c': 0.30948261149243145, 'trop_agb_crit': 17.38469369854057, 'trop_k_veg': 0.760841554475547, 'pop_amp': 0.302951950993263, 'pop_peak': 957.7795974487344, 'pop_sig': 0.34438670310355063, 'fuel_k': 0.798001332763966, 'fuel_half': 0.12376752558869632}. Best is trial 421 with value: -0.6216386034937503.
[I 2026-08-19 15:13:22,020] Trial 902 finished with value: -0.531157146106876 and parameters: {'k1': 0.0014512009526428604, 'D_low': 1.5503890141299375, 'k2': 0.00015756947575505404, 'D_high': 2646968.4164655046, 'fire_exp': 1.4493702260126535, 'P_half': 4.562083173875621, 'pre_dampen_half': 2.023520534286171, 'gpp_af': 1.1362310158638305, 'gpp_b': 0.0001778290662903867, 'gpp_d': 1.9200703807297643, 'ign_k': 0.999229691264772, 'ign_c': 12.68182310450029, 'trop_agb_crit': 8.129328389778262, 'trop_k_veg': 7.578049360794898, 'pop_amp': 0.07775334961689723, 'pop_peak': 13.968698488450034, 'pop_sig': 0.28389720073591707, 'fuel_k': 3.8154052813197614, 'fuel_half': 0.17939898272265642}. Best is trial 421 with value: -0.6216386034937503.
[I 2026-08-19 15:13:25,872] Trial 903 finished with value: -0.5052050620906222 and parameters: {'k1': 0.06626520631966461, 'D_low': 34.20144571320727, 'k2': 6.879300025946407e-05, 'D_high': 1105125.2433883173, 'fire_exp': 1.0671491361989003, 'P_half': 114.05336126556524, 'pre_dampen_half': 1.6626517790820856, 'gpp_af': 0.0022763093047271244, 'gpp_b': 0.008632036035830565, 'gpp_d': 0.017464781250079074, 'ign_k': 0.24228558190697408, 'ign_c': 2.6916881536888124, 'trop_agb_crit': 6.223489271918976, 'trop_k_veg': 7.827763616901034, 'pop_amp': 0.0351920060637309, 'pop_peak': 0.056897815406461605, 'pop_sig': 0.4818146350531583, 'fuel_k': 3.942324028670379, 'fuel_half': 0.6099870164423837}. Best is trial 421 with value: -0.6216386034937503.
  trial  904/2500  best_overall=0.6216  (49.4 min)
[I 2026-08-19 15:13:30,818] Trial 904 finished with value: -0.5408697406060953 and parameters: {'k1': 0.004646227478588583, 'D_low': 317.24618203381084, 'k2': 1.6888276021904895e-05, 'D_high': 1534597.8920561452, 'fire_exp': 3.7873514658660437, 'P_half': 240.33551169515118, 'pre_dampen_half': 0.23533574384062125, 'gpp_af': 0.04870394841366963, 'gpp_b': 6.647821182948307e-05, 'gpp_d': 7.357044964269813, 'ign_k': 0.038663020598589816, 'ign_c': 1.5352298896382843, 'trop_agb_crit': 22.199595181645094, 'trop_k_veg': 4.118956265633713, 'pop_amp': 15.099664794342281, 'pop_peak': 4.114788927238842, 'pop_sig': 0.8537377326662015, 'fuel_k': 0.022200910771997373, 'fuel_half': 0.8742036728118121}. Best is trial 421 with value: -0.6216386034937503.
[I 2026-08-19 15:13:33,491] Trial 905 finished with value: -0.5991834399861322 and parameters: {'k1': 0.00021233297805078706, 'D_low': 9.839199509436181, 'k2': 0.0008685193651331368, 'D_high': 806674.334304061, 'fire_exp': 1.0326263164658454, 'P_half': 1.1886652987147512, 'pre_dampen_half': 0.40210734288589667, 'gpp_af': 0.03281858212257997, 'gpp_b': 0.0006735706029863834, 'gpp_d': 0.5045384669529315, 'ign_k': 0.015807958894833985, 'ign_c': 0.8766379482089344, 'trop_agb_crit': 10.63080775115846, 'trop_k_veg': 1.7075709532160939, 'pop_amp': 0.0350971705309724, 'pop_peak': 19.246196922957374, 'pop_sig': 0.38813573876606333, 'fuel_k': 2.9005983334347683, 'fuel_half': 0.12127678011040505}. Best is trial 421 with value: -0.6216386034937503.
[I 2026-08-19 15:13:36,052] Trial 906 finished with value: -0.567735212058249 and parameters: {'k1': 0.0003033715706758264, 'D_low': 2.388646883178432, 'k2': 0.004219955035579255, 'D_high': 83452.53554153781, 'fire_exp': 1.061050551157661, 'P_half': 1.7837669316346685, 'pre_dampen_half': 0.5250614970861577, 'gpp_af': 0.02662203517654044, 'gpp_b': 1.5404600514095505e-05, 'gpp_d': 0.8040061411931987, 'ign_k': 0.02606649502410325, 'ign_c': 2.6320427619968787, 'trop_agb_crit': 5.923396239848717, 'trop_k_veg': 0.7802045805218403, 'pop_amp': 0.03014022313961145, 'pop_peak': 39.59053012141229, 'pop_sig': 0.35103696067656265, 'fuel_k': 2.2166696184295893, 'fuel_half': 0.3117336274597371}. Best is trial 421 with value: -0.6216386034937503.
[I 2026-08-19 15:13:38,456] Trial 907 finished with value: -0.5945035457353918 and parameters: {'k1': 0.034646565482954875, 'D_low': 63.52257244063363, 'k2': 0.00012388662107734393, 'D_high': 922546.8073059889, 'fire_exp': 1.6367837901448734, 'P_half': 1.5074492138368922, 'pre_dampen_half': 1.0892945088067143, 'gpp_af': 0.09978026092204298, 'gpp_b': 0.0006642556100946592, 'gpp_d': 2.6341089434047547, 'ign_k': 0.9945189603764135, 'ign_c': 0.9329013598045176, 'trop_agb_crit': 20.246723566551463, 'trop_k_veg': 6.811897618314828, 'pop_amp': 0.011468354742528539, 'pop_peak': 91.32762725503919, 'pop_sig': 0.46645668133090923, 'fuel_k': 0.38625037574191967, 'fuel_half': 0.3033145759744908}. Best is trial 421 with value: -0.6216386034937503.
[I 2026-08-19 15:13:40,858] Trial 908 finished with value: -0.3554625854118624 and parameters: {'k1': 0.019304580811963058, 'D_low': 4.014461439916418, 'k2': 9.726508205252765e-05, 'D_high': 1148608.7294341798, 'fire_exp': 4.273403732638088, 'P_half': 5.892691796902115, 'pre_dampen_half': 3.0513683514206473, 'gpp_af': 0.006527719412758739, 'gpp_b': 0.0003181296303615579, 'gpp_d': 0.21864855846191153, 'ign_k': 1.11499756553621, 'ign_c': 78.70122485636571, 'trop_agb_crit': 21.674613147102924, 'trop_k_veg': 0.7959196226460347, 'pop_amp': 0.7786932073790794, 'pop_peak': 1.4414494652410998, 'pop_sig': 0.6667465937803142, 'fuel_k': 0.09407448410708047, 'fuel_half': 0.2877997347693395}. Best is trial 421 with value: -0.6216386034937503.
[I 2026-08-19 15:13:43,336] Trial 909 finished with value: -0.5665274289817712 and parameters: {'k1': 0.012662604650654873, 'D_low': 3175.691239925364, 'k2': 0.018139479465957037, 'D_high': 167104.26231897043, 'fire_exp': 1.2059373933539768, 'P_half': 4.551911137214374, 'pre_dampen_half': 0.0881110599653148, 'gpp_af': 0.028303966470691024, 'gpp_b': 0.0003872744715309303, 'gpp_d': 116.8086058567919, 'ign_k': 0.14467096448282982, 'ign_c': 1.5464588760844329, 'trop_agb_crit': 12.556834031300838, 'trop_k_veg': 1.9725966980153304, 'pop_amp': 1.3382045465133945, 'pop_peak': 39.684644953721865, 'pop_sig': 0.31773925015198273, 'fuel_k': 0.7883165449222785, 'fuel_half': 0.32252416406406464}. Best is trial 421 with value: -0.6216386034937503.
[I 2026-08-19 15:13:46,288] Trial 910 finished with value: -0.46368769647601604 and parameters: {'k1': 3.9990252470217836e-05, 'D_low': 11.656199038111815, 'k2': 0.0001236908943605145, 'D_high': 78602.5029238617, 'fire_exp': 1.3509845161867962, 'P_half': 3.223450681183683, 'pre_dampen_half': 3.588412696297563, 'gpp_af': 0.9732504027527358, 'gpp_b': 0.000817319286639762, 'gpp_d': 0.3785698129230603, 'ign_k': 0.030334245150852705, 'ign_c': 0.6726031650848483, 'trop_agb_crit': 10.146540222186038, 'trop_k_veg': 2.1845813966327228, 'pop_amp': 0.006810810009826811, 'pop_peak': 5.769281393971518, 'pop_sig': 0.35047686448195003, 'fuel_k': 3.1043835839205363, 'fuel_half': 0.1826056691892521}. Best is trial 421 with value: -0.6216386034937503.
[I 2026-08-19 15:13:49,506] Trial 911 finished with value: -0.3753639945351629 and parameters: {'k1': 0.0007395746116831524, 'D_low': 5.815243759234976, 'k2': 0.0020451190113424875, 'D_high': 3882.5623106213716, 'fire_exp': 1.1596364957144687, 'P_half': 2.570967771689486, 'pre_dampen_half': 0.13754813551921688, 'gpp_af': 1.1183228332103199, 'gpp_b': 0.003785919199601741, 'gpp_d': 0.06265911877997257, 'ign_k': 0.008584163607167277, 'ign_c': 0.25997691773255127, 'trop_agb_crit': 7.209996304677871, 'trop_k_veg': 2.3706980163060645, 'pop_amp': 1.2868525599236915, 'pop_peak': 106.03669756110483, 'pop_sig': 0.4964064106072848, 'fuel_k': 4.619241220171903, 'fuel_half': 0.20719193149370482}. Best is trial 421 with value: -0.6216386034937503.
  trial  912/2500  best_overall=0.6216  (49.8 min)
[I 2026-08-19 15:13:53,553] Trial 912 finished with value: -0.4243513682092857 and parameters: {'k1': 1.2438387863315593e-05, 'D_low': 107.07032136773286, 'k2': 0.0003511259978879478, 'D_high': 169903.73764618818, 'fire_exp': 1.137618790450193, 'P_half': 1.1740145086204143, 'pre_dampen_half': 0.25875001567790407, 'gpp_af': 0.05575280688581696, 'gpp_b': 0.000812259630805531, 'gpp_d': 0.012035568459847459, 'ign_k': 0.01634134247403735, 'ign_c': 3.492977598331321, 'trop_agb_crit': 11.630922828636203, 'trop_k_veg': 2.2887070897960795, 'pop_amp': 0.01224196968494122, 'pop_peak': 85.35617779089354, 'pop_sig': 0.30051664664254296, 'fuel_k': 5.015715920001649, 'fuel_half': 0.2768257560586155}. Best is trial 421 with value: -0.6216386034937503.
[I 2026-08-19 15:13:57,850] Trial 913 finished with value: -0.41822867751147214 and parameters: {'k1': 5.918132313948318e-05, 'D_low': 27817.819795127965, 'k2': 0.0006712575091326447, 'D_high': 4219136.487815525, 'fire_exp': 4.865022772555949, 'P_half': 45.2918085287205, 'pre_dampen_half': 0.17635759833294, 'gpp_af': 0.008239052955714731, 'gpp_b': 1.4546779786607979e-05, 'gpp_d': 0.25765613178514646, 'ign_k': 0.034402193743243215, 'ign_c': 13.103563846336824, 'trop_agb_crit': 1.781196124795032, 'trop_k_veg': 2.4373416965960804, 'pop_amp': 0.23481001770157175, 'pop_peak': 1.843821078990133, 'pop_sig': 0.9166839591240187, 'fuel_k': 0.03635404697826737, 'fuel_half': 3.172329075864416}. Best is trial 421 with value: -0.6216386034937503.
[I 2026-08-19 15:14:04,702] Trial 914 finished with value: -0.474449206734047 and parameters: {'k1': 4.550898171758657e-05, 'D_low': 101.50490872560087, 'k2': 0.015356025647004109, 'D_high': 214334.65391268177, 'fire_exp': 1.8982821345099643, 'P_half': 2.814116781490731, 'pre_dampen_half': 0.6304409596363988, 'gpp_af': 0.01639484629596444, 'gpp_b': 0.0023019744886071153, 'gpp_d': 0.43186673673552617, 'ign_k': 0.0028732538020062996, 'ign_c': 0.9235887416496145, 'trop_agb_crit': 9.577854805724613, 'trop_k_veg': 1.5657914191532059, 'pop_amp': 0.10648431804959793, 'pop_peak': 9.155707373140917, 'pop_sig': 0.6198680587619796, 'fuel_k': 4.423750235619871, 'fuel_half': 0.16573609293527197}. Best is trial 421 with value: -0.6216386034937503.
[I 2026-08-19 15:14:11,088] Trial 915 finished with value: -0.5320829045600912 and parameters: {'k1': 0.0038008401308851063, 'D_low': 31.642599262295114, 'k2': 0.0009378709589911685, 'D_high': 7498025.069680392, 'fire_exp': 1.042056654763536, 'P_half': 3.222652257842526, 'pre_dampen_half': 0.03697516448280409, 'gpp_af': 0.15867261102569344, 'gpp_b': 0.0005782191974549604, 'gpp_d': 12.873385840280566, 'ign_k': 0.07004587779074302, 'ign_c': 2.2762777881178855, 'trop_agb_crit': 8.288054488689914, 'trop_k_veg': 1.8460232766815006, 'pop_amp': 0.05717364567143513, 'pop_peak': 198.28326981687783, 'pop_sig': 0.33641667250890195, 'fuel_k': 2.0547961932896164, 'fuel_half': 1.1230107185928202}. Best is trial 421 with value: -0.6216386034937503.
  trial  916/2500  best_overall=0.6216  (50.1 min)
[I 2026-08-19 15:14:18,886] Trial 916 finished with value: -0.5402642042130095 and parameters: {'k1': 0.000530649016667486, 'D_low': 1.4645180038427703, 'k2': 0.0028600724739203578, 'D_high': 2492171.900555792, 'fire_exp': 1.3368599777708148, 'P_half': 3.5134387020380196, 'pre_dampen_half': 0.0708658211069224, 'gpp_af': 0.19293714750140795, 'gpp_b': 5.090718706632959e-05, 'gpp_d': 0.9618874817747846, 'ign_k': 0.030468913976909085, 'ign_c': 0.12622197235164942, 'trop_agb_crit': 11.983170823503269, 'trop_k_veg': 1.42854175926785, 'pop_amp': 0.031921641036620624, 'pop_peak': 10.281751294058184, 'pop_sig': 0.3108385714544735, 'fuel_k': 3.139398027171378, 'fuel_half': 0.29669184210472543}. Best is trial 421 with value: -0.6216386034937503.
[I 2026-08-19 15:14:25,623] Trial 917 finished with value: -0.41509663835425964 and parameters: {'k1': 0.005610117160427559, 'D_low': 2.002071992345427, 'k2': 0.00037826300550230103, 'D_high': 9342476.649128051, 'fire_exp': 1.4253345656851157, 'P_half': 1.6984296369568057, 'pre_dampen_half': 0.42695587804170987, 'gpp_af': 0.002950615459209498, 'gpp_b': 0.0007689155350540125, 'gpp_d': 0.22877198768348977, 'ign_k': 0.34999064864988616, 'ign_c': 53.0750113512598, 'trop_agb_crit': 4.214365874730942, 'trop_k_veg': 0.7435583642464211, 'pop_amp': 0.1593556166668645, 'pop_peak': 105.10065871031831, 'pop_sig': 0.3012708618748669, 'fuel_k': 5.158769853441557, 'fuel_half': 0.1560569276051985}. Best is trial 421 with value: -0.6216386034937503.
[I 2026-08-19 15:14:31,378] Trial 918 finished with value: -0.5424735409771884 and parameters: {'k1': 3.232356935091774e-05, 'D_low': 1.5276882635929276, 'k2': 0.0002904915348925533, 'D_high': 145307.444148351, 'fire_exp': 1.0724106776339044, 'P_half': 1.3319342117685287, 'pre_dampen_half': 2.7285502122171037, 'gpp_af': 0.01467516528015828, 'gpp_b': 0.011479431278528953, 'gpp_d': 2.3834973851423515, 'ign_k': 0.003497996317961755, 'ign_c': 0.3990012079150354, 'trop_agb_crit': 6.995763486223104, 'trop_k_veg': 1.7004305442618104, 'pop_amp': 0.422803317453514, 'pop_peak': 11.869532857221593, 'pop_sig': 0.6079294537884142, 'fuel_k': 2.234831737987617, 'fuel_half': 0.24311148165333785}. Best is trial 421 with value: -0.6216386034937503.
[I 2026-08-19 15:14:36,047] Trial 919 finished with value: -0.5566011756481946 and parameters: {'k1': 0.0012622388773552186, 'D_low': 85.3828789509643, 'k2': 8.729449399722355e-05, 'D_high': 9831630.54430254, 'fire_exp': 3.745516241604506, 'P_half': 79.41932938156121, 'pre_dampen_half': 4.486482279655059, 'gpp_af': 0.010713122775905524, 'gpp_b': 0.0004938907725790697, 'gpp_d': 2.4807777064642873, 'ign_k': 0.7126916050432622, 'ign_c': 0.23574125761193115, 'trop_agb_crit': 14.07336021587933, 'trop_k_veg': 4.171510976651809, 'pop_amp': 0.3035640724507097, 'pop_peak': 586.0592017750571, 'pop_sig': 1.8052705278386625, 'fuel_k': 0.1903846934965675, 'fuel_half': 2.753375615839549}. Best is trial 421 with value: -0.6216386034937503.
  trial  920/2500  best_overall=0.6216  (50.5 min)
[I 2026-08-19 15:14:41,238] Trial 920 finished with value: -0.4393532416626762 and parameters: {'k1': 0.03332848618255574, 'D_low': 1035.0436929065586, 'k2': 1.0231569345242871e-05, 'D_high': 1085353.8144453713, 'fire_exp': 2.506113031621629, 'P_half': 55.55347655609392, 'pre_dampen_half': 0.03852315846509815, 'gpp_af': 0.007523766791475653, 'gpp_b': 7.54532258458952e-05, 'gpp_d': 0.5676648004995178, 'ign_k': 0.3532198203546437, 'ign_c': 20.672812845069366, 'trop_agb_crit': 11.023177596544086, 'trop_k_veg': 7.335903501198062, 'pop_amp': 0.004270930652364064, 'pop_peak': 0.07479925698168738, 'pop_sig': 1.2473633377458047, 'fuel_k': 0.16231665313951615, 'fuel_half': 0.29301926277816714}. Best is trial 421 with value: -0.6216386034937503.
[I 2026-08-19 15:14:45,418] Trial 921 finished with value: -0.5336617856767314 and parameters: {'k1': 0.0003092112626740704, 'D_low': 120.13842093319109, 'k2': 0.011550954480357015, 'D_high': 7153724.518001904, 'fire_exp': 1.031772312161203, 'P_half': 2.7781283387185387, 'pre_dampen_half': 11.06641677735798, 'gpp_af': 0.24757254350916377, 'gpp_b': 0.0002848461930805971, 'gpp_d': 5.484719068067465, 'ign_k': 0.0434617742800959, 'ign_c': 1.501318676909159, 'trop_agb_crit': 10.003967621116468, 'trop_k_veg': 3.1283812643471864, 'pop_amp': 0.022967238560070737, 'pop_peak': 42.535361119293086, 'pop_sig': 0.3687694508588982, 'fuel_k': 1.1548816002576332, 'fuel_half': 0.20241975868836826}. Best is trial 421 with value: -0.6216386034937503.
[I 2026-08-19 15:14:49,575] Trial 922 finished with value: -0.46772298004713864 and parameters: {'k1': 0.004394577089968782, 'D_low': 147.86490046558535, 'k2': 0.06688739959676789, 'D_high': 2030052.1678136857, 'fire_exp': 1.002599543993813, 'P_half': 2.232645647609122, 'pre_dampen_half': 1.2036589380023923, 'gpp_af': 0.36345439986101447, 'gpp_b': 0.0003107669828170128, 'gpp_d': 10.338104485253375, 'ign_k': 0.06103043016810583, 'ign_c': 52.0945622472071, 'trop_agb_crit': 24.73587243555817, 'trop_k_veg': 1.7749827836041756, 'pop_amp': 0.21079304648245048, 'pop_peak': 3.5727018353493634, 'pop_sig': 0.7221199702595164, 'fuel_k': 0.5731170770855456, 'fuel_half': 0.24005710411436734}. Best is trial 421 with value: -0.6216386034937503.
[I 2026-08-19 15:14:53,926] Trial 923 finished with value: -0.5426081874569422 and parameters: {'k1': 0.02100108078133235, 'D_low': 4.25444978051407, 'k2': 7.265308576346414e-05, 'D_high': 59058.25022991147, 'fire_exp': 1.1429850881839205, 'P_half': 6.167327481105794, 'pre_dampen_half': 5.6110444528025125, 'gpp_af': 1.5983578777472731, 'gpp_b': 0.0003446839137767778, 'gpp_d': 21.11552596773929, 'ign_k': 0.06131607216434343, 'ign_c': 8.963232077430712, 'trop_agb_crit': 17.23147942304154, 'trop_k_veg': 3.377697920968358, 'pop_amp': 0.008361989212868667, 'pop_peak': 5.051491636105308, 'pop_sig': 0.35404538631499455, 'fuel_k': 0.3084984110090056, 'fuel_half': 4.2787837701303575}. Best is trial 421 with value: -0.6216386034937503.
[I 2026-08-19 15:14:58,170] Trial 924 finished with value: -0.34131357000156426 and parameters: {'k1': 0.005120815825869036, 'D_low': 303.67672068124784, 'k2': 0.0016665475278765203, 'D_high': 4105224.9713919894, 'fire_exp': 4.195025308441975, 'P_half': 89.07292053883886, 'pre_dampen_half': 237.23245074505223, 'gpp_af': 0.0037481306268292193, 'gpp_b': 2.8332387838056398e-05, 'gpp_d': 0.03177025368053226, 'ign_k': 0.5247479028652073, 'ign_c': 1.2762475748715059, 'trop_agb_crit': 3.525324426248553, 'trop_k_veg': 2.5890683453021612, 'pop_amp': 5.797559428511167, 'pop_peak': 315.0534501238552, 'pop_sig': 1.9146585147221629, 'fuel_k': 0.1011843185938355, 'fuel_half': 3.497143676743137}. Best is trial 421 with value: -0.6216386034937503.
  trial  925/2500  best_overall=0.6216  (50.9 min)
[I 2026-08-19 15:15:02,534] Trial 925 finished with value: -0.49887885256729386 and parameters: {'k1': 0.011902499137918125, 'D_low': 368.30920831565567, 'k2': 0.07929622385284495, 'D_high': 902006.8848298963, 'fire_exp': 2.8739253087232757, 'P_half': 674.8260719831432, 'pre_dampen_half': 6.24784497376629, 'gpp_af': 0.028256757916350034, 'gpp_b': 3.5198392892505474e-05, 'gpp_d': 322.0594276140614, 'ign_k': 0.3865852267664158, 'ign_c': 0.9870885621940315, 'trop_agb_crit': 25.569692290489403, 'trop_k_veg': 7.744681542020251, 'pop_amp': 0.025049067302147475, 'pop_peak': 301.8714635124985, 'pop_sig': 0.2900199100436786, 'fuel_k': 0.7436586234359582, 'fuel_half': 0.45609311707399347}. Best is trial 421 with value: -0.6216386034937503.
[I 2026-08-19 15:15:05,740] Trial 926 finished with value: -0.5826059988481701 and parameters: {'k1': 0.00017657679451888868, 'D_low': 14.39722614174371, 'k2': 3.944534441046067e-05, 'D_high': 257504.55756089394, 'fire_exp': 5.602277251040122, 'P_half': 13.421711656632224, 'pre_dampen_half': 9.774326961600773, 'gpp_af': 0.025154141160510887, 'gpp_b': 1.0024696069106128e-05, 'gpp_d': 9.788260644290794, 'ign_k': 0.1602928895981273, 'ign_c': 2.9748158939658214, 'trop_agb_crit': 19.995355282516314, 'trop_k_veg': 5.6743521473435194, 'pop_amp': 1.4143934824492936, 'pop_peak': 116.92284024238026, 'pop_sig': 1.5250550907138307, 'fuel_k': 0.015994462454479275, 'fuel_half': 2.714879731139665}. Best is trial 421 with value: -0.6216386034937503.
