[I 2026-06-09 12:09:42,677] Trial 429 finished with values: [10.354383300143137, 10.354383300143137] and parameters: {'k1': 0.015161591075671724, 'D_low': 12.115155843077673, 'k2': 0.0005700142105246941, 'D_high': 39655.03094323017, 'fire_exp': 2.10707132280748, 'P_half': 140.571633510225, 'pre_dampen_half': 340.6909167027263, 'gpp_af': 1.3218737536384089, 'gpp_b': 6.13012409300155e-05, 'gpp_d': 0.014542226259417866, 'ign_k': 3.1536006085184716, 'ign_c': 1.0022396791143333, 'trop_agb_crit': 2.6695352180079177, 'trop_k_veg': 6.423641554321892}.
[I 2026-06-09 12:09:43,783] Trial 430 finished with values: [10.001580620824436, 10.001580620824436] and parameters: {'k1': 6.615437365561391e-05, 'D_low': 102.53722513378383, 'k2': 0.000124801809651176, 'D_high': 39655.03094323017, 'fire_exp': 1.157110862187662, 'P_half': 149.35213816355395, 'pre_dampen_half': 340.6909167027263, 'gpp_af': 1.3218737536384089, 'gpp_b': 0.050107402158164165, 'gpp_d': 26.003623362924223, 'ign_k': 0.0019264360371306567, 'ign_c': 2.8156300815972224, 'trop_agb_crit': 1.6059119829430093, 'trop_k_veg': 0.8280056526977017}.
[I 2026-06-09 12:09:45,177] Trial 431 finished with values: [10.358651268868535, 10.358651268868535] and parameters: {'k1': 0.015161591075671724, 'D_low': 12.115155843077673, 'k2': 4.540076719227351e-05, 'D_high': 14268.845807630427, 'fire_exp': 1.608176525358426, 'P_half': 17.655835392092534, 'pre_dampen_half': 96.09182791831022, 'gpp_af': 5.244830565633045, 'gpp_b': 5.0279186721731925e-05, 'gpp_d': 0.0735311909944862, 'ign_k': 0.32478918389192313, 'ign_c': 1.0022396791143333, 'trop_agb_crit': 1.6369193980425034, 'trop_k_veg': 4.51930447316402}.
[I 2026-06-09 12:09:46,507] Trial 432 finished with values: [10.555725637814023, 10.555725637814023] and parameters: {'k1': 6.404854675916172e-05, 'D_low': 13.180029267201178, 'k2': 0.0008435083887782438, 'D_high': 14268.845807630427, 'fire_exp': 2.10707132280748, 'P_half': 64.52946500764233, 'pre_dampen_half': 566.2858823465564, 'gpp_af': 0.007619648413221235, 'gpp_b': 2.036444166653217e-05, 'gpp_d': 0.0735311909944862, 'ign_k': 0.0029460000905108855, 'ign_c': 0.21234210963705627, 'trop_agb_crit': 24.819675619300654, 'trop_k_veg': 4.51930447316402}.
[I 2026-06-09 12:09:47,680] Trial 433 finished with values: [10.473966336372506, 10.473966336372506] and parameters: {'k1': 9.969469187531805e-05, 'D_low': 1.2164034504723769, 'k2': 0.0005700142105246941, 'D_high': 14268.845807630427, 'fire_exp': 1.9268171109476195, 'P_half': 17.655835392092534, 'pre_dampen_half': 11.164047352793695, 'gpp_af': 0.32613327839065587, 'gpp_b': 2.036444166653217e-05, 'gpp_d': 7.070472286699648, 'ign_k': 1.1215915868662767, 'ign_c': 0.9083381663660584, 'trop_agb_crit': 6.475515989686909, 'trop_k_veg': 3.6260119779455584}.
[I 2026-06-09 12:09:48,816] Trial 434 finished with values: [-0.4383374253523125, 0.49399441084762363] and parameters: {'k1': 0.05832560268546887, 'D_low': 35.02761367842313, 'k2': 0.0009749762207436118, 'D_high': 39655.03094323017, 'fire_exp': 1.3340920378182823, 'P_half': 1.4045842344024697, 'pre_dampen_half': 673.2248920775328, 'gpp_af': 5.244830565633045, 'gpp_b': 3.686869490609954e-05, 'gpp_d': 0.0735311909944862, 'ign_k': 0.0019264360371306567, 'ign_c': 55.24095129928624, 'trop_agb_crit': 1.6369193980425034, 'trop_k_veg': 3.6260119779455584}.
[I 2026-06-09 12:09:49,937] Trial 435 finished with values: [14.26973178991294, 14.26973178991294] and parameters: {'k1': 0.015161591075671724, 'D_low': 35.02761367842313, 'k2': 0.0009749762207436118, 'D_high': 39655.03094323017, 'fire_exp': 1.4848387260494937, 'P_half': 1.4045842344024697, 'pre_dampen_half': 566.2858823465564, 'gpp_af': 0.1417520911832875, 'gpp_b': 3.686869490609954e-05, 'gpp_d': 26.003623362924223, 'ign_k': 3.1536006085184716, 'ign_c': 1.887567630782227, 'trop_agb_crit': 6.043719268200285, 'trop_k_veg': 4.51930447316402}.
[I 2026-06-09 12:09:51,075] Trial 436 finished with values: [10.07129793324327, 10.07129793324327] and parameters: {'k1': 6.404854675916172e-05, 'D_low': 12.115155843077673, 'k2': 0.06994589881535453, 'D_high': 18125.870836716233, 'fire_exp': 1.4848387260494937, 'P_half': 108.21382910613987, 'pre_dampen_half': 269.0845367054866, 'gpp_af': 1.3218737536384089, 'gpp_b': 0.00015964244118164814, 'gpp_d': 1.5988721385117124, 'ign_k': 0.4303356629825978, 'ign_c': 0.21234210963705627, 'trop_agb_crit': 19.51558406059598, 'trop_k_veg': 4.51930447316402}.
[I 2026-06-09 12:09:52,309] Trial 437 finished with values: [10.458906852751493, 10.458906852751493] and parameters: {'k1': 0.007519407491506672, 'D_low': 2.3244932709566686, 'k2': 1.5412172709801895e-05, 'D_high': 925.5037589041181, 'fire_exp': 1.14171776851287, 'P_half': 45.55085098454082, 'pre_dampen_half': 673.2248920775328, 'gpp_af': 0.5107061330406066, 'gpp_b': 0.0028993292583566945, 'gpp_d': 1.6983565276584263, 'ign_k': 0.5456725485601477, 'ign_c': 0.20319809838424974, 'trop_agb_crit': 2.679156169946616, 'trop_k_veg': 0.6618107836658104}.
[I 2026-06-09 12:09:53,495] Trial 438 finished with values: [-0.49079573181074493, 0.39525859131203256] and parameters: {'k1': 9.969469187531805e-05, 'D_low': 1.533916259116362, 'k2': 0.0021314828404757746, 'D_high': 69868.4759244566, 'fire_exp': 1.9268171109476195, 'P_half': 64.52946500764233, 'pre_dampen_half': 340.6909167027263, 'gpp_af': 5.244830565633045, 'gpp_b': 2.036444166653217e-05, 'gpp_d': 7.070472286699648, 'ign_k': 0.3242143344038317, 'ign_c': 1.0022396791143333, 'trop_agb_crit': 2.0420012944047587, 'trop_k_veg': 3.6260119779455584}.
[I 2026-06-09 12:09:54,627] Trial 439 finished with values: [10.009506752330129, 10.009506752330129] and parameters: {'k1': 6.615437365561391e-05, 'D_low': 1.8064907756357262, 'k2': 0.0009749762207436118, 'D_high': 18701.140647651915, 'fire_exp': 1.157110862187662, 'P_half': 1.4045842344024697, 'pre_dampen_half': 11.164047352793695, 'gpp_af': 1.3218737536384089, 'gpp_b': 0.002262927522655115, 'gpp_d': 99.3234953243749, 'ign_k': 0.21275785720135446, 'ign_c': 0.21234210963705627, 'trop_agb_crit': 1.6059119829430093, 'trop_k_veg': 4.51930447316402}.
[I 2026-06-09 12:09:55,730] Trial 440 finished with values: [-0.4551857326790384, 0.3577475340960571] and parameters: {'k1': 5.105542986365652e-05, 'D_low': 35.02761367842313, 'k2': 8.488887549001697e-05, 'D_high': 39655.03094323017, 'fire_exp': 1.608176525358426, 'P_half': 1.4045842344024697, 'pre_dampen_half': 673.2248920775328, 'gpp_af': 0.13767835510755025, 'gpp_b': 1.7213644875359617e-05, 'gpp_d': 26.003623362924223, 'ign_k': 0.0019264360371306567, 'ign_c': 1.887567630782227, 'trop_agb_crit': 1.6369193980425034, 'trop_k_veg': 1.0540721475196824}.
[I 2026-06-09 12:09:56,855] Trial 441 finished with values: [-0.5724587757540605, 0.08046928353412908] and parameters: {'k1': 0.01549659926581634, 'D_low': 13.180029267201178, 'k2': 0.037633129263701104, 'D_high': 14268.845807630427, 'fire_exp': 2.10707132280748, 'P_half': 149.35213816355395, 'pre_dampen_half': 566.2858823465564, 'gpp_af': 1.3218737536384089, 'gpp_b': 0.002262927522655115, 'gpp_d': 99.3234953243749, 'ign_k': 0.3242143344038317, 'ign_c': 21.132597710340573, 'trop_agb_crit': 19.51558406059598, 'trop_k_veg': 1.8981057964668895}.
[I 2026-06-09 12:09:57,968] Trial 442 finished with values: [10.778857193801466, 10.778857193801466] and parameters: {'k1': 0.05832560268546887, 'D_low': 35.02761367842313, 'k2': 5.153993511603138e-05, 'D_high': 174.36039158218324, 'fire_exp': 1.4848387260494937, 'P_half': 1.4045842344024697, 'pre_dampen_half': 11.164047352793695, 'gpp_af': 0.18884293664597587, 'gpp_b': 0.00977702299083608, 'gpp_d': 26.003623362924223, 'ign_k': 0.0018548376790967168, 'ign_c': 1.887567630782227, 'trop_agb_crit': 2.0420012944047587, 'trop_k_veg': 4.51930447316402}.
[I 2026-06-09 12:09:59,397] Trial 443 finished with values: [10.782887002448922, 10.782887002448922] and parameters: {'k1': 0.007519407491506672, 'D_low': 1.1129666723443188, 'k2': 1.3357240411974104e-05, 'D_high': 69868.4759244566, 'fire_exp': 1.181535807347118, 'P_half': 45.55085098454082, 'pre_dampen_half': 345.01054536130147, 'gpp_af': 0.5107061330406066, 'gpp_b': 0.002262927522655115, 'gpp_d': 99.3234953243749, 'ign_k': 0.037151317999473285, 'ign_c': 0.20319809838424974, 'trop_agb_crit': 2.679156169946616, 'trop_k_veg': 2.8957014754094748}.
[I 2026-06-09 12:10:00,685] Trial 444 finished with values: [10.885248957884027, 10.885248957884027] and parameters: {'k1': 0.00024287565087611777, 'D_low': 102.53722513378383, 'k2': 0.0008312953263874528, 'D_high': 39655.03094323017, 'fire_exp': 3.9812600695944287, 'P_half': 50.32059347286801, 'pre_dampen_half': 340.6909167027263, 'gpp_af': 1.3218737536384089, 'gpp_b': 0.00977702299083608, 'gpp_d': 1.2434469102435366, 'ign_k': 0.014677440038495339, 'ign_c': 21.132597710340573, 'trop_agb_crit': 2.6695352180079177, 'trop_k_veg': 1.8981057964668895}.
[I 2026-06-09 12:10:01,807] Trial 445 finished with values: [10.679660048534828, 10.679660048534828] and parameters: {'k1': 0.0030219760889797966, 'D_low': 90.71933427331369, 'k2': 0.037633129263701104, 'D_high': 6024.590664672949, 'fire_exp': 1.0577932261029366, 'P_half': 17.655835392092534, 'pre_dampen_half': 673.2248920775328, 'gpp_af': 0.0012334147231672942, 'gpp_b': 0.0006724850206557243, 'gpp_d': 867.6409475740121, 'ign_k': 1.1215915868662767, 'ign_c': 0.20319809838424974, 'trop_agb_crit': 1.5144860262751405, 'trop_k_veg': 4.8737397608275925}.
[I 2026-06-09 12:10:02,942] Trial 446 finished with values: [10.924762355357558, 10.924762355357558] and parameters: {'k1': 0.015161591075671724, 'D_low': 12.115155843077673, 'k2': 0.0009749762207436118, 'D_high': 14268.845807630427, 'fire_exp': 1.9268171109476195, 'P_half': 1.4045842344024697, 'pre_dampen_half': 340.6909167027263, 'gpp_af': 0.13767835510755025, 'gpp_b': 5.0279186721731925e-05, 'gpp_d': 0.0735311909944862, 'ign_k': 0.3242143344038317, 'ign_c': 1.887567630782227, 'trop_agb_crit': 1.6369193980425034, 'trop_k_veg': 3.6260119779455584}.
[I 2026-06-09 12:10:04,080] Trial 447 finished with values: [10.748395407774193, 10.748395407774193] and parameters: {'k1': 1.263794633808287e-05, 'D_low': 2.3244932709566686, 'k2': 0.002148652800991412, 'D_high': 41821.78526757458, 'fire_exp': 2.4902446681314054, 'P_half': 108.21382910613987, 'pre_dampen_half': 673.2248920775328, 'gpp_af': 0.5107061330406066, 'gpp_b': 0.0028993292583566945, 'gpp_d': 0.2473046721099913, 'ign_k': 0.5456725485601477, 'ign_c': 0.20319809838424974, 'trop_agb_crit': 1.259515631748535, 'trop_k_veg': 1.1517712915946832}.
[I 2026-06-09 12:10:05,279] Trial 448 finished with values: [10.761474001999844, 10.761474001999844] and parameters: {'k1': 0.00234238498471129, 'D_low': 12.115155843077673, 'k2': 1.3357240411974104e-05, 'D_high': 69868.4759244566, 'fire_exp': 1.4848387260494937, 'P_half': 45.55085098454082, 'pre_dampen_half': 673.2248920775328, 'gpp_af': 11.20397753296041, 'gpp_b': 5.0279186721731925e-05, 'gpp_d': 867.6409475740121, 'ign_k': 0.008226074946221037, 'ign_c': 275.7335350578632, 'trop_agb_crit': 19.51558406059598, 'trop_k_veg': 3.6260119779455584}.
[I 2026-06-09 12:10:06,576] Trial 449 finished with values: [10.351497980474475, 10.351497980474475] and parameters: {'k1': 6.615437365561391e-05, 'D_low': 1.8064907756357262, 'k2': 0.06994589881535453, 'D_high': 1647.069822172432, 'fire_exp': 1.4848387260494937, 'P_half': 1.4045842344024697, 'pre_dampen_half': 673.2248920775328, 'gpp_af': 7.929666901664759, 'gpp_b': 0.002262927522655115, 'gpp_d': 99.3234953243749, 'ign_k': 3.1536006085184716, 'ign_c': 5.762487216478598, 'trop_agb_crit': 1.6059119829430093, 'trop_k_veg': 4.51930447316402}.
[I 2026-06-09 12:10:07,857] Trial 450 finished with values: [10.776385091875534, 10.776385091875534] and parameters: {'k1': 1.4403740929157842e-05, 'D_low': 2.3244932709566686, 'k2': 1.5412172709801895e-05, 'D_high': 18125.870836716233, 'fire_exp': 2.4902446681314054, 'P_half': 1.4045842344024697, 'pre_dampen_half': 673.2248920775328, 'gpp_af': 1.3218737536384089, 'gpp_b': 0.002262927522655115, 'gpp_d': 1.6983565276584263, 'ign_k': 0.5456725485601477, 'ign_c': 0.20319809838424974, 'trop_agb_crit': 1.259515631748535, 'trop_k_veg': 4.51930447316402}.
[I 2026-06-09 12:10:09,054] Trial 451 finished with values: [10.300798061662384, 10.300798061662384] and parameters: {'k1': 0.05832560268546887, 'D_low': 35.02761367842313, 'k2': 0.0009749762207436118, 'D_high': 18125.870836716233, 'fire_exp': 1.14171776851287, 'P_half': 1.4045842344024697, 'pre_dampen_half': 11.164047352793695, 'gpp_af': 0.13767835510755025, 'gpp_b': 0.007639090999888154, 'gpp_d': 26.003623362924223, 'ign_k': 0.0019264360371306567, 'ign_c': 1.887567630782227, 'trop_agb_crit': 19.51558406059598, 'trop_k_veg': 0.6688342875506182}.
[I 2026-06-09 12:10:10,192] Trial 452 finished with values: [10.51162735253245, 10.51162735253245] and parameters: {'k1': 0.007519407491506672, 'D_low': 27.79045054796807, 'k2': 4.540076719227351e-05, 'D_high': 18125.870836716233, 'fire_exp': 1.7460031217480432, 'P_half': 1.4045842344024697, 'pre_dampen_half': 340.6909167027263, 'gpp_af': 0.5107061330406066, 'gpp_b': 0.0028993292583566945, 'gpp_d': 99.3234953243749, 'ign_k': 0.5456725485601477, 'ign_c': 0.21234210963705627, 'trop_agb_crit': 1.259515631748535, 'trop_k_veg': 4.51930447316402}.
[I 2026-06-09 12:10:11,344] Trial 453 finished with values: [11.739305579702837, 11.739305579702837] and parameters: {'k1': 0.007519407491506672, 'D_low': 2.3244932709566686, 'k2': 8.488887549001697e-05, 'D_high': 39655.03094323017, 'fire_exp': 1.14171776851287, 'P_half': 28.647019533509873, 'pre_dampen_half': 673.2248920775328, 'gpp_af': 21.258647437649888, 'gpp_b': 1.7213644875359617e-05, 'gpp_d': 500.2195003344709, 'ign_k': 0.3242143344038317, 'ign_c': 18.43395662181926, 'trop_agb_crit': 1.5144860262751405, 'trop_k_veg': 0.6618107836658104}.
[I 2026-06-09 12:10:12,530] Trial 454 finished with values: [10.892857142659844, 10.892857142659844] and parameters: {'k1': 0.0630731811849173, 'D_low': 12.115155843077673, 'k2': 0.06994589881535453, 'D_high': 1647.069822172432, 'fire_exp': 3.9120805166661197, 'P_half': 2.194774268919734, 'pre_dampen_half': 673.2248920775328, 'gpp_af': 11.20397753296041, 'gpp_b': 0.00977702299083608, 'gpp_d': 99.3234953243749, 'ign_k': 0.32478918389192313, 'ign_c': 884.4033380058667, 'trop_agb_crit': 1.6236155240161017, 'trop_k_veg': 4.51930447316402}.
[I 2026-06-09 12:10:13,875] Trial 455 finished with values: [10.791780245462794, 10.791780245462794] and parameters: {'k1': 0.009782222138048972, 'D_low': 13.180029267201178, 'k2': 0.0005700142105246941, 'D_high': 39655.03094323017, 'fire_exp': 2.10707132280748, 'P_half': 149.35213816355395, 'pre_dampen_half': 340.6909167027263, 'gpp_af': 0.007619648413221235, 'gpp_b': 0.00977702299083608, 'gpp_d': 0.0735311909944862, 'ign_k': 3.1536006085184716, 'ign_c': 21.132597710340573, 'trop_agb_crit': 2.6695352180079177, 'trop_k_veg': 1.8981057964668895}.
[I 2026-06-09 12:10:15,059] Trial 456 finished with values: [10.154863920399674, 10.154863920399674] and parameters: {'k1': 1.263794633808287e-05, 'D_low': 12.115155843077673, 'k2': 0.002148652800991412, 'D_high': 41821.78526757458, 'fire_exp': 1.14171776851287, 'P_half': 98.98117700885537, 'pre_dampen_half': 673.2248920775328, 'gpp_af': 0.0012334147231672942, 'gpp_b': 0.0028993292583566945, 'gpp_d': 0.2473046721099913, 'ign_k': 0.5456725485601477, 'ign_c': 0.20319809838424974, 'trop_agb_crit': 19.51558406059598, 'trop_k_veg': 0.6618107836658104}.
[I 2026-06-09 12:10:16,202] Trial 457 finished with values: [10.801793843469762, 10.801793843469762] and parameters: {'k1': 0.01549659926581634, 'D_low': 13.180029267201178, 'k2': 0.037633129263701104, 'D_high': 3512.7047262708465, 'fire_exp': 1.060109541566103, 'P_half': 149.35213816355395, 'pre_dampen_half': 12.324765692041675, 'gpp_af': 0.32613327839065587, 'gpp_b': 0.16397960021659272, 'gpp_d': 0.2473046721099913, 'ign_k': 0.17321868366117535, 'ign_c': 21.132597710340573, 'trop_agb_crit': 19.51558406059598, 'trop_k_veg': 1.8981057964668895}.
[I 2026-06-09 12:10:17,370] Trial 458 finished with values: [-0.4881581546981404, 0.2774674605433055] and parameters: {'k1': 6.404854675916172e-05, 'D_low': 10.16551026641873, 'k2': 4.540076719227351e-05, 'D_high': 14268.845807630427, 'fire_exp': 1.0227532009936005, 'P_half': 108.21382910613987, 'pre_dampen_half': 269.0845367054866, 'gpp_af': 0.32613327839065587, 'gpp_b': 0.002262927522655115, 'gpp_d': 0.42885111268165765, 'ign_k': 1.1215915868662767, 'ign_c': 0.21234210963705627, 'trop_agb_crit': 19.51558406059598, 'trop_k_veg': 4.51930447316402}.
[I 2026-06-09 12:10:18,508] Trial 459 finished with values: [12.395778457936085, 12.395778457936085] and parameters: {'k1': 0.007519407491506672, 'D_low': 2.3244932709566686, 'k2': 0.0021314828404757746, 'D_high': 69868.4759244566, 'fire_exp': 1.9268171109476195, 'P_half': 1.4045842344024697, 'pre_dampen_half': 340.6909167027263, 'gpp_af': 5.244830565633045, 'gpp_b': 2.036444166653217e-05, 'gpp_d': 7.070472286699648, 'ign_k': 0.3242143344038317, 'ign_c': 0.20319809838424974, 'trop_agb_crit': 2.0420012944047587, 'trop_k_veg': 1.1517712915946832}.
[I 2026-06-09 12:10:19,887] Trial 460 finished with values: [10.85160999317666, 10.85160999317666] and parameters: {'k1': 0.009782222138048972, 'D_low': 12.115155843077673, 'k2': 0.06994589881535453, 'D_high': 18125.870836716233, 'fire_exp': 1.4848387260494937, 'P_half': 5.522071973135809, 'pre_dampen_half': 340.6909167027263, 'gpp_af': 1.3218737536384089, 'gpp_b': 5.0279186721731925e-05, 'gpp_d': 1.5988721385117124, 'ign_k': 0.01488823059798356, 'ign_c': 0.21234210963705627, 'trop_agb_crit': 19.51558406059598, 'trop_k_veg': 4.51930447316402}.
[I 2026-06-09 12:10:21,253] Trial 461 finished with values: [10.719934813306054, 10.719934813306054] and parameters: {'k1': 0.015161591075671724, 'D_low': 12.115155843077673, 'k2': 0.0011771900253242035, 'D_high': 14268.845807630427, 'fire_exp': 2.10707132280748, 'P_half': 149.35213816355395, 'pre_dampen_half': 566.2858823465564, 'gpp_af': 1.3218737536384089, 'gpp_b': 0.002262927522655115, 'gpp_d': 0.0735311909944862, 'ign_k': 0.3242143344038317, 'ign_c': 21.132597710340573, 'trop_agb_crit': 19.51558406059598, 'trop_k_veg': 5.06204715641377}.
[I 2026-06-09 12:10:22,522] Trial 462 finished with values: [10.497544998418732, 10.497544998418732] and parameters: {'k1': 0.05832560268546887, 'D_low': 35.02761367842313, 'k2': 0.010253368317956682, 'D_high': 39655.03094323017, 'fire_exp': 1.4408046627835394, 'P_half': 1.4045842344024697, 'pre_dampen_half': 11.164047352793695, 'gpp_af': 5.244830565633045, 'gpp_b': 3.686869490609954e-05, 'gpp_d': 0.0735311909944862, 'ign_k': 0.0019264360371306567, 'ign_c': 1.0022396791143333, 'trop_agb_crit': 6.475515989686909, 'trop_k_veg': 3.6260119779455584}.
[I 2026-06-09 12:10:23,668] Trial 463 finished with values: [10.45188959897365, 10.45188959897365] and parameters: {'k1': 0.0030219760889797966, 'D_low': 102.53722513378383, 'k2': 0.06994589881535453, 'D_high': 14268.845807630427, 'fire_exp': 1.14171776851287, 'P_half': 45.55085098454082, 'pre_dampen_half': 11.164047352793695, 'gpp_af': 0.0012900833126964447, 'gpp_b': 5.0279186721731925e-05, 'gpp_d': 7.070472286699648, 'ign_k': 0.0019264360371306567, 'ign_c': 0.9083381663660584, 'trop_agb_crit': 2.679156169946616, 'trop_k_veg': 1.1984430479717227}.
[I 2026-06-09 12:10:24,852] Trial 464 finished with values: [10.860350658304117, 10.860350658304117] and parameters: {'k1': 0.007519407491506672, 'D_low': 2.3244932709566686, 'k2': 1.3357240411974104e-05, 'D_high': 69868.4759244566, 'fire_exp': 1.14171776851287, 'P_half': 45.55085098454082, 'pre_dampen_half': 0.027499987455708936, 'gpp_af': 0.5107061330406066, 'gpp_b': 0.0028993292583566945, 'gpp_d': 0.2473046721099913, 'ign_k': 0.008226074946221037, 'ign_c': 0.20319809838424974, 'trop_agb_crit': 2.679156169946616, 'trop_k_veg': 0.6618107836658104}.
[I 2026-06-09 12:10:26,033] Trial 465 finished with values: [10.537002329801604, 10.537002329801604] and parameters: {'k1': 0.0002526432647626936, 'D_low': 12.115155843077673, 'k2': 4.540076719227351e-05, 'D_high': 32697.906333916944, 'fire_exp': 1.060109541566103, 'P_half': 140.571633510225, 'pre_dampen_half': 340.6909167027263, 'gpp_af': 1.3218737536384089, 'gpp_b': 0.002262927522655115, 'gpp_d': 0.0735311909944862, 'ign_k': 0.004224235973517089, 'ign_c': 0.21234210963705627, 'trop_agb_crit': 19.51558406059598, 'trop_k_veg': 4.51930447316402}.
[I 2026-06-09 12:10:27,330] Trial 466 finished with values: [11.144145997922562, 11.144145997922562] and parameters: {'k1': 0.015161591075671724, 'D_low': 27.79045054796807, 'k2': 4.540076719227351e-05, 'D_high': 3512.7047262708465, 'fire_exp': 1.060109541566103, 'P_half': 149.35213816355395, 'pre_dampen_half': 151.32148777056312, 'gpp_af': 1.3218737536384089, 'gpp_b': 2.036444166653217e-05, 'gpp_d': 99.3234953243749, 'ign_k': 0.3242143344038317, 'ign_c': 1.0022396791143333, 'trop_agb_crit': 19.51558406059598, 'trop_k_veg': 4.51930447316402}.
[I 2026-06-09 12:10:28,646] Trial 467 finished with values: [10.068300550835875, 10.068300550835875] and parameters: {'k1': 6.615437365561391e-05, 'D_low': 35.02761367842313, 'k2': 0.0009749762207436118, 'D_high': 39655.03094323017, 'fire_exp': 1.14171776851287, 'P_half': 1.4045842344024697, 'pre_dampen_half': 340.6909167027263, 'gpp_af': 1.3218737536384089, 'gpp_b': 0.050107402158164165, 'gpp_d': 26.003623362924223, 'ign_k': 0.0019264360371306567, 'ign_c': 1.887567630782227, 'trop_agb_crit': 1.6369193980425034, 'trop_k_veg': 4.51930447316402}.
