[I 2026-08-20 00:16:21,195] Trial 320 finished with value: 0.6445374145881376 and parameters: {'k1': 0.04842989257554589, 'D_low': 101453.87474102271, 'k2': 0.0032778193185558214, 'D_high': 10385.834163516975, 'fire_exp': 1.5661026098213384, 'P_half': 11.421043199945657, 'pre_dampen_half': 11.717349820283717, 'gpp_af': 0.14054027798981858, 'gpp_b': 0.0001263242363509895, 'gpp_d': 0.6035660071005603, 'ign_k': 0.18758523626390816, 'ign_c': 0.6082127754459459, 'trop_agb_crit': 9.224350618802918, 'trop_k_veg': 7.741934721808516, 'pop_amp': 0.05522318232407818, 'pop_peak': 699.3679363691816, 'pop_sig': 0.9510169847195153}. Best is trial 274 with value: -0.604910391627968.
[I 2026-08-20 00:16:24,094] Trial 321 finished with value: 0.5835333253406678 and parameters: {'k1': 1.6171565487285854e-05, 'D_low': 1250.6748338818245, 'k2': 0.007353909463041416, 'D_high': 18528.059425775977, 'fire_exp': 1.2687774318570078, 'P_half': 1.5887169281050615, 'pre_dampen_half': 0.2693562724353645, 'gpp_af': 0.348234496166784, 'gpp_b': 0.0030310102174604405, 'gpp_d': 20.454853045889415, 'ign_k': 0.0061572696498228005, 'ign_c': 27.638062660871476, 'trop_agb_crit': 12.902658501413736, 'trop_k_veg': 0.9477892375567649, 'pop_amp': 0.006346499675265926, 'pop_peak': 179.0207742652885, 'pop_sig': 0.41703914561197336}. Best is trial 274 with value: -0.604910391627968.
[I 2026-08-20 00:16:26,963] Trial 322 finished with value: 0.5113439777061081 and parameters: {'k1': 0.07042104425081713, 'D_low': 117.74630308711306, 'k2': 0.043101120200357654, 'D_high': 5078526.974144482, 'fire_exp': 1.2972776388659049, 'P_half': 114.4907894429368, 'pre_dampen_half': 29.378424124472012, 'gpp_af': 0.003928784012635846, 'gpp_b': 0.0004688477265208723, 'gpp_d': 831.2906282452074, 'ign_k': 0.0074143596528754956, 'ign_c': 81.4644962575972, 'trop_agb_crit': 3.296499888043544, 'trop_k_veg': 3.2557384980364716, 'pop_amp': 0.010487819244158947, 'pop_peak': 819.3211116432335, 'pop_sig': 2.240823208769765}. Best is trial 274 with value: -0.604910391627968.
[I 2026-08-20 00:16:29,965] Trial 323 finished with value: 0.6170721911321889 and parameters: {'k1': 0.0005165797064920925, 'D_low': 10.992926231324576, 'k2': 0.0031496964534070285, 'D_high': 1079.039802953109, 'fire_exp': 2.3526340066116584, 'P_half': 436.70766734799827, 'pre_dampen_half': 1.951168931101723, 'gpp_af': 1.6791653775081168, 'gpp_b': 2.2498622880171713, 'gpp_d': 9.386012073464492, 'ign_k': 4.762486688187843, 'ign_c': 1.7556576619328377, 'trop_agb_crit': 12.104378665029058, 'trop_k_veg': 6.382083199209414, 'pop_amp': 0.6136386878957489, 'pop_peak': 148.29419871768047, 'pop_sig': 1.1700829293571742}. Best is trial 274 with value: -0.604910391627968.
[I 2026-08-20 00:16:32,861] Trial 324 finished with value: 0.631720392746373 and parameters: {'k1': 0.03145881276424996, 'D_low': 38312.49318629967, 'k2': 0.0016517158251188138, 'D_high': 24989.406143360215, 'fire_exp': 1.2182475429129371, 'P_half': 1.9858098957214438, 'pre_dampen_half': 98.12051666668273, 'gpp_af': 0.002141994348405305, 'gpp_b': 0.0017010358963608736, 'gpp_d': 6.436562815964001, 'ign_k': 0.37885133658234266, 'ign_c': 0.12732328595385217, 'trop_agb_crit': 15.306400246384495, 'trop_k_veg': 4.189891880015852, 'pop_amp': 0.018487350915085396, 'pop_peak': 12.948655535126045, 'pop_sig': 1.2747605576613013}. Best is trial 274 with value: -0.604910391627968.
[I 2026-08-20 00:16:35,721] Trial 325 finished with value: 0.5157652766140218 and parameters: {'k1': 0.029888111860173757, 'D_low': 2199.839480764734, 'k2': 0.000785066302458268, 'D_high': 852081.4768421814, 'fire_exp': 2.0695280964321072, 'P_half': 1.5185649463056357, 'pre_dampen_half': 219.6877459154811, 'gpp_af': 0.034204494673053566, 'gpp_b': 4.356455005718292e-05, 'gpp_d': 0.9619396261390781, 'ign_k': 0.03332475975692716, 'ign_c': 31.05651589269201, 'trop_agb_crit': 6.092229869378922, 'trop_k_veg': 7.272831103401944, 'pop_amp': 0.07284316579939501, 'pop_peak': 83.21735407299423, 'pop_sig': 1.6262607817309807}. Best is trial 274 with value: -0.604910391627968.
[I 2026-08-20 00:16:38,662] Trial 326 finished with value: 0.5835307529258427 and parameters: {'k1': 0.00394547733636316, 'D_low': 52616.61745149332, 'k2': 0.061843725011196844, 'D_high': 1017670.406174253, 'fire_exp': 1.7951218194646472, 'P_half': 7.729874206027426, 'pre_dampen_half': 678.4182642332437, 'gpp_af': 2.2707097780992096, 'gpp_b': 0.0015354773816763972, 'gpp_d': 3.1816666670555525, 'ign_k': 0.0021115255379904295, 'ign_c': 4.100142820634431, 'trop_agb_crit': 8.556941516477334, 'trop_k_veg': 3.459599825700434, 'pop_amp': 0.00957281472104283, 'pop_peak': 0.1566469885480585, 'pop_sig': 0.4625661846465605}. Best is trial 274 with value: -0.604910391627968.
[I 2026-08-20 00:16:41,647] Trial 327 finished with value: 0.44099450162359033 and parameters: {'k1': 0.007683143517410594, 'D_low': 177.67468995491203, 'k2': 7.103162655939929e-05, 'D_high': 6612534.078979728, 'fire_exp': 1.1028606429268168, 'P_half': 9.270788219660895, 'pre_dampen_half': 172.76994748208253, 'gpp_af': 0.0015429583648650506, 'gpp_b': 4.6015590053413437e-05, 'gpp_d': 0.7615924056327782, 'ign_k': 0.011928662980644898, 'ign_c': 0.40279278582625216, 'trop_agb_crit': 24.242579187317798, 'trop_k_veg': 6.482420826603597, 'pop_amp': 0.03774247290268173, 'pop_peak': 28.379578241193204, 'pop_sig': 1.6622674442062957}. Best is trial 274 with value: -0.604910391627968.
[I 2026-08-20 00:16:44,618] Trial 328 finished with value: 0.5328499898017427 and parameters: {'k1': 2.1504571317393028e-05, 'D_low': 126804.02002109346, 'k2': 0.0013784668296501824, 'D_high': 2626842.6230532657, 'fire_exp': 1.1272718512316837, 'P_half': 64.77311986146297, 'pre_dampen_half': 17.273569146380495, 'gpp_af': 0.014887866691735344, 'gpp_b': 0.0003210885896681201, 'gpp_d': 43.466061159421805, 'ign_k': 0.3165794534212919, 'ign_c': 13.102813570185766, 'trop_agb_crit': 13.261318548543422, 'trop_k_veg': 1.77525041609414, 'pop_amp': 0.13059060834646913, 'pop_peak': 19.207315877866726, 'pop_sig': 1.3738024564800564}. Best is trial 274 with value: -0.604910391627968.
[I 2026-08-20 00:16:47,465] Trial 329 finished with value: 0.5887468604995972 and parameters: {'k1': 8.829617180234851e-05, 'D_low': 757.1879087029242, 'k2': 0.009106775689024663, 'D_high': 10317.093867615553, 'fire_exp': 1.5327993691521706, 'P_half': 1252.936923452443, 'pre_dampen_half': 0.921712009128594, 'gpp_af': 0.005940449463310307, 'gpp_b': 0.00034403075478898435, 'gpp_d': 65.06864820593417, 'ign_k': 0.6072587168875843, 'ign_c': 1.740685248496013, 'trop_agb_crit': 14.459490165542048, 'trop_k_veg': 1.9559150814496198, 'pop_amp': 0.05925691864985896, 'pop_peak': 67.72635781273655, 'pop_sig': 1.3384370761065822}. Best is trial 274 with value: -0.604910391627968.
[I 2026-08-20 00:16:50,516] Trial 330 finished with value: 0.515077028913689 and parameters: {'k1': 5.2592673179485734e-05, 'D_low': 66551.91674391617, 'k2': 0.011159559627274026, 'D_high': 916969.5968072857, 'fire_exp': 1.0856152295233288, 'P_half': 4.038072673186888, 'pre_dampen_half': 19.004933936127085, 'gpp_af': 2.4985954051977783, 'gpp_b': 0.002393272110821781, 'gpp_d': 9.37658133758076, 'ign_k': 0.010361290764186543, 'ign_c': 20.763034532129005, 'trop_agb_crit': 24.97775792697291, 'trop_k_veg': 0.6976595057250933, 'pop_amp': 0.005067654229400788, 'pop_peak': 62.642355663851845, 'pop_sig': 1.309575452635568}. Best is trial 274 with value: -0.604910391627968.
[I 2026-08-20 00:16:53,535] Trial 331 finished with value: 0.49326577548021877 and parameters: {'k1': 0.005536576651724184, 'D_low': 16.57623953866826, 'k2': 0.010893742662538917, 'D_high': 10263.220722045133, 'fire_exp': 1.419761161910702, 'P_half': 65.66782343656043, 'pre_dampen_half': 241.8110463365641, 'gpp_af': 0.045958266394123, 'gpp_b': 0.008459882485108278, 'gpp_d': 87.33969588509191, 'ign_k': 0.15426606598887524, 'ign_c': 8.133469528438967, 'trop_agb_crit': 25.11505610432087, 'trop_k_veg': 1.495873647926821, 'pop_amp': 0.001453674992926906, 'pop_peak': 0.5423117765875252, 'pop_sig': 1.6229304100880715}. Best is trial 274 with value: -0.604910391627968.
[I 2026-08-20 00:16:56,584] Trial 332 finished with value: 0.5286475801749491 and parameters: {'k1': 0.0028062626623138083, 'D_low': 7857.816938558731, 'k2': 0.09409385543142118, 'D_high': 576929.0724155769, 'fire_exp': 1.1212048018159688, 'P_half': 7.490247068096323, 'pre_dampen_half': 0.9487108341526727, 'gpp_af': 0.03638152733400158, 'gpp_b': 0.0010122694992099786, 'gpp_d': 0.01312615683813108, 'ign_k': 8.27299166608614, 'ign_c': 6.166401307509544, 'trop_agb_crit': 2.3826315599668133, 'trop_k_veg': 2.308318308924964, 'pop_amp': 0.002353397766817191, 'pop_peak': 0.28090631746114814, 'pop_sig': 1.5366362764637251}. Best is trial 274 with value: -0.604910391627968.
[I 2026-08-20 00:16:59,627] Trial 333 finished with value: 0.41199009578266976 and parameters: {'k1': 0.040061612630961856, 'D_low': 102.09920059217096, 'k2': 0.017124872101442933, 'D_high': 127991.49975447368, 'fire_exp': 1.1075283364378337, 'P_half': 52.94268710693756, 'pre_dampen_half': 12.543025142702682, 'gpp_af': 0.01756226934235677, 'gpp_b': 0.002148869146885863, 'gpp_d': 9.711020517918024, 'ign_k': 0.4313971314990966, 'ign_c': 19.20703307083652, 'trop_agb_crit': 28.309633327165955, 'trop_k_veg': 3.648211323976672, 'pop_amp': 0.2331945483760293, 'pop_peak': 0.067748604047505, 'pop_sig': 0.8198881117155123}. Best is trial 274 with value: -0.604910391627968.
[I 2026-08-20 00:17:02,656] Trial 334 finished with value: -0.5675208443196145 and parameters: {'k1': 0.008284799542815158, 'D_low': 657.3150720867125, 'k2': 0.0053011341406141365, 'D_high': 7507636.967528789, 'fire_exp': 2.9297998595259096, 'P_half': 42.33062583260296, 'pre_dampen_half': 4.086325264540024, 'gpp_af': 0.002023613495761276, 'gpp_b': 6.319753029225952e-05, 'gpp_d': 380.4946684060414, 'ign_k': 1.7870123294228442, 'ign_c': 1.2824028155278624, 'trop_agb_crit': 7.625793919632342, 'trop_k_veg': 3.415173294742965, 'pop_amp': 0.008916554523984812, 'pop_peak': 3.850032260695459, 'pop_sig': 1.4295508879450831}. Best is trial 274 with value: -0.604910391627968.
[I 2026-08-20 00:17:05,803] Trial 335 finished with value: 0.4702098172515259 and parameters: {'k1': 0.010395022764625263, 'D_low': 9336.265715024694, 'k2': 0.011610770534242379, 'D_high': 8879983.881612938, 'fire_exp': 2.6115326101651584, 'P_half': 15.871461375234446, 'pre_dampen_half': 1.5590122675832034, 'gpp_af': 0.0032831521220131007, 'gpp_b': 1.49529486300228e-05, 'gpp_d': 49.29037596521929, 'ign_k': 1.698942605382983, 'ign_c': 3.606972013502052, 'trop_agb_crit': 27.324209720771556, 'trop_k_veg': 2.7370040142935923, 'pop_amp': 0.030416574356982928, 'pop_peak': 0.7853345077626814, 'pop_sig': 0.9782850283897679}. Best is trial 274 with value: -0.604910391627968.
[I 2026-08-20 00:17:09,002] Trial 336 finished with value: 0.458184144366929 and parameters: {'k1': 0.002951497606495691, 'D_low': 261.95305839663416, 'k2': 0.03057157217529831, 'D_high': 2460351.6689872197, 'fire_exp': 3.526056782126082, 'P_half': 19.315455385339998, 'pre_dampen_half': 1.9526501533712446, 'gpp_af': 0.0047076694474382525, 'gpp_b': 0.00014226822700420328, 'gpp_d': 247.0642743551845, 'ign_k': 4.230295115494578, 'ign_c': 0.9259036341555875, 'trop_agb_crit': 6.899167061439712, 'trop_k_veg': 5.881498122774056, 'pop_amp': 0.004061362595005144, 'pop_peak': 3.5201989607771735, 'pop_sig': 1.833040069449882}. Best is trial 274 with value: -0.604910391627968.
[I 2026-08-20 00:17:12,281] Trial 337 finished with value: 0.541272412966577 and parameters: {'k1': 0.00522806064081605, 'D_low': 7364.002711270353, 'k2': 0.0005487488701749444, 'D_high': 25565.50230270325, 'fire_exp': 1.5629404752933282, 'P_half': 254.64164012116768, 'pre_dampen_half': 46.21522793532472, 'gpp_af': 0.013048948546177962, 'gpp_b': 6.783454029565753e-05, 'gpp_d': 0.05607526732008059, 'ign_k': 8.732633772105842, 'ign_c': 0.5320824211739187, 'trop_agb_crit': 5.808837674209866, 'trop_k_veg': 2.540434217456149, 'pop_amp': 0.010775001472900742, 'pop_peak': 65.2726088505963, 'pop_sig': 0.5573126057331014}. Best is trial 274 with value: -0.604910391627968.
[I 2026-08-20 00:17:15,447] Trial 338 finished with value: 0.5475994243484787 and parameters: {'k1': 0.003106179222465464, 'D_low': 35.37456211111491, 'k2': 0.004633320464127085, 'D_high': 91719.97688300269, 'fire_exp': 1.0236836489389842, 'P_half': 19.24816920830963, 'pre_dampen_half': 0.42309836094459186, 'gpp_af': 0.038033508706881713, 'gpp_b': 0.0009234946135350594, 'gpp_d': 542.1657453580701, 'ign_k': 0.011078130292882649, 'ign_c': 73.82131708024588, 'trop_agb_crit': 14.995243542083806, 'trop_k_veg': 0.7665698756074512, 'pop_amp': 0.004478794610147688, 'pop_peak': 0.7993780069801008, 'pop_sig': 2.3841815848553187}. Best is trial 274 with value: -0.604910391627968.
[I 2026-08-20 00:17:18,542] Trial 339 finished with value: 0.5004203671946956 and parameters: {'k1': 0.000955225169119801, 'D_low': 419.59525903724403, 'k2': 0.001250988761586682, 'D_high': 622958.2017589653, 'fire_exp': 2.1203293435356345, 'P_half': 55.88291304942041, 'pre_dampen_half': 170.1966330160445, 'gpp_af': 0.0984195915796949, 'gpp_b': 0.023257953077985758, 'gpp_d': 9.602578105432793, 'ign_k': 9.13675012910244, 'ign_c': 0.36755697719505637, 'trop_agb_crit': 21.20177927248471, 'trop_k_veg': 6.0558527186632345, 'pop_amp': 0.7471098187803887, 'pop_peak': 71.31927257609632, 'pop_sig': 0.9957981921976249}. Best is trial 274 with value: -0.604910391627968.
[I 2026-08-20 00:17:21,690] Trial 340 finished with value: 0.5190121012479499 and parameters: {'k1': 0.0012930056891652787, 'D_low': 65.98128947013791, 'k2': 0.0033932750985977513, 'D_high': 789567.9205008671, 'fire_exp': 1.7777443942049114, 'P_half': 2062.8625553996985, 'pre_dampen_half': 52.59135616432823, 'gpp_af': 0.14826637594119046, 'gpp_b': 0.0005226259754906333, 'gpp_d': 44.88384954018249, 'ign_k': 4.868675959321014, 'ign_c': 7.110736841191573, 'trop_agb_crit': 20.526307175454416, 'trop_k_veg': 2.0471724756255028, 'pop_amp': 0.0011469626928763785, 'pop_peak': 3.6718411985051578, 'pop_sig': 0.5447411222071024}. Best is trial 274 with value: -0.604910391627968.
[I 2026-08-20 00:17:24,793] Trial 341 finished with value: 0.6445374145881376 and parameters: {'k1': 0.01264265384867566, 'D_low': 43.26395597974836, 'k2': 0.0004350966640438382, 'D_high': 1022488.6887427046, 'fire_exp': 2.5926116821002863, 'P_half': 835.3993754028498, 'pre_dampen_half': 258.553321421216, 'gpp_af': 0.0011438528254024208, 'gpp_b': 2.784327147574801e-05, 'gpp_d': 0.16155177415870028, 'ign_k': 7.666090662451259, 'ign_c': 352.1657264791438, 'trop_agb_crit': 19.70598212234641, 'trop_k_veg': 0.9762973345087205, 'pop_amp': 0.0030557787715622593, 'pop_peak': 15.500246376387363, 'pop_sig': 0.4435262163663479}. Best is trial 274 with value: -0.604910391627968.
[I 2026-08-20 00:17:27,843] Trial 342 finished with value: 0.5327435653890258 and parameters: {'k1': 6.528664457521841e-05, 'D_low': 50043.76618635226, 'k2': 0.04776703560732825, 'D_high': 1380299.6263760682, 'fire_exp': 1.2067214605086931, 'P_half': 25.93153074770304, 'pre_dampen_half': 0.6470020762565106, 'gpp_af': 0.031714743420557766, 'gpp_b': 7.80119746476493e-05, 'gpp_d': 0.2711931836709192, 'ign_k': 3.3923549379962665, 'ign_c': 23.346102336299346, 'trop_agb_crit': 10.925132126242556, 'trop_k_veg': 1.9017066555261222, 'pop_amp': 0.0024485191924800633, 'pop_peak': 20.43400440542511, 'pop_sig': 0.8145249549312157}. Best is trial 274 with value: -0.604910391627968.
[I 2026-08-20 00:17:31,269] Trial 343 finished with value: 0.6445374145881376 and parameters: {'k1': 0.030452932662328704, 'D_low': 1820.1411697069082, 'k2': 0.0006759854513086518, 'D_high': 2000919.0732417123, 'fire_exp': 2.118075384961403, 'P_half': 280.24713479935264, 'pre_dampen_half': 2.147773395648611, 'gpp_af': 0.005223129099113127, 'gpp_b': 0.0008837596702150806, 'gpp_d': 29.548447765052178, 'ign_k': 2.221207041707037, 'ign_c': 94.59472126941135, 'trop_agb_crit': 25.82017324801106, 'trop_k_veg': 1.0843299024779605, 'pop_amp': 0.0014880990398627848, 'pop_peak': 14.144629505475752, 'pop_sig': 0.7578944780223129}. Best is trial 274 with value: -0.604910391627968.
[I 2026-08-20 00:17:34,477] Trial 344 finished with value: 0.5911524178626621 and parameters: {'k1': 0.0003278092397432389, 'D_low': 23992.674024890253, 'k2': 0.004835598788416826, 'D_high': 47567.06217522925, 'fire_exp': 3.7944373717890802, 'P_half': 82.90247727652137, 'pre_dampen_half': 5.284027817963531, 'gpp_af': 0.10646720283858421, 'gpp_b': 0.0004940609882192658, 'gpp_d': 0.4047529581746647, 'ign_k': 1.8946293094977134, 'ign_c': 1.601622300606308, 'trop_agb_crit': 17.949622473789407, 'trop_k_veg': 3.3565833817000406, 'pop_amp': 0.0030445697027018537, 'pop_peak': 4.632284933818136, 'pop_sig': 0.7298190705065585}. Best is trial 274 with value: -0.604910391627968.
[I 2026-08-20 00:17:37,590] Trial 345 finished with value: 0.5476923188331352 and parameters: {'k1': 0.07680958956673507, 'D_low': 1967.019533363396, 'k2': 0.07336820084732977, 'D_high': 11436.368806744795, 'fire_exp': 1.4846293233588348, 'P_half': 7.093666880927721, 'pre_dampen_half': 917.4579178402017, 'gpp_af': 5.702994634644616, 'gpp_b': 0.0004242710129818545, 'gpp_d': 4.945827710999587, 'ign_k': 3.3358111954464174, 'ign_c': 8.572145491583779, 'trop_agb_crit': 19.585669804289505, 'trop_k_veg': 3.26318752207801, 'pop_amp': 0.23444966702664907, 'pop_peak': 0.11006326275946146, 'pop_sig': 0.7074355656917523}. Best is trial 274 with value: -0.604910391627968.
[I 2026-08-20 00:17:40,723] Trial 346 finished with value: 0.5817213804784392 and parameters: {'k1': 0.0349318133331835, 'D_low': 734.2976936187363, 'k2': 2.206150848526674e-05, 'D_high': 80050.29065796472, 'fire_exp': 1.0482162088067872, 'P_half': 1556.1491614309002, 'pre_dampen_half': 0.09091072502332767, 'gpp_af': 82.10095725764816, 'gpp_b': 0.0006696613385318592, 'gpp_d': 17.52129952597551, 'ign_k': 0.42904506949684995, 'ign_c': 1.010618933125431, 'trop_agb_crit': 4.15811129458783, 'trop_k_veg': 0.5828832277419635, 'pop_amp': 1.4045761186531553, 'pop_peak': 66.50790965101154, 'pop_sig': 0.7033755445303173}. Best is trial 274 with value: -0.604910391627968.
[I 2026-08-20 00:17:43,903] Trial 347 finished with value: 0.43364882098659085 and parameters: {'k1': 0.009838419570194558, 'D_low': 223.92953492347064, 'k2': 0.000742795433979873, 'D_high': 1658080.4674750457, 'fire_exp': 1.1885029055414686, 'P_half': 2.605057595508892, 'pre_dampen_half': 35.09917210642833, 'gpp_af': 0.0018679228987406205, 'gpp_b': 1.3422645018552812e-05, 'gpp_d': 0.5980586381198318, 'ign_k': 0.03193663796438768, 'ign_c': 0.9265426693238542, 'trop_agb_crit': 3.382920039647712, 'trop_k_veg': 5.77164603985342, 'pop_amp': 0.0011801715252941697, 'pop_peak': 16.275329340206714, 'pop_sig': 1.523347183332448}. Best is trial 274 with value: -0.604910391627968.
[I 2026-08-20 00:17:47,069] Trial 348 finished with value: 0.524043594889692 and parameters: {'k1': 2.5889592632900303e-05, 'D_low': 12430.896540610303, 'k2': 0.006651352343999668, 'D_high': 7309756.033630982, 'fire_exp': 1.4120147720300467, 'P_half': 29.810293802562285, 'pre_dampen_half': 4.033848500216936, 'gpp_af': 0.10638335507555581, 'gpp_b': 0.0009709272757169722, 'gpp_d': 23.976714516230423, 'ign_k': 0.035753595270285286, 'ign_c': 15.858158980965975, 'trop_agb_crit': 26.91380619427314, 'trop_k_veg': 0.8924184172051515, 'pop_amp': 0.0017829767509388416, 'pop_peak': 371.3178952093443, 'pop_sig': 0.7902084013155363}. Best is trial 274 with value: -0.604910391627968.
[I 2026-08-20 00:17:50,140] Trial 349 finished with value: 0.5631722924790115 and parameters: {'k1': 0.07922111280163116, 'D_low': 9002.433132557133, 'k2': 0.09018509440395657, 'D_high': 1950726.467516203, 'fire_exp': 2.748461978328107, 'P_half': 9.44611187492353, 'pre_dampen_half': 7.4600837854683295, 'gpp_af': 0.21360173645731892, 'gpp_b': 0.0001446153778796185, 'gpp_d': 17.58715028195157, 'ign_k': 0.03038435733930033, 'ign_c': 17.72090080624461, 'trop_agb_crit': 14.243945910733254, 'trop_k_veg': 3.294510725535888, 'pop_amp': 0.0025375442412144283, 'pop_peak': 0.43933064687590523, 'pop_sig': 0.3486282304913002}. Best is trial 274 with value: -0.604910391627968.
[I 2026-08-20 00:17:53,319] Trial 350 finished with value: 0.4556183437144665 and parameters: {'k1': 0.003655168520960969, 'D_low': 3950.237602445887, 'k2': 0.004649017091084863, 'D_high': 5806749.237732236, 'fire_exp': 1.8232185468767224, 'P_half': 21.790928244511374, 'pre_dampen_half': 86.49771333132952, 'gpp_af': 0.0018883351852073986, 'gpp_b': 2.781554021201115e-05, 'gpp_d': 996.3757354013235, 'ign_k': 1.3917859063183629, 'ign_c': 0.599645276225954, 'trop_agb_crit': 13.625171336872206, 'trop_k_veg': 4.372327797070947, 'pop_amp': 0.009093966003802686, 'pop_peak': 5.287510523919268, 'pop_sig': 1.5114696021026617}. Best is trial 274 with value: -0.604910391627968.
[I 2026-08-20 00:17:56,620] Trial 351 finished with value: -0.5162077632398099 and parameters: {'k1': 0.0248441761820546, 'D_low': 615.0182960052939, 'k2': 0.006432352526978072, 'D_high': 21585.60316207143, 'fire_exp': 2.5643568142947637, 'P_half': 99.09106349557825, 'pre_dampen_half': 80.62148386952656, 'gpp_af': 0.09961068603757914, 'gpp_b': 7.260452803826724e-05, 'gpp_d': 0.6060880791778851, 'ign_k': 4.830540752029153, 'ign_c': 1.8570944376240475, 'trop_agb_crit': 22.377990548062783, 'trop_k_veg': 1.9950734411204496, 'pop_amp': 0.016459962983282783, 'pop_peak': 15.356387060500225, 'pop_sig': 1.1183199309841823}. Best is trial 274 with value: -0.604910391627968.
