[I 2026-08-19 17:30:36,658] Trial 1159 finished with value: 0.5135477158178152 and parameters: {'k1': 0.001419857675551404, 'D_low': 344.74214476430177, 'k2': 0.00016085370538784007, 'D_high': 1283007.5650185542, 'fire_exp': 3.700201963656782, 'P_half': 3.134270288305536, 'pre_dampen_half': 0.4275111154901675, 'gpp_af': 0.03553574604472637, 'gpp_b': 0.0019396969922760438, 'gpp_d': 41.18114324179707, 'ign_k': 0.1660963799228411, 'ign_c': 1.5975669908161176, 'trop_agb_crit': 2.90630266325447, 'trop_k_veg': 2.4932953183274362, 'pop_amp': 7.793991684693473, 'pop_peak': 4.377756021825333, 'pop_sig': 0.7876869668912173, 'fuel_k': 3.1424906990663235, 'fuel_half': 0.12401423158493916}. Best is trial 0 with value: -0.6094076133578652.
[I 2026-08-19 17:30:38,281] Trial 1160 finished with value: 0.568915586712252 and parameters: {'k1': 0.000504034351704837, 'D_low': 680.4965359875312, 'k2': 0.0014426826904528037, 'D_high': 591778.3765771533, 'fire_exp': 4.355340304967698, 'P_half': 3.27719388924023, 'pre_dampen_half': 5.719941192668095, 'gpp_af': 1.5590348109544794, 'gpp_b': 6.659711461910018e-05, 'gpp_d': 18.957499422471457, 'ign_k': 0.22724324072164664, 'ign_c': 1.5155631654323087, 'trop_agb_crit': 2.6946475213057464, 'trop_k_veg': 1.1385120575988132, 'pop_amp': 13.907727641688394, 'pop_peak': 149.0446375976228, 'pop_sig': 0.5546702439104286, 'fuel_k': 0.26394224542438455, 'fuel_half': 0.650684675128546}. Best is trial 0 with value: -0.6094076133578652.
[I 2026-08-19 17:30:39,887] Trial 1161 finished with value: 0.6279892736267467 and parameters: {'k1': 0.003940766666907816, 'D_low': 5825.391563100747, 'k2': 0.0023021608089511115, 'D_high': 1055055.5388428313, 'fire_exp': 4.1370744053956985, 'P_half': 1712.190663938448, 'pre_dampen_half': 68.11679123107734, 'gpp_af': 4.1093586154015425, 'gpp_b': 0.0004436530087984082, 'gpp_d': 0.4496758499094227, 'ign_k': 4.484819228460952, 'ign_c': 4.158527600426992, 'trop_agb_crit': 9.453883875494247, 'trop_k_veg': 0.9261255452879166, 'pop_amp': 3.096871160711345, 'pop_peak': 3.98242327183541, 'pop_sig': 0.4217169112273713, 'fuel_k': 0.13232039908865015, 'fuel_half': 0.7312067674160305}. Best is trial 0 with value: -0.6094076133578652.
  trial 1162/2500  best_overall=0.6094  (32.3 min)
[I 2026-08-19 17:30:41,812] Trial 1162 finished with value: 0.581986364173778 and parameters: {'k1': 0.0007867910201654537, 'D_low': 40.807398484811394, 'k2': 3.626935762382331e-05, 'D_high': 1286839.728376513, 'fire_exp': 6.168549661264363, 'P_half': 58.3303203107304, 'pre_dampen_half': 2.934937110970553, 'gpp_af': 0.8010872240572418, 'gpp_b': 0.0010472101744867443, 'gpp_d': 1.1593073843055708, 'ign_k': 0.018454825685127654, 'ign_c': 0.2435671858794524, 'trop_agb_crit': 1.9996828126514548, 'trop_k_veg': 1.9279695434660598, 'pop_amp': 14.208072188322921, 'pop_peak': 655.9463122409323, 'pop_sig': 0.9309418751161115, 'fuel_k': 0.07452448617261265, 'fuel_half': 1.4310290987105934}. Best is trial 0 with value: -0.6094076133578652.
[I 2026-08-19 17:30:43,449] Trial 1163 finished with value: 0.4646282178729637 and parameters: {'k1': 0.0357816413167497, 'D_low': 68.3093655657984, 'k2': 0.0025409408117709562, 'D_high': 4333772.93788825, 'fire_exp': 4.7674914831876745, 'P_half': 43.91036102448077, 'pre_dampen_half': 834.0957250491158, 'gpp_af': 0.02935448579927303, 'gpp_b': 2.9372127790823028e-05, 'gpp_d': 445.673399585059, 'ign_k': 0.2604676737937861, 'ign_c': 0.13938386930029945, 'trop_agb_crit': 12.834251885322528, 'trop_k_veg': 0.808128307745984, 'pop_amp': 0.08589129267030408, 'pop_peak': 4.991774004349888, 'pop_sig': 0.5344481668776969, 'fuel_k': 0.25304331539380037, 'fuel_half': 0.27264293479597235}. Best is trial 0 with value: -0.6094076133578652.
[I 2026-08-19 17:30:45,172] Trial 1164 finished with value: 0.432173859854432 and parameters: {'k1': 0.021315368981822982, 'D_low': 4056.2493378867202, 'k2': 0.0001221713734733439, 'D_high': 831126.3956727176, 'fire_exp': 2.444346431151385, 'P_half': 78.16855813844138, 'pre_dampen_half': 64.52457672126167, 'gpp_af': 0.02708870566741774, 'gpp_b': 5.500293715721202e-05, 'gpp_d': 1.5528182811316613, 'ign_k': 1.6733353210422064, 'ign_c': 4.486373298040927, 'trop_agb_crit': 2.8674494721339454, 'trop_k_veg': 0.552322964295193, 'pop_amp': 0.2839104995276089, 'pop_peak': 168.00297996210722, 'pop_sig': 0.29114657680262174, 'fuel_k': 0.17916947768576238, 'fuel_half': 0.15401891406296883}. Best is trial 0 with value: -0.6094076133578652.
[I 2026-08-19 17:30:46,788] Trial 1165 finished with value: 0.46349067325058857 and parameters: {'k1': 0.0017119802846032814, 'D_low': 13.306956653970623, 'k2': 0.0014563923794950792, 'D_high': 132842.14786662706, 'fire_exp': 2.3542477697658035, 'P_half': 3.7824393147825206, 'pre_dampen_half': 0.02985466746563241, 'gpp_af': 0.0015056705568797808, 'gpp_b': 0.001098643766669027, 'gpp_d': 1.5832017315756708, 'ign_k': 0.2424663150779298, 'ign_c': 0.1592713761841324, 'trop_agb_crit': 2.9419972036307818, 'trop_k_veg': 0.8533529146406813, 'pop_amp': 16.34934491338659, 'pop_peak': 31.077586767934136, 'pop_sig': 0.7188353172479944, 'fuel_k': 1.153776735381181, 'fuel_half': 0.6260164946518268}. Best is trial 0 with value: -0.6094076133578652.
[I 2026-08-19 17:30:48,430] Trial 1166 finished with value: -0.5637409287297772 and parameters: {'k1': 0.07287458091490363, 'D_low': 21.728537652224748, 'k2': 0.00112385764434826, 'D_high': 222620.5990698222, 'fire_exp': 3.9058571609351533, 'P_half': 3.9677310325097643, 'pre_dampen_half': 2.6228709725607793, 'gpp_af': 0.005075948006194311, 'gpp_b': 1.7186010638820345e-05, 'gpp_d': 523.791763168289, 'ign_k': 1.3537717076445839, 'ign_c': 0.2901131451749511, 'trop_agb_crit': 25.40989537171276, 'trop_k_veg': 0.5205074882497827, 'pop_amp': 0.09213395446684508, 'pop_peak': 3.3981180410060103, 'pop_sig': 0.4415800559162046, 'fuel_k': 0.3579596865420577, 'fuel_half': 0.9266652509617955}. Best is trial 0 with value: -0.6094076133578652.
[I 2026-08-19 17:30:50,036] Trial 1167 finished with value: 0.5828986959091359 and parameters: {'k1': 0.0036335904322636068, 'D_low': 124.86623802657371, 'k2': 3.8545912775790455e-05, 'D_high': 8859654.867136765, 'fire_exp': 3.2384232601056846, 'P_half': 152.08525453134814, 'pre_dampen_half': 202.14150312187135, 'gpp_af': 4.48300538506031, 'gpp_b': 0.030237778186199507, 'gpp_d': 0.741004579511216, 'ign_k': 0.9063097379427517, 'ign_c': 6.489591632371801, 'trop_agb_crit': 4.133858336085598, 'trop_k_veg': 0.5402470630577351, 'pop_amp': 0.445710429548021, 'pop_peak': 15.620626082439886, 'pop_sig': 0.6193687820671913, 'fuel_k': 0.2073459531771193, 'fuel_half': 0.2792952831889803}. Best is trial 0 with value: -0.6094076133578652.
[I 2026-08-19 17:30:51,695] Trial 1168 finished with value: 0.6096409078012721 and parameters: {'k1': 0.002040068206795295, 'D_low': 23.42979937256695, 'k2': 0.001098397604393081, 'D_high': 820227.3717693633, 'fire_exp': 2.633289231743008, 'P_half': 428.80728241247874, 'pre_dampen_half': 16.274330587060984, 'gpp_af': 0.0399114046106879, 'gpp_b': 0.0588356025061975, 'gpp_d': 43.28016118208844, 'ign_k': 2.273217910923914, 'ign_c': 29.295539766747616, 'trop_agb_crit': 5.382755771447539, 'trop_k_veg': 0.801510227432579, 'pop_amp': 1.2812476478828712, 'pop_peak': 36.42113699670032, 'pop_sig': 0.28888804928011924, 'fuel_k': 0.02536148991049461, 'fuel_half': 0.5078564675973672}. Best is trial 0 with value: -0.6094076133578652.
[I 2026-08-19 17:30:53,328] Trial 1169 finished with value: 0.430111310803613 and parameters: {'k1': 0.0004258534701634891, 'D_low': 1540.1953401432888, 'k2': 0.00011243341550299646, 'D_high': 1996447.2478521287, 'fire_exp': 2.805813401471159, 'P_half': 20.300858507484328, 'pre_dampen_half': 1.1312191771257967, 'gpp_af': 0.043767139181894316, 'gpp_b': 0.0011486830786152091, 'gpp_d': 33.44095843092506, 'ign_k': 0.060697603360351855, 'ign_c': 1.5610058026455802, 'trop_agb_crit': 4.090504895040079, 'trop_k_veg': 1.4015298994443146, 'pop_amp': 2.8291039531204696, 'pop_peak': 10.904623799132878, 'pop_sig': 0.6652026342220869, 'fuel_k': 0.013583557338024414, 'fuel_half': 5.150845697980215}. Best is trial 0 with value: -0.6094076133578652.
[I 2026-08-19 17:30:54,988] Trial 1170 finished with value: -0.5511513649322705 and parameters: {'k1': 0.0018763982950359263, 'D_low': 221.1080563278123, 'k2': 0.0010941148902316473, 'D_high': 2872564.176292263, 'fire_exp': 1.500909234069387, 'P_half': 3.7049606744844117, 'pre_dampen_half': 4.382385128899528, 'gpp_af': 0.007977211916174098, 'gpp_b': 0.010849931561934228, 'gpp_d': 194.86143338504087, 'ign_k': 0.05949333087461552, 'ign_c': 0.1486709152584877, 'trop_agb_crit': 4.121620821852835, 'trop_k_veg': 1.2670007797444323, 'pop_amp': 4.793540108070796, 'pop_peak': 109.18752553539005, 'pop_sig': 0.655645295604783, 'fuel_k': 0.28564754518010166, 'fuel_half': 0.10345991544322967}. Best is trial 0 with value: -0.6094076133578652.
[I 2026-08-19 17:30:56,657] Trial 1171 finished with value: 0.5879246124144446 and parameters: {'k1': 0.01739050784367364, 'D_low': 5.182565185545344, 'k2': 0.005964948170459478, 'D_high': 16546.689223226695, 'fire_exp': 3.9607726586337257, 'P_half': 1.2435106928375506, 'pre_dampen_half': 7.292461233416923, 'gpp_af': 0.22654037561196444, 'gpp_b': 0.00047000760191627446, 'gpp_d': 112.04701656726607, 'ign_k': 0.011214624347986604, 'ign_c': 1.083558337039475, 'trop_agb_crit': 11.767609943905647, 'trop_k_veg': 0.5636520066572598, 'pop_amp': 0.03545077138422906, 'pop_peak': 8.912626369017737, 'pop_sig': 0.7546883251448051, 'fuel_k': 0.39875277053817887, 'fuel_half': 0.20484351183136265}. Best is trial 0 with value: -0.6094076133578652.
[I 2026-08-19 17:30:58,399] Trial 1172 finished with value: 0.6445374145881376 and parameters: {'k1': 0.0008241598929002803, 'D_low': 1.1477996989268324, 'k2': 0.0009644419232634055, 'D_high': 181436.57344589834, 'fire_exp': 6.369936434869645, 'P_half': 17.49534523828499, 'pre_dampen_half': 32.17474579519291, 'gpp_af': 0.009735937348058136, 'gpp_b': 7.3775944960969e-05, 'gpp_d': 6.365688824698579, 'ign_k': 1.3281791376600556, 'ign_c': 67.9578856169005, 'trop_agb_crit': 4.7218055572816775, 'trop_k_veg': 3.908970438694792, 'pop_amp': 0.06873585209682796, 'pop_peak': 155.38750683676608, 'pop_sig': 1.3942795716063623, 'fuel_k': 0.7685230722934022, 'fuel_half': 0.12619761892974835}. Best is trial 0 with value: -0.6094076133578652.
[I 2026-08-19 17:31:00,080] Trial 1173 finished with value: 0.44433458371729206 and parameters: {'k1': 0.0009351632145148533, 'D_low': 6515.356808002154, 'k2': 0.0001382375126743822, 'D_high': 170923.87220423593, 'fire_exp': 3.140959829719816, 'P_half': 1.3883010935969597, 'pre_dampen_half': 92.56176938466865, 'gpp_af': 0.062469414086399846, 'gpp_b': 0.0008385828933355492, 'gpp_d': 15.710304438387624, 'ign_k': 0.2567702568315573, 'ign_c': 0.11891608335916364, 'trop_agb_crit': 23.892955387098837, 'trop_k_veg': 1.9035866897774985, 'pop_amp': 0.12797237963442473, 'pop_peak': 0.14502725409872969, 'pop_sig': 0.6256150031903154, 'fuel_k': 0.08826769104605331, 'fuel_half': 0.25420685743265603}. Best is trial 0 with value: -0.6094076133578652.
[I 2026-08-19 17:31:01,794] Trial 1174 finished with value: 0.6224159285420587 and parameters: {'k1': 0.001597066524550709, 'D_low': 134.48584787264076, 'k2': 0.00033582946680298906, 'D_high': 4772550.214909417, 'fire_exp': 3.882097924714941, 'P_half': 12.928415022113809, 'pre_dampen_half': 0.1905418148001584, 'gpp_af': 9.720481319557871, 'gpp_b': 0.010936398020397173, 'gpp_d': 0.1792941083371623, 'ign_k': 0.013447113870268236, 'ign_c': 0.6619393888193476, 'trop_agb_crit': 4.349464512458271, 'trop_k_veg': 1.1594804147640194, 'pop_amp': 2.656669463822746, 'pop_peak': 4.262752851165086, 'pop_sig': 0.732518939629181, 'fuel_k': 0.18006342356292013, 'fuel_half': 0.20676784393621633}. Best is trial 0 with value: -0.6094076133578652.
  trial 1175/2500  best_overall=0.6094  (32.6 min)
[I 2026-08-19 17:31:03,714] Trial 1175 finished with value: 0.5240115610499922 and parameters: {'k1': 0.0390914350680843, 'D_low': 4.0619715545060044, 'k2': 0.0010475071775320987, 'D_high': 4551.572827163783, 'fire_exp': 6.803983229529548, 'P_half': 18.689613814664774, 'pre_dampen_half': 622.6695659621979, 'gpp_af': 0.09680098016459852, 'gpp_b': 0.0006359874447948417, 'gpp_d': 516.3443676500742, 'ign_k': 1.0627254411002012, 'ign_c': 0.17199402715593107, 'trop_agb_crit': 25.6163364440754, 'trop_k_veg': 1.2611132411831216, 'pop_amp': 0.003048735921282003, 'pop_peak': 2.4707334965114383, 'pop_sig': 0.2981079762575048, 'fuel_k': 0.4402654514698442, 'fuel_half': 0.22811557681394715}. Best is trial 0 with value: -0.6094076133578652.
[I 2026-08-19 17:31:05,399] Trial 1176 finished with value: 0.5299329363450751 and parameters: {'k1': 0.0044856206677200625, 'D_low': 1.3363613123285896, 'k2': 1.5282503209524235e-05, 'D_high': 880765.5686525506, 'fire_exp': 5.24936297151901, 'P_half': 10.255913746449373, 'pre_dampen_half': 2.5422213793748427, 'gpp_af': 4.914855212417076, 'gpp_b': 0.0013210780751958162, 'gpp_d': 186.0412131293191, 'ign_k': 0.03700351324034972, 'ign_c': 1.4753232766256976, 'trop_agb_crit': 8.770490262994691, 'trop_k_veg': 0.8886387527542677, 'pop_amp': 6.717321695915081, 'pop_peak': 462.11745205040836, 'pop_sig': 0.5716361786072268, 'fuel_k': 0.04792952951837312, 'fuel_half': 1.3045916354357463}. Best is trial 0 with value: -0.6094076133578652.
[I 2026-08-19 17:31:07,102] Trial 1177 finished with value: 0.5271042800869058 and parameters: {'k1': 0.007032349278844249, 'D_low': 1.7292013710582204, 'k2': 0.000239853381680575, 'D_high': 7305128.733878995, 'fire_exp': 2.8399226572833043, 'P_half': 8.381126167387068, 'pre_dampen_half': 0.5306855385332602, 'gpp_af': 0.15729892283418775, 'gpp_b': 0.015783699487803404, 'gpp_d': 9.436573781874962, 'ign_k': 0.03178242850556486, 'ign_c': 1.2400559554441524, 'trop_agb_crit': 2.447198703581423, 'trop_k_veg': 0.7890520981874605, 'pop_amp': 2.616231015735554, 'pop_peak': 31.685986027543308, 'pop_sig': 1.6674445880956736, 'fuel_k': 0.12011845681080989, 'fuel_half': 0.13115973923185278}. Best is trial 0 with value: -0.6094076133578652.
[I 2026-08-19 17:31:08,902] Trial 1178 finished with value: 0.6044016630369236 and parameters: {'k1': 0.003418736307663502, 'D_low': 6.021651103782431, 'k2': 0.00011069817405249014, 'D_high': 8125590.008444365, 'fire_exp': 2.8029315419519905, 'P_half': 13.092014218858193, 'pre_dampen_half': 8.125287208659389, 'gpp_af': 0.2950278883769523, 'gpp_b': 1.359969554723954, 'gpp_d': 15.81062167228261, 'ign_k': 0.7246732244574859, 'ign_c': 0.17540386415299059, 'trop_agb_crit': 22.444254799050675, 'trop_k_veg': 0.7345905215849113, 'pop_amp': 1.3474251267617199, 'pop_peak': 487.4769388540226, 'pop_sig': 0.3888340815349872, 'fuel_k': 0.058211474800392314, 'fuel_half': 0.4081513209739387}. Best is trial 0 with value: -0.6094076133578652.
[I 2026-08-19 17:31:10,548] Trial 1179 finished with value: 0.4729390893813691 and parameters: {'k1': 0.0061406784147808365, 'D_low': 32.28829618249298, 'k2': 0.001911387273139783, 'D_high': 973924.7303147014, 'fire_exp': 1.9341762074772286, 'P_half': 113.5505120960278, 'pre_dampen_half': 0.688800958040542, 'gpp_af': 0.12511177455290307, 'gpp_b': 0.048619827774476806, 'gpp_d': 8.171969788238368, 'ign_k': 1.5171433068674711, 'ign_c': 2.6936989978042245, 'trop_agb_crit': 4.164514128982078, 'trop_k_veg': 0.8277932218973636, 'pop_amp': 14.066872624399059, 'pop_peak': 90.1966291421485, 'pop_sig': 0.507606638152767, 'fuel_k': 0.25574804785517397, 'fuel_half': 0.21972856156381732}. Best is trial 0 with value: -0.6094076133578652.
[I 2026-08-19 17:31:12,328] Trial 1180 finished with value: 0.5928729377802733 and parameters: {'k1': 0.011833582913426576, 'D_low': 1681.7069985653611, 'k2': 0.0018585148496982119, 'D_high': 5939985.717915342, 'fire_exp': 5.4854615810365575, 'P_half': 568.0265176989111, 'pre_dampen_half': 8.136794034837362, 'gpp_af': 0.013859302024702464, 'gpp_b': 0.0030292913215054017, 'gpp_d': 2.077390649286409, 'ign_k': 0.2774981635967368, 'ign_c': 28.60869661350455, 'trop_agb_crit': 5.345775009006798, 'trop_k_veg': 1.0276929960943786, 'pop_amp': 1.9071896766152807, 'pop_peak': 24.98852781459079, 'pop_sig': 0.36133089812500524, 'fuel_k': 0.11632655105637532, 'fuel_half': 0.1459946902843917}. Best is trial 0 with value: -0.6094076133578652.
[I 2026-08-19 17:31:14,077] Trial 1181 finished with value: 0.46078302376720415 and parameters: {'k1': 0.00413397498725122, 'D_low': 425.561576501921, 'k2': 0.000427905309449223, 'D_high': 501926.7628207955, 'fire_exp': 2.628550867994115, 'P_half': 3.899324104552355, 'pre_dampen_half': 8.70402021679552, 'gpp_af': 0.03445248333236033, 'gpp_b': 0.01878641234178236, 'gpp_d': 276.49657329685454, 'ign_k': 3.6815686269326227, 'ign_c': 6.15908775245243, 'trop_agb_crit': 15.999939158891882, 'trop_k_veg': 5.654903356300686, 'pop_amp': 0.008689498511149597, 'pop_peak': 0.06394273975983142, 'pop_sig': 0.9732422037337365, 'fuel_k': 0.4913118085652499, 'fuel_half': 0.20784962938127785}. Best is trial 0 with value: -0.6094076133578652.
[I 2026-08-19 17:31:15,874] Trial 1182 finished with value: 0.5941461183968305 and parameters: {'k1': 0.017554072350440188, 'D_low': 24952.170132345615, 'k2': 0.0005998910063687642, 'D_high': 145000.05800416454, 'fire_exp': 2.9697104006033497, 'P_half': 483.151783788649, 'pre_dampen_half': 110.6580087687469, 'gpp_af': 0.17159015928312352, 'gpp_b': 2.772111882142642e-05, 'gpp_d': 23.207043374327558, 'ign_k': 0.08072997134192585, 'ign_c': 7.391465789914239, 'trop_agb_crit': 6.029671228166733, 'trop_k_veg': 0.5300037033657119, 'pop_amp': 0.6782373348960692, 'pop_peak': 6.383146304565461, 'pop_sig': 0.5947454633058936, 'fuel_k': 0.044030562791043, 'fuel_half': 0.18500490917482562}. Best is trial 0 with value: -0.6094076133578652.
[I 2026-08-19 17:31:17,574] Trial 1183 finished with value: 0.5250991721138096 and parameters: {'k1': 0.006629552232402901, 'D_low': 1.1639945337847548, 'k2': 0.01068001769181811, 'D_high': 5870668.58505491, 'fire_exp': 7.614597343927689, 'P_half': 6.347942565998777, 'pre_dampen_half': 12.807068220337458, 'gpp_af': 0.0011686984684924425, 'gpp_b': 0.00014789982899233563, 'gpp_d': 542.7017974109779, 'ign_k': 0.07031556219937969, 'ign_c': 0.3600055324968201, 'trop_agb_crit': 20.39687786201411, 'trop_k_veg': 0.6635265930860822, 'pop_amp': 0.014052757567500155, 'pop_peak': 9.930811602591927, 'pop_sig': 0.4546005511905762, 'fuel_k': 2.9040745772053618, 'fuel_half': 0.14479068285513882}. Best is trial 0 with value: -0.6094076133578652.
[I 2026-08-19 17:31:19,315] Trial 1184 finished with value: 0.5910172682801969 and parameters: {'k1': 0.0009718492378915843, 'D_low': 35.905064821367894, 'k2': 0.00019383079157120185, 'D_high': 589343.1604174497, 'fire_exp': 3.369572985398096, 'P_half': 29.997545305630375, 'pre_dampen_half': 76.02617184983838, 'gpp_af': 0.03952402123736887, 'gpp_b': 0.07297215496108099, 'gpp_d': 8.148307145649138, 'ign_k': 0.03421388855872165, 'ign_c': 2.1166813486533456, 'trop_agb_crit': 25.838190879328888, 'trop_k_veg': 0.731127890972878, 'pop_amp': 7.259398609548425, 'pop_peak': 22.337127628250233, 'pop_sig': 0.6266711044246647, 'fuel_k': 0.23858617958919506, 'fuel_half': 4.9856702758956315}. Best is trial 0 with value: -0.6094076133578652.
[I 2026-08-19 17:31:21,205] Trial 1185 finished with value: 0.586645405441049 and parameters: {'k1': 0.0010403846969227694, 'D_low': 196.6033943137421, 'k2': 0.002333763636189176, 'D_high': 203549.36708529785, 'fire_exp': 3.4796761655010644, 'P_half': 4.282247126818627, 'pre_dampen_half': 0.8694161015285636, 'gpp_af': 0.0023832487956463376, 'gpp_b': 0.0028714753411752158, 'gpp_d': 25.22881013161558, 'ign_k': 1.1546126729847173, 'ign_c': 0.5708517772187064, 'trop_agb_crit': 25.74270565826523, 'trop_k_veg': 3.6560543281691253, 'pop_amp': 0.006154649987989653, 'pop_peak': 0.970395297600919, 'pop_sig': 0.6484790082833468, 'fuel_k': 0.13132662165717798, 'fuel_half': 0.1403095923261299}. Best is trial 0 with value: -0.6094076133578652.
[I 2026-08-19 17:31:22,880] Trial 1186 finished with value: 0.4691564576787658 and parameters: {'k1': 0.0850587589743965, 'D_low': 31.47996753326907, 'k2': 5.447009778036983e-05, 'D_high': 351694.3917353876, 'fire_exp': 3.621565589936095, 'P_half': 11.638017999733062, 'pre_dampen_half': 6.993743780638404, 'gpp_af': 0.700246530076378, 'gpp_b': 0.014362954579509656, 'gpp_d': 25.18603745748423, 'ign_k': 0.051659321042082366, 'ign_c': 0.6177584801079755, 'trop_agb_crit': 4.529410604780733, 'trop_k_veg': 1.28438541496534, 'pop_amp': 1.042890540286828, 'pop_peak': 3.4427428014901915, 'pop_sig': 1.0433120833954581, 'fuel_k': 0.11355188980476796, 'fuel_half': 5.918353816072618}. Best is trial 0 with value: -0.6094076133578652.
  trial 1187/2500  best_overall=0.6094  (33.0 min)
[I 2026-08-19 17:31:24,983] Trial 1187 finished with value: 0.430528946765919 and parameters: {'k1': 0.005558174930977761, 'D_low': 3.281351086041134, 'k2': 0.06452499822326055, 'D_high': 381337.6484930687, 'fire_exp': 2.2827889379982325, 'P_half': 3.743076036368075, 'pre_dampen_half': 19.871139545583844, 'gpp_af': 0.04224382168602983, 'gpp_b': 0.003996133712266678, 'gpp_d': 826.007775525548, 'ign_k': 0.22825103951832532, 'ign_c': 0.14113849159789593, 'trop_agb_crit': 12.169473954640612, 'trop_k_veg': 2.133910916594961, 'pop_amp': 0.0027114772544768353, 'pop_peak': 16.686988551255816, 'pop_sig': 2.3869555806558065, 'fuel_k': 0.2216265767063081, 'fuel_half': 62.02091435077512}. Best is trial 0 with value: -0.6094076133578652.
