[I 2026-08-06 03:07:07,108] Trial 546 finished with values: [10.67926370971357, 10.67926370971357] and parameters: {'k1': 2.9394634586259703e-05, 'D_low': 19.063314120324364, 'k2': 0.00014001191914113747, 'D_high': 2970.7920514735997, 'fire_exp': 1.0881360604103363, 'P_half': 616.1423618045311, 'pre_dampen_half': 36.876350096203005, 'gpp_af': 95.86709783968989, 'gpp_b': 0.004215504256370331, 'gpp_d': 1.2434469102435366, 'ign_k': 0.37424230019851973, 'ign_c': 1.317454386434276, 'gdp_gamma': 0.1138099269777268}.
[I 2026-08-06 03:07:08,722] Trial 547 finished with values: [-0.5764744104478374, 0.09710216415861839] and parameters: {'k1': 0.0030285741098956273, 'D_low': 29.89885508829526, 'k2': 0.00020222983754231334, 'D_high': 35.11445258128688, 'fire_exp': 1.0881360604103363, 'P_half': 25.255166452944085, 'pre_dampen_half': 36.876350096203005, 'gpp_af': 0.09145768948268033, 'gpp_b': 0.0030742893625766146, 'gpp_d': 10.931606102061748, 'ign_k': 0.37424230019851973, 'ign_c': 11.77190025324203, 'gdp_gamma': 0.3862443158940324}.
[I 2026-08-06 03:07:10,368] Trial 548 finished with values: [-0.6042754254918379, 0.18425165497601348] and parameters: {'k1': 2.9394634586259703e-05, 'D_low': 1.1102341430568343, 'k2': 7.639737756882014e-05, 'D_high': 28975.337521324145, 'fire_exp': 1.0881360604103363, 'P_half': 141.1179996668461, 'pre_dampen_half': 36.876350096203005, 'gpp_af': 0.09145768948268033, 'gpp_b': 0.0030742893625766146, 'gpp_d': 331.7366635899375, 'ign_k': 0.0026834162496848666, 'ign_c': 6.807874826564585, 'gdp_gamma': 1.351676663316814}.
[I 2026-08-06 03:07:11,983] Trial 549 finished with values: [10.47412761257812, 10.47412761257812] and parameters: {'k1': 2.9394634586259703e-05, 'D_low': 21.901578520649217, 'k2': 0.06994589881535453, 'D_high': 2970.7920514735997, 'fire_exp': 1.0881360604103363, 'P_half': 25.255166452944085, 'pre_dampen_half': 36.876350096203005, 'gpp_af': 0.09145768948268033, 'gpp_b': 0.004215504256370331, 'gpp_d': 331.7366635899375, 'ign_k': 0.37424230019851973, 'ign_c': 6.807874826564585, 'gdp_gamma': 0.8585865290142173}.
[I 2026-08-06 03:07:13,559] Trial 550 finished with values: [-0.6101766434656696, 0.10727051179828107] and parameters: {'k1': 0.07928164425547335, 'D_low': 148.10800730363493, 'k2': 0.00014001191914113747, 'D_high': 35.11445258128688, 'fire_exp': 1.0881360604103363, 'P_half': 4.933751600448339, 'pre_dampen_half': 36.876350096203005, 'gpp_af': 0.09145768948268033, 'gpp_b': 0.004215504256370331, 'gpp_d': 331.7366635899375, 'ign_k': 0.37424230019851973, 'ign_c': 6.807874826564585, 'gdp_gamma': 0.559652086128564}.
[I 2026-08-06 03:07:15,225] Trial 551 finished with values: [-0.6094310608507558, 0.17581640879320737] and parameters: {'k1': 0.003993031584056685, 'D_low': 1.1102341430568343, 'k2': 0.007519407491506672, 'D_high': 21863.563449420166, 'fire_exp': 1.4322493718230251, 'P_half': 10.226988730324324, 'pre_dampen_half': 36.876350096203005, 'gpp_af': 0.05391752791214327, 'gpp_b': 0.0030742893625766146, 'gpp_d': 10.931606102061748, 'ign_k': 0.002115412774188856, 'ign_c': 6.807874826564585, 'gdp_gamma': 1.8068697350278546}.
[I 2026-08-06 03:07:16,827] Trial 552 finished with values: [10.291494240174057, 10.291494240174057] and parameters: {'k1': 0.0030285741098956273, 'D_low': 1.226010546471291, 'k2': 0.060126084038369415, 'D_high': 8182.111518618414, 'fire_exp': 1.8108717155566076, 'P_half': 4.933751600448339, 'pre_dampen_half': 36.876350096203005, 'gpp_af': 0.009947461218013804, 'gpp_b': 0.004215504256370331, 'gpp_d': 1.2434469102435366, 'ign_k': 0.48618632318472765, 'ign_c': 6.807874826564585, 'gdp_gamma': 0.1138099269777268}.
[I 2026-08-06 03:07:18,417] Trial 553 finished with values: [10.300267105889757, 10.300267105889757] and parameters: {'k1': 0.0030285741098956273, 'D_low': 1.1102341430568343, 'k2': 0.005259118659251229, 'D_high': 2970.7920514735997, 'fire_exp': 1.180859992527605, 'P_half': 10.226988730324324, 'pre_dampen_half': 8.904067307938409, 'gpp_af': 0.05391752791214327, 'gpp_b': 0.02052499618703749, 'gpp_d': 33.9790424311127, 'ign_k': 2.7728241828010627, 'ign_c': 0.6615437365561385, 'gdp_gamma': 0.057304083737274164}.
[I 2026-08-06 03:07:20,054] Trial 554 finished with values: [10.599299810694907, 10.599299810694907] and parameters: {'k1': 2.9394634586259703e-05, 'D_low': 29.89885508829526, 'k2': 0.06994589881535453, 'D_high': 2970.7920514735997, 'fire_exp': 1.0881360604103363, 'P_half': 25.255166452944085, 'pre_dampen_half': 36.876350096203005, 'gpp_af': 0.09145768948268033, 'gpp_b': 0.004215504256370331, 'gpp_d': 0.014231887793088498, 'ign_k': 0.37424230019851973, 'ign_c': 6.807874826564585, 'gdp_gamma': 0.3862443158940324}.
[I 2026-08-06 03:07:21,709] Trial 555 finished with values: [10.02616665388983, 10.02616665388983] and parameters: {'k1': 0.0007284371265166888, 'D_low': 29.89885508829526, 'k2': 4.484744524732793e-05, 'D_high': 2308.5168151108014, 'fire_exp': 1.0727542652117925, 'P_half': 25.255166452944085, 'pre_dampen_half': 36.876350096203005, 'gpp_af': 0.06323437159998231, 'gpp_b': 0.004215504256370331, 'gpp_d': 0.19427389281566557, 'ign_k': 1.2021930484915047, 'ign_c': 0.3525936800597896, 'gdp_gamma': 0.3862443158940324}.
[I 2026-08-06 03:07:23,328] Trial 556 finished with values: [-0.5744406378013175, 0.11621774692974829] and parameters: {'k1': 0.0030285741098956273, 'D_low': 376.7022142229396, 'k2': 0.03820259936390116, 'D_high': 2970.7920514735997, 'fire_exp': 1.0340574447037933, 'P_half': 25.255166452944085, 'pre_dampen_half': 8.904067307938409, 'gpp_af': 0.09145768948268033, 'gpp_b': 0.0005623095666134974, 'gpp_d': 2.0564340380953867, 'ign_k': 0.37424230019851973, 'ign_c': 0.6615437365561385, 'gdp_gamma': 0.3862443158940324}.
[I 2026-08-06 03:07:24,960] Trial 557 finished with values: [10.318075846496331, 10.318075846496331] and parameters: {'k1': 0.0029690870944846805, 'D_low': 376.7022142229396, 'k2': 0.029722820698619923, 'D_high': 2970.7920514735997, 'fire_exp': 1.4322493718230251, 'P_half': 10.226988730324324, 'pre_dampen_half': 36.876350096203005, 'gpp_af': 4.323598413711199, 'gpp_b': 0.0030742893625766146, 'gpp_d': 33.9790424311127, 'ign_k': 2.7728241828010627, 'ign_c': 0.6615437365561385, 'gdp_gamma': 1.8068697350278546}.
[I 2026-08-06 03:07:26,939] Trial 558 finished with values: [10.008163886263294, 10.008163886263294] and parameters: {'k1': 0.0007284371265166888, 'D_low': 376.7022142229396, 'k2': 0.00014001191914113747, 'D_high': 21863.563449420166, 'fire_exp': 1.5191397119156032, 'P_half': 10.226988730324324, 'pre_dampen_half': 129.7187644086357, 'gpp_af': 5.170500756432221, 'gpp_b': 0.02052499618703749, 'gpp_d': 189.88136301569827, 'ign_k': 1.2021930484915047, 'ign_c': 22.126836566118193, 'gdp_gamma': 0.1138099269777268}.
[I 2026-08-06 03:07:28,577] Trial 559 finished with values: [10.802358102519571, 10.802358102519571] and parameters: {'k1': 0.0030285741098956273, 'D_low': 50.34696988263488, 'k2': 4.484744524732793e-05, 'D_high': 35.11445258128688, 'fire_exp': 1.0340574447037933, 'P_half': 25.255166452944085, 'pre_dampen_half': 397.4459556835019, 'gpp_af': 0.09145768948268033, 'gpp_b': 0.0039265289720170965, 'gpp_d': 4.08522800366862, 'ign_k': 0.37424230019851973, 'ign_c': 2.4195799118138823, 'gdp_gamma': 0.3862443158940324}.
[I 2026-08-06 03:07:30,210] Trial 560 finished with values: [10.031819712641038, 10.031819712641038] and parameters: {'k1': 0.0030285741098956273, 'D_low': 29.89885508829526, 'k2': 0.00030489833442275355, 'D_high': 2842.140588732084, 'fire_exp': 1.0340574447037933, 'P_half': 616.1423618045311, 'pre_dampen_half': 14.711215379121963, 'gpp_af': 0.05391752791214327, 'gpp_b': 0.004215504256370331, 'gpp_d': 1.2434469102435366, 'ign_k': 0.038791280730284435, 'ign_c': 6.807874826564585, 'gdp_gamma': 1.8068697350278546}.
[I 2026-08-06 03:07:31,913] Trial 561 finished with values: [-0.5815219667129359, 0.13117062719468986] and parameters: {'k1': 2.9394634586259703e-05, 'D_low': 3.7322156377670694, 'k2': 0.00014001191914113747, 'D_high': 21863.563449420166, 'fire_exp': 2.066761381010117, 'P_half': 2.1698375693549488, 'pre_dampen_half': 129.7187644086357, 'gpp_af': 0.05391752791214327, 'gpp_b': 0.011750724729953272, 'gpp_d': 189.88136301569827, 'ign_k': 0.37424230019851973, 'ign_c': 0.21948188038908775, 'gdp_gamma': 1.8068697350278546}.
[I 2026-08-06 03:07:33,475] Trial 562 finished with values: [10.198744046978304, 10.198744046978304] and parameters: {'k1': 0.0030285741098956273, 'D_low': 1.1102341430568343, 'k2': 0.007519407491506672, 'D_high': 2842.140588732084, 'fire_exp': 1.0881360604103363, 'P_half': 1.2765717873951687, 'pre_dampen_half': 36.876350096203005, 'gpp_af': 0.09145768948268033, 'gpp_b': 0.02052499618703749, 'gpp_d': 34.70266988650411, 'ign_k': 0.002115412774188856, 'ign_c': 6.807874826564585, 'gdp_gamma': 1.8068697350278546}.
[I 2026-08-06 03:07:35,061] Trial 563 finished with values: [10.418484654687925, 10.418484654687925] and parameters: {'k1': 2.9394634586259703e-05, 'D_low': 3.7322156377670694, 'k2': 3.277320296937061e-05, 'D_high': 9769.756791866093, 'fire_exp': 1.2621840161507252, 'P_half': 2.951922743391744, 'pre_dampen_half': 17.62185042369633, 'gpp_af': 21.42302175774105, 'gpp_b': 0.0011857788502887916, 'gpp_d': 34.70266988650411, 'ign_k': 0.0019264360371306567, 'ign_c': 0.9580682294110432, 'gdp_gamma': 0.3862443158940324}.
[I 2026-08-06 03:07:36,796] Trial 564 finished with values: [10.76923076903347, 10.76923076903347] and parameters: {'k1': 0.0030285741098956273, 'D_low': 1.226010546471291, 'k2': 0.060126084038369415, 'D_high': 25037.41931228843, 'fire_exp': 1.8108717155566076, 'P_half': 4.933751600448339, 'pre_dampen_half': 36.876350096203005, 'gpp_af': 0.09145768948268033, 'gpp_b': 0.004215504256370331, 'gpp_d': 37.40930273158252, 'ign_k': 0.48618632318472765, 'ign_c': 892.4795116437417, 'gdp_gamma': 0.015216188354081242}.
[I 2026-08-06 03:07:38,322] Trial 565 finished with values: [10.323654041009336, 10.323654041009336] and parameters: {'k1': 2.80643901112427e-05, 'D_low': 1.1102341430568343, 'k2': 0.00020222983754231334, 'D_high': 35.11445258128688, 'fire_exp': 1.0881360604103363, 'P_half': 25.255166452944085, 'pre_dampen_half': 17.62185042369633, 'gpp_af': 1.036956521675621, 'gpp_b': 0.004215504256370331, 'gpp_d': 304.7488318185732, 'ign_k': 0.07867677706257832, 'ign_c': 11.77190025324203, 'gdp_gamma': 0.3862443158940324}.
[I 2026-08-06 03:07:39,934] Trial 566 finished with values: [10.320709955158739, 10.320709955158739] and parameters: {'k1': 2.9394634586259703e-05, 'D_low': 29.89885508829526, 'k2': 0.00020222983754231334, 'D_high': 14.468941663899356, 'fire_exp': 1.5191397119156032, 'P_half': 25.255166452944085, 'pre_dampen_half': 129.7187644086357, 'gpp_af': 0.09145768948268033, 'gpp_b': 0.004215504256370331, 'gpp_d': 331.7366635899375, 'ign_k': 1.2021930484915047, 'ign_c': 22.126836566118193, 'gdp_gamma': 0.7279423324398349}.
[I 2026-08-06 03:07:41,646] Trial 567 finished with values: [10.329742813292746, 10.329742813292746] and parameters: {'k1': 2.9394634586259703e-05, 'D_low': 2.6285770615112845, 'k2': 9.293516267059069e-05, 'D_high': 2063.9617012599233, 'fire_exp': 1.5191397119156032, 'P_half': 10.226988730324324, 'pre_dampen_half': 36.876350096203005, 'gpp_af': 0.05391752791214327, 'gpp_b': 0.0030742893625766146, 'gpp_d': 10.931606102061748, 'ign_k': 0.038791280730284435, 'ign_c': 0.9580682294110432, 'gdp_gamma': 1.8068697350278546}.
[I 2026-08-06 03:07:43,283] Trial 568 finished with values: [10.166604789338033, 10.166604789338033] and parameters: {'k1': 0.00031489116479568613, 'D_low': 148.10800730363493, 'k2': 0.0005681482545113264, 'D_high': 9769.756791866093, 'fire_exp': 1.0881360604103363, 'P_half': 37.15131799947327, 'pre_dampen_half': 36.876350096203005, 'gpp_af': 0.09145768948268033, 'gpp_b': 0.004215504256370331, 'gpp_d': 34.70266988650411, 'ign_k': 0.37424230019851973, 'ign_c': 6.807874826564585, 'gdp_gamma': 0.3862443158940324}.
[I 2026-08-06 03:07:44,903] Trial 569 finished with values: [10.124000525876403, 10.124000525876403] and parameters: {'k1': 0.0009343302657318475, 'D_low': 19.063314120324364, 'k2': 4.484744524732793e-05, 'D_high': 7962.155254464998, 'fire_exp': 1.0727542652117925, 'P_half': 10.226988730324324, 'pre_dampen_half': 36.876350096203005, 'gpp_af': 0.2712343612293467, 'gpp_b': 0.004215504256370331, 'gpp_d': 4.08522800366862, 'ign_k': 0.37424230019851973, 'ign_c': 0.3525936800597896, 'gdp_gamma': 0.5013415300044294}.
[I 2026-08-06 03:07:46,535] Trial 570 finished with values: [10.681161313893114, 10.681161313893114] and parameters: {'k1': 2.9394634586259703e-05, 'D_low': 29.89885508829526, 'k2': 0.06994589881535453, 'D_high': 13.670484737132345, 'fire_exp': 1.314673522286271, 'P_half': 2.1698375693549488, 'pre_dampen_half': 31.977584652685227, 'gpp_af': 0.002311080279955305, 'gpp_b': 3.686869490609954e-05, 'gpp_d': 232.87141945732554, 'ign_k': 0.0019264360371306567, 'ign_c': 0.6615437365561385, 'gdp_gamma': 0.3862443158940324}.
[I 2026-08-06 03:07:48,454] Trial 571 finished with values: [10.302821767183062, 10.302821767183062] and parameters: {'k1': 2.9394634586259703e-05, 'D_low': 4006.89033223865, 'k2': 0.06994589881535453, 'D_high': 2970.7920514735997, 'fire_exp': 1.0881360604103363, 'P_half': 10.226988730324324, 'pre_dampen_half': 8.904067307938409, 'gpp_af': 0.002311080279955305, 'gpp_b': 0.004215504256370331, 'gpp_d': 331.7366635899375, 'ign_k': 2.7728241828010627, 'ign_c': 6.807874826564585, 'gdp_gamma': 1.8068697350278546}.
[I 2026-08-06 03:07:50,037] Trial 572 finished with values: [10.742888971641072, 10.742888971641072] and parameters: {'k1': 2.80643901112427e-05, 'D_low': 2.6285770615112845, 'k2': 0.00015466641867531393, 'D_high': 3419.1084735544555, 'fire_exp': 2.6407113183167077, 'P_half': 141.1179996668461, 'pre_dampen_half': 14.711215379121963, 'gpp_af': 0.05391752791214327, 'gpp_b': 0.004215504256370331, 'gpp_d': 331.7366635899375, 'ign_k': 0.038791280730284435, 'ign_c': 0.9580682294110432, 'gdp_gamma': 1.8068697350278546}.
[I 2026-08-06 03:07:51,726] Trial 573 finished with values: [10.68123763723296, 10.68123763723296] and parameters: {'k1': 2.9394634586259703e-05, 'D_low': 1.1102341430568343, 'k2': 0.06994589881535453, 'D_high': 128.02983592904434, 'fire_exp': 1.0881360604103363, 'P_half': 141.1179996668461, 'pre_dampen_half': 36.876350096203005, 'gpp_af': 0.002311080279955305, 'gpp_b': 0.0358180527371211, 'gpp_d': 331.7366635899375, 'ign_k': 0.37424230019851973, 'ign_c': 6.160975294741436, 'gdp_gamma': 1.351676663316814}.
[I 2026-08-06 03:07:53,503] Trial 574 finished with values: [-0.49223281681207504, 0.1434921183011133] and parameters: {'k1': 0.002971796631657383, 'D_low': 376.7022142229396, 'k2': 0.03820259936390116, 'D_high': 2970.7920514735997, 'fire_exp': 1.0340574447037933, 'P_half': 251.23618639978196, 'pre_dampen_half': 36.876350096203005, 'gpp_af': 0.09145768948268033, 'gpp_b': 0.0005623095666134974, 'gpp_d': 331.7366635899375, 'ign_k': 0.038791280730284435, 'ign_c': 1.3894673469237204, 'gdp_gamma': 0.057304083737274164}.
[I 2026-08-06 03:07:55,215] Trial 575 finished with values: [10.153096398512051, 10.153096398512051] and parameters: {'k1': 0.0030285741098956273, 'D_low': 1.1102341430568343, 'k2': 0.0007081721844034209, 'D_high': 35.11445258128688, 'fire_exp': 1.0881360604103363, 'P_half': 10.226988730324324, 'pre_dampen_half': 36.876350096203005, 'gpp_af': 0.05391752791214327, 'gpp_b': 0.004215504256370331, 'gpp_d': 48.69745226446181, 'ign_k': 0.03893835424674704, 'ign_c': 1.3894673469237204, 'gdp_gamma': 0.3862443158940324}.
[I 2026-08-06 03:07:56,845] Trial 576 finished with values: [-0.49445967639396465, 0.18638274528451948] and parameters: {'k1': 0.0007284371265166888, 'D_low': 1.1102341430568343, 'k2': 0.0007492772870670282, 'D_high': 44612.173493027636, 'fire_exp': 1.314673522286271, 'P_half': 25.255166452944085, 'pre_dampen_half': 129.7187644086357, 'gpp_af': 0.05391752791214327, 'gpp_b': 0.0025797966927081192, 'gpp_d': 0.11306051126487641, 'ign_k': 0.031585104499228, 'ign_c': 1.3894673469237204, 'gdp_gamma': 0.11787300531243229}.
[I 2026-08-06 03:07:58,506] Trial 577 finished with values: [-0.5869491092084269, 0.22785806378173812] and parameters: {'k1': 0.0030285741098956273, 'D_low': 3.7322156377670694, 'k2': 0.03820259936390116, 'D_high': 3103.604223881661, 'fire_exp': 1.2621840161507252, 'P_half': 2.1698375693549488, 'pre_dampen_half': 14.381397836784883, 'gpp_af': 0.09145768948268033, 'gpp_b': 3.686869490609954e-05, 'gpp_d': 26.003623362924223, 'ign_k': 0.37424230019851973, 'ign_c': 0.6615437365561385, 'gdp_gamma': 0.2630438044620524}.
[I 2026-08-06 03:08:00,123] Trial 578 finished with values: [10.054987882876182, 10.054987882876182] and parameters: {'k1': 0.0030285741098956273, 'D_low': 1.1102341430568343, 'k2': 0.00020222983754231334, 'D_high': 21863.563449420166, 'fire_exp': 1.353841071397002, 'P_half': 10.226988730324324, 'pre_dampen_half': 129.7187644086357, 'gpp_af': 0.09145768948268033, 'gpp_b': 0.004215504256370331, 'gpp_d': 37.94240220369939, 'ign_k': 0.0026834162496848666, 'ign_c': 11.77190025324203, 'gdp_gamma': 0.3862443158940324}.
[I 2026-08-06 03:08:01,771] Trial 579 finished with values: [10.033539777859676, 10.033539777859676] and parameters: {'k1': 0.043264339974928574, 'D_low': 3.7322156377670694, 'k2': 5.232779509048979e-05, 'D_high': 2970.7920514735997, 'fire_exp': 1.0881360604103363, 'P_half': 25.255166452944085, 'pre_dampen_half': 8.904067307938409, 'gpp_af': 0.09145768948268033, 'gpp_b': 0.0005623095666134974, 'gpp_d': 331.7366635899375, 'ign_k': 0.37424230019851973, 'ign_c': 0.6615437365561385, 'gdp_gamma': 0.8585865290142173}.
[I 2026-08-06 03:08:03,421] Trial 580 finished with values: [10.288749309841492, 10.288749309841492] and parameters: {'k1': 0.0030285741098956273, 'D_low': 148.10800730363493, 'k2': 0.00014001191914113747, 'D_high': 89.1606651464436, 'fire_exp': 1.0881360604103363, 'P_half': 4.933751600448339, 'pre_dampen_half': 36.876350096203005, 'gpp_af': 0.09145768948268033, 'gpp_b': 0.004215504256370331, 'gpp_d': 331.7366635899375, 'ign_k': 0.37424230019851973, 'ign_c': 22.126836566118193, 'gdp_gamma': 0.3862443158940324}.
[I 2026-08-06 03:08:05,073] Trial 581 finished with values: [10.123343242845731, 10.123343242845731] and parameters: {'k1': 0.0030285741098956273, 'D_low': 2.6285770615112845, 'k2': 0.07683876502998062, 'D_high': 35.11445258128688, 'fire_exp': 1.0881360604103363, 'P_half': 1.2765717873951687, 'pre_dampen_half': 36.876350096203005, 'gpp_af': 0.09145768948268033, 'gpp_b': 0.004215504256370331, 'gpp_d': 331.7366635899375, 'ign_k': 0.37424230019851973, 'ign_c': 0.9580682294110432, 'gdp_gamma': 1.8068697350278546}.
[I 2026-08-06 03:08:06,663] Trial 582 finished with values: [-0.5894263223142028, 0.09883287760165116] and parameters: {'k1': 2.9394634586259703e-05, 'D_low': 3.7322156377670694, 'k2': 0.00014001191914113747, 'D_high': 21863.563449420166, 'fire_exp': 1.5191397119156032, 'P_half': 2.1698375693549488, 'pre_dampen_half': 129.7187644086357, 'gpp_af': 0.05391752791214327, 'gpp_b': 0.011750724729953272, 'gpp_d': 10.931606102061748, 'ign_k': 0.37424230019851973, 'ign_c': 22.126836566118193, 'gdp_gamma': 1.8068697350278546}.
[I 2026-08-06 03:08:08,307] Trial 583 finished with values: [10.71005490268862, 10.71005490268862] and parameters: {'k1': 2.9394634586259703e-05, 'D_low': 19.063314120324364, 'k2': 0.03820259936390116, 'D_high': 2970.7920514735997, 'fire_exp': 1.0340574447037933, 'P_half': 25.255166452944085, 'pre_dampen_half': 0.08033129414521019, 'gpp_af': 0.05391752791214327, 'gpp_b': 0.0030742893625766146, 'gpp_d': 33.9790424311127, 'ign_k': 0.002115412774188856, 'ign_c': 1.317454386434276, 'gdp_gamma': 0.3862443158940324}.
[I 2026-08-06 03:08:10,300] Trial 584 finished with values: [10.732632595377636, 10.732632595377636] and parameters: {'k1': 0.0030285741098956273, 'D_low': 1.226010546471291, 'k2': 0.03820259936390116, 'D_high': 25037.41931228843, 'fire_exp': 1.8108717155566076, 'P_half': 2615.4135744949617, 'pre_dampen_half': 8.904067307938409, 'gpp_af': 0.09145768948268033, 'gpp_b': 0.004215504256370331, 'gpp_d': 2.0564340380953867, 'ign_k': 0.37424230019851973, 'ign_c': 0.36093109267665474, 'gdp_gamma': 0.015216188354081242}.
[I 2026-08-06 03:08:11,958] Trial 585 finished with values: [-0.5674483278629546, 0.1201230171879547] and parameters: {'k1': 0.0030285741098956273, 'D_low': 1.1102341430568343, 'k2': 0.0009313467980132745, 'D_high': 35.11445258128688, 'fire_exp': 1.0881360604103363, 'P_half': 4.933751600448339, 'pre_dampen_half': 36.876350096203005, 'gpp_af': 0.09145768948268033, 'gpp_b': 0.00030435920877449653, 'gpp_d': 331.7366635899375, 'ign_k': 3.040882260558899, 'ign_c': 6.042560675552668, 'gdp_gamma': 0.3862443158940324}.
[I 2026-08-06 03:08:13,576] Trial 586 finished with values: [10.37867432769519, 10.37867432769519] and parameters: {'k1': 2.80643901112427e-05, 'D_low': 1.1102341430568343, 'k2': 4.484744524732793e-05, 'D_high': 28975.337521324145, 'fire_exp': 1.0881360604103363, 'P_half': 10.755022125844455, 'pre_dampen_half': 3.7504792727317837, 'gpp_af': 0.09145768948268033, 'gpp_b': 0.004215504256370331, 'gpp_d': 0.6254129173951124, 'ign_k': 0.37424230019851973, 'ign_c': 0.9580682294110432, 'gdp_gamma': 0.3862443158940324}.
[I 2026-08-06 03:08:15,205] Trial 587 finished with values: [-0.5740623376411229, 0.07238495699536651] and parameters: {'k1': 0.0030285741098956273, 'D_low': 376.7022142229396, 'k2': 0.0007081721844034209, 'D_high': 35.11445258128688, 'fire_exp': 1.0881360604103363, 'P_half': 25.255166452944085, 'pre_dampen_half': 36.876350096203005, 'gpp_af': 0.09145768948268033, 'gpp_b': 0.02052499618703749, 'gpp_d': 331.7366635899375, 'ign_k': 2.7728241828010627, 'ign_c': 0.6615437365561385, 'gdp_gamma': 1.8068697350278546}.
