[I 2026-07-22 18:46:43,093] Trial 699 finished with values: [10.63958019073366, 10.63958019073366] and parameters: {'k1': 2.27847364377152e-05, 'D_low': 4.043300846639722, 'k2': 0.01567230746060024, 'D_high': 305369.47947832284, 'fire_exp': 1.2310899049053081, 'P_half': 1025.3368317956683, 'pre_dampen_half': 19.600139992927424, 'gpp_af': 0.00219210598059826, 'gpp_b': 0.0054502936945582505, 'gpp_d': 9.00460602264307, 'ign_k': 0.03141110271934876, 'ign_c': 4.1108484350212295, 'trop_agb_crit': 1.0917603465078451, 'trop_k_veg': 2.417028380770307, 'fuel_k': 0.6211831489538813, 'fuel_half': 0.33988503110784557}.
[I 2026-07-22 18:46:43,503] Trial 700 finished with values: [10.601307579094042, 10.601307579094042] and parameters: {'k1': 0.011966626407443505, 'D_low': 4.043300846639722, 'k2': 0.001566517163094646, 'D_high': 160625.60954780428, 'fire_exp': 1.182396148413737, 'P_half': 540.9803697908727, 'pre_dampen_half': 33.97904243111269, 'gpp_af': 0.06789053271698488, 'gpp_b': 3.228689523591491e-05, 'gpp_d': 857.4284557962626, 'ign_k': 0.03141110271934876, 'ign_c': 11.462237838612072, 'trop_agb_crit': 6.119263728555865, 'trop_k_veg': 6.911478238001162, 'fuel_k': 5.486054129200971, 'fuel_half': 18.202647368248815}.
[I 2026-07-22 18:46:43,908] Trial 701 finished with values: [18.794014594838117, 18.794014594838117] and parameters: {'k1': 0.0003199177539819797, 'D_low': 6.471392405728638, 'k2': 0.0007081721844034209, 'D_high': 316055.11434645456, 'fire_exp': 1.2242398136753672, 'P_half': 7.890004262668578, 'pre_dampen_half': 33.71909132517388, 'gpp_af': 0.06789053271698488, 'gpp_b': 1.7565109007473816e-05, 'gpp_d': 6.91394869865762, 'ign_k': 0.47637374845937214, 'ign_c': 11.40086370112731, 'trop_agb_crit': 10.719494362768906, 'trop_k_veg': 7.26254292602904, 'fuel_k': 3.6992394681929355, 'fuel_half': 0.3335026483569958}.
[I 2026-07-22 18:46:44,317] Trial 702 finished with values: [10.328595931567015, 10.328595931567015] and parameters: {'k1': 0.0003199177539819797, 'D_low': 13.25142220631392, 'k2': 0.07119679541167409, 'D_high': 708572.1663941594, 'fire_exp': 1.3411849220480432, 'P_half': 1938.3858782150498, 'pre_dampen_half': 26.373339933815235, 'gpp_af': 0.015350904103515228, 'gpp_b': 3.228689523591491e-05, 'gpp_d': 857.4284557962626, 'ign_k': 0.0022267996908938684, 'ign_c': 14.074279366401672, 'trop_agb_crit': 9.362115196011851, 'trop_k_veg': 6.911478238001162, 'fuel_k': 0.3362607422366849, 'fuel_half': 0.2414020247400933}.
[I 2026-07-22 18:46:44,733] Trial 703 finished with values: [10.288657805690702, 10.288657805690702] and parameters: {'k1': 0.052334804885400876, 'D_low': 864.0717009254879, 'k2': 2.8459703343413838e-05, 'D_high': 1681956.433827372, 'fire_exp': 9.243195976526806, 'P_half': 7.890004262668578, 'pre_dampen_half': 3.9885726374014694, 'gpp_af': 0.49740621749684094, 'gpp_b': 1.1698276136056565e-05, 'gpp_d': 1.050978521342778, 'ign_k': 0.5670346335627292, 'ign_c': 8.405439129313676, 'trop_agb_crit': 15.35205868174982, 'trop_k_veg': 0.5415365826598848, 'fuel_k': 1.2528108647479208, 'fuel_half': 81.87941582538087}.
[I 2026-07-22 18:46:45,142] Trial 704 finished with values: [10.302356140209591, 10.302356140209591] and parameters: {'k1': 0.006033623633620595, 'D_low': 864.0717009254879, 'k2': 0.001566517163094646, 'D_high': 887331.2884015184, 'fire_exp': 2.7070599790201504, 'P_half': 38.82837025280678, 'pre_dampen_half': 0.46504594134732663, 'gpp_af': 0.015350904103515228, 'gpp_b': 1.1698276136056565e-05, 'gpp_d': 2.2044650100999164, 'ign_k': 0.5131654955148324, 'ign_c': 11.40086370112731, 'trop_agb_crit': 12.324775650896964, 'trop_k_veg': 2.417028380770307, 'fuel_k': 0.0500651901928747, 'fuel_half': 81.87941582538087}.
[I 2026-07-22 18:46:45,553] Trial 705 finished with values: [-0.5995579589254032, 0.25875298146465653] and parameters: {'k1': 0.011966626407443505, 'D_low': 1.7887890916820506, 'k2': 0.0007081721844034209, 'D_high': 316055.11434645456, 'fire_exp': 1.2242398136753672, 'P_half': 51.61767747867285, 'pre_dampen_half': 0.4016986062226068, 'gpp_af': 0.06789053271698488, 'gpp_b': 1.7565109007473816e-05, 'gpp_d': 302.3127748796295, 'ign_k': 3.284529979576942, 'ign_c': 6.1609752947414345, 'trop_agb_crit': 9.362115196011851, 'trop_k_veg': 1.140286245977296, 'fuel_k': 0.08612665817296865, 'fuel_half': 7.259866824755671}.
[I 2026-07-22 18:46:45,962] Trial 706 finished with values: [10.68378846369517, 10.68378846369517] and parameters: {'k1': 0.0003199177539819797, 'D_low': 8454.098152188677, 'k2': 2.1698375693549493e-05, 'D_high': 708572.1663941594, 'fire_exp': 1.1258453832483524, 'P_half': 1535.1441568398143, 'pre_dampen_half': 0.4016986062226068, 'gpp_af': 0.49740621749684094, 'gpp_b': 0.0054502936945582505, 'gpp_d': 700.6693992445935, 'ign_k': 0.006290644294586149, 'ign_c': 11.40086370112731, 'trop_agb_crit': 20.205002815711154, 'trop_k_veg': 1.1869544174841766, 'fuel_k': 0.48736180483849406, 'fuel_half': 6.626468049070087}.
[I 2026-07-22 18:46:46,374] Trial 707 finished with values: [10.319635570818932, 10.319635570818932] and parameters: {'k1': 0.052334804885400876, 'D_low': 4.043300846639722, 'k2': 2.1698375693549493e-05, 'D_high': 10885.570053913383, 'fire_exp': 1.182396148413737, 'P_half': 1938.3858782150498, 'pre_dampen_half': 26.373339933815235, 'gpp_af': 0.0025511964576171086, 'gpp_b': 3.228689523591491e-05, 'gpp_d': 857.4284557962626, 'ign_k': 0.03141110271934876, 'ign_c': 3.0378658251922155, 'trop_agb_crit': 15.870971677383487, 'trop_k_veg': 6.911478238001162, 'fuel_k': 5.486054129200971, 'fuel_half': 18.202647368248815}.
[I 2026-07-22 18:46:46,785] Trial 708 finished with values: [10.817126007908623, 10.817126007908623] and parameters: {'k1': 0.052334804885400876, 'D_low': 13.25142220631392, 'k2': 0.001566517163094646, 'D_high': 708572.1663941594, 'fire_exp': 2.0165721691808587, 'P_half': 2.843767489444367, 'pre_dampen_half': 3.9885726374014694, 'gpp_af': 0.06789053271698488, 'gpp_b': 1.1698276136056565e-05, 'gpp_d': 9.00460602264307, 'ign_k': 0.5131654955148324, 'ign_c': 14.452451441203314, 'trop_agb_crit': 9.362115196011851, 'trop_k_veg': 0.5415365826598848, 'fuel_k': 1.1820218758583807, 'fuel_half': 0.3335026483569958}.
[I 2026-07-22 18:46:47,201] Trial 709 finished with values: [10.17371741095619, 10.17371741095619] and parameters: {'k1': 0.0003199177539819797, 'D_low': 13804.775391932099, 'k2': 6.364067167735477e-05, 'D_high': 316055.11434645456, 'fire_exp': 1.7124099831271415, 'P_half': 9.324787201197319, 'pre_dampen_half': 33.71909132517388, 'gpp_af': 0.015350904103515228, 'gpp_b': 3.228689523591491e-05, 'gpp_d': 6.91394869865762, 'ign_k': 0.009861808369679786, 'ign_c': 6.1609752947414345, 'trop_agb_crit': 10.719494362768906, 'trop_k_veg': 1.7428926895756522, 'fuel_k': 1.8731335591844647, 'fuel_half': 81.87941582538087}.
[I 2026-07-22 18:46:47,619] Trial 710 finished with values: [10.549569534343837, 10.549569534343837] and parameters: {'k1': 0.00016480446427978953, 'D_low': 126.11058927054879, 'k2': 0.001566517163094646, 'D_high': 316055.11434645456, 'fire_exp': 8.791426299948917, 'P_half': 38.82837025280678, 'pre_dampen_half': 1.5760080924500026, 'gpp_af': 0.12243451886824051, 'gpp_b': 3.228689523591491e-05, 'gpp_d': 700.6693992445935, 'ign_k': 3.284529979576942, 'ign_c': 0.26464197991178373, 'trop_agb_crit': 10.719494362768906, 'trop_k_veg': 1.7428926895756522, 'fuel_k': 0.0500651901928747, 'fuel_half': 0.32476735706274484}.
[I 2026-07-22 18:46:48,026] Trial 711 finished with values: [10.094700995812765, 10.094700995812765] and parameters: {'k1': 0.0003199177539819797, 'D_low': 13.25142220631392, 'k2': 0.0007081721844034209, 'D_high': 887331.2884015184, 'fire_exp': 2.0165721691808587, 'P_half': 2.843767489444367, 'pre_dampen_half': 0.46504594134732663, 'gpp_af': 0.015350904103515228, 'gpp_b': 1.7565109007473816e-05, 'gpp_d': 2.2044650100999164, 'ign_k': 0.5131654955148324, 'ign_c': 6.1609752947414345, 'trop_agb_crit': 1.886175574962432, 'trop_k_veg': 2.3408809609838257, 'fuel_k': 0.0500651901928747, 'fuel_half': 7.259866824755671}.
[I 2026-07-22 18:46:48,459] Trial 712 finished with values: [10.653008758476483, 10.653008758476483] and parameters: {'k1': 0.011966626407443505, 'D_low': 1.7887890916820506, 'k2': 2.8459703343413838e-05, 'D_high': 316055.11434645456, 'fire_exp': 1.2242398136753672, 'P_half': 2.843767489444367, 'pre_dampen_half': 3.9885726374014694, 'gpp_af': 0.06789053271698488, 'gpp_b': 1.7565109007473816e-05, 'gpp_d': 9.00460602264307, 'ign_k': 0.0013726318898045872, 'ign_c': 11.462237838612072, 'trop_agb_crit': 6.119263728555865, 'trop_k_veg': 2.417028380770307, 'fuel_k': 0.08612665817296865, 'fuel_half': 0.33988503110784557}.
[I 2026-07-22 18:46:48,880] Trial 713 finished with values: [10.206287527373494, 10.206287527373494] and parameters: {'k1': 0.011966626407443505, 'D_low': 1.7887890916820506, 'k2': 0.003658518527736814, 'D_high': 316055.11434645456, 'fire_exp': 8.791426299948917, 'P_half': 7.890004262668578, 'pre_dampen_half': 0.4016986062226068, 'gpp_af': 0.06789053271698488, 'gpp_b': 3.228689523591491e-05, 'gpp_d': 6.91394869865762, 'ign_k': 3.284529979576942, 'ign_c': 6.1609752947414345, 'trop_agb_crit': 9.362115196011851, 'trop_k_veg': 1.7428926895756522, 'fuel_k': 3.6992394681929355, 'fuel_half': 0.4447485568484281}.
[I 2026-07-22 18:46:49,292] Trial 714 finished with values: [10.034579973829267, 10.034579973829267] and parameters: {'k1': 0.003663433473924883, 'D_low': 13804.775391932099, 'k2': 0.001566517163094646, 'D_high': 316055.11434645456, 'fire_exp': 4.164740583255681, 'P_half': 9.324787201197319, 'pre_dampen_half': 33.71909132517388, 'gpp_af': 0.06789053271698488, 'gpp_b': 3.228689523591491e-05, 'gpp_d': 4.776815004752158, 'ign_k': 3.284529979576942, 'ign_c': 11.40086370112731, 'trop_agb_crit': 20.205002815711154, 'trop_k_veg': 1.140286245977296, 'fuel_k': 1.8731335591844647, 'fuel_half': 14.216519889545312}.
[I 2026-07-22 18:46:49,712] Trial 715 finished with values: [-0.39669272582610143, 0.1692085842809129] and parameters: {'k1': 0.0029707920514735983, 'D_low': 4.043300846639722, 'k2': 2.1698375693549493e-05, 'D_high': 160625.60954780428, 'fire_exp': 1.182396148413737, 'P_half': 1938.3858782150498, 'pre_dampen_half': 33.97904243111269, 'gpp_af': 0.0025511964576171086, 'gpp_b': 3.228689523591491e-05, 'gpp_d': 857.4284557962626, 'ign_k': 0.03141110271934876, 'ign_c': 3.0378658251922155, 'trop_agb_crit': 15.870971677383487, 'trop_k_veg': 6.911478238001162, 'fuel_k': 5.486054129200971, 'fuel_half': 18.202647368248815}.
[I 2026-07-22 18:46:50,119] Trial 716 finished with values: [10.323142599120422, 10.323142599120422] and parameters: {'k1': 0.00016480446427978953, 'D_low': 864.0717009254879, 'k2': 0.030699709531122953, 'D_high': 887331.2884015184, 'fire_exp': 8.791426299948917, 'P_half': 38.82837025280678, 'pre_dampen_half': 33.71909132517388, 'gpp_af': 1.782401184029456, 'gpp_b': 8.168628001294799e-05, 'gpp_d': 2.2044650100999164, 'ign_k': 0.5131654955148324, 'ign_c': 3.0378658251922155, 'trop_agb_crit': 12.324775650896964, 'trop_k_veg': 1.7428926895756522, 'fuel_k': 0.0500651901928747, 'fuel_half': 0.32476735706274484}.
[I 2026-07-22 18:46:50,528] Trial 717 finished with values: [10.192888155980945, 10.192888155980945] and parameters: {'k1': 0.052334804885400876, 'D_low': 864.0717009254879, 'k2': 1.759537424265476e-05, 'D_high': 708572.1663941594, 'fire_exp': 2.0165721691808587, 'P_half': 2.843767489444367, 'pre_dampen_half': 3.9885726374014694, 'gpp_af': 0.015350904103515228, 'gpp_b': 1.1698276136056565e-05, 'gpp_d': 8.057329182285729, 'ign_k': 0.5131654955148324, 'ign_c': 14.074279366401672, 'trop_agb_crit': 20.205002815711154, 'trop_k_veg': 5.546867170791755, 'fuel_k': 1.1820218758583807, 'fuel_half': 81.87941582538087}.
[I 2026-07-22 18:46:50,934] Trial 718 finished with values: [-0.5671277262972797, 0.2079098159501671] and parameters: {'k1': 0.0029282035181080004, 'D_low': 13.25142220631392, 'k2': 0.002342238625792905, 'D_high': 708572.1663941594, 'fire_exp': 1.1258453832483524, 'P_half': 1327.536113719196, 'pre_dampen_half': 33.71909132517388, 'gpp_af': 0.015350904103515228, 'gpp_b': 0.0054502936945582505, 'gpp_d': 1.99068305115693, 'ign_k': 4.59148521674054, 'ign_c': 0.13670484737132343, 'trop_agb_crit': 10.719494362768906, 'trop_k_veg': 3.028464701337094, 'fuel_k': 3.6992394681929355, 'fuel_half': 81.87941582538087}.
[I 2026-07-22 18:46:51,348] Trial 719 finished with values: [-0.5683138329520456, 0.264992257089416] and parameters: {'k1': 0.011966626407443505, 'D_low': 1.7887890916820506, 'k2': 0.001566517163094646, 'D_high': 316055.11434645456, 'fire_exp': 1.3411849220480432, 'P_half': 51.61767747867285, 'pre_dampen_half': 0.4016986062226068, 'gpp_af': 0.06789053271698488, 'gpp_b': 1.1698276136056565e-05, 'gpp_d': 2.2044650100999164, 'ign_k': 3.284529979576942, 'ign_c': 3.0378658251922155, 'trop_agb_crit': 1.886175574962432, 'trop_k_veg': 2.417028380770307, 'fuel_k': 0.08612665817296865, 'fuel_half': 14.216519889545312}.
[I 2026-07-22 18:46:51,764] Trial 720 finished with values: [10.086940791982705, 10.086940791982705] and parameters: {'k1': 0.0003199177539819797, 'D_low': 8454.098152188677, 'k2': 0.001566517163094646, 'D_high': 8433503.858791472, 'fire_exp': 8.791426299948917, 'P_half': 2.2010656610055808, 'pre_dampen_half': 33.71909132517388, 'gpp_af': 0.015350904103515228, 'gpp_b': 0.00011195197602511399, 'gpp_d': 6.91394869865762, 'ign_k': 4.59148521674054, 'ign_c': 0.13670484737132343, 'trop_agb_crit': 10.719494362768906, 'trop_k_veg': 2.3408809609838257, 'fuel_k': 3.6992394681929355, 'fuel_half': 81.87941582538087}.
  trial  721/2500  pareto_size=5  best_taylor=0.6968  best_ilamb=0.5875  (5.1 min)
[I 2026-07-22 18:46:52,310] Trial 721 finished with values: [10.231794106225085, 10.231794106225085] and parameters: {'k1': 0.052334804885400876, 'D_low': 126.11058927054879, 'k2': 2.1698375693549493e-05, 'D_high': 316055.11434645456, 'fire_exp': 1.1258453832483524, 'P_half': 7.890004262668578, 'pre_dampen_half': 3.9885726374014694, 'gpp_af': 0.25562996323356013, 'gpp_b': 0.0054502936945582505, 'gpp_d': 1.050978521342778, 'ign_k': 3.284529979576942, 'ign_c': 14.452451441203314, 'trop_agb_crit': 5.707205898008383, 'trop_k_veg': 0.6921865222804094, 'fuel_k': 0.48736180483849406, 'fuel_half': 0.3335026483569958}.
[I 2026-07-22 18:46:52,736] Trial 722 finished with values: [10.346730075084054, 10.346730075084054] and parameters: {'k1': 0.0003199177539819797, 'D_low': 13804.775391932099, 'k2': 0.0007081721844034209, 'D_high': 316055.11434645456, 'fire_exp': 1.7124099831271415, 'P_half': 7.890004262668578, 'pre_dampen_half': 0.4016986062226068, 'gpp_af': 0.015350904103515228, 'gpp_b': 3.228689523591491e-05, 'gpp_d': 302.3127748796295, 'ign_k': 3.284529979576942, 'ign_c': 6.1609752947414345, 'trop_agb_crit': 5.881906289439389, 'trop_k_veg': 1.140286245977296, 'fuel_k': 0.0500651901928747, 'fuel_half': 7.259866824755671}.
[I 2026-07-22 18:46:53,157] Trial 723 finished with values: [-0.3935258817198491, 0.19944110104478008] and parameters: {'k1': 0.0029707920514735983, 'D_low': 126.11058927054879, 'k2': 2.1698375693549493e-05, 'D_high': 160625.60954780428, 'fire_exp': 1.1258453832483524, 'P_half': 1938.3858782150498, 'pre_dampen_half': 347.79988160923324, 'gpp_af': 0.4224904711663322, 'gpp_b': 3.228689523591491e-05, 'gpp_d': 857.4284557962626, 'ign_k': 0.03141110271934876, 'ign_c': 11.40086370112731, 'trop_agb_crit': 15.870971677383487, 'trop_k_veg': 6.911478238001162, 'fuel_k': 5.486054129200971, 'fuel_half': 38.21129441691226}.
[I 2026-07-22 18:46:53,577] Trial 724 finished with values: [-0.27768718675913273, 0.20367738372216515] and parameters: {'k1': 2.27847364377152e-05, 'D_low': 864.0717009254879, 'k2': 0.030699709531122953, 'D_high': 305369.47947832284, 'fire_exp': 1.3411849220480432, 'P_half': 1025.3368317956683, 'pre_dampen_half': 19.600139992927424, 'gpp_af': 0.3259758793317361, 'gpp_b': 2.2334836264661435e-05, 'gpp_d': 2.2044650100999164, 'ign_k': 0.5131654955148324, 'ign_c': 0.11650681118986138, 'trop_agb_crit': 12.324775650896964, 'trop_k_veg': 2.417028380770307, 'fuel_k': 0.0500651901928747, 'fuel_half': 81.87941582538087}.
[I 2026-07-22 18:46:53,991] Trial 725 finished with values: [10.304125795434079, 10.304125795434079] and parameters: {'k1': 0.0058043147174140705, 'D_low': 2.9612221068836555, 'k2': 0.01567230746060024, 'D_high': 316055.11434645456, 'fire_exp': 1.1258453832483524, 'P_half': 1.7036120617148391, 'pre_dampen_half': 3.9885726374014694, 'gpp_af': 0.0023751383317256927, 'gpp_b': 0.0054502936945582505, 'gpp_d': 2.2044650100999164, 'ign_k': 0.5670346335627292, 'ign_c': 11.462237838612072, 'trop_agb_crit': 6.119263728555865, 'trop_k_veg': 1.7518409078083697, 'fuel_k': 0.08612665817296865, 'fuel_half': 49.16400722913764}.
[I 2026-07-22 18:46:54,415] Trial 726 finished with values: [-0.6512448149053819, 0.2742215162327647] and parameters: {'k1': 0.09538174612713206, 'D_low': 1.7887890916820506, 'k2': 0.001566517163094646, 'D_high': 316055.11434645456, 'fire_exp': 1.2242398136753672, 'P_half': 7.890004262668578, 'pre_dampen_half': 0.4016986062226068, 'gpp_af': 0.06789053271698488, 'gpp_b': 1.7565109007473816e-05, 'gpp_d': 9.00460602264307, 'ign_k': 3.284529979576942, 'ign_c': 11.40086370112731, 'trop_agb_crit': 9.362115196011851, 'trop_k_veg': 2.417028380770307, 'fuel_k': 0.08612665817296865, 'fuel_half': 0.3335026483569958}.
[I 2026-07-22 18:46:54,846] Trial 727 finished with values: [-0.5916413214600696, 0.26545930447831356] and parameters: {'k1': 0.052334804885400876, 'D_low': 8454.098152188677, 'k2': 2.8459703343413838e-05, 'D_high': 708572.1663941594, 'fire_exp': 1.2242398136753672, 'P_half': 2.843767489444367, 'pre_dampen_half': 0.4016986062226068, 'gpp_af': 0.06789053271698488, 'gpp_b': 1.1698276136056565e-05, 'gpp_d': 1.050978521342778, 'ign_k': 3.284529979576942, 'ign_c': 14.452451441203314, 'trop_agb_crit': 5.707205898008383, 'trop_k_veg': 7.26254292602904, 'fuel_k': 0.08612665817296865, 'fuel_half': 0.3335026483569958}.
[I 2026-07-22 18:46:55,273] Trial 728 finished with values: [10.23779898611502, 10.23779898611502] and parameters: {'k1': 0.011966626407443505, 'D_low': 2.221689517798535, 'k2': 0.01567230746060024, 'D_high': 25240.47745792575, 'fire_exp': 1.1258453832483524, 'P_half': 2.843767489444367, 'pre_dampen_half': 3.9885726374014694, 'gpp_af': 0.06789053271698488, 'gpp_b': 0.0005392415140872105, 'gpp_d': 2.2044650100999164, 'ign_k': 0.602755130171958, 'ign_c': 11.462237838612072, 'trop_agb_crit': 6.119263728555865, 'trop_k_veg': 2.417028380770307, 'fuel_k': 0.08612665817296865, 'fuel_half': 49.16400722913764}.
[I 2026-07-22 18:46:55,691] Trial 729 finished with values: [10.70050184984962, 10.70050184984962] and parameters: {'k1': 0.0003199177539819797, 'D_low': 13.25142220631392, 'k2': 2.1698375693549493e-05, 'D_high': 708572.1663941594, 'fire_exp': 1.3411849220480432, 'P_half': 1535.1441568398143, 'pre_dampen_half': 0.46504594134732663, 'gpp_af': 82.86948241023232, 'gpp_b': 1.1698276136056565e-05, 'gpp_d': 2.2044650100999164, 'ign_k': 0.5131654955148324, 'ign_c': 11.40086370112731, 'trop_agb_crit': 1.886175574962432, 'trop_k_veg': 3.028464701337094, 'fuel_k': 0.0500651901928747, 'fuel_half': 38.21129441691226}.
[I 2026-07-22 18:46:56,129] Trial 730 finished with values: [12.457819514146667, 12.457819514146667] and parameters: {'k1': 0.006033623633620595, 'D_low': 1.7887890916820506, 'k2': 0.001566517163094646, 'D_high': 316055.11434645456, 'fire_exp': 1.4439251473259103, 'P_half': 38.82837025280678, 'pre_dampen_half': 33.71909132517388, 'gpp_af': 0.12243451886824051, 'gpp_b': 3.228689523591491e-05, 'gpp_d': 9.00460602264307, 'ign_k': 0.5131654955148324, 'ign_c': 11.40086370112731, 'trop_agb_crit': 4.576910054440526, 'trop_k_veg': 2.417028380770307, 'fuel_k': 0.04618261343082179, 'fuel_half': 0.32476735706274484}.
[I 2026-07-22 18:46:56,861] Trial 731 finished with values: [10.12740933941717, 10.12740933941717] and parameters: {'k1': 0.0029282035181080004, 'D_low': 126.11058927054879, 'k2': 2.1698375693549493e-05, 'D_high': 708572.1663941594, 'fire_exp': 1.1258453832483524, 'P_half': 2.843767489444367, 'pre_dampen_half': 3.9885726374014694, 'gpp_af': 0.015350904103515228, 'gpp_b': 0.0054502936945582505, 'gpp_d': 1.050978521342778, 'ign_k': 0.006290644294586149, 'ign_c': 0.3706785664265659, 'trop_agb_crit': 20.205002815711154, 'trop_k_veg': 0.6921865222804094, 'fuel_k': 1.1820218758583807, 'fuel_half': 0.32476735706274484}.
[I 2026-07-22 18:46:57,363] Trial 732 finished with values: [-0.6360720562874054, 0.08585920522415624] and parameters: {'k1': 0.0029282035181080004, 'D_low': 126.11058927054879, 'k2': 0.001566517163094646, 'D_high': 580966.5602369158, 'fire_exp': 1.1258453832483524, 'P_half': 9.324787201197319, 'pre_dampen_half': 0.4016986062226068, 'gpp_af': 0.12243451886824051, 'gpp_b': 0.0054502936945582505, 'gpp_d': 700.6693992445935, 'ign_k': 3.284529979576942, 'ign_c': 11.40086370112731, 'trop_agb_crit': 17.530135633155123, 'trop_k_veg': 0.6921865222804094, 'fuel_k': 0.48736180483849406, 'fuel_half': 0.32476735706274484}.
[I 2026-07-22 18:46:57,819] Trial 733 finished with values: [10.692243685250235, 10.692243685250235] and parameters: {'k1': 0.00023352156626184448, 'D_low': 864.0717009254879, 'k2': 1.6559474674046002e-05, 'D_high': 10360.875587906949, 'fire_exp': 3.313658135010505, 'P_half': 7.890004262668578, 'pre_dampen_half': 26.373339933815235, 'gpp_af': 0.49740621749684094, 'gpp_b': 0.0005392415140872105, 'gpp_d': 3.0023172465753087, 'ign_k': 0.5670346335627292, 'ign_c': 8.405439129313676, 'trop_agb_crit': 15.35205868174982, 'trop_k_veg': 2.3408809609838257, 'fuel_k': 0.025506395489012103, 'fuel_half': 1.2664943797139754}.
