[I 2026-08-19 15:01:13,124] Trial 666 finished with value: -0.5353420479527287 and parameters: {'k1': 0.008356185270212587, 'D_low': 374.77082450936507, 'k2': 2.8861177603675853e-05, 'D_high': 559520.6645300173, 'fire_exp': 6.623488193745059, 'P_half': 245.39448277586683, 'pre_dampen_half': 213.54410357431917, 'gpp_af': 0.0022038232879763716, 'gpp_b': 0.0001492604223248655, 'gpp_d': 30.477908909221657, 'ign_k': 0.1140550120024509, 'ign_c': 0.3876105028412894, 'trop_agb_crit': 14.038738905817556, 'trop_k_veg': 4.149755297922432, 'pop_amp': 4.920437774972948, 'pop_peak': 0.7614238082469733, 'pop_sig': 0.38484211386131545, 'fuel_k': 0.2696814473288871, 'fuel_half': 0.7631249913480075}. Best is trial 421 with value: -0.6216386034937503.
  trial  667/2500  best_overall=0.6216  (37.2 min)
[I 2026-08-19 15:01:16,086] Trial 667 finished with value: -0.5865847572566124 and parameters: {'k1': 0.001683130597419028, 'D_low': 37.67307555395739, 'k2': 0.0002722648048395189, 'D_high': 1675395.8662924594, 'fire_exp': 1.6963354448773382, 'P_half': 1.8537287716525201, 'pre_dampen_half': 0.531683605186903, 'gpp_af': 1.8704263654771065, 'gpp_b': 0.003816940401019154, 'gpp_d': 8.743877906269713, 'ign_k': 0.0714286094290829, 'ign_c': 0.19107323518201574, 'trop_agb_crit': 18.458133649845163, 'trop_k_veg': 6.686945149357665, 'pop_amp': 2.902470888544886, 'pop_peak': 2.3404003982811417, 'pop_sig': 0.3828928323965491, 'fuel_k': 0.34937358788037276, 'fuel_half': 1.1631716200015099}. Best is trial 421 with value: -0.6216386034937503.
[I 2026-08-19 15:01:18,437] Trial 668 finished with value: -0.5375723204446393 and parameters: {'k1': 0.009516932172755429, 'D_low': 94.62164362785553, 'k2': 0.00014059177978644106, 'D_high': 1718261.2557101764, 'fire_exp': 2.032759725719451, 'P_half': 69.64254904252694, 'pre_dampen_half': 79.16425752333488, 'gpp_af': 0.023263081898845545, 'gpp_b': 1.4657276682410519e-05, 'gpp_d': 0.015195157431900702, 'ign_k': 0.25797208643587466, 'ign_c': 16.39674900138202, 'trop_agb_crit': 15.792863516140876, 'trop_k_veg': 3.230258915083469, 'pop_amp': 0.21877225379782128, 'pop_peak': 0.10416461565607439, 'pop_sig': 0.4783404458809661, 'fuel_k': 3.2533123354859423, 'fuel_half': 4.38662528684137}. Best is trial 421 with value: -0.6216386034937503.
[I 2026-08-19 15:01:20,902] Trial 669 finished with value: -0.551708581496453 and parameters: {'k1': 0.00017598114346515555, 'D_low': 1.7472633050547417, 'k2': 0.0004287120565617603, 'D_high': 514148.81016849744, 'fire_exp': 1.7431710276706258, 'P_half': 1.9385363129044006, 'pre_dampen_half': 1.5114867855303582, 'gpp_af': 0.05445013548221848, 'gpp_b': 0.0007485096190290026, 'gpp_d': 5.5638468719649685, 'ign_k': 0.04537669904378665, 'ign_c': 0.12240852063889328, 'trop_agb_crit': 6.993068052969197, 'trop_k_veg': 6.153954898165293, 'pop_amp': 0.3510037137405511, 'pop_peak': 10.138730073816886, 'pop_sig': 0.3260520090664471, 'fuel_k': 0.5150038588378043, 'fuel_half': 0.4180085059512787}. Best is trial 421 with value: -0.6216386034937503.
[I 2026-08-19 15:01:23,227] Trial 670 finished with value: -0.45496603953347076 and parameters: {'k1': 0.07049133372181068, 'D_low': 15.251135177291467, 'k2': 1.4869257498099914e-05, 'D_high': 658348.1331463391, 'fire_exp': 1.2260086903194782, 'P_half': 856.4442380390587, 'pre_dampen_half': 0.14898044172485508, 'gpp_af': 0.03822996520574934, 'gpp_b': 0.0005174086668951465, 'gpp_d': 0.07018298717462931, 'ign_k': 4.246120874958169, 'ign_c': 20.909449782616022, 'trop_agb_crit': 5.517834639836628, 'trop_k_veg': 1.621275976858791, 'pop_amp': 0.08848648153602767, 'pop_peak': 0.17774963429980872, 'pop_sig': 0.8445654378988123, 'fuel_k': 1.7036314830158554, 'fuel_half': 0.9214301293128658}. Best is trial 421 with value: -0.6216386034937503.
[I 2026-08-19 15:01:25,694] Trial 671 finished with value: -0.47270963662864923 and parameters: {'k1': 0.0010022700314587195, 'D_low': 2.604439986276139, 'k2': 1.0427445658497114e-05, 'D_high': 468293.53820479586, 'fire_exp': 1.069363768645613, 'P_half': 249.45069268740085, 'pre_dampen_half': 0.14666055563381272, 'gpp_af': 0.17816313065689357, 'gpp_b': 1.3477579682456259e-05, 'gpp_d': 0.016940198413833745, 'ign_k': 1.3077287661295118, 'ign_c': 1.1856957482988653, 'trop_agb_crit': 2.7090701122572574, 'trop_k_veg': 4.542580726318377, 'pop_amp': 0.5552778222279466, 'pop_peak': 0.3392844264248053, 'pop_sig': 0.9246336100362035, 'fuel_k': 2.483379808095938, 'fuel_half': 0.20875789813387727}. Best is trial 421 with value: -0.6216386034937503.
[I 2026-08-19 15:01:28,167] Trial 672 finished with value: -0.5950466732166968 and parameters: {'k1': 0.002118142160527825, 'D_low': 3469.073581377559, 'k2': 7.015103675836069e-05, 'D_high': 3935298.463909279, 'fire_exp': 1.5783578992303804, 'P_half': 405.6623917955924, 'pre_dampen_half': 39.485332193036825, 'gpp_af': 0.09108365096260264, 'gpp_b': 0.0002169597371656615, 'gpp_d': 1.5669214418665394, 'ign_k': 3.00606903767943, 'ign_c': 0.8757005094299677, 'trop_agb_crit': 11.909606772857877, 'trop_k_veg': 1.2334797325075775, 'pop_amp': 0.003118579908341706, 'pop_peak': 135.77272596812196, 'pop_sig': 0.6105290671311506, 'fuel_k': 1.0316889560156564, 'fuel_half': 2.8497406045009788}. Best is trial 421 with value: -0.6216386034937503.
[I 2026-08-19 15:01:30,477] Trial 673 finished with value: -0.5413413870323929 and parameters: {'k1': 0.0002833570695292899, 'D_low': 27.546511947266076, 'k2': 0.00015528700385286637, 'D_high': 9356950.03357566, 'fire_exp': 1.0845933037854174, 'P_half': 3.09376758577989, 'pre_dampen_half': 0.561818225939213, 'gpp_af': 1.4634213522087745, 'gpp_b': 0.0025471574851550494, 'gpp_d': 14.184016566339828, 'ign_k': 0.15171079175266383, 'ign_c': 0.28037962004059763, 'trop_agb_crit': 11.343335378576716, 'trop_k_veg': 2.823529679718716, 'pop_amp': 2.703132977982117, 'pop_peak': 103.61578878472417, 'pop_sig': 0.45419955460743405, 'fuel_k': 0.8454203931815277, 'fuel_half': 2.277637257096866}. Best is trial 421 with value: -0.6216386034937503.
[I 2026-08-19 15:01:32,970] Trial 674 finished with value: -0.5654734304319146 and parameters: {'k1': 0.00017930481569689163, 'D_low': 46.885856304209334, 'k2': 0.0005379390418151331, 'D_high': 2755294.661679717, 'fire_exp': 1.0745245618772243, 'P_half': 16.240863256349336, 'pre_dampen_half': 0.31732261195628547, 'gpp_af': 0.10080715371945456, 'gpp_b': 0.01829564148599999, 'gpp_d': 167.03431068790698, 'ign_k': 1.8459789479950346, 'ign_c': 0.1928926650405518, 'trop_agb_crit': 26.784488633963605, 'trop_k_veg': 7.458102229643283, 'pop_amp': 0.4938781358426102, 'pop_peak': 1.9589696087167507, 'pop_sig': 0.3173777822415233, 'fuel_k': 0.644510674163695, 'fuel_half': 0.2403494980436664}. Best is trial 421 with value: -0.6216386034937503.
[I 2026-08-19 15:01:35,279] Trial 675 finished with value: -0.586689173597341 and parameters: {'k1': 0.019923588562912604, 'D_low': 670.772925174476, 'k2': 4.629399504884407e-05, 'D_high': 5167284.372506043, 'fire_exp': 1.8763332324121729, 'P_half': 47.49409464480691, 'pre_dampen_half': 0.30508067779549963, 'gpp_af': 0.10718055353296284, 'gpp_b': 0.00010920113283376948, 'gpp_d': 0.11253234847215582, 'ign_k': 1.3223608855071651, 'ign_c': 15.405875295711994, 'trop_agb_crit': 18.432798379931132, 'trop_k_veg': 4.653662422507057, 'pop_amp': 0.6924718580270556, 'pop_peak': 0.18257409620464687, 'pop_sig': 0.5889971940935229, 'fuel_k': 5.708504293339059, 'fuel_half': 0.11904526872593482}. Best is trial 421 with value: -0.6216386034937503.
  trial  676/2500  best_overall=0.6216  (37.5 min)
[I 2026-08-19 15:01:38,047] Trial 676 finished with value: -0.3572792065386477 and parameters: {'k1': 0.0002925024536678857, 'D_low': 476787.01582988317, 'k2': 0.0002972509144330507, 'D_high': 576325.2758844383, 'fire_exp': 2.480713288392858, 'P_half': 1.3926345658828299, 'pre_dampen_half': 473.7693333858, 'gpp_af': 0.0044870565581254665, 'gpp_b': 6.508677383526066e-05, 'gpp_d': 0.36105797666876227, 'ign_k': 0.45338918732660694, 'ign_c': 3.6574164945741057, 'trop_agb_crit': 4.741720653228327, 'trop_k_veg': 1.2741847088032128, 'pop_amp': 1.1635802198724572, 'pop_peak': 85.48554217745689, 'pop_sig': 0.9016874575745989, 'fuel_k': 0.05863718561081005, 'fuel_half': 0.12156811071457124}. Best is trial 421 with value: -0.6216386034937503.
[I 2026-08-19 15:01:40,884] Trial 677 finished with value: -0.577361883150245 and parameters: {'k1': 0.011483576672962055, 'D_low': 1.4033492726910037, 'k2': 0.00026103682328432176, 'D_high': 939633.6389276654, 'fire_exp': 3.9279787917410225, 'P_half': 139.4851116323728, 'pre_dampen_half': 0.839739920831285, 'gpp_af': 0.002417753546508781, 'gpp_b': 3.719444724560062e-05, 'gpp_d': 3.4572812327885454, 'ign_k': 1.2142407857498034, 'ign_c': 0.17064802929832454, 'trop_agb_crit': 24.608785579834652, 'trop_k_veg': 2.4426487043110785, 'pop_amp': 5.5588954189479765, 'pop_peak': 361.91743581950965, 'pop_sig': 0.8223173258781293, 'fuel_k': 0.42471208224786516, 'fuel_half': 1.5772482304730857}. Best is trial 421 with value: -0.6216386034937503.
[I 2026-08-19 15:01:43,251] Trial 678 finished with value: -0.5542481621516807 and parameters: {'k1': 0.0018773335907525507, 'D_low': 218.22106700364333, 'k2': 0.00010407832893199754, 'D_high': 73482.0374176885, 'fire_exp': 1.1339012022666277, 'P_half': 563.7392499127317, 'pre_dampen_half': 12.6757473161194, 'gpp_af': 0.0956231255549881, 'gpp_b': 2.1144476377483453e-05, 'gpp_d': 0.3238252341431925, 'ign_k': 6.344253166827895, 'ign_c': 1.1157773022800812, 'trop_agb_crit': 16.581328793487774, 'trop_k_veg': 2.216131721345151, 'pop_amp': 0.077491305153947, 'pop_peak': 0.5614609691140602, 'pop_sig': 2.427002623432351, 'fuel_k': 0.24681670929341223, 'fuel_half': 4.126457150611461}. Best is trial 421 with value: -0.6216386034937503.
[I 2026-08-19 15:01:45,982] Trial 679 finished with value: -0.3554625854118624 and parameters: {'k1': 0.0015279550324551485, 'D_low': 31247.54502015723, 'k2': 0.0005165277382519778, 'D_high': 4973490.909785906, 'fire_exp': 1.7068111826601022, 'P_half': 531.8264532130896, 'pre_dampen_half': 164.22839439885874, 'gpp_af': 0.41138436675708684, 'gpp_b': 2.1048538850313087e-05, 'gpp_d': 60.44749174143068, 'ign_k': 2.0438488278959492, 'ign_c': 70.08949999461663, 'trop_agb_crit': 27.092819904777777, 'trop_k_veg': 6.6319049757361, 'pop_amp': 0.006615301655355394, 'pop_peak': 11.581682575945193, 'pop_sig': 1.1961641530245126, 'fuel_k': 0.11653549560041118, 'fuel_half': 0.8661490061141339}. Best is trial 421 with value: -0.6216386034937503.
[I 2026-08-19 15:01:48,369] Trial 680 finished with value: -0.5046294746763433 and parameters: {'k1': 0.04188977713791429, 'D_low': 1639.0060642146311, 'k2': 4.8037236909059516e-05, 'D_high': 442710.34762317984, 'fire_exp': 2.6637939313570724, 'P_half': 69.78129545319365, 'pre_dampen_half': 10.625547581224328, 'gpp_af': 0.0011497836603824789, 'gpp_b': 0.0002065115546842831, 'gpp_d': 4.428325175336747, 'ign_k': 0.07565111257252446, 'ign_c': 2.1692763729268374, 'trop_agb_crit': 2.1185702441490353, 'trop_k_veg': 2.0038219840253344, 'pop_amp': 0.2706957433130167, 'pop_peak': 2.5873818736697114, 'pop_sig': 1.5615506905436014, 'fuel_k': 0.4631697233035461, 'fuel_half': 2.3689505095317718}. Best is trial 421 with value: -0.6216386034937503.
[I 2026-08-19 15:01:50,840] Trial 681 finished with value: -0.419375166617744 and parameters: {'k1': 0.0006055774090533827, 'D_low': 885.2743263663987, 'k2': 2.9981411257938904e-05, 'D_high': 3534685.1344815884, 'fire_exp': 3.564184999009761, 'P_half': 4587.885649228189, 'pre_dampen_half': 3.548929505015741, 'gpp_af': 0.002486099442587423, 'gpp_b': 8.851330715555602e-05, 'gpp_d': 22.755796820841944, 'ign_k': 0.21759463011555236, 'ign_c': 0.35432652328621933, 'trop_agb_crit': 29.563182011023436, 'trop_k_veg': 1.8417108772768023, 'pop_amp': 1.2380405992458232, 'pop_peak': 0.44657749539190533, 'pop_sig': 1.5897274841345523, 'fuel_k': 0.033789415618018105, 'fuel_half': 45.8491910533536}. Best is trial 421 with value: -0.6216386034937503.
[I 2026-08-19 15:01:53,307] Trial 682 finished with value: -0.5636439595182482 and parameters: {'k1': 0.02368734850873339, 'D_low': 55.158263315107675, 'k2': 8.316307202357618e-05, 'D_high': 706778.4632137433, 'fire_exp': 2.5019067114600246, 'P_half': 14.292678872518847, 'pre_dampen_half': 1.4692442165322364, 'gpp_af': 0.0013774783964946987, 'gpp_b': 0.00017332044062709227, 'gpp_d': 0.17511622676782046, 'ign_k': 0.3881839824038068, 'ign_c': 0.6544238845243863, 'trop_agb_crit': 4.862907551427365, 'trop_k_veg': 1.8588656767244156, 'pop_amp': 0.4748760889613695, 'pop_peak': 2.212174624163568, 'pop_sig': 2.107250133859449, 'fuel_k': 0.012330566893694488, 'fuel_half': 0.34534962638255473}. Best is trial 421 with value: -0.6216386034937503.
[I 2026-08-19 15:01:55,640] Trial 683 finished with value: -0.5306088110598237 and parameters: {'k1': 0.0801000895586847, 'D_low': 13.418577023504504, 'k2': 0.00013581525580699236, 'D_high': 3274730.9996832144, 'fire_exp': 1.1131874317609076, 'P_half': 57.191860026679215, 'pre_dampen_half': 0.3224419245933614, 'gpp_af': 0.03072163444574914, 'gpp_b': 4.151483974871936e-05, 'gpp_d': 22.694629081868154, 'ign_k': 0.05481373222090257, 'ign_c': 9.030525560435347, 'trop_agb_crit': 29.864612736267144, 'trop_k_veg': 7.142772352478569, 'pop_amp': 0.042061296645315174, 'pop_peak': 0.7388528285607349, 'pop_sig': 0.5723666396974026, 'fuel_k': 0.1712683698313557, 'fuel_half': 0.6984351407395354}. Best is trial 421 with value: -0.6216386034937503.
  trial  684/2500  best_overall=0.6216  (37.9 min)
[I 2026-08-19 15:01:58,598] Trial 684 finished with value: -0.5815753884634566 and parameters: {'k1': 0.002064582311840883, 'D_low': 25.853995308786466, 'k2': 2.7182111679874792e-05, 'D_high': 627179.5828616191, 'fire_exp': 1.0670866489768263, 'P_half': 8.854268264705082, 'pre_dampen_half': 0.3210196559712011, 'gpp_af': 0.2665333929980993, 'gpp_b': 1.3978563385242874e-05, 'gpp_d': 65.05121969530715, 'ign_k': 0.2834064109924658, 'ign_c': 0.4440635814496, 'trop_agb_crit': 9.305638200999422, 'trop_k_veg': 5.193365222714755, 'pop_amp': 0.5339886092572803, 'pop_peak': 25.913891592707326, 'pop_sig': 0.30693373079933894, 'fuel_k': 0.05070836289715781, 'fuel_half': 0.5398448701086855}. Best is trial 421 with value: -0.6216386034937503.
[I 2026-08-19 15:02:00,982] Trial 685 finished with value: -0.34262705471788407 and parameters: {'k1': 0.08740380762822089, 'D_low': 2390.0149264067295, 'k2': 0.08797958887222901, 'D_high': 299503.6374537403, 'fire_exp': 2.888351008099664, 'P_half': 3.02065143108425, 'pre_dampen_half': 2.3482565410277525, 'gpp_af': 0.002832934021321764, 'gpp_b': 0.0002911968152963292, 'gpp_d': 5.392963063204208, 'ign_k': 3.469342353250032, 'ign_c': 34.277056700106776, 'trop_agb_crit': 22.207152373158475, 'trop_k_veg': 2.5616452117512276, 'pop_amp': 0.5917722960326544, 'pop_peak': 759.1625202388324, 'pop_sig': 0.4507993720375034, 'fuel_k': 0.6637513105638859, 'fuel_half': 0.11897086178668247}. Best is trial 421 with value: -0.6216386034937503.
[I 2026-08-19 15:02:03,685] Trial 686 finished with value: -0.41266395601674616 and parameters: {'k1': 0.0013508050025317522, 'D_low': 17583.439528190996, 'k2': 0.0006941279644080575, 'D_high': 8005804.852710576, 'fire_exp': 4.827706270880094, 'P_half': 1158.9155127047984, 'pre_dampen_half': 88.31408809284216, 'gpp_af': 0.010724358620843833, 'gpp_b': 0.0001778060180192425, 'gpp_d': 5.322824020070957, 'ign_k': 6.994118747458793, 'ign_c': 0.1348181965358782, 'trop_agb_crit': 7.883937506724787, 'trop_k_veg': 2.794908364273595, 'pop_amp': 5.451199141574232, 'pop_peak': 177.84983950875412, 'pop_sig': 0.5996287710698149, 'fuel_k': 0.03775542833754579, 'fuel_half': 2.945663837427879}. Best is trial 421 with value: -0.6216386034937503.
[I 2026-08-19 15:02:06,103] Trial 687 finished with value: -0.34508143370994543 and parameters: {'k1': 0.00012197094463676154, 'D_low': 2514.734987111232, 'k2': 0.0007210106938742853, 'D_high': 3616430.1980188442, 'fire_exp': 2.8291277235825767, 'P_half': 11.23007105178515, 'pre_dampen_half': 106.6992063905962, 'gpp_af': 0.009660174546276015, 'gpp_b': 1.6996127173879142e-05, 'gpp_d': 0.1224094224592692, 'ign_k': 1.2499178569892702, 'ign_c': 38.937072398061, 'trop_agb_crit': 2.627700150387029, 'trop_k_veg': 4.069228853798335, 'pop_amp': 4.613273830965392, 'pop_peak': 16.3952620231092, 'pop_sig': 1.522820679797458, 'fuel_k': 0.175696107455119, 'fuel_half': 1.3646908710725705}. Best is trial 421 with value: -0.6216386034937503.
[I 2026-08-19 15:02:08,519] Trial 688 finished with value: -0.40505804569997517 and parameters: {'k1': 0.014584060272177317, 'D_low': 1.8370859579270253, 'k2': 1.3620570070815066e-05, 'D_high': 120260.14218983293, 'fire_exp': 1.900468660368527, 'P_half': 16.038676647032723, 'pre_dampen_half': 0.17076701310321793, 'gpp_af': 0.11232133150198827, 'gpp_b': 0.00025236906844548095, 'gpp_d': 0.0186067065300127, 'ign_k': 0.08069190971158996, 'ign_c': 38.17043766466826, 'trop_agb_crit': 7.604036097388692, 'trop_k_veg': 2.7900220079906948, 'pop_amp': 0.1118108113743708, 'pop_peak': 0.3139108271640536, 'pop_sig': 1.1342453238859314, 'fuel_k': 0.024128720852712934, 'fuel_half': 0.3003133321248517}. Best is trial 421 with value: -0.6216386034937503.
[I 2026-08-19 15:02:11,042] Trial 689 finished with value: -0.43884178114521893 and parameters: {'k1': 0.003942674278780428, 'D_low': 430.7693592123719, 'k2': 1.7445894691702065e-05, 'D_high': 27054.640340775593, 'fire_exp': 2.449504072853217, 'P_half': 25.282135510030002, 'pre_dampen_half': 3.3854238018055587, 'gpp_af': 0.040276188133753006, 'gpp_b': 4.015994662442273e-05, 'gpp_d': 0.11547815471331237, 'ign_k': 0.1809872788229927, 'ign_c': 11.222072163396069, 'trop_agb_crit': 6.566525583708166, 'trop_k_veg': 1.837583005653501, 'pop_amp': 1.861333521210806, 'pop_peak': 3.2213382928011964, 'pop_sig': 0.9302582180399303, 'fuel_k': 0.013478598601366873, 'fuel_half': 2.396075246967194}. Best is trial 421 with value: -0.6216386034937503.
[I 2026-08-19 15:02:13,696] Trial 690 finished with value: -0.35313739326989896 and parameters: {'k1': 0.0012626510088293713, 'D_low': 1215.1070283046784, 'k2': 1.3915793633819576e-05, 'D_high': 3937062.1848045024, 'fire_exp': 1.154225753625083, 'P_half': 19.91366022190084, 'pre_dampen_half': 270.2155116536878, 'gpp_af': 0.6191221049003316, 'gpp_b': 1.833331736846147e-05, 'gpp_d': 44.236125039756914, 'ign_k': 3.170720152589812, 'ign_c': 44.63363617578613, 'trop_agb_crit': 27.17906948312214, 'trop_k_veg': 0.9424689333266009, 'pop_amp': 0.005413907195870845, 'pop_peak': 324.7331909774806, 'pop_sig': 0.3060213097546324, 'fuel_k': 0.23106901629899843, 'fuel_half': 2.0343484367103084}. Best is trial 421 with value: -0.6216386034937503.
[I 2026-08-19 15:02:16,257] Trial 691 finished with value: -0.5954988615338486 and parameters: {'k1': 1.177022363255168e-05, 'D_low': 2842.596301889837, 'k2': 4.066433734642596e-05, 'D_high': 4076520.129278429, 'fire_exp': 1.3290576060860353, 'P_half': 131.3925521155393, 'pre_dampen_half': 0.7976365626427548, 'gpp_af': 0.09948611705141795, 'gpp_b': 0.00011267284578186984, 'gpp_d': 1.5178453279323882, 'ign_k': 0.9093273744086469, 'ign_c': 3.8802455934237483, 'trop_agb_crit': 18.530660296260997, 'trop_k_veg': 1.2926593352176863, 'pop_amp': 0.9181270397986915, 'pop_peak': 18.483952368323468, 'pop_sig': 1.051930475463203, 'fuel_k': 0.60849984034538, 'fuel_half': 0.45494799728199886}. Best is trial 421 with value: -0.6216386034937503.
  trial  692/2500  best_overall=0.6216  (38.2 min)
[I 2026-08-19 15:02:18,986] Trial 692 finished with value: -0.5124630088845117 and parameters: {'k1': 0.05685512618486323, 'D_low': 212.74437373422418, 'k2': 0.00014244106640266802, 'D_high': 312024.4564832382, 'fire_exp': 4.667855477535863, 'P_half': 11.619297819363313, 'pre_dampen_half': 79.50963555014039, 'gpp_af': 0.7674873716145919, 'gpp_b': 1.589627945135883e-05, 'gpp_d': 3.389121065521994, 'ign_k': 0.21625986048654863, 'ign_c': 21.63059836085816, 'trop_agb_crit': 25.618523753688844, 'trop_k_veg': 3.39119805002524, 'pop_amp': 0.5813493332466771, 'pop_peak': 4.9079284704366986, 'pop_sig': 1.0250054023713355, 'fuel_k': 0.023677128066484403, 'fuel_half': 1.552694567930815}. Best is trial 421 with value: -0.6216386034937503.
[I 2026-08-19 15:02:21,395] Trial 693 finished with value: -0.41854130475837314 and parameters: {'k1': 0.006933278333451118, 'D_low': 64997.9783766764, 'k2': 0.0001758996420177707, 'D_high': 2767425.5829899726, 'fire_exp': 1.100349553243971, 'P_half': 1136.4023126561171, 'pre_dampen_half': 6.577487453684664, 'gpp_af': 0.016726280030779517, 'gpp_b': 0.0003236992717171683, 'gpp_d': 0.32610017206170044, 'ign_k': 2.0692268457212704, 'ign_c': 0.40810566760569833, 'trop_agb_crit': 22.163110578724943, 'trop_k_veg': 1.8367727469794684, 'pop_amp': 0.4830075198754208, 'pop_peak': 6.3005685943487055, 'pop_sig': 2.259604987464123, 'fuel_k': 1.362439902087754, 'fuel_half': 1.54985567672032}. Best is trial 421 with value: -0.6216386034937503.
[I 2026-08-19 15:02:23,897] Trial 694 finished with value: -0.47519441859304434 and parameters: {'k1': 0.0016546166507165345, 'D_low': 4229.0056477084745, 'k2': 7.232808590941335e-05, 'D_high': 2384918.909807952, 'fire_exp': 4.536168233088317, 'P_half': 38.96555375885976, 'pre_dampen_half': 4.232889530466116, 'gpp_af': 0.1656430130210894, 'gpp_b': 0.00015355567291127994, 'gpp_d': 0.14699268660174494, 'ign_k': 2.6442826117317604, 'ign_c': 19.530957356072555, 'trop_agb_crit': 1.76903924219034, 'trop_k_veg': 0.8444244386881287, 'pop_amp': 0.38774243289858035, 'pop_peak': 4.1268408492735595, 'pop_sig': 2.499035047729854, 'fuel_k': 0.11421183684899648, 'fuel_half': 5.5606086172897795}. Best is trial 421 with value: -0.6216386034937503.
