[I 2026-07-24 02:10:48,737] Trial 640 finished with value: 0.6388922658440122 and parameters: {'k1': 0.0012931113119146707, 'D_low': 5.2317106847341766, 'k2': 0.042553939392543545, 'D_high': 1711579.6676222763, 'fire_exp': 2.16128984353088, 'P_half': 2.9050588850043906, 'pre_dampen_half': 307.9077435627948, 'gpp_af': 0.01188045614962241, 'gpp_b': 0.00040407529273677476, 'gpp_d': 1.1055090577429527, 'ign_k': 0.12339424958383637, 'ign_c': 2.009498299265351, 'trop_agb_crit': 2.2424732886658063, 'trop_k_veg': 0.9050943615902884, 'gdp_gamma': 1.6237738100719215, 'fuel_k': 0.06394698230677308, 'fuel_half': 19.134204890694107}. Best is trial 335 with value: -0.6233152110406992.
[I 2026-07-24 02:10:49,186] Trial 641 finished with value: -0.5976378667758582 and parameters: {'k1': 0.0025013616031118457, 'D_low': 2.5089320452888493, 'k2': 0.0459808982722106, 'D_high': 4531632.672751079, 'fire_exp': 1.9663312627729963, 'P_half': 7.750257715397801, 'pre_dampen_half': 4.1761762272004646, 'gpp_af': 0.004339920339499826, 'gpp_b': 0.00016079417510800968, 'gpp_d': 6.756225078720628, 'ign_k': 0.02843341898452424, 'ign_c': 1.6911345656255121, 'trop_agb_crit': 1.2538709650942976, 'trop_k_veg': 0.956184477029639, 'gdp_gamma': 1.0579403928240643, 'fuel_k': 0.016584127213629826, 'fuel_half': 50.282735591980746}. Best is trial 335 with value: -0.6233152110406992.
[I 2026-07-24 02:10:49,685] Trial 642 finished with value: 0.40169977183785677 and parameters: {'k1': 5.5629786195752054e-05, 'D_low': 3655.490989384235, 'k2': 0.09522917834797308, 'D_high': 6440246.711083373, 'fire_exp': 1.9315265600506972, 'P_half': 33.34268682908339, 'pre_dampen_half': 47.642719494254784, 'gpp_af': 0.7480084342988463, 'gpp_b': 0.0008381476457924715, 'gpp_d': 868.5281475619155, 'ign_k': 0.00941814225493166, 'ign_c': 2.3493258695136126, 'trop_agb_crit': 12.410548291433145, 'trop_k_veg': 5.329492810184212, 'gdp_gamma': 0.4149671661578712, 'fuel_k': 0.014110623314700543, 'fuel_half': 75.29847499278014}. Best is trial 335 with value: -0.6233152110406992.
[I 2026-07-24 02:10:50,137] Trial 643 finished with value: 0.5784452217739069 and parameters: {'k1': 0.0007322096485818369, 'D_low': 1937.2025318409167, 'k2': 0.030047925585814938, 'D_high': 30246.01802487439, 'fire_exp': 2.1796738858808697, 'P_half': 405.72664773038395, 'pre_dampen_half': 0.03618336983438377, 'gpp_af': 3.0427667512047334, 'gpp_b': 1.5793263412273387e-05, 'gpp_d': 174.70774374177722, 'ign_k': 0.0016952710006220755, 'ign_c': 0.3460945637884992, 'trop_agb_crit': 6.88831084681776, 'trop_k_veg': 2.2113097060484965, 'gdp_gamma': 1.481731736844166, 'fuel_k': 0.36629678274577093, 'fuel_half': 53.48582834920148}. Best is trial 335 with value: -0.6233152110406992.
[I 2026-07-24 02:10:50,583] Trial 644 finished with value: 0.5440036114360345 and parameters: {'k1': 0.00017894108127906115, 'D_low': 124.49331274719985, 'k2': 0.038655422837209824, 'D_high': 1459011.170042473, 'fire_exp': 5.557811739694761, 'P_half': 24.16350263516588, 'pre_dampen_half': 6.474238070875371, 'gpp_af': 1.2434077326497102, 'gpp_b': 7.546866979065876e-05, 'gpp_d': 89.90811167485597, 'ign_k': 0.11979879012404626, 'ign_c': 14.091306126978914, 'trop_agb_crit': 28.331106615830326, 'trop_k_veg': 1.6373641963544927, 'gdp_gamma': 0.0014695553691152973, 'fuel_k': 0.5330831336170173, 'fuel_half': 0.6185939691576292}. Best is trial 335 with value: -0.6233152110406992.
[I 2026-07-24 02:10:51,039] Trial 645 finished with value: 0.5447572735154885 and parameters: {'k1': 0.005649113852313192, 'D_low': 1.3317266204235276, 'k2': 0.028750047936659397, 'D_high': 556920.729384295, 'fire_exp': 1.7564346464792828, 'P_half': 3.700946314798926, 'pre_dampen_half': 0.4919016763255747, 'gpp_af': 0.0075658778184597665, 'gpp_b': 0.0008098267305065419, 'gpp_d': 2.0084777376375866, 'ign_k': 0.03194298333094843, 'ign_c': 9.039568867113505, 'trop_agb_crit': 1.1919870354711237, 'trop_k_veg': 0.9315170983893627, 'gdp_gamma': 0.20549796280077773, 'fuel_k': 0.018058975593229804, 'fuel_half': 10.433664040674211}. Best is trial 335 with value: -0.6233152110406992.
[I 2026-07-24 02:10:51,490] Trial 646 finished with value: 0.48470868506867415 and parameters: {'k1': 1.9188498125808305e-05, 'D_low': 29.24777139402051, 'k2': 0.0005926538540506712, 'D_high': 579794.4539689689, 'fire_exp': 1.2810592595274717, 'P_half': 9.49141966698189, 'pre_dampen_half': 2.5576445156856455, 'gpp_af': 0.001354150230366219, 'gpp_b': 0.0005030400816453863, 'gpp_d': 2.226831261862665, 'ign_k': 0.0039266454803611045, 'ign_c': 8.649082814086222, 'trop_agb_crit': 2.6174584558736447, 'trop_k_veg': 5.550269155346194, 'gdp_gamma': 0.49922303280459546, 'fuel_k': 0.013294143228037944, 'fuel_half': 2.7193648318333743}. Best is trial 335 with value: -0.6233152110406992.
[I 2026-07-24 02:10:51,938] Trial 647 finished with value: 0.46109030053681044 and parameters: {'k1': 0.001093991394157665, 'D_low': 10.41356287525769, 'k2': 0.03368928696162077, 'D_high': 8422114.231245715, 'fire_exp': 2.2610213997586897, 'P_half': 90.59889186044583, 'pre_dampen_half': 1.8158034827009246, 'gpp_af': 0.0480009074137641, 'gpp_b': 3.272111305807684e-05, 'gpp_d': 279.5885932729277, 'ign_k': 0.0020743355149480587, 'ign_c': 2.928156961812633, 'trop_agb_crit': 12.910473628863592, 'trop_k_veg': 1.133282535979444, 'gdp_gamma': 0.5654257564790396, 'fuel_k': 0.11915694483222793, 'fuel_half': 45.583794400180196}. Best is trial 335 with value: -0.6233152110406992.
[I 2026-07-24 02:10:52,385] Trial 648 finished with value: 0.5110471618902216 and parameters: {'k1': 0.0055210429634660625, 'D_low': 5.550908466113995, 'k2': 0.010437666210171713, 'D_high': 6785216.093026626, 'fire_exp': 1.8613575982211115, 'P_half': 21.154438887372685, 'pre_dampen_half': 67.09472045508717, 'gpp_af': 0.001005889242023829, 'gpp_b': 0.00024381062239078622, 'gpp_d': 0.0666087174348043, 'ign_k': 0.053902123872069614, 'ign_c': 10.378145432672985, 'trop_agb_crit': 1.3747192400803765, 'trop_k_veg': 1.6059788483153392, 'gdp_gamma': 1.6879473995408696, 'fuel_k': 0.01248189650956292, 'fuel_half': 53.11614523622679}. Best is trial 335 with value: -0.6233152110406992.
[I 2026-07-24 02:10:52,838] Trial 649 finished with value: 0.5965387680805226 and parameters: {'k1': 0.005009191136737523, 'D_low': 2600.9091752735458, 'k2': 0.00017710309093672296, 'D_high': 17577.274981470473, 'fire_exp': 4.02951963936782, 'P_half': 431.6053152643842, 'pre_dampen_half': 0.020053217418083934, 'gpp_af': 0.03893462782808956, 'gpp_b': 4.84625251194127e-05, 'gpp_d': 787.4376592595598, 'ign_k': 0.006405350094153899, 'ign_c': 0.1239513936619609, 'trop_agb_crit': 13.302800705917631, 'trop_k_veg': 1.3193465883862336, 'gdp_gamma': 1.4861552777501599, 'fuel_k': 0.08580742197693615, 'fuel_half': 9.795298337332484}. Best is trial 335 with value: -0.6233152110406992.
[I 2026-07-24 02:10:53,282] Trial 650 finished with value: 0.6231862166232849 and parameters: {'k1': 0.00010525761846074026, 'D_low': 8.228612367796662, 'k2': 0.012723416143141765, 'D_high': 177710.77251967098, 'fire_exp': 1.429337729939253, 'P_half': 14.391164302929603, 'pre_dampen_half': 231.36231198827403, 'gpp_af': 0.001773543080665171, 'gpp_b': 0.007402386750621144, 'gpp_d': 0.25790900727441074, 'ign_k': 0.0015196021917723993, 'ign_c': 3.0143484108454968, 'trop_agb_crit': 2.0939980453460296, 'trop_k_veg': 2.4075567758711207, 'gdp_gamma': 0.3041777694789804, 'fuel_k': 0.03190639747393858, 'fuel_half': 15.624985100113982}. Best is trial 335 with value: -0.6233152110406992.
[I 2026-07-24 02:10:53,736] Trial 651 finished with value: 0.44541338626315574 and parameters: {'k1': 0.00022432119193341784, 'D_low': 6.775605920410671, 'k2': 0.031524164893748825, 'D_high': 1096273.8669656562, 'fire_exp': 1.157908016763702, 'P_half': 319.04691263171935, 'pre_dampen_half': 18.8488020382139, 'gpp_af': 0.004153696353417903, 'gpp_b': 0.004120401824906778, 'gpp_d': 0.013998276498780356, 'ign_k': 0.002210176060554203, 'ign_c': 29.1616997816931, 'trop_agb_crit': 1.770733445787194, 'trop_k_veg': 1.9331284994228404, 'gdp_gamma': 1.3521846073353738, 'fuel_k': 0.016752087978121926, 'fuel_half': 19.551750928674117}. Best is trial 335 with value: -0.6233152110406992.
[I 2026-07-24 02:10:54,189] Trial 652 finished with value: -0.5668561452676951 and parameters: {'k1': 0.004700019133298621, 'D_low': 33.18741194076964, 'k2': 0.017834310415590138, 'D_high': 1201098.9007930993, 'fire_exp': 1.9686702484536303, 'P_half': 6.733971587967181, 'pre_dampen_half': 0.4206281071387545, 'gpp_af': 0.010177845614969941, 'gpp_b': 0.00023796315935032428, 'gpp_d': 261.17217269259316, 'ign_k': 0.11788449207589206, 'ign_c': 2.677631327655006, 'trop_agb_crit': 2.768010195385878, 'trop_k_veg': 0.8308475438814318, 'gdp_gamma': 1.4986083707851412, 'fuel_k': 0.04669014443026139, 'fuel_half': 34.14725429501098}. Best is trial 335 with value: -0.6233152110406992.
[I 2026-07-24 02:10:54,636] Trial 653 finished with value: 0.5714167615495466 and parameters: {'k1': 1.932287410097721e-05, 'D_low': 3.3740708043209624, 'k2': 0.0020250510131662983, 'D_high': 1977122.7317734156, 'fire_exp': 1.2548792375747297, 'P_half': 61.89125039450052, 'pre_dampen_half': 92.41004673803208, 'gpp_af': 1.6010789044513867, 'gpp_b': 0.004422521002212374, 'gpp_d': 0.5379434560274519, 'ign_k': 0.04197594878141433, 'ign_c': 43.22591920022727, 'trop_agb_crit': 4.4496757492037595, 'trop_k_veg': 1.6015443645746603, 'gdp_gamma': 0.1281658948108165, 'fuel_k': 0.0478185028528034, 'fuel_half': 7.797157846954206}. Best is trial 335 with value: -0.6233152110406992.
[I 2026-07-24 02:10:55,096] Trial 654 finished with value: 0.6280262428689175 and parameters: {'k1': 4.770979319629715e-05, 'D_low': 55.86928882969773, 'k2': 7.286064264012874e-05, 'D_high': 506951.5437804578, 'fire_exp': 1.8325671250578313, 'P_half': 41.96324965301937, 'pre_dampen_half': 6.474573948228952, 'gpp_af': 0.029588710753002238, 'gpp_b': 0.00020834501759588894, 'gpp_d': 4.652329153418134, 'ign_k': 0.028430131965829653, 'ign_c': 697.3265930574704, 'trop_agb_crit': 1.3447121349943834, 'trop_k_veg': 5.369112266370651, 'gdp_gamma': 0.25171043924437214, 'fuel_k': 0.028156503460590846, 'fuel_half': 6.602713906182735}. Best is trial 335 with value: -0.6233152110406992.
[I 2026-07-24 02:10:55,559] Trial 655 finished with value: -0.5864063458005886 and parameters: {'k1': 0.0018936808917705424, 'D_low': 25.096615485730457, 'k2': 0.0028771794731371984, 'D_high': 6872749.303446887, 'fire_exp': 1.3505919796054524, 'P_half': 2.132114455272928, 'pre_dampen_half': 2.892995878714731, 'gpp_af': 0.005282953091807051, 'gpp_b': 4.510411613693794e-05, 'gpp_d': 4.583967573728488, 'ign_k': 0.003162040569997835, 'ign_c': 64.91860696368815, 'trop_agb_crit': 4.25746098310494, 'trop_k_veg': 0.5076008855750439, 'gdp_gamma': 0.40586784289909544, 'fuel_k': 0.15315292841859904, 'fuel_half': 46.40975540040887}. Best is trial 335 with value: -0.6233152110406992.
[I 2026-07-24 02:10:56,016] Trial 656 finished with value: 0.4305191805860382 and parameters: {'k1': 0.0026951353914317824, 'D_low': 24.346693390237753, 'k2': 0.027689278120816882, 'D_high': 3082037.261124845, 'fire_exp': 1.5273919944267849, 'P_half': 36.68003956164442, 'pre_dampen_half': 1.818575491142903, 'gpp_af': 0.1346873315766522, 'gpp_b': 0.00010343784946381623, 'gpp_d': 0.644011855811685, 'ign_k': 0.002867411851366276, 'ign_c': 0.7335673318718103, 'trop_agb_crit': 1.945832370216206, 'trop_k_veg': 0.8130550397835246, 'gdp_gamma': 1.9470804998709066, 'fuel_k': 0.01091251497718699, 'fuel_half': 11.835036059754586}. Best is trial 335 with value: -0.6233152110406992.
[I 2026-07-24 02:10:56,468] Trial 657 finished with value: 0.5730670060383993 and parameters: {'k1': 0.0031495221563921615, 'D_low': 195.12686307788923, 'k2': 0.002476429949482095, 'D_high': 109395.2307600897, 'fire_exp': 1.783216967006949, 'P_half': 15.62918872285006, 'pre_dampen_half': 1.842698323444549, 'gpp_af': 0.4371767473929509, 'gpp_b': 0.00016171196499522282, 'gpp_d': 0.26233925519720397, 'ign_k': 0.0016558026380421487, 'ign_c': 2.773324710703339, 'trop_agb_crit': 25.070969448989835, 'trop_k_veg': 0.6676802249046877, 'gdp_gamma': 0.11701521254738105, 'fuel_k': 0.12730899311764157, 'fuel_half': 53.234784318197306}. Best is trial 335 with value: -0.6233152110406992.
[I 2026-07-24 02:10:56,926] Trial 658 finished with value: 0.47428058228498093 and parameters: {'k1': 0.00019664102289834474, 'D_low': 11.783528717996582, 'k2': 0.023163258037193976, 'D_high': 5603038.777168759, 'fire_exp': 1.1455159847976466, 'P_half': 1.6100636708516909, 'pre_dampen_half': 16.26365835476287, 'gpp_af': 0.0014626485904623808, 'gpp_b': 0.00021631292712660669, 'gpp_d': 426.3651719060093, 'ign_k': 0.004975363671777226, 'ign_c': 7.792725977822896, 'trop_agb_crit': 1.6712781959324543, 'trop_k_veg': 0.7270891273749841, 'gdp_gamma': 1.1070657944106417, 'fuel_k': 0.19439713467809866, 'fuel_half': 4.093458618475032}. Best is trial 335 with value: -0.6233152110406992.
[I 2026-07-24 02:10:57,378] Trial 659 finished with value: 0.5470798632732706 and parameters: {'k1': 0.00032104214231429783, 'D_low': 31.22571461266139, 'k2': 2.897205141462901e-05, 'D_high': 44898.60959414431, 'fire_exp': 1.2566890119820746, 'P_half': 18.388207363737447, 'pre_dampen_half': 1.340337996351366, 'gpp_af': 0.30418772262988825, 'gpp_b': 0.01155907862524496, 'gpp_d': 0.18972245206430485, 'ign_k': 0.0012252051534371912, 'ign_c': 72.80993264607709, 'trop_agb_crit': 2.0133017713293526, 'trop_k_veg': 5.499637190667285, 'gdp_gamma': 0.6873574854472654, 'fuel_k': 0.015148537174284696, 'fuel_half': 7.002519662583539}. Best is trial 335 with value: -0.6233152110406992.
[I 2026-07-24 02:10:57,832] Trial 660 finished with value: 0.37906599392004914 and parameters: {'k1': 0.001141545862449312, 'D_low': 469.886288603254, 'k2': 0.07637895733196885, 'D_high': 3141131.4587672884, 'fire_exp': 1.5169607323707357, 'P_half': 471.8638834765531, 'pre_dampen_half': 4.455500473674663, 'gpp_af': 2.9200894399267083, 'gpp_b': 6.130399329894882e-05, 'gpp_d': 42.7830024184305, 'ign_k': 0.00463819263205098, 'ign_c': 5.726305413365305, 'trop_agb_crit': 10.72909883998579, 'trop_k_veg': 0.8146575844178174, 'gdp_gamma': 1.4601264260718232, 'fuel_k': 0.01582358441812114, 'fuel_half': 52.39683395883263}. Best is trial 335 with value: -0.6233152110406992.
[I 2026-07-24 02:10:58,286] Trial 661 finished with value: 0.4713076715896095 and parameters: {'k1': 6.034586488284003e-05, 'D_low': 78.62860739461088, 'k2': 0.0052001795480114766, 'D_high': 296977.2808172697, 'fire_exp': 2.883448871892252, 'P_half': 61.24802879182895, 'pre_dampen_half': 19.593919724396194, 'gpp_af': 0.8579500053781676, 'gpp_b': 0.00023254140452529367, 'gpp_d': 11.959097518736808, 'ign_k': 0.005689343388240938, 'ign_c': 20.27897817886765, 'trop_agb_crit': 14.874368869001666, 'trop_k_veg': 3.6462259642702177, 'gdp_gamma': 0.8172734349120282, 'fuel_k': 0.013320558239031503, 'fuel_half': 38.09002146412505}. Best is trial 335 with value: -0.6233152110406992.
[I 2026-07-24 02:10:58,749] Trial 662 finished with value: 0.5757581701253173 and parameters: {'k1': 0.0015118168397266225, 'D_low': 1488.6408178576767, 'k2': 0.023321188134914586, 'D_high': 6997088.935476377, 'fire_exp': 2.532559627311367, 'P_half': 771.7142638630007, 'pre_dampen_half': 62.635843986955976, 'gpp_af': 0.870172126017888, 'gpp_b': 0.001221488899897758, 'gpp_d': 787.2249739366994, 'ign_k': 0.0015009824728749667, 'ign_c': 9.737459075957181, 'trop_agb_crit': 4.200945145923775, 'trop_k_veg': 6.516010545728499, 'gdp_gamma': 0.1354547898577947, 'fuel_k': 0.011931903294303286, 'fuel_half': 68.00841061619523}. Best is trial 335 with value: -0.6233152110406992.
[I 2026-07-24 02:10:59,202] Trial 663 finished with value: 0.45367528582874783 and parameters: {'k1': 0.009611930630010094, 'D_low': 29.508717334789637, 'k2': 0.023397609633011792, 'D_high': 2019042.9290550982, 'fire_exp': 1.1123144664945106, 'P_half': 6.087162960373032, 'pre_dampen_half': 2.2581316034506855, 'gpp_af': 0.013313553584122619, 'gpp_b': 0.0011965283530685745, 'gpp_d': 0.7541901146524506, 'ign_k': 0.014169750988456265, 'ign_c': 3.153339186327026, 'trop_agb_crit': 1.374103830425859, 'trop_k_veg': 1.07365982365402, 'gdp_gamma': 1.2502356141903752, 'fuel_k': 0.06546871782076012, 'fuel_half': 95.1402760909894}. Best is trial 335 with value: -0.6233152110406992.
[I 2026-07-24 02:10:59,658] Trial 664 finished with value: 0.516519551178211 and parameters: {'k1': 0.00018173766615259504, 'D_low': 5.43612380619514, 'k2': 0.017503382648809043, 'D_high': 5113114.566844929, 'fire_exp': 1.4246055044799264, 'P_half': 103.93403385180598, 'pre_dampen_half': 68.08131065035195, 'gpp_af': 0.005661210355409946, 'gpp_b': 5.682819084097953e-05, 'gpp_d': 1.297231439368062, 'ign_k': 0.0011112440556362204, 'ign_c': 52.2409311573041, 'trop_agb_crit': 1.5913557580481401, 'trop_k_veg': 1.9733224514965753, 'gdp_gamma': 1.816322678724194, 'fuel_k': 0.07072357445269242, 'fuel_half': 59.24471167479379}. Best is trial 335 with value: -0.6233152110406992.
[I 2026-07-24 02:11:00,116] Trial 665 finished with value: 0.6102922812091398 and parameters: {'k1': 0.023890228031387087, 'D_low': 85.32063139941535, 'k2': 0.03557874158625673, 'D_high': 1427.1769891146353, 'fire_exp': 1.4137331396351736, 'P_half': 6819.255112148809, 'pre_dampen_half': 7.741922476854201, 'gpp_af': 0.03393384261782834, 'gpp_b': 1.9752833192375167e-05, 'gpp_d': 357.6259912419981, 'ign_k': 0.0036699918995898896, 'ign_c': 19.767434924355413, 'trop_agb_crit': 2.4464106767807543, 'trop_k_veg': 0.6793789670013508, 'gdp_gamma': 1.176329342993188, 'fuel_k': 0.014512032565065558, 'fuel_half': 50.15838595316402}. Best is trial 335 with value: -0.6233152110406992.
[I 2026-07-24 02:11:00,574] Trial 666 finished with value: 0.49749025965949933 and parameters: {'k1': 0.0003303558011859611, 'D_low': 6.087412782151201, 'k2': 0.05557164339910686, 'D_high': 8117329.340623951, 'fire_exp': 1.732827415333783, 'P_half': 15.144448079754763, 'pre_dampen_half': 0.3474105573581201, 'gpp_af': 0.01395901642487862, 'gpp_b': 1.2932214610436619e-05, 'gpp_d': 56.6176721953199, 'ign_k': 0.09519467143345409, 'ign_c': 1.0236071719061568, 'trop_agb_crit': 1.0022013579449887, 'trop_k_veg': 0.5944894957018725, 'gdp_gamma': 0.013871352079577756, 'fuel_k': 0.11695471921660684, 'fuel_half': 41.31827778622224}. Best is trial 335 with value: -0.6233152110406992.
[I 2026-07-24 02:11:01,035] Trial 667 finished with value: 0.4774340060447353 and parameters: {'k1': 1.2499115311660348e-05, 'D_low': 15.13122480799341, 'k2': 0.08985465034233403, 'D_high': 2449086.2371824435, 'fire_exp': 2.2102743039232973, 'P_half': 109.62540316506588, 'pre_dampen_half': 2.478578214533835, 'gpp_af': 0.06590956068060658, 'gpp_b': 3.754583901823535e-05, 'gpp_d': 16.413184981499782, 'ign_k': 0.22390927672163968, 'ign_c': 3.2558267523431446, 'trop_agb_crit': 15.422516990318812, 'trop_k_veg': 0.6401873104903969, 'gdp_gamma': 0.20472026197078408, 'fuel_k': 0.6625303943133124, 'fuel_half': 14.656571653386317}. Best is trial 335 with value: -0.6233152110406992.
[I 2026-07-24 02:11:01,488] Trial 668 finished with value: 0.5786861717587357 and parameters: {'k1': 2.429366449785289e-05, 'D_low': 2.2575536717579023, 'k2': 0.004411470384400681, 'D_high': 6366.671302330159, 'fire_exp': 1.1036927903578513, 'P_half': 9.283900724229772, 'pre_dampen_half': 2.7140039479137177, 'gpp_af': 0.002732110669176013, 'gpp_b': 1.6626868201323893e-05, 'gpp_d': 3.0496797903441335, 'ign_k': 0.002887042285857406, 'ign_c': 22.334939096454132, 'trop_agb_crit': 1.1173001040609274, 'trop_k_veg': 4.38977938588156, 'gdp_gamma': 0.13698370149557781, 'fuel_k': 0.013991749869077625, 'fuel_half': 3.019343535967433}. Best is trial 335 with value: -0.6233152110406992.
[I 2026-07-24 02:11:01,947] Trial 669 finished with value: 0.44774988863064413 and parameters: {'k1': 0.0007454801583438935, 'D_low': 2.015235936091607, 'k2': 0.007645764424905321, 'D_high': 32725.204184623006, 'fire_exp': 1.5558718347577145, 'P_half': 7.494231265461454, 'pre_dampen_half': 9.161800579234836, 'gpp_af': 0.1707993979663804, 'gpp_b': 0.00012516338669646353, 'gpp_d': 85.64038123368111, 'ign_k': 0.0017506999900478843, 'ign_c': 7.932395194096506, 'trop_agb_crit': 5.112398785118919, 'trop_k_veg': 3.489709424622408, 'gdp_gamma': 1.0349334188987869, 'fuel_k': 0.029151418821253307, 'fuel_half': 76.4905929423964}. Best is trial 335 with value: -0.6233152110406992.
[I 2026-07-24 02:11:02,402] Trial 670 finished with value: 0.5344831041566994 and parameters: {'k1': 0.0007067668535557103, 'D_low': 15.954830831454672, 'k2': 0.0034032244513162247, 'D_high': 881684.7202460204, 'fire_exp': 1.6519682776300737, 'P_half': 3.042680877907856, 'pre_dampen_half': 52.90392173798982, 'gpp_af': 0.11064500742168418, 'gpp_b': 0.00012727493558631296, 'gpp_d': 8.47684344734914, 'ign_k': 0.009856311553560081, 'ign_c': 31.55813842429535, 'trop_agb_crit': 15.41811025097223, 'trop_k_veg': 2.421018768912189, 'gdp_gamma': 1.163496553539879, 'fuel_k': 0.22734688661636196, 'fuel_half': 15.27198896429178}. Best is trial 335 with value: -0.6233152110406992.
[I 2026-07-24 02:11:02,858] Trial 671 finished with value: 0.5574875892663395 and parameters: {'k1': 0.0003563153452000968, 'D_low': 27685.410751168656, 'k2': 0.006168922285911921, 'D_high': 4368720.906181855, 'fire_exp': 1.4333119888362456, 'P_half': 9.892603676118858, 'pre_dampen_half': 16.268869708628987, 'gpp_af': 2.164680516532494, 'gpp_b': 3.2550488265172175e-05, 'gpp_d': 2.366475597138965, 'ign_k': 0.00502182675189111, 'ign_c': 1.976447267489303, 'trop_agb_crit': 8.35224077544026, 'trop_k_veg': 0.9961710908988161, 'gdp_gamma': 1.9044720277283098, 'fuel_k': 0.3724051325890541, 'fuel_half': 65.43655531469508}. Best is trial 335 with value: -0.6233152110406992.
