[I 2026-08-05 23:31:30,409] Trial 1080 finished with values: [10.260075094141264, 10.260075094141264] and parameters: {'k1': 0.002407354618388189, 'D_low': 18.89739291279832, 'k2': 0.03071666851587867, 'D_high': 7744.80118512745, 'fire_exp': 1.1258453832483524, 'P_half': 6.648888481118992, 'pre_dampen_half': 703.6426675556048, 'gpp_af': 5.511863475708366, 'gpp_b': 0.00012797528816608022, 'gpp_d': 891.8036602897795, 'ign_k': 0.4702627143647234, 'ign_c': 8.671454322584175}.
[I 2026-08-05 23:31:31,403] Trial 1081 finished with values: [10.110257343783383, 10.110257343783383] and parameters: {'k1': 0.06415745702132086, 'D_low': 1.2299210465793122, 'k2': 0.0036014695835220327, 'D_high': 1665.1532285161688, 'fire_exp': 1.322471794279298, 'P_half': 10.226988730324324, 'pre_dampen_half': 304.7488318185732, 'gpp_af': 1.1886796841435265, 'gpp_b': 0.6637926838138378, 'gpp_d': 891.8036602897795, 'ign_k': 0.34703605955441524, 'ign_c': 8.671454322584175}.
[I 2026-08-05 23:31:32,397] Trial 1082 finished with values: [10.59687884305392, 10.59687884305392] and parameters: {'k1': 0.06415745702132086, 'D_low': 1254.6862035691902, 'k2': 0.03071666851587867, 'D_high': 9769.756791866093, 'fire_exp': 1.1258453832483524, 'P_half': 10.226988730324324, 'pre_dampen_half': 703.6426675556048, 'gpp_af': 5.511863475708366, 'gpp_b': 0.6637926838138378, 'gpp_d': 368.30088529547436, 'ign_k': 0.34703605955441524, 'ign_c': 8.671454322584175}.
[I 2026-08-05 23:31:33,429] Trial 1083 finished with values: [10.550785419686832, 10.550785419686832] and parameters: {'k1': 0.00376371746355754, 'D_low': 18.89739291279832, 'k2': 0.03071666851587867, 'D_high': 633.1166646948959, 'fire_exp': 1.010722707674549, 'P_half': 10.226988730324324, 'pre_dampen_half': 4.48240058609733, 'gpp_af': 0.0021836613912815635, 'gpp_b': 0.00012797528816608022, 'gpp_d': 891.8036602897795, 'ign_k': 0.4702627143647234, 'ign_c': 0.9294394155644988}.
[I 2026-08-05 23:31:34,668] Trial 1084 finished with values: [-0.5454403567696807, 0.34035538017972744] and parameters: {'k1': 0.0029707920514735983, 'D_low': 18.89739291279832, 'k2': 0.00024232538206837495, 'D_high': 7744.80118512745, 'fire_exp': 1.1258453832483524, 'P_half': 276.27089412392087, 'pre_dampen_half': 703.6426675556048, 'gpp_af': 0.001339466259146302, 'gpp_b': 3.481277316673104e-05, 'gpp_d': 368.30088529547436, 'ign_k': 0.13054148118849407, 'ign_c': 1.5061320080433496}.
[I 2026-08-05 23:31:36,026] Trial 1085 finished with values: [-0.6020328487320623, 0.35980069759424205] and parameters: {'k1': 0.008956420301712053, 'D_low': 2.1234210963705626, 'k2': 0.0027431991397796683, 'D_high': 7744.80118512745, 'fire_exp': 1.151006986743773, 'P_half': 215.55950571043874, 'pre_dampen_half': 304.7488318185732, 'gpp_af': 0.001339466259146302, 'gpp_b': 7.402343469704428e-05, 'gpp_d': 29.83701993880331, 'ign_k': 8.761971101023693, 'ign_c': 0.3528113274684997}.
[I 2026-08-05 23:31:37,509] Trial 1086 finished with values: [10.195051131497635, 10.195051131497635] and parameters: {'k1': 0.06415745702132086, 'D_low': 18.89739291279832, 'k2': 1.4716512163645849e-05, 'D_high': 7744.80118512745, 'fire_exp': 1.1044852285094786, 'P_half': 164.1379340685856, 'pre_dampen_half': 304.7488318185732, 'gpp_af': 0.0021836613912815635, 'gpp_b': 0.00012797528816608022, 'gpp_d': 368.30088529547436, 'ign_k': 0.4702627143647234, 'ign_c': 8.671454322584175}.
[I 2026-08-05 23:31:38,568] Trial 1087 finished with values: [10.59646591964263, 10.59646591964263] and parameters: {'k1': 0.008956420301712053, 'D_low': 9.882278532808778, 'k2': 0.0036014695835220327, 'D_high': 9769.756791866093, 'fire_exp': 1.151006986743773, 'P_half': 7480.921720804117, 'pre_dampen_half': 304.7488318185732, 'gpp_af': 9.853056162364394, 'gpp_b': 7.402343469704428e-05, 'gpp_d': 368.30088529547436, 'ign_k': 4.006890332238651, 'ign_c': 0.3528113274684997}.
[I 2026-08-05 23:31:39,511] Trial 1088 finished with values: [-0.6224403113123567, 0.33096668807755747] and parameters: {'k1': 0.06415745702132086, 'D_low': 1.4045842344024697, 'k2': 0.08894151386481904, 'D_high': 1665.1532285161688, 'fire_exp': 1.010722707674549, 'P_half': 13.019246714361572, 'pre_dampen_half': 304.7488318185732, 'gpp_af': 0.0021836613912815635, 'gpp_b': 7.402343469704428e-05, 'gpp_d': 891.8036602897795, 'ign_k': 0.34703605955441524, 'ign_c': 0.9294394155644988}.
[I 2026-08-05 23:31:40,746] Trial 1089 finished with values: [10.209311499783045, 10.209311499783045] and parameters: {'k1': 0.008956420301712053, 'D_low': 1.2299210465793122, 'k2': 0.0007081721844034209, 'D_high': 148.35020363846428, 'fire_exp': 1.1044852285094786, 'P_half': 13.019246714361572, 'pre_dampen_half': 304.7488318185732, 'gpp_af': 0.0021836613912815635, 'gpp_b': 3.139005000572696e-05, 'gpp_d': 368.30088529547436, 'ign_k': 8.761971101023693, 'ign_c': 1.5061320080433496}.
[I 2026-08-05 23:31:41,663] Trial 1090 finished with values: [-0.6092461691599652, 0.45532779269882206] and parameters: {'k1': 0.008956420301712053, 'D_low': 2.1234210963705626, 'k2': 0.08894151386481904, 'D_high': 9769.756791866093, 'fire_exp': 1.1044852285094786, 'P_half': 215.55950571043874, 'pre_dampen_half': 304.7488318185732, 'gpp_af': 0.001339466259146302, 'gpp_b': 3.139005000572696e-05, 'gpp_d': 891.8036602897795, 'ign_k': 4.006890332238651, 'ign_c': 8.671454322584175}.
[I 2026-08-05 23:31:42,593] Trial 1091 finished with values: [10.551399004170792, 10.551399004170792] and parameters: {'k1': 0.008956420301712053, 'D_low': 9.882278532808778, 'k2': 0.0007081721844034209, 'D_high': 9769.756791866093, 'fire_exp': 1.010722707674549, 'P_half': 13.019246714361572, 'pre_dampen_half': 917.1017259920797, 'gpp_af': 1.2003722333832936, 'gpp_b': 7.402343469704428e-05, 'gpp_d': 368.30088529547436, 'ign_k': 8.315365004960604, 'ign_c': 0.3528113274684997}.
[I 2026-08-05 23:31:43,576] Trial 1092 finished with values: [10.474100967744958, 10.474100967744958] and parameters: {'k1': 0.0029707920514735983, 'D_low': 9.882278532808778, 'k2': 0.03071666851587867, 'D_high': 2941.5751391396584, 'fire_exp': 1.1044852285094786, 'P_half': 255.57970148172785, 'pre_dampen_half': 8.167954146605434, 'gpp_af': 0.0021836613912815635, 'gpp_b': 3.481277316673104e-05, 'gpp_d': 150.14555442537656, 'ign_k': 8.761971101023693, 'ign_c': 8.671454322584175}.
[I 2026-08-05 23:31:44,467] Trial 1093 finished with values: [-0.6114244351994254, 0.47262153205932866] and parameters: {'k1': 0.06415745702132086, 'D_low': 1.4045842344024697, 'k2': 0.0027431991397796683, 'D_high': 9769.756791866093, 'fire_exp': 1.7128214059652005, 'P_half': 10.226988730324324, 'pre_dampen_half': 703.6426675556048, 'gpp_af': 0.001339466259146302, 'gpp_b': 7.402343469704428e-05, 'gpp_d': 5.878566318396007, 'ign_k': 0.34703605955441524, 'ign_c': 8.671454322584175}.
[I 2026-08-05 23:31:45,381] Trial 1094 finished with values: [10.12757648796389, 10.12757648796389] and parameters: {'k1': 0.02641449645424223, 'D_low': 18.89739291279832, 'k2': 0.03071666851587867, 'D_high': 2941.5751391396584, 'fire_exp': 1.010722707674549, 'P_half': 12.808863354047988, 'pre_dampen_half': 55.00040622572184, 'gpp_af': 5.511863475708366, 'gpp_b': 0.6637926838138378, 'gpp_d': 368.30088529547436, 'ign_k': 0.12828203940471886, 'ign_c': 8.671454322584175}.
[I 2026-08-05 23:31:46,284] Trial 1095 finished with values: [-0.6199249654159461, 0.3372329201498716] and parameters: {'k1': 0.008956420301712053, 'D_low': 9.882278532808778, 'k2': 0.08894151386481904, 'D_high': 2941.5751391396584, 'fire_exp': 1.151006986743773, 'P_half': 10.226988730324324, 'pre_dampen_half': 304.7488318185732, 'gpp_af': 0.0021836613912815635, 'gpp_b': 7.402343469704428e-05, 'gpp_d': 368.30088529547436, 'ign_k': 8.761971101023693, 'ign_c': 0.3528113274684997}.
[I 2026-08-05 23:31:47,175] Trial 1096 finished with values: [-0.6255268270232678, 0.4020047373015547] and parameters: {'k1': 0.06415745702132086, 'D_low': 9.882278532808778, 'k2': 0.0036014695835220327, 'D_high': 2941.5751391396584, 'fire_exp': 1.1044852285094786, 'P_half': 13.019246714361572, 'pre_dampen_half': 703.6426675556048, 'gpp_af': 0.001339466259146302, 'gpp_b': 3.481277316673104e-05, 'gpp_d': 368.30088529547436, 'ign_k': 0.4902396944106615, 'ign_c': 0.9294394155644988}.
[I 2026-08-05 23:31:48,076] Trial 1097 finished with values: [10.769230769178105, 10.769230769178105] and parameters: {'k1': 0.002407354618388189, 'D_low': 1.4045842344024697, 'k2': 0.03071666851587867, 'D_high': 830.8114652888394, 'fire_exp': 1.010722707674549, 'P_half': 215.55950571043874, 'pre_dampen_half': 304.7488318185732, 'gpp_af': 5.511863475708366, 'gpp_b': 3.481277316673104e-05, 'gpp_d': 107.84642153666701, 'ign_k': 0.12828203940471886, 'ign_c': 176.6359719322424}.
[I 2026-08-05 23:31:48,997] Trial 1098 finished with values: [10.368935660489822, 10.368935660489822] and parameters: {'k1': 0.008956420301712053, 'D_low': 1.4045842344024697, 'k2': 0.08894151386481904, 'D_high': 4225.853424839539, 'fire_exp': 1.151006986743773, 'P_half': 13.019246714361572, 'pre_dampen_half': 703.6426675556048, 'gpp_af': 0.0021836613912815635, 'gpp_b': 0.004996983241344723, 'gpp_d': 891.8036602897795, 'ign_k': 8.761971101023693, 'ign_c': 0.3528113274684997}.
[I 2026-08-05 23:31:49,904] Trial 1099 finished with values: [-0.6239992533590826, 0.40092675496013275] and parameters: {'k1': 0.06415745702132086, 'D_low': 4.051452710153359, 'k2': 0.0027431991397796683, 'D_high': 2941.5751391396584, 'fire_exp': 1.1258453832483524, 'P_half': 10.226988730324324, 'pre_dampen_half': 703.6426675556048, 'gpp_af': 0.0021836613912815635, 'gpp_b': 7.402343469704428e-05, 'gpp_d': 5.878566318396007, 'ign_k': 0.34703605955441524, 'ign_c': 0.3253741042140523}.
[I 2026-08-05 23:31:50,791] Trial 1100 finished with values: [10.06006380574854, 10.06006380574854] and parameters: {'k1': 0.06415745702132086, 'D_low': 22.54602706347901, 'k2': 0.08894151386481904, 'D_high': 9769.756791866093, 'fire_exp': 1.1044852285094786, 'P_half': 13.019246714361572, 'pre_dampen_half': 304.7488318185732, 'gpp_af': 43.693637535567404, 'gpp_b': 3.139005000572696e-05, 'gpp_d': 5.878566318396007, 'ign_k': 0.4702627143647234, 'ign_c': 0.5505316245273476}.
[I 2026-08-05 23:31:51,688] Trial 1101 finished with values: [10.201250658997877, 10.201250658997877] and parameters: {'k1': 0.06415745702132086, 'D_low': 2.1234210963705626, 'k2': 7.915210103365496e-05, 'D_high': 308.0832558855944, 'fire_exp': 1.151006986743773, 'P_half': 215.55950571043874, 'pre_dampen_half': 304.7488318185732, 'gpp_af': 0.001339466259146302, 'gpp_b': 3.481277316673104e-05, 'gpp_d': 29.83701993880331, 'ign_k': 8.761971101023693, 'ign_c': 0.3528113274684997}.
[I 2026-08-05 23:31:52,572] Trial 1102 finished with values: [-0.6235331576539455, 0.5032335885962081] and parameters: {'k1': 0.02641449645424223, 'D_low': 1.2299210465793122, 'k2': 0.0007081721844034209, 'D_high': 7744.80118512745, 'fire_exp': 1.010722707674549, 'P_half': 13.019246714361572, 'pre_dampen_half': 304.7488318185732, 'gpp_af': 0.0021836613912815635, 'gpp_b': 0.00012797528816608022, 'gpp_d': 368.30088529547436, 'ign_k': 8.761971101023693, 'ign_c': 5.349430281426445}.
[I 2026-08-05 23:31:53,468] Trial 1103 finished with values: [10.037738052076325, 10.037738052076325] and parameters: {'k1': 0.06415745702132086, 'D_low': 57.22950094567826, 'k2': 0.08894151386481904, 'D_high': 7744.80118512745, 'fire_exp': 1.7128214059652005, 'P_half': 10.226988730324324, 'pre_dampen_half': 107.40052367919465, 'gpp_af': 0.0021836613912815635, 'gpp_b': 7.402343469704428e-05, 'gpp_d': 5.878566318396007, 'ign_k': 0.4702627143647234, 'ign_c': 0.9294394155644988}.
[I 2026-08-05 23:31:54,379] Trial 1104 finished with values: [10.593092247660678, 10.593092247660678] and parameters: {'k1': 0.002829816861310949, 'D_low': 2.1234210963705626, 'k2': 0.00375241428659295, 'D_high': 2941.5751391396584, 'fire_exp': 1.010722707674549, 'P_half': 5919.749792564379, 'pre_dampen_half': 304.7488318185732, 'gpp_af': 0.0021836613912815635, 'gpp_b': 7.402343469704428e-05, 'gpp_d': 0.16069682196977472, 'ign_k': 0.12752949611679998, 'ign_c': 8.671454322584175}.
[I 2026-08-05 23:31:55,259] Trial 1105 finished with values: [-0.6177906252972342, 0.3375127352924372] and parameters: {'k1': 0.06415745702132086, 'D_low': 18.89739291279832, 'k2': 0.03071666851587867, 'D_high': 2941.5751391396584, 'fire_exp': 1.010722707674549, 'P_half': 13.019246714361572, 'pre_dampen_half': 304.7488318185732, 'gpp_af': 0.0021836613912815635, 'gpp_b': 0.00012797528816608022, 'gpp_d': 891.8036602897795, 'ign_k': 0.4902396944106615, 'ign_c': 8.671454322584175}.
[I 2026-08-05 23:31:56,143] Trial 1106 finished with values: [10.364901911502967, 10.364901911502967] and parameters: {'k1': 0.008956420301712053, 'D_low': 2.1234210963705626, 'k2': 0.0027431991397796683, 'D_high': 91.78481720510284, 'fire_exp': 1.1258453832483524, 'P_half': 10.226988730324324, 'pre_dampen_half': 703.6426675556048, 'gpp_af': 0.001339466259146302, 'gpp_b': 7.402343469704428e-05, 'gpp_d': 0.04050483631781763, 'ign_k': 8.761971101023693, 'ign_c': 0.3528113274684997}.
[I 2026-08-05 23:31:57,029] Trial 1107 finished with values: [-0.599016121352403, 0.22426109449241405] and parameters: {'k1': 0.025383218374507292, 'D_low': 6.1642743507854245, 'k2': 0.03071666851587867, 'D_high': 633.1166646948959, 'fire_exp': 1.010722707674549, 'P_half': 25.49709775062068, 'pre_dampen_half': 304.7488318185732, 'gpp_af': 0.0021836613912815635, 'gpp_b': 0.00012797528816608022, 'gpp_d': 891.8036602897795, 'ign_k': 3.529389593576794, 'ign_c': 0.9294394155644988}.
[I 2026-08-05 23:31:58,282] Trial 1108 finished with values: [10.252138094258253, 10.252138094258253] and parameters: {'k1': 0.025383218374507292, 'D_low': 125.32726386250698, 'k2': 0.03071666851587867, 'D_high': 633.1166646948959, 'fire_exp': 1.010722707674549, 'P_half': 13.019246714361572, 'pre_dampen_half': 304.7488318185732, 'gpp_af': 0.5107061330406066, 'gpp_b': 0.0749660927540677, 'gpp_d': 150.14555442537656, 'ign_k': 8.761971101023693, 'ign_c': 0.9294394155644988}.
[I 2026-08-05 23:31:59,169] Trial 1109 finished with values: [10.768030533185541, 10.768030533185541] and parameters: {'k1': 0.002407354618388189, 'D_low': 2.1234210963705626, 'k2': 0.03071666851587867, 'D_high': 9769.756791866093, 'fire_exp': 1.1044852285094786, 'P_half': 215.55950571043874, 'pre_dampen_half': 304.7488318185732, 'gpp_af': 0.001339466259146302, 'gpp_b': 0.6637926838138378, 'gpp_d': 29.83701993880331, 'ign_k': 8.761971101023693, 'ign_c': 0.3528113274684997}.
[I 2026-08-05 23:32:00,086] Trial 1110 finished with values: [-0.6108685626536688, 0.4747870801364543] and parameters: {'k1': 0.008956420301712053, 'D_low': 2.1234210963705626, 'k2': 0.08894151386481904, 'D_high': 9769.756791866093, 'fire_exp': 1.1044852285094786, 'P_half': 215.55950571043874, 'pre_dampen_half': 703.6426675556048, 'gpp_af': 0.001339466259146302, 'gpp_b': 3.139005000572696e-05, 'gpp_d': 891.8036602897795, 'ign_k': 0.4902396944106615, 'ign_c': 8.671454322584175}.
[I 2026-08-05 23:32:00,966] Trial 1111 finished with values: [10.377404433115574, 10.377404433115574] and parameters: {'k1': 0.002407354618388189, 'D_low': 1.4045842344024697, 'k2': 0.03071666851587867, 'D_high': 9769.756791866093, 'fire_exp': 1.1258453832483524, 'P_half': 13.019246714361572, 'pre_dampen_half': 304.7488318185732, 'gpp_af': 0.5107061330406066, 'gpp_b': 0.6637926838138378, 'gpp_d': 368.30088529547436, 'ign_k': 0.13054148118849407, 'ign_c': 8.671454322584175}.
[I 2026-08-05 23:32:02,162] Trial 1112 finished with values: [-0.53567295230238, 0.5374757118176097] and parameters: {'k1': 0.06415745702132086, 'D_low': 1.4045842344024697, 'k2': 0.08894151386481904, 'D_high': 2941.5751391396584, 'fire_exp': 1.0881360604103363, 'P_half': 10.226988730324324, 'pre_dampen_half': 703.6426675556048, 'gpp_af': 5.511863475708366, 'gpp_b': 7.402343469704428e-05, 'gpp_d': 5.878566318396007, 'ign_k': 0.4702627143647234, 'ign_c': 8.671454322584175}.
[I 2026-08-05 23:32:03,309] Trial 1113 finished with values: [10.200527938655569, 10.200527938655569] and parameters: {'k1': 0.06415745702132086, 'D_low': 2.1234210963705626, 'k2': 0.0027431991397796683, 'D_high': 7744.80118512745, 'fire_exp': 1.1258453832483524, 'P_half': 10.226988730324324, 'pre_dampen_half': 304.7488318185732, 'gpp_af': 0.026886479903448782, 'gpp_b': 7.402343469704428e-05, 'gpp_d': 5.878566318396007, 'ign_k': 0.34703605955441524, 'ign_c': 1.6676205667297381}.
[I 2026-08-05 23:32:04,389] Trial 1114 finished with values: [10.763841323284474, 10.763841323284474] and parameters: {'k1': 0.018356410276830985, 'D_low': 2.1234210963705626, 'k2': 0.02789202112452399, 'D_high': 7744.80118512745, 'fire_exp': 1.010722707674549, 'P_half': 10.226988730324324, 'pre_dampen_half': 304.7488318185732, 'gpp_af': 0.0021836613912815635, 'gpp_b': 0.6637926838138378, 'gpp_d': 857.4284557962634, 'ign_k': 0.34703605955441524, 'ign_c': 0.3528113274684997}.
[I 2026-08-05 23:32:05,390] Trial 1115 finished with values: [-0.6259929368928125, 0.3882743150984218] and parameters: {'k1': 0.06415745702132086, 'D_low': 1.4045842344024697, 'k2': 0.03071666851587867, 'D_high': 2941.5751391396584, 'fire_exp': 1.1258453832483524, 'P_half': 10.226988730324324, 'pre_dampen_half': 703.6426675556048, 'gpp_af': 0.0021836613912815635, 'gpp_b': 7.402343469704428e-05, 'gpp_d': 368.30088529547436, 'ign_k': 0.4702627143647234, 'ign_c': 8.671454322584175}.
[I 2026-08-05 23:32:06,324] Trial 1116 finished with values: [10.588880121606262, 10.588880121606262] and parameters: {'k1': 0.0029707920514735983, 'D_low': 2.1234210963705626, 'k2': 0.00375241428659295, 'D_high': 2941.5751391396584, 'fire_exp': 1.1258453832483524, 'P_half': 13.019246714361572, 'pre_dampen_half': 304.7488318185732, 'gpp_af': 17.083297083173804, 'gpp_b': 7.402343469704428e-05, 'gpp_d': 0.16069682196977472, 'ign_k': 0.12752949611679998, 'ign_c': 8.671454322584175}.
[I 2026-08-05 23:32:07,251] Trial 1117 finished with values: [-0.615011190031502, 0.5262963344833678] and parameters: {'k1': 0.06415745702132086, 'D_low': 9.882278532808778, 'k2': 0.0027431991397796683, 'D_high': 9769.756791866093, 'fire_exp': 1.1258453832483524, 'P_half': 10.226988730324324, 'pre_dampen_half': 304.7488318185732, 'gpp_af': 0.0021836613912815635, 'gpp_b': 0.00012797528816608022, 'gpp_d': 891.8036602897795, 'ign_k': 0.34703605955441524, 'ign_c': 0.9294394155644988}.
[I 2026-08-05 23:32:08,170] Trial 1118 finished with values: [-0.603682780113006, 0.2737212022471558] and parameters: {'k1': 0.06415745702132086, 'D_low': 2.1234210963705626, 'k2': 0.00375241428659295, 'D_high': 1665.1532285161688, 'fire_exp': 1.1258453832483524, 'P_half': 12.808863354047988, 'pre_dampen_half': 304.7488318185732, 'gpp_af': 39.32173465243003, 'gpp_b': 0.6637926838138378, 'gpp_d': 223.60515435267138, 'ign_k': 0.34703605955441524, 'ign_c': 8.671454322584175}.
[I 2026-08-05 23:32:09,071] Trial 1119 finished with values: [-0.5643583662717125, 0.3824278519722052] and parameters: {'k1': 0.00010208550480923065, 'D_low': 9.882278532808778, 'k2': 0.0007081721844034209, 'D_high': 7744.80118512745, 'fire_exp': 1.1044852285094786, 'P_half': 13.019246714361572, 'pre_dampen_half': 304.7488318185732, 'gpp_af': 0.0021836613912815635, 'gpp_b': 7.402343469704428e-05, 'gpp_d': 368.30088529547436, 'ign_k': 0.4902396944106615, 'ign_c': 8.671454322584175}.
[I 2026-08-05 23:32:09,990] Trial 1120 finished with values: [10.567712401565082, 10.567712401565082] and parameters: {'k1': 0.06415745702132086, 'D_low': 1047.5330041760885, 'k2': 0.03071666851587867, 'D_high': 9769.756791866093, 'fire_exp': 1.010722707674549, 'P_half': 13.019246714361572, 'pre_dampen_half': 304.7488318185732, 'gpp_af': 5.511863475708366, 'gpp_b': 0.6637926838138378, 'gpp_d': 368.30088529547436, 'ign_k': 0.4702627143647234, 'ign_c': 0.9294394155644988}.
[I 2026-08-05 23:32:10,872] Trial 1121 finished with values: [10.767625835595828, 10.767625835595828] and parameters: {'k1': 0.0006952772018502053, 'D_low': 18.89739291279832, 'k2': 0.08894151386481904, 'D_high': 9769.756791866093, 'fire_exp': 1.1044852285094786, 'P_half': 164.1379340685856, 'pre_dampen_half': 162.17830774673868, 'gpp_af': 0.0021836613912815635, 'gpp_b': 0.6637926838138378, 'gpp_d': 368.30088529547436, 'ign_k': 0.4902396944106615, 'ign_c': 0.9294394155644988}.
[I 2026-08-05 23:32:11,767] Trial 1122 finished with values: [10.389083089788619, 10.389083089788619] and parameters: {'k1': 0.025383218374507292, 'D_low': 1.4045842344024697, 'k2': 0.0027431991397796683, 'D_high': 7744.80118512745, 'fire_exp': 1.9794091854959461, 'P_half': 820.2811066259796, 'pre_dampen_half': 304.7488318185732, 'gpp_af': 0.0021836613912815635, 'gpp_b': 7.402343469704428e-05, 'gpp_d': 5.878566318396007, 'ign_k': 0.4702627143647234, 'ign_c': 0.9294394155644988}.
[I 2026-08-05 23:32:12,657] Trial 1123 finished with values: [-0.6214646687574129, 0.5253026508254047] and parameters: {'k1': 0.008956420301712053, 'D_low': 2.1234210963705626, 'k2': 0.012758211164590085, 'D_high': 7744.80118512745, 'fire_exp': 1.151006986743773, 'P_half': 13.019246714361572, 'pre_dampen_half': 304.7488318185732, 'gpp_af': 0.001339466259146302, 'gpp_b': 3.481277316673104e-05, 'gpp_d': 29.83701993880331, 'ign_k': 8.761971101023693, 'ign_c': 0.3528113274684997}.
[I 2026-08-05 23:32:13,542] Trial 1124 finished with values: [10.23471780095079, 10.23471780095079] and parameters: {'k1': 0.02641449645424223, 'D_low': 2.1234210963705626, 'k2': 0.03071666851587867, 'D_high': 2941.5751391396584, 'fire_exp': 1.1044852285094786, 'P_half': 10.226988730324324, 'pre_dampen_half': 19.09014329875082, 'gpp_af': 0.0021836613912815635, 'gpp_b': 0.00012797528816608022, 'gpp_d': 0.16069682196977472, 'ign_k': 0.4702627143647234, 'ign_c': 8.671454322584175}.
