[I 2026-06-10 21:43:29,218] Trial 910 finished with values: [10.753864360883586, 10.753864360883586] and parameters: {'k1': 0.012840669372724958, 'D_low': 97.43142535650219, 'k2': 0.015109086063191909, 'D_high': 23334.269612839627, 'fire_exp': 5.351686653809503, 'P_half': 221.2683656611821, 'pre_dampen_half': 857.6556763881457, 'gpp_af': 0.3002317246575309, 'gpp_b': 1.284284091405877e-05, 'gpp_d': 229.41380323183625, 'ign_k': 0.038563028138793747, 'ign_c': 22.126836566118193, 'trop_agb_crit': 10.691477813613638, 'trop_k_veg': 6.45312300188076, 'fuel_k': 0.28328975157735103, 'fuel_half': 1.9170041589170652}.
[I 2026-06-10 21:43:30,861] Trial 911 finished with values: [-0.7403995650064581, 0.3269068795426433] and parameters: {'k1': 0.012840669372724958, 'D_low': 97.43142535650219, 'k2': 0.002173988526401145, 'D_high': 3512.7047262708465, 'fire_exp': 1.2781983515972553, 'P_half': 221.2683656611821, 'pre_dampen_half': 243.70551632385417, 'gpp_af': 0.22965432344634354, 'gpp_b': 1.284284091405877e-05, 'gpp_d': 229.41380323183625, 'ign_k': 1.1044350847124695, 'ign_c': 22.126836566118193, 'trop_agb_crit': 2.679156169946616, 'trop_k_veg': 4.129715873342728, 'fuel_k': 4.710433409437072, 'fuel_half': 11.781063202742125}.
[I 2026-06-10 21:43:32,546] Trial 912 finished with values: [-0.7855631201510171, 0.3600904767291623] and parameters: {'k1': 0.002155595057104387, 'D_low': 37.35862630812753, 'k2': 0.002173988526401145, 'D_high': 3512.7047262708465, 'fire_exp': 1.1103154430776774, 'P_half': 102.4585893986732, 'pre_dampen_half': 32.53305539860191, 'gpp_af': 0.22965432344634354, 'gpp_b': 1.284284091405877e-05, 'gpp_d': 59.94537656798816, 'ign_k': 4.591485216740537, 'ign_c': 22.126836566118193, 'trop_agb_crit': 2.679156169946616, 'trop_k_veg': 5.876643247346733, 'fuel_k': 4.710433409437072, 'fuel_half': 1.3323297901105768}.
[I 2026-06-10 21:43:34,191] Trial 913 finished with values: [10.107772590669967, 10.107772590669967] and parameters: {'k1': 0.012840669372724958, 'D_low': 5.351452349843333, 'k2': 0.002173988526401145, 'D_high': 2289.1315306837046, 'fire_exp': 1.1103154430776774, 'P_half': 221.2683656611821, 'pre_dampen_half': 565.0116730717873, 'gpp_af': 0.3002317246575309, 'gpp_b': 2.176805640408474e-05, 'gpp_d': 4.317251206640923, 'ign_k': 5.351470428717437, 'ign_c': 22.126836566118193, 'trop_agb_crit': 14.025134228649115, 'trop_k_veg': 6.45312300188076, 'fuel_k': 4.710433409437072, 'fuel_half': 11.781063202742125}.
[I 2026-06-10 21:43:35,853] Trial 914 finished with values: [10.599073418084298, 10.599073418084298] and parameters: {'k1': 0.002155595057104387, 'D_low': 37.35862630812753, 'k2': 0.002173988526401145, 'D_high': 12124.080603355414, 'fire_exp': 4.530663813863041, 'P_half': 93.43302657318476, 'pre_dampen_half': 32.53305539860191, 'gpp_af': 0.3002317246575309, 'gpp_b': 0.00011603062105571068, 'gpp_d': 229.41380323183625, 'ign_k': 4.591485216740537, 'ign_c': 0.5655677524618509, 'trop_agb_crit': 10.215415653610627, 'trop_k_veg': 6.45312300188076, 'fuel_k': 0.4182971994460706, 'fuel_half': 1.3323297901105768}.
[I 2026-06-10 21:43:37,843] Trial 915 finished with values: [10.005250165860181, 10.005250165860181] and parameters: {'k1': 0.012840669372724958, 'D_low': 40.12413353131991, 'k2': 0.002884223471687844, 'D_high': 40237.59749324181, 'fire_exp': 1.2781983515972553, 'P_half': 221.2683656611821, 'pre_dampen_half': 857.6556763881457, 'gpp_af': 0.3002317246575309, 'gpp_b': 0.014662453726154785, 'gpp_d': 5.310489989160799, 'ign_k': 0.038563028138793747, 'ign_c': 1.4940577239079738, 'trop_agb_crit': 10.215415653610627, 'trop_k_veg': 6.45312300188076, 'fuel_k': 0.28328975157735103, 'fuel_half': 1.9170041589170652}.
[I 2026-06-10 21:43:39,405] Trial 916 finished with values: [-0.7446052998810438, 0.35671680628832203] and parameters: {'k1': 0.0868318308250935, 'D_low': 40.12413353131991, 'k2': 0.002884223471687844, 'D_high': 3512.7047262708465, 'fire_exp': 1.2781983515972553, 'P_half': 221.2683656611821, 'pre_dampen_half': 857.6556763881457, 'gpp_af': 0.3002317246575309, 'gpp_b': 2.176805640408474e-05, 'gpp_d': 229.41380323183625, 'ign_k': 1.1044350847124695, 'ign_c': 22.126836566118193, 'trop_agb_crit': 10.215415653610627, 'trop_k_veg': 6.45312300188076, 'fuel_k': 0.28328975157735103, 'fuel_half': 11.781063202742125}.
[I 2026-06-10 21:43:41,069] Trial 917 finished with values: [10.752924380379929, 10.752924380379929] and parameters: {'k1': 0.002155595057104387, 'D_low': 37.35862630812753, 'k2': 0.002173988526401145, 'D_high': 12124.080603355414, 'fire_exp': 1.423480109671474, 'P_half': 102.4585893986732, 'pre_dampen_half': 486.3403830249416, 'gpp_af': 0.053663001820106804, 'gpp_b': 0.00012118589392553798, 'gpp_d': 14.423399576193098, 'ign_k': 4.591485216740537, 'ign_c': 1.0944963667961967, 'trop_agb_crit': 1.1581714175284665, 'trop_k_veg': 5.876643247346733, 'fuel_k': 4.710433409437072, 'fuel_half': 1.3323297901105768}.
[I 2026-06-10 21:43:42,676] Trial 918 finished with values: [-0.7137707266434635, 0.5383129111312202] and parameters: {'k1': 0.009824098714990489, 'D_low': 40.12413353131991, 'k2': 0.002884223471687844, 'D_high': 3512.7047262708465, 'fire_exp': 1.2781983515972553, 'P_half': 6.1642743507854245, 'pre_dampen_half': 857.6556763881457, 'gpp_af': 75.51809122179529, 'gpp_b': 2.176805640408474e-05, 'gpp_d': 229.41380323183625, 'ign_k': 0.31292286563608623, 'ign_c': 22.126836566118193, 'trop_agb_crit': 8.846948092009814, 'trop_k_veg': 4.129715873342728, 'fuel_k': 4.710433409437072, 'fuel_half': 11.781063202742125}.
[I 2026-06-10 21:43:44,207] Trial 919 finished with values: [-0.6389403050850531, 0.4297809374256195] and parameters: {'k1': 0.00045102062878998736, 'D_low': 323.7668055684038, 'k2': 0.002884223471687844, 'D_high': 2289.1315306837046, 'fire_exp': 1.1103154430776774, 'P_half': 13.30003421978439, 'pre_dampen_half': 857.6556763881457, 'gpp_af': 0.3002317246575309, 'gpp_b': 1.284284091405877e-05, 'gpp_d': 12.6084874067596, 'ign_k': 1.1044350847124695, 'ign_c': 0.45630923983425714, 'trop_agb_crit': 2.679156169946616, 'trop_k_veg': 4.129715873342728, 'fuel_k': 0.4182971994460706, 'fuel_half': 3.591071612510307}.
[I 2026-06-10 21:43:45,683] Trial 920 finished with values: [10.185503932354473, 10.185503932354473] and parameters: {'k1': 3.364457865463592e-05, 'D_low': 801.5297379101398, 'k2': 0.002884223471687844, 'D_high': 2289.1315306837046, 'fire_exp': 1.1103154430776774, 'P_half': 93.43302657318476, 'pre_dampen_half': 565.0116730717873, 'gpp_af': 0.3002317246575309, 'gpp_b': 1.284284091405877e-05, 'gpp_d': 4.317251206640923, 'ign_k': 1.1044350847124695, 'ign_c': 22.126836566118193, 'trop_agb_crit': 2.679156169946616, 'trop_k_veg': 4.129715873342728, 'fuel_k': 0.28328975157735103, 'fuel_half': 11.781063202742125}.
[I 2026-06-10 21:43:47,144] Trial 921 finished with values: [10.749293658810227, 10.749293658810227] and parameters: {'k1': 0.012840669372724958, 'D_low': 97.43142535650219, 'k2': 0.002884223471687844, 'D_high': 3512.7047262708465, 'fire_exp': 6.57332839867759, 'P_half': 221.2683656611821, 'pre_dampen_half': 0.11683066038621145, 'gpp_af': 0.22965432344634354, 'gpp_b': 1.284284091405877e-05, 'gpp_d': 229.41380323183625, 'ign_k': 1.1044350847124695, 'ign_c': 22.126836566118193, 'trop_agb_crit': 10.215415653610627, 'trop_k_veg': 6.45312300188076, 'fuel_k': 0.28328975157735103, 'fuel_half': 11.781063202742125}.
[I 2026-06-10 21:43:48,773] Trial 922 finished with values: [10.071949572184266, 10.071949572184266] and parameters: {'k1': 0.03865036856259725, 'D_low': 323.7668055684038, 'k2': 0.015109086063191909, 'D_high': 2289.1315306837046, 'fire_exp': 1.1103154430776774, 'P_half': 13.30003421978439, 'pre_dampen_half': 243.70551632385417, 'gpp_af': 0.004369972780168874, 'gpp_b': 1.284284091405877e-05, 'gpp_d': 229.41380323183625, 'ign_k': 5.351470428717437, 'ign_c': 22.126836566118193, 'trop_agb_crit': 2.679156169946616, 'trop_k_veg': 4.129715873342728, 'fuel_k': 0.4182971994460706, 'fuel_half': 3.591071612510307}.
[I 2026-06-10 21:43:50,445] Trial 923 finished with values: [10.246893463279811, 10.246893463279811] and parameters: {'k1': 0.00045102062878998736, 'D_low': 97.43142535650219, 'k2': 0.002884223471687844, 'D_high': 2289.1315306837046, 'fire_exp': 1.2781983515972553, 'P_half': 221.2683656611821, 'pre_dampen_half': 565.0116730717873, 'gpp_af': 0.3002317246575309, 'gpp_b': 1.284284091405877e-05, 'gpp_d': 4.317251206640923, 'ign_k': 0.8599189552684969, 'ign_c': 22.126836566118193, 'trop_agb_crit': 10.215415653610627, 'trop_k_veg': 6.45312300188076, 'fuel_k': 0.28328975157735103, 'fuel_half': 11.781063202742125}.
[I 2026-06-10 21:43:52,135] Trial 924 finished with values: [10.259808502151955, 10.259808502151955] and parameters: {'k1': 0.05466937478766084, 'D_low': 62.970710761105074, 'k2': 0.0010553846463525651, 'D_high': 894.1619307827928, 'fire_exp': 1.2781983515972553, 'P_half': 221.2683656611821, 'pre_dampen_half': 159.77732284872855, 'gpp_af': 0.3002317246575309, 'gpp_b': 4.5542534088169265e-05, 'gpp_d': 6.478643450593011, 'ign_k': 1.1044350847124695, 'ign_c': 0.4944223106753942, 'trop_agb_crit': 10.215415653610627, 'trop_k_veg': 4.129715873342728, 'fuel_k': 0.4182971994460706, 'fuel_half': 11.781063202742125}.
[I 2026-06-10 21:43:53,856] Trial 925 finished with values: [-0.7353916773972435, 0.28707905174336157] and parameters: {'k1': 0.05466937478766084, 'D_low': 97.43142535650219, 'k2': 0.002173988526401145, 'D_high': 8535.052150482603, 'fire_exp': 1.1103154430776774, 'P_half': 221.2683656611821, 'pre_dampen_half': 565.0116730717873, 'gpp_af': 0.22965432344634354, 'gpp_b': 0.01792351703503663, 'gpp_d': 59.94537656798816, 'ign_k': 0.02226297338331263, 'ign_c': 22.126836566118193, 'trop_agb_crit': 10.215415653610627, 'trop_k_veg': 4.7254560805090735, 'fuel_k': 4.710433409437072, 'fuel_half': 1.9170041589170652}.
[I 2026-06-10 21:43:55,795] Trial 926 finished with values: [10.5518348439941, 10.5518348439941] and parameters: {'k1': 0.002155595057104387, 'D_low': 16.312233285809263, 'k2': 0.002884223471687844, 'D_high': 61536.58035691648, 'fire_exp': 1.3806513288500464, 'P_half': 93.43302657318476, 'pre_dampen_half': 857.6556763881457, 'gpp_af': 0.019225729985674112, 'gpp_b': 0.0348406414949881, 'gpp_d': 229.41380323183625, 'ign_k': 6.344955605329754, 'ign_c': 0.5655677524618509, 'trop_agb_crit': 5.526463318565575, 'trop_k_veg': 6.45312300188076, 'fuel_k': 0.4182971994460706, 'fuel_half': 11.781063202742125}.
[I 2026-06-10 21:43:58,008] Trial 927 finished with values: [-0.7274093176401782, 0.44119418300778] and parameters: {'k1': 0.012840669372724958, 'D_low': 97.43142535650219, 'k2': 0.015109086063191909, 'D_high': 3512.7047262708465, 'fire_exp': 1.2781983515972553, 'P_half': 221.2683656611821, 'pre_dampen_half': 565.0116730717873, 'gpp_af': 0.3002317246575309, 'gpp_b': 0.00012118589392553798, 'gpp_d': 229.41380323183625, 'ign_k': 5.351470428717437, 'ign_c': 1.4940577239079738, 'trop_agb_crit': 10.691477813613638, 'trop_k_veg': 6.45312300188076, 'fuel_k': 0.9221804185592763, 'fuel_half': 11.781063202742125}.
[I 2026-06-10 21:44:00,340] Trial 928 finished with values: [-0.6562266398426893, 0.3081109351121458] and parameters: {'k1': 0.002155595057104387, 'D_low': 36.07301614542843, 'k2': 0.002173988526401145, 'D_high': 61536.58035691648, 'fire_exp': 1.423480109671474, 'P_half': 13.30003421978439, 'pre_dampen_half': 565.0116730717873, 'gpp_af': 0.053663001820106804, 'gpp_b': 0.020015168607057772, 'gpp_d': 229.41380323183625, 'ign_k': 3.965503094323014, 'ign_c': 0.5655677524618509, 'trop_agb_crit': 5.526463318565575, 'trop_k_veg': 6.45312300188076, 'fuel_k': 4.710433409437072, 'fuel_half': 11.781063202742125}.
[I 2026-06-10 21:44:01,961] Trial 929 finished with values: [-0.6665128078289825, 0.3998201412093826] and parameters: {'k1': 0.012840669372724958, 'D_low': 97.43142535650219, 'k2': 0.002884223471687844, 'D_high': 3512.7047262708465, 'fire_exp': 4.148081113554051, 'P_half': 13.30003421978439, 'pre_dampen_half': 857.6556763881457, 'gpp_af': 0.3002317246575309, 'gpp_b': 1.284284091405877e-05, 'gpp_d': 229.41380323183625, 'ign_k': 6.344955605329754, 'ign_c': 22.126836566118193, 'trop_agb_crit': 15.68644624233575, 'trop_k_veg': 6.45312300188076, 'fuel_k': 0.4182971994460706, 'fuel_half': 11.781063202742125}.
[I 2026-06-10 21:44:03,574] Trial 930 finished with values: [-0.6693068260166171, 0.47363529911232793] and parameters: {'k1': 0.012840669372724958, 'D_low': 40.12413353131991, 'k2': 0.015109086063191909, 'D_high': 3512.7047262708465, 'fire_exp': 1.2781983515972553, 'P_half': 221.2683656611821, 'pre_dampen_half': 243.70551632385417, 'gpp_af': 0.3002317246575309, 'gpp_b': 1.284284091405877e-05, 'gpp_d': 229.41380323183625, 'ign_k': 1.1044350847124695, 'ign_c': 1.4940577239079738, 'trop_agb_crit': 10.691477813613638, 'trop_k_veg': 6.45312300188076, 'fuel_k': 0.28328975157735103, 'fuel_half': 11.781063202742125}.
[I 2026-06-10 21:44:05,300] Trial 931 finished with values: [10.326573206671394, 10.326573206671394] and parameters: {'k1': 0.03865036856259725, 'D_low': 40.12413353131991, 'k2': 0.002884223471687844, 'D_high': 3512.7047262708465, 'fire_exp': 1.1103154430776774, 'P_half': 93.43302657318476, 'pre_dampen_half': 857.6556763881457, 'gpp_af': 0.058379052561823234, 'gpp_b': 2.176805640408474e-05, 'gpp_d': 4.317251206640923, 'ign_k': 1.1044350847124695, 'ign_c': 0.5655677524618509, 'trop_agb_crit': 5.526463318565575, 'trop_k_veg': 4.129715873342728, 'fuel_k': 0.28328975157735103, 'fuel_half': 11.781063202742125}.
[I 2026-06-10 21:44:06,967] Trial 932 finished with values: [-0.6716031862318185, 0.410482970537425] and parameters: {'k1': 0.012840669372724958, 'D_low': 97.43142535650219, 'k2': 0.002884223471687844, 'D_high': 3512.7047262708465, 'fire_exp': 4.148081113554051, 'P_half': 1.6139316358793205, 'pre_dampen_half': 857.6556763881457, 'gpp_af': 0.3002317246575309, 'gpp_b': 1.284284091405877e-05, 'gpp_d': 229.41380323183625, 'ign_k': 1.1044350847124695, 'ign_c': 22.126836566118193, 'trop_agb_crit': 15.68644624233575, 'trop_k_veg': 6.45312300188076, 'fuel_k': 0.9221804185592763, 'fuel_half': 11.781063202742125}.
[I 2026-06-10 21:44:08,648] Trial 933 finished with values: [-0.6849402571836307, 0.5300936143356255] and parameters: {'k1': 0.03865036856259725, 'D_low': 1.895375973243287, 'k2': 0.015109086063191909, 'D_high': 3512.7047262708465, 'fire_exp': 1.2781983515972553, 'P_half': 119.18981992518337, 'pre_dampen_half': 243.70551632385417, 'gpp_af': 5.056419398267455, 'gpp_b': 0.00012118589392553798, 'gpp_d': 14.423399576193098, 'ign_k': 0.10800458379640943, 'ign_c': 1.4940577239079738, 'trop_agb_crit': 2.751155522829639, 'trop_k_veg': 6.45312300188076, 'fuel_k': 4.710433409437072, 'fuel_half': 11.781063202742125}.
[I 2026-06-10 21:44:10,171] Trial 934 finished with values: [10.020103321255196, 10.020103321255196] and parameters: {'k1': 0.0018200694976756812, 'D_low': 16.312233285809263, 'k2': 0.002884223471687844, 'D_high': 3512.7047262708465, 'fire_exp': 1.2781983515972553, 'P_half': 93.43302657318476, 'pre_dampen_half': 857.6556763881457, 'gpp_af': 0.3002317246575309, 'gpp_b': 1.284284091405877e-05, 'gpp_d': 12.6084874067596, 'ign_k': 1.1044350847124695, 'ign_c': 1.4940577239079738, 'trop_agb_crit': 9.286923253577127, 'trop_k_veg': 6.45312300188076, 'fuel_k': 0.4182971994460706, 'fuel_half': 11.781063202742125}.
[I 2026-06-10 21:44:11,660] Trial 935 finished with values: [-0.7856241271447515, 0.35169374562291233] and parameters: {'k1': 0.012840669372724958, 'D_low': 97.43142535650219, 'k2': 0.002173988526401145, 'D_high': 3512.7047262708465, 'fire_exp': 1.2781983515972553, 'P_half': 221.2683656611821, 'pre_dampen_half': 857.6556763881457, 'gpp_af': 0.22965432344634354, 'gpp_b': 1.284284091405877e-05, 'gpp_d': 229.41380323183625, 'ign_k': 1.1044350847124695, 'ign_c': 22.126836566118193, 'trop_agb_crit': 2.679156169946616, 'trop_k_veg': 4.129715873342728, 'fuel_k': 4.710433409437072, 'fuel_half': 11.781063202742125}.
[I 2026-06-10 21:44:13,379] Trial 936 finished with values: [-0.8103459684406616, 0.13585053053112894] and parameters: {'k1': 0.012840669372724958, 'D_low': 5.351452349843333, 'k2': 0.002884223471687844, 'D_high': 2289.1315306837046, 'fire_exp': 1.2781983515972553, 'P_half': 221.2683656611821, 'pre_dampen_half': 857.6556763881457, 'gpp_af': 0.3002317246575309, 'gpp_b': 0.005419266601560437, 'gpp_d': 229.41380323183625, 'ign_k': 1.1044350847124695, 'ign_c': 22.126836566118193, 'trop_agb_crit': 10.215415653610627, 'trop_k_veg': 3.376529607942905, 'fuel_k': 4.710433409437072, 'fuel_half': 11.781063202742125}.
[I 2026-06-10 21:44:15,207] Trial 937 finished with values: [10.711164835144116, 10.711164835144116] and parameters: {'k1': 0.002155595057104387, 'D_low': 3113.806805121377, 'k2': 0.015109086063191909, 'D_high': 61536.58035691648, 'fire_exp': 4.328040877847634, 'P_half': 221.2683656611821, 'pre_dampen_half': 243.70551632385417, 'gpp_af': 6.391571995241803, 'gpp_b': 9.129138790726056e-05, 'gpp_d': 229.41380323183625, 'ign_k': 5.351470428717437, 'ign_c': 22.126836566118193, 'trop_agb_crit': 5.526463318565575, 'trop_k_veg': 6.45312300188076, 'fuel_k': 0.9221804185592763, 'fuel_half': 11.781063202742125}.
[I 2026-06-10 21:44:17,050] Trial 938 finished with values: [-0.7061456271194666, 0.3512723688880506] and parameters: {'k1': 0.012840669372724958, 'D_low': 5.351452349843333, 'k2': 0.015109086063191909, 'D_high': 2289.1315306837046, 'fire_exp': 1.4126958348191876, 'P_half': 221.2683656611821, 'pre_dampen_half': 243.70551632385417, 'gpp_af': 0.3002317246575309, 'gpp_b': 1.284284091405877e-05, 'gpp_d': 229.41380323183625, 'ign_k': 0.31292286563608623, 'ign_c': 1.4940577239079738, 'trop_agb_crit': 10.215415653610627, 'trop_k_veg': 6.45312300188076, 'fuel_k': 0.9221804185592763, 'fuel_half': 11.781063202742125}.
[I 2026-06-10 21:44:19,284] Trial 939 finished with values: [10.397718918978274, 10.397718918978274] and parameters: {'k1': 0.012840669372724958, 'D_low': 70.18267183720735, 'k2': 0.002884223471687844, 'D_high': 3512.7047262708465, 'fire_exp': 1.1103154430776774, 'P_half': 93.43302657318476, 'pre_dampen_half': 565.0116730717873, 'gpp_af': 0.3002317246575309, 'gpp_b': 1.1376003551329255e-05, 'gpp_d': 12.6084874067596, 'ign_k': 1.1044350847124695, 'ign_c': 0.5655677524618509, 'trop_agb_crit': 15.68644624233575, 'trop_k_veg': 6.45312300188076, 'fuel_k': 0.4182971994460706, 'fuel_half': 11.781063202742125}.
[I 2026-06-10 21:44:22,244] Trial 940 finished with values: [10.026891955463991, 10.026891955463991] and parameters: {'k1': 0.002155595057104387, 'D_low': 1.895375973243287, 'k2': 0.002173988526401145, 'D_high': 12124.080603355414, 'fire_exp': 1.423480109671474, 'P_half': 119.18981992518337, 'pre_dampen_half': 857.6556763881457, 'gpp_af': 0.053663001820106804, 'gpp_b': 0.00012118589392553798, 'gpp_d': 14.423399576193098, 'ign_k': 0.02741350741975827, 'ign_c': 1.0944963667961967, 'trop_agb_crit': 10.691477813613638, 'trop_k_veg': 5.876643247346733, 'fuel_k': 0.048451942807918306, 'fuel_half': 85.41272006037322}.
[I 2026-06-10 21:44:24,944] Trial 941 finished with values: [-0.6284047159274415, 0.47939205424023856] and parameters: {'k1': 0.00045102062878998736, 'D_low': 62.970710761105074, 'k2': 0.002173988526401145, 'D_high': 8050.945012618074, 'fire_exp': 1.1103154430776774, 'P_half': 13.30003421978439, 'pre_dampen_half': 857.6556763881457, 'gpp_af': 0.002271347790571442, 'gpp_b': 0.00011536203425923768, 'gpp_d': 12.6084874067596, 'ign_k': 1.1044350847124695, 'ign_c': 0.5655677524618509, 'trop_agb_crit': 10.215415653610627, 'trop_k_veg': 1.331829048405031, 'fuel_k': 0.4182971994460706, 'fuel_half': 11.781063202742125}.
[I 2026-06-10 21:44:27,271] Trial 942 finished with values: [-0.5050570181453643, 0.3494645216543638] and parameters: {'k1': 0.09273417344841546, 'D_low': 2.4929432851508837, 'k2': 0.002884223471687844, 'D_high': 3512.7047262708465, 'fire_exp': 1.2781983515972553, 'P_half': 221.2683656611821, 'pre_dampen_half': 857.6556763881457, 'gpp_af': 0.3002317246575309, 'gpp_b': 2.176805640408474e-05, 'gpp_d': 59.94537656798816, 'ign_k': 0.02741350741975827, 'ign_c': 1.4940577239079738, 'trop_agb_crit': 10.691477813613638, 'trop_k_veg': 6.45312300188076, 'fuel_k': 0.28328975157735103, 'fuel_half': 11.781063202742125}.
[I 2026-06-10 21:44:29,426] Trial 943 finished with values: [10.42422424935587, 10.42422424935587] and parameters: {'k1': 0.00040362426153313315, 'D_low': 97.43142535650219, 'k2': 0.002173988526401145, 'D_high': 3512.7047262708465, 'fire_exp': 1.1103154430776774, 'P_half': 1585.9294900076181, 'pre_dampen_half': 565.0116730717873, 'gpp_af': 0.22965432344634354, 'gpp_b': 1.284284091405877e-05, 'gpp_d': 4.317251206640923, 'ign_k': 0.006548510655446338, 'ign_c': 16.60885896235699, 'trop_agb_crit': 2.679156169946616, 'trop_k_veg': 4.129715873342728, 'fuel_k': 4.710433409437072, 'fuel_half': 1.9170041589170652}.
[I 2026-06-10 21:44:31,656] Trial 944 finished with values: [10.097700571889913, 10.097700571889913] and parameters: {'k1': 0.03865036856259725, 'D_low': 323.7668055684038, 'k2': 0.002173988526401145, 'D_high': 3512.7047262708465, 'fire_exp': 1.1103154430776774, 'P_half': 221.2683656611821, 'pre_dampen_half': 243.70551632385417, 'gpp_af': 0.22965432344634354, 'gpp_b': 1.284284091405877e-05, 'gpp_d': 46.27607115144257, 'ign_k': 0.8599189552684969, 'ign_c': 22.126836566118193, 'trop_agb_crit': 5.526463318565575, 'trop_k_veg': 4.129715873342728, 'fuel_k': 0.5143997500127957, 'fuel_half': 11.781063202742125}.
