[I 2026-08-19 17:41:10,736] Trial 1507 finished with value: 0.6445374145881376 and parameters: {'k1': 0.003007992959331311, 'D_low': 2.7859538965595863, 'k2': 0.0035254015016329553, 'D_high': 899078.3044208332, 'fire_exp': 5.532536021996963, 'P_half': 8.295764922682476, 'pre_dampen_half': 31.79903501188081, 'gpp_af': 0.020774515102106626, 'gpp_b': 0.09820291452622854, 'gpp_d': 4.230069287721395, 'ign_k': 0.6180596970064788, 'ign_c': 70.91052477606124, 'trop_agb_crit': 5.18771931236221, 'trop_k_veg': 6.445138621580883, 'pop_amp': 0.007667213103161477, 'pop_peak': 0.2499803970081664, 'pop_sig': 0.5446605052964705, 'fuel_k': 0.40904552088905893, 'fuel_half': 1.7865210783285916}. Best is trial 0 with value: -0.6094076133578652.
[I 2026-08-19 17:41:12,844] Trial 1508 finished with value: 0.4454639220006753 and parameters: {'k1': 0.0013116163514663316, 'D_low': 1.1111324045864728, 'k2': 0.0008532154953309599, 'D_high': 2370461.749152322, 'fire_exp': 5.683081492247761, 'P_half': 60.23204615850587, 'pre_dampen_half': 0.14944387416186353, 'gpp_af': 0.16848135096421318, 'gpp_b': 0.015931580839934144, 'gpp_d': 437.59230561314826, 'ign_k': 0.21894021908952147, 'ign_c': 0.15323718713285017, 'trop_agb_crit': 3.6511580058513866, 'trop_k_veg': 0.7597624736234103, 'pop_amp': 10.569875938373873, 'pop_peak': 30.025290119251096, 'pop_sig': 0.7393581438814956, 'fuel_k': 0.7705468634437518, 'fuel_half': 0.5125490927026238}. Best is trial 0 with value: -0.6094076133578652.
  trial 1509/2500  best_overall=0.6094  (42.8 min)
[I 2026-08-19 17:41:15,229] Trial 1509 finished with value: 0.5831715451920786 and parameters: {'k1': 0.0022545519178869245, 'D_low': 313.7023109807068, 'k2': 9.948466348789059e-05, 'D_high': 4233576.009506223, 'fire_exp': 4.271943826496402, 'P_half': 6510.8844926039565, 'pre_dampen_half': 5.819817770685815, 'gpp_af': 0.01736765503053028, 'gpp_b': 0.00018935616186235092, 'gpp_d': 42.31417193712341, 'ign_k': 3.805292522519836, 'ign_c': 0.187810574764013, 'trop_agb_crit': 28.338701979468002, 'trop_k_veg': 1.3112531173112227, 'pop_amp': 0.03133350076041894, 'pop_peak': 0.31377134249641747, 'pop_sig': 0.4364098860554809, 'fuel_k': 0.0377784512328996, 'fuel_half': 0.781316600041214}. Best is trial 0 with value: -0.6094076133578652.
[I 2026-08-19 17:41:17,413] Trial 1510 finished with value: 0.5612033336501379 and parameters: {'k1': 0.009298269306090899, 'D_low': 5.518419838551186, 'k2': 0.0021400939706423773, 'D_high': 36823.35322086505, 'fire_exp': 2.485113403930867, 'P_half': 26.564407350163016, 'pre_dampen_half': 0.018904568929046135, 'gpp_af': 2.7380390810162507, 'gpp_b': 0.2895946942691996, 'gpp_d': 24.4189251934464, 'ign_k': 2.2056965946433786, 'ign_c': 1.2027425609216407, 'trop_agb_crit': 11.471249286908856, 'trop_k_veg': 0.7774160249661937, 'pop_amp': 1.6987810091128508, 'pop_peak': 29.65728524459034, 'pop_sig': 0.6108387976359773, 'fuel_k': 0.013060919914365561, 'fuel_half': 0.15042145682324365}. Best is trial 0 with value: -0.6094076133578652.
[I 2026-08-19 17:41:19,546] Trial 1511 finished with value: 0.49254679892090125 and parameters: {'k1': 0.002952631911232544, 'D_low': 18194.095663717166, 'k2': 0.0030528404177053705, 'D_high': 172187.77714726888, 'fire_exp': 6.100257390440198, 'P_half': 4.828773334867173, 'pre_dampen_half': 10.905147299785334, 'gpp_af': 0.5267132514104758, 'gpp_b': 0.00010752101429747735, 'gpp_d': 13.265721268133897, 'ign_k': 0.16301944980435845, 'ign_c': 0.13780750821309354, 'trop_agb_crit': 6.0347806763954726, 'trop_k_veg': 1.4633836864170655, 'pop_amp': 1.1043530240888857, 'pop_peak': 0.7041229535716359, 'pop_sig': 0.29598486411786, 'fuel_k': 0.0348419227952104, 'fuel_half': 0.11672954388112596}. Best is trial 0 with value: -0.6094076133578652.
[I 2026-08-19 17:41:21,691] Trial 1512 finished with value: 0.5300178365636369 and parameters: {'k1': 0.0005410882194976243, 'D_low': 14.040008151946383, 'k2': 0.0030401104309805494, 'D_high': 1305839.4642840954, 'fire_exp': 2.292742182563346, 'P_half': 56.926785669248815, 'pre_dampen_half': 877.2573421479196, 'gpp_af': 0.13971842400633303, 'gpp_b': 0.00027035457605144, 'gpp_d': 634.9542982172519, 'ign_k': 0.3505423665515199, 'ign_c': 1.5168883432477827, 'trop_agb_crit': 8.022738052539523, 'trop_k_veg': 2.3252109018000713, 'pop_amp': 0.0025133751139561336, 'pop_peak': 0.5783290326414389, 'pop_sig': 0.6308472061746764, 'fuel_k': 0.6084252964132436, 'fuel_half': 0.1683465988856513}. Best is trial 0 with value: -0.6094076133578652.
[I 2026-08-19 17:41:23,892] Trial 1513 finished with value: 0.6047847579724003 and parameters: {'k1': 1.7430922659978124e-05, 'D_low': 1.060245924087712, 'k2': 0.07653091422189935, 'D_high': 434873.43688977626, 'fire_exp': 2.031497218879202, 'P_half': 13.375409445891847, 'pre_dampen_half': 10.142725129695707, 'gpp_af': 2.871850371402956, 'gpp_b': 0.1523323381063585, 'gpp_d': 338.05176334885925, 'ign_k': 0.5094968468048222, 'ign_c': 35.59136420145457, 'trop_agb_crit': 14.225753893246132, 'trop_k_veg': 0.7430442421113975, 'pop_amp': 0.001342151377374107, 'pop_peak': 0.06838519931190307, 'pop_sig': 0.6395155186033002, 'fuel_k': 0.3001986359913394, 'fuel_half': 21.726145142985157}. Best is trial 0 with value: -0.6094076133578652.
[I 2026-08-19 17:41:26,011] Trial 1514 finished with value: 0.6445374145881376 and parameters: {'k1': 0.0004312422563382475, 'D_low': 537.4838966906522, 'k2': 0.00036374289877162956, 'D_high': 57453.5179501888, 'fire_exp': 1.2003644896482093, 'P_half': 223.74823521625936, 'pre_dampen_half': 26.134954404645846, 'gpp_af': 1.999786796159469, 'gpp_b': 1.4420008077336184e-05, 'gpp_d': 5.08452970707833, 'ign_k': 3.448942968556464, 'ign_c': 67.09552551811991, 'trop_agb_crit': 28.091990103222294, 'trop_k_veg': 1.6659148217989717, 'pop_amp': 0.00544691340883783, 'pop_peak': 16.301619182519552, 'pop_sig': 0.545699783665763, 'fuel_k': 0.157035418582335, 'fuel_half': 1.3561027802993817}. Best is trial 0 with value: -0.6094076133578652.
[I 2026-08-19 17:41:28,197] Trial 1515 finished with value: -0.5199762066742457 and parameters: {'k1': 0.0005606583606762352, 'D_low': 1.0994839037567823, 'k2': 0.021179679935380124, 'D_high': 8931.11832949919, 'fire_exp': 6.465835081420988, 'P_half': 1.1505303956797897, 'pre_dampen_half': 12.314963203872296, 'gpp_af': 0.31749319939905596, 'gpp_b': 1.2985822141702194e-05, 'gpp_d': 103.85658235158067, 'ign_k': 3.0418121118304606, 'ign_c': 0.4140639625744096, 'trop_agb_crit': 23.107982314744728, 'trop_k_veg': 2.584428816088032, 'pop_amp': 0.0014688294705910742, 'pop_peak': 0.4059775087023255, 'pop_sig': 0.34969619209609215, 'fuel_k': 5.843231793193674, 'fuel_half': 0.24790395580570757}. Best is trial 0 with value: -0.6094076133578652.
[I 2026-08-19 17:41:30,431] Trial 1516 finished with value: 0.5845028002612268 and parameters: {'k1': 0.00034175695980410937, 'D_low': 1.6912565950709206, 'k2': 0.0037372438504845898, 'D_high': 20896.259092092805, 'fire_exp': 2.5295189545803543, 'P_half': 1889.9677690663452, 'pre_dampen_half': 18.049445700989846, 'gpp_af': 1.4486006626436945, 'gpp_b': 6.466151878697925e-05, 'gpp_d': 50.88621590647251, 'ign_k': 3.837715216076715, 'ign_c': 3.757911517470058, 'trop_agb_crit': 9.57985943752107, 'trop_k_veg': 1.3812527083708392, 'pop_amp': 0.0024990693868019525, 'pop_peak': 0.6583673750879476, 'pop_sig': 0.8752483800000753, 'fuel_k': 0.157219713495887, 'fuel_half': 15.05399662136391}. Best is trial 0 with value: -0.6094076133578652.
[I 2026-08-19 17:41:32,656] Trial 1517 finished with value: -0.5457538788011058 and parameters: {'k1': 0.0008269257161489381, 'D_low': 5.876296510308977, 'k2': 0.003177434241061278, 'D_high': 56571.17703481179, 'fire_exp': 2.8577487704631293, 'P_half': 3.4031588860670325, 'pre_dampen_half': 5.130525673032018, 'gpp_af': 0.015125655898780805, 'gpp_b': 0.0006369556266087133, 'gpp_d': 387.1733310385211, 'ign_k': 1.365963360584335, 'ign_c': 0.14293882473150302, 'trop_agb_crit': 26.969328571561462, 'trop_k_veg': 0.6921779038767577, 'pop_amp': 0.021287193948026206, 'pop_peak': 0.6418758135899622, 'pop_sig': 0.7876055943607654, 'fuel_k': 0.0918531545098073, 'fuel_half': 0.3295977932587662}. Best is trial 0 with value: -0.6094076133578652.
[I 2026-08-19 17:41:34,847] Trial 1518 finished with value: 0.4322309157887154 and parameters: {'k1': 0.0005870375685412506, 'D_low': 7.641932481553927, 'k2': 0.0003033406788340786, 'D_high': 3854075.1796537694, 'fire_exp': 1.7604806271047129, 'P_half': 117.76792586461028, 'pre_dampen_half': 6.5730559904425485, 'gpp_af': 0.020365203196727615, 'gpp_b': 0.0004520631210421686, 'gpp_d': 487.5013463157114, 'ign_k': 6.658334091624945, 'ign_c': 1.0679293757309485, 'trop_agb_crit': 28.98888590987096, 'trop_k_veg': 4.9688532848724805, 'pop_amp': 0.007291630790703819, 'pop_peak': 0.10721799081119991, 'pop_sig': 0.41571133258493387, 'fuel_k': 2.2272898917651176, 'fuel_half': 0.8991279487199957}. Best is trial 0 with value: -0.6094076133578652.
  trial 1519/2500  best_overall=0.6094  (43.2 min)
[I 2026-08-19 17:41:37,568] Trial 1519 finished with value: 0.5385298992150773 and parameters: {'k1': 0.0012763350483028814, 'D_low': 720.1141961534428, 'k2': 0.0009509695130526389, 'D_high': 133105.00926752406, 'fire_exp': 2.4346140501825113, 'P_half': 8.317519613833415, 'pre_dampen_half': 1.3488994766493, 'gpp_af': 1.9543466588824865, 'gpp_b': 0.058056312304941564, 'gpp_d': 656.5515318810491, 'ign_k': 0.05152322782953766, 'ign_c': 0.16343178906801373, 'trop_agb_crit': 2.1533025579509495, 'trop_k_veg': 1.0174527983205264, 'pop_amp': 16.228538822154835, 'pop_peak': 12.37951203521946, 'pop_sig': 0.7647871651376984, 'fuel_k': 0.10890559766768873, 'fuel_half': 0.14354227563727878}. Best is trial 0 with value: -0.6094076133578652.
[I 2026-08-19 17:41:39,793] Trial 1520 finished with value: 0.4564354919756085 and parameters: {'k1': 0.004318989272465405, 'D_low': 1.0970627659827996, 'k2': 0.0023699169136307758, 'D_high': 839278.9650629618, 'fire_exp': 7.6399981941922634, 'P_half': 9.98933553114486, 'pre_dampen_half': 0.2896873712541472, 'gpp_af': 0.06824035358364397, 'gpp_b': 0.00013704071859036408, 'gpp_d': 77.26159840171695, 'ign_k': 0.22193151707796824, 'ign_c': 4.4739635404406615, 'trop_agb_crit': 25.581198231505862, 'trop_k_veg': 4.364586505751232, 'pop_amp': 0.0010277092813904824, 'pop_peak': 0.12626368242118552, 'pop_sig': 0.38022569092889613, 'fuel_k': 1.9626401389779395, 'fuel_half': 0.11521429602574419}. Best is trial 0 with value: -0.6094076133578652.
[I 2026-08-19 17:41:41,999] Trial 1521 finished with value: 0.45043285013051615 and parameters: {'k1': 9.587252303068199e-05, 'D_low': 4.846054969567797, 'k2': 0.04321479317835635, 'D_high': 276251.92545737274, 'fire_exp': 2.56364380273426, 'P_half': 26.717401515378462, 'pre_dampen_half': 6.177689602669215, 'gpp_af': 0.03204494288234388, 'gpp_b': 0.00027458295736361676, 'gpp_d': 207.2465979705433, 'ign_k': 1.2378346006747682, 'ign_c': 9.924703956869694, 'trop_agb_crit': 2.691987387783192, 'trop_k_veg': 1.0341702881518513, 'pop_amp': 0.0015152403434544302, 'pop_peak': 29.24293136309257, 'pop_sig': 1.8308285817087926, 'fuel_k': 0.025655219482356682, 'fuel_half': 0.10710750219151174}. Best is trial 0 with value: -0.6094076133578652.
[I 2026-08-19 17:41:44,027] Trial 1522 finished with value: 0.6157912683226417 and parameters: {'k1': 0.0003633255608284979, 'D_low': 1497.5031419299246, 'k2': 0.0008032109050948235, 'D_high': 5863096.238385685, 'fire_exp': 1.7896883181784082, 'P_half': 5.790632030799949, 'pre_dampen_half': 3.1473049158112234, 'gpp_af': 0.06461798557388924, 'gpp_b': 0.00017720766126568302, 'gpp_d': 128.3857925119616, 'ign_k': 0.4038848397454446, 'ign_c': 0.1662750148269379, 'trop_agb_crit': 2.1684404833824846, 'trop_k_veg': 0.5624216646847567, 'pop_amp': 6.804671996799931, 'pop_peak': 0.8759115523039489, 'pop_sig': 1.3797408655014014, 'fuel_k': 0.3679216172546562, 'fuel_half': 0.11941152241400725}. Best is trial 0 with value: -0.6094076133578652.
[I 2026-08-19 17:41:46,205] Trial 1523 finished with value: 0.43924633147339764 and parameters: {'k1': 0.029992582063181276, 'D_low': 36.0701067297762, 'k2': 0.06514088657336216, 'D_high': 252869.57713399985, 'fire_exp': 1.524197439570613, 'P_half': 2.4628864962854418, 'pre_dampen_half': 0.0542257270245515, 'gpp_af': 0.004043842748139259, 'gpp_b': 1.6468613813976445e-05, 'gpp_d': 5.809071980276137, 'ign_k': 1.3646767225216807, 'ign_c': 0.30619636633718716, 'trop_agb_crit': 2.9141366909010933, 'trop_k_veg': 5.398011299953493, 'pop_amp': 0.9674203586853668, 'pop_peak': 21.249253611759144, 'pop_sig': 1.1180657967018313, 'fuel_k': 0.03799628673750696, 'fuel_half': 0.6226157620178013}. Best is trial 0 with value: -0.6094076133578652.
[I 2026-08-19 17:41:48,552] Trial 1524 finished with value: 0.6445374145881376 and parameters: {'k1': 0.0005845189233871117, 'D_low': 2030.4430630609804, 'k2': 0.0004970583495073673, 'D_high': 5718123.890083759, 'fire_exp': 1.6133509319237331, 'P_half': 391.68141152665686, 'pre_dampen_half': 8.732514987595069, 'gpp_af': 0.6447170263103759, 'gpp_b': 0.0003060269319087492, 'gpp_d': 184.67026531383792, 'ign_k': 0.22417882194591288, 'ign_c': 166.94977061537188, 'trop_agb_crit': 12.992820769967846, 'trop_k_veg': 3.2651735250790623, 'pop_amp': 0.001421682947651718, 'pop_peak': 136.92155952887137, 'pop_sig': 2.0535677221192263, 'fuel_k': 0.756674990415945, 'fuel_half': 0.6041180945997835}. Best is trial 0 with value: -0.6094076133578652.
[I 2026-08-19 17:41:50,715] Trial 1525 finished with value: 0.4711473557724639 and parameters: {'k1': 0.0005433038703458959, 'D_low': 420.64212199624916, 'k2': 0.010633236560585603, 'D_high': 2779659.804647147, 'fire_exp': 1.5872988661851744, 'P_half': 340.55247540182467, 'pre_dampen_half': 10.532174754810384, 'gpp_af': 0.020424551010148468, 'gpp_b': 7.43183956748317e-05, 'gpp_d': 0.443841583673506, 'ign_k': 1.212568693172493, 'ign_c': 25.85260420680003, 'trop_agb_crit': 10.95140695019404, 'trop_k_veg': 3.986922279931002, 'pop_amp': 0.0023271742042399583, 'pop_peak': 21.33819591760339, 'pop_sig': 1.2783144214626914, 'fuel_k': 1.0226457296110114, 'fuel_half': 0.8989792998900339}. Best is trial 0 with value: -0.6094076133578652.
[I 2026-08-19 17:41:52,937] Trial 1526 finished with value: 0.39695190810166514 and parameters: {'k1': 0.061500329596465626, 'D_low': 1.089137441206471, 'k2': 0.004611977330436195, 'D_high': 3165938.7814940023, 'fire_exp': 3.7334473892204416, 'P_half': 1.0490490081960062, 'pre_dampen_half': 6.516069599348156, 'gpp_af': 0.013842499853440325, 'gpp_b': 5.4633191040648155e-05, 'gpp_d': 552.4298674012232, 'ign_k': 0.18496113655141602, 'ign_c': 2.3868007353414304, 'trop_agb_crit': 22.045538728500045, 'trop_k_veg': 1.3054761319258643, 'pop_amp': 0.06566750300720033, 'pop_peak': 1.2853465411140501, 'pop_sig': 0.2896571306782971, 'fuel_k': 0.18811934027490626, 'fuel_half': 0.14588959564967632}. Best is trial 0 with value: -0.6094076133578652.
[I 2026-08-19 17:41:55,177] Trial 1527 finished with value: 0.521232893723032 and parameters: {'k1': 0.001354443066950249, 'D_low': 1.430964637748472, 'k2': 0.0026364838910312746, 'D_high': 7553158.146537479, 'fire_exp': 4.75465117784615, 'P_half': 4.187663163407665, 'pre_dampen_half': 5.2677294323569015, 'gpp_af': 0.4540398084162396, 'gpp_b': 0.0018788438866033648, 'gpp_d': 5.999452902809295, 'ign_k': 0.013676290538917772, 'ign_c': 0.1046475736965379, 'trop_agb_crit': 4.5289201298500705, 'trop_k_veg': 1.0550974807584803, 'pop_amp': 9.29190927836156, 'pop_peak': 7.084380366117726, 'pop_sig': 0.4591125268901027, 'fuel_k': 0.4684492086192045, 'fuel_half': 4.171589329280373}. Best is trial 0 with value: -0.6094076133578652.
[I 2026-08-19 17:41:57,335] Trial 1528 finished with value: 0.4406085831034674 and parameters: {'k1': 0.014540997729722362, 'D_low': 28.000025804162615, 'k2': 0.0019265761975028664, 'D_high': 247169.58467344582, 'fire_exp': 1.2813977588070184, 'P_half': 70.82703693552573, 'pre_dampen_half': 2.7524723125360664, 'gpp_af': 1.0207076375194972, 'gpp_b': 0.002201897034604165, 'gpp_d': 94.05032833376684, 'ign_k': 4.072107353720801, 'ign_c': 3.686822936224758, 'trop_agb_crit': 10.276303276855003, 'trop_k_veg': 0.5528368324039091, 'pop_amp': 1.7648338811188793, 'pop_peak': 2.810431648417645, 'pop_sig': 0.32320712520752637, 'fuel_k': 0.07883926914275965, 'fuel_half': 0.2690307417363656}. Best is trial 0 with value: -0.6094076133578652.
  trial 1529/2500  best_overall=0.6094  (43.6 min)
[I 2026-08-19 17:42:00,031] Trial 1529 finished with value: -0.5505434942474977 and parameters: {'k1': 0.0013867099492516416, 'D_low': 238.97696210984913, 'k2': 0.02573745592385543, 'D_high': 509913.97265203, 'fire_exp': 1.0105383767316332, 'P_half': 91.25876756106767, 'pre_dampen_half': 0.39317747174509005, 'gpp_af': 0.026643117617686594, 'gpp_b': 5.4894963830581685e-05, 'gpp_d': 103.76088457166558, 'ign_k': 0.07781882872114988, 'ign_c': 0.12298326537631518, 'trop_agb_crit': 10.5363015983887, 'trop_k_veg': 0.6593521802572659, 'pop_amp': 0.04571167594018851, 'pop_peak': 0.06256264619241271, 'pop_sig': 0.9516738000433546, 'fuel_k': 0.06813785807040162, 'fuel_half': 51.93837519527946}. Best is trial 0 with value: -0.6094076133578652.
[I 2026-08-19 17:42:02,223] Trial 1530 finished with value: 0.49358550659135947 and parameters: {'k1': 9.693109255917767e-05, 'D_low': 4.263276826222944, 'k2': 0.002277392248298141, 'D_high': 2582763.6473403224, 'fire_exp': 2.4070177161687862, 'P_half': 49.08951590710317, 'pre_dampen_half': 0.9865783887741357, 'gpp_af': 3.302998175636109, 'gpp_b': 0.002580146906489949, 'gpp_d': 41.369436771187374, 'ign_k': 0.13590209012940585, 'ign_c': 3.937524570110087, 'trop_agb_crit': 21.352480022777392, 'trop_k_veg': 0.7250841439720623, 'pop_amp': 0.0076635472850923566, 'pop_peak': 0.13520263952955805, 'pop_sig': 0.4793257779582056, 'fuel_k': 0.16376288178349577, 'fuel_half': 37.68610114167544}. Best is trial 0 with value: -0.6094076133578652.
[I 2026-08-19 17:42:04,444] Trial 1531 finished with value: 0.49102081603302183 and parameters: {'k1': 0.000497148298871162, 'D_low': 3938.952220086199, 'k2': 0.0032511501514444164, 'D_high': 73183.13143769883, 'fire_exp': 1.885922181525081, 'P_half': 258.2972313989726, 'pre_dampen_half': 1.3265689503218965, 'gpp_af': 1.1798721028652897, 'gpp_b': 1.5584875089512564e-05, 'gpp_d': 7.038443153723484, 'ign_k': 1.997141588361268, 'ign_c': 0.33531439211968145, 'trop_agb_crit': 28.1496461864456, 'trop_k_veg': 3.4813837760694595, 'pop_amp': 1.119140098742408, 'pop_peak': 1.0783939924195984, 'pop_sig': 0.9147818392218339, 'fuel_k': 0.02824738163489155, 'fuel_half': 0.14948834681105155}. Best is trial 0 with value: -0.6094076133578652.
[I 2026-08-19 17:42:06,639] Trial 1532 finished with value: 0.4347755544929057 and parameters: {'k1': 0.00047271690639780954, 'D_low': 495.69289292584426, 'k2': 0.0011540875497898883, 'D_high': 1403725.0376408712, 'fire_exp': 1.6056572288960962, 'P_half': 13.671744925710131, 'pre_dampen_half': 19.651914540348745, 'gpp_af': 0.0696020902480331, 'gpp_b': 0.0007656197365298837, 'gpp_d': 399.48325283417665, 'ign_k': 0.16078769237499926, 'ign_c': 0.1611190155764454, 'trop_agb_crit': 3.9894656301457005, 'trop_k_veg': 1.7452237520589318, 'pop_amp': 0.286862734881395, 'pop_peak': 0.9232642701704009, 'pop_sig': 0.4456509929332544, 'fuel_k': 0.2874452431505583, 'fuel_half': 1.0652047158269335}. Best is trial 0 with value: -0.6094076133578652.
[I 2026-08-19 17:42:08,875] Trial 1533 finished with value: 0.6024877529228267 and parameters: {'k1': 0.002224242988080336, 'D_low': 1.0382908059528204, 'k2': 0.00031019055246895476, 'D_high': 6850695.625879261, 'fire_exp': 1.7829818265960817, 'P_half': 49.525944436190144, 'pre_dampen_half': 11.657469845527723, 'gpp_af': 0.016454423678549573, 'gpp_b': 0.5021224772851696, 'gpp_d': 24.916512712671068, 'ign_k': 0.12867945031278838, 'ign_c': 0.5250873924645124, 'trop_agb_crit': 6.297457085965263, 'trop_k_veg': 0.8424040749739692, 'pop_amp': 16.932865369741112, 'pop_peak': 3.765589402225761, 'pop_sig': 1.1045110054533782, 'fuel_k': 0.22828060486534116, 'fuel_half': 0.4654685541297146}. Best is trial 0 with value: -0.6094076133578652.
[I 2026-08-19 17:42:11,085] Trial 1534 finished with value: 0.49284853494713 and parameters: {'k1': 0.009579624591730803, 'D_low': 709.1623074782881, 'k2': 0.009279085778212893, 'D_high': 512946.39822789695, 'fire_exp': 1.5976940088514364, 'P_half': 844.2047099187314, 'pre_dampen_half': 97.65943647337714, 'gpp_af': 0.05181387474575275, 'gpp_b': 1.1437231412063112e-05, 'gpp_d': 36.42538260276966, 'ign_k': 1.1425608311752669, 'ign_c': 25.579211634087986, 'trop_agb_crit': 26.859684724018592, 'trop_k_veg': 1.6302249422379276, 'pop_amp': 0.002094065440495636, 'pop_peak': 2.6377450317761992, 'pop_sig': 1.197838188294455, 'fuel_k': 0.32897229963012486, 'fuel_half': 2.3083752791175756}. Best is trial 0 with value: -0.6094076133578652.
[I 2026-08-19 17:42:13,158] Trial 1535 finished with value: 0.5429471599060478 and parameters: {'k1': 0.0072341720592825195, 'D_low': 2.5813047045035504, 'k2': 0.0001925570749070371, 'D_high': 2020474.8854668166, 'fire_exp': 2.6588928341241216, 'P_half': 77.22634474606511, 'pre_dampen_half': 49.136236224896884, 'gpp_af': 0.02106010504030863, 'gpp_b': 0.02191204261481788, 'gpp_d': 7.544818463118255, 'ign_k': 0.22819677704668048, 'ign_c': 15.32902340202473, 'trop_agb_crit': 7.96312384038074, 'trop_k_veg': 5.640781688203613, 'pop_amp': 0.0031621182597680324, 'pop_peak': 0.6396999371765262, 'pop_sig': 0.7986425090565019, 'fuel_k': 0.44715001694953277, 'fuel_half': 0.4459907261239493}. Best is trial 0 with value: -0.6094076133578652.
