[I 2026-07-24 02:23:39,067] Trial 1121 finished with value: 0.40711500668874545 and parameters: {'k1': 0.00132186020187038, 'D_low': 4.60907280541316, 'k2': 1.0309659369599593e-05, 'D_high': 343127.6892625894, 'fire_exp': 1.0667329568564923, 'P_half': 14.763569933622836, 'pre_dampen_half': 2.193456200994409, 'gpp_af': 40.30569097110893, 'gpp_b': 0.0014966720821374207, 'gpp_d': 111.92382227654788, 'ign_k': 2.6830211745125525, 'ign_c': 17.401212449002198, 'trop_agb_crit': 8.996486100637172, 'trop_k_veg': 1.0098475208931565, 'fuel_k': 0.21672572872052584, 'fuel_half': 0.16090148611892377}. Best is trial 0 with value: -0.6070628323553574.
[I 2026-07-24 02:23:39,487] Trial 1122 finished with value: 0.6194431356476578 and parameters: {'k1': 0.01733095637685899, 'D_low': 34212.57304063624, 'k2': 0.0002248084180858712, 'D_high': 27895.67957747035, 'fire_exp': 1.3647186520484127, 'P_half': 1161.8479405471076, 'pre_dampen_half': 0.1351653127037515, 'gpp_af': 92.04006838687002, 'gpp_b': 1.2669371000747083, 'gpp_d': 36.742030274041646, 'ign_k': 0.8990589874872835, 'ign_c': 1.0675969736832038, 'trop_agb_crit': 29.233255002622187, 'trop_k_veg': 3.528692502060655, 'fuel_k': 1.5656944205258498, 'fuel_half': 10.024322967952942}. Best is trial 0 with value: -0.6070628323553574.
[I 2026-07-24 02:23:39,989] Trial 1123 finished with value: -0.5938095947193659 and parameters: {'k1': 0.001996091853067531, 'D_low': 18.5042142672452, 'k2': 0.00022285620430904763, 'D_high': 618468.8898443915, 'fire_exp': 3.4780651552388413, 'P_half': 201.68733120610062, 'pre_dampen_half': 23.87963394570419, 'gpp_af': 0.004793683747459654, 'gpp_b': 1.1700671765737268e-05, 'gpp_d': 5.4983338907663235, 'ign_k': 7.94700255428807, 'ign_c': 1.1781759586682414, 'trop_agb_crit': 14.165839501605229, 'trop_k_veg': 2.7741210175716637, 'fuel_k': 0.2640897226345231, 'fuel_half': 0.2305184580231548}. Best is trial 0 with value: -0.6070628323553574.
[I 2026-07-24 02:23:40,408] Trial 1124 finished with value: 0.5819535252789972 and parameters: {'k1': 0.003172369073389569, 'D_low': 1764.9827935531066, 'k2': 5.786952678798462e-05, 'D_high': 285342.43074706953, 'fire_exp': 3.2918835221261906, 'P_half': 1777.342320968483, 'pre_dampen_half': 0.3833666640323363, 'gpp_af': 75.0562402457835, 'gpp_b': 0.021855325834067692, 'gpp_d': 954.6126196982287, 'ign_k': 0.5018672991637585, 'ign_c': 0.5553098827829445, 'trop_agb_crit': 14.369881279792947, 'trop_k_veg': 1.7808347503360284, 'fuel_k': 2.0185040077656007, 'fuel_half': 0.42099231753049854}. Best is trial 0 with value: -0.6070628323553574.
[I 2026-07-24 02:23:40,826] Trial 1125 finished with value: 0.543312854489319 and parameters: {'k1': 0.003776244012636588, 'D_low': 1.6599944388892323, 'k2': 0.0045771580335442884, 'D_high': 5160486.338453983, 'fire_exp': 4.727803351123838, 'P_half': 893.4588540069276, 'pre_dampen_half': 133.58808546143518, 'gpp_af': 0.001398939638844974, 'gpp_b': 2.449743103017304e-05, 'gpp_d': 17.303350789204572, 'ign_k': 0.44688146782906923, 'ign_c': 2.3784060509677896, 'trop_agb_crit': 9.309099653174083, 'trop_k_veg': 1.2731321115905705, 'fuel_k': 1.6282825300943864, 'fuel_half': 0.3550881107651476}. Best is trial 0 with value: -0.6070628323553574.
[I 2026-07-24 02:23:41,243] Trial 1126 finished with value: -0.5745261049867072 and parameters: {'k1': 0.0007097843113932151, 'D_low': 33.69684650342682, 'k2': 0.0005454242532062341, 'D_high': 1252349.5313608898, 'fire_exp': 2.2989759414379023, 'P_half': 653.7163984525922, 'pre_dampen_half': 594.0814437528545, 'gpp_af': 0.005543854536857984, 'gpp_b': 2.0955528403879353e-05, 'gpp_d': 25.69916397140241, 'ign_k': 2.118513889668439, 'ign_c': 0.9355503613409702, 'trop_agb_crit': 21.633924226619555, 'trop_k_veg': 1.9543771559077765, 'fuel_k': 0.39562122364222013, 'fuel_half': 3.549933489288232}. Best is trial 0 with value: -0.6070628323553574.
[I 2026-07-24 02:23:41,662] Trial 1127 finished with value: 0.48267942632020033 and parameters: {'k1': 0.00011288723463631051, 'D_low': 14.643885221576683, 'k2': 4.47419344896859e-05, 'D_high': 1483831.8563135501, 'fire_exp': 5.202215421920793, 'P_half': 72.90585713464587, 'pre_dampen_half': 10.546601677174355, 'gpp_af': 0.012857801350668165, 'gpp_b': 1.0647962116625513e-05, 'gpp_d': 1.5394745784263935, 'ign_k': 4.825676172077982, 'ign_c': 1.4038526155915054, 'trop_agb_crit': 15.218433712624185, 'trop_k_veg': 7.409325939921037, 'fuel_k': 0.08536377969857245, 'fuel_half': 0.18970963716079037}. Best is trial 0 with value: -0.6070628323553574.
[I 2026-07-24 02:23:42,082] Trial 1128 finished with value: 0.592827662951095 and parameters: {'k1': 0.0015551642394263114, 'D_low': 4.077574627661836, 'k2': 0.0001324393150040999, 'D_high': 37819.66625411562, 'fire_exp': 4.50119373601305, 'P_half': 5314.5499818843755, 'pre_dampen_half': 3.3948900720833124, 'gpp_af': 0.013335106094368838, 'gpp_b': 5.563655658047771e-05, 'gpp_d': 3.010501709575035, 'ign_k': 0.6488063469253772, 'ign_c': 0.13834303827448868, 'trop_agb_crit': 7.8607697619073855, 'trop_k_veg': 3.395784170490982, 'fuel_k': 0.4360638805385011, 'fuel_half': 0.5799295416407171}. Best is trial 0 with value: -0.6070628323553574.
[I 2026-07-24 02:23:42,504] Trial 1129 finished with value: 0.5851760099765169 and parameters: {'k1': 0.009812024492749044, 'D_low': 13.32357239765931, 'k2': 0.0003068146357329365, 'D_high': 4156785.8354182756, 'fire_exp': 1.6854306625528386, 'P_half': 230.6979045124872, 'pre_dampen_half': 7.572554072573091, 'gpp_af': 44.10852056305147, 'gpp_b': 7.652408800368997, 'gpp_d': 19.44558126175066, 'ign_k': 0.02137832120865616, 'ign_c': 9.042975903498535, 'trop_agb_crit': 10.848121634725189, 'trop_k_veg': 2.2841043069638896, 'fuel_k': 5.415412276915968, 'fuel_half': 4.8041317258981575}. Best is trial 0 with value: -0.6070628323553574.
[I 2026-07-24 02:23:42,918] Trial 1130 finished with value: 0.5888092363516604 and parameters: {'k1': 0.0009545674654086563, 'D_low': 109.19762060257187, 'k2': 2.082218673503248e-05, 'D_high': 7256516.612874575, 'fire_exp': 3.4616629141540263, 'P_half': 223.87563411047512, 'pre_dampen_half': 4.301086367132521, 'gpp_af': 15.56166901487766, 'gpp_b': 8.746383812923964, 'gpp_d': 12.639958041626388, 'ign_k': 1.114678225019792, 'ign_c': 0.10126030055605495, 'trop_agb_crit': 20.39625592971387, 'trop_k_veg': 2.1384332383024582, 'fuel_k': 1.161611966650867, 'fuel_half': 0.33693485393360006}. Best is trial 0 with value: -0.6070628323553574.
[I 2026-07-24 02:23:43,360] Trial 1131 finished with value: 0.5748174408816523 and parameters: {'k1': 0.02520138425287121, 'D_low': 22.49233919808402, 'k2': 0.001154392547495718, 'D_high': 31521.704963848635, 'fire_exp': 1.406409719819549, 'P_half': 50.91579939667161, 'pre_dampen_half': 0.029017302140905338, 'gpp_af': 64.97169023887602, 'gpp_b': 0.2183105868778665, 'gpp_d': 538.9669757502611, 'ign_k': 0.021203624978364113, 'ign_c': 2.710715737888619, 'trop_agb_crit': 13.486122949574096, 'trop_k_veg': 1.4840686584586413, 'fuel_k': 2.250862493524792, 'fuel_half': 4.183301736079905}. Best is trial 0 with value: -0.6070628323553574.
[I 2026-07-24 02:23:43,834] Trial 1132 finished with value: 0.4684313353128653 and parameters: {'k1': 0.02156589480562767, 'D_low': 103.2295378179869, 'k2': 0.0006882638666883171, 'D_high': 2589026.506264605, 'fire_exp': 2.1824399579372926, 'P_half': 1.5002090013994376, 'pre_dampen_half': 0.0730283012426608, 'gpp_af': 5.728049964019616, 'gpp_b': 0.0024751743312677165, 'gpp_d': 39.14879820715803, 'ign_k': 5.1897008178763615, 'ign_c': 0.1120632150304267, 'trop_agb_crit': 2.7443796979221893, 'trop_k_veg': 0.9398436301859323, 'fuel_k': 1.3811048871424934, 'fuel_half': 0.38311951569989333}. Best is trial 0 with value: -0.6070628323553574.
[I 2026-07-24 02:23:44,258] Trial 1133 finished with value: 0.5123845623226992 and parameters: {'k1': 0.07325634037360342, 'D_low': 19.11056755911822, 'k2': 0.00045797409511605115, 'D_high': 3214400.489584495, 'fire_exp': 1.207842388731044, 'P_half': 80.29441626814284, 'pre_dampen_half': 0.07739731043261433, 'gpp_af': 31.560006347977286, 'gpp_b': 4.260799038591225, 'gpp_d': 24.78691092045175, 'ign_k': 0.2202348521117789, 'ign_c': 0.6516689955127172, 'trop_agb_crit': 17.404270186826995, 'trop_k_veg': 1.023056241414587, 'fuel_k': 3.4840159758877713, 'fuel_half': 0.3485456816123095}. Best is trial 0 with value: -0.6070628323553574.
[I 2026-07-24 02:23:44,676] Trial 1134 finished with value: 0.454416397841063 and parameters: {'k1': 0.0027858009993847865, 'D_low': 39.62283993572422, 'k2': 0.001206240759373328, 'D_high': 1465411.7248099097, 'fire_exp': 3.507359307436817, 'P_half': 32.18341193979226, 'pre_dampen_half': 521.3131906494921, 'gpp_af': 0.004462652429810015, 'gpp_b': 4.102777989577456e-05, 'gpp_d': 3.9992058848622833, 'ign_k': 2.645452213516901, 'ign_c': 21.333928688960643, 'trop_agb_crit': 15.547353529639818, 'trop_k_veg': 1.9730420027003799, 'fuel_k': 0.15451231518092895, 'fuel_half': 0.23690846180388156}. Best is trial 0 with value: -0.6070628323553574.
[I 2026-07-24 02:23:45,095] Trial 1135 finished with value: 0.4371038339076845 and parameters: {'k1': 0.009435343660919306, 'D_low': 59.13358090388514, 'k2': 7.230273503518525e-05, 'D_high': 300457.76438071526, 'fire_exp': 1.1358453922835916, 'P_half': 212.01407648010587, 'pre_dampen_half': 0.10694793967197005, 'gpp_af': 35.42299946912399, 'gpp_b': 1.177778568116978, 'gpp_d': 644.0712902655806, 'ign_k': 0.08011273656124271, 'ign_c': 0.12774938646479458, 'trop_agb_crit': 14.765438252088162, 'trop_k_veg': 0.7597704866027531, 'fuel_k': 4.917054004204017, 'fuel_half': 1.3101930969128568}. Best is trial 0 with value: -0.6070628323553574.
[I 2026-07-24 02:23:45,511] Trial 1136 finished with value: 0.5561702635436612 and parameters: {'k1': 0.002365742279828548, 'D_low': 394.0006082241359, 'k2': 1.6646446774485012e-05, 'D_high': 387459.5890335678, 'fire_exp': 2.890800002935773, 'P_half': 404.69786803574596, 'pre_dampen_half': 0.05798245424540312, 'gpp_af': 5.403056630674042, 'gpp_b': 0.20455694013974354, 'gpp_d': 562.0958421343487, 'ign_k': 1.2192497139158787, 'ign_c': 0.11512826898963582, 'trop_agb_crit': 22.962280828136752, 'trop_k_veg': 1.1448635373791207, 'fuel_k': 5.1002155677893715, 'fuel_half': 1.8680423199530334}. Best is trial 0 with value: -0.6070628323553574.
[I 2026-07-24 02:23:45,928] Trial 1137 finished with value: 0.543401344858985 and parameters: {'k1': 0.0018749293202901841, 'D_low': 7.526058474317248, 'k2': 0.0010496876940724246, 'D_high': 259994.94576400277, 'fire_exp': 2.9745506105691732, 'P_half': 184.62778554552, 'pre_dampen_half': 0.20281037731080664, 'gpp_af': 0.0032305851235537816, 'gpp_b': 2.6360932899844677e-05, 'gpp_d': 9.038406907338514, 'ign_k': 1.3503411946999357, 'ign_c': 12.471008106193288, 'trop_agb_crit': 5.669150300131811, 'trop_k_veg': 3.3353781733298655, 'fuel_k': 0.08947403228992112, 'fuel_half': 0.6204271150306365}. Best is trial 0 with value: -0.6070628323553574.
[I 2026-07-24 02:23:46,352] Trial 1138 finished with value: 0.5637426868210681 and parameters: {'k1': 0.0029809297704576675, 'D_low': 35.82170139503154, 'k2': 6.550664902239055e-05, 'D_high': 2329406.761516077, 'fire_exp': 1.8628648264701024, 'P_half': 1345.2404377678413, 'pre_dampen_half': 1.1190558282094043, 'gpp_af': 52.51578278158023, 'gpp_b': 0.012459050201077336, 'gpp_d': 59.83348708584227, 'ign_k': 1.5778107623982893, 'ign_c': 0.13213999642089802, 'trop_agb_crit': 16.117741455731142, 'trop_k_veg': 2.7046691253724098, 'fuel_k': 2.9307067474696087, 'fuel_half': 8.781693880791668}. Best is trial 0 with value: -0.6070628323553574.
[I 2026-07-24 02:23:46,770] Trial 1139 finished with value: 0.6008568372622707 and parameters: {'k1': 0.0022340665955998045, 'D_low': 1269.9061479380503, 'k2': 0.002627378086457775, 'D_high': 3772.535912785791, 'fire_exp': 1.1587352034094518, 'P_half': 396.5719405794687, 'pre_dampen_half': 1.1653269512331659, 'gpp_af': 1.3505724429744421, 'gpp_b': 1.5274931465220103, 'gpp_d': 408.5513528438178, 'ign_k': 0.3149270352074796, 'ign_c': 0.11947853386753926, 'trop_agb_crit': 21.75999670384316, 'trop_k_veg': 0.6071045090109772, 'fuel_k': 1.5682841666766245, 'fuel_half': 9.230252841565918}. Best is trial 0 with value: -0.6070628323553574.
[I 2026-07-24 02:23:47,187] Trial 1140 finished with value: 0.45783070840720663 and parameters: {'k1': 0.008864289257294789, 'D_low': 127.67861219195096, 'k2': 0.00396148444809401, 'D_high': 32627.256525438697, 'fire_exp': 2.2598218120841524, 'P_half': 220.01706632442963, 'pre_dampen_half': 116.71328751308286, 'gpp_af': 0.017511558754037492, 'gpp_b': 9.934714894017063e-05, 'gpp_d': 16.495177429596293, 'ign_k': 4.279342533123922, 'ign_c': 0.8703875375556517, 'trop_agb_crit': 9.316629962422674, 'trop_k_veg': 4.110817795130301, 'fuel_k': 0.23382372950159386, 'fuel_half': 0.4184502771590496}. Best is trial 0 with value: -0.6070628323553574.
[I 2026-07-24 02:23:47,607] Trial 1141 finished with value: 0.5791171211946723 and parameters: {'k1': 0.020110188082639823, 'D_low': 77.6916022496103, 'k2': 0.0009120696253433156, 'D_high': 23618.882218785013, 'fire_exp': 1.5732577770126979, 'P_half': 132.5172843195296, 'pre_dampen_half': 0.035505395326467286, 'gpp_af': 37.98267822295515, 'gpp_b': 5.7603996743165204, 'gpp_d': 272.6730214623787, 'ign_k': 2.363798913617992, 'ign_c': 2.0461230301586357, 'trop_agb_crit': 28.623521932006533, 'trop_k_veg': 0.7929611347512904, 'fuel_k': 0.8808240200647255, 'fuel_half': 13.822343870539353}. Best is trial 0 with value: -0.6070628323553574.
[I 2026-07-24 02:23:48,024] Trial 1142 finished with value: 0.41769564727806274 and parameters: {'k1': 0.003095951205633723, 'D_low': 3368.168851125877, 'k2': 0.0009082976129459, 'D_high': 616042.3495940823, 'fire_exp': 7.835481065568963, 'P_half': 45.54363510400341, 'pre_dampen_half': 21.942072719509813, 'gpp_af': 0.009106546235717584, 'gpp_b': 1.5116680759148467e-05, 'gpp_d': 19.969647632315848, 'ign_k': 0.6613701575190816, 'ign_c': 0.10396094630504037, 'trop_agb_crit': 11.681768895159838, 'trop_k_veg': 2.5175714040110533, 'fuel_k': 2.3322449379296555, 'fuel_half': 0.18786388336501436}. Best is trial 0 with value: -0.6070628323553574.
[I 2026-07-24 02:23:48,443] Trial 1143 finished with value: 0.5144558268757378 and parameters: {'k1': 0.0013248161606462421, 'D_low': 21.399433961258687, 'k2': 0.0001659342908013249, 'D_high': 659087.9598744237, 'fire_exp': 1.060036425501946, 'P_half': 289.6395969337465, 'pre_dampen_half': 0.023002547226929765, 'gpp_af': 0.01910827239137381, 'gpp_b': 2.255327135182453e-05, 'gpp_d': 4.810022420945036, 'ign_k': 0.0011113994160634442, 'ign_c': 1.5991565415210487, 'trop_agb_crit': 1.6404913185163372, 'trop_k_veg': 2.2514301988486127, 'fuel_k': 2.582600587661344, 'fuel_half': 0.11081295457121869}. Best is trial 0 with value: -0.6070628323553574.
[I 2026-07-24 02:23:48,860] Trial 1144 finished with value: -0.5979433851841793 and parameters: {'k1': 0.003125171782977408, 'D_low': 29.22834266948233, 'k2': 6.216500034732144e-05, 'D_high': 1432864.5442174987, 'fire_exp': 2.5452824654798385, 'P_half': 91.29380873699483, 'pre_dampen_half': 2.3436667864353145, 'gpp_af': 44.92423889539111, 'gpp_b': 0.08538657614006437, 'gpp_d': 305.7719233295055, 'ign_k': 0.4445091511195826, 'ign_c': 0.2223889830192285, 'trop_agb_crit': 14.608167604674442, 'trop_k_veg': 1.5638341244121539, 'fuel_k': 1.937309577855359, 'fuel_half': 0.9117990961921589}. Best is trial 0 with value: -0.6070628323553574.
[I 2026-07-24 02:23:49,274] Trial 1145 finished with value: 0.5308704868959353 and parameters: {'k1': 0.01883078482198116, 'D_low': 385.15124597447544, 'k2': 3.957274005724425e-05, 'D_high': 37638.296377931045, 'fire_exp': 1.1571006532883379, 'P_half': 21.5968139897828, 'pre_dampen_half': 0.4320392773110797, 'gpp_af': 19.466889574688334, 'gpp_b': 2.5669197307817253, 'gpp_d': 818.1601813818534, 'ign_k': 0.062155939665959954, 'ign_c': 2.8601992978657074, 'trop_agb_crit': 26.649815735994345, 'trop_k_veg': 1.260159912318305, 'fuel_k': 2.000025502073852, 'fuel_half': 3.8388254067615812}. Best is trial 0 with value: -0.6070628323553574.
[I 2026-07-24 02:23:49,690] Trial 1146 finished with value: 0.4891956427601226 and parameters: {'k1': 0.01130948062130535, 'D_low': 24.26539381879917, 'k2': 0.0007135829268427699, 'D_high': 89189.36034462035, 'fire_exp': 1.4252673376286944, 'P_half': 16.10515208198156, 'pre_dampen_half': 0.044321694930048054, 'gpp_af': 0.005641112360897357, 'gpp_b': 0.0012270482414394102, 'gpp_d': 41.57750978257091, 'ign_k': 2.3921786518812636, 'ign_c': 1.709838373216298, 'trop_agb_crit': 13.428694041299572, 'trop_k_veg': 3.985680200022271, 'fuel_k': 2.1776712346546216, 'fuel_half': 0.48809463208133996}. Best is trial 0 with value: -0.6070628323553574.
[I 2026-07-24 02:23:50,108] Trial 1147 finished with value: 0.5575817747513196 and parameters: {'k1': 0.005067581905919012, 'D_low': 91.28043768858576, 'k2': 0.0014100392109113475, 'D_high': 3469758.156619724, 'fire_exp': 6.852470854721201, 'P_half': 109.24673404221586, 'pre_dampen_half': 37.51245462719163, 'gpp_af': 0.0017936998365813718, 'gpp_b': 0.0007324672001964528, 'gpp_d': 1.8300888988510222, 'ign_k': 7.528997120254886, 'ign_c': 11.20265690028707, 'trop_agb_crit': 18.5257021402509, 'trop_k_veg': 0.9237523637716315, 'fuel_k': 0.7125830733934969, 'fuel_half': 0.3185910052620391}. Best is trial 0 with value: -0.6070628323553574.
[I 2026-07-24 02:23:50,525] Trial 1148 finished with value: 0.6629883453087946 and parameters: {'k1': 0.024546636033902648, 'D_low': 3.5821569544244616, 'k2': 8.111032881624545e-05, 'D_high': 1702967.17957735, 'fire_exp': 3.846989473358612, 'P_half': 12.158119056992623, 'pre_dampen_half': 539.3739957240327, 'gpp_af': 0.024074292127945162, 'gpp_b': 3.340434301417998e-05, 'gpp_d': 1.3203408258075178, 'ign_k': 5.470896888311345, 'ign_c': 1.2986027602232049, 'trop_agb_crit': 14.78011475388428, 'trop_k_veg': 2.9528806122713527, 'fuel_k': 2.3484176249822015, 'fuel_half': 0.28070300277039356}. Best is trial 0 with value: -0.6070628323553574.
[I 2026-07-24 02:23:50,942] Trial 1149 finished with value: 0.44950732846120667 and parameters: {'k1': 0.0058468071795825015, 'D_low': 384.6950050690007, 'k2': 1.3214636129537363e-05, 'D_high': 919168.4369231142, 'fire_exp': 1.0385823585808227, 'P_half': 20.5297430592962, 'pre_dampen_half': 5.18105119273679, 'gpp_af': 2.8640928933869043, 'gpp_b': 0.0002545953812810533, 'gpp_d': 291.48009321168314, 'ign_k': 0.14095813993112216, 'ign_c': 0.21284828788328483, 'trop_agb_crit': 18.77688437368595, 'trop_k_veg': 3.0667790239063852, 'fuel_k': 0.19676806630831825, 'fuel_half': 0.5075329796802868}. Best is trial 0 with value: -0.6070628323553574.
[I 2026-07-24 02:23:51,362] Trial 1150 finished with value: 0.5862275268264081 and parameters: {'k1': 0.009647534022040327, 'D_low': 2.747746820642729, 'k2': 0.000716207067424087, 'D_high': 417127.363366749, 'fire_exp': 6.058670847687231, 'P_half': 3469.736224959359, 'pre_dampen_half': 16.34472207477627, 'gpp_af': 0.11091438350585087, 'gpp_b': 2.0036838673623136e-05, 'gpp_d': 0.6055086151967503, 'ign_k': 6.948359721978717, 'ign_c': 3.740235887149177, 'trop_agb_crit': 6.102274156753038, 'trop_k_veg': 2.6310208746903156, 'fuel_k': 0.1606163706051188, 'fuel_half': 0.25721015670754}. Best is trial 0 with value: -0.6070628323553574.
[I 2026-07-24 02:23:51,783] Trial 1151 finished with value: -0.6008050554093133 and parameters: {'k1': 0.0005118153166198521, 'D_low': 211.24704655330558, 'k2': 0.00012516497562836473, 'D_high': 4006655.847889613, 'fire_exp': 4.421409515564498, 'P_half': 250.07910941917535, 'pre_dampen_half': 33.906034528675164, 'gpp_af': 0.04349400183964716, 'gpp_b': 7.829674661848435e-05, 'gpp_d': 30.44659057927366, 'ign_k': 0.19285019782605464, 'ign_c': 3.409406081553649, 'trop_agb_crit': 27.0601962516158, 'trop_k_veg': 2.405187671790418, 'fuel_k': 1.3232048982339655, 'fuel_half': 0.11040741213693836}. Best is trial 0 with value: -0.6070628323553574.
[I 2026-07-24 02:23:52,199] Trial 1152 finished with value: 0.5426797512562521 and parameters: {'k1': 0.00433218717189405, 'D_low': 1.4625879788140543, 'k2': 0.00030150151932472626, 'D_high': 1139949.6205421959, 'fire_exp': 2.820392784767128, 'P_half': 882.3866063724845, 'pre_dampen_half': 5.178706235076837, 'gpp_af': 0.017950199482045247, 'gpp_b': 8.378747316039166e-05, 'gpp_d': 2.082613241120728, 'ign_k': 3.663147287583954, 'ign_c': 5.100220863273489, 'trop_agb_crit': 14.55354545775946, 'trop_k_veg': 3.084274326147326, 'fuel_k': 0.1580507779278838, 'fuel_half': 0.14851869526620248}. Best is trial 0 with value: -0.6070628323553574.
[I 2026-07-24 02:23:52,618] Trial 1153 finished with value: 0.5784147718977277 and parameters: {'k1': 0.00041355909414755523, 'D_low': 665.3817207724602, 'k2': 0.00024385428304392678, 'D_high': 5320091.462267149, 'fire_exp': 1.757394844708317, 'P_half': 67.8869985490643, 'pre_dampen_half': 0.041156683183871334, 'gpp_af': 0.4300732790154083, 'gpp_b': 0.2173228682375642, 'gpp_d': 13.018388482348323, 'ign_k': 0.09053334673860763, 'ign_c': 19.988427005712094, 'trop_agb_crit': 20.777168537247306, 'trop_k_veg': 2.117493730415129, 'fuel_k': 0.16236386010580225, 'fuel_half': 9.768567016827134}. Best is trial 0 with value: -0.6070628323553574.
[I 2026-07-24 02:23:53,033] Trial 1154 finished with value: 0.5680183072210399 and parameters: {'k1': 0.0008276179944146483, 'D_low': 10.660506922791065, 'k2': 0.0001114335955578234, 'D_high': 158639.6426441051, 'fire_exp': 3.302899188092392, 'P_half': 798.691976466046, 'pre_dampen_half': 2.2463740803121324, 'gpp_af': 0.0011047596899865211, 'gpp_b': 3.623399223197364e-05, 'gpp_d': 74.97797727313517, 'ign_k': 4.741340579735437, 'ign_c': 0.5939013763660868, 'trop_agb_crit': 19.841381972531206, 'trop_k_veg': 2.0820897157232943, 'fuel_k': 0.4880951137447412, 'fuel_half': 0.2774184280565136}. Best is trial 0 with value: -0.6070628323553574.
