[I 2026-08-06 02:39:31,800] Trial 107 finished with values: [11.14726382556327, 11.14726382556327] and parameters: {'k1': 0.02641449645424223, 'D_low': 2.1234210963705626, 'k2': 0.031211489608802344, 'D_high': 48249.14281180252, 'fire_exp': 3.1018148805490564, 'P_half': 12.808863354047988, 'pre_dampen_half': 107.40052367919465, 'gpp_af': 5.511863475708366, 'gpp_b': 0.00012797528816608022, 'gpp_d': 223.60515435267138, 'ign_k': 0.34703605955441524, 'ign_c': 8.671454322584175}.
[I 2026-08-06 02:39:32,912] Trial 108 finished with values: [10.757437920681479, 10.757437920681479] and parameters: {'k1': 7.841214856323651e-05, 'D_low': 118.94665366442581, 'k2': 0.02065142557895925, 'D_high': 75773.14388518519, 'fire_exp': 1.1044852285094786, 'P_half': 3669.20903969591, 'pre_dampen_half': 0.050654860639753524, 'gpp_af': 92.21975850381763, 'gpp_b': 2.800940363375676e-05, 'gpp_d': 859.8737339212263, 'ign_k': 1.2273800987852967, 'ign_c': 12.37061744238074}.
[I 2026-08-06 02:39:34,088] Trial 109 finished with values: [10.769230766854202, 10.769230766854202] and parameters: {'k1': 0.015602015889668856, 'D_low': 1636.5290600718067, 'k2': 0.006424916813668931, 'D_high': 2317.9376139410874, 'fire_exp': 7.762566645187935, 'P_half': 1687.869855879562, 'pre_dampen_half': 896.4492537002844, 'gpp_af': 0.11563475499641605, 'gpp_b': 0.0017065087316216368, 'gpp_d': 0.9885838682552678, 'ign_k': 0.001655947467404601, 'ign_c': 14.810800730363484}.
[I 2026-08-06 02:39:35,198] Trial 110 finished with values: [10.767754996944477, 10.767754996944477] and parameters: {'k1': 4.739584301027366e-05, 'D_low': 13.012518385211498, 'k2': 0.0027431991397796683, 'D_high': 22.636544662054543, 'fire_exp': 1.3201882743050743, 'P_half': 69.68111190775313, 'pre_dampen_half': 0.4742269251269962, 'gpp_af': 0.0662749342026412, 'gpp_b': 0.010483435442445016, 'gpp_d': 28.312234265202243, 'ign_k': 0.0014363112408604436, 'ign_c': 157.63098727399432}.
[I 2026-08-06 02:39:36,353] Trial 111 finished with values: [10.66655345003157, 10.66655345003157] and parameters: {'k1': 0.002971796631657383, 'D_low': 74.92772870670282, 'k2': 0.0007081721844034209, 'D_high': 9769.756791866093, 'fire_exp': 1.0881360604103363, 'P_half': 1627.0983114897251, 'pre_dampen_half': 53.73093479067421, 'gpp_af': 29.925002022877802, 'gpp_b': 0.011750724729953272, 'gpp_d': 4.5768578731086835, 'ign_k': 0.0026834162496848666, 'ign_c': 298.123706972088}.
[I 2026-08-06 02:39:37,480] Trial 112 finished with values: [10.538665143560793, 10.538665143560793] and parameters: {'k1': 0.025383218374507292, 'D_low': 18.522006003174383, 'k2': 4.763991596630584e-05, 'D_high': 1687.3495104568947, 'fire_exp': 1.010722707674549, 'P_half': 608.3019192425825, 'pre_dampen_half': 14.689898077648792, 'gpp_af': 22.766850248686247, 'gpp_b': 0.6637926838138378, 'gpp_d': 891.8036602897795, 'ign_k': 3.7173717478250508, 'ign_c': 14.367095138664217}.
[I 2026-08-06 02:39:38,579] Trial 113 finished with values: [10.759736220959384, 10.759736220959384] and parameters: {'k1': 0.00488137519160367, 'D_low': 918.4900818511542, 'k2': 8.923807143379776e-05, 'D_high': 8182.111518618414, 'fire_exp': 2.332293128354265, 'P_half': 14.94057723907974, 'pre_dampen_half': 14.711215379121963, 'gpp_af': 11.234842109991876, 'gpp_b': 1.5938003265859821, 'gpp_d': 368.30088529547436, 'ign_k': 0.11101191524846071, 'ign_c': 10.140635645866492}.
[I 2026-08-06 02:39:39,720] Trial 114 finished with values: [10.769230769045793, 10.769230769045793] and parameters: {'k1': 0.00324789183891923, 'D_low': 2.1234210963705626, 'k2': 6.290644294586152e-05, 'D_high': 1140.0863701127325, 'fire_exp': 3.9121416285496955, 'P_half': 1.533916259116362, 'pre_dampen_half': 107.40052367919465, 'gpp_af': 5.511863475708366, 'gpp_b': 0.00012797528816608022, 'gpp_d': 0.11136446029400991, 'ign_k': 7.2866537374910445, 'ign_c': 171.23375973163948}.
[I 2026-08-06 02:39:40,814] Trial 115 finished with values: [10.769230769045793, 10.769230769045793] and parameters: {'k1': 0.008715336806899437, 'D_low': 74.92772870670282, 'k2': 1.6796279878430503e-05, 'D_high': 215.7727947769347, 'fire_exp': 2.5013167628643336, 'P_half': 395.22208819061166, 'pre_dampen_half': 4.863825828994056, 'gpp_af': 0.11563475499641605, 'gpp_b': 5.9297350775555, 'gpp_d': 76.2192732934521, 'ign_k': 0.02307884981527798, 'ign_c': 528.4809078673597}.
[I 2026-08-06 02:39:41,973] Trial 116 finished with values: [10.767499554177299, 10.767499554177299] and parameters: {'k1': 0.004579192310322934, 'D_low': 123.66924205139141, 'k2': 0.0001870742013766025, 'D_high': 32270.237615157977, 'fire_exp': 2.4685680709443356, 'P_half': 1846.7059900514498, 'pre_dampen_half': 1.5691864266263484, 'gpp_af': 39.744595568350256, 'gpp_b': 0.005971435064832835, 'gpp_d': 0.32128420171885896, 'ign_k': 0.9782222138048976, 'ign_c': 10.253722513378378}.
[I 2026-08-06 02:39:43,102] Trial 117 finished with values: [10.768513948123799, 10.768513948123799] and parameters: {'k1': 0.014666151770108535, 'D_low': 1440.3650379563878, 'k2': 2.316457903103837e-05, 'D_high': 3550.0125258511603, 'fire_exp': 1.14171776851287, 'P_half': 157.80309954142965, 'pre_dampen_half': 1.6130673726933187, 'gpp_af': 27.448645214004376, 'gpp_b': 0.36703737625293875, 'gpp_d': 0.03848886303127135, 'ign_k': 0.0037322156377670697, 'ign_c': 9.444574254983557}.
[I 2026-08-06 02:39:44,214] Trial 118 finished with values: [10.624109855800521, 10.624109855800521] and parameters: {'k1': 0.014666151770108535, 'D_low': 9.330007965781027, 'k2': 0.00011939136672856547, 'D_high': 949.9072859745386, 'fire_exp': 1.0473002272689056, 'P_half': 19.4230157499841, 'pre_dampen_half': 1.6130673726933187, 'gpp_af': 0.04339970334001348, 'gpp_b': 5.2308563179361105e-05, 'gpp_d': 0.03848886303127135, 'ign_k': 0.0037322156377670697, 'ign_c': 2.4287565087611744}.
[I 2026-08-06 02:39:45,319] Trial 119 finished with values: [10.651298144645171, 10.651298144645171] and parameters: {'k1': 0.03699867920489089, 'D_low': 334.62201030483817, 'k2': 1.1184534120760473e-05, 'D_high': 75773.14388518519, 'fire_exp': 1.1044852285094786, 'P_half': 93.34064019986363, 'pre_dampen_half': 0.09467055845337147, 'gpp_af': 4.095062894476692, 'gpp_b': 2.7719116797094715e-05, 'gpp_d': 5.878566318396007, 'ign_k': 0.3818468247973969, 'ign_c': 0.5110256715654393}.
[I 2026-08-06 02:39:46,437] Trial 120 finished with values: [10.769132426305005, 10.769132426305005] and parameters: {'k1': 2.0937989739527727e-05, 'D_low': 125.32726386250698, 'k2': 0.0009299619346742016, 'D_high': 107.88909575795405, 'fire_exp': 1.2943117749495199, 'P_half': 39.03214299767183, 'pre_dampen_half': 2.9046276683520458, 'gpp_af': 0.04403094955951772, 'gpp_b': 0.7987896438549947, 'gpp_d': 0.15875524914818662, 'ign_k': 0.002011190979341457, 'ign_c': 2.442377596403893}.
[I 2026-08-06 02:39:47,573] Trial 121 finished with values: [10.755992333207615, 10.755992333207615] and parameters: {'k1': 0.03232155805617897, 'D_low': 918.4900818511542, 'k2': 0.015109330261674455, 'D_high': 6455.595882939566, 'fire_exp': 5.463881201328881, 'P_half': 14.94057723907974, 'pre_dampen_half': 111.37963167994629, 'gpp_af': 4.095062894476692, 'gpp_b': 1.5938003265859821, 'gpp_d': 368.30088529547436, 'ign_k': 0.11101191524846071, 'ign_c': 0.5110256715654393}.
[I 2026-08-06 02:39:48,699] Trial 122 finished with values: [10.764026521419732, 10.764026521419732] and parameters: {'k1': 0.00488137519160367, 'D_low': 1112.9571947046009, 'k2': 8.923807143379776e-05, 'D_high': 8182.111518618414, 'fire_exp': 2.332293128354265, 'P_half': 338.23872019362165, 'pre_dampen_half': 14.711215379121963, 'gpp_af': 0.47739011308437823, 'gpp_b': 0.005167823176781545, 'gpp_d': 150.14555442537656, 'ign_k': 0.019192001101561888, 'ign_c': 0.557280750002996}.
[I 2026-08-06 02:39:49,836] Trial 123 finished with values: [10.645417997949396, 10.645417997949396] and parameters: {'k1': 0.01783192664937594, 'D_low': 2.458603276328005, 'k2': 0.08790311296857814, 'D_high': 576.2487216478603, 'fire_exp': 1.324458134009935, 'P_half': 95.65499215943822, 'pre_dampen_half': 76.86605275420082, 'gpp_af': 0.6194713831445294, 'gpp_b': 0.0003570095960030948, 'gpp_d': 0.13274681648778813, 'ign_k': 0.0027847738314446878, 'ign_c': 12.03017887115466}.
[I 2026-08-06 02:39:50,965] Trial 124 finished with values: [10.765519327536467, 10.765519327536467] and parameters: {'k1': 0.02641449645424223, 'D_low': 64.52946500764233, 'k2': 0.0007883068789768041, 'D_high': 54.1524411940254, 'fire_exp': 2.0148477884158655, 'P_half': 125.61043700013555, 'pre_dampen_half': 1.4445251022763053, 'gpp_af': 0.14765842992482675, 'gpp_b': 0.0024605285374226047, 'gpp_d': 0.05061568304359488, 'ign_k': 0.34703605955441524, 'ign_c': 0.15178052094448868}.
[I 2026-08-06 02:39:52,089] Trial 125 finished with values: [10.769227083410993, 10.769227083410993] and parameters: {'k1': 1.2629989039319992e-05, 'D_low': 7089.141723796886, 'k2': 0.0007883068789768041, 'D_high': 24.622754931226588, 'fire_exp': 3.1018148805490564, 'P_half': 78.32259769732477, 'pre_dampen_half': 0.07345296810407675, 'gpp_af': 0.017832592720985762, 'gpp_b': 0.01974058362112495, 'gpp_d': 37.40930273158252, 'ign_k': 0.34703605955441524, 'ign_c': 0.5076307782729895}.
[I 2026-08-06 02:39:53,226] Trial 126 finished with values: [10.769230769045793, 10.769230769045793] and parameters: {'k1': 0.0012329098365270509, 'D_low': 51.30551760589834, 'k2': 0.0499774937030317, 'D_high': 32311.521854410956, 'fire_exp': 1.811096651915224, 'P_half': 436.4516946807792, 'pre_dampen_half': 0.37306104754535907, 'gpp_af': 0.34902252478382495, 'gpp_b': 2.788681037423117, 'gpp_d': 0.1619054449471649, 'ign_k': 0.09850790683119273, 'ign_c': 105.24574681335613}.
[I 2026-08-06 02:39:54,408] Trial 127 finished with values: [10.769112493915841, 10.769112493915841] and parameters: {'k1': 0.0004739164656764018, 'D_low': 123.66924205139141, 'k2': 0.0027431991397796683, 'D_high': 1024.9816559563214, 'fire_exp': 2.4685680709443356, 'P_half': 4564.399028622418, 'pre_dampen_half': 0.6485888757042115, 'gpp_af': 0.015769192447197523, 'gpp_b': 7.402343469704428e-05, 'gpp_d': 0.32128420171885896, 'ign_k': 0.9782222138048976, 'ign_c': 10.253722513378378}.
[I 2026-08-06 02:39:55,554] Trial 128 finished with values: [10.769230601752195, 10.769230601752195] and parameters: {'k1': 0.00017535949529764417, 'D_low': 19.986340778528874, 'k2': 0.02207600491318518, 'D_high': 3550.0125258511603, 'fire_exp': 2.5642061910321017, 'P_half': 77.42116473996248, 'pre_dampen_half': 0.06055990892372905, 'gpp_af': 0.017832592720985762, 'gpp_b': 0.36703737625293875, 'gpp_d': 6.403036652671167, 'ign_k': 1.2130221181165162, 'ign_c': 9.444574254983557}.
[I 2026-08-06 02:39:56,658] Trial 129 finished with values: [10.765924975236508, 10.765924975236508] and parameters: {'k1': 0.00016536937182824412, 'D_low': 2.458603276328005, 'k2': 0.005456725485601475, 'D_high': 576.2487216478603, 'fire_exp': 1.324458134009935, 'P_half': 210.0648561959641, 'pre_dampen_half': 0.014857392806279237, 'gpp_af': 35.20481045526041, 'gpp_b': 0.0003570095960030948, 'gpp_d': 20.54051942538844, 'ign_k': 0.017654048052495083, 'ign_c': 12.03017887115466}.
[I 2026-08-06 02:39:57,781] Trial 130 finished with values: [10.769223163204634, 10.769223163204634] and parameters: {'k1': 0.014666151770108535, 'D_low': 918.4900818511542, 'k2': 2.316457903103837e-05, 'D_high': 6455.595882939566, 'fire_exp': 1.1044852285094786, 'P_half': 215.55950571043874, 'pre_dampen_half': 111.37963167994629, 'gpp_af': 11.234842109991876, 'gpp_b': 0.0025416076006960116, 'gpp_d': 0.03848886303127135, 'ign_k': 0.11101191524846071, 'ign_c': 111.18405953132105}.
[I 2026-08-06 02:39:58,915] Trial 131 finished with values: [10.56044286565056, 10.56044286565056] and parameters: {'k1': 0.003381093273170853, 'D_low': 1440.3650379563878, 'k2': 2.316457903103837e-05, 'D_high': 949.9072859745386, 'fire_exp': 1.0881360604103363, 'P_half': 157.80309954142965, 'pre_dampen_half': 36.876350096203005, 'gpp_af': 29.925002022877802, 'gpp_b': 0.011750724729953272, 'gpp_d': 4.5768578731086835, 'ign_k': 0.0037322156377670697, 'ign_c': 111.18405953132105}.
[I 2026-08-06 02:40:00,041] Trial 132 finished with values: [10.672653190459947, 10.672653190459947] and parameters: {'k1': 0.014666151770108535, 'D_low': 2.1234210963705626, 'k2': 2.316457903103837e-05, 'D_high': 949.9072859745386, 'fire_exp': 1.14171776851287, 'P_half': 157.80309954142965, 'pre_dampen_half': 107.40052367919465, 'gpp_af': 0.001162712343304238, 'gpp_b': 0.0012749409641020352, 'gpp_d': 0.03848886303127135, 'ign_k': 0.0037322156377670697, 'ign_c': 8.671454322584175}.
[I 2026-08-06 02:40:01,168] Trial 133 finished with values: [10.874274229501712, 10.874274229501712] and parameters: {'k1': 0.03699867920489089, 'D_low': 4.051452710153359, 'k2': 1.1184534120760473e-05, 'D_high': 7744.80118512745, 'fire_exp': 1.182396148413737, 'P_half': 24.136213194527585, 'pre_dampen_half': 304.7488318185732, 'gpp_af': 4.095062894476692, 'gpp_b': 3.228689523591491e-05, 'gpp_d': 5.878566318396007, 'ign_k': 0.3818468247973969, 'ign_c': 3.0378658251922155}.
[I 2026-08-06 02:40:02,340] Trial 134 finished with values: [10.769230769045793, 10.769230769045793] and parameters: {'k1': 7.841214856323651e-05, 'D_low': 7126.727573532312, 'k2': 1.1184534120760473e-05, 'D_high': 75773.14388518519, 'fire_exp': 1.1044852285094786, 'P_half': 3669.20903969591, 'pre_dampen_half': 4.350163152436989, 'gpp_af': 92.21975850381763, 'gpp_b': 1.0714507872203791, 'gpp_d': 5.878566318396007, 'ign_k': 7.537201787998428, 'ign_c': 45.097190641534816}.
[I 2026-08-06 02:40:03,468] Trial 135 finished with values: [10.727713421130554, 10.727713421130554] and parameters: {'k1': 7.841214856323651e-05, 'D_low': 918.4900818511542, 'k2': 1.1184534120760473e-05, 'D_high': 6455.595882939566, 'fire_exp': 1.1044852285094786, 'P_half': 5.15399351160314, 'pre_dampen_half': 0.09467055845337147, 'gpp_af': 4.095062894476692, 'gpp_b': 0.0025416076006960116, 'gpp_d': 5.878566318396007, 'ign_k': 0.11101191524846071, 'ign_c': 10.140635645866492}.
[I 2026-08-06 02:40:04,596] Trial 136 finished with values: [10.75808557953705, 10.75808557953705] and parameters: {'k1': 0.03232155805617897, 'D_low': 6986.847592445664, 'k2': 0.006138509947844854, 'D_high': 9769.756791866093, 'fire_exp': 1.0881360604103363, 'P_half': 14.94057723907974, 'pre_dampen_half': 111.37963167994629, 'gpp_af': 11.234842109991876, 'gpp_b': 1.5938003265859821, 'gpp_d': 4.5768578731086835, 'ign_k': 0.0026834162496848666, 'ign_c': 298.123706972088}.
[I 2026-08-06 02:40:05,757] Trial 137 finished with values: [10.769027658538583, 10.769027658538583] and parameters: {'k1': 0.00488137519160367, 'D_low': 175.2878790340412, 'k2': 0.03210808548911189, 'D_high': 411.0848435021235, 'fire_exp': 2.332293128354265, 'P_half': 1.3035590385085063, 'pre_dampen_half': 14.711215379121963, 'gpp_af': 11.234842109991876, 'gpp_b': 0.1676789742547917, 'gpp_d': 0.11609694921678075, 'ign_k': 0.11101191524846071, 'ign_c': 0.11433485956638717}.
[I 2026-08-06 02:40:06,904] Trial 138 finished with values: [-0.46931254773430675, 0.4199178714789823] and parameters: {'k1': 0.002971796631657383, 'D_low': 29.89885508829526, 'k2': 0.0007081721844034209, 'D_high': 9769.756791866093, 'fire_exp': 1.0881360604103363, 'P_half': 10.226988730324324, 'pre_dampen_half': 36.876350096203005, 'gpp_af': 29.925002022877802, 'gpp_b': 0.011750724729953272, 'gpp_d': 4.5768578731086835, 'ign_k': 0.0026834162496848666, 'ign_c': 6.160975294741436}.
[I 2026-08-06 02:40:08,030] Trial 139 finished with values: [11.260676184714878, 11.260676184714878] and parameters: {'k1': 0.002971796631657383, 'D_low': 4.051452710153359, 'k2': 0.0007081721844034209, 'D_high': 9769.756791866093, 'fire_exp': 1.0881360604103363, 'P_half': 24.136213194527585, 'pre_dampen_half': 304.7488318185732, 'gpp_af': 29.925002022877802, 'gpp_b': 3.228689523591491e-05, 'gpp_d': 857.4284557962634, 'ign_k': 0.03141110271934876, 'ign_c': 3.0378658251922155}.
[I 2026-08-06 02:40:09,154] Trial 140 finished with values: [10.449254824076238, 10.449254824076238] and parameters: {'k1': 7.841214856323651e-05, 'D_low': 74.92772870670282, 'k2': 1.1184534120760473e-05, 'D_high': 39.323386421481615, 'fire_exp': 1.1044852285094786, 'P_half': 45.55085098454082, 'pre_dampen_half': 53.73093479067421, 'gpp_af': 29.925002022877802, 'gpp_b': 0.0025416076006960116, 'gpp_d': 368.30088529547436, 'ign_k': 0.0026834162496848666, 'ign_c': 298.123706972088}.
[I 2026-08-06 02:40:10,315] Trial 141 finished with values: [10.442739628764016, 10.442739628764016] and parameters: {'k1': 0.00488137519160367, 'D_low': 918.4900818511542, 'k2': 1.1184534120760473e-05, 'D_high': 6455.595882939566, 'fire_exp': 2.332293128354265, 'P_half': 14.94057723907974, 'pre_dampen_half': 111.37963167994629, 'gpp_af': 11.234842109991876, 'gpp_b': 3.251606690398149e-05, 'gpp_d': 368.30088529547436, 'ign_k': 0.11101191524846071, 'ign_c': 10.140635645866492}.
[I 2026-08-06 02:40:11,438] Trial 142 finished with values: [10.743437857348464, 10.743437857348464] and parameters: {'k1': 0.0029707920514735983, 'D_low': 2.5379946629058443, 'k2': 2.1698375693549493e-05, 'D_high': 6366.1449945522045, 'fire_exp': 1.182396148413737, 'P_half': 9716.212563514906, 'pre_dampen_half': 33.9790424311127, 'gpp_af': 5.511863475708366, 'gpp_b': 3.228689523591491e-05, 'gpp_d': 857.4284557962634, 'ign_k': 0.03141110271934876, 'ign_c': 8.671454322584175}.
[I 2026-08-06 02:40:12,561] Trial 143 finished with values: [10.765874780943838, 10.765874780943838] and parameters: {'k1': 0.0002656971546588439, 'D_low': 1112.9571947046009, 'k2': 0.0010204225357677778, 'D_high': 576.2487216478603, 'fire_exp': 1.264103030891254, 'P_half': 338.23872019362165, 'pre_dampen_half': 0.16974173693738634, 'gpp_af': 0.006359264168909611, 'gpp_b': 0.00013164432569139702, 'gpp_d': 20.54051942538844, 'ign_k': 0.019192001101561888, 'ign_c': 0.557280750002996}.
[I 2026-08-06 02:40:13,675] Trial 144 finished with values: [10.419992302552334, 10.419992302552334] and parameters: {'k1': 0.002407354618388189, 'D_low': 2.1234210963705626, 'k2': 1.1184534120760473e-05, 'D_high': 6455.595882939566, 'fire_exp': 1.1044852285094786, 'P_half': 12.808863354047988, 'pre_dampen_half': 107.40052367919465, 'gpp_af': 11.234842109991876, 'gpp_b': 0.00012797528816608022, 'gpp_d': 368.30088529547436, 'ign_k': 0.11101191524846071, 'ign_c': 8.671454322584175}.
[I 2026-08-06 02:40:14,838] Trial 145 finished with values: [10.743911588607045, 10.743911588607045] and parameters: {'k1': 0.002971796631657383, 'D_low': 29.89885508829526, 'k2': 0.0007081721844034209, 'D_high': 6455.595882939566, 'fire_exp': 1.1044852285094786, 'P_half': 10.226988730324324, 'pre_dampen_half': 111.37963167994629, 'gpp_af': 11.234842109991876, 'gpp_b': 0.0025416076006960116, 'gpp_d': 368.30088529547436, 'ign_k': 0.11101191524846071, 'ign_c': 6.160975294741436}.
[I 2026-08-06 02:40:15,975] Trial 146 finished with values: [10.629171962666241, 10.629171962666241] and parameters: {'k1': 0.00324789183891923, 'D_low': 2.1234210963705626, 'k2': 0.031211489608802344, 'D_high': 8241.92526487646, 'fire_exp': 1.151006986743773, 'P_half': 12.808863354047988, 'pre_dampen_half': 0.6199100007802261, 'gpp_af': 5.511863475708366, 'gpp_b': 0.00012797528816608022, 'gpp_d': 0.11136446029400991, 'ign_k': 0.03033111747878116, 'ign_c': 8.671454322584175}.
[I 2026-08-06 02:40:17,083] Trial 147 finished with values: [10.729412542120736, 10.729412542120736] and parameters: {'k1': 0.00016536937182824412, 'D_low': 334.62201030483817, 'k2': 1.1184534120760473e-05, 'D_high': 75773.14388518519, 'fire_exp': 1.1670151053031461, 'P_half': 95.65499215943822, 'pre_dampen_half': 0.014857392806279237, 'gpp_af': 35.20481045526041, 'gpp_b': 0.0004837646996135023, 'gpp_d': 5.878566318396007, 'ign_k': 0.3818468247973969, 'ign_c': 12.03017887115466}.
[I 2026-08-06 02:40:18,207] Trial 148 finished with values: [10.68410949938609, 10.68410949938609] and parameters: {'k1': 0.025383218374507292, 'D_low': 18.522006003174383, 'k2': 4.763991596630584e-05, 'D_high': 1687.3495104568947, 'fire_exp': 1.010722707674549, 'P_half': 125.61043700013555, 'pre_dampen_half': 1.4445251022763053, 'gpp_af': 0.14765842992482675, 'gpp_b': 0.0024605285374226047, 'gpp_d': 0.05061568304359488, 'ign_k': 0.34703605955441524, 'ign_c': 14.367095138664217}.
[I 2026-08-06 02:40:19,320] Trial 149 finished with values: [10.250954937917278, 10.250954937917278] and parameters: {'k1': 0.0029707920514735983, 'D_low': 29.89885508829526, 'k2': 0.0007081721844034209, 'D_high': 7744.80118512745, 'fire_exp': 1.0881360604103363, 'P_half': 10.226988730324324, 'pre_dampen_half': 304.7488318185732, 'gpp_af': 5.620854611217178, 'gpp_b': 0.011750724729953272, 'gpp_d': 857.4284557962634, 'ign_k': 0.006912296717033066, 'ign_c': 3.0378658251922155}.
[I 2026-08-06 02:40:20,475] Trial 150 finished with values: [10.542838233055196, 10.542838233055196] and parameters: {'k1': 0.025383218374507292, 'D_low': 18.522006003174383, 'k2': 4.763991596630584e-05, 'D_high': 1687.3495104568947, 'fire_exp': 1.010722707674549, 'P_half': 608.3019192425825, 'pre_dampen_half': 14.689898077648792, 'gpp_af': 22.766850248686247, 'gpp_b': 0.6637926838138378, 'gpp_d': 309.22275645044783, 'ign_k': 3.7173717478250508, 'ign_c': 14.367095138664217}.
[I 2026-08-06 02:40:21,587] Trial 151 finished with values: [10.74654943960183, 10.74654943960183] and parameters: {'k1': 6.615437365561391e-05, 'D_low': 118.94665366442581, 'k2': 2.1698375693549493e-05, 'D_high': 57.90964233881214, 'fire_exp': 1.182396148413737, 'P_half': 3669.20903969591, 'pre_dampen_half': 33.9790424311127, 'gpp_af': 0.0025511964576171086, 'gpp_b': 3.228689523591491e-05, 'gpp_d': 859.8737339212263, 'ign_k': 0.03141110271934876, 'ign_c': 12.37061744238074}.
