[I 2026-07-22 18:45:43,391] Trial 559 finished with values: [-0.39669272582610143, 0.1692085842809129] and parameters: {'k1': 0.0029707920514735983, 'D_low': 4.043300846639722, 'k2': 2.1698375693549493e-05, 'D_high': 160625.60954780428, 'fire_exp': 1.182396148413737, 'P_half': 1938.3858782150498, 'pre_dampen_half': 33.97904243111269, 'gpp_af': 0.0025511964576171086, 'gpp_b': 3.228689523591491e-05, 'gpp_d': 857.4284557962626, 'ign_k': 0.03141110271934876, 'ign_c': 3.0378658251922155, 'trop_agb_crit': 15.870971677383487, 'trop_k_veg': 6.911478238001162, 'fuel_k': 5.486054129200971, 'fuel_half': 18.202647368248815}.
[I 2026-07-22 18:45:43,813] Trial 560 finished with values: [10.70266563190556, 10.70266563190556] and parameters: {'k1': 0.00016480446427978953, 'D_low': 1.7887890916820506, 'k2': 0.0038341488164556755, 'D_high': 1026.0852623190942, 'fire_exp': 1.3411849220480432, 'P_half': 38.82837025280678, 'pre_dampen_half': 0.4016986062226068, 'gpp_af': 0.06789053271698488, 'gpp_b': 1.7565109007473816e-05, 'gpp_d': 2.8006820077310226, 'ign_k': 3.284529979576942, 'ign_c': 0.4392638796750216, 'trop_agb_crit': 1.5774541406529003, 'trop_k_veg': 1.0049538030148353, 'fuel_k': 0.08612665817296865, 'fuel_half': 7.933304552450495}.
[I 2026-07-22 18:45:44,237] Trial 561 finished with values: [10.66465173626592, 10.66465173626592] and parameters: {'k1': 1.8205657658407255e-05, 'D_low': 247.75146043208053, 'k2': 1.6559474674046002e-05, 'D_high': 5109990.035268142, 'fire_exp': 1.3175349115759807, 'P_half': 2.458603276328005, 'pre_dampen_half': 26.373339933815235, 'gpp_af': 0.005618069878716736, 'gpp_b': 0.0005392415140872105, 'gpp_d': 302.3127748796295, 'ign_k': 0.254945458832971, 'ign_c': 4.1108484350212295, 'trop_agb_crit': 6.119263728555865, 'trop_k_veg': 1.7518409078083697, 'fuel_k': 0.08612665817296865, 'fuel_half': 0.2414020247400933}.
[I 2026-07-22 18:45:44,657] Trial 562 finished with values: [10.946909321229569, 10.946909321229569] and parameters: {'k1': 0.0029282035181080004, 'D_low': 8454.098152188677, 'k2': 7.67074891445376e-05, 'D_high': 822494.7917407941, 'fire_exp': 1.1258453832483524, 'P_half': 1.4378290221680121, 'pre_dampen_half': 347.79988160923324, 'gpp_af': 42.29037995744429, 'gpp_b': 0.0054502936945582505, 'gpp_d': 6.91394869865762, 'ign_k': 4.59148521674054, 'ign_c': 0.13670484737132343, 'trop_agb_crit': 10.719494362768906, 'trop_k_veg': 3.028464701337094, 'fuel_k': 2.860614210639247, 'fuel_half': 5.7024711030333775}.
[I 2026-07-22 18:45:45,073] Trial 563 finished with values: [10.730022332511842, 10.730022332511842] and parameters: {'k1': 8.17182556771865e-05, 'D_low': 13.25142220631392, 'k2': 1.6559474674046002e-05, 'D_high': 25240.47745792575, 'fire_exp': 1.6294642623991613, 'P_half': 277.92265849300054, 'pre_dampen_half': 0.46504594134732663, 'gpp_af': 18.235072804314193, 'gpp_b': 1.1698276136056565e-05, 'gpp_d': 2.2044650100999164, 'ign_k': 0.5131654955148324, 'ign_c': 4.406703994564745, 'trop_agb_crit': 1.886175574962432, 'trop_k_veg': 1.7518409078083697, 'fuel_k': 0.0500651901928747, 'fuel_half': 38.21129441691226}.
[I 2026-07-22 18:45:45,489] Trial 564 finished with values: [11.001194504742436, 11.001194504742436] and parameters: {'k1': 0.00016480446427978953, 'D_low': 1.7887890916820506, 'k2': 0.005259118659251229, 'D_high': 580966.5602369158, 'fire_exp': 1.4439251473259103, 'P_half': 38.82837025280678, 'pre_dampen_half': 94.20121790275627, 'gpp_af': 8.769726637617675, 'gpp_b': 1.7565109007473816e-05, 'gpp_d': 2.8006820077310226, 'ign_k': 0.7588328899786276, 'ign_c': 6.1609752947414345, 'trop_agb_crit': 2.419699259862185, 'trop_k_veg': 1.0049538030148353, 'fuel_k': 0.08612665817296865, 'fuel_half': 2.276766792290519}.
[I 2026-07-22 18:45:45,910] Trial 565 finished with values: [10.106304205175404, 10.106304205175404] and parameters: {'k1': 0.003198020818004832, 'D_low': 1.7887890916820506, 'k2': 0.001566517163094646, 'D_high': 580966.5602369158, 'fire_exp': 1.7124099831271415, 'P_half': 234.09994646132157, 'pre_dampen_half': 158.2364439052928, 'gpp_af': 36.46000535317359, 'gpp_b': 8.129227514069975e-05, 'gpp_d': 316.31196273374786, 'ign_k': 0.009861808369679786, 'ign_c': 2.5923015361558552, 'trop_agb_crit': 20.205002815711154, 'trop_k_veg': 2.417028380770307, 'fuel_k': 0.08612665817296865, 'fuel_half': 7.259866824755671}.
[I 2026-07-22 18:45:46,323] Trial 566 finished with values: [10.040630736700018, 10.040630736700018] and parameters: {'k1': 0.0029707920514735983, 'D_low': 4.043300846639722, 'k2': 0.01567230746060024, 'D_high': 160625.60954780428, 'fire_exp': 1.182396148413737, 'P_half': 1938.3858782150498, 'pre_dampen_half': 33.97904243111269, 'gpp_af': 0.0025511964576171086, 'gpp_b': 0.0002637687576667052, 'gpp_d': 857.4284557962626, 'ign_k': 0.006290644294586149, 'ign_c': 3.0378658251922155, 'trop_agb_crit': 15.870971677383487, 'trop_k_veg': 4.130963924640279, 'fuel_k': 5.486054129200971, 'fuel_half': 18.202647368248815}.
[I 2026-07-22 18:45:46,741] Trial 567 finished with values: [10.745685479802084, 10.745685479802084] and parameters: {'k1': 0.052334804885400876, 'D_low': 89.35942907009701, 'k2': 2.1698375693549493e-05, 'D_high': 160625.60954780428, 'fire_exp': 6.032891507385096, 'P_half': 13.019246714361572, 'pre_dampen_half': 347.79988160923324, 'gpp_af': 29.925002022877816, 'gpp_b': 3.228689523591491e-05, 'gpp_d': 6.378078463802852, 'ign_k': 0.012566783761977915, 'ign_c': 6.1609752947414345, 'trop_agb_crit': 15.870971677383487, 'trop_k_veg': 4.130963924640279, 'fuel_k': 0.48736180483849406, 'fuel_half': 18.202647368248815}.
[I 2026-07-22 18:45:47,162] Trial 568 finished with values: [12.123869989905966, 12.123869989905966] and parameters: {'k1': 0.0029707920514735983, 'D_low': 4.043300846639722, 'k2': 2.1698375693549493e-05, 'D_high': 160625.60954780428, 'fire_exp': 1.182396148413737, 'P_half': 234.09994646132157, 'pre_dampen_half': 94.20121790275627, 'gpp_af': 8.769726637617675, 'gpp_b': 3.228689523591491e-05, 'gpp_d': 129.7393125993744, 'ign_k': 0.03141110271934876, 'ign_c': 6.1609752947414345, 'trop_agb_crit': 15.870971677383487, 'trop_k_veg': 1.618831710447345, 'fuel_k': 5.486054129200971, 'fuel_half': 10.06119804781128}.
[I 2026-07-22 18:45:47,578] Trial 569 finished with values: [10.228035812152697, 10.228035812152697] and parameters: {'k1': 1.8205657658407255e-05, 'D_low': 247.75146043208053, 'k2': 2.1698375693549493e-05, 'D_high': 708572.1663941594, 'fire_exp': 1.3175349115759807, 'P_half': 2.458603276328005, 'pre_dampen_half': 26.373339933815235, 'gpp_af': 0.015350904103515228, 'gpp_b': 1.1698276136056565e-05, 'gpp_d': 8.057329182285729, 'ign_k': 0.0022267996908938684, 'ign_c': 3.0378658251922155, 'trop_agb_crit': 1.3839399385754507, 'trop_k_veg': 1.7518409078083697, 'fuel_k': 0.08612665817296865, 'fuel_half': 38.21129441691226}.
[I 2026-07-22 18:45:47,994] Trial 570 finished with values: [10.130152486989838, 10.130152486989838] and parameters: {'k1': 9.969469187531805e-05, 'D_low': 864.0717009254879, 'k2': 2.1698375693549493e-05, 'D_high': 160625.60954780428, 'fire_exp': 1.3411849220480432, 'P_half': 38.82837025280678, 'pre_dampen_half': 0.46504594134732663, 'gpp_af': 0.015350904103515228, 'gpp_b': 3.228689523591491e-05, 'gpp_d': 857.4284557962626, 'ign_k': 0.5131654955148324, 'ign_c': 3.0378658251922155, 'trop_agb_crit': 12.324775650896964, 'trop_k_veg': 1.7518409078083697, 'fuel_k': 0.0500651901928747, 'fuel_half': 81.87941582538087}.
[I 2026-07-22 18:45:48,431] Trial 571 finished with values: [10.731256733376602, 10.731256733376602] and parameters: {'k1': 0.0029707920514735983, 'D_low': 4.043300846639722, 'k2': 2.1698375693549493e-05, 'D_high': 107013.64911724928, 'fire_exp': 3.313658135010505, 'P_half': 4.020051040432125, 'pre_dampen_half': 33.97904243111269, 'gpp_af': 18.235072804314193, 'gpp_b': 3.228689523591491e-05, 'gpp_d': 857.4284557962626, 'ign_k': 0.5670346335627292, 'ign_c': 3.0378658251922155, 'trop_agb_crit': 15.870971677383487, 'trop_k_veg': 0.5415365826598848, 'fuel_k': 5.486054129200971, 'fuel_half': 18.202647368248815}.
[I 2026-07-22 18:45:48,860] Trial 572 finished with values: [10.651932465533479, 10.651932465533479] and parameters: {'k1': 0.003129228656360861, 'D_low': 8454.098152188677, 'k2': 2.1698375693549493e-05, 'D_high': 8433503.858791472, 'fire_exp': 8.791426299948917, 'P_half': 1.4378290221680121, 'pre_dampen_half': 33.71909132517388, 'gpp_af': 0.015350904103515228, 'gpp_b': 0.005135775987795958, 'gpp_d': 6.91394869865762, 'ign_k': 4.59148521674054, 'ign_c': 14.074279366401672, 'trop_agb_crit': 10.719494362768906, 'trop_k_veg': 1.7518409078083697, 'fuel_k': 3.6992394681929355, 'fuel_half': 81.87941582538087}.
[I 2026-07-22 18:45:49,276] Trial 573 finished with values: [10.226081855560178, 10.226081855560178] and parameters: {'k1': 0.00016480446427978953, 'D_low': 91.66403471455098, 'k2': 2.1698375693549493e-05, 'D_high': 1026.0852623190942, 'fire_exp': 1.3411849220480432, 'P_half': 5.575453980775371, 'pre_dampen_half': 3.9885726374014694, 'gpp_af': 0.8571213555597654, 'gpp_b': 0.0054502936945582505, 'gpp_d': 6.378078463802852, 'ign_k': 0.7588328899786276, 'ign_c': 0.4392638796750216, 'trop_agb_crit': 15.870971677383487, 'trop_k_veg': 1.0049538030148353, 'fuel_k': 0.02929333925546488, 'fuel_half': 2.276766792290519}.
[I 2026-07-22 18:45:49,697] Trial 574 finished with values: [10.003519212764804, 10.003519212764804] and parameters: {'k1': 0.0003199177539819797, 'D_low': 26378.036791458417, 'k2': 0.002342238625792905, 'D_high': 8433503.858791472, 'fire_exp': 8.791426299948917, 'P_half': 1.4378290221680121, 'pre_dampen_half': 33.71909132517388, 'gpp_af': 0.015350904103515228, 'gpp_b': 1.1698276136056565e-05, 'gpp_d': 6.91394869865762, 'ign_k': 4.59148521674054, 'ign_c': 0.13670484737132343, 'trop_agb_crit': 10.719494362768906, 'trop_k_veg': 2.3408809609838257, 'fuel_k': 3.6992394681929355, 'fuel_half': 81.87941582538087}.
[I 2026-07-22 18:45:50,112] Trial 575 finished with values: [10.76923076903347, 10.76923076903347] and parameters: {'k1': 0.0003199177539819797, 'D_low': 150238.92424595376, 'k2': 0.035891558714508394, 'D_high': 2283.4228779494524, 'fire_exp': 1.6471752197360958, 'P_half': 334.62201030483817, 'pre_dampen_half': 420.2116526335304, 'gpp_af': 0.3259758793317361, 'gpp_b': 3.228689523591491e-05, 'gpp_d': 2.2044650100999164, 'ign_k': 0.03141110271934876, 'ign_c': 3.0378658251922155, 'trop_agb_crit': 15.870971677383487, 'trop_k_veg': 3.024803048559367, 'fuel_k': 0.6137000782082781, 'fuel_half': 18.202647368248815}.
[I 2026-07-22 18:45:50,526] Trial 576 finished with values: [-0.5940777244041705, 0.47080002385762876] and parameters: {'k1': 0.0003199177539819797, 'D_low': 8454.098152188677, 'k2': 2.1698375693549493e-05, 'D_high': 8433503.858791472, 'fire_exp': 1.2465639280699068, 'P_half': 7.890004262668578, 'pre_dampen_half': 0.4016986062226068, 'gpp_af': 42.29037995744429, 'gpp_b': 1.3862179439161665e-05, 'gpp_d': 700.6693992445935, 'ign_k': 3.284529979576942, 'ign_c': 0.13670484737132343, 'trop_agb_crit': 20.205002815711154, 'trop_k_veg': 2.96469974704069, 'fuel_k': 0.48736180483849406, 'fuel_half': 6.626468049070087}.
  trial  577/2500  pareto_size=2  best_taylor=0.6956  best_ilamb=0.5875  (4.1 min)
[I 2026-07-22 18:45:51,029] Trial 577 finished with values: [10.485200548329162, 10.485200548329162] and parameters: {'k1': 2.27847364377152e-05, 'D_low': 4.043300846639722, 'k2': 2.1698375693549493e-05, 'D_high': 19062.702769029394, 'fire_exp': 1.182396148413737, 'P_half': 1938.3858782150498, 'pre_dampen_half': 33.97904243111269, 'gpp_af': 0.0025511964576171086, 'gpp_b': 3.228689523591491e-05, 'gpp_d': 9.00460602264307, 'ign_k': 0.008468146923166088, 'ign_c': 3.661204467448704, 'trop_agb_crit': 9.362115196011851, 'trop_k_veg': 2.417028380770307, 'fuel_k': 0.6452742971240902, 'fuel_half': 0.3335026483569958}.
[I 2026-07-22 18:45:51,445] Trial 578 finished with values: [10.129366718196138, 10.129366718196138] and parameters: {'k1': 9.969469187531805e-05, 'D_low': 864.0717009254879, 'k2': 7.67074891445376e-05, 'D_high': 160625.60954780428, 'fire_exp': 3.313658135010505, 'P_half': 7.890004262668578, 'pre_dampen_half': 26.373339933815235, 'gpp_af': 42.29037995744429, 'gpp_b': 0.002407352334224724, 'gpp_d': 3.0023172465753087, 'ign_k': 0.23872908899163253, 'ign_c': 0.13670484737132343, 'trop_agb_crit': 10.719494362768906, 'trop_k_veg': 0.5415365826598848, 'fuel_k': 3.6992394681929355, 'fuel_half': 0.3625056554880307}.
[I 2026-07-22 18:45:51,860] Trial 579 finished with values: [-0.48682178397205433, 0.19124658817276108] and parameters: {'k1': 0.011966626407443505, 'D_low': 4.043300846639722, 'k2': 0.0007081721844034209, 'D_high': 160625.60954780428, 'fire_exp': 1.182396148413737, 'P_half': 1938.3858782150498, 'pre_dampen_half': 33.97904243111269, 'gpp_af': 0.06789053271698488, 'gpp_b': 0.009563154080872067, 'gpp_d': 857.4284557962626, 'ign_k': 3.284529979576942, 'ign_c': 3.0378658251922155, 'trop_agb_crit': 15.870971677383487, 'trop_k_veg': 1.140286245977296, 'fuel_k': 5.486054129200971, 'fuel_half': 91.90868674438059}.
[I 2026-07-22 18:45:52,276] Trial 580 finished with values: [-0.38953601381160097, 0.44538239239702115] and parameters: {'k1': 0.0029707920514735983, 'D_low': 4.043300846639722, 'k2': 2.1698375693549493e-05, 'D_high': 160625.60954780428, 'fire_exp': 1.182396148413737, 'P_half': 9.324787201197319, 'pre_dampen_half': 33.71909132517388, 'gpp_af': 42.29037995744429, 'gpp_b': 0.0054502936945582505, 'gpp_d': 8.057329182285729, 'ign_k': 0.03141110271934876, 'ign_c': 14.074279366401672, 'trop_agb_crit': 20.205002815711154, 'trop_k_veg': 5.546867170791755, 'fuel_k': 5.486054129200971, 'fuel_half': 18.202647368248815}.
[I 2026-07-22 18:45:52,696] Trial 581 finished with values: [10.219486498545287, 10.219486498545287] and parameters: {'k1': 9.969469187531805e-05, 'D_low': 13.25142220631392, 'k2': 7.67074891445376e-05, 'D_high': 708572.1663941594, 'fire_exp': 2.0165721691808587, 'P_half': 2.843767489444367, 'pre_dampen_half': 33.71909132517388, 'gpp_af': 18.235072804314193, 'gpp_b': 0.0005995821881487623, 'gpp_d': 9.00460602264307, 'ign_k': 0.5131654955148324, 'ign_c': 14.452451441203314, 'trop_agb_crit': 10.719494362768906, 'trop_k_veg': 0.5415365826598848, 'fuel_k': 3.6992394681929355, 'fuel_half': 81.87941582538087}.
[I 2026-07-22 18:45:53,112] Trial 582 finished with values: [-0.2843102981879479, 0.1679407960936904] and parameters: {'k1': 0.011966626407443505, 'D_low': 4.043300846639722, 'k2': 0.001566517163094646, 'D_high': 316055.11434645456, 'fire_exp': 1.2310899049053081, 'P_half': 540.9803697908727, 'pre_dampen_half': 3.9885726374014694, 'gpp_af': 0.06789053271698488, 'gpp_b': 6.586254606637078e-05, 'gpp_d': 9.00460602264307, 'ign_k': 0.03141110271934876, 'ign_c': 11.462237838612072, 'trop_agb_crit': 6.119263728555865, 'trop_k_veg': 2.417028380770307, 'fuel_k': 0.08612665817296865, 'fuel_half': 0.3335026483569958}.
[I 2026-07-22 18:45:53,528] Trial 583 finished with values: [-0.6112638093723952, 0.16067097885784576] and parameters: {'k1': 0.006033623633620595, 'D_low': 864.0717009254879, 'k2': 0.001566517163094646, 'D_high': 316055.11434645456, 'fire_exp': 1.2242398136753672, 'P_half': 38.82837025280678, 'pre_dampen_half': 0.46504594134732663, 'gpp_af': 0.015350904103515228, 'gpp_b': 1.7565109007473816e-05, 'gpp_d': 9.00460602264307, 'ign_k': 0.5131654955148324, 'ign_c': 11.40086370112731, 'trop_agb_crit': 12.324775650896964, 'trop_k_veg': 2.417028380770307, 'fuel_k': 0.0500651901928747, 'fuel_half': 81.87941582538087}.
[I 2026-07-22 18:45:53,952] Trial 584 finished with values: [-0.6801833657373654, 0.23226034479697] and parameters: {'k1': 0.052334804885400876, 'D_low': 8454.098152188677, 'k2': 2.8459703343413838e-05, 'D_high': 708572.1663941594, 'fire_exp': 2.0165721691808587, 'P_half': 2.843767489444367, 'pre_dampen_half': 3.9885726374014694, 'gpp_af': 0.015350904103515228, 'gpp_b': 1.1698276136056565e-05, 'gpp_d': 1.050978521342778, 'ign_k': 0.5131654955148324, 'ign_c': 14.452451441203314, 'trop_agb_crit': 5.707205898008383, 'trop_k_veg': 2.3408809609838257, 'fuel_k': 1.1820218758583807, 'fuel_half': 81.87941582538087}.
[I 2026-07-22 18:45:54,372] Trial 585 finished with values: [-0.3725229581701777, 0.26044397546176523] and parameters: {'k1': 0.011966626407443505, 'D_low': 1.7887890916820506, 'k2': 0.0007081721844034209, 'D_high': 316055.11434645456, 'fire_exp': 1.2310899049053081, 'P_half': 1025.3368317956683, 'pre_dampen_half': 19.600139992927424, 'gpp_af': 0.3259758793317361, 'gpp_b': 3.228689523591491e-05, 'gpp_d': 302.3127748796295, 'ign_k': 0.03141110271934876, 'ign_c': 0.11650681118986138, 'trop_agb_crit': 9.362115196011851, 'trop_k_veg': 1.140286245977296, 'fuel_k': 0.08612665817296865, 'fuel_half': 0.33988503110784557}.
[I 2026-07-22 18:45:54,789] Trial 586 finished with values: [10.06662724620666, 10.06662724620666] and parameters: {'k1': 0.00023352156626184448, 'D_low': 140.92119204434155, 'k2': 1.6559474674046002e-05, 'D_high': 316055.11434645456, 'fire_exp': 1.2242398136753672, 'P_half': 38.82837025280678, 'pre_dampen_half': 0.46504594134732663, 'gpp_af': 18.235072804314193, 'gpp_b': 0.0005392415140872105, 'gpp_d': 9.00460602264307, 'ign_k': 0.5131654955148324, 'ign_c': 11.462237838612072, 'trop_agb_crit': 6.119263728555865, 'trop_k_veg': 1.7518409078083697, 'fuel_k': 0.0500651901928747, 'fuel_half': 0.33988503110784557}.
[I 2026-07-22 18:45:55,204] Trial 587 finished with values: [-0.6110225365896135, 0.21103327215185097] and parameters: {'k1': 0.011966626407443505, 'D_low': 1.7887890916820506, 'k2': 0.001566517163094646, 'D_high': 316055.11434645456, 'fire_exp': 1.2242398136753672, 'P_half': 51.61767747867285, 'pre_dampen_half': 0.4016986062226068, 'gpp_af': 0.06789053271698488, 'gpp_b': 1.7565109007473816e-05, 'gpp_d': 9.00460602264307, 'ign_k': 3.284529979576942, 'ign_c': 11.40086370112731, 'trop_agb_crit': 9.362115196011851, 'trop_k_veg': 2.417028380770307, 'fuel_k': 0.08612665817296865, 'fuel_half': 14.216519889545312}.
[I 2026-07-22 18:45:55,624] Trial 588 finished with values: [10.039719964071958, 10.039719964071958] and parameters: {'k1': 0.011966626407443505, 'D_low': 13.25142220631392, 'k2': 1.6559474674046002e-05, 'D_high': 316055.11434645456, 'fire_exp': 1.2242398136753672, 'P_half': 7.890004262668578, 'pre_dampen_half': 0.46504594134732663, 'gpp_af': 0.015350904103515228, 'gpp_b': 1.1698276136056565e-05, 'gpp_d': 2.2044650100999164, 'ign_k': 0.5131654955148324, 'ign_c': 3.0378658251922155, 'trop_agb_crit': 9.362115196011851, 'trop_k_veg': 1.7518409078083697, 'fuel_k': 0.0500651901928747, 'fuel_half': 0.3335026483569958}.
[I 2026-07-22 18:45:56,046] Trial 589 finished with values: [10.28235201693433, 10.28235201693433] and parameters: {'k1': 0.0003199177539819797, 'D_low': 864.0717009254879, 'k2': 7.67074891445376e-05, 'D_high': 2283.4228779494524, 'fire_exp': 1.182396148413737, 'P_half': 334.62201030483817, 'pre_dampen_half': 26.373339933815235, 'gpp_af': 0.3259758793317361, 'gpp_b': 0.0005995821881487623, 'gpp_d': 6.91394869865762, 'ign_k': 0.5670346335627292, 'ign_c': 8.405439129313676, 'trop_agb_crit': 2.171140223187998, 'trop_k_veg': 3.024803048559367, 'fuel_k': 0.6137000782082781, 'fuel_half': 81.87941582538087}.
[I 2026-07-22 18:45:56,463] Trial 590 finished with values: [10.310959832802535, 10.310959832802535] and parameters: {'k1': 0.00016480446427978953, 'D_low': 126.11058927054879, 'k2': 0.002342238625792905, 'D_high': 8433503.858791472, 'fire_exp': 8.791426299948917, 'P_half': 7.890004262668578, 'pre_dampen_half': 6.881834772031151, 'gpp_af': 0.015350904103515228, 'gpp_b': 1.1698276136056565e-05, 'gpp_d': 700.6693992445935, 'ign_k': 0.5884974770225297, 'ign_c': 11.40086370112731, 'trop_agb_crit': 10.719494362768906, 'trop_k_veg': 2.3408809609838257, 'fuel_k': 0.48736180483849406, 'fuel_half': 81.87941582538087}.
[I 2026-07-22 18:45:56,880] Trial 591 finished with values: [10.7677021961449, 10.7677021961449] and parameters: {'k1': 0.052334804885400876, 'D_low': 4.043300846639722, 'k2': 0.0001971137615017176, 'D_high': 708572.1663941594, 'fire_exp': 2.0165721691808587, 'P_half': 2.458603276328005, 'pre_dampen_half': 33.71909132517388, 'gpp_af': 0.49740621749684094, 'gpp_b': 8.862086040604613, 'gpp_d': 302.3127748796295, 'ign_k': 0.009861808369679786, 'ign_c': 94.57692079529029, 'trop_agb_crit': 15.870971677383487, 'trop_k_veg': 1.140286245977296, 'fuel_k': 1.8731335591844647, 'fuel_half': 38.21129441691226}.
[I 2026-07-22 18:45:57,302] Trial 592 finished with values: [10.652396781279533, 10.652396781279533] and parameters: {'k1': 0.0029282035181080004, 'D_low': 13.25142220631392, 'k2': 0.0007081721844034209, 'D_high': 316055.11434645456, 'fire_exp': 1.7124099831271415, 'P_half': 7.890004262668578, 'pre_dampen_half': 0.4016986062226068, 'gpp_af': 0.004385018674829579, 'gpp_b': 0.0054502936945582505, 'gpp_d': 302.3127748796295, 'ign_k': 3.284529979576942, 'ign_c': 11.40086370112731, 'trop_agb_crit': 20.205002815711154, 'trop_k_veg': 3.028464701337094, 'fuel_k': 0.48736180483849406, 'fuel_half': 38.21129441691226}.
[I 2026-07-22 18:45:57,723] Trial 593 finished with values: [10.587894565892114, 10.587894565892114] and parameters: {'k1': 9.969469187531805e-05, 'D_low': 4.043300846639722, 'k2': 0.0007081721844034209, 'D_high': 580966.5602369158, 'fire_exp': 1.4439251473259103, 'P_half': 1938.3858782150498, 'pre_dampen_half': 94.20121790275627, 'gpp_af': 0.07961191926812566, 'gpp_b': 1.7565109007473816e-05, 'gpp_d': 0.03315494004644147, 'ign_k': 0.03141110271934876, 'ign_c': 3.0378658251922155, 'trop_agb_crit': 15.870971677383487, 'trop_k_veg': 6.911478238001162, 'fuel_k': 5.486054129200971, 'fuel_half': 18.202647368248815}.
