[I 2026-08-06 02:23:53,001] Trial 720 finished with values: [16.51908593894718, 16.51908593894718] and parameters: {'k1': 0.0016129739560722712, 'D_low': 9.330007965781027, 'k2': 0.034987345440353576, 'D_high': 3660.150802571655, 'fire_exp': 1.3614924220931135, 'P_half': 39.03214299767183, 'pre_dampen_half': 246.93224594675561, 'gpp_af': 0.2343193755572473, 'gpp_b': 0.0004837646996135023, 'gpp_d': 0.6380717024176037, 'ign_k': 0.04135816738916687, 'ign_c': 0.1457050032975653}.
[I 2026-08-06 02:23:53,932] Trial 721 finished with values: [10.395656309789407, 10.395656309789407] and parameters: {'k1': 2.0937989739527727e-05, 'D_low': 1.2299210465793122, 'k2': 0.0499774937030317, 'D_high': 203.29778470902625, 'fire_exp': 1.1044852285094786, 'P_half': 11.877073321543955, 'pre_dampen_half': 3.3594011166738142, 'gpp_af': 0.028585493941961918, 'gpp_b': 2.800940363375676e-05, 'gpp_d': 4.982605027348069, 'ign_k': 0.01474275315991467, 'ign_c': 46.813761934505536}.
[I 2026-08-06 02:23:54,863] Trial 722 finished with values: [10.114619504746582, 10.114619504746582] and parameters: {'k1': 0.025383218374507292, 'D_low': 9.330007965781027, 'k2': 4.763991596630584e-05, 'D_high': 400.9149428326862, 'fire_exp': 1.0473002272689056, 'P_half': 39.03214299767183, 'pre_dampen_half': 1.4445251022763053, 'gpp_af': 22.766850248686247, 'gpp_b': 3.228689523591491e-05, 'gpp_d': 39.827466658711515, 'ign_k': 3.7173717478250508, 'ign_c': 14.367095138664217}.
[I 2026-08-06 02:23:55,803] Trial 723 finished with values: [10.3507260805372, 10.3507260805372] and parameters: {'k1': 2.0937989739527727e-05, 'D_low': 1.2299210465793122, 'k2': 0.0499774937030317, 'D_high': 949.9072859745386, 'fire_exp': 1.2680134752324452, 'P_half': 11.877073321543955, 'pre_dampen_half': 109.45351414473369, 'gpp_af': 13.560863064135962, 'gpp_b': 0.000832333943844274, 'gpp_d': 1.826381177000974, 'ign_k': 0.01474275315991467, 'ign_c': 111.98001958256879}.
[I 2026-08-06 02:23:56,737] Trial 724 finished with values: [10.360295310579282, 10.360295310579282] and parameters: {'k1': 0.014666151770108535, 'D_low': 9.330007965781027, 'k2': 4.763991596630584e-05, 'D_high': 949.9072859745386, 'fire_exp': 1.010722707674549, 'P_half': 1553.2973289514223, 'pre_dampen_half': 14.689898077648792, 'gpp_af': 22.766850248686247, 'gpp_b': 0.10123867001105968, 'gpp_d': 5.878566318396007, 'ign_k': 3.7173717478250508, 'ign_c': 2.4287565087611744}.
[I 2026-08-06 02:23:57,715] Trial 725 finished with values: [-0.45529543159002606, 0.052024291258836564] and parameters: {'k1': 0.0005525012427854533, 'D_low': 7.068974950624602, 'k2': 1.1184534120760473e-05, 'D_high': 75773.14388518519, 'fire_exp': 1.010722707674549, 'P_half': 1867.8279278246268, 'pre_dampen_half': 14.689898077648792, 'gpp_af': 0.028585493941961918, 'gpp_b': 2.7719116797094715e-05, 'gpp_d': 5.878566318396007, 'ign_k': 0.01474275315991467, 'ign_c': 2.92043384718141}.
[I 2026-08-06 02:23:58,857] Trial 726 finished with values: [10.27994532244871, 10.27994532244871] and parameters: {'k1': 2.0937989739527727e-05, 'D_low': 18.522006003174383, 'k2': 1.4378290221680118e-05, 'D_high': 24939.838794891497, 'fire_exp': 1.0473002272689056, 'P_half': 608.3019192425825, 'pre_dampen_half': 2.292633983096564, 'gpp_af': 0.028585493941961918, 'gpp_b': 2.800940363375676e-05, 'gpp_d': 5.878566318396007, 'ign_k': 0.18170401889219123, 'ign_c': 0.6235377135673155}.
[I 2026-08-06 02:23:59,804] Trial 727 finished with values: [10.49743615151464, 10.49743615151464] and parameters: {'k1': 0.021368329072358756, 'D_low': 18.522006003174383, 'k2': 0.0499774937030317, 'D_high': 949.9072859745386, 'fire_exp': 1.0473002272689056, 'P_half': 608.3019192425825, 'pre_dampen_half': 14.689898077648792, 'gpp_af': 0.028585493941961918, 'gpp_b': 3.228689523591491e-05, 'gpp_d': 5.878566318396007, 'ign_k': 3.7173717478250508, 'ign_c': 14.367095138664217}.
[I 2026-08-06 02:24:00,767] Trial 728 finished with values: [10.739033700767363, 10.739033700767363] and parameters: {'k1': 0.021368329072358756, 'D_low': 7.068974950624602, 'k2': 0.0499774937030317, 'D_high': 949.9072859745386, 'fire_exp': 1.3188914576304807, 'P_half': 39.03214299767183, 'pre_dampen_half': 1.4445251022763053, 'gpp_af': 0.028585493941961918, 'gpp_b': 0.10123867001105968, 'gpp_d': 107.84642153666701, 'ign_k': 0.03141110271934876, 'ign_c': 34.19108473554449}.
[I 2026-08-06 02:24:01,705] Trial 729 finished with values: [-0.5133415763183322, 0.024710692967604975] and parameters: {'k1': 0.025383218374507292, 'D_low': 9.330007965781027, 'k2': 0.00014091459170104733, 'D_high': 24939.838794891497, 'fire_exp': 1.1044852285094786, 'P_half': 664.2027816373393, 'pre_dampen_half': 5.542030950268268, 'gpp_af': 0.028585493941961918, 'gpp_b': 0.004282452111192166, 'gpp_d': 5.277709597877513, 'ign_k': 0.01474275315991467, 'ign_c': 14.367095138664217}.
[I 2026-08-06 02:24:02,669] Trial 730 finished with values: [10.738693215075099, 10.738693215075099] and parameters: {'k1': 0.08926311370835228, 'D_low': 7.068974950624602, 'k2': 3.5917714215176105e-05, 'D_high': 949.9072859745386, 'fire_exp': 1.0473002272689056, 'P_half': 39.03214299767183, 'pre_dampen_half': 1.4445251022763053, 'gpp_af': 0.2343193755572473, 'gpp_b': 0.1676789742547917, 'gpp_d': 5.878566318396007, 'ign_k': 0.1550134937334847, 'ign_c': 34.19108473554449}.
[I 2026-08-06 02:24:03,626] Trial 731 finished with values: [10.236788770192359, 10.236788770192359] and parameters: {'k1': 0.021368329072358756, 'D_low': 26.21130418912424, 'k2': 1.4378290221680118e-05, 'D_high': 1687.3495104568947, 'fire_exp': 1.0133481068971741, 'P_half': 608.3019192425825, 'pre_dampen_half': 14.689898077648792, 'gpp_af': 0.09651979281656148, 'gpp_b': 0.10123867001105968, 'gpp_d': 39.827466658711515, 'ign_k': 0.01474275315991467, 'ign_c': 14.367095138664217}.
[I 2026-08-06 02:24:04,557] Trial 732 finished with values: [-0.5145265261567522, 0.025852081293239904] and parameters: {'k1': 0.0016129739560722712, 'D_low': 334.62201030483817, 'k2': 0.0022957398214549472, 'D_high': 3660.150802571655, 'fire_exp': 1.3614924220931135, 'P_half': 5.15399351160314, 'pre_dampen_half': 5.542030950268268, 'gpp_af': 0.04196905103888626, 'gpp_b': 0.0004837646996135023, 'gpp_d': 0.6380717024176037, 'ign_k': 0.04563289369649656, 'ign_c': 0.1457050032975653}.
[I 2026-08-06 02:24:05,553] Trial 733 finished with values: [10.815741812332831, 10.815741812332831] and parameters: {'k1': 0.08926311370835228, 'D_low': 18.522006003174383, 'k2': 4.763991596630584e-05, 'D_high': 400.9149428326862, 'fire_exp': 1.010722707674549, 'P_half': 608.3019192425825, 'pre_dampen_half': 14.689898077648792, 'gpp_af': 0.2343193755572473, 'gpp_b': 2.800940363375676e-05, 'gpp_d': 0.679684982462508, 'ign_k': 3.7173717478250508, 'ign_c': 3.843180360935464}.
[I 2026-08-06 02:24:06,545] Trial 734 finished with values: [-0.49405969036820546, 0.028955682936330773] and parameters: {'k1': 0.021368329072358756, 'D_low': 7.068974950624602, 'k2': 1.4378290221680118e-05, 'D_high': 75773.14388518519, 'fire_exp': 1.1044852285094786, 'P_half': 125.61043700013555, 'pre_dampen_half': 1.4445251022763053, 'gpp_af': 0.028585493941961918, 'gpp_b': 2.7719116797094715e-05, 'gpp_d': 300.3420512048734, 'ign_k': 0.01474275315991467, 'ign_c': 0.8794311679173451}.
[I 2026-08-06 02:24:07,538] Trial 735 finished with values: [10.035736082641835, 10.035736082641835] and parameters: {'k1': 2.0937989739527727e-05, 'D_low': 18.522006003174383, 'k2': 0.00014091459170104733, 'D_high': 24939.838794891497, 'fire_exp': 1.1044852285094786, 'P_half': 605.1580666890613, 'pre_dampen_half': 5.542030950268268, 'gpp_af': 0.028585493941961918, 'gpp_b': 0.0005995821881487623, 'gpp_d': 5.878566318396007, 'ign_k': 0.01474275315991467, 'ign_c': 0.6235377135673155}.
[I 2026-08-06 02:24:08,564] Trial 736 finished with values: [10.669891449824279, 10.669891449824279] and parameters: {'k1': 0.003381093273170853, 'D_low': 1.2299210465793122, 'k2': 4.763991596630584e-05, 'D_high': 55772.84121799238, 'fire_exp': 2.446572564266435, 'P_half': 664.2027816373393, 'pre_dampen_half': 3.3594011166738142, 'gpp_af': 0.028585493941961918, 'gpp_b': 1.722111409234053e-05, 'gpp_d': 39.827466658711515, 'ign_k': 3.7173717478250508, 'ign_c': 0.7724824966785973}.
[I 2026-08-06 02:24:09,572] Trial 737 finished with values: [-0.5341016575584419, 0.01963131654403949] and parameters: {'k1': 0.025383218374507292, 'D_low': 18.522006003174383, 'k2': 4.763991596630584e-05, 'D_high': 400.9149428326862, 'fire_exp': 1.0473002272689056, 'P_half': 608.3019192425825, 'pre_dampen_half': 14.689898077648792, 'gpp_af': 22.766850248686247, 'gpp_b': 0.10123867001105968, 'gpp_d': 39.827466658711515, 'ign_k': 3.7173717478250508, 'ign_c': 14.367095138664217}.
[I 2026-08-06 02:24:10,566] Trial 738 finished with values: [10.050383005839574, 10.050383005839574] and parameters: {'k1': 0.08926311370835228, 'D_low': 18.522006003174383, 'k2': 3.5917714215176105e-05, 'D_high': 400.9149428326862, 'fire_exp': 1.010722707674549, 'P_half': 608.3019192425825, 'pre_dampen_half': 14.689898077648792, 'gpp_af': 22.766850248686247, 'gpp_b': 0.1676789742547917, 'gpp_d': 891.8036602897795, 'ign_k': 3.7173717478250508, 'ign_c': 14.367095138664217}.
[I 2026-08-06 02:24:11,530] Trial 739 finished with values: [-0.48701092169221827, 0.026531549866190773] and parameters: {'k1': 0.021368329072358756, 'D_low': 7.068974950624602, 'k2': 1.1184534120760473e-05, 'D_high': 75773.14388518519, 'fire_exp': 1.1044852285094786, 'P_half': 125.61043700013555, 'pre_dampen_half': 1.4445251022763053, 'gpp_af': 0.028585493941961918, 'gpp_b': 2.7719116797094715e-05, 'gpp_d': 5.878566318396007, 'ign_k': 0.01474275315991467, 'ign_c': 2.92043384718141}.
[I 2026-08-06 02:24:12,505] Trial 740 finished with values: [10.101604125165561, 10.101604125165561] and parameters: {'k1': 2.0937989739527727e-05, 'D_low': 7.068974950624602, 'k2': 1.4378290221680118e-05, 'D_high': 75773.14388518519, 'fire_exp': 1.1044852285094786, 'P_half': 2.157758652553991, 'pre_dampen_half': 1.4445251022763053, 'gpp_af': 0.17517338132112292, 'gpp_b': 2.800940363375676e-05, 'gpp_d': 0.1540709123740619, 'ign_k': 0.1550134937334847, 'ign_c': 2.92043384718141}.
[I 2026-08-06 02:24:13,531] Trial 741 finished with values: [10.769221611920997, 10.769221611920997] and parameters: {'k1': 0.025383218374507292, 'D_low': 18.522006003174383, 'k2': 4.763991596630584e-05, 'D_high': 31030.112026960956, 'fire_exp': 1.0473002272689056, 'P_half': 39.03214299767183, 'pre_dampen_half': 3.3594011166738142, 'gpp_af': 4.582731702170249, 'gpp_b': 0.10123867001105968, 'gpp_d': 107.84642153666701, 'ign_k': 3.7173717478250508, 'ign_c': 34.19108473554449}.
[I 2026-08-06 02:24:14,537] Trial 742 finished with values: [-0.540254572358809, 0.019737626781061945] and parameters: {'k1': 0.08926311370835228, 'D_low': 31.117676855667376, 'k2': 4.763991596630584e-05, 'D_high': 1687.3495104568947, 'fire_exp': 1.010722707674549, 'P_half': 664.2027816373393, 'pre_dampen_half': 14.689898077648792, 'gpp_af': 22.766850248686247, 'gpp_b': 0.1676789742547917, 'gpp_d': 39.827466658711515, 'ign_k': 3.7173717478250508, 'ign_c': 14.367095138664217}.
[I 2026-08-06 02:24:15,556] Trial 743 finished with values: [10.196061456775935, 10.196061456775935] and parameters: {'k1': 0.021368329072358756, 'D_low': 1.2299210465793122, 'k2': 0.0499774937030317, 'D_high': 949.9072859745386, 'fire_exp': 1.1044852285094786, 'P_half': 39.03214299767183, 'pre_dampen_half': 1.4445251022763053, 'gpp_af': 0.013688256550323697, 'gpp_b': 3.228689523591491e-05, 'gpp_d': 5.878566318396007, 'ign_k': 0.01474275315991467, 'ign_c': 34.19108473554449}.
[I 2026-08-06 02:24:16,556] Trial 744 finished with values: [10.043604967288713, 10.043604967288713] and parameters: {'k1': 1.962382648116833e-05, 'D_low': 18.522006003174383, 'k2': 1.4378290221680118e-05, 'D_high': 2592.951380378534, 'fire_exp': 1.1044852285094786, 'P_half': 470.815979325019, 'pre_dampen_half': 14.689898077648792, 'gpp_af': 0.2343193755572473, 'gpp_b': 2.800940363375676e-05, 'gpp_d': 5.878566318396007, 'ign_k': 0.30058090246151414, 'ign_c': 2.92043384718141}.
[I 2026-08-06 02:24:17,531] Trial 745 finished with values: [10.759574535234531, 10.759574535234531] and parameters: {'k1': 0.025383218374507292, 'D_low': 18.522006003174383, 'k2': 4.763991596630584e-05, 'D_high': 400.9149428326862, 'fire_exp': 1.0473002272689056, 'P_half': 608.3019192425825, 'pre_dampen_half': 2.077161282926345, 'gpp_af': 22.766850248686247, 'gpp_b': 1.5938003265859821, 'gpp_d': 0.7923715993309053, 'ign_k': 3.7173717478250508, 'ign_c': 14.367095138664217}.
[I 2026-08-06 02:24:18,506] Trial 746 finished with values: [10.886979252210478, 10.886979252210478] and parameters: {'k1': 2.0937989739527727e-05, 'D_low': 9.330007965781027, 'k2': 4.763991596630584e-05, 'D_high': 75773.14388518519, 'fire_exp': 1.0473002272689056, 'P_half': 403.3495283157659, 'pre_dampen_half': 14.689898077648792, 'gpp_af': 0.0025511964576171086, 'gpp_b': 2.800940363375676e-05, 'gpp_d': 0.13223503889537183, 'ign_k': 0.01474275315991467, 'ign_c': 0.6235377135673155}.
[I 2026-08-06 02:24:19,688] Trial 747 finished with values: [10.212194635532974, 10.212194635532974] and parameters: {'k1': 0.021368329072358756, 'D_low': 18.522006003174383, 'k2': 3.5917714215176105e-05, 'D_high': 17300.724838654387, 'fire_exp': 1.0473002272689056, 'P_half': 403.3495283157659, 'pre_dampen_half': 14.689898077648792, 'gpp_af': 0.028585493941961918, 'gpp_b': 0.10123867001105968, 'gpp_d': 207.33291221114672, 'ign_k': 3.7173717478250508, 'ign_c': 2.92043384718141}.
[I 2026-08-06 02:24:20,630] Trial 748 finished with values: [-0.5006186428967768, 0.03514831343749236] and parameters: {'k1': 2.0937989739527727e-05, 'D_low': 26.21130418912424, 'k2': 0.00014091459170104733, 'D_high': 24939.838794891497, 'fire_exp': 1.1044852285094786, 'P_half': 119.21396716829831, 'pre_dampen_half': 5.542030950268268, 'gpp_af': 0.028585493941961918, 'gpp_b': 0.004282452111192166, 'gpp_d': 5.878566318396007, 'ign_k': 0.01474275315991467, 'ign_c': 0.7724824966785973}.
[I 2026-08-06 02:24:21,564] Trial 749 finished with values: [10.15904567938044, 10.15904567938044] and parameters: {'k1': 0.0026651167490553537, 'D_low': 1.0883991813938128, 'k2': 0.0008255198309657572, 'D_high': 12.663923057989628, 'fire_exp': 1.1044852285094786, 'P_half': 11.877073321543955, 'pre_dampen_half': 3.3594011166738142, 'gpp_af': 0.028585493941961918, 'gpp_b': 4.361034464114157e-05, 'gpp_d': 5.878566318396007, 'ign_k': 0.023173482832991366, 'ign_c': 0.8891936446296247}.
[I 2026-08-06 02:24:22,527] Trial 750 finished with values: [10.411024778972303, 10.411024778972303] and parameters: {'k1': 0.003381093273170853, 'D_low': 33.17282633684987, 'k2': 0.034987345440353576, 'D_high': 55772.84121799238, 'fire_exp': 1.010722707674549, 'P_half': 664.2027816373393, 'pre_dampen_half': 3.3594011166738142, 'gpp_af': 0.028585493941961918, 'gpp_b': 3.228689523591491e-05, 'gpp_d': 4.982605027348069, 'ign_k': 3.7173717478250508, 'ign_c': 0.7724824966785973}.
[I 2026-08-06 02:24:23,471] Trial 751 finished with values: [13.572980668703194, 13.572980668703194] and parameters: {'k1': 0.025383218374507292, 'D_low': 51.9967392387832, 'k2': 0.006138509947844854, 'D_high': 6455.595882939566, 'fire_exp': 1.010722707674549, 'P_half': 11.877073321543955, 'pre_dampen_half': 14.689898077648792, 'gpp_af': 0.028585493941961918, 'gpp_b': 0.000832333943844274, 'gpp_d': 300.3420512048734, 'ign_k': 0.01474275315991467, 'ign_c': 0.7724824966785973}.
[I 2026-08-06 02:24:24,468] Trial 752 finished with values: [10.452336241212372, 10.452336241212372] and parameters: {'k1': 0.021368329072358756, 'D_low': 1.54121727098019, 'k2': 0.0003938139750079106, 'D_high': 400.9149428326862, 'fire_exp': 1.0473002272689056, 'P_half': 39.03214299767183, 'pre_dampen_half': 14.689898077648792, 'gpp_af': 22.766850248686247, 'gpp_b': 0.10123867001105968, 'gpp_d': 39.827466658711515, 'ign_k': 0.03141110271934876, 'ign_c': 14.367095138664217}.
[I 2026-08-06 02:24:25,414] Trial 753 finished with values: [12.793347272834438, 12.793347272834438] and parameters: {'k1': 0.025383218374507292, 'D_low': 51.9967392387832, 'k2': 0.006138509947844854, 'D_high': 6455.595882939566, 'fire_exp': 1.010722707674549, 'P_half': 209.26156883786703, 'pre_dampen_half': 14.689898077648792, 'gpp_af': 0.4655997448361927, 'gpp_b': 0.000832333943844274, 'gpp_d': 300.3420512048734, 'ign_k': 0.031134168041628628, 'ign_c': 14.367095138664217}.
[I 2026-08-06 02:24:26,392] Trial 754 finished with values: [10.241249188224327, 10.241249188224327] and parameters: {'k1': 0.0027015957920129437, 'D_low': 18.522006003174383, 'k2': 0.011469197890812934, 'D_high': 400.9149428326862, 'fire_exp': 1.0473002272689056, 'P_half': 608.3019192425825, 'pre_dampen_half': 14.689898077648792, 'gpp_af': 22.766850248686247, 'gpp_b': 0.10123867001105968, 'gpp_d': 39.827466658711515, 'ign_k': 3.7173717478250508, 'ign_c': 14.367095138664217}.
[I 2026-08-06 02:24:27,339] Trial 755 finished with values: [10.144900747380039, 10.144900747380039] and parameters: {'k1': 0.0016129739560722712, 'D_low': 9.330007965781027, 'k2': 4.763991596630584e-05, 'D_high': 24939.838794891497, 'fire_exp': 1.1044852285094786, 'P_half': 11.877073321543955, 'pre_dampen_half': 3.3594011166738142, 'gpp_af': 22.766850248686247, 'gpp_b': 2.800940363375676e-05, 'gpp_d': 4.982605027348069, 'ign_k': 0.01474275315991467, 'ign_c': 3.735862630812751}.
[I 2026-08-06 02:24:28,297] Trial 756 finished with values: [10.769185545367051, 10.769185545367051] and parameters: {'k1': 0.025383218374507292, 'D_low': 1.54121727098019, 'k2': 4.763991596630584e-05, 'D_high': 31030.112026960956, 'fire_exp': 1.0473002272689056, 'P_half': 608.3019192425825, 'pre_dampen_half': 3.3594011166738142, 'gpp_af': 22.766850248686247, 'gpp_b': 0.10123867001105968, 'gpp_d': 107.84642153666701, 'ign_k': 1.786252932834922, 'ign_c': 34.19108473554449}.
[I 2026-08-06 02:24:29,306] Trial 757 finished with values: [12.323742777790315, 12.323742777790315] and parameters: {'k1': 0.003381093273170853, 'D_low': 26.21130418912424, 'k2': 0.003967633935744858, 'D_high': 17300.724838654387, 'fire_exp': 1.010722707674549, 'P_half': 39.03214299767183, 'pre_dampen_half': 5.542030950268268, 'gpp_af': 0.028585493941961918, 'gpp_b': 3.228689523591491e-05, 'gpp_d': 5.878566318396007, 'ign_k': 0.0037322156377670697, 'ign_c': 2.92043384718141}.
[I 2026-08-06 02:24:30,269] Trial 758 finished with values: [-0.5060033868345432, 0.07077656289377543] and parameters: {'k1': 0.003381093273170853, 'D_low': 18.522006003174383, 'k2': 4.763991596630584e-05, 'D_high': 55772.84121799238, 'fire_exp': 1.2680134752324452, 'P_half': 664.2027816373393, 'pre_dampen_half': 14.689898077648792, 'gpp_af': 22.766850248686247, 'gpp_b': 1.722111409234053e-05, 'gpp_d': 4.982605027348069, 'ign_k': 3.7173717478250508, 'ign_c': 0.7724824966785973}.
[I 2026-08-06 02:24:31,279] Trial 759 finished with values: [10.312736555203914, 10.312736555203914] and parameters: {'k1': 0.021368329072358756, 'D_low': 616.4329525571076, 'k2': 1.4378290221680118e-05, 'D_high': 24939.838794891497, 'fire_exp': 1.1044852285094786, 'P_half': 39.03214299767183, 'pre_dampen_half': 5.542030950268268, 'gpp_af': 11.234842109991876, 'gpp_b': 1.5938003265859821, 'gpp_d': 300.3420512048734, 'ign_k': 7.799059237255681, 'ign_c': 3.735862630812751}.
[I 2026-08-06 02:24:32,356] Trial 760 finished with values: [10.68310989554483, 10.68310989554483] and parameters: {'k1': 0.03232155805617897, 'D_low': 745.5766613295633, 'k2': 0.006138509947844854, 'D_high': 6455.595882939566, 'fire_exp': 1.1044852285094786, 'P_half': 6638.879466825747, 'pre_dampen_half': 14.689898077648792, 'gpp_af': 22.766850248686247, 'gpp_b': 0.000832333943844274, 'gpp_d': 4.982605027348069, 'ign_k': 0.031134168041628628, 'ign_c': 14.367095138664217}.
[I 2026-08-06 02:24:33,349] Trial 761 finished with values: [11.999570546412949, 11.999570546412949] and parameters: {'k1': 0.08926311370835228, 'D_low': 10.733257635049776, 'k2': 0.0499774937030317, 'D_high': 949.9072859745386, 'fire_exp': 1.0428757830297122, 'P_half': 608.3019192425825, 'pre_dampen_half': 14.689898077648792, 'gpp_af': 0.009525547092124444, 'gpp_b': 3.228689523591491e-05, 'gpp_d': 39.827466658711515, 'ign_k': 3.7173717478250508, 'ign_c': 0.10721400017185365}.
[I 2026-08-06 02:24:34,312] Trial 762 finished with values: [-0.5343562390855607, 0.03105251144145016] and parameters: {'k1': 0.025383218374507292, 'D_low': 9.330007965781027, 'k2': 4.763991596630584e-05, 'D_high': 400.9149428326862, 'fire_exp': 1.0473002272689056, 'P_half': 664.2027816373393, 'pre_dampen_half': 14.689898077648792, 'gpp_af': 22.766850248686247, 'gpp_b': 2.800940363375676e-05, 'gpp_d': 39.827466658711515, 'ign_k': 3.7173717478250508, 'ign_c': 14.367095138664217}.
[I 2026-08-06 02:24:35,318] Trial 763 finished with values: [10.20611287095981, 10.20611287095981] and parameters: {'k1': 0.003889545503367576, 'D_low': 616.4329525571076, 'k2': 0.0004381141781653133, 'D_high': 39095.08806930525, 'fire_exp': 1.1044852285094786, 'P_half': 403.3495283157659, 'pre_dampen_half': 25.15960733455044, 'gpp_af': 11.234842109991876, 'gpp_b': 1.5938003265859821, 'gpp_d': 5.878566318396007, 'ign_k': 7.799059237255681, 'ign_c': 3.735862630812751}.
[I 2026-08-06 02:24:36,296] Trial 764 finished with values: [10.769225859507893, 10.769225859507893] and parameters: {'k1': 0.021368329072358756, 'D_low': 7.068974950624602, 'k2': 1.1184534120760473e-05, 'D_high': 949.9072859745386, 'fire_exp': 1.1044852285094786, 'P_half': 39.03214299767183, 'pre_dampen_half': 2.292633983096564, 'gpp_af': 0.028585493941961918, 'gpp_b': 2.7719116797094715e-05, 'gpp_d': 8.144272585223819, 'ign_k': 7.799059237255681, 'ign_c': 34.19108473554449}.
