[I 2026-08-20 00:53:27,489] Trial 1344 finished with value: 0.5924057266592586 and parameters: {'k1': 0.031921070773693085, 'D_low': 3407.0416896934594, 'k2': 0.00024411990103100634, 'D_high': 2428657.2943678964, 'fire_exp': 1.3545995462436329, 'P_half': 93.08704844339205, 'pre_dampen_half': 1.9450909831161993, 'gpp_af': 0.42126531249097315, 'gpp_b': 0.0004646493008558584, 'gpp_d': 0.5382098754432887, 'ign_k': 0.06829994189413068, 'ign_c': 142.31212474024196, 'trop_agb_crit': 28.698752919047394, 'trop_k_veg': 2.3535906219092855, 'pop_amp': 0.0010506235430584525, 'pop_peak': 3.343168098056738, 'pop_sig': 0.7005403059111167}. Best is trial 1128 with value: -0.620386984093161.
[I 2026-08-20 00:53:29,279] Trial 1345 finished with value: 0.5799267450341907 and parameters: {'k1': 8.69336366362858e-05, 'D_low': 539.4197492229991, 'k2': 0.002274585651666249, 'D_high': 7548143.907363505, 'fire_exp': 6.551426412250158, 'P_half': 61.677123225493666, 'pre_dampen_half': 16.586271069354975, 'gpp_af': 0.0926136411276167, 'gpp_b': 0.002873995625863353, 'gpp_d': 1.0976987084010499, 'ign_k': 0.021322298232958833, 'ign_c': 2.5998673098189307, 'trop_agb_crit': 5.618709838863011, 'trop_k_veg': 1.1241815661446672, 'pop_amp': 4.101482610439343, 'pop_peak': 9.896661241099846, 'pop_sig': 0.8507756772892887}. Best is trial 1128 with value: -0.620386984093161.
[I 2026-08-20 00:53:31,076] Trial 1346 finished with value: 0.45596380107961154 and parameters: {'k1': 0.0008001250089206917, 'D_low': 71.00752661794745, 'k2': 2.2208362907820045e-05, 'D_high': 448175.1361889786, 'fire_exp': 5.007875491724605, 'P_half': 51.91691957470004, 'pre_dampen_half': 181.58119635396739, 'gpp_af': 0.40899988978487417, 'gpp_b': 5.067468170442055e-05, 'gpp_d': 14.099346521839148, 'ign_k': 0.04433239416465267, 'ign_c': 1.741457977835537, 'trop_agb_crit': 5.134502485186982, 'trop_k_veg': 6.727189540976076, 'pop_amp': 8.542879849102574, 'pop_peak': 5.054722650131824, 'pop_sig': 0.4044649540045653}. Best is trial 1128 with value: -0.620386984093161.
[I 2026-08-20 00:53:32,846] Trial 1347 finished with value: 0.4522594687437469 and parameters: {'k1': 0.0005122761349708906, 'D_low': 159.25707427374851, 'k2': 2.6242026352654868e-05, 'D_high': 146034.47948634616, 'fire_exp': 1.0237002069226724, 'P_half': 108.50177238850655, 'pre_dampen_half': 97.20087050805552, 'gpp_af': 0.03496953439719322, 'gpp_b': 1.1311305288745207e-05, 'gpp_d': 0.5183261644307612, 'ign_k': 0.1895707260668074, 'ign_c': 9.035946571476474, 'trop_agb_crit': 2.7114562353820983, 'trop_k_veg': 3.03957990652348, 'pop_amp': 0.0348827391625315, 'pop_peak': 0.20225468832650625, 'pop_sig': 0.325296996793006}. Best is trial 1128 with value: -0.620386984093161.
[I 2026-08-20 00:53:34,676] Trial 1348 finished with value: 0.6186281100750988 and parameters: {'k1': 0.00010231358066863456, 'D_low': 15.720492602327543, 'k2': 0.0005393013196138656, 'D_high': 6280228.593969578, 'fire_exp': 6.6512703598211145, 'P_half': 354.282184745163, 'pre_dampen_half': 245.8345162552279, 'gpp_af': 0.01797995978412061, 'gpp_b': 0.006114513253285171, 'gpp_d': 87.2721207646722, 'ign_k': 0.01974039823902628, 'ign_c': 0.18605592718772673, 'trop_agb_crit': 6.015274670917885, 'trop_k_veg': 4.7327076676699535, 'pop_amp': 4.129077882564078, 'pop_peak': 0.08743212042711328, 'pop_sig': 0.3318473076064915}. Best is trial 1128 with value: -0.620386984093161.
[I 2026-08-20 00:53:36,516] Trial 1349 finished with value: 0.5758150845944419 and parameters: {'k1': 2.171874580135999e-05, 'D_low': 99.17195387610415, 'k2': 0.009145642791191585, 'D_high': 1072507.142110375, 'fire_exp': 1.5360960308413059, 'P_half': 9068.275653672374, 'pre_dampen_half': 5.889907301852635, 'gpp_af': 0.014760910918472522, 'gpp_b': 0.0006902633347684326, 'gpp_d': 3.2923159495592307, 'ign_k': 3.09690833709206, 'ign_c': 0.10519875090094616, 'trop_agb_crit': 1.9474037431871625, 'trop_k_veg': 5.1533349346062005, 'pop_amp': 1.1804127480402578, 'pop_peak': 0.4672932979004115, 'pop_sig': 2.083288845333122}. Best is trial 1128 with value: -0.620386984093161.
[I 2026-08-20 00:53:38,327] Trial 1350 finished with value: 0.5608427786018984 and parameters: {'k1': 0.0004498283602315648, 'D_low': 5.469442746664303, 'k2': 0.005788354557512218, 'D_high': 141494.238320222, 'fire_exp': 1.025101569643323, 'P_half': 6.629502294273995, 'pre_dampen_half': 0.1606201304258171, 'gpp_af': 0.005263257838482953, 'gpp_b': 0.05870237354166788, 'gpp_d': 1.139294857917531, 'ign_k': 0.14641297832057668, 'ign_c': 2.172059595197848, 'trop_agb_crit': 1.637518128291968, 'trop_k_veg': 6.752915010374875, 'pop_amp': 8.68379972160946, 'pop_peak': 25.221664382160828, 'pop_sig': 0.6349132331873691}. Best is trial 1128 with value: -0.620386984093161.
[I 2026-08-20 00:53:40,496] Trial 1351 finished with value: 0.6239285179581044 and parameters: {'k1': 0.003652929787419716, 'D_low': 1085.3152183092395, 'k2': 0.0016405259406020835, 'D_high': 3892747.2563083787, 'fire_exp': 6.820612782060605, 'P_half': 1460.3387731383168, 'pre_dampen_half': 173.7176740610221, 'gpp_af': 5.008335366065289, 'gpp_b': 0.0017437755606379344, 'gpp_d': 0.9297823898955662, 'ign_k': 1.1593035303400694, 'ign_c': 0.4196356708557229, 'trop_agb_crit': 11.260902473198502, 'trop_k_veg': 5.433676244859785, 'pop_amp': 9.601563348338921, 'pop_peak': 1.1789269147652668, 'pop_sig': 1.0442426115030738}. Best is trial 1128 with value: -0.620386984093161.
[I 2026-08-20 00:53:42,914] Trial 1352 finished with value: 0.5839016030370493 and parameters: {'k1': 0.0007203348065307932, 'D_low': 8776.55013626619, 'k2': 0.0005919807761140945, 'D_high': 4821352.743851624, 'fire_exp': 5.419346253199468, 'P_half': 67.21485999710103, 'pre_dampen_half': 3.6068754327785353, 'gpp_af': 0.06658677346359765, 'gpp_b': 0.0007202335157460946, 'gpp_d': 116.16652176082133, 'ign_k': 0.07200487415235719, 'ign_c': 19.93194572343251, 'trop_agb_crit': 8.800953656025962, 'trop_k_veg': 4.3523883987545275, 'pop_amp': 1.895810570521779, 'pop_peak': 5.739959077863773, 'pop_sig': 0.2987389356735591}. Best is trial 1128 with value: -0.620386984093161.
[I 2026-08-20 00:53:45,305] Trial 1353 finished with value: 0.6251083861334015 and parameters: {'k1': 0.0005482628974831606, 'D_low': 99.97033681855841, 'k2': 0.003533280447601605, 'D_high': 1884125.889659274, 'fire_exp': 6.44483402444417, 'P_half': 101.43824751983988, 'pre_dampen_half': 759.9041952829933, 'gpp_af': 0.5806269564084118, 'gpp_b': 0.00018413775506195986, 'gpp_d': 0.19259129957610865, 'ign_k': 0.022979375432722344, 'ign_c': 11.415850483723995, 'trop_agb_crit': 9.276684450372723, 'trop_k_veg': 5.000345562612135, 'pop_amp': 2.9523583146631185, 'pop_peak': 5.3312093237227405, 'pop_sig': 0.4139438561370162}. Best is trial 1128 with value: -0.620386984093161.
[I 2026-08-20 00:53:47,329] Trial 1354 finished with value: 0.5216341127705127 and parameters: {'k1': 0.0003912167190421286, 'D_low': 2127.5101187052264, 'k2': 0.00199621233710592, 'D_high': 8648367.139424503, 'fire_exp': 1.0329114096621705, 'P_half': 875.9538983240973, 'pre_dampen_half': 1.4080432158414837, 'gpp_af': 0.0015695185931061994, 'gpp_b': 0.0004989117253641363, 'gpp_d': 0.16938556379851905, 'ign_k': 2.5546911577315696, 'ign_c': 0.11559585198350374, 'trop_agb_crit': 2.1845283680702305, 'trop_k_veg': 6.187740361034133, 'pop_amp': 13.207383675072807, 'pop_peak': 4.644818980467509, 'pop_sig': 0.7563810373376192}. Best is trial 1128 with value: -0.620386984093161.
[I 2026-08-20 00:53:49,198] Trial 1355 finished with value: -0.564214022246289 and parameters: {'k1': 0.003090210632048323, 'D_low': 44.470404568884526, 'k2': 0.017629148646857894, 'D_high': 2260310.2434274317, 'fire_exp': 1.3880012129885801, 'P_half': 554.6144246709966, 'pre_dampen_half': 28.003583374622433, 'gpp_af': 0.0021739247556586687, 'gpp_b': 0.00015115743599957175, 'gpp_d': 0.01822431789192622, 'ign_k': 1.4167896977219765, 'ign_c': 2.103363791283434, 'trop_agb_crit': 2.5559463778459843, 'trop_k_veg': 5.244930693456969, 'pop_amp': 0.040548834805587554, 'pop_peak': 0.19626102784605995, 'pop_sig': 0.4066605139363756}. Best is trial 1128 with value: -0.620386984093161.
[I 2026-08-20 00:53:51,054] Trial 1356 finished with value: 0.5716578482567979 and parameters: {'k1': 3.3831930523618e-05, 'D_low': 17.823362039323808, 'k2': 0.0019358997217489894, 'D_high': 760741.0115042514, 'fire_exp': 2.743832869068989, 'P_half': 1752.7600707923439, 'pre_dampen_half': 0.6648732333604821, 'gpp_af': 0.010240989358452048, 'gpp_b': 0.0008687214292622823, 'gpp_d': 0.22673194006069392, 'ign_k': 8.471141485470218, 'ign_c': 0.6845371263745728, 'trop_agb_crit': 4.250581259653571, 'trop_k_veg': 4.268688000701683, 'pop_amp': 6.557205093829451, 'pop_peak': 14.207502831706648, 'pop_sig': 0.7508754737529059}. Best is trial 1128 with value: -0.620386984093161.
[I 2026-08-20 00:53:52,934] Trial 1357 finished with value: 0.541798023853738 and parameters: {'k1': 0.0015981564381035397, 'D_low': 1039.0155307850198, 'k2': 0.008503658887976119, 'D_high': 607034.446224285, 'fire_exp': 3.4162942040402786, 'P_half': 3253.148172937467, 'pre_dampen_half': 739.4429060330807, 'gpp_af': 2.9612186999467713, 'gpp_b': 0.04148896426983412, 'gpp_d': 545.9032944754598, 'ign_k': 0.7840003360304946, 'ign_c': 0.10552971579960224, 'trop_agb_crit': 10.653041661277205, 'trop_k_veg': 6.8155341768476925, 'pop_amp': 13.90746430407075, 'pop_peak': 0.9642586437952007, 'pop_sig': 1.2405749334108223}. Best is trial 1128 with value: -0.620386984093161.
[I 2026-08-20 00:53:54,766] Trial 1358 finished with value: 0.47852675004622713 and parameters: {'k1': 0.0009252434649346091, 'D_low': 3577.984614731549, 'k2': 0.0015770853442077263, 'D_high': 6487392.917919953, 'fire_exp': 3.919729835291565, 'P_half': 212.00976961296826, 'pre_dampen_half': 151.6358574097323, 'gpp_af': 3.800374638011719, 'gpp_b': 0.013272385909970432, 'gpp_d': 12.949877995228116, 'ign_k': 0.6676472013877204, 'ign_c': 0.18623933146646535, 'trop_agb_crit': 6.901759290118617, 'trop_k_veg': 3.3059904816748995, 'pop_amp': 0.24021699369046848, 'pop_peak': 2.24973685949358, 'pop_sig': 1.615324005260164}. Best is trial 1128 with value: -0.620386984093161.
[I 2026-08-20 00:53:56,687] Trial 1359 finished with value: 0.5427379614862742 and parameters: {'k1': 0.003023891633496647, 'D_low': 3469.7668164562933, 'k2': 0.035158668993927354, 'D_high': 16206.652177892522, 'fire_exp': 7.622102319214491, 'P_half': 30.686531964499064, 'pre_dampen_half': 5.944713473674776, 'gpp_af': 0.08101561126069788, 'gpp_b': 0.004668815209249101, 'gpp_d': 837.5614437205735, 'ign_k': 5.496477677596314, 'ign_c': 14.953051669998816, 'trop_agb_crit': 6.13057854996985, 'trop_k_veg': 2.0768754099161564, 'pop_amp': 9.785363553390622, 'pop_peak': 0.1858841107804563, 'pop_sig': 0.5823917542613795}. Best is trial 1128 with value: -0.620386984093161.
[I 2026-08-20 00:53:58,537] Trial 1360 finished with value: 0.6026643014216587 and parameters: {'k1': 6.180375633845582e-05, 'D_low': 55.88077219155092, 'k2': 0.09459083661800438, 'D_high': 8803667.507538088, 'fire_exp': 5.534770310467654, 'P_half': 32.35755757849119, 'pre_dampen_half': 7.583108626832864, 'gpp_af': 0.0034830116059815, 'gpp_b': 0.008084614053350274, 'gpp_d': 1.2692287720258035, 'ign_k': 1.3910533297321332, 'ign_c': 0.15503777765656607, 'trop_agb_crit': 1.4168235081224771, 'trop_k_veg': 7.540942000552031, 'pop_amp': 0.6236895094993045, 'pop_peak': 0.15408826712273282, 'pop_sig': 2.1910429747556837}. Best is trial 1128 with value: -0.620386984093161.
[I 2026-08-20 00:54:00,438] Trial 1361 finished with value: 0.580361851538167 and parameters: {'k1': 0.00010089552477424723, 'D_low': 450.1092270315446, 'k2': 6.243340789665713e-05, 'D_high': 135307.3616514486, 'fire_exp': 5.820135943676033, 'P_half': 59.32118352008471, 'pre_dampen_half': 0.49574652349782494, 'gpp_af': 0.41598631687087045, 'gpp_b': 1.9503097414918704e-05, 'gpp_d': 20.398036567378906, 'ign_k': 0.023165736171950065, 'ign_c': 2.426802701677634, 'trop_agb_crit': 4.697573691327604, 'trop_k_veg': 3.5416981755477215, 'pop_amp': 18.526192952737034, 'pop_peak': 0.7052885849571134, 'pop_sig': 0.6923681820271983}. Best is trial 1128 with value: -0.620386984093161.
[I 2026-08-20 00:54:02,718] Trial 1362 finished with value: 0.5245285407522153 and parameters: {'k1': 0.00859068023378886, 'D_low': 8138.428007197961, 'k2': 0.002843286318487576, 'D_high': 444186.946741597, 'fire_exp': 6.965804682241985, 'P_half': 175.73442258462504, 'pre_dampen_half': 3.026544451938459, 'gpp_af': 0.08844048439133614, 'gpp_b': 0.0027735176410800906, 'gpp_d': 5.433729227994004, 'ign_k': 3.080940654500178, 'ign_c': 0.18677702041749183, 'trop_agb_crit': 7.560130858508801, 'trop_k_veg': 3.7314343113508124, 'pop_amp': 2.8486579397707397, 'pop_peak': 4.781978800198325, 'pop_sig': 0.8365572173898191}. Best is trial 1128 with value: -0.620386984093161.
[I 2026-08-20 00:54:04,572] Trial 1363 finished with value: 0.43674565683737554 and parameters: {'k1': 1.2388828287854051e-05, 'D_low': 87.97079758498454, 'k2': 0.04374924725129391, 'D_high': 731925.8162684673, 'fire_exp': 1.5083650009088068, 'P_half': 245.41058861580296, 'pre_dampen_half': 9.139349047607494, 'gpp_af': 0.06573732603923715, 'gpp_b': 0.02561309749515743, 'gpp_d': 1.0914647543666613, 'ign_k': 9.715225091305824, 'ign_c': 0.10214903843803035, 'trop_agb_crit': 1.2302225669669598, 'trop_k_veg': 4.214389491378627, 'pop_amp': 3.059734237105219, 'pop_peak': 7.456151616746255, 'pop_sig': 1.738884265497832}. Best is trial 1128 with value: -0.620386984093161.
[I 2026-08-20 00:54:06,441] Trial 1364 finished with value: 0.631412751536855 and parameters: {'k1': 0.004866148157436972, 'D_low': 482.7764041579841, 'k2': 0.000447290174577639, 'D_high': 7742867.935747451, 'fire_exp': 3.9728332370520496, 'P_half': 456.33088545165475, 'pre_dampen_half': 197.14451345762592, 'gpp_af': 0.010994624100466144, 'gpp_b': 0.039664611544839586, 'gpp_d': 9.894957220781512, 'ign_k': 0.022892060710526702, 'ign_c': 0.5576713089362324, 'trop_agb_crit': 19.242936832765174, 'trop_k_veg': 5.320452606892169, 'pop_amp': 16.35643639842249, 'pop_peak': 0.9552682504907793, 'pop_sig': 0.6841480986447587}. Best is trial 1128 with value: -0.620386984093161.
[I 2026-08-20 00:54:08,537] Trial 1365 finished with value: 0.47240020175361863 and parameters: {'k1': 0.0095998415432063, 'D_low': 11.483004538004328, 'k2': 0.0014009797599617694, 'D_high': 110719.89399901523, 'fire_exp': 1.8080991202645593, 'P_half': 206.01453439931515, 'pre_dampen_half': 1.093089100016801, 'gpp_af': 0.09580080454693597, 'gpp_b': 5.8734575219454375e-05, 'gpp_d': 27.818980580038108, 'ign_k': 1.8289229160203915, 'ign_c': 1.2903289226186303, 'trop_agb_crit': 15.778079866793387, 'trop_k_veg': 4.02281955632909, 'pop_amp': 0.0016081112662845066, 'pop_peak': 4.352989133271543, 'pop_sig': 1.839796386299486}. Best is trial 1128 with value: -0.620386984093161.
[I 2026-08-20 00:54:10,679] Trial 1366 finished with value: 0.5859367441632739 and parameters: {'k1': 0.0002695894461038976, 'D_low': 4912.830524827067, 'k2': 0.0019553211187512904, 'D_high': 94506.2748168783, 'fire_exp': 5.970645257337177, 'P_half': 1099.9628159221213, 'pre_dampen_half': 4.157019862823553, 'gpp_af': 0.3959524455684632, 'gpp_b': 4.166827732241588e-05, 'gpp_d': 393.8499349043169, 'ign_k': 0.1879866338471732, 'ign_c': 13.238129396495488, 'trop_agb_crit': 7.767881961244892, 'trop_k_veg': 1.6683096433704596, 'pop_amp': 0.005681489432852075, 'pop_peak': 11.918411405000782, 'pop_sig': 1.6133267843218349}. Best is trial 1128 with value: -0.620386984093161.
[I 2026-08-20 00:54:12,807] Trial 1367 finished with value: 0.5803187554500601 and parameters: {'k1': 0.00012631966557940957, 'D_low': 2332.12350395272, 'k2': 0.0006721794799710257, 'D_high': 552651.6893675362, 'fire_exp': 5.0721954630707105, 'P_half': 473.37511143582657, 'pre_dampen_half': 1.2459951855416809, 'gpp_af': 0.09849123949078732, 'gpp_b': 0.0027819433306790577, 'gpp_d': 306.7330877879937, 'ign_k': 0.027733157114204713, 'ign_c': 20.26274993273664, 'trop_agb_crit': 4.66180953090197, 'trop_k_veg': 3.111122682763283, 'pop_amp': 11.650180385085083, 'pop_peak': 0.19640165330574416, 'pop_sig': 0.9963444541116722}. Best is trial 1128 with value: -0.620386984093161.
[I 2026-08-20 00:54:16,265] Trial 1368 finished with value: -0.5504838935151788 and parameters: {'k1': 0.0003811743398346659, 'D_low': 1.6302255041325564, 'k2': 0.00013980778437653222, 'D_high': 93600.06509171952, 'fire_exp': 4.2594617778339705, 'P_half': 162.3277543852099, 'pre_dampen_half': 113.7788203190704, 'gpp_af': 6.1553531212714905, 'gpp_b': 0.0004592935351332708, 'gpp_d': 34.27011021051243, 'ign_k': 0.352323925042785, 'ign_c': 4.529729897488891, 'trop_agb_crit': 15.834144847501749, 'trop_k_veg': 7.89384402973829, 'pop_amp': 2.139309893915853, 'pop_peak': 0.3961330764208939, 'pop_sig': 0.8295410680460654}. Best is trial 1128 with value: -0.620386984093161.
[I 2026-08-20 00:54:18,213] Trial 1369 finished with value: 0.4552150464913435 and parameters: {'k1': 0.000988961474650134, 'D_low': 2987.640681281053, 'k2': 0.0012036654094522232, 'D_high': 6236179.228001798, 'fire_exp': 1.0864269566410263, 'P_half': 76.95341911778274, 'pre_dampen_half': 34.31164255100255, 'gpp_af': 0.2487655108998433, 'gpp_b': 0.00040708080198222616, 'gpp_d': 7.530561022289104, 'ign_k': 3.106499628517356, 'ign_c': 1.268002266760043, 'trop_agb_crit': 17.587289949488245, 'trop_k_veg': 1.3182681900085624, 'pop_amp': 0.001299078971121672, 'pop_peak': 115.88329194691318, 'pop_sig': 1.058349136915651}. Best is trial 1128 with value: -0.620386984093161.
[I 2026-08-20 00:54:20,044] Trial 1370 finished with value: 0.6479110323180097 and parameters: {'k1': 0.0006563080498080686, 'D_low': 104.81389090749671, 'k2': 0.0035156992057641034, 'D_high': 79693.57975943408, 'fire_exp': 4.714327022103855, 'P_half': 119.88283834359048, 'pre_dampen_half': 52.81721806621735, 'gpp_af': 0.04273252216121105, 'gpp_b': 0.0004046727491837428, 'gpp_d': 238.0854181506098, 'ign_k': 0.15685635339801007, 'ign_c': 0.4127184206044649, 'trop_agb_crit': 6.8825761911387975, 'trop_k_veg': 5.492793315236518, 'pop_amp': 10.896389959498723, 'pop_peak': 0.4614899803132133, 'pop_sig': 2.2304664989417673}. Best is trial 1128 with value: -0.620386984093161.
[I 2026-08-20 00:54:21,852] Trial 1371 finished with value: -0.5039759126847972 and parameters: {'k1': 7.746305548038014e-05, 'D_low': 93.51801913881182, 'k2': 0.0026885909142986934, 'D_high': 7228691.040753343, 'fire_exp': 4.107196057390004, 'P_half': 18.724400708933853, 'pre_dampen_half': 5.5011145204398275, 'gpp_af': 13.588057846487372, 'gpp_b': 0.00019010980332985692, 'gpp_d': 5.241502961994293, 'ign_k': 6.483140481002764, 'ign_c': 0.1714375626521686, 'trop_agb_crit': 4.100170984424072, 'trop_k_veg': 3.8338862333681916, 'pop_amp': 0.30178613937990517, 'pop_peak': 1.492128954548357, 'pop_sig': 1.62631816112598}. Best is trial 1128 with value: -0.620386984093161.
[I 2026-08-20 00:54:24,090] Trial 1372 finished with value: 0.4267840703641337 and parameters: {'k1': 0.0012022204662153076, 'D_low': 44.90522256602508, 'k2': 0.0003868099318483841, 'D_high': 1451575.9667035295, 'fire_exp': 1.3081847021200583, 'P_half': 203.38494090041831, 'pre_dampen_half': 9.620966676239986, 'gpp_af': 0.029484225722406582, 'gpp_b': 0.00013766297735814313, 'gpp_d': 0.047985054181739345, 'ign_k': 1.0438047760270481, 'ign_c': 9.281403550839721, 'trop_agb_crit': 2.248993924068803, 'trop_k_veg': 2.85898777037704, 'pop_amp': 0.4503500653353829, 'pop_peak': 0.11695628058257518, 'pop_sig': 0.5337183532289433}. Best is trial 1128 with value: -0.620386984093161.
[I 2026-08-20 00:54:25,934] Trial 1373 finished with value: 0.5820813200812156 and parameters: {'k1': 0.0012172958638534395, 'D_low': 17.945605099313656, 'k2': 0.0019096886007612637, 'D_high': 194709.4632457648, 'fire_exp': 2.42457185407278, 'P_half': 335.844218274197, 'pre_dampen_half': 0.5336516960886267, 'gpp_af': 0.0013942520481157324, 'gpp_b': 9.906376875063967e-05, 'gpp_d': 9.98920925903479, 'ign_k': 0.050817396863365914, 'ign_c': 84.17361178174646, 'trop_agb_crit': 4.113752863795941, 'trop_k_veg': 7.230149433619478, 'pop_amp': 3.963835241352329, 'pop_peak': 64.08241350018834, 'pop_sig': 1.3010279808909362}. Best is trial 1128 with value: -0.620386984093161.
[I 2026-08-20 00:54:27,981] Trial 1374 finished with value: 0.5823693459929462 and parameters: {'k1': 0.0010493759075884223, 'D_low': 711.2829010968966, 'k2': 0.011236396298566927, 'D_high': 468121.9013575996, 'fire_exp': 6.281226424445942, 'P_half': 903.8395411748874, 'pre_dampen_half': 0.2720024323024818, 'gpp_af': 13.022204862509458, 'gpp_b': 0.0004175925531643224, 'gpp_d': 9.107389552071458, 'ign_k': 9.707861541861956, 'ign_c': 0.1742008066441125, 'trop_agb_crit': 6.80349730413005, 'trop_k_veg': 2.4786473908603903, 'pop_amp': 12.060036388732327, 'pop_peak': 1.1277054469310435, 'pop_sig': 1.0774681366153536}. Best is trial 1128 with value: -0.620386984093161.
[I 2026-08-20 00:54:30,049] Trial 1375 finished with value: 0.6445374145881376 and parameters: {'k1': 0.0033675528107977772, 'D_low': 2.6242680774404326, 'k2': 0.0008919546584539518, 'D_high': 671484.8320807132, 'fire_exp': 3.316581177843278, 'P_half': 2458.788752842149, 'pre_dampen_half': 8.37225393581226, 'gpp_af': 0.41662900971089406, 'gpp_b': 1.2860442450723436e-05, 'gpp_d': 936.5257703196231, 'ign_k': 9.363390187809335, 'ign_c': 50.47071092395473, 'trop_agb_crit': 12.227260863673836, 'trop_k_veg': 4.289354093191369, 'pop_amp': 0.006965847900830967, 'pop_peak': 19.0308950888963, 'pop_sig': 1.1778055533846348}. Best is trial 1128 with value: -0.620386984093161.
