[I 2026-08-19 13:08:14,636] Trial 450 finished with values: [-0.39299581473499484, 7.162015425166146e-11] and parameters: {'k1': 1.2432381951316053e-05, 'D_low': 50340.563942871704, 'k2': 0.00027413507419758244, 'D_high': 577.4987726789047, 'fire_exp': 5.433392060430592, 'P_half': 1636.5290600718067, 'pre_dampen_half': 1.3202414283299975, 'gpp_af': 1.3467890557370734, 'gpp_b': 0.010442814210473004, 'gpp_d': 108.18665579547857, 'ign_k': 0.0023181776112903506, 'ign_c': 0.28376065854345905, 'trop_agb_crit': 3.544180417534903, 'trop_k_veg': 4.541505658710469, 'pop_amp': 0.0034369873301918173, 'pop_peak': 503.7153440645595, 'pop_sig': 1.8528333992769594, 'fuel_k': 0.022805907608636752, 'fuel_half': 17.890117928710357}.
[I 2026-08-19 13:08:17,256] Trial 451 finished with values: [-0.5033773420373926, 0.07888146962481601] and parameters: {'k1': 0.005456725485601475, 'D_low': 286.06841726052676, 'k2': 3.077180271250682e-05, 'D_high': 9355.38060645217, 'fire_exp': 1.0824018381500955, 'P_half': 4.937355303501834, 'pre_dampen_half': 0.0399066504395798, 'gpp_af': 2.0540519425388455, 'gpp_b': 0.0007417652034871827, 'gpp_d': 3.9841905944346854, 'ign_k': 0.3699359899959751, 'ign_c': 0.5488047000766043, 'trop_agb_crit': 27.05166881899929, 'trop_k_veg': 4.288672925586801, 'pop_amp': 0.5769506670019815, 'pop_peak': 352.89806695809773, 'pop_sig': 0.9904669476016459, 'fuel_k': 3.640039183945803, 'fuel_half': 0.10355826161899183}.
[I 2026-08-19 13:08:19,845] Trial 452 finished with values: [-0.4184975795635272, 4.1418900861400765e-05] and parameters: {'k1': 1.844951990812239e-05, 'D_low': 27972.024228472703, 'k2': 0.0021608491389795734, 'D_high': 1661855.441285105, 'fire_exp': 1.3796609641485171, 'P_half': 7.361379380357789, 'pre_dampen_half': 0.19674328025306115, 'gpp_af': 0.00301004353953023, 'gpp_b': 0.620439464939785, 'gpp_d': 117.2128156438701, 'ign_k': 0.2681489769414654, 'ign_c': 12.366924205139131, 'trop_agb_crit': 17.69486533706496, 'trop_k_veg': 5.691473319778836, 'pop_amp': 10.985330528057915, 'pop_peak': 352.89806695809773, 'pop_sig': 0.6871869718280653, 'fuel_k': 3.640039183945803, 'fuel_half': 0.18427970406864538}.
[I 2026-08-19 13:08:22,099] Trial 453 finished with values: [-0.40809184842706864, 6.725440271360128e-08] and parameters: {'k1': 9.67404566214593e-05, 'D_low': 1906.2702769029409, 'k2': 8.468146923166077e-05, 'D_high': 147291.8866762514, 'fire_exp': 1.8713074096420792, 'P_half': 229.5739821454948, 'pre_dampen_half': 0.6380717024176037, 'gpp_af': 0.0028701881471957036, 'gpp_b': 3.1906667956153174, 'gpp_d': 0.04831624275180356, 'ign_k': 6.32338195106678, 'ign_c': 6.0816733722841345, 'trop_agb_crit': 1.8769978887909808, 'trop_k_veg': 2.246382792334124, 'pop_amp': 5.682850415992685, 'pop_peak': 70.5165740192732, 'pop_sig': 1.6014049129068106, 'fuel_k': 0.6763941362086655, 'fuel_half': 11.935199796901877}.
[I 2026-08-19 13:08:24,809] Trial 454 finished with values: [-0.41841205056182085, 0.0004334406495158927] and parameters: {'k1': 2.9693357731296325e-05, 'D_low': 1368.9795993592197, 'k2': 0.0003856302813879373, 'D_high': 1840060.4093141211, 'fire_exp': 1.3796609641485171, 'P_half': 267.2146013620241, 'pre_dampen_half': 0.05437101051096082, 'gpp_af': 3.3373658194339484, 'gpp_b': 4.038332634638232, 'gpp_d': 118.26972885708257, 'ign_k': 0.006418208309987481, 'ign_c': 12.366924205139131, 'trop_agb_crit': 28.49245476864681, 'trop_k_veg': 4.30392173391187, 'pop_amp': 0.0021433490423168255, 'pop_peak': 0.5393162598439744, 'pop_sig': 2.4100357112052566, 'fuel_k': 1.3626356448811705, 'fuel_half': 17.890117928710357}.
  trial  455/2500  pareto_size=29  best_ilamb=0.6094  (22.8 min)
[I 2026-08-19 13:08:29,069] Trial 455 finished with values: [-0.422762447165104, 0.008015728942495692] and parameters: {'k1': 4.929552311643645e-05, 'D_low': 50340.563942871704, 'k2': 0.0019856031481305684, 'D_high': 1840060.4093141211, 'fire_exp': 5.197864628432944, 'P_half': 36.612044674487045, 'pre_dampen_half': 9.383863373218398, 'gpp_af': 0.006580815488709274, 'gpp_b': 9.67374839440457e-05, 'gpp_d': 118.26972885708257, 'ign_k': 9.162638829638215, 'ign_c': 12.366924205139131, 'trop_agb_crit': 3.544180417534903, 'trop_k_veg': 5.691473319778836, 'pop_amp': 0.029228481237926353, 'pop_peak': 162.62551614461097, 'pop_sig': 1.804482856986987, 'fuel_k': 0.11148299766359336, 'fuel_half': 17.890117928710357}.
[I 2026-08-19 13:08:35,447] Trial 456 finished with values: [-0.3847961435220991, 1.0556746588008536e-09] and parameters: {'k1': 0.005456725485601475, 'D_low': 27972.024228472703, 'k2': 0.0003856302813879373, 'D_high': 9563.154080872062, 'fire_exp': 1.0501937052663004, 'P_half': 4337.920697490941, 'pre_dampen_half': 0.05437101051096082, 'gpp_af': 3.3373658194339484, 'gpp_b': 8.447206699076682, 'gpp_d': 118.26972885708257, 'ign_k': 0.1537592023548176, 'ign_c': 12.366924205139131, 'trop_agb_crit': 3.544180417534903, 'trop_k_veg': 4.891066132801691, 'pop_amp': 0.003862170731634088, 'pop_peak': 352.89806695809773, 'pop_sig': 0.9904669476016459, 'fuel_k': 0.27631890369709744, 'fuel_half': 12.174010223877664}.
[I 2026-08-19 13:08:38,887] Trial 457 finished with values: [-0.4068740541910965, 0.008571393643017067] and parameters: {'k1': 1.844951990812239e-05, 'D_low': 27972.024228472703, 'k2': 0.0021608491389795734, 'D_high': 9355.38060645217, 'fire_exp': 1.1633452995374232, 'P_half': 7.361379380357789, 'pre_dampen_half': 0.19674328025306115, 'gpp_af': 0.00301004353953023, 'gpp_b': 0.004411400434514031, 'gpp_d': 118.26972885708257, 'ign_k': 0.1537592023548176, 'ign_c': 0.5110256715654393, 'trop_agb_crit': 17.69486533706496, 'trop_k_veg': 5.691473319778836, 'pop_amp': 0.0021433490423168255, 'pop_peak': 352.89806695809773, 'pop_sig': 0.6871869718280653, 'fuel_k': 1.3626356448811705, 'fuel_half': 1.683458881839943}.
[I 2026-08-19 13:08:42,273] Trial 458 finished with values: [-0.41904885124038904, 0.00015405523733580395] and parameters: {'k1': 2.9693357731296325e-05, 'D_low': 1.6569065206637925, 'k2': 0.0003856302813879373, 'D_high': 24493.271671328574, 'fire_exp': 1.3796609641485171, 'P_half': 8894.151386481904, 'pre_dampen_half': 0.2571419084734534, 'gpp_af': 0.13402388198950174, 'gpp_b': 0.0004837646996135023, 'gpp_d': 0.16294786031575217, 'ign_k': 0.17320535908244444, 'ign_c': 12.366924205139131, 'trop_agb_crit': 14.188434224699876, 'trop_k_veg': 2.5052470616811733, 'pop_amp': 0.029228481237926353, 'pop_peak': 2.7413037094910417, 'pop_sig': 2.4100357112052566, 'fuel_k': 1.3626356448811705, 'fuel_half': 17.890117928710357}.
[I 2026-08-19 13:08:45,715] Trial 459 finished with values: [-0.3952392641487398, 1.3322676295501878e-15] and parameters: {'k1': 4.0873003903057456e-05, 'D_low': 286.06841726052676, 'k2': 4.392638796750218e-05, 'D_high': 9355.38060645217, 'fire_exp': 4.3161213924316595, 'P_half': 4.937355303501834, 'pre_dampen_half': 0.19674328025306115, 'gpp_af': 0.005018406982902927, 'gpp_b': 1.624829724391053, 'gpp_d': 3.032712462969173, 'ign_k': 0.1537592023548176, 'ign_c': 0.2806439011124269, 'trop_agb_crit': 27.05166881899929, 'trop_k_veg': 3.754644404143055, 'pop_amp': 0.06945433987275948, 'pop_peak': 352.89806695809773, 'pop_sig': 0.9904669476016459, 'fuel_k': 3.640039183945803, 'fuel_half': 0.10355826161899183}.
  trial  460/2500  pareto_size=30  best_ilamb=0.6094  (23.1 min)
[I 2026-08-19 13:08:49,987] Trial 460 finished with values: [-0.3554625854118624, 0.0] and parameters: {'k1': 2.9693357731296325e-05, 'D_low': 27972.024228472703, 'k2': 0.0019856031481305684, 'D_high': 1840060.4093141211, 'fire_exp': 1.3796609641485171, 'P_half': 1636.5290600718067, 'pre_dampen_half': 0.2571419084734534, 'gpp_af': 0.0077125451401819246, 'gpp_b': 9.67374839440457e-05, 'gpp_d': 118.26972885708257, 'ign_k': 9.162638829638215, 'ign_c': 74.19780584302272, 'trop_agb_crit': 3.544180417534903, 'trop_k_veg': 4.30392173391187, 'pop_amp': 0.029228481237926353, 'pop_peak': 0.17274196344453516, 'pop_sig': 1.804482856986987, 'fuel_k': 0.15552861105540366, 'fuel_half': 17.890117928710357}.
[I 2026-08-19 13:08:52,981] Trial 461 finished with values: [-0.43363400573967353, 0.006620132838785819] and parameters: {'k1': 0.0029070516815839368, 'D_low': 1.6569065206637925, 'k2': 0.0019856031481305684, 'D_high': 24493.271671328574, 'fire_exp': 1.1633452995374232, 'P_half': 6281.776703992854, 'pre_dampen_half': 0.10189118197357125, 'gpp_af': 0.41874665092828456, 'gpp_b': 0.004411400434514031, 'gpp_d': 1.0088237648985734, 'ign_k': 0.3818468247973969, 'ign_c': 0.5110256715654393, 'trop_agb_crit': 10.539309460155534, 'trop_k_veg': 5.691473319778836, 'pop_amp': 11.72926995754655, 'pop_peak': 2.016436598480055, 'pop_sig': 0.4663206866626952, 'fuel_k': 1.3626356448811705, 'fuel_half': 1.683458881839943}.
[I 2026-08-19 13:08:55,881] Trial 462 finished with values: [-0.5290699132900011, 0.086983994105301] and parameters: {'k1': 0.09372580613581186, 'D_low': 2.400213216646464, 'k2': 0.09116768553735347, 'D_high': 6543576.946931886, 'fire_exp': 6.454675979546216, 'P_half': 10.436686039715203, 'pre_dampen_half': 30.11226646948154, 'gpp_af': 0.18737227240512885, 'gpp_b': 0.05825704883392061, 'gpp_d': 8.347790852520644, 'ign_k': 0.04439802552990466, 'ign_c': 0.13492881864712067, 'trop_agb_crit': 23.606263788786194, 'trop_k_veg': 6.972354563243685, 'pop_amp': 6.746076139939917, 'pop_peak': 4.557885026195722, 'pop_sig': 1.0424917012813995, 'fuel_k': 4.04437775870989, 'fuel_half': 0.3497028715561063}.
[I 2026-08-19 13:08:58,792] Trial 463 finished with values: [-0.3554625854118624, 0.0] and parameters: {'k1': 4.0873003903057456e-05, 'D_low': 286.06841726052676, 'k2': 4.392638796750218e-05, 'D_high': 9355.38060645217, 'fire_exp': 7.856097010829145, 'P_half': 267.2146013620241, 'pre_dampen_half': 0.0399066504395798, 'gpp_af': 0.005018406982902927, 'gpp_b': 1.624829724391053, 'gpp_d': 3.9841905944346854, 'ign_k': 0.009935023909063692, 'ign_c': 4.4716799012313055, 'trop_agb_crit': 27.05166881899929, 'trop_k_veg': 0.5286133593985778, 'pop_amp': 0.0021433490423168255, 'pop_peak': 1.421337820414783, 'pop_sig': 0.5314193463179775, 'fuel_k': 0.15552861105540366, 'fuel_half': 17.890117928710357}.
[I 2026-08-19 13:09:01,352] Trial 464 finished with values: [-0.3554625854118624, 0.0] and parameters: {'k1': 4.042960692360327e-05, 'D_low': 716328.9063135319, 'k2': 9.861808369679773e-05, 'D_high': 290855.8180038407, 'fire_exp': 1.8713074096420792, 'P_half': 9226.223582279747, 'pre_dampen_half': 0.2571419084734534, 'gpp_af': 24.20071425273804, 'gpp_b': 3.1906667956153174, 'gpp_d': 650.4921701204659, 'ign_k': 9.162638829638215, 'ign_c': 6.0816733722841345, 'trop_agb_crit': 3.544180417534903, 'trop_k_veg': 5.691473319778836, 'pop_amp': 5.682850415992685, 'pop_peak': 0.22068324240460466, 'pop_sig': 0.42382971672762476, 'fuel_k': 1.0151421859083098, 'fuel_half': 11.935199796901877}.
[I 2026-08-19 13:09:04,908] Trial 465 finished with values: [-0.44510372082741395, 0.009753431582375072] and parameters: {'k1': 5.7909642338812115e-05, 'D_low': 1368.9795993592197, 'k2': 0.015109330261674455, 'D_high': 1661855.441285105, 'fire_exp': 1.1633452995374232, 'P_half': 1265.0580856641704, 'pre_dampen_half': 0.10189118197357125, 'gpp_af': 0.41874665092828456, 'gpp_b': 0.004411400434514031, 'gpp_d': 1.0088237648985734, 'ign_k': 0.3818468247973969, 'ign_c': 0.5110256715654393, 'trop_agb_crit': 24.500297851058132, 'trop_k_veg': 0.7137927523304675, 'pop_amp': 0.0021433490423168255, 'pop_peak': 0.14020023099408158, 'pop_sig': 0.4663206866626952, 'fuel_k': 1.3626356448811705, 'fuel_half': 1.683458881839943}.
[I 2026-08-19 13:09:08,343] Trial 466 finished with values: [-0.427210333236553, 0.004042579215784992] and parameters: {'k1': 0.0029070516815839368, 'D_low': 437.4364439939077, 'k2': 3.077180271250682e-05, 'D_high': 6543576.946931886, 'fire_exp': 1.0824018381500955, 'P_half': 8894.151386481904, 'pre_dampen_half': 0.2571419084734534, 'gpp_af': 0.18737227240512885, 'gpp_b': 0.0007417652034871827, 'gpp_d': 0.16294786031575217, 'ign_k': 0.1537592023548176, 'ign_c': 0.5488047000766043, 'trop_agb_crit': 17.69486533706496, 'trop_k_veg': 4.288672925586801, 'pop_amp': 0.029228481237926353, 'pop_peak': 352.89806695809773, 'pop_sig': 0.9904669476016459, 'fuel_k': 3.640039183945803, 'fuel_half': 17.890117928710357}.
  trial  467/2500  pareto_size=31  best_ilamb=0.6094  (23.5 min)
[I 2026-08-19 13:09:13,433] Trial 467 finished with values: [-0.4155652743217001, 9.055580041050781e-06] and parameters: {'k1': 1.844951990812239e-05, 'D_low': 27972.024228472703, 'k2': 0.0019856031481305684, 'D_high': 1124534.1807254362, 'fire_exp': 1.3796609641485171, 'P_half': 1636.5290600718067, 'pre_dampen_half': 0.2571419084734534, 'gpp_af': 0.006580815488709274, 'gpp_b': 0.22183644799066013, 'gpp_d': 118.26972885708257, 'ign_k': 9.162638829638215, 'ign_c': 12.366924205139131, 'trop_agb_crit': 3.544180417534903, 'trop_k_veg': 5.691473319778836, 'pop_amp': 0.04874366481145617, 'pop_peak': 0.17274196344453516, 'pop_sig': 1.804482856986987, 'fuel_k': 0.11148299766359336, 'fuel_half': 17.890117928710357}.
[I 2026-08-19 13:09:17,266] Trial 468 finished with values: [-0.4175265134746657, 2.224029571618047e-08] and parameters: {'k1': 0.0008020503059027807, 'D_low': 2.1309331861011747, 'k2': 3.077180271250682e-05, 'D_high': 24493.271671328574, 'fire_exp': 1.2460495533150313, 'P_half': 4337.920697490941, 'pre_dampen_half': 0.19674328025306115, 'gpp_af': 2.0540519425388455, 'gpp_b': 0.0007417652034871827, 'gpp_d': 3.032712462969173, 'ign_k': 0.1537592023548176, 'ign_c': 89.12611835816996, 'trop_agb_crit': 14.188434224699876, 'trop_k_veg': 0.6719347333876377, 'pop_amp': 10.985330528057915, 'pop_peak': 0.05281056279423359, 'pop_sig': 0.9904669476016459, 'fuel_k': 3.640039183945803, 'fuel_half': 1.7895437790635824}.
[I 2026-08-19 13:09:22,155] Trial 469 finished with values: [-0.4116627899074947, 0.00022094264191685475] and parameters: {'k1': 0.0029070516815839368, 'D_low': 1.6569065206637925, 'k2': 0.0003856302813879373, 'D_high': 24493.271671328574, 'fire_exp': 1.8713074096420792, 'P_half': 8894.151386481904, 'pre_dampen_half': 0.6380717024176037, 'gpp_af': 0.13402388198950174, 'gpp_b': 0.0004837646996135023, 'gpp_d': 118.26972885708257, 'ign_k': 6.32338195106678, 'ign_c': 6.0816733722841345, 'trop_agb_crit': 2.6689615974393592, 'trop_k_veg': 2.4855199240230106, 'pop_amp': 0.029228481237926353, 'pop_peak': 70.5165740192732, 'pop_sig': 1.6014049129068106, 'fuel_k': 0.05776433774362812, 'fuel_half': 17.890117928710357}.
[I 2026-08-19 13:09:25,317] Trial 470 finished with values: [-0.3554625854118624, 0.0] and parameters: {'k1': 0.0004846497679219079, 'D_low': 15150.361381456718, 'k2': 6.340140860251457e-05, 'D_high': 24493.271671328574, 'fire_exp': 2.5321117364280843, 'P_half': 1636.5290600718067, 'pre_dampen_half': 1.8469033699850426, 'gpp_af': 0.11134482360128048, 'gpp_b': 3.1906667956153174, 'gpp_d': 108.18665579547857, 'ign_k': 9.162638829638215, 'ign_c': 89.12611835816996, 'trop_agb_crit': 14.188434224699876, 'trop_k_veg': 0.5443513380244235, 'pop_amp': 0.008683934086503814, 'pop_peak': 0.05281056279423359, 'pop_sig': 1.9859263218457708, 'fuel_k': 3.250046746707412, 'fuel_half': 0.17308447175584962}.
[I 2026-08-19 13:09:28,522] Trial 471 finished with values: [-0.3762584226948656, 3.778825030664734e-10] and parameters: {'k1': 9.67404566214593e-05, 'D_low': 82151.19893998209, 'k2': 0.0067445742055710165, 'D_high': 32.654985674765705, 'fire_exp': 1.8713074096420792, 'P_half': 229.5739821454948, 'pre_dampen_half': 0.6380717024176037, 'gpp_af': 0.053663001820106804, 'gpp_b': 0.010442814210473004, 'gpp_d': 0.19553384550454228, 'ign_k': 0.45791923103229365, 'ign_c': 6.0816733722841345, 'trop_agb_crit': 2.082468072533112, 'trop_k_veg': 5.691473319778836, 'pop_amp': 0.0013002472438361158, 'pop_peak': 10.679600530994481, 'pop_sig': 2.1785636353327757, 'fuel_k': 0.6763941362086655, 'fuel_half': 11.935199796901877}.
[I 2026-08-19 13:09:32,161] Trial 472 finished with values: [-0.4131108346350746, 1.6979384565019018e-10] and parameters: {'k1': 2.9693357731296325e-05, 'D_low': 1.6569065206637925, 'k2': 0.0002001342062287998, 'D_high': 1661855.441285105, 'fire_exp': 6.454675979546216, 'P_half': 6281.776703992854, 'pre_dampen_half': 30.11226646948154, 'gpp_af': 3.3373658194339484, 'gpp_b': 0.05825704883392061, 'gpp_d': 118.26972885708257, 'ign_k': 0.006418208309987481, 'ign_c': 89.12611835816996, 'trop_agb_crit': 14.188434224699876, 'trop_k_veg': 0.5443513380244235, 'pop_amp': 0.008683934086503814, 'pop_peak': 0.5393162598439744, 'pop_sig': 0.4663206866626952, 'fuel_k': 4.04437775870989, 'fuel_half': 1.7895437790635824}.
  trial  473/2500  pareto_size=33  best_ilamb=0.6094  (23.9 min)
[I 2026-08-19 13:09:38,145] Trial 473 finished with values: [-0.47735287435532037, 0.017226245795456285] and parameters: {'k1': 0.005456725485601475, 'D_low': 286.06841726052676, 'k2': 3.077180271250682e-05, 'D_high': 24493.271671328574, 'fire_exp': 1.0824018381500955, 'P_half': 4337.920697490941, 'pre_dampen_half': 0.19674328025306115, 'gpp_af': 0.005018406982902927, 'gpp_b': 0.0007417652034871827, 'gpp_d': 3.9841905944346854, 'ign_k': 9.946147674311604, 'ign_c': 0.5488047000766043, 'trop_agb_crit': 1.257433437731036, 'trop_k_veg': 2.819496004876631, 'pop_amp': 10.985330528057915, 'pop_peak': 352.89806695809773, 'pop_sig': 0.2777678917098414, 'fuel_k': 3.640039183945803, 'fuel_half': 0.18427970406864538}.
[I 2026-08-19 13:09:42,503] Trial 474 finished with values: [-0.3991277961875495, 5.237276653691225e-06] and parameters: {'k1': 1.844951990812239e-05, 'D_low': 231816.98225983538, 'k2': 0.0067445742055710165, 'D_high': 1840060.4093141211, 'fire_exp': 5.433392060430592, 'P_half': 267.2146013620241, 'pre_dampen_half': 0.10189118197357125, 'gpp_af': 0.053663001820106804, 'gpp_b': 9.67374839440457e-05, 'gpp_d': 108.18665579547857, 'ign_k': 0.45791923103229365, 'ign_c': 25.49454588329708, 'trop_agb_crit': 3.544180417534903, 'trop_k_veg': 5.691473319778836, 'pop_amp': 0.0034369873301918173, 'pop_peak': 456.60279198301936, 'pop_sig': 1.8528333992769594, 'fuel_k': 0.022805907608636752, 'fuel_half': 5.940545235233705}.
[I 2026-08-19 13:09:45,369] Trial 475 finished with values: [-0.4154421040885479, 4.642084224859566e-05] and parameters: {'k1': 2.9693357731296325e-05, 'D_low': 82151.19893998209, 'k2': 0.00027413507419758244, 'D_high': 1840060.4093141211, 'fire_exp': 7.856097010829145, 'P_half': 5.854223502085963, 'pre_dampen_half': 0.6380717024176037, 'gpp_af': 36.830088529547496, 'gpp_b': 4.038332634638232, 'gpp_d': 108.18665579547857, 'ign_k': 6.32338195106678, 'ign_c': 1.9655597419418829, 'trop_agb_crit': 28.49245476864681, 'trop_k_veg': 5.691473319778836, 'pop_amp': 0.0034369873301918173, 'pop_peak': 1.421337820414783, 'pop_sig': 0.5314193463179775, 'fuel_k': 0.15552861105540366, 'fuel_half': 0.4785961566240638}.
[I 2026-08-19 13:09:49,121] Trial 476 finished with values: [-0.40348413091438734, 6.79048735180432e-05] and parameters: {'k1': 0.0008020503059027807, 'D_low': 27972.024228472703, 'k2': 0.0019856031481305684, 'D_high': 24493.271671328574, 'fire_exp': 1.2460495533150313, 'P_half': 7.361379380357789, 'pre_dampen_half': 0.19674328025306115, 'gpp_af': 0.00301004353953023, 'gpp_b': 0.0007417652034871827, 'gpp_d': 118.26972885708257, 'ign_k': 0.1537592023548176, 'ign_c': 0.5488047000766043, 'trop_agb_crit': 14.188434224699876, 'trop_k_veg': 5.691473319778836, 'pop_amp': 10.985330528057915, 'pop_peak': 352.89806695809773, 'pop_sig': 0.6871869718280653, 'fuel_k': 3.640039183945803, 'fuel_half': 0.18427970406864538}.
[I 2026-08-19 13:09:52,253] Trial 477 finished with values: [-0.3907968275642837, 0.00032262321175791087] and parameters: {'k1': 0.005456725485601475, 'D_low': 27972.024228472703, 'k2': 3.077180271250682e-05, 'D_high': 24493.271671328574, 'fire_exp': 1.0824018381500955, 'P_half': 1517.2922775770444, 'pre_dampen_half': 0.19674328025306115, 'gpp_af': 0.006580815488709274, 'gpp_b': 0.0007417652034871827, 'gpp_d': 118.26972885708257, 'ign_k': 0.02630178499745551, 'ign_c': 0.5488047000766043, 'trop_agb_crit': 3.3887235042490564, 'trop_k_veg': 4.288672925586801, 'pop_amp': 0.04874366481145617, 'pop_peak': 2.016436598480055, 'pop_sig': 0.6871869718280653, 'fuel_k': 3.640039183945803, 'fuel_half': 2.44365199339694}.
[I 2026-08-19 13:09:55,484] Trial 478 finished with values: [-0.3833086372739324, 7.518730199551626e-07] and parameters: {'k1': 2.9693357731296325e-05, 'D_low': 2.400213216646464, 'k2': 0.09116768553735347, 'D_high': 6543576.946931886, 'fire_exp': 6.454675979546216, 'P_half': 1.895375973243287, 'pre_dampen_half': 30.11226646948154, 'gpp_af': 0.0077125451401819246, 'gpp_b': 0.05825704883392061, 'gpp_d': 108.18665579547857, 'ign_k': 9.162638829638215, 'ign_c': 11.91898199251833, 'trop_agb_crit': 23.606263788786194, 'trop_k_veg': 4.30392173391187, 'pop_amp': 0.029228481237926353, 'pop_peak': 4.557885026195722, 'pop_sig': 1.0424917012813995, 'fuel_k': 4.04437775870989, 'fuel_half': 17.890117928710357}.
  trial  479/2500  pareto_size=32  best_ilamb=0.6094  (24.3 min)
[I 2026-08-19 13:09:59,733] Trial 479 finished with values: [-0.4176624573366096, 0.0001532843648228699] and parameters: {'k1': 2.9693357731296325e-05, 'D_low': 50340.563942871704, 'k2': 0.0019856031481305684, 'D_high': 1840060.4093141211, 'fire_exp': 1.3796609641485171, 'P_half': 8894.151386481904, 'pre_dampen_half': 0.7465571739720183, 'gpp_af': 0.9346598275601615, 'gpp_b': 0.262066851092946, 'gpp_d': 118.26972885708257, 'ign_k': 0.0023181776112903506, 'ign_c': 12.366924205139131, 'trop_agb_crit': 3.544180417534903, 'trop_k_veg': 6.972354563243685, 'pop_amp': 0.029228481237926353, 'pop_peak': 503.7153440645595, 'pop_sig': 1.804482856986987, 'fuel_k': 0.022805907608636752, 'fuel_half': 17.890117928710357}.
