[I 2026-07-22 21:46:59,318] Trial 804 finished with values: [10.55834087960922, 10.55834087960922] and parameters: {'k1': 0.007895056976009628, 'D_low': 102.19595065529477, 'k2': 0.017300724838654365, 'D_high': 145242.37928628005, 'fire_exp': 2.3987174696212126, 'P_half': 220.3445560633069, 'pre_dampen_half': 0.3776021676595028, 'gpp_af': 0.0025511964576171086, 'gpp_b': 3.228689523591491e-05, 'gpp_d': 12.151631524283598, 'ign_k': 3.210808548911192, 'ign_c': 4.1108484350212295, 'trop_agb_crit': 19.28597237496244, 'trop_k_veg': 1.6340262437673856, 'fuel_k': 4.680936683972859, 'fuel_half': 16.371966573507315}.
[I 2026-07-22 21:46:59,756] Trial 805 finished with values: [10.769230769178105, 10.769230769178105] and parameters: {'k1': 0.002968335334246999, 'D_low': 9.497440085397416, 'k2': 1.915468390724633e-05, 'D_high': 145242.37928628005, 'fire_exp': 1.024589524149873, 'P_half': 220.3445560633069, 'pre_dampen_half': 36.876350096202984, 'gpp_af': 0.015769192447197523, 'gpp_b': 0.0032930655419269924, 'gpp_d': 16.460426816350534, 'ign_k': 3.210808548911192, 'ign_c': 56.56383208363866, 'trop_agb_crit': 24.584290528289387, 'trop_k_veg': 1.7570501127699656, 'fuel_k': 0.029111707920759254, 'fuel_half': 52.005817291141206}.
[I 2026-07-22 21:47:00,193] Trial 806 finished with values: [10.299096113031322, 10.299096113031322] and parameters: {'k1': 0.002968335334246999, 'D_low': 102.19595065529477, 'k2': 0.0001971137615017176, 'D_high': 145242.37928628005, 'fire_exp': 2.3987174696212126, 'P_half': 56.28756950174212, 'pre_dampen_half': 269.0845367054863, 'gpp_af': 0.0025511964576171086, 'gpp_b': 3.228689523591491e-05, 'gpp_d': 11.91508626986522, 'ign_k': 0.04732407125181112, 'ign_c': 4.1108484350212295, 'trop_agb_crit': 2.082468072533112, 'trop_k_veg': 0.9369104721775232, 'fuel_k': 0.7156083490235493, 'fuel_half': 16.371966573507315}.
[I 2026-07-22 21:47:00,663] Trial 807 finished with values: [-0.691407496325363, 0.3687070286702704] and parameters: {'k1': 0.004312951023617458, 'D_low': 6.471392405728638, 'k2': 0.002342238625792905, 'D_high': 107013.64911724928, 'fire_exp': 1.262826333392102, 'P_half': 220.3445560633069, 'pre_dampen_half': 26.373339933815235, 'gpp_af': 0.03924302839842014, 'gpp_b': 0.0032930655419269924, 'gpp_d': 16.460426816350534, 'ign_k': 5.985024829384178, 'ign_c': 2.5923015361558552, 'trop_agb_crit': 6.1198430581046965, 'trop_k_veg': 1.7570501127699656, 'fuel_k': 0.02929333925546488, 'fuel_half': 38.21129441691226}.
[I 2026-07-22 21:47:01,121] Trial 808 finished with values: [10.318501311094089, 10.318501311094089] and parameters: {'k1': 0.004312951023617458, 'D_low': 1.6646452049870526, 'k2': 1.915468390724633e-05, 'D_high': 580966.5602369158, 'fire_exp': 1.024589524149873, 'P_half': 2309.331703082654, 'pre_dampen_half': 502.5175192217655, 'gpp_af': 0.0015564377110419772, 'gpp_b': 0.0032930655419269924, 'gpp_d': 12.151631524283598, 'ign_k': 3.210808548911192, 'ign_c': 6.1609752947414345, 'trop_agb_crit': 9.836162684900028, 'trop_k_veg': 0.5259254914812883, 'fuel_k': 3.200598563635171, 'fuel_half': 1.3547291924247347}.
[I 2026-07-22 21:47:01,562] Trial 809 finished with values: [10.20910700410851, 10.20910700410851] and parameters: {'k1': 0.002968335334246999, 'D_low': 2.8627614274446977, 'k2': 0.017300724838654365, 'D_high': 145242.37928628005, 'fire_exp': 2.3987174696212126, 'P_half': 70.13097205353067, 'pre_dampen_half': 269.0845367054863, 'gpp_af': 1.1300566419249867, 'gpp_b': 0.0032930655419269924, 'gpp_d': 12.151631524283598, 'ign_k': 0.3538391696694434, 'ign_c': 0.19678273362633986, 'trop_agb_crit': 19.28597237496244, 'trop_k_veg': 1.6340262437673856, 'fuel_k': 4.680936683972859, 'fuel_half': 38.21129441691226}.
[I 2026-07-22 21:47:02,001] Trial 810 finished with values: [-0.6982999197215556, 0.4338237267726013] and parameters: {'k1': 0.004312951023617458, 'D_low': 102.19595065529477, 'k2': 0.004339260158221388, 'D_high': 145242.37928628005, 'fire_exp': 1.024589524149873, 'P_half': 13.019246714361572, 'pre_dampen_half': 36.876350096202984, 'gpp_af': 0.015769192447197523, 'gpp_b': 0.0032930655419269924, 'gpp_d': 4.576857873108685, 'ign_k': 0.03141110271934876, 'ign_c': 0.11650681118986138, 'trop_agb_crit': 15.870971677383487, 'trop_k_veg': 1.6340262437673856, 'fuel_k': 4.680936683972859, 'fuel_half': 16.371966573507315}.
[I 2026-07-22 21:47:02,489] Trial 811 finished with values: [10.42802948301214, 10.42802948301214] and parameters: {'k1': 0.0029707920514735983, 'D_low': 102.19595065529477, 'k2': 1.6559474674046002e-05, 'D_high': 1488557.802851245, 'fire_exp': 2.270926935434187, 'P_half': 220.3445560633069, 'pre_dampen_half': 269.0845367054863, 'gpp_af': 0.09791370130598968, 'gpp_b': 0.029533947738179488, 'gpp_d': 12.151631524283598, 'ign_k': 3.210808548911192, 'ign_c': 4.1108484350212295, 'trop_agb_crit': 1.1195539271968775, 'trop_k_veg': 1.6340262437673856, 'fuel_k': 0.08612665817296865, 'fuel_half': 52.005817291141206}.
[I 2026-07-22 21:47:02,944] Trial 812 finished with values: [10.119370755777595, 10.119370755777595] and parameters: {'k1': 0.004312951023617458, 'D_low': 4.039009420067191, 'k2': 0.00352110299468884, 'D_high': 142222.4154204991, 'fire_exp': 1.024589524149873, 'P_half': 220.3445560633069, 'pre_dampen_half': 502.5175192217655, 'gpp_af': 0.03924302839842014, 'gpp_b': 0.0032930655419269924, 'gpp_d': 16.460426816350534, 'ign_k': 3.210808548911192, 'ign_c': 0.19678273362633986, 'trop_agb_crit': 6.1198430581046965, 'trop_k_veg': 1.6340262437673856, 'fuel_k': 0.08612665817296865, 'fuel_half': 52.005817291141206}.
[I 2026-07-22 21:47:03,400] Trial 813 finished with values: [10.160881949512028, 10.160881949512028] and parameters: {'k1': 0.002971796631657383, 'D_low': 102.19595065529477, 'k2': 7.67074891445376e-05, 'D_high': 1488557.802851245, 'fire_exp': 2.4645237762603327, 'P_half': 13.019246714361572, 'pre_dampen_half': 36.876350096202984, 'gpp_af': 29.925002022877816, 'gpp_b': 2.8457393813758034, 'gpp_d': 373.3014953695604, 'ign_k': 8.761971101023699, 'ign_c': 4.1108484350212295, 'trop_agb_crit': 2.539877620672643, 'trop_k_veg': 0.9793402026070162, 'fuel_k': 0.028970790717327534, 'fuel_half': 16.371966573507315}.
[I 2026-07-22 21:47:03,848] Trial 814 finished with values: [10.129027722256081, 10.129027722256081] and parameters: {'k1': 0.002968335334246999, 'D_low': 4826.157696742554, 'k2': 0.017300724838654365, 'D_high': 107013.64911724928, 'fire_exp': 2.3987174696212126, 'P_half': 220.3445560633069, 'pre_dampen_half': 269.0845367054863, 'gpp_af': 0.4224904711663322, 'gpp_b': 0.0032930655419269924, 'gpp_d': 12.151631524283598, 'ign_k': 0.47637374845937214, 'ign_c': 0.19678273362633986, 'trop_agb_crit': 19.28597237496244, 'trop_k_veg': 0.6014881258938517, 'fuel_k': 4.680936683972859, 'fuel_half': 38.21129441691226}.
[I 2026-07-22 21:47:04,300] Trial 815 finished with values: [10.075530781261575, 10.075530781261575] and parameters: {'k1': 0.004312951023617458, 'D_low': 1.6646452049870526, 'k2': 2.1698375693549493e-05, 'D_high': 145242.37928628005, 'fire_exp': 2.2355331213137215, 'P_half': 220.3445560633069, 'pre_dampen_half': 269.0845367054863, 'gpp_af': 1.1300566419249867, 'gpp_b': 7.402343469704414e-05, 'gpp_d': 3.9087699398345475, 'ign_k': 3.210808548911192, 'ign_c': 6.1609752947414345, 'trop_agb_crit': 6.1198430581046965, 'trop_k_veg': 0.7582134759384036, 'fuel_k': 4.680936683972859, 'fuel_half': 16.304268028731595}.
[I 2026-07-22 21:47:04,751] Trial 816 finished with values: [-0.7063193506571839, 0.40294296664068996] and parameters: {'k1': 0.003663433473924883, 'D_low': 2.8627614274446977, 'k2': 0.002342238625792905, 'D_high': 107013.64911724928, 'fire_exp': 2.3987174696212126, 'P_half': 220.3445560633069, 'pre_dampen_half': 269.0845367054863, 'gpp_af': 1.1300566419249867, 'gpp_b': 0.0032930655419269924, 'gpp_d': 12.151631524283598, 'ign_k': 0.47637374845937214, 'ign_c': 0.19678273362633986, 'trop_agb_crit': 6.1198430581046965, 'trop_k_veg': 1.6340262437673856, 'fuel_k': 4.680936683972859, 'fuel_half': 38.21129441691226}.
[I 2026-07-22 21:47:05,194] Trial 817 finished with values: [10.432972801652188, 10.432972801652188] and parameters: {'k1': 0.003663433473924883, 'D_low': 2.8627614274446977, 'k2': 0.017300724838654365, 'D_high': 107013.64911724928, 'fire_exp': 2.3987174696212126, 'P_half': 220.3445560633069, 'pre_dampen_half': 3.640068899312673, 'gpp_af': 0.4224904711663322, 'gpp_b': 0.029533947738179488, 'gpp_d': 25.184822598549903, 'ign_k': 0.47637374845937214, 'ign_c': 4.1108484350212295, 'trop_agb_crit': 19.28597237496244, 'trop_k_veg': 1.140286245977296, 'fuel_k': 4.680936683972859, 'fuel_half': 38.21129441691226}.
[I 2026-07-22 21:47:05,636] Trial 818 finished with values: [10.244197344030377, 10.244197344030377] and parameters: {'k1': 0.002968335334246999, 'D_low': 102.19595065529477, 'k2': 0.002342238625792905, 'D_high': 1488557.802851245, 'fire_exp': 1.0482996836046896, 'P_half': 10.226988730324324, 'pre_dampen_half': 269.0845367054863, 'gpp_af': 0.7539992074650282, 'gpp_b': 0.0054502936945582505, 'gpp_d': 316.31196273374786, 'ign_k': 0.018707420137660268, 'ign_c': 6.1609752947414345, 'trop_agb_crit': 6.1198430581046965, 'trop_k_veg': 1.6340262437673856, 'fuel_k': 4.680936683972859, 'fuel_half': 16.371966573507315}.
[I 2026-07-22 21:47:06,068] Trial 819 finished with values: [10.447773346370134, 10.447773346370134] and parameters: {'k1': 0.002968335334246999, 'D_low': 2.8627614274446977, 'k2': 0.017300724838654365, 'D_high': 107013.64911724928, 'fire_exp': 2.3987174696212126, 'P_half': 1.467883546187449, 'pre_dampen_half': 269.0845367054863, 'gpp_af': 0.7539992074650282, 'gpp_b': 0.0032930655419269924, 'gpp_d': 12.151631524283598, 'ign_k': 0.47637374845937214, 'ign_c': 0.19678273362633986, 'trop_agb_crit': 19.28597237496244, 'trop_k_veg': 1.140286245977296, 'fuel_k': 4.680936683972859, 'fuel_half': 38.21129441691226}.
[I 2026-07-22 21:47:06,513] Trial 820 finished with values: [-0.5382010276868879, 0.6523382643120988] and parameters: {'k1': 0.002968335334246999, 'D_low': 2.9612221068836555, 'k2': 1.915468390724633e-05, 'D_high': 580966.5602369158, 'fire_exp': 1.161749421319469, 'P_half': 136.0956887810302, 'pre_dampen_half': 502.5175192217655, 'gpp_af': 1.1300566419249867, 'gpp_b': 0.0021331409710300844, 'gpp_d': 302.3127748796295, 'ign_k': 0.006039096247545781, 'ign_c': 15.221840161091619, 'trop_agb_crit': 3.5522713231614182, 'trop_k_veg': 1.6340262437673856, 'fuel_k': 4.680936683972859, 'fuel_half': 52.005817291141206}.
[I 2026-07-22 21:47:06,948] Trial 821 finished with values: [10.640117937886767, 10.640117937886767] and parameters: {'k1': 2.1835747526693533e-05, 'D_low': 102.19595065529477, 'k2': 0.003658518527736814, 'D_high': 145242.37928628005, 'fire_exp': 2.3987174696212126, 'P_half': 220.3445560633069, 'pre_dampen_half': 269.0845367054863, 'gpp_af': 0.015769192447197523, 'gpp_b': 0.0054502936945582505, 'gpp_d': 12.151631524283598, 'ign_k': 3.210808548911192, 'ign_c': 4.1108484350212295, 'trop_agb_crit': 6.1198430581046965, 'trop_k_veg': 0.5695379443977426, 'fuel_k': 0.02929333925546488, 'fuel_half': 0.4447485568484281}.
[I 2026-07-22 21:47:07,384] Trial 822 finished with values: [10.207551887955939, 10.207551887955939] and parameters: {'k1': 0.002971796631657383, 'D_low': 163.4864778201543, 'k2': 0.020149789847008874, 'D_high': 107013.64911724928, 'fire_exp': 2.3987174696212126, 'P_half': 220.3445560633069, 'pre_dampen_half': 38.16075340079142, 'gpp_af': 0.03924302839842014, 'gpp_b': 0.0032930655419269924, 'gpp_d': 316.31196273374786, 'ign_k': 5.985024829384178, 'ign_c': 15.221840161091619, 'trop_agb_crit': 9.836162684900028, 'trop_k_veg': 1.7570501127699656, 'fuel_k': 0.029111707920759254, 'fuel_half': 16.371966573507315}.
[I 2026-07-22 21:47:07,813] Trial 823 finished with values: [-0.6456166837874961, 0.5361637258841554] and parameters: {'k1': 0.002968335334246999, 'D_low': 9.497440085397416, 'k2': 0.020149789847008874, 'D_high': 71534.52030884045, 'fire_exp': 1.024589524149873, 'P_half': 220.3445560633069, 'pre_dampen_half': 502.5175192217655, 'gpp_af': 0.7539992074650282, 'gpp_b': 0.0021331409710300844, 'gpp_d': 16.460426816350534, 'ign_k': 0.06807874826564587, 'ign_c': 15.221840161091619, 'trop_agb_crit': 19.28597237496244, 'trop_k_veg': 1.6340262437673856, 'fuel_k': 4.680936683972859, 'fuel_half': 38.21129441691226}.
[I 2026-07-22 21:47:08,242] Trial 824 finished with values: [10.351901488517575, 10.351901488517575] and parameters: {'k1': 0.002968335334246999, 'D_low': 102.19595065529477, 'k2': 0.002342238625792905, 'D_high': 145242.37928628005, 'fire_exp': 1.0341837609578937, 'P_half': 220.3445560633069, 'pre_dampen_half': 269.0845367054863, 'gpp_af': 1.1300566419249867, 'gpp_b': 0.0054502936945582505, 'gpp_d': 12.151631524283598, 'ign_k': 3.210808548911192, 'ign_c': 4.1108484350212295, 'trop_agb_crit': 6.1198430581046965, 'trop_k_veg': 0.9369104721775232, 'fuel_k': 4.680936683972859, 'fuel_half': 38.21129441691226}.
[I 2026-07-22 21:47:08,687] Trial 825 finished with values: [-0.6991936801907042, 0.41813602767880353] and parameters: {'k1': 0.003129228656360861, 'D_low': 1.6646452049870526, 'k2': 1.9423940721007243e-05, 'D_high': 580966.5602369158, 'fire_exp': 1.024589524149873, 'P_half': 13.019246714361572, 'pre_dampen_half': 33.97904243111269, 'gpp_af': 0.008983355849178878, 'gpp_b': 0.0032930655419269924, 'gpp_d': 599.2644014925409, 'ign_k': 3.210808548911192, 'ign_c': 6.1609752947414345, 'trop_agb_crit': 6.1198430581046965, 'trop_k_veg': 0.9369104721775232, 'fuel_k': 0.04572914063536324, 'fuel_half': 1.3547291924247347}.
[I 2026-07-22 21:47:09,128] Trial 826 finished with values: [10.092147724337078, 10.092147724337078] and parameters: {'k1': 1.927644355988153e-05, 'D_low': 2.9612221068836555, 'k2': 0.0034207303670092245, 'D_high': 580966.5602369158, 'fire_exp': 1.161749421319469, 'P_half': 136.0956887810302, 'pre_dampen_half': 33.97904243111269, 'gpp_af': 0.008562341633595545, 'gpp_b': 0.0005392415140872105, 'gpp_d': 302.3127748796295, 'ign_k': 0.006039096247545781, 'ign_c': 0.11650681118986138, 'trop_agb_crit': 3.5522713231614182, 'trop_k_veg': 1.6340262437673856, 'fuel_k': 1.312881567992459, 'fuel_half': 0.33988503110784557}.
[I 2026-07-22 21:47:09,563] Trial 827 finished with values: [-0.4709686405384066, 0.5876429021650748] and parameters: {'k1': 0.004312951023617458, 'D_low': 6.471392405728638, 'k2': 0.002342238625792905, 'D_high': 71534.52030884045, 'fire_exp': 1.2120759485719061, 'P_half': 13.019246714361572, 'pre_dampen_half': 26.373339933815235, 'gpp_af': 0.0025511964576171086, 'gpp_b': 1.1820908383754237e-05, 'gpp_d': 16.460426816350534, 'ign_k': 0.018707420137660268, 'ign_c': 2.5923015361558552, 'trop_agb_crit': 9.836162684900028, 'trop_k_veg': 1.7570501127699656, 'fuel_k': 0.04572914063536324, 'fuel_half': 16.371966573507315}.
[I 2026-07-22 21:47:10,019] Trial 828 finished with values: [10.769230769178105, 10.769230769178105] and parameters: {'k1': 0.007895056976009628, 'D_low': 548287.5567588649, 'k2': 0.017300724838654365, 'D_high': 266103.23651976336, 'fire_exp': 2.3987174696212126, 'P_half': 220.3445560633069, 'pre_dampen_half': 269.0845367054863, 'gpp_af': 0.4224904711663322, 'gpp_b': 0.029533947738179488, 'gpp_d': 12.151631524283598, 'ign_k': 0.47637374845937214, 'ign_c': 4.1108484350212295, 'trop_agb_crit': 19.28597237496244, 'trop_k_veg': 1.6340262437673856, 'fuel_k': 4.680936683972859, 'fuel_half': 38.21129441691226}.
[I 2026-07-22 21:47:10,466] Trial 829 finished with values: [-0.781655723142399, 0.39393914693794607] and parameters: {'k1': 0.002968335334246999, 'D_low': 102.19595065529477, 'k2': 0.002342238625792905, 'D_high': 145242.37928628005, 'fire_exp': 2.3987174696212126, 'P_half': 220.3445560633069, 'pre_dampen_half': 269.0845367054863, 'gpp_af': 0.7539992074650282, 'gpp_b': 0.0054502936945582505, 'gpp_d': 12.151631524283598, 'ign_k': 3.210808548911192, 'ign_c': 4.1108484350212295, 'trop_agb_crit': 6.1198430581046965, 'trop_k_veg': 1.6340262437673856, 'fuel_k': 4.680936683972859, 'fuel_half': 16.371966573507315}.
[I 2026-07-22 21:47:10,916] Trial 830 finished with values: [-0.7391890987325688, 0.4021942037355172] and parameters: {'k1': 0.002968335334246999, 'D_low': 102.19595065529477, 'k2': 0.017300724838654365, 'D_high': 107013.64911724928, 'fire_exp': 2.3987174696212126, 'P_half': 220.3445560633069, 'pre_dampen_half': 269.0845367054863, 'gpp_af': 0.7539992074650282, 'gpp_b': 0.0032930655419269924, 'gpp_d': 12.151631524283598, 'ign_k': 3.210808548911192, 'ign_c': 0.19678273362633986, 'trop_agb_crit': 19.28597237496244, 'trop_k_veg': 1.6340262437673856, 'fuel_k': 4.680936683972859, 'fuel_half': 38.21129441691226}.
[I 2026-07-22 21:47:11,351] Trial 831 finished with values: [10.599500657999608, 10.599500657999608] and parameters: {'k1': 0.007895056976009628, 'D_low': 2.8627614274446977, 'k2': 0.0034207303670092245, 'D_high': 1316.7655356434918, 'fire_exp': 2.3987174696212126, 'P_half': 220.3445560633069, 'pre_dampen_half': 269.0845367054863, 'gpp_af': 0.4224904711663322, 'gpp_b': 0.029533947738179488, 'gpp_d': 302.3127748796295, 'ign_k': 3.210808548911192, 'ign_c': 0.11650681118986138, 'trop_agb_crit': 19.28597237496244, 'trop_k_veg': 1.6340262437673856, 'fuel_k': 4.680936683972859, 'fuel_half': 38.21129441691226}.
[I 2026-07-22 21:47:11,780] Trial 832 finished with values: [-0.7497237733200962, 0.3733252009217478] and parameters: {'k1': 0.002968335334246999, 'D_low': 2.8627614274446977, 'k2': 0.020149789847008874, 'D_high': 107013.64911724928, 'fire_exp': 2.3987174696212126, 'P_half': 220.3445560633069, 'pre_dampen_half': 269.0845367054863, 'gpp_af': 0.4224904711663322, 'gpp_b': 0.0032930655419269924, 'gpp_d': 12.151631524283598, 'ign_k': 0.47637374845937214, 'ign_c': 0.19678273362633986, 'trop_agb_crit': 19.28597237496244, 'trop_k_veg': 1.140286245977296, 'fuel_k': 4.680936683972859, 'fuel_half': 38.21129441691226}.
[I 2026-07-22 21:47:12,237] Trial 833 finished with values: [-0.7253000245797621, 0.7625326831861242] and parameters: {'k1': 0.0029707920514735983, 'D_low': 1628.7738522891475, 'k2': 1.6559474674046002e-05, 'D_high': 1488557.802851245, 'fire_exp': 1.024589524149873, 'P_half': 48.464976792190825, 'pre_dampen_half': 502.5175192217655, 'gpp_af': 0.09791370130598968, 'gpp_b': 0.0005995821881487623, 'gpp_d': 857.4284557962626, 'ign_k': 0.024287565087611766, 'ign_c': 0.7257841640690941, 'trop_agb_crit': 1.1195539271968775, 'trop_k_veg': 6.911478238001162, 'fuel_k': 0.08612665817296865, 'fuel_half': 52.005817291141206}.
[I 2026-07-22 21:47:12,683] Trial 834 finished with values: [11.885776029493822, 11.885776029493822] and parameters: {'k1': 0.002971796631657383, 'D_low': 102.19595065529477, 'k2': 0.017300724838654365, 'D_high': 145242.37928628005, 'fire_exp': 1.4905138918021545, 'P_half': 220.3445560633069, 'pre_dampen_half': 36.876350096202984, 'gpp_af': 0.7539992074650282, 'gpp_b': 2.2334836264661435e-05, 'gpp_d': 16.460426816350534, 'ign_k': 3.210808548911192, 'ign_c': 6.1609752947414345, 'trop_agb_crit': 6.1198430581046965, 'trop_k_veg': 1.6340262437673856, 'fuel_k': 4.680936683972859, 'fuel_half': 0.7755445385675653}.
[I 2026-07-22 21:47:13,123] Trial 835 finished with values: [10.024426809760845, 10.024426809760845] and parameters: {'k1': 0.002968335334246999, 'D_low': 125.37743435802929, 'k2': 0.002342238625792905, 'D_high': 145242.37928628005, 'fire_exp': 2.3987174696212126, 'P_half': 220.3445560633069, 'pre_dampen_half': 74.69089369419144, 'gpp_af': 2.0269967639447075, 'gpp_b': 0.0054502936945582505, 'gpp_d': 12.151631524283598, 'ign_k': 3.210808548911192, 'ign_c': 4.1108484350212295, 'trop_agb_crit': 6.1198430581046965, 'trop_k_veg': 0.8355408513214738, 'fuel_k': 4.680936683972859, 'fuel_half': 16.371966573507315}.
[I 2026-07-22 21:47:13,569] Trial 836 finished with values: [10.299554837828609, 10.299554837828609] and parameters: {'k1': 0.002968335334246999, 'D_low': 4.039009420067191, 'k2': 1.915468390724633e-05, 'D_high': 107013.64911724928, 'fire_exp': 2.3987174696212126, 'P_half': 220.3445560633069, 'pre_dampen_half': 502.5175192217655, 'gpp_af': 0.4224904711663322, 'gpp_b': 0.0021331409710300844, 'gpp_d': 12.151631524283598, 'ign_k': 3.210808548911192, 'ign_c': 0.19678273362633986, 'trop_agb_crit': 1.7813653882411722, 'trop_k_veg': 1.6340262437673856, 'fuel_k': 0.030458048063161637, 'fuel_half': 38.21129441691226}.
[I 2026-07-22 21:47:14,008] Trial 837 finished with values: [10.657097448599597, 10.657097448599597] and parameters: {'k1': 2.4750421470385117e-05, 'D_low': 1.6646452049870526, 'k2': 1.9423940721007243e-05, 'D_high': 107013.64911724928, 'fire_exp': 1.024589524149873, 'P_half': 13.019246714361572, 'pre_dampen_half': 269.0845367054863, 'gpp_af': 0.008983355849178878, 'gpp_b': 0.0915833063055066, 'gpp_d': 12.151631524283598, 'ign_k': 3.210808548911192, 'ign_c': 6.1609752947414345, 'trop_agb_crit': 19.28597237496244, 'trop_k_veg': 4.162616497508856, 'fuel_k': 0.04572914063536324, 'fuel_half': 38.21129441691226}.
[I 2026-07-22 21:47:14,498] Trial 838 finished with values: [10.702109835418081, 10.702109835418081] and parameters: {'k1': 0.003663433473924883, 'D_low': 2.8627614274446977, 'k2': 0.017300724838654365, 'D_high': 580966.5602369158, 'fire_exp': 2.3987174696212126, 'P_half': 220.3445560633069, 'pre_dampen_half': 33.97904243111269, 'gpp_af': 0.008562341633595545, 'gpp_b': 0.0032930655419269924, 'gpp_d': 12.151631524283598, 'ign_k': 0.006039096247545781, 'ign_c': 0.11650681118986138, 'trop_agb_crit': 3.5522713231614182, 'trop_k_veg': 1.140286245977296, 'fuel_k': 1.312881567992459, 'fuel_half': 38.21129441691226}.
