[I 2026-06-10 17:57:06,699] Trial 1406 finished with values: [10.320214674607065, 10.320214674607065] and parameters: {'k1': 0.028401063201780267, 'D_low': 43.2326421037033, 'k2': 0.045914852167405346, 'D_high': 839.2504050877119, 'fire_exp': 1.5191397119156032, 'P_half': 3.591771421517613, 'pre_dampen_half': 8.259599205585761, 'gpp_af': 0.10098504976210308, 'gpp_b': 1.1008110571039521e-05, 'gpp_d': 12.338826503601998, 'ign_k': 5.276924233362289, 'ign_c': 22.126836566118193, 'trop_agb_crit': 3.8586852580582276, 'trop_k_veg': 0.5535297685306277, 'fire_amp': 5.44779717154213}.
[I 2026-06-10 17:57:08,068] Trial 1407 finished with values: [-0.6741105971360726, 0.057072459285316346] and parameters: {'k1': 0.028401063201780267, 'D_low': 43.2326421037033, 'k2': 0.045914852167405346, 'D_high': 839.2504050877119, 'fire_exp': 1.5191397119156032, 'P_half': 3.591771421517613, 'pre_dampen_half': 269.0845367054866, 'gpp_af': 0.8057329182285734, 'gpp_b': 1.1008110571039521e-05, 'gpp_d': 12.338826503601998, 'ign_k': 5.276924233362289, 'ign_c': 22.126836566118193, 'trop_agb_crit': 3.1419938725278875, 'trop_k_veg': 0.5535297685306277, 'fire_amp': 1.1202509284327942}.
[I 2026-06-10 17:57:09,474] Trial 1408 finished with values: [10.88819549975128, 10.88819549975128] and parameters: {'k1': 0.028401063201780267, 'D_low': 16.43560158374934, 'k2': 0.045914852167405346, 'D_high': 35.136541394511, 'fire_exp': 1.4690410989404576, 'P_half': 1.4551749476072258, 'pre_dampen_half': 5.593036834117395, 'gpp_af': 0.8057329182285734, 'gpp_b': 1.1008110571039521e-05, 'gpp_d': 12.338826503601998, 'ign_k': 3.965503094323014, 'ign_c': 22.126836566118193, 'trop_agb_crit': 3.1419938725278875, 'trop_k_veg': 0.6365611727734612, 'fire_amp': 3.8987618470047547}.
[I 2026-06-10 17:57:10,910] Trial 1409 finished with values: [10.267112320388861, 10.267112320388861] and parameters: {'k1': 0.016973078532467004, 'D_low': 293.9449913540215, 'k2': 0.0001016707987819611, 'D_high': 35.136541394511, 'fire_exp': 1.4690410989404576, 'P_half': 1.4551749476072258, 'pre_dampen_half': 8.259599205585761, 'gpp_af': 0.10098504976210308, 'gpp_b': 1.1008110571039521e-05, 'gpp_d': 0.037084460675045595, 'ign_k': 3.965503094323014, 'ign_c': 22.126836566118193, 'trop_agb_crit': 1.5033346993841157, 'trop_k_veg': 2.724170387400844, 'fire_amp': 5.44779717154213}.
[I 2026-06-10 17:57:12,573] Trial 1410 finished with values: [10.094198881019492, 10.094198881019492] and parameters: {'k1': 0.028401063201780267, 'D_low': 1.873653322520581, 'k2': 0.0001016707987819611, 'D_high': 35.136541394511, 'fire_exp': 1.4690410989404576, 'P_half': 157.80309954142965, 'pre_dampen_half': 8.259599205585761, 'gpp_af': 0.05322500537993598, 'gpp_b': 1.1008110571039521e-05, 'gpp_d': 545.0253444559129, 'ign_k': 3.965503094323014, 'ign_c': 22.126836566118193, 'trop_agb_crit': 1.5033346993841157, 'trop_k_veg': 2.724170387400844, 'fire_amp': 5.44779717154213}.
[I 2026-06-10 17:57:14,677] Trial 1411 finished with values: [10.201265270046607, 10.201265270046607] and parameters: {'k1': 0.028401063201780267, 'D_low': 107.06505757284452, 'k2': 0.0001016707987819611, 'D_high': 35.136541394511, 'fire_exp': 1.4572158037266703, 'P_half': 157.80309954142965, 'pre_dampen_half': 8.259599205585761, 'gpp_af': 0.10098504976210308, 'gpp_b': 0.00012118589392553798, 'gpp_d': 545.0253444559129, 'ign_k': 3.965503094323014, 'ign_c': 22.126836566118193, 'trop_agb_crit': 1.5033346993841157, 'trop_k_veg': 2.724170387400844, 'fire_amp': 5.44779717154213}.
[I 2026-06-10 17:57:16,075] Trial 1412 finished with values: [-0.6682781989293489, 0.26262372430535497] and parameters: {'k1': 0.016973078532467004, 'D_low': 43.2326421037033, 'k2': 0.045914852167405346, 'D_high': 20133.201996321863, 'fire_exp': 1.5191397119156032, 'P_half': 8.318314747941244, 'pre_dampen_half': 8.259599205585761, 'gpp_af': 0.8057329182285734, 'gpp_b': 1.1008110571039521e-05, 'gpp_d': 545.0253444559129, 'ign_k': 0.4303356629825978, 'ign_c': 22.126836566118193, 'trop_agb_crit': 3.1419938725278875, 'trop_k_veg': 5.644673358751406, 'fire_amp': 1.5587346124822492}.
[I 2026-06-10 17:57:17,462] Trial 1413 finished with values: [10.795762518969095, 10.795762518969095] and parameters: {'k1': 0.0009422937734328853, 'D_low': 12.105387404469584, 'k2': 0.045914852167405346, 'D_high': 2427.054417940131, 'fire_exp': 1.0601964743503993, 'P_half': 8.318314747941244, 'pre_dampen_half': 8.259599205585761, 'gpp_af': 0.10098504976210308, 'gpp_b': 1.1008110571039521e-05, 'gpp_d': 12.338826503601998, 'ign_k': 0.6442212766401308, 'ign_c': 22.126836566118193, 'trop_agb_crit': 1.5033346993841157, 'trop_k_veg': 2.724170387400844, 'fire_amp': 5.44779717154213}.
[I 2026-06-10 17:57:19,120] Trial 1414 finished with values: [10.892857142659844, 10.892857142659844] and parameters: {'k1': 0.03096855930632394, 'D_low': 9359.816964549309, 'k2': 0.045914852167405346, 'D_high': 2427.054417940131, 'fire_exp': 1.4690410989404576, 'P_half': 157.80309954142965, 'pre_dampen_half': 0.04544076137271542, 'gpp_af': 0.10098504976210308, 'gpp_b': 1.1008110571039521e-05, 'gpp_d': 462.98471849924937, 'ign_k': 3.965503094323014, 'ign_c': 22.126836566118193, 'trop_agb_crit': 1.1945139451702542, 'trop_k_veg': 2.724170387400844, 'fire_amp': 5.44779717154213}.
[I 2026-06-10 17:57:20,821] Trial 1415 finished with values: [10.006482334558509, 10.006482334558509] and parameters: {'k1': 0.016973078532467004, 'D_low': 12.105387404469584, 'k2': 0.045914852167405346, 'D_high': 57905.121933088216, 'fire_exp': 1.816756651336301, 'P_half': 12.558162605240499, 'pre_dampen_half': 98.05638874011484, 'gpp_af': 0.09885838682552685, 'gpp_b': 2.1309331861011757e-05, 'gpp_d': 1.406967493694286, 'ign_k': 0.09256855841989636, 'ign_c': 35.133466168692735, 'trop_agb_crit': 1.0693376406863295, 'trop_k_veg': 0.828441460847982, 'fire_amp': 4.19233232783727}.
[I 2026-06-10 17:57:22,346] Trial 1416 finished with values: [10.100229198624445, 10.100229198624445] and parameters: {'k1': 0.016973078532467004, 'D_low': 12.105387404469584, 'k2': 0.045914852167405346, 'D_high': 2427.054417940131, 'fire_exp': 1.4690410989404576, 'P_half': 157.80309954142965, 'pre_dampen_half': 1.8469033699850426, 'gpp_af': 0.10098504976210308, 'gpp_b': 0.00043225896016820903, 'gpp_d': 545.0253444559129, 'ign_k': 0.09256855841989636, 'ign_c': 7.081721844034206, 'trop_agb_crit': 8.188098178380693, 'trop_k_veg': 0.5535297685306277, 'fire_amp': 4.19233232783727}.
[I 2026-06-10 17:57:23,779] Trial 1417 finished with values: [10.340656024480895, 10.340656024480895] and parameters: {'k1': 0.016973078532467004, 'D_low': 43.2326421037033, 'k2': 0.0001016707987819611, 'D_high': 76838.76502998071, 'fire_exp': 1.9365919987098117, 'P_half': 157.80309954142965, 'pre_dampen_half': 8.259599205585761, 'gpp_af': 27.448645214004376, 'gpp_b': 1.1008110571039521e-05, 'gpp_d': 545.0253444559129, 'ign_k': 3.965503094323014, 'ign_c': 22.126836566118193, 'trop_agb_crit': 1.5033346993841157, 'trop_k_veg': 4.796046723963646, 'fire_amp': 1.3503088148200095}.
[I 2026-06-10 17:57:25,244] Trial 1418 finished with values: [12.322159692674507, 12.322159692674507] and parameters: {'k1': 0.016973078532467004, 'D_low': 1.873653322520581, 'k2': 0.045914852167405346, 'D_high': 378.70784560130113, 'fire_exp': 1.5191397119156032, 'P_half': 48.67575697880471, 'pre_dampen_half': 269.0845367054866, 'gpp_af': 0.8057329182285734, 'gpp_b': 0.6089142387470042, 'gpp_d': 12.338826503601998, 'ign_k': 3.965503094323014, 'ign_c': 7.081721844034206, 'trop_agb_crit': 3.1419938725278875, 'trop_k_veg': 0.5535297685306277, 'fire_amp': 5.44779717154213}.
[I 2026-06-10 17:57:26,874] Trial 1419 finished with values: [10.63922352749956, 10.63922352749956] and parameters: {'k1': 0.028401063201780267, 'D_low': 24.28756508761176, 'k2': 0.045914852167405346, 'D_high': 35.136541394511, 'fire_exp': 1.4690410989404576, 'P_half': 12.801393018711597, 'pre_dampen_half': 269.0845367054866, 'gpp_af': 0.8057329182285734, 'gpp_b': 1.1008110571039521e-05, 'gpp_d': 12.338826503601998, 'ign_k': 7.6936205596526985, 'ign_c': 22.126836566118193, 'trop_agb_crit': 1.5033346993841157, 'trop_k_veg': 0.5535297685306277, 'fire_amp': 5.44779717154213}.
[I 2026-06-10 17:57:28,458] Trial 1420 finished with values: [10.558217102252739, 10.558217102252739] and parameters: {'k1': 0.028401063201780267, 'D_low': 43.2326421037033, 'k2': 0.0001016707987819611, 'D_high': 2427.054417940131, 'fire_exp': 1.4572158037266703, 'P_half': 157.80309954142965, 'pre_dampen_half': 8.259599205585761, 'gpp_af': 0.10098504976210308, 'gpp_b': 0.00012118589392553798, 'gpp_d': 12.338826503601998, 'ign_k': 3.965503094323014, 'ign_c': 22.126836566118193, 'trop_agb_crit': 1.5033346993841157, 'trop_k_veg': 2.724170387400844, 'fire_amp': 2.088510022117864}.
[I 2026-06-10 17:57:29,831] Trial 1421 finished with values: [11.293342047500209, 11.293342047500209] and parameters: {'k1': 0.07119679541167405, 'D_low': 24.28756508761176, 'k2': 0.0427015864486392, 'D_high': 7180.101405247427, 'fire_exp': 1.5191397119156032, 'P_half': 63.30002996758082, 'pre_dampen_half': 8.259599205585761, 'gpp_af': 0.10098504976210308, 'gpp_b': 1.1008110571039521e-05, 'gpp_d': 545.0253444559129, 'ign_k': 0.9892483802693092, 'ign_c': 22.126836566118193, 'trop_agb_crit': 1.5033346993841157, 'trop_k_veg': 6.172643383211297, 'fire_amp': 5.44779717154213}.
[I 2026-06-10 17:57:31,257] Trial 1422 finished with values: [-0.720512216867088, 0.17014298676339845] and parameters: {'k1': 0.028401063201780267, 'D_low': 43.2326421037033, 'k2': 0.0001016707987819611, 'D_high': 35.136541394511, 'fire_exp': 1.5191397119156032, 'P_half': 8.318314747941244, 'pre_dampen_half': 8.259599205585761, 'gpp_af': 0.10098504976210308, 'gpp_b': 1.1008110571039521e-05, 'gpp_d': 545.0253444559129, 'ign_k': 5.276924233362289, 'ign_c': 22.126836566118193, 'trop_agb_crit': 1.5033346993841157, 'trop_k_veg': 2.724170387400844, 'fire_amp': 5.44779717154213}.
[I 2026-06-10 17:57:32,755] Trial 1423 finished with values: [-0.7427086071217844, 0.09705423582131778] and parameters: {'k1': 0.028401063201780267, 'D_low': 1.873653322520581, 'k2': 0.0001016707987819611, 'D_high': 2701.5988102078472, 'fire_exp': 1.4572158037266703, 'P_half': 157.80309954142965, 'pre_dampen_half': 8.259599205585761, 'gpp_af': 0.03522602097143089, 'gpp_b': 1.1008110571039521e-05, 'gpp_d': 545.0253444559129, 'ign_k': 3.965503094323014, 'ign_c': 22.126836566118193, 'trop_agb_crit': 1.5033346993841157, 'trop_k_veg': 4.908089431313105, 'fire_amp': 5.44779717154213}.
[I 2026-06-10 17:57:34,375] Trial 1424 finished with values: [10.236471545078118, 10.236471545078118] and parameters: {'k1': 0.028401063201780267, 'D_low': 43.2326421037033, 'k2': 0.045914852167405346, 'D_high': 839.2504050877119, 'fire_exp': 1.5191397119156032, 'P_half': 157.80309954142965, 'pre_dampen_half': 269.0845367054866, 'gpp_af': 0.8057329182285734, 'gpp_b': 1.1008110571039521e-05, 'gpp_d': 12.338826503601998, 'ign_k': 5.276924233362289, 'ign_c': 22.126836566118193, 'trop_agb_crit': 1.5033346993841157, 'trop_k_veg': 0.5535297685306277, 'fire_amp': 1.1202509284327942}.
[I 2026-06-10 17:57:36,588] Trial 1425 finished with values: [-0.720135991839355, 0.16951983703521878] and parameters: {'k1': 0.016973078532467004, 'D_low': 1.873653322520581, 'k2': 0.0001016707987819611, 'D_high': 35.136541394511, 'fire_exp': 1.5191397119156032, 'P_half': 8.318314747941244, 'pre_dampen_half': 8.259599205585761, 'gpp_af': 0.10098504976210308, 'gpp_b': 1.1008110571039521e-05, 'gpp_d': 545.0253444559129, 'ign_k': 3.965503094323014, 'ign_c': 22.126836566118193, 'trop_agb_crit': 1.5033346993841157, 'trop_k_veg': 2.724170387400844, 'fire_amp': 5.44779717154213}.
[I 2026-06-10 17:57:38,017] Trial 1426 finished with values: [10.571740392591677, 10.571740392591677] and parameters: {'k1': 0.016973078532467004, 'D_low': 1.873653322520581, 'k2': 0.045914852167405346, 'D_high': 839.2504050877119, 'fire_exp': 1.5191397119156032, 'P_half': 6610.61775825004, 'pre_dampen_half': 269.0845367054866, 'gpp_af': 0.8057329182285734, 'gpp_b': 1.1008110571039521e-05, 'gpp_d': 545.0253444559129, 'ign_k': 3.965503094323014, 'ign_c': 22.126836566118193, 'trop_agb_crit': 3.1419938725278875, 'trop_k_veg': 0.5535297685306277, 'fire_amp': 5.44779717154213}.
[I 2026-06-10 17:57:39,399] Trial 1427 finished with values: [-0.7183750192654981, 0.1952133845930797] and parameters: {'k1': 0.016973078532467004, 'D_low': 1.873653322520581, 'k2': 0.0001016707987819611, 'D_high': 35.136541394511, 'fire_exp': 1.4690410989404576, 'P_half': 1.4551749476072258, 'pre_dampen_half': 8.259599205585761, 'gpp_af': 0.10098504976210308, 'gpp_b': 1.1008110571039521e-05, 'gpp_d': 545.0253444559129, 'ign_k': 3.965503094323014, 'ign_c': 22.126836566118193, 'trop_agb_crit': 1.5033346993841157, 'trop_k_veg': 2.724170387400844, 'fire_amp': 5.44779717154213}.
[I 2026-06-10 17:57:41,118] Trial 1428 finished with values: [10.171021757215037, 10.171021757215037] and parameters: {'k1': 0.028401063201780267, 'D_low': 43.2326421037033, 'k2': 0.0001016707987819611, 'D_high': 35.136541394511, 'fire_exp': 1.5191397119156032, 'P_half': 3.591771421517613, 'pre_dampen_half': 269.0845367054866, 'gpp_af': 0.8057329182285734, 'gpp_b': 1.1008110571039521e-05, 'gpp_d': 545.0253444559129, 'ign_k': 5.276924233362289, 'ign_c': 22.126836566118193, 'trop_agb_crit': 3.1419938725278875, 'trop_k_veg': 4.872942267475083, 'fire_amp': 1.1202509284327942}.
[I 2026-06-10 17:57:42,997] Trial 1429 finished with values: [10.502379322887466, 10.502379322887466] and parameters: {'k1': 0.016973078532467004, 'D_low': 43.2326421037033, 'k2': 0.0001016707987819611, 'D_high': 10.145195508691558, 'fire_exp': 1.5191397119156032, 'P_half': 157.80309954142965, 'pre_dampen_half': 8.259599205585761, 'gpp_af': 27.448645214004376, 'gpp_b': 1.1008110571039521e-05, 'gpp_d': 545.0253444559129, 'ign_k': 6.705921794825829, 'ign_c': 7.081721844034206, 'trop_agb_crit': 1.5033346993841157, 'trop_k_veg': 4.796046723963646, 'fire_amp': 1.5587346124822492}.
[I 2026-06-10 17:57:44,651] Trial 1430 finished with values: [10.892774306852383, 10.892774306852383] and parameters: {'k1': 0.0869690639641868, 'D_low': 1.873653322520581, 'k2': 0.02065142557895925, 'D_high': 35.136541394511, 'fire_exp': 4.329137403278892, 'P_half': 8.318314747941244, 'pre_dampen_half': 8.259599205585761, 'gpp_af': 0.3939208112794227, 'gpp_b': 2.800940363375676e-05, 'gpp_d': 545.0253444559129, 'ign_k': 3.965503094323014, 'ign_c': 22.126836566118193, 'trop_agb_crit': 1.5033346993841157, 'trop_k_veg': 4.796046723963646, 'fire_amp': 5.44779717154213}.
[I 2026-06-10 17:57:46,078] Trial 1431 finished with values: [10.635531986999041, 10.635531986999041] and parameters: {'k1': 0.016973078532467004, 'D_low': 24.28756508761176, 'k2': 0.0001016707987819611, 'D_high': 35.136541394511, 'fire_exp': 1.1249555986750928, 'P_half': 8.318314747941244, 'pre_dampen_half': 8.259599205585761, 'gpp_af': 0.10098504976210308, 'gpp_b': 1.1008110571039521e-05, 'gpp_d': 545.0253444559129, 'ign_k': 3.965503094323014, 'ign_c': 22.126836566118193, 'trop_agb_crit': 1.5033346993841157, 'trop_k_veg': 2.724170387400844, 'fire_amp': 5.44779717154213}.
[I 2026-06-10 17:57:47,477] Trial 1432 finished with values: [-0.720135991839355, 0.16951983703521878] and parameters: {'k1': 0.016973078532467004, 'D_low': 1.873653322520581, 'k2': 0.0001016707987819611, 'D_high': 35.136541394511, 'fire_exp': 1.5191397119156032, 'P_half': 8.318314747941244, 'pre_dampen_half': 8.259599205585761, 'gpp_af': 0.10098504976210308, 'gpp_b': 1.1008110571039521e-05, 'gpp_d': 545.0253444559129, 'ign_k': 3.965503094323014, 'ign_c': 22.126836566118193, 'trop_agb_crit': 1.5033346993841157, 'trop_k_veg': 2.724170387400844, 'fire_amp': 5.44779717154213}.
[I 2026-06-10 17:57:48,970] Trial 1433 finished with values: [10.19057068871715, 10.19057068871715] and parameters: {'k1': 0.006079905434073396, 'D_low': 43.2326421037033, 'k2': 0.0001016707987819611, 'D_high': 35.136541394511, 'fire_exp': 1.5191397119156032, 'P_half': 3.591771421517613, 'pre_dampen_half': 8.259599205585761, 'gpp_af': 0.10098504976210308, 'gpp_b': 1.1008110571039521e-05, 'gpp_d': 545.0253444559129, 'ign_k': 5.276924233362289, 'ign_c': 22.126836566118193, 'trop_agb_crit': 3.1419938725278875, 'trop_k_veg': 2.724170387400844, 'fire_amp': 3.8987618470047547}.
[I 2026-06-10 17:57:50,644] Trial 1434 finished with values: [-0.7169563152482534, 0.1959040006107151] and parameters: {'k1': 0.016973078532467004, 'D_low': 24.28756508761176, 'k2': 0.0001016707987819611, 'D_high': 107.25779915372898, 'fire_exp': 1.4690410989404576, 'P_half': 1.4551749476072258, 'pre_dampen_half': 8.259599205585761, 'gpp_af': 0.10098504976210308, 'gpp_b': 1.1008110571039521e-05, 'gpp_d': 545.0253444559129, 'ign_k': 3.965503094323014, 'ign_c': 22.126836566118193, 'trop_agb_crit': 1.5033346993841157, 'trop_k_veg': 2.2389059198713346, 'fire_amp': 5.44779717154213}.
[I 2026-06-10 17:57:52,128] Trial 1435 finished with values: [10.668602248795652, 10.668602248795652] and parameters: {'k1': 0.016973078532467004, 'D_low': 43.2326421037033, 'k2': 0.045914852167405346, 'D_high': 839.2504050877119, 'fire_exp': 1.1468977489785706, 'P_half': 3.591771421517613, 'pre_dampen_half': 8.259599205585761, 'gpp_af': 0.8057329182285734, 'gpp_b': 1.1008110571039521e-05, 'gpp_d': 12.338826503601998, 'ign_k': 5.276924233362289, 'ign_c': 22.126836566118193, 'trop_agb_crit': 3.1419938725278875, 'trop_k_veg': 0.5535297685306277, 'fire_amp': 5.44779717154213}.
[I 2026-06-10 17:57:53,533] Trial 1436 finished with values: [11.885878831471949, 11.885878831471949] and parameters: {'k1': 0.00260124831439469, 'D_low': 43.2326421037033, 'k2': 0.00034302976652689015, 'D_high': 35.136541394511, 'fire_exp': 1.4690410989404576, 'P_half': 3.591771421517613, 'pre_dampen_half': 269.0845367054866, 'gpp_af': 0.8057329182285734, 'gpp_b': 1.1008110571039521e-05, 'gpp_d': 2.207190546250602, 'ign_k': 0.4303356629825978, 'ign_c': 7.081721844034206, 'trop_agb_crit': 1.5033346993841157, 'trop_k_veg': 0.5535297685306277, 'fire_amp': 5.44779717154213}.
[I 2026-06-10 17:57:54,956] Trial 1437 finished with values: [-0.36424241515971045, 0.20481267532979697] and parameters: {'k1': 0.03096855930632394, 'D_low': 43.2326421037033, 'k2': 0.0001016707987819611, 'D_high': 262.11304189124235, 'fire_exp': 1.4690410989404576, 'P_half': 101.40635645866499, 'pre_dampen_half': 155.08737608723771, 'gpp_af': 0.10098504976210308, 'gpp_b': 0.00012118589392553798, 'gpp_d': 462.98471849924937, 'ign_k': 0.4303356629825978, 'ign_c': 1.4091459170104739, 'trop_agb_crit': 1.1945139451702542, 'trop_k_veg': 2.2484780838355256, 'fire_amp': 1.1202509284327942}.
[I 2026-06-10 17:57:56,425] Trial 1438 finished with values: [10.393405221101535, 10.393405221101535] and parameters: {'k1': 0.0869690639641868, 'D_low': 557.6473644363625, 'k2': 0.0001016707987819611, 'D_high': 262.11304189124235, 'fire_exp': 1.4690410989404576, 'P_half': 118.94665366442581, 'pre_dampen_half': 155.08737608723771, 'gpp_af': 0.09885838682552685, 'gpp_b': 2.800940363375676e-05, 'gpp_d': 12.338826503601998, 'ign_k': 0.4303356629825978, 'ign_c': 1.4091459170104739, 'trop_agb_crit': 2.1989086830950257, 'trop_k_veg': 2.2484780838355256, 'fire_amp': 1.1202509284327942}.
[I 2026-06-10 17:57:58,647] Trial 1439 finished with values: [-0.7379788189496975, 0.12448432331642456] and parameters: {'k1': 0.016973078532467004, 'D_low': 12.105387404469584, 'k2': 0.0001016707987819611, 'D_high': 35.136541394511, 'fire_exp': 1.3016302649207157, 'P_half': 157.80309954142965, 'pre_dampen_half': 8.259599205585761, 'gpp_af': 0.10098504976210308, 'gpp_b': 1.1008110571039521e-05, 'gpp_d': 12.338826503601998, 'ign_k': 5.276924233362289, 'ign_c': 22.126836566118193, 'trop_agb_crit': 1.5033346993841157, 'trop_k_veg': 2.724170387400844, 'fire_amp': 5.44779717154213}.
[I 2026-06-10 17:58:00,006] Trial 1440 finished with values: [10.02350491578166, 10.02350491578166] and parameters: {'k1': 0.028401063201780267, 'D_low': 43.2326421037033, 'k2': 0.0001016707987819611, 'D_high': 35.136541394511, 'fire_exp': 1.4690410989404576, 'P_half': 157.80309954142965, 'pre_dampen_half': 8.259599205585761, 'gpp_af': 0.10098504976210308, 'gpp_b': 1.1008110571039521e-05, 'gpp_d': 545.0253444559129, 'ign_k': 5.276924233362289, 'ign_c': 22.126836566118193, 'trop_agb_crit': 6.128416443551616, 'trop_k_veg': 2.724170387400844, 'fire_amp': 5.44779717154213}.
[I 2026-06-10 17:58:01,485] Trial 1441 finished with values: [10.296379651438766, 10.296379651438766] and parameters: {'k1': 0.0003430485059177825, 'D_low': 1.873653322520581, 'k2': 0.0001016707987819611, 'D_high': 35.136541394511, 'fire_exp': 1.4690410989404576, 'P_half': 1.4551749476072258, 'pre_dampen_half': 8.259599205585761, 'gpp_af': 0.10098504976210308, 'gpp_b': 1.1008110571039521e-05, 'gpp_d': 545.0253444559129, 'ign_k': 3.965503094323014, 'ign_c': 22.126836566118193, 'trop_agb_crit': 1.5033346993841157, 'trop_k_veg': 2.724170387400844, 'fire_amp': 5.44779717154213}.
[I 2026-06-10 17:58:02,885] Trial 1442 finished with values: [10.161240574588426, 10.161240574588426] and parameters: {'k1': 0.008535052150482593, 'D_low': 43.2326421037033, 'k2': 0.0001016707987819611, 'D_high': 262.11304189124235, 'fire_exp': 1.4572158037266703, 'P_half': 157.80309954142965, 'pre_dampen_half': 8.259599205585761, 'gpp_af': 0.10098504976210308, 'gpp_b': 0.00012118589392553798, 'gpp_d': 12.338826503601998, 'ign_k': 3.965503094323014, 'ign_c': 1.4091459170104739, 'trop_agb_crit': 2.1989086830950257, 'trop_k_veg': 2.724170387400844, 'fire_amp': 5.44779717154213}.
