[I 2026-06-09 12:40:43,350] Trial 1883 finished with values: [-0.578069396495177, 0.07187124011259993] and parameters: {'k1': 0.01549659926581634, 'D_low': 115.44738876452311, 'k2': 0.004695480001817501, 'D_high': 14268.845807630427, 'fire_exp': 2.10707132280748, 'P_half': 1.4045842344024697, 'pre_dampen_half': 566.2858823465564, 'gpp_af': 1.3218737536384089, 'gpp_b': 0.00977702299083608, 'gpp_d': 99.3234953243749, 'ign_k': 0.3242143344038317, 'ign_c': 21.132597710340573, 'trop_agb_crit': 12.123761779314275, 'trop_k_veg': 4.51930447316402}.
[I 2026-06-09 12:40:44,379] Trial 1884 finished with values: [10.918668961604823, 10.918668961604823] and parameters: {'k1': 0.01549659926581634, 'D_low': 115.44738876452311, 'k2': 0.0005700142105246941, 'D_high': 39655.03094323017, 'fire_exp': 2.10707132280748, 'P_half': 50.32059347286801, 'pre_dampen_half': 340.6909167027263, 'gpp_af': 1.3218737536384089, 'gpp_b': 0.00977702299083608, 'gpp_d': 26.003623362924223, 'ign_k': 3.1536006085184716, 'ign_c': 1.4113618885391819, 'trop_agb_crit': 2.6695352180079177, 'trop_k_veg': 1.8981057964668895}.
[I 2026-06-09 12:40:45,375] Trial 1885 finished with values: [-0.5745595936222024, 0.04726145735386411] and parameters: {'k1': 0.01549659926581634, 'D_low': 9.178481720510277, 'k2': 0.06994589881535453, 'D_high': 14268.845807630427, 'fire_exp': 2.10707132280748, 'P_half': 3.7185752664880454, 'pre_dampen_half': 340.6909167027263, 'gpp_af': 0.004050483631781762, 'gpp_b': 0.00015304633681488832, 'gpp_d': 26.003623362924223, 'ign_k': 0.3242143344038317, 'ign_c': 21.132597710340573, 'trop_agb_crit': 12.123761779314275, 'trop_k_veg': 4.51930447316402}.
[I 2026-06-09 12:40:46,434] Trial 1886 finished with values: [-0.5742618550524693, 0.05033374207558994] and parameters: {'k1': 0.01549659926581634, 'D_low': 1.254144753902608, 'k2': 0.06994589881535453, 'D_high': 2471.1617679707197, 'fire_exp': 2.10707132280748, 'P_half': 28.647019533509873, 'pre_dampen_half': 673.2248920775328, 'gpp_af': 0.01942738928156656, 'gpp_b': 1.7213644875359617e-05, 'gpp_d': 500.2195003344709, 'ign_k': 0.4303356629825978, 'ign_c': 21.132597710340573, 'trop_agb_crit': 1.5144860262751405, 'trop_k_veg': 6.167017837012027}.
[I 2026-06-09 12:40:47,546] Trial 1887 finished with values: [10.850020728797109, 10.850020728797109] and parameters: {'k1': 0.01549659926581634, 'D_low': 29.58993090345127, 'k2': 0.06994589881535453, 'D_high': 14268.845807630427, 'fire_exp': 2.10707132280748, 'P_half': 1.4045842344024697, 'pre_dampen_half': 340.6909167027263, 'gpp_af': 0.0019519098712619868, 'gpp_b': 0.00977702299083608, 'gpp_d': 7.986159964706926, 'ign_k': 3.1536006085184716, 'ign_c': 21.132597710340573, 'trop_agb_crit': 12.123761779314275, 'trop_k_veg': 4.51930447316402}.
[I 2026-06-09 12:40:48,609] Trial 1888 finished with values: [10.17255302385657, 10.17255302385657] and parameters: {'k1': 0.01549659926581634, 'D_low': 1.254144753902608, 'k2': 0.06994589881535453, 'D_high': 20424.506990274727, 'fire_exp': 2.10707132280748, 'P_half': 28.647019533509873, 'pre_dampen_half': 673.2248920775328, 'gpp_af': 0.01942738928156656, 'gpp_b': 1.7213644875359617e-05, 'gpp_d': 0.03610447727486077, 'ign_k': 0.11573044174871311, 'ign_c': 21.132597710340573, 'trop_agb_crit': 12.123761779314275, 'trop_k_veg': 6.167017837012027}.
[I 2026-06-09 12:40:49,699] Trial 1889 finished with values: [10.339517128672961, 10.339517128672961] and parameters: {'k1': 0.01549659926581634, 'D_low': 1.254144753902608, 'k2': 0.0005700142105246941, 'D_high': 2471.1617679707197, 'fire_exp': 2.10707132280748, 'P_half': 11.759008570803429, 'pre_dampen_half': 673.2248920775328, 'gpp_af': 15.045309589600159, 'gpp_b': 1.7213644875359617e-05, 'gpp_d': 26.003623362924223, 'ign_k': 3.1536006085184716, 'ign_c': 21.132597710340573, 'trop_agb_crit': 1.5144860262751405, 'trop_k_veg': 1.8981057964668895}.
[I 2026-06-09 12:40:50,697] Trial 1890 finished with values: [-0.5716076030735379, 0.042619982125988165] and parameters: {'k1': 0.01549659926581634, 'D_low': 1.1449158155085093, 'k2': 0.037633129263701104, 'D_high': 14268.845807630427, 'fire_exp': 2.10707132280748, 'P_half': 61.40760722406964, 'pre_dampen_half': 566.2858823465564, 'gpp_af': 0.004050483631781762, 'gpp_b': 0.00015304633681488832, 'gpp_d': 26.003623362924223, 'ign_k': 0.3242143344038317, 'ign_c': 21.132597710340573, 'trop_agb_crit': 12.123761779314275, 'trop_k_veg': 4.51930447316402}.
[I 2026-06-09 12:40:51,723] Trial 1891 finished with values: [10.631108459463027, 10.631108459463027] and parameters: {'k1': 0.01549659926581634, 'D_low': 1.254144753902608, 'k2': 0.004695480001817501, 'D_high': 39655.03094323017, 'fire_exp': 2.10707132280748, 'P_half': 34.51797505661073, 'pre_dampen_half': 673.2248920775328, 'gpp_af': 0.01942738928156656, 'gpp_b': 1.7213644875359617e-05, 'gpp_d': 500.2195003344709, 'ign_k': 3.1536006085184716, 'ign_c': 21.132597710340573, 'trop_agb_crit': 1.5144860262751405, 'trop_k_veg': 1.8981057964668895}.
[I 2026-06-09 12:40:52,700] Trial 1892 finished with values: [10.572995110235604, 10.572995110235604] and parameters: {'k1': 0.01549659926581634, 'D_low': 115.44738876452311, 'k2': 0.0005700142105246941, 'D_high': 39655.03094323017, 'fire_exp': 2.10707132280748, 'P_half': 50.32059347286801, 'pre_dampen_half': 340.6909167027263, 'gpp_af': 0.07860863288715082, 'gpp_b': 0.00977702299083608, 'gpp_d': 26.003623362924223, 'ign_k': 0.022355386723111655, 'ign_c': 21.132597710340573, 'trop_agb_crit': 2.6695352180079177, 'trop_k_veg': 1.8981057964668895}.
[I 2026-06-09 12:40:53,774] Trial 1893 finished with values: [10.839701145029498, 10.839701145029498] and parameters: {'k1': 0.08638558450754014, 'D_low': 1.1948421198023895, 'k2': 0.06994589881535453, 'D_high': 31.439352711941233, 'fire_exp': 2.10707132280748, 'P_half': 28.647019533509873, 'pre_dampen_half': 673.2248920775328, 'gpp_af': 1.3218737536384089, 'gpp_b': 0.00977702299083608, 'gpp_d': 500.2195003344709, 'ign_k': 0.4303356629825978, 'ign_c': 21.132597710340573, 'trop_agb_crit': 1.5144860262751405, 'trop_k_veg': 6.167017837012027}.
[I 2026-06-09 12:40:54,898] Trial 1894 finished with values: [-0.5925127589136043, 0.08535624868580216] and parameters: {'k1': 0.01549659926581634, 'D_low': 115.44738876452311, 'k2': 0.0005700142105246941, 'D_high': 39655.03094323017, 'fire_exp': 1.608176525358426, 'P_half': 50.32059347286801, 'pre_dampen_half': 103.02162547570735, 'gpp_af': 1.3218737536384089, 'gpp_b': 0.00977702299083608, 'gpp_d': 26.003623362924223, 'ign_k': 3.1536006085184716, 'ign_c': 21.132597710340573, 'trop_agb_crit': 2.6695352180079177, 'trop_k_veg': 3.410846254238515}.
[I 2026-06-09 12:40:55,953] Trial 1895 finished with values: [10.382085054303191, 10.382085054303191] and parameters: {'k1': 0.01549659926581634, 'D_low': 115.44738876452311, 'k2': 0.0004514095052235273, 'D_high': 39655.03094323017, 'fire_exp': 2.10707132280748, 'P_half': 50.32059347286801, 'pre_dampen_half': 566.2858823465564, 'gpp_af': 1.3218737536384089, 'gpp_b': 0.09770334235684197, 'gpp_d': 26.003623362924223, 'ign_k': 0.3242143344038317, 'ign_c': 21.132597710340573, 'trop_agb_crit': 2.6695352180079177, 'trop_k_veg': 1.9608216760553259}.
[I 2026-06-09 12:40:56,966] Trial 1896 finished with values: [10.213754941137351, 10.213754941137351] and parameters: {'k1': 0.0004141512619448618, 'D_low': 132.96909522381873, 'k2': 0.06994589881535453, 'D_high': 20424.506990274727, 'fire_exp': 2.10707132280748, 'P_half': 1.4045842344024697, 'pre_dampen_half': 566.2858823465564, 'gpp_af': 1.3218737536384089, 'gpp_b': 0.00977702299083608, 'gpp_d': 26.003623362924223, 'ign_k': 3.1536006085184716, 'ign_c': 21.132597710340573, 'trop_agb_crit': 2.6695352180079177, 'trop_k_veg': 4.51930447316402}.
[I 2026-06-09 12:40:58,598] Trial 1897 finished with values: [10.381312536912446, 10.381312536912446] and parameters: {'k1': 0.01549659926581634, 'D_low': 9.178481720510277, 'k2': 0.06994589881535453, 'D_high': 14268.845807630427, 'fire_exp': 3.936694150464099, 'P_half': 1.4045842344024697, 'pre_dampen_half': 566.2858823465564, 'gpp_af': 0.004050483631781762, 'gpp_b': 0.00015304633681488832, 'gpp_d': 26.003623362924223, 'ign_k': 0.3242143344038317, 'ign_c': 21.132597710340573, 'trop_agb_crit': 12.123761779314275, 'trop_k_veg': 4.51930447316402}.
[I 2026-06-09 12:40:59,593] Trial 1898 finished with values: [10.198271929380216, 10.198271929380216] and parameters: {'k1': 0.01549659926581634, 'D_low': 115.44738876452311, 'k2': 0.06994589881535453, 'D_high': 39655.03094323017, 'fire_exp': 2.10707132280748, 'P_half': 50.32059347286801, 'pre_dampen_half': 340.6909167027263, 'gpp_af': 1.3218737536384089, 'gpp_b': 0.002262927522655115, 'gpp_d': 26.003623362924223, 'ign_k': 0.0010957091403113854, 'ign_c': 21.132597710340573, 'trop_agb_crit': 12.123761779314275, 'trop_k_veg': 4.51930447316402}.
[I 2026-06-09 12:41:00,684] Trial 1899 finished with values: [10.485351970383286, 10.485351970383286] and parameters: {'k1': 0.01549659926581634, 'D_low': 115.44738876452311, 'k2': 0.06994589881535453, 'D_high': 14268.845807630427, 'fire_exp': 2.10707132280748, 'P_half': 50.32059347286801, 'pre_dampen_half': 566.2858823465564, 'gpp_af': 1.3218737536384089, 'gpp_b': 0.00015304633681488832, 'gpp_d': 26.003623362924223, 'ign_k': 3.1536006085184716, 'ign_c': 21.132597710340573, 'trop_agb_crit': 2.6695352180079177, 'trop_k_veg': 4.51930447316402}.
[I 2026-06-09 12:41:01,759] Trial 1900 finished with values: [10.294212212691953, 10.294212212691953] and parameters: {'k1': 0.01549659926581634, 'D_low': 1.254144753902608, 'k2': 0.0005700142105246941, 'D_high': 39655.03094323017, 'fire_exp': 2.10707132280748, 'P_half': 50.32059347286801, 'pre_dampen_half': 340.6909167027263, 'gpp_af': 1.3218737536384089, 'gpp_b': 0.00977702299083608, 'gpp_d': 2.0915863421512086, 'ign_k': 0.4303356629825978, 'ign_c': 21.132597710340573, 'trop_agb_crit': 2.6695352180079177, 'trop_k_veg': 1.8981057964668895}.
[I 2026-06-09 12:41:02,853] Trial 1901 finished with values: [10.12807481425919, 10.12807481425919] and parameters: {'k1': 0.01549659926581634, 'D_low': 9.178481720510277, 'k2': 0.06994589881535453, 'D_high': 39655.03094323017, 'fire_exp': 2.10707132280748, 'P_half': 1.4045842344024697, 'pre_dampen_half': 566.2858823465564, 'gpp_af': 0.004050483631781762, 'gpp_b': 0.00015304633681488832, 'gpp_d': 26.003623362924223, 'ign_k': 3.1536006085184716, 'ign_c': 21.132597710340573, 'trop_agb_crit': 2.6695352180079177, 'trop_k_veg': 1.8981057964668895}.
[I 2026-06-09 12:41:03,863] Trial 1902 finished with values: [-0.5110372602549204, 0.28483156067349547] and parameters: {'k1': 0.01549659926581634, 'D_low': 1.254144753902608, 'k2': 0.06994589881535453, 'D_high': 39655.03094323017, 'fire_exp': 2.10707132280748, 'P_half': 1.4045842344024697, 'pre_dampen_half': 566.2858823465564, 'gpp_af': 65.68953754453246, 'gpp_b': 0.00977702299083608, 'gpp_d': 26.003623362924223, 'ign_k': 0.3242143344038317, 'ign_c': 21.132597710340573, 'trop_agb_crit': 12.123761779314275, 'trop_k_veg': 4.51930447316402}.
[I 2026-06-09 12:41:04,857] Trial 1903 finished with values: [-0.578538068886705, 0.08127385181697344] and parameters: {'k1': 0.01549659926581634, 'D_low': 119.1596230011103, 'k2': 0.06994589881535453, 'D_high': 20424.506990274727, 'fire_exp': 2.10707132280748, 'P_half': 1.4045842344024697, 'pre_dampen_half': 566.2858823465564, 'gpp_af': 0.01942738928156656, 'gpp_b': 0.00015304633681488832, 'gpp_d': 26.003623362924223, 'ign_k': 0.3242143344038317, 'ign_c': 21.132597710340573, 'trop_agb_crit': 12.123761779314275, 'trop_k_veg': 4.51930447316402}.
[I 2026-06-09 12:41:05,901] Trial 1904 finished with values: [-0.5930573968059459, 0.02930768257082883] and parameters: {'k1': 0.01549659926581634, 'D_low': 1.254144753902608, 'k2': 0.06994589881535453, 'D_high': 2471.1617679707197, 'fire_exp': 2.10707132280748, 'P_half': 50.32059347286801, 'pre_dampen_half': 340.6909167027263, 'gpp_af': 1.3218737536384089, 'gpp_b': 0.00977702299083608, 'gpp_d': 26.003623362924223, 'ign_k': 3.1536006085184716, 'ign_c': 21.132597710340573, 'trop_agb_crit': 2.6695352180079177, 'trop_k_veg': 1.8981057964668895}.
[I 2026-06-09 12:41:06,976] Trial 1905 finished with values: [10.533059175770504, 10.533059175770504] and parameters: {'k1': 0.01549659926581634, 'D_low': 1.254144753902608, 'k2': 0.059726680112071134, 'D_high': 2471.1617679707197, 'fire_exp': 2.10707132280748, 'P_half': 50.32059347286801, 'pre_dampen_half': 24.41807016246691, 'gpp_af': 1.3218737536384089, 'gpp_b': 0.00977702299083608, 'gpp_d': 26.003623362924223, 'ign_k': 3.1536006085184716, 'ign_c': 21.132597710340573, 'trop_agb_crit': 1.5144860262751405, 'trop_k_veg': 1.8981057964668895}.
[I 2026-06-09 12:41:08,084] Trial 1906 finished with values: [-0.5906308846111943, 0.06432521356937715] and parameters: {'k1': 0.01549659926581634, 'D_low': 115.44738876452311, 'k2': 0.06994589881535453, 'D_high': 14268.845807630427, 'fire_exp': 2.10707132280748, 'P_half': 50.32059347286801, 'pre_dampen_half': 340.6909167027263, 'gpp_af': 1.3218737536384089, 'gpp_b': 0.00977702299083608, 'gpp_d': 99.3234953243749, 'ign_k': 3.1536006085184716, 'ign_c': 21.132597710340573, 'trop_agb_crit': 2.6695352180079177, 'trop_k_veg': 1.8981057964668895}.
[I 2026-06-09 12:41:09,176] Trial 1907 finished with values: [10.158933703749936, 10.158933703749936] and parameters: {'k1': 0.01549659926581634, 'D_low': 9.178481720510277, 'k2': 0.059726680112071134, 'D_high': 2471.1617679707197, 'fire_exp': 2.10707132280748, 'P_half': 1.4045842344024697, 'pre_dampen_half': 566.2858823465564, 'gpp_af': 0.01942738928156656, 'gpp_b': 0.0007433325445873315, 'gpp_d': 500.2195003344709, 'ign_k': 0.4303356629825978, 'ign_c': 21.132597710340573, 'trop_agb_crit': 1.5144860262751405, 'trop_k_veg': 1.8981057964668895}.
[I 2026-06-09 12:41:10,193] Trial 1908 finished with values: [10.121430998670423, 10.121430998670423] and parameters: {'k1': 0.01549659926581634, 'D_low': 1.254144753902608, 'k2': 0.06994589881535453, 'D_high': 20424.506990274727, 'fire_exp': 2.10707132280748, 'P_half': 1.4045842344024697, 'pre_dampen_half': 566.2858823465564, 'gpp_af': 0.01942738928156656, 'gpp_b': 0.00977702299083608, 'gpp_d': 26.003623362924223, 'ign_k': 3.1536006085184716, 'ign_c': 21.132597710340573, 'trop_agb_crit': 12.123761779314275, 'trop_k_veg': 1.8981057964668895}.
[I 2026-06-09 12:41:11,241] Trial 1909 finished with values: [10.479881470802901, 10.479881470802901] and parameters: {'k1': 0.01549659926581634, 'D_low': 115.44738876452311, 'k2': 0.0005700142105246941, 'D_high': 39655.03094323017, 'fire_exp': 5.942803605256621, 'P_half': 50.32059347286801, 'pre_dampen_half': 340.6909167027263, 'gpp_af': 1.3218737536384089, 'gpp_b': 0.00977702299083608, 'gpp_d': 73.21623786516268, 'ign_k': 3.1536006085184716, 'ign_c': 21.132597710340573, 'trop_agb_crit': 2.6695352180079177, 'trop_k_veg': 1.8981057964668895}.
[I 2026-06-09 12:41:12,255] Trial 1910 finished with values: [10.169010504936905, 10.169010504936905] and parameters: {'k1': 0.01549659926581634, 'D_low': 13.180029267201178, 'k2': 0.0035286555750361696, 'D_high': 14268.845807630427, 'fire_exp': 2.10707132280748, 'P_half': 149.35213816355395, 'pre_dampen_half': 566.2858823465564, 'gpp_af': 0.01942738928156656, 'gpp_b': 0.0017100237531775793, 'gpp_d': 0.5046855065143964, 'ign_k': 3.1536006085184716, 'ign_c': 21.132597710340573, 'trop_agb_crit': 2.6695352180079177, 'trop_k_veg': 1.8981057964668895}.
[I 2026-06-09 12:41:13,275] Trial 1911 finished with values: [10.018915964574681, 10.018915964574681] and parameters: {'k1': 0.01549659926581634, 'D_low': 115.44738876452311, 'k2': 0.0005700142105246941, 'D_high': 39655.03094323017, 'fire_exp': 2.10707132280748, 'P_half': 50.32059347286801, 'pre_dampen_half': 340.6909167027263, 'gpp_af': 0.40409198667188945, 'gpp_b': 0.00977702299083608, 'gpp_d': 26.003623362924223, 'ign_k': 3.1536006085184716, 'ign_c': 21.132597710340573, 'trop_agb_crit': 2.6695352180079177, 'trop_k_veg': 1.8981057964668895}.
[I 2026-06-09 12:41:14,293] Trial 1912 finished with values: [10.08204419859655, 10.08204419859655] and parameters: {'k1': 0.08017801372168805, 'D_low': 1.254144753902608, 'k2': 0.0205587644059359, 'D_high': 14268.845807630427, 'fire_exp': 2.10707132280748, 'P_half': 28.647019533509873, 'pre_dampen_half': 673.2248920775328, 'gpp_af': 0.01942738928156656, 'gpp_b': 0.00015304633681488832, 'gpp_d': 500.2195003344709, 'ign_k': 0.4303356629825978, 'ign_c': 21.132597710340573, 'trop_agb_crit': 1.5144860262751405, 'trop_k_veg': 4.51930447316402}.
[I 2026-06-09 12:41:15,429] Trial 1913 finished with values: [10.892854608899306, 10.892854608899306] and parameters: {'k1': 0.05156257069134124, 'D_low': 115.44738876452311, 'k2': 0.06994589881535453, 'D_high': 31.78343699021874, 'fire_exp': 2.10707132280748, 'P_half': 1.4045842344024697, 'pre_dampen_half': 340.6909167027263, 'gpp_af': 1.3218737536384089, 'gpp_b': 0.00015304633681488832, 'gpp_d': 99.3234953243749, 'ign_k': 0.3242143344038317, 'ign_c': 21.132597710340573, 'trop_agb_crit': 2.6695352180079177, 'trop_k_veg': 4.51930447316402}.
[I 2026-06-09 12:41:16,534] Trial 1914 finished with values: [10.005415731249348, 10.005415731249348] and parameters: {'k1': 0.01549659926581634, 'D_low': 9.178481720510277, 'k2': 0.06994589881535453, 'D_high': 20424.506990274727, 'fire_exp': 2.10707132280748, 'P_half': 1.4045842344024697, 'pre_dampen_half': 566.2858823465564, 'gpp_af': 0.004050483631781762, 'gpp_b': 0.00015304633681488832, 'gpp_d': 26.003623362924223, 'ign_k': 0.0011689357998776707, 'ign_c': 21.132597710340573, 'trop_agb_crit': 12.123761779314275, 'trop_k_veg': 4.51930447316402}.
[I 2026-06-09 12:41:17,561] Trial 1915 finished with values: [-0.5906039546318006, 0.08088842603074442] and parameters: {'k1': 0.05156257069134124, 'D_low': 115.44738876452311, 'k2': 0.0005700142105246941, 'D_high': 39655.03094323017, 'fire_exp': 2.10707132280748, 'P_half': 50.32059347286801, 'pre_dampen_half': 340.6909167027263, 'gpp_af': 1.3218737536384089, 'gpp_b': 0.00977702299083608, 'gpp_d': 26.003623362924223, 'ign_k': 3.1536006085184716, 'ign_c': 21.132597710340573, 'trop_agb_crit': 2.6695352180079177, 'trop_k_veg': 1.8981057964668895}.
[I 2026-06-09 12:41:18,587] Trial 1916 finished with values: [10.344435243109725, 10.344435243109725] and parameters: {'k1': 0.01549659926581634, 'D_low': 1.254144753902608, 'k2': 0.037633129263701104, 'D_high': 14268.845807630427, 'fire_exp': 5.890582078414799, 'P_half': 28.647019533509873, 'pre_dampen_half': 566.2858823465564, 'gpp_af': 1.3218737536384089, 'gpp_b': 0.00977702299083608, 'gpp_d': 26.003623362924223, 'ign_k': 3.1536006085184716, 'ign_c': 21.132597710340573, 'trop_agb_crit': 1.5144860262751405, 'trop_k_veg': 1.8981057964668895}.
[I 2026-06-09 12:41:20,215] Trial 1917 finished with values: [10.403820067321922, 10.403820067321922] and parameters: {'k1': 0.01692864311695628, 'D_low': 115.44738876452311, 'k2': 3.025721257738645e-05, 'D_high': 2471.1617679707197, 'fire_exp': 1.8432440172588864, 'P_half': 28.647019533509873, 'pre_dampen_half': 673.2248920775328, 'gpp_af': 1.3218737536384089, 'gpp_b': 1.7213644875359617e-05, 'gpp_d': 26.003623362924223, 'ign_k': 0.4303356629825978, 'ign_c': 21.132597710340573, 'trop_agb_crit': 2.6695352180079177, 'trop_k_veg': 4.51930447316402}.
[I 2026-06-09 12:41:21,258] Trial 1918 finished with values: [-0.5857763168813921, 0.06273611814087399] and parameters: {'k1': 0.01549659926581634, 'D_low': 115.44738876452311, 'k2': 0.0005700142105246941, 'D_high': 14268.845807630427, 'fire_exp': 2.10707132280748, 'P_half': 50.32059347286801, 'pre_dampen_half': 566.2858823465564, 'gpp_af': 1.3218737536384089, 'gpp_b': 0.00977702299083608, 'gpp_d': 26.003623362924223, 'ign_k': 3.1536006085184716, 'ign_c': 21.132597710340573, 'trop_agb_crit': 2.6695352180079177, 'trop_k_veg': 1.8981057964668895}.
[I 2026-06-09 12:41:22,350] Trial 1919 finished with values: [10.70499690167657, 10.70499690167657] and parameters: {'k1': 0.05156257069134124, 'D_low': 115.44738876452311, 'k2': 1.1754643263982794e-05, 'D_high': 20424.506990274727, 'fire_exp': 2.10707132280748, 'P_half': 50.32059347286801, 'pre_dampen_half': 340.6909167027263, 'gpp_af': 0.004050483631781762, 'gpp_b': 0.00015304633681488832, 'gpp_d': 26.003623362924223, 'ign_k': 0.3242143344038317, 'ign_c': 21.132597710340573, 'trop_agb_crit': 2.6695352180079177, 'trop_k_veg': 4.51930447316402}.
[I 2026-06-09 12:41:23,425] Trial 1920 finished with values: [-0.570674469716322, 0.04150607310687926] and parameters: {'k1': 0.01549659926581634, 'D_low': 9.178481720510277, 'k2': 0.06994589881535453, 'D_high': 14268.845807630427, 'fire_exp': 2.10707132280748, 'P_half': 61.40760722406964, 'pre_dampen_half': 566.2858823465564, 'gpp_af': 0.004050483631781762, 'gpp_b': 0.00015304633681488832, 'gpp_d': 26.003623362924223, 'ign_k': 0.3242143344038317, 'ign_c': 21.132597710340573, 'trop_agb_crit': 12.123761779314275, 'trop_k_veg': 4.51930447316402}.
[I 2026-06-09 12:41:24,436] Trial 1921 finished with values: [10.132780512143931, 10.132780512143931] and parameters: {'k1': 0.01549659926581634, 'D_low': 115.44738876452311, 'k2': 0.0005700142105246941, 'D_high': 39655.03094323017, 'fire_exp': 2.10707132280748, 'P_half': 3.7185752664880454, 'pre_dampen_half': 340.6909167027263, 'gpp_af': 0.004050483631781762, 'gpp_b': 0.00015304633681488832, 'gpp_d': 26.003623362924223, 'ign_k': 0.3242143344038317, 'ign_c': 21.132597710340573, 'trop_agb_crit': 12.123761779314275, 'trop_k_veg': 1.8981057964668895}.
