[I 2026-08-20 00:35:35,141] Trial 982 finished with value: -0.575714536524963 and parameters: {'k1': 0.0006714473252428459, 'D_low': 98.2631915026979, 'k2': 3.942479960978731e-05, 'D_high': 346448.29745143885, 'fire_exp': 1.010020543261765, 'P_half': 5.864818759883758, 'pre_dampen_half': 0.463336738237558, 'gpp_af': 0.01677560797091588, 'gpp_b': 0.00020753640806854713, 'gpp_d': 1.9347741988794422, 'ign_k': 0.29127402507925704, 'ign_c': 2.3396919685762034, 'trop_agb_crit': 2.715313643845523, 'trop_k_veg': 6.308627729297567}. Best is trial 0 with value: -0.5989088506199346.
[I 2026-08-20 00:35:36,717] Trial 983 finished with value: 0.4313791026550827 and parameters: {'k1': 0.0002504251463500846, 'D_low': 44.818075839151945, 'k2': 0.0001687303051264901, 'D_high': 99849.20059519113, 'fire_exp': 1.630288180155204, 'P_half': 8.3043315578814, 'pre_dampen_half': 5.426889200608423, 'gpp_af': 0.021426152138583433, 'gpp_b': 3.7679874009551523e-05, 'gpp_d': 0.2770984092820164, 'ign_k': 0.2025906777771981, 'ign_c': 0.6570929839891774, 'trop_agb_crit': 3.3499087952903577, 'trop_k_veg': 6.887452476006339}. Best is trial 0 with value: -0.5989088506199346.
[I 2026-08-20 00:35:38,073] Trial 984 finished with value: 0.6124561029179043 and parameters: {'k1': 0.00011657709218695073, 'D_low': 121893.92085221614, 'k2': 0.001132848584624822, 'D_high': 2413540.2479987643, 'fire_exp': 1.1251108635828952, 'P_half': 1.8543686611207664, 'pre_dampen_half': 0.08862962334101117, 'gpp_af': 0.011593534595438285, 'gpp_b': 0.011511924176425145, 'gpp_d': 2.130721333269992, 'ign_k': 0.7672004582690954, 'ign_c': 6.276179514263965, 'trop_agb_crit': 10.74201796066093, 'trop_k_veg': 1.546751942865136}. Best is trial 0 with value: -0.5989088506199346.
[I 2026-08-20 00:35:39,613] Trial 985 finished with value: 0.4641088799406504 and parameters: {'k1': 0.0002638547920634104, 'D_low': 143.3062594463827, 'k2': 0.004596144414629815, 'D_high': 6347044.543594585, 'fire_exp': 1.3419541582855186, 'P_half': 1.928035491386884, 'pre_dampen_half': 0.32189229029168404, 'gpp_af': 0.20020267162721544, 'gpp_b': 6.579496216949253e-05, 'gpp_d': 0.7212718295697316, 'ign_k': 0.1796034271336816, 'ign_c': 15.057324324263645, 'trop_agb_crit': 1.6916439945982853, 'trop_k_veg': 3.5310932606532432}. Best is trial 0 with value: -0.5989088506199346.
[I 2026-08-20 00:35:40,976] Trial 986 finished with value: 0.5816882758233295 and parameters: {'k1': 2.1505058995748138e-05, 'D_low': 558.9250926778893, 'k2': 0.002936954061191716, 'D_high': 541758.5072644263, 'fire_exp': 2.103025150048477, 'P_half': 4.805649800238478, 'pre_dampen_half': 4.151174591222941, 'gpp_af': 0.001684618109450957, 'gpp_b': 0.0018515243490172465, 'gpp_d': 0.12348393906185436, 'ign_k': 1.9786886043447038, 'ign_c': 1.5526306839014332, 'trop_agb_crit': 7.179047515131577, 'trop_k_veg': 4.5755129092499915}. Best is trial 0 with value: -0.5989088506199346.
[I 2026-08-20 00:35:42,561] Trial 987 finished with value: 0.4457535694271938 and parameters: {'k1': 0.0007020438780882851, 'D_low': 1.4253149964400944, 'k2': 0.0002503966061431568, 'D_high': 169420.2693175206, 'fire_exp': 1.1281216185050675, 'P_half': 8.738272286689707, 'pre_dampen_half': 10.518241423354612, 'gpp_af': 2.7453998045791534, 'gpp_b': 0.03979166186344057, 'gpp_d': 15.942076311188837, 'ign_k': 0.550629171056962, 'ign_c': 0.9222060968569318, 'trop_agb_crit': 1.691663775684383, 'trop_k_veg': 3.0530143122397817}. Best is trial 0 with value: -0.5989088506199346.
[I 2026-08-20 00:35:44,116] Trial 988 finished with value: 0.46181444849726727 and parameters: {'k1': 0.002788315640836636, 'D_low': 29.865369198892864, 'k2': 0.0017957062847945688, 'D_high': 4594272.508451795, 'fire_exp': 1.3409714174519238, 'P_half': 146.4695302780861, 'pre_dampen_half': 103.64827953162552, 'gpp_af': 0.057487033148110066, 'gpp_b': 0.0001760331921621576, 'gpp_d': 7.478794895323219, 'ign_k': 0.7983579666028707, 'ign_c': 4.3912053180012025, 'trop_agb_crit': 24.841585247335793, 'trop_k_veg': 4.0607176179371836}. Best is trial 0 with value: -0.5989088506199346.
[I 2026-08-20 00:35:45,574] Trial 989 finished with value: 0.5923418962363195 and parameters: {'k1': 0.013554254123262971, 'D_low': 1129.7407052583774, 'k2': 2.8362860798764924e-05, 'D_high': 110955.16889681392, 'fire_exp': 8.505477153185558, 'P_half': 9.178234257183263, 'pre_dampen_half': 0.8700331302266175, 'gpp_af': 0.012862074793390042, 'gpp_b': 0.0009534309017363931, 'gpp_d': 912.8144765471924, 'ign_k': 0.1288784565054647, 'ign_c': 4.33797783548372, 'trop_agb_crit': 2.1387347542156143, 'trop_k_veg': 0.6154918518963334}. Best is trial 0 with value: -0.5989088506199346.
[I 2026-08-20 00:35:47,163] Trial 990 finished with value: 0.6445374145881376 and parameters: {'k1': 0.015063719445038846, 'D_low': 60406.74911311313, 'k2': 0.005775146242379594, 'D_high': 28610.471829725706, 'fire_exp': 6.8357353262564775, 'P_half': 3.7470837389278224, 'pre_dampen_half': 0.06829385244004284, 'gpp_af': 0.860601319172771, 'gpp_b': 1.3540588269100235e-05, 'gpp_d': 5.651664298490325, 'ign_k': 2.4618627283349652, 'ign_c': 7.010049882529696, 'trop_agb_crit': 8.606453872886634, 'trop_k_veg': 2.9964982629104484}. Best is trial 0 with value: -0.5989088506199346.
[I 2026-08-20 00:35:48,534] Trial 991 finished with value: -0.5372627970649474 and parameters: {'k1': 0.0006475351256539656, 'D_low': 534.7022081665721, 'k2': 1.536628061341784e-05, 'D_high': 119206.10510479692, 'fire_exp': 1.2074539584276924, 'P_half': 2.814076978715237, 'pre_dampen_half': 0.6593278341469684, 'gpp_af': 0.04256148804124125, 'gpp_b': 3.648605105585632e-05, 'gpp_d': 1.5991910646674181, 'ign_k': 0.3303096804534656, 'ign_c': 1.3817288979127194, 'trop_agb_crit': 2.389095662506933, 'trop_k_veg': 3.608798898023684}. Best is trial 0 with value: -0.5989088506199346.
[I 2026-08-20 00:35:50,317] Trial 992 finished with value: 0.6434897180342414 and parameters: {'k1': 1.1596822629576844e-05, 'D_low': 7.662411729446469, 'k2': 0.0002616151876512777, 'D_high': 40901.67869674573, 'fire_exp': 2.5626533162519123, 'P_half': 978.6201277779242, 'pre_dampen_half': 0.03866490380849622, 'gpp_af': 57.2481664202411, 'gpp_b': 0.007881951268842776, 'gpp_d': 0.01951857988155819, 'ign_k': 0.43265621442230967, 'ign_c': 0.16628608438259876, 'trop_agb_crit': 10.927165913896195, 'trop_k_veg': 2.5050556429430477}. Best is trial 0 with value: -0.5989088506199346.
[I 2026-08-20 00:35:51,693] Trial 993 finished with value: -0.59184102488727 and parameters: {'k1': 0.00017433477243221146, 'D_low': 25.49653477355363, 'k2': 0.00028810001002055026, 'D_high': 4549846.312491125, 'fire_exp': 3.250998015161011, 'P_half': 1.470086184142569, 'pre_dampen_half': 36.495934054136555, 'gpp_af': 2.223391294910572, 'gpp_b': 0.03076483609866405, 'gpp_d': 132.48045404697874, 'ign_k': 2.2726431337661857, 'ign_c': 12.709857988793845, 'trop_agb_crit': 8.519729653698354, 'trop_k_veg': 1.2228939282115714}. Best is trial 0 with value: -0.5989088506199346.
[I 2026-08-20 00:35:53,262] Trial 994 finished with value: 0.6445374145881376 and parameters: {'k1': 0.0005716379688833279, 'D_low': 532.2295654575183, 'k2': 0.00031378459779145756, 'D_high': 182911.50691628322, 'fire_exp': 1.5600753409078965, 'P_half': 1.5730761033507046, 'pre_dampen_half': 5.041275663320595, 'gpp_af': 0.002584866058322799, 'gpp_b': 0.008071430999119854, 'gpp_d': 0.2023467253103536, 'ign_k': 0.40016457817458956, 'ign_c': 95.24354186707629, 'trop_agb_crit': 6.758435506452406, 'trop_k_veg': 5.2041530825762665}. Best is trial 0 with value: -0.5989088506199346.
[I 2026-08-20 00:35:54,752] Trial 995 finished with value: 0.6445374145881376 and parameters: {'k1': 0.003916430459079765, 'D_low': 6.711079428435453, 'k2': 0.00025937410203370206, 'D_high': 431827.13111365156, 'fire_exp': 1.6266747473910108, 'P_half': 44.970137725153286, 'pre_dampen_half': 0.7940785362288824, 'gpp_af': 0.0014134107628031901, 'gpp_b': 0.0003137281574699865, 'gpp_d': 437.42572453294633, 'ign_k': 2.1657952352456533, 'ign_c': 262.56314320661636, 'trop_agb_crit': 3.100848613168093, 'trop_k_veg': 2.1943389523858525}. Best is trial 0 with value: -0.5989088506199346.
[I 2026-08-20 00:35:56,155] Trial 996 finished with value: 0.5816905788315493 and parameters: {'k1': 0.0008983903682440068, 'D_low': 102.95942180324688, 'k2': 0.009425162738517854, 'D_high': 132469.16342294653, 'fire_exp': 5.515159745396053, 'P_half': 55.650198723628826, 'pre_dampen_half': 0.20902748022165873, 'gpp_af': 0.07872833677825958, 'gpp_b': 0.0001069907466351721, 'gpp_d': 0.059934844688810496, 'ign_k': 9.86234746264686, 'ign_c': 1.4341688617637087, 'trop_agb_crit': 18.374015804835388, 'trop_k_veg': 2.541653620079125}. Best is trial 0 with value: -0.5989088506199346.
[I 2026-08-20 00:35:57,567] Trial 997 finished with value: 0.4766037744102608 and parameters: {'k1': 0.0012392620216987974, 'D_low': 13.263015357093117, 'k2': 0.0003162675693579565, 'D_high': 8377143.6540544, 'fire_exp': 4.0306352927892135, 'P_half': 1.9646267754442681, 'pre_dampen_half': 228.72523481840577, 'gpp_af': 0.48893068451696553, 'gpp_b': 0.003548634106693067, 'gpp_d': 703.9889539665319, 'ign_k': 3.8523781803417867, 'ign_c': 5.05916001275408, 'trop_agb_crit': 13.92409892282613, 'trop_k_veg': 1.9759642852261863}. Best is trial 0 with value: -0.5989088506199346.
[I 2026-08-20 00:35:58,958] Trial 998 finished with value: -0.5631455749642195 and parameters: {'k1': 0.003832603146792579, 'D_low': 739.4635520980925, 'k2': 0.040667419364049814, 'D_high': 2439917.900265011, 'fire_exp': 1.89913685792052, 'P_half': 10.650405618150685, 'pre_dampen_half': 82.52633612395732, 'gpp_af': 0.17558478719115264, 'gpp_b': 0.010695217438550586, 'gpp_d': 14.16388165466245, 'ign_k': 0.03084566662421157, 'ign_c': 0.3773717035364563, 'trop_agb_crit': 17.863475863567796, 'trop_k_veg': 2.209791492873024}. Best is trial 0 with value: -0.5989088506199346.
[I 2026-08-20 00:36:00,334] Trial 999 finished with value: 0.5325868434451245 and parameters: {'k1': 0.00016985983671192234, 'D_low': 10.442756821080001, 'k2': 0.0003765565443310088, 'D_high': 8833965.631244482, 'fire_exp': 3.731426245201002, 'P_half': 1.4054338168309992, 'pre_dampen_half': 4.807054806108452, 'gpp_af': 6.856650418003495, 'gpp_b': 0.1037034465620729, 'gpp_d': 9.42317948013044, 'ign_k': 1.2742849806909846, 'ign_c': 11.097890749657434, 'trop_agb_crit': 23.643907927269918, 'trop_k_veg': 1.3575059221212669}. Best is trial 0 with value: -0.5989088506199346.
[I 2026-08-20 00:36:01,714] Trial 1000 finished with value: 0.6445374145881376 and parameters: {'k1': 1.4666976902274198e-05, 'D_low': 1.0225054647775946, 'k2': 0.003692060134965177, 'D_high': 275372.212396968, 'fire_exp': 2.986929474966945, 'P_half': 2.6540131792990387, 'pre_dampen_half': 30.07938963481746, 'gpp_af': 0.3781981352350624, 'gpp_b': 0.013687182640727685, 'gpp_d': 91.18327923682348, 'ign_k': 8.792011781425131, 'ign_c': 44.990741158885754, 'trop_agb_crit': 14.648316655879102, 'trop_k_veg': 1.1764970940588668}. Best is trial 0 with value: -0.5989088506199346.
[I 2026-08-20 00:36:03,123] Trial 1001 finished with value: 0.48681783366026576 and parameters: {'k1': 4.729915024811398e-05, 'D_low': 5075.98276263934, 'k2': 0.0030782724349679258, 'D_high': 100793.01713644215, 'fire_exp': 1.5694119613568307, 'P_half': 2.0049110781542407, 'pre_dampen_half': 2.2664216980979943, 'gpp_af': 0.45666135376975364, 'gpp_b': 0.012100349817320569, 'gpp_d': 175.03760985982714, 'ign_k': 0.44854591049065484, 'ign_c': 5.67332588076497, 'trop_agb_crit': 8.614321185026078, 'trop_k_veg': 3.7899550308051095}. Best is trial 0 with value: -0.5989088506199346.
[I 2026-08-20 00:36:04,500] Trial 1002 finished with value: 0.5193349518452692 and parameters: {'k1': 0.00011575389584882972, 'D_low': 9.599652992612224, 'k2': 0.010381648396172845, 'D_high': 884139.3939865514, 'fire_exp': 4.833518620288115, 'P_half': 3.0483906969319645, 'pre_dampen_half': 1.3748098736564733, 'gpp_af': 3.5778319666871856, 'gpp_b': 0.00030437376121164784, 'gpp_d': 1.5667210060565775, 'ign_k': 0.40217587696263407, 'ign_c': 0.3096704204917435, 'trop_agb_crit': 9.506493458586426, 'trop_k_veg': 4.250934286043285}. Best is trial 0 with value: -0.5989088506199346.
[I 2026-08-20 00:36:05,950] Trial 1003 finished with value: 0.4862727625418518 and parameters: {'k1': 0.09973237427156036, 'D_low': 47.935644698338045, 'k2': 0.00025819220883614035, 'D_high': 176777.7266532896, 'fire_exp': 4.44363820221804, 'P_half': 37.13616881455999, 'pre_dampen_half': 1.1931145099502527, 'gpp_af': 0.15733915823203218, 'gpp_b': 0.00027932113542461593, 'gpp_d': 38.298746040809405, 'ign_k': 4.1232742026822535, 'ign_c': 10.26814221056237, 'trop_agb_crit': 3.976408162318848, 'trop_k_veg': 3.335114682823747}. Best is trial 0 with value: -0.5989088506199346.
[I 2026-08-20 00:36:07,392] Trial 1004 finished with value: 0.5711821265838051 and parameters: {'k1': 0.006096135197022593, 'D_low': 213.74280183874734, 'k2': 0.007712870357387805, 'D_high': 9638634.443154445, 'fire_exp': 1.06167071602985, 'P_half': 63.90662818772237, 'pre_dampen_half': 0.3362222687866965, 'gpp_af': 17.258806556082906, 'gpp_b': 0.21015809814471792, 'gpp_d': 967.6363517277423, 'ign_k': 0.049531414896318376, 'ign_c': 67.59391861171073, 'trop_agb_crit': 17.462449611971742, 'trop_k_veg': 1.8591521072808395}. Best is trial 0 with value: -0.5989088506199346.
[I 2026-08-20 00:36:08,847] Trial 1005 finished with value: -0.5770177122823879 and parameters: {'k1': 0.0001748016094847445, 'D_low': 95.09186190017029, 'k2': 0.00015714151054000816, 'D_high': 2650585.7009136775, 'fire_exp': 3.8246734051421365, 'P_half': 8.178169792871003, 'pre_dampen_half': 33.89704542201931, 'gpp_af': 3.992276544393892, 'gpp_b': 0.09780228454238679, 'gpp_d': 553.7400317274493, 'ign_k': 0.2168681430197605, 'ign_c': 5.059955190520647, 'trop_agb_crit': 11.867915402805844, 'trop_k_veg': 1.1509144030702485}. Best is trial 0 with value: -0.5989088506199346.
[I 2026-08-20 00:36:10,428] Trial 1006 finished with value: 0.5574873008343574 and parameters: {'k1': 0.0011152246182545593, 'D_low': 295.8421409193671, 'k2': 0.0001355147995224855, 'D_high': 1576723.8450203766, 'fire_exp': 4.31068006652366, 'P_half': 6.685417418535236, 'pre_dampen_half': 17.332728759977293, 'gpp_af': 15.490712532259792, 'gpp_b': 0.024206904481769487, 'gpp_d': 160.62497330758035, 'ign_k': 0.034952738164831874, 'ign_c': 3.0873807142899956, 'trop_agb_crit': 15.093877910744942, 'trop_k_veg': 0.6415541933553424}. Best is trial 0 with value: -0.5989088506199346.
[I 2026-08-20 00:36:11,808] Trial 1007 finished with value: 0.5446098234056201 and parameters: {'k1': 2.0237183883347764e-05, 'D_low': 809.428518716824, 'k2': 0.0021238808529232484, 'D_high': 644767.6863649494, 'fire_exp': 5.574462714148636, 'P_half': 25.31351782374449, 'pre_dampen_half': 10.862761162152418, 'gpp_af': 16.750091012258714, 'gpp_b': 0.023697136697519, 'gpp_d': 289.95679570615187, 'ign_k': 0.31969891992175997, 'ign_c': 1.5722904381808547, 'trop_agb_crit': 11.932054904981687, 'trop_k_veg': 1.8112376272064326}. Best is trial 0 with value: -0.5989088506199346.
[I 2026-08-20 00:36:13,237] Trial 1008 finished with value: 0.5963192011804737 and parameters: {'k1': 2.206290859173251e-05, 'D_low': 1.2388319536578538, 'k2': 0.00012166141979137598, 'D_high': 1355377.718152999, 'fire_exp': 2.841194316841501, 'P_half': 108.87910893475143, 'pre_dampen_half': 362.39655862869034, 'gpp_af': 1.0905441364673463, 'gpp_b': 0.25210709462256115, 'gpp_d': 955.4676237378591, 'ign_k': 0.48875890805274463, 'ign_c': 23.0797281043484, 'trop_agb_crit': 7.0618693162647315, 'trop_k_veg': 1.7080824582161684}. Best is trial 0 with value: -0.5989088506199346.
[I 2026-08-20 00:36:14,609] Trial 1009 finished with value: 0.48291381512871634 and parameters: {'k1': 0.0018227830549054705, 'D_low': 26491.96403050982, 'k2': 0.02351575751584763, 'D_high': 5316615.547270266, 'fire_exp': 1.09427747538806, 'P_half': 1.6624593077256766, 'pre_dampen_half': 3.6700327526431886, 'gpp_af': 0.21628334273469027, 'gpp_b': 0.007481353723654564, 'gpp_d': 362.7729175719147, 'ign_k': 0.5379931616404974, 'ign_c': 0.22424613694466616, 'trop_agb_crit': 13.573704888576579, 'trop_k_veg': 3.964035620601715}. Best is trial 0 with value: -0.5989088506199346.
[I 2026-08-20 00:36:16,024] Trial 1010 finished with value: 0.6445374145881376 and parameters: {'k1': 0.02846542187122245, 'D_low': 258734.73130562436, 'k2': 0.005782787742960176, 'D_high': 84881.00080413609, 'fire_exp': 3.3422339055617942, 'P_half': 23.222836062237768, 'pre_dampen_half': 0.5460111891109216, 'gpp_af': 0.6922105155375898, 'gpp_b': 5.269102271674761e-05, 'gpp_d': 642.521643337255, 'ign_k': 7.1747365390479665, 'ign_c': 0.6966835787300649, 'trop_agb_crit': 11.160491954702094, 'trop_k_veg': 3.4244759727818805}. Best is trial 0 with value: -0.5989088506199346.
[I 2026-08-20 00:36:17,384] Trial 1011 finished with value: 0.5890310689211301 and parameters: {'k1': 0.0053951941306509136, 'D_low': 4.943257979842733, 'k2': 0.0001425633075191551, 'D_high': 4218.714571761673, 'fire_exp': 1.4008948217640032, 'P_half': 14.48799633716723, 'pre_dampen_half': 0.9805283948359794, 'gpp_af': 0.011414410769459555, 'gpp_b': 0.001660963431776384, 'gpp_d': 1.5903470939967148, 'ign_k': 0.09693506987643462, 'ign_c': 2.299972780583027, 'trop_agb_crit': 3.0332422014123837, 'trop_k_veg': 5.964535438150208}. Best is trial 0 with value: -0.5989088506199346.
[I 2026-08-20 00:36:18,776] Trial 1012 finished with value: 0.6445374145881376 and parameters: {'k1': 0.0009167226419956908, 'D_low': 2.192326597984607, 'k2': 0.00148695384473041, 'D_high': 3661861.882007329, 'fire_exp': 6.28135583495198, 'P_half': 2.6771816875278738, 'pre_dampen_half': 3.6459106322459793, 'gpp_af': 0.8237383184736472, 'gpp_b': 0.0723199294017776, 'gpp_d': 12.32840783858106, 'ign_k': 6.757331106471234, 'ign_c': 43.23801403626126, 'trop_agb_crit': 5.406791733471397, 'trop_k_veg': 1.2999737326696217}. Best is trial 0 with value: -0.5989088506199346.
[I 2026-08-20 00:36:20,145] Trial 1013 finished with value: -0.5029333813765092 and parameters: {'k1': 1.4359963251430565e-05, 'D_low': 1372.918281829874, 'k2': 0.0009189789065857697, 'D_high': 73108.30510608168, 'fire_exp': 1.4164886741891827, 'P_half': 6.9985479459709365, 'pre_dampen_half': 21.370432970614388, 'gpp_af': 0.21042045425028563, 'gpp_b': 0.00020683761247346192, 'gpp_d': 86.51733002360591, 'ign_k': 0.09396652481701001, 'ign_c': 11.590488243279655, 'trop_agb_crit': 25.344884159419124, 'trop_k_veg': 0.7936754090142285}. Best is trial 0 with value: -0.5989088506199346.
[I 2026-08-20 00:36:21,536] Trial 1014 finished with value: 0.5326369500351011 and parameters: {'k1': 0.051428056077463334, 'D_low': 23.92821647288709, 'k2': 0.003126597437232346, 'D_high': 582854.0362823788, 'fire_exp': 3.445282878448189, 'P_half': 111.6033823968402, 'pre_dampen_half': 0.16916221452950989, 'gpp_af': 0.00879415057751953, 'gpp_b': 1.2145683580341132e-05, 'gpp_d': 1.6357848531099075, 'ign_k': 3.5485530368833937, 'ign_c': 0.42371599517858766, 'trop_agb_crit': 6.906714758333956, 'trop_k_veg': 3.34413076738664}. Best is trial 0 with value: -0.5989088506199346.
[I 2026-08-20 00:36:22,916] Trial 1015 finished with value: 0.4600870711019961 and parameters: {'k1': 9.568908520878955e-05, 'D_low': 22.408686000164785, 'k2': 0.0006608963858228802, 'D_high': 924536.1568691954, 'fire_exp': 4.467600323852819, 'P_half': 1.512267671783879, 'pre_dampen_half': 37.11590446249375, 'gpp_af': 1.9078665181678662, 'gpp_b': 0.010122490271905078, 'gpp_d': 137.33011572061574, 'ign_k': 0.46161945838616664, 'ign_c': 18.85488221967748, 'trop_agb_crit': 9.445883516235995, 'trop_k_veg': 0.8694510530627039}. Best is trial 0 with value: -0.5989088506199346.
[I 2026-08-20 00:36:24,400] Trial 1016 finished with value: -0.5486267244952173 and parameters: {'k1': 0.000500756025800224, 'D_low': 178.9585531456945, 'k2': 0.0006730304154072018, 'D_high': 1539822.8535849948, 'fire_exp': 1.714799573105966, 'P_half': 5.896872977963239, 'pre_dampen_half': 4.410127310135343, 'gpp_af': 0.02645767987326489, 'gpp_b': 0.00031919728343850174, 'gpp_d': 2.1844913615802914, 'ign_k': 0.06387293363301447, 'ign_c': 7.806959737309375, 'trop_agb_crit': 2.202122302587671, 'trop_k_veg': 2.600407444957762}. Best is trial 0 with value: -0.5989088506199346.
[I 2026-08-20 00:36:25,777] Trial 1017 finished with value: 0.5706733247897646 and parameters: {'k1': 0.01107009929178817, 'D_low': 5.519597670191748, 'k2': 0.0004535631306616699, 'D_high': 292616.0495789628, 'fire_exp': 2.5064019127561807, 'P_half': 99.05790510926333, 'pre_dampen_half': 0.332220521733402, 'gpp_af': 0.8730268042234784, 'gpp_b': 0.005479233088789628, 'gpp_d': 227.2209714207822, 'ign_k': 0.014671958077981983, 'ign_c': 1.199660563969061, 'trop_agb_crit': 9.876285612385397, 'trop_k_veg': 3.6518529488863183}. Best is trial 0 with value: -0.5989088506199346.
[I 2026-08-20 00:36:27,197] Trial 1018 finished with value: 0.5775098614993177 and parameters: {'k1': 0.02508571190496778, 'D_low': 4937.3303997629855, 'k2': 6.84701825870582e-05, 'D_high': 58310.20023431952, 'fire_exp': 2.71266892189139, 'P_half': 172.08162341070374, 'pre_dampen_half': 6.971716760038628, 'gpp_af': 0.005408585706059801, 'gpp_b': 0.0001026901465289149, 'gpp_d': 2.0026247249806897, 'ign_k': 0.05644831564505549, 'ign_c': 4.612217112793299, 'trop_agb_crit': 29.463878952341748, 'trop_k_veg': 3.6091575482405247}. Best is trial 0 with value: -0.5989088506199346.
