[I 2026-06-10 20:20:39,417] Trial 12 finished with values: [10.833244280563054, 10.833244280563054] and parameters: {'k1': 0.02193865417811505, 'D_low': 19.192001101561882, 'k2': 5.572807500029961e-05, 'D_high': 14.557961490251989, 'fire_exp': 3.898458749305194, 'P_half': 513.1654955148325, 'pre_dampen_half': 0.01210428510799503, 'gpp_af': 0.36346725534286806, 'gpp_b': 0.0002285465401900534, 'gpp_d': 16.821470258034143, 'ign_k': 0.004982711200081134, 'ign_c': 58.04314717414065, 'trop_agb_crit': 3.726104236509946, 'trop_k_veg': 6.7128246388513295, 'fire_amp': 1.2794169340673422}.
[I 2026-06-10 20:20:40,733] Trial 13 finished with values: [10.810185626645861, 10.810185626645861] and parameters: {'k1': 0.00023134781612225627, 'D_low': 2.843767489444367, 'k2': 0.0499774937030317, 'D_high': 32311.521854410956, 'fire_exp': 1.811096651915224, 'P_half': 436.4516946807792, 'pre_dampen_half': 121.93011993958949, 'gpp_af': 0.5970408652384318, 'gpp_b': 0.015062722325200045, 'gpp_d': 0.1619054449471649, 'ign_k': 0.002357279455676982, 'ign_c': 388.02797007866826, 'trop_agb_crit': 21.380932890222198, 'trop_k_veg': 2.8926781829782864, 'fire_amp': 1.8357623383234334}.
[I 2026-06-10 20:20:42,231] Trial 14 finished with values: [10.833333332980382, 10.833333332980382] and parameters: {'k1': 0.00024936660834465205, 'D_low': 801.3508750140625, 'k2': 0.0387651117091163, 'D_high': 35346.441441965806, 'fire_exp': 6.023869375703683, 'P_half': 369.93598999597504, 'pre_dampen_half': 0.026345098397336078, 'gpp_af': 0.00642900214221209, 'gpp_b': 2.462210228732003, 'gpp_d': 10.768254179081206, 'ign_k': 0.0010883991813938126, 'ign_c': 0.25461628161276906, 'trop_agb_crit': 9.551521678079945, 'trop_k_veg': 0.5070663123919332, 'fire_amp': 1.3339298352621864}.
[I 2026-06-10 20:20:43,651] Trial 15 finished with values: [10.833333037491784, 10.833333037491784] and parameters: {'k1': 0.001566517163094646, 'D_low': 585.5726588796255, 'k2': 0.004053638704742309, 'D_high': 78.90004262668583, 'fire_exp': 5.154413091020758, 'P_half': 8.89193644629625, 'pre_dampen_half': 0.4236414938631993, 'gpp_af': 5.400786701286536, 'gpp_b': 0.07903098490824653, 'gpp_d': 176.24510039685507, 'ign_k': 0.42702329684055446, 'ign_c': 18.760068220300635, 'trop_agb_crit': 1.3752099014456878, 'trop_k_veg': 1.3859384729785302, 'fire_amp': 1.6083018222627783}.
[I 2026-06-10 20:20:45,096] Trial 16 finished with values: [10.83333279370828, 10.83333279370828] and parameters: {'k1': 9.461469059966113e-05, 'D_low': 7799.059237255678, 'k2': 0.00037358626308127543, 'D_high': 36998.679204890876, 'fire_exp': 4.2769938521987285, 'P_half': 1510.9330261674459, 'pre_dampen_half': 3.2597587933173577, 'gpp_af': 0.76651282046602, 'gpp_b': 0.009017915528354467, 'gpp_d': 0.09467055845337147, 'ign_k': 0.7759048401667639, 'ign_c': 1.327667883604765, 'trop_agb_crit': 1.0862195895119262, 'trop_k_veg': 2.9936160189545182, 'fire_amp': 1.373469110848509}.
[I 2026-06-10 20:20:46,496] Trial 17 finished with values: [10.833333332980382, 10.833333332980382] and parameters: {'k1': 0.05778755734457457, 'D_low': 6542.056762893129, 'k2': 0.04565176372646328, 'D_high': 302.4369161272648, 'fire_exp': 1.0362310858538248, 'P_half': 5167.425813322413, 'pre_dampen_half': 1.3833139021965035, 'gpp_af': 68.11991466118579, 'gpp_b': 6.049505313715197, 'gpp_d': 184.0972398983907, 'ign_k': 0.015058980408366392, 'ign_c': 3.470490935437501, 'trop_agb_crit': 18.081400596781233, 'trop_k_veg': 1.2038770175361675, 'fire_amp': 1.3548493046145347}.
[I 2026-06-10 20:20:47,787] Trial 18 finished with values: [10.833333332980382, 10.833333332980382] and parameters: {'k1': 0.0016873495104568939, 'D_low': 5554.169083020912, 'k2': 0.006083019192425824, 'D_high': 1906.5345519393518, 'fire_exp': 1.250767228649357, 'P_half': 288.4223471687845, 'pre_dampen_half': 891.8036602897795, 'gpp_af': 0.00501672247099786, 'gpp_b': 0.012881840401051753, 'gpp_d': 243.70551632385417, 'ign_k': 0.9184900818511543, 'ign_c': 61.38509947844848, 'trop_agb_crit': 10.90571569096499, 'trop_k_veg': 1.3546917410321284, 'fire_amp': 1.692227937675511}.
[I 2026-06-10 20:20:49,205] Trial 19 finished with values: [10.117395421979483, 10.117395421979483] and parameters: {'k1': 0.017276056747028225, 'D_low': 1739.6167422846984, 'k2': 0.02939607009739149, 'D_high': 44974.07193749848, 'fire_exp': 3.2459542834651627, 'P_half': 101.40635645866499, 'pre_dampen_half': 98.05638874011484, 'gpp_af': 1.7775411110039254, 'gpp_b': 0.16285506249643175, 'gpp_d': 95.2715755007094, 'ign_k': 3.6309591863459096, 'ign_c': 2.2489542843914485, 'trop_agb_crit': 3.5874145253515306, 'trop_k_veg': 0.6488368931910606, 'fire_amp': 2.818314238665462}.
[I 2026-06-10 20:20:50,640] Trial 20 finished with values: [10.833333332980382, 10.833333332980382] and parameters: {'k1': 1.392416289024867e-05, 'D_low': 72.8437126516689, 'k2': 0.001481080073036349, 'D_high': 140.01191914113753, 'fire_exp': 3.8979230431144027, 'P_half': 1.3243445838637977, 'pre_dampen_half': 0.015372374060846974, 'gpp_af': 12.971876440863593, 'gpp_b': 0.001449251800073137, 'gpp_d': 0.043181981126981975, 'ign_k': 0.12273630375458194, 'ign_c': 120.2193048491502, 'trop_agb_crit': 2.0835015454357144, 'trop_k_veg': 2.8119323832865257, 'fire_amp': 1.1652342369617454}.
[I 2026-06-10 20:20:51,989] Trial 21 finished with values: [10.833333332980382, 10.833333332980382] and parameters: {'k1': 1.6096330648219375e-05, 'D_low': 133.4807155996069, 'k2': 0.0014539199187561544, 'D_high': 3545.843846227985, 'fire_exp': 5.322201753534139, 'P_half': 8005.866020696464, 'pre_dampen_half': 3.815063241036454, 'gpp_af': 0.041189105896489775, 'gpp_b': 0.5903603324157484, 'gpp_d': 0.22602748689012583, 'ign_k': 0.057001421052469435, 'ign_c': 0.2059802236544963, 'trop_agb_crit': 1.0900492537293804, 'trop_k_veg': 7.21297117645184, 'fire_amp': 4.472176921013167}.
[I 2026-06-10 20:20:53,279] Trial 22 finished with values: [10.12243668077527, 10.12243668077527] and parameters: {'k1': 0.006079905434073396, 'D_low': 43.2326421037033, 'k2': 4.933751600448335e-05, 'D_high': 42.242359735170886, 'fire_exp': 1.7792742686803427, 'P_half': 157.3644610977214, 'pre_dampen_half': 37.40930273158252, 'gpp_af': 1.9998014714101113, 'gpp_b': 0.00047819318414852577, 'gpp_d': 594.7389794988394, 'ign_k': 0.8945150807271531, 'ign_c': 16.497426799845446, 'trop_agb_crit': 8.0091368834625, 'trop_k_veg': 1.6003641872536711, 'fire_amp': 1.5587346124822492}.
[I 2026-06-10 20:20:54,666] Trial 23 finished with values: [10.682738160728862, 10.682738160728862] and parameters: {'k1': 0.00026539376439360527, 'D_low': 1074.940539517341, 'k2': 1.1417577140741129e-05, 'D_high': 29.126651668813768, 'fire_exp': 1.111738490499784, 'P_half': 1.4551749476072258, 'pre_dampen_half': 189.36639872354493, 'gpp_af': 3.298293484806585, 'gpp_b': 0.006999112505425414, 'gpp_d': 0.030844007727232167, 'ign_k': 0.09256855841989636, 'ign_c': 7.832259769732471, 'trop_agb_crit': 1.8023542850487386, 'trop_k_veg': 1.6648666152166967, 'fire_amp': 2.042193818779288}.
[I 2026-06-10 20:20:56,287] Trial 24 finished with values: [10.825161787972643, 10.825161787972643] and parameters: {'k1': 0.0029067012153229104, 'D_low': 347.03605955441515, 'k2': 1.5178052094448868e-05, 'D_high': 315.101491238403, 'fire_exp': 4.225323019584208, 'P_half': 102.93072560417136, 'pre_dampen_half': 191.62369310763663, 'gpp_af': 1.9654778690222015, 'gpp_b': 9.497440085397415e-05, 'gpp_d': 0.02253428262837267, 'ign_k': 0.371259104528773, 'ign_c': 0.1276571787395169, 'trop_agb_crit': 7.332660227137139, 'trop_k_veg': 6.778288138489648, 'fire_amp': 2.804180410489304}.
[I 2026-06-10 20:20:57,720] Trial 25 finished with values: [10.833333332980382, 10.833333332980382] and parameters: {'k1': 0.00035700944411057794, 'D_low': 374.2423001985197, 'k2': 0.0006807874826564588, 'D_high': 1522.1840161091638, 'fire_exp': 8.739061764166133, 'P_half': 35.02761367842313, 'pre_dampen_half': 639.6653397497474, 'gpp_af': 33.63203991537027, 'gpp_b': 0.0001495363613262712, 'gpp_d': 0.022223195374893753, 'ign_k': 0.0025299503921303707, 'ign_c': 0.11827346017839091, 'trop_agb_crit': 1.3788077146542665, 'trop_k_veg': 3.321942481518088, 'fire_amp': 1.1360450031692337}.
[I 2026-06-10 20:20:59,382] Trial 26 finished with values: [10.672341690129599, 10.672341690129599] and parameters: {'k1': 0.0001887567630782227, 'D_low': 2396.0796124300746, 'k2': 1.2390468928182031e-05, 'D_high': 18108.14362107968, 'fire_exp': 1.9136159174067866, 'P_half': 2.969335773129636, 'pre_dampen_half': 30.456909077772018, 'gpp_af': 1.3954498518315706, 'gpp_b': 1.8400604093141188, 'gpp_d': 47.35384181058586, 'ign_k': 1.636529060071807, 'ign_c': 1.3431925993528124, 'trop_agb_crit': 1.8285200278523417, 'trop_k_veg': 4.0068236274914755, 'fire_amp': 4.2446263054164195}.
[I 2026-06-10 20:21:02,853] Trial 27 finished with values: [10.831758201449436, 10.831758201449436] and parameters: {'k1': 0.09162638829638212, 'D_low': 44.71679901231308, 'k2': 0.000307660926226903, 'D_high': 12754.159474033713, 'fire_exp': 2.191813210849194, 'P_half': 5284.809078673603, 'pre_dampen_half': 195.9132274597864, 'gpp_af': 0.13962723467364813, 'gpp_b': 0.32005631950316354, 'gpp_d': 59.253549386197555, 'ign_k': 0.002585207905676133, 'ign_c': 407.57883791361735, 'trop_agb_crit': 5.575951894884665, 'trop_k_veg': 4.94451790729735, 'fire_amp': 1.774381485395348}.
[I 2026-06-10 20:21:04,923] Trial 28 finished with values: [12.438366307155992, 12.438366307155992] and parameters: {'k1': 0.03820259936390116, 'D_low': 36.04182012888637, 'k2': 1.1049703024154134e-05, 'D_high': 41833.85682146036, 'fire_exp': 1.233919071594971, 'P_half': 18.93453091519153, 'pre_dampen_half': 562.7426550259207, 'gpp_af': 56.62858823465573, 'gpp_b': 0.027582100003239053, 'gpp_d': 14.427333163005196, 'ign_k': 0.06219881174029358, 'ign_c': 1.488823059798356, 'trop_agb_crit': 3.058280993112277, 'trop_k_veg': 3.226732148133099, 'fire_amp': 3.8500040010232275}.
[I 2026-06-10 20:21:06,229] Trial 29 finished with values: [10.828843082122098, 10.828843082122098] and parameters: {'k1': 0.014666151770108535, 'D_low': 1440.3650379563878, 'k2': 2.316457903103837e-05, 'D_high': 949.9072859745386, 'fire_exp': 1.14171776851287, 'P_half': 157.80309954142965, 'pre_dampen_half': 1.6130673726933187, 'gpp_af': 27.448645214004376, 'gpp_b': 0.0012749409641020352, 'gpp_d': 0.03848886303127135, 'ign_k': 0.0037322156377670697, 'ign_c': 111.18405953132105, 'trop_agb_crit': 8.188098178380693, 'trop_k_veg': 0.6618107836658104, 'fire_amp': 1.1626468420952578}.
[I 2026-06-10 20:21:07,475] Trial 30 finished with values: [10.833333332980382, 10.833333332980382] and parameters: {'k1': 0.006366144994552208, 'D_low': 1.9545735860656965, 'k2': 0.019383858782150494, 'D_high': 6682.9607218310075, 'fire_exp': 1.2060040899560858, 'P_half': 2.1844940007064118, 'pre_dampen_half': 857.4284557962634, 'gpp_af': 0.07436249946022384, 'gpp_b': 0.001674375583895437, 'gpp_d': 115.87715829876232, 'ign_k': 6.151688122361409, 'ign_c': 879.0311296857806, 'trop_agb_crit': 12.9667438075127, 'trop_k_veg': 1.4191610723668142, 'fire_amp': 1.161384931950548}.
[I 2026-06-10 20:21:08,683] Trial 31 finished with values: [10.785769562521907, 10.785769562521907] and parameters: {'k1': 0.012840669372724958, 'D_low': 171.2446447678494, 'k2': 0.0004976087827261435, 'D_high': 42210.21267871043, 'fire_exp': 1.2918065501148304, 'P_half': 93.43302657318476, 'pre_dampen_half': 0.011396414164620812, 'gpp_af': 0.2204465010099918, 'gpp_b': 2.176805640408474e-05, 'gpp_d': 0.03927259340973166, 'ign_k': 0.0029519227433917453, 'ign_c': 39.52220881906114, 'trop_agb_crit': 12.647327018493208, 'trop_k_veg': 2.520089655463604, 'fire_amp': 5.606809127618709}.
[I 2026-06-10 20:21:09,989] Trial 32 finished with values: [10.833333332980382, 10.833333332980382] and parameters: {'k1': 0.0003158510449922799, 'D_low': 13.894673469237208, 'k2': 0.029812370697208823, 'D_high': 78.41214856323661, 'fire_exp': 9.188032853819758, 'P_half': 1.1184534120760474, 'pre_dampen_half': 706.9588467653589, 'gpp_af': 0.0016436129702486315, 'gpp_b': 2.2225865515619923, 'gpp_d': 4.350163152436989, 'ign_k': 9.37258061358119, 'ign_c': 0.19732688444088908, 'trop_agb_crit': 6.578243352094135, 'trop_k_veg': 7.347279422728114, 'fire_amp': 2.55299075143036}.
[I 2026-06-10 20:21:11,289] Trial 33 finished with values: [10.833333332980382, 10.833333332980382] and parameters: {'k1': 0.0032930213963426706, 'D_low': 606.7290033535005, 'k2': 0.0006579066240690734, 'D_high': 3237.668055684036, 'fire_exp': 3.8398504643167155, 'P_half': 4023.759749324184, 'pre_dampen_half': 0.016874538403502292, 'gpp_af': 0.02539896080949815, 'gpp_b': 5.040445281577146, 'gpp_d': 282.69551568161273, 'ign_k': 0.06647020392311619, 'ign_c': 30.236421525614126, 'trop_agb_crit': 2.5687724869754125, 'trop_k_veg': 0.8423458720358215, 'fire_amp': 2.2952367745218125}.
[I 2026-06-10 20:21:13,060] Trial 34 finished with values: [10.833333332980382, 10.833333332980382] and parameters: {'k1': 0.00025906510073644534, 'D_low': 216.0849138979574, 'k2': 2.0461550877877853e-05, 'D_high': 78991.29442978687, 'fire_exp': 9.687478339838174, 'P_half': 620.3643835492843, 'pre_dampen_half': 4.79161407246161, 'gpp_af': 0.035288896780107666, 'gpp_b': 0.7634315752440779, 'gpp_d': 26.52502871774026, 'ign_k': 0.004471649524144921, 'ign_c': 440.25950197596967, 'trop_agb_crit': 16.405415880828006, 'trop_k_veg': 6.960542017679827, 'fire_amp': 3.6704519482929303}.
[I 2026-06-10 20:21:14,873] Trial 35 finished with values: [10.83276093972342, 10.83276093972342] and parameters: {'k1': 0.0028422402394344265, 'D_low': 47.09471197589547, 'k2': 0.053816312113049804, 'D_high': 29124.30416261908, 'fire_exp': 1.1097334326431894, 'P_half': 1.2748758606816126, 'pre_dampen_half': 0.7626351785803364, 'gpp_af': 11.291890392489357, 'gpp_b': 8.38796821093948, 'gpp_d': 0.05650468465378641, 'ign_k': 0.2379703566060643, 'ign_c': 3.3385926007093936, 'trop_agb_crit': 27.082027345327276, 'trop_k_veg': 5.163952365038207, 'fire_amp': 4.491035932123984}.
[I 2026-06-10 20:21:16,560] Trial 36 finished with values: [10.833333332980382, 10.833333332980382] and parameters: {'k1': 0.0007495017292334742, 'D_low': 45.63289369649655, 'k2': 0.00012405900331046135, 'D_high': 16.807456139662953, 'fire_exp': 7.323562230731984, 'P_half': 1784.8595056753172, 'pre_dampen_half': 996.7548704385249, 'gpp_af': 96.20201870331293, 'gpp_b': 0.02150751495803584, 'gpp_d': 69.97406045784113, 'ign_k': 6.0126084038369445, 'ign_c': 250.37419312288375, 'trop_agb_crit': 2.319333166217087, 'trop_k_veg': 1.7437298446064287, 'fire_amp': 1.2603917749547313}.
[I 2026-06-10 20:21:18,140] Trial 37 finished with values: [10.833333332980382, 10.833333332980382] and parameters: {'k1': 0.06549439112520007, 'D_low': 265.8878778692342, 'k2': 8.214312521999585e-05, 'D_high': 4861.863231847276, 'fire_exp': 4.150765902513497, 'P_half': 27.08013793478254, 'pre_dampen_half': 0.036964765973876636, 'gpp_af': 2.2796384735235136, 'gpp_b': 0.013238726356442897, 'gpp_d': 72.70963402444558, 'ign_k': 0.1204076289597327, 'ign_c': 256.2866600016351, 'trop_agb_crit': 6.534815375036722, 'trop_k_veg': 2.368135918039083, 'fire_amp': 4.810266046910081}.
[I 2026-06-10 20:21:19,824] Trial 38 finished with values: [10.833124598650313, 10.833124598650313] and parameters: {'k1': 0.0004110848435021229, 'D_low': 3.4360613844702605, 'k2': 1.303559038508507e-05, 'D_high': 10484.531351650956, 'fire_exp': 4.171666206835074, 'P_half': 655.1173063184817, 'pre_dampen_half': 0.11609694921678075, 'gpp_af': 0.004806814670008168, 'gpp_b': 1.2225538397552075e-05, 'gpp_d': 0.5661581898267355, 'ign_k': 0.22891315306837046, 'ign_c': 3.706603917411953, 'trop_agb_crit': 4.427958131171205, 'trop_k_veg': 6.133177812136482, 'fire_amp': 1.8663600389828578}.
[I 2026-06-10 20:21:21,598] Trial 39 finished with values: [10.833333332980382, 10.833333332980382] and parameters: {'k1': 0.0011375171592588656, 'D_low': 1363.3647183120063, 'k2': 0.0003856302813879373, 'D_high': 3078.554177831507, 'fire_exp': 7.283895538238777, 'P_half': 6281.776703992854, 'pre_dampen_half': 0.05437101051096082, 'gpp_af': 42.947523481442836, 'gpp_b': 0.008968044580295738, 'gpp_d': 0.19553384550454228, 'ign_k': 0.06863458703786214, 'ign_c': 832.0133621840175, 'trop_agb_crit': 5.341419125196561, 'trop_k_veg': 1.2440172074061366, 'fire_amp': 3.1108685960753526}.
[I 2026-06-10 20:21:23,300] Trial 40 finished with values: [10.815436484161498, 10.815436484161498] and parameters: {'k1': 9.132348475718357e-05, 'D_low': 2.011190979341456, 'k2': 3.277320296937061e-05, 'D_high': 32.52245757497283, 'fire_exp': 1.41873960828944, 'P_half': 3.591771421517613, 'pre_dampen_half': 16.009350908593582, 'gpp_af': 0.008117091133892173, 'gpp_b': 0.0011857788502887916, 'gpp_d': 304.7488318185732, 'ign_k': 0.07867677706257832, 'ign_c': 46.798394497739366, 'trop_agb_crit': 1.7969555911761859, 'trop_k_veg': 0.8521362768401355, 'fire_amp': 1.0759744651553196}.
[I 2026-06-10 20:21:24,809] Trial 41 finished with values: [10.785474424127312, 10.785474424127312] and parameters: {'k1': 4.739584301027366e-05, 'D_low': 13.012518385211498, 'k2': 5.105542986365652e-05, 'D_high': 22.636544662054543, 'fire_exp': 1.3201882743050743, 'P_half': 69.68111190775313, 'pre_dampen_half': 0.10756440816904224, 'gpp_af': 0.0662749342026412, 'gpp_b': 0.010483435442445016, 'gpp_d': 28.312234265202243, 'ign_k': 0.0014363112408604436, 'ign_c': 157.63098727399432, 'trop_agb_crit': 8.462233625364036, 'trop_k_veg': 0.6272168087516332, 'fire_amp': 4.783836175730692}.
[I 2026-06-10 20:21:26,411] Trial 42 finished with values: [10.829965327139343, 10.829965327139343] and parameters: {'k1': 0.048249142811802544, 'D_low': 1.7551403048208316, 'k2': 0.0001280886335404798, 'D_high': 16780.50857913099, 'fire_exp': 5.600924137982412, 'P_half': 5.4712187293420325, 'pre_dampen_half': 0.11136446029400991, 'gpp_af': 0.07118041471054574, 'gpp_b': 0.00807491410172472, 'gpp_d': 12.338826503601998, 'ign_k': 0.029898855088295265, 'ign_c': 7.081721844034206, 'trop_agb_crit': 12.708819454040446, 'trop_k_veg': 0.5535297685306277, 'fire_amp': 1.5719333351012774}.
[I 2026-06-10 20:21:28,065] Trial 43 finished with values: [10.83275018418749, 10.83275018418749] and parameters: {'k1': 0.0071350717305711155, 'D_low': 3809.1436474916286, 'k2': 0.0011135501184757278, 'D_high': 1344.1692037498817, 'fire_exp': 1.2798881300289222, 'P_half': 61.6097529474144, 'pre_dampen_half': 4.603480758878793, 'gpp_af': 0.016306190741524337, 'gpp_b': 0.0004125336560355494, 'gpp_d': 0.7698760608299932, 'ign_k': 0.0012030530850061366, 'ign_c': 1.9423015749984096, 'trop_agb_crit': 2.0527418919564324, 'trop_k_veg': 1.2396985988794134, 'fire_amp': 1.2393473789150806}.
[I 2026-06-10 20:21:30,059] Trial 44 finished with values: [10.810964998448606, 10.810964998448606] and parameters: {'k1': 0.03648456083047798, 'D_low': 236.79352040223893, 'k2': 0.005204862686958021, 'D_high': 14344.484793173491, 'fire_exp': 3.150954985759691, 'P_half': 2.226799690893868, 'pre_dampen_half': 4.847666216751353, 'gpp_af': 0.8594202650742228, 'gpp_b': 0.29691821779634864, 'gpp_d': 1.4397852866783676, 'ign_k': 0.0032383308053152635, 'ign_c': 1.364908766641693, 'trop_agb_crit': 3.438084743887884, 'trop_k_veg': 2.99731137426955, 'fire_amp': 2.7806853670293616}.
[I 2026-06-10 20:21:31,990] Trial 45 finished with values: [10.832832192417813, 10.832832192417813] and parameters: {'k1': 0.0002656971546588439, 'D_low': 8832.039346746853, 'k2': 0.0026491056409715568, 'D_high': 88.90110660871557, 'fire_exp': 1.264103030891254, 'P_half': 4.087300390305745, 'pre_dampen_half': 0.16974173693738634, 'gpp_af': 0.006359264168909611, 'gpp_b': 0.00013164432569139702, 'gpp_d': 0.26636419343091605, 'ign_k': 0.004937355303501836, 'ign_c': 386.4218705871767, 'trop_agb_crit': 1.3137567821944718, 'trop_k_veg': 2.1406449943451844, 'fire_amp': 2.0861753238216}.
[I 2026-06-10 20:21:33,792] Trial 46 finished with values: [10.833333332980382, 10.833333332980382] and parameters: {'k1': 0.08501870149611702, 'D_low': 2.8064390111242687, 'k2': 0.0003903214299767181, 'D_high': 75488.66292494025, 'fire_exp': 7.336807525366975, 'P_half': 1854.7624023999144, 'pre_dampen_half': 0.19476644406315288, 'gpp_af': 0.007152171783370562, 'gpp_b': 0.10276833480570731, 'gpp_d': 443.48603175335285, 'ign_k': 0.16867533138445365, 'ign_c': 19.339745640818926, 'trop_agb_crit': 2.5915707531396617, 'trop_k_veg': 4.222132144018709, 'fire_amp': 1.398132486106423}.
[I 2026-06-10 20:21:35,377] Trial 47 finished with values: [10.814883098831583, 10.814883098831583] and parameters: {'k1': 0.0001971137615017176, 'D_low': 50.32059347286801, 'k2': 0.0010726091927327822, 'D_high': 93.24787201197321, 'fire_exp': 1.3026772381867355, 'P_half': 277.00025557434554, 'pre_dampen_half': 0.2774295811500811, 'gpp_af': 0.8057329182285734, 'gpp_b': 8.436771591930808e-05, 'gpp_d': 2.5450745565416026, 'ign_k': 0.13500744867919376, 'ign_c': 0.1611736893633666, 'trop_agb_crit': 3.1419938725278875, 'trop_k_veg': 0.7258074184598352, 'fire_amp': 1.1202509284327942}.
[I 2026-06-10 20:21:37,266] Trial 48 finished with values: [10.833333332980382, 10.833333332980382] and parameters: {'k1': 0.09116768553735347, 'D_low': 19.4722160661573, 'k2': 0.01735792403594532, 'D_high': 104.36686039715201, 'fire_exp': 4.802890907553957, 'P_half': 1098.7817552608317, 'pre_dampen_half': 9.510288748158525, 'gpp_af': 0.2279717025964085, 'gpp_b': 0.002958322283747583, 'gpp_d': 0.5550617910625242, 'ign_k': 5.225364338164352, 'ign_c': 210.12495389257987, 'trop_agb_crit': 26.63555564981069, 'trop_k_veg': 0.7057303178458376, 'fire_amp': 3.704464520589193}.
