[I 2026-06-10 19:29:36,594] Trial 407 finished with values: [10.235969623048508, 10.235969623048508] and parameters: {'k1': 0.0032360993995751053, 'D_low': 1.605843632310088, 'k2': 2.316457903103837e-05, 'D_high': 24.9899605789089, 'fire_exp': 1.233919071594971, 'P_half': 774.5825831079144, 'pre_dampen_half': 189.88136301569827, 'gpp_af': 14.161176080022173, 'gpp_b': 0.0012749409641020352, 'gpp_d': 14.427333163005196, 'ign_k': 0.00660597889201953, 'ign_c': 1.4879588507789996, 'trop_agb_crit': 3.058280993112277, 'trop_k_veg': 5.636143940068465, 'fire_amp': 5.831305332032283}.
[I 2026-06-10 19:29:37,953] Trial 408 finished with values: [10.771131303985873, 10.771131303985873] and parameters: {'k1': 5.7909642338812115e-05, 'D_low': 236.79352040223893, 'k2': 0.003767022142229395, 'D_high': 6682.9607218310075, 'fire_exp': 1.7505406131449859, 'P_half': 78.13392238162733, 'pre_dampen_half': 0.025594692142876057, 'gpp_af': 1.8730788990929563, 'gpp_b': 0.002416023630607169, 'gpp_d': 21.899070557043984, 'ign_k': 0.0029519227433917453, 'ign_c': 1.364908766641693, 'trop_agb_crit': 1.0189592979395135, 'trop_k_veg': 2.520089655463604, 'fire_amp': 4.19233232783727}.
[I 2026-06-10 19:29:39,348] Trial 409 finished with values: [10.114813111494927, 10.114813111494927] and parameters: {'k1': 5.7909642338812115e-05, 'D_low': 50.32059347286801, 'k2': 0.005204862686958021, 'D_high': 42210.21267871043, 'fire_exp': 1.111738490499784, 'P_half': 996.7983879709292, 'pre_dampen_half': 189.36639872354493, 'gpp_af': 1.9998014714101113, 'gpp_b': 0.002416023630607169, 'gpp_d': 1.4397852866783676, 'ign_k': 0.13500744867919376, 'ign_c': 2.2882309479728957, 'trop_agb_crit': 8.0091368834625, 'trop_k_veg': 5.453348988480011, 'fire_amp': 5.44779717154213}.
[I 2026-06-10 19:29:40,783] Trial 410 finished with values: [10.660862238904599, 10.660862238904599] and parameters: {'k1': 0.012840669372724958, 'D_low': 1.4002277211577039, 'k2': 0.0004976087827261435, 'D_high': 1817.0401889219124, 'fire_exp': 1.6901885781909627, 'P_half': 2.226799690893868, 'pre_dampen_half': 4.847666216751353, 'gpp_af': 0.07302012718529301, 'gpp_b': 1.1008110571039521e-05, 'gpp_d': 0.1619054449471649, 'ign_k': 0.0032383308053152635, 'ign_c': 1.364908766641693, 'trop_agb_crit': 1.8023542850487386, 'trop_k_veg': 5.453348988480011, 'fire_amp': 2.7806853670293616}.
[I 2026-06-10 19:29:42,106] Trial 411 finished with values: [-0.38596292183133674, 0.9798258775954853] and parameters: {'k1': 0.03648456083047798, 'D_low': 1.605843632310088, 'k2': 2.316457903103837e-05, 'D_high': 24.9899605789089, 'fire_exp': 1.1490848108902036, 'P_half': 61.6097529474144, 'pre_dampen_half': 189.88136301569827, 'gpp_af': 14.161176080022173, 'gpp_b': 0.0012749409641020352, 'gpp_d': 1.4397852866783676, 'ign_k': 0.00660597889201953, 'ign_c': 0.9736725715035878, 'trop_agb_crit': 3.058280993112277, 'trop_k_veg': 2.99731137426955, 'fire_amp': 5.831305332032283}.
[I 2026-06-10 19:29:43,419] Trial 412 finished with values: [10.824522308925008, 10.824522308925008] and parameters: {'k1': 5.7909642338812115e-05, 'D_low': 4.346890702031289, 'k2': 0.0001280886335404798, 'D_high': 41833.85682146036, 'fire_exp': 1.111738490499784, 'P_half': 5.4712187293420325, 'pre_dampen_half': 189.36639872354493, 'gpp_af': 1.9998014714101113, 'gpp_b': 0.00013164432569139702, 'gpp_d': 0.26636419343091605, 'ign_k': 0.03845635122720663, 'ign_c': 2.2882309479728957, 'trop_agb_crit': 1.2489332852689512, 'trop_k_veg': 5.453348988480011, 'fire_amp': 4.472176921013167}.
[I 2026-06-10 19:29:44,797] Trial 413 finished with values: [10.013230184069947, 10.013230184069947] and parameters: {'k1': 0.030699709531122967, 'D_low': 43.2326421037033, 'k2': 7.531057256501231e-05, 'D_high': 1817.0401889219124, 'fire_exp': 1.264103030891254, 'P_half': 5.4712187293420325, 'pre_dampen_half': 42.05657072871069, 'gpp_af': 3.298293484806585, 'gpp_b': 0.00013164432569139702, 'gpp_d': 1.0088237648985734, 'ign_k': 0.03845635122720663, 'ign_c': 7.832259769732471, 'trop_agb_crit': 2.1989086830950257, 'trop_k_veg': 2.1406449943451844, 'fire_amp': 3.890668402773863}.
[I 2026-06-10 19:29:46,214] Trial 414 finished with values: [10.469772941714593, 10.469772941714593] and parameters: {'k1': 5.7909642338812115e-05, 'D_low': 2186.356344942016, 'k2': 1.1417577140741129e-05, 'D_high': 41833.85682146036, 'fire_exp': 1.264103030891254, 'P_half': 1.4551749476072258, 'pre_dampen_half': 189.36639872354493, 'gpp_af': 3.030008727251782, 'gpp_b': 0.006999112505425414, 'gpp_d': 1.0088237648985734, 'ign_k': 0.09256855841989636, 'ign_c': 7.832259769732471, 'trop_agb_crit': 1.8023542850487386, 'trop_k_veg': 5.453348988480011, 'fire_amp': 2.042193818779288}.
[I 2026-06-10 19:29:47,627] Trial 415 finished with values: [-0.378727997552792, 0.9881028345810061] and parameters: {'k1': 0.03820259936390116, 'D_low': 5.08290658294838, 'k2': 0.02065142557895925, 'D_high': 48235.58283024493, 'fire_exp': 1.7505406131449859, 'P_half': 18.93453091519153, 'pre_dampen_half': 9.044346216330972, 'gpp_af': 56.62858823465573, 'gpp_b': 2.800940363375676e-05, 'gpp_d': 14.427333163005196, 'ign_k': 0.06219881174029358, 'ign_c': 1.488823059798356, 'trop_agb_crit': 1.0189592979395135, 'trop_k_veg': 6.825463866194253, 'fire_amp': 2.6192385880432525}.
[I 2026-06-10 19:29:49,031] Trial 416 finished with values: [10.212513297326062, 10.212513297326062] and parameters: {'k1': 0.08006837661379566, 'D_low': 16.480446427978972, 'k2': 0.0001280886335404798, 'D_high': 48235.58283024493, 'fire_exp': 1.811096651915224, 'P_half': 118.94665366442581, 'pre_dampen_half': 9.044346216330972, 'gpp_af': 10.25616274847308, 'gpp_b': 0.0015782327810795573, 'gpp_d': 0.4742269251269962, 'ign_k': 0.9419612235978201, 'ign_c': 2.226297338331262, 'trop_agb_crit': 2.100813292597435, 'trop_k_veg': 0.828441460847982, 'fire_amp': 2.6192385880432525}.
[I 2026-06-10 19:29:50,374] Trial 417 finished with values: [11.060144910614257, 11.060144910614257] and parameters: {'k1': 9.293516267059069e-05, 'D_low': 133.4807155996069, 'k2': 0.018467059900514494, 'D_high': 18108.14362107968, 'fire_exp': 1.6901885781909627, 'P_half': 157.3644610977214, 'pre_dampen_half': 269.0845367054866, 'gpp_af': 0.07302012718529301, 'gpp_b': 1.1008110571039521e-05, 'gpp_d': 525.1661172395181, 'ign_k': 3.965503094323014, 'ign_c': 1.3431925993528124, 'trop_agb_crit': 1.2489332852689512, 'trop_k_veg': 2.99731137426955, 'fire_amp': 4.472176921013167}.
[I 2026-06-10 19:29:51,756] Trial 418 finished with values: [10.41460125904829, 10.41460125904829] and parameters: {'k1': 0.0032360993995751053, 'D_low': 1.605843632310088, 'k2': 2.316457903103837e-05, 'D_high': 41833.85682146036, 'fire_exp': 1.264103030891254, 'P_half': 5.4712187293420325, 'pre_dampen_half': 9.044346216330972, 'gpp_af': 56.62858823465573, 'gpp_b': 0.00013164432569139702, 'gpp_d': 0.26636419343091605, 'ign_k': 0.00660597889201953, 'ign_c': 1.4879588507789996, 'trop_agb_crit': 3.058280993112277, 'trop_k_veg': 6.825463866194253, 'fire_amp': 4.1162797330133705}.
[I 2026-06-10 19:29:53,304] Trial 419 finished with values: [-0.6246277942871541, 0.4850298293209153] and parameters: {'k1': 5.7909642338812115e-05, 'D_low': 2186.356344942016, 'k2': 0.02065142557895925, 'D_high': 1266.9536563782303, 'fire_exp': 1.111738490499784, 'P_half': 12.262543158860007, 'pre_dampen_half': 189.36639872354493, 'gpp_af': 3.030008727251782, 'gpp_b': 0.002416023630607169, 'gpp_d': 1.0088237648985734, 'ign_k': 0.09256855841989636, 'ign_c': 2.2882309479728957, 'trop_agb_crit': 8.0091368834625, 'trop_k_veg': 3.1055119128084763, 'fire_amp': 4.472176921013167}.
[I 2026-06-10 19:29:54,723] Trial 420 finished with values: [10.650530450682888, 10.650530450682888] and parameters: {'k1': 0.00026539376439360527, 'D_low': 133.4807155996069, 'k2': 0.003767022142229395, 'D_high': 267.3088310781672, 'fire_exp': 1.111738490499784, 'P_half': 774.5825831079144, 'pre_dampen_half': 189.36639872354493, 'gpp_af': 0.3097266550170567, 'gpp_b': 0.5903603324157484, 'gpp_d': 1.0088237648985734, 'ign_k': 0.09256855841989636, 'ign_c': 2.2882309479728957, 'trop_agb_crit': 21.086120736447015, 'trop_k_veg': 5.453348988480011, 'fire_amp': 4.472176921013167}.
[I 2026-06-10 19:29:56,104] Trial 421 finished with values: [10.100442569752039, 10.100442569752039] and parameters: {'k1': 0.0001887567630782227, 'D_low': 37.13474360443033, 'k2': 0.0001280886335404798, 'D_high': 18108.14362107968, 'fire_exp': 1.264103030891254, 'P_half': 1.4551749476072258, 'pre_dampen_half': 42.05657072871069, 'gpp_af': 5.470750401264765, 'gpp_b': 0.006999112505425414, 'gpp_d': 1.0088237648985734, 'ign_k': 0.09256855841989636, 'ign_c': 1.3431925993528124, 'trop_agb_crit': 6.351751286408562, 'trop_k_veg': 4.0068236274914755, 'fire_amp': 5.44779717154213}.
[I 2026-06-10 19:29:57,493] Trial 422 finished with values: [10.83333333328067, 10.83333333328067] and parameters: {'k1': 0.0869690639641868, 'D_low': 24.28756508761176, 'k2': 1.1417577140741129e-05, 'D_high': 6682.9607218310075, 'fire_exp': 1.2060040899560858, 'P_half': 2.226799690893868, 'pre_dampen_half': 189.36639872354493, 'gpp_af': 56.62858823465573, 'gpp_b': 0.001674375583895437, 'gpp_d': 5.981605330890935, 'ign_k': 1.6270983114897255, 'ign_c': 75.30210437963517, 'trop_agb_crit': 6.351751286408562, 'trop_k_veg': 2.520089655463604, 'fire_amp': 1.505817508996859}.
[I 2026-06-10 19:29:58,868] Trial 423 finished with values: [10.573178487796035, 10.573178487796035] and parameters: {'k1': 0.03820259936390116, 'D_low': 43.2326421037033, 'k2': 0.0007731571570012607, 'D_high': 55.22071973135807, 'fire_exp': 1.7505406131449859, 'P_half': 2.226799690893868, 'pre_dampen_half': 958.6709783968975, 'gpp_af': 0.8594202650742228, 'gpp_b': 0.001674375583895437, 'gpp_d': 76.38081075786287, 'ign_k': 0.8945150807271531, 'ign_c': 7.832259769732471, 'trop_agb_crit': 21.086120736447015, 'trop_k_veg': 5.453348988480011, 'fire_amp': 5.44779717154213}.
[I 2026-06-10 19:30:00,501] Trial 424 finished with values: [10.502661960492311, 10.502661960492311] and parameters: {'k1': 0.03820259936390116, 'D_low': 2267.735223551285, 'k2': 0.07928164425547335, 'D_high': 32311.521854410956, 'fire_exp': 1.6901885781909627, 'P_half': 399.3031584056686, 'pre_dampen_half': 9.044346216330972, 'gpp_af': 56.62858823465573, 'gpp_b': 1.1008110571039521e-05, 'gpp_d': 525.1661172395181, 'ign_k': 0.06219881174029358, 'ign_c': 1.488823059798356, 'trop_agb_crit': 1.9712803620877688, 'trop_k_veg': 2.99731137426955, 'fire_amp': 4.472176921013167}.
[I 2026-06-10 19:30:01,972] Trial 425 finished with values: [10.069940283458273, 10.069940283458273] and parameters: {'k1': 0.00026539376439360527, 'D_low': 133.4807155996069, 'k2': 0.0014539199187561544, 'D_high': 48235.58283024493, 'fire_exp': 1.111738490499784, 'P_half': 774.5825831079144, 'pre_dampen_half': 38.00678588560607, 'gpp_af': 2.5184956910855436, 'gpp_b': 0.002416023630607169, 'gpp_d': 1.0088237648985734, 'ign_k': 0.09256855841989636, 'ign_c': 2.2882309479728957, 'trop_agb_crit': 21.086120736447015, 'trop_k_veg': 0.6108091740265464, 'fire_amp': 4.19233232783727}.
[I 2026-06-10 19:30:03,416] Trial 426 finished with values: [10.746626397393634, 10.746626397393634] and parameters: {'k1': 0.012840669372724958, 'D_low': 171.2446447678494, 'k2': 0.0004976087827261435, 'D_high': 42210.21267871043, 'fire_exp': 1.1633452995374232, 'P_half': 996.7983879709292, 'pre_dampen_half': 1.8469033699850426, 'gpp_af': 0.2204465010099918, 'gpp_b': 0.00036184510553922684, 'gpp_d': 1.4397852866783676, 'ign_k': 0.13500744867919376, 'ign_c': 39.52220881906114, 'trop_agb_crit': 3.1419938725278875, 'trop_k_veg': 0.5443513380244235, 'fire_amp': 5.606809127618709}.
[I 2026-06-10 19:30:04,806] Trial 427 finished with values: [13.633324792476262, 13.633324792476262] and parameters: {'k1': 0.0869690639641868, 'D_low': 50.32059347286801, 'k2': 0.0001280886335404798, 'D_high': 41833.85682146036, 'fire_exp': 1.264103030891254, 'P_half': 5.4712187293420325, 'pre_dampen_half': 189.36639872354493, 'gpp_af': 0.07302012718529301, 'gpp_b': 1.1008110571039521e-05, 'gpp_d': 0.26636419343091605, 'ign_k': 0.010733257635049785, 'ign_c': 7.081721844034206, 'trop_agb_crit': 21.086120736447015, 'trop_k_veg': 6.825463866194253, 'fire_amp': 5.615047466686494}.
[I 2026-06-10 19:30:06,155] Trial 428 finished with values: [10.112533489014274, 10.112533489014274] and parameters: {'k1': 0.00026539376439360527, 'D_low': 133.4807155996069, 'k2': 0.0014539199187561544, 'D_high': 708.7479683081002, 'fire_exp': 1.111738490499784, 'P_half': 1.4551749476072258, 'pre_dampen_half': 189.36639872354493, 'gpp_af': 3.298293484806585, 'gpp_b': 0.5903603324157484, 'gpp_d': 525.1661172395181, 'ign_k': 0.057001421052469435, 'ign_c': 7.832259769732471, 'trop_agb_crit': 1.0900492537293804, 'trop_k_veg': 1.6648666152166967, 'fire_amp': 4.472176921013167}.
[I 2026-06-10 19:30:07,562] Trial 429 finished with values: [10.754885678821696, 10.754885678821696] and parameters: {'k1': 0.00026539376439360527, 'D_low': 171.2446447678494, 'k2': 0.02065142557895925, 'D_high': 267.3088310781672, 'fire_exp': 1.7505406131449859, 'P_half': 18.93453091519153, 'pre_dampen_half': 189.36639872354493, 'gpp_af': 21.94636142065287, 'gpp_b': 0.0004360709560327289, 'gpp_d': 21.899070557043984, 'ign_k': 0.0029519227433917453, 'ign_c': 16.497426799845446, 'trop_agb_crit': 21.086120736447015, 'trop_k_veg': 1.6003641872536711, 'fire_amp': 4.19233232783727}.
[I 2026-06-10 19:30:08,989] Trial 430 finished with values: [10.341823670546312, 10.341823670546312] and parameters: {'k1': 0.012840669372724958, 'D_low': 236.79352040223893, 'k2': 0.005204862686958021, 'D_high': 20103.283734409175, 'fire_exp': 1.264103030891254, 'P_half': 2.226799690893868, 'pre_dampen_half': 9.044346216330972, 'gpp_af': 0.004409093791567215, 'gpp_b': 0.001674375583895437, 'gpp_d': 1.4397852866783676, 'ign_k': 0.8103567967717594, 'ign_c': 0.773448215664679, 'trop_agb_crit': 8.639792249596399, 'trop_k_veg': 3.9199250904984653, 'fire_amp': 2.6192385880432525}.
[I 2026-06-10 19:30:10,418] Trial 431 finished with values: [10.20939454132548, 10.20939454132548] and parameters: {'k1': 2.570626095678496e-05, 'D_low': 16.480446427978972, 'k2': 0.02065142557895925, 'D_high': 1817.0401889219124, 'fire_exp': 1.111738490499784, 'P_half': 157.80309954142965, 'pre_dampen_half': 189.36639872354493, 'gpp_af': 1.9706963379095486, 'gpp_b': 0.006999112505425414, 'gpp_d': 1.3411170141333262, 'ign_k': 0.8945150807271531, 'ign_c': 7.832259769732471, 'trop_agb_crit': 2.100813292597435, 'trop_k_veg': 1.6003641872536711, 'fire_amp': 5.44779717154213}.
[I 2026-06-10 19:30:11,810] Trial 432 finished with values: [-0.3548047515487694, 0.985841659271538] and parameters: {'k1': 0.0009898117700885534, 'D_low': 1.4002277211577039, 'k2': 0.02065142557895925, 'D_high': 42210.21267871043, 'fire_exp': 1.111738490499784, 'P_half': 12.262543158860007, 'pre_dampen_half': 189.36639872354493, 'gpp_af': 1.9998014714101113, 'gpp_b': 1.4008921101492135e-05, 'gpp_d': 1.0088237648985734, 'ign_k': 0.00840038491455979, 'ign_c': 2.2882309479728957, 'trop_agb_crit': 8.0091368834625, 'trop_k_veg': 1.6648666152166967, 'fire_amp': 1.5719333351012774}.
[I 2026-06-10 19:30:13,192] Trial 433 finished with values: [11.42680826314389, 11.42680826314389] and parameters: {'k1': 0.03648456083047798, 'D_low': 1.7551403048208316, 'k2': 0.00024195799118138832, 'D_high': 20103.283734409175, 'fire_exp': 1.2060040899560858, 'P_half': 5.4712187293420325, 'pre_dampen_half': 121.93011993958949, 'gpp_af': 0.07302012718529301, 'gpp_b': 0.0015782327810795573, 'gpp_d': 0.47379914349407487, 'ign_k': 0.9419612235978201, 'ign_c': 7.081721844034206, 'trop_agb_crit': 2.100813292597435, 'trop_k_veg': 0.7808079158649266, 'fire_amp': 2.7806853670293616}.
[I 2026-06-10 19:30:14,819] Trial 434 finished with values: [10.790989529170886, 10.790989529170886] and parameters: {'k1': 9.293516267059069e-05, 'D_low': 133.4807155996069, 'k2': 0.02065142557895925, 'D_high': 24.9899605789089, 'fire_exp': 1.6901885781909627, 'P_half': 774.5825831079144, 'pre_dampen_half': 857.6556763881457, 'gpp_af': 0.07302012718529301, 'gpp_b': 1.1008110571039521e-05, 'gpp_d': 14.427333163005196, 'ign_k': 0.0032383308053152635, 'ign_c': 1.4879588507789996, 'trop_agb_crit': 3.058280993112277, 'trop_k_veg': 5.636143940068465, 'fire_amp': 4.472176921013167}.
[I 2026-06-10 19:30:16,207] Trial 435 finished with values: [10.610452577305821, 10.610452577305821] and parameters: {'k1': 0.0001887567630782227, 'D_low': 30.489833442275348, 'k2': 0.018467059900514494, 'D_high': 18108.14362107968, 'fire_exp': 1.111738490499784, 'P_half': 8924.795116437426, 'pre_dampen_half': 189.36639872354493, 'gpp_af': 5.470750401264765, 'gpp_b': 0.049565458633074926, 'gpp_d': 525.1661172395181, 'ign_k': 0.8945150807271531, 'ign_c': 1.3431925993528124, 'trop_agb_crit': 6.351751286408562, 'trop_k_veg': 1.6003641872536711, 'fire_amp': 3.0602124456299986}.
[I 2026-06-10 19:30:17,644] Trial 436 finished with values: [10.204135530776783, 10.204135530776783] and parameters: {'k1': 5.7909642338812115e-05, 'D_low': 13.012518385211498, 'k2': 0.0001280886335404798, 'D_high': 42210.21267871043, 'fire_exp': 1.111738490499784, 'P_half': 157.3644610977214, 'pre_dampen_half': 189.36639872354493, 'gpp_af': 0.07118041471054574, 'gpp_b': 1.4008921101492135e-05, 'gpp_d': 0.1619054449471649, 'ign_k': 0.00840038491455979, 'ign_c': 7.081721844034206, 'trop_agb_crit': 2.0527418919564324, 'trop_k_veg': 1.6648666152166967, 'fire_amp': 1.5719333351012774}.
[I 2026-06-10 19:30:19,030] Trial 437 finished with values: [10.882611187759615, 10.882611187759615] and parameters: {'k1': 0.012840669372724958, 'D_low': 50.32059347286801, 'k2': 0.0001280886335404798, 'D_high': 41833.85682146036, 'fire_exp': 1.264103030891254, 'P_half': 1.4551749476072258, 'pre_dampen_half': 121.93011993958949, 'gpp_af': 0.004409093791567215, 'gpp_b': 0.0015782327810795573, 'gpp_d': 1.0088237648985734, 'ign_k': 0.09256855841989636, 'ign_c': 7.832259769732471, 'trop_agb_crit': 1.2489332852689512, 'trop_k_veg': 5.453348988480011, 'fire_amp': 5.44779717154213}.
[I 2026-06-10 19:30:20,401] Trial 438 finished with values: [10.126533833860865, 10.126533833860865] and parameters: {'k1': 0.03820259936390116, 'D_low': 12.105387404469584, 'k2': 1.1417577140741129e-05, 'D_high': 431.45617043093523, 'fire_exp': 1.14171776851287, 'P_half': 157.80309954142965, 'pre_dampen_half': 9.044346216330972, 'gpp_af': 3.298293484806585, 'gpp_b': 0.00013164432569139702, 'gpp_d': 46.010874324515754, 'ign_k': 0.09256855841989636, 'ign_c': 0.773448215664679, 'trop_agb_crit': 6.351751286408562, 'trop_k_veg': 2.520089655463604, 'fire_amp': 3.890668402773863}.
[I 2026-06-10 19:30:21,803] Trial 439 finished with values: [10.233003113981756, 10.233003113981756] and parameters: {'k1': 0.03820259936390116, 'D_low': 5.08290658294838, 'k2': 0.02065142557895925, 'D_high': 20103.283734409175, 'fire_exp': 1.7505406131449859, 'P_half': 18.93453091519153, 'pre_dampen_half': 121.93011993958949, 'gpp_af': 0.004409093791567215, 'gpp_b': 0.0015782327810795573, 'gpp_d': 14.427333163005196, 'ign_k': 0.06219881174029358, 'ign_c': 1.488823059798356, 'trop_agb_crit': 2.100813292597435, 'trop_k_veg': 0.5588127200017643, 'fire_amp': 2.6192385880432525}.
[I 2026-06-10 19:30:23,176] Trial 440 finished with values: [-0.4161972108322318, 0.9721181943376832] and parameters: {'k1': 0.03820259936390116, 'D_low': 1.605843632310088, 'k2': 0.02065142557895925, 'D_high': 48235.58283024493, 'fire_exp': 1.9095652801045373, 'P_half': 96.70857606743157, 'pre_dampen_half': 9.044346216330972, 'gpp_af': 21.635028947225102, 'gpp_b': 2.800940363375676e-05, 'gpp_d': 14.427333163005196, 'ign_k': 1.6270983114897255, 'ign_c': 1.488823059798356, 'trop_agb_crit': 1.0189592979395135, 'trop_k_veg': 4.796046723963646, 'fire_amp': 2.6192385880432525}.
[I 2026-06-10 19:30:24,617] Trial 441 finished with values: [11.467970336999159, 11.467970336999159] and parameters: {'k1': 0.0020639617012599225, 'D_low': 13.012518385211498, 'k2': 0.0007731571570012607, 'D_high': 1817.0401889219124, 'fire_exp': 1.111738490499784, 'P_half': 1.4551749476072258, 'pre_dampen_half': 189.36639872354493, 'gpp_af': 1.9998014714101113, 'gpp_b': 0.002416023630607169, 'gpp_d': 7.631016235941559, 'ign_k': 0.09256855841989636, 'ign_c': 2.2882309479728957, 'trop_agb_crit': 8.0091368834625, 'trop_k_veg': 5.453348988480011, 'fire_amp': 4.472176921013167}.
[I 2026-06-10 19:30:26,039] Trial 442 finished with values: [10.154500243163508, 10.154500243163508] and parameters: {'k1': 0.03820259936390116, 'D_low': 1.605843632310088, 'k2': 2.316457903103837e-05, 'D_high': 48235.58283024493, 'fire_exp': 1.233919071594971, 'P_half': 774.5825831079144, 'pre_dampen_half': 9.044346216330972, 'gpp_af': 56.62858823465573, 'gpp_b': 2.800940363375676e-05, 'gpp_d': 14.427333163005196, 'ign_k': 0.05681482545113266, 'ign_c': 1.4879588507789996, 'trop_agb_crit': 3.058280993112277, 'trop_k_veg': 4.796046723963646, 'fire_amp': 5.831305332032283}.
[I 2026-06-10 19:30:27,388] Trial 443 finished with values: [10.792973028365216, 10.792973028365216] and parameters: {'k1': 0.03648456083047798, 'D_low': 50.32059347286801, 'k2': 0.005204862686958021, 'D_high': 42210.21267871043, 'fire_exp': 1.2344878997299724, 'P_half': 996.7983879709292, 'pre_dampen_half': 1.8469033699850426, 'gpp_af': 5.470750401264765, 'gpp_b': 0.22467045378719658, 'gpp_d': 1.4397852866783676, 'ign_k': 3.965503094323014, 'ign_c': 1.9423015749984096, 'trop_agb_crit': 3.1419938725278875, 'trop_k_veg': 2.520089655463604, 'fire_amp': 1.2393473789150806}.
