[I 2026-08-19 17:46:32,964] Trial 1652 finished with value: 0.4607843739430558 and parameters: {'k1': 0.011145213311730516, 'D_low': 1.722835816486798, 'k2': 0.05072128106252594, 'D_high': 5511487.172706011, 'fire_exp': 6.874604584899757, 'P_half': 2.346749826502287, 'pre_dampen_half': 2.5794160231508787, 'gpp_af': 1.5684600127132582, 'gpp_b': 3.785986700747338e-05, 'gpp_d': 9.255752694829793, 'ign_k': 0.20065726879949558, 'ign_c': 4.583770568263804, 'trop_agb_crit': 6.024438143735508, 'trop_k_veg': 3.1532783959570163, 'pop_amp': 0.012340529933479194, 'pop_peak': 0.6367296022613814, 'pop_sig': 1.267030707332044, 'fuel_k': 0.14154061250335143, 'fuel_half': 4.171331102922465}. Best is trial 1622 with value: -0.6125870653324885.
[I 2026-08-19 17:46:35,091] Trial 1653 finished with value: 0.42970573765379716 and parameters: {'k1': 0.0016910488906894895, 'D_low': 105.4574023806268, 'k2': 0.007414947096925105, 'D_high': 5706922.661751892, 'fire_exp': 2.591894851909186, 'P_half': 25.30941247827718, 'pre_dampen_half': 68.86685292380494, 'gpp_af': 0.004602259392127668, 'gpp_b': 1.3960514829826531e-05, 'gpp_d': 271.3462704681084, 'ign_k': 0.010413685963804984, 'ign_c': 11.41372390989397, 'trop_agb_crit': 26.55883752161626, 'trop_k_veg': 1.6142239984959428, 'pop_amp': 0.011560228808169017, 'pop_peak': 0.12727292071606958, 'pop_sig': 0.3458753450223672, 'fuel_k': 2.1334124589547416, 'fuel_half': 0.29411849163544207}. Best is trial 1622 with value: -0.6125870653324885.
[I 2026-08-19 17:46:37,181] Trial 1654 finished with value: 0.5821953228314769 and parameters: {'k1': 0.039534530538294, 'D_low': 3.88915633258773, 'k2': 0.002306155401030682, 'D_high': 4862336.912597859, 'fire_exp': 4.905001318719339, 'P_half': 2.9000740827401428, 'pre_dampen_half': 8.591968164609371, 'gpp_af': 0.2514821695340908, 'gpp_b': 0.00975097964838603, 'gpp_d': 157.4953795850895, 'ign_k': 0.010583281183543023, 'ign_c': 70.45962666558816, 'trop_agb_crit': 15.530252617534181, 'trop_k_veg': 2.6257346340806538, 'pop_amp': 0.0026910903505378897, 'pop_peak': 0.13650162713747752, 'pop_sig': 0.8818003974959935, 'fuel_k': 0.5653363154063338, 'fuel_half': 7.104391129669805}. Best is trial 1622 with value: -0.6125870653324885.
[I 2026-08-19 17:46:39,347] Trial 1655 finished with value: 0.5210108356289866 and parameters: {'k1': 0.008936542808131685, 'D_low': 355.50897815308895, 'k2': 0.0011156505043930045, 'D_high': 560388.593204153, 'fire_exp': 1.359318530543351, 'P_half': 107.44219151941624, 'pre_dampen_half': 0.6575521473537547, 'gpp_af': 5.981555065687314, 'gpp_b': 3.6477647369557615e-05, 'gpp_d': 30.942090444106164, 'ign_k': 0.7642439400339728, 'ign_c': 0.11896682807154624, 'trop_agb_crit': 7.488243474087383, 'trop_k_veg': 2.1786751574832692, 'pop_amp': 8.261732564103047, 'pop_peak': 2.9669655452178896, 'pop_sig': 0.3273179492621826, 'fuel_k': 0.03137358069442218, 'fuel_half': 0.35692283643492034}. Best is trial 1622 with value: -0.6125870653324885.
[I 2026-08-19 17:46:41,412] Trial 1656 finished with value: 0.5816830801938122 and parameters: {'k1': 0.016502024388312986, 'D_low': 5.493914797136229, 'k2': 0.005736144540472758, 'D_high': 5874577.873932533, 'fire_exp': 2.075561443502032, 'P_half': 1.9541154242437822, 'pre_dampen_half': 0.8739049033207996, 'gpp_af': 27.5238042190468, 'gpp_b': 0.010500323437356018, 'gpp_d': 42.846780514376135, 'ign_k': 0.15913643741357988, 'ign_c': 37.249576253933995, 'trop_agb_crit': 18.441842266665898, 'trop_k_veg': 1.5146388165741629, 'pop_amp': 0.06254733470471048, 'pop_peak': 0.07506624004269594, 'pop_sig': 1.1879703244556081, 'fuel_k': 0.04027558631612456, 'fuel_half': 1.748560281002776}. Best is trial 1622 with value: -0.6125870653324885.
[I 2026-08-19 17:46:43,433] Trial 1657 finished with value: 0.6072602081299565 and parameters: {'k1': 0.0003664438734613811, 'D_low': 2886.4019743147014, 'k2': 0.044177680800832286, 'D_high': 1036323.5374998486, 'fire_exp': 7.069338250376477, 'P_half': 60.762101231874496, 'pre_dampen_half': 1.6327271319009744, 'gpp_af': 0.009950457196747734, 'gpp_b': 3.0162199583275678e-05, 'gpp_d': 22.949090894214535, 'ign_k': 0.5770969137784596, 'ign_c': 29.54548197085055, 'trop_agb_crit': 1.3392046309558847, 'trop_k_veg': 0.6317713640761098, 'pop_amp': 0.005275097015771908, 'pop_peak': 9.787521491737762, 'pop_sig': 2.2107424230572406, 'fuel_k': 0.1582684841382538, 'fuel_half': 2.5300660720832067}. Best is trial 1622 with value: -0.6125870653324885.
[I 2026-08-19 17:46:45,506] Trial 1658 finished with value: 0.5701141554916431 and parameters: {'k1': 0.0031084217134713533, 'D_low': 20.771891059967526, 'k2': 0.03175541650334453, 'D_high': 2250831.236393672, 'fire_exp': 2.262526918594308, 'P_half': 1281.6059206712694, 'pre_dampen_half': 2.955915184143114, 'gpp_af': 0.00753831910111256, 'gpp_b': 2.0643585831454265e-05, 'gpp_d': 222.61744528113587, 'ign_k': 0.07012098708171292, 'ign_c': 2.1323436846591335, 'trop_agb_crit': 2.042228746122936, 'trop_k_veg': 0.9929103238926449, 'pop_amp': 0.033664130556062925, 'pop_peak': 158.09473599372552, 'pop_sig': 2.4293509596821856, 'fuel_k': 0.03416818494987934, 'fuel_half': 0.2386330275526098}. Best is trial 1622 with value: -0.6125870653324885.
  trial 1659/2500  best_overall=0.6126  (48.4 min)
[I 2026-08-19 17:46:48,090] Trial 1659 finished with value: 0.5787726769214603 and parameters: {'k1': 0.005394416541073861, 'D_low': 3.3778721531938505, 'k2': 0.031114612782536123, 'D_high': 682108.9432146949, 'fire_exp': 2.3422734073981943, 'P_half': 121.21982315600043, 'pre_dampen_half': 0.6168250100010464, 'gpp_af': 0.009491436778023476, 'gpp_b': 5.4164542361277436e-05, 'gpp_d': 323.29587658014594, 'ign_k': 0.06968394140735182, 'ign_c': 65.34280788212578, 'trop_agb_crit': 1.4270845054118917, 'trop_k_veg': 1.2230397360320684, 'pop_amp': 0.1140255146627984, 'pop_peak': 5.786344545284498, 'pop_sig': 0.8089718180341284, 'fuel_k': 0.12417585561191995, 'fuel_half': 0.19773257208437475}. Best is trial 1622 with value: -0.6125870653324885.
[I 2026-08-19 17:46:50,359] Trial 1660 finished with value: -0.5749850092274322 and parameters: {'k1': 0.006251291179744985, 'D_low': 81.55270760218932, 'k2': 0.005242754713564242, 'D_high': 3405889.3699192028, 'fire_exp': 1.8297044605058477, 'P_half': 174.14402802600955, 'pre_dampen_half': 51.79920849074697, 'gpp_af': 0.08369308060824916, 'gpp_b': 0.00033456652676495366, 'gpp_d': 36.415306993910605, 'ign_k': 0.9155628182627696, 'ign_c': 24.622062632073327, 'trop_agb_crit': 21.78216389180993, 'trop_k_veg': 2.2679537246876404, 'pop_amp': 0.0012591819297934621, 'pop_peak': 376.51385858311045, 'pop_sig': 1.3405969346656716, 'fuel_k': 0.2265621359204883, 'fuel_half': 0.11062592174442909}. Best is trial 1622 with value: -0.6125870653324885.
[I 2026-08-19 17:46:52,565] Trial 1661 finished with value: -0.5026116995754807 and parameters: {'k1': 0.00396409531366603, 'D_low': 31524.172085474464, 'k2': 0.005843871419000373, 'D_high': 694389.5198426506, 'fire_exp': 1.864183085928735, 'P_half': 89.6486517772997, 'pre_dampen_half': 9.36985348017445, 'gpp_af': 0.0047294666131504825, 'gpp_b': 6.546508245496728e-05, 'gpp_d': 13.181364666046434, 'ign_k': 0.16062971575051005, 'ign_c': 1.6298063059380445, 'trop_agb_crit': 2.2698948320997934, 'trop_k_veg': 3.2929274044713144, 'pop_amp': 8.384112949669339, 'pop_peak': 6.220901906240753, 'pop_sig': 0.2690821926617249, 'fuel_k': 0.018743208175249416, 'fuel_half': 0.5961780028760549}. Best is trial 1622 with value: -0.6125870653324885.
[I 2026-08-19 17:46:54,705] Trial 1662 finished with value: -0.5184545200372146 and parameters: {'k1': 0.0005147357279677406, 'D_low': 3.6729867352676053, 'k2': 0.08322599715319882, 'D_high': 226197.6236980348, 'fire_exp': 2.5679194940934846, 'P_half': 61.122311053025484, 'pre_dampen_half': 23.423361106876907, 'gpp_af': 0.4063818468873671, 'gpp_b': 0.0011012077541793614, 'gpp_d': 0.40469640247333954, 'ign_k': 2.378027406686098, 'ign_c': 2.897765724507755, 'trop_agb_crit': 1.9023839861487235, 'trop_k_veg': 0.8506161095613718, 'pop_amp': 0.017906612059445583, 'pop_peak': 4.3349756256255185, 'pop_sig': 1.2454558127289594, 'fuel_k': 0.07741291808228982, 'fuel_half': 0.5444602909173155}. Best is trial 1622 with value: -0.6125870653324885.
[I 2026-08-19 17:46:56,842] Trial 1663 finished with value: 0.4266189913848145 and parameters: {'k1': 0.011652490413036001, 'D_low': 12.888748972456387, 'k2': 0.00027015703083251117, 'D_high': 186599.76543001112, 'fire_exp': 1.4603890248083302, 'P_half': 758.299924069067, 'pre_dampen_half': 103.44146293655712, 'gpp_af': 0.049163995202156974, 'gpp_b': 0.00046245605202092325, 'gpp_d': 67.50688927993725, 'ign_k': 0.09504856298447933, 'ign_c': 13.18934423574756, 'trop_agb_crit': 10.962408195061887, 'trop_k_veg': 6.108349745427472, 'pop_amp': 0.013642772032085295, 'pop_peak': 0.13748657425328226, 'pop_sig': 0.3043466270088497, 'fuel_k': 0.5516874466329664, 'fuel_half': 0.9167419365566678}. Best is trial 1622 with value: -0.6125870653324885.
[I 2026-08-19 17:46:58,981] Trial 1664 finished with value: 0.5609590961166546 and parameters: {'k1': 0.0062275091568411035, 'D_low': 79.16313998645468, 'k2': 0.00025498182482839053, 'D_high': 8793086.7157392, 'fire_exp': 2.6518713825736104, 'P_half': 265.59189803249274, 'pre_dampen_half': 4.305065934946131, 'gpp_af': 0.040610872274873845, 'gpp_b': 0.005898890052159388, 'gpp_d': 162.2475792062126, 'ign_k': 0.04231741601947954, 'ign_c': 3.102387624966396, 'trop_agb_crit': 4.64810458854967, 'trop_k_veg': 6.38679823286556, 'pop_amp': 0.00876335630682917, 'pop_peak': 0.23161922547270253, 'pop_sig': 0.306576196563646, 'fuel_k': 0.11605715957036403, 'fuel_half': 0.9676154048238913}. Best is trial 1622 with value: -0.6125870653324885.
[I 2026-08-19 17:47:01,115] Trial 1665 finished with value: -0.5397504072696669 and parameters: {'k1': 0.0026747007256896728, 'D_low': 66.68502745011851, 'k2': 0.04384110612745052, 'D_high': 519103.53609039733, 'fire_exp': 1.478554801882931, 'P_half': 173.08042810288117, 'pre_dampen_half': 21.099827939278764, 'gpp_af': 0.0017284682336957406, 'gpp_b': 0.0004618928208268141, 'gpp_d': 1.9095067897445972, 'ign_k': 1.5336521065644122, 'ign_c': 16.040800892101107, 'trop_agb_crit': 1.2844119447991853, 'trop_k_veg': 0.7978534540285087, 'pop_amp': 0.006742370499610769, 'pop_peak': 0.5726274948388757, 'pop_sig': 0.9034437810964016, 'fuel_k': 0.14631208724152192, 'fuel_half': 0.9543069912575407}. Best is trial 1622 with value: -0.6125870653324885.
[I 2026-08-19 17:47:03,235] Trial 1666 finished with value: 0.5559397341207264 and parameters: {'k1': 0.001455565835313739, 'D_low': 881.7857932045607, 'k2': 0.006220719395509389, 'D_high': 6385955.038435112, 'fire_exp': 3.092902942369751, 'P_half': 309.98072111398375, 'pre_dampen_half': 0.24663006503911586, 'gpp_af': 0.029059996831355156, 'gpp_b': 0.00012697776237365014, 'gpp_d': 0.6621570270508268, 'ign_k': 4.530080108808167, 'ign_c': 0.19335802726598572, 'trop_agb_crit': 11.681718412888513, 'trop_k_veg': 2.150926077263582, 'pop_amp': 0.26882880927208824, 'pop_peak': 0.05259225614436652, 'pop_sig': 0.3021349184317442, 'fuel_k': 0.02016569990045085, 'fuel_half': 0.9465207199661759}. Best is trial 1622 with value: -0.6125870653324885.
[I 2026-08-19 17:47:05,464] Trial 1667 finished with value: 0.596924110918801 and parameters: {'k1': 0.046872918734639654, 'D_low': 324.47095485742483, 'k2': 0.0016774713197727747, 'D_high': 1529515.2370253047, 'fire_exp': 2.9336446559963654, 'P_half': 207.23458461927288, 'pre_dampen_half': 3.7228811928928334, 'gpp_af': 0.002343264467805474, 'gpp_b': 0.005686066903319999, 'gpp_d': 190.4385629856816, 'ign_k': 0.16157411642430605, 'ign_c': 1.6134934423831855, 'trop_agb_crit': 8.974192585703111, 'trop_k_veg': 4.124546156215937, 'pop_amp': 0.0020762673853530656, 'pop_peak': 0.06601271498931956, 'pop_sig': 0.39006732550113576, 'fuel_k': 1.0614587145540797, 'fuel_half': 0.2023797025734321}. Best is trial 1622 with value: -0.6125870653324885.
[I 2026-08-19 17:47:07,665] Trial 1668 finished with value: 0.399280314052582 and parameters: {'k1': 0.008813793933667404, 'D_low': 93.94408923120676, 'k2': 1.6754861513809306e-05, 'D_high': 1683171.4469538515, 'fire_exp': 1.6706915463220346, 'P_half': 17.799010938520713, 'pre_dampen_half': 8.610425025773706, 'gpp_af': 0.002184624129524818, 'gpp_b': 1.5671118249708558e-05, 'gpp_d': 2.691164278276622, 'ign_k': 1.4899556107059637, 'ign_c': 16.499095687418368, 'trop_agb_crit': 20.54382156093302, 'trop_k_veg': 5.707665344071892, 'pop_amp': 0.002060182693157434, 'pop_peak': 0.0736398598815144, 'pop_sig': 0.5147229412268819, 'fuel_k': 0.39245482934060044, 'fuel_half': 0.907469497816498}. Best is trial 1622 with value: -0.6125870653324885.
  trial 1669/2500  best_overall=0.6126  (48.7 min)
[I 2026-08-19 17:47:10,304] Trial 1669 finished with value: 0.5766655519744445 and parameters: {'k1': 0.006270205823179072, 'D_low': 24.919898415630424, 'k2': 0.0008685095386806953, 'D_high': 5959371.2802352095, 'fire_exp': 3.4255097006555384, 'P_half': 3.697663251060699, 'pre_dampen_half': 6.096372594235009, 'gpp_af': 0.038331043408788325, 'gpp_b': 0.018788903770519692, 'gpp_d': 7.137845855157326, 'ign_k': 0.06899151873968705, 'ign_c': 12.113427892856313, 'trop_agb_crit': 12.265203299597147, 'trop_k_veg': 3.4866772832976527, 'pop_amp': 0.0011576430498122865, 'pop_peak': 1.157335093642709, 'pop_sig': 0.4948787871294083, 'fuel_k': 0.6959984523456892, 'fuel_half': 2.562088853638519}. Best is trial 1622 with value: -0.6125870653324885.
[I 2026-08-19 17:47:12,397] Trial 1670 finished with value: 0.5514986759229648 and parameters: {'k1': 2.6736163938216216e-05, 'D_low': 6.3037261291108075, 'k2': 0.024670616497123946, 'D_high': 5358013.522101423, 'fire_exp': 3.22608585219815, 'P_half': 25.267742376557813, 'pre_dampen_half': 23.950930300729066, 'gpp_af': 0.01657076968065151, 'gpp_b': 0.0010473276766233184, 'gpp_d': 7.048051831651815, 'ign_k': 0.08172929675570952, 'ign_c': 0.5958237760672215, 'trop_agb_crit': 2.346203979953731, 'trop_k_veg': 1.4518786911698125, 'pop_amp': 0.004389244476163037, 'pop_peak': 4.8032819112473275, 'pop_sig': 0.8515584043579741, 'fuel_k': 0.12172575700333815, 'fuel_half': 0.8720308101176247}. Best is trial 1622 with value: -0.6125870653324885.
[I 2026-08-19 17:47:14,299] Trial 1671 finished with value: 0.4393849534535412 and parameters: {'k1': 0.02449923716693794, 'D_low': 555.5863347682018, 'k2': 0.0009596058520691858, 'D_high': 7593517.939700739, 'fire_exp': 1.5179472569379084, 'P_half': 179.5971607992124, 'pre_dampen_half': 6.966525512261762, 'gpp_af': 0.03355111023062012, 'gpp_b': 1.6334225407376866e-05, 'gpp_d': 91.64077522621257, 'ign_k': 0.8588054255999735, 'ign_c': 5.943648902815977, 'trop_agb_crit': 21.148293568770704, 'trop_k_veg': 3.5342213211193827, 'pop_amp': 0.01200496993588806, 'pop_peak': 0.7901426534022788, 'pop_sig': 0.3891660798916097, 'fuel_k': 1.4392203749463781, 'fuel_half': 0.40834614380732837}. Best is trial 1622 with value: -0.6125870653324885.
[I 2026-08-19 17:47:16,530] Trial 1672 finished with value: -0.6117434010295509 and parameters: {'k1': 0.0301491216875948, 'D_low': 10.105667076213376, 'k2': 0.0016135969433844117, 'D_high': 779509.2475962833, 'fire_exp': 1.360111231161397, 'P_half': 336.04620403791466, 'pre_dampen_half': 5.5119426092863835, 'gpp_af': 0.0022754880174941914, 'gpp_b': 7.945409601199893e-05, 'gpp_d': 19.066229606093344, 'ign_k': 2.6399093138241323, 'ign_c': 19.15027687120428, 'trop_agb_crit': 6.5978144003656505, 'trop_k_veg': 7.771550953588189, 'pop_amp': 0.0036314353765994527, 'pop_peak': 0.14658138699205667, 'pop_sig': 0.5580938623533555, 'fuel_k': 1.098696181840004, 'fuel_half': 1.2826352362839004}. Best is trial 1622 with value: -0.6125870653324885.
[I 2026-08-19 17:47:18,652] Trial 1673 finished with value: 0.6427693317337645 and parameters: {'k1': 0.00027058838970739785, 'D_low': 422385.1978102157, 'k2': 7.338920722717808e-05, 'D_high': 617492.4082603153, 'fire_exp': 3.3106768173392203, 'P_half': 23.678000928382634, 'pre_dampen_half': 1.1652493237100685, 'gpp_af': 0.1668508460964541, 'gpp_b': 0.27060686033630277, 'gpp_d': 104.06905688811229, 'ign_k': 0.03041382351861239, 'ign_c': 5.104406338196019, 'trop_agb_crit': 24.070851668555793, 'trop_k_veg': 4.120706464398788, 'pop_amp': 0.8832670052112732, 'pop_peak': 23.015495583154664, 'pop_sig': 1.027585585408369, 'fuel_k': 2.5766706886483246, 'fuel_half': 0.12187185455566407}. Best is trial 1622 with value: -0.6125870653324885.
[I 2026-08-19 17:47:20,826] Trial 1674 finished with value: 0.42397063191870166 and parameters: {'k1': 0.025363068048298302, 'D_low': 5.751185130583933, 'k2': 0.001793280291735359, 'D_high': 87081.5371618993, 'fire_exp': 1.1028852996698526, 'P_half': 1519.2722016751932, 'pre_dampen_half': 18.035373853817866, 'gpp_af': 0.0013765132197603763, 'gpp_b': 1.1796775425364197e-05, 'gpp_d': 32.14353043380052, 'ign_k': 0.24101344257197072, 'ign_c': 4.062390343661553, 'trop_agb_crit': 5.421780560864779, 'trop_k_veg': 3.5519521595947032, 'pop_amp': 0.012027253931489052, 'pop_peak': 0.06847404985573552, 'pop_sig': 1.2029608522783524, 'fuel_k': 0.8741227460021773, 'fuel_half': 1.285102675969963}. Best is trial 1622 with value: -0.6125870653324885.
[I 2026-08-19 17:47:22,957] Trial 1675 finished with value: 0.5000058388300912 and parameters: {'k1': 0.0014895987750253904, 'D_low': 34.03573178816077, 'k2': 0.0010471879152010649, 'D_high': 195748.63955130495, 'fire_exp': 1.364823214859146, 'P_half': 104.14477922370985, 'pre_dampen_half': 0.5129090129013701, 'gpp_af': 0.014591492011481575, 'gpp_b': 0.00621152856863674, 'gpp_d': 3.6285675209481583, 'ign_k': 0.36401311524799523, 'ign_c': 2.752506103558377, 'trop_agb_crit': 10.37383042712538, 'trop_k_veg': 5.450438242551822, 'pop_amp': 0.0010793721776952527, 'pop_peak': 0.14005827167242244, 'pop_sig': 0.5632230718507814, 'fuel_k': 1.1224478579924169, 'fuel_half': 3.6703597858070447}. Best is trial 1622 with value: -0.6125870653324885.
[I 2026-08-19 17:47:25,054] Trial 1676 finished with value: 0.6445374145881376 and parameters: {'k1': 0.08470473933451853, 'D_low': 12.11697465183142, 'k2': 0.0026051452643052787, 'D_high': 77717.2557744338, 'fire_exp': 1.909996225404464, 'P_half': 6318.407806792443, 'pre_dampen_half': 33.44939619150119, 'gpp_af': 0.006841501565643496, 'gpp_b': 1.1458186201043661e-05, 'gpp_d': 9.656207793510415, 'ign_k': 0.5715157772508898, 'ign_c': 213.4807167952047, 'trop_agb_crit': 5.312235313635897, 'trop_k_veg': 7.505133202306338, 'pop_amp': 0.0024456622063778943, 'pop_peak': 0.10572130304577931, 'pop_sig': 0.4672284953470036, 'fuel_k': 0.7199150934145149, 'fuel_half': 3.1391495166404164}. Best is trial 1622 with value: -0.6125870653324885.
[I 2026-08-19 17:47:27,185] Trial 1677 finished with value: 0.5955029917893355 and parameters: {'k1': 0.008382464514189968, 'D_low': 20.25484366209321, 'k2': 0.0009727037454292307, 'D_high': 777489.2163386178, 'fire_exp': 4.548996916829555, 'P_half': 138.99832670576262, 'pre_dampen_half': 1.1550564424920855, 'gpp_af': 0.22537145730712585, 'gpp_b': 0.9673399741284444, 'gpp_d': 0.7252763624174288, 'ign_k': 9.600545422983084, 'ign_c': 7.007802952543121, 'trop_agb_crit': 6.07264107264276, 'trop_k_veg': 0.7701911643324892, 'pop_amp': 0.04038100218366649, 'pop_peak': 325.3642361792536, 'pop_sig': 0.3949826702265456, 'fuel_k': 0.02395065307049491, 'fuel_half': 0.46219437416999365}. Best is trial 1622 with value: -0.6125870653324885.
[I 2026-08-19 17:47:29,269] Trial 1678 finished with value: 0.4860028002570982 and parameters: {'k1': 0.000218531730364714, 'D_low': 5432.781072454155, 'k2': 1.86291485983203e-05, 'D_high': 8458320.686419358, 'fire_exp': 1.8144536482744664, 'P_half': 39.9320316110079, 'pre_dampen_half': 0.2812140604838277, 'gpp_af': 0.05074160545953545, 'gpp_b': 0.002391403344096934, 'gpp_d': 830.0251549186162, 'ign_k': 0.27590872761102525, 'ign_c': 11.125272528640682, 'trop_agb_crit': 11.77766402959318, 'trop_k_veg': 2.897569954086258, 'pop_amp': 0.08901975792355714, 'pop_peak': 4.224364967418263, 'pop_sig': 1.048822308400556, 'fuel_k': 0.8367110256812145, 'fuel_half': 0.21335838289311065}. Best is trial 1622 with value: -0.6125870653324885.
  trial 1679/2500  best_overall=0.6126  (49.1 min)
[I 2026-08-19 17:47:31,922] Trial 1679 finished with value: -0.5595518922032936 and parameters: {'k1': 0.03190628518074456, 'D_low': 17477.223020815338, 'k2': 0.0001365122425864762, 'D_high': 3731856.3722469746, 'fire_exp': 1.6433467554802563, 'P_half': 38.80710541215621, 'pre_dampen_half': 10.960806961582355, 'gpp_af': 0.0012220702472877573, 'gpp_b': 4.394535367345954e-05, 'gpp_d': 80.02222104353024, 'ign_k': 4.972076534528729, 'ign_c': 7.1629398486527345, 'trop_agb_crit': 7.422767186185046, 'trop_k_veg': 6.122607735656822, 'pop_amp': 0.002346060077524283, 'pop_peak': 0.06765043339346805, 'pop_sig': 0.5904297073474525, 'fuel_k': 1.1862980540431964, 'fuel_half': 1.2114887256647768}. Best is trial 1622 with value: -0.6125870653324885.
[I 2026-08-19 17:47:34,023] Trial 1680 finished with value: 0.6445374145881376 and parameters: {'k1': 0.026599896211169607, 'D_low': 3.8842354488043203, 'k2': 0.00032613204268023963, 'D_high': 4677.062171515915, 'fire_exp': 1.089699414471746, 'P_half': 548.5344664755801, 'pre_dampen_half': 6.46718527420564, 'gpp_af': 0.01527296434975749, 'gpp_b': 8.420875808042422e-05, 'gpp_d': 7.83101157022186, 'ign_k': 4.003418954322946, 'ign_c': 46.81877737689096, 'trop_agb_crit': 13.608830035196437, 'trop_k_veg': 3.317195677183731, 'pop_amp': 0.03358570078837153, 'pop_peak': 0.08328878166841107, 'pop_sig': 0.5219896636852963, 'fuel_k': 0.08216197719278374, 'fuel_half': 1.6755178624785052}. Best is trial 1622 with value: -0.6125870653324885.
