[I 2026-08-19 14:25:45,150] Trial 28 finished with value: -0.3957428904669164 and parameters: {'k1': 3.134447147736911e-05, 'D_low': 69736.26814858978, 'k2': 2.274817949428708e-05, 'D_high': 715683.5860886258, 'fire_exp': 1.4986852135604458, 'P_half': 1385.7119567623458, 'pre_dampen_half': 10.916450636291184, 'gpp_af': 1.1835908295282747, 'gpp_b': 0.19698725030886885, 'gpp_d': 0.08467526487553291, 'ign_k': 2.6337500460981738, 'ign_c': 0.32755412586141525, 'trop_agb_crit': 11.276030148727003, 'trop_k_veg': 3.373089512625033, 'pop_amp': 0.04320984373087358, 'pop_peak': 141.07224842258026, 'pop_sig': 1.1239521740268132, 'fuel_k': 0.6161315237392436, 'fuel_half': 0.2157996673390717}. Best is trial 0 with value: -0.6094076133578652.
[I 2026-08-19 14:25:48,659] Trial 29 finished with value: -0.3846712155959784 and parameters: {'k1': 0.00045548424556495246, 'D_low': 78.05826492468219, 'k2': 1.7129924334660565e-05, 'D_high': 53534.513141196956, 'fire_exp': 2.4098714319351995, 'P_half': 8701.422308520721, 'pre_dampen_half': 2.070222747458371, 'gpp_af': 9.207862094275013, 'gpp_b': 0.014421464251151286, 'gpp_d': 0.37206301158819516, 'ign_k': 0.11071775365864302, 'ign_c': 2.2997510179848755, 'trop_agb_crit': 22.780171374718783, 'trop_k_veg': 7.667061459279776, 'pop_amp': 8.859500823939289, 'pop_peak': 15.471327802682868, 'pop_sig': 0.6955631089321422, 'fuel_k': 2.811065076820452, 'fuel_half': 0.1456075678816726}. Best is trial 0 with value: -0.6094076133578652.
[I 2026-08-19 14:25:52,344] Trial 30 finished with value: -0.5751879898414707 and parameters: {'k1': 0.0008680072843071049, 'D_low': 1993.9994877847284, 'k2': 2.2945233984692002e-05, 'D_high': 3974.4501025985583, 'fire_exp': 1.1521942725378278, 'P_half': 1367.7532598045211, 'pre_dampen_half': 0.6070660865785305, 'gpp_af': 1.8235041660248914, 'gpp_b': 0.00016915908743550176, 'gpp_d': 61.890043397209006, 'ign_k': 0.008395019507572968, 'ign_c': 4.602135681520986, 'trop_agb_crit': 27.353380234360106, 'trop_k_veg': 2.561127311056947, 'pop_amp': 8.96240344750246, 'pop_peak': 91.57908580278769, 'pop_sig': 0.9531613361171973, 'fuel_k': 4.662414256234049, 'fuel_half': 0.10241417270837648}. Best is trial 0 with value: -0.6094076133578652.
  trial   31/2500  best_overall=0.6094  (1.8 min)
[I 2026-08-19 14:25:56,183] Trial 31 finished with value: -0.41560145781166147 and parameters: {'k1': 0.0007487224287878122, 'D_low': 1509.429948275248, 'k2': 7.768788479061006e-05, 'D_high': 354.0923655599947, 'fire_exp': 1.390055226436064, 'P_half': 323.0395334609053, 'pre_dampen_half': 0.07205558950940584, 'gpp_af': 0.9952910486411082, 'gpp_b': 0.002613921228834177, 'gpp_d': 247.73125697672518, 'ign_k': 0.010165399313882717, 'ign_c': 1.447482397549638, 'trop_agb_crit': 19.669142101239657, 'trop_k_veg': 2.938800355919641, 'pop_amp': 3.3485073029366075, 'pop_peak': 182.78953705493453, 'pop_sig': 0.971646008466371, 'fuel_k': 1.3557691787086974, 'fuel_half': 0.14085377364139148}. Best is trial 0 with value: -0.6094076133578652.
[I 2026-08-19 14:26:00,156] Trial 32 finished with value: -0.5747605005861034 and parameters: {'k1': 2.706216591061994e-05, 'D_low': 802.2619308568948, 'k2': 6.47737072257923e-05, 'D_high': 1662872.3498028496, 'fire_exp': 1.1522697869274987, 'P_half': 1969.6254887693028, 'pre_dampen_half': 2.2663869001392825, 'gpp_af': 0.4935272942641558, 'gpp_b': 0.017554295346048014, 'gpp_d': 58.8020620924723, 'ign_k': 0.5941548990840931, 'ign_c': 8.411380423497683, 'trop_agb_crit': 24.34155104835007, 'trop_k_veg': 7.577525913297736, 'pop_amp': 4.245887160112519, 'pop_peak': 70.64518422591765, 'pop_sig': 0.8582132916207519, 'fuel_k': 1.496036014082218, 'fuel_half': 0.13432675120050644}. Best is trial 0 with value: -0.6094076133578652.
[I 2026-08-19 14:26:03,638] Trial 33 finished with value: -0.4815905271787003 and parameters: {'k1': 3.654199942893493e-05, 'D_low': 169.95155106875688, 'k2': 3.3270208521911284e-05, 'D_high': 451456.698241106, 'fire_exp': 2.080775911029369, 'P_half': 45.687225352432684, 'pre_dampen_half': 0.4964146772983618, 'gpp_af': 0.01920547980501462, 'gpp_b': 0.0017453675827743926, 'gpp_d': 524.1012568699125, 'ign_k': 0.8102311285278431, 'ign_c': 10.671392648216461, 'trop_agb_crit': 10.865617833199687, 'trop_k_veg': 4.734515789303258, 'pop_amp': 18.975628965266495, 'pop_peak': 4.329564467179543, 'pop_sig': 0.8522393154363899, 'fuel_k': 3.144845022048111, 'fuel_half': 1.4616625492123148}. Best is trial 0 with value: -0.6094076133578652.
[I 2026-08-19 14:26:07,701] Trial 34 finished with value: -0.5779815107226829 and parameters: {'k1': 0.0002603120623085569, 'D_low': 15907.383027280977, 'k2': 0.00010984191128631414, 'D_high': 239232.2827263138, 'fire_exp': 1.0570570635855114, 'P_half': 87.4102581738566, 'pre_dampen_half': 8.230842720948122, 'gpp_af': 0.01117402640330388, 'gpp_b': 5.431973185299271e-05, 'gpp_d': 3.989936554639517, 'ign_k': 4.482843419541332, 'ign_c': 7.022807977084659, 'trop_agb_crit': 18.88926040369938, 'trop_k_veg': 2.8039061682451085, 'pop_amp': 0.01146250766394381, 'pop_peak': 4.321084111438346, 'pop_sig': 1.4836147163474511, 'fuel_k': 0.3584737214816077, 'fuel_half': 0.4748366926845868}. Best is trial 0 with value: -0.6094076133578652.
[I 2026-08-19 14:26:12,015] Trial 35 finished with value: -0.4054996790807979 and parameters: {'k1': 0.0004774736127877321, 'D_low': 33078.03296008672, 'k2': 2.3462199784133017e-05, 'D_high': 24665.790880162087, 'fire_exp': 1.6484075897565675, 'P_half': 116.9036793243429, 'pre_dampen_half': 6.629093608029607, 'gpp_af': 0.010657964053489531, 'gpp_b': 0.00019618808169360894, 'gpp_d': 250.98349600252854, 'ign_k': 1.4998921318822578, 'ign_c': 10.772116481979479, 'trop_agb_crit': 29.919267018004945, 'trop_k_veg': 3.503522509468165, 'pop_amp': 0.09262909885548407, 'pop_peak': 15.353352575502607, 'pop_sig': 1.0365002311060267, 'fuel_k': 0.10485556272516204, 'fuel_half': 0.36886557174077567}. Best is trial 0 with value: -0.6094076133578652.
[I 2026-08-19 14:26:15,632] Trial 36 finished with value: -0.5051642985809912 and parameters: {'k1': 0.007638965244626742, 'D_low': 1351.733776104296, 'k2': 0.005221421056676843, 'D_high': 9503853.919861987, 'fire_exp': 1.816166471377908, 'P_half': 1195.366342875979, 'pre_dampen_half': 4.129016761603427, 'gpp_af': 0.06953868187632245, 'gpp_b': 0.006181008875284767, 'gpp_d': 4.520555545661222, 'ign_k': 5.614151840473101, 'ign_c': 4.258176736505849, 'trop_agb_crit': 15.828814314218661, 'trop_k_veg': 1.3273465165165044, 'pop_amp': 0.001296517195045629, 'pop_peak': 17.64846340687685, 'pop_sig': 0.9619659785574304, 'fuel_k': 1.604152696707557, 'fuel_half': 0.3747805185779177}. Best is trial 0 with value: -0.6094076133578652.
  trial   37/2500  best_overall=0.6094  (2.2 min)
[I 2026-08-19 14:26:19,687] Trial 37 finished with value: -0.3554625854118624 and parameters: {'k1': 0.0002529291329855473, 'D_low': 147.78676595971328, 'k2': 1.0089153018739994e-05, 'D_high': 1896672.3717163252, 'fire_exp': 1.6161644953091203, 'P_half': 1791.3833770119065, 'pre_dampen_half': 0.3076232604339342, 'gpp_af': 2.2353002305880825, 'gpp_b': 0.223187482612228, 'gpp_d': 47.19245767218546, 'ign_k': 1.1030883742469682, 'ign_c': 287.4165261050095, 'trop_agb_crit': 10.249426357079424, 'trop_k_veg': 6.833067200183818, 'pop_amp': 2.428916142688732, 'pop_peak': 2.7547147633380225, 'pop_sig': 0.9772304693313705, 'fuel_k': 0.12473974859461029, 'fuel_half': 0.1794039024850427}. Best is trial 0 with value: -0.6094076133578652.
[I 2026-08-19 14:26:23,748] Trial 38 finished with value: -0.3598276256998385 and parameters: {'k1': 0.0001040986752217037, 'D_low': 403502.94604610885, 'k2': 0.0016989357132081015, 'D_high': 571695.0662755542, 'fire_exp': 1.3836313267382454, 'P_half': 27.835201844322, 'pre_dampen_half': 2.737246697005393, 'gpp_af': 0.002369469748210001, 'gpp_b': 0.01091610178935537, 'gpp_d': 1.4084067556855342, 'ign_k': 5.519530349350508, 'ign_c': 7.081183265885686, 'trop_agb_crit': 19.91227643736062, 'trop_k_veg': 2.5815578263360295, 'pop_amp': 0.06633724474555433, 'pop_peak': 2.713874073598173, 'pop_sig': 1.3353398718920524, 'fuel_k': 0.6246087517542335, 'fuel_half': 1.3781099750848431}. Best is trial 0 with value: -0.6094076133578652.
[I 2026-08-19 14:26:28,071] Trial 39 finished with value: -0.3156090521749641 and parameters: {'k1': 1.7066918299211624e-05, 'D_low': 263.8956960031666, 'k2': 0.0006231793572560574, 'D_high': 3089212.2566901348, 'fire_exp': 1.2724896036766893, 'P_half': 159.99578431875963, 'pre_dampen_half': 253.48339092068414, 'gpp_af': 27.1174579306803, 'gpp_b': 0.007392444440055525, 'gpp_d': 88.86191332701839, 'ign_k': 2.1553126148458843, 'ign_c': 4.410645746996739, 'trop_agb_crit': 24.190656083251433, 'trop_k_veg': 7.123335653233242, 'pop_amp': 0.7003175136901157, 'pop_peak': 17.401497309647823, 'pop_sig': 0.800560586416814, 'fuel_k': 4.413873753286826, 'fuel_half': 0.10386853621269578}. Best is trial 0 with value: -0.6094076133578652.
[I 2026-08-19 14:26:32,777] Trial 40 finished with value: -0.40058111923697776 and parameters: {'k1': 1.2209733468422442e-05, 'D_low': 105.92218356998468, 'k2': 0.00018002967191851224, 'D_high': 431485.0748574136, 'fire_exp': 1.391000671626997, 'P_half': 131.6076578074461, 'pre_dampen_half': 14.38007193045837, 'gpp_af': 0.027331085145018936, 'gpp_b': 0.06533385850368854, 'gpp_d': 28.623301192748592, 'ign_k': 0.10551191643442863, 'ign_c': 33.616916620946675, 'trop_agb_crit': 11.58475572050664, 'trop_k_veg': 7.6176970186914, 'pop_amp': 3.9758638138229205, 'pop_peak': 643.8096041774907, 'pop_sig': 0.9111287830370182, 'fuel_k': 0.3864146188128856, 'fuel_half': 0.3409551340100304}. Best is trial 0 with value: -0.6094076133578652.
[I 2026-08-19 14:26:36,938] Trial 41 finished with value: -0.3555331704526704 and parameters: {'k1': 0.0018765469489602632, 'D_low': 844563.5398504639, 'k2': 0.0001066561227288986, 'D_high': 7112833.710624494, 'fire_exp': 1.3675859590573272, 'P_half': 518.5710818049777, 'pre_dampen_half': 0.7295641333371184, 'gpp_af': 0.11327829892443635, 'gpp_b': 8.889584965144407e-05, 'gpp_d': 0.0752494599014268, 'ign_k': 1.5892990088151044, 'ign_c': 7.7503935203333105, 'trop_agb_crit': 18.51079802895008, 'trop_k_veg': 5.302599168081509, 'pop_amp': 0.0031336690350212146, 'pop_peak': 2.934884010254359, 'pop_sig': 1.2374863895868295, 'fuel_k': 0.05293938855740572, 'fuel_half': 1.4406735033197473}. Best is trial 0 with value: -0.6094076133578652.
  trial   42/2500  best_overall=0.6094  (2.6 min)
[I 2026-08-19 14:26:41,177] Trial 42 finished with value: -0.42501565742296055 and parameters: {'k1': 0.00010895652521124008, 'D_low': 6725.3248934777, 'k2': 0.0001415809289834573, 'D_high': 35816.45519433178, 'fire_exp': 1.9835500642569937, 'P_half': 552.2201366797661, 'pre_dampen_half': 1.7743210568304526, 'gpp_af': 0.5587104336728207, 'gpp_b': 5.749010262649185e-05, 'gpp_d': 1.0487040803695928, 'ign_k': 0.0018992688185768135, 'ign_c': 2.4956624837856736, 'trop_agb_crit': 10.336022259033285, 'trop_k_veg': 1.2063443649569836, 'pop_amp': 4.790449500551131, 'pop_peak': 42.625435444705836, 'pop_sig': 0.727082883375322, 'fuel_k': 1.8447213971292027, 'fuel_half': 0.20075900646548436}. Best is trial 0 with value: -0.6094076133578652.
[I 2026-08-19 14:26:45,154] Trial 43 finished with value: -0.504098749376938 and parameters: {'k1': 0.0003608319794086634, 'D_low': 870.7500108446208, 'k2': 0.00011237365915708017, 'D_high': 1032845.1922050341, 'fire_exp': 1.2905728071331388, 'P_half': 3885.81729753701, 'pre_dampen_half': 6.600351283378135, 'gpp_af': 0.5481120220504422, 'gpp_b': 0.2829147055723779, 'gpp_d': 21.66468256545312, 'ign_k': 1.789505469335928, 'ign_c': 10.777667294654075, 'trop_agb_crit': 27.832965878475008, 'trop_k_veg': 4.211713094195902, 'pop_amp': 3.5254201073254454, 'pop_peak': 206.85858922448773, 'pop_sig': 0.4188075033125946, 'fuel_k': 1.3323460665766997, 'fuel_half': 0.3046151370443927}. Best is trial 0 with value: -0.6094076133578652.
[I 2026-08-19 14:26:49,396] Trial 44 finished with value: -0.3554625854118624 and parameters: {'k1': 6.342655298331345e-05, 'D_low': 1058.0391937132583, 'k2': 0.0002418154630607963, 'D_high': 530.8992505884105, 'fire_exp': 1.3862241354996359, 'P_half': 124.83443536281861, 'pre_dampen_half': 7.9912943417623925, 'gpp_af': 0.007423383584331121, 'gpp_b': 2.6081723377514427e-05, 'gpp_d': 9.078387373575502, 'ign_k': 3.5195869646864426, 'ign_c': 560.1658195611395, 'trop_agb_crit': 6.561729437458139, 'trop_k_veg': 2.746363000017864, 'pop_amp': 0.004382220080209406, 'pop_peak': 5.384216953193755, 'pop_sig': 1.3874012320628673, 'fuel_k': 0.18097910599104824, 'fuel_half': 2.8333880658068202}. Best is trial 0 with value: -0.6094076133578652.
[I 2026-08-19 14:26:53,573] Trial 45 finished with value: -0.4824416825333774 and parameters: {'k1': 1.896723812248504e-05, 'D_low': 3263.104520281404, 'k2': 0.0005176986335327443, 'D_high': 11825.121661181094, 'fire_exp': 1.0377744245166254, 'P_half': 129.88560476363895, 'pre_dampen_half': 3.615469643418964, 'gpp_af': 0.03466496195512386, 'gpp_b': 9.769233062561459e-05, 'gpp_d': 24.13952132880304, 'ign_k': 0.8174109107861369, 'ign_c': 0.7559910654920716, 'trop_agb_crit': 10.387823366557933, 'trop_k_veg': 2.952545240319166, 'pop_amp': 0.004483095239318262, 'pop_peak': 1.2005768163908823, 'pop_sig': 1.2713653862763084, 'fuel_k': 0.32539043000341383, 'fuel_half': 0.3341726648709072}. Best is trial 0 with value: -0.6094076133578652.
[I 2026-08-19 14:26:57,406] Trial 46 finished with value: -0.4290657722149415 and parameters: {'k1': 0.0033222463757621723, 'D_low': 14616.692077950154, 'k2': 2.0301080916753327e-05, 'D_high': 46517.12663165673, 'fire_exp': 1.2799744312847532, 'P_half': 1892.0515788404934, 'pre_dampen_half': 1.9998531563862278, 'gpp_af': 0.6340874583371578, 'gpp_b': 0.00022854933617880052, 'gpp_d': 43.11566413673528, 'ign_k': 0.008929586759331129, 'ign_c': 6.132681448918094, 'trop_agb_crit': 26.60488259208, 'trop_k_veg': 3.216723457937068, 'pop_amp': 3.101029297115354, 'pop_peak': 26.581251137900743, 'pop_sig': 1.1149113772339345, 'fuel_k': 1.8310953343111946, 'fuel_half': 0.3888014067248759}. Best is trial 0 with value: -0.6094076133578652.
  trial   47/2500  best_overall=0.6094  (2.9 min)
[I 2026-08-19 14:27:01,594] Trial 47 finished with value: -0.5558009804732654 and parameters: {'k1': 0.00020261560557398284, 'D_low': 29259.882119748727, 'k2': 0.00011522881494440867, 'D_high': 745985.2085417617, 'fire_exp': 1.0376641330404734, 'P_half': 2.0197800832356774, 'pre_dampen_half': 4.107134673265681, 'gpp_af': 0.01355395043874264, 'gpp_b': 1.0553518858863533e-05, 'gpp_d': 3.5501414023915427, 'ign_k': 0.8827103774854751, 'ign_c': 1.4969842668828348, 'trop_agb_crit': 18.227614810096302, 'trop_k_veg': 2.7185134598830256, 'pop_amp': 0.02429994838702661, 'pop_peak': 13.011088959315321, 'pop_sig': 0.946806098926303, 'fuel_k': 1.8083331014425965, 'fuel_half': 1.3728475467741532}. Best is trial 0 with value: -0.6094076133578652.
[I 2026-08-19 14:27:05,498] Trial 48 finished with value: -0.5699943043275326 and parameters: {'k1': 5.348814378694523e-05, 'D_low': 9104.029809615262, 'k2': 8.949790731709338e-05, 'D_high': 957556.6042410067, 'fire_exp': 1.8117663002045241, 'P_half': 1205.4668055221982, 'pre_dampen_half': 0.2369955098556561, 'gpp_af': 0.20942013860041073, 'gpp_b': 1.5206008721071462e-05, 'gpp_d': 9.97598288452264, 'ign_k': 0.9026765618067364, 'ign_c': 5.413545307301992, 'trop_agb_crit': 17.026742674879355, 'trop_k_veg': 7.259640552682433, 'pop_amp': 5.438797866982189, 'pop_peak': 28.100965367923177, 'pop_sig': 1.765468283742854, 'fuel_k': 0.8914559922263129, 'fuel_half': 0.10240583629436043}. Best is trial 0 with value: -0.6094076133578652.
[I 2026-08-19 14:27:09,779] Trial 49 finished with value: -0.5261972602868087 and parameters: {'k1': 0.0034260239089917367, 'D_low': 23894.791484535872, 'k2': 0.0001227025455069222, 'D_high': 401900.3954251645, 'fire_exp': 2.3890979096991445, 'P_half': 84.94788693132668, 'pre_dampen_half': 8.998997113462094, 'gpp_af': 0.013483937839054211, 'gpp_b': 3.1982901337136e-05, 'gpp_d': 2.171953520963071, 'ign_k': 4.362038435836648, 'ign_c': 1.0046263031242577, 'trop_agb_crit': 9.561152681563728, 'trop_k_veg': 2.917218808423052, 'pop_amp': 0.002163325559665147, 'pop_peak': 6.875476034061244, 'pop_sig': 2.2163485593484844, 'fuel_k': 0.22481606607968022, 'fuel_half': 0.13556948247549475}. Best is trial 0 with value: -0.6094076133578652.
[I 2026-08-19 14:27:13,777] Trial 50 finished with value: -0.42300768279109907 and parameters: {'k1': 9.162146711546443e-05, 'D_low': 7884.917853211692, 'k2': 1.4650978334485048e-05, 'D_high': 3757327.4294837047, 'fire_exp': 4.460322463623263, 'P_half': 7029.456566806128, 'pre_dampen_half': 0.18754312687612765, 'gpp_af': 3.0531656122808735, 'gpp_b': 7.806432791541474e-05, 'gpp_d': 30.56167270881914, 'ign_k': 7.657131803698018, 'ign_c': 14.604188850001805, 'trop_agb_crit': 15.35869132350138, 'trop_k_veg': 2.2083039135787534, 'pop_amp': 7.393914670210994, 'pop_peak': 87.733516061731, 'pop_sig': 2.23646479766671, 'fuel_k': 4.269862710829195, 'fuel_half': 0.5305480888718304}. Best is trial 0 with value: -0.6094076133578652.
[I 2026-08-19 14:27:18,439] Trial 51 finished with value: -0.3554625854118624 and parameters: {'k1': 1.1200075880026427e-05, 'D_low': 9778.868030013848, 'k2': 0.0002929808537093602, 'D_high': 446401.8707227522, 'fire_exp': 1.9943094872118081, 'P_half': 2201.8549429239706, 'pre_dampen_half': 0.19262716927703732, 'gpp_af': 0.0019475009810113093, 'gpp_b': 0.0018434385453931633, 'gpp_d': 0.5501476864914872, 'ign_k': 1.1482955095330585, 'ign_c': 52.459413942707734, 'trop_agb_crit': 18.95775647512454, 'trop_k_veg': 6.164500881283056, 'pop_amp': 3.486723847935647, 'pop_peak': 28.487409232675752, 'pop_sig': 1.536562128905433, 'fuel_k': 0.9311572078492412, 'fuel_half': 0.3019887673494643}. Best is trial 0 with value: -0.6094076133578652.
  trial   52/2500  best_overall=0.6094  (3.2 min)
[I 2026-08-19 14:27:22,701] Trial 52 finished with value: -0.4879816090335682 and parameters: {'k1': 0.00012104028604343103, 'D_low': 3505.1587001016055, 'k2': 6.0458389193776134e-05, 'D_high': 951863.4208897236, 'fire_exp': 3.432217381754645, 'P_half': 410.3766943032575, 'pre_dampen_half': 0.4976425502548287, 'gpp_af': 0.09327124340108642, 'gpp_b': 2.5056973339999154e-05, 'gpp_d': 4.544254142348988, 'ign_k': 0.5271088346029988, 'ign_c': 7.630814433006696, 'trop_agb_crit': 28.4079506500332, 'trop_k_veg': 6.365777758267716, 'pop_amp': 2.961111777365113, 'pop_peak': 698.7079824894287, 'pop_sig': 1.5539519058031415, 'fuel_k': 0.38495183693999885, 'fuel_half': 0.15261281356982465}. Best is trial 0 with value: -0.6094076133578652.
[I 2026-08-19 14:27:26,679] Trial 53 finished with value: -0.3554625854118624 and parameters: {'k1': 0.0015224791992022382, 'D_low': 729.4553938436097, 'k2': 0.001145316064097231, 'D_high': 6456000.295926261, 'fire_exp': 1.2297843909783746, 'P_half': 37.87788310845995, 'pre_dampen_half': 18.42154383945442, 'gpp_af': 0.031117498918608204, 'gpp_b': 4.1900792488097134e-05, 'gpp_d': 129.33504365228117, 'ign_k': 3.961089292432223, 'ign_c': 70.65272177079837, 'trop_agb_crit': 13.584997231798718, 'trop_k_veg': 2.620755133538963, 'pop_amp': 0.0019577116541514327, 'pop_peak': 65.71493947553846, 'pop_sig': 0.7153859894164322, 'fuel_k': 0.594472656722762, 'fuel_half': 0.6746148897132079}. Best is trial 0 with value: -0.6094076133578652.
[I 2026-08-19 14:27:30,483] Trial 54 finished with value: -0.530665074336757 and parameters: {'k1': 0.00019512958924868426, 'D_low': 451.6437996730449, 'k2': 0.00013172395194742682, 'D_high': 8200381.446822907, 'fire_exp': 1.55347719206389, 'P_half': 4450.2670236254, 'pre_dampen_half': 0.05003198799006916, 'gpp_af': 0.08367051839304997, 'gpp_b': 2.3264337065877267e-05, 'gpp_d': 1.5207903366283237, 'ign_k': 0.8254280582581323, 'ign_c': 4.5658732663717165, 'trop_agb_crit': 7.609114234407192, 'trop_k_veg': 7.592609944686639, 'pop_amp': 6.795448379364617, 'pop_peak': 224.6835106492734, 'pop_sig': 1.8195481755705445, 'fuel_k': 4.729498485412793, 'fuel_half': 0.23838978742346784}. Best is trial 0 with value: -0.6094076133578652.
[I 2026-08-19 14:27:34,232] Trial 55 finished with value: -0.29899328067353825 and parameters: {'k1': 0.001044328374868774, 'D_low': 250.1675139625564, 'k2': 0.0002529914443994615, 'D_high': 3165564.428796632, 'fire_exp': 1.6259592948567787, 'P_half': 527.0793952532791, 'pre_dampen_half': 20.651119948804073, 'gpp_af': 0.0975669280840343, 'gpp_b': 0.0009166243532009392, 'gpp_d': 931.6430059289522, 'ign_k': 0.7905553861288476, 'ign_c': 4.754082878729843, 'trop_agb_crit': 27.055962821653218, 'trop_k_veg': 5.100175833299107, 'pop_amp': 7.462954212744831, 'pop_peak': 7.3976195456847025, 'pop_sig': 2.279221250018733, 'fuel_k': 0.4412142004147626, 'fuel_half': 0.13319976679479048}. Best is trial 0 with value: -0.6094076133578652.
[I 2026-08-19 14:27:38,288] Trial 56 finished with value: -0.3554625854118624 and parameters: {'k1': 7.601719117239539e-05, 'D_low': 581052.5063161036, 'k2': 1.8997155070933976e-05, 'D_high': 1675655.5097118022, 'fire_exp': 1.146121664469985, 'P_half': 15.852054122287978, 'pre_dampen_half': 3.7706293250850065, 'gpp_af': 0.04377723260949268, 'gpp_b': 0.0012786930839574706, 'gpp_d': 0.34179500740637936, 'ign_k': 2.894290925027914, 'ign_c': 61.386155984003416, 'trop_agb_crit': 18.972460037840847, 'trop_k_veg': 3.8274393602641106, 'pop_amp': 0.00120196516716205, 'pop_peak': 1.4850126092623028, 'pop_sig': 1.6624169395156332, 'fuel_k': 1.015826149844329, 'fuel_half': 0.13569521386334157}. Best is trial 0 with value: -0.6094076133578652.
